<?xml version="1.0" encoding="UTF-8"?>
<testsuites name="New Registration" time="6185" tests="0" failures="8" errors="0">
   <testsuite name="New Registration" tests="0" failures="8" errors="0" time="6185" timestamp="2018-12-13 00:04:26" hostname="Admin - Win7Test02" id="Test Suites/Workflow/New Registration">
      <properties>
         <property name="deviceName" value=""/>
         <property name="devicePlatform" value=""/>
         <property name="logFolder" value="C:\\Users\\Admin\\Desktop\\PKS\\Perkeso Phase A\\Reports\\Workflow\\New Registration\\20181212_204826"/>
         <property name="logFiles" value="C:\\Users\\Admin\\Desktop\\PKS\\Perkeso Phase A\\Reports\\Workflow\\New Registration\\20181212_204826\\execution0.log, C:\\Users\\Admin\\Desktop\\PKS\\Perkeso Phase A\\Reports\\Workflow\\New Registration\\20181212_204826\\execution1.log"/>
         <property name="attachments" value="C:\\Users\\Admin\\Desktop\\PKS\\Perkeso Phase A\\Reports\\Workflow\\New Registration\\20181212_204826\\1544631026587.png, C:\\Users\\Admin\\Desktop\\PKS\\Perkeso Phase A\\Reports\\Workflow\\New Registration\\20181212_204826\\1544631066680.png, C:\\Users\\Admin\\Desktop\\PKS\\Perkeso Phase A\\Reports\\Workflow\\New Registration\\20181212_204826\\1544631117816.png, C:\\Users\\Admin\\Desktop\\PKS\\Perkeso Phase A\\Reports\\Workflow\\New Registration\\20181212_204826\\1544631151316.png, C:\\Users\\Admin\\Desktop\\PKS\\Perkeso Phase A\\Reports\\Workflow\\New Registration\\20181212_204826\\1544631184261.png, C:\\Users\\Admin\\Desktop\\PKS\\Perkeso Phase A\\Reports\\Workflow\\New Registration\\20181212_204826\\1544631217726.png, C:\\Users\\Admin\\Desktop\\PKS\\Perkeso Phase A\\Reports\\Workflow\\New Registration\\20181212_204826\\1544631251113.png, C:\\Users\\Admin\\Desktop\\PKS\\Perkeso Phase A\\Reports\\Workflow\\New Registration\\20181212_204826\\1544631284319.png, C:\\Users\\Admin\\Desktop\\PKS\\Perkeso Phase A\\Reports\\Workflow\\New Registration\\20181212_204826\\1544631315716.png, C:\\Users\\Admin\\Desktop\\PKS\\Perkeso Phase A\\Reports\\Workflow\\New Registration\\20181212_204826\\1544631347352.png, C:\\Users\\Admin\\Desktop\\PKS\\Perkeso Phase A\\Reports\\Workflow\\New Registration\\20181212_204826\\1544631381851.png, C:\\Users\\Admin\\Desktop\\PKS\\Perkeso Phase A\\Reports\\Workflow\\New Registration\\20181212_204826\\1544631414738.png, C:\\Users\\Admin\\Desktop\\PKS\\Perkeso Phase A\\Reports\\Workflow\\New Registration\\20181212_204826\\1544631548915.png, C:\\Users\\Admin\\Desktop\\PKS\\Perkeso Phase A\\Reports\\Workflow\\New Registration\\20181212_204826\\1544631583225.png, C:\\Users\\Admin\\Desktop\\PKS\\Perkeso Phase A\\Reports\\Workflow\\New Registration\\20181212_204826\\1544631964878.png, C:\\Users\\Admin\\Desktop\\PKS\\Perkeso Phase A\\Reports\\Workflow\\New Registration\\20181212_204826\\1544632384914.png, C:\\Users\\Admin\\Desktop\\PKS\\Perkeso Phase A\\Reports\\Workflow\\New Registration\\20181212_204826\\1544632425422.png, C:\\Users\\Admin\\Desktop\\PKS\\Perkeso Phase A\\Reports\\Workflow\\New Registration\\20181212_204826\\1544632476880.png, C:\\Users\\Admin\\Desktop\\PKS\\Perkeso Phase A\\Reports\\Workflow\\New Registration\\20181212_204826\\1544632510369.png, C:\\Users\\Admin\\Desktop\\PKS\\Perkeso Phase A\\Reports\\Workflow\\New Registration\\20181212_204826\\1544632543333.png, C:\\Users\\Admin\\Desktop\\PKS\\Perkeso Phase A\\Reports\\Workflow\\New Registration\\20181212_204826\\1544632576804.png, C:\\Users\\Admin\\Desktop\\PKS\\Perkeso Phase A\\Reports\\Workflow\\New Registration\\20181212_204826\\1544632610265.png, C:\\Users\\Admin\\Desktop\\PKS\\Perkeso Phase A\\Reports\\Workflow\\New Registration\\20181212_204826\\1544632645505.png, C:\\Users\\Admin\\Desktop\\PKS\\Perkeso Phase A\\Reports\\Workflow\\New Registration\\20181212_204826\\1544632676886.png, C:\\Users\\Admin\\Desktop\\PKS\\Perkeso Phase A\\Reports\\Workflow\\New Registration\\20181212_204826\\1544632710523.png, C:\\Users\\Admin\\Desktop\\PKS\\Perkeso Phase A\\Reports\\Workflow\\New Registration\\20181212_204826\\1544632744977.png, C:\\Users\\Admin\\Desktop\\PKS\\Perkeso Phase A\\Reports\\Workflow\\New Registration\\20181212_204826\\1544632777882.png, C:\\Users\\Admin\\Desktop\\PKS\\Perkeso Phase A\\Reports\\Workflow\\New Registration\\20181212_204826\\1544632914559.png, C:\\Users\\Admin\\Desktop\\PKS\\Perkeso Phase A\\Reports\\Workflow\\New Registration\\20181212_204826\\1544632948814.png, C:\\Users\\Admin\\Desktop\\PKS\\Perkeso Phase A\\Reports\\Workflow\\New Registration\\20181212_204826\\1544633329885.png, C:\\Users\\Admin\\Desktop\\PKS\\Perkeso Phase A\\Reports\\Workflow\\New Registration\\20181212_204826\\1544633919863.png, C:\\Users\\Admin\\Desktop\\PKS\\Perkeso Phase A\\Reports\\Workflow\\New Registration\\20181212_204826\\1544633960446.png, C:\\Users\\Admin\\Desktop\\PKS\\Perkeso Phase A\\Reports\\Workflow\\New Registration\\20181212_204826\\1544634011501.png, C:\\Users\\Admin\\Desktop\\PKS\\Perkeso Phase A\\Reports\\Workflow\\New Registration\\20181212_204826\\1544634044852.png, C:\\Users\\Admin\\Desktop\\PKS\\Perkeso Phase A\\Reports\\Workflow\\New Registration\\20181212_204826\\1544634077728.png, C:\\Users\\Admin\\Desktop\\PKS\\Perkeso Phase A\\Reports\\Workflow\\New Registration\\20181212_204826\\1544634111124.png, C:\\Users\\Admin\\Desktop\\PKS\\Perkeso Phase A\\Reports\\Workflow\\New Registration\\20181212_204826\\1544634144530.png, C:\\Users\\Admin\\Desktop\\PKS\\Perkeso Phase A\\Reports\\Workflow\\New Registration\\20181212_204826\\1544634177714.png, C:\\Users\\Admin\\Desktop\\PKS\\Perkeso Phase A\\Reports\\Workflow\\New Registration\\20181212_204826\\1544634209077.png, C:\\Users\\Admin\\Desktop\\PKS\\Perkeso Phase A\\Reports\\Workflow\\New Registration\\20181212_204826\\1544634240696.png, C:\\Users\\Admin\\Desktop\\PKS\\Perkeso Phase A\\Reports\\Workflow\\New Registration\\20181212_204826\\1544634275286.png, C:\\Users\\Admin\\Desktop\\PKS\\Perkeso Phase A\\Reports\\Workflow\\New Registration\\20181212_204826\\1544634308139.png, C:\\Users\\Admin\\Desktop\\PKS\\Perkeso Phase A\\Reports\\Workflow\\New Registration\\20181212_204826\\1544634442886.png, C:\\Users\\Admin\\Desktop\\PKS\\Perkeso Phase A\\Reports\\Workflow\\New Registration\\20181212_204826\\1544634477114.png, C:\\Users\\Admin\\Desktop\\PKS\\Perkeso Phase A\\Reports\\Workflow\\New Registration\\20181212_204826\\1544635024824.png, C:\\Users\\Admin\\Desktop\\PKS\\Perkeso Phase A\\Reports\\Workflow\\New Registration\\20181212_204826\\1544635611260.png, C:\\Users\\Admin\\Desktop\\PKS\\Perkeso Phase A\\Reports\\Workflow\\New Registration\\20181212_204826\\1544636294016.png, C:\\Users\\Admin\\Desktop\\PKS\\Perkeso Phase A\\Reports\\Workflow\\New Registration\\20181212_204826\\1544636352089.png, C:\\Users\\Admin\\Desktop\\PKS\\Perkeso Phase A\\Reports\\Workflow\\New Registration\\20181212_204826\\1544636385490.png, C:\\Users\\Admin\\Desktop\\PKS\\Perkeso Phase A\\Reports\\Workflow\\New Registration\\20181212_204826\\1544636418303.png, C:\\Users\\Admin\\Desktop\\PKS\\Perkeso Phase A\\Reports\\Workflow\\New Registration\\20181212_204826\\1544636451663.png, C:\\Users\\Admin\\Desktop\\PKS\\Perkeso Phase A\\Reports\\Workflow\\New Registration\\20181212_204826\\1544636485014.png, C:\\Users\\Admin\\Desktop\\PKS\\Perkeso Phase A\\Reports\\Workflow\\New Registration\\20181212_204826\\1544636518189.png, C:\\Users\\Admin\\Desktop\\PKS\\Perkeso Phase A\\Reports\\Workflow\\New Registration\\20181212_204826\\1544636551536.png, C:\\Users\\Admin\\Desktop\\PKS\\Perkeso Phase A\\Reports\\Workflow\\New Registration\\20181212_204826\\1544636585137.png, C:\\Users\\Admin\\Desktop\\PKS\\Perkeso Phase A\\Reports\\Workflow\\New Registration\\20181212_204826\\1544636621611.png, C:\\Users\\Admin\\Desktop\\PKS\\Perkeso Phase A\\Reports\\Workflow\\New Registration\\20181212_204826\\1544636656385.png, C:\\Users\\Admin\\Desktop\\PKS\\Perkeso Phase A\\Reports\\Workflow\\New Registration\\20181212_204826\\1544636790676.png, C:\\Users\\Admin\\Desktop\\PKS\\Perkeso Phase A\\Reports\\Workflow\\New Registration\\20181212_204826\\1544636824931.png"/>
         <property name="hostName" value="Admin - Win7Test02"/>
         <property name="os" value="Windows 7 64bit"/>
         <property name="katalonVersion" value="5.8.6.1"/>
         <property name="browser" value="Chrome 70.0.3538.110"/>
         <property name="hostAddress" value="10.20.3.72"/>
         <property name="sessionId" value="0506a2c9d418baf86d215d4968c795f2"/>
         <property name="seleniumVersion" value="3.7.1"/>
         <property name="proxyInformation" value="ProxyInformation{proxyOption=NO_PROXY, proxyServerType=HTTP, password=, proxyServerAddress=, proxyServerPort=0}"/>
         <property name="platform" value="Windows 7"/>
      </properties>
      <testcase name="Test Cases/Final Aug 2018 - PKS Automation/Registration Module/Workflow/New Registration/Case OTC to RO - Query - Submit" classname="Test Cases/Final Aug 2018 - PKS Automation/Registration Module/Workflow/New Registration/Case OTC to RO - Query - Submit" status="FAILED">
         <failure type="FAILED" message="(Stack trace: com.kms.katalon.core.exception.StepFailedException: Unable to set text 'CRN12201800123251' of object 'Object Repository/Final Object Repo/New Registration - Registration Module Pages/New Reg - OTC to RO/Special Case - All Related Objects/TextBox RefNo in Workbasket' (Root cause: org.openqa.selenium.ElementNotVisibleException: element not interactable
  (Session info: chrome=70.0.3538.110)
  (Driver info: chromedriver=2.43.600210 (68dcf5eebde37173d4027fa8635e332711d2874a),platform=Windows NT 6.1.7601 SP1 x86_64) (WARNING: The server did not provide any stacktrace information)
Command duration or timeout: 0 milliseconds
Build info: version: '3.7.1', revision: '8a0099a', time: '2017-11-06T21:07:36.161Z'
System info: host: 'WIN7TEST02', ip: '10.20.3.72', os.name: 'Windows 7', os.arch: 'amd64', os.version: '6.1', java.version: '1.8.0_181'
Driver info: com.kms.katalon.selenium.driver.CChromeDriver
Capabilities {acceptInsecureCerts: false, acceptSslCerts: false, applicationCacheEnabled: false, browserConnectionEnabled: false, browserName: chrome, chrome: {chromedriverVersion: 2.43.600210 (68dcf5eebde371..., userDataDir: C:\Users\Admin\AppData\Loca...}, cssSelectorsEnabled: true, databaseEnabled: false, goog:chromeOptions: {debuggerAddress: localhost:59373}, handlesAlerts: true, hasTouchScreen: false, javascriptEnabled: true, locationContextEnabled: true, mobileEmulationEnabled: false, nativeEvents: true, networkConnectionEnabled: false, pageLoadStrategy: normal, platform: XP, platformName: XP, rotatable: false, setWindowRect: true, takesHeapSnapshot: true, takesScreenshot: true, unexpectedAlertBehaviour: , unhandledPromptBehavior: , version: 70.0.3538.110, webStorageEnabled: true}
Session ID: d532156bde692105c8366a41ef384fb4)
	at com.kms.katalon.core.keyword.internal.KeywordMain.stepFailed(KeywordMain.groovy:32)
	at com.kms.katalon.core.webui.keyword.internal.WebUIKeywordMain.stepFailed(WebUIKeywordMain.groovy:65)
	at com.kms.katalon.core.webui.keyword.internal.WebUIKeywordMain.runKeyword(WebUIKeywordMain.groovy:27)
	at com.kms.katalon.core.webui.keyword.builtin.SetTextKeyword.setText(SetTextKeyword.groovy:65)
	at com.kms.katalon.core.webui.keyword.builtin.SetTextKeyword.execute(SetTextKeyword.groovy:37)
	at com.kms.katalon.core.keyword.internal.KeywordExecutor.executeKeywordForPlatform(KeywordExecutor.groovy:53)
	at com.kms.katalon.core.webui.keyword.WebUiBuiltInKeywords.setText(WebUiBuiltInKeywords.groovy:950)
	at com.kms.katalon.core.webui.keyword.WebUiBuiltInKeywords$setText$1.call(Unknown Source)
	at org.codehaus.groovy.runtime.callsite.CallSiteArray.defaultCall(CallSiteArray.java:48)
	at org.codehaus.groovy.runtime.callsite.AbstractCallSite.call(AbstractCallSite.java:113)
	at org.codehaus.groovy.runtime.callsite.AbstractCallSite.call(AbstractCallSite.java:133)
	at Script1535599386194.run(Script1535599386194.groovy:73)
	at com.kms.katalon.core.main.ScriptEngine.run(ScriptEngine.java:183)
	at com.kms.katalon.core.main.ScriptEngine.runScriptAsRawText(ScriptEngine.java:108)
	at com.kms.katalon.core.main.TestCaseExecutor.runScript(TestCaseExecutor.java:294)
	at com.kms.katalon.core.main.TestCaseExecutor.doExecute(TestCaseExecutor.java:285)
	at com.kms.katalon.core.main.TestCaseExecutor.processExecutionPhase(TestCaseExecutor.java:264)
	at com.kms.katalon.core.main.TestCaseExecutor.accessMainPhase(TestCaseExecutor.java:256)
	at com.kms.katalon.core.main.TestCaseExecutor.execute(TestCaseExecutor.java:200)
	at com.kms.katalon.core.main.TestSuiteExecutor.accessTestCaseMainPhase(TestSuiteExecutor.java:129)
	at com.kms.katalon.core.main.TestSuiteExecutor.accessTestSuiteMainPhase(TestSuiteExecutor.java:112)
	at com.kms.katalon.core.main.TestSuiteExecutor.execute(TestSuiteExecutor.java:81)
	at com.kms.katalon.core.main.TestCaseMain.startTestSuite(TestCaseMain.java:142)
	at com.kms.katalon.core.main.TestCaseMain$startTestSuite$0.call(Unknown Source)
	at org.codehaus.groovy.runtime.callsite.CallSiteArray.defaultCall(CallSiteArray.java:48)
	at org.codehaus.groovy.runtime.callsite.AbstractCallSite.call(AbstractCallSite.java:113)
	at org.codehaus.groovy.runtime.callsite.AbstractCallSite.call(AbstractCallSite.java:141)
	at TempTestSuite1544618906888.run(TempTestSuite1544618906888.groovy:36)
	at groovy.lang.GroovyShell.runScriptOrMainOrTestOrRunnable(GroovyShell.java:263)
	at groovy.lang.GroovyShell.run(GroovyShell.java:518)
	at groovy.lang.GroovyShell.run(GroovyShell.java:507)
	at groovy.ui.GroovyMain.processOnce(GroovyMain.java:653)
	at groovy.ui.GroovyMain.run(GroovyMain.java:384)
	at groovy.ui.GroovyMain.process(GroovyMain.java:370)
	at groovy.ui.GroovyMain.processArgs(GroovyMain.java:129)
	at groovy.ui.GroovyMain.main(GroovyMain.java:109)
	at sun.reflect.NativeMethodAccessorImpl.invoke0(Native Method)
	at sun.reflect.NativeMethodAccessorImpl.invoke(NativeMethodAccessorImpl.java:62)
	at sun.reflect.DelegatingMethodAccessorImpl.invoke(DelegatingMethodAccessorImpl.java:43)
	at java.lang.reflect.Method.invoke(Method.java:498)
	at org.codehaus.groovy.tools.GroovyStarter.rootLoader(GroovyStarter.java:109)
	at org.codehaus.groovy.tools.GroovyStarter.main(GroovyStarter.java:131)
)"/>
         <system-out><![CDATA[2018-12-13 00:04:27 - [TEST_CASE][FAILED] - Test Cases/Final Aug 2018 - PKS Automation/Registration Module/Workflow/New Registration/Case OTC to RO - Query - Submit: Test Cases/Final Aug 2018 - PKS Automation/Registration Module/Workflow/New Registration/Case OTC to RO - Query - Submit FAILED because (of) (Stack trace: com.kms.katalon.core.exception.StepFailedException: Unable to set text 'CRN12201800123251' of object 'Object Repository/Final Object Repo/New Registration - Registration Module Pages/New Reg - OTC to RO/Special Case - All Related Objects/TextBox RefNo in Workbasket' (Root cause: org.openqa.selenium.ElementNotVisibleException: element not interactable
  (Session info: chrome=70.0.3538.110)
  (Driver info: chromedriver=2.43.600210 (68dcf5eebde37173d4027fa8635e332711d2874a),platform=Windows NT 6.1.7601 SP1 x86_64) (WARNING: The server did not provide any stacktrace information)
Command duration or timeout: 0 milliseconds
Build info: version: '3.7.1', revision: '8a0099a', time: '2017-11-06T21:07:36.161Z'
System info: host: 'WIN7TEST02', ip: '10.20.3.72', os.name: 'Windows 7', os.arch: 'amd64', os.version: '6.1', java.version: '1.8.0_181'
Driver info: com.kms.katalon.selenium.driver.CChromeDriver
Capabilities {acceptInsecureCerts: false, acceptSslCerts: false, applicationCacheEnabled: false, browserConnectionEnabled: false, browserName: chrome, chrome: {chromedriverVersion: 2.43.600210 (68dcf5eebde371..., userDataDir: C:\Users\Admin\AppData\Loca...}, cssSelectorsEnabled: true, databaseEnabled: false, goog:chromeOptions: {debuggerAddress: localhost:59373}, handlesAlerts: true, hasTouchScreen: false, javascriptEnabled: true, locationContextEnabled: true, mobileEmulationEnabled: false, nativeEvents: true, networkConnectionEnabled: false, pageLoadStrategy: normal, platform: XP, platformName: XP, rotatable: false, setWindowRect: true, takesHeapSnapshot: true, takesScreenshot: true, unexpectedAlertBehaviour: , unhandledPromptBehavior: , version: 70.0.3538.110, webStorageEnabled: true}
Session ID: d532156bde692105c8366a41ef384fb4)
	at com.kms.katalon.core.keyword.internal.KeywordMain.stepFailed(KeywordMain.groovy:32)
	at com.kms.katalon.core.webui.keyword.internal.WebUIKeywordMain.stepFailed(WebUIKeywordMain.groovy:65)
	at com.kms.katalon.core.webui.keyword.internal.WebUIKeywordMain.runKeyword(WebUIKeywordMain.groovy:27)
	at com.kms.katalon.core.webui.keyword.builtin.SetTextKeyword.setText(SetTextKeyword.groovy:65)
	at com.kms.katalon.core.webui.keyword.builtin.SetTextKeyword.execute(SetTextKeyword.groovy:37)
	at com.kms.katalon.core.keyword.internal.KeywordExecutor.executeKeywordForPlatform(KeywordExecutor.groovy:53)
	at com.kms.katalon.core.webui.keyword.WebUiBuiltInKeywords.setText(WebUiBuiltInKeywords.groovy:950)
	at com.kms.katalon.core.webui.keyword.WebUiBuiltInKeywords$setText$1.call(Unknown Source)
	at org.codehaus.groovy.runtime.callsite.CallSiteArray.defaultCall(CallSiteArray.java:48)
	at org.codehaus.groovy.runtime.callsite.AbstractCallSite.call(AbstractCallSite.java:113)
	at org.codehaus.groovy.runtime.callsite.AbstractCallSite.call(AbstractCallSite.java:133)
	at Script1535599386194.run(Script1535599386194.groovy:73)
	at com.kms.katalon.core.main.ScriptEngine.run(ScriptEngine.java:183)
	at com.kms.katalon.core.main.ScriptEngine.runScriptAsRawText(ScriptEngine.java:108)
	at com.kms.katalon.core.main.TestCaseExecutor.runScript(TestCaseExecutor.java:294)
	at com.kms.katalon.core.main.TestCaseExecutor.doExecute(TestCaseExecutor.java:285)
	at com.kms.katalon.core.main.TestCaseExecutor.processExecutionPhase(TestCaseExecutor.java:264)
	at com.kms.katalon.core.main.TestCaseExecutor.accessMainPhase(TestCaseExecutor.java:256)
	at com.kms.katalon.core.main.TestCaseExecutor.execute(TestCaseExecutor.java:200)
	at com.kms.katalon.core.main.TestSuiteExecutor.accessTestCaseMainPhase(TestSuiteExecutor.java:129)
	at com.kms.katalon.core.main.TestSuiteExecutor.accessTestSuiteMainPhase(TestSuiteExecutor.java:112)
	at com.kms.katalon.core.main.TestSuiteExecutor.execute(TestSuiteExecutor.java:81)
	at com.kms.katalon.core.main.TestCaseMain.startTestSuite(TestCaseMain.java:142)
	at com.kms.katalon.core.main.TestCaseMain$startTestSuite$0.call(Unknown Source)
	at org.codehaus.groovy.runtime.callsite.CallSiteArray.defaultCall(CallSiteArray.java:48)
	at org.codehaus.groovy.runtime.callsite.AbstractCallSite.call(AbstractCallSite.java:113)
	at org.codehaus.groovy.runtime.callsite.AbstractCallSite.call(AbstractCallSite.java:141)
	at TempTestSuite1544618906888.run(TempTestSuite1544618906888.groovy:36)
	at groovy.lang.GroovyShell.runScriptOrMainOrTestOrRunnable(GroovyShell.java:263)
	at groovy.lang.GroovyShell.run(GroovyShell.java:518)
	at groovy.lang.GroovyShell.run(GroovyShell.java:507)
	at groovy.ui.GroovyMain.processOnce(GroovyMain.java:653)
	at groovy.ui.GroovyMain.run(GroovyMain.java:384)
	at groovy.ui.GroovyMain.process(GroovyMain.java:370)
	at groovy.ui.GroovyMain.processArgs(GroovyMain.java:129)
	at groovy.ui.GroovyMain.main(GroovyMain.java:109)
	at sun.reflect.NativeMethodAccessorImpl.invoke0(Native Method)
	at sun.reflect.NativeMethodAccessorImpl.invoke(NativeMethodAccessorImpl.java:62)
	at sun.reflect.DelegatingMethodAccessorImpl.invoke(DelegatingMethodAccessorImpl.java:43)
	at java.lang.reflect.Method.invoke(Method.java:498)
	at org.codehaus.groovy.tools.GroovyStarter.rootLoader(GroovyStarter.java:109)
	at org.codehaus.groovy.tools.GroovyStarter.main(GroovyStarter.java:131)
)

2018-12-13 00:04:27 - [TEST_STEP][PASSED] - callTestCase: Call Test Case 'Test Cases/Final Aug 2018 - PKS Automation/Registration Module/Workflow/New Registration/Template/Special Case - OTC - Form 1' successfully

2018-12-13 00:04:27 - [TEST_CASE][PASSED] - Test Cases/Final Aug 2018 - PKS Automation/Registration Module/Workflow/New Registration/Template/Special Case - OTC - Form 1: Test Cases/Final Aug 2018 - PKS Automation/Registration Module/Workflow/New Registration/Template/Special Case - OTC - Form 1

2018-12-13 00:04:28 - [TEST_STEP][PASSED] - openBrowser: Browser is opened with url: ''

2018-12-13 00:04:32 - [MESSAGE][PASSED] - Browser is opened with url: ''

2018-12-13 00:04:32 - [TEST_STEP][PASSED] - navigateToUrl: Navigate to 'https://assist2-uat.perkeso.gov.my/login' successfully

2018-12-13 00:04:34 - [MESSAGE][PASSED] - Navigate to 'https://assist2-uat.perkeso.gov.my/login' successfully

2018-12-13 00:04:34 - [TEST_STEP][PASSED] - delay: Delayed 2 second(s)

2018-12-13 00:04:36 - [MESSAGE][PASSED] - Delayed 2 second(s)

2018-12-13 00:04:36 - [TEST_STEP][PASSED] - setText: Text 'klotc2@gmail.com' is set on object 'Object Repository/Final Object Repo/Login Page/Internal User/Email Address'

2018-12-13 00:04:36 - [MESSAGE][PASSED] - Text 'klotc2@gmail.com' is set on object 'Object Repository/Final Object Repo/Login Page/Internal User/Email Address'

2018-12-13 00:04:36 - [TEST_STEP][PASSED] - click: Object: 'Object Repository/Final Object Repo/Login Page/Internal User/Next Button' is clicked on

2018-12-13 00:04:36 - [MESSAGE][PASSED] - Object: 'Object Repository/Final Object Repo/Login Page/Internal User/Next Button' is clicked on

2018-12-13 00:04:36 - [TEST_STEP][PASSED] - delay: Delayed 2 second(s)

2018-12-13 00:04:38 - [MESSAGE][PASSED] - Delayed 2 second(s)

2018-12-13 00:04:38 - [TEST_STEP][PASSED] - setText: Text 'Test1@3456789' is set on object 'Object Repository/Final Object Repo/Login Page/Internal User/Password'

2018-12-13 00:04:39 - [MESSAGE][PASSED] - Text 'Test1@3456789' is set on object 'Object Repository/Final Object Repo/Login Page/Internal User/Password'

2018-12-13 00:04:39 - [TEST_STEP][PASSED] - delay: Delayed 2 second(s)

2018-12-13 00:04:41 - [MESSAGE][PASSED] - Delayed 2 second(s)

2018-12-13 00:04:41 - [TEST_STEP][PASSED] - click: Object: 'Object Repository/Final Object Repo/Login Page/Internal User/Login Button' is clicked on

2018-12-13 00:04:41 - [MESSAGE][PASSED] - Object: 'Object Repository/Final Object Repo/Login Page/Internal User/Login Button' is clicked on

2018-12-13 00:04:41 - [TEST_STEP][PASSED] - Statement - Try: null

2018-12-13 00:04:41 - [TEST_STEP][PASSED] - Statement - Checker = com.kms.katalon.core.webui.keyword.WebUiBuiltInKeywords.verifyElementNotPresent("Final Object Repo/Landing Page/Select to English", 3): null

2018-12-13 00:04:41 - [TEST_STEP][PASSED] - Statement - Catch (Exception e): null

2018-12-13 00:04:41 - [TEST_STEP][PASSED] - Statement - e.printStackTrace(): null

2018-12-13 00:04:41 - [TEST_STEP][PASSED] - delay: Delayed 5 second(s)

2018-12-13 00:04:46 - [MESSAGE][PASSED] - Delayed 5 second(s)

2018-12-13 00:04:46 - [TEST_STEP][PASSED] - click: Object: 'Object Repository/Final Object Repo/Landing Page/My Sites Drop Down' is clicked on

2018-12-13 00:04:46 - [MESSAGE][PASSED] - Object: 'Object Repository/Final Object Repo/Landing Page/My Sites Drop Down' is clicked on

2018-12-13 00:04:46 - [TEST_STEP][PASSED] - click: Object: 'Object Repository/Final Object Repo/Landing Page/Select to Registration Module' is clicked on

2018-12-13 00:04:47 - [MESSAGE][PASSED] - Object: 'Object Repository/Final Object Repo/Landing Page/Select to Registration Module' is clicked on

2018-12-13 00:04:47 - [TEST_STEP][PASSED] - click: Object: 'Object Repository/Final Object Repo/Landing Page/Registration Button' is clicked on

2018-12-13 00:04:48 - [MESSAGE][PASSED] - Object: 'Object Repository/Final Object Repo/Landing Page/Registration Button' is clicked on

2018-12-13 00:04:48 - [TEST_STEP][PASSED] - delay: Delayed 2 second(s)

2018-12-13 00:04:50 - [MESSAGE][PASSED] - Delayed 2 second(s)

2018-12-13 00:04:50 - [TEST_STEP][PASSED] - click: Object: 'Object Repository/Final Object Repo/New Registration - Registration Module Pages/New Reg - OTC to RO/Special Case - OTC - Form 1/AEC NO' is clicked on

2018-12-13 00:04:51 - [MESSAGE][PASSED] - Object: 'Object Repository/Final Object Repo/New Registration - Registration Module Pages/New Reg - OTC to RO/Special Case - OTC - Form 1/AEC NO' is clicked on

2018-12-13 00:04:51 - [TEST_STEP][PASSED] - click: Object: 'Object Repository/Final Object Repo/New Registration - Registration Module Pages/New Reg - OTC to RO/Special Case - OTC - Form 1/Business Entity - Please Select' is clicked on

2018-12-13 00:04:51 - [MESSAGE][PASSED] - Object: 'Object Repository/Final Object Repo/New Registration - Registration Module Pages/New Reg - OTC to RO/Special Case - OTC - Form 1/Business Entity - Please Select' is clicked on

2018-12-13 00:04:51 - [TEST_STEP][PASSED] - click: Object: 'Object Repository/Final Object Repo/New Registration - Registration Module Pages/New Reg - OTC to RO/Special Case - OTC - Form 1/Selected - Corporation' is clicked on

2018-12-13 00:04:51 - [MESSAGE][PASSED] - Object: 'Object Repository/Final Object Repo/New Registration - Registration Module Pages/New Reg - OTC to RO/Special Case - OTC - Form 1/Selected - Corporation' is clicked on

2018-12-13 00:04:51 - [TEST_STEP][PASSED] - delay: Delayed 2 second(s)

2018-12-13 00:04:53 - [MESSAGE][PASSED] - Delayed 2 second(s)

2018-12-13 00:04:53 - [TEST_STEP][PASSED] - click: Object: 'Object Repository/Final Object Repo/New Registration - Registration Module Pages/New Reg - OTC to RO/Special Case - OTC - Form 1/Sub Business Entity - Please Select' is clicked on

2018-12-13 00:04:53 - [MESSAGE][PASSED] - Object: 'Object Repository/Final Object Repo/New Registration - Registration Module Pages/New Reg - OTC to RO/Special Case - OTC - Form 1/Sub Business Entity - Please Select' is clicked on

2018-12-13 00:04:53 - [TEST_STEP][PASSED] - delay: Delayed 2 second(s)

2018-12-13 00:04:55 - [MESSAGE][PASSED] - Delayed 2 second(s)

2018-12-13 00:04:55 - [TEST_STEP][PASSED] - click: Object: 'Object Repository/Final Object Repo/New Registration - Registration Module Pages/New Reg - OTC to RO/Special Case - OTC - Form 1/Selected - Sendirian Berhad' is clicked on

2018-12-13 00:04:55 - [MESSAGE][PASSED] - Object: 'Object Repository/Final Object Repo/New Registration - Registration Module Pages/New Reg - OTC to RO/Special Case - OTC - Form 1/Selected - Sendirian Berhad' is clicked on

2018-12-13 00:04:55 - [TEST_STEP][PASSED] - setText: Text 'AUTOMATE001' is set on object 'Object Repository/Final Object Repo/New Registration - Registration Module Pages/New Reg - OTC to RO/Special Case - OTC - Form 1/Input BRN Number'

2018-12-13 00:04:56 - [MESSAGE][PASSED] - Text 'AUTOMATE001' is set on object 'Object Repository/Final Object Repo/New Registration - Registration Module Pages/New Reg - OTC to RO/Special Case - OTC - Form 1/Input BRN Number'

2018-12-13 00:04:56 - [TEST_STEP][PASSED] - delay: Delayed 2 second(s)

2018-12-13 00:04:58 - [MESSAGE][PASSED] - Delayed 2 second(s)

2018-12-13 00:04:58 - [TEST_STEP][PASSED] - click: Object: 'Object Repository/Final Object Repo/New Registration - Registration Module Pages/New Reg - OTC to RO/Special Case - OTC - Form 1/BRN Search' is clicked on

2018-12-13 00:04:58 - [MESSAGE][PASSED] - Object: 'Object Repository/Final Object Repo/New Registration - Registration Module Pages/New Reg - OTC to RO/Special Case - OTC - Form 1/BRN Search' is clicked on

2018-12-13 00:04:58 - [TEST_STEP][PASSED] - delay: Delayed 4 second(s)

2018-12-13 00:05:02 - [MESSAGE][PASSED] - Delayed 4 second(s)

2018-12-13 00:05:02 - [TEST_STEP][PASSED] - click: Object: 'Object Repository/Final Object Repo/New Registration - Registration Module Pages/New Reg - OTC to RO/Special Case - OTC - Form 1/Registered with SSM - After Feb 2017' is clicked on

2018-12-13 00:05:02 - [MESSAGE][PASSED] - Object: 'Object Repository/Final Object Repo/New Registration - Registration Module Pages/New Reg - OTC to RO/Special Case - OTC - Form 1/Registered with SSM - After Feb 2017' is clicked on

2018-12-13 00:05:02 - [TEST_STEP][PASSED] - delay: Delayed 2 second(s)

2018-12-13 00:05:04 - [MESSAGE][PASSED] - Delayed 2 second(s)

2018-12-13 00:05:04 - [TEST_STEP][PASSED] - click: Object: 'Object Repository/Final Object Repo/New Registration - Registration Module Pages/New Reg - OTC to RO/Special Case - OTC - Form 1/Registering As A Branch - No' is clicked on

2018-12-13 00:05:04 - [MESSAGE][PASSED] - Object: 'Object Repository/Final Object Repo/New Registration - Registration Module Pages/New Reg - OTC to RO/Special Case - OTC - Form 1/Registering As A Branch - No' is clicked on

2018-12-13 00:05:04 - [TEST_STEP][PASSED] - click: Object: 'Object Repository/Final Object Repo/New Registration - Registration Module Pages/New Reg - OTC to RO/Special Case - OTC - Form 1/Acknowledgement Ticked' is clicked on

2018-12-13 00:05:05 - [MESSAGE][PASSED] - Object: 'Object Repository/Final Object Repo/New Registration - Registration Module Pages/New Reg - OTC to RO/Special Case - OTC - Form 1/Acknowledgement Ticked' is clicked on

2018-12-13 00:05:05 - [TEST_STEP][PASSED] - click: Object: 'Object Repository/Final Object Repo/New Registration - Registration Module Pages/New Reg - OTC to RO/Special Case - OTC - Form 1/Submit Button' is clicked on

2018-12-13 00:05:05 - [MESSAGE][PASSED] - Object: 'Object Repository/Final Object Repo/New Registration - Registration Module Pages/New Reg - OTC to RO/Special Case - OTC - Form 1/Submit Button' is clicked on

2018-12-13 00:05:05 - [TEST_STEP][PASSED] - delay: Delayed 2 second(s)

2018-12-13 00:05:07 - [MESSAGE][PASSED] - Delayed 2 second(s)

2018-12-13 00:05:07 - [TEST_STEP][PASSED] - click: Object: 'Object Repository/Final Object Repo/New Registration - Registration Module Pages/New Reg - OTC to RO/Special Case - OTC - Form 1/Confirm No Flagging as Branch' is clicked on

2018-12-13 00:05:07 - [MESSAGE][PASSED] - Object: 'Object Repository/Final Object Repo/New Registration - Registration Module Pages/New Reg - OTC to RO/Special Case - OTC - Form 1/Confirm No Flagging as Branch' is clicked on

2018-12-13 00:05:07 - [MESSAGE][PASSED] - Call Test Case 'Test Cases/Final Aug 2018 - PKS Automation/Registration Module/Workflow/New Registration/Template/Special Case - OTC - Form 1' successfully

2018-12-13 00:05:07 - [TEST_STEP][PASSED] - callTestCase: Call Test Case 'Test Cases/Final Aug 2018 - PKS Automation/Registration Module/New Registration/Form 2/Add 1 Eligible' successfully

2018-12-13 00:05:07 - [TEST_CASE][PASSED] - Test Cases/Final Aug 2018 - PKS Automation/Registration Module/New Registration/Form 2/Add 1 Eligible: Test Cases/Final Aug 2018 - PKS Automation/Registration Module/New Registration/Form 2/Add 1 Eligible

2018-12-13 00:05:07 - [TEST_STEP][PASSED] - delay: Delayed 2 second(s)

2018-12-13 00:05:09 - [MESSAGE][PASSED] - Delayed 2 second(s)

2018-12-13 00:05:09 - [TEST_STEP][PASSED] - callTestCase: Call Test Case 'Test Cases/Final Aug 2018 - PKS Automation/Registration Module/New Registration/Form 2/Date Updater' successfully

2018-12-13 00:05:09 - [TEST_CASE][PASSED] - Test Cases/Final Aug 2018 - PKS Automation/Registration Module/New Registration/Form 2/Date Updater: Test Cases/Final Aug 2018 - PKS Automation/Registration Module/New Registration/Form 2/Date Updater

2018-12-13 00:05:10 - [TEST_STEP][PASSED] - Statement - TodayDate = new java.util.Date(): null

2018-12-13 00:05:10 - [TEST_STEP][PASSED] - Statement - CurrentDateNoFilter = new java.text.SimpleDateFormat(): null

2018-12-13 00:05:10 - [TEST_STEP][PASSED] - Statement - CurrentDateNoFilter.applyPattern("MM"): null

2018-12-13 00:05:10 - [TEST_STEP][PASSED] - Statement - monthContainerMatcher = java.lang.Integer.parseInt(CurrentDateNoFilter.format(TodayDate)): null

2018-12-13 00:05:10 - [TEST_STEP][PASSED] - Statement - monthContainerMatcher = monthContainerMatcher - 1: null

2018-12-13 00:05:10 - [TEST_STEP][PASSED] - Statement - CurrentMonth = monthContainerMatcher.toString(): null

2018-12-13 00:05:10 - [TEST_STEP][PASSED] - Statement - CurrentMonth = CurrentMonth: null

2018-12-13 00:05:10 - [TEST_STEP][PASSED] - Statement - CurrentDateNoFilter.applyPattern("yyyy"): null

2018-12-13 00:05:10 - [TEST_STEP][PASSED] - Statement - CurrentYear = CurrentDateNoFilter.format(TodayDate): null

2018-12-13 00:05:10 - [TEST_STEP][PASSED] - Statement - CurrentYear = CurrentYear: null

2018-12-13 00:05:10 - [TEST_STEP][PASSED] - Statement - intCurrentYear = java.lang.Integer.parseInt(CurrentDateNoFilter.format(TodayDate)): null

2018-12-13 00:05:10 - [TEST_STEP][PASSED] - Statement - eighteenYrsAgo = intCurrentYear - 18: null

2018-12-13 00:05:10 - [TEST_STEP][PASSED] - Statement - eighteenYrsBeforeThisYr = eighteenYrsAgo.toString(): null

2018-12-13 00:05:10 - [TEST_STEP][PASSED] - Statement - EighteenYrsBefore = eighteenYrsBeforeThisYr: null

2018-12-13 00:05:10 - [TEST_STEP][PASSED] - Statement - fiftysevenYrsAgo = intCurrentYear - 57: null

2018-12-13 00:05:10 - [TEST_STEP][PASSED] - Statement - fiftysevenYrsBeforeThisYr = fiftysevenYrsAgo.toString(): null

2018-12-13 00:05:10 - [TEST_STEP][PASSED] - Statement - FiftysevenYrsBefore = fiftysevenYrsBeforeThisYr: null

2018-12-13 00:05:10 - [TEST_STEP][PASSED] - Statement - leapYear = false: null

2018-12-13 00:05:10 - [TEST_STEP][PASSED] - Statement - leapYear = intCurrentYear % 4 == 0: null

2018-12-13 00:05:10 - [TEST_STEP][PASSED] - Statement - CurrentDateNoFilter.applyPattern("dd"): null

2018-12-13 00:05:10 - [TEST_STEP][PASSED] - Statement - CurrentDate = CurrentDateNoFilter.format(TodayDate): null

2018-12-13 00:05:10 - [TEST_STEP][PASSED] - Statement - CurrentDate = java.lang.Integer.parseInt(CurrentDate): null

2018-12-13 00:05:10 - [TEST_STEP][PASSED] - Statement - CurrentDate = CurrentDate: null

2018-12-13 00:05:10 - [TEST_STEP][PASSED] - Statement - CurrentDay = java.lang.Integer.parseInt(CurrentDate): null

2018-12-13 00:05:10 - [TEST_STEP][PASSED] - Statement - ConfAdder = <not implemented yet for class: org.codehaus.groovy.ast.expr.EmptyExpression>: null

2018-12-13 00:05:10 - [TEST_STEP][PASSED] - Statement - out.println(CurrentMonth): null

2018-12-13 00:05:10 - [TEST_STEP][PASSED] - Statement - out.println(CurrentDate): null

2018-12-13 00:05:10 - [TEST_STEP][PASSED] - Statement - switch (CurrentDate): null

2018-12-13 00:05:10 - [TEST_STEP][PASSED] - Statement - Default: null

2018-12-13 00:05:10 - [TEST_STEP][PASSED] - Statement - ConfAdder = true: null

2018-12-13 00:05:10 - [TEST_STEP][PASSED] - Statement - Break: null

2018-12-13 00:05:10 - [TEST_STEP][PASSED] - Statement - aDayBefore = <not implemented yet for class: org.codehaus.groovy.ast.expr.EmptyExpression>: null

2018-12-13 00:05:10 - [TEST_STEP][PASSED] - Statement - out.println(ConfAdder): null

2018-12-13 00:05:10 - [TEST_STEP][PASSED] - Statement - If (ConfAdder == true): null

2018-12-13 00:05:10 - [TEST_STEP][PASSED] - Statement - aDayBefore = CurrentDay + 1: null

2018-12-13 00:05:10 - [TEST_STEP][PASSED] - Statement - out.println(aDayBefore): null

2018-12-13 00:05:10 - [TEST_STEP][PASSED] - Statement - If (aDayBefore == 1 && CurrentMonth == 11): null

2018-12-13 00:05:10 - [TEST_STEP][PASSED] - Statement - DayBefore = aDayBefore.toString(): null

2018-12-13 00:05:10 - [TEST_STEP][PASSED] - Statement - OneDayBefore = DayBefore: null

2018-12-13 00:05:10 - [MESSAGE][PASSED] - Call Test Case 'Test Cases/Final Aug 2018 - PKS Automation/Registration Module/New Registration/Form 2/Date Updater' successfully

2018-12-13 00:05:10 - [TEST_STEP][PASSED] - delay: Delayed 1 second(s)

2018-12-13 00:05:11 - [MESSAGE][PASSED] - Delayed 1 second(s)

2018-12-13 00:05:11 - [TEST_STEP][PASSED] - Statement - CaseReferenceNo = com.kms.katalon.core.webui.keyword.WebUiBuiltInKeywords.getText(com.kms.katalon.core.testobject.ObjectRepository.findTestObject(Final Object Repo/New Registration - Registration Module Pages/Form 2/RefNo Acquiring)): Text of object 'Object Repository/Final Object Repo/New Registration - Registration Module Pages/Form 2/RefNo Acquiring' is: 'CRN12201800123251'

2018-12-13 00:05:11 - [MESSAGE][PASSED] - Text of object 'Object Repository/Final Object Repo/New Registration - Registration Module Pages/Form 2/RefNo Acquiring' is: 'CRN12201800123251'

2018-12-13 00:05:11 - [TEST_STEP][PASSED] - delay: Delayed 1 second(s)

2018-12-13 00:05:12 - [MESSAGE][PASSED] - Delayed 1 second(s)

2018-12-13 00:05:12 - [TEST_STEP][PASSED] - click: Object: 'Object Repository/Final Object Repo/New Registration - Registration Module Pages/Form 2/Add Employee Button' is clicked on

2018-12-13 00:05:12 - [MESSAGE][PASSED] - Object: 'Object Repository/Final Object Repo/New Registration - Registration Module Pages/Form 2/Add Employee Button' is clicked on

2018-12-13 00:05:12 - [TEST_STEP][PASSED] - delay: Delayed 1 second(s)

2018-12-13 00:05:13 - [MESSAGE][PASSED] - Delayed 1 second(s)

2018-12-13 00:05:13 - [TEST_STEP][PASSED] - setText: Text '010903091963' is set on object 'Object Repository/Final Object Repo/New Registration - Registration Module Pages/Form 2/NRIC Input'

2018-12-13 00:05:14 - [MESSAGE][PASSED] - Text '010903091963' is set on object 'Object Repository/Final Object Repo/New Registration - Registration Module Pages/Form 2/NRIC Input'

2018-12-13 00:05:14 - [TEST_STEP][PASSED] - click: Object: 'Object Repository/Final Object Repo/New Registration - Registration Module Pages/Form 2/button for search for IC' is clicked on

2018-12-13 00:05:14 - [MESSAGE][PASSED] - Object: 'Object Repository/Final Object Repo/New Registration - Registration Module Pages/Form 2/button for search for IC' is clicked on

2018-12-13 00:05:14 - [TEST_STEP][PASSED] - delay: Delayed 2 second(s)

2018-12-13 00:05:16 - [MESSAGE][PASSED] - Delayed 2 second(s)

2018-12-13 00:05:16 - [TEST_STEP][PASSED] - setText: Text 'Automate001 eligible 1' is set on object 'Object Repository/Final Object Repo/New Registration - Registration Module Pages/Form 2/Employee Name Input'

2018-12-13 00:05:16 - [MESSAGE][PASSED] - Text 'Automate001 eligible 1' is set on object 'Object Repository/Final Object Repo/New Registration - Registration Module Pages/Form 2/Employee Name Input'

2018-12-13 00:05:16 - [TEST_STEP][PASSED] - delay: Delayed 2 second(s)

2018-12-13 00:05:18 - [MESSAGE][PASSED] - Delayed 2 second(s)

2018-12-13 00:05:18 - [TEST_STEP][PASSED] - click: Object: 'Object Repository/Final Object Repo/New Registration - Registration Module Pages/Form 2/DatePicker Pop Up' is clicked on

2018-12-13 00:05:19 - [MESSAGE][PASSED] - Object: 'Object Repository/Final Object Repo/New Registration - Registration Module Pages/Form 2/DatePicker Pop Up' is clicked on

2018-12-13 00:05:19 - [TEST_STEP][PASSED] - click: Object: 'Object Repository/Final Object Repo/New Registration - Registration Module Pages/Form 2/DOB Month' is clicked on

2018-12-13 00:05:19 - [MESSAGE][PASSED] - Object: 'Object Repository/Final Object Repo/New Registration - Registration Module Pages/Form 2/DOB Month' is clicked on

2018-12-13 00:05:19 - [TEST_STEP][PASSED] - Statement - CurrentMonth = CurrentMonth: null

2018-12-13 00:05:19 - [TEST_STEP][PASSED] - Statement - selectMonth = new com.kms.katalon.core.testobject.TestObject(): null

2018-12-13 00:05:19 - [TEST_STEP][PASSED] - Statement - selectMonth.addProperty("xpath", EQUALS, "//body/div/div/div/select/option[@value='" + CurrentMonth + "']", true): null

2018-12-13 00:05:19 - [TEST_STEP][PASSED] - click: Object: '' is clicked on

2018-12-13 00:05:19 - [MESSAGE][PASSED] - Object: '' is clicked on

2018-12-13 00:05:19 - [TEST_STEP][PASSED] - click: Object: 'Object Repository/Final Object Repo/New Registration - Registration Module Pages/Form 2/DOB Year' is clicked on

2018-12-13 00:05:19 - [MESSAGE][PASSED] - Object: 'Object Repository/Final Object Repo/New Registration - Registration Module Pages/Form 2/DOB Year' is clicked on

2018-12-13 00:05:19 - [TEST_STEP][PASSED] - Statement - Eyearsbf = EighteenYrsBefore: null

2018-12-13 00:05:19 - [TEST_STEP][PASSED] - Statement - selectYear = new com.kms.katalon.core.testobject.TestObject(): null

2018-12-13 00:05:19 - [TEST_STEP][PASSED] - Statement - selectYear.addProperty("xpath", EQUALS, "//div/div/div/select/option[@value='" + Eyearsbf + "']", true): null

2018-12-13 00:05:19 - [TEST_STEP][PASSED] - click: Object: '' is clicked on

2018-12-13 00:05:19 - [MESSAGE][PASSED] - Object: '' is clicked on

2018-12-13 00:05:19 - [TEST_STEP][PASSED] - Statement - UpdatedSelectDate = com.kms.katalon.core.webui.keyword.WebUiBuiltInKeywords.modifyObjectProperty(com.kms.katalon.core.testobject.ObjectRepository.findTestObject(Final Object Repo/New Registration - Registration Module Pages/Form 2/DOB Date), "xpath", "equals", "//body/div/table/tbody/tr/td/a[text()="" + CurrentDate + ""]", true): Modify property of object successfully

2018-12-13 00:05:19 - [MESSAGE][PASSED] - Modify property of object successfully

2018-12-13 00:05:19 - [TEST_STEP][PASSED] - delay: Delayed 3 second(s)

2018-12-13 00:05:22 - [MESSAGE][PASSED] - Delayed 3 second(s)

2018-12-13 00:05:22 - [TEST_STEP][PASSED] - click: Object: 'Object Repository/Final Object Repo/New Registration - Registration Module Pages/Form 2/DOB Date' is clicked on

2018-12-13 00:05:22 - [MESSAGE][PASSED] - Object: 'Object Repository/Final Object Repo/New Registration - Registration Module Pages/Form 2/DOB Date' is clicked on

2018-12-13 00:05:22 - [TEST_STEP][PASSED] - delay: Delayed 2 second(s)

2018-12-13 00:05:24 - [MESSAGE][PASSED] - Delayed 2 second(s)

2018-12-13 00:05:24 - [TEST_STEP][PASSED] - click: Object: 'Object Repository/Final Object Repo/New Registration - Registration Module Pages/Form 2/EmploymentStartDate Pop Up' is clicked on

2018-12-13 00:05:25 - [MESSAGE][PASSED] - Object: 'Object Repository/Final Object Repo/New Registration - Registration Module Pages/Form 2/EmploymentStartDate Pop Up' is clicked on

2018-12-13 00:05:25 - [TEST_STEP][PASSED] - delay: Delayed 2 second(s)

2018-12-13 00:05:27 - [MESSAGE][PASSED] - Delayed 2 second(s)

2018-12-13 00:05:27 - [TEST_STEP][PASSED] - click: Object: 'Object Repository/Final Object Repo/New Registration - Registration Module Pages/Form 2/Socso Employment StartDate Month' is clicked on

2018-12-13 00:05:27 - [MESSAGE][PASSED] - Object: 'Object Repository/Final Object Repo/New Registration - Registration Module Pages/Form 2/Socso Employment StartDate Month' is clicked on

2018-12-13 00:05:27 - [TEST_STEP][PASSED] - delay: Delayed 1 second(s)

2018-12-13 00:05:28 - [MESSAGE][PASSED] - Delayed 1 second(s)

2018-12-13 00:05:28 - [TEST_STEP][PASSED] - click: Object: 'Object Repository/Final Object Repo/New Registration - Registration Module Pages/Form 2/Select Socso Employement Startdate Month' is clicked on

2018-12-13 00:05:28 - [MESSAGE][PASSED] - Object: 'Object Repository/Final Object Repo/New Registration - Registration Module Pages/Form 2/Select Socso Employement Startdate Month' is clicked on

2018-12-13 00:05:28 - [TEST_STEP][PASSED] - delay: Delayed 2 second(s)

2018-12-13 00:05:30 - [MESSAGE][PASSED] - Delayed 2 second(s)

2018-12-13 00:05:30 - [TEST_STEP][PASSED] - click: Object: 'Object Repository/Final Object Repo/New Registration - Registration Module Pages/Form 2/Socso Employment StartDate Year' is clicked on

2018-12-13 00:05:30 - [MESSAGE][PASSED] - Object: 'Object Repository/Final Object Repo/New Registration - Registration Module Pages/Form 2/Socso Employment StartDate Year' is clicked on

2018-12-13 00:05:30 - [TEST_STEP][PASSED] - delay: Delayed 1 second(s)

2018-12-13 00:05:31 - [MESSAGE][PASSED] - Delayed 1 second(s)

2018-12-13 00:05:31 - [TEST_STEP][PASSED] - click: Object: 'Object Repository/Final Object Repo/New Registration - Registration Module Pages/Form 2/Select Socso Employment Startdate Year' is clicked on

2018-12-13 00:05:31 - [MESSAGE][PASSED] - Object: 'Object Repository/Final Object Repo/New Registration - Registration Module Pages/Form 2/Select Socso Employment Startdate Year' is clicked on

2018-12-13 00:05:31 - [TEST_STEP][PASSED] - delay: Delayed 2 second(s)

2018-12-13 00:05:33 - [MESSAGE][PASSED] - Delayed 2 second(s)

2018-12-13 00:05:33 - [TEST_STEP][PASSED] - click: Object: 'Object Repository/Final Object Repo/New Registration - Registration Module Pages/Form 2/Socso Employment Start Date Day' is clicked on

2018-12-13 00:05:33 - [MESSAGE][PASSED] - Object: 'Object Repository/Final Object Repo/New Registration - Registration Module Pages/Form 2/Socso Employment Start Date Day' is clicked on

2018-12-13 00:05:33 - [TEST_STEP][PASSED] - delay: Delayed 2 second(s)

2018-12-13 00:05:35 - [MESSAGE][PASSED] - Delayed 2 second(s)

2018-12-13 00:05:35 - [TEST_STEP][PASSED] - click: Object: 'Object Repository/Final Object Repo/New Registration - Registration Module Pages/Form 2/Save Button for Add Employee' is clicked on

2018-12-13 00:05:36 - [MESSAGE][PASSED] - Object: 'Object Repository/Final Object Repo/New Registration - Registration Module Pages/Form 2/Save Button for Add Employee' is clicked on

2018-12-13 00:05:36 - [TEST_STEP][PASSED] - delay: Delayed 6 second(s)

2018-12-13 00:05:42 - [MESSAGE][PASSED] - Delayed 6 second(s)

2018-12-13 00:05:42 - [TEST_STEP][PASSED] - click: Object: 'Object Repository/Final Object Repo/New Registration - Registration Module Pages/Form 2/Save and Continue Form 2' is clicked on

2018-12-13 00:05:42 - [MESSAGE][PASSED] - Object: 'Object Repository/Final Object Repo/New Registration - Registration Module Pages/Form 2/Save and Continue Form 2' is clicked on

2018-12-13 00:05:42 - [MESSAGE][PASSED] - Call Test Case 'Test Cases/Final Aug 2018 - PKS Automation/Registration Module/New Registration/Form 2/Add 1 Eligible' successfully

2018-12-13 00:05:42 - [TEST_STEP][PASSED] - callTestCase: Call Test Case 'Test Cases/Final Aug 2018 - PKS Automation/Registration Module/New Registration/Flow of New Registration/Third Screen - Upload Supporting Doc - Preview' successfully

2018-12-13 00:05:42 - [TEST_CASE][PASSED] - Test Cases/Final Aug 2018 - PKS Automation/Registration Module/New Registration/Flow of New Registration/Third Screen - Upload Supporting Doc - Preview: Test Cases/Final Aug 2018 - PKS Automation/Registration Module/New Registration/Flow of New Registration/Third Screen - Upload Supporting Doc - Preview

2018-12-13 00:05:42 - [TEST_STEP][PASSED] - waitForPageLoad: Wait for page load successfully

2018-12-13 00:05:43 - [MESSAGE][PASSED] - Wait for page load successfully

2018-12-13 00:05:43 - [TEST_STEP][PASSED] - Statement - CaseReferenceNo = com.kms.katalon.core.webui.keyword.WebUiBuiltInKeywords.getText(com.kms.katalon.core.testobject.ObjectRepository.findTestObject(Final Object Repo/New Registration - Registration Module Pages/Third Screen - Upload Supporting Doc- Preview/RefNo Acquiring)): Text of object 'Object Repository/Final Object Repo/New Registration - Registration Module Pages/Third Screen - Upload Supporting Doc- Preview/RefNo Acquiring' is: 'CRN12201800123251'

2018-12-13 00:05:43 - [MESSAGE][PASSED] - Text of object 'Object Repository/Final Object Repo/New Registration - Registration Module Pages/Third Screen - Upload Supporting Doc- Preview/RefNo Acquiring' is: 'CRN12201800123251'

2018-12-13 00:05:43 - [TEST_STEP][PASSED] - delay: Delayed 2 second(s)

2018-12-13 00:05:45 - [MESSAGE][PASSED] - Delayed 2 second(s)

2018-12-13 00:05:45 - [TEST_STEP][PASSED] - callTestCase: Call Test Case 'Test Cases/Final Aug 2018 - PKS Automation/Common/Reference Number Setter' successfully

2018-12-13 00:05:45 - [TEST_CASE][PASSED] - Test Cases/Final Aug 2018 - PKS Automation/Common/Reference Number Setter: Test Cases/Final Aug 2018 - PKS Automation/Common/Reference Number Setter

2018-12-13 00:05:45 - [TEST_STEP][PASSED] - Statement - RefNoOldFile = new java.io.File(C://Users//Admin//Desktop//PKS//Automation Reference Point//KatalonReference.txt): null

2018-12-13 00:05:45 - [TEST_STEP][PASSED] - Statement - RefNoOldFile.delete(): null

2018-12-13 00:05:45 - [TEST_STEP][PASSED] - delay: Delayed 5 second(s)

2018-12-13 00:05:50 - [MESSAGE][PASSED] - Delayed 5 second(s)

2018-12-13 00:05:50 - [TEST_STEP][PASSED] - Statement - RefNo = new java.io.File(C://Users//Admin//Desktop//PKS//Automation Reference Point//KatalonReference.txt): null

2018-12-13 00:05:50 - [TEST_STEP][PASSED] - Statement - f2 = new java.io.FileWriter(RefNo, false): null

2018-12-13 00:05:50 - [TEST_STEP][PASSED] - Statement - f2.write(CaseReferenceNo): null

2018-12-13 00:05:50 - [TEST_STEP][PASSED] - Statement - f2.close(): null

2018-12-13 00:05:50 - [TEST_STEP][PASSED] - Statement - out.println("


" + CaseReferenceNo + "


"): null

2018-12-13 00:05:50 - [MESSAGE][PASSED] - Call Test Case 'Test Cases/Final Aug 2018 - PKS Automation/Common/Reference Number Setter' successfully

2018-12-13 00:05:50 - [TEST_STEP][PASSED] - waitForElementClickable: Object 'Object Repository/Final Object Repo/New Registration - Registration Module Pages/Third Screen - Upload Supporting Doc- Preview/Save n Continue in SIP Employee Listing Page' is clickable

2018-12-13 00:05:50 - [MESSAGE][PASSED] - Object 'Object Repository/Final Object Repo/New Registration - Registration Module Pages/Third Screen - Upload Supporting Doc- Preview/Save n Continue in SIP Employee Listing Page' is clickable

2018-12-13 00:05:50 - [TEST_STEP][PASSED] - click: Object: 'Object Repository/Final Object Repo/New Registration - Registration Module Pages/Third Screen - Upload Supporting Doc- Preview/Save n Continue in SIP Employee Listing Page' is clicked on

2018-12-13 00:05:55 - [MESSAGE][PASSED] - Object: 'Object Repository/Final Object Repo/New Registration - Registration Module Pages/Third Screen - Upload Supporting Doc- Preview/Save n Continue in SIP Employee Listing Page' is clicked on

2018-12-13 00:05:55 - [TEST_STEP][PASSED] - delay: Delayed 7 second(s)

2018-12-13 00:06:02 - [MESSAGE][PASSED] - Delayed 7 second(s)

2018-12-13 00:06:02 - [TEST_STEP][PASSED] - click: Object: 'Object Repository/Final Object Repo/New Registration - Registration Module Pages/Third Screen - Upload Supporting Doc- Preview/Add Document Button' is clicked on

2018-12-13 00:06:03 - [MESSAGE][PASSED] - Object: 'Object Repository/Final Object Repo/New Registration - Registration Module Pages/Third Screen - Upload Supporting Doc- Preview/Add Document Button' is clicked on

2018-12-13 00:06:03 - [TEST_STEP][PASSED] - delay: Delayed 30 second(s)

2018-12-13 00:06:33 - [MESSAGE][PASSED] - Delayed 30 second(s)

2018-12-13 00:06:33 - [TEST_STEP][PASSED] - click: Object: 'Object Repository/Final Object Repo/New Registration - Registration Module Pages/Third Screen - Upload Supporting Doc- Preview/Supporting Doc Please Select Drop Down' is clicked on

2018-12-13 00:06:33 - [MESSAGE][PASSED] - Object: 'Object Repository/Final Object Repo/New Registration - Registration Module Pages/Third Screen - Upload Supporting Doc- Preview/Supporting Doc Please Select Drop Down' is clicked on

2018-12-13 00:06:33 - [TEST_STEP][PASSED] - delay: Delayed 2 second(s)

2018-12-13 00:06:35 - [MESSAGE][PASSED] - Delayed 2 second(s)

2018-12-13 00:06:35 - [TEST_STEP][PASSED] - click: Object: 'Object Repository/Final Object Repo/New Registration - Registration Module Pages/Third Screen - Upload Supporting Doc- Preview/Select to Upload Form 1' is clicked on

2018-12-13 00:06:35 - [MESSAGE][PASSED] - Object: 'Object Repository/Final Object Repo/New Registration - Registration Module Pages/Third Screen - Upload Supporting Doc- Preview/Select to Upload Form 1' is clicked on

2018-12-13 00:06:35 - [TEST_STEP][PASSED] - delay: Delayed 2 second(s)

2018-12-13 00:06:37 - [MESSAGE][PASSED] - Delayed 2 second(s)

2018-12-13 00:06:37 - [TEST_STEP][PASSED] - uploadFile: File 'C:\Users\Public\Pictures\Sample Pictures\Koala.jpg' sent to object: 'Object Repository/Final Object Repo/New Registration - Registration Module Pages/Third Screen - Upload Supporting Doc- Preview/Upload File Adding'

2018-12-13 00:06:37 - [MESSAGE][PASSED] - File 'C:\Users\Public\Pictures\Sample Pictures\Koala.jpg' sent to object: 'Object Repository/Final Object Repo/New Registration - Registration Module Pages/Third Screen - Upload Supporting Doc- Preview/Upload File Adding'

2018-12-13 00:06:37 - [TEST_STEP][PASSED] - delay: Delayed 5 second(s)

2018-12-13 00:06:42 - [MESSAGE][PASSED] - Delayed 5 second(s)

2018-12-13 00:06:42 - [TEST_STEP][PASSED] - click: Object: 'Object Repository/Final Object Repo/New Registration - Registration Module Pages/Third Screen - Upload Supporting Doc- Preview/Inner Form Add Document Button' is clicked on

2018-12-13 00:06:42 - [MESSAGE][PASSED] - Object: 'Object Repository/Final Object Repo/New Registration - Registration Module Pages/Third Screen - Upload Supporting Doc- Preview/Inner Form Add Document Button' is clicked on

2018-12-13 00:06:42 - [TEST_STEP][PASSED] - delay: Delayed 3 second(s)

2018-12-13 00:06:45 - [MESSAGE][PASSED] - Delayed 3 second(s)

2018-12-13 00:06:45 - [TEST_STEP][PASSED] - click: Object: 'Object Repository/Final Object Repo/New Registration - Registration Module Pages/Third Screen - Upload Supporting Doc- Preview/Add Document Button' is clicked on

2018-12-13 00:06:47 - [MESSAGE][PASSED] - Object: 'Object Repository/Final Object Repo/New Registration - Registration Module Pages/Third Screen - Upload Supporting Doc- Preview/Add Document Button' is clicked on

2018-12-13 00:06:47 - [TEST_STEP][PASSED] - delay: Delayed 30 second(s)

2018-12-13 00:07:17 - [MESSAGE][PASSED] - Delayed 30 second(s)

2018-12-13 00:07:17 - [TEST_STEP][PASSED] - click: Object: 'Object Repository/Final Object Repo/New Registration - Registration Module Pages/Third Screen - Upload Supporting Doc- Preview/Supporting Doc Please Select Drop Down' is clicked on

2018-12-13 00:07:17 - [MESSAGE][PASSED] - Object: 'Object Repository/Final Object Repo/New Registration - Registration Module Pages/Third Screen - Upload Supporting Doc- Preview/Supporting Doc Please Select Drop Down' is clicked on

2018-12-13 00:07:17 - [TEST_STEP][PASSED] - delay: Delayed 4 second(s)

2018-12-13 00:07:21 - [MESSAGE][PASSED] - Delayed 4 second(s)

2018-12-13 00:07:21 - [TEST_STEP][PASSED] - click: Object: 'Object Repository/Final Object Repo/New Registration - Registration Module Pages/Third Screen - Upload Supporting Doc- Preview/Select to Upload Form 2' is clicked on

2018-12-13 00:07:21 - [MESSAGE][PASSED] - Object: 'Object Repository/Final Object Repo/New Registration - Registration Module Pages/Third Screen - Upload Supporting Doc- Preview/Select to Upload Form 2' is clicked on

2018-12-13 00:07:21 - [TEST_STEP][PASSED] - delay: Delayed 2 second(s)

2018-12-13 00:07:23 - [MESSAGE][PASSED] - Delayed 2 second(s)

2018-12-13 00:07:23 - [TEST_STEP][PASSED] - uploadFile: File 'C:\Users\Public\Pictures\Sample Pictures\Koala.jpg' sent to object: 'Object Repository/Final Object Repo/New Registration - Registration Module Pages/Third Screen - Upload Supporting Doc- Preview/Upload File Adding'

2018-12-13 00:07:23 - [MESSAGE][PASSED] - File 'C:\Users\Public\Pictures\Sample Pictures\Koala.jpg' sent to object: 'Object Repository/Final Object Repo/New Registration - Registration Module Pages/Third Screen - Upload Supporting Doc- Preview/Upload File Adding'

2018-12-13 00:07:23 - [TEST_STEP][PASSED] - click: Object: 'Object Repository/Final Object Repo/New Registration - Registration Module Pages/Third Screen - Upload Supporting Doc- Preview/Inner Form Add Document Button' is clicked on

2018-12-13 00:07:23 - [MESSAGE][PASSED] - Object: 'Object Repository/Final Object Repo/New Registration - Registration Module Pages/Third Screen - Upload Supporting Doc- Preview/Inner Form Add Document Button' is clicked on

2018-12-13 00:07:23 - [TEST_STEP][PASSED] - delay: Delayed 5 second(s)

2018-12-13 00:07:28 - [MESSAGE][PASSED] - Delayed 5 second(s)

2018-12-13 00:07:28 - [TEST_STEP][PASSED] - click: Object: 'Object Repository/Final Object Repo/New Registration - Registration Module Pages/Third Screen - Upload Supporting Doc- Preview/Add Document Button' is clicked on

2018-12-13 00:07:28 - [MESSAGE][PASSED] - Object: 'Object Repository/Final Object Repo/New Registration - Registration Module Pages/Third Screen - Upload Supporting Doc- Preview/Add Document Button' is clicked on

2018-12-13 00:07:28 - [TEST_STEP][PASSED] - delay: Delayed 30 second(s)

2018-12-13 00:07:58 - [MESSAGE][PASSED] - Delayed 30 second(s)

2018-12-13 00:07:58 - [TEST_STEP][PASSED] - click: Object: 'Object Repository/Final Object Repo/New Registration - Registration Module Pages/Third Screen - Upload Supporting Doc- Preview/Supporting Doc Please Select Drop Down' is clicked on

2018-12-13 00:07:59 - [MESSAGE][PASSED] - Object: 'Object Repository/Final Object Repo/New Registration - Registration Module Pages/Third Screen - Upload Supporting Doc- Preview/Supporting Doc Please Select Drop Down' is clicked on

2018-12-13 00:07:59 - [TEST_STEP][PASSED] - click: Object: 'Object Repository/Final Object Repo/New Registration - Registration Module Pages/Third Screen - Upload Supporting Doc- Preview/Select to Upload Borang SIP 1' is clicked on

2018-12-13 00:07:59 - [MESSAGE][PASSED] - Object: 'Object Repository/Final Object Repo/New Registration - Registration Module Pages/Third Screen - Upload Supporting Doc- Preview/Select to Upload Borang SIP 1' is clicked on

2018-12-13 00:07:59 - [TEST_STEP][PASSED] - delay: Delayed 2 second(s)

2018-12-13 00:08:01 - [MESSAGE][PASSED] - Delayed 2 second(s)

2018-12-13 00:08:01 - [TEST_STEP][PASSED] - uploadFile: File 'C:\Users\Public\Pictures\Sample Pictures\Koala.jpg' sent to object: 'Object Repository/Final Object Repo/New Registration - Registration Module Pages/Third Screen - Upload Supporting Doc- Preview/Upload File Adding'

2018-12-13 00:08:01 - [MESSAGE][PASSED] - File 'C:\Users\Public\Pictures\Sample Pictures\Koala.jpg' sent to object: 'Object Repository/Final Object Repo/New Registration - Registration Module Pages/Third Screen - Upload Supporting Doc- Preview/Upload File Adding'

2018-12-13 00:08:01 - [TEST_STEP][PASSED] - click: Object: 'Object Repository/Final Object Repo/New Registration - Registration Module Pages/Third Screen - Upload Supporting Doc- Preview/Inner Form Add Document Button' is clicked on

2018-12-13 00:08:01 - [MESSAGE][PASSED] - Object: 'Object Repository/Final Object Repo/New Registration - Registration Module Pages/Third Screen - Upload Supporting Doc- Preview/Inner Form Add Document Button' is clicked on

2018-12-13 00:08:01 - [TEST_STEP][PASSED] - delay: Delayed 5 second(s)

2018-12-13 00:08:06 - [MESSAGE][PASSED] - Delayed 5 second(s)

2018-12-13 00:08:06 - [TEST_STEP][PASSED] - click: Object: 'Object Repository/Final Object Repo/New Registration - Registration Module Pages/Third Screen - Upload Supporting Doc- Preview/Add Document Button' is clicked on

2018-12-13 00:08:06 - [MESSAGE][PASSED] - Object: 'Object Repository/Final Object Repo/New Registration - Registration Module Pages/Third Screen - Upload Supporting Doc- Preview/Add Document Button' is clicked on

2018-12-13 00:08:06 - [TEST_STEP][PASSED] - delay: Delayed 30 second(s)

2018-12-13 00:08:36 - [MESSAGE][PASSED] - Delayed 30 second(s)

2018-12-13 00:08:36 - [TEST_STEP][PASSED] - click: Object: 'Object Repository/Final Object Repo/New Registration - Registration Module Pages/Third Screen - Upload Supporting Doc- Preview/Supporting Doc Please Select Drop Down' is clicked on

2018-12-13 00:08:36 - [MESSAGE][PASSED] - Object: 'Object Repository/Final Object Repo/New Registration - Registration Module Pages/Third Screen - Upload Supporting Doc- Preview/Supporting Doc Please Select Drop Down' is clicked on

2018-12-13 00:08:36 - [TEST_STEP][PASSED] - delay: Delayed 3 second(s)

2018-12-13 00:08:39 - [MESSAGE][PASSED] - Delayed 3 second(s)

2018-12-13 00:08:39 - [TEST_STEP][PASSED] - click: Object: 'Object Repository/Final Object Repo/New Registration - Registration Module Pages/Third Screen - Upload Supporting Doc- Preview/Select to Upload Borang SIP 2' is clicked on

2018-12-13 00:08:40 - [MESSAGE][PASSED] - Object: 'Object Repository/Final Object Repo/New Registration - Registration Module Pages/Third Screen - Upload Supporting Doc- Preview/Select to Upload Borang SIP 2' is clicked on

2018-12-13 00:08:40 - [TEST_STEP][PASSED] - delay: Delayed 2 second(s)

2018-12-13 00:08:42 - [MESSAGE][PASSED] - Delayed 2 second(s)

2018-12-13 00:08:42 - [TEST_STEP][PASSED] - uploadFile: File 'C:\Users\Public\Pictures\Sample Pictures\Koala.jpg' sent to object: 'Object Repository/Final Object Repo/New Registration - Registration Module Pages/Third Screen - Upload Supporting Doc- Preview/Upload File Adding'

2018-12-13 00:08:42 - [MESSAGE][PASSED] - File 'C:\Users\Public\Pictures\Sample Pictures\Koala.jpg' sent to object: 'Object Repository/Final Object Repo/New Registration - Registration Module Pages/Third Screen - Upload Supporting Doc- Preview/Upload File Adding'

2018-12-13 00:08:42 - [TEST_STEP][PASSED] - delay: Delayed 5 second(s)

2018-12-13 00:08:47 - [MESSAGE][PASSED] - Delayed 5 second(s)

2018-12-13 00:08:47 - [TEST_STEP][PASSED] - click: Object: 'Object Repository/Final Object Repo/New Registration - Registration Module Pages/Third Screen - Upload Supporting Doc- Preview/Inner Form Add Document Button' is clicked on

2018-12-13 00:08:47 - [MESSAGE][PASSED] - Object: 'Object Repository/Final Object Repo/New Registration - Registration Module Pages/Third Screen - Upload Supporting Doc- Preview/Inner Form Add Document Button' is clicked on

2018-12-13 00:08:47 - [TEST_STEP][PASSED] - delay: Delayed 3 second(s)

2018-12-13 00:08:50 - [MESSAGE][PASSED] - Delayed 3 second(s)

2018-12-13 00:08:50 - [TEST_STEP][PASSED] - waitForElementClickable: Object 'Object Repository/Final Object Repo/New Registration - Registration Module Pages/Third Screen - Upload Supporting Doc- Preview/Save n Continue in Uploading Supporting Doc Page' is clickable

2018-12-13 00:08:51 - [MESSAGE][PASSED] - Object 'Object Repository/Final Object Repo/New Registration - Registration Module Pages/Third Screen - Upload Supporting Doc- Preview/Save n Continue in Uploading Supporting Doc Page' is clickable

2018-12-13 00:08:51 - [TEST_STEP][PASSED] - click: Object: 'Object Repository/Final Object Repo/New Registration - Registration Module Pages/Third Screen - Upload Supporting Doc- Preview/Save n Continue in Uploading Supporting Doc Page' is clicked on

2018-12-13 00:08:51 - [MESSAGE][PASSED] - Object: 'Object Repository/Final Object Repo/New Registration - Registration Module Pages/Third Screen - Upload Supporting Doc- Preview/Save n Continue in Uploading Supporting Doc Page' is clicked on

2018-12-13 00:08:51 - [MESSAGE][PASSED] - Call Test Case 'Test Cases/Final Aug 2018 - PKS Automation/Registration Module/New Registration/Flow of New Registration/Third Screen - Upload Supporting Doc - Preview' successfully

2018-12-13 00:08:51 - [TEST_STEP][PASSED] - callTestCase: Call Test Case 'Test Cases/Final Aug 2018 - PKS Automation/Registration Module/New Registration/Submit and Screenshot/Submit Registration and Screenshot' successfully

2018-12-13 00:08:51 - [TEST_CASE][PASSED] - Test Cases/Final Aug 2018 - PKS Automation/Registration Module/New Registration/Submit and Screenshot/Submit Registration and Screenshot: Test Cases/Final Aug 2018 - PKS Automation/Registration Module/New Registration/Submit and Screenshot/Submit Registration and Screenshot

2018-12-13 00:08:51 - [TEST_STEP][PASSED] - delay: Delayed 6 second(s)

2018-12-13 00:08:57 - [MESSAGE][PASSED] - Delayed 6 second(s)

2018-12-13 00:08:57 - [TEST_STEP][PASSED] - click: Object: 'Object Repository/Final Object Repo/New Registration - Registration Module Pages/Third Screen - Upload Supporting Doc- Preview/Preview Submit Button' is clicked on

2018-12-13 00:08:58 - [MESSAGE][PASSED] - Object: 'Object Repository/Final Object Repo/New Registration - Registration Module Pages/Third Screen - Upload Supporting Doc- Preview/Preview Submit Button' is clicked on

2018-12-13 00:08:58 - [TEST_STEP][PASSED] - delay: Delayed 2 second(s)

2018-12-13 00:09:00 - [MESSAGE][PASSED] - Delayed 2 second(s)

2018-12-13 00:09:00 - [TEST_STEP][PASSED] - click: Object: 'Object Repository/Final Object Repo/New Registration - Registration Module Pages/Third Screen - Upload Supporting Doc- Preview/Preview Submit - Confirm' is clicked on

2018-12-13 00:09:00 - [MESSAGE][PASSED] - Object: 'Object Repository/Final Object Repo/New Registration - Registration Module Pages/Third Screen - Upload Supporting Doc- Preview/Preview Submit - Confirm' is clicked on

2018-12-13 00:09:00 - [TEST_STEP][PASSED] - delay: Delayed 15 second(s)

2018-12-13 00:09:15 - [MESSAGE][PASSED] - Delayed 15 second(s)

2018-12-13 00:09:15 - [TEST_STEP][PASSED] - Statement - driver = com.kms.katalon.core.webui.driver.DriverFactory.getWebDriver(): null

2018-12-13 00:09:15 - [TEST_STEP][PASSED] - Statement - driver.manage().timeouts().implicitlyWait(10, SECONDS): null

2018-12-13 00:09:15 - [TEST_STEP][PASSED] - Statement - PresavePath = KatalonScreenshots: null

2018-12-13 00:09:15 - [TEST_STEP][PASSED] - Statement - pathPrefix = "C:\Users\Public\Pictures\Sample Pictures\Katalon Screenshots\Automate Ending Screen": null

2018-12-13 00:09:15 - [TEST_STEP][PASSED] - Statement - finalPath = <not implemented yet for class: org.codehaus.groovy.ast.expr.EmptyExpression>: null

2018-12-13 00:09:15 - [TEST_STEP][PASSED] - Statement - scrFile = driver.getScreenshotAs(FILE): null

2018-12-13 00:09:15 - [TEST_STEP][PASSED] - Statement - PreSaveFile = new java.io.File(PresavePath): null

2018-12-13 00:09:15 - [TEST_STEP][PASSED] - Statement - counter = 0: null

2018-12-13 00:09:15 - [TEST_STEP][PASSED] - Statement - If (PreSaveFile.exists()): null

2018-12-13 00:09:15 - [TEST_STEP][PASSED] - Statement - While (PreSaveFile.exists()): null

2018-12-13 00:09:15 - [TEST_STEP][PASSED] - Statement - counter = counter + 1: null

2018-12-13 00:09:15 - [TEST_STEP][PASSED] - Statement - PreSaveFile = new java.io.File(((pathPrefix + java.lang.Integer.toString(counter)) + .png)): null

2018-12-13 00:09:15 - [TEST_STEP][PASSED] - Statement - counter = counter + 1: null

2018-12-13 00:09:15 - [TEST_STEP][PASSED] - Statement - PreSaveFile = new java.io.File(((pathPrefix + java.lang.Integer.toString(counter)) + .png)): null

2018-12-13 00:09:15 - [TEST_STEP][PASSED] - Statement - counter = counter + 1: null

2018-12-13 00:09:15 - [TEST_STEP][PASSED] - Statement - PreSaveFile = new java.io.File(((pathPrefix + java.lang.Integer.toString(counter)) + .png)): null

2018-12-13 00:09:15 - [TEST_STEP][PASSED] - Statement - counter = counter + 1: null

2018-12-13 00:09:15 - [TEST_STEP][PASSED] - Statement - PreSaveFile = new java.io.File(((pathPrefix + java.lang.Integer.toString(counter)) + .png)): null

2018-12-13 00:09:15 - [TEST_STEP][PASSED] - Statement - counter = counter + 1: null

2018-12-13 00:09:15 - [TEST_STEP][PASSED] - Statement - PreSaveFile = new java.io.File(((pathPrefix + java.lang.Integer.toString(counter)) + .png)): null

2018-12-13 00:09:15 - [TEST_STEP][PASSED] - Statement - counter = counter + 1: null

2018-12-13 00:09:15 - [TEST_STEP][PASSED] - Statement - PreSaveFile = new java.io.File(((pathPrefix + java.lang.Integer.toString(counter)) + .png)): null

2018-12-13 00:09:15 - [TEST_STEP][PASSED] - Statement - counter = counter + 1: null

2018-12-13 00:09:15 - [TEST_STEP][PASSED] - Statement - PreSaveFile = new java.io.File(((pathPrefix + java.lang.Integer.toString(counter)) + .png)): null

2018-12-13 00:09:15 - [TEST_STEP][PASSED] - Statement - counter = counter + 1: null

2018-12-13 00:09:15 - [TEST_STEP][PASSED] - Statement - PreSaveFile = new java.io.File(((pathPrefix + java.lang.Integer.toString(counter)) + .png)): null

2018-12-13 00:09:15 - [TEST_STEP][PASSED] - Statement - counter = counter + 1: null

2018-12-13 00:09:15 - [TEST_STEP][PASSED] - Statement - PreSaveFile = new java.io.File(((pathPrefix + java.lang.Integer.toString(counter)) + .png)): null

2018-12-13 00:09:15 - [TEST_STEP][PASSED] - Statement - counter = counter + 1: null

2018-12-13 00:09:15 - [TEST_STEP][PASSED] - Statement - PreSaveFile = new java.io.File(((pathPrefix + java.lang.Integer.toString(counter)) + .png)): null

2018-12-13 00:09:15 - [TEST_STEP][PASSED] - Statement - counter = counter + 1: null

2018-12-13 00:09:15 - [TEST_STEP][PASSED] - Statement - PreSaveFile = new java.io.File(((pathPrefix + java.lang.Integer.toString(counter)) + .png)): null

2018-12-13 00:09:15 - [TEST_STEP][PASSED] - Statement - counter = counter + 1: null

2018-12-13 00:09:15 - [TEST_STEP][PASSED] - Statement - PreSaveFile = new java.io.File(((pathPrefix + java.lang.Integer.toString(counter)) + .png)): null

2018-12-13 00:09:15 - [TEST_STEP][PASSED] - Statement - counter = counter + 1: null

2018-12-13 00:09:15 - [TEST_STEP][PASSED] - Statement - PreSaveFile = new java.io.File(((pathPrefix + java.lang.Integer.toString(counter)) + .png)): null

2018-12-13 00:09:15 - [TEST_STEP][PASSED] - Statement - counter = counter + 1: null

2018-12-13 00:09:15 - [TEST_STEP][PASSED] - Statement - PreSaveFile = new java.io.File(((pathPrefix + java.lang.Integer.toString(counter)) + .png)): null

2018-12-13 00:09:15 - [TEST_STEP][PASSED] - Statement - counter = counter + 1: null

2018-12-13 00:09:15 - [TEST_STEP][PASSED] - Statement - PreSaveFile = new java.io.File(((pathPrefix + java.lang.Integer.toString(counter)) + .png)): null

2018-12-13 00:09:15 - [TEST_STEP][PASSED] - Statement - counter = counter + 1: null

2018-12-13 00:09:15 - [TEST_STEP][PASSED] - Statement - PreSaveFile = new java.io.File(((pathPrefix + java.lang.Integer.toString(counter)) + .png)): null

2018-12-13 00:09:15 - [TEST_STEP][PASSED] - Statement - counter = counter + 1: null

2018-12-13 00:09:15 - [TEST_STEP][PASSED] - Statement - PreSaveFile = new java.io.File(((pathPrefix + java.lang.Integer.toString(counter)) + .png)): null

2018-12-13 00:09:15 - [TEST_STEP][PASSED] - Statement - counter = counter + 1: null

2018-12-13 00:09:15 - [TEST_STEP][PASSED] - Statement - PreSaveFile = new java.io.File(((pathPrefix + java.lang.Integer.toString(counter)) + .png)): null

2018-12-13 00:09:15 - [TEST_STEP][PASSED] - Statement - counter = counter + 1: null

2018-12-13 00:09:15 - [TEST_STEP][PASSED] - Statement - PreSaveFile = new java.io.File(((pathPrefix + java.lang.Integer.toString(counter)) + .png)): null

2018-12-13 00:09:15 - [TEST_STEP][PASSED] - Statement - counter = counter + 1: null

2018-12-13 00:09:15 - [TEST_STEP][PASSED] - Statement - PreSaveFile = new java.io.File(((pathPrefix + java.lang.Integer.toString(counter)) + .png)): null

2018-12-13 00:09:15 - [TEST_STEP][PASSED] - Statement - counter = counter + 1: null

2018-12-13 00:09:15 - [TEST_STEP][PASSED] - Statement - PreSaveFile = new java.io.File(((pathPrefix + java.lang.Integer.toString(counter)) + .png)): null

2018-12-13 00:09:15 - [TEST_STEP][PASSED] - Statement - counter = counter + 1: null

2018-12-13 00:09:15 - [TEST_STEP][PASSED] - Statement - PreSaveFile = new java.io.File(((pathPrefix + java.lang.Integer.toString(counter)) + .png)): null

2018-12-13 00:09:15 - [TEST_STEP][PASSED] - Statement - counter = counter + 1: null

2018-12-13 00:09:15 - [TEST_STEP][PASSED] - Statement - PreSaveFile = new java.io.File(((pathPrefix + java.lang.Integer.toString(counter)) + .png)): null

2018-12-13 00:09:15 - [TEST_STEP][PASSED] - Statement - counter = counter + 1: null

2018-12-13 00:09:15 - [TEST_STEP][PASSED] - Statement - PreSaveFile = new java.io.File(((pathPrefix + java.lang.Integer.toString(counter)) + .png)): null

2018-12-13 00:09:15 - [TEST_STEP][PASSED] - Statement - counter = counter + 1: null

2018-12-13 00:09:15 - [TEST_STEP][PASSED] - Statement - PreSaveFile = new java.io.File(((pathPrefix + java.lang.Integer.toString(counter)) + .png)): null

2018-12-13 00:09:15 - [TEST_STEP][PASSED] - Statement - counter = counter + 1: null

2018-12-13 00:09:15 - [TEST_STEP][PASSED] - Statement - PreSaveFile = new java.io.File(((pathPrefix + java.lang.Integer.toString(counter)) + .png)): null

2018-12-13 00:09:15 - [TEST_STEP][PASSED] - Statement - counter = counter + 1: null

2018-12-13 00:09:15 - [TEST_STEP][PASSED] - Statement - PreSaveFile = new java.io.File(((pathPrefix + java.lang.Integer.toString(counter)) + .png)): null

2018-12-13 00:09:15 - [TEST_STEP][PASSED] - Statement - counter = counter + 1: null

2018-12-13 00:09:15 - [TEST_STEP][PASSED] - Statement - PreSaveFile = new java.io.File(((pathPrefix + java.lang.Integer.toString(counter)) + .png)): null

2018-12-13 00:09:15 - [TEST_STEP][PASSED] - Statement - counter = counter + 1: null

2018-12-13 00:09:15 - [TEST_STEP][PASSED] - Statement - PreSaveFile = new java.io.File(((pathPrefix + java.lang.Integer.toString(counter)) + .png)): null

2018-12-13 00:09:15 - [TEST_STEP][PASSED] - Statement - counter = counter + 1: null

2018-12-13 00:09:15 - [TEST_STEP][PASSED] - Statement - PreSaveFile = new java.io.File(((pathPrefix + java.lang.Integer.toString(counter)) + .png)): null

2018-12-13 00:09:15 - [TEST_STEP][PASSED] - Statement - counter = counter + 1: null

2018-12-13 00:09:15 - [TEST_STEP][PASSED] - Statement - PreSaveFile = new java.io.File(((pathPrefix + java.lang.Integer.toString(counter)) + .png)): null

2018-12-13 00:09:15 - [TEST_STEP][PASSED] - Statement - counter = counter + 1: null

2018-12-13 00:09:15 - [TEST_STEP][PASSED] - Statement - PreSaveFile = new java.io.File(((pathPrefix + java.lang.Integer.toString(counter)) + .png)): null

2018-12-13 00:09:15 - [TEST_STEP][PASSED] - Statement - counter = counter + 1: null

2018-12-13 00:09:15 - [TEST_STEP][PASSED] - Statement - PreSaveFile = new java.io.File(((pathPrefix + java.lang.Integer.toString(counter)) + .png)): null

2018-12-13 00:09:15 - [TEST_STEP][PASSED] - Statement - counter = counter + 1: null

2018-12-13 00:09:15 - [TEST_STEP][PASSED] - Statement - PreSaveFile = new java.io.File(((pathPrefix + java.lang.Integer.toString(counter)) + .png)): null

2018-12-13 00:09:15 - [TEST_STEP][PASSED] - Statement - counter = counter + 1: null

2018-12-13 00:09:15 - [TEST_STEP][PASSED] - Statement - PreSaveFile = new java.io.File(((pathPrefix + java.lang.Integer.toString(counter)) + .png)): null

2018-12-13 00:09:15 - [TEST_STEP][PASSED] - Statement - counter = counter + 1: null

2018-12-13 00:09:15 - [TEST_STEP][PASSED] - Statement - PreSaveFile = new java.io.File(((pathPrefix + java.lang.Integer.toString(counter)) + .png)): null

2018-12-13 00:09:15 - [TEST_STEP][PASSED] - Statement - counter = counter + 1: null

2018-12-13 00:09:15 - [TEST_STEP][PASSED] - Statement - PreSaveFile = new java.io.File(((pathPrefix + java.lang.Integer.toString(counter)) + .png)): null

2018-12-13 00:09:15 - [TEST_STEP][PASSED] - Statement - counter = counter + 1: null

2018-12-13 00:09:15 - [TEST_STEP][PASSED] - Statement - PreSaveFile = new java.io.File(((pathPrefix + java.lang.Integer.toString(counter)) + .png)): null

2018-12-13 00:09:15 - [TEST_STEP][PASSED] - Statement - counter = counter + 1: null

2018-12-13 00:09:15 - [TEST_STEP][PASSED] - Statement - PreSaveFile = new java.io.File(((pathPrefix + java.lang.Integer.toString(counter)) + .png)): null

2018-12-13 00:09:15 - [TEST_STEP][PASSED] - Statement - counter = counter + 1: null

2018-12-13 00:09:15 - [TEST_STEP][PASSED] - Statement - PreSaveFile = new java.io.File(((pathPrefix + java.lang.Integer.toString(counter)) + .png)): null

2018-12-13 00:09:15 - [TEST_STEP][PASSED] - Statement - counter = counter + 1: null

2018-12-13 00:09:15 - [TEST_STEP][PASSED] - Statement - PreSaveFile = new java.io.File(((pathPrefix + java.lang.Integer.toString(counter)) + .png)): null

2018-12-13 00:09:15 - [TEST_STEP][PASSED] - Statement - counter = counter + 1: null

2018-12-13 00:09:15 - [TEST_STEP][PASSED] - Statement - PreSaveFile = new java.io.File(((pathPrefix + java.lang.Integer.toString(counter)) + .png)): null

2018-12-13 00:09:15 - [TEST_STEP][PASSED] - Statement - counter = counter + 1: null

2018-12-13 00:09:15 - [TEST_STEP][PASSED] - Statement - PreSaveFile = new java.io.File(((pathPrefix + java.lang.Integer.toString(counter)) + .png)): null

2018-12-13 00:09:15 - [TEST_STEP][PASSED] - Statement - counter = counter + 1: null

2018-12-13 00:09:15 - [TEST_STEP][PASSED] - Statement - PreSaveFile = new java.io.File(((pathPrefix + java.lang.Integer.toString(counter)) + .png)): null

2018-12-13 00:09:15 - [TEST_STEP][PASSED] - Statement - counter = counter + 1: null

2018-12-13 00:09:15 - [TEST_STEP][PASSED] - Statement - PreSaveFile = new java.io.File(((pathPrefix + java.lang.Integer.toString(counter)) + .png)): null

2018-12-13 00:09:15 - [TEST_STEP][PASSED] - Statement - counter = counter + 1: null

2018-12-13 00:09:15 - [TEST_STEP][PASSED] - Statement - PreSaveFile = new java.io.File(((pathPrefix + java.lang.Integer.toString(counter)) + .png)): null

2018-12-13 00:09:15 - [TEST_STEP][PASSED] - Statement - counter = counter + 1: null

2018-12-13 00:09:15 - [TEST_STEP][PASSED] - Statement - PreSaveFile = new java.io.File(((pathPrefix + java.lang.Integer.toString(counter)) + .png)): null

2018-12-13 00:09:15 - [TEST_STEP][PASSED] - Statement - counter = counter + 1: null

2018-12-13 00:09:15 - [TEST_STEP][PASSED] - Statement - PreSaveFile = new java.io.File(((pathPrefix + java.lang.Integer.toString(counter)) + .png)): null

2018-12-13 00:09:15 - [TEST_STEP][PASSED] - Statement - counter = counter + 1: null

2018-12-13 00:09:15 - [TEST_STEP][PASSED] - Statement - PreSaveFile = new java.io.File(((pathPrefix + java.lang.Integer.toString(counter)) + .png)): null

2018-12-13 00:09:15 - [TEST_STEP][PASSED] - Statement - counter = counter + 1: null

2018-12-13 00:09:15 - [TEST_STEP][PASSED] - Statement - PreSaveFile = new java.io.File(((pathPrefix + java.lang.Integer.toString(counter)) + .png)): null

2018-12-13 00:09:15 - [TEST_STEP][PASSED] - Statement - counter = counter + 1: null

2018-12-13 00:09:15 - [TEST_STEP][PASSED] - Statement - PreSaveFile = new java.io.File(((pathPrefix + java.lang.Integer.toString(counter)) + .png)): null

2018-12-13 00:09:15 - [TEST_STEP][PASSED] - Statement - counter = counter + 1: null

2018-12-13 00:09:15 - [TEST_STEP][PASSED] - Statement - PreSaveFile = new java.io.File(((pathPrefix + java.lang.Integer.toString(counter)) + .png)): null

2018-12-13 00:09:15 - [TEST_STEP][PASSED] - Statement - counter = counter + 1: null

2018-12-13 00:09:15 - [TEST_STEP][PASSED] - Statement - PreSaveFile = new java.io.File(((pathPrefix + java.lang.Integer.toString(counter)) + .png)): null

2018-12-13 00:09:15 - [TEST_STEP][PASSED] - Statement - counter = counter + 1: null

2018-12-13 00:09:15 - [TEST_STEP][PASSED] - Statement - PreSaveFile = new java.io.File(((pathPrefix + java.lang.Integer.toString(counter)) + .png)): null

2018-12-13 00:09:15 - [TEST_STEP][PASSED] - Statement - counter = counter + 1: null

2018-12-13 00:09:15 - [TEST_STEP][PASSED] - Statement - PreSaveFile = new java.io.File(((pathPrefix + java.lang.Integer.toString(counter)) + .png)): null

2018-12-13 00:09:15 - [TEST_STEP][PASSED] - Statement - counter = counter + 1: null

2018-12-13 00:09:15 - [TEST_STEP][PASSED] - Statement - PreSaveFile = new java.io.File(((pathPrefix + java.lang.Integer.toString(counter)) + .png)): null

2018-12-13 00:09:15 - [TEST_STEP][PASSED] - Statement - counter = counter + 1: null

2018-12-13 00:09:15 - [TEST_STEP][PASSED] - Statement - PreSaveFile = new java.io.File(((pathPrefix + java.lang.Integer.toString(counter)) + .png)): null

2018-12-13 00:09:15 - [TEST_STEP][PASSED] - Statement - counter = counter + 1: null

2018-12-13 00:09:15 - [TEST_STEP][PASSED] - Statement - PreSaveFile = new java.io.File(((pathPrefix + java.lang.Integer.toString(counter)) + .png)): null

2018-12-13 00:09:15 - [TEST_STEP][PASSED] - Statement - counter = counter + 1: null

2018-12-13 00:09:15 - [TEST_STEP][PASSED] - Statement - PreSaveFile = new java.io.File(((pathPrefix + java.lang.Integer.toString(counter)) + .png)): null

2018-12-13 00:09:15 - [TEST_STEP][PASSED] - Statement - counter = counter + 1: null

2018-12-13 00:09:15 - [TEST_STEP][PASSED] - Statement - PreSaveFile = new java.io.File(((pathPrefix + java.lang.Integer.toString(counter)) + .png)): null

2018-12-13 00:09:15 - [TEST_STEP][PASSED] - Statement - counter = counter + 1: null

2018-12-13 00:09:15 - [TEST_STEP][PASSED] - Statement - PreSaveFile = new java.io.File(((pathPrefix + java.lang.Integer.toString(counter)) + .png)): null

2018-12-13 00:09:15 - [TEST_STEP][PASSED] - Statement - counter = counter + 1: null

2018-12-13 00:09:15 - [TEST_STEP][PASSED] - Statement - PreSaveFile = new java.io.File(((pathPrefix + java.lang.Integer.toString(counter)) + .png)): null

2018-12-13 00:09:15 - [TEST_STEP][PASSED] - Statement - counter = counter + 1: null

2018-12-13 00:09:15 - [TEST_STEP][PASSED] - Statement - PreSaveFile = new java.io.File(((pathPrefix + java.lang.Integer.toString(counter)) + .png)): null

2018-12-13 00:09:15 - [TEST_STEP][PASSED] - Statement - counter = counter + 1: null

2018-12-13 00:09:15 - [TEST_STEP][PASSED] - Statement - PreSaveFile = new java.io.File(((pathPrefix + java.lang.Integer.toString(counter)) + .png)): null

2018-12-13 00:09:15 - [TEST_STEP][PASSED] - Statement - counter = counter + 1: null

2018-12-13 00:09:15 - [TEST_STEP][PASSED] - Statement - PreSaveFile = new java.io.File(((pathPrefix + java.lang.Integer.toString(counter)) + .png)): null

2018-12-13 00:09:15 - [TEST_STEP][PASSED] - Statement - counter = counter + 1: null

2018-12-13 00:09:15 - [TEST_STEP][PASSED] - Statement - PreSaveFile = new java.io.File(((pathPrefix + java.lang.Integer.toString(counter)) + .png)): null

2018-12-13 00:09:15 - [TEST_STEP][PASSED] - Statement - counter = counter + 1: null

2018-12-13 00:09:15 - [TEST_STEP][PASSED] - Statement - PreSaveFile = new java.io.File(((pathPrefix + java.lang.Integer.toString(counter)) + .png)): null

2018-12-13 00:09:15 - [TEST_STEP][PASSED] - Statement - counter = counter + 1: null

2018-12-13 00:09:15 - [TEST_STEP][PASSED] - Statement - PreSaveFile = new java.io.File(((pathPrefix + java.lang.Integer.toString(counter)) + .png)): null

2018-12-13 00:09:15 - [TEST_STEP][PASSED] - Statement - counter = counter + 1: null

2018-12-13 00:09:15 - [TEST_STEP][PASSED] - Statement - PreSaveFile = new java.io.File(((pathPrefix + java.lang.Integer.toString(counter)) + .png)): null

2018-12-13 00:09:15 - [TEST_STEP][PASSED] - Statement - counter = counter + 1: null

2018-12-13 00:09:15 - [TEST_STEP][PASSED] - Statement - PreSaveFile = new java.io.File(((pathPrefix + java.lang.Integer.toString(counter)) + .png)): null

2018-12-13 00:09:15 - [TEST_STEP][PASSED] - Statement - counter = counter + 1: null

2018-12-13 00:09:15 - [TEST_STEP][PASSED] - Statement - PreSaveFile = new java.io.File(((pathPrefix + java.lang.Integer.toString(counter)) + .png)): null

2018-12-13 00:09:15 - [TEST_STEP][PASSED] - Statement - counter = counter + 1: null

2018-12-13 00:09:15 - [TEST_STEP][PASSED] - Statement - PreSaveFile = new java.io.File(((pathPrefix + java.lang.Integer.toString(counter)) + .png)): null

2018-12-13 00:09:15 - [TEST_STEP][PASSED] - Statement - counter = counter + 1: null

2018-12-13 00:09:15 - [TEST_STEP][PASSED] - Statement - PreSaveFile = new java.io.File(((pathPrefix + java.lang.Integer.toString(counter)) + .png)): null

2018-12-13 00:09:15 - [TEST_STEP][PASSED] - Statement - counter = counter + 1: null

2018-12-13 00:09:15 - [TEST_STEP][PASSED] - Statement - PreSaveFile = new java.io.File(((pathPrefix + java.lang.Integer.toString(counter)) + .png)): null

2018-12-13 00:09:15 - [TEST_STEP][PASSED] - Statement - counter = counter + 1: null

2018-12-13 00:09:15 - [TEST_STEP][PASSED] - Statement - PreSaveFile = new java.io.File(((pathPrefix + java.lang.Integer.toString(counter)) + .png)): null

2018-12-13 00:09:15 - [TEST_STEP][PASSED] - Statement - counter = counter + 1: null

2018-12-13 00:09:15 - [TEST_STEP][PASSED] - Statement - PreSaveFile = new java.io.File(((pathPrefix + java.lang.Integer.toString(counter)) + .png)): null

2018-12-13 00:09:15 - [TEST_STEP][PASSED] - Statement - counter = counter + 1: null

2018-12-13 00:09:15 - [TEST_STEP][PASSED] - Statement - PreSaveFile = new java.io.File(((pathPrefix + java.lang.Integer.toString(counter)) + .png)): null

2018-12-13 00:09:15 - [TEST_STEP][PASSED] - Statement - counter = counter + 1: null

2018-12-13 00:09:15 - [TEST_STEP][PASSED] - Statement - PreSaveFile = new java.io.File(((pathPrefix + java.lang.Integer.toString(counter)) + .png)): null

2018-12-13 00:09:15 - [TEST_STEP][PASSED] - Statement - counter = counter + 1: null

2018-12-13 00:09:15 - [TEST_STEP][PASSED] - Statement - PreSaveFile = new java.io.File(((pathPrefix + java.lang.Integer.toString(counter)) + .png)): null

2018-12-13 00:09:15 - [TEST_STEP][PASSED] - Statement - counter = counter + 1: null

2018-12-13 00:09:15 - [TEST_STEP][PASSED] - Statement - PreSaveFile = new java.io.File(((pathPrefix + java.lang.Integer.toString(counter)) + .png)): null

2018-12-13 00:09:15 - [TEST_STEP][PASSED] - Statement - counter = counter + 1: null

2018-12-13 00:09:15 - [TEST_STEP][PASSED] - Statement - PreSaveFile = new java.io.File(((pathPrefix + java.lang.Integer.toString(counter)) + .png)): null

2018-12-13 00:09:15 - [TEST_STEP][PASSED] - Statement - counter = counter + 1: null

2018-12-13 00:09:15 - [TEST_STEP][PASSED] - Statement - PreSaveFile = new java.io.File(((pathPrefix + java.lang.Integer.toString(counter)) + .png)): null

2018-12-13 00:09:15 - [TEST_STEP][PASSED] - Statement - counter = counter + 1: null

2018-12-13 00:09:15 - [TEST_STEP][PASSED] - Statement - PreSaveFile = new java.io.File(((pathPrefix + java.lang.Integer.toString(counter)) + .png)): null

2018-12-13 00:09:15 - [TEST_STEP][PASSED] - Statement - counter = counter + 1: null

2018-12-13 00:09:15 - [TEST_STEP][PASSED] - Statement - PreSaveFile = new java.io.File(((pathPrefix + java.lang.Integer.toString(counter)) + .png)): null

2018-12-13 00:09:15 - [TEST_STEP][PASSED] - Statement - counter = counter + 1: null

2018-12-13 00:09:15 - [TEST_STEP][PASSED] - Statement - PreSaveFile = new java.io.File(((pathPrefix + java.lang.Integer.toString(counter)) + .png)): null

2018-12-13 00:09:15 - [TEST_STEP][PASSED] - Statement - counter = counter + 1: null

2018-12-13 00:09:15 - [TEST_STEP][PASSED] - Statement - PreSaveFile = new java.io.File(((pathPrefix + java.lang.Integer.toString(counter)) + .png)): null

2018-12-13 00:09:15 - [TEST_STEP][PASSED] - Statement - counter = counter + 1: null

2018-12-13 00:09:15 - [TEST_STEP][PASSED] - Statement - PreSaveFile = new java.io.File(((pathPrefix + java.lang.Integer.toString(counter)) + .png)): null

2018-12-13 00:09:15 - [TEST_STEP][PASSED] - Statement - counter = counter + 1: null

2018-12-13 00:09:15 - [TEST_STEP][PASSED] - Statement - PreSaveFile = new java.io.File(((pathPrefix + java.lang.Integer.toString(counter)) + .png)): null

2018-12-13 00:09:15 - [TEST_STEP][PASSED] - Statement - counter = counter + 1: null

2018-12-13 00:09:15 - [TEST_STEP][PASSED] - Statement - PreSaveFile = new java.io.File(((pathPrefix + java.lang.Integer.toString(counter)) + .png)): null

2018-12-13 00:09:15 - [TEST_STEP][PASSED] - Statement - counter = counter + 1: null

2018-12-13 00:09:15 - [TEST_STEP][PASSED] - Statement - PreSaveFile = new java.io.File(((pathPrefix + java.lang.Integer.toString(counter)) + .png)): null

2018-12-13 00:09:15 - [TEST_STEP][PASSED] - Statement - counter = counter + 1: null

2018-12-13 00:09:15 - [TEST_STEP][PASSED] - Statement - PreSaveFile = new java.io.File(((pathPrefix + java.lang.Integer.toString(counter)) + .png)): null

2018-12-13 00:09:15 - [TEST_STEP][PASSED] - Statement - counter = counter + 1: null

2018-12-13 00:09:15 - [TEST_STEP][PASSED] - Statement - PreSaveFile = new java.io.File(((pathPrefix + java.lang.Integer.toString(counter)) + .png)): null

2018-12-13 00:09:15 - [TEST_STEP][PASSED] - Statement - counter = counter + 1: null

2018-12-13 00:09:15 - [TEST_STEP][PASSED] - Statement - PreSaveFile = new java.io.File(((pathPrefix + java.lang.Integer.toString(counter)) + .png)): null

2018-12-13 00:09:15 - [TEST_STEP][PASSED] - Statement - counter = counter + 1: null

2018-12-13 00:09:15 - [TEST_STEP][PASSED] - Statement - PreSaveFile = new java.io.File(((pathPrefix + java.lang.Integer.toString(counter)) + .png)): null

2018-12-13 00:09:15 - [TEST_STEP][PASSED] - Statement - counter = counter + 1: null

2018-12-13 00:09:15 - [TEST_STEP][PASSED] - Statement - PreSaveFile = new java.io.File(((pathPrefix + java.lang.Integer.toString(counter)) + .png)): null

2018-12-13 00:09:15 - [TEST_STEP][PASSED] - Statement - counter = counter + 1: null

2018-12-13 00:09:15 - [TEST_STEP][PASSED] - Statement - PreSaveFile = new java.io.File(((pathPrefix + java.lang.Integer.toString(counter)) + .png)): null

2018-12-13 00:09:15 - [TEST_STEP][PASSED] - Statement - counter = counter + 1: null

2018-12-13 00:09:15 - [TEST_STEP][PASSED] - Statement - PreSaveFile = new java.io.File(((pathPrefix + java.lang.Integer.toString(counter)) + .png)): null

2018-12-13 00:09:15 - [TEST_STEP][PASSED] - Statement - counter = counter + 1: null

2018-12-13 00:09:15 - [TEST_STEP][PASSED] - Statement - PreSaveFile = new java.io.File(((pathPrefix + java.lang.Integer.toString(counter)) + .png)): null

2018-12-13 00:09:15 - [TEST_STEP][PASSED] - Statement - counter = counter + 1: null

2018-12-13 00:09:15 - [TEST_STEP][PASSED] - Statement - PreSaveFile = new java.io.File(((pathPrefix + java.lang.Integer.toString(counter)) + .png)): null

2018-12-13 00:09:15 - [TEST_STEP][PASSED] - Statement - counter = counter + 1: null

2018-12-13 00:09:16 - [TEST_STEP][PASSED] - Statement - PreSaveFile = new java.io.File(((pathPrefix + java.lang.Integer.toString(counter)) + .png)): null

2018-12-13 00:09:16 - [TEST_STEP][PASSED] - Statement - counter = counter + 1: null

2018-12-13 00:09:16 - [TEST_STEP][PASSED] - Statement - PreSaveFile = new java.io.File(((pathPrefix + java.lang.Integer.toString(counter)) + .png)): null

2018-12-13 00:09:16 - [TEST_STEP][PASSED] - Statement - counter = counter + 1: null

2018-12-13 00:09:16 - [TEST_STEP][PASSED] - Statement - PreSaveFile = new java.io.File(((pathPrefix + java.lang.Integer.toString(counter)) + .png)): null

2018-12-13 00:09:16 - [TEST_STEP][PASSED] - Statement - counter = counter + 1: null

2018-12-13 00:09:16 - [TEST_STEP][PASSED] - Statement - PreSaveFile = new java.io.File(((pathPrefix + java.lang.Integer.toString(counter)) + .png)): null

2018-12-13 00:09:16 - [TEST_STEP][PASSED] - Statement - counter = counter + 1: null

2018-12-13 00:09:16 - [TEST_STEP][PASSED] - Statement - PreSaveFile = new java.io.File(((pathPrefix + java.lang.Integer.toString(counter)) + .png)): null

2018-12-13 00:09:16 - [TEST_STEP][PASSED] - Statement - counter = counter + 1: null

2018-12-13 00:09:16 - [TEST_STEP][PASSED] - Statement - PreSaveFile = new java.io.File(((pathPrefix + java.lang.Integer.toString(counter)) + .png)): null

2018-12-13 00:09:16 - [TEST_STEP][PASSED] - Statement - counter = counter + 1: null

2018-12-13 00:09:16 - [TEST_STEP][PASSED] - Statement - PreSaveFile = new java.io.File(((pathPrefix + java.lang.Integer.toString(counter)) + .png)): null

2018-12-13 00:09:16 - [TEST_STEP][PASSED] - Statement - counter = counter + 1: null

2018-12-13 00:09:16 - [TEST_STEP][PASSED] - Statement - PreSaveFile = new java.io.File(((pathPrefix + java.lang.Integer.toString(counter)) + .png)): null

2018-12-13 00:09:16 - [TEST_STEP][PASSED] - Statement - counter = counter + 1: null

2018-12-13 00:09:16 - [TEST_STEP][PASSED] - Statement - PreSaveFile = new java.io.File(((pathPrefix + java.lang.Integer.toString(counter)) + .png)): null

2018-12-13 00:09:16 - [TEST_STEP][PASSED] - Statement - counter = counter + 1: null

2018-12-13 00:09:16 - [TEST_STEP][PASSED] - Statement - PreSaveFile = new java.io.File(((pathPrefix + java.lang.Integer.toString(counter)) + .png)): null

2018-12-13 00:09:16 - [TEST_STEP][PASSED] - Statement - counter = counter + 1: null

2018-12-13 00:09:16 - [TEST_STEP][PASSED] - Statement - PreSaveFile = new java.io.File(((pathPrefix + java.lang.Integer.toString(counter)) + .png)): null

2018-12-13 00:09:16 - [TEST_STEP][PASSED] - Statement - counter = counter + 1: null

2018-12-13 00:09:16 - [TEST_STEP][PASSED] - Statement - PreSaveFile = new java.io.File(((pathPrefix + java.lang.Integer.toString(counter)) + .png)): null

2018-12-13 00:09:16 - [TEST_STEP][PASSED] - Statement - counter = counter + 1: null

2018-12-13 00:09:16 - [TEST_STEP][PASSED] - Statement - PreSaveFile = new java.io.File(((pathPrefix + java.lang.Integer.toString(counter)) + .png)): null

2018-12-13 00:09:16 - [TEST_STEP][PASSED] - Statement - counter = counter + 1: null

2018-12-13 00:09:16 - [TEST_STEP][PASSED] - Statement - PreSaveFile = new java.io.File(((pathPrefix + java.lang.Integer.toString(counter)) + .png)): null

2018-12-13 00:09:16 - [TEST_STEP][PASSED] - Statement - counter = counter + 1: null

2018-12-13 00:09:16 - [TEST_STEP][PASSED] - Statement - PreSaveFile = new java.io.File(((pathPrefix + java.lang.Integer.toString(counter)) + .png)): null

2018-12-13 00:09:16 - [TEST_STEP][PASSED] - Statement - counter = counter + 1: null

2018-12-13 00:09:16 - [TEST_STEP][PASSED] - Statement - PreSaveFile = new java.io.File(((pathPrefix + java.lang.Integer.toString(counter)) + .png)): null

2018-12-13 00:09:16 - [TEST_STEP][PASSED] - Statement - counter = counter + 1: null

2018-12-13 00:09:16 - [TEST_STEP][PASSED] - Statement - PreSaveFile = new java.io.File(((pathPrefix + java.lang.Integer.toString(counter)) + .png)): null

2018-12-13 00:09:16 - [TEST_STEP][PASSED] - Statement - counter = counter + 1: null

2018-12-13 00:09:16 - [TEST_STEP][PASSED] - Statement - PreSaveFile = new java.io.File(((pathPrefix + java.lang.Integer.toString(counter)) + .png)): null

2018-12-13 00:09:16 - [TEST_STEP][PASSED] - Statement - counter = counter + 1: null

2018-12-13 00:09:16 - [TEST_STEP][PASSED] - Statement - PreSaveFile = new java.io.File(((pathPrefix + java.lang.Integer.toString(counter)) + .png)): null

2018-12-13 00:09:16 - [TEST_STEP][PASSED] - Statement - counter = counter + 1: null

2018-12-13 00:09:16 - [TEST_STEP][PASSED] - Statement - PreSaveFile = new java.io.File(((pathPrefix + java.lang.Integer.toString(counter)) + .png)): null

2018-12-13 00:09:16 - [TEST_STEP][PASSED] - Statement - counter = counter + 1: null

2018-12-13 00:09:16 - [TEST_STEP][PASSED] - Statement - PreSaveFile = new java.io.File(((pathPrefix + java.lang.Integer.toString(counter)) + .png)): null

2018-12-13 00:09:16 - [TEST_STEP][PASSED] - Statement - counter = counter + 1: null

2018-12-13 00:09:16 - [TEST_STEP][PASSED] - Statement - PreSaveFile = new java.io.File(((pathPrefix + java.lang.Integer.toString(counter)) + .png)): null

2018-12-13 00:09:16 - [TEST_STEP][PASSED] - Statement - counter = counter + 1: null

2018-12-13 00:09:16 - [TEST_STEP][PASSED] - Statement - PreSaveFile = new java.io.File(((pathPrefix + java.lang.Integer.toString(counter)) + .png)): null

2018-12-13 00:09:16 - [TEST_STEP][PASSED] - Statement - counter = counter + 1: null

2018-12-13 00:09:16 - [TEST_STEP][PASSED] - Statement - PreSaveFile = new java.io.File(((pathPrefix + java.lang.Integer.toString(counter)) + .png)): null

2018-12-13 00:09:16 - [TEST_STEP][PASSED] - Statement - counter = counter + 1: null

2018-12-13 00:09:16 - [TEST_STEP][PASSED] - Statement - PreSaveFile = new java.io.File(((pathPrefix + java.lang.Integer.toString(counter)) + .png)): null

2018-12-13 00:09:16 - [TEST_STEP][PASSED] - Statement - counter = counter + 1: null

2018-12-13 00:09:16 - [TEST_STEP][PASSED] - Statement - PreSaveFile = new java.io.File(((pathPrefix + java.lang.Integer.toString(counter)) + .png)): null

2018-12-13 00:09:16 - [TEST_STEP][PASSED] - Statement - counter = counter + 1: null

2018-12-13 00:09:16 - [TEST_STEP][PASSED] - Statement - PreSaveFile = new java.io.File(((pathPrefix + java.lang.Integer.toString(counter)) + .png)): null

2018-12-13 00:09:16 - [TEST_STEP][PASSED] - Statement - counter = counter + 1: null

2018-12-13 00:09:16 - [TEST_STEP][PASSED] - Statement - PreSaveFile = new java.io.File(((pathPrefix + java.lang.Integer.toString(counter)) + .png)): null

2018-12-13 00:09:16 - [TEST_STEP][PASSED] - Statement - counter = counter + 1: null

2018-12-13 00:09:16 - [TEST_STEP][PASSED] - Statement - PreSaveFile = new java.io.File(((pathPrefix + java.lang.Integer.toString(counter)) + .png)): null

2018-12-13 00:09:16 - [TEST_STEP][PASSED] - Statement - counter = counter + 1: null

2018-12-13 00:09:16 - [TEST_STEP][PASSED] - Statement - PreSaveFile = new java.io.File(((pathPrefix + java.lang.Integer.toString(counter)) + .png)): null

2018-12-13 00:09:16 - [TEST_STEP][PASSED] - Statement - counter = counter + 1: null

2018-12-13 00:09:16 - [TEST_STEP][PASSED] - Statement - PreSaveFile = new java.io.File(((pathPrefix + java.lang.Integer.toString(counter)) + .png)): null

2018-12-13 00:09:16 - [TEST_STEP][PASSED] - Statement - counter = counter + 1: null

2018-12-13 00:09:16 - [TEST_STEP][PASSED] - Statement - PreSaveFile = new java.io.File(((pathPrefix + java.lang.Integer.toString(counter)) + .png)): null

2018-12-13 00:09:16 - [TEST_STEP][PASSED] - Statement - counter = counter + 1: null

2018-12-13 00:09:16 - [TEST_STEP][PASSED] - Statement - PreSaveFile = new java.io.File(((pathPrefix + java.lang.Integer.toString(counter)) + .png)): null

2018-12-13 00:09:16 - [TEST_STEP][PASSED] - Statement - counter = counter + 1: null

2018-12-13 00:09:16 - [TEST_STEP][PASSED] - Statement - PreSaveFile = new java.io.File(((pathPrefix + java.lang.Integer.toString(counter)) + .png)): null

2018-12-13 00:09:16 - [TEST_STEP][PASSED] - Statement - counter = counter + 1: null

2018-12-13 00:09:16 - [TEST_STEP][PASSED] - Statement - PreSaveFile = new java.io.File(((pathPrefix + java.lang.Integer.toString(counter)) + .png)): null

2018-12-13 00:09:16 - [TEST_STEP][PASSED] - Statement - counter = counter + 1: null

2018-12-13 00:09:16 - [TEST_STEP][PASSED] - Statement - PreSaveFile = new java.io.File(((pathPrefix + java.lang.Integer.toString(counter)) + .png)): null

2018-12-13 00:09:16 - [TEST_STEP][PASSED] - Statement - counter = counter + 1: null

2018-12-13 00:09:16 - [TEST_STEP][PASSED] - Statement - PreSaveFile = new java.io.File(((pathPrefix + java.lang.Integer.toString(counter)) + .png)): null

2018-12-13 00:09:16 - [TEST_STEP][PASSED] - Statement - counter = counter + 1: null

2018-12-13 00:09:16 - [TEST_STEP][PASSED] - Statement - PreSaveFile = new java.io.File(((pathPrefix + java.lang.Integer.toString(counter)) + .png)): null

2018-12-13 00:09:16 - [TEST_STEP][PASSED] - Statement - counter = counter + 1: null

2018-12-13 00:09:16 - [TEST_STEP][PASSED] - Statement - PreSaveFile = new java.io.File(((pathPrefix + java.lang.Integer.toString(counter)) + .png)): null

2018-12-13 00:09:16 - [TEST_STEP][PASSED] - Statement - counter = counter + 1: null

2018-12-13 00:09:16 - [TEST_STEP][PASSED] - Statement - PreSaveFile = new java.io.File(((pathPrefix + java.lang.Integer.toString(counter)) + .png)): null

2018-12-13 00:09:16 - [TEST_STEP][PASSED] - Statement - counter = counter + 1: null

2018-12-13 00:09:16 - [TEST_STEP][PASSED] - Statement - PreSaveFile = new java.io.File(((pathPrefix + java.lang.Integer.toString(counter)) + .png)): null

2018-12-13 00:09:16 - [TEST_STEP][PASSED] - Statement - counter = counter + 1: null

2018-12-13 00:09:16 - [TEST_STEP][PASSED] - Statement - PreSaveFile = new java.io.File(((pathPrefix + java.lang.Integer.toString(counter)) + .png)): null

2018-12-13 00:09:16 - [TEST_STEP][PASSED] - Statement - counter = counter + 1: null

2018-12-13 00:09:16 - [TEST_STEP][PASSED] - Statement - PreSaveFile = new java.io.File(((pathPrefix + java.lang.Integer.toString(counter)) + .png)): null

2018-12-13 00:09:16 - [TEST_STEP][PASSED] - Statement - counter = counter + 1: null

2018-12-13 00:09:16 - [TEST_STEP][PASSED] - Statement - PreSaveFile = new java.io.File(((pathPrefix + java.lang.Integer.toString(counter)) + .png)): null

2018-12-13 00:09:16 - [TEST_STEP][PASSED] - Statement - counter = counter + 1: null

2018-12-13 00:09:16 - [TEST_STEP][PASSED] - Statement - PreSaveFile = new java.io.File(((pathPrefix + java.lang.Integer.toString(counter)) + .png)): null

2018-12-13 00:09:16 - [TEST_STEP][PASSED] - Statement - counter = counter + 1: null

2018-12-13 00:09:16 - [TEST_STEP][PASSED] - Statement - PreSaveFile = new java.io.File(((pathPrefix + java.lang.Integer.toString(counter)) + .png)): null

2018-12-13 00:09:16 - [TEST_STEP][PASSED] - Statement - counter = counter + 1: null

2018-12-13 00:09:16 - [TEST_STEP][PASSED] - Statement - PreSaveFile = new java.io.File(((pathPrefix + java.lang.Integer.toString(counter)) + .png)): null

2018-12-13 00:09:16 - [TEST_STEP][PASSED] - Statement - counter = counter + 1: null

2018-12-13 00:09:16 - [TEST_STEP][PASSED] - Statement - PreSaveFile = new java.io.File(((pathPrefix + java.lang.Integer.toString(counter)) + .png)): null

2018-12-13 00:09:16 - [TEST_STEP][PASSED] - Statement - counter = counter + 1: null

2018-12-13 00:09:16 - [TEST_STEP][PASSED] - Statement - PreSaveFile = new java.io.File(((pathPrefix + java.lang.Integer.toString(counter)) + .png)): null

2018-12-13 00:09:16 - [TEST_STEP][PASSED] - Statement - counter = counter + 1: null

2018-12-13 00:09:16 - [TEST_STEP][PASSED] - Statement - PreSaveFile = new java.io.File(((pathPrefix + java.lang.Integer.toString(counter)) + .png)): null

2018-12-13 00:09:16 - [TEST_STEP][PASSED] - Statement - counter = counter + 1: null

2018-12-13 00:09:16 - [TEST_STEP][PASSED] - Statement - PreSaveFile = new java.io.File(((pathPrefix + java.lang.Integer.toString(counter)) + .png)): null

2018-12-13 00:09:16 - [TEST_STEP][PASSED] - Statement - counter = counter + 1: null

2018-12-13 00:09:16 - [TEST_STEP][PASSED] - Statement - PreSaveFile = new java.io.File(((pathPrefix + java.lang.Integer.toString(counter)) + .png)): null

2018-12-13 00:09:16 - [TEST_STEP][PASSED] - Statement - counter = counter + 1: null

2018-12-13 00:09:16 - [TEST_STEP][PASSED] - Statement - PreSaveFile = new java.io.File(((pathPrefix + java.lang.Integer.toString(counter)) + .png)): null

2018-12-13 00:09:16 - [TEST_STEP][PASSED] - Statement - counter = counter + 1: null

2018-12-13 00:09:16 - [TEST_STEP][PASSED] - Statement - PreSaveFile = new java.io.File(((pathPrefix + java.lang.Integer.toString(counter)) + .png)): null

2018-12-13 00:09:16 - [TEST_STEP][PASSED] - Statement - counter = counter + 1: null

2018-12-13 00:09:16 - [TEST_STEP][PASSED] - Statement - PreSaveFile = new java.io.File(((pathPrefix + java.lang.Integer.toString(counter)) + .png)): null

2018-12-13 00:09:16 - [TEST_STEP][PASSED] - Statement - counter = counter + 1: null

2018-12-13 00:09:16 - [TEST_STEP][PASSED] - Statement - PreSaveFile = new java.io.File(((pathPrefix + java.lang.Integer.toString(counter)) + .png)): null

2018-12-13 00:09:16 - [TEST_STEP][PASSED] - Statement - counter = counter + 1: null

2018-12-13 00:09:16 - [TEST_STEP][PASSED] - Statement - PreSaveFile = new java.io.File(((pathPrefix + java.lang.Integer.toString(counter)) + .png)): null

2018-12-13 00:09:16 - [TEST_STEP][PASSED] - Statement - counter = counter + 1: null

2018-12-13 00:09:16 - [TEST_STEP][PASSED] - Statement - PreSaveFile = new java.io.File(((pathPrefix + java.lang.Integer.toString(counter)) + .png)): null

2018-12-13 00:09:16 - [TEST_STEP][PASSED] - Statement - counter = counter + 1: null

2018-12-13 00:09:16 - [TEST_STEP][PASSED] - Statement - PreSaveFile = new java.io.File(((pathPrefix + java.lang.Integer.toString(counter)) + .png)): null

2018-12-13 00:09:16 - [TEST_STEP][PASSED] - Statement - counter = counter + 1: null

2018-12-13 00:09:16 - [TEST_STEP][PASSED] - Statement - PreSaveFile = new java.io.File(((pathPrefix + java.lang.Integer.toString(counter)) + .png)): null

2018-12-13 00:09:16 - [TEST_STEP][PASSED] - Statement - counter = counter + 1: null

2018-12-13 00:09:16 - [TEST_STEP][PASSED] - Statement - PreSaveFile = new java.io.File(((pathPrefix + java.lang.Integer.toString(counter)) + .png)): null

2018-12-13 00:09:16 - [TEST_STEP][PASSED] - Statement - counter = counter + 1: null

2018-12-13 00:09:16 - [TEST_STEP][PASSED] - Statement - PreSaveFile = new java.io.File(((pathPrefix + java.lang.Integer.toString(counter)) + .png)): null

2018-12-13 00:09:16 - [TEST_STEP][PASSED] - Statement - counter = counter + 1: null

2018-12-13 00:09:16 - [TEST_STEP][PASSED] - Statement - PreSaveFile = new java.io.File(((pathPrefix + java.lang.Integer.toString(counter)) + .png)): null

2018-12-13 00:09:16 - [TEST_STEP][PASSED] - Statement - counter = counter + 1: null

2018-12-13 00:09:16 - [TEST_STEP][PASSED] - Statement - PreSaveFile = new java.io.File(((pathPrefix + java.lang.Integer.toString(counter)) + .png)): null

2018-12-13 00:09:16 - [TEST_STEP][PASSED] - Statement - counter = counter + 1: null

2018-12-13 00:09:16 - [TEST_STEP][PASSED] - Statement - PreSaveFile = new java.io.File(((pathPrefix + java.lang.Integer.toString(counter)) + .png)): null

2018-12-13 00:09:16 - [TEST_STEP][PASSED] - Statement - counter = counter + 1: null

2018-12-13 00:09:16 - [TEST_STEP][PASSED] - Statement - PreSaveFile = new java.io.File(((pathPrefix + java.lang.Integer.toString(counter)) + .png)): null

2018-12-13 00:09:16 - [TEST_STEP][PASSED] - Statement - counter = counter + 1: null

2018-12-13 00:09:16 - [TEST_STEP][PASSED] - Statement - PreSaveFile = new java.io.File(((pathPrefix + java.lang.Integer.toString(counter)) + .png)): null

2018-12-13 00:09:16 - [TEST_STEP][PASSED] - Statement - counter = counter + 1: null

2018-12-13 00:09:16 - [TEST_STEP][PASSED] - Statement - PreSaveFile = new java.io.File(((pathPrefix + java.lang.Integer.toString(counter)) + .png)): null

2018-12-13 00:09:16 - [TEST_STEP][PASSED] - Statement - counter = counter + 1: null

2018-12-13 00:09:16 - [TEST_STEP][PASSED] - Statement - PreSaveFile = new java.io.File(((pathPrefix + java.lang.Integer.toString(counter)) + .png)): null

2018-12-13 00:09:16 - [TEST_STEP][PASSED] - Statement - counter = counter + 1: null

2018-12-13 00:09:16 - [TEST_STEP][PASSED] - Statement - PreSaveFile = new java.io.File(((pathPrefix + java.lang.Integer.toString(counter)) + .png)): null

2018-12-13 00:09:16 - [TEST_STEP][PASSED] - Statement - counter = counter + 1: null

2018-12-13 00:09:16 - [TEST_STEP][PASSED] - Statement - PreSaveFile = new java.io.File(((pathPrefix + java.lang.Integer.toString(counter)) + .png)): null

2018-12-13 00:09:16 - [TEST_STEP][PASSED] - Statement - counter = counter + 1: null

2018-12-13 00:09:16 - [TEST_STEP][PASSED] - Statement - PreSaveFile = new java.io.File(((pathPrefix + java.lang.Integer.toString(counter)) + .png)): null

2018-12-13 00:09:16 - [TEST_STEP][PASSED] - Statement - counter = counter + 1: null

2018-12-13 00:09:16 - [TEST_STEP][PASSED] - Statement - PreSaveFile = new java.io.File(((pathPrefix + java.lang.Integer.toString(counter)) + .png)): null

2018-12-13 00:09:16 - [TEST_STEP][PASSED] - Statement - counter = counter + 1: null

2018-12-13 00:09:16 - [TEST_STEP][PASSED] - Statement - PreSaveFile = new java.io.File(((pathPrefix + java.lang.Integer.toString(counter)) + .png)): null

2018-12-13 00:09:16 - [TEST_STEP][PASSED] - Statement - counter = counter + 1: null

2018-12-13 00:09:16 - [TEST_STEP][PASSED] - Statement - PreSaveFile = new java.io.File(((pathPrefix + java.lang.Integer.toString(counter)) + .png)): null

2018-12-13 00:09:16 - [TEST_STEP][PASSED] - Statement - counter = counter + 1: null

2018-12-13 00:09:16 - [TEST_STEP][PASSED] - Statement - PreSaveFile = new java.io.File(((pathPrefix + java.lang.Integer.toString(counter)) + .png)): null

2018-12-13 00:09:16 - [TEST_STEP][PASSED] - Statement - counter = counter + 1: null

2018-12-13 00:09:16 - [TEST_STEP][PASSED] - Statement - PreSaveFile = new java.io.File(((pathPrefix + java.lang.Integer.toString(counter)) + .png)): null

2018-12-13 00:09:16 - [TEST_STEP][PASSED] - Statement - counter = counter + 1: null

2018-12-13 00:09:16 - [TEST_STEP][PASSED] - Statement - PreSaveFile = new java.io.File(((pathPrefix + java.lang.Integer.toString(counter)) + .png)): null

2018-12-13 00:09:16 - [TEST_STEP][PASSED] - Statement - counter = counter + 1: null

2018-12-13 00:09:16 - [TEST_STEP][PASSED] - Statement - PreSaveFile = new java.io.File(((pathPrefix + java.lang.Integer.toString(counter)) + .png)): null

2018-12-13 00:09:16 - [TEST_STEP][PASSED] - Statement - counter = counter + 1: null

2018-12-13 00:09:16 - [TEST_STEP][PASSED] - Statement - PreSaveFile = new java.io.File(((pathPrefix + java.lang.Integer.toString(counter)) + .png)): null

2018-12-13 00:09:16 - [TEST_STEP][PASSED] - Statement - counter = counter + 1: null

2018-12-13 00:09:16 - [TEST_STEP][PASSED] - Statement - PreSaveFile = new java.io.File(((pathPrefix + java.lang.Integer.toString(counter)) + .png)): null

2018-12-13 00:09:16 - [TEST_STEP][PASSED] - Statement - counter = counter + 1: null

2018-12-13 00:09:16 - [TEST_STEP][PASSED] - Statement - PreSaveFile = new java.io.File(((pathPrefix + java.lang.Integer.toString(counter)) + .png)): null

2018-12-13 00:09:16 - [TEST_STEP][PASSED] - Statement - counter = counter + 1: null

2018-12-13 00:09:16 - [TEST_STEP][PASSED] - Statement - PreSaveFile = new java.io.File(((pathPrefix + java.lang.Integer.toString(counter)) + .png)): null

2018-12-13 00:09:16 - [TEST_STEP][PASSED] - Statement - counter = counter + 1: null

2018-12-13 00:09:16 - [TEST_STEP][PASSED] - Statement - PreSaveFile = new java.io.File(((pathPrefix + java.lang.Integer.toString(counter)) + .png)): null

2018-12-13 00:09:16 - [TEST_STEP][PASSED] - Statement - counter = counter + 1: null

2018-12-13 00:09:16 - [TEST_STEP][PASSED] - Statement - PreSaveFile = new java.io.File(((pathPrefix + java.lang.Integer.toString(counter)) + .png)): null

2018-12-13 00:09:16 - [TEST_STEP][PASSED] - Statement - counter = counter + 1: null

2018-12-13 00:09:16 - [TEST_STEP][PASSED] - Statement - PreSaveFile = new java.io.File(((pathPrefix + java.lang.Integer.toString(counter)) + .png)): null

2018-12-13 00:09:16 - [TEST_STEP][PASSED] - Statement - counter = counter + 1: null

2018-12-13 00:09:16 - [TEST_STEP][PASSED] - Statement - PreSaveFile = new java.io.File(((pathPrefix + java.lang.Integer.toString(counter)) + .png)): null

2018-12-13 00:09:16 - [TEST_STEP][PASSED] - Statement - counter = counter + 1: null

2018-12-13 00:09:16 - [TEST_STEP][PASSED] - Statement - PreSaveFile = new java.io.File(((pathPrefix + java.lang.Integer.toString(counter)) + .png)): null

2018-12-13 00:09:16 - [TEST_STEP][PASSED] - Statement - counter = counter + 1: null

2018-12-13 00:09:16 - [TEST_STEP][PASSED] - Statement - PreSaveFile = new java.io.File(((pathPrefix + java.lang.Integer.toString(counter)) + .png)): null

2018-12-13 00:09:16 - [TEST_STEP][PASSED] - Statement - counter = counter + 1: null

2018-12-13 00:09:16 - [TEST_STEP][PASSED] - Statement - PreSaveFile = new java.io.File(((pathPrefix + java.lang.Integer.toString(counter)) + .png)): null

2018-12-13 00:09:16 - [TEST_STEP][PASSED] - Statement - counter = counter + 1: null

2018-12-13 00:09:16 - [TEST_STEP][PASSED] - Statement - PreSaveFile = new java.io.File(((pathPrefix + java.lang.Integer.toString(counter)) + .png)): null

2018-12-13 00:09:16 - [TEST_STEP][PASSED] - Statement - counter = counter + 1: null

2018-12-13 00:09:16 - [TEST_STEP][PASSED] - Statement - PreSaveFile = new java.io.File(((pathPrefix + java.lang.Integer.toString(counter)) + .png)): null

2018-12-13 00:09:16 - [TEST_STEP][PASSED] - Statement - counter = counter + 1: null

2018-12-13 00:09:16 - [TEST_STEP][PASSED] - Statement - PreSaveFile = new java.io.File(((pathPrefix + java.lang.Integer.toString(counter)) + .png)): null

2018-12-13 00:09:16 - [TEST_STEP][PASSED] - Statement - counter = counter + 1: null

2018-12-13 00:09:16 - [TEST_STEP][PASSED] - Statement - PreSaveFile = new java.io.File(((pathPrefix + java.lang.Integer.toString(counter)) + .png)): null

2018-12-13 00:09:16 - [TEST_STEP][PASSED] - Statement - counter = counter + 1: null

2018-12-13 00:09:16 - [TEST_STEP][PASSED] - Statement - PreSaveFile = new java.io.File(((pathPrefix + java.lang.Integer.toString(counter)) + .png)): null

2018-12-13 00:09:16 - [TEST_STEP][PASSED] - Statement - counter = counter + 1: null

2018-12-13 00:09:16 - [TEST_STEP][PASSED] - Statement - PreSaveFile = new java.io.File(((pathPrefix + java.lang.Integer.toString(counter)) + .png)): null

2018-12-13 00:09:16 - [TEST_STEP][PASSED] - Statement - counter = counter + 1: null

2018-12-13 00:09:16 - [TEST_STEP][PASSED] - Statement - PreSaveFile = new java.io.File(((pathPrefix + java.lang.Integer.toString(counter)) + .png)): null

2018-12-13 00:09:16 - [TEST_STEP][PASSED] - Statement - counter = counter + 1: null

2018-12-13 00:09:16 - [TEST_STEP][PASSED] - Statement - PreSaveFile = new java.io.File(((pathPrefix + java.lang.Integer.toString(counter)) + .png)): null

2018-12-13 00:09:16 - [TEST_STEP][PASSED] - Statement - counter = counter + 1: null

2018-12-13 00:09:16 - [TEST_STEP][PASSED] - Statement - PreSaveFile = new java.io.File(((pathPrefix + java.lang.Integer.toString(counter)) + .png)): null

2018-12-13 00:09:16 - [TEST_STEP][PASSED] - Statement - counter = counter + 1: null

2018-12-13 00:09:16 - [TEST_STEP][PASSED] - Statement - PreSaveFile = new java.io.File(((pathPrefix + java.lang.Integer.toString(counter)) + .png)): null

2018-12-13 00:09:16 - [TEST_STEP][PASSED] - Statement - counter = counter + 1: null

2018-12-13 00:09:16 - [TEST_STEP][PASSED] - Statement - PreSaveFile = new java.io.File(((pathPrefix + java.lang.Integer.toString(counter)) + .png)): null

2018-12-13 00:09:16 - [TEST_STEP][PASSED] - Statement - counter = counter + 1: null

2018-12-13 00:09:16 - [TEST_STEP][PASSED] - Statement - PreSaveFile = new java.io.File(((pathPrefix + java.lang.Integer.toString(counter)) + .png)): null

2018-12-13 00:09:16 - [TEST_STEP][PASSED] - Statement - counter = counter + 1: null

2018-12-13 00:09:16 - [TEST_STEP][PASSED] - Statement - PreSaveFile = new java.io.File(((pathPrefix + java.lang.Integer.toString(counter)) + .png)): null

2018-12-13 00:09:16 - [TEST_STEP][PASSED] - Statement - counter = counter + 1: null

2018-12-13 00:09:16 - [TEST_STEP][PASSED] - Statement - PreSaveFile = new java.io.File(((pathPrefix + java.lang.Integer.toString(counter)) + .png)): null

2018-12-13 00:09:16 - [TEST_STEP][PASSED] - Statement - counter = counter + 1: null

2018-12-13 00:09:16 - [TEST_STEP][PASSED] - Statement - PreSaveFile = new java.io.File(((pathPrefix + java.lang.Integer.toString(counter)) + .png)): null

2018-12-13 00:09:16 - [TEST_STEP][PASSED] - Statement - counter = counter + 1: null

2018-12-13 00:09:16 - [TEST_STEP][PASSED] - Statement - PreSaveFile = new java.io.File(((pathPrefix + java.lang.Integer.toString(counter)) + .png)): null

2018-12-13 00:09:16 - [TEST_STEP][PASSED] - Statement - counter = counter + 1: null

2018-12-13 00:09:16 - [TEST_STEP][PASSED] - Statement - PreSaveFile = new java.io.File(((pathPrefix + java.lang.Integer.toString(counter)) + .png)): null

2018-12-13 00:09:16 - [TEST_STEP][PASSED] - Statement - counter = counter + 1: null

2018-12-13 00:09:16 - [TEST_STEP][PASSED] - Statement - PreSaveFile = new java.io.File(((pathPrefix + java.lang.Integer.toString(counter)) + .png)): null

2018-12-13 00:09:16 - [TEST_STEP][PASSED] - Statement - counter = counter + 1: null

2018-12-13 00:09:16 - [TEST_STEP][PASSED] - Statement - PreSaveFile = new java.io.File(((pathPrefix + java.lang.Integer.toString(counter)) + .png)): null

2018-12-13 00:09:16 - [TEST_STEP][PASSED] - Statement - counter = counter + 1: null

2018-12-13 00:09:16 - [TEST_STEP][PASSED] - Statement - PreSaveFile = new java.io.File(((pathPrefix + java.lang.Integer.toString(counter)) + .png)): null

2018-12-13 00:09:16 - [TEST_STEP][PASSED] - Statement - counter = counter + 1: null

2018-12-13 00:09:16 - [TEST_STEP][PASSED] - Statement - PreSaveFile = new java.io.File(((pathPrefix + java.lang.Integer.toString(counter)) + .png)): null

2018-12-13 00:09:16 - [TEST_STEP][PASSED] - Statement - counter = counter + 1: null

2018-12-13 00:09:16 - [TEST_STEP][PASSED] - Statement - PreSaveFile = new java.io.File(((pathPrefix + java.lang.Integer.toString(counter)) + .png)): null

2018-12-13 00:09:16 - [TEST_STEP][PASSED] - Statement - counter = counter + 1: null

2018-12-13 00:09:16 - [TEST_STEP][PASSED] - Statement - PreSaveFile = new java.io.File(((pathPrefix + java.lang.Integer.toString(counter)) + .png)): null

2018-12-13 00:09:16 - [TEST_STEP][PASSED] - Statement - counter = counter + 1: null

2018-12-13 00:09:16 - [TEST_STEP][PASSED] - Statement - PreSaveFile = new java.io.File(((pathPrefix + java.lang.Integer.toString(counter)) + .png)): null

2018-12-13 00:09:16 - [TEST_STEP][PASSED] - Statement - counter = counter + 1: null

2018-12-13 00:09:16 - [TEST_STEP][PASSED] - Statement - PreSaveFile = new java.io.File(((pathPrefix + java.lang.Integer.toString(counter)) + .png)): null

2018-12-13 00:09:16 - [TEST_STEP][PASSED] - Statement - counter = counter + 1: null

2018-12-13 00:09:16 - [TEST_STEP][PASSED] - Statement - PreSaveFile = new java.io.File(((pathPrefix + java.lang.Integer.toString(counter)) + .png)): null

2018-12-13 00:09:16 - [TEST_STEP][PASSED] - Statement - counter = counter + 1: null

2018-12-13 00:09:16 - [TEST_STEP][PASSED] - Statement - PreSaveFile = new java.io.File(((pathPrefix + java.lang.Integer.toString(counter)) + .png)): null

2018-12-13 00:09:16 - [TEST_STEP][PASSED] - Statement - counter = counter + 1: null

2018-12-13 00:09:16 - [TEST_STEP][PASSED] - Statement - PreSaveFile = new java.io.File(((pathPrefix + java.lang.Integer.toString(counter)) + .png)): null

2018-12-13 00:09:16 - [TEST_STEP][PASSED] - Statement - counter = counter + 1: null

2018-12-13 00:09:16 - [TEST_STEP][PASSED] - Statement - PreSaveFile = new java.io.File(((pathPrefix + java.lang.Integer.toString(counter)) + .png)): null

2018-12-13 00:09:16 - [TEST_STEP][PASSED] - Statement - counter = counter + 1: null

2018-12-13 00:09:16 - [TEST_STEP][PASSED] - Statement - PreSaveFile = new java.io.File(((pathPrefix + java.lang.Integer.toString(counter)) + .png)): null

2018-12-13 00:09:16 - [TEST_STEP][PASSED] - Statement - counter = counter + 1: null

2018-12-13 00:09:16 - [TEST_STEP][PASSED] - Statement - PreSaveFile = new java.io.File(((pathPrefix + java.lang.Integer.toString(counter)) + .png)): null

2018-12-13 00:09:16 - [TEST_STEP][PASSED] - Statement - counter = counter + 1: null

2018-12-13 00:09:16 - [TEST_STEP][PASSED] - Statement - PreSaveFile = new java.io.File(((pathPrefix + java.lang.Integer.toString(counter)) + .png)): null

2018-12-13 00:09:16 - [TEST_STEP][PASSED] - Statement - counter = counter + 1: null

2018-12-13 00:09:16 - [TEST_STEP][PASSED] - Statement - PreSaveFile = new java.io.File(((pathPrefix + java.lang.Integer.toString(counter)) + .png)): null

2018-12-13 00:09:16 - [TEST_STEP][PASSED] - Statement - counter = counter + 1: null

2018-12-13 00:09:16 - [TEST_STEP][PASSED] - Statement - PreSaveFile = new java.io.File(((pathPrefix + java.lang.Integer.toString(counter)) + .png)): null

2018-12-13 00:09:16 - [TEST_STEP][PASSED] - Statement - counter = counter + 1: null

2018-12-13 00:09:16 - [TEST_STEP][PASSED] - Statement - PreSaveFile = new java.io.File(((pathPrefix + java.lang.Integer.toString(counter)) + .png)): null

2018-12-13 00:09:16 - [TEST_STEP][PASSED] - Statement - counter = counter + 1: null

2018-12-13 00:09:16 - [TEST_STEP][PASSED] - Statement - PreSaveFile = new java.io.File(((pathPrefix + java.lang.Integer.toString(counter)) + .png)): null

2018-12-13 00:09:16 - [TEST_STEP][PASSED] - Statement - counter = counter + 1: null

2018-12-13 00:09:16 - [TEST_STEP][PASSED] - Statement - PreSaveFile = new java.io.File(((pathPrefix + java.lang.Integer.toString(counter)) + .png)): null

2018-12-13 00:09:16 - [TEST_STEP][PASSED] - Statement - counter = counter + 1: null

2018-12-13 00:09:16 - [TEST_STEP][PASSED] - Statement - PreSaveFile = new java.io.File(((pathPrefix + java.lang.Integer.toString(counter)) + .png)): null

2018-12-13 00:09:16 - [TEST_STEP][PASSED] - Statement - counter = counter + 1: null

2018-12-13 00:09:16 - [TEST_STEP][PASSED] - Statement - PreSaveFile = new java.io.File(((pathPrefix + java.lang.Integer.toString(counter)) + .png)): null

2018-12-13 00:09:16 - [TEST_STEP][PASSED] - Statement - counter = counter + 1: null

2018-12-13 00:09:16 - [TEST_STEP][PASSED] - Statement - PreSaveFile = new java.io.File(((pathPrefix + java.lang.Integer.toString(counter)) + .png)): null

2018-12-13 00:09:16 - [TEST_STEP][PASSED] - Statement - counter = counter + 1: null

2018-12-13 00:09:16 - [TEST_STEP][PASSED] - Statement - PreSaveFile = new java.io.File(((pathPrefix + java.lang.Integer.toString(counter)) + .png)): null

2018-12-13 00:09:16 - [TEST_STEP][PASSED] - Statement - counter = counter + 1: null

2018-12-13 00:09:16 - [TEST_STEP][PASSED] - Statement - PreSaveFile = new java.io.File(((pathPrefix + java.lang.Integer.toString(counter)) + .png)): null

2018-12-13 00:09:16 - [TEST_STEP][PASSED] - Statement - counter = counter + 1: null

2018-12-13 00:09:16 - [TEST_STEP][PASSED] - Statement - PreSaveFile = new java.io.File(((pathPrefix + java.lang.Integer.toString(counter)) + .png)): null

2018-12-13 00:09:16 - [TEST_STEP][PASSED] - Statement - counter = counter + 1: null

2018-12-13 00:09:16 - [TEST_STEP][PASSED] - Statement - PreSaveFile = new java.io.File(((pathPrefix + java.lang.Integer.toString(counter)) + .png)): null

2018-12-13 00:09:16 - [TEST_STEP][PASSED] - Statement - counter = counter + 1: null

2018-12-13 00:09:16 - [TEST_STEP][PASSED] - Statement - PreSaveFile = new java.io.File(((pathPrefix + java.lang.Integer.toString(counter)) + .png)): null

2018-12-13 00:09:16 - [TEST_STEP][PASSED] - Statement - counter = counter + 1: null

2018-12-13 00:09:16 - [TEST_STEP][PASSED] - Statement - PreSaveFile = new java.io.File(((pathPrefix + java.lang.Integer.toString(counter)) + .png)): null

2018-12-13 00:09:16 - [TEST_STEP][PASSED] - Statement - counter = counter + 1: null

2018-12-13 00:09:16 - [TEST_STEP][PASSED] - Statement - PreSaveFile = new java.io.File(((pathPrefix + java.lang.Integer.toString(counter)) + .png)): null

2018-12-13 00:09:16 - [TEST_STEP][PASSED] - Statement - counter = counter + 1: null

2018-12-13 00:09:16 - [TEST_STEP][PASSED] - Statement - PreSaveFile = new java.io.File(((pathPrefix + java.lang.Integer.toString(counter)) + .png)): null

2018-12-13 00:09:16 - [TEST_STEP][PASSED] - Statement - counter = counter + 1: null

2018-12-13 00:09:16 - [TEST_STEP][PASSED] - Statement - PreSaveFile = new java.io.File(((pathPrefix + java.lang.Integer.toString(counter)) + .png)): null

2018-12-13 00:09:16 - [TEST_STEP][PASSED] - Statement - counter = counter + 1: null

2018-12-13 00:09:16 - [TEST_STEP][PASSED] - Statement - PreSaveFile = new java.io.File(((pathPrefix + java.lang.Integer.toString(counter)) + .png)): null

2018-12-13 00:09:16 - [TEST_STEP][PASSED] - Statement - counter = counter + 1: null

2018-12-13 00:09:16 - [TEST_STEP][PASSED] - Statement - PreSaveFile = new java.io.File(((pathPrefix + java.lang.Integer.toString(counter)) + .png)): null

2018-12-13 00:09:16 - [TEST_STEP][PASSED] - Statement - counter = counter + 1: null

2018-12-13 00:09:16 - [TEST_STEP][PASSED] - Statement - PreSaveFile = new java.io.File(((pathPrefix + java.lang.Integer.toString(counter)) + .png)): null

2018-12-13 00:09:16 - [TEST_STEP][PASSED] - Statement - counter = counter + 1: null

2018-12-13 00:09:16 - [TEST_STEP][PASSED] - Statement - PreSaveFile = new java.io.File(((pathPrefix + java.lang.Integer.toString(counter)) + .png)): null

2018-12-13 00:09:16 - [TEST_STEP][PASSED] - Statement - finalPath = pathPrefix + java.lang.Integer.toString(counter) + ".png": null

2018-12-13 00:09:16 - [TEST_STEP][PASSED] - Statement - SaveFile = new java.io.File(finalPath): null

2018-12-13 00:09:16 - [TEST_STEP][PASSED] - Statement - Try: null

2018-12-13 00:09:16 - [TEST_STEP][PASSED] - Statement - org.apache.commons.io.FileUtils.copyFile(scrFile, SaveFile): null

2018-12-13 00:09:16 - [TEST_STEP][PASSED] - Statement - out.println("file kept"): null

2018-12-13 00:09:16 - [TEST_STEP][PASSED] - delay: Delayed 10 second(s)

2018-12-13 00:09:26 - [MESSAGE][PASSED] - Delayed 10 second(s)

2018-12-13 00:09:26 - [MESSAGE][PASSED] - Call Test Case 'Test Cases/Final Aug 2018 - PKS Automation/Registration Module/New Registration/Submit and Screenshot/Submit Registration and Screenshot' successfully

2018-12-13 00:09:26 - [TEST_STEP][PASSED] - callTestCase: Call Test Case 'Test Cases/Final Aug 2018 - PKS Automation/Registration Module/Log Out/log out avoiding katalon tagging' successfully

2018-12-13 00:09:26 - [TEST_CASE][PASSED] - Test Cases/Final Aug 2018 - PKS Automation/Registration Module/Log Out/log out avoiding katalon tagging: Test Cases/Final Aug 2018 - PKS Automation/Registration Module/Log Out/log out avoiding katalon tagging

2018-12-13 00:09:26 - [TEST_STEP][PASSED] - navigateToUrl: Navigate to 'https://assist2-uat.perkeso.gov.my/c/portal/logout' successfully

2018-12-13 00:09:27 - [MESSAGE][PASSED] - Navigate to 'https://assist2-uat.perkeso.gov.my/c/portal/logout' successfully

2018-12-13 00:09:27 - [MESSAGE][PASSED] - Call Test Case 'Test Cases/Final Aug 2018 - PKS Automation/Registration Module/Log Out/log out avoiding katalon tagging' successfully

2018-12-13 00:09:27 - [TEST_STEP][PASSED] - callTestCase: Call Test Case 'Test Cases/Final Aug 2018 - PKS Automation/Common/Workflow Owner Finder' successfully

2018-12-13 00:09:27 - [TEST_CASE][PASSED] - Test Cases/Final Aug 2018 - PKS Automation/Common/Workflow Owner Finder: Test Cases/Final Aug 2018 - PKS Automation/Common/Workflow Owner Finder

2018-12-13 00:09:28 - [TEST_STEP][PASSED] - openBrowser: Browser is opened with url: ''

2018-12-13 00:09:28 - [MESSAGE][WARNING] - A browser is already opened. Closing browser and opening a new one

2018-12-13 00:09:32 - [MESSAGE][PASSED] - Browser is opened with url: ''

2018-12-13 00:09:32 - [TEST_STEP][PASSED] - navigateToUrl: Navigate to 'https://assist2-uat.perkeso.gov.my/login' successfully

2018-12-13 00:09:33 - [MESSAGE][PASSED] - Navigate to 'https://assist2-uat.perkeso.gov.my/login' successfully

2018-12-13 00:09:33 - [TEST_STEP][PASSED] - delay: Delayed 5 second(s)

2018-12-13 00:09:38 - [MESSAGE][PASSED] - Delayed 5 second(s)

2018-12-13 00:09:38 - [TEST_STEP][PASSED] - setText: Text 'test@liferay.com' is set on object 'Object Repository/Final Object Repo/Login Page/Internal User/Email Address'

2018-12-13 00:09:38 - [MESSAGE][PASSED] - Text 'test@liferay.com' is set on object 'Object Repository/Final Object Repo/Login Page/Internal User/Email Address'

2018-12-13 00:09:38 - [TEST_STEP][PASSED] - click: Object: 'Object Repository/Final Object Repo/Login Page/Internal User/Next Button' is clicked on

2018-12-13 00:09:38 - [MESSAGE][PASSED] - Object: 'Object Repository/Final Object Repo/Login Page/Internal User/Next Button' is clicked on

2018-12-13 00:09:38 - [TEST_STEP][PASSED] - delay: Delayed 2 second(s)

2018-12-13 00:09:40 - [MESSAGE][PASSED] - Delayed 2 second(s)

2018-12-13 00:09:40 - [TEST_STEP][PASSED] - setText: Text 'test' is set on object 'Object Repository/Final Object Repo/Login Page/Internal User/Password'

2018-12-13 00:09:40 - [MESSAGE][PASSED] - Text 'test' is set on object 'Object Repository/Final Object Repo/Login Page/Internal User/Password'

2018-12-13 00:09:40 - [TEST_STEP][PASSED] - delay: Delayed 2 second(s)

2018-12-13 00:09:42 - [MESSAGE][PASSED] - Delayed 2 second(s)

2018-12-13 00:09:42 - [TEST_STEP][PASSED] - click: Object: 'Object Repository/Final Object Repo/Login Page/Internal User/Login Button' is clicked on

2018-12-13 00:09:43 - [MESSAGE][PASSED] - Object: 'Object Repository/Final Object Repo/Login Page/Internal User/Login Button' is clicked on

2018-12-13 00:09:43 - [TEST_STEP][PASSED] - Statement - tester = com.kms.katalon.core.testobject.ObjectRepository.findTestObject(Final Object Repo/Landing Page/Select to English): Finding Test Object with id 'Object Repository/Final Object Repo/Landing Page/Select to English'

2018-12-13 00:09:43 - [TEST_STEP][PASSED] - Statement - Try: Delayed 2 second(s)

2018-12-13 00:09:43 - [TEST_STEP][PASSED] - Statement - Checker = com.kms.katalon.core.webui.keyword.WebUiBuiltInKeywords.verifyElementNotPresent(tester, 3): Web element with id: 'Object Repository/Final Object Repo/Landing Page/Select to English' located by 'By.xpath: //a[@class = 'taglib-language-list-text' and @lang = 'en-US' and (contains(text(), 'EN') or contains(., 'EN'))]' is not present after '3' second(s)

2018-12-13 00:09:44 - [MESSAGE][PASSED] - Web element with id: 'Object Repository/Final Object Repo/Landing Page/Select to English' located by 'By.xpath: //a[@class = 'taglib-language-list-text' and @lang = 'en-US' and (contains(text(), 'EN') or contains(., 'EN'))]' is not present after '3' second(s)

2018-12-13 00:09:44 - [TEST_STEP][PASSED] - Statement - If (Checker == false): null

2018-12-13 00:09:44 - [TEST_STEP][PASSED] - delay: Delayed 2 second(s)

2018-12-13 00:09:46 - [MESSAGE][PASSED] - Delayed 2 second(s)

2018-12-13 00:09:46 - [TEST_STEP][PASSED] - delay: Delayed 5 second(s)

2018-12-13 00:09:51 - [MESSAGE][PASSED] - Delayed 5 second(s)

2018-12-13 00:09:51 - [TEST_STEP][PASSED] - mouseOver: Object: 'Object Repository/Final Object Repo/Landing Page/WorkFlow Menu' is hovered

2018-12-13 00:09:51 - [MESSAGE][PASSED] - Object: 'Object Repository/Final Object Repo/Landing Page/WorkFlow Menu' is hovered

2018-12-13 00:09:51 - [TEST_STEP][PASSED] - delay: Delayed 2 second(s)

2018-12-13 00:09:53 - [MESSAGE][PASSED] - Delayed 2 second(s)

2018-12-13 00:09:53 - [TEST_STEP][PASSED] - click: Object: 'Object Repository/Final Object Repo/Landing Page/Select to Workflow Listing' is clicked on

2018-12-13 00:09:55 - [MESSAGE][PASSED] - Object: 'Object Repository/Final Object Repo/Landing Page/Select to Workflow Listing' is clicked on

2018-12-13 00:09:55 - [TEST_STEP][PASSED] - delay: Delayed 2 second(s)

2018-12-13 00:09:57 - [MESSAGE][PASSED] - Delayed 2 second(s)

2018-12-13 00:09:57 - [TEST_STEP][PASSED] - click: Object: 'Object Repository/Final Object Repo/WorkFlow Listing Page/Search Information - To Put Ref No' is clicked on

2018-12-13 00:09:57 - [MESSAGE][PASSED] - Object: 'Object Repository/Final Object Repo/WorkFlow Listing Page/Search Information - To Put Ref No' is clicked on

2018-12-13 00:09:57 - [TEST_STEP][PASSED] - delay: Delayed 2 second(s)

2018-12-13 00:09:59 - [MESSAGE][PASSED] - Delayed 2 second(s)

2018-12-13 00:09:59 - [TEST_STEP][PASSED] - callTestCase: Call Test Case 'Test Cases/Final Aug 2018 - PKS Automation/Common/Reference Number Getter' successfully

2018-12-13 00:09:59 - [TEST_CASE][PASSED] - Test Cases/Final Aug 2018 - PKS Automation/Common/Reference Number Getter: Test Cases/Final Aug 2018 - PKS Automation/Common/Reference Number Getter

2018-12-13 00:09:59 - [TEST_STEP][PASSED] - Statement - Try: null

2018-12-13 00:09:59 - [TEST_STEP][PASSED] - Statement - RefNo = new java.io.File(C://Users//Admin//Desktop//PKS//Automation Reference Point//KatalonReference.txt): null

2018-12-13 00:09:59 - [TEST_STEP][PASSED] - Statement - bufferread = new java.io.BufferedReader(new java.io.FileReader(RefNo)): null

2018-12-13 00:09:59 - [TEST_STEP][PASSED] - Statement - readedVal = bufferread.readLine(): null

2018-12-13 00:09:59 - [TEST_STEP][PASSED] - Statement - out.println(CaseReferenceNo): null

2018-12-13 00:09:59 - [TEST_STEP][PASSED] - Statement - out.println(readedVal): null

2018-12-13 00:09:59 - [TEST_STEP][PASSED] - Statement - CaseReferenceNo = "": null

2018-12-13 00:09:59 - [TEST_STEP][PASSED] - Statement - CaseReferenceNo = readedVal: null

2018-12-13 00:09:59 - [MESSAGE][PASSED] - Call Test Case 'Test Cases/Final Aug 2018 - PKS Automation/Common/Reference Number Getter' successfully

2018-12-13 00:09:59 - [TEST_STEP][PASSED] - setText: Text 'CRN12201800123251' is set on object 'Object Repository/Final Object Repo/WorkFlow Listing Page/Ref No Set Text'

2018-12-13 00:09:59 - [MESSAGE][PASSED] - Text 'CRN12201800123251' is set on object 'Object Repository/Final Object Repo/WorkFlow Listing Page/Ref No Set Text'

2018-12-13 00:09:59 - [TEST_STEP][PASSED] - delay: Delayed 2 second(s)

2018-12-13 00:10:01 - [MESSAGE][PASSED] - Delayed 2 second(s)

2018-12-13 00:10:01 - [TEST_STEP][PASSED] - click: Object: 'Object Repository/Final Object Repo/WorkFlow Listing Page/Search Ref No Search Button' is clicked on

2018-12-13 00:10:02 - [MESSAGE][PASSED] - Object: 'Object Repository/Final Object Repo/WorkFlow Listing Page/Search Ref No Search Button' is clicked on

2018-12-13 00:10:02 - [TEST_STEP][PASSED] - delay: Delayed 6 second(s)

2018-12-13 00:10:08 - [MESSAGE][PASSED] - Delayed 6 second(s)

2018-12-13 00:10:08 - [TEST_STEP][PASSED] - click: Object: 'Object Repository/Final Object Repo/WorkFlow Listing Page/Click Continue Tooltip' is clicked on

2018-12-13 00:10:08 - [MESSAGE][PASSED] - Object: 'Object Repository/Final Object Repo/WorkFlow Listing Page/Click Continue Tooltip' is clicked on

2018-12-13 00:10:08 - [TEST_STEP][PASSED] - delay: Delayed 5 second(s)

2018-12-13 00:10:13 - [MESSAGE][PASSED] - Delayed 5 second(s)

2018-12-13 00:10:13 - [TEST_STEP][PASSED] - doubleClick: Object: 'Object Repository/Final Object Repo/WorkFlow Listing Page/Workflow Found - Listing 1' is double clicked on

2018-12-13 00:10:14 - [MESSAGE][PASSED] - Object: 'Object Repository/Final Object Repo/WorkFlow Listing Page/Workflow Found - Listing 1' is double clicked on

2018-12-13 00:10:14 - [TEST_STEP][PASSED] - Statement - println(OwnerID): null

2018-12-13 00:10:14 - [TEST_STEP][PASSED] - Statement - OwnerID = com.kms.katalon.core.webui.keyword.WebUiBuiltInKeywords.getText(com.kms.katalon.core.testobject.ObjectRepository.findTestObject(Final Object Repo/WorkFlow Listing Page/Workflow Found - Listing 1), STOP_ON_FAILURE): Text of object 'Object Repository/Final Object Repo/WorkFlow Listing Page/Workflow Found - Listing 1' is: 'JOHORro1'

2018-12-13 00:10:14 - [MESSAGE][PASSED] - Text of object 'Object Repository/Final Object Repo/WorkFlow Listing Page/Workflow Found - Listing 1' is: 'JOHORro1'

2018-12-13 00:10:14 - [TEST_STEP][PASSED] - Statement - OwnerID = OwnerID.toLowerCase() + "@gmail.com": null

2018-12-13 00:10:14 - [TEST_STEP][PASSED] - Statement - println(OwnerID): null

2018-12-13 00:10:14 - [TEST_STEP][PASSED] - delay: Delayed 2 second(s)

2018-12-13 00:10:16 - [MESSAGE][PASSED] - Delayed 2 second(s)

2018-12-13 00:10:16 - [MESSAGE][PASSED] - Call Test Case 'Test Cases/Final Aug 2018 - PKS Automation/Common/Workflow Owner Finder' successfully

2018-12-13 00:10:16 - [TEST_STEP][PASSED] - callTestCase: Call Test Case 'Test Cases/Final Aug 2018 - PKS Automation/Registration Module/Log Out/log out avoiding katalon tagging' successfully

2018-12-13 00:10:16 - [TEST_CASE][PASSED] - Test Cases/Final Aug 2018 - PKS Automation/Registration Module/Log Out/log out avoiding katalon tagging: Test Cases/Final Aug 2018 - PKS Automation/Registration Module/Log Out/log out avoiding katalon tagging

2018-12-13 00:10:16 - [TEST_STEP][PASSED] - navigateToUrl: Navigate to 'https://assist2-uat.perkeso.gov.my/c/portal/logout' successfully

2018-12-13 00:10:17 - [MESSAGE][PASSED] - Navigate to 'https://assist2-uat.perkeso.gov.my/c/portal/logout' successfully

2018-12-13 00:10:17 - [MESSAGE][PASSED] - Call Test Case 'Test Cases/Final Aug 2018 - PKS Automation/Registration Module/Log Out/log out avoiding katalon tagging' successfully

2018-12-13 00:10:17 - [TEST_STEP][PASSED] - delay: Delayed 2 second(s)

2018-12-13 00:10:19 - [MESSAGE][PASSED] - Delayed 2 second(s)

2018-12-13 00:10:19 - [TEST_STEP][PASSED] - setText: Text 'johorro1@gmail.com' is set on object 'Object Repository/Final Object Repo/New Registration - Registration Module Pages/New Reg - OTC to RO/Special Case - All Related Objects/Email TextBox'

2018-12-13 00:10:19 - [MESSAGE][PASSED] - Text 'johorro1@gmail.com' is set on object 'Object Repository/Final Object Repo/New Registration - Registration Module Pages/New Reg - OTC to RO/Special Case - All Related Objects/Email TextBox'

2018-12-13 00:10:19 - [TEST_STEP][PASSED] - click: Object: 'Object Repository/Final Object Repo/New Registration - Registration Module Pages/New Reg - OTC to RO/Special Case - All Related Objects/Next Button' is clicked on

2018-12-13 00:10:19 - [MESSAGE][PASSED] - Object: 'Object Repository/Final Object Repo/New Registration - Registration Module Pages/New Reg - OTC to RO/Special Case - All Related Objects/Next Button' is clicked on

2018-12-13 00:10:19 - [TEST_STEP][PASSED] - delay: Delayed 2 second(s)

2018-12-13 00:10:21 - [MESSAGE][PASSED] - Delayed 2 second(s)

2018-12-13 00:10:21 - [TEST_STEP][PASSED] - setText: Text 'Test1@3456789' is set on object 'Object Repository/Final Object Repo/New Registration - Registration Module Pages/New Reg - OTC to RO/Special Case - All Related Objects/Password TextBox'

2018-12-13 00:10:22 - [MESSAGE][PASSED] - Text 'Test1@3456789' is set on object 'Object Repository/Final Object Repo/New Registration - Registration Module Pages/New Reg - OTC to RO/Special Case - All Related Objects/Password TextBox'

2018-12-13 00:10:22 - [TEST_STEP][PASSED] - delay: Delayed 2 second(s)

2018-12-13 00:10:24 - [MESSAGE][PASSED] - Delayed 2 second(s)

2018-12-13 00:10:24 - [TEST_STEP][PASSED] - click: Object: 'Object Repository/Final Object Repo/New Registration - Registration Module Pages/New Reg - OTC to RO/Special Case - All Related Objects/Login Button' is clicked on

2018-12-13 00:10:24 - [MESSAGE][PASSED] - Object: 'Object Repository/Final Object Repo/New Registration - Registration Module Pages/New Reg - OTC to RO/Special Case - All Related Objects/Login Button' is clicked on

2018-12-13 00:10:24 - [TEST_STEP][PASSED] - delay: Delayed 2 second(s)

2018-12-13 00:10:26 - [MESSAGE][PASSED] - Delayed 2 second(s)

2018-12-13 00:10:26 - [TEST_STEP][PASSED] - Statement - Try: null

2018-12-13 00:10:26 - [TEST_STEP][PASSED] - Statement - Checker = com.kms.katalon.core.webui.keyword.WebUiBuiltInKeywords.verifyElementNotPresent("Final Object Repo/Landing Page/Select to English", 3): null

2018-12-13 00:10:26 - [TEST_STEP][PASSED] - Statement - Catch (Exception e): null

2018-12-13 00:10:26 - [TEST_STEP][PASSED] - Statement - e.printStackTrace(): null

2018-12-13 00:10:26 - [TEST_STEP][PASSED] - click: Object: 'Object Repository/Final Object Repo/New Registration - Registration Module Pages/New Reg - OTC to RO/Special Case - All Related Objects/Expand to Search' is clicked on

2018-12-13 00:10:26 - [MESSAGE][PASSED] - Object: 'Object Repository/Final Object Repo/New Registration - Registration Module Pages/New Reg - OTC to RO/Special Case - All Related Objects/Expand to Search' is clicked on

2018-12-13 00:10:26 - [TEST_STEP][FAILED] - setText: Unable to set text 'CRN12201800123251' of object 'Object Repository/Final Object Repo/New Registration - Registration Module Pages/New Reg - OTC to RO/Special Case - All Related Objects/TextBox RefNo in Workbasket' (Root cause: org.openqa.selenium.ElementNotVisibleException: element not interactable
  (Session info: chrome=70.0.3538.110)
  (Driver info: chromedriver=2.43.600210 (68dcf5eebde37173d4027fa8635e332711d2874a),platform=Windows NT 6.1.7601 SP1 x86_64) (WARNING: The server did not provide any stacktrace information)
Command duration or timeout: 0 milliseconds
Build info: version: '3.7.1', revision: '8a0099a', time: '2017-11-06T21:07:36.161Z'
System info: host: 'WIN7TEST02', ip: '10.20.3.72', os.name: 'Windows 7', os.arch: 'amd64', os.version: '6.1', java.version: '1.8.0_181'
Driver info: com.kms.katalon.selenium.driver.CChromeDriver
Capabilities {acceptInsecureCerts: false, acceptSslCerts: false, applicationCacheEnabled: false, browserConnectionEnabled: false, browserName: chrome, chrome: {chromedriverVersion: 2.43.600210 (68dcf5eebde371..., userDataDir: C:\Users\Admin\AppData\Loca...}, cssSelectorsEnabled: true, databaseEnabled: false, goog:chromeOptions: {debuggerAddress: localhost:59373}, handlesAlerts: true, hasTouchScreen: false, javascriptEnabled: true, locationContextEnabled: true, mobileEmulationEnabled: false, nativeEvents: true, networkConnectionEnabled: false, pageLoadStrategy: normal, platform: XP, platformName: XP, rotatable: false, setWindowRect: true, takesHeapSnapshot: true, takesScreenshot: true, unexpectedAlertBehaviour: , unhandledPromptBehavior: , version: 70.0.3538.110, webStorageEnabled: true}
Session ID: d532156bde692105c8366a41ef384fb4)

2018-12-13 00:10:26 - [MESSAGE][FAILED] - Unable to set text 'CRN12201800123251' of object 'Object Repository/Final Object Repo/New Registration - Registration Module Pages/New Reg - OTC to RO/Special Case - All Related Objects/TextBox RefNo in Workbasket' (Root cause: org.openqa.selenium.ElementNotVisibleException: element not interactable
  (Session info: chrome=70.0.3538.110)
  (Driver info: chromedriver=2.43.600210 (68dcf5eebde37173d4027fa8635e332711d2874a),platform=Windows NT 6.1.7601 SP1 x86_64) (WARNING: The server did not provide any stacktrace information)
Command duration or timeout: 0 milliseconds
Build info: version: '3.7.1', revision: '8a0099a', time: '2017-11-06T21:07:36.161Z'
System info: host: 'WIN7TEST02', ip: '10.20.3.72', os.name: 'Windows 7', os.arch: 'amd64', os.version: '6.1', java.version: '1.8.0_181'
Driver info: com.kms.katalon.selenium.driver.CChromeDriver
Capabilities {acceptInsecureCerts: false, acceptSslCerts: false, applicationCacheEnabled: false, browserConnectionEnabled: false, browserName: chrome, chrome: {chromedriverVersion: 2.43.600210 (68dcf5eebde371..., userDataDir: C:\Users\Admin\AppData\Loca...}, cssSelectorsEnabled: true, databaseEnabled: false, goog:chromeOptions: {debuggerAddress: localhost:59373}, handlesAlerts: true, hasTouchScreen: false, javascriptEnabled: true, locationContextEnabled: true, mobileEmulationEnabled: false, nativeEvents: true, networkConnectionEnabled: false, pageLoadStrategy: normal, platform: XP, platformName: XP, rotatable: false, setWindowRect: true, takesHeapSnapshot: true, takesScreenshot: true, unexpectedAlertBehaviour: , unhandledPromptBehavior: , version: 70.0.3538.110, webStorageEnabled: true}
Session ID: d532156bde692105c8366a41ef384fb4)
[[ATTACHMENT|C:\\Users\\Admin\\Desktop\\PKS\\Perkeso Phase A\\Reports\\Workflow\\New Registration\\20181212_204826\\1544631026587.png]]

2018-12-13 00:10:26 - [TEST_STEP][PASSED] - delay: Delayed 2 second(s)

2018-12-13 00:10:28 - [MESSAGE][PASSED] - Delayed 2 second(s)

2018-12-13 00:10:28 - [TEST_STEP][PASSED] - click: Object: 'Object Repository/Final Object Repo/New Registration - Registration Module Pages/New Reg - OTC to RO/Special Case - All Related Objects/Click Search' is clicked on

2018-12-13 00:10:29 - [MESSAGE][PASSED] - Object: 'Object Repository/Final Object Repo/New Registration - Registration Module Pages/New Reg - OTC to RO/Special Case - All Related Objects/Click Search' is clicked on

2018-12-13 00:10:29 - [TEST_STEP][PASSED] - delay: Delayed 2 second(s)

2018-12-13 00:10:31 - [MESSAGE][PASSED] - Delayed 2 second(s)

2018-12-13 00:10:31 - [TEST_STEP][PASSED] - click: Object: 'Object Repository/Final Object Repo/New Registration - Registration Module Pages/New Reg - OTC to RO/Special Case - All Related Objects/Click to Continue Workflow' is clicked on

2018-12-13 00:10:34 - [MESSAGE][PASSED] - Object: 'Object Repository/Final Object Repo/New Registration - Registration Module Pages/New Reg - OTC to RO/Special Case - All Related Objects/Click to Continue Workflow' is clicked on

2018-12-13 00:10:34 - [TEST_STEP][PASSED] - delay: Delayed 2 second(s)

2018-12-13 00:10:36 - [MESSAGE][PASSED] - Delayed 2 second(s)

2018-12-13 00:10:36 - [TEST_STEP][PASSED] - click: Object: 'Object Repository/Final Object Repo/New Registration - Registration Module Pages/New Reg - OTC to RO/Special Case - All Related Objects/Continue Button in verifying case' is clicked on

2018-12-13 00:10:38 - [MESSAGE][PASSED] - Object: 'Object Repository/Final Object Repo/New Registration - Registration Module Pages/New Reg - OTC to RO/Special Case - All Related Objects/Continue Button in verifying case' is clicked on

2018-12-13 00:10:38 - [TEST_STEP][PASSED] - delay: Delayed 2 second(s)

2018-12-13 00:10:40 - [MESSAGE][PASSED] - Delayed 2 second(s)

2018-12-13 00:10:40 - [TEST_STEP][PASSED] - click: Object: 'Object Repository/Final Object Repo/New Registration - Registration Module Pages/Form 1/Registered As a Branch - Yes' is clicked on

2018-12-13 00:10:40 - [MESSAGE][PASSED] - Object: 'Object Repository/Final Object Repo/New Registration - Registration Module Pages/Form 1/Registered As a Branch - Yes' is clicked on

2018-12-13 00:10:40 - [TEST_STEP][PASSED] - delay: Delayed 2 second(s)

2018-12-13 00:10:42 - [MESSAGE][PASSED] - Delayed 2 second(s)

2018-12-13 00:10:42 - [TEST_STEP][PASSED] - click: Object: 'Object Repository/Final Object Repo/New Registration - Registration Module Pages/New Reg - OTC to RO/Special Case - All Related Objects/Form 1 Save n Continue' is clicked on

2018-12-13 00:10:42 - [MESSAGE][PASSED] - Object: 'Object Repository/Final Object Repo/New Registration - Registration Module Pages/New Reg - OTC to RO/Special Case - All Related Objects/Form 1 Save n Continue' is clicked on

2018-12-13 00:10:42 - [TEST_STEP][PASSED] - delay: Delayed 2 second(s)

2018-12-13 00:10:44 - [MESSAGE][PASSED] - Delayed 2 second(s)

2018-12-13 00:10:44 - [TEST_STEP][PASSED] - click: Object: 'Object Repository/Final Object Repo/New Registration - Registration Module Pages/New Reg - OTC to RO/Special Case - All Related Objects/Form 2 Save n Continue' is clicked on

2018-12-13 00:10:44 - [MESSAGE][PASSED] - Object: 'Object Repository/Final Object Repo/New Registration - Registration Module Pages/New Reg - OTC to RO/Special Case - All Related Objects/Form 2 Save n Continue' is clicked on

2018-12-13 00:10:44 - [TEST_STEP][PASSED] - delay: Delayed 2 second(s)

2018-12-13 00:10:46 - [MESSAGE][PASSED] - Delayed 2 second(s)

2018-12-13 00:10:46 - [TEST_STEP][PASSED] - click: Object: 'Object Repository/Final Object Repo/New Registration - Registration Module Pages/New Reg - OTC to RO/Special Case - All Related Objects/Third Screen Save n Continue' is clicked on

2018-12-13 00:10:51 - [MESSAGE][PASSED] - Object: 'Object Repository/Final Object Repo/New Registration - Registration Module Pages/New Reg - OTC to RO/Special Case - All Related Objects/Third Screen Save n Continue' is clicked on

2018-12-13 00:10:51 - [TEST_STEP][PASSED] - delay: Delayed 5 second(s)

2018-12-13 00:10:56 - [MESSAGE][PASSED] - Delayed 5 second(s)

2018-12-13 00:10:56 - [TEST_STEP][PASSED] - setText: Text 'Query case' is set on object 'Object Repository/Final Object Repo/New Registration - Registration Module Pages/New Reg - OTC to RO/Special Case - All Related Objects/Query Text Input'

2018-12-13 00:10:57 - [MESSAGE][PASSED] - Text 'Query case' is set on object 'Object Repository/Final Object Repo/New Registration - Registration Module Pages/New Reg - OTC to RO/Special Case - All Related Objects/Query Text Input'

2018-12-13 00:10:57 - [TEST_STEP][PASSED] - delay: Delayed 5 second(s)

2018-12-13 00:11:02 - [MESSAGE][PASSED] - Delayed 5 second(s)

2018-12-13 00:11:02 - [TEST_STEP][PASSED] - click: Object: 'Object Repository/Final Object Repo/New Registration - Registration Module Pages/New Reg - OTC to RO/Special Case - All Related Objects/Upload Doc Page Save n Continue' is clicked on

2018-12-13 00:11:02 - [MESSAGE][PASSED] - Object: 'Object Repository/Final Object Repo/New Registration - Registration Module Pages/New Reg - OTC to RO/Special Case - All Related Objects/Upload Doc Page Save n Continue' is clicked on

2018-12-13 00:11:02 - [TEST_STEP][PASSED] - click: Object: 'Object Repository/Final Object Repo/New Registration - Registration Module Pages/New Reg - OTC to RO/Special Case - All Related Objects/Query Button' is clicked on

2018-12-13 00:11:06 - [MESSAGE][PASSED] - Object: 'Object Repository/Final Object Repo/New Registration - Registration Module Pages/New Reg - OTC to RO/Special Case - All Related Objects/Query Button' is clicked on

2018-12-13 00:11:06 - [TEST_STEP][FAILED] - click: Unable to click on object 'Object Repository/Final Object Repo/New Registration - Registration Module Pages/New Reg - OTC to RO/Special Case - All Related Objects/Confirm to Query' (Root cause: org.openqa.selenium.ElementNotVisibleException: element not interactable
  (Session info: chrome=70.0.3538.110)
  (Driver info: chromedriver=2.43.600210 (68dcf5eebde37173d4027fa8635e332711d2874a),platform=Windows NT 6.1.7601 SP1 x86_64) (WARNING: The server did not provide any stacktrace information)
Command duration or timeout: 0 milliseconds
Build info: version: '3.7.1', revision: '8a0099a', time: '2017-11-06T21:07:36.161Z'
System info: host: 'WIN7TEST02', ip: '10.20.3.72', os.name: 'Windows 7', os.arch: 'amd64', os.version: '6.1', java.version: '1.8.0_181'
Driver info: com.kms.katalon.selenium.driver.CChromeDriver
Capabilities {acceptInsecureCerts: false, acceptSslCerts: false, applicationCacheEnabled: false, browserConnectionEnabled: false, browserName: chrome, chrome: {chromedriverVersion: 2.43.600210 (68dcf5eebde371..., userDataDir: C:\Users\Admin\AppData\Loca...}, cssSelectorsEnabled: true, databaseEnabled: false, goog:chromeOptions: {debuggerAddress: localhost:59373}, handlesAlerts: true, hasTouchScreen: false, javascriptEnabled: true, locationContextEnabled: true, mobileEmulationEnabled: false, nativeEvents: true, networkConnectionEnabled: false, pageLoadStrategy: normal, platform: XP, platformName: XP, rotatable: false, setWindowRect: true, takesHeapSnapshot: true, takesScreenshot: true, unexpectedAlertBehaviour: , unhandledPromptBehavior: , version: 70.0.3538.110, webStorageEnabled: true}
Session ID: d532156bde692105c8366a41ef384fb4)

2018-12-13 00:11:07 - [MESSAGE][FAILED] - Unable to click on object 'Object Repository/Final Object Repo/New Registration - Registration Module Pages/New Reg - OTC to RO/Special Case - All Related Objects/Confirm to Query' (Root cause: org.openqa.selenium.ElementNotVisibleException: element not interactable
  (Session info: chrome=70.0.3538.110)
  (Driver info: chromedriver=2.43.600210 (68dcf5eebde37173d4027fa8635e332711d2874a),platform=Windows NT 6.1.7601 SP1 x86_64) (WARNING: The server did not provide any stacktrace information)
Command duration or timeout: 0 milliseconds
Build info: version: '3.7.1', revision: '8a0099a', time: '2017-11-06T21:07:36.161Z'
System info: host: 'WIN7TEST02', ip: '10.20.3.72', os.name: 'Windows 7', os.arch: 'amd64', os.version: '6.1', java.version: '1.8.0_181'
Driver info: com.kms.katalon.selenium.driver.CChromeDriver
Capabilities {acceptInsecureCerts: false, acceptSslCerts: false, applicationCacheEnabled: false, browserConnectionEnabled: false, browserName: chrome, chrome: {chromedriverVersion: 2.43.600210 (68dcf5eebde371..., userDataDir: C:\Users\Admin\AppData\Loca...}, cssSelectorsEnabled: true, databaseEnabled: false, goog:chromeOptions: {debuggerAddress: localhost:59373}, handlesAlerts: true, hasTouchScreen: false, javascriptEnabled: true, locationContextEnabled: true, mobileEmulationEnabled: false, nativeEvents: true, networkConnectionEnabled: false, pageLoadStrategy: normal, platform: XP, platformName: XP, rotatable: false, setWindowRect: true, takesHeapSnapshot: true, takesScreenshot: true, unexpectedAlertBehaviour: , unhandledPromptBehavior: , version: 70.0.3538.110, webStorageEnabled: true}
Session ID: d532156bde692105c8366a41ef384fb4)
[[ATTACHMENT|C:\\Users\\Admin\\Desktop\\PKS\\Perkeso Phase A\\Reports\\Workflow\\New Registration\\20181212_204826\\1544631066680.png]]

2018-12-13 00:11:07 - [TEST_STEP][PASSED] - callTestCase: Call Test Case 'Test Cases/Final Aug 2018 - PKS Automation/Registration Module/Log Out/log out avoiding katalon tagging' successfully

2018-12-13 00:11:07 - [TEST_CASE][PASSED] - Test Cases/Final Aug 2018 - PKS Automation/Registration Module/Log Out/log out avoiding katalon tagging: Test Cases/Final Aug 2018 - PKS Automation/Registration Module/Log Out/log out avoiding katalon tagging

2018-12-13 00:11:07 - [TEST_STEP][PASSED] - navigateToUrl: Navigate to 'https://assist2-uat.perkeso.gov.my/c/portal/logout' successfully

2018-12-13 00:11:07 - [MESSAGE][PASSED] - Navigate to 'https://assist2-uat.perkeso.gov.my/c/portal/logout' successfully

2018-12-13 00:11:07 - [MESSAGE][PASSED] - Call Test Case 'Test Cases/Final Aug 2018 - PKS Automation/Registration Module/Log Out/log out avoiding katalon tagging' successfully

2018-12-13 00:11:07 - [TEST_STEP][PASSED] - delay: Delayed 2 second(s)

2018-12-13 00:11:09 - [MESSAGE][PASSED] - Delayed 2 second(s)

2018-12-13 00:11:09 - [TEST_STEP][PASSED] - setText: Text 'klotc2@gmail.com' is set on object 'Object Repository/Final Object Repo/Login Page/Internal User/Email Address'

2018-12-13 00:11:10 - [MESSAGE][PASSED] - Text 'klotc2@gmail.com' is set on object 'Object Repository/Final Object Repo/Login Page/Internal User/Email Address'

2018-12-13 00:11:10 - [TEST_STEP][PASSED] - click: Object: 'Object Repository/Final Object Repo/Login Page/Internal User/Next Button' is clicked on

2018-12-13 00:11:10 - [MESSAGE][PASSED] - Object: 'Object Repository/Final Object Repo/Login Page/Internal User/Next Button' is clicked on

2018-12-13 00:11:10 - [TEST_STEP][PASSED] - delay: Delayed 2 second(s)

2018-12-13 00:11:12 - [MESSAGE][PASSED] - Delayed 2 second(s)

2018-12-13 00:11:12 - [TEST_STEP][PASSED] - setText: Text 'Test1@3456789' is set on object 'Object Repository/Final Object Repo/Login Page/Internal User/Password'

2018-12-13 00:11:12 - [MESSAGE][PASSED] - Text 'Test1@3456789' is set on object 'Object Repository/Final Object Repo/Login Page/Internal User/Password'

2018-12-13 00:11:12 - [TEST_STEP][PASSED] - delay: Delayed 2 second(s)

2018-12-13 00:11:14 - [MESSAGE][PASSED] - Delayed 2 second(s)

2018-12-13 00:11:14 - [TEST_STEP][PASSED] - click: Object: 'Object Repository/Final Object Repo/Login Page/Internal User/Login Button' is clicked on

2018-12-13 00:11:14 - [MESSAGE][PASSED] - Object: 'Object Repository/Final Object Repo/Login Page/Internal User/Login Button' is clicked on

2018-12-13 00:11:14 - [TEST_STEP][PASSED] - delay: Delayed 2 second(s)

2018-12-13 00:11:16 - [MESSAGE][PASSED] - Delayed 2 second(s)

2018-12-13 00:11:16 - [TEST_STEP][PASSED] - Statement - Try: null

2018-12-13 00:11:16 - [TEST_STEP][PASSED] - Statement - Checker = com.kms.katalon.core.webui.keyword.WebUiBuiltInKeywords.verifyElementNotPresent("PKS_SIP_Updated_RegModule/Attempt/Page_MyASSIST - ASSIST/Select to English", 3): null

2018-12-13 00:11:16 - [TEST_STEP][PASSED] - Statement - Catch (Exception e): null

2018-12-13 00:11:16 - [TEST_STEP][PASSED] - Statement - e.printStackTrace(): null

2018-12-13 00:11:16 - [TEST_STEP][PASSED] - delay: Delayed 4 second(s)

2018-12-13 00:11:20 - [MESSAGE][PASSED] - Delayed 4 second(s)

2018-12-13 00:11:20 - [TEST_STEP][PASSED] - click: Object: 'Object Repository/Final Object Repo/Landing Page/My Sites Drop Down' is clicked on

2018-12-13 00:11:20 - [MESSAGE][PASSED] - Object: 'Object Repository/Final Object Repo/Landing Page/My Sites Drop Down' is clicked on

2018-12-13 00:11:20 - [TEST_STEP][PASSED] - click: Object: 'Object Repository/Final Object Repo/Landing Page/Select to Registration Module' is clicked on

2018-12-13 00:11:21 - [MESSAGE][PASSED] - Object: 'Object Repository/Final Object Repo/Landing Page/Select to Registration Module' is clicked on

2018-12-13 00:11:21 - [TEST_STEP][PASSED] - delay: Delayed 2 second(s)

2018-12-13 00:11:23 - [MESSAGE][PASSED] - Delayed 2 second(s)

2018-12-13 00:11:23 - [TEST_STEP][PASSED] - mouseOver: Object: 'Object Repository/Final Object Repo/New Registration - Registration Module Pages/New Reg - OTC to RO/Special Case - All Related Objects/Hover Over Search Drop Down' is hovered

2018-12-13 00:11:23 - [MESSAGE][PASSED] - Object: 'Object Repository/Final Object Repo/New Registration - Registration Module Pages/New Reg - OTC to RO/Special Case - All Related Objects/Hover Over Search Drop Down' is hovered

2018-12-13 00:11:23 - [TEST_STEP][PASSED] - click: Object: 'Object Repository/Final Object Repo/New Registration - Registration Module Pages/New Reg - OTC to RO/Special Case - All Related Objects/Select Search Pending Case' is clicked on

2018-12-13 00:11:24 - [MESSAGE][PASSED] - Object: 'Object Repository/Final Object Repo/New Registration - Registration Module Pages/New Reg - OTC to RO/Special Case - All Related Objects/Select Search Pending Case' is clicked on

2018-12-13 00:11:24 - [TEST_STEP][PASSED] - click: Object: 'Object Repository/Final Object Repo/New Registration - Registration Module Pages/New Reg - OTC to RO/Special Case - All Related Objects/Select Searching Method (Employer Code)' is clicked on

2018-12-13 00:11:24 - [MESSAGE][PASSED] - Object: 'Object Repository/Final Object Repo/New Registration - Registration Module Pages/New Reg - OTC to RO/Special Case - All Related Objects/Select Searching Method (Employer Code)' is clicked on

2018-12-13 00:11:24 - [TEST_STEP][PASSED] - click: Object: 'Object Repository/Final Object Repo/New Registration - Registration Module Pages/New Reg - OTC to RO/Special Case - All Related Objects/Select Searching Method to Reference ID' is clicked on

2018-12-13 00:11:24 - [MESSAGE][PASSED] - Object: 'Object Repository/Final Object Repo/New Registration - Registration Module Pages/New Reg - OTC to RO/Special Case - All Related Objects/Select Searching Method to Reference ID' is clicked on

2018-12-13 00:11:24 - [TEST_STEP][PASSED] - setText: Text 'CRN12201800123251' is set on object 'Object Repository/Final Object Repo/New Registration - Registration Module Pages/New Reg - OTC to RO/Special Case - All Related Objects/Pending Case Ref NO'

2018-12-13 00:11:24 - [MESSAGE][PASSED] - Text 'CRN12201800123251' is set on object 'Object Repository/Final Object Repo/New Registration - Registration Module Pages/New Reg - OTC to RO/Special Case - All Related Objects/Pending Case Ref NO'

2018-12-13 00:11:24 - [TEST_STEP][PASSED] - click: Object: 'Object Repository/Final Object Repo/New Registration - Registration Module Pages/New Reg - OTC to RO/Special Case - All Related Objects/Search Pending Case Based on Ref No' is clicked on

2018-12-13 00:11:25 - [MESSAGE][PASSED] - Object: 'Object Repository/Final Object Repo/New Registration - Registration Module Pages/New Reg - OTC to RO/Special Case - All Related Objects/Search Pending Case Based on Ref No' is clicked on

2018-12-13 00:11:25 - [TEST_STEP][FAILED] - click: Unable to click on object 'Object Repository/Final Object Repo/New Registration - Registration Module Pages/New Reg - OTC to RO/Special Case - All Related Objects/Action Button after found case' (Root cause: org.openqa.selenium.InvalidSelectorException: invalid selector: Unable to locate an element with the xpath expression  because of the following error:
SyntaxError: Failed to execute 'evaluate' on 'Document': The string '' is not a valid XPath expression.
  (Session info: chrome=70.0.3538.110)
  (Driver info: chromedriver=2.43.600210 (68dcf5eebde37173d4027fa8635e332711d2874a),platform=Windows NT 6.1.7601 SP1 x86_64) (WARNING: The server did not provide any stacktrace information)
Command duration or timeout: 0 milliseconds
For documentation on this error, please visit: http://seleniumhq.org/exceptions/invalid_selector_exception.html
Build info: version: '3.7.1', revision: '8a0099a', time: '2017-11-06T21:07:36.161Z'
System info: host: 'WIN7TEST02', ip: '10.20.3.72', os.name: 'Windows 7', os.arch: 'amd64', os.version: '6.1', java.version: '1.8.0_181'
Driver info: com.kms.katalon.selenium.driver.CChromeDriver
Capabilities {acceptInsecureCerts: false, acceptSslCerts: false, applicationCacheEnabled: false, browserConnectionEnabled: false, browserName: chrome, chrome: {chromedriverVersion: 2.43.600210 (68dcf5eebde371..., userDataDir: C:\Users\Admin\AppData\Loca...}, cssSelectorsEnabled: true, databaseEnabled: false, goog:chromeOptions: {debuggerAddress: localhost:59373}, handlesAlerts: true, hasTouchScreen: false, javascriptEnabled: true, locationContextEnabled: true, mobileEmulationEnabled: false, nativeEvents: true, networkConnectionEnabled: false, pageLoadStrategy: normal, platform: XP, platformName: XP, rotatable: false, setWindowRect: true, takesHeapSnapshot: true, takesScreenshot: true, unexpectedAlertBehaviour: , unhandledPromptBehavior: , version: 70.0.3538.110, webStorageEnabled: true}
Session ID: d532156bde692105c8366a41ef384fb4
*** Element info: {Using=xpath, value=})

2018-12-13 00:11:58 - [MESSAGE][FAILED] - Unable to click on object 'Object Repository/Final Object Repo/New Registration - Registration Module Pages/New Reg - OTC to RO/Special Case - All Related Objects/Action Button after found case' (Root cause: org.openqa.selenium.InvalidSelectorException: invalid selector: Unable to locate an element with the xpath expression  because of the following error:
SyntaxError: Failed to execute 'evaluate' on 'Document': The string '' is not a valid XPath expression.
  (Session info: chrome=70.0.3538.110)
  (Driver info: chromedriver=2.43.600210 (68dcf5eebde37173d4027fa8635e332711d2874a),platform=Windows NT 6.1.7601 SP1 x86_64) (WARNING: The server did not provide any stacktrace information)
Command duration or timeout: 0 milliseconds
For documentation on this error, please visit: http://seleniumhq.org/exceptions/invalid_selector_exception.html
Build info: version: '3.7.1', revision: '8a0099a', time: '2017-11-06T21:07:36.161Z'
System info: host: 'WIN7TEST02', ip: '10.20.3.72', os.name: 'Windows 7', os.arch: 'amd64', os.version: '6.1', java.version: '1.8.0_181'
Driver info: com.kms.katalon.selenium.driver.CChromeDriver
Capabilities {acceptInsecureCerts: false, acceptSslCerts: false, applicationCacheEnabled: false, browserConnectionEnabled: false, browserName: chrome, chrome: {chromedriverVersion: 2.43.600210 (68dcf5eebde371..., userDataDir: C:\Users\Admin\AppData\Loca...}, cssSelectorsEnabled: true, databaseEnabled: false, goog:chromeOptions: {debuggerAddress: localhost:59373}, handlesAlerts: true, hasTouchScreen: false, javascriptEnabled: true, locationContextEnabled: true, mobileEmulationEnabled: false, nativeEvents: true, networkConnectionEnabled: false, pageLoadStrategy: normal, platform: XP, platformName: XP, rotatable: false, setWindowRect: true, takesHeapSnapshot: true, takesScreenshot: true, unexpectedAlertBehaviour: , unhandledPromptBehavior: , version: 70.0.3538.110, webStorageEnabled: true}
Session ID: d532156bde692105c8366a41ef384fb4
*** Element info: {Using=xpath, value=})
[[ATTACHMENT|C:\\Users\\Admin\\Desktop\\PKS\\Perkeso Phase A\\Reports\\Workflow\\New Registration\\20181212_204826\\1544631117816.png]]

2018-12-13 00:11:58 - [TEST_STEP][FAILED] - click: Unable to click on object 'Object Repository/Final Object Repo/New Registration - Registration Module Pages/New Reg - OTC to RO/Special Case - All Related Objects/Next Button in Pending Case Form 1' (Root cause: com.kms.katalon.core.webui.exception.WebElementNotFoundException: Web element with id: 'Object Repository/Final Object Repo/New Registration - Registration Module Pages/New Reg - OTC to RO/Special Case - All Related Objects/Next Button in Pending Case Form 1' located by 'By.xpath: //a[@class = 'btn btn-lg blueBtn col-md-2 pull-right browserIdBtn' and (text() = ' NEXT
						' or . = ' NEXT
						')]' not found)

2018-12-13 00:12:31 - [MESSAGE][FAILED] - Unable to click on object 'Object Repository/Final Object Repo/New Registration - Registration Module Pages/New Reg - OTC to RO/Special Case - All Related Objects/Next Button in Pending Case Form 1' (Root cause: com.kms.katalon.core.webui.exception.WebElementNotFoundException: Web element with id: 'Object Repository/Final Object Repo/New Registration - Registration Module Pages/New Reg - OTC to RO/Special Case - All Related Objects/Next Button in Pending Case Form 1' located by 'By.xpath: //a[@class = 'btn btn-lg blueBtn col-md-2 pull-right browserIdBtn' and (text() = ' NEXT
						' or . = ' NEXT
						')]' not found)
[[ATTACHMENT|C:\\Users\\Admin\\Desktop\\PKS\\Perkeso Phase A\\Reports\\Workflow\\New Registration\\20181212_204826\\1544631151316.png]]

2018-12-13 00:12:31 - [TEST_STEP][FAILED] - click: Unable to click on object 'Object Repository/Final Object Repo/New Registration - Registration Module Pages/New Reg - OTC to RO/Special Case - All Related Objects/Next Button in Pending Case Form 2' (Root cause: com.kms.katalon.core.webui.exception.WebElementNotFoundException: Web element with id: 'Object Repository/Final Object Repo/New Registration - Registration Module Pages/New Reg - OTC to RO/Special Case - All Related Objects/Next Button in Pending Case Form 2' located by 'By.xpath: //a[@class = 'btn btn-lg blueBtn col-md-2 pull-right browserIdBtn' and (text() = ' NEXT
				' or . = ' NEXT
				')]' not found)

2018-12-13 00:13:04 - [MESSAGE][FAILED] - Unable to click on object 'Object Repository/Final Object Repo/New Registration - Registration Module Pages/New Reg - OTC to RO/Special Case - All Related Objects/Next Button in Pending Case Form 2' (Root cause: com.kms.katalon.core.webui.exception.WebElementNotFoundException: Web element with id: 'Object Repository/Final Object Repo/New Registration - Registration Module Pages/New Reg - OTC to RO/Special Case - All Related Objects/Next Button in Pending Case Form 2' located by 'By.xpath: //a[@class = 'btn btn-lg blueBtn col-md-2 pull-right browserIdBtn' and (text() = ' NEXT
				' or . = ' NEXT
				')]' not found)
[[ATTACHMENT|C:\\Users\\Admin\\Desktop\\PKS\\Perkeso Phase A\\Reports\\Workflow\\New Registration\\20181212_204826\\1544631184261.png]]

2018-12-13 00:13:04 - [TEST_STEP][FAILED] - click: Unable to click on object 'Object Repository/Final Object Repo/New Registration - Registration Module Pages/New Reg - OTC to RO/Special Case - All Related Objects/Next Button in Third Screen' (Root cause: com.kms.katalon.core.webui.exception.WebElementNotFoundException: Web element with id: 'Object Repository/Final Object Repo/New Registration - Registration Module Pages/New Reg - OTC to RO/Special Case - All Related Objects/Next Button in Third Screen' located by 'By.xpath: //a[@class = 'btn btn-lg blueBtn col-md-2 pull-right browserIdBtn' and (text() = ' NEXT
				' or . = ' NEXT
				')]' not found)

2018-12-13 00:13:38 - [MESSAGE][FAILED] - Unable to click on object 'Object Repository/Final Object Repo/New Registration - Registration Module Pages/New Reg - OTC to RO/Special Case - All Related Objects/Next Button in Third Screen' (Root cause: com.kms.katalon.core.webui.exception.WebElementNotFoundException: Web element with id: 'Object Repository/Final Object Repo/New Registration - Registration Module Pages/New Reg - OTC to RO/Special Case - All Related Objects/Next Button in Third Screen' located by 'By.xpath: //a[@class = 'btn btn-lg blueBtn col-md-2 pull-right browserIdBtn' and (text() = ' NEXT
				' or . = ' NEXT
				')]' not found)
[[ATTACHMENT|C:\\Users\\Admin\\Desktop\\PKS\\Perkeso Phase A\\Reports\\Workflow\\New Registration\\20181212_204826\\1544631217726.png]]

2018-12-13 00:13:38 - [TEST_STEP][FAILED] - click: Unable to click on object 'Object Repository/Final Object Repo/New Registration - Registration Module Pages/New Reg - OTC to RO/Special Case - All Related Objects/Add Document for Pending Case' (Root cause: com.kms.katalon.core.webui.exception.WebElementNotFoundException: Web element with id: 'Object Repository/Final Object Repo/New Registration - Registration Module Pages/New Reg - OTC to RO/Special Case - All Related Objects/Add Document for Pending Case' located by 'By.xpath: //a[@id = '_newreg_WAR_registrationportlet_dialogBtn' and (text() = '
					ADD DOCUMENT
	             ' or . = '
					ADD DOCUMENT
	             ')]' not found)

2018-12-13 00:14:11 - [MESSAGE][FAILED] - Unable to click on object 'Object Repository/Final Object Repo/New Registration - Registration Module Pages/New Reg - OTC to RO/Special Case - All Related Objects/Add Document for Pending Case' (Root cause: com.kms.katalon.core.webui.exception.WebElementNotFoundException: Web element with id: 'Object Repository/Final Object Repo/New Registration - Registration Module Pages/New Reg - OTC to RO/Special Case - All Related Objects/Add Document for Pending Case' located by 'By.xpath: //a[@id = '_newreg_WAR_registrationportlet_dialogBtn' and (text() = '
					ADD DOCUMENT
	             ' or . = '
					ADD DOCUMENT
	             ')]' not found)
[[ATTACHMENT|C:\\Users\\Admin\\Desktop\\PKS\\Perkeso Phase A\\Reports\\Workflow\\New Registration\\20181212_204826\\1544631251113.png]]

2018-12-13 00:14:11 - [TEST_STEP][FAILED] - click: Unable to click on object 'Object Repository/Final Object Repo/New Registration - Registration Module Pages/New Reg - OTC to RO/Special Case - All Related Objects/Upload Pending Doc - Please Select' (Root cause: com.kms.katalon.core.webui.exception.WebElementNotFoundException: Web element with id: 'Object Repository/Final Object Repo/New Registration - Registration Module Pages/New Reg - OTC to RO/Special Case - All Related Objects/Upload Pending Doc - Please Select' located by 'By.xpath: //span[@class = 'select2-selection__rendered' and @id = 'select2-_newreg_WAR_registrationportlet_objdocTypeId-container']' not found)

2018-12-13 00:14:44 - [MESSAGE][FAILED] - Unable to click on object 'Object Repository/Final Object Repo/New Registration - Registration Module Pages/New Reg - OTC to RO/Special Case - All Related Objects/Upload Pending Doc - Please Select' (Root cause: com.kms.katalon.core.webui.exception.WebElementNotFoundException: Web element with id: 'Object Repository/Final Object Repo/New Registration - Registration Module Pages/New Reg - OTC to RO/Special Case - All Related Objects/Upload Pending Doc - Please Select' located by 'By.xpath: //span[@class = 'select2-selection__rendered' and @id = 'select2-_newreg_WAR_registrationportlet_objdocTypeId-container']' not found)
[[ATTACHMENT|C:\\Users\\Admin\\Desktop\\PKS\\Perkeso Phase A\\Reports\\Workflow\\New Registration\\20181212_204826\\1544631284319.png]]

2018-12-13 00:14:44 - [TEST_STEP][FAILED] - click: Unable to click on object 'Object Repository/Final Object Repo/New Registration - Registration Module Pages/New Reg - OTC to RO/Special Case - All Related Objects/Select to Others to Upload' (Root cause: com.kms.katalon.core.webui.exception.WebElementNotFoundException: Web element with id: 'Object Repository/Final Object Repo/New Registration - Registration Module Pages/New Reg - OTC to RO/Special Case - All Related Objects/Select to Others to Upload' located by 'By.xpath: //span/ul/li/span[contains(text(),"Others")]' not found)

2018-12-13 00:15:16 - [MESSAGE][FAILED] - Unable to click on object 'Object Repository/Final Object Repo/New Registration - Registration Module Pages/New Reg - OTC to RO/Special Case - All Related Objects/Select to Others to Upload' (Root cause: com.kms.katalon.core.webui.exception.WebElementNotFoundException: Web element with id: 'Object Repository/Final Object Repo/New Registration - Registration Module Pages/New Reg - OTC to RO/Special Case - All Related Objects/Select to Others to Upload' located by 'By.xpath: //span/ul/li/span[contains(text(),"Others")]' not found)
[[ATTACHMENT|C:\\Users\\Admin\\Desktop\\PKS\\Perkeso Phase A\\Reports\\Workflow\\New Registration\\20181212_204826\\1544631315716.png]]

2018-12-13 00:15:16 - [TEST_STEP][FAILED] - uploadFile: Unable to upload file 'C:\Users\Public\Pictures\Sample Pictures\Koala.jpg' to object 'Object Repository/Final Object Repo/New Registration - Registration Module Pages/New Reg - OTC to RO/Special Case - All Related Objects/Uploading Pending Case Action' (Root cause: com.kms.katalon.core.webui.exception.WebElementNotFoundException: Web element with id: 'Object Repository/Final Object Repo/New Registration - Registration Module Pages/New Reg - OTC to RO/Special Case - All Related Objects/Uploading Pending Case Action' located by 'By.xpath: //input[@id = '_newreg_WAR_registrationportlet_uploadFile' and @name = '_newreg_WAR_registrationportlet_uploadFile' and @type = 'file']' not found)

2018-12-13 00:15:47 - [MESSAGE][FAILED] - Unable to upload file 'C:\Users\Public\Pictures\Sample Pictures\Koala.jpg' to object 'Object Repository/Final Object Repo/New Registration - Registration Module Pages/New Reg - OTC to RO/Special Case - All Related Objects/Uploading Pending Case Action' (Root cause: com.kms.katalon.core.webui.exception.WebElementNotFoundException: Web element with id: 'Object Repository/Final Object Repo/New Registration - Registration Module Pages/New Reg - OTC to RO/Special Case - All Related Objects/Uploading Pending Case Action' located by 'By.xpath: //input[@id = '_newreg_WAR_registrationportlet_uploadFile' and @name = '_newreg_WAR_registrationportlet_uploadFile' and @type = 'file']' not found)
[[ATTACHMENT|C:\\Users\\Admin\\Desktop\\PKS\\Perkeso Phase A\\Reports\\Workflow\\New Registration\\20181212_204826\\1544631347352.png]]

2018-12-13 00:15:47 - [TEST_STEP][FAILED] - click: Unable to click on object 'Object Repository/Final Object Repo/New Registration - Registration Module Pages/New Reg - OTC to RO/Special Case - All Related Objects/Inner form Add Document Button Pending Case' (Root cause: com.kms.katalon.core.webui.exception.WebElementNotFoundException: Web element with id: 'Object Repository/Final Object Repo/New Registration - Registration Module Pages/New Reg - OTC to RO/Special Case - All Related Objects/Inner form Add Document Button Pending Case' located by 'By.xpath: //a[@class = 'btn btn-lg blueBtn col-md-2 pull-right' and @targets = 'baseMsgDivId' and (text() = '
										ADD DOCUMENT
								     ' or . = '
										ADD DOCUMENT
								     ')]' not found)

2018-12-13 00:16:22 - [MESSAGE][FAILED] - Unable to click on object 'Object Repository/Final Object Repo/New Registration - Registration Module Pages/New Reg - OTC to RO/Special Case - All Related Objects/Inner form Add Document Button Pending Case' (Root cause: com.kms.katalon.core.webui.exception.WebElementNotFoundException: Web element with id: 'Object Repository/Final Object Repo/New Registration - Registration Module Pages/New Reg - OTC to RO/Special Case - All Related Objects/Inner form Add Document Button Pending Case' located by 'By.xpath: //a[@class = 'btn btn-lg blueBtn col-md-2 pull-right' and @targets = 'baseMsgDivId' and (text() = '
										ADD DOCUMENT
								     ' or . = '
										ADD DOCUMENT
								     ')]' not found)
[[ATTACHMENT|C:\\Users\\Admin\\Desktop\\PKS\\Perkeso Phase A\\Reports\\Workflow\\New Registration\\20181212_204826\\1544631381851.png]]

2018-12-13 00:16:22 - [TEST_STEP][FAILED] - click: Unable to click on object 'Object Repository/Final Object Repo/New Registration - Registration Module Pages/New Reg - OTC to RO/Special Case - All Related Objects/Pending Case Exit' (Root cause: com.kms.katalon.core.webui.exception.WebElementNotFoundException: Web element with id: 'Object Repository/Final Object Repo/New Registration - Registration Module Pages/New Reg - OTC to RO/Special Case - All Related Objects/Pending Case Exit' located by 'By.xpath: //a[@id = '_newreg_WAR_registrationportlet_exitBtnId' and @class = 'btn btn-lg blueBtn col-md-2 pull-right' and (text() = '
									EXIT
				                ' or . = '
									EXIT
				                ')]' not found)

2018-12-13 00:16:55 - [MESSAGE][FAILED] - Unable to click on object 'Object Repository/Final Object Repo/New Registration - Registration Module Pages/New Reg - OTC to RO/Special Case - All Related Objects/Pending Case Exit' (Root cause: com.kms.katalon.core.webui.exception.WebElementNotFoundException: Web element with id: 'Object Repository/Final Object Repo/New Registration - Registration Module Pages/New Reg - OTC to RO/Special Case - All Related Objects/Pending Case Exit' located by 'By.xpath: //a[@id = '_newreg_WAR_registrationportlet_exitBtnId' and @class = 'btn btn-lg blueBtn col-md-2 pull-right' and (text() = '
									EXIT
				                ' or . = '
									EXIT
				                ')]' not found)
[[ATTACHMENT|C:\\Users\\Admin\\Desktop\\PKS\\Perkeso Phase A\\Reports\\Workflow\\New Registration\\20181212_204826\\1544631414738.png]]

2018-12-13 00:16:55 - [TEST_STEP][PASSED] - callTestCase: Call Test Case 'Test Cases/Final Aug 2018 - PKS Automation/Registration Module/Log Out/log out avoiding katalon tagging' successfully

2018-12-13 00:16:55 - [TEST_CASE][PASSED] - Test Cases/Final Aug 2018 - PKS Automation/Registration Module/Log Out/log out avoiding katalon tagging: Test Cases/Final Aug 2018 - PKS Automation/Registration Module/Log Out/log out avoiding katalon tagging

2018-12-13 00:16:55 - [TEST_STEP][PASSED] - navigateToUrl: Navigate to 'https://assist2-uat.perkeso.gov.my/c/portal/logout' successfully

2018-12-13 00:16:55 - [MESSAGE][PASSED] - Navigate to 'https://assist2-uat.perkeso.gov.my/c/portal/logout' successfully

2018-12-13 00:16:55 - [MESSAGE][PASSED] - Call Test Case 'Test Cases/Final Aug 2018 - PKS Automation/Registration Module/Log Out/log out avoiding katalon tagging' successfully

2018-12-13 00:16:55 - [TEST_STEP][PASSED] - callTestCase: Call Test Case 'Test Cases/Final Aug 2018 - PKS Automation/Common/Workflow Owner Finder' successfully

2018-12-13 00:16:55 - [TEST_CASE][PASSED] - Test Cases/Final Aug 2018 - PKS Automation/Common/Workflow Owner Finder: Test Cases/Final Aug 2018 - PKS Automation/Common/Workflow Owner Finder

2018-12-13 00:16:55 - [TEST_STEP][PASSED] - openBrowser: Browser is opened with url: ''

2018-12-13 00:16:55 - [MESSAGE][WARNING] - A browser is already opened. Closing browser and opening a new one

2018-12-13 00:16:59 - [MESSAGE][PASSED] - Browser is opened with url: ''

2018-12-13 00:16:59 - [TEST_STEP][PASSED] - navigateToUrl: Navigate to 'https://assist2-uat.perkeso.gov.my/login' successfully

2018-12-13 00:17:00 - [MESSAGE][PASSED] - Navigate to 'https://assist2-uat.perkeso.gov.my/login' successfully

2018-12-13 00:17:00 - [TEST_STEP][PASSED] - delay: Delayed 5 second(s)

2018-12-13 00:17:05 - [MESSAGE][PASSED] - Delayed 5 second(s)

2018-12-13 00:17:05 - [TEST_STEP][PASSED] - setText: Text 'test@liferay.com' is set on object 'Object Repository/Final Object Repo/Login Page/Internal User/Email Address'

2018-12-13 00:17:06 - [MESSAGE][PASSED] - Text 'test@liferay.com' is set on object 'Object Repository/Final Object Repo/Login Page/Internal User/Email Address'

2018-12-13 00:17:06 - [TEST_STEP][PASSED] - click: Object: 'Object Repository/Final Object Repo/Login Page/Internal User/Next Button' is clicked on

2018-12-13 00:17:06 - [MESSAGE][PASSED] - Object: 'Object Repository/Final Object Repo/Login Page/Internal User/Next Button' is clicked on

2018-12-13 00:17:06 - [TEST_STEP][PASSED] - delay: Delayed 2 second(s)

2018-12-13 00:17:08 - [MESSAGE][PASSED] - Delayed 2 second(s)

2018-12-13 00:17:08 - [TEST_STEP][PASSED] - setText: Text 'test' is set on object 'Object Repository/Final Object Repo/Login Page/Internal User/Password'

2018-12-13 00:17:08 - [MESSAGE][PASSED] - Text 'test' is set on object 'Object Repository/Final Object Repo/Login Page/Internal User/Password'

2018-12-13 00:17:08 - [TEST_STEP][PASSED] - delay: Delayed 2 second(s)

2018-12-13 00:17:10 - [MESSAGE][PASSED] - Delayed 2 second(s)

2018-12-13 00:17:10 - [TEST_STEP][PASSED] - click: Object: 'Object Repository/Final Object Repo/Login Page/Internal User/Login Button' is clicked on

2018-12-13 00:17:10 - [MESSAGE][PASSED] - Object: 'Object Repository/Final Object Repo/Login Page/Internal User/Login Button' is clicked on

2018-12-13 00:17:10 - [TEST_STEP][PASSED] - Statement - tester = com.kms.katalon.core.testobject.ObjectRepository.findTestObject(Final Object Repo/Landing Page/Select to English): Finding Test Object with id 'Object Repository/Final Object Repo/Landing Page/Select to English'

2018-12-13 00:17:10 - [TEST_STEP][PASSED] - Statement - Try: Delayed 2 second(s)

2018-12-13 00:17:10 - [TEST_STEP][PASSED] - Statement - Checker = com.kms.katalon.core.webui.keyword.WebUiBuiltInKeywords.verifyElementNotPresent(tester, 3): Web element with id: 'Object Repository/Final Object Repo/Landing Page/Select to English' located by 'By.xpath: //a[@class = 'taglib-language-list-text' and @lang = 'en-US' and (contains(text(), 'EN') or contains(., 'EN'))]' is not present after '3' second(s)

2018-12-13 00:17:12 - [MESSAGE][PASSED] - Web element with id: 'Object Repository/Final Object Repo/Landing Page/Select to English' located by 'By.xpath: //a[@class = 'taglib-language-list-text' and @lang = 'en-US' and (contains(text(), 'EN') or contains(., 'EN'))]' is not present after '3' second(s)

2018-12-13 00:17:12 - [TEST_STEP][PASSED] - Statement - If (Checker == false): null

2018-12-13 00:17:12 - [TEST_STEP][PASSED] - delay: Delayed 2 second(s)

2018-12-13 00:17:14 - [MESSAGE][PASSED] - Delayed 2 second(s)

2018-12-13 00:17:14 - [TEST_STEP][PASSED] - delay: Delayed 5 second(s)

2018-12-13 00:17:19 - [MESSAGE][PASSED] - Delayed 5 second(s)

2018-12-13 00:17:19 - [TEST_STEP][PASSED] - mouseOver: Object: 'Object Repository/Final Object Repo/Landing Page/WorkFlow Menu' is hovered

2018-12-13 00:17:19 - [MESSAGE][PASSED] - Object: 'Object Repository/Final Object Repo/Landing Page/WorkFlow Menu' is hovered

2018-12-13 00:17:19 - [TEST_STEP][PASSED] - delay: Delayed 2 second(s)

2018-12-13 00:17:21 - [MESSAGE][PASSED] - Delayed 2 second(s)

2018-12-13 00:17:21 - [TEST_STEP][PASSED] - click: Object: 'Object Repository/Final Object Repo/Landing Page/Select to Workflow Listing' is clicked on

2018-12-13 00:17:22 - [MESSAGE][PASSED] - Object: 'Object Repository/Final Object Repo/Landing Page/Select to Workflow Listing' is clicked on

2018-12-13 00:17:22 - [TEST_STEP][PASSED] - delay: Delayed 2 second(s)

2018-12-13 00:17:24 - [MESSAGE][PASSED] - Delayed 2 second(s)

2018-12-13 00:17:24 - [TEST_STEP][PASSED] - click: Object: 'Object Repository/Final Object Repo/WorkFlow Listing Page/Search Information - To Put Ref No' is clicked on

2018-12-13 00:17:25 - [MESSAGE][PASSED] - Object: 'Object Repository/Final Object Repo/WorkFlow Listing Page/Search Information - To Put Ref No' is clicked on

2018-12-13 00:17:25 - [TEST_STEP][PASSED] - delay: Delayed 2 second(s)

2018-12-13 00:17:27 - [MESSAGE][PASSED] - Delayed 2 second(s)

2018-12-13 00:17:27 - [TEST_STEP][PASSED] - callTestCase: Call Test Case 'Test Cases/Final Aug 2018 - PKS Automation/Common/Reference Number Getter' successfully

2018-12-13 00:17:27 - [TEST_CASE][PASSED] - Test Cases/Final Aug 2018 - PKS Automation/Common/Reference Number Getter: Test Cases/Final Aug 2018 - PKS Automation/Common/Reference Number Getter

2018-12-13 00:17:27 - [TEST_STEP][PASSED] - Statement - Try: null

2018-12-13 00:17:27 - [TEST_STEP][PASSED] - Statement - RefNo = new java.io.File(C://Users//Admin//Desktop//PKS//Automation Reference Point//KatalonReference.txt): null

2018-12-13 00:17:27 - [TEST_STEP][PASSED] - Statement - bufferread = new java.io.BufferedReader(new java.io.FileReader(RefNo)): null

2018-12-13 00:17:27 - [TEST_STEP][PASSED] - Statement - readedVal = bufferread.readLine(): null

2018-12-13 00:17:27 - [TEST_STEP][PASSED] - Statement - out.println(CaseReferenceNo): null

2018-12-13 00:17:27 - [TEST_STEP][PASSED] - Statement - out.println(readedVal): null

2018-12-13 00:17:27 - [TEST_STEP][PASSED] - Statement - CaseReferenceNo = "": null

2018-12-13 00:17:27 - [TEST_STEP][PASSED] - Statement - CaseReferenceNo = readedVal: null

2018-12-13 00:17:27 - [MESSAGE][PASSED] - Call Test Case 'Test Cases/Final Aug 2018 - PKS Automation/Common/Reference Number Getter' successfully

2018-12-13 00:17:27 - [TEST_STEP][PASSED] - setText: Text 'CRN12201800123251' is set on object 'Object Repository/Final Object Repo/WorkFlow Listing Page/Ref No Set Text'

2018-12-13 00:17:27 - [MESSAGE][PASSED] - Text 'CRN12201800123251' is set on object 'Object Repository/Final Object Repo/WorkFlow Listing Page/Ref No Set Text'

2018-12-13 00:17:27 - [TEST_STEP][PASSED] - delay: Delayed 2 second(s)

2018-12-13 00:17:29 - [MESSAGE][PASSED] - Delayed 2 second(s)

2018-12-13 00:17:29 - [TEST_STEP][PASSED] - click: Object: 'Object Repository/Final Object Repo/WorkFlow Listing Page/Search Ref No Search Button' is clicked on

2018-12-13 00:17:29 - [MESSAGE][PASSED] - Object: 'Object Repository/Final Object Repo/WorkFlow Listing Page/Search Ref No Search Button' is clicked on

2018-12-13 00:17:29 - [TEST_STEP][PASSED] - delay: Delayed 6 second(s)

2018-12-13 00:17:35 - [MESSAGE][PASSED] - Delayed 6 second(s)

2018-12-13 00:17:35 - [TEST_STEP][PASSED] - click: Object: 'Object Repository/Final Object Repo/WorkFlow Listing Page/Click Continue Tooltip' is clicked on

2018-12-13 00:17:36 - [MESSAGE][PASSED] - Object: 'Object Repository/Final Object Repo/WorkFlow Listing Page/Click Continue Tooltip' is clicked on

2018-12-13 00:17:36 - [TEST_STEP][PASSED] - delay: Delayed 5 second(s)

2018-12-13 00:17:41 - [MESSAGE][PASSED] - Delayed 5 second(s)

2018-12-13 00:17:41 - [TEST_STEP][PASSED] - doubleClick: Object: 'Object Repository/Final Object Repo/WorkFlow Listing Page/Workflow Found - Listing 1' is double clicked on

2018-12-13 00:17:41 - [MESSAGE][PASSED] - Object: 'Object Repository/Final Object Repo/WorkFlow Listing Page/Workflow Found - Listing 1' is double clicked on

2018-12-13 00:17:41 - [TEST_STEP][PASSED] - Statement - println(OwnerID): null

2018-12-13 00:17:41 - [TEST_STEP][PASSED] - Statement - OwnerID = com.kms.katalon.core.webui.keyword.WebUiBuiltInKeywords.getText(com.kms.katalon.core.testobject.ObjectRepository.findTestObject(Final Object Repo/WorkFlow Listing Page/Workflow Found - Listing 1), STOP_ON_FAILURE): Text of object 'Object Repository/Final Object Repo/WorkFlow Listing Page/Workflow Found - Listing 1' is: 'JOHORro1'

2018-12-13 00:17:41 - [MESSAGE][PASSED] - Text of object 'Object Repository/Final Object Repo/WorkFlow Listing Page/Workflow Found - Listing 1' is: 'JOHORro1'

2018-12-13 00:17:41 - [TEST_STEP][PASSED] - Statement - OwnerID = OwnerID.toLowerCase() + "@gmail.com": null

2018-12-13 00:17:41 - [TEST_STEP][PASSED] - Statement - println(OwnerID): null

2018-12-13 00:17:41 - [TEST_STEP][PASSED] - delay: Delayed 2 second(s)

2018-12-13 00:17:43 - [MESSAGE][PASSED] - Delayed 2 second(s)

2018-12-13 00:17:43 - [MESSAGE][PASSED] - Call Test Case 'Test Cases/Final Aug 2018 - PKS Automation/Common/Workflow Owner Finder' successfully

2018-12-13 00:17:43 - [TEST_STEP][PASSED] - callTestCase: Call Test Case 'Test Cases/Final Aug 2018 - PKS Automation/Registration Module/Log Out/log out avoiding katalon tagging' successfully

2018-12-13 00:17:43 - [TEST_CASE][PASSED] - Test Cases/Final Aug 2018 - PKS Automation/Registration Module/Log Out/log out avoiding katalon tagging: Test Cases/Final Aug 2018 - PKS Automation/Registration Module/Log Out/log out avoiding katalon tagging

2018-12-13 00:17:43 - [TEST_STEP][PASSED] - navigateToUrl: Navigate to 'https://assist2-uat.perkeso.gov.my/c/portal/logout' successfully

2018-12-13 00:17:44 - [MESSAGE][PASSED] - Navigate to 'https://assist2-uat.perkeso.gov.my/c/portal/logout' successfully

2018-12-13 00:17:44 - [MESSAGE][PASSED] - Call Test Case 'Test Cases/Final Aug 2018 - PKS Automation/Registration Module/Log Out/log out avoiding katalon tagging' successfully

2018-12-13 00:17:44 - [TEST_STEP][PASSED] - delay: Delayed 2 second(s)

2018-12-13 00:17:46 - [MESSAGE][PASSED] - Delayed 2 second(s)

2018-12-13 00:17:46 - [TEST_STEP][PASSED] - setText: Text 'johorro1@gmail.com' is set on object 'Object Repository/Final Object Repo/Login Page/Internal User/Email Address'

2018-12-13 00:17:47 - [MESSAGE][PASSED] - Text 'johorro1@gmail.com' is set on object 'Object Repository/Final Object Repo/Login Page/Internal User/Email Address'

2018-12-13 00:17:47 - [TEST_STEP][PASSED] - click: Object: 'Object Repository/Final Object Repo/Login Page/Internal User/Next Button' is clicked on

2018-12-13 00:17:47 - [MESSAGE][PASSED] - Object: 'Object Repository/Final Object Repo/Login Page/Internal User/Next Button' is clicked on

2018-12-13 00:17:47 - [TEST_STEP][PASSED] - delay: Delayed 2 second(s)

2018-12-13 00:17:49 - [MESSAGE][PASSED] - Delayed 2 second(s)

2018-12-13 00:17:49 - [TEST_STEP][PASSED] - setText: Text 'Test1@3456789' is set on object 'Object Repository/Final Object Repo/Login Page/Internal User/Password'

2018-12-13 00:17:49 - [MESSAGE][PASSED] - Text 'Test1@3456789' is set on object 'Object Repository/Final Object Repo/Login Page/Internal User/Password'

2018-12-13 00:17:49 - [TEST_STEP][PASSED] - delay: Delayed 2 second(s)

2018-12-13 00:17:51 - [MESSAGE][PASSED] - Delayed 2 second(s)

2018-12-13 00:17:51 - [TEST_STEP][PASSED] - click: Object: 'Object Repository/Final Object Repo/Login Page/Internal User/Login Button' is clicked on

2018-12-13 00:17:51 - [MESSAGE][PASSED] - Object: 'Object Repository/Final Object Repo/Login Page/Internal User/Login Button' is clicked on

2018-12-13 00:17:51 - [TEST_STEP][PASSED] - delay: Delayed 2 second(s)

2018-12-13 00:17:53 - [MESSAGE][PASSED] - Delayed 2 second(s)

2018-12-13 00:17:53 - [TEST_STEP][PASSED] - Statement - Try: null

2018-12-13 00:17:53 - [TEST_STEP][PASSED] - Statement - Checker = com.kms.katalon.core.webui.keyword.WebUiBuiltInKeywords.verifyElementNotPresent("Final Object Repo/Landing Page/Select to English", 3): null

2018-12-13 00:17:53 - [TEST_STEP][PASSED] - Statement - Catch (Exception e): null

2018-12-13 00:17:53 - [TEST_STEP][PASSED] - Statement - e.printStackTrace(): null

2018-12-13 00:17:53 - [TEST_STEP][PASSED] - click: Object: 'Object Repository/Final Object Repo/New Registration - Registration Module Pages/New Reg - OTC to RO/Special Case - All Related Objects/Expand to Search' is clicked on

2018-12-13 00:17:53 - [MESSAGE][PASSED] - Object: 'Object Repository/Final Object Repo/New Registration - Registration Module Pages/New Reg - OTC to RO/Special Case - All Related Objects/Expand to Search' is clicked on

2018-12-13 00:17:53 - [TEST_STEP][PASSED] - callTestCase: Call Test Case 'Test Cases/Final Aug 2018 - PKS Automation/Common/Reference Number Getter' successfully

2018-12-13 00:17:53 - [TEST_CASE][PASSED] - Test Cases/Final Aug 2018 - PKS Automation/Common/Reference Number Getter: Test Cases/Final Aug 2018 - PKS Automation/Common/Reference Number Getter

2018-12-13 00:17:53 - [TEST_STEP][PASSED] - Statement - Try: null

2018-12-13 00:17:53 - [TEST_STEP][PASSED] - Statement - RefNo = new java.io.File(C://Users//Admin//Desktop//PKS//Automation Reference Point//KatalonReference.txt): null

2018-12-13 00:17:53 - [TEST_STEP][PASSED] - Statement - bufferread = new java.io.BufferedReader(new java.io.FileReader(RefNo)): null

2018-12-13 00:17:53 - [TEST_STEP][PASSED] - Statement - readedVal = bufferread.readLine(): null

2018-12-13 00:17:53 - [TEST_STEP][PASSED] - Statement - out.println(CaseReferenceNo): null

2018-12-13 00:17:53 - [TEST_STEP][PASSED] - Statement - out.println(readedVal): null

2018-12-13 00:17:53 - [TEST_STEP][PASSED] - Statement - CaseReferenceNo = "": null

2018-12-13 00:17:53 - [TEST_STEP][PASSED] - Statement - CaseReferenceNo = readedVal: null

2018-12-13 00:17:53 - [MESSAGE][PASSED] - Call Test Case 'Test Cases/Final Aug 2018 - PKS Automation/Common/Reference Number Getter' successfully

2018-12-13 00:17:53 - [TEST_STEP][PASSED] - setText: Text 'CRN12201800123251' is set on object 'Object Repository/Final Object Repo/New Registration - Registration Module Pages/New Reg - OTC to RO/Special Case - All Related Objects/TextBox RefNo in Workbasket'

2018-12-13 00:17:54 - [MESSAGE][PASSED] - Text 'CRN12201800123251' is set on object 'Object Repository/Final Object Repo/New Registration - Registration Module Pages/New Reg - OTC to RO/Special Case - All Related Objects/TextBox RefNo in Workbasket'

2018-12-13 00:17:54 - [TEST_STEP][PASSED] - delay: Delayed 2 second(s)

2018-12-13 00:17:56 - [MESSAGE][PASSED] - Delayed 2 second(s)

2018-12-13 00:17:56 - [TEST_STEP][PASSED] - click: Object: 'Object Repository/Final Object Repo/New Registration - Registration Module Pages/New Reg - OTC to RO/Special Case - All Related Objects/Click Search' is clicked on

2018-12-13 00:17:56 - [MESSAGE][PASSED] - Object: 'Object Repository/Final Object Repo/New Registration - Registration Module Pages/New Reg - OTC to RO/Special Case - All Related Objects/Click Search' is clicked on

2018-12-13 00:17:56 - [TEST_STEP][PASSED] - delay: Delayed 2 second(s)

2018-12-13 00:17:58 - [MESSAGE][PASSED] - Delayed 2 second(s)

2018-12-13 00:17:58 - [TEST_STEP][PASSED] - click: Object: 'Object Repository/Final Object Repo/New Registration - Registration Module Pages/New Reg - OTC to RO/Special Case - All Related Objects/Click to Continue Workflow' is clicked on

2018-12-13 00:18:01 - [MESSAGE][PASSED] - Object: 'Object Repository/Final Object Repo/New Registration - Registration Module Pages/New Reg - OTC to RO/Special Case - All Related Objects/Click to Continue Workflow' is clicked on

2018-12-13 00:18:01 - [TEST_STEP][PASSED] - delay: Delayed 2 second(s)

2018-12-13 00:18:03 - [MESSAGE][PASSED] - Delayed 2 second(s)

2018-12-13 00:18:03 - [TEST_STEP][PASSED] - click: Object: 'Object Repository/Final Object Repo/New Registration - Registration Module Pages/New Reg - OTC to RO/Special Case - All Related Objects/Continue Button in verifying case' is clicked on

2018-12-13 00:18:05 - [MESSAGE][PASSED] - Object: 'Object Repository/Final Object Repo/New Registration - Registration Module Pages/New Reg - OTC to RO/Special Case - All Related Objects/Continue Button in verifying case' is clicked on

2018-12-13 00:18:05 - [TEST_STEP][PASSED] - delay: Delayed 2 second(s)

2018-12-13 00:18:07 - [MESSAGE][PASSED] - Delayed 2 second(s)

2018-12-13 00:18:07 - [TEST_STEP][PASSED] - click: Object: 'Object Repository/Final Object Repo/New Registration - Registration Module Pages/New Reg - OTC to RO/Special Case - All Related Objects/Form 1 Save n Continue' is clicked on

2018-12-13 00:18:07 - [MESSAGE][PASSED] - Object: 'Object Repository/Final Object Repo/New Registration - Registration Module Pages/New Reg - OTC to RO/Special Case - All Related Objects/Form 1 Save n Continue' is clicked on

2018-12-13 00:18:07 - [TEST_STEP][PASSED] - delay: Delayed 2 second(s)

2018-12-13 00:18:09 - [MESSAGE][PASSED] - Delayed 2 second(s)

2018-12-13 00:18:09 - [TEST_STEP][PASSED] - click: Object: 'Object Repository/Final Object Repo/New Registration - Registration Module Pages/New Reg - OTC to RO/Special Case - All Related Objects/Form 2 Save n Continue' is clicked on

2018-12-13 00:18:09 - [MESSAGE][PASSED] - Object: 'Object Repository/Final Object Repo/New Registration - Registration Module Pages/New Reg - OTC to RO/Special Case - All Related Objects/Form 2 Save n Continue' is clicked on

2018-12-13 00:18:09 - [TEST_STEP][PASSED] - delay: Delayed 2 second(s)

2018-12-13 00:18:11 - [MESSAGE][PASSED] - Delayed 2 second(s)

2018-12-13 00:18:11 - [TEST_STEP][PASSED] - click: Object: 'Object Repository/Final Object Repo/New Registration - Registration Module Pages/New Reg - OTC to RO/Special Case - All Related Objects/Third Screen Save n Continue' is clicked on

2018-12-13 00:18:17 - [MESSAGE][PASSED] - Object: 'Object Repository/Final Object Repo/New Registration - Registration Module Pages/New Reg - OTC to RO/Special Case - All Related Objects/Third Screen Save n Continue' is clicked on

2018-12-13 00:18:17 - [TEST_STEP][PASSED] - delay: Delayed 5 second(s)

2018-12-13 00:18:22 - [MESSAGE][PASSED] - Delayed 5 second(s)

2018-12-13 00:18:22 - [TEST_STEP][PASSED] - click: Object: 'Object Repository/Final Object Repo/New Registration - Registration Module Pages/New Reg - OTC to RO/Special Case - All Related Objects/Upload Doc Page Save n Continue' is clicked on

2018-12-13 00:18:22 - [MESSAGE][PASSED] - Object: 'Object Repository/Final Object Repo/New Registration - Registration Module Pages/New Reg - OTC to RO/Special Case - All Related Objects/Upload Doc Page Save n Continue' is clicked on

2018-12-13 00:18:22 - [TEST_STEP][PASSED] - delay: Delayed 5 second(s)

2018-12-13 00:18:27 - [MESSAGE][PASSED] - Delayed 5 second(s)

2018-12-13 00:18:27 - [TEST_STEP][FAILED] - callTestCase: Unable to call Test Case with id 'Test Cases/Final Aug 2018 - PKS Automation/Registration Module/New Registration/Submit and Screenshot/Submit Registration and Screenshot' (Root cause: Call Test Case 'Test Cases/Final Aug 2018 - PKS Automation/Registration Module/New Registration/Submit and Screenshot/Submit Registration and Screenshot' failed)

2018-12-13 00:18:27 - [TEST_CASE][FAILED] - Test Cases/Final Aug 2018 - PKS Automation/Registration Module/New Registration/Submit and Screenshot/Submit Registration and Screenshot: Test Cases/Final Aug 2018 - PKS Automation/Registration Module/New Registration/Submit and Screenshot/Submit Registration and Screenshot FAILED because (of) (Stack trace: com.kms.katalon.core.exception.StepFailedException: Unable to click on object 'Object Repository/Final Object Repo/New Registration - Registration Module Pages/Third Screen - Upload Supporting Doc- Preview/Preview Submit Button' (Root cause: com.kms.katalon.core.webui.exception.WebElementNotFoundException: Web element with id: 'Object Repository/Final Object Repo/New Registration - Registration Module Pages/Third Screen - Upload Supporting Doc- Preview/Preview Submit Button' located by 'By.xpath: //a[@popupvalidatesubmit = 'true' and @class = 'btn btn-lg blueBtn col-md-2 pull-right browserIdBtn' and (text() = ' SUBMIT
					' or . = ' SUBMIT
					')]' not found)
	at com.kms.katalon.core.keyword.internal.KeywordMain.stepFailed(KeywordMain.groovy:32)
	at com.kms.katalon.core.webui.keyword.internal.WebUIKeywordMain.stepFailed(WebUIKeywordMain.groovy:65)
	at com.kms.katalon.core.webui.keyword.internal.WebUIKeywordMain.runKeyword(WebUIKeywordMain.groovy:27)
	at com.kms.katalon.core.webui.keyword.builtin.ClickKeyword.click(ClickKeyword.groovy:86)
	at com.kms.katalon.core.webui.keyword.builtin.ClickKeyword.execute(ClickKeyword.groovy:67)
	at com.kms.katalon.core.keyword.internal.KeywordExecutor.executeKeywordForPlatform(KeywordExecutor.groovy:53)
	at com.kms.katalon.core.webui.keyword.WebUiBuiltInKeywords.click(WebUiBuiltInKeywords.groovy:616)
	at com.kms.katalon.core.webui.keyword.WebUiBuiltInKeywords$click$2.call(Unknown Source)
	at Script1534476274484.run(Script1534476274484.groovy:32)
	at com.kms.katalon.core.main.ScriptEngine.run(ScriptEngine.java:183)
	at com.kms.katalon.core.main.ScriptEngine.runScriptAsRawText(ScriptEngine.java:108)
	at com.kms.katalon.core.main.TestCaseExecutor.runScript(TestCaseExecutor.java:294)
	at com.kms.katalon.core.main.TestCaseExecutor.doExecute(TestCaseExecutor.java:285)
	at com.kms.katalon.core.main.TestCaseExecutor.processExecutionPhase(TestCaseExecutor.java:264)
	at com.kms.katalon.core.main.TestCaseExecutor.accessMainPhase(TestCaseExecutor.java:256)
	at com.kms.katalon.core.main.TestCaseExecutor.execute(TestCaseExecutor.java:200)
	at com.kms.katalon.core.main.TestCaseMain.runTestCase(TestCaseMain.java:99)
	at com.kms.katalon.core.keyword.builtin.CallTestCaseKeyword$_callTestCase_closure1.doCall(CallTestCaseKeyword.groovy:60)
	at com.kms.katalon.core.keyword.builtin.CallTestCaseKeyword$_callTestCase_closure1.call(CallTestCaseKeyword.groovy)
	at com.kms.katalon.core.keyword.internal.KeywordMain.runKeyword(KeywordMain.groovy:54)
	at com.kms.katalon.core.keyword.builtin.CallTestCaseKeyword.callTestCase(CallTestCaseKeyword.groovy:81)
	at com.kms.katalon.core.keyword.builtin.CallTestCaseKeyword.execute(CallTestCaseKeyword.groovy:45)
	at com.kms.katalon.core.keyword.internal.KeywordExecutor.executeKeywordForPlatform(KeywordExecutor.groovy:53)
	at com.kms.katalon.core.keyword.BuiltinKeywords.callTestCase(BuiltinKeywords.groovy:334)
	at sun.reflect.GeneratedMethodAccessor13.invoke(Unknown Source)
	at sun.reflect.DelegatingMethodAccessorImpl.invoke(DelegatingMethodAccessorImpl.java:43)
	at java.lang.reflect.Method.invoke(Method.java:498)
	at org.codehaus.groovy.reflection.CachedMethod.invoke(CachedMethod.java:93)
	at groovy.lang.MetaMethod.doMethodInvoke(MetaMethod.java:325)
	at groovy.lang.MetaClassImpl.invokeStaticMethod(MetaClassImpl.java:1469)
	at org.codehaus.groovy.runtime.callsite.StaticMetaClassSite.call(StaticMetaClassSite.java:53)
	at org.codehaus.groovy.runtime.callsite.CallSiteArray.defaultCall(CallSiteArray.java:48)
	at org.codehaus.groovy.runtime.callsite.AbstractCallSite.call(AbstractCallSite.java:113)
	at org.codehaus.groovy.runtime.callsite.AbstractCallSite.call(AbstractCallSite.java:141)
	at Script1535599386194.run(Script1535599386194.groovy:262)
	at com.kms.katalon.core.main.ScriptEngine.run(ScriptEngine.java:183)
	at com.kms.katalon.core.main.ScriptEngine.runScriptAsRawText(ScriptEngine.java:108)
	at com.kms.katalon.core.main.TestCaseExecutor.runScript(TestCaseExecutor.java:294)
	at com.kms.katalon.core.main.TestCaseExecutor.doExecute(TestCaseExecutor.java:285)
	at com.kms.katalon.core.main.TestCaseExecutor.processExecutionPhase(TestCaseExecutor.java:264)
	at com.kms.katalon.core.main.TestCaseExecutor.accessMainPhase(TestCaseExecutor.java:256)
	at com.kms.katalon.core.main.TestCaseExecutor.execute(TestCaseExecutor.java:200)
	at com.kms.katalon.core.main.TestSuiteExecutor.accessTestCaseMainPhase(TestSuiteExecutor.java:129)
	at com.kms.katalon.core.main.TestSuiteExecutor.accessTestSuiteMainPhase(TestSuiteExecutor.java:112)
	at com.kms.katalon.core.main.TestSuiteExecutor.execute(TestSuiteExecutor.java:81)
	at com.kms.katalon.core.main.TestCaseMain.startTestSuite(TestCaseMain.java:142)
	at com.kms.katalon.core.main.TestCaseMain$startTestSuite$0.call(Unknown Source)
	at org.codehaus.groovy.runtime.callsite.CallSiteArray.defaultCall(CallSiteArray.java:48)
	at org.codehaus.groovy.runtime.callsite.AbstractCallSite.call(AbstractCallSite.java:113)
	at org.codehaus.groovy.runtime.callsite.AbstractCallSite.call(AbstractCallSite.java:141)
	at TempTestSuite1544618906888.run(TempTestSuite1544618906888.groovy:36)
	at groovy.lang.GroovyShell.runScriptOrMainOrTestOrRunnable(GroovyShell.java:263)
	at groovy.lang.GroovyShell.run(GroovyShell.java:518)
	at groovy.lang.GroovyShell.run(GroovyShell.java:507)
	at groovy.ui.GroovyMain.processOnce(GroovyMain.java:653)
	at groovy.ui.GroovyMain.run(GroovyMain.java:384)
	at groovy.ui.GroovyMain.process(GroovyMain.java:370)
	at groovy.ui.GroovyMain.processArgs(GroovyMain.java:129)
	at groovy.ui.GroovyMain.main(GroovyMain.java:109)
	at sun.reflect.NativeMethodAccessorImpl.invoke0(Native Method)
	at sun.reflect.NativeMethodAccessorImpl.invoke(NativeMethodAccessorImpl.java:62)
	at sun.reflect.DelegatingMethodAccessorImpl.invoke(DelegatingMethodAccessorImpl.java:43)
	at java.lang.reflect.Method.invoke(Method.java:498)
	at org.codehaus.groovy.tools.GroovyStarter.rootLoader(GroovyStarter.java:109)
	at org.codehaus.groovy.tools.GroovyStarter.main(GroovyStarter.java:131)
)

2018-12-13 00:18:27 - [TEST_STEP][PASSED] - delay: Delayed 6 second(s)

2018-12-13 00:18:33 - [MESSAGE][PASSED] - Delayed 6 second(s)

2018-12-13 00:18:33 - [TEST_STEP][FAILED] - click: Unable to click on object 'Object Repository/Final Object Repo/New Registration - Registration Module Pages/Third Screen - Upload Supporting Doc- Preview/Preview Submit Button' (Root cause: com.kms.katalon.core.webui.exception.WebElementNotFoundException: Web element with id: 'Object Repository/Final Object Repo/New Registration - Registration Module Pages/Third Screen - Upload Supporting Doc- Preview/Preview Submit Button' located by 'By.xpath: //a[@popupvalidatesubmit = 'true' and @class = 'btn btn-lg blueBtn col-md-2 pull-right browserIdBtn' and (text() = ' SUBMIT
					' or . = ' SUBMIT
					')]' not found)

2018-12-13 00:19:09 - [MESSAGE][FAILED] - Unable to click on object 'Object Repository/Final Object Repo/New Registration - Registration Module Pages/Third Screen - Upload Supporting Doc- Preview/Preview Submit Button' (Root cause: com.kms.katalon.core.webui.exception.WebElementNotFoundException: Web element with id: 'Object Repository/Final Object Repo/New Registration - Registration Module Pages/Third Screen - Upload Supporting Doc- Preview/Preview Submit Button' located by 'By.xpath: //a[@popupvalidatesubmit = 'true' and @class = 'btn btn-lg blueBtn col-md-2 pull-right browserIdBtn' and (text() = ' SUBMIT
					' or . = ' SUBMIT
					')]' not found)
[[ATTACHMENT|C:\\Users\\Admin\\Desktop\\PKS\\Perkeso Phase A\\Reports\\Workflow\\New Registration\\20181212_204826\\1544631548915.png]]

2018-12-13 00:19:09 - [TEST_STEP][PASSED] - delay: Delayed 2 second(s)

2018-12-13 00:19:11 - [MESSAGE][PASSED] - Delayed 2 second(s)

2018-12-13 00:19:11 - [TEST_STEP][FAILED] - click: Unable to click on object 'Object Repository/Final Object Repo/New Registration - Registration Module Pages/Third Screen - Upload Supporting Doc- Preview/Preview Submit - Confirm' (Root cause: com.kms.katalon.core.webui.exception.WebElementNotFoundException: Web element with id: 'Object Repository/Final Object Repo/New Registration - Registration Module Pages/Third Screen - Upload Supporting Doc- Preview/Preview Submit - Confirm' located by 'By.xpath: //span[@id = 'confirmword' and (text() = 'CONFIRM' or . = 'CONFIRM')]' not found)

2018-12-13 00:19:43 - [MESSAGE][FAILED] - Unable to click on object 'Object Repository/Final Object Repo/New Registration - Registration Module Pages/Third Screen - Upload Supporting Doc- Preview/Preview Submit - Confirm' (Root cause: com.kms.katalon.core.webui.exception.WebElementNotFoundException: Web element with id: 'Object Repository/Final Object Repo/New Registration - Registration Module Pages/Third Screen - Upload Supporting Doc- Preview/Preview Submit - Confirm' located by 'By.xpath: //span[@id = 'confirmword' and (text() = 'CONFIRM' or . = 'CONFIRM')]' not found)
[[ATTACHMENT|C:\\Users\\Admin\\Desktop\\PKS\\Perkeso Phase A\\Reports\\Workflow\\New Registration\\20181212_204826\\1544631583225.png]]

2018-12-13 00:19:43 - [TEST_STEP][PASSED] - delay: Delayed 15 second(s)

2018-12-13 00:19:58 - [MESSAGE][PASSED] - Delayed 15 second(s)

2018-12-13 00:19:58 - [TEST_STEP][PASSED] - Statement - driver = com.kms.katalon.core.webui.driver.DriverFactory.getWebDriver(): null

2018-12-13 00:19:58 - [TEST_STEP][PASSED] - Statement - driver.manage().timeouts().implicitlyWait(10, SECONDS): null

2018-12-13 00:19:58 - [TEST_STEP][PASSED] - Statement - PresavePath = KatalonScreenshots: null

2018-12-13 00:19:58 - [TEST_STEP][PASSED] - Statement - pathPrefix = "C:\Users\Public\Pictures\Sample Pictures\Katalon Screenshots\Automate Ending Screen": null

2018-12-13 00:19:58 - [TEST_STEP][PASSED] - Statement - finalPath = <not implemented yet for class: org.codehaus.groovy.ast.expr.EmptyExpression>: null

2018-12-13 00:19:58 - [TEST_STEP][PASSED] - Statement - scrFile = driver.getScreenshotAs(FILE): null

2018-12-13 00:19:58 - [TEST_STEP][PASSED] - Statement - PreSaveFile = new java.io.File(PresavePath): null

2018-12-13 00:19:58 - [TEST_STEP][PASSED] - Statement - counter = 0: null

2018-12-13 00:19:58 - [TEST_STEP][PASSED] - Statement - If (PreSaveFile.exists()): null

2018-12-13 00:19:58 - [TEST_STEP][PASSED] - Statement - While (PreSaveFile.exists()): null

2018-12-13 00:19:58 - [TEST_STEP][PASSED] - Statement - counter = counter + 1: null

2018-12-13 00:19:58 - [TEST_STEP][PASSED] - Statement - PreSaveFile = new java.io.File(((pathPrefix + java.lang.Integer.toString(counter)) + .png)): null

2018-12-13 00:19:58 - [TEST_STEP][PASSED] - Statement - counter = counter + 1: null

2018-12-13 00:19:58 - [TEST_STEP][PASSED] - Statement - PreSaveFile = new java.io.File(((pathPrefix + java.lang.Integer.toString(counter)) + .png)): null

2018-12-13 00:19:58 - [TEST_STEP][PASSED] - Statement - counter = counter + 1: null

2018-12-13 00:19:58 - [TEST_STEP][PASSED] - Statement - PreSaveFile = new java.io.File(((pathPrefix + java.lang.Integer.toString(counter)) + .png)): null

2018-12-13 00:19:58 - [TEST_STEP][PASSED] - Statement - counter = counter + 1: null

2018-12-13 00:19:58 - [TEST_STEP][PASSED] - Statement - PreSaveFile = new java.io.File(((pathPrefix + java.lang.Integer.toString(counter)) + .png)): null

2018-12-13 00:19:58 - [TEST_STEP][PASSED] - Statement - counter = counter + 1: null

2018-12-13 00:19:58 - [TEST_STEP][PASSED] - Statement - PreSaveFile = new java.io.File(((pathPrefix + java.lang.Integer.toString(counter)) + .png)): null

2018-12-13 00:19:58 - [TEST_STEP][PASSED] - Statement - counter = counter + 1: null

2018-12-13 00:19:58 - [TEST_STEP][PASSED] - Statement - PreSaveFile = new java.io.File(((pathPrefix + java.lang.Integer.toString(counter)) + .png)): null

2018-12-13 00:19:58 - [TEST_STEP][PASSED] - Statement - counter = counter + 1: null

2018-12-13 00:19:58 - [TEST_STEP][PASSED] - Statement - PreSaveFile = new java.io.File(((pathPrefix + java.lang.Integer.toString(counter)) + .png)): null

2018-12-13 00:19:58 - [TEST_STEP][PASSED] - Statement - counter = counter + 1: null

2018-12-13 00:19:58 - [TEST_STEP][PASSED] - Statement - PreSaveFile = new java.io.File(((pathPrefix + java.lang.Integer.toString(counter)) + .png)): null

2018-12-13 00:19:58 - [TEST_STEP][PASSED] - Statement - counter = counter + 1: null

2018-12-13 00:19:58 - [TEST_STEP][PASSED] - Statement - PreSaveFile = new java.io.File(((pathPrefix + java.lang.Integer.toString(counter)) + .png)): null

2018-12-13 00:19:58 - [TEST_STEP][PASSED] - Statement - counter = counter + 1: null

2018-12-13 00:19:58 - [TEST_STEP][PASSED] - Statement - PreSaveFile = new java.io.File(((pathPrefix + java.lang.Integer.toString(counter)) + .png)): null

2018-12-13 00:19:58 - [TEST_STEP][PASSED] - Statement - counter = counter + 1: null

2018-12-13 00:19:58 - [TEST_STEP][PASSED] - Statement - PreSaveFile = new java.io.File(((pathPrefix + java.lang.Integer.toString(counter)) + .png)): null

2018-12-13 00:19:58 - [TEST_STEP][PASSED] - Statement - counter = counter + 1: null

2018-12-13 00:19:58 - [TEST_STEP][PASSED] - Statement - PreSaveFile = new java.io.File(((pathPrefix + java.lang.Integer.toString(counter)) + .png)): null

2018-12-13 00:19:58 - [TEST_STEP][PASSED] - Statement - counter = counter + 1: null

2018-12-13 00:19:58 - [TEST_STEP][PASSED] - Statement - PreSaveFile = new java.io.File(((pathPrefix + java.lang.Integer.toString(counter)) + .png)): null

2018-12-13 00:19:58 - [TEST_STEP][PASSED] - Statement - counter = counter + 1: null

2018-12-13 00:19:58 - [TEST_STEP][PASSED] - Statement - PreSaveFile = new java.io.File(((pathPrefix + java.lang.Integer.toString(counter)) + .png)): null

2018-12-13 00:19:58 - [TEST_STEP][PASSED] - Statement - counter = counter + 1: null

2018-12-13 00:19:58 - [TEST_STEP][PASSED] - Statement - PreSaveFile = new java.io.File(((pathPrefix + java.lang.Integer.toString(counter)) + .png)): null

2018-12-13 00:19:58 - [TEST_STEP][PASSED] - Statement - counter = counter + 1: null

2018-12-13 00:19:58 - [TEST_STEP][PASSED] - Statement - PreSaveFile = new java.io.File(((pathPrefix + java.lang.Integer.toString(counter)) + .png)): null

2018-12-13 00:19:58 - [TEST_STEP][PASSED] - Statement - counter = counter + 1: null

2018-12-13 00:19:58 - [TEST_STEP][PASSED] - Statement - PreSaveFile = new java.io.File(((pathPrefix + java.lang.Integer.toString(counter)) + .png)): null

2018-12-13 00:19:58 - [TEST_STEP][PASSED] - Statement - counter = counter + 1: null

2018-12-13 00:19:58 - [TEST_STEP][PASSED] - Statement - PreSaveFile = new java.io.File(((pathPrefix + java.lang.Integer.toString(counter)) + .png)): null

2018-12-13 00:19:58 - [TEST_STEP][PASSED] - Statement - counter = counter + 1: null

2018-12-13 00:19:58 - [TEST_STEP][PASSED] - Statement - PreSaveFile = new java.io.File(((pathPrefix + java.lang.Integer.toString(counter)) + .png)): null

2018-12-13 00:19:58 - [TEST_STEP][PASSED] - Statement - counter = counter + 1: null

2018-12-13 00:19:58 - [TEST_STEP][PASSED] - Statement - PreSaveFile = new java.io.File(((pathPrefix + java.lang.Integer.toString(counter)) + .png)): null

2018-12-13 00:19:58 - [TEST_STEP][PASSED] - Statement - counter = counter + 1: null

2018-12-13 00:19:58 - [TEST_STEP][PASSED] - Statement - PreSaveFile = new java.io.File(((pathPrefix + java.lang.Integer.toString(counter)) + .png)): null

2018-12-13 00:19:58 - [TEST_STEP][PASSED] - Statement - counter = counter + 1: null

2018-12-13 00:19:58 - [TEST_STEP][PASSED] - Statement - PreSaveFile = new java.io.File(((pathPrefix + java.lang.Integer.toString(counter)) + .png)): null

2018-12-13 00:19:58 - [TEST_STEP][PASSED] - Statement - counter = counter + 1: null

2018-12-13 00:19:58 - [TEST_STEP][PASSED] - Statement - PreSaveFile = new java.io.File(((pathPrefix + java.lang.Integer.toString(counter)) + .png)): null

2018-12-13 00:19:58 - [TEST_STEP][PASSED] - Statement - counter = counter + 1: null

2018-12-13 00:19:58 - [TEST_STEP][PASSED] - Statement - PreSaveFile = new java.io.File(((pathPrefix + java.lang.Integer.toString(counter)) + .png)): null

2018-12-13 00:19:58 - [TEST_STEP][PASSED] - Statement - counter = counter + 1: null

2018-12-13 00:19:58 - [TEST_STEP][PASSED] - Statement - PreSaveFile = new java.io.File(((pathPrefix + java.lang.Integer.toString(counter)) + .png)): null

2018-12-13 00:19:58 - [TEST_STEP][PASSED] - Statement - counter = counter + 1: null

2018-12-13 00:19:58 - [TEST_STEP][PASSED] - Statement - PreSaveFile = new java.io.File(((pathPrefix + java.lang.Integer.toString(counter)) + .png)): null

2018-12-13 00:19:58 - [TEST_STEP][PASSED] - Statement - counter = counter + 1: null

2018-12-13 00:19:58 - [TEST_STEP][PASSED] - Statement - PreSaveFile = new java.io.File(((pathPrefix + java.lang.Integer.toString(counter)) + .png)): null

2018-12-13 00:19:58 - [TEST_STEP][PASSED] - Statement - counter = counter + 1: null

2018-12-13 00:19:58 - [TEST_STEP][PASSED] - Statement - PreSaveFile = new java.io.File(((pathPrefix + java.lang.Integer.toString(counter)) + .png)): null

2018-12-13 00:19:58 - [TEST_STEP][PASSED] - Statement - counter = counter + 1: null

2018-12-13 00:19:58 - [TEST_STEP][PASSED] - Statement - PreSaveFile = new java.io.File(((pathPrefix + java.lang.Integer.toString(counter)) + .png)): null

2018-12-13 00:19:58 - [TEST_STEP][PASSED] - Statement - counter = counter + 1: null

2018-12-13 00:19:58 - [TEST_STEP][PASSED] - Statement - PreSaveFile = new java.io.File(((pathPrefix + java.lang.Integer.toString(counter)) + .png)): null

2018-12-13 00:19:58 - [TEST_STEP][PASSED] - Statement - counter = counter + 1: null

2018-12-13 00:19:58 - [TEST_STEP][PASSED] - Statement - PreSaveFile = new java.io.File(((pathPrefix + java.lang.Integer.toString(counter)) + .png)): null

2018-12-13 00:19:58 - [TEST_STEP][PASSED] - Statement - counter = counter + 1: null

2018-12-13 00:19:58 - [TEST_STEP][PASSED] - Statement - PreSaveFile = new java.io.File(((pathPrefix + java.lang.Integer.toString(counter)) + .png)): null

2018-12-13 00:19:58 - [TEST_STEP][PASSED] - Statement - counter = counter + 1: null

2018-12-13 00:19:58 - [TEST_STEP][PASSED] - Statement - PreSaveFile = new java.io.File(((pathPrefix + java.lang.Integer.toString(counter)) + .png)): null

2018-12-13 00:19:58 - [TEST_STEP][PASSED] - Statement - counter = counter + 1: null

2018-12-13 00:19:58 - [TEST_STEP][PASSED] - Statement - PreSaveFile = new java.io.File(((pathPrefix + java.lang.Integer.toString(counter)) + .png)): null

2018-12-13 00:19:58 - [TEST_STEP][PASSED] - Statement - counter = counter + 1: null

2018-12-13 00:19:58 - [TEST_STEP][PASSED] - Statement - PreSaveFile = new java.io.File(((pathPrefix + java.lang.Integer.toString(counter)) + .png)): null

2018-12-13 00:19:58 - [TEST_STEP][PASSED] - Statement - counter = counter + 1: null

2018-12-13 00:19:59 - [TEST_STEP][PASSED] - Statement - PreSaveFile = new java.io.File(((pathPrefix + java.lang.Integer.toString(counter)) + .png)): null

2018-12-13 00:19:59 - [TEST_STEP][PASSED] - Statement - counter = counter + 1: null

2018-12-13 00:19:59 - [TEST_STEP][PASSED] - Statement - PreSaveFile = new java.io.File(((pathPrefix + java.lang.Integer.toString(counter)) + .png)): null

2018-12-13 00:19:59 - [TEST_STEP][PASSED] - Statement - counter = counter + 1: null

2018-12-13 00:19:59 - [TEST_STEP][PASSED] - Statement - PreSaveFile = new java.io.File(((pathPrefix + java.lang.Integer.toString(counter)) + .png)): null

2018-12-13 00:19:59 - [TEST_STEP][PASSED] - Statement - counter = counter + 1: null

2018-12-13 00:19:59 - [TEST_STEP][PASSED] - Statement - PreSaveFile = new java.io.File(((pathPrefix + java.lang.Integer.toString(counter)) + .png)): null

2018-12-13 00:19:59 - [TEST_STEP][PASSED] - Statement - counter = counter + 1: null

2018-12-13 00:19:59 - [TEST_STEP][PASSED] - Statement - PreSaveFile = new java.io.File(((pathPrefix + java.lang.Integer.toString(counter)) + .png)): null

2018-12-13 00:19:59 - [TEST_STEP][PASSED] - Statement - counter = counter + 1: null

2018-12-13 00:19:59 - [TEST_STEP][PASSED] - Statement - PreSaveFile = new java.io.File(((pathPrefix + java.lang.Integer.toString(counter)) + .png)): null

2018-12-13 00:19:59 - [TEST_STEP][PASSED] - Statement - counter = counter + 1: null

2018-12-13 00:19:59 - [TEST_STEP][PASSED] - Statement - PreSaveFile = new java.io.File(((pathPrefix + java.lang.Integer.toString(counter)) + .png)): null

2018-12-13 00:19:59 - [TEST_STEP][PASSED] - Statement - counter = counter + 1: null

2018-12-13 00:19:59 - [TEST_STEP][PASSED] - Statement - PreSaveFile = new java.io.File(((pathPrefix + java.lang.Integer.toString(counter)) + .png)): null

2018-12-13 00:19:59 - [TEST_STEP][PASSED] - Statement - counter = counter + 1: null

2018-12-13 00:19:59 - [TEST_STEP][PASSED] - Statement - PreSaveFile = new java.io.File(((pathPrefix + java.lang.Integer.toString(counter)) + .png)): null

2018-12-13 00:19:59 - [TEST_STEP][PASSED] - Statement - counter = counter + 1: null

2018-12-13 00:19:59 - [TEST_STEP][PASSED] - Statement - PreSaveFile = new java.io.File(((pathPrefix + java.lang.Integer.toString(counter)) + .png)): null

2018-12-13 00:19:59 - [TEST_STEP][PASSED] - Statement - counter = counter + 1: null

2018-12-13 00:19:59 - [TEST_STEP][PASSED] - Statement - PreSaveFile = new java.io.File(((pathPrefix + java.lang.Integer.toString(counter)) + .png)): null

2018-12-13 00:19:59 - [TEST_STEP][PASSED] - Statement - counter = counter + 1: null

2018-12-13 00:19:59 - [TEST_STEP][PASSED] - Statement - PreSaveFile = new java.io.File(((pathPrefix + java.lang.Integer.toString(counter)) + .png)): null

2018-12-13 00:19:59 - [TEST_STEP][PASSED] - Statement - counter = counter + 1: null

2018-12-13 00:19:59 - [TEST_STEP][PASSED] - Statement - PreSaveFile = new java.io.File(((pathPrefix + java.lang.Integer.toString(counter)) + .png)): null

2018-12-13 00:19:59 - [TEST_STEP][PASSED] - Statement - counter = counter + 1: null

2018-12-13 00:19:59 - [TEST_STEP][PASSED] - Statement - PreSaveFile = new java.io.File(((pathPrefix + java.lang.Integer.toString(counter)) + .png)): null

2018-12-13 00:19:59 - [TEST_STEP][PASSED] - Statement - counter = counter + 1: null

2018-12-13 00:19:59 - [TEST_STEP][PASSED] - Statement - PreSaveFile = new java.io.File(((pathPrefix + java.lang.Integer.toString(counter)) + .png)): null

2018-12-13 00:19:59 - [TEST_STEP][PASSED] - Statement - counter = counter + 1: null

2018-12-13 00:19:59 - [TEST_STEP][PASSED] - Statement - PreSaveFile = new java.io.File(((pathPrefix + java.lang.Integer.toString(counter)) + .png)): null

2018-12-13 00:19:59 - [TEST_STEP][PASSED] - Statement - counter = counter + 1: null

2018-12-13 00:19:59 - [TEST_STEP][PASSED] - Statement - PreSaveFile = new java.io.File(((pathPrefix + java.lang.Integer.toString(counter)) + .png)): null

2018-12-13 00:19:59 - [TEST_STEP][PASSED] - Statement - counter = counter + 1: null

2018-12-13 00:19:59 - [TEST_STEP][PASSED] - Statement - PreSaveFile = new java.io.File(((pathPrefix + java.lang.Integer.toString(counter)) + .png)): null

2018-12-13 00:19:59 - [TEST_STEP][PASSED] - Statement - counter = counter + 1: null

2018-12-13 00:19:59 - [TEST_STEP][PASSED] - Statement - PreSaveFile = new java.io.File(((pathPrefix + java.lang.Integer.toString(counter)) + .png)): null

2018-12-13 00:19:59 - [TEST_STEP][PASSED] - Statement - counter = counter + 1: null

2018-12-13 00:19:59 - [TEST_STEP][PASSED] - Statement - PreSaveFile = new java.io.File(((pathPrefix + java.lang.Integer.toString(counter)) + .png)): null

2018-12-13 00:19:59 - [TEST_STEP][PASSED] - Statement - counter = counter + 1: null

2018-12-13 00:19:59 - [TEST_STEP][PASSED] - Statement - PreSaveFile = new java.io.File(((pathPrefix + java.lang.Integer.toString(counter)) + .png)): null

2018-12-13 00:19:59 - [TEST_STEP][PASSED] - Statement - counter = counter + 1: null

2018-12-13 00:19:59 - [TEST_STEP][PASSED] - Statement - PreSaveFile = new java.io.File(((pathPrefix + java.lang.Integer.toString(counter)) + .png)): null

2018-12-13 00:19:59 - [TEST_STEP][PASSED] - Statement - counter = counter + 1: null

2018-12-13 00:19:59 - [TEST_STEP][PASSED] - Statement - PreSaveFile = new java.io.File(((pathPrefix + java.lang.Integer.toString(counter)) + .png)): null

2018-12-13 00:19:59 - [TEST_STEP][PASSED] - Statement - counter = counter + 1: null

2018-12-13 00:19:59 - [TEST_STEP][PASSED] - Statement - PreSaveFile = new java.io.File(((pathPrefix + java.lang.Integer.toString(counter)) + .png)): null

2018-12-13 00:19:59 - [TEST_STEP][PASSED] - Statement - counter = counter + 1: null

2018-12-13 00:19:59 - [TEST_STEP][PASSED] - Statement - PreSaveFile = new java.io.File(((pathPrefix + java.lang.Integer.toString(counter)) + .png)): null

2018-12-13 00:19:59 - [TEST_STEP][PASSED] - Statement - counter = counter + 1: null

2018-12-13 00:19:59 - [TEST_STEP][PASSED] - Statement - PreSaveFile = new java.io.File(((pathPrefix + java.lang.Integer.toString(counter)) + .png)): null

2018-12-13 00:19:59 - [TEST_STEP][PASSED] - Statement - counter = counter + 1: null

2018-12-13 00:19:59 - [TEST_STEP][PASSED] - Statement - PreSaveFile = new java.io.File(((pathPrefix + java.lang.Integer.toString(counter)) + .png)): null

2018-12-13 00:19:59 - [TEST_STEP][PASSED] - Statement - counter = counter + 1: null

2018-12-13 00:19:59 - [TEST_STEP][PASSED] - Statement - PreSaveFile = new java.io.File(((pathPrefix + java.lang.Integer.toString(counter)) + .png)): null

2018-12-13 00:19:59 - [TEST_STEP][PASSED] - Statement - counter = counter + 1: null

2018-12-13 00:19:59 - [TEST_STEP][PASSED] - Statement - PreSaveFile = new java.io.File(((pathPrefix + java.lang.Integer.toString(counter)) + .png)): null

2018-12-13 00:19:59 - [TEST_STEP][PASSED] - Statement - counter = counter + 1: null

2018-12-13 00:19:59 - [TEST_STEP][PASSED] - Statement - PreSaveFile = new java.io.File(((pathPrefix + java.lang.Integer.toString(counter)) + .png)): null

2018-12-13 00:19:59 - [TEST_STEP][PASSED] - Statement - counter = counter + 1: null

2018-12-13 00:19:59 - [TEST_STEP][PASSED] - Statement - PreSaveFile = new java.io.File(((pathPrefix + java.lang.Integer.toString(counter)) + .png)): null

2018-12-13 00:19:59 - [TEST_STEP][PASSED] - Statement - counter = counter + 1: null

2018-12-13 00:19:59 - [TEST_STEP][PASSED] - Statement - PreSaveFile = new java.io.File(((pathPrefix + java.lang.Integer.toString(counter)) + .png)): null

2018-12-13 00:19:59 - [TEST_STEP][PASSED] - Statement - counter = counter + 1: null

2018-12-13 00:19:59 - [TEST_STEP][PASSED] - Statement - PreSaveFile = new java.io.File(((pathPrefix + java.lang.Integer.toString(counter)) + .png)): null

2018-12-13 00:19:59 - [TEST_STEP][PASSED] - Statement - counter = counter + 1: null

2018-12-13 00:19:59 - [TEST_STEP][PASSED] - Statement - PreSaveFile = new java.io.File(((pathPrefix + java.lang.Integer.toString(counter)) + .png)): null

2018-12-13 00:19:59 - [TEST_STEP][PASSED] - Statement - counter = counter + 1: null

2018-12-13 00:19:59 - [TEST_STEP][PASSED] - Statement - PreSaveFile = new java.io.File(((pathPrefix + java.lang.Integer.toString(counter)) + .png)): null

2018-12-13 00:19:59 - [TEST_STEP][PASSED] - Statement - counter = counter + 1: null

2018-12-13 00:19:59 - [TEST_STEP][PASSED] - Statement - PreSaveFile = new java.io.File(((pathPrefix + java.lang.Integer.toString(counter)) + .png)): null

2018-12-13 00:19:59 - [TEST_STEP][PASSED] - Statement - counter = counter + 1: null

2018-12-13 00:19:59 - [TEST_STEP][PASSED] - Statement - PreSaveFile = new java.io.File(((pathPrefix + java.lang.Integer.toString(counter)) + .png)): null

2018-12-13 00:19:59 - [TEST_STEP][PASSED] - Statement - counter = counter + 1: null

2018-12-13 00:19:59 - [TEST_STEP][PASSED] - Statement - PreSaveFile = new java.io.File(((pathPrefix + java.lang.Integer.toString(counter)) + .png)): null

2018-12-13 00:19:59 - [TEST_STEP][PASSED] - Statement - counter = counter + 1: null

2018-12-13 00:19:59 - [TEST_STEP][PASSED] - Statement - PreSaveFile = new java.io.File(((pathPrefix + java.lang.Integer.toString(counter)) + .png)): null

2018-12-13 00:19:59 - [TEST_STEP][PASSED] - Statement - counter = counter + 1: null

2018-12-13 00:19:59 - [TEST_STEP][PASSED] - Statement - PreSaveFile = new java.io.File(((pathPrefix + java.lang.Integer.toString(counter)) + .png)): null

2018-12-13 00:19:59 - [TEST_STEP][PASSED] - Statement - counter = counter + 1: null

2018-12-13 00:19:59 - [TEST_STEP][PASSED] - Statement - PreSaveFile = new java.io.File(((pathPrefix + java.lang.Integer.toString(counter)) + .png)): null

2018-12-13 00:19:59 - [TEST_STEP][PASSED] - Statement - counter = counter + 1: null

2018-12-13 00:19:59 - [TEST_STEP][PASSED] - Statement - PreSaveFile = new java.io.File(((pathPrefix + java.lang.Integer.toString(counter)) + .png)): null

2018-12-13 00:19:59 - [TEST_STEP][PASSED] - Statement - counter = counter + 1: null

2018-12-13 00:19:59 - [TEST_STEP][PASSED] - Statement - PreSaveFile = new java.io.File(((pathPrefix + java.lang.Integer.toString(counter)) + .png)): null

2018-12-13 00:19:59 - [TEST_STEP][PASSED] - Statement - counter = counter + 1: null

2018-12-13 00:19:59 - [TEST_STEP][PASSED] - Statement - PreSaveFile = new java.io.File(((pathPrefix + java.lang.Integer.toString(counter)) + .png)): null

2018-12-13 00:19:59 - [TEST_STEP][PASSED] - Statement - counter = counter + 1: null

2018-12-13 00:19:59 - [TEST_STEP][PASSED] - Statement - PreSaveFile = new java.io.File(((pathPrefix + java.lang.Integer.toString(counter)) + .png)): null

2018-12-13 00:19:59 - [TEST_STEP][PASSED] - Statement - counter = counter + 1: null

2018-12-13 00:19:59 - [TEST_STEP][PASSED] - Statement - PreSaveFile = new java.io.File(((pathPrefix + java.lang.Integer.toString(counter)) + .png)): null

2018-12-13 00:19:59 - [TEST_STEP][PASSED] - Statement - counter = counter + 1: null

2018-12-13 00:19:59 - [TEST_STEP][PASSED] - Statement - PreSaveFile = new java.io.File(((pathPrefix + java.lang.Integer.toString(counter)) + .png)): null

2018-12-13 00:19:59 - [TEST_STEP][PASSED] - Statement - counter = counter + 1: null

2018-12-13 00:19:59 - [TEST_STEP][PASSED] - Statement - PreSaveFile = new java.io.File(((pathPrefix + java.lang.Integer.toString(counter)) + .png)): null

2018-12-13 00:19:59 - [TEST_STEP][PASSED] - Statement - counter = counter + 1: null

2018-12-13 00:19:59 - [TEST_STEP][PASSED] - Statement - PreSaveFile = new java.io.File(((pathPrefix + java.lang.Integer.toString(counter)) + .png)): null

2018-12-13 00:19:59 - [TEST_STEP][PASSED] - Statement - counter = counter + 1: null

2018-12-13 00:19:59 - [TEST_STEP][PASSED] - Statement - PreSaveFile = new java.io.File(((pathPrefix + java.lang.Integer.toString(counter)) + .png)): null

2018-12-13 00:19:59 - [TEST_STEP][PASSED] - Statement - counter = counter + 1: null

2018-12-13 00:19:59 - [TEST_STEP][PASSED] - Statement - PreSaveFile = new java.io.File(((pathPrefix + java.lang.Integer.toString(counter)) + .png)): null

2018-12-13 00:19:59 - [TEST_STEP][PASSED] - Statement - counter = counter + 1: null

2018-12-13 00:19:59 - [TEST_STEP][PASSED] - Statement - PreSaveFile = new java.io.File(((pathPrefix + java.lang.Integer.toString(counter)) + .png)): null

2018-12-13 00:19:59 - [TEST_STEP][PASSED] - Statement - counter = counter + 1: null

2018-12-13 00:19:59 - [TEST_STEP][PASSED] - Statement - PreSaveFile = new java.io.File(((pathPrefix + java.lang.Integer.toString(counter)) + .png)): null

2018-12-13 00:19:59 - [TEST_STEP][PASSED] - Statement - counter = counter + 1: null

2018-12-13 00:19:59 - [TEST_STEP][PASSED] - Statement - PreSaveFile = new java.io.File(((pathPrefix + java.lang.Integer.toString(counter)) + .png)): null

2018-12-13 00:19:59 - [TEST_STEP][PASSED] - Statement - counter = counter + 1: null

2018-12-13 00:19:59 - [TEST_STEP][PASSED] - Statement - PreSaveFile = new java.io.File(((pathPrefix + java.lang.Integer.toString(counter)) + .png)): null

2018-12-13 00:19:59 - [TEST_STEP][PASSED] - Statement - counter = counter + 1: null

2018-12-13 00:19:59 - [TEST_STEP][PASSED] - Statement - PreSaveFile = new java.io.File(((pathPrefix + java.lang.Integer.toString(counter)) + .png)): null

2018-12-13 00:19:59 - [TEST_STEP][PASSED] - Statement - counter = counter + 1: null

2018-12-13 00:19:59 - [TEST_STEP][PASSED] - Statement - PreSaveFile = new java.io.File(((pathPrefix + java.lang.Integer.toString(counter)) + .png)): null

2018-12-13 00:19:59 - [TEST_STEP][PASSED] - Statement - counter = counter + 1: null

2018-12-13 00:19:59 - [TEST_STEP][PASSED] - Statement - PreSaveFile = new java.io.File(((pathPrefix + java.lang.Integer.toString(counter)) + .png)): null

2018-12-13 00:19:59 - [TEST_STEP][PASSED] - Statement - counter = counter + 1: null

2018-12-13 00:19:59 - [TEST_STEP][PASSED] - Statement - PreSaveFile = new java.io.File(((pathPrefix + java.lang.Integer.toString(counter)) + .png)): null

2018-12-13 00:19:59 - [TEST_STEP][PASSED] - Statement - counter = counter + 1: null

2018-12-13 00:19:59 - [TEST_STEP][PASSED] - Statement - PreSaveFile = new java.io.File(((pathPrefix + java.lang.Integer.toString(counter)) + .png)): null

2018-12-13 00:19:59 - [TEST_STEP][PASSED] - Statement - counter = counter + 1: null

2018-12-13 00:19:59 - [TEST_STEP][PASSED] - Statement - PreSaveFile = new java.io.File(((pathPrefix + java.lang.Integer.toString(counter)) + .png)): null

2018-12-13 00:19:59 - [TEST_STEP][PASSED] - Statement - counter = counter + 1: null

2018-12-13 00:19:59 - [TEST_STEP][PASSED] - Statement - PreSaveFile = new java.io.File(((pathPrefix + java.lang.Integer.toString(counter)) + .png)): null

2018-12-13 00:19:59 - [TEST_STEP][PASSED] - Statement - counter = counter + 1: null

2018-12-13 00:19:59 - [TEST_STEP][PASSED] - Statement - PreSaveFile = new java.io.File(((pathPrefix + java.lang.Integer.toString(counter)) + .png)): null

2018-12-13 00:19:59 - [TEST_STEP][PASSED] - Statement - counter = counter + 1: null

2018-12-13 00:19:59 - [TEST_STEP][PASSED] - Statement - PreSaveFile = new java.io.File(((pathPrefix + java.lang.Integer.toString(counter)) + .png)): null

2018-12-13 00:19:59 - [TEST_STEP][PASSED] - Statement - counter = counter + 1: null

2018-12-13 00:19:59 - [TEST_STEP][PASSED] - Statement - PreSaveFile = new java.io.File(((pathPrefix + java.lang.Integer.toString(counter)) + .png)): null

2018-12-13 00:19:59 - [TEST_STEP][PASSED] - Statement - counter = counter + 1: null

2018-12-13 00:19:59 - [TEST_STEP][PASSED] - Statement - PreSaveFile = new java.io.File(((pathPrefix + java.lang.Integer.toString(counter)) + .png)): null

2018-12-13 00:19:59 - [TEST_STEP][PASSED] - Statement - counter = counter + 1: null

2018-12-13 00:19:59 - [TEST_STEP][PASSED] - Statement - PreSaveFile = new java.io.File(((pathPrefix + java.lang.Integer.toString(counter)) + .png)): null

2018-12-13 00:19:59 - [TEST_STEP][PASSED] - Statement - counter = counter + 1: null

2018-12-13 00:19:59 - [TEST_STEP][PASSED] - Statement - PreSaveFile = new java.io.File(((pathPrefix + java.lang.Integer.toString(counter)) + .png)): null

2018-12-13 00:19:59 - [TEST_STEP][PASSED] - Statement - counter = counter + 1: null

2018-12-13 00:19:59 - [TEST_STEP][PASSED] - Statement - PreSaveFile = new java.io.File(((pathPrefix + java.lang.Integer.toString(counter)) + .png)): null

2018-12-13 00:19:59 - [TEST_STEP][PASSED] - Statement - counter = counter + 1: null

2018-12-13 00:19:59 - [TEST_STEP][PASSED] - Statement - PreSaveFile = new java.io.File(((pathPrefix + java.lang.Integer.toString(counter)) + .png)): null

2018-12-13 00:19:59 - [TEST_STEP][PASSED] - Statement - counter = counter + 1: null

2018-12-13 00:19:59 - [TEST_STEP][PASSED] - Statement - PreSaveFile = new java.io.File(((pathPrefix + java.lang.Integer.toString(counter)) + .png)): null

2018-12-13 00:19:59 - [TEST_STEP][PASSED] - Statement - counter = counter + 1: null

2018-12-13 00:19:59 - [TEST_STEP][PASSED] - Statement - PreSaveFile = new java.io.File(((pathPrefix + java.lang.Integer.toString(counter)) + .png)): null

2018-12-13 00:19:59 - [TEST_STEP][PASSED] - Statement - counter = counter + 1: null

2018-12-13 00:19:59 - [TEST_STEP][PASSED] - Statement - PreSaveFile = new java.io.File(((pathPrefix + java.lang.Integer.toString(counter)) + .png)): null

2018-12-13 00:19:59 - [TEST_STEP][PASSED] - Statement - counter = counter + 1: null

2018-12-13 00:19:59 - [TEST_STEP][PASSED] - Statement - PreSaveFile = new java.io.File(((pathPrefix + java.lang.Integer.toString(counter)) + .png)): null

2018-12-13 00:19:59 - [TEST_STEP][PASSED] - Statement - counter = counter + 1: null

2018-12-13 00:19:59 - [TEST_STEP][PASSED] - Statement - PreSaveFile = new java.io.File(((pathPrefix + java.lang.Integer.toString(counter)) + .png)): null

2018-12-13 00:19:59 - [TEST_STEP][PASSED] - Statement - counter = counter + 1: null

2018-12-13 00:19:59 - [TEST_STEP][PASSED] - Statement - PreSaveFile = new java.io.File(((pathPrefix + java.lang.Integer.toString(counter)) + .png)): null

2018-12-13 00:19:59 - [TEST_STEP][PASSED] - Statement - counter = counter + 1: null

2018-12-13 00:19:59 - [TEST_STEP][PASSED] - Statement - PreSaveFile = new java.io.File(((pathPrefix + java.lang.Integer.toString(counter)) + .png)): null

2018-12-13 00:19:59 - [TEST_STEP][PASSED] - Statement - counter = counter + 1: null

2018-12-13 00:19:59 - [TEST_STEP][PASSED] - Statement - PreSaveFile = new java.io.File(((pathPrefix + java.lang.Integer.toString(counter)) + .png)): null

2018-12-13 00:19:59 - [TEST_STEP][PASSED] - Statement - counter = counter + 1: null

2018-12-13 00:19:59 - [TEST_STEP][PASSED] - Statement - PreSaveFile = new java.io.File(((pathPrefix + java.lang.Integer.toString(counter)) + .png)): null

2018-12-13 00:19:59 - [TEST_STEP][PASSED] - Statement - counter = counter + 1: null

2018-12-13 00:19:59 - [TEST_STEP][PASSED] - Statement - PreSaveFile = new java.io.File(((pathPrefix + java.lang.Integer.toString(counter)) + .png)): null

2018-12-13 00:19:59 - [TEST_STEP][PASSED] - Statement - counter = counter + 1: null

2018-12-13 00:19:59 - [TEST_STEP][PASSED] - Statement - PreSaveFile = new java.io.File(((pathPrefix + java.lang.Integer.toString(counter)) + .png)): null

2018-12-13 00:19:59 - [TEST_STEP][PASSED] - Statement - counter = counter + 1: null

2018-12-13 00:19:59 - [TEST_STEP][PASSED] - Statement - PreSaveFile = new java.io.File(((pathPrefix + java.lang.Integer.toString(counter)) + .png)): null

2018-12-13 00:19:59 - [TEST_STEP][PASSED] - Statement - counter = counter + 1: null

2018-12-13 00:19:59 - [TEST_STEP][PASSED] - Statement - PreSaveFile = new java.io.File(((pathPrefix + java.lang.Integer.toString(counter)) + .png)): null

2018-12-13 00:19:59 - [TEST_STEP][PASSED] - Statement - counter = counter + 1: null

2018-12-13 00:19:59 - [TEST_STEP][PASSED] - Statement - PreSaveFile = new java.io.File(((pathPrefix + java.lang.Integer.toString(counter)) + .png)): null

2018-12-13 00:19:59 - [TEST_STEP][PASSED] - Statement - counter = counter + 1: null

2018-12-13 00:19:59 - [TEST_STEP][PASSED] - Statement - PreSaveFile = new java.io.File(((pathPrefix + java.lang.Integer.toString(counter)) + .png)): null

2018-12-13 00:19:59 - [TEST_STEP][PASSED] - Statement - counter = counter + 1: null

2018-12-13 00:19:59 - [TEST_STEP][PASSED] - Statement - PreSaveFile = new java.io.File(((pathPrefix + java.lang.Integer.toString(counter)) + .png)): null

2018-12-13 00:19:59 - [TEST_STEP][PASSED] - Statement - counter = counter + 1: null

2018-12-13 00:19:59 - [TEST_STEP][PASSED] - Statement - PreSaveFile = new java.io.File(((pathPrefix + java.lang.Integer.toString(counter)) + .png)): null

2018-12-13 00:19:59 - [TEST_STEP][PASSED] - Statement - counter = counter + 1: null

2018-12-13 00:19:59 - [TEST_STEP][PASSED] - Statement - PreSaveFile = new java.io.File(((pathPrefix + java.lang.Integer.toString(counter)) + .png)): null

2018-12-13 00:19:59 - [TEST_STEP][PASSED] - Statement - counter = counter + 1: null

2018-12-13 00:19:59 - [TEST_STEP][PASSED] - Statement - PreSaveFile = new java.io.File(((pathPrefix + java.lang.Integer.toString(counter)) + .png)): null

2018-12-13 00:19:59 - [TEST_STEP][PASSED] - Statement - counter = counter + 1: null

2018-12-13 00:19:59 - [TEST_STEP][PASSED] - Statement - PreSaveFile = new java.io.File(((pathPrefix + java.lang.Integer.toString(counter)) + .png)): null

2018-12-13 00:19:59 - [TEST_STEP][PASSED] - Statement - counter = counter + 1: null

2018-12-13 00:19:59 - [TEST_STEP][PASSED] - Statement - PreSaveFile = new java.io.File(((pathPrefix + java.lang.Integer.toString(counter)) + .png)): null

2018-12-13 00:19:59 - [TEST_STEP][PASSED] - Statement - counter = counter + 1: null

2018-12-13 00:19:59 - [TEST_STEP][PASSED] - Statement - PreSaveFile = new java.io.File(((pathPrefix + java.lang.Integer.toString(counter)) + .png)): null

2018-12-13 00:19:59 - [TEST_STEP][PASSED] - Statement - counter = counter + 1: null

2018-12-13 00:19:59 - [TEST_STEP][PASSED] - Statement - PreSaveFile = new java.io.File(((pathPrefix + java.lang.Integer.toString(counter)) + .png)): null

2018-12-13 00:19:59 - [TEST_STEP][PASSED] - Statement - counter = counter + 1: null

2018-12-13 00:19:59 - [TEST_STEP][PASSED] - Statement - PreSaveFile = new java.io.File(((pathPrefix + java.lang.Integer.toString(counter)) + .png)): null

2018-12-13 00:19:59 - [TEST_STEP][PASSED] - Statement - counter = counter + 1: null

2018-12-13 00:19:59 - [TEST_STEP][PASSED] - Statement - PreSaveFile = new java.io.File(((pathPrefix + java.lang.Integer.toString(counter)) + .png)): null

2018-12-13 00:19:59 - [TEST_STEP][PASSED] - Statement - counter = counter + 1: null

2018-12-13 00:19:59 - [TEST_STEP][PASSED] - Statement - PreSaveFile = new java.io.File(((pathPrefix + java.lang.Integer.toString(counter)) + .png)): null

2018-12-13 00:19:59 - [TEST_STEP][PASSED] - Statement - counter = counter + 1: null

2018-12-13 00:19:59 - [TEST_STEP][PASSED] - Statement - PreSaveFile = new java.io.File(((pathPrefix + java.lang.Integer.toString(counter)) + .png)): null

2018-12-13 00:19:59 - [TEST_STEP][PASSED] - Statement - counter = counter + 1: null

2018-12-13 00:19:59 - [TEST_STEP][PASSED] - Statement - PreSaveFile = new java.io.File(((pathPrefix + java.lang.Integer.toString(counter)) + .png)): null

2018-12-13 00:19:59 - [TEST_STEP][PASSED] - Statement - counter = counter + 1: null

2018-12-13 00:19:59 - [TEST_STEP][PASSED] - Statement - PreSaveFile = new java.io.File(((pathPrefix + java.lang.Integer.toString(counter)) + .png)): null

2018-12-13 00:19:59 - [TEST_STEP][PASSED] - Statement - counter = counter + 1: null

2018-12-13 00:19:59 - [TEST_STEP][PASSED] - Statement - PreSaveFile = new java.io.File(((pathPrefix + java.lang.Integer.toString(counter)) + .png)): null

2018-12-13 00:19:59 - [TEST_STEP][PASSED] - Statement - counter = counter + 1: null

2018-12-13 00:19:59 - [TEST_STEP][PASSED] - Statement - PreSaveFile = new java.io.File(((pathPrefix + java.lang.Integer.toString(counter)) + .png)): null

2018-12-13 00:19:59 - [TEST_STEP][PASSED] - Statement - counter = counter + 1: null

2018-12-13 00:19:59 - [TEST_STEP][PASSED] - Statement - PreSaveFile = new java.io.File(((pathPrefix + java.lang.Integer.toString(counter)) + .png)): null

2018-12-13 00:19:59 - [TEST_STEP][PASSED] - Statement - counter = counter + 1: null

2018-12-13 00:19:59 - [TEST_STEP][PASSED] - Statement - PreSaveFile = new java.io.File(((pathPrefix + java.lang.Integer.toString(counter)) + .png)): null

2018-12-13 00:19:59 - [TEST_STEP][PASSED] - Statement - counter = counter + 1: null

2018-12-13 00:19:59 - [TEST_STEP][PASSED] - Statement - PreSaveFile = new java.io.File(((pathPrefix + java.lang.Integer.toString(counter)) + .png)): null

2018-12-13 00:19:59 - [TEST_STEP][PASSED] - Statement - counter = counter + 1: null

2018-12-13 00:19:59 - [TEST_STEP][PASSED] - Statement - PreSaveFile = new java.io.File(((pathPrefix + java.lang.Integer.toString(counter)) + .png)): null

2018-12-13 00:19:59 - [TEST_STEP][PASSED] - Statement - counter = counter + 1: null

2018-12-13 00:19:59 - [TEST_STEP][PASSED] - Statement - PreSaveFile = new java.io.File(((pathPrefix + java.lang.Integer.toString(counter)) + .png)): null

2018-12-13 00:19:59 - [TEST_STEP][PASSED] - Statement - counter = counter + 1: null

2018-12-13 00:19:59 - [TEST_STEP][PASSED] - Statement - PreSaveFile = new java.io.File(((pathPrefix + java.lang.Integer.toString(counter)) + .png)): null

2018-12-13 00:19:59 - [TEST_STEP][PASSED] - Statement - counter = counter + 1: null

2018-12-13 00:19:59 - [TEST_STEP][PASSED] - Statement - PreSaveFile = new java.io.File(((pathPrefix + java.lang.Integer.toString(counter)) + .png)): null

2018-12-13 00:19:59 - [TEST_STEP][PASSED] - Statement - counter = counter + 1: null

2018-12-13 00:19:59 - [TEST_STEP][PASSED] - Statement - PreSaveFile = new java.io.File(((pathPrefix + java.lang.Integer.toString(counter)) + .png)): null

2018-12-13 00:19:59 - [TEST_STEP][PASSED] - Statement - counter = counter + 1: null

2018-12-13 00:19:59 - [TEST_STEP][PASSED] - Statement - PreSaveFile = new java.io.File(((pathPrefix + java.lang.Integer.toString(counter)) + .png)): null

2018-12-13 00:19:59 - [TEST_STEP][PASSED] - Statement - counter = counter + 1: null

2018-12-13 00:19:59 - [TEST_STEP][PASSED] - Statement - PreSaveFile = new java.io.File(((pathPrefix + java.lang.Integer.toString(counter)) + .png)): null

2018-12-13 00:19:59 - [TEST_STEP][PASSED] - Statement - counter = counter + 1: null

2018-12-13 00:19:59 - [TEST_STEP][PASSED] - Statement - PreSaveFile = new java.io.File(((pathPrefix + java.lang.Integer.toString(counter)) + .png)): null

2018-12-13 00:19:59 - [TEST_STEP][PASSED] - Statement - counter = counter + 1: null

2018-12-13 00:19:59 - [TEST_STEP][PASSED] - Statement - PreSaveFile = new java.io.File(((pathPrefix + java.lang.Integer.toString(counter)) + .png)): null

2018-12-13 00:19:59 - [TEST_STEP][PASSED] - Statement - counter = counter + 1: null

2018-12-13 00:19:59 - [TEST_STEP][PASSED] - Statement - PreSaveFile = new java.io.File(((pathPrefix + java.lang.Integer.toString(counter)) + .png)): null

2018-12-13 00:19:59 - [TEST_STEP][PASSED] - Statement - counter = counter + 1: null

2018-12-13 00:19:59 - [TEST_STEP][PASSED] - Statement - PreSaveFile = new java.io.File(((pathPrefix + java.lang.Integer.toString(counter)) + .png)): null

2018-12-13 00:19:59 - [TEST_STEP][PASSED] - Statement - counter = counter + 1: null

2018-12-13 00:19:59 - [TEST_STEP][PASSED] - Statement - PreSaveFile = new java.io.File(((pathPrefix + java.lang.Integer.toString(counter)) + .png)): null

2018-12-13 00:19:59 - [TEST_STEP][PASSED] - Statement - counter = counter + 1: null

2018-12-13 00:19:59 - [TEST_STEP][PASSED] - Statement - PreSaveFile = new java.io.File(((pathPrefix + java.lang.Integer.toString(counter)) + .png)): null

2018-12-13 00:19:59 - [TEST_STEP][PASSED] - Statement - counter = counter + 1: null

2018-12-13 00:19:59 - [TEST_STEP][PASSED] - Statement - PreSaveFile = new java.io.File(((pathPrefix + java.lang.Integer.toString(counter)) + .png)): null

2018-12-13 00:19:59 - [TEST_STEP][PASSED] - Statement - counter = counter + 1: null

2018-12-13 00:19:59 - [TEST_STEP][PASSED] - Statement - PreSaveFile = new java.io.File(((pathPrefix + java.lang.Integer.toString(counter)) + .png)): null

2018-12-13 00:19:59 - [TEST_STEP][PASSED] - Statement - counter = counter + 1: null

2018-12-13 00:19:59 - [TEST_STEP][PASSED] - Statement - PreSaveFile = new java.io.File(((pathPrefix + java.lang.Integer.toString(counter)) + .png)): null

2018-12-13 00:19:59 - [TEST_STEP][PASSED] - Statement - counter = counter + 1: null

2018-12-13 00:19:59 - [TEST_STEP][PASSED] - Statement - PreSaveFile = new java.io.File(((pathPrefix + java.lang.Integer.toString(counter)) + .png)): null

2018-12-13 00:19:59 - [TEST_STEP][PASSED] - Statement - counter = counter + 1: null

2018-12-13 00:19:59 - [TEST_STEP][PASSED] - Statement - PreSaveFile = new java.io.File(((pathPrefix + java.lang.Integer.toString(counter)) + .png)): null

2018-12-13 00:19:59 - [TEST_STEP][PASSED] - Statement - counter = counter + 1: null

2018-12-13 00:19:59 - [TEST_STEP][PASSED] - Statement - PreSaveFile = new java.io.File(((pathPrefix + java.lang.Integer.toString(counter)) + .png)): null

2018-12-13 00:19:59 - [TEST_STEP][PASSED] - Statement - counter = counter + 1: null

2018-12-13 00:19:59 - [TEST_STEP][PASSED] - Statement - PreSaveFile = new java.io.File(((pathPrefix + java.lang.Integer.toString(counter)) + .png)): null

2018-12-13 00:19:59 - [TEST_STEP][PASSED] - Statement - counter = counter + 1: null

2018-12-13 00:19:59 - [TEST_STEP][PASSED] - Statement - PreSaveFile = new java.io.File(((pathPrefix + java.lang.Integer.toString(counter)) + .png)): null

2018-12-13 00:19:59 - [TEST_STEP][PASSED] - Statement - counter = counter + 1: null

2018-12-13 00:19:59 - [TEST_STEP][PASSED] - Statement - PreSaveFile = new java.io.File(((pathPrefix + java.lang.Integer.toString(counter)) + .png)): null

2018-12-13 00:19:59 - [TEST_STEP][PASSED] - Statement - counter = counter + 1: null

2018-12-13 00:19:59 - [TEST_STEP][PASSED] - Statement - PreSaveFile = new java.io.File(((pathPrefix + java.lang.Integer.toString(counter)) + .png)): null

2018-12-13 00:19:59 - [TEST_STEP][PASSED] - Statement - counter = counter + 1: null

2018-12-13 00:19:59 - [TEST_STEP][PASSED] - Statement - PreSaveFile = new java.io.File(((pathPrefix + java.lang.Integer.toString(counter)) + .png)): null

2018-12-13 00:19:59 - [TEST_STEP][PASSED] - Statement - counter = counter + 1: null

2018-12-13 00:19:59 - [TEST_STEP][PASSED] - Statement - PreSaveFile = new java.io.File(((pathPrefix + java.lang.Integer.toString(counter)) + .png)): null

2018-12-13 00:19:59 - [TEST_STEP][PASSED] - Statement - counter = counter + 1: null

2018-12-13 00:19:59 - [TEST_STEP][PASSED] - Statement - PreSaveFile = new java.io.File(((pathPrefix + java.lang.Integer.toString(counter)) + .png)): null

2018-12-13 00:19:59 - [TEST_STEP][PASSED] - Statement - counter = counter + 1: null

2018-12-13 00:19:59 - [TEST_STEP][PASSED] - Statement - PreSaveFile = new java.io.File(((pathPrefix + java.lang.Integer.toString(counter)) + .png)): null

2018-12-13 00:19:59 - [TEST_STEP][PASSED] - Statement - counter = counter + 1: null

2018-12-13 00:19:59 - [TEST_STEP][PASSED] - Statement - PreSaveFile = new java.io.File(((pathPrefix + java.lang.Integer.toString(counter)) + .png)): null

2018-12-13 00:19:59 - [TEST_STEP][PASSED] - Statement - counter = counter + 1: null

2018-12-13 00:19:59 - [TEST_STEP][PASSED] - Statement - PreSaveFile = new java.io.File(((pathPrefix + java.lang.Integer.toString(counter)) + .png)): null

2018-12-13 00:19:59 - [TEST_STEP][PASSED] - Statement - counter = counter + 1: null

2018-12-13 00:19:59 - [TEST_STEP][PASSED] - Statement - PreSaveFile = new java.io.File(((pathPrefix + java.lang.Integer.toString(counter)) + .png)): null

2018-12-13 00:19:59 - [TEST_STEP][PASSED] - Statement - counter = counter + 1: null

2018-12-13 00:19:59 - [TEST_STEP][PASSED] - Statement - PreSaveFile = new java.io.File(((pathPrefix + java.lang.Integer.toString(counter)) + .png)): null

2018-12-13 00:19:59 - [TEST_STEP][PASSED] - Statement - counter = counter + 1: null

2018-12-13 00:19:59 - [TEST_STEP][PASSED] - Statement - PreSaveFile = new java.io.File(((pathPrefix + java.lang.Integer.toString(counter)) + .png)): null

2018-12-13 00:19:59 - [TEST_STEP][PASSED] - Statement - counter = counter + 1: null

2018-12-13 00:19:59 - [TEST_STEP][PASSED] - Statement - PreSaveFile = new java.io.File(((pathPrefix + java.lang.Integer.toString(counter)) + .png)): null

2018-12-13 00:19:59 - [TEST_STEP][PASSED] - Statement - counter = counter + 1: null

2018-12-13 00:19:59 - [TEST_STEP][PASSED] - Statement - PreSaveFile = new java.io.File(((pathPrefix + java.lang.Integer.toString(counter)) + .png)): null

2018-12-13 00:19:59 - [TEST_STEP][PASSED] - Statement - counter = counter + 1: null

2018-12-13 00:19:59 - [TEST_STEP][PASSED] - Statement - PreSaveFile = new java.io.File(((pathPrefix + java.lang.Integer.toString(counter)) + .png)): null

2018-12-13 00:19:59 - [TEST_STEP][PASSED] - Statement - counter = counter + 1: null

2018-12-13 00:19:59 - [TEST_STEP][PASSED] - Statement - PreSaveFile = new java.io.File(((pathPrefix + java.lang.Integer.toString(counter)) + .png)): null

2018-12-13 00:19:59 - [TEST_STEP][PASSED] - Statement - counter = counter + 1: null

2018-12-13 00:19:59 - [TEST_STEP][PASSED] - Statement - PreSaveFile = new java.io.File(((pathPrefix + java.lang.Integer.toString(counter)) + .png)): null

2018-12-13 00:19:59 - [TEST_STEP][PASSED] - Statement - counter = counter + 1: null

2018-12-13 00:19:59 - [TEST_STEP][PASSED] - Statement - PreSaveFile = new java.io.File(((pathPrefix + java.lang.Integer.toString(counter)) + .png)): null

2018-12-13 00:19:59 - [TEST_STEP][PASSED] - Statement - counter = counter + 1: null

2018-12-13 00:19:59 - [TEST_STEP][PASSED] - Statement - PreSaveFile = new java.io.File(((pathPrefix + java.lang.Integer.toString(counter)) + .png)): null

2018-12-13 00:19:59 - [TEST_STEP][PASSED] - Statement - counter = counter + 1: null

2018-12-13 00:19:59 - [TEST_STEP][PASSED] - Statement - PreSaveFile = new java.io.File(((pathPrefix + java.lang.Integer.toString(counter)) + .png)): null

2018-12-13 00:19:59 - [TEST_STEP][PASSED] - Statement - counter = counter + 1: null

2018-12-13 00:19:59 - [TEST_STEP][PASSED] - Statement - PreSaveFile = new java.io.File(((pathPrefix + java.lang.Integer.toString(counter)) + .png)): null

2018-12-13 00:19:59 - [TEST_STEP][PASSED] - Statement - counter = counter + 1: null

2018-12-13 00:19:59 - [TEST_STEP][PASSED] - Statement - PreSaveFile = new java.io.File(((pathPrefix + java.lang.Integer.toString(counter)) + .png)): null

2018-12-13 00:19:59 - [TEST_STEP][PASSED] - Statement - counter = counter + 1: null

2018-12-13 00:19:59 - [TEST_STEP][PASSED] - Statement - PreSaveFile = new java.io.File(((pathPrefix + java.lang.Integer.toString(counter)) + .png)): null

2018-12-13 00:19:59 - [TEST_STEP][PASSED] - Statement - counter = counter + 1: null

2018-12-13 00:19:59 - [TEST_STEP][PASSED] - Statement - PreSaveFile = new java.io.File(((pathPrefix + java.lang.Integer.toString(counter)) + .png)): null

2018-12-13 00:19:59 - [TEST_STEP][PASSED] - Statement - counter = counter + 1: null

2018-12-13 00:19:59 - [TEST_STEP][PASSED] - Statement - PreSaveFile = new java.io.File(((pathPrefix + java.lang.Integer.toString(counter)) + .png)): null

2018-12-13 00:19:59 - [TEST_STEP][PASSED] - Statement - counter = counter + 1: null

2018-12-13 00:19:59 - [TEST_STEP][PASSED] - Statement - PreSaveFile = new java.io.File(((pathPrefix + java.lang.Integer.toString(counter)) + .png)): null

2018-12-13 00:19:59 - [TEST_STEP][PASSED] - Statement - counter = counter + 1: null

2018-12-13 00:19:59 - [TEST_STEP][PASSED] - Statement - PreSaveFile = new java.io.File(((pathPrefix + java.lang.Integer.toString(counter)) + .png)): null

2018-12-13 00:19:59 - [TEST_STEP][PASSED] - Statement - counter = counter + 1: null

2018-12-13 00:19:59 - [TEST_STEP][PASSED] - Statement - PreSaveFile = new java.io.File(((pathPrefix + java.lang.Integer.toString(counter)) + .png)): null

2018-12-13 00:19:59 - [TEST_STEP][PASSED] - Statement - counter = counter + 1: null

2018-12-13 00:19:59 - [TEST_STEP][PASSED] - Statement - PreSaveFile = new java.io.File(((pathPrefix + java.lang.Integer.toString(counter)) + .png)): null

2018-12-13 00:19:59 - [TEST_STEP][PASSED] - Statement - counter = counter + 1: null

2018-12-13 00:19:59 - [TEST_STEP][PASSED] - Statement - PreSaveFile = new java.io.File(((pathPrefix + java.lang.Integer.toString(counter)) + .png)): null

2018-12-13 00:19:59 - [TEST_STEP][PASSED] - Statement - counter = counter + 1: null

2018-12-13 00:19:59 - [TEST_STEP][PASSED] - Statement - PreSaveFile = new java.io.File(((pathPrefix + java.lang.Integer.toString(counter)) + .png)): null

2018-12-13 00:19:59 - [TEST_STEP][PASSED] - Statement - counter = counter + 1: null

2018-12-13 00:19:59 - [TEST_STEP][PASSED] - Statement - PreSaveFile = new java.io.File(((pathPrefix + java.lang.Integer.toString(counter)) + .png)): null

2018-12-13 00:19:59 - [TEST_STEP][PASSED] - Statement - counter = counter + 1: null

2018-12-13 00:19:59 - [TEST_STEP][PASSED] - Statement - PreSaveFile = new java.io.File(((pathPrefix + java.lang.Integer.toString(counter)) + .png)): null

2018-12-13 00:19:59 - [TEST_STEP][PASSED] - Statement - counter = counter + 1: null

2018-12-13 00:19:59 - [TEST_STEP][PASSED] - Statement - PreSaveFile = new java.io.File(((pathPrefix + java.lang.Integer.toString(counter)) + .png)): null

2018-12-13 00:19:59 - [TEST_STEP][PASSED] - Statement - counter = counter + 1: null

2018-12-13 00:19:59 - [TEST_STEP][PASSED] - Statement - PreSaveFile = new java.io.File(((pathPrefix + java.lang.Integer.toString(counter)) + .png)): null

2018-12-13 00:19:59 - [TEST_STEP][PASSED] - Statement - counter = counter + 1: null

2018-12-13 00:19:59 - [TEST_STEP][PASSED] - Statement - PreSaveFile = new java.io.File(((pathPrefix + java.lang.Integer.toString(counter)) + .png)): null

2018-12-13 00:19:59 - [TEST_STEP][PASSED] - Statement - counter = counter + 1: null

2018-12-13 00:19:59 - [TEST_STEP][PASSED] - Statement - PreSaveFile = new java.io.File(((pathPrefix + java.lang.Integer.toString(counter)) + .png)): null

2018-12-13 00:19:59 - [TEST_STEP][PASSED] - Statement - counter = counter + 1: null

2018-12-13 00:19:59 - [TEST_STEP][PASSED] - Statement - PreSaveFile = new java.io.File(((pathPrefix + java.lang.Integer.toString(counter)) + .png)): null

2018-12-13 00:19:59 - [TEST_STEP][PASSED] - Statement - counter = counter + 1: null

2018-12-13 00:19:59 - [TEST_STEP][PASSED] - Statement - PreSaveFile = new java.io.File(((pathPrefix + java.lang.Integer.toString(counter)) + .png)): null

2018-12-13 00:19:59 - [TEST_STEP][PASSED] - Statement - counter = counter + 1: null

2018-12-13 00:19:59 - [TEST_STEP][PASSED] - Statement - PreSaveFile = new java.io.File(((pathPrefix + java.lang.Integer.toString(counter)) + .png)): null

2018-12-13 00:19:59 - [TEST_STEP][PASSED] - Statement - counter = counter + 1: null

2018-12-13 00:19:59 - [TEST_STEP][PASSED] - Statement - PreSaveFile = new java.io.File(((pathPrefix + java.lang.Integer.toString(counter)) + .png)): null

2018-12-13 00:19:59 - [TEST_STEP][PASSED] - Statement - counter = counter + 1: null

2018-12-13 00:19:59 - [TEST_STEP][PASSED] - Statement - PreSaveFile = new java.io.File(((pathPrefix + java.lang.Integer.toString(counter)) + .png)): null

2018-12-13 00:19:59 - [TEST_STEP][PASSED] - Statement - counter = counter + 1: null

2018-12-13 00:19:59 - [TEST_STEP][PASSED] - Statement - PreSaveFile = new java.io.File(((pathPrefix + java.lang.Integer.toString(counter)) + .png)): null

2018-12-13 00:19:59 - [TEST_STEP][PASSED] - Statement - counter = counter + 1: null

2018-12-13 00:19:59 - [TEST_STEP][PASSED] - Statement - PreSaveFile = new java.io.File(((pathPrefix + java.lang.Integer.toString(counter)) + .png)): null

2018-12-13 00:19:59 - [TEST_STEP][PASSED] - Statement - counter = counter + 1: null

2018-12-13 00:19:59 - [TEST_STEP][PASSED] - Statement - PreSaveFile = new java.io.File(((pathPrefix + java.lang.Integer.toString(counter)) + .png)): null

2018-12-13 00:19:59 - [TEST_STEP][PASSED] - Statement - counter = counter + 1: null

2018-12-13 00:19:59 - [TEST_STEP][PASSED] - Statement - PreSaveFile = new java.io.File(((pathPrefix + java.lang.Integer.toString(counter)) + .png)): null

2018-12-13 00:19:59 - [TEST_STEP][PASSED] - Statement - counter = counter + 1: null

2018-12-13 00:19:59 - [TEST_STEP][PASSED] - Statement - PreSaveFile = new java.io.File(((pathPrefix + java.lang.Integer.toString(counter)) + .png)): null

2018-12-13 00:19:59 - [TEST_STEP][PASSED] - Statement - counter = counter + 1: null

2018-12-13 00:19:59 - [TEST_STEP][PASSED] - Statement - PreSaveFile = new java.io.File(((pathPrefix + java.lang.Integer.toString(counter)) + .png)): null

2018-12-13 00:19:59 - [TEST_STEP][PASSED] - Statement - counter = counter + 1: null

2018-12-13 00:19:59 - [TEST_STEP][PASSED] - Statement - PreSaveFile = new java.io.File(((pathPrefix + java.lang.Integer.toString(counter)) + .png)): null

2018-12-13 00:19:59 - [TEST_STEP][PASSED] - Statement - counter = counter + 1: null

2018-12-13 00:19:59 - [TEST_STEP][PASSED] - Statement - PreSaveFile = new java.io.File(((pathPrefix + java.lang.Integer.toString(counter)) + .png)): null

2018-12-13 00:19:59 - [TEST_STEP][PASSED] - Statement - counter = counter + 1: null

2018-12-13 00:19:59 - [TEST_STEP][PASSED] - Statement - PreSaveFile = new java.io.File(((pathPrefix + java.lang.Integer.toString(counter)) + .png)): null

2018-12-13 00:19:59 - [TEST_STEP][PASSED] - Statement - counter = counter + 1: null

2018-12-13 00:19:59 - [TEST_STEP][PASSED] - Statement - PreSaveFile = new java.io.File(((pathPrefix + java.lang.Integer.toString(counter)) + .png)): null

2018-12-13 00:19:59 - [TEST_STEP][PASSED] - Statement - counter = counter + 1: null

2018-12-13 00:19:59 - [TEST_STEP][PASSED] - Statement - PreSaveFile = new java.io.File(((pathPrefix + java.lang.Integer.toString(counter)) + .png)): null

2018-12-13 00:19:59 - [TEST_STEP][PASSED] - Statement - counter = counter + 1: null

2018-12-13 00:19:59 - [TEST_STEP][PASSED] - Statement - PreSaveFile = new java.io.File(((pathPrefix + java.lang.Integer.toString(counter)) + .png)): null

2018-12-13 00:19:59 - [TEST_STEP][PASSED] - Statement - counter = counter + 1: null

2018-12-13 00:19:59 - [TEST_STEP][PASSED] - Statement - PreSaveFile = new java.io.File(((pathPrefix + java.lang.Integer.toString(counter)) + .png)): null

2018-12-13 00:19:59 - [TEST_STEP][PASSED] - Statement - counter = counter + 1: null

2018-12-13 00:19:59 - [TEST_STEP][PASSED] - Statement - PreSaveFile = new java.io.File(((pathPrefix + java.lang.Integer.toString(counter)) + .png)): null

2018-12-13 00:19:59 - [TEST_STEP][PASSED] - Statement - counter = counter + 1: null

2018-12-13 00:19:59 - [TEST_STEP][PASSED] - Statement - PreSaveFile = new java.io.File(((pathPrefix + java.lang.Integer.toString(counter)) + .png)): null

2018-12-13 00:19:59 - [TEST_STEP][PASSED] - Statement - counter = counter + 1: null

2018-12-13 00:19:59 - [TEST_STEP][PASSED] - Statement - PreSaveFile = new java.io.File(((pathPrefix + java.lang.Integer.toString(counter)) + .png)): null

2018-12-13 00:19:59 - [TEST_STEP][PASSED] - Statement - counter = counter + 1: null

2018-12-13 00:19:59 - [TEST_STEP][PASSED] - Statement - PreSaveFile = new java.io.File(((pathPrefix + java.lang.Integer.toString(counter)) + .png)): null

2018-12-13 00:19:59 - [TEST_STEP][PASSED] - Statement - counter = counter + 1: null

2018-12-13 00:19:59 - [TEST_STEP][PASSED] - Statement - PreSaveFile = new java.io.File(((pathPrefix + java.lang.Integer.toString(counter)) + .png)): null

2018-12-13 00:19:59 - [TEST_STEP][PASSED] - Statement - counter = counter + 1: null

2018-12-13 00:19:59 - [TEST_STEP][PASSED] - Statement - PreSaveFile = new java.io.File(((pathPrefix + java.lang.Integer.toString(counter)) + .png)): null

2018-12-13 00:19:59 - [TEST_STEP][PASSED] - Statement - counter = counter + 1: null

2018-12-13 00:19:59 - [TEST_STEP][PASSED] - Statement - PreSaveFile = new java.io.File(((pathPrefix + java.lang.Integer.toString(counter)) + .png)): null

2018-12-13 00:19:59 - [TEST_STEP][PASSED] - Statement - counter = counter + 1: null

2018-12-13 00:19:59 - [TEST_STEP][PASSED] - Statement - PreSaveFile = new java.io.File(((pathPrefix + java.lang.Integer.toString(counter)) + .png)): null

2018-12-13 00:19:59 - [TEST_STEP][PASSED] - Statement - counter = counter + 1: null

2018-12-13 00:19:59 - [TEST_STEP][PASSED] - Statement - PreSaveFile = new java.io.File(((pathPrefix + java.lang.Integer.toString(counter)) + .png)): null

2018-12-13 00:19:59 - [TEST_STEP][PASSED] - Statement - counter = counter + 1: null

2018-12-13 00:19:59 - [TEST_STEP][PASSED] - Statement - PreSaveFile = new java.io.File(((pathPrefix + java.lang.Integer.toString(counter)) + .png)): null

2018-12-13 00:19:59 - [TEST_STEP][PASSED] - Statement - counter = counter + 1: null

2018-12-13 00:19:59 - [TEST_STEP][PASSED] - Statement - PreSaveFile = new java.io.File(((pathPrefix + java.lang.Integer.toString(counter)) + .png)): null

2018-12-13 00:19:59 - [TEST_STEP][PASSED] - Statement - counter = counter + 1: null

2018-12-13 00:19:59 - [TEST_STEP][PASSED] - Statement - PreSaveFile = new java.io.File(((pathPrefix + java.lang.Integer.toString(counter)) + .png)): null

2018-12-13 00:19:59 - [TEST_STEP][PASSED] - Statement - counter = counter + 1: null

2018-12-13 00:19:59 - [TEST_STEP][PASSED] - Statement - PreSaveFile = new java.io.File(((pathPrefix + java.lang.Integer.toString(counter)) + .png)): null

2018-12-13 00:19:59 - [TEST_STEP][PASSED] - Statement - counter = counter + 1: null

2018-12-13 00:19:59 - [TEST_STEP][PASSED] - Statement - PreSaveFile = new java.io.File(((pathPrefix + java.lang.Integer.toString(counter)) + .png)): null

2018-12-13 00:19:59 - [TEST_STEP][PASSED] - Statement - counter = counter + 1: null

2018-12-13 00:19:59 - [TEST_STEP][PASSED] - Statement - PreSaveFile = new java.io.File(((pathPrefix + java.lang.Integer.toString(counter)) + .png)): null

2018-12-13 00:19:59 - [TEST_STEP][PASSED] - Statement - counter = counter + 1: null

2018-12-13 00:19:59 - [TEST_STEP][PASSED] - Statement - PreSaveFile = new java.io.File(((pathPrefix + java.lang.Integer.toString(counter)) + .png)): null

2018-12-13 00:19:59 - [TEST_STEP][PASSED] - Statement - counter = counter + 1: null

2018-12-13 00:19:59 - [TEST_STEP][PASSED] - Statement - PreSaveFile = new java.io.File(((pathPrefix + java.lang.Integer.toString(counter)) + .png)): null

2018-12-13 00:19:59 - [TEST_STEP][PASSED] - Statement - counter = counter + 1: null

2018-12-13 00:19:59 - [TEST_STEP][PASSED] - Statement - PreSaveFile = new java.io.File(((pathPrefix + java.lang.Integer.toString(counter)) + .png)): null

2018-12-13 00:19:59 - [TEST_STEP][PASSED] - Statement - counter = counter + 1: null

2018-12-13 00:19:59 - [TEST_STEP][PASSED] - Statement - PreSaveFile = new java.io.File(((pathPrefix + java.lang.Integer.toString(counter)) + .png)): null

2018-12-13 00:19:59 - [TEST_STEP][PASSED] - Statement - counter = counter + 1: null

2018-12-13 00:19:59 - [TEST_STEP][PASSED] - Statement - PreSaveFile = new java.io.File(((pathPrefix + java.lang.Integer.toString(counter)) + .png)): null

2018-12-13 00:19:59 - [TEST_STEP][PASSED] - Statement - counter = counter + 1: null

2018-12-13 00:19:59 - [TEST_STEP][PASSED] - Statement - PreSaveFile = new java.io.File(((pathPrefix + java.lang.Integer.toString(counter)) + .png)): null

2018-12-13 00:19:59 - [TEST_STEP][PASSED] - Statement - counter = counter + 1: null

2018-12-13 00:19:59 - [TEST_STEP][PASSED] - Statement - PreSaveFile = new java.io.File(((pathPrefix + java.lang.Integer.toString(counter)) + .png)): null

2018-12-13 00:19:59 - [TEST_STEP][PASSED] - Statement - counter = counter + 1: null

2018-12-13 00:19:59 - [TEST_STEP][PASSED] - Statement - PreSaveFile = new java.io.File(((pathPrefix + java.lang.Integer.toString(counter)) + .png)): null

2018-12-13 00:19:59 - [TEST_STEP][PASSED] - Statement - counter = counter + 1: null

2018-12-13 00:19:59 - [TEST_STEP][PASSED] - Statement - PreSaveFile = new java.io.File(((pathPrefix + java.lang.Integer.toString(counter)) + .png)): null

2018-12-13 00:19:59 - [TEST_STEP][PASSED] - Statement - counter = counter + 1: null

2018-12-13 00:19:59 - [TEST_STEP][PASSED] - Statement - PreSaveFile = new java.io.File(((pathPrefix + java.lang.Integer.toString(counter)) + .png)): null

2018-12-13 00:19:59 - [TEST_STEP][PASSED] - Statement - counter = counter + 1: null

2018-12-13 00:19:59 - [TEST_STEP][PASSED] - Statement - PreSaveFile = new java.io.File(((pathPrefix + java.lang.Integer.toString(counter)) + .png)): null

2018-12-13 00:19:59 - [TEST_STEP][PASSED] - Statement - counter = counter + 1: null

2018-12-13 00:19:59 - [TEST_STEP][PASSED] - Statement - PreSaveFile = new java.io.File(((pathPrefix + java.lang.Integer.toString(counter)) + .png)): null

2018-12-13 00:19:59 - [TEST_STEP][PASSED] - Statement - counter = counter + 1: null

2018-12-13 00:19:59 - [TEST_STEP][PASSED] - Statement - PreSaveFile = new java.io.File(((pathPrefix + java.lang.Integer.toString(counter)) + .png)): null

2018-12-13 00:19:59 - [TEST_STEP][PASSED] - Statement - counter = counter + 1: null

2018-12-13 00:19:59 - [TEST_STEP][PASSED] - Statement - PreSaveFile = new java.io.File(((pathPrefix + java.lang.Integer.toString(counter)) + .png)): null

2018-12-13 00:19:59 - [TEST_STEP][PASSED] - Statement - finalPath = pathPrefix + java.lang.Integer.toString(counter) + ".png": null

2018-12-13 00:19:59 - [TEST_STEP][PASSED] - Statement - SaveFile = new java.io.File(finalPath): null

2018-12-13 00:19:59 - [TEST_STEP][PASSED] - Statement - Try: null

2018-12-13 00:19:59 - [TEST_STEP][PASSED] - Statement - org.apache.commons.io.FileUtils.copyFile(scrFile, SaveFile): null

2018-12-13 00:19:59 - [TEST_STEP][PASSED] - Statement - out.println("file kept"): null

2018-12-13 00:19:59 - [TEST_STEP][PASSED] - delay: Delayed 10 second(s)

2018-12-13 00:20:09 - [MESSAGE][PASSED] - Delayed 10 second(s)

2018-12-13 00:20:09 - [MESSAGE][FAILED] - Unable to call Test Case with id 'Test Cases/Final Aug 2018 - PKS Automation/Registration Module/New Registration/Submit and Screenshot/Submit Registration and Screenshot' (Root cause: Call Test Case 'Test Cases/Final Aug 2018 - PKS Automation/Registration Module/New Registration/Submit and Screenshot/Submit Registration and Screenshot' failed)]]></system-out>
         <system-err><![CDATA[2018-12-13 00:04:27 - [TEST_CASE][FAILED] - Test Cases/Final Aug 2018 - PKS Automation/Registration Module/Workflow/New Registration/Case OTC to RO - Query - Submit: Test Cases/Final Aug 2018 - PKS Automation/Registration Module/Workflow/New Registration/Case OTC to RO - Query - Submit FAILED because (of) (Stack trace: com.kms.katalon.core.exception.StepFailedException: Unable to set text 'CRN12201800123251' of object 'Object Repository/Final Object Repo/New Registration - Registration Module Pages/New Reg - OTC to RO/Special Case - All Related Objects/TextBox RefNo in Workbasket' (Root cause: org.openqa.selenium.ElementNotVisibleException: element not interactable
  (Session info: chrome=70.0.3538.110)
  (Driver info: chromedriver=2.43.600210 (68dcf5eebde37173d4027fa8635e332711d2874a),platform=Windows NT 6.1.7601 SP1 x86_64) (WARNING: The server did not provide any stacktrace information)
Command duration or timeout: 0 milliseconds
Build info: version: '3.7.1', revision: '8a0099a', time: '2017-11-06T21:07:36.161Z'
System info: host: 'WIN7TEST02', ip: '10.20.3.72', os.name: 'Windows 7', os.arch: 'amd64', os.version: '6.1', java.version: '1.8.0_181'
Driver info: com.kms.katalon.selenium.driver.CChromeDriver
Capabilities {acceptInsecureCerts: false, acceptSslCerts: false, applicationCacheEnabled: false, browserConnectionEnabled: false, browserName: chrome, chrome: {chromedriverVersion: 2.43.600210 (68dcf5eebde371..., userDataDir: C:\Users\Admin\AppData\Loca...}, cssSelectorsEnabled: true, databaseEnabled: false, goog:chromeOptions: {debuggerAddress: localhost:59373}, handlesAlerts: true, hasTouchScreen: false, javascriptEnabled: true, locationContextEnabled: true, mobileEmulationEnabled: false, nativeEvents: true, networkConnectionEnabled: false, pageLoadStrategy: normal, platform: XP, platformName: XP, rotatable: false, setWindowRect: true, takesHeapSnapshot: true, takesScreenshot: true, unexpectedAlertBehaviour: , unhandledPromptBehavior: , version: 70.0.3538.110, webStorageEnabled: true}
Session ID: d532156bde692105c8366a41ef384fb4)
	at com.kms.katalon.core.keyword.internal.KeywordMain.stepFailed(KeywordMain.groovy:32)
	at com.kms.katalon.core.webui.keyword.internal.WebUIKeywordMain.stepFailed(WebUIKeywordMain.groovy:65)
	at com.kms.katalon.core.webui.keyword.internal.WebUIKeywordMain.runKeyword(WebUIKeywordMain.groovy:27)
	at com.kms.katalon.core.webui.keyword.builtin.SetTextKeyword.setText(SetTextKeyword.groovy:65)
	at com.kms.katalon.core.webui.keyword.builtin.SetTextKeyword.execute(SetTextKeyword.groovy:37)
	at com.kms.katalon.core.keyword.internal.KeywordExecutor.executeKeywordForPlatform(KeywordExecutor.groovy:53)
	at com.kms.katalon.core.webui.keyword.WebUiBuiltInKeywords.setText(WebUiBuiltInKeywords.groovy:950)
	at com.kms.katalon.core.webui.keyword.WebUiBuiltInKeywords$setText$1.call(Unknown Source)
	at org.codehaus.groovy.runtime.callsite.CallSiteArray.defaultCall(CallSiteArray.java:48)
	at org.codehaus.groovy.runtime.callsite.AbstractCallSite.call(AbstractCallSite.java:113)
	at org.codehaus.groovy.runtime.callsite.AbstractCallSite.call(AbstractCallSite.java:133)
	at Script1535599386194.run(Script1535599386194.groovy:73)
	at com.kms.katalon.core.main.ScriptEngine.run(ScriptEngine.java:183)
	at com.kms.katalon.core.main.ScriptEngine.runScriptAsRawText(ScriptEngine.java:108)
	at com.kms.katalon.core.main.TestCaseExecutor.runScript(TestCaseExecutor.java:294)
	at com.kms.katalon.core.main.TestCaseExecutor.doExecute(TestCaseExecutor.java:285)
	at com.kms.katalon.core.main.TestCaseExecutor.processExecutionPhase(TestCaseExecutor.java:264)
	at com.kms.katalon.core.main.TestCaseExecutor.accessMainPhase(TestCaseExecutor.java:256)
	at com.kms.katalon.core.main.TestCaseExecutor.execute(TestCaseExecutor.java:200)
	at com.kms.katalon.core.main.TestSuiteExecutor.accessTestCaseMainPhase(TestSuiteExecutor.java:129)
	at com.kms.katalon.core.main.TestSuiteExecutor.accessTestSuiteMainPhase(TestSuiteExecutor.java:112)
	at com.kms.katalon.core.main.TestSuiteExecutor.execute(TestSuiteExecutor.java:81)
	at com.kms.katalon.core.main.TestCaseMain.startTestSuite(TestCaseMain.java:142)
	at com.kms.katalon.core.main.TestCaseMain$startTestSuite$0.call(Unknown Source)
	at org.codehaus.groovy.runtime.callsite.CallSiteArray.defaultCall(CallSiteArray.java:48)
	at org.codehaus.groovy.runtime.callsite.AbstractCallSite.call(AbstractCallSite.java:113)
	at org.codehaus.groovy.runtime.callsite.AbstractCallSite.call(AbstractCallSite.java:141)
	at TempTestSuite1544618906888.run(TempTestSuite1544618906888.groovy:36)
	at groovy.lang.GroovyShell.runScriptOrMainOrTestOrRunnable(GroovyShell.java:263)
	at groovy.lang.GroovyShell.run(GroovyShell.java:518)
	at groovy.lang.GroovyShell.run(GroovyShell.java:507)
	at groovy.ui.GroovyMain.processOnce(GroovyMain.java:653)
	at groovy.ui.GroovyMain.run(GroovyMain.java:384)
	at groovy.ui.GroovyMain.process(GroovyMain.java:370)
	at groovy.ui.GroovyMain.processArgs(GroovyMain.java:129)
	at groovy.ui.GroovyMain.main(GroovyMain.java:109)
	at sun.reflect.NativeMethodAccessorImpl.invoke0(Native Method)
	at sun.reflect.NativeMethodAccessorImpl.invoke(NativeMethodAccessorImpl.java:62)
	at sun.reflect.DelegatingMethodAccessorImpl.invoke(DelegatingMethodAccessorImpl.java:43)
	at java.lang.reflect.Method.invoke(Method.java:498)
	at org.codehaus.groovy.tools.GroovyStarter.rootLoader(GroovyStarter.java:109)
	at org.codehaus.groovy.tools.GroovyStarter.main(GroovyStarter.java:131)
)]]></system-err>
      </testcase>
      <testcase name="Test Cases/Final Aug 2018 - PKS Automation/Registration Module/Workflow/New Registration/Case OTC to RO - RO Submit" classname="Test Cases/Final Aug 2018 - PKS Automation/Registration Module/Workflow/New Registration/Case OTC to RO - RO Submit" status="FAILED">
         <failure type="FAILED" message="(Stack trace: com.kms.katalon.core.exception.StepFailedException: Unable to set text 'CRN12201800123252' of object 'Object Repository/Final Object Repo/New Registration - Registration Module Pages/New Reg - OTC to RO/Special Case - All Related Objects/TextBox RefNo in Workbasket' (Root cause: org.openqa.selenium.ElementNotVisibleException: element not interactable
  (Session info: chrome=70.0.3538.110)
  (Driver info: chromedriver=2.43.600210 (68dcf5eebde37173d4027fa8635e332711d2874a),platform=Windows NT 6.1.7601 SP1 x86_64) (WARNING: The server did not provide any stacktrace information)
Command duration or timeout: 0 milliseconds
Build info: version: '3.7.1', revision: '8a0099a', time: '2017-11-06T21:07:36.161Z'
System info: host: 'WIN7TEST02', ip: '10.20.3.72', os.name: 'Windows 7', os.arch: 'amd64', os.version: '6.1', java.version: '1.8.0_181'
Driver info: com.kms.katalon.selenium.driver.CChromeDriver
Capabilities {acceptInsecureCerts: false, acceptSslCerts: false, applicationCacheEnabled: false, browserConnectionEnabled: false, browserName: chrome, chrome: {chromedriverVersion: 2.43.600210 (68dcf5eebde371..., userDataDir: C:\Users\Admin\AppData\Loca...}, cssSelectorsEnabled: true, databaseEnabled: false, goog:chromeOptions: {debuggerAddress: localhost:59519}, handlesAlerts: true, hasTouchScreen: false, javascriptEnabled: true, locationContextEnabled: true, mobileEmulationEnabled: false, nativeEvents: true, networkConnectionEnabled: false, pageLoadStrategy: normal, platform: XP, platformName: XP, rotatable: false, setWindowRect: true, takesHeapSnapshot: true, takesScreenshot: true, unexpectedAlertBehaviour: , unhandledPromptBehavior: , version: 70.0.3538.110, webStorageEnabled: true}
Session ID: 90ec7de5b152ba5779e2e9bc8c5c9116)
	at com.kms.katalon.core.keyword.internal.KeywordMain.stepFailed(KeywordMain.groovy:32)
	at com.kms.katalon.core.webui.keyword.internal.WebUIKeywordMain.stepFailed(WebUIKeywordMain.groovy:65)
	at com.kms.katalon.core.webui.keyword.internal.WebUIKeywordMain.runKeyword(WebUIKeywordMain.groovy:27)
	at com.kms.katalon.core.webui.keyword.builtin.SetTextKeyword.setText(SetTextKeyword.groovy:65)
	at com.kms.katalon.core.webui.keyword.builtin.SetTextKeyword.execute(SetTextKeyword.groovy:37)
	at com.kms.katalon.core.keyword.internal.KeywordExecutor.executeKeywordForPlatform(KeywordExecutor.groovy:53)
	at com.kms.katalon.core.webui.keyword.WebUiBuiltInKeywords.setText(WebUiBuiltInKeywords.groovy:950)
	at com.kms.katalon.core.webui.keyword.WebUiBuiltInKeywords$setText$1.call(Unknown Source)
	at org.codehaus.groovy.runtime.callsite.CallSiteArray.defaultCall(CallSiteArray.java:48)
	at org.codehaus.groovy.runtime.callsite.AbstractCallSite.call(AbstractCallSite.java:113)
	at org.codehaus.groovy.runtime.callsite.AbstractCallSite.call(AbstractCallSite.java:133)
	at Script1535599379320.run(Script1535599379320.groovy:73)
	at com.kms.katalon.core.main.ScriptEngine.run(ScriptEngine.java:183)
	at com.kms.katalon.core.main.ScriptEngine.runScriptAsRawText(ScriptEngine.java:108)
	at com.kms.katalon.core.main.TestCaseExecutor.runScript(TestCaseExecutor.java:294)
	at com.kms.katalon.core.main.TestCaseExecutor.doExecute(TestCaseExecutor.java:285)
	at com.kms.katalon.core.main.TestCaseExecutor.processExecutionPhase(TestCaseExecutor.java:264)
	at com.kms.katalon.core.main.TestCaseExecutor.accessMainPhase(TestCaseExecutor.java:256)
	at com.kms.katalon.core.main.TestCaseExecutor.execute(TestCaseExecutor.java:200)
	at com.kms.katalon.core.main.TestSuiteExecutor.accessTestCaseMainPhase(TestSuiteExecutor.java:129)
	at com.kms.katalon.core.main.TestSuiteExecutor.accessTestSuiteMainPhase(TestSuiteExecutor.java:112)
	at com.kms.katalon.core.main.TestSuiteExecutor.execute(TestSuiteExecutor.java:81)
	at com.kms.katalon.core.main.TestCaseMain.startTestSuite(TestCaseMain.java:142)
	at com.kms.katalon.core.main.TestCaseMain$startTestSuite$0.call(Unknown Source)
	at org.codehaus.groovy.runtime.callsite.CallSiteArray.defaultCall(CallSiteArray.java:48)
	at org.codehaus.groovy.runtime.callsite.AbstractCallSite.call(AbstractCallSite.java:113)
	at org.codehaus.groovy.runtime.callsite.AbstractCallSite.call(AbstractCallSite.java:141)
	at TempTestSuite1544618906888.run(TempTestSuite1544618906888.groovy:36)
	at groovy.lang.GroovyShell.runScriptOrMainOrTestOrRunnable(GroovyShell.java:263)
	at groovy.lang.GroovyShell.run(GroovyShell.java:518)
	at groovy.lang.GroovyShell.run(GroovyShell.java:507)
	at groovy.ui.GroovyMain.processOnce(GroovyMain.java:653)
	at groovy.ui.GroovyMain.run(GroovyMain.java:384)
	at groovy.ui.GroovyMain.process(GroovyMain.java:370)
	at groovy.ui.GroovyMain.processArgs(GroovyMain.java:129)
	at groovy.ui.GroovyMain.main(GroovyMain.java:109)
	at sun.reflect.NativeMethodAccessorImpl.invoke0(Native Method)
	at sun.reflect.NativeMethodAccessorImpl.invoke(NativeMethodAccessorImpl.java:62)
	at sun.reflect.DelegatingMethodAccessorImpl.invoke(DelegatingMethodAccessorImpl.java:43)
	at java.lang.reflect.Method.invoke(Method.java:498)
	at org.codehaus.groovy.tools.GroovyStarter.rootLoader(GroovyStarter.java:109)
	at org.codehaus.groovy.tools.GroovyStarter.main(GroovyStarter.java:131)
)"/>
         <system-out><![CDATA[2018-12-13 00:20:09 - [TEST_CASE][FAILED] - Test Cases/Final Aug 2018 - PKS Automation/Registration Module/Workflow/New Registration/Case OTC to RO - RO Submit: Test Cases/Final Aug 2018 - PKS Automation/Registration Module/Workflow/New Registration/Case OTC to RO - RO Submit FAILED because (of) (Stack trace: com.kms.katalon.core.exception.StepFailedException: Unable to set text 'CRN12201800123252' of object 'Object Repository/Final Object Repo/New Registration - Registration Module Pages/New Reg - OTC to RO/Special Case - All Related Objects/TextBox RefNo in Workbasket' (Root cause: org.openqa.selenium.ElementNotVisibleException: element not interactable
  (Session info: chrome=70.0.3538.110)
  (Driver info: chromedriver=2.43.600210 (68dcf5eebde37173d4027fa8635e332711d2874a),platform=Windows NT 6.1.7601 SP1 x86_64) (WARNING: The server did not provide any stacktrace information)
Command duration or timeout: 0 milliseconds
Build info: version: '3.7.1', revision: '8a0099a', time: '2017-11-06T21:07:36.161Z'
System info: host: 'WIN7TEST02', ip: '10.20.3.72', os.name: 'Windows 7', os.arch: 'amd64', os.version: '6.1', java.version: '1.8.0_181'
Driver info: com.kms.katalon.selenium.driver.CChromeDriver
Capabilities {acceptInsecureCerts: false, acceptSslCerts: false, applicationCacheEnabled: false, browserConnectionEnabled: false, browserName: chrome, chrome: {chromedriverVersion: 2.43.600210 (68dcf5eebde371..., userDataDir: C:\Users\Admin\AppData\Loca...}, cssSelectorsEnabled: true, databaseEnabled: false, goog:chromeOptions: {debuggerAddress: localhost:59519}, handlesAlerts: true, hasTouchScreen: false, javascriptEnabled: true, locationContextEnabled: true, mobileEmulationEnabled: false, nativeEvents: true, networkConnectionEnabled: false, pageLoadStrategy: normal, platform: XP, platformName: XP, rotatable: false, setWindowRect: true, takesHeapSnapshot: true, takesScreenshot: true, unexpectedAlertBehaviour: , unhandledPromptBehavior: , version: 70.0.3538.110, webStorageEnabled: true}
Session ID: 90ec7de5b152ba5779e2e9bc8c5c9116)
	at com.kms.katalon.core.keyword.internal.KeywordMain.stepFailed(KeywordMain.groovy:32)
	at com.kms.katalon.core.webui.keyword.internal.WebUIKeywordMain.stepFailed(WebUIKeywordMain.groovy:65)
	at com.kms.katalon.core.webui.keyword.internal.WebUIKeywordMain.runKeyword(WebUIKeywordMain.groovy:27)
	at com.kms.katalon.core.webui.keyword.builtin.SetTextKeyword.setText(SetTextKeyword.groovy:65)
	at com.kms.katalon.core.webui.keyword.builtin.SetTextKeyword.execute(SetTextKeyword.groovy:37)
	at com.kms.katalon.core.keyword.internal.KeywordExecutor.executeKeywordForPlatform(KeywordExecutor.groovy:53)
	at com.kms.katalon.core.webui.keyword.WebUiBuiltInKeywords.setText(WebUiBuiltInKeywords.groovy:950)
	at com.kms.katalon.core.webui.keyword.WebUiBuiltInKeywords$setText$1.call(Unknown Source)
	at org.codehaus.groovy.runtime.callsite.CallSiteArray.defaultCall(CallSiteArray.java:48)
	at org.codehaus.groovy.runtime.callsite.AbstractCallSite.call(AbstractCallSite.java:113)
	at org.codehaus.groovy.runtime.callsite.AbstractCallSite.call(AbstractCallSite.java:133)
	at Script1535599379320.run(Script1535599379320.groovy:73)
	at com.kms.katalon.core.main.ScriptEngine.run(ScriptEngine.java:183)
	at com.kms.katalon.core.main.ScriptEngine.runScriptAsRawText(ScriptEngine.java:108)
	at com.kms.katalon.core.main.TestCaseExecutor.runScript(TestCaseExecutor.java:294)
	at com.kms.katalon.core.main.TestCaseExecutor.doExecute(TestCaseExecutor.java:285)
	at com.kms.katalon.core.main.TestCaseExecutor.processExecutionPhase(TestCaseExecutor.java:264)
	at com.kms.katalon.core.main.TestCaseExecutor.accessMainPhase(TestCaseExecutor.java:256)
	at com.kms.katalon.core.main.TestCaseExecutor.execute(TestCaseExecutor.java:200)
	at com.kms.katalon.core.main.TestSuiteExecutor.accessTestCaseMainPhase(TestSuiteExecutor.java:129)
	at com.kms.katalon.core.main.TestSuiteExecutor.accessTestSuiteMainPhase(TestSuiteExecutor.java:112)
	at com.kms.katalon.core.main.TestSuiteExecutor.execute(TestSuiteExecutor.java:81)
	at com.kms.katalon.core.main.TestCaseMain.startTestSuite(TestCaseMain.java:142)
	at com.kms.katalon.core.main.TestCaseMain$startTestSuite$0.call(Unknown Source)
	at org.codehaus.groovy.runtime.callsite.CallSiteArray.defaultCall(CallSiteArray.java:48)
	at org.codehaus.groovy.runtime.callsite.AbstractCallSite.call(AbstractCallSite.java:113)
	at org.codehaus.groovy.runtime.callsite.AbstractCallSite.call(AbstractCallSite.java:141)
	at TempTestSuite1544618906888.run(TempTestSuite1544618906888.groovy:36)
	at groovy.lang.GroovyShell.runScriptOrMainOrTestOrRunnable(GroovyShell.java:263)
	at groovy.lang.GroovyShell.run(GroovyShell.java:518)
	at groovy.lang.GroovyShell.run(GroovyShell.java:507)
	at groovy.ui.GroovyMain.processOnce(GroovyMain.java:653)
	at groovy.ui.GroovyMain.run(GroovyMain.java:384)
	at groovy.ui.GroovyMain.process(GroovyMain.java:370)
	at groovy.ui.GroovyMain.processArgs(GroovyMain.java:129)
	at groovy.ui.GroovyMain.main(GroovyMain.java:109)
	at sun.reflect.NativeMethodAccessorImpl.invoke0(Native Method)
	at sun.reflect.NativeMethodAccessorImpl.invoke(NativeMethodAccessorImpl.java:62)
	at sun.reflect.DelegatingMethodAccessorImpl.invoke(DelegatingMethodAccessorImpl.java:43)
	at java.lang.reflect.Method.invoke(Method.java:498)
	at org.codehaus.groovy.tools.GroovyStarter.rootLoader(GroovyStarter.java:109)
	at org.codehaus.groovy.tools.GroovyStarter.main(GroovyStarter.java:131)
)

2018-12-13 00:20:10 - [TEST_STEP][PASSED] - callTestCase: Call Test Case 'Test Cases/Final Aug 2018 - PKS Automation/Registration Module/Workflow/New Registration/Template/Special Case - OTC - Form 1' successfully

2018-12-13 00:20:10 - [TEST_CASE][PASSED] - Test Cases/Final Aug 2018 - PKS Automation/Registration Module/Workflow/New Registration/Template/Special Case - OTC - Form 1: Test Cases/Final Aug 2018 - PKS Automation/Registration Module/Workflow/New Registration/Template/Special Case - OTC - Form 1

2018-12-13 00:20:10 - [TEST_STEP][PASSED] - openBrowser: Browser is opened with url: ''

2018-12-13 00:20:10 - [MESSAGE][WARNING] - A browser is already opened. Closing browser and opening a new one

2018-12-13 00:20:14 - [MESSAGE][PASSED] - Browser is opened with url: ''

2018-12-13 00:20:14 - [TEST_STEP][PASSED] - navigateToUrl: Navigate to 'https://assist2-uat.perkeso.gov.my/login' successfully

2018-12-13 00:20:15 - [MESSAGE][PASSED] - Navigate to 'https://assist2-uat.perkeso.gov.my/login' successfully

2018-12-13 00:20:15 - [TEST_STEP][PASSED] - delay: Delayed 2 second(s)

2018-12-13 00:20:17 - [MESSAGE][PASSED] - Delayed 2 second(s)

2018-12-13 00:20:17 - [TEST_STEP][PASSED] - setText: Text 'klotc2@gmail.com' is set on object 'Object Repository/Final Object Repo/Login Page/Internal User/Email Address'

2018-12-13 00:20:17 - [MESSAGE][PASSED] - Text 'klotc2@gmail.com' is set on object 'Object Repository/Final Object Repo/Login Page/Internal User/Email Address'

2018-12-13 00:20:17 - [TEST_STEP][PASSED] - click: Object: 'Object Repository/Final Object Repo/Login Page/Internal User/Next Button' is clicked on

2018-12-13 00:20:17 - [MESSAGE][PASSED] - Object: 'Object Repository/Final Object Repo/Login Page/Internal User/Next Button' is clicked on

2018-12-13 00:20:17 - [TEST_STEP][PASSED] - delay: Delayed 2 second(s)

2018-12-13 00:20:19 - [MESSAGE][PASSED] - Delayed 2 second(s)

2018-12-13 00:20:19 - [TEST_STEP][PASSED] - setText: Text 'Test1@3456789' is set on object 'Object Repository/Final Object Repo/Login Page/Internal User/Password'

2018-12-13 00:20:20 - [MESSAGE][PASSED] - Text 'Test1@3456789' is set on object 'Object Repository/Final Object Repo/Login Page/Internal User/Password'

2018-12-13 00:20:20 - [TEST_STEP][PASSED] - delay: Delayed 2 second(s)

2018-12-13 00:20:22 - [MESSAGE][PASSED] - Delayed 2 second(s)

2018-12-13 00:20:22 - [TEST_STEP][PASSED] - click: Object: 'Object Repository/Final Object Repo/Login Page/Internal User/Login Button' is clicked on

2018-12-13 00:20:22 - [MESSAGE][PASSED] - Object: 'Object Repository/Final Object Repo/Login Page/Internal User/Login Button' is clicked on

2018-12-13 00:20:22 - [TEST_STEP][PASSED] - Statement - Try: null

2018-12-13 00:20:22 - [TEST_STEP][PASSED] - Statement - Checker = com.kms.katalon.core.webui.keyword.WebUiBuiltInKeywords.verifyElementNotPresent("Final Object Repo/Landing Page/Select to English", 3): null

2018-12-13 00:20:22 - [TEST_STEP][PASSED] - Statement - Catch (Exception e): null

2018-12-13 00:20:22 - [TEST_STEP][PASSED] - Statement - e.printStackTrace(): null

2018-12-13 00:20:22 - [TEST_STEP][PASSED] - delay: Delayed 5 second(s)

2018-12-13 00:20:27 - [MESSAGE][PASSED] - Delayed 5 second(s)

2018-12-13 00:20:27 - [TEST_STEP][PASSED] - click: Object: 'Object Repository/Final Object Repo/Landing Page/My Sites Drop Down' is clicked on

2018-12-13 00:20:27 - [MESSAGE][PASSED] - Object: 'Object Repository/Final Object Repo/Landing Page/My Sites Drop Down' is clicked on

2018-12-13 00:20:27 - [TEST_STEP][PASSED] - click: Object: 'Object Repository/Final Object Repo/Landing Page/Select to Registration Module' is clicked on

2018-12-13 00:20:28 - [MESSAGE][PASSED] - Object: 'Object Repository/Final Object Repo/Landing Page/Select to Registration Module' is clicked on

2018-12-13 00:20:28 - [TEST_STEP][PASSED] - click: Object: 'Object Repository/Final Object Repo/Landing Page/Registration Button' is clicked on

2018-12-13 00:20:29 - [MESSAGE][PASSED] - Object: 'Object Repository/Final Object Repo/Landing Page/Registration Button' is clicked on

2018-12-13 00:20:29 - [TEST_STEP][PASSED] - delay: Delayed 2 second(s)

2018-12-13 00:20:31 - [MESSAGE][PASSED] - Delayed 2 second(s)

2018-12-13 00:20:31 - [TEST_STEP][PASSED] - click: Object: 'Object Repository/Final Object Repo/New Registration - Registration Module Pages/New Reg - OTC to RO/Special Case - OTC - Form 1/AEC NO' is clicked on

2018-12-13 00:20:31 - [MESSAGE][PASSED] - Object: 'Object Repository/Final Object Repo/New Registration - Registration Module Pages/New Reg - OTC to RO/Special Case - OTC - Form 1/AEC NO' is clicked on

2018-12-13 00:20:31 - [TEST_STEP][PASSED] - click: Object: 'Object Repository/Final Object Repo/New Registration - Registration Module Pages/New Reg - OTC to RO/Special Case - OTC - Form 1/Business Entity - Please Select' is clicked on

2018-12-13 00:20:32 - [MESSAGE][PASSED] - Object: 'Object Repository/Final Object Repo/New Registration - Registration Module Pages/New Reg - OTC to RO/Special Case - OTC - Form 1/Business Entity - Please Select' is clicked on

2018-12-13 00:20:32 - [TEST_STEP][PASSED] - click: Object: 'Object Repository/Final Object Repo/New Registration - Registration Module Pages/New Reg - OTC to RO/Special Case - OTC - Form 1/Selected - Corporation' is clicked on

2018-12-13 00:20:32 - [MESSAGE][PASSED] - Object: 'Object Repository/Final Object Repo/New Registration - Registration Module Pages/New Reg - OTC to RO/Special Case - OTC - Form 1/Selected - Corporation' is clicked on

2018-12-13 00:20:32 - [TEST_STEP][PASSED] - delay: Delayed 2 second(s)

2018-12-13 00:20:34 - [MESSAGE][PASSED] - Delayed 2 second(s)

2018-12-13 00:20:34 - [TEST_STEP][PASSED] - click: Object: 'Object Repository/Final Object Repo/New Registration - Registration Module Pages/New Reg - OTC to RO/Special Case - OTC - Form 1/Sub Business Entity - Please Select' is clicked on

2018-12-13 00:20:34 - [MESSAGE][PASSED] - Object: 'Object Repository/Final Object Repo/New Registration - Registration Module Pages/New Reg - OTC to RO/Special Case - OTC - Form 1/Sub Business Entity - Please Select' is clicked on

2018-12-13 00:20:34 - [TEST_STEP][PASSED] - delay: Delayed 2 second(s)

2018-12-13 00:20:36 - [MESSAGE][PASSED] - Delayed 2 second(s)

2018-12-13 00:20:36 - [TEST_STEP][PASSED] - click: Object: 'Object Repository/Final Object Repo/New Registration - Registration Module Pages/New Reg - OTC to RO/Special Case - OTC - Form 1/Selected - Sendirian Berhad' is clicked on

2018-12-13 00:20:36 - [MESSAGE][PASSED] - Object: 'Object Repository/Final Object Repo/New Registration - Registration Module Pages/New Reg - OTC to RO/Special Case - OTC - Form 1/Selected - Sendirian Berhad' is clicked on

2018-12-13 00:20:36 - [TEST_STEP][PASSED] - setText: Text 'AUTOMATE001' is set on object 'Object Repository/Final Object Repo/New Registration - Registration Module Pages/New Reg - OTC to RO/Special Case - OTC - Form 1/Input BRN Number'

2018-12-13 00:20:37 - [MESSAGE][PASSED] - Text 'AUTOMATE001' is set on object 'Object Repository/Final Object Repo/New Registration - Registration Module Pages/New Reg - OTC to RO/Special Case - OTC - Form 1/Input BRN Number'

2018-12-13 00:20:37 - [TEST_STEP][PASSED] - delay: Delayed 2 second(s)

2018-12-13 00:20:39 - [MESSAGE][PASSED] - Delayed 2 second(s)

2018-12-13 00:20:39 - [TEST_STEP][PASSED] - click: Object: 'Object Repository/Final Object Repo/New Registration - Registration Module Pages/New Reg - OTC to RO/Special Case - OTC - Form 1/BRN Search' is clicked on

2018-12-13 00:20:39 - [MESSAGE][PASSED] - Object: 'Object Repository/Final Object Repo/New Registration - Registration Module Pages/New Reg - OTC to RO/Special Case - OTC - Form 1/BRN Search' is clicked on

2018-12-13 00:20:39 - [TEST_STEP][PASSED] - delay: Delayed 4 second(s)

2018-12-13 00:20:43 - [MESSAGE][PASSED] - Delayed 4 second(s)

2018-12-13 00:20:43 - [TEST_STEP][PASSED] - click: Object: 'Object Repository/Final Object Repo/New Registration - Registration Module Pages/New Reg - OTC to RO/Special Case - OTC - Form 1/Registered with SSM - After Feb 2017' is clicked on

2018-12-13 00:20:43 - [MESSAGE][PASSED] - Object: 'Object Repository/Final Object Repo/New Registration - Registration Module Pages/New Reg - OTC to RO/Special Case - OTC - Form 1/Registered with SSM - After Feb 2017' is clicked on

2018-12-13 00:20:43 - [TEST_STEP][PASSED] - delay: Delayed 2 second(s)

2018-12-13 00:20:45 - [MESSAGE][PASSED] - Delayed 2 second(s)

2018-12-13 00:20:45 - [TEST_STEP][PASSED] - click: Object: 'Object Repository/Final Object Repo/New Registration - Registration Module Pages/New Reg - OTC to RO/Special Case - OTC - Form 1/Registering As A Branch - No' is clicked on

2018-12-13 00:20:45 - [MESSAGE][PASSED] - Object: 'Object Repository/Final Object Repo/New Registration - Registration Module Pages/New Reg - OTC to RO/Special Case - OTC - Form 1/Registering As A Branch - No' is clicked on

2018-12-13 00:20:45 - [TEST_STEP][PASSED] - click: Object: 'Object Repository/Final Object Repo/New Registration - Registration Module Pages/New Reg - OTC to RO/Special Case - OTC - Form 1/Acknowledgement Ticked' is clicked on

2018-12-13 00:20:45 - [MESSAGE][PASSED] - Object: 'Object Repository/Final Object Repo/New Registration - Registration Module Pages/New Reg - OTC to RO/Special Case - OTC - Form 1/Acknowledgement Ticked' is clicked on

2018-12-13 00:20:45 - [TEST_STEP][PASSED] - click: Object: 'Object Repository/Final Object Repo/New Registration - Registration Module Pages/New Reg - OTC to RO/Special Case - OTC - Form 1/Submit Button' is clicked on

2018-12-13 00:20:45 - [MESSAGE][PASSED] - Object: 'Object Repository/Final Object Repo/New Registration - Registration Module Pages/New Reg - OTC to RO/Special Case - OTC - Form 1/Submit Button' is clicked on

2018-12-13 00:20:45 - [TEST_STEP][PASSED] - delay: Delayed 2 second(s)

2018-12-13 00:20:47 - [MESSAGE][PASSED] - Delayed 2 second(s)

2018-12-13 00:20:47 - [TEST_STEP][PASSED] - click: Object: 'Object Repository/Final Object Repo/New Registration - Registration Module Pages/New Reg - OTC to RO/Special Case - OTC - Form 1/Confirm No Flagging as Branch' is clicked on

2018-12-13 00:20:48 - [MESSAGE][PASSED] - Object: 'Object Repository/Final Object Repo/New Registration - Registration Module Pages/New Reg - OTC to RO/Special Case - OTC - Form 1/Confirm No Flagging as Branch' is clicked on

2018-12-13 00:20:48 - [MESSAGE][PASSED] - Call Test Case 'Test Cases/Final Aug 2018 - PKS Automation/Registration Module/Workflow/New Registration/Template/Special Case - OTC - Form 1' successfully

2018-12-13 00:20:48 - [TEST_STEP][PASSED] - callTestCase: Call Test Case 'Test Cases/Final Aug 2018 - PKS Automation/Registration Module/New Registration/Form 2/Add 1 Eligible' successfully

2018-12-13 00:20:48 - [TEST_CASE][PASSED] - Test Cases/Final Aug 2018 - PKS Automation/Registration Module/New Registration/Form 2/Add 1 Eligible: Test Cases/Final Aug 2018 - PKS Automation/Registration Module/New Registration/Form 2/Add 1 Eligible

2018-12-13 00:20:48 - [TEST_STEP][PASSED] - delay: Delayed 2 second(s)

2018-12-13 00:20:50 - [MESSAGE][PASSED] - Delayed 2 second(s)

2018-12-13 00:20:50 - [TEST_STEP][PASSED] - callTestCase: Call Test Case 'Test Cases/Final Aug 2018 - PKS Automation/Registration Module/New Registration/Form 2/Date Updater' successfully

2018-12-13 00:20:50 - [TEST_CASE][PASSED] - Test Cases/Final Aug 2018 - PKS Automation/Registration Module/New Registration/Form 2/Date Updater: Test Cases/Final Aug 2018 - PKS Automation/Registration Module/New Registration/Form 2/Date Updater

2018-12-13 00:20:50 - [TEST_STEP][PASSED] - Statement - TodayDate = new java.util.Date(): null

2018-12-13 00:20:50 - [TEST_STEP][PASSED] - Statement - CurrentDateNoFilter = new java.text.SimpleDateFormat(): null

2018-12-13 00:20:50 - [TEST_STEP][PASSED] - Statement - CurrentDateNoFilter.applyPattern("MM"): null

2018-12-13 00:20:50 - [TEST_STEP][PASSED] - Statement - monthContainerMatcher = java.lang.Integer.parseInt(CurrentDateNoFilter.format(TodayDate)): null

2018-12-13 00:20:50 - [TEST_STEP][PASSED] - Statement - monthContainerMatcher = monthContainerMatcher - 1: null

2018-12-13 00:20:50 - [TEST_STEP][PASSED] - Statement - CurrentMonth = monthContainerMatcher.toString(): null

2018-12-13 00:20:50 - [TEST_STEP][PASSED] - Statement - CurrentMonth = CurrentMonth: null

2018-12-13 00:20:50 - [TEST_STEP][PASSED] - Statement - CurrentDateNoFilter.applyPattern("yyyy"): null

2018-12-13 00:20:50 - [TEST_STEP][PASSED] - Statement - CurrentYear = CurrentDateNoFilter.format(TodayDate): null

2018-12-13 00:20:50 - [TEST_STEP][PASSED] - Statement - CurrentYear = CurrentYear: null

2018-12-13 00:20:50 - [TEST_STEP][PASSED] - Statement - intCurrentYear = java.lang.Integer.parseInt(CurrentDateNoFilter.format(TodayDate)): null

2018-12-13 00:20:50 - [TEST_STEP][PASSED] - Statement - eighteenYrsAgo = intCurrentYear - 18: null

2018-12-13 00:20:50 - [TEST_STEP][PASSED] - Statement - eighteenYrsBeforeThisYr = eighteenYrsAgo.toString(): null

2018-12-13 00:20:50 - [TEST_STEP][PASSED] - Statement - EighteenYrsBefore = eighteenYrsBeforeThisYr: null

2018-12-13 00:20:50 - [TEST_STEP][PASSED] - Statement - fiftysevenYrsAgo = intCurrentYear - 57: null

2018-12-13 00:20:50 - [TEST_STEP][PASSED] - Statement - fiftysevenYrsBeforeThisYr = fiftysevenYrsAgo.toString(): null

2018-12-13 00:20:50 - [TEST_STEP][PASSED] - Statement - FiftysevenYrsBefore = fiftysevenYrsBeforeThisYr: null

2018-12-13 00:20:50 - [TEST_STEP][PASSED] - Statement - leapYear = false: null

2018-12-13 00:20:50 - [TEST_STEP][PASSED] - Statement - leapYear = intCurrentYear % 4 == 0: null

2018-12-13 00:20:50 - [TEST_STEP][PASSED] - Statement - CurrentDateNoFilter.applyPattern("dd"): null

2018-12-13 00:20:50 - [TEST_STEP][PASSED] - Statement - CurrentDate = CurrentDateNoFilter.format(TodayDate): null

2018-12-13 00:20:50 - [TEST_STEP][PASSED] - Statement - CurrentDate = java.lang.Integer.parseInt(CurrentDate): null

2018-12-13 00:20:50 - [TEST_STEP][PASSED] - Statement - CurrentDate = CurrentDate: null

2018-12-13 00:20:50 - [TEST_STEP][PASSED] - Statement - CurrentDay = java.lang.Integer.parseInt(CurrentDate): null

2018-12-13 00:20:50 - [TEST_STEP][PASSED] - Statement - ConfAdder = <not implemented yet for class: org.codehaus.groovy.ast.expr.EmptyExpression>: null

2018-12-13 00:20:50 - [TEST_STEP][PASSED] - Statement - out.println(CurrentMonth): null

2018-12-13 00:20:50 - [TEST_STEP][PASSED] - Statement - out.println(CurrentDate): null

2018-12-13 00:20:50 - [TEST_STEP][PASSED] - Statement - switch (CurrentDate): null

2018-12-13 00:20:50 - [TEST_STEP][PASSED] - Statement - Default: null

2018-12-13 00:20:50 - [TEST_STEP][PASSED] - Statement - ConfAdder = true: null

2018-12-13 00:20:50 - [TEST_STEP][PASSED] - Statement - Break: null

2018-12-13 00:20:50 - [TEST_STEP][PASSED] - Statement - aDayBefore = <not implemented yet for class: org.codehaus.groovy.ast.expr.EmptyExpression>: null

2018-12-13 00:20:50 - [TEST_STEP][PASSED] - Statement - out.println(ConfAdder): null

2018-12-13 00:20:50 - [TEST_STEP][PASSED] - Statement - If (ConfAdder == true): null

2018-12-13 00:20:50 - [TEST_STEP][PASSED] - Statement - aDayBefore = CurrentDay + 1: null

2018-12-13 00:20:50 - [TEST_STEP][PASSED] - Statement - out.println(aDayBefore): null

2018-12-13 00:20:50 - [TEST_STEP][PASSED] - Statement - If (aDayBefore == 1 && CurrentMonth == 11): null

2018-12-13 00:20:50 - [TEST_STEP][PASSED] - Statement - DayBefore = aDayBefore.toString(): null

2018-12-13 00:20:50 - [TEST_STEP][PASSED] - Statement - OneDayBefore = DayBefore: null

2018-12-13 00:20:50 - [MESSAGE][PASSED] - Call Test Case 'Test Cases/Final Aug 2018 - PKS Automation/Registration Module/New Registration/Form 2/Date Updater' successfully

2018-12-13 00:20:50 - [TEST_STEP][PASSED] - delay: Delayed 1 second(s)

2018-12-13 00:20:51 - [MESSAGE][PASSED] - Delayed 1 second(s)

2018-12-13 00:20:51 - [TEST_STEP][PASSED] - Statement - CaseReferenceNo = com.kms.katalon.core.webui.keyword.WebUiBuiltInKeywords.getText(com.kms.katalon.core.testobject.ObjectRepository.findTestObject(Final Object Repo/New Registration - Registration Module Pages/Form 2/RefNo Acquiring)): Text of object 'Object Repository/Final Object Repo/New Registration - Registration Module Pages/Form 2/RefNo Acquiring' is: 'CRN12201800123252'

2018-12-13 00:20:51 - [MESSAGE][PASSED] - Text of object 'Object Repository/Final Object Repo/New Registration - Registration Module Pages/Form 2/RefNo Acquiring' is: 'CRN12201800123252'

2018-12-13 00:20:51 - [TEST_STEP][PASSED] - delay: Delayed 1 second(s)

2018-12-13 00:20:52 - [MESSAGE][PASSED] - Delayed 1 second(s)

2018-12-13 00:20:52 - [TEST_STEP][PASSED] - click: Object: 'Object Repository/Final Object Repo/New Registration - Registration Module Pages/Form 2/Add Employee Button' is clicked on

2018-12-13 00:20:52 - [MESSAGE][PASSED] - Object: 'Object Repository/Final Object Repo/New Registration - Registration Module Pages/Form 2/Add Employee Button' is clicked on

2018-12-13 00:20:52 - [TEST_STEP][PASSED] - delay: Delayed 1 second(s)

2018-12-13 00:20:53 - [MESSAGE][PASSED] - Delayed 1 second(s)

2018-12-13 00:20:53 - [TEST_STEP][PASSED] - setText: Text '010903091963' is set on object 'Object Repository/Final Object Repo/New Registration - Registration Module Pages/Form 2/NRIC Input'

2018-12-13 00:20:53 - [MESSAGE][PASSED] - Text '010903091963' is set on object 'Object Repository/Final Object Repo/New Registration - Registration Module Pages/Form 2/NRIC Input'

2018-12-13 00:20:53 - [TEST_STEP][PASSED] - click: Object: 'Object Repository/Final Object Repo/New Registration - Registration Module Pages/Form 2/button for search for IC' is clicked on

2018-12-13 00:20:54 - [MESSAGE][PASSED] - Object: 'Object Repository/Final Object Repo/New Registration - Registration Module Pages/Form 2/button for search for IC' is clicked on

2018-12-13 00:20:54 - [TEST_STEP][PASSED] - delay: Delayed 2 second(s)

2018-12-13 00:20:56 - [MESSAGE][PASSED] - Delayed 2 second(s)

2018-12-13 00:20:56 - [TEST_STEP][PASSED] - setText: Text 'Automate001 eligible 1' is set on object 'Object Repository/Final Object Repo/New Registration - Registration Module Pages/Form 2/Employee Name Input'

2018-12-13 00:20:56 - [MESSAGE][PASSED] - Text 'Automate001 eligible 1' is set on object 'Object Repository/Final Object Repo/New Registration - Registration Module Pages/Form 2/Employee Name Input'

2018-12-13 00:20:56 - [TEST_STEP][PASSED] - delay: Delayed 2 second(s)

2018-12-13 00:20:58 - [MESSAGE][PASSED] - Delayed 2 second(s)

2018-12-13 00:20:58 - [TEST_STEP][PASSED] - click: Object: 'Object Repository/Final Object Repo/New Registration - Registration Module Pages/Form 2/DatePicker Pop Up' is clicked on

2018-12-13 00:20:58 - [MESSAGE][PASSED] - Object: 'Object Repository/Final Object Repo/New Registration - Registration Module Pages/Form 2/DatePicker Pop Up' is clicked on

2018-12-13 00:20:58 - [TEST_STEP][PASSED] - click: Object: 'Object Repository/Final Object Repo/New Registration - Registration Module Pages/Form 2/DOB Month' is clicked on

2018-12-13 00:20:58 - [MESSAGE][PASSED] - Object: 'Object Repository/Final Object Repo/New Registration - Registration Module Pages/Form 2/DOB Month' is clicked on

2018-12-13 00:20:58 - [TEST_STEP][PASSED] - Statement - CurrentMonth = CurrentMonth: null

2018-12-13 00:20:58 - [TEST_STEP][PASSED] - Statement - selectMonth = new com.kms.katalon.core.testobject.TestObject(): null

2018-12-13 00:20:58 - [TEST_STEP][PASSED] - Statement - selectMonth.addProperty("xpath", EQUALS, "//body/div/div/div/select/option[@value='" + CurrentMonth + "']", true): null

2018-12-13 00:20:58 - [TEST_STEP][PASSED] - click: Object: '' is clicked on

2018-12-13 00:20:59 - [MESSAGE][PASSED] - Object: '' is clicked on

2018-12-13 00:20:59 - [TEST_STEP][PASSED] - click: Object: 'Object Repository/Final Object Repo/New Registration - Registration Module Pages/Form 2/DOB Year' is clicked on

2018-12-13 00:20:59 - [MESSAGE][PASSED] - Object: 'Object Repository/Final Object Repo/New Registration - Registration Module Pages/Form 2/DOB Year' is clicked on

2018-12-13 00:20:59 - [TEST_STEP][PASSED] - Statement - Eyearsbf = EighteenYrsBefore: null

2018-12-13 00:20:59 - [TEST_STEP][PASSED] - Statement - selectYear = new com.kms.katalon.core.testobject.TestObject(): null

2018-12-13 00:20:59 - [TEST_STEP][PASSED] - Statement - selectYear.addProperty("xpath", EQUALS, "//div/div/div/select/option[@value='" + Eyearsbf + "']", true): null

2018-12-13 00:20:59 - [TEST_STEP][PASSED] - click: Object: '' is clicked on

2018-12-13 00:20:59 - [MESSAGE][PASSED] - Object: '' is clicked on

2018-12-13 00:20:59 - [TEST_STEP][PASSED] - Statement - UpdatedSelectDate = com.kms.katalon.core.webui.keyword.WebUiBuiltInKeywords.modifyObjectProperty(com.kms.katalon.core.testobject.ObjectRepository.findTestObject(Final Object Repo/New Registration - Registration Module Pages/Form 2/DOB Date), "xpath", "equals", "//body/div/table/tbody/tr/td/a[text()="" + CurrentDate + ""]", true): Modify property of object successfully

2018-12-13 00:20:59 - [MESSAGE][PASSED] - Modify property of object successfully

2018-12-13 00:20:59 - [TEST_STEP][PASSED] - delay: Delayed 3 second(s)

2018-12-13 00:21:02 - [MESSAGE][PASSED] - Delayed 3 second(s)

2018-12-13 00:21:02 - [TEST_STEP][PASSED] - click: Object: 'Object Repository/Final Object Repo/New Registration - Registration Module Pages/Form 2/DOB Date' is clicked on

2018-12-13 00:21:02 - [MESSAGE][PASSED] - Object: 'Object Repository/Final Object Repo/New Registration - Registration Module Pages/Form 2/DOB Date' is clicked on

2018-12-13 00:21:02 - [TEST_STEP][PASSED] - delay: Delayed 2 second(s)

2018-12-13 00:21:04 - [MESSAGE][PASSED] - Delayed 2 second(s)

2018-12-13 00:21:04 - [TEST_STEP][PASSED] - click: Object: 'Object Repository/Final Object Repo/New Registration - Registration Module Pages/Form 2/EmploymentStartDate Pop Up' is clicked on

2018-12-13 00:21:04 - [MESSAGE][PASSED] - Object: 'Object Repository/Final Object Repo/New Registration - Registration Module Pages/Form 2/EmploymentStartDate Pop Up' is clicked on

2018-12-13 00:21:04 - [TEST_STEP][PASSED] - delay: Delayed 2 second(s)

2018-12-13 00:21:06 - [MESSAGE][PASSED] - Delayed 2 second(s)

2018-12-13 00:21:06 - [TEST_STEP][PASSED] - click: Object: 'Object Repository/Final Object Repo/New Registration - Registration Module Pages/Form 2/Socso Employment StartDate Month' is clicked on

2018-12-13 00:21:06 - [MESSAGE][PASSED] - Object: 'Object Repository/Final Object Repo/New Registration - Registration Module Pages/Form 2/Socso Employment StartDate Month' is clicked on

2018-12-13 00:21:06 - [TEST_STEP][PASSED] - delay: Delayed 1 second(s)

2018-12-13 00:21:07 - [MESSAGE][PASSED] - Delayed 1 second(s)

2018-12-13 00:21:07 - [TEST_STEP][PASSED] - click: Object: 'Object Repository/Final Object Repo/New Registration - Registration Module Pages/Form 2/Select Socso Employement Startdate Month' is clicked on

2018-12-13 00:21:08 - [MESSAGE][PASSED] - Object: 'Object Repository/Final Object Repo/New Registration - Registration Module Pages/Form 2/Select Socso Employement Startdate Month' is clicked on

2018-12-13 00:21:08 - [TEST_STEP][PASSED] - delay: Delayed 2 second(s)

2018-12-13 00:21:10 - [MESSAGE][PASSED] - Delayed 2 second(s)

2018-12-13 00:21:10 - [TEST_STEP][PASSED] - click: Object: 'Object Repository/Final Object Repo/New Registration - Registration Module Pages/Form 2/Socso Employment StartDate Year' is clicked on

2018-12-13 00:21:10 - [MESSAGE][PASSED] - Object: 'Object Repository/Final Object Repo/New Registration - Registration Module Pages/Form 2/Socso Employment StartDate Year' is clicked on

2018-12-13 00:21:10 - [TEST_STEP][PASSED] - delay: Delayed 1 second(s)

2018-12-13 00:21:11 - [MESSAGE][PASSED] - Delayed 1 second(s)

2018-12-13 00:21:11 - [TEST_STEP][PASSED] - click: Object: 'Object Repository/Final Object Repo/New Registration - Registration Module Pages/Form 2/Select Socso Employment Startdate Year' is clicked on

2018-12-13 00:21:11 - [MESSAGE][PASSED] - Object: 'Object Repository/Final Object Repo/New Registration - Registration Module Pages/Form 2/Select Socso Employment Startdate Year' is clicked on

2018-12-13 00:21:11 - [TEST_STEP][PASSED] - delay: Delayed 2 second(s)

2018-12-13 00:21:13 - [MESSAGE][PASSED] - Delayed 2 second(s)

2018-12-13 00:21:13 - [TEST_STEP][PASSED] - click: Object: 'Object Repository/Final Object Repo/New Registration - Registration Module Pages/Form 2/Socso Employment Start Date Day' is clicked on

2018-12-13 00:21:13 - [MESSAGE][PASSED] - Object: 'Object Repository/Final Object Repo/New Registration - Registration Module Pages/Form 2/Socso Employment Start Date Day' is clicked on

2018-12-13 00:21:13 - [TEST_STEP][PASSED] - delay: Delayed 2 second(s)

2018-12-13 00:21:15 - [MESSAGE][PASSED] - Delayed 2 second(s)

2018-12-13 00:21:15 - [TEST_STEP][PASSED] - click: Object: 'Object Repository/Final Object Repo/New Registration - Registration Module Pages/Form 2/Save Button for Add Employee' is clicked on

2018-12-13 00:21:15 - [MESSAGE][PASSED] - Object: 'Object Repository/Final Object Repo/New Registration - Registration Module Pages/Form 2/Save Button for Add Employee' is clicked on

2018-12-13 00:21:15 - [TEST_STEP][PASSED] - delay: Delayed 6 second(s)

2018-12-13 00:21:21 - [MESSAGE][PASSED] - Delayed 6 second(s)

2018-12-13 00:21:21 - [TEST_STEP][PASSED] - click: Object: 'Object Repository/Final Object Repo/New Registration - Registration Module Pages/Form 2/Save and Continue Form 2' is clicked on

2018-12-13 00:21:21 - [MESSAGE][PASSED] - Object: 'Object Repository/Final Object Repo/New Registration - Registration Module Pages/Form 2/Save and Continue Form 2' is clicked on

2018-12-13 00:21:21 - [MESSAGE][PASSED] - Call Test Case 'Test Cases/Final Aug 2018 - PKS Automation/Registration Module/New Registration/Form 2/Add 1 Eligible' successfully

2018-12-13 00:21:21 - [TEST_STEP][PASSED] - callTestCase: Call Test Case 'Test Cases/Final Aug 2018 - PKS Automation/Registration Module/New Registration/Flow of New Registration/Third Screen - Upload Supporting Doc - Preview' successfully

2018-12-13 00:21:22 - [TEST_CASE][PASSED] - Test Cases/Final Aug 2018 - PKS Automation/Registration Module/New Registration/Flow of New Registration/Third Screen - Upload Supporting Doc - Preview: Test Cases/Final Aug 2018 - PKS Automation/Registration Module/New Registration/Flow of New Registration/Third Screen - Upload Supporting Doc - Preview

2018-12-13 00:21:22 - [TEST_STEP][PASSED] - waitForPageLoad: Wait for page load successfully

2018-12-13 00:21:22 - [MESSAGE][PASSED] - Wait for page load successfully

2018-12-13 00:21:22 - [TEST_STEP][PASSED] - Statement - CaseReferenceNo = com.kms.katalon.core.webui.keyword.WebUiBuiltInKeywords.getText(com.kms.katalon.core.testobject.ObjectRepository.findTestObject(Final Object Repo/New Registration - Registration Module Pages/Third Screen - Upload Supporting Doc- Preview/RefNo Acquiring)): Text of object 'Object Repository/Final Object Repo/New Registration - Registration Module Pages/Third Screen - Upload Supporting Doc- Preview/RefNo Acquiring' is: 'CRN12201800123252'

2018-12-13 00:21:22 - [MESSAGE][PASSED] - Text of object 'Object Repository/Final Object Repo/New Registration - Registration Module Pages/Third Screen - Upload Supporting Doc- Preview/RefNo Acquiring' is: 'CRN12201800123252'

2018-12-13 00:21:22 - [TEST_STEP][PASSED] - delay: Delayed 2 second(s)

2018-12-13 00:21:24 - [MESSAGE][PASSED] - Delayed 2 second(s)

2018-12-13 00:21:24 - [TEST_STEP][PASSED] - callTestCase: Call Test Case 'Test Cases/Final Aug 2018 - PKS Automation/Common/Reference Number Setter' successfully

2018-12-13 00:21:24 - [TEST_CASE][PASSED] - Test Cases/Final Aug 2018 - PKS Automation/Common/Reference Number Setter: Test Cases/Final Aug 2018 - PKS Automation/Common/Reference Number Setter

2018-12-13 00:21:24 - [TEST_STEP][PASSED] - Statement - RefNoOldFile = new java.io.File(C://Users//Admin//Desktop//PKS//Automation Reference Point//KatalonReference.txt): null

2018-12-13 00:21:24 - [TEST_STEP][PASSED] - Statement - RefNoOldFile.delete(): null

2018-12-13 00:21:24 - [TEST_STEP][PASSED] - delay: Delayed 5 second(s)

2018-12-13 00:21:29 - [MESSAGE][PASSED] - Delayed 5 second(s)

2018-12-13 00:21:29 - [TEST_STEP][PASSED] - Statement - RefNo = new java.io.File(C://Users//Admin//Desktop//PKS//Automation Reference Point//KatalonReference.txt): null

2018-12-13 00:21:29 - [TEST_STEP][PASSED] - Statement - f2 = new java.io.FileWriter(RefNo, false): null

2018-12-13 00:21:29 - [TEST_STEP][PASSED] - Statement - f2.write(CaseReferenceNo): null

2018-12-13 00:21:29 - [TEST_STEP][PASSED] - Statement - f2.close(): null

2018-12-13 00:21:29 - [TEST_STEP][PASSED] - Statement - out.println("


" + CaseReferenceNo + "


"): null

2018-12-13 00:21:29 - [MESSAGE][PASSED] - Call Test Case 'Test Cases/Final Aug 2018 - PKS Automation/Common/Reference Number Setter' successfully

2018-12-13 00:21:29 - [TEST_STEP][PASSED] - waitForElementClickable: Object 'Object Repository/Final Object Repo/New Registration - Registration Module Pages/Third Screen - Upload Supporting Doc- Preview/Save n Continue in SIP Employee Listing Page' is clickable

2018-12-13 00:21:30 - [MESSAGE][PASSED] - Object 'Object Repository/Final Object Repo/New Registration - Registration Module Pages/Third Screen - Upload Supporting Doc- Preview/Save n Continue in SIP Employee Listing Page' is clickable

2018-12-13 00:21:30 - [TEST_STEP][PASSED] - click: Object: 'Object Repository/Final Object Repo/New Registration - Registration Module Pages/Third Screen - Upload Supporting Doc- Preview/Save n Continue in SIP Employee Listing Page' is clicked on

2018-12-13 00:21:35 - [MESSAGE][PASSED] - Object: 'Object Repository/Final Object Repo/New Registration - Registration Module Pages/Third Screen - Upload Supporting Doc- Preview/Save n Continue in SIP Employee Listing Page' is clicked on

2018-12-13 00:21:35 - [TEST_STEP][PASSED] - delay: Delayed 7 second(s)

2018-12-13 00:21:42 - [MESSAGE][PASSED] - Delayed 7 second(s)

2018-12-13 00:21:42 - [TEST_STEP][PASSED] - click: Object: 'Object Repository/Final Object Repo/New Registration - Registration Module Pages/Third Screen - Upload Supporting Doc- Preview/Add Document Button' is clicked on

2018-12-13 00:21:42 - [MESSAGE][PASSED] - Object: 'Object Repository/Final Object Repo/New Registration - Registration Module Pages/Third Screen - Upload Supporting Doc- Preview/Add Document Button' is clicked on

2018-12-13 00:21:42 - [TEST_STEP][PASSED] - delay: Delayed 30 second(s)

2018-12-13 00:22:12 - [MESSAGE][PASSED] - Delayed 30 second(s)

2018-12-13 00:22:12 - [TEST_STEP][PASSED] - click: Object: 'Object Repository/Final Object Repo/New Registration - Registration Module Pages/Third Screen - Upload Supporting Doc- Preview/Supporting Doc Please Select Drop Down' is clicked on

2018-12-13 00:22:12 - [MESSAGE][PASSED] - Object: 'Object Repository/Final Object Repo/New Registration - Registration Module Pages/Third Screen - Upload Supporting Doc- Preview/Supporting Doc Please Select Drop Down' is clicked on

2018-12-13 00:22:12 - [TEST_STEP][PASSED] - delay: Delayed 2 second(s)

2018-12-13 00:22:14 - [MESSAGE][PASSED] - Delayed 2 second(s)

2018-12-13 00:22:14 - [TEST_STEP][PASSED] - click: Object: 'Object Repository/Final Object Repo/New Registration - Registration Module Pages/Third Screen - Upload Supporting Doc- Preview/Select to Upload Form 1' is clicked on

2018-12-13 00:22:14 - [MESSAGE][PASSED] - Object: 'Object Repository/Final Object Repo/New Registration - Registration Module Pages/Third Screen - Upload Supporting Doc- Preview/Select to Upload Form 1' is clicked on

2018-12-13 00:22:14 - [TEST_STEP][PASSED] - delay: Delayed 2 second(s)

2018-12-13 00:22:16 - [MESSAGE][PASSED] - Delayed 2 second(s)

2018-12-13 00:22:16 - [TEST_STEP][PASSED] - uploadFile: File 'C:\Users\Public\Pictures\Sample Pictures\Koala.jpg' sent to object: 'Object Repository/Final Object Repo/New Registration - Registration Module Pages/Third Screen - Upload Supporting Doc- Preview/Upload File Adding'

2018-12-13 00:22:16 - [MESSAGE][PASSED] - File 'C:\Users\Public\Pictures\Sample Pictures\Koala.jpg' sent to object: 'Object Repository/Final Object Repo/New Registration - Registration Module Pages/Third Screen - Upload Supporting Doc- Preview/Upload File Adding'

2018-12-13 00:22:16 - [TEST_STEP][PASSED] - delay: Delayed 5 second(s)

2018-12-13 00:22:21 - [MESSAGE][PASSED] - Delayed 5 second(s)

2018-12-13 00:22:21 - [TEST_STEP][PASSED] - click: Object: 'Object Repository/Final Object Repo/New Registration - Registration Module Pages/Third Screen - Upload Supporting Doc- Preview/Inner Form Add Document Button' is clicked on

2018-12-13 00:22:22 - [MESSAGE][PASSED] - Object: 'Object Repository/Final Object Repo/New Registration - Registration Module Pages/Third Screen - Upload Supporting Doc- Preview/Inner Form Add Document Button' is clicked on

2018-12-13 00:22:22 - [TEST_STEP][PASSED] - delay: Delayed 3 second(s)

2018-12-13 00:22:25 - [MESSAGE][PASSED] - Delayed 3 second(s)

2018-12-13 00:22:25 - [TEST_STEP][PASSED] - click: Object: 'Object Repository/Final Object Repo/New Registration - Registration Module Pages/Third Screen - Upload Supporting Doc- Preview/Add Document Button' is clicked on

2018-12-13 00:22:26 - [MESSAGE][PASSED] - Object: 'Object Repository/Final Object Repo/New Registration - Registration Module Pages/Third Screen - Upload Supporting Doc- Preview/Add Document Button' is clicked on

2018-12-13 00:22:26 - [TEST_STEP][PASSED] - delay: Delayed 30 second(s)

2018-12-13 00:22:56 - [MESSAGE][PASSED] - Delayed 30 second(s)

2018-12-13 00:22:56 - [TEST_STEP][PASSED] - click: Object: 'Object Repository/Final Object Repo/New Registration - Registration Module Pages/Third Screen - Upload Supporting Doc- Preview/Supporting Doc Please Select Drop Down' is clicked on

2018-12-13 00:22:56 - [MESSAGE][PASSED] - Object: 'Object Repository/Final Object Repo/New Registration - Registration Module Pages/Third Screen - Upload Supporting Doc- Preview/Supporting Doc Please Select Drop Down' is clicked on

2018-12-13 00:22:56 - [TEST_STEP][PASSED] - delay: Delayed 4 second(s)

2018-12-13 00:23:00 - [MESSAGE][PASSED] - Delayed 4 second(s)

2018-12-13 00:23:00 - [TEST_STEP][PASSED] - click: Object: 'Object Repository/Final Object Repo/New Registration - Registration Module Pages/Third Screen - Upload Supporting Doc- Preview/Select to Upload Form 2' is clicked on

2018-12-13 00:23:01 - [MESSAGE][PASSED] - Object: 'Object Repository/Final Object Repo/New Registration - Registration Module Pages/Third Screen - Upload Supporting Doc- Preview/Select to Upload Form 2' is clicked on

2018-12-13 00:23:01 - [TEST_STEP][PASSED] - delay: Delayed 2 second(s)

2018-12-13 00:23:03 - [MESSAGE][PASSED] - Delayed 2 second(s)

2018-12-13 00:23:03 - [TEST_STEP][PASSED] - uploadFile: File 'C:\Users\Public\Pictures\Sample Pictures\Koala.jpg' sent to object: 'Object Repository/Final Object Repo/New Registration - Registration Module Pages/Third Screen - Upload Supporting Doc- Preview/Upload File Adding'

2018-12-13 00:23:03 - [MESSAGE][PASSED] - File 'C:\Users\Public\Pictures\Sample Pictures\Koala.jpg' sent to object: 'Object Repository/Final Object Repo/New Registration - Registration Module Pages/Third Screen - Upload Supporting Doc- Preview/Upload File Adding'

2018-12-13 00:23:03 - [TEST_STEP][PASSED] - click: Object: 'Object Repository/Final Object Repo/New Registration - Registration Module Pages/Third Screen - Upload Supporting Doc- Preview/Inner Form Add Document Button' is clicked on

2018-12-13 00:23:03 - [MESSAGE][PASSED] - Object: 'Object Repository/Final Object Repo/New Registration - Registration Module Pages/Third Screen - Upload Supporting Doc- Preview/Inner Form Add Document Button' is clicked on

2018-12-13 00:23:03 - [TEST_STEP][PASSED] - delay: Delayed 5 second(s)

2018-12-13 00:23:08 - [MESSAGE][PASSED] - Delayed 5 second(s)

2018-12-13 00:23:08 - [TEST_STEP][PASSED] - click: Object: 'Object Repository/Final Object Repo/New Registration - Registration Module Pages/Third Screen - Upload Supporting Doc- Preview/Add Document Button' is clicked on

2018-12-13 00:23:08 - [MESSAGE][PASSED] - Object: 'Object Repository/Final Object Repo/New Registration - Registration Module Pages/Third Screen - Upload Supporting Doc- Preview/Add Document Button' is clicked on

2018-12-13 00:23:08 - [TEST_STEP][PASSED] - delay: Delayed 30 second(s)

2018-12-13 00:23:38 - [MESSAGE][PASSED] - Delayed 30 second(s)

2018-12-13 00:23:38 - [TEST_STEP][PASSED] - click: Object: 'Object Repository/Final Object Repo/New Registration - Registration Module Pages/Third Screen - Upload Supporting Doc- Preview/Supporting Doc Please Select Drop Down' is clicked on

2018-12-13 00:23:38 - [MESSAGE][PASSED] - Object: 'Object Repository/Final Object Repo/New Registration - Registration Module Pages/Third Screen - Upload Supporting Doc- Preview/Supporting Doc Please Select Drop Down' is clicked on

2018-12-13 00:23:38 - [TEST_STEP][PASSED] - click: Object: 'Object Repository/Final Object Repo/New Registration - Registration Module Pages/Third Screen - Upload Supporting Doc- Preview/Select to Upload Borang SIP 1' is clicked on

2018-12-13 00:23:38 - [MESSAGE][PASSED] - Object: 'Object Repository/Final Object Repo/New Registration - Registration Module Pages/Third Screen - Upload Supporting Doc- Preview/Select to Upload Borang SIP 1' is clicked on

2018-12-13 00:23:38 - [TEST_STEP][PASSED] - delay: Delayed 2 second(s)

2018-12-13 00:23:40 - [MESSAGE][PASSED] - Delayed 2 second(s)

2018-12-13 00:23:40 - [TEST_STEP][PASSED] - uploadFile: File 'C:\Users\Public\Pictures\Sample Pictures\Koala.jpg' sent to object: 'Object Repository/Final Object Repo/New Registration - Registration Module Pages/Third Screen - Upload Supporting Doc- Preview/Upload File Adding'

2018-12-13 00:23:40 - [MESSAGE][PASSED] - File 'C:\Users\Public\Pictures\Sample Pictures\Koala.jpg' sent to object: 'Object Repository/Final Object Repo/New Registration - Registration Module Pages/Third Screen - Upload Supporting Doc- Preview/Upload File Adding'

2018-12-13 00:23:40 - [TEST_STEP][PASSED] - click: Object: 'Object Repository/Final Object Repo/New Registration - Registration Module Pages/Third Screen - Upload Supporting Doc- Preview/Inner Form Add Document Button' is clicked on

2018-12-13 00:23:41 - [MESSAGE][PASSED] - Object: 'Object Repository/Final Object Repo/New Registration - Registration Module Pages/Third Screen - Upload Supporting Doc- Preview/Inner Form Add Document Button' is clicked on

2018-12-13 00:23:41 - [TEST_STEP][PASSED] - delay: Delayed 5 second(s)

2018-12-13 00:23:46 - [MESSAGE][PASSED] - Delayed 5 second(s)

2018-12-13 00:23:46 - [TEST_STEP][PASSED] - click: Object: 'Object Repository/Final Object Repo/New Registration - Registration Module Pages/Third Screen - Upload Supporting Doc- Preview/Add Document Button' is clicked on

2018-12-13 00:23:46 - [MESSAGE][PASSED] - Object: 'Object Repository/Final Object Repo/New Registration - Registration Module Pages/Third Screen - Upload Supporting Doc- Preview/Add Document Button' is clicked on

2018-12-13 00:23:46 - [TEST_STEP][PASSED] - delay: Delayed 30 second(s)

2018-12-13 00:24:16 - [MESSAGE][PASSED] - Delayed 30 second(s)

2018-12-13 00:24:16 - [TEST_STEP][PASSED] - click: Object: 'Object Repository/Final Object Repo/New Registration - Registration Module Pages/Third Screen - Upload Supporting Doc- Preview/Supporting Doc Please Select Drop Down' is clicked on

2018-12-13 00:24:16 - [MESSAGE][PASSED] - Object: 'Object Repository/Final Object Repo/New Registration - Registration Module Pages/Third Screen - Upload Supporting Doc- Preview/Supporting Doc Please Select Drop Down' is clicked on

2018-12-13 00:24:16 - [TEST_STEP][PASSED] - delay: Delayed 3 second(s)

2018-12-13 00:24:19 - [MESSAGE][PASSED] - Delayed 3 second(s)

2018-12-13 00:24:19 - [TEST_STEP][PASSED] - click: Object: 'Object Repository/Final Object Repo/New Registration - Registration Module Pages/Third Screen - Upload Supporting Doc- Preview/Select to Upload Borang SIP 2' is clicked on

2018-12-13 00:24:19 - [MESSAGE][PASSED] - Object: 'Object Repository/Final Object Repo/New Registration - Registration Module Pages/Third Screen - Upload Supporting Doc- Preview/Select to Upload Borang SIP 2' is clicked on

2018-12-13 00:24:19 - [TEST_STEP][PASSED] - delay: Delayed 2 second(s)

2018-12-13 00:24:21 - [MESSAGE][PASSED] - Delayed 2 second(s)

2018-12-13 00:24:21 - [TEST_STEP][PASSED] - uploadFile: File 'C:\Users\Public\Pictures\Sample Pictures\Koala.jpg' sent to object: 'Object Repository/Final Object Repo/New Registration - Registration Module Pages/Third Screen - Upload Supporting Doc- Preview/Upload File Adding'

2018-12-13 00:24:21 - [MESSAGE][PASSED] - File 'C:\Users\Public\Pictures\Sample Pictures\Koala.jpg' sent to object: 'Object Repository/Final Object Repo/New Registration - Registration Module Pages/Third Screen - Upload Supporting Doc- Preview/Upload File Adding'

2018-12-13 00:24:21 - [TEST_STEP][PASSED] - delay: Delayed 5 second(s)

2018-12-13 00:24:26 - [MESSAGE][PASSED] - Delayed 5 second(s)

2018-12-13 00:24:26 - [TEST_STEP][PASSED] - click: Object: 'Object Repository/Final Object Repo/New Registration - Registration Module Pages/Third Screen - Upload Supporting Doc- Preview/Inner Form Add Document Button' is clicked on

2018-12-13 00:24:26 - [MESSAGE][PASSED] - Object: 'Object Repository/Final Object Repo/New Registration - Registration Module Pages/Third Screen - Upload Supporting Doc- Preview/Inner Form Add Document Button' is clicked on

2018-12-13 00:24:26 - [TEST_STEP][PASSED] - delay: Delayed 3 second(s)

2018-12-13 00:24:29 - [MESSAGE][PASSED] - Delayed 3 second(s)

2018-12-13 00:24:29 - [TEST_STEP][PASSED] - waitForElementClickable: Object 'Object Repository/Final Object Repo/New Registration - Registration Module Pages/Third Screen - Upload Supporting Doc- Preview/Save n Continue in Uploading Supporting Doc Page' is clickable

2018-12-13 00:24:30 - [MESSAGE][PASSED] - Object 'Object Repository/Final Object Repo/New Registration - Registration Module Pages/Third Screen - Upload Supporting Doc- Preview/Save n Continue in Uploading Supporting Doc Page' is clickable

2018-12-13 00:24:30 - [TEST_STEP][PASSED] - click: Object: 'Object Repository/Final Object Repo/New Registration - Registration Module Pages/Third Screen - Upload Supporting Doc- Preview/Save n Continue in Uploading Supporting Doc Page' is clicked on

2018-12-13 00:24:31 - [MESSAGE][PASSED] - Object: 'Object Repository/Final Object Repo/New Registration - Registration Module Pages/Third Screen - Upload Supporting Doc- Preview/Save n Continue in Uploading Supporting Doc Page' is clicked on

2018-12-13 00:24:31 - [MESSAGE][PASSED] - Call Test Case 'Test Cases/Final Aug 2018 - PKS Automation/Registration Module/New Registration/Flow of New Registration/Third Screen - Upload Supporting Doc - Preview' successfully

2018-12-13 00:24:31 - [TEST_STEP][PASSED] - callTestCase: Call Test Case 'Test Cases/Final Aug 2018 - PKS Automation/Registration Module/New Registration/Submit and Screenshot/Submit Registration and Screenshot' successfully

2018-12-13 00:24:31 - [TEST_CASE][PASSED] - Test Cases/Final Aug 2018 - PKS Automation/Registration Module/New Registration/Submit and Screenshot/Submit Registration and Screenshot: Test Cases/Final Aug 2018 - PKS Automation/Registration Module/New Registration/Submit and Screenshot/Submit Registration and Screenshot

2018-12-13 00:24:31 - [TEST_STEP][PASSED] - delay: Delayed 6 second(s)

2018-12-13 00:24:37 - [MESSAGE][PASSED] - Delayed 6 second(s)

2018-12-13 00:24:37 - [TEST_STEP][PASSED] - click: Object: 'Object Repository/Final Object Repo/New Registration - Registration Module Pages/Third Screen - Upload Supporting Doc- Preview/Preview Submit Button' is clicked on

2018-12-13 00:24:37 - [MESSAGE][PASSED] - Object: 'Object Repository/Final Object Repo/New Registration - Registration Module Pages/Third Screen - Upload Supporting Doc- Preview/Preview Submit Button' is clicked on

2018-12-13 00:24:37 - [TEST_STEP][PASSED] - delay: Delayed 2 second(s)

2018-12-13 00:24:39 - [MESSAGE][PASSED] - Delayed 2 second(s)

2018-12-13 00:24:39 - [TEST_STEP][PASSED] - click: Object: 'Object Repository/Final Object Repo/New Registration - Registration Module Pages/Third Screen - Upload Supporting Doc- Preview/Preview Submit - Confirm' is clicked on

2018-12-13 00:24:39 - [MESSAGE][PASSED] - Object: 'Object Repository/Final Object Repo/New Registration - Registration Module Pages/Third Screen - Upload Supporting Doc- Preview/Preview Submit - Confirm' is clicked on

2018-12-13 00:24:39 - [TEST_STEP][PASSED] - delay: Delayed 15 second(s)

2018-12-13 00:24:54 - [MESSAGE][PASSED] - Delayed 15 second(s)

2018-12-13 00:24:54 - [TEST_STEP][PASSED] - Statement - driver = com.kms.katalon.core.webui.driver.DriverFactory.getWebDriver(): null

2018-12-13 00:24:54 - [TEST_STEP][PASSED] - Statement - driver.manage().timeouts().implicitlyWait(10, SECONDS): null

2018-12-13 00:24:54 - [TEST_STEP][PASSED] - Statement - PresavePath = KatalonScreenshots: null

2018-12-13 00:24:54 - [TEST_STEP][PASSED] - Statement - pathPrefix = "C:\Users\Public\Pictures\Sample Pictures\Katalon Screenshots\Automate Ending Screen": null

2018-12-13 00:24:54 - [TEST_STEP][PASSED] - Statement - finalPath = <not implemented yet for class: org.codehaus.groovy.ast.expr.EmptyExpression>: null

2018-12-13 00:24:54 - [TEST_STEP][PASSED] - Statement - scrFile = driver.getScreenshotAs(FILE): null

2018-12-13 00:24:54 - [TEST_STEP][PASSED] - Statement - PreSaveFile = new java.io.File(PresavePath): null

2018-12-13 00:24:54 - [TEST_STEP][PASSED] - Statement - counter = 0: null

2018-12-13 00:24:54 - [TEST_STEP][PASSED] - Statement - If (PreSaveFile.exists()): null

2018-12-13 00:24:54 - [TEST_STEP][PASSED] - Statement - While (PreSaveFile.exists()): null

2018-12-13 00:24:54 - [TEST_STEP][PASSED] - Statement - counter = counter + 1: null

2018-12-13 00:24:54 - [TEST_STEP][PASSED] - Statement - PreSaveFile = new java.io.File(((pathPrefix + java.lang.Integer.toString(counter)) + .png)): null

2018-12-13 00:24:54 - [TEST_STEP][PASSED] - Statement - counter = counter + 1: null

2018-12-13 00:24:54 - [TEST_STEP][PASSED] - Statement - PreSaveFile = new java.io.File(((pathPrefix + java.lang.Integer.toString(counter)) + .png)): null

2018-12-13 00:24:54 - [TEST_STEP][PASSED] - Statement - counter = counter + 1: null

2018-12-13 00:24:54 - [TEST_STEP][PASSED] - Statement - PreSaveFile = new java.io.File(((pathPrefix + java.lang.Integer.toString(counter)) + .png)): null

2018-12-13 00:24:54 - [TEST_STEP][PASSED] - Statement - counter = counter + 1: null

2018-12-13 00:24:54 - [TEST_STEP][PASSED] - Statement - PreSaveFile = new java.io.File(((pathPrefix + java.lang.Integer.toString(counter)) + .png)): null

2018-12-13 00:24:54 - [TEST_STEP][PASSED] - Statement - counter = counter + 1: null

2018-12-13 00:24:54 - [TEST_STEP][PASSED] - Statement - PreSaveFile = new java.io.File(((pathPrefix + java.lang.Integer.toString(counter)) + .png)): null

2018-12-13 00:24:54 - [TEST_STEP][PASSED] - Statement - counter = counter + 1: null

2018-12-13 00:24:54 - [TEST_STEP][PASSED] - Statement - PreSaveFile = new java.io.File(((pathPrefix + java.lang.Integer.toString(counter)) + .png)): null

2018-12-13 00:24:54 - [TEST_STEP][PASSED] - Statement - counter = counter + 1: null

2018-12-13 00:24:54 - [TEST_STEP][PASSED] - Statement - PreSaveFile = new java.io.File(((pathPrefix + java.lang.Integer.toString(counter)) + .png)): null

2018-12-13 00:24:54 - [TEST_STEP][PASSED] - Statement - counter = counter + 1: null

2018-12-13 00:24:54 - [TEST_STEP][PASSED] - Statement - PreSaveFile = new java.io.File(((pathPrefix + java.lang.Integer.toString(counter)) + .png)): null

2018-12-13 00:24:54 - [TEST_STEP][PASSED] - Statement - counter = counter + 1: null

2018-12-13 00:24:54 - [TEST_STEP][PASSED] - Statement - PreSaveFile = new java.io.File(((pathPrefix + java.lang.Integer.toString(counter)) + .png)): null

2018-12-13 00:24:54 - [TEST_STEP][PASSED] - Statement - counter = counter + 1: null

2018-12-13 00:24:54 - [TEST_STEP][PASSED] - Statement - PreSaveFile = new java.io.File(((pathPrefix + java.lang.Integer.toString(counter)) + .png)): null

2018-12-13 00:24:54 - [TEST_STEP][PASSED] - Statement - counter = counter + 1: null

2018-12-13 00:24:54 - [TEST_STEP][PASSED] - Statement - PreSaveFile = new java.io.File(((pathPrefix + java.lang.Integer.toString(counter)) + .png)): null

2018-12-13 00:24:54 - [TEST_STEP][PASSED] - Statement - counter = counter + 1: null

2018-12-13 00:24:54 - [TEST_STEP][PASSED] - Statement - PreSaveFile = new java.io.File(((pathPrefix + java.lang.Integer.toString(counter)) + .png)): null

2018-12-13 00:24:54 - [TEST_STEP][PASSED] - Statement - counter = counter + 1: null

2018-12-13 00:24:54 - [TEST_STEP][PASSED] - Statement - PreSaveFile = new java.io.File(((pathPrefix + java.lang.Integer.toString(counter)) + .png)): null

2018-12-13 00:24:54 - [TEST_STEP][PASSED] - Statement - counter = counter + 1: null

2018-12-13 00:24:54 - [TEST_STEP][PASSED] - Statement - PreSaveFile = new java.io.File(((pathPrefix + java.lang.Integer.toString(counter)) + .png)): null

2018-12-13 00:24:54 - [TEST_STEP][PASSED] - Statement - counter = counter + 1: null

2018-12-13 00:24:54 - [TEST_STEP][PASSED] - Statement - PreSaveFile = new java.io.File(((pathPrefix + java.lang.Integer.toString(counter)) + .png)): null

2018-12-13 00:24:54 - [TEST_STEP][PASSED] - Statement - counter = counter + 1: null

2018-12-13 00:24:54 - [TEST_STEP][PASSED] - Statement - PreSaveFile = new java.io.File(((pathPrefix + java.lang.Integer.toString(counter)) + .png)): null

2018-12-13 00:24:54 - [TEST_STEP][PASSED] - Statement - counter = counter + 1: null

2018-12-13 00:24:54 - [TEST_STEP][PASSED] - Statement - PreSaveFile = new java.io.File(((pathPrefix + java.lang.Integer.toString(counter)) + .png)): null

2018-12-13 00:24:54 - [TEST_STEP][PASSED] - Statement - counter = counter + 1: null

2018-12-13 00:24:54 - [TEST_STEP][PASSED] - Statement - PreSaveFile = new java.io.File(((pathPrefix + java.lang.Integer.toString(counter)) + .png)): null

2018-12-13 00:24:54 - [TEST_STEP][PASSED] - Statement - counter = counter + 1: null

2018-12-13 00:24:54 - [TEST_STEP][PASSED] - Statement - PreSaveFile = new java.io.File(((pathPrefix + java.lang.Integer.toString(counter)) + .png)): null

2018-12-13 00:24:54 - [TEST_STEP][PASSED] - Statement - counter = counter + 1: null

2018-12-13 00:24:54 - [TEST_STEP][PASSED] - Statement - PreSaveFile = new java.io.File(((pathPrefix + java.lang.Integer.toString(counter)) + .png)): null

2018-12-13 00:24:54 - [TEST_STEP][PASSED] - Statement - counter = counter + 1: null

2018-12-13 00:24:54 - [TEST_STEP][PASSED] - Statement - PreSaveFile = new java.io.File(((pathPrefix + java.lang.Integer.toString(counter)) + .png)): null

2018-12-13 00:24:54 - [TEST_STEP][PASSED] - Statement - counter = counter + 1: null

2018-12-13 00:24:54 - [TEST_STEP][PASSED] - Statement - PreSaveFile = new java.io.File(((pathPrefix + java.lang.Integer.toString(counter)) + .png)): null

2018-12-13 00:24:54 - [TEST_STEP][PASSED] - Statement - counter = counter + 1: null

2018-12-13 00:24:54 - [TEST_STEP][PASSED] - Statement - PreSaveFile = new java.io.File(((pathPrefix + java.lang.Integer.toString(counter)) + .png)): null

2018-12-13 00:24:54 - [TEST_STEP][PASSED] - Statement - counter = counter + 1: null

2018-12-13 00:24:54 - [TEST_STEP][PASSED] - Statement - PreSaveFile = new java.io.File(((pathPrefix + java.lang.Integer.toString(counter)) + .png)): null

2018-12-13 00:24:54 - [TEST_STEP][PASSED] - Statement - counter = counter + 1: null

2018-12-13 00:24:54 - [TEST_STEP][PASSED] - Statement - PreSaveFile = new java.io.File(((pathPrefix + java.lang.Integer.toString(counter)) + .png)): null

2018-12-13 00:24:54 - [TEST_STEP][PASSED] - Statement - counter = counter + 1: null

2018-12-13 00:24:54 - [TEST_STEP][PASSED] - Statement - PreSaveFile = new java.io.File(((pathPrefix + java.lang.Integer.toString(counter)) + .png)): null

2018-12-13 00:24:54 - [TEST_STEP][PASSED] - Statement - counter = counter + 1: null

2018-12-13 00:24:54 - [TEST_STEP][PASSED] - Statement - PreSaveFile = new java.io.File(((pathPrefix + java.lang.Integer.toString(counter)) + .png)): null

2018-12-13 00:24:54 - [TEST_STEP][PASSED] - Statement - counter = counter + 1: null

2018-12-13 00:24:54 - [TEST_STEP][PASSED] - Statement - PreSaveFile = new java.io.File(((pathPrefix + java.lang.Integer.toString(counter)) + .png)): null

2018-12-13 00:24:54 - [TEST_STEP][PASSED] - Statement - counter = counter + 1: null

2018-12-13 00:24:54 - [TEST_STEP][PASSED] - Statement - PreSaveFile = new java.io.File(((pathPrefix + java.lang.Integer.toString(counter)) + .png)): null

2018-12-13 00:24:54 - [TEST_STEP][PASSED] - Statement - counter = counter + 1: null

2018-12-13 00:24:54 - [TEST_STEP][PASSED] - Statement - PreSaveFile = new java.io.File(((pathPrefix + java.lang.Integer.toString(counter)) + .png)): null

2018-12-13 00:24:54 - [TEST_STEP][PASSED] - Statement - counter = counter + 1: null

2018-12-13 00:24:54 - [TEST_STEP][PASSED] - Statement - PreSaveFile = new java.io.File(((pathPrefix + java.lang.Integer.toString(counter)) + .png)): null

2018-12-13 00:24:54 - [TEST_STEP][PASSED] - Statement - counter = counter + 1: null

2018-12-13 00:24:54 - [TEST_STEP][PASSED] - Statement - PreSaveFile = new java.io.File(((pathPrefix + java.lang.Integer.toString(counter)) + .png)): null

2018-12-13 00:24:54 - [TEST_STEP][PASSED] - Statement - counter = counter + 1: null

2018-12-13 00:24:54 - [TEST_STEP][PASSED] - Statement - PreSaveFile = new java.io.File(((pathPrefix + java.lang.Integer.toString(counter)) + .png)): null

2018-12-13 00:24:54 - [TEST_STEP][PASSED] - Statement - counter = counter + 1: null

2018-12-13 00:24:54 - [TEST_STEP][PASSED] - Statement - PreSaveFile = new java.io.File(((pathPrefix + java.lang.Integer.toString(counter)) + .png)): null

2018-12-13 00:24:54 - [TEST_STEP][PASSED] - Statement - counter = counter + 1: null

2018-12-13 00:24:54 - [TEST_STEP][PASSED] - Statement - PreSaveFile = new java.io.File(((pathPrefix + java.lang.Integer.toString(counter)) + .png)): null

2018-12-13 00:24:54 - [TEST_STEP][PASSED] - Statement - counter = counter + 1: null

2018-12-13 00:24:54 - [TEST_STEP][PASSED] - Statement - PreSaveFile = new java.io.File(((pathPrefix + java.lang.Integer.toString(counter)) + .png)): null

2018-12-13 00:24:54 - [TEST_STEP][PASSED] - Statement - counter = counter + 1: null

2018-12-13 00:24:54 - [TEST_STEP][PASSED] - Statement - PreSaveFile = new java.io.File(((pathPrefix + java.lang.Integer.toString(counter)) + .png)): null

2018-12-13 00:24:54 - [TEST_STEP][PASSED] - Statement - counter = counter + 1: null

2018-12-13 00:24:54 - [TEST_STEP][PASSED] - Statement - PreSaveFile = new java.io.File(((pathPrefix + java.lang.Integer.toString(counter)) + .png)): null

2018-12-13 00:24:54 - [TEST_STEP][PASSED] - Statement - counter = counter + 1: null

2018-12-13 00:24:54 - [TEST_STEP][PASSED] - Statement - PreSaveFile = new java.io.File(((pathPrefix + java.lang.Integer.toString(counter)) + .png)): null

2018-12-13 00:24:54 - [TEST_STEP][PASSED] - Statement - counter = counter + 1: null

2018-12-13 00:24:54 - [TEST_STEP][PASSED] - Statement - PreSaveFile = new java.io.File(((pathPrefix + java.lang.Integer.toString(counter)) + .png)): null

2018-12-13 00:24:54 - [TEST_STEP][PASSED] - Statement - counter = counter + 1: null

2018-12-13 00:24:54 - [TEST_STEP][PASSED] - Statement - PreSaveFile = new java.io.File(((pathPrefix + java.lang.Integer.toString(counter)) + .png)): null

2018-12-13 00:24:54 - [TEST_STEP][PASSED] - Statement - counter = counter + 1: null

2018-12-13 00:24:54 - [TEST_STEP][PASSED] - Statement - PreSaveFile = new java.io.File(((pathPrefix + java.lang.Integer.toString(counter)) + .png)): null

2018-12-13 00:24:54 - [TEST_STEP][PASSED] - Statement - counter = counter + 1: null

2018-12-13 00:24:55 - [TEST_STEP][PASSED] - Statement - PreSaveFile = new java.io.File(((pathPrefix + java.lang.Integer.toString(counter)) + .png)): null

2018-12-13 00:24:55 - [TEST_STEP][PASSED] - Statement - counter = counter + 1: null

2018-12-13 00:24:55 - [TEST_STEP][PASSED] - Statement - PreSaveFile = new java.io.File(((pathPrefix + java.lang.Integer.toString(counter)) + .png)): null

2018-12-13 00:24:55 - [TEST_STEP][PASSED] - Statement - counter = counter + 1: null

2018-12-13 00:24:55 - [TEST_STEP][PASSED] - Statement - PreSaveFile = new java.io.File(((pathPrefix + java.lang.Integer.toString(counter)) + .png)): null

2018-12-13 00:24:55 - [TEST_STEP][PASSED] - Statement - counter = counter + 1: null

2018-12-13 00:24:55 - [TEST_STEP][PASSED] - Statement - PreSaveFile = new java.io.File(((pathPrefix + java.lang.Integer.toString(counter)) + .png)): null

2018-12-13 00:24:55 - [TEST_STEP][PASSED] - Statement - counter = counter + 1: null

2018-12-13 00:24:55 - [TEST_STEP][PASSED] - Statement - PreSaveFile = new java.io.File(((pathPrefix + java.lang.Integer.toString(counter)) + .png)): null

2018-12-13 00:24:55 - [TEST_STEP][PASSED] - Statement - counter = counter + 1: null

2018-12-13 00:24:55 - [TEST_STEP][PASSED] - Statement - PreSaveFile = new java.io.File(((pathPrefix + java.lang.Integer.toString(counter)) + .png)): null

2018-12-13 00:24:55 - [TEST_STEP][PASSED] - Statement - counter = counter + 1: null

2018-12-13 00:24:55 - [TEST_STEP][PASSED] - Statement - PreSaveFile = new java.io.File(((pathPrefix + java.lang.Integer.toString(counter)) + .png)): null

2018-12-13 00:24:55 - [TEST_STEP][PASSED] - Statement - counter = counter + 1: null

2018-12-13 00:24:55 - [TEST_STEP][PASSED] - Statement - PreSaveFile = new java.io.File(((pathPrefix + java.lang.Integer.toString(counter)) + .png)): null

2018-12-13 00:24:55 - [TEST_STEP][PASSED] - Statement - counter = counter + 1: null

2018-12-13 00:24:55 - [TEST_STEP][PASSED] - Statement - PreSaveFile = new java.io.File(((pathPrefix + java.lang.Integer.toString(counter)) + .png)): null

2018-12-13 00:24:55 - [TEST_STEP][PASSED] - Statement - counter = counter + 1: null

2018-12-13 00:24:55 - [TEST_STEP][PASSED] - Statement - PreSaveFile = new java.io.File(((pathPrefix + java.lang.Integer.toString(counter)) + .png)): null

2018-12-13 00:24:55 - [TEST_STEP][PASSED] - Statement - counter = counter + 1: null

2018-12-13 00:24:55 - [TEST_STEP][PASSED] - Statement - PreSaveFile = new java.io.File(((pathPrefix + java.lang.Integer.toString(counter)) + .png)): null

2018-12-13 00:24:55 - [TEST_STEP][PASSED] - Statement - counter = counter + 1: null

2018-12-13 00:24:55 - [TEST_STEP][PASSED] - Statement - PreSaveFile = new java.io.File(((pathPrefix + java.lang.Integer.toString(counter)) + .png)): null

2018-12-13 00:24:55 - [TEST_STEP][PASSED] - Statement - counter = counter + 1: null

2018-12-13 00:24:55 - [TEST_STEP][PASSED] - Statement - PreSaveFile = new java.io.File(((pathPrefix + java.lang.Integer.toString(counter)) + .png)): null

2018-12-13 00:24:55 - [TEST_STEP][PASSED] - Statement - counter = counter + 1: null

2018-12-13 00:24:55 - [TEST_STEP][PASSED] - Statement - PreSaveFile = new java.io.File(((pathPrefix + java.lang.Integer.toString(counter)) + .png)): null

2018-12-13 00:24:55 - [TEST_STEP][PASSED] - Statement - counter = counter + 1: null

2018-12-13 00:24:55 - [TEST_STEP][PASSED] - Statement - PreSaveFile = new java.io.File(((pathPrefix + java.lang.Integer.toString(counter)) + .png)): null

2018-12-13 00:24:55 - [TEST_STEP][PASSED] - Statement - counter = counter + 1: null

2018-12-13 00:24:55 - [TEST_STEP][PASSED] - Statement - PreSaveFile = new java.io.File(((pathPrefix + java.lang.Integer.toString(counter)) + .png)): null

2018-12-13 00:24:55 - [TEST_STEP][PASSED] - Statement - counter = counter + 1: null

2018-12-13 00:24:55 - [TEST_STEP][PASSED] - Statement - PreSaveFile = new java.io.File(((pathPrefix + java.lang.Integer.toString(counter)) + .png)): null

2018-12-13 00:24:55 - [TEST_STEP][PASSED] - Statement - counter = counter + 1: null

2018-12-13 00:24:55 - [TEST_STEP][PASSED] - Statement - PreSaveFile = new java.io.File(((pathPrefix + java.lang.Integer.toString(counter)) + .png)): null

2018-12-13 00:24:55 - [TEST_STEP][PASSED] - Statement - counter = counter + 1: null

2018-12-13 00:24:55 - [TEST_STEP][PASSED] - Statement - PreSaveFile = new java.io.File(((pathPrefix + java.lang.Integer.toString(counter)) + .png)): null

2018-12-13 00:24:55 - [TEST_STEP][PASSED] - Statement - counter = counter + 1: null

2018-12-13 00:24:55 - [TEST_STEP][PASSED] - Statement - PreSaveFile = new java.io.File(((pathPrefix + java.lang.Integer.toString(counter)) + .png)): null

2018-12-13 00:24:55 - [TEST_STEP][PASSED] - Statement - counter = counter + 1: null

2018-12-13 00:24:55 - [TEST_STEP][PASSED] - Statement - PreSaveFile = new java.io.File(((pathPrefix + java.lang.Integer.toString(counter)) + .png)): null

2018-12-13 00:24:55 - [TEST_STEP][PASSED] - Statement - counter = counter + 1: null

2018-12-13 00:24:55 - [TEST_STEP][PASSED] - Statement - PreSaveFile = new java.io.File(((pathPrefix + java.lang.Integer.toString(counter)) + .png)): null

2018-12-13 00:24:55 - [TEST_STEP][PASSED] - Statement - counter = counter + 1: null

2018-12-13 00:24:55 - [TEST_STEP][PASSED] - Statement - PreSaveFile = new java.io.File(((pathPrefix + java.lang.Integer.toString(counter)) + .png)): null

2018-12-13 00:24:55 - [TEST_STEP][PASSED] - Statement - counter = counter + 1: null

2018-12-13 00:24:55 - [TEST_STEP][PASSED] - Statement - PreSaveFile = new java.io.File(((pathPrefix + java.lang.Integer.toString(counter)) + .png)): null

2018-12-13 00:24:55 - [TEST_STEP][PASSED] - Statement - counter = counter + 1: null

2018-12-13 00:24:55 - [TEST_STEP][PASSED] - Statement - PreSaveFile = new java.io.File(((pathPrefix + java.lang.Integer.toString(counter)) + .png)): null

2018-12-13 00:24:55 - [TEST_STEP][PASSED] - Statement - counter = counter + 1: null

2018-12-13 00:24:55 - [TEST_STEP][PASSED] - Statement - PreSaveFile = new java.io.File(((pathPrefix + java.lang.Integer.toString(counter)) + .png)): null

2018-12-13 00:24:55 - [TEST_STEP][PASSED] - Statement - counter = counter + 1: null

2018-12-13 00:24:55 - [TEST_STEP][PASSED] - Statement - PreSaveFile = new java.io.File(((pathPrefix + java.lang.Integer.toString(counter)) + .png)): null

2018-12-13 00:24:55 - [TEST_STEP][PASSED] - Statement - counter = counter + 1: null

2018-12-13 00:24:55 - [TEST_STEP][PASSED] - Statement - PreSaveFile = new java.io.File(((pathPrefix + java.lang.Integer.toString(counter)) + .png)): null

2018-12-13 00:24:55 - [TEST_STEP][PASSED] - Statement - counter = counter + 1: null

2018-12-13 00:24:55 - [TEST_STEP][PASSED] - Statement - PreSaveFile = new java.io.File(((pathPrefix + java.lang.Integer.toString(counter)) + .png)): null

2018-12-13 00:24:55 - [TEST_STEP][PASSED] - Statement - counter = counter + 1: null

2018-12-13 00:24:55 - [TEST_STEP][PASSED] - Statement - PreSaveFile = new java.io.File(((pathPrefix + java.lang.Integer.toString(counter)) + .png)): null

2018-12-13 00:24:55 - [TEST_STEP][PASSED] - Statement - counter = counter + 1: null

2018-12-13 00:24:55 - [TEST_STEP][PASSED] - Statement - PreSaveFile = new java.io.File(((pathPrefix + java.lang.Integer.toString(counter)) + .png)): null

2018-12-13 00:24:55 - [TEST_STEP][PASSED] - Statement - counter = counter + 1: null

2018-12-13 00:24:55 - [TEST_STEP][PASSED] - Statement - PreSaveFile = new java.io.File(((pathPrefix + java.lang.Integer.toString(counter)) + .png)): null

2018-12-13 00:24:55 - [TEST_STEP][PASSED] - Statement - counter = counter + 1: null

2018-12-13 00:24:55 - [TEST_STEP][PASSED] - Statement - PreSaveFile = new java.io.File(((pathPrefix + java.lang.Integer.toString(counter)) + .png)): null

2018-12-13 00:24:55 - [TEST_STEP][PASSED] - Statement - counter = counter + 1: null

2018-12-13 00:24:55 - [TEST_STEP][PASSED] - Statement - PreSaveFile = new java.io.File(((pathPrefix + java.lang.Integer.toString(counter)) + .png)): null

2018-12-13 00:24:55 - [TEST_STEP][PASSED] - Statement - counter = counter + 1: null

2018-12-13 00:24:55 - [TEST_STEP][PASSED] - Statement - PreSaveFile = new java.io.File(((pathPrefix + java.lang.Integer.toString(counter)) + .png)): null

2018-12-13 00:24:55 - [TEST_STEP][PASSED] - Statement - counter = counter + 1: null

2018-12-13 00:24:55 - [TEST_STEP][PASSED] - Statement - PreSaveFile = new java.io.File(((pathPrefix + java.lang.Integer.toString(counter)) + .png)): null

2018-12-13 00:24:55 - [TEST_STEP][PASSED] - Statement - counter = counter + 1: null

2018-12-13 00:24:55 - [TEST_STEP][PASSED] - Statement - PreSaveFile = new java.io.File(((pathPrefix + java.lang.Integer.toString(counter)) + .png)): null

2018-12-13 00:24:55 - [TEST_STEP][PASSED] - Statement - counter = counter + 1: null

2018-12-13 00:24:55 - [TEST_STEP][PASSED] - Statement - PreSaveFile = new java.io.File(((pathPrefix + java.lang.Integer.toString(counter)) + .png)): null

2018-12-13 00:24:55 - [TEST_STEP][PASSED] - Statement - counter = counter + 1: null

2018-12-13 00:24:55 - [TEST_STEP][PASSED] - Statement - PreSaveFile = new java.io.File(((pathPrefix + java.lang.Integer.toString(counter)) + .png)): null

2018-12-13 00:24:55 - [TEST_STEP][PASSED] - Statement - counter = counter + 1: null

2018-12-13 00:24:55 - [TEST_STEP][PASSED] - Statement - PreSaveFile = new java.io.File(((pathPrefix + java.lang.Integer.toString(counter)) + .png)): null

2018-12-13 00:24:55 - [TEST_STEP][PASSED] - Statement - counter = counter + 1: null

2018-12-13 00:24:55 - [TEST_STEP][PASSED] - Statement - PreSaveFile = new java.io.File(((pathPrefix + java.lang.Integer.toString(counter)) + .png)): null

2018-12-13 00:24:55 - [TEST_STEP][PASSED] - Statement - counter = counter + 1: null

2018-12-13 00:24:55 - [TEST_STEP][PASSED] - Statement - PreSaveFile = new java.io.File(((pathPrefix + java.lang.Integer.toString(counter)) + .png)): null

2018-12-13 00:24:55 - [TEST_STEP][PASSED] - Statement - counter = counter + 1: null

2018-12-13 00:24:55 - [TEST_STEP][PASSED] - Statement - PreSaveFile = new java.io.File(((pathPrefix + java.lang.Integer.toString(counter)) + .png)): null

2018-12-13 00:24:55 - [TEST_STEP][PASSED] - Statement - counter = counter + 1: null

2018-12-13 00:24:55 - [TEST_STEP][PASSED] - Statement - PreSaveFile = new java.io.File(((pathPrefix + java.lang.Integer.toString(counter)) + .png)): null

2018-12-13 00:24:55 - [TEST_STEP][PASSED] - Statement - counter = counter + 1: null

2018-12-13 00:24:55 - [TEST_STEP][PASSED] - Statement - PreSaveFile = new java.io.File(((pathPrefix + java.lang.Integer.toString(counter)) + .png)): null

2018-12-13 00:24:55 - [TEST_STEP][PASSED] - Statement - counter = counter + 1: null

2018-12-13 00:24:55 - [TEST_STEP][PASSED] - Statement - PreSaveFile = new java.io.File(((pathPrefix + java.lang.Integer.toString(counter)) + .png)): null

2018-12-13 00:24:55 - [TEST_STEP][PASSED] - Statement - counter = counter + 1: null

2018-12-13 00:24:55 - [TEST_STEP][PASSED] - Statement - PreSaveFile = new java.io.File(((pathPrefix + java.lang.Integer.toString(counter)) + .png)): null

2018-12-13 00:24:55 - [TEST_STEP][PASSED] - Statement - counter = counter + 1: null

2018-12-13 00:24:55 - [TEST_STEP][PASSED] - Statement - PreSaveFile = new java.io.File(((pathPrefix + java.lang.Integer.toString(counter)) + .png)): null

2018-12-13 00:24:55 - [TEST_STEP][PASSED] - Statement - counter = counter + 1: null

2018-12-13 00:24:55 - [TEST_STEP][PASSED] - Statement - PreSaveFile = new java.io.File(((pathPrefix + java.lang.Integer.toString(counter)) + .png)): null

2018-12-13 00:24:55 - [TEST_STEP][PASSED] - Statement - counter = counter + 1: null

2018-12-13 00:24:55 - [TEST_STEP][PASSED] - Statement - PreSaveFile = new java.io.File(((pathPrefix + java.lang.Integer.toString(counter)) + .png)): null

2018-12-13 00:24:55 - [TEST_STEP][PASSED] - Statement - counter = counter + 1: null

2018-12-13 00:24:55 - [TEST_STEP][PASSED] - Statement - PreSaveFile = new java.io.File(((pathPrefix + java.lang.Integer.toString(counter)) + .png)): null

2018-12-13 00:24:55 - [TEST_STEP][PASSED] - Statement - counter = counter + 1: null

2018-12-13 00:24:55 - [TEST_STEP][PASSED] - Statement - PreSaveFile = new java.io.File(((pathPrefix + java.lang.Integer.toString(counter)) + .png)): null

2018-12-13 00:24:55 - [TEST_STEP][PASSED] - Statement - counter = counter + 1: null

2018-12-13 00:24:55 - [TEST_STEP][PASSED] - Statement - PreSaveFile = new java.io.File(((pathPrefix + java.lang.Integer.toString(counter)) + .png)): null

2018-12-13 00:24:55 - [TEST_STEP][PASSED] - Statement - counter = counter + 1: null

2018-12-13 00:24:55 - [TEST_STEP][PASSED] - Statement - PreSaveFile = new java.io.File(((pathPrefix + java.lang.Integer.toString(counter)) + .png)): null

2018-12-13 00:24:55 - [TEST_STEP][PASSED] - Statement - counter = counter + 1: null

2018-12-13 00:24:55 - [TEST_STEP][PASSED] - Statement - PreSaveFile = new java.io.File(((pathPrefix + java.lang.Integer.toString(counter)) + .png)): null

2018-12-13 00:24:55 - [TEST_STEP][PASSED] - Statement - counter = counter + 1: null

2018-12-13 00:24:55 - [TEST_STEP][PASSED] - Statement - PreSaveFile = new java.io.File(((pathPrefix + java.lang.Integer.toString(counter)) + .png)): null

2018-12-13 00:24:55 - [TEST_STEP][PASSED] - Statement - counter = counter + 1: null

2018-12-13 00:24:55 - [TEST_STEP][PASSED] - Statement - PreSaveFile = new java.io.File(((pathPrefix + java.lang.Integer.toString(counter)) + .png)): null

2018-12-13 00:24:55 - [TEST_STEP][PASSED] - Statement - counter = counter + 1: null

2018-12-13 00:24:55 - [TEST_STEP][PASSED] - Statement - PreSaveFile = new java.io.File(((pathPrefix + java.lang.Integer.toString(counter)) + .png)): null

2018-12-13 00:24:55 - [TEST_STEP][PASSED] - Statement - counter = counter + 1: null

2018-12-13 00:24:55 - [TEST_STEP][PASSED] - Statement - PreSaveFile = new java.io.File(((pathPrefix + java.lang.Integer.toString(counter)) + .png)): null

2018-12-13 00:24:55 - [TEST_STEP][PASSED] - Statement - counter = counter + 1: null

2018-12-13 00:24:55 - [TEST_STEP][PASSED] - Statement - PreSaveFile = new java.io.File(((pathPrefix + java.lang.Integer.toString(counter)) + .png)): null

2018-12-13 00:24:55 - [TEST_STEP][PASSED] - Statement - counter = counter + 1: null

2018-12-13 00:24:55 - [TEST_STEP][PASSED] - Statement - PreSaveFile = new java.io.File(((pathPrefix + java.lang.Integer.toString(counter)) + .png)): null

2018-12-13 00:24:55 - [TEST_STEP][PASSED] - Statement - counter = counter + 1: null

2018-12-13 00:24:55 - [TEST_STEP][PASSED] - Statement - PreSaveFile = new java.io.File(((pathPrefix + java.lang.Integer.toString(counter)) + .png)): null

2018-12-13 00:24:55 - [TEST_STEP][PASSED] - Statement - counter = counter + 1: null

2018-12-13 00:24:55 - [TEST_STEP][PASSED] - Statement - PreSaveFile = new java.io.File(((pathPrefix + java.lang.Integer.toString(counter)) + .png)): null

2018-12-13 00:24:55 - [TEST_STEP][PASSED] - Statement - counter = counter + 1: null

2018-12-13 00:24:55 - [TEST_STEP][PASSED] - Statement - PreSaveFile = new java.io.File(((pathPrefix + java.lang.Integer.toString(counter)) + .png)): null

2018-12-13 00:24:55 - [TEST_STEP][PASSED] - Statement - counter = counter + 1: null

2018-12-13 00:24:55 - [TEST_STEP][PASSED] - Statement - PreSaveFile = new java.io.File(((pathPrefix + java.lang.Integer.toString(counter)) + .png)): null

2018-12-13 00:24:55 - [TEST_STEP][PASSED] - Statement - counter = counter + 1: null

2018-12-13 00:24:55 - [TEST_STEP][PASSED] - Statement - PreSaveFile = new java.io.File(((pathPrefix + java.lang.Integer.toString(counter)) + .png)): null

2018-12-13 00:24:55 - [TEST_STEP][PASSED] - Statement - counter = counter + 1: null

2018-12-13 00:24:55 - [TEST_STEP][PASSED] - Statement - PreSaveFile = new java.io.File(((pathPrefix + java.lang.Integer.toString(counter)) + .png)): null

2018-12-13 00:24:55 - [TEST_STEP][PASSED] - Statement - counter = counter + 1: null

2018-12-13 00:24:55 - [TEST_STEP][PASSED] - Statement - PreSaveFile = new java.io.File(((pathPrefix + java.lang.Integer.toString(counter)) + .png)): null

2018-12-13 00:24:55 - [TEST_STEP][PASSED] - Statement - counter = counter + 1: null

2018-12-13 00:24:55 - [TEST_STEP][PASSED] - Statement - PreSaveFile = new java.io.File(((pathPrefix + java.lang.Integer.toString(counter)) + .png)): null

2018-12-13 00:24:55 - [TEST_STEP][PASSED] - Statement - counter = counter + 1: null

2018-12-13 00:24:55 - [TEST_STEP][PASSED] - Statement - PreSaveFile = new java.io.File(((pathPrefix + java.lang.Integer.toString(counter)) + .png)): null

2018-12-13 00:24:55 - [TEST_STEP][PASSED] - Statement - counter = counter + 1: null

2018-12-13 00:24:55 - [TEST_STEP][PASSED] - Statement - PreSaveFile = new java.io.File(((pathPrefix + java.lang.Integer.toString(counter)) + .png)): null

2018-12-13 00:24:55 - [TEST_STEP][PASSED] - Statement - counter = counter + 1: null

2018-12-13 00:24:55 - [TEST_STEP][PASSED] - Statement - PreSaveFile = new java.io.File(((pathPrefix + java.lang.Integer.toString(counter)) + .png)): null

2018-12-13 00:24:55 - [TEST_STEP][PASSED] - Statement - counter = counter + 1: null

2018-12-13 00:24:55 - [TEST_STEP][PASSED] - Statement - PreSaveFile = new java.io.File(((pathPrefix + java.lang.Integer.toString(counter)) + .png)): null

2018-12-13 00:24:55 - [TEST_STEP][PASSED] - Statement - counter = counter + 1: null

2018-12-13 00:24:55 - [TEST_STEP][PASSED] - Statement - PreSaveFile = new java.io.File(((pathPrefix + java.lang.Integer.toString(counter)) + .png)): null

2018-12-13 00:24:55 - [TEST_STEP][PASSED] - Statement - counter = counter + 1: null

2018-12-13 00:24:55 - [TEST_STEP][PASSED] - Statement - PreSaveFile = new java.io.File(((pathPrefix + java.lang.Integer.toString(counter)) + .png)): null

2018-12-13 00:24:55 - [TEST_STEP][PASSED] - Statement - counter = counter + 1: null

2018-12-13 00:24:55 - [TEST_STEP][PASSED] - Statement - PreSaveFile = new java.io.File(((pathPrefix + java.lang.Integer.toString(counter)) + .png)): null

2018-12-13 00:24:55 - [TEST_STEP][PASSED] - Statement - counter = counter + 1: null

2018-12-13 00:24:55 - [TEST_STEP][PASSED] - Statement - PreSaveFile = new java.io.File(((pathPrefix + java.lang.Integer.toString(counter)) + .png)): null

2018-12-13 00:24:55 - [TEST_STEP][PASSED] - Statement - counter = counter + 1: null

2018-12-13 00:24:55 - [TEST_STEP][PASSED] - Statement - PreSaveFile = new java.io.File(((pathPrefix + java.lang.Integer.toString(counter)) + .png)): null

2018-12-13 00:24:55 - [TEST_STEP][PASSED] - Statement - counter = counter + 1: null

2018-12-13 00:24:55 - [TEST_STEP][PASSED] - Statement - PreSaveFile = new java.io.File(((pathPrefix + java.lang.Integer.toString(counter)) + .png)): null

2018-12-13 00:24:55 - [TEST_STEP][PASSED] - Statement - counter = counter + 1: null

2018-12-13 00:24:55 - [TEST_STEP][PASSED] - Statement - PreSaveFile = new java.io.File(((pathPrefix + java.lang.Integer.toString(counter)) + .png)): null

2018-12-13 00:24:55 - [TEST_STEP][PASSED] - Statement - counter = counter + 1: null

2018-12-13 00:24:55 - [TEST_STEP][PASSED] - Statement - PreSaveFile = new java.io.File(((pathPrefix + java.lang.Integer.toString(counter)) + .png)): null

2018-12-13 00:24:55 - [TEST_STEP][PASSED] - Statement - counter = counter + 1: null

2018-12-13 00:24:55 - [TEST_STEP][PASSED] - Statement - PreSaveFile = new java.io.File(((pathPrefix + java.lang.Integer.toString(counter)) + .png)): null

2018-12-13 00:24:55 - [TEST_STEP][PASSED] - Statement - counter = counter + 1: null

2018-12-13 00:24:55 - [TEST_STEP][PASSED] - Statement - PreSaveFile = new java.io.File(((pathPrefix + java.lang.Integer.toString(counter)) + .png)): null

2018-12-13 00:24:55 - [TEST_STEP][PASSED] - Statement - counter = counter + 1: null

2018-12-13 00:24:55 - [TEST_STEP][PASSED] - Statement - PreSaveFile = new java.io.File(((pathPrefix + java.lang.Integer.toString(counter)) + .png)): null

2018-12-13 00:24:55 - [TEST_STEP][PASSED] - Statement - counter = counter + 1: null

2018-12-13 00:24:55 - [TEST_STEP][PASSED] - Statement - PreSaveFile = new java.io.File(((pathPrefix + java.lang.Integer.toString(counter)) + .png)): null

2018-12-13 00:24:55 - [TEST_STEP][PASSED] - Statement - counter = counter + 1: null

2018-12-13 00:24:55 - [TEST_STEP][PASSED] - Statement - PreSaveFile = new java.io.File(((pathPrefix + java.lang.Integer.toString(counter)) + .png)): null

2018-12-13 00:24:55 - [TEST_STEP][PASSED] - Statement - counter = counter + 1: null

2018-12-13 00:24:55 - [TEST_STEP][PASSED] - Statement - PreSaveFile = new java.io.File(((pathPrefix + java.lang.Integer.toString(counter)) + .png)): null

2018-12-13 00:24:55 - [TEST_STEP][PASSED] - Statement - counter = counter + 1: null

2018-12-13 00:24:55 - [TEST_STEP][PASSED] - Statement - PreSaveFile = new java.io.File(((pathPrefix + java.lang.Integer.toString(counter)) + .png)): null

2018-12-13 00:24:55 - [TEST_STEP][PASSED] - Statement - counter = counter + 1: null

2018-12-13 00:24:55 - [TEST_STEP][PASSED] - Statement - PreSaveFile = new java.io.File(((pathPrefix + java.lang.Integer.toString(counter)) + .png)): null

2018-12-13 00:24:55 - [TEST_STEP][PASSED] - Statement - counter = counter + 1: null

2018-12-13 00:24:55 - [TEST_STEP][PASSED] - Statement - PreSaveFile = new java.io.File(((pathPrefix + java.lang.Integer.toString(counter)) + .png)): null

2018-12-13 00:24:55 - [TEST_STEP][PASSED] - Statement - counter = counter + 1: null

2018-12-13 00:24:55 - [TEST_STEP][PASSED] - Statement - PreSaveFile = new java.io.File(((pathPrefix + java.lang.Integer.toString(counter)) + .png)): null

2018-12-13 00:24:55 - [TEST_STEP][PASSED] - Statement - counter = counter + 1: null

2018-12-13 00:24:55 - [TEST_STEP][PASSED] - Statement - PreSaveFile = new java.io.File(((pathPrefix + java.lang.Integer.toString(counter)) + .png)): null

2018-12-13 00:24:55 - [TEST_STEP][PASSED] - Statement - counter = counter + 1: null

2018-12-13 00:24:55 - [TEST_STEP][PASSED] - Statement - PreSaveFile = new java.io.File(((pathPrefix + java.lang.Integer.toString(counter)) + .png)): null

2018-12-13 00:24:55 - [TEST_STEP][PASSED] - Statement - counter = counter + 1: null

2018-12-13 00:24:55 - [TEST_STEP][PASSED] - Statement - PreSaveFile = new java.io.File(((pathPrefix + java.lang.Integer.toString(counter)) + .png)): null

2018-12-13 00:24:55 - [TEST_STEP][PASSED] - Statement - counter = counter + 1: null

2018-12-13 00:24:55 - [TEST_STEP][PASSED] - Statement - PreSaveFile = new java.io.File(((pathPrefix + java.lang.Integer.toString(counter)) + .png)): null

2018-12-13 00:24:55 - [TEST_STEP][PASSED] - Statement - counter = counter + 1: null

2018-12-13 00:24:55 - [TEST_STEP][PASSED] - Statement - PreSaveFile = new java.io.File(((pathPrefix + java.lang.Integer.toString(counter)) + .png)): null

2018-12-13 00:24:55 - [TEST_STEP][PASSED] - Statement - counter = counter + 1: null

2018-12-13 00:24:55 - [TEST_STEP][PASSED] - Statement - PreSaveFile = new java.io.File(((pathPrefix + java.lang.Integer.toString(counter)) + .png)): null

2018-12-13 00:24:55 - [TEST_STEP][PASSED] - Statement - counter = counter + 1: null

2018-12-13 00:24:55 - [TEST_STEP][PASSED] - Statement - PreSaveFile = new java.io.File(((pathPrefix + java.lang.Integer.toString(counter)) + .png)): null

2018-12-13 00:24:55 - [TEST_STEP][PASSED] - Statement - counter = counter + 1: null

2018-12-13 00:24:55 - [TEST_STEP][PASSED] - Statement - PreSaveFile = new java.io.File(((pathPrefix + java.lang.Integer.toString(counter)) + .png)): null

2018-12-13 00:24:55 - [TEST_STEP][PASSED] - Statement - counter = counter + 1: null

2018-12-13 00:24:55 - [TEST_STEP][PASSED] - Statement - PreSaveFile = new java.io.File(((pathPrefix + java.lang.Integer.toString(counter)) + .png)): null

2018-12-13 00:24:55 - [TEST_STEP][PASSED] - Statement - counter = counter + 1: null

2018-12-13 00:24:55 - [TEST_STEP][PASSED] - Statement - PreSaveFile = new java.io.File(((pathPrefix + java.lang.Integer.toString(counter)) + .png)): null

2018-12-13 00:24:55 - [TEST_STEP][PASSED] - Statement - counter = counter + 1: null

2018-12-13 00:24:55 - [TEST_STEP][PASSED] - Statement - PreSaveFile = new java.io.File(((pathPrefix + java.lang.Integer.toString(counter)) + .png)): null

2018-12-13 00:24:55 - [TEST_STEP][PASSED] - Statement - counter = counter + 1: null

2018-12-13 00:24:55 - [TEST_STEP][PASSED] - Statement - PreSaveFile = new java.io.File(((pathPrefix + java.lang.Integer.toString(counter)) + .png)): null

2018-12-13 00:24:55 - [TEST_STEP][PASSED] - Statement - counter = counter + 1: null

2018-12-13 00:24:55 - [TEST_STEP][PASSED] - Statement - PreSaveFile = new java.io.File(((pathPrefix + java.lang.Integer.toString(counter)) + .png)): null

2018-12-13 00:24:55 - [TEST_STEP][PASSED] - Statement - counter = counter + 1: null

2018-12-13 00:24:55 - [TEST_STEP][PASSED] - Statement - PreSaveFile = new java.io.File(((pathPrefix + java.lang.Integer.toString(counter)) + .png)): null

2018-12-13 00:24:55 - [TEST_STEP][PASSED] - Statement - counter = counter + 1: null

2018-12-13 00:24:55 - [TEST_STEP][PASSED] - Statement - PreSaveFile = new java.io.File(((pathPrefix + java.lang.Integer.toString(counter)) + .png)): null

2018-12-13 00:24:55 - [TEST_STEP][PASSED] - Statement - counter = counter + 1: null

2018-12-13 00:24:55 - [TEST_STEP][PASSED] - Statement - PreSaveFile = new java.io.File(((pathPrefix + java.lang.Integer.toString(counter)) + .png)): null

2018-12-13 00:24:55 - [TEST_STEP][PASSED] - Statement - counter = counter + 1: null

2018-12-13 00:24:55 - [TEST_STEP][PASSED] - Statement - PreSaveFile = new java.io.File(((pathPrefix + java.lang.Integer.toString(counter)) + .png)): null

2018-12-13 00:24:55 - [TEST_STEP][PASSED] - Statement - counter = counter + 1: null

2018-12-13 00:24:55 - [TEST_STEP][PASSED] - Statement - PreSaveFile = new java.io.File(((pathPrefix + java.lang.Integer.toString(counter)) + .png)): null

2018-12-13 00:24:55 - [TEST_STEP][PASSED] - Statement - counter = counter + 1: null

2018-12-13 00:24:55 - [TEST_STEP][PASSED] - Statement - PreSaveFile = new java.io.File(((pathPrefix + java.lang.Integer.toString(counter)) + .png)): null

2018-12-13 00:24:55 - [TEST_STEP][PASSED] - Statement - counter = counter + 1: null

2018-12-13 00:24:55 - [TEST_STEP][PASSED] - Statement - PreSaveFile = new java.io.File(((pathPrefix + java.lang.Integer.toString(counter)) + .png)): null

2018-12-13 00:24:55 - [TEST_STEP][PASSED] - Statement - counter = counter + 1: null

2018-12-13 00:24:55 - [TEST_STEP][PASSED] - Statement - PreSaveFile = new java.io.File(((pathPrefix + java.lang.Integer.toString(counter)) + .png)): null

2018-12-13 00:24:55 - [TEST_STEP][PASSED] - Statement - counter = counter + 1: null

2018-12-13 00:24:55 - [TEST_STEP][PASSED] - Statement - PreSaveFile = new java.io.File(((pathPrefix + java.lang.Integer.toString(counter)) + .png)): null

2018-12-13 00:24:55 - [TEST_STEP][PASSED] - Statement - counter = counter + 1: null

2018-12-13 00:24:55 - [TEST_STEP][PASSED] - Statement - PreSaveFile = new java.io.File(((pathPrefix + java.lang.Integer.toString(counter)) + .png)): null

2018-12-13 00:24:55 - [TEST_STEP][PASSED] - Statement - counter = counter + 1: null

2018-12-13 00:24:55 - [TEST_STEP][PASSED] - Statement - PreSaveFile = new java.io.File(((pathPrefix + java.lang.Integer.toString(counter)) + .png)): null

2018-12-13 00:24:55 - [TEST_STEP][PASSED] - Statement - counter = counter + 1: null

2018-12-13 00:24:55 - [TEST_STEP][PASSED] - Statement - PreSaveFile = new java.io.File(((pathPrefix + java.lang.Integer.toString(counter)) + .png)): null

2018-12-13 00:24:55 - [TEST_STEP][PASSED] - Statement - counter = counter + 1: null

2018-12-13 00:24:55 - [TEST_STEP][PASSED] - Statement - PreSaveFile = new java.io.File(((pathPrefix + java.lang.Integer.toString(counter)) + .png)): null

2018-12-13 00:24:55 - [TEST_STEP][PASSED] - Statement - counter = counter + 1: null

2018-12-13 00:24:55 - [TEST_STEP][PASSED] - Statement - PreSaveFile = new java.io.File(((pathPrefix + java.lang.Integer.toString(counter)) + .png)): null

2018-12-13 00:24:55 - [TEST_STEP][PASSED] - Statement - counter = counter + 1: null

2018-12-13 00:24:55 - [TEST_STEP][PASSED] - Statement - PreSaveFile = new java.io.File(((pathPrefix + java.lang.Integer.toString(counter)) + .png)): null

2018-12-13 00:24:55 - [TEST_STEP][PASSED] - Statement - counter = counter + 1: null

2018-12-13 00:24:55 - [TEST_STEP][PASSED] - Statement - PreSaveFile = new java.io.File(((pathPrefix + java.lang.Integer.toString(counter)) + .png)): null

2018-12-13 00:24:55 - [TEST_STEP][PASSED] - Statement - counter = counter + 1: null

2018-12-13 00:24:55 - [TEST_STEP][PASSED] - Statement - PreSaveFile = new java.io.File(((pathPrefix + java.lang.Integer.toString(counter)) + .png)): null

2018-12-13 00:24:55 - [TEST_STEP][PASSED] - Statement - counter = counter + 1: null

2018-12-13 00:24:55 - [TEST_STEP][PASSED] - Statement - PreSaveFile = new java.io.File(((pathPrefix + java.lang.Integer.toString(counter)) + .png)): null

2018-12-13 00:24:55 - [TEST_STEP][PASSED] - Statement - counter = counter + 1: null

2018-12-13 00:24:55 - [TEST_STEP][PASSED] - Statement - PreSaveFile = new java.io.File(((pathPrefix + java.lang.Integer.toString(counter)) + .png)): null

2018-12-13 00:24:55 - [TEST_STEP][PASSED] - Statement - counter = counter + 1: null

2018-12-13 00:24:55 - [TEST_STEP][PASSED] - Statement - PreSaveFile = new java.io.File(((pathPrefix + java.lang.Integer.toString(counter)) + .png)): null

2018-12-13 00:24:55 - [TEST_STEP][PASSED] - Statement - counter = counter + 1: null

2018-12-13 00:24:55 - [TEST_STEP][PASSED] - Statement - PreSaveFile = new java.io.File(((pathPrefix + java.lang.Integer.toString(counter)) + .png)): null

2018-12-13 00:24:55 - [TEST_STEP][PASSED] - Statement - counter = counter + 1: null

2018-12-13 00:24:55 - [TEST_STEP][PASSED] - Statement - PreSaveFile = new java.io.File(((pathPrefix + java.lang.Integer.toString(counter)) + .png)): null

2018-12-13 00:24:55 - [TEST_STEP][PASSED] - Statement - counter = counter + 1: null

2018-12-13 00:24:55 - [TEST_STEP][PASSED] - Statement - PreSaveFile = new java.io.File(((pathPrefix + java.lang.Integer.toString(counter)) + .png)): null

2018-12-13 00:24:55 - [TEST_STEP][PASSED] - Statement - counter = counter + 1: null

2018-12-13 00:24:55 - [TEST_STEP][PASSED] - Statement - PreSaveFile = new java.io.File(((pathPrefix + java.lang.Integer.toString(counter)) + .png)): null

2018-12-13 00:24:55 - [TEST_STEP][PASSED] - Statement - counter = counter + 1: null

2018-12-13 00:24:55 - [TEST_STEP][PASSED] - Statement - PreSaveFile = new java.io.File(((pathPrefix + java.lang.Integer.toString(counter)) + .png)): null

2018-12-13 00:24:55 - [TEST_STEP][PASSED] - Statement - counter = counter + 1: null

2018-12-13 00:24:55 - [TEST_STEP][PASSED] - Statement - PreSaveFile = new java.io.File(((pathPrefix + java.lang.Integer.toString(counter)) + .png)): null

2018-12-13 00:24:55 - [TEST_STEP][PASSED] - Statement - counter = counter + 1: null

2018-12-13 00:24:55 - [TEST_STEP][PASSED] - Statement - PreSaveFile = new java.io.File(((pathPrefix + java.lang.Integer.toString(counter)) + .png)): null

2018-12-13 00:24:55 - [TEST_STEP][PASSED] - Statement - counter = counter + 1: null

2018-12-13 00:24:55 - [TEST_STEP][PASSED] - Statement - PreSaveFile = new java.io.File(((pathPrefix + java.lang.Integer.toString(counter)) + .png)): null

2018-12-13 00:24:55 - [TEST_STEP][PASSED] - Statement - counter = counter + 1: null

2018-12-13 00:24:55 - [TEST_STEP][PASSED] - Statement - PreSaveFile = new java.io.File(((pathPrefix + java.lang.Integer.toString(counter)) + .png)): null

2018-12-13 00:24:55 - [TEST_STEP][PASSED] - Statement - counter = counter + 1: null

2018-12-13 00:24:55 - [TEST_STEP][PASSED] - Statement - PreSaveFile = new java.io.File(((pathPrefix + java.lang.Integer.toString(counter)) + .png)): null

2018-12-13 00:24:55 - [TEST_STEP][PASSED] - Statement - counter = counter + 1: null

2018-12-13 00:24:55 - [TEST_STEP][PASSED] - Statement - PreSaveFile = new java.io.File(((pathPrefix + java.lang.Integer.toString(counter)) + .png)): null

2018-12-13 00:24:55 - [TEST_STEP][PASSED] - Statement - counter = counter + 1: null

2018-12-13 00:24:55 - [TEST_STEP][PASSED] - Statement - PreSaveFile = new java.io.File(((pathPrefix + java.lang.Integer.toString(counter)) + .png)): null

2018-12-13 00:24:55 - [TEST_STEP][PASSED] - Statement - counter = counter + 1: null

2018-12-13 00:24:55 - [TEST_STEP][PASSED] - Statement - PreSaveFile = new java.io.File(((pathPrefix + java.lang.Integer.toString(counter)) + .png)): null

2018-12-13 00:24:55 - [TEST_STEP][PASSED] - Statement - counter = counter + 1: null

2018-12-13 00:24:55 - [TEST_STEP][PASSED] - Statement - PreSaveFile = new java.io.File(((pathPrefix + java.lang.Integer.toString(counter)) + .png)): null

2018-12-13 00:24:55 - [TEST_STEP][PASSED] - Statement - counter = counter + 1: null

2018-12-13 00:24:55 - [TEST_STEP][PASSED] - Statement - PreSaveFile = new java.io.File(((pathPrefix + java.lang.Integer.toString(counter)) + .png)): null

2018-12-13 00:24:55 - [TEST_STEP][PASSED] - Statement - counter = counter + 1: null

2018-12-13 00:24:55 - [TEST_STEP][PASSED] - Statement - PreSaveFile = new java.io.File(((pathPrefix + java.lang.Integer.toString(counter)) + .png)): null

2018-12-13 00:24:55 - [TEST_STEP][PASSED] - Statement - counter = counter + 1: null

2018-12-13 00:24:55 - [TEST_STEP][PASSED] - Statement - PreSaveFile = new java.io.File(((pathPrefix + java.lang.Integer.toString(counter)) + .png)): null

2018-12-13 00:24:55 - [TEST_STEP][PASSED] - Statement - counter = counter + 1: null

2018-12-13 00:24:55 - [TEST_STEP][PASSED] - Statement - PreSaveFile = new java.io.File(((pathPrefix + java.lang.Integer.toString(counter)) + .png)): null

2018-12-13 00:24:55 - [TEST_STEP][PASSED] - Statement - counter = counter + 1: null

2018-12-13 00:24:55 - [TEST_STEP][PASSED] - Statement - PreSaveFile = new java.io.File(((pathPrefix + java.lang.Integer.toString(counter)) + .png)): null

2018-12-13 00:24:55 - [TEST_STEP][PASSED] - Statement - counter = counter + 1: null

2018-12-13 00:24:55 - [TEST_STEP][PASSED] - Statement - PreSaveFile = new java.io.File(((pathPrefix + java.lang.Integer.toString(counter)) + .png)): null

2018-12-13 00:24:55 - [TEST_STEP][PASSED] - Statement - counter = counter + 1: null

2018-12-13 00:24:55 - [TEST_STEP][PASSED] - Statement - PreSaveFile = new java.io.File(((pathPrefix + java.lang.Integer.toString(counter)) + .png)): null

2018-12-13 00:24:55 - [TEST_STEP][PASSED] - Statement - counter = counter + 1: null

2018-12-13 00:24:55 - [TEST_STEP][PASSED] - Statement - PreSaveFile = new java.io.File(((pathPrefix + java.lang.Integer.toString(counter)) + .png)): null

2018-12-13 00:24:55 - [TEST_STEP][PASSED] - Statement - counter = counter + 1: null

2018-12-13 00:24:55 - [TEST_STEP][PASSED] - Statement - PreSaveFile = new java.io.File(((pathPrefix + java.lang.Integer.toString(counter)) + .png)): null

2018-12-13 00:24:55 - [TEST_STEP][PASSED] - Statement - counter = counter + 1: null

2018-12-13 00:24:55 - [TEST_STEP][PASSED] - Statement - PreSaveFile = new java.io.File(((pathPrefix + java.lang.Integer.toString(counter)) + .png)): null

2018-12-13 00:24:55 - [TEST_STEP][PASSED] - Statement - counter = counter + 1: null

2018-12-13 00:24:55 - [TEST_STEP][PASSED] - Statement - PreSaveFile = new java.io.File(((pathPrefix + java.lang.Integer.toString(counter)) + .png)): null

2018-12-13 00:24:55 - [TEST_STEP][PASSED] - Statement - counter = counter + 1: null

2018-12-13 00:24:55 - [TEST_STEP][PASSED] - Statement - PreSaveFile = new java.io.File(((pathPrefix + java.lang.Integer.toString(counter)) + .png)): null

2018-12-13 00:24:55 - [TEST_STEP][PASSED] - Statement - counter = counter + 1: null

2018-12-13 00:24:55 - [TEST_STEP][PASSED] - Statement - PreSaveFile = new java.io.File(((pathPrefix + java.lang.Integer.toString(counter)) + .png)): null

2018-12-13 00:24:55 - [TEST_STEP][PASSED] - Statement - counter = counter + 1: null

2018-12-13 00:24:55 - [TEST_STEP][PASSED] - Statement - PreSaveFile = new java.io.File(((pathPrefix + java.lang.Integer.toString(counter)) + .png)): null

2018-12-13 00:24:55 - [TEST_STEP][PASSED] - Statement - counter = counter + 1: null

2018-12-13 00:24:55 - [TEST_STEP][PASSED] - Statement - PreSaveFile = new java.io.File(((pathPrefix + java.lang.Integer.toString(counter)) + .png)): null

2018-12-13 00:24:55 - [TEST_STEP][PASSED] - Statement - counter = counter + 1: null

2018-12-13 00:24:55 - [TEST_STEP][PASSED] - Statement - PreSaveFile = new java.io.File(((pathPrefix + java.lang.Integer.toString(counter)) + .png)): null

2018-12-13 00:24:55 - [TEST_STEP][PASSED] - Statement - counter = counter + 1: null

2018-12-13 00:24:55 - [TEST_STEP][PASSED] - Statement - PreSaveFile = new java.io.File(((pathPrefix + java.lang.Integer.toString(counter)) + .png)): null

2018-12-13 00:24:55 - [TEST_STEP][PASSED] - Statement - counter = counter + 1: null

2018-12-13 00:24:55 - [TEST_STEP][PASSED] - Statement - PreSaveFile = new java.io.File(((pathPrefix + java.lang.Integer.toString(counter)) + .png)): null

2018-12-13 00:24:55 - [TEST_STEP][PASSED] - Statement - counter = counter + 1: null

2018-12-13 00:24:55 - [TEST_STEP][PASSED] - Statement - PreSaveFile = new java.io.File(((pathPrefix + java.lang.Integer.toString(counter)) + .png)): null

2018-12-13 00:24:55 - [TEST_STEP][PASSED] - Statement - counter = counter + 1: null

2018-12-13 00:24:55 - [TEST_STEP][PASSED] - Statement - PreSaveFile = new java.io.File(((pathPrefix + java.lang.Integer.toString(counter)) + .png)): null

2018-12-13 00:24:55 - [TEST_STEP][PASSED] - Statement - counter = counter + 1: null

2018-12-13 00:24:55 - [TEST_STEP][PASSED] - Statement - PreSaveFile = new java.io.File(((pathPrefix + java.lang.Integer.toString(counter)) + .png)): null

2018-12-13 00:24:55 - [TEST_STEP][PASSED] - Statement - counter = counter + 1: null

2018-12-13 00:24:55 - [TEST_STEP][PASSED] - Statement - PreSaveFile = new java.io.File(((pathPrefix + java.lang.Integer.toString(counter)) + .png)): null

2018-12-13 00:24:55 - [TEST_STEP][PASSED] - Statement - counter = counter + 1: null

2018-12-13 00:24:55 - [TEST_STEP][PASSED] - Statement - PreSaveFile = new java.io.File(((pathPrefix + java.lang.Integer.toString(counter)) + .png)): null

2018-12-13 00:24:55 - [TEST_STEP][PASSED] - Statement - counter = counter + 1: null

2018-12-13 00:24:55 - [TEST_STEP][PASSED] - Statement - PreSaveFile = new java.io.File(((pathPrefix + java.lang.Integer.toString(counter)) + .png)): null

2018-12-13 00:24:55 - [TEST_STEP][PASSED] - Statement - counter = counter + 1: null

2018-12-13 00:24:55 - [TEST_STEP][PASSED] - Statement - PreSaveFile = new java.io.File(((pathPrefix + java.lang.Integer.toString(counter)) + .png)): null

2018-12-13 00:24:55 - [TEST_STEP][PASSED] - Statement - counter = counter + 1: null

2018-12-13 00:24:55 - [TEST_STEP][PASSED] - Statement - PreSaveFile = new java.io.File(((pathPrefix + java.lang.Integer.toString(counter)) + .png)): null

2018-12-13 00:24:55 - [TEST_STEP][PASSED] - Statement - counter = counter + 1: null

2018-12-13 00:24:55 - [TEST_STEP][PASSED] - Statement - PreSaveFile = new java.io.File(((pathPrefix + java.lang.Integer.toString(counter)) + .png)): null

2018-12-13 00:24:55 - [TEST_STEP][PASSED] - Statement - counter = counter + 1: null

2018-12-13 00:24:55 - [TEST_STEP][PASSED] - Statement - PreSaveFile = new java.io.File(((pathPrefix + java.lang.Integer.toString(counter)) + .png)): null

2018-12-13 00:24:55 - [TEST_STEP][PASSED] - Statement - counter = counter + 1: null

2018-12-13 00:24:55 - [TEST_STEP][PASSED] - Statement - PreSaveFile = new java.io.File(((pathPrefix + java.lang.Integer.toString(counter)) + .png)): null

2018-12-13 00:24:55 - [TEST_STEP][PASSED] - Statement - counter = counter + 1: null

2018-12-13 00:24:55 - [TEST_STEP][PASSED] - Statement - PreSaveFile = new java.io.File(((pathPrefix + java.lang.Integer.toString(counter)) + .png)): null

2018-12-13 00:24:55 - [TEST_STEP][PASSED] - Statement - counter = counter + 1: null

2018-12-13 00:24:55 - [TEST_STEP][PASSED] - Statement - PreSaveFile = new java.io.File(((pathPrefix + java.lang.Integer.toString(counter)) + .png)): null

2018-12-13 00:24:55 - [TEST_STEP][PASSED] - Statement - counter = counter + 1: null

2018-12-13 00:24:55 - [TEST_STEP][PASSED] - Statement - PreSaveFile = new java.io.File(((pathPrefix + java.lang.Integer.toString(counter)) + .png)): null

2018-12-13 00:24:55 - [TEST_STEP][PASSED] - Statement - counter = counter + 1: null

2018-12-13 00:24:55 - [TEST_STEP][PASSED] - Statement - PreSaveFile = new java.io.File(((pathPrefix + java.lang.Integer.toString(counter)) + .png)): null

2018-12-13 00:24:55 - [TEST_STEP][PASSED] - Statement - counter = counter + 1: null

2018-12-13 00:24:55 - [TEST_STEP][PASSED] - Statement - PreSaveFile = new java.io.File(((pathPrefix + java.lang.Integer.toString(counter)) + .png)): null

2018-12-13 00:24:55 - [TEST_STEP][PASSED] - Statement - counter = counter + 1: null

2018-12-13 00:24:55 - [TEST_STEP][PASSED] - Statement - PreSaveFile = new java.io.File(((pathPrefix + java.lang.Integer.toString(counter)) + .png)): null

2018-12-13 00:24:55 - [TEST_STEP][PASSED] - Statement - counter = counter + 1: null

2018-12-13 00:24:55 - [TEST_STEP][PASSED] - Statement - PreSaveFile = new java.io.File(((pathPrefix + java.lang.Integer.toString(counter)) + .png)): null

2018-12-13 00:24:55 - [TEST_STEP][PASSED] - Statement - counter = counter + 1: null

2018-12-13 00:24:55 - [TEST_STEP][PASSED] - Statement - PreSaveFile = new java.io.File(((pathPrefix + java.lang.Integer.toString(counter)) + .png)): null

2018-12-13 00:24:55 - [TEST_STEP][PASSED] - Statement - counter = counter + 1: null

2018-12-13 00:24:55 - [TEST_STEP][PASSED] - Statement - PreSaveFile = new java.io.File(((pathPrefix + java.lang.Integer.toString(counter)) + .png)): null

2018-12-13 00:24:55 - [TEST_STEP][PASSED] - Statement - counter = counter + 1: null

2018-12-13 00:24:55 - [TEST_STEP][PASSED] - Statement - PreSaveFile = new java.io.File(((pathPrefix + java.lang.Integer.toString(counter)) + .png)): null

2018-12-13 00:24:55 - [TEST_STEP][PASSED] - Statement - counter = counter + 1: null

2018-12-13 00:24:55 - [TEST_STEP][PASSED] - Statement - PreSaveFile = new java.io.File(((pathPrefix + java.lang.Integer.toString(counter)) + .png)): null

2018-12-13 00:24:55 - [TEST_STEP][PASSED] - Statement - counter = counter + 1: null

2018-12-13 00:24:55 - [TEST_STEP][PASSED] - Statement - PreSaveFile = new java.io.File(((pathPrefix + java.lang.Integer.toString(counter)) + .png)): null

2018-12-13 00:24:55 - [TEST_STEP][PASSED] - Statement - counter = counter + 1: null

2018-12-13 00:24:55 - [TEST_STEP][PASSED] - Statement - PreSaveFile = new java.io.File(((pathPrefix + java.lang.Integer.toString(counter)) + .png)): null

2018-12-13 00:24:55 - [TEST_STEP][PASSED] - Statement - counter = counter + 1: null

2018-12-13 00:24:55 - [TEST_STEP][PASSED] - Statement - PreSaveFile = new java.io.File(((pathPrefix + java.lang.Integer.toString(counter)) + .png)): null

2018-12-13 00:24:55 - [TEST_STEP][PASSED] - Statement - counter = counter + 1: null

2018-12-13 00:24:55 - [TEST_STEP][PASSED] - Statement - PreSaveFile = new java.io.File(((pathPrefix + java.lang.Integer.toString(counter)) + .png)): null

2018-12-13 00:24:55 - [TEST_STEP][PASSED] - Statement - counter = counter + 1: null

2018-12-13 00:24:55 - [TEST_STEP][PASSED] - Statement - PreSaveFile = new java.io.File(((pathPrefix + java.lang.Integer.toString(counter)) + .png)): null

2018-12-13 00:24:55 - [TEST_STEP][PASSED] - Statement - counter = counter + 1: null

2018-12-13 00:24:55 - [TEST_STEP][PASSED] - Statement - PreSaveFile = new java.io.File(((pathPrefix + java.lang.Integer.toString(counter)) + .png)): null

2018-12-13 00:24:55 - [TEST_STEP][PASSED] - Statement - counter = counter + 1: null

2018-12-13 00:24:55 - [TEST_STEP][PASSED] - Statement - PreSaveFile = new java.io.File(((pathPrefix + java.lang.Integer.toString(counter)) + .png)): null

2018-12-13 00:24:55 - [TEST_STEP][PASSED] - Statement - counter = counter + 1: null

2018-12-13 00:24:55 - [TEST_STEP][PASSED] - Statement - PreSaveFile = new java.io.File(((pathPrefix + java.lang.Integer.toString(counter)) + .png)): null

2018-12-13 00:24:55 - [TEST_STEP][PASSED] - Statement - counter = counter + 1: null

2018-12-13 00:24:55 - [TEST_STEP][PASSED] - Statement - PreSaveFile = new java.io.File(((pathPrefix + java.lang.Integer.toString(counter)) + .png)): null

2018-12-13 00:24:55 - [TEST_STEP][PASSED] - Statement - counter = counter + 1: null

2018-12-13 00:24:55 - [TEST_STEP][PASSED] - Statement - PreSaveFile = new java.io.File(((pathPrefix + java.lang.Integer.toString(counter)) + .png)): null

2018-12-13 00:24:55 - [TEST_STEP][PASSED] - Statement - counter = counter + 1: null

2018-12-13 00:24:55 - [TEST_STEP][PASSED] - Statement - PreSaveFile = new java.io.File(((pathPrefix + java.lang.Integer.toString(counter)) + .png)): null

2018-12-13 00:24:55 - [TEST_STEP][PASSED] - Statement - counter = counter + 1: null

2018-12-13 00:24:55 - [TEST_STEP][PASSED] - Statement - PreSaveFile = new java.io.File(((pathPrefix + java.lang.Integer.toString(counter)) + .png)): null

2018-12-13 00:24:55 - [TEST_STEP][PASSED] - Statement - counter = counter + 1: null

2018-12-13 00:24:55 - [TEST_STEP][PASSED] - Statement - PreSaveFile = new java.io.File(((pathPrefix + java.lang.Integer.toString(counter)) + .png)): null

2018-12-13 00:24:55 - [TEST_STEP][PASSED] - Statement - counter = counter + 1: null

2018-12-13 00:24:55 - [TEST_STEP][PASSED] - Statement - PreSaveFile = new java.io.File(((pathPrefix + java.lang.Integer.toString(counter)) + .png)): null

2018-12-13 00:24:55 - [TEST_STEP][PASSED] - Statement - counter = counter + 1: null

2018-12-13 00:24:55 - [TEST_STEP][PASSED] - Statement - PreSaveFile = new java.io.File(((pathPrefix + java.lang.Integer.toString(counter)) + .png)): null

2018-12-13 00:24:55 - [TEST_STEP][PASSED] - Statement - counter = counter + 1: null

2018-12-13 00:24:55 - [TEST_STEP][PASSED] - Statement - PreSaveFile = new java.io.File(((pathPrefix + java.lang.Integer.toString(counter)) + .png)): null

2018-12-13 00:24:55 - [TEST_STEP][PASSED] - Statement - counter = counter + 1: null

2018-12-13 00:24:55 - [TEST_STEP][PASSED] - Statement - PreSaveFile = new java.io.File(((pathPrefix + java.lang.Integer.toString(counter)) + .png)): null

2018-12-13 00:24:55 - [TEST_STEP][PASSED] - Statement - counter = counter + 1: null

2018-12-13 00:24:55 - [TEST_STEP][PASSED] - Statement - PreSaveFile = new java.io.File(((pathPrefix + java.lang.Integer.toString(counter)) + .png)): null

2018-12-13 00:24:55 - [TEST_STEP][PASSED] - Statement - counter = counter + 1: null

2018-12-13 00:24:55 - [TEST_STEP][PASSED] - Statement - PreSaveFile = new java.io.File(((pathPrefix + java.lang.Integer.toString(counter)) + .png)): null

2018-12-13 00:24:55 - [TEST_STEP][PASSED] - Statement - counter = counter + 1: null

2018-12-13 00:24:55 - [TEST_STEP][PASSED] - Statement - PreSaveFile = new java.io.File(((pathPrefix + java.lang.Integer.toString(counter)) + .png)): null

2018-12-13 00:24:55 - [TEST_STEP][PASSED] - Statement - counter = counter + 1: null

2018-12-13 00:24:55 - [TEST_STEP][PASSED] - Statement - PreSaveFile = new java.io.File(((pathPrefix + java.lang.Integer.toString(counter)) + .png)): null

2018-12-13 00:24:55 - [TEST_STEP][PASSED] - Statement - counter = counter + 1: null

2018-12-13 00:24:55 - [TEST_STEP][PASSED] - Statement - PreSaveFile = new java.io.File(((pathPrefix + java.lang.Integer.toString(counter)) + .png)): null

2018-12-13 00:24:55 - [TEST_STEP][PASSED] - Statement - counter = counter + 1: null

2018-12-13 00:24:55 - [TEST_STEP][PASSED] - Statement - PreSaveFile = new java.io.File(((pathPrefix + java.lang.Integer.toString(counter)) + .png)): null

2018-12-13 00:24:55 - [TEST_STEP][PASSED] - Statement - counter = counter + 1: null

2018-12-13 00:24:55 - [TEST_STEP][PASSED] - Statement - PreSaveFile = new java.io.File(((pathPrefix + java.lang.Integer.toString(counter)) + .png)): null

2018-12-13 00:24:55 - [TEST_STEP][PASSED] - Statement - finalPath = pathPrefix + java.lang.Integer.toString(counter) + ".png": null

2018-12-13 00:24:55 - [TEST_STEP][PASSED] - Statement - SaveFile = new java.io.File(finalPath): null

2018-12-13 00:24:55 - [TEST_STEP][PASSED] - Statement - Try: null

2018-12-13 00:24:55 - [TEST_STEP][PASSED] - Statement - org.apache.commons.io.FileUtils.copyFile(scrFile, SaveFile): null

2018-12-13 00:24:55 - [TEST_STEP][PASSED] - Statement - out.println("file kept"): null

2018-12-13 00:24:55 - [TEST_STEP][PASSED] - delay: Delayed 10 second(s)

2018-12-13 00:25:05 - [MESSAGE][PASSED] - Delayed 10 second(s)

2018-12-13 00:25:05 - [MESSAGE][PASSED] - Call Test Case 'Test Cases/Final Aug 2018 - PKS Automation/Registration Module/New Registration/Submit and Screenshot/Submit Registration and Screenshot' successfully

2018-12-13 00:25:05 - [TEST_STEP][PASSED] - callTestCase: Call Test Case 'Test Cases/Final Aug 2018 - PKS Automation/Registration Module/Log Out/log out avoiding katalon tagging' successfully

2018-12-13 00:25:05 - [TEST_CASE][PASSED] - Test Cases/Final Aug 2018 - PKS Automation/Registration Module/Log Out/log out avoiding katalon tagging: Test Cases/Final Aug 2018 - PKS Automation/Registration Module/Log Out/log out avoiding katalon tagging

2018-12-13 00:25:05 - [TEST_STEP][PASSED] - navigateToUrl: Navigate to 'https://assist2-uat.perkeso.gov.my/c/portal/logout' successfully

2018-12-13 00:25:06 - [MESSAGE][PASSED] - Navigate to 'https://assist2-uat.perkeso.gov.my/c/portal/logout' successfully

2018-12-13 00:25:06 - [MESSAGE][PASSED] - Call Test Case 'Test Cases/Final Aug 2018 - PKS Automation/Registration Module/Log Out/log out avoiding katalon tagging' successfully

2018-12-13 00:25:06 - [TEST_STEP][PASSED] - callTestCase: Call Test Case 'Test Cases/Final Aug 2018 - PKS Automation/Common/Workflow Owner Finder' successfully

2018-12-13 00:25:06 - [TEST_CASE][PASSED] - Test Cases/Final Aug 2018 - PKS Automation/Common/Workflow Owner Finder: Test Cases/Final Aug 2018 - PKS Automation/Common/Workflow Owner Finder

2018-12-13 00:25:06 - [TEST_STEP][PASSED] - openBrowser: Browser is opened with url: ''

2018-12-13 00:25:06 - [MESSAGE][WARNING] - A browser is already opened. Closing browser and opening a new one

2018-12-13 00:25:10 - [MESSAGE][PASSED] - Browser is opened with url: ''

2018-12-13 00:25:10 - [TEST_STEP][PASSED] - navigateToUrl: Navigate to 'https://assist2-uat.perkeso.gov.my/login' successfully

2018-12-13 00:25:11 - [MESSAGE][PASSED] - Navigate to 'https://assist2-uat.perkeso.gov.my/login' successfully

2018-12-13 00:25:11 - [TEST_STEP][PASSED] - delay: Delayed 5 second(s)

2018-12-13 00:25:16 - [MESSAGE][PASSED] - Delayed 5 second(s)

2018-12-13 00:25:16 - [TEST_STEP][PASSED] - setText: Text 'test@liferay.com' is set on object 'Object Repository/Final Object Repo/Login Page/Internal User/Email Address'

2018-12-13 00:25:17 - [MESSAGE][PASSED] - Text 'test@liferay.com' is set on object 'Object Repository/Final Object Repo/Login Page/Internal User/Email Address'

2018-12-13 00:25:17 - [TEST_STEP][PASSED] - click: Object: 'Object Repository/Final Object Repo/Login Page/Internal User/Next Button' is clicked on

2018-12-13 00:25:17 - [MESSAGE][PASSED] - Object: 'Object Repository/Final Object Repo/Login Page/Internal User/Next Button' is clicked on

2018-12-13 00:25:17 - [TEST_STEP][PASSED] - delay: Delayed 2 second(s)

2018-12-13 00:25:19 - [MESSAGE][PASSED] - Delayed 2 second(s)

2018-12-13 00:25:19 - [TEST_STEP][PASSED] - setText: Text 'test' is set on object 'Object Repository/Final Object Repo/Login Page/Internal User/Password'

2018-12-13 00:25:19 - [MESSAGE][PASSED] - Text 'test' is set on object 'Object Repository/Final Object Repo/Login Page/Internal User/Password'

2018-12-13 00:25:19 - [TEST_STEP][PASSED] - delay: Delayed 2 second(s)

2018-12-13 00:25:21 - [MESSAGE][PASSED] - Delayed 2 second(s)

2018-12-13 00:25:21 - [TEST_STEP][PASSED] - click: Object: 'Object Repository/Final Object Repo/Login Page/Internal User/Login Button' is clicked on

2018-12-13 00:25:21 - [MESSAGE][PASSED] - Object: 'Object Repository/Final Object Repo/Login Page/Internal User/Login Button' is clicked on

2018-12-13 00:25:21 - [TEST_STEP][PASSED] - Statement - tester = com.kms.katalon.core.testobject.ObjectRepository.findTestObject(Final Object Repo/Landing Page/Select to English): Finding Test Object with id 'Object Repository/Final Object Repo/Landing Page/Select to English'

2018-12-13 00:25:21 - [TEST_STEP][PASSED] - Statement - Try: Delayed 2 second(s)

2018-12-13 00:25:21 - [TEST_STEP][PASSED] - Statement - Checker = com.kms.katalon.core.webui.keyword.WebUiBuiltInKeywords.verifyElementNotPresent(tester, 3): Web element with id: 'Object Repository/Final Object Repo/Landing Page/Select to English' located by 'By.xpath: //a[@class = 'taglib-language-list-text' and @lang = 'en-US' and (contains(text(), 'EN') or contains(., 'EN'))]' is not present after '3' second(s)

2018-12-13 00:25:23 - [MESSAGE][PASSED] - Web element with id: 'Object Repository/Final Object Repo/Landing Page/Select to English' located by 'By.xpath: //a[@class = 'taglib-language-list-text' and @lang = 'en-US' and (contains(text(), 'EN') or contains(., 'EN'))]' is not present after '3' second(s)

2018-12-13 00:25:23 - [TEST_STEP][PASSED] - Statement - If (Checker == false): null

2018-12-13 00:25:23 - [TEST_STEP][PASSED] - delay: Delayed 2 second(s)

2018-12-13 00:25:25 - [MESSAGE][PASSED] - Delayed 2 second(s)

2018-12-13 00:25:25 - [TEST_STEP][PASSED] - delay: Delayed 5 second(s)

2018-12-13 00:25:30 - [MESSAGE][PASSED] - Delayed 5 second(s)

2018-12-13 00:25:30 - [TEST_STEP][PASSED] - mouseOver: Object: 'Object Repository/Final Object Repo/Landing Page/WorkFlow Menu' is hovered

2018-12-13 00:25:30 - [MESSAGE][PASSED] - Object: 'Object Repository/Final Object Repo/Landing Page/WorkFlow Menu' is hovered

2018-12-13 00:25:30 - [TEST_STEP][PASSED] - delay: Delayed 2 second(s)

2018-12-13 00:25:32 - [MESSAGE][PASSED] - Delayed 2 second(s)

2018-12-13 00:25:32 - [TEST_STEP][PASSED] - click: Object: 'Object Repository/Final Object Repo/Landing Page/Select to Workflow Listing' is clicked on

2018-12-13 00:25:33 - [MESSAGE][PASSED] - Object: 'Object Repository/Final Object Repo/Landing Page/Select to Workflow Listing' is clicked on

2018-12-13 00:25:33 - [TEST_STEP][PASSED] - delay: Delayed 2 second(s)

2018-12-13 00:25:35 - [MESSAGE][PASSED] - Delayed 2 second(s)

2018-12-13 00:25:35 - [TEST_STEP][PASSED] - click: Object: 'Object Repository/Final Object Repo/WorkFlow Listing Page/Search Information - To Put Ref No' is clicked on

2018-12-13 00:25:35 - [MESSAGE][PASSED] - Object: 'Object Repository/Final Object Repo/WorkFlow Listing Page/Search Information - To Put Ref No' is clicked on

2018-12-13 00:25:35 - [TEST_STEP][PASSED] - delay: Delayed 2 second(s)

2018-12-13 00:25:37 - [MESSAGE][PASSED] - Delayed 2 second(s)

2018-12-13 00:25:37 - [TEST_STEP][PASSED] - callTestCase: Call Test Case 'Test Cases/Final Aug 2018 - PKS Automation/Common/Reference Number Getter' successfully

2018-12-13 00:25:37 - [TEST_CASE][PASSED] - Test Cases/Final Aug 2018 - PKS Automation/Common/Reference Number Getter: Test Cases/Final Aug 2018 - PKS Automation/Common/Reference Number Getter

2018-12-13 00:25:37 - [TEST_STEP][PASSED] - Statement - Try: null

2018-12-13 00:25:37 - [TEST_STEP][PASSED] - Statement - RefNo = new java.io.File(C://Users//Admin//Desktop//PKS//Automation Reference Point//KatalonReference.txt): null

2018-12-13 00:25:37 - [TEST_STEP][PASSED] - Statement - bufferread = new java.io.BufferedReader(new java.io.FileReader(RefNo)): null

2018-12-13 00:25:37 - [TEST_STEP][PASSED] - Statement - readedVal = bufferread.readLine(): null

2018-12-13 00:25:37 - [TEST_STEP][PASSED] - Statement - out.println(CaseReferenceNo): null

2018-12-13 00:25:37 - [TEST_STEP][PASSED] - Statement - out.println(readedVal): null

2018-12-13 00:25:37 - [TEST_STEP][PASSED] - Statement - CaseReferenceNo = "": null

2018-12-13 00:25:37 - [TEST_STEP][PASSED] - Statement - CaseReferenceNo = readedVal: null

2018-12-13 00:25:37 - [MESSAGE][PASSED] - Call Test Case 'Test Cases/Final Aug 2018 - PKS Automation/Common/Reference Number Getter' successfully

2018-12-13 00:25:37 - [TEST_STEP][PASSED] - setText: Text 'CRN12201800123252' is set on object 'Object Repository/Final Object Repo/WorkFlow Listing Page/Ref No Set Text'

2018-12-13 00:25:38 - [MESSAGE][PASSED] - Text 'CRN12201800123252' is set on object 'Object Repository/Final Object Repo/WorkFlow Listing Page/Ref No Set Text'

2018-12-13 00:25:38 - [TEST_STEP][PASSED] - delay: Delayed 2 second(s)

2018-12-13 00:25:40 - [MESSAGE][PASSED] - Delayed 2 second(s)

2018-12-13 00:25:40 - [TEST_STEP][PASSED] - click: Object: 'Object Repository/Final Object Repo/WorkFlow Listing Page/Search Ref No Search Button' is clicked on

2018-12-13 00:25:40 - [MESSAGE][PASSED] - Object: 'Object Repository/Final Object Repo/WorkFlow Listing Page/Search Ref No Search Button' is clicked on

2018-12-13 00:25:40 - [TEST_STEP][PASSED] - delay: Delayed 6 second(s)

2018-12-13 00:25:46 - [MESSAGE][PASSED] - Delayed 6 second(s)

2018-12-13 00:25:46 - [TEST_STEP][PASSED] - click: Object: 'Object Repository/Final Object Repo/WorkFlow Listing Page/Click Continue Tooltip' is clicked on

2018-12-13 00:25:47 - [MESSAGE][PASSED] - Object: 'Object Repository/Final Object Repo/WorkFlow Listing Page/Click Continue Tooltip' is clicked on

2018-12-13 00:25:47 - [TEST_STEP][PASSED] - delay: Delayed 5 second(s)

2018-12-13 00:25:52 - [MESSAGE][PASSED] - Delayed 5 second(s)

2018-12-13 00:25:52 - [TEST_STEP][PASSED] - doubleClick: Object: 'Object Repository/Final Object Repo/WorkFlow Listing Page/Workflow Found - Listing 1' is double clicked on

2018-12-13 00:25:52 - [MESSAGE][PASSED] - Object: 'Object Repository/Final Object Repo/WorkFlow Listing Page/Workflow Found - Listing 1' is double clicked on

2018-12-13 00:25:52 - [TEST_STEP][PASSED] - Statement - println(OwnerID): null

2018-12-13 00:25:52 - [TEST_STEP][PASSED] - Statement - OwnerID = com.kms.katalon.core.webui.keyword.WebUiBuiltInKeywords.getText(com.kms.katalon.core.testobject.ObjectRepository.findTestObject(Final Object Repo/WorkFlow Listing Page/Workflow Found - Listing 1), STOP_ON_FAILURE): Text of object 'Object Repository/Final Object Repo/WorkFlow Listing Page/Workflow Found - Listing 1' is: 'JOHORro2'

2018-12-13 00:25:52 - [MESSAGE][PASSED] - Text of object 'Object Repository/Final Object Repo/WorkFlow Listing Page/Workflow Found - Listing 1' is: 'JOHORro2'

2018-12-13 00:25:52 - [TEST_STEP][PASSED] - Statement - OwnerID = OwnerID.toLowerCase() + "@gmail.com": null

2018-12-13 00:25:52 - [TEST_STEP][PASSED] - Statement - println(OwnerID): null

2018-12-13 00:25:52 - [TEST_STEP][PASSED] - delay: Delayed 2 second(s)

2018-12-13 00:25:54 - [MESSAGE][PASSED] - Delayed 2 second(s)

2018-12-13 00:25:54 - [MESSAGE][PASSED] - Call Test Case 'Test Cases/Final Aug 2018 - PKS Automation/Common/Workflow Owner Finder' successfully

2018-12-13 00:25:54 - [TEST_STEP][PASSED] - callTestCase: Call Test Case 'Test Cases/Final Aug 2018 - PKS Automation/Registration Module/Log Out/log out avoiding katalon tagging' successfully

2018-12-13 00:25:54 - [TEST_CASE][PASSED] - Test Cases/Final Aug 2018 - PKS Automation/Registration Module/Log Out/log out avoiding katalon tagging: Test Cases/Final Aug 2018 - PKS Automation/Registration Module/Log Out/log out avoiding katalon tagging

2018-12-13 00:25:54 - [TEST_STEP][PASSED] - navigateToUrl: Navigate to 'https://assist2-uat.perkeso.gov.my/c/portal/logout' successfully

2018-12-13 00:25:55 - [MESSAGE][PASSED] - Navigate to 'https://assist2-uat.perkeso.gov.my/c/portal/logout' successfully

2018-12-13 00:25:55 - [MESSAGE][PASSED] - Call Test Case 'Test Cases/Final Aug 2018 - PKS Automation/Registration Module/Log Out/log out avoiding katalon tagging' successfully

2018-12-13 00:25:55 - [TEST_STEP][PASSED] - delay: Delayed 2 second(s)

2018-12-13 00:25:57 - [MESSAGE][PASSED] - Delayed 2 second(s)

2018-12-13 00:25:57 - [TEST_STEP][PASSED] - setText: Text 'johorro2@gmail.com' is set on object 'Object Repository/Final Object Repo/New Registration - Registration Module Pages/New Reg - OTC to RO/Special Case - All Related Objects/Email TextBox'

2018-12-13 00:25:57 - [MESSAGE][PASSED] - Text 'johorro2@gmail.com' is set on object 'Object Repository/Final Object Repo/New Registration - Registration Module Pages/New Reg - OTC to RO/Special Case - All Related Objects/Email TextBox'

2018-12-13 00:25:57 - [TEST_STEP][PASSED] - click: Object: 'Object Repository/Final Object Repo/New Registration - Registration Module Pages/New Reg - OTC to RO/Special Case - All Related Objects/Next Button' is clicked on

2018-12-13 00:25:58 - [MESSAGE][PASSED] - Object: 'Object Repository/Final Object Repo/New Registration - Registration Module Pages/New Reg - OTC to RO/Special Case - All Related Objects/Next Button' is clicked on

2018-12-13 00:25:58 - [TEST_STEP][PASSED] - delay: Delayed 2 second(s)

2018-12-13 00:26:00 - [MESSAGE][PASSED] - Delayed 2 second(s)

2018-12-13 00:26:00 - [TEST_STEP][PASSED] - setText: Text 'Test1@3456789' is set on object 'Object Repository/Final Object Repo/New Registration - Registration Module Pages/New Reg - OTC to RO/Special Case - All Related Objects/Password TextBox'

2018-12-13 00:26:00 - [MESSAGE][PASSED] - Text 'Test1@3456789' is set on object 'Object Repository/Final Object Repo/New Registration - Registration Module Pages/New Reg - OTC to RO/Special Case - All Related Objects/Password TextBox'

2018-12-13 00:26:00 - [TEST_STEP][PASSED] - delay: Delayed 2 second(s)

2018-12-13 00:26:02 - [MESSAGE][PASSED] - Delayed 2 second(s)

2018-12-13 00:26:02 - [TEST_STEP][PASSED] - click: Object: 'Object Repository/Final Object Repo/New Registration - Registration Module Pages/New Reg - OTC to RO/Special Case - All Related Objects/Login Button' is clicked on

2018-12-13 00:26:02 - [MESSAGE][PASSED] - Object: 'Object Repository/Final Object Repo/New Registration - Registration Module Pages/New Reg - OTC to RO/Special Case - All Related Objects/Login Button' is clicked on

2018-12-13 00:26:02 - [TEST_STEP][PASSED] - delay: Delayed 2 second(s)

2018-12-13 00:26:04 - [MESSAGE][PASSED] - Delayed 2 second(s)

2018-12-13 00:26:04 - [TEST_STEP][PASSED] - Statement - Try: null

2018-12-13 00:26:04 - [TEST_STEP][PASSED] - Statement - Checker = com.kms.katalon.core.webui.keyword.WebUiBuiltInKeywords.verifyElementNotPresent("Final Object Repo/Landing Page/Select to English", 3): null

2018-12-13 00:26:04 - [TEST_STEP][PASSED] - Statement - Catch (Exception e): null

2018-12-13 00:26:04 - [TEST_STEP][PASSED] - Statement - e.printStackTrace(): null

2018-12-13 00:26:04 - [TEST_STEP][PASSED] - click: Object: 'Object Repository/Final Object Repo/New Registration - Registration Module Pages/New Reg - OTC to RO/Special Case - All Related Objects/Expand to Search' is clicked on

2018-12-13 00:26:04 - [MESSAGE][PASSED] - Object: 'Object Repository/Final Object Repo/New Registration - Registration Module Pages/New Reg - OTC to RO/Special Case - All Related Objects/Expand to Search' is clicked on

2018-12-13 00:26:04 - [TEST_STEP][FAILED] - setText: Unable to set text 'CRN12201800123252' of object 'Object Repository/Final Object Repo/New Registration - Registration Module Pages/New Reg - OTC to RO/Special Case - All Related Objects/TextBox RefNo in Workbasket' (Root cause: org.openqa.selenium.ElementNotVisibleException: element not interactable
  (Session info: chrome=70.0.3538.110)
  (Driver info: chromedriver=2.43.600210 (68dcf5eebde37173d4027fa8635e332711d2874a),platform=Windows NT 6.1.7601 SP1 x86_64) (WARNING: The server did not provide any stacktrace information)
Command duration or timeout: 0 milliseconds
Build info: version: '3.7.1', revision: '8a0099a', time: '2017-11-06T21:07:36.161Z'
System info: host: 'WIN7TEST02', ip: '10.20.3.72', os.name: 'Windows 7', os.arch: 'amd64', os.version: '6.1', java.version: '1.8.0_181'
Driver info: com.kms.katalon.selenium.driver.CChromeDriver
Capabilities {acceptInsecureCerts: false, acceptSslCerts: false, applicationCacheEnabled: false, browserConnectionEnabled: false, browserName: chrome, chrome: {chromedriverVersion: 2.43.600210 (68dcf5eebde371..., userDataDir: C:\Users\Admin\AppData\Loca...}, cssSelectorsEnabled: true, databaseEnabled: false, goog:chromeOptions: {debuggerAddress: localhost:59519}, handlesAlerts: true, hasTouchScreen: false, javascriptEnabled: true, locationContextEnabled: true, mobileEmulationEnabled: false, nativeEvents: true, networkConnectionEnabled: false, pageLoadStrategy: normal, platform: XP, platformName: XP, rotatable: false, setWindowRect: true, takesHeapSnapshot: true, takesScreenshot: true, unexpectedAlertBehaviour: , unhandledPromptBehavior: , version: 70.0.3538.110, webStorageEnabled: true}
Session ID: 90ec7de5b152ba5779e2e9bc8c5c9116)

2018-12-13 00:26:05 - [MESSAGE][FAILED] - Unable to set text 'CRN12201800123252' of object 'Object Repository/Final Object Repo/New Registration - Registration Module Pages/New Reg - OTC to RO/Special Case - All Related Objects/TextBox RefNo in Workbasket' (Root cause: org.openqa.selenium.ElementNotVisibleException: element not interactable
  (Session info: chrome=70.0.3538.110)
  (Driver info: chromedriver=2.43.600210 (68dcf5eebde37173d4027fa8635e332711d2874a),platform=Windows NT 6.1.7601 SP1 x86_64) (WARNING: The server did not provide any stacktrace information)
Command duration or timeout: 0 milliseconds
Build info: version: '3.7.1', revision: '8a0099a', time: '2017-11-06T21:07:36.161Z'
System info: host: 'WIN7TEST02', ip: '10.20.3.72', os.name: 'Windows 7', os.arch: 'amd64', os.version: '6.1', java.version: '1.8.0_181'
Driver info: com.kms.katalon.selenium.driver.CChromeDriver
Capabilities {acceptInsecureCerts: false, acceptSslCerts: false, applicationCacheEnabled: false, browserConnectionEnabled: false, browserName: chrome, chrome: {chromedriverVersion: 2.43.600210 (68dcf5eebde371..., userDataDir: C:\Users\Admin\AppData\Loca...}, cssSelectorsEnabled: true, databaseEnabled: false, goog:chromeOptions: {debuggerAddress: localhost:59519}, handlesAlerts: true, hasTouchScreen: false, javascriptEnabled: true, locationContextEnabled: true, mobileEmulationEnabled: false, nativeEvents: true, networkConnectionEnabled: false, pageLoadStrategy: normal, platform: XP, platformName: XP, rotatable: false, setWindowRect: true, takesHeapSnapshot: true, takesScreenshot: true, unexpectedAlertBehaviour: , unhandledPromptBehavior: , version: 70.0.3538.110, webStorageEnabled: true}
Session ID: 90ec7de5b152ba5779e2e9bc8c5c9116)
[[ATTACHMENT|C:\\Users\\Admin\\Desktop\\PKS\\Perkeso Phase A\\Reports\\Workflow\\New Registration\\20181212_204826\\1544631964878.png]]

2018-12-13 00:26:05 - [TEST_STEP][PASSED] - delay: Delayed 2 second(s)

2018-12-13 00:26:07 - [MESSAGE][PASSED] - Delayed 2 second(s)

2018-12-13 00:26:07 - [TEST_STEP][PASSED] - click: Object: 'Object Repository/Final Object Repo/New Registration - Registration Module Pages/New Reg - OTC to RO/Special Case - All Related Objects/Click Search' is clicked on

2018-12-13 00:26:07 - [MESSAGE][PASSED] - Object: 'Object Repository/Final Object Repo/New Registration - Registration Module Pages/New Reg - OTC to RO/Special Case - All Related Objects/Click Search' is clicked on

2018-12-13 00:26:07 - [TEST_STEP][PASSED] - delay: Delayed 2 second(s)

2018-12-13 00:26:09 - [MESSAGE][PASSED] - Delayed 2 second(s)

2018-12-13 00:26:09 - [TEST_STEP][PASSED] - click: Object: 'Object Repository/Final Object Repo/New Registration - Registration Module Pages/New Reg - OTC to RO/Special Case - All Related Objects/Click to Continue Workflow' is clicked on

2018-12-13 00:26:12 - [MESSAGE][PASSED] - Object: 'Object Repository/Final Object Repo/New Registration - Registration Module Pages/New Reg - OTC to RO/Special Case - All Related Objects/Click to Continue Workflow' is clicked on

2018-12-13 00:26:12 - [TEST_STEP][PASSED] - delay: Delayed 2 second(s)

2018-12-13 00:26:14 - [MESSAGE][PASSED] - Delayed 2 second(s)

2018-12-13 00:26:14 - [TEST_STEP][PASSED] - click: Object: 'Object Repository/Final Object Repo/New Registration - Registration Module Pages/New Reg - OTC to RO/Special Case - All Related Objects/Continue Button in verifying case' is clicked on

2018-12-13 00:26:16 - [MESSAGE][PASSED] - Object: 'Object Repository/Final Object Repo/New Registration - Registration Module Pages/New Reg - OTC to RO/Special Case - All Related Objects/Continue Button in verifying case' is clicked on

2018-12-13 00:26:16 - [TEST_STEP][PASSED] - delay: Delayed 2 second(s)

2018-12-13 00:26:18 - [MESSAGE][PASSED] - Delayed 2 second(s)

2018-12-13 00:26:18 - [TEST_STEP][PASSED] - click: Object: 'Object Repository/Final Object Repo/New Registration - Registration Module Pages/Form 1/Registered As a Branch - Yes' is clicked on

2018-12-13 00:26:18 - [MESSAGE][PASSED] - Object: 'Object Repository/Final Object Repo/New Registration - Registration Module Pages/Form 1/Registered As a Branch - Yes' is clicked on

2018-12-13 00:26:18 - [TEST_STEP][PASSED] - delay: Delayed 2 second(s)

2018-12-13 00:26:20 - [MESSAGE][PASSED] - Delayed 2 second(s)

2018-12-13 00:26:20 - [TEST_STEP][PASSED] - click: Object: 'Object Repository/Final Object Repo/New Registration - Registration Module Pages/New Reg - OTC to RO/Special Case - All Related Objects/Form 1 Save n Continue' is clicked on

2018-12-13 00:26:21 - [MESSAGE][PASSED] - Object: 'Object Repository/Final Object Repo/New Registration - Registration Module Pages/New Reg - OTC to RO/Special Case - All Related Objects/Form 1 Save n Continue' is clicked on

2018-12-13 00:26:21 - [TEST_STEP][PASSED] - delay: Delayed 2 second(s)

2018-12-13 00:26:23 - [MESSAGE][PASSED] - Delayed 2 second(s)

2018-12-13 00:26:23 - [TEST_STEP][PASSED] - click: Object: 'Object Repository/Final Object Repo/New Registration - Registration Module Pages/New Reg - OTC to RO/Special Case - All Related Objects/Form 2 Save n Continue' is clicked on

2018-12-13 00:26:23 - [MESSAGE][PASSED] - Object: 'Object Repository/Final Object Repo/New Registration - Registration Module Pages/New Reg - OTC to RO/Special Case - All Related Objects/Form 2 Save n Continue' is clicked on

2018-12-13 00:26:23 - [TEST_STEP][PASSED] - delay: Delayed 2 second(s)

2018-12-13 00:26:25 - [MESSAGE][PASSED] - Delayed 2 second(s)

2018-12-13 00:26:25 - [TEST_STEP][PASSED] - click: Object: 'Object Repository/Final Object Repo/New Registration - Registration Module Pages/New Reg - OTC to RO/Special Case - All Related Objects/Third Screen Save n Continue' is clicked on

2018-12-13 00:26:30 - [MESSAGE][PASSED] - Object: 'Object Repository/Final Object Repo/New Registration - Registration Module Pages/New Reg - OTC to RO/Special Case - All Related Objects/Third Screen Save n Continue' is clicked on

2018-12-13 00:26:30 - [TEST_STEP][PASSED] - delay: Delayed 5 second(s)

2018-12-13 00:26:35 - [MESSAGE][PASSED] - Delayed 5 second(s)

2018-12-13 00:26:35 - [TEST_STEP][PASSED] - click: Object: 'Object Repository/Final Object Repo/New Registration - Registration Module Pages/New Reg - OTC to RO/Special Case - All Related Objects/Upload Doc Page Save n Continue' is clicked on

2018-12-13 00:26:35 - [MESSAGE][PASSED] - Object: 'Object Repository/Final Object Repo/New Registration - Registration Module Pages/New Reg - OTC to RO/Special Case - All Related Objects/Upload Doc Page Save n Continue' is clicked on

2018-12-13 00:26:35 - [TEST_STEP][PASSED] - callTestCase: Call Test Case 'Test Cases/Final Aug 2018 - PKS Automation/Registration Module/New Registration/Submit and Screenshot/Submit Registration and Screenshot' successfully

2018-12-13 00:26:35 - [TEST_CASE][PASSED] - Test Cases/Final Aug 2018 - PKS Automation/Registration Module/New Registration/Submit and Screenshot/Submit Registration and Screenshot: Test Cases/Final Aug 2018 - PKS Automation/Registration Module/New Registration/Submit and Screenshot/Submit Registration and Screenshot

2018-12-13 00:26:35 - [TEST_STEP][PASSED] - delay: Delayed 6 second(s)

2018-12-13 00:26:41 - [MESSAGE][PASSED] - Delayed 6 second(s)

2018-12-13 00:26:41 - [TEST_STEP][PASSED] - click: Object: 'Object Repository/Final Object Repo/New Registration - Registration Module Pages/Third Screen - Upload Supporting Doc- Preview/Preview Submit Button' is clicked on

2018-12-13 00:26:41 - [MESSAGE][PASSED] - Object: 'Object Repository/Final Object Repo/New Registration - Registration Module Pages/Third Screen - Upload Supporting Doc- Preview/Preview Submit Button' is clicked on

2018-12-13 00:26:41 - [TEST_STEP][PASSED] - delay: Delayed 2 second(s)

2018-12-13 00:26:43 - [MESSAGE][PASSED] - Delayed 2 second(s)

2018-12-13 00:26:43 - [TEST_STEP][PASSED] - click: Object: 'Object Repository/Final Object Repo/New Registration - Registration Module Pages/Third Screen - Upload Supporting Doc- Preview/Preview Submit - Confirm' is clicked on

2018-12-13 00:26:43 - [MESSAGE][PASSED] - Object: 'Object Repository/Final Object Repo/New Registration - Registration Module Pages/Third Screen - Upload Supporting Doc- Preview/Preview Submit - Confirm' is clicked on

2018-12-13 00:26:43 - [TEST_STEP][PASSED] - delay: Delayed 15 second(s)

2018-12-13 00:26:58 - [MESSAGE][PASSED] - Delayed 15 second(s)

2018-12-13 00:26:58 - [TEST_STEP][PASSED] - Statement - driver = com.kms.katalon.core.webui.driver.DriverFactory.getWebDriver(): null

2018-12-13 00:26:58 - [TEST_STEP][PASSED] - Statement - driver.manage().timeouts().implicitlyWait(10, SECONDS): null

2018-12-13 00:26:58 - [TEST_STEP][PASSED] - Statement - PresavePath = KatalonScreenshots: null

2018-12-13 00:26:58 - [TEST_STEP][PASSED] - Statement - pathPrefix = "C:\Users\Public\Pictures\Sample Pictures\Katalon Screenshots\Automate Ending Screen": null

2018-12-13 00:26:58 - [TEST_STEP][PASSED] - Statement - finalPath = <not implemented yet for class: org.codehaus.groovy.ast.expr.EmptyExpression>: null

2018-12-13 00:26:58 - [TEST_STEP][PASSED] - Statement - scrFile = driver.getScreenshotAs(FILE): null

2018-12-13 00:26:59 - [TEST_STEP][PASSED] - Statement - PreSaveFile = new java.io.File(PresavePath): null

2018-12-13 00:26:59 - [TEST_STEP][PASSED] - Statement - counter = 0: null

2018-12-13 00:26:59 - [TEST_STEP][PASSED] - Statement - If (PreSaveFile.exists()): null

2018-12-13 00:26:59 - [TEST_STEP][PASSED] - Statement - While (PreSaveFile.exists()): null

2018-12-13 00:26:59 - [TEST_STEP][PASSED] - Statement - counter = counter + 1: null

2018-12-13 00:26:59 - [TEST_STEP][PASSED] - Statement - PreSaveFile = new java.io.File(((pathPrefix + java.lang.Integer.toString(counter)) + .png)): null

2018-12-13 00:26:59 - [TEST_STEP][PASSED] - Statement - counter = counter + 1: null

2018-12-13 00:26:59 - [TEST_STEP][PASSED] - Statement - PreSaveFile = new java.io.File(((pathPrefix + java.lang.Integer.toString(counter)) + .png)): null

2018-12-13 00:26:59 - [TEST_STEP][PASSED] - Statement - counter = counter + 1: null

2018-12-13 00:26:59 - [TEST_STEP][PASSED] - Statement - PreSaveFile = new java.io.File(((pathPrefix + java.lang.Integer.toString(counter)) + .png)): null

2018-12-13 00:26:59 - [TEST_STEP][PASSED] - Statement - counter = counter + 1: null

2018-12-13 00:26:59 - [TEST_STEP][PASSED] - Statement - PreSaveFile = new java.io.File(((pathPrefix + java.lang.Integer.toString(counter)) + .png)): null

2018-12-13 00:26:59 - [TEST_STEP][PASSED] - Statement - counter = counter + 1: null

2018-12-13 00:26:59 - [TEST_STEP][PASSED] - Statement - PreSaveFile = new java.io.File(((pathPrefix + java.lang.Integer.toString(counter)) + .png)): null

2018-12-13 00:26:59 - [TEST_STEP][PASSED] - Statement - counter = counter + 1: null

2018-12-13 00:26:59 - [TEST_STEP][PASSED] - Statement - PreSaveFile = new java.io.File(((pathPrefix + java.lang.Integer.toString(counter)) + .png)): null

2018-12-13 00:26:59 - [TEST_STEP][PASSED] - Statement - counter = counter + 1: null

2018-12-13 00:26:59 - [TEST_STEP][PASSED] - Statement - PreSaveFile = new java.io.File(((pathPrefix + java.lang.Integer.toString(counter)) + .png)): null

2018-12-13 00:26:59 - [TEST_STEP][PASSED] - Statement - counter = counter + 1: null

2018-12-13 00:26:59 - [TEST_STEP][PASSED] - Statement - PreSaveFile = new java.io.File(((pathPrefix + java.lang.Integer.toString(counter)) + .png)): null

2018-12-13 00:26:59 - [TEST_STEP][PASSED] - Statement - counter = counter + 1: null

2018-12-13 00:26:59 - [TEST_STEP][PASSED] - Statement - PreSaveFile = new java.io.File(((pathPrefix + java.lang.Integer.toString(counter)) + .png)): null

2018-12-13 00:26:59 - [TEST_STEP][PASSED] - Statement - counter = counter + 1: null

2018-12-13 00:26:59 - [TEST_STEP][PASSED] - Statement - PreSaveFile = new java.io.File(((pathPrefix + java.lang.Integer.toString(counter)) + .png)): null

2018-12-13 00:26:59 - [TEST_STEP][PASSED] - Statement - counter = counter + 1: null

2018-12-13 00:26:59 - [TEST_STEP][PASSED] - Statement - PreSaveFile = new java.io.File(((pathPrefix + java.lang.Integer.toString(counter)) + .png)): null

2018-12-13 00:26:59 - [TEST_STEP][PASSED] - Statement - counter = counter + 1: null

2018-12-13 00:26:59 - [TEST_STEP][PASSED] - Statement - PreSaveFile = new java.io.File(((pathPrefix + java.lang.Integer.toString(counter)) + .png)): null

2018-12-13 00:26:59 - [TEST_STEP][PASSED] - Statement - counter = counter + 1: null

2018-12-13 00:26:59 - [TEST_STEP][PASSED] - Statement - PreSaveFile = new java.io.File(((pathPrefix + java.lang.Integer.toString(counter)) + .png)): null

2018-12-13 00:26:59 - [TEST_STEP][PASSED] - Statement - counter = counter + 1: null

2018-12-13 00:26:59 - [TEST_STEP][PASSED] - Statement - PreSaveFile = new java.io.File(((pathPrefix + java.lang.Integer.toString(counter)) + .png)): null

2018-12-13 00:26:59 - [TEST_STEP][PASSED] - Statement - counter = counter + 1: null

2018-12-13 00:26:59 - [TEST_STEP][PASSED] - Statement - PreSaveFile = new java.io.File(((pathPrefix + java.lang.Integer.toString(counter)) + .png)): null

2018-12-13 00:26:59 - [TEST_STEP][PASSED] - Statement - counter = counter + 1: null

2018-12-13 00:26:59 - [TEST_STEP][PASSED] - Statement - PreSaveFile = new java.io.File(((pathPrefix + java.lang.Integer.toString(counter)) + .png)): null

2018-12-13 00:26:59 - [TEST_STEP][PASSED] - Statement - counter = counter + 1: null

2018-12-13 00:26:59 - [TEST_STEP][PASSED] - Statement - PreSaveFile = new java.io.File(((pathPrefix + java.lang.Integer.toString(counter)) + .png)): null

2018-12-13 00:26:59 - [TEST_STEP][PASSED] - Statement - counter = counter + 1: null

2018-12-13 00:26:59 - [TEST_STEP][PASSED] - Statement - PreSaveFile = new java.io.File(((pathPrefix + java.lang.Integer.toString(counter)) + .png)): null

2018-12-13 00:26:59 - [TEST_STEP][PASSED] - Statement - counter = counter + 1: null

2018-12-13 00:26:59 - [TEST_STEP][PASSED] - Statement - PreSaveFile = new java.io.File(((pathPrefix + java.lang.Integer.toString(counter)) + .png)): null

2018-12-13 00:26:59 - [TEST_STEP][PASSED] - Statement - counter = counter + 1: null

2018-12-13 00:26:59 - [TEST_STEP][PASSED] - Statement - PreSaveFile = new java.io.File(((pathPrefix + java.lang.Integer.toString(counter)) + .png)): null

2018-12-13 00:26:59 - [TEST_STEP][PASSED] - Statement - counter = counter + 1: null

2018-12-13 00:26:59 - [TEST_STEP][PASSED] - Statement - PreSaveFile = new java.io.File(((pathPrefix + java.lang.Integer.toString(counter)) + .png)): null

2018-12-13 00:26:59 - [TEST_STEP][PASSED] - Statement - counter = counter + 1: null

2018-12-13 00:26:59 - [TEST_STEP][PASSED] - Statement - PreSaveFile = new java.io.File(((pathPrefix + java.lang.Integer.toString(counter)) + .png)): null

2018-12-13 00:26:59 - [TEST_STEP][PASSED] - Statement - counter = counter + 1: null

2018-12-13 00:26:59 - [TEST_STEP][PASSED] - Statement - PreSaveFile = new java.io.File(((pathPrefix + java.lang.Integer.toString(counter)) + .png)): null

2018-12-13 00:26:59 - [TEST_STEP][PASSED] - Statement - counter = counter + 1: null

2018-12-13 00:26:59 - [TEST_STEP][PASSED] - Statement - PreSaveFile = new java.io.File(((pathPrefix + java.lang.Integer.toString(counter)) + .png)): null

2018-12-13 00:26:59 - [TEST_STEP][PASSED] - Statement - counter = counter + 1: null

2018-12-13 00:26:59 - [TEST_STEP][PASSED] - Statement - PreSaveFile = new java.io.File(((pathPrefix + java.lang.Integer.toString(counter)) + .png)): null

2018-12-13 00:26:59 - [TEST_STEP][PASSED] - Statement - counter = counter + 1: null

2018-12-13 00:26:59 - [TEST_STEP][PASSED] - Statement - PreSaveFile = new java.io.File(((pathPrefix + java.lang.Integer.toString(counter)) + .png)): null

2018-12-13 00:26:59 - [TEST_STEP][PASSED] - Statement - counter = counter + 1: null

2018-12-13 00:26:59 - [TEST_STEP][PASSED] - Statement - PreSaveFile = new java.io.File(((pathPrefix + java.lang.Integer.toString(counter)) + .png)): null

2018-12-13 00:26:59 - [TEST_STEP][PASSED] - Statement - counter = counter + 1: null

2018-12-13 00:26:59 - [TEST_STEP][PASSED] - Statement - PreSaveFile = new java.io.File(((pathPrefix + java.lang.Integer.toString(counter)) + .png)): null

2018-12-13 00:26:59 - [TEST_STEP][PASSED] - Statement - counter = counter + 1: null

2018-12-13 00:26:59 - [TEST_STEP][PASSED] - Statement - PreSaveFile = new java.io.File(((pathPrefix + java.lang.Integer.toString(counter)) + .png)): null

2018-12-13 00:26:59 - [TEST_STEP][PASSED] - Statement - counter = counter + 1: null

2018-12-13 00:26:59 - [TEST_STEP][PASSED] - Statement - PreSaveFile = new java.io.File(((pathPrefix + java.lang.Integer.toString(counter)) + .png)): null

2018-12-13 00:26:59 - [TEST_STEP][PASSED] - Statement - counter = counter + 1: null

2018-12-13 00:26:59 - [TEST_STEP][PASSED] - Statement - PreSaveFile = new java.io.File(((pathPrefix + java.lang.Integer.toString(counter)) + .png)): null

2018-12-13 00:26:59 - [TEST_STEP][PASSED] - Statement - counter = counter + 1: null

2018-12-13 00:26:59 - [TEST_STEP][PASSED] - Statement - PreSaveFile = new java.io.File(((pathPrefix + java.lang.Integer.toString(counter)) + .png)): null

2018-12-13 00:26:59 - [TEST_STEP][PASSED] - Statement - counter = counter + 1: null

2018-12-13 00:26:59 - [TEST_STEP][PASSED] - Statement - PreSaveFile = new java.io.File(((pathPrefix + java.lang.Integer.toString(counter)) + .png)): null

2018-12-13 00:26:59 - [TEST_STEP][PASSED] - Statement - counter = counter + 1: null

2018-12-13 00:26:59 - [TEST_STEP][PASSED] - Statement - PreSaveFile = new java.io.File(((pathPrefix + java.lang.Integer.toString(counter)) + .png)): null

2018-12-13 00:26:59 - [TEST_STEP][PASSED] - Statement - counter = counter + 1: null

2018-12-13 00:26:59 - [TEST_STEP][PASSED] - Statement - PreSaveFile = new java.io.File(((pathPrefix + java.lang.Integer.toString(counter)) + .png)): null

2018-12-13 00:26:59 - [TEST_STEP][PASSED] - Statement - counter = counter + 1: null

2018-12-13 00:26:59 - [TEST_STEP][PASSED] - Statement - PreSaveFile = new java.io.File(((pathPrefix + java.lang.Integer.toString(counter)) + .png)): null

2018-12-13 00:26:59 - [TEST_STEP][PASSED] - Statement - counter = counter + 1: null

2018-12-13 00:26:59 - [TEST_STEP][PASSED] - Statement - PreSaveFile = new java.io.File(((pathPrefix + java.lang.Integer.toString(counter)) + .png)): null

2018-12-13 00:26:59 - [TEST_STEP][PASSED] - Statement - counter = counter + 1: null

2018-12-13 00:26:59 - [TEST_STEP][PASSED] - Statement - PreSaveFile = new java.io.File(((pathPrefix + java.lang.Integer.toString(counter)) + .png)): null

2018-12-13 00:26:59 - [TEST_STEP][PASSED] - Statement - counter = counter + 1: null

2018-12-13 00:26:59 - [TEST_STEP][PASSED] - Statement - PreSaveFile = new java.io.File(((pathPrefix + java.lang.Integer.toString(counter)) + .png)): null

2018-12-13 00:26:59 - [TEST_STEP][PASSED] - Statement - counter = counter + 1: null

2018-12-13 00:26:59 - [TEST_STEP][PASSED] - Statement - PreSaveFile = new java.io.File(((pathPrefix + java.lang.Integer.toString(counter)) + .png)): null

2018-12-13 00:26:59 - [TEST_STEP][PASSED] - Statement - counter = counter + 1: null

2018-12-13 00:26:59 - [TEST_STEP][PASSED] - Statement - PreSaveFile = new java.io.File(((pathPrefix + java.lang.Integer.toString(counter)) + .png)): null

2018-12-13 00:26:59 - [TEST_STEP][PASSED] - Statement - counter = counter + 1: null

2018-12-13 00:26:59 - [TEST_STEP][PASSED] - Statement - PreSaveFile = new java.io.File(((pathPrefix + java.lang.Integer.toString(counter)) + .png)): null

2018-12-13 00:26:59 - [TEST_STEP][PASSED] - Statement - counter = counter + 1: null

2018-12-13 00:26:59 - [TEST_STEP][PASSED] - Statement - PreSaveFile = new java.io.File(((pathPrefix + java.lang.Integer.toString(counter)) + .png)): null

2018-12-13 00:26:59 - [TEST_STEP][PASSED] - Statement - counter = counter + 1: null

2018-12-13 00:26:59 - [TEST_STEP][PASSED] - Statement - PreSaveFile = new java.io.File(((pathPrefix + java.lang.Integer.toString(counter)) + .png)): null

2018-12-13 00:26:59 - [TEST_STEP][PASSED] - Statement - counter = counter + 1: null

2018-12-13 00:26:59 - [TEST_STEP][PASSED] - Statement - PreSaveFile = new java.io.File(((pathPrefix + java.lang.Integer.toString(counter)) + .png)): null

2018-12-13 00:26:59 - [TEST_STEP][PASSED] - Statement - counter = counter + 1: null

2018-12-13 00:26:59 - [TEST_STEP][PASSED] - Statement - PreSaveFile = new java.io.File(((pathPrefix + java.lang.Integer.toString(counter)) + .png)): null

2018-12-13 00:26:59 - [TEST_STEP][PASSED] - Statement - counter = counter + 1: null

2018-12-13 00:26:59 - [TEST_STEP][PASSED] - Statement - PreSaveFile = new java.io.File(((pathPrefix + java.lang.Integer.toString(counter)) + .png)): null

2018-12-13 00:26:59 - [TEST_STEP][PASSED] - Statement - counter = counter + 1: null

2018-12-13 00:26:59 - [TEST_STEP][PASSED] - Statement - PreSaveFile = new java.io.File(((pathPrefix + java.lang.Integer.toString(counter)) + .png)): null

2018-12-13 00:26:59 - [TEST_STEP][PASSED] - Statement - counter = counter + 1: null

2018-12-13 00:26:59 - [TEST_STEP][PASSED] - Statement - PreSaveFile = new java.io.File(((pathPrefix + java.lang.Integer.toString(counter)) + .png)): null

2018-12-13 00:26:59 - [TEST_STEP][PASSED] - Statement - counter = counter + 1: null

2018-12-13 00:26:59 - [TEST_STEP][PASSED] - Statement - PreSaveFile = new java.io.File(((pathPrefix + java.lang.Integer.toString(counter)) + .png)): null

2018-12-13 00:26:59 - [TEST_STEP][PASSED] - Statement - counter = counter + 1: null

2018-12-13 00:26:59 - [TEST_STEP][PASSED] - Statement - PreSaveFile = new java.io.File(((pathPrefix + java.lang.Integer.toString(counter)) + .png)): null

2018-12-13 00:26:59 - [TEST_STEP][PASSED] - Statement - counter = counter + 1: null

2018-12-13 00:26:59 - [TEST_STEP][PASSED] - Statement - PreSaveFile = new java.io.File(((pathPrefix + java.lang.Integer.toString(counter)) + .png)): null

2018-12-13 00:26:59 - [TEST_STEP][PASSED] - Statement - counter = counter + 1: null

2018-12-13 00:26:59 - [TEST_STEP][PASSED] - Statement - PreSaveFile = new java.io.File(((pathPrefix + java.lang.Integer.toString(counter)) + .png)): null

2018-12-13 00:26:59 - [TEST_STEP][PASSED] - Statement - counter = counter + 1: null

2018-12-13 00:26:59 - [TEST_STEP][PASSED] - Statement - PreSaveFile = new java.io.File(((pathPrefix + java.lang.Integer.toString(counter)) + .png)): null

2018-12-13 00:26:59 - [TEST_STEP][PASSED] - Statement - counter = counter + 1: null

2018-12-13 00:26:59 - [TEST_STEP][PASSED] - Statement - PreSaveFile = new java.io.File(((pathPrefix + java.lang.Integer.toString(counter)) + .png)): null

2018-12-13 00:26:59 - [TEST_STEP][PASSED] - Statement - counter = counter + 1: null

2018-12-13 00:26:59 - [TEST_STEP][PASSED] - Statement - PreSaveFile = new java.io.File(((pathPrefix + java.lang.Integer.toString(counter)) + .png)): null

2018-12-13 00:26:59 - [TEST_STEP][PASSED] - Statement - counter = counter + 1: null

2018-12-13 00:26:59 - [TEST_STEP][PASSED] - Statement - PreSaveFile = new java.io.File(((pathPrefix + java.lang.Integer.toString(counter)) + .png)): null

2018-12-13 00:26:59 - [TEST_STEP][PASSED] - Statement - counter = counter + 1: null

2018-12-13 00:26:59 - [TEST_STEP][PASSED] - Statement - PreSaveFile = new java.io.File(((pathPrefix + java.lang.Integer.toString(counter)) + .png)): null

2018-12-13 00:26:59 - [TEST_STEP][PASSED] - Statement - counter = counter + 1: null

2018-12-13 00:26:59 - [TEST_STEP][PASSED] - Statement - PreSaveFile = new java.io.File(((pathPrefix + java.lang.Integer.toString(counter)) + .png)): null

2018-12-13 00:26:59 - [TEST_STEP][PASSED] - Statement - counter = counter + 1: null

2018-12-13 00:26:59 - [TEST_STEP][PASSED] - Statement - PreSaveFile = new java.io.File(((pathPrefix + java.lang.Integer.toString(counter)) + .png)): null

2018-12-13 00:26:59 - [TEST_STEP][PASSED] - Statement - counter = counter + 1: null

2018-12-13 00:26:59 - [TEST_STEP][PASSED] - Statement - PreSaveFile = new java.io.File(((pathPrefix + java.lang.Integer.toString(counter)) + .png)): null

2018-12-13 00:26:59 - [TEST_STEP][PASSED] - Statement - counter = counter + 1: null

2018-12-13 00:26:59 - [TEST_STEP][PASSED] - Statement - PreSaveFile = new java.io.File(((pathPrefix + java.lang.Integer.toString(counter)) + .png)): null

2018-12-13 00:26:59 - [TEST_STEP][PASSED] - Statement - counter = counter + 1: null

2018-12-13 00:26:59 - [TEST_STEP][PASSED] - Statement - PreSaveFile = new java.io.File(((pathPrefix + java.lang.Integer.toString(counter)) + .png)): null

2018-12-13 00:26:59 - [TEST_STEP][PASSED] - Statement - counter = counter + 1: null

2018-12-13 00:26:59 - [TEST_STEP][PASSED] - Statement - PreSaveFile = new java.io.File(((pathPrefix + java.lang.Integer.toString(counter)) + .png)): null

2018-12-13 00:26:59 - [TEST_STEP][PASSED] - Statement - counter = counter + 1: null

2018-12-13 00:26:59 - [TEST_STEP][PASSED] - Statement - PreSaveFile = new java.io.File(((pathPrefix + java.lang.Integer.toString(counter)) + .png)): null

2018-12-13 00:26:59 - [TEST_STEP][PASSED] - Statement - counter = counter + 1: null

2018-12-13 00:26:59 - [TEST_STEP][PASSED] - Statement - PreSaveFile = new java.io.File(((pathPrefix + java.lang.Integer.toString(counter)) + .png)): null

2018-12-13 00:26:59 - [TEST_STEP][PASSED] - Statement - counter = counter + 1: null

2018-12-13 00:26:59 - [TEST_STEP][PASSED] - Statement - PreSaveFile = new java.io.File(((pathPrefix + java.lang.Integer.toString(counter)) + .png)): null

2018-12-13 00:26:59 - [TEST_STEP][PASSED] - Statement - counter = counter + 1: null

2018-12-13 00:26:59 - [TEST_STEP][PASSED] - Statement - PreSaveFile = new java.io.File(((pathPrefix + java.lang.Integer.toString(counter)) + .png)): null

2018-12-13 00:26:59 - [TEST_STEP][PASSED] - Statement - counter = counter + 1: null

2018-12-13 00:26:59 - [TEST_STEP][PASSED] - Statement - PreSaveFile = new java.io.File(((pathPrefix + java.lang.Integer.toString(counter)) + .png)): null

2018-12-13 00:26:59 - [TEST_STEP][PASSED] - Statement - counter = counter + 1: null

2018-12-13 00:26:59 - [TEST_STEP][PASSED] - Statement - PreSaveFile = new java.io.File(((pathPrefix + java.lang.Integer.toString(counter)) + .png)): null

2018-12-13 00:26:59 - [TEST_STEP][PASSED] - Statement - counter = counter + 1: null

2018-12-13 00:26:59 - [TEST_STEP][PASSED] - Statement - PreSaveFile = new java.io.File(((pathPrefix + java.lang.Integer.toString(counter)) + .png)): null

2018-12-13 00:26:59 - [TEST_STEP][PASSED] - Statement - counter = counter + 1: null

2018-12-13 00:26:59 - [TEST_STEP][PASSED] - Statement - PreSaveFile = new java.io.File(((pathPrefix + java.lang.Integer.toString(counter)) + .png)): null

2018-12-13 00:26:59 - [TEST_STEP][PASSED] - Statement - counter = counter + 1: null

2018-12-13 00:26:59 - [TEST_STEP][PASSED] - Statement - PreSaveFile = new java.io.File(((pathPrefix + java.lang.Integer.toString(counter)) + .png)): null

2018-12-13 00:26:59 - [TEST_STEP][PASSED] - Statement - counter = counter + 1: null

2018-12-13 00:26:59 - [TEST_STEP][PASSED] - Statement - PreSaveFile = new java.io.File(((pathPrefix + java.lang.Integer.toString(counter)) + .png)): null

2018-12-13 00:26:59 - [TEST_STEP][PASSED] - Statement - counter = counter + 1: null

2018-12-13 00:26:59 - [TEST_STEP][PASSED] - Statement - PreSaveFile = new java.io.File(((pathPrefix + java.lang.Integer.toString(counter)) + .png)): null

2018-12-13 00:26:59 - [TEST_STEP][PASSED] - Statement - counter = counter + 1: null

2018-12-13 00:26:59 - [TEST_STEP][PASSED] - Statement - PreSaveFile = new java.io.File(((pathPrefix + java.lang.Integer.toString(counter)) + .png)): null

2018-12-13 00:26:59 - [TEST_STEP][PASSED] - Statement - counter = counter + 1: null

2018-12-13 00:26:59 - [TEST_STEP][PASSED] - Statement - PreSaveFile = new java.io.File(((pathPrefix + java.lang.Integer.toString(counter)) + .png)): null

2018-12-13 00:26:59 - [TEST_STEP][PASSED] - Statement - counter = counter + 1: null

2018-12-13 00:26:59 - [TEST_STEP][PASSED] - Statement - PreSaveFile = new java.io.File(((pathPrefix + java.lang.Integer.toString(counter)) + .png)): null

2018-12-13 00:26:59 - [TEST_STEP][PASSED] - Statement - counter = counter + 1: null

2018-12-13 00:26:59 - [TEST_STEP][PASSED] - Statement - PreSaveFile = new java.io.File(((pathPrefix + java.lang.Integer.toString(counter)) + .png)): null

2018-12-13 00:26:59 - [TEST_STEP][PASSED] - Statement - counter = counter + 1: null

2018-12-13 00:26:59 - [TEST_STEP][PASSED] - Statement - PreSaveFile = new java.io.File(((pathPrefix + java.lang.Integer.toString(counter)) + .png)): null

2018-12-13 00:26:59 - [TEST_STEP][PASSED] - Statement - counter = counter + 1: null

2018-12-13 00:26:59 - [TEST_STEP][PASSED] - Statement - PreSaveFile = new java.io.File(((pathPrefix + java.lang.Integer.toString(counter)) + .png)): null

2018-12-13 00:26:59 - [TEST_STEP][PASSED] - Statement - counter = counter + 1: null

2018-12-13 00:26:59 - [TEST_STEP][PASSED] - Statement - PreSaveFile = new java.io.File(((pathPrefix + java.lang.Integer.toString(counter)) + .png)): null

2018-12-13 00:26:59 - [TEST_STEP][PASSED] - Statement - counter = counter + 1: null

2018-12-13 00:26:59 - [TEST_STEP][PASSED] - Statement - PreSaveFile = new java.io.File(((pathPrefix + java.lang.Integer.toString(counter)) + .png)): null

2018-12-13 00:26:59 - [TEST_STEP][PASSED] - Statement - counter = counter + 1: null

2018-12-13 00:26:59 - [TEST_STEP][PASSED] - Statement - PreSaveFile = new java.io.File(((pathPrefix + java.lang.Integer.toString(counter)) + .png)): null

2018-12-13 00:26:59 - [TEST_STEP][PASSED] - Statement - counter = counter + 1: null

2018-12-13 00:26:59 - [TEST_STEP][PASSED] - Statement - PreSaveFile = new java.io.File(((pathPrefix + java.lang.Integer.toString(counter)) + .png)): null

2018-12-13 00:26:59 - [TEST_STEP][PASSED] - Statement - counter = counter + 1: null

2018-12-13 00:26:59 - [TEST_STEP][PASSED] - Statement - PreSaveFile = new java.io.File(((pathPrefix + java.lang.Integer.toString(counter)) + .png)): null

2018-12-13 00:26:59 - [TEST_STEP][PASSED] - Statement - counter = counter + 1: null

2018-12-13 00:26:59 - [TEST_STEP][PASSED] - Statement - PreSaveFile = new java.io.File(((pathPrefix + java.lang.Integer.toString(counter)) + .png)): null

2018-12-13 00:26:59 - [TEST_STEP][PASSED] - Statement - counter = counter + 1: null

2018-12-13 00:26:59 - [TEST_STEP][PASSED] - Statement - PreSaveFile = new java.io.File(((pathPrefix + java.lang.Integer.toString(counter)) + .png)): null

2018-12-13 00:26:59 - [TEST_STEP][PASSED] - Statement - counter = counter + 1: null

2018-12-13 00:26:59 - [TEST_STEP][PASSED] - Statement - PreSaveFile = new java.io.File(((pathPrefix + java.lang.Integer.toString(counter)) + .png)): null

2018-12-13 00:26:59 - [TEST_STEP][PASSED] - Statement - counter = counter + 1: null

2018-12-13 00:26:59 - [TEST_STEP][PASSED] - Statement - PreSaveFile = new java.io.File(((pathPrefix + java.lang.Integer.toString(counter)) + .png)): null

2018-12-13 00:26:59 - [TEST_STEP][PASSED] - Statement - counter = counter + 1: null

2018-12-13 00:26:59 - [TEST_STEP][PASSED] - Statement - PreSaveFile = new java.io.File(((pathPrefix + java.lang.Integer.toString(counter)) + .png)): null

2018-12-13 00:26:59 - [TEST_STEP][PASSED] - Statement - counter = counter + 1: null

2018-12-13 00:26:59 - [TEST_STEP][PASSED] - Statement - PreSaveFile = new java.io.File(((pathPrefix + java.lang.Integer.toString(counter)) + .png)): null

2018-12-13 00:26:59 - [TEST_STEP][PASSED] - Statement - counter = counter + 1: null

2018-12-13 00:26:59 - [TEST_STEP][PASSED] - Statement - PreSaveFile = new java.io.File(((pathPrefix + java.lang.Integer.toString(counter)) + .png)): null

2018-12-13 00:26:59 - [TEST_STEP][PASSED] - Statement - counter = counter + 1: null

2018-12-13 00:26:59 - [TEST_STEP][PASSED] - Statement - PreSaveFile = new java.io.File(((pathPrefix + java.lang.Integer.toString(counter)) + .png)): null

2018-12-13 00:26:59 - [TEST_STEP][PASSED] - Statement - counter = counter + 1: null

2018-12-13 00:26:59 - [TEST_STEP][PASSED] - Statement - PreSaveFile = new java.io.File(((pathPrefix + java.lang.Integer.toString(counter)) + .png)): null

2018-12-13 00:26:59 - [TEST_STEP][PASSED] - Statement - counter = counter + 1: null

2018-12-13 00:26:59 - [TEST_STEP][PASSED] - Statement - PreSaveFile = new java.io.File(((pathPrefix + java.lang.Integer.toString(counter)) + .png)): null

2018-12-13 00:26:59 - [TEST_STEP][PASSED] - Statement - counter = counter + 1: null

2018-12-13 00:26:59 - [TEST_STEP][PASSED] - Statement - PreSaveFile = new java.io.File(((pathPrefix + java.lang.Integer.toString(counter)) + .png)): null

2018-12-13 00:26:59 - [TEST_STEP][PASSED] - Statement - counter = counter + 1: null

2018-12-13 00:26:59 - [TEST_STEP][PASSED] - Statement - PreSaveFile = new java.io.File(((pathPrefix + java.lang.Integer.toString(counter)) + .png)): null

2018-12-13 00:26:59 - [TEST_STEP][PASSED] - Statement - counter = counter + 1: null

2018-12-13 00:26:59 - [TEST_STEP][PASSED] - Statement - PreSaveFile = new java.io.File(((pathPrefix + java.lang.Integer.toString(counter)) + .png)): null

2018-12-13 00:26:59 - [TEST_STEP][PASSED] - Statement - counter = counter + 1: null

2018-12-13 00:26:59 - [TEST_STEP][PASSED] - Statement - PreSaveFile = new java.io.File(((pathPrefix + java.lang.Integer.toString(counter)) + .png)): null

2018-12-13 00:26:59 - [TEST_STEP][PASSED] - Statement - counter = counter + 1: null

2018-12-13 00:26:59 - [TEST_STEP][PASSED] - Statement - PreSaveFile = new java.io.File(((pathPrefix + java.lang.Integer.toString(counter)) + .png)): null

2018-12-13 00:26:59 - [TEST_STEP][PASSED] - Statement - counter = counter + 1: null

2018-12-13 00:26:59 - [TEST_STEP][PASSED] - Statement - PreSaveFile = new java.io.File(((pathPrefix + java.lang.Integer.toString(counter)) + .png)): null

2018-12-13 00:26:59 - [TEST_STEP][PASSED] - Statement - counter = counter + 1: null

2018-12-13 00:26:59 - [TEST_STEP][PASSED] - Statement - PreSaveFile = new java.io.File(((pathPrefix + java.lang.Integer.toString(counter)) + .png)): null

2018-12-13 00:26:59 - [TEST_STEP][PASSED] - Statement - counter = counter + 1: null

2018-12-13 00:26:59 - [TEST_STEP][PASSED] - Statement - PreSaveFile = new java.io.File(((pathPrefix + java.lang.Integer.toString(counter)) + .png)): null

2018-12-13 00:26:59 - [TEST_STEP][PASSED] - Statement - counter = counter + 1: null

2018-12-13 00:26:59 - [TEST_STEP][PASSED] - Statement - PreSaveFile = new java.io.File(((pathPrefix + java.lang.Integer.toString(counter)) + .png)): null

2018-12-13 00:26:59 - [TEST_STEP][PASSED] - Statement - counter = counter + 1: null

2018-12-13 00:26:59 - [TEST_STEP][PASSED] - Statement - PreSaveFile = new java.io.File(((pathPrefix + java.lang.Integer.toString(counter)) + .png)): null

2018-12-13 00:26:59 - [TEST_STEP][PASSED] - Statement - counter = counter + 1: null

2018-12-13 00:26:59 - [TEST_STEP][PASSED] - Statement - PreSaveFile = new java.io.File(((pathPrefix + java.lang.Integer.toString(counter)) + .png)): null

2018-12-13 00:26:59 - [TEST_STEP][PASSED] - Statement - counter = counter + 1: null

2018-12-13 00:26:59 - [TEST_STEP][PASSED] - Statement - PreSaveFile = new java.io.File(((pathPrefix + java.lang.Integer.toString(counter)) + .png)): null

2018-12-13 00:26:59 - [TEST_STEP][PASSED] - Statement - counter = counter + 1: null

2018-12-13 00:26:59 - [TEST_STEP][PASSED] - Statement - PreSaveFile = new java.io.File(((pathPrefix + java.lang.Integer.toString(counter)) + .png)): null

2018-12-13 00:26:59 - [TEST_STEP][PASSED] - Statement - counter = counter + 1: null

2018-12-13 00:26:59 - [TEST_STEP][PASSED] - Statement - PreSaveFile = new java.io.File(((pathPrefix + java.lang.Integer.toString(counter)) + .png)): null

2018-12-13 00:26:59 - [TEST_STEP][PASSED] - Statement - counter = counter + 1: null

2018-12-13 00:26:59 - [TEST_STEP][PASSED] - Statement - PreSaveFile = new java.io.File(((pathPrefix + java.lang.Integer.toString(counter)) + .png)): null

2018-12-13 00:26:59 - [TEST_STEP][PASSED] - Statement - counter = counter + 1: null

2018-12-13 00:26:59 - [TEST_STEP][PASSED] - Statement - PreSaveFile = new java.io.File(((pathPrefix + java.lang.Integer.toString(counter)) + .png)): null

2018-12-13 00:26:59 - [TEST_STEP][PASSED] - Statement - counter = counter + 1: null

2018-12-13 00:26:59 - [TEST_STEP][PASSED] - Statement - PreSaveFile = new java.io.File(((pathPrefix + java.lang.Integer.toString(counter)) + .png)): null

2018-12-13 00:26:59 - [TEST_STEP][PASSED] - Statement - counter = counter + 1: null

2018-12-13 00:26:59 - [TEST_STEP][PASSED] - Statement - PreSaveFile = new java.io.File(((pathPrefix + java.lang.Integer.toString(counter)) + .png)): null

2018-12-13 00:26:59 - [TEST_STEP][PASSED] - Statement - counter = counter + 1: null

2018-12-13 00:26:59 - [TEST_STEP][PASSED] - Statement - PreSaveFile = new java.io.File(((pathPrefix + java.lang.Integer.toString(counter)) + .png)): null

2018-12-13 00:26:59 - [TEST_STEP][PASSED] - Statement - counter = counter + 1: null

2018-12-13 00:26:59 - [TEST_STEP][PASSED] - Statement - PreSaveFile = new java.io.File(((pathPrefix + java.lang.Integer.toString(counter)) + .png)): null

2018-12-13 00:26:59 - [TEST_STEP][PASSED] - Statement - counter = counter + 1: null

2018-12-13 00:26:59 - [TEST_STEP][PASSED] - Statement - PreSaveFile = new java.io.File(((pathPrefix + java.lang.Integer.toString(counter)) + .png)): null

2018-12-13 00:26:59 - [TEST_STEP][PASSED] - Statement - counter = counter + 1: null

2018-12-13 00:26:59 - [TEST_STEP][PASSED] - Statement - PreSaveFile = new java.io.File(((pathPrefix + java.lang.Integer.toString(counter)) + .png)): null

2018-12-13 00:26:59 - [TEST_STEP][PASSED] - Statement - counter = counter + 1: null

2018-12-13 00:26:59 - [TEST_STEP][PASSED] - Statement - PreSaveFile = new java.io.File(((pathPrefix + java.lang.Integer.toString(counter)) + .png)): null

2018-12-13 00:26:59 - [TEST_STEP][PASSED] - Statement - counter = counter + 1: null

2018-12-13 00:26:59 - [TEST_STEP][PASSED] - Statement - PreSaveFile = new java.io.File(((pathPrefix + java.lang.Integer.toString(counter)) + .png)): null

2018-12-13 00:26:59 - [TEST_STEP][PASSED] - Statement - counter = counter + 1: null

2018-12-13 00:26:59 - [TEST_STEP][PASSED] - Statement - PreSaveFile = new java.io.File(((pathPrefix + java.lang.Integer.toString(counter)) + .png)): null

2018-12-13 00:26:59 - [TEST_STEP][PASSED] - Statement - counter = counter + 1: null

2018-12-13 00:26:59 - [TEST_STEP][PASSED] - Statement - PreSaveFile = new java.io.File(((pathPrefix + java.lang.Integer.toString(counter)) + .png)): null

2018-12-13 00:26:59 - [TEST_STEP][PASSED] - Statement - counter = counter + 1: null

2018-12-13 00:26:59 - [TEST_STEP][PASSED] - Statement - PreSaveFile = new java.io.File(((pathPrefix + java.lang.Integer.toString(counter)) + .png)): null

2018-12-13 00:26:59 - [TEST_STEP][PASSED] - Statement - counter = counter + 1: null

2018-12-13 00:26:59 - [TEST_STEP][PASSED] - Statement - PreSaveFile = new java.io.File(((pathPrefix + java.lang.Integer.toString(counter)) + .png)): null

2018-12-13 00:26:59 - [TEST_STEP][PASSED] - Statement - counter = counter + 1: null

2018-12-13 00:26:59 - [TEST_STEP][PASSED] - Statement - PreSaveFile = new java.io.File(((pathPrefix + java.lang.Integer.toString(counter)) + .png)): null

2018-12-13 00:26:59 - [TEST_STEP][PASSED] - Statement - counter = counter + 1: null

2018-12-13 00:26:59 - [TEST_STEP][PASSED] - Statement - PreSaveFile = new java.io.File(((pathPrefix + java.lang.Integer.toString(counter)) + .png)): null

2018-12-13 00:26:59 - [TEST_STEP][PASSED] - Statement - counter = counter + 1: null

2018-12-13 00:26:59 - [TEST_STEP][PASSED] - Statement - PreSaveFile = new java.io.File(((pathPrefix + java.lang.Integer.toString(counter)) + .png)): null

2018-12-13 00:26:59 - [TEST_STEP][PASSED] - Statement - counter = counter + 1: null

2018-12-13 00:26:59 - [TEST_STEP][PASSED] - Statement - PreSaveFile = new java.io.File(((pathPrefix + java.lang.Integer.toString(counter)) + .png)): null

2018-12-13 00:26:59 - [TEST_STEP][PASSED] - Statement - counter = counter + 1: null

2018-12-13 00:26:59 - [TEST_STEP][PASSED] - Statement - PreSaveFile = new java.io.File(((pathPrefix + java.lang.Integer.toString(counter)) + .png)): null

2018-12-13 00:26:59 - [TEST_STEP][PASSED] - Statement - counter = counter + 1: null

2018-12-13 00:26:59 - [TEST_STEP][PASSED] - Statement - PreSaveFile = new java.io.File(((pathPrefix + java.lang.Integer.toString(counter)) + .png)): null

2018-12-13 00:26:59 - [TEST_STEP][PASSED] - Statement - counter = counter + 1: null

2018-12-13 00:26:59 - [TEST_STEP][PASSED] - Statement - PreSaveFile = new java.io.File(((pathPrefix + java.lang.Integer.toString(counter)) + .png)): null

2018-12-13 00:26:59 - [TEST_STEP][PASSED] - Statement - counter = counter + 1: null

2018-12-13 00:26:59 - [TEST_STEP][PASSED] - Statement - PreSaveFile = new java.io.File(((pathPrefix + java.lang.Integer.toString(counter)) + .png)): null

2018-12-13 00:26:59 - [TEST_STEP][PASSED] - Statement - counter = counter + 1: null

2018-12-13 00:26:59 - [TEST_STEP][PASSED] - Statement - PreSaveFile = new java.io.File(((pathPrefix + java.lang.Integer.toString(counter)) + .png)): null

2018-12-13 00:26:59 - [TEST_STEP][PASSED] - Statement - counter = counter + 1: null

2018-12-13 00:26:59 - [TEST_STEP][PASSED] - Statement - PreSaveFile = new java.io.File(((pathPrefix + java.lang.Integer.toString(counter)) + .png)): null

2018-12-13 00:26:59 - [TEST_STEP][PASSED] - Statement - counter = counter + 1: null

2018-12-13 00:26:59 - [TEST_STEP][PASSED] - Statement - PreSaveFile = new java.io.File(((pathPrefix + java.lang.Integer.toString(counter)) + .png)): null

2018-12-13 00:26:59 - [TEST_STEP][PASSED] - Statement - counter = counter + 1: null

2018-12-13 00:26:59 - [TEST_STEP][PASSED] - Statement - PreSaveFile = new java.io.File(((pathPrefix + java.lang.Integer.toString(counter)) + .png)): null

2018-12-13 00:26:59 - [TEST_STEP][PASSED] - Statement - counter = counter + 1: null

2018-12-13 00:26:59 - [TEST_STEP][PASSED] - Statement - PreSaveFile = new java.io.File(((pathPrefix + java.lang.Integer.toString(counter)) + .png)): null

2018-12-13 00:26:59 - [TEST_STEP][PASSED] - Statement - counter = counter + 1: null

2018-12-13 00:26:59 - [TEST_STEP][PASSED] - Statement - PreSaveFile = new java.io.File(((pathPrefix + java.lang.Integer.toString(counter)) + .png)): null

2018-12-13 00:26:59 - [TEST_STEP][PASSED] - Statement - counter = counter + 1: null

2018-12-13 00:26:59 - [TEST_STEP][PASSED] - Statement - PreSaveFile = new java.io.File(((pathPrefix + java.lang.Integer.toString(counter)) + .png)): null

2018-12-13 00:26:59 - [TEST_STEP][PASSED] - Statement - counter = counter + 1: null

2018-12-13 00:26:59 - [TEST_STEP][PASSED] - Statement - PreSaveFile = new java.io.File(((pathPrefix + java.lang.Integer.toString(counter)) + .png)): null

2018-12-13 00:26:59 - [TEST_STEP][PASSED] - Statement - counter = counter + 1: null

2018-12-13 00:26:59 - [TEST_STEP][PASSED] - Statement - PreSaveFile = new java.io.File(((pathPrefix + java.lang.Integer.toString(counter)) + .png)): null

2018-12-13 00:26:59 - [TEST_STEP][PASSED] - Statement - counter = counter + 1: null

2018-12-13 00:26:59 - [TEST_STEP][PASSED] - Statement - PreSaveFile = new java.io.File(((pathPrefix + java.lang.Integer.toString(counter)) + .png)): null

2018-12-13 00:26:59 - [TEST_STEP][PASSED] - Statement - counter = counter + 1: null

2018-12-13 00:26:59 - [TEST_STEP][PASSED] - Statement - PreSaveFile = new java.io.File(((pathPrefix + java.lang.Integer.toString(counter)) + .png)): null

2018-12-13 00:26:59 - [TEST_STEP][PASSED] - Statement - counter = counter + 1: null

2018-12-13 00:26:59 - [TEST_STEP][PASSED] - Statement - PreSaveFile = new java.io.File(((pathPrefix + java.lang.Integer.toString(counter)) + .png)): null

2018-12-13 00:26:59 - [TEST_STEP][PASSED] - Statement - counter = counter + 1: null

2018-12-13 00:26:59 - [TEST_STEP][PASSED] - Statement - PreSaveFile = new java.io.File(((pathPrefix + java.lang.Integer.toString(counter)) + .png)): null

2018-12-13 00:26:59 - [TEST_STEP][PASSED] - Statement - counter = counter + 1: null

2018-12-13 00:26:59 - [TEST_STEP][PASSED] - Statement - PreSaveFile = new java.io.File(((pathPrefix + java.lang.Integer.toString(counter)) + .png)): null

2018-12-13 00:26:59 - [TEST_STEP][PASSED] - Statement - counter = counter + 1: null

2018-12-13 00:26:59 - [TEST_STEP][PASSED] - Statement - PreSaveFile = new java.io.File(((pathPrefix + java.lang.Integer.toString(counter)) + .png)): null

2018-12-13 00:26:59 - [TEST_STEP][PASSED] - Statement - counter = counter + 1: null

2018-12-13 00:26:59 - [TEST_STEP][PASSED] - Statement - PreSaveFile = new java.io.File(((pathPrefix + java.lang.Integer.toString(counter)) + .png)): null

2018-12-13 00:26:59 - [TEST_STEP][PASSED] - Statement - counter = counter + 1: null

2018-12-13 00:26:59 - [TEST_STEP][PASSED] - Statement - PreSaveFile = new java.io.File(((pathPrefix + java.lang.Integer.toString(counter)) + .png)): null

2018-12-13 00:26:59 - [TEST_STEP][PASSED] - Statement - counter = counter + 1: null

2018-12-13 00:26:59 - [TEST_STEP][PASSED] - Statement - PreSaveFile = new java.io.File(((pathPrefix + java.lang.Integer.toString(counter)) + .png)): null

2018-12-13 00:26:59 - [TEST_STEP][PASSED] - Statement - counter = counter + 1: null

2018-12-13 00:26:59 - [TEST_STEP][PASSED] - Statement - PreSaveFile = new java.io.File(((pathPrefix + java.lang.Integer.toString(counter)) + .png)): null

2018-12-13 00:26:59 - [TEST_STEP][PASSED] - Statement - counter = counter + 1: null

2018-12-13 00:26:59 - [TEST_STEP][PASSED] - Statement - PreSaveFile = new java.io.File(((pathPrefix + java.lang.Integer.toString(counter)) + .png)): null

2018-12-13 00:26:59 - [TEST_STEP][PASSED] - Statement - counter = counter + 1: null

2018-12-13 00:26:59 - [TEST_STEP][PASSED] - Statement - PreSaveFile = new java.io.File(((pathPrefix + java.lang.Integer.toString(counter)) + .png)): null

2018-12-13 00:26:59 - [TEST_STEP][PASSED] - Statement - counter = counter + 1: null

2018-12-13 00:26:59 - [TEST_STEP][PASSED] - Statement - PreSaveFile = new java.io.File(((pathPrefix + java.lang.Integer.toString(counter)) + .png)): null

2018-12-13 00:26:59 - [TEST_STEP][PASSED] - Statement - counter = counter + 1: null

2018-12-13 00:26:59 - [TEST_STEP][PASSED] - Statement - PreSaveFile = new java.io.File(((pathPrefix + java.lang.Integer.toString(counter)) + .png)): null

2018-12-13 00:26:59 - [TEST_STEP][PASSED] - Statement - counter = counter + 1: null

2018-12-13 00:26:59 - [TEST_STEP][PASSED] - Statement - PreSaveFile = new java.io.File(((pathPrefix + java.lang.Integer.toString(counter)) + .png)): null

2018-12-13 00:26:59 - [TEST_STEP][PASSED] - Statement - counter = counter + 1: null

2018-12-13 00:26:59 - [TEST_STEP][PASSED] - Statement - PreSaveFile = new java.io.File(((pathPrefix + java.lang.Integer.toString(counter)) + .png)): null

2018-12-13 00:26:59 - [TEST_STEP][PASSED] - Statement - counter = counter + 1: null

2018-12-13 00:26:59 - [TEST_STEP][PASSED] - Statement - PreSaveFile = new java.io.File(((pathPrefix + java.lang.Integer.toString(counter)) + .png)): null

2018-12-13 00:26:59 - [TEST_STEP][PASSED] - Statement - counter = counter + 1: null

2018-12-13 00:26:59 - [TEST_STEP][PASSED] - Statement - PreSaveFile = new java.io.File(((pathPrefix + java.lang.Integer.toString(counter)) + .png)): null

2018-12-13 00:26:59 - [TEST_STEP][PASSED] - Statement - counter = counter + 1: null

2018-12-13 00:26:59 - [TEST_STEP][PASSED] - Statement - PreSaveFile = new java.io.File(((pathPrefix + java.lang.Integer.toString(counter)) + .png)): null

2018-12-13 00:26:59 - [TEST_STEP][PASSED] - Statement - counter = counter + 1: null

2018-12-13 00:26:59 - [TEST_STEP][PASSED] - Statement - PreSaveFile = new java.io.File(((pathPrefix + java.lang.Integer.toString(counter)) + .png)): null

2018-12-13 00:26:59 - [TEST_STEP][PASSED] - Statement - counter = counter + 1: null

2018-12-13 00:26:59 - [TEST_STEP][PASSED] - Statement - PreSaveFile = new java.io.File(((pathPrefix + java.lang.Integer.toString(counter)) + .png)): null

2018-12-13 00:26:59 - [TEST_STEP][PASSED] - Statement - counter = counter + 1: null

2018-12-13 00:26:59 - [TEST_STEP][PASSED] - Statement - PreSaveFile = new java.io.File(((pathPrefix + java.lang.Integer.toString(counter)) + .png)): null

2018-12-13 00:26:59 - [TEST_STEP][PASSED] - Statement - counter = counter + 1: null

2018-12-13 00:26:59 - [TEST_STEP][PASSED] - Statement - PreSaveFile = new java.io.File(((pathPrefix + java.lang.Integer.toString(counter)) + .png)): null

2018-12-13 00:26:59 - [TEST_STEP][PASSED] - Statement - counter = counter + 1: null

2018-12-13 00:26:59 - [TEST_STEP][PASSED] - Statement - PreSaveFile = new java.io.File(((pathPrefix + java.lang.Integer.toString(counter)) + .png)): null

2018-12-13 00:26:59 - [TEST_STEP][PASSED] - Statement - counter = counter + 1: null

2018-12-13 00:26:59 - [TEST_STEP][PASSED] - Statement - PreSaveFile = new java.io.File(((pathPrefix + java.lang.Integer.toString(counter)) + .png)): null

2018-12-13 00:26:59 - [TEST_STEP][PASSED] - Statement - counter = counter + 1: null

2018-12-13 00:26:59 - [TEST_STEP][PASSED] - Statement - PreSaveFile = new java.io.File(((pathPrefix + java.lang.Integer.toString(counter)) + .png)): null

2018-12-13 00:26:59 - [TEST_STEP][PASSED] - Statement - counter = counter + 1: null

2018-12-13 00:26:59 - [TEST_STEP][PASSED] - Statement - PreSaveFile = new java.io.File(((pathPrefix + java.lang.Integer.toString(counter)) + .png)): null

2018-12-13 00:26:59 - [TEST_STEP][PASSED] - Statement - counter = counter + 1: null

2018-12-13 00:26:59 - [TEST_STEP][PASSED] - Statement - PreSaveFile = new java.io.File(((pathPrefix + java.lang.Integer.toString(counter)) + .png)): null

2018-12-13 00:26:59 - [TEST_STEP][PASSED] - Statement - counter = counter + 1: null

2018-12-13 00:26:59 - [TEST_STEP][PASSED] - Statement - PreSaveFile = new java.io.File(((pathPrefix + java.lang.Integer.toString(counter)) + .png)): null

2018-12-13 00:26:59 - [TEST_STEP][PASSED] - Statement - counter = counter + 1: null

2018-12-13 00:26:59 - [TEST_STEP][PASSED] - Statement - PreSaveFile = new java.io.File(((pathPrefix + java.lang.Integer.toString(counter)) + .png)): null

2018-12-13 00:26:59 - [TEST_STEP][PASSED] - Statement - counter = counter + 1: null

2018-12-13 00:26:59 - [TEST_STEP][PASSED] - Statement - PreSaveFile = new java.io.File(((pathPrefix + java.lang.Integer.toString(counter)) + .png)): null

2018-12-13 00:26:59 - [TEST_STEP][PASSED] - Statement - counter = counter + 1: null

2018-12-13 00:26:59 - [TEST_STEP][PASSED] - Statement - PreSaveFile = new java.io.File(((pathPrefix + java.lang.Integer.toString(counter)) + .png)): null

2018-12-13 00:26:59 - [TEST_STEP][PASSED] - Statement - counter = counter + 1: null

2018-12-13 00:26:59 - [TEST_STEP][PASSED] - Statement - PreSaveFile = new java.io.File(((pathPrefix + java.lang.Integer.toString(counter)) + .png)): null

2018-12-13 00:26:59 - [TEST_STEP][PASSED] - Statement - counter = counter + 1: null

2018-12-13 00:26:59 - [TEST_STEP][PASSED] - Statement - PreSaveFile = new java.io.File(((pathPrefix + java.lang.Integer.toString(counter)) + .png)): null

2018-12-13 00:26:59 - [TEST_STEP][PASSED] - Statement - counter = counter + 1: null

2018-12-13 00:26:59 - [TEST_STEP][PASSED] - Statement - PreSaveFile = new java.io.File(((pathPrefix + java.lang.Integer.toString(counter)) + .png)): null

2018-12-13 00:26:59 - [TEST_STEP][PASSED] - Statement - counter = counter + 1: null

2018-12-13 00:26:59 - [TEST_STEP][PASSED] - Statement - PreSaveFile = new java.io.File(((pathPrefix + java.lang.Integer.toString(counter)) + .png)): null

2018-12-13 00:26:59 - [TEST_STEP][PASSED] - Statement - counter = counter + 1: null

2018-12-13 00:26:59 - [TEST_STEP][PASSED] - Statement - PreSaveFile = new java.io.File(((pathPrefix + java.lang.Integer.toString(counter)) + .png)): null

2018-12-13 00:26:59 - [TEST_STEP][PASSED] - Statement - counter = counter + 1: null

2018-12-13 00:26:59 - [TEST_STEP][PASSED] - Statement - PreSaveFile = new java.io.File(((pathPrefix + java.lang.Integer.toString(counter)) + .png)): null

2018-12-13 00:26:59 - [TEST_STEP][PASSED] - Statement - counter = counter + 1: null

2018-12-13 00:26:59 - [TEST_STEP][PASSED] - Statement - PreSaveFile = new java.io.File(((pathPrefix + java.lang.Integer.toString(counter)) + .png)): null

2018-12-13 00:26:59 - [TEST_STEP][PASSED] - Statement - counter = counter + 1: null

2018-12-13 00:26:59 - [TEST_STEP][PASSED] - Statement - PreSaveFile = new java.io.File(((pathPrefix + java.lang.Integer.toString(counter)) + .png)): null

2018-12-13 00:26:59 - [TEST_STEP][PASSED] - Statement - counter = counter + 1: null

2018-12-13 00:26:59 - [TEST_STEP][PASSED] - Statement - PreSaveFile = new java.io.File(((pathPrefix + java.lang.Integer.toString(counter)) + .png)): null

2018-12-13 00:26:59 - [TEST_STEP][PASSED] - Statement - counter = counter + 1: null

2018-12-13 00:26:59 - [TEST_STEP][PASSED] - Statement - PreSaveFile = new java.io.File(((pathPrefix + java.lang.Integer.toString(counter)) + .png)): null

2018-12-13 00:26:59 - [TEST_STEP][PASSED] - Statement - counter = counter + 1: null

2018-12-13 00:26:59 - [TEST_STEP][PASSED] - Statement - PreSaveFile = new java.io.File(((pathPrefix + java.lang.Integer.toString(counter)) + .png)): null

2018-12-13 00:26:59 - [TEST_STEP][PASSED] - Statement - counter = counter + 1: null

2018-12-13 00:26:59 - [TEST_STEP][PASSED] - Statement - PreSaveFile = new java.io.File(((pathPrefix + java.lang.Integer.toString(counter)) + .png)): null

2018-12-13 00:26:59 - [TEST_STEP][PASSED] - Statement - counter = counter + 1: null

2018-12-13 00:26:59 - [TEST_STEP][PASSED] - Statement - PreSaveFile = new java.io.File(((pathPrefix + java.lang.Integer.toString(counter)) + .png)): null

2018-12-13 00:26:59 - [TEST_STEP][PASSED] - Statement - counter = counter + 1: null

2018-12-13 00:26:59 - [TEST_STEP][PASSED] - Statement - PreSaveFile = new java.io.File(((pathPrefix + java.lang.Integer.toString(counter)) + .png)): null

2018-12-13 00:26:59 - [TEST_STEP][PASSED] - Statement - counter = counter + 1: null

2018-12-13 00:26:59 - [TEST_STEP][PASSED] - Statement - PreSaveFile = new java.io.File(((pathPrefix + java.lang.Integer.toString(counter)) + .png)): null

2018-12-13 00:26:59 - [TEST_STEP][PASSED] - Statement - counter = counter + 1: null

2018-12-13 00:26:59 - [TEST_STEP][PASSED] - Statement - PreSaveFile = new java.io.File(((pathPrefix + java.lang.Integer.toString(counter)) + .png)): null

2018-12-13 00:26:59 - [TEST_STEP][PASSED] - Statement - counter = counter + 1: null

2018-12-13 00:26:59 - [TEST_STEP][PASSED] - Statement - PreSaveFile = new java.io.File(((pathPrefix + java.lang.Integer.toString(counter)) + .png)): null

2018-12-13 00:26:59 - [TEST_STEP][PASSED] - Statement - counter = counter + 1: null

2018-12-13 00:26:59 - [TEST_STEP][PASSED] - Statement - PreSaveFile = new java.io.File(((pathPrefix + java.lang.Integer.toString(counter)) + .png)): null

2018-12-13 00:26:59 - [TEST_STEP][PASSED] - Statement - counter = counter + 1: null

2018-12-13 00:26:59 - [TEST_STEP][PASSED] - Statement - PreSaveFile = new java.io.File(((pathPrefix + java.lang.Integer.toString(counter)) + .png)): null

2018-12-13 00:26:59 - [TEST_STEP][PASSED] - Statement - counter = counter + 1: null

2018-12-13 00:26:59 - [TEST_STEP][PASSED] - Statement - PreSaveFile = new java.io.File(((pathPrefix + java.lang.Integer.toString(counter)) + .png)): null

2018-12-13 00:26:59 - [TEST_STEP][PASSED] - Statement - counter = counter + 1: null

2018-12-13 00:26:59 - [TEST_STEP][PASSED] - Statement - PreSaveFile = new java.io.File(((pathPrefix + java.lang.Integer.toString(counter)) + .png)): null

2018-12-13 00:26:59 - [TEST_STEP][PASSED] - Statement - counter = counter + 1: null

2018-12-13 00:26:59 - [TEST_STEP][PASSED] - Statement - PreSaveFile = new java.io.File(((pathPrefix + java.lang.Integer.toString(counter)) + .png)): null

2018-12-13 00:26:59 - [TEST_STEP][PASSED] - Statement - counter = counter + 1: null

2018-12-13 00:26:59 - [TEST_STEP][PASSED] - Statement - PreSaveFile = new java.io.File(((pathPrefix + java.lang.Integer.toString(counter)) + .png)): null

2018-12-13 00:26:59 - [TEST_STEP][PASSED] - Statement - counter = counter + 1: null

2018-12-13 00:26:59 - [TEST_STEP][PASSED] - Statement - PreSaveFile = new java.io.File(((pathPrefix + java.lang.Integer.toString(counter)) + .png)): null

2018-12-13 00:26:59 - [TEST_STEP][PASSED] - Statement - counter = counter + 1: null

2018-12-13 00:26:59 - [TEST_STEP][PASSED] - Statement - PreSaveFile = new java.io.File(((pathPrefix + java.lang.Integer.toString(counter)) + .png)): null

2018-12-13 00:26:59 - [TEST_STEP][PASSED] - Statement - counter = counter + 1: null

2018-12-13 00:26:59 - [TEST_STEP][PASSED] - Statement - PreSaveFile = new java.io.File(((pathPrefix + java.lang.Integer.toString(counter)) + .png)): null

2018-12-13 00:26:59 - [TEST_STEP][PASSED] - Statement - counter = counter + 1: null

2018-12-13 00:26:59 - [TEST_STEP][PASSED] - Statement - PreSaveFile = new java.io.File(((pathPrefix + java.lang.Integer.toString(counter)) + .png)): null

2018-12-13 00:26:59 - [TEST_STEP][PASSED] - Statement - counter = counter + 1: null

2018-12-13 00:26:59 - [TEST_STEP][PASSED] - Statement - PreSaveFile = new java.io.File(((pathPrefix + java.lang.Integer.toString(counter)) + .png)): null

2018-12-13 00:26:59 - [TEST_STEP][PASSED] - Statement - counter = counter + 1: null

2018-12-13 00:26:59 - [TEST_STEP][PASSED] - Statement - PreSaveFile = new java.io.File(((pathPrefix + java.lang.Integer.toString(counter)) + .png)): null

2018-12-13 00:26:59 - [TEST_STEP][PASSED] - Statement - counter = counter + 1: null

2018-12-13 00:26:59 - [TEST_STEP][PASSED] - Statement - PreSaveFile = new java.io.File(((pathPrefix + java.lang.Integer.toString(counter)) + .png)): null

2018-12-13 00:26:59 - [TEST_STEP][PASSED] - Statement - counter = counter + 1: null

2018-12-13 00:26:59 - [TEST_STEP][PASSED] - Statement - PreSaveFile = new java.io.File(((pathPrefix + java.lang.Integer.toString(counter)) + .png)): null

2018-12-13 00:26:59 - [TEST_STEP][PASSED] - Statement - counter = counter + 1: null

2018-12-13 00:26:59 - [TEST_STEP][PASSED] - Statement - PreSaveFile = new java.io.File(((pathPrefix + java.lang.Integer.toString(counter)) + .png)): null

2018-12-13 00:26:59 - [TEST_STEP][PASSED] - Statement - counter = counter + 1: null

2018-12-13 00:26:59 - [TEST_STEP][PASSED] - Statement - PreSaveFile = new java.io.File(((pathPrefix + java.lang.Integer.toString(counter)) + .png)): null

2018-12-13 00:26:59 - [TEST_STEP][PASSED] - Statement - counter = counter + 1: null

2018-12-13 00:26:59 - [TEST_STEP][PASSED] - Statement - PreSaveFile = new java.io.File(((pathPrefix + java.lang.Integer.toString(counter)) + .png)): null

2018-12-13 00:26:59 - [TEST_STEP][PASSED] - Statement - counter = counter + 1: null

2018-12-13 00:26:59 - [TEST_STEP][PASSED] - Statement - PreSaveFile = new java.io.File(((pathPrefix + java.lang.Integer.toString(counter)) + .png)): null

2018-12-13 00:26:59 - [TEST_STEP][PASSED] - Statement - counter = counter + 1: null

2018-12-13 00:26:59 - [TEST_STEP][PASSED] - Statement - PreSaveFile = new java.io.File(((pathPrefix + java.lang.Integer.toString(counter)) + .png)): null

2018-12-13 00:26:59 - [TEST_STEP][PASSED] - Statement - counter = counter + 1: null

2018-12-13 00:26:59 - [TEST_STEP][PASSED] - Statement - PreSaveFile = new java.io.File(((pathPrefix + java.lang.Integer.toString(counter)) + .png)): null

2018-12-13 00:26:59 - [TEST_STEP][PASSED] - Statement - counter = counter + 1: null

2018-12-13 00:26:59 - [TEST_STEP][PASSED] - Statement - PreSaveFile = new java.io.File(((pathPrefix + java.lang.Integer.toString(counter)) + .png)): null

2018-12-13 00:27:00 - [TEST_STEP][PASSED] - Statement - counter = counter + 1: null

2018-12-13 00:27:00 - [TEST_STEP][PASSED] - Statement - PreSaveFile = new java.io.File(((pathPrefix + java.lang.Integer.toString(counter)) + .png)): null

2018-12-13 00:27:00 - [TEST_STEP][PASSED] - Statement - counter = counter + 1: null

2018-12-13 00:27:00 - [TEST_STEP][PASSED] - Statement - PreSaveFile = new java.io.File(((pathPrefix + java.lang.Integer.toString(counter)) + .png)): null

2018-12-13 00:27:00 - [TEST_STEP][PASSED] - Statement - counter = counter + 1: null

2018-12-13 00:27:00 - [TEST_STEP][PASSED] - Statement - PreSaveFile = new java.io.File(((pathPrefix + java.lang.Integer.toString(counter)) + .png)): null

2018-12-13 00:27:00 - [TEST_STEP][PASSED] - Statement - counter = counter + 1: null

2018-12-13 00:27:00 - [TEST_STEP][PASSED] - Statement - PreSaveFile = new java.io.File(((pathPrefix + java.lang.Integer.toString(counter)) + .png)): null

2018-12-13 00:27:00 - [TEST_STEP][PASSED] - Statement - counter = counter + 1: null

2018-12-13 00:27:00 - [TEST_STEP][PASSED] - Statement - PreSaveFile = new java.io.File(((pathPrefix + java.lang.Integer.toString(counter)) + .png)): null

2018-12-13 00:27:00 - [TEST_STEP][PASSED] - Statement - counter = counter + 1: null

2018-12-13 00:27:00 - [TEST_STEP][PASSED] - Statement - PreSaveFile = new java.io.File(((pathPrefix + java.lang.Integer.toString(counter)) + .png)): null

2018-12-13 00:27:00 - [TEST_STEP][PASSED] - Statement - counter = counter + 1: null

2018-12-13 00:27:00 - [TEST_STEP][PASSED] - Statement - PreSaveFile = new java.io.File(((pathPrefix + java.lang.Integer.toString(counter)) + .png)): null

2018-12-13 00:27:00 - [TEST_STEP][PASSED] - Statement - counter = counter + 1: null

2018-12-13 00:27:00 - [TEST_STEP][PASSED] - Statement - PreSaveFile = new java.io.File(((pathPrefix + java.lang.Integer.toString(counter)) + .png)): null

2018-12-13 00:27:00 - [TEST_STEP][PASSED] - Statement - counter = counter + 1: null

2018-12-13 00:27:00 - [TEST_STEP][PASSED] - Statement - PreSaveFile = new java.io.File(((pathPrefix + java.lang.Integer.toString(counter)) + .png)): null

2018-12-13 00:27:00 - [TEST_STEP][PASSED] - Statement - counter = counter + 1: null

2018-12-13 00:27:00 - [TEST_STEP][PASSED] - Statement - PreSaveFile = new java.io.File(((pathPrefix + java.lang.Integer.toString(counter)) + .png)): null

2018-12-13 00:27:00 - [TEST_STEP][PASSED] - Statement - counter = counter + 1: null

2018-12-13 00:27:00 - [TEST_STEP][PASSED] - Statement - PreSaveFile = new java.io.File(((pathPrefix + java.lang.Integer.toString(counter)) + .png)): null

2018-12-13 00:27:00 - [TEST_STEP][PASSED] - Statement - counter = counter + 1: null

2018-12-13 00:27:00 - [TEST_STEP][PASSED] - Statement - PreSaveFile = new java.io.File(((pathPrefix + java.lang.Integer.toString(counter)) + .png)): null

2018-12-13 00:27:00 - [TEST_STEP][PASSED] - Statement - counter = counter + 1: null

2018-12-13 00:27:00 - [TEST_STEP][PASSED] - Statement - PreSaveFile = new java.io.File(((pathPrefix + java.lang.Integer.toString(counter)) + .png)): null

2018-12-13 00:27:00 - [TEST_STEP][PASSED] - Statement - counter = counter + 1: null

2018-12-13 00:27:00 - [TEST_STEP][PASSED] - Statement - PreSaveFile = new java.io.File(((pathPrefix + java.lang.Integer.toString(counter)) + .png)): null

2018-12-13 00:27:00 - [TEST_STEP][PASSED] - Statement - counter = counter + 1: null

2018-12-13 00:27:00 - [TEST_STEP][PASSED] - Statement - PreSaveFile = new java.io.File(((pathPrefix + java.lang.Integer.toString(counter)) + .png)): null

2018-12-13 00:27:00 - [TEST_STEP][PASSED] - Statement - counter = counter + 1: null

2018-12-13 00:27:00 - [TEST_STEP][PASSED] - Statement - PreSaveFile = new java.io.File(((pathPrefix + java.lang.Integer.toString(counter)) + .png)): null

2018-12-13 00:27:00 - [TEST_STEP][PASSED] - Statement - counter = counter + 1: null

2018-12-13 00:27:00 - [TEST_STEP][PASSED] - Statement - PreSaveFile = new java.io.File(((pathPrefix + java.lang.Integer.toString(counter)) + .png)): null

2018-12-13 00:27:00 - [TEST_STEP][PASSED] - Statement - counter = counter + 1: null

2018-12-13 00:27:00 - [TEST_STEP][PASSED] - Statement - PreSaveFile = new java.io.File(((pathPrefix + java.lang.Integer.toString(counter)) + .png)): null

2018-12-13 00:27:00 - [TEST_STEP][PASSED] - Statement - counter = counter + 1: null

2018-12-13 00:27:00 - [TEST_STEP][PASSED] - Statement - PreSaveFile = new java.io.File(((pathPrefix + java.lang.Integer.toString(counter)) + .png)): null

2018-12-13 00:27:00 - [TEST_STEP][PASSED] - Statement - counter = counter + 1: null

2018-12-13 00:27:00 - [TEST_STEP][PASSED] - Statement - PreSaveFile = new java.io.File(((pathPrefix + java.lang.Integer.toString(counter)) + .png)): null

2018-12-13 00:27:00 - [TEST_STEP][PASSED] - Statement - counter = counter + 1: null

2018-12-13 00:27:00 - [TEST_STEP][PASSED] - Statement - PreSaveFile = new java.io.File(((pathPrefix + java.lang.Integer.toString(counter)) + .png)): null

2018-12-13 00:27:00 - [TEST_STEP][PASSED] - Statement - counter = counter + 1: null

2018-12-13 00:27:00 - [TEST_STEP][PASSED] - Statement - PreSaveFile = new java.io.File(((pathPrefix + java.lang.Integer.toString(counter)) + .png)): null

2018-12-13 00:27:00 - [TEST_STEP][PASSED] - Statement - counter = counter + 1: null

2018-12-13 00:27:00 - [TEST_STEP][PASSED] - Statement - PreSaveFile = new java.io.File(((pathPrefix + java.lang.Integer.toString(counter)) + .png)): null

2018-12-13 00:27:00 - [TEST_STEP][PASSED] - Statement - counter = counter + 1: null

2018-12-13 00:27:00 - [TEST_STEP][PASSED] - Statement - PreSaveFile = new java.io.File(((pathPrefix + java.lang.Integer.toString(counter)) + .png)): null

2018-12-13 00:27:00 - [TEST_STEP][PASSED] - Statement - counter = counter + 1: null

2018-12-13 00:27:00 - [TEST_STEP][PASSED] - Statement - PreSaveFile = new java.io.File(((pathPrefix + java.lang.Integer.toString(counter)) + .png)): null

2018-12-13 00:27:00 - [TEST_STEP][PASSED] - Statement - counter = counter + 1: null

2018-12-13 00:27:00 - [TEST_STEP][PASSED] - Statement - PreSaveFile = new java.io.File(((pathPrefix + java.lang.Integer.toString(counter)) + .png)): null

2018-12-13 00:27:00 - [TEST_STEP][PASSED] - Statement - counter = counter + 1: null

2018-12-13 00:27:00 - [TEST_STEP][PASSED] - Statement - PreSaveFile = new java.io.File(((pathPrefix + java.lang.Integer.toString(counter)) + .png)): null

2018-12-13 00:27:00 - [TEST_STEP][PASSED] - Statement - counter = counter + 1: null

2018-12-13 00:27:00 - [TEST_STEP][PASSED] - Statement - PreSaveFile = new java.io.File(((pathPrefix + java.lang.Integer.toString(counter)) + .png)): null

2018-12-13 00:27:00 - [TEST_STEP][PASSED] - Statement - counter = counter + 1: null

2018-12-13 00:27:00 - [TEST_STEP][PASSED] - Statement - PreSaveFile = new java.io.File(((pathPrefix + java.lang.Integer.toString(counter)) + .png)): null

2018-12-13 00:27:00 - [TEST_STEP][PASSED] - Statement - counter = counter + 1: null

2018-12-13 00:27:00 - [TEST_STEP][PASSED] - Statement - PreSaveFile = new java.io.File(((pathPrefix + java.lang.Integer.toString(counter)) + .png)): null

2018-12-13 00:27:00 - [TEST_STEP][PASSED] - Statement - counter = counter + 1: null

2018-12-13 00:27:00 - [TEST_STEP][PASSED] - Statement - PreSaveFile = new java.io.File(((pathPrefix + java.lang.Integer.toString(counter)) + .png)): null

2018-12-13 00:27:00 - [TEST_STEP][PASSED] - Statement - counter = counter + 1: null

2018-12-13 00:27:00 - [TEST_STEP][PASSED] - Statement - PreSaveFile = new java.io.File(((pathPrefix + java.lang.Integer.toString(counter)) + .png)): null

2018-12-13 00:27:00 - [TEST_STEP][PASSED] - Statement - counter = counter + 1: null

2018-12-13 00:27:00 - [TEST_STEP][PASSED] - Statement - PreSaveFile = new java.io.File(((pathPrefix + java.lang.Integer.toString(counter)) + .png)): null

2018-12-13 00:27:00 - [TEST_STEP][PASSED] - Statement - counter = counter + 1: null

2018-12-13 00:27:00 - [TEST_STEP][PASSED] - Statement - PreSaveFile = new java.io.File(((pathPrefix + java.lang.Integer.toString(counter)) + .png)): null

2018-12-13 00:27:00 - [TEST_STEP][PASSED] - Statement - finalPath = pathPrefix + java.lang.Integer.toString(counter) + ".png": null

2018-12-13 00:27:00 - [TEST_STEP][PASSED] - Statement - SaveFile = new java.io.File(finalPath): null

2018-12-13 00:27:00 - [TEST_STEP][PASSED] - Statement - Try: null

2018-12-13 00:27:00 - [TEST_STEP][PASSED] - Statement - org.apache.commons.io.FileUtils.copyFile(scrFile, SaveFile): null

2018-12-13 00:27:00 - [TEST_STEP][PASSED] - Statement - out.println("file kept"): null

2018-12-13 00:27:00 - [TEST_STEP][PASSED] - delay: Delayed 10 second(s)

2018-12-13 00:27:10 - [MESSAGE][PASSED] - Delayed 10 second(s)

2018-12-13 00:27:10 - [MESSAGE][PASSED] - Call Test Case 'Test Cases/Final Aug 2018 - PKS Automation/Registration Module/New Registration/Submit and Screenshot/Submit Registration and Screenshot' successfully]]></system-out>
         <system-err><![CDATA[2018-12-13 00:20:09 - [TEST_CASE][FAILED] - Test Cases/Final Aug 2018 - PKS Automation/Registration Module/Workflow/New Registration/Case OTC to RO - RO Submit: Test Cases/Final Aug 2018 - PKS Automation/Registration Module/Workflow/New Registration/Case OTC to RO - RO Submit FAILED because (of) (Stack trace: com.kms.katalon.core.exception.StepFailedException: Unable to set text 'CRN12201800123252' of object 'Object Repository/Final Object Repo/New Registration - Registration Module Pages/New Reg - OTC to RO/Special Case - All Related Objects/TextBox RefNo in Workbasket' (Root cause: org.openqa.selenium.ElementNotVisibleException: element not interactable
  (Session info: chrome=70.0.3538.110)
  (Driver info: chromedriver=2.43.600210 (68dcf5eebde37173d4027fa8635e332711d2874a),platform=Windows NT 6.1.7601 SP1 x86_64) (WARNING: The server did not provide any stacktrace information)
Command duration or timeout: 0 milliseconds
Build info: version: '3.7.1', revision: '8a0099a', time: '2017-11-06T21:07:36.161Z'
System info: host: 'WIN7TEST02', ip: '10.20.3.72', os.name: 'Windows 7', os.arch: 'amd64', os.version: '6.1', java.version: '1.8.0_181'
Driver info: com.kms.katalon.selenium.driver.CChromeDriver
Capabilities {acceptInsecureCerts: false, acceptSslCerts: false, applicationCacheEnabled: false, browserConnectionEnabled: false, browserName: chrome, chrome: {chromedriverVersion: 2.43.600210 (68dcf5eebde371..., userDataDir: C:\Users\Admin\AppData\Loca...}, cssSelectorsEnabled: true, databaseEnabled: false, goog:chromeOptions: {debuggerAddress: localhost:59519}, handlesAlerts: true, hasTouchScreen: false, javascriptEnabled: true, locationContextEnabled: true, mobileEmulationEnabled: false, nativeEvents: true, networkConnectionEnabled: false, pageLoadStrategy: normal, platform: XP, platformName: XP, rotatable: false, setWindowRect: true, takesHeapSnapshot: true, takesScreenshot: true, unexpectedAlertBehaviour: , unhandledPromptBehavior: , version: 70.0.3538.110, webStorageEnabled: true}
Session ID: 90ec7de5b152ba5779e2e9bc8c5c9116)
	at com.kms.katalon.core.keyword.internal.KeywordMain.stepFailed(KeywordMain.groovy:32)
	at com.kms.katalon.core.webui.keyword.internal.WebUIKeywordMain.stepFailed(WebUIKeywordMain.groovy:65)
	at com.kms.katalon.core.webui.keyword.internal.WebUIKeywordMain.runKeyword(WebUIKeywordMain.groovy:27)
	at com.kms.katalon.core.webui.keyword.builtin.SetTextKeyword.setText(SetTextKeyword.groovy:65)
	at com.kms.katalon.core.webui.keyword.builtin.SetTextKeyword.execute(SetTextKeyword.groovy:37)
	at com.kms.katalon.core.keyword.internal.KeywordExecutor.executeKeywordForPlatform(KeywordExecutor.groovy:53)
	at com.kms.katalon.core.webui.keyword.WebUiBuiltInKeywords.setText(WebUiBuiltInKeywords.groovy:950)
	at com.kms.katalon.core.webui.keyword.WebUiBuiltInKeywords$setText$1.call(Unknown Source)
	at org.codehaus.groovy.runtime.callsite.CallSiteArray.defaultCall(CallSiteArray.java:48)
	at org.codehaus.groovy.runtime.callsite.AbstractCallSite.call(AbstractCallSite.java:113)
	at org.codehaus.groovy.runtime.callsite.AbstractCallSite.call(AbstractCallSite.java:133)
	at Script1535599379320.run(Script1535599379320.groovy:73)
	at com.kms.katalon.core.main.ScriptEngine.run(ScriptEngine.java:183)
	at com.kms.katalon.core.main.ScriptEngine.runScriptAsRawText(ScriptEngine.java:108)
	at com.kms.katalon.core.main.TestCaseExecutor.runScript(TestCaseExecutor.java:294)
	at com.kms.katalon.core.main.TestCaseExecutor.doExecute(TestCaseExecutor.java:285)
	at com.kms.katalon.core.main.TestCaseExecutor.processExecutionPhase(TestCaseExecutor.java:264)
	at com.kms.katalon.core.main.TestCaseExecutor.accessMainPhase(TestCaseExecutor.java:256)
	at com.kms.katalon.core.main.TestCaseExecutor.execute(TestCaseExecutor.java:200)
	at com.kms.katalon.core.main.TestSuiteExecutor.accessTestCaseMainPhase(TestSuiteExecutor.java:129)
	at com.kms.katalon.core.main.TestSuiteExecutor.accessTestSuiteMainPhase(TestSuiteExecutor.java:112)
	at com.kms.katalon.core.main.TestSuiteExecutor.execute(TestSuiteExecutor.java:81)
	at com.kms.katalon.core.main.TestCaseMain.startTestSuite(TestCaseMain.java:142)
	at com.kms.katalon.core.main.TestCaseMain$startTestSuite$0.call(Unknown Source)
	at org.codehaus.groovy.runtime.callsite.CallSiteArray.defaultCall(CallSiteArray.java:48)
	at org.codehaus.groovy.runtime.callsite.AbstractCallSite.call(AbstractCallSite.java:113)
	at org.codehaus.groovy.runtime.callsite.AbstractCallSite.call(AbstractCallSite.java:141)
	at TempTestSuite1544618906888.run(TempTestSuite1544618906888.groovy:36)
	at groovy.lang.GroovyShell.runScriptOrMainOrTestOrRunnable(GroovyShell.java:263)
	at groovy.lang.GroovyShell.run(GroovyShell.java:518)
	at groovy.lang.GroovyShell.run(GroovyShell.java:507)
	at groovy.ui.GroovyMain.processOnce(GroovyMain.java:653)
	at groovy.ui.GroovyMain.run(GroovyMain.java:384)
	at groovy.ui.GroovyMain.process(GroovyMain.java:370)
	at groovy.ui.GroovyMain.processArgs(GroovyMain.java:129)
	at groovy.ui.GroovyMain.main(GroovyMain.java:109)
	at sun.reflect.NativeMethodAccessorImpl.invoke0(Native Method)
	at sun.reflect.NativeMethodAccessorImpl.invoke(NativeMethodAccessorImpl.java:62)
	at sun.reflect.DelegatingMethodAccessorImpl.invoke(DelegatingMethodAccessorImpl.java:43)
	at java.lang.reflect.Method.invoke(Method.java:498)
	at org.codehaus.groovy.tools.GroovyStarter.rootLoader(GroovyStarter.java:109)
	at org.codehaus.groovy.tools.GroovyStarter.main(GroovyStarter.java:131)
)]]></system-err>
      </testcase>
      <testcase name="Test Cases/Final Aug 2018 - PKS Automation/Registration Module/Workflow/New Registration/Case PKR BO to RO - Query - Submit" classname="Test Cases/Final Aug 2018 - PKS Automation/Registration Module/Workflow/New Registration/Case PKR BO to RO - Query - Submit" status="FAILED">
         <failure type="FAILED" message="(Stack trace: com.kms.katalon.core.exception.StepFailedException: Unable to set text 'CRN12201800123253' of object 'Object Repository/Final Object Repo/New Registration - Registration Module Pages/New Reg - OTC to RO/Special Case - All Related Objects/TextBox RefNo in Workbasket' (Root cause: org.openqa.selenium.ElementNotVisibleException: element not interactable
  (Session info: chrome=70.0.3538.110)
  (Driver info: chromedriver=2.43.600210 (68dcf5eebde37173d4027fa8635e332711d2874a),platform=Windows NT 6.1.7601 SP1 x86_64) (WARNING: The server did not provide any stacktrace information)
Command duration or timeout: 0 milliseconds
Build info: version: '3.7.1', revision: '8a0099a', time: '2017-11-06T21:07:36.161Z'
System info: host: 'WIN7TEST02', ip: '10.20.3.72', os.name: 'Windows 7', os.arch: 'amd64', os.version: '6.1', java.version: '1.8.0_181'
Driver info: com.kms.katalon.selenium.driver.CChromeDriver
Capabilities {acceptInsecureCerts: false, acceptSslCerts: false, applicationCacheEnabled: false, browserConnectionEnabled: false, browserName: chrome, chrome: {chromedriverVersion: 2.43.600210 (68dcf5eebde371..., userDataDir: C:\Users\Admin\AppData\Loca...}, cssSelectorsEnabled: true, databaseEnabled: false, goog:chromeOptions: {debuggerAddress: localhost:59616}, handlesAlerts: true, hasTouchScreen: false, javascriptEnabled: true, locationContextEnabled: true, mobileEmulationEnabled: false, nativeEvents: true, networkConnectionEnabled: false, pageLoadStrategy: normal, platform: XP, platformName: XP, rotatable: false, setWindowRect: true, takesHeapSnapshot: true, takesScreenshot: true, unexpectedAlertBehaviour: , unhandledPromptBehavior: , version: 70.0.3538.110, webStorageEnabled: true}
Session ID: 11ac39114346745f3f081afa5192614f)
	at com.kms.katalon.core.keyword.internal.KeywordMain.stepFailed(KeywordMain.groovy:32)
	at com.kms.katalon.core.webui.keyword.internal.WebUIKeywordMain.stepFailed(WebUIKeywordMain.groovy:65)
	at com.kms.katalon.core.webui.keyword.internal.WebUIKeywordMain.runKeyword(WebUIKeywordMain.groovy:27)
	at com.kms.katalon.core.webui.keyword.builtin.SetTextKeyword.setText(SetTextKeyword.groovy:65)
	at com.kms.katalon.core.webui.keyword.builtin.SetTextKeyword.execute(SetTextKeyword.groovy:37)
	at com.kms.katalon.core.keyword.internal.KeywordExecutor.executeKeywordForPlatform(KeywordExecutor.groovy:53)
	at com.kms.katalon.core.webui.keyword.WebUiBuiltInKeywords.setText(WebUiBuiltInKeywords.groovy:950)
	at com.kms.katalon.core.webui.keyword.WebUiBuiltInKeywords$setText$1.call(Unknown Source)
	at org.codehaus.groovy.runtime.callsite.CallSiteArray.defaultCall(CallSiteArray.java:48)
	at org.codehaus.groovy.runtime.callsite.AbstractCallSite.call(AbstractCallSite.java:113)
	at org.codehaus.groovy.runtime.callsite.AbstractCallSite.call(AbstractCallSite.java:133)
	at Script1535619019036.run(Script1535619019036.groovy:73)
	at com.kms.katalon.core.main.ScriptEngine.run(ScriptEngine.java:183)
	at com.kms.katalon.core.main.ScriptEngine.runScriptAsRawText(ScriptEngine.java:108)
	at com.kms.katalon.core.main.TestCaseExecutor.runScript(TestCaseExecutor.java:294)
	at com.kms.katalon.core.main.TestCaseExecutor.doExecute(TestCaseExecutor.java:285)
	at com.kms.katalon.core.main.TestCaseExecutor.processExecutionPhase(TestCaseExecutor.java:264)
	at com.kms.katalon.core.main.TestCaseExecutor.accessMainPhase(TestCaseExecutor.java:256)
	at com.kms.katalon.core.main.TestCaseExecutor.execute(TestCaseExecutor.java:200)
	at com.kms.katalon.core.main.TestSuiteExecutor.accessTestCaseMainPhase(TestSuiteExecutor.java:129)
	at com.kms.katalon.core.main.TestSuiteExecutor.accessTestSuiteMainPhase(TestSuiteExecutor.java:112)
	at com.kms.katalon.core.main.TestSuiteExecutor.execute(TestSuiteExecutor.java:81)
	at com.kms.katalon.core.main.TestCaseMain.startTestSuite(TestCaseMain.java:142)
	at com.kms.katalon.core.main.TestCaseMain$startTestSuite$0.call(Unknown Source)
	at org.codehaus.groovy.runtime.callsite.CallSiteArray.defaultCall(CallSiteArray.java:48)
	at org.codehaus.groovy.runtime.callsite.AbstractCallSite.call(AbstractCallSite.java:113)
	at org.codehaus.groovy.runtime.callsite.AbstractCallSite.call(AbstractCallSite.java:141)
	at TempTestSuite1544618906888.run(TempTestSuite1544618906888.groovy:36)
	at groovy.lang.GroovyShell.runScriptOrMainOrTestOrRunnable(GroovyShell.java:263)
	at groovy.lang.GroovyShell.run(GroovyShell.java:518)
	at groovy.lang.GroovyShell.run(GroovyShell.java:507)
	at groovy.ui.GroovyMain.processOnce(GroovyMain.java:653)
	at groovy.ui.GroovyMain.run(GroovyMain.java:384)
	at groovy.ui.GroovyMain.process(GroovyMain.java:370)
	at groovy.ui.GroovyMain.processArgs(GroovyMain.java:129)
	at groovy.ui.GroovyMain.main(GroovyMain.java:109)
	at sun.reflect.NativeMethodAccessorImpl.invoke0(Native Method)
	at sun.reflect.NativeMethodAccessorImpl.invoke(NativeMethodAccessorImpl.java:62)
	at sun.reflect.DelegatingMethodAccessorImpl.invoke(DelegatingMethodAccessorImpl.java:43)
	at java.lang.reflect.Method.invoke(Method.java:498)
	at org.codehaus.groovy.tools.GroovyStarter.rootLoader(GroovyStarter.java:109)
	at org.codehaus.groovy.tools.GroovyStarter.main(GroovyStarter.java:131)
)"/>
         <system-out><![CDATA[2018-12-13 00:27:10 - [TEST_CASE][FAILED] - Test Cases/Final Aug 2018 - PKS Automation/Registration Module/Workflow/New Registration/Case PKR BO to RO - Query - Submit: Test Cases/Final Aug 2018 - PKS Automation/Registration Module/Workflow/New Registration/Case PKR BO to RO - Query - Submit FAILED because (of) (Stack trace: com.kms.katalon.core.exception.StepFailedException: Unable to set text 'CRN12201800123253' of object 'Object Repository/Final Object Repo/New Registration - Registration Module Pages/New Reg - OTC to RO/Special Case - All Related Objects/TextBox RefNo in Workbasket' (Root cause: org.openqa.selenium.ElementNotVisibleException: element not interactable
  (Session info: chrome=70.0.3538.110)
  (Driver info: chromedriver=2.43.600210 (68dcf5eebde37173d4027fa8635e332711d2874a),platform=Windows NT 6.1.7601 SP1 x86_64) (WARNING: The server did not provide any stacktrace information)
Command duration or timeout: 0 milliseconds
Build info: version: '3.7.1', revision: '8a0099a', time: '2017-11-06T21:07:36.161Z'
System info: host: 'WIN7TEST02', ip: '10.20.3.72', os.name: 'Windows 7', os.arch: 'amd64', os.version: '6.1', java.version: '1.8.0_181'
Driver info: com.kms.katalon.selenium.driver.CChromeDriver
Capabilities {acceptInsecureCerts: false, acceptSslCerts: false, applicationCacheEnabled: false, browserConnectionEnabled: false, browserName: chrome, chrome: {chromedriverVersion: 2.43.600210 (68dcf5eebde371..., userDataDir: C:\Users\Admin\AppData\Loca...}, cssSelectorsEnabled: true, databaseEnabled: false, goog:chromeOptions: {debuggerAddress: localhost:59616}, handlesAlerts: true, hasTouchScreen: false, javascriptEnabled: true, locationContextEnabled: true, mobileEmulationEnabled: false, nativeEvents: true, networkConnectionEnabled: false, pageLoadStrategy: normal, platform: XP, platformName: XP, rotatable: false, setWindowRect: true, takesHeapSnapshot: true, takesScreenshot: true, unexpectedAlertBehaviour: , unhandledPromptBehavior: , version: 70.0.3538.110, webStorageEnabled: true}
Session ID: 11ac39114346745f3f081afa5192614f)
	at com.kms.katalon.core.keyword.internal.KeywordMain.stepFailed(KeywordMain.groovy:32)
	at com.kms.katalon.core.webui.keyword.internal.WebUIKeywordMain.stepFailed(WebUIKeywordMain.groovy:65)
	at com.kms.katalon.core.webui.keyword.internal.WebUIKeywordMain.runKeyword(WebUIKeywordMain.groovy:27)
	at com.kms.katalon.core.webui.keyword.builtin.SetTextKeyword.setText(SetTextKeyword.groovy:65)
	at com.kms.katalon.core.webui.keyword.builtin.SetTextKeyword.execute(SetTextKeyword.groovy:37)
	at com.kms.katalon.core.keyword.internal.KeywordExecutor.executeKeywordForPlatform(KeywordExecutor.groovy:53)
	at com.kms.katalon.core.webui.keyword.WebUiBuiltInKeywords.setText(WebUiBuiltInKeywords.groovy:950)
	at com.kms.katalon.core.webui.keyword.WebUiBuiltInKeywords$setText$1.call(Unknown Source)
	at org.codehaus.groovy.runtime.callsite.CallSiteArray.defaultCall(CallSiteArray.java:48)
	at org.codehaus.groovy.runtime.callsite.AbstractCallSite.call(AbstractCallSite.java:113)
	at org.codehaus.groovy.runtime.callsite.AbstractCallSite.call(AbstractCallSite.java:133)
	at Script1535619019036.run(Script1535619019036.groovy:73)
	at com.kms.katalon.core.main.ScriptEngine.run(ScriptEngine.java:183)
	at com.kms.katalon.core.main.ScriptEngine.runScriptAsRawText(ScriptEngine.java:108)
	at com.kms.katalon.core.main.TestCaseExecutor.runScript(TestCaseExecutor.java:294)
	at com.kms.katalon.core.main.TestCaseExecutor.doExecute(TestCaseExecutor.java:285)
	at com.kms.katalon.core.main.TestCaseExecutor.processExecutionPhase(TestCaseExecutor.java:264)
	at com.kms.katalon.core.main.TestCaseExecutor.accessMainPhase(TestCaseExecutor.java:256)
	at com.kms.katalon.core.main.TestCaseExecutor.execute(TestCaseExecutor.java:200)
	at com.kms.katalon.core.main.TestSuiteExecutor.accessTestCaseMainPhase(TestSuiteExecutor.java:129)
	at com.kms.katalon.core.main.TestSuiteExecutor.accessTestSuiteMainPhase(TestSuiteExecutor.java:112)
	at com.kms.katalon.core.main.TestSuiteExecutor.execute(TestSuiteExecutor.java:81)
	at com.kms.katalon.core.main.TestCaseMain.startTestSuite(TestCaseMain.java:142)
	at com.kms.katalon.core.main.TestCaseMain$startTestSuite$0.call(Unknown Source)
	at org.codehaus.groovy.runtime.callsite.CallSiteArray.defaultCall(CallSiteArray.java:48)
	at org.codehaus.groovy.runtime.callsite.AbstractCallSite.call(AbstractCallSite.java:113)
	at org.codehaus.groovy.runtime.callsite.AbstractCallSite.call(AbstractCallSite.java:141)
	at TempTestSuite1544618906888.run(TempTestSuite1544618906888.groovy:36)
	at groovy.lang.GroovyShell.runScriptOrMainOrTestOrRunnable(GroovyShell.java:263)
	at groovy.lang.GroovyShell.run(GroovyShell.java:518)
	at groovy.lang.GroovyShell.run(GroovyShell.java:507)
	at groovy.ui.GroovyMain.processOnce(GroovyMain.java:653)
	at groovy.ui.GroovyMain.run(GroovyMain.java:384)
	at groovy.ui.GroovyMain.process(GroovyMain.java:370)
	at groovy.ui.GroovyMain.processArgs(GroovyMain.java:129)
	at groovy.ui.GroovyMain.main(GroovyMain.java:109)
	at sun.reflect.NativeMethodAccessorImpl.invoke0(Native Method)
	at sun.reflect.NativeMethodAccessorImpl.invoke(NativeMethodAccessorImpl.java:62)
	at sun.reflect.DelegatingMethodAccessorImpl.invoke(DelegatingMethodAccessorImpl.java:43)
	at java.lang.reflect.Method.invoke(Method.java:498)
	at org.codehaus.groovy.tools.GroovyStarter.rootLoader(GroovyStarter.java:109)
	at org.codehaus.groovy.tools.GroovyStarter.main(GroovyStarter.java:131)
)

2018-12-13 00:27:10 - [TEST_STEP][PASSED] - callTestCase: Call Test Case 'Test Cases/Final Aug 2018 - PKS Automation/Registration Module/Workflow/New Registration/Template/Special Case - PKR BO - Form 1' successfully

2018-12-13 00:27:10 - [TEST_CASE][PASSED] - Test Cases/Final Aug 2018 - PKS Automation/Registration Module/Workflow/New Registration/Template/Special Case - PKR BO - Form 1: Test Cases/Final Aug 2018 - PKS Automation/Registration Module/Workflow/New Registration/Template/Special Case - PKR BO - Form 1

2018-12-13 00:27:10 - [TEST_STEP][PASSED] - openBrowser: Browser is opened with url: ''

2018-12-13 00:27:10 - [MESSAGE][WARNING] - A browser is already opened. Closing browser and opening a new one

2018-12-13 00:27:14 - [MESSAGE][PASSED] - Browser is opened with url: ''

2018-12-13 00:27:14 - [TEST_STEP][PASSED] - navigateToUrl: Navigate to 'https://assist2-uat.perkeso.gov.my/login' successfully

2018-12-13 00:27:15 - [MESSAGE][PASSED] - Navigate to 'https://assist2-uat.perkeso.gov.my/login' successfully

2018-12-13 00:27:15 - [TEST_STEP][PASSED] - delay: Delayed 2 second(s)

2018-12-13 00:27:17 - [MESSAGE][PASSED] - Delayed 2 second(s)

2018-12-13 00:27:17 - [TEST_STEP][PASSED] - setText: Text 'klpkrbo2@gmail.com' is set on object 'Object Repository/Final Object Repo/Login Page/Internal User/Email Address'

2018-12-13 00:27:18 - [MESSAGE][PASSED] - Text 'klpkrbo2@gmail.com' is set on object 'Object Repository/Final Object Repo/Login Page/Internal User/Email Address'

2018-12-13 00:27:18 - [TEST_STEP][PASSED] - click: Object: 'Object Repository/Final Object Repo/Login Page/Internal User/Next Button' is clicked on

2018-12-13 00:27:18 - [MESSAGE][PASSED] - Object: 'Object Repository/Final Object Repo/Login Page/Internal User/Next Button' is clicked on

2018-12-13 00:27:18 - [TEST_STEP][PASSED] - delay: Delayed 2 second(s)

2018-12-13 00:27:20 - [MESSAGE][PASSED] - Delayed 2 second(s)

2018-12-13 00:27:20 - [TEST_STEP][PASSED] - setText: Text 'Test1@3456789' is set on object 'Object Repository/Final Object Repo/Login Page/Internal User/Password'

2018-12-13 00:27:20 - [MESSAGE][PASSED] - Text 'Test1@3456789' is set on object 'Object Repository/Final Object Repo/Login Page/Internal User/Password'

2018-12-13 00:27:20 - [TEST_STEP][PASSED] - delay: Delayed 2 second(s)

2018-12-13 00:27:22 - [MESSAGE][PASSED] - Delayed 2 second(s)

2018-12-13 00:27:22 - [TEST_STEP][PASSED] - click: Object: 'Object Repository/Final Object Repo/Login Page/Internal User/Login Button' is clicked on

2018-12-13 00:27:22 - [MESSAGE][PASSED] - Object: 'Object Repository/Final Object Repo/Login Page/Internal User/Login Button' is clicked on

2018-12-13 00:27:22 - [TEST_STEP][PASSED] - Statement - Try: null

2018-12-13 00:27:22 - [TEST_STEP][PASSED] - Statement - Checker = com.kms.katalon.core.webui.keyword.WebUiBuiltInKeywords.verifyElementNotPresent("Final Object Repo/Landing Page/Select to English", 3): null

2018-12-13 00:27:22 - [TEST_STEP][PASSED] - Statement - Catch (Exception e): null

2018-12-13 00:27:22 - [TEST_STEP][PASSED] - Statement - e.printStackTrace(): null

2018-12-13 00:27:22 - [TEST_STEP][PASSED] - delay: Delayed 5 second(s)

2018-12-13 00:27:27 - [MESSAGE][PASSED] - Delayed 5 second(s)

2018-12-13 00:27:27 - [TEST_STEP][PASSED] - click: Object: 'Object Repository/Final Object Repo/Landing Page/My Sites Drop Down' is clicked on

2018-12-13 00:27:27 - [MESSAGE][PASSED] - Object: 'Object Repository/Final Object Repo/Landing Page/My Sites Drop Down' is clicked on

2018-12-13 00:27:27 - [TEST_STEP][PASSED] - click: Object: 'Object Repository/Final Object Repo/Landing Page/Select to Registration Module' is clicked on

2018-12-13 00:27:28 - [MESSAGE][PASSED] - Object: 'Object Repository/Final Object Repo/Landing Page/Select to Registration Module' is clicked on

2018-12-13 00:27:28 - [TEST_STEP][PASSED] - click: Object: 'Object Repository/Final Object Repo/Landing Page/Registration Button' is clicked on

2018-12-13 00:27:30 - [MESSAGE][PASSED] - Object: 'Object Repository/Final Object Repo/Landing Page/Registration Button' is clicked on

2018-12-13 00:27:30 - [TEST_STEP][PASSED] - delay: Delayed 2 second(s)

2018-12-13 00:27:32 - [MESSAGE][PASSED] - Delayed 2 second(s)

2018-12-13 00:27:32 - [TEST_STEP][PASSED] - click: Object: 'Object Repository/Final Object Repo/New Registration - Registration Module Pages/New Reg - OTC to RO/Special Case - OTC - Form 1/AEC NO' is clicked on

2018-12-13 00:27:32 - [MESSAGE][PASSED] - Object: 'Object Repository/Final Object Repo/New Registration - Registration Module Pages/New Reg - OTC to RO/Special Case - OTC - Form 1/AEC NO' is clicked on

2018-12-13 00:27:32 - [TEST_STEP][PASSED] - click: Object: 'Object Repository/Final Object Repo/New Registration - Registration Module Pages/New Reg - OTC to RO/Special Case - OTC - Form 1/Business Entity - Please Select' is clicked on

2018-12-13 00:27:32 - [MESSAGE][PASSED] - Object: 'Object Repository/Final Object Repo/New Registration - Registration Module Pages/New Reg - OTC to RO/Special Case - OTC - Form 1/Business Entity - Please Select' is clicked on

2018-12-13 00:27:32 - [TEST_STEP][PASSED] - click: Object: 'Object Repository/Final Object Repo/New Registration - Registration Module Pages/New Reg - OTC to RO/Special Case - OTC - Form 1/Selected - Corporation' is clicked on

2018-12-13 00:27:32 - [MESSAGE][PASSED] - Object: 'Object Repository/Final Object Repo/New Registration - Registration Module Pages/New Reg - OTC to RO/Special Case - OTC - Form 1/Selected - Corporation' is clicked on

2018-12-13 00:27:32 - [TEST_STEP][PASSED] - delay: Delayed 2 second(s)

2018-12-13 00:27:34 - [MESSAGE][PASSED] - Delayed 2 second(s)

2018-12-13 00:27:34 - [TEST_STEP][PASSED] - click: Object: 'Object Repository/Final Object Repo/New Registration - Registration Module Pages/New Reg - OTC to RO/Special Case - OTC - Form 1/Sub Business Entity - Please Select' is clicked on

2018-12-13 00:27:34 - [MESSAGE][PASSED] - Object: 'Object Repository/Final Object Repo/New Registration - Registration Module Pages/New Reg - OTC to RO/Special Case - OTC - Form 1/Sub Business Entity - Please Select' is clicked on

2018-12-13 00:27:34 - [TEST_STEP][PASSED] - delay: Delayed 2 second(s)

2018-12-13 00:27:36 - [MESSAGE][PASSED] - Delayed 2 second(s)

2018-12-13 00:27:36 - [TEST_STEP][PASSED] - click: Object: 'Object Repository/Final Object Repo/New Registration - Registration Module Pages/New Reg - OTC to RO/Special Case - OTC - Form 1/Selected - Sendirian Berhad' is clicked on

2018-12-13 00:27:37 - [MESSAGE][PASSED] - Object: 'Object Repository/Final Object Repo/New Registration - Registration Module Pages/New Reg - OTC to RO/Special Case - OTC - Form 1/Selected - Sendirian Berhad' is clicked on

2018-12-13 00:27:37 - [TEST_STEP][PASSED] - setText: Text 'AUTOMATE001' is set on object 'Object Repository/Final Object Repo/New Registration - Registration Module Pages/New Reg - OTC to RO/Special Case - OTC - Form 1/Input BRN Number'

2018-12-13 00:27:37 - [MESSAGE][PASSED] - Text 'AUTOMATE001' is set on object 'Object Repository/Final Object Repo/New Registration - Registration Module Pages/New Reg - OTC to RO/Special Case - OTC - Form 1/Input BRN Number'

2018-12-13 00:27:37 - [TEST_STEP][PASSED] - delay: Delayed 2 second(s)

2018-12-13 00:27:39 - [MESSAGE][PASSED] - Delayed 2 second(s)

2018-12-13 00:27:39 - [TEST_STEP][PASSED] - click: Object: 'Object Repository/Final Object Repo/New Registration - Registration Module Pages/New Reg - OTC to RO/Special Case - OTC - Form 1/BRN Search' is clicked on

2018-12-13 00:27:39 - [MESSAGE][PASSED] - Object: 'Object Repository/Final Object Repo/New Registration - Registration Module Pages/New Reg - OTC to RO/Special Case - OTC - Form 1/BRN Search' is clicked on

2018-12-13 00:27:39 - [TEST_STEP][PASSED] - delay: Delayed 4 second(s)

2018-12-13 00:27:43 - [MESSAGE][PASSED] - Delayed 4 second(s)

2018-12-13 00:27:43 - [TEST_STEP][PASSED] - click: Object: 'Object Repository/Final Object Repo/New Registration - Registration Module Pages/New Reg - OTC to RO/Special Case - OTC - Form 1/Registered with SSM - After Feb 2017' is clicked on

2018-12-13 00:27:43 - [MESSAGE][PASSED] - Object: 'Object Repository/Final Object Repo/New Registration - Registration Module Pages/New Reg - OTC to RO/Special Case - OTC - Form 1/Registered with SSM - After Feb 2017' is clicked on

2018-12-13 00:27:43 - [TEST_STEP][PASSED] - delay: Delayed 2 second(s)

2018-12-13 00:27:45 - [MESSAGE][PASSED] - Delayed 2 second(s)

2018-12-13 00:27:45 - [TEST_STEP][PASSED] - click: Object: 'Object Repository/Final Object Repo/New Registration - Registration Module Pages/New Reg - OTC to RO/Special Case - OTC - Form 1/Registering As A Branch - No' is clicked on

2018-12-13 00:27:46 - [MESSAGE][PASSED] - Object: 'Object Repository/Final Object Repo/New Registration - Registration Module Pages/New Reg - OTC to RO/Special Case - OTC - Form 1/Registering As A Branch - No' is clicked on

2018-12-13 00:27:46 - [TEST_STEP][PASSED] - click: Object: 'Object Repository/Final Object Repo/New Registration - Registration Module Pages/New Reg - OTC to RO/Special Case - OTC - Form 1/Acknowledgement Ticked' is clicked on

2018-12-13 00:27:46 - [MESSAGE][PASSED] - Object: 'Object Repository/Final Object Repo/New Registration - Registration Module Pages/New Reg - OTC to RO/Special Case - OTC - Form 1/Acknowledgement Ticked' is clicked on

2018-12-13 00:27:46 - [TEST_STEP][PASSED] - click: Object: 'Object Repository/Final Object Repo/New Registration - Registration Module Pages/New Reg - OTC to RO/Special Case - OTC - Form 1/Submit Button' is clicked on

2018-12-13 00:27:46 - [MESSAGE][PASSED] - Object: 'Object Repository/Final Object Repo/New Registration - Registration Module Pages/New Reg - OTC to RO/Special Case - OTC - Form 1/Submit Button' is clicked on

2018-12-13 00:27:46 - [TEST_STEP][PASSED] - delay: Delayed 2 second(s)

2018-12-13 00:27:48 - [MESSAGE][PASSED] - Delayed 2 second(s)

2018-12-13 00:27:48 - [TEST_STEP][PASSED] - click: Object: 'Object Repository/Final Object Repo/New Registration - Registration Module Pages/New Reg - OTC to RO/Special Case - OTC - Form 1/Confirm No Flagging as Branch' is clicked on

2018-12-13 00:27:48 - [MESSAGE][PASSED] - Object: 'Object Repository/Final Object Repo/New Registration - Registration Module Pages/New Reg - OTC to RO/Special Case - OTC - Form 1/Confirm No Flagging as Branch' is clicked on

2018-12-13 00:27:48 - [MESSAGE][PASSED] - Call Test Case 'Test Cases/Final Aug 2018 - PKS Automation/Registration Module/Workflow/New Registration/Template/Special Case - PKR BO - Form 1' successfully

2018-12-13 00:27:48 - [TEST_STEP][PASSED] - callTestCase: Call Test Case 'Test Cases/Final Aug 2018 - PKS Automation/Registration Module/New Registration/Form 2/Add 1 Eligible' successfully

2018-12-13 00:27:48 - [TEST_CASE][PASSED] - Test Cases/Final Aug 2018 - PKS Automation/Registration Module/New Registration/Form 2/Add 1 Eligible: Test Cases/Final Aug 2018 - PKS Automation/Registration Module/New Registration/Form 2/Add 1 Eligible

2018-12-13 00:27:48 - [TEST_STEP][PASSED] - delay: Delayed 2 second(s)

2018-12-13 00:27:50 - [MESSAGE][PASSED] - Delayed 2 second(s)

2018-12-13 00:27:50 - [TEST_STEP][PASSED] - callTestCase: Call Test Case 'Test Cases/Final Aug 2018 - PKS Automation/Registration Module/New Registration/Form 2/Date Updater' successfully

2018-12-13 00:27:50 - [TEST_CASE][PASSED] - Test Cases/Final Aug 2018 - PKS Automation/Registration Module/New Registration/Form 2/Date Updater: Test Cases/Final Aug 2018 - PKS Automation/Registration Module/New Registration/Form 2/Date Updater

2018-12-13 00:27:50 - [TEST_STEP][PASSED] - Statement - TodayDate = new java.util.Date(): null

2018-12-13 00:27:50 - [TEST_STEP][PASSED] - Statement - CurrentDateNoFilter = new java.text.SimpleDateFormat(): null

2018-12-13 00:27:50 - [TEST_STEP][PASSED] - Statement - CurrentDateNoFilter.applyPattern("MM"): null

2018-12-13 00:27:50 - [TEST_STEP][PASSED] - Statement - monthContainerMatcher = java.lang.Integer.parseInt(CurrentDateNoFilter.format(TodayDate)): null

2018-12-13 00:27:50 - [TEST_STEP][PASSED] - Statement - monthContainerMatcher = monthContainerMatcher - 1: null

2018-12-13 00:27:50 - [TEST_STEP][PASSED] - Statement - CurrentMonth = monthContainerMatcher.toString(): null

2018-12-13 00:27:50 - [TEST_STEP][PASSED] - Statement - CurrentMonth = CurrentMonth: null

2018-12-13 00:27:50 - [TEST_STEP][PASSED] - Statement - CurrentDateNoFilter.applyPattern("yyyy"): null

2018-12-13 00:27:50 - [TEST_STEP][PASSED] - Statement - CurrentYear = CurrentDateNoFilter.format(TodayDate): null

2018-12-13 00:27:50 - [TEST_STEP][PASSED] - Statement - CurrentYear = CurrentYear: null

2018-12-13 00:27:50 - [TEST_STEP][PASSED] - Statement - intCurrentYear = java.lang.Integer.parseInt(CurrentDateNoFilter.format(TodayDate)): null

2018-12-13 00:27:50 - [TEST_STEP][PASSED] - Statement - eighteenYrsAgo = intCurrentYear - 18: null

2018-12-13 00:27:50 - [TEST_STEP][PASSED] - Statement - eighteenYrsBeforeThisYr = eighteenYrsAgo.toString(): null

2018-12-13 00:27:50 - [TEST_STEP][PASSED] - Statement - EighteenYrsBefore = eighteenYrsBeforeThisYr: null

2018-12-13 00:27:50 - [TEST_STEP][PASSED] - Statement - fiftysevenYrsAgo = intCurrentYear - 57: null

2018-12-13 00:27:50 - [TEST_STEP][PASSED] - Statement - fiftysevenYrsBeforeThisYr = fiftysevenYrsAgo.toString(): null

2018-12-13 00:27:50 - [TEST_STEP][PASSED] - Statement - FiftysevenYrsBefore = fiftysevenYrsBeforeThisYr: null

2018-12-13 00:27:50 - [TEST_STEP][PASSED] - Statement - leapYear = false: null

2018-12-13 00:27:50 - [TEST_STEP][PASSED] - Statement - leapYear = intCurrentYear % 4 == 0: null

2018-12-13 00:27:50 - [TEST_STEP][PASSED] - Statement - CurrentDateNoFilter.applyPattern("dd"): null

2018-12-13 00:27:50 - [TEST_STEP][PASSED] - Statement - CurrentDate = CurrentDateNoFilter.format(TodayDate): null

2018-12-13 00:27:50 - [TEST_STEP][PASSED] - Statement - CurrentDate = java.lang.Integer.parseInt(CurrentDate): null

2018-12-13 00:27:50 - [TEST_STEP][PASSED] - Statement - CurrentDate = CurrentDate: null

2018-12-13 00:27:50 - [TEST_STEP][PASSED] - Statement - CurrentDay = java.lang.Integer.parseInt(CurrentDate): null

2018-12-13 00:27:50 - [TEST_STEP][PASSED] - Statement - ConfAdder = <not implemented yet for class: org.codehaus.groovy.ast.expr.EmptyExpression>: null

2018-12-13 00:27:50 - [TEST_STEP][PASSED] - Statement - out.println(CurrentMonth): null

2018-12-13 00:27:50 - [TEST_STEP][PASSED] - Statement - out.println(CurrentDate): null

2018-12-13 00:27:50 - [TEST_STEP][PASSED] - Statement - switch (CurrentDate): null

2018-12-13 00:27:50 - [TEST_STEP][PASSED] - Statement - Default: null

2018-12-13 00:27:50 - [TEST_STEP][PASSED] - Statement - ConfAdder = true: null

2018-12-13 00:27:50 - [TEST_STEP][PASSED] - Statement - Break: null

2018-12-13 00:27:50 - [TEST_STEP][PASSED] - Statement - aDayBefore = <not implemented yet for class: org.codehaus.groovy.ast.expr.EmptyExpression>: null

2018-12-13 00:27:50 - [TEST_STEP][PASSED] - Statement - out.println(ConfAdder): null

2018-12-13 00:27:50 - [TEST_STEP][PASSED] - Statement - If (ConfAdder == true): null

2018-12-13 00:27:50 - [TEST_STEP][PASSED] - Statement - aDayBefore = CurrentDay + 1: null

2018-12-13 00:27:50 - [TEST_STEP][PASSED] - Statement - out.println(aDayBefore): null

2018-12-13 00:27:50 - [TEST_STEP][PASSED] - Statement - If (aDayBefore == 1 && CurrentMonth == 11): null

2018-12-13 00:27:50 - [TEST_STEP][PASSED] - Statement - DayBefore = aDayBefore.toString(): null

2018-12-13 00:27:50 - [TEST_STEP][PASSED] - Statement - OneDayBefore = DayBefore: null

2018-12-13 00:27:50 - [MESSAGE][PASSED] - Call Test Case 'Test Cases/Final Aug 2018 - PKS Automation/Registration Module/New Registration/Form 2/Date Updater' successfully

2018-12-13 00:27:50 - [TEST_STEP][PASSED] - delay: Delayed 1 second(s)

2018-12-13 00:27:51 - [MESSAGE][PASSED] - Delayed 1 second(s)

2018-12-13 00:27:51 - [TEST_STEP][PASSED] - Statement - CaseReferenceNo = com.kms.katalon.core.webui.keyword.WebUiBuiltInKeywords.getText(com.kms.katalon.core.testobject.ObjectRepository.findTestObject(Final Object Repo/New Registration - Registration Module Pages/Form 2/RefNo Acquiring)): Text of object 'Object Repository/Final Object Repo/New Registration - Registration Module Pages/Form 2/RefNo Acquiring' is: 'CRN12201800123253'

2018-12-13 00:27:51 - [MESSAGE][PASSED] - Text of object 'Object Repository/Final Object Repo/New Registration - Registration Module Pages/Form 2/RefNo Acquiring' is: 'CRN12201800123253'

2018-12-13 00:27:51 - [TEST_STEP][PASSED] - delay: Delayed 1 second(s)

2018-12-13 00:27:52 - [MESSAGE][PASSED] - Delayed 1 second(s)

2018-12-13 00:27:52 - [TEST_STEP][PASSED] - click: Object: 'Object Repository/Final Object Repo/New Registration - Registration Module Pages/Form 2/Add Employee Button' is clicked on

2018-12-13 00:27:53 - [MESSAGE][PASSED] - Object: 'Object Repository/Final Object Repo/New Registration - Registration Module Pages/Form 2/Add Employee Button' is clicked on

2018-12-13 00:27:53 - [TEST_STEP][PASSED] - delay: Delayed 1 second(s)

2018-12-13 00:27:54 - [MESSAGE][PASSED] - Delayed 1 second(s)

2018-12-13 00:27:54 - [TEST_STEP][PASSED] - setText: Text '010903091963' is set on object 'Object Repository/Final Object Repo/New Registration - Registration Module Pages/Form 2/NRIC Input'

2018-12-13 00:27:54 - [MESSAGE][PASSED] - Text '010903091963' is set on object 'Object Repository/Final Object Repo/New Registration - Registration Module Pages/Form 2/NRIC Input'

2018-12-13 00:27:54 - [TEST_STEP][PASSED] - click: Object: 'Object Repository/Final Object Repo/New Registration - Registration Module Pages/Form 2/button for search for IC' is clicked on

2018-12-13 00:27:54 - [MESSAGE][PASSED] - Object: 'Object Repository/Final Object Repo/New Registration - Registration Module Pages/Form 2/button for search for IC' is clicked on

2018-12-13 00:27:54 - [TEST_STEP][PASSED] - delay: Delayed 2 second(s)

2018-12-13 00:27:56 - [MESSAGE][PASSED] - Delayed 2 second(s)

2018-12-13 00:27:56 - [TEST_STEP][PASSED] - setText: Text 'Automate001 eligible 1' is set on object 'Object Repository/Final Object Repo/New Registration - Registration Module Pages/Form 2/Employee Name Input'

2018-12-13 00:27:57 - [MESSAGE][PASSED] - Text 'Automate001 eligible 1' is set on object 'Object Repository/Final Object Repo/New Registration - Registration Module Pages/Form 2/Employee Name Input'

2018-12-13 00:27:57 - [TEST_STEP][PASSED] - delay: Delayed 2 second(s)

2018-12-13 00:27:59 - [MESSAGE][PASSED] - Delayed 2 second(s)

2018-12-13 00:27:59 - [TEST_STEP][PASSED] - click: Object: 'Object Repository/Final Object Repo/New Registration - Registration Module Pages/Form 2/DatePicker Pop Up' is clicked on

2018-12-13 00:27:59 - [MESSAGE][PASSED] - Object: 'Object Repository/Final Object Repo/New Registration - Registration Module Pages/Form 2/DatePicker Pop Up' is clicked on

2018-12-13 00:27:59 - [TEST_STEP][PASSED] - click: Object: 'Object Repository/Final Object Repo/New Registration - Registration Module Pages/Form 2/DOB Month' is clicked on

2018-12-13 00:27:59 - [MESSAGE][PASSED] - Object: 'Object Repository/Final Object Repo/New Registration - Registration Module Pages/Form 2/DOB Month' is clicked on

2018-12-13 00:27:59 - [TEST_STEP][PASSED] - Statement - CurrentMonth = CurrentMonth: null

2018-12-13 00:27:59 - [TEST_STEP][PASSED] - Statement - selectMonth = new com.kms.katalon.core.testobject.TestObject(): null

2018-12-13 00:27:59 - [TEST_STEP][PASSED] - Statement - selectMonth.addProperty("xpath", EQUALS, "//body/div/div/div/select/option[@value='" + CurrentMonth + "']", true): null

2018-12-13 00:27:59 - [TEST_STEP][PASSED] - click: Object: '' is clicked on

2018-12-13 00:27:59 - [MESSAGE][PASSED] - Object: '' is clicked on

2018-12-13 00:27:59 - [TEST_STEP][PASSED] - click: Object: 'Object Repository/Final Object Repo/New Registration - Registration Module Pages/Form 2/DOB Year' is clicked on

2018-12-13 00:27:59 - [MESSAGE][PASSED] - Object: 'Object Repository/Final Object Repo/New Registration - Registration Module Pages/Form 2/DOB Year' is clicked on

2018-12-13 00:27:59 - [TEST_STEP][PASSED] - Statement - Eyearsbf = EighteenYrsBefore: null

2018-12-13 00:27:59 - [TEST_STEP][PASSED] - Statement - selectYear = new com.kms.katalon.core.testobject.TestObject(): null

2018-12-13 00:27:59 - [TEST_STEP][PASSED] - Statement - selectYear.addProperty("xpath", EQUALS, "//div/div/div/select/option[@value='" + Eyearsbf + "']", true): null

2018-12-13 00:27:59 - [TEST_STEP][PASSED] - click: Object: '' is clicked on

2018-12-13 00:27:59 - [MESSAGE][PASSED] - Object: '' is clicked on

2018-12-13 00:27:59 - [TEST_STEP][PASSED] - Statement - UpdatedSelectDate = com.kms.katalon.core.webui.keyword.WebUiBuiltInKeywords.modifyObjectProperty(com.kms.katalon.core.testobject.ObjectRepository.findTestObject(Final Object Repo/New Registration - Registration Module Pages/Form 2/DOB Date), "xpath", "equals", "//body/div/table/tbody/tr/td/a[text()="" + CurrentDate + ""]", true): Modify property of object successfully

2018-12-13 00:27:59 - [MESSAGE][PASSED] - Modify property of object successfully

2018-12-13 00:27:59 - [TEST_STEP][PASSED] - delay: Delayed 3 second(s)

2018-12-13 00:28:02 - [MESSAGE][PASSED] - Delayed 3 second(s)

2018-12-13 00:28:02 - [TEST_STEP][PASSED] - click: Object: 'Object Repository/Final Object Repo/New Registration - Registration Module Pages/Form 2/DOB Date' is clicked on

2018-12-13 00:28:02 - [MESSAGE][PASSED] - Object: 'Object Repository/Final Object Repo/New Registration - Registration Module Pages/Form 2/DOB Date' is clicked on

2018-12-13 00:28:02 - [TEST_STEP][PASSED] - delay: Delayed 2 second(s)

2018-12-13 00:28:04 - [MESSAGE][PASSED] - Delayed 2 second(s)

2018-12-13 00:28:04 - [TEST_STEP][PASSED] - click: Object: 'Object Repository/Final Object Repo/New Registration - Registration Module Pages/Form 2/EmploymentStartDate Pop Up' is clicked on

2018-12-13 00:28:05 - [MESSAGE][PASSED] - Object: 'Object Repository/Final Object Repo/New Registration - Registration Module Pages/Form 2/EmploymentStartDate Pop Up' is clicked on

2018-12-13 00:28:05 - [TEST_STEP][PASSED] - delay: Delayed 2 second(s)

2018-12-13 00:28:07 - [MESSAGE][PASSED] - Delayed 2 second(s)

2018-12-13 00:28:07 - [TEST_STEP][PASSED] - click: Object: 'Object Repository/Final Object Repo/New Registration - Registration Module Pages/Form 2/Socso Employment StartDate Month' is clicked on

2018-12-13 00:28:07 - [MESSAGE][PASSED] - Object: 'Object Repository/Final Object Repo/New Registration - Registration Module Pages/Form 2/Socso Employment StartDate Month' is clicked on

2018-12-13 00:28:07 - [TEST_STEP][PASSED] - delay: Delayed 1 second(s)

2018-12-13 00:28:08 - [MESSAGE][PASSED] - Delayed 1 second(s)

2018-12-13 00:28:08 - [TEST_STEP][PASSED] - click: Object: 'Object Repository/Final Object Repo/New Registration - Registration Module Pages/Form 2/Select Socso Employement Startdate Month' is clicked on

2018-12-13 00:28:08 - [MESSAGE][PASSED] - Object: 'Object Repository/Final Object Repo/New Registration - Registration Module Pages/Form 2/Select Socso Employement Startdate Month' is clicked on

2018-12-13 00:28:08 - [TEST_STEP][PASSED] - delay: Delayed 2 second(s)

2018-12-13 00:28:10 - [MESSAGE][PASSED] - Delayed 2 second(s)

2018-12-13 00:28:10 - [TEST_STEP][PASSED] - click: Object: 'Object Repository/Final Object Repo/New Registration - Registration Module Pages/Form 2/Socso Employment StartDate Year' is clicked on

2018-12-13 00:28:10 - [MESSAGE][PASSED] - Object: 'Object Repository/Final Object Repo/New Registration - Registration Module Pages/Form 2/Socso Employment StartDate Year' is clicked on

2018-12-13 00:28:10 - [TEST_STEP][PASSED] - delay: Delayed 1 second(s)

2018-12-13 00:28:11 - [MESSAGE][PASSED] - Delayed 1 second(s)

2018-12-13 00:28:11 - [TEST_STEP][PASSED] - click: Object: 'Object Repository/Final Object Repo/New Registration - Registration Module Pages/Form 2/Select Socso Employment Startdate Year' is clicked on

2018-12-13 00:28:11 - [MESSAGE][PASSED] - Object: 'Object Repository/Final Object Repo/New Registration - Registration Module Pages/Form 2/Select Socso Employment Startdate Year' is clicked on

2018-12-13 00:28:11 - [TEST_STEP][PASSED] - delay: Delayed 2 second(s)

2018-12-13 00:28:13 - [MESSAGE][PASSED] - Delayed 2 second(s)

2018-12-13 00:28:13 - [TEST_STEP][PASSED] - click: Object: 'Object Repository/Final Object Repo/New Registration - Registration Module Pages/Form 2/Socso Employment Start Date Day' is clicked on

2018-12-13 00:28:14 - [MESSAGE][PASSED] - Object: 'Object Repository/Final Object Repo/New Registration - Registration Module Pages/Form 2/Socso Employment Start Date Day' is clicked on

2018-12-13 00:28:14 - [TEST_STEP][PASSED] - delay: Delayed 2 second(s)

2018-12-13 00:28:16 - [MESSAGE][PASSED] - Delayed 2 second(s)

2018-12-13 00:28:16 - [TEST_STEP][PASSED] - click: Object: 'Object Repository/Final Object Repo/New Registration - Registration Module Pages/Form 2/Save Button for Add Employee' is clicked on

2018-12-13 00:28:16 - [MESSAGE][PASSED] - Object: 'Object Repository/Final Object Repo/New Registration - Registration Module Pages/Form 2/Save Button for Add Employee' is clicked on

2018-12-13 00:28:16 - [TEST_STEP][PASSED] - delay: Delayed 6 second(s)

2018-12-13 00:28:22 - [MESSAGE][PASSED] - Delayed 6 second(s)

2018-12-13 00:28:22 - [TEST_STEP][PASSED] - click: Object: 'Object Repository/Final Object Repo/New Registration - Registration Module Pages/Form 2/Save and Continue Form 2' is clicked on

2018-12-13 00:28:22 - [MESSAGE][PASSED] - Object: 'Object Repository/Final Object Repo/New Registration - Registration Module Pages/Form 2/Save and Continue Form 2' is clicked on

2018-12-13 00:28:22 - [MESSAGE][PASSED] - Call Test Case 'Test Cases/Final Aug 2018 - PKS Automation/Registration Module/New Registration/Form 2/Add 1 Eligible' successfully

2018-12-13 00:28:22 - [TEST_STEP][PASSED] - callTestCase: Call Test Case 'Test Cases/Final Aug 2018 - PKS Automation/Registration Module/New Registration/Flow of New Registration/Third Screen - Upload Supporting Doc - Preview' successfully

2018-12-13 00:28:22 - [TEST_CASE][PASSED] - Test Cases/Final Aug 2018 - PKS Automation/Registration Module/New Registration/Flow of New Registration/Third Screen - Upload Supporting Doc - Preview: Test Cases/Final Aug 2018 - PKS Automation/Registration Module/New Registration/Flow of New Registration/Third Screen - Upload Supporting Doc - Preview

2018-12-13 00:28:22 - [TEST_STEP][PASSED] - waitForPageLoad: Wait for page load successfully

2018-12-13 00:28:23 - [MESSAGE][PASSED] - Wait for page load successfully

2018-12-13 00:28:23 - [TEST_STEP][PASSED] - Statement - CaseReferenceNo = com.kms.katalon.core.webui.keyword.WebUiBuiltInKeywords.getText(com.kms.katalon.core.testobject.ObjectRepository.findTestObject(Final Object Repo/New Registration - Registration Module Pages/Third Screen - Upload Supporting Doc- Preview/RefNo Acquiring)): Text of object 'Object Repository/Final Object Repo/New Registration - Registration Module Pages/Third Screen - Upload Supporting Doc- Preview/RefNo Acquiring' is: 'CRN12201800123253'

2018-12-13 00:28:23 - [MESSAGE][PASSED] - Text of object 'Object Repository/Final Object Repo/New Registration - Registration Module Pages/Third Screen - Upload Supporting Doc- Preview/RefNo Acquiring' is: 'CRN12201800123253'

2018-12-13 00:28:23 - [TEST_STEP][PASSED] - delay: Delayed 2 second(s)

2018-12-13 00:28:25 - [MESSAGE][PASSED] - Delayed 2 second(s)

2018-12-13 00:28:25 - [TEST_STEP][PASSED] - callTestCase: Call Test Case 'Test Cases/Final Aug 2018 - PKS Automation/Common/Reference Number Setter' successfully

2018-12-13 00:28:25 - [TEST_CASE][PASSED] - Test Cases/Final Aug 2018 - PKS Automation/Common/Reference Number Setter: Test Cases/Final Aug 2018 - PKS Automation/Common/Reference Number Setter

2018-12-13 00:28:25 - [TEST_STEP][PASSED] - Statement - RefNoOldFile = new java.io.File(C://Users//Admin//Desktop//PKS//Automation Reference Point//KatalonReference.txt): null

2018-12-13 00:28:25 - [TEST_STEP][PASSED] - Statement - RefNoOldFile.delete(): null

2018-12-13 00:28:25 - [TEST_STEP][PASSED] - delay: Delayed 5 second(s)

2018-12-13 00:28:30 - [MESSAGE][PASSED] - Delayed 5 second(s)

2018-12-13 00:28:30 - [TEST_STEP][PASSED] - Statement - RefNo = new java.io.File(C://Users//Admin//Desktop//PKS//Automation Reference Point//KatalonReference.txt): null

2018-12-13 00:28:30 - [TEST_STEP][PASSED] - Statement - f2 = new java.io.FileWriter(RefNo, false): null

2018-12-13 00:28:30 - [TEST_STEP][PASSED] - Statement - f2.write(CaseReferenceNo): null

2018-12-13 00:28:30 - [TEST_STEP][PASSED] - Statement - f2.close(): null

2018-12-13 00:28:30 - [TEST_STEP][PASSED] - Statement - out.println("


" + CaseReferenceNo + "


"): null

2018-12-13 00:28:30 - [MESSAGE][PASSED] - Call Test Case 'Test Cases/Final Aug 2018 - PKS Automation/Common/Reference Number Setter' successfully

2018-12-13 00:28:30 - [TEST_STEP][PASSED] - waitForElementClickable: Object 'Object Repository/Final Object Repo/New Registration - Registration Module Pages/Third Screen - Upload Supporting Doc- Preview/Save n Continue in SIP Employee Listing Page' is clickable

2018-12-13 00:28:30 - [MESSAGE][PASSED] - Object 'Object Repository/Final Object Repo/New Registration - Registration Module Pages/Third Screen - Upload Supporting Doc- Preview/Save n Continue in SIP Employee Listing Page' is clickable

2018-12-13 00:28:30 - [TEST_STEP][PASSED] - click: Object: 'Object Repository/Final Object Repo/New Registration - Registration Module Pages/Third Screen - Upload Supporting Doc- Preview/Save n Continue in SIP Employee Listing Page' is clicked on

2018-12-13 00:28:35 - [MESSAGE][PASSED] - Object: 'Object Repository/Final Object Repo/New Registration - Registration Module Pages/Third Screen - Upload Supporting Doc- Preview/Save n Continue in SIP Employee Listing Page' is clicked on

2018-12-13 00:28:35 - [TEST_STEP][PASSED] - delay: Delayed 7 second(s)

2018-12-13 00:28:42 - [MESSAGE][PASSED] - Delayed 7 second(s)

2018-12-13 00:28:42 - [TEST_STEP][PASSED] - click: Object: 'Object Repository/Final Object Repo/New Registration - Registration Module Pages/Third Screen - Upload Supporting Doc- Preview/Add Document Button' is clicked on

2018-12-13 00:28:42 - [MESSAGE][PASSED] - Object: 'Object Repository/Final Object Repo/New Registration - Registration Module Pages/Third Screen - Upload Supporting Doc- Preview/Add Document Button' is clicked on

2018-12-13 00:28:42 - [TEST_STEP][PASSED] - delay: Delayed 30 second(s)

2018-12-13 00:29:12 - [MESSAGE][PASSED] - Delayed 30 second(s)

2018-12-13 00:29:12 - [TEST_STEP][PASSED] - click: Object: 'Object Repository/Final Object Repo/New Registration - Registration Module Pages/Third Screen - Upload Supporting Doc- Preview/Supporting Doc Please Select Drop Down' is clicked on

2018-12-13 00:29:12 - [MESSAGE][PASSED] - Object: 'Object Repository/Final Object Repo/New Registration - Registration Module Pages/Third Screen - Upload Supporting Doc- Preview/Supporting Doc Please Select Drop Down' is clicked on

2018-12-13 00:29:12 - [TEST_STEP][PASSED] - delay: Delayed 2 second(s)

2018-12-13 00:29:14 - [MESSAGE][PASSED] - Delayed 2 second(s)

2018-12-13 00:29:14 - [TEST_STEP][PASSED] - click: Object: 'Object Repository/Final Object Repo/New Registration - Registration Module Pages/Third Screen - Upload Supporting Doc- Preview/Select to Upload Form 1' is clicked on

2018-12-13 00:29:15 - [MESSAGE][PASSED] - Object: 'Object Repository/Final Object Repo/New Registration - Registration Module Pages/Third Screen - Upload Supporting Doc- Preview/Select to Upload Form 1' is clicked on

2018-12-13 00:29:15 - [TEST_STEP][PASSED] - delay: Delayed 2 second(s)

2018-12-13 00:29:17 - [MESSAGE][PASSED] - Delayed 2 second(s)

2018-12-13 00:29:17 - [TEST_STEP][PASSED] - uploadFile: File 'C:\Users\Public\Pictures\Sample Pictures\Koala.jpg' sent to object: 'Object Repository/Final Object Repo/New Registration - Registration Module Pages/Third Screen - Upload Supporting Doc- Preview/Upload File Adding'

2018-12-13 00:29:17 - [MESSAGE][PASSED] - File 'C:\Users\Public\Pictures\Sample Pictures\Koala.jpg' sent to object: 'Object Repository/Final Object Repo/New Registration - Registration Module Pages/Third Screen - Upload Supporting Doc- Preview/Upload File Adding'

2018-12-13 00:29:17 - [TEST_STEP][PASSED] - delay: Delayed 5 second(s)

2018-12-13 00:29:22 - [MESSAGE][PASSED] - Delayed 5 second(s)

2018-12-13 00:29:22 - [TEST_STEP][PASSED] - click: Object: 'Object Repository/Final Object Repo/New Registration - Registration Module Pages/Third Screen - Upload Supporting Doc- Preview/Inner Form Add Document Button' is clicked on

2018-12-13 00:29:22 - [MESSAGE][PASSED] - Object: 'Object Repository/Final Object Repo/New Registration - Registration Module Pages/Third Screen - Upload Supporting Doc- Preview/Inner Form Add Document Button' is clicked on

2018-12-13 00:29:22 - [TEST_STEP][PASSED] - delay: Delayed 3 second(s)

2018-12-13 00:29:25 - [MESSAGE][PASSED] - Delayed 3 second(s)

2018-12-13 00:29:25 - [TEST_STEP][PASSED] - click: Object: 'Object Repository/Final Object Repo/New Registration - Registration Module Pages/Third Screen - Upload Supporting Doc- Preview/Add Document Button' is clicked on

2018-12-13 00:29:26 - [MESSAGE][PASSED] - Object: 'Object Repository/Final Object Repo/New Registration - Registration Module Pages/Third Screen - Upload Supporting Doc- Preview/Add Document Button' is clicked on

2018-12-13 00:29:26 - [TEST_STEP][PASSED] - delay: Delayed 30 second(s)

2018-12-13 00:29:56 - [MESSAGE][PASSED] - Delayed 30 second(s)

2018-12-13 00:29:56 - [TEST_STEP][PASSED] - click: Object: 'Object Repository/Final Object Repo/New Registration - Registration Module Pages/Third Screen - Upload Supporting Doc- Preview/Supporting Doc Please Select Drop Down' is clicked on

2018-12-13 00:29:56 - [MESSAGE][PASSED] - Object: 'Object Repository/Final Object Repo/New Registration - Registration Module Pages/Third Screen - Upload Supporting Doc- Preview/Supporting Doc Please Select Drop Down' is clicked on

2018-12-13 00:29:56 - [TEST_STEP][PASSED] - delay: Delayed 4 second(s)

2018-12-13 00:30:00 - [MESSAGE][PASSED] - Delayed 4 second(s)

2018-12-13 00:30:00 - [TEST_STEP][PASSED] - click: Object: 'Object Repository/Final Object Repo/New Registration - Registration Module Pages/Third Screen - Upload Supporting Doc- Preview/Select to Upload Form 2' is clicked on

2018-12-13 00:30:01 - [MESSAGE][PASSED] - Object: 'Object Repository/Final Object Repo/New Registration - Registration Module Pages/Third Screen - Upload Supporting Doc- Preview/Select to Upload Form 2' is clicked on

2018-12-13 00:30:01 - [TEST_STEP][PASSED] - delay: Delayed 2 second(s)

2018-12-13 00:30:03 - [MESSAGE][PASSED] - Delayed 2 second(s)

2018-12-13 00:30:03 - [TEST_STEP][PASSED] - uploadFile: File 'C:\Users\Public\Pictures\Sample Pictures\Koala.jpg' sent to object: 'Object Repository/Final Object Repo/New Registration - Registration Module Pages/Third Screen - Upload Supporting Doc- Preview/Upload File Adding'

2018-12-13 00:30:03 - [MESSAGE][PASSED] - File 'C:\Users\Public\Pictures\Sample Pictures\Koala.jpg' sent to object: 'Object Repository/Final Object Repo/New Registration - Registration Module Pages/Third Screen - Upload Supporting Doc- Preview/Upload File Adding'

2018-12-13 00:30:03 - [TEST_STEP][PASSED] - click: Object: 'Object Repository/Final Object Repo/New Registration - Registration Module Pages/Third Screen - Upload Supporting Doc- Preview/Inner Form Add Document Button' is clicked on

2018-12-13 00:30:03 - [MESSAGE][PASSED] - Object: 'Object Repository/Final Object Repo/New Registration - Registration Module Pages/Third Screen - Upload Supporting Doc- Preview/Inner Form Add Document Button' is clicked on

2018-12-13 00:30:03 - [TEST_STEP][PASSED] - delay: Delayed 5 second(s)

2018-12-13 00:30:08 - [MESSAGE][PASSED] - Delayed 5 second(s)

2018-12-13 00:30:08 - [TEST_STEP][PASSED] - click: Object: 'Object Repository/Final Object Repo/New Registration - Registration Module Pages/Third Screen - Upload Supporting Doc- Preview/Add Document Button' is clicked on

2018-12-13 00:30:08 - [MESSAGE][PASSED] - Object: 'Object Repository/Final Object Repo/New Registration - Registration Module Pages/Third Screen - Upload Supporting Doc- Preview/Add Document Button' is clicked on

2018-12-13 00:30:08 - [TEST_STEP][PASSED] - delay: Delayed 30 second(s)

2018-12-13 00:30:38 - [MESSAGE][PASSED] - Delayed 30 second(s)

2018-12-13 00:30:38 - [TEST_STEP][PASSED] - click: Object: 'Object Repository/Final Object Repo/New Registration - Registration Module Pages/Third Screen - Upload Supporting Doc- Preview/Supporting Doc Please Select Drop Down' is clicked on

2018-12-13 00:30:38 - [MESSAGE][PASSED] - Object: 'Object Repository/Final Object Repo/New Registration - Registration Module Pages/Third Screen - Upload Supporting Doc- Preview/Supporting Doc Please Select Drop Down' is clicked on

2018-12-13 00:30:38 - [TEST_STEP][PASSED] - click: Object: 'Object Repository/Final Object Repo/New Registration - Registration Module Pages/Third Screen - Upload Supporting Doc- Preview/Select to Upload Borang SIP 1' is clicked on

2018-12-13 00:30:38 - [MESSAGE][PASSED] - Object: 'Object Repository/Final Object Repo/New Registration - Registration Module Pages/Third Screen - Upload Supporting Doc- Preview/Select to Upload Borang SIP 1' is clicked on

2018-12-13 00:30:38 - [TEST_STEP][PASSED] - delay: Delayed 2 second(s)

2018-12-13 00:30:40 - [MESSAGE][PASSED] - Delayed 2 second(s)

2018-12-13 00:30:40 - [TEST_STEP][PASSED] - uploadFile: File 'C:\Users\Public\Pictures\Sample Pictures\Koala.jpg' sent to object: 'Object Repository/Final Object Repo/New Registration - Registration Module Pages/Third Screen - Upload Supporting Doc- Preview/Upload File Adding'

2018-12-13 00:30:40 - [MESSAGE][PASSED] - File 'C:\Users\Public\Pictures\Sample Pictures\Koala.jpg' sent to object: 'Object Repository/Final Object Repo/New Registration - Registration Module Pages/Third Screen - Upload Supporting Doc- Preview/Upload File Adding'

2018-12-13 00:30:40 - [TEST_STEP][PASSED] - click: Object: 'Object Repository/Final Object Repo/New Registration - Registration Module Pages/Third Screen - Upload Supporting Doc- Preview/Inner Form Add Document Button' is clicked on

2018-12-13 00:30:41 - [MESSAGE][PASSED] - Object: 'Object Repository/Final Object Repo/New Registration - Registration Module Pages/Third Screen - Upload Supporting Doc- Preview/Inner Form Add Document Button' is clicked on

2018-12-13 00:30:41 - [TEST_STEP][PASSED] - delay: Delayed 5 second(s)

2018-12-13 00:30:46 - [MESSAGE][PASSED] - Delayed 5 second(s)

2018-12-13 00:30:46 - [TEST_STEP][PASSED] - click: Object: 'Object Repository/Final Object Repo/New Registration - Registration Module Pages/Third Screen - Upload Supporting Doc- Preview/Add Document Button' is clicked on

2018-12-13 00:30:46 - [MESSAGE][PASSED] - Object: 'Object Repository/Final Object Repo/New Registration - Registration Module Pages/Third Screen - Upload Supporting Doc- Preview/Add Document Button' is clicked on

2018-12-13 00:30:46 - [TEST_STEP][PASSED] - delay: Delayed 30 second(s)

2018-12-13 00:31:16 - [MESSAGE][PASSED] - Delayed 30 second(s)

2018-12-13 00:31:16 - [TEST_STEP][PASSED] - click: Object: 'Object Repository/Final Object Repo/New Registration - Registration Module Pages/Third Screen - Upload Supporting Doc- Preview/Supporting Doc Please Select Drop Down' is clicked on

2018-12-13 00:31:16 - [MESSAGE][PASSED] - Object: 'Object Repository/Final Object Repo/New Registration - Registration Module Pages/Third Screen - Upload Supporting Doc- Preview/Supporting Doc Please Select Drop Down' is clicked on

2018-12-13 00:31:16 - [TEST_STEP][PASSED] - delay: Delayed 3 second(s)

2018-12-13 00:31:19 - [MESSAGE][PASSED] - Delayed 3 second(s)

2018-12-13 00:31:19 - [TEST_STEP][PASSED] - click: Object: 'Object Repository/Final Object Repo/New Registration - Registration Module Pages/Third Screen - Upload Supporting Doc- Preview/Select to Upload Borang SIP 2' is clicked on

2018-12-13 00:31:19 - [MESSAGE][PASSED] - Object: 'Object Repository/Final Object Repo/New Registration - Registration Module Pages/Third Screen - Upload Supporting Doc- Preview/Select to Upload Borang SIP 2' is clicked on

2018-12-13 00:31:19 - [TEST_STEP][PASSED] - delay: Delayed 2 second(s)

2018-12-13 00:31:21 - [MESSAGE][PASSED] - Delayed 2 second(s)

2018-12-13 00:31:21 - [TEST_STEP][PASSED] - uploadFile: File 'C:\Users\Public\Pictures\Sample Pictures\Koala.jpg' sent to object: 'Object Repository/Final Object Repo/New Registration - Registration Module Pages/Third Screen - Upload Supporting Doc- Preview/Upload File Adding'

2018-12-13 00:31:21 - [MESSAGE][PASSED] - File 'C:\Users\Public\Pictures\Sample Pictures\Koala.jpg' sent to object: 'Object Repository/Final Object Repo/New Registration - Registration Module Pages/Third Screen - Upload Supporting Doc- Preview/Upload File Adding'

2018-12-13 00:31:21 - [TEST_STEP][PASSED] - delay: Delayed 5 second(s)

2018-12-13 00:31:26 - [MESSAGE][PASSED] - Delayed 5 second(s)

2018-12-13 00:31:26 - [TEST_STEP][PASSED] - click: Object: 'Object Repository/Final Object Repo/New Registration - Registration Module Pages/Third Screen - Upload Supporting Doc- Preview/Inner Form Add Document Button' is clicked on

2018-12-13 00:31:26 - [MESSAGE][PASSED] - Object: 'Object Repository/Final Object Repo/New Registration - Registration Module Pages/Third Screen - Upload Supporting Doc- Preview/Inner Form Add Document Button' is clicked on

2018-12-13 00:31:26 - [TEST_STEP][PASSED] - delay: Delayed 3 second(s)

2018-12-13 00:31:29 - [MESSAGE][PASSED] - Delayed 3 second(s)

2018-12-13 00:31:29 - [TEST_STEP][PASSED] - waitForElementClickable: Object 'Object Repository/Final Object Repo/New Registration - Registration Module Pages/Third Screen - Upload Supporting Doc- Preview/Save n Continue in Uploading Supporting Doc Page' is clickable

2018-12-13 00:31:31 - [MESSAGE][PASSED] - Object 'Object Repository/Final Object Repo/New Registration - Registration Module Pages/Third Screen - Upload Supporting Doc- Preview/Save n Continue in Uploading Supporting Doc Page' is clickable

2018-12-13 00:31:31 - [TEST_STEP][PASSED] - click: Object: 'Object Repository/Final Object Repo/New Registration - Registration Module Pages/Third Screen - Upload Supporting Doc- Preview/Save n Continue in Uploading Supporting Doc Page' is clicked on

2018-12-13 00:31:31 - [MESSAGE][PASSED] - Object: 'Object Repository/Final Object Repo/New Registration - Registration Module Pages/Third Screen - Upload Supporting Doc- Preview/Save n Continue in Uploading Supporting Doc Page' is clicked on

2018-12-13 00:31:31 - [MESSAGE][PASSED] - Call Test Case 'Test Cases/Final Aug 2018 - PKS Automation/Registration Module/New Registration/Flow of New Registration/Third Screen - Upload Supporting Doc - Preview' successfully

2018-12-13 00:31:31 - [TEST_STEP][PASSED] - callTestCase: Call Test Case 'Test Cases/Final Aug 2018 - PKS Automation/Registration Module/New Registration/Submit and Screenshot/Submit Registration and Screenshot' successfully

2018-12-13 00:31:31 - [TEST_CASE][PASSED] - Test Cases/Final Aug 2018 - PKS Automation/Registration Module/New Registration/Submit and Screenshot/Submit Registration and Screenshot: Test Cases/Final Aug 2018 - PKS Automation/Registration Module/New Registration/Submit and Screenshot/Submit Registration and Screenshot

2018-12-13 00:31:31 - [TEST_STEP][PASSED] - delay: Delayed 6 second(s)

2018-12-13 00:31:37 - [MESSAGE][PASSED] - Delayed 6 second(s)

2018-12-13 00:31:37 - [TEST_STEP][PASSED] - click: Object: 'Object Repository/Final Object Repo/New Registration - Registration Module Pages/Third Screen - Upload Supporting Doc- Preview/Preview Submit Button' is clicked on

2018-12-13 00:31:37 - [MESSAGE][PASSED] - Object: 'Object Repository/Final Object Repo/New Registration - Registration Module Pages/Third Screen - Upload Supporting Doc- Preview/Preview Submit Button' is clicked on

2018-12-13 00:31:37 - [TEST_STEP][PASSED] - delay: Delayed 2 second(s)

2018-12-13 00:31:39 - [MESSAGE][PASSED] - Delayed 2 second(s)

2018-12-13 00:31:39 - [TEST_STEP][PASSED] - click: Object: 'Object Repository/Final Object Repo/New Registration - Registration Module Pages/Third Screen - Upload Supporting Doc- Preview/Preview Submit - Confirm' is clicked on

2018-12-13 00:31:39 - [MESSAGE][PASSED] - Object: 'Object Repository/Final Object Repo/New Registration - Registration Module Pages/Third Screen - Upload Supporting Doc- Preview/Preview Submit - Confirm' is clicked on

2018-12-13 00:31:39 - [TEST_STEP][PASSED] - delay: Delayed 15 second(s)

2018-12-13 00:31:54 - [MESSAGE][PASSED] - Delayed 15 second(s)

2018-12-13 00:31:54 - [TEST_STEP][PASSED] - Statement - driver = com.kms.katalon.core.webui.driver.DriverFactory.getWebDriver(): null

2018-12-13 00:31:54 - [TEST_STEP][PASSED] - Statement - driver.manage().timeouts().implicitlyWait(10, SECONDS): null

2018-12-13 00:31:54 - [TEST_STEP][PASSED] - Statement - PresavePath = KatalonScreenshots: null

2018-12-13 00:31:54 - [TEST_STEP][PASSED] - Statement - pathPrefix = "C:\Users\Public\Pictures\Sample Pictures\Katalon Screenshots\Automate Ending Screen": null

2018-12-13 00:31:54 - [TEST_STEP][PASSED] - Statement - finalPath = <not implemented yet for class: org.codehaus.groovy.ast.expr.EmptyExpression>: null

2018-12-13 00:31:54 - [TEST_STEP][PASSED] - Statement - scrFile = driver.getScreenshotAs(FILE): null

2018-12-13 00:31:55 - [TEST_STEP][PASSED] - Statement - PreSaveFile = new java.io.File(PresavePath): null

2018-12-13 00:31:55 - [TEST_STEP][PASSED] - Statement - counter = 0: null

2018-12-13 00:31:55 - [TEST_STEP][PASSED] - Statement - If (PreSaveFile.exists()): null

2018-12-13 00:31:55 - [TEST_STEP][PASSED] - Statement - While (PreSaveFile.exists()): null

2018-12-13 00:31:55 - [TEST_STEP][PASSED] - Statement - counter = counter + 1: null

2018-12-13 00:31:55 - [TEST_STEP][PASSED] - Statement - PreSaveFile = new java.io.File(((pathPrefix + java.lang.Integer.toString(counter)) + .png)): null

2018-12-13 00:31:55 - [TEST_STEP][PASSED] - Statement - counter = counter + 1: null

2018-12-13 00:31:55 - [TEST_STEP][PASSED] - Statement - PreSaveFile = new java.io.File(((pathPrefix + java.lang.Integer.toString(counter)) + .png)): null

2018-12-13 00:31:55 - [TEST_STEP][PASSED] - Statement - counter = counter + 1: null

2018-12-13 00:31:55 - [TEST_STEP][PASSED] - Statement - PreSaveFile = new java.io.File(((pathPrefix + java.lang.Integer.toString(counter)) + .png)): null

2018-12-13 00:31:55 - [TEST_STEP][PASSED] - Statement - counter = counter + 1: null

2018-12-13 00:31:55 - [TEST_STEP][PASSED] - Statement - PreSaveFile = new java.io.File(((pathPrefix + java.lang.Integer.toString(counter)) + .png)): null

2018-12-13 00:31:55 - [TEST_STEP][PASSED] - Statement - counter = counter + 1: null

2018-12-13 00:31:55 - [TEST_STEP][PASSED] - Statement - PreSaveFile = new java.io.File(((pathPrefix + java.lang.Integer.toString(counter)) + .png)): null

2018-12-13 00:31:55 - [TEST_STEP][PASSED] - Statement - counter = counter + 1: null

2018-12-13 00:31:55 - [TEST_STEP][PASSED] - Statement - PreSaveFile = new java.io.File(((pathPrefix + java.lang.Integer.toString(counter)) + .png)): null

2018-12-13 00:31:55 - [TEST_STEP][PASSED] - Statement - counter = counter + 1: null

2018-12-13 00:31:55 - [TEST_STEP][PASSED] - Statement - PreSaveFile = new java.io.File(((pathPrefix + java.lang.Integer.toString(counter)) + .png)): null

2018-12-13 00:31:55 - [TEST_STEP][PASSED] - Statement - counter = counter + 1: null

2018-12-13 00:31:55 - [TEST_STEP][PASSED] - Statement - PreSaveFile = new java.io.File(((pathPrefix + java.lang.Integer.toString(counter)) + .png)): null

2018-12-13 00:31:55 - [TEST_STEP][PASSED] - Statement - counter = counter + 1: null

2018-12-13 00:31:55 - [TEST_STEP][PASSED] - Statement - PreSaveFile = new java.io.File(((pathPrefix + java.lang.Integer.toString(counter)) + .png)): null

2018-12-13 00:31:55 - [TEST_STEP][PASSED] - Statement - counter = counter + 1: null

2018-12-13 00:31:55 - [TEST_STEP][PASSED] - Statement - PreSaveFile = new java.io.File(((pathPrefix + java.lang.Integer.toString(counter)) + .png)): null

2018-12-13 00:31:55 - [TEST_STEP][PASSED] - Statement - counter = counter + 1: null

2018-12-13 00:31:55 - [TEST_STEP][PASSED] - Statement - PreSaveFile = new java.io.File(((pathPrefix + java.lang.Integer.toString(counter)) + .png)): null

2018-12-13 00:31:55 - [TEST_STEP][PASSED] - Statement - counter = counter + 1: null

2018-12-13 00:31:55 - [TEST_STEP][PASSED] - Statement - PreSaveFile = new java.io.File(((pathPrefix + java.lang.Integer.toString(counter)) + .png)): null

2018-12-13 00:31:55 - [TEST_STEP][PASSED] - Statement - counter = counter + 1: null

2018-12-13 00:31:55 - [TEST_STEP][PASSED] - Statement - PreSaveFile = new java.io.File(((pathPrefix + java.lang.Integer.toString(counter)) + .png)): null

2018-12-13 00:31:55 - [TEST_STEP][PASSED] - Statement - counter = counter + 1: null

2018-12-13 00:31:55 - [TEST_STEP][PASSED] - Statement - PreSaveFile = new java.io.File(((pathPrefix + java.lang.Integer.toString(counter)) + .png)): null

2018-12-13 00:31:55 - [TEST_STEP][PASSED] - Statement - counter = counter + 1: null

2018-12-13 00:31:55 - [TEST_STEP][PASSED] - Statement - PreSaveFile = new java.io.File(((pathPrefix + java.lang.Integer.toString(counter)) + .png)): null

2018-12-13 00:31:55 - [TEST_STEP][PASSED] - Statement - counter = counter + 1: null

2018-12-13 00:31:55 - [TEST_STEP][PASSED] - Statement - PreSaveFile = new java.io.File(((pathPrefix + java.lang.Integer.toString(counter)) + .png)): null

2018-12-13 00:31:55 - [TEST_STEP][PASSED] - Statement - counter = counter + 1: null

2018-12-13 00:31:55 - [TEST_STEP][PASSED] - Statement - PreSaveFile = new java.io.File(((pathPrefix + java.lang.Integer.toString(counter)) + .png)): null

2018-12-13 00:31:55 - [TEST_STEP][PASSED] - Statement - counter = counter + 1: null

2018-12-13 00:31:55 - [TEST_STEP][PASSED] - Statement - PreSaveFile = new java.io.File(((pathPrefix + java.lang.Integer.toString(counter)) + .png)): null

2018-12-13 00:31:55 - [TEST_STEP][PASSED] - Statement - counter = counter + 1: null

2018-12-13 00:31:55 - [TEST_STEP][PASSED] - Statement - PreSaveFile = new java.io.File(((pathPrefix + java.lang.Integer.toString(counter)) + .png)): null

2018-12-13 00:31:55 - [TEST_STEP][PASSED] - Statement - counter = counter + 1: null

2018-12-13 00:31:55 - [TEST_STEP][PASSED] - Statement - PreSaveFile = new java.io.File(((pathPrefix + java.lang.Integer.toString(counter)) + .png)): null

2018-12-13 00:31:55 - [TEST_STEP][PASSED] - Statement - counter = counter + 1: null

2018-12-13 00:31:55 - [TEST_STEP][PASSED] - Statement - PreSaveFile = new java.io.File(((pathPrefix + java.lang.Integer.toString(counter)) + .png)): null

2018-12-13 00:31:55 - [TEST_STEP][PASSED] - Statement - counter = counter + 1: null

2018-12-13 00:31:55 - [TEST_STEP][PASSED] - Statement - PreSaveFile = new java.io.File(((pathPrefix + java.lang.Integer.toString(counter)) + .png)): null

2018-12-13 00:31:55 - [TEST_STEP][PASSED] - Statement - counter = counter + 1: null

2018-12-13 00:31:55 - [TEST_STEP][PASSED] - Statement - PreSaveFile = new java.io.File(((pathPrefix + java.lang.Integer.toString(counter)) + .png)): null

2018-12-13 00:31:55 - [TEST_STEP][PASSED] - Statement - counter = counter + 1: null

2018-12-13 00:31:55 - [TEST_STEP][PASSED] - Statement - PreSaveFile = new java.io.File(((pathPrefix + java.lang.Integer.toString(counter)) + .png)): null

2018-12-13 00:31:55 - [TEST_STEP][PASSED] - Statement - counter = counter + 1: null

2018-12-13 00:31:55 - [TEST_STEP][PASSED] - Statement - PreSaveFile = new java.io.File(((pathPrefix + java.lang.Integer.toString(counter)) + .png)): null

2018-12-13 00:31:55 - [TEST_STEP][PASSED] - Statement - counter = counter + 1: null

2018-12-13 00:31:55 - [TEST_STEP][PASSED] - Statement - PreSaveFile = new java.io.File(((pathPrefix + java.lang.Integer.toString(counter)) + .png)): null

2018-12-13 00:31:55 - [TEST_STEP][PASSED] - Statement - counter = counter + 1: null

2018-12-13 00:31:55 - [TEST_STEP][PASSED] - Statement - PreSaveFile = new java.io.File(((pathPrefix + java.lang.Integer.toString(counter)) + .png)): null

2018-12-13 00:31:55 - [TEST_STEP][PASSED] - Statement - counter = counter + 1: null

2018-12-13 00:31:55 - [TEST_STEP][PASSED] - Statement - PreSaveFile = new java.io.File(((pathPrefix + java.lang.Integer.toString(counter)) + .png)): null

2018-12-13 00:31:55 - [TEST_STEP][PASSED] - Statement - counter = counter + 1: null

2018-12-13 00:31:55 - [TEST_STEP][PASSED] - Statement - PreSaveFile = new java.io.File(((pathPrefix + java.lang.Integer.toString(counter)) + .png)): null

2018-12-13 00:31:55 - [TEST_STEP][PASSED] - Statement - counter = counter + 1: null

2018-12-13 00:31:55 - [TEST_STEP][PASSED] - Statement - PreSaveFile = new java.io.File(((pathPrefix + java.lang.Integer.toString(counter)) + .png)): null

2018-12-13 00:31:55 - [TEST_STEP][PASSED] - Statement - counter = counter + 1: null

2018-12-13 00:31:55 - [TEST_STEP][PASSED] - Statement - PreSaveFile = new java.io.File(((pathPrefix + java.lang.Integer.toString(counter)) + .png)): null

2018-12-13 00:31:55 - [TEST_STEP][PASSED] - Statement - counter = counter + 1: null

2018-12-13 00:31:55 - [TEST_STEP][PASSED] - Statement - PreSaveFile = new java.io.File(((pathPrefix + java.lang.Integer.toString(counter)) + .png)): null

2018-12-13 00:31:55 - [TEST_STEP][PASSED] - Statement - counter = counter + 1: null

2018-12-13 00:31:55 - [TEST_STEP][PASSED] - Statement - PreSaveFile = new java.io.File(((pathPrefix + java.lang.Integer.toString(counter)) + .png)): null

2018-12-13 00:31:55 - [TEST_STEP][PASSED] - Statement - counter = counter + 1: null

2018-12-13 00:31:55 - [TEST_STEP][PASSED] - Statement - PreSaveFile = new java.io.File(((pathPrefix + java.lang.Integer.toString(counter)) + .png)): null

2018-12-13 00:31:55 - [TEST_STEP][PASSED] - Statement - counter = counter + 1: null

2018-12-13 00:31:55 - [TEST_STEP][PASSED] - Statement - PreSaveFile = new java.io.File(((pathPrefix + java.lang.Integer.toString(counter)) + .png)): null

2018-12-13 00:31:55 - [TEST_STEP][PASSED] - Statement - counter = counter + 1: null

2018-12-13 00:31:55 - [TEST_STEP][PASSED] - Statement - PreSaveFile = new java.io.File(((pathPrefix + java.lang.Integer.toString(counter)) + .png)): null

2018-12-13 00:31:55 - [TEST_STEP][PASSED] - Statement - counter = counter + 1: null

2018-12-13 00:31:55 - [TEST_STEP][PASSED] - Statement - PreSaveFile = new java.io.File(((pathPrefix + java.lang.Integer.toString(counter)) + .png)): null

2018-12-13 00:31:55 - [TEST_STEP][PASSED] - Statement - counter = counter + 1: null

2018-12-13 00:31:55 - [TEST_STEP][PASSED] - Statement - PreSaveFile = new java.io.File(((pathPrefix + java.lang.Integer.toString(counter)) + .png)): null

2018-12-13 00:31:55 - [TEST_STEP][PASSED] - Statement - counter = counter + 1: null

2018-12-13 00:31:55 - [TEST_STEP][PASSED] - Statement - PreSaveFile = new java.io.File(((pathPrefix + java.lang.Integer.toString(counter)) + .png)): null

2018-12-13 00:31:55 - [TEST_STEP][PASSED] - Statement - counter = counter + 1: null

2018-12-13 00:31:55 - [TEST_STEP][PASSED] - Statement - PreSaveFile = new java.io.File(((pathPrefix + java.lang.Integer.toString(counter)) + .png)): null

2018-12-13 00:31:55 - [TEST_STEP][PASSED] - Statement - counter = counter + 1: null

2018-12-13 00:31:55 - [TEST_STEP][PASSED] - Statement - PreSaveFile = new java.io.File(((pathPrefix + java.lang.Integer.toString(counter)) + .png)): null

2018-12-13 00:31:55 - [TEST_STEP][PASSED] - Statement - counter = counter + 1: null

2018-12-13 00:31:55 - [TEST_STEP][PASSED] - Statement - PreSaveFile = new java.io.File(((pathPrefix + java.lang.Integer.toString(counter)) + .png)): null

2018-12-13 00:31:55 - [TEST_STEP][PASSED] - Statement - counter = counter + 1: null

2018-12-13 00:31:55 - [TEST_STEP][PASSED] - Statement - PreSaveFile = new java.io.File(((pathPrefix + java.lang.Integer.toString(counter)) + .png)): null

2018-12-13 00:31:55 - [TEST_STEP][PASSED] - Statement - counter = counter + 1: null

2018-12-13 00:31:55 - [TEST_STEP][PASSED] - Statement - PreSaveFile = new java.io.File(((pathPrefix + java.lang.Integer.toString(counter)) + .png)): null

2018-12-13 00:31:55 - [TEST_STEP][PASSED] - Statement - counter = counter + 1: null

2018-12-13 00:31:55 - [TEST_STEP][PASSED] - Statement - PreSaveFile = new java.io.File(((pathPrefix + java.lang.Integer.toString(counter)) + .png)): null

2018-12-13 00:31:55 - [TEST_STEP][PASSED] - Statement - counter = counter + 1: null

2018-12-13 00:31:55 - [TEST_STEP][PASSED] - Statement - PreSaveFile = new java.io.File(((pathPrefix + java.lang.Integer.toString(counter)) + .png)): null

2018-12-13 00:31:55 - [TEST_STEP][PASSED] - Statement - counter = counter + 1: null

2018-12-13 00:31:55 - [TEST_STEP][PASSED] - Statement - PreSaveFile = new java.io.File(((pathPrefix + java.lang.Integer.toString(counter)) + .png)): null

2018-12-13 00:31:55 - [TEST_STEP][PASSED] - Statement - counter = counter + 1: null

2018-12-13 00:31:55 - [TEST_STEP][PASSED] - Statement - PreSaveFile = new java.io.File(((pathPrefix + java.lang.Integer.toString(counter)) + .png)): null

2018-12-13 00:31:55 - [TEST_STEP][PASSED] - Statement - counter = counter + 1: null

2018-12-13 00:31:55 - [TEST_STEP][PASSED] - Statement - PreSaveFile = new java.io.File(((pathPrefix + java.lang.Integer.toString(counter)) + .png)): null

2018-12-13 00:31:55 - [TEST_STEP][PASSED] - Statement - counter = counter + 1: null

2018-12-13 00:31:55 - [TEST_STEP][PASSED] - Statement - PreSaveFile = new java.io.File(((pathPrefix + java.lang.Integer.toString(counter)) + .png)): null

2018-12-13 00:31:55 - [TEST_STEP][PASSED] - Statement - counter = counter + 1: null

2018-12-13 00:31:55 - [TEST_STEP][PASSED] - Statement - PreSaveFile = new java.io.File(((pathPrefix + java.lang.Integer.toString(counter)) + .png)): null

2018-12-13 00:31:55 - [TEST_STEP][PASSED] - Statement - counter = counter + 1: null

2018-12-13 00:31:55 - [TEST_STEP][PASSED] - Statement - PreSaveFile = new java.io.File(((pathPrefix + java.lang.Integer.toString(counter)) + .png)): null

2018-12-13 00:31:55 - [TEST_STEP][PASSED] - Statement - counter = counter + 1: null

2018-12-13 00:31:55 - [TEST_STEP][PASSED] - Statement - PreSaveFile = new java.io.File(((pathPrefix + java.lang.Integer.toString(counter)) + .png)): null

2018-12-13 00:31:55 - [TEST_STEP][PASSED] - Statement - counter = counter + 1: null

2018-12-13 00:31:55 - [TEST_STEP][PASSED] - Statement - PreSaveFile = new java.io.File(((pathPrefix + java.lang.Integer.toString(counter)) + .png)): null

2018-12-13 00:31:55 - [TEST_STEP][PASSED] - Statement - counter = counter + 1: null

2018-12-13 00:31:55 - [TEST_STEP][PASSED] - Statement - PreSaveFile = new java.io.File(((pathPrefix + java.lang.Integer.toString(counter)) + .png)): null

2018-12-13 00:31:55 - [TEST_STEP][PASSED] - Statement - counter = counter + 1: null

2018-12-13 00:31:55 - [TEST_STEP][PASSED] - Statement - PreSaveFile = new java.io.File(((pathPrefix + java.lang.Integer.toString(counter)) + .png)): null

2018-12-13 00:31:55 - [TEST_STEP][PASSED] - Statement - counter = counter + 1: null

2018-12-13 00:31:55 - [TEST_STEP][PASSED] - Statement - PreSaveFile = new java.io.File(((pathPrefix + java.lang.Integer.toString(counter)) + .png)): null

2018-12-13 00:31:55 - [TEST_STEP][PASSED] - Statement - counter = counter + 1: null

2018-12-13 00:31:55 - [TEST_STEP][PASSED] - Statement - PreSaveFile = new java.io.File(((pathPrefix + java.lang.Integer.toString(counter)) + .png)): null

2018-12-13 00:31:55 - [TEST_STEP][PASSED] - Statement - counter = counter + 1: null

2018-12-13 00:31:55 - [TEST_STEP][PASSED] - Statement - PreSaveFile = new java.io.File(((pathPrefix + java.lang.Integer.toString(counter)) + .png)): null

2018-12-13 00:31:55 - [TEST_STEP][PASSED] - Statement - counter = counter + 1: null

2018-12-13 00:31:55 - [TEST_STEP][PASSED] - Statement - PreSaveFile = new java.io.File(((pathPrefix + java.lang.Integer.toString(counter)) + .png)): null

2018-12-13 00:31:55 - [TEST_STEP][PASSED] - Statement - counter = counter + 1: null

2018-12-13 00:31:55 - [TEST_STEP][PASSED] - Statement - PreSaveFile = new java.io.File(((pathPrefix + java.lang.Integer.toString(counter)) + .png)): null

2018-12-13 00:31:55 - [TEST_STEP][PASSED] - Statement - counter = counter + 1: null

2018-12-13 00:31:55 - [TEST_STEP][PASSED] - Statement - PreSaveFile = new java.io.File(((pathPrefix + java.lang.Integer.toString(counter)) + .png)): null

2018-12-13 00:31:55 - [TEST_STEP][PASSED] - Statement - counter = counter + 1: null

2018-12-13 00:31:55 - [TEST_STEP][PASSED] - Statement - PreSaveFile = new java.io.File(((pathPrefix + java.lang.Integer.toString(counter)) + .png)): null

2018-12-13 00:31:55 - [TEST_STEP][PASSED] - Statement - counter = counter + 1: null

2018-12-13 00:31:55 - [TEST_STEP][PASSED] - Statement - PreSaveFile = new java.io.File(((pathPrefix + java.lang.Integer.toString(counter)) + .png)): null

2018-12-13 00:31:55 - [TEST_STEP][PASSED] - Statement - counter = counter + 1: null

2018-12-13 00:31:55 - [TEST_STEP][PASSED] - Statement - PreSaveFile = new java.io.File(((pathPrefix + java.lang.Integer.toString(counter)) + .png)): null

2018-12-13 00:31:55 - [TEST_STEP][PASSED] - Statement - counter = counter + 1: null

2018-12-13 00:31:55 - [TEST_STEP][PASSED] - Statement - PreSaveFile = new java.io.File(((pathPrefix + java.lang.Integer.toString(counter)) + .png)): null

2018-12-13 00:31:55 - [TEST_STEP][PASSED] - Statement - counter = counter + 1: null

2018-12-13 00:31:55 - [TEST_STEP][PASSED] - Statement - PreSaveFile = new java.io.File(((pathPrefix + java.lang.Integer.toString(counter)) + .png)): null

2018-12-13 00:31:55 - [TEST_STEP][PASSED] - Statement - counter = counter + 1: null

2018-12-13 00:31:55 - [TEST_STEP][PASSED] - Statement - PreSaveFile = new java.io.File(((pathPrefix + java.lang.Integer.toString(counter)) + .png)): null

2018-12-13 00:31:55 - [TEST_STEP][PASSED] - Statement - counter = counter + 1: null

2018-12-13 00:31:55 - [TEST_STEP][PASSED] - Statement - PreSaveFile = new java.io.File(((pathPrefix + java.lang.Integer.toString(counter)) + .png)): null

2018-12-13 00:31:55 - [TEST_STEP][PASSED] - Statement - counter = counter + 1: null

2018-12-13 00:31:55 - [TEST_STEP][PASSED] - Statement - PreSaveFile = new java.io.File(((pathPrefix + java.lang.Integer.toString(counter)) + .png)): null

2018-12-13 00:31:55 - [TEST_STEP][PASSED] - Statement - counter = counter + 1: null

2018-12-13 00:31:55 - [TEST_STEP][PASSED] - Statement - PreSaveFile = new java.io.File(((pathPrefix + java.lang.Integer.toString(counter)) + .png)): null

2018-12-13 00:31:55 - [TEST_STEP][PASSED] - Statement - counter = counter + 1: null

2018-12-13 00:31:55 - [TEST_STEP][PASSED] - Statement - PreSaveFile = new java.io.File(((pathPrefix + java.lang.Integer.toString(counter)) + .png)): null

2018-12-13 00:31:55 - [TEST_STEP][PASSED] - Statement - counter = counter + 1: null

2018-12-13 00:31:55 - [TEST_STEP][PASSED] - Statement - PreSaveFile = new java.io.File(((pathPrefix + java.lang.Integer.toString(counter)) + .png)): null

2018-12-13 00:31:55 - [TEST_STEP][PASSED] - Statement - counter = counter + 1: null

2018-12-13 00:31:55 - [TEST_STEP][PASSED] - Statement - PreSaveFile = new java.io.File(((pathPrefix + java.lang.Integer.toString(counter)) + .png)): null

2018-12-13 00:31:55 - [TEST_STEP][PASSED] - Statement - counter = counter + 1: null

2018-12-13 00:31:55 - [TEST_STEP][PASSED] - Statement - PreSaveFile = new java.io.File(((pathPrefix + java.lang.Integer.toString(counter)) + .png)): null

2018-12-13 00:31:55 - [TEST_STEP][PASSED] - Statement - counter = counter + 1: null

2018-12-13 00:31:55 - [TEST_STEP][PASSED] - Statement - PreSaveFile = new java.io.File(((pathPrefix + java.lang.Integer.toString(counter)) + .png)): null

2018-12-13 00:31:55 - [TEST_STEP][PASSED] - Statement - counter = counter + 1: null

2018-12-13 00:31:55 - [TEST_STEP][PASSED] - Statement - PreSaveFile = new java.io.File(((pathPrefix + java.lang.Integer.toString(counter)) + .png)): null

2018-12-13 00:31:55 - [TEST_STEP][PASSED] - Statement - counter = counter + 1: null

2018-12-13 00:31:55 - [TEST_STEP][PASSED] - Statement - PreSaveFile = new java.io.File(((pathPrefix + java.lang.Integer.toString(counter)) + .png)): null

2018-12-13 00:31:55 - [TEST_STEP][PASSED] - Statement - counter = counter + 1: null

2018-12-13 00:31:55 - [TEST_STEP][PASSED] - Statement - PreSaveFile = new java.io.File(((pathPrefix + java.lang.Integer.toString(counter)) + .png)): null

2018-12-13 00:31:55 - [TEST_STEP][PASSED] - Statement - counter = counter + 1: null

2018-12-13 00:31:55 - [TEST_STEP][PASSED] - Statement - PreSaveFile = new java.io.File(((pathPrefix + java.lang.Integer.toString(counter)) + .png)): null

2018-12-13 00:31:55 - [TEST_STEP][PASSED] - Statement - counter = counter + 1: null

2018-12-13 00:31:55 - [TEST_STEP][PASSED] - Statement - PreSaveFile = new java.io.File(((pathPrefix + java.lang.Integer.toString(counter)) + .png)): null

2018-12-13 00:31:55 - [TEST_STEP][PASSED] - Statement - counter = counter + 1: null

2018-12-13 00:31:55 - [TEST_STEP][PASSED] - Statement - PreSaveFile = new java.io.File(((pathPrefix + java.lang.Integer.toString(counter)) + .png)): null

2018-12-13 00:31:55 - [TEST_STEP][PASSED] - Statement - counter = counter + 1: null

2018-12-13 00:31:55 - [TEST_STEP][PASSED] - Statement - PreSaveFile = new java.io.File(((pathPrefix + java.lang.Integer.toString(counter)) + .png)): null

2018-12-13 00:31:55 - [TEST_STEP][PASSED] - Statement - counter = counter + 1: null

2018-12-13 00:31:55 - [TEST_STEP][PASSED] - Statement - PreSaveFile = new java.io.File(((pathPrefix + java.lang.Integer.toString(counter)) + .png)): null

2018-12-13 00:31:55 - [TEST_STEP][PASSED] - Statement - counter = counter + 1: null

2018-12-13 00:31:55 - [TEST_STEP][PASSED] - Statement - PreSaveFile = new java.io.File(((pathPrefix + java.lang.Integer.toString(counter)) + .png)): null

2018-12-13 00:31:55 - [TEST_STEP][PASSED] - Statement - counter = counter + 1: null

2018-12-13 00:31:55 - [TEST_STEP][PASSED] - Statement - PreSaveFile = new java.io.File(((pathPrefix + java.lang.Integer.toString(counter)) + .png)): null

2018-12-13 00:31:55 - [TEST_STEP][PASSED] - Statement - counter = counter + 1: null

2018-12-13 00:31:55 - [TEST_STEP][PASSED] - Statement - PreSaveFile = new java.io.File(((pathPrefix + java.lang.Integer.toString(counter)) + .png)): null

2018-12-13 00:31:55 - [TEST_STEP][PASSED] - Statement - counter = counter + 1: null

2018-12-13 00:31:55 - [TEST_STEP][PASSED] - Statement - PreSaveFile = new java.io.File(((pathPrefix + java.lang.Integer.toString(counter)) + .png)): null

2018-12-13 00:31:55 - [TEST_STEP][PASSED] - Statement - counter = counter + 1: null

2018-12-13 00:31:55 - [TEST_STEP][PASSED] - Statement - PreSaveFile = new java.io.File(((pathPrefix + java.lang.Integer.toString(counter)) + .png)): null

2018-12-13 00:31:55 - [TEST_STEP][PASSED] - Statement - counter = counter + 1: null

2018-12-13 00:31:55 - [TEST_STEP][PASSED] - Statement - PreSaveFile = new java.io.File(((pathPrefix + java.lang.Integer.toString(counter)) + .png)): null

2018-12-13 00:31:55 - [TEST_STEP][PASSED] - Statement - counter = counter + 1: null

2018-12-13 00:31:55 - [TEST_STEP][PASSED] - Statement - PreSaveFile = new java.io.File(((pathPrefix + java.lang.Integer.toString(counter)) + .png)): null

2018-12-13 00:31:55 - [TEST_STEP][PASSED] - Statement - counter = counter + 1: null

2018-12-13 00:31:55 - [TEST_STEP][PASSED] - Statement - PreSaveFile = new java.io.File(((pathPrefix + java.lang.Integer.toString(counter)) + .png)): null

2018-12-13 00:31:55 - [TEST_STEP][PASSED] - Statement - counter = counter + 1: null

2018-12-13 00:31:55 - [TEST_STEP][PASSED] - Statement - PreSaveFile = new java.io.File(((pathPrefix + java.lang.Integer.toString(counter)) + .png)): null

2018-12-13 00:31:55 - [TEST_STEP][PASSED] - Statement - counter = counter + 1: null

2018-12-13 00:31:55 - [TEST_STEP][PASSED] - Statement - PreSaveFile = new java.io.File(((pathPrefix + java.lang.Integer.toString(counter)) + .png)): null

2018-12-13 00:31:55 - [TEST_STEP][PASSED] - Statement - counter = counter + 1: null

2018-12-13 00:31:55 - [TEST_STEP][PASSED] - Statement - PreSaveFile = new java.io.File(((pathPrefix + java.lang.Integer.toString(counter)) + .png)): null

2018-12-13 00:31:55 - [TEST_STEP][PASSED] - Statement - counter = counter + 1: null

2018-12-13 00:31:55 - [TEST_STEP][PASSED] - Statement - PreSaveFile = new java.io.File(((pathPrefix + java.lang.Integer.toString(counter)) + .png)): null

2018-12-13 00:31:55 - [TEST_STEP][PASSED] - Statement - counter = counter + 1: null

2018-12-13 00:31:55 - [TEST_STEP][PASSED] - Statement - PreSaveFile = new java.io.File(((pathPrefix + java.lang.Integer.toString(counter)) + .png)): null

2018-12-13 00:31:55 - [TEST_STEP][PASSED] - Statement - counter = counter + 1: null

2018-12-13 00:31:55 - [TEST_STEP][PASSED] - Statement - PreSaveFile = new java.io.File(((pathPrefix + java.lang.Integer.toString(counter)) + .png)): null

2018-12-13 00:31:55 - [TEST_STEP][PASSED] - Statement - counter = counter + 1: null

2018-12-13 00:31:55 - [TEST_STEP][PASSED] - Statement - PreSaveFile = new java.io.File(((pathPrefix + java.lang.Integer.toString(counter)) + .png)): null

2018-12-13 00:31:55 - [TEST_STEP][PASSED] - Statement - counter = counter + 1: null

2018-12-13 00:31:55 - [TEST_STEP][PASSED] - Statement - PreSaveFile = new java.io.File(((pathPrefix + java.lang.Integer.toString(counter)) + .png)): null

2018-12-13 00:31:55 - [TEST_STEP][PASSED] - Statement - counter = counter + 1: null

2018-12-13 00:31:55 - [TEST_STEP][PASSED] - Statement - PreSaveFile = new java.io.File(((pathPrefix + java.lang.Integer.toString(counter)) + .png)): null

2018-12-13 00:31:55 - [TEST_STEP][PASSED] - Statement - counter = counter + 1: null

2018-12-13 00:31:55 - [TEST_STEP][PASSED] - Statement - PreSaveFile = new java.io.File(((pathPrefix + java.lang.Integer.toString(counter)) + .png)): null

2018-12-13 00:31:55 - [TEST_STEP][PASSED] - Statement - counter = counter + 1: null

2018-12-13 00:31:55 - [TEST_STEP][PASSED] - Statement - PreSaveFile = new java.io.File(((pathPrefix + java.lang.Integer.toString(counter)) + .png)): null

2018-12-13 00:31:55 - [TEST_STEP][PASSED] - Statement - counter = counter + 1: null

2018-12-13 00:31:55 - [TEST_STEP][PASSED] - Statement - PreSaveFile = new java.io.File(((pathPrefix + java.lang.Integer.toString(counter)) + .png)): null

2018-12-13 00:31:55 - [TEST_STEP][PASSED] - Statement - counter = counter + 1: null

2018-12-13 00:31:55 - [TEST_STEP][PASSED] - Statement - PreSaveFile = new java.io.File(((pathPrefix + java.lang.Integer.toString(counter)) + .png)): null

2018-12-13 00:31:55 - [TEST_STEP][PASSED] - Statement - counter = counter + 1: null

2018-12-13 00:31:55 - [TEST_STEP][PASSED] - Statement - PreSaveFile = new java.io.File(((pathPrefix + java.lang.Integer.toString(counter)) + .png)): null

2018-12-13 00:31:55 - [TEST_STEP][PASSED] - Statement - counter = counter + 1: null

2018-12-13 00:31:55 - [TEST_STEP][PASSED] - Statement - PreSaveFile = new java.io.File(((pathPrefix + java.lang.Integer.toString(counter)) + .png)): null

2018-12-13 00:31:55 - [TEST_STEP][PASSED] - Statement - counter = counter + 1: null

2018-12-13 00:31:55 - [TEST_STEP][PASSED] - Statement - PreSaveFile = new java.io.File(((pathPrefix + java.lang.Integer.toString(counter)) + .png)): null

2018-12-13 00:31:55 - [TEST_STEP][PASSED] - Statement - counter = counter + 1: null

2018-12-13 00:31:55 - [TEST_STEP][PASSED] - Statement - PreSaveFile = new java.io.File(((pathPrefix + java.lang.Integer.toString(counter)) + .png)): null

2018-12-13 00:31:55 - [TEST_STEP][PASSED] - Statement - counter = counter + 1: null

2018-12-13 00:31:55 - [TEST_STEP][PASSED] - Statement - PreSaveFile = new java.io.File(((pathPrefix + java.lang.Integer.toString(counter)) + .png)): null

2018-12-13 00:31:55 - [TEST_STEP][PASSED] - Statement - counter = counter + 1: null

2018-12-13 00:31:55 - [TEST_STEP][PASSED] - Statement - PreSaveFile = new java.io.File(((pathPrefix + java.lang.Integer.toString(counter)) + .png)): null

2018-12-13 00:31:55 - [TEST_STEP][PASSED] - Statement - counter = counter + 1: null

2018-12-13 00:31:55 - [TEST_STEP][PASSED] - Statement - PreSaveFile = new java.io.File(((pathPrefix + java.lang.Integer.toString(counter)) + .png)): null

2018-12-13 00:31:55 - [TEST_STEP][PASSED] - Statement - counter = counter + 1: null

2018-12-13 00:31:55 - [TEST_STEP][PASSED] - Statement - PreSaveFile = new java.io.File(((pathPrefix + java.lang.Integer.toString(counter)) + .png)): null

2018-12-13 00:31:55 - [TEST_STEP][PASSED] - Statement - counter = counter + 1: null

2018-12-13 00:31:55 - [TEST_STEP][PASSED] - Statement - PreSaveFile = new java.io.File(((pathPrefix + java.lang.Integer.toString(counter)) + .png)): null

2018-12-13 00:31:55 - [TEST_STEP][PASSED] - Statement - counter = counter + 1: null

2018-12-13 00:31:55 - [TEST_STEP][PASSED] - Statement - PreSaveFile = new java.io.File(((pathPrefix + java.lang.Integer.toString(counter)) + .png)): null

2018-12-13 00:31:55 - [TEST_STEP][PASSED] - Statement - counter = counter + 1: null

2018-12-13 00:31:55 - [TEST_STEP][PASSED] - Statement - PreSaveFile = new java.io.File(((pathPrefix + java.lang.Integer.toString(counter)) + .png)): null

2018-12-13 00:31:55 - [TEST_STEP][PASSED] - Statement - counter = counter + 1: null

2018-12-13 00:31:55 - [TEST_STEP][PASSED] - Statement - PreSaveFile = new java.io.File(((pathPrefix + java.lang.Integer.toString(counter)) + .png)): null

2018-12-13 00:31:55 - [TEST_STEP][PASSED] - Statement - counter = counter + 1: null

2018-12-13 00:31:55 - [TEST_STEP][PASSED] - Statement - PreSaveFile = new java.io.File(((pathPrefix + java.lang.Integer.toString(counter)) + .png)): null

2018-12-13 00:31:55 - [TEST_STEP][PASSED] - Statement - counter = counter + 1: null

2018-12-13 00:31:55 - [TEST_STEP][PASSED] - Statement - PreSaveFile = new java.io.File(((pathPrefix + java.lang.Integer.toString(counter)) + .png)): null

2018-12-13 00:31:55 - [TEST_STEP][PASSED] - Statement - counter = counter + 1: null

2018-12-13 00:31:55 - [TEST_STEP][PASSED] - Statement - PreSaveFile = new java.io.File(((pathPrefix + java.lang.Integer.toString(counter)) + .png)): null

2018-12-13 00:31:55 - [TEST_STEP][PASSED] - Statement - counter = counter + 1: null

2018-12-13 00:31:55 - [TEST_STEP][PASSED] - Statement - PreSaveFile = new java.io.File(((pathPrefix + java.lang.Integer.toString(counter)) + .png)): null

2018-12-13 00:31:55 - [TEST_STEP][PASSED] - Statement - counter = counter + 1: null

2018-12-13 00:31:55 - [TEST_STEP][PASSED] - Statement - PreSaveFile = new java.io.File(((pathPrefix + java.lang.Integer.toString(counter)) + .png)): null

2018-12-13 00:31:55 - [TEST_STEP][PASSED] - Statement - counter = counter + 1: null

2018-12-13 00:31:55 - [TEST_STEP][PASSED] - Statement - PreSaveFile = new java.io.File(((pathPrefix + java.lang.Integer.toString(counter)) + .png)): null

2018-12-13 00:31:55 - [TEST_STEP][PASSED] - Statement - counter = counter + 1: null

2018-12-13 00:31:55 - [TEST_STEP][PASSED] - Statement - PreSaveFile = new java.io.File(((pathPrefix + java.lang.Integer.toString(counter)) + .png)): null

2018-12-13 00:31:55 - [TEST_STEP][PASSED] - Statement - counter = counter + 1: null

2018-12-13 00:31:55 - [TEST_STEP][PASSED] - Statement - PreSaveFile = new java.io.File(((pathPrefix + java.lang.Integer.toString(counter)) + .png)): null

2018-12-13 00:31:55 - [TEST_STEP][PASSED] - Statement - counter = counter + 1: null

2018-12-13 00:31:55 - [TEST_STEP][PASSED] - Statement - PreSaveFile = new java.io.File(((pathPrefix + java.lang.Integer.toString(counter)) + .png)): null

2018-12-13 00:31:55 - [TEST_STEP][PASSED] - Statement - counter = counter + 1: null

2018-12-13 00:31:55 - [TEST_STEP][PASSED] - Statement - PreSaveFile = new java.io.File(((pathPrefix + java.lang.Integer.toString(counter)) + .png)): null

2018-12-13 00:31:55 - [TEST_STEP][PASSED] - Statement - counter = counter + 1: null

2018-12-13 00:31:55 - [TEST_STEP][PASSED] - Statement - PreSaveFile = new java.io.File(((pathPrefix + java.lang.Integer.toString(counter)) + .png)): null

2018-12-13 00:31:55 - [TEST_STEP][PASSED] - Statement - counter = counter + 1: null

2018-12-13 00:31:55 - [TEST_STEP][PASSED] - Statement - PreSaveFile = new java.io.File(((pathPrefix + java.lang.Integer.toString(counter)) + .png)): null

2018-12-13 00:31:55 - [TEST_STEP][PASSED] - Statement - counter = counter + 1: null

2018-12-13 00:31:55 - [TEST_STEP][PASSED] - Statement - PreSaveFile = new java.io.File(((pathPrefix + java.lang.Integer.toString(counter)) + .png)): null

2018-12-13 00:31:55 - [TEST_STEP][PASSED] - Statement - counter = counter + 1: null

2018-12-13 00:31:55 - [TEST_STEP][PASSED] - Statement - PreSaveFile = new java.io.File(((pathPrefix + java.lang.Integer.toString(counter)) + .png)): null

2018-12-13 00:31:55 - [TEST_STEP][PASSED] - Statement - counter = counter + 1: null

2018-12-13 00:31:55 - [TEST_STEP][PASSED] - Statement - PreSaveFile = new java.io.File(((pathPrefix + java.lang.Integer.toString(counter)) + .png)): null

2018-12-13 00:31:55 - [TEST_STEP][PASSED] - Statement - counter = counter + 1: null

2018-12-13 00:31:55 - [TEST_STEP][PASSED] - Statement - PreSaveFile = new java.io.File(((pathPrefix + java.lang.Integer.toString(counter)) + .png)): null

2018-12-13 00:31:55 - [TEST_STEP][PASSED] - Statement - counter = counter + 1: null

2018-12-13 00:31:55 - [TEST_STEP][PASSED] - Statement - PreSaveFile = new java.io.File(((pathPrefix + java.lang.Integer.toString(counter)) + .png)): null

2018-12-13 00:31:55 - [TEST_STEP][PASSED] - Statement - counter = counter + 1: null

2018-12-13 00:31:55 - [TEST_STEP][PASSED] - Statement - PreSaveFile = new java.io.File(((pathPrefix + java.lang.Integer.toString(counter)) + .png)): null

2018-12-13 00:31:55 - [TEST_STEP][PASSED] - Statement - counter = counter + 1: null

2018-12-13 00:31:55 - [TEST_STEP][PASSED] - Statement - PreSaveFile = new java.io.File(((pathPrefix + java.lang.Integer.toString(counter)) + .png)): null

2018-12-13 00:31:55 - [TEST_STEP][PASSED] - Statement - counter = counter + 1: null

2018-12-13 00:31:55 - [TEST_STEP][PASSED] - Statement - PreSaveFile = new java.io.File(((pathPrefix + java.lang.Integer.toString(counter)) + .png)): null

2018-12-13 00:31:55 - [TEST_STEP][PASSED] - Statement - counter = counter + 1: null

2018-12-13 00:31:55 - [TEST_STEP][PASSED] - Statement - PreSaveFile = new java.io.File(((pathPrefix + java.lang.Integer.toString(counter)) + .png)): null

2018-12-13 00:31:55 - [TEST_STEP][PASSED] - Statement - counter = counter + 1: null

2018-12-13 00:31:55 - [TEST_STEP][PASSED] - Statement - PreSaveFile = new java.io.File(((pathPrefix + java.lang.Integer.toString(counter)) + .png)): null

2018-12-13 00:31:55 - [TEST_STEP][PASSED] - Statement - counter = counter + 1: null

2018-12-13 00:31:55 - [TEST_STEP][PASSED] - Statement - PreSaveFile = new java.io.File(((pathPrefix + java.lang.Integer.toString(counter)) + .png)): null

2018-12-13 00:31:55 - [TEST_STEP][PASSED] - Statement - counter = counter + 1: null

2018-12-13 00:31:55 - [TEST_STEP][PASSED] - Statement - PreSaveFile = new java.io.File(((pathPrefix + java.lang.Integer.toString(counter)) + .png)): null

2018-12-13 00:31:55 - [TEST_STEP][PASSED] - Statement - counter = counter + 1: null

2018-12-13 00:31:55 - [TEST_STEP][PASSED] - Statement - PreSaveFile = new java.io.File(((pathPrefix + java.lang.Integer.toString(counter)) + .png)): null

2018-12-13 00:31:55 - [TEST_STEP][PASSED] - Statement - counter = counter + 1: null

2018-12-13 00:31:55 - [TEST_STEP][PASSED] - Statement - PreSaveFile = new java.io.File(((pathPrefix + java.lang.Integer.toString(counter)) + .png)): null

2018-12-13 00:31:55 - [TEST_STEP][PASSED] - Statement - counter = counter + 1: null

2018-12-13 00:31:55 - [TEST_STEP][PASSED] - Statement - PreSaveFile = new java.io.File(((pathPrefix + java.lang.Integer.toString(counter)) + .png)): null

2018-12-13 00:31:55 - [TEST_STEP][PASSED] - Statement - counter = counter + 1: null

2018-12-13 00:31:55 - [TEST_STEP][PASSED] - Statement - PreSaveFile = new java.io.File(((pathPrefix + java.lang.Integer.toString(counter)) + .png)): null

2018-12-13 00:31:55 - [TEST_STEP][PASSED] - Statement - counter = counter + 1: null

2018-12-13 00:31:55 - [TEST_STEP][PASSED] - Statement - PreSaveFile = new java.io.File(((pathPrefix + java.lang.Integer.toString(counter)) + .png)): null

2018-12-13 00:31:55 - [TEST_STEP][PASSED] - Statement - counter = counter + 1: null

2018-12-13 00:31:55 - [TEST_STEP][PASSED] - Statement - PreSaveFile = new java.io.File(((pathPrefix + java.lang.Integer.toString(counter)) + .png)): null

2018-12-13 00:31:55 - [TEST_STEP][PASSED] - Statement - counter = counter + 1: null

2018-12-13 00:31:55 - [TEST_STEP][PASSED] - Statement - PreSaveFile = new java.io.File(((pathPrefix + java.lang.Integer.toString(counter)) + .png)): null

2018-12-13 00:31:55 - [TEST_STEP][PASSED] - Statement - counter = counter + 1: null

2018-12-13 00:31:55 - [TEST_STEP][PASSED] - Statement - PreSaveFile = new java.io.File(((pathPrefix + java.lang.Integer.toString(counter)) + .png)): null

2018-12-13 00:31:55 - [TEST_STEP][PASSED] - Statement - counter = counter + 1: null

2018-12-13 00:31:55 - [TEST_STEP][PASSED] - Statement - PreSaveFile = new java.io.File(((pathPrefix + java.lang.Integer.toString(counter)) + .png)): null

2018-12-13 00:31:55 - [TEST_STEP][PASSED] - Statement - counter = counter + 1: null

2018-12-13 00:31:55 - [TEST_STEP][PASSED] - Statement - PreSaveFile = new java.io.File(((pathPrefix + java.lang.Integer.toString(counter)) + .png)): null

2018-12-13 00:31:55 - [TEST_STEP][PASSED] - Statement - counter = counter + 1: null

2018-12-13 00:31:55 - [TEST_STEP][PASSED] - Statement - PreSaveFile = new java.io.File(((pathPrefix + java.lang.Integer.toString(counter)) + .png)): null

2018-12-13 00:31:55 - [TEST_STEP][PASSED] - Statement - counter = counter + 1: null

2018-12-13 00:31:55 - [TEST_STEP][PASSED] - Statement - PreSaveFile = new java.io.File(((pathPrefix + java.lang.Integer.toString(counter)) + .png)): null

2018-12-13 00:31:55 - [TEST_STEP][PASSED] - Statement - counter = counter + 1: null

2018-12-13 00:31:55 - [TEST_STEP][PASSED] - Statement - PreSaveFile = new java.io.File(((pathPrefix + java.lang.Integer.toString(counter)) + .png)): null

2018-12-13 00:31:55 - [TEST_STEP][PASSED] - Statement - counter = counter + 1: null

2018-12-13 00:31:55 - [TEST_STEP][PASSED] - Statement - PreSaveFile = new java.io.File(((pathPrefix + java.lang.Integer.toString(counter)) + .png)): null

2018-12-13 00:31:55 - [TEST_STEP][PASSED] - Statement - counter = counter + 1: null

2018-12-13 00:31:55 - [TEST_STEP][PASSED] - Statement - PreSaveFile = new java.io.File(((pathPrefix + java.lang.Integer.toString(counter)) + .png)): null

2018-12-13 00:31:55 - [TEST_STEP][PASSED] - Statement - counter = counter + 1: null

2018-12-13 00:31:55 - [TEST_STEP][PASSED] - Statement - PreSaveFile = new java.io.File(((pathPrefix + java.lang.Integer.toString(counter)) + .png)): null

2018-12-13 00:31:55 - [TEST_STEP][PASSED] - Statement - counter = counter + 1: null

2018-12-13 00:31:55 - [TEST_STEP][PASSED] - Statement - PreSaveFile = new java.io.File(((pathPrefix + java.lang.Integer.toString(counter)) + .png)): null

2018-12-13 00:31:55 - [TEST_STEP][PASSED] - Statement - counter = counter + 1: null

2018-12-13 00:31:55 - [TEST_STEP][PASSED] - Statement - PreSaveFile = new java.io.File(((pathPrefix + java.lang.Integer.toString(counter)) + .png)): null

2018-12-13 00:31:55 - [TEST_STEP][PASSED] - Statement - counter = counter + 1: null

2018-12-13 00:31:55 - [TEST_STEP][PASSED] - Statement - PreSaveFile = new java.io.File(((pathPrefix + java.lang.Integer.toString(counter)) + .png)): null

2018-12-13 00:31:55 - [TEST_STEP][PASSED] - Statement - counter = counter + 1: null

2018-12-13 00:31:55 - [TEST_STEP][PASSED] - Statement - PreSaveFile = new java.io.File(((pathPrefix + java.lang.Integer.toString(counter)) + .png)): null

2018-12-13 00:31:55 - [TEST_STEP][PASSED] - Statement - counter = counter + 1: null

2018-12-13 00:31:55 - [TEST_STEP][PASSED] - Statement - PreSaveFile = new java.io.File(((pathPrefix + java.lang.Integer.toString(counter)) + .png)): null

2018-12-13 00:31:55 - [TEST_STEP][PASSED] - Statement - counter = counter + 1: null

2018-12-13 00:31:55 - [TEST_STEP][PASSED] - Statement - PreSaveFile = new java.io.File(((pathPrefix + java.lang.Integer.toString(counter)) + .png)): null

2018-12-13 00:31:55 - [TEST_STEP][PASSED] - Statement - counter = counter + 1: null

2018-12-13 00:31:55 - [TEST_STEP][PASSED] - Statement - PreSaveFile = new java.io.File(((pathPrefix + java.lang.Integer.toString(counter)) + .png)): null

2018-12-13 00:31:55 - [TEST_STEP][PASSED] - Statement - counter = counter + 1: null

2018-12-13 00:31:55 - [TEST_STEP][PASSED] - Statement - PreSaveFile = new java.io.File(((pathPrefix + java.lang.Integer.toString(counter)) + .png)): null

2018-12-13 00:31:55 - [TEST_STEP][PASSED] - Statement - counter = counter + 1: null

2018-12-13 00:31:55 - [TEST_STEP][PASSED] - Statement - PreSaveFile = new java.io.File(((pathPrefix + java.lang.Integer.toString(counter)) + .png)): null

2018-12-13 00:31:55 - [TEST_STEP][PASSED] - Statement - counter = counter + 1: null

2018-12-13 00:31:55 - [TEST_STEP][PASSED] - Statement - PreSaveFile = new java.io.File(((pathPrefix + java.lang.Integer.toString(counter)) + .png)): null

2018-12-13 00:31:55 - [TEST_STEP][PASSED] - Statement - counter = counter + 1: null

2018-12-13 00:31:55 - [TEST_STEP][PASSED] - Statement - PreSaveFile = new java.io.File(((pathPrefix + java.lang.Integer.toString(counter)) + .png)): null

2018-12-13 00:31:55 - [TEST_STEP][PASSED] - Statement - counter = counter + 1: null

2018-12-13 00:31:55 - [TEST_STEP][PASSED] - Statement - PreSaveFile = new java.io.File(((pathPrefix + java.lang.Integer.toString(counter)) + .png)): null

2018-12-13 00:31:55 - [TEST_STEP][PASSED] - Statement - counter = counter + 1: null

2018-12-13 00:31:55 - [TEST_STEP][PASSED] - Statement - PreSaveFile = new java.io.File(((pathPrefix + java.lang.Integer.toString(counter)) + .png)): null

2018-12-13 00:31:55 - [TEST_STEP][PASSED] - Statement - counter = counter + 1: null

2018-12-13 00:31:55 - [TEST_STEP][PASSED] - Statement - PreSaveFile = new java.io.File(((pathPrefix + java.lang.Integer.toString(counter)) + .png)): null

2018-12-13 00:31:55 - [TEST_STEP][PASSED] - Statement - counter = counter + 1: null

2018-12-13 00:31:55 - [TEST_STEP][PASSED] - Statement - PreSaveFile = new java.io.File(((pathPrefix + java.lang.Integer.toString(counter)) + .png)): null

2018-12-13 00:31:55 - [TEST_STEP][PASSED] - Statement - counter = counter + 1: null

2018-12-13 00:31:55 - [TEST_STEP][PASSED] - Statement - PreSaveFile = new java.io.File(((pathPrefix + java.lang.Integer.toString(counter)) + .png)): null

2018-12-13 00:31:55 - [TEST_STEP][PASSED] - Statement - counter = counter + 1: null

2018-12-13 00:31:55 - [TEST_STEP][PASSED] - Statement - PreSaveFile = new java.io.File(((pathPrefix + java.lang.Integer.toString(counter)) + .png)): null

2018-12-13 00:31:55 - [TEST_STEP][PASSED] - Statement - counter = counter + 1: null

2018-12-13 00:31:55 - [TEST_STEP][PASSED] - Statement - PreSaveFile = new java.io.File(((pathPrefix + java.lang.Integer.toString(counter)) + .png)): null

2018-12-13 00:31:55 - [TEST_STEP][PASSED] - Statement - counter = counter + 1: null

2018-12-13 00:31:55 - [TEST_STEP][PASSED] - Statement - PreSaveFile = new java.io.File(((pathPrefix + java.lang.Integer.toString(counter)) + .png)): null

2018-12-13 00:31:55 - [TEST_STEP][PASSED] - Statement - counter = counter + 1: null

2018-12-13 00:31:55 - [TEST_STEP][PASSED] - Statement - PreSaveFile = new java.io.File(((pathPrefix + java.lang.Integer.toString(counter)) + .png)): null

2018-12-13 00:31:55 - [TEST_STEP][PASSED] - Statement - counter = counter + 1: null

2018-12-13 00:31:55 - [TEST_STEP][PASSED] - Statement - PreSaveFile = new java.io.File(((pathPrefix + java.lang.Integer.toString(counter)) + .png)): null

2018-12-13 00:31:55 - [TEST_STEP][PASSED] - Statement - counter = counter + 1: null

2018-12-13 00:31:55 - [TEST_STEP][PASSED] - Statement - PreSaveFile = new java.io.File(((pathPrefix + java.lang.Integer.toString(counter)) + .png)): null

2018-12-13 00:31:55 - [TEST_STEP][PASSED] - Statement - counter = counter + 1: null

2018-12-13 00:31:55 - [TEST_STEP][PASSED] - Statement - PreSaveFile = new java.io.File(((pathPrefix + java.lang.Integer.toString(counter)) + .png)): null

2018-12-13 00:31:55 - [TEST_STEP][PASSED] - Statement - counter = counter + 1: null

2018-12-13 00:31:55 - [TEST_STEP][PASSED] - Statement - PreSaveFile = new java.io.File(((pathPrefix + java.lang.Integer.toString(counter)) + .png)): null

2018-12-13 00:31:55 - [TEST_STEP][PASSED] - Statement - counter = counter + 1: null

2018-12-13 00:31:55 - [TEST_STEP][PASSED] - Statement - PreSaveFile = new java.io.File(((pathPrefix + java.lang.Integer.toString(counter)) + .png)): null

2018-12-13 00:31:55 - [TEST_STEP][PASSED] - Statement - counter = counter + 1: null

2018-12-13 00:31:55 - [TEST_STEP][PASSED] - Statement - PreSaveFile = new java.io.File(((pathPrefix + java.lang.Integer.toString(counter)) + .png)): null

2018-12-13 00:31:55 - [TEST_STEP][PASSED] - Statement - counter = counter + 1: null

2018-12-13 00:31:55 - [TEST_STEP][PASSED] - Statement - PreSaveFile = new java.io.File(((pathPrefix + java.lang.Integer.toString(counter)) + .png)): null

2018-12-13 00:31:55 - [TEST_STEP][PASSED] - Statement - counter = counter + 1: null

2018-12-13 00:31:55 - [TEST_STEP][PASSED] - Statement - PreSaveFile = new java.io.File(((pathPrefix + java.lang.Integer.toString(counter)) + .png)): null

2018-12-13 00:31:55 - [TEST_STEP][PASSED] - Statement - counter = counter + 1: null

2018-12-13 00:31:55 - [TEST_STEP][PASSED] - Statement - PreSaveFile = new java.io.File(((pathPrefix + java.lang.Integer.toString(counter)) + .png)): null

2018-12-13 00:31:55 - [TEST_STEP][PASSED] - Statement - counter = counter + 1: null

2018-12-13 00:31:55 - [TEST_STEP][PASSED] - Statement - PreSaveFile = new java.io.File(((pathPrefix + java.lang.Integer.toString(counter)) + .png)): null

2018-12-13 00:31:55 - [TEST_STEP][PASSED] - Statement - counter = counter + 1: null

2018-12-13 00:31:55 - [TEST_STEP][PASSED] - Statement - PreSaveFile = new java.io.File(((pathPrefix + java.lang.Integer.toString(counter)) + .png)): null

2018-12-13 00:31:55 - [TEST_STEP][PASSED] - Statement - counter = counter + 1: null

2018-12-13 00:31:55 - [TEST_STEP][PASSED] - Statement - PreSaveFile = new java.io.File(((pathPrefix + java.lang.Integer.toString(counter)) + .png)): null

2018-12-13 00:31:55 - [TEST_STEP][PASSED] - Statement - counter = counter + 1: null

2018-12-13 00:31:55 - [TEST_STEP][PASSED] - Statement - PreSaveFile = new java.io.File(((pathPrefix + java.lang.Integer.toString(counter)) + .png)): null

2018-12-13 00:31:55 - [TEST_STEP][PASSED] - Statement - counter = counter + 1: null

2018-12-13 00:31:55 - [TEST_STEP][PASSED] - Statement - PreSaveFile = new java.io.File(((pathPrefix + java.lang.Integer.toString(counter)) + .png)): null

2018-12-13 00:31:55 - [TEST_STEP][PASSED] - Statement - counter = counter + 1: null

2018-12-13 00:31:55 - [TEST_STEP][PASSED] - Statement - PreSaveFile = new java.io.File(((pathPrefix + java.lang.Integer.toString(counter)) + .png)): null

2018-12-13 00:31:55 - [TEST_STEP][PASSED] - Statement - counter = counter + 1: null

2018-12-13 00:31:55 - [TEST_STEP][PASSED] - Statement - PreSaveFile = new java.io.File(((pathPrefix + java.lang.Integer.toString(counter)) + .png)): null

2018-12-13 00:31:55 - [TEST_STEP][PASSED] - Statement - counter = counter + 1: null

2018-12-13 00:31:55 - [TEST_STEP][PASSED] - Statement - PreSaveFile = new java.io.File(((pathPrefix + java.lang.Integer.toString(counter)) + .png)): null

2018-12-13 00:31:55 - [TEST_STEP][PASSED] - Statement - counter = counter + 1: null

2018-12-13 00:31:55 - [TEST_STEP][PASSED] - Statement - PreSaveFile = new java.io.File(((pathPrefix + java.lang.Integer.toString(counter)) + .png)): null

2018-12-13 00:31:55 - [TEST_STEP][PASSED] - Statement - counter = counter + 1: null

2018-12-13 00:31:55 - [TEST_STEP][PASSED] - Statement - PreSaveFile = new java.io.File(((pathPrefix + java.lang.Integer.toString(counter)) + .png)): null

2018-12-13 00:31:55 - [TEST_STEP][PASSED] - Statement - counter = counter + 1: null

2018-12-13 00:31:55 - [TEST_STEP][PASSED] - Statement - PreSaveFile = new java.io.File(((pathPrefix + java.lang.Integer.toString(counter)) + .png)): null

2018-12-13 00:31:55 - [TEST_STEP][PASSED] - Statement - counter = counter + 1: null

2018-12-13 00:31:55 - [TEST_STEP][PASSED] - Statement - PreSaveFile = new java.io.File(((pathPrefix + java.lang.Integer.toString(counter)) + .png)): null

2018-12-13 00:31:55 - [TEST_STEP][PASSED] - Statement - counter = counter + 1: null

2018-12-13 00:31:55 - [TEST_STEP][PASSED] - Statement - PreSaveFile = new java.io.File(((pathPrefix + java.lang.Integer.toString(counter)) + .png)): null

2018-12-13 00:31:55 - [TEST_STEP][PASSED] - Statement - counter = counter + 1: null

2018-12-13 00:31:55 - [TEST_STEP][PASSED] - Statement - PreSaveFile = new java.io.File(((pathPrefix + java.lang.Integer.toString(counter)) + .png)): null

2018-12-13 00:31:55 - [TEST_STEP][PASSED] - Statement - counter = counter + 1: null

2018-12-13 00:31:55 - [TEST_STEP][PASSED] - Statement - PreSaveFile = new java.io.File(((pathPrefix + java.lang.Integer.toString(counter)) + .png)): null

2018-12-13 00:31:55 - [TEST_STEP][PASSED] - Statement - counter = counter + 1: null

2018-12-13 00:31:55 - [TEST_STEP][PASSED] - Statement - PreSaveFile = new java.io.File(((pathPrefix + java.lang.Integer.toString(counter)) + .png)): null

2018-12-13 00:31:55 - [TEST_STEP][PASSED] - Statement - counter = counter + 1: null

2018-12-13 00:31:55 - [TEST_STEP][PASSED] - Statement - PreSaveFile = new java.io.File(((pathPrefix + java.lang.Integer.toString(counter)) + .png)): null

2018-12-13 00:31:55 - [TEST_STEP][PASSED] - Statement - counter = counter + 1: null

2018-12-13 00:31:55 - [TEST_STEP][PASSED] - Statement - PreSaveFile = new java.io.File(((pathPrefix + java.lang.Integer.toString(counter)) + .png)): null

2018-12-13 00:31:55 - [TEST_STEP][PASSED] - Statement - counter = counter + 1: null

2018-12-13 00:31:55 - [TEST_STEP][PASSED] - Statement - PreSaveFile = new java.io.File(((pathPrefix + java.lang.Integer.toString(counter)) + .png)): null

2018-12-13 00:31:55 - [TEST_STEP][PASSED] - Statement - counter = counter + 1: null

2018-12-13 00:31:55 - [TEST_STEP][PASSED] - Statement - PreSaveFile = new java.io.File(((pathPrefix + java.lang.Integer.toString(counter)) + .png)): null

2018-12-13 00:31:55 - [TEST_STEP][PASSED] - Statement - counter = counter + 1: null

2018-12-13 00:31:55 - [TEST_STEP][PASSED] - Statement - PreSaveFile = new java.io.File(((pathPrefix + java.lang.Integer.toString(counter)) + .png)): null

2018-12-13 00:31:55 - [TEST_STEP][PASSED] - Statement - counter = counter + 1: null

2018-12-13 00:31:55 - [TEST_STEP][PASSED] - Statement - PreSaveFile = new java.io.File(((pathPrefix + java.lang.Integer.toString(counter)) + .png)): null

2018-12-13 00:31:55 - [TEST_STEP][PASSED] - Statement - counter = counter + 1: null

2018-12-13 00:31:55 - [TEST_STEP][PASSED] - Statement - PreSaveFile = new java.io.File(((pathPrefix + java.lang.Integer.toString(counter)) + .png)): null

2018-12-13 00:31:55 - [TEST_STEP][PASSED] - Statement - counter = counter + 1: null

2018-12-13 00:31:55 - [TEST_STEP][PASSED] - Statement - PreSaveFile = new java.io.File(((pathPrefix + java.lang.Integer.toString(counter)) + .png)): null

2018-12-13 00:31:55 - [TEST_STEP][PASSED] - Statement - counter = counter + 1: null

2018-12-13 00:31:55 - [TEST_STEP][PASSED] - Statement - PreSaveFile = new java.io.File(((pathPrefix + java.lang.Integer.toString(counter)) + .png)): null

2018-12-13 00:31:55 - [TEST_STEP][PASSED] - Statement - counter = counter + 1: null

2018-12-13 00:31:55 - [TEST_STEP][PASSED] - Statement - PreSaveFile = new java.io.File(((pathPrefix + java.lang.Integer.toString(counter)) + .png)): null

2018-12-13 00:31:55 - [TEST_STEP][PASSED] - Statement - counter = counter + 1: null

2018-12-13 00:31:55 - [TEST_STEP][PASSED] - Statement - PreSaveFile = new java.io.File(((pathPrefix + java.lang.Integer.toString(counter)) + .png)): null

2018-12-13 00:31:55 - [TEST_STEP][PASSED] - Statement - counter = counter + 1: null

2018-12-13 00:31:55 - [TEST_STEP][PASSED] - Statement - PreSaveFile = new java.io.File(((pathPrefix + java.lang.Integer.toString(counter)) + .png)): null

2018-12-13 00:31:55 - [TEST_STEP][PASSED] - Statement - counter = counter + 1: null

2018-12-13 00:31:55 - [TEST_STEP][PASSED] - Statement - PreSaveFile = new java.io.File(((pathPrefix + java.lang.Integer.toString(counter)) + .png)): null

2018-12-13 00:31:55 - [TEST_STEP][PASSED] - Statement - counter = counter + 1: null

2018-12-13 00:31:55 - [TEST_STEP][PASSED] - Statement - PreSaveFile = new java.io.File(((pathPrefix + java.lang.Integer.toString(counter)) + .png)): null

2018-12-13 00:31:55 - [TEST_STEP][PASSED] - Statement - counter = counter + 1: null

2018-12-13 00:31:55 - [TEST_STEP][PASSED] - Statement - PreSaveFile = new java.io.File(((pathPrefix + java.lang.Integer.toString(counter)) + .png)): null

2018-12-13 00:31:55 - [TEST_STEP][PASSED] - Statement - counter = counter + 1: null

2018-12-13 00:31:55 - [TEST_STEP][PASSED] - Statement - PreSaveFile = new java.io.File(((pathPrefix + java.lang.Integer.toString(counter)) + .png)): null

2018-12-13 00:31:55 - [TEST_STEP][PASSED] - Statement - counter = counter + 1: null

2018-12-13 00:31:55 - [TEST_STEP][PASSED] - Statement - PreSaveFile = new java.io.File(((pathPrefix + java.lang.Integer.toString(counter)) + .png)): null

2018-12-13 00:31:55 - [TEST_STEP][PASSED] - Statement - counter = counter + 1: null

2018-12-13 00:31:55 - [TEST_STEP][PASSED] - Statement - PreSaveFile = new java.io.File(((pathPrefix + java.lang.Integer.toString(counter)) + .png)): null

2018-12-13 00:31:55 - [TEST_STEP][PASSED] - Statement - counter = counter + 1: null

2018-12-13 00:31:55 - [TEST_STEP][PASSED] - Statement - PreSaveFile = new java.io.File(((pathPrefix + java.lang.Integer.toString(counter)) + .png)): null

2018-12-13 00:31:55 - [TEST_STEP][PASSED] - Statement - counter = counter + 1: null

2018-12-13 00:31:55 - [TEST_STEP][PASSED] - Statement - PreSaveFile = new java.io.File(((pathPrefix + java.lang.Integer.toString(counter)) + .png)): null

2018-12-13 00:31:55 - [TEST_STEP][PASSED] - Statement - counter = counter + 1: null

2018-12-13 00:31:55 - [TEST_STEP][PASSED] - Statement - PreSaveFile = new java.io.File(((pathPrefix + java.lang.Integer.toString(counter)) + .png)): null

2018-12-13 00:31:55 - [TEST_STEP][PASSED] - Statement - counter = counter + 1: null

2018-12-13 00:31:55 - [TEST_STEP][PASSED] - Statement - PreSaveFile = new java.io.File(((pathPrefix + java.lang.Integer.toString(counter)) + .png)): null

2018-12-13 00:31:55 - [TEST_STEP][PASSED] - Statement - counter = counter + 1: null

2018-12-13 00:31:55 - [TEST_STEP][PASSED] - Statement - PreSaveFile = new java.io.File(((pathPrefix + java.lang.Integer.toString(counter)) + .png)): null

2018-12-13 00:31:55 - [TEST_STEP][PASSED] - Statement - counter = counter + 1: null

2018-12-13 00:31:55 - [TEST_STEP][PASSED] - Statement - PreSaveFile = new java.io.File(((pathPrefix + java.lang.Integer.toString(counter)) + .png)): null

2018-12-13 00:31:55 - [TEST_STEP][PASSED] - Statement - counter = counter + 1: null

2018-12-13 00:31:55 - [TEST_STEP][PASSED] - Statement - PreSaveFile = new java.io.File(((pathPrefix + java.lang.Integer.toString(counter)) + .png)): null

2018-12-13 00:31:55 - [TEST_STEP][PASSED] - Statement - counter = counter + 1: null

2018-12-13 00:31:55 - [TEST_STEP][PASSED] - Statement - PreSaveFile = new java.io.File(((pathPrefix + java.lang.Integer.toString(counter)) + .png)): null

2018-12-13 00:31:55 - [TEST_STEP][PASSED] - Statement - counter = counter + 1: null

2018-12-13 00:31:55 - [TEST_STEP][PASSED] - Statement - PreSaveFile = new java.io.File(((pathPrefix + java.lang.Integer.toString(counter)) + .png)): null

2018-12-13 00:31:55 - [TEST_STEP][PASSED] - Statement - counter = counter + 1: null

2018-12-13 00:31:55 - [TEST_STEP][PASSED] - Statement - PreSaveFile = new java.io.File(((pathPrefix + java.lang.Integer.toString(counter)) + .png)): null

2018-12-13 00:31:55 - [TEST_STEP][PASSED] - Statement - counter = counter + 1: null

2018-12-13 00:31:55 - [TEST_STEP][PASSED] - Statement - PreSaveFile = new java.io.File(((pathPrefix + java.lang.Integer.toString(counter)) + .png)): null

2018-12-13 00:31:55 - [TEST_STEP][PASSED] - Statement - counter = counter + 1: null

2018-12-13 00:31:55 - [TEST_STEP][PASSED] - Statement - PreSaveFile = new java.io.File(((pathPrefix + java.lang.Integer.toString(counter)) + .png)): null

2018-12-13 00:31:55 - [TEST_STEP][PASSED] - Statement - counter = counter + 1: null

2018-12-13 00:31:55 - [TEST_STEP][PASSED] - Statement - PreSaveFile = new java.io.File(((pathPrefix + java.lang.Integer.toString(counter)) + .png)): null

2018-12-13 00:31:55 - [TEST_STEP][PASSED] - Statement - counter = counter + 1: null

2018-12-13 00:31:55 - [TEST_STEP][PASSED] - Statement - PreSaveFile = new java.io.File(((pathPrefix + java.lang.Integer.toString(counter)) + .png)): null

2018-12-13 00:31:55 - [TEST_STEP][PASSED] - Statement - counter = counter + 1: null

2018-12-13 00:31:55 - [TEST_STEP][PASSED] - Statement - PreSaveFile = new java.io.File(((pathPrefix + java.lang.Integer.toString(counter)) + .png)): null

2018-12-13 00:31:55 - [TEST_STEP][PASSED] - Statement - counter = counter + 1: null

2018-12-13 00:31:55 - [TEST_STEP][PASSED] - Statement - PreSaveFile = new java.io.File(((pathPrefix + java.lang.Integer.toString(counter)) + .png)): null

2018-12-13 00:31:55 - [TEST_STEP][PASSED] - Statement - counter = counter + 1: null

2018-12-13 00:31:55 - [TEST_STEP][PASSED] - Statement - PreSaveFile = new java.io.File(((pathPrefix + java.lang.Integer.toString(counter)) + .png)): null

2018-12-13 00:31:55 - [TEST_STEP][PASSED] - Statement - counter = counter + 1: null

2018-12-13 00:31:55 - [TEST_STEP][PASSED] - Statement - PreSaveFile = new java.io.File(((pathPrefix + java.lang.Integer.toString(counter)) + .png)): null

2018-12-13 00:31:55 - [TEST_STEP][PASSED] - Statement - counter = counter + 1: null

2018-12-13 00:31:55 - [TEST_STEP][PASSED] - Statement - PreSaveFile = new java.io.File(((pathPrefix + java.lang.Integer.toString(counter)) + .png)): null

2018-12-13 00:31:55 - [TEST_STEP][PASSED] - Statement - counter = counter + 1: null

2018-12-13 00:31:55 - [TEST_STEP][PASSED] - Statement - PreSaveFile = new java.io.File(((pathPrefix + java.lang.Integer.toString(counter)) + .png)): null

2018-12-13 00:31:55 - [TEST_STEP][PASSED] - Statement - counter = counter + 1: null

2018-12-13 00:31:55 - [TEST_STEP][PASSED] - Statement - PreSaveFile = new java.io.File(((pathPrefix + java.lang.Integer.toString(counter)) + .png)): null

2018-12-13 00:31:55 - [TEST_STEP][PASSED] - Statement - counter = counter + 1: null

2018-12-13 00:31:55 - [TEST_STEP][PASSED] - Statement - PreSaveFile = new java.io.File(((pathPrefix + java.lang.Integer.toString(counter)) + .png)): null

2018-12-13 00:31:55 - [TEST_STEP][PASSED] - Statement - counter = counter + 1: null

2018-12-13 00:31:55 - [TEST_STEP][PASSED] - Statement - PreSaveFile = new java.io.File(((pathPrefix + java.lang.Integer.toString(counter)) + .png)): null

2018-12-13 00:31:55 - [TEST_STEP][PASSED] - Statement - counter = counter + 1: null

2018-12-13 00:31:55 - [TEST_STEP][PASSED] - Statement - PreSaveFile = new java.io.File(((pathPrefix + java.lang.Integer.toString(counter)) + .png)): null

2018-12-13 00:31:55 - [TEST_STEP][PASSED] - Statement - counter = counter + 1: null

2018-12-13 00:31:55 - [TEST_STEP][PASSED] - Statement - PreSaveFile = new java.io.File(((pathPrefix + java.lang.Integer.toString(counter)) + .png)): null

2018-12-13 00:31:55 - [TEST_STEP][PASSED] - Statement - counter = counter + 1: null

2018-12-13 00:31:55 - [TEST_STEP][PASSED] - Statement - PreSaveFile = new java.io.File(((pathPrefix + java.lang.Integer.toString(counter)) + .png)): null

2018-12-13 00:31:55 - [TEST_STEP][PASSED] - Statement - finalPath = pathPrefix + java.lang.Integer.toString(counter) + ".png": null

2018-12-13 00:31:55 - [TEST_STEP][PASSED] - Statement - SaveFile = new java.io.File(finalPath): null

2018-12-13 00:31:55 - [TEST_STEP][PASSED] - Statement - Try: null

2018-12-13 00:31:55 - [TEST_STEP][PASSED] - Statement - org.apache.commons.io.FileUtils.copyFile(scrFile, SaveFile): null

2018-12-13 00:31:55 - [TEST_STEP][PASSED] - Statement - out.println("file kept"): null

2018-12-13 00:31:55 - [TEST_STEP][PASSED] - delay: Delayed 10 second(s)

2018-12-13 00:32:06 - [MESSAGE][PASSED] - Delayed 10 second(s)

2018-12-13 00:32:06 - [MESSAGE][PASSED] - Call Test Case 'Test Cases/Final Aug 2018 - PKS Automation/Registration Module/New Registration/Submit and Screenshot/Submit Registration and Screenshot' successfully

2018-12-13 00:32:06 - [TEST_STEP][PASSED] - callTestCase: Call Test Case 'Test Cases/Final Aug 2018 - PKS Automation/Registration Module/Log Out/log out avoiding katalon tagging' successfully

2018-12-13 00:32:06 - [TEST_CASE][PASSED] - Test Cases/Final Aug 2018 - PKS Automation/Registration Module/Log Out/log out avoiding katalon tagging: Test Cases/Final Aug 2018 - PKS Automation/Registration Module/Log Out/log out avoiding katalon tagging

2018-12-13 00:32:06 - [TEST_STEP][PASSED] - navigateToUrl: Navigate to 'https://assist2-uat.perkeso.gov.my/c/portal/logout' successfully

2018-12-13 00:32:06 - [MESSAGE][PASSED] - Navigate to 'https://assist2-uat.perkeso.gov.my/c/portal/logout' successfully

2018-12-13 00:32:06 - [MESSAGE][PASSED] - Call Test Case 'Test Cases/Final Aug 2018 - PKS Automation/Registration Module/Log Out/log out avoiding katalon tagging' successfully

2018-12-13 00:32:06 - [TEST_STEP][PASSED] - callTestCase: Call Test Case 'Test Cases/Final Aug 2018 - PKS Automation/Common/Workflow Owner Finder' successfully

2018-12-13 00:32:07 - [TEST_CASE][PASSED] - Test Cases/Final Aug 2018 - PKS Automation/Common/Workflow Owner Finder: Test Cases/Final Aug 2018 - PKS Automation/Common/Workflow Owner Finder

2018-12-13 00:32:07 - [TEST_STEP][PASSED] - openBrowser: Browser is opened with url: ''

2018-12-13 00:32:07 - [MESSAGE][WARNING] - A browser is already opened. Closing browser and opening a new one

2018-12-13 00:32:10 - [MESSAGE][PASSED] - Browser is opened with url: ''

2018-12-13 00:32:10 - [TEST_STEP][PASSED] - navigateToUrl: Navigate to 'https://assist2-uat.perkeso.gov.my/login' successfully

2018-12-13 00:32:11 - [MESSAGE][PASSED] - Navigate to 'https://assist2-uat.perkeso.gov.my/login' successfully

2018-12-13 00:32:11 - [TEST_STEP][PASSED] - delay: Delayed 5 second(s)

2018-12-13 00:32:16 - [MESSAGE][PASSED] - Delayed 5 second(s)

2018-12-13 00:32:16 - [TEST_STEP][PASSED] - setText: Text 'test@liferay.com' is set on object 'Object Repository/Final Object Repo/Login Page/Internal User/Email Address'

2018-12-13 00:32:17 - [MESSAGE][PASSED] - Text 'test@liferay.com' is set on object 'Object Repository/Final Object Repo/Login Page/Internal User/Email Address'

2018-12-13 00:32:17 - [TEST_STEP][PASSED] - click: Object: 'Object Repository/Final Object Repo/Login Page/Internal User/Next Button' is clicked on

2018-12-13 00:32:17 - [MESSAGE][PASSED] - Object: 'Object Repository/Final Object Repo/Login Page/Internal User/Next Button' is clicked on

2018-12-13 00:32:17 - [TEST_STEP][PASSED] - delay: Delayed 2 second(s)

2018-12-13 00:32:19 - [MESSAGE][PASSED] - Delayed 2 second(s)

2018-12-13 00:32:19 - [TEST_STEP][PASSED] - setText: Text 'test' is set on object 'Object Repository/Final Object Repo/Login Page/Internal User/Password'

2018-12-13 00:32:19 - [MESSAGE][PASSED] - Text 'test' is set on object 'Object Repository/Final Object Repo/Login Page/Internal User/Password'

2018-12-13 00:32:19 - [TEST_STEP][PASSED] - delay: Delayed 2 second(s)

2018-12-13 00:32:21 - [MESSAGE][PASSED] - Delayed 2 second(s)

2018-12-13 00:32:21 - [TEST_STEP][PASSED] - click: Object: 'Object Repository/Final Object Repo/Login Page/Internal User/Login Button' is clicked on

2018-12-13 00:32:21 - [MESSAGE][PASSED] - Object: 'Object Repository/Final Object Repo/Login Page/Internal User/Login Button' is clicked on

2018-12-13 00:32:21 - [TEST_STEP][PASSED] - Statement - tester = com.kms.katalon.core.testobject.ObjectRepository.findTestObject(Final Object Repo/Landing Page/Select to English): Finding Test Object with id 'Object Repository/Final Object Repo/Landing Page/Select to English'

2018-12-13 00:32:21 - [TEST_STEP][PASSED] - Statement - Try: Delayed 2 second(s)

2018-12-13 00:32:21 - [TEST_STEP][PASSED] - Statement - Checker = com.kms.katalon.core.webui.keyword.WebUiBuiltInKeywords.verifyElementNotPresent(tester, 3): Web element with id: 'Object Repository/Final Object Repo/Landing Page/Select to English' located by 'By.xpath: //a[@class = 'taglib-language-list-text' and @lang = 'en-US' and (contains(text(), 'EN') or contains(., 'EN'))]' is not present after '3' second(s)

2018-12-13 00:32:23 - [MESSAGE][PASSED] - Web element with id: 'Object Repository/Final Object Repo/Landing Page/Select to English' located by 'By.xpath: //a[@class = 'taglib-language-list-text' and @lang = 'en-US' and (contains(text(), 'EN') or contains(., 'EN'))]' is not present after '3' second(s)

2018-12-13 00:32:23 - [TEST_STEP][PASSED] - Statement - If (Checker == false): null

2018-12-13 00:32:23 - [TEST_STEP][PASSED] - delay: Delayed 2 second(s)

2018-12-13 00:32:25 - [MESSAGE][PASSED] - Delayed 2 second(s)

2018-12-13 00:32:25 - [TEST_STEP][PASSED] - delay: Delayed 5 second(s)

2018-12-13 00:32:30 - [MESSAGE][PASSED] - Delayed 5 second(s)

2018-12-13 00:32:30 - [TEST_STEP][PASSED] - mouseOver: Object: 'Object Repository/Final Object Repo/Landing Page/WorkFlow Menu' is hovered

2018-12-13 00:32:30 - [MESSAGE][PASSED] - Object: 'Object Repository/Final Object Repo/Landing Page/WorkFlow Menu' is hovered

2018-12-13 00:32:30 - [TEST_STEP][PASSED] - delay: Delayed 2 second(s)

2018-12-13 00:32:32 - [MESSAGE][PASSED] - Delayed 2 second(s)

2018-12-13 00:32:32 - [TEST_STEP][PASSED] - click: Object: 'Object Repository/Final Object Repo/Landing Page/Select to Workflow Listing' is clicked on

2018-12-13 00:32:33 - [MESSAGE][PASSED] - Object: 'Object Repository/Final Object Repo/Landing Page/Select to Workflow Listing' is clicked on

2018-12-13 00:32:33 - [TEST_STEP][PASSED] - delay: Delayed 2 second(s)

2018-12-13 00:32:35 - [MESSAGE][PASSED] - Delayed 2 second(s)

2018-12-13 00:32:35 - [TEST_STEP][PASSED] - click: Object: 'Object Repository/Final Object Repo/WorkFlow Listing Page/Search Information - To Put Ref No' is clicked on

2018-12-13 00:32:36 - [MESSAGE][PASSED] - Object: 'Object Repository/Final Object Repo/WorkFlow Listing Page/Search Information - To Put Ref No' is clicked on

2018-12-13 00:32:36 - [TEST_STEP][PASSED] - delay: Delayed 2 second(s)

2018-12-13 00:32:38 - [MESSAGE][PASSED] - Delayed 2 second(s)

2018-12-13 00:32:38 - [TEST_STEP][PASSED] - callTestCase: Call Test Case 'Test Cases/Final Aug 2018 - PKS Automation/Common/Reference Number Getter' successfully

2018-12-13 00:32:38 - [TEST_CASE][PASSED] - Test Cases/Final Aug 2018 - PKS Automation/Common/Reference Number Getter: Test Cases/Final Aug 2018 - PKS Automation/Common/Reference Number Getter

2018-12-13 00:32:38 - [TEST_STEP][PASSED] - Statement - Try: null

2018-12-13 00:32:38 - [TEST_STEP][PASSED] - Statement - RefNo = new java.io.File(C://Users//Admin//Desktop//PKS//Automation Reference Point//KatalonReference.txt): null

2018-12-13 00:32:38 - [TEST_STEP][PASSED] - Statement - bufferread = new java.io.BufferedReader(new java.io.FileReader(RefNo)): null

2018-12-13 00:32:38 - [TEST_STEP][PASSED] - Statement - readedVal = bufferread.readLine(): null

2018-12-13 00:32:38 - [TEST_STEP][PASSED] - Statement - out.println(CaseReferenceNo): null

2018-12-13 00:32:38 - [TEST_STEP][PASSED] - Statement - out.println(readedVal): null

2018-12-13 00:32:38 - [TEST_STEP][PASSED] - Statement - CaseReferenceNo = "": null

2018-12-13 00:32:38 - [TEST_STEP][PASSED] - Statement - CaseReferenceNo = readedVal: null

2018-12-13 00:32:38 - [MESSAGE][PASSED] - Call Test Case 'Test Cases/Final Aug 2018 - PKS Automation/Common/Reference Number Getter' successfully

2018-12-13 00:32:38 - [TEST_STEP][PASSED] - setText: Text 'CRN12201800123253' is set on object 'Object Repository/Final Object Repo/WorkFlow Listing Page/Ref No Set Text'

2018-12-13 00:32:38 - [MESSAGE][PASSED] - Text 'CRN12201800123253' is set on object 'Object Repository/Final Object Repo/WorkFlow Listing Page/Ref No Set Text'

2018-12-13 00:32:38 - [TEST_STEP][PASSED] - delay: Delayed 2 second(s)

2018-12-13 00:32:40 - [MESSAGE][PASSED] - Delayed 2 second(s)

2018-12-13 00:32:40 - [TEST_STEP][PASSED] - click: Object: 'Object Repository/Final Object Repo/WorkFlow Listing Page/Search Ref No Search Button' is clicked on

2018-12-13 00:32:40 - [MESSAGE][PASSED] - Object: 'Object Repository/Final Object Repo/WorkFlow Listing Page/Search Ref No Search Button' is clicked on

2018-12-13 00:32:40 - [TEST_STEP][PASSED] - delay: Delayed 6 second(s)

2018-12-13 00:32:46 - [MESSAGE][PASSED] - Delayed 6 second(s)

2018-12-13 00:32:46 - [TEST_STEP][PASSED] - click: Object: 'Object Repository/Final Object Repo/WorkFlow Listing Page/Click Continue Tooltip' is clicked on

2018-12-13 00:32:47 - [MESSAGE][PASSED] - Object: 'Object Repository/Final Object Repo/WorkFlow Listing Page/Click Continue Tooltip' is clicked on

2018-12-13 00:32:47 - [TEST_STEP][PASSED] - delay: Delayed 5 second(s)

2018-12-13 00:32:52 - [MESSAGE][PASSED] - Delayed 5 second(s)

2018-12-13 00:32:52 - [TEST_STEP][PASSED] - doubleClick: Object: 'Object Repository/Final Object Repo/WorkFlow Listing Page/Workflow Found - Listing 1' is double clicked on

2018-12-13 00:32:52 - [MESSAGE][PASSED] - Object: 'Object Repository/Final Object Repo/WorkFlow Listing Page/Workflow Found - Listing 1' is double clicked on

2018-12-13 00:32:52 - [TEST_STEP][PASSED] - Statement - println(OwnerID): null

2018-12-13 00:32:52 - [TEST_STEP][PASSED] - Statement - OwnerID = com.kms.katalon.core.webui.keyword.WebUiBuiltInKeywords.getText(com.kms.katalon.core.testobject.ObjectRepository.findTestObject(Final Object Repo/WorkFlow Listing Page/Workflow Found - Listing 1), STOP_ON_FAILURE): Text of object 'Object Repository/Final Object Repo/WorkFlow Listing Page/Workflow Found - Listing 1' is: 'JOHORro3'

2018-12-13 00:32:52 - [MESSAGE][PASSED] - Text of object 'Object Repository/Final Object Repo/WorkFlow Listing Page/Workflow Found - Listing 1' is: 'JOHORro3'

2018-12-13 00:32:52 - [TEST_STEP][PASSED] - Statement - OwnerID = OwnerID.toLowerCase() + "@gmail.com": null

2018-12-13 00:32:52 - [TEST_STEP][PASSED] - Statement - println(OwnerID): null

2018-12-13 00:32:52 - [TEST_STEP][PASSED] - delay: Delayed 2 second(s)

2018-12-13 00:32:54 - [MESSAGE][PASSED] - Delayed 2 second(s)

2018-12-13 00:32:54 - [MESSAGE][PASSED] - Call Test Case 'Test Cases/Final Aug 2018 - PKS Automation/Common/Workflow Owner Finder' successfully

2018-12-13 00:32:54 - [TEST_STEP][PASSED] - callTestCase: Call Test Case 'Test Cases/Final Aug 2018 - PKS Automation/Registration Module/Log Out/log out avoiding katalon tagging' successfully

2018-12-13 00:32:54 - [TEST_CASE][PASSED] - Test Cases/Final Aug 2018 - PKS Automation/Registration Module/Log Out/log out avoiding katalon tagging: Test Cases/Final Aug 2018 - PKS Automation/Registration Module/Log Out/log out avoiding katalon tagging

2018-12-13 00:32:54 - [TEST_STEP][PASSED] - navigateToUrl: Navigate to 'https://assist2-uat.perkeso.gov.my/c/portal/logout' successfully

2018-12-13 00:32:55 - [MESSAGE][PASSED] - Navigate to 'https://assist2-uat.perkeso.gov.my/c/portal/logout' successfully

2018-12-13 00:32:55 - [MESSAGE][PASSED] - Call Test Case 'Test Cases/Final Aug 2018 - PKS Automation/Registration Module/Log Out/log out avoiding katalon tagging' successfully

2018-12-13 00:32:55 - [TEST_STEP][PASSED] - delay: Delayed 2 second(s)

2018-12-13 00:32:57 - [MESSAGE][PASSED] - Delayed 2 second(s)

2018-12-13 00:32:57 - [TEST_STEP][PASSED] - setText: Text 'johorro3@gmail.com' is set on object 'Object Repository/Final Object Repo/New Registration - Registration Module Pages/New Reg - OTC to RO/Special Case - All Related Objects/Email TextBox'

2018-12-13 00:32:58 - [MESSAGE][PASSED] - Text 'johorro3@gmail.com' is set on object 'Object Repository/Final Object Repo/New Registration - Registration Module Pages/New Reg - OTC to RO/Special Case - All Related Objects/Email TextBox'

2018-12-13 00:32:58 - [TEST_STEP][PASSED] - click: Object: 'Object Repository/Final Object Repo/New Registration - Registration Module Pages/New Reg - OTC to RO/Special Case - All Related Objects/Next Button' is clicked on

2018-12-13 00:32:58 - [MESSAGE][PASSED] - Object: 'Object Repository/Final Object Repo/New Registration - Registration Module Pages/New Reg - OTC to RO/Special Case - All Related Objects/Next Button' is clicked on

2018-12-13 00:32:58 - [TEST_STEP][PASSED] - delay: Delayed 2 second(s)

2018-12-13 00:33:00 - [MESSAGE][PASSED] - Delayed 2 second(s)

2018-12-13 00:33:00 - [TEST_STEP][PASSED] - setText: Text 'Test1@3456789' is set on object 'Object Repository/Final Object Repo/New Registration - Registration Module Pages/New Reg - OTC to RO/Special Case - All Related Objects/Password TextBox'

2018-12-13 00:33:00 - [MESSAGE][PASSED] - Text 'Test1@3456789' is set on object 'Object Repository/Final Object Repo/New Registration - Registration Module Pages/New Reg - OTC to RO/Special Case - All Related Objects/Password TextBox'

2018-12-13 00:33:00 - [TEST_STEP][PASSED] - delay: Delayed 2 second(s)

2018-12-13 00:33:02 - [MESSAGE][PASSED] - Delayed 2 second(s)

2018-12-13 00:33:02 - [TEST_STEP][PASSED] - click: Object: 'Object Repository/Final Object Repo/New Registration - Registration Module Pages/New Reg - OTC to RO/Special Case - All Related Objects/Login Button' is clicked on

2018-12-13 00:33:02 - [MESSAGE][PASSED] - Object: 'Object Repository/Final Object Repo/New Registration - Registration Module Pages/New Reg - OTC to RO/Special Case - All Related Objects/Login Button' is clicked on

2018-12-13 00:33:02 - [TEST_STEP][PASSED] - delay: Delayed 2 second(s)

2018-12-13 00:33:04 - [MESSAGE][PASSED] - Delayed 2 second(s)

2018-12-13 00:33:04 - [TEST_STEP][PASSED] - Statement - Try: null

2018-12-13 00:33:04 - [TEST_STEP][PASSED] - Statement - Checker = com.kms.katalon.core.webui.keyword.WebUiBuiltInKeywords.verifyElementNotPresent("Final Object Repo/Landing Page/Select to English", 3): null

2018-12-13 00:33:04 - [TEST_STEP][PASSED] - Statement - Catch (Exception e): null

2018-12-13 00:33:04 - [TEST_STEP][PASSED] - Statement - e.printStackTrace(): null

2018-12-13 00:33:04 - [TEST_STEP][PASSED] - click: Object: 'Object Repository/Final Object Repo/New Registration - Registration Module Pages/New Reg - OTC to RO/Special Case - All Related Objects/Expand to Search' is clicked on

2018-12-13 00:33:04 - [MESSAGE][PASSED] - Object: 'Object Repository/Final Object Repo/New Registration - Registration Module Pages/New Reg - OTC to RO/Special Case - All Related Objects/Expand to Search' is clicked on

2018-12-13 00:33:04 - [TEST_STEP][FAILED] - setText: Unable to set text 'CRN12201800123253' of object 'Object Repository/Final Object Repo/New Registration - Registration Module Pages/New Reg - OTC to RO/Special Case - All Related Objects/TextBox RefNo in Workbasket' (Root cause: org.openqa.selenium.ElementNotVisibleException: element not interactable
  (Session info: chrome=70.0.3538.110)
  (Driver info: chromedriver=2.43.600210 (68dcf5eebde37173d4027fa8635e332711d2874a),platform=Windows NT 6.1.7601 SP1 x86_64) (WARNING: The server did not provide any stacktrace information)
Command duration or timeout: 0 milliseconds
Build info: version: '3.7.1', revision: '8a0099a', time: '2017-11-06T21:07:36.161Z'
System info: host: 'WIN7TEST02', ip: '10.20.3.72', os.name: 'Windows 7', os.arch: 'amd64', os.version: '6.1', java.version: '1.8.0_181'
Driver info: com.kms.katalon.selenium.driver.CChromeDriver
Capabilities {acceptInsecureCerts: false, acceptSslCerts: false, applicationCacheEnabled: false, browserConnectionEnabled: false, browserName: chrome, chrome: {chromedriverVersion: 2.43.600210 (68dcf5eebde371..., userDataDir: C:\Users\Admin\AppData\Loca...}, cssSelectorsEnabled: true, databaseEnabled: false, goog:chromeOptions: {debuggerAddress: localhost:59616}, handlesAlerts: true, hasTouchScreen: false, javascriptEnabled: true, locationContextEnabled: true, mobileEmulationEnabled: false, nativeEvents: true, networkConnectionEnabled: false, pageLoadStrategy: normal, platform: XP, platformName: XP, rotatable: false, setWindowRect: true, takesHeapSnapshot: true, takesScreenshot: true, unexpectedAlertBehaviour: , unhandledPromptBehavior: , version: 70.0.3538.110, webStorageEnabled: true}
Session ID: 11ac39114346745f3f081afa5192614f)

2018-12-13 00:33:05 - [MESSAGE][FAILED] - Unable to set text 'CRN12201800123253' of object 'Object Repository/Final Object Repo/New Registration - Registration Module Pages/New Reg - OTC to RO/Special Case - All Related Objects/TextBox RefNo in Workbasket' (Root cause: org.openqa.selenium.ElementNotVisibleException: element not interactable
  (Session info: chrome=70.0.3538.110)
  (Driver info: chromedriver=2.43.600210 (68dcf5eebde37173d4027fa8635e332711d2874a),platform=Windows NT 6.1.7601 SP1 x86_64) (WARNING: The server did not provide any stacktrace information)
Command duration or timeout: 0 milliseconds
Build info: version: '3.7.1', revision: '8a0099a', time: '2017-11-06T21:07:36.161Z'
System info: host: 'WIN7TEST02', ip: '10.20.3.72', os.name: 'Windows 7', os.arch: 'amd64', os.version: '6.1', java.version: '1.8.0_181'
Driver info: com.kms.katalon.selenium.driver.CChromeDriver
Capabilities {acceptInsecureCerts: false, acceptSslCerts: false, applicationCacheEnabled: false, browserConnectionEnabled: false, browserName: chrome, chrome: {chromedriverVersion: 2.43.600210 (68dcf5eebde371..., userDataDir: C:\Users\Admin\AppData\Loca...}, cssSelectorsEnabled: true, databaseEnabled: false, goog:chromeOptions: {debuggerAddress: localhost:59616}, handlesAlerts: true, hasTouchScreen: false, javascriptEnabled: true, locationContextEnabled: true, mobileEmulationEnabled: false, nativeEvents: true, networkConnectionEnabled: false, pageLoadStrategy: normal, platform: XP, platformName: XP, rotatable: false, setWindowRect: true, takesHeapSnapshot: true, takesScreenshot: true, unexpectedAlertBehaviour: , unhandledPromptBehavior: , version: 70.0.3538.110, webStorageEnabled: true}
Session ID: 11ac39114346745f3f081afa5192614f)
[[ATTACHMENT|C:\\Users\\Admin\\Desktop\\PKS\\Perkeso Phase A\\Reports\\Workflow\\New Registration\\20181212_204826\\1544632384914.png]]

2018-12-13 00:33:05 - [TEST_STEP][PASSED] - delay: Delayed 2 second(s)

2018-12-13 00:33:07 - [MESSAGE][PASSED] - Delayed 2 second(s)

2018-12-13 00:33:07 - [TEST_STEP][PASSED] - click: Object: 'Object Repository/Final Object Repo/New Registration - Registration Module Pages/New Reg - OTC to RO/Special Case - All Related Objects/Click Search' is clicked on

2018-12-13 00:33:07 - [MESSAGE][PASSED] - Object: 'Object Repository/Final Object Repo/New Registration - Registration Module Pages/New Reg - OTC to RO/Special Case - All Related Objects/Click Search' is clicked on

2018-12-13 00:33:07 - [TEST_STEP][PASSED] - delay: Delayed 2 second(s)

2018-12-13 00:33:09 - [MESSAGE][PASSED] - Delayed 2 second(s)

2018-12-13 00:33:09 - [TEST_STEP][PASSED] - click: Object: 'Object Repository/Final Object Repo/New Registration - Registration Module Pages/New Reg - OTC to RO/Special Case - All Related Objects/Click to Continue Workflow' is clicked on

2018-12-13 00:33:12 - [MESSAGE][PASSED] - Object: 'Object Repository/Final Object Repo/New Registration - Registration Module Pages/New Reg - OTC to RO/Special Case - All Related Objects/Click to Continue Workflow' is clicked on

2018-12-13 00:33:12 - [TEST_STEP][PASSED] - delay: Delayed 2 second(s)

2018-12-13 00:33:14 - [MESSAGE][PASSED] - Delayed 2 second(s)

2018-12-13 00:33:14 - [TEST_STEP][PASSED] - click: Object: 'Object Repository/Final Object Repo/New Registration - Registration Module Pages/New Reg - OTC to RO/Special Case - All Related Objects/Continue Button in verifying case' is clicked on

2018-12-13 00:33:16 - [MESSAGE][PASSED] - Object: 'Object Repository/Final Object Repo/New Registration - Registration Module Pages/New Reg - OTC to RO/Special Case - All Related Objects/Continue Button in verifying case' is clicked on

2018-12-13 00:33:16 - [TEST_STEP][PASSED] - delay: Delayed 2 second(s)

2018-12-13 00:33:18 - [MESSAGE][PASSED] - Delayed 2 second(s)

2018-12-13 00:33:18 - [TEST_STEP][PASSED] - click: Object: 'Object Repository/Final Object Repo/New Registration - Registration Module Pages/Form 1/Registered As a Branch - Yes' is clicked on

2018-12-13 00:33:18 - [MESSAGE][PASSED] - Object: 'Object Repository/Final Object Repo/New Registration - Registration Module Pages/Form 1/Registered As a Branch - Yes' is clicked on

2018-12-13 00:33:18 - [TEST_STEP][PASSED] - delay: Delayed 2 second(s)

2018-12-13 00:33:20 - [MESSAGE][PASSED] - Delayed 2 second(s)

2018-12-13 00:33:20 - [TEST_STEP][PASSED] - click: Object: 'Object Repository/Final Object Repo/New Registration - Registration Module Pages/New Reg - OTC to RO/Special Case - All Related Objects/Form 1 Save n Continue' is clicked on

2018-12-13 00:33:20 - [MESSAGE][PASSED] - Object: 'Object Repository/Final Object Repo/New Registration - Registration Module Pages/New Reg - OTC to RO/Special Case - All Related Objects/Form 1 Save n Continue' is clicked on

2018-12-13 00:33:20 - [TEST_STEP][PASSED] - delay: Delayed 2 second(s)

2018-12-13 00:33:22 - [MESSAGE][PASSED] - Delayed 2 second(s)

2018-12-13 00:33:22 - [TEST_STEP][PASSED] - click: Object: 'Object Repository/Final Object Repo/New Registration - Registration Module Pages/New Reg - OTC to RO/Special Case - All Related Objects/Form 2 Save n Continue' is clicked on

2018-12-13 00:33:22 - [MESSAGE][PASSED] - Object: 'Object Repository/Final Object Repo/New Registration - Registration Module Pages/New Reg - OTC to RO/Special Case - All Related Objects/Form 2 Save n Continue' is clicked on

2018-12-13 00:33:22 - [TEST_STEP][PASSED] - delay: Delayed 2 second(s)

2018-12-13 00:33:24 - [MESSAGE][PASSED] - Delayed 2 second(s)

2018-12-13 00:33:24 - [TEST_STEP][PASSED] - click: Object: 'Object Repository/Final Object Repo/New Registration - Registration Module Pages/New Reg - OTC to RO/Special Case - All Related Objects/Third Screen Save n Continue' is clicked on

2018-12-13 00:33:30 - [MESSAGE][PASSED] - Object: 'Object Repository/Final Object Repo/New Registration - Registration Module Pages/New Reg - OTC to RO/Special Case - All Related Objects/Third Screen Save n Continue' is clicked on

2018-12-13 00:33:30 - [TEST_STEP][PASSED] - delay: Delayed 5 second(s)

2018-12-13 00:33:35 - [MESSAGE][PASSED] - Delayed 5 second(s)

2018-12-13 00:33:35 - [TEST_STEP][PASSED] - setText: Text 'Query case' is set on object 'Object Repository/Final Object Repo/New Registration - Registration Module Pages/New Reg - OTC to RO/Special Case - All Related Objects/Query Text Input'

2018-12-13 00:33:35 - [MESSAGE][PASSED] - Text 'Query case' is set on object 'Object Repository/Final Object Repo/New Registration - Registration Module Pages/New Reg - OTC to RO/Special Case - All Related Objects/Query Text Input'

2018-12-13 00:33:35 - [TEST_STEP][PASSED] - delay: Delayed 5 second(s)

2018-12-13 00:33:40 - [MESSAGE][PASSED] - Delayed 5 second(s)

2018-12-13 00:33:40 - [TEST_STEP][PASSED] - click: Object: 'Object Repository/Final Object Repo/New Registration - Registration Module Pages/New Reg - OTC to RO/Special Case - All Related Objects/Upload Doc Page Save n Continue' is clicked on

2018-12-13 00:33:40 - [MESSAGE][PASSED] - Object: 'Object Repository/Final Object Repo/New Registration - Registration Module Pages/New Reg - OTC to RO/Special Case - All Related Objects/Upload Doc Page Save n Continue' is clicked on

2018-12-13 00:33:40 - [TEST_STEP][PASSED] - click: Object: 'Object Repository/Final Object Repo/New Registration - Registration Module Pages/New Reg - OTC to RO/Special Case - All Related Objects/Query Button' is clicked on

2018-12-13 00:33:45 - [MESSAGE][PASSED] - Object: 'Object Repository/Final Object Repo/New Registration - Registration Module Pages/New Reg - OTC to RO/Special Case - All Related Objects/Query Button' is clicked on

2018-12-13 00:33:45 - [TEST_STEP][FAILED] - click: Unable to click on object 'Object Repository/Final Object Repo/New Registration - Registration Module Pages/New Reg - OTC to RO/Special Case - All Related Objects/Confirm to Query' (Root cause: org.openqa.selenium.ElementNotVisibleException: element not interactable
  (Session info: chrome=70.0.3538.110)
  (Driver info: chromedriver=2.43.600210 (68dcf5eebde37173d4027fa8635e332711d2874a),platform=Windows NT 6.1.7601 SP1 x86_64) (WARNING: The server did not provide any stacktrace information)
Command duration or timeout: 0 milliseconds
Build info: version: '3.7.1', revision: '8a0099a', time: '2017-11-06T21:07:36.161Z'
System info: host: 'WIN7TEST02', ip: '10.20.3.72', os.name: 'Windows 7', os.arch: 'amd64', os.version: '6.1', java.version: '1.8.0_181'
Driver info: com.kms.katalon.selenium.driver.CChromeDriver
Capabilities {acceptInsecureCerts: false, acceptSslCerts: false, applicationCacheEnabled: false, browserConnectionEnabled: false, browserName: chrome, chrome: {chromedriverVersion: 2.43.600210 (68dcf5eebde371..., userDataDir: C:\Users\Admin\AppData\Loca...}, cssSelectorsEnabled: true, databaseEnabled: false, goog:chromeOptions: {debuggerAddress: localhost:59616}, handlesAlerts: true, hasTouchScreen: false, javascriptEnabled: true, locationContextEnabled: true, mobileEmulationEnabled: false, nativeEvents: true, networkConnectionEnabled: false, pageLoadStrategy: normal, platform: XP, platformName: XP, rotatable: false, setWindowRect: true, takesHeapSnapshot: true, takesScreenshot: true, unexpectedAlertBehaviour: , unhandledPromptBehavior: , version: 70.0.3538.110, webStorageEnabled: true}
Session ID: 11ac39114346745f3f081afa5192614f)

2018-12-13 00:33:45 - [MESSAGE][FAILED] - Unable to click on object 'Object Repository/Final Object Repo/New Registration - Registration Module Pages/New Reg - OTC to RO/Special Case - All Related Objects/Confirm to Query' (Root cause: org.openqa.selenium.ElementNotVisibleException: element not interactable
  (Session info: chrome=70.0.3538.110)
  (Driver info: chromedriver=2.43.600210 (68dcf5eebde37173d4027fa8635e332711d2874a),platform=Windows NT 6.1.7601 SP1 x86_64) (WARNING: The server did not provide any stacktrace information)
Command duration or timeout: 0 milliseconds
Build info: version: '3.7.1', revision: '8a0099a', time: '2017-11-06T21:07:36.161Z'
System info: host: 'WIN7TEST02', ip: '10.20.3.72', os.name: 'Windows 7', os.arch: 'amd64', os.version: '6.1', java.version: '1.8.0_181'
Driver info: com.kms.katalon.selenium.driver.CChromeDriver
Capabilities {acceptInsecureCerts: false, acceptSslCerts: false, applicationCacheEnabled: false, browserConnectionEnabled: false, browserName: chrome, chrome: {chromedriverVersion: 2.43.600210 (68dcf5eebde371..., userDataDir: C:\Users\Admin\AppData\Loca...}, cssSelectorsEnabled: true, databaseEnabled: false, goog:chromeOptions: {debuggerAddress: localhost:59616}, handlesAlerts: true, hasTouchScreen: false, javascriptEnabled: true, locationContextEnabled: true, mobileEmulationEnabled: false, nativeEvents: true, networkConnectionEnabled: false, pageLoadStrategy: normal, platform: XP, platformName: XP, rotatable: false, setWindowRect: true, takesHeapSnapshot: true, takesScreenshot: true, unexpectedAlertBehaviour: , unhandledPromptBehavior: , version: 70.0.3538.110, webStorageEnabled: true}
Session ID: 11ac39114346745f3f081afa5192614f)
[[ATTACHMENT|C:\\Users\\Admin\\Desktop\\PKS\\Perkeso Phase A\\Reports\\Workflow\\New Registration\\20181212_204826\\1544632425422.png]]

2018-12-13 00:33:45 - [TEST_STEP][PASSED] - callTestCase: Call Test Case 'Test Cases/Final Aug 2018 - PKS Automation/Registration Module/Log Out/log out avoiding katalon tagging' successfully

2018-12-13 00:33:45 - [TEST_CASE][PASSED] - Test Cases/Final Aug 2018 - PKS Automation/Registration Module/Log Out/log out avoiding katalon tagging: Test Cases/Final Aug 2018 - PKS Automation/Registration Module/Log Out/log out avoiding katalon tagging

2018-12-13 00:33:45 - [TEST_STEP][PASSED] - navigateToUrl: Navigate to 'https://assist2-uat.perkeso.gov.my/c/portal/logout' successfully

2018-12-13 00:33:46 - [MESSAGE][PASSED] - Navigate to 'https://assist2-uat.perkeso.gov.my/c/portal/logout' successfully

2018-12-13 00:33:46 - [MESSAGE][PASSED] - Call Test Case 'Test Cases/Final Aug 2018 - PKS Automation/Registration Module/Log Out/log out avoiding katalon tagging' successfully

2018-12-13 00:33:46 - [TEST_STEP][PASSED] - delay: Delayed 2 second(s)

2018-12-13 00:33:48 - [MESSAGE][PASSED] - Delayed 2 second(s)

2018-12-13 00:33:48 - [TEST_STEP][PASSED] - setText: Text 'klotc2@gmail.com' is set on object 'Object Repository/Final Object Repo/Login Page/Internal User/Email Address'

2018-12-13 00:33:48 - [MESSAGE][PASSED] - Text 'klotc2@gmail.com' is set on object 'Object Repository/Final Object Repo/Login Page/Internal User/Email Address'

2018-12-13 00:33:48 - [TEST_STEP][PASSED] - click: Object: 'Object Repository/Final Object Repo/Login Page/Internal User/Next Button' is clicked on

2018-12-13 00:33:49 - [MESSAGE][PASSED] - Object: 'Object Repository/Final Object Repo/Login Page/Internal User/Next Button' is clicked on

2018-12-13 00:33:49 - [TEST_STEP][PASSED] - delay: Delayed 2 second(s)

2018-12-13 00:33:51 - [MESSAGE][PASSED] - Delayed 2 second(s)

2018-12-13 00:33:51 - [TEST_STEP][PASSED] - setText: Text 'Test1@3456789' is set on object 'Object Repository/Final Object Repo/Login Page/Internal User/Password'

2018-12-13 00:33:51 - [MESSAGE][PASSED] - Text 'Test1@3456789' is set on object 'Object Repository/Final Object Repo/Login Page/Internal User/Password'

2018-12-13 00:33:51 - [TEST_STEP][PASSED] - delay: Delayed 2 second(s)

2018-12-13 00:33:53 - [MESSAGE][PASSED] - Delayed 2 second(s)

2018-12-13 00:33:53 - [TEST_STEP][PASSED] - click: Object: 'Object Repository/Final Object Repo/Login Page/Internal User/Login Button' is clicked on

2018-12-13 00:33:53 - [MESSAGE][PASSED] - Object: 'Object Repository/Final Object Repo/Login Page/Internal User/Login Button' is clicked on

2018-12-13 00:33:53 - [TEST_STEP][PASSED] - delay: Delayed 2 second(s)

2018-12-13 00:33:55 - [MESSAGE][PASSED] - Delayed 2 second(s)

2018-12-13 00:33:55 - [TEST_STEP][PASSED] - Statement - Try: null

2018-12-13 00:33:55 - [TEST_STEP][PASSED] - Statement - Checker = com.kms.katalon.core.webui.keyword.WebUiBuiltInKeywords.verifyElementNotPresent("PKS_SIP_Updated_RegModule/Attempt/Page_MyASSIST - ASSIST/Select to English", 3): null

2018-12-13 00:33:55 - [TEST_STEP][PASSED] - Statement - Catch (Exception e): null

2018-12-13 00:33:55 - [TEST_STEP][PASSED] - Statement - e.printStackTrace(): null

2018-12-13 00:33:55 - [TEST_STEP][PASSED] - delay: Delayed 4 second(s)

2018-12-13 00:33:59 - [MESSAGE][PASSED] - Delayed 4 second(s)

2018-12-13 00:33:59 - [TEST_STEP][PASSED] - click: Object: 'Object Repository/Final Object Repo/Landing Page/My Sites Drop Down' is clicked on

2018-12-13 00:33:59 - [MESSAGE][PASSED] - Object: 'Object Repository/Final Object Repo/Landing Page/My Sites Drop Down' is clicked on

2018-12-13 00:33:59 - [TEST_STEP][PASSED] - click: Object: 'Object Repository/Final Object Repo/Landing Page/Select to Registration Module' is clicked on

2018-12-13 00:34:00 - [MESSAGE][PASSED] - Object: 'Object Repository/Final Object Repo/Landing Page/Select to Registration Module' is clicked on

2018-12-13 00:34:00 - [TEST_STEP][PASSED] - delay: Delayed 2 second(s)

2018-12-13 00:34:02 - [MESSAGE][PASSED] - Delayed 2 second(s)

2018-12-13 00:34:02 - [TEST_STEP][PASSED] - mouseOver: Object: 'Object Repository/Final Object Repo/New Registration - Registration Module Pages/New Reg - OTC to RO/Special Case - All Related Objects/Hover Over Search Drop Down' is hovered

2018-12-13 00:34:02 - [MESSAGE][PASSED] - Object: 'Object Repository/Final Object Repo/New Registration - Registration Module Pages/New Reg - OTC to RO/Special Case - All Related Objects/Hover Over Search Drop Down' is hovered

2018-12-13 00:34:02 - [TEST_STEP][PASSED] - click: Object: 'Object Repository/Final Object Repo/New Registration - Registration Module Pages/New Reg - OTC to RO/Special Case - All Related Objects/Select Search Pending Case' is clicked on

2018-12-13 00:34:03 - [MESSAGE][PASSED] - Object: 'Object Repository/Final Object Repo/New Registration - Registration Module Pages/New Reg - OTC to RO/Special Case - All Related Objects/Select Search Pending Case' is clicked on

2018-12-13 00:34:03 - [TEST_STEP][PASSED] - click: Object: 'Object Repository/Final Object Repo/New Registration - Registration Module Pages/New Reg - OTC to RO/Special Case - All Related Objects/Select Searching Method (Employer Code)' is clicked on

2018-12-13 00:34:03 - [MESSAGE][PASSED] - Object: 'Object Repository/Final Object Repo/New Registration - Registration Module Pages/New Reg - OTC to RO/Special Case - All Related Objects/Select Searching Method (Employer Code)' is clicked on

2018-12-13 00:34:03 - [TEST_STEP][PASSED] - click: Object: 'Object Repository/Final Object Repo/New Registration - Registration Module Pages/New Reg - OTC to RO/Special Case - All Related Objects/Select Searching Method to Reference ID' is clicked on

2018-12-13 00:34:03 - [MESSAGE][PASSED] - Object: 'Object Repository/Final Object Repo/New Registration - Registration Module Pages/New Reg - OTC to RO/Special Case - All Related Objects/Select Searching Method to Reference ID' is clicked on

2018-12-13 00:34:03 - [TEST_STEP][PASSED] - setText: Text 'CRN12201800123253' is set on object 'Object Repository/Final Object Repo/New Registration - Registration Module Pages/New Reg - OTC to RO/Special Case - All Related Objects/Pending Case Ref NO'

2018-12-13 00:34:04 - [MESSAGE][PASSED] - Text 'CRN12201800123253' is set on object 'Object Repository/Final Object Repo/New Registration - Registration Module Pages/New Reg - OTC to RO/Special Case - All Related Objects/Pending Case Ref NO'

2018-12-13 00:34:04 - [TEST_STEP][PASSED] - click: Object: 'Object Repository/Final Object Repo/New Registration - Registration Module Pages/New Reg - OTC to RO/Special Case - All Related Objects/Search Pending Case Based on Ref No' is clicked on

2018-12-13 00:34:04 - [MESSAGE][PASSED] - Object: 'Object Repository/Final Object Repo/New Registration - Registration Module Pages/New Reg - OTC to RO/Special Case - All Related Objects/Search Pending Case Based on Ref No' is clicked on

2018-12-13 00:34:04 - [TEST_STEP][FAILED] - click: Unable to click on object 'Object Repository/Final Object Repo/New Registration - Registration Module Pages/New Reg - OTC to RO/Special Case - All Related Objects/Action Button after found case' (Root cause: org.openqa.selenium.InvalidSelectorException: invalid selector: Unable to locate an element with the xpath expression  because of the following error:
SyntaxError: Failed to execute 'evaluate' on 'Document': The string '' is not a valid XPath expression.
  (Session info: chrome=70.0.3538.110)
  (Driver info: chromedriver=2.43.600210 (68dcf5eebde37173d4027fa8635e332711d2874a),platform=Windows NT 6.1.7601 SP1 x86_64) (WARNING: The server did not provide any stacktrace information)
Command duration or timeout: 0 milliseconds
For documentation on this error, please visit: http://seleniumhq.org/exceptions/invalid_selector_exception.html
Build info: version: '3.7.1', revision: '8a0099a', time: '2017-11-06T21:07:36.161Z'
System info: host: 'WIN7TEST02', ip: '10.20.3.72', os.name: 'Windows 7', os.arch: 'amd64', os.version: '6.1', java.version: '1.8.0_181'
Driver info: com.kms.katalon.selenium.driver.CChromeDriver
Capabilities {acceptInsecureCerts: false, acceptSslCerts: false, applicationCacheEnabled: false, browserConnectionEnabled: false, browserName: chrome, chrome: {chromedriverVersion: 2.43.600210 (68dcf5eebde371..., userDataDir: C:\Users\Admin\AppData\Loca...}, cssSelectorsEnabled: true, databaseEnabled: false, goog:chromeOptions: {debuggerAddress: localhost:59616}, handlesAlerts: true, hasTouchScreen: false, javascriptEnabled: true, locationContextEnabled: true, mobileEmulationEnabled: false, nativeEvents: true, networkConnectionEnabled: false, pageLoadStrategy: normal, platform: XP, platformName: XP, rotatable: false, setWindowRect: true, takesHeapSnapshot: true, takesScreenshot: true, unexpectedAlertBehaviour: , unhandledPromptBehavior: , version: 70.0.3538.110, webStorageEnabled: true}
Session ID: 11ac39114346745f3f081afa5192614f
*** Element info: {Using=xpath, value=})

2018-12-13 00:34:37 - [MESSAGE][FAILED] - Unable to click on object 'Object Repository/Final Object Repo/New Registration - Registration Module Pages/New Reg - OTC to RO/Special Case - All Related Objects/Action Button after found case' (Root cause: org.openqa.selenium.InvalidSelectorException: invalid selector: Unable to locate an element with the xpath expression  because of the following error:
SyntaxError: Failed to execute 'evaluate' on 'Document': The string '' is not a valid XPath expression.
  (Session info: chrome=70.0.3538.110)
  (Driver info: chromedriver=2.43.600210 (68dcf5eebde37173d4027fa8635e332711d2874a),platform=Windows NT 6.1.7601 SP1 x86_64) (WARNING: The server did not provide any stacktrace information)
Command duration or timeout: 0 milliseconds
For documentation on this error, please visit: http://seleniumhq.org/exceptions/invalid_selector_exception.html
Build info: version: '3.7.1', revision: '8a0099a', time: '2017-11-06T21:07:36.161Z'
System info: host: 'WIN7TEST02', ip: '10.20.3.72', os.name: 'Windows 7', os.arch: 'amd64', os.version: '6.1', java.version: '1.8.0_181'
Driver info: com.kms.katalon.selenium.driver.CChromeDriver
Capabilities {acceptInsecureCerts: false, acceptSslCerts: false, applicationCacheEnabled: false, browserConnectionEnabled: false, browserName: chrome, chrome: {chromedriverVersion: 2.43.600210 (68dcf5eebde371..., userDataDir: C:\Users\Admin\AppData\Loca...}, cssSelectorsEnabled: true, databaseEnabled: false, goog:chromeOptions: {debuggerAddress: localhost:59616}, handlesAlerts: true, hasTouchScreen: false, javascriptEnabled: true, locationContextEnabled: true, mobileEmulationEnabled: false, nativeEvents: true, networkConnectionEnabled: false, pageLoadStrategy: normal, platform: XP, platformName: XP, rotatable: false, setWindowRect: true, takesHeapSnapshot: true, takesScreenshot: true, unexpectedAlertBehaviour: , unhandledPromptBehavior: , version: 70.0.3538.110, webStorageEnabled: true}
Session ID: 11ac39114346745f3f081afa5192614f
*** Element info: {Using=xpath, value=})
[[ATTACHMENT|C:\\Users\\Admin\\Desktop\\PKS\\Perkeso Phase A\\Reports\\Workflow\\New Registration\\20181212_204826\\1544632476880.png]]

2018-12-13 00:34:37 - [TEST_STEP][FAILED] - click: Unable to click on object 'Object Repository/Final Object Repo/New Registration - Registration Module Pages/New Reg - OTC to RO/Special Case - All Related Objects/Next Button in Pending Case Form 1' (Root cause: com.kms.katalon.core.webui.exception.WebElementNotFoundException: Web element with id: 'Object Repository/Final Object Repo/New Registration - Registration Module Pages/New Reg - OTC to RO/Special Case - All Related Objects/Next Button in Pending Case Form 1' located by 'By.xpath: //a[@class = 'btn btn-lg blueBtn col-md-2 pull-right browserIdBtn' and (text() = ' NEXT
						' or . = ' NEXT
						')]' not found)

2018-12-13 00:35:10 - [MESSAGE][FAILED] - Unable to click on object 'Object Repository/Final Object Repo/New Registration - Registration Module Pages/New Reg - OTC to RO/Special Case - All Related Objects/Next Button in Pending Case Form 1' (Root cause: com.kms.katalon.core.webui.exception.WebElementNotFoundException: Web element with id: 'Object Repository/Final Object Repo/New Registration - Registration Module Pages/New Reg - OTC to RO/Special Case - All Related Objects/Next Button in Pending Case Form 1' located by 'By.xpath: //a[@class = 'btn btn-lg blueBtn col-md-2 pull-right browserIdBtn' and (text() = ' NEXT
						' or . = ' NEXT
						')]' not found)
[[ATTACHMENT|C:\\Users\\Admin\\Desktop\\PKS\\Perkeso Phase A\\Reports\\Workflow\\New Registration\\20181212_204826\\1544632510369.png]]

2018-12-13 00:35:10 - [TEST_STEP][FAILED] - click: Unable to click on object 'Object Repository/Final Object Repo/New Registration - Registration Module Pages/New Reg - OTC to RO/Special Case - All Related Objects/Next Button in Pending Case Form 2' (Root cause: com.kms.katalon.core.webui.exception.WebElementNotFoundException: Web element with id: 'Object Repository/Final Object Repo/New Registration - Registration Module Pages/New Reg - OTC to RO/Special Case - All Related Objects/Next Button in Pending Case Form 2' located by 'By.xpath: //a[@class = 'btn btn-lg blueBtn col-md-2 pull-right browserIdBtn' and (text() = ' NEXT
				' or . = ' NEXT
				')]' not found)

2018-12-13 00:35:43 - [MESSAGE][FAILED] - Unable to click on object 'Object Repository/Final Object Repo/New Registration - Registration Module Pages/New Reg - OTC to RO/Special Case - All Related Objects/Next Button in Pending Case Form 2' (Root cause: com.kms.katalon.core.webui.exception.WebElementNotFoundException: Web element with id: 'Object Repository/Final Object Repo/New Registration - Registration Module Pages/New Reg - OTC to RO/Special Case - All Related Objects/Next Button in Pending Case Form 2' located by 'By.xpath: //a[@class = 'btn btn-lg blueBtn col-md-2 pull-right browserIdBtn' and (text() = ' NEXT
				' or . = ' NEXT
				')]' not found)
[[ATTACHMENT|C:\\Users\\Admin\\Desktop\\PKS\\Perkeso Phase A\\Reports\\Workflow\\New Registration\\20181212_204826\\1544632543333.png]]

2018-12-13 00:35:43 - [TEST_STEP][FAILED] - click: Unable to click on object 'Object Repository/Final Object Repo/New Registration - Registration Module Pages/New Reg - OTC to RO/Special Case - All Related Objects/Next Button in Third Screen' (Root cause: com.kms.katalon.core.webui.exception.WebElementNotFoundException: Web element with id: 'Object Repository/Final Object Repo/New Registration - Registration Module Pages/New Reg - OTC to RO/Special Case - All Related Objects/Next Button in Third Screen' located by 'By.xpath: //a[@class = 'btn btn-lg blueBtn col-md-2 pull-right browserIdBtn' and (text() = ' NEXT
				' or . = ' NEXT
				')]' not found)

2018-12-13 00:36:17 - [MESSAGE][FAILED] - Unable to click on object 'Object Repository/Final Object Repo/New Registration - Registration Module Pages/New Reg - OTC to RO/Special Case - All Related Objects/Next Button in Third Screen' (Root cause: com.kms.katalon.core.webui.exception.WebElementNotFoundException: Web element with id: 'Object Repository/Final Object Repo/New Registration - Registration Module Pages/New Reg - OTC to RO/Special Case - All Related Objects/Next Button in Third Screen' located by 'By.xpath: //a[@class = 'btn btn-lg blueBtn col-md-2 pull-right browserIdBtn' and (text() = ' NEXT
				' or . = ' NEXT
				')]' not found)
[[ATTACHMENT|C:\\Users\\Admin\\Desktop\\PKS\\Perkeso Phase A\\Reports\\Workflow\\New Registration\\20181212_204826\\1544632576804.png]]

2018-12-13 00:36:17 - [TEST_STEP][FAILED] - click: Unable to click on object 'Object Repository/Final Object Repo/New Registration - Registration Module Pages/New Reg - OTC to RO/Special Case - All Related Objects/Add Document for Pending Case' (Root cause: com.kms.katalon.core.webui.exception.WebElementNotFoundException: Web element with id: 'Object Repository/Final Object Repo/New Registration - Registration Module Pages/New Reg - OTC to RO/Special Case - All Related Objects/Add Document for Pending Case' located by 'By.xpath: //a[@id = '_newreg_WAR_registrationportlet_dialogBtn' and (text() = '
					ADD DOCUMENT
	             ' or . = '
					ADD DOCUMENT
	             ')]' not found)

2018-12-13 00:36:50 - [MESSAGE][FAILED] - Unable to click on object 'Object Repository/Final Object Repo/New Registration - Registration Module Pages/New Reg - OTC to RO/Special Case - All Related Objects/Add Document for Pending Case' (Root cause: com.kms.katalon.core.webui.exception.WebElementNotFoundException: Web element with id: 'Object Repository/Final Object Repo/New Registration - Registration Module Pages/New Reg - OTC to RO/Special Case - All Related Objects/Add Document for Pending Case' located by 'By.xpath: //a[@id = '_newreg_WAR_registrationportlet_dialogBtn' and (text() = '
					ADD DOCUMENT
	             ' or . = '
					ADD DOCUMENT
	             ')]' not found)
[[ATTACHMENT|C:\\Users\\Admin\\Desktop\\PKS\\Perkeso Phase A\\Reports\\Workflow\\New Registration\\20181212_204826\\1544632610265.png]]

2018-12-13 00:36:50 - [TEST_STEP][PASSED] - delay: Delayed 2 second(s)

2018-12-13 00:36:52 - [MESSAGE][PASSED] - Delayed 2 second(s)

2018-12-13 00:36:52 - [TEST_STEP][FAILED] - click: Unable to click on object 'Object Repository/Final Object Repo/New Registration - Registration Module Pages/New Reg - OTC to RO/Special Case - All Related Objects/Upload Pending Doc - Please Select' (Root cause: com.kms.katalon.core.webui.exception.WebElementNotFoundException: Web element with id: 'Object Repository/Final Object Repo/New Registration - Registration Module Pages/New Reg - OTC to RO/Special Case - All Related Objects/Upload Pending Doc - Please Select' located by 'By.xpath: //span[@class = 'select2-selection__rendered' and @id = 'select2-_newreg_WAR_registrationportlet_objdocTypeId-container']' not found)

2018-12-13 00:37:25 - [MESSAGE][FAILED] - Unable to click on object 'Object Repository/Final Object Repo/New Registration - Registration Module Pages/New Reg - OTC to RO/Special Case - All Related Objects/Upload Pending Doc - Please Select' (Root cause: com.kms.katalon.core.webui.exception.WebElementNotFoundException: Web element with id: 'Object Repository/Final Object Repo/New Registration - Registration Module Pages/New Reg - OTC to RO/Special Case - All Related Objects/Upload Pending Doc - Please Select' located by 'By.xpath: //span[@class = 'select2-selection__rendered' and @id = 'select2-_newreg_WAR_registrationportlet_objdocTypeId-container']' not found)
[[ATTACHMENT|C:\\Users\\Admin\\Desktop\\PKS\\Perkeso Phase A\\Reports\\Workflow\\New Registration\\20181212_204826\\1544632645505.png]]

2018-12-13 00:37:25 - [TEST_STEP][FAILED] - click: Unable to click on object 'Object Repository/Final Object Repo/New Registration - Registration Module Pages/New Reg - OTC to RO/Special Case - All Related Objects/Select to Others to Upload' (Root cause: com.kms.katalon.core.webui.exception.WebElementNotFoundException: Web element with id: 'Object Repository/Final Object Repo/New Registration - Registration Module Pages/New Reg - OTC to RO/Special Case - All Related Objects/Select to Others to Upload' located by 'By.xpath: //span/ul/li/span[contains(text(),"Others")]' not found)

2018-12-13 00:37:57 - [MESSAGE][FAILED] - Unable to click on object 'Object Repository/Final Object Repo/New Registration - Registration Module Pages/New Reg - OTC to RO/Special Case - All Related Objects/Select to Others to Upload' (Root cause: com.kms.katalon.core.webui.exception.WebElementNotFoundException: Web element with id: 'Object Repository/Final Object Repo/New Registration - Registration Module Pages/New Reg - OTC to RO/Special Case - All Related Objects/Select to Others to Upload' located by 'By.xpath: //span/ul/li/span[contains(text(),"Others")]' not found)
[[ATTACHMENT|C:\\Users\\Admin\\Desktop\\PKS\\Perkeso Phase A\\Reports\\Workflow\\New Registration\\20181212_204826\\1544632676886.png]]

2018-12-13 00:37:57 - [TEST_STEP][PASSED] - delay: Delayed 2 second(s)

2018-12-13 00:37:59 - [MESSAGE][PASSED] - Delayed 2 second(s)

2018-12-13 00:37:59 - [TEST_STEP][FAILED] - uploadFile: Unable to upload file 'C:\Users\Public\Pictures\Sample Pictures\Koala.jpg' to object 'Object Repository/Final Object Repo/New Registration - Registration Module Pages/New Reg - OTC to RO/Special Case - All Related Objects/Uploading Pending Case Action' (Root cause: com.kms.katalon.core.webui.exception.WebElementNotFoundException: Web element with id: 'Object Repository/Final Object Repo/New Registration - Registration Module Pages/New Reg - OTC to RO/Special Case - All Related Objects/Uploading Pending Case Action' located by 'By.xpath: //input[@id = '_newreg_WAR_registrationportlet_uploadFile' and @name = '_newreg_WAR_registrationportlet_uploadFile' and @type = 'file']' not found)

2018-12-13 00:38:30 - [MESSAGE][FAILED] - Unable to upload file 'C:\Users\Public\Pictures\Sample Pictures\Koala.jpg' to object 'Object Repository/Final Object Repo/New Registration - Registration Module Pages/New Reg - OTC to RO/Special Case - All Related Objects/Uploading Pending Case Action' (Root cause: com.kms.katalon.core.webui.exception.WebElementNotFoundException: Web element with id: 'Object Repository/Final Object Repo/New Registration - Registration Module Pages/New Reg - OTC to RO/Special Case - All Related Objects/Uploading Pending Case Action' located by 'By.xpath: //input[@id = '_newreg_WAR_registrationportlet_uploadFile' and @name = '_newreg_WAR_registrationportlet_uploadFile' and @type = 'file']' not found)
[[ATTACHMENT|C:\\Users\\Admin\\Desktop\\PKS\\Perkeso Phase A\\Reports\\Workflow\\New Registration\\20181212_204826\\1544632710523.png]]

2018-12-13 00:38:30 - [TEST_STEP][FAILED] - click: Unable to click on object 'Object Repository/Final Object Repo/New Registration - Registration Module Pages/New Reg - OTC to RO/Special Case - All Related Objects/Inner form Add Document Button Pending Case' (Root cause: com.kms.katalon.core.webui.exception.WebElementNotFoundException: Web element with id: 'Object Repository/Final Object Repo/New Registration - Registration Module Pages/New Reg - OTC to RO/Special Case - All Related Objects/Inner form Add Document Button Pending Case' located by 'By.xpath: //a[@class = 'btn btn-lg blueBtn col-md-2 pull-right' and @targets = 'baseMsgDivId' and (text() = '
										ADD DOCUMENT
								     ' or . = '
										ADD DOCUMENT
								     ')]' not found)

2018-12-13 00:39:05 - [MESSAGE][FAILED] - Unable to click on object 'Object Repository/Final Object Repo/New Registration - Registration Module Pages/New Reg - OTC to RO/Special Case - All Related Objects/Inner form Add Document Button Pending Case' (Root cause: com.kms.katalon.core.webui.exception.WebElementNotFoundException: Web element with id: 'Object Repository/Final Object Repo/New Registration - Registration Module Pages/New Reg - OTC to RO/Special Case - All Related Objects/Inner form Add Document Button Pending Case' located by 'By.xpath: //a[@class = 'btn btn-lg blueBtn col-md-2 pull-right' and @targets = 'baseMsgDivId' and (text() = '
										ADD DOCUMENT
								     ' or . = '
										ADD DOCUMENT
								     ')]' not found)
[[ATTACHMENT|C:\\Users\\Admin\\Desktop\\PKS\\Perkeso Phase A\\Reports\\Workflow\\New Registration\\20181212_204826\\1544632744977.png]]

2018-12-13 00:39:05 - [TEST_STEP][FAILED] - click: Unable to click on object 'Object Repository/Final Object Repo/New Registration - Registration Module Pages/New Reg - OTC to RO/Special Case - All Related Objects/Pending Case Exit' (Root cause: com.kms.katalon.core.webui.exception.WebElementNotFoundException: Web element with id: 'Object Repository/Final Object Repo/New Registration - Registration Module Pages/New Reg - OTC to RO/Special Case - All Related Objects/Pending Case Exit' located by 'By.xpath: //a[@id = '_newreg_WAR_registrationportlet_exitBtnId' and @class = 'btn btn-lg blueBtn col-md-2 pull-right' and (text() = '
									EXIT
				                ' or . = '
									EXIT
				                ')]' not found)

2018-12-13 00:39:38 - [MESSAGE][FAILED] - Unable to click on object 'Object Repository/Final Object Repo/New Registration - Registration Module Pages/New Reg - OTC to RO/Special Case - All Related Objects/Pending Case Exit' (Root cause: com.kms.katalon.core.webui.exception.WebElementNotFoundException: Web element with id: 'Object Repository/Final Object Repo/New Registration - Registration Module Pages/New Reg - OTC to RO/Special Case - All Related Objects/Pending Case Exit' located by 'By.xpath: //a[@id = '_newreg_WAR_registrationportlet_exitBtnId' and @class = 'btn btn-lg blueBtn col-md-2 pull-right' and (text() = '
									EXIT
				                ' or . = '
									EXIT
				                ')]' not found)
[[ATTACHMENT|C:\\Users\\Admin\\Desktop\\PKS\\Perkeso Phase A\\Reports\\Workflow\\New Registration\\20181212_204826\\1544632777882.png]]

2018-12-13 00:39:38 - [TEST_STEP][PASSED] - callTestCase: Call Test Case 'Test Cases/Final Aug 2018 - PKS Automation/Registration Module/Log Out/log out avoiding katalon tagging' successfully

2018-12-13 00:39:38 - [TEST_CASE][PASSED] - Test Cases/Final Aug 2018 - PKS Automation/Registration Module/Log Out/log out avoiding katalon tagging: Test Cases/Final Aug 2018 - PKS Automation/Registration Module/Log Out/log out avoiding katalon tagging

2018-12-13 00:39:38 - [TEST_STEP][PASSED] - navigateToUrl: Navigate to 'https://assist2-uat.perkeso.gov.my/c/portal/logout' successfully

2018-12-13 00:39:39 - [MESSAGE][PASSED] - Navigate to 'https://assist2-uat.perkeso.gov.my/c/portal/logout' successfully

2018-12-13 00:39:39 - [MESSAGE][PASSED] - Call Test Case 'Test Cases/Final Aug 2018 - PKS Automation/Registration Module/Log Out/log out avoiding katalon tagging' successfully

2018-12-13 00:39:39 - [TEST_STEP][PASSED] - delay: Delayed 2 second(s)

2018-12-13 00:39:41 - [MESSAGE][PASSED] - Delayed 2 second(s)

2018-12-13 00:39:41 - [TEST_STEP][PASSED] - callTestCase: Call Test Case 'Test Cases/Final Aug 2018 - PKS Automation/Common/Workflow Owner Finder' successfully

2018-12-13 00:39:41 - [TEST_CASE][PASSED] - Test Cases/Final Aug 2018 - PKS Automation/Common/Workflow Owner Finder: Test Cases/Final Aug 2018 - PKS Automation/Common/Workflow Owner Finder

2018-12-13 00:39:41 - [TEST_STEP][PASSED] - openBrowser: Browser is opened with url: ''

2018-12-13 00:39:41 - [MESSAGE][WARNING] - A browser is already opened. Closing browser and opening a new one

2018-12-13 00:39:44 - [MESSAGE][PASSED] - Browser is opened with url: ''

2018-12-13 00:39:44 - [TEST_STEP][PASSED] - navigateToUrl: Navigate to 'https://assist2-uat.perkeso.gov.my/login' successfully

2018-12-13 00:39:45 - [MESSAGE][PASSED] - Navigate to 'https://assist2-uat.perkeso.gov.my/login' successfully

2018-12-13 00:39:45 - [TEST_STEP][PASSED] - delay: Delayed 5 second(s)

2018-12-13 00:39:50 - [MESSAGE][PASSED] - Delayed 5 second(s)

2018-12-13 00:39:50 - [TEST_STEP][PASSED] - setText: Text 'test@liferay.com' is set on object 'Object Repository/Final Object Repo/Login Page/Internal User/Email Address'

2018-12-13 00:39:51 - [MESSAGE][PASSED] - Text 'test@liferay.com' is set on object 'Object Repository/Final Object Repo/Login Page/Internal User/Email Address'

2018-12-13 00:39:51 - [TEST_STEP][PASSED] - click: Object: 'Object Repository/Final Object Repo/Login Page/Internal User/Next Button' is clicked on

2018-12-13 00:39:51 - [MESSAGE][PASSED] - Object: 'Object Repository/Final Object Repo/Login Page/Internal User/Next Button' is clicked on

2018-12-13 00:39:51 - [TEST_STEP][PASSED] - delay: Delayed 2 second(s)

2018-12-13 00:39:53 - [MESSAGE][PASSED] - Delayed 2 second(s)

2018-12-13 00:39:53 - [TEST_STEP][PASSED] - setText: Text 'test' is set on object 'Object Repository/Final Object Repo/Login Page/Internal User/Password'

2018-12-13 00:39:53 - [MESSAGE][PASSED] - Text 'test' is set on object 'Object Repository/Final Object Repo/Login Page/Internal User/Password'

2018-12-13 00:39:53 - [TEST_STEP][PASSED] - delay: Delayed 2 second(s)

2018-12-13 00:39:55 - [MESSAGE][PASSED] - Delayed 2 second(s)

2018-12-13 00:39:55 - [TEST_STEP][PASSED] - click: Object: 'Object Repository/Final Object Repo/Login Page/Internal User/Login Button' is clicked on

2018-12-13 00:39:55 - [MESSAGE][PASSED] - Object: 'Object Repository/Final Object Repo/Login Page/Internal User/Login Button' is clicked on

2018-12-13 00:39:55 - [TEST_STEP][PASSED] - Statement - tester = com.kms.katalon.core.testobject.ObjectRepository.findTestObject(Final Object Repo/Landing Page/Select to English): Finding Test Object with id 'Object Repository/Final Object Repo/Landing Page/Select to English'

2018-12-13 00:39:55 - [TEST_STEP][PASSED] - Statement - Try: Delayed 2 second(s)

2018-12-13 00:39:55 - [TEST_STEP][PASSED] - Statement - Checker = com.kms.katalon.core.webui.keyword.WebUiBuiltInKeywords.verifyElementNotPresent(tester, 3): Web element with id: 'Object Repository/Final Object Repo/Landing Page/Select to English' located by 'By.xpath: //a[@class = 'taglib-language-list-text' and @lang = 'en-US' and (contains(text(), 'EN') or contains(., 'EN'))]' is not present after '3' second(s)

2018-12-13 00:39:57 - [MESSAGE][PASSED] - Web element with id: 'Object Repository/Final Object Repo/Landing Page/Select to English' located by 'By.xpath: //a[@class = 'taglib-language-list-text' and @lang = 'en-US' and (contains(text(), 'EN') or contains(., 'EN'))]' is not present after '3' second(s)

2018-12-13 00:39:57 - [TEST_STEP][PASSED] - Statement - If (Checker == false): null

2018-12-13 00:39:57 - [TEST_STEP][PASSED] - delay: Delayed 2 second(s)

2018-12-13 00:39:59 - [MESSAGE][PASSED] - Delayed 2 second(s)

2018-12-13 00:39:59 - [TEST_STEP][PASSED] - delay: Delayed 5 second(s)

2018-12-13 00:40:04 - [MESSAGE][PASSED] - Delayed 5 second(s)

2018-12-13 00:40:04 - [TEST_STEP][PASSED] - mouseOver: Object: 'Object Repository/Final Object Repo/Landing Page/WorkFlow Menu' is hovered

2018-12-13 00:40:04 - [MESSAGE][PASSED] - Object: 'Object Repository/Final Object Repo/Landing Page/WorkFlow Menu' is hovered

2018-12-13 00:40:04 - [TEST_STEP][PASSED] - delay: Delayed 2 second(s)

2018-12-13 00:40:06 - [MESSAGE][PASSED] - Delayed 2 second(s)

2018-12-13 00:40:06 - [TEST_STEP][PASSED] - click: Object: 'Object Repository/Final Object Repo/Landing Page/Select to Workflow Listing' is clicked on

2018-12-13 00:40:07 - [MESSAGE][PASSED] - Object: 'Object Repository/Final Object Repo/Landing Page/Select to Workflow Listing' is clicked on

2018-12-13 00:40:07 - [TEST_STEP][PASSED] - delay: Delayed 2 second(s)

2018-12-13 00:40:09 - [MESSAGE][PASSED] - Delayed 2 second(s)

2018-12-13 00:40:09 - [TEST_STEP][PASSED] - click: Object: 'Object Repository/Final Object Repo/WorkFlow Listing Page/Search Information - To Put Ref No' is clicked on

2018-12-13 00:40:10 - [MESSAGE][PASSED] - Object: 'Object Repository/Final Object Repo/WorkFlow Listing Page/Search Information - To Put Ref No' is clicked on

2018-12-13 00:40:10 - [TEST_STEP][PASSED] - delay: Delayed 2 second(s)

2018-12-13 00:40:12 - [MESSAGE][PASSED] - Delayed 2 second(s)

2018-12-13 00:40:12 - [TEST_STEP][PASSED] - callTestCase: Call Test Case 'Test Cases/Final Aug 2018 - PKS Automation/Common/Reference Number Getter' successfully

2018-12-13 00:40:12 - [TEST_CASE][PASSED] - Test Cases/Final Aug 2018 - PKS Automation/Common/Reference Number Getter: Test Cases/Final Aug 2018 - PKS Automation/Common/Reference Number Getter

2018-12-13 00:40:12 - [TEST_STEP][PASSED] - Statement - Try: null

2018-12-13 00:40:12 - [TEST_STEP][PASSED] - Statement - RefNo = new java.io.File(C://Users//Admin//Desktop//PKS//Automation Reference Point//KatalonReference.txt): null

2018-12-13 00:40:12 - [TEST_STEP][PASSED] - Statement - bufferread = new java.io.BufferedReader(new java.io.FileReader(RefNo)): null

2018-12-13 00:40:12 - [TEST_STEP][PASSED] - Statement - readedVal = bufferread.readLine(): null

2018-12-13 00:40:12 - [TEST_STEP][PASSED] - Statement - out.println(CaseReferenceNo): null

2018-12-13 00:40:12 - [TEST_STEP][PASSED] - Statement - out.println(readedVal): null

2018-12-13 00:40:12 - [TEST_STEP][PASSED] - Statement - CaseReferenceNo = "": null

2018-12-13 00:40:12 - [TEST_STEP][PASSED] - Statement - CaseReferenceNo = readedVal: null

2018-12-13 00:40:12 - [MESSAGE][PASSED] - Call Test Case 'Test Cases/Final Aug 2018 - PKS Automation/Common/Reference Number Getter' successfully

2018-12-13 00:40:12 - [TEST_STEP][PASSED] - setText: Text 'CRN12201800123253' is set on object 'Object Repository/Final Object Repo/WorkFlow Listing Page/Ref No Set Text'

2018-12-13 00:40:12 - [MESSAGE][PASSED] - Text 'CRN12201800123253' is set on object 'Object Repository/Final Object Repo/WorkFlow Listing Page/Ref No Set Text'

2018-12-13 00:40:12 - [TEST_STEP][PASSED] - delay: Delayed 2 second(s)

2018-12-13 00:40:14 - [MESSAGE][PASSED] - Delayed 2 second(s)

2018-12-13 00:40:14 - [TEST_STEP][PASSED] - click: Object: 'Object Repository/Final Object Repo/WorkFlow Listing Page/Search Ref No Search Button' is clicked on

2018-12-13 00:40:14 - [MESSAGE][PASSED] - Object: 'Object Repository/Final Object Repo/WorkFlow Listing Page/Search Ref No Search Button' is clicked on

2018-12-13 00:40:14 - [TEST_STEP][PASSED] - delay: Delayed 6 second(s)

2018-12-13 00:40:20 - [MESSAGE][PASSED] - Delayed 6 second(s)

2018-12-13 00:40:20 - [TEST_STEP][PASSED] - click: Object: 'Object Repository/Final Object Repo/WorkFlow Listing Page/Click Continue Tooltip' is clicked on

2018-12-13 00:40:21 - [MESSAGE][PASSED] - Object: 'Object Repository/Final Object Repo/WorkFlow Listing Page/Click Continue Tooltip' is clicked on

2018-12-13 00:40:21 - [TEST_STEP][PASSED] - delay: Delayed 5 second(s)

2018-12-13 00:40:26 - [MESSAGE][PASSED] - Delayed 5 second(s)

2018-12-13 00:40:26 - [TEST_STEP][PASSED] - doubleClick: Object: 'Object Repository/Final Object Repo/WorkFlow Listing Page/Workflow Found - Listing 1' is double clicked on

2018-12-13 00:40:26 - [MESSAGE][PASSED] - Object: 'Object Repository/Final Object Repo/WorkFlow Listing Page/Workflow Found - Listing 1' is double clicked on

2018-12-13 00:40:26 - [TEST_STEP][PASSED] - Statement - println(OwnerID): null

2018-12-13 00:40:26 - [TEST_STEP][PASSED] - Statement - OwnerID = com.kms.katalon.core.webui.keyword.WebUiBuiltInKeywords.getText(com.kms.katalon.core.testobject.ObjectRepository.findTestObject(Final Object Repo/WorkFlow Listing Page/Workflow Found - Listing 1), STOP_ON_FAILURE): Text of object 'Object Repository/Final Object Repo/WorkFlow Listing Page/Workflow Found - Listing 1' is: 'JOHORro3'

2018-12-13 00:40:26 - [MESSAGE][PASSED] - Text of object 'Object Repository/Final Object Repo/WorkFlow Listing Page/Workflow Found - Listing 1' is: 'JOHORro3'

2018-12-13 00:40:26 - [TEST_STEP][PASSED] - Statement - OwnerID = OwnerID.toLowerCase() + "@gmail.com": null

2018-12-13 00:40:26 - [TEST_STEP][PASSED] - Statement - println(OwnerID): null

2018-12-13 00:40:26 - [TEST_STEP][PASSED] - delay: Delayed 2 second(s)

2018-12-13 00:40:28 - [MESSAGE][PASSED] - Delayed 2 second(s)

2018-12-13 00:40:28 - [MESSAGE][PASSED] - Call Test Case 'Test Cases/Final Aug 2018 - PKS Automation/Common/Workflow Owner Finder' successfully

2018-12-13 00:40:28 - [TEST_STEP][PASSED] - callTestCase: Call Test Case 'Test Cases/Final Aug 2018 - PKS Automation/Registration Module/Log Out/log out avoiding katalon tagging' successfully

2018-12-13 00:40:28 - [TEST_CASE][PASSED] - Test Cases/Final Aug 2018 - PKS Automation/Registration Module/Log Out/log out avoiding katalon tagging: Test Cases/Final Aug 2018 - PKS Automation/Registration Module/Log Out/log out avoiding katalon tagging

2018-12-13 00:40:28 - [TEST_STEP][PASSED] - navigateToUrl: Navigate to 'https://assist2-uat.perkeso.gov.my/c/portal/logout' successfully

2018-12-13 00:40:29 - [MESSAGE][PASSED] - Navigate to 'https://assist2-uat.perkeso.gov.my/c/portal/logout' successfully

2018-12-13 00:40:29 - [MESSAGE][PASSED] - Call Test Case 'Test Cases/Final Aug 2018 - PKS Automation/Registration Module/Log Out/log out avoiding katalon tagging' successfully

2018-12-13 00:40:29 - [TEST_STEP][PASSED] - delay: Delayed 2 second(s)

2018-12-13 00:40:31 - [MESSAGE][PASSED] - Delayed 2 second(s)

2018-12-13 00:40:31 - [TEST_STEP][PASSED] - setText: Text 'johorro3@gmail.com' is set on object 'Object Repository/Final Object Repo/Login Page/Internal User/Email Address'

2018-12-13 00:40:31 - [MESSAGE][PASSED] - Text 'johorro3@gmail.com' is set on object 'Object Repository/Final Object Repo/Login Page/Internal User/Email Address'

2018-12-13 00:40:31 - [TEST_STEP][PASSED] - click: Object: 'Object Repository/Final Object Repo/Login Page/Internal User/Next Button' is clicked on

2018-12-13 00:40:32 - [MESSAGE][PASSED] - Object: 'Object Repository/Final Object Repo/Login Page/Internal User/Next Button' is clicked on

2018-12-13 00:40:32 - [TEST_STEP][PASSED] - delay: Delayed 2 second(s)

2018-12-13 00:40:34 - [MESSAGE][PASSED] - Delayed 2 second(s)

2018-12-13 00:40:34 - [TEST_STEP][PASSED] - setText: Text 'Test1@3456789' is set on object 'Object Repository/Final Object Repo/Login Page/Internal User/Password'

2018-12-13 00:40:34 - [MESSAGE][PASSED] - Text 'Test1@3456789' is set on object 'Object Repository/Final Object Repo/Login Page/Internal User/Password'

2018-12-13 00:40:34 - [TEST_STEP][PASSED] - delay: Delayed 2 second(s)

2018-12-13 00:40:36 - [MESSAGE][PASSED] - Delayed 2 second(s)

2018-12-13 00:40:36 - [TEST_STEP][PASSED] - click: Object: 'Object Repository/Final Object Repo/Login Page/Internal User/Login Button' is clicked on

2018-12-13 00:40:36 - [MESSAGE][PASSED] - Object: 'Object Repository/Final Object Repo/Login Page/Internal User/Login Button' is clicked on

2018-12-13 00:40:36 - [TEST_STEP][PASSED] - delay: Delayed 2 second(s)

2018-12-13 00:40:38 - [MESSAGE][PASSED] - Delayed 2 second(s)

2018-12-13 00:40:38 - [TEST_STEP][PASSED] - Statement - Try: null

2018-12-13 00:40:38 - [TEST_STEP][PASSED] - Statement - Checker = com.kms.katalon.core.webui.keyword.WebUiBuiltInKeywords.verifyElementNotPresent("Final Object Repo/Landing Page/Select to English", 3): null

2018-12-13 00:40:38 - [TEST_STEP][PASSED] - Statement - Catch (Exception e): null

2018-12-13 00:40:38 - [TEST_STEP][PASSED] - Statement - e.printStackTrace(): null

2018-12-13 00:40:38 - [TEST_STEP][PASSED] - click: Object: 'Object Repository/Final Object Repo/New Registration - Registration Module Pages/New Reg - OTC to RO/Special Case - All Related Objects/Expand to Search' is clicked on

2018-12-13 00:40:38 - [MESSAGE][PASSED] - Object: 'Object Repository/Final Object Repo/New Registration - Registration Module Pages/New Reg - OTC to RO/Special Case - All Related Objects/Expand to Search' is clicked on

2018-12-13 00:40:38 - [TEST_STEP][PASSED] - callTestCase: Call Test Case 'Test Cases/Final Aug 2018 - PKS Automation/Common/Reference Number Getter' successfully

2018-12-13 00:40:38 - [TEST_CASE][PASSED] - Test Cases/Final Aug 2018 - PKS Automation/Common/Reference Number Getter: Test Cases/Final Aug 2018 - PKS Automation/Common/Reference Number Getter

2018-12-13 00:40:38 - [TEST_STEP][PASSED] - Statement - Try: null

2018-12-13 00:40:38 - [TEST_STEP][PASSED] - Statement - RefNo = new java.io.File(C://Users//Admin//Desktop//PKS//Automation Reference Point//KatalonReference.txt): null

2018-12-13 00:40:38 - [TEST_STEP][PASSED] - Statement - bufferread = new java.io.BufferedReader(new java.io.FileReader(RefNo)): null

2018-12-13 00:40:38 - [TEST_STEP][PASSED] - Statement - readedVal = bufferread.readLine(): null

2018-12-13 00:40:38 - [TEST_STEP][PASSED] - Statement - out.println(CaseReferenceNo): null

2018-12-13 00:40:38 - [TEST_STEP][PASSED] - Statement - out.println(readedVal): null

2018-12-13 00:40:38 - [TEST_STEP][PASSED] - Statement - CaseReferenceNo = "": null

2018-12-13 00:40:38 - [TEST_STEP][PASSED] - Statement - CaseReferenceNo = readedVal: null

2018-12-13 00:40:38 - [MESSAGE][PASSED] - Call Test Case 'Test Cases/Final Aug 2018 - PKS Automation/Common/Reference Number Getter' successfully

2018-12-13 00:40:38 - [TEST_STEP][PASSED] - setText: Text 'CRN12201800123253' is set on object 'Object Repository/Final Object Repo/New Registration - Registration Module Pages/New Reg - OTC to RO/Special Case - All Related Objects/TextBox RefNo in Workbasket'

2018-12-13 00:40:39 - [MESSAGE][PASSED] - Text 'CRN12201800123253' is set on object 'Object Repository/Final Object Repo/New Registration - Registration Module Pages/New Reg - OTC to RO/Special Case - All Related Objects/TextBox RefNo in Workbasket'

2018-12-13 00:40:39 - [TEST_STEP][PASSED] - delay: Delayed 2 second(s)

2018-12-13 00:40:41 - [MESSAGE][PASSED] - Delayed 2 second(s)

2018-12-13 00:40:41 - [TEST_STEP][PASSED] - click: Object: 'Object Repository/Final Object Repo/New Registration - Registration Module Pages/New Reg - OTC to RO/Special Case - All Related Objects/Click Search' is clicked on

2018-12-13 00:40:41 - [MESSAGE][PASSED] - Object: 'Object Repository/Final Object Repo/New Registration - Registration Module Pages/New Reg - OTC to RO/Special Case - All Related Objects/Click Search' is clicked on

2018-12-13 00:40:41 - [TEST_STEP][PASSED] - delay: Delayed 2 second(s)

2018-12-13 00:40:43 - [MESSAGE][PASSED] - Delayed 2 second(s)

2018-12-13 00:40:43 - [TEST_STEP][PASSED] - click: Object: 'Object Repository/Final Object Repo/New Registration - Registration Module Pages/New Reg - OTC to RO/Special Case - All Related Objects/Click to Continue Workflow' is clicked on

2018-12-13 00:40:46 - [MESSAGE][PASSED] - Object: 'Object Repository/Final Object Repo/New Registration - Registration Module Pages/New Reg - OTC to RO/Special Case - All Related Objects/Click to Continue Workflow' is clicked on

2018-12-13 00:40:46 - [TEST_STEP][PASSED] - delay: Delayed 2 second(s)

2018-12-13 00:40:48 - [MESSAGE][PASSED] - Delayed 2 second(s)

2018-12-13 00:40:48 - [TEST_STEP][PASSED] - click: Object: 'Object Repository/Final Object Repo/New Registration - Registration Module Pages/New Reg - OTC to RO/Special Case - All Related Objects/Continue Button in verifying case' is clicked on

2018-12-13 00:40:50 - [MESSAGE][PASSED] - Object: 'Object Repository/Final Object Repo/New Registration - Registration Module Pages/New Reg - OTC to RO/Special Case - All Related Objects/Continue Button in verifying case' is clicked on

2018-12-13 00:40:50 - [TEST_STEP][PASSED] - delay: Delayed 2 second(s)

2018-12-13 00:40:52 - [MESSAGE][PASSED] - Delayed 2 second(s)

2018-12-13 00:40:52 - [TEST_STEP][PASSED] - click: Object: 'Object Repository/Final Object Repo/New Registration - Registration Module Pages/New Reg - OTC to RO/Special Case - All Related Objects/Form 1 Save n Continue' is clicked on

2018-12-13 00:40:53 - [MESSAGE][PASSED] - Object: 'Object Repository/Final Object Repo/New Registration - Registration Module Pages/New Reg - OTC to RO/Special Case - All Related Objects/Form 1 Save n Continue' is clicked on

2018-12-13 00:40:53 - [TEST_STEP][PASSED] - delay: Delayed 2 second(s)

2018-12-13 00:40:55 - [MESSAGE][PASSED] - Delayed 2 second(s)

2018-12-13 00:40:55 - [TEST_STEP][PASSED] - click: Object: 'Object Repository/Final Object Repo/New Registration - Registration Module Pages/New Reg - OTC to RO/Special Case - All Related Objects/Form 2 Save n Continue' is clicked on

2018-12-13 00:40:55 - [MESSAGE][PASSED] - Object: 'Object Repository/Final Object Repo/New Registration - Registration Module Pages/New Reg - OTC to RO/Special Case - All Related Objects/Form 2 Save n Continue' is clicked on

2018-12-13 00:40:55 - [TEST_STEP][PASSED] - delay: Delayed 2 second(s)

2018-12-13 00:40:57 - [MESSAGE][PASSED] - Delayed 2 second(s)

2018-12-13 00:40:57 - [TEST_STEP][PASSED] - click: Object: 'Object Repository/Final Object Repo/New Registration - Registration Module Pages/New Reg - OTC to RO/Special Case - All Related Objects/Third Screen Save n Continue' is clicked on

2018-12-13 00:41:02 - [MESSAGE][PASSED] - Object: 'Object Repository/Final Object Repo/New Registration - Registration Module Pages/New Reg - OTC to RO/Special Case - All Related Objects/Third Screen Save n Continue' is clicked on

2018-12-13 00:41:02 - [TEST_STEP][PASSED] - delay: Delayed 5 second(s)

2018-12-13 00:41:07 - [MESSAGE][PASSED] - Delayed 5 second(s)

2018-12-13 00:41:07 - [TEST_STEP][PASSED] - click: Object: 'Object Repository/Final Object Repo/New Registration - Registration Module Pages/New Reg - OTC to RO/Special Case - All Related Objects/Upload Doc Page Save n Continue' is clicked on

2018-12-13 00:41:07 - [MESSAGE][PASSED] - Object: 'Object Repository/Final Object Repo/New Registration - Registration Module Pages/New Reg - OTC to RO/Special Case - All Related Objects/Upload Doc Page Save n Continue' is clicked on

2018-12-13 00:41:07 - [TEST_STEP][PASSED] - delay: Delayed 5 second(s)

2018-12-13 00:41:12 - [MESSAGE][PASSED] - Delayed 5 second(s)

2018-12-13 00:41:12 - [TEST_STEP][FAILED] - callTestCase: Unable to call Test Case with id 'Test Cases/Final Aug 2018 - PKS Automation/Registration Module/New Registration/Submit and Screenshot/Submit Registration and Screenshot' (Root cause: Call Test Case 'Test Cases/Final Aug 2018 - PKS Automation/Registration Module/New Registration/Submit and Screenshot/Submit Registration and Screenshot' failed)

2018-12-13 00:41:12 - [TEST_CASE][FAILED] - Test Cases/Final Aug 2018 - PKS Automation/Registration Module/New Registration/Submit and Screenshot/Submit Registration and Screenshot: Test Cases/Final Aug 2018 - PKS Automation/Registration Module/New Registration/Submit and Screenshot/Submit Registration and Screenshot FAILED because (of) (Stack trace: com.kms.katalon.core.exception.StepFailedException: Unable to click on object 'Object Repository/Final Object Repo/New Registration - Registration Module Pages/Third Screen - Upload Supporting Doc- Preview/Preview Submit Button' (Root cause: com.kms.katalon.core.webui.exception.WebElementNotFoundException: Web element with id: 'Object Repository/Final Object Repo/New Registration - Registration Module Pages/Third Screen - Upload Supporting Doc- Preview/Preview Submit Button' located by 'By.xpath: //a[@popupvalidatesubmit = 'true' and @class = 'btn btn-lg blueBtn col-md-2 pull-right browserIdBtn' and (text() = ' SUBMIT
					' or . = ' SUBMIT
					')]' not found)
	at com.kms.katalon.core.keyword.internal.KeywordMain.stepFailed(KeywordMain.groovy:32)
	at com.kms.katalon.core.webui.keyword.internal.WebUIKeywordMain.stepFailed(WebUIKeywordMain.groovy:65)
	at com.kms.katalon.core.webui.keyword.internal.WebUIKeywordMain.runKeyword(WebUIKeywordMain.groovy:27)
	at com.kms.katalon.core.webui.keyword.builtin.ClickKeyword.click(ClickKeyword.groovy:86)
	at com.kms.katalon.core.webui.keyword.builtin.ClickKeyword.execute(ClickKeyword.groovy:67)
	at com.kms.katalon.core.keyword.internal.KeywordExecutor.executeKeywordForPlatform(KeywordExecutor.groovy:53)
	at com.kms.katalon.core.webui.keyword.WebUiBuiltInKeywords.click(WebUiBuiltInKeywords.groovy:616)
	at com.kms.katalon.core.webui.keyword.WebUiBuiltInKeywords$click$2.call(Unknown Source)
	at Script1534476274484.run(Script1534476274484.groovy:32)
	at com.kms.katalon.core.main.ScriptEngine.run(ScriptEngine.java:183)
	at com.kms.katalon.core.main.ScriptEngine.runScriptAsRawText(ScriptEngine.java:108)
	at com.kms.katalon.core.main.TestCaseExecutor.runScript(TestCaseExecutor.java:294)
	at com.kms.katalon.core.main.TestCaseExecutor.doExecute(TestCaseExecutor.java:285)
	at com.kms.katalon.core.main.TestCaseExecutor.processExecutionPhase(TestCaseExecutor.java:264)
	at com.kms.katalon.core.main.TestCaseExecutor.accessMainPhase(TestCaseExecutor.java:256)
	at com.kms.katalon.core.main.TestCaseExecutor.execute(TestCaseExecutor.java:200)
	at com.kms.katalon.core.main.TestCaseMain.runTestCase(TestCaseMain.java:99)
	at com.kms.katalon.core.keyword.builtin.CallTestCaseKeyword$_callTestCase_closure1.doCall(CallTestCaseKeyword.groovy:60)
	at com.kms.katalon.core.keyword.builtin.CallTestCaseKeyword$_callTestCase_closure1.call(CallTestCaseKeyword.groovy)
	at com.kms.katalon.core.keyword.internal.KeywordMain.runKeyword(KeywordMain.groovy:54)
	at com.kms.katalon.core.keyword.builtin.CallTestCaseKeyword.callTestCase(CallTestCaseKeyword.groovy:81)
	at com.kms.katalon.core.keyword.builtin.CallTestCaseKeyword.execute(CallTestCaseKeyword.groovy:45)
	at com.kms.katalon.core.keyword.internal.KeywordExecutor.executeKeywordForPlatform(KeywordExecutor.groovy:53)
	at com.kms.katalon.core.keyword.BuiltinKeywords.callTestCase(BuiltinKeywords.groovy:334)
	at sun.reflect.GeneratedMethodAccessor13.invoke(Unknown Source)
	at sun.reflect.DelegatingMethodAccessorImpl.invoke(DelegatingMethodAccessorImpl.java:43)
	at java.lang.reflect.Method.invoke(Method.java:498)
	at org.codehaus.groovy.reflection.CachedMethod.invoke(CachedMethod.java:93)
	at groovy.lang.MetaMethod.doMethodInvoke(MetaMethod.java:325)
	at groovy.lang.MetaClassImpl.invokeStaticMethod(MetaClassImpl.java:1469)
	at org.codehaus.groovy.runtime.callsite.StaticMetaClassSite.call(StaticMetaClassSite.java:53)
	at org.codehaus.groovy.runtime.callsite.CallSiteArray.defaultCall(CallSiteArray.java:48)
	at org.codehaus.groovy.runtime.callsite.AbstractCallSite.call(AbstractCallSite.java:113)
	at org.codehaus.groovy.runtime.callsite.AbstractCallSite.call(AbstractCallSite.java:141)
	at Script1535619019036.run(Script1535619019036.groovy:268)
	at com.kms.katalon.core.main.ScriptEngine.run(ScriptEngine.java:183)
	at com.kms.katalon.core.main.ScriptEngine.runScriptAsRawText(ScriptEngine.java:108)
	at com.kms.katalon.core.main.TestCaseExecutor.runScript(TestCaseExecutor.java:294)
	at com.kms.katalon.core.main.TestCaseExecutor.doExecute(TestCaseExecutor.java:285)
	at com.kms.katalon.core.main.TestCaseExecutor.processExecutionPhase(TestCaseExecutor.java:264)
	at com.kms.katalon.core.main.TestCaseExecutor.accessMainPhase(TestCaseExecutor.java:256)
	at com.kms.katalon.core.main.TestCaseExecutor.execute(TestCaseExecutor.java:200)
	at com.kms.katalon.core.main.TestSuiteExecutor.accessTestCaseMainPhase(TestSuiteExecutor.java:129)
	at com.kms.katalon.core.main.TestSuiteExecutor.accessTestSuiteMainPhase(TestSuiteExecutor.java:112)
	at com.kms.katalon.core.main.TestSuiteExecutor.execute(TestSuiteExecutor.java:81)
	at com.kms.katalon.core.main.TestCaseMain.startTestSuite(TestCaseMain.java:142)
	at com.kms.katalon.core.main.TestCaseMain$startTestSuite$0.call(Unknown Source)
	at org.codehaus.groovy.runtime.callsite.CallSiteArray.defaultCall(CallSiteArray.java:48)
	at org.codehaus.groovy.runtime.callsite.AbstractCallSite.call(AbstractCallSite.java:113)
	at org.codehaus.groovy.runtime.callsite.AbstractCallSite.call(AbstractCallSite.java:141)
	at TempTestSuite1544618906888.run(TempTestSuite1544618906888.groovy:36)
	at groovy.lang.GroovyShell.runScriptOrMainOrTestOrRunnable(GroovyShell.java:263)
	at groovy.lang.GroovyShell.run(GroovyShell.java:518)
	at groovy.lang.GroovyShell.run(GroovyShell.java:507)
	at groovy.ui.GroovyMain.processOnce(GroovyMain.java:653)
	at groovy.ui.GroovyMain.run(GroovyMain.java:384)
	at groovy.ui.GroovyMain.process(GroovyMain.java:370)
	at groovy.ui.GroovyMain.processArgs(GroovyMain.java:129)
	at groovy.ui.GroovyMain.main(GroovyMain.java:109)
	at sun.reflect.NativeMethodAccessorImpl.invoke0(Native Method)
	at sun.reflect.NativeMethodAccessorImpl.invoke(NativeMethodAccessorImpl.java:62)
	at sun.reflect.DelegatingMethodAccessorImpl.invoke(DelegatingMethodAccessorImpl.java:43)
	at java.lang.reflect.Method.invoke(Method.java:498)
	at org.codehaus.groovy.tools.GroovyStarter.rootLoader(GroovyStarter.java:109)
	at org.codehaus.groovy.tools.GroovyStarter.main(GroovyStarter.java:131)
)

2018-12-13 00:41:12 - [TEST_STEP][PASSED] - delay: Delayed 6 second(s)

2018-12-13 00:41:18 - [MESSAGE][PASSED] - Delayed 6 second(s)

2018-12-13 00:41:18 - [TEST_STEP][FAILED] - click: Unable to click on object 'Object Repository/Final Object Repo/New Registration - Registration Module Pages/Third Screen - Upload Supporting Doc- Preview/Preview Submit Button' (Root cause: com.kms.katalon.core.webui.exception.WebElementNotFoundException: Web element with id: 'Object Repository/Final Object Repo/New Registration - Registration Module Pages/Third Screen - Upload Supporting Doc- Preview/Preview Submit Button' located by 'By.xpath: //a[@popupvalidatesubmit = 'true' and @class = 'btn btn-lg blueBtn col-md-2 pull-right browserIdBtn' and (text() = ' SUBMIT
					' or . = ' SUBMIT
					')]' not found)

2018-12-13 00:41:54 - [MESSAGE][FAILED] - Unable to click on object 'Object Repository/Final Object Repo/New Registration - Registration Module Pages/Third Screen - Upload Supporting Doc- Preview/Preview Submit Button' (Root cause: com.kms.katalon.core.webui.exception.WebElementNotFoundException: Web element with id: 'Object Repository/Final Object Repo/New Registration - Registration Module Pages/Third Screen - Upload Supporting Doc- Preview/Preview Submit Button' located by 'By.xpath: //a[@popupvalidatesubmit = 'true' and @class = 'btn btn-lg blueBtn col-md-2 pull-right browserIdBtn' and (text() = ' SUBMIT
					' or . = ' SUBMIT
					')]' not found)
[[ATTACHMENT|C:\\Users\\Admin\\Desktop\\PKS\\Perkeso Phase A\\Reports\\Workflow\\New Registration\\20181212_204826\\1544632914559.png]]

2018-12-13 00:41:54 - [TEST_STEP][PASSED] - delay: Delayed 2 second(s)

2018-12-13 00:41:56 - [MESSAGE][PASSED] - Delayed 2 second(s)

2018-12-13 00:41:56 - [TEST_STEP][FAILED] - click: Unable to click on object 'Object Repository/Final Object Repo/New Registration - Registration Module Pages/Third Screen - Upload Supporting Doc- Preview/Preview Submit - Confirm' (Root cause: com.kms.katalon.core.webui.exception.WebElementNotFoundException: Web element with id: 'Object Repository/Final Object Repo/New Registration - Registration Module Pages/Third Screen - Upload Supporting Doc- Preview/Preview Submit - Confirm' located by 'By.xpath: //span[@id = 'confirmword' and (text() = 'CONFIRM' or . = 'CONFIRM')]' not found)

2018-12-13 00:42:29 - [MESSAGE][FAILED] - Unable to click on object 'Object Repository/Final Object Repo/New Registration - Registration Module Pages/Third Screen - Upload Supporting Doc- Preview/Preview Submit - Confirm' (Root cause: com.kms.katalon.core.webui.exception.WebElementNotFoundException: Web element with id: 'Object Repository/Final Object Repo/New Registration - Registration Module Pages/Third Screen - Upload Supporting Doc- Preview/Preview Submit - Confirm' located by 'By.xpath: //span[@id = 'confirmword' and (text() = 'CONFIRM' or . = 'CONFIRM')]' not found)
[[ATTACHMENT|C:\\Users\\Admin\\Desktop\\PKS\\Perkeso Phase A\\Reports\\Workflow\\New Registration\\20181212_204826\\1544632948814.png]]

2018-12-13 00:42:29 - [TEST_STEP][PASSED] - delay: Delayed 15 second(s)

2018-12-13 00:42:44 - [MESSAGE][PASSED] - Delayed 15 second(s)

2018-12-13 00:42:44 - [TEST_STEP][PASSED] - Statement - driver = com.kms.katalon.core.webui.driver.DriverFactory.getWebDriver(): null

2018-12-13 00:42:44 - [TEST_STEP][PASSED] - Statement - driver.manage().timeouts().implicitlyWait(10, SECONDS): null

2018-12-13 00:42:44 - [TEST_STEP][PASSED] - Statement - PresavePath = KatalonScreenshots: null

2018-12-13 00:42:44 - [TEST_STEP][PASSED] - Statement - pathPrefix = "C:\Users\Public\Pictures\Sample Pictures\Katalon Screenshots\Automate Ending Screen": null

2018-12-13 00:42:44 - [TEST_STEP][PASSED] - Statement - finalPath = <not implemented yet for class: org.codehaus.groovy.ast.expr.EmptyExpression>: null

2018-12-13 00:42:44 - [TEST_STEP][PASSED] - Statement - scrFile = driver.getScreenshotAs(FILE): null

2018-12-13 00:42:44 - [TEST_STEP][PASSED] - Statement - PreSaveFile = new java.io.File(PresavePath): null

2018-12-13 00:42:44 - [TEST_STEP][PASSED] - Statement - counter = 0: null

2018-12-13 00:42:44 - [TEST_STEP][PASSED] - Statement - If (PreSaveFile.exists()): null

2018-12-13 00:42:44 - [TEST_STEP][PASSED] - Statement - While (PreSaveFile.exists()): null

2018-12-13 00:42:44 - [TEST_STEP][PASSED] - Statement - counter = counter + 1: null

2018-12-13 00:42:44 - [TEST_STEP][PASSED] - Statement - PreSaveFile = new java.io.File(((pathPrefix + java.lang.Integer.toString(counter)) + .png)): null

2018-12-13 00:42:44 - [TEST_STEP][PASSED] - Statement - counter = counter + 1: null

2018-12-13 00:42:44 - [TEST_STEP][PASSED] - Statement - PreSaveFile = new java.io.File(((pathPrefix + java.lang.Integer.toString(counter)) + .png)): null

2018-12-13 00:42:44 - [TEST_STEP][PASSED] - Statement - counter = counter + 1: null

2018-12-13 00:42:44 - [TEST_STEP][PASSED] - Statement - PreSaveFile = new java.io.File(((pathPrefix + java.lang.Integer.toString(counter)) + .png)): null

2018-12-13 00:42:44 - [TEST_STEP][PASSED] - Statement - counter = counter + 1: null

2018-12-13 00:42:44 - [TEST_STEP][PASSED] - Statement - PreSaveFile = new java.io.File(((pathPrefix + java.lang.Integer.toString(counter)) + .png)): null

2018-12-13 00:42:44 - [TEST_STEP][PASSED] - Statement - counter = counter + 1: null

2018-12-13 00:42:44 - [TEST_STEP][PASSED] - Statement - PreSaveFile = new java.io.File(((pathPrefix + java.lang.Integer.toString(counter)) + .png)): null

2018-12-13 00:42:44 - [TEST_STEP][PASSED] - Statement - counter = counter + 1: null

2018-12-13 00:42:44 - [TEST_STEP][PASSED] - Statement - PreSaveFile = new java.io.File(((pathPrefix + java.lang.Integer.toString(counter)) + .png)): null

2018-12-13 00:42:44 - [TEST_STEP][PASSED] - Statement - counter = counter + 1: null

2018-12-13 00:42:44 - [TEST_STEP][PASSED] - Statement - PreSaveFile = new java.io.File(((pathPrefix + java.lang.Integer.toString(counter)) + .png)): null

2018-12-13 00:42:44 - [TEST_STEP][PASSED] - Statement - counter = counter + 1: null

2018-12-13 00:42:44 - [TEST_STEP][PASSED] - Statement - PreSaveFile = new java.io.File(((pathPrefix + java.lang.Integer.toString(counter)) + .png)): null

2018-12-13 00:42:44 - [TEST_STEP][PASSED] - Statement - counter = counter + 1: null

2018-12-13 00:42:44 - [TEST_STEP][PASSED] - Statement - PreSaveFile = new java.io.File(((pathPrefix + java.lang.Integer.toString(counter)) + .png)): null

2018-12-13 00:42:44 - [TEST_STEP][PASSED] - Statement - counter = counter + 1: null

2018-12-13 00:42:44 - [TEST_STEP][PASSED] - Statement - PreSaveFile = new java.io.File(((pathPrefix + java.lang.Integer.toString(counter)) + .png)): null

2018-12-13 00:42:44 - [TEST_STEP][PASSED] - Statement - counter = counter + 1: null

2018-12-13 00:42:44 - [TEST_STEP][PASSED] - Statement - PreSaveFile = new java.io.File(((pathPrefix + java.lang.Integer.toString(counter)) + .png)): null

2018-12-13 00:42:44 - [TEST_STEP][PASSED] - Statement - counter = counter + 1: null

2018-12-13 00:42:44 - [TEST_STEP][PASSED] - Statement - PreSaveFile = new java.io.File(((pathPrefix + java.lang.Integer.toString(counter)) + .png)): null

2018-12-13 00:42:44 - [TEST_STEP][PASSED] - Statement - counter = counter + 1: null

2018-12-13 00:42:44 - [TEST_STEP][PASSED] - Statement - PreSaveFile = new java.io.File(((pathPrefix + java.lang.Integer.toString(counter)) + .png)): null

2018-12-13 00:42:44 - [TEST_STEP][PASSED] - Statement - counter = counter + 1: null

2018-12-13 00:42:44 - [TEST_STEP][PASSED] - Statement - PreSaveFile = new java.io.File(((pathPrefix + java.lang.Integer.toString(counter)) + .png)): null

2018-12-13 00:42:44 - [TEST_STEP][PASSED] - Statement - counter = counter + 1: null

2018-12-13 00:42:44 - [TEST_STEP][PASSED] - Statement - PreSaveFile = new java.io.File(((pathPrefix + java.lang.Integer.toString(counter)) + .png)): null

2018-12-13 00:42:44 - [TEST_STEP][PASSED] - Statement - counter = counter + 1: null

2018-12-13 00:42:44 - [TEST_STEP][PASSED] - Statement - PreSaveFile = new java.io.File(((pathPrefix + java.lang.Integer.toString(counter)) + .png)): null

2018-12-13 00:42:44 - [TEST_STEP][PASSED] - Statement - counter = counter + 1: null

2018-12-13 00:42:44 - [TEST_STEP][PASSED] - Statement - PreSaveFile = new java.io.File(((pathPrefix + java.lang.Integer.toString(counter)) + .png)): null

2018-12-13 00:42:44 - [TEST_STEP][PASSED] - Statement - counter = counter + 1: null

2018-12-13 00:42:44 - [TEST_STEP][PASSED] - Statement - PreSaveFile = new java.io.File(((pathPrefix + java.lang.Integer.toString(counter)) + .png)): null

2018-12-13 00:42:44 - [TEST_STEP][PASSED] - Statement - counter = counter + 1: null

2018-12-13 00:42:44 - [TEST_STEP][PASSED] - Statement - PreSaveFile = new java.io.File(((pathPrefix + java.lang.Integer.toString(counter)) + .png)): null

2018-12-13 00:42:44 - [TEST_STEP][PASSED] - Statement - counter = counter + 1: null

2018-12-13 00:42:44 - [TEST_STEP][PASSED] - Statement - PreSaveFile = new java.io.File(((pathPrefix + java.lang.Integer.toString(counter)) + .png)): null

2018-12-13 00:42:44 - [TEST_STEP][PASSED] - Statement - counter = counter + 1: null

2018-12-13 00:42:44 - [TEST_STEP][PASSED] - Statement - PreSaveFile = new java.io.File(((pathPrefix + java.lang.Integer.toString(counter)) + .png)): null

2018-12-13 00:42:44 - [TEST_STEP][PASSED] - Statement - counter = counter + 1: null

2018-12-13 00:42:44 - [TEST_STEP][PASSED] - Statement - PreSaveFile = new java.io.File(((pathPrefix + java.lang.Integer.toString(counter)) + .png)): null

2018-12-13 00:42:44 - [TEST_STEP][PASSED] - Statement - counter = counter + 1: null

2018-12-13 00:42:44 - [TEST_STEP][PASSED] - Statement - PreSaveFile = new java.io.File(((pathPrefix + java.lang.Integer.toString(counter)) + .png)): null

2018-12-13 00:42:44 - [TEST_STEP][PASSED] - Statement - counter = counter + 1: null

2018-12-13 00:42:44 - [TEST_STEP][PASSED] - Statement - PreSaveFile = new java.io.File(((pathPrefix + java.lang.Integer.toString(counter)) + .png)): null

2018-12-13 00:42:44 - [TEST_STEP][PASSED] - Statement - counter = counter + 1: null

2018-12-13 00:42:44 - [TEST_STEP][PASSED] - Statement - PreSaveFile = new java.io.File(((pathPrefix + java.lang.Integer.toString(counter)) + .png)): null

2018-12-13 00:42:44 - [TEST_STEP][PASSED] - Statement - counter = counter + 1: null

2018-12-13 00:42:44 - [TEST_STEP][PASSED] - Statement - PreSaveFile = new java.io.File(((pathPrefix + java.lang.Integer.toString(counter)) + .png)): null

2018-12-13 00:42:44 - [TEST_STEP][PASSED] - Statement - counter = counter + 1: null

2018-12-13 00:42:44 - [TEST_STEP][PASSED] - Statement - PreSaveFile = new java.io.File(((pathPrefix + java.lang.Integer.toString(counter)) + .png)): null

2018-12-13 00:42:44 - [TEST_STEP][PASSED] - Statement - counter = counter + 1: null

2018-12-13 00:42:44 - [TEST_STEP][PASSED] - Statement - PreSaveFile = new java.io.File(((pathPrefix + java.lang.Integer.toString(counter)) + .png)): null

2018-12-13 00:42:44 - [TEST_STEP][PASSED] - Statement - counter = counter + 1: null

2018-12-13 00:42:44 - [TEST_STEP][PASSED] - Statement - PreSaveFile = new java.io.File(((pathPrefix + java.lang.Integer.toString(counter)) + .png)): null

2018-12-13 00:42:44 - [TEST_STEP][PASSED] - Statement - counter = counter + 1: null

2018-12-13 00:42:44 - [TEST_STEP][PASSED] - Statement - PreSaveFile = new java.io.File(((pathPrefix + java.lang.Integer.toString(counter)) + .png)): null

2018-12-13 00:42:44 - [TEST_STEP][PASSED] - Statement - counter = counter + 1: null

2018-12-13 00:42:44 - [TEST_STEP][PASSED] - Statement - PreSaveFile = new java.io.File(((pathPrefix + java.lang.Integer.toString(counter)) + .png)): null

2018-12-13 00:42:44 - [TEST_STEP][PASSED] - Statement - counter = counter + 1: null

2018-12-13 00:42:44 - [TEST_STEP][PASSED] - Statement - PreSaveFile = new java.io.File(((pathPrefix + java.lang.Integer.toString(counter)) + .png)): null

2018-12-13 00:42:44 - [TEST_STEP][PASSED] - Statement - counter = counter + 1: null

2018-12-13 00:42:44 - [TEST_STEP][PASSED] - Statement - PreSaveFile = new java.io.File(((pathPrefix + java.lang.Integer.toString(counter)) + .png)): null

2018-12-13 00:42:44 - [TEST_STEP][PASSED] - Statement - counter = counter + 1: null

2018-12-13 00:42:44 - [TEST_STEP][PASSED] - Statement - PreSaveFile = new java.io.File(((pathPrefix + java.lang.Integer.toString(counter)) + .png)): null

2018-12-13 00:42:44 - [TEST_STEP][PASSED] - Statement - counter = counter + 1: null

2018-12-13 00:42:44 - [TEST_STEP][PASSED] - Statement - PreSaveFile = new java.io.File(((pathPrefix + java.lang.Integer.toString(counter)) + .png)): null

2018-12-13 00:42:44 - [TEST_STEP][PASSED] - Statement - counter = counter + 1: null

2018-12-13 00:42:44 - [TEST_STEP][PASSED] - Statement - PreSaveFile = new java.io.File(((pathPrefix + java.lang.Integer.toString(counter)) + .png)): null

2018-12-13 00:42:44 - [TEST_STEP][PASSED] - Statement - counter = counter + 1: null

2018-12-13 00:42:44 - [TEST_STEP][PASSED] - Statement - PreSaveFile = new java.io.File(((pathPrefix + java.lang.Integer.toString(counter)) + .png)): null

2018-12-13 00:42:44 - [TEST_STEP][PASSED] - Statement - counter = counter + 1: null

2018-12-13 00:42:44 - [TEST_STEP][PASSED] - Statement - PreSaveFile = new java.io.File(((pathPrefix + java.lang.Integer.toString(counter)) + .png)): null

2018-12-13 00:42:44 - [TEST_STEP][PASSED] - Statement - counter = counter + 1: null

2018-12-13 00:42:44 - [TEST_STEP][PASSED] - Statement - PreSaveFile = new java.io.File(((pathPrefix + java.lang.Integer.toString(counter)) + .png)): null

2018-12-13 00:42:44 - [TEST_STEP][PASSED] - Statement - counter = counter + 1: null

2018-12-13 00:42:44 - [TEST_STEP][PASSED] - Statement - PreSaveFile = new java.io.File(((pathPrefix + java.lang.Integer.toString(counter)) + .png)): null

2018-12-13 00:42:44 - [TEST_STEP][PASSED] - Statement - counter = counter + 1: null

2018-12-13 00:42:44 - [TEST_STEP][PASSED] - Statement - PreSaveFile = new java.io.File(((pathPrefix + java.lang.Integer.toString(counter)) + .png)): null

2018-12-13 00:42:44 - [TEST_STEP][PASSED] - Statement - counter = counter + 1: null

2018-12-13 00:42:44 - [TEST_STEP][PASSED] - Statement - PreSaveFile = new java.io.File(((pathPrefix + java.lang.Integer.toString(counter)) + .png)): null

2018-12-13 00:42:44 - [TEST_STEP][PASSED] - Statement - counter = counter + 1: null

2018-12-13 00:42:44 - [TEST_STEP][PASSED] - Statement - PreSaveFile = new java.io.File(((pathPrefix + java.lang.Integer.toString(counter)) + .png)): null

2018-12-13 00:42:44 - [TEST_STEP][PASSED] - Statement - counter = counter + 1: null

2018-12-13 00:42:44 - [TEST_STEP][PASSED] - Statement - PreSaveFile = new java.io.File(((pathPrefix + java.lang.Integer.toString(counter)) + .png)): null

2018-12-13 00:42:44 - [TEST_STEP][PASSED] - Statement - counter = counter + 1: null

2018-12-13 00:42:44 - [TEST_STEP][PASSED] - Statement - PreSaveFile = new java.io.File(((pathPrefix + java.lang.Integer.toString(counter)) + .png)): null

2018-12-13 00:42:44 - [TEST_STEP][PASSED] - Statement - counter = counter + 1: null

2018-12-13 00:42:44 - [TEST_STEP][PASSED] - Statement - PreSaveFile = new java.io.File(((pathPrefix + java.lang.Integer.toString(counter)) + .png)): null

2018-12-13 00:42:44 - [TEST_STEP][PASSED] - Statement - counter = counter + 1: null

2018-12-13 00:42:44 - [TEST_STEP][PASSED] - Statement - PreSaveFile = new java.io.File(((pathPrefix + java.lang.Integer.toString(counter)) + .png)): null

2018-12-13 00:42:44 - [TEST_STEP][PASSED] - Statement - counter = counter + 1: null

2018-12-13 00:42:44 - [TEST_STEP][PASSED] - Statement - PreSaveFile = new java.io.File(((pathPrefix + java.lang.Integer.toString(counter)) + .png)): null

2018-12-13 00:42:44 - [TEST_STEP][PASSED] - Statement - counter = counter + 1: null

2018-12-13 00:42:44 - [TEST_STEP][PASSED] - Statement - PreSaveFile = new java.io.File(((pathPrefix + java.lang.Integer.toString(counter)) + .png)): null

2018-12-13 00:42:44 - [TEST_STEP][PASSED] - Statement - counter = counter + 1: null

2018-12-13 00:42:44 - [TEST_STEP][PASSED] - Statement - PreSaveFile = new java.io.File(((pathPrefix + java.lang.Integer.toString(counter)) + .png)): null

2018-12-13 00:42:44 - [TEST_STEP][PASSED] - Statement - counter = counter + 1: null

2018-12-13 00:42:44 - [TEST_STEP][PASSED] - Statement - PreSaveFile = new java.io.File(((pathPrefix + java.lang.Integer.toString(counter)) + .png)): null

2018-12-13 00:42:44 - [TEST_STEP][PASSED] - Statement - counter = counter + 1: null

2018-12-13 00:42:44 - [TEST_STEP][PASSED] - Statement - PreSaveFile = new java.io.File(((pathPrefix + java.lang.Integer.toString(counter)) + .png)): null

2018-12-13 00:42:44 - [TEST_STEP][PASSED] - Statement - counter = counter + 1: null

2018-12-13 00:42:44 - [TEST_STEP][PASSED] - Statement - PreSaveFile = new java.io.File(((pathPrefix + java.lang.Integer.toString(counter)) + .png)): null

2018-12-13 00:42:44 - [TEST_STEP][PASSED] - Statement - counter = counter + 1: null

2018-12-13 00:42:44 - [TEST_STEP][PASSED] - Statement - PreSaveFile = new java.io.File(((pathPrefix + java.lang.Integer.toString(counter)) + .png)): null

2018-12-13 00:42:44 - [TEST_STEP][PASSED] - Statement - counter = counter + 1: null

2018-12-13 00:42:44 - [TEST_STEP][PASSED] - Statement - PreSaveFile = new java.io.File(((pathPrefix + java.lang.Integer.toString(counter)) + .png)): null

2018-12-13 00:42:44 - [TEST_STEP][PASSED] - Statement - counter = counter + 1: null

2018-12-13 00:42:44 - [TEST_STEP][PASSED] - Statement - PreSaveFile = new java.io.File(((pathPrefix + java.lang.Integer.toString(counter)) + .png)): null

2018-12-13 00:42:44 - [TEST_STEP][PASSED] - Statement - counter = counter + 1: null

2018-12-13 00:42:44 - [TEST_STEP][PASSED] - Statement - PreSaveFile = new java.io.File(((pathPrefix + java.lang.Integer.toString(counter)) + .png)): null

2018-12-13 00:42:44 - [TEST_STEP][PASSED] - Statement - counter = counter + 1: null

2018-12-13 00:42:44 - [TEST_STEP][PASSED] - Statement - PreSaveFile = new java.io.File(((pathPrefix + java.lang.Integer.toString(counter)) + .png)): null

2018-12-13 00:42:44 - [TEST_STEP][PASSED] - Statement - counter = counter + 1: null

2018-12-13 00:42:44 - [TEST_STEP][PASSED] - Statement - PreSaveFile = new java.io.File(((pathPrefix + java.lang.Integer.toString(counter)) + .png)): null

2018-12-13 00:42:44 - [TEST_STEP][PASSED] - Statement - counter = counter + 1: null

2018-12-13 00:42:44 - [TEST_STEP][PASSED] - Statement - PreSaveFile = new java.io.File(((pathPrefix + java.lang.Integer.toString(counter)) + .png)): null

2018-12-13 00:42:44 - [TEST_STEP][PASSED] - Statement - counter = counter + 1: null

2018-12-13 00:42:44 - [TEST_STEP][PASSED] - Statement - PreSaveFile = new java.io.File(((pathPrefix + java.lang.Integer.toString(counter)) + .png)): null

2018-12-13 00:42:44 - [TEST_STEP][PASSED] - Statement - counter = counter + 1: null

2018-12-13 00:42:44 - [TEST_STEP][PASSED] - Statement - PreSaveFile = new java.io.File(((pathPrefix + java.lang.Integer.toString(counter)) + .png)): null

2018-12-13 00:42:44 - [TEST_STEP][PASSED] - Statement - counter = counter + 1: null

2018-12-13 00:42:44 - [TEST_STEP][PASSED] - Statement - PreSaveFile = new java.io.File(((pathPrefix + java.lang.Integer.toString(counter)) + .png)): null

2018-12-13 00:42:44 - [TEST_STEP][PASSED] - Statement - counter = counter + 1: null

2018-12-13 00:42:44 - [TEST_STEP][PASSED] - Statement - PreSaveFile = new java.io.File(((pathPrefix + java.lang.Integer.toString(counter)) + .png)): null

2018-12-13 00:42:44 - [TEST_STEP][PASSED] - Statement - counter = counter + 1: null

2018-12-13 00:42:44 - [TEST_STEP][PASSED] - Statement - PreSaveFile = new java.io.File(((pathPrefix + java.lang.Integer.toString(counter)) + .png)): null

2018-12-13 00:42:44 - [TEST_STEP][PASSED] - Statement - counter = counter + 1: null

2018-12-13 00:42:44 - [TEST_STEP][PASSED] - Statement - PreSaveFile = new java.io.File(((pathPrefix + java.lang.Integer.toString(counter)) + .png)): null

2018-12-13 00:42:44 - [TEST_STEP][PASSED] - Statement - counter = counter + 1: null

2018-12-13 00:42:44 - [TEST_STEP][PASSED] - Statement - PreSaveFile = new java.io.File(((pathPrefix + java.lang.Integer.toString(counter)) + .png)): null

2018-12-13 00:42:44 - [TEST_STEP][PASSED] - Statement - counter = counter + 1: null

2018-12-13 00:42:44 - [TEST_STEP][PASSED] - Statement - PreSaveFile = new java.io.File(((pathPrefix + java.lang.Integer.toString(counter)) + .png)): null

2018-12-13 00:42:44 - [TEST_STEP][PASSED] - Statement - counter = counter + 1: null

2018-12-13 00:42:44 - [TEST_STEP][PASSED] - Statement - PreSaveFile = new java.io.File(((pathPrefix + java.lang.Integer.toString(counter)) + .png)): null

2018-12-13 00:42:44 - [TEST_STEP][PASSED] - Statement - counter = counter + 1: null

2018-12-13 00:42:44 - [TEST_STEP][PASSED] - Statement - PreSaveFile = new java.io.File(((pathPrefix + java.lang.Integer.toString(counter)) + .png)): null

2018-12-13 00:42:44 - [TEST_STEP][PASSED] - Statement - counter = counter + 1: null

2018-12-13 00:42:44 - [TEST_STEP][PASSED] - Statement - PreSaveFile = new java.io.File(((pathPrefix + java.lang.Integer.toString(counter)) + .png)): null

2018-12-13 00:42:44 - [TEST_STEP][PASSED] - Statement - counter = counter + 1: null

2018-12-13 00:42:44 - [TEST_STEP][PASSED] - Statement - PreSaveFile = new java.io.File(((pathPrefix + java.lang.Integer.toString(counter)) + .png)): null

2018-12-13 00:42:44 - [TEST_STEP][PASSED] - Statement - counter = counter + 1: null

2018-12-13 00:42:44 - [TEST_STEP][PASSED] - Statement - PreSaveFile = new java.io.File(((pathPrefix + java.lang.Integer.toString(counter)) + .png)): null

2018-12-13 00:42:44 - [TEST_STEP][PASSED] - Statement - counter = counter + 1: null

2018-12-13 00:42:44 - [TEST_STEP][PASSED] - Statement - PreSaveFile = new java.io.File(((pathPrefix + java.lang.Integer.toString(counter)) + .png)): null

2018-12-13 00:42:44 - [TEST_STEP][PASSED] - Statement - counter = counter + 1: null

2018-12-13 00:42:44 - [TEST_STEP][PASSED] - Statement - PreSaveFile = new java.io.File(((pathPrefix + java.lang.Integer.toString(counter)) + .png)): null

2018-12-13 00:42:44 - [TEST_STEP][PASSED] - Statement - counter = counter + 1: null

2018-12-13 00:42:44 - [TEST_STEP][PASSED] - Statement - PreSaveFile = new java.io.File(((pathPrefix + java.lang.Integer.toString(counter)) + .png)): null

2018-12-13 00:42:44 - [TEST_STEP][PASSED] - Statement - counter = counter + 1: null

2018-12-13 00:42:44 - [TEST_STEP][PASSED] - Statement - PreSaveFile = new java.io.File(((pathPrefix + java.lang.Integer.toString(counter)) + .png)): null

2018-12-13 00:42:44 - [TEST_STEP][PASSED] - Statement - counter = counter + 1: null

2018-12-13 00:42:44 - [TEST_STEP][PASSED] - Statement - PreSaveFile = new java.io.File(((pathPrefix + java.lang.Integer.toString(counter)) + .png)): null

2018-12-13 00:42:44 - [TEST_STEP][PASSED] - Statement - counter = counter + 1: null

2018-12-13 00:42:44 - [TEST_STEP][PASSED] - Statement - PreSaveFile = new java.io.File(((pathPrefix + java.lang.Integer.toString(counter)) + .png)): null

2018-12-13 00:42:44 - [TEST_STEP][PASSED] - Statement - counter = counter + 1: null

2018-12-13 00:42:44 - [TEST_STEP][PASSED] - Statement - PreSaveFile = new java.io.File(((pathPrefix + java.lang.Integer.toString(counter)) + .png)): null

2018-12-13 00:42:44 - [TEST_STEP][PASSED] - Statement - counter = counter + 1: null

2018-12-13 00:42:44 - [TEST_STEP][PASSED] - Statement - PreSaveFile = new java.io.File(((pathPrefix + java.lang.Integer.toString(counter)) + .png)): null

2018-12-13 00:42:44 - [TEST_STEP][PASSED] - Statement - counter = counter + 1: null

2018-12-13 00:42:44 - [TEST_STEP][PASSED] - Statement - PreSaveFile = new java.io.File(((pathPrefix + java.lang.Integer.toString(counter)) + .png)): null

2018-12-13 00:42:44 - [TEST_STEP][PASSED] - Statement - counter = counter + 1: null

2018-12-13 00:42:44 - [TEST_STEP][PASSED] - Statement - PreSaveFile = new java.io.File(((pathPrefix + java.lang.Integer.toString(counter)) + .png)): null

2018-12-13 00:42:44 - [TEST_STEP][PASSED] - Statement - counter = counter + 1: null

2018-12-13 00:42:44 - [TEST_STEP][PASSED] - Statement - PreSaveFile = new java.io.File(((pathPrefix + java.lang.Integer.toString(counter)) + .png)): null

2018-12-13 00:42:44 - [TEST_STEP][PASSED] - Statement - counter = counter + 1: null

2018-12-13 00:42:44 - [TEST_STEP][PASSED] - Statement - PreSaveFile = new java.io.File(((pathPrefix + java.lang.Integer.toString(counter)) + .png)): null

2018-12-13 00:42:44 - [TEST_STEP][PASSED] - Statement - counter = counter + 1: null

2018-12-13 00:42:44 - [TEST_STEP][PASSED] - Statement - PreSaveFile = new java.io.File(((pathPrefix + java.lang.Integer.toString(counter)) + .png)): null

2018-12-13 00:42:44 - [TEST_STEP][PASSED] - Statement - counter = counter + 1: null

2018-12-13 00:42:44 - [TEST_STEP][PASSED] - Statement - PreSaveFile = new java.io.File(((pathPrefix + java.lang.Integer.toString(counter)) + .png)): null

2018-12-13 00:42:44 - [TEST_STEP][PASSED] - Statement - counter = counter + 1: null

2018-12-13 00:42:44 - [TEST_STEP][PASSED] - Statement - PreSaveFile = new java.io.File(((pathPrefix + java.lang.Integer.toString(counter)) + .png)): null

2018-12-13 00:42:44 - [TEST_STEP][PASSED] - Statement - counter = counter + 1: null

2018-12-13 00:42:44 - [TEST_STEP][PASSED] - Statement - PreSaveFile = new java.io.File(((pathPrefix + java.lang.Integer.toString(counter)) + .png)): null

2018-12-13 00:42:44 - [TEST_STEP][PASSED] - Statement - counter = counter + 1: null

2018-12-13 00:42:44 - [TEST_STEP][PASSED] - Statement - PreSaveFile = new java.io.File(((pathPrefix + java.lang.Integer.toString(counter)) + .png)): null

2018-12-13 00:42:44 - [TEST_STEP][PASSED] - Statement - counter = counter + 1: null

2018-12-13 00:42:44 - [TEST_STEP][PASSED] - Statement - PreSaveFile = new java.io.File(((pathPrefix + java.lang.Integer.toString(counter)) + .png)): null

2018-12-13 00:42:44 - [TEST_STEP][PASSED] - Statement - counter = counter + 1: null

2018-12-13 00:42:44 - [TEST_STEP][PASSED] - Statement - PreSaveFile = new java.io.File(((pathPrefix + java.lang.Integer.toString(counter)) + .png)): null

2018-12-13 00:42:44 - [TEST_STEP][PASSED] - Statement - counter = counter + 1: null

2018-12-13 00:42:44 - [TEST_STEP][PASSED] - Statement - PreSaveFile = new java.io.File(((pathPrefix + java.lang.Integer.toString(counter)) + .png)): null

2018-12-13 00:42:44 - [TEST_STEP][PASSED] - Statement - counter = counter + 1: null

2018-12-13 00:42:44 - [TEST_STEP][PASSED] - Statement - PreSaveFile = new java.io.File(((pathPrefix + java.lang.Integer.toString(counter)) + .png)): null

2018-12-13 00:42:44 - [TEST_STEP][PASSED] - Statement - counter = counter + 1: null

2018-12-13 00:42:44 - [TEST_STEP][PASSED] - Statement - PreSaveFile = new java.io.File(((pathPrefix + java.lang.Integer.toString(counter)) + .png)): null

2018-12-13 00:42:44 - [TEST_STEP][PASSED] - Statement - counter = counter + 1: null

2018-12-13 00:42:44 - [TEST_STEP][PASSED] - Statement - PreSaveFile = new java.io.File(((pathPrefix + java.lang.Integer.toString(counter)) + .png)): null

2018-12-13 00:42:44 - [TEST_STEP][PASSED] - Statement - counter = counter + 1: null

2018-12-13 00:42:44 - [TEST_STEP][PASSED] - Statement - PreSaveFile = new java.io.File(((pathPrefix + java.lang.Integer.toString(counter)) + .png)): null

2018-12-13 00:42:44 - [TEST_STEP][PASSED] - Statement - counter = counter + 1: null

2018-12-13 00:42:44 - [TEST_STEP][PASSED] - Statement - PreSaveFile = new java.io.File(((pathPrefix + java.lang.Integer.toString(counter)) + .png)): null

2018-12-13 00:42:44 - [TEST_STEP][PASSED] - Statement - counter = counter + 1: null

2018-12-13 00:42:44 - [TEST_STEP][PASSED] - Statement - PreSaveFile = new java.io.File(((pathPrefix + java.lang.Integer.toString(counter)) + .png)): null

2018-12-13 00:42:44 - [TEST_STEP][PASSED] - Statement - counter = counter + 1: null

2018-12-13 00:42:44 - [TEST_STEP][PASSED] - Statement - PreSaveFile = new java.io.File(((pathPrefix + java.lang.Integer.toString(counter)) + .png)): null

2018-12-13 00:42:44 - [TEST_STEP][PASSED] - Statement - counter = counter + 1: null

2018-12-13 00:42:44 - [TEST_STEP][PASSED] - Statement - PreSaveFile = new java.io.File(((pathPrefix + java.lang.Integer.toString(counter)) + .png)): null

2018-12-13 00:42:44 - [TEST_STEP][PASSED] - Statement - counter = counter + 1: null

2018-12-13 00:42:44 - [TEST_STEP][PASSED] - Statement - PreSaveFile = new java.io.File(((pathPrefix + java.lang.Integer.toString(counter)) + .png)): null

2018-12-13 00:42:44 - [TEST_STEP][PASSED] - Statement - counter = counter + 1: null

2018-12-13 00:42:44 - [TEST_STEP][PASSED] - Statement - PreSaveFile = new java.io.File(((pathPrefix + java.lang.Integer.toString(counter)) + .png)): null

2018-12-13 00:42:44 - [TEST_STEP][PASSED] - Statement - counter = counter + 1: null

2018-12-13 00:42:44 - [TEST_STEP][PASSED] - Statement - PreSaveFile = new java.io.File(((pathPrefix + java.lang.Integer.toString(counter)) + .png)): null

2018-12-13 00:42:44 - [TEST_STEP][PASSED] - Statement - counter = counter + 1: null

2018-12-13 00:42:44 - [TEST_STEP][PASSED] - Statement - PreSaveFile = new java.io.File(((pathPrefix + java.lang.Integer.toString(counter)) + .png)): null

2018-12-13 00:42:44 - [TEST_STEP][PASSED] - Statement - counter = counter + 1: null

2018-12-13 00:42:44 - [TEST_STEP][PASSED] - Statement - PreSaveFile = new java.io.File(((pathPrefix + java.lang.Integer.toString(counter)) + .png)): null

2018-12-13 00:42:44 - [TEST_STEP][PASSED] - Statement - counter = counter + 1: null

2018-12-13 00:42:44 - [TEST_STEP][PASSED] - Statement - PreSaveFile = new java.io.File(((pathPrefix + java.lang.Integer.toString(counter)) + .png)): null

2018-12-13 00:42:44 - [TEST_STEP][PASSED] - Statement - counter = counter + 1: null

2018-12-13 00:42:44 - [TEST_STEP][PASSED] - Statement - PreSaveFile = new java.io.File(((pathPrefix + java.lang.Integer.toString(counter)) + .png)): null

2018-12-13 00:42:44 - [TEST_STEP][PASSED] - Statement - counter = counter + 1: null

2018-12-13 00:42:44 - [TEST_STEP][PASSED] - Statement - PreSaveFile = new java.io.File(((pathPrefix + java.lang.Integer.toString(counter)) + .png)): null

2018-12-13 00:42:44 - [TEST_STEP][PASSED] - Statement - counter = counter + 1: null

2018-12-13 00:42:44 - [TEST_STEP][PASSED] - Statement - PreSaveFile = new java.io.File(((pathPrefix + java.lang.Integer.toString(counter)) + .png)): null

2018-12-13 00:42:44 - [TEST_STEP][PASSED] - Statement - counter = counter + 1: null

2018-12-13 00:42:44 - [TEST_STEP][PASSED] - Statement - PreSaveFile = new java.io.File(((pathPrefix + java.lang.Integer.toString(counter)) + .png)): null

2018-12-13 00:42:44 - [TEST_STEP][PASSED] - Statement - counter = counter + 1: null

2018-12-13 00:42:44 - [TEST_STEP][PASSED] - Statement - PreSaveFile = new java.io.File(((pathPrefix + java.lang.Integer.toString(counter)) + .png)): null

2018-12-13 00:42:44 - [TEST_STEP][PASSED] - Statement - counter = counter + 1: null

2018-12-13 00:42:44 - [TEST_STEP][PASSED] - Statement - PreSaveFile = new java.io.File(((pathPrefix + java.lang.Integer.toString(counter)) + .png)): null

2018-12-13 00:42:44 - [TEST_STEP][PASSED] - Statement - counter = counter + 1: null

2018-12-13 00:42:44 - [TEST_STEP][PASSED] - Statement - PreSaveFile = new java.io.File(((pathPrefix + java.lang.Integer.toString(counter)) + .png)): null

2018-12-13 00:42:44 - [TEST_STEP][PASSED] - Statement - counter = counter + 1: null

2018-12-13 00:42:44 - [TEST_STEP][PASSED] - Statement - PreSaveFile = new java.io.File(((pathPrefix + java.lang.Integer.toString(counter)) + .png)): null

2018-12-13 00:42:44 - [TEST_STEP][PASSED] - Statement - counter = counter + 1: null

2018-12-13 00:42:44 - [TEST_STEP][PASSED] - Statement - PreSaveFile = new java.io.File(((pathPrefix + java.lang.Integer.toString(counter)) + .png)): null

2018-12-13 00:42:44 - [TEST_STEP][PASSED] - Statement - counter = counter + 1: null

2018-12-13 00:42:44 - [TEST_STEP][PASSED] - Statement - PreSaveFile = new java.io.File(((pathPrefix + java.lang.Integer.toString(counter)) + .png)): null

2018-12-13 00:42:44 - [TEST_STEP][PASSED] - Statement - counter = counter + 1: null

2018-12-13 00:42:44 - [TEST_STEP][PASSED] - Statement - PreSaveFile = new java.io.File(((pathPrefix + java.lang.Integer.toString(counter)) + .png)): null

2018-12-13 00:42:44 - [TEST_STEP][PASSED] - Statement - counter = counter + 1: null

2018-12-13 00:42:44 - [TEST_STEP][PASSED] - Statement - PreSaveFile = new java.io.File(((pathPrefix + java.lang.Integer.toString(counter)) + .png)): null

2018-12-13 00:42:44 - [TEST_STEP][PASSED] - Statement - counter = counter + 1: null

2018-12-13 00:42:44 - [TEST_STEP][PASSED] - Statement - PreSaveFile = new java.io.File(((pathPrefix + java.lang.Integer.toString(counter)) + .png)): null

2018-12-13 00:42:44 - [TEST_STEP][PASSED] - Statement - counter = counter + 1: null

2018-12-13 00:42:44 - [TEST_STEP][PASSED] - Statement - PreSaveFile = new java.io.File(((pathPrefix + java.lang.Integer.toString(counter)) + .png)): null

2018-12-13 00:42:44 - [TEST_STEP][PASSED] - Statement - counter = counter + 1: null

2018-12-13 00:42:44 - [TEST_STEP][PASSED] - Statement - PreSaveFile = new java.io.File(((pathPrefix + java.lang.Integer.toString(counter)) + .png)): null

2018-12-13 00:42:44 - [TEST_STEP][PASSED] - Statement - counter = counter + 1: null

2018-12-13 00:42:44 - [TEST_STEP][PASSED] - Statement - PreSaveFile = new java.io.File(((pathPrefix + java.lang.Integer.toString(counter)) + .png)): null

2018-12-13 00:42:44 - [TEST_STEP][PASSED] - Statement - counter = counter + 1: null

2018-12-13 00:42:44 - [TEST_STEP][PASSED] - Statement - PreSaveFile = new java.io.File(((pathPrefix + java.lang.Integer.toString(counter)) + .png)): null

2018-12-13 00:42:44 - [TEST_STEP][PASSED] - Statement - counter = counter + 1: null

2018-12-13 00:42:44 - [TEST_STEP][PASSED] - Statement - PreSaveFile = new java.io.File(((pathPrefix + java.lang.Integer.toString(counter)) + .png)): null

2018-12-13 00:42:44 - [TEST_STEP][PASSED] - Statement - counter = counter + 1: null

2018-12-13 00:42:44 - [TEST_STEP][PASSED] - Statement - PreSaveFile = new java.io.File(((pathPrefix + java.lang.Integer.toString(counter)) + .png)): null

2018-12-13 00:42:44 - [TEST_STEP][PASSED] - Statement - counter = counter + 1: null

2018-12-13 00:42:44 - [TEST_STEP][PASSED] - Statement - PreSaveFile = new java.io.File(((pathPrefix + java.lang.Integer.toString(counter)) + .png)): null

2018-12-13 00:42:44 - [TEST_STEP][PASSED] - Statement - counter = counter + 1: null

2018-12-13 00:42:44 - [TEST_STEP][PASSED] - Statement - PreSaveFile = new java.io.File(((pathPrefix + java.lang.Integer.toString(counter)) + .png)): null

2018-12-13 00:42:44 - [TEST_STEP][PASSED] - Statement - counter = counter + 1: null

2018-12-13 00:42:44 - [TEST_STEP][PASSED] - Statement - PreSaveFile = new java.io.File(((pathPrefix + java.lang.Integer.toString(counter)) + .png)): null

2018-12-13 00:42:44 - [TEST_STEP][PASSED] - Statement - counter = counter + 1: null

2018-12-13 00:42:44 - [TEST_STEP][PASSED] - Statement - PreSaveFile = new java.io.File(((pathPrefix + java.lang.Integer.toString(counter)) + .png)): null

2018-12-13 00:42:44 - [TEST_STEP][PASSED] - Statement - counter = counter + 1: null

2018-12-13 00:42:44 - [TEST_STEP][PASSED] - Statement - PreSaveFile = new java.io.File(((pathPrefix + java.lang.Integer.toString(counter)) + .png)): null

2018-12-13 00:42:44 - [TEST_STEP][PASSED] - Statement - counter = counter + 1: null

2018-12-13 00:42:44 - [TEST_STEP][PASSED] - Statement - PreSaveFile = new java.io.File(((pathPrefix + java.lang.Integer.toString(counter)) + .png)): null

2018-12-13 00:42:44 - [TEST_STEP][PASSED] - Statement - counter = counter + 1: null

2018-12-13 00:42:44 - [TEST_STEP][PASSED] - Statement - PreSaveFile = new java.io.File(((pathPrefix + java.lang.Integer.toString(counter)) + .png)): null

2018-12-13 00:42:44 - [TEST_STEP][PASSED] - Statement - counter = counter + 1: null

2018-12-13 00:42:44 - [TEST_STEP][PASSED] - Statement - PreSaveFile = new java.io.File(((pathPrefix + java.lang.Integer.toString(counter)) + .png)): null

2018-12-13 00:42:44 - [TEST_STEP][PASSED] - Statement - counter = counter + 1: null

2018-12-13 00:42:44 - [TEST_STEP][PASSED] - Statement - PreSaveFile = new java.io.File(((pathPrefix + java.lang.Integer.toString(counter)) + .png)): null

2018-12-13 00:42:44 - [TEST_STEP][PASSED] - Statement - counter = counter + 1: null

2018-12-13 00:42:44 - [TEST_STEP][PASSED] - Statement - PreSaveFile = new java.io.File(((pathPrefix + java.lang.Integer.toString(counter)) + .png)): null

2018-12-13 00:42:44 - [TEST_STEP][PASSED] - Statement - counter = counter + 1: null

2018-12-13 00:42:44 - [TEST_STEP][PASSED] - Statement - PreSaveFile = new java.io.File(((pathPrefix + java.lang.Integer.toString(counter)) + .png)): null

2018-12-13 00:42:44 - [TEST_STEP][PASSED] - Statement - counter = counter + 1: null

2018-12-13 00:42:44 - [TEST_STEP][PASSED] - Statement - PreSaveFile = new java.io.File(((pathPrefix + java.lang.Integer.toString(counter)) + .png)): null

2018-12-13 00:42:44 - [TEST_STEP][PASSED] - Statement - counter = counter + 1: null

2018-12-13 00:42:44 - [TEST_STEP][PASSED] - Statement - PreSaveFile = new java.io.File(((pathPrefix + java.lang.Integer.toString(counter)) + .png)): null

2018-12-13 00:42:44 - [TEST_STEP][PASSED] - Statement - counter = counter + 1: null

2018-12-13 00:42:44 - [TEST_STEP][PASSED] - Statement - PreSaveFile = new java.io.File(((pathPrefix + java.lang.Integer.toString(counter)) + .png)): null

2018-12-13 00:42:44 - [TEST_STEP][PASSED] - Statement - counter = counter + 1: null

2018-12-13 00:42:44 - [TEST_STEP][PASSED] - Statement - PreSaveFile = new java.io.File(((pathPrefix + java.lang.Integer.toString(counter)) + .png)): null

2018-12-13 00:42:44 - [TEST_STEP][PASSED] - Statement - counter = counter + 1: null

2018-12-13 00:42:44 - [TEST_STEP][PASSED] - Statement - PreSaveFile = new java.io.File(((pathPrefix + java.lang.Integer.toString(counter)) + .png)): null

2018-12-13 00:42:44 - [TEST_STEP][PASSED] - Statement - counter = counter + 1: null

2018-12-13 00:42:44 - [TEST_STEP][PASSED] - Statement - PreSaveFile = new java.io.File(((pathPrefix + java.lang.Integer.toString(counter)) + .png)): null

2018-12-13 00:42:44 - [TEST_STEP][PASSED] - Statement - counter = counter + 1: null

2018-12-13 00:42:45 - [TEST_STEP][PASSED] - Statement - PreSaveFile = new java.io.File(((pathPrefix + java.lang.Integer.toString(counter)) + .png)): null

2018-12-13 00:42:45 - [TEST_STEP][PASSED] - Statement - counter = counter + 1: null

2018-12-13 00:42:45 - [TEST_STEP][PASSED] - Statement - PreSaveFile = new java.io.File(((pathPrefix + java.lang.Integer.toString(counter)) + .png)): null

2018-12-13 00:42:45 - [TEST_STEP][PASSED] - Statement - counter = counter + 1: null

2018-12-13 00:42:45 - [TEST_STEP][PASSED] - Statement - PreSaveFile = new java.io.File(((pathPrefix + java.lang.Integer.toString(counter)) + .png)): null

2018-12-13 00:42:45 - [TEST_STEP][PASSED] - Statement - counter = counter + 1: null

2018-12-13 00:42:45 - [TEST_STEP][PASSED] - Statement - PreSaveFile = new java.io.File(((pathPrefix + java.lang.Integer.toString(counter)) + .png)): null

2018-12-13 00:42:45 - [TEST_STEP][PASSED] - Statement - counter = counter + 1: null

2018-12-13 00:42:45 - [TEST_STEP][PASSED] - Statement - PreSaveFile = new java.io.File(((pathPrefix + java.lang.Integer.toString(counter)) + .png)): null

2018-12-13 00:42:45 - [TEST_STEP][PASSED] - Statement - counter = counter + 1: null

2018-12-13 00:42:45 - [TEST_STEP][PASSED] - Statement - PreSaveFile = new java.io.File(((pathPrefix + java.lang.Integer.toString(counter)) + .png)): null

2018-12-13 00:42:45 - [TEST_STEP][PASSED] - Statement - counter = counter + 1: null

2018-12-13 00:42:45 - [TEST_STEP][PASSED] - Statement - PreSaveFile = new java.io.File(((pathPrefix + java.lang.Integer.toString(counter)) + .png)): null

2018-12-13 00:42:45 - [TEST_STEP][PASSED] - Statement - counter = counter + 1: null

2018-12-13 00:42:45 - [TEST_STEP][PASSED] - Statement - PreSaveFile = new java.io.File(((pathPrefix + java.lang.Integer.toString(counter)) + .png)): null

2018-12-13 00:42:45 - [TEST_STEP][PASSED] - Statement - counter = counter + 1: null

2018-12-13 00:42:45 - [TEST_STEP][PASSED] - Statement - PreSaveFile = new java.io.File(((pathPrefix + java.lang.Integer.toString(counter)) + .png)): null

2018-12-13 00:42:45 - [TEST_STEP][PASSED] - Statement - counter = counter + 1: null

2018-12-13 00:42:45 - [TEST_STEP][PASSED] - Statement - PreSaveFile = new java.io.File(((pathPrefix + java.lang.Integer.toString(counter)) + .png)): null

2018-12-13 00:42:45 - [TEST_STEP][PASSED] - Statement - counter = counter + 1: null

2018-12-13 00:42:45 - [TEST_STEP][PASSED] - Statement - PreSaveFile = new java.io.File(((pathPrefix + java.lang.Integer.toString(counter)) + .png)): null

2018-12-13 00:42:45 - [TEST_STEP][PASSED] - Statement - counter = counter + 1: null

2018-12-13 00:42:45 - [TEST_STEP][PASSED] - Statement - PreSaveFile = new java.io.File(((pathPrefix + java.lang.Integer.toString(counter)) + .png)): null

2018-12-13 00:42:45 - [TEST_STEP][PASSED] - Statement - counter = counter + 1: null

2018-12-13 00:42:45 - [TEST_STEP][PASSED] - Statement - PreSaveFile = new java.io.File(((pathPrefix + java.lang.Integer.toString(counter)) + .png)): null

2018-12-13 00:42:45 - [TEST_STEP][PASSED] - Statement - counter = counter + 1: null

2018-12-13 00:42:45 - [TEST_STEP][PASSED] - Statement - PreSaveFile = new java.io.File(((pathPrefix + java.lang.Integer.toString(counter)) + .png)): null

2018-12-13 00:42:45 - [TEST_STEP][PASSED] - Statement - counter = counter + 1: null

2018-12-13 00:42:45 - [TEST_STEP][PASSED] - Statement - PreSaveFile = new java.io.File(((pathPrefix + java.lang.Integer.toString(counter)) + .png)): null

2018-12-13 00:42:45 - [TEST_STEP][PASSED] - Statement - counter = counter + 1: null

2018-12-13 00:42:45 - [TEST_STEP][PASSED] - Statement - PreSaveFile = new java.io.File(((pathPrefix + java.lang.Integer.toString(counter)) + .png)): null

2018-12-13 00:42:45 - [TEST_STEP][PASSED] - Statement - counter = counter + 1: null

2018-12-13 00:42:45 - [TEST_STEP][PASSED] - Statement - PreSaveFile = new java.io.File(((pathPrefix + java.lang.Integer.toString(counter)) + .png)): null

2018-12-13 00:42:45 - [TEST_STEP][PASSED] - Statement - counter = counter + 1: null

2018-12-13 00:42:45 - [TEST_STEP][PASSED] - Statement - PreSaveFile = new java.io.File(((pathPrefix + java.lang.Integer.toString(counter)) + .png)): null

2018-12-13 00:42:45 - [TEST_STEP][PASSED] - Statement - counter = counter + 1: null

2018-12-13 00:42:45 - [TEST_STEP][PASSED] - Statement - PreSaveFile = new java.io.File(((pathPrefix + java.lang.Integer.toString(counter)) + .png)): null

2018-12-13 00:42:45 - [TEST_STEP][PASSED] - Statement - counter = counter + 1: null

2018-12-13 00:42:45 - [TEST_STEP][PASSED] - Statement - PreSaveFile = new java.io.File(((pathPrefix + java.lang.Integer.toString(counter)) + .png)): null

2018-12-13 00:42:45 - [TEST_STEP][PASSED] - Statement - counter = counter + 1: null

2018-12-13 00:42:45 - [TEST_STEP][PASSED] - Statement - PreSaveFile = new java.io.File(((pathPrefix + java.lang.Integer.toString(counter)) + .png)): null

2018-12-13 00:42:45 - [TEST_STEP][PASSED] - Statement - counter = counter + 1: null

2018-12-13 00:42:45 - [TEST_STEP][PASSED] - Statement - PreSaveFile = new java.io.File(((pathPrefix + java.lang.Integer.toString(counter)) + .png)): null

2018-12-13 00:42:45 - [TEST_STEP][PASSED] - Statement - counter = counter + 1: null

2018-12-13 00:42:45 - [TEST_STEP][PASSED] - Statement - PreSaveFile = new java.io.File(((pathPrefix + java.lang.Integer.toString(counter)) + .png)): null

2018-12-13 00:42:45 - [TEST_STEP][PASSED] - Statement - counter = counter + 1: null

2018-12-13 00:42:45 - [TEST_STEP][PASSED] - Statement - PreSaveFile = new java.io.File(((pathPrefix + java.lang.Integer.toString(counter)) + .png)): null

2018-12-13 00:42:45 - [TEST_STEP][PASSED] - Statement - counter = counter + 1: null

2018-12-13 00:42:45 - [TEST_STEP][PASSED] - Statement - PreSaveFile = new java.io.File(((pathPrefix + java.lang.Integer.toString(counter)) + .png)): null

2018-12-13 00:42:45 - [TEST_STEP][PASSED] - Statement - counter = counter + 1: null

2018-12-13 00:42:45 - [TEST_STEP][PASSED] - Statement - PreSaveFile = new java.io.File(((pathPrefix + java.lang.Integer.toString(counter)) + .png)): null

2018-12-13 00:42:45 - [TEST_STEP][PASSED] - Statement - counter = counter + 1: null

2018-12-13 00:42:45 - [TEST_STEP][PASSED] - Statement - PreSaveFile = new java.io.File(((pathPrefix + java.lang.Integer.toString(counter)) + .png)): null

2018-12-13 00:42:45 - [TEST_STEP][PASSED] - Statement - counter = counter + 1: null

2018-12-13 00:42:45 - [TEST_STEP][PASSED] - Statement - PreSaveFile = new java.io.File(((pathPrefix + java.lang.Integer.toString(counter)) + .png)): null

2018-12-13 00:42:45 - [TEST_STEP][PASSED] - Statement - counter = counter + 1: null

2018-12-13 00:42:45 - [TEST_STEP][PASSED] - Statement - PreSaveFile = new java.io.File(((pathPrefix + java.lang.Integer.toString(counter)) + .png)): null

2018-12-13 00:42:45 - [TEST_STEP][PASSED] - Statement - counter = counter + 1: null

2018-12-13 00:42:45 - [TEST_STEP][PASSED] - Statement - PreSaveFile = new java.io.File(((pathPrefix + java.lang.Integer.toString(counter)) + .png)): null

2018-12-13 00:42:45 - [TEST_STEP][PASSED] - Statement - counter = counter + 1: null

2018-12-13 00:42:45 - [TEST_STEP][PASSED] - Statement - PreSaveFile = new java.io.File(((pathPrefix + java.lang.Integer.toString(counter)) + .png)): null

2018-12-13 00:42:45 - [TEST_STEP][PASSED] - Statement - counter = counter + 1: null

2018-12-13 00:42:45 - [TEST_STEP][PASSED] - Statement - PreSaveFile = new java.io.File(((pathPrefix + java.lang.Integer.toString(counter)) + .png)): null

2018-12-13 00:42:45 - [TEST_STEP][PASSED] - Statement - counter = counter + 1: null

2018-12-13 00:42:45 - [TEST_STEP][PASSED] - Statement - PreSaveFile = new java.io.File(((pathPrefix + java.lang.Integer.toString(counter)) + .png)): null

2018-12-13 00:42:45 - [TEST_STEP][PASSED] - Statement - counter = counter + 1: null

2018-12-13 00:42:45 - [TEST_STEP][PASSED] - Statement - PreSaveFile = new java.io.File(((pathPrefix + java.lang.Integer.toString(counter)) + .png)): null

2018-12-13 00:42:45 - [TEST_STEP][PASSED] - Statement - counter = counter + 1: null

2018-12-13 00:42:45 - [TEST_STEP][PASSED] - Statement - PreSaveFile = new java.io.File(((pathPrefix + java.lang.Integer.toString(counter)) + .png)): null

2018-12-13 00:42:45 - [TEST_STEP][PASSED] - Statement - counter = counter + 1: null

2018-12-13 00:42:45 - [TEST_STEP][PASSED] - Statement - PreSaveFile = new java.io.File(((pathPrefix + java.lang.Integer.toString(counter)) + .png)): null

2018-12-13 00:42:45 - [TEST_STEP][PASSED] - Statement - counter = counter + 1: null

2018-12-13 00:42:45 - [TEST_STEP][PASSED] - Statement - PreSaveFile = new java.io.File(((pathPrefix + java.lang.Integer.toString(counter)) + .png)): null

2018-12-13 00:42:45 - [TEST_STEP][PASSED] - Statement - counter = counter + 1: null

2018-12-13 00:42:45 - [TEST_STEP][PASSED] - Statement - PreSaveFile = new java.io.File(((pathPrefix + java.lang.Integer.toString(counter)) + .png)): null

2018-12-13 00:42:45 - [TEST_STEP][PASSED] - Statement - counter = counter + 1: null

2018-12-13 00:42:45 - [TEST_STEP][PASSED] - Statement - PreSaveFile = new java.io.File(((pathPrefix + java.lang.Integer.toString(counter)) + .png)): null

2018-12-13 00:42:45 - [TEST_STEP][PASSED] - Statement - counter = counter + 1: null

2018-12-13 00:42:45 - [TEST_STEP][PASSED] - Statement - PreSaveFile = new java.io.File(((pathPrefix + java.lang.Integer.toString(counter)) + .png)): null

2018-12-13 00:42:45 - [TEST_STEP][PASSED] - Statement - counter = counter + 1: null

2018-12-13 00:42:45 - [TEST_STEP][PASSED] - Statement - PreSaveFile = new java.io.File(((pathPrefix + java.lang.Integer.toString(counter)) + .png)): null

2018-12-13 00:42:45 - [TEST_STEP][PASSED] - Statement - counter = counter + 1: null

2018-12-13 00:42:45 - [TEST_STEP][PASSED] - Statement - PreSaveFile = new java.io.File(((pathPrefix + java.lang.Integer.toString(counter)) + .png)): null

2018-12-13 00:42:45 - [TEST_STEP][PASSED] - Statement - counter = counter + 1: null

2018-12-13 00:42:45 - [TEST_STEP][PASSED] - Statement - PreSaveFile = new java.io.File(((pathPrefix + java.lang.Integer.toString(counter)) + .png)): null

2018-12-13 00:42:45 - [TEST_STEP][PASSED] - Statement - counter = counter + 1: null

2018-12-13 00:42:45 - [TEST_STEP][PASSED] - Statement - PreSaveFile = new java.io.File(((pathPrefix + java.lang.Integer.toString(counter)) + .png)): null

2018-12-13 00:42:45 - [TEST_STEP][PASSED] - Statement - counter = counter + 1: null

2018-12-13 00:42:45 - [TEST_STEP][PASSED] - Statement - PreSaveFile = new java.io.File(((pathPrefix + java.lang.Integer.toString(counter)) + .png)): null

2018-12-13 00:42:45 - [TEST_STEP][PASSED] - Statement - counter = counter + 1: null

2018-12-13 00:42:45 - [TEST_STEP][PASSED] - Statement - PreSaveFile = new java.io.File(((pathPrefix + java.lang.Integer.toString(counter)) + .png)): null

2018-12-13 00:42:45 - [TEST_STEP][PASSED] - Statement - counter = counter + 1: null

2018-12-13 00:42:45 - [TEST_STEP][PASSED] - Statement - PreSaveFile = new java.io.File(((pathPrefix + java.lang.Integer.toString(counter)) + .png)): null

2018-12-13 00:42:45 - [TEST_STEP][PASSED] - Statement - counter = counter + 1: null

2018-12-13 00:42:45 - [TEST_STEP][PASSED] - Statement - PreSaveFile = new java.io.File(((pathPrefix + java.lang.Integer.toString(counter)) + .png)): null

2018-12-13 00:42:45 - [TEST_STEP][PASSED] - Statement - counter = counter + 1: null

2018-12-13 00:42:45 - [TEST_STEP][PASSED] - Statement - PreSaveFile = new java.io.File(((pathPrefix + java.lang.Integer.toString(counter)) + .png)): null

2018-12-13 00:42:45 - [TEST_STEP][PASSED] - Statement - counter = counter + 1: null

2018-12-13 00:42:45 - [TEST_STEP][PASSED] - Statement - PreSaveFile = new java.io.File(((pathPrefix + java.lang.Integer.toString(counter)) + .png)): null

2018-12-13 00:42:45 - [TEST_STEP][PASSED] - Statement - counter = counter + 1: null

2018-12-13 00:42:45 - [TEST_STEP][PASSED] - Statement - PreSaveFile = new java.io.File(((pathPrefix + java.lang.Integer.toString(counter)) + .png)): null

2018-12-13 00:42:45 - [TEST_STEP][PASSED] - Statement - counter = counter + 1: null

2018-12-13 00:42:45 - [TEST_STEP][PASSED] - Statement - PreSaveFile = new java.io.File(((pathPrefix + java.lang.Integer.toString(counter)) + .png)): null

2018-12-13 00:42:45 - [TEST_STEP][PASSED] - Statement - counter = counter + 1: null

2018-12-13 00:42:45 - [TEST_STEP][PASSED] - Statement - PreSaveFile = new java.io.File(((pathPrefix + java.lang.Integer.toString(counter)) + .png)): null

2018-12-13 00:42:45 - [TEST_STEP][PASSED] - Statement - counter = counter + 1: null

2018-12-13 00:42:45 - [TEST_STEP][PASSED] - Statement - PreSaveFile = new java.io.File(((pathPrefix + java.lang.Integer.toString(counter)) + .png)): null

2018-12-13 00:42:45 - [TEST_STEP][PASSED] - Statement - counter = counter + 1: null

2018-12-13 00:42:45 - [TEST_STEP][PASSED] - Statement - PreSaveFile = new java.io.File(((pathPrefix + java.lang.Integer.toString(counter)) + .png)): null

2018-12-13 00:42:45 - [TEST_STEP][PASSED] - Statement - counter = counter + 1: null

2018-12-13 00:42:45 - [TEST_STEP][PASSED] - Statement - PreSaveFile = new java.io.File(((pathPrefix + java.lang.Integer.toString(counter)) + .png)): null

2018-12-13 00:42:45 - [TEST_STEP][PASSED] - Statement - counter = counter + 1: null

2018-12-13 00:42:45 - [TEST_STEP][PASSED] - Statement - PreSaveFile = new java.io.File(((pathPrefix + java.lang.Integer.toString(counter)) + .png)): null

2018-12-13 00:42:45 - [TEST_STEP][PASSED] - Statement - counter = counter + 1: null

2018-12-13 00:42:45 - [TEST_STEP][PASSED] - Statement - PreSaveFile = new java.io.File(((pathPrefix + java.lang.Integer.toString(counter)) + .png)): null

2018-12-13 00:42:45 - [TEST_STEP][PASSED] - Statement - counter = counter + 1: null

2018-12-13 00:42:45 - [TEST_STEP][PASSED] - Statement - PreSaveFile = new java.io.File(((pathPrefix + java.lang.Integer.toString(counter)) + .png)): null

2018-12-13 00:42:45 - [TEST_STEP][PASSED] - Statement - counter = counter + 1: null

2018-12-13 00:42:45 - [TEST_STEP][PASSED] - Statement - PreSaveFile = new java.io.File(((pathPrefix + java.lang.Integer.toString(counter)) + .png)): null

2018-12-13 00:42:45 - [TEST_STEP][PASSED] - Statement - counter = counter + 1: null

2018-12-13 00:42:45 - [TEST_STEP][PASSED] - Statement - PreSaveFile = new java.io.File(((pathPrefix + java.lang.Integer.toString(counter)) + .png)): null

2018-12-13 00:42:45 - [TEST_STEP][PASSED] - Statement - counter = counter + 1: null

2018-12-13 00:42:45 - [TEST_STEP][PASSED] - Statement - PreSaveFile = new java.io.File(((pathPrefix + java.lang.Integer.toString(counter)) + .png)): null

2018-12-13 00:42:45 - [TEST_STEP][PASSED] - Statement - counter = counter + 1: null

2018-12-13 00:42:45 - [TEST_STEP][PASSED] - Statement - PreSaveFile = new java.io.File(((pathPrefix + java.lang.Integer.toString(counter)) + .png)): null

2018-12-13 00:42:45 - [TEST_STEP][PASSED] - Statement - counter = counter + 1: null

2018-12-13 00:42:45 - [TEST_STEP][PASSED] - Statement - PreSaveFile = new java.io.File(((pathPrefix + java.lang.Integer.toString(counter)) + .png)): null

2018-12-13 00:42:45 - [TEST_STEP][PASSED] - Statement - counter = counter + 1: null

2018-12-13 00:42:45 - [TEST_STEP][PASSED] - Statement - PreSaveFile = new java.io.File(((pathPrefix + java.lang.Integer.toString(counter)) + .png)): null

2018-12-13 00:42:45 - [TEST_STEP][PASSED] - Statement - counter = counter + 1: null

2018-12-13 00:42:45 - [TEST_STEP][PASSED] - Statement - PreSaveFile = new java.io.File(((pathPrefix + java.lang.Integer.toString(counter)) + .png)): null

2018-12-13 00:42:45 - [TEST_STEP][PASSED] - Statement - counter = counter + 1: null

2018-12-13 00:42:45 - [TEST_STEP][PASSED] - Statement - PreSaveFile = new java.io.File(((pathPrefix + java.lang.Integer.toString(counter)) + .png)): null

2018-12-13 00:42:45 - [TEST_STEP][PASSED] - Statement - counter = counter + 1: null

2018-12-13 00:42:45 - [TEST_STEP][PASSED] - Statement - PreSaveFile = new java.io.File(((pathPrefix + java.lang.Integer.toString(counter)) + .png)): null

2018-12-13 00:42:45 - [TEST_STEP][PASSED] - Statement - counter = counter + 1: null

2018-12-13 00:42:45 - [TEST_STEP][PASSED] - Statement - PreSaveFile = new java.io.File(((pathPrefix + java.lang.Integer.toString(counter)) + .png)): null

2018-12-13 00:42:45 - [TEST_STEP][PASSED] - Statement - counter = counter + 1: null

2018-12-13 00:42:45 - [TEST_STEP][PASSED] - Statement - PreSaveFile = new java.io.File(((pathPrefix + java.lang.Integer.toString(counter)) + .png)): null

2018-12-13 00:42:45 - [TEST_STEP][PASSED] - Statement - counter = counter + 1: null

2018-12-13 00:42:45 - [TEST_STEP][PASSED] - Statement - PreSaveFile = new java.io.File(((pathPrefix + java.lang.Integer.toString(counter)) + .png)): null

2018-12-13 00:42:45 - [TEST_STEP][PASSED] - Statement - counter = counter + 1: null

2018-12-13 00:42:45 - [TEST_STEP][PASSED] - Statement - PreSaveFile = new java.io.File(((pathPrefix + java.lang.Integer.toString(counter)) + .png)): null

2018-12-13 00:42:45 - [TEST_STEP][PASSED] - Statement - counter = counter + 1: null

2018-12-13 00:42:45 - [TEST_STEP][PASSED] - Statement - PreSaveFile = new java.io.File(((pathPrefix + java.lang.Integer.toString(counter)) + .png)): null

2018-12-13 00:42:45 - [TEST_STEP][PASSED] - Statement - counter = counter + 1: null

2018-12-13 00:42:45 - [TEST_STEP][PASSED] - Statement - PreSaveFile = new java.io.File(((pathPrefix + java.lang.Integer.toString(counter)) + .png)): null

2018-12-13 00:42:45 - [TEST_STEP][PASSED] - Statement - counter = counter + 1: null

2018-12-13 00:42:45 - [TEST_STEP][PASSED] - Statement - PreSaveFile = new java.io.File(((pathPrefix + java.lang.Integer.toString(counter)) + .png)): null

2018-12-13 00:42:45 - [TEST_STEP][PASSED] - Statement - counter = counter + 1: null

2018-12-13 00:42:45 - [TEST_STEP][PASSED] - Statement - PreSaveFile = new java.io.File(((pathPrefix + java.lang.Integer.toString(counter)) + .png)): null

2018-12-13 00:42:45 - [TEST_STEP][PASSED] - Statement - counter = counter + 1: null

2018-12-13 00:42:45 - [TEST_STEP][PASSED] - Statement - PreSaveFile = new java.io.File(((pathPrefix + java.lang.Integer.toString(counter)) + .png)): null

2018-12-13 00:42:45 - [TEST_STEP][PASSED] - Statement - counter = counter + 1: null

2018-12-13 00:42:45 - [TEST_STEP][PASSED] - Statement - PreSaveFile = new java.io.File(((pathPrefix + java.lang.Integer.toString(counter)) + .png)): null

2018-12-13 00:42:45 - [TEST_STEP][PASSED] - Statement - counter = counter + 1: null

2018-12-13 00:42:45 - [TEST_STEP][PASSED] - Statement - PreSaveFile = new java.io.File(((pathPrefix + java.lang.Integer.toString(counter)) + .png)): null

2018-12-13 00:42:45 - [TEST_STEP][PASSED] - Statement - counter = counter + 1: null

2018-12-13 00:42:45 - [TEST_STEP][PASSED] - Statement - PreSaveFile = new java.io.File(((pathPrefix + java.lang.Integer.toString(counter)) + .png)): null

2018-12-13 00:42:45 - [TEST_STEP][PASSED] - Statement - counter = counter + 1: null

2018-12-13 00:42:45 - [TEST_STEP][PASSED] - Statement - PreSaveFile = new java.io.File(((pathPrefix + java.lang.Integer.toString(counter)) + .png)): null

2018-12-13 00:42:45 - [TEST_STEP][PASSED] - Statement - counter = counter + 1: null

2018-12-13 00:42:45 - [TEST_STEP][PASSED] - Statement - PreSaveFile = new java.io.File(((pathPrefix + java.lang.Integer.toString(counter)) + .png)): null

2018-12-13 00:42:45 - [TEST_STEP][PASSED] - Statement - counter = counter + 1: null

2018-12-13 00:42:45 - [TEST_STEP][PASSED] - Statement - PreSaveFile = new java.io.File(((pathPrefix + java.lang.Integer.toString(counter)) + .png)): null

2018-12-13 00:42:45 - [TEST_STEP][PASSED] - Statement - counter = counter + 1: null

2018-12-13 00:42:45 - [TEST_STEP][PASSED] - Statement - PreSaveFile = new java.io.File(((pathPrefix + java.lang.Integer.toString(counter)) + .png)): null

2018-12-13 00:42:45 - [TEST_STEP][PASSED] - Statement - counter = counter + 1: null

2018-12-13 00:42:45 - [TEST_STEP][PASSED] - Statement - PreSaveFile = new java.io.File(((pathPrefix + java.lang.Integer.toString(counter)) + .png)): null

2018-12-13 00:42:45 - [TEST_STEP][PASSED] - Statement - counter = counter + 1: null

2018-12-13 00:42:45 - [TEST_STEP][PASSED] - Statement - PreSaveFile = new java.io.File(((pathPrefix + java.lang.Integer.toString(counter)) + .png)): null

2018-12-13 00:42:45 - [TEST_STEP][PASSED] - Statement - counter = counter + 1: null

2018-12-13 00:42:45 - [TEST_STEP][PASSED] - Statement - PreSaveFile = new java.io.File(((pathPrefix + java.lang.Integer.toString(counter)) + .png)): null

2018-12-13 00:42:45 - [TEST_STEP][PASSED] - Statement - counter = counter + 1: null

2018-12-13 00:42:45 - [TEST_STEP][PASSED] - Statement - PreSaveFile = new java.io.File(((pathPrefix + java.lang.Integer.toString(counter)) + .png)): null

2018-12-13 00:42:45 - [TEST_STEP][PASSED] - Statement - counter = counter + 1: null

2018-12-13 00:42:45 - [TEST_STEP][PASSED] - Statement - PreSaveFile = new java.io.File(((pathPrefix + java.lang.Integer.toString(counter)) + .png)): null

2018-12-13 00:42:45 - [TEST_STEP][PASSED] - Statement - counter = counter + 1: null

2018-12-13 00:42:45 - [TEST_STEP][PASSED] - Statement - PreSaveFile = new java.io.File(((pathPrefix + java.lang.Integer.toString(counter)) + .png)): null

2018-12-13 00:42:45 - [TEST_STEP][PASSED] - Statement - counter = counter + 1: null

2018-12-13 00:42:45 - [TEST_STEP][PASSED] - Statement - PreSaveFile = new java.io.File(((pathPrefix + java.lang.Integer.toString(counter)) + .png)): null

2018-12-13 00:42:45 - [TEST_STEP][PASSED] - Statement - counter = counter + 1: null

2018-12-13 00:42:45 - [TEST_STEP][PASSED] - Statement - PreSaveFile = new java.io.File(((pathPrefix + java.lang.Integer.toString(counter)) + .png)): null

2018-12-13 00:42:45 - [TEST_STEP][PASSED] - Statement - counter = counter + 1: null

2018-12-13 00:42:45 - [TEST_STEP][PASSED] - Statement - PreSaveFile = new java.io.File(((pathPrefix + java.lang.Integer.toString(counter)) + .png)): null

2018-12-13 00:42:45 - [TEST_STEP][PASSED] - Statement - counter = counter + 1: null

2018-12-13 00:42:45 - [TEST_STEP][PASSED] - Statement - PreSaveFile = new java.io.File(((pathPrefix + java.lang.Integer.toString(counter)) + .png)): null

2018-12-13 00:42:45 - [TEST_STEP][PASSED] - Statement - counter = counter + 1: null

2018-12-13 00:42:45 - [TEST_STEP][PASSED] - Statement - PreSaveFile = new java.io.File(((pathPrefix + java.lang.Integer.toString(counter)) + .png)): null

2018-12-13 00:42:45 - [TEST_STEP][PASSED] - Statement - counter = counter + 1: null

2018-12-13 00:42:45 - [TEST_STEP][PASSED] - Statement - PreSaveFile = new java.io.File(((pathPrefix + java.lang.Integer.toString(counter)) + .png)): null

2018-12-13 00:42:45 - [TEST_STEP][PASSED] - Statement - counter = counter + 1: null

2018-12-13 00:42:45 - [TEST_STEP][PASSED] - Statement - PreSaveFile = new java.io.File(((pathPrefix + java.lang.Integer.toString(counter)) + .png)): null

2018-12-13 00:42:45 - [TEST_STEP][PASSED] - Statement - counter = counter + 1: null

2018-12-13 00:42:45 - [TEST_STEP][PASSED] - Statement - PreSaveFile = new java.io.File(((pathPrefix + java.lang.Integer.toString(counter)) + .png)): null

2018-12-13 00:42:45 - [TEST_STEP][PASSED] - Statement - counter = counter + 1: null

2018-12-13 00:42:45 - [TEST_STEP][PASSED] - Statement - PreSaveFile = new java.io.File(((pathPrefix + java.lang.Integer.toString(counter)) + .png)): null

2018-12-13 00:42:45 - [TEST_STEP][PASSED] - Statement - counter = counter + 1: null

2018-12-13 00:42:45 - [TEST_STEP][PASSED] - Statement - PreSaveFile = new java.io.File(((pathPrefix + java.lang.Integer.toString(counter)) + .png)): null

2018-12-13 00:42:45 - [TEST_STEP][PASSED] - Statement - counter = counter + 1: null

2018-12-13 00:42:45 - [TEST_STEP][PASSED] - Statement - PreSaveFile = new java.io.File(((pathPrefix + java.lang.Integer.toString(counter)) + .png)): null

2018-12-13 00:42:45 - [TEST_STEP][PASSED] - Statement - counter = counter + 1: null

2018-12-13 00:42:45 - [TEST_STEP][PASSED] - Statement - PreSaveFile = new java.io.File(((pathPrefix + java.lang.Integer.toString(counter)) + .png)): null

2018-12-13 00:42:45 - [TEST_STEP][PASSED] - Statement - counter = counter + 1: null

2018-12-13 00:42:45 - [TEST_STEP][PASSED] - Statement - PreSaveFile = new java.io.File(((pathPrefix + java.lang.Integer.toString(counter)) + .png)): null

2018-12-13 00:42:45 - [TEST_STEP][PASSED] - Statement - counter = counter + 1: null

2018-12-13 00:42:45 - [TEST_STEP][PASSED] - Statement - PreSaveFile = new java.io.File(((pathPrefix + java.lang.Integer.toString(counter)) + .png)): null

2018-12-13 00:42:45 - [TEST_STEP][PASSED] - Statement - finalPath = pathPrefix + java.lang.Integer.toString(counter) + ".png": null

2018-12-13 00:42:45 - [TEST_STEP][PASSED] - Statement - SaveFile = new java.io.File(finalPath): null

2018-12-13 00:42:45 - [TEST_STEP][PASSED] - Statement - Try: null

2018-12-13 00:42:45 - [TEST_STEP][PASSED] - Statement - org.apache.commons.io.FileUtils.copyFile(scrFile, SaveFile): null

2018-12-13 00:42:45 - [TEST_STEP][PASSED] - Statement - out.println("file kept"): null

2018-12-13 00:42:45 - [TEST_STEP][PASSED] - delay: Delayed 10 second(s)

2018-12-13 00:42:55 - [MESSAGE][PASSED] - Delayed 10 second(s)

2018-12-13 00:42:55 - [MESSAGE][FAILED] - Unable to call Test Case with id 'Test Cases/Final Aug 2018 - PKS Automation/Registration Module/New Registration/Submit and Screenshot/Submit Registration and Screenshot' (Root cause: Call Test Case 'Test Cases/Final Aug 2018 - PKS Automation/Registration Module/New Registration/Submit and Screenshot/Submit Registration and Screenshot' failed)]]></system-out>
         <system-err><![CDATA[2018-12-13 00:27:10 - [TEST_CASE][FAILED] - Test Cases/Final Aug 2018 - PKS Automation/Registration Module/Workflow/New Registration/Case PKR BO to RO - Query - Submit: Test Cases/Final Aug 2018 - PKS Automation/Registration Module/Workflow/New Registration/Case PKR BO to RO - Query - Submit FAILED because (of) (Stack trace: com.kms.katalon.core.exception.StepFailedException: Unable to set text 'CRN12201800123253' of object 'Object Repository/Final Object Repo/New Registration - Registration Module Pages/New Reg - OTC to RO/Special Case - All Related Objects/TextBox RefNo in Workbasket' (Root cause: org.openqa.selenium.ElementNotVisibleException: element not interactable
  (Session info: chrome=70.0.3538.110)
  (Driver info: chromedriver=2.43.600210 (68dcf5eebde37173d4027fa8635e332711d2874a),platform=Windows NT 6.1.7601 SP1 x86_64) (WARNING: The server did not provide any stacktrace information)
Command duration or timeout: 0 milliseconds
Build info: version: '3.7.1', revision: '8a0099a', time: '2017-11-06T21:07:36.161Z'
System info: host: 'WIN7TEST02', ip: '10.20.3.72', os.name: 'Windows 7', os.arch: 'amd64', os.version: '6.1', java.version: '1.8.0_181'
Driver info: com.kms.katalon.selenium.driver.CChromeDriver
Capabilities {acceptInsecureCerts: false, acceptSslCerts: false, applicationCacheEnabled: false, browserConnectionEnabled: false, browserName: chrome, chrome: {chromedriverVersion: 2.43.600210 (68dcf5eebde371..., userDataDir: C:\Users\Admin\AppData\Loca...}, cssSelectorsEnabled: true, databaseEnabled: false, goog:chromeOptions: {debuggerAddress: localhost:59616}, handlesAlerts: true, hasTouchScreen: false, javascriptEnabled: true, locationContextEnabled: true, mobileEmulationEnabled: false, nativeEvents: true, networkConnectionEnabled: false, pageLoadStrategy: normal, platform: XP, platformName: XP, rotatable: false, setWindowRect: true, takesHeapSnapshot: true, takesScreenshot: true, unexpectedAlertBehaviour: , unhandledPromptBehavior: , version: 70.0.3538.110, webStorageEnabled: true}
Session ID: 11ac39114346745f3f081afa5192614f)
	at com.kms.katalon.core.keyword.internal.KeywordMain.stepFailed(KeywordMain.groovy:32)
	at com.kms.katalon.core.webui.keyword.internal.WebUIKeywordMain.stepFailed(WebUIKeywordMain.groovy:65)
	at com.kms.katalon.core.webui.keyword.internal.WebUIKeywordMain.runKeyword(WebUIKeywordMain.groovy:27)
	at com.kms.katalon.core.webui.keyword.builtin.SetTextKeyword.setText(SetTextKeyword.groovy:65)
	at com.kms.katalon.core.webui.keyword.builtin.SetTextKeyword.execute(SetTextKeyword.groovy:37)
	at com.kms.katalon.core.keyword.internal.KeywordExecutor.executeKeywordForPlatform(KeywordExecutor.groovy:53)
	at com.kms.katalon.core.webui.keyword.WebUiBuiltInKeywords.setText(WebUiBuiltInKeywords.groovy:950)
	at com.kms.katalon.core.webui.keyword.WebUiBuiltInKeywords$setText$1.call(Unknown Source)
	at org.codehaus.groovy.runtime.callsite.CallSiteArray.defaultCall(CallSiteArray.java:48)
	at org.codehaus.groovy.runtime.callsite.AbstractCallSite.call(AbstractCallSite.java:113)
	at org.codehaus.groovy.runtime.callsite.AbstractCallSite.call(AbstractCallSite.java:133)
	at Script1535619019036.run(Script1535619019036.groovy:73)
	at com.kms.katalon.core.main.ScriptEngine.run(ScriptEngine.java:183)
	at com.kms.katalon.core.main.ScriptEngine.runScriptAsRawText(ScriptEngine.java:108)
	at com.kms.katalon.core.main.TestCaseExecutor.runScript(TestCaseExecutor.java:294)
	at com.kms.katalon.core.main.TestCaseExecutor.doExecute(TestCaseExecutor.java:285)
	at com.kms.katalon.core.main.TestCaseExecutor.processExecutionPhase(TestCaseExecutor.java:264)
	at com.kms.katalon.core.main.TestCaseExecutor.accessMainPhase(TestCaseExecutor.java:256)
	at com.kms.katalon.core.main.TestCaseExecutor.execute(TestCaseExecutor.java:200)
	at com.kms.katalon.core.main.TestSuiteExecutor.accessTestCaseMainPhase(TestSuiteExecutor.java:129)
	at com.kms.katalon.core.main.TestSuiteExecutor.accessTestSuiteMainPhase(TestSuiteExecutor.java:112)
	at com.kms.katalon.core.main.TestSuiteExecutor.execute(TestSuiteExecutor.java:81)
	at com.kms.katalon.core.main.TestCaseMain.startTestSuite(TestCaseMain.java:142)
	at com.kms.katalon.core.main.TestCaseMain$startTestSuite$0.call(Unknown Source)
	at org.codehaus.groovy.runtime.callsite.CallSiteArray.defaultCall(CallSiteArray.java:48)
	at org.codehaus.groovy.runtime.callsite.AbstractCallSite.call(AbstractCallSite.java:113)
	at org.codehaus.groovy.runtime.callsite.AbstractCallSite.call(AbstractCallSite.java:141)
	at TempTestSuite1544618906888.run(TempTestSuite1544618906888.groovy:36)
	at groovy.lang.GroovyShell.runScriptOrMainOrTestOrRunnable(GroovyShell.java:263)
	at groovy.lang.GroovyShell.run(GroovyShell.java:518)
	at groovy.lang.GroovyShell.run(GroovyShell.java:507)
	at groovy.ui.GroovyMain.processOnce(GroovyMain.java:653)
	at groovy.ui.GroovyMain.run(GroovyMain.java:384)
	at groovy.ui.GroovyMain.process(GroovyMain.java:370)
	at groovy.ui.GroovyMain.processArgs(GroovyMain.java:129)
	at groovy.ui.GroovyMain.main(GroovyMain.java:109)
	at sun.reflect.NativeMethodAccessorImpl.invoke0(Native Method)
	at sun.reflect.NativeMethodAccessorImpl.invoke(NativeMethodAccessorImpl.java:62)
	at sun.reflect.DelegatingMethodAccessorImpl.invoke(DelegatingMethodAccessorImpl.java:43)
	at java.lang.reflect.Method.invoke(Method.java:498)
	at org.codehaus.groovy.tools.GroovyStarter.rootLoader(GroovyStarter.java:109)
	at org.codehaus.groovy.tools.GroovyStarter.main(GroovyStarter.java:131)
)]]></system-err>
      </testcase>
      <testcase name="Test Cases/Final Aug 2018 - PKS Automation/Registration Module/Workflow/New Registration/Case PKR BO to RO - RO Submit" classname="Test Cases/Final Aug 2018 - PKS Automation/Registration Module/Workflow/New Registration/Case PKR BO to RO - RO Submit" status="FAILED">
         <failure type="FAILED" message="(Stack trace: com.kms.katalon.core.exception.StepFailedException: Unable to set text 'CRN12201800123254' of object 'Object Repository/Final Object Repo/New Registration - Registration Module Pages/New Reg - OTC to RO/Special Case - All Related Objects/TextBox RefNo in Workbasket' (Root cause: org.openqa.selenium.ElementNotVisibleException: element not interactable
  (Session info: chrome=70.0.3538.110)
  (Driver info: chromedriver=2.43.600210 (68dcf5eebde37173d4027fa8635e332711d2874a),platform=Windows NT 6.1.7601 SP1 x86_64) (WARNING: The server did not provide any stacktrace information)
Command duration or timeout: 0 milliseconds
Build info: version: '3.7.1', revision: '8a0099a', time: '2017-11-06T21:07:36.161Z'
System info: host: 'WIN7TEST02', ip: '10.20.3.72', os.name: 'Windows 7', os.arch: 'amd64', os.version: '6.1', java.version: '1.8.0_181'
Driver info: com.kms.katalon.selenium.driver.CChromeDriver
Capabilities {acceptInsecureCerts: false, acceptSslCerts: false, applicationCacheEnabled: false, browserConnectionEnabled: false, browserName: chrome, chrome: {chromedriverVersion: 2.43.600210 (68dcf5eebde371..., userDataDir: C:\Users\Admin\AppData\Loca...}, cssSelectorsEnabled: true, databaseEnabled: false, goog:chromeOptions: {debuggerAddress: localhost:59766}, handlesAlerts: true, hasTouchScreen: false, javascriptEnabled: true, locationContextEnabled: true, mobileEmulationEnabled: false, nativeEvents: true, networkConnectionEnabled: false, pageLoadStrategy: normal, platform: XP, platformName: XP, rotatable: false, setWindowRect: true, takesHeapSnapshot: true, takesScreenshot: true, unexpectedAlertBehaviour: , unhandledPromptBehavior: , version: 70.0.3538.110, webStorageEnabled: true}
Session ID: 72ebcebbdd05778f2e4385996f0a9eb0)
	at com.kms.katalon.core.keyword.internal.KeywordMain.stepFailed(KeywordMain.groovy:32)
	at com.kms.katalon.core.webui.keyword.internal.WebUIKeywordMain.stepFailed(WebUIKeywordMain.groovy:65)
	at com.kms.katalon.core.webui.keyword.internal.WebUIKeywordMain.runKeyword(WebUIKeywordMain.groovy:27)
	at com.kms.katalon.core.webui.keyword.builtin.SetTextKeyword.setText(SetTextKeyword.groovy:65)
	at com.kms.katalon.core.webui.keyword.builtin.SetTextKeyword.execute(SetTextKeyword.groovy:37)
	at com.kms.katalon.core.keyword.internal.KeywordExecutor.executeKeywordForPlatform(KeywordExecutor.groovy:53)
	at com.kms.katalon.core.webui.keyword.WebUiBuiltInKeywords.setText(WebUiBuiltInKeywords.groovy:950)
	at com.kms.katalon.core.webui.keyword.WebUiBuiltInKeywords$setText$1.call(Unknown Source)
	at org.codehaus.groovy.runtime.callsite.CallSiteArray.defaultCall(CallSiteArray.java:48)
	at org.codehaus.groovy.runtime.callsite.AbstractCallSite.call(AbstractCallSite.java:113)
	at org.codehaus.groovy.runtime.callsite.AbstractCallSite.call(AbstractCallSite.java:133)
	at Script1535945708168.run(Script1535945708168.groovy:73)
	at com.kms.katalon.core.main.ScriptEngine.run(ScriptEngine.java:183)
	at com.kms.katalon.core.main.ScriptEngine.runScriptAsRawText(ScriptEngine.java:108)
	at com.kms.katalon.core.main.TestCaseExecutor.runScript(TestCaseExecutor.java:294)
	at com.kms.katalon.core.main.TestCaseExecutor.doExecute(TestCaseExecutor.java:285)
	at com.kms.katalon.core.main.TestCaseExecutor.processExecutionPhase(TestCaseExecutor.java:264)
	at com.kms.katalon.core.main.TestCaseExecutor.accessMainPhase(TestCaseExecutor.java:256)
	at com.kms.katalon.core.main.TestCaseExecutor.execute(TestCaseExecutor.java:200)
	at com.kms.katalon.core.main.TestSuiteExecutor.accessTestCaseMainPhase(TestSuiteExecutor.java:129)
	at com.kms.katalon.core.main.TestSuiteExecutor.accessTestSuiteMainPhase(TestSuiteExecutor.java:112)
	at com.kms.katalon.core.main.TestSuiteExecutor.execute(TestSuiteExecutor.java:81)
	at com.kms.katalon.core.main.TestCaseMain.startTestSuite(TestCaseMain.java:142)
	at com.kms.katalon.core.main.TestCaseMain$startTestSuite$0.call(Unknown Source)
	at org.codehaus.groovy.runtime.callsite.CallSiteArray.defaultCall(CallSiteArray.java:48)
	at org.codehaus.groovy.runtime.callsite.AbstractCallSite.call(AbstractCallSite.java:113)
	at org.codehaus.groovy.runtime.callsite.AbstractCallSite.call(AbstractCallSite.java:141)
	at TempTestSuite1544618906888.run(TempTestSuite1544618906888.groovy:36)
	at groovy.lang.GroovyShell.runScriptOrMainOrTestOrRunnable(GroovyShell.java:263)
	at groovy.lang.GroovyShell.run(GroovyShell.java:518)
	at groovy.lang.GroovyShell.run(GroovyShell.java:507)
	at groovy.ui.GroovyMain.processOnce(GroovyMain.java:653)
	at groovy.ui.GroovyMain.run(GroovyMain.java:384)
	at groovy.ui.GroovyMain.process(GroovyMain.java:370)
	at groovy.ui.GroovyMain.processArgs(GroovyMain.java:129)
	at groovy.ui.GroovyMain.main(GroovyMain.java:109)
	at sun.reflect.NativeMethodAccessorImpl.invoke0(Native Method)
	at sun.reflect.NativeMethodAccessorImpl.invoke(NativeMethodAccessorImpl.java:62)
	at sun.reflect.DelegatingMethodAccessorImpl.invoke(DelegatingMethodAccessorImpl.java:43)
	at java.lang.reflect.Method.invoke(Method.java:498)
	at org.codehaus.groovy.tools.GroovyStarter.rootLoader(GroovyStarter.java:109)
	at org.codehaus.groovy.tools.GroovyStarter.main(GroovyStarter.java:131)
)"/>
         <system-out><![CDATA[2018-12-13 00:42:55 - [TEST_CASE][FAILED] - Test Cases/Final Aug 2018 - PKS Automation/Registration Module/Workflow/New Registration/Case PKR BO to RO - RO Submit: Test Cases/Final Aug 2018 - PKS Automation/Registration Module/Workflow/New Registration/Case PKR BO to RO - RO Submit FAILED because (of) (Stack trace: com.kms.katalon.core.exception.StepFailedException: Unable to set text 'CRN12201800123254' of object 'Object Repository/Final Object Repo/New Registration - Registration Module Pages/New Reg - OTC to RO/Special Case - All Related Objects/TextBox RefNo in Workbasket' (Root cause: org.openqa.selenium.ElementNotVisibleException: element not interactable
  (Session info: chrome=70.0.3538.110)
  (Driver info: chromedriver=2.43.600210 (68dcf5eebde37173d4027fa8635e332711d2874a),platform=Windows NT 6.1.7601 SP1 x86_64) (WARNING: The server did not provide any stacktrace information)
Command duration or timeout: 0 milliseconds
Build info: version: '3.7.1', revision: '8a0099a', time: '2017-11-06T21:07:36.161Z'
System info: host: 'WIN7TEST02', ip: '10.20.3.72', os.name: 'Windows 7', os.arch: 'amd64', os.version: '6.1', java.version: '1.8.0_181'
Driver info: com.kms.katalon.selenium.driver.CChromeDriver
Capabilities {acceptInsecureCerts: false, acceptSslCerts: false, applicationCacheEnabled: false, browserConnectionEnabled: false, browserName: chrome, chrome: {chromedriverVersion: 2.43.600210 (68dcf5eebde371..., userDataDir: C:\Users\Admin\AppData\Loca...}, cssSelectorsEnabled: true, databaseEnabled: false, goog:chromeOptions: {debuggerAddress: localhost:59766}, handlesAlerts: true, hasTouchScreen: false, javascriptEnabled: true, locationContextEnabled: true, mobileEmulationEnabled: false, nativeEvents: true, networkConnectionEnabled: false, pageLoadStrategy: normal, platform: XP, platformName: XP, rotatable: false, setWindowRect: true, takesHeapSnapshot: true, takesScreenshot: true, unexpectedAlertBehaviour: , unhandledPromptBehavior: , version: 70.0.3538.110, webStorageEnabled: true}
Session ID: 72ebcebbdd05778f2e4385996f0a9eb0)
	at com.kms.katalon.core.keyword.internal.KeywordMain.stepFailed(KeywordMain.groovy:32)
	at com.kms.katalon.core.webui.keyword.internal.WebUIKeywordMain.stepFailed(WebUIKeywordMain.groovy:65)
	at com.kms.katalon.core.webui.keyword.internal.WebUIKeywordMain.runKeyword(WebUIKeywordMain.groovy:27)
	at com.kms.katalon.core.webui.keyword.builtin.SetTextKeyword.setText(SetTextKeyword.groovy:65)
	at com.kms.katalon.core.webui.keyword.builtin.SetTextKeyword.execute(SetTextKeyword.groovy:37)
	at com.kms.katalon.core.keyword.internal.KeywordExecutor.executeKeywordForPlatform(KeywordExecutor.groovy:53)
	at com.kms.katalon.core.webui.keyword.WebUiBuiltInKeywords.setText(WebUiBuiltInKeywords.groovy:950)
	at com.kms.katalon.core.webui.keyword.WebUiBuiltInKeywords$setText$1.call(Unknown Source)
	at org.codehaus.groovy.runtime.callsite.CallSiteArray.defaultCall(CallSiteArray.java:48)
	at org.codehaus.groovy.runtime.callsite.AbstractCallSite.call(AbstractCallSite.java:113)
	at org.codehaus.groovy.runtime.callsite.AbstractCallSite.call(AbstractCallSite.java:133)
	at Script1535945708168.run(Script1535945708168.groovy:73)
	at com.kms.katalon.core.main.ScriptEngine.run(ScriptEngine.java:183)
	at com.kms.katalon.core.main.ScriptEngine.runScriptAsRawText(ScriptEngine.java:108)
	at com.kms.katalon.core.main.TestCaseExecutor.runScript(TestCaseExecutor.java:294)
	at com.kms.katalon.core.main.TestCaseExecutor.doExecute(TestCaseExecutor.java:285)
	at com.kms.katalon.core.main.TestCaseExecutor.processExecutionPhase(TestCaseExecutor.java:264)
	at com.kms.katalon.core.main.TestCaseExecutor.accessMainPhase(TestCaseExecutor.java:256)
	at com.kms.katalon.core.main.TestCaseExecutor.execute(TestCaseExecutor.java:200)
	at com.kms.katalon.core.main.TestSuiteExecutor.accessTestCaseMainPhase(TestSuiteExecutor.java:129)
	at com.kms.katalon.core.main.TestSuiteExecutor.accessTestSuiteMainPhase(TestSuiteExecutor.java:112)
	at com.kms.katalon.core.main.TestSuiteExecutor.execute(TestSuiteExecutor.java:81)
	at com.kms.katalon.core.main.TestCaseMain.startTestSuite(TestCaseMain.java:142)
	at com.kms.katalon.core.main.TestCaseMain$startTestSuite$0.call(Unknown Source)
	at org.codehaus.groovy.runtime.callsite.CallSiteArray.defaultCall(CallSiteArray.java:48)
	at org.codehaus.groovy.runtime.callsite.AbstractCallSite.call(AbstractCallSite.java:113)
	at org.codehaus.groovy.runtime.callsite.AbstractCallSite.call(AbstractCallSite.java:141)
	at TempTestSuite1544618906888.run(TempTestSuite1544618906888.groovy:36)
	at groovy.lang.GroovyShell.runScriptOrMainOrTestOrRunnable(GroovyShell.java:263)
	at groovy.lang.GroovyShell.run(GroovyShell.java:518)
	at groovy.lang.GroovyShell.run(GroovyShell.java:507)
	at groovy.ui.GroovyMain.processOnce(GroovyMain.java:653)
	at groovy.ui.GroovyMain.run(GroovyMain.java:384)
	at groovy.ui.GroovyMain.process(GroovyMain.java:370)
	at groovy.ui.GroovyMain.processArgs(GroovyMain.java:129)
	at groovy.ui.GroovyMain.main(GroovyMain.java:109)
	at sun.reflect.NativeMethodAccessorImpl.invoke0(Native Method)
	at sun.reflect.NativeMethodAccessorImpl.invoke(NativeMethodAccessorImpl.java:62)
	at sun.reflect.DelegatingMethodAccessorImpl.invoke(DelegatingMethodAccessorImpl.java:43)
	at java.lang.reflect.Method.invoke(Method.java:498)
	at org.codehaus.groovy.tools.GroovyStarter.rootLoader(GroovyStarter.java:109)
	at org.codehaus.groovy.tools.GroovyStarter.main(GroovyStarter.java:131)
)

2018-12-13 00:42:55 - [TEST_STEP][PASSED] - callTestCase: Call Test Case 'Test Cases/Final Aug 2018 - PKS Automation/Registration Module/Workflow/New Registration/Template/Special Case - PKR BO - Form 1' successfully

2018-12-13 00:42:55 - [TEST_CASE][PASSED] - Test Cases/Final Aug 2018 - PKS Automation/Registration Module/Workflow/New Registration/Template/Special Case - PKR BO - Form 1: Test Cases/Final Aug 2018 - PKS Automation/Registration Module/Workflow/New Registration/Template/Special Case - PKR BO - Form 1

2018-12-13 00:42:55 - [TEST_STEP][PASSED] - openBrowser: Browser is opened with url: ''

2018-12-13 00:42:55 - [MESSAGE][WARNING] - A browser is already opened. Closing browser and opening a new one

2018-12-13 00:42:59 - [MESSAGE][PASSED] - Browser is opened with url: ''

2018-12-13 00:42:59 - [TEST_STEP][PASSED] - navigateToUrl: Navigate to 'https://assist2-uat.perkeso.gov.my/login' successfully

2018-12-13 00:43:00 - [MESSAGE][PASSED] - Navigate to 'https://assist2-uat.perkeso.gov.my/login' successfully

2018-12-13 00:43:00 - [TEST_STEP][PASSED] - delay: Delayed 2 second(s)

2018-12-13 00:43:02 - [MESSAGE][PASSED] - Delayed 2 second(s)

2018-12-13 00:43:02 - [TEST_STEP][PASSED] - setText: Text 'klpkrbo2@gmail.com' is set on object 'Object Repository/Final Object Repo/Login Page/Internal User/Email Address'

2018-12-13 00:43:03 - [MESSAGE][PASSED] - Text 'klpkrbo2@gmail.com' is set on object 'Object Repository/Final Object Repo/Login Page/Internal User/Email Address'

2018-12-13 00:43:03 - [TEST_STEP][PASSED] - click: Object: 'Object Repository/Final Object Repo/Login Page/Internal User/Next Button' is clicked on

2018-12-13 00:43:03 - [MESSAGE][PASSED] - Object: 'Object Repository/Final Object Repo/Login Page/Internal User/Next Button' is clicked on

2018-12-13 00:43:03 - [TEST_STEP][PASSED] - delay: Delayed 2 second(s)

2018-12-13 00:43:05 - [MESSAGE][PASSED] - Delayed 2 second(s)

2018-12-13 00:43:05 - [TEST_STEP][PASSED] - setText: Text 'Test1@3456789' is set on object 'Object Repository/Final Object Repo/Login Page/Internal User/Password'

2018-12-13 00:43:05 - [MESSAGE][PASSED] - Text 'Test1@3456789' is set on object 'Object Repository/Final Object Repo/Login Page/Internal User/Password'

2018-12-13 00:43:05 - [TEST_STEP][PASSED] - delay: Delayed 2 second(s)

2018-12-13 00:43:07 - [MESSAGE][PASSED] - Delayed 2 second(s)

2018-12-13 00:43:07 - [TEST_STEP][PASSED] - click: Object: 'Object Repository/Final Object Repo/Login Page/Internal User/Login Button' is clicked on

2018-12-13 00:43:07 - [MESSAGE][PASSED] - Object: 'Object Repository/Final Object Repo/Login Page/Internal User/Login Button' is clicked on

2018-12-13 00:43:07 - [TEST_STEP][PASSED] - Statement - Try: null

2018-12-13 00:43:07 - [TEST_STEP][PASSED] - Statement - Checker = com.kms.katalon.core.webui.keyword.WebUiBuiltInKeywords.verifyElementNotPresent("Final Object Repo/Landing Page/Select to English", 3): null

2018-12-13 00:43:07 - [TEST_STEP][PASSED] - Statement - Catch (Exception e): null

2018-12-13 00:43:07 - [TEST_STEP][PASSED] - Statement - e.printStackTrace(): null

2018-12-13 00:43:07 - [TEST_STEP][PASSED] - delay: Delayed 5 second(s)

2018-12-13 00:43:12 - [MESSAGE][PASSED] - Delayed 5 second(s)

2018-12-13 00:43:12 - [TEST_STEP][PASSED] - click: Object: 'Object Repository/Final Object Repo/Landing Page/My Sites Drop Down' is clicked on

2018-12-13 00:43:12 - [MESSAGE][PASSED] - Object: 'Object Repository/Final Object Repo/Landing Page/My Sites Drop Down' is clicked on

2018-12-13 00:43:12 - [TEST_STEP][PASSED] - click: Object: 'Object Repository/Final Object Repo/Landing Page/Select to Registration Module' is clicked on

2018-12-13 00:43:13 - [MESSAGE][PASSED] - Object: 'Object Repository/Final Object Repo/Landing Page/Select to Registration Module' is clicked on

2018-12-13 00:43:13 - [TEST_STEP][PASSED] - click: Object: 'Object Repository/Final Object Repo/Landing Page/Registration Button' is clicked on

2018-12-13 00:43:15 - [MESSAGE][PASSED] - Object: 'Object Repository/Final Object Repo/Landing Page/Registration Button' is clicked on

2018-12-13 00:43:15 - [TEST_STEP][PASSED] - delay: Delayed 2 second(s)

2018-12-13 00:43:17 - [MESSAGE][PASSED] - Delayed 2 second(s)

2018-12-13 00:43:17 - [TEST_STEP][PASSED] - click: Object: 'Object Repository/Final Object Repo/New Registration - Registration Module Pages/New Reg - OTC to RO/Special Case - OTC - Form 1/AEC NO' is clicked on

2018-12-13 00:43:17 - [MESSAGE][PASSED] - Object: 'Object Repository/Final Object Repo/New Registration - Registration Module Pages/New Reg - OTC to RO/Special Case - OTC - Form 1/AEC NO' is clicked on

2018-12-13 00:43:17 - [TEST_STEP][PASSED] - click: Object: 'Object Repository/Final Object Repo/New Registration - Registration Module Pages/New Reg - OTC to RO/Special Case - OTC - Form 1/Business Entity - Please Select' is clicked on

2018-12-13 00:43:17 - [MESSAGE][PASSED] - Object: 'Object Repository/Final Object Repo/New Registration - Registration Module Pages/New Reg - OTC to RO/Special Case - OTC - Form 1/Business Entity - Please Select' is clicked on

2018-12-13 00:43:17 - [TEST_STEP][PASSED] - click: Object: 'Object Repository/Final Object Repo/New Registration - Registration Module Pages/New Reg - OTC to RO/Special Case - OTC - Form 1/Selected - Corporation' is clicked on

2018-12-13 00:43:17 - [MESSAGE][PASSED] - Object: 'Object Repository/Final Object Repo/New Registration - Registration Module Pages/New Reg - OTC to RO/Special Case - OTC - Form 1/Selected - Corporation' is clicked on

2018-12-13 00:43:17 - [TEST_STEP][PASSED] - delay: Delayed 2 second(s)

2018-12-13 00:43:19 - [MESSAGE][PASSED] - Delayed 2 second(s)

2018-12-13 00:43:19 - [TEST_STEP][PASSED] - click: Object: 'Object Repository/Final Object Repo/New Registration - Registration Module Pages/New Reg - OTC to RO/Special Case - OTC - Form 1/Sub Business Entity - Please Select' is clicked on

2018-12-13 00:43:20 - [MESSAGE][PASSED] - Object: 'Object Repository/Final Object Repo/New Registration - Registration Module Pages/New Reg - OTC to RO/Special Case - OTC - Form 1/Sub Business Entity - Please Select' is clicked on

2018-12-13 00:43:20 - [TEST_STEP][PASSED] - delay: Delayed 2 second(s)

2018-12-13 00:43:22 - [MESSAGE][PASSED] - Delayed 2 second(s)

2018-12-13 00:43:22 - [TEST_STEP][PASSED] - click: Object: 'Object Repository/Final Object Repo/New Registration - Registration Module Pages/New Reg - OTC to RO/Special Case - OTC - Form 1/Selected - Sendirian Berhad' is clicked on

2018-12-13 00:43:22 - [MESSAGE][PASSED] - Object: 'Object Repository/Final Object Repo/New Registration - Registration Module Pages/New Reg - OTC to RO/Special Case - OTC - Form 1/Selected - Sendirian Berhad' is clicked on

2018-12-13 00:43:22 - [TEST_STEP][PASSED] - setText: Text 'AUTOMATE001' is set on object 'Object Repository/Final Object Repo/New Registration - Registration Module Pages/New Reg - OTC to RO/Special Case - OTC - Form 1/Input BRN Number'

2018-12-13 00:43:22 - [MESSAGE][PASSED] - Text 'AUTOMATE001' is set on object 'Object Repository/Final Object Repo/New Registration - Registration Module Pages/New Reg - OTC to RO/Special Case - OTC - Form 1/Input BRN Number'

2018-12-13 00:43:22 - [TEST_STEP][PASSED] - delay: Delayed 2 second(s)

2018-12-13 00:43:24 - [MESSAGE][PASSED] - Delayed 2 second(s)

2018-12-13 00:43:24 - [TEST_STEP][PASSED] - click: Object: 'Object Repository/Final Object Repo/New Registration - Registration Module Pages/New Reg - OTC to RO/Special Case - OTC - Form 1/BRN Search' is clicked on

2018-12-13 00:43:24 - [MESSAGE][PASSED] - Object: 'Object Repository/Final Object Repo/New Registration - Registration Module Pages/New Reg - OTC to RO/Special Case - OTC - Form 1/BRN Search' is clicked on

2018-12-13 00:43:24 - [TEST_STEP][PASSED] - delay: Delayed 4 second(s)

2018-12-13 00:43:28 - [MESSAGE][PASSED] - Delayed 4 second(s)

2018-12-13 00:43:28 - [TEST_STEP][PASSED] - click: Object: 'Object Repository/Final Object Repo/New Registration - Registration Module Pages/New Reg - OTC to RO/Special Case - OTC - Form 1/Registered with SSM - After Feb 2017' is clicked on

2018-12-13 00:43:29 - [MESSAGE][PASSED] - Object: 'Object Repository/Final Object Repo/New Registration - Registration Module Pages/New Reg - OTC to RO/Special Case - OTC - Form 1/Registered with SSM - After Feb 2017' is clicked on

2018-12-13 00:43:29 - [TEST_STEP][PASSED] - delay: Delayed 2 second(s)

2018-12-13 00:43:31 - [MESSAGE][PASSED] - Delayed 2 second(s)

2018-12-13 00:43:31 - [TEST_STEP][PASSED] - click: Object: 'Object Repository/Final Object Repo/New Registration - Registration Module Pages/New Reg - OTC to RO/Special Case - OTC - Form 1/Registering As A Branch - No' is clicked on

2018-12-13 00:43:31 - [MESSAGE][PASSED] - Object: 'Object Repository/Final Object Repo/New Registration - Registration Module Pages/New Reg - OTC to RO/Special Case - OTC - Form 1/Registering As A Branch - No' is clicked on

2018-12-13 00:43:31 - [TEST_STEP][PASSED] - click: Object: 'Object Repository/Final Object Repo/New Registration - Registration Module Pages/New Reg - OTC to RO/Special Case - OTC - Form 1/Acknowledgement Ticked' is clicked on

2018-12-13 00:43:31 - [MESSAGE][PASSED] - Object: 'Object Repository/Final Object Repo/New Registration - Registration Module Pages/New Reg - OTC to RO/Special Case - OTC - Form 1/Acknowledgement Ticked' is clicked on

2018-12-13 00:43:31 - [TEST_STEP][PASSED] - click: Object: 'Object Repository/Final Object Repo/New Registration - Registration Module Pages/New Reg - OTC to RO/Special Case - OTC - Form 1/Submit Button' is clicked on

2018-12-13 00:43:31 - [MESSAGE][PASSED] - Object: 'Object Repository/Final Object Repo/New Registration - Registration Module Pages/New Reg - OTC to RO/Special Case - OTC - Form 1/Submit Button' is clicked on

2018-12-13 00:43:31 - [TEST_STEP][PASSED] - delay: Delayed 2 second(s)

2018-12-13 00:43:33 - [MESSAGE][PASSED] - Delayed 2 second(s)

2018-12-13 00:43:33 - [TEST_STEP][PASSED] - click: Object: 'Object Repository/Final Object Repo/New Registration - Registration Module Pages/New Reg - OTC to RO/Special Case - OTC - Form 1/Confirm No Flagging as Branch' is clicked on

2018-12-13 00:43:33 - [MESSAGE][PASSED] - Object: 'Object Repository/Final Object Repo/New Registration - Registration Module Pages/New Reg - OTC to RO/Special Case - OTC - Form 1/Confirm No Flagging as Branch' is clicked on

2018-12-13 00:43:33 - [MESSAGE][PASSED] - Call Test Case 'Test Cases/Final Aug 2018 - PKS Automation/Registration Module/Workflow/New Registration/Template/Special Case - PKR BO - Form 1' successfully

2018-12-13 00:43:33 - [TEST_STEP][PASSED] - callTestCase: Call Test Case 'Test Cases/Final Aug 2018 - PKS Automation/Registration Module/New Registration/Form 2/Add 1 Eligible' successfully

2018-12-13 00:43:33 - [TEST_CASE][PASSED] - Test Cases/Final Aug 2018 - PKS Automation/Registration Module/New Registration/Form 2/Add 1 Eligible: Test Cases/Final Aug 2018 - PKS Automation/Registration Module/New Registration/Form 2/Add 1 Eligible

2018-12-13 00:43:33 - [TEST_STEP][PASSED] - delay: Delayed 2 second(s)

2018-12-13 00:43:35 - [MESSAGE][PASSED] - Delayed 2 second(s)

2018-12-13 00:43:35 - [TEST_STEP][PASSED] - callTestCase: Call Test Case 'Test Cases/Final Aug 2018 - PKS Automation/Registration Module/New Registration/Form 2/Date Updater' successfully

2018-12-13 00:43:35 - [TEST_CASE][PASSED] - Test Cases/Final Aug 2018 - PKS Automation/Registration Module/New Registration/Form 2/Date Updater: Test Cases/Final Aug 2018 - PKS Automation/Registration Module/New Registration/Form 2/Date Updater

2018-12-13 00:43:35 - [TEST_STEP][PASSED] - Statement - TodayDate = new java.util.Date(): null

2018-12-13 00:43:35 - [TEST_STEP][PASSED] - Statement - CurrentDateNoFilter = new java.text.SimpleDateFormat(): null

2018-12-13 00:43:35 - [TEST_STEP][PASSED] - Statement - CurrentDateNoFilter.applyPattern("MM"): null

2018-12-13 00:43:35 - [TEST_STEP][PASSED] - Statement - monthContainerMatcher = java.lang.Integer.parseInt(CurrentDateNoFilter.format(TodayDate)): null

2018-12-13 00:43:35 - [TEST_STEP][PASSED] - Statement - monthContainerMatcher = monthContainerMatcher - 1: null

2018-12-13 00:43:35 - [TEST_STEP][PASSED] - Statement - CurrentMonth = monthContainerMatcher.toString(): null

2018-12-13 00:43:35 - [TEST_STEP][PASSED] - Statement - CurrentMonth = CurrentMonth: null

2018-12-13 00:43:35 - [TEST_STEP][PASSED] - Statement - CurrentDateNoFilter.applyPattern("yyyy"): null

2018-12-13 00:43:35 - [TEST_STEP][PASSED] - Statement - CurrentYear = CurrentDateNoFilter.format(TodayDate): null

2018-12-13 00:43:35 - [TEST_STEP][PASSED] - Statement - CurrentYear = CurrentYear: null

2018-12-13 00:43:35 - [TEST_STEP][PASSED] - Statement - intCurrentYear = java.lang.Integer.parseInt(CurrentDateNoFilter.format(TodayDate)): null

2018-12-13 00:43:35 - [TEST_STEP][PASSED] - Statement - eighteenYrsAgo = intCurrentYear - 18: null

2018-12-13 00:43:35 - [TEST_STEP][PASSED] - Statement - eighteenYrsBeforeThisYr = eighteenYrsAgo.toString(): null

2018-12-13 00:43:35 - [TEST_STEP][PASSED] - Statement - EighteenYrsBefore = eighteenYrsBeforeThisYr: null

2018-12-13 00:43:35 - [TEST_STEP][PASSED] - Statement - fiftysevenYrsAgo = intCurrentYear - 57: null

2018-12-13 00:43:35 - [TEST_STEP][PASSED] - Statement - fiftysevenYrsBeforeThisYr = fiftysevenYrsAgo.toString(): null

2018-12-13 00:43:35 - [TEST_STEP][PASSED] - Statement - FiftysevenYrsBefore = fiftysevenYrsBeforeThisYr: null

2018-12-13 00:43:35 - [TEST_STEP][PASSED] - Statement - leapYear = false: null

2018-12-13 00:43:35 - [TEST_STEP][PASSED] - Statement - leapYear = intCurrentYear % 4 == 0: null

2018-12-13 00:43:35 - [TEST_STEP][PASSED] - Statement - CurrentDateNoFilter.applyPattern("dd"): null

2018-12-13 00:43:35 - [TEST_STEP][PASSED] - Statement - CurrentDate = CurrentDateNoFilter.format(TodayDate): null

2018-12-13 00:43:35 - [TEST_STEP][PASSED] - Statement - CurrentDate = java.lang.Integer.parseInt(CurrentDate): null

2018-12-13 00:43:35 - [TEST_STEP][PASSED] - Statement - CurrentDate = CurrentDate: null

2018-12-13 00:43:35 - [TEST_STEP][PASSED] - Statement - CurrentDay = java.lang.Integer.parseInt(CurrentDate): null

2018-12-13 00:43:35 - [TEST_STEP][PASSED] - Statement - ConfAdder = <not implemented yet for class: org.codehaus.groovy.ast.expr.EmptyExpression>: null

2018-12-13 00:43:35 - [TEST_STEP][PASSED] - Statement - out.println(CurrentMonth): null

2018-12-13 00:43:35 - [TEST_STEP][PASSED] - Statement - out.println(CurrentDate): null

2018-12-13 00:43:35 - [TEST_STEP][PASSED] - Statement - switch (CurrentDate): null

2018-12-13 00:43:35 - [TEST_STEP][PASSED] - Statement - Default: null

2018-12-13 00:43:35 - [TEST_STEP][PASSED] - Statement - ConfAdder = true: null

2018-12-13 00:43:35 - [TEST_STEP][PASSED] - Statement - Break: null

2018-12-13 00:43:35 - [TEST_STEP][PASSED] - Statement - aDayBefore = <not implemented yet for class: org.codehaus.groovy.ast.expr.EmptyExpression>: null

2018-12-13 00:43:35 - [TEST_STEP][PASSED] - Statement - out.println(ConfAdder): null

2018-12-13 00:43:35 - [TEST_STEP][PASSED] - Statement - If (ConfAdder == true): null

2018-12-13 00:43:35 - [TEST_STEP][PASSED] - Statement - aDayBefore = CurrentDay + 1: null

2018-12-13 00:43:35 - [TEST_STEP][PASSED] - Statement - out.println(aDayBefore): null

2018-12-13 00:43:35 - [TEST_STEP][PASSED] - Statement - If (aDayBefore == 1 && CurrentMonth == 11): null

2018-12-13 00:43:35 - [TEST_STEP][PASSED] - Statement - DayBefore = aDayBefore.toString(): null

2018-12-13 00:43:35 - [TEST_STEP][PASSED] - Statement - OneDayBefore = DayBefore: null

2018-12-13 00:43:35 - [MESSAGE][PASSED] - Call Test Case 'Test Cases/Final Aug 2018 - PKS Automation/Registration Module/New Registration/Form 2/Date Updater' successfully

2018-12-13 00:43:35 - [TEST_STEP][PASSED] - delay: Delayed 1 second(s)

2018-12-13 00:43:36 - [MESSAGE][PASSED] - Delayed 1 second(s)

2018-12-13 00:43:36 - [TEST_STEP][PASSED] - Statement - CaseReferenceNo = com.kms.katalon.core.webui.keyword.WebUiBuiltInKeywords.getText(com.kms.katalon.core.testobject.ObjectRepository.findTestObject(Final Object Repo/New Registration - Registration Module Pages/Form 2/RefNo Acquiring)): Text of object 'Object Repository/Final Object Repo/New Registration - Registration Module Pages/Form 2/RefNo Acquiring' is: 'CRN12201800123254'

2018-12-13 00:43:37 - [MESSAGE][PASSED] - Text of object 'Object Repository/Final Object Repo/New Registration - Registration Module Pages/Form 2/RefNo Acquiring' is: 'CRN12201800123254'

2018-12-13 00:43:37 - [TEST_STEP][PASSED] - delay: Delayed 1 second(s)

2018-12-13 00:43:38 - [MESSAGE][PASSED] - Delayed 1 second(s)

2018-12-13 00:43:38 - [TEST_STEP][PASSED] - click: Object: 'Object Repository/Final Object Repo/New Registration - Registration Module Pages/Form 2/Add Employee Button' is clicked on

2018-12-13 00:43:38 - [MESSAGE][PASSED] - Object: 'Object Repository/Final Object Repo/New Registration - Registration Module Pages/Form 2/Add Employee Button' is clicked on

2018-12-13 00:43:38 - [TEST_STEP][PASSED] - delay: Delayed 1 second(s)

2018-12-13 00:43:39 - [MESSAGE][PASSED] - Delayed 1 second(s)

2018-12-13 00:43:39 - [TEST_STEP][PASSED] - setText: Text '010903091963' is set on object 'Object Repository/Final Object Repo/New Registration - Registration Module Pages/Form 2/NRIC Input'

2018-12-13 00:43:39 - [MESSAGE][PASSED] - Text '010903091963' is set on object 'Object Repository/Final Object Repo/New Registration - Registration Module Pages/Form 2/NRIC Input'

2018-12-13 00:43:39 - [TEST_STEP][PASSED] - click: Object: 'Object Repository/Final Object Repo/New Registration - Registration Module Pages/Form 2/button for search for IC' is clicked on

2018-12-13 00:43:39 - [MESSAGE][PASSED] - Object: 'Object Repository/Final Object Repo/New Registration - Registration Module Pages/Form 2/button for search for IC' is clicked on

2018-12-13 00:43:39 - [TEST_STEP][PASSED] - delay: Delayed 2 second(s)

2018-12-13 00:43:41 - [MESSAGE][PASSED] - Delayed 2 second(s)

2018-12-13 00:43:41 - [TEST_STEP][PASSED] - setText: Text 'Automate001 eligible 1' is set on object 'Object Repository/Final Object Repo/New Registration - Registration Module Pages/Form 2/Employee Name Input'

2018-12-13 00:43:42 - [MESSAGE][PASSED] - Text 'Automate001 eligible 1' is set on object 'Object Repository/Final Object Repo/New Registration - Registration Module Pages/Form 2/Employee Name Input'

2018-12-13 00:43:42 - [TEST_STEP][PASSED] - delay: Delayed 2 second(s)

2018-12-13 00:43:44 - [MESSAGE][PASSED] - Delayed 2 second(s)

2018-12-13 00:43:44 - [TEST_STEP][PASSED] - click: Object: 'Object Repository/Final Object Repo/New Registration - Registration Module Pages/Form 2/DatePicker Pop Up' is clicked on

2018-12-13 00:43:44 - [MESSAGE][PASSED] - Object: 'Object Repository/Final Object Repo/New Registration - Registration Module Pages/Form 2/DatePicker Pop Up' is clicked on

2018-12-13 00:43:44 - [TEST_STEP][PASSED] - click: Object: 'Object Repository/Final Object Repo/New Registration - Registration Module Pages/Form 2/DOB Month' is clicked on

2018-12-13 00:43:44 - [MESSAGE][PASSED] - Object: 'Object Repository/Final Object Repo/New Registration - Registration Module Pages/Form 2/DOB Month' is clicked on

2018-12-13 00:43:44 - [TEST_STEP][PASSED] - Statement - CurrentMonth = CurrentMonth: null

2018-12-13 00:43:44 - [TEST_STEP][PASSED] - Statement - selectMonth = new com.kms.katalon.core.testobject.TestObject(): null

2018-12-13 00:43:44 - [TEST_STEP][PASSED] - Statement - selectMonth.addProperty("xpath", EQUALS, "//body/div/div/div/select/option[@value='" + CurrentMonth + "']", true): null

2018-12-13 00:43:44 - [TEST_STEP][PASSED] - click: Object: '' is clicked on

2018-12-13 00:43:44 - [MESSAGE][PASSED] - Object: '' is clicked on

2018-12-13 00:43:44 - [TEST_STEP][PASSED] - click: Object: 'Object Repository/Final Object Repo/New Registration - Registration Module Pages/Form 2/DOB Year' is clicked on

2018-12-13 00:43:44 - [MESSAGE][PASSED] - Object: 'Object Repository/Final Object Repo/New Registration - Registration Module Pages/Form 2/DOB Year' is clicked on

2018-12-13 00:43:44 - [TEST_STEP][PASSED] - Statement - Eyearsbf = EighteenYrsBefore: null

2018-12-13 00:43:44 - [TEST_STEP][PASSED] - Statement - selectYear = new com.kms.katalon.core.testobject.TestObject(): null

2018-12-13 00:43:44 - [TEST_STEP][PASSED] - Statement - selectYear.addProperty("xpath", EQUALS, "//div/div/div/select/option[@value='" + Eyearsbf + "']", true): null

2018-12-13 00:43:44 - [TEST_STEP][PASSED] - click: Object: '' is clicked on

2018-12-13 00:43:45 - [MESSAGE][PASSED] - Object: '' is clicked on

2018-12-13 00:43:45 - [TEST_STEP][PASSED] - Statement - UpdatedSelectDate = com.kms.katalon.core.webui.keyword.WebUiBuiltInKeywords.modifyObjectProperty(com.kms.katalon.core.testobject.ObjectRepository.findTestObject(Final Object Repo/New Registration - Registration Module Pages/Form 2/DOB Date), "xpath", "equals", "//body/div/table/tbody/tr/td/a[text()="" + CurrentDate + ""]", true): Modify property of object successfully

2018-12-13 00:43:45 - [MESSAGE][PASSED] - Modify property of object successfully

2018-12-13 00:43:45 - [TEST_STEP][PASSED] - delay: Delayed 3 second(s)

2018-12-13 00:43:48 - [MESSAGE][PASSED] - Delayed 3 second(s)

2018-12-13 00:43:48 - [TEST_STEP][PASSED] - click: Object: 'Object Repository/Final Object Repo/New Registration - Registration Module Pages/Form 2/DOB Date' is clicked on

2018-12-13 00:43:48 - [MESSAGE][PASSED] - Object: 'Object Repository/Final Object Repo/New Registration - Registration Module Pages/Form 2/DOB Date' is clicked on

2018-12-13 00:43:48 - [TEST_STEP][PASSED] - delay: Delayed 2 second(s)

2018-12-13 00:43:50 - [MESSAGE][PASSED] - Delayed 2 second(s)

2018-12-13 00:43:50 - [TEST_STEP][PASSED] - click: Object: 'Object Repository/Final Object Repo/New Registration - Registration Module Pages/Form 2/EmploymentStartDate Pop Up' is clicked on

2018-12-13 00:43:50 - [MESSAGE][PASSED] - Object: 'Object Repository/Final Object Repo/New Registration - Registration Module Pages/Form 2/EmploymentStartDate Pop Up' is clicked on

2018-12-13 00:43:50 - [TEST_STEP][PASSED] - delay: Delayed 2 second(s)

2018-12-13 00:43:52 - [MESSAGE][PASSED] - Delayed 2 second(s)

2018-12-13 00:43:52 - [TEST_STEP][PASSED] - click: Object: 'Object Repository/Final Object Repo/New Registration - Registration Module Pages/Form 2/Socso Employment StartDate Month' is clicked on

2018-12-13 00:43:52 - [MESSAGE][PASSED] - Object: 'Object Repository/Final Object Repo/New Registration - Registration Module Pages/Form 2/Socso Employment StartDate Month' is clicked on

2018-12-13 00:43:52 - [TEST_STEP][PASSED] - delay: Delayed 1 second(s)

2018-12-13 00:43:53 - [MESSAGE][PASSED] - Delayed 1 second(s)

2018-12-13 00:43:53 - [TEST_STEP][PASSED] - click: Object: 'Object Repository/Final Object Repo/New Registration - Registration Module Pages/Form 2/Select Socso Employement Startdate Month' is clicked on

2018-12-13 00:43:53 - [MESSAGE][PASSED] - Object: 'Object Repository/Final Object Repo/New Registration - Registration Module Pages/Form 2/Select Socso Employement Startdate Month' is clicked on

2018-12-13 00:43:53 - [TEST_STEP][PASSED] - delay: Delayed 2 second(s)

2018-12-13 00:43:55 - [MESSAGE][PASSED] - Delayed 2 second(s)

2018-12-13 00:43:55 - [TEST_STEP][PASSED] - click: Object: 'Object Repository/Final Object Repo/New Registration - Registration Module Pages/Form 2/Socso Employment StartDate Year' is clicked on

2018-12-13 00:43:55 - [MESSAGE][PASSED] - Object: 'Object Repository/Final Object Repo/New Registration - Registration Module Pages/Form 2/Socso Employment StartDate Year' is clicked on

2018-12-13 00:43:55 - [TEST_STEP][PASSED] - delay: Delayed 1 second(s)

2018-12-13 00:43:56 - [MESSAGE][PASSED] - Delayed 1 second(s)

2018-12-13 00:43:56 - [TEST_STEP][PASSED] - click: Object: 'Object Repository/Final Object Repo/New Registration - Registration Module Pages/Form 2/Select Socso Employment Startdate Year' is clicked on

2018-12-13 00:43:57 - [MESSAGE][PASSED] - Object: 'Object Repository/Final Object Repo/New Registration - Registration Module Pages/Form 2/Select Socso Employment Startdate Year' is clicked on

2018-12-13 00:43:57 - [TEST_STEP][PASSED] - delay: Delayed 2 second(s)

2018-12-13 00:43:59 - [MESSAGE][PASSED] - Delayed 2 second(s)

2018-12-13 00:43:59 - [TEST_STEP][PASSED] - click: Object: 'Object Repository/Final Object Repo/New Registration - Registration Module Pages/Form 2/Socso Employment Start Date Day' is clicked on

2018-12-13 00:43:59 - [MESSAGE][PASSED] - Object: 'Object Repository/Final Object Repo/New Registration - Registration Module Pages/Form 2/Socso Employment Start Date Day' is clicked on

2018-12-13 00:43:59 - [TEST_STEP][PASSED] - delay: Delayed 2 second(s)

2018-12-13 00:44:01 - [MESSAGE][PASSED] - Delayed 2 second(s)

2018-12-13 00:44:01 - [TEST_STEP][PASSED] - click: Object: 'Object Repository/Final Object Repo/New Registration - Registration Module Pages/Form 2/Save Button for Add Employee' is clicked on

2018-12-13 00:44:01 - [MESSAGE][PASSED] - Object: 'Object Repository/Final Object Repo/New Registration - Registration Module Pages/Form 2/Save Button for Add Employee' is clicked on

2018-12-13 00:44:01 - [TEST_STEP][PASSED] - delay: Delayed 6 second(s)

2018-12-13 00:44:07 - [MESSAGE][PASSED] - Delayed 6 second(s)

2018-12-13 00:44:07 - [TEST_STEP][PASSED] - click: Object: 'Object Repository/Final Object Repo/New Registration - Registration Module Pages/Form 2/Save and Continue Form 2' is clicked on

2018-12-13 00:44:07 - [MESSAGE][PASSED] - Object: 'Object Repository/Final Object Repo/New Registration - Registration Module Pages/Form 2/Save and Continue Form 2' is clicked on

2018-12-13 00:44:07 - [MESSAGE][PASSED] - Call Test Case 'Test Cases/Final Aug 2018 - PKS Automation/Registration Module/New Registration/Form 2/Add 1 Eligible' successfully

2018-12-13 00:44:07 - [TEST_STEP][PASSED] - callTestCase: Call Test Case 'Test Cases/Final Aug 2018 - PKS Automation/Registration Module/New Registration/Flow of New Registration/Third Screen - Upload Supporting Doc - Preview' successfully

2018-12-13 00:44:07 - [TEST_CASE][PASSED] - Test Cases/Final Aug 2018 - PKS Automation/Registration Module/New Registration/Flow of New Registration/Third Screen - Upload Supporting Doc - Preview: Test Cases/Final Aug 2018 - PKS Automation/Registration Module/New Registration/Flow of New Registration/Third Screen - Upload Supporting Doc - Preview

2018-12-13 00:44:07 - [TEST_STEP][PASSED] - waitForPageLoad: Wait for page load successfully

2018-12-13 00:44:08 - [MESSAGE][PASSED] - Wait for page load successfully

2018-12-13 00:44:08 - [TEST_STEP][PASSED] - Statement - CaseReferenceNo = com.kms.katalon.core.webui.keyword.WebUiBuiltInKeywords.getText(com.kms.katalon.core.testobject.ObjectRepository.findTestObject(Final Object Repo/New Registration - Registration Module Pages/Third Screen - Upload Supporting Doc- Preview/RefNo Acquiring)): Text of object 'Object Repository/Final Object Repo/New Registration - Registration Module Pages/Third Screen - Upload Supporting Doc- Preview/RefNo Acquiring' is: 'CRN12201800123254'

2018-12-13 00:44:08 - [MESSAGE][PASSED] - Text of object 'Object Repository/Final Object Repo/New Registration - Registration Module Pages/Third Screen - Upload Supporting Doc- Preview/RefNo Acquiring' is: 'CRN12201800123254'

2018-12-13 00:44:08 - [TEST_STEP][PASSED] - delay: Delayed 2 second(s)

2018-12-13 00:44:10 - [MESSAGE][PASSED] - Delayed 2 second(s)

2018-12-13 00:44:10 - [TEST_STEP][PASSED] - callTestCase: Call Test Case 'Test Cases/Final Aug 2018 - PKS Automation/Common/Reference Number Setter' successfully

2018-12-13 00:44:10 - [TEST_CASE][PASSED] - Test Cases/Final Aug 2018 - PKS Automation/Common/Reference Number Setter: Test Cases/Final Aug 2018 - PKS Automation/Common/Reference Number Setter

2018-12-13 00:44:10 - [TEST_STEP][PASSED] - Statement - RefNoOldFile = new java.io.File(C://Users//Admin//Desktop//PKS//Automation Reference Point//KatalonReference.txt): null

2018-12-13 00:44:10 - [TEST_STEP][PASSED] - Statement - RefNoOldFile.delete(): null

2018-12-13 00:44:10 - [TEST_STEP][PASSED] - delay: Delayed 5 second(s)

2018-12-13 00:44:15 - [MESSAGE][PASSED] - Delayed 5 second(s)

2018-12-13 00:44:15 - [TEST_STEP][PASSED] - Statement - RefNo = new java.io.File(C://Users//Admin//Desktop//PKS//Automation Reference Point//KatalonReference.txt): null

2018-12-13 00:44:15 - [TEST_STEP][PASSED] - Statement - f2 = new java.io.FileWriter(RefNo, false): null

2018-12-13 00:44:15 - [TEST_STEP][PASSED] - Statement - f2.write(CaseReferenceNo): null

2018-12-13 00:44:15 - [TEST_STEP][PASSED] - Statement - f2.close(): null

2018-12-13 00:44:15 - [TEST_STEP][PASSED] - Statement - out.println("


" + CaseReferenceNo + "


"): null

2018-12-13 00:44:15 - [MESSAGE][PASSED] - Call Test Case 'Test Cases/Final Aug 2018 - PKS Automation/Common/Reference Number Setter' successfully

2018-12-13 00:44:15 - [TEST_STEP][PASSED] - waitForElementClickable: Object 'Object Repository/Final Object Repo/New Registration - Registration Module Pages/Third Screen - Upload Supporting Doc- Preview/Save n Continue in SIP Employee Listing Page' is clickable

2018-12-13 00:44:15 - [MESSAGE][PASSED] - Object 'Object Repository/Final Object Repo/New Registration - Registration Module Pages/Third Screen - Upload Supporting Doc- Preview/Save n Continue in SIP Employee Listing Page' is clickable

2018-12-13 00:44:15 - [TEST_STEP][PASSED] - click: Object: 'Object Repository/Final Object Repo/New Registration - Registration Module Pages/Third Screen - Upload Supporting Doc- Preview/Save n Continue in SIP Employee Listing Page' is clicked on

2018-12-13 00:44:20 - [MESSAGE][PASSED] - Object: 'Object Repository/Final Object Repo/New Registration - Registration Module Pages/Third Screen - Upload Supporting Doc- Preview/Save n Continue in SIP Employee Listing Page' is clicked on

2018-12-13 00:44:20 - [TEST_STEP][PASSED] - delay: Delayed 7 second(s)

2018-12-13 00:44:27 - [MESSAGE][PASSED] - Delayed 7 second(s)

2018-12-13 00:44:27 - [TEST_STEP][PASSED] - click: Object: 'Object Repository/Final Object Repo/New Registration - Registration Module Pages/Third Screen - Upload Supporting Doc- Preview/Add Document Button' is clicked on

2018-12-13 00:44:28 - [MESSAGE][PASSED] - Object: 'Object Repository/Final Object Repo/New Registration - Registration Module Pages/Third Screen - Upload Supporting Doc- Preview/Add Document Button' is clicked on

2018-12-13 00:44:28 - [TEST_STEP][PASSED] - delay: Delayed 30 second(s)

2018-12-13 00:44:58 - [MESSAGE][PASSED] - Delayed 30 second(s)

2018-12-13 00:44:58 - [TEST_STEP][PASSED] - click: Object: 'Object Repository/Final Object Repo/New Registration - Registration Module Pages/Third Screen - Upload Supporting Doc- Preview/Supporting Doc Please Select Drop Down' is clicked on

2018-12-13 00:44:58 - [MESSAGE][PASSED] - Object: 'Object Repository/Final Object Repo/New Registration - Registration Module Pages/Third Screen - Upload Supporting Doc- Preview/Supporting Doc Please Select Drop Down' is clicked on

2018-12-13 00:44:58 - [TEST_STEP][PASSED] - delay: Delayed 2 second(s)

2018-12-13 00:45:00 - [MESSAGE][PASSED] - Delayed 2 second(s)

2018-12-13 00:45:00 - [TEST_STEP][PASSED] - click: Object: 'Object Repository/Final Object Repo/New Registration - Registration Module Pages/Third Screen - Upload Supporting Doc- Preview/Select to Upload Form 1' is clicked on

2018-12-13 00:45:00 - [MESSAGE][PASSED] - Object: 'Object Repository/Final Object Repo/New Registration - Registration Module Pages/Third Screen - Upload Supporting Doc- Preview/Select to Upload Form 1' is clicked on

2018-12-13 00:45:00 - [TEST_STEP][PASSED] - delay: Delayed 2 second(s)

2018-12-13 00:45:02 - [MESSAGE][PASSED] - Delayed 2 second(s)

2018-12-13 00:45:02 - [TEST_STEP][PASSED] - uploadFile: File 'C:\Users\Public\Pictures\Sample Pictures\Koala.jpg' sent to object: 'Object Repository/Final Object Repo/New Registration - Registration Module Pages/Third Screen - Upload Supporting Doc- Preview/Upload File Adding'

2018-12-13 00:45:02 - [MESSAGE][PASSED] - File 'C:\Users\Public\Pictures\Sample Pictures\Koala.jpg' sent to object: 'Object Repository/Final Object Repo/New Registration - Registration Module Pages/Third Screen - Upload Supporting Doc- Preview/Upload File Adding'

2018-12-13 00:45:02 - [TEST_STEP][PASSED] - delay: Delayed 5 second(s)

2018-12-13 00:45:07 - [MESSAGE][PASSED] - Delayed 5 second(s)

2018-12-13 00:45:07 - [TEST_STEP][PASSED] - click: Object: 'Object Repository/Final Object Repo/New Registration - Registration Module Pages/Third Screen - Upload Supporting Doc- Preview/Inner Form Add Document Button' is clicked on

2018-12-13 00:45:07 - [MESSAGE][PASSED] - Object: 'Object Repository/Final Object Repo/New Registration - Registration Module Pages/Third Screen - Upload Supporting Doc- Preview/Inner Form Add Document Button' is clicked on

2018-12-13 00:45:07 - [TEST_STEP][PASSED] - delay: Delayed 3 second(s)

2018-12-13 00:45:10 - [MESSAGE][PASSED] - Delayed 3 second(s)

2018-12-13 00:45:10 - [TEST_STEP][PASSED] - click: Object: 'Object Repository/Final Object Repo/New Registration - Registration Module Pages/Third Screen - Upload Supporting Doc- Preview/Add Document Button' is clicked on

2018-12-13 00:45:12 - [MESSAGE][PASSED] - Object: 'Object Repository/Final Object Repo/New Registration - Registration Module Pages/Third Screen - Upload Supporting Doc- Preview/Add Document Button' is clicked on

2018-12-13 00:45:12 - [TEST_STEP][PASSED] - delay: Delayed 30 second(s)

2018-12-13 00:45:42 - [MESSAGE][PASSED] - Delayed 30 second(s)

2018-12-13 00:45:42 - [TEST_STEP][PASSED] - click: Object: 'Object Repository/Final Object Repo/New Registration - Registration Module Pages/Third Screen - Upload Supporting Doc- Preview/Supporting Doc Please Select Drop Down' is clicked on

2018-12-13 00:45:42 - [MESSAGE][PASSED] - Object: 'Object Repository/Final Object Repo/New Registration - Registration Module Pages/Third Screen - Upload Supporting Doc- Preview/Supporting Doc Please Select Drop Down' is clicked on

2018-12-13 00:45:42 - [TEST_STEP][PASSED] - delay: Delayed 4 second(s)

2018-12-13 00:45:46 - [MESSAGE][PASSED] - Delayed 4 second(s)

2018-12-13 00:45:46 - [TEST_STEP][PASSED] - click: Object: 'Object Repository/Final Object Repo/New Registration - Registration Module Pages/Third Screen - Upload Supporting Doc- Preview/Select to Upload Form 2' is clicked on

2018-12-13 00:45:46 - [MESSAGE][PASSED] - Object: 'Object Repository/Final Object Repo/New Registration - Registration Module Pages/Third Screen - Upload Supporting Doc- Preview/Select to Upload Form 2' is clicked on

2018-12-13 00:45:46 - [TEST_STEP][PASSED] - delay: Delayed 2 second(s)

2018-12-13 00:45:48 - [MESSAGE][PASSED] - Delayed 2 second(s)

2018-12-13 00:45:48 - [TEST_STEP][PASSED] - uploadFile: File 'C:\Users\Public\Pictures\Sample Pictures\Koala.jpg' sent to object: 'Object Repository/Final Object Repo/New Registration - Registration Module Pages/Third Screen - Upload Supporting Doc- Preview/Upload File Adding'

2018-12-13 00:45:48 - [MESSAGE][PASSED] - File 'C:\Users\Public\Pictures\Sample Pictures\Koala.jpg' sent to object: 'Object Repository/Final Object Repo/New Registration - Registration Module Pages/Third Screen - Upload Supporting Doc- Preview/Upload File Adding'

2018-12-13 00:45:48 - [TEST_STEP][PASSED] - click: Object: 'Object Repository/Final Object Repo/New Registration - Registration Module Pages/Third Screen - Upload Supporting Doc- Preview/Inner Form Add Document Button' is clicked on

2018-12-13 00:45:48 - [MESSAGE][PASSED] - Object: 'Object Repository/Final Object Repo/New Registration - Registration Module Pages/Third Screen - Upload Supporting Doc- Preview/Inner Form Add Document Button' is clicked on

2018-12-13 00:45:48 - [TEST_STEP][PASSED] - delay: Delayed 5 second(s)

2018-12-13 00:45:53 - [MESSAGE][PASSED] - Delayed 5 second(s)

2018-12-13 00:45:53 - [TEST_STEP][PASSED] - click: Object: 'Object Repository/Final Object Repo/New Registration - Registration Module Pages/Third Screen - Upload Supporting Doc- Preview/Add Document Button' is clicked on

2018-12-13 00:45:54 - [MESSAGE][PASSED] - Object: 'Object Repository/Final Object Repo/New Registration - Registration Module Pages/Third Screen - Upload Supporting Doc- Preview/Add Document Button' is clicked on

2018-12-13 00:45:54 - [TEST_STEP][PASSED] - delay: Delayed 30 second(s)

2018-12-13 00:46:24 - [MESSAGE][PASSED] - Delayed 30 second(s)

2018-12-13 00:46:24 - [TEST_STEP][PASSED] - click: Object: 'Object Repository/Final Object Repo/New Registration - Registration Module Pages/Third Screen - Upload Supporting Doc- Preview/Supporting Doc Please Select Drop Down' is clicked on

2018-12-13 00:46:24 - [MESSAGE][PASSED] - Object: 'Object Repository/Final Object Repo/New Registration - Registration Module Pages/Third Screen - Upload Supporting Doc- Preview/Supporting Doc Please Select Drop Down' is clicked on

2018-12-13 00:46:24 - [TEST_STEP][PASSED] - click: Object: 'Object Repository/Final Object Repo/New Registration - Registration Module Pages/Third Screen - Upload Supporting Doc- Preview/Select to Upload Borang SIP 1' is clicked on

2018-12-13 00:46:24 - [MESSAGE][PASSED] - Object: 'Object Repository/Final Object Repo/New Registration - Registration Module Pages/Third Screen - Upload Supporting Doc- Preview/Select to Upload Borang SIP 1' is clicked on

2018-12-13 00:46:24 - [TEST_STEP][PASSED] - delay: Delayed 2 second(s)

2018-12-13 00:46:26 - [MESSAGE][PASSED] - Delayed 2 second(s)

2018-12-13 00:46:26 - [TEST_STEP][PASSED] - uploadFile: File 'C:\Users\Public\Pictures\Sample Pictures\Koala.jpg' sent to object: 'Object Repository/Final Object Repo/New Registration - Registration Module Pages/Third Screen - Upload Supporting Doc- Preview/Upload File Adding'

2018-12-13 00:46:26 - [MESSAGE][PASSED] - File 'C:\Users\Public\Pictures\Sample Pictures\Koala.jpg' sent to object: 'Object Repository/Final Object Repo/New Registration - Registration Module Pages/Third Screen - Upload Supporting Doc- Preview/Upload File Adding'

2018-12-13 00:46:26 - [TEST_STEP][PASSED] - click: Object: 'Object Repository/Final Object Repo/New Registration - Registration Module Pages/Third Screen - Upload Supporting Doc- Preview/Inner Form Add Document Button' is clicked on

2018-12-13 00:46:26 - [MESSAGE][PASSED] - Object: 'Object Repository/Final Object Repo/New Registration - Registration Module Pages/Third Screen - Upload Supporting Doc- Preview/Inner Form Add Document Button' is clicked on

2018-12-13 00:46:26 - [TEST_STEP][PASSED] - delay: Delayed 5 second(s)

2018-12-13 00:46:31 - [MESSAGE][PASSED] - Delayed 5 second(s)

2018-12-13 00:46:31 - [TEST_STEP][PASSED] - click: Object: 'Object Repository/Final Object Repo/New Registration - Registration Module Pages/Third Screen - Upload Supporting Doc- Preview/Add Document Button' is clicked on

2018-12-13 00:46:32 - [MESSAGE][PASSED] - Object: 'Object Repository/Final Object Repo/New Registration - Registration Module Pages/Third Screen - Upload Supporting Doc- Preview/Add Document Button' is clicked on

2018-12-13 00:46:32 - [TEST_STEP][PASSED] - delay: Delayed 30 second(s)

2018-12-13 00:47:02 - [MESSAGE][PASSED] - Delayed 30 second(s)

2018-12-13 00:47:02 - [TEST_STEP][PASSED] - click: Object: 'Object Repository/Final Object Repo/New Registration - Registration Module Pages/Third Screen - Upload Supporting Doc- Preview/Supporting Doc Please Select Drop Down' is clicked on

2018-12-13 00:47:02 - [MESSAGE][PASSED] - Object: 'Object Repository/Final Object Repo/New Registration - Registration Module Pages/Third Screen - Upload Supporting Doc- Preview/Supporting Doc Please Select Drop Down' is clicked on

2018-12-13 00:47:02 - [TEST_STEP][PASSED] - delay: Delayed 3 second(s)

2018-12-13 00:47:05 - [MESSAGE][PASSED] - Delayed 3 second(s)

2018-12-13 00:47:05 - [TEST_STEP][PASSED] - click: Object: 'Object Repository/Final Object Repo/New Registration - Registration Module Pages/Third Screen - Upload Supporting Doc- Preview/Select to Upload Borang SIP 2' is clicked on

2018-12-13 00:47:05 - [MESSAGE][PASSED] - Object: 'Object Repository/Final Object Repo/New Registration - Registration Module Pages/Third Screen - Upload Supporting Doc- Preview/Select to Upload Borang SIP 2' is clicked on

2018-12-13 00:47:05 - [TEST_STEP][PASSED] - delay: Delayed 2 second(s)

2018-12-13 00:47:07 - [MESSAGE][PASSED] - Delayed 2 second(s)

2018-12-13 00:47:07 - [TEST_STEP][PASSED] - uploadFile: File 'C:\Users\Public\Pictures\Sample Pictures\Koala.jpg' sent to object: 'Object Repository/Final Object Repo/New Registration - Registration Module Pages/Third Screen - Upload Supporting Doc- Preview/Upload File Adding'

2018-12-13 00:47:07 - [MESSAGE][PASSED] - File 'C:\Users\Public\Pictures\Sample Pictures\Koala.jpg' sent to object: 'Object Repository/Final Object Repo/New Registration - Registration Module Pages/Third Screen - Upload Supporting Doc- Preview/Upload File Adding'

2018-12-13 00:47:07 - [TEST_STEP][PASSED] - delay: Delayed 5 second(s)

2018-12-13 00:47:12 - [MESSAGE][PASSED] - Delayed 5 second(s)

2018-12-13 00:47:12 - [TEST_STEP][PASSED] - click: Object: 'Object Repository/Final Object Repo/New Registration - Registration Module Pages/Third Screen - Upload Supporting Doc- Preview/Inner Form Add Document Button' is clicked on

2018-12-13 00:47:12 - [MESSAGE][PASSED] - Object: 'Object Repository/Final Object Repo/New Registration - Registration Module Pages/Third Screen - Upload Supporting Doc- Preview/Inner Form Add Document Button' is clicked on

2018-12-13 00:47:12 - [TEST_STEP][PASSED] - delay: Delayed 3 second(s)

2018-12-13 00:47:15 - [MESSAGE][PASSED] - Delayed 3 second(s)

2018-12-13 00:47:15 - [TEST_STEP][PASSED] - waitForElementClickable: Object 'Object Repository/Final Object Repo/New Registration - Registration Module Pages/Third Screen - Upload Supporting Doc- Preview/Save n Continue in Uploading Supporting Doc Page' is clickable

2018-12-13 00:47:16 - [MESSAGE][PASSED] - Object 'Object Repository/Final Object Repo/New Registration - Registration Module Pages/Third Screen - Upload Supporting Doc- Preview/Save n Continue in Uploading Supporting Doc Page' is clickable

2018-12-13 00:47:16 - [TEST_STEP][PASSED] - click: Object: 'Object Repository/Final Object Repo/New Registration - Registration Module Pages/Third Screen - Upload Supporting Doc- Preview/Save n Continue in Uploading Supporting Doc Page' is clicked on

2018-12-13 00:47:16 - [MESSAGE][PASSED] - Object: 'Object Repository/Final Object Repo/New Registration - Registration Module Pages/Third Screen - Upload Supporting Doc- Preview/Save n Continue in Uploading Supporting Doc Page' is clicked on

2018-12-13 00:47:16 - [MESSAGE][PASSED] - Call Test Case 'Test Cases/Final Aug 2018 - PKS Automation/Registration Module/New Registration/Flow of New Registration/Third Screen - Upload Supporting Doc - Preview' successfully

2018-12-13 00:47:16 - [TEST_STEP][PASSED] - callTestCase: Call Test Case 'Test Cases/Final Aug 2018 - PKS Automation/Registration Module/New Registration/Submit and Screenshot/Submit Registration and Screenshot' successfully

2018-12-13 00:47:16 - [TEST_CASE][PASSED] - Test Cases/Final Aug 2018 - PKS Automation/Registration Module/New Registration/Submit and Screenshot/Submit Registration and Screenshot: Test Cases/Final Aug 2018 - PKS Automation/Registration Module/New Registration/Submit and Screenshot/Submit Registration and Screenshot

2018-12-13 00:47:16 - [TEST_STEP][PASSED] - delay: Delayed 6 second(s)

2018-12-13 00:47:22 - [MESSAGE][PASSED] - Delayed 6 second(s)

2018-12-13 00:47:22 - [TEST_STEP][PASSED] - click: Object: 'Object Repository/Final Object Repo/New Registration - Registration Module Pages/Third Screen - Upload Supporting Doc- Preview/Preview Submit Button' is clicked on

2018-12-13 00:47:23 - [MESSAGE][PASSED] - Object: 'Object Repository/Final Object Repo/New Registration - Registration Module Pages/Third Screen - Upload Supporting Doc- Preview/Preview Submit Button' is clicked on

2018-12-13 00:47:23 - [TEST_STEP][PASSED] - delay: Delayed 2 second(s)

2018-12-13 00:47:25 - [MESSAGE][PASSED] - Delayed 2 second(s)

2018-12-13 00:47:25 - [TEST_STEP][PASSED] - click: Object: 'Object Repository/Final Object Repo/New Registration - Registration Module Pages/Third Screen - Upload Supporting Doc- Preview/Preview Submit - Confirm' is clicked on

2018-12-13 00:47:25 - [MESSAGE][PASSED] - Object: 'Object Repository/Final Object Repo/New Registration - Registration Module Pages/Third Screen - Upload Supporting Doc- Preview/Preview Submit - Confirm' is clicked on

2018-12-13 00:47:25 - [TEST_STEP][PASSED] - delay: Delayed 15 second(s)

2018-12-13 00:47:40 - [MESSAGE][PASSED] - Delayed 15 second(s)

2018-12-13 00:47:40 - [TEST_STEP][PASSED] - Statement - driver = com.kms.katalon.core.webui.driver.DriverFactory.getWebDriver(): null

2018-12-13 00:47:40 - [TEST_STEP][PASSED] - Statement - driver.manage().timeouts().implicitlyWait(10, SECONDS): null

2018-12-13 00:47:40 - [TEST_STEP][PASSED] - Statement - PresavePath = KatalonScreenshots: null

2018-12-13 00:47:40 - [TEST_STEP][PASSED] - Statement - pathPrefix = "C:\Users\Public\Pictures\Sample Pictures\Katalon Screenshots\Automate Ending Screen": null

2018-12-13 00:47:40 - [TEST_STEP][PASSED] - Statement - finalPath = <not implemented yet for class: org.codehaus.groovy.ast.expr.EmptyExpression>: null

2018-12-13 00:47:40 - [TEST_STEP][PASSED] - Statement - scrFile = driver.getScreenshotAs(FILE): null

2018-12-13 00:47:40 - [TEST_STEP][PASSED] - Statement - PreSaveFile = new java.io.File(PresavePath): null

2018-12-13 00:47:40 - [TEST_STEP][PASSED] - Statement - counter = 0: null

2018-12-13 00:47:40 - [TEST_STEP][PASSED] - Statement - If (PreSaveFile.exists()): null

2018-12-13 00:47:40 - [TEST_STEP][PASSED] - Statement - While (PreSaveFile.exists()): null

2018-12-13 00:47:40 - [TEST_STEP][PASSED] - Statement - counter = counter + 1: null

2018-12-13 00:47:40 - [TEST_STEP][PASSED] - Statement - PreSaveFile = new java.io.File(((pathPrefix + java.lang.Integer.toString(counter)) + .png)): null

2018-12-13 00:47:40 - [TEST_STEP][PASSED] - Statement - counter = counter + 1: null

2018-12-13 00:47:40 - [TEST_STEP][PASSED] - Statement - PreSaveFile = new java.io.File(((pathPrefix + java.lang.Integer.toString(counter)) + .png)): null

2018-12-13 00:47:40 - [TEST_STEP][PASSED] - Statement - counter = counter + 1: null

2018-12-13 00:47:40 - [TEST_STEP][PASSED] - Statement - PreSaveFile = new java.io.File(((pathPrefix + java.lang.Integer.toString(counter)) + .png)): null

2018-12-13 00:47:40 - [TEST_STEP][PASSED] - Statement - counter = counter + 1: null

2018-12-13 00:47:40 - [TEST_STEP][PASSED] - Statement - PreSaveFile = new java.io.File(((pathPrefix + java.lang.Integer.toString(counter)) + .png)): null

2018-12-13 00:47:40 - [TEST_STEP][PASSED] - Statement - counter = counter + 1: null

2018-12-13 00:47:40 - [TEST_STEP][PASSED] - Statement - PreSaveFile = new java.io.File(((pathPrefix + java.lang.Integer.toString(counter)) + .png)): null

2018-12-13 00:47:40 - [TEST_STEP][PASSED] - Statement - counter = counter + 1: null

2018-12-13 00:47:40 - [TEST_STEP][PASSED] - Statement - PreSaveFile = new java.io.File(((pathPrefix + java.lang.Integer.toString(counter)) + .png)): null

2018-12-13 00:47:40 - [TEST_STEP][PASSED] - Statement - counter = counter + 1: null

2018-12-13 00:47:40 - [TEST_STEP][PASSED] - Statement - PreSaveFile = new java.io.File(((pathPrefix + java.lang.Integer.toString(counter)) + .png)): null

2018-12-13 00:47:40 - [TEST_STEP][PASSED] - Statement - counter = counter + 1: null

2018-12-13 00:47:40 - [TEST_STEP][PASSED] - Statement - PreSaveFile = new java.io.File(((pathPrefix + java.lang.Integer.toString(counter)) + .png)): null

2018-12-13 00:47:40 - [TEST_STEP][PASSED] - Statement - counter = counter + 1: null

2018-12-13 00:47:40 - [TEST_STEP][PASSED] - Statement - PreSaveFile = new java.io.File(((pathPrefix + java.lang.Integer.toString(counter)) + .png)): null

2018-12-13 00:47:40 - [TEST_STEP][PASSED] - Statement - counter = counter + 1: null

2018-12-13 00:47:40 - [TEST_STEP][PASSED] - Statement - PreSaveFile = new java.io.File(((pathPrefix + java.lang.Integer.toString(counter)) + .png)): null

2018-12-13 00:47:40 - [TEST_STEP][PASSED] - Statement - counter = counter + 1: null

2018-12-13 00:47:40 - [TEST_STEP][PASSED] - Statement - PreSaveFile = new java.io.File(((pathPrefix + java.lang.Integer.toString(counter)) + .png)): null

2018-12-13 00:47:40 - [TEST_STEP][PASSED] - Statement - counter = counter + 1: null

2018-12-13 00:47:40 - [TEST_STEP][PASSED] - Statement - PreSaveFile = new java.io.File(((pathPrefix + java.lang.Integer.toString(counter)) + .png)): null

2018-12-13 00:47:40 - [TEST_STEP][PASSED] - Statement - counter = counter + 1: null

2018-12-13 00:47:40 - [TEST_STEP][PASSED] - Statement - PreSaveFile = new java.io.File(((pathPrefix + java.lang.Integer.toString(counter)) + .png)): null

2018-12-13 00:47:40 - [TEST_STEP][PASSED] - Statement - counter = counter + 1: null

2018-12-13 00:47:40 - [TEST_STEP][PASSED] - Statement - PreSaveFile = new java.io.File(((pathPrefix + java.lang.Integer.toString(counter)) + .png)): null

2018-12-13 00:47:40 - [TEST_STEP][PASSED] - Statement - counter = counter + 1: null

2018-12-13 00:47:40 - [TEST_STEP][PASSED] - Statement - PreSaveFile = new java.io.File(((pathPrefix + java.lang.Integer.toString(counter)) + .png)): null

2018-12-13 00:47:40 - [TEST_STEP][PASSED] - Statement - counter = counter + 1: null

2018-12-13 00:47:40 - [TEST_STEP][PASSED] - Statement - PreSaveFile = new java.io.File(((pathPrefix + java.lang.Integer.toString(counter)) + .png)): null

2018-12-13 00:47:40 - [TEST_STEP][PASSED] - Statement - counter = counter + 1: null

2018-12-13 00:47:40 - [TEST_STEP][PASSED] - Statement - PreSaveFile = new java.io.File(((pathPrefix + java.lang.Integer.toString(counter)) + .png)): null

2018-12-13 00:47:40 - [TEST_STEP][PASSED] - Statement - counter = counter + 1: null

2018-12-13 00:47:40 - [TEST_STEP][PASSED] - Statement - PreSaveFile = new java.io.File(((pathPrefix + java.lang.Integer.toString(counter)) + .png)): null

2018-12-13 00:47:40 - [TEST_STEP][PASSED] - Statement - counter = counter + 1: null

2018-12-13 00:47:40 - [TEST_STEP][PASSED] - Statement - PreSaveFile = new java.io.File(((pathPrefix + java.lang.Integer.toString(counter)) + .png)): null

2018-12-13 00:47:40 - [TEST_STEP][PASSED] - Statement - counter = counter + 1: null

2018-12-13 00:47:40 - [TEST_STEP][PASSED] - Statement - PreSaveFile = new java.io.File(((pathPrefix + java.lang.Integer.toString(counter)) + .png)): null

2018-12-13 00:47:40 - [TEST_STEP][PASSED] - Statement - counter = counter + 1: null

2018-12-13 00:47:40 - [TEST_STEP][PASSED] - Statement - PreSaveFile = new java.io.File(((pathPrefix + java.lang.Integer.toString(counter)) + .png)): null

2018-12-13 00:47:40 - [TEST_STEP][PASSED] - Statement - counter = counter + 1: null

2018-12-13 00:47:40 - [TEST_STEP][PASSED] - Statement - PreSaveFile = new java.io.File(((pathPrefix + java.lang.Integer.toString(counter)) + .png)): null

2018-12-13 00:47:40 - [TEST_STEP][PASSED] - Statement - counter = counter + 1: null

2018-12-13 00:47:40 - [TEST_STEP][PASSED] - Statement - PreSaveFile = new java.io.File(((pathPrefix + java.lang.Integer.toString(counter)) + .png)): null

2018-12-13 00:47:40 - [TEST_STEP][PASSED] - Statement - counter = counter + 1: null

2018-12-13 00:47:40 - [TEST_STEP][PASSED] - Statement - PreSaveFile = new java.io.File(((pathPrefix + java.lang.Integer.toString(counter)) + .png)): null

2018-12-13 00:47:40 - [TEST_STEP][PASSED] - Statement - counter = counter + 1: null

2018-12-13 00:47:40 - [TEST_STEP][PASSED] - Statement - PreSaveFile = new java.io.File(((pathPrefix + java.lang.Integer.toString(counter)) + .png)): null

2018-12-13 00:47:40 - [TEST_STEP][PASSED] - Statement - counter = counter + 1: null

2018-12-13 00:47:40 - [TEST_STEP][PASSED] - Statement - PreSaveFile = new java.io.File(((pathPrefix + java.lang.Integer.toString(counter)) + .png)): null

2018-12-13 00:47:40 - [TEST_STEP][PASSED] - Statement - counter = counter + 1: null

2018-12-13 00:47:40 - [TEST_STEP][PASSED] - Statement - PreSaveFile = new java.io.File(((pathPrefix + java.lang.Integer.toString(counter)) + .png)): null

2018-12-13 00:47:40 - [TEST_STEP][PASSED] - Statement - counter = counter + 1: null

2018-12-13 00:47:40 - [TEST_STEP][PASSED] - Statement - PreSaveFile = new java.io.File(((pathPrefix + java.lang.Integer.toString(counter)) + .png)): null

2018-12-13 00:47:40 - [TEST_STEP][PASSED] - Statement - counter = counter + 1: null

2018-12-13 00:47:40 - [TEST_STEP][PASSED] - Statement - PreSaveFile = new java.io.File(((pathPrefix + java.lang.Integer.toString(counter)) + .png)): null

2018-12-13 00:47:40 - [TEST_STEP][PASSED] - Statement - counter = counter + 1: null

2018-12-13 00:47:40 - [TEST_STEP][PASSED] - Statement - PreSaveFile = new java.io.File(((pathPrefix + java.lang.Integer.toString(counter)) + .png)): null

2018-12-13 00:47:40 - [TEST_STEP][PASSED] - Statement - counter = counter + 1: null

2018-12-13 00:47:40 - [TEST_STEP][PASSED] - Statement - PreSaveFile = new java.io.File(((pathPrefix + java.lang.Integer.toString(counter)) + .png)): null

2018-12-13 00:47:40 - [TEST_STEP][PASSED] - Statement - counter = counter + 1: null

2018-12-13 00:47:40 - [TEST_STEP][PASSED] - Statement - PreSaveFile = new java.io.File(((pathPrefix + java.lang.Integer.toString(counter)) + .png)): null

2018-12-13 00:47:40 - [TEST_STEP][PASSED] - Statement - counter = counter + 1: null

2018-12-13 00:47:40 - [TEST_STEP][PASSED] - Statement - PreSaveFile = new java.io.File(((pathPrefix + java.lang.Integer.toString(counter)) + .png)): null

2018-12-13 00:47:40 - [TEST_STEP][PASSED] - Statement - counter = counter + 1: null

2018-12-13 00:47:40 - [TEST_STEP][PASSED] - Statement - PreSaveFile = new java.io.File(((pathPrefix + java.lang.Integer.toString(counter)) + .png)): null

2018-12-13 00:47:40 - [TEST_STEP][PASSED] - Statement - counter = counter + 1: null

2018-12-13 00:47:40 - [TEST_STEP][PASSED] - Statement - PreSaveFile = new java.io.File(((pathPrefix + java.lang.Integer.toString(counter)) + .png)): null

2018-12-13 00:47:40 - [TEST_STEP][PASSED] - Statement - counter = counter + 1: null

2018-12-13 00:47:40 - [TEST_STEP][PASSED] - Statement - PreSaveFile = new java.io.File(((pathPrefix + java.lang.Integer.toString(counter)) + .png)): null

2018-12-13 00:47:40 - [TEST_STEP][PASSED] - Statement - counter = counter + 1: null

2018-12-13 00:47:40 - [TEST_STEP][PASSED] - Statement - PreSaveFile = new java.io.File(((pathPrefix + java.lang.Integer.toString(counter)) + .png)): null

2018-12-13 00:47:40 - [TEST_STEP][PASSED] - Statement - counter = counter + 1: null

2018-12-13 00:47:40 - [TEST_STEP][PASSED] - Statement - PreSaveFile = new java.io.File(((pathPrefix + java.lang.Integer.toString(counter)) + .png)): null

2018-12-13 00:47:40 - [TEST_STEP][PASSED] - Statement - counter = counter + 1: null

2018-12-13 00:47:40 - [TEST_STEP][PASSED] - Statement - PreSaveFile = new java.io.File(((pathPrefix + java.lang.Integer.toString(counter)) + .png)): null

2018-12-13 00:47:40 - [TEST_STEP][PASSED] - Statement - counter = counter + 1: null

2018-12-13 00:47:40 - [TEST_STEP][PASSED] - Statement - PreSaveFile = new java.io.File(((pathPrefix + java.lang.Integer.toString(counter)) + .png)): null

2018-12-13 00:47:40 - [TEST_STEP][PASSED] - Statement - counter = counter + 1: null

2018-12-13 00:47:40 - [TEST_STEP][PASSED] - Statement - PreSaveFile = new java.io.File(((pathPrefix + java.lang.Integer.toString(counter)) + .png)): null

2018-12-13 00:47:40 - [TEST_STEP][PASSED] - Statement - counter = counter + 1: null

2018-12-13 00:47:40 - [TEST_STEP][PASSED] - Statement - PreSaveFile = new java.io.File(((pathPrefix + java.lang.Integer.toString(counter)) + .png)): null

2018-12-13 00:47:40 - [TEST_STEP][PASSED] - Statement - counter = counter + 1: null

2018-12-13 00:47:40 - [TEST_STEP][PASSED] - Statement - PreSaveFile = new java.io.File(((pathPrefix + java.lang.Integer.toString(counter)) + .png)): null

2018-12-13 00:47:40 - [TEST_STEP][PASSED] - Statement - counter = counter + 1: null

2018-12-13 00:47:40 - [TEST_STEP][PASSED] - Statement - PreSaveFile = new java.io.File(((pathPrefix + java.lang.Integer.toString(counter)) + .png)): null

2018-12-13 00:47:40 - [TEST_STEP][PASSED] - Statement - counter = counter + 1: null

2018-12-13 00:47:40 - [TEST_STEP][PASSED] - Statement - PreSaveFile = new java.io.File(((pathPrefix + java.lang.Integer.toString(counter)) + .png)): null

2018-12-13 00:47:40 - [TEST_STEP][PASSED] - Statement - counter = counter + 1: null

2018-12-13 00:47:40 - [TEST_STEP][PASSED] - Statement - PreSaveFile = new java.io.File(((pathPrefix + java.lang.Integer.toString(counter)) + .png)): null

2018-12-13 00:47:40 - [TEST_STEP][PASSED] - Statement - counter = counter + 1: null

2018-12-13 00:47:40 - [TEST_STEP][PASSED] - Statement - PreSaveFile = new java.io.File(((pathPrefix + java.lang.Integer.toString(counter)) + .png)): null

2018-12-13 00:47:40 - [TEST_STEP][PASSED] - Statement - counter = counter + 1: null

2018-12-13 00:47:40 - [TEST_STEP][PASSED] - Statement - PreSaveFile = new java.io.File(((pathPrefix + java.lang.Integer.toString(counter)) + .png)): null

2018-12-13 00:47:40 - [TEST_STEP][PASSED] - Statement - counter = counter + 1: null

2018-12-13 00:47:40 - [TEST_STEP][PASSED] - Statement - PreSaveFile = new java.io.File(((pathPrefix + java.lang.Integer.toString(counter)) + .png)): null

2018-12-13 00:47:40 - [TEST_STEP][PASSED] - Statement - counter = counter + 1: null

2018-12-13 00:47:40 - [TEST_STEP][PASSED] - Statement - PreSaveFile = new java.io.File(((pathPrefix + java.lang.Integer.toString(counter)) + .png)): null

2018-12-13 00:47:40 - [TEST_STEP][PASSED] - Statement - counter = counter + 1: null

2018-12-13 00:47:40 - [TEST_STEP][PASSED] - Statement - PreSaveFile = new java.io.File(((pathPrefix + java.lang.Integer.toString(counter)) + .png)): null

2018-12-13 00:47:40 - [TEST_STEP][PASSED] - Statement - counter = counter + 1: null

2018-12-13 00:47:40 - [TEST_STEP][PASSED] - Statement - PreSaveFile = new java.io.File(((pathPrefix + java.lang.Integer.toString(counter)) + .png)): null

2018-12-13 00:47:40 - [TEST_STEP][PASSED] - Statement - counter = counter + 1: null

2018-12-13 00:47:40 - [TEST_STEP][PASSED] - Statement - PreSaveFile = new java.io.File(((pathPrefix + java.lang.Integer.toString(counter)) + .png)): null

2018-12-13 00:47:40 - [TEST_STEP][PASSED] - Statement - counter = counter + 1: null

2018-12-13 00:47:40 - [TEST_STEP][PASSED] - Statement - PreSaveFile = new java.io.File(((pathPrefix + java.lang.Integer.toString(counter)) + .png)): null

2018-12-13 00:47:40 - [TEST_STEP][PASSED] - Statement - counter = counter + 1: null

2018-12-13 00:47:40 - [TEST_STEP][PASSED] - Statement - PreSaveFile = new java.io.File(((pathPrefix + java.lang.Integer.toString(counter)) + .png)): null

2018-12-13 00:47:40 - [TEST_STEP][PASSED] - Statement - counter = counter + 1: null

2018-12-13 00:47:40 - [TEST_STEP][PASSED] - Statement - PreSaveFile = new java.io.File(((pathPrefix + java.lang.Integer.toString(counter)) + .png)): null

2018-12-13 00:47:40 - [TEST_STEP][PASSED] - Statement - counter = counter + 1: null

2018-12-13 00:47:40 - [TEST_STEP][PASSED] - Statement - PreSaveFile = new java.io.File(((pathPrefix + java.lang.Integer.toString(counter)) + .png)): null

2018-12-13 00:47:40 - [TEST_STEP][PASSED] - Statement - counter = counter + 1: null

2018-12-13 00:47:40 - [TEST_STEP][PASSED] - Statement - PreSaveFile = new java.io.File(((pathPrefix + java.lang.Integer.toString(counter)) + .png)): null

2018-12-13 00:47:40 - [TEST_STEP][PASSED] - Statement - counter = counter + 1: null

2018-12-13 00:47:40 - [TEST_STEP][PASSED] - Statement - PreSaveFile = new java.io.File(((pathPrefix + java.lang.Integer.toString(counter)) + .png)): null

2018-12-13 00:47:40 - [TEST_STEP][PASSED] - Statement - counter = counter + 1: null

2018-12-13 00:47:40 - [TEST_STEP][PASSED] - Statement - PreSaveFile = new java.io.File(((pathPrefix + java.lang.Integer.toString(counter)) + .png)): null

2018-12-13 00:47:40 - [TEST_STEP][PASSED] - Statement - counter = counter + 1: null

2018-12-13 00:47:40 - [TEST_STEP][PASSED] - Statement - PreSaveFile = new java.io.File(((pathPrefix + java.lang.Integer.toString(counter)) + .png)): null

2018-12-13 00:47:40 - [TEST_STEP][PASSED] - Statement - counter = counter + 1: null

2018-12-13 00:47:40 - [TEST_STEP][PASSED] - Statement - PreSaveFile = new java.io.File(((pathPrefix + java.lang.Integer.toString(counter)) + .png)): null

2018-12-13 00:47:40 - [TEST_STEP][PASSED] - Statement - counter = counter + 1: null

2018-12-13 00:47:40 - [TEST_STEP][PASSED] - Statement - PreSaveFile = new java.io.File(((pathPrefix + java.lang.Integer.toString(counter)) + .png)): null

2018-12-13 00:47:40 - [TEST_STEP][PASSED] - Statement - counter = counter + 1: null

2018-12-13 00:47:40 - [TEST_STEP][PASSED] - Statement - PreSaveFile = new java.io.File(((pathPrefix + java.lang.Integer.toString(counter)) + .png)): null

2018-12-13 00:47:40 - [TEST_STEP][PASSED] - Statement - counter = counter + 1: null

2018-12-13 00:47:40 - [TEST_STEP][PASSED] - Statement - PreSaveFile = new java.io.File(((pathPrefix + java.lang.Integer.toString(counter)) + .png)): null

2018-12-13 00:47:40 - [TEST_STEP][PASSED] - Statement - counter = counter + 1: null

2018-12-13 00:47:40 - [TEST_STEP][PASSED] - Statement - PreSaveFile = new java.io.File(((pathPrefix + java.lang.Integer.toString(counter)) + .png)): null

2018-12-13 00:47:40 - [TEST_STEP][PASSED] - Statement - counter = counter + 1: null

2018-12-13 00:47:40 - [TEST_STEP][PASSED] - Statement - PreSaveFile = new java.io.File(((pathPrefix + java.lang.Integer.toString(counter)) + .png)): null

2018-12-13 00:47:40 - [TEST_STEP][PASSED] - Statement - counter = counter + 1: null

2018-12-13 00:47:40 - [TEST_STEP][PASSED] - Statement - PreSaveFile = new java.io.File(((pathPrefix + java.lang.Integer.toString(counter)) + .png)): null

2018-12-13 00:47:40 - [TEST_STEP][PASSED] - Statement - counter = counter + 1: null

2018-12-13 00:47:40 - [TEST_STEP][PASSED] - Statement - PreSaveFile = new java.io.File(((pathPrefix + java.lang.Integer.toString(counter)) + .png)): null

2018-12-13 00:47:40 - [TEST_STEP][PASSED] - Statement - counter = counter + 1: null

2018-12-13 00:47:40 - [TEST_STEP][PASSED] - Statement - PreSaveFile = new java.io.File(((pathPrefix + java.lang.Integer.toString(counter)) + .png)): null

2018-12-13 00:47:40 - [TEST_STEP][PASSED] - Statement - counter = counter + 1: null

2018-12-13 00:47:40 - [TEST_STEP][PASSED] - Statement - PreSaveFile = new java.io.File(((pathPrefix + java.lang.Integer.toString(counter)) + .png)): null

2018-12-13 00:47:40 - [TEST_STEP][PASSED] - Statement - counter = counter + 1: null

2018-12-13 00:47:40 - [TEST_STEP][PASSED] - Statement - PreSaveFile = new java.io.File(((pathPrefix + java.lang.Integer.toString(counter)) + .png)): null

2018-12-13 00:47:40 - [TEST_STEP][PASSED] - Statement - counter = counter + 1: null

2018-12-13 00:47:40 - [TEST_STEP][PASSED] - Statement - PreSaveFile = new java.io.File(((pathPrefix + java.lang.Integer.toString(counter)) + .png)): null

2018-12-13 00:47:40 - [TEST_STEP][PASSED] - Statement - counter = counter + 1: null

2018-12-13 00:47:40 - [TEST_STEP][PASSED] - Statement - PreSaveFile = new java.io.File(((pathPrefix + java.lang.Integer.toString(counter)) + .png)): null

2018-12-13 00:47:40 - [TEST_STEP][PASSED] - Statement - counter = counter + 1: null

2018-12-13 00:47:40 - [TEST_STEP][PASSED] - Statement - PreSaveFile = new java.io.File(((pathPrefix + java.lang.Integer.toString(counter)) + .png)): null

2018-12-13 00:47:40 - [TEST_STEP][PASSED] - Statement - counter = counter + 1: null

2018-12-13 00:47:40 - [TEST_STEP][PASSED] - Statement - PreSaveFile = new java.io.File(((pathPrefix + java.lang.Integer.toString(counter)) + .png)): null

2018-12-13 00:47:40 - [TEST_STEP][PASSED] - Statement - counter = counter + 1: null

2018-12-13 00:47:40 - [TEST_STEP][PASSED] - Statement - PreSaveFile = new java.io.File(((pathPrefix + java.lang.Integer.toString(counter)) + .png)): null

2018-12-13 00:47:40 - [TEST_STEP][PASSED] - Statement - counter = counter + 1: null

2018-12-13 00:47:40 - [TEST_STEP][PASSED] - Statement - PreSaveFile = new java.io.File(((pathPrefix + java.lang.Integer.toString(counter)) + .png)): null

2018-12-13 00:47:40 - [TEST_STEP][PASSED] - Statement - counter = counter + 1: null

2018-12-13 00:47:40 - [TEST_STEP][PASSED] - Statement - PreSaveFile = new java.io.File(((pathPrefix + java.lang.Integer.toString(counter)) + .png)): null

2018-12-13 00:47:40 - [TEST_STEP][PASSED] - Statement - counter = counter + 1: null

2018-12-13 00:47:40 - [TEST_STEP][PASSED] - Statement - PreSaveFile = new java.io.File(((pathPrefix + java.lang.Integer.toString(counter)) + .png)): null

2018-12-13 00:47:40 - [TEST_STEP][PASSED] - Statement - counter = counter + 1: null

2018-12-13 00:47:40 - [TEST_STEP][PASSED] - Statement - PreSaveFile = new java.io.File(((pathPrefix + java.lang.Integer.toString(counter)) + .png)): null

2018-12-13 00:47:40 - [TEST_STEP][PASSED] - Statement - counter = counter + 1: null

2018-12-13 00:47:40 - [TEST_STEP][PASSED] - Statement - PreSaveFile = new java.io.File(((pathPrefix + java.lang.Integer.toString(counter)) + .png)): null

2018-12-13 00:47:40 - [TEST_STEP][PASSED] - Statement - counter = counter + 1: null

2018-12-13 00:47:40 - [TEST_STEP][PASSED] - Statement - PreSaveFile = new java.io.File(((pathPrefix + java.lang.Integer.toString(counter)) + .png)): null

2018-12-13 00:47:40 - [TEST_STEP][PASSED] - Statement - counter = counter + 1: null

2018-12-13 00:47:40 - [TEST_STEP][PASSED] - Statement - PreSaveFile = new java.io.File(((pathPrefix + java.lang.Integer.toString(counter)) + .png)): null

2018-12-13 00:47:40 - [TEST_STEP][PASSED] - Statement - counter = counter + 1: null

2018-12-13 00:47:40 - [TEST_STEP][PASSED] - Statement - PreSaveFile = new java.io.File(((pathPrefix + java.lang.Integer.toString(counter)) + .png)): null

2018-12-13 00:47:40 - [TEST_STEP][PASSED] - Statement - counter = counter + 1: null

2018-12-13 00:47:40 - [TEST_STEP][PASSED] - Statement - PreSaveFile = new java.io.File(((pathPrefix + java.lang.Integer.toString(counter)) + .png)): null

2018-12-13 00:47:40 - [TEST_STEP][PASSED] - Statement - counter = counter + 1: null

2018-12-13 00:47:40 - [TEST_STEP][PASSED] - Statement - PreSaveFile = new java.io.File(((pathPrefix + java.lang.Integer.toString(counter)) + .png)): null

2018-12-13 00:47:40 - [TEST_STEP][PASSED] - Statement - counter = counter + 1: null

2018-12-13 00:47:40 - [TEST_STEP][PASSED] - Statement - PreSaveFile = new java.io.File(((pathPrefix + java.lang.Integer.toString(counter)) + .png)): null

2018-12-13 00:47:40 - [TEST_STEP][PASSED] - Statement - counter = counter + 1: null

2018-12-13 00:47:40 - [TEST_STEP][PASSED] - Statement - PreSaveFile = new java.io.File(((pathPrefix + java.lang.Integer.toString(counter)) + .png)): null

2018-12-13 00:47:40 - [TEST_STEP][PASSED] - Statement - counter = counter + 1: null

2018-12-13 00:47:40 - [TEST_STEP][PASSED] - Statement - PreSaveFile = new java.io.File(((pathPrefix + java.lang.Integer.toString(counter)) + .png)): null

2018-12-13 00:47:40 - [TEST_STEP][PASSED] - Statement - counter = counter + 1: null

2018-12-13 00:47:40 - [TEST_STEP][PASSED] - Statement - PreSaveFile = new java.io.File(((pathPrefix + java.lang.Integer.toString(counter)) + .png)): null

2018-12-13 00:47:40 - [TEST_STEP][PASSED] - Statement - counter = counter + 1: null

2018-12-13 00:47:41 - [TEST_STEP][PASSED] - Statement - PreSaveFile = new java.io.File(((pathPrefix + java.lang.Integer.toString(counter)) + .png)): null

2018-12-13 00:47:41 - [TEST_STEP][PASSED] - Statement - counter = counter + 1: null

2018-12-13 00:47:41 - [TEST_STEP][PASSED] - Statement - PreSaveFile = new java.io.File(((pathPrefix + java.lang.Integer.toString(counter)) + .png)): null

2018-12-13 00:47:41 - [TEST_STEP][PASSED] - Statement - counter = counter + 1: null

2018-12-13 00:47:41 - [TEST_STEP][PASSED] - Statement - PreSaveFile = new java.io.File(((pathPrefix + java.lang.Integer.toString(counter)) + .png)): null

2018-12-13 00:47:41 - [TEST_STEP][PASSED] - Statement - counter = counter + 1: null

2018-12-13 00:47:41 - [TEST_STEP][PASSED] - Statement - PreSaveFile = new java.io.File(((pathPrefix + java.lang.Integer.toString(counter)) + .png)): null

2018-12-13 00:47:41 - [TEST_STEP][PASSED] - Statement - counter = counter + 1: null

2018-12-13 00:47:41 - [TEST_STEP][PASSED] - Statement - PreSaveFile = new java.io.File(((pathPrefix + java.lang.Integer.toString(counter)) + .png)): null

2018-12-13 00:47:41 - [TEST_STEP][PASSED] - Statement - counter = counter + 1: null

2018-12-13 00:47:41 - [TEST_STEP][PASSED] - Statement - PreSaveFile = new java.io.File(((pathPrefix + java.lang.Integer.toString(counter)) + .png)): null

2018-12-13 00:47:41 - [TEST_STEP][PASSED] - Statement - counter = counter + 1: null

2018-12-13 00:47:41 - [TEST_STEP][PASSED] - Statement - PreSaveFile = new java.io.File(((pathPrefix + java.lang.Integer.toString(counter)) + .png)): null

2018-12-13 00:47:41 - [TEST_STEP][PASSED] - Statement - counter = counter + 1: null

2018-12-13 00:47:41 - [TEST_STEP][PASSED] - Statement - PreSaveFile = new java.io.File(((pathPrefix + java.lang.Integer.toString(counter)) + .png)): null

2018-12-13 00:47:41 - [TEST_STEP][PASSED] - Statement - counter = counter + 1: null

2018-12-13 00:47:41 - [TEST_STEP][PASSED] - Statement - PreSaveFile = new java.io.File(((pathPrefix + java.lang.Integer.toString(counter)) + .png)): null

2018-12-13 00:47:41 - [TEST_STEP][PASSED] - Statement - counter = counter + 1: null

2018-12-13 00:47:41 - [TEST_STEP][PASSED] - Statement - PreSaveFile = new java.io.File(((pathPrefix + java.lang.Integer.toString(counter)) + .png)): null

2018-12-13 00:47:41 - [TEST_STEP][PASSED] - Statement - counter = counter + 1: null

2018-12-13 00:47:41 - [TEST_STEP][PASSED] - Statement - PreSaveFile = new java.io.File(((pathPrefix + java.lang.Integer.toString(counter)) + .png)): null

2018-12-13 00:47:41 - [TEST_STEP][PASSED] - Statement - counter = counter + 1: null

2018-12-13 00:47:41 - [TEST_STEP][PASSED] - Statement - PreSaveFile = new java.io.File(((pathPrefix + java.lang.Integer.toString(counter)) + .png)): null

2018-12-13 00:47:41 - [TEST_STEP][PASSED] - Statement - counter = counter + 1: null

2018-12-13 00:47:41 - [TEST_STEP][PASSED] - Statement - PreSaveFile = new java.io.File(((pathPrefix + java.lang.Integer.toString(counter)) + .png)): null

2018-12-13 00:47:41 - [TEST_STEP][PASSED] - Statement - counter = counter + 1: null

2018-12-13 00:47:41 - [TEST_STEP][PASSED] - Statement - PreSaveFile = new java.io.File(((pathPrefix + java.lang.Integer.toString(counter)) + .png)): null

2018-12-13 00:47:41 - [TEST_STEP][PASSED] - Statement - counter = counter + 1: null

2018-12-13 00:47:41 - [TEST_STEP][PASSED] - Statement - PreSaveFile = new java.io.File(((pathPrefix + java.lang.Integer.toString(counter)) + .png)): null

2018-12-13 00:47:41 - [TEST_STEP][PASSED] - Statement - counter = counter + 1: null

2018-12-13 00:47:41 - [TEST_STEP][PASSED] - Statement - PreSaveFile = new java.io.File(((pathPrefix + java.lang.Integer.toString(counter)) + .png)): null

2018-12-13 00:47:41 - [TEST_STEP][PASSED] - Statement - counter = counter + 1: null

2018-12-13 00:47:41 - [TEST_STEP][PASSED] - Statement - PreSaveFile = new java.io.File(((pathPrefix + java.lang.Integer.toString(counter)) + .png)): null

2018-12-13 00:47:41 - [TEST_STEP][PASSED] - Statement - counter = counter + 1: null

2018-12-13 00:47:41 - [TEST_STEP][PASSED] - Statement - PreSaveFile = new java.io.File(((pathPrefix + java.lang.Integer.toString(counter)) + .png)): null

2018-12-13 00:47:41 - [TEST_STEP][PASSED] - Statement - counter = counter + 1: null

2018-12-13 00:47:41 - [TEST_STEP][PASSED] - Statement - PreSaveFile = new java.io.File(((pathPrefix + java.lang.Integer.toString(counter)) + .png)): null

2018-12-13 00:47:41 - [TEST_STEP][PASSED] - Statement - counter = counter + 1: null

2018-12-13 00:47:41 - [TEST_STEP][PASSED] - Statement - PreSaveFile = new java.io.File(((pathPrefix + java.lang.Integer.toString(counter)) + .png)): null

2018-12-13 00:47:41 - [TEST_STEP][PASSED] - Statement - counter = counter + 1: null

2018-12-13 00:47:41 - [TEST_STEP][PASSED] - Statement - PreSaveFile = new java.io.File(((pathPrefix + java.lang.Integer.toString(counter)) + .png)): null

2018-12-13 00:47:41 - [TEST_STEP][PASSED] - Statement - counter = counter + 1: null

2018-12-13 00:47:41 - [TEST_STEP][PASSED] - Statement - PreSaveFile = new java.io.File(((pathPrefix + java.lang.Integer.toString(counter)) + .png)): null

2018-12-13 00:47:41 - [TEST_STEP][PASSED] - Statement - counter = counter + 1: null

2018-12-13 00:47:41 - [TEST_STEP][PASSED] - Statement - PreSaveFile = new java.io.File(((pathPrefix + java.lang.Integer.toString(counter)) + .png)): null

2018-12-13 00:47:41 - [TEST_STEP][PASSED] - Statement - counter = counter + 1: null

2018-12-13 00:47:41 - [TEST_STEP][PASSED] - Statement - PreSaveFile = new java.io.File(((pathPrefix + java.lang.Integer.toString(counter)) + .png)): null

2018-12-13 00:47:41 - [TEST_STEP][PASSED] - Statement - counter = counter + 1: null

2018-12-13 00:47:41 - [TEST_STEP][PASSED] - Statement - PreSaveFile = new java.io.File(((pathPrefix + java.lang.Integer.toString(counter)) + .png)): null

2018-12-13 00:47:41 - [TEST_STEP][PASSED] - Statement - counter = counter + 1: null

2018-12-13 00:47:41 - [TEST_STEP][PASSED] - Statement - PreSaveFile = new java.io.File(((pathPrefix + java.lang.Integer.toString(counter)) + .png)): null

2018-12-13 00:47:41 - [TEST_STEP][PASSED] - Statement - counter = counter + 1: null

2018-12-13 00:47:41 - [TEST_STEP][PASSED] - Statement - PreSaveFile = new java.io.File(((pathPrefix + java.lang.Integer.toString(counter)) + .png)): null

2018-12-13 00:47:41 - [TEST_STEP][PASSED] - Statement - counter = counter + 1: null

2018-12-13 00:47:41 - [TEST_STEP][PASSED] - Statement - PreSaveFile = new java.io.File(((pathPrefix + java.lang.Integer.toString(counter)) + .png)): null

2018-12-13 00:47:41 - [TEST_STEP][PASSED] - Statement - counter = counter + 1: null

2018-12-13 00:47:41 - [TEST_STEP][PASSED] - Statement - PreSaveFile = new java.io.File(((pathPrefix + java.lang.Integer.toString(counter)) + .png)): null

2018-12-13 00:47:41 - [TEST_STEP][PASSED] - Statement - counter = counter + 1: null

2018-12-13 00:47:41 - [TEST_STEP][PASSED] - Statement - PreSaveFile = new java.io.File(((pathPrefix + java.lang.Integer.toString(counter)) + .png)): null

2018-12-13 00:47:41 - [TEST_STEP][PASSED] - Statement - counter = counter + 1: null

2018-12-13 00:47:41 - [TEST_STEP][PASSED] - Statement - PreSaveFile = new java.io.File(((pathPrefix + java.lang.Integer.toString(counter)) + .png)): null

2018-12-13 00:47:41 - [TEST_STEP][PASSED] - Statement - counter = counter + 1: null

2018-12-13 00:47:41 - [TEST_STEP][PASSED] - Statement - PreSaveFile = new java.io.File(((pathPrefix + java.lang.Integer.toString(counter)) + .png)): null

2018-12-13 00:47:41 - [TEST_STEP][PASSED] - Statement - counter = counter + 1: null

2018-12-13 00:47:41 - [TEST_STEP][PASSED] - Statement - PreSaveFile = new java.io.File(((pathPrefix + java.lang.Integer.toString(counter)) + .png)): null

2018-12-13 00:47:41 - [TEST_STEP][PASSED] - Statement - counter = counter + 1: null

2018-12-13 00:47:41 - [TEST_STEP][PASSED] - Statement - PreSaveFile = new java.io.File(((pathPrefix + java.lang.Integer.toString(counter)) + .png)): null

2018-12-13 00:47:41 - [TEST_STEP][PASSED] - Statement - counter = counter + 1: null

2018-12-13 00:47:41 - [TEST_STEP][PASSED] - Statement - PreSaveFile = new java.io.File(((pathPrefix + java.lang.Integer.toString(counter)) + .png)): null

2018-12-13 00:47:41 - [TEST_STEP][PASSED] - Statement - counter = counter + 1: null

2018-12-13 00:47:41 - [TEST_STEP][PASSED] - Statement - PreSaveFile = new java.io.File(((pathPrefix + java.lang.Integer.toString(counter)) + .png)): null

2018-12-13 00:47:41 - [TEST_STEP][PASSED] - Statement - counter = counter + 1: null

2018-12-13 00:47:41 - [TEST_STEP][PASSED] - Statement - PreSaveFile = new java.io.File(((pathPrefix + java.lang.Integer.toString(counter)) + .png)): null

2018-12-13 00:47:41 - [TEST_STEP][PASSED] - Statement - counter = counter + 1: null

2018-12-13 00:47:41 - [TEST_STEP][PASSED] - Statement - PreSaveFile = new java.io.File(((pathPrefix + java.lang.Integer.toString(counter)) + .png)): null

2018-12-13 00:47:41 - [TEST_STEP][PASSED] - Statement - counter = counter + 1: null

2018-12-13 00:47:41 - [TEST_STEP][PASSED] - Statement - PreSaveFile = new java.io.File(((pathPrefix + java.lang.Integer.toString(counter)) + .png)): null

2018-12-13 00:47:41 - [TEST_STEP][PASSED] - Statement - counter = counter + 1: null

2018-12-13 00:47:41 - [TEST_STEP][PASSED] - Statement - PreSaveFile = new java.io.File(((pathPrefix + java.lang.Integer.toString(counter)) + .png)): null

2018-12-13 00:47:41 - [TEST_STEP][PASSED] - Statement - counter = counter + 1: null

2018-12-13 00:47:41 - [TEST_STEP][PASSED] - Statement - PreSaveFile = new java.io.File(((pathPrefix + java.lang.Integer.toString(counter)) + .png)): null

2018-12-13 00:47:41 - [TEST_STEP][PASSED] - Statement - counter = counter + 1: null

2018-12-13 00:47:41 - [TEST_STEP][PASSED] - Statement - PreSaveFile = new java.io.File(((pathPrefix + java.lang.Integer.toString(counter)) + .png)): null

2018-12-13 00:47:41 - [TEST_STEP][PASSED] - Statement - counter = counter + 1: null

2018-12-13 00:47:41 - [TEST_STEP][PASSED] - Statement - PreSaveFile = new java.io.File(((pathPrefix + java.lang.Integer.toString(counter)) + .png)): null

2018-12-13 00:47:41 - [TEST_STEP][PASSED] - Statement - counter = counter + 1: null

2018-12-13 00:47:41 - [TEST_STEP][PASSED] - Statement - PreSaveFile = new java.io.File(((pathPrefix + java.lang.Integer.toString(counter)) + .png)): null

2018-12-13 00:47:41 - [TEST_STEP][PASSED] - Statement - counter = counter + 1: null

2018-12-13 00:47:41 - [TEST_STEP][PASSED] - Statement - PreSaveFile = new java.io.File(((pathPrefix + java.lang.Integer.toString(counter)) + .png)): null

2018-12-13 00:47:41 - [TEST_STEP][PASSED] - Statement - counter = counter + 1: null

2018-12-13 00:47:41 - [TEST_STEP][PASSED] - Statement - PreSaveFile = new java.io.File(((pathPrefix + java.lang.Integer.toString(counter)) + .png)): null

2018-12-13 00:47:41 - [TEST_STEP][PASSED] - Statement - counter = counter + 1: null

2018-12-13 00:47:41 - [TEST_STEP][PASSED] - Statement - PreSaveFile = new java.io.File(((pathPrefix + java.lang.Integer.toString(counter)) + .png)): null

2018-12-13 00:47:41 - [TEST_STEP][PASSED] - Statement - counter = counter + 1: null

2018-12-13 00:47:41 - [TEST_STEP][PASSED] - Statement - PreSaveFile = new java.io.File(((pathPrefix + java.lang.Integer.toString(counter)) + .png)): null

2018-12-13 00:47:41 - [TEST_STEP][PASSED] - Statement - counter = counter + 1: null

2018-12-13 00:47:41 - [TEST_STEP][PASSED] - Statement - PreSaveFile = new java.io.File(((pathPrefix + java.lang.Integer.toString(counter)) + .png)): null

2018-12-13 00:47:41 - [TEST_STEP][PASSED] - Statement - counter = counter + 1: null

2018-12-13 00:47:41 - [TEST_STEP][PASSED] - Statement - PreSaveFile = new java.io.File(((pathPrefix + java.lang.Integer.toString(counter)) + .png)): null

2018-12-13 00:47:41 - [TEST_STEP][PASSED] - Statement - counter = counter + 1: null

2018-12-13 00:47:41 - [TEST_STEP][PASSED] - Statement - PreSaveFile = new java.io.File(((pathPrefix + java.lang.Integer.toString(counter)) + .png)): null

2018-12-13 00:47:41 - [TEST_STEP][PASSED] - Statement - counter = counter + 1: null

2018-12-13 00:47:41 - [TEST_STEP][PASSED] - Statement - PreSaveFile = new java.io.File(((pathPrefix + java.lang.Integer.toString(counter)) + .png)): null

2018-12-13 00:47:41 - [TEST_STEP][PASSED] - Statement - counter = counter + 1: null

2018-12-13 00:47:41 - [TEST_STEP][PASSED] - Statement - PreSaveFile = new java.io.File(((pathPrefix + java.lang.Integer.toString(counter)) + .png)): null

2018-12-13 00:47:41 - [TEST_STEP][PASSED] - Statement - counter = counter + 1: null

2018-12-13 00:47:41 - [TEST_STEP][PASSED] - Statement - PreSaveFile = new java.io.File(((pathPrefix + java.lang.Integer.toString(counter)) + .png)): null

2018-12-13 00:47:41 - [TEST_STEP][PASSED] - Statement - counter = counter + 1: null

2018-12-13 00:47:41 - [TEST_STEP][PASSED] - Statement - PreSaveFile = new java.io.File(((pathPrefix + java.lang.Integer.toString(counter)) + .png)): null

2018-12-13 00:47:41 - [TEST_STEP][PASSED] - Statement - counter = counter + 1: null

2018-12-13 00:47:41 - [TEST_STEP][PASSED] - Statement - PreSaveFile = new java.io.File(((pathPrefix + java.lang.Integer.toString(counter)) + .png)): null

2018-12-13 00:47:41 - [TEST_STEP][PASSED] - Statement - counter = counter + 1: null

2018-12-13 00:47:41 - [TEST_STEP][PASSED] - Statement - PreSaveFile = new java.io.File(((pathPrefix + java.lang.Integer.toString(counter)) + .png)): null

2018-12-13 00:47:41 - [TEST_STEP][PASSED] - Statement - counter = counter + 1: null

2018-12-13 00:47:41 - [TEST_STEP][PASSED] - Statement - PreSaveFile = new java.io.File(((pathPrefix + java.lang.Integer.toString(counter)) + .png)): null

2018-12-13 00:47:41 - [TEST_STEP][PASSED] - Statement - counter = counter + 1: null

2018-12-13 00:47:41 - [TEST_STEP][PASSED] - Statement - PreSaveFile = new java.io.File(((pathPrefix + java.lang.Integer.toString(counter)) + .png)): null

2018-12-13 00:47:41 - [TEST_STEP][PASSED] - Statement - counter = counter + 1: null

2018-12-13 00:47:41 - [TEST_STEP][PASSED] - Statement - PreSaveFile = new java.io.File(((pathPrefix + java.lang.Integer.toString(counter)) + .png)): null

2018-12-13 00:47:41 - [TEST_STEP][PASSED] - Statement - counter = counter + 1: null

2018-12-13 00:47:41 - [TEST_STEP][PASSED] - Statement - PreSaveFile = new java.io.File(((pathPrefix + java.lang.Integer.toString(counter)) + .png)): null

2018-12-13 00:47:41 - [TEST_STEP][PASSED] - Statement - counter = counter + 1: null

2018-12-13 00:47:41 - [TEST_STEP][PASSED] - Statement - PreSaveFile = new java.io.File(((pathPrefix + java.lang.Integer.toString(counter)) + .png)): null

2018-12-13 00:47:41 - [TEST_STEP][PASSED] - Statement - counter = counter + 1: null

2018-12-13 00:47:41 - [TEST_STEP][PASSED] - Statement - PreSaveFile = new java.io.File(((pathPrefix + java.lang.Integer.toString(counter)) + .png)): null

2018-12-13 00:47:41 - [TEST_STEP][PASSED] - Statement - counter = counter + 1: null

2018-12-13 00:47:41 - [TEST_STEP][PASSED] - Statement - PreSaveFile = new java.io.File(((pathPrefix + java.lang.Integer.toString(counter)) + .png)): null

2018-12-13 00:47:41 - [TEST_STEP][PASSED] - Statement - counter = counter + 1: null

2018-12-13 00:47:41 - [TEST_STEP][PASSED] - Statement - PreSaveFile = new java.io.File(((pathPrefix + java.lang.Integer.toString(counter)) + .png)): null

2018-12-13 00:47:41 - [TEST_STEP][PASSED] - Statement - counter = counter + 1: null

2018-12-13 00:47:41 - [TEST_STEP][PASSED] - Statement - PreSaveFile = new java.io.File(((pathPrefix + java.lang.Integer.toString(counter)) + .png)): null

2018-12-13 00:47:41 - [TEST_STEP][PASSED] - Statement - counter = counter + 1: null

2018-12-13 00:47:41 - [TEST_STEP][PASSED] - Statement - PreSaveFile = new java.io.File(((pathPrefix + java.lang.Integer.toString(counter)) + .png)): null

2018-12-13 00:47:41 - [TEST_STEP][PASSED] - Statement - counter = counter + 1: null

2018-12-13 00:47:41 - [TEST_STEP][PASSED] - Statement - PreSaveFile = new java.io.File(((pathPrefix + java.lang.Integer.toString(counter)) + .png)): null

2018-12-13 00:47:41 - [TEST_STEP][PASSED] - Statement - counter = counter + 1: null

2018-12-13 00:47:41 - [TEST_STEP][PASSED] - Statement - PreSaveFile = new java.io.File(((pathPrefix + java.lang.Integer.toString(counter)) + .png)): null

2018-12-13 00:47:41 - [TEST_STEP][PASSED] - Statement - counter = counter + 1: null

2018-12-13 00:47:41 - [TEST_STEP][PASSED] - Statement - PreSaveFile = new java.io.File(((pathPrefix + java.lang.Integer.toString(counter)) + .png)): null

2018-12-13 00:47:41 - [TEST_STEP][PASSED] - Statement - counter = counter + 1: null

2018-12-13 00:47:41 - [TEST_STEP][PASSED] - Statement - PreSaveFile = new java.io.File(((pathPrefix + java.lang.Integer.toString(counter)) + .png)): null

2018-12-13 00:47:41 - [TEST_STEP][PASSED] - Statement - counter = counter + 1: null

2018-12-13 00:47:41 - [TEST_STEP][PASSED] - Statement - PreSaveFile = new java.io.File(((pathPrefix + java.lang.Integer.toString(counter)) + .png)): null

2018-12-13 00:47:41 - [TEST_STEP][PASSED] - Statement - counter = counter + 1: null

2018-12-13 00:47:41 - [TEST_STEP][PASSED] - Statement - PreSaveFile = new java.io.File(((pathPrefix + java.lang.Integer.toString(counter)) + .png)): null

2018-12-13 00:47:41 - [TEST_STEP][PASSED] - Statement - counter = counter + 1: null

2018-12-13 00:47:41 - [TEST_STEP][PASSED] - Statement - PreSaveFile = new java.io.File(((pathPrefix + java.lang.Integer.toString(counter)) + .png)): null

2018-12-13 00:47:41 - [TEST_STEP][PASSED] - Statement - counter = counter + 1: null

2018-12-13 00:47:41 - [TEST_STEP][PASSED] - Statement - PreSaveFile = new java.io.File(((pathPrefix + java.lang.Integer.toString(counter)) + .png)): null

2018-12-13 00:47:41 - [TEST_STEP][PASSED] - Statement - counter = counter + 1: null

2018-12-13 00:47:41 - [TEST_STEP][PASSED] - Statement - PreSaveFile = new java.io.File(((pathPrefix + java.lang.Integer.toString(counter)) + .png)): null

2018-12-13 00:47:41 - [TEST_STEP][PASSED] - Statement - counter = counter + 1: null

2018-12-13 00:47:41 - [TEST_STEP][PASSED] - Statement - PreSaveFile = new java.io.File(((pathPrefix + java.lang.Integer.toString(counter)) + .png)): null

2018-12-13 00:47:41 - [TEST_STEP][PASSED] - Statement - counter = counter + 1: null

2018-12-13 00:47:41 - [TEST_STEP][PASSED] - Statement - PreSaveFile = new java.io.File(((pathPrefix + java.lang.Integer.toString(counter)) + .png)): null

2018-12-13 00:47:41 - [TEST_STEP][PASSED] - Statement - counter = counter + 1: null

2018-12-13 00:47:41 - [TEST_STEP][PASSED] - Statement - PreSaveFile = new java.io.File(((pathPrefix + java.lang.Integer.toString(counter)) + .png)): null

2018-12-13 00:47:41 - [TEST_STEP][PASSED] - Statement - counter = counter + 1: null

2018-12-13 00:47:41 - [TEST_STEP][PASSED] - Statement - PreSaveFile = new java.io.File(((pathPrefix + java.lang.Integer.toString(counter)) + .png)): null

2018-12-13 00:47:41 - [TEST_STEP][PASSED] - Statement - counter = counter + 1: null

2018-12-13 00:47:41 - [TEST_STEP][PASSED] - Statement - PreSaveFile = new java.io.File(((pathPrefix + java.lang.Integer.toString(counter)) + .png)): null

2018-12-13 00:47:41 - [TEST_STEP][PASSED] - Statement - counter = counter + 1: null

2018-12-13 00:47:41 - [TEST_STEP][PASSED] - Statement - PreSaveFile = new java.io.File(((pathPrefix + java.lang.Integer.toString(counter)) + .png)): null

2018-12-13 00:47:41 - [TEST_STEP][PASSED] - Statement - counter = counter + 1: null

2018-12-13 00:47:41 - [TEST_STEP][PASSED] - Statement - PreSaveFile = new java.io.File(((pathPrefix + java.lang.Integer.toString(counter)) + .png)): null

2018-12-13 00:47:41 - [TEST_STEP][PASSED] - Statement - counter = counter + 1: null

2018-12-13 00:47:41 - [TEST_STEP][PASSED] - Statement - PreSaveFile = new java.io.File(((pathPrefix + java.lang.Integer.toString(counter)) + .png)): null

2018-12-13 00:47:41 - [TEST_STEP][PASSED] - Statement - counter = counter + 1: null

2018-12-13 00:47:41 - [TEST_STEP][PASSED] - Statement - PreSaveFile = new java.io.File(((pathPrefix + java.lang.Integer.toString(counter)) + .png)): null

2018-12-13 00:47:41 - [TEST_STEP][PASSED] - Statement - counter = counter + 1: null

2018-12-13 00:47:41 - [TEST_STEP][PASSED] - Statement - PreSaveFile = new java.io.File(((pathPrefix + java.lang.Integer.toString(counter)) + .png)): null

2018-12-13 00:47:41 - [TEST_STEP][PASSED] - Statement - counter = counter + 1: null

2018-12-13 00:47:41 - [TEST_STEP][PASSED] - Statement - PreSaveFile = new java.io.File(((pathPrefix + java.lang.Integer.toString(counter)) + .png)): null

2018-12-13 00:47:41 - [TEST_STEP][PASSED] - Statement - counter = counter + 1: null

2018-12-13 00:47:41 - [TEST_STEP][PASSED] - Statement - PreSaveFile = new java.io.File(((pathPrefix + java.lang.Integer.toString(counter)) + .png)): null

2018-12-13 00:47:41 - [TEST_STEP][PASSED] - Statement - counter = counter + 1: null

2018-12-13 00:47:41 - [TEST_STEP][PASSED] - Statement - PreSaveFile = new java.io.File(((pathPrefix + java.lang.Integer.toString(counter)) + .png)): null

2018-12-13 00:47:41 - [TEST_STEP][PASSED] - Statement - counter = counter + 1: null

2018-12-13 00:47:41 - [TEST_STEP][PASSED] - Statement - PreSaveFile = new java.io.File(((pathPrefix + java.lang.Integer.toString(counter)) + .png)): null

2018-12-13 00:47:41 - [TEST_STEP][PASSED] - Statement - counter = counter + 1: null

2018-12-13 00:47:41 - [TEST_STEP][PASSED] - Statement - PreSaveFile = new java.io.File(((pathPrefix + java.lang.Integer.toString(counter)) + .png)): null

2018-12-13 00:47:41 - [TEST_STEP][PASSED] - Statement - counter = counter + 1: null

2018-12-13 00:47:41 - [TEST_STEP][PASSED] - Statement - PreSaveFile = new java.io.File(((pathPrefix + java.lang.Integer.toString(counter)) + .png)): null

2018-12-13 00:47:41 - [TEST_STEP][PASSED] - Statement - counter = counter + 1: null

2018-12-13 00:47:41 - [TEST_STEP][PASSED] - Statement - PreSaveFile = new java.io.File(((pathPrefix + java.lang.Integer.toString(counter)) + .png)): null

2018-12-13 00:47:41 - [TEST_STEP][PASSED] - Statement - counter = counter + 1: null

2018-12-13 00:47:41 - [TEST_STEP][PASSED] - Statement - PreSaveFile = new java.io.File(((pathPrefix + java.lang.Integer.toString(counter)) + .png)): null

2018-12-13 00:47:41 - [TEST_STEP][PASSED] - Statement - counter = counter + 1: null

2018-12-13 00:47:41 - [TEST_STEP][PASSED] - Statement - PreSaveFile = new java.io.File(((pathPrefix + java.lang.Integer.toString(counter)) + .png)): null

2018-12-13 00:47:41 - [TEST_STEP][PASSED] - Statement - counter = counter + 1: null

2018-12-13 00:47:41 - [TEST_STEP][PASSED] - Statement - PreSaveFile = new java.io.File(((pathPrefix + java.lang.Integer.toString(counter)) + .png)): null

2018-12-13 00:47:41 - [TEST_STEP][PASSED] - Statement - counter = counter + 1: null

2018-12-13 00:47:41 - [TEST_STEP][PASSED] - Statement - PreSaveFile = new java.io.File(((pathPrefix + java.lang.Integer.toString(counter)) + .png)): null

2018-12-13 00:47:41 - [TEST_STEP][PASSED] - Statement - counter = counter + 1: null

2018-12-13 00:47:41 - [TEST_STEP][PASSED] - Statement - PreSaveFile = new java.io.File(((pathPrefix + java.lang.Integer.toString(counter)) + .png)): null

2018-12-13 00:47:41 - [TEST_STEP][PASSED] - Statement - counter = counter + 1: null

2018-12-13 00:47:41 - [TEST_STEP][PASSED] - Statement - PreSaveFile = new java.io.File(((pathPrefix + java.lang.Integer.toString(counter)) + .png)): null

2018-12-13 00:47:41 - [TEST_STEP][PASSED] - Statement - counter = counter + 1: null

2018-12-13 00:47:41 - [TEST_STEP][PASSED] - Statement - PreSaveFile = new java.io.File(((pathPrefix + java.lang.Integer.toString(counter)) + .png)): null

2018-12-13 00:47:41 - [TEST_STEP][PASSED] - Statement - counter = counter + 1: null

2018-12-13 00:47:41 - [TEST_STEP][PASSED] - Statement - PreSaveFile = new java.io.File(((pathPrefix + java.lang.Integer.toString(counter)) + .png)): null

2018-12-13 00:47:41 - [TEST_STEP][PASSED] - Statement - counter = counter + 1: null

2018-12-13 00:47:41 - [TEST_STEP][PASSED] - Statement - PreSaveFile = new java.io.File(((pathPrefix + java.lang.Integer.toString(counter)) + .png)): null

2018-12-13 00:47:41 - [TEST_STEP][PASSED] - Statement - counter = counter + 1: null

2018-12-13 00:47:41 - [TEST_STEP][PASSED] - Statement - PreSaveFile = new java.io.File(((pathPrefix + java.lang.Integer.toString(counter)) + .png)): null

2018-12-13 00:47:41 - [TEST_STEP][PASSED] - Statement - counter = counter + 1: null

2018-12-13 00:47:41 - [TEST_STEP][PASSED] - Statement - PreSaveFile = new java.io.File(((pathPrefix + java.lang.Integer.toString(counter)) + .png)): null

2018-12-13 00:47:41 - [TEST_STEP][PASSED] - Statement - counter = counter + 1: null

2018-12-13 00:47:41 - [TEST_STEP][PASSED] - Statement - PreSaveFile = new java.io.File(((pathPrefix + java.lang.Integer.toString(counter)) + .png)): null

2018-12-13 00:47:41 - [TEST_STEP][PASSED] - Statement - counter = counter + 1: null

2018-12-13 00:47:41 - [TEST_STEP][PASSED] - Statement - PreSaveFile = new java.io.File(((pathPrefix + java.lang.Integer.toString(counter)) + .png)): null

2018-12-13 00:47:41 - [TEST_STEP][PASSED] - Statement - counter = counter + 1: null

2018-12-13 00:47:41 - [TEST_STEP][PASSED] - Statement - PreSaveFile = new java.io.File(((pathPrefix + java.lang.Integer.toString(counter)) + .png)): null

2018-12-13 00:47:41 - [TEST_STEP][PASSED] - Statement - counter = counter + 1: null

2018-12-13 00:47:41 - [TEST_STEP][PASSED] - Statement - PreSaveFile = new java.io.File(((pathPrefix + java.lang.Integer.toString(counter)) + .png)): null

2018-12-13 00:47:41 - [TEST_STEP][PASSED] - Statement - counter = counter + 1: null

2018-12-13 00:47:41 - [TEST_STEP][PASSED] - Statement - PreSaveFile = new java.io.File(((pathPrefix + java.lang.Integer.toString(counter)) + .png)): null

2018-12-13 00:47:41 - [TEST_STEP][PASSED] - Statement - counter = counter + 1: null

2018-12-13 00:47:41 - [TEST_STEP][PASSED] - Statement - PreSaveFile = new java.io.File(((pathPrefix + java.lang.Integer.toString(counter)) + .png)): null

2018-12-13 00:47:41 - [TEST_STEP][PASSED] - Statement - counter = counter + 1: null

2018-12-13 00:47:41 - [TEST_STEP][PASSED] - Statement - PreSaveFile = new java.io.File(((pathPrefix + java.lang.Integer.toString(counter)) + .png)): null

2018-12-13 00:47:41 - [TEST_STEP][PASSED] - Statement - counter = counter + 1: null

2018-12-13 00:47:41 - [TEST_STEP][PASSED] - Statement - PreSaveFile = new java.io.File(((pathPrefix + java.lang.Integer.toString(counter)) + .png)): null

2018-12-13 00:47:41 - [TEST_STEP][PASSED] - Statement - counter = counter + 1: null

2018-12-13 00:47:41 - [TEST_STEP][PASSED] - Statement - PreSaveFile = new java.io.File(((pathPrefix + java.lang.Integer.toString(counter)) + .png)): null

2018-12-13 00:47:41 - [TEST_STEP][PASSED] - Statement - counter = counter + 1: null

2018-12-13 00:47:41 - [TEST_STEP][PASSED] - Statement - PreSaveFile = new java.io.File(((pathPrefix + java.lang.Integer.toString(counter)) + .png)): null

2018-12-13 00:47:41 - [TEST_STEP][PASSED] - Statement - counter = counter + 1: null

2018-12-13 00:47:41 - [TEST_STEP][PASSED] - Statement - PreSaveFile = new java.io.File(((pathPrefix + java.lang.Integer.toString(counter)) + .png)): null

2018-12-13 00:47:41 - [TEST_STEP][PASSED] - Statement - counter = counter + 1: null

2018-12-13 00:47:41 - [TEST_STEP][PASSED] - Statement - PreSaveFile = new java.io.File(((pathPrefix + java.lang.Integer.toString(counter)) + .png)): null

2018-12-13 00:47:41 - [TEST_STEP][PASSED] - Statement - counter = counter + 1: null

2018-12-13 00:47:41 - [TEST_STEP][PASSED] - Statement - PreSaveFile = new java.io.File(((pathPrefix + java.lang.Integer.toString(counter)) + .png)): null

2018-12-13 00:47:41 - [TEST_STEP][PASSED] - Statement - counter = counter + 1: null

2018-12-13 00:47:41 - [TEST_STEP][PASSED] - Statement - PreSaveFile = new java.io.File(((pathPrefix + java.lang.Integer.toString(counter)) + .png)): null

2018-12-13 00:47:41 - [TEST_STEP][PASSED] - Statement - counter = counter + 1: null

2018-12-13 00:47:41 - [TEST_STEP][PASSED] - Statement - PreSaveFile = new java.io.File(((pathPrefix + java.lang.Integer.toString(counter)) + .png)): null

2018-12-13 00:47:41 - [TEST_STEP][PASSED] - Statement - counter = counter + 1: null

2018-12-13 00:47:41 - [TEST_STEP][PASSED] - Statement - PreSaveFile = new java.io.File(((pathPrefix + java.lang.Integer.toString(counter)) + .png)): null

2018-12-13 00:47:41 - [TEST_STEP][PASSED] - Statement - counter = counter + 1: null

2018-12-13 00:47:41 - [TEST_STEP][PASSED] - Statement - PreSaveFile = new java.io.File(((pathPrefix + java.lang.Integer.toString(counter)) + .png)): null

2018-12-13 00:47:41 - [TEST_STEP][PASSED] - Statement - counter = counter + 1: null

2018-12-13 00:47:41 - [TEST_STEP][PASSED] - Statement - PreSaveFile = new java.io.File(((pathPrefix + java.lang.Integer.toString(counter)) + .png)): null

2018-12-13 00:47:41 - [TEST_STEP][PASSED] - Statement - counter = counter + 1: null

2018-12-13 00:47:41 - [TEST_STEP][PASSED] - Statement - PreSaveFile = new java.io.File(((pathPrefix + java.lang.Integer.toString(counter)) + .png)): null

2018-12-13 00:47:41 - [TEST_STEP][PASSED] - Statement - counter = counter + 1: null

2018-12-13 00:47:41 - [TEST_STEP][PASSED] - Statement - PreSaveFile = new java.io.File(((pathPrefix + java.lang.Integer.toString(counter)) + .png)): null

2018-12-13 00:47:41 - [TEST_STEP][PASSED] - Statement - counter = counter + 1: null

2018-12-13 00:47:41 - [TEST_STEP][PASSED] - Statement - PreSaveFile = new java.io.File(((pathPrefix + java.lang.Integer.toString(counter)) + .png)): null

2018-12-13 00:47:41 - [TEST_STEP][PASSED] - Statement - counter = counter + 1: null

2018-12-13 00:47:41 - [TEST_STEP][PASSED] - Statement - PreSaveFile = new java.io.File(((pathPrefix + java.lang.Integer.toString(counter)) + .png)): null

2018-12-13 00:47:41 - [TEST_STEP][PASSED] - Statement - counter = counter + 1: null

2018-12-13 00:47:41 - [TEST_STEP][PASSED] - Statement - PreSaveFile = new java.io.File(((pathPrefix + java.lang.Integer.toString(counter)) + .png)): null

2018-12-13 00:47:41 - [TEST_STEP][PASSED] - Statement - counter = counter + 1: null

2018-12-13 00:47:41 - [TEST_STEP][PASSED] - Statement - PreSaveFile = new java.io.File(((pathPrefix + java.lang.Integer.toString(counter)) + .png)): null

2018-12-13 00:47:41 - [TEST_STEP][PASSED] - Statement - counter = counter + 1: null

2018-12-13 00:47:41 - [TEST_STEP][PASSED] - Statement - PreSaveFile = new java.io.File(((pathPrefix + java.lang.Integer.toString(counter)) + .png)): null

2018-12-13 00:47:41 - [TEST_STEP][PASSED] - Statement - counter = counter + 1: null

2018-12-13 00:47:41 - [TEST_STEP][PASSED] - Statement - PreSaveFile = new java.io.File(((pathPrefix + java.lang.Integer.toString(counter)) + .png)): null

2018-12-13 00:47:41 - [TEST_STEP][PASSED] - Statement - counter = counter + 1: null

2018-12-13 00:47:41 - [TEST_STEP][PASSED] - Statement - PreSaveFile = new java.io.File(((pathPrefix + java.lang.Integer.toString(counter)) + .png)): null

2018-12-13 00:47:41 - [TEST_STEP][PASSED] - Statement - counter = counter + 1: null

2018-12-13 00:47:41 - [TEST_STEP][PASSED] - Statement - PreSaveFile = new java.io.File(((pathPrefix + java.lang.Integer.toString(counter)) + .png)): null

2018-12-13 00:47:41 - [TEST_STEP][PASSED] - Statement - counter = counter + 1: null

2018-12-13 00:47:41 - [TEST_STEP][PASSED] - Statement - PreSaveFile = new java.io.File(((pathPrefix + java.lang.Integer.toString(counter)) + .png)): null

2018-12-13 00:47:41 - [TEST_STEP][PASSED] - Statement - counter = counter + 1: null

2018-12-13 00:47:41 - [TEST_STEP][PASSED] - Statement - PreSaveFile = new java.io.File(((pathPrefix + java.lang.Integer.toString(counter)) + .png)): null

2018-12-13 00:47:41 - [TEST_STEP][PASSED] - Statement - counter = counter + 1: null

2018-12-13 00:47:41 - [TEST_STEP][PASSED] - Statement - PreSaveFile = new java.io.File(((pathPrefix + java.lang.Integer.toString(counter)) + .png)): null

2018-12-13 00:47:41 - [TEST_STEP][PASSED] - Statement - counter = counter + 1: null

2018-12-13 00:47:41 - [TEST_STEP][PASSED] - Statement - PreSaveFile = new java.io.File(((pathPrefix + java.lang.Integer.toString(counter)) + .png)): null

2018-12-13 00:47:41 - [TEST_STEP][PASSED] - Statement - counter = counter + 1: null

2018-12-13 00:47:41 - [TEST_STEP][PASSED] - Statement - PreSaveFile = new java.io.File(((pathPrefix + java.lang.Integer.toString(counter)) + .png)): null

2018-12-13 00:47:41 - [TEST_STEP][PASSED] - Statement - counter = counter + 1: null

2018-12-13 00:47:41 - [TEST_STEP][PASSED] - Statement - PreSaveFile = new java.io.File(((pathPrefix + java.lang.Integer.toString(counter)) + .png)): null

2018-12-13 00:47:41 - [TEST_STEP][PASSED] - Statement - counter = counter + 1: null

2018-12-13 00:47:41 - [TEST_STEP][PASSED] - Statement - PreSaveFile = new java.io.File(((pathPrefix + java.lang.Integer.toString(counter)) + .png)): null

2018-12-13 00:47:41 - [TEST_STEP][PASSED] - Statement - counter = counter + 1: null

2018-12-13 00:47:41 - [TEST_STEP][PASSED] - Statement - PreSaveFile = new java.io.File(((pathPrefix + java.lang.Integer.toString(counter)) + .png)): null

2018-12-13 00:47:41 - [TEST_STEP][PASSED] - Statement - counter = counter + 1: null

2018-12-13 00:47:41 - [TEST_STEP][PASSED] - Statement - PreSaveFile = new java.io.File(((pathPrefix + java.lang.Integer.toString(counter)) + .png)): null

2018-12-13 00:47:41 - [TEST_STEP][PASSED] - Statement - counter = counter + 1: null

2018-12-13 00:47:41 - [TEST_STEP][PASSED] - Statement - PreSaveFile = new java.io.File(((pathPrefix + java.lang.Integer.toString(counter)) + .png)): null

2018-12-13 00:47:41 - [TEST_STEP][PASSED] - Statement - counter = counter + 1: null

2018-12-13 00:47:41 - [TEST_STEP][PASSED] - Statement - PreSaveFile = new java.io.File(((pathPrefix + java.lang.Integer.toString(counter)) + .png)): null

2018-12-13 00:47:41 - [TEST_STEP][PASSED] - Statement - counter = counter + 1: null

2018-12-13 00:47:41 - [TEST_STEP][PASSED] - Statement - PreSaveFile = new java.io.File(((pathPrefix + java.lang.Integer.toString(counter)) + .png)): null

2018-12-13 00:47:41 - [TEST_STEP][PASSED] - Statement - counter = counter + 1: null

2018-12-13 00:47:41 - [TEST_STEP][PASSED] - Statement - PreSaveFile = new java.io.File(((pathPrefix + java.lang.Integer.toString(counter)) + .png)): null

2018-12-13 00:47:41 - [TEST_STEP][PASSED] - Statement - counter = counter + 1: null

2018-12-13 00:47:41 - [TEST_STEP][PASSED] - Statement - PreSaveFile = new java.io.File(((pathPrefix + java.lang.Integer.toString(counter)) + .png)): null

2018-12-13 00:47:41 - [TEST_STEP][PASSED] - Statement - counter = counter + 1: null

2018-12-13 00:47:41 - [TEST_STEP][PASSED] - Statement - PreSaveFile = new java.io.File(((pathPrefix + java.lang.Integer.toString(counter)) + .png)): null

2018-12-13 00:47:41 - [TEST_STEP][PASSED] - Statement - counter = counter + 1: null

2018-12-13 00:47:41 - [TEST_STEP][PASSED] - Statement - PreSaveFile = new java.io.File(((pathPrefix + java.lang.Integer.toString(counter)) + .png)): null

2018-12-13 00:47:41 - [TEST_STEP][PASSED] - Statement - counter = counter + 1: null

2018-12-13 00:47:41 - [TEST_STEP][PASSED] - Statement - PreSaveFile = new java.io.File(((pathPrefix + java.lang.Integer.toString(counter)) + .png)): null

2018-12-13 00:47:41 - [TEST_STEP][PASSED] - Statement - counter = counter + 1: null

2018-12-13 00:47:41 - [TEST_STEP][PASSED] - Statement - PreSaveFile = new java.io.File(((pathPrefix + java.lang.Integer.toString(counter)) + .png)): null

2018-12-13 00:47:41 - [TEST_STEP][PASSED] - Statement - counter = counter + 1: null

2018-12-13 00:47:41 - [TEST_STEP][PASSED] - Statement - PreSaveFile = new java.io.File(((pathPrefix + java.lang.Integer.toString(counter)) + .png)): null

2018-12-13 00:47:41 - [TEST_STEP][PASSED] - Statement - counter = counter + 1: null

2018-12-13 00:47:41 - [TEST_STEP][PASSED] - Statement - PreSaveFile = new java.io.File(((pathPrefix + java.lang.Integer.toString(counter)) + .png)): null

2018-12-13 00:47:41 - [TEST_STEP][PASSED] - Statement - counter = counter + 1: null

2018-12-13 00:47:41 - [TEST_STEP][PASSED] - Statement - PreSaveFile = new java.io.File(((pathPrefix + java.lang.Integer.toString(counter)) + .png)): null

2018-12-13 00:47:41 - [TEST_STEP][PASSED] - Statement - counter = counter + 1: null

2018-12-13 00:47:41 - [TEST_STEP][PASSED] - Statement - PreSaveFile = new java.io.File(((pathPrefix + java.lang.Integer.toString(counter)) + .png)): null

2018-12-13 00:47:41 - [TEST_STEP][PASSED] - Statement - counter = counter + 1: null

2018-12-13 00:47:41 - [TEST_STEP][PASSED] - Statement - PreSaveFile = new java.io.File(((pathPrefix + java.lang.Integer.toString(counter)) + .png)): null

2018-12-13 00:47:41 - [TEST_STEP][PASSED] - Statement - counter = counter + 1: null

2018-12-13 00:47:41 - [TEST_STEP][PASSED] - Statement - PreSaveFile = new java.io.File(((pathPrefix + java.lang.Integer.toString(counter)) + .png)): null

2018-12-13 00:47:41 - [TEST_STEP][PASSED] - Statement - counter = counter + 1: null

2018-12-13 00:47:41 - [TEST_STEP][PASSED] - Statement - PreSaveFile = new java.io.File(((pathPrefix + java.lang.Integer.toString(counter)) + .png)): null

2018-12-13 00:47:41 - [TEST_STEP][PASSED] - Statement - finalPath = pathPrefix + java.lang.Integer.toString(counter) + ".png": null

2018-12-13 00:47:41 - [TEST_STEP][PASSED] - Statement - SaveFile = new java.io.File(finalPath): null

2018-12-13 00:47:41 - [TEST_STEP][PASSED] - Statement - Try: null

2018-12-13 00:47:41 - [TEST_STEP][PASSED] - Statement - org.apache.commons.io.FileUtils.copyFile(scrFile, SaveFile): null

2018-12-13 00:47:41 - [TEST_STEP][PASSED] - Statement - out.println("file kept"): null

2018-12-13 00:47:41 - [TEST_STEP][PASSED] - delay: Delayed 10 second(s)

2018-12-13 00:47:51 - [MESSAGE][PASSED] - Delayed 10 second(s)

2018-12-13 00:47:51 - [MESSAGE][PASSED] - Call Test Case 'Test Cases/Final Aug 2018 - PKS Automation/Registration Module/New Registration/Submit and Screenshot/Submit Registration and Screenshot' successfully

2018-12-13 00:47:51 - [TEST_STEP][PASSED] - callTestCase: Call Test Case 'Test Cases/Final Aug 2018 - PKS Automation/Registration Module/Log Out/log out avoiding katalon tagging' successfully

2018-12-13 00:47:51 - [TEST_CASE][PASSED] - Test Cases/Final Aug 2018 - PKS Automation/Registration Module/Log Out/log out avoiding katalon tagging: Test Cases/Final Aug 2018 - PKS Automation/Registration Module/Log Out/log out avoiding katalon tagging

2018-12-13 00:47:51 - [TEST_STEP][PASSED] - navigateToUrl: Navigate to 'https://assist2-uat.perkeso.gov.my/c/portal/logout' successfully

2018-12-13 00:47:52 - [MESSAGE][PASSED] - Navigate to 'https://assist2-uat.perkeso.gov.my/c/portal/logout' successfully

2018-12-13 00:47:52 - [MESSAGE][PASSED] - Call Test Case 'Test Cases/Final Aug 2018 - PKS Automation/Registration Module/Log Out/log out avoiding katalon tagging' successfully

2018-12-13 00:47:52 - [TEST_STEP][PASSED] - callTestCase: Call Test Case 'Test Cases/Final Aug 2018 - PKS Automation/Common/Workflow Owner Finder' successfully

2018-12-13 00:47:52 - [TEST_CASE][PASSED] - Test Cases/Final Aug 2018 - PKS Automation/Common/Workflow Owner Finder: Test Cases/Final Aug 2018 - PKS Automation/Common/Workflow Owner Finder

2018-12-13 00:47:52 - [TEST_STEP][PASSED] - openBrowser: Browser is opened with url: ''

2018-12-13 00:47:52 - [MESSAGE][WARNING] - A browser is already opened. Closing browser and opening a new one

2018-12-13 00:47:56 - [MESSAGE][PASSED] - Browser is opened with url: ''

2018-12-13 00:47:56 - [TEST_STEP][PASSED] - navigateToUrl: Navigate to 'https://assist2-uat.perkeso.gov.my/login' successfully

2018-12-13 00:47:57 - [MESSAGE][PASSED] - Navigate to 'https://assist2-uat.perkeso.gov.my/login' successfully

2018-12-13 00:47:57 - [TEST_STEP][PASSED] - delay: Delayed 5 second(s)

2018-12-13 00:48:02 - [MESSAGE][PASSED] - Delayed 5 second(s)

2018-12-13 00:48:02 - [TEST_STEP][PASSED] - setText: Text 'test@liferay.com' is set on object 'Object Repository/Final Object Repo/Login Page/Internal User/Email Address'

2018-12-13 00:48:02 - [MESSAGE][PASSED] - Text 'test@liferay.com' is set on object 'Object Repository/Final Object Repo/Login Page/Internal User/Email Address'

2018-12-13 00:48:02 - [TEST_STEP][PASSED] - click: Object: 'Object Repository/Final Object Repo/Login Page/Internal User/Next Button' is clicked on

2018-12-13 00:48:02 - [MESSAGE][PASSED] - Object: 'Object Repository/Final Object Repo/Login Page/Internal User/Next Button' is clicked on

2018-12-13 00:48:02 - [TEST_STEP][PASSED] - delay: Delayed 2 second(s)

2018-12-13 00:48:04 - [MESSAGE][PASSED] - Delayed 2 second(s)

2018-12-13 00:48:04 - [TEST_STEP][PASSED] - setText: Text 'test' is set on object 'Object Repository/Final Object Repo/Login Page/Internal User/Password'

2018-12-13 00:48:05 - [MESSAGE][PASSED] - Text 'test' is set on object 'Object Repository/Final Object Repo/Login Page/Internal User/Password'

2018-12-13 00:48:05 - [TEST_STEP][PASSED] - delay: Delayed 2 second(s)

2018-12-13 00:48:07 - [MESSAGE][PASSED] - Delayed 2 second(s)

2018-12-13 00:48:07 - [TEST_STEP][PASSED] - click: Object: 'Object Repository/Final Object Repo/Login Page/Internal User/Login Button' is clicked on

2018-12-13 00:48:07 - [MESSAGE][PASSED] - Object: 'Object Repository/Final Object Repo/Login Page/Internal User/Login Button' is clicked on

2018-12-13 00:48:07 - [TEST_STEP][PASSED] - Statement - tester = com.kms.katalon.core.testobject.ObjectRepository.findTestObject(Final Object Repo/Landing Page/Select to English): Finding Test Object with id 'Object Repository/Final Object Repo/Landing Page/Select to English'

2018-12-13 00:48:07 - [TEST_STEP][PASSED] - Statement - Try: Delayed 2 second(s)

2018-12-13 00:48:07 - [TEST_STEP][PASSED] - Statement - Checker = com.kms.katalon.core.webui.keyword.WebUiBuiltInKeywords.verifyElementNotPresent(tester, 3): Web element with id: 'Object Repository/Final Object Repo/Landing Page/Select to English' located by 'By.xpath: //a[@class = 'taglib-language-list-text' and @lang = 'en-US' and (contains(text(), 'EN') or contains(., 'EN'))]' is not present after '3' second(s)

2018-12-13 00:48:08 - [MESSAGE][PASSED] - Web element with id: 'Object Repository/Final Object Repo/Landing Page/Select to English' located by 'By.xpath: //a[@class = 'taglib-language-list-text' and @lang = 'en-US' and (contains(text(), 'EN') or contains(., 'EN'))]' is not present after '3' second(s)

2018-12-13 00:48:08 - [TEST_STEP][PASSED] - Statement - If (Checker == false): null

2018-12-13 00:48:08 - [TEST_STEP][PASSED] - delay: Delayed 2 second(s)

2018-12-13 00:48:10 - [MESSAGE][PASSED] - Delayed 2 second(s)

2018-12-13 00:48:10 - [TEST_STEP][PASSED] - delay: Delayed 5 second(s)

2018-12-13 00:48:15 - [MESSAGE][PASSED] - Delayed 5 second(s)

2018-12-13 00:48:15 - [TEST_STEP][PASSED] - mouseOver: Object: 'Object Repository/Final Object Repo/Landing Page/WorkFlow Menu' is hovered

2018-12-13 00:48:16 - [MESSAGE][PASSED] - Object: 'Object Repository/Final Object Repo/Landing Page/WorkFlow Menu' is hovered

2018-12-13 00:48:16 - [TEST_STEP][PASSED] - delay: Delayed 2 second(s)

2018-12-13 00:48:18 - [MESSAGE][PASSED] - Delayed 2 second(s)

2018-12-13 00:48:18 - [TEST_STEP][PASSED] - click: Object: 'Object Repository/Final Object Repo/Landing Page/Select to Workflow Listing' is clicked on

2018-12-13 00:48:19 - [MESSAGE][PASSED] - Object: 'Object Repository/Final Object Repo/Landing Page/Select to Workflow Listing' is clicked on

2018-12-13 00:48:19 - [TEST_STEP][PASSED] - delay: Delayed 2 second(s)

2018-12-13 00:48:21 - [MESSAGE][PASSED] - Delayed 2 second(s)

2018-12-13 00:48:21 - [TEST_STEP][PASSED] - click: Object: 'Object Repository/Final Object Repo/WorkFlow Listing Page/Search Information - To Put Ref No' is clicked on

2018-12-13 00:48:21 - [MESSAGE][PASSED] - Object: 'Object Repository/Final Object Repo/WorkFlow Listing Page/Search Information - To Put Ref No' is clicked on

2018-12-13 00:48:21 - [TEST_STEP][PASSED] - delay: Delayed 2 second(s)

2018-12-13 00:48:23 - [MESSAGE][PASSED] - Delayed 2 second(s)

2018-12-13 00:48:23 - [TEST_STEP][PASSED] - callTestCase: Call Test Case 'Test Cases/Final Aug 2018 - PKS Automation/Common/Reference Number Getter' successfully

2018-12-13 00:48:23 - [TEST_CASE][PASSED] - Test Cases/Final Aug 2018 - PKS Automation/Common/Reference Number Getter: Test Cases/Final Aug 2018 - PKS Automation/Common/Reference Number Getter

2018-12-13 00:48:23 - [TEST_STEP][PASSED] - Statement - Try: null

2018-12-13 00:48:23 - [TEST_STEP][PASSED] - Statement - RefNo = new java.io.File(C://Users//Admin//Desktop//PKS//Automation Reference Point//KatalonReference.txt): null

2018-12-13 00:48:23 - [TEST_STEP][PASSED] - Statement - bufferread = new java.io.BufferedReader(new java.io.FileReader(RefNo)): null

2018-12-13 00:48:23 - [TEST_STEP][PASSED] - Statement - readedVal = bufferread.readLine(): null

2018-12-13 00:48:23 - [TEST_STEP][PASSED] - Statement - out.println(CaseReferenceNo): null

2018-12-13 00:48:23 - [TEST_STEP][PASSED] - Statement - out.println(readedVal): null

2018-12-13 00:48:23 - [TEST_STEP][PASSED] - Statement - CaseReferenceNo = "": null

2018-12-13 00:48:23 - [TEST_STEP][PASSED] - Statement - CaseReferenceNo = readedVal: null

2018-12-13 00:48:23 - [MESSAGE][PASSED] - Call Test Case 'Test Cases/Final Aug 2018 - PKS Automation/Common/Reference Number Getter' successfully

2018-12-13 00:48:23 - [TEST_STEP][PASSED] - setText: Text 'CRN12201800123254' is set on object 'Object Repository/Final Object Repo/WorkFlow Listing Page/Ref No Set Text'

2018-12-13 00:48:23 - [MESSAGE][PASSED] - Text 'CRN12201800123254' is set on object 'Object Repository/Final Object Repo/WorkFlow Listing Page/Ref No Set Text'

2018-12-13 00:48:23 - [TEST_STEP][PASSED] - delay: Delayed 2 second(s)

2018-12-13 00:48:25 - [MESSAGE][PASSED] - Delayed 2 second(s)

2018-12-13 00:48:25 - [TEST_STEP][PASSED] - click: Object: 'Object Repository/Final Object Repo/WorkFlow Listing Page/Search Ref No Search Button' is clicked on

2018-12-13 00:48:25 - [MESSAGE][PASSED] - Object: 'Object Repository/Final Object Repo/WorkFlow Listing Page/Search Ref No Search Button' is clicked on

2018-12-13 00:48:25 - [TEST_STEP][PASSED] - delay: Delayed 6 second(s)

2018-12-13 00:48:31 - [MESSAGE][PASSED] - Delayed 6 second(s)

2018-12-13 00:48:31 - [TEST_STEP][PASSED] - click: Object: 'Object Repository/Final Object Repo/WorkFlow Listing Page/Click Continue Tooltip' is clicked on

2018-12-13 00:48:32 - [MESSAGE][PASSED] - Object: 'Object Repository/Final Object Repo/WorkFlow Listing Page/Click Continue Tooltip' is clicked on

2018-12-13 00:48:32 - [TEST_STEP][PASSED] - delay: Delayed 5 second(s)

2018-12-13 00:48:37 - [MESSAGE][PASSED] - Delayed 5 second(s)

2018-12-13 00:48:37 - [TEST_STEP][PASSED] - doubleClick: Object: 'Object Repository/Final Object Repo/WorkFlow Listing Page/Workflow Found - Listing 1' is double clicked on

2018-12-13 00:48:37 - [MESSAGE][PASSED] - Object: 'Object Repository/Final Object Repo/WorkFlow Listing Page/Workflow Found - Listing 1' is double clicked on

2018-12-13 00:48:37 - [TEST_STEP][PASSED] - Statement - println(OwnerID): null

2018-12-13 00:48:37 - [TEST_STEP][PASSED] - Statement - OwnerID = com.kms.katalon.core.webui.keyword.WebUiBuiltInKeywords.getText(com.kms.katalon.core.testobject.ObjectRepository.findTestObject(Final Object Repo/WorkFlow Listing Page/Workflow Found - Listing 1), STOP_ON_FAILURE): Text of object 'Object Repository/Final Object Repo/WorkFlow Listing Page/Workflow Found - Listing 1' is: 'JOHORro1'

2018-12-13 00:48:37 - [MESSAGE][PASSED] - Text of object 'Object Repository/Final Object Repo/WorkFlow Listing Page/Workflow Found - Listing 1' is: 'JOHORro1'

2018-12-13 00:48:37 - [TEST_STEP][PASSED] - Statement - OwnerID = OwnerID.toLowerCase() + "@gmail.com": null

2018-12-13 00:48:37 - [TEST_STEP][PASSED] - Statement - println(OwnerID): null

2018-12-13 00:48:37 - [TEST_STEP][PASSED] - delay: Delayed 2 second(s)

2018-12-13 00:48:39 - [MESSAGE][PASSED] - Delayed 2 second(s)

2018-12-13 00:48:39 - [MESSAGE][PASSED] - Call Test Case 'Test Cases/Final Aug 2018 - PKS Automation/Common/Workflow Owner Finder' successfully

2018-12-13 00:48:39 - [TEST_STEP][PASSED] - callTestCase: Call Test Case 'Test Cases/Final Aug 2018 - PKS Automation/Registration Module/Log Out/log out avoiding katalon tagging' successfully

2018-12-13 00:48:39 - [TEST_CASE][PASSED] - Test Cases/Final Aug 2018 - PKS Automation/Registration Module/Log Out/log out avoiding katalon tagging: Test Cases/Final Aug 2018 - PKS Automation/Registration Module/Log Out/log out avoiding katalon tagging

2018-12-13 00:48:39 - [TEST_STEP][PASSED] - navigateToUrl: Navigate to 'https://assist2-uat.perkeso.gov.my/c/portal/logout' successfully

2018-12-13 00:48:40 - [MESSAGE][PASSED] - Navigate to 'https://assist2-uat.perkeso.gov.my/c/portal/logout' successfully

2018-12-13 00:48:40 - [MESSAGE][PASSED] - Call Test Case 'Test Cases/Final Aug 2018 - PKS Automation/Registration Module/Log Out/log out avoiding katalon tagging' successfully

2018-12-13 00:48:40 - [TEST_STEP][PASSED] - delay: Delayed 2 second(s)

2018-12-13 00:48:42 - [MESSAGE][PASSED] - Delayed 2 second(s)

2018-12-13 00:48:42 - [TEST_STEP][PASSED] - setText: Text 'johorro1@gmail.com' is set on object 'Object Repository/Final Object Repo/New Registration - Registration Module Pages/New Reg - OTC to RO/Special Case - All Related Objects/Email TextBox'

2018-12-13 00:48:43 - [MESSAGE][PASSED] - Text 'johorro1@gmail.com' is set on object 'Object Repository/Final Object Repo/New Registration - Registration Module Pages/New Reg - OTC to RO/Special Case - All Related Objects/Email TextBox'

2018-12-13 00:48:43 - [TEST_STEP][PASSED] - click: Object: 'Object Repository/Final Object Repo/New Registration - Registration Module Pages/New Reg - OTC to RO/Special Case - All Related Objects/Next Button' is clicked on

2018-12-13 00:48:43 - [MESSAGE][PASSED] - Object: 'Object Repository/Final Object Repo/New Registration - Registration Module Pages/New Reg - OTC to RO/Special Case - All Related Objects/Next Button' is clicked on

2018-12-13 00:48:43 - [TEST_STEP][PASSED] - delay: Delayed 2 second(s)

2018-12-13 00:48:45 - [MESSAGE][PASSED] - Delayed 2 second(s)

2018-12-13 00:48:45 - [TEST_STEP][PASSED] - setText: Text 'Test1@3456789' is set on object 'Object Repository/Final Object Repo/New Registration - Registration Module Pages/New Reg - OTC to RO/Special Case - All Related Objects/Password TextBox'

2018-12-13 00:48:45 - [MESSAGE][PASSED] - Text 'Test1@3456789' is set on object 'Object Repository/Final Object Repo/New Registration - Registration Module Pages/New Reg - OTC to RO/Special Case - All Related Objects/Password TextBox'

2018-12-13 00:48:45 - [TEST_STEP][PASSED] - delay: Delayed 2 second(s)

2018-12-13 00:48:47 - [MESSAGE][PASSED] - Delayed 2 second(s)

2018-12-13 00:48:47 - [TEST_STEP][PASSED] - click: Object: 'Object Repository/Final Object Repo/New Registration - Registration Module Pages/New Reg - OTC to RO/Special Case - All Related Objects/Login Button' is clicked on

2018-12-13 00:48:47 - [MESSAGE][PASSED] - Object: 'Object Repository/Final Object Repo/New Registration - Registration Module Pages/New Reg - OTC to RO/Special Case - All Related Objects/Login Button' is clicked on

2018-12-13 00:48:47 - [TEST_STEP][PASSED] - delay: Delayed 2 second(s)

2018-12-13 00:48:49 - [MESSAGE][PASSED] - Delayed 2 second(s)

2018-12-13 00:48:49 - [TEST_STEP][PASSED] - Statement - Try: null

2018-12-13 00:48:49 - [TEST_STEP][PASSED] - Statement - Checker = com.kms.katalon.core.webui.keyword.WebUiBuiltInKeywords.verifyElementNotPresent("Final Object Repo/Landing Page/Select to English", 3): null

2018-12-13 00:48:49 - [TEST_STEP][PASSED] - Statement - Catch (Exception e): null

2018-12-13 00:48:49 - [TEST_STEP][PASSED] - Statement - e.printStackTrace(): null

2018-12-13 00:48:49 - [TEST_STEP][PASSED] - click: Object: 'Object Repository/Final Object Repo/New Registration - Registration Module Pages/New Reg - OTC to RO/Special Case - All Related Objects/Expand to Search' is clicked on

2018-12-13 00:48:49 - [MESSAGE][PASSED] - Object: 'Object Repository/Final Object Repo/New Registration - Registration Module Pages/New Reg - OTC to RO/Special Case - All Related Objects/Expand to Search' is clicked on

2018-12-13 00:48:49 - [TEST_STEP][FAILED] - setText: Unable to set text 'CRN12201800123254' of object 'Object Repository/Final Object Repo/New Registration - Registration Module Pages/New Reg - OTC to RO/Special Case - All Related Objects/TextBox RefNo in Workbasket' (Root cause: org.openqa.selenium.ElementNotVisibleException: element not interactable
  (Session info: chrome=70.0.3538.110)
  (Driver info: chromedriver=2.43.600210 (68dcf5eebde37173d4027fa8635e332711d2874a),platform=Windows NT 6.1.7601 SP1 x86_64) (WARNING: The server did not provide any stacktrace information)
Command duration or timeout: 0 milliseconds
Build info: version: '3.7.1', revision: '8a0099a', time: '2017-11-06T21:07:36.161Z'
System info: host: 'WIN7TEST02', ip: '10.20.3.72', os.name: 'Windows 7', os.arch: 'amd64', os.version: '6.1', java.version: '1.8.0_181'
Driver info: com.kms.katalon.selenium.driver.CChromeDriver
Capabilities {acceptInsecureCerts: false, acceptSslCerts: false, applicationCacheEnabled: false, browserConnectionEnabled: false, browserName: chrome, chrome: {chromedriverVersion: 2.43.600210 (68dcf5eebde371..., userDataDir: C:\Users\Admin\AppData\Loca...}, cssSelectorsEnabled: true, databaseEnabled: false, goog:chromeOptions: {debuggerAddress: localhost:59766}, handlesAlerts: true, hasTouchScreen: false, javascriptEnabled: true, locationContextEnabled: true, mobileEmulationEnabled: false, nativeEvents: true, networkConnectionEnabled: false, pageLoadStrategy: normal, platform: XP, platformName: XP, rotatable: false, setWindowRect: true, takesHeapSnapshot: true, takesScreenshot: true, unexpectedAlertBehaviour: , unhandledPromptBehavior: , version: 70.0.3538.110, webStorageEnabled: true}
Session ID: 72ebcebbdd05778f2e4385996f0a9eb0)

2018-12-13 00:48:50 - [MESSAGE][FAILED] - Unable to set text 'CRN12201800123254' of object 'Object Repository/Final Object Repo/New Registration - Registration Module Pages/New Reg - OTC to RO/Special Case - All Related Objects/TextBox RefNo in Workbasket' (Root cause: org.openqa.selenium.ElementNotVisibleException: element not interactable
  (Session info: chrome=70.0.3538.110)
  (Driver info: chromedriver=2.43.600210 (68dcf5eebde37173d4027fa8635e332711d2874a),platform=Windows NT 6.1.7601 SP1 x86_64) (WARNING: The server did not provide any stacktrace information)
Command duration or timeout: 0 milliseconds
Build info: version: '3.7.1', revision: '8a0099a', time: '2017-11-06T21:07:36.161Z'
System info: host: 'WIN7TEST02', ip: '10.20.3.72', os.name: 'Windows 7', os.arch: 'amd64', os.version: '6.1', java.version: '1.8.0_181'
Driver info: com.kms.katalon.selenium.driver.CChromeDriver
Capabilities {acceptInsecureCerts: false, acceptSslCerts: false, applicationCacheEnabled: false, browserConnectionEnabled: false, browserName: chrome, chrome: {chromedriverVersion: 2.43.600210 (68dcf5eebde371..., userDataDir: C:\Users\Admin\AppData\Loca...}, cssSelectorsEnabled: true, databaseEnabled: false, goog:chromeOptions: {debuggerAddress: localhost:59766}, handlesAlerts: true, hasTouchScreen: false, javascriptEnabled: true, locationContextEnabled: true, mobileEmulationEnabled: false, nativeEvents: true, networkConnectionEnabled: false, pageLoadStrategy: normal, platform: XP, platformName: XP, rotatable: false, setWindowRect: true, takesHeapSnapshot: true, takesScreenshot: true, unexpectedAlertBehaviour: , unhandledPromptBehavior: , version: 70.0.3538.110, webStorageEnabled: true}
Session ID: 72ebcebbdd05778f2e4385996f0a9eb0)
[[ATTACHMENT|C:\\Users\\Admin\\Desktop\\PKS\\Perkeso Phase A\\Reports\\Workflow\\New Registration\\20181212_204826\\1544633329885.png]]

2018-12-13 00:48:50 - [TEST_STEP][PASSED] - delay: Delayed 2 second(s)

2018-12-13 00:48:52 - [MESSAGE][PASSED] - Delayed 2 second(s)

2018-12-13 00:48:52 - [TEST_STEP][PASSED] - click: Object: 'Object Repository/Final Object Repo/New Registration - Registration Module Pages/New Reg - OTC to RO/Special Case - All Related Objects/Click Search' is clicked on

2018-12-13 00:48:52 - [MESSAGE][PASSED] - Object: 'Object Repository/Final Object Repo/New Registration - Registration Module Pages/New Reg - OTC to RO/Special Case - All Related Objects/Click Search' is clicked on

2018-12-13 00:48:52 - [TEST_STEP][PASSED] - delay: Delayed 2 second(s)

2018-12-13 00:48:54 - [MESSAGE][PASSED] - Delayed 2 second(s)

2018-12-13 00:48:54 - [TEST_STEP][PASSED] - click: Object: 'Object Repository/Final Object Repo/New Registration - Registration Module Pages/New Reg - OTC to RO/Special Case - All Related Objects/Click to Continue Workflow' is clicked on

2018-12-13 00:48:57 - [MESSAGE][PASSED] - Object: 'Object Repository/Final Object Repo/New Registration - Registration Module Pages/New Reg - OTC to RO/Special Case - All Related Objects/Click to Continue Workflow' is clicked on

2018-12-13 00:48:57 - [TEST_STEP][PASSED] - delay: Delayed 2 second(s)

2018-12-13 00:48:59 - [MESSAGE][PASSED] - Delayed 2 second(s)

2018-12-13 00:48:59 - [TEST_STEP][PASSED] - click: Object: 'Object Repository/Final Object Repo/New Registration - Registration Module Pages/New Reg - OTC to RO/Special Case - All Related Objects/Continue Button in verifying case' is clicked on

2018-12-13 00:49:01 - [MESSAGE][PASSED] - Object: 'Object Repository/Final Object Repo/New Registration - Registration Module Pages/New Reg - OTC to RO/Special Case - All Related Objects/Continue Button in verifying case' is clicked on

2018-12-13 00:49:01 - [TEST_STEP][PASSED] - delay: Delayed 2 second(s)

2018-12-13 00:49:03 - [MESSAGE][PASSED] - Delayed 2 second(s)

2018-12-13 00:49:03 - [TEST_STEP][PASSED] - click: Object: 'Object Repository/Final Object Repo/New Registration - Registration Module Pages/Form 1/Registered As a Branch - Yes' is clicked on

2018-12-13 00:49:04 - [MESSAGE][PASSED] - Object: 'Object Repository/Final Object Repo/New Registration - Registration Module Pages/Form 1/Registered As a Branch - Yes' is clicked on

2018-12-13 00:49:04 - [TEST_STEP][PASSED] - delay: Delayed 2 second(s)

2018-12-13 00:49:06 - [MESSAGE][PASSED] - Delayed 2 second(s)

2018-12-13 00:49:06 - [TEST_STEP][PASSED] - click: Object: 'Object Repository/Final Object Repo/New Registration - Registration Module Pages/New Reg - OTC to RO/Special Case - All Related Objects/Form 1 Save n Continue' is clicked on

2018-12-13 00:49:06 - [MESSAGE][PASSED] - Object: 'Object Repository/Final Object Repo/New Registration - Registration Module Pages/New Reg - OTC to RO/Special Case - All Related Objects/Form 1 Save n Continue' is clicked on

2018-12-13 00:49:06 - [TEST_STEP][PASSED] - delay: Delayed 2 second(s)

2018-12-13 00:49:08 - [MESSAGE][PASSED] - Delayed 2 second(s)

2018-12-13 00:49:08 - [TEST_STEP][PASSED] - click: Object: 'Object Repository/Final Object Repo/New Registration - Registration Module Pages/New Reg - OTC to RO/Special Case - All Related Objects/Form 2 Save n Continue' is clicked on

2018-12-13 00:49:08 - [MESSAGE][PASSED] - Object: 'Object Repository/Final Object Repo/New Registration - Registration Module Pages/New Reg - OTC to RO/Special Case - All Related Objects/Form 2 Save n Continue' is clicked on

2018-12-13 00:49:08 - [TEST_STEP][PASSED] - delay: Delayed 2 second(s)

2018-12-13 00:49:10 - [MESSAGE][PASSED] - Delayed 2 second(s)

2018-12-13 00:49:10 - [TEST_STEP][PASSED] - click: Object: 'Object Repository/Final Object Repo/New Registration - Registration Module Pages/New Reg - OTC to RO/Special Case - All Related Objects/Third Screen Save n Continue' is clicked on

2018-12-13 00:49:15 - [MESSAGE][PASSED] - Object: 'Object Repository/Final Object Repo/New Registration - Registration Module Pages/New Reg - OTC to RO/Special Case - All Related Objects/Third Screen Save n Continue' is clicked on

2018-12-13 00:49:15 - [TEST_STEP][PASSED] - delay: Delayed 5 second(s)

2018-12-13 00:49:20 - [MESSAGE][PASSED] - Delayed 5 second(s)

2018-12-13 00:49:20 - [TEST_STEP][PASSED] - click: Object: 'Object Repository/Final Object Repo/New Registration - Registration Module Pages/New Reg - OTC to RO/Special Case - All Related Objects/Upload Doc Page Save n Continue' is clicked on

2018-12-13 00:49:20 - [MESSAGE][PASSED] - Object: 'Object Repository/Final Object Repo/New Registration - Registration Module Pages/New Reg - OTC to RO/Special Case - All Related Objects/Upload Doc Page Save n Continue' is clicked on

2018-12-13 00:49:20 - [TEST_STEP][PASSED] - callTestCase: Call Test Case 'Test Cases/Final Aug 2018 - PKS Automation/Registration Module/New Registration/Submit and Screenshot/Submit Registration and Screenshot' successfully

2018-12-13 00:49:20 - [TEST_CASE][PASSED] - Test Cases/Final Aug 2018 - PKS Automation/Registration Module/New Registration/Submit and Screenshot/Submit Registration and Screenshot: Test Cases/Final Aug 2018 - PKS Automation/Registration Module/New Registration/Submit and Screenshot/Submit Registration and Screenshot

2018-12-13 00:49:20 - [TEST_STEP][PASSED] - delay: Delayed 6 second(s)

2018-12-13 00:49:26 - [MESSAGE][PASSED] - Delayed 6 second(s)

2018-12-13 00:49:26 - [TEST_STEP][PASSED] - click: Object: 'Object Repository/Final Object Repo/New Registration - Registration Module Pages/Third Screen - Upload Supporting Doc- Preview/Preview Submit Button' is clicked on

2018-12-13 00:49:27 - [MESSAGE][PASSED] - Object: 'Object Repository/Final Object Repo/New Registration - Registration Module Pages/Third Screen - Upload Supporting Doc- Preview/Preview Submit Button' is clicked on

2018-12-13 00:49:27 - [TEST_STEP][PASSED] - delay: Delayed 2 second(s)

2018-12-13 00:49:29 - [MESSAGE][PASSED] - Delayed 2 second(s)

2018-12-13 00:49:29 - [TEST_STEP][PASSED] - click: Object: 'Object Repository/Final Object Repo/New Registration - Registration Module Pages/Third Screen - Upload Supporting Doc- Preview/Preview Submit - Confirm' is clicked on

2018-12-13 00:49:29 - [MESSAGE][PASSED] - Object: 'Object Repository/Final Object Repo/New Registration - Registration Module Pages/Third Screen - Upload Supporting Doc- Preview/Preview Submit - Confirm' is clicked on

2018-12-13 00:49:29 - [TEST_STEP][PASSED] - delay: Delayed 15 second(s)

2018-12-13 00:49:44 - [MESSAGE][PASSED] - Delayed 15 second(s)

2018-12-13 00:49:44 - [TEST_STEP][PASSED] - Statement - driver = com.kms.katalon.core.webui.driver.DriverFactory.getWebDriver(): null

2018-12-13 00:49:44 - [TEST_STEP][PASSED] - Statement - driver.manage().timeouts().implicitlyWait(10, SECONDS): null

2018-12-13 00:49:44 - [TEST_STEP][PASSED] - Statement - PresavePath = KatalonScreenshots: null

2018-12-13 00:49:44 - [TEST_STEP][PASSED] - Statement - pathPrefix = "C:\Users\Public\Pictures\Sample Pictures\Katalon Screenshots\Automate Ending Screen": null

2018-12-13 00:49:44 - [TEST_STEP][PASSED] - Statement - finalPath = <not implemented yet for class: org.codehaus.groovy.ast.expr.EmptyExpression>: null

2018-12-13 00:49:44 - [TEST_STEP][PASSED] - Statement - scrFile = driver.getScreenshotAs(FILE): null

2018-12-13 00:49:44 - [TEST_STEP][PASSED] - Statement - PreSaveFile = new java.io.File(PresavePath): null

2018-12-13 00:49:44 - [TEST_STEP][PASSED] - Statement - counter = 0: null

2018-12-13 00:49:44 - [TEST_STEP][PASSED] - Statement - If (PreSaveFile.exists()): null

2018-12-13 00:49:44 - [TEST_STEP][PASSED] - Statement - While (PreSaveFile.exists()): null

2018-12-13 00:49:44 - [TEST_STEP][PASSED] - Statement - counter = counter + 1: null

2018-12-13 00:49:44 - [TEST_STEP][PASSED] - Statement - PreSaveFile = new java.io.File(((pathPrefix + java.lang.Integer.toString(counter)) + .png)): null

2018-12-13 00:49:44 - [TEST_STEP][PASSED] - Statement - counter = counter + 1: null

2018-12-13 00:49:44 - [TEST_STEP][PASSED] - Statement - PreSaveFile = new java.io.File(((pathPrefix + java.lang.Integer.toString(counter)) + .png)): null

2018-12-13 00:49:44 - [TEST_STEP][PASSED] - Statement - counter = counter + 1: null

2018-12-13 00:49:44 - [TEST_STEP][PASSED] - Statement - PreSaveFile = new java.io.File(((pathPrefix + java.lang.Integer.toString(counter)) + .png)): null

2018-12-13 00:49:44 - [TEST_STEP][PASSED] - Statement - counter = counter + 1: null

2018-12-13 00:49:44 - [TEST_STEP][PASSED] - Statement - PreSaveFile = new java.io.File(((pathPrefix + java.lang.Integer.toString(counter)) + .png)): null

2018-12-13 00:49:44 - [TEST_STEP][PASSED] - Statement - counter = counter + 1: null

2018-12-13 00:49:44 - [TEST_STEP][PASSED] - Statement - PreSaveFile = new java.io.File(((pathPrefix + java.lang.Integer.toString(counter)) + .png)): null

2018-12-13 00:49:44 - [TEST_STEP][PASSED] - Statement - counter = counter + 1: null

2018-12-13 00:49:44 - [TEST_STEP][PASSED] - Statement - PreSaveFile = new java.io.File(((pathPrefix + java.lang.Integer.toString(counter)) + .png)): null

2018-12-13 00:49:44 - [TEST_STEP][PASSED] - Statement - counter = counter + 1: null

2018-12-13 00:49:44 - [TEST_STEP][PASSED] - Statement - PreSaveFile = new java.io.File(((pathPrefix + java.lang.Integer.toString(counter)) + .png)): null

2018-12-13 00:49:44 - [TEST_STEP][PASSED] - Statement - counter = counter + 1: null

2018-12-13 00:49:44 - [TEST_STEP][PASSED] - Statement - PreSaveFile = new java.io.File(((pathPrefix + java.lang.Integer.toString(counter)) + .png)): null

2018-12-13 00:49:44 - [TEST_STEP][PASSED] - Statement - counter = counter + 1: null

2018-12-13 00:49:44 - [TEST_STEP][PASSED] - Statement - PreSaveFile = new java.io.File(((pathPrefix + java.lang.Integer.toString(counter)) + .png)): null

2018-12-13 00:49:44 - [TEST_STEP][PASSED] - Statement - counter = counter + 1: null

2018-12-13 00:49:44 - [TEST_STEP][PASSED] - Statement - PreSaveFile = new java.io.File(((pathPrefix + java.lang.Integer.toString(counter)) + .png)): null

2018-12-13 00:49:44 - [TEST_STEP][PASSED] - Statement - counter = counter + 1: null

2018-12-13 00:49:44 - [TEST_STEP][PASSED] - Statement - PreSaveFile = new java.io.File(((pathPrefix + java.lang.Integer.toString(counter)) + .png)): null

2018-12-13 00:49:44 - [TEST_STEP][PASSED] - Statement - counter = counter + 1: null

2018-12-13 00:49:44 - [TEST_STEP][PASSED] - Statement - PreSaveFile = new java.io.File(((pathPrefix + java.lang.Integer.toString(counter)) + .png)): null

2018-12-13 00:49:44 - [TEST_STEP][PASSED] - Statement - counter = counter + 1: null

2018-12-13 00:49:44 - [TEST_STEP][PASSED] - Statement - PreSaveFile = new java.io.File(((pathPrefix + java.lang.Integer.toString(counter)) + .png)): null

2018-12-13 00:49:44 - [TEST_STEP][PASSED] - Statement - counter = counter + 1: null

2018-12-13 00:49:44 - [TEST_STEP][PASSED] - Statement - PreSaveFile = new java.io.File(((pathPrefix + java.lang.Integer.toString(counter)) + .png)): null

2018-12-13 00:49:44 - [TEST_STEP][PASSED] - Statement - counter = counter + 1: null

2018-12-13 00:49:44 - [TEST_STEP][PASSED] - Statement - PreSaveFile = new java.io.File(((pathPrefix + java.lang.Integer.toString(counter)) + .png)): null

2018-12-13 00:49:44 - [TEST_STEP][PASSED] - Statement - counter = counter + 1: null

2018-12-13 00:49:44 - [TEST_STEP][PASSED] - Statement - PreSaveFile = new java.io.File(((pathPrefix + java.lang.Integer.toString(counter)) + .png)): null

2018-12-13 00:49:44 - [TEST_STEP][PASSED] - Statement - counter = counter + 1: null

2018-12-13 00:49:44 - [TEST_STEP][PASSED] - Statement - PreSaveFile = new java.io.File(((pathPrefix + java.lang.Integer.toString(counter)) + .png)): null

2018-12-13 00:49:44 - [TEST_STEP][PASSED] - Statement - counter = counter + 1: null

2018-12-13 00:49:44 - [TEST_STEP][PASSED] - Statement - PreSaveFile = new java.io.File(((pathPrefix + java.lang.Integer.toString(counter)) + .png)): null

2018-12-13 00:49:44 - [TEST_STEP][PASSED] - Statement - counter = counter + 1: null

2018-12-13 00:49:44 - [TEST_STEP][PASSED] - Statement - PreSaveFile = new java.io.File(((pathPrefix + java.lang.Integer.toString(counter)) + .png)): null

2018-12-13 00:49:44 - [TEST_STEP][PASSED] - Statement - counter = counter + 1: null

2018-12-13 00:49:44 - [TEST_STEP][PASSED] - Statement - PreSaveFile = new java.io.File(((pathPrefix + java.lang.Integer.toString(counter)) + .png)): null

2018-12-13 00:49:44 - [TEST_STEP][PASSED] - Statement - counter = counter + 1: null

2018-12-13 00:49:44 - [TEST_STEP][PASSED] - Statement - PreSaveFile = new java.io.File(((pathPrefix + java.lang.Integer.toString(counter)) + .png)): null

2018-12-13 00:49:44 - [TEST_STEP][PASSED] - Statement - counter = counter + 1: null

2018-12-13 00:49:44 - [TEST_STEP][PASSED] - Statement - PreSaveFile = new java.io.File(((pathPrefix + java.lang.Integer.toString(counter)) + .png)): null

2018-12-13 00:49:44 - [TEST_STEP][PASSED] - Statement - counter = counter + 1: null

2018-12-13 00:49:44 - [TEST_STEP][PASSED] - Statement - PreSaveFile = new java.io.File(((pathPrefix + java.lang.Integer.toString(counter)) + .png)): null

2018-12-13 00:49:44 - [TEST_STEP][PASSED] - Statement - counter = counter + 1: null

2018-12-13 00:49:44 - [TEST_STEP][PASSED] - Statement - PreSaveFile = new java.io.File(((pathPrefix + java.lang.Integer.toString(counter)) + .png)): null

2018-12-13 00:49:44 - [TEST_STEP][PASSED] - Statement - counter = counter + 1: null

2018-12-13 00:49:44 - [TEST_STEP][PASSED] - Statement - PreSaveFile = new java.io.File(((pathPrefix + java.lang.Integer.toString(counter)) + .png)): null

2018-12-13 00:49:44 - [TEST_STEP][PASSED] - Statement - counter = counter + 1: null

2018-12-13 00:49:44 - [TEST_STEP][PASSED] - Statement - PreSaveFile = new java.io.File(((pathPrefix + java.lang.Integer.toString(counter)) + .png)): null

2018-12-13 00:49:44 - [TEST_STEP][PASSED] - Statement - counter = counter + 1: null

2018-12-13 00:49:44 - [TEST_STEP][PASSED] - Statement - PreSaveFile = new java.io.File(((pathPrefix + java.lang.Integer.toString(counter)) + .png)): null

2018-12-13 00:49:44 - [TEST_STEP][PASSED] - Statement - counter = counter + 1: null

2018-12-13 00:49:44 - [TEST_STEP][PASSED] - Statement - PreSaveFile = new java.io.File(((pathPrefix + java.lang.Integer.toString(counter)) + .png)): null

2018-12-13 00:49:44 - [TEST_STEP][PASSED] - Statement - counter = counter + 1: null

2018-12-13 00:49:44 - [TEST_STEP][PASSED] - Statement - PreSaveFile = new java.io.File(((pathPrefix + java.lang.Integer.toString(counter)) + .png)): null

2018-12-13 00:49:44 - [TEST_STEP][PASSED] - Statement - counter = counter + 1: null

2018-12-13 00:49:44 - [TEST_STEP][PASSED] - Statement - PreSaveFile = new java.io.File(((pathPrefix + java.lang.Integer.toString(counter)) + .png)): null

2018-12-13 00:49:44 - [TEST_STEP][PASSED] - Statement - counter = counter + 1: null

2018-12-13 00:49:44 - [TEST_STEP][PASSED] - Statement - PreSaveFile = new java.io.File(((pathPrefix + java.lang.Integer.toString(counter)) + .png)): null

2018-12-13 00:49:44 - [TEST_STEP][PASSED] - Statement - counter = counter + 1: null

2018-12-13 00:49:44 - [TEST_STEP][PASSED] - Statement - PreSaveFile = new java.io.File(((pathPrefix + java.lang.Integer.toString(counter)) + .png)): null

2018-12-13 00:49:44 - [TEST_STEP][PASSED] - Statement - counter = counter + 1: null

2018-12-13 00:49:44 - [TEST_STEP][PASSED] - Statement - PreSaveFile = new java.io.File(((pathPrefix + java.lang.Integer.toString(counter)) + .png)): null

2018-12-13 00:49:44 - [TEST_STEP][PASSED] - Statement - counter = counter + 1: null

2018-12-13 00:49:44 - [TEST_STEP][PASSED] - Statement - PreSaveFile = new java.io.File(((pathPrefix + java.lang.Integer.toString(counter)) + .png)): null

2018-12-13 00:49:44 - [TEST_STEP][PASSED] - Statement - counter = counter + 1: null

2018-12-13 00:49:44 - [TEST_STEP][PASSED] - Statement - PreSaveFile = new java.io.File(((pathPrefix + java.lang.Integer.toString(counter)) + .png)): null

2018-12-13 00:49:44 - [TEST_STEP][PASSED] - Statement - counter = counter + 1: null

2018-12-13 00:49:44 - [TEST_STEP][PASSED] - Statement - PreSaveFile = new java.io.File(((pathPrefix + java.lang.Integer.toString(counter)) + .png)): null

2018-12-13 00:49:44 - [TEST_STEP][PASSED] - Statement - counter = counter + 1: null

2018-12-13 00:49:44 - [TEST_STEP][PASSED] - Statement - PreSaveFile = new java.io.File(((pathPrefix + java.lang.Integer.toString(counter)) + .png)): null

2018-12-13 00:49:44 - [TEST_STEP][PASSED] - Statement - counter = counter + 1: null

2018-12-13 00:49:44 - [TEST_STEP][PASSED] - Statement - PreSaveFile = new java.io.File(((pathPrefix + java.lang.Integer.toString(counter)) + .png)): null

2018-12-13 00:49:44 - [TEST_STEP][PASSED] - Statement - counter = counter + 1: null

2018-12-13 00:49:44 - [TEST_STEP][PASSED] - Statement - PreSaveFile = new java.io.File(((pathPrefix + java.lang.Integer.toString(counter)) + .png)): null

2018-12-13 00:49:44 - [TEST_STEP][PASSED] - Statement - counter = counter + 1: null

2018-12-13 00:49:44 - [TEST_STEP][PASSED] - Statement - PreSaveFile = new java.io.File(((pathPrefix + java.lang.Integer.toString(counter)) + .png)): null

2018-12-13 00:49:44 - [TEST_STEP][PASSED] - Statement - counter = counter + 1: null

2018-12-13 00:49:44 - [TEST_STEP][PASSED] - Statement - PreSaveFile = new java.io.File(((pathPrefix + java.lang.Integer.toString(counter)) + .png)): null

2018-12-13 00:49:44 - [TEST_STEP][PASSED] - Statement - counter = counter + 1: null

2018-12-13 00:49:44 - [TEST_STEP][PASSED] - Statement - PreSaveFile = new java.io.File(((pathPrefix + java.lang.Integer.toString(counter)) + .png)): null

2018-12-13 00:49:44 - [TEST_STEP][PASSED] - Statement - counter = counter + 1: null

2018-12-13 00:49:44 - [TEST_STEP][PASSED] - Statement - PreSaveFile = new java.io.File(((pathPrefix + java.lang.Integer.toString(counter)) + .png)): null

2018-12-13 00:49:44 - [TEST_STEP][PASSED] - Statement - counter = counter + 1: null

2018-12-13 00:49:44 - [TEST_STEP][PASSED] - Statement - PreSaveFile = new java.io.File(((pathPrefix + java.lang.Integer.toString(counter)) + .png)): null

2018-12-13 00:49:44 - [TEST_STEP][PASSED] - Statement - counter = counter + 1: null

2018-12-13 00:49:44 - [TEST_STEP][PASSED] - Statement - PreSaveFile = new java.io.File(((pathPrefix + java.lang.Integer.toString(counter)) + .png)): null

2018-12-13 00:49:44 - [TEST_STEP][PASSED] - Statement - counter = counter + 1: null

2018-12-13 00:49:44 - [TEST_STEP][PASSED] - Statement - PreSaveFile = new java.io.File(((pathPrefix + java.lang.Integer.toString(counter)) + .png)): null

2018-12-13 00:49:44 - [TEST_STEP][PASSED] - Statement - counter = counter + 1: null

2018-12-13 00:49:44 - [TEST_STEP][PASSED] - Statement - PreSaveFile = new java.io.File(((pathPrefix + java.lang.Integer.toString(counter)) + .png)): null

2018-12-13 00:49:44 - [TEST_STEP][PASSED] - Statement - counter = counter + 1: null

2018-12-13 00:49:44 - [TEST_STEP][PASSED] - Statement - PreSaveFile = new java.io.File(((pathPrefix + java.lang.Integer.toString(counter)) + .png)): null

2018-12-13 00:49:44 - [TEST_STEP][PASSED] - Statement - counter = counter + 1: null

2018-12-13 00:49:44 - [TEST_STEP][PASSED] - Statement - PreSaveFile = new java.io.File(((pathPrefix + java.lang.Integer.toString(counter)) + .png)): null

2018-12-13 00:49:44 - [TEST_STEP][PASSED] - Statement - counter = counter + 1: null

2018-12-13 00:49:44 - [TEST_STEP][PASSED] - Statement - PreSaveFile = new java.io.File(((pathPrefix + java.lang.Integer.toString(counter)) + .png)): null

2018-12-13 00:49:44 - [TEST_STEP][PASSED] - Statement - counter = counter + 1: null

2018-12-13 00:49:44 - [TEST_STEP][PASSED] - Statement - PreSaveFile = new java.io.File(((pathPrefix + java.lang.Integer.toString(counter)) + .png)): null

2018-12-13 00:49:44 - [TEST_STEP][PASSED] - Statement - counter = counter + 1: null

2018-12-13 00:49:44 - [TEST_STEP][PASSED] - Statement - PreSaveFile = new java.io.File(((pathPrefix + java.lang.Integer.toString(counter)) + .png)): null

2018-12-13 00:49:44 - [TEST_STEP][PASSED] - Statement - counter = counter + 1: null

2018-12-13 00:49:44 - [TEST_STEP][PASSED] - Statement - PreSaveFile = new java.io.File(((pathPrefix + java.lang.Integer.toString(counter)) + .png)): null

2018-12-13 00:49:44 - [TEST_STEP][PASSED] - Statement - counter = counter + 1: null

2018-12-13 00:49:44 - [TEST_STEP][PASSED] - Statement - PreSaveFile = new java.io.File(((pathPrefix + java.lang.Integer.toString(counter)) + .png)): null

2018-12-13 00:49:44 - [TEST_STEP][PASSED] - Statement - counter = counter + 1: null

2018-12-13 00:49:44 - [TEST_STEP][PASSED] - Statement - PreSaveFile = new java.io.File(((pathPrefix + java.lang.Integer.toString(counter)) + .png)): null

2018-12-13 00:49:44 - [TEST_STEP][PASSED] - Statement - counter = counter + 1: null

2018-12-13 00:49:44 - [TEST_STEP][PASSED] - Statement - PreSaveFile = new java.io.File(((pathPrefix + java.lang.Integer.toString(counter)) + .png)): null

2018-12-13 00:49:44 - [TEST_STEP][PASSED] - Statement - counter = counter + 1: null

2018-12-13 00:49:44 - [TEST_STEP][PASSED] - Statement - PreSaveFile = new java.io.File(((pathPrefix + java.lang.Integer.toString(counter)) + .png)): null

2018-12-13 00:49:44 - [TEST_STEP][PASSED] - Statement - counter = counter + 1: null

2018-12-13 00:49:44 - [TEST_STEP][PASSED] - Statement - PreSaveFile = new java.io.File(((pathPrefix + java.lang.Integer.toString(counter)) + .png)): null

2018-12-13 00:49:44 - [TEST_STEP][PASSED] - Statement - counter = counter + 1: null

2018-12-13 00:49:44 - [TEST_STEP][PASSED] - Statement - PreSaveFile = new java.io.File(((pathPrefix + java.lang.Integer.toString(counter)) + .png)): null

2018-12-13 00:49:44 - [TEST_STEP][PASSED] - Statement - counter = counter + 1: null

2018-12-13 00:49:44 - [TEST_STEP][PASSED] - Statement - PreSaveFile = new java.io.File(((pathPrefix + java.lang.Integer.toString(counter)) + .png)): null

2018-12-13 00:49:44 - [TEST_STEP][PASSED] - Statement - counter = counter + 1: null

2018-12-13 00:49:44 - [TEST_STEP][PASSED] - Statement - PreSaveFile = new java.io.File(((pathPrefix + java.lang.Integer.toString(counter)) + .png)): null

2018-12-13 00:49:44 - [TEST_STEP][PASSED] - Statement - counter = counter + 1: null

2018-12-13 00:49:44 - [TEST_STEP][PASSED] - Statement - PreSaveFile = new java.io.File(((pathPrefix + java.lang.Integer.toString(counter)) + .png)): null

2018-12-13 00:49:44 - [TEST_STEP][PASSED] - Statement - counter = counter + 1: null

2018-12-13 00:49:44 - [TEST_STEP][PASSED] - Statement - PreSaveFile = new java.io.File(((pathPrefix + java.lang.Integer.toString(counter)) + .png)): null

2018-12-13 00:49:44 - [TEST_STEP][PASSED] - Statement - counter = counter + 1: null

2018-12-13 00:49:44 - [TEST_STEP][PASSED] - Statement - PreSaveFile = new java.io.File(((pathPrefix + java.lang.Integer.toString(counter)) + .png)): null

2018-12-13 00:49:44 - [TEST_STEP][PASSED] - Statement - counter = counter + 1: null

2018-12-13 00:49:44 - [TEST_STEP][PASSED] - Statement - PreSaveFile = new java.io.File(((pathPrefix + java.lang.Integer.toString(counter)) + .png)): null

2018-12-13 00:49:44 - [TEST_STEP][PASSED] - Statement - counter = counter + 1: null

2018-12-13 00:49:44 - [TEST_STEP][PASSED] - Statement - PreSaveFile = new java.io.File(((pathPrefix + java.lang.Integer.toString(counter)) + .png)): null

2018-12-13 00:49:44 - [TEST_STEP][PASSED] - Statement - counter = counter + 1: null

2018-12-13 00:49:44 - [TEST_STEP][PASSED] - Statement - PreSaveFile = new java.io.File(((pathPrefix + java.lang.Integer.toString(counter)) + .png)): null

2018-12-13 00:49:44 - [TEST_STEP][PASSED] - Statement - counter = counter + 1: null

2018-12-13 00:49:44 - [TEST_STEP][PASSED] - Statement - PreSaveFile = new java.io.File(((pathPrefix + java.lang.Integer.toString(counter)) + .png)): null

2018-12-13 00:49:44 - [TEST_STEP][PASSED] - Statement - counter = counter + 1: null

2018-12-13 00:49:44 - [TEST_STEP][PASSED] - Statement - PreSaveFile = new java.io.File(((pathPrefix + java.lang.Integer.toString(counter)) + .png)): null

2018-12-13 00:49:44 - [TEST_STEP][PASSED] - Statement - counter = counter + 1: null

2018-12-13 00:49:44 - [TEST_STEP][PASSED] - Statement - PreSaveFile = new java.io.File(((pathPrefix + java.lang.Integer.toString(counter)) + .png)): null

2018-12-13 00:49:44 - [TEST_STEP][PASSED] - Statement - counter = counter + 1: null

2018-12-13 00:49:44 - [TEST_STEP][PASSED] - Statement - PreSaveFile = new java.io.File(((pathPrefix + java.lang.Integer.toString(counter)) + .png)): null

2018-12-13 00:49:44 - [TEST_STEP][PASSED] - Statement - counter = counter + 1: null

2018-12-13 00:49:44 - [TEST_STEP][PASSED] - Statement - PreSaveFile = new java.io.File(((pathPrefix + java.lang.Integer.toString(counter)) + .png)): null

2018-12-13 00:49:44 - [TEST_STEP][PASSED] - Statement - counter = counter + 1: null

2018-12-13 00:49:44 - [TEST_STEP][PASSED] - Statement - PreSaveFile = new java.io.File(((pathPrefix + java.lang.Integer.toString(counter)) + .png)): null

2018-12-13 00:49:44 - [TEST_STEP][PASSED] - Statement - counter = counter + 1: null

2018-12-13 00:49:44 - [TEST_STEP][PASSED] - Statement - PreSaveFile = new java.io.File(((pathPrefix + java.lang.Integer.toString(counter)) + .png)): null

2018-12-13 00:49:44 - [TEST_STEP][PASSED] - Statement - counter = counter + 1: null

2018-12-13 00:49:44 - [TEST_STEP][PASSED] - Statement - PreSaveFile = new java.io.File(((pathPrefix + java.lang.Integer.toString(counter)) + .png)): null

2018-12-13 00:49:44 - [TEST_STEP][PASSED] - Statement - counter = counter + 1: null

2018-12-13 00:49:44 - [TEST_STEP][PASSED] - Statement - PreSaveFile = new java.io.File(((pathPrefix + java.lang.Integer.toString(counter)) + .png)): null

2018-12-13 00:49:44 - [TEST_STEP][PASSED] - Statement - counter = counter + 1: null

2018-12-13 00:49:44 - [TEST_STEP][PASSED] - Statement - PreSaveFile = new java.io.File(((pathPrefix + java.lang.Integer.toString(counter)) + .png)): null

2018-12-13 00:49:44 - [TEST_STEP][PASSED] - Statement - counter = counter + 1: null

2018-12-13 00:49:44 - [TEST_STEP][PASSED] - Statement - PreSaveFile = new java.io.File(((pathPrefix + java.lang.Integer.toString(counter)) + .png)): null

2018-12-13 00:49:44 - [TEST_STEP][PASSED] - Statement - counter = counter + 1: null

2018-12-13 00:49:44 - [TEST_STEP][PASSED] - Statement - PreSaveFile = new java.io.File(((pathPrefix + java.lang.Integer.toString(counter)) + .png)): null

2018-12-13 00:49:44 - [TEST_STEP][PASSED] - Statement - counter = counter + 1: null

2018-12-13 00:49:44 - [TEST_STEP][PASSED] - Statement - PreSaveFile = new java.io.File(((pathPrefix + java.lang.Integer.toString(counter)) + .png)): null

2018-12-13 00:49:44 - [TEST_STEP][PASSED] - Statement - counter = counter + 1: null

2018-12-13 00:49:44 - [TEST_STEP][PASSED] - Statement - PreSaveFile = new java.io.File(((pathPrefix + java.lang.Integer.toString(counter)) + .png)): null

2018-12-13 00:49:44 - [TEST_STEP][PASSED] - Statement - counter = counter + 1: null

2018-12-13 00:49:44 - [TEST_STEP][PASSED] - Statement - PreSaveFile = new java.io.File(((pathPrefix + java.lang.Integer.toString(counter)) + .png)): null

2018-12-13 00:49:44 - [TEST_STEP][PASSED] - Statement - counter = counter + 1: null

2018-12-13 00:49:44 - [TEST_STEP][PASSED] - Statement - PreSaveFile = new java.io.File(((pathPrefix + java.lang.Integer.toString(counter)) + .png)): null

2018-12-13 00:49:44 - [TEST_STEP][PASSED] - Statement - counter = counter + 1: null

2018-12-13 00:49:44 - [TEST_STEP][PASSED] - Statement - PreSaveFile = new java.io.File(((pathPrefix + java.lang.Integer.toString(counter)) + .png)): null

2018-12-13 00:49:44 - [TEST_STEP][PASSED] - Statement - counter = counter + 1: null

2018-12-13 00:49:44 - [TEST_STEP][PASSED] - Statement - PreSaveFile = new java.io.File(((pathPrefix + java.lang.Integer.toString(counter)) + .png)): null

2018-12-13 00:49:44 - [TEST_STEP][PASSED] - Statement - counter = counter + 1: null

2018-12-13 00:49:44 - [TEST_STEP][PASSED] - Statement - PreSaveFile = new java.io.File(((pathPrefix + java.lang.Integer.toString(counter)) + .png)): null

2018-12-13 00:49:44 - [TEST_STEP][PASSED] - Statement - counter = counter + 1: null

2018-12-13 00:49:44 - [TEST_STEP][PASSED] - Statement - PreSaveFile = new java.io.File(((pathPrefix + java.lang.Integer.toString(counter)) + .png)): null

2018-12-13 00:49:44 - [TEST_STEP][PASSED] - Statement - counter = counter + 1: null

2018-12-13 00:49:44 - [TEST_STEP][PASSED] - Statement - PreSaveFile = new java.io.File(((pathPrefix + java.lang.Integer.toString(counter)) + .png)): null

2018-12-13 00:49:44 - [TEST_STEP][PASSED] - Statement - counter = counter + 1: null

2018-12-13 00:49:44 - [TEST_STEP][PASSED] - Statement - PreSaveFile = new java.io.File(((pathPrefix + java.lang.Integer.toString(counter)) + .png)): null

2018-12-13 00:49:44 - [TEST_STEP][PASSED] - Statement - counter = counter + 1: null

2018-12-13 00:49:44 - [TEST_STEP][PASSED] - Statement - PreSaveFile = new java.io.File(((pathPrefix + java.lang.Integer.toString(counter)) + .png)): null

2018-12-13 00:49:44 - [TEST_STEP][PASSED] - Statement - counter = counter + 1: null

2018-12-13 00:49:44 - [TEST_STEP][PASSED] - Statement - PreSaveFile = new java.io.File(((pathPrefix + java.lang.Integer.toString(counter)) + .png)): null

2018-12-13 00:49:44 - [TEST_STEP][PASSED] - Statement - counter = counter + 1: null

2018-12-13 00:49:44 - [TEST_STEP][PASSED] - Statement - PreSaveFile = new java.io.File(((pathPrefix + java.lang.Integer.toString(counter)) + .png)): null

2018-12-13 00:49:44 - [TEST_STEP][PASSED] - Statement - counter = counter + 1: null

2018-12-13 00:49:44 - [TEST_STEP][PASSED] - Statement - PreSaveFile = new java.io.File(((pathPrefix + java.lang.Integer.toString(counter)) + .png)): null

2018-12-13 00:49:44 - [TEST_STEP][PASSED] - Statement - counter = counter + 1: null

2018-12-13 00:49:44 - [TEST_STEP][PASSED] - Statement - PreSaveFile = new java.io.File(((pathPrefix + java.lang.Integer.toString(counter)) + .png)): null

2018-12-13 00:49:44 - [TEST_STEP][PASSED] - Statement - counter = counter + 1: null

2018-12-13 00:49:44 - [TEST_STEP][PASSED] - Statement - PreSaveFile = new java.io.File(((pathPrefix + java.lang.Integer.toString(counter)) + .png)): null

2018-12-13 00:49:44 - [TEST_STEP][PASSED] - Statement - counter = counter + 1: null

2018-12-13 00:49:44 - [TEST_STEP][PASSED] - Statement - PreSaveFile = new java.io.File(((pathPrefix + java.lang.Integer.toString(counter)) + .png)): null

2018-12-13 00:49:44 - [TEST_STEP][PASSED] - Statement - counter = counter + 1: null

2018-12-13 00:49:44 - [TEST_STEP][PASSED] - Statement - PreSaveFile = new java.io.File(((pathPrefix + java.lang.Integer.toString(counter)) + .png)): null

2018-12-13 00:49:44 - [TEST_STEP][PASSED] - Statement - counter = counter + 1: null

2018-12-13 00:49:44 - [TEST_STEP][PASSED] - Statement - PreSaveFile = new java.io.File(((pathPrefix + java.lang.Integer.toString(counter)) + .png)): null

2018-12-13 00:49:44 - [TEST_STEP][PASSED] - Statement - counter = counter + 1: null

2018-12-13 00:49:44 - [TEST_STEP][PASSED] - Statement - PreSaveFile = new java.io.File(((pathPrefix + java.lang.Integer.toString(counter)) + .png)): null

2018-12-13 00:49:44 - [TEST_STEP][PASSED] - Statement - counter = counter + 1: null

2018-12-13 00:49:44 - [TEST_STEP][PASSED] - Statement - PreSaveFile = new java.io.File(((pathPrefix + java.lang.Integer.toString(counter)) + .png)): null

2018-12-13 00:49:44 - [TEST_STEP][PASSED] - Statement - counter = counter + 1: null

2018-12-13 00:49:44 - [TEST_STEP][PASSED] - Statement - PreSaveFile = new java.io.File(((pathPrefix + java.lang.Integer.toString(counter)) + .png)): null

2018-12-13 00:49:44 - [TEST_STEP][PASSED] - Statement - counter = counter + 1: null

2018-12-13 00:49:44 - [TEST_STEP][PASSED] - Statement - PreSaveFile = new java.io.File(((pathPrefix + java.lang.Integer.toString(counter)) + .png)): null

2018-12-13 00:49:44 - [TEST_STEP][PASSED] - Statement - counter = counter + 1: null

2018-12-13 00:49:44 - [TEST_STEP][PASSED] - Statement - PreSaveFile = new java.io.File(((pathPrefix + java.lang.Integer.toString(counter)) + .png)): null

2018-12-13 00:49:44 - [TEST_STEP][PASSED] - Statement - counter = counter + 1: null

2018-12-13 00:49:44 - [TEST_STEP][PASSED] - Statement - PreSaveFile = new java.io.File(((pathPrefix + java.lang.Integer.toString(counter)) + .png)): null

2018-12-13 00:49:44 - [TEST_STEP][PASSED] - Statement - counter = counter + 1: null

2018-12-13 00:49:44 - [TEST_STEP][PASSED] - Statement - PreSaveFile = new java.io.File(((pathPrefix + java.lang.Integer.toString(counter)) + .png)): null

2018-12-13 00:49:44 - [TEST_STEP][PASSED] - Statement - counter = counter + 1: null

2018-12-13 00:49:44 - [TEST_STEP][PASSED] - Statement - PreSaveFile = new java.io.File(((pathPrefix + java.lang.Integer.toString(counter)) + .png)): null

2018-12-13 00:49:44 - [TEST_STEP][PASSED] - Statement - counter = counter + 1: null

2018-12-13 00:49:44 - [TEST_STEP][PASSED] - Statement - PreSaveFile = new java.io.File(((pathPrefix + java.lang.Integer.toString(counter)) + .png)): null

2018-12-13 00:49:44 - [TEST_STEP][PASSED] - Statement - counter = counter + 1: null

2018-12-13 00:49:44 - [TEST_STEP][PASSED] - Statement - PreSaveFile = new java.io.File(((pathPrefix + java.lang.Integer.toString(counter)) + .png)): null

2018-12-13 00:49:44 - [TEST_STEP][PASSED] - Statement - counter = counter + 1: null

2018-12-13 00:49:44 - [TEST_STEP][PASSED] - Statement - PreSaveFile = new java.io.File(((pathPrefix + java.lang.Integer.toString(counter)) + .png)): null

2018-12-13 00:49:44 - [TEST_STEP][PASSED] - Statement - counter = counter + 1: null

2018-12-13 00:49:44 - [TEST_STEP][PASSED] - Statement - PreSaveFile = new java.io.File(((pathPrefix + java.lang.Integer.toString(counter)) + .png)): null

2018-12-13 00:49:44 - [TEST_STEP][PASSED] - Statement - counter = counter + 1: null

2018-12-13 00:49:44 - [TEST_STEP][PASSED] - Statement - PreSaveFile = new java.io.File(((pathPrefix + java.lang.Integer.toString(counter)) + .png)): null

2018-12-13 00:49:44 - [TEST_STEP][PASSED] - Statement - counter = counter + 1: null

2018-12-13 00:49:44 - [TEST_STEP][PASSED] - Statement - PreSaveFile = new java.io.File(((pathPrefix + java.lang.Integer.toString(counter)) + .png)): null

2018-12-13 00:49:44 - [TEST_STEP][PASSED] - Statement - counter = counter + 1: null

2018-12-13 00:49:44 - [TEST_STEP][PASSED] - Statement - PreSaveFile = new java.io.File(((pathPrefix + java.lang.Integer.toString(counter)) + .png)): null

2018-12-13 00:49:44 - [TEST_STEP][PASSED] - Statement - counter = counter + 1: null

2018-12-13 00:49:44 - [TEST_STEP][PASSED] - Statement - PreSaveFile = new java.io.File(((pathPrefix + java.lang.Integer.toString(counter)) + .png)): null

2018-12-13 00:49:44 - [TEST_STEP][PASSED] - Statement - counter = counter + 1: null

2018-12-13 00:49:44 - [TEST_STEP][PASSED] - Statement - PreSaveFile = new java.io.File(((pathPrefix + java.lang.Integer.toString(counter)) + .png)): null

2018-12-13 00:49:45 - [TEST_STEP][PASSED] - Statement - counter = counter + 1: null

2018-12-13 00:49:45 - [TEST_STEP][PASSED] - Statement - PreSaveFile = new java.io.File(((pathPrefix + java.lang.Integer.toString(counter)) + .png)): null

2018-12-13 00:49:45 - [TEST_STEP][PASSED] - Statement - counter = counter + 1: null

2018-12-13 00:49:45 - [TEST_STEP][PASSED] - Statement - PreSaveFile = new java.io.File(((pathPrefix + java.lang.Integer.toString(counter)) + .png)): null

2018-12-13 00:49:45 - [TEST_STEP][PASSED] - Statement - counter = counter + 1: null

2018-12-13 00:49:45 - [TEST_STEP][PASSED] - Statement - PreSaveFile = new java.io.File(((pathPrefix + java.lang.Integer.toString(counter)) + .png)): null

2018-12-13 00:49:45 - [TEST_STEP][PASSED] - Statement - counter = counter + 1: null

2018-12-13 00:49:45 - [TEST_STEP][PASSED] - Statement - PreSaveFile = new java.io.File(((pathPrefix + java.lang.Integer.toString(counter)) + .png)): null

2018-12-13 00:49:45 - [TEST_STEP][PASSED] - Statement - counter = counter + 1: null

2018-12-13 00:49:45 - [TEST_STEP][PASSED] - Statement - PreSaveFile = new java.io.File(((pathPrefix + java.lang.Integer.toString(counter)) + .png)): null

2018-12-13 00:49:45 - [TEST_STEP][PASSED] - Statement - counter = counter + 1: null

2018-12-13 00:49:45 - [TEST_STEP][PASSED] - Statement - PreSaveFile = new java.io.File(((pathPrefix + java.lang.Integer.toString(counter)) + .png)): null

2018-12-13 00:49:45 - [TEST_STEP][PASSED] - Statement - counter = counter + 1: null

2018-12-13 00:49:45 - [TEST_STEP][PASSED] - Statement - PreSaveFile = new java.io.File(((pathPrefix + java.lang.Integer.toString(counter)) + .png)): null

2018-12-13 00:49:45 - [TEST_STEP][PASSED] - Statement - counter = counter + 1: null

2018-12-13 00:49:45 - [TEST_STEP][PASSED] - Statement - PreSaveFile = new java.io.File(((pathPrefix + java.lang.Integer.toString(counter)) + .png)): null

2018-12-13 00:49:45 - [TEST_STEP][PASSED] - Statement - counter = counter + 1: null

2018-12-13 00:49:45 - [TEST_STEP][PASSED] - Statement - PreSaveFile = new java.io.File(((pathPrefix + java.lang.Integer.toString(counter)) + .png)): null

2018-12-13 00:49:45 - [TEST_STEP][PASSED] - Statement - counter = counter + 1: null

2018-12-13 00:49:45 - [TEST_STEP][PASSED] - Statement - PreSaveFile = new java.io.File(((pathPrefix + java.lang.Integer.toString(counter)) + .png)): null

2018-12-13 00:49:45 - [TEST_STEP][PASSED] - Statement - counter = counter + 1: null

2018-12-13 00:49:45 - [TEST_STEP][PASSED] - Statement - PreSaveFile = new java.io.File(((pathPrefix + java.lang.Integer.toString(counter)) + .png)): null

2018-12-13 00:49:45 - [TEST_STEP][PASSED] - Statement - counter = counter + 1: null

2018-12-13 00:49:45 - [TEST_STEP][PASSED] - Statement - PreSaveFile = new java.io.File(((pathPrefix + java.lang.Integer.toString(counter)) + .png)): null

2018-12-13 00:49:45 - [TEST_STEP][PASSED] - Statement - counter = counter + 1: null

2018-12-13 00:49:45 - [TEST_STEP][PASSED] - Statement - PreSaveFile = new java.io.File(((pathPrefix + java.lang.Integer.toString(counter)) + .png)): null

2018-12-13 00:49:45 - [TEST_STEP][PASSED] - Statement - counter = counter + 1: null

2018-12-13 00:49:45 - [TEST_STEP][PASSED] - Statement - PreSaveFile = new java.io.File(((pathPrefix + java.lang.Integer.toString(counter)) + .png)): null

2018-12-13 00:49:45 - [TEST_STEP][PASSED] - Statement - counter = counter + 1: null

2018-12-13 00:49:45 - [TEST_STEP][PASSED] - Statement - PreSaveFile = new java.io.File(((pathPrefix + java.lang.Integer.toString(counter)) + .png)): null

2018-12-13 00:49:45 - [TEST_STEP][PASSED] - Statement - counter = counter + 1: null

2018-12-13 00:49:45 - [TEST_STEP][PASSED] - Statement - PreSaveFile = new java.io.File(((pathPrefix + java.lang.Integer.toString(counter)) + .png)): null

2018-12-13 00:49:45 - [TEST_STEP][PASSED] - Statement - counter = counter + 1: null

2018-12-13 00:49:45 - [TEST_STEP][PASSED] - Statement - PreSaveFile = new java.io.File(((pathPrefix + java.lang.Integer.toString(counter)) + .png)): null

2018-12-13 00:49:45 - [TEST_STEP][PASSED] - Statement - counter = counter + 1: null

2018-12-13 00:49:45 - [TEST_STEP][PASSED] - Statement - PreSaveFile = new java.io.File(((pathPrefix + java.lang.Integer.toString(counter)) + .png)): null

2018-12-13 00:49:45 - [TEST_STEP][PASSED] - Statement - counter = counter + 1: null

2018-12-13 00:49:45 - [TEST_STEP][PASSED] - Statement - PreSaveFile = new java.io.File(((pathPrefix + java.lang.Integer.toString(counter)) + .png)): null

2018-12-13 00:49:45 - [TEST_STEP][PASSED] - Statement - counter = counter + 1: null

2018-12-13 00:49:45 - [TEST_STEP][PASSED] - Statement - PreSaveFile = new java.io.File(((pathPrefix + java.lang.Integer.toString(counter)) + .png)): null

2018-12-13 00:49:45 - [TEST_STEP][PASSED] - Statement - counter = counter + 1: null

2018-12-13 00:49:45 - [TEST_STEP][PASSED] - Statement - PreSaveFile = new java.io.File(((pathPrefix + java.lang.Integer.toString(counter)) + .png)): null

2018-12-13 00:49:45 - [TEST_STEP][PASSED] - Statement - counter = counter + 1: null

2018-12-13 00:49:45 - [TEST_STEP][PASSED] - Statement - PreSaveFile = new java.io.File(((pathPrefix + java.lang.Integer.toString(counter)) + .png)): null

2018-12-13 00:49:45 - [TEST_STEP][PASSED] - Statement - counter = counter + 1: null

2018-12-13 00:49:45 - [TEST_STEP][PASSED] - Statement - PreSaveFile = new java.io.File(((pathPrefix + java.lang.Integer.toString(counter)) + .png)): null

2018-12-13 00:49:45 - [TEST_STEP][PASSED] - Statement - counter = counter + 1: null

2018-12-13 00:49:45 - [TEST_STEP][PASSED] - Statement - PreSaveFile = new java.io.File(((pathPrefix + java.lang.Integer.toString(counter)) + .png)): null

2018-12-13 00:49:45 - [TEST_STEP][PASSED] - Statement - counter = counter + 1: null

2018-12-13 00:49:45 - [TEST_STEP][PASSED] - Statement - PreSaveFile = new java.io.File(((pathPrefix + java.lang.Integer.toString(counter)) + .png)): null

2018-12-13 00:49:45 - [TEST_STEP][PASSED] - Statement - counter = counter + 1: null

2018-12-13 00:49:45 - [TEST_STEP][PASSED] - Statement - PreSaveFile = new java.io.File(((pathPrefix + java.lang.Integer.toString(counter)) + .png)): null

2018-12-13 00:49:45 - [TEST_STEP][PASSED] - Statement - counter = counter + 1: null

2018-12-13 00:49:45 - [TEST_STEP][PASSED] - Statement - PreSaveFile = new java.io.File(((pathPrefix + java.lang.Integer.toString(counter)) + .png)): null

2018-12-13 00:49:45 - [TEST_STEP][PASSED] - Statement - counter = counter + 1: null

2018-12-13 00:49:45 - [TEST_STEP][PASSED] - Statement - PreSaveFile = new java.io.File(((pathPrefix + java.lang.Integer.toString(counter)) + .png)): null

2018-12-13 00:49:45 - [TEST_STEP][PASSED] - Statement - counter = counter + 1: null

2018-12-13 00:49:45 - [TEST_STEP][PASSED] - Statement - PreSaveFile = new java.io.File(((pathPrefix + java.lang.Integer.toString(counter)) + .png)): null

2018-12-13 00:49:45 - [TEST_STEP][PASSED] - Statement - counter = counter + 1: null

2018-12-13 00:49:45 - [TEST_STEP][PASSED] - Statement - PreSaveFile = new java.io.File(((pathPrefix + java.lang.Integer.toString(counter)) + .png)): null

2018-12-13 00:49:45 - [TEST_STEP][PASSED] - Statement - counter = counter + 1: null

2018-12-13 00:49:45 - [TEST_STEP][PASSED] - Statement - PreSaveFile = new java.io.File(((pathPrefix + java.lang.Integer.toString(counter)) + .png)): null

2018-12-13 00:49:45 - [TEST_STEP][PASSED] - Statement - counter = counter + 1: null

2018-12-13 00:49:45 - [TEST_STEP][PASSED] - Statement - PreSaveFile = new java.io.File(((pathPrefix + java.lang.Integer.toString(counter)) + .png)): null

2018-12-13 00:49:45 - [TEST_STEP][PASSED] - Statement - counter = counter + 1: null

2018-12-13 00:49:45 - [TEST_STEP][PASSED] - Statement - PreSaveFile = new java.io.File(((pathPrefix + java.lang.Integer.toString(counter)) + .png)): null

2018-12-13 00:49:45 - [TEST_STEP][PASSED] - Statement - counter = counter + 1: null

2018-12-13 00:49:45 - [TEST_STEP][PASSED] - Statement - PreSaveFile = new java.io.File(((pathPrefix + java.lang.Integer.toString(counter)) + .png)): null

2018-12-13 00:49:45 - [TEST_STEP][PASSED] - Statement - counter = counter + 1: null

2018-12-13 00:49:45 - [TEST_STEP][PASSED] - Statement - PreSaveFile = new java.io.File(((pathPrefix + java.lang.Integer.toString(counter)) + .png)): null

2018-12-13 00:49:45 - [TEST_STEP][PASSED] - Statement - counter = counter + 1: null

2018-12-13 00:49:45 - [TEST_STEP][PASSED] - Statement - PreSaveFile = new java.io.File(((pathPrefix + java.lang.Integer.toString(counter)) + .png)): null

2018-12-13 00:49:45 - [TEST_STEP][PASSED] - Statement - counter = counter + 1: null

2018-12-13 00:49:45 - [TEST_STEP][PASSED] - Statement - PreSaveFile = new java.io.File(((pathPrefix + java.lang.Integer.toString(counter)) + .png)): null

2018-12-13 00:49:45 - [TEST_STEP][PASSED] - Statement - counter = counter + 1: null

2018-12-13 00:49:45 - [TEST_STEP][PASSED] - Statement - PreSaveFile = new java.io.File(((pathPrefix + java.lang.Integer.toString(counter)) + .png)): null

2018-12-13 00:49:45 - [TEST_STEP][PASSED] - Statement - counter = counter + 1: null

2018-12-13 00:49:45 - [TEST_STEP][PASSED] - Statement - PreSaveFile = new java.io.File(((pathPrefix + java.lang.Integer.toString(counter)) + .png)): null

2018-12-13 00:49:45 - [TEST_STEP][PASSED] - Statement - counter = counter + 1: null

2018-12-13 00:49:45 - [TEST_STEP][PASSED] - Statement - PreSaveFile = new java.io.File(((pathPrefix + java.lang.Integer.toString(counter)) + .png)): null

2018-12-13 00:49:45 - [TEST_STEP][PASSED] - Statement - counter = counter + 1: null

2018-12-13 00:49:45 - [TEST_STEP][PASSED] - Statement - PreSaveFile = new java.io.File(((pathPrefix + java.lang.Integer.toString(counter)) + .png)): null

2018-12-13 00:49:45 - [TEST_STEP][PASSED] - Statement - counter = counter + 1: null

2018-12-13 00:49:45 - [TEST_STEP][PASSED] - Statement - PreSaveFile = new java.io.File(((pathPrefix + java.lang.Integer.toString(counter)) + .png)): null

2018-12-13 00:49:45 - [TEST_STEP][PASSED] - Statement - counter = counter + 1: null

2018-12-13 00:49:45 - [TEST_STEP][PASSED] - Statement - PreSaveFile = new java.io.File(((pathPrefix + java.lang.Integer.toString(counter)) + .png)): null

2018-12-13 00:49:45 - [TEST_STEP][PASSED] - Statement - counter = counter + 1: null

2018-12-13 00:49:45 - [TEST_STEP][PASSED] - Statement - PreSaveFile = new java.io.File(((pathPrefix + java.lang.Integer.toString(counter)) + .png)): null

2018-12-13 00:49:45 - [TEST_STEP][PASSED] - Statement - counter = counter + 1: null

2018-12-13 00:49:45 - [TEST_STEP][PASSED] - Statement - PreSaveFile = new java.io.File(((pathPrefix + java.lang.Integer.toString(counter)) + .png)): null

2018-12-13 00:49:45 - [TEST_STEP][PASSED] - Statement - counter = counter + 1: null

2018-12-13 00:49:45 - [TEST_STEP][PASSED] - Statement - PreSaveFile = new java.io.File(((pathPrefix + java.lang.Integer.toString(counter)) + .png)): null

2018-12-13 00:49:45 - [TEST_STEP][PASSED] - Statement - counter = counter + 1: null

2018-12-13 00:49:45 - [TEST_STEP][PASSED] - Statement - PreSaveFile = new java.io.File(((pathPrefix + java.lang.Integer.toString(counter)) + .png)): null

2018-12-13 00:49:45 - [TEST_STEP][PASSED] - Statement - counter = counter + 1: null

2018-12-13 00:49:45 - [TEST_STEP][PASSED] - Statement - PreSaveFile = new java.io.File(((pathPrefix + java.lang.Integer.toString(counter)) + .png)): null

2018-12-13 00:49:45 - [TEST_STEP][PASSED] - Statement - counter = counter + 1: null

2018-12-13 00:49:45 - [TEST_STEP][PASSED] - Statement - PreSaveFile = new java.io.File(((pathPrefix + java.lang.Integer.toString(counter)) + .png)): null

2018-12-13 00:49:45 - [TEST_STEP][PASSED] - Statement - counter = counter + 1: null

2018-12-13 00:49:45 - [TEST_STEP][PASSED] - Statement - PreSaveFile = new java.io.File(((pathPrefix + java.lang.Integer.toString(counter)) + .png)): null

2018-12-13 00:49:45 - [TEST_STEP][PASSED] - Statement - counter = counter + 1: null

2018-12-13 00:49:45 - [TEST_STEP][PASSED] - Statement - PreSaveFile = new java.io.File(((pathPrefix + java.lang.Integer.toString(counter)) + .png)): null

2018-12-13 00:49:45 - [TEST_STEP][PASSED] - Statement - counter = counter + 1: null

2018-12-13 00:49:45 - [TEST_STEP][PASSED] - Statement - PreSaveFile = new java.io.File(((pathPrefix + java.lang.Integer.toString(counter)) + .png)): null

2018-12-13 00:49:45 - [TEST_STEP][PASSED] - Statement - counter = counter + 1: null

2018-12-13 00:49:45 - [TEST_STEP][PASSED] - Statement - PreSaveFile = new java.io.File(((pathPrefix + java.lang.Integer.toString(counter)) + .png)): null

2018-12-13 00:49:45 - [TEST_STEP][PASSED] - Statement - counter = counter + 1: null

2018-12-13 00:49:45 - [TEST_STEP][PASSED] - Statement - PreSaveFile = new java.io.File(((pathPrefix + java.lang.Integer.toString(counter)) + .png)): null

2018-12-13 00:49:45 - [TEST_STEP][PASSED] - Statement - counter = counter + 1: null

2018-12-13 00:49:45 - [TEST_STEP][PASSED] - Statement - PreSaveFile = new java.io.File(((pathPrefix + java.lang.Integer.toString(counter)) + .png)): null

2018-12-13 00:49:45 - [TEST_STEP][PASSED] - Statement - counter = counter + 1: null

2018-12-13 00:49:45 - [TEST_STEP][PASSED] - Statement - PreSaveFile = new java.io.File(((pathPrefix + java.lang.Integer.toString(counter)) + .png)): null

2018-12-13 00:49:45 - [TEST_STEP][PASSED] - Statement - counter = counter + 1: null

2018-12-13 00:49:45 - [TEST_STEP][PASSED] - Statement - PreSaveFile = new java.io.File(((pathPrefix + java.lang.Integer.toString(counter)) + .png)): null

2018-12-13 00:49:45 - [TEST_STEP][PASSED] - Statement - counter = counter + 1: null

2018-12-13 00:49:45 - [TEST_STEP][PASSED] - Statement - PreSaveFile = new java.io.File(((pathPrefix + java.lang.Integer.toString(counter)) + .png)): null

2018-12-13 00:49:45 - [TEST_STEP][PASSED] - Statement - counter = counter + 1: null

2018-12-13 00:49:45 - [TEST_STEP][PASSED] - Statement - PreSaveFile = new java.io.File(((pathPrefix + java.lang.Integer.toString(counter)) + .png)): null

2018-12-13 00:49:45 - [TEST_STEP][PASSED] - Statement - counter = counter + 1: null

2018-12-13 00:49:45 - [TEST_STEP][PASSED] - Statement - PreSaveFile = new java.io.File(((pathPrefix + java.lang.Integer.toString(counter)) + .png)): null

2018-12-13 00:49:45 - [TEST_STEP][PASSED] - Statement - counter = counter + 1: null

2018-12-13 00:49:45 - [TEST_STEP][PASSED] - Statement - PreSaveFile = new java.io.File(((pathPrefix + java.lang.Integer.toString(counter)) + .png)): null

2018-12-13 00:49:45 - [TEST_STEP][PASSED] - Statement - counter = counter + 1: null

2018-12-13 00:49:45 - [TEST_STEP][PASSED] - Statement - PreSaveFile = new java.io.File(((pathPrefix + java.lang.Integer.toString(counter)) + .png)): null

2018-12-13 00:49:45 - [TEST_STEP][PASSED] - Statement - counter = counter + 1: null

2018-12-13 00:49:45 - [TEST_STEP][PASSED] - Statement - PreSaveFile = new java.io.File(((pathPrefix + java.lang.Integer.toString(counter)) + .png)): null

2018-12-13 00:49:45 - [TEST_STEP][PASSED] - Statement - counter = counter + 1: null

2018-12-13 00:49:45 - [TEST_STEP][PASSED] - Statement - PreSaveFile = new java.io.File(((pathPrefix + java.lang.Integer.toString(counter)) + .png)): null

2018-12-13 00:49:45 - [TEST_STEP][PASSED] - Statement - counter = counter + 1: null

2018-12-13 00:49:45 - [TEST_STEP][PASSED] - Statement - PreSaveFile = new java.io.File(((pathPrefix + java.lang.Integer.toString(counter)) + .png)): null

2018-12-13 00:49:45 - [TEST_STEP][PASSED] - Statement - counter = counter + 1: null

2018-12-13 00:49:45 - [TEST_STEP][PASSED] - Statement - PreSaveFile = new java.io.File(((pathPrefix + java.lang.Integer.toString(counter)) + .png)): null

2018-12-13 00:49:45 - [TEST_STEP][PASSED] - Statement - counter = counter + 1: null

2018-12-13 00:49:45 - [TEST_STEP][PASSED] - Statement - PreSaveFile = new java.io.File(((pathPrefix + java.lang.Integer.toString(counter)) + .png)): null

2018-12-13 00:49:45 - [TEST_STEP][PASSED] - Statement - counter = counter + 1: null

2018-12-13 00:49:45 - [TEST_STEP][PASSED] - Statement - PreSaveFile = new java.io.File(((pathPrefix + java.lang.Integer.toString(counter)) + .png)): null

2018-12-13 00:49:45 - [TEST_STEP][PASSED] - Statement - counter = counter + 1: null

2018-12-13 00:49:45 - [TEST_STEP][PASSED] - Statement - PreSaveFile = new java.io.File(((pathPrefix + java.lang.Integer.toString(counter)) + .png)): null

2018-12-13 00:49:45 - [TEST_STEP][PASSED] - Statement - counter = counter + 1: null

2018-12-13 00:49:45 - [TEST_STEP][PASSED] - Statement - PreSaveFile = new java.io.File(((pathPrefix + java.lang.Integer.toString(counter)) + .png)): null

2018-12-13 00:49:45 - [TEST_STEP][PASSED] - Statement - counter = counter + 1: null

2018-12-13 00:49:45 - [TEST_STEP][PASSED] - Statement - PreSaveFile = new java.io.File(((pathPrefix + java.lang.Integer.toString(counter)) + .png)): null

2018-12-13 00:49:45 - [TEST_STEP][PASSED] - Statement - counter = counter + 1: null

2018-12-13 00:49:45 - [TEST_STEP][PASSED] - Statement - PreSaveFile = new java.io.File(((pathPrefix + java.lang.Integer.toString(counter)) + .png)): null

2018-12-13 00:49:45 - [TEST_STEP][PASSED] - Statement - counter = counter + 1: null

2018-12-13 00:49:45 - [TEST_STEP][PASSED] - Statement - PreSaveFile = new java.io.File(((pathPrefix + java.lang.Integer.toString(counter)) + .png)): null

2018-12-13 00:49:45 - [TEST_STEP][PASSED] - Statement - counter = counter + 1: null

2018-12-13 00:49:45 - [TEST_STEP][PASSED] - Statement - PreSaveFile = new java.io.File(((pathPrefix + java.lang.Integer.toString(counter)) + .png)): null

2018-12-13 00:49:45 - [TEST_STEP][PASSED] - Statement - counter = counter + 1: null

2018-12-13 00:49:45 - [TEST_STEP][PASSED] - Statement - PreSaveFile = new java.io.File(((pathPrefix + java.lang.Integer.toString(counter)) + .png)): null

2018-12-13 00:49:45 - [TEST_STEP][PASSED] - Statement - counter = counter + 1: null

2018-12-13 00:49:45 - [TEST_STEP][PASSED] - Statement - PreSaveFile = new java.io.File(((pathPrefix + java.lang.Integer.toString(counter)) + .png)): null

2018-12-13 00:49:45 - [TEST_STEP][PASSED] - Statement - counter = counter + 1: null

2018-12-13 00:49:45 - [TEST_STEP][PASSED] - Statement - PreSaveFile = new java.io.File(((pathPrefix + java.lang.Integer.toString(counter)) + .png)): null

2018-12-13 00:49:45 - [TEST_STEP][PASSED] - Statement - counter = counter + 1: null

2018-12-13 00:49:45 - [TEST_STEP][PASSED] - Statement - PreSaveFile = new java.io.File(((pathPrefix + java.lang.Integer.toString(counter)) + .png)): null

2018-12-13 00:49:45 - [TEST_STEP][PASSED] - Statement - counter = counter + 1: null

2018-12-13 00:49:45 - [TEST_STEP][PASSED] - Statement - PreSaveFile = new java.io.File(((pathPrefix + java.lang.Integer.toString(counter)) + .png)): null

2018-12-13 00:49:45 - [TEST_STEP][PASSED] - Statement - counter = counter + 1: null

2018-12-13 00:49:45 - [TEST_STEP][PASSED] - Statement - PreSaveFile = new java.io.File(((pathPrefix + java.lang.Integer.toString(counter)) + .png)): null

2018-12-13 00:49:45 - [TEST_STEP][PASSED] - Statement - counter = counter + 1: null

2018-12-13 00:49:45 - [TEST_STEP][PASSED] - Statement - PreSaveFile = new java.io.File(((pathPrefix + java.lang.Integer.toString(counter)) + .png)): null

2018-12-13 00:49:45 - [TEST_STEP][PASSED] - Statement - counter = counter + 1: null

2018-12-13 00:49:45 - [TEST_STEP][PASSED] - Statement - PreSaveFile = new java.io.File(((pathPrefix + java.lang.Integer.toString(counter)) + .png)): null

2018-12-13 00:49:45 - [TEST_STEP][PASSED] - Statement - counter = counter + 1: null

2018-12-13 00:49:45 - [TEST_STEP][PASSED] - Statement - PreSaveFile = new java.io.File(((pathPrefix + java.lang.Integer.toString(counter)) + .png)): null

2018-12-13 00:49:45 - [TEST_STEP][PASSED] - Statement - counter = counter + 1: null

2018-12-13 00:49:45 - [TEST_STEP][PASSED] - Statement - PreSaveFile = new java.io.File(((pathPrefix + java.lang.Integer.toString(counter)) + .png)): null

2018-12-13 00:49:45 - [TEST_STEP][PASSED] - Statement - counter = counter + 1: null

2018-12-13 00:49:45 - [TEST_STEP][PASSED] - Statement - PreSaveFile = new java.io.File(((pathPrefix + java.lang.Integer.toString(counter)) + .png)): null

2018-12-13 00:49:45 - [TEST_STEP][PASSED] - Statement - counter = counter + 1: null

2018-12-13 00:49:45 - [TEST_STEP][PASSED] - Statement - PreSaveFile = new java.io.File(((pathPrefix + java.lang.Integer.toString(counter)) + .png)): null

2018-12-13 00:49:45 - [TEST_STEP][PASSED] - Statement - counter = counter + 1: null

2018-12-13 00:49:45 - [TEST_STEP][PASSED] - Statement - PreSaveFile = new java.io.File(((pathPrefix + java.lang.Integer.toString(counter)) + .png)): null

2018-12-13 00:49:45 - [TEST_STEP][PASSED] - Statement - counter = counter + 1: null

2018-12-13 00:49:45 - [TEST_STEP][PASSED] - Statement - PreSaveFile = new java.io.File(((pathPrefix + java.lang.Integer.toString(counter)) + .png)): null

2018-12-13 00:49:45 - [TEST_STEP][PASSED] - Statement - counter = counter + 1: null

2018-12-13 00:49:45 - [TEST_STEP][PASSED] - Statement - PreSaveFile = new java.io.File(((pathPrefix + java.lang.Integer.toString(counter)) + .png)): null

2018-12-13 00:49:45 - [TEST_STEP][PASSED] - Statement - counter = counter + 1: null

2018-12-13 00:49:45 - [TEST_STEP][PASSED] - Statement - PreSaveFile = new java.io.File(((pathPrefix + java.lang.Integer.toString(counter)) + .png)): null

2018-12-13 00:49:45 - [TEST_STEP][PASSED] - Statement - counter = counter + 1: null

2018-12-13 00:49:45 - [TEST_STEP][PASSED] - Statement - PreSaveFile = new java.io.File(((pathPrefix + java.lang.Integer.toString(counter)) + .png)): null

2018-12-13 00:49:45 - [TEST_STEP][PASSED] - Statement - counter = counter + 1: null

2018-12-13 00:49:45 - [TEST_STEP][PASSED] - Statement - PreSaveFile = new java.io.File(((pathPrefix + java.lang.Integer.toString(counter)) + .png)): null

2018-12-13 00:49:45 - [TEST_STEP][PASSED] - Statement - counter = counter + 1: null

2018-12-13 00:49:45 - [TEST_STEP][PASSED] - Statement - PreSaveFile = new java.io.File(((pathPrefix + java.lang.Integer.toString(counter)) + .png)): null

2018-12-13 00:49:45 - [TEST_STEP][PASSED] - Statement - counter = counter + 1: null

2018-12-13 00:49:45 - [TEST_STEP][PASSED] - Statement - PreSaveFile = new java.io.File(((pathPrefix + java.lang.Integer.toString(counter)) + .png)): null

2018-12-13 00:49:45 - [TEST_STEP][PASSED] - Statement - counter = counter + 1: null

2018-12-13 00:49:45 - [TEST_STEP][PASSED] - Statement - PreSaveFile = new java.io.File(((pathPrefix + java.lang.Integer.toString(counter)) + .png)): null

2018-12-13 00:49:45 - [TEST_STEP][PASSED] - Statement - counter = counter + 1: null

2018-12-13 00:49:45 - [TEST_STEP][PASSED] - Statement - PreSaveFile = new java.io.File(((pathPrefix + java.lang.Integer.toString(counter)) + .png)): null

2018-12-13 00:49:45 - [TEST_STEP][PASSED] - Statement - counter = counter + 1: null

2018-12-13 00:49:45 - [TEST_STEP][PASSED] - Statement - PreSaveFile = new java.io.File(((pathPrefix + java.lang.Integer.toString(counter)) + .png)): null

2018-12-13 00:49:45 - [TEST_STEP][PASSED] - Statement - counter = counter + 1: null

2018-12-13 00:49:45 - [TEST_STEP][PASSED] - Statement - PreSaveFile = new java.io.File(((pathPrefix + java.lang.Integer.toString(counter)) + .png)): null

2018-12-13 00:49:45 - [TEST_STEP][PASSED] - Statement - counter = counter + 1: null

2018-12-13 00:49:45 - [TEST_STEP][PASSED] - Statement - PreSaveFile = new java.io.File(((pathPrefix + java.lang.Integer.toString(counter)) + .png)): null

2018-12-13 00:49:45 - [TEST_STEP][PASSED] - Statement - counter = counter + 1: null

2018-12-13 00:49:45 - [TEST_STEP][PASSED] - Statement - PreSaveFile = new java.io.File(((pathPrefix + java.lang.Integer.toString(counter)) + .png)): null

2018-12-13 00:49:45 - [TEST_STEP][PASSED] - Statement - counter = counter + 1: null

2018-12-13 00:49:45 - [TEST_STEP][PASSED] - Statement - PreSaveFile = new java.io.File(((pathPrefix + java.lang.Integer.toString(counter)) + .png)): null

2018-12-13 00:49:45 - [TEST_STEP][PASSED] - Statement - counter = counter + 1: null

2018-12-13 00:49:45 - [TEST_STEP][PASSED] - Statement - PreSaveFile = new java.io.File(((pathPrefix + java.lang.Integer.toString(counter)) + .png)): null

2018-12-13 00:49:45 - [TEST_STEP][PASSED] - Statement - counter = counter + 1: null

2018-12-13 00:49:45 - [TEST_STEP][PASSED] - Statement - PreSaveFile = new java.io.File(((pathPrefix + java.lang.Integer.toString(counter)) + .png)): null

2018-12-13 00:49:45 - [TEST_STEP][PASSED] - Statement - counter = counter + 1: null

2018-12-13 00:49:45 - [TEST_STEP][PASSED] - Statement - PreSaveFile = new java.io.File(((pathPrefix + java.lang.Integer.toString(counter)) + .png)): null

2018-12-13 00:49:45 - [TEST_STEP][PASSED] - Statement - counter = counter + 1: null

2018-12-13 00:49:45 - [TEST_STEP][PASSED] - Statement - PreSaveFile = new java.io.File(((pathPrefix + java.lang.Integer.toString(counter)) + .png)): null

2018-12-13 00:49:45 - [TEST_STEP][PASSED] - Statement - counter = counter + 1: null

2018-12-13 00:49:45 - [TEST_STEP][PASSED] - Statement - PreSaveFile = new java.io.File(((pathPrefix + java.lang.Integer.toString(counter)) + .png)): null

2018-12-13 00:49:45 - [TEST_STEP][PASSED] - Statement - counter = counter + 1: null

2018-12-13 00:49:45 - [TEST_STEP][PASSED] - Statement - PreSaveFile = new java.io.File(((pathPrefix + java.lang.Integer.toString(counter)) + .png)): null

2018-12-13 00:49:45 - [TEST_STEP][PASSED] - Statement - counter = counter + 1: null

2018-12-13 00:49:45 - [TEST_STEP][PASSED] - Statement - PreSaveFile = new java.io.File(((pathPrefix + java.lang.Integer.toString(counter)) + .png)): null

2018-12-13 00:49:45 - [TEST_STEP][PASSED] - Statement - counter = counter + 1: null

2018-12-13 00:49:45 - [TEST_STEP][PASSED] - Statement - PreSaveFile = new java.io.File(((pathPrefix + java.lang.Integer.toString(counter)) + .png)): null

2018-12-13 00:49:45 - [TEST_STEP][PASSED] - Statement - counter = counter + 1: null

2018-12-13 00:49:45 - [TEST_STEP][PASSED] - Statement - PreSaveFile = new java.io.File(((pathPrefix + java.lang.Integer.toString(counter)) + .png)): null

2018-12-13 00:49:45 - [TEST_STEP][PASSED] - Statement - counter = counter + 1: null

2018-12-13 00:49:45 - [TEST_STEP][PASSED] - Statement - PreSaveFile = new java.io.File(((pathPrefix + java.lang.Integer.toString(counter)) + .png)): null

2018-12-13 00:49:45 - [TEST_STEP][PASSED] - Statement - counter = counter + 1: null

2018-12-13 00:49:45 - [TEST_STEP][PASSED] - Statement - PreSaveFile = new java.io.File(((pathPrefix + java.lang.Integer.toString(counter)) + .png)): null

2018-12-13 00:49:45 - [TEST_STEP][PASSED] - Statement - counter = counter + 1: null

2018-12-13 00:49:45 - [TEST_STEP][PASSED] - Statement - PreSaveFile = new java.io.File(((pathPrefix + java.lang.Integer.toString(counter)) + .png)): null

2018-12-13 00:49:45 - [TEST_STEP][PASSED] - Statement - counter = counter + 1: null

2018-12-13 00:49:45 - [TEST_STEP][PASSED] - Statement - PreSaveFile = new java.io.File(((pathPrefix + java.lang.Integer.toString(counter)) + .png)): null

2018-12-13 00:49:45 - [TEST_STEP][PASSED] - Statement - counter = counter + 1: null

2018-12-13 00:49:45 - [TEST_STEP][PASSED] - Statement - PreSaveFile = new java.io.File(((pathPrefix + java.lang.Integer.toString(counter)) + .png)): null

2018-12-13 00:49:45 - [TEST_STEP][PASSED] - Statement - counter = counter + 1: null

2018-12-13 00:49:45 - [TEST_STEP][PASSED] - Statement - PreSaveFile = new java.io.File(((pathPrefix + java.lang.Integer.toString(counter)) + .png)): null

2018-12-13 00:49:45 - [TEST_STEP][PASSED] - Statement - counter = counter + 1: null

2018-12-13 00:49:45 - [TEST_STEP][PASSED] - Statement - PreSaveFile = new java.io.File(((pathPrefix + java.lang.Integer.toString(counter)) + .png)): null

2018-12-13 00:49:45 - [TEST_STEP][PASSED] - Statement - counter = counter + 1: null

2018-12-13 00:49:45 - [TEST_STEP][PASSED] - Statement - PreSaveFile = new java.io.File(((pathPrefix + java.lang.Integer.toString(counter)) + .png)): null

2018-12-13 00:49:45 - [TEST_STEP][PASSED] - Statement - counter = counter + 1: null

2018-12-13 00:49:45 - [TEST_STEP][PASSED] - Statement - PreSaveFile = new java.io.File(((pathPrefix + java.lang.Integer.toString(counter)) + .png)): null

2018-12-13 00:49:45 - [TEST_STEP][PASSED] - Statement - counter = counter + 1: null

2018-12-13 00:49:45 - [TEST_STEP][PASSED] - Statement - PreSaveFile = new java.io.File(((pathPrefix + java.lang.Integer.toString(counter)) + .png)): null

2018-12-13 00:49:45 - [TEST_STEP][PASSED] - Statement - counter = counter + 1: null

2018-12-13 00:49:45 - [TEST_STEP][PASSED] - Statement - PreSaveFile = new java.io.File(((pathPrefix + java.lang.Integer.toString(counter)) + .png)): null

2018-12-13 00:49:45 - [TEST_STEP][PASSED] - Statement - counter = counter + 1: null

2018-12-13 00:49:45 - [TEST_STEP][PASSED] - Statement - PreSaveFile = new java.io.File(((pathPrefix + java.lang.Integer.toString(counter)) + .png)): null

2018-12-13 00:49:45 - [TEST_STEP][PASSED] - Statement - counter = counter + 1: null

2018-12-13 00:49:45 - [TEST_STEP][PASSED] - Statement - PreSaveFile = new java.io.File(((pathPrefix + java.lang.Integer.toString(counter)) + .png)): null

2018-12-13 00:49:45 - [TEST_STEP][PASSED] - Statement - counter = counter + 1: null

2018-12-13 00:49:45 - [TEST_STEP][PASSED] - Statement - PreSaveFile = new java.io.File(((pathPrefix + java.lang.Integer.toString(counter)) + .png)): null

2018-12-13 00:49:45 - [TEST_STEP][PASSED] - Statement - counter = counter + 1: null

2018-12-13 00:49:45 - [TEST_STEP][PASSED] - Statement - PreSaveFile = new java.io.File(((pathPrefix + java.lang.Integer.toString(counter)) + .png)): null

2018-12-13 00:49:45 - [TEST_STEP][PASSED] - Statement - counter = counter + 1: null

2018-12-13 00:49:45 - [TEST_STEP][PASSED] - Statement - PreSaveFile = new java.io.File(((pathPrefix + java.lang.Integer.toString(counter)) + .png)): null

2018-12-13 00:49:45 - [TEST_STEP][PASSED] - Statement - counter = counter + 1: null

2018-12-13 00:49:45 - [TEST_STEP][PASSED] - Statement - PreSaveFile = new java.io.File(((pathPrefix + java.lang.Integer.toString(counter)) + .png)): null

2018-12-13 00:49:45 - [TEST_STEP][PASSED] - Statement - counter = counter + 1: null

2018-12-13 00:49:45 - [TEST_STEP][PASSED] - Statement - PreSaveFile = new java.io.File(((pathPrefix + java.lang.Integer.toString(counter)) + .png)): null

2018-12-13 00:49:45 - [TEST_STEP][PASSED] - Statement - counter = counter + 1: null

2018-12-13 00:49:45 - [TEST_STEP][PASSED] - Statement - PreSaveFile = new java.io.File(((pathPrefix + java.lang.Integer.toString(counter)) + .png)): null

2018-12-13 00:49:45 - [TEST_STEP][PASSED] - Statement - counter = counter + 1: null

2018-12-13 00:49:45 - [TEST_STEP][PASSED] - Statement - PreSaveFile = new java.io.File(((pathPrefix + java.lang.Integer.toString(counter)) + .png)): null

2018-12-13 00:49:45 - [TEST_STEP][PASSED] - Statement - counter = counter + 1: null

2018-12-13 00:49:45 - [TEST_STEP][PASSED] - Statement - PreSaveFile = new java.io.File(((pathPrefix + java.lang.Integer.toString(counter)) + .png)): null

2018-12-13 00:49:45 - [TEST_STEP][PASSED] - Statement - counter = counter + 1: null

2018-12-13 00:49:45 - [TEST_STEP][PASSED] - Statement - PreSaveFile = new java.io.File(((pathPrefix + java.lang.Integer.toString(counter)) + .png)): null

2018-12-13 00:49:45 - [TEST_STEP][PASSED] - Statement - counter = counter + 1: null

2018-12-13 00:49:45 - [TEST_STEP][PASSED] - Statement - PreSaveFile = new java.io.File(((pathPrefix + java.lang.Integer.toString(counter)) + .png)): null

2018-12-13 00:49:45 - [TEST_STEP][PASSED] - Statement - counter = counter + 1: null

2018-12-13 00:49:45 - [TEST_STEP][PASSED] - Statement - PreSaveFile = new java.io.File(((pathPrefix + java.lang.Integer.toString(counter)) + .png)): null

2018-12-13 00:49:45 - [TEST_STEP][PASSED] - Statement - finalPath = pathPrefix + java.lang.Integer.toString(counter) + ".png": null

2018-12-13 00:49:45 - [TEST_STEP][PASSED] - Statement - SaveFile = new java.io.File(finalPath): null

2018-12-13 00:49:45 - [TEST_STEP][PASSED] - Statement - Try: null

2018-12-13 00:49:45 - [TEST_STEP][PASSED] - Statement - org.apache.commons.io.FileUtils.copyFile(scrFile, SaveFile): null

2018-12-13 00:49:45 - [TEST_STEP][PASSED] - Statement - out.println("file kept"): null

2018-12-13 00:49:45 - [TEST_STEP][PASSED] - delay: Delayed 10 second(s)

2018-12-13 00:49:55 - [MESSAGE][PASSED] - Delayed 10 second(s)

2018-12-13 00:49:55 - [MESSAGE][PASSED] - Call Test Case 'Test Cases/Final Aug 2018 - PKS Automation/Registration Module/New Registration/Submit and Screenshot/Submit Registration and Screenshot' successfully]]></system-out>
         <system-err><![CDATA[2018-12-13 00:42:55 - [TEST_CASE][FAILED] - Test Cases/Final Aug 2018 - PKS Automation/Registration Module/Workflow/New Registration/Case PKR BO to RO - RO Submit: Test Cases/Final Aug 2018 - PKS Automation/Registration Module/Workflow/New Registration/Case PKR BO to RO - RO Submit FAILED because (of) (Stack trace: com.kms.katalon.core.exception.StepFailedException: Unable to set text 'CRN12201800123254' of object 'Object Repository/Final Object Repo/New Registration - Registration Module Pages/New Reg - OTC to RO/Special Case - All Related Objects/TextBox RefNo in Workbasket' (Root cause: org.openqa.selenium.ElementNotVisibleException: element not interactable
  (Session info: chrome=70.0.3538.110)
  (Driver info: chromedriver=2.43.600210 (68dcf5eebde37173d4027fa8635e332711d2874a),platform=Windows NT 6.1.7601 SP1 x86_64) (WARNING: The server did not provide any stacktrace information)
Command duration or timeout: 0 milliseconds
Build info: version: '3.7.1', revision: '8a0099a', time: '2017-11-06T21:07:36.161Z'
System info: host: 'WIN7TEST02', ip: '10.20.3.72', os.name: 'Windows 7', os.arch: 'amd64', os.version: '6.1', java.version: '1.8.0_181'
Driver info: com.kms.katalon.selenium.driver.CChromeDriver
Capabilities {acceptInsecureCerts: false, acceptSslCerts: false, applicationCacheEnabled: false, browserConnectionEnabled: false, browserName: chrome, chrome: {chromedriverVersion: 2.43.600210 (68dcf5eebde371..., userDataDir: C:\Users\Admin\AppData\Loca...}, cssSelectorsEnabled: true, databaseEnabled: false, goog:chromeOptions: {debuggerAddress: localhost:59766}, handlesAlerts: true, hasTouchScreen: false, javascriptEnabled: true, locationContextEnabled: true, mobileEmulationEnabled: false, nativeEvents: true, networkConnectionEnabled: false, pageLoadStrategy: normal, platform: XP, platformName: XP, rotatable: false, setWindowRect: true, takesHeapSnapshot: true, takesScreenshot: true, unexpectedAlertBehaviour: , unhandledPromptBehavior: , version: 70.0.3538.110, webStorageEnabled: true}
Session ID: 72ebcebbdd05778f2e4385996f0a9eb0)
	at com.kms.katalon.core.keyword.internal.KeywordMain.stepFailed(KeywordMain.groovy:32)
	at com.kms.katalon.core.webui.keyword.internal.WebUIKeywordMain.stepFailed(WebUIKeywordMain.groovy:65)
	at com.kms.katalon.core.webui.keyword.internal.WebUIKeywordMain.runKeyword(WebUIKeywordMain.groovy:27)
	at com.kms.katalon.core.webui.keyword.builtin.SetTextKeyword.setText(SetTextKeyword.groovy:65)
	at com.kms.katalon.core.webui.keyword.builtin.SetTextKeyword.execute(SetTextKeyword.groovy:37)
	at com.kms.katalon.core.keyword.internal.KeywordExecutor.executeKeywordForPlatform(KeywordExecutor.groovy:53)
	at com.kms.katalon.core.webui.keyword.WebUiBuiltInKeywords.setText(WebUiBuiltInKeywords.groovy:950)
	at com.kms.katalon.core.webui.keyword.WebUiBuiltInKeywords$setText$1.call(Unknown Source)
	at org.codehaus.groovy.runtime.callsite.CallSiteArray.defaultCall(CallSiteArray.java:48)
	at org.codehaus.groovy.runtime.callsite.AbstractCallSite.call(AbstractCallSite.java:113)
	at org.codehaus.groovy.runtime.callsite.AbstractCallSite.call(AbstractCallSite.java:133)
	at Script1535945708168.run(Script1535945708168.groovy:73)
	at com.kms.katalon.core.main.ScriptEngine.run(ScriptEngine.java:183)
	at com.kms.katalon.core.main.ScriptEngine.runScriptAsRawText(ScriptEngine.java:108)
	at com.kms.katalon.core.main.TestCaseExecutor.runScript(TestCaseExecutor.java:294)
	at com.kms.katalon.core.main.TestCaseExecutor.doExecute(TestCaseExecutor.java:285)
	at com.kms.katalon.core.main.TestCaseExecutor.processExecutionPhase(TestCaseExecutor.java:264)
	at com.kms.katalon.core.main.TestCaseExecutor.accessMainPhase(TestCaseExecutor.java:256)
	at com.kms.katalon.core.main.TestCaseExecutor.execute(TestCaseExecutor.java:200)
	at com.kms.katalon.core.main.TestSuiteExecutor.accessTestCaseMainPhase(TestSuiteExecutor.java:129)
	at com.kms.katalon.core.main.TestSuiteExecutor.accessTestSuiteMainPhase(TestSuiteExecutor.java:112)
	at com.kms.katalon.core.main.TestSuiteExecutor.execute(TestSuiteExecutor.java:81)
	at com.kms.katalon.core.main.TestCaseMain.startTestSuite(TestCaseMain.java:142)
	at com.kms.katalon.core.main.TestCaseMain$startTestSuite$0.call(Unknown Source)
	at org.codehaus.groovy.runtime.callsite.CallSiteArray.defaultCall(CallSiteArray.java:48)
	at org.codehaus.groovy.runtime.callsite.AbstractCallSite.call(AbstractCallSite.java:113)
	at org.codehaus.groovy.runtime.callsite.AbstractCallSite.call(AbstractCallSite.java:141)
	at TempTestSuite1544618906888.run(TempTestSuite1544618906888.groovy:36)
	at groovy.lang.GroovyShell.runScriptOrMainOrTestOrRunnable(GroovyShell.java:263)
	at groovy.lang.GroovyShell.run(GroovyShell.java:518)
	at groovy.lang.GroovyShell.run(GroovyShell.java:507)
	at groovy.ui.GroovyMain.processOnce(GroovyMain.java:653)
	at groovy.ui.GroovyMain.run(GroovyMain.java:384)
	at groovy.ui.GroovyMain.process(GroovyMain.java:370)
	at groovy.ui.GroovyMain.processArgs(GroovyMain.java:129)
	at groovy.ui.GroovyMain.main(GroovyMain.java:109)
	at sun.reflect.NativeMethodAccessorImpl.invoke0(Native Method)
	at sun.reflect.NativeMethodAccessorImpl.invoke(NativeMethodAccessorImpl.java:62)
	at sun.reflect.DelegatingMethodAccessorImpl.invoke(DelegatingMethodAccessorImpl.java:43)
	at java.lang.reflect.Method.invoke(Method.java:498)
	at org.codehaus.groovy.tools.GroovyStarter.rootLoader(GroovyStarter.java:109)
	at org.codehaus.groovy.tools.GroovyStarter.main(GroovyStarter.java:131)
)]]></system-err>
      </testcase>
      <testcase name="Test Cases/Final Aug 2018 - PKS Automation/Registration Module/Workflow/New Registration/Employer to RO - Query - Submit" classname="Test Cases/Final Aug 2018 - PKS Automation/Registration Module/Workflow/New Registration/Employer to RO - Query - Submit" status="FAILED">
         <failure type="FAILED" message="(Stack trace: com.kms.katalon.core.exception.StepFailedException: Unable to set text 'CRN12201800123255' of object 'Object Repository/Final Object Repo/New Registration - Registration Module Pages/New Reg - OTC to RO/Special Case - All Related Objects/TextBox RefNo in Workbasket' (Root cause: org.openqa.selenium.ElementNotVisibleException: element not interactable
  (Session info: chrome=70.0.3538.110)
  (Driver info: chromedriver=2.43.600210 (68dcf5eebde37173d4027fa8635e332711d2874a),platform=Windows NT 6.1.7601 SP1 x86_64) (WARNING: The server did not provide any stacktrace information)
Command duration or timeout: 0 milliseconds
Build info: version: '3.7.1', revision: '8a0099a', time: '2017-11-06T21:07:36.161Z'
System info: host: 'WIN7TEST02', ip: '10.20.3.72', os.name: 'Windows 7', os.arch: 'amd64', os.version: '6.1', java.version: '1.8.0_181'
Driver info: com.kms.katalon.selenium.driver.CChromeDriver
Capabilities {acceptInsecureCerts: false, acceptSslCerts: false, applicationCacheEnabled: false, browserConnectionEnabled: false, browserName: chrome, chrome: {chromedriverVersion: 2.43.600210 (68dcf5eebde371..., userDataDir: C:\Users\Admin\AppData\Loca...}, cssSelectorsEnabled: true, databaseEnabled: false, goog:chromeOptions: {debuggerAddress: localhost:59963}, handlesAlerts: true, hasTouchScreen: false, javascriptEnabled: true, locationContextEnabled: true, mobileEmulationEnabled: false, nativeEvents: true, networkConnectionEnabled: false, pageLoadStrategy: normal, platform: XP, platformName: XP, rotatable: false, setWindowRect: true, takesHeapSnapshot: true, takesScreenshot: true, unexpectedAlertBehaviour: , unhandledPromptBehavior: , version: 70.0.3538.110, webStorageEnabled: true}
Session ID: 4e696285fe2350b1817d221275150296)
	at com.kms.katalon.core.keyword.internal.KeywordMain.stepFailed(KeywordMain.groovy:32)
	at com.kms.katalon.core.webui.keyword.internal.WebUIKeywordMain.stepFailed(WebUIKeywordMain.groovy:65)
	at com.kms.katalon.core.webui.keyword.internal.WebUIKeywordMain.runKeyword(WebUIKeywordMain.groovy:27)
	at com.kms.katalon.core.webui.keyword.builtin.SetTextKeyword.setText(SetTextKeyword.groovy:65)
	at com.kms.katalon.core.webui.keyword.builtin.SetTextKeyword.execute(SetTextKeyword.groovy:37)
	at com.kms.katalon.core.keyword.internal.KeywordExecutor.executeKeywordForPlatform(KeywordExecutor.groovy:53)
	at com.kms.katalon.core.webui.keyword.WebUiBuiltInKeywords.setText(WebUiBuiltInKeywords.groovy:950)
	at com.kms.katalon.core.webui.keyword.WebUiBuiltInKeywords$setText$1.call(Unknown Source)
	at org.codehaus.groovy.runtime.callsite.CallSiteArray.defaultCall(CallSiteArray.java:48)
	at org.codehaus.groovy.runtime.callsite.AbstractCallSite.call(AbstractCallSite.java:113)
	at org.codehaus.groovy.runtime.callsite.AbstractCallSite.call(AbstractCallSite.java:133)
	at Script1537248112379.run(Script1537248112379.groovy:87)
	at com.kms.katalon.core.main.ScriptEngine.run(ScriptEngine.java:183)
	at com.kms.katalon.core.main.ScriptEngine.runScriptAsRawText(ScriptEngine.java:108)
	at com.kms.katalon.core.main.TestCaseExecutor.runScript(TestCaseExecutor.java:294)
	at com.kms.katalon.core.main.TestCaseExecutor.doExecute(TestCaseExecutor.java:285)
	at com.kms.katalon.core.main.TestCaseExecutor.processExecutionPhase(TestCaseExecutor.java:264)
	at com.kms.katalon.core.main.TestCaseExecutor.accessMainPhase(TestCaseExecutor.java:256)
	at com.kms.katalon.core.main.TestCaseExecutor.execute(TestCaseExecutor.java:200)
	at com.kms.katalon.core.main.TestSuiteExecutor.accessTestCaseMainPhase(TestSuiteExecutor.java:129)
	at com.kms.katalon.core.main.TestSuiteExecutor.accessTestSuiteMainPhase(TestSuiteExecutor.java:112)
	at com.kms.katalon.core.main.TestSuiteExecutor.execute(TestSuiteExecutor.java:81)
	at com.kms.katalon.core.main.TestCaseMain.startTestSuite(TestCaseMain.java:142)
	at com.kms.katalon.core.main.TestCaseMain$startTestSuite$0.call(Unknown Source)
	at org.codehaus.groovy.runtime.callsite.CallSiteArray.defaultCall(CallSiteArray.java:48)
	at org.codehaus.groovy.runtime.callsite.AbstractCallSite.call(AbstractCallSite.java:113)
	at org.codehaus.groovy.runtime.callsite.AbstractCallSite.call(AbstractCallSite.java:141)
	at TempTestSuite1544618906888.run(TempTestSuite1544618906888.groovy:36)
	at groovy.lang.GroovyShell.runScriptOrMainOrTestOrRunnable(GroovyShell.java:263)
	at groovy.lang.GroovyShell.run(GroovyShell.java:518)
	at groovy.lang.GroovyShell.run(GroovyShell.java:507)
	at groovy.ui.GroovyMain.processOnce(GroovyMain.java:653)
	at groovy.ui.GroovyMain.run(GroovyMain.java:384)
	at groovy.ui.GroovyMain.process(GroovyMain.java:370)
	at groovy.ui.GroovyMain.processArgs(GroovyMain.java:129)
	at groovy.ui.GroovyMain.main(GroovyMain.java:109)
	at sun.reflect.NativeMethodAccessorImpl.invoke0(Native Method)
	at sun.reflect.NativeMethodAccessorImpl.invoke(NativeMethodAccessorImpl.java:62)
	at sun.reflect.DelegatingMethodAccessorImpl.invoke(DelegatingMethodAccessorImpl.java:43)
	at java.lang.reflect.Method.invoke(Method.java:498)
	at org.codehaus.groovy.tools.GroovyStarter.rootLoader(GroovyStarter.java:109)
	at org.codehaus.groovy.tools.GroovyStarter.main(GroovyStarter.java:131)
)"/>
         <system-out><![CDATA[2018-12-13 00:49:55 - [TEST_CASE][FAILED] - Test Cases/Final Aug 2018 - PKS Automation/Registration Module/Workflow/New Registration/Employer to RO - Query - Submit: Test Cases/Final Aug 2018 - PKS Automation/Registration Module/Workflow/New Registration/Employer to RO - Query - Submit FAILED because (of) (Stack trace: com.kms.katalon.core.exception.StepFailedException: Unable to set text 'CRN12201800123255' of object 'Object Repository/Final Object Repo/New Registration - Registration Module Pages/New Reg - OTC to RO/Special Case - All Related Objects/TextBox RefNo in Workbasket' (Root cause: org.openqa.selenium.ElementNotVisibleException: element not interactable
  (Session info: chrome=70.0.3538.110)
  (Driver info: chromedriver=2.43.600210 (68dcf5eebde37173d4027fa8635e332711d2874a),platform=Windows NT 6.1.7601 SP1 x86_64) (WARNING: The server did not provide any stacktrace information)
Command duration or timeout: 0 milliseconds
Build info: version: '3.7.1', revision: '8a0099a', time: '2017-11-06T21:07:36.161Z'
System info: host: 'WIN7TEST02', ip: '10.20.3.72', os.name: 'Windows 7', os.arch: 'amd64', os.version: '6.1', java.version: '1.8.0_181'
Driver info: com.kms.katalon.selenium.driver.CChromeDriver
Capabilities {acceptInsecureCerts: false, acceptSslCerts: false, applicationCacheEnabled: false, browserConnectionEnabled: false, browserName: chrome, chrome: {chromedriverVersion: 2.43.600210 (68dcf5eebde371..., userDataDir: C:\Users\Admin\AppData\Loca...}, cssSelectorsEnabled: true, databaseEnabled: false, goog:chromeOptions: {debuggerAddress: localhost:59963}, handlesAlerts: true, hasTouchScreen: false, javascriptEnabled: true, locationContextEnabled: true, mobileEmulationEnabled: false, nativeEvents: true, networkConnectionEnabled: false, pageLoadStrategy: normal, platform: XP, platformName: XP, rotatable: false, setWindowRect: true, takesHeapSnapshot: true, takesScreenshot: true, unexpectedAlertBehaviour: , unhandledPromptBehavior: , version: 70.0.3538.110, webStorageEnabled: true}
Session ID: 4e696285fe2350b1817d221275150296)
	at com.kms.katalon.core.keyword.internal.KeywordMain.stepFailed(KeywordMain.groovy:32)
	at com.kms.katalon.core.webui.keyword.internal.WebUIKeywordMain.stepFailed(WebUIKeywordMain.groovy:65)
	at com.kms.katalon.core.webui.keyword.internal.WebUIKeywordMain.runKeyword(WebUIKeywordMain.groovy:27)
	at com.kms.katalon.core.webui.keyword.builtin.SetTextKeyword.setText(SetTextKeyword.groovy:65)
	at com.kms.katalon.core.webui.keyword.builtin.SetTextKeyword.execute(SetTextKeyword.groovy:37)
	at com.kms.katalon.core.keyword.internal.KeywordExecutor.executeKeywordForPlatform(KeywordExecutor.groovy:53)
	at com.kms.katalon.core.webui.keyword.WebUiBuiltInKeywords.setText(WebUiBuiltInKeywords.groovy:950)
	at com.kms.katalon.core.webui.keyword.WebUiBuiltInKeywords$setText$1.call(Unknown Source)
	at org.codehaus.groovy.runtime.callsite.CallSiteArray.defaultCall(CallSiteArray.java:48)
	at org.codehaus.groovy.runtime.callsite.AbstractCallSite.call(AbstractCallSite.java:113)
	at org.codehaus.groovy.runtime.callsite.AbstractCallSite.call(AbstractCallSite.java:133)
	at Script1537248112379.run(Script1537248112379.groovy:87)
	at com.kms.katalon.core.main.ScriptEngine.run(ScriptEngine.java:183)
	at com.kms.katalon.core.main.ScriptEngine.runScriptAsRawText(ScriptEngine.java:108)
	at com.kms.katalon.core.main.TestCaseExecutor.runScript(TestCaseExecutor.java:294)
	at com.kms.katalon.core.main.TestCaseExecutor.doExecute(TestCaseExecutor.java:285)
	at com.kms.katalon.core.main.TestCaseExecutor.processExecutionPhase(TestCaseExecutor.java:264)
	at com.kms.katalon.core.main.TestCaseExecutor.accessMainPhase(TestCaseExecutor.java:256)
	at com.kms.katalon.core.main.TestCaseExecutor.execute(TestCaseExecutor.java:200)
	at com.kms.katalon.core.main.TestSuiteExecutor.accessTestCaseMainPhase(TestSuiteExecutor.java:129)
	at com.kms.katalon.core.main.TestSuiteExecutor.accessTestSuiteMainPhase(TestSuiteExecutor.java:112)
	at com.kms.katalon.core.main.TestSuiteExecutor.execute(TestSuiteExecutor.java:81)
	at com.kms.katalon.core.main.TestCaseMain.startTestSuite(TestCaseMain.java:142)
	at com.kms.katalon.core.main.TestCaseMain$startTestSuite$0.call(Unknown Source)
	at org.codehaus.groovy.runtime.callsite.CallSiteArray.defaultCall(CallSiteArray.java:48)
	at org.codehaus.groovy.runtime.callsite.AbstractCallSite.call(AbstractCallSite.java:113)
	at org.codehaus.groovy.runtime.callsite.AbstractCallSite.call(AbstractCallSite.java:141)
	at TempTestSuite1544618906888.run(TempTestSuite1544618906888.groovy:36)
	at groovy.lang.GroovyShell.runScriptOrMainOrTestOrRunnable(GroovyShell.java:263)
	at groovy.lang.GroovyShell.run(GroovyShell.java:518)
	at groovy.lang.GroovyShell.run(GroovyShell.java:507)
	at groovy.ui.GroovyMain.processOnce(GroovyMain.java:653)
	at groovy.ui.GroovyMain.run(GroovyMain.java:384)
	at groovy.ui.GroovyMain.process(GroovyMain.java:370)
	at groovy.ui.GroovyMain.processArgs(GroovyMain.java:129)
	at groovy.ui.GroovyMain.main(GroovyMain.java:109)
	at sun.reflect.NativeMethodAccessorImpl.invoke0(Native Method)
	at sun.reflect.NativeMethodAccessorImpl.invoke(NativeMethodAccessorImpl.java:62)
	at sun.reflect.DelegatingMethodAccessorImpl.invoke(DelegatingMethodAccessorImpl.java:43)
	at java.lang.reflect.Method.invoke(Method.java:498)
	at org.codehaus.groovy.tools.GroovyStarter.rootLoader(GroovyStarter.java:109)
	at org.codehaus.groovy.tools.GroovyStarter.main(GroovyStarter.java:131)
)

2018-12-13 00:49:55 - [TEST_STEP][PASSED] - callTestCase: Call Test Case 'Test Cases/Final Aug 2018 - PKS Automation/Registration Module/Workflow/New Registration/Template/Special Case - Employer - Form 1' successfully

2018-12-13 00:49:55 - [TEST_CASE][PASSED] - Test Cases/Final Aug 2018 - PKS Automation/Registration Module/Workflow/New Registration/Template/Special Case - Employer - Form 1: Test Cases/Final Aug 2018 - PKS Automation/Registration Module/Workflow/New Registration/Template/Special Case - Employer - Form 1

2018-12-13 00:49:56 - [TEST_STEP][PASSED] - callTestCase: Call Test Case 'Test Cases/Final Aug 2018 - PKS Automation/Create Employer Acc/Create Employer Account' successfully

2018-12-13 00:49:56 - [TEST_CASE][PASSED] - Test Cases/Final Aug 2018 - PKS Automation/Create Employer Acc/Create Employer Account: Test Cases/Final Aug 2018 - PKS Automation/Create Employer Acc/Create Employer Account

2018-12-13 00:49:56 - [TEST_STEP][PASSED] - callTestCase: Call Test Case 'Test Cases/Final Aug 2018 - PKS Automation/Create Employer Acc/Template/Register Employer' successfully

2018-12-13 00:49:56 - [TEST_CASE][PASSED] - Test Cases/Final Aug 2018 - PKS Automation/Create Employer Acc/Template/Register Employer: Test Cases/Final Aug 2018 - PKS Automation/Create Employer Acc/Template/Register Employer

2018-12-13 00:49:56 - [TEST_STEP][PASSED] - openBrowser: Browser is opened with url: ''

2018-12-13 00:49:56 - [MESSAGE][WARNING] - A browser is already opened. Closing browser and opening a new one

2018-12-13 00:50:00 - [MESSAGE][PASSED] - Browser is opened with url: ''

2018-12-13 00:50:00 - [TEST_STEP][PASSED] - navigateToUrl: Navigate to 'https://assist2-uat.perkeso.gov.my/login' successfully

2018-12-13 00:50:01 - [MESSAGE][PASSED] - Navigate to 'https://assist2-uat.perkeso.gov.my/login' successfully

2018-12-13 00:50:01 - [TEST_STEP][PASSED] - setText: Text 'johorotc1@gmail.com' is set on object 'Object Repository/Final Object Repo/Login Page/Internal User/Email Address'

2018-12-13 00:50:02 - [MESSAGE][PASSED] - Text 'johorotc1@gmail.com' is set on object 'Object Repository/Final Object Repo/Login Page/Internal User/Email Address'

2018-12-13 00:50:02 - [TEST_STEP][PASSED] - click: Object: 'Object Repository/Final Object Repo/Login Page/Internal User/Next Button' is clicked on

2018-12-13 00:50:02 - [MESSAGE][PASSED] - Object: 'Object Repository/Final Object Repo/Login Page/Internal User/Next Button' is clicked on

2018-12-13 00:50:02 - [TEST_STEP][PASSED] - delay: Delayed 1 second(s)

2018-12-13 00:50:03 - [MESSAGE][PASSED] - Delayed 1 second(s)

2018-12-13 00:50:03 - [TEST_STEP][PASSED] - setEncryptedText: Text ****** has been set on object 'Object Repository/Final Object Repo/Login Page/Internal User/Password'

2018-12-13 00:50:03 - [MESSAGE][PASSED] - Text ****** has been set on object 'Object Repository/Final Object Repo/Login Page/Internal User/Password'

2018-12-13 00:50:03 - [TEST_STEP][PASSED] - click: Object: 'Object Repository/Final Object Repo/Login Page/Internal User/Login Button' is clicked on

2018-12-13 00:50:04 - [MESSAGE][PASSED] - Object: 'Object Repository/Final Object Repo/Login Page/Internal User/Login Button' is clicked on

2018-12-13 00:50:04 - [TEST_STEP][PASSED] - delay: Delayed 1 second(s)

2018-12-13 00:50:05 - [MESSAGE][PASSED] - Delayed 1 second(s)

2018-12-13 00:50:05 - [TEST_STEP][PASSED] - navigateToUrl: Navigate to 'https://assist2-uat.perkeso.gov.my/web/base/portal-id/registration' successfully

2018-12-13 00:50:06 - [MESSAGE][PASSED] - Navigate to 'https://assist2-uat.perkeso.gov.my/web/base/portal-id/registration' successfully

2018-12-13 00:50:06 - [TEST_STEP][PASSED] - setText: Text 'AUTOMATION EMPLOYER' is set on object 'Object Repository/Final Object Repo/Creating Employer Account/Page_Registration - ASSIST (Base)/Employer Name'

2018-12-13 00:50:07 - [MESSAGE][PASSED] - Text 'AUTOMATION EMPLOYER' is set on object 'Object Repository/Final Object Repo/Creating Employer Account/Page_Registration - ASSIST (Base)/Employer Name'

2018-12-13 00:50:07 - [TEST_STEP][PASSED] - delay: Delayed 2 second(s)

2018-12-13 00:50:09 - [MESSAGE][PASSED] - Delayed 2 second(s)

2018-12-13 00:50:09 - [TEST_STEP][PASSED] - click: Object: 'Object Repository/Final Object Repo/Creating Employer Account/Page_Registration - ASSIST (Base)/Registration Type' is clicked on

2018-12-13 00:50:09 - [MESSAGE][PASSED] - Object: 'Object Repository/Final Object Repo/Creating Employer Account/Page_Registration - ASSIST (Base)/Registration Type' is clicked on

2018-12-13 00:50:09 - [TEST_STEP][PASSED] - delay: Delayed 2 second(s)

2018-12-13 00:50:11 - [MESSAGE][PASSED] - Delayed 2 second(s)

2018-12-13 00:50:11 - [TEST_STEP][PASSED] - click: Object: 'Object Repository/Final Object Repo/Creating Employer Account/Page_Registration - ASSIST (Base)/Registration Type - Registration No' is clicked on

2018-12-13 00:50:11 - [MESSAGE][PASSED] - Object: 'Object Repository/Final Object Repo/Creating Employer Account/Page_Registration - ASSIST (Base)/Registration Type - Registration No' is clicked on

2018-12-13 00:50:11 - [TEST_STEP][PASSED] - delay: Delayed 2 second(s)

2018-12-13 00:50:13 - [MESSAGE][PASSED] - Delayed 2 second(s)

2018-12-13 00:50:13 - [TEST_STEP][PASSED] - setText: Text 'AUTOMATE001' is set on object 'Object Repository/Final Object Repo/Creating Employer Account/Page_Registration - ASSIST (Base)/Registration Number'

2018-12-13 00:50:13 - [MESSAGE][PASSED] - Text 'AUTOMATE001' is set on object 'Object Repository/Final Object Repo/Creating Employer Account/Page_Registration - ASSIST (Base)/Registration Number'

2018-12-13 00:50:13 - [TEST_STEP][PASSED] - delay: Delayed 2 second(s)

2018-12-13 00:50:15 - [MESSAGE][PASSED] - Delayed 2 second(s)

2018-12-13 00:50:15 - [TEST_STEP][PASSED] - setText: Text 'ADDRESS 1' is set on object 'Object Repository/Final Object Repo/Creating Employer Account/Page_Registration - ASSIST (Base)/Postal Address 1'

2018-12-13 00:50:16 - [MESSAGE][PASSED] - Text 'ADDRESS 1' is set on object 'Object Repository/Final Object Repo/Creating Employer Account/Page_Registration - ASSIST (Base)/Postal Address 1'

2018-12-13 00:50:16 - [TEST_STEP][PASSED] - setText: Text 'ADDRESS 2' is set on object 'Object Repository/Final Object Repo/Creating Employer Account/Page_Registration - ASSIST (Base)/Postal Address 2'

2018-12-13 00:50:16 - [MESSAGE][PASSED] - Text 'ADDRESS 2' is set on object 'Object Repository/Final Object Repo/Creating Employer Account/Page_Registration - ASSIST (Base)/Postal Address 2'

2018-12-13 00:50:16 - [TEST_STEP][PASSED] - click: Object: 'Object Repository/Final Object Repo/Creating Employer Account/Page_Registration - ASSIST (Base)/State' is clicked on

2018-12-13 00:50:16 - [MESSAGE][PASSED] - Object: 'Object Repository/Final Object Repo/Creating Employer Account/Page_Registration - ASSIST (Base)/State' is clicked on

2018-12-13 00:50:16 - [TEST_STEP][PASSED] - delay: Delayed 2 second(s)

2018-12-13 00:50:18 - [MESSAGE][PASSED] - Delayed 2 second(s)

2018-12-13 00:50:18 - [TEST_STEP][PASSED] - click: Object: 'Object Repository/Final Object Repo/Creating Employer Account/Page_Registration - ASSIST (Base)/State - Johor' is clicked on

2018-12-13 00:50:18 - [MESSAGE][PASSED] - Object: 'Object Repository/Final Object Repo/Creating Employer Account/Page_Registration - ASSIST (Base)/State - Johor' is clicked on

2018-12-13 00:50:18 - [TEST_STEP][PASSED] - delay: Delayed 2 second(s)

2018-12-13 00:50:20 - [MESSAGE][PASSED] - Delayed 2 second(s)

2018-12-13 00:50:20 - [TEST_STEP][PASSED] - click: Object: 'Object Repository/Final Object Repo/Creating Employer Account/Page_Registration - ASSIST (Base)/City' is clicked on

2018-12-13 00:50:21 - [MESSAGE][PASSED] - Object: 'Object Repository/Final Object Repo/Creating Employer Account/Page_Registration - ASSIST (Base)/City' is clicked on

2018-12-13 00:50:21 - [TEST_STEP][PASSED] - delay: Delayed 2 second(s)

2018-12-13 00:50:23 - [MESSAGE][PASSED] - Delayed 2 second(s)

2018-12-13 00:50:23 - [TEST_STEP][PASSED] - setText: Text 'joh' is set on object 'Object Repository/Final Object Repo/Creating Employer Account/Page_Registration - ASSIST (Base)/City - joh'

2018-12-13 00:50:23 - [MESSAGE][PASSED] - Text 'joh' is set on object 'Object Repository/Final Object Repo/Creating Employer Account/Page_Registration - ASSIST (Base)/City - joh'

2018-12-13 00:50:23 - [TEST_STEP][PASSED] - delay: Delayed 2 second(s)

2018-12-13 00:50:25 - [MESSAGE][PASSED] - Delayed 2 second(s)

2018-12-13 00:50:25 - [TEST_STEP][PASSED] - click: Object: 'Object Repository/Final Object Repo/Creating Employer Account/Page_Registration - ASSIST (Base)/City - Johor Bharu' is clicked on

2018-12-13 00:50:25 - [MESSAGE][PASSED] - Object: 'Object Repository/Final Object Repo/Creating Employer Account/Page_Registration - ASSIST (Base)/City - Johor Bharu' is clicked on

2018-12-13 00:50:25 - [TEST_STEP][PASSED] - delay: Delayed 2 second(s)

2018-12-13 00:50:27 - [MESSAGE][PASSED] - Delayed 2 second(s)

2018-12-13 00:50:27 - [TEST_STEP][PASSED] - click: Object: 'Object Repository/Final Object Repo/Creating Employer Account/Page_Registration - ASSIST (Base)/Post Code' is clicked on

2018-12-13 00:50:27 - [MESSAGE][PASSED] - Object: 'Object Repository/Final Object Repo/Creating Employer Account/Page_Registration - ASSIST (Base)/Post Code' is clicked on

2018-12-13 00:50:27 - [TEST_STEP][PASSED] - delay: Delayed 2 second(s)

2018-12-13 00:50:29 - [MESSAGE][PASSED] - Delayed 2 second(s)

2018-12-13 00:50:29 - [TEST_STEP][PASSED] - setText: Text '810' is set on object 'Object Repository/Final Object Repo/Creating Employer Account/Page_Registration - ASSIST (Base)/Post Code - 810'

2018-12-13 00:50:29 - [MESSAGE][PASSED] - Text '810' is set on object 'Object Repository/Final Object Repo/Creating Employer Account/Page_Registration - ASSIST (Base)/Post Code - 810'

2018-12-13 00:50:29 - [TEST_STEP][PASSED] - delay: Delayed 2 second(s)

2018-12-13 00:50:31 - [MESSAGE][PASSED] - Delayed 2 second(s)

2018-12-13 00:50:31 - [TEST_STEP][PASSED] - click: Object: 'Object Repository/Final Object Repo/Creating Employer Account/Page_Registration - ASSIST (Base)/Post Code - 81000' is clicked on

2018-12-13 00:50:32 - [MESSAGE][PASSED] - Object: 'Object Repository/Final Object Repo/Creating Employer Account/Page_Registration - ASSIST (Base)/Post Code - 81000' is clicked on

2018-12-13 00:50:32 - [TEST_STEP][PASSED] - delay: Delayed 2 second(s)

2018-12-13 00:50:34 - [MESSAGE][PASSED] - Delayed 2 second(s)

2018-12-13 00:50:34 - [TEST_STEP][PASSED] - setText: Text 'PERKESO' is set on object 'Object Repository/Final Object Repo/Creating Employer Account/Page_Registration - ASSIST (Base)/Full Name'

2018-12-13 00:50:34 - [MESSAGE][PASSED] - Text 'PERKESO' is set on object 'Object Repository/Final Object Repo/Creating Employer Account/Page_Registration - ASSIST (Base)/Full Name'

2018-12-13 00:50:34 - [TEST_STEP][PASSED] - Statement - rnd = new java.util.Random(): null

2018-12-13 00:50:34 - [TEST_STEP][PASSED] - Statement - snum = rnd.nextInt(899999 + 1) + 100000: null

2018-12-13 00:50:34 - [TEST_STEP][PASSED] - Statement - tnum = rnd.nextInt(899999 + 1) + 100000: null

2018-12-13 00:50:34 - [TEST_STEP][PASSED] - Statement - IC = java.lang.Integer.toString(snum) + java.lang.Integer.toString(tnum): null

2018-12-13 00:50:34 - [TEST_STEP][PASSED] - Statement - out.println(IC): null

2018-12-13 00:50:34 - [TEST_STEP][PASSED] - setText: Text '893566321714' is set on object 'Object Repository/Final Object Repo/Creating Employer Account/Page_Registration - ASSIST (Base)/Identification Number'

2018-12-13 00:50:34 - [MESSAGE][PASSED] - Text '893566321714' is set on object 'Object Repository/Final Object Repo/Creating Employer Account/Page_Registration - ASSIST (Base)/Identification Number'

2018-12-13 00:50:34 - [TEST_STEP][PASSED] - delay: Delayed 2 second(s)

2018-12-13 00:50:36 - [MESSAGE][PASSED] - Delayed 2 second(s)

2018-12-13 00:50:36 - [TEST_STEP][PASSED] - setText: Text '123456789012' is set on object 'Object Repository/Final Object Repo/Creating Employer Account/Page_Registration - ASSIST (Base)/Contact Number'

2018-12-13 00:50:36 - [MESSAGE][PASSED] - Text '123456789012' is set on object 'Object Repository/Final Object Repo/Creating Employer Account/Page_Registration - ASSIST (Base)/Contact Number'

2018-12-13 00:50:36 - [TEST_STEP][PASSED] - Statement - Email = "perkeso" + IC + "@gmail.com": null

2018-12-13 00:50:37 - [TEST_STEP][PASSED] - delay: Delayed 2 second(s)

2018-12-13 00:50:39 - [MESSAGE][PASSED] - Delayed 2 second(s)

2018-12-13 00:50:39 - [TEST_STEP][PASSED] - callTestCase: Call Test Case 'Test Cases/Final Aug 2018 - PKS Automation/Create Employer Acc/Template/Employer Email Settler' successfully

2018-12-13 00:50:39 - [TEST_CASE][PASSED] - Test Cases/Final Aug 2018 - PKS Automation/Create Employer Acc/Template/Employer Email Settler: Test Cases/Final Aug 2018 - PKS Automation/Create Employer Acc/Template/Employer Email Settler

2018-12-13 00:50:39 - [TEST_STEP][PASSED] - Statement - EmpEmailOld = new java.io.File(C://Users//Admin//Desktop//PKS//Automation Reference Point//EmpEmail.txt): null

2018-12-13 00:50:39 - [TEST_STEP][PASSED] - Statement - EmpEmailOld.delete(): null

2018-12-13 00:50:39 - [TEST_STEP][PASSED] - delay: Delayed 5 second(s)

2018-12-13 00:50:44 - [MESSAGE][PASSED] - Delayed 5 second(s)

2018-12-13 00:50:44 - [TEST_STEP][PASSED] - Statement - EmpEmail = new java.io.File(C://Users//Admin//Desktop//PKS//Automation Reference Point//EmpEmail.txt): null

2018-12-13 00:50:44 - [TEST_STEP][PASSED] - Statement - f2 = new java.io.FileWriter(EmpEmail, false): null

2018-12-13 00:50:44 - [TEST_STEP][PASSED] - Statement - f2.write(Email): null

2018-12-13 00:50:44 - [TEST_STEP][PASSED] - Statement - f2.close(): null

2018-12-13 00:50:44 - [TEST_STEP][PASSED] - Statement - out.println(Email): null

2018-12-13 00:50:44 - [MESSAGE][PASSED] - Call Test Case 'Test Cases/Final Aug 2018 - PKS Automation/Create Employer Acc/Template/Employer Email Settler' successfully

2018-12-13 00:50:44 - [TEST_STEP][PASSED] - delay: Delayed 2 second(s)

2018-12-13 00:50:46 - [MESSAGE][PASSED] - Delayed 2 second(s)

2018-12-13 00:50:46 - [TEST_STEP][PASSED] - setText: Text 'perkeso893566321714@gmail.com' is set on object 'Object Repository/Final Object Repo/Creating Employer Account/Page_Registration - ASSIST (Base)/Email'

2018-12-13 00:50:46 - [MESSAGE][PASSED] - Text 'perkeso893566321714@gmail.com' is set on object 'Object Repository/Final Object Repo/Creating Employer Account/Page_Registration - ASSIST (Base)/Email'

2018-12-13 00:50:46 - [TEST_STEP][PASSED] - setText: Text '123' is set on object 'Object Repository/Final Object Repo/Creating Employer Account/Page_Registration - ASSIST (Base)/Security Phase'

2018-12-13 00:50:47 - [MESSAGE][PASSED] - Text '123' is set on object 'Object Repository/Final Object Repo/Creating Employer Account/Page_Registration - ASSIST (Base)/Security Phase'

2018-12-13 00:50:47 - [TEST_STEP][PASSED] - click: Object: 'Object Repository/Final Object Repo/Creating Employer Account/Page_Registration - ASSIST (Base)/Save  Continue' is clicked on

2018-12-13 00:50:47 - [MESSAGE][PASSED] - Object: 'Object Repository/Final Object Repo/Creating Employer Account/Page_Registration - ASSIST (Base)/Save  Continue' is clicked on

2018-12-13 00:50:47 - [TEST_STEP][PASSED] - delay: Delayed 2 second(s)

2018-12-13 00:50:49 - [MESSAGE][PASSED] - Delayed 2 second(s)

2018-12-13 00:50:49 - [TEST_STEP][PASSED] - click: Object: 'Object Repository/Final Object Repo/Creating Employer Account/Page_Registration - ASSIST (Base)/Add Document' is clicked on

2018-12-13 00:50:49 - [MESSAGE][PASSED] - Object: 'Object Repository/Final Object Repo/Creating Employer Account/Page_Registration - ASSIST (Base)/Add Document' is clicked on

2018-12-13 00:50:49 - [TEST_STEP][PASSED] - delay: Delayed 2 second(s)

2018-12-13 00:50:51 - [MESSAGE][PASSED] - Delayed 2 second(s)

2018-12-13 00:50:51 - [TEST_STEP][PASSED] - click: Object: 'Object Repository/Final Object Repo/Creating Employer Account/Page_Registration - ASSIST (Base)/Document Type' is clicked on

2018-12-13 00:50:51 - [MESSAGE][PASSED] - Object: 'Object Repository/Final Object Repo/Creating Employer Account/Page_Registration - ASSIST (Base)/Document Type' is clicked on

2018-12-13 00:50:51 - [TEST_STEP][PASSED] - delay: Delayed 2 second(s)

2018-12-13 00:50:53 - [MESSAGE][PASSED] - Delayed 2 second(s)

2018-12-13 00:50:53 - [TEST_STEP][PASSED] - click: Object: 'Object Repository/Final Object Repo/Creating Employer Account/Page_Registration - ASSIST (Base)/Document Type - Letter of Authorization' is clicked on

2018-12-13 00:50:53 - [MESSAGE][PASSED] - Object: 'Object Repository/Final Object Repo/Creating Employer Account/Page_Registration - ASSIST (Base)/Document Type - Letter of Authorization' is clicked on

2018-12-13 00:50:53 - [TEST_STEP][PASSED] - delay: Delayed 2 second(s)

2018-12-13 00:50:55 - [MESSAGE][PASSED] - Delayed 2 second(s)

2018-12-13 00:50:55 - [TEST_STEP][PASSED] - sendKeys: Keys 'C:\Users\Public\Pictures\Sample Pictures\Koala.jpg' sent to object: 'Object Repository/Final Object Repo/Creating Employer Account/Page_Registration - ASSIST (Base)/Uploading File'

2018-12-13 00:50:55 - [MESSAGE][PASSED] - Keys 'C:\Users\Public\Pictures\Sample Pictures\Koala.jpg' sent to object: 'Object Repository/Final Object Repo/Creating Employer Account/Page_Registration - ASSIST (Base)/Uploading File'

2018-12-13 00:50:55 - [TEST_STEP][PASSED] - delay: Delayed 2 second(s)

2018-12-13 00:50:57 - [MESSAGE][PASSED] - Delayed 2 second(s)

2018-12-13 00:50:57 - [TEST_STEP][PASSED] - click: Object: 'Object Repository/Final Object Repo/Creating Employer Account/Page_Registration - ASSIST (Base)/Add Document in Uploading File' is clicked on

2018-12-13 00:50:58 - [MESSAGE][PASSED] - Object: 'Object Repository/Final Object Repo/Creating Employer Account/Page_Registration - ASSIST (Base)/Add Document in Uploading File' is clicked on

2018-12-13 00:50:58 - [TEST_STEP][PASSED] - delay: Delayed 2 second(s)

2018-12-13 00:51:00 - [MESSAGE][PASSED] - Delayed 2 second(s)

2018-12-13 00:51:00 - [TEST_STEP][PASSED] - click: Object: 'Object Repository/Final Object Repo/Creating Employer Account/Page_Registration - ASSIST (Base)/Save' is clicked on

2018-12-13 00:51:00 - [MESSAGE][PASSED] - Object: 'Object Repository/Final Object Repo/Creating Employer Account/Page_Registration - ASSIST (Base)/Save' is clicked on

2018-12-13 00:51:00 - [TEST_STEP][PASSED] - delay: Delayed 2 second(s)

2018-12-13 00:51:02 - [MESSAGE][PASSED] - Delayed 2 second(s)

2018-12-13 00:51:02 - [TEST_STEP][PASSED] - click: Object: 'Object Repository/Final Object Repo/Creating Employer Account/Page_Registration - ASSIST (Base)/Submit' is clicked on

2018-12-13 00:51:02 - [MESSAGE][PASSED] - Object: 'Object Repository/Final Object Repo/Creating Employer Account/Page_Registration - ASSIST (Base)/Submit' is clicked on

2018-12-13 00:51:02 - [TEST_STEP][PASSED] - delay: Delayed 2 second(s)

2018-12-13 00:51:04 - [MESSAGE][PASSED] - Delayed 2 second(s)

2018-12-13 00:51:04 - [TEST_STEP][PASSED] - click: Object: 'Object Repository/Final Object Repo/Creating Employer Account/Page_Registration - ASSIST (Base)/Confirm' is clicked on

2018-12-13 00:51:04 - [MESSAGE][PASSED] - Object: 'Object Repository/Final Object Repo/Creating Employer Account/Page_Registration - ASSIST (Base)/Confirm' is clicked on

2018-12-13 00:51:04 - [MESSAGE][PASSED] - Call Test Case 'Test Cases/Final Aug 2018 - PKS Automation/Create Employer Acc/Template/Register Employer' successfully

2018-12-13 00:51:04 - [TEST_STEP][PASSED] - delay: Delayed 1 second(s)

2018-12-13 00:51:05 - [MESSAGE][PASSED] - Delayed 1 second(s)

2018-12-13 00:51:05 - [TEST_STEP][PASSED] - navigateToUrl: Navigate to 'https://assist2-uat.perkeso.gov.my/c/portal/logout' successfully

2018-12-13 00:51:07 - [MESSAGE][PASSED] - Navigate to 'https://assist2-uat.perkeso.gov.my/c/portal/logout' successfully

2018-12-13 00:51:07 - [TEST_STEP][PASSED] - delay: Delayed 1 second(s)

2018-12-13 00:51:08 - [MESSAGE][PASSED] - Delayed 1 second(s)

2018-12-13 00:51:08 - [TEST_STEP][PASSED] - callTestCase: Call Test Case 'Test Cases/Final Aug 2018 - PKS Automation/Create Employer Acc/Template/Change Password of Employer' successfully

2018-12-13 00:51:08 - [TEST_CASE][PASSED] - Test Cases/Final Aug 2018 - PKS Automation/Create Employer Acc/Template/Change Password of Employer: Test Cases/Final Aug 2018 - PKS Automation/Create Employer Acc/Template/Change Password of Employer

2018-12-13 00:51:08 - [TEST_STEP][PASSED] - openBrowser: Browser is opened with url: ''

2018-12-13 00:51:08 - [MESSAGE][WARNING] - A browser is already opened. Closing browser and opening a new one

2018-12-13 00:51:12 - [MESSAGE][PASSED] - Browser is opened with url: ''

2018-12-13 00:51:12 - [TEST_STEP][PASSED] - navigateToUrl: Navigate to 'https://assist2-uat.perkeso.gov.my/login' successfully

2018-12-13 00:51:14 - [MESSAGE][PASSED] - Navigate to 'https://assist2-uat.perkeso.gov.my/login' successfully

2018-12-13 00:51:14 - [TEST_STEP][PASSED] - delay: Delayed 5 second(s)

2018-12-13 00:51:19 - [MESSAGE][PASSED] - Delayed 5 second(s)

2018-12-13 00:51:19 - [TEST_STEP][PASSED] - setText: Text 'test@liferay.com' is set on object 'Object Repository/Final Object Repo/Login Page/Internal User/Email Address'

2018-12-13 00:51:19 - [MESSAGE][PASSED] - Text 'test@liferay.com' is set on object 'Object Repository/Final Object Repo/Login Page/Internal User/Email Address'

2018-12-13 00:51:19 - [TEST_STEP][PASSED] - click: Object: 'Object Repository/Final Object Repo/Login Page/Internal User/Next Button' is clicked on

2018-12-13 00:51:19 - [MESSAGE][PASSED] - Object: 'Object Repository/Final Object Repo/Login Page/Internal User/Next Button' is clicked on

2018-12-13 00:51:19 - [TEST_STEP][PASSED] - delay: Delayed 2 second(s)

2018-12-13 00:51:21 - [MESSAGE][PASSED] - Delayed 2 second(s)

2018-12-13 00:51:21 - [TEST_STEP][PASSED] - setText: Text 'test' is set on object 'Object Repository/Final Object Repo/Login Page/Internal User/Password'

2018-12-13 00:51:21 - [MESSAGE][PASSED] - Text 'test' is set on object 'Object Repository/Final Object Repo/Login Page/Internal User/Password'

2018-12-13 00:51:21 - [TEST_STEP][PASSED] - delay: Delayed 2 second(s)

2018-12-13 00:51:23 - [MESSAGE][PASSED] - Delayed 2 second(s)

2018-12-13 00:51:23 - [TEST_STEP][PASSED] - click: Object: 'Object Repository/Final Object Repo/Login Page/Internal User/Login Button' is clicked on

2018-12-13 00:51:23 - [MESSAGE][PASSED] - Object: 'Object Repository/Final Object Repo/Login Page/Internal User/Login Button' is clicked on

2018-12-13 00:51:23 - [TEST_STEP][PASSED] - delay: Delayed 3 second(s)

2018-12-13 00:51:26 - [MESSAGE][PASSED] - Delayed 3 second(s)

2018-12-13 00:51:26 - [TEST_STEP][PASSED] - navigateToUrl: Navigate to 'https://assist2-uat.perkeso.gov.my/group/control_panel/manage?p_p_id=125&p_p_lifecycle=0&p_p_state=maximized&p_p_mode=view&refererPlid=20455&_125_usersListView=flat-users&_125_toolbarItem=view-all-users&_125_saveUsersListView=true&_125_struts_action=%2Fusers_admin%2Fview' successfully

2018-12-13 00:51:28 - [MESSAGE][PASSED] - Navigate to 'https://assist2-uat.perkeso.gov.my/group/control_panel/manage?p_p_id=125&p_p_lifecycle=0&p_p_state=maximized&p_p_mode=view&refererPlid=20455&_125_usersListView=flat-users&_125_toolbarItem=view-all-users&_125_saveUsersListView=true&_125_struts_action=%2Fusers_admin%2Fview' successfully

2018-12-13 00:51:28 - [TEST_STEP][PASSED] - delay: Delayed 3 second(s)

2018-12-13 00:51:31 - [MESSAGE][PASSED] - Delayed 3 second(s)

2018-12-13 00:51:31 - [TEST_STEP][PASSED] - setText: Text 'perkeso893566321714@gmail.com' is set on object 'Object Repository/Final Object Repo/Creating Employer Account/Page_Users and Organizations - ASSIST/Employer name'

2018-12-13 00:51:32 - [MESSAGE][PASSED] - Text 'perkeso893566321714@gmail.com' is set on object 'Object Repository/Final Object Repo/Creating Employer Account/Page_Users and Organizations - ASSIST/Employer name'

2018-12-13 00:51:32 - [TEST_STEP][PASSED] - delay: Delayed 3 second(s)

2018-12-13 00:51:35 - [MESSAGE][PASSED] - Delayed 3 second(s)

2018-12-13 00:51:35 - [TEST_STEP][PASSED] - click: Object: 'Object Repository/Final Object Repo/Creating Employer Account/Page_Users and Organizations - ASSIST/Search' is clicked on

2018-12-13 00:51:35 - [MESSAGE][PASSED] - Object: 'Object Repository/Final Object Repo/Creating Employer Account/Page_Users and Organizations - ASSIST/Search' is clicked on

2018-12-13 00:51:35 - [TEST_STEP][PASSED] - delay: Delayed 3 second(s)

2018-12-13 00:51:38 - [MESSAGE][PASSED] - Delayed 3 second(s)

2018-12-13 00:51:38 - [TEST_STEP][PASSED] - click: Object: 'Object Repository/Final Object Repo/Creating Employer Account/Page_Users and Organizations - ASSIST/Action' is clicked on

2018-12-13 00:51:38 - [MESSAGE][PASSED] - Object: 'Object Repository/Final Object Repo/Creating Employer Account/Page_Users and Organizations - ASSIST/Action' is clicked on

2018-12-13 00:51:38 - [TEST_STEP][PASSED] - delay: Delayed 3 second(s)

2018-12-13 00:51:41 - [MESSAGE][PASSED] - Delayed 3 second(s)

2018-12-13 00:51:41 - [TEST_STEP][PASSED] - click: Object: 'Object Repository/Final Object Repo/Creating Employer Account/Page_Users and Organizations - ASSIST/Edit' is clicked on

2018-12-13 00:51:42 - [MESSAGE][PASSED] - Object: 'Object Repository/Final Object Repo/Creating Employer Account/Page_Users and Organizations - ASSIST/Edit' is clicked on

2018-12-13 00:51:42 - [TEST_STEP][PASSED] - delay: Delayed 3 second(s)

2018-12-13 00:51:45 - [MESSAGE][PASSED] - Delayed 3 second(s)

2018-12-13 00:51:45 - [TEST_STEP][PASSED] - click: Object: 'Object Repository/Final Object Repo/Creating Employer Account/Page_PERKESO - Users and Organizati/a_Password (Modified)' is clicked on

2018-12-13 00:51:45 - [MESSAGE][PASSED] - Object: 'Object Repository/Final Object Repo/Creating Employer Account/Page_PERKESO - Users and Organizati/a_Password (Modified)' is clicked on

2018-12-13 00:51:45 - [TEST_STEP][PASSED] - delay: Delayed 3 second(s)

2018-12-13 00:51:48 - [MESSAGE][PASSED] - Delayed 3 second(s)

2018-12-13 00:51:48 - [TEST_STEP][PASSED] - setEncryptedText: Text ****** has been set on object 'Object Repository/Final Object Repo/Creating Employer Account/Page_PERKESO - Users and Organizati/input__125_password1'

2018-12-13 00:51:48 - [MESSAGE][PASSED] - Text ****** has been set on object 'Object Repository/Final Object Repo/Creating Employer Account/Page_PERKESO - Users and Organizati/input__125_password1'

2018-12-13 00:51:48 - [TEST_STEP][PASSED] - delay: Delayed 3 second(s)

2018-12-13 00:51:51 - [MESSAGE][PASSED] - Delayed 3 second(s)

2018-12-13 00:51:51 - [TEST_STEP][PASSED] - setEncryptedText: Text ****** has been set on object 'Object Repository/Final Object Repo/Creating Employer Account/Page_PERKESO - Users and Organizati/input__125_password2'

2018-12-13 00:51:52 - [MESSAGE][PASSED] - Text ****** has been set on object 'Object Repository/Final Object Repo/Creating Employer Account/Page_PERKESO - Users and Organizati/input__125_password2'

2018-12-13 00:51:52 - [TEST_STEP][PASSED] - delay: Delayed 3 second(s)

2018-12-13 00:51:55 - [MESSAGE][PASSED] - Delayed 3 second(s)

2018-12-13 00:51:55 - [TEST_STEP][PASSED] - click: Object: 'Object Repository/Final Object Repo/Creating Employer Account/Page_PERKESO - Users and Organizati/Save' is clicked on

2018-12-13 00:51:56 - [MESSAGE][PASSED] - Object: 'Object Repository/Final Object Repo/Creating Employer Account/Page_PERKESO - Users and Organizati/Save' is clicked on

2018-12-13 00:51:56 - [MESSAGE][PASSED] - Call Test Case 'Test Cases/Final Aug 2018 - PKS Automation/Create Employer Acc/Template/Change Password of Employer' successfully

2018-12-13 00:51:56 - [TEST_STEP][PASSED] - delay: Delayed 1 second(s)

2018-12-13 00:51:57 - [MESSAGE][PASSED] - Delayed 1 second(s)

2018-12-13 00:51:57 - [TEST_STEP][PASSED] - navigateToUrl: Navigate to 'https://assist2-uat.perkeso.gov.my/c/portal/logout' successfully

2018-12-13 00:51:58 - [MESSAGE][PASSED] - Navigate to 'https://assist2-uat.perkeso.gov.my/c/portal/logout' successfully

2018-12-13 00:51:58 - [TEST_STEP][PASSED] - delay: Delayed 1 second(s)

2018-12-13 00:51:59 - [MESSAGE][PASSED] - Delayed 1 second(s)

2018-12-13 00:51:59 - [TEST_STEP][PASSED] - callTestCase: Call Test Case 'Test Cases/Final Aug 2018 - PKS Automation/Create Employer Acc/Template/Login to Employer Account (First Time)' successfully

2018-12-13 00:51:59 - [TEST_CASE][PASSED] - Test Cases/Final Aug 2018 - PKS Automation/Create Employer Acc/Template/Login to Employer Account (First Time): Test Cases/Final Aug 2018 - PKS Automation/Create Employer Acc/Template/Login to Employer Account (First Time)

2018-12-13 00:51:59 - [TEST_STEP][PASSED] - openBrowser: Browser is opened with url: ''

2018-12-13 00:51:59 - [MESSAGE][WARNING] - A browser is already opened. Closing browser and opening a new one

2018-12-13 00:52:03 - [MESSAGE][PASSED] - Browser is opened with url: ''

2018-12-13 00:52:03 - [TEST_STEP][PASSED] - navigateToUrl: Navigate to 'https://assist2-uat.perkeso.gov.my/employer/login' successfully

2018-12-13 00:52:04 - [MESSAGE][PASSED] - Navigate to 'https://assist2-uat.perkeso.gov.my/employer/login' successfully

2018-12-13 00:52:04 - [TEST_STEP][PASSED] - delay: Delayed 3 second(s)

2018-12-13 00:52:07 - [MESSAGE][PASSED] - Delayed 3 second(s)

2018-12-13 00:52:07 - [TEST_STEP][PASSED] - callTestCase: Call Test Case 'Test Cases/Final Aug 2018 - PKS Automation/Create Employer Acc/Template/Employer Email Getter' successfully

2018-12-13 00:52:07 - [TEST_CASE][PASSED] - Test Cases/Final Aug 2018 - PKS Automation/Create Employer Acc/Template/Employer Email Getter: Test Cases/Final Aug 2018 - PKS Automation/Create Employer Acc/Template/Employer Email Getter

2018-12-13 00:52:08 - [TEST_STEP][PASSED] - Statement - Try: null

2018-12-13 00:52:08 - [TEST_STEP][PASSED] - Statement - EmpEmail = new java.io.File(C://Users//Admin//Desktop//PKS//Automation Reference Point//EmpEmail.txt): null

2018-12-13 00:52:08 - [TEST_STEP][PASSED] - Statement - bufferread = new java.io.BufferedReader(new java.io.FileReader(EmpEmail)): null

2018-12-13 00:52:08 - [TEST_STEP][PASSED] - Statement - readedVal = bufferread.readLine(): null

2018-12-13 00:52:08 - [TEST_STEP][PASSED] - Statement - out.println(readedVal): null

2018-12-13 00:52:08 - [TEST_STEP][PASSED] - Statement - Email = readedVal: null

2018-12-13 00:52:08 - [MESSAGE][PASSED] - Call Test Case 'Test Cases/Final Aug 2018 - PKS Automation/Create Employer Acc/Template/Employer Email Getter' successfully

2018-12-13 00:52:08 - [TEST_STEP][PASSED] - setText: Text 'perkeso893566321714@gmail.com' is set on object 'Object Repository/Final Object Repo/Login Page/External Login Page/Email'

2018-12-13 00:52:08 - [MESSAGE][PASSED] - Text 'perkeso893566321714@gmail.com' is set on object 'Object Repository/Final Object Repo/Login Page/External Login Page/Email'

2018-12-13 00:52:08 - [TEST_STEP][PASSED] - click: Object: 'Object Repository/Final Object Repo/Login Page/External Login Page/Next' is clicked on

2018-12-13 00:52:08 - [MESSAGE][PASSED] - Object: 'Object Repository/Final Object Repo/Login Page/External Login Page/Next' is clicked on

2018-12-13 00:52:08 - [TEST_STEP][PASSED] - delay: Delayed 3 second(s)

2018-12-13 00:52:11 - [MESSAGE][PASSED] - Delayed 3 second(s)

2018-12-13 00:52:11 - [TEST_STEP][PASSED] - setEncryptedText: Text ****** has been set on object 'Object Repository/Final Object Repo/Login Page/External Login Page/Password'

2018-12-13 00:52:12 - [MESSAGE][PASSED] - Text ****** has been set on object 'Object Repository/Final Object Repo/Login Page/External Login Page/Password'

2018-12-13 00:52:12 - [TEST_STEP][PASSED] - click: Object: 'Object Repository/Final Object Repo/Login Page/External Login Page/Login' is clicked on

2018-12-13 00:52:12 - [MESSAGE][PASSED] - Object: 'Object Repository/Final Object Repo/Login Page/External Login Page/Login' is clicked on

2018-12-13 00:52:12 - [TEST_STEP][PASSED] - delay: Delayed 3 second(s)

2018-12-13 00:52:15 - [MESSAGE][PASSED] - Delayed 3 second(s)

2018-12-13 00:52:15 - [TEST_STEP][PASSED] - click: Object: 'Object Repository/Final Object Repo/Creating Employer Account/Page_Terms of Use - ASSIST/button_I Agree' is clicked on

2018-12-13 00:52:16 - [MESSAGE][PASSED] - Object: 'Object Repository/Final Object Repo/Creating Employer Account/Page_Terms of Use - ASSIST/button_I Agree' is clicked on

2018-12-13 00:52:16 - [TEST_STEP][PASSED] - delay: Delayed 2 second(s)

2018-12-13 00:52:18 - [MESSAGE][PASSED] - Delayed 2 second(s)

2018-12-13 00:52:18 - [TEST_STEP][PASSED] - setEncryptedText: Text ****** has been set on object 'Object Repository/Final Object Repo/Creating Employer Account/Page_New Password - ASSIST/input_password1'

2018-12-13 00:52:18 - [MESSAGE][PASSED] - Text ****** has been set on object 'Object Repository/Final Object Repo/Creating Employer Account/Page_New Password - ASSIST/input_password1'

2018-12-13 00:52:18 - [TEST_STEP][PASSED] - setEncryptedText: Text ****** has been set on object 'Object Repository/Final Object Repo/Creating Employer Account/Page_New Password - ASSIST/input_password2'

2018-12-13 00:52:18 - [MESSAGE][PASSED] - Text ****** has been set on object 'Object Repository/Final Object Repo/Creating Employer Account/Page_New Password - ASSIST/input_password2'

2018-12-13 00:52:18 - [TEST_STEP][PASSED] - delay: Delayed 2 second(s)

2018-12-13 00:52:20 - [MESSAGE][PASSED] - Delayed 2 second(s)

2018-12-13 00:52:20 - [TEST_STEP][PASSED] - click: Object: 'Object Repository/Final Object Repo/Creating Employer Account/Page_New Password - ASSIST/Save' is clicked on

2018-12-13 00:52:20 - [MESSAGE][PASSED] - Object: 'Object Repository/Final Object Repo/Creating Employer Account/Page_New Password - ASSIST/Save' is clicked on

2018-12-13 00:52:20 - [TEST_STEP][PASSED] - delay: Delayed 2 second(s)

2018-12-13 00:52:22 - [MESSAGE][PASSED] - Delayed 2 second(s)

2018-12-13 00:52:22 - [TEST_STEP][PASSED] - setText: Text 'test' is set on object 'Object Repository/Final Object Repo/Creating Employer Account/Page_Password Reminder - ASSIST/Reminder Query Answer'

2018-12-13 00:52:22 - [MESSAGE][PASSED] - Text 'test' is set on object 'Object Repository/Final Object Repo/Creating Employer Account/Page_Password Reminder - ASSIST/Reminder Query Answer'

2018-12-13 00:52:22 - [TEST_STEP][PASSED] - delay: Delayed 2 second(s)

2018-12-13 00:52:24 - [MESSAGE][PASSED] - Delayed 2 second(s)

2018-12-13 00:52:24 - [TEST_STEP][PASSED] - doubleClick: Object: 'Object Repository/Final Object Repo/Creating Employer Account/Page_Password Reminder - ASSIST/Save' is double clicked on

2018-12-13 00:52:27 - [MESSAGE][PASSED] - Object: 'Object Repository/Final Object Repo/Creating Employer Account/Page_Password Reminder - ASSIST/Save' is double clicked on

2018-12-13 00:52:27 - [MESSAGE][PASSED] - Call Test Case 'Test Cases/Final Aug 2018 - PKS Automation/Create Employer Acc/Template/Login to Employer Account (First Time)' successfully

2018-12-13 00:52:27 - [MESSAGE][PASSED] - Call Test Case 'Test Cases/Final Aug 2018 - PKS Automation/Create Employer Acc/Create Employer Account' successfully

2018-12-13 00:52:27 - [TEST_STEP][PASSED] - callTestCase: Call Test Case 'Test Cases/Final Aug 2018 - PKS Automation/Registration Module/Log Out/log out avoiding katalon tagging' successfully

2018-12-13 00:52:27 - [TEST_CASE][PASSED] - Test Cases/Final Aug 2018 - PKS Automation/Registration Module/Log Out/log out avoiding katalon tagging: Test Cases/Final Aug 2018 - PKS Automation/Registration Module/Log Out/log out avoiding katalon tagging

2018-12-13 00:52:27 - [TEST_STEP][PASSED] - navigateToUrl: Navigate to 'https://assist2-uat.perkeso.gov.my/c/portal/logout' successfully

2018-12-13 00:52:28 - [MESSAGE][PASSED] - Navigate to 'https://assist2-uat.perkeso.gov.my/c/portal/logout' successfully

2018-12-13 00:52:28 - [MESSAGE][PASSED] - Call Test Case 'Test Cases/Final Aug 2018 - PKS Automation/Registration Module/Log Out/log out avoiding katalon tagging' successfully

2018-12-13 00:52:28 - [TEST_STEP][PASSED] - callTestCase: Call Test Case 'Test Cases/Final Aug 2018 - PKS Automation/Create Employer Acc/Login to Employer Account (Second time)' successfully

2018-12-13 00:52:28 - [TEST_CASE][PASSED] - Test Cases/Final Aug 2018 - PKS Automation/Create Employer Acc/Login to Employer Account (Second time): Test Cases/Final Aug 2018 - PKS Automation/Create Employer Acc/Login to Employer Account (Second time)

2018-12-13 00:52:28 - [TEST_STEP][PASSED] - openBrowser: Browser is opened with url: ''

2018-12-13 00:52:28 - [MESSAGE][WARNING] - A browser is already opened. Closing browser and opening a new one

2018-12-13 00:52:32 - [MESSAGE][PASSED] - Browser is opened with url: ''

2018-12-13 00:52:32 - [TEST_STEP][PASSED] - navigateToUrl: Navigate to 'https://assist2-uat.perkeso.gov.my/employer/login' successfully

2018-12-13 00:52:33 - [MESSAGE][PASSED] - Navigate to 'https://assist2-uat.perkeso.gov.my/employer/login' successfully

2018-12-13 00:52:33 - [TEST_STEP][PASSED] - delay: Delayed 3 second(s)

2018-12-13 00:52:36 - [MESSAGE][PASSED] - Delayed 3 second(s)

2018-12-13 00:52:36 - [TEST_STEP][PASSED] - callTestCase: Call Test Case 'Test Cases/Final Aug 2018 - PKS Automation/Create Employer Acc/Template/Employer Email Getter' successfully

2018-12-13 00:52:36 - [TEST_CASE][PASSED] - Test Cases/Final Aug 2018 - PKS Automation/Create Employer Acc/Template/Employer Email Getter: Test Cases/Final Aug 2018 - PKS Automation/Create Employer Acc/Template/Employer Email Getter

2018-12-13 00:52:36 - [TEST_STEP][PASSED] - Statement - Try: null

2018-12-13 00:52:36 - [TEST_STEP][PASSED] - Statement - EmpEmail = new java.io.File(C://Users//Admin//Desktop//PKS//Automation Reference Point//EmpEmail.txt): null

2018-12-13 00:52:36 - [TEST_STEP][PASSED] - Statement - bufferread = new java.io.BufferedReader(new java.io.FileReader(EmpEmail)): null

2018-12-13 00:52:36 - [TEST_STEP][PASSED] - Statement - readedVal = bufferread.readLine(): null

2018-12-13 00:52:36 - [TEST_STEP][PASSED] - Statement - out.println(readedVal): null

2018-12-13 00:52:36 - [TEST_STEP][PASSED] - Statement - Email = readedVal: null

2018-12-13 00:52:36 - [MESSAGE][PASSED] - Call Test Case 'Test Cases/Final Aug 2018 - PKS Automation/Create Employer Acc/Template/Employer Email Getter' successfully

2018-12-13 00:52:36 - [TEST_STEP][PASSED] - setText: Text 'perkeso893566321714@gmail.com' is set on object 'Object Repository/Final Object Repo/Login Page/External Login Page/Email'

2018-12-13 00:52:37 - [MESSAGE][PASSED] - Text 'perkeso893566321714@gmail.com' is set on object 'Object Repository/Final Object Repo/Login Page/External Login Page/Email'

2018-12-13 00:52:37 - [TEST_STEP][PASSED] - click: Object: 'Object Repository/Final Object Repo/Login Page/External Login Page/Next' is clicked on

2018-12-13 00:52:37 - [MESSAGE][PASSED] - Object: 'Object Repository/Final Object Repo/Login Page/External Login Page/Next' is clicked on

2018-12-13 00:52:37 - [TEST_STEP][PASSED] - delay: Delayed 3 second(s)

2018-12-13 00:52:40 - [MESSAGE][PASSED] - Delayed 3 second(s)

2018-12-13 00:52:40 - [TEST_STEP][PASSED] - setEncryptedText: Text ****** has been set on object 'Object Repository/Final Object Repo/Login Page/External Login Page/Password'

2018-12-13 00:52:40 - [MESSAGE][PASSED] - Text ****** has been set on object 'Object Repository/Final Object Repo/Login Page/External Login Page/Password'

2018-12-13 00:52:40 - [TEST_STEP][PASSED] - click: Object: 'Object Repository/Final Object Repo/Login Page/External Login Page/Login' is clicked on

2018-12-13 00:52:40 - [MESSAGE][PASSED] - Object: 'Object Repository/Final Object Repo/Login Page/External Login Page/Login' is clicked on

2018-12-13 00:52:40 - [TEST_STEP][PASSED] - delay: Delayed 5 second(s)

2018-12-13 00:52:45 - [MESSAGE][PASSED] - Delayed 5 second(s)

2018-12-13 00:52:45 - [MESSAGE][PASSED] - Call Test Case 'Test Cases/Final Aug 2018 - PKS Automation/Create Employer Acc/Login to Employer Account (Second time)' successfully

2018-12-13 00:52:45 - [TEST_STEP][PASSED] - Statement - Try: null

2018-12-13 00:52:45 - [TEST_STEP][PASSED] - Statement - Checker = com.kms.katalon.core.webui.keyword.WebUiBuiltInKeywords.verifyElementNotPresent("Final Object Repo/Landing Page/Select to English", 3): null

2018-12-13 00:52:45 - [TEST_STEP][PASSED] - Statement - Catch (Exception e): null

2018-12-13 00:52:45 - [TEST_STEP][PASSED] - Statement - e.printStackTrace(): null

2018-12-13 00:52:45 - [TEST_STEP][PASSED] - delay: Delayed 5 second(s)

2018-12-13 00:52:50 - [MESSAGE][PASSED] - Delayed 5 second(s)

2018-12-13 00:52:50 - [TEST_STEP][PASSED] - click: Object: 'Object Repository/Final Object Repo/Landing Page/My Sites Drop Down' is clicked on

2018-12-13 00:52:51 - [MESSAGE][PASSED] - Object: 'Object Repository/Final Object Repo/Landing Page/My Sites Drop Down' is clicked on

2018-12-13 00:52:51 - [TEST_STEP][PASSED] - click: Object: 'Object Repository/Final Object Repo/Landing Page/Select to Registration Module' is clicked on

2018-12-13 00:52:53 - [MESSAGE][PASSED] - Object: 'Object Repository/Final Object Repo/Landing Page/Select to Registration Module' is clicked on

2018-12-13 00:52:53 - [TEST_STEP][PASSED] - click: Object: 'Object Repository/Final Object Repo/Landing Page/Registration Button' is clicked on

2018-12-13 00:52:55 - [MESSAGE][PASSED] - Object: 'Object Repository/Final Object Repo/Landing Page/Registration Button' is clicked on

2018-12-13 00:52:55 - [TEST_STEP][PASSED] - delay: Delayed 2 second(s)

2018-12-13 00:52:57 - [MESSAGE][PASSED] - Delayed 2 second(s)

2018-12-13 00:52:57 - [TEST_STEP][PASSED] - click: Object: 'Object Repository/Final Object Repo/New Registration - Registration Module Pages/New Reg - OTC to RO/Special Case - OTC - Form 1/AEC NO' is clicked on

2018-12-13 00:52:57 - [MESSAGE][PASSED] - Object: 'Object Repository/Final Object Repo/New Registration - Registration Module Pages/New Reg - OTC to RO/Special Case - OTC - Form 1/AEC NO' is clicked on

2018-12-13 00:52:57 - [TEST_STEP][PASSED] - click: Object: 'Object Repository/Final Object Repo/New Registration - Registration Module Pages/New Reg - OTC to RO/Special Case - OTC - Form 1/Business Entity - Please Select' is clicked on

2018-12-13 00:52:57 - [MESSAGE][PASSED] - Object: 'Object Repository/Final Object Repo/New Registration - Registration Module Pages/New Reg - OTC to RO/Special Case - OTC - Form 1/Business Entity - Please Select' is clicked on

2018-12-13 00:52:57 - [TEST_STEP][PASSED] - click: Object: 'Object Repository/Final Object Repo/New Registration - Registration Module Pages/New Reg - OTC to RO/Special Case - OTC - Form 1/Selected - Corporation' is clicked on

2018-12-13 00:52:57 - [MESSAGE][PASSED] - Object: 'Object Repository/Final Object Repo/New Registration - Registration Module Pages/New Reg - OTC to RO/Special Case - OTC - Form 1/Selected - Corporation' is clicked on

2018-12-13 00:52:57 - [TEST_STEP][PASSED] - delay: Delayed 2 second(s)

2018-12-13 00:52:59 - [MESSAGE][PASSED] - Delayed 2 second(s)

2018-12-13 00:52:59 - [TEST_STEP][PASSED] - click: Object: 'Object Repository/Final Object Repo/New Registration - Registration Module Pages/New Reg - OTC to RO/Special Case - OTC - Form 1/Sub Business Entity - Please Select' is clicked on

2018-12-13 00:52:59 - [MESSAGE][PASSED] - Object: 'Object Repository/Final Object Repo/New Registration - Registration Module Pages/New Reg - OTC to RO/Special Case - OTC - Form 1/Sub Business Entity - Please Select' is clicked on

2018-12-13 00:52:59 - [TEST_STEP][PASSED] - delay: Delayed 2 second(s)

2018-12-13 00:53:01 - [MESSAGE][PASSED] - Delayed 2 second(s)

2018-12-13 00:53:01 - [TEST_STEP][PASSED] - click: Object: 'Object Repository/Final Object Repo/New Registration - Registration Module Pages/New Reg - OTC to RO/Special Case - OTC - Form 1/Selected - Sendirian Berhad' is clicked on

2018-12-13 00:53:02 - [MESSAGE][PASSED] - Object: 'Object Repository/Final Object Repo/New Registration - Registration Module Pages/New Reg - OTC to RO/Special Case - OTC - Form 1/Selected - Sendirian Berhad' is clicked on

2018-12-13 00:53:02 - [TEST_STEP][PASSED] - setText: Text 'AUTOMATE001' is set on object 'Object Repository/Final Object Repo/New Registration - Registration Module Pages/New Reg - OTC to RO/Special Case - OTC - Form 1/Input BRN Number'

2018-12-13 00:53:02 - [MESSAGE][PASSED] - Text 'AUTOMATE001' is set on object 'Object Repository/Final Object Repo/New Registration - Registration Module Pages/New Reg - OTC to RO/Special Case - OTC - Form 1/Input BRN Number'

2018-12-13 00:53:02 - [TEST_STEP][PASSED] - delay: Delayed 2 second(s)

2018-12-13 00:53:04 - [MESSAGE][PASSED] - Delayed 2 second(s)

2018-12-13 00:53:04 - [TEST_STEP][PASSED] - click: Object: 'Object Repository/Final Object Repo/New Registration - Registration Module Pages/New Reg - OTC to RO/Special Case - OTC - Form 1/BRN Search' is clicked on

2018-12-13 00:53:04 - [MESSAGE][PASSED] - Object: 'Object Repository/Final Object Repo/New Registration - Registration Module Pages/New Reg - OTC to RO/Special Case - OTC - Form 1/BRN Search' is clicked on

2018-12-13 00:53:04 - [TEST_STEP][PASSED] - delay: Delayed 4 second(s)

2018-12-13 00:53:08 - [MESSAGE][PASSED] - Delayed 4 second(s)

2018-12-13 00:53:08 - [TEST_STEP][PASSED] - click: Object: 'Object Repository/Final Object Repo/New Registration - Registration Module Pages/New Reg - OTC to RO/Special Case - OTC - Form 1/Registered with SSM - After Feb 2017' is clicked on

2018-12-13 00:53:08 - [MESSAGE][PASSED] - Object: 'Object Repository/Final Object Repo/New Registration - Registration Module Pages/New Reg - OTC to RO/Special Case - OTC - Form 1/Registered with SSM - After Feb 2017' is clicked on

2018-12-13 00:53:08 - [TEST_STEP][PASSED] - delay: Delayed 2 second(s)

2018-12-13 00:53:10 - [MESSAGE][PASSED] - Delayed 2 second(s)

2018-12-13 00:53:10 - [TEST_STEP][PASSED] - click: Object: 'Object Repository/Final Object Repo/New Registration - Registration Module Pages/New Reg - OTC to RO/Special Case - OTC - Form 1/Registering As A Branch - No' is clicked on

2018-12-13 00:53:10 - [MESSAGE][PASSED] - Object: 'Object Repository/Final Object Repo/New Registration - Registration Module Pages/New Reg - OTC to RO/Special Case - OTC - Form 1/Registering As A Branch - No' is clicked on

2018-12-13 00:53:10 - [TEST_STEP][PASSED] - click: Object: 'Object Repository/Final Object Repo/New Registration - Registration Module Pages/New Reg - OTC to RO/Special Case - OTC - Form 1/Acknowledgement Ticked' is clicked on

2018-12-13 00:53:11 - [MESSAGE][PASSED] - Object: 'Object Repository/Final Object Repo/New Registration - Registration Module Pages/New Reg - OTC to RO/Special Case - OTC - Form 1/Acknowledgement Ticked' is clicked on

2018-12-13 00:53:11 - [TEST_STEP][PASSED] - delay: Delayed 2 second(s)

2018-12-13 00:53:13 - [MESSAGE][PASSED] - Delayed 2 second(s)

2018-12-13 00:53:13 - [TEST_STEP][PASSED] - callTestCase: Call Test Case 'Test Cases/Final Aug 2018 - PKS Automation/Create Employer Acc/Template/Employer Email Getter' successfully

2018-12-13 00:53:13 - [TEST_CASE][PASSED] - Test Cases/Final Aug 2018 - PKS Automation/Create Employer Acc/Template/Employer Email Getter: Test Cases/Final Aug 2018 - PKS Automation/Create Employer Acc/Template/Employer Email Getter

2018-12-13 00:53:13 - [TEST_STEP][PASSED] - Statement - Try: null

2018-12-13 00:53:13 - [TEST_STEP][PASSED] - Statement - EmpEmail = new java.io.File(C://Users//Admin//Desktop//PKS//Automation Reference Point//EmpEmail.txt): null

2018-12-13 00:53:13 - [TEST_STEP][PASSED] - Statement - bufferread = new java.io.BufferedReader(new java.io.FileReader(EmpEmail)): null

2018-12-13 00:53:13 - [TEST_STEP][PASSED] - Statement - readedVal = bufferread.readLine(): null

2018-12-13 00:53:13 - [TEST_STEP][PASSED] - Statement - out.println(readedVal): null

2018-12-13 00:53:13 - [TEST_STEP][PASSED] - Statement - Email = readedVal: null

2018-12-13 00:53:13 - [MESSAGE][PASSED] - Call Test Case 'Test Cases/Final Aug 2018 - PKS Automation/Create Employer Acc/Template/Employer Email Getter' successfully

2018-12-13 00:53:13 - [TEST_STEP][PASSED] - setText: Text 'perkeso893566321714@gmail.com' is set on object 'Object Repository/Final Object Repo/Creating Employer Account/Email'

2018-12-13 00:53:13 - [MESSAGE][PASSED] - Text 'perkeso893566321714@gmail.com' is set on object 'Object Repository/Final Object Repo/Creating Employer Account/Email'

2018-12-13 00:53:13 - [TEST_STEP][PASSED] - delay: Delayed 2 second(s)

2018-12-13 00:53:15 - [MESSAGE][PASSED] - Delayed 2 second(s)

2018-12-13 00:53:15 - [TEST_STEP][PASSED] - click: Object: 'Object Repository/Final Object Repo/New Registration - Registration Module Pages/New Reg - OTC to RO/Special Case - OTC - Form 1/Submit Button' is clicked on

2018-12-13 00:53:16 - [MESSAGE][PASSED] - Object: 'Object Repository/Final Object Repo/New Registration - Registration Module Pages/New Reg - OTC to RO/Special Case - OTC - Form 1/Submit Button' is clicked on

2018-12-13 00:53:16 - [TEST_STEP][PASSED] - delay: Delayed 2 second(s)

2018-12-13 00:53:18 - [MESSAGE][PASSED] - Delayed 2 second(s)

2018-12-13 00:53:18 - [TEST_STEP][PASSED] - click: Object: 'Object Repository/Final Object Repo/New Registration - Registration Module Pages/New Reg - OTC to RO/Special Case - OTC - Form 1/Confirm No Flagging as Branch' is clicked on

2018-12-13 00:53:18 - [MESSAGE][PASSED] - Object: 'Object Repository/Final Object Repo/New Registration - Registration Module Pages/New Reg - OTC to RO/Special Case - OTC - Form 1/Confirm No Flagging as Branch' is clicked on

2018-12-13 00:53:18 - [MESSAGE][PASSED] - Call Test Case 'Test Cases/Final Aug 2018 - PKS Automation/Registration Module/Workflow/New Registration/Template/Special Case - Employer - Form 1' successfully

2018-12-13 00:53:18 - [TEST_STEP][PASSED] - callTestCase: Call Test Case 'Test Cases/Final Aug 2018 - PKS Automation/Registration Module/New Registration/Form 2/Add 1 Eligible - Employer Account Use' successfully

2018-12-13 00:53:18 - [TEST_CASE][PASSED] - Test Cases/Final Aug 2018 - PKS Automation/Registration Module/New Registration/Form 2/Add 1 Eligible - Employer Account Use: Test Cases/Final Aug 2018 - PKS Automation/Registration Module/New Registration/Form 2/Add 1 Eligible - Employer Account Use

2018-12-13 00:53:18 - [TEST_STEP][PASSED] - delay: Delayed 2 second(s)

2018-12-13 00:53:20 - [MESSAGE][PASSED] - Delayed 2 second(s)

2018-12-13 00:53:20 - [TEST_STEP][PASSED] - callTestCase: Call Test Case 'Test Cases/Final Aug 2018 - PKS Automation/Registration Module/New Registration/Form 2/Date Updater' successfully

2018-12-13 00:53:20 - [TEST_CASE][PASSED] - Test Cases/Final Aug 2018 - PKS Automation/Registration Module/New Registration/Form 2/Date Updater: Test Cases/Final Aug 2018 - PKS Automation/Registration Module/New Registration/Form 2/Date Updater

2018-12-13 00:53:20 - [TEST_STEP][PASSED] - Statement - TodayDate = new java.util.Date(): null

2018-12-13 00:53:20 - [TEST_STEP][PASSED] - Statement - CurrentDateNoFilter = new java.text.SimpleDateFormat(): null

2018-12-13 00:53:20 - [TEST_STEP][PASSED] - Statement - CurrentDateNoFilter.applyPattern("MM"): null

2018-12-13 00:53:20 - [TEST_STEP][PASSED] - Statement - monthContainerMatcher = java.lang.Integer.parseInt(CurrentDateNoFilter.format(TodayDate)): null

2018-12-13 00:53:20 - [TEST_STEP][PASSED] - Statement - monthContainerMatcher = monthContainerMatcher - 1: null

2018-12-13 00:53:20 - [TEST_STEP][PASSED] - Statement - CurrentMonth = monthContainerMatcher.toString(): null

2018-12-13 00:53:20 - [TEST_STEP][PASSED] - Statement - CurrentMonth = CurrentMonth: null

2018-12-13 00:53:20 - [TEST_STEP][PASSED] - Statement - CurrentDateNoFilter.applyPattern("yyyy"): null

2018-12-13 00:53:20 - [TEST_STEP][PASSED] - Statement - CurrentYear = CurrentDateNoFilter.format(TodayDate): null

2018-12-13 00:53:20 - [TEST_STEP][PASSED] - Statement - CurrentYear = CurrentYear: null

2018-12-13 00:53:20 - [TEST_STEP][PASSED] - Statement - intCurrentYear = java.lang.Integer.parseInt(CurrentDateNoFilter.format(TodayDate)): null

2018-12-13 00:53:20 - [TEST_STEP][PASSED] - Statement - eighteenYrsAgo = intCurrentYear - 18: null

2018-12-13 00:53:20 - [TEST_STEP][PASSED] - Statement - eighteenYrsBeforeThisYr = eighteenYrsAgo.toString(): null

2018-12-13 00:53:20 - [TEST_STEP][PASSED] - Statement - EighteenYrsBefore = eighteenYrsBeforeThisYr: null

2018-12-13 00:53:20 - [TEST_STEP][PASSED] - Statement - fiftysevenYrsAgo = intCurrentYear - 57: null

2018-12-13 00:53:20 - [TEST_STEP][PASSED] - Statement - fiftysevenYrsBeforeThisYr = fiftysevenYrsAgo.toString(): null

2018-12-13 00:53:20 - [TEST_STEP][PASSED] - Statement - FiftysevenYrsBefore = fiftysevenYrsBeforeThisYr: null

2018-12-13 00:53:20 - [TEST_STEP][PASSED] - Statement - leapYear = false: null

2018-12-13 00:53:20 - [TEST_STEP][PASSED] - Statement - leapYear = intCurrentYear % 4 == 0: null

2018-12-13 00:53:20 - [TEST_STEP][PASSED] - Statement - CurrentDateNoFilter.applyPattern("dd"): null

2018-12-13 00:53:20 - [TEST_STEP][PASSED] - Statement - CurrentDate = CurrentDateNoFilter.format(TodayDate): null

2018-12-13 00:53:20 - [TEST_STEP][PASSED] - Statement - CurrentDate = java.lang.Integer.parseInt(CurrentDate): null

2018-12-13 00:53:20 - [TEST_STEP][PASSED] - Statement - CurrentDate = CurrentDate: null

2018-12-13 00:53:20 - [TEST_STEP][PASSED] - Statement - CurrentDay = java.lang.Integer.parseInt(CurrentDate): null

2018-12-13 00:53:20 - [TEST_STEP][PASSED] - Statement - ConfAdder = <not implemented yet for class: org.codehaus.groovy.ast.expr.EmptyExpression>: null

2018-12-13 00:53:20 - [TEST_STEP][PASSED] - Statement - out.println(CurrentMonth): null

2018-12-13 00:53:20 - [TEST_STEP][PASSED] - Statement - out.println(CurrentDate): null

2018-12-13 00:53:20 - [TEST_STEP][PASSED] - Statement - switch (CurrentDate): null

2018-12-13 00:53:20 - [TEST_STEP][PASSED] - Statement - Default: null

2018-12-13 00:53:20 - [TEST_STEP][PASSED] - Statement - ConfAdder = true: null

2018-12-13 00:53:20 - [TEST_STEP][PASSED] - Statement - Break: null

2018-12-13 00:53:20 - [TEST_STEP][PASSED] - Statement - aDayBefore = <not implemented yet for class: org.codehaus.groovy.ast.expr.EmptyExpression>: null

2018-12-13 00:53:20 - [TEST_STEP][PASSED] - Statement - out.println(ConfAdder): null

2018-12-13 00:53:20 - [TEST_STEP][PASSED] - Statement - If (ConfAdder == true): null

2018-12-13 00:53:20 - [TEST_STEP][PASSED] - Statement - aDayBefore = CurrentDay + 1: null

2018-12-13 00:53:20 - [TEST_STEP][PASSED] - Statement - out.println(aDayBefore): null

2018-12-13 00:53:20 - [TEST_STEP][PASSED] - Statement - If (aDayBefore == 1 && CurrentMonth == 11): null

2018-12-13 00:53:20 - [TEST_STEP][PASSED] - Statement - DayBefore = aDayBefore.toString(): null

2018-12-13 00:53:20 - [TEST_STEP][PASSED] - Statement - OneDayBefore = DayBefore: null

2018-12-13 00:53:20 - [MESSAGE][PASSED] - Call Test Case 'Test Cases/Final Aug 2018 - PKS Automation/Registration Module/New Registration/Form 2/Date Updater' successfully

2018-12-13 00:53:20 - [TEST_STEP][PASSED] - delay: Delayed 1 second(s)

2018-12-13 00:53:21 - [MESSAGE][PASSED] - Delayed 1 second(s)

2018-12-13 00:53:21 - [TEST_STEP][PASSED] - Statement - CaseReferenceNo = com.kms.katalon.core.webui.keyword.WebUiBuiltInKeywords.getText(com.kms.katalon.core.testobject.ObjectRepository.findTestObject(Final Object Repo/New Registration - Registration Module Pages/Form 2/RefNo Acquiring)): Text of object 'Object Repository/Final Object Repo/New Registration - Registration Module Pages/Form 2/RefNo Acquiring' is: 'CRN12201800123255'

2018-12-13 00:53:21 - [MESSAGE][PASSED] - Text of object 'Object Repository/Final Object Repo/New Registration - Registration Module Pages/Form 2/RefNo Acquiring' is: 'CRN12201800123255'

2018-12-13 00:53:21 - [TEST_STEP][PASSED] - delay: Delayed 1 second(s)

2018-12-13 00:53:22 - [MESSAGE][PASSED] - Delayed 1 second(s)

2018-12-13 00:53:22 - [TEST_STEP][PASSED] - click: Object: 'Object Repository/Final Object Repo/New Registration - Registration Module Pages/Form 2/Add Employee Button' is clicked on

2018-12-13 00:53:23 - [MESSAGE][PASSED] - Object: 'Object Repository/Final Object Repo/New Registration - Registration Module Pages/Form 2/Add Employee Button' is clicked on

2018-12-13 00:53:23 - [TEST_STEP][PASSED] - delay: Delayed 1 second(s)

2018-12-13 00:53:24 - [MESSAGE][PASSED] - Delayed 1 second(s)

2018-12-13 00:53:24 - [TEST_STEP][PASSED] - setText: Text '010903091948' is set on object 'Object Repository/Final Object Repo/New Registration - Registration Module Pages/Form 2/NRIC Input'

2018-12-13 00:53:24 - [MESSAGE][PASSED] - Text '010903091948' is set on object 'Object Repository/Final Object Repo/New Registration - Registration Module Pages/Form 2/NRIC Input'

2018-12-13 00:53:24 - [TEST_STEP][PASSED] - delay: Delayed 2 second(s)

2018-12-13 00:53:26 - [MESSAGE][PASSED] - Delayed 2 second(s)

2018-12-13 00:53:26 - [TEST_STEP][PASSED] - setText: Text 'Automate001 eligible 1' is set on object 'Object Repository/Final Object Repo/New Registration - Registration Module Pages/Form 2/Employee Name Input'

2018-12-13 00:53:26 - [MESSAGE][PASSED] - Text 'Automate001 eligible 1' is set on object 'Object Repository/Final Object Repo/New Registration - Registration Module Pages/Form 2/Employee Name Input'

2018-12-13 00:53:26 - [TEST_STEP][PASSED] - delay: Delayed 2 second(s)

2018-12-13 00:53:28 - [MESSAGE][PASSED] - Delayed 2 second(s)

2018-12-13 00:53:28 - [TEST_STEP][PASSED] - click: Object: 'Object Repository/Final Object Repo/New Registration - Registration Module Pages/Form 2/DatePicker Pop Up' is clicked on

2018-12-13 00:53:29 - [MESSAGE][PASSED] - Object: 'Object Repository/Final Object Repo/New Registration - Registration Module Pages/Form 2/DatePicker Pop Up' is clicked on

2018-12-13 00:53:29 - [TEST_STEP][PASSED] - click: Object: 'Object Repository/Final Object Repo/New Registration - Registration Module Pages/Form 2/DOB Month' is clicked on

2018-12-13 00:53:29 - [MESSAGE][PASSED] - Object: 'Object Repository/Final Object Repo/New Registration - Registration Module Pages/Form 2/DOB Month' is clicked on

2018-12-13 00:53:29 - [TEST_STEP][PASSED] - Statement - CurrentMonth = CurrentMonth: null

2018-12-13 00:53:29 - [TEST_STEP][PASSED] - Statement - selectMonth = new com.kms.katalon.core.testobject.TestObject(): null

2018-12-13 00:53:29 - [TEST_STEP][PASSED] - Statement - selectMonth.addProperty("xpath", EQUALS, "//body/div/div/div/select/option[@value='" + CurrentMonth + "']", true): null

2018-12-13 00:53:29 - [TEST_STEP][PASSED] - click: Object: '' is clicked on

2018-12-13 00:53:29 - [MESSAGE][PASSED] - Object: '' is clicked on

2018-12-13 00:53:29 - [TEST_STEP][PASSED] - click: Object: 'Object Repository/Final Object Repo/New Registration - Registration Module Pages/Form 2/DOB Year' is clicked on

2018-12-13 00:53:29 - [MESSAGE][PASSED] - Object: 'Object Repository/Final Object Repo/New Registration - Registration Module Pages/Form 2/DOB Year' is clicked on

2018-12-13 00:53:29 - [TEST_STEP][PASSED] - Statement - Eyearsbf = EighteenYrsBefore: null

2018-12-13 00:53:29 - [TEST_STEP][PASSED] - Statement - selectYear = new com.kms.katalon.core.testobject.TestObject(): null

2018-12-13 00:53:29 - [TEST_STEP][PASSED] - Statement - selectYear.addProperty("xpath", EQUALS, "//div/div/div/select/option[@value='" + Eyearsbf + "']", true): null

2018-12-13 00:53:29 - [TEST_STEP][PASSED] - click: Object: '' is clicked on

2018-12-13 00:53:29 - [MESSAGE][PASSED] - Object: '' is clicked on

2018-12-13 00:53:29 - [TEST_STEP][PASSED] - Statement - UpdatedSelectDate = com.kms.katalon.core.webui.keyword.WebUiBuiltInKeywords.modifyObjectProperty(com.kms.katalon.core.testobject.ObjectRepository.findTestObject(Final Object Repo/New Registration - Registration Module Pages/Form 2/DOB Date), "xpath", "equals", "//body/div/table/tbody/tr/td/a[text()="" + CurrentDate + ""]", true): Modify property of object successfully

2018-12-13 00:53:29 - [MESSAGE][PASSED] - Modify property of object successfully

2018-12-13 00:53:29 - [TEST_STEP][PASSED] - delay: Delayed 3 second(s)

2018-12-13 00:53:32 - [MESSAGE][PASSED] - Delayed 3 second(s)

2018-12-13 00:53:32 - [TEST_STEP][PASSED] - click: Object: 'Object Repository/Final Object Repo/New Registration - Registration Module Pages/Form 2/DOB Date' is clicked on

2018-12-13 00:53:32 - [MESSAGE][PASSED] - Object: 'Object Repository/Final Object Repo/New Registration - Registration Module Pages/Form 2/DOB Date' is clicked on

2018-12-13 00:53:32 - [TEST_STEP][PASSED] - delay: Delayed 2 second(s)

2018-12-13 00:53:34 - [MESSAGE][PASSED] - Delayed 2 second(s)

2018-12-13 00:53:34 - [TEST_STEP][PASSED] - click: Object: 'Object Repository/Final Object Repo/New Registration - Registration Module Pages/Form 2/EmploymentStartDate Pop Up' is clicked on

2018-12-13 00:53:34 - [MESSAGE][PASSED] - Object: 'Object Repository/Final Object Repo/New Registration - Registration Module Pages/Form 2/EmploymentStartDate Pop Up' is clicked on

2018-12-13 00:53:34 - [TEST_STEP][PASSED] - delay: Delayed 2 second(s)

2018-12-13 00:53:36 - [MESSAGE][PASSED] - Delayed 2 second(s)

2018-12-13 00:53:36 - [TEST_STEP][PASSED] - click: Object: 'Object Repository/Final Object Repo/New Registration - Registration Module Pages/Form 2/Socso Employment StartDate Month' is clicked on

2018-12-13 00:53:37 - [MESSAGE][PASSED] - Object: 'Object Repository/Final Object Repo/New Registration - Registration Module Pages/Form 2/Socso Employment StartDate Month' is clicked on

2018-12-13 00:53:37 - [TEST_STEP][PASSED] - delay: Delayed 1 second(s)

2018-12-13 00:53:38 - [MESSAGE][PASSED] - Delayed 1 second(s)

2018-12-13 00:53:38 - [TEST_STEP][PASSED] - click: Object: 'Object Repository/Final Object Repo/New Registration - Registration Module Pages/Form 2/Select Socso Employement Startdate Month' is clicked on

2018-12-13 00:53:38 - [MESSAGE][PASSED] - Object: 'Object Repository/Final Object Repo/New Registration - Registration Module Pages/Form 2/Select Socso Employement Startdate Month' is clicked on

2018-12-13 00:53:38 - [TEST_STEP][PASSED] - delay: Delayed 2 second(s)

2018-12-13 00:53:40 - [MESSAGE][PASSED] - Delayed 2 second(s)

2018-12-13 00:53:40 - [TEST_STEP][PASSED] - click: Object: 'Object Repository/Final Object Repo/New Registration - Registration Module Pages/Form 2/Socso Employment StartDate Year' is clicked on

2018-12-13 00:53:40 - [MESSAGE][PASSED] - Object: 'Object Repository/Final Object Repo/New Registration - Registration Module Pages/Form 2/Socso Employment StartDate Year' is clicked on

2018-12-13 00:53:40 - [TEST_STEP][PASSED] - delay: Delayed 1 second(s)

2018-12-13 00:53:41 - [MESSAGE][PASSED] - Delayed 1 second(s)

2018-12-13 00:53:41 - [TEST_STEP][PASSED] - click: Object: 'Object Repository/Final Object Repo/New Registration - Registration Module Pages/Form 2/Select Socso Employment Startdate Year' is clicked on

2018-12-13 00:53:41 - [MESSAGE][PASSED] - Object: 'Object Repository/Final Object Repo/New Registration - Registration Module Pages/Form 2/Select Socso Employment Startdate Year' is clicked on

2018-12-13 00:53:41 - [TEST_STEP][PASSED] - delay: Delayed 2 second(s)

2018-12-13 00:53:43 - [MESSAGE][PASSED] - Delayed 2 second(s)

2018-12-13 00:53:43 - [TEST_STEP][PASSED] - click: Object: 'Object Repository/Final Object Repo/New Registration - Registration Module Pages/Form 2/Socso Employment Start Date Day' is clicked on

2018-12-13 00:53:43 - [MESSAGE][PASSED] - Object: 'Object Repository/Final Object Repo/New Registration - Registration Module Pages/Form 2/Socso Employment Start Date Day' is clicked on

2018-12-13 00:53:43 - [TEST_STEP][PASSED] - delay: Delayed 2 second(s)

2018-12-13 00:53:45 - [MESSAGE][PASSED] - Delayed 2 second(s)

2018-12-13 00:53:45 - [TEST_STEP][PASSED] - click: Object: 'Object Repository/Final Object Repo/New Registration - Registration Module Pages/Form 2/Save Button for Add Employee' is clicked on

2018-12-13 00:53:45 - [MESSAGE][PASSED] - Object: 'Object Repository/Final Object Repo/New Registration - Registration Module Pages/Form 2/Save Button for Add Employee' is clicked on

2018-12-13 00:53:45 - [TEST_STEP][PASSED] - delay: Delayed 6 second(s)

2018-12-13 00:53:51 - [MESSAGE][PASSED] - Delayed 6 second(s)

2018-12-13 00:53:51 - [TEST_STEP][PASSED] - click: Object: 'Object Repository/Final Object Repo/New Registration - Registration Module Pages/Form 2/Save and Continue Form 2' is clicked on

2018-12-13 00:53:52 - [MESSAGE][PASSED] - Object: 'Object Repository/Final Object Repo/New Registration - Registration Module Pages/Form 2/Save and Continue Form 2' is clicked on

2018-12-13 00:53:52 - [MESSAGE][PASSED] - Call Test Case 'Test Cases/Final Aug 2018 - PKS Automation/Registration Module/New Registration/Form 2/Add 1 Eligible - Employer Account Use' successfully

2018-12-13 00:53:52 - [TEST_STEP][PASSED] - callTestCase: Call Test Case 'Test Cases/Final Aug 2018 - PKS Automation/Registration Module/New Registration/Flow of New Registration/Third Screen - Upload Supporting Doc - Preview' successfully

2018-12-13 00:53:52 - [TEST_CASE][PASSED] - Test Cases/Final Aug 2018 - PKS Automation/Registration Module/New Registration/Flow of New Registration/Third Screen - Upload Supporting Doc - Preview: Test Cases/Final Aug 2018 - PKS Automation/Registration Module/New Registration/Flow of New Registration/Third Screen - Upload Supporting Doc - Preview

2018-12-13 00:53:52 - [TEST_STEP][PASSED] - waitForPageLoad: Wait for page load successfully

2018-12-13 00:53:52 - [MESSAGE][PASSED] - Wait for page load successfully

2018-12-13 00:53:52 - [TEST_STEP][PASSED] - Statement - CaseReferenceNo = com.kms.katalon.core.webui.keyword.WebUiBuiltInKeywords.getText(com.kms.katalon.core.testobject.ObjectRepository.findTestObject(Final Object Repo/New Registration - Registration Module Pages/Third Screen - Upload Supporting Doc- Preview/RefNo Acquiring)): Text of object 'Object Repository/Final Object Repo/New Registration - Registration Module Pages/Third Screen - Upload Supporting Doc- Preview/RefNo Acquiring' is: 'CRN12201800123255'

2018-12-13 00:53:53 - [MESSAGE][PASSED] - Text of object 'Object Repository/Final Object Repo/New Registration - Registration Module Pages/Third Screen - Upload Supporting Doc- Preview/RefNo Acquiring' is: 'CRN12201800123255'

2018-12-13 00:53:53 - [TEST_STEP][PASSED] - delay: Delayed 2 second(s)

2018-12-13 00:53:55 - [MESSAGE][PASSED] - Delayed 2 second(s)

2018-12-13 00:53:55 - [TEST_STEP][PASSED] - callTestCase: Call Test Case 'Test Cases/Final Aug 2018 - PKS Automation/Common/Reference Number Setter' successfully

2018-12-13 00:53:55 - [TEST_CASE][PASSED] - Test Cases/Final Aug 2018 - PKS Automation/Common/Reference Number Setter: Test Cases/Final Aug 2018 - PKS Automation/Common/Reference Number Setter

2018-12-13 00:53:55 - [TEST_STEP][PASSED] - Statement - RefNoOldFile = new java.io.File(C://Users//Admin//Desktop//PKS//Automation Reference Point//KatalonReference.txt): null

2018-12-13 00:53:55 - [TEST_STEP][PASSED] - Statement - RefNoOldFile.delete(): null

2018-12-13 00:53:55 - [TEST_STEP][PASSED] - delay: Delayed 5 second(s)

2018-12-13 00:54:00 - [MESSAGE][PASSED] - Delayed 5 second(s)

2018-12-13 00:54:00 - [TEST_STEP][PASSED] - Statement - RefNo = new java.io.File(C://Users//Admin//Desktop//PKS//Automation Reference Point//KatalonReference.txt): null

2018-12-13 00:54:00 - [TEST_STEP][PASSED] - Statement - f2 = new java.io.FileWriter(RefNo, false): null

2018-12-13 00:54:00 - [TEST_STEP][PASSED] - Statement - f2.write(CaseReferenceNo): null

2018-12-13 00:54:00 - [TEST_STEP][PASSED] - Statement - f2.close(): null

2018-12-13 00:54:00 - [TEST_STEP][PASSED] - Statement - out.println("


" + CaseReferenceNo + "


"): null

2018-12-13 00:54:00 - [MESSAGE][PASSED] - Call Test Case 'Test Cases/Final Aug 2018 - PKS Automation/Common/Reference Number Setter' successfully

2018-12-13 00:54:00 - [TEST_STEP][PASSED] - waitForElementClickable: Object 'Object Repository/Final Object Repo/New Registration - Registration Module Pages/Third Screen - Upload Supporting Doc- Preview/Save n Continue in SIP Employee Listing Page' is clickable

2018-12-13 00:54:00 - [MESSAGE][PASSED] - Object 'Object Repository/Final Object Repo/New Registration - Registration Module Pages/Third Screen - Upload Supporting Doc- Preview/Save n Continue in SIP Employee Listing Page' is clickable

2018-12-13 00:54:00 - [TEST_STEP][PASSED] - click: Object: 'Object Repository/Final Object Repo/New Registration - Registration Module Pages/Third Screen - Upload Supporting Doc- Preview/Save n Continue in SIP Employee Listing Page' is clicked on

2018-12-13 00:54:05 - [MESSAGE][PASSED] - Object: 'Object Repository/Final Object Repo/New Registration - Registration Module Pages/Third Screen - Upload Supporting Doc- Preview/Save n Continue in SIP Employee Listing Page' is clicked on

2018-12-13 00:54:05 - [TEST_STEP][PASSED] - delay: Delayed 7 second(s)

2018-12-13 00:54:12 - [MESSAGE][PASSED] - Delayed 7 second(s)

2018-12-13 00:54:12 - [TEST_STEP][PASSED] - click: Object: 'Object Repository/Final Object Repo/New Registration - Registration Module Pages/Third Screen - Upload Supporting Doc- Preview/Add Document Button' is clicked on

2018-12-13 00:54:12 - [MESSAGE][PASSED] - Object: 'Object Repository/Final Object Repo/New Registration - Registration Module Pages/Third Screen - Upload Supporting Doc- Preview/Add Document Button' is clicked on

2018-12-13 00:54:12 - [TEST_STEP][PASSED] - delay: Delayed 30 second(s)

2018-12-13 00:54:42 - [MESSAGE][PASSED] - Delayed 30 second(s)

2018-12-13 00:54:42 - [TEST_STEP][PASSED] - click: Object: 'Object Repository/Final Object Repo/New Registration - Registration Module Pages/Third Screen - Upload Supporting Doc- Preview/Supporting Doc Please Select Drop Down' is clicked on

2018-12-13 00:54:42 - [MESSAGE][PASSED] - Object: 'Object Repository/Final Object Repo/New Registration - Registration Module Pages/Third Screen - Upload Supporting Doc- Preview/Supporting Doc Please Select Drop Down' is clicked on

2018-12-13 00:54:42 - [TEST_STEP][PASSED] - delay: Delayed 2 second(s)

2018-12-13 00:54:44 - [MESSAGE][PASSED] - Delayed 2 second(s)

2018-12-13 00:54:44 - [TEST_STEP][PASSED] - click: Object: 'Object Repository/Final Object Repo/New Registration - Registration Module Pages/Third Screen - Upload Supporting Doc- Preview/Select to Upload Form 1' is clicked on

2018-12-13 00:54:44 - [MESSAGE][PASSED] - Object: 'Object Repository/Final Object Repo/New Registration - Registration Module Pages/Third Screen - Upload Supporting Doc- Preview/Select to Upload Form 1' is clicked on

2018-12-13 00:54:44 - [TEST_STEP][PASSED] - delay: Delayed 2 second(s)

2018-12-13 00:54:46 - [MESSAGE][PASSED] - Delayed 2 second(s)

2018-12-13 00:54:46 - [TEST_STEP][PASSED] - uploadFile: File 'C:\Users\Public\Pictures\Sample Pictures\Koala.jpg' sent to object: 'Object Repository/Final Object Repo/New Registration - Registration Module Pages/Third Screen - Upload Supporting Doc- Preview/Upload File Adding'

2018-12-13 00:54:46 - [MESSAGE][PASSED] - File 'C:\Users\Public\Pictures\Sample Pictures\Koala.jpg' sent to object: 'Object Repository/Final Object Repo/New Registration - Registration Module Pages/Third Screen - Upload Supporting Doc- Preview/Upload File Adding'

2018-12-13 00:54:46 - [TEST_STEP][PASSED] - delay: Delayed 5 second(s)

2018-12-13 00:54:51 - [MESSAGE][PASSED] - Delayed 5 second(s)

2018-12-13 00:54:51 - [TEST_STEP][PASSED] - click: Object: 'Object Repository/Final Object Repo/New Registration - Registration Module Pages/Third Screen - Upload Supporting Doc- Preview/Inner Form Add Document Button' is clicked on

2018-12-13 00:54:52 - [MESSAGE][PASSED] - Object: 'Object Repository/Final Object Repo/New Registration - Registration Module Pages/Third Screen - Upload Supporting Doc- Preview/Inner Form Add Document Button' is clicked on

2018-12-13 00:54:52 - [TEST_STEP][PASSED] - delay: Delayed 3 second(s)

2018-12-13 00:54:55 - [MESSAGE][PASSED] - Delayed 3 second(s)

2018-12-13 00:54:55 - [TEST_STEP][PASSED] - click: Object: 'Object Repository/Final Object Repo/New Registration - Registration Module Pages/Third Screen - Upload Supporting Doc- Preview/Add Document Button' is clicked on

2018-12-13 00:54:56 - [MESSAGE][PASSED] - Object: 'Object Repository/Final Object Repo/New Registration - Registration Module Pages/Third Screen - Upload Supporting Doc- Preview/Add Document Button' is clicked on

2018-12-13 00:54:56 - [TEST_STEP][PASSED] - delay: Delayed 30 second(s)

2018-12-13 00:55:26 - [MESSAGE][PASSED] - Delayed 30 second(s)

2018-12-13 00:55:26 - [TEST_STEP][PASSED] - click: Object: 'Object Repository/Final Object Repo/New Registration - Registration Module Pages/Third Screen - Upload Supporting Doc- Preview/Supporting Doc Please Select Drop Down' is clicked on

2018-12-13 00:55:26 - [MESSAGE][PASSED] - Object: 'Object Repository/Final Object Repo/New Registration - Registration Module Pages/Third Screen - Upload Supporting Doc- Preview/Supporting Doc Please Select Drop Down' is clicked on

2018-12-13 00:55:26 - [TEST_STEP][PASSED] - delay: Delayed 4 second(s)

2018-12-13 00:55:30 - [MESSAGE][PASSED] - Delayed 4 second(s)

2018-12-13 00:55:30 - [TEST_STEP][PASSED] - click: Object: 'Object Repository/Final Object Repo/New Registration - Registration Module Pages/Third Screen - Upload Supporting Doc- Preview/Select to Upload Form 2' is clicked on

2018-12-13 00:55:30 - [MESSAGE][PASSED] - Object: 'Object Repository/Final Object Repo/New Registration - Registration Module Pages/Third Screen - Upload Supporting Doc- Preview/Select to Upload Form 2' is clicked on

2018-12-13 00:55:30 - [TEST_STEP][PASSED] - delay: Delayed 2 second(s)

2018-12-13 00:55:32 - [MESSAGE][PASSED] - Delayed 2 second(s)

2018-12-13 00:55:32 - [TEST_STEP][PASSED] - uploadFile: File 'C:\Users\Public\Pictures\Sample Pictures\Koala.jpg' sent to object: 'Object Repository/Final Object Repo/New Registration - Registration Module Pages/Third Screen - Upload Supporting Doc- Preview/Upload File Adding'

2018-12-13 00:55:32 - [MESSAGE][PASSED] - File 'C:\Users\Public\Pictures\Sample Pictures\Koala.jpg' sent to object: 'Object Repository/Final Object Repo/New Registration - Registration Module Pages/Third Screen - Upload Supporting Doc- Preview/Upload File Adding'

2018-12-13 00:55:32 - [TEST_STEP][PASSED] - click: Object: 'Object Repository/Final Object Repo/New Registration - Registration Module Pages/Third Screen - Upload Supporting Doc- Preview/Inner Form Add Document Button' is clicked on

2018-12-13 00:55:33 - [MESSAGE][PASSED] - Object: 'Object Repository/Final Object Repo/New Registration - Registration Module Pages/Third Screen - Upload Supporting Doc- Preview/Inner Form Add Document Button' is clicked on

2018-12-13 00:55:33 - [TEST_STEP][PASSED] - delay: Delayed 5 second(s)

2018-12-13 00:55:38 - [MESSAGE][PASSED] - Delayed 5 second(s)

2018-12-13 00:55:38 - [TEST_STEP][PASSED] - click: Object: 'Object Repository/Final Object Repo/New Registration - Registration Module Pages/Third Screen - Upload Supporting Doc- Preview/Add Document Button' is clicked on

2018-12-13 00:55:38 - [MESSAGE][PASSED] - Object: 'Object Repository/Final Object Repo/New Registration - Registration Module Pages/Third Screen - Upload Supporting Doc- Preview/Add Document Button' is clicked on

2018-12-13 00:55:38 - [TEST_STEP][PASSED] - delay: Delayed 30 second(s)

2018-12-13 00:56:08 - [MESSAGE][PASSED] - Delayed 30 second(s)

2018-12-13 00:56:08 - [TEST_STEP][PASSED] - click: Object: 'Object Repository/Final Object Repo/New Registration - Registration Module Pages/Third Screen - Upload Supporting Doc- Preview/Supporting Doc Please Select Drop Down' is clicked on

2018-12-13 00:56:08 - [MESSAGE][PASSED] - Object: 'Object Repository/Final Object Repo/New Registration - Registration Module Pages/Third Screen - Upload Supporting Doc- Preview/Supporting Doc Please Select Drop Down' is clicked on

2018-12-13 00:56:08 - [TEST_STEP][PASSED] - click: Object: 'Object Repository/Final Object Repo/New Registration - Registration Module Pages/Third Screen - Upload Supporting Doc- Preview/Select to Upload Borang SIP 1' is clicked on

2018-12-13 00:56:08 - [MESSAGE][PASSED] - Object: 'Object Repository/Final Object Repo/New Registration - Registration Module Pages/Third Screen - Upload Supporting Doc- Preview/Select to Upload Borang SIP 1' is clicked on

2018-12-13 00:56:08 - [TEST_STEP][PASSED] - delay: Delayed 2 second(s)

2018-12-13 00:56:10 - [MESSAGE][PASSED] - Delayed 2 second(s)

2018-12-13 00:56:10 - [TEST_STEP][PASSED] - uploadFile: File 'C:\Users\Public\Pictures\Sample Pictures\Koala.jpg' sent to object: 'Object Repository/Final Object Repo/New Registration - Registration Module Pages/Third Screen - Upload Supporting Doc- Preview/Upload File Adding'

2018-12-13 00:56:10 - [MESSAGE][PASSED] - File 'C:\Users\Public\Pictures\Sample Pictures\Koala.jpg' sent to object: 'Object Repository/Final Object Repo/New Registration - Registration Module Pages/Third Screen - Upload Supporting Doc- Preview/Upload File Adding'

2018-12-13 00:56:10 - [TEST_STEP][PASSED] - click: Object: 'Object Repository/Final Object Repo/New Registration - Registration Module Pages/Third Screen - Upload Supporting Doc- Preview/Inner Form Add Document Button' is clicked on

2018-12-13 00:56:10 - [MESSAGE][PASSED] - Object: 'Object Repository/Final Object Repo/New Registration - Registration Module Pages/Third Screen - Upload Supporting Doc- Preview/Inner Form Add Document Button' is clicked on

2018-12-13 00:56:10 - [TEST_STEP][PASSED] - delay: Delayed 5 second(s)

2018-12-13 00:56:15 - [MESSAGE][PASSED] - Delayed 5 second(s)

2018-12-13 00:56:15 - [TEST_STEP][PASSED] - click: Object: 'Object Repository/Final Object Repo/New Registration - Registration Module Pages/Third Screen - Upload Supporting Doc- Preview/Add Document Button' is clicked on

2018-12-13 00:56:16 - [MESSAGE][PASSED] - Object: 'Object Repository/Final Object Repo/New Registration - Registration Module Pages/Third Screen - Upload Supporting Doc- Preview/Add Document Button' is clicked on

2018-12-13 00:56:16 - [TEST_STEP][PASSED] - delay: Delayed 30 second(s)

2018-12-13 00:56:46 - [MESSAGE][PASSED] - Delayed 30 second(s)

2018-12-13 00:56:46 - [TEST_STEP][PASSED] - click: Object: 'Object Repository/Final Object Repo/New Registration - Registration Module Pages/Third Screen - Upload Supporting Doc- Preview/Supporting Doc Please Select Drop Down' is clicked on

2018-12-13 00:56:46 - [MESSAGE][PASSED] - Object: 'Object Repository/Final Object Repo/New Registration - Registration Module Pages/Third Screen - Upload Supporting Doc- Preview/Supporting Doc Please Select Drop Down' is clicked on

2018-12-13 00:56:46 - [TEST_STEP][PASSED] - delay: Delayed 3 second(s)

2018-12-13 00:56:49 - [MESSAGE][PASSED] - Delayed 3 second(s)

2018-12-13 00:56:49 - [TEST_STEP][PASSED] - click: Object: 'Object Repository/Final Object Repo/New Registration - Registration Module Pages/Third Screen - Upload Supporting Doc- Preview/Select to Upload Borang SIP 2' is clicked on

2018-12-13 00:56:49 - [MESSAGE][PASSED] - Object: 'Object Repository/Final Object Repo/New Registration - Registration Module Pages/Third Screen - Upload Supporting Doc- Preview/Select to Upload Borang SIP 2' is clicked on

2018-12-13 00:56:49 - [TEST_STEP][PASSED] - delay: Delayed 2 second(s)

2018-12-13 00:56:51 - [MESSAGE][PASSED] - Delayed 2 second(s)

2018-12-13 00:56:51 - [TEST_STEP][PASSED] - uploadFile: File 'C:\Users\Public\Pictures\Sample Pictures\Koala.jpg' sent to object: 'Object Repository/Final Object Repo/New Registration - Registration Module Pages/Third Screen - Upload Supporting Doc- Preview/Upload File Adding'

2018-12-13 00:56:51 - [MESSAGE][PASSED] - File 'C:\Users\Public\Pictures\Sample Pictures\Koala.jpg' sent to object: 'Object Repository/Final Object Repo/New Registration - Registration Module Pages/Third Screen - Upload Supporting Doc- Preview/Upload File Adding'

2018-12-13 00:56:51 - [TEST_STEP][PASSED] - delay: Delayed 5 second(s)

2018-12-13 00:56:56 - [MESSAGE][PASSED] - Delayed 5 second(s)

2018-12-13 00:56:56 - [TEST_STEP][PASSED] - click: Object: 'Object Repository/Final Object Repo/New Registration - Registration Module Pages/Third Screen - Upload Supporting Doc- Preview/Inner Form Add Document Button' is clicked on

2018-12-13 00:56:56 - [MESSAGE][PASSED] - Object: 'Object Repository/Final Object Repo/New Registration - Registration Module Pages/Third Screen - Upload Supporting Doc- Preview/Inner Form Add Document Button' is clicked on

2018-12-13 00:56:56 - [TEST_STEP][PASSED] - delay: Delayed 3 second(s)

2018-12-13 00:56:59 - [MESSAGE][PASSED] - Delayed 3 second(s)

2018-12-13 00:56:59 - [TEST_STEP][PASSED] - waitForElementClickable: Object 'Object Repository/Final Object Repo/New Registration - Registration Module Pages/Third Screen - Upload Supporting Doc- Preview/Save n Continue in Uploading Supporting Doc Page' is clickable

2018-12-13 00:57:00 - [MESSAGE][PASSED] - Object 'Object Repository/Final Object Repo/New Registration - Registration Module Pages/Third Screen - Upload Supporting Doc- Preview/Save n Continue in Uploading Supporting Doc Page' is clickable

2018-12-13 00:57:00 - [TEST_STEP][PASSED] - click: Object: 'Object Repository/Final Object Repo/New Registration - Registration Module Pages/Third Screen - Upload Supporting Doc- Preview/Save n Continue in Uploading Supporting Doc Page' is clicked on

2018-12-13 00:57:01 - [MESSAGE][PASSED] - Object: 'Object Repository/Final Object Repo/New Registration - Registration Module Pages/Third Screen - Upload Supporting Doc- Preview/Save n Continue in Uploading Supporting Doc Page' is clicked on

2018-12-13 00:57:01 - [MESSAGE][PASSED] - Call Test Case 'Test Cases/Final Aug 2018 - PKS Automation/Registration Module/New Registration/Flow of New Registration/Third Screen - Upload Supporting Doc - Preview' successfully

2018-12-13 00:57:01 - [TEST_STEP][PASSED] - setText: Text 'Tester' is set on object 'Object Repository/Final Object Repo/New Registration - Registration Module Pages/New Reg - OTC to RO/Special Case - All Related Objects/Employer Preview Name'

2018-12-13 00:57:05 - [MESSAGE][PASSED] - Text 'Tester' is set on object 'Object Repository/Final Object Repo/New Registration - Registration Module Pages/New Reg - OTC to RO/Special Case - All Related Objects/Employer Preview Name'

2018-12-13 00:57:05 - [TEST_STEP][PASSED] - click: Object: 'Object Repository/Final Object Repo/New Registration - Registration Module Pages/New Reg - OTC to RO/Special Case - All Related Objects/IC Type Drop Down' is clicked on

2018-12-13 00:57:05 - [MESSAGE][PASSED] - Object: 'Object Repository/Final Object Repo/New Registration - Registration Module Pages/New Reg - OTC to RO/Special Case - All Related Objects/IC Type Drop Down' is clicked on

2018-12-13 00:57:05 - [TEST_STEP][PASSED] - click: Object: 'Object Repository/Final Object Repo/New Registration - Registration Module Pages/New Reg - OTC to RO/Special Case - All Related Objects/Select to NRIC' is clicked on

2018-12-13 00:57:05 - [MESSAGE][PASSED] - Object: 'Object Repository/Final Object Repo/New Registration - Registration Module Pages/New Reg - OTC to RO/Special Case - All Related Objects/Select to NRIC' is clicked on

2018-12-13 00:57:05 - [TEST_STEP][PASSED] - setText: Text '133245561223' is set on object 'Object Repository/Final Object Repo/New Registration - Registration Module Pages/New Reg - OTC to RO/Special Case - All Related Objects/IC Value'

2018-12-13 00:57:06 - [MESSAGE][PASSED] - Text '133245561223' is set on object 'Object Repository/Final Object Repo/New Registration - Registration Module Pages/New Reg - OTC to RO/Special Case - All Related Objects/IC Value'

2018-12-13 00:57:06 - [TEST_STEP][PASSED] - setText: Text 'Auto' is set on object 'Object Repository/Final Object Repo/New Registration - Registration Module Pages/New Reg - OTC to RO/Special Case - All Related Objects/Designation'

2018-12-13 00:57:06 - [MESSAGE][PASSED] - Text 'Auto' is set on object 'Object Repository/Final Object Repo/New Registration - Registration Module Pages/New Reg - OTC to RO/Special Case - All Related Objects/Designation'

2018-12-13 00:57:06 - [TEST_STEP][PASSED] - callTestCase: Call Test Case 'Test Cases/Final Aug 2018 - PKS Automation/Registration Module/New Registration/Submit and Screenshot/Submit Registration and Screenshot' successfully

2018-12-13 00:57:06 - [TEST_CASE][PASSED] - Test Cases/Final Aug 2018 - PKS Automation/Registration Module/New Registration/Submit and Screenshot/Submit Registration and Screenshot: Test Cases/Final Aug 2018 - PKS Automation/Registration Module/New Registration/Submit and Screenshot/Submit Registration and Screenshot

2018-12-13 00:57:06 - [TEST_STEP][PASSED] - delay: Delayed 6 second(s)

2018-12-13 00:57:12 - [MESSAGE][PASSED] - Delayed 6 second(s)

2018-12-13 00:57:12 - [TEST_STEP][PASSED] - click: Object: 'Object Repository/Final Object Repo/New Registration - Registration Module Pages/Third Screen - Upload Supporting Doc- Preview/Preview Submit Button' is clicked on

2018-12-13 00:57:12 - [MESSAGE][PASSED] - Object: 'Object Repository/Final Object Repo/New Registration - Registration Module Pages/Third Screen - Upload Supporting Doc- Preview/Preview Submit Button' is clicked on

2018-12-13 00:57:12 - [TEST_STEP][PASSED] - delay: Delayed 2 second(s)

2018-12-13 00:57:14 - [MESSAGE][PASSED] - Delayed 2 second(s)

2018-12-13 00:57:14 - [TEST_STEP][PASSED] - click: Object: 'Object Repository/Final Object Repo/New Registration - Registration Module Pages/Third Screen - Upload Supporting Doc- Preview/Preview Submit - Confirm' is clicked on

2018-12-13 00:57:14 - [MESSAGE][PASSED] - Object: 'Object Repository/Final Object Repo/New Registration - Registration Module Pages/Third Screen - Upload Supporting Doc- Preview/Preview Submit - Confirm' is clicked on

2018-12-13 00:57:14 - [TEST_STEP][PASSED] - delay: Delayed 15 second(s)

2018-12-13 00:57:29 - [MESSAGE][PASSED] - Delayed 15 second(s)

2018-12-13 00:57:29 - [TEST_STEP][PASSED] - Statement - driver = com.kms.katalon.core.webui.driver.DriverFactory.getWebDriver(): null

2018-12-13 00:57:29 - [TEST_STEP][PASSED] - Statement - driver.manage().timeouts().implicitlyWait(10, SECONDS): null

2018-12-13 00:57:29 - [TEST_STEP][PASSED] - Statement - PresavePath = KatalonScreenshots: null

2018-12-13 00:57:29 - [TEST_STEP][PASSED] - Statement - pathPrefix = "C:\Users\Public\Pictures\Sample Pictures\Katalon Screenshots\Automate Ending Screen": null

2018-12-13 00:57:29 - [TEST_STEP][PASSED] - Statement - finalPath = <not implemented yet for class: org.codehaus.groovy.ast.expr.EmptyExpression>: null

2018-12-13 00:57:29 - [TEST_STEP][PASSED] - Statement - scrFile = driver.getScreenshotAs(FILE): null

2018-12-13 00:57:30 - [TEST_STEP][PASSED] - Statement - PreSaveFile = new java.io.File(PresavePath): null

2018-12-13 00:57:30 - [TEST_STEP][PASSED] - Statement - counter = 0: null

2018-12-13 00:57:30 - [TEST_STEP][PASSED] - Statement - If (PreSaveFile.exists()): null

2018-12-13 00:57:30 - [TEST_STEP][PASSED] - Statement - While (PreSaveFile.exists()): null

2018-12-13 00:57:30 - [TEST_STEP][PASSED] - Statement - counter = counter + 1: null

2018-12-13 00:57:30 - [TEST_STEP][PASSED] - Statement - PreSaveFile = new java.io.File(((pathPrefix + java.lang.Integer.toString(counter)) + .png)): null

2018-12-13 00:57:30 - [TEST_STEP][PASSED] - Statement - counter = counter + 1: null

2018-12-13 00:57:30 - [TEST_STEP][PASSED] - Statement - PreSaveFile = new java.io.File(((pathPrefix + java.lang.Integer.toString(counter)) + .png)): null

2018-12-13 00:57:30 - [TEST_STEP][PASSED] - Statement - counter = counter + 1: null

2018-12-13 00:57:30 - [TEST_STEP][PASSED] - Statement - PreSaveFile = new java.io.File(((pathPrefix + java.lang.Integer.toString(counter)) + .png)): null

2018-12-13 00:57:30 - [TEST_STEP][PASSED] - Statement - counter = counter + 1: null

2018-12-13 00:57:30 - [TEST_STEP][PASSED] - Statement - PreSaveFile = new java.io.File(((pathPrefix + java.lang.Integer.toString(counter)) + .png)): null

2018-12-13 00:57:30 - [TEST_STEP][PASSED] - Statement - counter = counter + 1: null

2018-12-13 00:57:30 - [TEST_STEP][PASSED] - Statement - PreSaveFile = new java.io.File(((pathPrefix + java.lang.Integer.toString(counter)) + .png)): null

2018-12-13 00:57:30 - [TEST_STEP][PASSED] - Statement - counter = counter + 1: null

2018-12-13 00:57:30 - [TEST_STEP][PASSED] - Statement - PreSaveFile = new java.io.File(((pathPrefix + java.lang.Integer.toString(counter)) + .png)): null

2018-12-13 00:57:30 - [TEST_STEP][PASSED] - Statement - counter = counter + 1: null

2018-12-13 00:57:30 - [TEST_STEP][PASSED] - Statement - PreSaveFile = new java.io.File(((pathPrefix + java.lang.Integer.toString(counter)) + .png)): null

2018-12-13 00:57:30 - [TEST_STEP][PASSED] - Statement - counter = counter + 1: null

2018-12-13 00:57:30 - [TEST_STEP][PASSED] - Statement - PreSaveFile = new java.io.File(((pathPrefix + java.lang.Integer.toString(counter)) + .png)): null

2018-12-13 00:57:30 - [TEST_STEP][PASSED] - Statement - counter = counter + 1: null

2018-12-13 00:57:30 - [TEST_STEP][PASSED] - Statement - PreSaveFile = new java.io.File(((pathPrefix + java.lang.Integer.toString(counter)) + .png)): null

2018-12-13 00:57:30 - [TEST_STEP][PASSED] - Statement - counter = counter + 1: null

2018-12-13 00:57:30 - [TEST_STEP][PASSED] - Statement - PreSaveFile = new java.io.File(((pathPrefix + java.lang.Integer.toString(counter)) + .png)): null

2018-12-13 00:57:30 - [TEST_STEP][PASSED] - Statement - counter = counter + 1: null

2018-12-13 00:57:30 - [TEST_STEP][PASSED] - Statement - PreSaveFile = new java.io.File(((pathPrefix + java.lang.Integer.toString(counter)) + .png)): null

2018-12-13 00:57:30 - [TEST_STEP][PASSED] - Statement - counter = counter + 1: null

2018-12-13 00:57:30 - [TEST_STEP][PASSED] - Statement - PreSaveFile = new java.io.File(((pathPrefix + java.lang.Integer.toString(counter)) + .png)): null

2018-12-13 00:57:30 - [TEST_STEP][PASSED] - Statement - counter = counter + 1: null

2018-12-13 00:57:30 - [TEST_STEP][PASSED] - Statement - PreSaveFile = new java.io.File(((pathPrefix + java.lang.Integer.toString(counter)) + .png)): null

2018-12-13 00:57:30 - [TEST_STEP][PASSED] - Statement - counter = counter + 1: null

2018-12-13 00:57:30 - [TEST_STEP][PASSED] - Statement - PreSaveFile = new java.io.File(((pathPrefix + java.lang.Integer.toString(counter)) + .png)): null

2018-12-13 00:57:30 - [TEST_STEP][PASSED] - Statement - counter = counter + 1: null

2018-12-13 00:57:30 - [TEST_STEP][PASSED] - Statement - PreSaveFile = new java.io.File(((pathPrefix + java.lang.Integer.toString(counter)) + .png)): null

2018-12-13 00:57:30 - [TEST_STEP][PASSED] - Statement - counter = counter + 1: null

2018-12-13 00:57:30 - [TEST_STEP][PASSED] - Statement - PreSaveFile = new java.io.File(((pathPrefix + java.lang.Integer.toString(counter)) + .png)): null

2018-12-13 00:57:30 - [TEST_STEP][PASSED] - Statement - counter = counter + 1: null

2018-12-13 00:57:30 - [TEST_STEP][PASSED] - Statement - PreSaveFile = new java.io.File(((pathPrefix + java.lang.Integer.toString(counter)) + .png)): null

2018-12-13 00:57:30 - [TEST_STEP][PASSED] - Statement - counter = counter + 1: null

2018-12-13 00:57:30 - [TEST_STEP][PASSED] - Statement - PreSaveFile = new java.io.File(((pathPrefix + java.lang.Integer.toString(counter)) + .png)): null

2018-12-13 00:57:30 - [TEST_STEP][PASSED] - Statement - counter = counter + 1: null

2018-12-13 00:57:30 - [TEST_STEP][PASSED] - Statement - PreSaveFile = new java.io.File(((pathPrefix + java.lang.Integer.toString(counter)) + .png)): null

2018-12-13 00:57:30 - [TEST_STEP][PASSED] - Statement - counter = counter + 1: null

2018-12-13 00:57:30 - [TEST_STEP][PASSED] - Statement - PreSaveFile = new java.io.File(((pathPrefix + java.lang.Integer.toString(counter)) + .png)): null

2018-12-13 00:57:30 - [TEST_STEP][PASSED] - Statement - counter = counter + 1: null

2018-12-13 00:57:30 - [TEST_STEP][PASSED] - Statement - PreSaveFile = new java.io.File(((pathPrefix + java.lang.Integer.toString(counter)) + .png)): null

2018-12-13 00:57:30 - [TEST_STEP][PASSED] - Statement - counter = counter + 1: null

2018-12-13 00:57:30 - [TEST_STEP][PASSED] - Statement - PreSaveFile = new java.io.File(((pathPrefix + java.lang.Integer.toString(counter)) + .png)): null

2018-12-13 00:57:30 - [TEST_STEP][PASSED] - Statement - counter = counter + 1: null

2018-12-13 00:57:30 - [TEST_STEP][PASSED] - Statement - PreSaveFile = new java.io.File(((pathPrefix + java.lang.Integer.toString(counter)) + .png)): null

2018-12-13 00:57:30 - [TEST_STEP][PASSED] - Statement - counter = counter + 1: null

2018-12-13 00:57:30 - [TEST_STEP][PASSED] - Statement - PreSaveFile = new java.io.File(((pathPrefix + java.lang.Integer.toString(counter)) + .png)): null

2018-12-13 00:57:30 - [TEST_STEP][PASSED] - Statement - counter = counter + 1: null

2018-12-13 00:57:30 - [TEST_STEP][PASSED] - Statement - PreSaveFile = new java.io.File(((pathPrefix + java.lang.Integer.toString(counter)) + .png)): null

2018-12-13 00:57:30 - [TEST_STEP][PASSED] - Statement - counter = counter + 1: null

2018-12-13 00:57:30 - [TEST_STEP][PASSED] - Statement - PreSaveFile = new java.io.File(((pathPrefix + java.lang.Integer.toString(counter)) + .png)): null

2018-12-13 00:57:30 - [TEST_STEP][PASSED] - Statement - counter = counter + 1: null

2018-12-13 00:57:30 - [TEST_STEP][PASSED] - Statement - PreSaveFile = new java.io.File(((pathPrefix + java.lang.Integer.toString(counter)) + .png)): null

2018-12-13 00:57:30 - [TEST_STEP][PASSED] - Statement - counter = counter + 1: null

2018-12-13 00:57:30 - [TEST_STEP][PASSED] - Statement - PreSaveFile = new java.io.File(((pathPrefix + java.lang.Integer.toString(counter)) + .png)): null

2018-12-13 00:57:30 - [TEST_STEP][PASSED] - Statement - counter = counter + 1: null

2018-12-13 00:57:30 - [TEST_STEP][PASSED] - Statement - PreSaveFile = new java.io.File(((pathPrefix + java.lang.Integer.toString(counter)) + .png)): null

2018-12-13 00:57:30 - [TEST_STEP][PASSED] - Statement - counter = counter + 1: null

2018-12-13 00:57:30 - [TEST_STEP][PASSED] - Statement - PreSaveFile = new java.io.File(((pathPrefix + java.lang.Integer.toString(counter)) + .png)): null

2018-12-13 00:57:30 - [TEST_STEP][PASSED] - Statement - counter = counter + 1: null

2018-12-13 00:57:30 - [TEST_STEP][PASSED] - Statement - PreSaveFile = new java.io.File(((pathPrefix + java.lang.Integer.toString(counter)) + .png)): null

2018-12-13 00:57:30 - [TEST_STEP][PASSED] - Statement - counter = counter + 1: null

2018-12-13 00:57:30 - [TEST_STEP][PASSED] - Statement - PreSaveFile = new java.io.File(((pathPrefix + java.lang.Integer.toString(counter)) + .png)): null

2018-12-13 00:57:30 - [TEST_STEP][PASSED] - Statement - counter = counter + 1: null

2018-12-13 00:57:30 - [TEST_STEP][PASSED] - Statement - PreSaveFile = new java.io.File(((pathPrefix + java.lang.Integer.toString(counter)) + .png)): null

2018-12-13 00:57:30 - [TEST_STEP][PASSED] - Statement - counter = counter + 1: null

2018-12-13 00:57:30 - [TEST_STEP][PASSED] - Statement - PreSaveFile = new java.io.File(((pathPrefix + java.lang.Integer.toString(counter)) + .png)): null

2018-12-13 00:57:30 - [TEST_STEP][PASSED] - Statement - counter = counter + 1: null

2018-12-13 00:57:30 - [TEST_STEP][PASSED] - Statement - PreSaveFile = new java.io.File(((pathPrefix + java.lang.Integer.toString(counter)) + .png)): null

2018-12-13 00:57:30 - [TEST_STEP][PASSED] - Statement - counter = counter + 1: null

2018-12-13 00:57:30 - [TEST_STEP][PASSED] - Statement - PreSaveFile = new java.io.File(((pathPrefix + java.lang.Integer.toString(counter)) + .png)): null

2018-12-13 00:57:30 - [TEST_STEP][PASSED] - Statement - counter = counter + 1: null

2018-12-13 00:57:30 - [TEST_STEP][PASSED] - Statement - PreSaveFile = new java.io.File(((pathPrefix + java.lang.Integer.toString(counter)) + .png)): null

2018-12-13 00:57:30 - [TEST_STEP][PASSED] - Statement - counter = counter + 1: null

2018-12-13 00:57:30 - [TEST_STEP][PASSED] - Statement - PreSaveFile = new java.io.File(((pathPrefix + java.lang.Integer.toString(counter)) + .png)): null

2018-12-13 00:57:30 - [TEST_STEP][PASSED] - Statement - counter = counter + 1: null

2018-12-13 00:57:30 - [TEST_STEP][PASSED] - Statement - PreSaveFile = new java.io.File(((pathPrefix + java.lang.Integer.toString(counter)) + .png)): null

2018-12-13 00:57:30 - [TEST_STEP][PASSED] - Statement - counter = counter + 1: null

2018-12-13 00:57:30 - [TEST_STEP][PASSED] - Statement - PreSaveFile = new java.io.File(((pathPrefix + java.lang.Integer.toString(counter)) + .png)): null

2018-12-13 00:57:30 - [TEST_STEP][PASSED] - Statement - counter = counter + 1: null

2018-12-13 00:57:30 - [TEST_STEP][PASSED] - Statement - PreSaveFile = new java.io.File(((pathPrefix + java.lang.Integer.toString(counter)) + .png)): null

2018-12-13 00:57:30 - [TEST_STEP][PASSED] - Statement - counter = counter + 1: null

2018-12-13 00:57:30 - [TEST_STEP][PASSED] - Statement - PreSaveFile = new java.io.File(((pathPrefix + java.lang.Integer.toString(counter)) + .png)): null

2018-12-13 00:57:30 - [TEST_STEP][PASSED] - Statement - counter = counter + 1: null

2018-12-13 00:57:30 - [TEST_STEP][PASSED] - Statement - PreSaveFile = new java.io.File(((pathPrefix + java.lang.Integer.toString(counter)) + .png)): null

2018-12-13 00:57:30 - [TEST_STEP][PASSED] - Statement - counter = counter + 1: null

2018-12-13 00:57:30 - [TEST_STEP][PASSED] - Statement - PreSaveFile = new java.io.File(((pathPrefix + java.lang.Integer.toString(counter)) + .png)): null

2018-12-13 00:57:30 - [TEST_STEP][PASSED] - Statement - counter = counter + 1: null

2018-12-13 00:57:30 - [TEST_STEP][PASSED] - Statement - PreSaveFile = new java.io.File(((pathPrefix + java.lang.Integer.toString(counter)) + .png)): null

2018-12-13 00:57:30 - [TEST_STEP][PASSED] - Statement - counter = counter + 1: null

2018-12-13 00:57:30 - [TEST_STEP][PASSED] - Statement - PreSaveFile = new java.io.File(((pathPrefix + java.lang.Integer.toString(counter)) + .png)): null

2018-12-13 00:57:30 - [TEST_STEP][PASSED] - Statement - counter = counter + 1: null

2018-12-13 00:57:30 - [TEST_STEP][PASSED] - Statement - PreSaveFile = new java.io.File(((pathPrefix + java.lang.Integer.toString(counter)) + .png)): null

2018-12-13 00:57:30 - [TEST_STEP][PASSED] - Statement - counter = counter + 1: null

2018-12-13 00:57:30 - [TEST_STEP][PASSED] - Statement - PreSaveFile = new java.io.File(((pathPrefix + java.lang.Integer.toString(counter)) + .png)): null

2018-12-13 00:57:30 - [TEST_STEP][PASSED] - Statement - counter = counter + 1: null

2018-12-13 00:57:30 - [TEST_STEP][PASSED] - Statement - PreSaveFile = new java.io.File(((pathPrefix + java.lang.Integer.toString(counter)) + .png)): null

2018-12-13 00:57:30 - [TEST_STEP][PASSED] - Statement - counter = counter + 1: null

2018-12-13 00:57:30 - [TEST_STEP][PASSED] - Statement - PreSaveFile = new java.io.File(((pathPrefix + java.lang.Integer.toString(counter)) + .png)): null

2018-12-13 00:57:30 - [TEST_STEP][PASSED] - Statement - counter = counter + 1: null

2018-12-13 00:57:30 - [TEST_STEP][PASSED] - Statement - PreSaveFile = new java.io.File(((pathPrefix + java.lang.Integer.toString(counter)) + .png)): null

2018-12-13 00:57:30 - [TEST_STEP][PASSED] - Statement - counter = counter + 1: null

2018-12-13 00:57:30 - [TEST_STEP][PASSED] - Statement - PreSaveFile = new java.io.File(((pathPrefix + java.lang.Integer.toString(counter)) + .png)): null

2018-12-13 00:57:30 - [TEST_STEP][PASSED] - Statement - counter = counter + 1: null

2018-12-13 00:57:30 - [TEST_STEP][PASSED] - Statement - PreSaveFile = new java.io.File(((pathPrefix + java.lang.Integer.toString(counter)) + .png)): null

2018-12-13 00:57:30 - [TEST_STEP][PASSED] - Statement - counter = counter + 1: null

2018-12-13 00:57:30 - [TEST_STEP][PASSED] - Statement - PreSaveFile = new java.io.File(((pathPrefix + java.lang.Integer.toString(counter)) + .png)): null

2018-12-13 00:57:30 - [TEST_STEP][PASSED] - Statement - counter = counter + 1: null

2018-12-13 00:57:30 - [TEST_STEP][PASSED] - Statement - PreSaveFile = new java.io.File(((pathPrefix + java.lang.Integer.toString(counter)) + .png)): null

2018-12-13 00:57:30 - [TEST_STEP][PASSED] - Statement - counter = counter + 1: null

2018-12-13 00:57:30 - [TEST_STEP][PASSED] - Statement - PreSaveFile = new java.io.File(((pathPrefix + java.lang.Integer.toString(counter)) + .png)): null

2018-12-13 00:57:30 - [TEST_STEP][PASSED] - Statement - counter = counter + 1: null

2018-12-13 00:57:30 - [TEST_STEP][PASSED] - Statement - PreSaveFile = new java.io.File(((pathPrefix + java.lang.Integer.toString(counter)) + .png)): null

2018-12-13 00:57:30 - [TEST_STEP][PASSED] - Statement - counter = counter + 1: null

2018-12-13 00:57:30 - [TEST_STEP][PASSED] - Statement - PreSaveFile = new java.io.File(((pathPrefix + java.lang.Integer.toString(counter)) + .png)): null

2018-12-13 00:57:30 - [TEST_STEP][PASSED] - Statement - counter = counter + 1: null

2018-12-13 00:57:30 - [TEST_STEP][PASSED] - Statement - PreSaveFile = new java.io.File(((pathPrefix + java.lang.Integer.toString(counter)) + .png)): null

2018-12-13 00:57:30 - [TEST_STEP][PASSED] - Statement - counter = counter + 1: null

2018-12-13 00:57:30 - [TEST_STEP][PASSED] - Statement - PreSaveFile = new java.io.File(((pathPrefix + java.lang.Integer.toString(counter)) + .png)): null

2018-12-13 00:57:30 - [TEST_STEP][PASSED] - Statement - counter = counter + 1: null

2018-12-13 00:57:30 - [TEST_STEP][PASSED] - Statement - PreSaveFile = new java.io.File(((pathPrefix + java.lang.Integer.toString(counter)) + .png)): null

2018-12-13 00:57:30 - [TEST_STEP][PASSED] - Statement - counter = counter + 1: null

2018-12-13 00:57:30 - [TEST_STEP][PASSED] - Statement - PreSaveFile = new java.io.File(((pathPrefix + java.lang.Integer.toString(counter)) + .png)): null

2018-12-13 00:57:30 - [TEST_STEP][PASSED] - Statement - counter = counter + 1: null

2018-12-13 00:57:30 - [TEST_STEP][PASSED] - Statement - PreSaveFile = new java.io.File(((pathPrefix + java.lang.Integer.toString(counter)) + .png)): null

2018-12-13 00:57:30 - [TEST_STEP][PASSED] - Statement - counter = counter + 1: null

2018-12-13 00:57:30 - [TEST_STEP][PASSED] - Statement - PreSaveFile = new java.io.File(((pathPrefix + java.lang.Integer.toString(counter)) + .png)): null

2018-12-13 00:57:30 - [TEST_STEP][PASSED] - Statement - counter = counter + 1: null

2018-12-13 00:57:30 - [TEST_STEP][PASSED] - Statement - PreSaveFile = new java.io.File(((pathPrefix + java.lang.Integer.toString(counter)) + .png)): null

2018-12-13 00:57:30 - [TEST_STEP][PASSED] - Statement - counter = counter + 1: null

2018-12-13 00:57:30 - [TEST_STEP][PASSED] - Statement - PreSaveFile = new java.io.File(((pathPrefix + java.lang.Integer.toString(counter)) + .png)): null

2018-12-13 00:57:30 - [TEST_STEP][PASSED] - Statement - counter = counter + 1: null

2018-12-13 00:57:30 - [TEST_STEP][PASSED] - Statement - PreSaveFile = new java.io.File(((pathPrefix + java.lang.Integer.toString(counter)) + .png)): null

2018-12-13 00:57:30 - [TEST_STEP][PASSED] - Statement - counter = counter + 1: null

2018-12-13 00:57:30 - [TEST_STEP][PASSED] - Statement - PreSaveFile = new java.io.File(((pathPrefix + java.lang.Integer.toString(counter)) + .png)): null

2018-12-13 00:57:30 - [TEST_STEP][PASSED] - Statement - counter = counter + 1: null

2018-12-13 00:57:30 - [TEST_STEP][PASSED] - Statement - PreSaveFile = new java.io.File(((pathPrefix + java.lang.Integer.toString(counter)) + .png)): null

2018-12-13 00:57:30 - [TEST_STEP][PASSED] - Statement - counter = counter + 1: null

2018-12-13 00:57:30 - [TEST_STEP][PASSED] - Statement - PreSaveFile = new java.io.File(((pathPrefix + java.lang.Integer.toString(counter)) + .png)): null

2018-12-13 00:57:30 - [TEST_STEP][PASSED] - Statement - counter = counter + 1: null

2018-12-13 00:57:30 - [TEST_STEP][PASSED] - Statement - PreSaveFile = new java.io.File(((pathPrefix + java.lang.Integer.toString(counter)) + .png)): null

2018-12-13 00:57:30 - [TEST_STEP][PASSED] - Statement - counter = counter + 1: null

2018-12-13 00:57:30 - [TEST_STEP][PASSED] - Statement - PreSaveFile = new java.io.File(((pathPrefix + java.lang.Integer.toString(counter)) + .png)): null

2018-12-13 00:57:30 - [TEST_STEP][PASSED] - Statement - counter = counter + 1: null

2018-12-13 00:57:30 - [TEST_STEP][PASSED] - Statement - PreSaveFile = new java.io.File(((pathPrefix + java.lang.Integer.toString(counter)) + .png)): null

2018-12-13 00:57:30 - [TEST_STEP][PASSED] - Statement - counter = counter + 1: null

2018-12-13 00:57:30 - [TEST_STEP][PASSED] - Statement - PreSaveFile = new java.io.File(((pathPrefix + java.lang.Integer.toString(counter)) + .png)): null

2018-12-13 00:57:30 - [TEST_STEP][PASSED] - Statement - counter = counter + 1: null

2018-12-13 00:57:30 - [TEST_STEP][PASSED] - Statement - PreSaveFile = new java.io.File(((pathPrefix + java.lang.Integer.toString(counter)) + .png)): null

2018-12-13 00:57:30 - [TEST_STEP][PASSED] - Statement - counter = counter + 1: null

2018-12-13 00:57:30 - [TEST_STEP][PASSED] - Statement - PreSaveFile = new java.io.File(((pathPrefix + java.lang.Integer.toString(counter)) + .png)): null

2018-12-13 00:57:30 - [TEST_STEP][PASSED] - Statement - counter = counter + 1: null

2018-12-13 00:57:30 - [TEST_STEP][PASSED] - Statement - PreSaveFile = new java.io.File(((pathPrefix + java.lang.Integer.toString(counter)) + .png)): null

2018-12-13 00:57:30 - [TEST_STEP][PASSED] - Statement - counter = counter + 1: null

2018-12-13 00:57:30 - [TEST_STEP][PASSED] - Statement - PreSaveFile = new java.io.File(((pathPrefix + java.lang.Integer.toString(counter)) + .png)): null

2018-12-13 00:57:30 - [TEST_STEP][PASSED] - Statement - counter = counter + 1: null

2018-12-13 00:57:30 - [TEST_STEP][PASSED] - Statement - PreSaveFile = new java.io.File(((pathPrefix + java.lang.Integer.toString(counter)) + .png)): null

2018-12-13 00:57:30 - [TEST_STEP][PASSED] - Statement - counter = counter + 1: null

2018-12-13 00:57:30 - [TEST_STEP][PASSED] - Statement - PreSaveFile = new java.io.File(((pathPrefix + java.lang.Integer.toString(counter)) + .png)): null

2018-12-13 00:57:30 - [TEST_STEP][PASSED] - Statement - counter = counter + 1: null

2018-12-13 00:57:30 - [TEST_STEP][PASSED] - Statement - PreSaveFile = new java.io.File(((pathPrefix + java.lang.Integer.toString(counter)) + .png)): null

2018-12-13 00:57:30 - [TEST_STEP][PASSED] - Statement - counter = counter + 1: null

2018-12-13 00:57:30 - [TEST_STEP][PASSED] - Statement - PreSaveFile = new java.io.File(((pathPrefix + java.lang.Integer.toString(counter)) + .png)): null

2018-12-13 00:57:30 - [TEST_STEP][PASSED] - Statement - counter = counter + 1: null

2018-12-13 00:57:30 - [TEST_STEP][PASSED] - Statement - PreSaveFile = new java.io.File(((pathPrefix + java.lang.Integer.toString(counter)) + .png)): null

2018-12-13 00:57:30 - [TEST_STEP][PASSED] - Statement - counter = counter + 1: null

2018-12-13 00:57:30 - [TEST_STEP][PASSED] - Statement - PreSaveFile = new java.io.File(((pathPrefix + java.lang.Integer.toString(counter)) + .png)): null

2018-12-13 00:57:30 - [TEST_STEP][PASSED] - Statement - counter = counter + 1: null

2018-12-13 00:57:30 - [TEST_STEP][PASSED] - Statement - PreSaveFile = new java.io.File(((pathPrefix + java.lang.Integer.toString(counter)) + .png)): null

2018-12-13 00:57:30 - [TEST_STEP][PASSED] - Statement - counter = counter + 1: null

2018-12-13 00:57:30 - [TEST_STEP][PASSED] - Statement - PreSaveFile = new java.io.File(((pathPrefix + java.lang.Integer.toString(counter)) + .png)): null

2018-12-13 00:57:30 - [TEST_STEP][PASSED] - Statement - counter = counter + 1: null

2018-12-13 00:57:30 - [TEST_STEP][PASSED] - Statement - PreSaveFile = new java.io.File(((pathPrefix + java.lang.Integer.toString(counter)) + .png)): null

2018-12-13 00:57:30 - [TEST_STEP][PASSED] - Statement - counter = counter + 1: null

2018-12-13 00:57:30 - [TEST_STEP][PASSED] - Statement - PreSaveFile = new java.io.File(((pathPrefix + java.lang.Integer.toString(counter)) + .png)): null

2018-12-13 00:57:30 - [TEST_STEP][PASSED] - Statement - counter = counter + 1: null

2018-12-13 00:57:30 - [TEST_STEP][PASSED] - Statement - PreSaveFile = new java.io.File(((pathPrefix + java.lang.Integer.toString(counter)) + .png)): null

2018-12-13 00:57:30 - [TEST_STEP][PASSED] - Statement - counter = counter + 1: null

2018-12-13 00:57:30 - [TEST_STEP][PASSED] - Statement - PreSaveFile = new java.io.File(((pathPrefix + java.lang.Integer.toString(counter)) + .png)): null

2018-12-13 00:57:30 - [TEST_STEP][PASSED] - Statement - counter = counter + 1: null

2018-12-13 00:57:30 - [TEST_STEP][PASSED] - Statement - PreSaveFile = new java.io.File(((pathPrefix + java.lang.Integer.toString(counter)) + .png)): null

2018-12-13 00:57:30 - [TEST_STEP][PASSED] - Statement - counter = counter + 1: null

2018-12-13 00:57:30 - [TEST_STEP][PASSED] - Statement - PreSaveFile = new java.io.File(((pathPrefix + java.lang.Integer.toString(counter)) + .png)): null

2018-12-13 00:57:30 - [TEST_STEP][PASSED] - Statement - counter = counter + 1: null

2018-12-13 00:57:30 - [TEST_STEP][PASSED] - Statement - PreSaveFile = new java.io.File(((pathPrefix + java.lang.Integer.toString(counter)) + .png)): null

2018-12-13 00:57:30 - [TEST_STEP][PASSED] - Statement - counter = counter + 1: null

2018-12-13 00:57:30 - [TEST_STEP][PASSED] - Statement - PreSaveFile = new java.io.File(((pathPrefix + java.lang.Integer.toString(counter)) + .png)): null

2018-12-13 00:57:30 - [TEST_STEP][PASSED] - Statement - counter = counter + 1: null

2018-12-13 00:57:30 - [TEST_STEP][PASSED] - Statement - PreSaveFile = new java.io.File(((pathPrefix + java.lang.Integer.toString(counter)) + .png)): null

2018-12-13 00:57:30 - [TEST_STEP][PASSED] - Statement - counter = counter + 1: null

2018-12-13 00:57:30 - [TEST_STEP][PASSED] - Statement - PreSaveFile = new java.io.File(((pathPrefix + java.lang.Integer.toString(counter)) + .png)): null

2018-12-13 00:57:30 - [TEST_STEP][PASSED] - Statement - counter = counter + 1: null

2018-12-13 00:57:30 - [TEST_STEP][PASSED] - Statement - PreSaveFile = new java.io.File(((pathPrefix + java.lang.Integer.toString(counter)) + .png)): null

2018-12-13 00:57:30 - [TEST_STEP][PASSED] - Statement - counter = counter + 1: null

2018-12-13 00:57:30 - [TEST_STEP][PASSED] - Statement - PreSaveFile = new java.io.File(((pathPrefix + java.lang.Integer.toString(counter)) + .png)): null

2018-12-13 00:57:30 - [TEST_STEP][PASSED] - Statement - counter = counter + 1: null

2018-12-13 00:57:30 - [TEST_STEP][PASSED] - Statement - PreSaveFile = new java.io.File(((pathPrefix + java.lang.Integer.toString(counter)) + .png)): null

2018-12-13 00:57:30 - [TEST_STEP][PASSED] - Statement - counter = counter + 1: null

2018-12-13 00:57:30 - [TEST_STEP][PASSED] - Statement - PreSaveFile = new java.io.File(((pathPrefix + java.lang.Integer.toString(counter)) + .png)): null

2018-12-13 00:57:30 - [TEST_STEP][PASSED] - Statement - counter = counter + 1: null

2018-12-13 00:57:30 - [TEST_STEP][PASSED] - Statement - PreSaveFile = new java.io.File(((pathPrefix + java.lang.Integer.toString(counter)) + .png)): null

2018-12-13 00:57:30 - [TEST_STEP][PASSED] - Statement - counter = counter + 1: null

2018-12-13 00:57:30 - [TEST_STEP][PASSED] - Statement - PreSaveFile = new java.io.File(((pathPrefix + java.lang.Integer.toString(counter)) + .png)): null

2018-12-13 00:57:30 - [TEST_STEP][PASSED] - Statement - counter = counter + 1: null

2018-12-13 00:57:30 - [TEST_STEP][PASSED] - Statement - PreSaveFile = new java.io.File(((pathPrefix + java.lang.Integer.toString(counter)) + .png)): null

2018-12-13 00:57:30 - [TEST_STEP][PASSED] - Statement - counter = counter + 1: null

2018-12-13 00:57:30 - [TEST_STEP][PASSED] - Statement - PreSaveFile = new java.io.File(((pathPrefix + java.lang.Integer.toString(counter)) + .png)): null

2018-12-13 00:57:30 - [TEST_STEP][PASSED] - Statement - counter = counter + 1: null

2018-12-13 00:57:30 - [TEST_STEP][PASSED] - Statement - PreSaveFile = new java.io.File(((pathPrefix + java.lang.Integer.toString(counter)) + .png)): null

2018-12-13 00:57:30 - [TEST_STEP][PASSED] - Statement - counter = counter + 1: null

2018-12-13 00:57:30 - [TEST_STEP][PASSED] - Statement - PreSaveFile = new java.io.File(((pathPrefix + java.lang.Integer.toString(counter)) + .png)): null

2018-12-13 00:57:30 - [TEST_STEP][PASSED] - Statement - counter = counter + 1: null

2018-12-13 00:57:30 - [TEST_STEP][PASSED] - Statement - PreSaveFile = new java.io.File(((pathPrefix + java.lang.Integer.toString(counter)) + .png)): null

2018-12-13 00:57:30 - [TEST_STEP][PASSED] - Statement - counter = counter + 1: null

2018-12-13 00:57:30 - [TEST_STEP][PASSED] - Statement - PreSaveFile = new java.io.File(((pathPrefix + java.lang.Integer.toString(counter)) + .png)): null

2018-12-13 00:57:30 - [TEST_STEP][PASSED] - Statement - counter = counter + 1: null

2018-12-13 00:57:30 - [TEST_STEP][PASSED] - Statement - PreSaveFile = new java.io.File(((pathPrefix + java.lang.Integer.toString(counter)) + .png)): null

2018-12-13 00:57:30 - [TEST_STEP][PASSED] - Statement - counter = counter + 1: null

2018-12-13 00:57:30 - [TEST_STEP][PASSED] - Statement - PreSaveFile = new java.io.File(((pathPrefix + java.lang.Integer.toString(counter)) + .png)): null

2018-12-13 00:57:30 - [TEST_STEP][PASSED] - Statement - counter = counter + 1: null

2018-12-13 00:57:30 - [TEST_STEP][PASSED] - Statement - PreSaveFile = new java.io.File(((pathPrefix + java.lang.Integer.toString(counter)) + .png)): null

2018-12-13 00:57:30 - [TEST_STEP][PASSED] - Statement - counter = counter + 1: null

2018-12-13 00:57:30 - [TEST_STEP][PASSED] - Statement - PreSaveFile = new java.io.File(((pathPrefix + java.lang.Integer.toString(counter)) + .png)): null

2018-12-13 00:57:30 - [TEST_STEP][PASSED] - Statement - counter = counter + 1: null

2018-12-13 00:57:30 - [TEST_STEP][PASSED] - Statement - PreSaveFile = new java.io.File(((pathPrefix + java.lang.Integer.toString(counter)) + .png)): null

2018-12-13 00:57:30 - [TEST_STEP][PASSED] - Statement - counter = counter + 1: null

2018-12-13 00:57:30 - [TEST_STEP][PASSED] - Statement - PreSaveFile = new java.io.File(((pathPrefix + java.lang.Integer.toString(counter)) + .png)): null

2018-12-13 00:57:30 - [TEST_STEP][PASSED] - Statement - counter = counter + 1: null

2018-12-13 00:57:30 - [TEST_STEP][PASSED] - Statement - PreSaveFile = new java.io.File(((pathPrefix + java.lang.Integer.toString(counter)) + .png)): null

2018-12-13 00:57:30 - [TEST_STEP][PASSED] - Statement - counter = counter + 1: null

2018-12-13 00:57:30 - [TEST_STEP][PASSED] - Statement - PreSaveFile = new java.io.File(((pathPrefix + java.lang.Integer.toString(counter)) + .png)): null

2018-12-13 00:57:30 - [TEST_STEP][PASSED] - Statement - counter = counter + 1: null

2018-12-13 00:57:30 - [TEST_STEP][PASSED] - Statement - PreSaveFile = new java.io.File(((pathPrefix + java.lang.Integer.toString(counter)) + .png)): null

2018-12-13 00:57:30 - [TEST_STEP][PASSED] - Statement - counter = counter + 1: null

2018-12-13 00:57:30 - [TEST_STEP][PASSED] - Statement - PreSaveFile = new java.io.File(((pathPrefix + java.lang.Integer.toString(counter)) + .png)): null

2018-12-13 00:57:30 - [TEST_STEP][PASSED] - Statement - counter = counter + 1: null

2018-12-13 00:57:30 - [TEST_STEP][PASSED] - Statement - PreSaveFile = new java.io.File(((pathPrefix + java.lang.Integer.toString(counter)) + .png)): null

2018-12-13 00:57:30 - [TEST_STEP][PASSED] - Statement - counter = counter + 1: null

2018-12-13 00:57:30 - [TEST_STEP][PASSED] - Statement - PreSaveFile = new java.io.File(((pathPrefix + java.lang.Integer.toString(counter)) + .png)): null

2018-12-13 00:57:30 - [TEST_STEP][PASSED] - Statement - counter = counter + 1: null

2018-12-13 00:57:30 - [TEST_STEP][PASSED] - Statement - PreSaveFile = new java.io.File(((pathPrefix + java.lang.Integer.toString(counter)) + .png)): null

2018-12-13 00:57:30 - [TEST_STEP][PASSED] - Statement - counter = counter + 1: null

2018-12-13 00:57:30 - [TEST_STEP][PASSED] - Statement - PreSaveFile = new java.io.File(((pathPrefix + java.lang.Integer.toString(counter)) + .png)): null

2018-12-13 00:57:30 - [TEST_STEP][PASSED] - Statement - counter = counter + 1: null

2018-12-13 00:57:30 - [TEST_STEP][PASSED] - Statement - PreSaveFile = new java.io.File(((pathPrefix + java.lang.Integer.toString(counter)) + .png)): null

2018-12-13 00:57:30 - [TEST_STEP][PASSED] - Statement - counter = counter + 1: null

2018-12-13 00:57:30 - [TEST_STEP][PASSED] - Statement - PreSaveFile = new java.io.File(((pathPrefix + java.lang.Integer.toString(counter)) + .png)): null

2018-12-13 00:57:30 - [TEST_STEP][PASSED] - Statement - counter = counter + 1: null

2018-12-13 00:57:30 - [TEST_STEP][PASSED] - Statement - PreSaveFile = new java.io.File(((pathPrefix + java.lang.Integer.toString(counter)) + .png)): null

2018-12-13 00:57:30 - [TEST_STEP][PASSED] - Statement - counter = counter + 1: null

2018-12-13 00:57:30 - [TEST_STEP][PASSED] - Statement - PreSaveFile = new java.io.File(((pathPrefix + java.lang.Integer.toString(counter)) + .png)): null

2018-12-13 00:57:30 - [TEST_STEP][PASSED] - Statement - counter = counter + 1: null

2018-12-13 00:57:30 - [TEST_STEP][PASSED] - Statement - PreSaveFile = new java.io.File(((pathPrefix + java.lang.Integer.toString(counter)) + .png)): null

2018-12-13 00:57:30 - [TEST_STEP][PASSED] - Statement - counter = counter + 1: null

2018-12-13 00:57:30 - [TEST_STEP][PASSED] - Statement - PreSaveFile = new java.io.File(((pathPrefix + java.lang.Integer.toString(counter)) + .png)): null

2018-12-13 00:57:30 - [TEST_STEP][PASSED] - Statement - counter = counter + 1: null

2018-12-13 00:57:30 - [TEST_STEP][PASSED] - Statement - PreSaveFile = new java.io.File(((pathPrefix + java.lang.Integer.toString(counter)) + .png)): null

2018-12-13 00:57:30 - [TEST_STEP][PASSED] - Statement - counter = counter + 1: null

2018-12-13 00:57:30 - [TEST_STEP][PASSED] - Statement - PreSaveFile = new java.io.File(((pathPrefix + java.lang.Integer.toString(counter)) + .png)): null

2018-12-13 00:57:30 - [TEST_STEP][PASSED] - Statement - counter = counter + 1: null

2018-12-13 00:57:30 - [TEST_STEP][PASSED] - Statement - PreSaveFile = new java.io.File(((pathPrefix + java.lang.Integer.toString(counter)) + .png)): null

2018-12-13 00:57:30 - [TEST_STEP][PASSED] - Statement - counter = counter + 1: null

2018-12-13 00:57:30 - [TEST_STEP][PASSED] - Statement - PreSaveFile = new java.io.File(((pathPrefix + java.lang.Integer.toString(counter)) + .png)): null

2018-12-13 00:57:30 - [TEST_STEP][PASSED] - Statement - counter = counter + 1: null

2018-12-13 00:57:30 - [TEST_STEP][PASSED] - Statement - PreSaveFile = new java.io.File(((pathPrefix + java.lang.Integer.toString(counter)) + .png)): null

2018-12-13 00:57:30 - [TEST_STEP][PASSED] - Statement - counter = counter + 1: null

2018-12-13 00:57:30 - [TEST_STEP][PASSED] - Statement - PreSaveFile = new java.io.File(((pathPrefix + java.lang.Integer.toString(counter)) + .png)): null

2018-12-13 00:57:30 - [TEST_STEP][PASSED] - Statement - counter = counter + 1: null

2018-12-13 00:57:30 - [TEST_STEP][PASSED] - Statement - PreSaveFile = new java.io.File(((pathPrefix + java.lang.Integer.toString(counter)) + .png)): null

2018-12-13 00:57:30 - [TEST_STEP][PASSED] - Statement - counter = counter + 1: null

2018-12-13 00:57:30 - [TEST_STEP][PASSED] - Statement - PreSaveFile = new java.io.File(((pathPrefix + java.lang.Integer.toString(counter)) + .png)): null

2018-12-13 00:57:30 - [TEST_STEP][PASSED] - Statement - counter = counter + 1: null

2018-12-13 00:57:30 - [TEST_STEP][PASSED] - Statement - PreSaveFile = new java.io.File(((pathPrefix + java.lang.Integer.toString(counter)) + .png)): null

2018-12-13 00:57:30 - [TEST_STEP][PASSED] - Statement - counter = counter + 1: null

2018-12-13 00:57:30 - [TEST_STEP][PASSED] - Statement - PreSaveFile = new java.io.File(((pathPrefix + java.lang.Integer.toString(counter)) + .png)): null

2018-12-13 00:57:30 - [TEST_STEP][PASSED] - Statement - counter = counter + 1: null

2018-12-13 00:57:30 - [TEST_STEP][PASSED] - Statement - PreSaveFile = new java.io.File(((pathPrefix + java.lang.Integer.toString(counter)) + .png)): null

2018-12-13 00:57:30 - [TEST_STEP][PASSED] - Statement - counter = counter + 1: null

2018-12-13 00:57:30 - [TEST_STEP][PASSED] - Statement - PreSaveFile = new java.io.File(((pathPrefix + java.lang.Integer.toString(counter)) + .png)): null

2018-12-13 00:57:30 - [TEST_STEP][PASSED] - Statement - counter = counter + 1: null

2018-12-13 00:57:30 - [TEST_STEP][PASSED] - Statement - PreSaveFile = new java.io.File(((pathPrefix + java.lang.Integer.toString(counter)) + .png)): null

2018-12-13 00:57:30 - [TEST_STEP][PASSED] - Statement - counter = counter + 1: null

2018-12-13 00:57:30 - [TEST_STEP][PASSED] - Statement - PreSaveFile = new java.io.File(((pathPrefix + java.lang.Integer.toString(counter)) + .png)): null

2018-12-13 00:57:30 - [TEST_STEP][PASSED] - Statement - counter = counter + 1: null

2018-12-13 00:57:30 - [TEST_STEP][PASSED] - Statement - PreSaveFile = new java.io.File(((pathPrefix + java.lang.Integer.toString(counter)) + .png)): null

2018-12-13 00:57:30 - [TEST_STEP][PASSED] - Statement - counter = counter + 1: null

2018-12-13 00:57:30 - [TEST_STEP][PASSED] - Statement - PreSaveFile = new java.io.File(((pathPrefix + java.lang.Integer.toString(counter)) + .png)): null

2018-12-13 00:57:30 - [TEST_STEP][PASSED] - Statement - counter = counter + 1: null

2018-12-13 00:57:30 - [TEST_STEP][PASSED] - Statement - PreSaveFile = new java.io.File(((pathPrefix + java.lang.Integer.toString(counter)) + .png)): null

2018-12-13 00:57:30 - [TEST_STEP][PASSED] - Statement - counter = counter + 1: null

2018-12-13 00:57:30 - [TEST_STEP][PASSED] - Statement - PreSaveFile = new java.io.File(((pathPrefix + java.lang.Integer.toString(counter)) + .png)): null

2018-12-13 00:57:30 - [TEST_STEP][PASSED] - Statement - counter = counter + 1: null

2018-12-13 00:57:30 - [TEST_STEP][PASSED] - Statement - PreSaveFile = new java.io.File(((pathPrefix + java.lang.Integer.toString(counter)) + .png)): null

2018-12-13 00:57:30 - [TEST_STEP][PASSED] - Statement - counter = counter + 1: null

2018-12-13 00:57:30 - [TEST_STEP][PASSED] - Statement - PreSaveFile = new java.io.File(((pathPrefix + java.lang.Integer.toString(counter)) + .png)): null

2018-12-13 00:57:30 - [TEST_STEP][PASSED] - Statement - counter = counter + 1: null

2018-12-13 00:57:30 - [TEST_STEP][PASSED] - Statement - PreSaveFile = new java.io.File(((pathPrefix + java.lang.Integer.toString(counter)) + .png)): null

2018-12-13 00:57:30 - [TEST_STEP][PASSED] - Statement - counter = counter + 1: null

2018-12-13 00:57:30 - [TEST_STEP][PASSED] - Statement - PreSaveFile = new java.io.File(((pathPrefix + java.lang.Integer.toString(counter)) + .png)): null

2018-12-13 00:57:30 - [TEST_STEP][PASSED] - Statement - counter = counter + 1: null

2018-12-13 00:57:30 - [TEST_STEP][PASSED] - Statement - PreSaveFile = new java.io.File(((pathPrefix + java.lang.Integer.toString(counter)) + .png)): null

2018-12-13 00:57:30 - [TEST_STEP][PASSED] - Statement - counter = counter + 1: null

2018-12-13 00:57:30 - [TEST_STEP][PASSED] - Statement - PreSaveFile = new java.io.File(((pathPrefix + java.lang.Integer.toString(counter)) + .png)): null

2018-12-13 00:57:30 - [TEST_STEP][PASSED] - Statement - counter = counter + 1: null

2018-12-13 00:57:30 - [TEST_STEP][PASSED] - Statement - PreSaveFile = new java.io.File(((pathPrefix + java.lang.Integer.toString(counter)) + .png)): null

2018-12-13 00:57:30 - [TEST_STEP][PASSED] - Statement - counter = counter + 1: null

2018-12-13 00:57:30 - [TEST_STEP][PASSED] - Statement - PreSaveFile = new java.io.File(((pathPrefix + java.lang.Integer.toString(counter)) + .png)): null

2018-12-13 00:57:30 - [TEST_STEP][PASSED] - Statement - counter = counter + 1: null

2018-12-13 00:57:30 - [TEST_STEP][PASSED] - Statement - PreSaveFile = new java.io.File(((pathPrefix + java.lang.Integer.toString(counter)) + .png)): null

2018-12-13 00:57:30 - [TEST_STEP][PASSED] - Statement - counter = counter + 1: null

2018-12-13 00:57:30 - [TEST_STEP][PASSED] - Statement - PreSaveFile = new java.io.File(((pathPrefix + java.lang.Integer.toString(counter)) + .png)): null

2018-12-13 00:57:30 - [TEST_STEP][PASSED] - Statement - counter = counter + 1: null

2018-12-13 00:57:30 - [TEST_STEP][PASSED] - Statement - PreSaveFile = new java.io.File(((pathPrefix + java.lang.Integer.toString(counter)) + .png)): null

2018-12-13 00:57:30 - [TEST_STEP][PASSED] - Statement - counter = counter + 1: null

2018-12-13 00:57:30 - [TEST_STEP][PASSED] - Statement - PreSaveFile = new java.io.File(((pathPrefix + java.lang.Integer.toString(counter)) + .png)): null

2018-12-13 00:57:30 - [TEST_STEP][PASSED] - Statement - counter = counter + 1: null

2018-12-13 00:57:30 - [TEST_STEP][PASSED] - Statement - PreSaveFile = new java.io.File(((pathPrefix + java.lang.Integer.toString(counter)) + .png)): null

2018-12-13 00:57:30 - [TEST_STEP][PASSED] - Statement - counter = counter + 1: null

2018-12-13 00:57:30 - [TEST_STEP][PASSED] - Statement - PreSaveFile = new java.io.File(((pathPrefix + java.lang.Integer.toString(counter)) + .png)): null

2018-12-13 00:57:30 - [TEST_STEP][PASSED] - Statement - counter = counter + 1: null

2018-12-13 00:57:30 - [TEST_STEP][PASSED] - Statement - PreSaveFile = new java.io.File(((pathPrefix + java.lang.Integer.toString(counter)) + .png)): null

2018-12-13 00:57:30 - [TEST_STEP][PASSED] - Statement - counter = counter + 1: null

2018-12-13 00:57:30 - [TEST_STEP][PASSED] - Statement - PreSaveFile = new java.io.File(((pathPrefix + java.lang.Integer.toString(counter)) + .png)): null

2018-12-13 00:57:30 - [TEST_STEP][PASSED] - Statement - counter = counter + 1: null

2018-12-13 00:57:30 - [TEST_STEP][PASSED] - Statement - PreSaveFile = new java.io.File(((pathPrefix + java.lang.Integer.toString(counter)) + .png)): null

2018-12-13 00:57:30 - [TEST_STEP][PASSED] - Statement - counter = counter + 1: null

2018-12-13 00:57:30 - [TEST_STEP][PASSED] - Statement - PreSaveFile = new java.io.File(((pathPrefix + java.lang.Integer.toString(counter)) + .png)): null

2018-12-13 00:57:30 - [TEST_STEP][PASSED] - Statement - counter = counter + 1: null

2018-12-13 00:57:30 - [TEST_STEP][PASSED] - Statement - PreSaveFile = new java.io.File(((pathPrefix + java.lang.Integer.toString(counter)) + .png)): null

2018-12-13 00:57:30 - [TEST_STEP][PASSED] - Statement - counter = counter + 1: null

2018-12-13 00:57:30 - [TEST_STEP][PASSED] - Statement - PreSaveFile = new java.io.File(((pathPrefix + java.lang.Integer.toString(counter)) + .png)): null

2018-12-13 00:57:30 - [TEST_STEP][PASSED] - Statement - counter = counter + 1: null

2018-12-13 00:57:30 - [TEST_STEP][PASSED] - Statement - PreSaveFile = new java.io.File(((pathPrefix + java.lang.Integer.toString(counter)) + .png)): null

2018-12-13 00:57:30 - [TEST_STEP][PASSED] - Statement - counter = counter + 1: null

2018-12-13 00:57:30 - [TEST_STEP][PASSED] - Statement - PreSaveFile = new java.io.File(((pathPrefix + java.lang.Integer.toString(counter)) + .png)): null

2018-12-13 00:57:30 - [TEST_STEP][PASSED] - Statement - counter = counter + 1: null

2018-12-13 00:57:30 - [TEST_STEP][PASSED] - Statement - PreSaveFile = new java.io.File(((pathPrefix + java.lang.Integer.toString(counter)) + .png)): null

2018-12-13 00:57:30 - [TEST_STEP][PASSED] - Statement - counter = counter + 1: null

2018-12-13 00:57:30 - [TEST_STEP][PASSED] - Statement - PreSaveFile = new java.io.File(((pathPrefix + java.lang.Integer.toString(counter)) + .png)): null

2018-12-13 00:57:30 - [TEST_STEP][PASSED] - Statement - counter = counter + 1: null

2018-12-13 00:57:30 - [TEST_STEP][PASSED] - Statement - PreSaveFile = new java.io.File(((pathPrefix + java.lang.Integer.toString(counter)) + .png)): null

2018-12-13 00:57:30 - [TEST_STEP][PASSED] - Statement - counter = counter + 1: null

2018-12-13 00:57:30 - [TEST_STEP][PASSED] - Statement - PreSaveFile = new java.io.File(((pathPrefix + java.lang.Integer.toString(counter)) + .png)): null

2018-12-13 00:57:30 - [TEST_STEP][PASSED] - Statement - counter = counter + 1: null

2018-12-13 00:57:30 - [TEST_STEP][PASSED] - Statement - PreSaveFile = new java.io.File(((pathPrefix + java.lang.Integer.toString(counter)) + .png)): null

2018-12-13 00:57:30 - [TEST_STEP][PASSED] - Statement - counter = counter + 1: null

2018-12-13 00:57:30 - [TEST_STEP][PASSED] - Statement - PreSaveFile = new java.io.File(((pathPrefix + java.lang.Integer.toString(counter)) + .png)): null

2018-12-13 00:57:30 - [TEST_STEP][PASSED] - Statement - counter = counter + 1: null

2018-12-13 00:57:30 - [TEST_STEP][PASSED] - Statement - PreSaveFile = new java.io.File(((pathPrefix + java.lang.Integer.toString(counter)) + .png)): null

2018-12-13 00:57:30 - [TEST_STEP][PASSED] - Statement - counter = counter + 1: null

2018-12-13 00:57:30 - [TEST_STEP][PASSED] - Statement - PreSaveFile = new java.io.File(((pathPrefix + java.lang.Integer.toString(counter)) + .png)): null

2018-12-13 00:57:30 - [TEST_STEP][PASSED] - Statement - counter = counter + 1: null

2018-12-13 00:57:30 - [TEST_STEP][PASSED] - Statement - PreSaveFile = new java.io.File(((pathPrefix + java.lang.Integer.toString(counter)) + .png)): null

2018-12-13 00:57:30 - [TEST_STEP][PASSED] - Statement - counter = counter + 1: null

2018-12-13 00:57:30 - [TEST_STEP][PASSED] - Statement - PreSaveFile = new java.io.File(((pathPrefix + java.lang.Integer.toString(counter)) + .png)): null

2018-12-13 00:57:30 - [TEST_STEP][PASSED] - Statement - counter = counter + 1: null

2018-12-13 00:57:30 - [TEST_STEP][PASSED] - Statement - PreSaveFile = new java.io.File(((pathPrefix + java.lang.Integer.toString(counter)) + .png)): null

2018-12-13 00:57:30 - [TEST_STEP][PASSED] - Statement - counter = counter + 1: null

2018-12-13 00:57:30 - [TEST_STEP][PASSED] - Statement - PreSaveFile = new java.io.File(((pathPrefix + java.lang.Integer.toString(counter)) + .png)): null

2018-12-13 00:57:30 - [TEST_STEP][PASSED] - Statement - counter = counter + 1: null

2018-12-13 00:57:30 - [TEST_STEP][PASSED] - Statement - PreSaveFile = new java.io.File(((pathPrefix + java.lang.Integer.toString(counter)) + .png)): null

2018-12-13 00:57:30 - [TEST_STEP][PASSED] - Statement - counter = counter + 1: null

2018-12-13 00:57:30 - [TEST_STEP][PASSED] - Statement - PreSaveFile = new java.io.File(((pathPrefix + java.lang.Integer.toString(counter)) + .png)): null

2018-12-13 00:57:30 - [TEST_STEP][PASSED] - Statement - counter = counter + 1: null

2018-12-13 00:57:30 - [TEST_STEP][PASSED] - Statement - PreSaveFile = new java.io.File(((pathPrefix + java.lang.Integer.toString(counter)) + .png)): null

2018-12-13 00:57:30 - [TEST_STEP][PASSED] - Statement - counter = counter + 1: null

2018-12-13 00:57:30 - [TEST_STEP][PASSED] - Statement - PreSaveFile = new java.io.File(((pathPrefix + java.lang.Integer.toString(counter)) + .png)): null

2018-12-13 00:57:30 - [TEST_STEP][PASSED] - Statement - counter = counter + 1: null

2018-12-13 00:57:30 - [TEST_STEP][PASSED] - Statement - PreSaveFile = new java.io.File(((pathPrefix + java.lang.Integer.toString(counter)) + .png)): null

2018-12-13 00:57:30 - [TEST_STEP][PASSED] - Statement - counter = counter + 1: null

2018-12-13 00:57:30 - [TEST_STEP][PASSED] - Statement - PreSaveFile = new java.io.File(((pathPrefix + java.lang.Integer.toString(counter)) + .png)): null

2018-12-13 00:57:30 - [TEST_STEP][PASSED] - Statement - counter = counter + 1: null

2018-12-13 00:57:30 - [TEST_STEP][PASSED] - Statement - PreSaveFile = new java.io.File(((pathPrefix + java.lang.Integer.toString(counter)) + .png)): null

2018-12-13 00:57:30 - [TEST_STEP][PASSED] - Statement - counter = counter + 1: null

2018-12-13 00:57:30 - [TEST_STEP][PASSED] - Statement - PreSaveFile = new java.io.File(((pathPrefix + java.lang.Integer.toString(counter)) + .png)): null

2018-12-13 00:57:30 - [TEST_STEP][PASSED] - Statement - counter = counter + 1: null

2018-12-13 00:57:30 - [TEST_STEP][PASSED] - Statement - PreSaveFile = new java.io.File(((pathPrefix + java.lang.Integer.toString(counter)) + .png)): null

2018-12-13 00:57:30 - [TEST_STEP][PASSED] - Statement - counter = counter + 1: null

2018-12-13 00:57:30 - [TEST_STEP][PASSED] - Statement - PreSaveFile = new java.io.File(((pathPrefix + java.lang.Integer.toString(counter)) + .png)): null

2018-12-13 00:57:30 - [TEST_STEP][PASSED] - Statement - counter = counter + 1: null

2018-12-13 00:57:30 - [TEST_STEP][PASSED] - Statement - PreSaveFile = new java.io.File(((pathPrefix + java.lang.Integer.toString(counter)) + .png)): null

2018-12-13 00:57:30 - [TEST_STEP][PASSED] - Statement - counter = counter + 1: null

2018-12-13 00:57:30 - [TEST_STEP][PASSED] - Statement - PreSaveFile = new java.io.File(((pathPrefix + java.lang.Integer.toString(counter)) + .png)): null

2018-12-13 00:57:30 - [TEST_STEP][PASSED] - Statement - counter = counter + 1: null

2018-12-13 00:57:30 - [TEST_STEP][PASSED] - Statement - PreSaveFile = new java.io.File(((pathPrefix + java.lang.Integer.toString(counter)) + .png)): null

2018-12-13 00:57:30 - [TEST_STEP][PASSED] - Statement - counter = counter + 1: null

2018-12-13 00:57:30 - [TEST_STEP][PASSED] - Statement - PreSaveFile = new java.io.File(((pathPrefix + java.lang.Integer.toString(counter)) + .png)): null

2018-12-13 00:57:30 - [TEST_STEP][PASSED] - Statement - counter = counter + 1: null

2018-12-13 00:57:30 - [TEST_STEP][PASSED] - Statement - PreSaveFile = new java.io.File(((pathPrefix + java.lang.Integer.toString(counter)) + .png)): null

2018-12-13 00:57:30 - [TEST_STEP][PASSED] - Statement - counter = counter + 1: null

2018-12-13 00:57:30 - [TEST_STEP][PASSED] - Statement - PreSaveFile = new java.io.File(((pathPrefix + java.lang.Integer.toString(counter)) + .png)): null

2018-12-13 00:57:30 - [TEST_STEP][PASSED] - Statement - counter = counter + 1: null

2018-12-13 00:57:30 - [TEST_STEP][PASSED] - Statement - PreSaveFile = new java.io.File(((pathPrefix + java.lang.Integer.toString(counter)) + .png)): null

2018-12-13 00:57:30 - [TEST_STEP][PASSED] - Statement - counter = counter + 1: null

2018-12-13 00:57:30 - [TEST_STEP][PASSED] - Statement - PreSaveFile = new java.io.File(((pathPrefix + java.lang.Integer.toString(counter)) + .png)): null

2018-12-13 00:57:30 - [TEST_STEP][PASSED] - Statement - counter = counter + 1: null

2018-12-13 00:57:30 - [TEST_STEP][PASSED] - Statement - PreSaveFile = new java.io.File(((pathPrefix + java.lang.Integer.toString(counter)) + .png)): null

2018-12-13 00:57:30 - [TEST_STEP][PASSED] - Statement - counter = counter + 1: null

2018-12-13 00:57:30 - [TEST_STEP][PASSED] - Statement - PreSaveFile = new java.io.File(((pathPrefix + java.lang.Integer.toString(counter)) + .png)): null

2018-12-13 00:57:30 - [TEST_STEP][PASSED] - Statement - counter = counter + 1: null

2018-12-13 00:57:30 - [TEST_STEP][PASSED] - Statement - PreSaveFile = new java.io.File(((pathPrefix + java.lang.Integer.toString(counter)) + .png)): null

2018-12-13 00:57:30 - [TEST_STEP][PASSED] - Statement - counter = counter + 1: null

2018-12-13 00:57:30 - [TEST_STEP][PASSED] - Statement - PreSaveFile = new java.io.File(((pathPrefix + java.lang.Integer.toString(counter)) + .png)): null

2018-12-13 00:57:30 - [TEST_STEP][PASSED] - Statement - counter = counter + 1: null

2018-12-13 00:57:30 - [TEST_STEP][PASSED] - Statement - PreSaveFile = new java.io.File(((pathPrefix + java.lang.Integer.toString(counter)) + .png)): null

2018-12-13 00:57:30 - [TEST_STEP][PASSED] - Statement - counter = counter + 1: null

2018-12-13 00:57:30 - [TEST_STEP][PASSED] - Statement - PreSaveFile = new java.io.File(((pathPrefix + java.lang.Integer.toString(counter)) + .png)): null

2018-12-13 00:57:30 - [TEST_STEP][PASSED] - Statement - counter = counter + 1: null

2018-12-13 00:57:30 - [TEST_STEP][PASSED] - Statement - PreSaveFile = new java.io.File(((pathPrefix + java.lang.Integer.toString(counter)) + .png)): null

2018-12-13 00:57:30 - [TEST_STEP][PASSED] - Statement - counter = counter + 1: null

2018-12-13 00:57:30 - [TEST_STEP][PASSED] - Statement - PreSaveFile = new java.io.File(((pathPrefix + java.lang.Integer.toString(counter)) + .png)): null

2018-12-13 00:57:30 - [TEST_STEP][PASSED] - Statement - counter = counter + 1: null

2018-12-13 00:57:30 - [TEST_STEP][PASSED] - Statement - PreSaveFile = new java.io.File(((pathPrefix + java.lang.Integer.toString(counter)) + .png)): null

2018-12-13 00:57:30 - [TEST_STEP][PASSED] - Statement - counter = counter + 1: null

2018-12-13 00:57:30 - [TEST_STEP][PASSED] - Statement - PreSaveFile = new java.io.File(((pathPrefix + java.lang.Integer.toString(counter)) + .png)): null

2018-12-13 00:57:30 - [TEST_STEP][PASSED] - Statement - counter = counter + 1: null

2018-12-13 00:57:30 - [TEST_STEP][PASSED] - Statement - PreSaveFile = new java.io.File(((pathPrefix + java.lang.Integer.toString(counter)) + .png)): null

2018-12-13 00:57:30 - [TEST_STEP][PASSED] - Statement - counter = counter + 1: null

2018-12-13 00:57:30 - [TEST_STEP][PASSED] - Statement - PreSaveFile = new java.io.File(((pathPrefix + java.lang.Integer.toString(counter)) + .png)): null

2018-12-13 00:57:30 - [TEST_STEP][PASSED] - Statement - counter = counter + 1: null

2018-12-13 00:57:30 - [TEST_STEP][PASSED] - Statement - PreSaveFile = new java.io.File(((pathPrefix + java.lang.Integer.toString(counter)) + .png)): null

2018-12-13 00:57:30 - [TEST_STEP][PASSED] - Statement - counter = counter + 1: null

2018-12-13 00:57:30 - [TEST_STEP][PASSED] - Statement - PreSaveFile = new java.io.File(((pathPrefix + java.lang.Integer.toString(counter)) + .png)): null

2018-12-13 00:57:30 - [TEST_STEP][PASSED] - Statement - counter = counter + 1: null

2018-12-13 00:57:30 - [TEST_STEP][PASSED] - Statement - PreSaveFile = new java.io.File(((pathPrefix + java.lang.Integer.toString(counter)) + .png)): null

2018-12-13 00:57:30 - [TEST_STEP][PASSED] - Statement - counter = counter + 1: null

2018-12-13 00:57:30 - [TEST_STEP][PASSED] - Statement - PreSaveFile = new java.io.File(((pathPrefix + java.lang.Integer.toString(counter)) + .png)): null

2018-12-13 00:57:30 - [TEST_STEP][PASSED] - Statement - counter = counter + 1: null

2018-12-13 00:57:30 - [TEST_STEP][PASSED] - Statement - PreSaveFile = new java.io.File(((pathPrefix + java.lang.Integer.toString(counter)) + .png)): null

2018-12-13 00:57:30 - [TEST_STEP][PASSED] - Statement - counter = counter + 1: null

2018-12-13 00:57:30 - [TEST_STEP][PASSED] - Statement - PreSaveFile = new java.io.File(((pathPrefix + java.lang.Integer.toString(counter)) + .png)): null

2018-12-13 00:57:30 - [TEST_STEP][PASSED] - Statement - counter = counter + 1: null

2018-12-13 00:57:30 - [TEST_STEP][PASSED] - Statement - PreSaveFile = new java.io.File(((pathPrefix + java.lang.Integer.toString(counter)) + .png)): null

2018-12-13 00:57:30 - [TEST_STEP][PASSED] - Statement - counter = counter + 1: null

2018-12-13 00:57:30 - [TEST_STEP][PASSED] - Statement - PreSaveFile = new java.io.File(((pathPrefix + java.lang.Integer.toString(counter)) + .png)): null

2018-12-13 00:57:30 - [TEST_STEP][PASSED] - Statement - counter = counter + 1: null

2018-12-13 00:57:30 - [TEST_STEP][PASSED] - Statement - PreSaveFile = new java.io.File(((pathPrefix + java.lang.Integer.toString(counter)) + .png)): null

2018-12-13 00:57:30 - [TEST_STEP][PASSED] - Statement - counter = counter + 1: null

2018-12-13 00:57:30 - [TEST_STEP][PASSED] - Statement - PreSaveFile = new java.io.File(((pathPrefix + java.lang.Integer.toString(counter)) + .png)): null

2018-12-13 00:57:30 - [TEST_STEP][PASSED] - Statement - counter = counter + 1: null

2018-12-13 00:57:30 - [TEST_STEP][PASSED] - Statement - PreSaveFile = new java.io.File(((pathPrefix + java.lang.Integer.toString(counter)) + .png)): null

2018-12-13 00:57:30 - [TEST_STEP][PASSED] - Statement - counter = counter + 1: null

2018-12-13 00:57:30 - [TEST_STEP][PASSED] - Statement - PreSaveFile = new java.io.File(((pathPrefix + java.lang.Integer.toString(counter)) + .png)): null

2018-12-13 00:57:30 - [TEST_STEP][PASSED] - Statement - counter = counter + 1: null

2018-12-13 00:57:30 - [TEST_STEP][PASSED] - Statement - PreSaveFile = new java.io.File(((pathPrefix + java.lang.Integer.toString(counter)) + .png)): null

2018-12-13 00:57:30 - [TEST_STEP][PASSED] - Statement - counter = counter + 1: null

2018-12-13 00:57:30 - [TEST_STEP][PASSED] - Statement - PreSaveFile = new java.io.File(((pathPrefix + java.lang.Integer.toString(counter)) + .png)): null

2018-12-13 00:57:30 - [TEST_STEP][PASSED] - Statement - counter = counter + 1: null

2018-12-13 00:57:30 - [TEST_STEP][PASSED] - Statement - PreSaveFile = new java.io.File(((pathPrefix + java.lang.Integer.toString(counter)) + .png)): null

2018-12-13 00:57:30 - [TEST_STEP][PASSED] - Statement - counter = counter + 1: null

2018-12-13 00:57:30 - [TEST_STEP][PASSED] - Statement - PreSaveFile = new java.io.File(((pathPrefix + java.lang.Integer.toString(counter)) + .png)): null

2018-12-13 00:57:30 - [TEST_STEP][PASSED] - Statement - counter = counter + 1: null

2018-12-13 00:57:30 - [TEST_STEP][PASSED] - Statement - PreSaveFile = new java.io.File(((pathPrefix + java.lang.Integer.toString(counter)) + .png)): null

2018-12-13 00:57:30 - [TEST_STEP][PASSED] - Statement - counter = counter + 1: null

2018-12-13 00:57:30 - [TEST_STEP][PASSED] - Statement - PreSaveFile = new java.io.File(((pathPrefix + java.lang.Integer.toString(counter)) + .png)): null

2018-12-13 00:57:30 - [TEST_STEP][PASSED] - Statement - counter = counter + 1: null

2018-12-13 00:57:30 - [TEST_STEP][PASSED] - Statement - PreSaveFile = new java.io.File(((pathPrefix + java.lang.Integer.toString(counter)) + .png)): null

2018-12-13 00:57:30 - [TEST_STEP][PASSED] - Statement - counter = counter + 1: null

2018-12-13 00:57:30 - [TEST_STEP][PASSED] - Statement - PreSaveFile = new java.io.File(((pathPrefix + java.lang.Integer.toString(counter)) + .png)): null

2018-12-13 00:57:30 - [TEST_STEP][PASSED] - Statement - counter = counter + 1: null

2018-12-13 00:57:30 - [TEST_STEP][PASSED] - Statement - PreSaveFile = new java.io.File(((pathPrefix + java.lang.Integer.toString(counter)) + .png)): null

2018-12-13 00:57:30 - [TEST_STEP][PASSED] - Statement - counter = counter + 1: null

2018-12-13 00:57:30 - [TEST_STEP][PASSED] - Statement - PreSaveFile = new java.io.File(((pathPrefix + java.lang.Integer.toString(counter)) + .png)): null

2018-12-13 00:57:30 - [TEST_STEP][PASSED] - Statement - counter = counter + 1: null

2018-12-13 00:57:30 - [TEST_STEP][PASSED] - Statement - PreSaveFile = new java.io.File(((pathPrefix + java.lang.Integer.toString(counter)) + .png)): null

2018-12-13 00:57:30 - [TEST_STEP][PASSED] - Statement - counter = counter + 1: null

2018-12-13 00:57:30 - [TEST_STEP][PASSED] - Statement - PreSaveFile = new java.io.File(((pathPrefix + java.lang.Integer.toString(counter)) + .png)): null

2018-12-13 00:57:30 - [TEST_STEP][PASSED] - Statement - counter = counter + 1: null

2018-12-13 00:57:30 - [TEST_STEP][PASSED] - Statement - PreSaveFile = new java.io.File(((pathPrefix + java.lang.Integer.toString(counter)) + .png)): null

2018-12-13 00:57:30 - [TEST_STEP][PASSED] - Statement - counter = counter + 1: null

2018-12-13 00:57:30 - [TEST_STEP][PASSED] - Statement - PreSaveFile = new java.io.File(((pathPrefix + java.lang.Integer.toString(counter)) + .png)): null

2018-12-13 00:57:30 - [TEST_STEP][PASSED] - Statement - counter = counter + 1: null

2018-12-13 00:57:30 - [TEST_STEP][PASSED] - Statement - PreSaveFile = new java.io.File(((pathPrefix + java.lang.Integer.toString(counter)) + .png)): null

2018-12-13 00:57:30 - [TEST_STEP][PASSED] - Statement - counter = counter + 1: null

2018-12-13 00:57:30 - [TEST_STEP][PASSED] - Statement - PreSaveFile = new java.io.File(((pathPrefix + java.lang.Integer.toString(counter)) + .png)): null

2018-12-13 00:57:30 - [TEST_STEP][PASSED] - Statement - counter = counter + 1: null

2018-12-13 00:57:30 - [TEST_STEP][PASSED] - Statement - PreSaveFile = new java.io.File(((pathPrefix + java.lang.Integer.toString(counter)) + .png)): null

2018-12-13 00:57:30 - [TEST_STEP][PASSED] - Statement - counter = counter + 1: null

2018-12-13 00:57:30 - [TEST_STEP][PASSED] - Statement - PreSaveFile = new java.io.File(((pathPrefix + java.lang.Integer.toString(counter)) + .png)): null

2018-12-13 00:57:30 - [TEST_STEP][PASSED] - Statement - counter = counter + 1: null

2018-12-13 00:57:30 - [TEST_STEP][PASSED] - Statement - PreSaveFile = new java.io.File(((pathPrefix + java.lang.Integer.toString(counter)) + .png)): null

2018-12-13 00:57:30 - [TEST_STEP][PASSED] - Statement - counter = counter + 1: null

2018-12-13 00:57:30 - [TEST_STEP][PASSED] - Statement - PreSaveFile = new java.io.File(((pathPrefix + java.lang.Integer.toString(counter)) + .png)): null

2018-12-13 00:57:30 - [TEST_STEP][PASSED] - Statement - counter = counter + 1: null

2018-12-13 00:57:30 - [TEST_STEP][PASSED] - Statement - PreSaveFile = new java.io.File(((pathPrefix + java.lang.Integer.toString(counter)) + .png)): null

2018-12-13 00:57:30 - [TEST_STEP][PASSED] - Statement - counter = counter + 1: null

2018-12-13 00:57:30 - [TEST_STEP][PASSED] - Statement - PreSaveFile = new java.io.File(((pathPrefix + java.lang.Integer.toString(counter)) + .png)): null

2018-12-13 00:57:30 - [TEST_STEP][PASSED] - Statement - counter = counter + 1: null

2018-12-13 00:57:30 - [TEST_STEP][PASSED] - Statement - PreSaveFile = new java.io.File(((pathPrefix + java.lang.Integer.toString(counter)) + .png)): null

2018-12-13 00:57:30 - [TEST_STEP][PASSED] - Statement - counter = counter + 1: null

2018-12-13 00:57:30 - [TEST_STEP][PASSED] - Statement - PreSaveFile = new java.io.File(((pathPrefix + java.lang.Integer.toString(counter)) + .png)): null

2018-12-13 00:57:30 - [TEST_STEP][PASSED] - Statement - counter = counter + 1: null

2018-12-13 00:57:30 - [TEST_STEP][PASSED] - Statement - PreSaveFile = new java.io.File(((pathPrefix + java.lang.Integer.toString(counter)) + .png)): null

2018-12-13 00:57:30 - [TEST_STEP][PASSED] - Statement - counter = counter + 1: null

2018-12-13 00:57:30 - [TEST_STEP][PASSED] - Statement - PreSaveFile = new java.io.File(((pathPrefix + java.lang.Integer.toString(counter)) + .png)): null

2018-12-13 00:57:30 - [TEST_STEP][PASSED] - Statement - counter = counter + 1: null

2018-12-13 00:57:30 - [TEST_STEP][PASSED] - Statement - PreSaveFile = new java.io.File(((pathPrefix + java.lang.Integer.toString(counter)) + .png)): null

2018-12-13 00:57:30 - [TEST_STEP][PASSED] - Statement - counter = counter + 1: null

2018-12-13 00:57:30 - [TEST_STEP][PASSED] - Statement - PreSaveFile = new java.io.File(((pathPrefix + java.lang.Integer.toString(counter)) + .png)): null

2018-12-13 00:57:30 - [TEST_STEP][PASSED] - Statement - finalPath = pathPrefix + java.lang.Integer.toString(counter) + ".png": null

2018-12-13 00:57:30 - [TEST_STEP][PASSED] - Statement - SaveFile = new java.io.File(finalPath): null

2018-12-13 00:57:30 - [TEST_STEP][PASSED] - Statement - Try: null

2018-12-13 00:57:30 - [TEST_STEP][PASSED] - Statement - org.apache.commons.io.FileUtils.copyFile(scrFile, SaveFile): null

2018-12-13 00:57:30 - [TEST_STEP][PASSED] - Statement - out.println("file kept"): null

2018-12-13 00:57:30 - [TEST_STEP][PASSED] - delay: Delayed 10 second(s)

2018-12-13 00:57:40 - [MESSAGE][PASSED] - Delayed 10 second(s)

2018-12-13 00:57:40 - [MESSAGE][PASSED] - Call Test Case 'Test Cases/Final Aug 2018 - PKS Automation/Registration Module/New Registration/Submit and Screenshot/Submit Registration and Screenshot' successfully

2018-12-13 00:57:40 - [TEST_STEP][PASSED] - callTestCase: Call Test Case 'Test Cases/Final Aug 2018 - PKS Automation/Registration Module/Log Out/log out avoiding katalon tagging' successfully

2018-12-13 00:57:41 - [TEST_CASE][PASSED] - Test Cases/Final Aug 2018 - PKS Automation/Registration Module/Log Out/log out avoiding katalon tagging: Test Cases/Final Aug 2018 - PKS Automation/Registration Module/Log Out/log out avoiding katalon tagging

2018-12-13 00:57:41 - [TEST_STEP][PASSED] - navigateToUrl: Navigate to 'https://assist2-uat.perkeso.gov.my/c/portal/logout' successfully

2018-12-13 00:57:41 - [MESSAGE][PASSED] - Navigate to 'https://assist2-uat.perkeso.gov.my/c/portal/logout' successfully

2018-12-13 00:57:41 - [MESSAGE][PASSED] - Call Test Case 'Test Cases/Final Aug 2018 - PKS Automation/Registration Module/Log Out/log out avoiding katalon tagging' successfully

2018-12-13 00:57:41 - [TEST_STEP][PASSED] - callTestCase: Call Test Case 'Test Cases/Final Aug 2018 - PKS Automation/Common/Workflow Owner Finder' successfully

2018-12-13 00:57:41 - [TEST_CASE][PASSED] - Test Cases/Final Aug 2018 - PKS Automation/Common/Workflow Owner Finder: Test Cases/Final Aug 2018 - PKS Automation/Common/Workflow Owner Finder

2018-12-13 00:57:41 - [TEST_STEP][PASSED] - openBrowser: Browser is opened with url: ''

2018-12-13 00:57:41 - [MESSAGE][WARNING] - A browser is already opened. Closing browser and opening a new one

2018-12-13 00:57:45 - [MESSAGE][PASSED] - Browser is opened with url: ''

2018-12-13 00:57:45 - [TEST_STEP][PASSED] - navigateToUrl: Navigate to 'https://assist2-uat.perkeso.gov.my/login' successfully

2018-12-13 00:57:46 - [MESSAGE][PASSED] - Navigate to 'https://assist2-uat.perkeso.gov.my/login' successfully

2018-12-13 00:57:46 - [TEST_STEP][PASSED] - delay: Delayed 5 second(s)

2018-12-13 00:57:51 - [MESSAGE][PASSED] - Delayed 5 second(s)

2018-12-13 00:57:51 - [TEST_STEP][PASSED] - setText: Text 'test@liferay.com' is set on object 'Object Repository/Final Object Repo/Login Page/Internal User/Email Address'

2018-12-13 00:57:52 - [MESSAGE][PASSED] - Text 'test@liferay.com' is set on object 'Object Repository/Final Object Repo/Login Page/Internal User/Email Address'

2018-12-13 00:57:52 - [TEST_STEP][PASSED] - click: Object: 'Object Repository/Final Object Repo/Login Page/Internal User/Next Button' is clicked on

2018-12-13 00:57:52 - [MESSAGE][PASSED] - Object: 'Object Repository/Final Object Repo/Login Page/Internal User/Next Button' is clicked on

2018-12-13 00:57:52 - [TEST_STEP][PASSED] - delay: Delayed 2 second(s)

2018-12-13 00:57:54 - [MESSAGE][PASSED] - Delayed 2 second(s)

2018-12-13 00:57:54 - [TEST_STEP][PASSED] - setText: Text 'test' is set on object 'Object Repository/Final Object Repo/Login Page/Internal User/Password'

2018-12-13 00:57:54 - [MESSAGE][PASSED] - Text 'test' is set on object 'Object Repository/Final Object Repo/Login Page/Internal User/Password'

2018-12-13 00:57:54 - [TEST_STEP][PASSED] - delay: Delayed 2 second(s)

2018-12-13 00:57:56 - [MESSAGE][PASSED] - Delayed 2 second(s)

2018-12-13 00:57:56 - [TEST_STEP][PASSED] - click: Object: 'Object Repository/Final Object Repo/Login Page/Internal User/Login Button' is clicked on

2018-12-13 00:57:56 - [MESSAGE][PASSED] - Object: 'Object Repository/Final Object Repo/Login Page/Internal User/Login Button' is clicked on

2018-12-13 00:57:56 - [TEST_STEP][PASSED] - Statement - tester = com.kms.katalon.core.testobject.ObjectRepository.findTestObject(Final Object Repo/Landing Page/Select to English): Finding Test Object with id 'Object Repository/Final Object Repo/Landing Page/Select to English'

2018-12-13 00:57:56 - [TEST_STEP][PASSED] - Statement - Try: Delayed 2 second(s)

2018-12-13 00:57:56 - [TEST_STEP][PASSED] - Statement - Checker = com.kms.katalon.core.webui.keyword.WebUiBuiltInKeywords.verifyElementNotPresent(tester, 3): Web element with id: 'Object Repository/Final Object Repo/Landing Page/Select to English' located by 'By.xpath: //a[@class = 'taglib-language-list-text' and @lang = 'en-US' and (contains(text(), 'EN') or contains(., 'EN'))]' is not present after '3' second(s)

2018-12-13 00:57:58 - [MESSAGE][PASSED] - Web element with id: 'Object Repository/Final Object Repo/Landing Page/Select to English' located by 'By.xpath: //a[@class = 'taglib-language-list-text' and @lang = 'en-US' and (contains(text(), 'EN') or contains(., 'EN'))]' is not present after '3' second(s)

2018-12-13 00:57:58 - [TEST_STEP][PASSED] - Statement - If (Checker == false): null

2018-12-13 00:57:58 - [TEST_STEP][PASSED] - delay: Delayed 2 second(s)

2018-12-13 00:58:00 - [MESSAGE][PASSED] - Delayed 2 second(s)

2018-12-13 00:58:00 - [TEST_STEP][PASSED] - delay: Delayed 5 second(s)

2018-12-13 00:58:05 - [MESSAGE][PASSED] - Delayed 5 second(s)

2018-12-13 00:58:05 - [TEST_STEP][PASSED] - mouseOver: Object: 'Object Repository/Final Object Repo/Landing Page/WorkFlow Menu' is hovered

2018-12-13 00:58:05 - [MESSAGE][PASSED] - Object: 'Object Repository/Final Object Repo/Landing Page/WorkFlow Menu' is hovered

2018-12-13 00:58:05 - [TEST_STEP][PASSED] - delay: Delayed 2 second(s)

2018-12-13 00:58:07 - [MESSAGE][PASSED] - Delayed 2 second(s)

2018-12-13 00:58:07 - [TEST_STEP][PASSED] - click: Object: 'Object Repository/Final Object Repo/Landing Page/Select to Workflow Listing' is clicked on

2018-12-13 00:58:08 - [MESSAGE][PASSED] - Object: 'Object Repository/Final Object Repo/Landing Page/Select to Workflow Listing' is clicked on

2018-12-13 00:58:08 - [TEST_STEP][PASSED] - delay: Delayed 2 second(s)

2018-12-13 00:58:10 - [MESSAGE][PASSED] - Delayed 2 second(s)

2018-12-13 00:58:10 - [TEST_STEP][PASSED] - click: Object: 'Object Repository/Final Object Repo/WorkFlow Listing Page/Search Information - To Put Ref No' is clicked on

2018-12-13 00:58:10 - [MESSAGE][PASSED] - Object: 'Object Repository/Final Object Repo/WorkFlow Listing Page/Search Information - To Put Ref No' is clicked on

2018-12-13 00:58:10 - [TEST_STEP][PASSED] - delay: Delayed 2 second(s)

2018-12-13 00:58:12 - [MESSAGE][PASSED] - Delayed 2 second(s)

2018-12-13 00:58:12 - [TEST_STEP][PASSED] - callTestCase: Call Test Case 'Test Cases/Final Aug 2018 - PKS Automation/Common/Reference Number Getter' successfully

2018-12-13 00:58:12 - [TEST_CASE][PASSED] - Test Cases/Final Aug 2018 - PKS Automation/Common/Reference Number Getter: Test Cases/Final Aug 2018 - PKS Automation/Common/Reference Number Getter

2018-12-13 00:58:12 - [TEST_STEP][PASSED] - Statement - Try: null

2018-12-13 00:58:12 - [TEST_STEP][PASSED] - Statement - RefNo = new java.io.File(C://Users//Admin//Desktop//PKS//Automation Reference Point//KatalonReference.txt): null

2018-12-13 00:58:12 - [TEST_STEP][PASSED] - Statement - bufferread = new java.io.BufferedReader(new java.io.FileReader(RefNo)): null

2018-12-13 00:58:12 - [TEST_STEP][PASSED] - Statement - readedVal = bufferread.readLine(): null

2018-12-13 00:58:12 - [TEST_STEP][PASSED] - Statement - out.println(CaseReferenceNo): null

2018-12-13 00:58:12 - [TEST_STEP][PASSED] - Statement - out.println(readedVal): null

2018-12-13 00:58:12 - [TEST_STEP][PASSED] - Statement - CaseReferenceNo = "": null

2018-12-13 00:58:12 - [TEST_STEP][PASSED] - Statement - CaseReferenceNo = readedVal: null

2018-12-13 00:58:12 - [MESSAGE][PASSED] - Call Test Case 'Test Cases/Final Aug 2018 - PKS Automation/Common/Reference Number Getter' successfully

2018-12-13 00:58:12 - [TEST_STEP][PASSED] - setText: Text 'CRN12201800123255' is set on object 'Object Repository/Final Object Repo/WorkFlow Listing Page/Ref No Set Text'

2018-12-13 00:58:13 - [MESSAGE][PASSED] - Text 'CRN12201800123255' is set on object 'Object Repository/Final Object Repo/WorkFlow Listing Page/Ref No Set Text'

2018-12-13 00:58:13 - [TEST_STEP][PASSED] - delay: Delayed 2 second(s)

2018-12-13 00:58:15 - [MESSAGE][PASSED] - Delayed 2 second(s)

2018-12-13 00:58:15 - [TEST_STEP][PASSED] - click: Object: 'Object Repository/Final Object Repo/WorkFlow Listing Page/Search Ref No Search Button' is clicked on

2018-12-13 00:58:15 - [MESSAGE][PASSED] - Object: 'Object Repository/Final Object Repo/WorkFlow Listing Page/Search Ref No Search Button' is clicked on

2018-12-13 00:58:15 - [TEST_STEP][PASSED] - delay: Delayed 6 second(s)

2018-12-13 00:58:21 - [MESSAGE][PASSED] - Delayed 6 second(s)

2018-12-13 00:58:21 - [TEST_STEP][PASSED] - click: Object: 'Object Repository/Final Object Repo/WorkFlow Listing Page/Click Continue Tooltip' is clicked on

2018-12-13 00:58:22 - [MESSAGE][PASSED] - Object: 'Object Repository/Final Object Repo/WorkFlow Listing Page/Click Continue Tooltip' is clicked on

2018-12-13 00:58:22 - [TEST_STEP][PASSED] - delay: Delayed 5 second(s)

2018-12-13 00:58:27 - [MESSAGE][PASSED] - Delayed 5 second(s)

2018-12-13 00:58:27 - [TEST_STEP][PASSED] - doubleClick: Object: 'Object Repository/Final Object Repo/WorkFlow Listing Page/Workflow Found - Listing 1' is double clicked on

2018-12-13 00:58:27 - [MESSAGE][PASSED] - Object: 'Object Repository/Final Object Repo/WorkFlow Listing Page/Workflow Found - Listing 1' is double clicked on

2018-12-13 00:58:27 - [TEST_STEP][PASSED] - Statement - println(OwnerID): null

2018-12-13 00:58:27 - [TEST_STEP][PASSED] - Statement - OwnerID = com.kms.katalon.core.webui.keyword.WebUiBuiltInKeywords.getText(com.kms.katalon.core.testobject.ObjectRepository.findTestObject(Final Object Repo/WorkFlow Listing Page/Workflow Found - Listing 1), STOP_ON_FAILURE): Text of object 'Object Repository/Final Object Repo/WorkFlow Listing Page/Workflow Found - Listing 1' is: 'JOHORro2'

2018-12-13 00:58:27 - [MESSAGE][PASSED] - Text of object 'Object Repository/Final Object Repo/WorkFlow Listing Page/Workflow Found - Listing 1' is: 'JOHORro2'

2018-12-13 00:58:27 - [TEST_STEP][PASSED] - Statement - OwnerID = OwnerID.toLowerCase() + "@gmail.com": null

2018-12-13 00:58:27 - [TEST_STEP][PASSED] - Statement - println(OwnerID): null

2018-12-13 00:58:27 - [TEST_STEP][PASSED] - delay: Delayed 2 second(s)

2018-12-13 00:58:29 - [MESSAGE][PASSED] - Delayed 2 second(s)

2018-12-13 00:58:29 - [MESSAGE][PASSED] - Call Test Case 'Test Cases/Final Aug 2018 - PKS Automation/Common/Workflow Owner Finder' successfully

2018-12-13 00:58:29 - [TEST_STEP][PASSED] - callTestCase: Call Test Case 'Test Cases/Final Aug 2018 - PKS Automation/Registration Module/Log Out/log out avoiding katalon tagging' successfully

2018-12-13 00:58:29 - [TEST_CASE][PASSED] - Test Cases/Final Aug 2018 - PKS Automation/Registration Module/Log Out/log out avoiding katalon tagging: Test Cases/Final Aug 2018 - PKS Automation/Registration Module/Log Out/log out avoiding katalon tagging

2018-12-13 00:58:29 - [TEST_STEP][PASSED] - navigateToUrl: Navigate to 'https://assist2-uat.perkeso.gov.my/c/portal/logout' successfully

2018-12-13 00:58:30 - [MESSAGE][PASSED] - Navigate to 'https://assist2-uat.perkeso.gov.my/c/portal/logout' successfully

2018-12-13 00:58:30 - [MESSAGE][PASSED] - Call Test Case 'Test Cases/Final Aug 2018 - PKS Automation/Registration Module/Log Out/log out avoiding katalon tagging' successfully

2018-12-13 00:58:30 - [TEST_STEP][PASSED] - delay: Delayed 2 second(s)

2018-12-13 00:58:32 - [MESSAGE][PASSED] - Delayed 2 second(s)

2018-12-13 00:58:32 - [TEST_STEP][PASSED] - setText: Text 'johorro2@gmail.com' is set on object 'Object Repository/Final Object Repo/New Registration - Registration Module Pages/New Reg - OTC to RO/Special Case - All Related Objects/Email TextBox'

2018-12-13 00:58:32 - [MESSAGE][PASSED] - Text 'johorro2@gmail.com' is set on object 'Object Repository/Final Object Repo/New Registration - Registration Module Pages/New Reg - OTC to RO/Special Case - All Related Objects/Email TextBox'

2018-12-13 00:58:32 - [TEST_STEP][PASSED] - click: Object: 'Object Repository/Final Object Repo/New Registration - Registration Module Pages/New Reg - OTC to RO/Special Case - All Related Objects/Next Button' is clicked on

2018-12-13 00:58:33 - [MESSAGE][PASSED] - Object: 'Object Repository/Final Object Repo/New Registration - Registration Module Pages/New Reg - OTC to RO/Special Case - All Related Objects/Next Button' is clicked on

2018-12-13 00:58:33 - [TEST_STEP][PASSED] - delay: Delayed 2 second(s)

2018-12-13 00:58:35 - [MESSAGE][PASSED] - Delayed 2 second(s)

2018-12-13 00:58:35 - [TEST_STEP][PASSED] - setText: Text 'Test1@3456789' is set on object 'Object Repository/Final Object Repo/New Registration - Registration Module Pages/New Reg - OTC to RO/Special Case - All Related Objects/Password TextBox'

2018-12-13 00:58:35 - [MESSAGE][PASSED] - Text 'Test1@3456789' is set on object 'Object Repository/Final Object Repo/New Registration - Registration Module Pages/New Reg - OTC to RO/Special Case - All Related Objects/Password TextBox'

2018-12-13 00:58:35 - [TEST_STEP][PASSED] - delay: Delayed 2 second(s)

2018-12-13 00:58:37 - [MESSAGE][PASSED] - Delayed 2 second(s)

2018-12-13 00:58:37 - [TEST_STEP][PASSED] - click: Object: 'Object Repository/Final Object Repo/New Registration - Registration Module Pages/New Reg - OTC to RO/Special Case - All Related Objects/Login Button' is clicked on

2018-12-13 00:58:37 - [MESSAGE][PASSED] - Object: 'Object Repository/Final Object Repo/New Registration - Registration Module Pages/New Reg - OTC to RO/Special Case - All Related Objects/Login Button' is clicked on

2018-12-13 00:58:37 - [TEST_STEP][PASSED] - delay: Delayed 2 second(s)

2018-12-13 00:58:39 - [MESSAGE][PASSED] - Delayed 2 second(s)

2018-12-13 00:58:39 - [TEST_STEP][PASSED] - Statement - Try: null

2018-12-13 00:58:39 - [TEST_STEP][PASSED] - Statement - Checker = com.kms.katalon.core.webui.keyword.WebUiBuiltInKeywords.verifyElementNotPresent("Final Object Repo/Landing Page/Select to English", 3): null

2018-12-13 00:58:39 - [TEST_STEP][PASSED] - Statement - Catch (Exception e): null

2018-12-13 00:58:39 - [TEST_STEP][PASSED] - Statement - e.printStackTrace(): null

2018-12-13 00:58:39 - [TEST_STEP][PASSED] - click: Object: 'Object Repository/Final Object Repo/New Registration - Registration Module Pages/New Reg - OTC to RO/Special Case - All Related Objects/Expand to Search' is clicked on

2018-12-13 00:58:39 - [MESSAGE][PASSED] - Object: 'Object Repository/Final Object Repo/New Registration - Registration Module Pages/New Reg - OTC to RO/Special Case - All Related Objects/Expand to Search' is clicked on

2018-12-13 00:58:39 - [TEST_STEP][FAILED] - setText: Unable to set text 'CRN12201800123255' of object 'Object Repository/Final Object Repo/New Registration - Registration Module Pages/New Reg - OTC to RO/Special Case - All Related Objects/TextBox RefNo in Workbasket' (Root cause: org.openqa.selenium.ElementNotVisibleException: element not interactable
  (Session info: chrome=70.0.3538.110)
  (Driver info: chromedriver=2.43.600210 (68dcf5eebde37173d4027fa8635e332711d2874a),platform=Windows NT 6.1.7601 SP1 x86_64) (WARNING: The server did not provide any stacktrace information)
Command duration or timeout: 0 milliseconds
Build info: version: '3.7.1', revision: '8a0099a', time: '2017-11-06T21:07:36.161Z'
System info: host: 'WIN7TEST02', ip: '10.20.3.72', os.name: 'Windows 7', os.arch: 'amd64', os.version: '6.1', java.version: '1.8.0_181'
Driver info: com.kms.katalon.selenium.driver.CChromeDriver
Capabilities {acceptInsecureCerts: false, acceptSslCerts: false, applicationCacheEnabled: false, browserConnectionEnabled: false, browserName: chrome, chrome: {chromedriverVersion: 2.43.600210 (68dcf5eebde371..., userDataDir: C:\Users\Admin\AppData\Loca...}, cssSelectorsEnabled: true, databaseEnabled: false, goog:chromeOptions: {debuggerAddress: localhost:59963}, handlesAlerts: true, hasTouchScreen: false, javascriptEnabled: true, locationContextEnabled: true, mobileEmulationEnabled: false, nativeEvents: true, networkConnectionEnabled: false, pageLoadStrategy: normal, platform: XP, platformName: XP, rotatable: false, setWindowRect: true, takesHeapSnapshot: true, takesScreenshot: true, unexpectedAlertBehaviour: , unhandledPromptBehavior: , version: 70.0.3538.110, webStorageEnabled: true}
Session ID: 4e696285fe2350b1817d221275150296)

2018-12-13 00:58:40 - [MESSAGE][FAILED] - Unable to set text 'CRN12201800123255' of object 'Object Repository/Final Object Repo/New Registration - Registration Module Pages/New Reg - OTC to RO/Special Case - All Related Objects/TextBox RefNo in Workbasket' (Root cause: org.openqa.selenium.ElementNotVisibleException: element not interactable
  (Session info: chrome=70.0.3538.110)
  (Driver info: chromedriver=2.43.600210 (68dcf5eebde37173d4027fa8635e332711d2874a),platform=Windows NT 6.1.7601 SP1 x86_64) (WARNING: The server did not provide any stacktrace information)
Command duration or timeout: 0 milliseconds
Build info: version: '3.7.1', revision: '8a0099a', time: '2017-11-06T21:07:36.161Z'
System info: host: 'WIN7TEST02', ip: '10.20.3.72', os.name: 'Windows 7', os.arch: 'amd64', os.version: '6.1', java.version: '1.8.0_181'
Driver info: com.kms.katalon.selenium.driver.CChromeDriver
Capabilities {acceptInsecureCerts: false, acceptSslCerts: false, applicationCacheEnabled: false, browserConnectionEnabled: false, browserName: chrome, chrome: {chromedriverVersion: 2.43.600210 (68dcf5eebde371..., userDataDir: C:\Users\Admin\AppData\Loca...}, cssSelectorsEnabled: true, databaseEnabled: false, goog:chromeOptions: {debuggerAddress: localhost:59963}, handlesAlerts: true, hasTouchScreen: false, javascriptEnabled: true, locationContextEnabled: true, mobileEmulationEnabled: false, nativeEvents: true, networkConnectionEnabled: false, pageLoadStrategy: normal, platform: XP, platformName: XP, rotatable: false, setWindowRect: true, takesHeapSnapshot: true, takesScreenshot: true, unexpectedAlertBehaviour: , unhandledPromptBehavior: , version: 70.0.3538.110, webStorageEnabled: true}
Session ID: 4e696285fe2350b1817d221275150296)
[[ATTACHMENT|C:\\Users\\Admin\\Desktop\\PKS\\Perkeso Phase A\\Reports\\Workflow\\New Registration\\20181212_204826\\1544633919863.png]]

2018-12-13 00:58:40 - [TEST_STEP][PASSED] - delay: Delayed 2 second(s)

2018-12-13 00:58:42 - [MESSAGE][PASSED] - Delayed 2 second(s)

2018-12-13 00:58:42 - [TEST_STEP][PASSED] - click: Object: 'Object Repository/Final Object Repo/New Registration - Registration Module Pages/New Reg - OTC to RO/Special Case - All Related Objects/Click Search' is clicked on

2018-12-13 00:58:42 - [MESSAGE][PASSED] - Object: 'Object Repository/Final Object Repo/New Registration - Registration Module Pages/New Reg - OTC to RO/Special Case - All Related Objects/Click Search' is clicked on

2018-12-13 00:58:42 - [TEST_STEP][PASSED] - delay: Delayed 2 second(s)

2018-12-13 00:58:44 - [MESSAGE][PASSED] - Delayed 2 second(s)

2018-12-13 00:58:44 - [TEST_STEP][PASSED] - click: Object: 'Object Repository/Final Object Repo/New Registration - Registration Module Pages/New Reg - OTC to RO/Special Case - All Related Objects/Click to Continue Workflow' is clicked on

2018-12-13 00:58:47 - [MESSAGE][PASSED] - Object: 'Object Repository/Final Object Repo/New Registration - Registration Module Pages/New Reg - OTC to RO/Special Case - All Related Objects/Click to Continue Workflow' is clicked on

2018-12-13 00:58:47 - [TEST_STEP][PASSED] - delay: Delayed 2 second(s)

2018-12-13 00:58:49 - [MESSAGE][PASSED] - Delayed 2 second(s)

2018-12-13 00:58:49 - [TEST_STEP][PASSED] - click: Object: 'Object Repository/Final Object Repo/New Registration - Registration Module Pages/New Reg - OTC to RO/Special Case - All Related Objects/Continue Button in verifying case' is clicked on

2018-12-13 00:58:51 - [MESSAGE][PASSED] - Object: 'Object Repository/Final Object Repo/New Registration - Registration Module Pages/New Reg - OTC to RO/Special Case - All Related Objects/Continue Button in verifying case' is clicked on

2018-12-13 00:58:51 - [TEST_STEP][PASSED] - delay: Delayed 2 second(s)

2018-12-13 00:58:53 - [MESSAGE][PASSED] - Delayed 2 second(s)

2018-12-13 00:58:53 - [TEST_STEP][PASSED] - click: Object: 'Object Repository/Final Object Repo/New Registration - Registration Module Pages/Form 1/Registered As a Branch - Yes' is clicked on

2018-12-13 00:58:53 - [MESSAGE][PASSED] - Object: 'Object Repository/Final Object Repo/New Registration - Registration Module Pages/Form 1/Registered As a Branch - Yes' is clicked on

2018-12-13 00:58:53 - [TEST_STEP][PASSED] - delay: Delayed 2 second(s)

2018-12-13 00:58:55 - [MESSAGE][PASSED] - Delayed 2 second(s)

2018-12-13 00:58:55 - [TEST_STEP][PASSED] - click: Object: 'Object Repository/Final Object Repo/New Registration - Registration Module Pages/New Reg - OTC to RO/Special Case - All Related Objects/Form 1 Save n Continue' is clicked on

2018-12-13 00:58:55 - [MESSAGE][PASSED] - Object: 'Object Repository/Final Object Repo/New Registration - Registration Module Pages/New Reg - OTC to RO/Special Case - All Related Objects/Form 1 Save n Continue' is clicked on

2018-12-13 00:58:55 - [TEST_STEP][PASSED] - delay: Delayed 2 second(s)

2018-12-13 00:58:57 - [MESSAGE][PASSED] - Delayed 2 second(s)

2018-12-13 00:58:57 - [TEST_STEP][PASSED] - click: Object: 'Object Repository/Final Object Repo/New Registration - Registration Module Pages/New Reg - OTC to RO/Special Case - All Related Objects/Form 2 Save n Continue' is clicked on

2018-12-13 00:58:58 - [MESSAGE][PASSED] - Object: 'Object Repository/Final Object Repo/New Registration - Registration Module Pages/New Reg - OTC to RO/Special Case - All Related Objects/Form 2 Save n Continue' is clicked on

2018-12-13 00:58:58 - [TEST_STEP][PASSED] - delay: Delayed 2 second(s)

2018-12-13 00:59:00 - [MESSAGE][PASSED] - Delayed 2 second(s)

2018-12-13 00:59:00 - [TEST_STEP][PASSED] - click: Object: 'Object Repository/Final Object Repo/New Registration - Registration Module Pages/New Reg - OTC to RO/Special Case - All Related Objects/Third Screen Save n Continue' is clicked on

2018-12-13 00:59:05 - [MESSAGE][PASSED] - Object: 'Object Repository/Final Object Repo/New Registration - Registration Module Pages/New Reg - OTC to RO/Special Case - All Related Objects/Third Screen Save n Continue' is clicked on

2018-12-13 00:59:05 - [TEST_STEP][PASSED] - delay: Delayed 5 second(s)

2018-12-13 00:59:10 - [MESSAGE][PASSED] - Delayed 5 second(s)

2018-12-13 00:59:10 - [TEST_STEP][PASSED] - setText: Text 'Query case' is set on object 'Object Repository/Final Object Repo/New Registration - Registration Module Pages/New Reg - OTC to RO/Special Case - All Related Objects/Query Text Input'

2018-12-13 00:59:10 - [MESSAGE][PASSED] - Text 'Query case' is set on object 'Object Repository/Final Object Repo/New Registration - Registration Module Pages/New Reg - OTC to RO/Special Case - All Related Objects/Query Text Input'

2018-12-13 00:59:10 - [TEST_STEP][PASSED] - delay: Delayed 5 second(s)

2018-12-13 00:59:15 - [MESSAGE][PASSED] - Delayed 5 second(s)

2018-12-13 00:59:15 - [TEST_STEP][PASSED] - click: Object: 'Object Repository/Final Object Repo/New Registration - Registration Module Pages/New Reg - OTC to RO/Special Case - All Related Objects/Upload Doc Page Save n Continue' is clicked on

2018-12-13 00:59:15 - [MESSAGE][PASSED] - Object: 'Object Repository/Final Object Repo/New Registration - Registration Module Pages/New Reg - OTC to RO/Special Case - All Related Objects/Upload Doc Page Save n Continue' is clicked on

2018-12-13 00:59:15 - [TEST_STEP][PASSED] - click: Object: 'Object Repository/Final Object Repo/New Registration - Registration Module Pages/New Reg - OTC to RO/Special Case - All Related Objects/Query Button' is clicked on

2018-12-13 00:59:20 - [MESSAGE][PASSED] - Object: 'Object Repository/Final Object Repo/New Registration - Registration Module Pages/New Reg - OTC to RO/Special Case - All Related Objects/Query Button' is clicked on

2018-12-13 00:59:20 - [TEST_STEP][FAILED] - click: Unable to click on object 'Object Repository/Final Object Repo/New Registration - Registration Module Pages/New Reg - OTC to RO/Special Case - All Related Objects/Confirm to Query' (Root cause: org.openqa.selenium.ElementNotVisibleException: element not interactable
  (Session info: chrome=70.0.3538.110)
  (Driver info: chromedriver=2.43.600210 (68dcf5eebde37173d4027fa8635e332711d2874a),platform=Windows NT 6.1.7601 SP1 x86_64) (WARNING: The server did not provide any stacktrace information)
Command duration or timeout: 0 milliseconds
Build info: version: '3.7.1', revision: '8a0099a', time: '2017-11-06T21:07:36.161Z'
System info: host: 'WIN7TEST02', ip: '10.20.3.72', os.name: 'Windows 7', os.arch: 'amd64', os.version: '6.1', java.version: '1.8.0_181'
Driver info: com.kms.katalon.selenium.driver.CChromeDriver
Capabilities {acceptInsecureCerts: false, acceptSslCerts: false, applicationCacheEnabled: false, browserConnectionEnabled: false, browserName: chrome, chrome: {chromedriverVersion: 2.43.600210 (68dcf5eebde371..., userDataDir: C:\Users\Admin\AppData\Loca...}, cssSelectorsEnabled: true, databaseEnabled: false, goog:chromeOptions: {debuggerAddress: localhost:59963}, handlesAlerts: true, hasTouchScreen: false, javascriptEnabled: true, locationContextEnabled: true, mobileEmulationEnabled: false, nativeEvents: true, networkConnectionEnabled: false, pageLoadStrategy: normal, platform: XP, platformName: XP, rotatable: false, setWindowRect: true, takesHeapSnapshot: true, takesScreenshot: true, unexpectedAlertBehaviour: , unhandledPromptBehavior: , version: 70.0.3538.110, webStorageEnabled: true}
Session ID: 4e696285fe2350b1817d221275150296)

2018-12-13 00:59:20 - [MESSAGE][FAILED] - Unable to click on object 'Object Repository/Final Object Repo/New Registration - Registration Module Pages/New Reg - OTC to RO/Special Case - All Related Objects/Confirm to Query' (Root cause: org.openqa.selenium.ElementNotVisibleException: element not interactable
  (Session info: chrome=70.0.3538.110)
  (Driver info: chromedriver=2.43.600210 (68dcf5eebde37173d4027fa8635e332711d2874a),platform=Windows NT 6.1.7601 SP1 x86_64) (WARNING: The server did not provide any stacktrace information)
Command duration or timeout: 0 milliseconds
Build info: version: '3.7.1', revision: '8a0099a', time: '2017-11-06T21:07:36.161Z'
System info: host: 'WIN7TEST02', ip: '10.20.3.72', os.name: 'Windows 7', os.arch: 'amd64', os.version: '6.1', java.version: '1.8.0_181'
Driver info: com.kms.katalon.selenium.driver.CChromeDriver
Capabilities {acceptInsecureCerts: false, acceptSslCerts: false, applicationCacheEnabled: false, browserConnectionEnabled: false, browserName: chrome, chrome: {chromedriverVersion: 2.43.600210 (68dcf5eebde371..., userDataDir: C:\Users\Admin\AppData\Loca...}, cssSelectorsEnabled: true, databaseEnabled: false, goog:chromeOptions: {debuggerAddress: localhost:59963}, handlesAlerts: true, hasTouchScreen: false, javascriptEnabled: true, locationContextEnabled: true, mobileEmulationEnabled: false, nativeEvents: true, networkConnectionEnabled: false, pageLoadStrategy: normal, platform: XP, platformName: XP, rotatable: false, setWindowRect: true, takesHeapSnapshot: true, takesScreenshot: true, unexpectedAlertBehaviour: , unhandledPromptBehavior: , version: 70.0.3538.110, webStorageEnabled: true}
Session ID: 4e696285fe2350b1817d221275150296)
[[ATTACHMENT|C:\\Users\\Admin\\Desktop\\PKS\\Perkeso Phase A\\Reports\\Workflow\\New Registration\\20181212_204826\\1544633960446.png]]

2018-12-13 00:59:20 - [TEST_STEP][PASSED] - callTestCase: Call Test Case 'Test Cases/Final Aug 2018 - PKS Automation/Registration Module/Log Out/log out avoiding katalon tagging' successfully

2018-12-13 00:59:20 - [TEST_CASE][PASSED] - Test Cases/Final Aug 2018 - PKS Automation/Registration Module/Log Out/log out avoiding katalon tagging: Test Cases/Final Aug 2018 - PKS Automation/Registration Module/Log Out/log out avoiding katalon tagging

2018-12-13 00:59:20 - [TEST_STEP][PASSED] - navigateToUrl: Navigate to 'https://assist2-uat.perkeso.gov.my/c/portal/logout' successfully

2018-12-13 00:59:21 - [MESSAGE][PASSED] - Navigate to 'https://assist2-uat.perkeso.gov.my/c/portal/logout' successfully

2018-12-13 00:59:21 - [MESSAGE][PASSED] - Call Test Case 'Test Cases/Final Aug 2018 - PKS Automation/Registration Module/Log Out/log out avoiding katalon tagging' successfully

2018-12-13 00:59:21 - [TEST_STEP][PASSED] - delay: Delayed 2 second(s)

2018-12-13 00:59:23 - [MESSAGE][PASSED] - Delayed 2 second(s)

2018-12-13 00:59:23 - [TEST_STEP][PASSED] - setText: Text 'klotc2@gmail.com' is set on object 'Object Repository/Final Object Repo/Login Page/Internal User/Email Address'

2018-12-13 00:59:23 - [MESSAGE][PASSED] - Text 'klotc2@gmail.com' is set on object 'Object Repository/Final Object Repo/Login Page/Internal User/Email Address'

2018-12-13 00:59:23 - [TEST_STEP][PASSED] - click: Object: 'Object Repository/Final Object Repo/Login Page/Internal User/Next Button' is clicked on

2018-12-13 00:59:24 - [MESSAGE][PASSED] - Object: 'Object Repository/Final Object Repo/Login Page/Internal User/Next Button' is clicked on

2018-12-13 00:59:24 - [TEST_STEP][PASSED] - delay: Delayed 2 second(s)

2018-12-13 00:59:26 - [MESSAGE][PASSED] - Delayed 2 second(s)

2018-12-13 00:59:26 - [TEST_STEP][PASSED] - setText: Text 'Test1@3456789' is set on object 'Object Repository/Final Object Repo/Login Page/Internal User/Password'

2018-12-13 00:59:26 - [MESSAGE][PASSED] - Text 'Test1@3456789' is set on object 'Object Repository/Final Object Repo/Login Page/Internal User/Password'

2018-12-13 00:59:26 - [TEST_STEP][PASSED] - delay: Delayed 2 second(s)

2018-12-13 00:59:28 - [MESSAGE][PASSED] - Delayed 2 second(s)

2018-12-13 00:59:28 - [TEST_STEP][PASSED] - click: Object: 'Object Repository/Final Object Repo/Login Page/Internal User/Login Button' is clicked on

2018-12-13 00:59:28 - [MESSAGE][PASSED] - Object: 'Object Repository/Final Object Repo/Login Page/Internal User/Login Button' is clicked on

2018-12-13 00:59:28 - [TEST_STEP][PASSED] - delay: Delayed 2 second(s)

2018-12-13 00:59:30 - [MESSAGE][PASSED] - Delayed 2 second(s)

2018-12-13 00:59:30 - [TEST_STEP][PASSED] - Statement - Try: null

2018-12-13 00:59:30 - [TEST_STEP][PASSED] - Statement - Checker = com.kms.katalon.core.webui.keyword.WebUiBuiltInKeywords.verifyElementNotPresent("PKS_SIP_Updated_RegModule/Attempt/Page_MyASSIST - ASSIST/Select to English", 3): null

2018-12-13 00:59:30 - [TEST_STEP][PASSED] - Statement - Catch (Exception e): null

2018-12-13 00:59:30 - [TEST_STEP][PASSED] - Statement - e.printStackTrace(): null

2018-12-13 00:59:30 - [TEST_STEP][PASSED] - delay: Delayed 4 second(s)

2018-12-13 00:59:34 - [MESSAGE][PASSED] - Delayed 4 second(s)

2018-12-13 00:59:34 - [TEST_STEP][PASSED] - click: Object: 'Object Repository/Final Object Repo/Landing Page/My Sites Drop Down' is clicked on

2018-12-13 00:59:34 - [MESSAGE][PASSED] - Object: 'Object Repository/Final Object Repo/Landing Page/My Sites Drop Down' is clicked on

2018-12-13 00:59:34 - [TEST_STEP][PASSED] - click: Object: 'Object Repository/Final Object Repo/Landing Page/Select to Registration Module' is clicked on

2018-12-13 00:59:35 - [MESSAGE][PASSED] - Object: 'Object Repository/Final Object Repo/Landing Page/Select to Registration Module' is clicked on

2018-12-13 00:59:35 - [TEST_STEP][PASSED] - delay: Delayed 2 second(s)

2018-12-13 00:59:37 - [MESSAGE][PASSED] - Delayed 2 second(s)

2018-12-13 00:59:37 - [TEST_STEP][PASSED] - mouseOver: Object: 'Object Repository/Final Object Repo/New Registration - Registration Module Pages/New Reg - OTC to RO/Special Case - All Related Objects/Hover Over Search Drop Down' is hovered

2018-12-13 00:59:37 - [MESSAGE][PASSED] - Object: 'Object Repository/Final Object Repo/New Registration - Registration Module Pages/New Reg - OTC to RO/Special Case - All Related Objects/Hover Over Search Drop Down' is hovered

2018-12-13 00:59:37 - [TEST_STEP][PASSED] - click: Object: 'Object Repository/Final Object Repo/New Registration - Registration Module Pages/New Reg - OTC to RO/Special Case - All Related Objects/Select Search Pending Case' is clicked on

2018-12-13 00:59:38 - [MESSAGE][PASSED] - Object: 'Object Repository/Final Object Repo/New Registration - Registration Module Pages/New Reg - OTC to RO/Special Case - All Related Objects/Select Search Pending Case' is clicked on

2018-12-13 00:59:38 - [TEST_STEP][PASSED] - click: Object: 'Object Repository/Final Object Repo/New Registration - Registration Module Pages/New Reg - OTC to RO/Special Case - All Related Objects/Select Searching Method (Employer Code)' is clicked on

2018-12-13 00:59:38 - [MESSAGE][PASSED] - Object: 'Object Repository/Final Object Repo/New Registration - Registration Module Pages/New Reg - OTC to RO/Special Case - All Related Objects/Select Searching Method (Employer Code)' is clicked on

2018-12-13 00:59:38 - [TEST_STEP][PASSED] - click: Object: 'Object Repository/Final Object Repo/New Registration - Registration Module Pages/New Reg - OTC to RO/Special Case - All Related Objects/Select Searching Method to Reference ID' is clicked on

2018-12-13 00:59:38 - [MESSAGE][PASSED] - Object: 'Object Repository/Final Object Repo/New Registration - Registration Module Pages/New Reg - OTC to RO/Special Case - All Related Objects/Select Searching Method to Reference ID' is clicked on

2018-12-13 00:59:38 - [TEST_STEP][PASSED] - setText: Text 'CRN12201800123255' is set on object 'Object Repository/Final Object Repo/New Registration - Registration Module Pages/New Reg - OTC to RO/Special Case - All Related Objects/Pending Case Ref NO'

2018-12-13 00:59:38 - [MESSAGE][PASSED] - Text 'CRN12201800123255' is set on object 'Object Repository/Final Object Repo/New Registration - Registration Module Pages/New Reg - OTC to RO/Special Case - All Related Objects/Pending Case Ref NO'

2018-12-13 00:59:38 - [TEST_STEP][PASSED] - click: Object: 'Object Repository/Final Object Repo/New Registration - Registration Module Pages/New Reg - OTC to RO/Special Case - All Related Objects/Search Pending Case Based on Ref No' is clicked on

2018-12-13 00:59:38 - [MESSAGE][PASSED] - Object: 'Object Repository/Final Object Repo/New Registration - Registration Module Pages/New Reg - OTC to RO/Special Case - All Related Objects/Search Pending Case Based on Ref No' is clicked on

2018-12-13 00:59:38 - [TEST_STEP][FAILED] - click: Unable to click on object 'Object Repository/Final Object Repo/New Registration - Registration Module Pages/New Reg - OTC to RO/Special Case - All Related Objects/Action Button after found case' (Root cause: org.openqa.selenium.InvalidSelectorException: invalid selector: Unable to locate an element with the xpath expression  because of the following error:
SyntaxError: Failed to execute 'evaluate' on 'Document': The string '' is not a valid XPath expression.
  (Session info: chrome=70.0.3538.110)
  (Driver info: chromedriver=2.43.600210 (68dcf5eebde37173d4027fa8635e332711d2874a),platform=Windows NT 6.1.7601 SP1 x86_64) (WARNING: The server did not provide any stacktrace information)
Command duration or timeout: 0 milliseconds
For documentation on this error, please visit: http://seleniumhq.org/exceptions/invalid_selector_exception.html
Build info: version: '3.7.1', revision: '8a0099a', time: '2017-11-06T21:07:36.161Z'
System info: host: 'WIN7TEST02', ip: '10.20.3.72', os.name: 'Windows 7', os.arch: 'amd64', os.version: '6.1', java.version: '1.8.0_181'
Driver info: com.kms.katalon.selenium.driver.CChromeDriver
Capabilities {acceptInsecureCerts: false, acceptSslCerts: false, applicationCacheEnabled: false, browserConnectionEnabled: false, browserName: chrome, chrome: {chromedriverVersion: 2.43.600210 (68dcf5eebde371..., userDataDir: C:\Users\Admin\AppData\Loca...}, cssSelectorsEnabled: true, databaseEnabled: false, goog:chromeOptions: {debuggerAddress: localhost:59963}, handlesAlerts: true, hasTouchScreen: false, javascriptEnabled: true, locationContextEnabled: true, mobileEmulationEnabled: false, nativeEvents: true, networkConnectionEnabled: false, pageLoadStrategy: normal, platform: XP, platformName: XP, rotatable: false, setWindowRect: true, takesHeapSnapshot: true, takesScreenshot: true, unexpectedAlertBehaviour: , unhandledPromptBehavior: , version: 70.0.3538.110, webStorageEnabled: true}
Session ID: 4e696285fe2350b1817d221275150296
*** Element info: {Using=xpath, value=})

2018-12-13 01:00:11 - [MESSAGE][FAILED] - Unable to click on object 'Object Repository/Final Object Repo/New Registration - Registration Module Pages/New Reg - OTC to RO/Special Case - All Related Objects/Action Button after found case' (Root cause: org.openqa.selenium.InvalidSelectorException: invalid selector: Unable to locate an element with the xpath expression  because of the following error:
SyntaxError: Failed to execute 'evaluate' on 'Document': The string '' is not a valid XPath expression.
  (Session info: chrome=70.0.3538.110)
  (Driver info: chromedriver=2.43.600210 (68dcf5eebde37173d4027fa8635e332711d2874a),platform=Windows NT 6.1.7601 SP1 x86_64) (WARNING: The server did not provide any stacktrace information)
Command duration or timeout: 0 milliseconds
For documentation on this error, please visit: http://seleniumhq.org/exceptions/invalid_selector_exception.html
Build info: version: '3.7.1', revision: '8a0099a', time: '2017-11-06T21:07:36.161Z'
System info: host: 'WIN7TEST02', ip: '10.20.3.72', os.name: 'Windows 7', os.arch: 'amd64', os.version: '6.1', java.version: '1.8.0_181'
Driver info: com.kms.katalon.selenium.driver.CChromeDriver
Capabilities {acceptInsecureCerts: false, acceptSslCerts: false, applicationCacheEnabled: false, browserConnectionEnabled: false, browserName: chrome, chrome: {chromedriverVersion: 2.43.600210 (68dcf5eebde371..., userDataDir: C:\Users\Admin\AppData\Loca...}, cssSelectorsEnabled: true, databaseEnabled: false, goog:chromeOptions: {debuggerAddress: localhost:59963}, handlesAlerts: true, hasTouchScreen: false, javascriptEnabled: true, locationContextEnabled: true, mobileEmulationEnabled: false, nativeEvents: true, networkConnectionEnabled: false, pageLoadStrategy: normal, platform: XP, platformName: XP, rotatable: false, setWindowRect: true, takesHeapSnapshot: true, takesScreenshot: true, unexpectedAlertBehaviour: , unhandledPromptBehavior: , version: 70.0.3538.110, webStorageEnabled: true}
Session ID: 4e696285fe2350b1817d221275150296
*** Element info: {Using=xpath, value=})
[[ATTACHMENT|C:\\Users\\Admin\\Desktop\\PKS\\Perkeso Phase A\\Reports\\Workflow\\New Registration\\20181212_204826\\1544634011501.png]]

2018-12-13 01:00:11 - [TEST_STEP][FAILED] - click: Unable to click on object 'Object Repository/Final Object Repo/New Registration - Registration Module Pages/New Reg - OTC to RO/Special Case - All Related Objects/Next Button in Pending Case Form 1' (Root cause: com.kms.katalon.core.webui.exception.WebElementNotFoundException: Web element with id: 'Object Repository/Final Object Repo/New Registration - Registration Module Pages/New Reg - OTC to RO/Special Case - All Related Objects/Next Button in Pending Case Form 1' located by 'By.xpath: //a[@class = 'btn btn-lg blueBtn col-md-2 pull-right browserIdBtn' and (text() = ' NEXT
						' or . = ' NEXT
						')]' not found)

2018-12-13 01:00:45 - [MESSAGE][FAILED] - Unable to click on object 'Object Repository/Final Object Repo/New Registration - Registration Module Pages/New Reg - OTC to RO/Special Case - All Related Objects/Next Button in Pending Case Form 1' (Root cause: com.kms.katalon.core.webui.exception.WebElementNotFoundException: Web element with id: 'Object Repository/Final Object Repo/New Registration - Registration Module Pages/New Reg - OTC to RO/Special Case - All Related Objects/Next Button in Pending Case Form 1' located by 'By.xpath: //a[@class = 'btn btn-lg blueBtn col-md-2 pull-right browserIdBtn' and (text() = ' NEXT
						' or . = ' NEXT
						')]' not found)
[[ATTACHMENT|C:\\Users\\Admin\\Desktop\\PKS\\Perkeso Phase A\\Reports\\Workflow\\New Registration\\20181212_204826\\1544634044852.png]]

2018-12-13 01:00:45 - [TEST_STEP][FAILED] - click: Unable to click on object 'Object Repository/Final Object Repo/New Registration - Registration Module Pages/New Reg - OTC to RO/Special Case - All Related Objects/Next Button in Pending Case Form 2' (Root cause: com.kms.katalon.core.webui.exception.WebElementNotFoundException: Web element with id: 'Object Repository/Final Object Repo/New Registration - Registration Module Pages/New Reg - OTC to RO/Special Case - All Related Objects/Next Button in Pending Case Form 2' located by 'By.xpath: //a[@class = 'btn btn-lg blueBtn col-md-2 pull-right browserIdBtn' and (text() = ' NEXT
				' or . = ' NEXT
				')]' not found)

2018-12-13 01:01:18 - [MESSAGE][FAILED] - Unable to click on object 'Object Repository/Final Object Repo/New Registration - Registration Module Pages/New Reg - OTC to RO/Special Case - All Related Objects/Next Button in Pending Case Form 2' (Root cause: com.kms.katalon.core.webui.exception.WebElementNotFoundException: Web element with id: 'Object Repository/Final Object Repo/New Registration - Registration Module Pages/New Reg - OTC to RO/Special Case - All Related Objects/Next Button in Pending Case Form 2' located by 'By.xpath: //a[@class = 'btn btn-lg blueBtn col-md-2 pull-right browserIdBtn' and (text() = ' NEXT
				' or . = ' NEXT
				')]' not found)
[[ATTACHMENT|C:\\Users\\Admin\\Desktop\\PKS\\Perkeso Phase A\\Reports\\Workflow\\New Registration\\20181212_204826\\1544634077728.png]]

2018-12-13 01:01:18 - [TEST_STEP][FAILED] - click: Unable to click on object 'Object Repository/Final Object Repo/New Registration - Registration Module Pages/New Reg - OTC to RO/Special Case - All Related Objects/Next Button in Third Screen' (Root cause: com.kms.katalon.core.webui.exception.WebElementNotFoundException: Web element with id: 'Object Repository/Final Object Repo/New Registration - Registration Module Pages/New Reg - OTC to RO/Special Case - All Related Objects/Next Button in Third Screen' located by 'By.xpath: //a[@class = 'btn btn-lg blueBtn col-md-2 pull-right browserIdBtn' and (text() = ' NEXT
				' or . = ' NEXT
				')]' not found)

2018-12-13 01:01:51 - [MESSAGE][FAILED] - Unable to click on object 'Object Repository/Final Object Repo/New Registration - Registration Module Pages/New Reg - OTC to RO/Special Case - All Related Objects/Next Button in Third Screen' (Root cause: com.kms.katalon.core.webui.exception.WebElementNotFoundException: Web element with id: 'Object Repository/Final Object Repo/New Registration - Registration Module Pages/New Reg - OTC to RO/Special Case - All Related Objects/Next Button in Third Screen' located by 'By.xpath: //a[@class = 'btn btn-lg blueBtn col-md-2 pull-right browserIdBtn' and (text() = ' NEXT
				' or . = ' NEXT
				')]' not found)
[[ATTACHMENT|C:\\Users\\Admin\\Desktop\\PKS\\Perkeso Phase A\\Reports\\Workflow\\New Registration\\20181212_204826\\1544634111124.png]]

2018-12-13 01:01:51 - [TEST_STEP][FAILED] - click: Unable to click on object 'Object Repository/Final Object Repo/New Registration - Registration Module Pages/New Reg - OTC to RO/Special Case - All Related Objects/Add Document for Pending Case' (Root cause: com.kms.katalon.core.webui.exception.WebElementNotFoundException: Web element with id: 'Object Repository/Final Object Repo/New Registration - Registration Module Pages/New Reg - OTC to RO/Special Case - All Related Objects/Add Document for Pending Case' located by 'By.xpath: //a[@id = '_newreg_WAR_registrationportlet_dialogBtn' and (text() = '
					ADD DOCUMENT
	             ' or . = '
					ADD DOCUMENT
	             ')]' not found)

2018-12-13 01:02:24 - [MESSAGE][FAILED] - Unable to click on object 'Object Repository/Final Object Repo/New Registration - Registration Module Pages/New Reg - OTC to RO/Special Case - All Related Objects/Add Document for Pending Case' (Root cause: com.kms.katalon.core.webui.exception.WebElementNotFoundException: Web element with id: 'Object Repository/Final Object Repo/New Registration - Registration Module Pages/New Reg - OTC to RO/Special Case - All Related Objects/Add Document for Pending Case' located by 'By.xpath: //a[@id = '_newreg_WAR_registrationportlet_dialogBtn' and (text() = '
					ADD DOCUMENT
	             ' or . = '
					ADD DOCUMENT
	             ')]' not found)
[[ATTACHMENT|C:\\Users\\Admin\\Desktop\\PKS\\Perkeso Phase A\\Reports\\Workflow\\New Registration\\20181212_204826\\1544634144530.png]]

2018-12-13 01:02:24 - [TEST_STEP][FAILED] - click: Unable to click on object 'Object Repository/Final Object Repo/New Registration - Registration Module Pages/New Reg - OTC to RO/Special Case - All Related Objects/Upload Pending Doc - Please Select' (Root cause: com.kms.katalon.core.webui.exception.WebElementNotFoundException: Web element with id: 'Object Repository/Final Object Repo/New Registration - Registration Module Pages/New Reg - OTC to RO/Special Case - All Related Objects/Upload Pending Doc - Please Select' located by 'By.xpath: //span[@class = 'select2-selection__rendered' and @id = 'select2-_newreg_WAR_registrationportlet_objdocTypeId-container']' not found)

2018-12-13 01:02:58 - [MESSAGE][FAILED] - Unable to click on object 'Object Repository/Final Object Repo/New Registration - Registration Module Pages/New Reg - OTC to RO/Special Case - All Related Objects/Upload Pending Doc - Please Select' (Root cause: com.kms.katalon.core.webui.exception.WebElementNotFoundException: Web element with id: 'Object Repository/Final Object Repo/New Registration - Registration Module Pages/New Reg - OTC to RO/Special Case - All Related Objects/Upload Pending Doc - Please Select' located by 'By.xpath: //span[@class = 'select2-selection__rendered' and @id = 'select2-_newreg_WAR_registrationportlet_objdocTypeId-container']' not found)
[[ATTACHMENT|C:\\Users\\Admin\\Desktop\\PKS\\Perkeso Phase A\\Reports\\Workflow\\New Registration\\20181212_204826\\1544634177714.png]]

2018-12-13 01:02:58 - [TEST_STEP][FAILED] - click: Unable to click on object 'Object Repository/Final Object Repo/New Registration - Registration Module Pages/New Reg - OTC to RO/Special Case - All Related Objects/Select to Others to Upload' (Root cause: com.kms.katalon.core.webui.exception.WebElementNotFoundException: Web element with id: 'Object Repository/Final Object Repo/New Registration - Registration Module Pages/New Reg - OTC to RO/Special Case - All Related Objects/Select to Others to Upload' located by 'By.xpath: //span/ul/li/span[contains(text(),"Others")]' not found)

2018-12-13 01:03:29 - [MESSAGE][FAILED] - Unable to click on object 'Object Repository/Final Object Repo/New Registration - Registration Module Pages/New Reg - OTC to RO/Special Case - All Related Objects/Select to Others to Upload' (Root cause: com.kms.katalon.core.webui.exception.WebElementNotFoundException: Web element with id: 'Object Repository/Final Object Repo/New Registration - Registration Module Pages/New Reg - OTC to RO/Special Case - All Related Objects/Select to Others to Upload' located by 'By.xpath: //span/ul/li/span[contains(text(),"Others")]' not found)
[[ATTACHMENT|C:\\Users\\Admin\\Desktop\\PKS\\Perkeso Phase A\\Reports\\Workflow\\New Registration\\20181212_204826\\1544634209077.png]]

2018-12-13 01:03:29 - [TEST_STEP][FAILED] - uploadFile: Unable to upload file 'C:\Users\Public\Pictures\Sample Pictures\Koala.jpg' to object 'Object Repository/Final Object Repo/New Registration - Registration Module Pages/New Reg - OTC to RO/Special Case - All Related Objects/Uploading Pending Case Action' (Root cause: com.kms.katalon.core.webui.exception.WebElementNotFoundException: Web element with id: 'Object Repository/Final Object Repo/New Registration - Registration Module Pages/New Reg - OTC to RO/Special Case - All Related Objects/Uploading Pending Case Action' located by 'By.xpath: //input[@id = '_newreg_WAR_registrationportlet_uploadFile' and @name = '_newreg_WAR_registrationportlet_uploadFile' and @type = 'file']' not found)

2018-12-13 01:04:01 - [MESSAGE][FAILED] - Unable to upload file 'C:\Users\Public\Pictures\Sample Pictures\Koala.jpg' to object 'Object Repository/Final Object Repo/New Registration - Registration Module Pages/New Reg - OTC to RO/Special Case - All Related Objects/Uploading Pending Case Action' (Root cause: com.kms.katalon.core.webui.exception.WebElementNotFoundException: Web element with id: 'Object Repository/Final Object Repo/New Registration - Registration Module Pages/New Reg - OTC to RO/Special Case - All Related Objects/Uploading Pending Case Action' located by 'By.xpath: //input[@id = '_newreg_WAR_registrationportlet_uploadFile' and @name = '_newreg_WAR_registrationportlet_uploadFile' and @type = 'file']' not found)
[[ATTACHMENT|C:\\Users\\Admin\\Desktop\\PKS\\Perkeso Phase A\\Reports\\Workflow\\New Registration\\20181212_204826\\1544634240696.png]]

2018-12-13 01:04:01 - [TEST_STEP][FAILED] - click: Unable to click on object 'Object Repository/Final Object Repo/New Registration - Registration Module Pages/New Reg - OTC to RO/Special Case - All Related Objects/Inner form Add Document Button Pending Case' (Root cause: com.kms.katalon.core.webui.exception.WebElementNotFoundException: Web element with id: 'Object Repository/Final Object Repo/New Registration - Registration Module Pages/New Reg - OTC to RO/Special Case - All Related Objects/Inner form Add Document Button Pending Case' located by 'By.xpath: //a[@class = 'btn btn-lg blueBtn col-md-2 pull-right' and @targets = 'baseMsgDivId' and (text() = '
										ADD DOCUMENT
								     ' or . = '
										ADD DOCUMENT
								     ')]' not found)

2018-12-13 01:04:35 - [MESSAGE][FAILED] - Unable to click on object 'Object Repository/Final Object Repo/New Registration - Registration Module Pages/New Reg - OTC to RO/Special Case - All Related Objects/Inner form Add Document Button Pending Case' (Root cause: com.kms.katalon.core.webui.exception.WebElementNotFoundException: Web element with id: 'Object Repository/Final Object Repo/New Registration - Registration Module Pages/New Reg - OTC to RO/Special Case - All Related Objects/Inner form Add Document Button Pending Case' located by 'By.xpath: //a[@class = 'btn btn-lg blueBtn col-md-2 pull-right' and @targets = 'baseMsgDivId' and (text() = '
										ADD DOCUMENT
								     ' or . = '
										ADD DOCUMENT
								     ')]' not found)
[[ATTACHMENT|C:\\Users\\Admin\\Desktop\\PKS\\Perkeso Phase A\\Reports\\Workflow\\New Registration\\20181212_204826\\1544634275286.png]]

2018-12-13 01:04:35 - [TEST_STEP][FAILED] - click: Unable to click on object 'Object Repository/Final Object Repo/New Registration - Registration Module Pages/New Reg - OTC to RO/Special Case - All Related Objects/Pending Case Exit' (Root cause: com.kms.katalon.core.webui.exception.WebElementNotFoundException: Web element with id: 'Object Repository/Final Object Repo/New Registration - Registration Module Pages/New Reg - OTC to RO/Special Case - All Related Objects/Pending Case Exit' located by 'By.xpath: //a[@id = '_newreg_WAR_registrationportlet_exitBtnId' and @class = 'btn btn-lg blueBtn col-md-2 pull-right' and (text() = '
									EXIT
				                ' or . = '
									EXIT
				                ')]' not found)

2018-12-13 01:05:08 - [MESSAGE][FAILED] - Unable to click on object 'Object Repository/Final Object Repo/New Registration - Registration Module Pages/New Reg - OTC to RO/Special Case - All Related Objects/Pending Case Exit' (Root cause: com.kms.katalon.core.webui.exception.WebElementNotFoundException: Web element with id: 'Object Repository/Final Object Repo/New Registration - Registration Module Pages/New Reg - OTC to RO/Special Case - All Related Objects/Pending Case Exit' located by 'By.xpath: //a[@id = '_newreg_WAR_registrationportlet_exitBtnId' and @class = 'btn btn-lg blueBtn col-md-2 pull-right' and (text() = '
									EXIT
				                ' or . = '
									EXIT
				                ')]' not found)
[[ATTACHMENT|C:\\Users\\Admin\\Desktop\\PKS\\Perkeso Phase A\\Reports\\Workflow\\New Registration\\20181212_204826\\1544634308139.png]]

2018-12-13 01:05:08 - [TEST_STEP][PASSED] - callTestCase: Call Test Case 'Test Cases/Final Aug 2018 - PKS Automation/Registration Module/Log Out/log out avoiding katalon tagging' successfully

2018-12-13 01:05:08 - [TEST_CASE][PASSED] - Test Cases/Final Aug 2018 - PKS Automation/Registration Module/Log Out/log out avoiding katalon tagging: Test Cases/Final Aug 2018 - PKS Automation/Registration Module/Log Out/log out avoiding katalon tagging

2018-12-13 01:05:08 - [TEST_STEP][PASSED] - navigateToUrl: Navigate to 'https://assist2-uat.perkeso.gov.my/c/portal/logout' successfully

2018-12-13 01:05:09 - [MESSAGE][PASSED] - Navigate to 'https://assist2-uat.perkeso.gov.my/c/portal/logout' successfully

2018-12-13 01:05:09 - [MESSAGE][PASSED] - Call Test Case 'Test Cases/Final Aug 2018 - PKS Automation/Registration Module/Log Out/log out avoiding katalon tagging' successfully

2018-12-13 01:05:09 - [TEST_STEP][PASSED] - callTestCase: Call Test Case 'Test Cases/Final Aug 2018 - PKS Automation/Common/Workflow Owner Finder' successfully

2018-12-13 01:05:09 - [TEST_CASE][PASSED] - Test Cases/Final Aug 2018 - PKS Automation/Common/Workflow Owner Finder: Test Cases/Final Aug 2018 - PKS Automation/Common/Workflow Owner Finder

2018-12-13 01:05:09 - [TEST_STEP][PASSED] - openBrowser: Browser is opened with url: ''

2018-12-13 01:05:09 - [MESSAGE][WARNING] - A browser is already opened. Closing browser and opening a new one

2018-12-13 01:05:13 - [MESSAGE][PASSED] - Browser is opened with url: ''

2018-12-13 01:05:13 - [TEST_STEP][PASSED] - navigateToUrl: Navigate to 'https://assist2-uat.perkeso.gov.my/login' successfully

2018-12-13 01:05:14 - [MESSAGE][PASSED] - Navigate to 'https://assist2-uat.perkeso.gov.my/login' successfully

2018-12-13 01:05:14 - [TEST_STEP][PASSED] - delay: Delayed 5 second(s)

2018-12-13 01:05:19 - [MESSAGE][PASSED] - Delayed 5 second(s)

2018-12-13 01:05:19 - [TEST_STEP][PASSED] - setText: Text 'test@liferay.com' is set on object 'Object Repository/Final Object Repo/Login Page/Internal User/Email Address'

2018-12-13 01:05:19 - [MESSAGE][PASSED] - Text 'test@liferay.com' is set on object 'Object Repository/Final Object Repo/Login Page/Internal User/Email Address'

2018-12-13 01:05:19 - [TEST_STEP][PASSED] - click: Object: 'Object Repository/Final Object Repo/Login Page/Internal User/Next Button' is clicked on

2018-12-13 01:05:19 - [MESSAGE][PASSED] - Object: 'Object Repository/Final Object Repo/Login Page/Internal User/Next Button' is clicked on

2018-12-13 01:05:19 - [TEST_STEP][PASSED] - delay: Delayed 2 second(s)

2018-12-13 01:05:21 - [MESSAGE][PASSED] - Delayed 2 second(s)

2018-12-13 01:05:21 - [TEST_STEP][PASSED] - setText: Text 'test' is set on object 'Object Repository/Final Object Repo/Login Page/Internal User/Password'

2018-12-13 01:05:22 - [MESSAGE][PASSED] - Text 'test' is set on object 'Object Repository/Final Object Repo/Login Page/Internal User/Password'

2018-12-13 01:05:22 - [TEST_STEP][PASSED] - delay: Delayed 2 second(s)

2018-12-13 01:05:24 - [MESSAGE][PASSED] - Delayed 2 second(s)

2018-12-13 01:05:24 - [TEST_STEP][PASSED] - click: Object: 'Object Repository/Final Object Repo/Login Page/Internal User/Login Button' is clicked on

2018-12-13 01:05:24 - [MESSAGE][PASSED] - Object: 'Object Repository/Final Object Repo/Login Page/Internal User/Login Button' is clicked on

2018-12-13 01:05:24 - [TEST_STEP][PASSED] - Statement - tester = com.kms.katalon.core.testobject.ObjectRepository.findTestObject(Final Object Repo/Landing Page/Select to English): Finding Test Object with id 'Object Repository/Final Object Repo/Landing Page/Select to English'

2018-12-13 01:05:24 - [TEST_STEP][PASSED] - Statement - Try: Delayed 2 second(s)

2018-12-13 01:05:24 - [TEST_STEP][PASSED] - Statement - Checker = com.kms.katalon.core.webui.keyword.WebUiBuiltInKeywords.verifyElementNotPresent(tester, 3): Web element with id: 'Object Repository/Final Object Repo/Landing Page/Select to English' located by 'By.xpath: //a[@class = 'taglib-language-list-text' and @lang = 'en-US' and (contains(text(), 'EN') or contains(., 'EN'))]' is not present after '3' second(s)

2018-12-13 01:05:26 - [MESSAGE][PASSED] - Web element with id: 'Object Repository/Final Object Repo/Landing Page/Select to English' located by 'By.xpath: //a[@class = 'taglib-language-list-text' and @lang = 'en-US' and (contains(text(), 'EN') or contains(., 'EN'))]' is not present after '3' second(s)

2018-12-13 01:05:26 - [TEST_STEP][PASSED] - Statement - If (Checker == false): null

2018-12-13 01:05:26 - [TEST_STEP][PASSED] - delay: Delayed 2 second(s)

2018-12-13 01:05:28 - [MESSAGE][PASSED] - Delayed 2 second(s)

2018-12-13 01:05:28 - [TEST_STEP][PASSED] - delay: Delayed 5 second(s)

2018-12-13 01:05:33 - [MESSAGE][PASSED] - Delayed 5 second(s)

2018-12-13 01:05:33 - [TEST_STEP][PASSED] - mouseOver: Object: 'Object Repository/Final Object Repo/Landing Page/WorkFlow Menu' is hovered

2018-12-13 01:05:33 - [MESSAGE][PASSED] - Object: 'Object Repository/Final Object Repo/Landing Page/WorkFlow Menu' is hovered

2018-12-13 01:05:33 - [TEST_STEP][PASSED] - delay: Delayed 2 second(s)

2018-12-13 01:05:35 - [MESSAGE][PASSED] - Delayed 2 second(s)

2018-12-13 01:05:35 - [TEST_STEP][PASSED] - click: Object: 'Object Repository/Final Object Repo/Landing Page/Select to Workflow Listing' is clicked on

2018-12-13 01:05:36 - [MESSAGE][PASSED] - Object: 'Object Repository/Final Object Repo/Landing Page/Select to Workflow Listing' is clicked on

2018-12-13 01:05:36 - [TEST_STEP][PASSED] - delay: Delayed 2 second(s)

2018-12-13 01:05:38 - [MESSAGE][PASSED] - Delayed 2 second(s)

2018-12-13 01:05:38 - [TEST_STEP][PASSED] - click: Object: 'Object Repository/Final Object Repo/WorkFlow Listing Page/Search Information - To Put Ref No' is clicked on

2018-12-13 01:05:38 - [MESSAGE][PASSED] - Object: 'Object Repository/Final Object Repo/WorkFlow Listing Page/Search Information - To Put Ref No' is clicked on

2018-12-13 01:05:38 - [TEST_STEP][PASSED] - delay: Delayed 2 second(s)

2018-12-13 01:05:40 - [MESSAGE][PASSED] - Delayed 2 second(s)

2018-12-13 01:05:40 - [TEST_STEP][PASSED] - callTestCase: Call Test Case 'Test Cases/Final Aug 2018 - PKS Automation/Common/Reference Number Getter' successfully

2018-12-13 01:05:40 - [TEST_CASE][PASSED] - Test Cases/Final Aug 2018 - PKS Automation/Common/Reference Number Getter: Test Cases/Final Aug 2018 - PKS Automation/Common/Reference Number Getter

2018-12-13 01:05:40 - [TEST_STEP][PASSED] - Statement - Try: null

2018-12-13 01:05:40 - [TEST_STEP][PASSED] - Statement - RefNo = new java.io.File(C://Users//Admin//Desktop//PKS//Automation Reference Point//KatalonReference.txt): null

2018-12-13 01:05:40 - [TEST_STEP][PASSED] - Statement - bufferread = new java.io.BufferedReader(new java.io.FileReader(RefNo)): null

2018-12-13 01:05:40 - [TEST_STEP][PASSED] - Statement - readedVal = bufferread.readLine(): null

2018-12-13 01:05:40 - [TEST_STEP][PASSED] - Statement - out.println(CaseReferenceNo): null

2018-12-13 01:05:40 - [TEST_STEP][PASSED] - Statement - out.println(readedVal): null

2018-12-13 01:05:40 - [TEST_STEP][PASSED] - Statement - CaseReferenceNo = "": null

2018-12-13 01:05:40 - [TEST_STEP][PASSED] - Statement - CaseReferenceNo = readedVal: null

2018-12-13 01:05:40 - [MESSAGE][PASSED] - Call Test Case 'Test Cases/Final Aug 2018 - PKS Automation/Common/Reference Number Getter' successfully

2018-12-13 01:05:40 - [TEST_STEP][PASSED] - setText: Text 'CRN12201800123255' is set on object 'Object Repository/Final Object Repo/WorkFlow Listing Page/Ref No Set Text'

2018-12-13 01:05:41 - [MESSAGE][PASSED] - Text 'CRN12201800123255' is set on object 'Object Repository/Final Object Repo/WorkFlow Listing Page/Ref No Set Text'

2018-12-13 01:05:41 - [TEST_STEP][PASSED] - delay: Delayed 2 second(s)

2018-12-13 01:05:43 - [MESSAGE][PASSED] - Delayed 2 second(s)

2018-12-13 01:05:43 - [TEST_STEP][PASSED] - click: Object: 'Object Repository/Final Object Repo/WorkFlow Listing Page/Search Ref No Search Button' is clicked on

2018-12-13 01:05:43 - [MESSAGE][PASSED] - Object: 'Object Repository/Final Object Repo/WorkFlow Listing Page/Search Ref No Search Button' is clicked on

2018-12-13 01:05:43 - [TEST_STEP][PASSED] - delay: Delayed 6 second(s)

2018-12-13 01:05:49 - [MESSAGE][PASSED] - Delayed 6 second(s)

2018-12-13 01:05:49 - [TEST_STEP][PASSED] - click: Object: 'Object Repository/Final Object Repo/WorkFlow Listing Page/Click Continue Tooltip' is clicked on

2018-12-13 01:05:50 - [MESSAGE][PASSED] - Object: 'Object Repository/Final Object Repo/WorkFlow Listing Page/Click Continue Tooltip' is clicked on

2018-12-13 01:05:50 - [TEST_STEP][PASSED] - delay: Delayed 5 second(s)

2018-12-13 01:05:55 - [MESSAGE][PASSED] - Delayed 5 second(s)

2018-12-13 01:05:55 - [TEST_STEP][PASSED] - doubleClick: Object: 'Object Repository/Final Object Repo/WorkFlow Listing Page/Workflow Found - Listing 1' is double clicked on

2018-12-13 01:05:55 - [MESSAGE][PASSED] - Object: 'Object Repository/Final Object Repo/WorkFlow Listing Page/Workflow Found - Listing 1' is double clicked on

2018-12-13 01:05:55 - [TEST_STEP][PASSED] - Statement - println(OwnerID): null

2018-12-13 01:05:55 - [TEST_STEP][PASSED] - Statement - OwnerID = com.kms.katalon.core.webui.keyword.WebUiBuiltInKeywords.getText(com.kms.katalon.core.testobject.ObjectRepository.findTestObject(Final Object Repo/WorkFlow Listing Page/Workflow Found - Listing 1), STOP_ON_FAILURE): Text of object 'Object Repository/Final Object Repo/WorkFlow Listing Page/Workflow Found - Listing 1' is: 'JOHORro2'

2018-12-13 01:05:55 - [MESSAGE][PASSED] - Text of object 'Object Repository/Final Object Repo/WorkFlow Listing Page/Workflow Found - Listing 1' is: 'JOHORro2'

2018-12-13 01:05:55 - [TEST_STEP][PASSED] - Statement - OwnerID = OwnerID.toLowerCase() + "@gmail.com": null

2018-12-13 01:05:55 - [TEST_STEP][PASSED] - Statement - println(OwnerID): null

2018-12-13 01:05:55 - [TEST_STEP][PASSED] - delay: Delayed 2 second(s)

2018-12-13 01:05:57 - [MESSAGE][PASSED] - Delayed 2 second(s)

2018-12-13 01:05:57 - [MESSAGE][PASSED] - Call Test Case 'Test Cases/Final Aug 2018 - PKS Automation/Common/Workflow Owner Finder' successfully

2018-12-13 01:05:57 - [TEST_STEP][PASSED] - callTestCase: Call Test Case 'Test Cases/Final Aug 2018 - PKS Automation/Registration Module/Log Out/log out avoiding katalon tagging' successfully

2018-12-13 01:05:57 - [TEST_CASE][PASSED] - Test Cases/Final Aug 2018 - PKS Automation/Registration Module/Log Out/log out avoiding katalon tagging: Test Cases/Final Aug 2018 - PKS Automation/Registration Module/Log Out/log out avoiding katalon tagging

2018-12-13 01:05:57 - [TEST_STEP][PASSED] - navigateToUrl: Navigate to 'https://assist2-uat.perkeso.gov.my/c/portal/logout' successfully

2018-12-13 01:05:58 - [MESSAGE][PASSED] - Navigate to 'https://assist2-uat.perkeso.gov.my/c/portal/logout' successfully

2018-12-13 01:05:58 - [MESSAGE][PASSED] - Call Test Case 'Test Cases/Final Aug 2018 - PKS Automation/Registration Module/Log Out/log out avoiding katalon tagging' successfully

2018-12-13 01:05:58 - [TEST_STEP][PASSED] - delay: Delayed 2 second(s)

2018-12-13 01:06:00 - [MESSAGE][PASSED] - Delayed 2 second(s)

2018-12-13 01:06:00 - [TEST_STEP][PASSED] - setText: Text 'johorro2@gmail.com' is set on object 'Object Repository/Final Object Repo/Login Page/Internal User/Email Address'

2018-12-13 01:06:00 - [MESSAGE][PASSED] - Text 'johorro2@gmail.com' is set on object 'Object Repository/Final Object Repo/Login Page/Internal User/Email Address'

2018-12-13 01:06:00 - [TEST_STEP][PASSED] - click: Object: 'Object Repository/Final Object Repo/Login Page/Internal User/Next Button' is clicked on

2018-12-13 01:06:00 - [MESSAGE][PASSED] - Object: 'Object Repository/Final Object Repo/Login Page/Internal User/Next Button' is clicked on

2018-12-13 01:06:00 - [TEST_STEP][PASSED] - delay: Delayed 2 second(s)

2018-12-13 01:06:02 - [MESSAGE][PASSED] - Delayed 2 second(s)

2018-12-13 01:06:02 - [TEST_STEP][PASSED] - setText: Text 'Test1@3456789' is set on object 'Object Repository/Final Object Repo/Login Page/Internal User/Password'

2018-12-13 01:06:03 - [MESSAGE][PASSED] - Text 'Test1@3456789' is set on object 'Object Repository/Final Object Repo/Login Page/Internal User/Password'

2018-12-13 01:06:03 - [TEST_STEP][PASSED] - delay: Delayed 2 second(s)

2018-12-13 01:06:05 - [MESSAGE][PASSED] - Delayed 2 second(s)

2018-12-13 01:06:05 - [TEST_STEP][PASSED] - click: Object: 'Object Repository/Final Object Repo/Login Page/Internal User/Login Button' is clicked on

2018-12-13 01:06:05 - [MESSAGE][PASSED] - Object: 'Object Repository/Final Object Repo/Login Page/Internal User/Login Button' is clicked on

2018-12-13 01:06:05 - [TEST_STEP][PASSED] - delay: Delayed 2 second(s)

2018-12-13 01:06:07 - [MESSAGE][PASSED] - Delayed 2 second(s)

2018-12-13 01:06:07 - [TEST_STEP][PASSED] - Statement - Try: null

2018-12-13 01:06:07 - [TEST_STEP][PASSED] - Statement - Checker = com.kms.katalon.core.webui.keyword.WebUiBuiltInKeywords.verifyElementNotPresent("Final Object Repo/Landing Page/Select to English", 3): null

2018-12-13 01:06:07 - [TEST_STEP][PASSED] - Statement - Catch (Exception e): null

2018-12-13 01:06:07 - [TEST_STEP][PASSED] - Statement - e.printStackTrace(): null

2018-12-13 01:06:07 - [TEST_STEP][PASSED] - click: Object: 'Object Repository/Final Object Repo/New Registration - Registration Module Pages/New Reg - OTC to RO/Special Case - All Related Objects/Expand to Search' is clicked on

2018-12-13 01:06:07 - [MESSAGE][PASSED] - Object: 'Object Repository/Final Object Repo/New Registration - Registration Module Pages/New Reg - OTC to RO/Special Case - All Related Objects/Expand to Search' is clicked on

2018-12-13 01:06:07 - [TEST_STEP][PASSED] - callTestCase: Call Test Case 'Test Cases/Final Aug 2018 - PKS Automation/Common/Reference Number Getter' successfully

2018-12-13 01:06:07 - [TEST_CASE][PASSED] - Test Cases/Final Aug 2018 - PKS Automation/Common/Reference Number Getter: Test Cases/Final Aug 2018 - PKS Automation/Common/Reference Number Getter

2018-12-13 01:06:07 - [TEST_STEP][PASSED] - Statement - Try: null

2018-12-13 01:06:07 - [TEST_STEP][PASSED] - Statement - RefNo = new java.io.File(C://Users//Admin//Desktop//PKS//Automation Reference Point//KatalonReference.txt): null

2018-12-13 01:06:07 - [TEST_STEP][PASSED] - Statement - bufferread = new java.io.BufferedReader(new java.io.FileReader(RefNo)): null

2018-12-13 01:06:07 - [TEST_STEP][PASSED] - Statement - readedVal = bufferread.readLine(): null

2018-12-13 01:06:07 - [TEST_STEP][PASSED] - Statement - out.println(CaseReferenceNo): null

2018-12-13 01:06:07 - [TEST_STEP][PASSED] - Statement - out.println(readedVal): null

2018-12-13 01:06:07 - [TEST_STEP][PASSED] - Statement - CaseReferenceNo = "": null

2018-12-13 01:06:07 - [TEST_STEP][PASSED] - Statement - CaseReferenceNo = readedVal: null

2018-12-13 01:06:07 - [MESSAGE][PASSED] - Call Test Case 'Test Cases/Final Aug 2018 - PKS Automation/Common/Reference Number Getter' successfully

2018-12-13 01:06:07 - [TEST_STEP][PASSED] - setText: Text 'CRN12201800123255' is set on object 'Object Repository/Final Object Repo/New Registration - Registration Module Pages/New Reg - OTC to RO/Special Case - All Related Objects/TextBox RefNo in Workbasket'

2018-12-13 01:06:07 - [MESSAGE][PASSED] - Text 'CRN12201800123255' is set on object 'Object Repository/Final Object Repo/New Registration - Registration Module Pages/New Reg - OTC to RO/Special Case - All Related Objects/TextBox RefNo in Workbasket'

2018-12-13 01:06:07 - [TEST_STEP][PASSED] - delay: Delayed 2 second(s)

2018-12-13 01:06:09 - [MESSAGE][PASSED] - Delayed 2 second(s)

2018-12-13 01:06:09 - [TEST_STEP][PASSED] - click: Object: 'Object Repository/Final Object Repo/New Registration - Registration Module Pages/New Reg - OTC to RO/Special Case - All Related Objects/Click Search' is clicked on

2018-12-13 01:06:09 - [MESSAGE][PASSED] - Object: 'Object Repository/Final Object Repo/New Registration - Registration Module Pages/New Reg - OTC to RO/Special Case - All Related Objects/Click Search' is clicked on

2018-12-13 01:06:09 - [TEST_STEP][PASSED] - delay: Delayed 2 second(s)

2018-12-13 01:06:11 - [MESSAGE][PASSED] - Delayed 2 second(s)

2018-12-13 01:06:11 - [TEST_STEP][PASSED] - click: Object: 'Object Repository/Final Object Repo/New Registration - Registration Module Pages/New Reg - OTC to RO/Special Case - All Related Objects/Click to Continue Workflow' is clicked on

2018-12-13 01:06:15 - [MESSAGE][PASSED] - Object: 'Object Repository/Final Object Repo/New Registration - Registration Module Pages/New Reg - OTC to RO/Special Case - All Related Objects/Click to Continue Workflow' is clicked on

2018-12-13 01:06:15 - [TEST_STEP][PASSED] - delay: Delayed 2 second(s)

2018-12-13 01:06:17 - [MESSAGE][PASSED] - Delayed 2 second(s)

2018-12-13 01:06:17 - [TEST_STEP][PASSED] - click: Object: 'Object Repository/Final Object Repo/New Registration - Registration Module Pages/New Reg - OTC to RO/Special Case - All Related Objects/Continue Button in verifying case' is clicked on

2018-12-13 01:06:19 - [MESSAGE][PASSED] - Object: 'Object Repository/Final Object Repo/New Registration - Registration Module Pages/New Reg - OTC to RO/Special Case - All Related Objects/Continue Button in verifying case' is clicked on

2018-12-13 01:06:19 - [TEST_STEP][PASSED] - delay: Delayed 2 second(s)

2018-12-13 01:06:21 - [MESSAGE][PASSED] - Delayed 2 second(s)

2018-12-13 01:06:21 - [TEST_STEP][PASSED] - click: Object: 'Object Repository/Final Object Repo/New Registration - Registration Module Pages/New Reg - OTC to RO/Special Case - All Related Objects/Form 1 Save n Continue' is clicked on

2018-12-13 01:06:21 - [MESSAGE][PASSED] - Object: 'Object Repository/Final Object Repo/New Registration - Registration Module Pages/New Reg - OTC to RO/Special Case - All Related Objects/Form 1 Save n Continue' is clicked on

2018-12-13 01:06:21 - [TEST_STEP][PASSED] - delay: Delayed 2 second(s)

2018-12-13 01:06:23 - [MESSAGE][PASSED] - Delayed 2 second(s)

2018-12-13 01:06:23 - [TEST_STEP][PASSED] - click: Object: 'Object Repository/Final Object Repo/New Registration - Registration Module Pages/New Reg - OTC to RO/Special Case - All Related Objects/Form 2 Save n Continue' is clicked on

2018-12-13 01:06:23 - [MESSAGE][PASSED] - Object: 'Object Repository/Final Object Repo/New Registration - Registration Module Pages/New Reg - OTC to RO/Special Case - All Related Objects/Form 2 Save n Continue' is clicked on

2018-12-13 01:06:23 - [TEST_STEP][PASSED] - delay: Delayed 2 second(s)

2018-12-13 01:06:25 - [MESSAGE][PASSED] - Delayed 2 second(s)

2018-12-13 01:06:25 - [TEST_STEP][PASSED] - click: Object: 'Object Repository/Final Object Repo/New Registration - Registration Module Pages/New Reg - OTC to RO/Special Case - All Related Objects/Third Screen Save n Continue' is clicked on

2018-12-13 01:06:30 - [MESSAGE][PASSED] - Object: 'Object Repository/Final Object Repo/New Registration - Registration Module Pages/New Reg - OTC to RO/Special Case - All Related Objects/Third Screen Save n Continue' is clicked on

2018-12-13 01:06:30 - [TEST_STEP][PASSED] - delay: Delayed 5 second(s)

2018-12-13 01:06:35 - [MESSAGE][PASSED] - Delayed 5 second(s)

2018-12-13 01:06:35 - [TEST_STEP][PASSED] - click: Object: 'Object Repository/Final Object Repo/New Registration - Registration Module Pages/New Reg - OTC to RO/Special Case - All Related Objects/Upload Doc Page Save n Continue' is clicked on

2018-12-13 01:06:36 - [MESSAGE][PASSED] - Object: 'Object Repository/Final Object Repo/New Registration - Registration Module Pages/New Reg - OTC to RO/Special Case - All Related Objects/Upload Doc Page Save n Continue' is clicked on

2018-12-13 01:06:36 - [TEST_STEP][PASSED] - delay: Delayed 5 second(s)

2018-12-13 01:06:41 - [MESSAGE][PASSED] - Delayed 5 second(s)

2018-12-13 01:06:41 - [TEST_STEP][FAILED] - callTestCase: Unable to call Test Case with id 'Test Cases/Final Aug 2018 - PKS Automation/Registration Module/New Registration/Submit and Screenshot/Submit Registration and Screenshot' (Root cause: Call Test Case 'Test Cases/Final Aug 2018 - PKS Automation/Registration Module/New Registration/Submit and Screenshot/Submit Registration and Screenshot' failed)

2018-12-13 01:06:41 - [TEST_CASE][FAILED] - Test Cases/Final Aug 2018 - PKS Automation/Registration Module/New Registration/Submit and Screenshot/Submit Registration and Screenshot: Test Cases/Final Aug 2018 - PKS Automation/Registration Module/New Registration/Submit and Screenshot/Submit Registration and Screenshot FAILED because (of) (Stack trace: com.kms.katalon.core.exception.StepFailedException: Unable to click on object 'Object Repository/Final Object Repo/New Registration - Registration Module Pages/Third Screen - Upload Supporting Doc- Preview/Preview Submit Button' (Root cause: com.kms.katalon.core.webui.exception.WebElementNotFoundException: Web element with id: 'Object Repository/Final Object Repo/New Registration - Registration Module Pages/Third Screen - Upload Supporting Doc- Preview/Preview Submit Button' located by 'By.xpath: //a[@popupvalidatesubmit = 'true' and @class = 'btn btn-lg blueBtn col-md-2 pull-right browserIdBtn' and (text() = ' SUBMIT
					' or . = ' SUBMIT
					')]' not found)
	at com.kms.katalon.core.keyword.internal.KeywordMain.stepFailed(KeywordMain.groovy:32)
	at com.kms.katalon.core.webui.keyword.internal.WebUIKeywordMain.stepFailed(WebUIKeywordMain.groovy:65)
	at com.kms.katalon.core.webui.keyword.internal.WebUIKeywordMain.runKeyword(WebUIKeywordMain.groovy:27)
	at com.kms.katalon.core.webui.keyword.builtin.ClickKeyword.click(ClickKeyword.groovy:86)
	at com.kms.katalon.core.webui.keyword.builtin.ClickKeyword.execute(ClickKeyword.groovy:67)
	at com.kms.katalon.core.keyword.internal.KeywordExecutor.executeKeywordForPlatform(KeywordExecutor.groovy:53)
	at com.kms.katalon.core.webui.keyword.WebUiBuiltInKeywords.click(WebUiBuiltInKeywords.groovy:616)
	at com.kms.katalon.core.webui.keyword.WebUiBuiltInKeywords$click$2.call(Unknown Source)
	at Script1534476274484.run(Script1534476274484.groovy:32)
	at com.kms.katalon.core.main.ScriptEngine.run(ScriptEngine.java:183)
	at com.kms.katalon.core.main.ScriptEngine.runScriptAsRawText(ScriptEngine.java:108)
	at com.kms.katalon.core.main.TestCaseExecutor.runScript(TestCaseExecutor.java:294)
	at com.kms.katalon.core.main.TestCaseExecutor.doExecute(TestCaseExecutor.java:285)
	at com.kms.katalon.core.main.TestCaseExecutor.processExecutionPhase(TestCaseExecutor.java:264)
	at com.kms.katalon.core.main.TestCaseExecutor.accessMainPhase(TestCaseExecutor.java:256)
	at com.kms.katalon.core.main.TestCaseExecutor.execute(TestCaseExecutor.java:200)
	at com.kms.katalon.core.main.TestCaseMain.runTestCase(TestCaseMain.java:99)
	at com.kms.katalon.core.keyword.builtin.CallTestCaseKeyword$_callTestCase_closure1.doCall(CallTestCaseKeyword.groovy:60)
	at com.kms.katalon.core.keyword.builtin.CallTestCaseKeyword$_callTestCase_closure1.call(CallTestCaseKeyword.groovy)
	at com.kms.katalon.core.keyword.internal.KeywordMain.runKeyword(KeywordMain.groovy:54)
	at com.kms.katalon.core.keyword.builtin.CallTestCaseKeyword.callTestCase(CallTestCaseKeyword.groovy:81)
	at com.kms.katalon.core.keyword.builtin.CallTestCaseKeyword.execute(CallTestCaseKeyword.groovy:45)
	at com.kms.katalon.core.keyword.internal.KeywordExecutor.executeKeywordForPlatform(KeywordExecutor.groovy:53)
	at com.kms.katalon.core.keyword.BuiltinKeywords.callTestCase(BuiltinKeywords.groovy:334)
	at sun.reflect.GeneratedMethodAccessor13.invoke(Unknown Source)
	at sun.reflect.DelegatingMethodAccessorImpl.invoke(DelegatingMethodAccessorImpl.java:43)
	at java.lang.reflect.Method.invoke(Method.java:498)
	at org.codehaus.groovy.reflection.CachedMethod.invoke(CachedMethod.java:93)
	at groovy.lang.MetaMethod.doMethodInvoke(MetaMethod.java:325)
	at groovy.lang.MetaClassImpl.invokeStaticMethod(MetaClassImpl.java:1469)
	at org.codehaus.groovy.runtime.callsite.StaticMetaClassSite.call(StaticMetaClassSite.java:53)
	at org.codehaus.groovy.runtime.callsite.CallSiteArray.defaultCall(CallSiteArray.java:48)
	at org.codehaus.groovy.runtime.callsite.AbstractCallSite.call(AbstractCallSite.java:113)
	at org.codehaus.groovy.runtime.callsite.AbstractCallSite.call(AbstractCallSite.java:141)
	at Script1537248112379.run(Script1537248112379.groovy:276)
	at com.kms.katalon.core.main.ScriptEngine.run(ScriptEngine.java:183)
	at com.kms.katalon.core.main.ScriptEngine.runScriptAsRawText(ScriptEngine.java:108)
	at com.kms.katalon.core.main.TestCaseExecutor.runScript(TestCaseExecutor.java:294)
	at com.kms.katalon.core.main.TestCaseExecutor.doExecute(TestCaseExecutor.java:285)
	at com.kms.katalon.core.main.TestCaseExecutor.processExecutionPhase(TestCaseExecutor.java:264)
	at com.kms.katalon.core.main.TestCaseExecutor.accessMainPhase(TestCaseExecutor.java:256)
	at com.kms.katalon.core.main.TestCaseExecutor.execute(TestCaseExecutor.java:200)
	at com.kms.katalon.core.main.TestSuiteExecutor.accessTestCaseMainPhase(TestSuiteExecutor.java:129)
	at com.kms.katalon.core.main.TestSuiteExecutor.accessTestSuiteMainPhase(TestSuiteExecutor.java:112)
	at com.kms.katalon.core.main.TestSuiteExecutor.execute(TestSuiteExecutor.java:81)
	at com.kms.katalon.core.main.TestCaseMain.startTestSuite(TestCaseMain.java:142)
	at com.kms.katalon.core.main.TestCaseMain$startTestSuite$0.call(Unknown Source)
	at org.codehaus.groovy.runtime.callsite.CallSiteArray.defaultCall(CallSiteArray.java:48)
	at org.codehaus.groovy.runtime.callsite.AbstractCallSite.call(AbstractCallSite.java:113)
	at org.codehaus.groovy.runtime.callsite.AbstractCallSite.call(AbstractCallSite.java:141)
	at TempTestSuite1544618906888.run(TempTestSuite1544618906888.groovy:36)
	at groovy.lang.GroovyShell.runScriptOrMainOrTestOrRunnable(GroovyShell.java:263)
	at groovy.lang.GroovyShell.run(GroovyShell.java:518)
	at groovy.lang.GroovyShell.run(GroovyShell.java:507)
	at groovy.ui.GroovyMain.processOnce(GroovyMain.java:653)
	at groovy.ui.GroovyMain.run(GroovyMain.java:384)
	at groovy.ui.GroovyMain.process(GroovyMain.java:370)
	at groovy.ui.GroovyMain.processArgs(GroovyMain.java:129)
	at groovy.ui.GroovyMain.main(GroovyMain.java:109)
	at sun.reflect.NativeMethodAccessorImpl.invoke0(Native Method)
	at sun.reflect.NativeMethodAccessorImpl.invoke(NativeMethodAccessorImpl.java:62)
	at sun.reflect.DelegatingMethodAccessorImpl.invoke(DelegatingMethodAccessorImpl.java:43)
	at java.lang.reflect.Method.invoke(Method.java:498)
	at org.codehaus.groovy.tools.GroovyStarter.rootLoader(GroovyStarter.java:109)
	at org.codehaus.groovy.tools.GroovyStarter.main(GroovyStarter.java:131)
)

2018-12-13 01:06:41 - [TEST_STEP][PASSED] - delay: Delayed 6 second(s)

2018-12-13 01:06:47 - [MESSAGE][PASSED] - Delayed 6 second(s)

2018-12-13 01:06:47 - [TEST_STEP][FAILED] - click: Unable to click on object 'Object Repository/Final Object Repo/New Registration - Registration Module Pages/Third Screen - Upload Supporting Doc- Preview/Preview Submit Button' (Root cause: com.kms.katalon.core.webui.exception.WebElementNotFoundException: Web element with id: 'Object Repository/Final Object Repo/New Registration - Registration Module Pages/Third Screen - Upload Supporting Doc- Preview/Preview Submit Button' located by 'By.xpath: //a[@popupvalidatesubmit = 'true' and @class = 'btn btn-lg blueBtn col-md-2 pull-right browserIdBtn' and (text() = ' SUBMIT
					' or . = ' SUBMIT
					')]' not found)

2018-12-13 01:07:23 - [MESSAGE][FAILED] - Unable to click on object 'Object Repository/Final Object Repo/New Registration - Registration Module Pages/Third Screen - Upload Supporting Doc- Preview/Preview Submit Button' (Root cause: com.kms.katalon.core.webui.exception.WebElementNotFoundException: Web element with id: 'Object Repository/Final Object Repo/New Registration - Registration Module Pages/Third Screen - Upload Supporting Doc- Preview/Preview Submit Button' located by 'By.xpath: //a[@popupvalidatesubmit = 'true' and @class = 'btn btn-lg blueBtn col-md-2 pull-right browserIdBtn' and (text() = ' SUBMIT
					' or . = ' SUBMIT
					')]' not found)
[[ATTACHMENT|C:\\Users\\Admin\\Desktop\\PKS\\Perkeso Phase A\\Reports\\Workflow\\New Registration\\20181212_204826\\1544634442886.png]]

2018-12-13 01:07:23 - [TEST_STEP][PASSED] - delay: Delayed 2 second(s)

2018-12-13 01:07:25 - [MESSAGE][PASSED] - Delayed 2 second(s)

2018-12-13 01:07:25 - [TEST_STEP][FAILED] - click: Unable to click on object 'Object Repository/Final Object Repo/New Registration - Registration Module Pages/Third Screen - Upload Supporting Doc- Preview/Preview Submit - Confirm' (Root cause: com.kms.katalon.core.webui.exception.WebElementNotFoundException: Web element with id: 'Object Repository/Final Object Repo/New Registration - Registration Module Pages/Third Screen - Upload Supporting Doc- Preview/Preview Submit - Confirm' located by 'By.xpath: //span[@id = 'confirmword' and (text() = 'CONFIRM' or . = 'CONFIRM')]' not found)

2018-12-13 01:07:57 - [MESSAGE][FAILED] - Unable to click on object 'Object Repository/Final Object Repo/New Registration - Registration Module Pages/Third Screen - Upload Supporting Doc- Preview/Preview Submit - Confirm' (Root cause: com.kms.katalon.core.webui.exception.WebElementNotFoundException: Web element with id: 'Object Repository/Final Object Repo/New Registration - Registration Module Pages/Third Screen - Upload Supporting Doc- Preview/Preview Submit - Confirm' located by 'By.xpath: //span[@id = 'confirmword' and (text() = 'CONFIRM' or . = 'CONFIRM')]' not found)
[[ATTACHMENT|C:\\Users\\Admin\\Desktop\\PKS\\Perkeso Phase A\\Reports\\Workflow\\New Registration\\20181212_204826\\1544634477114.png]]

2018-12-13 01:07:57 - [TEST_STEP][PASSED] - delay: Delayed 15 second(s)

2018-12-13 01:08:12 - [MESSAGE][PASSED] - Delayed 15 second(s)

2018-12-13 01:08:12 - [TEST_STEP][PASSED] - Statement - driver = com.kms.katalon.core.webui.driver.DriverFactory.getWebDriver(): null

2018-12-13 01:08:12 - [TEST_STEP][PASSED] - Statement - driver.manage().timeouts().implicitlyWait(10, SECONDS): null

2018-12-13 01:08:12 - [TEST_STEP][PASSED] - Statement - PresavePath = KatalonScreenshots: null

2018-12-13 01:08:12 - [TEST_STEP][PASSED] - Statement - pathPrefix = "C:\Users\Public\Pictures\Sample Pictures\Katalon Screenshots\Automate Ending Screen": null

2018-12-13 01:08:12 - [TEST_STEP][PASSED] - Statement - finalPath = <not implemented yet for class: org.codehaus.groovy.ast.expr.EmptyExpression>: null

2018-12-13 01:08:12 - [TEST_STEP][PASSED] - Statement - scrFile = driver.getScreenshotAs(FILE): null

2018-12-13 01:08:12 - [TEST_STEP][PASSED] - Statement - PreSaveFile = new java.io.File(PresavePath): null

2018-12-13 01:08:12 - [TEST_STEP][PASSED] - Statement - counter = 0: null

2018-12-13 01:08:12 - [TEST_STEP][PASSED] - Statement - If (PreSaveFile.exists()): null

2018-12-13 01:08:12 - [TEST_STEP][PASSED] - Statement - While (PreSaveFile.exists()): null

2018-12-13 01:08:12 - [TEST_STEP][PASSED] - Statement - counter = counter + 1: null

2018-12-13 01:08:12 - [TEST_STEP][PASSED] - Statement - PreSaveFile = new java.io.File(((pathPrefix + java.lang.Integer.toString(counter)) + .png)): null

2018-12-13 01:08:12 - [TEST_STEP][PASSED] - Statement - counter = counter + 1: null

2018-12-13 01:08:12 - [TEST_STEP][PASSED] - Statement - PreSaveFile = new java.io.File(((pathPrefix + java.lang.Integer.toString(counter)) + .png)): null

2018-12-13 01:08:12 - [TEST_STEP][PASSED] - Statement - counter = counter + 1: null

2018-12-13 01:08:12 - [TEST_STEP][PASSED] - Statement - PreSaveFile = new java.io.File(((pathPrefix + java.lang.Integer.toString(counter)) + .png)): null

2018-12-13 01:08:12 - [TEST_STEP][PASSED] - Statement - counter = counter + 1: null

2018-12-13 01:08:12 - [TEST_STEP][PASSED] - Statement - PreSaveFile = new java.io.File(((pathPrefix + java.lang.Integer.toString(counter)) + .png)): null

2018-12-13 01:08:12 - [TEST_STEP][PASSED] - Statement - counter = counter + 1: null

2018-12-13 01:08:12 - [TEST_STEP][PASSED] - Statement - PreSaveFile = new java.io.File(((pathPrefix + java.lang.Integer.toString(counter)) + .png)): null

2018-12-13 01:08:12 - [TEST_STEP][PASSED] - Statement - counter = counter + 1: null

2018-12-13 01:08:12 - [TEST_STEP][PASSED] - Statement - PreSaveFile = new java.io.File(((pathPrefix + java.lang.Integer.toString(counter)) + .png)): null

2018-12-13 01:08:12 - [TEST_STEP][PASSED] - Statement - counter = counter + 1: null

2018-12-13 01:08:12 - [TEST_STEP][PASSED] - Statement - PreSaveFile = new java.io.File(((pathPrefix + java.lang.Integer.toString(counter)) + .png)): null

2018-12-13 01:08:12 - [TEST_STEP][PASSED] - Statement - counter = counter + 1: null

2018-12-13 01:08:12 - [TEST_STEP][PASSED] - Statement - PreSaveFile = new java.io.File(((pathPrefix + java.lang.Integer.toString(counter)) + .png)): null

2018-12-13 01:08:12 - [TEST_STEP][PASSED] - Statement - counter = counter + 1: null

2018-12-13 01:08:12 - [TEST_STEP][PASSED] - Statement - PreSaveFile = new java.io.File(((pathPrefix + java.lang.Integer.toString(counter)) + .png)): null

2018-12-13 01:08:12 - [TEST_STEP][PASSED] - Statement - counter = counter + 1: null

2018-12-13 01:08:12 - [TEST_STEP][PASSED] - Statement - PreSaveFile = new java.io.File(((pathPrefix + java.lang.Integer.toString(counter)) + .png)): null

2018-12-13 01:08:12 - [TEST_STEP][PASSED] - Statement - counter = counter + 1: null

2018-12-13 01:08:12 - [TEST_STEP][PASSED] - Statement - PreSaveFile = new java.io.File(((pathPrefix + java.lang.Integer.toString(counter)) + .png)): null

2018-12-13 01:08:12 - [TEST_STEP][PASSED] - Statement - counter = counter + 1: null

2018-12-13 01:08:12 - [TEST_STEP][PASSED] - Statement - PreSaveFile = new java.io.File(((pathPrefix + java.lang.Integer.toString(counter)) + .png)): null

2018-12-13 01:08:12 - [TEST_STEP][PASSED] - Statement - counter = counter + 1: null

2018-12-13 01:08:12 - [TEST_STEP][PASSED] - Statement - PreSaveFile = new java.io.File(((pathPrefix + java.lang.Integer.toString(counter)) + .png)): null

2018-12-13 01:08:12 - [TEST_STEP][PASSED] - Statement - counter = counter + 1: null

2018-12-13 01:08:12 - [TEST_STEP][PASSED] - Statement - PreSaveFile = new java.io.File(((pathPrefix + java.lang.Integer.toString(counter)) + .png)): null

2018-12-13 01:08:12 - [TEST_STEP][PASSED] - Statement - counter = counter + 1: null

2018-12-13 01:08:12 - [TEST_STEP][PASSED] - Statement - PreSaveFile = new java.io.File(((pathPrefix + java.lang.Integer.toString(counter)) + .png)): null

2018-12-13 01:08:12 - [TEST_STEP][PASSED] - Statement - counter = counter + 1: null

2018-12-13 01:08:12 - [TEST_STEP][PASSED] - Statement - PreSaveFile = new java.io.File(((pathPrefix + java.lang.Integer.toString(counter)) + .png)): null

2018-12-13 01:08:12 - [TEST_STEP][PASSED] - Statement - counter = counter + 1: null

2018-12-13 01:08:12 - [TEST_STEP][PASSED] - Statement - PreSaveFile = new java.io.File(((pathPrefix + java.lang.Integer.toString(counter)) + .png)): null

2018-12-13 01:08:12 - [TEST_STEP][PASSED] - Statement - counter = counter + 1: null

2018-12-13 01:08:12 - [TEST_STEP][PASSED] - Statement - PreSaveFile = new java.io.File(((pathPrefix + java.lang.Integer.toString(counter)) + .png)): null

2018-12-13 01:08:12 - [TEST_STEP][PASSED] - Statement - counter = counter + 1: null

2018-12-13 01:08:12 - [TEST_STEP][PASSED] - Statement - PreSaveFile = new java.io.File(((pathPrefix + java.lang.Integer.toString(counter)) + .png)): null

2018-12-13 01:08:12 - [TEST_STEP][PASSED] - Statement - counter = counter + 1: null

2018-12-13 01:08:12 - [TEST_STEP][PASSED] - Statement - PreSaveFile = new java.io.File(((pathPrefix + java.lang.Integer.toString(counter)) + .png)): null

2018-12-13 01:08:12 - [TEST_STEP][PASSED] - Statement - counter = counter + 1: null

2018-12-13 01:08:12 - [TEST_STEP][PASSED] - Statement - PreSaveFile = new java.io.File(((pathPrefix + java.lang.Integer.toString(counter)) + .png)): null

2018-12-13 01:08:12 - [TEST_STEP][PASSED] - Statement - counter = counter + 1: null

2018-12-13 01:08:12 - [TEST_STEP][PASSED] - Statement - PreSaveFile = new java.io.File(((pathPrefix + java.lang.Integer.toString(counter)) + .png)): null

2018-12-13 01:08:12 - [TEST_STEP][PASSED] - Statement - counter = counter + 1: null

2018-12-13 01:08:12 - [TEST_STEP][PASSED] - Statement - PreSaveFile = new java.io.File(((pathPrefix + java.lang.Integer.toString(counter)) + .png)): null

2018-12-13 01:08:12 - [TEST_STEP][PASSED] - Statement - counter = counter + 1: null

2018-12-13 01:08:12 - [TEST_STEP][PASSED] - Statement - PreSaveFile = new java.io.File(((pathPrefix + java.lang.Integer.toString(counter)) + .png)): null

2018-12-13 01:08:12 - [TEST_STEP][PASSED] - Statement - counter = counter + 1: null

2018-12-13 01:08:12 - [TEST_STEP][PASSED] - Statement - PreSaveFile = new java.io.File(((pathPrefix + java.lang.Integer.toString(counter)) + .png)): null

2018-12-13 01:08:12 - [TEST_STEP][PASSED] - Statement - counter = counter + 1: null

2018-12-13 01:08:12 - [TEST_STEP][PASSED] - Statement - PreSaveFile = new java.io.File(((pathPrefix + java.lang.Integer.toString(counter)) + .png)): null

2018-12-13 01:08:12 - [TEST_STEP][PASSED] - Statement - counter = counter + 1: null

2018-12-13 01:08:12 - [TEST_STEP][PASSED] - Statement - PreSaveFile = new java.io.File(((pathPrefix + java.lang.Integer.toString(counter)) + .png)): null

2018-12-13 01:08:12 - [TEST_STEP][PASSED] - Statement - counter = counter + 1: null

2018-12-13 01:08:12 - [TEST_STEP][PASSED] - Statement - PreSaveFile = new java.io.File(((pathPrefix + java.lang.Integer.toString(counter)) + .png)): null

2018-12-13 01:08:12 - [TEST_STEP][PASSED] - Statement - counter = counter + 1: null

2018-12-13 01:08:12 - [TEST_STEP][PASSED] - Statement - PreSaveFile = new java.io.File(((pathPrefix + java.lang.Integer.toString(counter)) + .png)): null

2018-12-13 01:08:12 - [TEST_STEP][PASSED] - Statement - counter = counter + 1: null

2018-12-13 01:08:12 - [TEST_STEP][PASSED] - Statement - PreSaveFile = new java.io.File(((pathPrefix + java.lang.Integer.toString(counter)) + .png)): null

2018-12-13 01:08:12 - [TEST_STEP][PASSED] - Statement - counter = counter + 1: null

2018-12-13 01:08:12 - [TEST_STEP][PASSED] - Statement - PreSaveFile = new java.io.File(((pathPrefix + java.lang.Integer.toString(counter)) + .png)): null

2018-12-13 01:08:12 - [TEST_STEP][PASSED] - Statement - counter = counter + 1: null

2018-12-13 01:08:12 - [TEST_STEP][PASSED] - Statement - PreSaveFile = new java.io.File(((pathPrefix + java.lang.Integer.toString(counter)) + .png)): null

2018-12-13 01:08:12 - [TEST_STEP][PASSED] - Statement - counter = counter + 1: null

2018-12-13 01:08:12 - [TEST_STEP][PASSED] - Statement - PreSaveFile = new java.io.File(((pathPrefix + java.lang.Integer.toString(counter)) + .png)): null

2018-12-13 01:08:12 - [TEST_STEP][PASSED] - Statement - counter = counter + 1: null

2018-12-13 01:08:12 - [TEST_STEP][PASSED] - Statement - PreSaveFile = new java.io.File(((pathPrefix + java.lang.Integer.toString(counter)) + .png)): null

2018-12-13 01:08:12 - [TEST_STEP][PASSED] - Statement - counter = counter + 1: null

2018-12-13 01:08:12 - [TEST_STEP][PASSED] - Statement - PreSaveFile = new java.io.File(((pathPrefix + java.lang.Integer.toString(counter)) + .png)): null

2018-12-13 01:08:12 - [TEST_STEP][PASSED] - Statement - counter = counter + 1: null

2018-12-13 01:08:12 - [TEST_STEP][PASSED] - Statement - PreSaveFile = new java.io.File(((pathPrefix + java.lang.Integer.toString(counter)) + .png)): null

2018-12-13 01:08:12 - [TEST_STEP][PASSED] - Statement - counter = counter + 1: null

2018-12-13 01:08:12 - [TEST_STEP][PASSED] - Statement - PreSaveFile = new java.io.File(((pathPrefix + java.lang.Integer.toString(counter)) + .png)): null

2018-12-13 01:08:12 - [TEST_STEP][PASSED] - Statement - counter = counter + 1: null

2018-12-13 01:08:12 - [TEST_STEP][PASSED] - Statement - PreSaveFile = new java.io.File(((pathPrefix + java.lang.Integer.toString(counter)) + .png)): null

2018-12-13 01:08:12 - [TEST_STEP][PASSED] - Statement - counter = counter + 1: null

2018-12-13 01:08:12 - [TEST_STEP][PASSED] - Statement - PreSaveFile = new java.io.File(((pathPrefix + java.lang.Integer.toString(counter)) + .png)): null

2018-12-13 01:08:12 - [TEST_STEP][PASSED] - Statement - counter = counter + 1: null

2018-12-13 01:08:12 - [TEST_STEP][PASSED] - Statement - PreSaveFile = new java.io.File(((pathPrefix + java.lang.Integer.toString(counter)) + .png)): null

2018-12-13 01:08:12 - [TEST_STEP][PASSED] - Statement - counter = counter + 1: null

2018-12-13 01:08:12 - [TEST_STEP][PASSED] - Statement - PreSaveFile = new java.io.File(((pathPrefix + java.lang.Integer.toString(counter)) + .png)): null

2018-12-13 01:08:12 - [TEST_STEP][PASSED] - Statement - counter = counter + 1: null

2018-12-13 01:08:12 - [TEST_STEP][PASSED] - Statement - PreSaveFile = new java.io.File(((pathPrefix + java.lang.Integer.toString(counter)) + .png)): null

2018-12-13 01:08:12 - [TEST_STEP][PASSED] - Statement - counter = counter + 1: null

2018-12-13 01:08:12 - [TEST_STEP][PASSED] - Statement - PreSaveFile = new java.io.File(((pathPrefix + java.lang.Integer.toString(counter)) + .png)): null

2018-12-13 01:08:12 - [TEST_STEP][PASSED] - Statement - counter = counter + 1: null

2018-12-13 01:08:12 - [TEST_STEP][PASSED] - Statement - PreSaveFile = new java.io.File(((pathPrefix + java.lang.Integer.toString(counter)) + .png)): null

2018-12-13 01:08:12 - [TEST_STEP][PASSED] - Statement - counter = counter + 1: null

2018-12-13 01:08:12 - [TEST_STEP][PASSED] - Statement - PreSaveFile = new java.io.File(((pathPrefix + java.lang.Integer.toString(counter)) + .png)): null

2018-12-13 01:08:12 - [TEST_STEP][PASSED] - Statement - counter = counter + 1: null

2018-12-13 01:08:12 - [TEST_STEP][PASSED] - Statement - PreSaveFile = new java.io.File(((pathPrefix + java.lang.Integer.toString(counter)) + .png)): null

2018-12-13 01:08:12 - [TEST_STEP][PASSED] - Statement - counter = counter + 1: null

2018-12-13 01:08:12 - [TEST_STEP][PASSED] - Statement - PreSaveFile = new java.io.File(((pathPrefix + java.lang.Integer.toString(counter)) + .png)): null

2018-12-13 01:08:12 - [TEST_STEP][PASSED] - Statement - counter = counter + 1: null

2018-12-13 01:08:12 - [TEST_STEP][PASSED] - Statement - PreSaveFile = new java.io.File(((pathPrefix + java.lang.Integer.toString(counter)) + .png)): null

2018-12-13 01:08:12 - [TEST_STEP][PASSED] - Statement - counter = counter + 1: null

2018-12-13 01:08:12 - [TEST_STEP][PASSED] - Statement - PreSaveFile = new java.io.File(((pathPrefix + java.lang.Integer.toString(counter)) + .png)): null

2018-12-13 01:08:12 - [TEST_STEP][PASSED] - Statement - counter = counter + 1: null

2018-12-13 01:08:12 - [TEST_STEP][PASSED] - Statement - PreSaveFile = new java.io.File(((pathPrefix + java.lang.Integer.toString(counter)) + .png)): null

2018-12-13 01:08:12 - [TEST_STEP][PASSED] - Statement - counter = counter + 1: null

2018-12-13 01:08:12 - [TEST_STEP][PASSED] - Statement - PreSaveFile = new java.io.File(((pathPrefix + java.lang.Integer.toString(counter)) + .png)): null

2018-12-13 01:08:12 - [TEST_STEP][PASSED] - Statement - counter = counter + 1: null

2018-12-13 01:08:12 - [TEST_STEP][PASSED] - Statement - PreSaveFile = new java.io.File(((pathPrefix + java.lang.Integer.toString(counter)) + .png)): null

2018-12-13 01:08:12 - [TEST_STEP][PASSED] - Statement - counter = counter + 1: null

2018-12-13 01:08:12 - [TEST_STEP][PASSED] - Statement - PreSaveFile = new java.io.File(((pathPrefix + java.lang.Integer.toString(counter)) + .png)): null

2018-12-13 01:08:12 - [TEST_STEP][PASSED] - Statement - counter = counter + 1: null

2018-12-13 01:08:12 - [TEST_STEP][PASSED] - Statement - PreSaveFile = new java.io.File(((pathPrefix + java.lang.Integer.toString(counter)) + .png)): null

2018-12-13 01:08:12 - [TEST_STEP][PASSED] - Statement - counter = counter + 1: null

2018-12-13 01:08:12 - [TEST_STEP][PASSED] - Statement - PreSaveFile = new java.io.File(((pathPrefix + java.lang.Integer.toString(counter)) + .png)): null

2018-12-13 01:08:12 - [TEST_STEP][PASSED] - Statement - counter = counter + 1: null

2018-12-13 01:08:12 - [TEST_STEP][PASSED] - Statement - PreSaveFile = new java.io.File(((pathPrefix + java.lang.Integer.toString(counter)) + .png)): null

2018-12-13 01:08:12 - [TEST_STEP][PASSED] - Statement - counter = counter + 1: null

2018-12-13 01:08:12 - [TEST_STEP][PASSED] - Statement - PreSaveFile = new java.io.File(((pathPrefix + java.lang.Integer.toString(counter)) + .png)): null

2018-12-13 01:08:12 - [TEST_STEP][PASSED] - Statement - counter = counter + 1: null

2018-12-13 01:08:12 - [TEST_STEP][PASSED] - Statement - PreSaveFile = new java.io.File(((pathPrefix + java.lang.Integer.toString(counter)) + .png)): null

2018-12-13 01:08:12 - [TEST_STEP][PASSED] - Statement - counter = counter + 1: null

2018-12-13 01:08:12 - [TEST_STEP][PASSED] - Statement - PreSaveFile = new java.io.File(((pathPrefix + java.lang.Integer.toString(counter)) + .png)): null

2018-12-13 01:08:13 - [TEST_STEP][PASSED] - Statement - counter = counter + 1: null

2018-12-13 01:08:13 - [TEST_STEP][PASSED] - Statement - PreSaveFile = new java.io.File(((pathPrefix + java.lang.Integer.toString(counter)) + .png)): null

2018-12-13 01:08:13 - [TEST_STEP][PASSED] - Statement - counter = counter + 1: null

2018-12-13 01:08:13 - [TEST_STEP][PASSED] - Statement - PreSaveFile = new java.io.File(((pathPrefix + java.lang.Integer.toString(counter)) + .png)): null

2018-12-13 01:08:13 - [TEST_STEP][PASSED] - Statement - counter = counter + 1: null

2018-12-13 01:08:13 - [TEST_STEP][PASSED] - Statement - PreSaveFile = new java.io.File(((pathPrefix + java.lang.Integer.toString(counter)) + .png)): null

2018-12-13 01:08:13 - [TEST_STEP][PASSED] - Statement - counter = counter + 1: null

2018-12-13 01:08:13 - [TEST_STEP][PASSED] - Statement - PreSaveFile = new java.io.File(((pathPrefix + java.lang.Integer.toString(counter)) + .png)): null

2018-12-13 01:08:13 - [TEST_STEP][PASSED] - Statement - counter = counter + 1: null

2018-12-13 01:08:13 - [TEST_STEP][PASSED] - Statement - PreSaveFile = new java.io.File(((pathPrefix + java.lang.Integer.toString(counter)) + .png)): null

2018-12-13 01:08:13 - [TEST_STEP][PASSED] - Statement - counter = counter + 1: null

2018-12-13 01:08:13 - [TEST_STEP][PASSED] - Statement - PreSaveFile = new java.io.File(((pathPrefix + java.lang.Integer.toString(counter)) + .png)): null

2018-12-13 01:08:13 - [TEST_STEP][PASSED] - Statement - counter = counter + 1: null

2018-12-13 01:08:13 - [TEST_STEP][PASSED] - Statement - PreSaveFile = new java.io.File(((pathPrefix + java.lang.Integer.toString(counter)) + .png)): null

2018-12-13 01:08:13 - [TEST_STEP][PASSED] - Statement - counter = counter + 1: null

2018-12-13 01:08:13 - [TEST_STEP][PASSED] - Statement - PreSaveFile = new java.io.File(((pathPrefix + java.lang.Integer.toString(counter)) + .png)): null

2018-12-13 01:08:13 - [TEST_STEP][PASSED] - Statement - counter = counter + 1: null

2018-12-13 01:08:13 - [TEST_STEP][PASSED] - Statement - PreSaveFile = new java.io.File(((pathPrefix + java.lang.Integer.toString(counter)) + .png)): null

2018-12-13 01:08:13 - [TEST_STEP][PASSED] - Statement - counter = counter + 1: null

2018-12-13 01:08:13 - [TEST_STEP][PASSED] - Statement - PreSaveFile = new java.io.File(((pathPrefix + java.lang.Integer.toString(counter)) + .png)): null

2018-12-13 01:08:13 - [TEST_STEP][PASSED] - Statement - counter = counter + 1: null

2018-12-13 01:08:13 - [TEST_STEP][PASSED] - Statement - PreSaveFile = new java.io.File(((pathPrefix + java.lang.Integer.toString(counter)) + .png)): null

2018-12-13 01:08:13 - [TEST_STEP][PASSED] - Statement - counter = counter + 1: null

2018-12-13 01:08:13 - [TEST_STEP][PASSED] - Statement - PreSaveFile = new java.io.File(((pathPrefix + java.lang.Integer.toString(counter)) + .png)): null

2018-12-13 01:08:13 - [TEST_STEP][PASSED] - Statement - counter = counter + 1: null

2018-12-13 01:08:13 - [TEST_STEP][PASSED] - Statement - PreSaveFile = new java.io.File(((pathPrefix + java.lang.Integer.toString(counter)) + .png)): null

2018-12-13 01:08:13 - [TEST_STEP][PASSED] - Statement - counter = counter + 1: null

2018-12-13 01:08:13 - [TEST_STEP][PASSED] - Statement - PreSaveFile = new java.io.File(((pathPrefix + java.lang.Integer.toString(counter)) + .png)): null

2018-12-13 01:08:13 - [TEST_STEP][PASSED] - Statement - counter = counter + 1: null

2018-12-13 01:08:13 - [TEST_STEP][PASSED] - Statement - PreSaveFile = new java.io.File(((pathPrefix + java.lang.Integer.toString(counter)) + .png)): null

2018-12-13 01:08:13 - [TEST_STEP][PASSED] - Statement - counter = counter + 1: null

2018-12-13 01:08:13 - [TEST_STEP][PASSED] - Statement - PreSaveFile = new java.io.File(((pathPrefix + java.lang.Integer.toString(counter)) + .png)): null

2018-12-13 01:08:13 - [TEST_STEP][PASSED] - Statement - counter = counter + 1: null

2018-12-13 01:08:13 - [TEST_STEP][PASSED] - Statement - PreSaveFile = new java.io.File(((pathPrefix + java.lang.Integer.toString(counter)) + .png)): null

2018-12-13 01:08:13 - [TEST_STEP][PASSED] - Statement - counter = counter + 1: null

2018-12-13 01:08:13 - [TEST_STEP][PASSED] - Statement - PreSaveFile = new java.io.File(((pathPrefix + java.lang.Integer.toString(counter)) + .png)): null

2018-12-13 01:08:13 - [TEST_STEP][PASSED] - Statement - counter = counter + 1: null

2018-12-13 01:08:13 - [TEST_STEP][PASSED] - Statement - PreSaveFile = new java.io.File(((pathPrefix + java.lang.Integer.toString(counter)) + .png)): null

2018-12-13 01:08:13 - [TEST_STEP][PASSED] - Statement - counter = counter + 1: null

2018-12-13 01:08:13 - [TEST_STEP][PASSED] - Statement - PreSaveFile = new java.io.File(((pathPrefix + java.lang.Integer.toString(counter)) + .png)): null

2018-12-13 01:08:13 - [TEST_STEP][PASSED] - Statement - counter = counter + 1: null

2018-12-13 01:08:13 - [TEST_STEP][PASSED] - Statement - PreSaveFile = new java.io.File(((pathPrefix + java.lang.Integer.toString(counter)) + .png)): null

2018-12-13 01:08:13 - [TEST_STEP][PASSED] - Statement - counter = counter + 1: null

2018-12-13 01:08:13 - [TEST_STEP][PASSED] - Statement - PreSaveFile = new java.io.File(((pathPrefix + java.lang.Integer.toString(counter)) + .png)): null

2018-12-13 01:08:13 - [TEST_STEP][PASSED] - Statement - counter = counter + 1: null

2018-12-13 01:08:13 - [TEST_STEP][PASSED] - Statement - PreSaveFile = new java.io.File(((pathPrefix + java.lang.Integer.toString(counter)) + .png)): null

2018-12-13 01:08:13 - [TEST_STEP][PASSED] - Statement - counter = counter + 1: null

2018-12-13 01:08:13 - [TEST_STEP][PASSED] - Statement - PreSaveFile = new java.io.File(((pathPrefix + java.lang.Integer.toString(counter)) + .png)): null

2018-12-13 01:08:13 - [TEST_STEP][PASSED] - Statement - counter = counter + 1: null

2018-12-13 01:08:13 - [TEST_STEP][PASSED] - Statement - PreSaveFile = new java.io.File(((pathPrefix + java.lang.Integer.toString(counter)) + .png)): null

2018-12-13 01:08:13 - [TEST_STEP][PASSED] - Statement - counter = counter + 1: null

2018-12-13 01:08:13 - [TEST_STEP][PASSED] - Statement - PreSaveFile = new java.io.File(((pathPrefix + java.lang.Integer.toString(counter)) + .png)): null

2018-12-13 01:08:13 - [TEST_STEP][PASSED] - Statement - counter = counter + 1: null

2018-12-13 01:08:13 - [TEST_STEP][PASSED] - Statement - PreSaveFile = new java.io.File(((pathPrefix + java.lang.Integer.toString(counter)) + .png)): null

2018-12-13 01:08:13 - [TEST_STEP][PASSED] - Statement - counter = counter + 1: null

2018-12-13 01:08:13 - [TEST_STEP][PASSED] - Statement - PreSaveFile = new java.io.File(((pathPrefix + java.lang.Integer.toString(counter)) + .png)): null

2018-12-13 01:08:13 - [TEST_STEP][PASSED] - Statement - counter = counter + 1: null

2018-12-13 01:08:13 - [TEST_STEP][PASSED] - Statement - PreSaveFile = new java.io.File(((pathPrefix + java.lang.Integer.toString(counter)) + .png)): null

2018-12-13 01:08:13 - [TEST_STEP][PASSED] - Statement - counter = counter + 1: null

2018-12-13 01:08:13 - [TEST_STEP][PASSED] - Statement - PreSaveFile = new java.io.File(((pathPrefix + java.lang.Integer.toString(counter)) + .png)): null

2018-12-13 01:08:13 - [TEST_STEP][PASSED] - Statement - counter = counter + 1: null

2018-12-13 01:08:13 - [TEST_STEP][PASSED] - Statement - PreSaveFile = new java.io.File(((pathPrefix + java.lang.Integer.toString(counter)) + .png)): null

2018-12-13 01:08:13 - [TEST_STEP][PASSED] - Statement - counter = counter + 1: null

2018-12-13 01:08:13 - [TEST_STEP][PASSED] - Statement - PreSaveFile = new java.io.File(((pathPrefix + java.lang.Integer.toString(counter)) + .png)): null

2018-12-13 01:08:13 - [TEST_STEP][PASSED] - Statement - counter = counter + 1: null

2018-12-13 01:08:13 - [TEST_STEP][PASSED] - Statement - PreSaveFile = new java.io.File(((pathPrefix + java.lang.Integer.toString(counter)) + .png)): null

2018-12-13 01:08:13 - [TEST_STEP][PASSED] - Statement - counter = counter + 1: null

2018-12-13 01:08:13 - [TEST_STEP][PASSED] - Statement - PreSaveFile = new java.io.File(((pathPrefix + java.lang.Integer.toString(counter)) + .png)): null

2018-12-13 01:08:13 - [TEST_STEP][PASSED] - Statement - counter = counter + 1: null

2018-12-13 01:08:13 - [TEST_STEP][PASSED] - Statement - PreSaveFile = new java.io.File(((pathPrefix + java.lang.Integer.toString(counter)) + .png)): null

2018-12-13 01:08:13 - [TEST_STEP][PASSED] - Statement - counter = counter + 1: null

2018-12-13 01:08:13 - [TEST_STEP][PASSED] - Statement - PreSaveFile = new java.io.File(((pathPrefix + java.lang.Integer.toString(counter)) + .png)): null

2018-12-13 01:08:13 - [TEST_STEP][PASSED] - Statement - counter = counter + 1: null

2018-12-13 01:08:13 - [TEST_STEP][PASSED] - Statement - PreSaveFile = new java.io.File(((pathPrefix + java.lang.Integer.toString(counter)) + .png)): null

2018-12-13 01:08:13 - [TEST_STEP][PASSED] - Statement - counter = counter + 1: null

2018-12-13 01:08:13 - [TEST_STEP][PASSED] - Statement - PreSaveFile = new java.io.File(((pathPrefix + java.lang.Integer.toString(counter)) + .png)): null

2018-12-13 01:08:13 - [TEST_STEP][PASSED] - Statement - counter = counter + 1: null

2018-12-13 01:08:13 - [TEST_STEP][PASSED] - Statement - PreSaveFile = new java.io.File(((pathPrefix + java.lang.Integer.toString(counter)) + .png)): null

2018-12-13 01:08:13 - [TEST_STEP][PASSED] - Statement - counter = counter + 1: null

2018-12-13 01:08:13 - [TEST_STEP][PASSED] - Statement - PreSaveFile = new java.io.File(((pathPrefix + java.lang.Integer.toString(counter)) + .png)): null

2018-12-13 01:08:13 - [TEST_STEP][PASSED] - Statement - counter = counter + 1: null

2018-12-13 01:08:13 - [TEST_STEP][PASSED] - Statement - PreSaveFile = new java.io.File(((pathPrefix + java.lang.Integer.toString(counter)) + .png)): null

2018-12-13 01:08:13 - [TEST_STEP][PASSED] - Statement - counter = counter + 1: null

2018-12-13 01:08:13 - [TEST_STEP][PASSED] - Statement - PreSaveFile = new java.io.File(((pathPrefix + java.lang.Integer.toString(counter)) + .png)): null

2018-12-13 01:08:13 - [TEST_STEP][PASSED] - Statement - counter = counter + 1: null

2018-12-13 01:08:13 - [TEST_STEP][PASSED] - Statement - PreSaveFile = new java.io.File(((pathPrefix + java.lang.Integer.toString(counter)) + .png)): null

2018-12-13 01:08:13 - [TEST_STEP][PASSED] - Statement - counter = counter + 1: null

2018-12-13 01:08:13 - [TEST_STEP][PASSED] - Statement - PreSaveFile = new java.io.File(((pathPrefix + java.lang.Integer.toString(counter)) + .png)): null

2018-12-13 01:08:13 - [TEST_STEP][PASSED] - Statement - counter = counter + 1: null

2018-12-13 01:08:13 - [TEST_STEP][PASSED] - Statement - PreSaveFile = new java.io.File(((pathPrefix + java.lang.Integer.toString(counter)) + .png)): null

2018-12-13 01:08:13 - [TEST_STEP][PASSED] - Statement - counter = counter + 1: null

2018-12-13 01:08:13 - [TEST_STEP][PASSED] - Statement - PreSaveFile = new java.io.File(((pathPrefix + java.lang.Integer.toString(counter)) + .png)): null

2018-12-13 01:08:13 - [TEST_STEP][PASSED] - Statement - counter = counter + 1: null

2018-12-13 01:08:13 - [TEST_STEP][PASSED] - Statement - PreSaveFile = new java.io.File(((pathPrefix + java.lang.Integer.toString(counter)) + .png)): null

2018-12-13 01:08:13 - [TEST_STEP][PASSED] - Statement - counter = counter + 1: null

2018-12-13 01:08:13 - [TEST_STEP][PASSED] - Statement - PreSaveFile = new java.io.File(((pathPrefix + java.lang.Integer.toString(counter)) + .png)): null

2018-12-13 01:08:13 - [TEST_STEP][PASSED] - Statement - counter = counter + 1: null

2018-12-13 01:08:13 - [TEST_STEP][PASSED] - Statement - PreSaveFile = new java.io.File(((pathPrefix + java.lang.Integer.toString(counter)) + .png)): null

2018-12-13 01:08:13 - [TEST_STEP][PASSED] - Statement - counter = counter + 1: null

2018-12-13 01:08:13 - [TEST_STEP][PASSED] - Statement - PreSaveFile = new java.io.File(((pathPrefix + java.lang.Integer.toString(counter)) + .png)): null

2018-12-13 01:08:13 - [TEST_STEP][PASSED] - Statement - counter = counter + 1: null

2018-12-13 01:08:13 - [TEST_STEP][PASSED] - Statement - PreSaveFile = new java.io.File(((pathPrefix + java.lang.Integer.toString(counter)) + .png)): null

2018-12-13 01:08:13 - [TEST_STEP][PASSED] - Statement - counter = counter + 1: null

2018-12-13 01:08:13 - [TEST_STEP][PASSED] - Statement - PreSaveFile = new java.io.File(((pathPrefix + java.lang.Integer.toString(counter)) + .png)): null

2018-12-13 01:08:13 - [TEST_STEP][PASSED] - Statement - counter = counter + 1: null

2018-12-13 01:08:13 - [TEST_STEP][PASSED] - Statement - PreSaveFile = new java.io.File(((pathPrefix + java.lang.Integer.toString(counter)) + .png)): null

2018-12-13 01:08:13 - [TEST_STEP][PASSED] - Statement - counter = counter + 1: null

2018-12-13 01:08:13 - [TEST_STEP][PASSED] - Statement - PreSaveFile = new java.io.File(((pathPrefix + java.lang.Integer.toString(counter)) + .png)): null

2018-12-13 01:08:13 - [TEST_STEP][PASSED] - Statement - counter = counter + 1: null

2018-12-13 01:08:13 - [TEST_STEP][PASSED] - Statement - PreSaveFile = new java.io.File(((pathPrefix + java.lang.Integer.toString(counter)) + .png)): null

2018-12-13 01:08:13 - [TEST_STEP][PASSED] - Statement - counter = counter + 1: null

2018-12-13 01:08:13 - [TEST_STEP][PASSED] - Statement - PreSaveFile = new java.io.File(((pathPrefix + java.lang.Integer.toString(counter)) + .png)): null

2018-12-13 01:08:13 - [TEST_STEP][PASSED] - Statement - counter = counter + 1: null

2018-12-13 01:08:13 - [TEST_STEP][PASSED] - Statement - PreSaveFile = new java.io.File(((pathPrefix + java.lang.Integer.toString(counter)) + .png)): null

2018-12-13 01:08:13 - [TEST_STEP][PASSED] - Statement - counter = counter + 1: null

2018-12-13 01:08:13 - [TEST_STEP][PASSED] - Statement - PreSaveFile = new java.io.File(((pathPrefix + java.lang.Integer.toString(counter)) + .png)): null

2018-12-13 01:08:13 - [TEST_STEP][PASSED] - Statement - counter = counter + 1: null

2018-12-13 01:08:13 - [TEST_STEP][PASSED] - Statement - PreSaveFile = new java.io.File(((pathPrefix + java.lang.Integer.toString(counter)) + .png)): null

2018-12-13 01:08:13 - [TEST_STEP][PASSED] - Statement - counter = counter + 1: null

2018-12-13 01:08:13 - [TEST_STEP][PASSED] - Statement - PreSaveFile = new java.io.File(((pathPrefix + java.lang.Integer.toString(counter)) + .png)): null

2018-12-13 01:08:13 - [TEST_STEP][PASSED] - Statement - counter = counter + 1: null

2018-12-13 01:08:13 - [TEST_STEP][PASSED] - Statement - PreSaveFile = new java.io.File(((pathPrefix + java.lang.Integer.toString(counter)) + .png)): null

2018-12-13 01:08:13 - [TEST_STEP][PASSED] - Statement - counter = counter + 1: null

2018-12-13 01:08:13 - [TEST_STEP][PASSED] - Statement - PreSaveFile = new java.io.File(((pathPrefix + java.lang.Integer.toString(counter)) + .png)): null

2018-12-13 01:08:13 - [TEST_STEP][PASSED] - Statement - counter = counter + 1: null

2018-12-13 01:08:13 - [TEST_STEP][PASSED] - Statement - PreSaveFile = new java.io.File(((pathPrefix + java.lang.Integer.toString(counter)) + .png)): null

2018-12-13 01:08:13 - [TEST_STEP][PASSED] - Statement - counter = counter + 1: null

2018-12-13 01:08:13 - [TEST_STEP][PASSED] - Statement - PreSaveFile = new java.io.File(((pathPrefix + java.lang.Integer.toString(counter)) + .png)): null

2018-12-13 01:08:13 - [TEST_STEP][PASSED] - Statement - counter = counter + 1: null

2018-12-13 01:08:13 - [TEST_STEP][PASSED] - Statement - PreSaveFile = new java.io.File(((pathPrefix + java.lang.Integer.toString(counter)) + .png)): null

2018-12-13 01:08:13 - [TEST_STEP][PASSED] - Statement - counter = counter + 1: null

2018-12-13 01:08:13 - [TEST_STEP][PASSED] - Statement - PreSaveFile = new java.io.File(((pathPrefix + java.lang.Integer.toString(counter)) + .png)): null

2018-12-13 01:08:13 - [TEST_STEP][PASSED] - Statement - counter = counter + 1: null

2018-12-13 01:08:13 - [TEST_STEP][PASSED] - Statement - PreSaveFile = new java.io.File(((pathPrefix + java.lang.Integer.toString(counter)) + .png)): null

2018-12-13 01:08:13 - [TEST_STEP][PASSED] - Statement - counter = counter + 1: null

2018-12-13 01:08:13 - [TEST_STEP][PASSED] - Statement - PreSaveFile = new java.io.File(((pathPrefix + java.lang.Integer.toString(counter)) + .png)): null

2018-12-13 01:08:13 - [TEST_STEP][PASSED] - Statement - counter = counter + 1: null

2018-12-13 01:08:13 - [TEST_STEP][PASSED] - Statement - PreSaveFile = new java.io.File(((pathPrefix + java.lang.Integer.toString(counter)) + .png)): null

2018-12-13 01:08:13 - [TEST_STEP][PASSED] - Statement - counter = counter + 1: null

2018-12-13 01:08:13 - [TEST_STEP][PASSED] - Statement - PreSaveFile = new java.io.File(((pathPrefix + java.lang.Integer.toString(counter)) + .png)): null

2018-12-13 01:08:13 - [TEST_STEP][PASSED] - Statement - counter = counter + 1: null

2018-12-13 01:08:13 - [TEST_STEP][PASSED] - Statement - PreSaveFile = new java.io.File(((pathPrefix + java.lang.Integer.toString(counter)) + .png)): null

2018-12-13 01:08:13 - [TEST_STEP][PASSED] - Statement - counter = counter + 1: null

2018-12-13 01:08:13 - [TEST_STEP][PASSED] - Statement - PreSaveFile = new java.io.File(((pathPrefix + java.lang.Integer.toString(counter)) + .png)): null

2018-12-13 01:08:13 - [TEST_STEP][PASSED] - Statement - counter = counter + 1: null

2018-12-13 01:08:13 - [TEST_STEP][PASSED] - Statement - PreSaveFile = new java.io.File(((pathPrefix + java.lang.Integer.toString(counter)) + .png)): null

2018-12-13 01:08:13 - [TEST_STEP][PASSED] - Statement - counter = counter + 1: null

2018-12-13 01:08:13 - [TEST_STEP][PASSED] - Statement - PreSaveFile = new java.io.File(((pathPrefix + java.lang.Integer.toString(counter)) + .png)): null

2018-12-13 01:08:13 - [TEST_STEP][PASSED] - Statement - counter = counter + 1: null

2018-12-13 01:08:13 - [TEST_STEP][PASSED] - Statement - PreSaveFile = new java.io.File(((pathPrefix + java.lang.Integer.toString(counter)) + .png)): null

2018-12-13 01:08:13 - [TEST_STEP][PASSED] - Statement - counter = counter + 1: null

2018-12-13 01:08:13 - [TEST_STEP][PASSED] - Statement - PreSaveFile = new java.io.File(((pathPrefix + java.lang.Integer.toString(counter)) + .png)): null

2018-12-13 01:08:13 - [TEST_STEP][PASSED] - Statement - counter = counter + 1: null

2018-12-13 01:08:13 - [TEST_STEP][PASSED] - Statement - PreSaveFile = new java.io.File(((pathPrefix + java.lang.Integer.toString(counter)) + .png)): null

2018-12-13 01:08:13 - [TEST_STEP][PASSED] - Statement - counter = counter + 1: null

2018-12-13 01:08:13 - [TEST_STEP][PASSED] - Statement - PreSaveFile = new java.io.File(((pathPrefix + java.lang.Integer.toString(counter)) + .png)): null

2018-12-13 01:08:13 - [TEST_STEP][PASSED] - Statement - counter = counter + 1: null

2018-12-13 01:08:13 - [TEST_STEP][PASSED] - Statement - PreSaveFile = new java.io.File(((pathPrefix + java.lang.Integer.toString(counter)) + .png)): null

2018-12-13 01:08:13 - [TEST_STEP][PASSED] - Statement - counter = counter + 1: null

2018-12-13 01:08:13 - [TEST_STEP][PASSED] - Statement - PreSaveFile = new java.io.File(((pathPrefix + java.lang.Integer.toString(counter)) + .png)): null

2018-12-13 01:08:13 - [TEST_STEP][PASSED] - Statement - counter = counter + 1: null

2018-12-13 01:08:13 - [TEST_STEP][PASSED] - Statement - PreSaveFile = new java.io.File(((pathPrefix + java.lang.Integer.toString(counter)) + .png)): null

2018-12-13 01:08:13 - [TEST_STEP][PASSED] - Statement - counter = counter + 1: null

2018-12-13 01:08:13 - [TEST_STEP][PASSED] - Statement - PreSaveFile = new java.io.File(((pathPrefix + java.lang.Integer.toString(counter)) + .png)): null

2018-12-13 01:08:13 - [TEST_STEP][PASSED] - Statement - counter = counter + 1: null

2018-12-13 01:08:13 - [TEST_STEP][PASSED] - Statement - PreSaveFile = new java.io.File(((pathPrefix + java.lang.Integer.toString(counter)) + .png)): null

2018-12-13 01:08:13 - [TEST_STEP][PASSED] - Statement - counter = counter + 1: null

2018-12-13 01:08:13 - [TEST_STEP][PASSED] - Statement - PreSaveFile = new java.io.File(((pathPrefix + java.lang.Integer.toString(counter)) + .png)): null

2018-12-13 01:08:13 - [TEST_STEP][PASSED] - Statement - counter = counter + 1: null

2018-12-13 01:08:13 - [TEST_STEP][PASSED] - Statement - PreSaveFile = new java.io.File(((pathPrefix + java.lang.Integer.toString(counter)) + .png)): null

2018-12-13 01:08:13 - [TEST_STEP][PASSED] - Statement - counter = counter + 1: null

2018-12-13 01:08:13 - [TEST_STEP][PASSED] - Statement - PreSaveFile = new java.io.File(((pathPrefix + java.lang.Integer.toString(counter)) + .png)): null

2018-12-13 01:08:13 - [TEST_STEP][PASSED] - Statement - counter = counter + 1: null

2018-12-13 01:08:13 - [TEST_STEP][PASSED] - Statement - PreSaveFile = new java.io.File(((pathPrefix + java.lang.Integer.toString(counter)) + .png)): null

2018-12-13 01:08:13 - [TEST_STEP][PASSED] - Statement - counter = counter + 1: null

2018-12-13 01:08:13 - [TEST_STEP][PASSED] - Statement - PreSaveFile = new java.io.File(((pathPrefix + java.lang.Integer.toString(counter)) + .png)): null

2018-12-13 01:08:13 - [TEST_STEP][PASSED] - Statement - counter = counter + 1: null

2018-12-13 01:08:13 - [TEST_STEP][PASSED] - Statement - PreSaveFile = new java.io.File(((pathPrefix + java.lang.Integer.toString(counter)) + .png)): null

2018-12-13 01:08:13 - [TEST_STEP][PASSED] - Statement - counter = counter + 1: null

2018-12-13 01:08:13 - [TEST_STEP][PASSED] - Statement - PreSaveFile = new java.io.File(((pathPrefix + java.lang.Integer.toString(counter)) + .png)): null

2018-12-13 01:08:13 - [TEST_STEP][PASSED] - Statement - counter = counter + 1: null

2018-12-13 01:08:13 - [TEST_STEP][PASSED] - Statement - PreSaveFile = new java.io.File(((pathPrefix + java.lang.Integer.toString(counter)) + .png)): null

2018-12-13 01:08:13 - [TEST_STEP][PASSED] - Statement - counter = counter + 1: null

2018-12-13 01:08:13 - [TEST_STEP][PASSED] - Statement - PreSaveFile = new java.io.File(((pathPrefix + java.lang.Integer.toString(counter)) + .png)): null

2018-12-13 01:08:13 - [TEST_STEP][PASSED] - Statement - counter = counter + 1: null

2018-12-13 01:08:13 - [TEST_STEP][PASSED] - Statement - PreSaveFile = new java.io.File(((pathPrefix + java.lang.Integer.toString(counter)) + .png)): null

2018-12-13 01:08:13 - [TEST_STEP][PASSED] - Statement - counter = counter + 1: null

2018-12-13 01:08:13 - [TEST_STEP][PASSED] - Statement - PreSaveFile = new java.io.File(((pathPrefix + java.lang.Integer.toString(counter)) + .png)): null

2018-12-13 01:08:13 - [TEST_STEP][PASSED] - Statement - counter = counter + 1: null

2018-12-13 01:08:13 - [TEST_STEP][PASSED] - Statement - PreSaveFile = new java.io.File(((pathPrefix + java.lang.Integer.toString(counter)) + .png)): null

2018-12-13 01:08:13 - [TEST_STEP][PASSED] - Statement - counter = counter + 1: null

2018-12-13 01:08:13 - [TEST_STEP][PASSED] - Statement - PreSaveFile = new java.io.File(((pathPrefix + java.lang.Integer.toString(counter)) + .png)): null

2018-12-13 01:08:13 - [TEST_STEP][PASSED] - Statement - counter = counter + 1: null

2018-12-13 01:08:13 - [TEST_STEP][PASSED] - Statement - PreSaveFile = new java.io.File(((pathPrefix + java.lang.Integer.toString(counter)) + .png)): null

2018-12-13 01:08:13 - [TEST_STEP][PASSED] - Statement - counter = counter + 1: null

2018-12-13 01:08:13 - [TEST_STEP][PASSED] - Statement - PreSaveFile = new java.io.File(((pathPrefix + java.lang.Integer.toString(counter)) + .png)): null

2018-12-13 01:08:13 - [TEST_STEP][PASSED] - Statement - counter = counter + 1: null

2018-12-13 01:08:13 - [TEST_STEP][PASSED] - Statement - PreSaveFile = new java.io.File(((pathPrefix + java.lang.Integer.toString(counter)) + .png)): null

2018-12-13 01:08:13 - [TEST_STEP][PASSED] - Statement - counter = counter + 1: null

2018-12-13 01:08:13 - [TEST_STEP][PASSED] - Statement - PreSaveFile = new java.io.File(((pathPrefix + java.lang.Integer.toString(counter)) + .png)): null

2018-12-13 01:08:13 - [TEST_STEP][PASSED] - Statement - counter = counter + 1: null

2018-12-13 01:08:13 - [TEST_STEP][PASSED] - Statement - PreSaveFile = new java.io.File(((pathPrefix + java.lang.Integer.toString(counter)) + .png)): null

2018-12-13 01:08:13 - [TEST_STEP][PASSED] - Statement - counter = counter + 1: null

2018-12-13 01:08:13 - [TEST_STEP][PASSED] - Statement - PreSaveFile = new java.io.File(((pathPrefix + java.lang.Integer.toString(counter)) + .png)): null

2018-12-13 01:08:13 - [TEST_STEP][PASSED] - Statement - counter = counter + 1: null

2018-12-13 01:08:13 - [TEST_STEP][PASSED] - Statement - PreSaveFile = new java.io.File(((pathPrefix + java.lang.Integer.toString(counter)) + .png)): null

2018-12-13 01:08:13 - [TEST_STEP][PASSED] - Statement - counter = counter + 1: null

2018-12-13 01:08:13 - [TEST_STEP][PASSED] - Statement - PreSaveFile = new java.io.File(((pathPrefix + java.lang.Integer.toString(counter)) + .png)): null

2018-12-13 01:08:13 - [TEST_STEP][PASSED] - Statement - counter = counter + 1: null

2018-12-13 01:08:13 - [TEST_STEP][PASSED] - Statement - PreSaveFile = new java.io.File(((pathPrefix + java.lang.Integer.toString(counter)) + .png)): null

2018-12-13 01:08:13 - [TEST_STEP][PASSED] - Statement - counter = counter + 1: null

2018-12-13 01:08:13 - [TEST_STEP][PASSED] - Statement - PreSaveFile = new java.io.File(((pathPrefix + java.lang.Integer.toString(counter)) + .png)): null

2018-12-13 01:08:13 - [TEST_STEP][PASSED] - Statement - counter = counter + 1: null

2018-12-13 01:08:13 - [TEST_STEP][PASSED] - Statement - PreSaveFile = new java.io.File(((pathPrefix + java.lang.Integer.toString(counter)) + .png)): null

2018-12-13 01:08:13 - [TEST_STEP][PASSED] - Statement - counter = counter + 1: null

2018-12-13 01:08:13 - [TEST_STEP][PASSED] - Statement - PreSaveFile = new java.io.File(((pathPrefix + java.lang.Integer.toString(counter)) + .png)): null

2018-12-13 01:08:13 - [TEST_STEP][PASSED] - Statement - counter = counter + 1: null

2018-12-13 01:08:13 - [TEST_STEP][PASSED] - Statement - PreSaveFile = new java.io.File(((pathPrefix + java.lang.Integer.toString(counter)) + .png)): null

2018-12-13 01:08:13 - [TEST_STEP][PASSED] - Statement - counter = counter + 1: null

2018-12-13 01:08:13 - [TEST_STEP][PASSED] - Statement - PreSaveFile = new java.io.File(((pathPrefix + java.lang.Integer.toString(counter)) + .png)): null

2018-12-13 01:08:13 - [TEST_STEP][PASSED] - Statement - counter = counter + 1: null

2018-12-13 01:08:13 - [TEST_STEP][PASSED] - Statement - PreSaveFile = new java.io.File(((pathPrefix + java.lang.Integer.toString(counter)) + .png)): null

2018-12-13 01:08:13 - [TEST_STEP][PASSED] - Statement - counter = counter + 1: null

2018-12-13 01:08:13 - [TEST_STEP][PASSED] - Statement - PreSaveFile = new java.io.File(((pathPrefix + java.lang.Integer.toString(counter)) + .png)): null

2018-12-13 01:08:13 - [TEST_STEP][PASSED] - Statement - counter = counter + 1: null

2018-12-13 01:08:13 - [TEST_STEP][PASSED] - Statement - PreSaveFile = new java.io.File(((pathPrefix + java.lang.Integer.toString(counter)) + .png)): null

2018-12-13 01:08:13 - [TEST_STEP][PASSED] - Statement - counter = counter + 1: null

2018-12-13 01:08:13 - [TEST_STEP][PASSED] - Statement - PreSaveFile = new java.io.File(((pathPrefix + java.lang.Integer.toString(counter)) + .png)): null

2018-12-13 01:08:13 - [TEST_STEP][PASSED] - Statement - counter = counter + 1: null

2018-12-13 01:08:13 - [TEST_STEP][PASSED] - Statement - PreSaveFile = new java.io.File(((pathPrefix + java.lang.Integer.toString(counter)) + .png)): null

2018-12-13 01:08:13 - [TEST_STEP][PASSED] - Statement - counter = counter + 1: null

2018-12-13 01:08:13 - [TEST_STEP][PASSED] - Statement - PreSaveFile = new java.io.File(((pathPrefix + java.lang.Integer.toString(counter)) + .png)): null

2018-12-13 01:08:13 - [TEST_STEP][PASSED] - Statement - counter = counter + 1: null

2018-12-13 01:08:13 - [TEST_STEP][PASSED] - Statement - PreSaveFile = new java.io.File(((pathPrefix + java.lang.Integer.toString(counter)) + .png)): null

2018-12-13 01:08:13 - [TEST_STEP][PASSED] - Statement - counter = counter + 1: null

2018-12-13 01:08:13 - [TEST_STEP][PASSED] - Statement - PreSaveFile = new java.io.File(((pathPrefix + java.lang.Integer.toString(counter)) + .png)): null

2018-12-13 01:08:13 - [TEST_STEP][PASSED] - Statement - counter = counter + 1: null

2018-12-13 01:08:13 - [TEST_STEP][PASSED] - Statement - PreSaveFile = new java.io.File(((pathPrefix + java.lang.Integer.toString(counter)) + .png)): null

2018-12-13 01:08:13 - [TEST_STEP][PASSED] - Statement - counter = counter + 1: null

2018-12-13 01:08:13 - [TEST_STEP][PASSED] - Statement - PreSaveFile = new java.io.File(((pathPrefix + java.lang.Integer.toString(counter)) + .png)): null

2018-12-13 01:08:13 - [TEST_STEP][PASSED] - Statement - counter = counter + 1: null

2018-12-13 01:08:13 - [TEST_STEP][PASSED] - Statement - PreSaveFile = new java.io.File(((pathPrefix + java.lang.Integer.toString(counter)) + .png)): null

2018-12-13 01:08:13 - [TEST_STEP][PASSED] - Statement - counter = counter + 1: null

2018-12-13 01:08:13 - [TEST_STEP][PASSED] - Statement - PreSaveFile = new java.io.File(((pathPrefix + java.lang.Integer.toString(counter)) + .png)): null

2018-12-13 01:08:13 - [TEST_STEP][PASSED] - Statement - counter = counter + 1: null

2018-12-13 01:08:13 - [TEST_STEP][PASSED] - Statement - PreSaveFile = new java.io.File(((pathPrefix + java.lang.Integer.toString(counter)) + .png)): null

2018-12-13 01:08:13 - [TEST_STEP][PASSED] - Statement - counter = counter + 1: null

2018-12-13 01:08:13 - [TEST_STEP][PASSED] - Statement - PreSaveFile = new java.io.File(((pathPrefix + java.lang.Integer.toString(counter)) + .png)): null

2018-12-13 01:08:13 - [TEST_STEP][PASSED] - Statement - counter = counter + 1: null

2018-12-13 01:08:13 - [TEST_STEP][PASSED] - Statement - PreSaveFile = new java.io.File(((pathPrefix + java.lang.Integer.toString(counter)) + .png)): null

2018-12-13 01:08:13 - [TEST_STEP][PASSED] - Statement - counter = counter + 1: null

2018-12-13 01:08:13 - [TEST_STEP][PASSED] - Statement - PreSaveFile = new java.io.File(((pathPrefix + java.lang.Integer.toString(counter)) + .png)): null

2018-12-13 01:08:13 - [TEST_STEP][PASSED] - Statement - counter = counter + 1: null

2018-12-13 01:08:13 - [TEST_STEP][PASSED] - Statement - PreSaveFile = new java.io.File(((pathPrefix + java.lang.Integer.toString(counter)) + .png)): null

2018-12-13 01:08:13 - [TEST_STEP][PASSED] - Statement - counter = counter + 1: null

2018-12-13 01:08:13 - [TEST_STEP][PASSED] - Statement - PreSaveFile = new java.io.File(((pathPrefix + java.lang.Integer.toString(counter)) + .png)): null

2018-12-13 01:08:13 - [TEST_STEP][PASSED] - Statement - counter = counter + 1: null

2018-12-13 01:08:13 - [TEST_STEP][PASSED] - Statement - PreSaveFile = new java.io.File(((pathPrefix + java.lang.Integer.toString(counter)) + .png)): null

2018-12-13 01:08:13 - [TEST_STEP][PASSED] - Statement - counter = counter + 1: null

2018-12-13 01:08:13 - [TEST_STEP][PASSED] - Statement - PreSaveFile = new java.io.File(((pathPrefix + java.lang.Integer.toString(counter)) + .png)): null

2018-12-13 01:08:13 - [TEST_STEP][PASSED] - Statement - counter = counter + 1: null

2018-12-13 01:08:13 - [TEST_STEP][PASSED] - Statement - PreSaveFile = new java.io.File(((pathPrefix + java.lang.Integer.toString(counter)) + .png)): null

2018-12-13 01:08:13 - [TEST_STEP][PASSED] - Statement - counter = counter + 1: null

2018-12-13 01:08:13 - [TEST_STEP][PASSED] - Statement - PreSaveFile = new java.io.File(((pathPrefix + java.lang.Integer.toString(counter)) + .png)): null

2018-12-13 01:08:13 - [TEST_STEP][PASSED] - Statement - counter = counter + 1: null

2018-12-13 01:08:13 - [TEST_STEP][PASSED] - Statement - PreSaveFile = new java.io.File(((pathPrefix + java.lang.Integer.toString(counter)) + .png)): null

2018-12-13 01:08:13 - [TEST_STEP][PASSED] - Statement - counter = counter + 1: null

2018-12-13 01:08:13 - [TEST_STEP][PASSED] - Statement - PreSaveFile = new java.io.File(((pathPrefix + java.lang.Integer.toString(counter)) + .png)): null

2018-12-13 01:08:13 - [TEST_STEP][PASSED] - Statement - counter = counter + 1: null

2018-12-13 01:08:13 - [TEST_STEP][PASSED] - Statement - PreSaveFile = new java.io.File(((pathPrefix + java.lang.Integer.toString(counter)) + .png)): null

2018-12-13 01:08:13 - [TEST_STEP][PASSED] - Statement - counter = counter + 1: null

2018-12-13 01:08:13 - [TEST_STEP][PASSED] - Statement - PreSaveFile = new java.io.File(((pathPrefix + java.lang.Integer.toString(counter)) + .png)): null

2018-12-13 01:08:13 - [TEST_STEP][PASSED] - Statement - counter = counter + 1: null

2018-12-13 01:08:13 - [TEST_STEP][PASSED] - Statement - PreSaveFile = new java.io.File(((pathPrefix + java.lang.Integer.toString(counter)) + .png)): null

2018-12-13 01:08:13 - [TEST_STEP][PASSED] - Statement - counter = counter + 1: null

2018-12-13 01:08:13 - [TEST_STEP][PASSED] - Statement - PreSaveFile = new java.io.File(((pathPrefix + java.lang.Integer.toString(counter)) + .png)): null

2018-12-13 01:08:13 - [TEST_STEP][PASSED] - Statement - counter = counter + 1: null

2018-12-13 01:08:13 - [TEST_STEP][PASSED] - Statement - PreSaveFile = new java.io.File(((pathPrefix + java.lang.Integer.toString(counter)) + .png)): null

2018-12-13 01:08:13 - [TEST_STEP][PASSED] - Statement - counter = counter + 1: null

2018-12-13 01:08:13 - [TEST_STEP][PASSED] - Statement - PreSaveFile = new java.io.File(((pathPrefix + java.lang.Integer.toString(counter)) + .png)): null

2018-12-13 01:08:13 - [TEST_STEP][PASSED] - Statement - counter = counter + 1: null

2018-12-13 01:08:13 - [TEST_STEP][PASSED] - Statement - PreSaveFile = new java.io.File(((pathPrefix + java.lang.Integer.toString(counter)) + .png)): null

2018-12-13 01:08:13 - [TEST_STEP][PASSED] - Statement - counter = counter + 1: null

2018-12-13 01:08:13 - [TEST_STEP][PASSED] - Statement - PreSaveFile = new java.io.File(((pathPrefix + java.lang.Integer.toString(counter)) + .png)): null

2018-12-13 01:08:13 - [TEST_STEP][PASSED] - Statement - counter = counter + 1: null

2018-12-13 01:08:13 - [TEST_STEP][PASSED] - Statement - PreSaveFile = new java.io.File(((pathPrefix + java.lang.Integer.toString(counter)) + .png)): null

2018-12-13 01:08:13 - [TEST_STEP][PASSED] - Statement - counter = counter + 1: null

2018-12-13 01:08:13 - [TEST_STEP][PASSED] - Statement - PreSaveFile = new java.io.File(((pathPrefix + java.lang.Integer.toString(counter)) + .png)): null

2018-12-13 01:08:13 - [TEST_STEP][PASSED] - Statement - counter = counter + 1: null

2018-12-13 01:08:13 - [TEST_STEP][PASSED] - Statement - PreSaveFile = new java.io.File(((pathPrefix + java.lang.Integer.toString(counter)) + .png)): null

2018-12-13 01:08:13 - [TEST_STEP][PASSED] - Statement - counter = counter + 1: null

2018-12-13 01:08:13 - [TEST_STEP][PASSED] - Statement - PreSaveFile = new java.io.File(((pathPrefix + java.lang.Integer.toString(counter)) + .png)): null

2018-12-13 01:08:13 - [TEST_STEP][PASSED] - Statement - counter = counter + 1: null

2018-12-13 01:08:13 - [TEST_STEP][PASSED] - Statement - PreSaveFile = new java.io.File(((pathPrefix + java.lang.Integer.toString(counter)) + .png)): null

2018-12-13 01:08:13 - [TEST_STEP][PASSED] - Statement - counter = counter + 1: null

2018-12-13 01:08:13 - [TEST_STEP][PASSED] - Statement - PreSaveFile = new java.io.File(((pathPrefix + java.lang.Integer.toString(counter)) + .png)): null

2018-12-13 01:08:13 - [TEST_STEP][PASSED] - Statement - counter = counter + 1: null

2018-12-13 01:08:13 - [TEST_STEP][PASSED] - Statement - PreSaveFile = new java.io.File(((pathPrefix + java.lang.Integer.toString(counter)) + .png)): null

2018-12-13 01:08:13 - [TEST_STEP][PASSED] - Statement - counter = counter + 1: null

2018-12-13 01:08:13 - [TEST_STEP][PASSED] - Statement - PreSaveFile = new java.io.File(((pathPrefix + java.lang.Integer.toString(counter)) + .png)): null

2018-12-13 01:08:13 - [TEST_STEP][PASSED] - Statement - counter = counter + 1: null

2018-12-13 01:08:13 - [TEST_STEP][PASSED] - Statement - PreSaveFile = new java.io.File(((pathPrefix + java.lang.Integer.toString(counter)) + .png)): null

2018-12-13 01:08:13 - [TEST_STEP][PASSED] - Statement - counter = counter + 1: null

2018-12-13 01:08:13 - [TEST_STEP][PASSED] - Statement - PreSaveFile = new java.io.File(((pathPrefix + java.lang.Integer.toString(counter)) + .png)): null

2018-12-13 01:08:13 - [TEST_STEP][PASSED] - Statement - counter = counter + 1: null

2018-12-13 01:08:13 - [TEST_STEP][PASSED] - Statement - PreSaveFile = new java.io.File(((pathPrefix + java.lang.Integer.toString(counter)) + .png)): null

2018-12-13 01:08:13 - [TEST_STEP][PASSED] - Statement - counter = counter + 1: null

2018-12-13 01:08:13 - [TEST_STEP][PASSED] - Statement - PreSaveFile = new java.io.File(((pathPrefix + java.lang.Integer.toString(counter)) + .png)): null

2018-12-13 01:08:13 - [TEST_STEP][PASSED] - Statement - counter = counter + 1: null

2018-12-13 01:08:13 - [TEST_STEP][PASSED] - Statement - PreSaveFile = new java.io.File(((pathPrefix + java.lang.Integer.toString(counter)) + .png)): null

2018-12-13 01:08:13 - [TEST_STEP][PASSED] - Statement - counter = counter + 1: null

2018-12-13 01:08:13 - [TEST_STEP][PASSED] - Statement - PreSaveFile = new java.io.File(((pathPrefix + java.lang.Integer.toString(counter)) + .png)): null

2018-12-13 01:08:13 - [TEST_STEP][PASSED] - Statement - counter = counter + 1: null

2018-12-13 01:08:13 - [TEST_STEP][PASSED] - Statement - PreSaveFile = new java.io.File(((pathPrefix + java.lang.Integer.toString(counter)) + .png)): null

2018-12-13 01:08:13 - [TEST_STEP][PASSED] - Statement - counter = counter + 1: null

2018-12-13 01:08:13 - [TEST_STEP][PASSED] - Statement - PreSaveFile = new java.io.File(((pathPrefix + java.lang.Integer.toString(counter)) + .png)): null

2018-12-13 01:08:13 - [TEST_STEP][PASSED] - Statement - counter = counter + 1: null

2018-12-13 01:08:13 - [TEST_STEP][PASSED] - Statement - PreSaveFile = new java.io.File(((pathPrefix + java.lang.Integer.toString(counter)) + .png)): null

2018-12-13 01:08:13 - [TEST_STEP][PASSED] - Statement - counter = counter + 1: null

2018-12-13 01:08:13 - [TEST_STEP][PASSED] - Statement - PreSaveFile = new java.io.File(((pathPrefix + java.lang.Integer.toString(counter)) + .png)): null

2018-12-13 01:08:13 - [TEST_STEP][PASSED] - Statement - counter = counter + 1: null

2018-12-13 01:08:13 - [TEST_STEP][PASSED] - Statement - PreSaveFile = new java.io.File(((pathPrefix + java.lang.Integer.toString(counter)) + .png)): null

2018-12-13 01:08:13 - [TEST_STEP][PASSED] - Statement - counter = counter + 1: null

2018-12-13 01:08:13 - [TEST_STEP][PASSED] - Statement - PreSaveFile = new java.io.File(((pathPrefix + java.lang.Integer.toString(counter)) + .png)): null

2018-12-13 01:08:13 - [TEST_STEP][PASSED] - Statement - counter = counter + 1: null

2018-12-13 01:08:13 - [TEST_STEP][PASSED] - Statement - PreSaveFile = new java.io.File(((pathPrefix + java.lang.Integer.toString(counter)) + .png)): null

2018-12-13 01:08:13 - [TEST_STEP][PASSED] - Statement - counter = counter + 1: null

2018-12-13 01:08:13 - [TEST_STEP][PASSED] - Statement - PreSaveFile = new java.io.File(((pathPrefix + java.lang.Integer.toString(counter)) + .png)): null

2018-12-13 01:08:13 - [TEST_STEP][PASSED] - Statement - counter = counter + 1: null

2018-12-13 01:08:13 - [TEST_STEP][PASSED] - Statement - PreSaveFile = new java.io.File(((pathPrefix + java.lang.Integer.toString(counter)) + .png)): null

2018-12-13 01:08:13 - [TEST_STEP][PASSED] - Statement - counter = counter + 1: null

2018-12-13 01:08:13 - [TEST_STEP][PASSED] - Statement - PreSaveFile = new java.io.File(((pathPrefix + java.lang.Integer.toString(counter)) + .png)): null

2018-12-13 01:08:13 - [TEST_STEP][PASSED] - Statement - counter = counter + 1: null

2018-12-13 01:08:13 - [TEST_STEP][PASSED] - Statement - PreSaveFile = new java.io.File(((pathPrefix + java.lang.Integer.toString(counter)) + .png)): null

2018-12-13 01:08:13 - [TEST_STEP][PASSED] - Statement - counter = counter + 1: null

2018-12-13 01:08:13 - [TEST_STEP][PASSED] - Statement - PreSaveFile = new java.io.File(((pathPrefix + java.lang.Integer.toString(counter)) + .png)): null

2018-12-13 01:08:13 - [TEST_STEP][PASSED] - Statement - counter = counter + 1: null

2018-12-13 01:08:13 - [TEST_STEP][PASSED] - Statement - PreSaveFile = new java.io.File(((pathPrefix + java.lang.Integer.toString(counter)) + .png)): null

2018-12-13 01:08:13 - [TEST_STEP][PASSED] - Statement - counter = counter + 1: null

2018-12-13 01:08:13 - [TEST_STEP][PASSED] - Statement - PreSaveFile = new java.io.File(((pathPrefix + java.lang.Integer.toString(counter)) + .png)): null

2018-12-13 01:08:13 - [TEST_STEP][PASSED] - Statement - counter = counter + 1: null

2018-12-13 01:08:13 - [TEST_STEP][PASSED] - Statement - PreSaveFile = new java.io.File(((pathPrefix + java.lang.Integer.toString(counter)) + .png)): null

2018-12-13 01:08:13 - [TEST_STEP][PASSED] - Statement - counter = counter + 1: null

2018-12-13 01:08:13 - [TEST_STEP][PASSED] - Statement - PreSaveFile = new java.io.File(((pathPrefix + java.lang.Integer.toString(counter)) + .png)): null

2018-12-13 01:08:13 - [TEST_STEP][PASSED] - Statement - counter = counter + 1: null

2018-12-13 01:08:13 - [TEST_STEP][PASSED] - Statement - PreSaveFile = new java.io.File(((pathPrefix + java.lang.Integer.toString(counter)) + .png)): null

2018-12-13 01:08:13 - [TEST_STEP][PASSED] - Statement - counter = counter + 1: null

2018-12-13 01:08:13 - [TEST_STEP][PASSED] - Statement - PreSaveFile = new java.io.File(((pathPrefix + java.lang.Integer.toString(counter)) + .png)): null

2018-12-13 01:08:13 - [TEST_STEP][PASSED] - Statement - counter = counter + 1: null

2018-12-13 01:08:13 - [TEST_STEP][PASSED] - Statement - PreSaveFile = new java.io.File(((pathPrefix + java.lang.Integer.toString(counter)) + .png)): null

2018-12-13 01:08:13 - [TEST_STEP][PASSED] - Statement - counter = counter + 1: null

2018-12-13 01:08:13 - [TEST_STEP][PASSED] - Statement - PreSaveFile = new java.io.File(((pathPrefix + java.lang.Integer.toString(counter)) + .png)): null

2018-12-13 01:08:13 - [TEST_STEP][PASSED] - Statement - counter = counter + 1: null

2018-12-13 01:08:13 - [TEST_STEP][PASSED] - Statement - PreSaveFile = new java.io.File(((pathPrefix + java.lang.Integer.toString(counter)) + .png)): null

2018-12-13 01:08:13 - [TEST_STEP][PASSED] - Statement - counter = counter + 1: null

2018-12-13 01:08:13 - [TEST_STEP][PASSED] - Statement - PreSaveFile = new java.io.File(((pathPrefix + java.lang.Integer.toString(counter)) + .png)): null

2018-12-13 01:08:13 - [TEST_STEP][PASSED] - Statement - counter = counter + 1: null

2018-12-13 01:08:13 - [TEST_STEP][PASSED] - Statement - PreSaveFile = new java.io.File(((pathPrefix + java.lang.Integer.toString(counter)) + .png)): null

2018-12-13 01:08:13 - [TEST_STEP][PASSED] - Statement - counter = counter + 1: null

2018-12-13 01:08:13 - [TEST_STEP][PASSED] - Statement - PreSaveFile = new java.io.File(((pathPrefix + java.lang.Integer.toString(counter)) + .png)): null

2018-12-13 01:08:13 - [TEST_STEP][PASSED] - Statement - counter = counter + 1: null

2018-12-13 01:08:13 - [TEST_STEP][PASSED] - Statement - PreSaveFile = new java.io.File(((pathPrefix + java.lang.Integer.toString(counter)) + .png)): null

2018-12-13 01:08:13 - [TEST_STEP][PASSED] - Statement - counter = counter + 1: null

2018-12-13 01:08:13 - [TEST_STEP][PASSED] - Statement - PreSaveFile = new java.io.File(((pathPrefix + java.lang.Integer.toString(counter)) + .png)): null

2018-12-13 01:08:13 - [TEST_STEP][PASSED] - Statement - counter = counter + 1: null

2018-12-13 01:08:13 - [TEST_STEP][PASSED] - Statement - PreSaveFile = new java.io.File(((pathPrefix + java.lang.Integer.toString(counter)) + .png)): null

2018-12-13 01:08:13 - [TEST_STEP][PASSED] - Statement - counter = counter + 1: null

2018-12-13 01:08:13 - [TEST_STEP][PASSED] - Statement - PreSaveFile = new java.io.File(((pathPrefix + java.lang.Integer.toString(counter)) + .png)): null

2018-12-13 01:08:13 - [TEST_STEP][PASSED] - Statement - counter = counter + 1: null

2018-12-13 01:08:13 - [TEST_STEP][PASSED] - Statement - PreSaveFile = new java.io.File(((pathPrefix + java.lang.Integer.toString(counter)) + .png)): null

2018-12-13 01:08:13 - [TEST_STEP][PASSED] - Statement - counter = counter + 1: null

2018-12-13 01:08:13 - [TEST_STEP][PASSED] - Statement - PreSaveFile = new java.io.File(((pathPrefix + java.lang.Integer.toString(counter)) + .png)): null

2018-12-13 01:08:13 - [TEST_STEP][PASSED] - Statement - counter = counter + 1: null

2018-12-13 01:08:13 - [TEST_STEP][PASSED] - Statement - PreSaveFile = new java.io.File(((pathPrefix + java.lang.Integer.toString(counter)) + .png)): null

2018-12-13 01:08:13 - [TEST_STEP][PASSED] - Statement - counter = counter + 1: null

2018-12-13 01:08:13 - [TEST_STEP][PASSED] - Statement - PreSaveFile = new java.io.File(((pathPrefix + java.lang.Integer.toString(counter)) + .png)): null

2018-12-13 01:08:13 - [TEST_STEP][PASSED] - Statement - counter = counter + 1: null

2018-12-13 01:08:13 - [TEST_STEP][PASSED] - Statement - PreSaveFile = new java.io.File(((pathPrefix + java.lang.Integer.toString(counter)) + .png)): null

2018-12-13 01:08:13 - [TEST_STEP][PASSED] - Statement - counter = counter + 1: null

2018-12-13 01:08:13 - [TEST_STEP][PASSED] - Statement - PreSaveFile = new java.io.File(((pathPrefix + java.lang.Integer.toString(counter)) + .png)): null

2018-12-13 01:08:13 - [TEST_STEP][PASSED] - Statement - counter = counter + 1: null

2018-12-13 01:08:13 - [TEST_STEP][PASSED] - Statement - PreSaveFile = new java.io.File(((pathPrefix + java.lang.Integer.toString(counter)) + .png)): null

2018-12-13 01:08:13 - [TEST_STEP][PASSED] - Statement - counter = counter + 1: null

2018-12-13 01:08:13 - [TEST_STEP][PASSED] - Statement - PreSaveFile = new java.io.File(((pathPrefix + java.lang.Integer.toString(counter)) + .png)): null

2018-12-13 01:08:13 - [TEST_STEP][PASSED] - Statement - finalPath = pathPrefix + java.lang.Integer.toString(counter) + ".png": null

2018-12-13 01:08:13 - [TEST_STEP][PASSED] - Statement - SaveFile = new java.io.File(finalPath): null

2018-12-13 01:08:13 - [TEST_STEP][PASSED] - Statement - Try: null

2018-12-13 01:08:13 - [TEST_STEP][PASSED] - Statement - org.apache.commons.io.FileUtils.copyFile(scrFile, SaveFile): null

2018-12-13 01:08:13 - [TEST_STEP][PASSED] - Statement - out.println("file kept"): null

2018-12-13 01:08:13 - [TEST_STEP][PASSED] - delay: Delayed 10 second(s)

2018-12-13 01:08:23 - [MESSAGE][PASSED] - Delayed 10 second(s)

2018-12-13 01:08:23 - [MESSAGE][FAILED] - Unable to call Test Case with id 'Test Cases/Final Aug 2018 - PKS Automation/Registration Module/New Registration/Submit and Screenshot/Submit Registration and Screenshot' (Root cause: Call Test Case 'Test Cases/Final Aug 2018 - PKS Automation/Registration Module/New Registration/Submit and Screenshot/Submit Registration and Screenshot' failed)]]></system-out>
         <system-err><![CDATA[2018-12-13 00:49:55 - [TEST_CASE][FAILED] - Test Cases/Final Aug 2018 - PKS Automation/Registration Module/Workflow/New Registration/Employer to RO - Query - Submit: Test Cases/Final Aug 2018 - PKS Automation/Registration Module/Workflow/New Registration/Employer to RO - Query - Submit FAILED because (of) (Stack trace: com.kms.katalon.core.exception.StepFailedException: Unable to set text 'CRN12201800123255' of object 'Object Repository/Final Object Repo/New Registration - Registration Module Pages/New Reg - OTC to RO/Special Case - All Related Objects/TextBox RefNo in Workbasket' (Root cause: org.openqa.selenium.ElementNotVisibleException: element not interactable
  (Session info: chrome=70.0.3538.110)
  (Driver info: chromedriver=2.43.600210 (68dcf5eebde37173d4027fa8635e332711d2874a),platform=Windows NT 6.1.7601 SP1 x86_64) (WARNING: The server did not provide any stacktrace information)
Command duration or timeout: 0 milliseconds
Build info: version: '3.7.1', revision: '8a0099a', time: '2017-11-06T21:07:36.161Z'
System info: host: 'WIN7TEST02', ip: '10.20.3.72', os.name: 'Windows 7', os.arch: 'amd64', os.version: '6.1', java.version: '1.8.0_181'
Driver info: com.kms.katalon.selenium.driver.CChromeDriver
Capabilities {acceptInsecureCerts: false, acceptSslCerts: false, applicationCacheEnabled: false, browserConnectionEnabled: false, browserName: chrome, chrome: {chromedriverVersion: 2.43.600210 (68dcf5eebde371..., userDataDir: C:\Users\Admin\AppData\Loca...}, cssSelectorsEnabled: true, databaseEnabled: false, goog:chromeOptions: {debuggerAddress: localhost:59963}, handlesAlerts: true, hasTouchScreen: false, javascriptEnabled: true, locationContextEnabled: true, mobileEmulationEnabled: false, nativeEvents: true, networkConnectionEnabled: false, pageLoadStrategy: normal, platform: XP, platformName: XP, rotatable: false, setWindowRect: true, takesHeapSnapshot: true, takesScreenshot: true, unexpectedAlertBehaviour: , unhandledPromptBehavior: , version: 70.0.3538.110, webStorageEnabled: true}
Session ID: 4e696285fe2350b1817d221275150296)
	at com.kms.katalon.core.keyword.internal.KeywordMain.stepFailed(KeywordMain.groovy:32)
	at com.kms.katalon.core.webui.keyword.internal.WebUIKeywordMain.stepFailed(WebUIKeywordMain.groovy:65)
	at com.kms.katalon.core.webui.keyword.internal.WebUIKeywordMain.runKeyword(WebUIKeywordMain.groovy:27)
	at com.kms.katalon.core.webui.keyword.builtin.SetTextKeyword.setText(SetTextKeyword.groovy:65)
	at com.kms.katalon.core.webui.keyword.builtin.SetTextKeyword.execute(SetTextKeyword.groovy:37)
	at com.kms.katalon.core.keyword.internal.KeywordExecutor.executeKeywordForPlatform(KeywordExecutor.groovy:53)
	at com.kms.katalon.core.webui.keyword.WebUiBuiltInKeywords.setText(WebUiBuiltInKeywords.groovy:950)
	at com.kms.katalon.core.webui.keyword.WebUiBuiltInKeywords$setText$1.call(Unknown Source)
	at org.codehaus.groovy.runtime.callsite.CallSiteArray.defaultCall(CallSiteArray.java:48)
	at org.codehaus.groovy.runtime.callsite.AbstractCallSite.call(AbstractCallSite.java:113)
	at org.codehaus.groovy.runtime.callsite.AbstractCallSite.call(AbstractCallSite.java:133)
	at Script1537248112379.run(Script1537248112379.groovy:87)
	at com.kms.katalon.core.main.ScriptEngine.run(ScriptEngine.java:183)
	at com.kms.katalon.core.main.ScriptEngine.runScriptAsRawText(ScriptEngine.java:108)
	at com.kms.katalon.core.main.TestCaseExecutor.runScript(TestCaseExecutor.java:294)
	at com.kms.katalon.core.main.TestCaseExecutor.doExecute(TestCaseExecutor.java:285)
	at com.kms.katalon.core.main.TestCaseExecutor.processExecutionPhase(TestCaseExecutor.java:264)
	at com.kms.katalon.core.main.TestCaseExecutor.accessMainPhase(TestCaseExecutor.java:256)
	at com.kms.katalon.core.main.TestCaseExecutor.execute(TestCaseExecutor.java:200)
	at com.kms.katalon.core.main.TestSuiteExecutor.accessTestCaseMainPhase(TestSuiteExecutor.java:129)
	at com.kms.katalon.core.main.TestSuiteExecutor.accessTestSuiteMainPhase(TestSuiteExecutor.java:112)
	at com.kms.katalon.core.main.TestSuiteExecutor.execute(TestSuiteExecutor.java:81)
	at com.kms.katalon.core.main.TestCaseMain.startTestSuite(TestCaseMain.java:142)
	at com.kms.katalon.core.main.TestCaseMain$startTestSuite$0.call(Unknown Source)
	at org.codehaus.groovy.runtime.callsite.CallSiteArray.defaultCall(CallSiteArray.java:48)
	at org.codehaus.groovy.runtime.callsite.AbstractCallSite.call(AbstractCallSite.java:113)
	at org.codehaus.groovy.runtime.callsite.AbstractCallSite.call(AbstractCallSite.java:141)
	at TempTestSuite1544618906888.run(TempTestSuite1544618906888.groovy:36)
	at groovy.lang.GroovyShell.runScriptOrMainOrTestOrRunnable(GroovyShell.java:263)
	at groovy.lang.GroovyShell.run(GroovyShell.java:518)
	at groovy.lang.GroovyShell.run(GroovyShell.java:507)
	at groovy.ui.GroovyMain.processOnce(GroovyMain.java:653)
	at groovy.ui.GroovyMain.run(GroovyMain.java:384)
	at groovy.ui.GroovyMain.process(GroovyMain.java:370)
	at groovy.ui.GroovyMain.processArgs(GroovyMain.java:129)
	at groovy.ui.GroovyMain.main(GroovyMain.java:109)
	at sun.reflect.NativeMethodAccessorImpl.invoke0(Native Method)
	at sun.reflect.NativeMethodAccessorImpl.invoke(NativeMethodAccessorImpl.java:62)
	at sun.reflect.DelegatingMethodAccessorImpl.invoke(DelegatingMethodAccessorImpl.java:43)
	at java.lang.reflect.Method.invoke(Method.java:498)
	at org.codehaus.groovy.tools.GroovyStarter.rootLoader(GroovyStarter.java:109)
	at org.codehaus.groovy.tools.GroovyStarter.main(GroovyStarter.java:131)
)]]></system-err>
      </testcase>
      <testcase name="Test Cases/Final Aug 2018 - PKS Automation/Registration Module/Workflow/New Registration/Employer to RO - RO Submit" classname="Test Cases/Final Aug 2018 - PKS Automation/Registration Module/Workflow/New Registration/Employer to RO - RO Submit" status="FAILED">
         <failure type="FAILED" message="(Stack trace: com.kms.katalon.core.exception.StepFailedException: Unable to set text 'CRN12201800123256' of object 'Object Repository/Final Object Repo/New Registration - Registration Module Pages/New Reg - OTC to RO/Special Case - All Related Objects/TextBox RefNo in Workbasket' (Root cause: org.openqa.selenium.ElementNotVisibleException: element not interactable
  (Session info: chrome=70.0.3538.110)
  (Driver info: chromedriver=2.43.600210 (68dcf5eebde37173d4027fa8635e332711d2874a),platform=Windows NT 6.1.7601 SP1 x86_64) (WARNING: The server did not provide any stacktrace information)
Command duration or timeout: 0 milliseconds
Build info: version: '3.7.1', revision: '8a0099a', time: '2017-11-06T21:07:36.161Z'
System info: host: 'WIN7TEST02', ip: '10.20.3.72', os.name: 'Windows 7', os.arch: 'amd64', os.version: '6.1', java.version: '1.8.0_181'
Driver info: com.kms.katalon.selenium.driver.CChromeDriver
Capabilities {acceptInsecureCerts: false, acceptSslCerts: false, applicationCacheEnabled: false, browserConnectionEnabled: false, browserName: chrome, chrome: {chromedriverVersion: 2.43.600210 (68dcf5eebde371..., userDataDir: C:\Users\Admin\AppData\Loca...}, cssSelectorsEnabled: true, databaseEnabled: false, goog:chromeOptions: {debuggerAddress: localhost:60210}, handlesAlerts: true, hasTouchScreen: false, javascriptEnabled: true, locationContextEnabled: true, mobileEmulationEnabled: false, nativeEvents: true, networkConnectionEnabled: false, pageLoadStrategy: normal, platform: XP, platformName: XP, rotatable: false, setWindowRect: true, takesHeapSnapshot: true, takesScreenshot: true, unexpectedAlertBehaviour: , unhandledPromptBehavior: , version: 70.0.3538.110, webStorageEnabled: true}
Session ID: 32a1b0b67c5c2b9c5c32f7d4ba2930fd)
	at com.kms.katalon.core.keyword.internal.KeywordMain.stepFailed(KeywordMain.groovy:32)
	at com.kms.katalon.core.webui.keyword.internal.WebUIKeywordMain.stepFailed(WebUIKeywordMain.groovy:65)
	at com.kms.katalon.core.webui.keyword.internal.WebUIKeywordMain.runKeyword(WebUIKeywordMain.groovy:27)
	at com.kms.katalon.core.webui.keyword.builtin.SetTextKeyword.setText(SetTextKeyword.groovy:65)
	at com.kms.katalon.core.webui.keyword.builtin.SetTextKeyword.execute(SetTextKeyword.groovy:37)
	at com.kms.katalon.core.keyword.internal.KeywordExecutor.executeKeywordForPlatform(KeywordExecutor.groovy:53)
	at com.kms.katalon.core.webui.keyword.WebUiBuiltInKeywords.setText(WebUiBuiltInKeywords.groovy:950)
	at com.kms.katalon.core.webui.keyword.WebUiBuiltInKeywords$setText$1.call(Unknown Source)
	at org.codehaus.groovy.runtime.callsite.CallSiteArray.defaultCall(CallSiteArray.java:48)
	at org.codehaus.groovy.runtime.callsite.AbstractCallSite.call(AbstractCallSite.java:113)
	at org.codehaus.groovy.runtime.callsite.AbstractCallSite.call(AbstractCallSite.java:133)
	at Script1537248141682.run(Script1537248141682.groovy:80)
	at com.kms.katalon.core.main.ScriptEngine.run(ScriptEngine.java:183)
	at com.kms.katalon.core.main.ScriptEngine.runScriptAsRawText(ScriptEngine.java:108)
	at com.kms.katalon.core.main.TestCaseExecutor.runScript(TestCaseExecutor.java:294)
	at com.kms.katalon.core.main.TestCaseExecutor.doExecute(TestCaseExecutor.java:285)
	at com.kms.katalon.core.main.TestCaseExecutor.processExecutionPhase(TestCaseExecutor.java:264)
	at com.kms.katalon.core.main.TestCaseExecutor.accessMainPhase(TestCaseExecutor.java:256)
	at com.kms.katalon.core.main.TestCaseExecutor.execute(TestCaseExecutor.java:200)
	at com.kms.katalon.core.main.TestSuiteExecutor.accessTestCaseMainPhase(TestSuiteExecutor.java:129)
	at com.kms.katalon.core.main.TestSuiteExecutor.accessTestSuiteMainPhase(TestSuiteExecutor.java:112)
	at com.kms.katalon.core.main.TestSuiteExecutor.execute(TestSuiteExecutor.java:81)
	at com.kms.katalon.core.main.TestCaseMain.startTestSuite(TestCaseMain.java:142)
	at com.kms.katalon.core.main.TestCaseMain$startTestSuite$0.call(Unknown Source)
	at org.codehaus.groovy.runtime.callsite.CallSiteArray.defaultCall(CallSiteArray.java:48)
	at org.codehaus.groovy.runtime.callsite.AbstractCallSite.call(AbstractCallSite.java:113)
	at org.codehaus.groovy.runtime.callsite.AbstractCallSite.call(AbstractCallSite.java:141)
	at TempTestSuite1544618906888.run(TempTestSuite1544618906888.groovy:36)
	at groovy.lang.GroovyShell.runScriptOrMainOrTestOrRunnable(GroovyShell.java:263)
	at groovy.lang.GroovyShell.run(GroovyShell.java:518)
	at groovy.lang.GroovyShell.run(GroovyShell.java:507)
	at groovy.ui.GroovyMain.processOnce(GroovyMain.java:653)
	at groovy.ui.GroovyMain.run(GroovyMain.java:384)
	at groovy.ui.GroovyMain.process(GroovyMain.java:370)
	at groovy.ui.GroovyMain.processArgs(GroovyMain.java:129)
	at groovy.ui.GroovyMain.main(GroovyMain.java:109)
	at sun.reflect.NativeMethodAccessorImpl.invoke0(Native Method)
	at sun.reflect.NativeMethodAccessorImpl.invoke(NativeMethodAccessorImpl.java:62)
	at sun.reflect.DelegatingMethodAccessorImpl.invoke(DelegatingMethodAccessorImpl.java:43)
	at java.lang.reflect.Method.invoke(Method.java:498)
	at org.codehaus.groovy.tools.GroovyStarter.rootLoader(GroovyStarter.java:109)
	at org.codehaus.groovy.tools.GroovyStarter.main(GroovyStarter.java:131)
)"/>
         <system-out><![CDATA[2018-12-13 01:08:23 - [TEST_CASE][FAILED] - Test Cases/Final Aug 2018 - PKS Automation/Registration Module/Workflow/New Registration/Employer to RO - RO Submit: Test Cases/Final Aug 2018 - PKS Automation/Registration Module/Workflow/New Registration/Employer to RO - RO Submit FAILED because (of) (Stack trace: com.kms.katalon.core.exception.StepFailedException: Unable to set text 'CRN12201800123256' of object 'Object Repository/Final Object Repo/New Registration - Registration Module Pages/New Reg - OTC to RO/Special Case - All Related Objects/TextBox RefNo in Workbasket' (Root cause: org.openqa.selenium.ElementNotVisibleException: element not interactable
  (Session info: chrome=70.0.3538.110)
  (Driver info: chromedriver=2.43.600210 (68dcf5eebde37173d4027fa8635e332711d2874a),platform=Windows NT 6.1.7601 SP1 x86_64) (WARNING: The server did not provide any stacktrace information)
Command duration or timeout: 0 milliseconds
Build info: version: '3.7.1', revision: '8a0099a', time: '2017-11-06T21:07:36.161Z'
System info: host: 'WIN7TEST02', ip: '10.20.3.72', os.name: 'Windows 7', os.arch: 'amd64', os.version: '6.1', java.version: '1.8.0_181'
Driver info: com.kms.katalon.selenium.driver.CChromeDriver
Capabilities {acceptInsecureCerts: false, acceptSslCerts: false, applicationCacheEnabled: false, browserConnectionEnabled: false, browserName: chrome, chrome: {chromedriverVersion: 2.43.600210 (68dcf5eebde371..., userDataDir: C:\Users\Admin\AppData\Loca...}, cssSelectorsEnabled: true, databaseEnabled: false, goog:chromeOptions: {debuggerAddress: localhost:60210}, handlesAlerts: true, hasTouchScreen: false, javascriptEnabled: true, locationContextEnabled: true, mobileEmulationEnabled: false, nativeEvents: true, networkConnectionEnabled: false, pageLoadStrategy: normal, platform: XP, platformName: XP, rotatable: false, setWindowRect: true, takesHeapSnapshot: true, takesScreenshot: true, unexpectedAlertBehaviour: , unhandledPromptBehavior: , version: 70.0.3538.110, webStorageEnabled: true}
Session ID: 32a1b0b67c5c2b9c5c32f7d4ba2930fd)
	at com.kms.katalon.core.keyword.internal.KeywordMain.stepFailed(KeywordMain.groovy:32)
	at com.kms.katalon.core.webui.keyword.internal.WebUIKeywordMain.stepFailed(WebUIKeywordMain.groovy:65)
	at com.kms.katalon.core.webui.keyword.internal.WebUIKeywordMain.runKeyword(WebUIKeywordMain.groovy:27)
	at com.kms.katalon.core.webui.keyword.builtin.SetTextKeyword.setText(SetTextKeyword.groovy:65)
	at com.kms.katalon.core.webui.keyword.builtin.SetTextKeyword.execute(SetTextKeyword.groovy:37)
	at com.kms.katalon.core.keyword.internal.KeywordExecutor.executeKeywordForPlatform(KeywordExecutor.groovy:53)
	at com.kms.katalon.core.webui.keyword.WebUiBuiltInKeywords.setText(WebUiBuiltInKeywords.groovy:950)
	at com.kms.katalon.core.webui.keyword.WebUiBuiltInKeywords$setText$1.call(Unknown Source)
	at org.codehaus.groovy.runtime.callsite.CallSiteArray.defaultCall(CallSiteArray.java:48)
	at org.codehaus.groovy.runtime.callsite.AbstractCallSite.call(AbstractCallSite.java:113)
	at org.codehaus.groovy.runtime.callsite.AbstractCallSite.call(AbstractCallSite.java:133)
	at Script1537248141682.run(Script1537248141682.groovy:80)
	at com.kms.katalon.core.main.ScriptEngine.run(ScriptEngine.java:183)
	at com.kms.katalon.core.main.ScriptEngine.runScriptAsRawText(ScriptEngine.java:108)
	at com.kms.katalon.core.main.TestCaseExecutor.runScript(TestCaseExecutor.java:294)
	at com.kms.katalon.core.main.TestCaseExecutor.doExecute(TestCaseExecutor.java:285)
	at com.kms.katalon.core.main.TestCaseExecutor.processExecutionPhase(TestCaseExecutor.java:264)
	at com.kms.katalon.core.main.TestCaseExecutor.accessMainPhase(TestCaseExecutor.java:256)
	at com.kms.katalon.core.main.TestCaseExecutor.execute(TestCaseExecutor.java:200)
	at com.kms.katalon.core.main.TestSuiteExecutor.accessTestCaseMainPhase(TestSuiteExecutor.java:129)
	at com.kms.katalon.core.main.TestSuiteExecutor.accessTestSuiteMainPhase(TestSuiteExecutor.java:112)
	at com.kms.katalon.core.main.TestSuiteExecutor.execute(TestSuiteExecutor.java:81)
	at com.kms.katalon.core.main.TestCaseMain.startTestSuite(TestCaseMain.java:142)
	at com.kms.katalon.core.main.TestCaseMain$startTestSuite$0.call(Unknown Source)
	at org.codehaus.groovy.runtime.callsite.CallSiteArray.defaultCall(CallSiteArray.java:48)
	at org.codehaus.groovy.runtime.callsite.AbstractCallSite.call(AbstractCallSite.java:113)
	at org.codehaus.groovy.runtime.callsite.AbstractCallSite.call(AbstractCallSite.java:141)
	at TempTestSuite1544618906888.run(TempTestSuite1544618906888.groovy:36)
	at groovy.lang.GroovyShell.runScriptOrMainOrTestOrRunnable(GroovyShell.java:263)
	at groovy.lang.GroovyShell.run(GroovyShell.java:518)
	at groovy.lang.GroovyShell.run(GroovyShell.java:507)
	at groovy.ui.GroovyMain.processOnce(GroovyMain.java:653)
	at groovy.ui.GroovyMain.run(GroovyMain.java:384)
	at groovy.ui.GroovyMain.process(GroovyMain.java:370)
	at groovy.ui.GroovyMain.processArgs(GroovyMain.java:129)
	at groovy.ui.GroovyMain.main(GroovyMain.java:109)
	at sun.reflect.NativeMethodAccessorImpl.invoke0(Native Method)
	at sun.reflect.NativeMethodAccessorImpl.invoke(NativeMethodAccessorImpl.java:62)
	at sun.reflect.DelegatingMethodAccessorImpl.invoke(DelegatingMethodAccessorImpl.java:43)
	at java.lang.reflect.Method.invoke(Method.java:498)
	at org.codehaus.groovy.tools.GroovyStarter.rootLoader(GroovyStarter.java:109)
	at org.codehaus.groovy.tools.GroovyStarter.main(GroovyStarter.java:131)
)

2018-12-13 01:08:24 - [TEST_STEP][PASSED] - callTestCase: Call Test Case 'Test Cases/Final Aug 2018 - PKS Automation/Registration Module/Workflow/New Registration/Template/Special Case - Employer - Form 1' successfully

2018-12-13 01:08:24 - [TEST_CASE][PASSED] - Test Cases/Final Aug 2018 - PKS Automation/Registration Module/Workflow/New Registration/Template/Special Case - Employer - Form 1: Test Cases/Final Aug 2018 - PKS Automation/Registration Module/Workflow/New Registration/Template/Special Case - Employer - Form 1

2018-12-13 01:08:24 - [TEST_STEP][PASSED] - callTestCase: Call Test Case 'Test Cases/Final Aug 2018 - PKS Automation/Create Employer Acc/Create Employer Account' successfully

2018-12-13 01:08:24 - [TEST_CASE][PASSED] - Test Cases/Final Aug 2018 - PKS Automation/Create Employer Acc/Create Employer Account: Test Cases/Final Aug 2018 - PKS Automation/Create Employer Acc/Create Employer Account

2018-12-13 01:08:24 - [TEST_STEP][PASSED] - callTestCase: Call Test Case 'Test Cases/Final Aug 2018 - PKS Automation/Create Employer Acc/Template/Register Employer' successfully

2018-12-13 01:08:24 - [TEST_CASE][PASSED] - Test Cases/Final Aug 2018 - PKS Automation/Create Employer Acc/Template/Register Employer: Test Cases/Final Aug 2018 - PKS Automation/Create Employer Acc/Template/Register Employer

2018-12-13 01:08:24 - [TEST_STEP][PASSED] - openBrowser: Browser is opened with url: ''

2018-12-13 01:08:24 - [MESSAGE][WARNING] - A browser is already opened. Closing browser and opening a new one

2018-12-13 01:08:28 - [MESSAGE][PASSED] - Browser is opened with url: ''

2018-12-13 01:08:28 - [TEST_STEP][PASSED] - navigateToUrl: Navigate to 'https://assist2-uat.perkeso.gov.my/login' successfully

2018-12-13 01:08:29 - [MESSAGE][PASSED] - Navigate to 'https://assist2-uat.perkeso.gov.my/login' successfully

2018-12-13 01:08:29 - [TEST_STEP][PASSED] - setText: Text 'johorotc1@gmail.com' is set on object 'Object Repository/Final Object Repo/Login Page/Internal User/Email Address'

2018-12-13 01:08:29 - [MESSAGE][PASSED] - Text 'johorotc1@gmail.com' is set on object 'Object Repository/Final Object Repo/Login Page/Internal User/Email Address'

2018-12-13 01:08:29 - [TEST_STEP][PASSED] - click: Object: 'Object Repository/Final Object Repo/Login Page/Internal User/Next Button' is clicked on

2018-12-13 01:08:29 - [MESSAGE][PASSED] - Object: 'Object Repository/Final Object Repo/Login Page/Internal User/Next Button' is clicked on

2018-12-13 01:08:29 - [TEST_STEP][PASSED] - delay: Delayed 1 second(s)

2018-12-13 01:08:30 - [MESSAGE][PASSED] - Delayed 1 second(s)

2018-12-13 01:08:30 - [TEST_STEP][PASSED] - setEncryptedText: Text ****** has been set on object 'Object Repository/Final Object Repo/Login Page/Internal User/Password'

2018-12-13 01:08:31 - [MESSAGE][PASSED] - Text ****** has been set on object 'Object Repository/Final Object Repo/Login Page/Internal User/Password'

2018-12-13 01:08:31 - [TEST_STEP][PASSED] - click: Object: 'Object Repository/Final Object Repo/Login Page/Internal User/Login Button' is clicked on

2018-12-13 01:08:31 - [MESSAGE][PASSED] - Object: 'Object Repository/Final Object Repo/Login Page/Internal User/Login Button' is clicked on

2018-12-13 01:08:31 - [TEST_STEP][PASSED] - delay: Delayed 1 second(s)

2018-12-13 01:08:32 - [MESSAGE][PASSED] - Delayed 1 second(s)

2018-12-13 01:08:32 - [TEST_STEP][PASSED] - navigateToUrl: Navigate to 'https://assist2-uat.perkeso.gov.my/web/base/portal-id/registration' successfully

2018-12-13 01:08:34 - [MESSAGE][PASSED] - Navigate to 'https://assist2-uat.perkeso.gov.my/web/base/portal-id/registration' successfully

2018-12-13 01:08:34 - [TEST_STEP][PASSED] - setText: Text 'AUTOMATION EMPLOYER' is set on object 'Object Repository/Final Object Repo/Creating Employer Account/Page_Registration - ASSIST (Base)/Employer Name'

2018-12-13 01:08:34 - [MESSAGE][PASSED] - Text 'AUTOMATION EMPLOYER' is set on object 'Object Repository/Final Object Repo/Creating Employer Account/Page_Registration - ASSIST (Base)/Employer Name'

2018-12-13 01:08:34 - [TEST_STEP][PASSED] - delay: Delayed 2 second(s)

2018-12-13 01:08:36 - [MESSAGE][PASSED] - Delayed 2 second(s)

2018-12-13 01:08:36 - [TEST_STEP][PASSED] - click: Object: 'Object Repository/Final Object Repo/Creating Employer Account/Page_Registration - ASSIST (Base)/Registration Type' is clicked on

2018-12-13 01:08:36 - [MESSAGE][PASSED] - Object: 'Object Repository/Final Object Repo/Creating Employer Account/Page_Registration - ASSIST (Base)/Registration Type' is clicked on

2018-12-13 01:08:36 - [TEST_STEP][PASSED] - delay: Delayed 2 second(s)

2018-12-13 01:08:38 - [MESSAGE][PASSED] - Delayed 2 second(s)

2018-12-13 01:08:38 - [TEST_STEP][PASSED] - click: Object: 'Object Repository/Final Object Repo/Creating Employer Account/Page_Registration - ASSIST (Base)/Registration Type - Registration No' is clicked on

2018-12-13 01:08:38 - [MESSAGE][PASSED] - Object: 'Object Repository/Final Object Repo/Creating Employer Account/Page_Registration - ASSIST (Base)/Registration Type - Registration No' is clicked on

2018-12-13 01:08:38 - [TEST_STEP][PASSED] - delay: Delayed 2 second(s)

2018-12-13 01:08:40 - [MESSAGE][PASSED] - Delayed 2 second(s)

2018-12-13 01:08:40 - [TEST_STEP][PASSED] - setText: Text 'AUTOMATE001' is set on object 'Object Repository/Final Object Repo/Creating Employer Account/Page_Registration - ASSIST (Base)/Registration Number'

2018-12-13 01:08:41 - [MESSAGE][PASSED] - Text 'AUTOMATE001' is set on object 'Object Repository/Final Object Repo/Creating Employer Account/Page_Registration - ASSIST (Base)/Registration Number'

2018-12-13 01:08:41 - [TEST_STEP][PASSED] - delay: Delayed 2 second(s)

2018-12-13 01:08:43 - [MESSAGE][PASSED] - Delayed 2 second(s)

2018-12-13 01:08:43 - [TEST_STEP][PASSED] - setText: Text 'ADDRESS 1' is set on object 'Object Repository/Final Object Repo/Creating Employer Account/Page_Registration - ASSIST (Base)/Postal Address 1'

2018-12-13 01:08:43 - [MESSAGE][PASSED] - Text 'ADDRESS 1' is set on object 'Object Repository/Final Object Repo/Creating Employer Account/Page_Registration - ASSIST (Base)/Postal Address 1'

2018-12-13 01:08:43 - [TEST_STEP][PASSED] - setText: Text 'ADDRESS 2' is set on object 'Object Repository/Final Object Repo/Creating Employer Account/Page_Registration - ASSIST (Base)/Postal Address 2'

2018-12-13 01:08:43 - [MESSAGE][PASSED] - Text 'ADDRESS 2' is set on object 'Object Repository/Final Object Repo/Creating Employer Account/Page_Registration - ASSIST (Base)/Postal Address 2'

2018-12-13 01:08:43 - [TEST_STEP][PASSED] - click: Object: 'Object Repository/Final Object Repo/Creating Employer Account/Page_Registration - ASSIST (Base)/State' is clicked on

2018-12-13 01:08:43 - [MESSAGE][PASSED] - Object: 'Object Repository/Final Object Repo/Creating Employer Account/Page_Registration - ASSIST (Base)/State' is clicked on

2018-12-13 01:08:43 - [TEST_STEP][PASSED] - delay: Delayed 2 second(s)

2018-12-13 01:08:45 - [MESSAGE][PASSED] - Delayed 2 second(s)

2018-12-13 01:08:45 - [TEST_STEP][PASSED] - click: Object: 'Object Repository/Final Object Repo/Creating Employer Account/Page_Registration - ASSIST (Base)/State - Johor' is clicked on

2018-12-13 01:08:46 - [MESSAGE][PASSED] - Object: 'Object Repository/Final Object Repo/Creating Employer Account/Page_Registration - ASSIST (Base)/State - Johor' is clicked on

2018-12-13 01:08:46 - [TEST_STEP][PASSED] - delay: Delayed 2 second(s)

2018-12-13 01:08:48 - [MESSAGE][PASSED] - Delayed 2 second(s)

2018-12-13 01:08:48 - [TEST_STEP][PASSED] - click: Object: 'Object Repository/Final Object Repo/Creating Employer Account/Page_Registration - ASSIST (Base)/City' is clicked on

2018-12-13 01:08:48 - [MESSAGE][PASSED] - Object: 'Object Repository/Final Object Repo/Creating Employer Account/Page_Registration - ASSIST (Base)/City' is clicked on

2018-12-13 01:08:48 - [TEST_STEP][PASSED] - delay: Delayed 2 second(s)

2018-12-13 01:08:50 - [MESSAGE][PASSED] - Delayed 2 second(s)

2018-12-13 01:08:50 - [TEST_STEP][PASSED] - setText: Text 'joh' is set on object 'Object Repository/Final Object Repo/Creating Employer Account/Page_Registration - ASSIST (Base)/City - joh'

2018-12-13 01:08:50 - [MESSAGE][PASSED] - Text 'joh' is set on object 'Object Repository/Final Object Repo/Creating Employer Account/Page_Registration - ASSIST (Base)/City - joh'

2018-12-13 01:08:50 - [TEST_STEP][PASSED] - delay: Delayed 2 second(s)

2018-12-13 01:08:52 - [MESSAGE][PASSED] - Delayed 2 second(s)

2018-12-13 01:08:52 - [TEST_STEP][PASSED] - click: Object: 'Object Repository/Final Object Repo/Creating Employer Account/Page_Registration - ASSIST (Base)/City - Johor Bharu' is clicked on

2018-12-13 01:08:52 - [MESSAGE][PASSED] - Object: 'Object Repository/Final Object Repo/Creating Employer Account/Page_Registration - ASSIST (Base)/City - Johor Bharu' is clicked on

2018-12-13 01:08:52 - [TEST_STEP][PASSED] - delay: Delayed 2 second(s)

2018-12-13 01:08:54 - [MESSAGE][PASSED] - Delayed 2 second(s)

2018-12-13 01:08:54 - [TEST_STEP][PASSED] - click: Object: 'Object Repository/Final Object Repo/Creating Employer Account/Page_Registration - ASSIST (Base)/Post Code' is clicked on

2018-12-13 01:08:54 - [MESSAGE][PASSED] - Object: 'Object Repository/Final Object Repo/Creating Employer Account/Page_Registration - ASSIST (Base)/Post Code' is clicked on

2018-12-13 01:08:54 - [TEST_STEP][PASSED] - delay: Delayed 2 second(s)

2018-12-13 01:08:56 - [MESSAGE][PASSED] - Delayed 2 second(s)

2018-12-13 01:08:56 - [TEST_STEP][PASSED] - setText: Text '810' is set on object 'Object Repository/Final Object Repo/Creating Employer Account/Page_Registration - ASSIST (Base)/Post Code - 810'

2018-12-13 01:08:57 - [MESSAGE][PASSED] - Text '810' is set on object 'Object Repository/Final Object Repo/Creating Employer Account/Page_Registration - ASSIST (Base)/Post Code - 810'

2018-12-13 01:08:57 - [TEST_STEP][PASSED] - delay: Delayed 2 second(s)

2018-12-13 01:08:59 - [MESSAGE][PASSED] - Delayed 2 second(s)

2018-12-13 01:08:59 - [TEST_STEP][PASSED] - click: Object: 'Object Repository/Final Object Repo/Creating Employer Account/Page_Registration - ASSIST (Base)/Post Code - 81000' is clicked on

2018-12-13 01:08:59 - [MESSAGE][PASSED] - Object: 'Object Repository/Final Object Repo/Creating Employer Account/Page_Registration - ASSIST (Base)/Post Code - 81000' is clicked on

2018-12-13 01:08:59 - [TEST_STEP][PASSED] - delay: Delayed 2 second(s)

2018-12-13 01:09:01 - [MESSAGE][PASSED] - Delayed 2 second(s)

2018-12-13 01:09:01 - [TEST_STEP][PASSED] - setText: Text 'PERKESO' is set on object 'Object Repository/Final Object Repo/Creating Employer Account/Page_Registration - ASSIST (Base)/Full Name'

2018-12-13 01:09:01 - [MESSAGE][PASSED] - Text 'PERKESO' is set on object 'Object Repository/Final Object Repo/Creating Employer Account/Page_Registration - ASSIST (Base)/Full Name'

2018-12-13 01:09:01 - [TEST_STEP][PASSED] - Statement - rnd = new java.util.Random(): null

2018-12-13 01:09:01 - [TEST_STEP][PASSED] - Statement - snum = rnd.nextInt(899999 + 1) + 100000: null

2018-12-13 01:09:01 - [TEST_STEP][PASSED] - Statement - tnum = rnd.nextInt(899999 + 1) + 100000: null

2018-12-13 01:09:01 - [TEST_STEP][PASSED] - Statement - IC = java.lang.Integer.toString(snum) + java.lang.Integer.toString(tnum): null

2018-12-13 01:09:01 - [TEST_STEP][PASSED] - Statement - out.println(IC): null

2018-12-13 01:09:01 - [TEST_STEP][PASSED] - setText: Text '697738189590' is set on object 'Object Repository/Final Object Repo/Creating Employer Account/Page_Registration - ASSIST (Base)/Identification Number'

2018-12-13 01:09:01 - [MESSAGE][PASSED] - Text '697738189590' is set on object 'Object Repository/Final Object Repo/Creating Employer Account/Page_Registration - ASSIST (Base)/Identification Number'

2018-12-13 01:09:01 - [TEST_STEP][PASSED] - delay: Delayed 2 second(s)

2018-12-13 01:09:03 - [MESSAGE][PASSED] - Delayed 2 second(s)

2018-12-13 01:09:03 - [TEST_STEP][PASSED] - setText: Text '123456789012' is set on object 'Object Repository/Final Object Repo/Creating Employer Account/Page_Registration - ASSIST (Base)/Contact Number'

2018-12-13 01:09:04 - [MESSAGE][PASSED] - Text '123456789012' is set on object 'Object Repository/Final Object Repo/Creating Employer Account/Page_Registration - ASSIST (Base)/Contact Number'

2018-12-13 01:09:04 - [TEST_STEP][PASSED] - Statement - Email = "perkeso" + IC + "@gmail.com": null

2018-12-13 01:09:04 - [TEST_STEP][PASSED] - delay: Delayed 2 second(s)

2018-12-13 01:09:06 - [MESSAGE][PASSED] - Delayed 2 second(s)

2018-12-13 01:09:06 - [TEST_STEP][PASSED] - callTestCase: Call Test Case 'Test Cases/Final Aug 2018 - PKS Automation/Create Employer Acc/Template/Employer Email Settler' successfully

2018-12-13 01:09:06 - [TEST_CASE][PASSED] - Test Cases/Final Aug 2018 - PKS Automation/Create Employer Acc/Template/Employer Email Settler: Test Cases/Final Aug 2018 - PKS Automation/Create Employer Acc/Template/Employer Email Settler

2018-12-13 01:09:06 - [TEST_STEP][PASSED] - Statement - EmpEmailOld = new java.io.File(C://Users//Admin//Desktop//PKS//Automation Reference Point//EmpEmail.txt): null

2018-12-13 01:09:06 - [TEST_STEP][PASSED] - Statement - EmpEmailOld.delete(): null

2018-12-13 01:09:06 - [TEST_STEP][PASSED] - delay: Delayed 5 second(s)

2018-12-13 01:09:11 - [MESSAGE][PASSED] - Delayed 5 second(s)

2018-12-13 01:09:11 - [TEST_STEP][PASSED] - Statement - EmpEmail = new java.io.File(C://Users//Admin//Desktop//PKS//Automation Reference Point//EmpEmail.txt): null

2018-12-13 01:09:11 - [TEST_STEP][PASSED] - Statement - f2 = new java.io.FileWriter(EmpEmail, false): null

2018-12-13 01:09:11 - [TEST_STEP][PASSED] - Statement - f2.write(Email): null

2018-12-13 01:09:11 - [TEST_STEP][PASSED] - Statement - f2.close(): null

2018-12-13 01:09:11 - [TEST_STEP][PASSED] - Statement - out.println(Email): null

2018-12-13 01:09:11 - [MESSAGE][PASSED] - Call Test Case 'Test Cases/Final Aug 2018 - PKS Automation/Create Employer Acc/Template/Employer Email Settler' successfully

2018-12-13 01:09:11 - [TEST_STEP][PASSED] - delay: Delayed 2 second(s)

2018-12-13 01:09:13 - [MESSAGE][PASSED] - Delayed 2 second(s)

2018-12-13 01:09:13 - [TEST_STEP][PASSED] - setText: Text 'perkeso697738189590@gmail.com' is set on object 'Object Repository/Final Object Repo/Creating Employer Account/Page_Registration - ASSIST (Base)/Email'

2018-12-13 01:09:13 - [MESSAGE][PASSED] - Text 'perkeso697738189590@gmail.com' is set on object 'Object Repository/Final Object Repo/Creating Employer Account/Page_Registration - ASSIST (Base)/Email'

2018-12-13 01:09:13 - [TEST_STEP][PASSED] - setText: Text '123' is set on object 'Object Repository/Final Object Repo/Creating Employer Account/Page_Registration - ASSIST (Base)/Security Phase'

2018-12-13 01:09:13 - [MESSAGE][PASSED] - Text '123' is set on object 'Object Repository/Final Object Repo/Creating Employer Account/Page_Registration - ASSIST (Base)/Security Phase'

2018-12-13 01:09:13 - [TEST_STEP][PASSED] - click: Object: 'Object Repository/Final Object Repo/Creating Employer Account/Page_Registration - ASSIST (Base)/Save  Continue' is clicked on

2018-12-13 01:09:14 - [MESSAGE][PASSED] - Object: 'Object Repository/Final Object Repo/Creating Employer Account/Page_Registration - ASSIST (Base)/Save  Continue' is clicked on

2018-12-13 01:09:14 - [TEST_STEP][PASSED] - delay: Delayed 2 second(s)

2018-12-13 01:09:16 - [MESSAGE][PASSED] - Delayed 2 second(s)

2018-12-13 01:09:16 - [TEST_STEP][PASSED] - click: Object: 'Object Repository/Final Object Repo/Creating Employer Account/Page_Registration - ASSIST (Base)/Add Document' is clicked on

2018-12-13 01:09:16 - [MESSAGE][PASSED] - Object: 'Object Repository/Final Object Repo/Creating Employer Account/Page_Registration - ASSIST (Base)/Add Document' is clicked on

2018-12-13 01:09:16 - [TEST_STEP][PASSED] - delay: Delayed 2 second(s)

2018-12-13 01:09:18 - [MESSAGE][PASSED] - Delayed 2 second(s)

2018-12-13 01:09:18 - [TEST_STEP][PASSED] - click: Object: 'Object Repository/Final Object Repo/Creating Employer Account/Page_Registration - ASSIST (Base)/Document Type' is clicked on

2018-12-13 01:09:18 - [MESSAGE][PASSED] - Object: 'Object Repository/Final Object Repo/Creating Employer Account/Page_Registration - ASSIST (Base)/Document Type' is clicked on

2018-12-13 01:09:18 - [TEST_STEP][PASSED] - delay: Delayed 2 second(s)

2018-12-13 01:09:20 - [MESSAGE][PASSED] - Delayed 2 second(s)

2018-12-13 01:09:20 - [TEST_STEP][PASSED] - click: Object: 'Object Repository/Final Object Repo/Creating Employer Account/Page_Registration - ASSIST (Base)/Document Type - Letter of Authorization' is clicked on

2018-12-13 01:09:20 - [MESSAGE][PASSED] - Object: 'Object Repository/Final Object Repo/Creating Employer Account/Page_Registration - ASSIST (Base)/Document Type - Letter of Authorization' is clicked on

2018-12-13 01:09:20 - [TEST_STEP][PASSED] - delay: Delayed 2 second(s)

2018-12-13 01:09:22 - [MESSAGE][PASSED] - Delayed 2 second(s)

2018-12-13 01:09:22 - [TEST_STEP][PASSED] - sendKeys: Keys 'C:\Users\Public\Pictures\Sample Pictures\Koala.jpg' sent to object: 'Object Repository/Final Object Repo/Creating Employer Account/Page_Registration - ASSIST (Base)/Uploading File'

2018-12-13 01:09:22 - [MESSAGE][PASSED] - Keys 'C:\Users\Public\Pictures\Sample Pictures\Koala.jpg' sent to object: 'Object Repository/Final Object Repo/Creating Employer Account/Page_Registration - ASSIST (Base)/Uploading File'

2018-12-13 01:09:22 - [TEST_STEP][PASSED] - delay: Delayed 2 second(s)

2018-12-13 01:09:24 - [MESSAGE][PASSED] - Delayed 2 second(s)

2018-12-13 01:09:24 - [TEST_STEP][PASSED] - click: Object: 'Object Repository/Final Object Repo/Creating Employer Account/Page_Registration - ASSIST (Base)/Add Document in Uploading File' is clicked on

2018-12-13 01:09:24 - [MESSAGE][PASSED] - Object: 'Object Repository/Final Object Repo/Creating Employer Account/Page_Registration - ASSIST (Base)/Add Document in Uploading File' is clicked on

2018-12-13 01:09:24 - [TEST_STEP][PASSED] - delay: Delayed 2 second(s)

2018-12-13 01:09:26 - [MESSAGE][PASSED] - Delayed 2 second(s)

2018-12-13 01:09:26 - [TEST_STEP][PASSED] - click: Object: 'Object Repository/Final Object Repo/Creating Employer Account/Page_Registration - ASSIST (Base)/Save' is clicked on

2018-12-13 01:09:27 - [MESSAGE][PASSED] - Object: 'Object Repository/Final Object Repo/Creating Employer Account/Page_Registration - ASSIST (Base)/Save' is clicked on

2018-12-13 01:09:27 - [TEST_STEP][PASSED] - delay: Delayed 2 second(s)

2018-12-13 01:09:29 - [MESSAGE][PASSED] - Delayed 2 second(s)

2018-12-13 01:09:29 - [TEST_STEP][PASSED] - click: Object: 'Object Repository/Final Object Repo/Creating Employer Account/Page_Registration - ASSIST (Base)/Submit' is clicked on

2018-12-13 01:09:29 - [MESSAGE][PASSED] - Object: 'Object Repository/Final Object Repo/Creating Employer Account/Page_Registration - ASSIST (Base)/Submit' is clicked on

2018-12-13 01:09:29 - [TEST_STEP][PASSED] - delay: Delayed 2 second(s)

2018-12-13 01:09:31 - [MESSAGE][PASSED] - Delayed 2 second(s)

2018-12-13 01:09:31 - [TEST_STEP][PASSED] - click: Object: 'Object Repository/Final Object Repo/Creating Employer Account/Page_Registration - ASSIST (Base)/Confirm' is clicked on

2018-12-13 01:09:31 - [MESSAGE][PASSED] - Object: 'Object Repository/Final Object Repo/Creating Employer Account/Page_Registration - ASSIST (Base)/Confirm' is clicked on

2018-12-13 01:09:31 - [MESSAGE][PASSED] - Call Test Case 'Test Cases/Final Aug 2018 - PKS Automation/Create Employer Acc/Template/Register Employer' successfully

2018-12-13 01:09:31 - [TEST_STEP][PASSED] - delay: Delayed 1 second(s)

2018-12-13 01:09:32 - [MESSAGE][PASSED] - Delayed 1 second(s)

2018-12-13 01:09:32 - [TEST_STEP][PASSED] - navigateToUrl: Navigate to 'https://assist2-uat.perkeso.gov.my/c/portal/logout' successfully

2018-12-13 01:09:34 - [MESSAGE][PASSED] - Navigate to 'https://assist2-uat.perkeso.gov.my/c/portal/logout' successfully

2018-12-13 01:09:34 - [TEST_STEP][PASSED] - delay: Delayed 1 second(s)

2018-12-13 01:09:35 - [MESSAGE][PASSED] - Delayed 1 second(s)

2018-12-13 01:09:35 - [TEST_STEP][PASSED] - callTestCase: Call Test Case 'Test Cases/Final Aug 2018 - PKS Automation/Create Employer Acc/Template/Change Password of Employer' successfully

2018-12-13 01:09:35 - [TEST_CASE][PASSED] - Test Cases/Final Aug 2018 - PKS Automation/Create Employer Acc/Template/Change Password of Employer: Test Cases/Final Aug 2018 - PKS Automation/Create Employer Acc/Template/Change Password of Employer

2018-12-13 01:09:35 - [TEST_STEP][PASSED] - openBrowser: Browser is opened with url: ''

2018-12-13 01:09:35 - [MESSAGE][WARNING] - A browser is already opened. Closing browser and opening a new one

2018-12-13 01:09:39 - [MESSAGE][PASSED] - Browser is opened with url: ''

2018-12-13 01:09:39 - [TEST_STEP][PASSED] - navigateToUrl: Navigate to 'https://assist2-uat.perkeso.gov.my/login' successfully

2018-12-13 01:09:40 - [MESSAGE][PASSED] - Navigate to 'https://assist2-uat.perkeso.gov.my/login' successfully

2018-12-13 01:09:40 - [TEST_STEP][PASSED] - delay: Delayed 5 second(s)

2018-12-13 01:09:45 - [MESSAGE][PASSED] - Delayed 5 second(s)

2018-12-13 01:09:45 - [TEST_STEP][PASSED] - setText: Text 'test@liferay.com' is set on object 'Object Repository/Final Object Repo/Login Page/Internal User/Email Address'

2018-12-13 01:09:45 - [MESSAGE][PASSED] - Text 'test@liferay.com' is set on object 'Object Repository/Final Object Repo/Login Page/Internal User/Email Address'

2018-12-13 01:09:45 - [TEST_STEP][PASSED] - click: Object: 'Object Repository/Final Object Repo/Login Page/Internal User/Next Button' is clicked on

2018-12-13 01:09:45 - [MESSAGE][PASSED] - Object: 'Object Repository/Final Object Repo/Login Page/Internal User/Next Button' is clicked on

2018-12-13 01:09:45 - [TEST_STEP][PASSED] - delay: Delayed 2 second(s)

2018-12-13 01:09:47 - [MESSAGE][PASSED] - Delayed 2 second(s)

2018-12-13 01:09:47 - [TEST_STEP][PASSED] - setText: Text 'test' is set on object 'Object Repository/Final Object Repo/Login Page/Internal User/Password'

2018-12-13 01:09:47 - [MESSAGE][PASSED] - Text 'test' is set on object 'Object Repository/Final Object Repo/Login Page/Internal User/Password'

2018-12-13 01:09:47 - [TEST_STEP][PASSED] - delay: Delayed 2 second(s)

2018-12-13 01:09:49 - [MESSAGE][PASSED] - Delayed 2 second(s)

2018-12-13 01:09:49 - [TEST_STEP][PASSED] - click: Object: 'Object Repository/Final Object Repo/Login Page/Internal User/Login Button' is clicked on

2018-12-13 01:09:50 - [MESSAGE][PASSED] - Object: 'Object Repository/Final Object Repo/Login Page/Internal User/Login Button' is clicked on

2018-12-13 01:09:50 - [TEST_STEP][PASSED] - delay: Delayed 3 second(s)

2018-12-13 01:09:53 - [MESSAGE][PASSED] - Delayed 3 second(s)

2018-12-13 01:09:53 - [TEST_STEP][PASSED] - navigateToUrl: Navigate to 'https://assist2-uat.perkeso.gov.my/group/control_panel/manage?p_p_id=125&p_p_lifecycle=0&p_p_state=maximized&p_p_mode=view&refererPlid=20455&_125_usersListView=flat-users&_125_toolbarItem=view-all-users&_125_saveUsersListView=true&_125_struts_action=%2Fusers_admin%2Fview' successfully

2018-12-13 01:09:54 - [MESSAGE][PASSED] - Navigate to 'https://assist2-uat.perkeso.gov.my/group/control_panel/manage?p_p_id=125&p_p_lifecycle=0&p_p_state=maximized&p_p_mode=view&refererPlid=20455&_125_usersListView=flat-users&_125_toolbarItem=view-all-users&_125_saveUsersListView=true&_125_struts_action=%2Fusers_admin%2Fview' successfully

2018-12-13 01:09:54 - [TEST_STEP][PASSED] - delay: Delayed 3 second(s)

2018-12-13 01:09:57 - [MESSAGE][PASSED] - Delayed 3 second(s)

2018-12-13 01:09:57 - [TEST_STEP][PASSED] - setText: Text 'perkeso697738189590@gmail.com' is set on object 'Object Repository/Final Object Repo/Creating Employer Account/Page_Users and Organizations - ASSIST/Employer name'

2018-12-13 01:09:58 - [MESSAGE][PASSED] - Text 'perkeso697738189590@gmail.com' is set on object 'Object Repository/Final Object Repo/Creating Employer Account/Page_Users and Organizations - ASSIST/Employer name'

2018-12-13 01:09:58 - [TEST_STEP][PASSED] - delay: Delayed 3 second(s)

2018-12-13 01:10:01 - [MESSAGE][PASSED] - Delayed 3 second(s)

2018-12-13 01:10:01 - [TEST_STEP][PASSED] - click: Object: 'Object Repository/Final Object Repo/Creating Employer Account/Page_Users and Organizations - ASSIST/Search' is clicked on

2018-12-13 01:10:01 - [MESSAGE][PASSED] - Object: 'Object Repository/Final Object Repo/Creating Employer Account/Page_Users and Organizations - ASSIST/Search' is clicked on

2018-12-13 01:10:01 - [TEST_STEP][PASSED] - delay: Delayed 3 second(s)

2018-12-13 01:10:04 - [MESSAGE][PASSED] - Delayed 3 second(s)

2018-12-13 01:10:04 - [TEST_STEP][PASSED] - click: Object: 'Object Repository/Final Object Repo/Creating Employer Account/Page_Users and Organizations - ASSIST/Action' is clicked on

2018-12-13 01:10:04 - [MESSAGE][PASSED] - Object: 'Object Repository/Final Object Repo/Creating Employer Account/Page_Users and Organizations - ASSIST/Action' is clicked on

2018-12-13 01:10:04 - [TEST_STEP][PASSED] - delay: Delayed 3 second(s)

2018-12-13 01:10:07 - [MESSAGE][PASSED] - Delayed 3 second(s)

2018-12-13 01:10:07 - [TEST_STEP][PASSED] - click: Object: 'Object Repository/Final Object Repo/Creating Employer Account/Page_Users and Organizations - ASSIST/Edit' is clicked on

2018-12-13 01:10:09 - [MESSAGE][PASSED] - Object: 'Object Repository/Final Object Repo/Creating Employer Account/Page_Users and Organizations - ASSIST/Edit' is clicked on

2018-12-13 01:10:09 - [TEST_STEP][PASSED] - delay: Delayed 3 second(s)

2018-12-13 01:10:12 - [MESSAGE][PASSED] - Delayed 3 second(s)

2018-12-13 01:10:12 - [TEST_STEP][PASSED] - click: Object: 'Object Repository/Final Object Repo/Creating Employer Account/Page_PERKESO - Users and Organizati/a_Password (Modified)' is clicked on

2018-12-13 01:10:12 - [MESSAGE][PASSED] - Object: 'Object Repository/Final Object Repo/Creating Employer Account/Page_PERKESO - Users and Organizati/a_Password (Modified)' is clicked on

2018-12-13 01:10:12 - [TEST_STEP][PASSED] - delay: Delayed 3 second(s)

2018-12-13 01:10:15 - [MESSAGE][PASSED] - Delayed 3 second(s)

2018-12-13 01:10:15 - [TEST_STEP][PASSED] - setEncryptedText: Text ****** has been set on object 'Object Repository/Final Object Repo/Creating Employer Account/Page_PERKESO - Users and Organizati/input__125_password1'

2018-12-13 01:10:15 - [MESSAGE][PASSED] - Text ****** has been set on object 'Object Repository/Final Object Repo/Creating Employer Account/Page_PERKESO - Users and Organizati/input__125_password1'

2018-12-13 01:10:15 - [TEST_STEP][PASSED] - delay: Delayed 3 second(s)

2018-12-13 01:10:18 - [MESSAGE][PASSED] - Delayed 3 second(s)

2018-12-13 01:10:18 - [TEST_STEP][PASSED] - setEncryptedText: Text ****** has been set on object 'Object Repository/Final Object Repo/Creating Employer Account/Page_PERKESO - Users and Organizati/input__125_password2'

2018-12-13 01:10:18 - [MESSAGE][PASSED] - Text ****** has been set on object 'Object Repository/Final Object Repo/Creating Employer Account/Page_PERKESO - Users and Organizati/input__125_password2'

2018-12-13 01:10:18 - [TEST_STEP][PASSED] - delay: Delayed 3 second(s)

2018-12-13 01:10:21 - [MESSAGE][PASSED] - Delayed 3 second(s)

2018-12-13 01:10:21 - [TEST_STEP][PASSED] - click: Object: 'Object Repository/Final Object Repo/Creating Employer Account/Page_PERKESO - Users and Organizati/Save' is clicked on

2018-12-13 01:10:23 - [MESSAGE][PASSED] - Object: 'Object Repository/Final Object Repo/Creating Employer Account/Page_PERKESO - Users and Organizati/Save' is clicked on

2018-12-13 01:10:23 - [MESSAGE][PASSED] - Call Test Case 'Test Cases/Final Aug 2018 - PKS Automation/Create Employer Acc/Template/Change Password of Employer' successfully

2018-12-13 01:10:23 - [TEST_STEP][PASSED] - delay: Delayed 1 second(s)

2018-12-13 01:10:24 - [MESSAGE][PASSED] - Delayed 1 second(s)

2018-12-13 01:10:24 - [TEST_STEP][PASSED] - navigateToUrl: Navigate to 'https://assist2-uat.perkeso.gov.my/c/portal/logout' successfully

2018-12-13 01:10:25 - [MESSAGE][PASSED] - Navigate to 'https://assist2-uat.perkeso.gov.my/c/portal/logout' successfully

2018-12-13 01:10:25 - [TEST_STEP][PASSED] - delay: Delayed 1 second(s)

2018-12-13 01:10:26 - [MESSAGE][PASSED] - Delayed 1 second(s)

2018-12-13 01:10:26 - [TEST_STEP][PASSED] - callTestCase: Call Test Case 'Test Cases/Final Aug 2018 - PKS Automation/Create Employer Acc/Template/Login to Employer Account (First Time)' successfully

2018-12-13 01:10:26 - [TEST_CASE][PASSED] - Test Cases/Final Aug 2018 - PKS Automation/Create Employer Acc/Template/Login to Employer Account (First Time): Test Cases/Final Aug 2018 - PKS Automation/Create Employer Acc/Template/Login to Employer Account (First Time)

2018-12-13 01:10:26 - [TEST_STEP][PASSED] - openBrowser: Browser is opened with url: ''

2018-12-13 01:10:26 - [MESSAGE][WARNING] - A browser is already opened. Closing browser and opening a new one

2018-12-13 01:10:30 - [MESSAGE][PASSED] - Browser is opened with url: ''

2018-12-13 01:10:30 - [TEST_STEP][PASSED] - navigateToUrl: Navigate to 'https://assist2-uat.perkeso.gov.my/employer/login' successfully

2018-12-13 01:10:31 - [MESSAGE][PASSED] - Navigate to 'https://assist2-uat.perkeso.gov.my/employer/login' successfully

2018-12-13 01:10:31 - [TEST_STEP][PASSED] - delay: Delayed 3 second(s)

2018-12-13 01:10:34 - [MESSAGE][PASSED] - Delayed 3 second(s)

2018-12-13 01:10:34 - [TEST_STEP][PASSED] - callTestCase: Call Test Case 'Test Cases/Final Aug 2018 - PKS Automation/Create Employer Acc/Template/Employer Email Getter' successfully

2018-12-13 01:10:34 - [TEST_CASE][PASSED] - Test Cases/Final Aug 2018 - PKS Automation/Create Employer Acc/Template/Employer Email Getter: Test Cases/Final Aug 2018 - PKS Automation/Create Employer Acc/Template/Employer Email Getter

2018-12-13 01:10:34 - [TEST_STEP][PASSED] - Statement - Try: null

2018-12-13 01:10:34 - [TEST_STEP][PASSED] - Statement - EmpEmail = new java.io.File(C://Users//Admin//Desktop//PKS//Automation Reference Point//EmpEmail.txt): null

2018-12-13 01:10:34 - [TEST_STEP][PASSED] - Statement - bufferread = new java.io.BufferedReader(new java.io.FileReader(EmpEmail)): null

2018-12-13 01:10:34 - [TEST_STEP][PASSED] - Statement - readedVal = bufferread.readLine(): null

2018-12-13 01:10:34 - [TEST_STEP][PASSED] - Statement - out.println(readedVal): null

2018-12-13 01:10:34 - [TEST_STEP][PASSED] - Statement - Email = readedVal: null

2018-12-13 01:10:34 - [MESSAGE][PASSED] - Call Test Case 'Test Cases/Final Aug 2018 - PKS Automation/Create Employer Acc/Template/Employer Email Getter' successfully

2018-12-13 01:10:34 - [TEST_STEP][PASSED] - setText: Text 'perkeso697738189590@gmail.com' is set on object 'Object Repository/Final Object Repo/Login Page/External Login Page/Email'

2018-12-13 01:10:34 - [MESSAGE][PASSED] - Text 'perkeso697738189590@gmail.com' is set on object 'Object Repository/Final Object Repo/Login Page/External Login Page/Email'

2018-12-13 01:10:34 - [TEST_STEP][PASSED] - click: Object: 'Object Repository/Final Object Repo/Login Page/External Login Page/Next' is clicked on

2018-12-13 01:10:34 - [MESSAGE][PASSED] - Object: 'Object Repository/Final Object Repo/Login Page/External Login Page/Next' is clicked on

2018-12-13 01:10:34 - [TEST_STEP][PASSED] - delay: Delayed 3 second(s)

2018-12-13 01:10:37 - [MESSAGE][PASSED] - Delayed 3 second(s)

2018-12-13 01:10:37 - [TEST_STEP][PASSED] - setEncryptedText: Text ****** has been set on object 'Object Repository/Final Object Repo/Login Page/External Login Page/Password'

2018-12-13 01:10:38 - [MESSAGE][PASSED] - Text ****** has been set on object 'Object Repository/Final Object Repo/Login Page/External Login Page/Password'

2018-12-13 01:10:38 - [TEST_STEP][PASSED] - click: Object: 'Object Repository/Final Object Repo/Login Page/External Login Page/Login' is clicked on

2018-12-13 01:10:38 - [MESSAGE][PASSED] - Object: 'Object Repository/Final Object Repo/Login Page/External Login Page/Login' is clicked on

2018-12-13 01:10:38 - [TEST_STEP][PASSED] - delay: Delayed 3 second(s)

2018-12-13 01:10:41 - [MESSAGE][PASSED] - Delayed 3 second(s)

2018-12-13 01:10:41 - [TEST_STEP][PASSED] - click: Object: 'Object Repository/Final Object Repo/Creating Employer Account/Page_Terms of Use - ASSIST/button_I Agree' is clicked on

2018-12-13 01:10:41 - [MESSAGE][PASSED] - Object: 'Object Repository/Final Object Repo/Creating Employer Account/Page_Terms of Use - ASSIST/button_I Agree' is clicked on

2018-12-13 01:10:41 - [TEST_STEP][PASSED] - delay: Delayed 2 second(s)

2018-12-13 01:10:43 - [MESSAGE][PASSED] - Delayed 2 second(s)

2018-12-13 01:10:43 - [TEST_STEP][PASSED] - setEncryptedText: Text ****** has been set on object 'Object Repository/Final Object Repo/Creating Employer Account/Page_New Password - ASSIST/input_password1'

2018-12-13 01:10:43 - [MESSAGE][PASSED] - Text ****** has been set on object 'Object Repository/Final Object Repo/Creating Employer Account/Page_New Password - ASSIST/input_password1'

2018-12-13 01:10:43 - [TEST_STEP][PASSED] - setEncryptedText: Text ****** has been set on object 'Object Repository/Final Object Repo/Creating Employer Account/Page_New Password - ASSIST/input_password2'

2018-12-13 01:10:43 - [MESSAGE][PASSED] - Text ****** has been set on object 'Object Repository/Final Object Repo/Creating Employer Account/Page_New Password - ASSIST/input_password2'

2018-12-13 01:10:43 - [TEST_STEP][PASSED] - delay: Delayed 2 second(s)

2018-12-13 01:10:45 - [MESSAGE][PASSED] - Delayed 2 second(s)

2018-12-13 01:10:45 - [TEST_STEP][PASSED] - click: Object: 'Object Repository/Final Object Repo/Creating Employer Account/Page_New Password - ASSIST/Save' is clicked on

2018-12-13 01:10:46 - [MESSAGE][PASSED] - Object: 'Object Repository/Final Object Repo/Creating Employer Account/Page_New Password - ASSIST/Save' is clicked on

2018-12-13 01:10:46 - [TEST_STEP][PASSED] - delay: Delayed 2 second(s)

2018-12-13 01:10:48 - [MESSAGE][PASSED] - Delayed 2 second(s)

2018-12-13 01:10:48 - [TEST_STEP][PASSED] - setText: Text 'test' is set on object 'Object Repository/Final Object Repo/Creating Employer Account/Page_Password Reminder - ASSIST/Reminder Query Answer'

2018-12-13 01:10:48 - [MESSAGE][PASSED] - Text 'test' is set on object 'Object Repository/Final Object Repo/Creating Employer Account/Page_Password Reminder - ASSIST/Reminder Query Answer'

2018-12-13 01:10:48 - [TEST_STEP][PASSED] - delay: Delayed 2 second(s)

2018-12-13 01:10:50 - [MESSAGE][PASSED] - Delayed 2 second(s)

2018-12-13 01:10:50 - [TEST_STEP][PASSED] - doubleClick: Object: 'Object Repository/Final Object Repo/Creating Employer Account/Page_Password Reminder - ASSIST/Save' is double clicked on

2018-12-13 01:10:50 - [MESSAGE][PASSED] - Object: 'Object Repository/Final Object Repo/Creating Employer Account/Page_Password Reminder - ASSIST/Save' is double clicked on

2018-12-13 01:10:50 - [MESSAGE][PASSED] - Call Test Case 'Test Cases/Final Aug 2018 - PKS Automation/Create Employer Acc/Template/Login to Employer Account (First Time)' successfully

2018-12-13 01:10:50 - [MESSAGE][PASSED] - Call Test Case 'Test Cases/Final Aug 2018 - PKS Automation/Create Employer Acc/Create Employer Account' successfully

2018-12-13 01:10:50 - [TEST_STEP][PASSED] - callTestCase: Call Test Case 'Test Cases/Final Aug 2018 - PKS Automation/Registration Module/Log Out/log out avoiding katalon tagging' successfully

2018-12-13 01:10:50 - [TEST_CASE][PASSED] - Test Cases/Final Aug 2018 - PKS Automation/Registration Module/Log Out/log out avoiding katalon tagging: Test Cases/Final Aug 2018 - PKS Automation/Registration Module/Log Out/log out avoiding katalon tagging

2018-12-13 01:10:50 - [TEST_STEP][PASSED] - navigateToUrl: Navigate to 'https://assist2-uat.perkeso.gov.my/c/portal/logout' successfully

2018-12-13 01:10:53 - [MESSAGE][PASSED] - Navigate to 'https://assist2-uat.perkeso.gov.my/c/portal/logout' successfully

2018-12-13 01:10:53 - [MESSAGE][PASSED] - Call Test Case 'Test Cases/Final Aug 2018 - PKS Automation/Registration Module/Log Out/log out avoiding katalon tagging' successfully

2018-12-13 01:10:53 - [TEST_STEP][PASSED] - callTestCase: Call Test Case 'Test Cases/Final Aug 2018 - PKS Automation/Create Employer Acc/Login to Employer Account (Second time)' successfully

2018-12-13 01:10:53 - [TEST_CASE][PASSED] - Test Cases/Final Aug 2018 - PKS Automation/Create Employer Acc/Login to Employer Account (Second time): Test Cases/Final Aug 2018 - PKS Automation/Create Employer Acc/Login to Employer Account (Second time)

2018-12-13 01:10:53 - [TEST_STEP][PASSED] - openBrowser: Browser is opened with url: ''

2018-12-13 01:10:53 - [MESSAGE][WARNING] - A browser is already opened. Closing browser and opening a new one

2018-12-13 01:10:57 - [MESSAGE][PASSED] - Browser is opened with url: ''

2018-12-13 01:10:57 - [TEST_STEP][PASSED] - navigateToUrl: Navigate to 'https://assist2-uat.perkeso.gov.my/employer/login' successfully

2018-12-13 01:10:58 - [MESSAGE][PASSED] - Navigate to 'https://assist2-uat.perkeso.gov.my/employer/login' successfully

2018-12-13 01:10:58 - [TEST_STEP][PASSED] - delay: Delayed 3 second(s)

2018-12-13 01:11:01 - [MESSAGE][PASSED] - Delayed 3 second(s)

2018-12-13 01:11:01 - [TEST_STEP][PASSED] - callTestCase: Call Test Case 'Test Cases/Final Aug 2018 - PKS Automation/Create Employer Acc/Template/Employer Email Getter' successfully

2018-12-13 01:11:01 - [TEST_CASE][PASSED] - Test Cases/Final Aug 2018 - PKS Automation/Create Employer Acc/Template/Employer Email Getter: Test Cases/Final Aug 2018 - PKS Automation/Create Employer Acc/Template/Employer Email Getter

2018-12-13 01:11:01 - [TEST_STEP][PASSED] - Statement - Try: null

2018-12-13 01:11:01 - [TEST_STEP][PASSED] - Statement - EmpEmail = new java.io.File(C://Users//Admin//Desktop//PKS//Automation Reference Point//EmpEmail.txt): null

2018-12-13 01:11:01 - [TEST_STEP][PASSED] - Statement - bufferread = new java.io.BufferedReader(new java.io.FileReader(EmpEmail)): null

2018-12-13 01:11:01 - [TEST_STEP][PASSED] - Statement - readedVal = bufferread.readLine(): null

2018-12-13 01:11:01 - [TEST_STEP][PASSED] - Statement - out.println(readedVal): null

2018-12-13 01:11:01 - [TEST_STEP][PASSED] - Statement - Email = readedVal: null

2018-12-13 01:11:01 - [MESSAGE][PASSED] - Call Test Case 'Test Cases/Final Aug 2018 - PKS Automation/Create Employer Acc/Template/Employer Email Getter' successfully

2018-12-13 01:11:01 - [TEST_STEP][PASSED] - setText: Text 'perkeso697738189590@gmail.com' is set on object 'Object Repository/Final Object Repo/Login Page/External Login Page/Email'

2018-12-13 01:11:01 - [MESSAGE][PASSED] - Text 'perkeso697738189590@gmail.com' is set on object 'Object Repository/Final Object Repo/Login Page/External Login Page/Email'

2018-12-13 01:11:01 - [TEST_STEP][PASSED] - click: Object: 'Object Repository/Final Object Repo/Login Page/External Login Page/Next' is clicked on

2018-12-13 01:11:02 - [MESSAGE][PASSED] - Object: 'Object Repository/Final Object Repo/Login Page/External Login Page/Next' is clicked on

2018-12-13 01:11:02 - [TEST_STEP][PASSED] - delay: Delayed 3 second(s)

2018-12-13 01:11:05 - [MESSAGE][PASSED] - Delayed 3 second(s)

2018-12-13 01:11:05 - [TEST_STEP][PASSED] - setEncryptedText: Text ****** has been set on object 'Object Repository/Final Object Repo/Login Page/External Login Page/Password'

2018-12-13 01:11:05 - [MESSAGE][PASSED] - Text ****** has been set on object 'Object Repository/Final Object Repo/Login Page/External Login Page/Password'

2018-12-13 01:11:05 - [TEST_STEP][PASSED] - click: Object: 'Object Repository/Final Object Repo/Login Page/External Login Page/Login' is clicked on

2018-12-13 01:11:05 - [MESSAGE][PASSED] - Object: 'Object Repository/Final Object Repo/Login Page/External Login Page/Login' is clicked on

2018-12-13 01:11:05 - [TEST_STEP][PASSED] - delay: Delayed 5 second(s)

2018-12-13 01:11:10 - [MESSAGE][PASSED] - Delayed 5 second(s)

2018-12-13 01:11:10 - [MESSAGE][PASSED] - Call Test Case 'Test Cases/Final Aug 2018 - PKS Automation/Create Employer Acc/Login to Employer Account (Second time)' successfully

2018-12-13 01:11:10 - [TEST_STEP][PASSED] - Statement - Try: null

2018-12-13 01:11:10 - [TEST_STEP][PASSED] - Statement - Checker = com.kms.katalon.core.webui.keyword.WebUiBuiltInKeywords.verifyElementNotPresent("Final Object Repo/Landing Page/Select to English", 3): null

2018-12-13 01:11:10 - [TEST_STEP][PASSED] - Statement - Catch (Exception e): null

2018-12-13 01:11:10 - [TEST_STEP][PASSED] - Statement - e.printStackTrace(): null

2018-12-13 01:11:10 - [TEST_STEP][PASSED] - delay: Delayed 5 second(s)

2018-12-13 01:11:15 - [MESSAGE][PASSED] - Delayed 5 second(s)

2018-12-13 01:11:15 - [TEST_STEP][PASSED] - click: Object: 'Object Repository/Final Object Repo/Landing Page/My Sites Drop Down' is clicked on

2018-12-13 01:11:15 - [MESSAGE][PASSED] - Object: 'Object Repository/Final Object Repo/Landing Page/My Sites Drop Down' is clicked on

2018-12-13 01:11:15 - [TEST_STEP][PASSED] - click: Object: 'Object Repository/Final Object Repo/Landing Page/Select to Registration Module' is clicked on

2018-12-13 01:11:18 - [MESSAGE][PASSED] - Object: 'Object Repository/Final Object Repo/Landing Page/Select to Registration Module' is clicked on

2018-12-13 01:11:18 - [TEST_STEP][PASSED] - click: Object: 'Object Repository/Final Object Repo/Landing Page/Registration Button' is clicked on

2018-12-13 01:11:19 - [MESSAGE][PASSED] - Object: 'Object Repository/Final Object Repo/Landing Page/Registration Button' is clicked on

2018-12-13 01:11:19 - [TEST_STEP][PASSED] - delay: Delayed 2 second(s)

2018-12-13 01:11:21 - [MESSAGE][PASSED] - Delayed 2 second(s)

2018-12-13 01:11:21 - [TEST_STEP][PASSED] - click: Object: 'Object Repository/Final Object Repo/New Registration - Registration Module Pages/New Reg - OTC to RO/Special Case - OTC - Form 1/AEC NO' is clicked on

2018-12-13 01:11:21 - [MESSAGE][PASSED] - Object: 'Object Repository/Final Object Repo/New Registration - Registration Module Pages/New Reg - OTC to RO/Special Case - OTC - Form 1/AEC NO' is clicked on

2018-12-13 01:11:21 - [TEST_STEP][PASSED] - click: Object: 'Object Repository/Final Object Repo/New Registration - Registration Module Pages/New Reg - OTC to RO/Special Case - OTC - Form 1/Business Entity - Please Select' is clicked on

2018-12-13 01:11:22 - [MESSAGE][PASSED] - Object: 'Object Repository/Final Object Repo/New Registration - Registration Module Pages/New Reg - OTC to RO/Special Case - OTC - Form 1/Business Entity - Please Select' is clicked on

2018-12-13 01:11:22 - [TEST_STEP][PASSED] - click: Object: 'Object Repository/Final Object Repo/New Registration - Registration Module Pages/New Reg - OTC to RO/Special Case - OTC - Form 1/Selected - Corporation' is clicked on

2018-12-13 01:11:22 - [MESSAGE][PASSED] - Object: 'Object Repository/Final Object Repo/New Registration - Registration Module Pages/New Reg - OTC to RO/Special Case - OTC - Form 1/Selected - Corporation' is clicked on

2018-12-13 01:11:22 - [TEST_STEP][PASSED] - delay: Delayed 2 second(s)

2018-12-13 01:11:24 - [MESSAGE][PASSED] - Delayed 2 second(s)

2018-12-13 01:11:24 - [TEST_STEP][PASSED] - click: Object: 'Object Repository/Final Object Repo/New Registration - Registration Module Pages/New Reg - OTC to RO/Special Case - OTC - Form 1/Sub Business Entity - Please Select' is clicked on

2018-12-13 01:11:24 - [MESSAGE][PASSED] - Object: 'Object Repository/Final Object Repo/New Registration - Registration Module Pages/New Reg - OTC to RO/Special Case - OTC - Form 1/Sub Business Entity - Please Select' is clicked on

2018-12-13 01:11:24 - [TEST_STEP][PASSED] - delay: Delayed 2 second(s)

2018-12-13 01:11:26 - [MESSAGE][PASSED] - Delayed 2 second(s)

2018-12-13 01:11:26 - [TEST_STEP][PASSED] - click: Object: 'Object Repository/Final Object Repo/New Registration - Registration Module Pages/New Reg - OTC to RO/Special Case - OTC - Form 1/Selected - Sendirian Berhad' is clicked on

2018-12-13 01:11:26 - [MESSAGE][PASSED] - Object: 'Object Repository/Final Object Repo/New Registration - Registration Module Pages/New Reg - OTC to RO/Special Case - OTC - Form 1/Selected - Sendirian Berhad' is clicked on

2018-12-13 01:11:26 - [TEST_STEP][PASSED] - setText: Text 'AUTOMATE001' is set on object 'Object Repository/Final Object Repo/New Registration - Registration Module Pages/New Reg - OTC to RO/Special Case - OTC - Form 1/Input BRN Number'

2018-12-13 01:11:27 - [MESSAGE][PASSED] - Text 'AUTOMATE001' is set on object 'Object Repository/Final Object Repo/New Registration - Registration Module Pages/New Reg - OTC to RO/Special Case - OTC - Form 1/Input BRN Number'

2018-12-13 01:11:27 - [TEST_STEP][PASSED] - delay: Delayed 2 second(s)

2018-12-13 01:11:29 - [MESSAGE][PASSED] - Delayed 2 second(s)

2018-12-13 01:11:29 - [TEST_STEP][PASSED] - click: Object: 'Object Repository/Final Object Repo/New Registration - Registration Module Pages/New Reg - OTC to RO/Special Case - OTC - Form 1/BRN Search' is clicked on

2018-12-13 01:11:29 - [MESSAGE][PASSED] - Object: 'Object Repository/Final Object Repo/New Registration - Registration Module Pages/New Reg - OTC to RO/Special Case - OTC - Form 1/BRN Search' is clicked on

2018-12-13 01:11:29 - [TEST_STEP][PASSED] - delay: Delayed 4 second(s)

2018-12-13 01:11:33 - [MESSAGE][PASSED] - Delayed 4 second(s)

2018-12-13 01:11:33 - [TEST_STEP][PASSED] - click: Object: 'Object Repository/Final Object Repo/New Registration - Registration Module Pages/New Reg - OTC to RO/Special Case - OTC - Form 1/Registered with SSM - After Feb 2017' is clicked on

2018-12-13 01:11:33 - [MESSAGE][PASSED] - Object: 'Object Repository/Final Object Repo/New Registration - Registration Module Pages/New Reg - OTC to RO/Special Case - OTC - Form 1/Registered with SSM - After Feb 2017' is clicked on

2018-12-13 01:11:33 - [TEST_STEP][PASSED] - delay: Delayed 2 second(s)

2018-12-13 01:11:35 - [MESSAGE][PASSED] - Delayed 2 second(s)

2018-12-13 01:11:35 - [TEST_STEP][PASSED] - click: Object: 'Object Repository/Final Object Repo/New Registration - Registration Module Pages/New Reg - OTC to RO/Special Case - OTC - Form 1/Registering As A Branch - No' is clicked on

2018-12-13 01:11:35 - [MESSAGE][PASSED] - Object: 'Object Repository/Final Object Repo/New Registration - Registration Module Pages/New Reg - OTC to RO/Special Case - OTC - Form 1/Registering As A Branch - No' is clicked on

2018-12-13 01:11:35 - [TEST_STEP][PASSED] - click: Object: 'Object Repository/Final Object Repo/New Registration - Registration Module Pages/New Reg - OTC to RO/Special Case - OTC - Form 1/Acknowledgement Ticked' is clicked on

2018-12-13 01:11:35 - [MESSAGE][PASSED] - Object: 'Object Repository/Final Object Repo/New Registration - Registration Module Pages/New Reg - OTC to RO/Special Case - OTC - Form 1/Acknowledgement Ticked' is clicked on

2018-12-13 01:11:35 - [TEST_STEP][PASSED] - delay: Delayed 2 second(s)

2018-12-13 01:11:37 - [MESSAGE][PASSED] - Delayed 2 second(s)

2018-12-13 01:11:37 - [TEST_STEP][PASSED] - callTestCase: Call Test Case 'Test Cases/Final Aug 2018 - PKS Automation/Create Employer Acc/Template/Employer Email Getter' successfully

2018-12-13 01:11:37 - [TEST_CASE][PASSED] - Test Cases/Final Aug 2018 - PKS Automation/Create Employer Acc/Template/Employer Email Getter: Test Cases/Final Aug 2018 - PKS Automation/Create Employer Acc/Template/Employer Email Getter

2018-12-13 01:11:37 - [TEST_STEP][PASSED] - Statement - Try: null

2018-12-13 01:11:37 - [TEST_STEP][PASSED] - Statement - EmpEmail = new java.io.File(C://Users//Admin//Desktop//PKS//Automation Reference Point//EmpEmail.txt): null

2018-12-13 01:11:37 - [TEST_STEP][PASSED] - Statement - bufferread = new java.io.BufferedReader(new java.io.FileReader(EmpEmail)): null

2018-12-13 01:11:37 - [TEST_STEP][PASSED] - Statement - readedVal = bufferread.readLine(): null

2018-12-13 01:11:37 - [TEST_STEP][PASSED] - Statement - out.println(readedVal): null

2018-12-13 01:11:37 - [TEST_STEP][PASSED] - Statement - Email = readedVal: null

2018-12-13 01:11:37 - [MESSAGE][PASSED] - Call Test Case 'Test Cases/Final Aug 2018 - PKS Automation/Create Employer Acc/Template/Employer Email Getter' successfully

2018-12-13 01:11:37 - [TEST_STEP][PASSED] - setText: Text 'perkeso697738189590@gmail.com' is set on object 'Object Repository/Final Object Repo/Creating Employer Account/Email'

2018-12-13 01:11:38 - [MESSAGE][PASSED] - Text 'perkeso697738189590@gmail.com' is set on object 'Object Repository/Final Object Repo/Creating Employer Account/Email'

2018-12-13 01:11:38 - [TEST_STEP][PASSED] - delay: Delayed 2 second(s)

2018-12-13 01:11:40 - [MESSAGE][PASSED] - Delayed 2 second(s)

2018-12-13 01:11:40 - [TEST_STEP][PASSED] - click: Object: 'Object Repository/Final Object Repo/New Registration - Registration Module Pages/New Reg - OTC to RO/Special Case - OTC - Form 1/Submit Button' is clicked on

2018-12-13 01:11:40 - [MESSAGE][PASSED] - Object: 'Object Repository/Final Object Repo/New Registration - Registration Module Pages/New Reg - OTC to RO/Special Case - OTC - Form 1/Submit Button' is clicked on

2018-12-13 01:11:40 - [TEST_STEP][PASSED] - delay: Delayed 2 second(s)

2018-12-13 01:11:42 - [MESSAGE][PASSED] - Delayed 2 second(s)

2018-12-13 01:11:42 - [TEST_STEP][PASSED] - click: Object: 'Object Repository/Final Object Repo/New Registration - Registration Module Pages/New Reg - OTC to RO/Special Case - OTC - Form 1/Confirm No Flagging as Branch' is clicked on

2018-12-13 01:11:43 - [MESSAGE][PASSED] - Object: 'Object Repository/Final Object Repo/New Registration - Registration Module Pages/New Reg - OTC to RO/Special Case - OTC - Form 1/Confirm No Flagging as Branch' is clicked on

2018-12-13 01:11:43 - [MESSAGE][PASSED] - Call Test Case 'Test Cases/Final Aug 2018 - PKS Automation/Registration Module/Workflow/New Registration/Template/Special Case - Employer - Form 1' successfully

2018-12-13 01:11:43 - [TEST_STEP][PASSED] - callTestCase: Call Test Case 'Test Cases/Final Aug 2018 - PKS Automation/Registration Module/New Registration/Form 2/Add 1 Eligible - Employer Account Use' successfully

2018-12-13 01:11:43 - [TEST_CASE][PASSED] - Test Cases/Final Aug 2018 - PKS Automation/Registration Module/New Registration/Form 2/Add 1 Eligible - Employer Account Use: Test Cases/Final Aug 2018 - PKS Automation/Registration Module/New Registration/Form 2/Add 1 Eligible - Employer Account Use

2018-12-13 01:11:43 - [TEST_STEP][PASSED] - delay: Delayed 2 second(s)

2018-12-13 01:11:45 - [MESSAGE][PASSED] - Delayed 2 second(s)

2018-12-13 01:11:45 - [TEST_STEP][PASSED] - callTestCase: Call Test Case 'Test Cases/Final Aug 2018 - PKS Automation/Registration Module/New Registration/Form 2/Date Updater' successfully

2018-12-13 01:11:45 - [TEST_CASE][PASSED] - Test Cases/Final Aug 2018 - PKS Automation/Registration Module/New Registration/Form 2/Date Updater: Test Cases/Final Aug 2018 - PKS Automation/Registration Module/New Registration/Form 2/Date Updater

2018-12-13 01:11:45 - [TEST_STEP][PASSED] - Statement - TodayDate = new java.util.Date(): null

2018-12-13 01:11:45 - [TEST_STEP][PASSED] - Statement - CurrentDateNoFilter = new java.text.SimpleDateFormat(): null

2018-12-13 01:11:45 - [TEST_STEP][PASSED] - Statement - CurrentDateNoFilter.applyPattern("MM"): null

2018-12-13 01:11:45 - [TEST_STEP][PASSED] - Statement - monthContainerMatcher = java.lang.Integer.parseInt(CurrentDateNoFilter.format(TodayDate)): null

2018-12-13 01:11:45 - [TEST_STEP][PASSED] - Statement - monthContainerMatcher = monthContainerMatcher - 1: null

2018-12-13 01:11:45 - [TEST_STEP][PASSED] - Statement - CurrentMonth = monthContainerMatcher.toString(): null

2018-12-13 01:11:45 - [TEST_STEP][PASSED] - Statement - CurrentMonth = CurrentMonth: null

2018-12-13 01:11:45 - [TEST_STEP][PASSED] - Statement - CurrentDateNoFilter.applyPattern("yyyy"): null

2018-12-13 01:11:45 - [TEST_STEP][PASSED] - Statement - CurrentYear = CurrentDateNoFilter.format(TodayDate): null

2018-12-13 01:11:45 - [TEST_STEP][PASSED] - Statement - CurrentYear = CurrentYear: null

2018-12-13 01:11:45 - [TEST_STEP][PASSED] - Statement - intCurrentYear = java.lang.Integer.parseInt(CurrentDateNoFilter.format(TodayDate)): null

2018-12-13 01:11:45 - [TEST_STEP][PASSED] - Statement - eighteenYrsAgo = intCurrentYear - 18: null

2018-12-13 01:11:45 - [TEST_STEP][PASSED] - Statement - eighteenYrsBeforeThisYr = eighteenYrsAgo.toString(): null

2018-12-13 01:11:45 - [TEST_STEP][PASSED] - Statement - EighteenYrsBefore = eighteenYrsBeforeThisYr: null

2018-12-13 01:11:45 - [TEST_STEP][PASSED] - Statement - fiftysevenYrsAgo = intCurrentYear - 57: null

2018-12-13 01:11:45 - [TEST_STEP][PASSED] - Statement - fiftysevenYrsBeforeThisYr = fiftysevenYrsAgo.toString(): null

2018-12-13 01:11:45 - [TEST_STEP][PASSED] - Statement - FiftysevenYrsBefore = fiftysevenYrsBeforeThisYr: null

2018-12-13 01:11:45 - [TEST_STEP][PASSED] - Statement - leapYear = false: null

2018-12-13 01:11:45 - [TEST_STEP][PASSED] - Statement - leapYear = intCurrentYear % 4 == 0: null

2018-12-13 01:11:45 - [TEST_STEP][PASSED] - Statement - CurrentDateNoFilter.applyPattern("dd"): null

2018-12-13 01:11:45 - [TEST_STEP][PASSED] - Statement - CurrentDate = CurrentDateNoFilter.format(TodayDate): null

2018-12-13 01:11:45 - [TEST_STEP][PASSED] - Statement - CurrentDate = java.lang.Integer.parseInt(CurrentDate): null

2018-12-13 01:11:45 - [TEST_STEP][PASSED] - Statement - CurrentDate = CurrentDate: null

2018-12-13 01:11:45 - [TEST_STEP][PASSED] - Statement - CurrentDay = java.lang.Integer.parseInt(CurrentDate): null

2018-12-13 01:11:45 - [TEST_STEP][PASSED] - Statement - ConfAdder = <not implemented yet for class: org.codehaus.groovy.ast.expr.EmptyExpression>: null

2018-12-13 01:11:45 - [TEST_STEP][PASSED] - Statement - out.println(CurrentMonth): null

2018-12-13 01:11:45 - [TEST_STEP][PASSED] - Statement - out.println(CurrentDate): null

2018-12-13 01:11:45 - [TEST_STEP][PASSED] - Statement - switch (CurrentDate): null

2018-12-13 01:11:45 - [TEST_STEP][PASSED] - Statement - Default: null

2018-12-13 01:11:45 - [TEST_STEP][PASSED] - Statement - ConfAdder = true: null

2018-12-13 01:11:45 - [TEST_STEP][PASSED] - Statement - Break: null

2018-12-13 01:11:45 - [TEST_STEP][PASSED] - Statement - aDayBefore = <not implemented yet for class: org.codehaus.groovy.ast.expr.EmptyExpression>: null

2018-12-13 01:11:45 - [TEST_STEP][PASSED] - Statement - out.println(ConfAdder): null

2018-12-13 01:11:45 - [TEST_STEP][PASSED] - Statement - If (ConfAdder == true): null

2018-12-13 01:11:45 - [TEST_STEP][PASSED] - Statement - aDayBefore = CurrentDay + 1: null

2018-12-13 01:11:45 - [TEST_STEP][PASSED] - Statement - out.println(aDayBefore): null

2018-12-13 01:11:45 - [TEST_STEP][PASSED] - Statement - If (aDayBefore == 1 && CurrentMonth == 11): null

2018-12-13 01:11:45 - [TEST_STEP][PASSED] - Statement - DayBefore = aDayBefore.toString(): null

2018-12-13 01:11:45 - [TEST_STEP][PASSED] - Statement - OneDayBefore = DayBefore: null

2018-12-13 01:11:45 - [MESSAGE][PASSED] - Call Test Case 'Test Cases/Final Aug 2018 - PKS Automation/Registration Module/New Registration/Form 2/Date Updater' successfully

2018-12-13 01:11:45 - [TEST_STEP][PASSED] - delay: Delayed 1 second(s)

2018-12-13 01:11:46 - [MESSAGE][PASSED] - Delayed 1 second(s)

2018-12-13 01:11:46 - [TEST_STEP][PASSED] - Statement - CaseReferenceNo = com.kms.katalon.core.webui.keyword.WebUiBuiltInKeywords.getText(com.kms.katalon.core.testobject.ObjectRepository.findTestObject(Final Object Repo/New Registration - Registration Module Pages/Form 2/RefNo Acquiring)): Text of object 'Object Repository/Final Object Repo/New Registration - Registration Module Pages/Form 2/RefNo Acquiring' is: 'CRN12201800123256'

2018-12-13 01:11:46 - [MESSAGE][PASSED] - Text of object 'Object Repository/Final Object Repo/New Registration - Registration Module Pages/Form 2/RefNo Acquiring' is: 'CRN12201800123256'

2018-12-13 01:11:46 - [TEST_STEP][PASSED] - delay: Delayed 1 second(s)

2018-12-13 01:11:47 - [MESSAGE][PASSED] - Delayed 1 second(s)

2018-12-13 01:11:47 - [TEST_STEP][PASSED] - click: Object: 'Object Repository/Final Object Repo/New Registration - Registration Module Pages/Form 2/Add Employee Button' is clicked on

2018-12-13 01:11:47 - [MESSAGE][PASSED] - Object: 'Object Repository/Final Object Repo/New Registration - Registration Module Pages/Form 2/Add Employee Button' is clicked on

2018-12-13 01:11:47 - [TEST_STEP][PASSED] - delay: Delayed 1 second(s)

2018-12-13 01:11:48 - [MESSAGE][PASSED] - Delayed 1 second(s)

2018-12-13 01:11:48 - [TEST_STEP][PASSED] - setText: Text '010903091948' is set on object 'Object Repository/Final Object Repo/New Registration - Registration Module Pages/Form 2/NRIC Input'

2018-12-13 01:11:48 - [MESSAGE][PASSED] - Text '010903091948' is set on object 'Object Repository/Final Object Repo/New Registration - Registration Module Pages/Form 2/NRIC Input'

2018-12-13 01:11:48 - [TEST_STEP][PASSED] - delay: Delayed 2 second(s)

2018-12-13 01:11:50 - [MESSAGE][PASSED] - Delayed 2 second(s)

2018-12-13 01:11:50 - [TEST_STEP][PASSED] - setText: Text 'Automate001 eligible 1' is set on object 'Object Repository/Final Object Repo/New Registration - Registration Module Pages/Form 2/Employee Name Input'

2018-12-13 01:11:51 - [MESSAGE][PASSED] - Text 'Automate001 eligible 1' is set on object 'Object Repository/Final Object Repo/New Registration - Registration Module Pages/Form 2/Employee Name Input'

2018-12-13 01:11:51 - [TEST_STEP][PASSED] - delay: Delayed 2 second(s)

2018-12-13 01:11:53 - [MESSAGE][PASSED] - Delayed 2 second(s)

2018-12-13 01:11:53 - [TEST_STEP][PASSED] - click: Object: 'Object Repository/Final Object Repo/New Registration - Registration Module Pages/Form 2/DatePicker Pop Up' is clicked on

2018-12-13 01:11:53 - [MESSAGE][PASSED] - Object: 'Object Repository/Final Object Repo/New Registration - Registration Module Pages/Form 2/DatePicker Pop Up' is clicked on

2018-12-13 01:11:53 - [TEST_STEP][PASSED] - click: Object: 'Object Repository/Final Object Repo/New Registration - Registration Module Pages/Form 2/DOB Month' is clicked on

2018-12-13 01:11:53 - [MESSAGE][PASSED] - Object: 'Object Repository/Final Object Repo/New Registration - Registration Module Pages/Form 2/DOB Month' is clicked on

2018-12-13 01:11:53 - [TEST_STEP][PASSED] - Statement - CurrentMonth = CurrentMonth: null

2018-12-13 01:11:53 - [TEST_STEP][PASSED] - Statement - selectMonth = new com.kms.katalon.core.testobject.TestObject(): null

2018-12-13 01:11:53 - [TEST_STEP][PASSED] - Statement - selectMonth.addProperty("xpath", EQUALS, "//body/div/div/div/select/option[@value='" + CurrentMonth + "']", true): null

2018-12-13 01:11:53 - [TEST_STEP][PASSED] - click: Object: '' is clicked on

2018-12-13 01:11:53 - [MESSAGE][PASSED] - Object: '' is clicked on

2018-12-13 01:11:53 - [TEST_STEP][PASSED] - click: Object: 'Object Repository/Final Object Repo/New Registration - Registration Module Pages/Form 2/DOB Year' is clicked on

2018-12-13 01:11:54 - [MESSAGE][PASSED] - Object: 'Object Repository/Final Object Repo/New Registration - Registration Module Pages/Form 2/DOB Year' is clicked on

2018-12-13 01:11:54 - [TEST_STEP][PASSED] - Statement - Eyearsbf = EighteenYrsBefore: null

2018-12-13 01:11:54 - [TEST_STEP][PASSED] - Statement - selectYear = new com.kms.katalon.core.testobject.TestObject(): null

2018-12-13 01:11:54 - [TEST_STEP][PASSED] - Statement - selectYear.addProperty("xpath", EQUALS, "//div/div/div/select/option[@value='" + Eyearsbf + "']", true): null

2018-12-13 01:11:54 - [TEST_STEP][PASSED] - click: Object: '' is clicked on

2018-12-13 01:11:54 - [MESSAGE][PASSED] - Object: '' is clicked on

2018-12-13 01:11:54 - [TEST_STEP][PASSED] - Statement - UpdatedSelectDate = com.kms.katalon.core.webui.keyword.WebUiBuiltInKeywords.modifyObjectProperty(com.kms.katalon.core.testobject.ObjectRepository.findTestObject(Final Object Repo/New Registration - Registration Module Pages/Form 2/DOB Date), "xpath", "equals", "//body/div/table/tbody/tr/td/a[text()="" + CurrentDate + ""]", true): Modify property of object successfully

2018-12-13 01:11:54 - [MESSAGE][PASSED] - Modify property of object successfully

2018-12-13 01:11:54 - [TEST_STEP][PASSED] - delay: Delayed 3 second(s)

2018-12-13 01:11:57 - [MESSAGE][PASSED] - Delayed 3 second(s)

2018-12-13 01:11:57 - [TEST_STEP][PASSED] - click: Object: 'Object Repository/Final Object Repo/New Registration - Registration Module Pages/Form 2/DOB Date' is clicked on

2018-12-13 01:11:57 - [MESSAGE][PASSED] - Object: 'Object Repository/Final Object Repo/New Registration - Registration Module Pages/Form 2/DOB Date' is clicked on

2018-12-13 01:11:57 - [TEST_STEP][PASSED] - delay: Delayed 2 second(s)

2018-12-13 01:11:59 - [MESSAGE][PASSED] - Delayed 2 second(s)

2018-12-13 01:11:59 - [TEST_STEP][PASSED] - click: Object: 'Object Repository/Final Object Repo/New Registration - Registration Module Pages/Form 2/EmploymentStartDate Pop Up' is clicked on

2018-12-13 01:11:59 - [MESSAGE][PASSED] - Object: 'Object Repository/Final Object Repo/New Registration - Registration Module Pages/Form 2/EmploymentStartDate Pop Up' is clicked on

2018-12-13 01:11:59 - [TEST_STEP][PASSED] - delay: Delayed 2 second(s)

2018-12-13 01:12:01 - [MESSAGE][PASSED] - Delayed 2 second(s)

2018-12-13 01:12:01 - [TEST_STEP][PASSED] - click: Object: 'Object Repository/Final Object Repo/New Registration - Registration Module Pages/Form 2/Socso Employment StartDate Month' is clicked on

2018-12-13 01:12:01 - [MESSAGE][PASSED] - Object: 'Object Repository/Final Object Repo/New Registration - Registration Module Pages/Form 2/Socso Employment StartDate Month' is clicked on

2018-12-13 01:12:01 - [TEST_STEP][PASSED] - delay: Delayed 1 second(s)

2018-12-13 01:12:02 - [MESSAGE][PASSED] - Delayed 1 second(s)

2018-12-13 01:12:02 - [TEST_STEP][PASSED] - click: Object: 'Object Repository/Final Object Repo/New Registration - Registration Module Pages/Form 2/Select Socso Employement Startdate Month' is clicked on

2018-12-13 01:12:02 - [MESSAGE][PASSED] - Object: 'Object Repository/Final Object Repo/New Registration - Registration Module Pages/Form 2/Select Socso Employement Startdate Month' is clicked on

2018-12-13 01:12:02 - [TEST_STEP][PASSED] - delay: Delayed 2 second(s)

2018-12-13 01:12:04 - [MESSAGE][PASSED] - Delayed 2 second(s)

2018-12-13 01:12:04 - [TEST_STEP][PASSED] - click: Object: 'Object Repository/Final Object Repo/New Registration - Registration Module Pages/Form 2/Socso Employment StartDate Year' is clicked on

2018-12-13 01:12:05 - [MESSAGE][PASSED] - Object: 'Object Repository/Final Object Repo/New Registration - Registration Module Pages/Form 2/Socso Employment StartDate Year' is clicked on

2018-12-13 01:12:05 - [TEST_STEP][PASSED] - delay: Delayed 1 second(s)

2018-12-13 01:12:06 - [MESSAGE][PASSED] - Delayed 1 second(s)

2018-12-13 01:12:06 - [TEST_STEP][PASSED] - click: Object: 'Object Repository/Final Object Repo/New Registration - Registration Module Pages/Form 2/Select Socso Employment Startdate Year' is clicked on

2018-12-13 01:12:06 - [MESSAGE][PASSED] - Object: 'Object Repository/Final Object Repo/New Registration - Registration Module Pages/Form 2/Select Socso Employment Startdate Year' is clicked on

2018-12-13 01:12:06 - [TEST_STEP][PASSED] - delay: Delayed 2 second(s)

2018-12-13 01:12:08 - [MESSAGE][PASSED] - Delayed 2 second(s)

2018-12-13 01:12:08 - [TEST_STEP][PASSED] - click: Object: 'Object Repository/Final Object Repo/New Registration - Registration Module Pages/Form 2/Socso Employment Start Date Day' is clicked on

2018-12-13 01:12:08 - [MESSAGE][PASSED] - Object: 'Object Repository/Final Object Repo/New Registration - Registration Module Pages/Form 2/Socso Employment Start Date Day' is clicked on

2018-12-13 01:12:08 - [TEST_STEP][PASSED] - delay: Delayed 2 second(s)

2018-12-13 01:12:10 - [MESSAGE][PASSED] - Delayed 2 second(s)

2018-12-13 01:12:10 - [TEST_STEP][PASSED] - click: Object: 'Object Repository/Final Object Repo/New Registration - Registration Module Pages/Form 2/Save Button for Add Employee' is clicked on

2018-12-13 01:12:10 - [MESSAGE][PASSED] - Object: 'Object Repository/Final Object Repo/New Registration - Registration Module Pages/Form 2/Save Button for Add Employee' is clicked on

2018-12-13 01:12:10 - [TEST_STEP][PASSED] - delay: Delayed 6 second(s)

2018-12-13 01:12:16 - [MESSAGE][PASSED] - Delayed 6 second(s)

2018-12-13 01:12:16 - [TEST_STEP][PASSED] - click: Object: 'Object Repository/Final Object Repo/New Registration - Registration Module Pages/Form 2/Save and Continue Form 2' is clicked on

2018-12-13 01:12:16 - [MESSAGE][PASSED] - Object: 'Object Repository/Final Object Repo/New Registration - Registration Module Pages/Form 2/Save and Continue Form 2' is clicked on

2018-12-13 01:12:16 - [MESSAGE][PASSED] - Call Test Case 'Test Cases/Final Aug 2018 - PKS Automation/Registration Module/New Registration/Form 2/Add 1 Eligible - Employer Account Use' successfully

2018-12-13 01:12:16 - [TEST_STEP][PASSED] - callTestCase: Call Test Case 'Test Cases/Final Aug 2018 - PKS Automation/Registration Module/New Registration/Flow of New Registration/Third Screen - Upload Supporting Doc - Preview' successfully

2018-12-13 01:12:16 - [TEST_CASE][PASSED] - Test Cases/Final Aug 2018 - PKS Automation/Registration Module/New Registration/Flow of New Registration/Third Screen - Upload Supporting Doc - Preview: Test Cases/Final Aug 2018 - PKS Automation/Registration Module/New Registration/Flow of New Registration/Third Screen - Upload Supporting Doc - Preview

2018-12-13 01:12:16 - [TEST_STEP][PASSED] - waitForPageLoad: Wait for page load successfully

2018-12-13 01:12:17 - [MESSAGE][PASSED] - Wait for page load successfully

2018-12-13 01:12:17 - [TEST_STEP][PASSED] - Statement - CaseReferenceNo = com.kms.katalon.core.webui.keyword.WebUiBuiltInKeywords.getText(com.kms.katalon.core.testobject.ObjectRepository.findTestObject(Final Object Repo/New Registration - Registration Module Pages/Third Screen - Upload Supporting Doc- Preview/RefNo Acquiring)): Text of object 'Object Repository/Final Object Repo/New Registration - Registration Module Pages/Third Screen - Upload Supporting Doc- Preview/RefNo Acquiring' is: 'CRN12201800123256'

2018-12-13 01:12:17 - [MESSAGE][PASSED] - Text of object 'Object Repository/Final Object Repo/New Registration - Registration Module Pages/Third Screen - Upload Supporting Doc- Preview/RefNo Acquiring' is: 'CRN12201800123256'

2018-12-13 01:12:17 - [TEST_STEP][PASSED] - delay: Delayed 2 second(s)

2018-12-13 01:12:19 - [MESSAGE][PASSED] - Delayed 2 second(s)

2018-12-13 01:12:19 - [TEST_STEP][PASSED] - callTestCase: Call Test Case 'Test Cases/Final Aug 2018 - PKS Automation/Common/Reference Number Setter' successfully

2018-12-13 01:12:19 - [TEST_CASE][PASSED] - Test Cases/Final Aug 2018 - PKS Automation/Common/Reference Number Setter: Test Cases/Final Aug 2018 - PKS Automation/Common/Reference Number Setter

2018-12-13 01:12:19 - [TEST_STEP][PASSED] - Statement - RefNoOldFile = new java.io.File(C://Users//Admin//Desktop//PKS//Automation Reference Point//KatalonReference.txt): null

2018-12-13 01:12:19 - [TEST_STEP][PASSED] - Statement - RefNoOldFile.delete(): null

2018-12-13 01:12:19 - [TEST_STEP][PASSED] - delay: Delayed 5 second(s)

2018-12-13 01:12:24 - [MESSAGE][PASSED] - Delayed 5 second(s)

2018-12-13 01:12:24 - [TEST_STEP][PASSED] - Statement - RefNo = new java.io.File(C://Users//Admin//Desktop//PKS//Automation Reference Point//KatalonReference.txt): null

2018-12-13 01:12:24 - [TEST_STEP][PASSED] - Statement - f2 = new java.io.FileWriter(RefNo, false): null

2018-12-13 01:12:24 - [TEST_STEP][PASSED] - Statement - f2.write(CaseReferenceNo): null

2018-12-13 01:12:24 - [TEST_STEP][PASSED] - Statement - f2.close(): null

2018-12-13 01:12:24 - [TEST_STEP][PASSED] - Statement - out.println("


" + CaseReferenceNo + "


"): null

2018-12-13 01:12:24 - [MESSAGE][PASSED] - Call Test Case 'Test Cases/Final Aug 2018 - PKS Automation/Common/Reference Number Setter' successfully

2018-12-13 01:12:24 - [TEST_STEP][PASSED] - waitForElementClickable: Object 'Object Repository/Final Object Repo/New Registration - Registration Module Pages/Third Screen - Upload Supporting Doc- Preview/Save n Continue in SIP Employee Listing Page' is clickable

2018-12-13 01:12:24 - [MESSAGE][PASSED] - Object 'Object Repository/Final Object Repo/New Registration - Registration Module Pages/Third Screen - Upload Supporting Doc- Preview/Save n Continue in SIP Employee Listing Page' is clickable

2018-12-13 01:12:24 - [TEST_STEP][PASSED] - click: Object: 'Object Repository/Final Object Repo/New Registration - Registration Module Pages/Third Screen - Upload Supporting Doc- Preview/Save n Continue in SIP Employee Listing Page' is clicked on

2018-12-13 01:12:29 - [MESSAGE][PASSED] - Object: 'Object Repository/Final Object Repo/New Registration - Registration Module Pages/Third Screen - Upload Supporting Doc- Preview/Save n Continue in SIP Employee Listing Page' is clicked on

2018-12-13 01:12:29 - [TEST_STEP][PASSED] - delay: Delayed 7 second(s)

2018-12-13 01:12:36 - [MESSAGE][PASSED] - Delayed 7 second(s)

2018-12-13 01:12:36 - [TEST_STEP][PASSED] - click: Object: 'Object Repository/Final Object Repo/New Registration - Registration Module Pages/Third Screen - Upload Supporting Doc- Preview/Add Document Button' is clicked on

2018-12-13 01:12:36 - [MESSAGE][PASSED] - Object: 'Object Repository/Final Object Repo/New Registration - Registration Module Pages/Third Screen - Upload Supporting Doc- Preview/Add Document Button' is clicked on

2018-12-13 01:12:36 - [TEST_STEP][PASSED] - delay: Delayed 30 second(s)

2018-12-13 01:13:06 - [MESSAGE][PASSED] - Delayed 30 second(s)

2018-12-13 01:13:06 - [TEST_STEP][PASSED] - click: Object: 'Object Repository/Final Object Repo/New Registration - Registration Module Pages/Third Screen - Upload Supporting Doc- Preview/Supporting Doc Please Select Drop Down' is clicked on

2018-12-13 01:13:07 - [MESSAGE][PASSED] - Object: 'Object Repository/Final Object Repo/New Registration - Registration Module Pages/Third Screen - Upload Supporting Doc- Preview/Supporting Doc Please Select Drop Down' is clicked on

2018-12-13 01:13:07 - [TEST_STEP][PASSED] - delay: Delayed 2 second(s)

2018-12-13 01:13:09 - [MESSAGE][PASSED] - Delayed 2 second(s)

2018-12-13 01:13:09 - [TEST_STEP][PASSED] - click: Object: 'Object Repository/Final Object Repo/New Registration - Registration Module Pages/Third Screen - Upload Supporting Doc- Preview/Select to Upload Form 1' is clicked on

2018-12-13 01:13:09 - [MESSAGE][PASSED] - Object: 'Object Repository/Final Object Repo/New Registration - Registration Module Pages/Third Screen - Upload Supporting Doc- Preview/Select to Upload Form 1' is clicked on

2018-12-13 01:13:09 - [TEST_STEP][PASSED] - delay: Delayed 2 second(s)

2018-12-13 01:13:11 - [MESSAGE][PASSED] - Delayed 2 second(s)

2018-12-13 01:13:11 - [TEST_STEP][PASSED] - uploadFile: File 'C:\Users\Public\Pictures\Sample Pictures\Koala.jpg' sent to object: 'Object Repository/Final Object Repo/New Registration - Registration Module Pages/Third Screen - Upload Supporting Doc- Preview/Upload File Adding'

2018-12-13 01:13:11 - [MESSAGE][PASSED] - File 'C:\Users\Public\Pictures\Sample Pictures\Koala.jpg' sent to object: 'Object Repository/Final Object Repo/New Registration - Registration Module Pages/Third Screen - Upload Supporting Doc- Preview/Upload File Adding'

2018-12-13 01:13:11 - [TEST_STEP][PASSED] - delay: Delayed 5 second(s)

2018-12-13 01:13:16 - [MESSAGE][PASSED] - Delayed 5 second(s)

2018-12-13 01:13:16 - [TEST_STEP][PASSED] - click: Object: 'Object Repository/Final Object Repo/New Registration - Registration Module Pages/Third Screen - Upload Supporting Doc- Preview/Inner Form Add Document Button' is clicked on

2018-12-13 01:13:16 - [MESSAGE][PASSED] - Object: 'Object Repository/Final Object Repo/New Registration - Registration Module Pages/Third Screen - Upload Supporting Doc- Preview/Inner Form Add Document Button' is clicked on

2018-12-13 01:13:16 - [TEST_STEP][PASSED] - delay: Delayed 3 second(s)

2018-12-13 01:13:19 - [MESSAGE][PASSED] - Delayed 3 second(s)

2018-12-13 01:13:19 - [TEST_STEP][PASSED] - click: Object: 'Object Repository/Final Object Repo/New Registration - Registration Module Pages/Third Screen - Upload Supporting Doc- Preview/Add Document Button' is clicked on

2018-12-13 01:13:20 - [MESSAGE][PASSED] - Object: 'Object Repository/Final Object Repo/New Registration - Registration Module Pages/Third Screen - Upload Supporting Doc- Preview/Add Document Button' is clicked on

2018-12-13 01:13:20 - [TEST_STEP][PASSED] - delay: Delayed 30 second(s)

2018-12-13 01:13:50 - [MESSAGE][PASSED] - Delayed 30 second(s)

2018-12-13 01:13:50 - [TEST_STEP][PASSED] - click: Object: 'Object Repository/Final Object Repo/New Registration - Registration Module Pages/Third Screen - Upload Supporting Doc- Preview/Supporting Doc Please Select Drop Down' is clicked on

2018-12-13 01:13:51 - [MESSAGE][PASSED] - Object: 'Object Repository/Final Object Repo/New Registration - Registration Module Pages/Third Screen - Upload Supporting Doc- Preview/Supporting Doc Please Select Drop Down' is clicked on

2018-12-13 01:13:51 - [TEST_STEP][PASSED] - delay: Delayed 4 second(s)

2018-12-13 01:13:55 - [MESSAGE][PASSED] - Delayed 4 second(s)

2018-12-13 01:13:55 - [TEST_STEP][PASSED] - click: Object: 'Object Repository/Final Object Repo/New Registration - Registration Module Pages/Third Screen - Upload Supporting Doc- Preview/Select to Upload Form 2' is clicked on

2018-12-13 01:13:55 - [MESSAGE][PASSED] - Object: 'Object Repository/Final Object Repo/New Registration - Registration Module Pages/Third Screen - Upload Supporting Doc- Preview/Select to Upload Form 2' is clicked on

2018-12-13 01:13:55 - [TEST_STEP][PASSED] - delay: Delayed 2 second(s)

2018-12-13 01:13:57 - [MESSAGE][PASSED] - Delayed 2 second(s)

2018-12-13 01:13:57 - [TEST_STEP][PASSED] - uploadFile: File 'C:\Users\Public\Pictures\Sample Pictures\Koala.jpg' sent to object: 'Object Repository/Final Object Repo/New Registration - Registration Module Pages/Third Screen - Upload Supporting Doc- Preview/Upload File Adding'

2018-12-13 01:13:57 - [MESSAGE][PASSED] - File 'C:\Users\Public\Pictures\Sample Pictures\Koala.jpg' sent to object: 'Object Repository/Final Object Repo/New Registration - Registration Module Pages/Third Screen - Upload Supporting Doc- Preview/Upload File Adding'

2018-12-13 01:13:57 - [TEST_STEP][PASSED] - click: Object: 'Object Repository/Final Object Repo/New Registration - Registration Module Pages/Third Screen - Upload Supporting Doc- Preview/Inner Form Add Document Button' is clicked on

2018-12-13 01:13:57 - [MESSAGE][PASSED] - Object: 'Object Repository/Final Object Repo/New Registration - Registration Module Pages/Third Screen - Upload Supporting Doc- Preview/Inner Form Add Document Button' is clicked on

2018-12-13 01:13:57 - [TEST_STEP][PASSED] - delay: Delayed 5 second(s)

2018-12-13 01:14:02 - [MESSAGE][PASSED] - Delayed 5 second(s)

2018-12-13 01:14:02 - [TEST_STEP][PASSED] - click: Object: 'Object Repository/Final Object Repo/New Registration - Registration Module Pages/Third Screen - Upload Supporting Doc- Preview/Add Document Button' is clicked on

2018-12-13 01:14:02 - [MESSAGE][PASSED] - Object: 'Object Repository/Final Object Repo/New Registration - Registration Module Pages/Third Screen - Upload Supporting Doc- Preview/Add Document Button' is clicked on

2018-12-13 01:14:02 - [TEST_STEP][PASSED] - delay: Delayed 30 second(s)

2018-12-13 01:14:32 - [MESSAGE][PASSED] - Delayed 30 second(s)

2018-12-13 01:14:32 - [TEST_STEP][PASSED] - click: Object: 'Object Repository/Final Object Repo/New Registration - Registration Module Pages/Third Screen - Upload Supporting Doc- Preview/Supporting Doc Please Select Drop Down' is clicked on

2018-12-13 01:14:32 - [MESSAGE][PASSED] - Object: 'Object Repository/Final Object Repo/New Registration - Registration Module Pages/Third Screen - Upload Supporting Doc- Preview/Supporting Doc Please Select Drop Down' is clicked on

2018-12-13 01:14:32 - [TEST_STEP][PASSED] - click: Object: 'Object Repository/Final Object Repo/New Registration - Registration Module Pages/Third Screen - Upload Supporting Doc- Preview/Select to Upload Borang SIP 1' is clicked on

2018-12-13 01:14:33 - [MESSAGE][PASSED] - Object: 'Object Repository/Final Object Repo/New Registration - Registration Module Pages/Third Screen - Upload Supporting Doc- Preview/Select to Upload Borang SIP 1' is clicked on

2018-12-13 01:14:33 - [TEST_STEP][PASSED] - delay: Delayed 2 second(s)

2018-12-13 01:14:35 - [MESSAGE][PASSED] - Delayed 2 second(s)

2018-12-13 01:14:35 - [TEST_STEP][PASSED] - uploadFile: File 'C:\Users\Public\Pictures\Sample Pictures\Koala.jpg' sent to object: 'Object Repository/Final Object Repo/New Registration - Registration Module Pages/Third Screen - Upload Supporting Doc- Preview/Upload File Adding'

2018-12-13 01:14:35 - [MESSAGE][PASSED] - File 'C:\Users\Public\Pictures\Sample Pictures\Koala.jpg' sent to object: 'Object Repository/Final Object Repo/New Registration - Registration Module Pages/Third Screen - Upload Supporting Doc- Preview/Upload File Adding'

2018-12-13 01:14:35 - [TEST_STEP][PASSED] - click: Object: 'Object Repository/Final Object Repo/New Registration - Registration Module Pages/Third Screen - Upload Supporting Doc- Preview/Inner Form Add Document Button' is clicked on

2018-12-13 01:14:35 - [MESSAGE][PASSED] - Object: 'Object Repository/Final Object Repo/New Registration - Registration Module Pages/Third Screen - Upload Supporting Doc- Preview/Inner Form Add Document Button' is clicked on

2018-12-13 01:14:35 - [TEST_STEP][PASSED] - delay: Delayed 5 second(s)

2018-12-13 01:14:40 - [MESSAGE][PASSED] - Delayed 5 second(s)

2018-12-13 01:14:40 - [TEST_STEP][PASSED] - click: Object: 'Object Repository/Final Object Repo/New Registration - Registration Module Pages/Third Screen - Upload Supporting Doc- Preview/Add Document Button' is clicked on

2018-12-13 01:14:40 - [MESSAGE][PASSED] - Object: 'Object Repository/Final Object Repo/New Registration - Registration Module Pages/Third Screen - Upload Supporting Doc- Preview/Add Document Button' is clicked on

2018-12-13 01:14:40 - [TEST_STEP][PASSED] - delay: Delayed 30 second(s)

2018-12-13 01:15:10 - [MESSAGE][PASSED] - Delayed 30 second(s)

2018-12-13 01:15:10 - [TEST_STEP][PASSED] - click: Object: 'Object Repository/Final Object Repo/New Registration - Registration Module Pages/Third Screen - Upload Supporting Doc- Preview/Supporting Doc Please Select Drop Down' is clicked on

2018-12-13 01:15:10 - [MESSAGE][PASSED] - Object: 'Object Repository/Final Object Repo/New Registration - Registration Module Pages/Third Screen - Upload Supporting Doc- Preview/Supporting Doc Please Select Drop Down' is clicked on

2018-12-13 01:15:10 - [TEST_STEP][PASSED] - delay: Delayed 3 second(s)

2018-12-13 01:15:13 - [MESSAGE][PASSED] - Delayed 3 second(s)

2018-12-13 01:15:13 - [TEST_STEP][PASSED] - click: Object: 'Object Repository/Final Object Repo/New Registration - Registration Module Pages/Third Screen - Upload Supporting Doc- Preview/Select to Upload Borang SIP 2' is clicked on

2018-12-13 01:15:13 - [MESSAGE][PASSED] - Object: 'Object Repository/Final Object Repo/New Registration - Registration Module Pages/Third Screen - Upload Supporting Doc- Preview/Select to Upload Borang SIP 2' is clicked on

2018-12-13 01:15:13 - [TEST_STEP][PASSED] - delay: Delayed 2 second(s)

2018-12-13 01:15:15 - [MESSAGE][PASSED] - Delayed 2 second(s)

2018-12-13 01:15:15 - [TEST_STEP][PASSED] - uploadFile: File 'C:\Users\Public\Pictures\Sample Pictures\Koala.jpg' sent to object: 'Object Repository/Final Object Repo/New Registration - Registration Module Pages/Third Screen - Upload Supporting Doc- Preview/Upload File Adding'

2018-12-13 01:15:16 - [MESSAGE][PASSED] - File 'C:\Users\Public\Pictures\Sample Pictures\Koala.jpg' sent to object: 'Object Repository/Final Object Repo/New Registration - Registration Module Pages/Third Screen - Upload Supporting Doc- Preview/Upload File Adding'

2018-12-13 01:15:16 - [TEST_STEP][PASSED] - delay: Delayed 5 second(s)

2018-12-13 01:15:21 - [MESSAGE][PASSED] - Delayed 5 second(s)

2018-12-13 01:15:21 - [TEST_STEP][PASSED] - click: Object: 'Object Repository/Final Object Repo/New Registration - Registration Module Pages/Third Screen - Upload Supporting Doc- Preview/Inner Form Add Document Button' is clicked on

2018-12-13 01:15:21 - [MESSAGE][PASSED] - Object: 'Object Repository/Final Object Repo/New Registration - Registration Module Pages/Third Screen - Upload Supporting Doc- Preview/Inner Form Add Document Button' is clicked on

2018-12-13 01:15:21 - [TEST_STEP][PASSED] - delay: Delayed 3 second(s)

2018-12-13 01:15:24 - [MESSAGE][PASSED] - Delayed 3 second(s)

2018-12-13 01:15:24 - [TEST_STEP][PASSED] - waitForElementClickable: Object 'Object Repository/Final Object Repo/New Registration - Registration Module Pages/Third Screen - Upload Supporting Doc- Preview/Save n Continue in Uploading Supporting Doc Page' is clickable

2018-12-13 01:15:25 - [MESSAGE][PASSED] - Object 'Object Repository/Final Object Repo/New Registration - Registration Module Pages/Third Screen - Upload Supporting Doc- Preview/Save n Continue in Uploading Supporting Doc Page' is clickable

2018-12-13 01:15:25 - [TEST_STEP][PASSED] - click: Object: 'Object Repository/Final Object Repo/New Registration - Registration Module Pages/Third Screen - Upload Supporting Doc- Preview/Save n Continue in Uploading Supporting Doc Page' is clicked on

2018-12-13 01:15:25 - [MESSAGE][PASSED] - Object: 'Object Repository/Final Object Repo/New Registration - Registration Module Pages/Third Screen - Upload Supporting Doc- Preview/Save n Continue in Uploading Supporting Doc Page' is clicked on

2018-12-13 01:15:25 - [MESSAGE][PASSED] - Call Test Case 'Test Cases/Final Aug 2018 - PKS Automation/Registration Module/New Registration/Flow of New Registration/Third Screen - Upload Supporting Doc - Preview' successfully

2018-12-13 01:15:25 - [TEST_STEP][PASSED] - setText: Text 'Tester' is set on object 'Object Repository/Final Object Repo/New Registration - Registration Module Pages/New Reg - OTC to RO/Special Case - All Related Objects/Employer Preview Name'

2018-12-13 01:15:29 - [MESSAGE][PASSED] - Text 'Tester' is set on object 'Object Repository/Final Object Repo/New Registration - Registration Module Pages/New Reg - OTC to RO/Special Case - All Related Objects/Employer Preview Name'

2018-12-13 01:15:29 - [TEST_STEP][PASSED] - click: Object: 'Object Repository/Final Object Repo/New Registration - Registration Module Pages/New Reg - OTC to RO/Special Case - All Related Objects/IC Type Drop Down' is clicked on

2018-12-13 01:15:30 - [MESSAGE][PASSED] - Object: 'Object Repository/Final Object Repo/New Registration - Registration Module Pages/New Reg - OTC to RO/Special Case - All Related Objects/IC Type Drop Down' is clicked on

2018-12-13 01:15:30 - [TEST_STEP][PASSED] - click: Object: 'Object Repository/Final Object Repo/New Registration - Registration Module Pages/New Reg - OTC to RO/Special Case - All Related Objects/Select to NRIC' is clicked on

2018-12-13 01:15:30 - [MESSAGE][PASSED] - Object: 'Object Repository/Final Object Repo/New Registration - Registration Module Pages/New Reg - OTC to RO/Special Case - All Related Objects/Select to NRIC' is clicked on

2018-12-13 01:15:30 - [TEST_STEP][PASSED] - setText: Text '133245561223' is set on object 'Object Repository/Final Object Repo/New Registration - Registration Module Pages/New Reg - OTC to RO/Special Case - All Related Objects/IC Value'

2018-12-13 01:15:30 - [MESSAGE][PASSED] - Text '133245561223' is set on object 'Object Repository/Final Object Repo/New Registration - Registration Module Pages/New Reg - OTC to RO/Special Case - All Related Objects/IC Value'

2018-12-13 01:15:30 - [TEST_STEP][PASSED] - setText: Text 'Auto' is set on object 'Object Repository/Final Object Repo/New Registration - Registration Module Pages/New Reg - OTC to RO/Special Case - All Related Objects/Designation'

2018-12-13 01:15:30 - [MESSAGE][PASSED] - Text 'Auto' is set on object 'Object Repository/Final Object Repo/New Registration - Registration Module Pages/New Reg - OTC to RO/Special Case - All Related Objects/Designation'

2018-12-13 01:15:30 - [TEST_STEP][PASSED] - callTestCase: Call Test Case 'Test Cases/Final Aug 2018 - PKS Automation/Registration Module/New Registration/Submit and Screenshot/Submit Registration and Screenshot' successfully

2018-12-13 01:15:30 - [TEST_CASE][PASSED] - Test Cases/Final Aug 2018 - PKS Automation/Registration Module/New Registration/Submit and Screenshot/Submit Registration and Screenshot: Test Cases/Final Aug 2018 - PKS Automation/Registration Module/New Registration/Submit and Screenshot/Submit Registration and Screenshot

2018-12-13 01:15:30 - [TEST_STEP][PASSED] - delay: Delayed 6 second(s)

2018-12-13 01:15:36 - [MESSAGE][PASSED] - Delayed 6 second(s)

2018-12-13 01:15:36 - [TEST_STEP][PASSED] - click: Object: 'Object Repository/Final Object Repo/New Registration - Registration Module Pages/Third Screen - Upload Supporting Doc- Preview/Preview Submit Button' is clicked on

2018-12-13 01:15:37 - [MESSAGE][PASSED] - Object: 'Object Repository/Final Object Repo/New Registration - Registration Module Pages/Third Screen - Upload Supporting Doc- Preview/Preview Submit Button' is clicked on

2018-12-13 01:15:37 - [TEST_STEP][PASSED] - delay: Delayed 2 second(s)

2018-12-13 01:15:39 - [MESSAGE][PASSED] - Delayed 2 second(s)

2018-12-13 01:15:39 - [TEST_STEP][PASSED] - click: Object: 'Object Repository/Final Object Repo/New Registration - Registration Module Pages/Third Screen - Upload Supporting Doc- Preview/Preview Submit - Confirm' is clicked on

2018-12-13 01:15:39 - [MESSAGE][PASSED] - Object: 'Object Repository/Final Object Repo/New Registration - Registration Module Pages/Third Screen - Upload Supporting Doc- Preview/Preview Submit - Confirm' is clicked on

2018-12-13 01:15:39 - [TEST_STEP][PASSED] - delay: Delayed 15 second(s)

2018-12-13 01:15:54 - [MESSAGE][PASSED] - Delayed 15 second(s)

2018-12-13 01:15:54 - [TEST_STEP][PASSED] - Statement - driver = com.kms.katalon.core.webui.driver.DriverFactory.getWebDriver(): null

2018-12-13 01:15:54 - [TEST_STEP][PASSED] - Statement - driver.manage().timeouts().implicitlyWait(10, SECONDS): null

2018-12-13 01:15:54 - [TEST_STEP][PASSED] - Statement - PresavePath = KatalonScreenshots: null

2018-12-13 01:15:54 - [TEST_STEP][PASSED] - Statement - pathPrefix = "C:\Users\Public\Pictures\Sample Pictures\Katalon Screenshots\Automate Ending Screen": null

2018-12-13 01:15:54 - [TEST_STEP][PASSED] - Statement - finalPath = <not implemented yet for class: org.codehaus.groovy.ast.expr.EmptyExpression>: null

2018-12-13 01:15:54 - [TEST_STEP][PASSED] - Statement - scrFile = driver.getScreenshotAs(FILE): null

2018-12-13 01:15:54 - [TEST_STEP][PASSED] - Statement - PreSaveFile = new java.io.File(PresavePath): null

2018-12-13 01:15:54 - [TEST_STEP][PASSED] - Statement - counter = 0: null

2018-12-13 01:15:54 - [TEST_STEP][PASSED] - Statement - If (PreSaveFile.exists()): null

2018-12-13 01:15:54 - [TEST_STEP][PASSED] - Statement - While (PreSaveFile.exists()): null

2018-12-13 01:15:54 - [TEST_STEP][PASSED] - Statement - counter = counter + 1: null

2018-12-13 01:15:54 - [TEST_STEP][PASSED] - Statement - PreSaveFile = new java.io.File(((pathPrefix + java.lang.Integer.toString(counter)) + .png)): null

2018-12-13 01:15:54 - [TEST_STEP][PASSED] - Statement - counter = counter + 1: null

2018-12-13 01:15:54 - [TEST_STEP][PASSED] - Statement - PreSaveFile = new java.io.File(((pathPrefix + java.lang.Integer.toString(counter)) + .png)): null

2018-12-13 01:15:54 - [TEST_STEP][PASSED] - Statement - counter = counter + 1: null

2018-12-13 01:15:54 - [TEST_STEP][PASSED] - Statement - PreSaveFile = new java.io.File(((pathPrefix + java.lang.Integer.toString(counter)) + .png)): null

2018-12-13 01:15:54 - [TEST_STEP][PASSED] - Statement - counter = counter + 1: null

2018-12-13 01:15:54 - [TEST_STEP][PASSED] - Statement - PreSaveFile = new java.io.File(((pathPrefix + java.lang.Integer.toString(counter)) + .png)): null

2018-12-13 01:15:54 - [TEST_STEP][PASSED] - Statement - counter = counter + 1: null

2018-12-13 01:15:54 - [TEST_STEP][PASSED] - Statement - PreSaveFile = new java.io.File(((pathPrefix + java.lang.Integer.toString(counter)) + .png)): null

2018-12-13 01:15:54 - [TEST_STEP][PASSED] - Statement - counter = counter + 1: null

2018-12-13 01:15:54 - [TEST_STEP][PASSED] - Statement - PreSaveFile = new java.io.File(((pathPrefix + java.lang.Integer.toString(counter)) + .png)): null

2018-12-13 01:15:54 - [TEST_STEP][PASSED] - Statement - counter = counter + 1: null

2018-12-13 01:15:54 - [TEST_STEP][PASSED] - Statement - PreSaveFile = new java.io.File(((pathPrefix + java.lang.Integer.toString(counter)) + .png)): null

2018-12-13 01:15:54 - [TEST_STEP][PASSED] - Statement - counter = counter + 1: null

2018-12-13 01:15:54 - [TEST_STEP][PASSED] - Statement - PreSaveFile = new java.io.File(((pathPrefix + java.lang.Integer.toString(counter)) + .png)): null

2018-12-13 01:15:54 - [TEST_STEP][PASSED] - Statement - counter = counter + 1: null

2018-12-13 01:15:54 - [TEST_STEP][PASSED] - Statement - PreSaveFile = new java.io.File(((pathPrefix + java.lang.Integer.toString(counter)) + .png)): null

2018-12-13 01:15:54 - [TEST_STEP][PASSED] - Statement - counter = counter + 1: null

2018-12-13 01:15:54 - [TEST_STEP][PASSED] - Statement - PreSaveFile = new java.io.File(((pathPrefix + java.lang.Integer.toString(counter)) + .png)): null

2018-12-13 01:15:54 - [TEST_STEP][PASSED] - Statement - counter = counter + 1: null

2018-12-13 01:15:54 - [TEST_STEP][PASSED] - Statement - PreSaveFile = new java.io.File(((pathPrefix + java.lang.Integer.toString(counter)) + .png)): null

2018-12-13 01:15:54 - [TEST_STEP][PASSED] - Statement - counter = counter + 1: null

2018-12-13 01:15:54 - [TEST_STEP][PASSED] - Statement - PreSaveFile = new java.io.File(((pathPrefix + java.lang.Integer.toString(counter)) + .png)): null

2018-12-13 01:15:54 - [TEST_STEP][PASSED] - Statement - counter = counter + 1: null

2018-12-13 01:15:54 - [TEST_STEP][PASSED] - Statement - PreSaveFile = new java.io.File(((pathPrefix + java.lang.Integer.toString(counter)) + .png)): null

2018-12-13 01:15:54 - [TEST_STEP][PASSED] - Statement - counter = counter + 1: null

2018-12-13 01:15:54 - [TEST_STEP][PASSED] - Statement - PreSaveFile = new java.io.File(((pathPrefix + java.lang.Integer.toString(counter)) + .png)): null

2018-12-13 01:15:54 - [TEST_STEP][PASSED] - Statement - counter = counter + 1: null

2018-12-13 01:15:54 - [TEST_STEP][PASSED] - Statement - PreSaveFile = new java.io.File(((pathPrefix + java.lang.Integer.toString(counter)) + .png)): null

2018-12-13 01:15:54 - [TEST_STEP][PASSED] - Statement - counter = counter + 1: null

2018-12-13 01:15:54 - [TEST_STEP][PASSED] - Statement - PreSaveFile = new java.io.File(((pathPrefix + java.lang.Integer.toString(counter)) + .png)): null

2018-12-13 01:15:54 - [TEST_STEP][PASSED] - Statement - counter = counter + 1: null

2018-12-13 01:15:54 - [TEST_STEP][PASSED] - Statement - PreSaveFile = new java.io.File(((pathPrefix + java.lang.Integer.toString(counter)) + .png)): null

2018-12-13 01:15:54 - [TEST_STEP][PASSED] - Statement - counter = counter + 1: null

2018-12-13 01:15:54 - [TEST_STEP][PASSED] - Statement - PreSaveFile = new java.io.File(((pathPrefix + java.lang.Integer.toString(counter)) + .png)): null

2018-12-13 01:15:54 - [TEST_STEP][PASSED] - Statement - counter = counter + 1: null

2018-12-13 01:15:54 - [TEST_STEP][PASSED] - Statement - PreSaveFile = new java.io.File(((pathPrefix + java.lang.Integer.toString(counter)) + .png)): null

2018-12-13 01:15:54 - [TEST_STEP][PASSED] - Statement - counter = counter + 1: null

2018-12-13 01:15:54 - [TEST_STEP][PASSED] - Statement - PreSaveFile = new java.io.File(((pathPrefix + java.lang.Integer.toString(counter)) + .png)): null

2018-12-13 01:15:54 - [TEST_STEP][PASSED] - Statement - counter = counter + 1: null

2018-12-13 01:15:54 - [TEST_STEP][PASSED] - Statement - PreSaveFile = new java.io.File(((pathPrefix + java.lang.Integer.toString(counter)) + .png)): null

2018-12-13 01:15:54 - [TEST_STEP][PASSED] - Statement - counter = counter + 1: null

2018-12-13 01:15:54 - [TEST_STEP][PASSED] - Statement - PreSaveFile = new java.io.File(((pathPrefix + java.lang.Integer.toString(counter)) + .png)): null

2018-12-13 01:15:54 - [TEST_STEP][PASSED] - Statement - counter = counter + 1: null

2018-12-13 01:15:54 - [TEST_STEP][PASSED] - Statement - PreSaveFile = new java.io.File(((pathPrefix + java.lang.Integer.toString(counter)) + .png)): null

2018-12-13 01:15:54 - [TEST_STEP][PASSED] - Statement - counter = counter + 1: null

2018-12-13 01:15:54 - [TEST_STEP][PASSED] - Statement - PreSaveFile = new java.io.File(((pathPrefix + java.lang.Integer.toString(counter)) + .png)): null

2018-12-13 01:15:54 - [TEST_STEP][PASSED] - Statement - counter = counter + 1: null

2018-12-13 01:15:54 - [TEST_STEP][PASSED] - Statement - PreSaveFile = new java.io.File(((pathPrefix + java.lang.Integer.toString(counter)) + .png)): null

2018-12-13 01:15:54 - [TEST_STEP][PASSED] - Statement - counter = counter + 1: null

2018-12-13 01:15:54 - [TEST_STEP][PASSED] - Statement - PreSaveFile = new java.io.File(((pathPrefix + java.lang.Integer.toString(counter)) + .png)): null

2018-12-13 01:15:54 - [TEST_STEP][PASSED] - Statement - counter = counter + 1: null

2018-12-13 01:15:54 - [TEST_STEP][PASSED] - Statement - PreSaveFile = new java.io.File(((pathPrefix + java.lang.Integer.toString(counter)) + .png)): null

2018-12-13 01:15:54 - [TEST_STEP][PASSED] - Statement - counter = counter + 1: null

2018-12-13 01:15:54 - [TEST_STEP][PASSED] - Statement - PreSaveFile = new java.io.File(((pathPrefix + java.lang.Integer.toString(counter)) + .png)): null

2018-12-13 01:15:54 - [TEST_STEP][PASSED] - Statement - counter = counter + 1: null

2018-12-13 01:15:54 - [TEST_STEP][PASSED] - Statement - PreSaveFile = new java.io.File(((pathPrefix + java.lang.Integer.toString(counter)) + .png)): null

2018-12-13 01:15:54 - [TEST_STEP][PASSED] - Statement - counter = counter + 1: null

2018-12-13 01:15:54 - [TEST_STEP][PASSED] - Statement - PreSaveFile = new java.io.File(((pathPrefix + java.lang.Integer.toString(counter)) + .png)): null

2018-12-13 01:15:54 - [TEST_STEP][PASSED] - Statement - counter = counter + 1: null

2018-12-13 01:15:54 - [TEST_STEP][PASSED] - Statement - PreSaveFile = new java.io.File(((pathPrefix + java.lang.Integer.toString(counter)) + .png)): null

2018-12-13 01:15:54 - [TEST_STEP][PASSED] - Statement - counter = counter + 1: null

2018-12-13 01:15:54 - [TEST_STEP][PASSED] - Statement - PreSaveFile = new java.io.File(((pathPrefix + java.lang.Integer.toString(counter)) + .png)): null

2018-12-13 01:15:54 - [TEST_STEP][PASSED] - Statement - counter = counter + 1: null

2018-12-13 01:15:54 - [TEST_STEP][PASSED] - Statement - PreSaveFile = new java.io.File(((pathPrefix + java.lang.Integer.toString(counter)) + .png)): null

2018-12-13 01:15:54 - [TEST_STEP][PASSED] - Statement - counter = counter + 1: null

2018-12-13 01:15:54 - [TEST_STEP][PASSED] - Statement - PreSaveFile = new java.io.File(((pathPrefix + java.lang.Integer.toString(counter)) + .png)): null

2018-12-13 01:15:54 - [TEST_STEP][PASSED] - Statement - counter = counter + 1: null

2018-12-13 01:15:54 - [TEST_STEP][PASSED] - Statement - PreSaveFile = new java.io.File(((pathPrefix + java.lang.Integer.toString(counter)) + .png)): null

2018-12-13 01:15:54 - [TEST_STEP][PASSED] - Statement - counter = counter + 1: null

2018-12-13 01:15:54 - [TEST_STEP][PASSED] - Statement - PreSaveFile = new java.io.File(((pathPrefix + java.lang.Integer.toString(counter)) + .png)): null

2018-12-13 01:15:54 - [TEST_STEP][PASSED] - Statement - counter = counter + 1: null

2018-12-13 01:15:54 - [TEST_STEP][PASSED] - Statement - PreSaveFile = new java.io.File(((pathPrefix + java.lang.Integer.toString(counter)) + .png)): null

2018-12-13 01:15:54 - [TEST_STEP][PASSED] - Statement - counter = counter + 1: null

2018-12-13 01:15:54 - [TEST_STEP][PASSED] - Statement - PreSaveFile = new java.io.File(((pathPrefix + java.lang.Integer.toString(counter)) + .png)): null

2018-12-13 01:15:54 - [TEST_STEP][PASSED] - Statement - counter = counter + 1: null

2018-12-13 01:15:54 - [TEST_STEP][PASSED] - Statement - PreSaveFile = new java.io.File(((pathPrefix + java.lang.Integer.toString(counter)) + .png)): null

2018-12-13 01:15:54 - [TEST_STEP][PASSED] - Statement - counter = counter + 1: null

2018-12-13 01:15:54 - [TEST_STEP][PASSED] - Statement - PreSaveFile = new java.io.File(((pathPrefix + java.lang.Integer.toString(counter)) + .png)): null

2018-12-13 01:15:54 - [TEST_STEP][PASSED] - Statement - counter = counter + 1: null

2018-12-13 01:15:54 - [TEST_STEP][PASSED] - Statement - PreSaveFile = new java.io.File(((pathPrefix + java.lang.Integer.toString(counter)) + .png)): null

2018-12-13 01:15:54 - [TEST_STEP][PASSED] - Statement - counter = counter + 1: null

2018-12-13 01:15:54 - [TEST_STEP][PASSED] - Statement - PreSaveFile = new java.io.File(((pathPrefix + java.lang.Integer.toString(counter)) + .png)): null

2018-12-13 01:15:54 - [TEST_STEP][PASSED] - Statement - counter = counter + 1: null

2018-12-13 01:15:54 - [TEST_STEP][PASSED] - Statement - PreSaveFile = new java.io.File(((pathPrefix + java.lang.Integer.toString(counter)) + .png)): null

2018-12-13 01:15:54 - [TEST_STEP][PASSED] - Statement - counter = counter + 1: null

2018-12-13 01:15:54 - [TEST_STEP][PASSED] - Statement - PreSaveFile = new java.io.File(((pathPrefix + java.lang.Integer.toString(counter)) + .png)): null

2018-12-13 01:15:54 - [TEST_STEP][PASSED] - Statement - counter = counter + 1: null

2018-12-13 01:15:54 - [TEST_STEP][PASSED] - Statement - PreSaveFile = new java.io.File(((pathPrefix + java.lang.Integer.toString(counter)) + .png)): null

2018-12-13 01:15:54 - [TEST_STEP][PASSED] - Statement - counter = counter + 1: null

2018-12-13 01:15:54 - [TEST_STEP][PASSED] - Statement - PreSaveFile = new java.io.File(((pathPrefix + java.lang.Integer.toString(counter)) + .png)): null

2018-12-13 01:15:54 - [TEST_STEP][PASSED] - Statement - counter = counter + 1: null

2018-12-13 01:15:54 - [TEST_STEP][PASSED] - Statement - PreSaveFile = new java.io.File(((pathPrefix + java.lang.Integer.toString(counter)) + .png)): null

2018-12-13 01:15:54 - [TEST_STEP][PASSED] - Statement - counter = counter + 1: null

2018-12-13 01:15:54 - [TEST_STEP][PASSED] - Statement - PreSaveFile = new java.io.File(((pathPrefix + java.lang.Integer.toString(counter)) + .png)): null

2018-12-13 01:15:54 - [TEST_STEP][PASSED] - Statement - counter = counter + 1: null

2018-12-13 01:15:54 - [TEST_STEP][PASSED] - Statement - PreSaveFile = new java.io.File(((pathPrefix + java.lang.Integer.toString(counter)) + .png)): null

2018-12-13 01:15:54 - [TEST_STEP][PASSED] - Statement - counter = counter + 1: null

2018-12-13 01:15:54 - [TEST_STEP][PASSED] - Statement - PreSaveFile = new java.io.File(((pathPrefix + java.lang.Integer.toString(counter)) + .png)): null

2018-12-13 01:15:54 - [TEST_STEP][PASSED] - Statement - counter = counter + 1: null

2018-12-13 01:15:54 - [TEST_STEP][PASSED] - Statement - PreSaveFile = new java.io.File(((pathPrefix + java.lang.Integer.toString(counter)) + .png)): null

2018-12-13 01:15:54 - [TEST_STEP][PASSED] - Statement - counter = counter + 1: null

2018-12-13 01:15:54 - [TEST_STEP][PASSED] - Statement - PreSaveFile = new java.io.File(((pathPrefix + java.lang.Integer.toString(counter)) + .png)): null

2018-12-13 01:15:54 - [TEST_STEP][PASSED] - Statement - counter = counter + 1: null

2018-12-13 01:15:54 - [TEST_STEP][PASSED] - Statement - PreSaveFile = new java.io.File(((pathPrefix + java.lang.Integer.toString(counter)) + .png)): null

2018-12-13 01:15:54 - [TEST_STEP][PASSED] - Statement - counter = counter + 1: null

2018-12-13 01:15:54 - [TEST_STEP][PASSED] - Statement - PreSaveFile = new java.io.File(((pathPrefix + java.lang.Integer.toString(counter)) + .png)): null

2018-12-13 01:15:54 - [TEST_STEP][PASSED] - Statement - counter = counter + 1: null

2018-12-13 01:15:54 - [TEST_STEP][PASSED] - Statement - PreSaveFile = new java.io.File(((pathPrefix + java.lang.Integer.toString(counter)) + .png)): null

2018-12-13 01:15:54 - [TEST_STEP][PASSED] - Statement - counter = counter + 1: null

2018-12-13 01:15:54 - [TEST_STEP][PASSED] - Statement - PreSaveFile = new java.io.File(((pathPrefix + java.lang.Integer.toString(counter)) + .png)): null

2018-12-13 01:15:54 - [TEST_STEP][PASSED] - Statement - counter = counter + 1: null

2018-12-13 01:15:54 - [TEST_STEP][PASSED] - Statement - PreSaveFile = new java.io.File(((pathPrefix + java.lang.Integer.toString(counter)) + .png)): null

2018-12-13 01:15:54 - [TEST_STEP][PASSED] - Statement - counter = counter + 1: null

2018-12-13 01:15:54 - [TEST_STEP][PASSED] - Statement - PreSaveFile = new java.io.File(((pathPrefix + java.lang.Integer.toString(counter)) + .png)): null

2018-12-13 01:15:54 - [TEST_STEP][PASSED] - Statement - counter = counter + 1: null

2018-12-13 01:15:54 - [TEST_STEP][PASSED] - Statement - PreSaveFile = new java.io.File(((pathPrefix + java.lang.Integer.toString(counter)) + .png)): null

2018-12-13 01:15:54 - [TEST_STEP][PASSED] - Statement - counter = counter + 1: null

2018-12-13 01:15:54 - [TEST_STEP][PASSED] - Statement - PreSaveFile = new java.io.File(((pathPrefix + java.lang.Integer.toString(counter)) + .png)): null

2018-12-13 01:15:54 - [TEST_STEP][PASSED] - Statement - counter = counter + 1: null

2018-12-13 01:15:54 - [TEST_STEP][PASSED] - Statement - PreSaveFile = new java.io.File(((pathPrefix + java.lang.Integer.toString(counter)) + .png)): null

2018-12-13 01:15:54 - [TEST_STEP][PASSED] - Statement - counter = counter + 1: null

2018-12-13 01:15:54 - [TEST_STEP][PASSED] - Statement - PreSaveFile = new java.io.File(((pathPrefix + java.lang.Integer.toString(counter)) + .png)): null

2018-12-13 01:15:54 - [TEST_STEP][PASSED] - Statement - counter = counter + 1: null

2018-12-13 01:15:54 - [TEST_STEP][PASSED] - Statement - PreSaveFile = new java.io.File(((pathPrefix + java.lang.Integer.toString(counter)) + .png)): null

2018-12-13 01:15:54 - [TEST_STEP][PASSED] - Statement - counter = counter + 1: null

2018-12-13 01:15:54 - [TEST_STEP][PASSED] - Statement - PreSaveFile = new java.io.File(((pathPrefix + java.lang.Integer.toString(counter)) + .png)): null

2018-12-13 01:15:54 - [TEST_STEP][PASSED] - Statement - counter = counter + 1: null

2018-12-13 01:15:54 - [TEST_STEP][PASSED] - Statement - PreSaveFile = new java.io.File(((pathPrefix + java.lang.Integer.toString(counter)) + .png)): null

2018-12-13 01:15:54 - [TEST_STEP][PASSED] - Statement - counter = counter + 1: null

2018-12-13 01:15:54 - [TEST_STEP][PASSED] - Statement - PreSaveFile = new java.io.File(((pathPrefix + java.lang.Integer.toString(counter)) + .png)): null

2018-12-13 01:15:54 - [TEST_STEP][PASSED] - Statement - counter = counter + 1: null

2018-12-13 01:15:54 - [TEST_STEP][PASSED] - Statement - PreSaveFile = new java.io.File(((pathPrefix + java.lang.Integer.toString(counter)) + .png)): null

2018-12-13 01:15:54 - [TEST_STEP][PASSED] - Statement - counter = counter + 1: null

2018-12-13 01:15:54 - [TEST_STEP][PASSED] - Statement - PreSaveFile = new java.io.File(((pathPrefix + java.lang.Integer.toString(counter)) + .png)): null

2018-12-13 01:15:54 - [TEST_STEP][PASSED] - Statement - counter = counter + 1: null

2018-12-13 01:15:54 - [TEST_STEP][PASSED] - Statement - PreSaveFile = new java.io.File(((pathPrefix + java.lang.Integer.toString(counter)) + .png)): null

2018-12-13 01:15:54 - [TEST_STEP][PASSED] - Statement - counter = counter + 1: null

2018-12-13 01:15:54 - [TEST_STEP][PASSED] - Statement - PreSaveFile = new java.io.File(((pathPrefix + java.lang.Integer.toString(counter)) + .png)): null

2018-12-13 01:15:54 - [TEST_STEP][PASSED] - Statement - counter = counter + 1: null

2018-12-13 01:15:54 - [TEST_STEP][PASSED] - Statement - PreSaveFile = new java.io.File(((pathPrefix + java.lang.Integer.toString(counter)) + .png)): null

2018-12-13 01:15:54 - [TEST_STEP][PASSED] - Statement - counter = counter + 1: null

2018-12-13 01:15:54 - [TEST_STEP][PASSED] - Statement - PreSaveFile = new java.io.File(((pathPrefix + java.lang.Integer.toString(counter)) + .png)): null

2018-12-13 01:15:54 - [TEST_STEP][PASSED] - Statement - counter = counter + 1: null

2018-12-13 01:15:54 - [TEST_STEP][PASSED] - Statement - PreSaveFile = new java.io.File(((pathPrefix + java.lang.Integer.toString(counter)) + .png)): null

2018-12-13 01:15:54 - [TEST_STEP][PASSED] - Statement - counter = counter + 1: null

2018-12-13 01:15:54 - [TEST_STEP][PASSED] - Statement - PreSaveFile = new java.io.File(((pathPrefix + java.lang.Integer.toString(counter)) + .png)): null

2018-12-13 01:15:54 - [TEST_STEP][PASSED] - Statement - counter = counter + 1: null

2018-12-13 01:15:54 - [TEST_STEP][PASSED] - Statement - PreSaveFile = new java.io.File(((pathPrefix + java.lang.Integer.toString(counter)) + .png)): null

2018-12-13 01:15:54 - [TEST_STEP][PASSED] - Statement - counter = counter + 1: null

2018-12-13 01:15:54 - [TEST_STEP][PASSED] - Statement - PreSaveFile = new java.io.File(((pathPrefix + java.lang.Integer.toString(counter)) + .png)): null

2018-12-13 01:15:54 - [TEST_STEP][PASSED] - Statement - counter = counter + 1: null

2018-12-13 01:15:54 - [TEST_STEP][PASSED] - Statement - PreSaveFile = new java.io.File(((pathPrefix + java.lang.Integer.toString(counter)) + .png)): null

2018-12-13 01:15:54 - [TEST_STEP][PASSED] - Statement - counter = counter + 1: null

2018-12-13 01:15:54 - [TEST_STEP][PASSED] - Statement - PreSaveFile = new java.io.File(((pathPrefix + java.lang.Integer.toString(counter)) + .png)): null

2018-12-13 01:15:54 - [TEST_STEP][PASSED] - Statement - counter = counter + 1: null

2018-12-13 01:15:54 - [TEST_STEP][PASSED] - Statement - PreSaveFile = new java.io.File(((pathPrefix + java.lang.Integer.toString(counter)) + .png)): null

2018-12-13 01:15:54 - [TEST_STEP][PASSED] - Statement - counter = counter + 1: null

2018-12-13 01:15:54 - [TEST_STEP][PASSED] - Statement - PreSaveFile = new java.io.File(((pathPrefix + java.lang.Integer.toString(counter)) + .png)): null

2018-12-13 01:15:54 - [TEST_STEP][PASSED] - Statement - counter = counter + 1: null

2018-12-13 01:15:54 - [TEST_STEP][PASSED] - Statement - PreSaveFile = new java.io.File(((pathPrefix + java.lang.Integer.toString(counter)) + .png)): null

2018-12-13 01:15:54 - [TEST_STEP][PASSED] - Statement - counter = counter + 1: null

2018-12-13 01:15:54 - [TEST_STEP][PASSED] - Statement - PreSaveFile = new java.io.File(((pathPrefix + java.lang.Integer.toString(counter)) + .png)): null

2018-12-13 01:15:54 - [TEST_STEP][PASSED] - Statement - counter = counter + 1: null

2018-12-13 01:15:54 - [TEST_STEP][PASSED] - Statement - PreSaveFile = new java.io.File(((pathPrefix + java.lang.Integer.toString(counter)) + .png)): null

2018-12-13 01:15:54 - [TEST_STEP][PASSED] - Statement - counter = counter + 1: null

2018-12-13 01:15:54 - [TEST_STEP][PASSED] - Statement - PreSaveFile = new java.io.File(((pathPrefix + java.lang.Integer.toString(counter)) + .png)): null

2018-12-13 01:15:54 - [TEST_STEP][PASSED] - Statement - counter = counter + 1: null

2018-12-13 01:15:54 - [TEST_STEP][PASSED] - Statement - PreSaveFile = new java.io.File(((pathPrefix + java.lang.Integer.toString(counter)) + .png)): null

2018-12-13 01:15:54 - [TEST_STEP][PASSED] - Statement - counter = counter + 1: null

2018-12-13 01:15:54 - [TEST_STEP][PASSED] - Statement - PreSaveFile = new java.io.File(((pathPrefix + java.lang.Integer.toString(counter)) + .png)): null

2018-12-13 01:15:54 - [TEST_STEP][PASSED] - Statement - counter = counter + 1: null

2018-12-13 01:15:54 - [TEST_STEP][PASSED] - Statement - PreSaveFile = new java.io.File(((pathPrefix + java.lang.Integer.toString(counter)) + .png)): null

2018-12-13 01:15:54 - [TEST_STEP][PASSED] - Statement - counter = counter + 1: null

2018-12-13 01:15:54 - [TEST_STEP][PASSED] - Statement - PreSaveFile = new java.io.File(((pathPrefix + java.lang.Integer.toString(counter)) + .png)): null

2018-12-13 01:15:54 - [TEST_STEP][PASSED] - Statement - counter = counter + 1: null

2018-12-13 01:15:54 - [TEST_STEP][PASSED] - Statement - PreSaveFile = new java.io.File(((pathPrefix + java.lang.Integer.toString(counter)) + .png)): null

2018-12-13 01:15:54 - [TEST_STEP][PASSED] - Statement - counter = counter + 1: null

2018-12-13 01:15:54 - [TEST_STEP][PASSED] - Statement - PreSaveFile = new java.io.File(((pathPrefix + java.lang.Integer.toString(counter)) + .png)): null

2018-12-13 01:15:54 - [TEST_STEP][PASSED] - Statement - counter = counter + 1: null

2018-12-13 01:15:54 - [TEST_STEP][PASSED] - Statement - PreSaveFile = new java.io.File(((pathPrefix + java.lang.Integer.toString(counter)) + .png)): null

2018-12-13 01:15:54 - [TEST_STEP][PASSED] - Statement - counter = counter + 1: null

2018-12-13 01:15:54 - [TEST_STEP][PASSED] - Statement - PreSaveFile = new java.io.File(((pathPrefix + java.lang.Integer.toString(counter)) + .png)): null

2018-12-13 01:15:54 - [TEST_STEP][PASSED] - Statement - counter = counter + 1: null

2018-12-13 01:15:54 - [TEST_STEP][PASSED] - Statement - PreSaveFile = new java.io.File(((pathPrefix + java.lang.Integer.toString(counter)) + .png)): null

2018-12-13 01:15:54 - [TEST_STEP][PASSED] - Statement - counter = counter + 1: null

2018-12-13 01:15:54 - [TEST_STEP][PASSED] - Statement - PreSaveFile = new java.io.File(((pathPrefix + java.lang.Integer.toString(counter)) + .png)): null

2018-12-13 01:15:54 - [TEST_STEP][PASSED] - Statement - counter = counter + 1: null

2018-12-13 01:15:54 - [TEST_STEP][PASSED] - Statement - PreSaveFile = new java.io.File(((pathPrefix + java.lang.Integer.toString(counter)) + .png)): null

2018-12-13 01:15:54 - [TEST_STEP][PASSED] - Statement - counter = counter + 1: null

2018-12-13 01:15:54 - [TEST_STEP][PASSED] - Statement - PreSaveFile = new java.io.File(((pathPrefix + java.lang.Integer.toString(counter)) + .png)): null

2018-12-13 01:15:54 - [TEST_STEP][PASSED] - Statement - counter = counter + 1: null

2018-12-13 01:15:54 - [TEST_STEP][PASSED] - Statement - PreSaveFile = new java.io.File(((pathPrefix + java.lang.Integer.toString(counter)) + .png)): null

2018-12-13 01:15:54 - [TEST_STEP][PASSED] - Statement - counter = counter + 1: null

2018-12-13 01:15:54 - [TEST_STEP][PASSED] - Statement - PreSaveFile = new java.io.File(((pathPrefix + java.lang.Integer.toString(counter)) + .png)): null

2018-12-13 01:15:54 - [TEST_STEP][PASSED] - Statement - counter = counter + 1: null

2018-12-13 01:15:54 - [TEST_STEP][PASSED] - Statement - PreSaveFile = new java.io.File(((pathPrefix + java.lang.Integer.toString(counter)) + .png)): null

2018-12-13 01:15:54 - [TEST_STEP][PASSED] - Statement - counter = counter + 1: null

2018-12-13 01:15:54 - [TEST_STEP][PASSED] - Statement - PreSaveFile = new java.io.File(((pathPrefix + java.lang.Integer.toString(counter)) + .png)): null

2018-12-13 01:15:54 - [TEST_STEP][PASSED] - Statement - counter = counter + 1: null

2018-12-13 01:15:54 - [TEST_STEP][PASSED] - Statement - PreSaveFile = new java.io.File(((pathPrefix + java.lang.Integer.toString(counter)) + .png)): null

2018-12-13 01:15:54 - [TEST_STEP][PASSED] - Statement - counter = counter + 1: null

2018-12-13 01:15:54 - [TEST_STEP][PASSED] - Statement - PreSaveFile = new java.io.File(((pathPrefix + java.lang.Integer.toString(counter)) + .png)): null

2018-12-13 01:15:54 - [TEST_STEP][PASSED] - Statement - counter = counter + 1: null

2018-12-13 01:15:54 - [TEST_STEP][PASSED] - Statement - PreSaveFile = new java.io.File(((pathPrefix + java.lang.Integer.toString(counter)) + .png)): null

2018-12-13 01:15:54 - [TEST_STEP][PASSED] - Statement - counter = counter + 1: null

2018-12-13 01:15:54 - [TEST_STEP][PASSED] - Statement - PreSaveFile = new java.io.File(((pathPrefix + java.lang.Integer.toString(counter)) + .png)): null

2018-12-13 01:15:54 - [TEST_STEP][PASSED] - Statement - counter = counter + 1: null

2018-12-13 01:15:54 - [TEST_STEP][PASSED] - Statement - PreSaveFile = new java.io.File(((pathPrefix + java.lang.Integer.toString(counter)) + .png)): null

2018-12-13 01:15:54 - [TEST_STEP][PASSED] - Statement - counter = counter + 1: null

2018-12-13 01:15:54 - [TEST_STEP][PASSED] - Statement - PreSaveFile = new java.io.File(((pathPrefix + java.lang.Integer.toString(counter)) + .png)): null

2018-12-13 01:15:54 - [TEST_STEP][PASSED] - Statement - counter = counter + 1: null

2018-12-13 01:15:54 - [TEST_STEP][PASSED] - Statement - PreSaveFile = new java.io.File(((pathPrefix + java.lang.Integer.toString(counter)) + .png)): null

2018-12-13 01:15:54 - [TEST_STEP][PASSED] - Statement - counter = counter + 1: null

2018-12-13 01:15:54 - [TEST_STEP][PASSED] - Statement - PreSaveFile = new java.io.File(((pathPrefix + java.lang.Integer.toString(counter)) + .png)): null

2018-12-13 01:15:54 - [TEST_STEP][PASSED] - Statement - counter = counter + 1: null

2018-12-13 01:15:54 - [TEST_STEP][PASSED] - Statement - PreSaveFile = new java.io.File(((pathPrefix + java.lang.Integer.toString(counter)) + .png)): null

2018-12-13 01:15:54 - [TEST_STEP][PASSED] - Statement - counter = counter + 1: null

2018-12-13 01:15:54 - [TEST_STEP][PASSED] - Statement - PreSaveFile = new java.io.File(((pathPrefix + java.lang.Integer.toString(counter)) + .png)): null

2018-12-13 01:15:54 - [TEST_STEP][PASSED] - Statement - counter = counter + 1: null

2018-12-13 01:15:54 - [TEST_STEP][PASSED] - Statement - PreSaveFile = new java.io.File(((pathPrefix + java.lang.Integer.toString(counter)) + .png)): null

2018-12-13 01:15:54 - [TEST_STEP][PASSED] - Statement - counter = counter + 1: null

2018-12-13 01:15:54 - [TEST_STEP][PASSED] - Statement - PreSaveFile = new java.io.File(((pathPrefix + java.lang.Integer.toString(counter)) + .png)): null

2018-12-13 01:15:54 - [TEST_STEP][PASSED] - Statement - counter = counter + 1: null

2018-12-13 01:15:54 - [TEST_STEP][PASSED] - Statement - PreSaveFile = new java.io.File(((pathPrefix + java.lang.Integer.toString(counter)) + .png)): null

2018-12-13 01:15:54 - [TEST_STEP][PASSED] - Statement - counter = counter + 1: null

2018-12-13 01:15:54 - [TEST_STEP][PASSED] - Statement - PreSaveFile = new java.io.File(((pathPrefix + java.lang.Integer.toString(counter)) + .png)): null

2018-12-13 01:15:54 - [TEST_STEP][PASSED] - Statement - counter = counter + 1: null

2018-12-13 01:15:54 - [TEST_STEP][PASSED] - Statement - PreSaveFile = new java.io.File(((pathPrefix + java.lang.Integer.toString(counter)) + .png)): null

2018-12-13 01:15:55 - [TEST_STEP][PASSED] - Statement - counter = counter + 1: null

2018-12-13 01:15:55 - [TEST_STEP][PASSED] - Statement - PreSaveFile = new java.io.File(((pathPrefix + java.lang.Integer.toString(counter)) + .png)): null

2018-12-13 01:15:55 - [TEST_STEP][PASSED] - Statement - counter = counter + 1: null

2018-12-13 01:15:55 - [TEST_STEP][PASSED] - Statement - PreSaveFile = new java.io.File(((pathPrefix + java.lang.Integer.toString(counter)) + .png)): null

2018-12-13 01:15:55 - [TEST_STEP][PASSED] - Statement - counter = counter + 1: null

2018-12-13 01:15:55 - [TEST_STEP][PASSED] - Statement - PreSaveFile = new java.io.File(((pathPrefix + java.lang.Integer.toString(counter)) + .png)): null

2018-12-13 01:15:55 - [TEST_STEP][PASSED] - Statement - counter = counter + 1: null

2018-12-13 01:15:55 - [TEST_STEP][PASSED] - Statement - PreSaveFile = new java.io.File(((pathPrefix + java.lang.Integer.toString(counter)) + .png)): null

2018-12-13 01:15:55 - [TEST_STEP][PASSED] - Statement - counter = counter + 1: null

2018-12-13 01:15:55 - [TEST_STEP][PASSED] - Statement - PreSaveFile = new java.io.File(((pathPrefix + java.lang.Integer.toString(counter)) + .png)): null

2018-12-13 01:15:55 - [TEST_STEP][PASSED] - Statement - counter = counter + 1: null

2018-12-13 01:15:55 - [TEST_STEP][PASSED] - Statement - PreSaveFile = new java.io.File(((pathPrefix + java.lang.Integer.toString(counter)) + .png)): null

2018-12-13 01:15:55 - [TEST_STEP][PASSED] - Statement - counter = counter + 1: null

2018-12-13 01:15:55 - [TEST_STEP][PASSED] - Statement - PreSaveFile = new java.io.File(((pathPrefix + java.lang.Integer.toString(counter)) + .png)): null

2018-12-13 01:15:55 - [TEST_STEP][PASSED] - Statement - counter = counter + 1: null

2018-12-13 01:15:55 - [TEST_STEP][PASSED] - Statement - PreSaveFile = new java.io.File(((pathPrefix + java.lang.Integer.toString(counter)) + .png)): null

2018-12-13 01:15:55 - [TEST_STEP][PASSED] - Statement - counter = counter + 1: null

2018-12-13 01:15:55 - [TEST_STEP][PASSED] - Statement - PreSaveFile = new java.io.File(((pathPrefix + java.lang.Integer.toString(counter)) + .png)): null

2018-12-13 01:15:55 - [TEST_STEP][PASSED] - Statement - counter = counter + 1: null

2018-12-13 01:15:55 - [TEST_STEP][PASSED] - Statement - PreSaveFile = new java.io.File(((pathPrefix + java.lang.Integer.toString(counter)) + .png)): null

2018-12-13 01:15:55 - [TEST_STEP][PASSED] - Statement - counter = counter + 1: null

2018-12-13 01:15:55 - [TEST_STEP][PASSED] - Statement - PreSaveFile = new java.io.File(((pathPrefix + java.lang.Integer.toString(counter)) + .png)): null

2018-12-13 01:15:55 - [TEST_STEP][PASSED] - Statement - counter = counter + 1: null

2018-12-13 01:15:55 - [TEST_STEP][PASSED] - Statement - PreSaveFile = new java.io.File(((pathPrefix + java.lang.Integer.toString(counter)) + .png)): null

2018-12-13 01:15:55 - [TEST_STEP][PASSED] - Statement - counter = counter + 1: null

2018-12-13 01:15:55 - [TEST_STEP][PASSED] - Statement - PreSaveFile = new java.io.File(((pathPrefix + java.lang.Integer.toString(counter)) + .png)): null

2018-12-13 01:15:55 - [TEST_STEP][PASSED] - Statement - counter = counter + 1: null

2018-12-13 01:15:55 - [TEST_STEP][PASSED] - Statement - PreSaveFile = new java.io.File(((pathPrefix + java.lang.Integer.toString(counter)) + .png)): null

2018-12-13 01:15:55 - [TEST_STEP][PASSED] - Statement - counter = counter + 1: null

2018-12-13 01:15:55 - [TEST_STEP][PASSED] - Statement - PreSaveFile = new java.io.File(((pathPrefix + java.lang.Integer.toString(counter)) + .png)): null

2018-12-13 01:15:55 - [TEST_STEP][PASSED] - Statement - counter = counter + 1: null

2018-12-13 01:15:55 - [TEST_STEP][PASSED] - Statement - PreSaveFile = new java.io.File(((pathPrefix + java.lang.Integer.toString(counter)) + .png)): null

2018-12-13 01:15:55 - [TEST_STEP][PASSED] - Statement - counter = counter + 1: null

2018-12-13 01:15:55 - [TEST_STEP][PASSED] - Statement - PreSaveFile = new java.io.File(((pathPrefix + java.lang.Integer.toString(counter)) + .png)): null

2018-12-13 01:15:55 - [TEST_STEP][PASSED] - Statement - counter = counter + 1: null

2018-12-13 01:15:55 - [TEST_STEP][PASSED] - Statement - PreSaveFile = new java.io.File(((pathPrefix + java.lang.Integer.toString(counter)) + .png)): null

2018-12-13 01:15:55 - [TEST_STEP][PASSED] - Statement - counter = counter + 1: null

2018-12-13 01:15:55 - [TEST_STEP][PASSED] - Statement - PreSaveFile = new java.io.File(((pathPrefix + java.lang.Integer.toString(counter)) + .png)): null

2018-12-13 01:15:55 - [TEST_STEP][PASSED] - Statement - counter = counter + 1: null

2018-12-13 01:15:55 - [TEST_STEP][PASSED] - Statement - PreSaveFile = new java.io.File(((pathPrefix + java.lang.Integer.toString(counter)) + .png)): null

2018-12-13 01:15:55 - [TEST_STEP][PASSED] - Statement - counter = counter + 1: null

2018-12-13 01:15:55 - [TEST_STEP][PASSED] - Statement - PreSaveFile = new java.io.File(((pathPrefix + java.lang.Integer.toString(counter)) + .png)): null

2018-12-13 01:15:55 - [TEST_STEP][PASSED] - Statement - counter = counter + 1: null

2018-12-13 01:15:55 - [TEST_STEP][PASSED] - Statement - PreSaveFile = new java.io.File(((pathPrefix + java.lang.Integer.toString(counter)) + .png)): null

2018-12-13 01:15:55 - [TEST_STEP][PASSED] - Statement - counter = counter + 1: null

2018-12-13 01:15:55 - [TEST_STEP][PASSED] - Statement - PreSaveFile = new java.io.File(((pathPrefix + java.lang.Integer.toString(counter)) + .png)): null

2018-12-13 01:15:55 - [TEST_STEP][PASSED] - Statement - counter = counter + 1: null

2018-12-13 01:15:55 - [TEST_STEP][PASSED] - Statement - PreSaveFile = new java.io.File(((pathPrefix + java.lang.Integer.toString(counter)) + .png)): null

2018-12-13 01:15:55 - [TEST_STEP][PASSED] - Statement - counter = counter + 1: null

2018-12-13 01:15:55 - [TEST_STEP][PASSED] - Statement - PreSaveFile = new java.io.File(((pathPrefix + java.lang.Integer.toString(counter)) + .png)): null

2018-12-13 01:15:55 - [TEST_STEP][PASSED] - Statement - counter = counter + 1: null

2018-12-13 01:15:55 - [TEST_STEP][PASSED] - Statement - PreSaveFile = new java.io.File(((pathPrefix + java.lang.Integer.toString(counter)) + .png)): null

2018-12-13 01:15:55 - [TEST_STEP][PASSED] - Statement - counter = counter + 1: null

2018-12-13 01:15:55 - [TEST_STEP][PASSED] - Statement - PreSaveFile = new java.io.File(((pathPrefix + java.lang.Integer.toString(counter)) + .png)): null

2018-12-13 01:15:55 - [TEST_STEP][PASSED] - Statement - counter = counter + 1: null

2018-12-13 01:15:55 - [TEST_STEP][PASSED] - Statement - PreSaveFile = new java.io.File(((pathPrefix + java.lang.Integer.toString(counter)) + .png)): null

2018-12-13 01:15:55 - [TEST_STEP][PASSED] - Statement - counter = counter + 1: null

2018-12-13 01:15:55 - [TEST_STEP][PASSED] - Statement - PreSaveFile = new java.io.File(((pathPrefix + java.lang.Integer.toString(counter)) + .png)): null

2018-12-13 01:15:55 - [TEST_STEP][PASSED] - Statement - counter = counter + 1: null

2018-12-13 01:15:55 - [TEST_STEP][PASSED] - Statement - PreSaveFile = new java.io.File(((pathPrefix + java.lang.Integer.toString(counter)) + .png)): null

2018-12-13 01:15:55 - [TEST_STEP][PASSED] - Statement - counter = counter + 1: null

2018-12-13 01:15:55 - [TEST_STEP][PASSED] - Statement - PreSaveFile = new java.io.File(((pathPrefix + java.lang.Integer.toString(counter)) + .png)): null

2018-12-13 01:15:55 - [TEST_STEP][PASSED] - Statement - counter = counter + 1: null

2018-12-13 01:15:55 - [TEST_STEP][PASSED] - Statement - PreSaveFile = new java.io.File(((pathPrefix + java.lang.Integer.toString(counter)) + .png)): null

2018-12-13 01:15:55 - [TEST_STEP][PASSED] - Statement - counter = counter + 1: null

2018-12-13 01:15:55 - [TEST_STEP][PASSED] - Statement - PreSaveFile = new java.io.File(((pathPrefix + java.lang.Integer.toString(counter)) + .png)): null

2018-12-13 01:15:55 - [TEST_STEP][PASSED] - Statement - counter = counter + 1: null

2018-12-13 01:15:55 - [TEST_STEP][PASSED] - Statement - PreSaveFile = new java.io.File(((pathPrefix + java.lang.Integer.toString(counter)) + .png)): null

2018-12-13 01:15:55 - [TEST_STEP][PASSED] - Statement - counter = counter + 1: null

2018-12-13 01:15:55 - [TEST_STEP][PASSED] - Statement - PreSaveFile = new java.io.File(((pathPrefix + java.lang.Integer.toString(counter)) + .png)): null

2018-12-13 01:15:55 - [TEST_STEP][PASSED] - Statement - counter = counter + 1: null

2018-12-13 01:15:55 - [TEST_STEP][PASSED] - Statement - PreSaveFile = new java.io.File(((pathPrefix + java.lang.Integer.toString(counter)) + .png)): null

2018-12-13 01:15:55 - [TEST_STEP][PASSED] - Statement - counter = counter + 1: null

2018-12-13 01:15:55 - [TEST_STEP][PASSED] - Statement - PreSaveFile = new java.io.File(((pathPrefix + java.lang.Integer.toString(counter)) + .png)): null

2018-12-13 01:15:55 - [TEST_STEP][PASSED] - Statement - counter = counter + 1: null

2018-12-13 01:15:55 - [TEST_STEP][PASSED] - Statement - PreSaveFile = new java.io.File(((pathPrefix + java.lang.Integer.toString(counter)) + .png)): null

2018-12-13 01:15:55 - [TEST_STEP][PASSED] - Statement - counter = counter + 1: null

2018-12-13 01:15:55 - [TEST_STEP][PASSED] - Statement - PreSaveFile = new java.io.File(((pathPrefix + java.lang.Integer.toString(counter)) + .png)): null

2018-12-13 01:15:55 - [TEST_STEP][PASSED] - Statement - counter = counter + 1: null

2018-12-13 01:15:55 - [TEST_STEP][PASSED] - Statement - PreSaveFile = new java.io.File(((pathPrefix + java.lang.Integer.toString(counter)) + .png)): null

2018-12-13 01:15:55 - [TEST_STEP][PASSED] - Statement - counter = counter + 1: null

2018-12-13 01:15:55 - [TEST_STEP][PASSED] - Statement - PreSaveFile = new java.io.File(((pathPrefix + java.lang.Integer.toString(counter)) + .png)): null

2018-12-13 01:15:55 - [TEST_STEP][PASSED] - Statement - counter = counter + 1: null

2018-12-13 01:15:55 - [TEST_STEP][PASSED] - Statement - PreSaveFile = new java.io.File(((pathPrefix + java.lang.Integer.toString(counter)) + .png)): null

2018-12-13 01:15:55 - [TEST_STEP][PASSED] - Statement - counter = counter + 1: null

2018-12-13 01:15:55 - [TEST_STEP][PASSED] - Statement - PreSaveFile = new java.io.File(((pathPrefix + java.lang.Integer.toString(counter)) + .png)): null

2018-12-13 01:15:55 - [TEST_STEP][PASSED] - Statement - counter = counter + 1: null

2018-12-13 01:15:55 - [TEST_STEP][PASSED] - Statement - PreSaveFile = new java.io.File(((pathPrefix + java.lang.Integer.toString(counter)) + .png)): null

2018-12-13 01:15:55 - [TEST_STEP][PASSED] - Statement - counter = counter + 1: null

2018-12-13 01:15:55 - [TEST_STEP][PASSED] - Statement - PreSaveFile = new java.io.File(((pathPrefix + java.lang.Integer.toString(counter)) + .png)): null

2018-12-13 01:15:55 - [TEST_STEP][PASSED] - Statement - counter = counter + 1: null

2018-12-13 01:15:55 - [TEST_STEP][PASSED] - Statement - PreSaveFile = new java.io.File(((pathPrefix + java.lang.Integer.toString(counter)) + .png)): null

2018-12-13 01:15:55 - [TEST_STEP][PASSED] - Statement - counter = counter + 1: null

2018-12-13 01:15:55 - [TEST_STEP][PASSED] - Statement - PreSaveFile = new java.io.File(((pathPrefix + java.lang.Integer.toString(counter)) + .png)): null

2018-12-13 01:15:55 - [TEST_STEP][PASSED] - Statement - counter = counter + 1: null

2018-12-13 01:15:55 - [TEST_STEP][PASSED] - Statement - PreSaveFile = new java.io.File(((pathPrefix + java.lang.Integer.toString(counter)) + .png)): null

2018-12-13 01:15:55 - [TEST_STEP][PASSED] - Statement - counter = counter + 1: null

2018-12-13 01:15:55 - [TEST_STEP][PASSED] - Statement - PreSaveFile = new java.io.File(((pathPrefix + java.lang.Integer.toString(counter)) + .png)): null

2018-12-13 01:15:55 - [TEST_STEP][PASSED] - Statement - counter = counter + 1: null

2018-12-13 01:15:55 - [TEST_STEP][PASSED] - Statement - PreSaveFile = new java.io.File(((pathPrefix + java.lang.Integer.toString(counter)) + .png)): null

2018-12-13 01:15:55 - [TEST_STEP][PASSED] - Statement - counter = counter + 1: null

2018-12-13 01:15:55 - [TEST_STEP][PASSED] - Statement - PreSaveFile = new java.io.File(((pathPrefix + java.lang.Integer.toString(counter)) + .png)): null

2018-12-13 01:15:55 - [TEST_STEP][PASSED] - Statement - counter = counter + 1: null

2018-12-13 01:15:55 - [TEST_STEP][PASSED] - Statement - PreSaveFile = new java.io.File(((pathPrefix + java.lang.Integer.toString(counter)) + .png)): null

2018-12-13 01:15:55 - [TEST_STEP][PASSED] - Statement - counter = counter + 1: null

2018-12-13 01:15:55 - [TEST_STEP][PASSED] - Statement - PreSaveFile = new java.io.File(((pathPrefix + java.lang.Integer.toString(counter)) + .png)): null

2018-12-13 01:15:55 - [TEST_STEP][PASSED] - Statement - counter = counter + 1: null

2018-12-13 01:15:55 - [TEST_STEP][PASSED] - Statement - PreSaveFile = new java.io.File(((pathPrefix + java.lang.Integer.toString(counter)) + .png)): null

2018-12-13 01:15:55 - [TEST_STEP][PASSED] - Statement - counter = counter + 1: null

2018-12-13 01:15:55 - [TEST_STEP][PASSED] - Statement - PreSaveFile = new java.io.File(((pathPrefix + java.lang.Integer.toString(counter)) + .png)): null

2018-12-13 01:15:55 - [TEST_STEP][PASSED] - Statement - counter = counter + 1: null

2018-12-13 01:15:55 - [TEST_STEP][PASSED] - Statement - PreSaveFile = new java.io.File(((pathPrefix + java.lang.Integer.toString(counter)) + .png)): null

2018-12-13 01:15:55 - [TEST_STEP][PASSED] - Statement - counter = counter + 1: null

2018-12-13 01:15:55 - [TEST_STEP][PASSED] - Statement - PreSaveFile = new java.io.File(((pathPrefix + java.lang.Integer.toString(counter)) + .png)): null

2018-12-13 01:15:55 - [TEST_STEP][PASSED] - Statement - counter = counter + 1: null

2018-12-13 01:15:55 - [TEST_STEP][PASSED] - Statement - PreSaveFile = new java.io.File(((pathPrefix + java.lang.Integer.toString(counter)) + .png)): null

2018-12-13 01:15:55 - [TEST_STEP][PASSED] - Statement - counter = counter + 1: null

2018-12-13 01:15:55 - [TEST_STEP][PASSED] - Statement - PreSaveFile = new java.io.File(((pathPrefix + java.lang.Integer.toString(counter)) + .png)): null

2018-12-13 01:15:55 - [TEST_STEP][PASSED] - Statement - counter = counter + 1: null

2018-12-13 01:15:55 - [TEST_STEP][PASSED] - Statement - PreSaveFile = new java.io.File(((pathPrefix + java.lang.Integer.toString(counter)) + .png)): null

2018-12-13 01:15:55 - [TEST_STEP][PASSED] - Statement - counter = counter + 1: null

2018-12-13 01:15:55 - [TEST_STEP][PASSED] - Statement - PreSaveFile = new java.io.File(((pathPrefix + java.lang.Integer.toString(counter)) + .png)): null

2018-12-13 01:15:55 - [TEST_STEP][PASSED] - Statement - counter = counter + 1: null

2018-12-13 01:15:55 - [TEST_STEP][PASSED] - Statement - PreSaveFile = new java.io.File(((pathPrefix + java.lang.Integer.toString(counter)) + .png)): null

2018-12-13 01:15:55 - [TEST_STEP][PASSED] - Statement - counter = counter + 1: null

2018-12-13 01:15:55 - [TEST_STEP][PASSED] - Statement - PreSaveFile = new java.io.File(((pathPrefix + java.lang.Integer.toString(counter)) + .png)): null

2018-12-13 01:15:55 - [TEST_STEP][PASSED] - Statement - counter = counter + 1: null

2018-12-13 01:15:55 - [TEST_STEP][PASSED] - Statement - PreSaveFile = new java.io.File(((pathPrefix + java.lang.Integer.toString(counter)) + .png)): null

2018-12-13 01:15:55 - [TEST_STEP][PASSED] - Statement - counter = counter + 1: null

2018-12-13 01:15:55 - [TEST_STEP][PASSED] - Statement - PreSaveFile = new java.io.File(((pathPrefix + java.lang.Integer.toString(counter)) + .png)): null

2018-12-13 01:15:55 - [TEST_STEP][PASSED] - Statement - counter = counter + 1: null

2018-12-13 01:15:55 - [TEST_STEP][PASSED] - Statement - PreSaveFile = new java.io.File(((pathPrefix + java.lang.Integer.toString(counter)) + .png)): null

2018-12-13 01:15:55 - [TEST_STEP][PASSED] - Statement - counter = counter + 1: null

2018-12-13 01:15:55 - [TEST_STEP][PASSED] - Statement - PreSaveFile = new java.io.File(((pathPrefix + java.lang.Integer.toString(counter)) + .png)): null

2018-12-13 01:15:55 - [TEST_STEP][PASSED] - Statement - counter = counter + 1: null

2018-12-13 01:15:55 - [TEST_STEP][PASSED] - Statement - PreSaveFile = new java.io.File(((pathPrefix + java.lang.Integer.toString(counter)) + .png)): null

2018-12-13 01:15:55 - [TEST_STEP][PASSED] - Statement - counter = counter + 1: null

2018-12-13 01:15:55 - [TEST_STEP][PASSED] - Statement - PreSaveFile = new java.io.File(((pathPrefix + java.lang.Integer.toString(counter)) + .png)): null

2018-12-13 01:15:55 - [TEST_STEP][PASSED] - Statement - counter = counter + 1: null

2018-12-13 01:15:55 - [TEST_STEP][PASSED] - Statement - PreSaveFile = new java.io.File(((pathPrefix + java.lang.Integer.toString(counter)) + .png)): null

2018-12-13 01:15:55 - [TEST_STEP][PASSED] - Statement - counter = counter + 1: null

2018-12-13 01:15:55 - [TEST_STEP][PASSED] - Statement - PreSaveFile = new java.io.File(((pathPrefix + java.lang.Integer.toString(counter)) + .png)): null

2018-12-13 01:15:55 - [TEST_STEP][PASSED] - Statement - counter = counter + 1: null

2018-12-13 01:15:55 - [TEST_STEP][PASSED] - Statement - PreSaveFile = new java.io.File(((pathPrefix + java.lang.Integer.toString(counter)) + .png)): null

2018-12-13 01:15:55 - [TEST_STEP][PASSED] - Statement - counter = counter + 1: null

2018-12-13 01:15:55 - [TEST_STEP][PASSED] - Statement - PreSaveFile = new java.io.File(((pathPrefix + java.lang.Integer.toString(counter)) + .png)): null

2018-12-13 01:15:55 - [TEST_STEP][PASSED] - Statement - counter = counter + 1: null

2018-12-13 01:15:55 - [TEST_STEP][PASSED] - Statement - PreSaveFile = new java.io.File(((pathPrefix + java.lang.Integer.toString(counter)) + .png)): null

2018-12-13 01:15:55 - [TEST_STEP][PASSED] - Statement - counter = counter + 1: null

2018-12-13 01:15:55 - [TEST_STEP][PASSED] - Statement - PreSaveFile = new java.io.File(((pathPrefix + java.lang.Integer.toString(counter)) + .png)): null

2018-12-13 01:15:55 - [TEST_STEP][PASSED] - Statement - counter = counter + 1: null

2018-12-13 01:15:55 - [TEST_STEP][PASSED] - Statement - PreSaveFile = new java.io.File(((pathPrefix + java.lang.Integer.toString(counter)) + .png)): null

2018-12-13 01:15:55 - [TEST_STEP][PASSED] - Statement - counter = counter + 1: null

2018-12-13 01:15:55 - [TEST_STEP][PASSED] - Statement - PreSaveFile = new java.io.File(((pathPrefix + java.lang.Integer.toString(counter)) + .png)): null

2018-12-13 01:15:55 - [TEST_STEP][PASSED] - Statement - counter = counter + 1: null

2018-12-13 01:15:55 - [TEST_STEP][PASSED] - Statement - PreSaveFile = new java.io.File(((pathPrefix + java.lang.Integer.toString(counter)) + .png)): null

2018-12-13 01:15:55 - [TEST_STEP][PASSED] - Statement - counter = counter + 1: null

2018-12-13 01:15:55 - [TEST_STEP][PASSED] - Statement - PreSaveFile = new java.io.File(((pathPrefix + java.lang.Integer.toString(counter)) + .png)): null

2018-12-13 01:15:55 - [TEST_STEP][PASSED] - Statement - counter = counter + 1: null

2018-12-13 01:15:55 - [TEST_STEP][PASSED] - Statement - PreSaveFile = new java.io.File(((pathPrefix + java.lang.Integer.toString(counter)) + .png)): null

2018-12-13 01:15:55 - [TEST_STEP][PASSED] - Statement - counter = counter + 1: null

2018-12-13 01:15:55 - [TEST_STEP][PASSED] - Statement - PreSaveFile = new java.io.File(((pathPrefix + java.lang.Integer.toString(counter)) + .png)): null

2018-12-13 01:15:55 - [TEST_STEP][PASSED] - Statement - counter = counter + 1: null

2018-12-13 01:15:55 - [TEST_STEP][PASSED] - Statement - PreSaveFile = new java.io.File(((pathPrefix + java.lang.Integer.toString(counter)) + .png)): null

2018-12-13 01:15:55 - [TEST_STEP][PASSED] - Statement - counter = counter + 1: null

2018-12-13 01:15:55 - [TEST_STEP][PASSED] - Statement - PreSaveFile = new java.io.File(((pathPrefix + java.lang.Integer.toString(counter)) + .png)): null

2018-12-13 01:15:55 - [TEST_STEP][PASSED] - Statement - counter = counter + 1: null

2018-12-13 01:15:55 - [TEST_STEP][PASSED] - Statement - PreSaveFile = new java.io.File(((pathPrefix + java.lang.Integer.toString(counter)) + .png)): null

2018-12-13 01:15:55 - [TEST_STEP][PASSED] - Statement - counter = counter + 1: null

2018-12-13 01:15:55 - [TEST_STEP][PASSED] - Statement - PreSaveFile = new java.io.File(((pathPrefix + java.lang.Integer.toString(counter)) + .png)): null

2018-12-13 01:15:55 - [TEST_STEP][PASSED] - Statement - counter = counter + 1: null

2018-12-13 01:15:55 - [TEST_STEP][PASSED] - Statement - PreSaveFile = new java.io.File(((pathPrefix + java.lang.Integer.toString(counter)) + .png)): null

2018-12-13 01:15:55 - [TEST_STEP][PASSED] - Statement - counter = counter + 1: null

2018-12-13 01:15:55 - [TEST_STEP][PASSED] - Statement - PreSaveFile = new java.io.File(((pathPrefix + java.lang.Integer.toString(counter)) + .png)): null

2018-12-13 01:15:55 - [TEST_STEP][PASSED] - Statement - counter = counter + 1: null

2018-12-13 01:15:55 - [TEST_STEP][PASSED] - Statement - PreSaveFile = new java.io.File(((pathPrefix + java.lang.Integer.toString(counter)) + .png)): null

2018-12-13 01:15:55 - [TEST_STEP][PASSED] - Statement - counter = counter + 1: null

2018-12-13 01:15:55 - [TEST_STEP][PASSED] - Statement - PreSaveFile = new java.io.File(((pathPrefix + java.lang.Integer.toString(counter)) + .png)): null

2018-12-13 01:15:55 - [TEST_STEP][PASSED] - Statement - counter = counter + 1: null

2018-12-13 01:15:55 - [TEST_STEP][PASSED] - Statement - PreSaveFile = new java.io.File(((pathPrefix + java.lang.Integer.toString(counter)) + .png)): null

2018-12-13 01:15:55 - [TEST_STEP][PASSED] - Statement - counter = counter + 1: null

2018-12-13 01:15:55 - [TEST_STEP][PASSED] - Statement - PreSaveFile = new java.io.File(((pathPrefix + java.lang.Integer.toString(counter)) + .png)): null

2018-12-13 01:15:55 - [TEST_STEP][PASSED] - Statement - counter = counter + 1: null

2018-12-13 01:15:55 - [TEST_STEP][PASSED] - Statement - PreSaveFile = new java.io.File(((pathPrefix + java.lang.Integer.toString(counter)) + .png)): null

2018-12-13 01:15:55 - [TEST_STEP][PASSED] - Statement - counter = counter + 1: null

2018-12-13 01:15:55 - [TEST_STEP][PASSED] - Statement - PreSaveFile = new java.io.File(((pathPrefix + java.lang.Integer.toString(counter)) + .png)): null

2018-12-13 01:15:55 - [TEST_STEP][PASSED] - Statement - counter = counter + 1: null

2018-12-13 01:15:55 - [TEST_STEP][PASSED] - Statement - PreSaveFile = new java.io.File(((pathPrefix + java.lang.Integer.toString(counter)) + .png)): null

2018-12-13 01:15:55 - [TEST_STEP][PASSED] - Statement - counter = counter + 1: null

2018-12-13 01:15:55 - [TEST_STEP][PASSED] - Statement - PreSaveFile = new java.io.File(((pathPrefix + java.lang.Integer.toString(counter)) + .png)): null

2018-12-13 01:15:55 - [TEST_STEP][PASSED] - Statement - counter = counter + 1: null

2018-12-13 01:15:55 - [TEST_STEP][PASSED] - Statement - PreSaveFile = new java.io.File(((pathPrefix + java.lang.Integer.toString(counter)) + .png)): null

2018-12-13 01:15:55 - [TEST_STEP][PASSED] - Statement - counter = counter + 1: null

2018-12-13 01:15:55 - [TEST_STEP][PASSED] - Statement - PreSaveFile = new java.io.File(((pathPrefix + java.lang.Integer.toString(counter)) + .png)): null

2018-12-13 01:15:55 - [TEST_STEP][PASSED] - Statement - counter = counter + 1: null

2018-12-13 01:15:55 - [TEST_STEP][PASSED] - Statement - PreSaveFile = new java.io.File(((pathPrefix + java.lang.Integer.toString(counter)) + .png)): null

2018-12-13 01:15:55 - [TEST_STEP][PASSED] - Statement - counter = counter + 1: null

2018-12-13 01:15:55 - [TEST_STEP][PASSED] - Statement - PreSaveFile = new java.io.File(((pathPrefix + java.lang.Integer.toString(counter)) + .png)): null

2018-12-13 01:15:55 - [TEST_STEP][PASSED] - Statement - counter = counter + 1: null

2018-12-13 01:15:55 - [TEST_STEP][PASSED] - Statement - PreSaveFile = new java.io.File(((pathPrefix + java.lang.Integer.toString(counter)) + .png)): null

2018-12-13 01:15:55 - [TEST_STEP][PASSED] - Statement - counter = counter + 1: null

2018-12-13 01:15:55 - [TEST_STEP][PASSED] - Statement - PreSaveFile = new java.io.File(((pathPrefix + java.lang.Integer.toString(counter)) + .png)): null

2018-12-13 01:15:55 - [TEST_STEP][PASSED] - Statement - counter = counter + 1: null

2018-12-13 01:15:55 - [TEST_STEP][PASSED] - Statement - PreSaveFile = new java.io.File(((pathPrefix + java.lang.Integer.toString(counter)) + .png)): null

2018-12-13 01:15:55 - [TEST_STEP][PASSED] - Statement - counter = counter + 1: null

2018-12-13 01:15:55 - [TEST_STEP][PASSED] - Statement - PreSaveFile = new java.io.File(((pathPrefix + java.lang.Integer.toString(counter)) + .png)): null

2018-12-13 01:15:55 - [TEST_STEP][PASSED] - Statement - counter = counter + 1: null

2018-12-13 01:15:55 - [TEST_STEP][PASSED] - Statement - PreSaveFile = new java.io.File(((pathPrefix + java.lang.Integer.toString(counter)) + .png)): null

2018-12-13 01:15:55 - [TEST_STEP][PASSED] - Statement - counter = counter + 1: null

2018-12-13 01:15:55 - [TEST_STEP][PASSED] - Statement - PreSaveFile = new java.io.File(((pathPrefix + java.lang.Integer.toString(counter)) + .png)): null

2018-12-13 01:15:55 - [TEST_STEP][PASSED] - Statement - counter = counter + 1: null

2018-12-13 01:15:55 - [TEST_STEP][PASSED] - Statement - PreSaveFile = new java.io.File(((pathPrefix + java.lang.Integer.toString(counter)) + .png)): null

2018-12-13 01:15:55 - [TEST_STEP][PASSED] - Statement - counter = counter + 1: null

2018-12-13 01:15:55 - [TEST_STEP][PASSED] - Statement - PreSaveFile = new java.io.File(((pathPrefix + java.lang.Integer.toString(counter)) + .png)): null

2018-12-13 01:15:55 - [TEST_STEP][PASSED] - Statement - counter = counter + 1: null

2018-12-13 01:15:55 - [TEST_STEP][PASSED] - Statement - PreSaveFile = new java.io.File(((pathPrefix + java.lang.Integer.toString(counter)) + .png)): null

2018-12-13 01:15:55 - [TEST_STEP][PASSED] - Statement - counter = counter + 1: null

2018-12-13 01:15:55 - [TEST_STEP][PASSED] - Statement - PreSaveFile = new java.io.File(((pathPrefix + java.lang.Integer.toString(counter)) + .png)): null

2018-12-13 01:15:55 - [TEST_STEP][PASSED] - Statement - counter = counter + 1: null

2018-12-13 01:15:55 - [TEST_STEP][PASSED] - Statement - PreSaveFile = new java.io.File(((pathPrefix + java.lang.Integer.toString(counter)) + .png)): null

2018-12-13 01:15:55 - [TEST_STEP][PASSED] - Statement - counter = counter + 1: null

2018-12-13 01:15:55 - [TEST_STEP][PASSED] - Statement - PreSaveFile = new java.io.File(((pathPrefix + java.lang.Integer.toString(counter)) + .png)): null

2018-12-13 01:15:55 - [TEST_STEP][PASSED] - Statement - counter = counter + 1: null

2018-12-13 01:15:55 - [TEST_STEP][PASSED] - Statement - PreSaveFile = new java.io.File(((pathPrefix + java.lang.Integer.toString(counter)) + .png)): null

2018-12-13 01:15:55 - [TEST_STEP][PASSED] - Statement - counter = counter + 1: null

2018-12-13 01:15:55 - [TEST_STEP][PASSED] - Statement - PreSaveFile = new java.io.File(((pathPrefix + java.lang.Integer.toString(counter)) + .png)): null

2018-12-13 01:15:55 - [TEST_STEP][PASSED] - Statement - counter = counter + 1: null

2018-12-13 01:15:55 - [TEST_STEP][PASSED] - Statement - PreSaveFile = new java.io.File(((pathPrefix + java.lang.Integer.toString(counter)) + .png)): null

2018-12-13 01:15:55 - [TEST_STEP][PASSED] - Statement - counter = counter + 1: null

2018-12-13 01:15:55 - [TEST_STEP][PASSED] - Statement - PreSaveFile = new java.io.File(((pathPrefix + java.lang.Integer.toString(counter)) + .png)): null

2018-12-13 01:15:55 - [TEST_STEP][PASSED] - Statement - counter = counter + 1: null

2018-12-13 01:15:55 - [TEST_STEP][PASSED] - Statement - PreSaveFile = new java.io.File(((pathPrefix + java.lang.Integer.toString(counter)) + .png)): null

2018-12-13 01:15:55 - [TEST_STEP][PASSED] - Statement - counter = counter + 1: null

2018-12-13 01:15:55 - [TEST_STEP][PASSED] - Statement - PreSaveFile = new java.io.File(((pathPrefix + java.lang.Integer.toString(counter)) + .png)): null

2018-12-13 01:15:55 - [TEST_STEP][PASSED] - Statement - counter = counter + 1: null

2018-12-13 01:15:55 - [TEST_STEP][PASSED] - Statement - PreSaveFile = new java.io.File(((pathPrefix + java.lang.Integer.toString(counter)) + .png)): null

2018-12-13 01:15:55 - [TEST_STEP][PASSED] - Statement - counter = counter + 1: null

2018-12-13 01:15:55 - [TEST_STEP][PASSED] - Statement - PreSaveFile = new java.io.File(((pathPrefix + java.lang.Integer.toString(counter)) + .png)): null

2018-12-13 01:15:55 - [TEST_STEP][PASSED] - Statement - counter = counter + 1: null

2018-12-13 01:15:55 - [TEST_STEP][PASSED] - Statement - PreSaveFile = new java.io.File(((pathPrefix + java.lang.Integer.toString(counter)) + .png)): null

2018-12-13 01:15:55 - [TEST_STEP][PASSED] - Statement - counter = counter + 1: null

2018-12-13 01:15:55 - [TEST_STEP][PASSED] - Statement - PreSaveFile = new java.io.File(((pathPrefix + java.lang.Integer.toString(counter)) + .png)): null

2018-12-13 01:15:55 - [TEST_STEP][PASSED] - Statement - counter = counter + 1: null

2018-12-13 01:15:55 - [TEST_STEP][PASSED] - Statement - PreSaveFile = new java.io.File(((pathPrefix + java.lang.Integer.toString(counter)) + .png)): null

2018-12-13 01:15:55 - [TEST_STEP][PASSED] - Statement - counter = counter + 1: null

2018-12-13 01:15:55 - [TEST_STEP][PASSED] - Statement - PreSaveFile = new java.io.File(((pathPrefix + java.lang.Integer.toString(counter)) + .png)): null

2018-12-13 01:15:55 - [TEST_STEP][PASSED] - Statement - counter = counter + 1: null

2018-12-13 01:15:55 - [TEST_STEP][PASSED] - Statement - PreSaveFile = new java.io.File(((pathPrefix + java.lang.Integer.toString(counter)) + .png)): null

2018-12-13 01:15:55 - [TEST_STEP][PASSED] - Statement - counter = counter + 1: null

2018-12-13 01:15:55 - [TEST_STEP][PASSED] - Statement - PreSaveFile = new java.io.File(((pathPrefix + java.lang.Integer.toString(counter)) + .png)): null

2018-12-13 01:15:55 - [TEST_STEP][PASSED] - Statement - counter = counter + 1: null

2018-12-13 01:15:55 - [TEST_STEP][PASSED] - Statement - PreSaveFile = new java.io.File(((pathPrefix + java.lang.Integer.toString(counter)) + .png)): null

2018-12-13 01:15:55 - [TEST_STEP][PASSED] - Statement - counter = counter + 1: null

2018-12-13 01:15:55 - [TEST_STEP][PASSED] - Statement - PreSaveFile = new java.io.File(((pathPrefix + java.lang.Integer.toString(counter)) + .png)): null

2018-12-13 01:15:55 - [TEST_STEP][PASSED] - Statement - counter = counter + 1: null

2018-12-13 01:15:55 - [TEST_STEP][PASSED] - Statement - PreSaveFile = new java.io.File(((pathPrefix + java.lang.Integer.toString(counter)) + .png)): null

2018-12-13 01:15:55 - [TEST_STEP][PASSED] - Statement - counter = counter + 1: null

2018-12-13 01:15:55 - [TEST_STEP][PASSED] - Statement - PreSaveFile = new java.io.File(((pathPrefix + java.lang.Integer.toString(counter)) + .png)): null

2018-12-13 01:15:55 - [TEST_STEP][PASSED] - Statement - counter = counter + 1: null

2018-12-13 01:15:55 - [TEST_STEP][PASSED] - Statement - PreSaveFile = new java.io.File(((pathPrefix + java.lang.Integer.toString(counter)) + .png)): null

2018-12-13 01:15:55 - [TEST_STEP][PASSED] - Statement - counter = counter + 1: null

2018-12-13 01:15:55 - [TEST_STEP][PASSED] - Statement - PreSaveFile = new java.io.File(((pathPrefix + java.lang.Integer.toString(counter)) + .png)): null

2018-12-13 01:15:55 - [TEST_STEP][PASSED] - Statement - counter = counter + 1: null

2018-12-13 01:15:55 - [TEST_STEP][PASSED] - Statement - PreSaveFile = new java.io.File(((pathPrefix + java.lang.Integer.toString(counter)) + .png)): null

2018-12-13 01:15:55 - [TEST_STEP][PASSED] - Statement - counter = counter + 1: null

2018-12-13 01:15:55 - [TEST_STEP][PASSED] - Statement - PreSaveFile = new java.io.File(((pathPrefix + java.lang.Integer.toString(counter)) + .png)): null

2018-12-13 01:15:55 - [TEST_STEP][PASSED] - Statement - counter = counter + 1: null

2018-12-13 01:15:55 - [TEST_STEP][PASSED] - Statement - PreSaveFile = new java.io.File(((pathPrefix + java.lang.Integer.toString(counter)) + .png)): null

2018-12-13 01:15:55 - [TEST_STEP][PASSED] - Statement - counter = counter + 1: null

2018-12-13 01:15:55 - [TEST_STEP][PASSED] - Statement - PreSaveFile = new java.io.File(((pathPrefix + java.lang.Integer.toString(counter)) + .png)): null

2018-12-13 01:15:55 - [TEST_STEP][PASSED] - Statement - counter = counter + 1: null

2018-12-13 01:15:55 - [TEST_STEP][PASSED] - Statement - PreSaveFile = new java.io.File(((pathPrefix + java.lang.Integer.toString(counter)) + .png)): null

2018-12-13 01:15:55 - [TEST_STEP][PASSED] - Statement - counter = counter + 1: null

2018-12-13 01:15:55 - [TEST_STEP][PASSED] - Statement - PreSaveFile = new java.io.File(((pathPrefix + java.lang.Integer.toString(counter)) + .png)): null

2018-12-13 01:15:55 - [TEST_STEP][PASSED] - Statement - finalPath = pathPrefix + java.lang.Integer.toString(counter) + ".png": null

2018-12-13 01:15:55 - [TEST_STEP][PASSED] - Statement - SaveFile = new java.io.File(finalPath): null

2018-12-13 01:15:55 - [TEST_STEP][PASSED] - Statement - Try: null

2018-12-13 01:15:55 - [TEST_STEP][PASSED] - Statement - org.apache.commons.io.FileUtils.copyFile(scrFile, SaveFile): null

2018-12-13 01:15:55 - [TEST_STEP][PASSED] - Statement - out.println("file kept"): null

2018-12-13 01:15:55 - [TEST_STEP][PASSED] - delay: Delayed 10 second(s)

2018-12-13 01:16:05 - [MESSAGE][PASSED] - Delayed 10 second(s)

2018-12-13 01:16:05 - [MESSAGE][PASSED] - Call Test Case 'Test Cases/Final Aug 2018 - PKS Automation/Registration Module/New Registration/Submit and Screenshot/Submit Registration and Screenshot' successfully

2018-12-13 01:16:05 - [TEST_STEP][PASSED] - callTestCase: Call Test Case 'Test Cases/Final Aug 2018 - PKS Automation/Registration Module/Log Out/log out avoiding katalon tagging' successfully

2018-12-13 01:16:05 - [TEST_CASE][PASSED] - Test Cases/Final Aug 2018 - PKS Automation/Registration Module/Log Out/log out avoiding katalon tagging: Test Cases/Final Aug 2018 - PKS Automation/Registration Module/Log Out/log out avoiding katalon tagging

2018-12-13 01:16:05 - [TEST_STEP][PASSED] - navigateToUrl: Navigate to 'https://assist2-uat.perkeso.gov.my/c/portal/logout' successfully

2018-12-13 01:16:06 - [MESSAGE][PASSED] - Navigate to 'https://assist2-uat.perkeso.gov.my/c/portal/logout' successfully

2018-12-13 01:16:06 - [MESSAGE][PASSED] - Call Test Case 'Test Cases/Final Aug 2018 - PKS Automation/Registration Module/Log Out/log out avoiding katalon tagging' successfully

2018-12-13 01:16:06 - [TEST_STEP][PASSED] - callTestCase: Call Test Case 'Test Cases/Final Aug 2018 - PKS Automation/Common/Workflow Owner Finder' successfully

2018-12-13 01:16:06 - [TEST_CASE][PASSED] - Test Cases/Final Aug 2018 - PKS Automation/Common/Workflow Owner Finder: Test Cases/Final Aug 2018 - PKS Automation/Common/Workflow Owner Finder

2018-12-13 01:16:06 - [TEST_STEP][PASSED] - openBrowser: Browser is opened with url: ''

2018-12-13 01:16:06 - [MESSAGE][WARNING] - A browser is already opened. Closing browser and opening a new one

2018-12-13 01:16:10 - [MESSAGE][PASSED] - Browser is opened with url: ''

2018-12-13 01:16:10 - [TEST_STEP][PASSED] - navigateToUrl: Navigate to 'https://assist2-uat.perkeso.gov.my/login' successfully

2018-12-13 01:16:11 - [MESSAGE][PASSED] - Navigate to 'https://assist2-uat.perkeso.gov.my/login' successfully

2018-12-13 01:16:11 - [TEST_STEP][PASSED] - delay: Delayed 5 second(s)

2018-12-13 01:16:16 - [MESSAGE][PASSED] - Delayed 5 second(s)

2018-12-13 01:16:16 - [TEST_STEP][PASSED] - setText: Text 'test@liferay.com' is set on object 'Object Repository/Final Object Repo/Login Page/Internal User/Email Address'

2018-12-13 01:16:16 - [MESSAGE][PASSED] - Text 'test@liferay.com' is set on object 'Object Repository/Final Object Repo/Login Page/Internal User/Email Address'

2018-12-13 01:16:16 - [TEST_STEP][PASSED] - click: Object: 'Object Repository/Final Object Repo/Login Page/Internal User/Next Button' is clicked on

2018-12-13 01:16:17 - [MESSAGE][PASSED] - Object: 'Object Repository/Final Object Repo/Login Page/Internal User/Next Button' is clicked on

2018-12-13 01:16:17 - [TEST_STEP][PASSED] - delay: Delayed 2 second(s)

2018-12-13 01:16:19 - [MESSAGE][PASSED] - Delayed 2 second(s)

2018-12-13 01:16:19 - [TEST_STEP][PASSED] - setText: Text 'test' is set on object 'Object Repository/Final Object Repo/Login Page/Internal User/Password'

2018-12-13 01:16:19 - [MESSAGE][PASSED] - Text 'test' is set on object 'Object Repository/Final Object Repo/Login Page/Internal User/Password'

2018-12-13 01:16:19 - [TEST_STEP][PASSED] - delay: Delayed 2 second(s)

2018-12-13 01:16:21 - [MESSAGE][PASSED] - Delayed 2 second(s)

2018-12-13 01:16:21 - [TEST_STEP][PASSED] - click: Object: 'Object Repository/Final Object Repo/Login Page/Internal User/Login Button' is clicked on

2018-12-13 01:16:21 - [MESSAGE][PASSED] - Object: 'Object Repository/Final Object Repo/Login Page/Internal User/Login Button' is clicked on

2018-12-13 01:16:21 - [TEST_STEP][PASSED] - Statement - tester = com.kms.katalon.core.testobject.ObjectRepository.findTestObject(Final Object Repo/Landing Page/Select to English): Finding Test Object with id 'Object Repository/Final Object Repo/Landing Page/Select to English'

2018-12-13 01:16:21 - [TEST_STEP][PASSED] - Statement - Try: Delayed 2 second(s)

2018-12-13 01:16:21 - [TEST_STEP][PASSED] - Statement - Checker = com.kms.katalon.core.webui.keyword.WebUiBuiltInKeywords.verifyElementNotPresent(tester, 3): Web element with id: 'Object Repository/Final Object Repo/Landing Page/Select to English' located by 'By.xpath: //a[@class = 'taglib-language-list-text' and @lang = 'en-US' and (contains(text(), 'EN') or contains(., 'EN'))]' is not present after '3' second(s)

2018-12-13 01:16:23 - [MESSAGE][PASSED] - Web element with id: 'Object Repository/Final Object Repo/Landing Page/Select to English' located by 'By.xpath: //a[@class = 'taglib-language-list-text' and @lang = 'en-US' and (contains(text(), 'EN') or contains(., 'EN'))]' is not present after '3' second(s)

2018-12-13 01:16:23 - [TEST_STEP][PASSED] - Statement - If (Checker == false): null

2018-12-13 01:16:23 - [TEST_STEP][PASSED] - delay: Delayed 2 second(s)

2018-12-13 01:16:25 - [MESSAGE][PASSED] - Delayed 2 second(s)

2018-12-13 01:16:25 - [TEST_STEP][PASSED] - delay: Delayed 5 second(s)

2018-12-13 01:16:30 - [MESSAGE][PASSED] - Delayed 5 second(s)

2018-12-13 01:16:30 - [TEST_STEP][PASSED] - mouseOver: Object: 'Object Repository/Final Object Repo/Landing Page/WorkFlow Menu' is hovered

2018-12-13 01:16:30 - [MESSAGE][PASSED] - Object: 'Object Repository/Final Object Repo/Landing Page/WorkFlow Menu' is hovered

2018-12-13 01:16:30 - [TEST_STEP][PASSED] - delay: Delayed 2 second(s)

2018-12-13 01:16:32 - [MESSAGE][PASSED] - Delayed 2 second(s)

2018-12-13 01:16:32 - [TEST_STEP][PASSED] - click: Object: 'Object Repository/Final Object Repo/Landing Page/Select to Workflow Listing' is clicked on

2018-12-13 01:16:33 - [MESSAGE][PASSED] - Object: 'Object Repository/Final Object Repo/Landing Page/Select to Workflow Listing' is clicked on

2018-12-13 01:16:33 - [TEST_STEP][PASSED] - delay: Delayed 2 second(s)

2018-12-13 01:16:35 - [MESSAGE][PASSED] - Delayed 2 second(s)

2018-12-13 01:16:35 - [TEST_STEP][PASSED] - click: Object: 'Object Repository/Final Object Repo/WorkFlow Listing Page/Search Information - To Put Ref No' is clicked on

2018-12-13 01:16:35 - [MESSAGE][PASSED] - Object: 'Object Repository/Final Object Repo/WorkFlow Listing Page/Search Information - To Put Ref No' is clicked on

2018-12-13 01:16:35 - [TEST_STEP][PASSED] - delay: Delayed 2 second(s)

2018-12-13 01:16:37 - [MESSAGE][PASSED] - Delayed 2 second(s)

2018-12-13 01:16:37 - [TEST_STEP][PASSED] - callTestCase: Call Test Case 'Test Cases/Final Aug 2018 - PKS Automation/Common/Reference Number Getter' successfully

2018-12-13 01:16:38 - [TEST_CASE][PASSED] - Test Cases/Final Aug 2018 - PKS Automation/Common/Reference Number Getter: Test Cases/Final Aug 2018 - PKS Automation/Common/Reference Number Getter

2018-12-13 01:16:38 - [TEST_STEP][PASSED] - Statement - Try: null

2018-12-13 01:16:38 - [TEST_STEP][PASSED] - Statement - RefNo = new java.io.File(C://Users//Admin//Desktop//PKS//Automation Reference Point//KatalonReference.txt): null

2018-12-13 01:16:38 - [TEST_STEP][PASSED] - Statement - bufferread = new java.io.BufferedReader(new java.io.FileReader(RefNo)): null

2018-12-13 01:16:38 - [TEST_STEP][PASSED] - Statement - readedVal = bufferread.readLine(): null

2018-12-13 01:16:38 - [TEST_STEP][PASSED] - Statement - out.println(CaseReferenceNo): null

2018-12-13 01:16:38 - [TEST_STEP][PASSED] - Statement - out.println(readedVal): null

2018-12-13 01:16:38 - [TEST_STEP][PASSED] - Statement - CaseReferenceNo = "": null

2018-12-13 01:16:38 - [TEST_STEP][PASSED] - Statement - CaseReferenceNo = readedVal: null

2018-12-13 01:16:38 - [MESSAGE][PASSED] - Call Test Case 'Test Cases/Final Aug 2018 - PKS Automation/Common/Reference Number Getter' successfully

2018-12-13 01:16:38 - [TEST_STEP][PASSED] - setText: Text 'CRN12201800123256' is set on object 'Object Repository/Final Object Repo/WorkFlow Listing Page/Ref No Set Text'

2018-12-13 01:16:38 - [MESSAGE][PASSED] - Text 'CRN12201800123256' is set on object 'Object Repository/Final Object Repo/WorkFlow Listing Page/Ref No Set Text'

2018-12-13 01:16:38 - [TEST_STEP][PASSED] - delay: Delayed 2 second(s)

2018-12-13 01:16:40 - [MESSAGE][PASSED] - Delayed 2 second(s)

2018-12-13 01:16:40 - [TEST_STEP][PASSED] - click: Object: 'Object Repository/Final Object Repo/WorkFlow Listing Page/Search Ref No Search Button' is clicked on

2018-12-13 01:16:40 - [MESSAGE][PASSED] - Object: 'Object Repository/Final Object Repo/WorkFlow Listing Page/Search Ref No Search Button' is clicked on

2018-12-13 01:16:40 - [TEST_STEP][PASSED] - delay: Delayed 6 second(s)

2018-12-13 01:16:46 - [MESSAGE][PASSED] - Delayed 6 second(s)

2018-12-13 01:16:46 - [TEST_STEP][PASSED] - click: Object: 'Object Repository/Final Object Repo/WorkFlow Listing Page/Click Continue Tooltip' is clicked on

2018-12-13 01:16:47 - [MESSAGE][PASSED] - Object: 'Object Repository/Final Object Repo/WorkFlow Listing Page/Click Continue Tooltip' is clicked on

2018-12-13 01:16:47 - [TEST_STEP][PASSED] - delay: Delayed 5 second(s)

2018-12-13 01:16:52 - [MESSAGE][PASSED] - Delayed 5 second(s)

2018-12-13 01:16:52 - [TEST_STEP][PASSED] - doubleClick: Object: 'Object Repository/Final Object Repo/WorkFlow Listing Page/Workflow Found - Listing 1' is double clicked on

2018-12-13 01:16:52 - [MESSAGE][PASSED] - Object: 'Object Repository/Final Object Repo/WorkFlow Listing Page/Workflow Found - Listing 1' is double clicked on

2018-12-13 01:16:52 - [TEST_STEP][PASSED] - Statement - println(OwnerID): null

2018-12-13 01:16:52 - [TEST_STEP][PASSED] - Statement - OwnerID = com.kms.katalon.core.webui.keyword.WebUiBuiltInKeywords.getText(com.kms.katalon.core.testobject.ObjectRepository.findTestObject(Final Object Repo/WorkFlow Listing Page/Workflow Found - Listing 1), STOP_ON_FAILURE): Text of object 'Object Repository/Final Object Repo/WorkFlow Listing Page/Workflow Found - Listing 1' is: 'JOHORro3'

2018-12-13 01:16:52 - [MESSAGE][PASSED] - Text of object 'Object Repository/Final Object Repo/WorkFlow Listing Page/Workflow Found - Listing 1' is: 'JOHORro3'

2018-12-13 01:16:52 - [TEST_STEP][PASSED] - Statement - OwnerID = OwnerID.toLowerCase() + "@gmail.com": null

2018-12-13 01:16:52 - [TEST_STEP][PASSED] - Statement - println(OwnerID): null

2018-12-13 01:16:52 - [TEST_STEP][PASSED] - delay: Delayed 2 second(s)

2018-12-13 01:16:54 - [MESSAGE][PASSED] - Delayed 2 second(s)

2018-12-13 01:16:54 - [MESSAGE][PASSED] - Call Test Case 'Test Cases/Final Aug 2018 - PKS Automation/Common/Workflow Owner Finder' successfully

2018-12-13 01:16:54 - [TEST_STEP][PASSED] - callTestCase: Call Test Case 'Test Cases/Final Aug 2018 - PKS Automation/Registration Module/Log Out/log out avoiding katalon tagging' successfully

2018-12-13 01:16:54 - [TEST_CASE][PASSED] - Test Cases/Final Aug 2018 - PKS Automation/Registration Module/Log Out/log out avoiding katalon tagging: Test Cases/Final Aug 2018 - PKS Automation/Registration Module/Log Out/log out avoiding katalon tagging

2018-12-13 01:16:54 - [TEST_STEP][PASSED] - navigateToUrl: Navigate to 'https://assist2-uat.perkeso.gov.my/c/portal/logout' successfully

2018-12-13 01:16:55 - [MESSAGE][PASSED] - Navigate to 'https://assist2-uat.perkeso.gov.my/c/portal/logout' successfully

2018-12-13 01:16:55 - [MESSAGE][PASSED] - Call Test Case 'Test Cases/Final Aug 2018 - PKS Automation/Registration Module/Log Out/log out avoiding katalon tagging' successfully

2018-12-13 01:16:55 - [TEST_STEP][PASSED] - delay: Delayed 2 second(s)

2018-12-13 01:16:57 - [MESSAGE][PASSED] - Delayed 2 second(s)

2018-12-13 01:16:57 - [TEST_STEP][PASSED] - setText: Text 'johorro3@gmail.com' is set on object 'Object Repository/Final Object Repo/New Registration - Registration Module Pages/New Reg - OTC to RO/Special Case - All Related Objects/Email TextBox'

2018-12-13 01:16:57 - [MESSAGE][PASSED] - Text 'johorro3@gmail.com' is set on object 'Object Repository/Final Object Repo/New Registration - Registration Module Pages/New Reg - OTC to RO/Special Case - All Related Objects/Email TextBox'

2018-12-13 01:16:57 - [TEST_STEP][PASSED] - click: Object: 'Object Repository/Final Object Repo/New Registration - Registration Module Pages/New Reg - OTC to RO/Special Case - All Related Objects/Next Button' is clicked on

2018-12-13 01:16:58 - [MESSAGE][PASSED] - Object: 'Object Repository/Final Object Repo/New Registration - Registration Module Pages/New Reg - OTC to RO/Special Case - All Related Objects/Next Button' is clicked on

2018-12-13 01:16:58 - [TEST_STEP][PASSED] - delay: Delayed 2 second(s)

2018-12-13 01:17:00 - [MESSAGE][PASSED] - Delayed 2 second(s)

2018-12-13 01:17:00 - [TEST_STEP][PASSED] - setText: Text 'Test1@3456789' is set on object 'Object Repository/Final Object Repo/New Registration - Registration Module Pages/New Reg - OTC to RO/Special Case - All Related Objects/Password TextBox'

2018-12-13 01:17:00 - [MESSAGE][PASSED] - Text 'Test1@3456789' is set on object 'Object Repository/Final Object Repo/New Registration - Registration Module Pages/New Reg - OTC to RO/Special Case - All Related Objects/Password TextBox'

2018-12-13 01:17:00 - [TEST_STEP][PASSED] - delay: Delayed 2 second(s)

2018-12-13 01:17:02 - [MESSAGE][PASSED] - Delayed 2 second(s)

2018-12-13 01:17:02 - [TEST_STEP][PASSED] - click: Object: 'Object Repository/Final Object Repo/New Registration - Registration Module Pages/New Reg - OTC to RO/Special Case - All Related Objects/Login Button' is clicked on

2018-12-13 01:17:02 - [MESSAGE][PASSED] - Object: 'Object Repository/Final Object Repo/New Registration - Registration Module Pages/New Reg - OTC to RO/Special Case - All Related Objects/Login Button' is clicked on

2018-12-13 01:17:02 - [TEST_STEP][PASSED] - delay: Delayed 2 second(s)

2018-12-13 01:17:04 - [MESSAGE][PASSED] - Delayed 2 second(s)

2018-12-13 01:17:04 - [TEST_STEP][PASSED] - Statement - Try: null

2018-12-13 01:17:04 - [TEST_STEP][PASSED] - Statement - Checker = com.kms.katalon.core.webui.keyword.WebUiBuiltInKeywords.verifyElementNotPresent("Final Object Repo/Landing Page/Select to English", 3): null

2018-12-13 01:17:04 - [TEST_STEP][PASSED] - Statement - Catch (Exception e): null

2018-12-13 01:17:04 - [TEST_STEP][PASSED] - Statement - e.printStackTrace(): null

2018-12-13 01:17:04 - [TEST_STEP][PASSED] - click: Object: 'Object Repository/Final Object Repo/New Registration - Registration Module Pages/New Reg - OTC to RO/Special Case - All Related Objects/Expand to Search' is clicked on

2018-12-13 01:17:04 - [MESSAGE][PASSED] - Object: 'Object Repository/Final Object Repo/New Registration - Registration Module Pages/New Reg - OTC to RO/Special Case - All Related Objects/Expand to Search' is clicked on

2018-12-13 01:17:04 - [TEST_STEP][FAILED] - setText: Unable to set text 'CRN12201800123256' of object 'Object Repository/Final Object Repo/New Registration - Registration Module Pages/New Reg - OTC to RO/Special Case - All Related Objects/TextBox RefNo in Workbasket' (Root cause: org.openqa.selenium.ElementNotVisibleException: element not interactable
  (Session info: chrome=70.0.3538.110)
  (Driver info: chromedriver=2.43.600210 (68dcf5eebde37173d4027fa8635e332711d2874a),platform=Windows NT 6.1.7601 SP1 x86_64) (WARNING: The server did not provide any stacktrace information)
Command duration or timeout: 0 milliseconds
Build info: version: '3.7.1', revision: '8a0099a', time: '2017-11-06T21:07:36.161Z'
System info: host: 'WIN7TEST02', ip: '10.20.3.72', os.name: 'Windows 7', os.arch: 'amd64', os.version: '6.1', java.version: '1.8.0_181'
Driver info: com.kms.katalon.selenium.driver.CChromeDriver
Capabilities {acceptInsecureCerts: false, acceptSslCerts: false, applicationCacheEnabled: false, browserConnectionEnabled: false, browserName: chrome, chrome: {chromedriverVersion: 2.43.600210 (68dcf5eebde371..., userDataDir: C:\Users\Admin\AppData\Loca...}, cssSelectorsEnabled: true, databaseEnabled: false, goog:chromeOptions: {debuggerAddress: localhost:60210}, handlesAlerts: true, hasTouchScreen: false, javascriptEnabled: true, locationContextEnabled: true, mobileEmulationEnabled: false, nativeEvents: true, networkConnectionEnabled: false, pageLoadStrategy: normal, platform: XP, platformName: XP, rotatable: false, setWindowRect: true, takesHeapSnapshot: true, takesScreenshot: true, unexpectedAlertBehaviour: , unhandledPromptBehavior: , version: 70.0.3538.110, webStorageEnabled: true}
Session ID: 32a1b0b67c5c2b9c5c32f7d4ba2930fd)

2018-12-13 01:17:05 - [MESSAGE][FAILED] - Unable to set text 'CRN12201800123256' of object 'Object Repository/Final Object Repo/New Registration - Registration Module Pages/New Reg - OTC to RO/Special Case - All Related Objects/TextBox RefNo in Workbasket' (Root cause: org.openqa.selenium.ElementNotVisibleException: element not interactable
  (Session info: chrome=70.0.3538.110)
  (Driver info: chromedriver=2.43.600210 (68dcf5eebde37173d4027fa8635e332711d2874a),platform=Windows NT 6.1.7601 SP1 x86_64) (WARNING: The server did not provide any stacktrace information)
Command duration or timeout: 0 milliseconds
Build info: version: '3.7.1', revision: '8a0099a', time: '2017-11-06T21:07:36.161Z'
System info: host: 'WIN7TEST02', ip: '10.20.3.72', os.name: 'Windows 7', os.arch: 'amd64', os.version: '6.1', java.version: '1.8.0_181'
Driver info: com.kms.katalon.selenium.driver.CChromeDriver
Capabilities {acceptInsecureCerts: false, acceptSslCerts: false, applicationCacheEnabled: false, browserConnectionEnabled: false, browserName: chrome, chrome: {chromedriverVersion: 2.43.600210 (68dcf5eebde371..., userDataDir: C:\Users\Admin\AppData\Loca...}, cssSelectorsEnabled: true, databaseEnabled: false, goog:chromeOptions: {debuggerAddress: localhost:60210}, handlesAlerts: true, hasTouchScreen: false, javascriptEnabled: true, locationContextEnabled: true, mobileEmulationEnabled: false, nativeEvents: true, networkConnectionEnabled: false, pageLoadStrategy: normal, platform: XP, platformName: XP, rotatable: false, setWindowRect: true, takesHeapSnapshot: true, takesScreenshot: true, unexpectedAlertBehaviour: , unhandledPromptBehavior: , version: 70.0.3538.110, webStorageEnabled: true}
Session ID: 32a1b0b67c5c2b9c5c32f7d4ba2930fd)
[[ATTACHMENT|C:\\Users\\Admin\\Desktop\\PKS\\Perkeso Phase A\\Reports\\Workflow\\New Registration\\20181212_204826\\1544635024824.png]]

2018-12-13 01:17:05 - [TEST_STEP][PASSED] - delay: Delayed 2 second(s)

2018-12-13 01:17:07 - [MESSAGE][PASSED] - Delayed 2 second(s)

2018-12-13 01:17:07 - [TEST_STEP][PASSED] - click: Object: 'Object Repository/Final Object Repo/New Registration - Registration Module Pages/New Reg - OTC to RO/Special Case - All Related Objects/Click Search' is clicked on

2018-12-13 01:17:07 - [MESSAGE][PASSED] - Object: 'Object Repository/Final Object Repo/New Registration - Registration Module Pages/New Reg - OTC to RO/Special Case - All Related Objects/Click Search' is clicked on

2018-12-13 01:17:07 - [TEST_STEP][PASSED] - delay: Delayed 2 second(s)

2018-12-13 01:17:09 - [MESSAGE][PASSED] - Delayed 2 second(s)

2018-12-13 01:17:09 - [TEST_STEP][PASSED] - click: Object: 'Object Repository/Final Object Repo/New Registration - Registration Module Pages/New Reg - OTC to RO/Special Case - All Related Objects/Click to Continue Workflow' is clicked on

2018-12-13 01:17:12 - [MESSAGE][PASSED] - Object: 'Object Repository/Final Object Repo/New Registration - Registration Module Pages/New Reg - OTC to RO/Special Case - All Related Objects/Click to Continue Workflow' is clicked on

2018-12-13 01:17:12 - [TEST_STEP][PASSED] - delay: Delayed 2 second(s)

2018-12-13 01:17:14 - [MESSAGE][PASSED] - Delayed 2 second(s)

2018-12-13 01:17:14 - [TEST_STEP][PASSED] - click: Object: 'Object Repository/Final Object Repo/New Registration - Registration Module Pages/New Reg - OTC to RO/Special Case - All Related Objects/Continue Button in verifying case' is clicked on

2018-12-13 01:17:16 - [MESSAGE][PASSED] - Object: 'Object Repository/Final Object Repo/New Registration - Registration Module Pages/New Reg - OTC to RO/Special Case - All Related Objects/Continue Button in verifying case' is clicked on

2018-12-13 01:17:16 - [TEST_STEP][PASSED] - delay: Delayed 2 second(s)

2018-12-13 01:17:18 - [MESSAGE][PASSED] - Delayed 2 second(s)

2018-12-13 01:17:18 - [TEST_STEP][PASSED] - click: Object: 'Object Repository/Final Object Repo/New Registration - Registration Module Pages/Form 1/Registered As a Branch - Yes' is clicked on

2018-12-13 01:17:18 - [MESSAGE][PASSED] - Object: 'Object Repository/Final Object Repo/New Registration - Registration Module Pages/Form 1/Registered As a Branch - Yes' is clicked on

2018-12-13 01:17:18 - [TEST_STEP][PASSED] - delay: Delayed 2 second(s)

2018-12-13 01:17:20 - [MESSAGE][PASSED] - Delayed 2 second(s)

2018-12-13 01:17:20 - [TEST_STEP][PASSED] - click: Object: 'Object Repository/Final Object Repo/New Registration - Registration Module Pages/New Reg - OTC to RO/Special Case - All Related Objects/Form 1 Save n Continue' is clicked on

2018-12-13 01:17:21 - [MESSAGE][PASSED] - Object: 'Object Repository/Final Object Repo/New Registration - Registration Module Pages/New Reg - OTC to RO/Special Case - All Related Objects/Form 1 Save n Continue' is clicked on

2018-12-13 01:17:21 - [TEST_STEP][PASSED] - delay: Delayed 2 second(s)

2018-12-13 01:17:23 - [MESSAGE][PASSED] - Delayed 2 second(s)

2018-12-13 01:17:23 - [TEST_STEP][PASSED] - click: Object: 'Object Repository/Final Object Repo/New Registration - Registration Module Pages/New Reg - OTC to RO/Special Case - All Related Objects/Form 2 Save n Continue' is clicked on

2018-12-13 01:17:23 - [MESSAGE][PASSED] - Object: 'Object Repository/Final Object Repo/New Registration - Registration Module Pages/New Reg - OTC to RO/Special Case - All Related Objects/Form 2 Save n Continue' is clicked on

2018-12-13 01:17:23 - [TEST_STEP][PASSED] - delay: Delayed 2 second(s)

2018-12-13 01:17:25 - [MESSAGE][PASSED] - Delayed 2 second(s)

2018-12-13 01:17:25 - [TEST_STEP][PASSED] - click: Object: 'Object Repository/Final Object Repo/New Registration - Registration Module Pages/New Reg - OTC to RO/Special Case - All Related Objects/Third Screen Save n Continue' is clicked on

2018-12-13 01:17:30 - [MESSAGE][PASSED] - Object: 'Object Repository/Final Object Repo/New Registration - Registration Module Pages/New Reg - OTC to RO/Special Case - All Related Objects/Third Screen Save n Continue' is clicked on

2018-12-13 01:17:30 - [TEST_STEP][PASSED] - delay: Delayed 5 second(s)

2018-12-13 01:17:35 - [MESSAGE][PASSED] - Delayed 5 second(s)

2018-12-13 01:17:35 - [TEST_STEP][PASSED] - click: Object: 'Object Repository/Final Object Repo/New Registration - Registration Module Pages/New Reg - OTC to RO/Special Case - All Related Objects/Upload Doc Page Save n Continue' is clicked on

2018-12-13 01:17:35 - [MESSAGE][PASSED] - Object: 'Object Repository/Final Object Repo/New Registration - Registration Module Pages/New Reg - OTC to RO/Special Case - All Related Objects/Upload Doc Page Save n Continue' is clicked on

2018-12-13 01:17:35 - [TEST_STEP][PASSED] - callTestCase: Call Test Case 'Test Cases/Final Aug 2018 - PKS Automation/Registration Module/New Registration/Submit and Screenshot/Submit Registration and Screenshot' successfully

2018-12-13 01:17:36 - [TEST_CASE][PASSED] - Test Cases/Final Aug 2018 - PKS Automation/Registration Module/New Registration/Submit and Screenshot/Submit Registration and Screenshot: Test Cases/Final Aug 2018 - PKS Automation/Registration Module/New Registration/Submit and Screenshot/Submit Registration and Screenshot

2018-12-13 01:17:36 - [TEST_STEP][PASSED] - delay: Delayed 6 second(s)

2018-12-13 01:17:42 - [MESSAGE][PASSED] - Delayed 6 second(s)

2018-12-13 01:17:42 - [TEST_STEP][PASSED] - click: Object: 'Object Repository/Final Object Repo/New Registration - Registration Module Pages/Third Screen - Upload Supporting Doc- Preview/Preview Submit Button' is clicked on

2018-12-13 01:17:42 - [MESSAGE][PASSED] - Object: 'Object Repository/Final Object Repo/New Registration - Registration Module Pages/Third Screen - Upload Supporting Doc- Preview/Preview Submit Button' is clicked on

2018-12-13 01:17:42 - [TEST_STEP][PASSED] - delay: Delayed 2 second(s)

2018-12-13 01:17:44 - [MESSAGE][PASSED] - Delayed 2 second(s)

2018-12-13 01:17:44 - [TEST_STEP][PASSED] - click: Object: 'Object Repository/Final Object Repo/New Registration - Registration Module Pages/Third Screen - Upload Supporting Doc- Preview/Preview Submit - Confirm' is clicked on

2018-12-13 01:17:44 - [MESSAGE][PASSED] - Object: 'Object Repository/Final Object Repo/New Registration - Registration Module Pages/Third Screen - Upload Supporting Doc- Preview/Preview Submit - Confirm' is clicked on

2018-12-13 01:17:44 - [TEST_STEP][PASSED] - delay: Delayed 15 second(s)

2018-12-13 01:17:59 - [MESSAGE][PASSED] - Delayed 15 second(s)

2018-12-13 01:17:59 - [TEST_STEP][PASSED] - Statement - driver = com.kms.katalon.core.webui.driver.DriverFactory.getWebDriver(): null

2018-12-13 01:17:59 - [TEST_STEP][PASSED] - Statement - driver.manage().timeouts().implicitlyWait(10, SECONDS): null

2018-12-13 01:17:59 - [TEST_STEP][PASSED] - Statement - PresavePath = KatalonScreenshots: null

2018-12-13 01:17:59 - [TEST_STEP][PASSED] - Statement - pathPrefix = "C:\Users\Public\Pictures\Sample Pictures\Katalon Screenshots\Automate Ending Screen": null

2018-12-13 01:17:59 - [TEST_STEP][PASSED] - Statement - finalPath = <not implemented yet for class: org.codehaus.groovy.ast.expr.EmptyExpression>: null

2018-12-13 01:17:59 - [TEST_STEP][PASSED] - Statement - scrFile = driver.getScreenshotAs(FILE): null

2018-12-13 01:17:59 - [TEST_STEP][PASSED] - Statement - PreSaveFile = new java.io.File(PresavePath): null

2018-12-13 01:17:59 - [TEST_STEP][PASSED] - Statement - counter = 0: null

2018-12-13 01:17:59 - [TEST_STEP][PASSED] - Statement - If (PreSaveFile.exists()): null

2018-12-13 01:17:59 - [TEST_STEP][PASSED] - Statement - While (PreSaveFile.exists()): null

2018-12-13 01:17:59 - [TEST_STEP][PASSED] - Statement - counter = counter + 1: null

2018-12-13 01:17:59 - [TEST_STEP][PASSED] - Statement - PreSaveFile = new java.io.File(((pathPrefix + java.lang.Integer.toString(counter)) + .png)): null

2018-12-13 01:17:59 - [TEST_STEP][PASSED] - Statement - counter = counter + 1: null

2018-12-13 01:17:59 - [TEST_STEP][PASSED] - Statement - PreSaveFile = new java.io.File(((pathPrefix + java.lang.Integer.toString(counter)) + .png)): null

2018-12-13 01:17:59 - [TEST_STEP][PASSED] - Statement - counter = counter + 1: null

2018-12-13 01:17:59 - [TEST_STEP][PASSED] - Statement - PreSaveFile = new java.io.File(((pathPrefix + java.lang.Integer.toString(counter)) + .png)): null

2018-12-13 01:17:59 - [TEST_STEP][PASSED] - Statement - counter = counter + 1: null

2018-12-13 01:17:59 - [TEST_STEP][PASSED] - Statement - PreSaveFile = new java.io.File(((pathPrefix + java.lang.Integer.toString(counter)) + .png)): null

2018-12-13 01:17:59 - [TEST_STEP][PASSED] - Statement - counter = counter + 1: null

2018-12-13 01:17:59 - [TEST_STEP][PASSED] - Statement - PreSaveFile = new java.io.File(((pathPrefix + java.lang.Integer.toString(counter)) + .png)): null

2018-12-13 01:17:59 - [TEST_STEP][PASSED] - Statement - counter = counter + 1: null

2018-12-13 01:17:59 - [TEST_STEP][PASSED] - Statement - PreSaveFile = new java.io.File(((pathPrefix + java.lang.Integer.toString(counter)) + .png)): null

2018-12-13 01:17:59 - [TEST_STEP][PASSED] - Statement - counter = counter + 1: null

2018-12-13 01:17:59 - [TEST_STEP][PASSED] - Statement - PreSaveFile = new java.io.File(((pathPrefix + java.lang.Integer.toString(counter)) + .png)): null

2018-12-13 01:17:59 - [TEST_STEP][PASSED] - Statement - counter = counter + 1: null

2018-12-13 01:17:59 - [TEST_STEP][PASSED] - Statement - PreSaveFile = new java.io.File(((pathPrefix + java.lang.Integer.toString(counter)) + .png)): null

2018-12-13 01:17:59 - [TEST_STEP][PASSED] - Statement - counter = counter + 1: null

2018-12-13 01:17:59 - [TEST_STEP][PASSED] - Statement - PreSaveFile = new java.io.File(((pathPrefix + java.lang.Integer.toString(counter)) + .png)): null

2018-12-13 01:17:59 - [TEST_STEP][PASSED] - Statement - counter = counter + 1: null

2018-12-13 01:17:59 - [TEST_STEP][PASSED] - Statement - PreSaveFile = new java.io.File(((pathPrefix + java.lang.Integer.toString(counter)) + .png)): null

2018-12-13 01:17:59 - [TEST_STEP][PASSED] - Statement - counter = counter + 1: null

2018-12-13 01:17:59 - [TEST_STEP][PASSED] - Statement - PreSaveFile = new java.io.File(((pathPrefix + java.lang.Integer.toString(counter)) + .png)): null

2018-12-13 01:17:59 - [TEST_STEP][PASSED] - Statement - counter = counter + 1: null

2018-12-13 01:17:59 - [TEST_STEP][PASSED] - Statement - PreSaveFile = new java.io.File(((pathPrefix + java.lang.Integer.toString(counter)) + .png)): null

2018-12-13 01:17:59 - [TEST_STEP][PASSED] - Statement - counter = counter + 1: null

2018-12-13 01:17:59 - [TEST_STEP][PASSED] - Statement - PreSaveFile = new java.io.File(((pathPrefix + java.lang.Integer.toString(counter)) + .png)): null

2018-12-13 01:17:59 - [TEST_STEP][PASSED] - Statement - counter = counter + 1: null

2018-12-13 01:17:59 - [TEST_STEP][PASSED] - Statement - PreSaveFile = new java.io.File(((pathPrefix + java.lang.Integer.toString(counter)) + .png)): null

2018-12-13 01:17:59 - [TEST_STEP][PASSED] - Statement - counter = counter + 1: null

2018-12-13 01:17:59 - [TEST_STEP][PASSED] - Statement - PreSaveFile = new java.io.File(((pathPrefix + java.lang.Integer.toString(counter)) + .png)): null

2018-12-13 01:17:59 - [TEST_STEP][PASSED] - Statement - counter = counter + 1: null

2018-12-13 01:17:59 - [TEST_STEP][PASSED] - Statement - PreSaveFile = new java.io.File(((pathPrefix + java.lang.Integer.toString(counter)) + .png)): null

2018-12-13 01:17:59 - [TEST_STEP][PASSED] - Statement - counter = counter + 1: null

2018-12-13 01:17:59 - [TEST_STEP][PASSED] - Statement - PreSaveFile = new java.io.File(((pathPrefix + java.lang.Integer.toString(counter)) + .png)): null

2018-12-13 01:17:59 - [TEST_STEP][PASSED] - Statement - counter = counter + 1: null

2018-12-13 01:17:59 - [TEST_STEP][PASSED] - Statement - PreSaveFile = new java.io.File(((pathPrefix + java.lang.Integer.toString(counter)) + .png)): null

2018-12-13 01:17:59 - [TEST_STEP][PASSED] - Statement - counter = counter + 1: null

2018-12-13 01:17:59 - [TEST_STEP][PASSED] - Statement - PreSaveFile = new java.io.File(((pathPrefix + java.lang.Integer.toString(counter)) + .png)): null

2018-12-13 01:17:59 - [TEST_STEP][PASSED] - Statement - counter = counter + 1: null

2018-12-13 01:17:59 - [TEST_STEP][PASSED] - Statement - PreSaveFile = new java.io.File(((pathPrefix + java.lang.Integer.toString(counter)) + .png)): null

2018-12-13 01:17:59 - [TEST_STEP][PASSED] - Statement - counter = counter + 1: null

2018-12-13 01:17:59 - [TEST_STEP][PASSED] - Statement - PreSaveFile = new java.io.File(((pathPrefix + java.lang.Integer.toString(counter)) + .png)): null

2018-12-13 01:17:59 - [TEST_STEP][PASSED] - Statement - counter = counter + 1: null

2018-12-13 01:17:59 - [TEST_STEP][PASSED] - Statement - PreSaveFile = new java.io.File(((pathPrefix + java.lang.Integer.toString(counter)) + .png)): null

2018-12-13 01:17:59 - [TEST_STEP][PASSED] - Statement - counter = counter + 1: null

2018-12-13 01:17:59 - [TEST_STEP][PASSED] - Statement - PreSaveFile = new java.io.File(((pathPrefix + java.lang.Integer.toString(counter)) + .png)): null

2018-12-13 01:17:59 - [TEST_STEP][PASSED] - Statement - counter = counter + 1: null

2018-12-13 01:17:59 - [TEST_STEP][PASSED] - Statement - PreSaveFile = new java.io.File(((pathPrefix + java.lang.Integer.toString(counter)) + .png)): null

2018-12-13 01:17:59 - [TEST_STEP][PASSED] - Statement - counter = counter + 1: null

2018-12-13 01:17:59 - [TEST_STEP][PASSED] - Statement - PreSaveFile = new java.io.File(((pathPrefix + java.lang.Integer.toString(counter)) + .png)): null

2018-12-13 01:17:59 - [TEST_STEP][PASSED] - Statement - counter = counter + 1: null

2018-12-13 01:17:59 - [TEST_STEP][PASSED] - Statement - PreSaveFile = new java.io.File(((pathPrefix + java.lang.Integer.toString(counter)) + .png)): null

2018-12-13 01:17:59 - [TEST_STEP][PASSED] - Statement - counter = counter + 1: null

2018-12-13 01:17:59 - [TEST_STEP][PASSED] - Statement - PreSaveFile = new java.io.File(((pathPrefix + java.lang.Integer.toString(counter)) + .png)): null

2018-12-13 01:17:59 - [TEST_STEP][PASSED] - Statement - counter = counter + 1: null

2018-12-13 01:17:59 - [TEST_STEP][PASSED] - Statement - PreSaveFile = new java.io.File(((pathPrefix + java.lang.Integer.toString(counter)) + .png)): null

2018-12-13 01:17:59 - [TEST_STEP][PASSED] - Statement - counter = counter + 1: null

2018-12-13 01:17:59 - [TEST_STEP][PASSED] - Statement - PreSaveFile = new java.io.File(((pathPrefix + java.lang.Integer.toString(counter)) + .png)): null

2018-12-13 01:17:59 - [TEST_STEP][PASSED] - Statement - counter = counter + 1: null

2018-12-13 01:17:59 - [TEST_STEP][PASSED] - Statement - PreSaveFile = new java.io.File(((pathPrefix + java.lang.Integer.toString(counter)) + .png)): null

2018-12-13 01:17:59 - [TEST_STEP][PASSED] - Statement - counter = counter + 1: null

2018-12-13 01:17:59 - [TEST_STEP][PASSED] - Statement - PreSaveFile = new java.io.File(((pathPrefix + java.lang.Integer.toString(counter)) + .png)): null

2018-12-13 01:17:59 - [TEST_STEP][PASSED] - Statement - counter = counter + 1: null

2018-12-13 01:17:59 - [TEST_STEP][PASSED] - Statement - PreSaveFile = new java.io.File(((pathPrefix + java.lang.Integer.toString(counter)) + .png)): null

2018-12-13 01:17:59 - [TEST_STEP][PASSED] - Statement - counter = counter + 1: null

2018-12-13 01:17:59 - [TEST_STEP][PASSED] - Statement - PreSaveFile = new java.io.File(((pathPrefix + java.lang.Integer.toString(counter)) + .png)): null

2018-12-13 01:17:59 - [TEST_STEP][PASSED] - Statement - counter = counter + 1: null

2018-12-13 01:17:59 - [TEST_STEP][PASSED] - Statement - PreSaveFile = new java.io.File(((pathPrefix + java.lang.Integer.toString(counter)) + .png)): null

2018-12-13 01:17:59 - [TEST_STEP][PASSED] - Statement - counter = counter + 1: null

2018-12-13 01:17:59 - [TEST_STEP][PASSED] - Statement - PreSaveFile = new java.io.File(((pathPrefix + java.lang.Integer.toString(counter)) + .png)): null

2018-12-13 01:17:59 - [TEST_STEP][PASSED] - Statement - counter = counter + 1: null

2018-12-13 01:17:59 - [TEST_STEP][PASSED] - Statement - PreSaveFile = new java.io.File(((pathPrefix + java.lang.Integer.toString(counter)) + .png)): null

2018-12-13 01:17:59 - [TEST_STEP][PASSED] - Statement - counter = counter + 1: null

2018-12-13 01:17:59 - [TEST_STEP][PASSED] - Statement - PreSaveFile = new java.io.File(((pathPrefix + java.lang.Integer.toString(counter)) + .png)): null

2018-12-13 01:17:59 - [TEST_STEP][PASSED] - Statement - counter = counter + 1: null

2018-12-13 01:17:59 - [TEST_STEP][PASSED] - Statement - PreSaveFile = new java.io.File(((pathPrefix + java.lang.Integer.toString(counter)) + .png)): null

2018-12-13 01:17:59 - [TEST_STEP][PASSED] - Statement - counter = counter + 1: null

2018-12-13 01:17:59 - [TEST_STEP][PASSED] - Statement - PreSaveFile = new java.io.File(((pathPrefix + java.lang.Integer.toString(counter)) + .png)): null

2018-12-13 01:17:59 - [TEST_STEP][PASSED] - Statement - counter = counter + 1: null

2018-12-13 01:17:59 - [TEST_STEP][PASSED] - Statement - PreSaveFile = new java.io.File(((pathPrefix + java.lang.Integer.toString(counter)) + .png)): null

2018-12-13 01:17:59 - [TEST_STEP][PASSED] - Statement - counter = counter + 1: null

2018-12-13 01:17:59 - [TEST_STEP][PASSED] - Statement - PreSaveFile = new java.io.File(((pathPrefix + java.lang.Integer.toString(counter)) + .png)): null

2018-12-13 01:17:59 - [TEST_STEP][PASSED] - Statement - counter = counter + 1: null

2018-12-13 01:17:59 - [TEST_STEP][PASSED] - Statement - PreSaveFile = new java.io.File(((pathPrefix + java.lang.Integer.toString(counter)) + .png)): null

2018-12-13 01:17:59 - [TEST_STEP][PASSED] - Statement - counter = counter + 1: null

2018-12-13 01:17:59 - [TEST_STEP][PASSED] - Statement - PreSaveFile = new java.io.File(((pathPrefix + java.lang.Integer.toString(counter)) + .png)): null

2018-12-13 01:17:59 - [TEST_STEP][PASSED] - Statement - counter = counter + 1: null

2018-12-13 01:17:59 - [TEST_STEP][PASSED] - Statement - PreSaveFile = new java.io.File(((pathPrefix + java.lang.Integer.toString(counter)) + .png)): null

2018-12-13 01:17:59 - [TEST_STEP][PASSED] - Statement - counter = counter + 1: null

2018-12-13 01:17:59 - [TEST_STEP][PASSED] - Statement - PreSaveFile = new java.io.File(((pathPrefix + java.lang.Integer.toString(counter)) + .png)): null

2018-12-13 01:17:59 - [TEST_STEP][PASSED] - Statement - counter = counter + 1: null

2018-12-13 01:17:59 - [TEST_STEP][PASSED] - Statement - PreSaveFile = new java.io.File(((pathPrefix + java.lang.Integer.toString(counter)) + .png)): null

2018-12-13 01:17:59 - [TEST_STEP][PASSED] - Statement - counter = counter + 1: null

2018-12-13 01:17:59 - [TEST_STEP][PASSED] - Statement - PreSaveFile = new java.io.File(((pathPrefix + java.lang.Integer.toString(counter)) + .png)): null

2018-12-13 01:17:59 - [TEST_STEP][PASSED] - Statement - counter = counter + 1: null

2018-12-13 01:17:59 - [TEST_STEP][PASSED] - Statement - PreSaveFile = new java.io.File(((pathPrefix + java.lang.Integer.toString(counter)) + .png)): null

2018-12-13 01:17:59 - [TEST_STEP][PASSED] - Statement - counter = counter + 1: null

2018-12-13 01:17:59 - [TEST_STEP][PASSED] - Statement - PreSaveFile = new java.io.File(((pathPrefix + java.lang.Integer.toString(counter)) + .png)): null

2018-12-13 01:17:59 - [TEST_STEP][PASSED] - Statement - counter = counter + 1: null

2018-12-13 01:17:59 - [TEST_STEP][PASSED] - Statement - PreSaveFile = new java.io.File(((pathPrefix + java.lang.Integer.toString(counter)) + .png)): null

2018-12-13 01:17:59 - [TEST_STEP][PASSED] - Statement - counter = counter + 1: null

2018-12-13 01:17:59 - [TEST_STEP][PASSED] - Statement - PreSaveFile = new java.io.File(((pathPrefix + java.lang.Integer.toString(counter)) + .png)): null

2018-12-13 01:17:59 - [TEST_STEP][PASSED] - Statement - counter = counter + 1: null

2018-12-13 01:17:59 - [TEST_STEP][PASSED] - Statement - PreSaveFile = new java.io.File(((pathPrefix + java.lang.Integer.toString(counter)) + .png)): null

2018-12-13 01:17:59 - [TEST_STEP][PASSED] - Statement - counter = counter + 1: null

2018-12-13 01:17:59 - [TEST_STEP][PASSED] - Statement - PreSaveFile = new java.io.File(((pathPrefix + java.lang.Integer.toString(counter)) + .png)): null

2018-12-13 01:17:59 - [TEST_STEP][PASSED] - Statement - counter = counter + 1: null

2018-12-13 01:17:59 - [TEST_STEP][PASSED] - Statement - PreSaveFile = new java.io.File(((pathPrefix + java.lang.Integer.toString(counter)) + .png)): null

2018-12-13 01:17:59 - [TEST_STEP][PASSED] - Statement - counter = counter + 1: null

2018-12-13 01:17:59 - [TEST_STEP][PASSED] - Statement - PreSaveFile = new java.io.File(((pathPrefix + java.lang.Integer.toString(counter)) + .png)): null

2018-12-13 01:17:59 - [TEST_STEP][PASSED] - Statement - counter = counter + 1: null

2018-12-13 01:17:59 - [TEST_STEP][PASSED] - Statement - PreSaveFile = new java.io.File(((pathPrefix + java.lang.Integer.toString(counter)) + .png)): null

2018-12-13 01:17:59 - [TEST_STEP][PASSED] - Statement - counter = counter + 1: null

2018-12-13 01:17:59 - [TEST_STEP][PASSED] - Statement - PreSaveFile = new java.io.File(((pathPrefix + java.lang.Integer.toString(counter)) + .png)): null

2018-12-13 01:17:59 - [TEST_STEP][PASSED] - Statement - counter = counter + 1: null

2018-12-13 01:17:59 - [TEST_STEP][PASSED] - Statement - PreSaveFile = new java.io.File(((pathPrefix + java.lang.Integer.toString(counter)) + .png)): null

2018-12-13 01:17:59 - [TEST_STEP][PASSED] - Statement - counter = counter + 1: null

2018-12-13 01:17:59 - [TEST_STEP][PASSED] - Statement - PreSaveFile = new java.io.File(((pathPrefix + java.lang.Integer.toString(counter)) + .png)): null

2018-12-13 01:17:59 - [TEST_STEP][PASSED] - Statement - counter = counter + 1: null

2018-12-13 01:17:59 - [TEST_STEP][PASSED] - Statement - PreSaveFile = new java.io.File(((pathPrefix + java.lang.Integer.toString(counter)) + .png)): null

2018-12-13 01:17:59 - [TEST_STEP][PASSED] - Statement - counter = counter + 1: null

2018-12-13 01:17:59 - [TEST_STEP][PASSED] - Statement - PreSaveFile = new java.io.File(((pathPrefix + java.lang.Integer.toString(counter)) + .png)): null

2018-12-13 01:17:59 - [TEST_STEP][PASSED] - Statement - counter = counter + 1: null

2018-12-13 01:17:59 - [TEST_STEP][PASSED] - Statement - PreSaveFile = new java.io.File(((pathPrefix + java.lang.Integer.toString(counter)) + .png)): null

2018-12-13 01:17:59 - [TEST_STEP][PASSED] - Statement - counter = counter + 1: null

2018-12-13 01:17:59 - [TEST_STEP][PASSED] - Statement - PreSaveFile = new java.io.File(((pathPrefix + java.lang.Integer.toString(counter)) + .png)): null

2018-12-13 01:17:59 - [TEST_STEP][PASSED] - Statement - counter = counter + 1: null

2018-12-13 01:17:59 - [TEST_STEP][PASSED] - Statement - PreSaveFile = new java.io.File(((pathPrefix + java.lang.Integer.toString(counter)) + .png)): null

2018-12-13 01:17:59 - [TEST_STEP][PASSED] - Statement - counter = counter + 1: null

2018-12-13 01:17:59 - [TEST_STEP][PASSED] - Statement - PreSaveFile = new java.io.File(((pathPrefix + java.lang.Integer.toString(counter)) + .png)): null

2018-12-13 01:17:59 - [TEST_STEP][PASSED] - Statement - counter = counter + 1: null

2018-12-13 01:17:59 - [TEST_STEP][PASSED] - Statement - PreSaveFile = new java.io.File(((pathPrefix + java.lang.Integer.toString(counter)) + .png)): null

2018-12-13 01:17:59 - [TEST_STEP][PASSED] - Statement - counter = counter + 1: null

2018-12-13 01:17:59 - [TEST_STEP][PASSED] - Statement - PreSaveFile = new java.io.File(((pathPrefix + java.lang.Integer.toString(counter)) + .png)): null

2018-12-13 01:17:59 - [TEST_STEP][PASSED] - Statement - counter = counter + 1: null

2018-12-13 01:17:59 - [TEST_STEP][PASSED] - Statement - PreSaveFile = new java.io.File(((pathPrefix + java.lang.Integer.toString(counter)) + .png)): null

2018-12-13 01:17:59 - [TEST_STEP][PASSED] - Statement - counter = counter + 1: null

2018-12-13 01:17:59 - [TEST_STEP][PASSED] - Statement - PreSaveFile = new java.io.File(((pathPrefix + java.lang.Integer.toString(counter)) + .png)): null

2018-12-13 01:17:59 - [TEST_STEP][PASSED] - Statement - counter = counter + 1: null

2018-12-13 01:17:59 - [TEST_STEP][PASSED] - Statement - PreSaveFile = new java.io.File(((pathPrefix + java.lang.Integer.toString(counter)) + .png)): null

2018-12-13 01:17:59 - [TEST_STEP][PASSED] - Statement - counter = counter + 1: null

2018-12-13 01:17:59 - [TEST_STEP][PASSED] - Statement - PreSaveFile = new java.io.File(((pathPrefix + java.lang.Integer.toString(counter)) + .png)): null

2018-12-13 01:17:59 - [TEST_STEP][PASSED] - Statement - counter = counter + 1: null

2018-12-13 01:17:59 - [TEST_STEP][PASSED] - Statement - PreSaveFile = new java.io.File(((pathPrefix + java.lang.Integer.toString(counter)) + .png)): null

2018-12-13 01:17:59 - [TEST_STEP][PASSED] - Statement - counter = counter + 1: null

2018-12-13 01:17:59 - [TEST_STEP][PASSED] - Statement - PreSaveFile = new java.io.File(((pathPrefix + java.lang.Integer.toString(counter)) + .png)): null

2018-12-13 01:17:59 - [TEST_STEP][PASSED] - Statement - counter = counter + 1: null

2018-12-13 01:17:59 - [TEST_STEP][PASSED] - Statement - PreSaveFile = new java.io.File(((pathPrefix + java.lang.Integer.toString(counter)) + .png)): null

2018-12-13 01:17:59 - [TEST_STEP][PASSED] - Statement - counter = counter + 1: null

2018-12-13 01:17:59 - [TEST_STEP][PASSED] - Statement - PreSaveFile = new java.io.File(((pathPrefix + java.lang.Integer.toString(counter)) + .png)): null

2018-12-13 01:17:59 - [TEST_STEP][PASSED] - Statement - counter = counter + 1: null

2018-12-13 01:17:59 - [TEST_STEP][PASSED] - Statement - PreSaveFile = new java.io.File(((pathPrefix + java.lang.Integer.toString(counter)) + .png)): null

2018-12-13 01:17:59 - [TEST_STEP][PASSED] - Statement - counter = counter + 1: null

2018-12-13 01:17:59 - [TEST_STEP][PASSED] - Statement - PreSaveFile = new java.io.File(((pathPrefix + java.lang.Integer.toString(counter)) + .png)): null

2018-12-13 01:17:59 - [TEST_STEP][PASSED] - Statement - counter = counter + 1: null

2018-12-13 01:17:59 - [TEST_STEP][PASSED] - Statement - PreSaveFile = new java.io.File(((pathPrefix + java.lang.Integer.toString(counter)) + .png)): null

2018-12-13 01:17:59 - [TEST_STEP][PASSED] - Statement - counter = counter + 1: null

2018-12-13 01:17:59 - [TEST_STEP][PASSED] - Statement - PreSaveFile = new java.io.File(((pathPrefix + java.lang.Integer.toString(counter)) + .png)): null

2018-12-13 01:17:59 - [TEST_STEP][PASSED] - Statement - counter = counter + 1: null

2018-12-13 01:17:59 - [TEST_STEP][PASSED] - Statement - PreSaveFile = new java.io.File(((pathPrefix + java.lang.Integer.toString(counter)) + .png)): null

2018-12-13 01:17:59 - [TEST_STEP][PASSED] - Statement - counter = counter + 1: null

2018-12-13 01:17:59 - [TEST_STEP][PASSED] - Statement - PreSaveFile = new java.io.File(((pathPrefix + java.lang.Integer.toString(counter)) + .png)): null

2018-12-13 01:17:59 - [TEST_STEP][PASSED] - Statement - counter = counter + 1: null

2018-12-13 01:17:59 - [TEST_STEP][PASSED] - Statement - PreSaveFile = new java.io.File(((pathPrefix + java.lang.Integer.toString(counter)) + .png)): null

2018-12-13 01:17:59 - [TEST_STEP][PASSED] - Statement - counter = counter + 1: null

2018-12-13 01:17:59 - [TEST_STEP][PASSED] - Statement - PreSaveFile = new java.io.File(((pathPrefix + java.lang.Integer.toString(counter)) + .png)): null

2018-12-13 01:17:59 - [TEST_STEP][PASSED] - Statement - counter = counter + 1: null

2018-12-13 01:17:59 - [TEST_STEP][PASSED] - Statement - PreSaveFile = new java.io.File(((pathPrefix + java.lang.Integer.toString(counter)) + .png)): null

2018-12-13 01:17:59 - [TEST_STEP][PASSED] - Statement - counter = counter + 1: null

2018-12-13 01:17:59 - [TEST_STEP][PASSED] - Statement - PreSaveFile = new java.io.File(((pathPrefix + java.lang.Integer.toString(counter)) + .png)): null

2018-12-13 01:17:59 - [TEST_STEP][PASSED] - Statement - counter = counter + 1: null

2018-12-13 01:17:59 - [TEST_STEP][PASSED] - Statement - PreSaveFile = new java.io.File(((pathPrefix + java.lang.Integer.toString(counter)) + .png)): null

2018-12-13 01:17:59 - [TEST_STEP][PASSED] - Statement - counter = counter + 1: null

2018-12-13 01:18:00 - [TEST_STEP][PASSED] - Statement - PreSaveFile = new java.io.File(((pathPrefix + java.lang.Integer.toString(counter)) + .png)): null

2018-12-13 01:18:00 - [TEST_STEP][PASSED] - Statement - counter = counter + 1: null

2018-12-13 01:18:00 - [TEST_STEP][PASSED] - Statement - PreSaveFile = new java.io.File(((pathPrefix + java.lang.Integer.toString(counter)) + .png)): null

2018-12-13 01:18:00 - [TEST_STEP][PASSED] - Statement - counter = counter + 1: null

2018-12-13 01:18:00 - [TEST_STEP][PASSED] - Statement - PreSaveFile = new java.io.File(((pathPrefix + java.lang.Integer.toString(counter)) + .png)): null

2018-12-13 01:18:00 - [TEST_STEP][PASSED] - Statement - counter = counter + 1: null

2018-12-13 01:18:00 - [TEST_STEP][PASSED] - Statement - PreSaveFile = new java.io.File(((pathPrefix + java.lang.Integer.toString(counter)) + .png)): null

2018-12-13 01:18:00 - [TEST_STEP][PASSED] - Statement - counter = counter + 1: null

2018-12-13 01:18:00 - [TEST_STEP][PASSED] - Statement - PreSaveFile = new java.io.File(((pathPrefix + java.lang.Integer.toString(counter)) + .png)): null

2018-12-13 01:18:00 - [TEST_STEP][PASSED] - Statement - counter = counter + 1: null

2018-12-13 01:18:00 - [TEST_STEP][PASSED] - Statement - PreSaveFile = new java.io.File(((pathPrefix + java.lang.Integer.toString(counter)) + .png)): null

2018-12-13 01:18:00 - [TEST_STEP][PASSED] - Statement - counter = counter + 1: null

2018-12-13 01:18:00 - [TEST_STEP][PASSED] - Statement - PreSaveFile = new java.io.File(((pathPrefix + java.lang.Integer.toString(counter)) + .png)): null

2018-12-13 01:18:00 - [TEST_STEP][PASSED] - Statement - counter = counter + 1: null

2018-12-13 01:18:00 - [TEST_STEP][PASSED] - Statement - PreSaveFile = new java.io.File(((pathPrefix + java.lang.Integer.toString(counter)) + .png)): null

2018-12-13 01:18:00 - [TEST_STEP][PASSED] - Statement - counter = counter + 1: null

2018-12-13 01:18:00 - [TEST_STEP][PASSED] - Statement - PreSaveFile = new java.io.File(((pathPrefix + java.lang.Integer.toString(counter)) + .png)): null

2018-12-13 01:18:00 - [TEST_STEP][PASSED] - Statement - counter = counter + 1: null

2018-12-13 01:18:00 - [TEST_STEP][PASSED] - Statement - PreSaveFile = new java.io.File(((pathPrefix + java.lang.Integer.toString(counter)) + .png)): null

2018-12-13 01:18:00 - [TEST_STEP][PASSED] - Statement - counter = counter + 1: null

2018-12-13 01:18:00 - [TEST_STEP][PASSED] - Statement - PreSaveFile = new java.io.File(((pathPrefix + java.lang.Integer.toString(counter)) + .png)): null

2018-12-13 01:18:00 - [TEST_STEP][PASSED] - Statement - counter = counter + 1: null

2018-12-13 01:18:00 - [TEST_STEP][PASSED] - Statement - PreSaveFile = new java.io.File(((pathPrefix + java.lang.Integer.toString(counter)) + .png)): null

2018-12-13 01:18:00 - [TEST_STEP][PASSED] - Statement - counter = counter + 1: null

2018-12-13 01:18:00 - [TEST_STEP][PASSED] - Statement - PreSaveFile = new java.io.File(((pathPrefix + java.lang.Integer.toString(counter)) + .png)): null

2018-12-13 01:18:00 - [TEST_STEP][PASSED] - Statement - counter = counter + 1: null

2018-12-13 01:18:00 - [TEST_STEP][PASSED] - Statement - PreSaveFile = new java.io.File(((pathPrefix + java.lang.Integer.toString(counter)) + .png)): null

2018-12-13 01:18:00 - [TEST_STEP][PASSED] - Statement - counter = counter + 1: null

2018-12-13 01:18:00 - [TEST_STEP][PASSED] - Statement - PreSaveFile = new java.io.File(((pathPrefix + java.lang.Integer.toString(counter)) + .png)): null

2018-12-13 01:18:00 - [TEST_STEP][PASSED] - Statement - counter = counter + 1: null

2018-12-13 01:18:00 - [TEST_STEP][PASSED] - Statement - PreSaveFile = new java.io.File(((pathPrefix + java.lang.Integer.toString(counter)) + .png)): null

2018-12-13 01:18:00 - [TEST_STEP][PASSED] - Statement - counter = counter + 1: null

2018-12-13 01:18:00 - [TEST_STEP][PASSED] - Statement - PreSaveFile = new java.io.File(((pathPrefix + java.lang.Integer.toString(counter)) + .png)): null

2018-12-13 01:18:00 - [TEST_STEP][PASSED] - Statement - counter = counter + 1: null

2018-12-13 01:18:00 - [TEST_STEP][PASSED] - Statement - PreSaveFile = new java.io.File(((pathPrefix + java.lang.Integer.toString(counter)) + .png)): null

2018-12-13 01:18:00 - [TEST_STEP][PASSED] - Statement - counter = counter + 1: null

2018-12-13 01:18:00 - [TEST_STEP][PASSED] - Statement - PreSaveFile = new java.io.File(((pathPrefix + java.lang.Integer.toString(counter)) + .png)): null

2018-12-13 01:18:00 - [TEST_STEP][PASSED] - Statement - counter = counter + 1: null

2018-12-13 01:18:00 - [TEST_STEP][PASSED] - Statement - PreSaveFile = new java.io.File(((pathPrefix + java.lang.Integer.toString(counter)) + .png)): null

2018-12-13 01:18:00 - [TEST_STEP][PASSED] - Statement - counter = counter + 1: null

2018-12-13 01:18:00 - [TEST_STEP][PASSED] - Statement - PreSaveFile = new java.io.File(((pathPrefix + java.lang.Integer.toString(counter)) + .png)): null

2018-12-13 01:18:00 - [TEST_STEP][PASSED] - Statement - counter = counter + 1: null

2018-12-13 01:18:00 - [TEST_STEP][PASSED] - Statement - PreSaveFile = new java.io.File(((pathPrefix + java.lang.Integer.toString(counter)) + .png)): null

2018-12-13 01:18:00 - [TEST_STEP][PASSED] - Statement - counter = counter + 1: null

2018-12-13 01:18:00 - [TEST_STEP][PASSED] - Statement - PreSaveFile = new java.io.File(((pathPrefix + java.lang.Integer.toString(counter)) + .png)): null

2018-12-13 01:18:00 - [TEST_STEP][PASSED] - Statement - counter = counter + 1: null

2018-12-13 01:18:00 - [TEST_STEP][PASSED] - Statement - PreSaveFile = new java.io.File(((pathPrefix + java.lang.Integer.toString(counter)) + .png)): null

2018-12-13 01:18:00 - [TEST_STEP][PASSED] - Statement - counter = counter + 1: null

2018-12-13 01:18:00 - [TEST_STEP][PASSED] - Statement - PreSaveFile = new java.io.File(((pathPrefix + java.lang.Integer.toString(counter)) + .png)): null

2018-12-13 01:18:00 - [TEST_STEP][PASSED] - Statement - counter = counter + 1: null

2018-12-13 01:18:00 - [TEST_STEP][PASSED] - Statement - PreSaveFile = new java.io.File(((pathPrefix + java.lang.Integer.toString(counter)) + .png)): null

2018-12-13 01:18:00 - [TEST_STEP][PASSED] - Statement - counter = counter + 1: null

2018-12-13 01:18:00 - [TEST_STEP][PASSED] - Statement - PreSaveFile = new java.io.File(((pathPrefix + java.lang.Integer.toString(counter)) + .png)): null

2018-12-13 01:18:00 - [TEST_STEP][PASSED] - Statement - counter = counter + 1: null

2018-12-13 01:18:00 - [TEST_STEP][PASSED] - Statement - PreSaveFile = new java.io.File(((pathPrefix + java.lang.Integer.toString(counter)) + .png)): null

2018-12-13 01:18:00 - [TEST_STEP][PASSED] - Statement - counter = counter + 1: null

2018-12-13 01:18:00 - [TEST_STEP][PASSED] - Statement - PreSaveFile = new java.io.File(((pathPrefix + java.lang.Integer.toString(counter)) + .png)): null

2018-12-13 01:18:00 - [TEST_STEP][PASSED] - Statement - counter = counter + 1: null

2018-12-13 01:18:00 - [TEST_STEP][PASSED] - Statement - PreSaveFile = new java.io.File(((pathPrefix + java.lang.Integer.toString(counter)) + .png)): null

2018-12-13 01:18:00 - [TEST_STEP][PASSED] - Statement - counter = counter + 1: null

2018-12-13 01:18:00 - [TEST_STEP][PASSED] - Statement - PreSaveFile = new java.io.File(((pathPrefix + java.lang.Integer.toString(counter)) + .png)): null

2018-12-13 01:18:00 - [TEST_STEP][PASSED] - Statement - counter = counter + 1: null

2018-12-13 01:18:00 - [TEST_STEP][PASSED] - Statement - PreSaveFile = new java.io.File(((pathPrefix + java.lang.Integer.toString(counter)) + .png)): null

2018-12-13 01:18:00 - [TEST_STEP][PASSED] - Statement - counter = counter + 1: null

2018-12-13 01:18:00 - [TEST_STEP][PASSED] - Statement - PreSaveFile = new java.io.File(((pathPrefix + java.lang.Integer.toString(counter)) + .png)): null

2018-12-13 01:18:00 - [TEST_STEP][PASSED] - Statement - counter = counter + 1: null

2018-12-13 01:18:00 - [TEST_STEP][PASSED] - Statement - PreSaveFile = new java.io.File(((pathPrefix + java.lang.Integer.toString(counter)) + .png)): null

2018-12-13 01:18:00 - [TEST_STEP][PASSED] - Statement - counter = counter + 1: null

2018-12-13 01:18:00 - [TEST_STEP][PASSED] - Statement - PreSaveFile = new java.io.File(((pathPrefix + java.lang.Integer.toString(counter)) + .png)): null

2018-12-13 01:18:00 - [TEST_STEP][PASSED] - Statement - counter = counter + 1: null

2018-12-13 01:18:00 - [TEST_STEP][PASSED] - Statement - PreSaveFile = new java.io.File(((pathPrefix + java.lang.Integer.toString(counter)) + .png)): null

2018-12-13 01:18:00 - [TEST_STEP][PASSED] - Statement - counter = counter + 1: null

2018-12-13 01:18:00 - [TEST_STEP][PASSED] - Statement - PreSaveFile = new java.io.File(((pathPrefix + java.lang.Integer.toString(counter)) + .png)): null

2018-12-13 01:18:00 - [TEST_STEP][PASSED] - Statement - counter = counter + 1: null

2018-12-13 01:18:00 - [TEST_STEP][PASSED] - Statement - PreSaveFile = new java.io.File(((pathPrefix + java.lang.Integer.toString(counter)) + .png)): null

2018-12-13 01:18:00 - [TEST_STEP][PASSED] - Statement - counter = counter + 1: null

2018-12-13 01:18:00 - [TEST_STEP][PASSED] - Statement - PreSaveFile = new java.io.File(((pathPrefix + java.lang.Integer.toString(counter)) + .png)): null

2018-12-13 01:18:00 - [TEST_STEP][PASSED] - Statement - counter = counter + 1: null

2018-12-13 01:18:00 - [TEST_STEP][PASSED] - Statement - PreSaveFile = new java.io.File(((pathPrefix + java.lang.Integer.toString(counter)) + .png)): null

2018-12-13 01:18:00 - [TEST_STEP][PASSED] - Statement - counter = counter + 1: null

2018-12-13 01:18:00 - [TEST_STEP][PASSED] - Statement - PreSaveFile = new java.io.File(((pathPrefix + java.lang.Integer.toString(counter)) + .png)): null

2018-12-13 01:18:00 - [TEST_STEP][PASSED] - Statement - counter = counter + 1: null

2018-12-13 01:18:00 - [TEST_STEP][PASSED] - Statement - PreSaveFile = new java.io.File(((pathPrefix + java.lang.Integer.toString(counter)) + .png)): null

2018-12-13 01:18:00 - [TEST_STEP][PASSED] - Statement - counter = counter + 1: null

2018-12-13 01:18:00 - [TEST_STEP][PASSED] - Statement - PreSaveFile = new java.io.File(((pathPrefix + java.lang.Integer.toString(counter)) + .png)): null

2018-12-13 01:18:00 - [TEST_STEP][PASSED] - Statement - counter = counter + 1: null

2018-12-13 01:18:00 - [TEST_STEP][PASSED] - Statement - PreSaveFile = new java.io.File(((pathPrefix + java.lang.Integer.toString(counter)) + .png)): null

2018-12-13 01:18:00 - [TEST_STEP][PASSED] - Statement - counter = counter + 1: null

2018-12-13 01:18:00 - [TEST_STEP][PASSED] - Statement - PreSaveFile = new java.io.File(((pathPrefix + java.lang.Integer.toString(counter)) + .png)): null

2018-12-13 01:18:00 - [TEST_STEP][PASSED] - Statement - counter = counter + 1: null

2018-12-13 01:18:00 - [TEST_STEP][PASSED] - Statement - PreSaveFile = new java.io.File(((pathPrefix + java.lang.Integer.toString(counter)) + .png)): null

2018-12-13 01:18:00 - [TEST_STEP][PASSED] - Statement - counter = counter + 1: null

2018-12-13 01:18:00 - [TEST_STEP][PASSED] - Statement - PreSaveFile = new java.io.File(((pathPrefix + java.lang.Integer.toString(counter)) + .png)): null

2018-12-13 01:18:00 - [TEST_STEP][PASSED] - Statement - counter = counter + 1: null

2018-12-13 01:18:00 - [TEST_STEP][PASSED] - Statement - PreSaveFile = new java.io.File(((pathPrefix + java.lang.Integer.toString(counter)) + .png)): null

2018-12-13 01:18:00 - [TEST_STEP][PASSED] - Statement - counter = counter + 1: null

2018-12-13 01:18:00 - [TEST_STEP][PASSED] - Statement - PreSaveFile = new java.io.File(((pathPrefix + java.lang.Integer.toString(counter)) + .png)): null

2018-12-13 01:18:00 - [TEST_STEP][PASSED] - Statement - counter = counter + 1: null

2018-12-13 01:18:00 - [TEST_STEP][PASSED] - Statement - PreSaveFile = new java.io.File(((pathPrefix + java.lang.Integer.toString(counter)) + .png)): null

2018-12-13 01:18:00 - [TEST_STEP][PASSED] - Statement - counter = counter + 1: null

2018-12-13 01:18:00 - [TEST_STEP][PASSED] - Statement - PreSaveFile = new java.io.File(((pathPrefix + java.lang.Integer.toString(counter)) + .png)): null

2018-12-13 01:18:00 - [TEST_STEP][PASSED] - Statement - counter = counter + 1: null

2018-12-13 01:18:00 - [TEST_STEP][PASSED] - Statement - PreSaveFile = new java.io.File(((pathPrefix + java.lang.Integer.toString(counter)) + .png)): null

2018-12-13 01:18:00 - [TEST_STEP][PASSED] - Statement - counter = counter + 1: null

2018-12-13 01:18:00 - [TEST_STEP][PASSED] - Statement - PreSaveFile = new java.io.File(((pathPrefix + java.lang.Integer.toString(counter)) + .png)): null

2018-12-13 01:18:00 - [TEST_STEP][PASSED] - Statement - counter = counter + 1: null

2018-12-13 01:18:00 - [TEST_STEP][PASSED] - Statement - PreSaveFile = new java.io.File(((pathPrefix + java.lang.Integer.toString(counter)) + .png)): null

2018-12-13 01:18:00 - [TEST_STEP][PASSED] - Statement - counter = counter + 1: null

2018-12-13 01:18:00 - [TEST_STEP][PASSED] - Statement - PreSaveFile = new java.io.File(((pathPrefix + java.lang.Integer.toString(counter)) + .png)): null

2018-12-13 01:18:00 - [TEST_STEP][PASSED] - Statement - counter = counter + 1: null

2018-12-13 01:18:00 - [TEST_STEP][PASSED] - Statement - PreSaveFile = new java.io.File(((pathPrefix + java.lang.Integer.toString(counter)) + .png)): null

2018-12-13 01:18:00 - [TEST_STEP][PASSED] - Statement - counter = counter + 1: null

2018-12-13 01:18:00 - [TEST_STEP][PASSED] - Statement - PreSaveFile = new java.io.File(((pathPrefix + java.lang.Integer.toString(counter)) + .png)): null

2018-12-13 01:18:00 - [TEST_STEP][PASSED] - Statement - counter = counter + 1: null

2018-12-13 01:18:00 - [TEST_STEP][PASSED] - Statement - PreSaveFile = new java.io.File(((pathPrefix + java.lang.Integer.toString(counter)) + .png)): null

2018-12-13 01:18:00 - [TEST_STEP][PASSED] - Statement - counter = counter + 1: null

2018-12-13 01:18:00 - [TEST_STEP][PASSED] - Statement - PreSaveFile = new java.io.File(((pathPrefix + java.lang.Integer.toString(counter)) + .png)): null

2018-12-13 01:18:00 - [TEST_STEP][PASSED] - Statement - counter = counter + 1: null

2018-12-13 01:18:00 - [TEST_STEP][PASSED] - Statement - PreSaveFile = new java.io.File(((pathPrefix + java.lang.Integer.toString(counter)) + .png)): null

2018-12-13 01:18:00 - [TEST_STEP][PASSED] - Statement - counter = counter + 1: null

2018-12-13 01:18:00 - [TEST_STEP][PASSED] - Statement - PreSaveFile = new java.io.File(((pathPrefix + java.lang.Integer.toString(counter)) + .png)): null

2018-12-13 01:18:00 - [TEST_STEP][PASSED] - Statement - counter = counter + 1: null

2018-12-13 01:18:00 - [TEST_STEP][PASSED] - Statement - PreSaveFile = new java.io.File(((pathPrefix + java.lang.Integer.toString(counter)) + .png)): null

2018-12-13 01:18:00 - [TEST_STEP][PASSED] - Statement - counter = counter + 1: null

2018-12-13 01:18:00 - [TEST_STEP][PASSED] - Statement - PreSaveFile = new java.io.File(((pathPrefix + java.lang.Integer.toString(counter)) + .png)): null

2018-12-13 01:18:00 - [TEST_STEP][PASSED] - Statement - counter = counter + 1: null

2018-12-13 01:18:00 - [TEST_STEP][PASSED] - Statement - PreSaveFile = new java.io.File(((pathPrefix + java.lang.Integer.toString(counter)) + .png)): null

2018-12-13 01:18:00 - [TEST_STEP][PASSED] - Statement - counter = counter + 1: null

2018-12-13 01:18:00 - [TEST_STEP][PASSED] - Statement - PreSaveFile = new java.io.File(((pathPrefix + java.lang.Integer.toString(counter)) + .png)): null

2018-12-13 01:18:00 - [TEST_STEP][PASSED] - Statement - counter = counter + 1: null

2018-12-13 01:18:00 - [TEST_STEP][PASSED] - Statement - PreSaveFile = new java.io.File(((pathPrefix + java.lang.Integer.toString(counter)) + .png)): null

2018-12-13 01:18:00 - [TEST_STEP][PASSED] - Statement - counter = counter + 1: null

2018-12-13 01:18:00 - [TEST_STEP][PASSED] - Statement - PreSaveFile = new java.io.File(((pathPrefix + java.lang.Integer.toString(counter)) + .png)): null

2018-12-13 01:18:00 - [TEST_STEP][PASSED] - Statement - counter = counter + 1: null

2018-12-13 01:18:00 - [TEST_STEP][PASSED] - Statement - PreSaveFile = new java.io.File(((pathPrefix + java.lang.Integer.toString(counter)) + .png)): null

2018-12-13 01:18:00 - [TEST_STEP][PASSED] - Statement - counter = counter + 1: null

2018-12-13 01:18:00 - [TEST_STEP][PASSED] - Statement - PreSaveFile = new java.io.File(((pathPrefix + java.lang.Integer.toString(counter)) + .png)): null

2018-12-13 01:18:00 - [TEST_STEP][PASSED] - Statement - counter = counter + 1: null

2018-12-13 01:18:00 - [TEST_STEP][PASSED] - Statement - PreSaveFile = new java.io.File(((pathPrefix + java.lang.Integer.toString(counter)) + .png)): null

2018-12-13 01:18:00 - [TEST_STEP][PASSED] - Statement - counter = counter + 1: null

2018-12-13 01:18:00 - [TEST_STEP][PASSED] - Statement - PreSaveFile = new java.io.File(((pathPrefix + java.lang.Integer.toString(counter)) + .png)): null

2018-12-13 01:18:00 - [TEST_STEP][PASSED] - Statement - counter = counter + 1: null

2018-12-13 01:18:00 - [TEST_STEP][PASSED] - Statement - PreSaveFile = new java.io.File(((pathPrefix + java.lang.Integer.toString(counter)) + .png)): null

2018-12-13 01:18:00 - [TEST_STEP][PASSED] - Statement - counter = counter + 1: null

2018-12-13 01:18:00 - [TEST_STEP][PASSED] - Statement - PreSaveFile = new java.io.File(((pathPrefix + java.lang.Integer.toString(counter)) + .png)): null

2018-12-13 01:18:00 - [TEST_STEP][PASSED] - Statement - counter = counter + 1: null

2018-12-13 01:18:00 - [TEST_STEP][PASSED] - Statement - PreSaveFile = new java.io.File(((pathPrefix + java.lang.Integer.toString(counter)) + .png)): null

2018-12-13 01:18:00 - [TEST_STEP][PASSED] - Statement - counter = counter + 1: null

2018-12-13 01:18:00 - [TEST_STEP][PASSED] - Statement - PreSaveFile = new java.io.File(((pathPrefix + java.lang.Integer.toString(counter)) + .png)): null

2018-12-13 01:18:00 - [TEST_STEP][PASSED] - Statement - counter = counter + 1: null

2018-12-13 01:18:00 - [TEST_STEP][PASSED] - Statement - PreSaveFile = new java.io.File(((pathPrefix + java.lang.Integer.toString(counter)) + .png)): null

2018-12-13 01:18:00 - [TEST_STEP][PASSED] - Statement - counter = counter + 1: null

2018-12-13 01:18:00 - [TEST_STEP][PASSED] - Statement - PreSaveFile = new java.io.File(((pathPrefix + java.lang.Integer.toString(counter)) + .png)): null

2018-12-13 01:18:00 - [TEST_STEP][PASSED] - Statement - counter = counter + 1: null

2018-12-13 01:18:00 - [TEST_STEP][PASSED] - Statement - PreSaveFile = new java.io.File(((pathPrefix + java.lang.Integer.toString(counter)) + .png)): null

2018-12-13 01:18:00 - [TEST_STEP][PASSED] - Statement - counter = counter + 1: null

2018-12-13 01:18:00 - [TEST_STEP][PASSED] - Statement - PreSaveFile = new java.io.File(((pathPrefix + java.lang.Integer.toString(counter)) + .png)): null

2018-12-13 01:18:00 - [TEST_STEP][PASSED] - Statement - counter = counter + 1: null

2018-12-13 01:18:00 - [TEST_STEP][PASSED] - Statement - PreSaveFile = new java.io.File(((pathPrefix + java.lang.Integer.toString(counter)) + .png)): null

2018-12-13 01:18:00 - [TEST_STEP][PASSED] - Statement - counter = counter + 1: null

2018-12-13 01:18:00 - [TEST_STEP][PASSED] - Statement - PreSaveFile = new java.io.File(((pathPrefix + java.lang.Integer.toString(counter)) + .png)): null

2018-12-13 01:18:00 - [TEST_STEP][PASSED] - Statement - counter = counter + 1: null

2018-12-13 01:18:00 - [TEST_STEP][PASSED] - Statement - PreSaveFile = new java.io.File(((pathPrefix + java.lang.Integer.toString(counter)) + .png)): null

2018-12-13 01:18:00 - [TEST_STEP][PASSED] - Statement - counter = counter + 1: null

2018-12-13 01:18:00 - [TEST_STEP][PASSED] - Statement - PreSaveFile = new java.io.File(((pathPrefix + java.lang.Integer.toString(counter)) + .png)): null

2018-12-13 01:18:00 - [TEST_STEP][PASSED] - Statement - counter = counter + 1: null

2018-12-13 01:18:00 - [TEST_STEP][PASSED] - Statement - PreSaveFile = new java.io.File(((pathPrefix + java.lang.Integer.toString(counter)) + .png)): null

2018-12-13 01:18:00 - [TEST_STEP][PASSED] - Statement - counter = counter + 1: null

2018-12-13 01:18:00 - [TEST_STEP][PASSED] - Statement - PreSaveFile = new java.io.File(((pathPrefix + java.lang.Integer.toString(counter)) + .png)): null

2018-12-13 01:18:00 - [TEST_STEP][PASSED] - Statement - counter = counter + 1: null

2018-12-13 01:18:00 - [TEST_STEP][PASSED] - Statement - PreSaveFile = new java.io.File(((pathPrefix + java.lang.Integer.toString(counter)) + .png)): null

2018-12-13 01:18:00 - [TEST_STEP][PASSED] - Statement - counter = counter + 1: null

2018-12-13 01:18:00 - [TEST_STEP][PASSED] - Statement - PreSaveFile = new java.io.File(((pathPrefix + java.lang.Integer.toString(counter)) + .png)): null

2018-12-13 01:18:00 - [TEST_STEP][PASSED] - Statement - counter = counter + 1: null

2018-12-13 01:18:00 - [TEST_STEP][PASSED] - Statement - PreSaveFile = new java.io.File(((pathPrefix + java.lang.Integer.toString(counter)) + .png)): null

2018-12-13 01:18:00 - [TEST_STEP][PASSED] - Statement - counter = counter + 1: null

2018-12-13 01:18:00 - [TEST_STEP][PASSED] - Statement - PreSaveFile = new java.io.File(((pathPrefix + java.lang.Integer.toString(counter)) + .png)): null

2018-12-13 01:18:00 - [TEST_STEP][PASSED] - Statement - counter = counter + 1: null

2018-12-13 01:18:00 - [TEST_STEP][PASSED] - Statement - PreSaveFile = new java.io.File(((pathPrefix + java.lang.Integer.toString(counter)) + .png)): null

2018-12-13 01:18:00 - [TEST_STEP][PASSED] - Statement - counter = counter + 1: null

2018-12-13 01:18:00 - [TEST_STEP][PASSED] - Statement - PreSaveFile = new java.io.File(((pathPrefix + java.lang.Integer.toString(counter)) + .png)): null

2018-12-13 01:18:00 - [TEST_STEP][PASSED] - Statement - counter = counter + 1: null

2018-12-13 01:18:00 - [TEST_STEP][PASSED] - Statement - PreSaveFile = new java.io.File(((pathPrefix + java.lang.Integer.toString(counter)) + .png)): null

2018-12-13 01:18:00 - [TEST_STEP][PASSED] - Statement - counter = counter + 1: null

2018-12-13 01:18:00 - [TEST_STEP][PASSED] - Statement - PreSaveFile = new java.io.File(((pathPrefix + java.lang.Integer.toString(counter)) + .png)): null

2018-12-13 01:18:00 - [TEST_STEP][PASSED] - Statement - counter = counter + 1: null

2018-12-13 01:18:00 - [TEST_STEP][PASSED] - Statement - PreSaveFile = new java.io.File(((pathPrefix + java.lang.Integer.toString(counter)) + .png)): null

2018-12-13 01:18:00 - [TEST_STEP][PASSED] - Statement - counter = counter + 1: null

2018-12-13 01:18:00 - [TEST_STEP][PASSED] - Statement - PreSaveFile = new java.io.File(((pathPrefix + java.lang.Integer.toString(counter)) + .png)): null

2018-12-13 01:18:00 - [TEST_STEP][PASSED] - Statement - counter = counter + 1: null

2018-12-13 01:18:00 - [TEST_STEP][PASSED] - Statement - PreSaveFile = new java.io.File(((pathPrefix + java.lang.Integer.toString(counter)) + .png)): null

2018-12-13 01:18:00 - [TEST_STEP][PASSED] - Statement - counter = counter + 1: null

2018-12-13 01:18:00 - [TEST_STEP][PASSED] - Statement - PreSaveFile = new java.io.File(((pathPrefix + java.lang.Integer.toString(counter)) + .png)): null

2018-12-13 01:18:00 - [TEST_STEP][PASSED] - Statement - counter = counter + 1: null

2018-12-13 01:18:00 - [TEST_STEP][PASSED] - Statement - PreSaveFile = new java.io.File(((pathPrefix + java.lang.Integer.toString(counter)) + .png)): null

2018-12-13 01:18:00 - [TEST_STEP][PASSED] - Statement - counter = counter + 1: null

2018-12-13 01:18:00 - [TEST_STEP][PASSED] - Statement - PreSaveFile = new java.io.File(((pathPrefix + java.lang.Integer.toString(counter)) + .png)): null

2018-12-13 01:18:00 - [TEST_STEP][PASSED] - Statement - counter = counter + 1: null

2018-12-13 01:18:00 - [TEST_STEP][PASSED] - Statement - PreSaveFile = new java.io.File(((pathPrefix + java.lang.Integer.toString(counter)) + .png)): null

2018-12-13 01:18:00 - [TEST_STEP][PASSED] - Statement - counter = counter + 1: null

2018-12-13 01:18:00 - [TEST_STEP][PASSED] - Statement - PreSaveFile = new java.io.File(((pathPrefix + java.lang.Integer.toString(counter)) + .png)): null

2018-12-13 01:18:00 - [TEST_STEP][PASSED] - Statement - counter = counter + 1: null

2018-12-13 01:18:00 - [TEST_STEP][PASSED] - Statement - PreSaveFile = new java.io.File(((pathPrefix + java.lang.Integer.toString(counter)) + .png)): null

2018-12-13 01:18:00 - [TEST_STEP][PASSED] - Statement - counter = counter + 1: null

2018-12-13 01:18:00 - [TEST_STEP][PASSED] - Statement - PreSaveFile = new java.io.File(((pathPrefix + java.lang.Integer.toString(counter)) + .png)): null

2018-12-13 01:18:00 - [TEST_STEP][PASSED] - Statement - counter = counter + 1: null

2018-12-13 01:18:00 - [TEST_STEP][PASSED] - Statement - PreSaveFile = new java.io.File(((pathPrefix + java.lang.Integer.toString(counter)) + .png)): null

2018-12-13 01:18:00 - [TEST_STEP][PASSED] - Statement - counter = counter + 1: null

2018-12-13 01:18:00 - [TEST_STEP][PASSED] - Statement - PreSaveFile = new java.io.File(((pathPrefix + java.lang.Integer.toString(counter)) + .png)): null

2018-12-13 01:18:00 - [TEST_STEP][PASSED] - Statement - counter = counter + 1: null

2018-12-13 01:18:00 - [TEST_STEP][PASSED] - Statement - PreSaveFile = new java.io.File(((pathPrefix + java.lang.Integer.toString(counter)) + .png)): null

2018-12-13 01:18:00 - [TEST_STEP][PASSED] - Statement - counter = counter + 1: null

2018-12-13 01:18:00 - [TEST_STEP][PASSED] - Statement - PreSaveFile = new java.io.File(((pathPrefix + java.lang.Integer.toString(counter)) + .png)): null

2018-12-13 01:18:00 - [TEST_STEP][PASSED] - Statement - counter = counter + 1: null

2018-12-13 01:18:00 - [TEST_STEP][PASSED] - Statement - PreSaveFile = new java.io.File(((pathPrefix + java.lang.Integer.toString(counter)) + .png)): null

2018-12-13 01:18:00 - [TEST_STEP][PASSED] - Statement - counter = counter + 1: null

2018-12-13 01:18:00 - [TEST_STEP][PASSED] - Statement - PreSaveFile = new java.io.File(((pathPrefix + java.lang.Integer.toString(counter)) + .png)): null

2018-12-13 01:18:00 - [TEST_STEP][PASSED] - Statement - counter = counter + 1: null

2018-12-13 01:18:00 - [TEST_STEP][PASSED] - Statement - PreSaveFile = new java.io.File(((pathPrefix + java.lang.Integer.toString(counter)) + .png)): null

2018-12-13 01:18:00 - [TEST_STEP][PASSED] - Statement - counter = counter + 1: null

2018-12-13 01:18:00 - [TEST_STEP][PASSED] - Statement - PreSaveFile = new java.io.File(((pathPrefix + java.lang.Integer.toString(counter)) + .png)): null

2018-12-13 01:18:00 - [TEST_STEP][PASSED] - Statement - counter = counter + 1: null

2018-12-13 01:18:00 - [TEST_STEP][PASSED] - Statement - PreSaveFile = new java.io.File(((pathPrefix + java.lang.Integer.toString(counter)) + .png)): null

2018-12-13 01:18:00 - [TEST_STEP][PASSED] - Statement - counter = counter + 1: null

2018-12-13 01:18:00 - [TEST_STEP][PASSED] - Statement - PreSaveFile = new java.io.File(((pathPrefix + java.lang.Integer.toString(counter)) + .png)): null

2018-12-13 01:18:00 - [TEST_STEP][PASSED] - Statement - counter = counter + 1: null

2018-12-13 01:18:00 - [TEST_STEP][PASSED] - Statement - PreSaveFile = new java.io.File(((pathPrefix + java.lang.Integer.toString(counter)) + .png)): null

2018-12-13 01:18:00 - [TEST_STEP][PASSED] - Statement - counter = counter + 1: null

2018-12-13 01:18:00 - [TEST_STEP][PASSED] - Statement - PreSaveFile = new java.io.File(((pathPrefix + java.lang.Integer.toString(counter)) + .png)): null

2018-12-13 01:18:00 - [TEST_STEP][PASSED] - Statement - counter = counter + 1: null

2018-12-13 01:18:00 - [TEST_STEP][PASSED] - Statement - PreSaveFile = new java.io.File(((pathPrefix + java.lang.Integer.toString(counter)) + .png)): null

2018-12-13 01:18:00 - [TEST_STEP][PASSED] - Statement - counter = counter + 1: null

2018-12-13 01:18:00 - [TEST_STEP][PASSED] - Statement - PreSaveFile = new java.io.File(((pathPrefix + java.lang.Integer.toString(counter)) + .png)): null

2018-12-13 01:18:00 - [TEST_STEP][PASSED] - Statement - counter = counter + 1: null

2018-12-13 01:18:00 - [TEST_STEP][PASSED] - Statement - PreSaveFile = new java.io.File(((pathPrefix + java.lang.Integer.toString(counter)) + .png)): null

2018-12-13 01:18:00 - [TEST_STEP][PASSED] - Statement - counter = counter + 1: null

2018-12-13 01:18:00 - [TEST_STEP][PASSED] - Statement - PreSaveFile = new java.io.File(((pathPrefix + java.lang.Integer.toString(counter)) + .png)): null

2018-12-13 01:18:00 - [TEST_STEP][PASSED] - Statement - counter = counter + 1: null

2018-12-13 01:18:00 - [TEST_STEP][PASSED] - Statement - PreSaveFile = new java.io.File(((pathPrefix + java.lang.Integer.toString(counter)) + .png)): null

2018-12-13 01:18:00 - [TEST_STEP][PASSED] - Statement - counter = counter + 1: null

2018-12-13 01:18:00 - [TEST_STEP][PASSED] - Statement - PreSaveFile = new java.io.File(((pathPrefix + java.lang.Integer.toString(counter)) + .png)): null

2018-12-13 01:18:00 - [TEST_STEP][PASSED] - Statement - counter = counter + 1: null

2018-12-13 01:18:00 - [TEST_STEP][PASSED] - Statement - PreSaveFile = new java.io.File(((pathPrefix + java.lang.Integer.toString(counter)) + .png)): null

2018-12-13 01:18:00 - [TEST_STEP][PASSED] - Statement - counter = counter + 1: null

2018-12-13 01:18:00 - [TEST_STEP][PASSED] - Statement - PreSaveFile = new java.io.File(((pathPrefix + java.lang.Integer.toString(counter)) + .png)): null

2018-12-13 01:18:00 - [TEST_STEP][PASSED] - Statement - counter = counter + 1: null

2018-12-13 01:18:00 - [TEST_STEP][PASSED] - Statement - PreSaveFile = new java.io.File(((pathPrefix + java.lang.Integer.toString(counter)) + .png)): null

2018-12-13 01:18:00 - [TEST_STEP][PASSED] - Statement - counter = counter + 1: null

2018-12-13 01:18:00 - [TEST_STEP][PASSED] - Statement - PreSaveFile = new java.io.File(((pathPrefix + java.lang.Integer.toString(counter)) + .png)): null

2018-12-13 01:18:00 - [TEST_STEP][PASSED] - Statement - counter = counter + 1: null

2018-12-13 01:18:00 - [TEST_STEP][PASSED] - Statement - PreSaveFile = new java.io.File(((pathPrefix + java.lang.Integer.toString(counter)) + .png)): null

2018-12-13 01:18:00 - [TEST_STEP][PASSED] - Statement - counter = counter + 1: null

2018-12-13 01:18:00 - [TEST_STEP][PASSED] - Statement - PreSaveFile = new java.io.File(((pathPrefix + java.lang.Integer.toString(counter)) + .png)): null

2018-12-13 01:18:00 - [TEST_STEP][PASSED] - Statement - counter = counter + 1: null

2018-12-13 01:18:00 - [TEST_STEP][PASSED] - Statement - PreSaveFile = new java.io.File(((pathPrefix + java.lang.Integer.toString(counter)) + .png)): null

2018-12-13 01:18:00 - [TEST_STEP][PASSED] - Statement - counter = counter + 1: null

2018-12-13 01:18:00 - [TEST_STEP][PASSED] - Statement - PreSaveFile = new java.io.File(((pathPrefix + java.lang.Integer.toString(counter)) + .png)): null

2018-12-13 01:18:00 - [TEST_STEP][PASSED] - Statement - counter = counter + 1: null

2018-12-13 01:18:00 - [TEST_STEP][PASSED] - Statement - PreSaveFile = new java.io.File(((pathPrefix + java.lang.Integer.toString(counter)) + .png)): null

2018-12-13 01:18:00 - [TEST_STEP][PASSED] - Statement - counter = counter + 1: null

2018-12-13 01:18:00 - [TEST_STEP][PASSED] - Statement - PreSaveFile = new java.io.File(((pathPrefix + java.lang.Integer.toString(counter)) + .png)): null

2018-12-13 01:18:00 - [TEST_STEP][PASSED] - Statement - counter = counter + 1: null

2018-12-13 01:18:00 - [TEST_STEP][PASSED] - Statement - PreSaveFile = new java.io.File(((pathPrefix + java.lang.Integer.toString(counter)) + .png)): null

2018-12-13 01:18:00 - [TEST_STEP][PASSED] - Statement - counter = counter + 1: null

2018-12-13 01:18:00 - [TEST_STEP][PASSED] - Statement - PreSaveFile = new java.io.File(((pathPrefix + java.lang.Integer.toString(counter)) + .png)): null

2018-12-13 01:18:00 - [TEST_STEP][PASSED] - Statement - counter = counter + 1: null

2018-12-13 01:18:00 - [TEST_STEP][PASSED] - Statement - PreSaveFile = new java.io.File(((pathPrefix + java.lang.Integer.toString(counter)) + .png)): null

2018-12-13 01:18:00 - [TEST_STEP][PASSED] - Statement - counter = counter + 1: null

2018-12-13 01:18:00 - [TEST_STEP][PASSED] - Statement - PreSaveFile = new java.io.File(((pathPrefix + java.lang.Integer.toString(counter)) + .png)): null

2018-12-13 01:18:00 - [TEST_STEP][PASSED] - Statement - counter = counter + 1: null

2018-12-13 01:18:00 - [TEST_STEP][PASSED] - Statement - PreSaveFile = new java.io.File(((pathPrefix + java.lang.Integer.toString(counter)) + .png)): null

2018-12-13 01:18:00 - [TEST_STEP][PASSED] - Statement - counter = counter + 1: null

2018-12-13 01:18:00 - [TEST_STEP][PASSED] - Statement - PreSaveFile = new java.io.File(((pathPrefix + java.lang.Integer.toString(counter)) + .png)): null

2018-12-13 01:18:00 - [TEST_STEP][PASSED] - Statement - counter = counter + 1: null

2018-12-13 01:18:00 - [TEST_STEP][PASSED] - Statement - PreSaveFile = new java.io.File(((pathPrefix + java.lang.Integer.toString(counter)) + .png)): null

2018-12-13 01:18:00 - [TEST_STEP][PASSED] - Statement - counter = counter + 1: null

2018-12-13 01:18:00 - [TEST_STEP][PASSED] - Statement - PreSaveFile = new java.io.File(((pathPrefix + java.lang.Integer.toString(counter)) + .png)): null

2018-12-13 01:18:00 - [TEST_STEP][PASSED] - Statement - counter = counter + 1: null

2018-12-13 01:18:00 - [TEST_STEP][PASSED] - Statement - PreSaveFile = new java.io.File(((pathPrefix + java.lang.Integer.toString(counter)) + .png)): null

2018-12-13 01:18:00 - [TEST_STEP][PASSED] - Statement - counter = counter + 1: null

2018-12-13 01:18:00 - [TEST_STEP][PASSED] - Statement - PreSaveFile = new java.io.File(((pathPrefix + java.lang.Integer.toString(counter)) + .png)): null

2018-12-13 01:18:00 - [TEST_STEP][PASSED] - Statement - counter = counter + 1: null

2018-12-13 01:18:00 - [TEST_STEP][PASSED] - Statement - PreSaveFile = new java.io.File(((pathPrefix + java.lang.Integer.toString(counter)) + .png)): null

2018-12-13 01:18:00 - [TEST_STEP][PASSED] - Statement - counter = counter + 1: null

2018-12-13 01:18:00 - [TEST_STEP][PASSED] - Statement - PreSaveFile = new java.io.File(((pathPrefix + java.lang.Integer.toString(counter)) + .png)): null

2018-12-13 01:18:00 - [TEST_STEP][PASSED] - Statement - counter = counter + 1: null

2018-12-13 01:18:00 - [TEST_STEP][PASSED] - Statement - PreSaveFile = new java.io.File(((pathPrefix + java.lang.Integer.toString(counter)) + .png)): null

2018-12-13 01:18:00 - [TEST_STEP][PASSED] - Statement - counter = counter + 1: null

2018-12-13 01:18:00 - [TEST_STEP][PASSED] - Statement - PreSaveFile = new java.io.File(((pathPrefix + java.lang.Integer.toString(counter)) + .png)): null

2018-12-13 01:18:00 - [TEST_STEP][PASSED] - Statement - counter = counter + 1: null

2018-12-13 01:18:00 - [TEST_STEP][PASSED] - Statement - PreSaveFile = new java.io.File(((pathPrefix + java.lang.Integer.toString(counter)) + .png)): null

2018-12-13 01:18:00 - [TEST_STEP][PASSED] - Statement - counter = counter + 1: null

2018-12-13 01:18:00 - [TEST_STEP][PASSED] - Statement - PreSaveFile = new java.io.File(((pathPrefix + java.lang.Integer.toString(counter)) + .png)): null

2018-12-13 01:18:00 - [TEST_STEP][PASSED] - Statement - counter = counter + 1: null

2018-12-13 01:18:00 - [TEST_STEP][PASSED] - Statement - PreSaveFile = new java.io.File(((pathPrefix + java.lang.Integer.toString(counter)) + .png)): null

2018-12-13 01:18:00 - [TEST_STEP][PASSED] - Statement - counter = counter + 1: null

2018-12-13 01:18:00 - [TEST_STEP][PASSED] - Statement - PreSaveFile = new java.io.File(((pathPrefix + java.lang.Integer.toString(counter)) + .png)): null

2018-12-13 01:18:00 - [TEST_STEP][PASSED] - Statement - counter = counter + 1: null

2018-12-13 01:18:00 - [TEST_STEP][PASSED] - Statement - PreSaveFile = new java.io.File(((pathPrefix + java.lang.Integer.toString(counter)) + .png)): null

2018-12-13 01:18:00 - [TEST_STEP][PASSED] - Statement - counter = counter + 1: null

2018-12-13 01:18:00 - [TEST_STEP][PASSED] - Statement - PreSaveFile = new java.io.File(((pathPrefix + java.lang.Integer.toString(counter)) + .png)): null

2018-12-13 01:18:00 - [TEST_STEP][PASSED] - Statement - counter = counter + 1: null

2018-12-13 01:18:00 - [TEST_STEP][PASSED] - Statement - PreSaveFile = new java.io.File(((pathPrefix + java.lang.Integer.toString(counter)) + .png)): null

2018-12-13 01:18:00 - [TEST_STEP][PASSED] - Statement - counter = counter + 1: null

2018-12-13 01:18:00 - [TEST_STEP][PASSED] - Statement - PreSaveFile = new java.io.File(((pathPrefix + java.lang.Integer.toString(counter)) + .png)): null

2018-12-13 01:18:00 - [TEST_STEP][PASSED] - Statement - counter = counter + 1: null

2018-12-13 01:18:00 - [TEST_STEP][PASSED] - Statement - PreSaveFile = new java.io.File(((pathPrefix + java.lang.Integer.toString(counter)) + .png)): null

2018-12-13 01:18:00 - [TEST_STEP][PASSED] - Statement - counter = counter + 1: null

2018-12-13 01:18:00 - [TEST_STEP][PASSED] - Statement - PreSaveFile = new java.io.File(((pathPrefix + java.lang.Integer.toString(counter)) + .png)): null

2018-12-13 01:18:00 - [TEST_STEP][PASSED] - Statement - counter = counter + 1: null

2018-12-13 01:18:00 - [TEST_STEP][PASSED] - Statement - PreSaveFile = new java.io.File(((pathPrefix + java.lang.Integer.toString(counter)) + .png)): null

2018-12-13 01:18:00 - [TEST_STEP][PASSED] - Statement - counter = counter + 1: null

2018-12-13 01:18:00 - [TEST_STEP][PASSED] - Statement - PreSaveFile = new java.io.File(((pathPrefix + java.lang.Integer.toString(counter)) + .png)): null

2018-12-13 01:18:00 - [TEST_STEP][PASSED] - Statement - counter = counter + 1: null

2018-12-13 01:18:00 - [TEST_STEP][PASSED] - Statement - PreSaveFile = new java.io.File(((pathPrefix + java.lang.Integer.toString(counter)) + .png)): null

2018-12-13 01:18:00 - [TEST_STEP][PASSED] - Statement - counter = counter + 1: null

2018-12-13 01:18:00 - [TEST_STEP][PASSED] - Statement - PreSaveFile = new java.io.File(((pathPrefix + java.lang.Integer.toString(counter)) + .png)): null

2018-12-13 01:18:00 - [TEST_STEP][PASSED] - Statement - counter = counter + 1: null

2018-12-13 01:18:00 - [TEST_STEP][PASSED] - Statement - PreSaveFile = new java.io.File(((pathPrefix + java.lang.Integer.toString(counter)) + .png)): null

2018-12-13 01:18:00 - [TEST_STEP][PASSED] - Statement - counter = counter + 1: null

2018-12-13 01:18:00 - [TEST_STEP][PASSED] - Statement - PreSaveFile = new java.io.File(((pathPrefix + java.lang.Integer.toString(counter)) + .png)): null

2018-12-13 01:18:00 - [TEST_STEP][PASSED] - Statement - counter = counter + 1: null

2018-12-13 01:18:00 - [TEST_STEP][PASSED] - Statement - PreSaveFile = new java.io.File(((pathPrefix + java.lang.Integer.toString(counter)) + .png)): null

2018-12-13 01:18:00 - [TEST_STEP][PASSED] - Statement - counter = counter + 1: null

2018-12-13 01:18:00 - [TEST_STEP][PASSED] - Statement - PreSaveFile = new java.io.File(((pathPrefix + java.lang.Integer.toString(counter)) + .png)): null

2018-12-13 01:18:00 - [TEST_STEP][PASSED] - Statement - counter = counter + 1: null

2018-12-13 01:18:00 - [TEST_STEP][PASSED] - Statement - PreSaveFile = new java.io.File(((pathPrefix + java.lang.Integer.toString(counter)) + .png)): null

2018-12-13 01:18:00 - [TEST_STEP][PASSED] - Statement - counter = counter + 1: null

2018-12-13 01:18:00 - [TEST_STEP][PASSED] - Statement - PreSaveFile = new java.io.File(((pathPrefix + java.lang.Integer.toString(counter)) + .png)): null

2018-12-13 01:18:00 - [TEST_STEP][PASSED] - Statement - counter = counter + 1: null

2018-12-13 01:18:00 - [TEST_STEP][PASSED] - Statement - PreSaveFile = new java.io.File(((pathPrefix + java.lang.Integer.toString(counter)) + .png)): null

2018-12-13 01:18:00 - [TEST_STEP][PASSED] - Statement - counter = counter + 1: null

2018-12-13 01:18:00 - [TEST_STEP][PASSED] - Statement - PreSaveFile = new java.io.File(((pathPrefix + java.lang.Integer.toString(counter)) + .png)): null

2018-12-13 01:18:00 - [TEST_STEP][PASSED] - Statement - finalPath = pathPrefix + java.lang.Integer.toString(counter) + ".png": null

2018-12-13 01:18:00 - [TEST_STEP][PASSED] - Statement - SaveFile = new java.io.File(finalPath): null

2018-12-13 01:18:00 - [TEST_STEP][PASSED] - Statement - Try: null

2018-12-13 01:18:00 - [TEST_STEP][PASSED] - Statement - org.apache.commons.io.FileUtils.copyFile(scrFile, SaveFile): null

2018-12-13 01:18:00 - [TEST_STEP][PASSED] - Statement - out.println("file kept"): null

2018-12-13 01:18:00 - [TEST_STEP][PASSED] - delay: Delayed 10 second(s)

2018-12-13 01:18:10 - [MESSAGE][PASSED] - Delayed 10 second(s)

2018-12-13 01:18:10 - [MESSAGE][PASSED] - Call Test Case 'Test Cases/Final Aug 2018 - PKS Automation/Registration Module/New Registration/Submit and Screenshot/Submit Registration and Screenshot' successfully]]></system-out>
         <system-err><![CDATA[2018-12-13 01:08:23 - [TEST_CASE][FAILED] - Test Cases/Final Aug 2018 - PKS Automation/Registration Module/Workflow/New Registration/Employer to RO - RO Submit: Test Cases/Final Aug 2018 - PKS Automation/Registration Module/Workflow/New Registration/Employer to RO - RO Submit FAILED because (of) (Stack trace: com.kms.katalon.core.exception.StepFailedException: Unable to set text 'CRN12201800123256' of object 'Object Repository/Final Object Repo/New Registration - Registration Module Pages/New Reg - OTC to RO/Special Case - All Related Objects/TextBox RefNo in Workbasket' (Root cause: org.openqa.selenium.ElementNotVisibleException: element not interactable
  (Session info: chrome=70.0.3538.110)
  (Driver info: chromedriver=2.43.600210 (68dcf5eebde37173d4027fa8635e332711d2874a),platform=Windows NT 6.1.7601 SP1 x86_64) (WARNING: The server did not provide any stacktrace information)
Command duration or timeout: 0 milliseconds
Build info: version: '3.7.1', revision: '8a0099a', time: '2017-11-06T21:07:36.161Z'
System info: host: 'WIN7TEST02', ip: '10.20.3.72', os.name: 'Windows 7', os.arch: 'amd64', os.version: '6.1', java.version: '1.8.0_181'
Driver info: com.kms.katalon.selenium.driver.CChromeDriver
Capabilities {acceptInsecureCerts: false, acceptSslCerts: false, applicationCacheEnabled: false, browserConnectionEnabled: false, browserName: chrome, chrome: {chromedriverVersion: 2.43.600210 (68dcf5eebde371..., userDataDir: C:\Users\Admin\AppData\Loca...}, cssSelectorsEnabled: true, databaseEnabled: false, goog:chromeOptions: {debuggerAddress: localhost:60210}, handlesAlerts: true, hasTouchScreen: false, javascriptEnabled: true, locationContextEnabled: true, mobileEmulationEnabled: false, nativeEvents: true, networkConnectionEnabled: false, pageLoadStrategy: normal, platform: XP, platformName: XP, rotatable: false, setWindowRect: true, takesHeapSnapshot: true, takesScreenshot: true, unexpectedAlertBehaviour: , unhandledPromptBehavior: , version: 70.0.3538.110, webStorageEnabled: true}
Session ID: 32a1b0b67c5c2b9c5c32f7d4ba2930fd)
	at com.kms.katalon.core.keyword.internal.KeywordMain.stepFailed(KeywordMain.groovy:32)
	at com.kms.katalon.core.webui.keyword.internal.WebUIKeywordMain.stepFailed(WebUIKeywordMain.groovy:65)
	at com.kms.katalon.core.webui.keyword.internal.WebUIKeywordMain.runKeyword(WebUIKeywordMain.groovy:27)
	at com.kms.katalon.core.webui.keyword.builtin.SetTextKeyword.setText(SetTextKeyword.groovy:65)
	at com.kms.katalon.core.webui.keyword.builtin.SetTextKeyword.execute(SetTextKeyword.groovy:37)
	at com.kms.katalon.core.keyword.internal.KeywordExecutor.executeKeywordForPlatform(KeywordExecutor.groovy:53)
	at com.kms.katalon.core.webui.keyword.WebUiBuiltInKeywords.setText(WebUiBuiltInKeywords.groovy:950)
	at com.kms.katalon.core.webui.keyword.WebUiBuiltInKeywords$setText$1.call(Unknown Source)
	at org.codehaus.groovy.runtime.callsite.CallSiteArray.defaultCall(CallSiteArray.java:48)
	at org.codehaus.groovy.runtime.callsite.AbstractCallSite.call(AbstractCallSite.java:113)
	at org.codehaus.groovy.runtime.callsite.AbstractCallSite.call(AbstractCallSite.java:133)
	at Script1537248141682.run(Script1537248141682.groovy:80)
	at com.kms.katalon.core.main.ScriptEngine.run(ScriptEngine.java:183)
	at com.kms.katalon.core.main.ScriptEngine.runScriptAsRawText(ScriptEngine.java:108)
	at com.kms.katalon.core.main.TestCaseExecutor.runScript(TestCaseExecutor.java:294)
	at com.kms.katalon.core.main.TestCaseExecutor.doExecute(TestCaseExecutor.java:285)
	at com.kms.katalon.core.main.TestCaseExecutor.processExecutionPhase(TestCaseExecutor.java:264)
	at com.kms.katalon.core.main.TestCaseExecutor.accessMainPhase(TestCaseExecutor.java:256)
	at com.kms.katalon.core.main.TestCaseExecutor.execute(TestCaseExecutor.java:200)
	at com.kms.katalon.core.main.TestSuiteExecutor.accessTestCaseMainPhase(TestSuiteExecutor.java:129)
	at com.kms.katalon.core.main.TestSuiteExecutor.accessTestSuiteMainPhase(TestSuiteExecutor.java:112)
	at com.kms.katalon.core.main.TestSuiteExecutor.execute(TestSuiteExecutor.java:81)
	at com.kms.katalon.core.main.TestCaseMain.startTestSuite(TestCaseMain.java:142)
	at com.kms.katalon.core.main.TestCaseMain$startTestSuite$0.call(Unknown Source)
	at org.codehaus.groovy.runtime.callsite.CallSiteArray.defaultCall(CallSiteArray.java:48)
	at org.codehaus.groovy.runtime.callsite.AbstractCallSite.call(AbstractCallSite.java:113)
	at org.codehaus.groovy.runtime.callsite.AbstractCallSite.call(AbstractCallSite.java:141)
	at TempTestSuite1544618906888.run(TempTestSuite1544618906888.groovy:36)
	at groovy.lang.GroovyShell.runScriptOrMainOrTestOrRunnable(GroovyShell.java:263)
	at groovy.lang.GroovyShell.run(GroovyShell.java:518)
	at groovy.lang.GroovyShell.run(GroovyShell.java:507)
	at groovy.ui.GroovyMain.processOnce(GroovyMain.java:653)
	at groovy.ui.GroovyMain.run(GroovyMain.java:384)
	at groovy.ui.GroovyMain.process(GroovyMain.java:370)
	at groovy.ui.GroovyMain.processArgs(GroovyMain.java:129)
	at groovy.ui.GroovyMain.main(GroovyMain.java:109)
	at sun.reflect.NativeMethodAccessorImpl.invoke0(Native Method)
	at sun.reflect.NativeMethodAccessorImpl.invoke(NativeMethodAccessorImpl.java:62)
	at sun.reflect.DelegatingMethodAccessorImpl.invoke(DelegatingMethodAccessorImpl.java:43)
	at java.lang.reflect.Method.invoke(Method.java:498)
	at org.codehaus.groovy.tools.GroovyStarter.rootLoader(GroovyStarter.java:109)
	at org.codehaus.groovy.tools.GroovyStarter.main(GroovyStarter.java:131)
)]]></system-err>
      </testcase>
      <testcase name="Test Cases/Final Aug 2018 - PKS Automation/Registration Module/Workflow/New Registration/Employer to RO - RO Under Enforcement" classname="Test Cases/Final Aug 2018 - PKS Automation/Registration Module/Workflow/New Registration/Employer to RO - RO Under Enforcement" status="FAILED">
         <failure type="FAILED" message="(Stack trace: com.kms.katalon.core.exception.StepFailedException: Unable to set text 'CRN12201800123257' of object 'Object Repository/Final Object Repo/New Registration - Registration Module Pages/New Reg - OTC to RO/Special Case - All Related Objects/TextBox RefNo in Workbasket' (Root cause: org.openqa.selenium.ElementNotVisibleException: element not interactable
  (Session info: chrome=70.0.3538.110)
  (Driver info: chromedriver=2.43.600210 (68dcf5eebde37173d4027fa8635e332711d2874a),platform=Windows NT 6.1.7601 SP1 x86_64) (WARNING: The server did not provide any stacktrace information)
Command duration or timeout: 0 milliseconds
Build info: version: '3.7.1', revision: '8a0099a', time: '2017-11-06T21:07:36.161Z'
System info: host: 'WIN7TEST02', ip: '10.20.3.72', os.name: 'Windows 7', os.arch: 'amd64', os.version: '6.1', java.version: '1.8.0_181'
Driver info: com.kms.katalon.selenium.driver.CChromeDriver
Capabilities {acceptInsecureCerts: false, acceptSslCerts: false, applicationCacheEnabled: false, browserConnectionEnabled: false, browserName: chrome, chrome: {chromedriverVersion: 2.43.600210 (68dcf5eebde371..., userDataDir: C:\Users\Admin\AppData\Loca...}, cssSelectorsEnabled: true, databaseEnabled: false, goog:chromeOptions: {debuggerAddress: localhost:60407}, handlesAlerts: true, hasTouchScreen: false, javascriptEnabled: true, locationContextEnabled: true, mobileEmulationEnabled: false, nativeEvents: true, networkConnectionEnabled: false, pageLoadStrategy: normal, platform: XP, platformName: XP, rotatable: false, setWindowRect: true, takesHeapSnapshot: true, takesScreenshot: true, unexpectedAlertBehaviour: , unhandledPromptBehavior: , version: 70.0.3538.110, webStorageEnabled: true}
Session ID: 120f78512d6f753f5faac5333f5a4c23)
	at com.kms.katalon.core.keyword.internal.KeywordMain.stepFailed(KeywordMain.groovy:32)
	at com.kms.katalon.core.webui.keyword.internal.WebUIKeywordMain.stepFailed(WebUIKeywordMain.groovy:65)
	at com.kms.katalon.core.webui.keyword.internal.WebUIKeywordMain.runKeyword(WebUIKeywordMain.groovy:27)
	at com.kms.katalon.core.webui.keyword.builtin.SetTextKeyword.setText(SetTextKeyword.groovy:65)
	at com.kms.katalon.core.webui.keyword.builtin.SetTextKeyword.execute(SetTextKeyword.groovy:37)
	at com.kms.katalon.core.keyword.internal.KeywordExecutor.executeKeywordForPlatform(KeywordExecutor.groovy:53)
	at com.kms.katalon.core.webui.keyword.WebUiBuiltInKeywords.setText(WebUiBuiltInKeywords.groovy:950)
	at com.kms.katalon.core.webui.keyword.WebUiBuiltInKeywords$setText$1.call(Unknown Source)
	at org.codehaus.groovy.runtime.callsite.CallSiteArray.defaultCall(CallSiteArray.java:48)
	at org.codehaus.groovy.runtime.callsite.AbstractCallSite.call(AbstractCallSite.java:113)
	at org.codehaus.groovy.runtime.callsite.AbstractCallSite.call(AbstractCallSite.java:133)
	at Script1537253675085.run(Script1537253675085.groovy:87)
	at com.kms.katalon.core.main.ScriptEngine.run(ScriptEngine.java:183)
	at com.kms.katalon.core.main.ScriptEngine.runScriptAsRawText(ScriptEngine.java:108)
	at com.kms.katalon.core.main.TestCaseExecutor.runScript(TestCaseExecutor.java:294)
	at com.kms.katalon.core.main.TestCaseExecutor.doExecute(TestCaseExecutor.java:285)
	at com.kms.katalon.core.main.TestCaseExecutor.processExecutionPhase(TestCaseExecutor.java:264)
	at com.kms.katalon.core.main.TestCaseExecutor.accessMainPhase(TestCaseExecutor.java:256)
	at com.kms.katalon.core.main.TestCaseExecutor.execute(TestCaseExecutor.java:200)
	at com.kms.katalon.core.main.TestSuiteExecutor.accessTestCaseMainPhase(TestSuiteExecutor.java:129)
	at com.kms.katalon.core.main.TestSuiteExecutor.accessTestSuiteMainPhase(TestSuiteExecutor.java:112)
	at com.kms.katalon.core.main.TestSuiteExecutor.execute(TestSuiteExecutor.java:81)
	at com.kms.katalon.core.main.TestCaseMain.startTestSuite(TestCaseMain.java:142)
	at com.kms.katalon.core.main.TestCaseMain$startTestSuite$0.call(Unknown Source)
	at org.codehaus.groovy.runtime.callsite.CallSiteArray.defaultCall(CallSiteArray.java:48)
	at org.codehaus.groovy.runtime.callsite.AbstractCallSite.call(AbstractCallSite.java:113)
	at org.codehaus.groovy.runtime.callsite.AbstractCallSite.call(AbstractCallSite.java:141)
	at TempTestSuite1544618906888.run(TempTestSuite1544618906888.groovy:36)
	at groovy.lang.GroovyShell.runScriptOrMainOrTestOrRunnable(GroovyShell.java:263)
	at groovy.lang.GroovyShell.run(GroovyShell.java:518)
	at groovy.lang.GroovyShell.run(GroovyShell.java:507)
	at groovy.ui.GroovyMain.processOnce(GroovyMain.java:653)
	at groovy.ui.GroovyMain.run(GroovyMain.java:384)
	at groovy.ui.GroovyMain.process(GroovyMain.java:370)
	at groovy.ui.GroovyMain.processArgs(GroovyMain.java:129)
	at groovy.ui.GroovyMain.main(GroovyMain.java:109)
	at sun.reflect.NativeMethodAccessorImpl.invoke0(Native Method)
	at sun.reflect.NativeMethodAccessorImpl.invoke(NativeMethodAccessorImpl.java:62)
	at sun.reflect.DelegatingMethodAccessorImpl.invoke(DelegatingMethodAccessorImpl.java:43)
	at java.lang.reflect.Method.invoke(Method.java:498)
	at org.codehaus.groovy.tools.GroovyStarter.rootLoader(GroovyStarter.java:109)
	at org.codehaus.groovy.tools.GroovyStarter.main(GroovyStarter.java:131)
)"/>
         <system-out><![CDATA[2018-12-13 01:18:10 - [TEST_CASE][FAILED] - Test Cases/Final Aug 2018 - PKS Automation/Registration Module/Workflow/New Registration/Employer to RO - RO Under Enforcement: Test Cases/Final Aug 2018 - PKS Automation/Registration Module/Workflow/New Registration/Employer to RO - RO Under Enforcement FAILED because (of) (Stack trace: com.kms.katalon.core.exception.StepFailedException: Unable to set text 'CRN12201800123257' of object 'Object Repository/Final Object Repo/New Registration - Registration Module Pages/New Reg - OTC to RO/Special Case - All Related Objects/TextBox RefNo in Workbasket' (Root cause: org.openqa.selenium.ElementNotVisibleException: element not interactable
  (Session info: chrome=70.0.3538.110)
  (Driver info: chromedriver=2.43.600210 (68dcf5eebde37173d4027fa8635e332711d2874a),platform=Windows NT 6.1.7601 SP1 x86_64) (WARNING: The server did not provide any stacktrace information)
Command duration or timeout: 0 milliseconds
Build info: version: '3.7.1', revision: '8a0099a', time: '2017-11-06T21:07:36.161Z'
System info: host: 'WIN7TEST02', ip: '10.20.3.72', os.name: 'Windows 7', os.arch: 'amd64', os.version: '6.1', java.version: '1.8.0_181'
Driver info: com.kms.katalon.selenium.driver.CChromeDriver
Capabilities {acceptInsecureCerts: false, acceptSslCerts: false, applicationCacheEnabled: false, browserConnectionEnabled: false, browserName: chrome, chrome: {chromedriverVersion: 2.43.600210 (68dcf5eebde371..., userDataDir: C:\Users\Admin\AppData\Loca...}, cssSelectorsEnabled: true, databaseEnabled: false, goog:chromeOptions: {debuggerAddress: localhost:60407}, handlesAlerts: true, hasTouchScreen: false, javascriptEnabled: true, locationContextEnabled: true, mobileEmulationEnabled: false, nativeEvents: true, networkConnectionEnabled: false, pageLoadStrategy: normal, platform: XP, platformName: XP, rotatable: false, setWindowRect: true, takesHeapSnapshot: true, takesScreenshot: true, unexpectedAlertBehaviour: , unhandledPromptBehavior: , version: 70.0.3538.110, webStorageEnabled: true}
Session ID: 120f78512d6f753f5faac5333f5a4c23)
	at com.kms.katalon.core.keyword.internal.KeywordMain.stepFailed(KeywordMain.groovy:32)
	at com.kms.katalon.core.webui.keyword.internal.WebUIKeywordMain.stepFailed(WebUIKeywordMain.groovy:65)
	at com.kms.katalon.core.webui.keyword.internal.WebUIKeywordMain.runKeyword(WebUIKeywordMain.groovy:27)
	at com.kms.katalon.core.webui.keyword.builtin.SetTextKeyword.setText(SetTextKeyword.groovy:65)
	at com.kms.katalon.core.webui.keyword.builtin.SetTextKeyword.execute(SetTextKeyword.groovy:37)
	at com.kms.katalon.core.keyword.internal.KeywordExecutor.executeKeywordForPlatform(KeywordExecutor.groovy:53)
	at com.kms.katalon.core.webui.keyword.WebUiBuiltInKeywords.setText(WebUiBuiltInKeywords.groovy:950)
	at com.kms.katalon.core.webui.keyword.WebUiBuiltInKeywords$setText$1.call(Unknown Source)
	at org.codehaus.groovy.runtime.callsite.CallSiteArray.defaultCall(CallSiteArray.java:48)
	at org.codehaus.groovy.runtime.callsite.AbstractCallSite.call(AbstractCallSite.java:113)
	at org.codehaus.groovy.runtime.callsite.AbstractCallSite.call(AbstractCallSite.java:133)
	at Script1537253675085.run(Script1537253675085.groovy:87)
	at com.kms.katalon.core.main.ScriptEngine.run(ScriptEngine.java:183)
	at com.kms.katalon.core.main.ScriptEngine.runScriptAsRawText(ScriptEngine.java:108)
	at com.kms.katalon.core.main.TestCaseExecutor.runScript(TestCaseExecutor.java:294)
	at com.kms.katalon.core.main.TestCaseExecutor.doExecute(TestCaseExecutor.java:285)
	at com.kms.katalon.core.main.TestCaseExecutor.processExecutionPhase(TestCaseExecutor.java:264)
	at com.kms.katalon.core.main.TestCaseExecutor.accessMainPhase(TestCaseExecutor.java:256)
	at com.kms.katalon.core.main.TestCaseExecutor.execute(TestCaseExecutor.java:200)
	at com.kms.katalon.core.main.TestSuiteExecutor.accessTestCaseMainPhase(TestSuiteExecutor.java:129)
	at com.kms.katalon.core.main.TestSuiteExecutor.accessTestSuiteMainPhase(TestSuiteExecutor.java:112)
	at com.kms.katalon.core.main.TestSuiteExecutor.execute(TestSuiteExecutor.java:81)
	at com.kms.katalon.core.main.TestCaseMain.startTestSuite(TestCaseMain.java:142)
	at com.kms.katalon.core.main.TestCaseMain$startTestSuite$0.call(Unknown Source)
	at org.codehaus.groovy.runtime.callsite.CallSiteArray.defaultCall(CallSiteArray.java:48)
	at org.codehaus.groovy.runtime.callsite.AbstractCallSite.call(AbstractCallSite.java:113)
	at org.codehaus.groovy.runtime.callsite.AbstractCallSite.call(AbstractCallSite.java:141)
	at TempTestSuite1544618906888.run(TempTestSuite1544618906888.groovy:36)
	at groovy.lang.GroovyShell.runScriptOrMainOrTestOrRunnable(GroovyShell.java:263)
	at groovy.lang.GroovyShell.run(GroovyShell.java:518)
	at groovy.lang.GroovyShell.run(GroovyShell.java:507)
	at groovy.ui.GroovyMain.processOnce(GroovyMain.java:653)
	at groovy.ui.GroovyMain.run(GroovyMain.java:384)
	at groovy.ui.GroovyMain.process(GroovyMain.java:370)
	at groovy.ui.GroovyMain.processArgs(GroovyMain.java:129)
	at groovy.ui.GroovyMain.main(GroovyMain.java:109)
	at sun.reflect.NativeMethodAccessorImpl.invoke0(Native Method)
	at sun.reflect.NativeMethodAccessorImpl.invoke(NativeMethodAccessorImpl.java:62)
	at sun.reflect.DelegatingMethodAccessorImpl.invoke(DelegatingMethodAccessorImpl.java:43)
	at java.lang.reflect.Method.invoke(Method.java:498)
	at org.codehaus.groovy.tools.GroovyStarter.rootLoader(GroovyStarter.java:109)
	at org.codehaus.groovy.tools.GroovyStarter.main(GroovyStarter.java:131)
)

2018-12-13 01:18:10 - [TEST_STEP][PASSED] - callTestCase: Call Test Case 'Test Cases/Final Aug 2018 - PKS Automation/Registration Module/Workflow/New Registration/Template/Special Case - Employer - Form 1' successfully

2018-12-13 01:18:11 - [TEST_CASE][PASSED] - Test Cases/Final Aug 2018 - PKS Automation/Registration Module/Workflow/New Registration/Template/Special Case - Employer - Form 1: Test Cases/Final Aug 2018 - PKS Automation/Registration Module/Workflow/New Registration/Template/Special Case - Employer - Form 1

2018-12-13 01:18:11 - [TEST_STEP][PASSED] - callTestCase: Call Test Case 'Test Cases/Final Aug 2018 - PKS Automation/Create Employer Acc/Create Employer Account' successfully

2018-12-13 01:18:11 - [TEST_CASE][PASSED] - Test Cases/Final Aug 2018 - PKS Automation/Create Employer Acc/Create Employer Account: Test Cases/Final Aug 2018 - PKS Automation/Create Employer Acc/Create Employer Account

2018-12-13 01:18:11 - [TEST_STEP][PASSED] - callTestCase: Call Test Case 'Test Cases/Final Aug 2018 - PKS Automation/Create Employer Acc/Template/Register Employer' successfully

2018-12-13 01:18:11 - [TEST_CASE][PASSED] - Test Cases/Final Aug 2018 - PKS Automation/Create Employer Acc/Template/Register Employer: Test Cases/Final Aug 2018 - PKS Automation/Create Employer Acc/Template/Register Employer

2018-12-13 01:18:11 - [TEST_STEP][PASSED] - openBrowser: Browser is opened with url: ''

2018-12-13 01:18:11 - [MESSAGE][WARNING] - A browser is already opened. Closing browser and opening a new one

2018-12-13 01:18:15 - [MESSAGE][PASSED] - Browser is opened with url: ''

2018-12-13 01:18:15 - [TEST_STEP][PASSED] - navigateToUrl: Navigate to 'https://assist2-uat.perkeso.gov.my/login' successfully

2018-12-13 01:18:16 - [MESSAGE][PASSED] - Navigate to 'https://assist2-uat.perkeso.gov.my/login' successfully

2018-12-13 01:18:16 - [TEST_STEP][PASSED] - setText: Text 'johorotc1@gmail.com' is set on object 'Object Repository/Final Object Repo/Login Page/Internal User/Email Address'

2018-12-13 01:18:16 - [MESSAGE][PASSED] - Text 'johorotc1@gmail.com' is set on object 'Object Repository/Final Object Repo/Login Page/Internal User/Email Address'

2018-12-13 01:18:16 - [TEST_STEP][PASSED] - click: Object: 'Object Repository/Final Object Repo/Login Page/Internal User/Next Button' is clicked on

2018-12-13 01:18:16 - [MESSAGE][PASSED] - Object: 'Object Repository/Final Object Repo/Login Page/Internal User/Next Button' is clicked on

2018-12-13 01:18:16 - [TEST_STEP][PASSED] - delay: Delayed 1 second(s)

2018-12-13 01:18:17 - [MESSAGE][PASSED] - Delayed 1 second(s)

2018-12-13 01:18:17 - [TEST_STEP][PASSED] - setEncryptedText: Text ****** has been set on object 'Object Repository/Final Object Repo/Login Page/Internal User/Password'

2018-12-13 01:18:17 - [MESSAGE][PASSED] - Text ****** has been set on object 'Object Repository/Final Object Repo/Login Page/Internal User/Password'

2018-12-13 01:18:17 - [TEST_STEP][PASSED] - click: Object: 'Object Repository/Final Object Repo/Login Page/Internal User/Login Button' is clicked on

2018-12-13 01:18:17 - [MESSAGE][PASSED] - Object: 'Object Repository/Final Object Repo/Login Page/Internal User/Login Button' is clicked on

2018-12-13 01:18:17 - [TEST_STEP][PASSED] - delay: Delayed 1 second(s)

2018-12-13 01:18:18 - [MESSAGE][PASSED] - Delayed 1 second(s)

2018-12-13 01:18:18 - [TEST_STEP][PASSED] - navigateToUrl: Navigate to 'https://assist2-uat.perkeso.gov.my/web/base/portal-id/registration' successfully

2018-12-13 01:18:20 - [MESSAGE][PASSED] - Navigate to 'https://assist2-uat.perkeso.gov.my/web/base/portal-id/registration' successfully

2018-12-13 01:18:20 - [TEST_STEP][PASSED] - setText: Text 'AUTOMATION EMPLOYER' is set on object 'Object Repository/Final Object Repo/Creating Employer Account/Page_Registration - ASSIST (Base)/Employer Name'

2018-12-13 01:18:21 - [MESSAGE][PASSED] - Text 'AUTOMATION EMPLOYER' is set on object 'Object Repository/Final Object Repo/Creating Employer Account/Page_Registration - ASSIST (Base)/Employer Name'

2018-12-13 01:18:21 - [TEST_STEP][PASSED] - delay: Delayed 2 second(s)

2018-12-13 01:18:23 - [MESSAGE][PASSED] - Delayed 2 second(s)

2018-12-13 01:18:23 - [TEST_STEP][PASSED] - click: Object: 'Object Repository/Final Object Repo/Creating Employer Account/Page_Registration - ASSIST (Base)/Registration Type' is clicked on

2018-12-13 01:18:23 - [MESSAGE][PASSED] - Object: 'Object Repository/Final Object Repo/Creating Employer Account/Page_Registration - ASSIST (Base)/Registration Type' is clicked on

2018-12-13 01:18:23 - [TEST_STEP][PASSED] - delay: Delayed 2 second(s)

2018-12-13 01:18:25 - [MESSAGE][PASSED] - Delayed 2 second(s)

2018-12-13 01:18:25 - [TEST_STEP][PASSED] - click: Object: 'Object Repository/Final Object Repo/Creating Employer Account/Page_Registration - ASSIST (Base)/Registration Type - Registration No' is clicked on

2018-12-13 01:18:25 - [MESSAGE][PASSED] - Object: 'Object Repository/Final Object Repo/Creating Employer Account/Page_Registration - ASSIST (Base)/Registration Type - Registration No' is clicked on

2018-12-13 01:18:25 - [TEST_STEP][PASSED] - delay: Delayed 2 second(s)

2018-12-13 01:18:27 - [MESSAGE][PASSED] - Delayed 2 second(s)

2018-12-13 01:18:27 - [TEST_STEP][PASSED] - setText: Text 'AUTOMATE001' is set on object 'Object Repository/Final Object Repo/Creating Employer Account/Page_Registration - ASSIST (Base)/Registration Number'

2018-12-13 01:18:27 - [MESSAGE][PASSED] - Text 'AUTOMATE001' is set on object 'Object Repository/Final Object Repo/Creating Employer Account/Page_Registration - ASSIST (Base)/Registration Number'

2018-12-13 01:18:27 - [TEST_STEP][PASSED] - delay: Delayed 2 second(s)

2018-12-13 01:18:29 - [MESSAGE][PASSED] - Delayed 2 second(s)

2018-12-13 01:18:29 - [TEST_STEP][PASSED] - setText: Text 'ADDRESS 1' is set on object 'Object Repository/Final Object Repo/Creating Employer Account/Page_Registration - ASSIST (Base)/Postal Address 1'

2018-12-13 01:18:30 - [MESSAGE][PASSED] - Text 'ADDRESS 1' is set on object 'Object Repository/Final Object Repo/Creating Employer Account/Page_Registration - ASSIST (Base)/Postal Address 1'

2018-12-13 01:18:30 - [TEST_STEP][PASSED] - setText: Text 'ADDRESS 2' is set on object 'Object Repository/Final Object Repo/Creating Employer Account/Page_Registration - ASSIST (Base)/Postal Address 2'

2018-12-13 01:18:30 - [MESSAGE][PASSED] - Text 'ADDRESS 2' is set on object 'Object Repository/Final Object Repo/Creating Employer Account/Page_Registration - ASSIST (Base)/Postal Address 2'

2018-12-13 01:18:30 - [TEST_STEP][PASSED] - click: Object: 'Object Repository/Final Object Repo/Creating Employer Account/Page_Registration - ASSIST (Base)/State' is clicked on

2018-12-13 01:18:30 - [MESSAGE][PASSED] - Object: 'Object Repository/Final Object Repo/Creating Employer Account/Page_Registration - ASSIST (Base)/State' is clicked on

2018-12-13 01:18:30 - [TEST_STEP][PASSED] - delay: Delayed 2 second(s)

2018-12-13 01:18:32 - [MESSAGE][PASSED] - Delayed 2 second(s)

2018-12-13 01:18:32 - [TEST_STEP][PASSED] - click: Object: 'Object Repository/Final Object Repo/Creating Employer Account/Page_Registration - ASSIST (Base)/State - Johor' is clicked on

2018-12-13 01:18:32 - [MESSAGE][PASSED] - Object: 'Object Repository/Final Object Repo/Creating Employer Account/Page_Registration - ASSIST (Base)/State - Johor' is clicked on

2018-12-13 01:18:32 - [TEST_STEP][PASSED] - delay: Delayed 2 second(s)

2018-12-13 01:18:34 - [MESSAGE][PASSED] - Delayed 2 second(s)

2018-12-13 01:18:34 - [TEST_STEP][PASSED] - click: Object: 'Object Repository/Final Object Repo/Creating Employer Account/Page_Registration - ASSIST (Base)/City' is clicked on

2018-12-13 01:18:35 - [MESSAGE][PASSED] - Object: 'Object Repository/Final Object Repo/Creating Employer Account/Page_Registration - ASSIST (Base)/City' is clicked on

2018-12-13 01:18:35 - [TEST_STEP][PASSED] - delay: Delayed 2 second(s)

2018-12-13 01:18:37 - [MESSAGE][PASSED] - Delayed 2 second(s)

2018-12-13 01:18:37 - [TEST_STEP][PASSED] - setText: Text 'joh' is set on object 'Object Repository/Final Object Repo/Creating Employer Account/Page_Registration - ASSIST (Base)/City - joh'

2018-12-13 01:18:37 - [MESSAGE][PASSED] - Text 'joh' is set on object 'Object Repository/Final Object Repo/Creating Employer Account/Page_Registration - ASSIST (Base)/City - joh'

2018-12-13 01:18:37 - [TEST_STEP][PASSED] - delay: Delayed 2 second(s)

2018-12-13 01:18:39 - [MESSAGE][PASSED] - Delayed 2 second(s)

2018-12-13 01:18:39 - [TEST_STEP][PASSED] - click: Object: 'Object Repository/Final Object Repo/Creating Employer Account/Page_Registration - ASSIST (Base)/City - Johor Bharu' is clicked on

2018-12-13 01:18:39 - [MESSAGE][PASSED] - Object: 'Object Repository/Final Object Repo/Creating Employer Account/Page_Registration - ASSIST (Base)/City - Johor Bharu' is clicked on

2018-12-13 01:18:39 - [TEST_STEP][PASSED] - delay: Delayed 2 second(s)

2018-12-13 01:18:41 - [MESSAGE][PASSED] - Delayed 2 second(s)

2018-12-13 01:18:41 - [TEST_STEP][PASSED] - click: Object: 'Object Repository/Final Object Repo/Creating Employer Account/Page_Registration - ASSIST (Base)/Post Code' is clicked on

2018-12-13 01:18:41 - [MESSAGE][PASSED] - Object: 'Object Repository/Final Object Repo/Creating Employer Account/Page_Registration - ASSIST (Base)/Post Code' is clicked on

2018-12-13 01:18:41 - [TEST_STEP][PASSED] - delay: Delayed 2 second(s)

2018-12-13 01:18:43 - [MESSAGE][PASSED] - Delayed 2 second(s)

2018-12-13 01:18:43 - [TEST_STEP][PASSED] - setText: Text '810' is set on object 'Object Repository/Final Object Repo/Creating Employer Account/Page_Registration - ASSIST (Base)/Post Code - 810'

2018-12-13 01:18:43 - [MESSAGE][PASSED] - Text '810' is set on object 'Object Repository/Final Object Repo/Creating Employer Account/Page_Registration - ASSIST (Base)/Post Code - 810'

2018-12-13 01:18:43 - [TEST_STEP][PASSED] - delay: Delayed 2 second(s)

2018-12-13 01:18:45 - [MESSAGE][PASSED] - Delayed 2 second(s)

2018-12-13 01:18:45 - [TEST_STEP][PASSED] - click: Object: 'Object Repository/Final Object Repo/Creating Employer Account/Page_Registration - ASSIST (Base)/Post Code - 81000' is clicked on

2018-12-13 01:18:46 - [MESSAGE][PASSED] - Object: 'Object Repository/Final Object Repo/Creating Employer Account/Page_Registration - ASSIST (Base)/Post Code - 81000' is clicked on

2018-12-13 01:18:46 - [TEST_STEP][PASSED] - delay: Delayed 2 second(s)

2018-12-13 01:18:48 - [MESSAGE][PASSED] - Delayed 2 second(s)

2018-12-13 01:18:48 - [TEST_STEP][PASSED] - setText: Text 'PERKESO' is set on object 'Object Repository/Final Object Repo/Creating Employer Account/Page_Registration - ASSIST (Base)/Full Name'

2018-12-13 01:18:48 - [MESSAGE][PASSED] - Text 'PERKESO' is set on object 'Object Repository/Final Object Repo/Creating Employer Account/Page_Registration - ASSIST (Base)/Full Name'

2018-12-13 01:18:48 - [TEST_STEP][PASSED] - Statement - rnd = new java.util.Random(): null

2018-12-13 01:18:48 - [TEST_STEP][PASSED] - Statement - snum = rnd.nextInt(899999 + 1) + 100000: null

2018-12-13 01:18:48 - [TEST_STEP][PASSED] - Statement - tnum = rnd.nextInt(899999 + 1) + 100000: null

2018-12-13 01:18:48 - [TEST_STEP][PASSED] - Statement - IC = java.lang.Integer.toString(snum) + java.lang.Integer.toString(tnum): null

2018-12-13 01:18:48 - [TEST_STEP][PASSED] - Statement - out.println(IC): null

2018-12-13 01:18:48 - [TEST_STEP][PASSED] - setText: Text '938416419202' is set on object 'Object Repository/Final Object Repo/Creating Employer Account/Page_Registration - ASSIST (Base)/Identification Number'

2018-12-13 01:18:48 - [MESSAGE][PASSED] - Text '938416419202' is set on object 'Object Repository/Final Object Repo/Creating Employer Account/Page_Registration - ASSIST (Base)/Identification Number'

2018-12-13 01:18:48 - [TEST_STEP][PASSED] - delay: Delayed 2 second(s)

2018-12-13 01:18:50 - [MESSAGE][PASSED] - Delayed 2 second(s)

2018-12-13 01:18:50 - [TEST_STEP][PASSED] - setText: Text '123456789012' is set on object 'Object Repository/Final Object Repo/Creating Employer Account/Page_Registration - ASSIST (Base)/Contact Number'

2018-12-13 01:18:50 - [MESSAGE][PASSED] - Text '123456789012' is set on object 'Object Repository/Final Object Repo/Creating Employer Account/Page_Registration - ASSIST (Base)/Contact Number'

2018-12-13 01:18:50 - [TEST_STEP][PASSED] - Statement - Email = "perkeso" + IC + "@gmail.com": null

2018-12-13 01:18:50 - [TEST_STEP][PASSED] - delay: Delayed 2 second(s)

2018-12-13 01:18:52 - [MESSAGE][PASSED] - Delayed 2 second(s)

2018-12-13 01:18:52 - [TEST_STEP][PASSED] - callTestCase: Call Test Case 'Test Cases/Final Aug 2018 - PKS Automation/Create Employer Acc/Template/Employer Email Settler' successfully

2018-12-13 01:18:53 - [TEST_CASE][PASSED] - Test Cases/Final Aug 2018 - PKS Automation/Create Employer Acc/Template/Employer Email Settler: Test Cases/Final Aug 2018 - PKS Automation/Create Employer Acc/Template/Employer Email Settler

2018-12-13 01:18:53 - [TEST_STEP][PASSED] - Statement - EmpEmailOld = new java.io.File(C://Users//Admin//Desktop//PKS//Automation Reference Point//EmpEmail.txt): null

2018-12-13 01:18:53 - [TEST_STEP][PASSED] - Statement - EmpEmailOld.delete(): null

2018-12-13 01:18:53 - [TEST_STEP][PASSED] - delay: Delayed 5 second(s)

2018-12-13 01:18:58 - [MESSAGE][PASSED] - Delayed 5 second(s)

2018-12-13 01:18:58 - [TEST_STEP][PASSED] - Statement - EmpEmail = new java.io.File(C://Users//Admin//Desktop//PKS//Automation Reference Point//EmpEmail.txt): null

2018-12-13 01:18:58 - [TEST_STEP][PASSED] - Statement - f2 = new java.io.FileWriter(EmpEmail, false): null

2018-12-13 01:18:58 - [TEST_STEP][PASSED] - Statement - f2.write(Email): null

2018-12-13 01:18:58 - [TEST_STEP][PASSED] - Statement - f2.close(): null

2018-12-13 01:18:58 - [TEST_STEP][PASSED] - Statement - out.println(Email): null

2018-12-13 01:18:58 - [MESSAGE][PASSED] - Call Test Case 'Test Cases/Final Aug 2018 - PKS Automation/Create Employer Acc/Template/Employer Email Settler' successfully

2018-12-13 01:18:58 - [TEST_STEP][PASSED] - delay: Delayed 2 second(s)

2018-12-13 01:19:00 - [MESSAGE][PASSED] - Delayed 2 second(s)

2018-12-13 01:19:00 - [TEST_STEP][PASSED] - setText: Text 'perkeso938416419202@gmail.com' is set on object 'Object Repository/Final Object Repo/Creating Employer Account/Page_Registration - ASSIST (Base)/Email'

2018-12-13 01:19:00 - [MESSAGE][PASSED] - Text 'perkeso938416419202@gmail.com' is set on object 'Object Repository/Final Object Repo/Creating Employer Account/Page_Registration - ASSIST (Base)/Email'

2018-12-13 01:19:00 - [TEST_STEP][PASSED] - setText: Text '123' is set on object 'Object Repository/Final Object Repo/Creating Employer Account/Page_Registration - ASSIST (Base)/Security Phase'

2018-12-13 01:19:00 - [MESSAGE][PASSED] - Text '123' is set on object 'Object Repository/Final Object Repo/Creating Employer Account/Page_Registration - ASSIST (Base)/Security Phase'

2018-12-13 01:19:00 - [TEST_STEP][PASSED] - click: Object: 'Object Repository/Final Object Repo/Creating Employer Account/Page_Registration - ASSIST (Base)/Save  Continue' is clicked on

2018-12-13 01:19:00 - [MESSAGE][PASSED] - Object: 'Object Repository/Final Object Repo/Creating Employer Account/Page_Registration - ASSIST (Base)/Save  Continue' is clicked on

2018-12-13 01:19:00 - [TEST_STEP][PASSED] - delay: Delayed 2 second(s)

2018-12-13 01:19:02 - [MESSAGE][PASSED] - Delayed 2 second(s)

2018-12-13 01:19:02 - [TEST_STEP][PASSED] - click: Object: 'Object Repository/Final Object Repo/Creating Employer Account/Page_Registration - ASSIST (Base)/Add Document' is clicked on

2018-12-13 01:19:03 - [MESSAGE][PASSED] - Object: 'Object Repository/Final Object Repo/Creating Employer Account/Page_Registration - ASSIST (Base)/Add Document' is clicked on

2018-12-13 01:19:03 - [TEST_STEP][PASSED] - delay: Delayed 2 second(s)

2018-12-13 01:19:05 - [MESSAGE][PASSED] - Delayed 2 second(s)

2018-12-13 01:19:05 - [TEST_STEP][PASSED] - click: Object: 'Object Repository/Final Object Repo/Creating Employer Account/Page_Registration - ASSIST (Base)/Document Type' is clicked on

2018-12-13 01:19:05 - [MESSAGE][PASSED] - Object: 'Object Repository/Final Object Repo/Creating Employer Account/Page_Registration - ASSIST (Base)/Document Type' is clicked on

2018-12-13 01:19:05 - [TEST_STEP][PASSED] - delay: Delayed 2 second(s)

2018-12-13 01:19:07 - [MESSAGE][PASSED] - Delayed 2 second(s)

2018-12-13 01:19:07 - [TEST_STEP][PASSED] - click: Object: 'Object Repository/Final Object Repo/Creating Employer Account/Page_Registration - ASSIST (Base)/Document Type - Letter of Authorization' is clicked on

2018-12-13 01:19:07 - [MESSAGE][PASSED] - Object: 'Object Repository/Final Object Repo/Creating Employer Account/Page_Registration - ASSIST (Base)/Document Type - Letter of Authorization' is clicked on

2018-12-13 01:19:07 - [TEST_STEP][PASSED] - delay: Delayed 2 second(s)

2018-12-13 01:19:09 - [MESSAGE][PASSED] - Delayed 2 second(s)

2018-12-13 01:19:09 - [TEST_STEP][PASSED] - sendKeys: Keys 'C:\Users\Public\Pictures\Sample Pictures\Koala.jpg' sent to object: 'Object Repository/Final Object Repo/Creating Employer Account/Page_Registration - ASSIST (Base)/Uploading File'

2018-12-13 01:19:09 - [MESSAGE][PASSED] - Keys 'C:\Users\Public\Pictures\Sample Pictures\Koala.jpg' sent to object: 'Object Repository/Final Object Repo/Creating Employer Account/Page_Registration - ASSIST (Base)/Uploading File'

2018-12-13 01:19:09 - [TEST_STEP][PASSED] - delay: Delayed 2 second(s)

2018-12-13 01:19:11 - [MESSAGE][PASSED] - Delayed 2 second(s)

2018-12-13 01:19:11 - [TEST_STEP][PASSED] - click: Object: 'Object Repository/Final Object Repo/Creating Employer Account/Page_Registration - ASSIST (Base)/Add Document in Uploading File' is clicked on

2018-12-13 01:19:11 - [MESSAGE][PASSED] - Object: 'Object Repository/Final Object Repo/Creating Employer Account/Page_Registration - ASSIST (Base)/Add Document in Uploading File' is clicked on

2018-12-13 01:19:11 - [TEST_STEP][PASSED] - delay: Delayed 2 second(s)

2018-12-13 01:19:13 - [MESSAGE][PASSED] - Delayed 2 second(s)

2018-12-13 01:19:13 - [TEST_STEP][PASSED] - click: Object: 'Object Repository/Final Object Repo/Creating Employer Account/Page_Registration - ASSIST (Base)/Save' is clicked on

2018-12-13 01:19:13 - [MESSAGE][PASSED] - Object: 'Object Repository/Final Object Repo/Creating Employer Account/Page_Registration - ASSIST (Base)/Save' is clicked on

2018-12-13 01:19:13 - [TEST_STEP][PASSED] - delay: Delayed 2 second(s)

2018-12-13 01:19:15 - [MESSAGE][PASSED] - Delayed 2 second(s)

2018-12-13 01:19:15 - [TEST_STEP][PASSED] - click: Object: 'Object Repository/Final Object Repo/Creating Employer Account/Page_Registration - ASSIST (Base)/Submit' is clicked on

2018-12-13 01:19:16 - [MESSAGE][PASSED] - Object: 'Object Repository/Final Object Repo/Creating Employer Account/Page_Registration - ASSIST (Base)/Submit' is clicked on

2018-12-13 01:19:16 - [TEST_STEP][PASSED] - delay: Delayed 2 second(s)

2018-12-13 01:19:18 - [MESSAGE][PASSED] - Delayed 2 second(s)

2018-12-13 01:19:18 - [TEST_STEP][PASSED] - click: Object: 'Object Repository/Final Object Repo/Creating Employer Account/Page_Registration - ASSIST (Base)/Confirm' is clicked on

2018-12-13 01:19:18 - [MESSAGE][PASSED] - Object: 'Object Repository/Final Object Repo/Creating Employer Account/Page_Registration - ASSIST (Base)/Confirm' is clicked on

2018-12-13 01:19:18 - [MESSAGE][PASSED] - Call Test Case 'Test Cases/Final Aug 2018 - PKS Automation/Create Employer Acc/Template/Register Employer' successfully

2018-12-13 01:19:18 - [TEST_STEP][PASSED] - delay: Delayed 1 second(s)

2018-12-13 01:19:19 - [MESSAGE][PASSED] - Delayed 1 second(s)

2018-12-13 01:19:19 - [TEST_STEP][PASSED] - navigateToUrl: Navigate to 'https://assist2-uat.perkeso.gov.my/c/portal/logout' successfully

2018-12-13 01:19:20 - [MESSAGE][PASSED] - Navigate to 'https://assist2-uat.perkeso.gov.my/c/portal/logout' successfully

2018-12-13 01:19:20 - [TEST_STEP][PASSED] - delay: Delayed 1 second(s)

2018-12-13 01:19:21 - [MESSAGE][PASSED] - Delayed 1 second(s)

2018-12-13 01:19:21 - [TEST_STEP][PASSED] - callTestCase: Call Test Case 'Test Cases/Final Aug 2018 - PKS Automation/Create Employer Acc/Template/Change Password of Employer' successfully

2018-12-13 01:19:21 - [TEST_CASE][PASSED] - Test Cases/Final Aug 2018 - PKS Automation/Create Employer Acc/Template/Change Password of Employer: Test Cases/Final Aug 2018 - PKS Automation/Create Employer Acc/Template/Change Password of Employer

2018-12-13 01:19:21 - [TEST_STEP][PASSED] - openBrowser: Browser is opened with url: ''

2018-12-13 01:19:21 - [MESSAGE][WARNING] - A browser is already opened. Closing browser and opening a new one

2018-12-13 01:19:25 - [MESSAGE][PASSED] - Browser is opened with url: ''

2018-12-13 01:19:25 - [TEST_STEP][PASSED] - navigateToUrl: Navigate to 'https://assist2-uat.perkeso.gov.my/login' successfully

2018-12-13 01:19:26 - [MESSAGE][PASSED] - Navigate to 'https://assist2-uat.perkeso.gov.my/login' successfully

2018-12-13 01:19:26 - [TEST_STEP][PASSED] - delay: Delayed 5 second(s)

2018-12-13 01:19:31 - [MESSAGE][PASSED] - Delayed 5 second(s)

2018-12-13 01:19:31 - [TEST_STEP][PASSED] - setText: Text 'test@liferay.com' is set on object 'Object Repository/Final Object Repo/Login Page/Internal User/Email Address'

2018-12-13 01:19:32 - [MESSAGE][PASSED] - Text 'test@liferay.com' is set on object 'Object Repository/Final Object Repo/Login Page/Internal User/Email Address'

2018-12-13 01:19:32 - [TEST_STEP][PASSED] - click: Object: 'Object Repository/Final Object Repo/Login Page/Internal User/Next Button' is clicked on

2018-12-13 01:19:32 - [MESSAGE][PASSED] - Object: 'Object Repository/Final Object Repo/Login Page/Internal User/Next Button' is clicked on

2018-12-13 01:19:32 - [TEST_STEP][PASSED] - delay: Delayed 2 second(s)

2018-12-13 01:19:34 - [MESSAGE][PASSED] - Delayed 2 second(s)

2018-12-13 01:19:34 - [TEST_STEP][PASSED] - setText: Text 'test' is set on object 'Object Repository/Final Object Repo/Login Page/Internal User/Password'

2018-12-13 01:19:34 - [MESSAGE][PASSED] - Text 'test' is set on object 'Object Repository/Final Object Repo/Login Page/Internal User/Password'

2018-12-13 01:19:34 - [TEST_STEP][PASSED] - delay: Delayed 2 second(s)

2018-12-13 01:19:36 - [MESSAGE][PASSED] - Delayed 2 second(s)

2018-12-13 01:19:36 - [TEST_STEP][PASSED] - click: Object: 'Object Repository/Final Object Repo/Login Page/Internal User/Login Button' is clicked on

2018-12-13 01:19:36 - [MESSAGE][PASSED] - Object: 'Object Repository/Final Object Repo/Login Page/Internal User/Login Button' is clicked on

2018-12-13 01:19:36 - [TEST_STEP][PASSED] - delay: Delayed 3 second(s)

2018-12-13 01:19:39 - [MESSAGE][PASSED] - Delayed 3 second(s)

2018-12-13 01:19:39 - [TEST_STEP][PASSED] - navigateToUrl: Navigate to 'https://assist2-uat.perkeso.gov.my/group/control_panel/manage?p_p_id=125&p_p_lifecycle=0&p_p_state=maximized&p_p_mode=view&refererPlid=20455&_125_usersListView=flat-users&_125_toolbarItem=view-all-users&_125_saveUsersListView=true&_125_struts_action=%2Fusers_admin%2Fview' successfully

2018-12-13 01:19:40 - [MESSAGE][PASSED] - Navigate to 'https://assist2-uat.perkeso.gov.my/group/control_panel/manage?p_p_id=125&p_p_lifecycle=0&p_p_state=maximized&p_p_mode=view&refererPlid=20455&_125_usersListView=flat-users&_125_toolbarItem=view-all-users&_125_saveUsersListView=true&_125_struts_action=%2Fusers_admin%2Fview' successfully

2018-12-13 01:19:40 - [TEST_STEP][PASSED] - delay: Delayed 3 second(s)

2018-12-13 01:19:43 - [MESSAGE][PASSED] - Delayed 3 second(s)

2018-12-13 01:19:43 - [TEST_STEP][PASSED] - setText: Text 'perkeso938416419202@gmail.com' is set on object 'Object Repository/Final Object Repo/Creating Employer Account/Page_Users and Organizations - ASSIST/Employer name'

2018-12-13 01:19:44 - [MESSAGE][PASSED] - Text 'perkeso938416419202@gmail.com' is set on object 'Object Repository/Final Object Repo/Creating Employer Account/Page_Users and Organizations - ASSIST/Employer name'

2018-12-13 01:19:44 - [TEST_STEP][PASSED] - delay: Delayed 3 second(s)

2018-12-13 01:19:47 - [MESSAGE][PASSED] - Delayed 3 second(s)

2018-12-13 01:19:47 - [TEST_STEP][PASSED] - click: Object: 'Object Repository/Final Object Repo/Creating Employer Account/Page_Users and Organizations - ASSIST/Search' is clicked on

2018-12-13 01:19:47 - [MESSAGE][PASSED] - Object: 'Object Repository/Final Object Repo/Creating Employer Account/Page_Users and Organizations - ASSIST/Search' is clicked on

2018-12-13 01:19:47 - [TEST_STEP][PASSED] - delay: Delayed 3 second(s)

2018-12-13 01:19:50 - [MESSAGE][PASSED] - Delayed 3 second(s)

2018-12-13 01:19:50 - [TEST_STEP][PASSED] - click: Object: 'Object Repository/Final Object Repo/Creating Employer Account/Page_Users and Organizations - ASSIST/Action' is clicked on

2018-12-13 01:19:51 - [MESSAGE][PASSED] - Object: 'Object Repository/Final Object Repo/Creating Employer Account/Page_Users and Organizations - ASSIST/Action' is clicked on

2018-12-13 01:19:51 - [TEST_STEP][PASSED] - delay: Delayed 3 second(s)

2018-12-13 01:19:54 - [MESSAGE][PASSED] - Delayed 3 second(s)

2018-12-13 01:19:54 - [TEST_STEP][PASSED] - click: Object: 'Object Repository/Final Object Repo/Creating Employer Account/Page_Users and Organizations - ASSIST/Edit' is clicked on

2018-12-13 01:19:55 - [MESSAGE][PASSED] - Object: 'Object Repository/Final Object Repo/Creating Employer Account/Page_Users and Organizations - ASSIST/Edit' is clicked on

2018-12-13 01:19:55 - [TEST_STEP][PASSED] - delay: Delayed 3 second(s)

2018-12-13 01:19:58 - [MESSAGE][PASSED] - Delayed 3 second(s)

2018-12-13 01:19:58 - [TEST_STEP][PASSED] - click: Object: 'Object Repository/Final Object Repo/Creating Employer Account/Page_PERKESO - Users and Organizati/a_Password (Modified)' is clicked on

2018-12-13 01:19:58 - [MESSAGE][PASSED] - Object: 'Object Repository/Final Object Repo/Creating Employer Account/Page_PERKESO - Users and Organizati/a_Password (Modified)' is clicked on

2018-12-13 01:19:58 - [TEST_STEP][PASSED] - delay: Delayed 3 second(s)

2018-12-13 01:20:01 - [MESSAGE][PASSED] - Delayed 3 second(s)

2018-12-13 01:20:01 - [TEST_STEP][PASSED] - setEncryptedText: Text ****** has been set on object 'Object Repository/Final Object Repo/Creating Employer Account/Page_PERKESO - Users and Organizati/input__125_password1'

2018-12-13 01:20:01 - [MESSAGE][PASSED] - Text ****** has been set on object 'Object Repository/Final Object Repo/Creating Employer Account/Page_PERKESO - Users and Organizati/input__125_password1'

2018-12-13 01:20:01 - [TEST_STEP][PASSED] - delay: Delayed 3 second(s)

2018-12-13 01:20:04 - [MESSAGE][PASSED] - Delayed 3 second(s)

2018-12-13 01:20:04 - [TEST_STEP][PASSED] - setEncryptedText: Text ****** has been set on object 'Object Repository/Final Object Repo/Creating Employer Account/Page_PERKESO - Users and Organizati/input__125_password2'

2018-12-13 01:20:04 - [MESSAGE][PASSED] - Text ****** has been set on object 'Object Repository/Final Object Repo/Creating Employer Account/Page_PERKESO - Users and Organizati/input__125_password2'

2018-12-13 01:20:04 - [TEST_STEP][PASSED] - delay: Delayed 3 second(s)

2018-12-13 01:20:07 - [MESSAGE][PASSED] - Delayed 3 second(s)

2018-12-13 01:20:07 - [TEST_STEP][PASSED] - click: Object: 'Object Repository/Final Object Repo/Creating Employer Account/Page_PERKESO - Users and Organizati/Save' is clicked on

2018-12-13 01:20:09 - [MESSAGE][PASSED] - Object: 'Object Repository/Final Object Repo/Creating Employer Account/Page_PERKESO - Users and Organizati/Save' is clicked on

2018-12-13 01:20:09 - [MESSAGE][PASSED] - Call Test Case 'Test Cases/Final Aug 2018 - PKS Automation/Create Employer Acc/Template/Change Password of Employer' successfully

2018-12-13 01:20:09 - [TEST_STEP][PASSED] - delay: Delayed 1 second(s)

2018-12-13 01:20:10 - [MESSAGE][PASSED] - Delayed 1 second(s)

2018-12-13 01:20:10 - [TEST_STEP][PASSED] - navigateToUrl: Navigate to 'https://assist2-uat.perkeso.gov.my/c/portal/logout' successfully

2018-12-13 01:20:11 - [MESSAGE][PASSED] - Navigate to 'https://assist2-uat.perkeso.gov.my/c/portal/logout' successfully

2018-12-13 01:20:11 - [TEST_STEP][PASSED] - delay: Delayed 1 second(s)

2018-12-13 01:20:12 - [MESSAGE][PASSED] - Delayed 1 second(s)

2018-12-13 01:20:12 - [TEST_STEP][PASSED] - callTestCase: Call Test Case 'Test Cases/Final Aug 2018 - PKS Automation/Create Employer Acc/Template/Login to Employer Account (First Time)' successfully

2018-12-13 01:20:12 - [TEST_CASE][PASSED] - Test Cases/Final Aug 2018 - PKS Automation/Create Employer Acc/Template/Login to Employer Account (First Time): Test Cases/Final Aug 2018 - PKS Automation/Create Employer Acc/Template/Login to Employer Account (First Time)

2018-12-13 01:20:12 - [TEST_STEP][PASSED] - openBrowser: Browser is opened with url: ''

2018-12-13 01:20:12 - [MESSAGE][WARNING] - A browser is already opened. Closing browser and opening a new one

2018-12-13 01:20:16 - [MESSAGE][PASSED] - Browser is opened with url: ''

2018-12-13 01:20:16 - [TEST_STEP][PASSED] - navigateToUrl: Navigate to 'https://assist2-uat.perkeso.gov.my/employer/login' successfully

2018-12-13 01:20:17 - [MESSAGE][PASSED] - Navigate to 'https://assist2-uat.perkeso.gov.my/employer/login' successfully

2018-12-13 01:20:17 - [TEST_STEP][PASSED] - delay: Delayed 3 second(s)

2018-12-13 01:20:20 - [MESSAGE][PASSED] - Delayed 3 second(s)

2018-12-13 01:20:20 - [TEST_STEP][PASSED] - callTestCase: Call Test Case 'Test Cases/Final Aug 2018 - PKS Automation/Create Employer Acc/Template/Employer Email Getter' successfully

2018-12-13 01:20:20 - [TEST_CASE][PASSED] - Test Cases/Final Aug 2018 - PKS Automation/Create Employer Acc/Template/Employer Email Getter: Test Cases/Final Aug 2018 - PKS Automation/Create Employer Acc/Template/Employer Email Getter

2018-12-13 01:20:20 - [TEST_STEP][PASSED] - Statement - Try: null

2018-12-13 01:20:20 - [TEST_STEP][PASSED] - Statement - EmpEmail = new java.io.File(C://Users//Admin//Desktop//PKS//Automation Reference Point//EmpEmail.txt): null

2018-12-13 01:20:20 - [TEST_STEP][PASSED] - Statement - bufferread = new java.io.BufferedReader(new java.io.FileReader(EmpEmail)): null

2018-12-13 01:20:20 - [TEST_STEP][PASSED] - Statement - readedVal = bufferread.readLine(): null

2018-12-13 01:20:20 - [TEST_STEP][PASSED] - Statement - out.println(readedVal): null

2018-12-13 01:20:20 - [TEST_STEP][PASSED] - Statement - Email = readedVal: null

2018-12-13 01:20:20 - [MESSAGE][PASSED] - Call Test Case 'Test Cases/Final Aug 2018 - PKS Automation/Create Employer Acc/Template/Employer Email Getter' successfully

2018-12-13 01:20:20 - [TEST_STEP][PASSED] - setText: Text 'perkeso938416419202@gmail.com' is set on object 'Object Repository/Final Object Repo/Login Page/External Login Page/Email'

2018-12-13 01:20:20 - [MESSAGE][PASSED] - Text 'perkeso938416419202@gmail.com' is set on object 'Object Repository/Final Object Repo/Login Page/External Login Page/Email'

2018-12-13 01:20:20 - [TEST_STEP][PASSED] - click: Object: 'Object Repository/Final Object Repo/Login Page/External Login Page/Next' is clicked on

2018-12-13 01:20:21 - [MESSAGE][PASSED] - Object: 'Object Repository/Final Object Repo/Login Page/External Login Page/Next' is clicked on

2018-12-13 01:20:21 - [TEST_STEP][PASSED] - delay: Delayed 3 second(s)

2018-12-13 01:20:24 - [MESSAGE][PASSED] - Delayed 3 second(s)

2018-12-13 01:20:24 - [TEST_STEP][PASSED] - setEncryptedText: Text ****** has been set on object 'Object Repository/Final Object Repo/Login Page/External Login Page/Password'

2018-12-13 01:20:24 - [MESSAGE][PASSED] - Text ****** has been set on object 'Object Repository/Final Object Repo/Login Page/External Login Page/Password'

2018-12-13 01:20:24 - [TEST_STEP][PASSED] - click: Object: 'Object Repository/Final Object Repo/Login Page/External Login Page/Login' is clicked on

2018-12-13 01:20:24 - [MESSAGE][PASSED] - Object: 'Object Repository/Final Object Repo/Login Page/External Login Page/Login' is clicked on

2018-12-13 01:20:24 - [TEST_STEP][PASSED] - delay: Delayed 3 second(s)

2018-12-13 01:20:27 - [MESSAGE][PASSED] - Delayed 3 second(s)

2018-12-13 01:20:27 - [TEST_STEP][PASSED] - click: Object: 'Object Repository/Final Object Repo/Creating Employer Account/Page_Terms of Use - ASSIST/button_I Agree' is clicked on

2018-12-13 01:20:27 - [MESSAGE][PASSED] - Object: 'Object Repository/Final Object Repo/Creating Employer Account/Page_Terms of Use - ASSIST/button_I Agree' is clicked on

2018-12-13 01:20:27 - [TEST_STEP][PASSED] - delay: Delayed 2 second(s)

2018-12-13 01:20:29 - [MESSAGE][PASSED] - Delayed 2 second(s)

2018-12-13 01:20:29 - [TEST_STEP][PASSED] - setEncryptedText: Text ****** has been set on object 'Object Repository/Final Object Repo/Creating Employer Account/Page_New Password - ASSIST/input_password1'

2018-12-13 01:20:29 - [MESSAGE][PASSED] - Text ****** has been set on object 'Object Repository/Final Object Repo/Creating Employer Account/Page_New Password - ASSIST/input_password1'

2018-12-13 01:20:29 - [TEST_STEP][PASSED] - setEncryptedText: Text ****** has been set on object 'Object Repository/Final Object Repo/Creating Employer Account/Page_New Password - ASSIST/input_password2'

2018-12-13 01:20:30 - [MESSAGE][PASSED] - Text ****** has been set on object 'Object Repository/Final Object Repo/Creating Employer Account/Page_New Password - ASSIST/input_password2'

2018-12-13 01:20:30 - [TEST_STEP][PASSED] - delay: Delayed 2 second(s)

2018-12-13 01:20:32 - [MESSAGE][PASSED] - Delayed 2 second(s)

2018-12-13 01:20:32 - [TEST_STEP][PASSED] - click: Object: 'Object Repository/Final Object Repo/Creating Employer Account/Page_New Password - ASSIST/Save' is clicked on

2018-12-13 01:20:32 - [MESSAGE][PASSED] - Object: 'Object Repository/Final Object Repo/Creating Employer Account/Page_New Password - ASSIST/Save' is clicked on

2018-12-13 01:20:32 - [TEST_STEP][PASSED] - delay: Delayed 2 second(s)

2018-12-13 01:20:34 - [MESSAGE][PASSED] - Delayed 2 second(s)

2018-12-13 01:20:34 - [TEST_STEP][PASSED] - setText: Text 'test' is set on object 'Object Repository/Final Object Repo/Creating Employer Account/Page_Password Reminder - ASSIST/Reminder Query Answer'

2018-12-13 01:20:34 - [MESSAGE][PASSED] - Text 'test' is set on object 'Object Repository/Final Object Repo/Creating Employer Account/Page_Password Reminder - ASSIST/Reminder Query Answer'

2018-12-13 01:20:34 - [TEST_STEP][PASSED] - delay: Delayed 2 second(s)

2018-12-13 01:20:36 - [MESSAGE][PASSED] - Delayed 2 second(s)

2018-12-13 01:20:36 - [TEST_STEP][PASSED] - doubleClick: Object: 'Object Repository/Final Object Repo/Creating Employer Account/Page_Password Reminder - ASSIST/Save' is double clicked on

2018-12-13 01:20:36 - [MESSAGE][PASSED] - Object: 'Object Repository/Final Object Repo/Creating Employer Account/Page_Password Reminder - ASSIST/Save' is double clicked on

2018-12-13 01:20:36 - [MESSAGE][PASSED] - Call Test Case 'Test Cases/Final Aug 2018 - PKS Automation/Create Employer Acc/Template/Login to Employer Account (First Time)' successfully

2018-12-13 01:20:36 - [MESSAGE][PASSED] - Call Test Case 'Test Cases/Final Aug 2018 - PKS Automation/Create Employer Acc/Create Employer Account' successfully

2018-12-13 01:20:36 - [TEST_STEP][PASSED] - callTestCase: Call Test Case 'Test Cases/Final Aug 2018 - PKS Automation/Registration Module/Log Out/log out avoiding katalon tagging' successfully

2018-12-13 01:20:36 - [TEST_CASE][PASSED] - Test Cases/Final Aug 2018 - PKS Automation/Registration Module/Log Out/log out avoiding katalon tagging: Test Cases/Final Aug 2018 - PKS Automation/Registration Module/Log Out/log out avoiding katalon tagging

2018-12-13 01:20:36 - [TEST_STEP][PASSED] - navigateToUrl: Navigate to 'https://assist2-uat.perkeso.gov.my/c/portal/logout' successfully

2018-12-13 01:20:39 - [MESSAGE][PASSED] - Navigate to 'https://assist2-uat.perkeso.gov.my/c/portal/logout' successfully

2018-12-13 01:20:39 - [MESSAGE][PASSED] - Call Test Case 'Test Cases/Final Aug 2018 - PKS Automation/Registration Module/Log Out/log out avoiding katalon tagging' successfully

2018-12-13 01:20:39 - [TEST_STEP][PASSED] - callTestCase: Call Test Case 'Test Cases/Final Aug 2018 - PKS Automation/Create Employer Acc/Login to Employer Account (Second time)' successfully

2018-12-13 01:20:39 - [TEST_CASE][PASSED] - Test Cases/Final Aug 2018 - PKS Automation/Create Employer Acc/Login to Employer Account (Second time): Test Cases/Final Aug 2018 - PKS Automation/Create Employer Acc/Login to Employer Account (Second time)

2018-12-13 01:20:39 - [TEST_STEP][PASSED] - openBrowser: Browser is opened with url: ''

2018-12-13 01:20:39 - [MESSAGE][WARNING] - A browser is already opened. Closing browser and opening a new one

2018-12-13 01:20:43 - [MESSAGE][PASSED] - Browser is opened with url: ''

2018-12-13 01:20:43 - [TEST_STEP][PASSED] - navigateToUrl: Navigate to 'https://assist2-uat.perkeso.gov.my/employer/login' successfully

2018-12-13 01:20:44 - [MESSAGE][PASSED] - Navigate to 'https://assist2-uat.perkeso.gov.my/employer/login' successfully

2018-12-13 01:20:44 - [TEST_STEP][PASSED] - delay: Delayed 3 second(s)

2018-12-13 01:20:47 - [MESSAGE][PASSED] - Delayed 3 second(s)

2018-12-13 01:20:47 - [TEST_STEP][PASSED] - callTestCase: Call Test Case 'Test Cases/Final Aug 2018 - PKS Automation/Create Employer Acc/Template/Employer Email Getter' successfully

2018-12-13 01:20:47 - [TEST_CASE][PASSED] - Test Cases/Final Aug 2018 - PKS Automation/Create Employer Acc/Template/Employer Email Getter: Test Cases/Final Aug 2018 - PKS Automation/Create Employer Acc/Template/Employer Email Getter

2018-12-13 01:20:47 - [TEST_STEP][PASSED] - Statement - Try: null

2018-12-13 01:20:47 - [TEST_STEP][PASSED] - Statement - EmpEmail = new java.io.File(C://Users//Admin//Desktop//PKS//Automation Reference Point//EmpEmail.txt): null

2018-12-13 01:20:47 - [TEST_STEP][PASSED] - Statement - bufferread = new java.io.BufferedReader(new java.io.FileReader(EmpEmail)): null

2018-12-13 01:20:47 - [TEST_STEP][PASSED] - Statement - readedVal = bufferread.readLine(): null

2018-12-13 01:20:47 - [TEST_STEP][PASSED] - Statement - out.println(readedVal): null

2018-12-13 01:20:47 - [TEST_STEP][PASSED] - Statement - Email = readedVal: null

2018-12-13 01:20:47 - [MESSAGE][PASSED] - Call Test Case 'Test Cases/Final Aug 2018 - PKS Automation/Create Employer Acc/Template/Employer Email Getter' successfully

2018-12-13 01:20:47 - [TEST_STEP][PASSED] - setText: Text 'perkeso938416419202@gmail.com' is set on object 'Object Repository/Final Object Repo/Login Page/External Login Page/Email'

2018-12-13 01:20:48 - [MESSAGE][PASSED] - Text 'perkeso938416419202@gmail.com' is set on object 'Object Repository/Final Object Repo/Login Page/External Login Page/Email'

2018-12-13 01:20:48 - [TEST_STEP][PASSED] - click: Object: 'Object Repository/Final Object Repo/Login Page/External Login Page/Next' is clicked on

2018-12-13 01:20:48 - [MESSAGE][PASSED] - Object: 'Object Repository/Final Object Repo/Login Page/External Login Page/Next' is clicked on

2018-12-13 01:20:48 - [TEST_STEP][PASSED] - delay: Delayed 3 second(s)

2018-12-13 01:20:51 - [MESSAGE][PASSED] - Delayed 3 second(s)

2018-12-13 01:20:51 - [TEST_STEP][PASSED] - setEncryptedText: Text ****** has been set on object 'Object Repository/Final Object Repo/Login Page/External Login Page/Password'

2018-12-13 01:20:51 - [MESSAGE][PASSED] - Text ****** has been set on object 'Object Repository/Final Object Repo/Login Page/External Login Page/Password'

2018-12-13 01:20:51 - [TEST_STEP][PASSED] - click: Object: 'Object Repository/Final Object Repo/Login Page/External Login Page/Login' is clicked on

2018-12-13 01:20:51 - [MESSAGE][PASSED] - Object: 'Object Repository/Final Object Repo/Login Page/External Login Page/Login' is clicked on

2018-12-13 01:20:51 - [TEST_STEP][PASSED] - delay: Delayed 5 second(s)

2018-12-13 01:20:56 - [MESSAGE][PASSED] - Delayed 5 second(s)

2018-12-13 01:20:56 - [MESSAGE][PASSED] - Call Test Case 'Test Cases/Final Aug 2018 - PKS Automation/Create Employer Acc/Login to Employer Account (Second time)' successfully

2018-12-13 01:20:56 - [TEST_STEP][PASSED] - Statement - Try: null

2018-12-13 01:20:56 - [TEST_STEP][PASSED] - Statement - Checker = com.kms.katalon.core.webui.keyword.WebUiBuiltInKeywords.verifyElementNotPresent("Final Object Repo/Landing Page/Select to English", 3): null

2018-12-13 01:20:56 - [TEST_STEP][PASSED] - Statement - Catch (Exception e): null

2018-12-13 01:20:56 - [TEST_STEP][PASSED] - Statement - e.printStackTrace(): null

2018-12-13 01:20:56 - [TEST_STEP][PASSED] - delay: Delayed 5 second(s)

2018-12-13 01:21:01 - [MESSAGE][PASSED] - Delayed 5 second(s)

2018-12-13 01:21:01 - [TEST_STEP][PASSED] - click: Object: 'Object Repository/Final Object Repo/Landing Page/My Sites Drop Down' is clicked on

2018-12-13 01:21:01 - [MESSAGE][PASSED] - Object: 'Object Repository/Final Object Repo/Landing Page/My Sites Drop Down' is clicked on

2018-12-13 01:21:01 - [TEST_STEP][PASSED] - click: Object: 'Object Repository/Final Object Repo/Landing Page/Select to Registration Module' is clicked on

2018-12-13 01:21:04 - [MESSAGE][PASSED] - Object: 'Object Repository/Final Object Repo/Landing Page/Select to Registration Module' is clicked on

2018-12-13 01:21:04 - [TEST_STEP][PASSED] - click: Object: 'Object Repository/Final Object Repo/Landing Page/Registration Button' is clicked on

2018-12-13 01:21:05 - [MESSAGE][PASSED] - Object: 'Object Repository/Final Object Repo/Landing Page/Registration Button' is clicked on

2018-12-13 01:21:05 - [TEST_STEP][PASSED] - delay: Delayed 2 second(s)

2018-12-13 01:21:07 - [MESSAGE][PASSED] - Delayed 2 second(s)

2018-12-13 01:21:07 - [TEST_STEP][PASSED] - click: Object: 'Object Repository/Final Object Repo/New Registration - Registration Module Pages/New Reg - OTC to RO/Special Case - OTC - Form 1/AEC NO' is clicked on

2018-12-13 01:21:08 - [MESSAGE][PASSED] - Object: 'Object Repository/Final Object Repo/New Registration - Registration Module Pages/New Reg - OTC to RO/Special Case - OTC - Form 1/AEC NO' is clicked on

2018-12-13 01:21:08 - [TEST_STEP][PASSED] - click: Object: 'Object Repository/Final Object Repo/New Registration - Registration Module Pages/New Reg - OTC to RO/Special Case - OTC - Form 1/Business Entity - Please Select' is clicked on

2018-12-13 01:21:08 - [MESSAGE][PASSED] - Object: 'Object Repository/Final Object Repo/New Registration - Registration Module Pages/New Reg - OTC to RO/Special Case - OTC - Form 1/Business Entity - Please Select' is clicked on

2018-12-13 01:21:08 - [TEST_STEP][PASSED] - click: Object: 'Object Repository/Final Object Repo/New Registration - Registration Module Pages/New Reg - OTC to RO/Special Case - OTC - Form 1/Selected - Corporation' is clicked on

2018-12-13 01:21:08 - [MESSAGE][PASSED] - Object: 'Object Repository/Final Object Repo/New Registration - Registration Module Pages/New Reg - OTC to RO/Special Case - OTC - Form 1/Selected - Corporation' is clicked on

2018-12-13 01:21:08 - [TEST_STEP][PASSED] - delay: Delayed 2 second(s)

2018-12-13 01:21:10 - [MESSAGE][PASSED] - Delayed 2 second(s)

2018-12-13 01:21:10 - [TEST_STEP][PASSED] - click: Object: 'Object Repository/Final Object Repo/New Registration - Registration Module Pages/New Reg - OTC to RO/Special Case - OTC - Form 1/Sub Business Entity - Please Select' is clicked on

2018-12-13 01:21:10 - [MESSAGE][PASSED] - Object: 'Object Repository/Final Object Repo/New Registration - Registration Module Pages/New Reg - OTC to RO/Special Case - OTC - Form 1/Sub Business Entity - Please Select' is clicked on

2018-12-13 01:21:10 - [TEST_STEP][PASSED] - delay: Delayed 2 second(s)

2018-12-13 01:21:12 - [MESSAGE][PASSED] - Delayed 2 second(s)

2018-12-13 01:21:12 - [TEST_STEP][PASSED] - click: Object: 'Object Repository/Final Object Repo/New Registration - Registration Module Pages/New Reg - OTC to RO/Special Case - OTC - Form 1/Selected - Sendirian Berhad' is clicked on

2018-12-13 01:21:12 - [MESSAGE][PASSED] - Object: 'Object Repository/Final Object Repo/New Registration - Registration Module Pages/New Reg - OTC to RO/Special Case - OTC - Form 1/Selected - Sendirian Berhad' is clicked on

2018-12-13 01:21:12 - [TEST_STEP][PASSED] - setText: Text 'AUTOMATE001' is set on object 'Object Repository/Final Object Repo/New Registration - Registration Module Pages/New Reg - OTC to RO/Special Case - OTC - Form 1/Input BRN Number'

2018-12-13 01:21:13 - [MESSAGE][PASSED] - Text 'AUTOMATE001' is set on object 'Object Repository/Final Object Repo/New Registration - Registration Module Pages/New Reg - OTC to RO/Special Case - OTC - Form 1/Input BRN Number'

2018-12-13 01:21:13 - [TEST_STEP][PASSED] - delay: Delayed 2 second(s)

2018-12-13 01:21:15 - [MESSAGE][PASSED] - Delayed 2 second(s)

2018-12-13 01:21:15 - [TEST_STEP][PASSED] - click: Object: 'Object Repository/Final Object Repo/New Registration - Registration Module Pages/New Reg - OTC to RO/Special Case - OTC - Form 1/BRN Search' is clicked on

2018-12-13 01:21:15 - [MESSAGE][PASSED] - Object: 'Object Repository/Final Object Repo/New Registration - Registration Module Pages/New Reg - OTC to RO/Special Case - OTC - Form 1/BRN Search' is clicked on

2018-12-13 01:21:15 - [TEST_STEP][PASSED] - delay: Delayed 4 second(s)

2018-12-13 01:21:19 - [MESSAGE][PASSED] - Delayed 4 second(s)

2018-12-13 01:21:19 - [TEST_STEP][PASSED] - click: Object: 'Object Repository/Final Object Repo/New Registration - Registration Module Pages/New Reg - OTC to RO/Special Case - OTC - Form 1/Registered with SSM - After Feb 2017' is clicked on

2018-12-13 01:21:19 - [MESSAGE][PASSED] - Object: 'Object Repository/Final Object Repo/New Registration - Registration Module Pages/New Reg - OTC to RO/Special Case - OTC - Form 1/Registered with SSM - After Feb 2017' is clicked on

2018-12-13 01:21:19 - [TEST_STEP][PASSED] - delay: Delayed 2 second(s)

2018-12-13 01:21:21 - [MESSAGE][PASSED] - Delayed 2 second(s)

2018-12-13 01:21:21 - [TEST_STEP][PASSED] - click: Object: 'Object Repository/Final Object Repo/New Registration - Registration Module Pages/New Reg - OTC to RO/Special Case - OTC - Form 1/Registering As A Branch - No' is clicked on

2018-12-13 01:21:21 - [MESSAGE][PASSED] - Object: 'Object Repository/Final Object Repo/New Registration - Registration Module Pages/New Reg - OTC to RO/Special Case - OTC - Form 1/Registering As A Branch - No' is clicked on

2018-12-13 01:21:21 - [TEST_STEP][PASSED] - click: Object: 'Object Repository/Final Object Repo/New Registration - Registration Module Pages/New Reg - OTC to RO/Special Case - OTC - Form 1/Acknowledgement Ticked' is clicked on

2018-12-13 01:21:21 - [MESSAGE][PASSED] - Object: 'Object Repository/Final Object Repo/New Registration - Registration Module Pages/New Reg - OTC to RO/Special Case - OTC - Form 1/Acknowledgement Ticked' is clicked on

2018-12-13 01:21:21 - [TEST_STEP][PASSED] - delay: Delayed 2 second(s)

2018-12-13 01:21:23 - [MESSAGE][PASSED] - Delayed 2 second(s)

2018-12-13 01:21:23 - [TEST_STEP][PASSED] - callTestCase: Call Test Case 'Test Cases/Final Aug 2018 - PKS Automation/Create Employer Acc/Template/Employer Email Getter' successfully

2018-12-13 01:21:24 - [TEST_CASE][PASSED] - Test Cases/Final Aug 2018 - PKS Automation/Create Employer Acc/Template/Employer Email Getter: Test Cases/Final Aug 2018 - PKS Automation/Create Employer Acc/Template/Employer Email Getter

2018-12-13 01:21:24 - [TEST_STEP][PASSED] - Statement - Try: null

2018-12-13 01:21:24 - [TEST_STEP][PASSED] - Statement - EmpEmail = new java.io.File(C://Users//Admin//Desktop//PKS//Automation Reference Point//EmpEmail.txt): null

2018-12-13 01:21:24 - [TEST_STEP][PASSED] - Statement - bufferread = new java.io.BufferedReader(new java.io.FileReader(EmpEmail)): null

2018-12-13 01:21:24 - [TEST_STEP][PASSED] - Statement - readedVal = bufferread.readLine(): null

2018-12-13 01:21:24 - [TEST_STEP][PASSED] - Statement - out.println(readedVal): null

2018-12-13 01:21:24 - [TEST_STEP][PASSED] - Statement - Email = readedVal: null

2018-12-13 01:21:24 - [MESSAGE][PASSED] - Call Test Case 'Test Cases/Final Aug 2018 - PKS Automation/Create Employer Acc/Template/Employer Email Getter' successfully

2018-12-13 01:21:24 - [TEST_STEP][PASSED] - setText: Text 'perkeso938416419202@gmail.com' is set on object 'Object Repository/Final Object Repo/Creating Employer Account/Email'

2018-12-13 01:21:24 - [MESSAGE][PASSED] - Text 'perkeso938416419202@gmail.com' is set on object 'Object Repository/Final Object Repo/Creating Employer Account/Email'

2018-12-13 01:21:24 - [TEST_STEP][PASSED] - delay: Delayed 2 second(s)

2018-12-13 01:21:26 - [MESSAGE][PASSED] - Delayed 2 second(s)

2018-12-13 01:21:26 - [TEST_STEP][PASSED] - click: Object: 'Object Repository/Final Object Repo/New Registration - Registration Module Pages/New Reg - OTC to RO/Special Case - OTC - Form 1/Submit Button' is clicked on

2018-12-13 01:21:27 - [MESSAGE][PASSED] - Object: 'Object Repository/Final Object Repo/New Registration - Registration Module Pages/New Reg - OTC to RO/Special Case - OTC - Form 1/Submit Button' is clicked on

2018-12-13 01:21:27 - [TEST_STEP][PASSED] - delay: Delayed 2 second(s)

2018-12-13 01:21:29 - [MESSAGE][PASSED] - Delayed 2 second(s)

2018-12-13 01:21:29 - [TEST_STEP][PASSED] - click: Object: 'Object Repository/Final Object Repo/New Registration - Registration Module Pages/New Reg - OTC to RO/Special Case - OTC - Form 1/Confirm No Flagging as Branch' is clicked on

2018-12-13 01:21:29 - [MESSAGE][PASSED] - Object: 'Object Repository/Final Object Repo/New Registration - Registration Module Pages/New Reg - OTC to RO/Special Case - OTC - Form 1/Confirm No Flagging as Branch' is clicked on

2018-12-13 01:21:29 - [MESSAGE][PASSED] - Call Test Case 'Test Cases/Final Aug 2018 - PKS Automation/Registration Module/Workflow/New Registration/Template/Special Case - Employer - Form 1' successfully

2018-12-13 01:21:29 - [TEST_STEP][PASSED] - callTestCase: Call Test Case 'Test Cases/Final Aug 2018 - PKS Automation/Registration Module/New Registration/Form 2/Add 1 Eligible - Employer Account Use' successfully

2018-12-13 01:21:29 - [TEST_CASE][PASSED] - Test Cases/Final Aug 2018 - PKS Automation/Registration Module/New Registration/Form 2/Add 1 Eligible - Employer Account Use: Test Cases/Final Aug 2018 - PKS Automation/Registration Module/New Registration/Form 2/Add 1 Eligible - Employer Account Use

2018-12-13 01:21:29 - [TEST_STEP][PASSED] - delay: Delayed 2 second(s)

2018-12-13 01:21:31 - [MESSAGE][PASSED] - Delayed 2 second(s)

2018-12-13 01:21:31 - [TEST_STEP][PASSED] - callTestCase: Call Test Case 'Test Cases/Final Aug 2018 - PKS Automation/Registration Module/New Registration/Form 2/Date Updater' successfully

2018-12-13 01:21:31 - [TEST_CASE][PASSED] - Test Cases/Final Aug 2018 - PKS Automation/Registration Module/New Registration/Form 2/Date Updater: Test Cases/Final Aug 2018 - PKS Automation/Registration Module/New Registration/Form 2/Date Updater

2018-12-13 01:21:31 - [TEST_STEP][PASSED] - Statement - TodayDate = new java.util.Date(): null

2018-12-13 01:21:31 - [TEST_STEP][PASSED] - Statement - CurrentDateNoFilter = new java.text.SimpleDateFormat(): null

2018-12-13 01:21:31 - [TEST_STEP][PASSED] - Statement - CurrentDateNoFilter.applyPattern("MM"): null

2018-12-13 01:21:31 - [TEST_STEP][PASSED] - Statement - monthContainerMatcher = java.lang.Integer.parseInt(CurrentDateNoFilter.format(TodayDate)): null

2018-12-13 01:21:31 - [TEST_STEP][PASSED] - Statement - monthContainerMatcher = monthContainerMatcher - 1: null

2018-12-13 01:21:31 - [TEST_STEP][PASSED] - Statement - CurrentMonth = monthContainerMatcher.toString(): null

2018-12-13 01:21:31 - [TEST_STEP][PASSED] - Statement - CurrentMonth = CurrentMonth: null

2018-12-13 01:21:31 - [TEST_STEP][PASSED] - Statement - CurrentDateNoFilter.applyPattern("yyyy"): null

2018-12-13 01:21:31 - [TEST_STEP][PASSED] - Statement - CurrentYear = CurrentDateNoFilter.format(TodayDate): null

2018-12-13 01:21:31 - [TEST_STEP][PASSED] - Statement - CurrentYear = CurrentYear: null

2018-12-13 01:21:31 - [TEST_STEP][PASSED] - Statement - intCurrentYear = java.lang.Integer.parseInt(CurrentDateNoFilter.format(TodayDate)): null

2018-12-13 01:21:31 - [TEST_STEP][PASSED] - Statement - eighteenYrsAgo = intCurrentYear - 18: null

2018-12-13 01:21:31 - [TEST_STEP][PASSED] - Statement - eighteenYrsBeforeThisYr = eighteenYrsAgo.toString(): null

2018-12-13 01:21:31 - [TEST_STEP][PASSED] - Statement - EighteenYrsBefore = eighteenYrsBeforeThisYr: null

2018-12-13 01:21:31 - [TEST_STEP][PASSED] - Statement - fiftysevenYrsAgo = intCurrentYear - 57: null

2018-12-13 01:21:31 - [TEST_STEP][PASSED] - Statement - fiftysevenYrsBeforeThisYr = fiftysevenYrsAgo.toString(): null

2018-12-13 01:21:31 - [TEST_STEP][PASSED] - Statement - FiftysevenYrsBefore = fiftysevenYrsBeforeThisYr: null

2018-12-13 01:21:31 - [TEST_STEP][PASSED] - Statement - leapYear = false: null

2018-12-13 01:21:31 - [TEST_STEP][PASSED] - Statement - leapYear = intCurrentYear % 4 == 0: null

2018-12-13 01:21:31 - [TEST_STEP][PASSED] - Statement - CurrentDateNoFilter.applyPattern("dd"): null

2018-12-13 01:21:31 - [TEST_STEP][PASSED] - Statement - CurrentDate = CurrentDateNoFilter.format(TodayDate): null

2018-12-13 01:21:31 - [TEST_STEP][PASSED] - Statement - CurrentDate = java.lang.Integer.parseInt(CurrentDate): null

2018-12-13 01:21:31 - [TEST_STEP][PASSED] - Statement - CurrentDate = CurrentDate: null

2018-12-13 01:21:31 - [TEST_STEP][PASSED] - Statement - CurrentDay = java.lang.Integer.parseInt(CurrentDate): null

2018-12-13 01:21:31 - [TEST_STEP][PASSED] - Statement - ConfAdder = <not implemented yet for class: org.codehaus.groovy.ast.expr.EmptyExpression>: null

2018-12-13 01:21:31 - [TEST_STEP][PASSED] - Statement - out.println(CurrentMonth): null

2018-12-13 01:21:31 - [TEST_STEP][PASSED] - Statement - out.println(CurrentDate): null

2018-12-13 01:21:31 - [TEST_STEP][PASSED] - Statement - switch (CurrentDate): null

2018-12-13 01:21:31 - [TEST_STEP][PASSED] - Statement - Default: null

2018-12-13 01:21:31 - [TEST_STEP][PASSED] - Statement - ConfAdder = true: null

2018-12-13 01:21:31 - [TEST_STEP][PASSED] - Statement - Break: null

2018-12-13 01:21:31 - [TEST_STEP][PASSED] - Statement - aDayBefore = <not implemented yet for class: org.codehaus.groovy.ast.expr.EmptyExpression>: null

2018-12-13 01:21:31 - [TEST_STEP][PASSED] - Statement - out.println(ConfAdder): null

2018-12-13 01:21:31 - [TEST_STEP][PASSED] - Statement - If (ConfAdder == true): null

2018-12-13 01:21:31 - [TEST_STEP][PASSED] - Statement - aDayBefore = CurrentDay + 1: null

2018-12-13 01:21:31 - [TEST_STEP][PASSED] - Statement - out.println(aDayBefore): null

2018-12-13 01:21:31 - [TEST_STEP][PASSED] - Statement - If (aDayBefore == 1 && CurrentMonth == 11): null

2018-12-13 01:21:31 - [TEST_STEP][PASSED] - Statement - DayBefore = aDayBefore.toString(): null

2018-12-13 01:21:31 - [TEST_STEP][PASSED] - Statement - OneDayBefore = DayBefore: null

2018-12-13 01:21:31 - [MESSAGE][PASSED] - Call Test Case 'Test Cases/Final Aug 2018 - PKS Automation/Registration Module/New Registration/Form 2/Date Updater' successfully

2018-12-13 01:21:31 - [TEST_STEP][PASSED] - delay: Delayed 1 second(s)

2018-12-13 01:21:32 - [MESSAGE][PASSED] - Delayed 1 second(s)

2018-12-13 01:21:32 - [TEST_STEP][PASSED] - Statement - CaseReferenceNo = com.kms.katalon.core.webui.keyword.WebUiBuiltInKeywords.getText(com.kms.katalon.core.testobject.ObjectRepository.findTestObject(Final Object Repo/New Registration - Registration Module Pages/Form 2/RefNo Acquiring)): Text of object 'Object Repository/Final Object Repo/New Registration - Registration Module Pages/Form 2/RefNo Acquiring' is: 'CRN12201800123257'

2018-12-13 01:21:32 - [MESSAGE][PASSED] - Text of object 'Object Repository/Final Object Repo/New Registration - Registration Module Pages/Form 2/RefNo Acquiring' is: 'CRN12201800123257'

2018-12-13 01:21:32 - [TEST_STEP][PASSED] - delay: Delayed 1 second(s)

2018-12-13 01:21:33 - [MESSAGE][PASSED] - Delayed 1 second(s)

2018-12-13 01:21:33 - [TEST_STEP][PASSED] - click: Object: 'Object Repository/Final Object Repo/New Registration - Registration Module Pages/Form 2/Add Employee Button' is clicked on

2018-12-13 01:21:33 - [MESSAGE][PASSED] - Object: 'Object Repository/Final Object Repo/New Registration - Registration Module Pages/Form 2/Add Employee Button' is clicked on

2018-12-13 01:21:33 - [TEST_STEP][PASSED] - delay: Delayed 1 second(s)

2018-12-13 01:21:34 - [MESSAGE][PASSED] - Delayed 1 second(s)

2018-12-13 01:21:34 - [TEST_STEP][PASSED] - setText: Text '010903091948' is set on object 'Object Repository/Final Object Repo/New Registration - Registration Module Pages/Form 2/NRIC Input'

2018-12-13 01:21:34 - [MESSAGE][PASSED] - Text '010903091948' is set on object 'Object Repository/Final Object Repo/New Registration - Registration Module Pages/Form 2/NRIC Input'

2018-12-13 01:21:34 - [TEST_STEP][PASSED] - delay: Delayed 2 second(s)

2018-12-13 01:21:36 - [MESSAGE][PASSED] - Delayed 2 second(s)

2018-12-13 01:21:36 - [TEST_STEP][PASSED] - setText: Text 'Automate001 eligible 1' is set on object 'Object Repository/Final Object Repo/New Registration - Registration Module Pages/Form 2/Employee Name Input'

2018-12-13 01:21:37 - [MESSAGE][PASSED] - Text 'Automate001 eligible 1' is set on object 'Object Repository/Final Object Repo/New Registration - Registration Module Pages/Form 2/Employee Name Input'

2018-12-13 01:21:37 - [TEST_STEP][PASSED] - delay: Delayed 2 second(s)

2018-12-13 01:21:39 - [MESSAGE][PASSED] - Delayed 2 second(s)

2018-12-13 01:21:39 - [TEST_STEP][PASSED] - click: Object: 'Object Repository/Final Object Repo/New Registration - Registration Module Pages/Form 2/DatePicker Pop Up' is clicked on

2018-12-13 01:21:39 - [MESSAGE][PASSED] - Object: 'Object Repository/Final Object Repo/New Registration - Registration Module Pages/Form 2/DatePicker Pop Up' is clicked on

2018-12-13 01:21:39 - [TEST_STEP][PASSED] - click: Object: 'Object Repository/Final Object Repo/New Registration - Registration Module Pages/Form 2/DOB Month' is clicked on

2018-12-13 01:21:39 - [MESSAGE][PASSED] - Object: 'Object Repository/Final Object Repo/New Registration - Registration Module Pages/Form 2/DOB Month' is clicked on

2018-12-13 01:21:39 - [TEST_STEP][PASSED] - Statement - CurrentMonth = CurrentMonth: null

2018-12-13 01:21:39 - [TEST_STEP][PASSED] - Statement - selectMonth = new com.kms.katalon.core.testobject.TestObject(): null

2018-12-13 01:21:39 - [TEST_STEP][PASSED] - Statement - selectMonth.addProperty("xpath", EQUALS, "//body/div/div/div/select/option[@value='" + CurrentMonth + "']", true): null

2018-12-13 01:21:39 - [TEST_STEP][PASSED] - click: Object: '' is clicked on

2018-12-13 01:21:39 - [MESSAGE][PASSED] - Object: '' is clicked on

2018-12-13 01:21:39 - [TEST_STEP][PASSED] - click: Object: 'Object Repository/Final Object Repo/New Registration - Registration Module Pages/Form 2/DOB Year' is clicked on

2018-12-13 01:21:40 - [MESSAGE][PASSED] - Object: 'Object Repository/Final Object Repo/New Registration - Registration Module Pages/Form 2/DOB Year' is clicked on

2018-12-13 01:21:40 - [TEST_STEP][PASSED] - Statement - Eyearsbf = EighteenYrsBefore: null

2018-12-13 01:21:40 - [TEST_STEP][PASSED] - Statement - selectYear = new com.kms.katalon.core.testobject.TestObject(): null

2018-12-13 01:21:40 - [TEST_STEP][PASSED] - Statement - selectYear.addProperty("xpath", EQUALS, "//div/div/div/select/option[@value='" + Eyearsbf + "']", true): null

2018-12-13 01:21:40 - [TEST_STEP][PASSED] - click: Object: '' is clicked on

2018-12-13 01:21:40 - [MESSAGE][PASSED] - Object: '' is clicked on

2018-12-13 01:21:40 - [TEST_STEP][PASSED] - Statement - UpdatedSelectDate = com.kms.katalon.core.webui.keyword.WebUiBuiltInKeywords.modifyObjectProperty(com.kms.katalon.core.testobject.ObjectRepository.findTestObject(Final Object Repo/New Registration - Registration Module Pages/Form 2/DOB Date), "xpath", "equals", "//body/div/table/tbody/tr/td/a[text()="" + CurrentDate + ""]", true): Modify property of object successfully

2018-12-13 01:21:40 - [MESSAGE][PASSED] - Modify property of object successfully

2018-12-13 01:21:40 - [TEST_STEP][PASSED] - delay: Delayed 3 second(s)

2018-12-13 01:21:43 - [MESSAGE][PASSED] - Delayed 3 second(s)

2018-12-13 01:21:43 - [TEST_STEP][PASSED] - click: Object: 'Object Repository/Final Object Repo/New Registration - Registration Module Pages/Form 2/DOB Date' is clicked on

2018-12-13 01:21:43 - [MESSAGE][PASSED] - Object: 'Object Repository/Final Object Repo/New Registration - Registration Module Pages/Form 2/DOB Date' is clicked on

2018-12-13 01:21:43 - [TEST_STEP][PASSED] - delay: Delayed 2 second(s)

2018-12-13 01:21:45 - [MESSAGE][PASSED] - Delayed 2 second(s)

2018-12-13 01:21:45 - [TEST_STEP][PASSED] - click: Object: 'Object Repository/Final Object Repo/New Registration - Registration Module Pages/Form 2/EmploymentStartDate Pop Up' is clicked on

2018-12-13 01:21:45 - [MESSAGE][PASSED] - Object: 'Object Repository/Final Object Repo/New Registration - Registration Module Pages/Form 2/EmploymentStartDate Pop Up' is clicked on

2018-12-13 01:21:45 - [TEST_STEP][PASSED] - delay: Delayed 2 second(s)

2018-12-13 01:21:47 - [MESSAGE][PASSED] - Delayed 2 second(s)

2018-12-13 01:21:47 - [TEST_STEP][PASSED] - click: Object: 'Object Repository/Final Object Repo/New Registration - Registration Module Pages/Form 2/Socso Employment StartDate Month' is clicked on

2018-12-13 01:21:47 - [MESSAGE][PASSED] - Object: 'Object Repository/Final Object Repo/New Registration - Registration Module Pages/Form 2/Socso Employment StartDate Month' is clicked on

2018-12-13 01:21:47 - [TEST_STEP][PASSED] - delay: Delayed 1 second(s)

2018-12-13 01:21:48 - [MESSAGE][PASSED] - Delayed 1 second(s)

2018-12-13 01:21:48 - [TEST_STEP][PASSED] - click: Object: 'Object Repository/Final Object Repo/New Registration - Registration Module Pages/Form 2/Select Socso Employement Startdate Month' is clicked on

2018-12-13 01:21:48 - [MESSAGE][PASSED] - Object: 'Object Repository/Final Object Repo/New Registration - Registration Module Pages/Form 2/Select Socso Employement Startdate Month' is clicked on

2018-12-13 01:21:48 - [TEST_STEP][PASSED] - delay: Delayed 2 second(s)

2018-12-13 01:21:50 - [MESSAGE][PASSED] - Delayed 2 second(s)

2018-12-13 01:21:50 - [TEST_STEP][PASSED] - click: Object: 'Object Repository/Final Object Repo/New Registration - Registration Module Pages/Form 2/Socso Employment StartDate Year' is clicked on

2018-12-13 01:21:51 - [MESSAGE][PASSED] - Object: 'Object Repository/Final Object Repo/New Registration - Registration Module Pages/Form 2/Socso Employment StartDate Year' is clicked on

2018-12-13 01:21:51 - [TEST_STEP][PASSED] - delay: Delayed 1 second(s)

2018-12-13 01:21:52 - [MESSAGE][PASSED] - Delayed 1 second(s)

2018-12-13 01:21:52 - [TEST_STEP][PASSED] - click: Object: 'Object Repository/Final Object Repo/New Registration - Registration Module Pages/Form 2/Select Socso Employment Startdate Year' is clicked on

2018-12-13 01:21:52 - [MESSAGE][PASSED] - Object: 'Object Repository/Final Object Repo/New Registration - Registration Module Pages/Form 2/Select Socso Employment Startdate Year' is clicked on

2018-12-13 01:21:52 - [TEST_STEP][PASSED] - delay: Delayed 2 second(s)

2018-12-13 01:21:54 - [MESSAGE][PASSED] - Delayed 2 second(s)

2018-12-13 01:21:54 - [TEST_STEP][PASSED] - click: Object: 'Object Repository/Final Object Repo/New Registration - Registration Module Pages/Form 2/Socso Employment Start Date Day' is clicked on

2018-12-13 01:21:54 - [MESSAGE][PASSED] - Object: 'Object Repository/Final Object Repo/New Registration - Registration Module Pages/Form 2/Socso Employment Start Date Day' is clicked on

2018-12-13 01:21:54 - [TEST_STEP][PASSED] - delay: Delayed 2 second(s)

2018-12-13 01:21:56 - [MESSAGE][PASSED] - Delayed 2 second(s)

2018-12-13 01:21:56 - [TEST_STEP][PASSED] - click: Object: 'Object Repository/Final Object Repo/New Registration - Registration Module Pages/Form 2/Save Button for Add Employee' is clicked on

2018-12-13 01:21:56 - [MESSAGE][PASSED] - Object: 'Object Repository/Final Object Repo/New Registration - Registration Module Pages/Form 2/Save Button for Add Employee' is clicked on

2018-12-13 01:21:56 - [TEST_STEP][PASSED] - delay: Delayed 6 second(s)

2018-12-13 01:22:02 - [MESSAGE][PASSED] - Delayed 6 second(s)

2018-12-13 01:22:02 - [TEST_STEP][PASSED] - click: Object: 'Object Repository/Final Object Repo/New Registration - Registration Module Pages/Form 2/Save and Continue Form 2' is clicked on

2018-12-13 01:22:02 - [MESSAGE][PASSED] - Object: 'Object Repository/Final Object Repo/New Registration - Registration Module Pages/Form 2/Save and Continue Form 2' is clicked on

2018-12-13 01:22:02 - [MESSAGE][PASSED] - Call Test Case 'Test Cases/Final Aug 2018 - PKS Automation/Registration Module/New Registration/Form 2/Add 1 Eligible - Employer Account Use' successfully

2018-12-13 01:22:02 - [TEST_STEP][PASSED] - callTestCase: Call Test Case 'Test Cases/Final Aug 2018 - PKS Automation/Registration Module/New Registration/Flow of New Registration/Third Screen - Upload Supporting Doc - Preview' successfully

2018-12-13 01:22:02 - [TEST_CASE][PASSED] - Test Cases/Final Aug 2018 - PKS Automation/Registration Module/New Registration/Flow of New Registration/Third Screen - Upload Supporting Doc - Preview: Test Cases/Final Aug 2018 - PKS Automation/Registration Module/New Registration/Flow of New Registration/Third Screen - Upload Supporting Doc - Preview

2018-12-13 01:22:02 - [TEST_STEP][PASSED] - waitForPageLoad: Wait for page load successfully

2018-12-13 01:22:03 - [MESSAGE][PASSED] - Wait for page load successfully

2018-12-13 01:22:03 - [TEST_STEP][PASSED] - Statement - CaseReferenceNo = com.kms.katalon.core.webui.keyword.WebUiBuiltInKeywords.getText(com.kms.katalon.core.testobject.ObjectRepository.findTestObject(Final Object Repo/New Registration - Registration Module Pages/Third Screen - Upload Supporting Doc- Preview/RefNo Acquiring)): Text of object 'Object Repository/Final Object Repo/New Registration - Registration Module Pages/Third Screen - Upload Supporting Doc- Preview/RefNo Acquiring' is: 'CRN12201800123257'

2018-12-13 01:22:03 - [MESSAGE][PASSED] - Text of object 'Object Repository/Final Object Repo/New Registration - Registration Module Pages/Third Screen - Upload Supporting Doc- Preview/RefNo Acquiring' is: 'CRN12201800123257'

2018-12-13 01:22:03 - [TEST_STEP][PASSED] - delay: Delayed 2 second(s)

2018-12-13 01:22:05 - [MESSAGE][PASSED] - Delayed 2 second(s)

2018-12-13 01:22:05 - [TEST_STEP][PASSED] - callTestCase: Call Test Case 'Test Cases/Final Aug 2018 - PKS Automation/Common/Reference Number Setter' successfully

2018-12-13 01:22:05 - [TEST_CASE][PASSED] - Test Cases/Final Aug 2018 - PKS Automation/Common/Reference Number Setter: Test Cases/Final Aug 2018 - PKS Automation/Common/Reference Number Setter

2018-12-13 01:22:05 - [TEST_STEP][PASSED] - Statement - RefNoOldFile = new java.io.File(C://Users//Admin//Desktop//PKS//Automation Reference Point//KatalonReference.txt): null

2018-12-13 01:22:05 - [TEST_STEP][PASSED] - Statement - RefNoOldFile.delete(): null

2018-12-13 01:22:05 - [TEST_STEP][PASSED] - delay: Delayed 5 second(s)

2018-12-13 01:22:10 - [MESSAGE][PASSED] - Delayed 5 second(s)

2018-12-13 01:22:10 - [TEST_STEP][PASSED] - Statement - RefNo = new java.io.File(C://Users//Admin//Desktop//PKS//Automation Reference Point//KatalonReference.txt): null

2018-12-13 01:22:10 - [TEST_STEP][PASSED] - Statement - f2 = new java.io.FileWriter(RefNo, false): null

2018-12-13 01:22:10 - [TEST_STEP][PASSED] - Statement - f2.write(CaseReferenceNo): null

2018-12-13 01:22:10 - [TEST_STEP][PASSED] - Statement - f2.close(): null

2018-12-13 01:22:10 - [TEST_STEP][PASSED] - Statement - out.println("


" + CaseReferenceNo + "


"): null

2018-12-13 01:22:10 - [MESSAGE][PASSED] - Call Test Case 'Test Cases/Final Aug 2018 - PKS Automation/Common/Reference Number Setter' successfully

2018-12-13 01:22:10 - [TEST_STEP][PASSED] - waitForElementClickable: Object 'Object Repository/Final Object Repo/New Registration - Registration Module Pages/Third Screen - Upload Supporting Doc- Preview/Save n Continue in SIP Employee Listing Page' is clickable

2018-12-13 01:22:10 - [MESSAGE][PASSED] - Object 'Object Repository/Final Object Repo/New Registration - Registration Module Pages/Third Screen - Upload Supporting Doc- Preview/Save n Continue in SIP Employee Listing Page' is clickable

2018-12-13 01:22:10 - [TEST_STEP][PASSED] - click: Object: 'Object Repository/Final Object Repo/New Registration - Registration Module Pages/Third Screen - Upload Supporting Doc- Preview/Save n Continue in SIP Employee Listing Page' is clicked on

2018-12-13 01:22:16 - [MESSAGE][PASSED] - Object: 'Object Repository/Final Object Repo/New Registration - Registration Module Pages/Third Screen - Upload Supporting Doc- Preview/Save n Continue in SIP Employee Listing Page' is clicked on

2018-12-13 01:22:16 - [TEST_STEP][PASSED] - delay: Delayed 7 second(s)

2018-12-13 01:22:23 - [MESSAGE][PASSED] - Delayed 7 second(s)

2018-12-13 01:22:23 - [TEST_STEP][PASSED] - click: Object: 'Object Repository/Final Object Repo/New Registration - Registration Module Pages/Third Screen - Upload Supporting Doc- Preview/Add Document Button' is clicked on

2018-12-13 01:22:23 - [MESSAGE][PASSED] - Object: 'Object Repository/Final Object Repo/New Registration - Registration Module Pages/Third Screen - Upload Supporting Doc- Preview/Add Document Button' is clicked on

2018-12-13 01:22:23 - [TEST_STEP][PASSED] - delay: Delayed 30 second(s)

2018-12-13 01:22:53 - [MESSAGE][PASSED] - Delayed 30 second(s)

2018-12-13 01:22:53 - [TEST_STEP][PASSED] - click: Object: 'Object Repository/Final Object Repo/New Registration - Registration Module Pages/Third Screen - Upload Supporting Doc- Preview/Supporting Doc Please Select Drop Down' is clicked on

2018-12-13 01:22:53 - [MESSAGE][PASSED] - Object: 'Object Repository/Final Object Repo/New Registration - Registration Module Pages/Third Screen - Upload Supporting Doc- Preview/Supporting Doc Please Select Drop Down' is clicked on

2018-12-13 01:22:53 - [TEST_STEP][PASSED] - delay: Delayed 2 second(s)

2018-12-13 01:22:55 - [MESSAGE][PASSED] - Delayed 2 second(s)

2018-12-13 01:22:55 - [TEST_STEP][PASSED] - click: Object: 'Object Repository/Final Object Repo/New Registration - Registration Module Pages/Third Screen - Upload Supporting Doc- Preview/Select to Upload Form 1' is clicked on

2018-12-13 01:22:56 - [MESSAGE][PASSED] - Object: 'Object Repository/Final Object Repo/New Registration - Registration Module Pages/Third Screen - Upload Supporting Doc- Preview/Select to Upload Form 1' is clicked on

2018-12-13 01:22:56 - [TEST_STEP][PASSED] - delay: Delayed 2 second(s)

2018-12-13 01:22:58 - [MESSAGE][PASSED] - Delayed 2 second(s)

2018-12-13 01:22:58 - [TEST_STEP][PASSED] - uploadFile: File 'C:\Users\Public\Pictures\Sample Pictures\Koala.jpg' sent to object: 'Object Repository/Final Object Repo/New Registration - Registration Module Pages/Third Screen - Upload Supporting Doc- Preview/Upload File Adding'

2018-12-13 01:22:58 - [MESSAGE][PASSED] - File 'C:\Users\Public\Pictures\Sample Pictures\Koala.jpg' sent to object: 'Object Repository/Final Object Repo/New Registration - Registration Module Pages/Third Screen - Upload Supporting Doc- Preview/Upload File Adding'

2018-12-13 01:22:58 - [TEST_STEP][PASSED] - delay: Delayed 5 second(s)

2018-12-13 01:23:03 - [MESSAGE][PASSED] - Delayed 5 second(s)

2018-12-13 01:23:03 - [TEST_STEP][PASSED] - click: Object: 'Object Repository/Final Object Repo/New Registration - Registration Module Pages/Third Screen - Upload Supporting Doc- Preview/Inner Form Add Document Button' is clicked on

2018-12-13 01:23:03 - [MESSAGE][PASSED] - Object: 'Object Repository/Final Object Repo/New Registration - Registration Module Pages/Third Screen - Upload Supporting Doc- Preview/Inner Form Add Document Button' is clicked on

2018-12-13 01:23:03 - [TEST_STEP][PASSED] - delay: Delayed 3 second(s)

2018-12-13 01:23:06 - [MESSAGE][PASSED] - Delayed 3 second(s)

2018-12-13 01:23:06 - [TEST_STEP][PASSED] - click: Object: 'Object Repository/Final Object Repo/New Registration - Registration Module Pages/Third Screen - Upload Supporting Doc- Preview/Add Document Button' is clicked on

2018-12-13 01:23:07 - [MESSAGE][PASSED] - Object: 'Object Repository/Final Object Repo/New Registration - Registration Module Pages/Third Screen - Upload Supporting Doc- Preview/Add Document Button' is clicked on

2018-12-13 01:23:07 - [TEST_STEP][PASSED] - delay: Delayed 30 second(s)

2018-12-13 01:23:37 - [MESSAGE][PASSED] - Delayed 30 second(s)

2018-12-13 01:23:37 - [TEST_STEP][PASSED] - click: Object: 'Object Repository/Final Object Repo/New Registration - Registration Module Pages/Third Screen - Upload Supporting Doc- Preview/Supporting Doc Please Select Drop Down' is clicked on

2018-12-13 01:23:37 - [MESSAGE][PASSED] - Object: 'Object Repository/Final Object Repo/New Registration - Registration Module Pages/Third Screen - Upload Supporting Doc- Preview/Supporting Doc Please Select Drop Down' is clicked on

2018-12-13 01:23:37 - [TEST_STEP][PASSED] - delay: Delayed 4 second(s)

2018-12-13 01:23:41 - [MESSAGE][PASSED] - Delayed 4 second(s)

2018-12-13 01:23:41 - [TEST_STEP][PASSED] - click: Object: 'Object Repository/Final Object Repo/New Registration - Registration Module Pages/Third Screen - Upload Supporting Doc- Preview/Select to Upload Form 2' is clicked on

2018-12-13 01:23:41 - [MESSAGE][PASSED] - Object: 'Object Repository/Final Object Repo/New Registration - Registration Module Pages/Third Screen - Upload Supporting Doc- Preview/Select to Upload Form 2' is clicked on

2018-12-13 01:23:41 - [TEST_STEP][PASSED] - delay: Delayed 2 second(s)

2018-12-13 01:23:43 - [MESSAGE][PASSED] - Delayed 2 second(s)

2018-12-13 01:23:43 - [TEST_STEP][PASSED] - uploadFile: File 'C:\Users\Public\Pictures\Sample Pictures\Koala.jpg' sent to object: 'Object Repository/Final Object Repo/New Registration - Registration Module Pages/Third Screen - Upload Supporting Doc- Preview/Upload File Adding'

2018-12-13 01:23:44 - [MESSAGE][PASSED] - File 'C:\Users\Public\Pictures\Sample Pictures\Koala.jpg' sent to object: 'Object Repository/Final Object Repo/New Registration - Registration Module Pages/Third Screen - Upload Supporting Doc- Preview/Upload File Adding'

2018-12-13 01:23:44 - [TEST_STEP][PASSED] - click: Object: 'Object Repository/Final Object Repo/New Registration - Registration Module Pages/Third Screen - Upload Supporting Doc- Preview/Inner Form Add Document Button' is clicked on

2018-12-13 01:23:44 - [MESSAGE][PASSED] - Object: 'Object Repository/Final Object Repo/New Registration - Registration Module Pages/Third Screen - Upload Supporting Doc- Preview/Inner Form Add Document Button' is clicked on

2018-12-13 01:23:44 - [TEST_STEP][PASSED] - delay: Delayed 5 second(s)

2018-12-13 01:23:49 - [MESSAGE][PASSED] - Delayed 5 second(s)

2018-12-13 01:23:49 - [TEST_STEP][PASSED] - click: Object: 'Object Repository/Final Object Repo/New Registration - Registration Module Pages/Third Screen - Upload Supporting Doc- Preview/Add Document Button' is clicked on

2018-12-13 01:23:49 - [MESSAGE][PASSED] - Object: 'Object Repository/Final Object Repo/New Registration - Registration Module Pages/Third Screen - Upload Supporting Doc- Preview/Add Document Button' is clicked on

2018-12-13 01:23:49 - [TEST_STEP][PASSED] - delay: Delayed 30 second(s)

2018-12-13 01:24:19 - [MESSAGE][PASSED] - Delayed 30 second(s)

2018-12-13 01:24:19 - [TEST_STEP][PASSED] - click: Object: 'Object Repository/Final Object Repo/New Registration - Registration Module Pages/Third Screen - Upload Supporting Doc- Preview/Supporting Doc Please Select Drop Down' is clicked on

2018-12-13 01:24:19 - [MESSAGE][PASSED] - Object: 'Object Repository/Final Object Repo/New Registration - Registration Module Pages/Third Screen - Upload Supporting Doc- Preview/Supporting Doc Please Select Drop Down' is clicked on

2018-12-13 01:24:19 - [TEST_STEP][PASSED] - click: Object: 'Object Repository/Final Object Repo/New Registration - Registration Module Pages/Third Screen - Upload Supporting Doc- Preview/Select to Upload Borang SIP 1' is clicked on

2018-12-13 01:24:19 - [MESSAGE][PASSED] - Object: 'Object Repository/Final Object Repo/New Registration - Registration Module Pages/Third Screen - Upload Supporting Doc- Preview/Select to Upload Borang SIP 1' is clicked on

2018-12-13 01:24:19 - [TEST_STEP][PASSED] - delay: Delayed 2 second(s)

2018-12-13 01:24:21 - [MESSAGE][PASSED] - Delayed 2 second(s)

2018-12-13 01:24:21 - [TEST_STEP][PASSED] - uploadFile: File 'C:\Users\Public\Pictures\Sample Pictures\Koala.jpg' sent to object: 'Object Repository/Final Object Repo/New Registration - Registration Module Pages/Third Screen - Upload Supporting Doc- Preview/Upload File Adding'

2018-12-13 01:24:21 - [MESSAGE][PASSED] - File 'C:\Users\Public\Pictures\Sample Pictures\Koala.jpg' sent to object: 'Object Repository/Final Object Repo/New Registration - Registration Module Pages/Third Screen - Upload Supporting Doc- Preview/Upload File Adding'

2018-12-13 01:24:21 - [TEST_STEP][PASSED] - click: Object: 'Object Repository/Final Object Repo/New Registration - Registration Module Pages/Third Screen - Upload Supporting Doc- Preview/Inner Form Add Document Button' is clicked on

2018-12-13 01:24:22 - [MESSAGE][PASSED] - Object: 'Object Repository/Final Object Repo/New Registration - Registration Module Pages/Third Screen - Upload Supporting Doc- Preview/Inner Form Add Document Button' is clicked on

2018-12-13 01:24:22 - [TEST_STEP][PASSED] - delay: Delayed 5 second(s)

2018-12-13 01:24:27 - [MESSAGE][PASSED] - Delayed 5 second(s)

2018-12-13 01:24:27 - [TEST_STEP][PASSED] - click: Object: 'Object Repository/Final Object Repo/New Registration - Registration Module Pages/Third Screen - Upload Supporting Doc- Preview/Add Document Button' is clicked on

2018-12-13 01:24:27 - [MESSAGE][PASSED] - Object: 'Object Repository/Final Object Repo/New Registration - Registration Module Pages/Third Screen - Upload Supporting Doc- Preview/Add Document Button' is clicked on

2018-12-13 01:24:27 - [TEST_STEP][PASSED] - delay: Delayed 30 second(s)

2018-12-13 01:24:57 - [MESSAGE][PASSED] - Delayed 30 second(s)

2018-12-13 01:24:57 - [TEST_STEP][PASSED] - click: Object: 'Object Repository/Final Object Repo/New Registration - Registration Module Pages/Third Screen - Upload Supporting Doc- Preview/Supporting Doc Please Select Drop Down' is clicked on

2018-12-13 01:24:57 - [MESSAGE][PASSED] - Object: 'Object Repository/Final Object Repo/New Registration - Registration Module Pages/Third Screen - Upload Supporting Doc- Preview/Supporting Doc Please Select Drop Down' is clicked on

2018-12-13 01:24:57 - [TEST_STEP][PASSED] - delay: Delayed 3 second(s)

2018-12-13 01:25:00 - [MESSAGE][PASSED] - Delayed 3 second(s)

2018-12-13 01:25:00 - [TEST_STEP][PASSED] - click: Object: 'Object Repository/Final Object Repo/New Registration - Registration Module Pages/Third Screen - Upload Supporting Doc- Preview/Select to Upload Borang SIP 2' is clicked on

2018-12-13 01:25:00 - [MESSAGE][PASSED] - Object: 'Object Repository/Final Object Repo/New Registration - Registration Module Pages/Third Screen - Upload Supporting Doc- Preview/Select to Upload Borang SIP 2' is clicked on

2018-12-13 01:25:00 - [TEST_STEP][PASSED] - delay: Delayed 2 second(s)

2018-12-13 01:25:02 - [MESSAGE][PASSED] - Delayed 2 second(s)

2018-12-13 01:25:02 - [TEST_STEP][PASSED] - uploadFile: File 'C:\Users\Public\Pictures\Sample Pictures\Koala.jpg' sent to object: 'Object Repository/Final Object Repo/New Registration - Registration Module Pages/Third Screen - Upload Supporting Doc- Preview/Upload File Adding'

2018-12-13 01:25:02 - [MESSAGE][PASSED] - File 'C:\Users\Public\Pictures\Sample Pictures\Koala.jpg' sent to object: 'Object Repository/Final Object Repo/New Registration - Registration Module Pages/Third Screen - Upload Supporting Doc- Preview/Upload File Adding'

2018-12-13 01:25:02 - [TEST_STEP][PASSED] - delay: Delayed 5 second(s)

2018-12-13 01:25:07 - [MESSAGE][PASSED] - Delayed 5 second(s)

2018-12-13 01:25:07 - [TEST_STEP][PASSED] - click: Object: 'Object Repository/Final Object Repo/New Registration - Registration Module Pages/Third Screen - Upload Supporting Doc- Preview/Inner Form Add Document Button' is clicked on

2018-12-13 01:25:07 - [MESSAGE][PASSED] - Object: 'Object Repository/Final Object Repo/New Registration - Registration Module Pages/Third Screen - Upload Supporting Doc- Preview/Inner Form Add Document Button' is clicked on

2018-12-13 01:25:07 - [TEST_STEP][PASSED] - delay: Delayed 3 second(s)

2018-12-13 01:25:10 - [MESSAGE][PASSED] - Delayed 3 second(s)

2018-12-13 01:25:10 - [TEST_STEP][PASSED] - waitForElementClickable: Object 'Object Repository/Final Object Repo/New Registration - Registration Module Pages/Third Screen - Upload Supporting Doc- Preview/Save n Continue in Uploading Supporting Doc Page' is clickable

2018-12-13 01:25:12 - [MESSAGE][PASSED] - Object 'Object Repository/Final Object Repo/New Registration - Registration Module Pages/Third Screen - Upload Supporting Doc- Preview/Save n Continue in Uploading Supporting Doc Page' is clickable

2018-12-13 01:25:12 - [TEST_STEP][PASSED] - click: Object: 'Object Repository/Final Object Repo/New Registration - Registration Module Pages/Third Screen - Upload Supporting Doc- Preview/Save n Continue in Uploading Supporting Doc Page' is clicked on

2018-12-13 01:25:12 - [MESSAGE][PASSED] - Object: 'Object Repository/Final Object Repo/New Registration - Registration Module Pages/Third Screen - Upload Supporting Doc- Preview/Save n Continue in Uploading Supporting Doc Page' is clicked on

2018-12-13 01:25:12 - [MESSAGE][PASSED] - Call Test Case 'Test Cases/Final Aug 2018 - PKS Automation/Registration Module/New Registration/Flow of New Registration/Third Screen - Upload Supporting Doc - Preview' successfully

2018-12-13 01:25:12 - [TEST_STEP][PASSED] - setText: Text 'Tester' is set on object 'Object Repository/Final Object Repo/New Registration - Registration Module Pages/New Reg - OTC to RO/Special Case - All Related Objects/Employer Preview Name'

2018-12-13 01:25:16 - [MESSAGE][PASSED] - Text 'Tester' is set on object 'Object Repository/Final Object Repo/New Registration - Registration Module Pages/New Reg - OTC to RO/Special Case - All Related Objects/Employer Preview Name'

2018-12-13 01:25:16 - [TEST_STEP][PASSED] - click: Object: 'Object Repository/Final Object Repo/New Registration - Registration Module Pages/New Reg - OTC to RO/Special Case - All Related Objects/IC Type Drop Down' is clicked on

2018-12-13 01:25:16 - [MESSAGE][PASSED] - Object: 'Object Repository/Final Object Repo/New Registration - Registration Module Pages/New Reg - OTC to RO/Special Case - All Related Objects/IC Type Drop Down' is clicked on

2018-12-13 01:25:16 - [TEST_STEP][PASSED] - click: Object: 'Object Repository/Final Object Repo/New Registration - Registration Module Pages/New Reg - OTC to RO/Special Case - All Related Objects/Select to NRIC' is clicked on

2018-12-13 01:25:17 - [MESSAGE][PASSED] - Object: 'Object Repository/Final Object Repo/New Registration - Registration Module Pages/New Reg - OTC to RO/Special Case - All Related Objects/Select to NRIC' is clicked on

2018-12-13 01:25:17 - [TEST_STEP][PASSED] - setText: Text '133245561223' is set on object 'Object Repository/Final Object Repo/New Registration - Registration Module Pages/New Reg - OTC to RO/Special Case - All Related Objects/IC Value'

2018-12-13 01:25:17 - [MESSAGE][PASSED] - Text '133245561223' is set on object 'Object Repository/Final Object Repo/New Registration - Registration Module Pages/New Reg - OTC to RO/Special Case - All Related Objects/IC Value'

2018-12-13 01:25:17 - [TEST_STEP][PASSED] - setText: Text 'Auto' is set on object 'Object Repository/Final Object Repo/New Registration - Registration Module Pages/New Reg - OTC to RO/Special Case - All Related Objects/Designation'

2018-12-13 01:25:17 - [MESSAGE][PASSED] - Text 'Auto' is set on object 'Object Repository/Final Object Repo/New Registration - Registration Module Pages/New Reg - OTC to RO/Special Case - All Related Objects/Designation'

2018-12-13 01:25:17 - [TEST_STEP][PASSED] - callTestCase: Call Test Case 'Test Cases/Final Aug 2018 - PKS Automation/Registration Module/New Registration/Submit and Screenshot/Submit Registration and Screenshot' successfully

2018-12-13 01:25:17 - [TEST_CASE][PASSED] - Test Cases/Final Aug 2018 - PKS Automation/Registration Module/New Registration/Submit and Screenshot/Submit Registration and Screenshot: Test Cases/Final Aug 2018 - PKS Automation/Registration Module/New Registration/Submit and Screenshot/Submit Registration and Screenshot

2018-12-13 01:25:17 - [TEST_STEP][PASSED] - delay: Delayed 6 second(s)

2018-12-13 01:25:23 - [MESSAGE][PASSED] - Delayed 6 second(s)

2018-12-13 01:25:23 - [TEST_STEP][PASSED] - click: Object: 'Object Repository/Final Object Repo/New Registration - Registration Module Pages/Third Screen - Upload Supporting Doc- Preview/Preview Submit Button' is clicked on

2018-12-13 01:25:23 - [MESSAGE][PASSED] - Object: 'Object Repository/Final Object Repo/New Registration - Registration Module Pages/Third Screen - Upload Supporting Doc- Preview/Preview Submit Button' is clicked on

2018-12-13 01:25:23 - [TEST_STEP][PASSED] - delay: Delayed 2 second(s)

2018-12-13 01:25:25 - [MESSAGE][PASSED] - Delayed 2 second(s)

2018-12-13 01:25:25 - [TEST_STEP][PASSED] - click: Object: 'Object Repository/Final Object Repo/New Registration - Registration Module Pages/Third Screen - Upload Supporting Doc- Preview/Preview Submit - Confirm' is clicked on

2018-12-13 01:25:25 - [MESSAGE][PASSED] - Object: 'Object Repository/Final Object Repo/New Registration - Registration Module Pages/Third Screen - Upload Supporting Doc- Preview/Preview Submit - Confirm' is clicked on

2018-12-13 01:25:25 - [TEST_STEP][PASSED] - delay: Delayed 15 second(s)

2018-12-13 01:25:40 - [MESSAGE][PASSED] - Delayed 15 second(s)

2018-12-13 01:25:40 - [TEST_STEP][PASSED] - Statement - driver = com.kms.katalon.core.webui.driver.DriverFactory.getWebDriver(): null

2018-12-13 01:25:40 - [TEST_STEP][PASSED] - Statement - driver.manage().timeouts().implicitlyWait(10, SECONDS): null

2018-12-13 01:25:40 - [TEST_STEP][PASSED] - Statement - PresavePath = KatalonScreenshots: null

2018-12-13 01:25:40 - [TEST_STEP][PASSED] - Statement - pathPrefix = "C:\Users\Public\Pictures\Sample Pictures\Katalon Screenshots\Automate Ending Screen": null

2018-12-13 01:25:40 - [TEST_STEP][PASSED] - Statement - finalPath = <not implemented yet for class: org.codehaus.groovy.ast.expr.EmptyExpression>: null

2018-12-13 01:25:40 - [TEST_STEP][PASSED] - Statement - scrFile = driver.getScreenshotAs(FILE): null

2018-12-13 01:25:41 - [TEST_STEP][PASSED] - Statement - PreSaveFile = new java.io.File(PresavePath): null

2018-12-13 01:25:41 - [TEST_STEP][PASSED] - Statement - counter = 0: null

2018-12-13 01:25:41 - [TEST_STEP][PASSED] - Statement - If (PreSaveFile.exists()): null

2018-12-13 01:25:41 - [TEST_STEP][PASSED] - Statement - While (PreSaveFile.exists()): null

2018-12-13 01:25:41 - [TEST_STEP][PASSED] - Statement - counter = counter + 1: null

2018-12-13 01:25:41 - [TEST_STEP][PASSED] - Statement - PreSaveFile = new java.io.File(((pathPrefix + java.lang.Integer.toString(counter)) + .png)): null

2018-12-13 01:25:41 - [TEST_STEP][PASSED] - Statement - counter = counter + 1: null

2018-12-13 01:25:41 - [TEST_STEP][PASSED] - Statement - PreSaveFile = new java.io.File(((pathPrefix + java.lang.Integer.toString(counter)) + .png)): null

2018-12-13 01:25:41 - [TEST_STEP][PASSED] - Statement - counter = counter + 1: null

2018-12-13 01:25:41 - [TEST_STEP][PASSED] - Statement - PreSaveFile = new java.io.File(((pathPrefix + java.lang.Integer.toString(counter)) + .png)): null

2018-12-13 01:25:41 - [TEST_STEP][PASSED] - Statement - counter = counter + 1: null

2018-12-13 01:25:41 - [TEST_STEP][PASSED] - Statement - PreSaveFile = new java.io.File(((pathPrefix + java.lang.Integer.toString(counter)) + .png)): null

2018-12-13 01:25:41 - [TEST_STEP][PASSED] - Statement - counter = counter + 1: null

2018-12-13 01:25:41 - [TEST_STEP][PASSED] - Statement - PreSaveFile = new java.io.File(((pathPrefix + java.lang.Integer.toString(counter)) + .png)): null

2018-12-13 01:25:41 - [TEST_STEP][PASSED] - Statement - counter = counter + 1: null

2018-12-13 01:25:41 - [TEST_STEP][PASSED] - Statement - PreSaveFile = new java.io.File(((pathPrefix + java.lang.Integer.toString(counter)) + .png)): null

2018-12-13 01:25:41 - [TEST_STEP][PASSED] - Statement - counter = counter + 1: null

2018-12-13 01:25:41 - [TEST_STEP][PASSED] - Statement - PreSaveFile = new java.io.File(((pathPrefix + java.lang.Integer.toString(counter)) + .png)): null

2018-12-13 01:25:41 - [TEST_STEP][PASSED] - Statement - counter = counter + 1: null

2018-12-13 01:25:41 - [TEST_STEP][PASSED] - Statement - PreSaveFile = new java.io.File(((pathPrefix + java.lang.Integer.toString(counter)) + .png)): null

2018-12-13 01:25:41 - [TEST_STEP][PASSED] - Statement - counter = counter + 1: null

2018-12-13 01:25:41 - [TEST_STEP][PASSED] - Statement - PreSaveFile = new java.io.File(((pathPrefix + java.lang.Integer.toString(counter)) + .png)): null

2018-12-13 01:25:41 - [TEST_STEP][PASSED] - Statement - counter = counter + 1: null

2018-12-13 01:25:41 - [TEST_STEP][PASSED] - Statement - PreSaveFile = new java.io.File(((pathPrefix + java.lang.Integer.toString(counter)) + .png)): null

2018-12-13 01:25:41 - [TEST_STEP][PASSED] - Statement - counter = counter + 1: null

2018-12-13 01:25:41 - [TEST_STEP][PASSED] - Statement - PreSaveFile = new java.io.File(((pathPrefix + java.lang.Integer.toString(counter)) + .png)): null

2018-12-13 01:25:41 - [TEST_STEP][PASSED] - Statement - counter = counter + 1: null

2018-12-13 01:25:41 - [TEST_STEP][PASSED] - Statement - PreSaveFile = new java.io.File(((pathPrefix + java.lang.Integer.toString(counter)) + .png)): null

2018-12-13 01:25:41 - [TEST_STEP][PASSED] - Statement - counter = counter + 1: null

2018-12-13 01:25:41 - [TEST_STEP][PASSED] - Statement - PreSaveFile = new java.io.File(((pathPrefix + java.lang.Integer.toString(counter)) + .png)): null

2018-12-13 01:25:41 - [TEST_STEP][PASSED] - Statement - counter = counter + 1: null

2018-12-13 01:25:41 - [TEST_STEP][PASSED] - Statement - PreSaveFile = new java.io.File(((pathPrefix + java.lang.Integer.toString(counter)) + .png)): null

2018-12-13 01:25:41 - [TEST_STEP][PASSED] - Statement - counter = counter + 1: null

2018-12-13 01:25:41 - [TEST_STEP][PASSED] - Statement - PreSaveFile = new java.io.File(((pathPrefix + java.lang.Integer.toString(counter)) + .png)): null

2018-12-13 01:25:41 - [TEST_STEP][PASSED] - Statement - counter = counter + 1: null

2018-12-13 01:25:41 - [TEST_STEP][PASSED] - Statement - PreSaveFile = new java.io.File(((pathPrefix + java.lang.Integer.toString(counter)) + .png)): null

2018-12-13 01:25:41 - [TEST_STEP][PASSED] - Statement - counter = counter + 1: null

2018-12-13 01:25:41 - [TEST_STEP][PASSED] - Statement - PreSaveFile = new java.io.File(((pathPrefix + java.lang.Integer.toString(counter)) + .png)): null

2018-12-13 01:25:41 - [TEST_STEP][PASSED] - Statement - counter = counter + 1: null

2018-12-13 01:25:41 - [TEST_STEP][PASSED] - Statement - PreSaveFile = new java.io.File(((pathPrefix + java.lang.Integer.toString(counter)) + .png)): null

2018-12-13 01:25:41 - [TEST_STEP][PASSED] - Statement - counter = counter + 1: null

2018-12-13 01:25:41 - [TEST_STEP][PASSED] - Statement - PreSaveFile = new java.io.File(((pathPrefix + java.lang.Integer.toString(counter)) + .png)): null

2018-12-13 01:25:41 - [TEST_STEP][PASSED] - Statement - counter = counter + 1: null

2018-12-13 01:25:41 - [TEST_STEP][PASSED] - Statement - PreSaveFile = new java.io.File(((pathPrefix + java.lang.Integer.toString(counter)) + .png)): null

2018-12-13 01:25:41 - [TEST_STEP][PASSED] - Statement - counter = counter + 1: null

2018-12-13 01:25:41 - [TEST_STEP][PASSED] - Statement - PreSaveFile = new java.io.File(((pathPrefix + java.lang.Integer.toString(counter)) + .png)): null

2018-12-13 01:25:41 - [TEST_STEP][PASSED] - Statement - counter = counter + 1: null

2018-12-13 01:25:41 - [TEST_STEP][PASSED] - Statement - PreSaveFile = new java.io.File(((pathPrefix + java.lang.Integer.toString(counter)) + .png)): null

2018-12-13 01:25:41 - [TEST_STEP][PASSED] - Statement - counter = counter + 1: null

2018-12-13 01:25:41 - [TEST_STEP][PASSED] - Statement - PreSaveFile = new java.io.File(((pathPrefix + java.lang.Integer.toString(counter)) + .png)): null

2018-12-13 01:25:41 - [TEST_STEP][PASSED] - Statement - counter = counter + 1: null

2018-12-13 01:25:41 - [TEST_STEP][PASSED] - Statement - PreSaveFile = new java.io.File(((pathPrefix + java.lang.Integer.toString(counter)) + .png)): null

2018-12-13 01:25:41 - [TEST_STEP][PASSED] - Statement - counter = counter + 1: null

2018-12-13 01:25:41 - [TEST_STEP][PASSED] - Statement - PreSaveFile = new java.io.File(((pathPrefix + java.lang.Integer.toString(counter)) + .png)): null

2018-12-13 01:25:41 - [TEST_STEP][PASSED] - Statement - counter = counter + 1: null

2018-12-13 01:25:41 - [TEST_STEP][PASSED] - Statement - PreSaveFile = new java.io.File(((pathPrefix + java.lang.Integer.toString(counter)) + .png)): null

2018-12-13 01:25:41 - [TEST_STEP][PASSED] - Statement - counter = counter + 1: null

2018-12-13 01:25:41 - [TEST_STEP][PASSED] - Statement - PreSaveFile = new java.io.File(((pathPrefix + java.lang.Integer.toString(counter)) + .png)): null

2018-12-13 01:25:41 - [TEST_STEP][PASSED] - Statement - counter = counter + 1: null

2018-12-13 01:25:41 - [TEST_STEP][PASSED] - Statement - PreSaveFile = new java.io.File(((pathPrefix + java.lang.Integer.toString(counter)) + .png)): null

2018-12-13 01:25:41 - [TEST_STEP][PASSED] - Statement - counter = counter + 1: null

2018-12-13 01:25:41 - [TEST_STEP][PASSED] - Statement - PreSaveFile = new java.io.File(((pathPrefix + java.lang.Integer.toString(counter)) + .png)): null

2018-12-13 01:25:41 - [TEST_STEP][PASSED] - Statement - counter = counter + 1: null

2018-12-13 01:25:41 - [TEST_STEP][PASSED] - Statement - PreSaveFile = new java.io.File(((pathPrefix + java.lang.Integer.toString(counter)) + .png)): null

2018-12-13 01:25:41 - [TEST_STEP][PASSED] - Statement - counter = counter + 1: null

2018-12-13 01:25:41 - [TEST_STEP][PASSED] - Statement - PreSaveFile = new java.io.File(((pathPrefix + java.lang.Integer.toString(counter)) + .png)): null

2018-12-13 01:25:41 - [TEST_STEP][PASSED] - Statement - counter = counter + 1: null

2018-12-13 01:25:41 - [TEST_STEP][PASSED] - Statement - PreSaveFile = new java.io.File(((pathPrefix + java.lang.Integer.toString(counter)) + .png)): null

2018-12-13 01:25:41 - [TEST_STEP][PASSED] - Statement - counter = counter + 1: null

2018-12-13 01:25:41 - [TEST_STEP][PASSED] - Statement - PreSaveFile = new java.io.File(((pathPrefix + java.lang.Integer.toString(counter)) + .png)): null

2018-12-13 01:25:41 - [TEST_STEP][PASSED] - Statement - counter = counter + 1: null

2018-12-13 01:25:41 - [TEST_STEP][PASSED] - Statement - PreSaveFile = new java.io.File(((pathPrefix + java.lang.Integer.toString(counter)) + .png)): null

2018-12-13 01:25:41 - [TEST_STEP][PASSED] - Statement - counter = counter + 1: null

2018-12-13 01:25:41 - [TEST_STEP][PASSED] - Statement - PreSaveFile = new java.io.File(((pathPrefix + java.lang.Integer.toString(counter)) + .png)): null

2018-12-13 01:25:41 - [TEST_STEP][PASSED] - Statement - counter = counter + 1: null

2018-12-13 01:25:41 - [TEST_STEP][PASSED] - Statement - PreSaveFile = new java.io.File(((pathPrefix + java.lang.Integer.toString(counter)) + .png)): null

2018-12-13 01:25:41 - [TEST_STEP][PASSED] - Statement - counter = counter + 1: null

2018-12-13 01:25:41 - [TEST_STEP][PASSED] - Statement - PreSaveFile = new java.io.File(((pathPrefix + java.lang.Integer.toString(counter)) + .png)): null

2018-12-13 01:25:41 - [TEST_STEP][PASSED] - Statement - counter = counter + 1: null

2018-12-13 01:25:41 - [TEST_STEP][PASSED] - Statement - PreSaveFile = new java.io.File(((pathPrefix + java.lang.Integer.toString(counter)) + .png)): null

2018-12-13 01:25:41 - [TEST_STEP][PASSED] - Statement - counter = counter + 1: null

2018-12-13 01:25:41 - [TEST_STEP][PASSED] - Statement - PreSaveFile = new java.io.File(((pathPrefix + java.lang.Integer.toString(counter)) + .png)): null

2018-12-13 01:25:41 - [TEST_STEP][PASSED] - Statement - counter = counter + 1: null

2018-12-13 01:25:41 - [TEST_STEP][PASSED] - Statement - PreSaveFile = new java.io.File(((pathPrefix + java.lang.Integer.toString(counter)) + .png)): null

2018-12-13 01:25:41 - [TEST_STEP][PASSED] - Statement - counter = counter + 1: null

2018-12-13 01:25:41 - [TEST_STEP][PASSED] - Statement - PreSaveFile = new java.io.File(((pathPrefix + java.lang.Integer.toString(counter)) + .png)): null

2018-12-13 01:25:41 - [TEST_STEP][PASSED] - Statement - counter = counter + 1: null

2018-12-13 01:25:41 - [TEST_STEP][PASSED] - Statement - PreSaveFile = new java.io.File(((pathPrefix + java.lang.Integer.toString(counter)) + .png)): null

2018-12-13 01:25:41 - [TEST_STEP][PASSED] - Statement - counter = counter + 1: null

2018-12-13 01:25:41 - [TEST_STEP][PASSED] - Statement - PreSaveFile = new java.io.File(((pathPrefix + java.lang.Integer.toString(counter)) + .png)): null

2018-12-13 01:25:41 - [TEST_STEP][PASSED] - Statement - counter = counter + 1: null

2018-12-13 01:25:41 - [TEST_STEP][PASSED] - Statement - PreSaveFile = new java.io.File(((pathPrefix + java.lang.Integer.toString(counter)) + .png)): null

2018-12-13 01:25:41 - [TEST_STEP][PASSED] - Statement - counter = counter + 1: null

2018-12-13 01:25:41 - [TEST_STEP][PASSED] - Statement - PreSaveFile = new java.io.File(((pathPrefix + java.lang.Integer.toString(counter)) + .png)): null

2018-12-13 01:25:41 - [TEST_STEP][PASSED] - Statement - counter = counter + 1: null

2018-12-13 01:25:41 - [TEST_STEP][PASSED] - Statement - PreSaveFile = new java.io.File(((pathPrefix + java.lang.Integer.toString(counter)) + .png)): null

2018-12-13 01:25:41 - [TEST_STEP][PASSED] - Statement - counter = counter + 1: null

2018-12-13 01:25:41 - [TEST_STEP][PASSED] - Statement - PreSaveFile = new java.io.File(((pathPrefix + java.lang.Integer.toString(counter)) + .png)): null

2018-12-13 01:25:41 - [TEST_STEP][PASSED] - Statement - counter = counter + 1: null

2018-12-13 01:25:41 - [TEST_STEP][PASSED] - Statement - PreSaveFile = new java.io.File(((pathPrefix + java.lang.Integer.toString(counter)) + .png)): null

2018-12-13 01:25:41 - [TEST_STEP][PASSED] - Statement - counter = counter + 1: null

2018-12-13 01:25:41 - [TEST_STEP][PASSED] - Statement - PreSaveFile = new java.io.File(((pathPrefix + java.lang.Integer.toString(counter)) + .png)): null

2018-12-13 01:25:41 - [TEST_STEP][PASSED] - Statement - counter = counter + 1: null

2018-12-13 01:25:41 - [TEST_STEP][PASSED] - Statement - PreSaveFile = new java.io.File(((pathPrefix + java.lang.Integer.toString(counter)) + .png)): null

2018-12-13 01:25:41 - [TEST_STEP][PASSED] - Statement - counter = counter + 1: null

2018-12-13 01:25:41 - [TEST_STEP][PASSED] - Statement - PreSaveFile = new java.io.File(((pathPrefix + java.lang.Integer.toString(counter)) + .png)): null

2018-12-13 01:25:41 - [TEST_STEP][PASSED] - Statement - counter = counter + 1: null

2018-12-13 01:25:41 - [TEST_STEP][PASSED] - Statement - PreSaveFile = new java.io.File(((pathPrefix + java.lang.Integer.toString(counter)) + .png)): null

2018-12-13 01:25:41 - [TEST_STEP][PASSED] - Statement - counter = counter + 1: null

2018-12-13 01:25:41 - [TEST_STEP][PASSED] - Statement - PreSaveFile = new java.io.File(((pathPrefix + java.lang.Integer.toString(counter)) + .png)): null

2018-12-13 01:25:41 - [TEST_STEP][PASSED] - Statement - counter = counter + 1: null

2018-12-13 01:25:41 - [TEST_STEP][PASSED] - Statement - PreSaveFile = new java.io.File(((pathPrefix + java.lang.Integer.toString(counter)) + .png)): null

2018-12-13 01:25:41 - [TEST_STEP][PASSED] - Statement - counter = counter + 1: null

2018-12-13 01:25:41 - [TEST_STEP][PASSED] - Statement - PreSaveFile = new java.io.File(((pathPrefix + java.lang.Integer.toString(counter)) + .png)): null

2018-12-13 01:25:41 - [TEST_STEP][PASSED] - Statement - counter = counter + 1: null

2018-12-13 01:25:41 - [TEST_STEP][PASSED] - Statement - PreSaveFile = new java.io.File(((pathPrefix + java.lang.Integer.toString(counter)) + .png)): null

2018-12-13 01:25:41 - [TEST_STEP][PASSED] - Statement - counter = counter + 1: null

2018-12-13 01:25:41 - [TEST_STEP][PASSED] - Statement - PreSaveFile = new java.io.File(((pathPrefix + java.lang.Integer.toString(counter)) + .png)): null

2018-12-13 01:25:41 - [TEST_STEP][PASSED] - Statement - counter = counter + 1: null

2018-12-13 01:25:41 - [TEST_STEP][PASSED] - Statement - PreSaveFile = new java.io.File(((pathPrefix + java.lang.Integer.toString(counter)) + .png)): null

2018-12-13 01:25:41 - [TEST_STEP][PASSED] - Statement - counter = counter + 1: null

2018-12-13 01:25:41 - [TEST_STEP][PASSED] - Statement - PreSaveFile = new java.io.File(((pathPrefix + java.lang.Integer.toString(counter)) + .png)): null

2018-12-13 01:25:41 - [TEST_STEP][PASSED] - Statement - counter = counter + 1: null

2018-12-13 01:25:41 - [TEST_STEP][PASSED] - Statement - PreSaveFile = new java.io.File(((pathPrefix + java.lang.Integer.toString(counter)) + .png)): null

2018-12-13 01:25:41 - [TEST_STEP][PASSED] - Statement - counter = counter + 1: null

2018-12-13 01:25:41 - [TEST_STEP][PASSED] - Statement - PreSaveFile = new java.io.File(((pathPrefix + java.lang.Integer.toString(counter)) + .png)): null

2018-12-13 01:25:41 - [TEST_STEP][PASSED] - Statement - counter = counter + 1: null

2018-12-13 01:25:41 - [TEST_STEP][PASSED] - Statement - PreSaveFile = new java.io.File(((pathPrefix + java.lang.Integer.toString(counter)) + .png)): null

2018-12-13 01:25:41 - [TEST_STEP][PASSED] - Statement - counter = counter + 1: null

2018-12-13 01:25:41 - [TEST_STEP][PASSED] - Statement - PreSaveFile = new java.io.File(((pathPrefix + java.lang.Integer.toString(counter)) + .png)): null

2018-12-13 01:25:41 - [TEST_STEP][PASSED] - Statement - counter = counter + 1: null

2018-12-13 01:25:41 - [TEST_STEP][PASSED] - Statement - PreSaveFile = new java.io.File(((pathPrefix + java.lang.Integer.toString(counter)) + .png)): null

2018-12-13 01:25:41 - [TEST_STEP][PASSED] - Statement - counter = counter + 1: null

2018-12-13 01:25:41 - [TEST_STEP][PASSED] - Statement - PreSaveFile = new java.io.File(((pathPrefix + java.lang.Integer.toString(counter)) + .png)): null

2018-12-13 01:25:41 - [TEST_STEP][PASSED] - Statement - counter = counter + 1: null

2018-12-13 01:25:41 - [TEST_STEP][PASSED] - Statement - PreSaveFile = new java.io.File(((pathPrefix + java.lang.Integer.toString(counter)) + .png)): null

2018-12-13 01:25:41 - [TEST_STEP][PASSED] - Statement - counter = counter + 1: null

2018-12-13 01:25:41 - [TEST_STEP][PASSED] - Statement - PreSaveFile = new java.io.File(((pathPrefix + java.lang.Integer.toString(counter)) + .png)): null

2018-12-13 01:25:41 - [TEST_STEP][PASSED] - Statement - counter = counter + 1: null

2018-12-13 01:25:41 - [TEST_STEP][PASSED] - Statement - PreSaveFile = new java.io.File(((pathPrefix + java.lang.Integer.toString(counter)) + .png)): null

2018-12-13 01:25:41 - [TEST_STEP][PASSED] - Statement - counter = counter + 1: null

2018-12-13 01:25:41 - [TEST_STEP][PASSED] - Statement - PreSaveFile = new java.io.File(((pathPrefix + java.lang.Integer.toString(counter)) + .png)): null

2018-12-13 01:25:41 - [TEST_STEP][PASSED] - Statement - counter = counter + 1: null

2018-12-13 01:25:41 - [TEST_STEP][PASSED] - Statement - PreSaveFile = new java.io.File(((pathPrefix + java.lang.Integer.toString(counter)) + .png)): null

2018-12-13 01:25:41 - [TEST_STEP][PASSED] - Statement - counter = counter + 1: null

2018-12-13 01:25:41 - [TEST_STEP][PASSED] - Statement - PreSaveFile = new java.io.File(((pathPrefix + java.lang.Integer.toString(counter)) + .png)): null

2018-12-13 01:25:41 - [TEST_STEP][PASSED] - Statement - counter = counter + 1: null

2018-12-13 01:25:41 - [TEST_STEP][PASSED] - Statement - PreSaveFile = new java.io.File(((pathPrefix + java.lang.Integer.toString(counter)) + .png)): null

2018-12-13 01:25:41 - [TEST_STEP][PASSED] - Statement - counter = counter + 1: null

2018-12-13 01:25:41 - [TEST_STEP][PASSED] - Statement - PreSaveFile = new java.io.File(((pathPrefix + java.lang.Integer.toString(counter)) + .png)): null

2018-12-13 01:25:41 - [TEST_STEP][PASSED] - Statement - counter = counter + 1: null

2018-12-13 01:25:41 - [TEST_STEP][PASSED] - Statement - PreSaveFile = new java.io.File(((pathPrefix + java.lang.Integer.toString(counter)) + .png)): null

2018-12-13 01:25:41 - [TEST_STEP][PASSED] - Statement - counter = counter + 1: null

2018-12-13 01:25:41 - [TEST_STEP][PASSED] - Statement - PreSaveFile = new java.io.File(((pathPrefix + java.lang.Integer.toString(counter)) + .png)): null

2018-12-13 01:25:41 - [TEST_STEP][PASSED] - Statement - counter = counter + 1: null

2018-12-13 01:25:41 - [TEST_STEP][PASSED] - Statement - PreSaveFile = new java.io.File(((pathPrefix + java.lang.Integer.toString(counter)) + .png)): null

2018-12-13 01:25:41 - [TEST_STEP][PASSED] - Statement - counter = counter + 1: null

2018-12-13 01:25:41 - [TEST_STEP][PASSED] - Statement - PreSaveFile = new java.io.File(((pathPrefix + java.lang.Integer.toString(counter)) + .png)): null

2018-12-13 01:25:41 - [TEST_STEP][PASSED] - Statement - counter = counter + 1: null

2018-12-13 01:25:41 - [TEST_STEP][PASSED] - Statement - PreSaveFile = new java.io.File(((pathPrefix + java.lang.Integer.toString(counter)) + .png)): null

2018-12-13 01:25:41 - [TEST_STEP][PASSED] - Statement - counter = counter + 1: null

2018-12-13 01:25:41 - [TEST_STEP][PASSED] - Statement - PreSaveFile = new java.io.File(((pathPrefix + java.lang.Integer.toString(counter)) + .png)): null

2018-12-13 01:25:41 - [TEST_STEP][PASSED] - Statement - counter = counter + 1: null

2018-12-13 01:25:41 - [TEST_STEP][PASSED] - Statement - PreSaveFile = new java.io.File(((pathPrefix + java.lang.Integer.toString(counter)) + .png)): null

2018-12-13 01:25:41 - [TEST_STEP][PASSED] - Statement - counter = counter + 1: null

2018-12-13 01:25:41 - [TEST_STEP][PASSED] - Statement - PreSaveFile = new java.io.File(((pathPrefix + java.lang.Integer.toString(counter)) + .png)): null

2018-12-13 01:25:41 - [TEST_STEP][PASSED] - Statement - counter = counter + 1: null

2018-12-13 01:25:41 - [TEST_STEP][PASSED] - Statement - PreSaveFile = new java.io.File(((pathPrefix + java.lang.Integer.toString(counter)) + .png)): null

2018-12-13 01:25:41 - [TEST_STEP][PASSED] - Statement - counter = counter + 1: null

2018-12-13 01:25:41 - [TEST_STEP][PASSED] - Statement - PreSaveFile = new java.io.File(((pathPrefix + java.lang.Integer.toString(counter)) + .png)): null

2018-12-13 01:25:41 - [TEST_STEP][PASSED] - Statement - counter = counter + 1: null

2018-12-13 01:25:41 - [TEST_STEP][PASSED] - Statement - PreSaveFile = new java.io.File(((pathPrefix + java.lang.Integer.toString(counter)) + .png)): null

2018-12-13 01:25:41 - [TEST_STEP][PASSED] - Statement - counter = counter + 1: null

2018-12-13 01:25:41 - [TEST_STEP][PASSED] - Statement - PreSaveFile = new java.io.File(((pathPrefix + java.lang.Integer.toString(counter)) + .png)): null

2018-12-13 01:25:41 - [TEST_STEP][PASSED] - Statement - counter = counter + 1: null

2018-12-13 01:25:41 - [TEST_STEP][PASSED] - Statement - PreSaveFile = new java.io.File(((pathPrefix + java.lang.Integer.toString(counter)) + .png)): null

2018-12-13 01:25:41 - [TEST_STEP][PASSED] - Statement - counter = counter + 1: null

2018-12-13 01:25:41 - [TEST_STEP][PASSED] - Statement - PreSaveFile = new java.io.File(((pathPrefix + java.lang.Integer.toString(counter)) + .png)): null

2018-12-13 01:25:41 - [TEST_STEP][PASSED] - Statement - counter = counter + 1: null

2018-12-13 01:25:41 - [TEST_STEP][PASSED] - Statement - PreSaveFile = new java.io.File(((pathPrefix + java.lang.Integer.toString(counter)) + .png)): null

2018-12-13 01:25:41 - [TEST_STEP][PASSED] - Statement - counter = counter + 1: null

2018-12-13 01:25:41 - [TEST_STEP][PASSED] - Statement - PreSaveFile = new java.io.File(((pathPrefix + java.lang.Integer.toString(counter)) + .png)): null

2018-12-13 01:25:41 - [TEST_STEP][PASSED] - Statement - counter = counter + 1: null

2018-12-13 01:25:41 - [TEST_STEP][PASSED] - Statement - PreSaveFile = new java.io.File(((pathPrefix + java.lang.Integer.toString(counter)) + .png)): null

2018-12-13 01:25:41 - [TEST_STEP][PASSED] - Statement - counter = counter + 1: null

2018-12-13 01:25:41 - [TEST_STEP][PASSED] - Statement - PreSaveFile = new java.io.File(((pathPrefix + java.lang.Integer.toString(counter)) + .png)): null

2018-12-13 01:25:41 - [TEST_STEP][PASSED] - Statement - counter = counter + 1: null

2018-12-13 01:25:41 - [TEST_STEP][PASSED] - Statement - PreSaveFile = new java.io.File(((pathPrefix + java.lang.Integer.toString(counter)) + .png)): null

2018-12-13 01:25:41 - [TEST_STEP][PASSED] - Statement - counter = counter + 1: null

2018-12-13 01:25:41 - [TEST_STEP][PASSED] - Statement - PreSaveFile = new java.io.File(((pathPrefix + java.lang.Integer.toString(counter)) + .png)): null

2018-12-13 01:25:41 - [TEST_STEP][PASSED] - Statement - counter = counter + 1: null

2018-12-13 01:25:41 - [TEST_STEP][PASSED] - Statement - PreSaveFile = new java.io.File(((pathPrefix + java.lang.Integer.toString(counter)) + .png)): null

2018-12-13 01:25:41 - [TEST_STEP][PASSED] - Statement - counter = counter + 1: null

2018-12-13 01:25:41 - [TEST_STEP][PASSED] - Statement - PreSaveFile = new java.io.File(((pathPrefix + java.lang.Integer.toString(counter)) + .png)): null

2018-12-13 01:25:41 - [TEST_STEP][PASSED] - Statement - counter = counter + 1: null

2018-12-13 01:25:41 - [TEST_STEP][PASSED] - Statement - PreSaveFile = new java.io.File(((pathPrefix + java.lang.Integer.toString(counter)) + .png)): null

2018-12-13 01:25:41 - [TEST_STEP][PASSED] - Statement - counter = counter + 1: null

2018-12-13 01:25:41 - [TEST_STEP][PASSED] - Statement - PreSaveFile = new java.io.File(((pathPrefix + java.lang.Integer.toString(counter)) + .png)): null

2018-12-13 01:25:41 - [TEST_STEP][PASSED] - Statement - counter = counter + 1: null

2018-12-13 01:25:41 - [TEST_STEP][PASSED] - Statement - PreSaveFile = new java.io.File(((pathPrefix + java.lang.Integer.toString(counter)) + .png)): null

2018-12-13 01:25:41 - [TEST_STEP][PASSED] - Statement - counter = counter + 1: null

2018-12-13 01:25:41 - [TEST_STEP][PASSED] - Statement - PreSaveFile = new java.io.File(((pathPrefix + java.lang.Integer.toString(counter)) + .png)): null

2018-12-13 01:25:41 - [TEST_STEP][PASSED] - Statement - counter = counter + 1: null

2018-12-13 01:25:41 - [TEST_STEP][PASSED] - Statement - PreSaveFile = new java.io.File(((pathPrefix + java.lang.Integer.toString(counter)) + .png)): null

2018-12-13 01:25:41 - [TEST_STEP][PASSED] - Statement - counter = counter + 1: null

2018-12-13 01:25:41 - [TEST_STEP][PASSED] - Statement - PreSaveFile = new java.io.File(((pathPrefix + java.lang.Integer.toString(counter)) + .png)): null

2018-12-13 01:25:41 - [TEST_STEP][PASSED] - Statement - counter = counter + 1: null

2018-12-13 01:25:41 - [TEST_STEP][PASSED] - Statement - PreSaveFile = new java.io.File(((pathPrefix + java.lang.Integer.toString(counter)) + .png)): null

2018-12-13 01:25:41 - [TEST_STEP][PASSED] - Statement - counter = counter + 1: null

2018-12-13 01:25:41 - [TEST_STEP][PASSED] - Statement - PreSaveFile = new java.io.File(((pathPrefix + java.lang.Integer.toString(counter)) + .png)): null

2018-12-13 01:25:41 - [TEST_STEP][PASSED] - Statement - counter = counter + 1: null

2018-12-13 01:25:41 - [TEST_STEP][PASSED] - Statement - PreSaveFile = new java.io.File(((pathPrefix + java.lang.Integer.toString(counter)) + .png)): null

2018-12-13 01:25:41 - [TEST_STEP][PASSED] - Statement - counter = counter + 1: null

2018-12-13 01:25:41 - [TEST_STEP][PASSED] - Statement - PreSaveFile = new java.io.File(((pathPrefix + java.lang.Integer.toString(counter)) + .png)): null

2018-12-13 01:25:41 - [TEST_STEP][PASSED] - Statement - counter = counter + 1: null

2018-12-13 01:25:41 - [TEST_STEP][PASSED] - Statement - PreSaveFile = new java.io.File(((pathPrefix + java.lang.Integer.toString(counter)) + .png)): null

2018-12-13 01:25:41 - [TEST_STEP][PASSED] - Statement - counter = counter + 1: null

2018-12-13 01:25:41 - [TEST_STEP][PASSED] - Statement - PreSaveFile = new java.io.File(((pathPrefix + java.lang.Integer.toString(counter)) + .png)): null

2018-12-13 01:25:41 - [TEST_STEP][PASSED] - Statement - counter = counter + 1: null

2018-12-13 01:25:41 - [TEST_STEP][PASSED] - Statement - PreSaveFile = new java.io.File(((pathPrefix + java.lang.Integer.toString(counter)) + .png)): null

2018-12-13 01:25:41 - [TEST_STEP][PASSED] - Statement - counter = counter + 1: null

2018-12-13 01:25:41 - [TEST_STEP][PASSED] - Statement - PreSaveFile = new java.io.File(((pathPrefix + java.lang.Integer.toString(counter)) + .png)): null

2018-12-13 01:25:41 - [TEST_STEP][PASSED] - Statement - counter = counter + 1: null

2018-12-13 01:25:41 - [TEST_STEP][PASSED] - Statement - PreSaveFile = new java.io.File(((pathPrefix + java.lang.Integer.toString(counter)) + .png)): null

2018-12-13 01:25:41 - [TEST_STEP][PASSED] - Statement - counter = counter + 1: null

2018-12-13 01:25:41 - [TEST_STEP][PASSED] - Statement - PreSaveFile = new java.io.File(((pathPrefix + java.lang.Integer.toString(counter)) + .png)): null

2018-12-13 01:25:41 - [TEST_STEP][PASSED] - Statement - counter = counter + 1: null

2018-12-13 01:25:41 - [TEST_STEP][PASSED] - Statement - PreSaveFile = new java.io.File(((pathPrefix + java.lang.Integer.toString(counter)) + .png)): null

2018-12-13 01:25:41 - [TEST_STEP][PASSED] - Statement - counter = counter + 1: null

2018-12-13 01:25:41 - [TEST_STEP][PASSED] - Statement - PreSaveFile = new java.io.File(((pathPrefix + java.lang.Integer.toString(counter)) + .png)): null

2018-12-13 01:25:41 - [TEST_STEP][PASSED] - Statement - counter = counter + 1: null

2018-12-13 01:25:41 - [TEST_STEP][PASSED] - Statement - PreSaveFile = new java.io.File(((pathPrefix + java.lang.Integer.toString(counter)) + .png)): null

2018-12-13 01:25:41 - [TEST_STEP][PASSED] - Statement - counter = counter + 1: null

2018-12-13 01:25:41 - [TEST_STEP][PASSED] - Statement - PreSaveFile = new java.io.File(((pathPrefix + java.lang.Integer.toString(counter)) + .png)): null

2018-12-13 01:25:41 - [TEST_STEP][PASSED] - Statement - counter = counter + 1: null

2018-12-13 01:25:41 - [TEST_STEP][PASSED] - Statement - PreSaveFile = new java.io.File(((pathPrefix + java.lang.Integer.toString(counter)) + .png)): null

2018-12-13 01:25:41 - [TEST_STEP][PASSED] - Statement - counter = counter + 1: null

2018-12-13 01:25:41 - [TEST_STEP][PASSED] - Statement - PreSaveFile = new java.io.File(((pathPrefix + java.lang.Integer.toString(counter)) + .png)): null

2018-12-13 01:25:41 - [TEST_STEP][PASSED] - Statement - counter = counter + 1: null

2018-12-13 01:25:41 - [TEST_STEP][PASSED] - Statement - PreSaveFile = new java.io.File(((pathPrefix + java.lang.Integer.toString(counter)) + .png)): null

2018-12-13 01:25:41 - [TEST_STEP][PASSED] - Statement - counter = counter + 1: null

2018-12-13 01:25:41 - [TEST_STEP][PASSED] - Statement - PreSaveFile = new java.io.File(((pathPrefix + java.lang.Integer.toString(counter)) + .png)): null

2018-12-13 01:25:41 - [TEST_STEP][PASSED] - Statement - counter = counter + 1: null

2018-12-13 01:25:41 - [TEST_STEP][PASSED] - Statement - PreSaveFile = new java.io.File(((pathPrefix + java.lang.Integer.toString(counter)) + .png)): null

2018-12-13 01:25:41 - [TEST_STEP][PASSED] - Statement - counter = counter + 1: null

2018-12-13 01:25:41 - [TEST_STEP][PASSED] - Statement - PreSaveFile = new java.io.File(((pathPrefix + java.lang.Integer.toString(counter)) + .png)): null

2018-12-13 01:25:41 - [TEST_STEP][PASSED] - Statement - counter = counter + 1: null

2018-12-13 01:25:41 - [TEST_STEP][PASSED] - Statement - PreSaveFile = new java.io.File(((pathPrefix + java.lang.Integer.toString(counter)) + .png)): null

2018-12-13 01:25:41 - [TEST_STEP][PASSED] - Statement - counter = counter + 1: null

2018-12-13 01:25:41 - [TEST_STEP][PASSED] - Statement - PreSaveFile = new java.io.File(((pathPrefix + java.lang.Integer.toString(counter)) + .png)): null

2018-12-13 01:25:41 - [TEST_STEP][PASSED] - Statement - counter = counter + 1: null

2018-12-13 01:25:41 - [TEST_STEP][PASSED] - Statement - PreSaveFile = new java.io.File(((pathPrefix + java.lang.Integer.toString(counter)) + .png)): null

2018-12-13 01:25:41 - [TEST_STEP][PASSED] - Statement - counter = counter + 1: null

2018-12-13 01:25:41 - [TEST_STEP][PASSED] - Statement - PreSaveFile = new java.io.File(((pathPrefix + java.lang.Integer.toString(counter)) + .png)): null

2018-12-13 01:25:41 - [TEST_STEP][PASSED] - Statement - counter = counter + 1: null

2018-12-13 01:25:41 - [TEST_STEP][PASSED] - Statement - PreSaveFile = new java.io.File(((pathPrefix + java.lang.Integer.toString(counter)) + .png)): null

2018-12-13 01:25:41 - [TEST_STEP][PASSED] - Statement - counter = counter + 1: null

2018-12-13 01:25:41 - [TEST_STEP][PASSED] - Statement - PreSaveFile = new java.io.File(((pathPrefix + java.lang.Integer.toString(counter)) + .png)): null

2018-12-13 01:25:41 - [TEST_STEP][PASSED] - Statement - counter = counter + 1: null

2018-12-13 01:25:41 - [TEST_STEP][PASSED] - Statement - PreSaveFile = new java.io.File(((pathPrefix + java.lang.Integer.toString(counter)) + .png)): null

2018-12-13 01:25:41 - [TEST_STEP][PASSED] - Statement - counter = counter + 1: null

2018-12-13 01:25:41 - [TEST_STEP][PASSED] - Statement - PreSaveFile = new java.io.File(((pathPrefix + java.lang.Integer.toString(counter)) + .png)): null

2018-12-13 01:25:41 - [TEST_STEP][PASSED] - Statement - counter = counter + 1: null

2018-12-13 01:25:41 - [TEST_STEP][PASSED] - Statement - PreSaveFile = new java.io.File(((pathPrefix + java.lang.Integer.toString(counter)) + .png)): null

2018-12-13 01:25:41 - [TEST_STEP][PASSED] - Statement - counter = counter + 1: null

2018-12-13 01:25:41 - [TEST_STEP][PASSED] - Statement - PreSaveFile = new java.io.File(((pathPrefix + java.lang.Integer.toString(counter)) + .png)): null

2018-12-13 01:25:41 - [TEST_STEP][PASSED] - Statement - counter = counter + 1: null

2018-12-13 01:25:41 - [TEST_STEP][PASSED] - Statement - PreSaveFile = new java.io.File(((pathPrefix + java.lang.Integer.toString(counter)) + .png)): null

2018-12-13 01:25:41 - [TEST_STEP][PASSED] - Statement - counter = counter + 1: null

2018-12-13 01:25:41 - [TEST_STEP][PASSED] - Statement - PreSaveFile = new java.io.File(((pathPrefix + java.lang.Integer.toString(counter)) + .png)): null

2018-12-13 01:25:41 - [TEST_STEP][PASSED] - Statement - counter = counter + 1: null

2018-12-13 01:25:41 - [TEST_STEP][PASSED] - Statement - PreSaveFile = new java.io.File(((pathPrefix + java.lang.Integer.toString(counter)) + .png)): null

2018-12-13 01:25:41 - [TEST_STEP][PASSED] - Statement - counter = counter + 1: null

2018-12-13 01:25:41 - [TEST_STEP][PASSED] - Statement - PreSaveFile = new java.io.File(((pathPrefix + java.lang.Integer.toString(counter)) + .png)): null

2018-12-13 01:25:41 - [TEST_STEP][PASSED] - Statement - counter = counter + 1: null

2018-12-13 01:25:41 - [TEST_STEP][PASSED] - Statement - PreSaveFile = new java.io.File(((pathPrefix + java.lang.Integer.toString(counter)) + .png)): null

2018-12-13 01:25:41 - [TEST_STEP][PASSED] - Statement - counter = counter + 1: null

2018-12-13 01:25:41 - [TEST_STEP][PASSED] - Statement - PreSaveFile = new java.io.File(((pathPrefix + java.lang.Integer.toString(counter)) + .png)): null

2018-12-13 01:25:41 - [TEST_STEP][PASSED] - Statement - counter = counter + 1: null

2018-12-13 01:25:41 - [TEST_STEP][PASSED] - Statement - PreSaveFile = new java.io.File(((pathPrefix + java.lang.Integer.toString(counter)) + .png)): null

2018-12-13 01:25:41 - [TEST_STEP][PASSED] - Statement - counter = counter + 1: null

2018-12-13 01:25:41 - [TEST_STEP][PASSED] - Statement - PreSaveFile = new java.io.File(((pathPrefix + java.lang.Integer.toString(counter)) + .png)): null

2018-12-13 01:25:41 - [TEST_STEP][PASSED] - Statement - counter = counter + 1: null

2018-12-13 01:25:41 - [TEST_STEP][PASSED] - Statement - PreSaveFile = new java.io.File(((pathPrefix + java.lang.Integer.toString(counter)) + .png)): null

2018-12-13 01:25:41 - [TEST_STEP][PASSED] - Statement - counter = counter + 1: null

2018-12-13 01:25:41 - [TEST_STEP][PASSED] - Statement - PreSaveFile = new java.io.File(((pathPrefix + java.lang.Integer.toString(counter)) + .png)): null

2018-12-13 01:25:41 - [TEST_STEP][PASSED] - Statement - counter = counter + 1: null

2018-12-13 01:25:41 - [TEST_STEP][PASSED] - Statement - PreSaveFile = new java.io.File(((pathPrefix + java.lang.Integer.toString(counter)) + .png)): null

2018-12-13 01:25:41 - [TEST_STEP][PASSED] - Statement - counter = counter + 1: null

2018-12-13 01:25:41 - [TEST_STEP][PASSED] - Statement - PreSaveFile = new java.io.File(((pathPrefix + java.lang.Integer.toString(counter)) + .png)): null

2018-12-13 01:25:41 - [TEST_STEP][PASSED] - Statement - counter = counter + 1: null

2018-12-13 01:25:41 - [TEST_STEP][PASSED] - Statement - PreSaveFile = new java.io.File(((pathPrefix + java.lang.Integer.toString(counter)) + .png)): null

2018-12-13 01:25:41 - [TEST_STEP][PASSED] - Statement - counter = counter + 1: null

2018-12-13 01:25:41 - [TEST_STEP][PASSED] - Statement - PreSaveFile = new java.io.File(((pathPrefix + java.lang.Integer.toString(counter)) + .png)): null

2018-12-13 01:25:41 - [TEST_STEP][PASSED] - Statement - counter = counter + 1: null

2018-12-13 01:25:41 - [TEST_STEP][PASSED] - Statement - PreSaveFile = new java.io.File(((pathPrefix + java.lang.Integer.toString(counter)) + .png)): null

2018-12-13 01:25:41 - [TEST_STEP][PASSED] - Statement - counter = counter + 1: null

2018-12-13 01:25:41 - [TEST_STEP][PASSED] - Statement - PreSaveFile = new java.io.File(((pathPrefix + java.lang.Integer.toString(counter)) + .png)): null

2018-12-13 01:25:41 - [TEST_STEP][PASSED] - Statement - counter = counter + 1: null

2018-12-13 01:25:41 - [TEST_STEP][PASSED] - Statement - PreSaveFile = new java.io.File(((pathPrefix + java.lang.Integer.toString(counter)) + .png)): null

2018-12-13 01:25:41 - [TEST_STEP][PASSED] - Statement - counter = counter + 1: null

2018-12-13 01:25:41 - [TEST_STEP][PASSED] - Statement - PreSaveFile = new java.io.File(((pathPrefix + java.lang.Integer.toString(counter)) + .png)): null

2018-12-13 01:25:41 - [TEST_STEP][PASSED] - Statement - counter = counter + 1: null

2018-12-13 01:25:41 - [TEST_STEP][PASSED] - Statement - PreSaveFile = new java.io.File(((pathPrefix + java.lang.Integer.toString(counter)) + .png)): null

2018-12-13 01:25:41 - [TEST_STEP][PASSED] - Statement - counter = counter + 1: null

2018-12-13 01:25:41 - [TEST_STEP][PASSED] - Statement - PreSaveFile = new java.io.File(((pathPrefix + java.lang.Integer.toString(counter)) + .png)): null

2018-12-13 01:25:41 - [TEST_STEP][PASSED] - Statement - counter = counter + 1: null

2018-12-13 01:25:41 - [TEST_STEP][PASSED] - Statement - PreSaveFile = new java.io.File(((pathPrefix + java.lang.Integer.toString(counter)) + .png)): null

2018-12-13 01:25:41 - [TEST_STEP][PASSED] - Statement - counter = counter + 1: null

2018-12-13 01:25:41 - [TEST_STEP][PASSED] - Statement - PreSaveFile = new java.io.File(((pathPrefix + java.lang.Integer.toString(counter)) + .png)): null

2018-12-13 01:25:41 - [TEST_STEP][PASSED] - Statement - counter = counter + 1: null

2018-12-13 01:25:41 - [TEST_STEP][PASSED] - Statement - PreSaveFile = new java.io.File(((pathPrefix + java.lang.Integer.toString(counter)) + .png)): null

2018-12-13 01:25:41 - [TEST_STEP][PASSED] - Statement - counter = counter + 1: null

2018-12-13 01:25:41 - [TEST_STEP][PASSED] - Statement - PreSaveFile = new java.io.File(((pathPrefix + java.lang.Integer.toString(counter)) + .png)): null

2018-12-13 01:25:41 - [TEST_STEP][PASSED] - Statement - counter = counter + 1: null

2018-12-13 01:25:41 - [TEST_STEP][PASSED] - Statement - PreSaveFile = new java.io.File(((pathPrefix + java.lang.Integer.toString(counter)) + .png)): null

2018-12-13 01:25:41 - [TEST_STEP][PASSED] - Statement - counter = counter + 1: null

2018-12-13 01:25:41 - [TEST_STEP][PASSED] - Statement - PreSaveFile = new java.io.File(((pathPrefix + java.lang.Integer.toString(counter)) + .png)): null

2018-12-13 01:25:41 - [TEST_STEP][PASSED] - Statement - counter = counter + 1: null

2018-12-13 01:25:41 - [TEST_STEP][PASSED] - Statement - PreSaveFile = new java.io.File(((pathPrefix + java.lang.Integer.toString(counter)) + .png)): null

2018-12-13 01:25:41 - [TEST_STEP][PASSED] - Statement - counter = counter + 1: null

2018-12-13 01:25:41 - [TEST_STEP][PASSED] - Statement - PreSaveFile = new java.io.File(((pathPrefix + java.lang.Integer.toString(counter)) + .png)): null

2018-12-13 01:25:41 - [TEST_STEP][PASSED] - Statement - counter = counter + 1: null

2018-12-13 01:25:41 - [TEST_STEP][PASSED] - Statement - PreSaveFile = new java.io.File(((pathPrefix + java.lang.Integer.toString(counter)) + .png)): null

2018-12-13 01:25:41 - [TEST_STEP][PASSED] - Statement - counter = counter + 1: null

2018-12-13 01:25:41 - [TEST_STEP][PASSED] - Statement - PreSaveFile = new java.io.File(((pathPrefix + java.lang.Integer.toString(counter)) + .png)): null

2018-12-13 01:25:41 - [TEST_STEP][PASSED] - Statement - counter = counter + 1: null

2018-12-13 01:25:41 - [TEST_STEP][PASSED] - Statement - PreSaveFile = new java.io.File(((pathPrefix + java.lang.Integer.toString(counter)) + .png)): null

2018-12-13 01:25:41 - [TEST_STEP][PASSED] - Statement - counter = counter + 1: null

2018-12-13 01:25:41 - [TEST_STEP][PASSED] - Statement - PreSaveFile = new java.io.File(((pathPrefix + java.lang.Integer.toString(counter)) + .png)): null

2018-12-13 01:25:41 - [TEST_STEP][PASSED] - Statement - counter = counter + 1: null

2018-12-13 01:25:41 - [TEST_STEP][PASSED] - Statement - PreSaveFile = new java.io.File(((pathPrefix + java.lang.Integer.toString(counter)) + .png)): null

2018-12-13 01:25:41 - [TEST_STEP][PASSED] - Statement - counter = counter + 1: null

2018-12-13 01:25:41 - [TEST_STEP][PASSED] - Statement - PreSaveFile = new java.io.File(((pathPrefix + java.lang.Integer.toString(counter)) + .png)): null

2018-12-13 01:25:41 - [TEST_STEP][PASSED] - Statement - counter = counter + 1: null

2018-12-13 01:25:41 - [TEST_STEP][PASSED] - Statement - PreSaveFile = new java.io.File(((pathPrefix + java.lang.Integer.toString(counter)) + .png)): null

2018-12-13 01:25:41 - [TEST_STEP][PASSED] - Statement - counter = counter + 1: null

2018-12-13 01:25:41 - [TEST_STEP][PASSED] - Statement - PreSaveFile = new java.io.File(((pathPrefix + java.lang.Integer.toString(counter)) + .png)): null

2018-12-13 01:25:41 - [TEST_STEP][PASSED] - Statement - counter = counter + 1: null

2018-12-13 01:25:41 - [TEST_STEP][PASSED] - Statement - PreSaveFile = new java.io.File(((pathPrefix + java.lang.Integer.toString(counter)) + .png)): null

2018-12-13 01:25:41 - [TEST_STEP][PASSED] - Statement - counter = counter + 1: null

2018-12-13 01:25:41 - [TEST_STEP][PASSED] - Statement - PreSaveFile = new java.io.File(((pathPrefix + java.lang.Integer.toString(counter)) + .png)): null

2018-12-13 01:25:41 - [TEST_STEP][PASSED] - Statement - counter = counter + 1: null

2018-12-13 01:25:41 - [TEST_STEP][PASSED] - Statement - PreSaveFile = new java.io.File(((pathPrefix + java.lang.Integer.toString(counter)) + .png)): null

2018-12-13 01:25:41 - [TEST_STEP][PASSED] - Statement - counter = counter + 1: null

2018-12-13 01:25:41 - [TEST_STEP][PASSED] - Statement - PreSaveFile = new java.io.File(((pathPrefix + java.lang.Integer.toString(counter)) + .png)): null

2018-12-13 01:25:41 - [TEST_STEP][PASSED] - Statement - counter = counter + 1: null

2018-12-13 01:25:41 - [TEST_STEP][PASSED] - Statement - PreSaveFile = new java.io.File(((pathPrefix + java.lang.Integer.toString(counter)) + .png)): null

2018-12-13 01:25:41 - [TEST_STEP][PASSED] - Statement - counter = counter + 1: null

2018-12-13 01:25:41 - [TEST_STEP][PASSED] - Statement - PreSaveFile = new java.io.File(((pathPrefix + java.lang.Integer.toString(counter)) + .png)): null

2018-12-13 01:25:41 - [TEST_STEP][PASSED] - Statement - counter = counter + 1: null

2018-12-13 01:25:41 - [TEST_STEP][PASSED] - Statement - PreSaveFile = new java.io.File(((pathPrefix + java.lang.Integer.toString(counter)) + .png)): null

2018-12-13 01:25:41 - [TEST_STEP][PASSED] - Statement - counter = counter + 1: null

2018-12-13 01:25:41 - [TEST_STEP][PASSED] - Statement - PreSaveFile = new java.io.File(((pathPrefix + java.lang.Integer.toString(counter)) + .png)): null

2018-12-13 01:25:41 - [TEST_STEP][PASSED] - Statement - counter = counter + 1: null

2018-12-13 01:25:41 - [TEST_STEP][PASSED] - Statement - PreSaveFile = new java.io.File(((pathPrefix + java.lang.Integer.toString(counter)) + .png)): null

2018-12-13 01:25:41 - [TEST_STEP][PASSED] - Statement - counter = counter + 1: null

2018-12-13 01:25:41 - [TEST_STEP][PASSED] - Statement - PreSaveFile = new java.io.File(((pathPrefix + java.lang.Integer.toString(counter)) + .png)): null

2018-12-13 01:25:41 - [TEST_STEP][PASSED] - Statement - counter = counter + 1: null

2018-12-13 01:25:41 - [TEST_STEP][PASSED] - Statement - PreSaveFile = new java.io.File(((pathPrefix + java.lang.Integer.toString(counter)) + .png)): null

2018-12-13 01:25:41 - [TEST_STEP][PASSED] - Statement - counter = counter + 1: null

2018-12-13 01:25:41 - [TEST_STEP][PASSED] - Statement - PreSaveFile = new java.io.File(((pathPrefix + java.lang.Integer.toString(counter)) + .png)): null

2018-12-13 01:25:41 - [TEST_STEP][PASSED] - Statement - counter = counter + 1: null

2018-12-13 01:25:41 - [TEST_STEP][PASSED] - Statement - PreSaveFile = new java.io.File(((pathPrefix + java.lang.Integer.toString(counter)) + .png)): null

2018-12-13 01:25:41 - [TEST_STEP][PASSED] - Statement - counter = counter + 1: null

2018-12-13 01:25:41 - [TEST_STEP][PASSED] - Statement - PreSaveFile = new java.io.File(((pathPrefix + java.lang.Integer.toString(counter)) + .png)): null

2018-12-13 01:25:41 - [TEST_STEP][PASSED] - Statement - counter = counter + 1: null

2018-12-13 01:25:41 - [TEST_STEP][PASSED] - Statement - PreSaveFile = new java.io.File(((pathPrefix + java.lang.Integer.toString(counter)) + .png)): null

2018-12-13 01:25:41 - [TEST_STEP][PASSED] - Statement - counter = counter + 1: null

2018-12-13 01:25:41 - [TEST_STEP][PASSED] - Statement - PreSaveFile = new java.io.File(((pathPrefix + java.lang.Integer.toString(counter)) + .png)): null

2018-12-13 01:25:41 - [TEST_STEP][PASSED] - Statement - counter = counter + 1: null

2018-12-13 01:25:41 - [TEST_STEP][PASSED] - Statement - PreSaveFile = new java.io.File(((pathPrefix + java.lang.Integer.toString(counter)) + .png)): null

2018-12-13 01:25:41 - [TEST_STEP][PASSED] - Statement - counter = counter + 1: null

2018-12-13 01:25:41 - [TEST_STEP][PASSED] - Statement - PreSaveFile = new java.io.File(((pathPrefix + java.lang.Integer.toString(counter)) + .png)): null

2018-12-13 01:25:41 - [TEST_STEP][PASSED] - Statement - counter = counter + 1: null

2018-12-13 01:25:41 - [TEST_STEP][PASSED] - Statement - PreSaveFile = new java.io.File(((pathPrefix + java.lang.Integer.toString(counter)) + .png)): null

2018-12-13 01:25:41 - [TEST_STEP][PASSED] - Statement - counter = counter + 1: null

2018-12-13 01:25:41 - [TEST_STEP][PASSED] - Statement - PreSaveFile = new java.io.File(((pathPrefix + java.lang.Integer.toString(counter)) + .png)): null

2018-12-13 01:25:41 - [TEST_STEP][PASSED] - Statement - counter = counter + 1: null

2018-12-13 01:25:41 - [TEST_STEP][PASSED] - Statement - PreSaveFile = new java.io.File(((pathPrefix + java.lang.Integer.toString(counter)) + .png)): null

2018-12-13 01:25:41 - [TEST_STEP][PASSED] - Statement - counter = counter + 1: null

2018-12-13 01:25:41 - [TEST_STEP][PASSED] - Statement - PreSaveFile = new java.io.File(((pathPrefix + java.lang.Integer.toString(counter)) + .png)): null

2018-12-13 01:25:41 - [TEST_STEP][PASSED] - Statement - counter = counter + 1: null

2018-12-13 01:25:41 - [TEST_STEP][PASSED] - Statement - PreSaveFile = new java.io.File(((pathPrefix + java.lang.Integer.toString(counter)) + .png)): null

2018-12-13 01:25:41 - [TEST_STEP][PASSED] - Statement - counter = counter + 1: null

2018-12-13 01:25:41 - [TEST_STEP][PASSED] - Statement - PreSaveFile = new java.io.File(((pathPrefix + java.lang.Integer.toString(counter)) + .png)): null

2018-12-13 01:25:41 - [TEST_STEP][PASSED] - Statement - counter = counter + 1: null

2018-12-13 01:25:41 - [TEST_STEP][PASSED] - Statement - PreSaveFile = new java.io.File(((pathPrefix + java.lang.Integer.toString(counter)) + .png)): null

2018-12-13 01:25:41 - [TEST_STEP][PASSED] - Statement - counter = counter + 1: null

2018-12-13 01:25:41 - [TEST_STEP][PASSED] - Statement - PreSaveFile = new java.io.File(((pathPrefix + java.lang.Integer.toString(counter)) + .png)): null

2018-12-13 01:25:41 - [TEST_STEP][PASSED] - Statement - counter = counter + 1: null

2018-12-13 01:25:41 - [TEST_STEP][PASSED] - Statement - PreSaveFile = new java.io.File(((pathPrefix + java.lang.Integer.toString(counter)) + .png)): null

2018-12-13 01:25:41 - [TEST_STEP][PASSED] - Statement - counter = counter + 1: null

2018-12-13 01:25:41 - [TEST_STEP][PASSED] - Statement - PreSaveFile = new java.io.File(((pathPrefix + java.lang.Integer.toString(counter)) + .png)): null

2018-12-13 01:25:41 - [TEST_STEP][PASSED] - Statement - counter = counter + 1: null

2018-12-13 01:25:41 - [TEST_STEP][PASSED] - Statement - PreSaveFile = new java.io.File(((pathPrefix + java.lang.Integer.toString(counter)) + .png)): null

2018-12-13 01:25:41 - [TEST_STEP][PASSED] - Statement - counter = counter + 1: null

2018-12-13 01:25:41 - [TEST_STEP][PASSED] - Statement - PreSaveFile = new java.io.File(((pathPrefix + java.lang.Integer.toString(counter)) + .png)): null

2018-12-13 01:25:42 - [TEST_STEP][PASSED] - Statement - counter = counter + 1: null

2018-12-13 01:25:42 - [TEST_STEP][PASSED] - Statement - PreSaveFile = new java.io.File(((pathPrefix + java.lang.Integer.toString(counter)) + .png)): null

2018-12-13 01:25:42 - [TEST_STEP][PASSED] - Statement - counter = counter + 1: null

2018-12-13 01:25:42 - [TEST_STEP][PASSED] - Statement - PreSaveFile = new java.io.File(((pathPrefix + java.lang.Integer.toString(counter)) + .png)): null

2018-12-13 01:25:42 - [TEST_STEP][PASSED] - Statement - counter = counter + 1: null

2018-12-13 01:25:42 - [TEST_STEP][PASSED] - Statement - PreSaveFile = new java.io.File(((pathPrefix + java.lang.Integer.toString(counter)) + .png)): null

2018-12-13 01:25:42 - [TEST_STEP][PASSED] - Statement - counter = counter + 1: null

2018-12-13 01:25:42 - [TEST_STEP][PASSED] - Statement - PreSaveFile = new java.io.File(((pathPrefix + java.lang.Integer.toString(counter)) + .png)): null

2018-12-13 01:25:42 - [TEST_STEP][PASSED] - Statement - counter = counter + 1: null

2018-12-13 01:25:42 - [TEST_STEP][PASSED] - Statement - PreSaveFile = new java.io.File(((pathPrefix + java.lang.Integer.toString(counter)) + .png)): null

2018-12-13 01:25:42 - [TEST_STEP][PASSED] - Statement - counter = counter + 1: null

2018-12-13 01:25:42 - [TEST_STEP][PASSED] - Statement - PreSaveFile = new java.io.File(((pathPrefix + java.lang.Integer.toString(counter)) + .png)): null

2018-12-13 01:25:42 - [TEST_STEP][PASSED] - Statement - counter = counter + 1: null

2018-12-13 01:25:42 - [TEST_STEP][PASSED] - Statement - PreSaveFile = new java.io.File(((pathPrefix + java.lang.Integer.toString(counter)) + .png)): null

2018-12-13 01:25:42 - [TEST_STEP][PASSED] - Statement - counter = counter + 1: null

2018-12-13 01:25:42 - [TEST_STEP][PASSED] - Statement - PreSaveFile = new java.io.File(((pathPrefix + java.lang.Integer.toString(counter)) + .png)): null

2018-12-13 01:25:42 - [TEST_STEP][PASSED] - Statement - counter = counter + 1: null

2018-12-13 01:25:42 - [TEST_STEP][PASSED] - Statement - PreSaveFile = new java.io.File(((pathPrefix + java.lang.Integer.toString(counter)) + .png)): null

2018-12-13 01:25:42 - [TEST_STEP][PASSED] - Statement - counter = counter + 1: null

2018-12-13 01:25:42 - [TEST_STEP][PASSED] - Statement - PreSaveFile = new java.io.File(((pathPrefix + java.lang.Integer.toString(counter)) + .png)): null

2018-12-13 01:25:42 - [TEST_STEP][PASSED] - Statement - counter = counter + 1: null

2018-12-13 01:25:42 - [TEST_STEP][PASSED] - Statement - PreSaveFile = new java.io.File(((pathPrefix + java.lang.Integer.toString(counter)) + .png)): null

2018-12-13 01:25:42 - [TEST_STEP][PASSED] - Statement - counter = counter + 1: null

2018-12-13 01:25:42 - [TEST_STEP][PASSED] - Statement - PreSaveFile = new java.io.File(((pathPrefix + java.lang.Integer.toString(counter)) + .png)): null

2018-12-13 01:25:42 - [TEST_STEP][PASSED] - Statement - counter = counter + 1: null

2018-12-13 01:25:42 - [TEST_STEP][PASSED] - Statement - PreSaveFile = new java.io.File(((pathPrefix + java.lang.Integer.toString(counter)) + .png)): null

2018-12-13 01:25:42 - [TEST_STEP][PASSED] - Statement - counter = counter + 1: null

2018-12-13 01:25:42 - [TEST_STEP][PASSED] - Statement - PreSaveFile = new java.io.File(((pathPrefix + java.lang.Integer.toString(counter)) + .png)): null

2018-12-13 01:25:42 - [TEST_STEP][PASSED] - Statement - counter = counter + 1: null

2018-12-13 01:25:42 - [TEST_STEP][PASSED] - Statement - PreSaveFile = new java.io.File(((pathPrefix + java.lang.Integer.toString(counter)) + .png)): null

2018-12-13 01:25:42 - [TEST_STEP][PASSED] - Statement - counter = counter + 1: null

2018-12-13 01:25:42 - [TEST_STEP][PASSED] - Statement - PreSaveFile = new java.io.File(((pathPrefix + java.lang.Integer.toString(counter)) + .png)): null

2018-12-13 01:25:42 - [TEST_STEP][PASSED] - Statement - counter = counter + 1: null

2018-12-13 01:25:42 - [TEST_STEP][PASSED] - Statement - PreSaveFile = new java.io.File(((pathPrefix + java.lang.Integer.toString(counter)) + .png)): null

2018-12-13 01:25:42 - [TEST_STEP][PASSED] - Statement - counter = counter + 1: null

2018-12-13 01:25:42 - [TEST_STEP][PASSED] - Statement - PreSaveFile = new java.io.File(((pathPrefix + java.lang.Integer.toString(counter)) + .png)): null

2018-12-13 01:25:42 - [TEST_STEP][PASSED] - Statement - counter = counter + 1: null

2018-12-13 01:25:42 - [TEST_STEP][PASSED] - Statement - PreSaveFile = new java.io.File(((pathPrefix + java.lang.Integer.toString(counter)) + .png)): null

2018-12-13 01:25:42 - [TEST_STEP][PASSED] - Statement - counter = counter + 1: null

2018-12-13 01:25:42 - [TEST_STEP][PASSED] - Statement - PreSaveFile = new java.io.File(((pathPrefix + java.lang.Integer.toString(counter)) + .png)): null

2018-12-13 01:25:42 - [TEST_STEP][PASSED] - Statement - counter = counter + 1: null

2018-12-13 01:25:42 - [TEST_STEP][PASSED] - Statement - PreSaveFile = new java.io.File(((pathPrefix + java.lang.Integer.toString(counter)) + .png)): null

2018-12-13 01:25:42 - [TEST_STEP][PASSED] - Statement - counter = counter + 1: null

2018-12-13 01:25:42 - [TEST_STEP][PASSED] - Statement - PreSaveFile = new java.io.File(((pathPrefix + java.lang.Integer.toString(counter)) + .png)): null

2018-12-13 01:25:42 - [TEST_STEP][PASSED] - Statement - counter = counter + 1: null

2018-12-13 01:25:42 - [TEST_STEP][PASSED] - Statement - PreSaveFile = new java.io.File(((pathPrefix + java.lang.Integer.toString(counter)) + .png)): null

2018-12-13 01:25:42 - [TEST_STEP][PASSED] - Statement - counter = counter + 1: null

2018-12-13 01:25:42 - [TEST_STEP][PASSED] - Statement - PreSaveFile = new java.io.File(((pathPrefix + java.lang.Integer.toString(counter)) + .png)): null

2018-12-13 01:25:42 - [TEST_STEP][PASSED] - Statement - counter = counter + 1: null

2018-12-13 01:25:42 - [TEST_STEP][PASSED] - Statement - PreSaveFile = new java.io.File(((pathPrefix + java.lang.Integer.toString(counter)) + .png)): null

2018-12-13 01:25:42 - [TEST_STEP][PASSED] - Statement - counter = counter + 1: null

2018-12-13 01:25:42 - [TEST_STEP][PASSED] - Statement - PreSaveFile = new java.io.File(((pathPrefix + java.lang.Integer.toString(counter)) + .png)): null

2018-12-13 01:25:42 - [TEST_STEP][PASSED] - Statement - counter = counter + 1: null

2018-12-13 01:25:42 - [TEST_STEP][PASSED] - Statement - PreSaveFile = new java.io.File(((pathPrefix + java.lang.Integer.toString(counter)) + .png)): null

2018-12-13 01:25:42 - [TEST_STEP][PASSED] - Statement - counter = counter + 1: null

2018-12-13 01:25:42 - [TEST_STEP][PASSED] - Statement - PreSaveFile = new java.io.File(((pathPrefix + java.lang.Integer.toString(counter)) + .png)): null

2018-12-13 01:25:42 - [TEST_STEP][PASSED] - Statement - counter = counter + 1: null

2018-12-13 01:25:42 - [TEST_STEP][PASSED] - Statement - PreSaveFile = new java.io.File(((pathPrefix + java.lang.Integer.toString(counter)) + .png)): null

2018-12-13 01:25:42 - [TEST_STEP][PASSED] - Statement - counter = counter + 1: null

2018-12-13 01:25:42 - [TEST_STEP][PASSED] - Statement - PreSaveFile = new java.io.File(((pathPrefix + java.lang.Integer.toString(counter)) + .png)): null

2018-12-13 01:25:42 - [TEST_STEP][PASSED] - Statement - counter = counter + 1: null

2018-12-13 01:25:42 - [TEST_STEP][PASSED] - Statement - PreSaveFile = new java.io.File(((pathPrefix + java.lang.Integer.toString(counter)) + .png)): null

2018-12-13 01:25:42 - [TEST_STEP][PASSED] - Statement - counter = counter + 1: null

2018-12-13 01:25:42 - [TEST_STEP][PASSED] - Statement - PreSaveFile = new java.io.File(((pathPrefix + java.lang.Integer.toString(counter)) + .png)): null

2018-12-13 01:25:42 - [TEST_STEP][PASSED] - Statement - counter = counter + 1: null

2018-12-13 01:25:42 - [TEST_STEP][PASSED] - Statement - PreSaveFile = new java.io.File(((pathPrefix + java.lang.Integer.toString(counter)) + .png)): null

2018-12-13 01:25:42 - [TEST_STEP][PASSED] - Statement - counter = counter + 1: null

2018-12-13 01:25:42 - [TEST_STEP][PASSED] - Statement - PreSaveFile = new java.io.File(((pathPrefix + java.lang.Integer.toString(counter)) + .png)): null

2018-12-13 01:25:42 - [TEST_STEP][PASSED] - Statement - counter = counter + 1: null

2018-12-13 01:25:42 - [TEST_STEP][PASSED] - Statement - PreSaveFile = new java.io.File(((pathPrefix + java.lang.Integer.toString(counter)) + .png)): null

2018-12-13 01:25:42 - [TEST_STEP][PASSED] - Statement - counter = counter + 1: null

2018-12-13 01:25:42 - [TEST_STEP][PASSED] - Statement - PreSaveFile = new java.io.File(((pathPrefix + java.lang.Integer.toString(counter)) + .png)): null

2018-12-13 01:25:42 - [TEST_STEP][PASSED] - Statement - counter = counter + 1: null

2018-12-13 01:25:42 - [TEST_STEP][PASSED] - Statement - PreSaveFile = new java.io.File(((pathPrefix + java.lang.Integer.toString(counter)) + .png)): null

2018-12-13 01:25:42 - [TEST_STEP][PASSED] - Statement - counter = counter + 1: null

2018-12-13 01:25:42 - [TEST_STEP][PASSED] - Statement - PreSaveFile = new java.io.File(((pathPrefix + java.lang.Integer.toString(counter)) + .png)): null

2018-12-13 01:25:42 - [TEST_STEP][PASSED] - Statement - counter = counter + 1: null

2018-12-13 01:25:42 - [TEST_STEP][PASSED] - Statement - PreSaveFile = new java.io.File(((pathPrefix + java.lang.Integer.toString(counter)) + .png)): null

2018-12-13 01:25:42 - [TEST_STEP][PASSED] - Statement - counter = counter + 1: null

2018-12-13 01:25:42 - [TEST_STEP][PASSED] - Statement - PreSaveFile = new java.io.File(((pathPrefix + java.lang.Integer.toString(counter)) + .png)): null

2018-12-13 01:25:42 - [TEST_STEP][PASSED] - Statement - counter = counter + 1: null

2018-12-13 01:25:42 - [TEST_STEP][PASSED] - Statement - PreSaveFile = new java.io.File(((pathPrefix + java.lang.Integer.toString(counter)) + .png)): null

2018-12-13 01:25:42 - [TEST_STEP][PASSED] - Statement - counter = counter + 1: null

2018-12-13 01:25:42 - [TEST_STEP][PASSED] - Statement - PreSaveFile = new java.io.File(((pathPrefix + java.lang.Integer.toString(counter)) + .png)): null

2018-12-13 01:25:42 - [TEST_STEP][PASSED] - Statement - counter = counter + 1: null

2018-12-13 01:25:42 - [TEST_STEP][PASSED] - Statement - PreSaveFile = new java.io.File(((pathPrefix + java.lang.Integer.toString(counter)) + .png)): null

2018-12-13 01:25:42 - [TEST_STEP][PASSED] - Statement - counter = counter + 1: null

2018-12-13 01:25:42 - [TEST_STEP][PASSED] - Statement - PreSaveFile = new java.io.File(((pathPrefix + java.lang.Integer.toString(counter)) + .png)): null

2018-12-13 01:25:42 - [TEST_STEP][PASSED] - Statement - counter = counter + 1: null

2018-12-13 01:25:42 - [TEST_STEP][PASSED] - Statement - PreSaveFile = new java.io.File(((pathPrefix + java.lang.Integer.toString(counter)) + .png)): null

2018-12-13 01:25:42 - [TEST_STEP][PASSED] - Statement - counter = counter + 1: null

2018-12-13 01:25:42 - [TEST_STEP][PASSED] - Statement - PreSaveFile = new java.io.File(((pathPrefix + java.lang.Integer.toString(counter)) + .png)): null

2018-12-13 01:25:42 - [TEST_STEP][PASSED] - Statement - counter = counter + 1: null

2018-12-13 01:25:42 - [TEST_STEP][PASSED] - Statement - PreSaveFile = new java.io.File(((pathPrefix + java.lang.Integer.toString(counter)) + .png)): null

2018-12-13 01:25:42 - [TEST_STEP][PASSED] - Statement - counter = counter + 1: null

2018-12-13 01:25:42 - [TEST_STEP][PASSED] - Statement - PreSaveFile = new java.io.File(((pathPrefix + java.lang.Integer.toString(counter)) + .png)): null

2018-12-13 01:25:42 - [TEST_STEP][PASSED] - Statement - counter = counter + 1: null

2018-12-13 01:25:42 - [TEST_STEP][PASSED] - Statement - PreSaveFile = new java.io.File(((pathPrefix + java.lang.Integer.toString(counter)) + .png)): null

2018-12-13 01:25:42 - [TEST_STEP][PASSED] - Statement - counter = counter + 1: null

2018-12-13 01:25:42 - [TEST_STEP][PASSED] - Statement - PreSaveFile = new java.io.File(((pathPrefix + java.lang.Integer.toString(counter)) + .png)): null

2018-12-13 01:25:42 - [TEST_STEP][PASSED] - Statement - counter = counter + 1: null

2018-12-13 01:25:42 - [TEST_STEP][PASSED] - Statement - PreSaveFile = new java.io.File(((pathPrefix + java.lang.Integer.toString(counter)) + .png)): null

2018-12-13 01:25:42 - [TEST_STEP][PASSED] - Statement - counter = counter + 1: null

2018-12-13 01:25:42 - [TEST_STEP][PASSED] - Statement - PreSaveFile = new java.io.File(((pathPrefix + java.lang.Integer.toString(counter)) + .png)): null

2018-12-13 01:25:42 - [TEST_STEP][PASSED] - Statement - counter = counter + 1: null

2018-12-13 01:25:42 - [TEST_STEP][PASSED] - Statement - PreSaveFile = new java.io.File(((pathPrefix + java.lang.Integer.toString(counter)) + .png)): null

2018-12-13 01:25:42 - [TEST_STEP][PASSED] - Statement - counter = counter + 1: null

2018-12-13 01:25:42 - [TEST_STEP][PASSED] - Statement - PreSaveFile = new java.io.File(((pathPrefix + java.lang.Integer.toString(counter)) + .png)): null

2018-12-13 01:25:42 - [TEST_STEP][PASSED] - Statement - counter = counter + 1: null

2018-12-13 01:25:42 - [TEST_STEP][PASSED] - Statement - PreSaveFile = new java.io.File(((pathPrefix + java.lang.Integer.toString(counter)) + .png)): null

2018-12-13 01:25:42 - [TEST_STEP][PASSED] - Statement - counter = counter + 1: null

2018-12-13 01:25:42 - [TEST_STEP][PASSED] - Statement - PreSaveFile = new java.io.File(((pathPrefix + java.lang.Integer.toString(counter)) + .png)): null

2018-12-13 01:25:42 - [TEST_STEP][PASSED] - Statement - counter = counter + 1: null

2018-12-13 01:25:42 - [TEST_STEP][PASSED] - Statement - PreSaveFile = new java.io.File(((pathPrefix + java.lang.Integer.toString(counter)) + .png)): null

2018-12-13 01:25:42 - [TEST_STEP][PASSED] - Statement - finalPath = pathPrefix + java.lang.Integer.toString(counter) + ".png": null

2018-12-13 01:25:42 - [TEST_STEP][PASSED] - Statement - SaveFile = new java.io.File(finalPath): null

2018-12-13 01:25:42 - [TEST_STEP][PASSED] - Statement - Try: null

2018-12-13 01:25:42 - [TEST_STEP][PASSED] - Statement - org.apache.commons.io.FileUtils.copyFile(scrFile, SaveFile): null

2018-12-13 01:25:42 - [TEST_STEP][PASSED] - Statement - out.println("file kept"): null

2018-12-13 01:25:42 - [TEST_STEP][PASSED] - delay: Delayed 10 second(s)

2018-12-13 01:25:52 - [MESSAGE][PASSED] - Delayed 10 second(s)

2018-12-13 01:25:52 - [MESSAGE][PASSED] - Call Test Case 'Test Cases/Final Aug 2018 - PKS Automation/Registration Module/New Registration/Submit and Screenshot/Submit Registration and Screenshot' successfully

2018-12-13 01:25:52 - [TEST_STEP][PASSED] - callTestCase: Call Test Case 'Test Cases/Final Aug 2018 - PKS Automation/Registration Module/Log Out/log out avoiding katalon tagging' successfully

2018-12-13 01:25:52 - [TEST_CASE][PASSED] - Test Cases/Final Aug 2018 - PKS Automation/Registration Module/Log Out/log out avoiding katalon tagging: Test Cases/Final Aug 2018 - PKS Automation/Registration Module/Log Out/log out avoiding katalon tagging

2018-12-13 01:25:52 - [TEST_STEP][PASSED] - navigateToUrl: Navigate to 'https://assist2-uat.perkeso.gov.my/c/portal/logout' successfully

2018-12-13 01:25:53 - [MESSAGE][PASSED] - Navigate to 'https://assist2-uat.perkeso.gov.my/c/portal/logout' successfully

2018-12-13 01:25:53 - [MESSAGE][PASSED] - Call Test Case 'Test Cases/Final Aug 2018 - PKS Automation/Registration Module/Log Out/log out avoiding katalon tagging' successfully

2018-12-13 01:25:53 - [TEST_STEP][PASSED] - callTestCase: Call Test Case 'Test Cases/Final Aug 2018 - PKS Automation/Common/Workflow Owner Finder' successfully

2018-12-13 01:25:53 - [TEST_CASE][PASSED] - Test Cases/Final Aug 2018 - PKS Automation/Common/Workflow Owner Finder: Test Cases/Final Aug 2018 - PKS Automation/Common/Workflow Owner Finder

2018-12-13 01:25:53 - [TEST_STEP][PASSED] - openBrowser: Browser is opened with url: ''

2018-12-13 01:25:53 - [MESSAGE][WARNING] - A browser is already opened. Closing browser and opening a new one

2018-12-13 01:25:57 - [MESSAGE][PASSED] - Browser is opened with url: ''

2018-12-13 01:25:57 - [TEST_STEP][PASSED] - navigateToUrl: Navigate to 'https://assist2-uat.perkeso.gov.my/login' successfully

2018-12-13 01:25:58 - [MESSAGE][PASSED] - Navigate to 'https://assist2-uat.perkeso.gov.my/login' successfully

2018-12-13 01:25:58 - [TEST_STEP][PASSED] - delay: Delayed 5 second(s)

2018-12-13 01:26:03 - [MESSAGE][PASSED] - Delayed 5 second(s)

2018-12-13 01:26:03 - [TEST_STEP][PASSED] - setText: Text 'test@liferay.com' is set on object 'Object Repository/Final Object Repo/Login Page/Internal User/Email Address'

2018-12-13 01:26:03 - [MESSAGE][PASSED] - Text 'test@liferay.com' is set on object 'Object Repository/Final Object Repo/Login Page/Internal User/Email Address'

2018-12-13 01:26:03 - [TEST_STEP][PASSED] - click: Object: 'Object Repository/Final Object Repo/Login Page/Internal User/Next Button' is clicked on

2018-12-13 01:26:03 - [MESSAGE][PASSED] - Object: 'Object Repository/Final Object Repo/Login Page/Internal User/Next Button' is clicked on

2018-12-13 01:26:03 - [TEST_STEP][PASSED] - delay: Delayed 2 second(s)

2018-12-13 01:26:05 - [MESSAGE][PASSED] - Delayed 2 second(s)

2018-12-13 01:26:05 - [TEST_STEP][PASSED] - setText: Text 'test' is set on object 'Object Repository/Final Object Repo/Login Page/Internal User/Password'

2018-12-13 01:26:05 - [MESSAGE][PASSED] - Text 'test' is set on object 'Object Repository/Final Object Repo/Login Page/Internal User/Password'

2018-12-13 01:26:05 - [TEST_STEP][PASSED] - delay: Delayed 2 second(s)

2018-12-13 01:26:07 - [MESSAGE][PASSED] - Delayed 2 second(s)

2018-12-13 01:26:07 - [TEST_STEP][PASSED] - click: Object: 'Object Repository/Final Object Repo/Login Page/Internal User/Login Button' is clicked on

2018-12-13 01:26:08 - [MESSAGE][PASSED] - Object: 'Object Repository/Final Object Repo/Login Page/Internal User/Login Button' is clicked on

2018-12-13 01:26:08 - [TEST_STEP][PASSED] - Statement - tester = com.kms.katalon.core.testobject.ObjectRepository.findTestObject(Final Object Repo/Landing Page/Select to English): Finding Test Object with id 'Object Repository/Final Object Repo/Landing Page/Select to English'

2018-12-13 01:26:08 - [TEST_STEP][PASSED] - Statement - Try: Delayed 2 second(s)

2018-12-13 01:26:08 - [TEST_STEP][PASSED] - Statement - Checker = com.kms.katalon.core.webui.keyword.WebUiBuiltInKeywords.verifyElementNotPresent(tester, 3): Web element with id: 'Object Repository/Final Object Repo/Landing Page/Select to English' located by 'By.xpath: //a[@class = 'taglib-language-list-text' and @lang = 'en-US' and (contains(text(), 'EN') or contains(., 'EN'))]' is not present after '3' second(s)

2018-12-13 01:26:10 - [MESSAGE][PASSED] - Web element with id: 'Object Repository/Final Object Repo/Landing Page/Select to English' located by 'By.xpath: //a[@class = 'taglib-language-list-text' and @lang = 'en-US' and (contains(text(), 'EN') or contains(., 'EN'))]' is not present after '3' second(s)

2018-12-13 01:26:10 - [TEST_STEP][PASSED] - Statement - If (Checker == false): null

2018-12-13 01:26:10 - [TEST_STEP][PASSED] - delay: Delayed 2 second(s)

2018-12-13 01:26:12 - [MESSAGE][PASSED] - Delayed 2 second(s)

2018-12-13 01:26:12 - [TEST_STEP][PASSED] - delay: Delayed 5 second(s)

2018-12-13 01:26:17 - [MESSAGE][PASSED] - Delayed 5 second(s)

2018-12-13 01:26:17 - [TEST_STEP][PASSED] - mouseOver: Object: 'Object Repository/Final Object Repo/Landing Page/WorkFlow Menu' is hovered

2018-12-13 01:26:17 - [MESSAGE][PASSED] - Object: 'Object Repository/Final Object Repo/Landing Page/WorkFlow Menu' is hovered

2018-12-13 01:26:17 - [TEST_STEP][PASSED] - delay: Delayed 2 second(s)

2018-12-13 01:26:19 - [MESSAGE][PASSED] - Delayed 2 second(s)

2018-12-13 01:26:19 - [TEST_STEP][PASSED] - click: Object: 'Object Repository/Final Object Repo/Landing Page/Select to Workflow Listing' is clicked on

2018-12-13 01:26:20 - [MESSAGE][PASSED] - Object: 'Object Repository/Final Object Repo/Landing Page/Select to Workflow Listing' is clicked on

2018-12-13 01:26:20 - [TEST_STEP][PASSED] - delay: Delayed 2 second(s)

2018-12-13 01:26:22 - [MESSAGE][PASSED] - Delayed 2 second(s)

2018-12-13 01:26:22 - [TEST_STEP][PASSED] - click: Object: 'Object Repository/Final Object Repo/WorkFlow Listing Page/Search Information - To Put Ref No' is clicked on

2018-12-13 01:26:22 - [MESSAGE][PASSED] - Object: 'Object Repository/Final Object Repo/WorkFlow Listing Page/Search Information - To Put Ref No' is clicked on

2018-12-13 01:26:22 - [TEST_STEP][PASSED] - delay: Delayed 2 second(s)

2018-12-13 01:26:24 - [MESSAGE][PASSED] - Delayed 2 second(s)

2018-12-13 01:26:24 - [TEST_STEP][PASSED] - callTestCase: Call Test Case 'Test Cases/Final Aug 2018 - PKS Automation/Common/Reference Number Getter' successfully

2018-12-13 01:26:24 - [TEST_CASE][PASSED] - Test Cases/Final Aug 2018 - PKS Automation/Common/Reference Number Getter: Test Cases/Final Aug 2018 - PKS Automation/Common/Reference Number Getter

2018-12-13 01:26:24 - [TEST_STEP][PASSED] - Statement - Try: null

2018-12-13 01:26:24 - [TEST_STEP][PASSED] - Statement - RefNo = new java.io.File(C://Users//Admin//Desktop//PKS//Automation Reference Point//KatalonReference.txt): null

2018-12-13 01:26:24 - [TEST_STEP][PASSED] - Statement - bufferread = new java.io.BufferedReader(new java.io.FileReader(RefNo)): null

2018-12-13 01:26:24 - [TEST_STEP][PASSED] - Statement - readedVal = bufferread.readLine(): null

2018-12-13 01:26:24 - [TEST_STEP][PASSED] - Statement - out.println(CaseReferenceNo): null

2018-12-13 01:26:24 - [TEST_STEP][PASSED] - Statement - out.println(readedVal): null

2018-12-13 01:26:24 - [TEST_STEP][PASSED] - Statement - CaseReferenceNo = "": null

2018-12-13 01:26:24 - [TEST_STEP][PASSED] - Statement - CaseReferenceNo = readedVal: null

2018-12-13 01:26:24 - [MESSAGE][PASSED] - Call Test Case 'Test Cases/Final Aug 2018 - PKS Automation/Common/Reference Number Getter' successfully

2018-12-13 01:26:24 - [TEST_STEP][PASSED] - setText: Text 'CRN12201800123257' is set on object 'Object Repository/Final Object Repo/WorkFlow Listing Page/Ref No Set Text'

2018-12-13 01:26:24 - [MESSAGE][PASSED] - Text 'CRN12201800123257' is set on object 'Object Repository/Final Object Repo/WorkFlow Listing Page/Ref No Set Text'

2018-12-13 01:26:24 - [TEST_STEP][PASSED] - delay: Delayed 2 second(s)

2018-12-13 01:26:26 - [MESSAGE][PASSED] - Delayed 2 second(s)

2018-12-13 01:26:26 - [TEST_STEP][PASSED] - click: Object: 'Object Repository/Final Object Repo/WorkFlow Listing Page/Search Ref No Search Button' is clicked on

2018-12-13 01:26:27 - [MESSAGE][PASSED] - Object: 'Object Repository/Final Object Repo/WorkFlow Listing Page/Search Ref No Search Button' is clicked on

2018-12-13 01:26:27 - [TEST_STEP][PASSED] - delay: Delayed 6 second(s)

2018-12-13 01:26:33 - [MESSAGE][PASSED] - Delayed 6 second(s)

2018-12-13 01:26:33 - [TEST_STEP][PASSED] - click: Object: 'Object Repository/Final Object Repo/WorkFlow Listing Page/Click Continue Tooltip' is clicked on

2018-12-13 01:26:33 - [MESSAGE][PASSED] - Object: 'Object Repository/Final Object Repo/WorkFlow Listing Page/Click Continue Tooltip' is clicked on

2018-12-13 01:26:33 - [TEST_STEP][PASSED] - delay: Delayed 5 second(s)

2018-12-13 01:26:38 - [MESSAGE][PASSED] - Delayed 5 second(s)

2018-12-13 01:26:38 - [TEST_STEP][PASSED] - doubleClick: Object: 'Object Repository/Final Object Repo/WorkFlow Listing Page/Workflow Found - Listing 1' is double clicked on

2018-12-13 01:26:39 - [MESSAGE][PASSED] - Object: 'Object Repository/Final Object Repo/WorkFlow Listing Page/Workflow Found - Listing 1' is double clicked on

2018-12-13 01:26:39 - [TEST_STEP][PASSED] - Statement - println(OwnerID): null

2018-12-13 01:26:39 - [TEST_STEP][PASSED] - Statement - OwnerID = com.kms.katalon.core.webui.keyword.WebUiBuiltInKeywords.getText(com.kms.katalon.core.testobject.ObjectRepository.findTestObject(Final Object Repo/WorkFlow Listing Page/Workflow Found - Listing 1), STOP_ON_FAILURE): Text of object 'Object Repository/Final Object Repo/WorkFlow Listing Page/Workflow Found - Listing 1' is: 'JOHORro1'

2018-12-13 01:26:39 - [MESSAGE][PASSED] - Text of object 'Object Repository/Final Object Repo/WorkFlow Listing Page/Workflow Found - Listing 1' is: 'JOHORro1'

2018-12-13 01:26:39 - [TEST_STEP][PASSED] - Statement - OwnerID = OwnerID.toLowerCase() + "@gmail.com": null

2018-12-13 01:26:39 - [TEST_STEP][PASSED] - Statement - println(OwnerID): null

2018-12-13 01:26:39 - [TEST_STEP][PASSED] - delay: Delayed 2 second(s)

2018-12-13 01:26:41 - [MESSAGE][PASSED] - Delayed 2 second(s)

2018-12-13 01:26:41 - [MESSAGE][PASSED] - Call Test Case 'Test Cases/Final Aug 2018 - PKS Automation/Common/Workflow Owner Finder' successfully

2018-12-13 01:26:41 - [TEST_STEP][PASSED] - callTestCase: Call Test Case 'Test Cases/Final Aug 2018 - PKS Automation/Registration Module/Log Out/log out avoiding katalon tagging' successfully

2018-12-13 01:26:41 - [TEST_CASE][PASSED] - Test Cases/Final Aug 2018 - PKS Automation/Registration Module/Log Out/log out avoiding katalon tagging: Test Cases/Final Aug 2018 - PKS Automation/Registration Module/Log Out/log out avoiding katalon tagging

2018-12-13 01:26:41 - [TEST_STEP][PASSED] - navigateToUrl: Navigate to 'https://assist2-uat.perkeso.gov.my/c/portal/logout' successfully

2018-12-13 01:26:42 - [MESSAGE][PASSED] - Navigate to 'https://assist2-uat.perkeso.gov.my/c/portal/logout' successfully

2018-12-13 01:26:42 - [MESSAGE][PASSED] - Call Test Case 'Test Cases/Final Aug 2018 - PKS Automation/Registration Module/Log Out/log out avoiding katalon tagging' successfully

2018-12-13 01:26:42 - [TEST_STEP][PASSED] - delay: Delayed 2 second(s)

2018-12-13 01:26:44 - [MESSAGE][PASSED] - Delayed 2 second(s)

2018-12-13 01:26:44 - [TEST_STEP][PASSED] - setText: Text 'johorro1@gmail.com' is set on object 'Object Repository/Final Object Repo/New Registration - Registration Module Pages/New Reg - OTC to RO/Special Case - All Related Objects/Email TextBox'

2018-12-13 01:26:44 - [MESSAGE][PASSED] - Text 'johorro1@gmail.com' is set on object 'Object Repository/Final Object Repo/New Registration - Registration Module Pages/New Reg - OTC to RO/Special Case - All Related Objects/Email TextBox'

2018-12-13 01:26:44 - [TEST_STEP][PASSED] - click: Object: 'Object Repository/Final Object Repo/New Registration - Registration Module Pages/New Reg - OTC to RO/Special Case - All Related Objects/Next Button' is clicked on

2018-12-13 01:26:44 - [MESSAGE][PASSED] - Object: 'Object Repository/Final Object Repo/New Registration - Registration Module Pages/New Reg - OTC to RO/Special Case - All Related Objects/Next Button' is clicked on

2018-12-13 01:26:44 - [TEST_STEP][PASSED] - delay: Delayed 2 second(s)

2018-12-13 01:26:46 - [MESSAGE][PASSED] - Delayed 2 second(s)

2018-12-13 01:26:46 - [TEST_STEP][PASSED] - setText: Text 'Test1@3456789' is set on object 'Object Repository/Final Object Repo/New Registration - Registration Module Pages/New Reg - OTC to RO/Special Case - All Related Objects/Password TextBox'

2018-12-13 01:26:46 - [MESSAGE][PASSED] - Text 'Test1@3456789' is set on object 'Object Repository/Final Object Repo/New Registration - Registration Module Pages/New Reg - OTC to RO/Special Case - All Related Objects/Password TextBox'

2018-12-13 01:26:46 - [TEST_STEP][PASSED] - delay: Delayed 2 second(s)

2018-12-13 01:26:48 - [MESSAGE][PASSED] - Delayed 2 second(s)

2018-12-13 01:26:48 - [TEST_STEP][PASSED] - click: Object: 'Object Repository/Final Object Repo/New Registration - Registration Module Pages/New Reg - OTC to RO/Special Case - All Related Objects/Login Button' is clicked on

2018-12-13 01:26:49 - [MESSAGE][PASSED] - Object: 'Object Repository/Final Object Repo/New Registration - Registration Module Pages/New Reg - OTC to RO/Special Case - All Related Objects/Login Button' is clicked on

2018-12-13 01:26:49 - [TEST_STEP][PASSED] - delay: Delayed 2 second(s)

2018-12-13 01:26:51 - [MESSAGE][PASSED] - Delayed 2 second(s)

2018-12-13 01:26:51 - [TEST_STEP][PASSED] - Statement - Try: null

2018-12-13 01:26:51 - [TEST_STEP][PASSED] - Statement - Checker = com.kms.katalon.core.webui.keyword.WebUiBuiltInKeywords.verifyElementNotPresent("Final Object Repo/Landing Page/Select to English", 3): null

2018-12-13 01:26:51 - [TEST_STEP][PASSED] - Statement - Catch (Exception e): null

2018-12-13 01:26:51 - [TEST_STEP][PASSED] - Statement - e.printStackTrace(): null

2018-12-13 01:26:51 - [TEST_STEP][PASSED] - click: Object: 'Object Repository/Final Object Repo/New Registration - Registration Module Pages/New Reg - OTC to RO/Special Case - All Related Objects/Expand to Search' is clicked on

2018-12-13 01:26:51 - [MESSAGE][PASSED] - Object: 'Object Repository/Final Object Repo/New Registration - Registration Module Pages/New Reg - OTC to RO/Special Case - All Related Objects/Expand to Search' is clicked on

2018-12-13 01:26:51 - [TEST_STEP][FAILED] - setText: Unable to set text 'CRN12201800123257' of object 'Object Repository/Final Object Repo/New Registration - Registration Module Pages/New Reg - OTC to RO/Special Case - All Related Objects/TextBox RefNo in Workbasket' (Root cause: org.openqa.selenium.ElementNotVisibleException: element not interactable
  (Session info: chrome=70.0.3538.110)
  (Driver info: chromedriver=2.43.600210 (68dcf5eebde37173d4027fa8635e332711d2874a),platform=Windows NT 6.1.7601 SP1 x86_64) (WARNING: The server did not provide any stacktrace information)
Command duration or timeout: 0 milliseconds
Build info: version: '3.7.1', revision: '8a0099a', time: '2017-11-06T21:07:36.161Z'
System info: host: 'WIN7TEST02', ip: '10.20.3.72', os.name: 'Windows 7', os.arch: 'amd64', os.version: '6.1', java.version: '1.8.0_181'
Driver info: com.kms.katalon.selenium.driver.CChromeDriver
Capabilities {acceptInsecureCerts: false, acceptSslCerts: false, applicationCacheEnabled: false, browserConnectionEnabled: false, browserName: chrome, chrome: {chromedriverVersion: 2.43.600210 (68dcf5eebde371..., userDataDir: C:\Users\Admin\AppData\Loca...}, cssSelectorsEnabled: true, databaseEnabled: false, goog:chromeOptions: {debuggerAddress: localhost:60407}, handlesAlerts: true, hasTouchScreen: false, javascriptEnabled: true, locationContextEnabled: true, mobileEmulationEnabled: false, nativeEvents: true, networkConnectionEnabled: false, pageLoadStrategy: normal, platform: XP, platformName: XP, rotatable: false, setWindowRect: true, takesHeapSnapshot: true, takesScreenshot: true, unexpectedAlertBehaviour: , unhandledPromptBehavior: , version: 70.0.3538.110, webStorageEnabled: true}
Session ID: 120f78512d6f753f5faac5333f5a4c23)

2018-12-13 01:26:51 - [MESSAGE][FAILED] - Unable to set text 'CRN12201800123257' of object 'Object Repository/Final Object Repo/New Registration - Registration Module Pages/New Reg - OTC to RO/Special Case - All Related Objects/TextBox RefNo in Workbasket' (Root cause: org.openqa.selenium.ElementNotVisibleException: element not interactable
  (Session info: chrome=70.0.3538.110)
  (Driver info: chromedriver=2.43.600210 (68dcf5eebde37173d4027fa8635e332711d2874a),platform=Windows NT 6.1.7601 SP1 x86_64) (WARNING: The server did not provide any stacktrace information)
Command duration or timeout: 0 milliseconds
Build info: version: '3.7.1', revision: '8a0099a', time: '2017-11-06T21:07:36.161Z'
System info: host: 'WIN7TEST02', ip: '10.20.3.72', os.name: 'Windows 7', os.arch: 'amd64', os.version: '6.1', java.version: '1.8.0_181'
Driver info: com.kms.katalon.selenium.driver.CChromeDriver
Capabilities {acceptInsecureCerts: false, acceptSslCerts: false, applicationCacheEnabled: false, browserConnectionEnabled: false, browserName: chrome, chrome: {chromedriverVersion: 2.43.600210 (68dcf5eebde371..., userDataDir: C:\Users\Admin\AppData\Loca...}, cssSelectorsEnabled: true, databaseEnabled: false, goog:chromeOptions: {debuggerAddress: localhost:60407}, handlesAlerts: true, hasTouchScreen: false, javascriptEnabled: true, locationContextEnabled: true, mobileEmulationEnabled: false, nativeEvents: true, networkConnectionEnabled: false, pageLoadStrategy: normal, platform: XP, platformName: XP, rotatable: false, setWindowRect: true, takesHeapSnapshot: true, takesScreenshot: true, unexpectedAlertBehaviour: , unhandledPromptBehavior: , version: 70.0.3538.110, webStorageEnabled: true}
Session ID: 120f78512d6f753f5faac5333f5a4c23)
[[ATTACHMENT|C:\\Users\\Admin\\Desktop\\PKS\\Perkeso Phase A\\Reports\\Workflow\\New Registration\\20181212_204826\\1544635611260.png]]

2018-12-13 01:26:51 - [TEST_STEP][PASSED] - delay: Delayed 2 second(s)

2018-12-13 01:26:53 - [MESSAGE][PASSED] - Delayed 2 second(s)

2018-12-13 01:26:53 - [TEST_STEP][PASSED] - click: Object: 'Object Repository/Final Object Repo/New Registration - Registration Module Pages/New Reg - OTC to RO/Special Case - All Related Objects/Click Search' is clicked on

2018-12-13 01:26:53 - [MESSAGE][PASSED] - Object: 'Object Repository/Final Object Repo/New Registration - Registration Module Pages/New Reg - OTC to RO/Special Case - All Related Objects/Click Search' is clicked on

2018-12-13 01:26:53 - [TEST_STEP][PASSED] - delay: Delayed 2 second(s)

2018-12-13 01:26:55 - [MESSAGE][PASSED] - Delayed 2 second(s)

2018-12-13 01:26:55 - [TEST_STEP][PASSED] - click: Object: 'Object Repository/Final Object Repo/New Registration - Registration Module Pages/New Reg - OTC to RO/Special Case - All Related Objects/Click to Continue Workflow' is clicked on

2018-12-13 01:26:59 - [MESSAGE][PASSED] - Object: 'Object Repository/Final Object Repo/New Registration - Registration Module Pages/New Reg - OTC to RO/Special Case - All Related Objects/Click to Continue Workflow' is clicked on

2018-12-13 01:26:59 - [TEST_STEP][PASSED] - delay: Delayed 2 second(s)

2018-12-13 01:27:01 - [MESSAGE][PASSED] - Delayed 2 second(s)

2018-12-13 01:27:01 - [TEST_STEP][PASSED] - click: Object: 'Object Repository/Final Object Repo/New Registration - Registration Module Pages/New Reg - OTC to RO/Special Case - All Related Objects/Continue Button in verifying case' is clicked on

2018-12-13 01:27:03 - [MESSAGE][PASSED] - Object: 'Object Repository/Final Object Repo/New Registration - Registration Module Pages/New Reg - OTC to RO/Special Case - All Related Objects/Continue Button in verifying case' is clicked on

2018-12-13 01:27:03 - [TEST_STEP][PASSED] - delay: Delayed 2 second(s)

2018-12-13 01:27:05 - [MESSAGE][PASSED] - Delayed 2 second(s)

2018-12-13 01:27:05 - [TEST_STEP][PASSED] - click: Object: 'Object Repository/Final Object Repo/New Registration - Registration Module Pages/Form 1/Registered As a Branch - Yes' is clicked on

2018-12-13 01:27:05 - [MESSAGE][PASSED] - Object: 'Object Repository/Final Object Repo/New Registration - Registration Module Pages/Form 1/Registered As a Branch - Yes' is clicked on

2018-12-13 01:27:05 - [TEST_STEP][PASSED] - delay: Delayed 2 second(s)

2018-12-13 01:27:07 - [MESSAGE][PASSED] - Delayed 2 second(s)

2018-12-13 01:27:07 - [TEST_STEP][PASSED] - click: Object: 'Object Repository/Final Object Repo/New Registration - Registration Module Pages/New Reg - OTC to RO/Special Case - All Related Objects/Form 1 Save n Continue' is clicked on

2018-12-13 01:27:07 - [MESSAGE][PASSED] - Object: 'Object Repository/Final Object Repo/New Registration - Registration Module Pages/New Reg - OTC to RO/Special Case - All Related Objects/Form 1 Save n Continue' is clicked on

2018-12-13 01:27:07 - [TEST_STEP][PASSED] - delay: Delayed 2 second(s)

2018-12-13 01:27:09 - [MESSAGE][PASSED] - Delayed 2 second(s)

2018-12-13 01:27:09 - [TEST_STEP][PASSED] - click: Object: 'Object Repository/Final Object Repo/New Registration - Registration Module Pages/New Reg - OTC to RO/Special Case - All Related Objects/Form 2 Save n Continue' is clicked on

2018-12-13 01:27:09 - [MESSAGE][PASSED] - Object: 'Object Repository/Final Object Repo/New Registration - Registration Module Pages/New Reg - OTC to RO/Special Case - All Related Objects/Form 2 Save n Continue' is clicked on

2018-12-13 01:27:09 - [TEST_STEP][PASSED] - delay: Delayed 2 second(s)

2018-12-13 01:27:11 - [MESSAGE][PASSED] - Delayed 2 second(s)

2018-12-13 01:27:11 - [TEST_STEP][PASSED] - click: Object: 'Object Repository/Final Object Repo/New Registration - Registration Module Pages/New Reg - OTC to RO/Special Case - All Related Objects/Third Screen Save n Continue' is clicked on

2018-12-13 01:27:16 - [MESSAGE][PASSED] - Object: 'Object Repository/Final Object Repo/New Registration - Registration Module Pages/New Reg - OTC to RO/Special Case - All Related Objects/Third Screen Save n Continue' is clicked on

2018-12-13 01:27:16 - [TEST_STEP][PASSED] - delay: Delayed 5 second(s)

2018-12-13 01:27:21 - [MESSAGE][PASSED] - Delayed 5 second(s)

2018-12-13 01:27:21 - [TEST_STEP][PASSED] - click: Object: 'Object Repository/Final Object Repo/New Registration - Registration Module Pages/New Reg - OTC to RO/Special Case - All Related Objects/Upload Doc Page Save n Continue' is clicked on

2018-12-13 01:27:22 - [MESSAGE][PASSED] - Object: 'Object Repository/Final Object Repo/New Registration - Registration Module Pages/New Reg - OTC to RO/Special Case - All Related Objects/Upload Doc Page Save n Continue' is clicked on

2018-12-13 01:27:22 - [TEST_STEP][PASSED] - delay: Delayed 5 second(s)

2018-12-13 01:27:27 - [MESSAGE][PASSED] - Delayed 5 second(s)

2018-12-13 01:27:27 - [TEST_STEP][PASSED] - click: Object: 'Object Repository/Final Object Repo/New Registration - Registration Module Pages/New Reg - OTC to RO/Special Case - All Related Objects/Under Enforcement Button at Preview Screen of RO' is clicked on

2018-12-13 01:27:27 - [MESSAGE][PASSED] - Object: 'Object Repository/Final Object Repo/New Registration - Registration Module Pages/New Reg - OTC to RO/Special Case - All Related Objects/Under Enforcement Button at Preview Screen of RO' is clicked on

2018-12-13 01:27:27 - [TEST_STEP][PASSED] - delay: Delayed 5 second(s)

2018-12-13 01:27:32 - [MESSAGE][PASSED] - Delayed 5 second(s)

2018-12-13 01:27:32 - [TEST_STEP][PASSED] - click: Object: 'Object Repository/Final Object Repo/New Registration - Registration Module Pages/New Reg - OTC to RO/Special Case - All Related Objects/Under Enforcement - inner form' is clicked on

2018-12-13 01:27:32 - [MESSAGE][PASSED] - Object: 'Object Repository/Final Object Repo/New Registration - Registration Module Pages/New Reg - OTC to RO/Special Case - All Related Objects/Under Enforcement - inner form' is clicked on

2018-12-13 01:27:32 - [TEST_STEP][PASSED] - callTestCase: Call Test Case 'Test Cases/Final Aug 2018 - PKS Automation/Common/Screenshoting tool' successfully

2018-12-13 01:27:32 - [TEST_CASE][PASSED] - Test Cases/Final Aug 2018 - PKS Automation/Common/Screenshoting tool: Test Cases/Final Aug 2018 - PKS Automation/Common/Screenshoting tool

2018-12-13 01:27:33 - [TEST_STEP][PASSED] - delay: Delayed 15 second(s)

2018-12-13 01:27:48 - [MESSAGE][PASSED] - Delayed 15 second(s)

2018-12-13 01:27:48 - [TEST_STEP][PASSED] - Statement - driver = com.kms.katalon.core.webui.driver.DriverFactory.getWebDriver(): null

2018-12-13 01:27:48 - [TEST_STEP][PASSED] - Statement - driver.manage().timeouts().implicitlyWait(10, SECONDS): null

2018-12-13 01:27:48 - [TEST_STEP][PASSED] - Statement - PresavePath = KatalonScreenshots: null

2018-12-13 01:27:48 - [TEST_STEP][PASSED] - Statement - pathPrefix = "C:\Users\Public\Pictures\Sample Pictures\Katalon Screenshots\Automate Ending Screen": null

2018-12-13 01:27:48 - [TEST_STEP][PASSED] - Statement - finalPath = <not implemented yet for class: org.codehaus.groovy.ast.expr.EmptyExpression>: null

2018-12-13 01:27:48 - [TEST_STEP][PASSED] - Statement - scrFile = driver.getScreenshotAs(FILE): null

2018-12-13 01:27:48 - [TEST_STEP][PASSED] - Statement - PreSaveFile = new java.io.File(PresavePath): null

2018-12-13 01:27:48 - [TEST_STEP][PASSED] - Statement - counter = 0: null

2018-12-13 01:27:48 - [TEST_STEP][PASSED] - Statement - If (PreSaveFile.exists()): null

2018-12-13 01:27:48 - [TEST_STEP][PASSED] - Statement - While (PreSaveFile.exists()): null

2018-12-13 01:27:48 - [TEST_STEP][PASSED] - Statement - counter = counter + 1: null

2018-12-13 01:27:48 - [TEST_STEP][PASSED] - Statement - PreSaveFile = new java.io.File(((pathPrefix + java.lang.Integer.toString(counter)) + .png)): null

2018-12-13 01:27:48 - [TEST_STEP][PASSED] - Statement - counter = counter + 1: null

2018-12-13 01:27:48 - [TEST_STEP][PASSED] - Statement - PreSaveFile = new java.io.File(((pathPrefix + java.lang.Integer.toString(counter)) + .png)): null

2018-12-13 01:27:48 - [TEST_STEP][PASSED] - Statement - counter = counter + 1: null

2018-12-13 01:27:48 - [TEST_STEP][PASSED] - Statement - PreSaveFile = new java.io.File(((pathPrefix + java.lang.Integer.toString(counter)) + .png)): null

2018-12-13 01:27:48 - [TEST_STEP][PASSED] - Statement - counter = counter + 1: null

2018-12-13 01:27:48 - [TEST_STEP][PASSED] - Statement - PreSaveFile = new java.io.File(((pathPrefix + java.lang.Integer.toString(counter)) + .png)): null

2018-12-13 01:27:48 - [TEST_STEP][PASSED] - Statement - counter = counter + 1: null

2018-12-13 01:27:48 - [TEST_STEP][PASSED] - Statement - PreSaveFile = new java.io.File(((pathPrefix + java.lang.Integer.toString(counter)) + .png)): null

2018-12-13 01:27:48 - [TEST_STEP][PASSED] - Statement - counter = counter + 1: null

2018-12-13 01:27:48 - [TEST_STEP][PASSED] - Statement - PreSaveFile = new java.io.File(((pathPrefix + java.lang.Integer.toString(counter)) + .png)): null

2018-12-13 01:27:48 - [TEST_STEP][PASSED] - Statement - counter = counter + 1: null

2018-12-13 01:27:48 - [TEST_STEP][PASSED] - Statement - PreSaveFile = new java.io.File(((pathPrefix + java.lang.Integer.toString(counter)) + .png)): null

2018-12-13 01:27:48 - [TEST_STEP][PASSED] - Statement - counter = counter + 1: null

2018-12-13 01:27:48 - [TEST_STEP][PASSED] - Statement - PreSaveFile = new java.io.File(((pathPrefix + java.lang.Integer.toString(counter)) + .png)): null

2018-12-13 01:27:48 - [TEST_STEP][PASSED] - Statement - counter = counter + 1: null

2018-12-13 01:27:48 - [TEST_STEP][PASSED] - Statement - PreSaveFile = new java.io.File(((pathPrefix + java.lang.Integer.toString(counter)) + .png)): null

2018-12-13 01:27:48 - [TEST_STEP][PASSED] - Statement - counter = counter + 1: null

2018-12-13 01:27:48 - [TEST_STEP][PASSED] - Statement - PreSaveFile = new java.io.File(((pathPrefix + java.lang.Integer.toString(counter)) + .png)): null

2018-12-13 01:27:48 - [TEST_STEP][PASSED] - Statement - counter = counter + 1: null

2018-12-13 01:27:48 - [TEST_STEP][PASSED] - Statement - PreSaveFile = new java.io.File(((pathPrefix + java.lang.Integer.toString(counter)) + .png)): null

2018-12-13 01:27:48 - [TEST_STEP][PASSED] - Statement - counter = counter + 1: null

2018-12-13 01:27:48 - [TEST_STEP][PASSED] - Statement - PreSaveFile = new java.io.File(((pathPrefix + java.lang.Integer.toString(counter)) + .png)): null

2018-12-13 01:27:48 - [TEST_STEP][PASSED] - Statement - counter = counter + 1: null

2018-12-13 01:27:48 - [TEST_STEP][PASSED] - Statement - PreSaveFile = new java.io.File(((pathPrefix + java.lang.Integer.toString(counter)) + .png)): null

2018-12-13 01:27:48 - [TEST_STEP][PASSED] - Statement - counter = counter + 1: null

2018-12-13 01:27:48 - [TEST_STEP][PASSED] - Statement - PreSaveFile = new java.io.File(((pathPrefix + java.lang.Integer.toString(counter)) + .png)): null

2018-12-13 01:27:48 - [TEST_STEP][PASSED] - Statement - counter = counter + 1: null

2018-12-13 01:27:48 - [TEST_STEP][PASSED] - Statement - PreSaveFile = new java.io.File(((pathPrefix + java.lang.Integer.toString(counter)) + .png)): null

2018-12-13 01:27:48 - [TEST_STEP][PASSED] - Statement - counter = counter + 1: null

2018-12-13 01:27:48 - [TEST_STEP][PASSED] - Statement - PreSaveFile = new java.io.File(((pathPrefix + java.lang.Integer.toString(counter)) + .png)): null

2018-12-13 01:27:48 - [TEST_STEP][PASSED] - Statement - counter = counter + 1: null

2018-12-13 01:27:48 - [TEST_STEP][PASSED] - Statement - PreSaveFile = new java.io.File(((pathPrefix + java.lang.Integer.toString(counter)) + .png)): null

2018-12-13 01:27:48 - [TEST_STEP][PASSED] - Statement - counter = counter + 1: null

2018-12-13 01:27:48 - [TEST_STEP][PASSED] - Statement - PreSaveFile = new java.io.File(((pathPrefix + java.lang.Integer.toString(counter)) + .png)): null

2018-12-13 01:27:48 - [TEST_STEP][PASSED] - Statement - counter = counter + 1: null

2018-12-13 01:27:48 - [TEST_STEP][PASSED] - Statement - PreSaveFile = new java.io.File(((pathPrefix + java.lang.Integer.toString(counter)) + .png)): null

2018-12-13 01:27:48 - [TEST_STEP][PASSED] - Statement - counter = counter + 1: null

2018-12-13 01:27:48 - [TEST_STEP][PASSED] - Statement - PreSaveFile = new java.io.File(((pathPrefix + java.lang.Integer.toString(counter)) + .png)): null

2018-12-13 01:27:48 - [TEST_STEP][PASSED] - Statement - counter = counter + 1: null

2018-12-13 01:27:48 - [TEST_STEP][PASSED] - Statement - PreSaveFile = new java.io.File(((pathPrefix + java.lang.Integer.toString(counter)) + .png)): null

2018-12-13 01:27:48 - [TEST_STEP][PASSED] - Statement - counter = counter + 1: null

2018-12-13 01:27:48 - [TEST_STEP][PASSED] - Statement - PreSaveFile = new java.io.File(((pathPrefix + java.lang.Integer.toString(counter)) + .png)): null

2018-12-13 01:27:48 - [TEST_STEP][PASSED] - Statement - counter = counter + 1: null

2018-12-13 01:27:48 - [TEST_STEP][PASSED] - Statement - PreSaveFile = new java.io.File(((pathPrefix + java.lang.Integer.toString(counter)) + .png)): null

2018-12-13 01:27:48 - [TEST_STEP][PASSED] - Statement - counter = counter + 1: null

2018-12-13 01:27:48 - [TEST_STEP][PASSED] - Statement - PreSaveFile = new java.io.File(((pathPrefix + java.lang.Integer.toString(counter)) + .png)): null

2018-12-13 01:27:48 - [TEST_STEP][PASSED] - Statement - counter = counter + 1: null

2018-12-13 01:27:48 - [TEST_STEP][PASSED] - Statement - PreSaveFile = new java.io.File(((pathPrefix + java.lang.Integer.toString(counter)) + .png)): null

2018-12-13 01:27:48 - [TEST_STEP][PASSED] - Statement - counter = counter + 1: null

2018-12-13 01:27:48 - [TEST_STEP][PASSED] - Statement - PreSaveFile = new java.io.File(((pathPrefix + java.lang.Integer.toString(counter)) + .png)): null

2018-12-13 01:27:48 - [TEST_STEP][PASSED] - Statement - counter = counter + 1: null

2018-12-13 01:27:48 - [TEST_STEP][PASSED] - Statement - PreSaveFile = new java.io.File(((pathPrefix + java.lang.Integer.toString(counter)) + .png)): null

2018-12-13 01:27:48 - [TEST_STEP][PASSED] - Statement - counter = counter + 1: null

2018-12-13 01:27:48 - [TEST_STEP][PASSED] - Statement - PreSaveFile = new java.io.File(((pathPrefix + java.lang.Integer.toString(counter)) + .png)): null

2018-12-13 01:27:48 - [TEST_STEP][PASSED] - Statement - counter = counter + 1: null

2018-12-13 01:27:48 - [TEST_STEP][PASSED] - Statement - PreSaveFile = new java.io.File(((pathPrefix + java.lang.Integer.toString(counter)) + .png)): null

2018-12-13 01:27:48 - [TEST_STEP][PASSED] - Statement - counter = counter + 1: null

2018-12-13 01:27:48 - [TEST_STEP][PASSED] - Statement - PreSaveFile = new java.io.File(((pathPrefix + java.lang.Integer.toString(counter)) + .png)): null

2018-12-13 01:27:48 - [TEST_STEP][PASSED] - Statement - counter = counter + 1: null

2018-12-13 01:27:48 - [TEST_STEP][PASSED] - Statement - PreSaveFile = new java.io.File(((pathPrefix + java.lang.Integer.toString(counter)) + .png)): null

2018-12-13 01:27:48 - [TEST_STEP][PASSED] - Statement - counter = counter + 1: null

2018-12-13 01:27:48 - [TEST_STEP][PASSED] - Statement - PreSaveFile = new java.io.File(((pathPrefix + java.lang.Integer.toString(counter)) + .png)): null

2018-12-13 01:27:48 - [TEST_STEP][PASSED] - Statement - counter = counter + 1: null

2018-12-13 01:27:48 - [TEST_STEP][PASSED] - Statement - PreSaveFile = new java.io.File(((pathPrefix + java.lang.Integer.toString(counter)) + .png)): null

2018-12-13 01:27:48 - [TEST_STEP][PASSED] - Statement - counter = counter + 1: null

2018-12-13 01:27:48 - [TEST_STEP][PASSED] - Statement - PreSaveFile = new java.io.File(((pathPrefix + java.lang.Integer.toString(counter)) + .png)): null

2018-12-13 01:27:48 - [TEST_STEP][PASSED] - Statement - counter = counter + 1: null

2018-12-13 01:27:48 - [TEST_STEP][PASSED] - Statement - PreSaveFile = new java.io.File(((pathPrefix + java.lang.Integer.toString(counter)) + .png)): null

2018-12-13 01:27:48 - [TEST_STEP][PASSED] - Statement - counter = counter + 1: null

2018-12-13 01:27:48 - [TEST_STEP][PASSED] - Statement - PreSaveFile = new java.io.File(((pathPrefix + java.lang.Integer.toString(counter)) + .png)): null

2018-12-13 01:27:48 - [TEST_STEP][PASSED] - Statement - counter = counter + 1: null

2018-12-13 01:27:48 - [TEST_STEP][PASSED] - Statement - PreSaveFile = new java.io.File(((pathPrefix + java.lang.Integer.toString(counter)) + .png)): null

2018-12-13 01:27:48 - [TEST_STEP][PASSED] - Statement - counter = counter + 1: null

2018-12-13 01:27:48 - [TEST_STEP][PASSED] - Statement - PreSaveFile = new java.io.File(((pathPrefix + java.lang.Integer.toString(counter)) + .png)): null

2018-12-13 01:27:48 - [TEST_STEP][PASSED] - Statement - counter = counter + 1: null

2018-12-13 01:27:48 - [TEST_STEP][PASSED] - Statement - PreSaveFile = new java.io.File(((pathPrefix + java.lang.Integer.toString(counter)) + .png)): null

2018-12-13 01:27:48 - [TEST_STEP][PASSED] - Statement - counter = counter + 1: null

2018-12-13 01:27:48 - [TEST_STEP][PASSED] - Statement - PreSaveFile = new java.io.File(((pathPrefix + java.lang.Integer.toString(counter)) + .png)): null

2018-12-13 01:27:48 - [TEST_STEP][PASSED] - Statement - counter = counter + 1: null

2018-12-13 01:27:48 - [TEST_STEP][PASSED] - Statement - PreSaveFile = new java.io.File(((pathPrefix + java.lang.Integer.toString(counter)) + .png)): null

2018-12-13 01:27:48 - [TEST_STEP][PASSED] - Statement - counter = counter + 1: null

2018-12-13 01:27:48 - [TEST_STEP][PASSED] - Statement - PreSaveFile = new java.io.File(((pathPrefix + java.lang.Integer.toString(counter)) + .png)): null

2018-12-13 01:27:48 - [TEST_STEP][PASSED] - Statement - counter = counter + 1: null

2018-12-13 01:27:48 - [TEST_STEP][PASSED] - Statement - PreSaveFile = new java.io.File(((pathPrefix + java.lang.Integer.toString(counter)) + .png)): null

2018-12-13 01:27:48 - [TEST_STEP][PASSED] - Statement - counter = counter + 1: null

2018-12-13 01:27:48 - [TEST_STEP][PASSED] - Statement - PreSaveFile = new java.io.File(((pathPrefix + java.lang.Integer.toString(counter)) + .png)): null

2018-12-13 01:27:48 - [TEST_STEP][PASSED] - Statement - counter = counter + 1: null

2018-12-13 01:27:48 - [TEST_STEP][PASSED] - Statement - PreSaveFile = new java.io.File(((pathPrefix + java.lang.Integer.toString(counter)) + .png)): null

2018-12-13 01:27:48 - [TEST_STEP][PASSED] - Statement - counter = counter + 1: null

2018-12-13 01:27:48 - [TEST_STEP][PASSED] - Statement - PreSaveFile = new java.io.File(((pathPrefix + java.lang.Integer.toString(counter)) + .png)): null

2018-12-13 01:27:48 - [TEST_STEP][PASSED] - Statement - counter = counter + 1: null

2018-12-13 01:27:48 - [TEST_STEP][PASSED] - Statement - PreSaveFile = new java.io.File(((pathPrefix + java.lang.Integer.toString(counter)) + .png)): null

2018-12-13 01:27:48 - [TEST_STEP][PASSED] - Statement - counter = counter + 1: null

2018-12-13 01:27:48 - [TEST_STEP][PASSED] - Statement - PreSaveFile = new java.io.File(((pathPrefix + java.lang.Integer.toString(counter)) + .png)): null

2018-12-13 01:27:48 - [TEST_STEP][PASSED] - Statement - counter = counter + 1: null

2018-12-13 01:27:48 - [TEST_STEP][PASSED] - Statement - PreSaveFile = new java.io.File(((pathPrefix + java.lang.Integer.toString(counter)) + .png)): null

2018-12-13 01:27:48 - [TEST_STEP][PASSED] - Statement - counter = counter + 1: null

2018-12-13 01:27:48 - [TEST_STEP][PASSED] - Statement - PreSaveFile = new java.io.File(((pathPrefix + java.lang.Integer.toString(counter)) + .png)): null

2018-12-13 01:27:48 - [TEST_STEP][PASSED] - Statement - counter = counter + 1: null

2018-12-13 01:27:48 - [TEST_STEP][PASSED] - Statement - PreSaveFile = new java.io.File(((pathPrefix + java.lang.Integer.toString(counter)) + .png)): null

2018-12-13 01:27:48 - [TEST_STEP][PASSED] - Statement - counter = counter + 1: null

2018-12-13 01:27:48 - [TEST_STEP][PASSED] - Statement - PreSaveFile = new java.io.File(((pathPrefix + java.lang.Integer.toString(counter)) + .png)): null

2018-12-13 01:27:48 - [TEST_STEP][PASSED] - Statement - counter = counter + 1: null

2018-12-13 01:27:48 - [TEST_STEP][PASSED] - Statement - PreSaveFile = new java.io.File(((pathPrefix + java.lang.Integer.toString(counter)) + .png)): null

2018-12-13 01:27:48 - [TEST_STEP][PASSED] - Statement - counter = counter + 1: null

2018-12-13 01:27:48 - [TEST_STEP][PASSED] - Statement - PreSaveFile = new java.io.File(((pathPrefix + java.lang.Integer.toString(counter)) + .png)): null

2018-12-13 01:27:48 - [TEST_STEP][PASSED] - Statement - counter = counter + 1: null

2018-12-13 01:27:48 - [TEST_STEP][PASSED] - Statement - PreSaveFile = new java.io.File(((pathPrefix + java.lang.Integer.toString(counter)) + .png)): null

2018-12-13 01:27:48 - [TEST_STEP][PASSED] - Statement - counter = counter + 1: null

2018-12-13 01:27:48 - [TEST_STEP][PASSED] - Statement - PreSaveFile = new java.io.File(((pathPrefix + java.lang.Integer.toString(counter)) + .png)): null

2018-12-13 01:27:48 - [TEST_STEP][PASSED] - Statement - counter = counter + 1: null

2018-12-13 01:27:48 - [TEST_STEP][PASSED] - Statement - PreSaveFile = new java.io.File(((pathPrefix + java.lang.Integer.toString(counter)) + .png)): null

2018-12-13 01:27:48 - [TEST_STEP][PASSED] - Statement - counter = counter + 1: null

2018-12-13 01:27:48 - [TEST_STEP][PASSED] - Statement - PreSaveFile = new java.io.File(((pathPrefix + java.lang.Integer.toString(counter)) + .png)): null

2018-12-13 01:27:48 - [TEST_STEP][PASSED] - Statement - counter = counter + 1: null

2018-12-13 01:27:48 - [TEST_STEP][PASSED] - Statement - PreSaveFile = new java.io.File(((pathPrefix + java.lang.Integer.toString(counter)) + .png)): null

2018-12-13 01:27:48 - [TEST_STEP][PASSED] - Statement - counter = counter + 1: null

2018-12-13 01:27:48 - [TEST_STEP][PASSED] - Statement - PreSaveFile = new java.io.File(((pathPrefix + java.lang.Integer.toString(counter)) + .png)): null

2018-12-13 01:27:48 - [TEST_STEP][PASSED] - Statement - counter = counter + 1: null

2018-12-13 01:27:48 - [TEST_STEP][PASSED] - Statement - PreSaveFile = new java.io.File(((pathPrefix + java.lang.Integer.toString(counter)) + .png)): null

2018-12-13 01:27:48 - [TEST_STEP][PASSED] - Statement - counter = counter + 1: null

2018-12-13 01:27:48 - [TEST_STEP][PASSED] - Statement - PreSaveFile = new java.io.File(((pathPrefix + java.lang.Integer.toString(counter)) + .png)): null

2018-12-13 01:27:48 - [TEST_STEP][PASSED] - Statement - counter = counter + 1: null

2018-12-13 01:27:48 - [TEST_STEP][PASSED] - Statement - PreSaveFile = new java.io.File(((pathPrefix + java.lang.Integer.toString(counter)) + .png)): null

2018-12-13 01:27:48 - [TEST_STEP][PASSED] - Statement - counter = counter + 1: null

2018-12-13 01:27:48 - [TEST_STEP][PASSED] - Statement - PreSaveFile = new java.io.File(((pathPrefix + java.lang.Integer.toString(counter)) + .png)): null

2018-12-13 01:27:48 - [TEST_STEP][PASSED] - Statement - counter = counter + 1: null

2018-12-13 01:27:48 - [TEST_STEP][PASSED] - Statement - PreSaveFile = new java.io.File(((pathPrefix + java.lang.Integer.toString(counter)) + .png)): null

2018-12-13 01:27:48 - [TEST_STEP][PASSED] - Statement - counter = counter + 1: null

2018-12-13 01:27:48 - [TEST_STEP][PASSED] - Statement - PreSaveFile = new java.io.File(((pathPrefix + java.lang.Integer.toString(counter)) + .png)): null

2018-12-13 01:27:48 - [TEST_STEP][PASSED] - Statement - counter = counter + 1: null

2018-12-13 01:27:48 - [TEST_STEP][PASSED] - Statement - PreSaveFile = new java.io.File(((pathPrefix + java.lang.Integer.toString(counter)) + .png)): null

2018-12-13 01:27:48 - [TEST_STEP][PASSED] - Statement - counter = counter + 1: null

2018-12-13 01:27:48 - [TEST_STEP][PASSED] - Statement - PreSaveFile = new java.io.File(((pathPrefix + java.lang.Integer.toString(counter)) + .png)): null

2018-12-13 01:27:48 - [TEST_STEP][PASSED] - Statement - counter = counter + 1: null

2018-12-13 01:27:48 - [TEST_STEP][PASSED] - Statement - PreSaveFile = new java.io.File(((pathPrefix + java.lang.Integer.toString(counter)) + .png)): null

2018-12-13 01:27:48 - [TEST_STEP][PASSED] - Statement - counter = counter + 1: null

2018-12-13 01:27:48 - [TEST_STEP][PASSED] - Statement - PreSaveFile = new java.io.File(((pathPrefix + java.lang.Integer.toString(counter)) + .png)): null

2018-12-13 01:27:48 - [TEST_STEP][PASSED] - Statement - counter = counter + 1: null

2018-12-13 01:27:48 - [TEST_STEP][PASSED] - Statement - PreSaveFile = new java.io.File(((pathPrefix + java.lang.Integer.toString(counter)) + .png)): null

2018-12-13 01:27:48 - [TEST_STEP][PASSED] - Statement - counter = counter + 1: null

2018-12-13 01:27:48 - [TEST_STEP][PASSED] - Statement - PreSaveFile = new java.io.File(((pathPrefix + java.lang.Integer.toString(counter)) + .png)): null

2018-12-13 01:27:48 - [TEST_STEP][PASSED] - Statement - counter = counter + 1: null

2018-12-13 01:27:48 - [TEST_STEP][PASSED] - Statement - PreSaveFile = new java.io.File(((pathPrefix + java.lang.Integer.toString(counter)) + .png)): null

2018-12-13 01:27:48 - [TEST_STEP][PASSED] - Statement - counter = counter + 1: null

2018-12-13 01:27:48 - [TEST_STEP][PASSED] - Statement - PreSaveFile = new java.io.File(((pathPrefix + java.lang.Integer.toString(counter)) + .png)): null

2018-12-13 01:27:48 - [TEST_STEP][PASSED] - Statement - counter = counter + 1: null

2018-12-13 01:27:48 - [TEST_STEP][PASSED] - Statement - PreSaveFile = new java.io.File(((pathPrefix + java.lang.Integer.toString(counter)) + .png)): null

2018-12-13 01:27:48 - [TEST_STEP][PASSED] - Statement - counter = counter + 1: null

2018-12-13 01:27:48 - [TEST_STEP][PASSED] - Statement - PreSaveFile = new java.io.File(((pathPrefix + java.lang.Integer.toString(counter)) + .png)): null

2018-12-13 01:27:48 - [TEST_STEP][PASSED] - Statement - counter = counter + 1: null

2018-12-13 01:27:48 - [TEST_STEP][PASSED] - Statement - PreSaveFile = new java.io.File(((pathPrefix + java.lang.Integer.toString(counter)) + .png)): null

2018-12-13 01:27:48 - [TEST_STEP][PASSED] - Statement - counter = counter + 1: null

2018-12-13 01:27:48 - [TEST_STEP][PASSED] - Statement - PreSaveFile = new java.io.File(((pathPrefix + java.lang.Integer.toString(counter)) + .png)): null

2018-12-13 01:27:48 - [TEST_STEP][PASSED] - Statement - counter = counter + 1: null

2018-12-13 01:27:48 - [TEST_STEP][PASSED] - Statement - PreSaveFile = new java.io.File(((pathPrefix + java.lang.Integer.toString(counter)) + .png)): null

2018-12-13 01:27:48 - [TEST_STEP][PASSED] - Statement - counter = counter + 1: null

2018-12-13 01:27:48 - [TEST_STEP][PASSED] - Statement - PreSaveFile = new java.io.File(((pathPrefix + java.lang.Integer.toString(counter)) + .png)): null

2018-12-13 01:27:48 - [TEST_STEP][PASSED] - Statement - counter = counter + 1: null

2018-12-13 01:27:48 - [TEST_STEP][PASSED] - Statement - PreSaveFile = new java.io.File(((pathPrefix + java.lang.Integer.toString(counter)) + .png)): null

2018-12-13 01:27:48 - [TEST_STEP][PASSED] - Statement - counter = counter + 1: null

2018-12-13 01:27:48 - [TEST_STEP][PASSED] - Statement - PreSaveFile = new java.io.File(((pathPrefix + java.lang.Integer.toString(counter)) + .png)): null

2018-12-13 01:27:48 - [TEST_STEP][PASSED] - Statement - counter = counter + 1: null

2018-12-13 01:27:48 - [TEST_STEP][PASSED] - Statement - PreSaveFile = new java.io.File(((pathPrefix + java.lang.Integer.toString(counter)) + .png)): null

2018-12-13 01:27:48 - [TEST_STEP][PASSED] - Statement - counter = counter + 1: null

2018-12-13 01:27:48 - [TEST_STEP][PASSED] - Statement - PreSaveFile = new java.io.File(((pathPrefix + java.lang.Integer.toString(counter)) + .png)): null

2018-12-13 01:27:48 - [TEST_STEP][PASSED] - Statement - counter = counter + 1: null

2018-12-13 01:27:48 - [TEST_STEP][PASSED] - Statement - PreSaveFile = new java.io.File(((pathPrefix + java.lang.Integer.toString(counter)) + .png)): null

2018-12-13 01:27:48 - [TEST_STEP][PASSED] - Statement - counter = counter + 1: null

2018-12-13 01:27:48 - [TEST_STEP][PASSED] - Statement - PreSaveFile = new java.io.File(((pathPrefix + java.lang.Integer.toString(counter)) + .png)): null

2018-12-13 01:27:48 - [TEST_STEP][PASSED] - Statement - counter = counter + 1: null

2018-12-13 01:27:48 - [TEST_STEP][PASSED] - Statement - PreSaveFile = new java.io.File(((pathPrefix + java.lang.Integer.toString(counter)) + .png)): null

2018-12-13 01:27:48 - [TEST_STEP][PASSED] - Statement - counter = counter + 1: null

2018-12-13 01:27:48 - [TEST_STEP][PASSED] - Statement - PreSaveFile = new java.io.File(((pathPrefix + java.lang.Integer.toString(counter)) + .png)): null

2018-12-13 01:27:48 - [TEST_STEP][PASSED] - Statement - counter = counter + 1: null

2018-12-13 01:27:48 - [TEST_STEP][PASSED] - Statement - PreSaveFile = new java.io.File(((pathPrefix + java.lang.Integer.toString(counter)) + .png)): null

2018-12-13 01:27:48 - [TEST_STEP][PASSED] - Statement - counter = counter + 1: null

2018-12-13 01:27:48 - [TEST_STEP][PASSED] - Statement - PreSaveFile = new java.io.File(((pathPrefix + java.lang.Integer.toString(counter)) + .png)): null

2018-12-13 01:27:48 - [TEST_STEP][PASSED] - Statement - counter = counter + 1: null

2018-12-13 01:27:48 - [TEST_STEP][PASSED] - Statement - PreSaveFile = new java.io.File(((pathPrefix + java.lang.Integer.toString(counter)) + .png)): null

2018-12-13 01:27:48 - [TEST_STEP][PASSED] - Statement - counter = counter + 1: null

2018-12-13 01:27:48 - [TEST_STEP][PASSED] - Statement - PreSaveFile = new java.io.File(((pathPrefix + java.lang.Integer.toString(counter)) + .png)): null

2018-12-13 01:27:48 - [TEST_STEP][PASSED] - Statement - counter = counter + 1: null

2018-12-13 01:27:48 - [TEST_STEP][PASSED] - Statement - PreSaveFile = new java.io.File(((pathPrefix + java.lang.Integer.toString(counter)) + .png)): null

2018-12-13 01:27:48 - [TEST_STEP][PASSED] - Statement - counter = counter + 1: null

2018-12-13 01:27:48 - [TEST_STEP][PASSED] - Statement - PreSaveFile = new java.io.File(((pathPrefix + java.lang.Integer.toString(counter)) + .png)): null

2018-12-13 01:27:48 - [TEST_STEP][PASSED] - Statement - counter = counter + 1: null

2018-12-13 01:27:48 - [TEST_STEP][PASSED] - Statement - PreSaveFile = new java.io.File(((pathPrefix + java.lang.Integer.toString(counter)) + .png)): null

2018-12-13 01:27:48 - [TEST_STEP][PASSED] - Statement - counter = counter + 1: null

2018-12-13 01:27:48 - [TEST_STEP][PASSED] - Statement - PreSaveFile = new java.io.File(((pathPrefix + java.lang.Integer.toString(counter)) + .png)): null

2018-12-13 01:27:48 - [TEST_STEP][PASSED] - Statement - counter = counter + 1: null

2018-12-13 01:27:48 - [TEST_STEP][PASSED] - Statement - PreSaveFile = new java.io.File(((pathPrefix + java.lang.Integer.toString(counter)) + .png)): null

2018-12-13 01:27:48 - [TEST_STEP][PASSED] - Statement - counter = counter + 1: null

2018-12-13 01:27:48 - [TEST_STEP][PASSED] - Statement - PreSaveFile = new java.io.File(((pathPrefix + java.lang.Integer.toString(counter)) + .png)): null

2018-12-13 01:27:48 - [TEST_STEP][PASSED] - Statement - counter = counter + 1: null

2018-12-13 01:27:48 - [TEST_STEP][PASSED] - Statement - PreSaveFile = new java.io.File(((pathPrefix + java.lang.Integer.toString(counter)) + .png)): null

2018-12-13 01:27:48 - [TEST_STEP][PASSED] - Statement - counter = counter + 1: null

2018-12-13 01:27:48 - [TEST_STEP][PASSED] - Statement - PreSaveFile = new java.io.File(((pathPrefix + java.lang.Integer.toString(counter)) + .png)): null

2018-12-13 01:27:48 - [TEST_STEP][PASSED] - Statement - counter = counter + 1: null

2018-12-13 01:27:48 - [TEST_STEP][PASSED] - Statement - PreSaveFile = new java.io.File(((pathPrefix + java.lang.Integer.toString(counter)) + .png)): null

2018-12-13 01:27:48 - [TEST_STEP][PASSED] - Statement - counter = counter + 1: null

2018-12-13 01:27:48 - [TEST_STEP][PASSED] - Statement - PreSaveFile = new java.io.File(((pathPrefix + java.lang.Integer.toString(counter)) + .png)): null

2018-12-13 01:27:48 - [TEST_STEP][PASSED] - Statement - counter = counter + 1: null

2018-12-13 01:27:48 - [TEST_STEP][PASSED] - Statement - PreSaveFile = new java.io.File(((pathPrefix + java.lang.Integer.toString(counter)) + .png)): null

2018-12-13 01:27:48 - [TEST_STEP][PASSED] - Statement - counter = counter + 1: null

2018-12-13 01:27:48 - [TEST_STEP][PASSED] - Statement - PreSaveFile = new java.io.File(((pathPrefix + java.lang.Integer.toString(counter)) + .png)): null

2018-12-13 01:27:48 - [TEST_STEP][PASSED] - Statement - counter = counter + 1: null

2018-12-13 01:27:48 - [TEST_STEP][PASSED] - Statement - PreSaveFile = new java.io.File(((pathPrefix + java.lang.Integer.toString(counter)) + .png)): null

2018-12-13 01:27:48 - [TEST_STEP][PASSED] - Statement - counter = counter + 1: null

2018-12-13 01:27:48 - [TEST_STEP][PASSED] - Statement - PreSaveFile = new java.io.File(((pathPrefix + java.lang.Integer.toString(counter)) + .png)): null

2018-12-13 01:27:48 - [TEST_STEP][PASSED] - Statement - counter = counter + 1: null

2018-12-13 01:27:48 - [TEST_STEP][PASSED] - Statement - PreSaveFile = new java.io.File(((pathPrefix + java.lang.Integer.toString(counter)) + .png)): null

2018-12-13 01:27:48 - [TEST_STEP][PASSED] - Statement - counter = counter + 1: null

2018-12-13 01:27:48 - [TEST_STEP][PASSED] - Statement - PreSaveFile = new java.io.File(((pathPrefix + java.lang.Integer.toString(counter)) + .png)): null

2018-12-13 01:27:48 - [TEST_STEP][PASSED] - Statement - counter = counter + 1: null

2018-12-13 01:27:48 - [TEST_STEP][PASSED] - Statement - PreSaveFile = new java.io.File(((pathPrefix + java.lang.Integer.toString(counter)) + .png)): null

2018-12-13 01:27:48 - [TEST_STEP][PASSED] - Statement - counter = counter + 1: null

2018-12-13 01:27:48 - [TEST_STEP][PASSED] - Statement - PreSaveFile = new java.io.File(((pathPrefix + java.lang.Integer.toString(counter)) + .png)): null

2018-12-13 01:27:48 - [TEST_STEP][PASSED] - Statement - counter = counter + 1: null

2018-12-13 01:27:48 - [TEST_STEP][PASSED] - Statement - PreSaveFile = new java.io.File(((pathPrefix + java.lang.Integer.toString(counter)) + .png)): null

2018-12-13 01:27:48 - [TEST_STEP][PASSED] - Statement - counter = counter + 1: null

2018-12-13 01:27:48 - [TEST_STEP][PASSED] - Statement - PreSaveFile = new java.io.File(((pathPrefix + java.lang.Integer.toString(counter)) + .png)): null

2018-12-13 01:27:48 - [TEST_STEP][PASSED] - Statement - counter = counter + 1: null

2018-12-13 01:27:48 - [TEST_STEP][PASSED] - Statement - PreSaveFile = new java.io.File(((pathPrefix + java.lang.Integer.toString(counter)) + .png)): null

2018-12-13 01:27:48 - [TEST_STEP][PASSED] - Statement - counter = counter + 1: null

2018-12-13 01:27:48 - [TEST_STEP][PASSED] - Statement - PreSaveFile = new java.io.File(((pathPrefix + java.lang.Integer.toString(counter)) + .png)): null

2018-12-13 01:27:48 - [TEST_STEP][PASSED] - Statement - counter = counter + 1: null

2018-12-13 01:27:48 - [TEST_STEP][PASSED] - Statement - PreSaveFile = new java.io.File(((pathPrefix + java.lang.Integer.toString(counter)) + .png)): null

2018-12-13 01:27:48 - [TEST_STEP][PASSED] - Statement - counter = counter + 1: null

2018-12-13 01:27:48 - [TEST_STEP][PASSED] - Statement - PreSaveFile = new java.io.File(((pathPrefix + java.lang.Integer.toString(counter)) + .png)): null

2018-12-13 01:27:48 - [TEST_STEP][PASSED] - Statement - counter = counter + 1: null

2018-12-13 01:27:48 - [TEST_STEP][PASSED] - Statement - PreSaveFile = new java.io.File(((pathPrefix + java.lang.Integer.toString(counter)) + .png)): null

2018-12-13 01:27:48 - [TEST_STEP][PASSED] - Statement - counter = counter + 1: null

2018-12-13 01:27:48 - [TEST_STEP][PASSED] - Statement - PreSaveFile = new java.io.File(((pathPrefix + java.lang.Integer.toString(counter)) + .png)): null

2018-12-13 01:27:48 - [TEST_STEP][PASSED] - Statement - counter = counter + 1: null

2018-12-13 01:27:48 - [TEST_STEP][PASSED] - Statement - PreSaveFile = new java.io.File(((pathPrefix + java.lang.Integer.toString(counter)) + .png)): null

2018-12-13 01:27:48 - [TEST_STEP][PASSED] - Statement - counter = counter + 1: null

2018-12-13 01:27:48 - [TEST_STEP][PASSED] - Statement - PreSaveFile = new java.io.File(((pathPrefix + java.lang.Integer.toString(counter)) + .png)): null

2018-12-13 01:27:48 - [TEST_STEP][PASSED] - Statement - counter = counter + 1: null

2018-12-13 01:27:48 - [TEST_STEP][PASSED] - Statement - PreSaveFile = new java.io.File(((pathPrefix + java.lang.Integer.toString(counter)) + .png)): null

2018-12-13 01:27:48 - [TEST_STEP][PASSED] - Statement - counter = counter + 1: null

2018-12-13 01:27:48 - [TEST_STEP][PASSED] - Statement - PreSaveFile = new java.io.File(((pathPrefix + java.lang.Integer.toString(counter)) + .png)): null

2018-12-13 01:27:48 - [TEST_STEP][PASSED] - Statement - counter = counter + 1: null

2018-12-13 01:27:48 - [TEST_STEP][PASSED] - Statement - PreSaveFile = new java.io.File(((pathPrefix + java.lang.Integer.toString(counter)) + .png)): null

2018-12-13 01:27:48 - [TEST_STEP][PASSED] - Statement - counter = counter + 1: null

2018-12-13 01:27:48 - [TEST_STEP][PASSED] - Statement - PreSaveFile = new java.io.File(((pathPrefix + java.lang.Integer.toString(counter)) + .png)): null

2018-12-13 01:27:48 - [TEST_STEP][PASSED] - Statement - counter = counter + 1: null

2018-12-13 01:27:48 - [TEST_STEP][PASSED] - Statement - PreSaveFile = new java.io.File(((pathPrefix + java.lang.Integer.toString(counter)) + .png)): null

2018-12-13 01:27:48 - [TEST_STEP][PASSED] - Statement - counter = counter + 1: null

2018-12-13 01:27:48 - [TEST_STEP][PASSED] - Statement - PreSaveFile = new java.io.File(((pathPrefix + java.lang.Integer.toString(counter)) + .png)): null

2018-12-13 01:27:48 - [TEST_STEP][PASSED] - Statement - counter = counter + 1: null

2018-12-13 01:27:48 - [TEST_STEP][PASSED] - Statement - PreSaveFile = new java.io.File(((pathPrefix + java.lang.Integer.toString(counter)) + .png)): null

2018-12-13 01:27:48 - [TEST_STEP][PASSED] - Statement - counter = counter + 1: null

2018-12-13 01:27:48 - [TEST_STEP][PASSED] - Statement - PreSaveFile = new java.io.File(((pathPrefix + java.lang.Integer.toString(counter)) + .png)): null

2018-12-13 01:27:48 - [TEST_STEP][PASSED] - Statement - counter = counter + 1: null

2018-12-13 01:27:48 - [TEST_STEP][PASSED] - Statement - PreSaveFile = new java.io.File(((pathPrefix + java.lang.Integer.toString(counter)) + .png)): null

2018-12-13 01:27:48 - [TEST_STEP][PASSED] - Statement - counter = counter + 1: null

2018-12-13 01:27:48 - [TEST_STEP][PASSED] - Statement - PreSaveFile = new java.io.File(((pathPrefix + java.lang.Integer.toString(counter)) + .png)): null

2018-12-13 01:27:48 - [TEST_STEP][PASSED] - Statement - counter = counter + 1: null

2018-12-13 01:27:48 - [TEST_STEP][PASSED] - Statement - PreSaveFile = new java.io.File(((pathPrefix + java.lang.Integer.toString(counter)) + .png)): null

2018-12-13 01:27:48 - [TEST_STEP][PASSED] - Statement - counter = counter + 1: null

2018-12-13 01:27:48 - [TEST_STEP][PASSED] - Statement - PreSaveFile = new java.io.File(((pathPrefix + java.lang.Integer.toString(counter)) + .png)): null

2018-12-13 01:27:48 - [TEST_STEP][PASSED] - Statement - counter = counter + 1: null

2018-12-13 01:27:48 - [TEST_STEP][PASSED] - Statement - PreSaveFile = new java.io.File(((pathPrefix + java.lang.Integer.toString(counter)) + .png)): null

2018-12-13 01:27:48 - [TEST_STEP][PASSED] - Statement - counter = counter + 1: null

2018-12-13 01:27:48 - [TEST_STEP][PASSED] - Statement - PreSaveFile = new java.io.File(((pathPrefix + java.lang.Integer.toString(counter)) + .png)): null

2018-12-13 01:27:48 - [TEST_STEP][PASSED] - Statement - counter = counter + 1: null

2018-12-13 01:27:48 - [TEST_STEP][PASSED] - Statement - PreSaveFile = new java.io.File(((pathPrefix + java.lang.Integer.toString(counter)) + .png)): null

2018-12-13 01:27:48 - [TEST_STEP][PASSED] - Statement - counter = counter + 1: null

2018-12-13 01:27:48 - [TEST_STEP][PASSED] - Statement - PreSaveFile = new java.io.File(((pathPrefix + java.lang.Integer.toString(counter)) + .png)): null

2018-12-13 01:27:48 - [TEST_STEP][PASSED] - Statement - counter = counter + 1: null

2018-12-13 01:27:48 - [TEST_STEP][PASSED] - Statement - PreSaveFile = new java.io.File(((pathPrefix + java.lang.Integer.toString(counter)) + .png)): null

2018-12-13 01:27:48 - [TEST_STEP][PASSED] - Statement - counter = counter + 1: null

2018-12-13 01:27:48 - [TEST_STEP][PASSED] - Statement - PreSaveFile = new java.io.File(((pathPrefix + java.lang.Integer.toString(counter)) + .png)): null

2018-12-13 01:27:48 - [TEST_STEP][PASSED] - Statement - counter = counter + 1: null

2018-12-13 01:27:48 - [TEST_STEP][PASSED] - Statement - PreSaveFile = new java.io.File(((pathPrefix + java.lang.Integer.toString(counter)) + .png)): null

2018-12-13 01:27:48 - [TEST_STEP][PASSED] - Statement - counter = counter + 1: null

2018-12-13 01:27:48 - [TEST_STEP][PASSED] - Statement - PreSaveFile = new java.io.File(((pathPrefix + java.lang.Integer.toString(counter)) + .png)): null

2018-12-13 01:27:48 - [TEST_STEP][PASSED] - Statement - counter = counter + 1: null

2018-12-13 01:27:48 - [TEST_STEP][PASSED] - Statement - PreSaveFile = new java.io.File(((pathPrefix + java.lang.Integer.toString(counter)) + .png)): null

2018-12-13 01:27:48 - [TEST_STEP][PASSED] - Statement - counter = counter + 1: null

2018-12-13 01:27:48 - [TEST_STEP][PASSED] - Statement - PreSaveFile = new java.io.File(((pathPrefix + java.lang.Integer.toString(counter)) + .png)): null

2018-12-13 01:27:48 - [TEST_STEP][PASSED] - Statement - counter = counter + 1: null

2018-12-13 01:27:48 - [TEST_STEP][PASSED] - Statement - PreSaveFile = new java.io.File(((pathPrefix + java.lang.Integer.toString(counter)) + .png)): null

2018-12-13 01:27:48 - [TEST_STEP][PASSED] - Statement - counter = counter + 1: null

2018-12-13 01:27:48 - [TEST_STEP][PASSED] - Statement - PreSaveFile = new java.io.File(((pathPrefix + java.lang.Integer.toString(counter)) + .png)): null

2018-12-13 01:27:48 - [TEST_STEP][PASSED] - Statement - counter = counter + 1: null

2018-12-13 01:27:48 - [TEST_STEP][PASSED] - Statement - PreSaveFile = new java.io.File(((pathPrefix + java.lang.Integer.toString(counter)) + .png)): null

2018-12-13 01:27:48 - [TEST_STEP][PASSED] - Statement - counter = counter + 1: null

2018-12-13 01:27:48 - [TEST_STEP][PASSED] - Statement - PreSaveFile = new java.io.File(((pathPrefix + java.lang.Integer.toString(counter)) + .png)): null

2018-12-13 01:27:48 - [TEST_STEP][PASSED] - Statement - counter = counter + 1: null

2018-12-13 01:27:48 - [TEST_STEP][PASSED] - Statement - PreSaveFile = new java.io.File(((pathPrefix + java.lang.Integer.toString(counter)) + .png)): null

2018-12-13 01:27:48 - [TEST_STEP][PASSED] - Statement - counter = counter + 1: null

2018-12-13 01:27:48 - [TEST_STEP][PASSED] - Statement - PreSaveFile = new java.io.File(((pathPrefix + java.lang.Integer.toString(counter)) + .png)): null

2018-12-13 01:27:48 - [TEST_STEP][PASSED] - Statement - counter = counter + 1: null

2018-12-13 01:27:48 - [TEST_STEP][PASSED] - Statement - PreSaveFile = new java.io.File(((pathPrefix + java.lang.Integer.toString(counter)) + .png)): null

2018-12-13 01:27:48 - [TEST_STEP][PASSED] - Statement - counter = counter + 1: null

2018-12-13 01:27:48 - [TEST_STEP][PASSED] - Statement - PreSaveFile = new java.io.File(((pathPrefix + java.lang.Integer.toString(counter)) + .png)): null

2018-12-13 01:27:48 - [TEST_STEP][PASSED] - Statement - counter = counter + 1: null

2018-12-13 01:27:48 - [TEST_STEP][PASSED] - Statement - PreSaveFile = new java.io.File(((pathPrefix + java.lang.Integer.toString(counter)) + .png)): null

2018-12-13 01:27:48 - [TEST_STEP][PASSED] - Statement - counter = counter + 1: null

2018-12-13 01:27:48 - [TEST_STEP][PASSED] - Statement - PreSaveFile = new java.io.File(((pathPrefix + java.lang.Integer.toString(counter)) + .png)): null

2018-12-13 01:27:48 - [TEST_STEP][PASSED] - Statement - counter = counter + 1: null

2018-12-13 01:27:48 - [TEST_STEP][PASSED] - Statement - PreSaveFile = new java.io.File(((pathPrefix + java.lang.Integer.toString(counter)) + .png)): null

2018-12-13 01:27:48 - [TEST_STEP][PASSED] - Statement - counter = counter + 1: null

2018-12-13 01:27:48 - [TEST_STEP][PASSED] - Statement - PreSaveFile = new java.io.File(((pathPrefix + java.lang.Integer.toString(counter)) + .png)): null

2018-12-13 01:27:48 - [TEST_STEP][PASSED] - Statement - counter = counter + 1: null

2018-12-13 01:27:48 - [TEST_STEP][PASSED] - Statement - PreSaveFile = new java.io.File(((pathPrefix + java.lang.Integer.toString(counter)) + .png)): null

2018-12-13 01:27:48 - [TEST_STEP][PASSED] - Statement - counter = counter + 1: null

2018-12-13 01:27:48 - [TEST_STEP][PASSED] - Statement - PreSaveFile = new java.io.File(((pathPrefix + java.lang.Integer.toString(counter)) + .png)): null

2018-12-13 01:27:48 - [TEST_STEP][PASSED] - Statement - counter = counter + 1: null

2018-12-13 01:27:48 - [TEST_STEP][PASSED] - Statement - PreSaveFile = new java.io.File(((pathPrefix + java.lang.Integer.toString(counter)) + .png)): null

2018-12-13 01:27:48 - [TEST_STEP][PASSED] - Statement - counter = counter + 1: null

2018-12-13 01:27:48 - [TEST_STEP][PASSED] - Statement - PreSaveFile = new java.io.File(((pathPrefix + java.lang.Integer.toString(counter)) + .png)): null

2018-12-13 01:27:48 - [TEST_STEP][PASSED] - Statement - counter = counter + 1: null

2018-12-13 01:27:48 - [TEST_STEP][PASSED] - Statement - PreSaveFile = new java.io.File(((pathPrefix + java.lang.Integer.toString(counter)) + .png)): null

2018-12-13 01:27:48 - [TEST_STEP][PASSED] - Statement - counter = counter + 1: null

2018-12-13 01:27:48 - [TEST_STEP][PASSED] - Statement - PreSaveFile = new java.io.File(((pathPrefix + java.lang.Integer.toString(counter)) + .png)): null

2018-12-13 01:27:48 - [TEST_STEP][PASSED] - Statement - counter = counter + 1: null

2018-12-13 01:27:48 - [TEST_STEP][PASSED] - Statement - PreSaveFile = new java.io.File(((pathPrefix + java.lang.Integer.toString(counter)) + .png)): null

2018-12-13 01:27:48 - [TEST_STEP][PASSED] - Statement - counter = counter + 1: null

2018-12-13 01:27:48 - [TEST_STEP][PASSED] - Statement - PreSaveFile = new java.io.File(((pathPrefix + java.lang.Integer.toString(counter)) + .png)): null

2018-12-13 01:27:48 - [TEST_STEP][PASSED] - Statement - counter = counter + 1: null

2018-12-13 01:27:48 - [TEST_STEP][PASSED] - Statement - PreSaveFile = new java.io.File(((pathPrefix + java.lang.Integer.toString(counter)) + .png)): null

2018-12-13 01:27:48 - [TEST_STEP][PASSED] - Statement - counter = counter + 1: null

2018-12-13 01:27:48 - [TEST_STEP][PASSED] - Statement - PreSaveFile = new java.io.File(((pathPrefix + java.lang.Integer.toString(counter)) + .png)): null

2018-12-13 01:27:48 - [TEST_STEP][PASSED] - Statement - counter = counter + 1: null

2018-12-13 01:27:48 - [TEST_STEP][PASSED] - Statement - PreSaveFile = new java.io.File(((pathPrefix + java.lang.Integer.toString(counter)) + .png)): null

2018-12-13 01:27:48 - [TEST_STEP][PASSED] - Statement - counter = counter + 1: null

2018-12-13 01:27:48 - [TEST_STEP][PASSED] - Statement - PreSaveFile = new java.io.File(((pathPrefix + java.lang.Integer.toString(counter)) + .png)): null

2018-12-13 01:27:48 - [TEST_STEP][PASSED] - Statement - counter = counter + 1: null

2018-12-13 01:27:48 - [TEST_STEP][PASSED] - Statement - PreSaveFile = new java.io.File(((pathPrefix + java.lang.Integer.toString(counter)) + .png)): null

2018-12-13 01:27:48 - [TEST_STEP][PASSED] - Statement - counter = counter + 1: null

2018-12-13 01:27:48 - [TEST_STEP][PASSED] - Statement - PreSaveFile = new java.io.File(((pathPrefix + java.lang.Integer.toString(counter)) + .png)): null

2018-12-13 01:27:48 - [TEST_STEP][PASSED] - Statement - counter = counter + 1: null

2018-12-13 01:27:48 - [TEST_STEP][PASSED] - Statement - PreSaveFile = new java.io.File(((pathPrefix + java.lang.Integer.toString(counter)) + .png)): null

2018-12-13 01:27:48 - [TEST_STEP][PASSED] - Statement - counter = counter + 1: null

2018-12-13 01:27:48 - [TEST_STEP][PASSED] - Statement - PreSaveFile = new java.io.File(((pathPrefix + java.lang.Integer.toString(counter)) + .png)): null

2018-12-13 01:27:48 - [TEST_STEP][PASSED] - Statement - counter = counter + 1: null

2018-12-13 01:27:48 - [TEST_STEP][PASSED] - Statement - PreSaveFile = new java.io.File(((pathPrefix + java.lang.Integer.toString(counter)) + .png)): null

2018-12-13 01:27:48 - [TEST_STEP][PASSED] - Statement - counter = counter + 1: null

2018-12-13 01:27:48 - [TEST_STEP][PASSED] - Statement - PreSaveFile = new java.io.File(((pathPrefix + java.lang.Integer.toString(counter)) + .png)): null

2018-12-13 01:27:48 - [TEST_STEP][PASSED] - Statement - counter = counter + 1: null

2018-12-13 01:27:48 - [TEST_STEP][PASSED] - Statement - PreSaveFile = new java.io.File(((pathPrefix + java.lang.Integer.toString(counter)) + .png)): null

2018-12-13 01:27:48 - [TEST_STEP][PASSED] - Statement - counter = counter + 1: null

2018-12-13 01:27:48 - [TEST_STEP][PASSED] - Statement - PreSaveFile = new java.io.File(((pathPrefix + java.lang.Integer.toString(counter)) + .png)): null

2018-12-13 01:27:49 - [TEST_STEP][PASSED] - Statement - counter = counter + 1: null

2018-12-13 01:27:49 - [TEST_STEP][PASSED] - Statement - PreSaveFile = new java.io.File(((pathPrefix + java.lang.Integer.toString(counter)) + .png)): null

2018-12-13 01:27:49 - [TEST_STEP][PASSED] - Statement - counter = counter + 1: null

2018-12-13 01:27:49 - [TEST_STEP][PASSED] - Statement - PreSaveFile = new java.io.File(((pathPrefix + java.lang.Integer.toString(counter)) + .png)): null

2018-12-13 01:27:49 - [TEST_STEP][PASSED] - Statement - counter = counter + 1: null

2018-12-13 01:27:49 - [TEST_STEP][PASSED] - Statement - PreSaveFile = new java.io.File(((pathPrefix + java.lang.Integer.toString(counter)) + .png)): null

2018-12-13 01:27:49 - [TEST_STEP][PASSED] - Statement - counter = counter + 1: null

2018-12-13 01:27:49 - [TEST_STEP][PASSED] - Statement - PreSaveFile = new java.io.File(((pathPrefix + java.lang.Integer.toString(counter)) + .png)): null

2018-12-13 01:27:49 - [TEST_STEP][PASSED] - Statement - counter = counter + 1: null

2018-12-13 01:27:49 - [TEST_STEP][PASSED] - Statement - PreSaveFile = new java.io.File(((pathPrefix + java.lang.Integer.toString(counter)) + .png)): null

2018-12-13 01:27:49 - [TEST_STEP][PASSED] - Statement - counter = counter + 1: null

2018-12-13 01:27:49 - [TEST_STEP][PASSED] - Statement - PreSaveFile = new java.io.File(((pathPrefix + java.lang.Integer.toString(counter)) + .png)): null

2018-12-13 01:27:49 - [TEST_STEP][PASSED] - Statement - counter = counter + 1: null

2018-12-13 01:27:49 - [TEST_STEP][PASSED] - Statement - PreSaveFile = new java.io.File(((pathPrefix + java.lang.Integer.toString(counter)) + .png)): null

2018-12-13 01:27:49 - [TEST_STEP][PASSED] - Statement - counter = counter + 1: null

2018-12-13 01:27:49 - [TEST_STEP][PASSED] - Statement - PreSaveFile = new java.io.File(((pathPrefix + java.lang.Integer.toString(counter)) + .png)): null

2018-12-13 01:27:49 - [TEST_STEP][PASSED] - Statement - counter = counter + 1: null

2018-12-13 01:27:49 - [TEST_STEP][PASSED] - Statement - PreSaveFile = new java.io.File(((pathPrefix + java.lang.Integer.toString(counter)) + .png)): null

2018-12-13 01:27:49 - [TEST_STEP][PASSED] - Statement - counter = counter + 1: null

2018-12-13 01:27:49 - [TEST_STEP][PASSED] - Statement - PreSaveFile = new java.io.File(((pathPrefix + java.lang.Integer.toString(counter)) + .png)): null

2018-12-13 01:27:49 - [TEST_STEP][PASSED] - Statement - counter = counter + 1: null

2018-12-13 01:27:49 - [TEST_STEP][PASSED] - Statement - PreSaveFile = new java.io.File(((pathPrefix + java.lang.Integer.toString(counter)) + .png)): null

2018-12-13 01:27:49 - [TEST_STEP][PASSED] - Statement - counter = counter + 1: null

2018-12-13 01:27:49 - [TEST_STEP][PASSED] - Statement - PreSaveFile = new java.io.File(((pathPrefix + java.lang.Integer.toString(counter)) + .png)): null

2018-12-13 01:27:49 - [TEST_STEP][PASSED] - Statement - counter = counter + 1: null

2018-12-13 01:27:49 - [TEST_STEP][PASSED] - Statement - PreSaveFile = new java.io.File(((pathPrefix + java.lang.Integer.toString(counter)) + .png)): null

2018-12-13 01:27:49 - [TEST_STEP][PASSED] - Statement - counter = counter + 1: null

2018-12-13 01:27:49 - [TEST_STEP][PASSED] - Statement - PreSaveFile = new java.io.File(((pathPrefix + java.lang.Integer.toString(counter)) + .png)): null

2018-12-13 01:27:49 - [TEST_STEP][PASSED] - Statement - counter = counter + 1: null

2018-12-13 01:27:49 - [TEST_STEP][PASSED] - Statement - PreSaveFile = new java.io.File(((pathPrefix + java.lang.Integer.toString(counter)) + .png)): null

2018-12-13 01:27:49 - [TEST_STEP][PASSED] - Statement - counter = counter + 1: null

2018-12-13 01:27:49 - [TEST_STEP][PASSED] - Statement - PreSaveFile = new java.io.File(((pathPrefix + java.lang.Integer.toString(counter)) + .png)): null

2018-12-13 01:27:49 - [TEST_STEP][PASSED] - Statement - counter = counter + 1: null

2018-12-13 01:27:49 - [TEST_STEP][PASSED] - Statement - PreSaveFile = new java.io.File(((pathPrefix + java.lang.Integer.toString(counter)) + .png)): null

2018-12-13 01:27:49 - [TEST_STEP][PASSED] - Statement - counter = counter + 1: null

2018-12-13 01:27:49 - [TEST_STEP][PASSED] - Statement - PreSaveFile = new java.io.File(((pathPrefix + java.lang.Integer.toString(counter)) + .png)): null

2018-12-13 01:27:49 - [TEST_STEP][PASSED] - Statement - counter = counter + 1: null

2018-12-13 01:27:49 - [TEST_STEP][PASSED] - Statement - PreSaveFile = new java.io.File(((pathPrefix + java.lang.Integer.toString(counter)) + .png)): null

2018-12-13 01:27:49 - [TEST_STEP][PASSED] - Statement - counter = counter + 1: null

2018-12-13 01:27:49 - [TEST_STEP][PASSED] - Statement - PreSaveFile = new java.io.File(((pathPrefix + java.lang.Integer.toString(counter)) + .png)): null

2018-12-13 01:27:49 - [TEST_STEP][PASSED] - Statement - counter = counter + 1: null

2018-12-13 01:27:49 - [TEST_STEP][PASSED] - Statement - PreSaveFile = new java.io.File(((pathPrefix + java.lang.Integer.toString(counter)) + .png)): null

2018-12-13 01:27:49 - [TEST_STEP][PASSED] - Statement - counter = counter + 1: null

2018-12-13 01:27:49 - [TEST_STEP][PASSED] - Statement - PreSaveFile = new java.io.File(((pathPrefix + java.lang.Integer.toString(counter)) + .png)): null

2018-12-13 01:27:49 - [TEST_STEP][PASSED] - Statement - counter = counter + 1: null

2018-12-13 01:27:49 - [TEST_STEP][PASSED] - Statement - PreSaveFile = new java.io.File(((pathPrefix + java.lang.Integer.toString(counter)) + .png)): null

2018-12-13 01:27:49 - [TEST_STEP][PASSED] - Statement - counter = counter + 1: null

2018-12-13 01:27:49 - [TEST_STEP][PASSED] - Statement - PreSaveFile = new java.io.File(((pathPrefix + java.lang.Integer.toString(counter)) + .png)): null

2018-12-13 01:27:49 - [TEST_STEP][PASSED] - Statement - counter = counter + 1: null

2018-12-13 01:27:49 - [TEST_STEP][PASSED] - Statement - PreSaveFile = new java.io.File(((pathPrefix + java.lang.Integer.toString(counter)) + .png)): null

2018-12-13 01:27:49 - [TEST_STEP][PASSED] - Statement - counter = counter + 1: null

2018-12-13 01:27:49 - [TEST_STEP][PASSED] - Statement - PreSaveFile = new java.io.File(((pathPrefix + java.lang.Integer.toString(counter)) + .png)): null

2018-12-13 01:27:49 - [TEST_STEP][PASSED] - Statement - counter = counter + 1: null

2018-12-13 01:27:49 - [TEST_STEP][PASSED] - Statement - PreSaveFile = new java.io.File(((pathPrefix + java.lang.Integer.toString(counter)) + .png)): null

2018-12-13 01:27:49 - [TEST_STEP][PASSED] - Statement - counter = counter + 1: null

2018-12-13 01:27:49 - [TEST_STEP][PASSED] - Statement - PreSaveFile = new java.io.File(((pathPrefix + java.lang.Integer.toString(counter)) + .png)): null

2018-12-13 01:27:49 - [TEST_STEP][PASSED] - Statement - counter = counter + 1: null

2018-12-13 01:27:49 - [TEST_STEP][PASSED] - Statement - PreSaveFile = new java.io.File(((pathPrefix + java.lang.Integer.toString(counter)) + .png)): null

2018-12-13 01:27:49 - [TEST_STEP][PASSED] - Statement - counter = counter + 1: null

2018-12-13 01:27:49 - [TEST_STEP][PASSED] - Statement - PreSaveFile = new java.io.File(((pathPrefix + java.lang.Integer.toString(counter)) + .png)): null

2018-12-13 01:27:49 - [TEST_STEP][PASSED] - Statement - counter = counter + 1: null

2018-12-13 01:27:49 - [TEST_STEP][PASSED] - Statement - PreSaveFile = new java.io.File(((pathPrefix + java.lang.Integer.toString(counter)) + .png)): null

2018-12-13 01:27:49 - [TEST_STEP][PASSED] - Statement - counter = counter + 1: null

2018-12-13 01:27:49 - [TEST_STEP][PASSED] - Statement - PreSaveFile = new java.io.File(((pathPrefix + java.lang.Integer.toString(counter)) + .png)): null

2018-12-13 01:27:49 - [TEST_STEP][PASSED] - Statement - counter = counter + 1: null

2018-12-13 01:27:49 - [TEST_STEP][PASSED] - Statement - PreSaveFile = new java.io.File(((pathPrefix + java.lang.Integer.toString(counter)) + .png)): null

2018-12-13 01:27:49 - [TEST_STEP][PASSED] - Statement - counter = counter + 1: null

2018-12-13 01:27:49 - [TEST_STEP][PASSED] - Statement - PreSaveFile = new java.io.File(((pathPrefix + java.lang.Integer.toString(counter)) + .png)): null

2018-12-13 01:27:49 - [TEST_STEP][PASSED] - Statement - counter = counter + 1: null

2018-12-13 01:27:49 - [TEST_STEP][PASSED] - Statement - PreSaveFile = new java.io.File(((pathPrefix + java.lang.Integer.toString(counter)) + .png)): null

2018-12-13 01:27:49 - [TEST_STEP][PASSED] - Statement - counter = counter + 1: null

2018-12-13 01:27:49 - [TEST_STEP][PASSED] - Statement - PreSaveFile = new java.io.File(((pathPrefix + java.lang.Integer.toString(counter)) + .png)): null

2018-12-13 01:27:49 - [TEST_STEP][PASSED] - Statement - counter = counter + 1: null

2018-12-13 01:27:49 - [TEST_STEP][PASSED] - Statement - PreSaveFile = new java.io.File(((pathPrefix + java.lang.Integer.toString(counter)) + .png)): null

2018-12-13 01:27:49 - [TEST_STEP][PASSED] - Statement - counter = counter + 1: null

2018-12-13 01:27:49 - [TEST_STEP][PASSED] - Statement - PreSaveFile = new java.io.File(((pathPrefix + java.lang.Integer.toString(counter)) + .png)): null

2018-12-13 01:27:49 - [TEST_STEP][PASSED] - Statement - counter = counter + 1: null

2018-12-13 01:27:49 - [TEST_STEP][PASSED] - Statement - PreSaveFile = new java.io.File(((pathPrefix + java.lang.Integer.toString(counter)) + .png)): null

2018-12-13 01:27:49 - [TEST_STEP][PASSED] - Statement - counter = counter + 1: null

2018-12-13 01:27:49 - [TEST_STEP][PASSED] - Statement - PreSaveFile = new java.io.File(((pathPrefix + java.lang.Integer.toString(counter)) + .png)): null

2018-12-13 01:27:49 - [TEST_STEP][PASSED] - Statement - counter = counter + 1: null

2018-12-13 01:27:49 - [TEST_STEP][PASSED] - Statement - PreSaveFile = new java.io.File(((pathPrefix + java.lang.Integer.toString(counter)) + .png)): null

2018-12-13 01:27:49 - [TEST_STEP][PASSED] - Statement - counter = counter + 1: null

2018-12-13 01:27:49 - [TEST_STEP][PASSED] - Statement - PreSaveFile = new java.io.File(((pathPrefix + java.lang.Integer.toString(counter)) + .png)): null

2018-12-13 01:27:49 - [TEST_STEP][PASSED] - Statement - counter = counter + 1: null

2018-12-13 01:27:49 - [TEST_STEP][PASSED] - Statement - PreSaveFile = new java.io.File(((pathPrefix + java.lang.Integer.toString(counter)) + .png)): null

2018-12-13 01:27:49 - [TEST_STEP][PASSED] - Statement - counter = counter + 1: null

2018-12-13 01:27:49 - [TEST_STEP][PASSED] - Statement - PreSaveFile = new java.io.File(((pathPrefix + java.lang.Integer.toString(counter)) + .png)): null

2018-12-13 01:27:49 - [TEST_STEP][PASSED] - Statement - counter = counter + 1: null

2018-12-13 01:27:49 - [TEST_STEP][PASSED] - Statement - PreSaveFile = new java.io.File(((pathPrefix + java.lang.Integer.toString(counter)) + .png)): null

2018-12-13 01:27:49 - [TEST_STEP][PASSED] - Statement - counter = counter + 1: null

2018-12-13 01:27:49 - [TEST_STEP][PASSED] - Statement - PreSaveFile = new java.io.File(((pathPrefix + java.lang.Integer.toString(counter)) + .png)): null

2018-12-13 01:27:49 - [TEST_STEP][PASSED] - Statement - counter = counter + 1: null

2018-12-13 01:27:49 - [TEST_STEP][PASSED] - Statement - PreSaveFile = new java.io.File(((pathPrefix + java.lang.Integer.toString(counter)) + .png)): null

2018-12-13 01:27:49 - [TEST_STEP][PASSED] - Statement - counter = counter + 1: null

2018-12-13 01:27:49 - [TEST_STEP][PASSED] - Statement - PreSaveFile = new java.io.File(((pathPrefix + java.lang.Integer.toString(counter)) + .png)): null

2018-12-13 01:27:49 - [TEST_STEP][PASSED] - Statement - counter = counter + 1: null

2018-12-13 01:27:49 - [TEST_STEP][PASSED] - Statement - PreSaveFile = new java.io.File(((pathPrefix + java.lang.Integer.toString(counter)) + .png)): null

2018-12-13 01:27:49 - [TEST_STEP][PASSED] - Statement - counter = counter + 1: null

2018-12-13 01:27:49 - [TEST_STEP][PASSED] - Statement - PreSaveFile = new java.io.File(((pathPrefix + java.lang.Integer.toString(counter)) + .png)): null

2018-12-13 01:27:49 - [TEST_STEP][PASSED] - Statement - counter = counter + 1: null

2018-12-13 01:27:49 - [TEST_STEP][PASSED] - Statement - PreSaveFile = new java.io.File(((pathPrefix + java.lang.Integer.toString(counter)) + .png)): null

2018-12-13 01:27:49 - [TEST_STEP][PASSED] - Statement - counter = counter + 1: null

2018-12-13 01:27:49 - [TEST_STEP][PASSED] - Statement - PreSaveFile = new java.io.File(((pathPrefix + java.lang.Integer.toString(counter)) + .png)): null

2018-12-13 01:27:49 - [TEST_STEP][PASSED] - Statement - counter = counter + 1: null

2018-12-13 01:27:49 - [TEST_STEP][PASSED] - Statement - PreSaveFile = new java.io.File(((pathPrefix + java.lang.Integer.toString(counter)) + .png)): null

2018-12-13 01:27:49 - [TEST_STEP][PASSED] - Statement - counter = counter + 1: null

2018-12-13 01:27:49 - [TEST_STEP][PASSED] - Statement - PreSaveFile = new java.io.File(((pathPrefix + java.lang.Integer.toString(counter)) + .png)): null

2018-12-13 01:27:49 - [TEST_STEP][PASSED] - Statement - counter = counter + 1: null

2018-12-13 01:27:49 - [TEST_STEP][PASSED] - Statement - PreSaveFile = new java.io.File(((pathPrefix + java.lang.Integer.toString(counter)) + .png)): null

2018-12-13 01:27:49 - [TEST_STEP][PASSED] - Statement - counter = counter + 1: null

2018-12-13 01:27:49 - [TEST_STEP][PASSED] - Statement - PreSaveFile = new java.io.File(((pathPrefix + java.lang.Integer.toString(counter)) + .png)): null

2018-12-13 01:27:49 - [TEST_STEP][PASSED] - Statement - counter = counter + 1: null

2018-12-13 01:27:49 - [TEST_STEP][PASSED] - Statement - PreSaveFile = new java.io.File(((pathPrefix + java.lang.Integer.toString(counter)) + .png)): null

2018-12-13 01:27:49 - [TEST_STEP][PASSED] - Statement - counter = counter + 1: null

2018-12-13 01:27:49 - [TEST_STEP][PASSED] - Statement - PreSaveFile = new java.io.File(((pathPrefix + java.lang.Integer.toString(counter)) + .png)): null

2018-12-13 01:27:49 - [TEST_STEP][PASSED] - Statement - counter = counter + 1: null

2018-12-13 01:27:49 - [TEST_STEP][PASSED] - Statement - PreSaveFile = new java.io.File(((pathPrefix + java.lang.Integer.toString(counter)) + .png)): null

2018-12-13 01:27:49 - [TEST_STEP][PASSED] - Statement - counter = counter + 1: null

2018-12-13 01:27:49 - [TEST_STEP][PASSED] - Statement - PreSaveFile = new java.io.File(((pathPrefix + java.lang.Integer.toString(counter)) + .png)): null

2018-12-13 01:27:49 - [TEST_STEP][PASSED] - Statement - counter = counter + 1: null

2018-12-13 01:27:49 - [TEST_STEP][PASSED] - Statement - PreSaveFile = new java.io.File(((pathPrefix + java.lang.Integer.toString(counter)) + .png)): null

2018-12-13 01:27:49 - [TEST_STEP][PASSED] - Statement - counter = counter + 1: null

2018-12-13 01:27:49 - [TEST_STEP][PASSED] - Statement - PreSaveFile = new java.io.File(((pathPrefix + java.lang.Integer.toString(counter)) + .png)): null

2018-12-13 01:27:49 - [TEST_STEP][PASSED] - Statement - counter = counter + 1: null

2018-12-13 01:27:49 - [TEST_STEP][PASSED] - Statement - PreSaveFile = new java.io.File(((pathPrefix + java.lang.Integer.toString(counter)) + .png)): null

2018-12-13 01:27:49 - [TEST_STEP][PASSED] - Statement - counter = counter + 1: null

2018-12-13 01:27:49 - [TEST_STEP][PASSED] - Statement - PreSaveFile = new java.io.File(((pathPrefix + java.lang.Integer.toString(counter)) + .png)): null

2018-12-13 01:27:49 - [TEST_STEP][PASSED] - Statement - counter = counter + 1: null

2018-12-13 01:27:49 - [TEST_STEP][PASSED] - Statement - PreSaveFile = new java.io.File(((pathPrefix + java.lang.Integer.toString(counter)) + .png)): null

2018-12-13 01:27:49 - [TEST_STEP][PASSED] - Statement - counter = counter + 1: null

2018-12-13 01:27:49 - [TEST_STEP][PASSED] - Statement - PreSaveFile = new java.io.File(((pathPrefix + java.lang.Integer.toString(counter)) + .png)): null

2018-12-13 01:27:49 - [TEST_STEP][PASSED] - Statement - counter = counter + 1: null

2018-12-13 01:27:49 - [TEST_STEP][PASSED] - Statement - PreSaveFile = new java.io.File(((pathPrefix + java.lang.Integer.toString(counter)) + .png)): null

2018-12-13 01:27:49 - [TEST_STEP][PASSED] - Statement - counter = counter + 1: null

2018-12-13 01:27:49 - [TEST_STEP][PASSED] - Statement - PreSaveFile = new java.io.File(((pathPrefix + java.lang.Integer.toString(counter)) + .png)): null

2018-12-13 01:27:49 - [TEST_STEP][PASSED] - Statement - counter = counter + 1: null

2018-12-13 01:27:49 - [TEST_STEP][PASSED] - Statement - PreSaveFile = new java.io.File(((pathPrefix + java.lang.Integer.toString(counter)) + .png)): null

2018-12-13 01:27:49 - [TEST_STEP][PASSED] - Statement - counter = counter + 1: null

2018-12-13 01:27:49 - [TEST_STEP][PASSED] - Statement - PreSaveFile = new java.io.File(((pathPrefix + java.lang.Integer.toString(counter)) + .png)): null

2018-12-13 01:27:49 - [TEST_STEP][PASSED] - Statement - counter = counter + 1: null

2018-12-13 01:27:49 - [TEST_STEP][PASSED] - Statement - PreSaveFile = new java.io.File(((pathPrefix + java.lang.Integer.toString(counter)) + .png)): null

2018-12-13 01:27:49 - [TEST_STEP][PASSED] - Statement - counter = counter + 1: null

2018-12-13 01:27:49 - [TEST_STEP][PASSED] - Statement - PreSaveFile = new java.io.File(((pathPrefix + java.lang.Integer.toString(counter)) + .png)): null

2018-12-13 01:27:49 - [TEST_STEP][PASSED] - Statement - counter = counter + 1: null

2018-12-13 01:27:49 - [TEST_STEP][PASSED] - Statement - PreSaveFile = new java.io.File(((pathPrefix + java.lang.Integer.toString(counter)) + .png)): null

2018-12-13 01:27:49 - [TEST_STEP][PASSED] - Statement - counter = counter + 1: null

2018-12-13 01:27:49 - [TEST_STEP][PASSED] - Statement - PreSaveFile = new java.io.File(((pathPrefix + java.lang.Integer.toString(counter)) + .png)): null

2018-12-13 01:27:49 - [TEST_STEP][PASSED] - Statement - counter = counter + 1: null

2018-12-13 01:27:49 - [TEST_STEP][PASSED] - Statement - PreSaveFile = new java.io.File(((pathPrefix + java.lang.Integer.toString(counter)) + .png)): null

2018-12-13 01:27:49 - [TEST_STEP][PASSED] - Statement - counter = counter + 1: null

2018-12-13 01:27:49 - [TEST_STEP][PASSED] - Statement - PreSaveFile = new java.io.File(((pathPrefix + java.lang.Integer.toString(counter)) + .png)): null

2018-12-13 01:27:49 - [TEST_STEP][PASSED] - Statement - counter = counter + 1: null

2018-12-13 01:27:49 - [TEST_STEP][PASSED] - Statement - PreSaveFile = new java.io.File(((pathPrefix + java.lang.Integer.toString(counter)) + .png)): null

2018-12-13 01:27:49 - [TEST_STEP][PASSED] - Statement - counter = counter + 1: null

2018-12-13 01:27:49 - [TEST_STEP][PASSED] - Statement - PreSaveFile = new java.io.File(((pathPrefix + java.lang.Integer.toString(counter)) + .png)): null

2018-12-13 01:27:49 - [TEST_STEP][PASSED] - Statement - counter = counter + 1: null

2018-12-13 01:27:49 - [TEST_STEP][PASSED] - Statement - PreSaveFile = new java.io.File(((pathPrefix + java.lang.Integer.toString(counter)) + .png)): null

2018-12-13 01:27:49 - [TEST_STEP][PASSED] - Statement - counter = counter + 1: null

2018-12-13 01:27:49 - [TEST_STEP][PASSED] - Statement - PreSaveFile = new java.io.File(((pathPrefix + java.lang.Integer.toString(counter)) + .png)): null

2018-12-13 01:27:49 - [TEST_STEP][PASSED] - Statement - counter = counter + 1: null

2018-12-13 01:27:49 - [TEST_STEP][PASSED] - Statement - PreSaveFile = new java.io.File(((pathPrefix + java.lang.Integer.toString(counter)) + .png)): null

2018-12-13 01:27:49 - [TEST_STEP][PASSED] - Statement - finalPath = pathPrefix + java.lang.Integer.toString(counter) + ".png": null

2018-12-13 01:27:49 - [TEST_STEP][PASSED] - Statement - SaveFile = new java.io.File(finalPath): null

2018-12-13 01:27:49 - [TEST_STEP][PASSED] - Statement - Try: null

2018-12-13 01:27:49 - [TEST_STEP][PASSED] - Statement - org.apache.commons.io.FileUtils.copyFile(scrFile, SaveFile): null

2018-12-13 01:27:49 - [TEST_STEP][PASSED] - Statement - out.println("file kept"): null

2018-12-13 01:27:49 - [TEST_STEP][PASSED] - delay: Delayed 10 second(s)

2018-12-13 01:27:59 - [MESSAGE][PASSED] - Delayed 10 second(s)

2018-12-13 01:27:59 - [MESSAGE][PASSED] - Call Test Case 'Test Cases/Final Aug 2018 - PKS Automation/Common/Screenshoting tool' successfully

2018-12-13 01:27:59 - [TEST_STEP][PASSED] - callTestCase: Call Test Case 'Test Cases/Final Aug 2018 - PKS Automation/Registration Module/Log Out/log out avoiding katalon tagging' successfully

2018-12-13 01:27:59 - [TEST_CASE][PASSED] - Test Cases/Final Aug 2018 - PKS Automation/Registration Module/Log Out/log out avoiding katalon tagging: Test Cases/Final Aug 2018 - PKS Automation/Registration Module/Log Out/log out avoiding katalon tagging

2018-12-13 01:27:59 - [TEST_STEP][PASSED] - navigateToUrl: Navigate to 'https://assist2-uat.perkeso.gov.my/c/portal/logout' successfully

2018-12-13 01:28:00 - [MESSAGE][PASSED] - Navigate to 'https://assist2-uat.perkeso.gov.my/c/portal/logout' successfully

2018-12-13 01:28:00 - [MESSAGE][PASSED] - Call Test Case 'Test Cases/Final Aug 2018 - PKS Automation/Registration Module/Log Out/log out avoiding katalon tagging' successfully

2018-12-13 01:28:00 - [TEST_STEP][PASSED] - delay: Delayed 2 second(s)

2018-12-13 01:28:02 - [MESSAGE][PASSED] - Delayed 2 second(s)

2018-12-13 01:28:02 - [TEST_STEP][PASSED] - setText: Text 'johorro1@gmail.com' is set on object 'Object Repository/Final Object Repo/New Registration - Registration Module Pages/New Reg - OTC to RO/Special Case - All Related Objects/Email TextBox'

2018-12-13 01:28:02 - [MESSAGE][PASSED] - Text 'johorro1@gmail.com' is set on object 'Object Repository/Final Object Repo/New Registration - Registration Module Pages/New Reg - OTC to RO/Special Case - All Related Objects/Email TextBox'

2018-12-13 01:28:02 - [TEST_STEP][PASSED] - click: Object: 'Object Repository/Final Object Repo/New Registration - Registration Module Pages/New Reg - OTC to RO/Special Case - All Related Objects/Next Button' is clicked on

2018-12-13 01:28:02 - [MESSAGE][PASSED] - Object: 'Object Repository/Final Object Repo/New Registration - Registration Module Pages/New Reg - OTC to RO/Special Case - All Related Objects/Next Button' is clicked on

2018-12-13 01:28:02 - [TEST_STEP][PASSED] - delay: Delayed 2 second(s)

2018-12-13 01:28:04 - [MESSAGE][PASSED] - Delayed 2 second(s)

2018-12-13 01:28:04 - [TEST_STEP][PASSED] - setText: Text 'Test1@3456789' is set on object 'Object Repository/Final Object Repo/New Registration - Registration Module Pages/New Reg - OTC to RO/Special Case - All Related Objects/Password TextBox'

2018-12-13 01:28:04 - [MESSAGE][PASSED] - Text 'Test1@3456789' is set on object 'Object Repository/Final Object Repo/New Registration - Registration Module Pages/New Reg - OTC to RO/Special Case - All Related Objects/Password TextBox'

2018-12-13 01:28:04 - [TEST_STEP][PASSED] - delay: Delayed 2 second(s)

2018-12-13 01:28:06 - [MESSAGE][PASSED] - Delayed 2 second(s)

2018-12-13 01:28:06 - [TEST_STEP][PASSED] - click: Object: 'Object Repository/Final Object Repo/New Registration - Registration Module Pages/New Reg - OTC to RO/Special Case - All Related Objects/Login Button' is clicked on

2018-12-13 01:28:07 - [MESSAGE][PASSED] - Object: 'Object Repository/Final Object Repo/New Registration - Registration Module Pages/New Reg - OTC to RO/Special Case - All Related Objects/Login Button' is clicked on

2018-12-13 01:28:07 - [TEST_STEP][PASSED] - delay: Delayed 2 second(s)

2018-12-13 01:28:09 - [MESSAGE][PASSED] - Delayed 2 second(s)

2018-12-13 01:28:09 - [TEST_STEP][PASSED] - Statement - Try: null

2018-12-13 01:28:09 - [TEST_STEP][PASSED] - Statement - Checker = com.kms.katalon.core.webui.keyword.WebUiBuiltInKeywords.verifyElementNotPresent("Final Object Repo/Landing Page/Select to English", 3): null

2018-12-13 01:28:09 - [TEST_STEP][PASSED] - Statement - Catch (Exception e): null

2018-12-13 01:28:09 - [TEST_STEP][PASSED] - Statement - e.printStackTrace(): null

2018-12-13 01:28:09 - [TEST_STEP][PASSED] - click: Object: 'Object Repository/Final Object Repo/New Registration - Registration Module Pages/New Reg - OTC to RO/Special Case - All Related Objects/Expand to Search' is clicked on

2018-12-13 01:28:09 - [MESSAGE][PASSED] - Object: 'Object Repository/Final Object Repo/New Registration - Registration Module Pages/New Reg - OTC to RO/Special Case - All Related Objects/Expand to Search' is clicked on

2018-12-13 01:28:09 - [TEST_STEP][PASSED] - setText: Text 'CRN12201800123257' is set on object 'Object Repository/Final Object Repo/New Registration - Registration Module Pages/New Reg - OTC to RO/Special Case - All Related Objects/TextBox RefNo in Workbasket'

2018-12-13 01:28:09 - [MESSAGE][PASSED] - Text 'CRN12201800123257' is set on object 'Object Repository/Final Object Repo/New Registration - Registration Module Pages/New Reg - OTC to RO/Special Case - All Related Objects/TextBox RefNo in Workbasket'

2018-12-13 01:28:09 - [TEST_STEP][PASSED] - delay: Delayed 2 second(s)

2018-12-13 01:28:11 - [MESSAGE][PASSED] - Delayed 2 second(s)

2018-12-13 01:28:11 - [TEST_STEP][PASSED] - click: Object: 'Object Repository/Final Object Repo/New Registration - Registration Module Pages/New Reg - OTC to RO/Special Case - All Related Objects/Click Search' is clicked on

2018-12-13 01:28:11 - [MESSAGE][PASSED] - Object: 'Object Repository/Final Object Repo/New Registration - Registration Module Pages/New Reg - OTC to RO/Special Case - All Related Objects/Click Search' is clicked on

2018-12-13 01:28:11 - [TEST_STEP][PASSED] - delay: Delayed 2 second(s)

2018-12-13 01:28:13 - [MESSAGE][PASSED] - Delayed 2 second(s)

2018-12-13 01:28:13 - [TEST_STEP][PASSED] - click: Object: 'Object Repository/Final Object Repo/New Registration - Registration Module Pages/New Reg - OTC to RO/Special Case - All Related Objects/Click to Continue Workflow' is clicked on

2018-12-13 01:28:16 - [MESSAGE][PASSED] - Object: 'Object Repository/Final Object Repo/New Registration - Registration Module Pages/New Reg - OTC to RO/Special Case - All Related Objects/Click to Continue Workflow' is clicked on

2018-12-13 01:28:16 - [TEST_STEP][PASSED] - delay: Delayed 2 second(s)

2018-12-13 01:28:18 - [MESSAGE][PASSED] - Delayed 2 second(s)

2018-12-13 01:28:18 - [TEST_STEP][PASSED] - click: Object: 'Object Repository/Final Object Repo/New Registration - Registration Module Pages/New Reg - OTC to RO/Special Case - All Related Objects/Continue Button in verifying case' is clicked on

2018-12-13 01:28:20 - [MESSAGE][PASSED] - Object: 'Object Repository/Final Object Repo/New Registration - Registration Module Pages/New Reg - OTC to RO/Special Case - All Related Objects/Continue Button in verifying case' is clicked on

2018-12-13 01:28:20 - [TEST_STEP][PASSED] - delay: Delayed 2 second(s)

2018-12-13 01:28:22 - [MESSAGE][PASSED] - Delayed 2 second(s)

2018-12-13 01:28:22 - [TEST_STEP][PASSED] - click: Object: 'Object Repository/Final Object Repo/New Registration - Registration Module Pages/Form 1/Registered As a Branch - Yes' is clicked on

2018-12-13 01:28:22 - [MESSAGE][PASSED] - Object: 'Object Repository/Final Object Repo/New Registration - Registration Module Pages/Form 1/Registered As a Branch - Yes' is clicked on

2018-12-13 01:28:22 - [TEST_STEP][PASSED] - delay: Delayed 2 second(s)

2018-12-13 01:28:24 - [MESSAGE][PASSED] - Delayed 2 second(s)

2018-12-13 01:28:24 - [TEST_STEP][PASSED] - click: Object: 'Object Repository/Final Object Repo/New Registration - Registration Module Pages/New Reg - OTC to RO/Special Case - All Related Objects/Form 1 Save n Continue' is clicked on

2018-12-13 01:28:24 - [MESSAGE][PASSED] - Object: 'Object Repository/Final Object Repo/New Registration - Registration Module Pages/New Reg - OTC to RO/Special Case - All Related Objects/Form 1 Save n Continue' is clicked on

2018-12-13 01:28:24 - [TEST_STEP][PASSED] - delay: Delayed 2 second(s)

2018-12-13 01:28:26 - [MESSAGE][PASSED] - Delayed 2 second(s)

2018-12-13 01:28:26 - [TEST_STEP][PASSED] - click: Object: 'Object Repository/Final Object Repo/New Registration - Registration Module Pages/New Reg - OTC to RO/Special Case - All Related Objects/Form 2 Save n Continue' is clicked on

2018-12-13 01:28:27 - [MESSAGE][PASSED] - Object: 'Object Repository/Final Object Repo/New Registration - Registration Module Pages/New Reg - OTC to RO/Special Case - All Related Objects/Form 2 Save n Continue' is clicked on

2018-12-13 01:28:27 - [TEST_STEP][PASSED] - delay: Delayed 2 second(s)

2018-12-13 01:28:29 - [MESSAGE][PASSED] - Delayed 2 second(s)

2018-12-13 01:28:29 - [TEST_STEP][PASSED] - click: Object: 'Object Repository/Final Object Repo/New Registration - Registration Module Pages/New Reg - OTC to RO/Special Case - All Related Objects/Third Screen Save n Continue' is clicked on

2018-12-13 01:28:33 - [MESSAGE][PASSED] - Object: 'Object Repository/Final Object Repo/New Registration - Registration Module Pages/New Reg - OTC to RO/Special Case - All Related Objects/Third Screen Save n Continue' is clicked on

2018-12-13 01:28:33 - [TEST_STEP][PASSED] - delay: Delayed 5 second(s)

2018-12-13 01:28:38 - [MESSAGE][PASSED] - Delayed 5 second(s)

2018-12-13 01:28:38 - [TEST_STEP][PASSED] - click: Object: 'Object Repository/Final Object Repo/New Registration - Registration Module Pages/New Reg - OTC to RO/Special Case - All Related Objects/Upload Doc Page Save n Continue' is clicked on

2018-12-13 01:28:39 - [MESSAGE][PASSED] - Object: 'Object Repository/Final Object Repo/New Registration - Registration Module Pages/New Reg - OTC to RO/Special Case - All Related Objects/Upload Doc Page Save n Continue' is clicked on

2018-12-13 01:28:39 - [TEST_STEP][PASSED] - delay: Delayed 5 second(s)

2018-12-13 01:28:44 - [MESSAGE][PASSED] - Delayed 5 second(s)

2018-12-13 01:28:44 - [TEST_STEP][PASSED] - callTestCase: Call Test Case 'Test Cases/Final Aug 2018 - PKS Automation/Registration Module/New Registration/Submit and Screenshot/Submit Registration and Screenshot' successfully

2018-12-13 01:28:44 - [TEST_CASE][PASSED] - Test Cases/Final Aug 2018 - PKS Automation/Registration Module/New Registration/Submit and Screenshot/Submit Registration and Screenshot: Test Cases/Final Aug 2018 - PKS Automation/Registration Module/New Registration/Submit and Screenshot/Submit Registration and Screenshot

2018-12-13 01:28:44 - [TEST_STEP][PASSED] - delay: Delayed 6 second(s)

2018-12-13 01:28:50 - [MESSAGE][PASSED] - Delayed 6 second(s)

2018-12-13 01:28:50 - [TEST_STEP][PASSED] - click: Object: 'Object Repository/Final Object Repo/New Registration - Registration Module Pages/Third Screen - Upload Supporting Doc- Preview/Preview Submit Button' is clicked on

2018-12-13 01:28:50 - [MESSAGE][PASSED] - Object: 'Object Repository/Final Object Repo/New Registration - Registration Module Pages/Third Screen - Upload Supporting Doc- Preview/Preview Submit Button' is clicked on

2018-12-13 01:28:50 - [TEST_STEP][PASSED] - delay: Delayed 2 second(s)

2018-12-13 01:28:52 - [MESSAGE][PASSED] - Delayed 2 second(s)

2018-12-13 01:28:52 - [TEST_STEP][PASSED] - click: Object: 'Object Repository/Final Object Repo/New Registration - Registration Module Pages/Third Screen - Upload Supporting Doc- Preview/Preview Submit - Confirm' is clicked on

2018-12-13 01:28:52 - [MESSAGE][PASSED] - Object: 'Object Repository/Final Object Repo/New Registration - Registration Module Pages/Third Screen - Upload Supporting Doc- Preview/Preview Submit - Confirm' is clicked on

2018-12-13 01:28:52 - [TEST_STEP][PASSED] - delay: Delayed 15 second(s)

2018-12-13 01:29:07 - [MESSAGE][PASSED] - Delayed 15 second(s)

2018-12-13 01:29:07 - [TEST_STEP][PASSED] - Statement - driver = com.kms.katalon.core.webui.driver.DriverFactory.getWebDriver(): null

2018-12-13 01:29:07 - [TEST_STEP][PASSED] - Statement - driver.manage().timeouts().implicitlyWait(10, SECONDS): null

2018-12-13 01:29:07 - [TEST_STEP][PASSED] - Statement - PresavePath = KatalonScreenshots: null

2018-12-13 01:29:07 - [TEST_STEP][PASSED] - Statement - pathPrefix = "C:\Users\Public\Pictures\Sample Pictures\Katalon Screenshots\Automate Ending Screen": null

2018-12-13 01:29:07 - [TEST_STEP][PASSED] - Statement - finalPath = <not implemented yet for class: org.codehaus.groovy.ast.expr.EmptyExpression>: null

2018-12-13 01:29:07 - [TEST_STEP][PASSED] - Statement - scrFile = driver.getScreenshotAs(FILE): null

2018-12-13 01:29:07 - [TEST_STEP][PASSED] - Statement - PreSaveFile = new java.io.File(PresavePath): null

2018-12-13 01:29:07 - [TEST_STEP][PASSED] - Statement - counter = 0: null

2018-12-13 01:29:07 - [TEST_STEP][PASSED] - Statement - If (PreSaveFile.exists()): null

2018-12-13 01:29:07 - [TEST_STEP][PASSED] - Statement - While (PreSaveFile.exists()): null

2018-12-13 01:29:07 - [TEST_STEP][PASSED] - Statement - counter = counter + 1: null

2018-12-13 01:29:07 - [TEST_STEP][PASSED] - Statement - PreSaveFile = new java.io.File(((pathPrefix + java.lang.Integer.toString(counter)) + .png)): null

2018-12-13 01:29:07 - [TEST_STEP][PASSED] - Statement - counter = counter + 1: null

2018-12-13 01:29:07 - [TEST_STEP][PASSED] - Statement - PreSaveFile = new java.io.File(((pathPrefix + java.lang.Integer.toString(counter)) + .png)): null

2018-12-13 01:29:07 - [TEST_STEP][PASSED] - Statement - counter = counter + 1: null

2018-12-13 01:29:07 - [TEST_STEP][PASSED] - Statement - PreSaveFile = new java.io.File(((pathPrefix + java.lang.Integer.toString(counter)) + .png)): null

2018-12-13 01:29:07 - [TEST_STEP][PASSED] - Statement - counter = counter + 1: null

2018-12-13 01:29:07 - [TEST_STEP][PASSED] - Statement - PreSaveFile = new java.io.File(((pathPrefix + java.lang.Integer.toString(counter)) + .png)): null

2018-12-13 01:29:07 - [TEST_STEP][PASSED] - Statement - counter = counter + 1: null

2018-12-13 01:29:07 - [TEST_STEP][PASSED] - Statement - PreSaveFile = new java.io.File(((pathPrefix + java.lang.Integer.toString(counter)) + .png)): null

2018-12-13 01:29:07 - [TEST_STEP][PASSED] - Statement - counter = counter + 1: null

2018-12-13 01:29:07 - [TEST_STEP][PASSED] - Statement - PreSaveFile = new java.io.File(((pathPrefix + java.lang.Integer.toString(counter)) + .png)): null

2018-12-13 01:29:07 - [TEST_STEP][PASSED] - Statement - counter = counter + 1: null

2018-12-13 01:29:07 - [TEST_STEP][PASSED] - Statement - PreSaveFile = new java.io.File(((pathPrefix + java.lang.Integer.toString(counter)) + .png)): null

2018-12-13 01:29:07 - [TEST_STEP][PASSED] - Statement - counter = counter + 1: null

2018-12-13 01:29:07 - [TEST_STEP][PASSED] - Statement - PreSaveFile = new java.io.File(((pathPrefix + java.lang.Integer.toString(counter)) + .png)): null

2018-12-13 01:29:07 - [TEST_STEP][PASSED] - Statement - counter = counter + 1: null

2018-12-13 01:29:07 - [TEST_STEP][PASSED] - Statement - PreSaveFile = new java.io.File(((pathPrefix + java.lang.Integer.toString(counter)) + .png)): null

2018-12-13 01:29:07 - [TEST_STEP][PASSED] - Statement - counter = counter + 1: null

2018-12-13 01:29:07 - [TEST_STEP][PASSED] - Statement - PreSaveFile = new java.io.File(((pathPrefix + java.lang.Integer.toString(counter)) + .png)): null

2018-12-13 01:29:07 - [TEST_STEP][PASSED] - Statement - counter = counter + 1: null

2018-12-13 01:29:07 - [TEST_STEP][PASSED] - Statement - PreSaveFile = new java.io.File(((pathPrefix + java.lang.Integer.toString(counter)) + .png)): null

2018-12-13 01:29:07 - [TEST_STEP][PASSED] - Statement - counter = counter + 1: null

2018-12-13 01:29:07 - [TEST_STEP][PASSED] - Statement - PreSaveFile = new java.io.File(((pathPrefix + java.lang.Integer.toString(counter)) + .png)): null

2018-12-13 01:29:07 - [TEST_STEP][PASSED] - Statement - counter = counter + 1: null

2018-12-13 01:29:07 - [TEST_STEP][PASSED] - Statement - PreSaveFile = new java.io.File(((pathPrefix + java.lang.Integer.toString(counter)) + .png)): null

2018-12-13 01:29:07 - [TEST_STEP][PASSED] - Statement - counter = counter + 1: null

2018-12-13 01:29:07 - [TEST_STEP][PASSED] - Statement - PreSaveFile = new java.io.File(((pathPrefix + java.lang.Integer.toString(counter)) + .png)): null

2018-12-13 01:29:07 - [TEST_STEP][PASSED] - Statement - counter = counter + 1: null

2018-12-13 01:29:07 - [TEST_STEP][PASSED] - Statement - PreSaveFile = new java.io.File(((pathPrefix + java.lang.Integer.toString(counter)) + .png)): null

2018-12-13 01:29:07 - [TEST_STEP][PASSED] - Statement - counter = counter + 1: null

2018-12-13 01:29:07 - [TEST_STEP][PASSED] - Statement - PreSaveFile = new java.io.File(((pathPrefix + java.lang.Integer.toString(counter)) + .png)): null

2018-12-13 01:29:07 - [TEST_STEP][PASSED] - Statement - counter = counter + 1: null

2018-12-13 01:29:07 - [TEST_STEP][PASSED] - Statement - PreSaveFile = new java.io.File(((pathPrefix + java.lang.Integer.toString(counter)) + .png)): null

2018-12-13 01:29:07 - [TEST_STEP][PASSED] - Statement - counter = counter + 1: null

2018-12-13 01:29:07 - [TEST_STEP][PASSED] - Statement - PreSaveFile = new java.io.File(((pathPrefix + java.lang.Integer.toString(counter)) + .png)): null

2018-12-13 01:29:07 - [TEST_STEP][PASSED] - Statement - counter = counter + 1: null

2018-12-13 01:29:07 - [TEST_STEP][PASSED] - Statement - PreSaveFile = new java.io.File(((pathPrefix + java.lang.Integer.toString(counter)) + .png)): null

2018-12-13 01:29:07 - [TEST_STEP][PASSED] - Statement - counter = counter + 1: null

2018-12-13 01:29:07 - [TEST_STEP][PASSED] - Statement - PreSaveFile = new java.io.File(((pathPrefix + java.lang.Integer.toString(counter)) + .png)): null

2018-12-13 01:29:07 - [TEST_STEP][PASSED] - Statement - counter = counter + 1: null

2018-12-13 01:29:07 - [TEST_STEP][PASSED] - Statement - PreSaveFile = new java.io.File(((pathPrefix + java.lang.Integer.toString(counter)) + .png)): null

2018-12-13 01:29:07 - [TEST_STEP][PASSED] - Statement - counter = counter + 1: null

2018-12-13 01:29:07 - [TEST_STEP][PASSED] - Statement - PreSaveFile = new java.io.File(((pathPrefix + java.lang.Integer.toString(counter)) + .png)): null

2018-12-13 01:29:07 - [TEST_STEP][PASSED] - Statement - counter = counter + 1: null

2018-12-13 01:29:07 - [TEST_STEP][PASSED] - Statement - PreSaveFile = new java.io.File(((pathPrefix + java.lang.Integer.toString(counter)) + .png)): null

2018-12-13 01:29:07 - [TEST_STEP][PASSED] - Statement - counter = counter + 1: null

2018-12-13 01:29:07 - [TEST_STEP][PASSED] - Statement - PreSaveFile = new java.io.File(((pathPrefix + java.lang.Integer.toString(counter)) + .png)): null

2018-12-13 01:29:07 - [TEST_STEP][PASSED] - Statement - counter = counter + 1: null

2018-12-13 01:29:07 - [TEST_STEP][PASSED] - Statement - PreSaveFile = new java.io.File(((pathPrefix + java.lang.Integer.toString(counter)) + .png)): null

2018-12-13 01:29:07 - [TEST_STEP][PASSED] - Statement - counter = counter + 1: null

2018-12-13 01:29:07 - [TEST_STEP][PASSED] - Statement - PreSaveFile = new java.io.File(((pathPrefix + java.lang.Integer.toString(counter)) + .png)): null

2018-12-13 01:29:07 - [TEST_STEP][PASSED] - Statement - counter = counter + 1: null

2018-12-13 01:29:07 - [TEST_STEP][PASSED] - Statement - PreSaveFile = new java.io.File(((pathPrefix + java.lang.Integer.toString(counter)) + .png)): null

2018-12-13 01:29:07 - [TEST_STEP][PASSED] - Statement - counter = counter + 1: null

2018-12-13 01:29:07 - [TEST_STEP][PASSED] - Statement - PreSaveFile = new java.io.File(((pathPrefix + java.lang.Integer.toString(counter)) + .png)): null

2018-12-13 01:29:07 - [TEST_STEP][PASSED] - Statement - counter = counter + 1: null

2018-12-13 01:29:07 - [TEST_STEP][PASSED] - Statement - PreSaveFile = new java.io.File(((pathPrefix + java.lang.Integer.toString(counter)) + .png)): null

2018-12-13 01:29:07 - [TEST_STEP][PASSED] - Statement - counter = counter + 1: null

2018-12-13 01:29:07 - [TEST_STEP][PASSED] - Statement - PreSaveFile = new java.io.File(((pathPrefix + java.lang.Integer.toString(counter)) + .png)): null

2018-12-13 01:29:07 - [TEST_STEP][PASSED] - Statement - counter = counter + 1: null

2018-12-13 01:29:07 - [TEST_STEP][PASSED] - Statement - PreSaveFile = new java.io.File(((pathPrefix + java.lang.Integer.toString(counter)) + .png)): null

2018-12-13 01:29:07 - [TEST_STEP][PASSED] - Statement - counter = counter + 1: null

2018-12-13 01:29:07 - [TEST_STEP][PASSED] - Statement - PreSaveFile = new java.io.File(((pathPrefix + java.lang.Integer.toString(counter)) + .png)): null

2018-12-13 01:29:07 - [TEST_STEP][PASSED] - Statement - counter = counter + 1: null

2018-12-13 01:29:07 - [TEST_STEP][PASSED] - Statement - PreSaveFile = new java.io.File(((pathPrefix + java.lang.Integer.toString(counter)) + .png)): null

2018-12-13 01:29:07 - [TEST_STEP][PASSED] - Statement - counter = counter + 1: null

2018-12-13 01:29:07 - [TEST_STEP][PASSED] - Statement - PreSaveFile = new java.io.File(((pathPrefix + java.lang.Integer.toString(counter)) + .png)): null

2018-12-13 01:29:07 - [TEST_STEP][PASSED] - Statement - counter = counter + 1: null

2018-12-13 01:29:07 - [TEST_STEP][PASSED] - Statement - PreSaveFile = new java.io.File(((pathPrefix + java.lang.Integer.toString(counter)) + .png)): null

2018-12-13 01:29:07 - [TEST_STEP][PASSED] - Statement - counter = counter + 1: null

2018-12-13 01:29:07 - [TEST_STEP][PASSED] - Statement - PreSaveFile = new java.io.File(((pathPrefix + java.lang.Integer.toString(counter)) + .png)): null

2018-12-13 01:29:07 - [TEST_STEP][PASSED] - Statement - counter = counter + 1: null

2018-12-13 01:29:07 - [TEST_STEP][PASSED] - Statement - PreSaveFile = new java.io.File(((pathPrefix + java.lang.Integer.toString(counter)) + .png)): null

2018-12-13 01:29:07 - [TEST_STEP][PASSED] - Statement - counter = counter + 1: null

2018-12-13 01:29:07 - [TEST_STEP][PASSED] - Statement - PreSaveFile = new java.io.File(((pathPrefix + java.lang.Integer.toString(counter)) + .png)): null

2018-12-13 01:29:07 - [TEST_STEP][PASSED] - Statement - counter = counter + 1: null

2018-12-13 01:29:07 - [TEST_STEP][PASSED] - Statement - PreSaveFile = new java.io.File(((pathPrefix + java.lang.Integer.toString(counter)) + .png)): null

2018-12-13 01:29:07 - [TEST_STEP][PASSED] - Statement - counter = counter + 1: null

2018-12-13 01:29:07 - [TEST_STEP][PASSED] - Statement - PreSaveFile = new java.io.File(((pathPrefix + java.lang.Integer.toString(counter)) + .png)): null

2018-12-13 01:29:07 - [TEST_STEP][PASSED] - Statement - counter = counter + 1: null

2018-12-13 01:29:07 - [TEST_STEP][PASSED] - Statement - PreSaveFile = new java.io.File(((pathPrefix + java.lang.Integer.toString(counter)) + .png)): null

2018-12-13 01:29:07 - [TEST_STEP][PASSED] - Statement - counter = counter + 1: null

2018-12-13 01:29:07 - [TEST_STEP][PASSED] - Statement - PreSaveFile = new java.io.File(((pathPrefix + java.lang.Integer.toString(counter)) + .png)): null

2018-12-13 01:29:07 - [TEST_STEP][PASSED] - Statement - counter = counter + 1: null

2018-12-13 01:29:07 - [TEST_STEP][PASSED] - Statement - PreSaveFile = new java.io.File(((pathPrefix + java.lang.Integer.toString(counter)) + .png)): null

2018-12-13 01:29:07 - [TEST_STEP][PASSED] - Statement - counter = counter + 1: null

2018-12-13 01:29:07 - [TEST_STEP][PASSED] - Statement - PreSaveFile = new java.io.File(((pathPrefix + java.lang.Integer.toString(counter)) + .png)): null

2018-12-13 01:29:07 - [TEST_STEP][PASSED] - Statement - counter = counter + 1: null

2018-12-13 01:29:07 - [TEST_STEP][PASSED] - Statement - PreSaveFile = new java.io.File(((pathPrefix + java.lang.Integer.toString(counter)) + .png)): null

2018-12-13 01:29:07 - [TEST_STEP][PASSED] - Statement - counter = counter + 1: null

2018-12-13 01:29:07 - [TEST_STEP][PASSED] - Statement - PreSaveFile = new java.io.File(((pathPrefix + java.lang.Integer.toString(counter)) + .png)): null

2018-12-13 01:29:08 - [TEST_STEP][PASSED] - Statement - counter = counter + 1: null

2018-12-13 01:29:08 - [TEST_STEP][PASSED] - Statement - PreSaveFile = new java.io.File(((pathPrefix + java.lang.Integer.toString(counter)) + .png)): null

2018-12-13 01:29:08 - [TEST_STEP][PASSED] - Statement - counter = counter + 1: null

2018-12-13 01:29:08 - [TEST_STEP][PASSED] - Statement - PreSaveFile = new java.io.File(((pathPrefix + java.lang.Integer.toString(counter)) + .png)): null

2018-12-13 01:29:08 - [TEST_STEP][PASSED] - Statement - counter = counter + 1: null

2018-12-13 01:29:08 - [TEST_STEP][PASSED] - Statement - PreSaveFile = new java.io.File(((pathPrefix + java.lang.Integer.toString(counter)) + .png)): null

2018-12-13 01:29:08 - [TEST_STEP][PASSED] - Statement - counter = counter + 1: null

2018-12-13 01:29:08 - [TEST_STEP][PASSED] - Statement - PreSaveFile = new java.io.File(((pathPrefix + java.lang.Integer.toString(counter)) + .png)): null

2018-12-13 01:29:08 - [TEST_STEP][PASSED] - Statement - counter = counter + 1: null

2018-12-13 01:29:08 - [TEST_STEP][PASSED] - Statement - PreSaveFile = new java.io.File(((pathPrefix + java.lang.Integer.toString(counter)) + .png)): null

2018-12-13 01:29:08 - [TEST_STEP][PASSED] - Statement - counter = counter + 1: null

2018-12-13 01:29:08 - [TEST_STEP][PASSED] - Statement - PreSaveFile = new java.io.File(((pathPrefix + java.lang.Integer.toString(counter)) + .png)): null

2018-12-13 01:29:08 - [TEST_STEP][PASSED] - Statement - counter = counter + 1: null

2018-12-13 01:29:08 - [TEST_STEP][PASSED] - Statement - PreSaveFile = new java.io.File(((pathPrefix + java.lang.Integer.toString(counter)) + .png)): null

2018-12-13 01:29:08 - [TEST_STEP][PASSED] - Statement - counter = counter + 1: null

2018-12-13 01:29:08 - [TEST_STEP][PASSED] - Statement - PreSaveFile = new java.io.File(((pathPrefix + java.lang.Integer.toString(counter)) + .png)): null

2018-12-13 01:29:08 - [TEST_STEP][PASSED] - Statement - counter = counter + 1: null

2018-12-13 01:29:08 - [TEST_STEP][PASSED] - Statement - PreSaveFile = new java.io.File(((pathPrefix + java.lang.Integer.toString(counter)) + .png)): null

2018-12-13 01:29:08 - [TEST_STEP][PASSED] - Statement - counter = counter + 1: null

2018-12-13 01:29:08 - [TEST_STEP][PASSED] - Statement - PreSaveFile = new java.io.File(((pathPrefix + java.lang.Integer.toString(counter)) + .png)): null

2018-12-13 01:29:08 - [TEST_STEP][PASSED] - Statement - counter = counter + 1: null

2018-12-13 01:29:08 - [TEST_STEP][PASSED] - Statement - PreSaveFile = new java.io.File(((pathPrefix + java.lang.Integer.toString(counter)) + .png)): null

2018-12-13 01:29:08 - [TEST_STEP][PASSED] - Statement - counter = counter + 1: null

2018-12-13 01:29:08 - [TEST_STEP][PASSED] - Statement - PreSaveFile = new java.io.File(((pathPrefix + java.lang.Integer.toString(counter)) + .png)): null

2018-12-13 01:29:08 - [TEST_STEP][PASSED] - Statement - counter = counter + 1: null

2018-12-13 01:29:08 - [TEST_STEP][PASSED] - Statement - PreSaveFile = new java.io.File(((pathPrefix + java.lang.Integer.toString(counter)) + .png)): null

2018-12-13 01:29:08 - [TEST_STEP][PASSED] - Statement - counter = counter + 1: null

2018-12-13 01:29:08 - [TEST_STEP][PASSED] - Statement - PreSaveFile = new java.io.File(((pathPrefix + java.lang.Integer.toString(counter)) + .png)): null

2018-12-13 01:29:08 - [TEST_STEP][PASSED] - Statement - counter = counter + 1: null

2018-12-13 01:29:08 - [TEST_STEP][PASSED] - Statement - PreSaveFile = new java.io.File(((pathPrefix + java.lang.Integer.toString(counter)) + .png)): null

2018-12-13 01:29:08 - [TEST_STEP][PASSED] - Statement - counter = counter + 1: null

2018-12-13 01:29:08 - [TEST_STEP][PASSED] - Statement - PreSaveFile = new java.io.File(((pathPrefix + java.lang.Integer.toString(counter)) + .png)): null

2018-12-13 01:29:08 - [TEST_STEP][PASSED] - Statement - counter = counter + 1: null

2018-12-13 01:29:08 - [TEST_STEP][PASSED] - Statement - PreSaveFile = new java.io.File(((pathPrefix + java.lang.Integer.toString(counter)) + .png)): null

2018-12-13 01:29:08 - [TEST_STEP][PASSED] - Statement - counter = counter + 1: null

2018-12-13 01:29:08 - [TEST_STEP][PASSED] - Statement - PreSaveFile = new java.io.File(((pathPrefix + java.lang.Integer.toString(counter)) + .png)): null

2018-12-13 01:29:08 - [TEST_STEP][PASSED] - Statement - counter = counter + 1: null

2018-12-13 01:29:08 - [TEST_STEP][PASSED] - Statement - PreSaveFile = new java.io.File(((pathPrefix + java.lang.Integer.toString(counter)) + .png)): null

2018-12-13 01:29:08 - [TEST_STEP][PASSED] - Statement - counter = counter + 1: null

2018-12-13 01:29:08 - [TEST_STEP][PASSED] - Statement - PreSaveFile = new java.io.File(((pathPrefix + java.lang.Integer.toString(counter)) + .png)): null

2018-12-13 01:29:08 - [TEST_STEP][PASSED] - Statement - counter = counter + 1: null

2018-12-13 01:29:08 - [TEST_STEP][PASSED] - Statement - PreSaveFile = new java.io.File(((pathPrefix + java.lang.Integer.toString(counter)) + .png)): null

2018-12-13 01:29:08 - [TEST_STEP][PASSED] - Statement - counter = counter + 1: null

2018-12-13 01:29:08 - [TEST_STEP][PASSED] - Statement - PreSaveFile = new java.io.File(((pathPrefix + java.lang.Integer.toString(counter)) + .png)): null

2018-12-13 01:29:08 - [TEST_STEP][PASSED] - Statement - counter = counter + 1: null

2018-12-13 01:29:08 - [TEST_STEP][PASSED] - Statement - PreSaveFile = new java.io.File(((pathPrefix + java.lang.Integer.toString(counter)) + .png)): null

2018-12-13 01:29:08 - [TEST_STEP][PASSED] - Statement - counter = counter + 1: null

2018-12-13 01:29:08 - [TEST_STEP][PASSED] - Statement - PreSaveFile = new java.io.File(((pathPrefix + java.lang.Integer.toString(counter)) + .png)): null

2018-12-13 01:29:08 - [TEST_STEP][PASSED] - Statement - counter = counter + 1: null

2018-12-13 01:29:08 - [TEST_STEP][PASSED] - Statement - PreSaveFile = new java.io.File(((pathPrefix + java.lang.Integer.toString(counter)) + .png)): null

2018-12-13 01:29:08 - [TEST_STEP][PASSED] - Statement - counter = counter + 1: null

2018-12-13 01:29:08 - [TEST_STEP][PASSED] - Statement - PreSaveFile = new java.io.File(((pathPrefix + java.lang.Integer.toString(counter)) + .png)): null

2018-12-13 01:29:08 - [TEST_STEP][PASSED] - Statement - counter = counter + 1: null

2018-12-13 01:29:08 - [TEST_STEP][PASSED] - Statement - PreSaveFile = new java.io.File(((pathPrefix + java.lang.Integer.toString(counter)) + .png)): null

2018-12-13 01:29:08 - [TEST_STEP][PASSED] - Statement - counter = counter + 1: null

2018-12-13 01:29:08 - [TEST_STEP][PASSED] - Statement - PreSaveFile = new java.io.File(((pathPrefix + java.lang.Integer.toString(counter)) + .png)): null

2018-12-13 01:29:08 - [TEST_STEP][PASSED] - Statement - counter = counter + 1: null

2018-12-13 01:29:08 - [TEST_STEP][PASSED] - Statement - PreSaveFile = new java.io.File(((pathPrefix + java.lang.Integer.toString(counter)) + .png)): null

2018-12-13 01:29:08 - [TEST_STEP][PASSED] - Statement - counter = counter + 1: null

2018-12-13 01:29:08 - [TEST_STEP][PASSED] - Statement - PreSaveFile = new java.io.File(((pathPrefix + java.lang.Integer.toString(counter)) + .png)): null

2018-12-13 01:29:08 - [TEST_STEP][PASSED] - Statement - counter = counter + 1: null

2018-12-13 01:29:08 - [TEST_STEP][PASSED] - Statement - PreSaveFile = new java.io.File(((pathPrefix + java.lang.Integer.toString(counter)) + .png)): null

2018-12-13 01:29:08 - [TEST_STEP][PASSED] - Statement - counter = counter + 1: null

2018-12-13 01:29:08 - [TEST_STEP][PASSED] - Statement - PreSaveFile = new java.io.File(((pathPrefix + java.lang.Integer.toString(counter)) + .png)): null

2018-12-13 01:29:08 - [TEST_STEP][PASSED] - Statement - counter = counter + 1: null

2018-12-13 01:29:08 - [TEST_STEP][PASSED] - Statement - PreSaveFile = new java.io.File(((pathPrefix + java.lang.Integer.toString(counter)) + .png)): null

2018-12-13 01:29:08 - [TEST_STEP][PASSED] - Statement - counter = counter + 1: null

2018-12-13 01:29:08 - [TEST_STEP][PASSED] - Statement - PreSaveFile = new java.io.File(((pathPrefix + java.lang.Integer.toString(counter)) + .png)): null

2018-12-13 01:29:08 - [TEST_STEP][PASSED] - Statement - counter = counter + 1: null

2018-12-13 01:29:08 - [TEST_STEP][PASSED] - Statement - PreSaveFile = new java.io.File(((pathPrefix + java.lang.Integer.toString(counter)) + .png)): null

2018-12-13 01:29:08 - [TEST_STEP][PASSED] - Statement - counter = counter + 1: null

2018-12-13 01:29:08 - [TEST_STEP][PASSED] - Statement - PreSaveFile = new java.io.File(((pathPrefix + java.lang.Integer.toString(counter)) + .png)): null

2018-12-13 01:29:08 - [TEST_STEP][PASSED] - Statement - counter = counter + 1: null

2018-12-13 01:29:08 - [TEST_STEP][PASSED] - Statement - PreSaveFile = new java.io.File(((pathPrefix + java.lang.Integer.toString(counter)) + .png)): null

2018-12-13 01:29:08 - [TEST_STEP][PASSED] - Statement - counter = counter + 1: null

2018-12-13 01:29:08 - [TEST_STEP][PASSED] - Statement - PreSaveFile = new java.io.File(((pathPrefix + java.lang.Integer.toString(counter)) + .png)): null

2018-12-13 01:29:08 - [TEST_STEP][PASSED] - Statement - counter = counter + 1: null

2018-12-13 01:29:08 - [TEST_STEP][PASSED] - Statement - PreSaveFile = new java.io.File(((pathPrefix + java.lang.Integer.toString(counter)) + .png)): null

2018-12-13 01:29:08 - [TEST_STEP][PASSED] - Statement - counter = counter + 1: null

2018-12-13 01:29:08 - [TEST_STEP][PASSED] - Statement - PreSaveFile = new java.io.File(((pathPrefix + java.lang.Integer.toString(counter)) + .png)): null

2018-12-13 01:29:08 - [TEST_STEP][PASSED] - Statement - counter = counter + 1: null

2018-12-13 01:29:08 - [TEST_STEP][PASSED] - Statement - PreSaveFile = new java.io.File(((pathPrefix + java.lang.Integer.toString(counter)) + .png)): null

2018-12-13 01:29:08 - [TEST_STEP][PASSED] - Statement - counter = counter + 1: null

2018-12-13 01:29:08 - [TEST_STEP][PASSED] - Statement - PreSaveFile = new java.io.File(((pathPrefix + java.lang.Integer.toString(counter)) + .png)): null

2018-12-13 01:29:08 - [TEST_STEP][PASSED] - Statement - counter = counter + 1: null

2018-12-13 01:29:08 - [TEST_STEP][PASSED] - Statement - PreSaveFile = new java.io.File(((pathPrefix + java.lang.Integer.toString(counter)) + .png)): null

2018-12-13 01:29:08 - [TEST_STEP][PASSED] - Statement - counter = counter + 1: null

2018-12-13 01:29:08 - [TEST_STEP][PASSED] - Statement - PreSaveFile = new java.io.File(((pathPrefix + java.lang.Integer.toString(counter)) + .png)): null

2018-12-13 01:29:08 - [TEST_STEP][PASSED] - Statement - counter = counter + 1: null

2018-12-13 01:29:08 - [TEST_STEP][PASSED] - Statement - PreSaveFile = new java.io.File(((pathPrefix + java.lang.Integer.toString(counter)) + .png)): null

2018-12-13 01:29:08 - [TEST_STEP][PASSED] - Statement - counter = counter + 1: null

2018-12-13 01:29:08 - [TEST_STEP][PASSED] - Statement - PreSaveFile = new java.io.File(((pathPrefix + java.lang.Integer.toString(counter)) + .png)): null

2018-12-13 01:29:08 - [TEST_STEP][PASSED] - Statement - counter = counter + 1: null

2018-12-13 01:29:08 - [TEST_STEP][PASSED] - Statement - PreSaveFile = new java.io.File(((pathPrefix + java.lang.Integer.toString(counter)) + .png)): null

2018-12-13 01:29:08 - [TEST_STEP][PASSED] - Statement - counter = counter + 1: null

2018-12-13 01:29:08 - [TEST_STEP][PASSED] - Statement - PreSaveFile = new java.io.File(((pathPrefix + java.lang.Integer.toString(counter)) + .png)): null

2018-12-13 01:29:08 - [TEST_STEP][PASSED] - Statement - counter = counter + 1: null

2018-12-13 01:29:08 - [TEST_STEP][PASSED] - Statement - PreSaveFile = new java.io.File(((pathPrefix + java.lang.Integer.toString(counter)) + .png)): null

2018-12-13 01:29:08 - [TEST_STEP][PASSED] - Statement - counter = counter + 1: null

2018-12-13 01:29:08 - [TEST_STEP][PASSED] - Statement - PreSaveFile = new java.io.File(((pathPrefix + java.lang.Integer.toString(counter)) + .png)): null

2018-12-13 01:29:08 - [TEST_STEP][PASSED] - Statement - counter = counter + 1: null

2018-12-13 01:29:08 - [TEST_STEP][PASSED] - Statement - PreSaveFile = new java.io.File(((pathPrefix + java.lang.Integer.toString(counter)) + .png)): null

2018-12-13 01:29:08 - [TEST_STEP][PASSED] - Statement - counter = counter + 1: null

2018-12-13 01:29:08 - [TEST_STEP][PASSED] - Statement - PreSaveFile = new java.io.File(((pathPrefix + java.lang.Integer.toString(counter)) + .png)): null

2018-12-13 01:29:08 - [TEST_STEP][PASSED] - Statement - counter = counter + 1: null

2018-12-13 01:29:08 - [TEST_STEP][PASSED] - Statement - PreSaveFile = new java.io.File(((pathPrefix + java.lang.Integer.toString(counter)) + .png)): null

2018-12-13 01:29:08 - [TEST_STEP][PASSED] - Statement - counter = counter + 1: null

2018-12-13 01:29:08 - [TEST_STEP][PASSED] - Statement - PreSaveFile = new java.io.File(((pathPrefix + java.lang.Integer.toString(counter)) + .png)): null

2018-12-13 01:29:08 - [TEST_STEP][PASSED] - Statement - counter = counter + 1: null

2018-12-13 01:29:08 - [TEST_STEP][PASSED] - Statement - PreSaveFile = new java.io.File(((pathPrefix + java.lang.Integer.toString(counter)) + .png)): null

2018-12-13 01:29:08 - [TEST_STEP][PASSED] - Statement - counter = counter + 1: null

2018-12-13 01:29:08 - [TEST_STEP][PASSED] - Statement - PreSaveFile = new java.io.File(((pathPrefix + java.lang.Integer.toString(counter)) + .png)): null

2018-12-13 01:29:08 - [TEST_STEP][PASSED] - Statement - counter = counter + 1: null

2018-12-13 01:29:08 - [TEST_STEP][PASSED] - Statement - PreSaveFile = new java.io.File(((pathPrefix + java.lang.Integer.toString(counter)) + .png)): null

2018-12-13 01:29:08 - [TEST_STEP][PASSED] - Statement - counter = counter + 1: null

2018-12-13 01:29:08 - [TEST_STEP][PASSED] - Statement - PreSaveFile = new java.io.File(((pathPrefix + java.lang.Integer.toString(counter)) + .png)): null

2018-12-13 01:29:08 - [TEST_STEP][PASSED] - Statement - counter = counter + 1: null

2018-12-13 01:29:08 - [TEST_STEP][PASSED] - Statement - PreSaveFile = new java.io.File(((pathPrefix + java.lang.Integer.toString(counter)) + .png)): null

2018-12-13 01:29:08 - [TEST_STEP][PASSED] - Statement - counter = counter + 1: null

2018-12-13 01:29:08 - [TEST_STEP][PASSED] - Statement - PreSaveFile = new java.io.File(((pathPrefix + java.lang.Integer.toString(counter)) + .png)): null

2018-12-13 01:29:08 - [TEST_STEP][PASSED] - Statement - counter = counter + 1: null

2018-12-13 01:29:08 - [TEST_STEP][PASSED] - Statement - PreSaveFile = new java.io.File(((pathPrefix + java.lang.Integer.toString(counter)) + .png)): null

2018-12-13 01:29:08 - [TEST_STEP][PASSED] - Statement - counter = counter + 1: null

2018-12-13 01:29:08 - [TEST_STEP][PASSED] - Statement - PreSaveFile = new java.io.File(((pathPrefix + java.lang.Integer.toString(counter)) + .png)): null

2018-12-13 01:29:08 - [TEST_STEP][PASSED] - Statement - counter = counter + 1: null

2018-12-13 01:29:08 - [TEST_STEP][PASSED] - Statement - PreSaveFile = new java.io.File(((pathPrefix + java.lang.Integer.toString(counter)) + .png)): null

2018-12-13 01:29:08 - [TEST_STEP][PASSED] - Statement - counter = counter + 1: null

2018-12-13 01:29:08 - [TEST_STEP][PASSED] - Statement - PreSaveFile = new java.io.File(((pathPrefix + java.lang.Integer.toString(counter)) + .png)): null

2018-12-13 01:29:08 - [TEST_STEP][PASSED] - Statement - counter = counter + 1: null

2018-12-13 01:29:08 - [TEST_STEP][PASSED] - Statement - PreSaveFile = new java.io.File(((pathPrefix + java.lang.Integer.toString(counter)) + .png)): null

2018-12-13 01:29:08 - [TEST_STEP][PASSED] - Statement - counter = counter + 1: null

2018-12-13 01:29:08 - [TEST_STEP][PASSED] - Statement - PreSaveFile = new java.io.File(((pathPrefix + java.lang.Integer.toString(counter)) + .png)): null

2018-12-13 01:29:08 - [TEST_STEP][PASSED] - Statement - counter = counter + 1: null

2018-12-13 01:29:08 - [TEST_STEP][PASSED] - Statement - PreSaveFile = new java.io.File(((pathPrefix + java.lang.Integer.toString(counter)) + .png)): null

2018-12-13 01:29:08 - [TEST_STEP][PASSED] - Statement - counter = counter + 1: null

2018-12-13 01:29:08 - [TEST_STEP][PASSED] - Statement - PreSaveFile = new java.io.File(((pathPrefix + java.lang.Integer.toString(counter)) + .png)): null

2018-12-13 01:29:08 - [TEST_STEP][PASSED] - Statement - counter = counter + 1: null

2018-12-13 01:29:08 - [TEST_STEP][PASSED] - Statement - PreSaveFile = new java.io.File(((pathPrefix + java.lang.Integer.toString(counter)) + .png)): null

2018-12-13 01:29:08 - [TEST_STEP][PASSED] - Statement - counter = counter + 1: null

2018-12-13 01:29:08 - [TEST_STEP][PASSED] - Statement - PreSaveFile = new java.io.File(((pathPrefix + java.lang.Integer.toString(counter)) + .png)): null

2018-12-13 01:29:08 - [TEST_STEP][PASSED] - Statement - counter = counter + 1: null

2018-12-13 01:29:08 - [TEST_STEP][PASSED] - Statement - PreSaveFile = new java.io.File(((pathPrefix + java.lang.Integer.toString(counter)) + .png)): null

2018-12-13 01:29:08 - [TEST_STEP][PASSED] - Statement - counter = counter + 1: null

2018-12-13 01:29:08 - [TEST_STEP][PASSED] - Statement - PreSaveFile = new java.io.File(((pathPrefix + java.lang.Integer.toString(counter)) + .png)): null

2018-12-13 01:29:08 - [TEST_STEP][PASSED] - Statement - counter = counter + 1: null

2018-12-13 01:29:08 - [TEST_STEP][PASSED] - Statement - PreSaveFile = new java.io.File(((pathPrefix + java.lang.Integer.toString(counter)) + .png)): null

2018-12-13 01:29:08 - [TEST_STEP][PASSED] - Statement - counter = counter + 1: null

2018-12-13 01:29:08 - [TEST_STEP][PASSED] - Statement - PreSaveFile = new java.io.File(((pathPrefix + java.lang.Integer.toString(counter)) + .png)): null

2018-12-13 01:29:08 - [TEST_STEP][PASSED] - Statement - counter = counter + 1: null

2018-12-13 01:29:08 - [TEST_STEP][PASSED] - Statement - PreSaveFile = new java.io.File(((pathPrefix + java.lang.Integer.toString(counter)) + .png)): null

2018-12-13 01:29:08 - [TEST_STEP][PASSED] - Statement - counter = counter + 1: null

2018-12-13 01:29:08 - [TEST_STEP][PASSED] - Statement - PreSaveFile = new java.io.File(((pathPrefix + java.lang.Integer.toString(counter)) + .png)): null

2018-12-13 01:29:08 - [TEST_STEP][PASSED] - Statement - counter = counter + 1: null

2018-12-13 01:29:08 - [TEST_STEP][PASSED] - Statement - PreSaveFile = new java.io.File(((pathPrefix + java.lang.Integer.toString(counter)) + .png)): null

2018-12-13 01:29:08 - [TEST_STEP][PASSED] - Statement - counter = counter + 1: null

2018-12-13 01:29:08 - [TEST_STEP][PASSED] - Statement - PreSaveFile = new java.io.File(((pathPrefix + java.lang.Integer.toString(counter)) + .png)): null

2018-12-13 01:29:08 - [TEST_STEP][PASSED] - Statement - counter = counter + 1: null

2018-12-13 01:29:08 - [TEST_STEP][PASSED] - Statement - PreSaveFile = new java.io.File(((pathPrefix + java.lang.Integer.toString(counter)) + .png)): null

2018-12-13 01:29:08 - [TEST_STEP][PASSED] - Statement - counter = counter + 1: null

2018-12-13 01:29:08 - [TEST_STEP][PASSED] - Statement - PreSaveFile = new java.io.File(((pathPrefix + java.lang.Integer.toString(counter)) + .png)): null

2018-12-13 01:29:08 - [TEST_STEP][PASSED] - Statement - counter = counter + 1: null

2018-12-13 01:29:08 - [TEST_STEP][PASSED] - Statement - PreSaveFile = new java.io.File(((pathPrefix + java.lang.Integer.toString(counter)) + .png)): null

2018-12-13 01:29:08 - [TEST_STEP][PASSED] - Statement - counter = counter + 1: null

2018-12-13 01:29:08 - [TEST_STEP][PASSED] - Statement - PreSaveFile = new java.io.File(((pathPrefix + java.lang.Integer.toString(counter)) + .png)): null

2018-12-13 01:29:08 - [TEST_STEP][PASSED] - Statement - counter = counter + 1: null

2018-12-13 01:29:08 - [TEST_STEP][PASSED] - Statement - PreSaveFile = new java.io.File(((pathPrefix + java.lang.Integer.toString(counter)) + .png)): null

2018-12-13 01:29:08 - [TEST_STEP][PASSED] - Statement - counter = counter + 1: null

2018-12-13 01:29:08 - [TEST_STEP][PASSED] - Statement - PreSaveFile = new java.io.File(((pathPrefix + java.lang.Integer.toString(counter)) + .png)): null

2018-12-13 01:29:08 - [TEST_STEP][PASSED] - Statement - counter = counter + 1: null

2018-12-13 01:29:08 - [TEST_STEP][PASSED] - Statement - PreSaveFile = new java.io.File(((pathPrefix + java.lang.Integer.toString(counter)) + .png)): null

2018-12-13 01:29:08 - [TEST_STEP][PASSED] - Statement - counter = counter + 1: null

2018-12-13 01:29:08 - [TEST_STEP][PASSED] - Statement - PreSaveFile = new java.io.File(((pathPrefix + java.lang.Integer.toString(counter)) + .png)): null

2018-12-13 01:29:08 - [TEST_STEP][PASSED] - Statement - counter = counter + 1: null

2018-12-13 01:29:08 - [TEST_STEP][PASSED] - Statement - PreSaveFile = new java.io.File(((pathPrefix + java.lang.Integer.toString(counter)) + .png)): null

2018-12-13 01:29:08 - [TEST_STEP][PASSED] - Statement - counter = counter + 1: null

2018-12-13 01:29:08 - [TEST_STEP][PASSED] - Statement - PreSaveFile = new java.io.File(((pathPrefix + java.lang.Integer.toString(counter)) + .png)): null

2018-12-13 01:29:08 - [TEST_STEP][PASSED] - Statement - counter = counter + 1: null

2018-12-13 01:29:08 - [TEST_STEP][PASSED] - Statement - PreSaveFile = new java.io.File(((pathPrefix + java.lang.Integer.toString(counter)) + .png)): null

2018-12-13 01:29:08 - [TEST_STEP][PASSED] - Statement - counter = counter + 1: null

2018-12-13 01:29:08 - [TEST_STEP][PASSED] - Statement - PreSaveFile = new java.io.File(((pathPrefix + java.lang.Integer.toString(counter)) + .png)): null

2018-12-13 01:29:08 - [TEST_STEP][PASSED] - Statement - counter = counter + 1: null

2018-12-13 01:29:08 - [TEST_STEP][PASSED] - Statement - PreSaveFile = new java.io.File(((pathPrefix + java.lang.Integer.toString(counter)) + .png)): null

2018-12-13 01:29:08 - [TEST_STEP][PASSED] - Statement - counter = counter + 1: null

2018-12-13 01:29:08 - [TEST_STEP][PASSED] - Statement - PreSaveFile = new java.io.File(((pathPrefix + java.lang.Integer.toString(counter)) + .png)): null

2018-12-13 01:29:08 - [TEST_STEP][PASSED] - Statement - counter = counter + 1: null

2018-12-13 01:29:08 - [TEST_STEP][PASSED] - Statement - PreSaveFile = new java.io.File(((pathPrefix + java.lang.Integer.toString(counter)) + .png)): null

2018-12-13 01:29:08 - [TEST_STEP][PASSED] - Statement - counter = counter + 1: null

2018-12-13 01:29:08 - [TEST_STEP][PASSED] - Statement - PreSaveFile = new java.io.File(((pathPrefix + java.lang.Integer.toString(counter)) + .png)): null

2018-12-13 01:29:08 - [TEST_STEP][PASSED] - Statement - counter = counter + 1: null

2018-12-13 01:29:08 - [TEST_STEP][PASSED] - Statement - PreSaveFile = new java.io.File(((pathPrefix + java.lang.Integer.toString(counter)) + .png)): null

2018-12-13 01:29:08 - [TEST_STEP][PASSED] - Statement - counter = counter + 1: null

2018-12-13 01:29:08 - [TEST_STEP][PASSED] - Statement - PreSaveFile = new java.io.File(((pathPrefix + java.lang.Integer.toString(counter)) + .png)): null

2018-12-13 01:29:08 - [TEST_STEP][PASSED] - Statement - counter = counter + 1: null

2018-12-13 01:29:08 - [TEST_STEP][PASSED] - Statement - PreSaveFile = new java.io.File(((pathPrefix + java.lang.Integer.toString(counter)) + .png)): null

2018-12-13 01:29:08 - [TEST_STEP][PASSED] - Statement - counter = counter + 1: null

2018-12-13 01:29:08 - [TEST_STEP][PASSED] - Statement - PreSaveFile = new java.io.File(((pathPrefix + java.lang.Integer.toString(counter)) + .png)): null

2018-12-13 01:29:08 - [TEST_STEP][PASSED] - Statement - counter = counter + 1: null

2018-12-13 01:29:08 - [TEST_STEP][PASSED] - Statement - PreSaveFile = new java.io.File(((pathPrefix + java.lang.Integer.toString(counter)) + .png)): null

2018-12-13 01:29:08 - [TEST_STEP][PASSED] - Statement - counter = counter + 1: null

2018-12-13 01:29:08 - [TEST_STEP][PASSED] - Statement - PreSaveFile = new java.io.File(((pathPrefix + java.lang.Integer.toString(counter)) + .png)): null

2018-12-13 01:29:08 - [TEST_STEP][PASSED] - Statement - counter = counter + 1: null

2018-12-13 01:29:08 - [TEST_STEP][PASSED] - Statement - PreSaveFile = new java.io.File(((pathPrefix + java.lang.Integer.toString(counter)) + .png)): null

2018-12-13 01:29:08 - [TEST_STEP][PASSED] - Statement - counter = counter + 1: null

2018-12-13 01:29:08 - [TEST_STEP][PASSED] - Statement - PreSaveFile = new java.io.File(((pathPrefix + java.lang.Integer.toString(counter)) + .png)): null

2018-12-13 01:29:08 - [TEST_STEP][PASSED] - Statement - counter = counter + 1: null

2018-12-13 01:29:08 - [TEST_STEP][PASSED] - Statement - PreSaveFile = new java.io.File(((pathPrefix + java.lang.Integer.toString(counter)) + .png)): null

2018-12-13 01:29:08 - [TEST_STEP][PASSED] - Statement - counter = counter + 1: null

2018-12-13 01:29:08 - [TEST_STEP][PASSED] - Statement - PreSaveFile = new java.io.File(((pathPrefix + java.lang.Integer.toString(counter)) + .png)): null

2018-12-13 01:29:08 - [TEST_STEP][PASSED] - Statement - counter = counter + 1: null

2018-12-13 01:29:08 - [TEST_STEP][PASSED] - Statement - PreSaveFile = new java.io.File(((pathPrefix + java.lang.Integer.toString(counter)) + .png)): null

2018-12-13 01:29:08 - [TEST_STEP][PASSED] - Statement - counter = counter + 1: null

2018-12-13 01:29:08 - [TEST_STEP][PASSED] - Statement - PreSaveFile = new java.io.File(((pathPrefix + java.lang.Integer.toString(counter)) + .png)): null

2018-12-13 01:29:08 - [TEST_STEP][PASSED] - Statement - counter = counter + 1: null

2018-12-13 01:29:08 - [TEST_STEP][PASSED] - Statement - PreSaveFile = new java.io.File(((pathPrefix + java.lang.Integer.toString(counter)) + .png)): null

2018-12-13 01:29:08 - [TEST_STEP][PASSED] - Statement - counter = counter + 1: null

2018-12-13 01:29:08 - [TEST_STEP][PASSED] - Statement - PreSaveFile = new java.io.File(((pathPrefix + java.lang.Integer.toString(counter)) + .png)): null

2018-12-13 01:29:08 - [TEST_STEP][PASSED] - Statement - counter = counter + 1: null

2018-12-13 01:29:08 - [TEST_STEP][PASSED] - Statement - PreSaveFile = new java.io.File(((pathPrefix + java.lang.Integer.toString(counter)) + .png)): null

2018-12-13 01:29:08 - [TEST_STEP][PASSED] - Statement - counter = counter + 1: null

2018-12-13 01:29:08 - [TEST_STEP][PASSED] - Statement - PreSaveFile = new java.io.File(((pathPrefix + java.lang.Integer.toString(counter)) + .png)): null

2018-12-13 01:29:08 - [TEST_STEP][PASSED] - Statement - counter = counter + 1: null

2018-12-13 01:29:08 - [TEST_STEP][PASSED] - Statement - PreSaveFile = new java.io.File(((pathPrefix + java.lang.Integer.toString(counter)) + .png)): null

2018-12-13 01:29:08 - [TEST_STEP][PASSED] - Statement - counter = counter + 1: null

2018-12-13 01:29:08 - [TEST_STEP][PASSED] - Statement - PreSaveFile = new java.io.File(((pathPrefix + java.lang.Integer.toString(counter)) + .png)): null

2018-12-13 01:29:08 - [TEST_STEP][PASSED] - Statement - counter = counter + 1: null

2018-12-13 01:29:08 - [TEST_STEP][PASSED] - Statement - PreSaveFile = new java.io.File(((pathPrefix + java.lang.Integer.toString(counter)) + .png)): null

2018-12-13 01:29:08 - [TEST_STEP][PASSED] - Statement - counter = counter + 1: null

2018-12-13 01:29:08 - [TEST_STEP][PASSED] - Statement - PreSaveFile = new java.io.File(((pathPrefix + java.lang.Integer.toString(counter)) + .png)): null

2018-12-13 01:29:08 - [TEST_STEP][PASSED] - Statement - counter = counter + 1: null

2018-12-13 01:29:08 - [TEST_STEP][PASSED] - Statement - PreSaveFile = new java.io.File(((pathPrefix + java.lang.Integer.toString(counter)) + .png)): null

2018-12-13 01:29:08 - [TEST_STEP][PASSED] - Statement - counter = counter + 1: null

2018-12-13 01:29:08 - [TEST_STEP][PASSED] - Statement - PreSaveFile = new java.io.File(((pathPrefix + java.lang.Integer.toString(counter)) + .png)): null

2018-12-13 01:29:08 - [TEST_STEP][PASSED] - Statement - counter = counter + 1: null

2018-12-13 01:29:08 - [TEST_STEP][PASSED] - Statement - PreSaveFile = new java.io.File(((pathPrefix + java.lang.Integer.toString(counter)) + .png)): null

2018-12-13 01:29:08 - [TEST_STEP][PASSED] - Statement - counter = counter + 1: null

2018-12-13 01:29:08 - [TEST_STEP][PASSED] - Statement - PreSaveFile = new java.io.File(((pathPrefix + java.lang.Integer.toString(counter)) + .png)): null

2018-12-13 01:29:08 - [TEST_STEP][PASSED] - Statement - counter = counter + 1: null

2018-12-13 01:29:08 - [TEST_STEP][PASSED] - Statement - PreSaveFile = new java.io.File(((pathPrefix + java.lang.Integer.toString(counter)) + .png)): null

2018-12-13 01:29:08 - [TEST_STEP][PASSED] - Statement - counter = counter + 1: null

2018-12-13 01:29:08 - [TEST_STEP][PASSED] - Statement - PreSaveFile = new java.io.File(((pathPrefix + java.lang.Integer.toString(counter)) + .png)): null

2018-12-13 01:29:08 - [TEST_STEP][PASSED] - Statement - counter = counter + 1: null

2018-12-13 01:29:08 - [TEST_STEP][PASSED] - Statement - PreSaveFile = new java.io.File(((pathPrefix + java.lang.Integer.toString(counter)) + .png)): null

2018-12-13 01:29:08 - [TEST_STEP][PASSED] - Statement - counter = counter + 1: null

2018-12-13 01:29:08 - [TEST_STEP][PASSED] - Statement - PreSaveFile = new java.io.File(((pathPrefix + java.lang.Integer.toString(counter)) + .png)): null

2018-12-13 01:29:08 - [TEST_STEP][PASSED] - Statement - counter = counter + 1: null

2018-12-13 01:29:08 - [TEST_STEP][PASSED] - Statement - PreSaveFile = new java.io.File(((pathPrefix + java.lang.Integer.toString(counter)) + .png)): null

2018-12-13 01:29:08 - [TEST_STEP][PASSED] - Statement - counter = counter + 1: null

2018-12-13 01:29:08 - [TEST_STEP][PASSED] - Statement - PreSaveFile = new java.io.File(((pathPrefix + java.lang.Integer.toString(counter)) + .png)): null

2018-12-13 01:29:08 - [TEST_STEP][PASSED] - Statement - counter = counter + 1: null

2018-12-13 01:29:08 - [TEST_STEP][PASSED] - Statement - PreSaveFile = new java.io.File(((pathPrefix + java.lang.Integer.toString(counter)) + .png)): null

2018-12-13 01:29:08 - [TEST_STEP][PASSED] - Statement - counter = counter + 1: null

2018-12-13 01:29:08 - [TEST_STEP][PASSED] - Statement - PreSaveFile = new java.io.File(((pathPrefix + java.lang.Integer.toString(counter)) + .png)): null

2018-12-13 01:29:08 - [TEST_STEP][PASSED] - Statement - counter = counter + 1: null

2018-12-13 01:29:08 - [TEST_STEP][PASSED] - Statement - PreSaveFile = new java.io.File(((pathPrefix + java.lang.Integer.toString(counter)) + .png)): null

2018-12-13 01:29:08 - [TEST_STEP][PASSED] - Statement - counter = counter + 1: null

2018-12-13 01:29:08 - [TEST_STEP][PASSED] - Statement - PreSaveFile = new java.io.File(((pathPrefix + java.lang.Integer.toString(counter)) + .png)): null

2018-12-13 01:29:08 - [TEST_STEP][PASSED] - Statement - counter = counter + 1: null

2018-12-13 01:29:08 - [TEST_STEP][PASSED] - Statement - PreSaveFile = new java.io.File(((pathPrefix + java.lang.Integer.toString(counter)) + .png)): null

2018-12-13 01:29:08 - [TEST_STEP][PASSED] - Statement - counter = counter + 1: null

2018-12-13 01:29:08 - [TEST_STEP][PASSED] - Statement - PreSaveFile = new java.io.File(((pathPrefix + java.lang.Integer.toString(counter)) + .png)): null

2018-12-13 01:29:08 - [TEST_STEP][PASSED] - Statement - counter = counter + 1: null

2018-12-13 01:29:08 - [TEST_STEP][PASSED] - Statement - PreSaveFile = new java.io.File(((pathPrefix + java.lang.Integer.toString(counter)) + .png)): null

2018-12-13 01:29:08 - [TEST_STEP][PASSED] - Statement - counter = counter + 1: null

2018-12-13 01:29:08 - [TEST_STEP][PASSED] - Statement - PreSaveFile = new java.io.File(((pathPrefix + java.lang.Integer.toString(counter)) + .png)): null

2018-12-13 01:29:08 - [TEST_STEP][PASSED] - Statement - counter = counter + 1: null

2018-12-13 01:29:08 - [TEST_STEP][PASSED] - Statement - PreSaveFile = new java.io.File(((pathPrefix + java.lang.Integer.toString(counter)) + .png)): null

2018-12-13 01:29:08 - [TEST_STEP][PASSED] - Statement - counter = counter + 1: null

2018-12-13 01:29:08 - [TEST_STEP][PASSED] - Statement - PreSaveFile = new java.io.File(((pathPrefix + java.lang.Integer.toString(counter)) + .png)): null

2018-12-13 01:29:08 - [TEST_STEP][PASSED] - Statement - counter = counter + 1: null

2018-12-13 01:29:08 - [TEST_STEP][PASSED] - Statement - PreSaveFile = new java.io.File(((pathPrefix + java.lang.Integer.toString(counter)) + .png)): null

2018-12-13 01:29:08 - [TEST_STEP][PASSED] - Statement - counter = counter + 1: null

2018-12-13 01:29:08 - [TEST_STEP][PASSED] - Statement - PreSaveFile = new java.io.File(((pathPrefix + java.lang.Integer.toString(counter)) + .png)): null

2018-12-13 01:29:08 - [TEST_STEP][PASSED] - Statement - counter = counter + 1: null

2018-12-13 01:29:08 - [TEST_STEP][PASSED] - Statement - PreSaveFile = new java.io.File(((pathPrefix + java.lang.Integer.toString(counter)) + .png)): null

2018-12-13 01:29:08 - [TEST_STEP][PASSED] - Statement - counter = counter + 1: null

2018-12-13 01:29:08 - [TEST_STEP][PASSED] - Statement - PreSaveFile = new java.io.File(((pathPrefix + java.lang.Integer.toString(counter)) + .png)): null

2018-12-13 01:29:08 - [TEST_STEP][PASSED] - Statement - counter = counter + 1: null

2018-12-13 01:29:08 - [TEST_STEP][PASSED] - Statement - PreSaveFile = new java.io.File(((pathPrefix + java.lang.Integer.toString(counter)) + .png)): null

2018-12-13 01:29:08 - [TEST_STEP][PASSED] - Statement - counter = counter + 1: null

2018-12-13 01:29:08 - [TEST_STEP][PASSED] - Statement - PreSaveFile = new java.io.File(((pathPrefix + java.lang.Integer.toString(counter)) + .png)): null

2018-12-13 01:29:08 - [TEST_STEP][PASSED] - Statement - counter = counter + 1: null

2018-12-13 01:29:08 - [TEST_STEP][PASSED] - Statement - PreSaveFile = new java.io.File(((pathPrefix + java.lang.Integer.toString(counter)) + .png)): null

2018-12-13 01:29:08 - [TEST_STEP][PASSED] - Statement - counter = counter + 1: null

2018-12-13 01:29:08 - [TEST_STEP][PASSED] - Statement - PreSaveFile = new java.io.File(((pathPrefix + java.lang.Integer.toString(counter)) + .png)): null

2018-12-13 01:29:08 - [TEST_STEP][PASSED] - Statement - counter = counter + 1: null

2018-12-13 01:29:08 - [TEST_STEP][PASSED] - Statement - PreSaveFile = new java.io.File(((pathPrefix + java.lang.Integer.toString(counter)) + .png)): null

2018-12-13 01:29:08 - [TEST_STEP][PASSED] - Statement - counter = counter + 1: null

2018-12-13 01:29:08 - [TEST_STEP][PASSED] - Statement - PreSaveFile = new java.io.File(((pathPrefix + java.lang.Integer.toString(counter)) + .png)): null

2018-12-13 01:29:08 - [TEST_STEP][PASSED] - Statement - counter = counter + 1: null

2018-12-13 01:29:08 - [TEST_STEP][PASSED] - Statement - PreSaveFile = new java.io.File(((pathPrefix + java.lang.Integer.toString(counter)) + .png)): null

2018-12-13 01:29:08 - [TEST_STEP][PASSED] - Statement - counter = counter + 1: null

2018-12-13 01:29:08 - [TEST_STEP][PASSED] - Statement - PreSaveFile = new java.io.File(((pathPrefix + java.lang.Integer.toString(counter)) + .png)): null

2018-12-13 01:29:08 - [TEST_STEP][PASSED] - Statement - counter = counter + 1: null

2018-12-13 01:29:08 - [TEST_STEP][PASSED] - Statement - PreSaveFile = new java.io.File(((pathPrefix + java.lang.Integer.toString(counter)) + .png)): null

2018-12-13 01:29:08 - [TEST_STEP][PASSED] - Statement - counter = counter + 1: null

2018-12-13 01:29:08 - [TEST_STEP][PASSED] - Statement - PreSaveFile = new java.io.File(((pathPrefix + java.lang.Integer.toString(counter)) + .png)): null

2018-12-13 01:29:08 - [TEST_STEP][PASSED] - Statement - counter = counter + 1: null

2018-12-13 01:29:08 - [TEST_STEP][PASSED] - Statement - PreSaveFile = new java.io.File(((pathPrefix + java.lang.Integer.toString(counter)) + .png)): null

2018-12-13 01:29:08 - [TEST_STEP][PASSED] - Statement - counter = counter + 1: null

2018-12-13 01:29:08 - [TEST_STEP][PASSED] - Statement - PreSaveFile = new java.io.File(((pathPrefix + java.lang.Integer.toString(counter)) + .png)): null

2018-12-13 01:29:08 - [TEST_STEP][PASSED] - Statement - counter = counter + 1: null

2018-12-13 01:29:08 - [TEST_STEP][PASSED] - Statement - PreSaveFile = new java.io.File(((pathPrefix + java.lang.Integer.toString(counter)) + .png)): null

2018-12-13 01:29:08 - [TEST_STEP][PASSED] - Statement - counter = counter + 1: null

2018-12-13 01:29:08 - [TEST_STEP][PASSED] - Statement - PreSaveFile = new java.io.File(((pathPrefix + java.lang.Integer.toString(counter)) + .png)): null

2018-12-13 01:29:08 - [TEST_STEP][PASSED] - Statement - counter = counter + 1: null

2018-12-13 01:29:08 - [TEST_STEP][PASSED] - Statement - PreSaveFile = new java.io.File(((pathPrefix + java.lang.Integer.toString(counter)) + .png)): null

2018-12-13 01:29:08 - [TEST_STEP][PASSED] - Statement - counter = counter + 1: null

2018-12-13 01:29:08 - [TEST_STEP][PASSED] - Statement - PreSaveFile = new java.io.File(((pathPrefix + java.lang.Integer.toString(counter)) + .png)): null

2018-12-13 01:29:08 - [TEST_STEP][PASSED] - Statement - counter = counter + 1: null

2018-12-13 01:29:08 - [TEST_STEP][PASSED] - Statement - PreSaveFile = new java.io.File(((pathPrefix + java.lang.Integer.toString(counter)) + .png)): null

2018-12-13 01:29:08 - [TEST_STEP][PASSED] - Statement - counter = counter + 1: null

2018-12-13 01:29:08 - [TEST_STEP][PASSED] - Statement - PreSaveFile = new java.io.File(((pathPrefix + java.lang.Integer.toString(counter)) + .png)): null

2018-12-13 01:29:08 - [TEST_STEP][PASSED] - Statement - counter = counter + 1: null

2018-12-13 01:29:08 - [TEST_STEP][PASSED] - Statement - PreSaveFile = new java.io.File(((pathPrefix + java.lang.Integer.toString(counter)) + .png)): null

2018-12-13 01:29:08 - [TEST_STEP][PASSED] - Statement - counter = counter + 1: null

2018-12-13 01:29:08 - [TEST_STEP][PASSED] - Statement - PreSaveFile = new java.io.File(((pathPrefix + java.lang.Integer.toString(counter)) + .png)): null

2018-12-13 01:29:08 - [TEST_STEP][PASSED] - Statement - counter = counter + 1: null

2018-12-13 01:29:08 - [TEST_STEP][PASSED] - Statement - PreSaveFile = new java.io.File(((pathPrefix + java.lang.Integer.toString(counter)) + .png)): null

2018-12-13 01:29:08 - [TEST_STEP][PASSED] - Statement - counter = counter + 1: null

2018-12-13 01:29:08 - [TEST_STEP][PASSED] - Statement - PreSaveFile = new java.io.File(((pathPrefix + java.lang.Integer.toString(counter)) + .png)): null

2018-12-13 01:29:08 - [TEST_STEP][PASSED] - Statement - counter = counter + 1: null

2018-12-13 01:29:08 - [TEST_STEP][PASSED] - Statement - PreSaveFile = new java.io.File(((pathPrefix + java.lang.Integer.toString(counter)) + .png)): null

2018-12-13 01:29:08 - [TEST_STEP][PASSED] - Statement - counter = counter + 1: null

2018-12-13 01:29:08 - [TEST_STEP][PASSED] - Statement - PreSaveFile = new java.io.File(((pathPrefix + java.lang.Integer.toString(counter)) + .png)): null

2018-12-13 01:29:08 - [TEST_STEP][PASSED] - Statement - counter = counter + 1: null

2018-12-13 01:29:08 - [TEST_STEP][PASSED] - Statement - PreSaveFile = new java.io.File(((pathPrefix + java.lang.Integer.toString(counter)) + .png)): null

2018-12-13 01:29:08 - [TEST_STEP][PASSED] - Statement - counter = counter + 1: null

2018-12-13 01:29:08 - [TEST_STEP][PASSED] - Statement - PreSaveFile = new java.io.File(((pathPrefix + java.lang.Integer.toString(counter)) + .png)): null

2018-12-13 01:29:08 - [TEST_STEP][PASSED] - Statement - counter = counter + 1: null

2018-12-13 01:29:08 - [TEST_STEP][PASSED] - Statement - PreSaveFile = new java.io.File(((pathPrefix + java.lang.Integer.toString(counter)) + .png)): null

2018-12-13 01:29:08 - [TEST_STEP][PASSED] - Statement - counter = counter + 1: null

2018-12-13 01:29:08 - [TEST_STEP][PASSED] - Statement - PreSaveFile = new java.io.File(((pathPrefix + java.lang.Integer.toString(counter)) + .png)): null

2018-12-13 01:29:08 - [TEST_STEP][PASSED] - Statement - counter = counter + 1: null

2018-12-13 01:29:08 - [TEST_STEP][PASSED] - Statement - PreSaveFile = new java.io.File(((pathPrefix + java.lang.Integer.toString(counter)) + .png)): null

2018-12-13 01:29:08 - [TEST_STEP][PASSED] - Statement - counter = counter + 1: null

2018-12-13 01:29:08 - [TEST_STEP][PASSED] - Statement - PreSaveFile = new java.io.File(((pathPrefix + java.lang.Integer.toString(counter)) + .png)): null

2018-12-13 01:29:08 - [TEST_STEP][PASSED] - Statement - counter = counter + 1: null

2018-12-13 01:29:08 - [TEST_STEP][PASSED] - Statement - PreSaveFile = new java.io.File(((pathPrefix + java.lang.Integer.toString(counter)) + .png)): null

2018-12-13 01:29:08 - [TEST_STEP][PASSED] - Statement - counter = counter + 1: null

2018-12-13 01:29:08 - [TEST_STEP][PASSED] - Statement - PreSaveFile = new java.io.File(((pathPrefix + java.lang.Integer.toString(counter)) + .png)): null

2018-12-13 01:29:08 - [TEST_STEP][PASSED] - Statement - counter = counter + 1: null

2018-12-13 01:29:08 - [TEST_STEP][PASSED] - Statement - PreSaveFile = new java.io.File(((pathPrefix + java.lang.Integer.toString(counter)) + .png)): null

2018-12-13 01:29:08 - [TEST_STEP][PASSED] - Statement - counter = counter + 1: null

2018-12-13 01:29:08 - [TEST_STEP][PASSED] - Statement - PreSaveFile = new java.io.File(((pathPrefix + java.lang.Integer.toString(counter)) + .png)): null

2018-12-13 01:29:08 - [TEST_STEP][PASSED] - Statement - counter = counter + 1: null

2018-12-13 01:29:08 - [TEST_STEP][PASSED] - Statement - PreSaveFile = new java.io.File(((pathPrefix + java.lang.Integer.toString(counter)) + .png)): null

2018-12-13 01:29:08 - [TEST_STEP][PASSED] - Statement - counter = counter + 1: null

2018-12-13 01:29:08 - [TEST_STEP][PASSED] - Statement - PreSaveFile = new java.io.File(((pathPrefix + java.lang.Integer.toString(counter)) + .png)): null

2018-12-13 01:29:08 - [TEST_STEP][PASSED] - Statement - counter = counter + 1: null

2018-12-13 01:29:08 - [TEST_STEP][PASSED] - Statement - PreSaveFile = new java.io.File(((pathPrefix + java.lang.Integer.toString(counter)) + .png)): null

2018-12-13 01:29:08 - [TEST_STEP][PASSED] - Statement - counter = counter + 1: null

2018-12-13 01:29:08 - [TEST_STEP][PASSED] - Statement - PreSaveFile = new java.io.File(((pathPrefix + java.lang.Integer.toString(counter)) + .png)): null

2018-12-13 01:29:08 - [TEST_STEP][PASSED] - Statement - counter = counter + 1: null

2018-12-13 01:29:08 - [TEST_STEP][PASSED] - Statement - PreSaveFile = new java.io.File(((pathPrefix + java.lang.Integer.toString(counter)) + .png)): null

2018-12-13 01:29:08 - [TEST_STEP][PASSED] - Statement - counter = counter + 1: null

2018-12-13 01:29:08 - [TEST_STEP][PASSED] - Statement - PreSaveFile = new java.io.File(((pathPrefix + java.lang.Integer.toString(counter)) + .png)): null

2018-12-13 01:29:08 - [TEST_STEP][PASSED] - Statement - counter = counter + 1: null

2018-12-13 01:29:08 - [TEST_STEP][PASSED] - Statement - PreSaveFile = new java.io.File(((pathPrefix + java.lang.Integer.toString(counter)) + .png)): null

2018-12-13 01:29:08 - [TEST_STEP][PASSED] - Statement - counter = counter + 1: null

2018-12-13 01:29:08 - [TEST_STEP][PASSED] - Statement - PreSaveFile = new java.io.File(((pathPrefix + java.lang.Integer.toString(counter)) + .png)): null

2018-12-13 01:29:08 - [TEST_STEP][PASSED] - Statement - counter = counter + 1: null

2018-12-13 01:29:08 - [TEST_STEP][PASSED] - Statement - PreSaveFile = new java.io.File(((pathPrefix + java.lang.Integer.toString(counter)) + .png)): null

2018-12-13 01:29:08 - [TEST_STEP][PASSED] - Statement - counter = counter + 1: null

2018-12-13 01:29:08 - [TEST_STEP][PASSED] - Statement - PreSaveFile = new java.io.File(((pathPrefix + java.lang.Integer.toString(counter)) + .png)): null

2018-12-13 01:29:08 - [TEST_STEP][PASSED] - Statement - counter = counter + 1: null

2018-12-13 01:29:08 - [TEST_STEP][PASSED] - Statement - PreSaveFile = new java.io.File(((pathPrefix + java.lang.Integer.toString(counter)) + .png)): null

2018-12-13 01:29:08 - [TEST_STEP][PASSED] - Statement - counter = counter + 1: null

2018-12-13 01:29:08 - [TEST_STEP][PASSED] - Statement - PreSaveFile = new java.io.File(((pathPrefix + java.lang.Integer.toString(counter)) + .png)): null

2018-12-13 01:29:08 - [TEST_STEP][PASSED] - Statement - counter = counter + 1: null

2018-12-13 01:29:08 - [TEST_STEP][PASSED] - Statement - PreSaveFile = new java.io.File(((pathPrefix + java.lang.Integer.toString(counter)) + .png)): null

2018-12-13 01:29:08 - [TEST_STEP][PASSED] - Statement - counter = counter + 1: null

2018-12-13 01:29:08 - [TEST_STEP][PASSED] - Statement - PreSaveFile = new java.io.File(((pathPrefix + java.lang.Integer.toString(counter)) + .png)): null

2018-12-13 01:29:08 - [TEST_STEP][PASSED] - Statement - counter = counter + 1: null

2018-12-13 01:29:08 - [TEST_STEP][PASSED] - Statement - PreSaveFile = new java.io.File(((pathPrefix + java.lang.Integer.toString(counter)) + .png)): null

2018-12-13 01:29:08 - [TEST_STEP][PASSED] - Statement - counter = counter + 1: null

2018-12-13 01:29:08 - [TEST_STEP][PASSED] - Statement - PreSaveFile = new java.io.File(((pathPrefix + java.lang.Integer.toString(counter)) + .png)): null

2018-12-13 01:29:08 - [TEST_STEP][PASSED] - Statement - counter = counter + 1: null

2018-12-13 01:29:08 - [TEST_STEP][PASSED] - Statement - PreSaveFile = new java.io.File(((pathPrefix + java.lang.Integer.toString(counter)) + .png)): null

2018-12-13 01:29:08 - [TEST_STEP][PASSED] - Statement - counter = counter + 1: null

2018-12-13 01:29:08 - [TEST_STEP][PASSED] - Statement - PreSaveFile = new java.io.File(((pathPrefix + java.lang.Integer.toString(counter)) + .png)): null

2018-12-13 01:29:08 - [TEST_STEP][PASSED] - Statement - counter = counter + 1: null

2018-12-13 01:29:08 - [TEST_STEP][PASSED] - Statement - PreSaveFile = new java.io.File(((pathPrefix + java.lang.Integer.toString(counter)) + .png)): null

2018-12-13 01:29:08 - [TEST_STEP][PASSED] - Statement - counter = counter + 1: null

2018-12-13 01:29:08 - [TEST_STEP][PASSED] - Statement - PreSaveFile = new java.io.File(((pathPrefix + java.lang.Integer.toString(counter)) + .png)): null

2018-12-13 01:29:08 - [TEST_STEP][PASSED] - Statement - counter = counter + 1: null

2018-12-13 01:29:08 - [TEST_STEP][PASSED] - Statement - PreSaveFile = new java.io.File(((pathPrefix + java.lang.Integer.toString(counter)) + .png)): null

2018-12-13 01:29:08 - [TEST_STEP][PASSED] - Statement - counter = counter + 1: null

2018-12-13 01:29:08 - [TEST_STEP][PASSED] - Statement - PreSaveFile = new java.io.File(((pathPrefix + java.lang.Integer.toString(counter)) + .png)): null

2018-12-13 01:29:08 - [TEST_STEP][PASSED] - Statement - counter = counter + 1: null

2018-12-13 01:29:08 - [TEST_STEP][PASSED] - Statement - PreSaveFile = new java.io.File(((pathPrefix + java.lang.Integer.toString(counter)) + .png)): null

2018-12-13 01:29:08 - [TEST_STEP][PASSED] - Statement - counter = counter + 1: null

2018-12-13 01:29:08 - [TEST_STEP][PASSED] - Statement - PreSaveFile = new java.io.File(((pathPrefix + java.lang.Integer.toString(counter)) + .png)): null

2018-12-13 01:29:08 - [TEST_STEP][PASSED] - Statement - counter = counter + 1: null

2018-12-13 01:29:08 - [TEST_STEP][PASSED] - Statement - PreSaveFile = new java.io.File(((pathPrefix + java.lang.Integer.toString(counter)) + .png)): null

2018-12-13 01:29:08 - [TEST_STEP][PASSED] - Statement - counter = counter + 1: null

2018-12-13 01:29:08 - [TEST_STEP][PASSED] - Statement - PreSaveFile = new java.io.File(((pathPrefix + java.lang.Integer.toString(counter)) + .png)): null

2018-12-13 01:29:08 - [TEST_STEP][PASSED] - Statement - counter = counter + 1: null

2018-12-13 01:29:08 - [TEST_STEP][PASSED] - Statement - PreSaveFile = new java.io.File(((pathPrefix + java.lang.Integer.toString(counter)) + .png)): null

2018-12-13 01:29:08 - [TEST_STEP][PASSED] - Statement - counter = counter + 1: null

2018-12-13 01:29:08 - [TEST_STEP][PASSED] - Statement - PreSaveFile = new java.io.File(((pathPrefix + java.lang.Integer.toString(counter)) + .png)): null

2018-12-13 01:29:08 - [TEST_STEP][PASSED] - Statement - counter = counter + 1: null

2018-12-13 01:29:08 - [TEST_STEP][PASSED] - Statement - PreSaveFile = new java.io.File(((pathPrefix + java.lang.Integer.toString(counter)) + .png)): null

2018-12-13 01:29:08 - [TEST_STEP][PASSED] - Statement - counter = counter + 1: null

2018-12-13 01:29:08 - [TEST_STEP][PASSED] - Statement - PreSaveFile = new java.io.File(((pathPrefix + java.lang.Integer.toString(counter)) + .png)): null

2018-12-13 01:29:08 - [TEST_STEP][PASSED] - Statement - counter = counter + 1: null

2018-12-13 01:29:08 - [TEST_STEP][PASSED] - Statement - PreSaveFile = new java.io.File(((pathPrefix + java.lang.Integer.toString(counter)) + .png)): null

2018-12-13 01:29:08 - [TEST_STEP][PASSED] - Statement - counter = counter + 1: null

2018-12-13 01:29:08 - [TEST_STEP][PASSED] - Statement - PreSaveFile = new java.io.File(((pathPrefix + java.lang.Integer.toString(counter)) + .png)): null

2018-12-13 01:29:08 - [TEST_STEP][PASSED] - Statement - counter = counter + 1: null

2018-12-13 01:29:08 - [TEST_STEP][PASSED] - Statement - PreSaveFile = new java.io.File(((pathPrefix + java.lang.Integer.toString(counter)) + .png)): null

2018-12-13 01:29:08 - [TEST_STEP][PASSED] - Statement - counter = counter + 1: null

2018-12-13 01:29:08 - [TEST_STEP][PASSED] - Statement - PreSaveFile = new java.io.File(((pathPrefix + java.lang.Integer.toString(counter)) + .png)): null

2018-12-13 01:29:08 - [TEST_STEP][PASSED] - Statement - counter = counter + 1: null

2018-12-13 01:29:08 - [TEST_STEP][PASSED] - Statement - PreSaveFile = new java.io.File(((pathPrefix + java.lang.Integer.toString(counter)) + .png)): null

2018-12-13 01:29:08 - [TEST_STEP][PASSED] - Statement - counter = counter + 1: null

2018-12-13 01:29:08 - [TEST_STEP][PASSED] - Statement - PreSaveFile = new java.io.File(((pathPrefix + java.lang.Integer.toString(counter)) + .png)): null

2018-12-13 01:29:08 - [TEST_STEP][PASSED] - Statement - counter = counter + 1: null

2018-12-13 01:29:08 - [TEST_STEP][PASSED] - Statement - PreSaveFile = new java.io.File(((pathPrefix + java.lang.Integer.toString(counter)) + .png)): null

2018-12-13 01:29:08 - [TEST_STEP][PASSED] - Statement - counter = counter + 1: null

2018-12-13 01:29:08 - [TEST_STEP][PASSED] - Statement - PreSaveFile = new java.io.File(((pathPrefix + java.lang.Integer.toString(counter)) + .png)): null

2018-12-13 01:29:08 - [TEST_STEP][PASSED] - Statement - finalPath = pathPrefix + java.lang.Integer.toString(counter) + ".png": null

2018-12-13 01:29:08 - [TEST_STEP][PASSED] - Statement - SaveFile = new java.io.File(finalPath): null

2018-12-13 01:29:08 - [TEST_STEP][PASSED] - Statement - Try: null

2018-12-13 01:29:08 - [TEST_STEP][PASSED] - Statement - org.apache.commons.io.FileUtils.copyFile(scrFile, SaveFile): null

2018-12-13 01:29:08 - [TEST_STEP][PASSED] - Statement - out.println("file kept"): null

2018-12-13 01:29:08 - [TEST_STEP][PASSED] - delay: Delayed 10 second(s)

2018-12-13 01:29:18 - [MESSAGE][PASSED] - Delayed 10 second(s)

2018-12-13 01:29:18 - [MESSAGE][PASSED] - Call Test Case 'Test Cases/Final Aug 2018 - PKS Automation/Registration Module/New Registration/Submit and Screenshot/Submit Registration and Screenshot' successfully

2018-12-13 01:29:18 - [TEST_STEP][PASSED] - callTestCase: Call Test Case 'Test Cases/Final Aug 2018 - PKS Automation/Registration Module/Log Out/log out avoiding katalon tagging' successfully

2018-12-13 01:29:18 - [TEST_CASE][PASSED] - Test Cases/Final Aug 2018 - PKS Automation/Registration Module/Log Out/log out avoiding katalon tagging: Test Cases/Final Aug 2018 - PKS Automation/Registration Module/Log Out/log out avoiding katalon tagging

2018-12-13 01:29:18 - [TEST_STEP][PASSED] - navigateToUrl: Navigate to 'https://assist2-uat.perkeso.gov.my/c/portal/logout' successfully

2018-12-13 01:29:19 - [MESSAGE][PASSED] - Navigate to 'https://assist2-uat.perkeso.gov.my/c/portal/logout' successfully

2018-12-13 01:29:19 - [MESSAGE][PASSED] - Call Test Case 'Test Cases/Final Aug 2018 - PKS Automation/Registration Module/Log Out/log out avoiding katalon tagging' successfully]]></system-out>
         <system-err><![CDATA[2018-12-13 01:18:10 - [TEST_CASE][FAILED] - Test Cases/Final Aug 2018 - PKS Automation/Registration Module/Workflow/New Registration/Employer to RO - RO Under Enforcement: Test Cases/Final Aug 2018 - PKS Automation/Registration Module/Workflow/New Registration/Employer to RO - RO Under Enforcement FAILED because (of) (Stack trace: com.kms.katalon.core.exception.StepFailedException: Unable to set text 'CRN12201800123257' of object 'Object Repository/Final Object Repo/New Registration - Registration Module Pages/New Reg - OTC to RO/Special Case - All Related Objects/TextBox RefNo in Workbasket' (Root cause: org.openqa.selenium.ElementNotVisibleException: element not interactable
  (Session info: chrome=70.0.3538.110)
  (Driver info: chromedriver=2.43.600210 (68dcf5eebde37173d4027fa8635e332711d2874a),platform=Windows NT 6.1.7601 SP1 x86_64) (WARNING: The server did not provide any stacktrace information)
Command duration or timeout: 0 milliseconds
Build info: version: '3.7.1', revision: '8a0099a', time: '2017-11-06T21:07:36.161Z'
System info: host: 'WIN7TEST02', ip: '10.20.3.72', os.name: 'Windows 7', os.arch: 'amd64', os.version: '6.1', java.version: '1.8.0_181'
Driver info: com.kms.katalon.selenium.driver.CChromeDriver
Capabilities {acceptInsecureCerts: false, acceptSslCerts: false, applicationCacheEnabled: false, browserConnectionEnabled: false, browserName: chrome, chrome: {chromedriverVersion: 2.43.600210 (68dcf5eebde371..., userDataDir: C:\Users\Admin\AppData\Loca...}, cssSelectorsEnabled: true, databaseEnabled: false, goog:chromeOptions: {debuggerAddress: localhost:60407}, handlesAlerts: true, hasTouchScreen: false, javascriptEnabled: true, locationContextEnabled: true, mobileEmulationEnabled: false, nativeEvents: true, networkConnectionEnabled: false, pageLoadStrategy: normal, platform: XP, platformName: XP, rotatable: false, setWindowRect: true, takesHeapSnapshot: true, takesScreenshot: true, unexpectedAlertBehaviour: , unhandledPromptBehavior: , version: 70.0.3538.110, webStorageEnabled: true}
Session ID: 120f78512d6f753f5faac5333f5a4c23)
	at com.kms.katalon.core.keyword.internal.KeywordMain.stepFailed(KeywordMain.groovy:32)
	at com.kms.katalon.core.webui.keyword.internal.WebUIKeywordMain.stepFailed(WebUIKeywordMain.groovy:65)
	at com.kms.katalon.core.webui.keyword.internal.WebUIKeywordMain.runKeyword(WebUIKeywordMain.groovy:27)
	at com.kms.katalon.core.webui.keyword.builtin.SetTextKeyword.setText(SetTextKeyword.groovy:65)
	at com.kms.katalon.core.webui.keyword.builtin.SetTextKeyword.execute(SetTextKeyword.groovy:37)
	at com.kms.katalon.core.keyword.internal.KeywordExecutor.executeKeywordForPlatform(KeywordExecutor.groovy:53)
	at com.kms.katalon.core.webui.keyword.WebUiBuiltInKeywords.setText(WebUiBuiltInKeywords.groovy:950)
	at com.kms.katalon.core.webui.keyword.WebUiBuiltInKeywords$setText$1.call(Unknown Source)
	at org.codehaus.groovy.runtime.callsite.CallSiteArray.defaultCall(CallSiteArray.java:48)
	at org.codehaus.groovy.runtime.callsite.AbstractCallSite.call(AbstractCallSite.java:113)
	at org.codehaus.groovy.runtime.callsite.AbstractCallSite.call(AbstractCallSite.java:133)
	at Script1537253675085.run(Script1537253675085.groovy:87)
	at com.kms.katalon.core.main.ScriptEngine.run(ScriptEngine.java:183)
	at com.kms.katalon.core.main.ScriptEngine.runScriptAsRawText(ScriptEngine.java:108)
	at com.kms.katalon.core.main.TestCaseExecutor.runScript(TestCaseExecutor.java:294)
	at com.kms.katalon.core.main.TestCaseExecutor.doExecute(TestCaseExecutor.java:285)
	at com.kms.katalon.core.main.TestCaseExecutor.processExecutionPhase(TestCaseExecutor.java:264)
	at com.kms.katalon.core.main.TestCaseExecutor.accessMainPhase(TestCaseExecutor.java:256)
	at com.kms.katalon.core.main.TestCaseExecutor.execute(TestCaseExecutor.java:200)
	at com.kms.katalon.core.main.TestSuiteExecutor.accessTestCaseMainPhase(TestSuiteExecutor.java:129)
	at com.kms.katalon.core.main.TestSuiteExecutor.accessTestSuiteMainPhase(TestSuiteExecutor.java:112)
	at com.kms.katalon.core.main.TestSuiteExecutor.execute(TestSuiteExecutor.java:81)
	at com.kms.katalon.core.main.TestCaseMain.startTestSuite(TestCaseMain.java:142)
	at com.kms.katalon.core.main.TestCaseMain$startTestSuite$0.call(Unknown Source)
	at org.codehaus.groovy.runtime.callsite.CallSiteArray.defaultCall(CallSiteArray.java:48)
	at org.codehaus.groovy.runtime.callsite.AbstractCallSite.call(AbstractCallSite.java:113)
	at org.codehaus.groovy.runtime.callsite.AbstractCallSite.call(AbstractCallSite.java:141)
	at TempTestSuite1544618906888.run(TempTestSuite1544618906888.groovy:36)
	at groovy.lang.GroovyShell.runScriptOrMainOrTestOrRunnable(GroovyShell.java:263)
	at groovy.lang.GroovyShell.run(GroovyShell.java:518)
	at groovy.lang.GroovyShell.run(GroovyShell.java:507)
	at groovy.ui.GroovyMain.processOnce(GroovyMain.java:653)
	at groovy.ui.GroovyMain.run(GroovyMain.java:384)
	at groovy.ui.GroovyMain.process(GroovyMain.java:370)
	at groovy.ui.GroovyMain.processArgs(GroovyMain.java:129)
	at groovy.ui.GroovyMain.main(GroovyMain.java:109)
	at sun.reflect.NativeMethodAccessorImpl.invoke0(Native Method)
	at sun.reflect.NativeMethodAccessorImpl.invoke(NativeMethodAccessorImpl.java:62)
	at sun.reflect.DelegatingMethodAccessorImpl.invoke(DelegatingMethodAccessorImpl.java:43)
	at java.lang.reflect.Method.invoke(Method.java:498)
	at org.codehaus.groovy.tools.GroovyStarter.rootLoader(GroovyStarter.java:109)
	at org.codehaus.groovy.tools.GroovyStarter.main(GroovyStarter.java:131)
)]]></system-err>
      </testcase>
      <testcase name="Test Cases/Final Aug 2018 - PKS Automation/Registration Module/Workflow/New Registration/OTC - PKR BO - RO Query (Routed 2 Time)" classname="Test Cases/Final Aug 2018 - PKS Automation/Registration Module/Workflow/New Registration/OTC - PKR BO - RO Query (Routed 2 Time)" status="FAILED">
         <failure type="FAILED" message="(Stack trace: com.kms.katalon.core.exception.StepFailedException: Unable to click on object 'Object Repository/Final Object Repo/New Registration - Registration Module Pages/New Reg - OTC to RO/Special Case - All Related Objects/Confirm to Query' (Root cause: org.openqa.selenium.ElementNotVisibleException: element not interactable
  (Session info: chrome=70.0.3538.110)
  (Driver info: chromedriver=2.43.600210 (68dcf5eebde37173d4027fa8635e332711d2874a),platform=Windows NT 6.1.7601 SP1 x86_64) (WARNING: The server did not provide any stacktrace information)
Command duration or timeout: 0 milliseconds
Build info: version: '3.7.1', revision: '8a0099a', time: '2017-11-06T21:07:36.161Z'
System info: host: 'WIN7TEST02', ip: '10.20.3.72', os.name: 'Windows 7', os.arch: 'amd64', os.version: '6.1', java.version: '1.8.0_181'
Driver info: com.kms.katalon.selenium.driver.CChromeDriver
Capabilities {acceptInsecureCerts: false, acceptSslCerts: false, applicationCacheEnabled: false, browserConnectionEnabled: false, browserName: chrome, chrome: {chromedriverVersion: 2.43.600210 (68dcf5eebde371..., userDataDir: C:\Users\Admin\AppData\Loca...}, cssSelectorsEnabled: true, databaseEnabled: false, goog:chromeOptions: {debuggerAddress: localhost:60566}, handlesAlerts: true, hasTouchScreen: false, javascriptEnabled: true, locationContextEnabled: true, mobileEmulationEnabled: false, nativeEvents: true, networkConnectionEnabled: false, pageLoadStrategy: normal, platform: XP, platformName: XP, rotatable: false, setWindowRect: true, takesHeapSnapshot: true, takesScreenshot: true, unexpectedAlertBehaviour: , unhandledPromptBehavior: , version: 70.0.3538.110, webStorageEnabled: true}
Session ID: 6dd2a68ea4a2a325275ccdde0f972c62)
	at com.kms.katalon.core.keyword.internal.KeywordMain.stepFailed(KeywordMain.groovy:32)
	at com.kms.katalon.core.webui.keyword.internal.WebUIKeywordMain.stepFailed(WebUIKeywordMain.groovy:65)
	at com.kms.katalon.core.webui.keyword.internal.WebUIKeywordMain.runKeyword(WebUIKeywordMain.groovy:27)
	at com.kms.katalon.core.webui.keyword.builtin.ClickKeyword.click(ClickKeyword.groovy:86)
	at com.kms.katalon.core.webui.keyword.builtin.ClickKeyword.execute(ClickKeyword.groovy:67)
	at com.kms.katalon.core.keyword.internal.KeywordExecutor.executeKeywordForPlatform(KeywordExecutor.groovy:53)
	at com.kms.katalon.core.webui.keyword.WebUiBuiltInKeywords.click(WebUiBuiltInKeywords.groovy:616)
	at com.kms.katalon.core.webui.keyword.WebUiBuiltInKeywords$click$2.call(Unknown Source)
	at org.codehaus.groovy.runtime.callsite.CallSiteArray.defaultCall(CallSiteArray.java:48)
	at org.codehaus.groovy.runtime.callsite.AbstractCallSite.call(AbstractCallSite.java:113)
	at org.codehaus.groovy.runtime.callsite.AbstractCallSite.call(AbstractCallSite.java:125)
	at Script1535599531593.run(Script1535599531593.groovy:194)
	at com.kms.katalon.core.main.ScriptEngine.run(ScriptEngine.java:183)
	at com.kms.katalon.core.main.ScriptEngine.runScriptAsRawText(ScriptEngine.java:108)
	at com.kms.katalon.core.main.TestCaseExecutor.runScript(TestCaseExecutor.java:294)
	at com.kms.katalon.core.main.TestCaseExecutor.doExecute(TestCaseExecutor.java:285)
	at com.kms.katalon.core.main.TestCaseExecutor.processExecutionPhase(TestCaseExecutor.java:264)
	at com.kms.katalon.core.main.TestCaseExecutor.accessMainPhase(TestCaseExecutor.java:256)
	at com.kms.katalon.core.main.TestCaseExecutor.execute(TestCaseExecutor.java:200)
	at com.kms.katalon.core.main.TestSuiteExecutor.accessTestCaseMainPhase(TestSuiteExecutor.java:129)
	at com.kms.katalon.core.main.TestSuiteExecutor.accessTestSuiteMainPhase(TestSuiteExecutor.java:112)
	at com.kms.katalon.core.main.TestSuiteExecutor.execute(TestSuiteExecutor.java:81)
	at com.kms.katalon.core.main.TestCaseMain.startTestSuite(TestCaseMain.java:142)
	at com.kms.katalon.core.main.TestCaseMain$startTestSuite$0.call(Unknown Source)
	at org.codehaus.groovy.runtime.callsite.CallSiteArray.defaultCall(CallSiteArray.java:48)
	at org.codehaus.groovy.runtime.callsite.AbstractCallSite.call(AbstractCallSite.java:113)
	at org.codehaus.groovy.runtime.callsite.AbstractCallSite.call(AbstractCallSite.java:141)
	at TempTestSuite1544618906888.run(TempTestSuite1544618906888.groovy:36)
	at groovy.lang.GroovyShell.runScriptOrMainOrTestOrRunnable(GroovyShell.java:263)
	at groovy.lang.GroovyShell.run(GroovyShell.java:518)
	at groovy.lang.GroovyShell.run(GroovyShell.java:507)
	at groovy.ui.GroovyMain.processOnce(GroovyMain.java:653)
	at groovy.ui.GroovyMain.run(GroovyMain.java:384)
	at groovy.ui.GroovyMain.process(GroovyMain.java:370)
	at groovy.ui.GroovyMain.processArgs(GroovyMain.java:129)
	at groovy.ui.GroovyMain.main(GroovyMain.java:109)
	at sun.reflect.NativeMethodAccessorImpl.invoke0(Native Method)
	at sun.reflect.NativeMethodAccessorImpl.invoke(NativeMethodAccessorImpl.java:62)
	at sun.reflect.DelegatingMethodAccessorImpl.invoke(DelegatingMethodAccessorImpl.java:43)
	at java.lang.reflect.Method.invoke(Method.java:498)
	at org.codehaus.groovy.tools.GroovyStarter.rootLoader(GroovyStarter.java:109)
	at org.codehaus.groovy.tools.GroovyStarter.main(GroovyStarter.java:131)
)"/>
         <system-out><![CDATA[2018-12-13 01:29:19 - [TEST_CASE][FAILED] - Test Cases/Final Aug 2018 - PKS Automation/Registration Module/Workflow/New Registration/OTC - PKR BO - RO Query (Routed 2 Time): Test Cases/Final Aug 2018 - PKS Automation/Registration Module/Workflow/New Registration/OTC - PKR BO - RO Query (Routed 2 Time) FAILED because (of) (Stack trace: com.kms.katalon.core.exception.StepFailedException: Unable to click on object 'Object Repository/Final Object Repo/New Registration - Registration Module Pages/New Reg - OTC to RO/Special Case - All Related Objects/Confirm to Query' (Root cause: org.openqa.selenium.ElementNotVisibleException: element not interactable
  (Session info: chrome=70.0.3538.110)
  (Driver info: chromedriver=2.43.600210 (68dcf5eebde37173d4027fa8635e332711d2874a),platform=Windows NT 6.1.7601 SP1 x86_64) (WARNING: The server did not provide any stacktrace information)
Command duration or timeout: 0 milliseconds
Build info: version: '3.7.1', revision: '8a0099a', time: '2017-11-06T21:07:36.161Z'
System info: host: 'WIN7TEST02', ip: '10.20.3.72', os.name: 'Windows 7', os.arch: 'amd64', os.version: '6.1', java.version: '1.8.0_181'
Driver info: com.kms.katalon.selenium.driver.CChromeDriver
Capabilities {acceptInsecureCerts: false, acceptSslCerts: false, applicationCacheEnabled: false, browserConnectionEnabled: false, browserName: chrome, chrome: {chromedriverVersion: 2.43.600210 (68dcf5eebde371..., userDataDir: C:\Users\Admin\AppData\Loca...}, cssSelectorsEnabled: true, databaseEnabled: false, goog:chromeOptions: {debuggerAddress: localhost:60566}, handlesAlerts: true, hasTouchScreen: false, javascriptEnabled: true, locationContextEnabled: true, mobileEmulationEnabled: false, nativeEvents: true, networkConnectionEnabled: false, pageLoadStrategy: normal, platform: XP, platformName: XP, rotatable: false, setWindowRect: true, takesHeapSnapshot: true, takesScreenshot: true, unexpectedAlertBehaviour: , unhandledPromptBehavior: , version: 70.0.3538.110, webStorageEnabled: true}
Session ID: 6dd2a68ea4a2a325275ccdde0f972c62)
	at com.kms.katalon.core.keyword.internal.KeywordMain.stepFailed(KeywordMain.groovy:32)
	at com.kms.katalon.core.webui.keyword.internal.WebUIKeywordMain.stepFailed(WebUIKeywordMain.groovy:65)
	at com.kms.katalon.core.webui.keyword.internal.WebUIKeywordMain.runKeyword(WebUIKeywordMain.groovy:27)
	at com.kms.katalon.core.webui.keyword.builtin.ClickKeyword.click(ClickKeyword.groovy:86)
	at com.kms.katalon.core.webui.keyword.builtin.ClickKeyword.execute(ClickKeyword.groovy:67)
	at com.kms.katalon.core.keyword.internal.KeywordExecutor.executeKeywordForPlatform(KeywordExecutor.groovy:53)
	at com.kms.katalon.core.webui.keyword.WebUiBuiltInKeywords.click(WebUiBuiltInKeywords.groovy:616)
	at com.kms.katalon.core.webui.keyword.WebUiBuiltInKeywords$click$2.call(Unknown Source)
	at org.codehaus.groovy.runtime.callsite.CallSiteArray.defaultCall(CallSiteArray.java:48)
	at org.codehaus.groovy.runtime.callsite.AbstractCallSite.call(AbstractCallSite.java:113)
	at org.codehaus.groovy.runtime.callsite.AbstractCallSite.call(AbstractCallSite.java:125)
	at Script1535599531593.run(Script1535599531593.groovy:194)
	at com.kms.katalon.core.main.ScriptEngine.run(ScriptEngine.java:183)
	at com.kms.katalon.core.main.ScriptEngine.runScriptAsRawText(ScriptEngine.java:108)
	at com.kms.katalon.core.main.TestCaseExecutor.runScript(TestCaseExecutor.java:294)
	at com.kms.katalon.core.main.TestCaseExecutor.doExecute(TestCaseExecutor.java:285)
	at com.kms.katalon.core.main.TestCaseExecutor.processExecutionPhase(TestCaseExecutor.java:264)
	at com.kms.katalon.core.main.TestCaseExecutor.accessMainPhase(TestCaseExecutor.java:256)
	at com.kms.katalon.core.main.TestCaseExecutor.execute(TestCaseExecutor.java:200)
	at com.kms.katalon.core.main.TestSuiteExecutor.accessTestCaseMainPhase(TestSuiteExecutor.java:129)
	at com.kms.katalon.core.main.TestSuiteExecutor.accessTestSuiteMainPhase(TestSuiteExecutor.java:112)
	at com.kms.katalon.core.main.TestSuiteExecutor.execute(TestSuiteExecutor.java:81)
	at com.kms.katalon.core.main.TestCaseMain.startTestSuite(TestCaseMain.java:142)
	at com.kms.katalon.core.main.TestCaseMain$startTestSuite$0.call(Unknown Source)
	at org.codehaus.groovy.runtime.callsite.CallSiteArray.defaultCall(CallSiteArray.java:48)
	at org.codehaus.groovy.runtime.callsite.AbstractCallSite.call(AbstractCallSite.java:113)
	at org.codehaus.groovy.runtime.callsite.AbstractCallSite.call(AbstractCallSite.java:141)
	at TempTestSuite1544618906888.run(TempTestSuite1544618906888.groovy:36)
	at groovy.lang.GroovyShell.runScriptOrMainOrTestOrRunnable(GroovyShell.java:263)
	at groovy.lang.GroovyShell.run(GroovyShell.java:518)
	at groovy.lang.GroovyShell.run(GroovyShell.java:507)
	at groovy.ui.GroovyMain.processOnce(GroovyMain.java:653)
	at groovy.ui.GroovyMain.run(GroovyMain.java:384)
	at groovy.ui.GroovyMain.process(GroovyMain.java:370)
	at groovy.ui.GroovyMain.processArgs(GroovyMain.java:129)
	at groovy.ui.GroovyMain.main(GroovyMain.java:109)
	at sun.reflect.NativeMethodAccessorImpl.invoke0(Native Method)
	at sun.reflect.NativeMethodAccessorImpl.invoke(NativeMethodAccessorImpl.java:62)
	at sun.reflect.DelegatingMethodAccessorImpl.invoke(DelegatingMethodAccessorImpl.java:43)
	at java.lang.reflect.Method.invoke(Method.java:498)
	at org.codehaus.groovy.tools.GroovyStarter.rootLoader(GroovyStarter.java:109)
	at org.codehaus.groovy.tools.GroovyStarter.main(GroovyStarter.java:131)
)

2018-12-13 01:29:19 - [TEST_STEP][PASSED] - callTestCase: Call Test Case 'Test Cases/Final Aug 2018 - PKS Automation/Registration Module/Workflow/New Registration/Template/Special Case - OTC - Form 1' successfully

2018-12-13 01:29:20 - [TEST_CASE][PASSED] - Test Cases/Final Aug 2018 - PKS Automation/Registration Module/Workflow/New Registration/Template/Special Case - OTC - Form 1: Test Cases/Final Aug 2018 - PKS Automation/Registration Module/Workflow/New Registration/Template/Special Case - OTC - Form 1

2018-12-13 01:29:20 - [TEST_STEP][PASSED] - openBrowser: Browser is opened with url: ''

2018-12-13 01:29:20 - [MESSAGE][WARNING] - A browser is already opened. Closing browser and opening a new one

2018-12-13 01:29:23 - [MESSAGE][PASSED] - Browser is opened with url: ''

2018-12-13 01:29:23 - [TEST_STEP][PASSED] - navigateToUrl: Navigate to 'https://assist2-uat.perkeso.gov.my/login' successfully

2018-12-13 01:29:24 - [MESSAGE][PASSED] - Navigate to 'https://assist2-uat.perkeso.gov.my/login' successfully

2018-12-13 01:29:24 - [TEST_STEP][PASSED] - delay: Delayed 2 second(s)

2018-12-13 01:29:26 - [MESSAGE][PASSED] - Delayed 2 second(s)

2018-12-13 01:29:26 - [TEST_STEP][PASSED] - setText: Text 'klotc2@gmail.com' is set on object 'Object Repository/Final Object Repo/Login Page/Internal User/Email Address'

2018-12-13 01:29:27 - [MESSAGE][PASSED] - Text 'klotc2@gmail.com' is set on object 'Object Repository/Final Object Repo/Login Page/Internal User/Email Address'

2018-12-13 01:29:27 - [TEST_STEP][PASSED] - click: Object: 'Object Repository/Final Object Repo/Login Page/Internal User/Next Button' is clicked on

2018-12-13 01:29:27 - [MESSAGE][PASSED] - Object: 'Object Repository/Final Object Repo/Login Page/Internal User/Next Button' is clicked on

2018-12-13 01:29:27 - [TEST_STEP][PASSED] - delay: Delayed 2 second(s)

2018-12-13 01:29:29 - [MESSAGE][PASSED] - Delayed 2 second(s)

2018-12-13 01:29:29 - [TEST_STEP][PASSED] - setText: Text 'Test1@3456789' is set on object 'Object Repository/Final Object Repo/Login Page/Internal User/Password'

2018-12-13 01:29:29 - [MESSAGE][PASSED] - Text 'Test1@3456789' is set on object 'Object Repository/Final Object Repo/Login Page/Internal User/Password'

2018-12-13 01:29:29 - [TEST_STEP][PASSED] - delay: Delayed 2 second(s)

2018-12-13 01:29:31 - [MESSAGE][PASSED] - Delayed 2 second(s)

2018-12-13 01:29:31 - [TEST_STEP][PASSED] - click: Object: 'Object Repository/Final Object Repo/Login Page/Internal User/Login Button' is clicked on

2018-12-13 01:29:31 - [MESSAGE][PASSED] - Object: 'Object Repository/Final Object Repo/Login Page/Internal User/Login Button' is clicked on

2018-12-13 01:29:31 - [TEST_STEP][PASSED] - Statement - Try: null

2018-12-13 01:29:31 - [TEST_STEP][PASSED] - Statement - Checker = com.kms.katalon.core.webui.keyword.WebUiBuiltInKeywords.verifyElementNotPresent("Final Object Repo/Landing Page/Select to English", 3): null

2018-12-13 01:29:31 - [TEST_STEP][PASSED] - Statement - Catch (Exception e): null

2018-12-13 01:29:31 - [TEST_STEP][PASSED] - Statement - e.printStackTrace(): null

2018-12-13 01:29:31 - [TEST_STEP][PASSED] - delay: Delayed 5 second(s)

2018-12-13 01:29:36 - [MESSAGE][PASSED] - Delayed 5 second(s)

2018-12-13 01:29:36 - [TEST_STEP][PASSED] - click: Object: 'Object Repository/Final Object Repo/Landing Page/My Sites Drop Down' is clicked on

2018-12-13 01:29:37 - [MESSAGE][PASSED] - Object: 'Object Repository/Final Object Repo/Landing Page/My Sites Drop Down' is clicked on

2018-12-13 01:29:37 - [TEST_STEP][PASSED] - click: Object: 'Object Repository/Final Object Repo/Landing Page/Select to Registration Module' is clicked on

2018-12-13 01:29:37 - [MESSAGE][PASSED] - Object: 'Object Repository/Final Object Repo/Landing Page/Select to Registration Module' is clicked on

2018-12-13 01:29:37 - [TEST_STEP][PASSED] - click: Object: 'Object Repository/Final Object Repo/Landing Page/Registration Button' is clicked on

2018-12-13 01:29:39 - [MESSAGE][PASSED] - Object: 'Object Repository/Final Object Repo/Landing Page/Registration Button' is clicked on

2018-12-13 01:29:39 - [TEST_STEP][PASSED] - delay: Delayed 2 second(s)

2018-12-13 01:29:41 - [MESSAGE][PASSED] - Delayed 2 second(s)

2018-12-13 01:29:41 - [TEST_STEP][PASSED] - click: Object: 'Object Repository/Final Object Repo/New Registration - Registration Module Pages/New Reg - OTC to RO/Special Case - OTC - Form 1/AEC NO' is clicked on

2018-12-13 01:29:41 - [MESSAGE][PASSED] - Object: 'Object Repository/Final Object Repo/New Registration - Registration Module Pages/New Reg - OTC to RO/Special Case - OTC - Form 1/AEC NO' is clicked on

2018-12-13 01:29:41 - [TEST_STEP][PASSED] - click: Object: 'Object Repository/Final Object Repo/New Registration - Registration Module Pages/New Reg - OTC to RO/Special Case - OTC - Form 1/Business Entity - Please Select' is clicked on

2018-12-13 01:29:41 - [MESSAGE][PASSED] - Object: 'Object Repository/Final Object Repo/New Registration - Registration Module Pages/New Reg - OTC to RO/Special Case - OTC - Form 1/Business Entity - Please Select' is clicked on

2018-12-13 01:29:41 - [TEST_STEP][PASSED] - click: Object: 'Object Repository/Final Object Repo/New Registration - Registration Module Pages/New Reg - OTC to RO/Special Case - OTC - Form 1/Selected - Corporation' is clicked on

2018-12-13 01:29:41 - [MESSAGE][PASSED] - Object: 'Object Repository/Final Object Repo/New Registration - Registration Module Pages/New Reg - OTC to RO/Special Case - OTC - Form 1/Selected - Corporation' is clicked on

2018-12-13 01:29:41 - [TEST_STEP][PASSED] - delay: Delayed 2 second(s)

2018-12-13 01:29:43 - [MESSAGE][PASSED] - Delayed 2 second(s)

2018-12-13 01:29:43 - [TEST_STEP][PASSED] - click: Object: 'Object Repository/Final Object Repo/New Registration - Registration Module Pages/New Reg - OTC to RO/Special Case - OTC - Form 1/Sub Business Entity - Please Select' is clicked on

2018-12-13 01:29:44 - [MESSAGE][PASSED] - Object: 'Object Repository/Final Object Repo/New Registration - Registration Module Pages/New Reg - OTC to RO/Special Case - OTC - Form 1/Sub Business Entity - Please Select' is clicked on

2018-12-13 01:29:44 - [TEST_STEP][PASSED] - delay: Delayed 2 second(s)

2018-12-13 01:29:46 - [MESSAGE][PASSED] - Delayed 2 second(s)

2018-12-13 01:29:46 - [TEST_STEP][PASSED] - click: Object: 'Object Repository/Final Object Repo/New Registration - Registration Module Pages/New Reg - OTC to RO/Special Case - OTC - Form 1/Selected - Sendirian Berhad' is clicked on

2018-12-13 01:29:46 - [MESSAGE][PASSED] - Object: 'Object Repository/Final Object Repo/New Registration - Registration Module Pages/New Reg - OTC to RO/Special Case - OTC - Form 1/Selected - Sendirian Berhad' is clicked on

2018-12-13 01:29:46 - [TEST_STEP][PASSED] - setText: Text 'AUTOMATE001' is set on object 'Object Repository/Final Object Repo/New Registration - Registration Module Pages/New Reg - OTC to RO/Special Case - OTC - Form 1/Input BRN Number'

2018-12-13 01:29:46 - [MESSAGE][PASSED] - Text 'AUTOMATE001' is set on object 'Object Repository/Final Object Repo/New Registration - Registration Module Pages/New Reg - OTC to RO/Special Case - OTC - Form 1/Input BRN Number'

2018-12-13 01:29:46 - [TEST_STEP][PASSED] - delay: Delayed 2 second(s)

2018-12-13 01:29:48 - [MESSAGE][PASSED] - Delayed 2 second(s)

2018-12-13 01:29:48 - [TEST_STEP][PASSED] - click: Object: 'Object Repository/Final Object Repo/New Registration - Registration Module Pages/New Reg - OTC to RO/Special Case - OTC - Form 1/BRN Search' is clicked on

2018-12-13 01:29:49 - [MESSAGE][PASSED] - Object: 'Object Repository/Final Object Repo/New Registration - Registration Module Pages/New Reg - OTC to RO/Special Case - OTC - Form 1/BRN Search' is clicked on

2018-12-13 01:29:49 - [TEST_STEP][PASSED] - delay: Delayed 4 second(s)

2018-12-13 01:29:53 - [MESSAGE][PASSED] - Delayed 4 second(s)

2018-12-13 01:29:53 - [TEST_STEP][PASSED] - click: Object: 'Object Repository/Final Object Repo/New Registration - Registration Module Pages/New Reg - OTC to RO/Special Case - OTC - Form 1/Registered with SSM - After Feb 2017' is clicked on

2018-12-13 01:29:53 - [MESSAGE][PASSED] - Object: 'Object Repository/Final Object Repo/New Registration - Registration Module Pages/New Reg - OTC to RO/Special Case - OTC - Form 1/Registered with SSM - After Feb 2017' is clicked on

2018-12-13 01:29:53 - [TEST_STEP][PASSED] - delay: Delayed 2 second(s)

2018-12-13 01:29:55 - [MESSAGE][PASSED] - Delayed 2 second(s)

2018-12-13 01:29:55 - [TEST_STEP][PASSED] - click: Object: 'Object Repository/Final Object Repo/New Registration - Registration Module Pages/New Reg - OTC to RO/Special Case - OTC - Form 1/Registering As A Branch - No' is clicked on

2018-12-13 01:29:55 - [MESSAGE][PASSED] - Object: 'Object Repository/Final Object Repo/New Registration - Registration Module Pages/New Reg - OTC to RO/Special Case - OTC - Form 1/Registering As A Branch - No' is clicked on

2018-12-13 01:29:55 - [TEST_STEP][PASSED] - click: Object: 'Object Repository/Final Object Repo/New Registration - Registration Module Pages/New Reg - OTC to RO/Special Case - OTC - Form 1/Acknowledgement Ticked' is clicked on

2018-12-13 01:29:55 - [MESSAGE][PASSED] - Object: 'Object Repository/Final Object Repo/New Registration - Registration Module Pages/New Reg - OTC to RO/Special Case - OTC - Form 1/Acknowledgement Ticked' is clicked on

2018-12-13 01:29:55 - [TEST_STEP][PASSED] - click: Object: 'Object Repository/Final Object Repo/New Registration - Registration Module Pages/New Reg - OTC to RO/Special Case - OTC - Form 1/Submit Button' is clicked on

2018-12-13 01:29:55 - [MESSAGE][PASSED] - Object: 'Object Repository/Final Object Repo/New Registration - Registration Module Pages/New Reg - OTC to RO/Special Case - OTC - Form 1/Submit Button' is clicked on

2018-12-13 01:29:55 - [TEST_STEP][PASSED] - delay: Delayed 2 second(s)

2018-12-13 01:29:57 - [MESSAGE][PASSED] - Delayed 2 second(s)

2018-12-13 01:29:57 - [TEST_STEP][PASSED] - click: Object: 'Object Repository/Final Object Repo/New Registration - Registration Module Pages/New Reg - OTC to RO/Special Case - OTC - Form 1/Confirm No Flagging as Branch' is clicked on

2018-12-13 01:29:57 - [MESSAGE][PASSED] - Object: 'Object Repository/Final Object Repo/New Registration - Registration Module Pages/New Reg - OTC to RO/Special Case - OTC - Form 1/Confirm No Flagging as Branch' is clicked on

2018-12-13 01:29:57 - [MESSAGE][PASSED] - Call Test Case 'Test Cases/Final Aug 2018 - PKS Automation/Registration Module/Workflow/New Registration/Template/Special Case - OTC - Form 1' successfully

2018-12-13 01:29:57 - [TEST_STEP][PASSED] - callTestCase: Call Test Case 'Test Cases/Final Aug 2018 - PKS Automation/Registration Module/New Registration/Form 2/Add 1 Eligible - Incomplete' successfully

2018-12-13 01:29:57 - [TEST_CASE][PASSED] - Test Cases/Final Aug 2018 - PKS Automation/Registration Module/New Registration/Form 2/Add 1 Eligible - Incomplete: Test Cases/Final Aug 2018 - PKS Automation/Registration Module/New Registration/Form 2/Add 1 Eligible - Incomplete

2018-12-13 01:29:58 - [TEST_STEP][PASSED] - delay: Delayed 2 second(s)

2018-12-13 01:30:00 - [MESSAGE][PASSED] - Delayed 2 second(s)

2018-12-13 01:30:00 - [TEST_STEP][PASSED] - callTestCase: Call Test Case 'Test Cases/Final Aug 2018 - PKS Automation/Registration Module/New Registration/Form 2/Date Updater' successfully

2018-12-13 01:30:00 - [TEST_CASE][PASSED] - Test Cases/Final Aug 2018 - PKS Automation/Registration Module/New Registration/Form 2/Date Updater: Test Cases/Final Aug 2018 - PKS Automation/Registration Module/New Registration/Form 2/Date Updater

2018-12-13 01:30:00 - [TEST_STEP][PASSED] - Statement - TodayDate = new java.util.Date(): null

2018-12-13 01:30:00 - [TEST_STEP][PASSED] - Statement - CurrentDateNoFilter = new java.text.SimpleDateFormat(): null

2018-12-13 01:30:00 - [TEST_STEP][PASSED] - Statement - CurrentDateNoFilter.applyPattern("MM"): null

2018-12-13 01:30:00 - [TEST_STEP][PASSED] - Statement - monthContainerMatcher = java.lang.Integer.parseInt(CurrentDateNoFilter.format(TodayDate)): null

2018-12-13 01:30:00 - [TEST_STEP][PASSED] - Statement - monthContainerMatcher = monthContainerMatcher - 1: null

2018-12-13 01:30:00 - [TEST_STEP][PASSED] - Statement - CurrentMonth = monthContainerMatcher.toString(): null

2018-12-13 01:30:00 - [TEST_STEP][PASSED] - Statement - CurrentMonth = CurrentMonth: null

2018-12-13 01:30:00 - [TEST_STEP][PASSED] - Statement - CurrentDateNoFilter.applyPattern("yyyy"): null

2018-12-13 01:30:00 - [TEST_STEP][PASSED] - Statement - CurrentYear = CurrentDateNoFilter.format(TodayDate): null

2018-12-13 01:30:00 - [TEST_STEP][PASSED] - Statement - CurrentYear = CurrentYear: null

2018-12-13 01:30:00 - [TEST_STEP][PASSED] - Statement - intCurrentYear = java.lang.Integer.parseInt(CurrentDateNoFilter.format(TodayDate)): null

2018-12-13 01:30:00 - [TEST_STEP][PASSED] - Statement - eighteenYrsAgo = intCurrentYear - 18: null

2018-12-13 01:30:00 - [TEST_STEP][PASSED] - Statement - eighteenYrsBeforeThisYr = eighteenYrsAgo.toString(): null

2018-12-13 01:30:00 - [TEST_STEP][PASSED] - Statement - EighteenYrsBefore = eighteenYrsBeforeThisYr: null

2018-12-13 01:30:00 - [TEST_STEP][PASSED] - Statement - fiftysevenYrsAgo = intCurrentYear - 57: null

2018-12-13 01:30:00 - [TEST_STEP][PASSED] - Statement - fiftysevenYrsBeforeThisYr = fiftysevenYrsAgo.toString(): null

2018-12-13 01:30:00 - [TEST_STEP][PASSED] - Statement - FiftysevenYrsBefore = fiftysevenYrsBeforeThisYr: null

2018-12-13 01:30:00 - [TEST_STEP][PASSED] - Statement - leapYear = false: null

2018-12-13 01:30:00 - [TEST_STEP][PASSED] - Statement - leapYear = intCurrentYear % 4 == 0: null

2018-12-13 01:30:00 - [TEST_STEP][PASSED] - Statement - CurrentDateNoFilter.applyPattern("dd"): null

2018-12-13 01:30:00 - [TEST_STEP][PASSED] - Statement - CurrentDate = CurrentDateNoFilter.format(TodayDate): null

2018-12-13 01:30:00 - [TEST_STEP][PASSED] - Statement - CurrentDate = java.lang.Integer.parseInt(CurrentDate): null

2018-12-13 01:30:00 - [TEST_STEP][PASSED] - Statement - CurrentDate = CurrentDate: null

2018-12-13 01:30:00 - [TEST_STEP][PASSED] - Statement - CurrentDay = java.lang.Integer.parseInt(CurrentDate): null

2018-12-13 01:30:00 - [TEST_STEP][PASSED] - Statement - ConfAdder = <not implemented yet for class: org.codehaus.groovy.ast.expr.EmptyExpression>: null

2018-12-13 01:30:00 - [TEST_STEP][PASSED] - Statement - out.println(CurrentMonth): null

2018-12-13 01:30:00 - [TEST_STEP][PASSED] - Statement - out.println(CurrentDate): null

2018-12-13 01:30:00 - [TEST_STEP][PASSED] - Statement - switch (CurrentDate): null

2018-12-13 01:30:00 - [TEST_STEP][PASSED] - Statement - Default: null

2018-12-13 01:30:00 - [TEST_STEP][PASSED] - Statement - ConfAdder = true: null

2018-12-13 01:30:00 - [TEST_STEP][PASSED] - Statement - Break: null

2018-12-13 01:30:00 - [TEST_STEP][PASSED] - Statement - aDayBefore = <not implemented yet for class: org.codehaus.groovy.ast.expr.EmptyExpression>: null

2018-12-13 01:30:00 - [TEST_STEP][PASSED] - Statement - out.println(ConfAdder): null

2018-12-13 01:30:00 - [TEST_STEP][PASSED] - Statement - If (ConfAdder == true): null

2018-12-13 01:30:00 - [TEST_STEP][PASSED] - Statement - aDayBefore = CurrentDay + 1: null

2018-12-13 01:30:00 - [TEST_STEP][PASSED] - Statement - out.println(aDayBefore): null

2018-12-13 01:30:00 - [TEST_STEP][PASSED] - Statement - If (aDayBefore == 1 && CurrentMonth == 11): null

2018-12-13 01:30:00 - [TEST_STEP][PASSED] - Statement - DayBefore = aDayBefore.toString(): null

2018-12-13 01:30:00 - [TEST_STEP][PASSED] - Statement - OneDayBefore = DayBefore: null

2018-12-13 01:30:00 - [MESSAGE][PASSED] - Call Test Case 'Test Cases/Final Aug 2018 - PKS Automation/Registration Module/New Registration/Form 2/Date Updater' successfully

2018-12-13 01:30:00 - [TEST_STEP][PASSED] - Statement - CaseReferenceNo = com.kms.katalon.core.webui.keyword.WebUiBuiltInKeywords.getText(com.kms.katalon.core.testobject.ObjectRepository.findTestObject(Final Object Repo/New Registration - Registration Module Pages/Form 2/RefNo Acquiring)): Text of object 'Object Repository/Final Object Repo/New Registration - Registration Module Pages/Form 2/RefNo Acquiring' is: 'CRN12201800123258'

2018-12-13 01:30:00 - [MESSAGE][PASSED] - Text of object 'Object Repository/Final Object Repo/New Registration - Registration Module Pages/Form 2/RefNo Acquiring' is: 'CRN12201800123258'

2018-12-13 01:30:00 - [TEST_STEP][PASSED] - delay: Delayed 4 second(s)

2018-12-13 01:30:04 - [MESSAGE][PASSED] - Delayed 4 second(s)

2018-12-13 01:30:04 - [TEST_STEP][PASSED] - click: Object: 'Object Repository/Final Object Repo/New Registration - Registration Module Pages/Form 2/Add Employee Button' is clicked on

2018-12-13 01:30:04 - [MESSAGE][PASSED] - Object: 'Object Repository/Final Object Repo/New Registration - Registration Module Pages/Form 2/Add Employee Button' is clicked on

2018-12-13 01:30:04 - [TEST_STEP][PASSED] - delay: Delayed 1 second(s)

2018-12-13 01:30:05 - [MESSAGE][PASSED] - Delayed 1 second(s)

2018-12-13 01:30:05 - [TEST_STEP][PASSED] - setText: Text '010903091984' is set on object 'Object Repository/Final Object Repo/New Registration - Registration Module Pages/Form 2/NRIC Input'

2018-12-13 01:30:05 - [MESSAGE][PASSED] - Text '010903091984' is set on object 'Object Repository/Final Object Repo/New Registration - Registration Module Pages/Form 2/NRIC Input'

2018-12-13 01:30:05 - [TEST_STEP][PASSED] - click: Object: 'Object Repository/Final Object Repo/New Registration - Registration Module Pages/Form 2/button for search for IC' is clicked on

2018-12-13 01:30:06 - [MESSAGE][PASSED] - Object: 'Object Repository/Final Object Repo/New Registration - Registration Module Pages/Form 2/button for search for IC' is clicked on

2018-12-13 01:30:06 - [TEST_STEP][PASSED] - delay: Delayed 2 second(s)

2018-12-13 01:30:08 - [MESSAGE][PASSED] - Delayed 2 second(s)

2018-12-13 01:30:08 - [TEST_STEP][PASSED] - setText: Text 'Automate001 eligible 1' is set on object 'Object Repository/Final Object Repo/New Registration - Registration Module Pages/Form 2/Employee Name Input'

2018-12-13 01:30:08 - [MESSAGE][PASSED] - Text 'Automate001 eligible 1' is set on object 'Object Repository/Final Object Repo/New Registration - Registration Module Pages/Form 2/Employee Name Input'

2018-12-13 01:30:08 - [TEST_STEP][PASSED] - delay: Delayed 2 second(s)

2018-12-13 01:30:10 - [MESSAGE][PASSED] - Delayed 2 second(s)

2018-12-13 01:30:10 - [TEST_STEP][PASSED] - click: Object: 'Object Repository/Final Object Repo/New Registration - Registration Module Pages/Form 2/DatePicker Pop Up' is clicked on

2018-12-13 01:30:10 - [MESSAGE][PASSED] - Object: 'Object Repository/Final Object Repo/New Registration - Registration Module Pages/Form 2/DatePicker Pop Up' is clicked on

2018-12-13 01:30:10 - [TEST_STEP][PASSED] - click: Object: 'Object Repository/Final Object Repo/New Registration - Registration Module Pages/Form 2/DOB Month' is clicked on

2018-12-13 01:30:10 - [MESSAGE][PASSED] - Object: 'Object Repository/Final Object Repo/New Registration - Registration Module Pages/Form 2/DOB Month' is clicked on

2018-12-13 01:30:10 - [TEST_STEP][PASSED] - Statement - CurrentMonth = CurrentMonth: null

2018-12-13 01:30:10 - [TEST_STEP][PASSED] - Statement - selectMonth = new com.kms.katalon.core.testobject.TestObject(): null

2018-12-13 01:30:10 - [TEST_STEP][PASSED] - Statement - selectMonth.addProperty("xpath", EQUALS, "//body/div/div/div/select/option[@value='" + CurrentMonth + "']", true): null

2018-12-13 01:30:10 - [TEST_STEP][PASSED] - click: Object: '' is clicked on

2018-12-13 01:30:11 - [MESSAGE][PASSED] - Object: '' is clicked on

2018-12-13 01:30:11 - [TEST_STEP][PASSED] - click: Object: 'Object Repository/Final Object Repo/New Registration - Registration Module Pages/Form 2/DOB Year' is clicked on

2018-12-13 01:30:11 - [MESSAGE][PASSED] - Object: 'Object Repository/Final Object Repo/New Registration - Registration Module Pages/Form 2/DOB Year' is clicked on

2018-12-13 01:30:11 - [TEST_STEP][PASSED] - Statement - Eyearsbf = EighteenYrsBefore: null

2018-12-13 01:30:11 - [TEST_STEP][PASSED] - Statement - selectYear = new com.kms.katalon.core.testobject.TestObject(): null

2018-12-13 01:30:11 - [TEST_STEP][PASSED] - Statement - selectYear.addProperty("xpath", EQUALS, "//div/div/div/select/option[@value='" + Eyearsbf + "']", true): null

2018-12-13 01:30:11 - [TEST_STEP][PASSED] - click: Object: '' is clicked on

2018-12-13 01:30:11 - [MESSAGE][PASSED] - Object: '' is clicked on

2018-12-13 01:30:11 - [TEST_STEP][PASSED] - Statement - UpdatedSelectDate = com.kms.katalon.core.webui.keyword.WebUiBuiltInKeywords.modifyObjectProperty(com.kms.katalon.core.testobject.ObjectRepository.findTestObject(Final Object Repo/New Registration - Registration Module Pages/Form 2/DOB Date), "xpath", "equals", "//body/div/table/tbody/tr/td/a[text()="" + CurrentDate + ""]", true): Modify property of object successfully

2018-12-13 01:30:11 - [MESSAGE][PASSED] - Modify property of object successfully

2018-12-13 01:30:11 - [TEST_STEP][PASSED] - delay: Delayed 3 second(s)

2018-12-13 01:30:14 - [MESSAGE][PASSED] - Delayed 3 second(s)

2018-12-13 01:30:14 - [TEST_STEP][PASSED] - click: Object: 'Object Repository/Final Object Repo/New Registration - Registration Module Pages/Form 2/DOB Date' is clicked on

2018-12-13 01:30:14 - [MESSAGE][PASSED] - Object: 'Object Repository/Final Object Repo/New Registration - Registration Module Pages/Form 2/DOB Date' is clicked on

2018-12-13 01:30:14 - [TEST_STEP][PASSED] - delay: Delayed 2 second(s)

2018-12-13 01:30:16 - [MESSAGE][PASSED] - Delayed 2 second(s)

2018-12-13 01:30:16 - [TEST_STEP][PASSED] - click: Object: 'Object Repository/Final Object Repo/New Registration - Registration Module Pages/Form 2/EmploymentStartDate Pop Up' is clicked on

2018-12-13 01:30:16 - [MESSAGE][PASSED] - Object: 'Object Repository/Final Object Repo/New Registration - Registration Module Pages/Form 2/EmploymentStartDate Pop Up' is clicked on

2018-12-13 01:30:16 - [TEST_STEP][PASSED] - delay: Delayed 2 second(s)

2018-12-13 01:30:18 - [MESSAGE][PASSED] - Delayed 2 second(s)

2018-12-13 01:30:18 - [TEST_STEP][PASSED] - click: Object: 'Object Repository/Final Object Repo/New Registration - Registration Module Pages/Form 2/Socso Employment StartDate Month' is clicked on

2018-12-13 01:30:18 - [MESSAGE][PASSED] - Object: 'Object Repository/Final Object Repo/New Registration - Registration Module Pages/Form 2/Socso Employment StartDate Month' is clicked on

2018-12-13 01:30:18 - [TEST_STEP][PASSED] - delay: Delayed 1 second(s)

2018-12-13 01:30:19 - [MESSAGE][PASSED] - Delayed 1 second(s)

2018-12-13 01:30:19 - [TEST_STEP][PASSED] - click: Object: 'Object Repository/Final Object Repo/New Registration - Registration Module Pages/Form 2/Select Socso Employement Startdate Month' is clicked on

2018-12-13 01:30:20 - [MESSAGE][PASSED] - Object: 'Object Repository/Final Object Repo/New Registration - Registration Module Pages/Form 2/Select Socso Employement Startdate Month' is clicked on

2018-12-13 01:30:20 - [TEST_STEP][PASSED] - delay: Delayed 2 second(s)

2018-12-13 01:30:22 - [MESSAGE][PASSED] - Delayed 2 second(s)

2018-12-13 01:30:22 - [TEST_STEP][PASSED] - click: Object: 'Object Repository/Final Object Repo/New Registration - Registration Module Pages/Form 2/Socso Employment StartDate Year' is clicked on

2018-12-13 01:30:22 - [MESSAGE][PASSED] - Object: 'Object Repository/Final Object Repo/New Registration - Registration Module Pages/Form 2/Socso Employment StartDate Year' is clicked on

2018-12-13 01:30:22 - [TEST_STEP][PASSED] - delay: Delayed 1 second(s)

2018-12-13 01:30:23 - [MESSAGE][PASSED] - Delayed 1 second(s)

2018-12-13 01:30:23 - [TEST_STEP][PASSED] - click: Object: 'Object Repository/Final Object Repo/New Registration - Registration Module Pages/Form 2/Select Socso Employment Startdate Year' is clicked on

2018-12-13 01:30:23 - [MESSAGE][PASSED] - Object: 'Object Repository/Final Object Repo/New Registration - Registration Module Pages/Form 2/Select Socso Employment Startdate Year' is clicked on

2018-12-13 01:30:23 - [TEST_STEP][PASSED] - delay: Delayed 2 second(s)

2018-12-13 01:30:25 - [MESSAGE][PASSED] - Delayed 2 second(s)

2018-12-13 01:30:25 - [TEST_STEP][PASSED] - click: Object: 'Object Repository/Final Object Repo/New Registration - Registration Module Pages/Form 2/Socso Employment Start Date Day' is clicked on

2018-12-13 01:30:25 - [MESSAGE][PASSED] - Object: 'Object Repository/Final Object Repo/New Registration - Registration Module Pages/Form 2/Socso Employment Start Date Day' is clicked on

2018-12-13 01:30:25 - [TEST_STEP][PASSED] - delay: Delayed 2 second(s)

2018-12-13 01:30:27 - [MESSAGE][PASSED] - Delayed 2 second(s)

2018-12-13 01:30:27 - [TEST_STEP][PASSED] - click: Object: 'Object Repository/Final Object Repo/New Registration - Registration Module Pages/Form 2/Save Button for Add Employee' is clicked on

2018-12-13 01:30:27 - [MESSAGE][PASSED] - Object: 'Object Repository/Final Object Repo/New Registration - Registration Module Pages/Form 2/Save Button for Add Employee' is clicked on

2018-12-13 01:30:27 - [TEST_STEP][PASSED] - delay: Delayed 6 second(s)

2018-12-13 01:30:33 - [MESSAGE][PASSED] - Delayed 6 second(s)

2018-12-13 01:30:33 - [TEST_STEP][PASSED] - click: Object: 'Object Repository/Final Object Repo/New Registration - Registration Module Pages/Form 2/Incomplete Checkbox' is clicked on

2018-12-13 01:30:33 - [MESSAGE][PASSED] - Object: 'Object Repository/Final Object Repo/New Registration - Registration Module Pages/Form 2/Incomplete Checkbox' is clicked on

2018-12-13 01:30:33 - [TEST_STEP][PASSED] - delay: Delayed 2 second(s)

2018-12-13 01:30:35 - [MESSAGE][PASSED] - Delayed 2 second(s)

2018-12-13 01:30:35 - [TEST_STEP][PASSED] - click: Object: 'Object Repository/Final Object Repo/New Registration - Registration Module Pages/Form 2/Save and Continue Form 2' is clicked on

2018-12-13 01:30:36 - [MESSAGE][PASSED] - Object: 'Object Repository/Final Object Repo/New Registration - Registration Module Pages/Form 2/Save and Continue Form 2' is clicked on

2018-12-13 01:30:36 - [MESSAGE][PASSED] - Call Test Case 'Test Cases/Final Aug 2018 - PKS Automation/Registration Module/New Registration/Form 2/Add 1 Eligible - Incomplete' successfully

2018-12-13 01:30:36 - [TEST_STEP][PASSED] - delay: Delayed 4 second(s)

2018-12-13 01:30:40 - [MESSAGE][PASSED] - Delayed 4 second(s)

2018-12-13 01:30:40 - [TEST_STEP][PASSED] - callTestCase: Call Test Case 'Test Cases/Final Aug 2018 - PKS Automation/Registration Module/New Registration/Flow of New Registration/Third Screen - Upload Supporting Doc - Preview' successfully

2018-12-13 01:30:40 - [TEST_CASE][PASSED] - Test Cases/Final Aug 2018 - PKS Automation/Registration Module/New Registration/Flow of New Registration/Third Screen - Upload Supporting Doc - Preview: Test Cases/Final Aug 2018 - PKS Automation/Registration Module/New Registration/Flow of New Registration/Third Screen - Upload Supporting Doc - Preview

2018-12-13 01:30:40 - [TEST_STEP][PASSED] - waitForPageLoad: Wait for page load successfully

2018-12-13 01:30:40 - [MESSAGE][PASSED] - Wait for page load successfully

2018-12-13 01:30:40 - [TEST_STEP][PASSED] - Statement - CaseReferenceNo = com.kms.katalon.core.webui.keyword.WebUiBuiltInKeywords.getText(com.kms.katalon.core.testobject.ObjectRepository.findTestObject(Final Object Repo/New Registration - Registration Module Pages/Third Screen - Upload Supporting Doc- Preview/RefNo Acquiring)): Text of object 'Object Repository/Final Object Repo/New Registration - Registration Module Pages/Third Screen - Upload Supporting Doc- Preview/RefNo Acquiring' is: 'CRN12201800123258'

2018-12-13 01:30:40 - [MESSAGE][PASSED] - Text of object 'Object Repository/Final Object Repo/New Registration - Registration Module Pages/Third Screen - Upload Supporting Doc- Preview/RefNo Acquiring' is: 'CRN12201800123258'

2018-12-13 01:30:40 - [TEST_STEP][PASSED] - delay: Delayed 2 second(s)

2018-12-13 01:30:42 - [MESSAGE][PASSED] - Delayed 2 second(s)

2018-12-13 01:30:42 - [TEST_STEP][PASSED] - callTestCase: Call Test Case 'Test Cases/Final Aug 2018 - PKS Automation/Common/Reference Number Setter' successfully

2018-12-13 01:30:42 - [TEST_CASE][PASSED] - Test Cases/Final Aug 2018 - PKS Automation/Common/Reference Number Setter: Test Cases/Final Aug 2018 - PKS Automation/Common/Reference Number Setter

2018-12-13 01:30:42 - [TEST_STEP][PASSED] - Statement - RefNoOldFile = new java.io.File(C://Users//Admin//Desktop//PKS//Automation Reference Point//KatalonReference.txt): null

2018-12-13 01:30:42 - [TEST_STEP][PASSED] - Statement - RefNoOldFile.delete(): null

2018-12-13 01:30:42 - [TEST_STEP][PASSED] - delay: Delayed 5 second(s)

2018-12-13 01:30:47 - [MESSAGE][PASSED] - Delayed 5 second(s)

2018-12-13 01:30:47 - [TEST_STEP][PASSED] - Statement - RefNo = new java.io.File(C://Users//Admin//Desktop//PKS//Automation Reference Point//KatalonReference.txt): null

2018-12-13 01:30:47 - [TEST_STEP][PASSED] - Statement - f2 = new java.io.FileWriter(RefNo, false): null

2018-12-13 01:30:47 - [TEST_STEP][PASSED] - Statement - f2.write(CaseReferenceNo): null

2018-12-13 01:30:47 - [TEST_STEP][PASSED] - Statement - f2.close(): null

2018-12-13 01:30:47 - [TEST_STEP][PASSED] - Statement - out.println("


" + CaseReferenceNo + "


"): null

2018-12-13 01:30:47 - [MESSAGE][PASSED] - Call Test Case 'Test Cases/Final Aug 2018 - PKS Automation/Common/Reference Number Setter' successfully

2018-12-13 01:30:47 - [TEST_STEP][PASSED] - waitForElementClickable: Object 'Object Repository/Final Object Repo/New Registration - Registration Module Pages/Third Screen - Upload Supporting Doc- Preview/Save n Continue in SIP Employee Listing Page' is clickable

2018-12-13 01:30:47 - [MESSAGE][PASSED] - Object 'Object Repository/Final Object Repo/New Registration - Registration Module Pages/Third Screen - Upload Supporting Doc- Preview/Save n Continue in SIP Employee Listing Page' is clickable

2018-12-13 01:30:47 - [TEST_STEP][PASSED] - click: Object: 'Object Repository/Final Object Repo/New Registration - Registration Module Pages/Third Screen - Upload Supporting Doc- Preview/Save n Continue in SIP Employee Listing Page' is clicked on

2018-12-13 01:30:52 - [MESSAGE][PASSED] - Object: 'Object Repository/Final Object Repo/New Registration - Registration Module Pages/Third Screen - Upload Supporting Doc- Preview/Save n Continue in SIP Employee Listing Page' is clicked on

2018-12-13 01:30:52 - [TEST_STEP][PASSED] - delay: Delayed 7 second(s)

2018-12-13 01:30:59 - [MESSAGE][PASSED] - Delayed 7 second(s)

2018-12-13 01:30:59 - [TEST_STEP][PASSED] - click: Object: 'Object Repository/Final Object Repo/New Registration - Registration Module Pages/Third Screen - Upload Supporting Doc- Preview/Add Document Button' is clicked on

2018-12-13 01:30:59 - [MESSAGE][PASSED] - Object: 'Object Repository/Final Object Repo/New Registration - Registration Module Pages/Third Screen - Upload Supporting Doc- Preview/Add Document Button' is clicked on

2018-12-13 01:30:59 - [TEST_STEP][PASSED] - delay: Delayed 30 second(s)

2018-12-13 01:31:29 - [MESSAGE][PASSED] - Delayed 30 second(s)

2018-12-13 01:31:29 - [TEST_STEP][PASSED] - click: Object: 'Object Repository/Final Object Repo/New Registration - Registration Module Pages/Third Screen - Upload Supporting Doc- Preview/Supporting Doc Please Select Drop Down' is clicked on

2018-12-13 01:31:30 - [MESSAGE][PASSED] - Object: 'Object Repository/Final Object Repo/New Registration - Registration Module Pages/Third Screen - Upload Supporting Doc- Preview/Supporting Doc Please Select Drop Down' is clicked on

2018-12-13 01:31:30 - [TEST_STEP][PASSED] - delay: Delayed 2 second(s)

2018-12-13 01:31:32 - [MESSAGE][PASSED] - Delayed 2 second(s)

2018-12-13 01:31:32 - [TEST_STEP][PASSED] - click: Object: 'Object Repository/Final Object Repo/New Registration - Registration Module Pages/Third Screen - Upload Supporting Doc- Preview/Select to Upload Form 1' is clicked on

2018-12-13 01:31:32 - [MESSAGE][PASSED] - Object: 'Object Repository/Final Object Repo/New Registration - Registration Module Pages/Third Screen - Upload Supporting Doc- Preview/Select to Upload Form 1' is clicked on

2018-12-13 01:31:32 - [TEST_STEP][PASSED] - delay: Delayed 2 second(s)

2018-12-13 01:31:34 - [MESSAGE][PASSED] - Delayed 2 second(s)

2018-12-13 01:31:34 - [TEST_STEP][PASSED] - uploadFile: File 'C:\Users\Public\Pictures\Sample Pictures\Koala.jpg' sent to object: 'Object Repository/Final Object Repo/New Registration - Registration Module Pages/Third Screen - Upload Supporting Doc- Preview/Upload File Adding'

2018-12-13 01:31:34 - [MESSAGE][PASSED] - File 'C:\Users\Public\Pictures\Sample Pictures\Koala.jpg' sent to object: 'Object Repository/Final Object Repo/New Registration - Registration Module Pages/Third Screen - Upload Supporting Doc- Preview/Upload File Adding'

2018-12-13 01:31:34 - [TEST_STEP][PASSED] - delay: Delayed 5 second(s)

2018-12-13 01:31:39 - [MESSAGE][PASSED] - Delayed 5 second(s)

2018-12-13 01:31:39 - [TEST_STEP][PASSED] - click: Object: 'Object Repository/Final Object Repo/New Registration - Registration Module Pages/Third Screen - Upload Supporting Doc- Preview/Inner Form Add Document Button' is clicked on

2018-12-13 01:31:39 - [MESSAGE][PASSED] - Object: 'Object Repository/Final Object Repo/New Registration - Registration Module Pages/Third Screen - Upload Supporting Doc- Preview/Inner Form Add Document Button' is clicked on

2018-12-13 01:31:39 - [TEST_STEP][PASSED] - delay: Delayed 3 second(s)

2018-12-13 01:31:42 - [MESSAGE][PASSED] - Delayed 3 second(s)

2018-12-13 01:31:42 - [TEST_STEP][PASSED] - click: Object: 'Object Repository/Final Object Repo/New Registration - Registration Module Pages/Third Screen - Upload Supporting Doc- Preview/Add Document Button' is clicked on

2018-12-13 01:31:43 - [MESSAGE][PASSED] - Object: 'Object Repository/Final Object Repo/New Registration - Registration Module Pages/Third Screen - Upload Supporting Doc- Preview/Add Document Button' is clicked on

2018-12-13 01:31:43 - [TEST_STEP][PASSED] - delay: Delayed 30 second(s)

2018-12-13 01:32:13 - [MESSAGE][PASSED] - Delayed 30 second(s)

2018-12-13 01:32:13 - [TEST_STEP][PASSED] - click: Object: 'Object Repository/Final Object Repo/New Registration - Registration Module Pages/Third Screen - Upload Supporting Doc- Preview/Supporting Doc Please Select Drop Down' is clicked on

2018-12-13 01:32:14 - [MESSAGE][PASSED] - Object: 'Object Repository/Final Object Repo/New Registration - Registration Module Pages/Third Screen - Upload Supporting Doc- Preview/Supporting Doc Please Select Drop Down' is clicked on

2018-12-13 01:32:14 - [TEST_STEP][PASSED] - delay: Delayed 4 second(s)

2018-12-13 01:32:18 - [MESSAGE][PASSED] - Delayed 4 second(s)

2018-12-13 01:32:18 - [TEST_STEP][PASSED] - click: Object: 'Object Repository/Final Object Repo/New Registration - Registration Module Pages/Third Screen - Upload Supporting Doc- Preview/Select to Upload Form 2' is clicked on

2018-12-13 01:32:18 - [MESSAGE][PASSED] - Object: 'Object Repository/Final Object Repo/New Registration - Registration Module Pages/Third Screen - Upload Supporting Doc- Preview/Select to Upload Form 2' is clicked on

2018-12-13 01:32:18 - [TEST_STEP][PASSED] - delay: Delayed 2 second(s)

2018-12-13 01:32:20 - [MESSAGE][PASSED] - Delayed 2 second(s)

2018-12-13 01:32:20 - [TEST_STEP][PASSED] - uploadFile: File 'C:\Users\Public\Pictures\Sample Pictures\Koala.jpg' sent to object: 'Object Repository/Final Object Repo/New Registration - Registration Module Pages/Third Screen - Upload Supporting Doc- Preview/Upload File Adding'

2018-12-13 01:32:20 - [MESSAGE][PASSED] - File 'C:\Users\Public\Pictures\Sample Pictures\Koala.jpg' sent to object: 'Object Repository/Final Object Repo/New Registration - Registration Module Pages/Third Screen - Upload Supporting Doc- Preview/Upload File Adding'

2018-12-13 01:32:20 - [TEST_STEP][PASSED] - click: Object: 'Object Repository/Final Object Repo/New Registration - Registration Module Pages/Third Screen - Upload Supporting Doc- Preview/Inner Form Add Document Button' is clicked on

2018-12-13 01:32:20 - [MESSAGE][PASSED] - Object: 'Object Repository/Final Object Repo/New Registration - Registration Module Pages/Third Screen - Upload Supporting Doc- Preview/Inner Form Add Document Button' is clicked on

2018-12-13 01:32:20 - [TEST_STEP][PASSED] - delay: Delayed 5 second(s)

2018-12-13 01:32:25 - [MESSAGE][PASSED] - Delayed 5 second(s)

2018-12-13 01:32:25 - [TEST_STEP][PASSED] - click: Object: 'Object Repository/Final Object Repo/New Registration - Registration Module Pages/Third Screen - Upload Supporting Doc- Preview/Add Document Button' is clicked on

2018-12-13 01:32:25 - [MESSAGE][PASSED] - Object: 'Object Repository/Final Object Repo/New Registration - Registration Module Pages/Third Screen - Upload Supporting Doc- Preview/Add Document Button' is clicked on

2018-12-13 01:32:25 - [TEST_STEP][PASSED] - delay: Delayed 30 second(s)

2018-12-13 01:32:55 - [MESSAGE][PASSED] - Delayed 30 second(s)

2018-12-13 01:32:55 - [TEST_STEP][PASSED] - click: Object: 'Object Repository/Final Object Repo/New Registration - Registration Module Pages/Third Screen - Upload Supporting Doc- Preview/Supporting Doc Please Select Drop Down' is clicked on

2018-12-13 01:32:55 - [MESSAGE][PASSED] - Object: 'Object Repository/Final Object Repo/New Registration - Registration Module Pages/Third Screen - Upload Supporting Doc- Preview/Supporting Doc Please Select Drop Down' is clicked on

2018-12-13 01:32:55 - [TEST_STEP][PASSED] - click: Object: 'Object Repository/Final Object Repo/New Registration - Registration Module Pages/Third Screen - Upload Supporting Doc- Preview/Select to Upload Borang SIP 1' is clicked on

2018-12-13 01:32:56 - [MESSAGE][PASSED] - Object: 'Object Repository/Final Object Repo/New Registration - Registration Module Pages/Third Screen - Upload Supporting Doc- Preview/Select to Upload Borang SIP 1' is clicked on

2018-12-13 01:32:56 - [TEST_STEP][PASSED] - delay: Delayed 2 second(s)

2018-12-13 01:32:58 - [MESSAGE][PASSED] - Delayed 2 second(s)

2018-12-13 01:32:58 - [TEST_STEP][PASSED] - uploadFile: File 'C:\Users\Public\Pictures\Sample Pictures\Koala.jpg' sent to object: 'Object Repository/Final Object Repo/New Registration - Registration Module Pages/Third Screen - Upload Supporting Doc- Preview/Upload File Adding'

2018-12-13 01:32:58 - [MESSAGE][PASSED] - File 'C:\Users\Public\Pictures\Sample Pictures\Koala.jpg' sent to object: 'Object Repository/Final Object Repo/New Registration - Registration Module Pages/Third Screen - Upload Supporting Doc- Preview/Upload File Adding'

2018-12-13 01:32:58 - [TEST_STEP][PASSED] - click: Object: 'Object Repository/Final Object Repo/New Registration - Registration Module Pages/Third Screen - Upload Supporting Doc- Preview/Inner Form Add Document Button' is clicked on

2018-12-13 01:32:58 - [MESSAGE][PASSED] - Object: 'Object Repository/Final Object Repo/New Registration - Registration Module Pages/Third Screen - Upload Supporting Doc- Preview/Inner Form Add Document Button' is clicked on

2018-12-13 01:32:58 - [TEST_STEP][PASSED] - delay: Delayed 5 second(s)

2018-12-13 01:33:03 - [MESSAGE][PASSED] - Delayed 5 second(s)

2018-12-13 01:33:03 - [TEST_STEP][PASSED] - click: Object: 'Object Repository/Final Object Repo/New Registration - Registration Module Pages/Third Screen - Upload Supporting Doc- Preview/Add Document Button' is clicked on

2018-12-13 01:33:03 - [MESSAGE][PASSED] - Object: 'Object Repository/Final Object Repo/New Registration - Registration Module Pages/Third Screen - Upload Supporting Doc- Preview/Add Document Button' is clicked on

2018-12-13 01:33:03 - [TEST_STEP][PASSED] - delay: Delayed 30 second(s)

2018-12-13 01:33:33 - [MESSAGE][PASSED] - Delayed 30 second(s)

2018-12-13 01:33:33 - [TEST_STEP][PASSED] - click: Object: 'Object Repository/Final Object Repo/New Registration - Registration Module Pages/Third Screen - Upload Supporting Doc- Preview/Supporting Doc Please Select Drop Down' is clicked on

2018-12-13 01:33:33 - [MESSAGE][PASSED] - Object: 'Object Repository/Final Object Repo/New Registration - Registration Module Pages/Third Screen - Upload Supporting Doc- Preview/Supporting Doc Please Select Drop Down' is clicked on

2018-12-13 01:33:33 - [TEST_STEP][PASSED] - delay: Delayed 3 second(s)

2018-12-13 01:33:36 - [MESSAGE][PASSED] - Delayed 3 second(s)

2018-12-13 01:33:36 - [TEST_STEP][PASSED] - click: Object: 'Object Repository/Final Object Repo/New Registration - Registration Module Pages/Third Screen - Upload Supporting Doc- Preview/Select to Upload Borang SIP 2' is clicked on

2018-12-13 01:33:36 - [MESSAGE][PASSED] - Object: 'Object Repository/Final Object Repo/New Registration - Registration Module Pages/Third Screen - Upload Supporting Doc- Preview/Select to Upload Borang SIP 2' is clicked on

2018-12-13 01:33:36 - [TEST_STEP][PASSED] - delay: Delayed 2 second(s)

2018-12-13 01:33:38 - [MESSAGE][PASSED] - Delayed 2 second(s)

2018-12-13 01:33:38 - [TEST_STEP][PASSED] - uploadFile: File 'C:\Users\Public\Pictures\Sample Pictures\Koala.jpg' sent to object: 'Object Repository/Final Object Repo/New Registration - Registration Module Pages/Third Screen - Upload Supporting Doc- Preview/Upload File Adding'

2018-12-13 01:33:39 - [MESSAGE][PASSED] - File 'C:\Users\Public\Pictures\Sample Pictures\Koala.jpg' sent to object: 'Object Repository/Final Object Repo/New Registration - Registration Module Pages/Third Screen - Upload Supporting Doc- Preview/Upload File Adding'

2018-12-13 01:33:39 - [TEST_STEP][PASSED] - delay: Delayed 5 second(s)

2018-12-13 01:33:44 - [MESSAGE][PASSED] - Delayed 5 second(s)

2018-12-13 01:33:44 - [TEST_STEP][PASSED] - click: Object: 'Object Repository/Final Object Repo/New Registration - Registration Module Pages/Third Screen - Upload Supporting Doc- Preview/Inner Form Add Document Button' is clicked on

2018-12-13 01:33:44 - [MESSAGE][PASSED] - Object: 'Object Repository/Final Object Repo/New Registration - Registration Module Pages/Third Screen - Upload Supporting Doc- Preview/Inner Form Add Document Button' is clicked on

2018-12-13 01:33:44 - [TEST_STEP][PASSED] - delay: Delayed 3 second(s)

2018-12-13 01:33:47 - [MESSAGE][PASSED] - Delayed 3 second(s)

2018-12-13 01:33:47 - [TEST_STEP][PASSED] - waitForElementClickable: Object 'Object Repository/Final Object Repo/New Registration - Registration Module Pages/Third Screen - Upload Supporting Doc- Preview/Save n Continue in Uploading Supporting Doc Page' is clickable

2018-12-13 01:33:48 - [MESSAGE][PASSED] - Object 'Object Repository/Final Object Repo/New Registration - Registration Module Pages/Third Screen - Upload Supporting Doc- Preview/Save n Continue in Uploading Supporting Doc Page' is clickable

2018-12-13 01:33:48 - [TEST_STEP][PASSED] - click: Object: 'Object Repository/Final Object Repo/New Registration - Registration Module Pages/Third Screen - Upload Supporting Doc- Preview/Save n Continue in Uploading Supporting Doc Page' is clicked on

2018-12-13 01:33:48 - [MESSAGE][PASSED] - Object: 'Object Repository/Final Object Repo/New Registration - Registration Module Pages/Third Screen - Upload Supporting Doc- Preview/Save n Continue in Uploading Supporting Doc Page' is clicked on

2018-12-13 01:33:48 - [MESSAGE][PASSED] - Call Test Case 'Test Cases/Final Aug 2018 - PKS Automation/Registration Module/New Registration/Flow of New Registration/Third Screen - Upload Supporting Doc - Preview' successfully

2018-12-13 01:33:48 - [TEST_STEP][PASSED] - callTestCase: Call Test Case 'Test Cases/Final Aug 2018 - PKS Automation/Registration Module/New Registration/Submit and Screenshot/Submit Registration and Screenshot' successfully

2018-12-13 01:33:48 - [TEST_CASE][PASSED] - Test Cases/Final Aug 2018 - PKS Automation/Registration Module/New Registration/Submit and Screenshot/Submit Registration and Screenshot: Test Cases/Final Aug 2018 - PKS Automation/Registration Module/New Registration/Submit and Screenshot/Submit Registration and Screenshot

2018-12-13 01:33:48 - [TEST_STEP][PASSED] - delay: Delayed 6 second(s)

2018-12-13 01:33:54 - [MESSAGE][PASSED] - Delayed 6 second(s)

2018-12-13 01:33:54 - [TEST_STEP][PASSED] - click: Object: 'Object Repository/Final Object Repo/New Registration - Registration Module Pages/Third Screen - Upload Supporting Doc- Preview/Preview Submit Button' is clicked on

2018-12-13 01:33:54 - [MESSAGE][PASSED] - Object: 'Object Repository/Final Object Repo/New Registration - Registration Module Pages/Third Screen - Upload Supporting Doc- Preview/Preview Submit Button' is clicked on

2018-12-13 01:33:54 - [TEST_STEP][PASSED] - delay: Delayed 2 second(s)

2018-12-13 01:33:56 - [MESSAGE][PASSED] - Delayed 2 second(s)

2018-12-13 01:33:56 - [TEST_STEP][PASSED] - click: Object: 'Object Repository/Final Object Repo/New Registration - Registration Module Pages/Third Screen - Upload Supporting Doc- Preview/Preview Submit - Confirm' is clicked on

2018-12-13 01:33:56 - [MESSAGE][PASSED] - Object: 'Object Repository/Final Object Repo/New Registration - Registration Module Pages/Third Screen - Upload Supporting Doc- Preview/Preview Submit - Confirm' is clicked on

2018-12-13 01:33:56 - [TEST_STEP][PASSED] - delay: Delayed 15 second(s)

2018-12-13 01:34:11 - [MESSAGE][PASSED] - Delayed 15 second(s)

2018-12-13 01:34:11 - [TEST_STEP][PASSED] - Statement - driver = com.kms.katalon.core.webui.driver.DriverFactory.getWebDriver(): null

2018-12-13 01:34:11 - [TEST_STEP][PASSED] - Statement - driver.manage().timeouts().implicitlyWait(10, SECONDS): null

2018-12-13 01:34:11 - [TEST_STEP][PASSED] - Statement - PresavePath = KatalonScreenshots: null

2018-12-13 01:34:11 - [TEST_STEP][PASSED] - Statement - pathPrefix = "C:\Users\Public\Pictures\Sample Pictures\Katalon Screenshots\Automate Ending Screen": null

2018-12-13 01:34:11 - [TEST_STEP][PASSED] - Statement - finalPath = <not implemented yet for class: org.codehaus.groovy.ast.expr.EmptyExpression>: null

2018-12-13 01:34:11 - [TEST_STEP][PASSED] - Statement - scrFile = driver.getScreenshotAs(FILE): null

2018-12-13 01:34:12 - [TEST_STEP][PASSED] - Statement - PreSaveFile = new java.io.File(PresavePath): null

2018-12-13 01:34:12 - [TEST_STEP][PASSED] - Statement - counter = 0: null

2018-12-13 01:34:12 - [TEST_STEP][PASSED] - Statement - If (PreSaveFile.exists()): null

2018-12-13 01:34:12 - [TEST_STEP][PASSED] - Statement - While (PreSaveFile.exists()): null

2018-12-13 01:34:12 - [TEST_STEP][PASSED] - Statement - counter = counter + 1: null

2018-12-13 01:34:12 - [TEST_STEP][PASSED] - Statement - PreSaveFile = new java.io.File(((pathPrefix + java.lang.Integer.toString(counter)) + .png)): null

2018-12-13 01:34:12 - [TEST_STEP][PASSED] - Statement - counter = counter + 1: null

2018-12-13 01:34:12 - [TEST_STEP][PASSED] - Statement - PreSaveFile = new java.io.File(((pathPrefix + java.lang.Integer.toString(counter)) + .png)): null

2018-12-13 01:34:12 - [TEST_STEP][PASSED] - Statement - counter = counter + 1: null

2018-12-13 01:34:12 - [TEST_STEP][PASSED] - Statement - PreSaveFile = new java.io.File(((pathPrefix + java.lang.Integer.toString(counter)) + .png)): null

2018-12-13 01:34:12 - [TEST_STEP][PASSED] - Statement - counter = counter + 1: null

2018-12-13 01:34:12 - [TEST_STEP][PASSED] - Statement - PreSaveFile = new java.io.File(((pathPrefix + java.lang.Integer.toString(counter)) + .png)): null

2018-12-13 01:34:12 - [TEST_STEP][PASSED] - Statement - counter = counter + 1: null

2018-12-13 01:34:12 - [TEST_STEP][PASSED] - Statement - PreSaveFile = new java.io.File(((pathPrefix + java.lang.Integer.toString(counter)) + .png)): null

2018-12-13 01:34:12 - [TEST_STEP][PASSED] - Statement - counter = counter + 1: null

2018-12-13 01:34:12 - [TEST_STEP][PASSED] - Statement - PreSaveFile = new java.io.File(((pathPrefix + java.lang.Integer.toString(counter)) + .png)): null

2018-12-13 01:34:12 - [TEST_STEP][PASSED] - Statement - counter = counter + 1: null

2018-12-13 01:34:12 - [TEST_STEP][PASSED] - Statement - PreSaveFile = new java.io.File(((pathPrefix + java.lang.Integer.toString(counter)) + .png)): null

2018-12-13 01:34:12 - [TEST_STEP][PASSED] - Statement - counter = counter + 1: null

2018-12-13 01:34:12 - [TEST_STEP][PASSED] - Statement - PreSaveFile = new java.io.File(((pathPrefix + java.lang.Integer.toString(counter)) + .png)): null

2018-12-13 01:34:12 - [TEST_STEP][PASSED] - Statement - counter = counter + 1: null

2018-12-13 01:34:12 - [TEST_STEP][PASSED] - Statement - PreSaveFile = new java.io.File(((pathPrefix + java.lang.Integer.toString(counter)) + .png)): null

2018-12-13 01:34:12 - [TEST_STEP][PASSED] - Statement - counter = counter + 1: null

2018-12-13 01:34:12 - [TEST_STEP][PASSED] - Statement - PreSaveFile = new java.io.File(((pathPrefix + java.lang.Integer.toString(counter)) + .png)): null

2018-12-13 01:34:12 - [TEST_STEP][PASSED] - Statement - counter = counter + 1: null

2018-12-13 01:34:12 - [TEST_STEP][PASSED] - Statement - PreSaveFile = new java.io.File(((pathPrefix + java.lang.Integer.toString(counter)) + .png)): null

2018-12-13 01:34:12 - [TEST_STEP][PASSED] - Statement - counter = counter + 1: null

2018-12-13 01:34:12 - [TEST_STEP][PASSED] - Statement - PreSaveFile = new java.io.File(((pathPrefix + java.lang.Integer.toString(counter)) + .png)): null

2018-12-13 01:34:12 - [TEST_STEP][PASSED] - Statement - counter = counter + 1: null

2018-12-13 01:34:12 - [TEST_STEP][PASSED] - Statement - PreSaveFile = new java.io.File(((pathPrefix + java.lang.Integer.toString(counter)) + .png)): null

2018-12-13 01:34:12 - [TEST_STEP][PASSED] - Statement - counter = counter + 1: null

2018-12-13 01:34:12 - [TEST_STEP][PASSED] - Statement - PreSaveFile = new java.io.File(((pathPrefix + java.lang.Integer.toString(counter)) + .png)): null

2018-12-13 01:34:12 - [TEST_STEP][PASSED] - Statement - counter = counter + 1: null

2018-12-13 01:34:12 - [TEST_STEP][PASSED] - Statement - PreSaveFile = new java.io.File(((pathPrefix + java.lang.Integer.toString(counter)) + .png)): null

2018-12-13 01:34:12 - [TEST_STEP][PASSED] - Statement - counter = counter + 1: null

2018-12-13 01:34:12 - [TEST_STEP][PASSED] - Statement - PreSaveFile = new java.io.File(((pathPrefix + java.lang.Integer.toString(counter)) + .png)): null

2018-12-13 01:34:12 - [TEST_STEP][PASSED] - Statement - counter = counter + 1: null

2018-12-13 01:34:12 - [TEST_STEP][PASSED] - Statement - PreSaveFile = new java.io.File(((pathPrefix + java.lang.Integer.toString(counter)) + .png)): null

2018-12-13 01:34:12 - [TEST_STEP][PASSED] - Statement - counter = counter + 1: null

2018-12-13 01:34:12 - [TEST_STEP][PASSED] - Statement - PreSaveFile = new java.io.File(((pathPrefix + java.lang.Integer.toString(counter)) + .png)): null

2018-12-13 01:34:12 - [TEST_STEP][PASSED] - Statement - counter = counter + 1: null

2018-12-13 01:34:12 - [TEST_STEP][PASSED] - Statement - PreSaveFile = new java.io.File(((pathPrefix + java.lang.Integer.toString(counter)) + .png)): null

2018-12-13 01:34:12 - [TEST_STEP][PASSED] - Statement - counter = counter + 1: null

2018-12-13 01:34:12 - [TEST_STEP][PASSED] - Statement - PreSaveFile = new java.io.File(((pathPrefix + java.lang.Integer.toString(counter)) + .png)): null

2018-12-13 01:34:12 - [TEST_STEP][PASSED] - Statement - counter = counter + 1: null

2018-12-13 01:34:12 - [TEST_STEP][PASSED] - Statement - PreSaveFile = new java.io.File(((pathPrefix + java.lang.Integer.toString(counter)) + .png)): null

2018-12-13 01:34:12 - [TEST_STEP][PASSED] - Statement - counter = counter + 1: null

2018-12-13 01:34:12 - [TEST_STEP][PASSED] - Statement - PreSaveFile = new java.io.File(((pathPrefix + java.lang.Integer.toString(counter)) + .png)): null

2018-12-13 01:34:12 - [TEST_STEP][PASSED] - Statement - counter = counter + 1: null

2018-12-13 01:34:12 - [TEST_STEP][PASSED] - Statement - PreSaveFile = new java.io.File(((pathPrefix + java.lang.Integer.toString(counter)) + .png)): null

2018-12-13 01:34:12 - [TEST_STEP][PASSED] - Statement - counter = counter + 1: null

2018-12-13 01:34:12 - [TEST_STEP][PASSED] - Statement - PreSaveFile = new java.io.File(((pathPrefix + java.lang.Integer.toString(counter)) + .png)): null

2018-12-13 01:34:12 - [TEST_STEP][PASSED] - Statement - counter = counter + 1: null

2018-12-13 01:34:12 - [TEST_STEP][PASSED] - Statement - PreSaveFile = new java.io.File(((pathPrefix + java.lang.Integer.toString(counter)) + .png)): null

2018-12-13 01:34:12 - [TEST_STEP][PASSED] - Statement - counter = counter + 1: null

2018-12-13 01:34:12 - [TEST_STEP][PASSED] - Statement - PreSaveFile = new java.io.File(((pathPrefix + java.lang.Integer.toString(counter)) + .png)): null

2018-12-13 01:34:12 - [TEST_STEP][PASSED] - Statement - counter = counter + 1: null

2018-12-13 01:34:12 - [TEST_STEP][PASSED] - Statement - PreSaveFile = new java.io.File(((pathPrefix + java.lang.Integer.toString(counter)) + .png)): null

2018-12-13 01:34:12 - [TEST_STEP][PASSED] - Statement - counter = counter + 1: null

2018-12-13 01:34:12 - [TEST_STEP][PASSED] - Statement - PreSaveFile = new java.io.File(((pathPrefix + java.lang.Integer.toString(counter)) + .png)): null

2018-12-13 01:34:12 - [TEST_STEP][PASSED] - Statement - counter = counter + 1: null

2018-12-13 01:34:12 - [TEST_STEP][PASSED] - Statement - PreSaveFile = new java.io.File(((pathPrefix + java.lang.Integer.toString(counter)) + .png)): null

2018-12-13 01:34:12 - [TEST_STEP][PASSED] - Statement - counter = counter + 1: null

2018-12-13 01:34:12 - [TEST_STEP][PASSED] - Statement - PreSaveFile = new java.io.File(((pathPrefix + java.lang.Integer.toString(counter)) + .png)): null

2018-12-13 01:34:12 - [TEST_STEP][PASSED] - Statement - counter = counter + 1: null

2018-12-13 01:34:12 - [TEST_STEP][PASSED] - Statement - PreSaveFile = new java.io.File(((pathPrefix + java.lang.Integer.toString(counter)) + .png)): null

2018-12-13 01:34:12 - [TEST_STEP][PASSED] - Statement - counter = counter + 1: null

2018-12-13 01:34:12 - [TEST_STEP][PASSED] - Statement - PreSaveFile = new java.io.File(((pathPrefix + java.lang.Integer.toString(counter)) + .png)): null

2018-12-13 01:34:12 - [TEST_STEP][PASSED] - Statement - counter = counter + 1: null

2018-12-13 01:34:12 - [TEST_STEP][PASSED] - Statement - PreSaveFile = new java.io.File(((pathPrefix + java.lang.Integer.toString(counter)) + .png)): null

2018-12-13 01:34:12 - [TEST_STEP][PASSED] - Statement - counter = counter + 1: null

2018-12-13 01:34:12 - [TEST_STEP][PASSED] - Statement - PreSaveFile = new java.io.File(((pathPrefix + java.lang.Integer.toString(counter)) + .png)): null

2018-12-13 01:34:12 - [TEST_STEP][PASSED] - Statement - counter = counter + 1: null

2018-12-13 01:34:12 - [TEST_STEP][PASSED] - Statement - PreSaveFile = new java.io.File(((pathPrefix + java.lang.Integer.toString(counter)) + .png)): null

2018-12-13 01:34:12 - [TEST_STEP][PASSED] - Statement - counter = counter + 1: null

2018-12-13 01:34:12 - [TEST_STEP][PASSED] - Statement - PreSaveFile = new java.io.File(((pathPrefix + java.lang.Integer.toString(counter)) + .png)): null

2018-12-13 01:34:12 - [TEST_STEP][PASSED] - Statement - counter = counter + 1: null

2018-12-13 01:34:12 - [TEST_STEP][PASSED] - Statement - PreSaveFile = new java.io.File(((pathPrefix + java.lang.Integer.toString(counter)) + .png)): null

2018-12-13 01:34:12 - [TEST_STEP][PASSED] - Statement - counter = counter + 1: null

2018-12-13 01:34:12 - [TEST_STEP][PASSED] - Statement - PreSaveFile = new java.io.File(((pathPrefix + java.lang.Integer.toString(counter)) + .png)): null

2018-12-13 01:34:12 - [TEST_STEP][PASSED] - Statement - counter = counter + 1: null

2018-12-13 01:34:12 - [TEST_STEP][PASSED] - Statement - PreSaveFile = new java.io.File(((pathPrefix + java.lang.Integer.toString(counter)) + .png)): null

2018-12-13 01:34:12 - [TEST_STEP][PASSED] - Statement - counter = counter + 1: null

2018-12-13 01:34:12 - [TEST_STEP][PASSED] - Statement - PreSaveFile = new java.io.File(((pathPrefix + java.lang.Integer.toString(counter)) + .png)): null

2018-12-13 01:34:12 - [TEST_STEP][PASSED] - Statement - counter = counter + 1: null

2018-12-13 01:34:12 - [TEST_STEP][PASSED] - Statement - PreSaveFile = new java.io.File(((pathPrefix + java.lang.Integer.toString(counter)) + .png)): null

2018-12-13 01:34:12 - [TEST_STEP][PASSED] - Statement - counter = counter + 1: null

2018-12-13 01:34:12 - [TEST_STEP][PASSED] - Statement - PreSaveFile = new java.io.File(((pathPrefix + java.lang.Integer.toString(counter)) + .png)): null

2018-12-13 01:34:12 - [TEST_STEP][PASSED] - Statement - counter = counter + 1: null

2018-12-13 01:34:12 - [TEST_STEP][PASSED] - Statement - PreSaveFile = new java.io.File(((pathPrefix + java.lang.Integer.toString(counter)) + .png)): null

2018-12-13 01:34:12 - [TEST_STEP][PASSED] - Statement - counter = counter + 1: null

2018-12-13 01:34:12 - [TEST_STEP][PASSED] - Statement - PreSaveFile = new java.io.File(((pathPrefix + java.lang.Integer.toString(counter)) + .png)): null

2018-12-13 01:34:12 - [TEST_STEP][PASSED] - Statement - counter = counter + 1: null

2018-12-13 01:34:12 - [TEST_STEP][PASSED] - Statement - PreSaveFile = new java.io.File(((pathPrefix + java.lang.Integer.toString(counter)) + .png)): null

2018-12-13 01:34:12 - [TEST_STEP][PASSED] - Statement - counter = counter + 1: null

2018-12-13 01:34:12 - [TEST_STEP][PASSED] - Statement - PreSaveFile = new java.io.File(((pathPrefix + java.lang.Integer.toString(counter)) + .png)): null

2018-12-13 01:34:12 - [TEST_STEP][PASSED] - Statement - counter = counter + 1: null

2018-12-13 01:34:12 - [TEST_STEP][PASSED] - Statement - PreSaveFile = new java.io.File(((pathPrefix + java.lang.Integer.toString(counter)) + .png)): null

2018-12-13 01:34:12 - [TEST_STEP][PASSED] - Statement - counter = counter + 1: null

2018-12-13 01:34:12 - [TEST_STEP][PASSED] - Statement - PreSaveFile = new java.io.File(((pathPrefix + java.lang.Integer.toString(counter)) + .png)): null

2018-12-13 01:34:12 - [TEST_STEP][PASSED] - Statement - counter = counter + 1: null

2018-12-13 01:34:12 - [TEST_STEP][PASSED] - Statement - PreSaveFile = new java.io.File(((pathPrefix + java.lang.Integer.toString(counter)) + .png)): null

2018-12-13 01:34:12 - [TEST_STEP][PASSED] - Statement - counter = counter + 1: null

2018-12-13 01:34:12 - [TEST_STEP][PASSED] - Statement - PreSaveFile = new java.io.File(((pathPrefix + java.lang.Integer.toString(counter)) + .png)): null

2018-12-13 01:34:12 - [TEST_STEP][PASSED] - Statement - counter = counter + 1: null

2018-12-13 01:34:12 - [TEST_STEP][PASSED] - Statement - PreSaveFile = new java.io.File(((pathPrefix + java.lang.Integer.toString(counter)) + .png)): null

2018-12-13 01:34:12 - [TEST_STEP][PASSED] - Statement - counter = counter + 1: null

2018-12-13 01:34:12 - [TEST_STEP][PASSED] - Statement - PreSaveFile = new java.io.File(((pathPrefix + java.lang.Integer.toString(counter)) + .png)): null

2018-12-13 01:34:12 - [TEST_STEP][PASSED] - Statement - counter = counter + 1: null

2018-12-13 01:34:12 - [TEST_STEP][PASSED] - Statement - PreSaveFile = new java.io.File(((pathPrefix + java.lang.Integer.toString(counter)) + .png)): null

2018-12-13 01:34:12 - [TEST_STEP][PASSED] - Statement - counter = counter + 1: null

2018-12-13 01:34:12 - [TEST_STEP][PASSED] - Statement - PreSaveFile = new java.io.File(((pathPrefix + java.lang.Integer.toString(counter)) + .png)): null

2018-12-13 01:34:12 - [TEST_STEP][PASSED] - Statement - counter = counter + 1: null

2018-12-13 01:34:12 - [TEST_STEP][PASSED] - Statement - PreSaveFile = new java.io.File(((pathPrefix + java.lang.Integer.toString(counter)) + .png)): null

2018-12-13 01:34:12 - [TEST_STEP][PASSED] - Statement - counter = counter + 1: null

2018-12-13 01:34:12 - [TEST_STEP][PASSED] - Statement - PreSaveFile = new java.io.File(((pathPrefix + java.lang.Integer.toString(counter)) + .png)): null

2018-12-13 01:34:12 - [TEST_STEP][PASSED] - Statement - counter = counter + 1: null

2018-12-13 01:34:12 - [TEST_STEP][PASSED] - Statement - PreSaveFile = new java.io.File(((pathPrefix + java.lang.Integer.toString(counter)) + .png)): null

2018-12-13 01:34:12 - [TEST_STEP][PASSED] - Statement - counter = counter + 1: null

2018-12-13 01:34:12 - [TEST_STEP][PASSED] - Statement - PreSaveFile = new java.io.File(((pathPrefix + java.lang.Integer.toString(counter)) + .png)): null

2018-12-13 01:34:12 - [TEST_STEP][PASSED] - Statement - counter = counter + 1: null

2018-12-13 01:34:12 - [TEST_STEP][PASSED] - Statement - PreSaveFile = new java.io.File(((pathPrefix + java.lang.Integer.toString(counter)) + .png)): null

2018-12-13 01:34:12 - [TEST_STEP][PASSED] - Statement - counter = counter + 1: null

2018-12-13 01:34:12 - [TEST_STEP][PASSED] - Statement - PreSaveFile = new java.io.File(((pathPrefix + java.lang.Integer.toString(counter)) + .png)): null

2018-12-13 01:34:12 - [TEST_STEP][PASSED] - Statement - counter = counter + 1: null

2018-12-13 01:34:12 - [TEST_STEP][PASSED] - Statement - PreSaveFile = new java.io.File(((pathPrefix + java.lang.Integer.toString(counter)) + .png)): null

2018-12-13 01:34:12 - [TEST_STEP][PASSED] - Statement - counter = counter + 1: null

2018-12-13 01:34:12 - [TEST_STEP][PASSED] - Statement - PreSaveFile = new java.io.File(((pathPrefix + java.lang.Integer.toString(counter)) + .png)): null

2018-12-13 01:34:12 - [TEST_STEP][PASSED] - Statement - counter = counter + 1: null

2018-12-13 01:34:12 - [TEST_STEP][PASSED] - Statement - PreSaveFile = new java.io.File(((pathPrefix + java.lang.Integer.toString(counter)) + .png)): null

2018-12-13 01:34:12 - [TEST_STEP][PASSED] - Statement - counter = counter + 1: null

2018-12-13 01:34:12 - [TEST_STEP][PASSED] - Statement - PreSaveFile = new java.io.File(((pathPrefix + java.lang.Integer.toString(counter)) + .png)): null

2018-12-13 01:34:12 - [TEST_STEP][PASSED] - Statement - counter = counter + 1: null

2018-12-13 01:34:12 - [TEST_STEP][PASSED] - Statement - PreSaveFile = new java.io.File(((pathPrefix + java.lang.Integer.toString(counter)) + .png)): null

2018-12-13 01:34:12 - [TEST_STEP][PASSED] - Statement - counter = counter + 1: null

2018-12-13 01:34:12 - [TEST_STEP][PASSED] - Statement - PreSaveFile = new java.io.File(((pathPrefix + java.lang.Integer.toString(counter)) + .png)): null

2018-12-13 01:34:12 - [TEST_STEP][PASSED] - Statement - counter = counter + 1: null

2018-12-13 01:34:12 - [TEST_STEP][PASSED] - Statement - PreSaveFile = new java.io.File(((pathPrefix + java.lang.Integer.toString(counter)) + .png)): null

2018-12-13 01:34:12 - [TEST_STEP][PASSED] - Statement - counter = counter + 1: null

2018-12-13 01:34:12 - [TEST_STEP][PASSED] - Statement - PreSaveFile = new java.io.File(((pathPrefix + java.lang.Integer.toString(counter)) + .png)): null

2018-12-13 01:34:12 - [TEST_STEP][PASSED] - Statement - counter = counter + 1: null

2018-12-13 01:34:12 - [TEST_STEP][PASSED] - Statement - PreSaveFile = new java.io.File(((pathPrefix + java.lang.Integer.toString(counter)) + .png)): null

2018-12-13 01:34:12 - [TEST_STEP][PASSED] - Statement - counter = counter + 1: null

2018-12-13 01:34:12 - [TEST_STEP][PASSED] - Statement - PreSaveFile = new java.io.File(((pathPrefix + java.lang.Integer.toString(counter)) + .png)): null

2018-12-13 01:34:12 - [TEST_STEP][PASSED] - Statement - counter = counter + 1: null

2018-12-13 01:34:12 - [TEST_STEP][PASSED] - Statement - PreSaveFile = new java.io.File(((pathPrefix + java.lang.Integer.toString(counter)) + .png)): null

2018-12-13 01:34:12 - [TEST_STEP][PASSED] - Statement - counter = counter + 1: null

2018-12-13 01:34:12 - [TEST_STEP][PASSED] - Statement - PreSaveFile = new java.io.File(((pathPrefix + java.lang.Integer.toString(counter)) + .png)): null

2018-12-13 01:34:12 - [TEST_STEP][PASSED] - Statement - counter = counter + 1: null

2018-12-13 01:34:12 - [TEST_STEP][PASSED] - Statement - PreSaveFile = new java.io.File(((pathPrefix + java.lang.Integer.toString(counter)) + .png)): null

2018-12-13 01:34:12 - [TEST_STEP][PASSED] - Statement - counter = counter + 1: null

2018-12-13 01:34:12 - [TEST_STEP][PASSED] - Statement - PreSaveFile = new java.io.File(((pathPrefix + java.lang.Integer.toString(counter)) + .png)): null

2018-12-13 01:34:12 - [TEST_STEP][PASSED] - Statement - counter = counter + 1: null

2018-12-13 01:34:12 - [TEST_STEP][PASSED] - Statement - PreSaveFile = new java.io.File(((pathPrefix + java.lang.Integer.toString(counter)) + .png)): null

2018-12-13 01:34:12 - [TEST_STEP][PASSED] - Statement - counter = counter + 1: null

2018-12-13 01:34:12 - [TEST_STEP][PASSED] - Statement - PreSaveFile = new java.io.File(((pathPrefix + java.lang.Integer.toString(counter)) + .png)): null

2018-12-13 01:34:12 - [TEST_STEP][PASSED] - Statement - counter = counter + 1: null

2018-12-13 01:34:12 - [TEST_STEP][PASSED] - Statement - PreSaveFile = new java.io.File(((pathPrefix + java.lang.Integer.toString(counter)) + .png)): null

2018-12-13 01:34:12 - [TEST_STEP][PASSED] - Statement - counter = counter + 1: null

2018-12-13 01:34:12 - [TEST_STEP][PASSED] - Statement - PreSaveFile = new java.io.File(((pathPrefix + java.lang.Integer.toString(counter)) + .png)): null

2018-12-13 01:34:12 - [TEST_STEP][PASSED] - Statement - counter = counter + 1: null

2018-12-13 01:34:12 - [TEST_STEP][PASSED] - Statement - PreSaveFile = new java.io.File(((pathPrefix + java.lang.Integer.toString(counter)) + .png)): null

2018-12-13 01:34:12 - [TEST_STEP][PASSED] - Statement - counter = counter + 1: null

2018-12-13 01:34:12 - [TEST_STEP][PASSED] - Statement - PreSaveFile = new java.io.File(((pathPrefix + java.lang.Integer.toString(counter)) + .png)): null

2018-12-13 01:34:12 - [TEST_STEP][PASSED] - Statement - counter = counter + 1: null

2018-12-13 01:34:12 - [TEST_STEP][PASSED] - Statement - PreSaveFile = new java.io.File(((pathPrefix + java.lang.Integer.toString(counter)) + .png)): null

2018-12-13 01:34:12 - [TEST_STEP][PASSED] - Statement - counter = counter + 1: null

2018-12-13 01:34:12 - [TEST_STEP][PASSED] - Statement - PreSaveFile = new java.io.File(((pathPrefix + java.lang.Integer.toString(counter)) + .png)): null

2018-12-13 01:34:12 - [TEST_STEP][PASSED] - Statement - counter = counter + 1: null

2018-12-13 01:34:12 - [TEST_STEP][PASSED] - Statement - PreSaveFile = new java.io.File(((pathPrefix + java.lang.Integer.toString(counter)) + .png)): null

2018-12-13 01:34:12 - [TEST_STEP][PASSED] - Statement - counter = counter + 1: null

2018-12-13 01:34:12 - [TEST_STEP][PASSED] - Statement - PreSaveFile = new java.io.File(((pathPrefix + java.lang.Integer.toString(counter)) + .png)): null

2018-12-13 01:34:12 - [TEST_STEP][PASSED] - Statement - counter = counter + 1: null

2018-12-13 01:34:12 - [TEST_STEP][PASSED] - Statement - PreSaveFile = new java.io.File(((pathPrefix + java.lang.Integer.toString(counter)) + .png)): null

2018-12-13 01:34:12 - [TEST_STEP][PASSED] - Statement - counter = counter + 1: null

2018-12-13 01:34:12 - [TEST_STEP][PASSED] - Statement - PreSaveFile = new java.io.File(((pathPrefix + java.lang.Integer.toString(counter)) + .png)): null

2018-12-13 01:34:12 - [TEST_STEP][PASSED] - Statement - counter = counter + 1: null

2018-12-13 01:34:12 - [TEST_STEP][PASSED] - Statement - PreSaveFile = new java.io.File(((pathPrefix + java.lang.Integer.toString(counter)) + .png)): null

2018-12-13 01:34:12 - [TEST_STEP][PASSED] - Statement - counter = counter + 1: null

2018-12-13 01:34:12 - [TEST_STEP][PASSED] - Statement - PreSaveFile = new java.io.File(((pathPrefix + java.lang.Integer.toString(counter)) + .png)): null

2018-12-13 01:34:12 - [TEST_STEP][PASSED] - Statement - counter = counter + 1: null

2018-12-13 01:34:12 - [TEST_STEP][PASSED] - Statement - PreSaveFile = new java.io.File(((pathPrefix + java.lang.Integer.toString(counter)) + .png)): null

2018-12-13 01:34:12 - [TEST_STEP][PASSED] - Statement - counter = counter + 1: null

2018-12-13 01:34:12 - [TEST_STEP][PASSED] - Statement - PreSaveFile = new java.io.File(((pathPrefix + java.lang.Integer.toString(counter)) + .png)): null

2018-12-13 01:34:12 - [TEST_STEP][PASSED] - Statement - counter = counter + 1: null

2018-12-13 01:34:12 - [TEST_STEP][PASSED] - Statement - PreSaveFile = new java.io.File(((pathPrefix + java.lang.Integer.toString(counter)) + .png)): null

2018-12-13 01:34:12 - [TEST_STEP][PASSED] - Statement - counter = counter + 1: null

2018-12-13 01:34:12 - [TEST_STEP][PASSED] - Statement - PreSaveFile = new java.io.File(((pathPrefix + java.lang.Integer.toString(counter)) + .png)): null

2018-12-13 01:34:12 - [TEST_STEP][PASSED] - Statement - counter = counter + 1: null

2018-12-13 01:34:12 - [TEST_STEP][PASSED] - Statement - PreSaveFile = new java.io.File(((pathPrefix + java.lang.Integer.toString(counter)) + .png)): null

2018-12-13 01:34:12 - [TEST_STEP][PASSED] - Statement - counter = counter + 1: null

2018-12-13 01:34:12 - [TEST_STEP][PASSED] - Statement - PreSaveFile = new java.io.File(((pathPrefix + java.lang.Integer.toString(counter)) + .png)): null

2018-12-13 01:34:12 - [TEST_STEP][PASSED] - Statement - counter = counter + 1: null

2018-12-13 01:34:12 - [TEST_STEP][PASSED] - Statement - PreSaveFile = new java.io.File(((pathPrefix + java.lang.Integer.toString(counter)) + .png)): null

2018-12-13 01:34:12 - [TEST_STEP][PASSED] - Statement - counter = counter + 1: null

2018-12-13 01:34:12 - [TEST_STEP][PASSED] - Statement - PreSaveFile = new java.io.File(((pathPrefix + java.lang.Integer.toString(counter)) + .png)): null

2018-12-13 01:34:12 - [TEST_STEP][PASSED] - Statement - counter = counter + 1: null

2018-12-13 01:34:12 - [TEST_STEP][PASSED] - Statement - PreSaveFile = new java.io.File(((pathPrefix + java.lang.Integer.toString(counter)) + .png)): null

2018-12-13 01:34:12 - [TEST_STEP][PASSED] - Statement - counter = counter + 1: null

2018-12-13 01:34:12 - [TEST_STEP][PASSED] - Statement - PreSaveFile = new java.io.File(((pathPrefix + java.lang.Integer.toString(counter)) + .png)): null

2018-12-13 01:34:12 - [TEST_STEP][PASSED] - Statement - counter = counter + 1: null

2018-12-13 01:34:12 - [TEST_STEP][PASSED] - Statement - PreSaveFile = new java.io.File(((pathPrefix + java.lang.Integer.toString(counter)) + .png)): null

2018-12-13 01:34:12 - [TEST_STEP][PASSED] - Statement - counter = counter + 1: null

2018-12-13 01:34:12 - [TEST_STEP][PASSED] - Statement - PreSaveFile = new java.io.File(((pathPrefix + java.lang.Integer.toString(counter)) + .png)): null

2018-12-13 01:34:12 - [TEST_STEP][PASSED] - Statement - counter = counter + 1: null

2018-12-13 01:34:12 - [TEST_STEP][PASSED] - Statement - PreSaveFile = new java.io.File(((pathPrefix + java.lang.Integer.toString(counter)) + .png)): null

2018-12-13 01:34:12 - [TEST_STEP][PASSED] - Statement - counter = counter + 1: null

2018-12-13 01:34:12 - [TEST_STEP][PASSED] - Statement - PreSaveFile = new java.io.File(((pathPrefix + java.lang.Integer.toString(counter)) + .png)): null

2018-12-13 01:34:12 - [TEST_STEP][PASSED] - Statement - counter = counter + 1: null

2018-12-13 01:34:12 - [TEST_STEP][PASSED] - Statement - PreSaveFile = new java.io.File(((pathPrefix + java.lang.Integer.toString(counter)) + .png)): null

2018-12-13 01:34:12 - [TEST_STEP][PASSED] - Statement - counter = counter + 1: null

2018-12-13 01:34:12 - [TEST_STEP][PASSED] - Statement - PreSaveFile = new java.io.File(((pathPrefix + java.lang.Integer.toString(counter)) + .png)): null

2018-12-13 01:34:12 - [TEST_STEP][PASSED] - Statement - counter = counter + 1: null

2018-12-13 01:34:12 - [TEST_STEP][PASSED] - Statement - PreSaveFile = new java.io.File(((pathPrefix + java.lang.Integer.toString(counter)) + .png)): null

2018-12-13 01:34:12 - [TEST_STEP][PASSED] - Statement - counter = counter + 1: null

2018-12-13 01:34:12 - [TEST_STEP][PASSED] - Statement - PreSaveFile = new java.io.File(((pathPrefix + java.lang.Integer.toString(counter)) + .png)): null

2018-12-13 01:34:12 - [TEST_STEP][PASSED] - Statement - counter = counter + 1: null

2018-12-13 01:34:12 - [TEST_STEP][PASSED] - Statement - PreSaveFile = new java.io.File(((pathPrefix + java.lang.Integer.toString(counter)) + .png)): null

2018-12-13 01:34:12 - [TEST_STEP][PASSED] - Statement - counter = counter + 1: null

2018-12-13 01:34:12 - [TEST_STEP][PASSED] - Statement - PreSaveFile = new java.io.File(((pathPrefix + java.lang.Integer.toString(counter)) + .png)): null

2018-12-13 01:34:12 - [TEST_STEP][PASSED] - Statement - counter = counter + 1: null

2018-12-13 01:34:12 - [TEST_STEP][PASSED] - Statement - PreSaveFile = new java.io.File(((pathPrefix + java.lang.Integer.toString(counter)) + .png)): null

2018-12-13 01:34:12 - [TEST_STEP][PASSED] - Statement - counter = counter + 1: null

2018-12-13 01:34:12 - [TEST_STEP][PASSED] - Statement - PreSaveFile = new java.io.File(((pathPrefix + java.lang.Integer.toString(counter)) + .png)): null

2018-12-13 01:34:12 - [TEST_STEP][PASSED] - Statement - counter = counter + 1: null

2018-12-13 01:34:12 - [TEST_STEP][PASSED] - Statement - PreSaveFile = new java.io.File(((pathPrefix + java.lang.Integer.toString(counter)) + .png)): null

2018-12-13 01:34:12 - [TEST_STEP][PASSED] - Statement - counter = counter + 1: null

2018-12-13 01:34:12 - [TEST_STEP][PASSED] - Statement - PreSaveFile = new java.io.File(((pathPrefix + java.lang.Integer.toString(counter)) + .png)): null

2018-12-13 01:34:12 - [TEST_STEP][PASSED] - Statement - counter = counter + 1: null

2018-12-13 01:34:12 - [TEST_STEP][PASSED] - Statement - PreSaveFile = new java.io.File(((pathPrefix + java.lang.Integer.toString(counter)) + .png)): null

2018-12-13 01:34:12 - [TEST_STEP][PASSED] - Statement - counter = counter + 1: null

2018-12-13 01:34:12 - [TEST_STEP][PASSED] - Statement - PreSaveFile = new java.io.File(((pathPrefix + java.lang.Integer.toString(counter)) + .png)): null

2018-12-13 01:34:12 - [TEST_STEP][PASSED] - Statement - counter = counter + 1: null

2018-12-13 01:34:12 - [TEST_STEP][PASSED] - Statement - PreSaveFile = new java.io.File(((pathPrefix + java.lang.Integer.toString(counter)) + .png)): null

2018-12-13 01:34:12 - [TEST_STEP][PASSED] - Statement - counter = counter + 1: null

2018-12-13 01:34:12 - [TEST_STEP][PASSED] - Statement - PreSaveFile = new java.io.File(((pathPrefix + java.lang.Integer.toString(counter)) + .png)): null

2018-12-13 01:34:12 - [TEST_STEP][PASSED] - Statement - counter = counter + 1: null

2018-12-13 01:34:12 - [TEST_STEP][PASSED] - Statement - PreSaveFile = new java.io.File(((pathPrefix + java.lang.Integer.toString(counter)) + .png)): null

2018-12-13 01:34:12 - [TEST_STEP][PASSED] - Statement - counter = counter + 1: null

2018-12-13 01:34:12 - [TEST_STEP][PASSED] - Statement - PreSaveFile = new java.io.File(((pathPrefix + java.lang.Integer.toString(counter)) + .png)): null

2018-12-13 01:34:12 - [TEST_STEP][PASSED] - Statement - counter = counter + 1: null

2018-12-13 01:34:12 - [TEST_STEP][PASSED] - Statement - PreSaveFile = new java.io.File(((pathPrefix + java.lang.Integer.toString(counter)) + .png)): null

2018-12-13 01:34:12 - [TEST_STEP][PASSED] - Statement - counter = counter + 1: null

2018-12-13 01:34:12 - [TEST_STEP][PASSED] - Statement - PreSaveFile = new java.io.File(((pathPrefix + java.lang.Integer.toString(counter)) + .png)): null

2018-12-13 01:34:12 - [TEST_STEP][PASSED] - Statement - counter = counter + 1: null

2018-12-13 01:34:12 - [TEST_STEP][PASSED] - Statement - PreSaveFile = new java.io.File(((pathPrefix + java.lang.Integer.toString(counter)) + .png)): null

2018-12-13 01:34:12 - [TEST_STEP][PASSED] - Statement - counter = counter + 1: null

2018-12-13 01:34:12 - [TEST_STEP][PASSED] - Statement - PreSaveFile = new java.io.File(((pathPrefix + java.lang.Integer.toString(counter)) + .png)): null

2018-12-13 01:34:12 - [TEST_STEP][PASSED] - Statement - counter = counter + 1: null

2018-12-13 01:34:12 - [TEST_STEP][PASSED] - Statement - PreSaveFile = new java.io.File(((pathPrefix + java.lang.Integer.toString(counter)) + .png)): null

2018-12-13 01:34:12 - [TEST_STEP][PASSED] - Statement - counter = counter + 1: null

2018-12-13 01:34:12 - [TEST_STEP][PASSED] - Statement - PreSaveFile = new java.io.File(((pathPrefix + java.lang.Integer.toString(counter)) + .png)): null

2018-12-13 01:34:12 - [TEST_STEP][PASSED] - Statement - counter = counter + 1: null

2018-12-13 01:34:12 - [TEST_STEP][PASSED] - Statement - PreSaveFile = new java.io.File(((pathPrefix + java.lang.Integer.toString(counter)) + .png)): null

2018-12-13 01:34:12 - [TEST_STEP][PASSED] - Statement - counter = counter + 1: null

2018-12-13 01:34:12 - [TEST_STEP][PASSED] - Statement - PreSaveFile = new java.io.File(((pathPrefix + java.lang.Integer.toString(counter)) + .png)): null

2018-12-13 01:34:12 - [TEST_STEP][PASSED] - Statement - counter = counter + 1: null

2018-12-13 01:34:12 - [TEST_STEP][PASSED] - Statement - PreSaveFile = new java.io.File(((pathPrefix + java.lang.Integer.toString(counter)) + .png)): null

2018-12-13 01:34:12 - [TEST_STEP][PASSED] - Statement - counter = counter + 1: null

2018-12-13 01:34:12 - [TEST_STEP][PASSED] - Statement - PreSaveFile = new java.io.File(((pathPrefix + java.lang.Integer.toString(counter)) + .png)): null

2018-12-13 01:34:12 - [TEST_STEP][PASSED] - Statement - counter = counter + 1: null

2018-12-13 01:34:12 - [TEST_STEP][PASSED] - Statement - PreSaveFile = new java.io.File(((pathPrefix + java.lang.Integer.toString(counter)) + .png)): null

2018-12-13 01:34:12 - [TEST_STEP][PASSED] - Statement - counter = counter + 1: null

2018-12-13 01:34:12 - [TEST_STEP][PASSED] - Statement - PreSaveFile = new java.io.File(((pathPrefix + java.lang.Integer.toString(counter)) + .png)): null

2018-12-13 01:34:12 - [TEST_STEP][PASSED] - Statement - counter = counter + 1: null

2018-12-13 01:34:12 - [TEST_STEP][PASSED] - Statement - PreSaveFile = new java.io.File(((pathPrefix + java.lang.Integer.toString(counter)) + .png)): null

2018-12-13 01:34:12 - [TEST_STEP][PASSED] - Statement - counter = counter + 1: null

2018-12-13 01:34:12 - [TEST_STEP][PASSED] - Statement - PreSaveFile = new java.io.File(((pathPrefix + java.lang.Integer.toString(counter)) + .png)): null

2018-12-13 01:34:12 - [TEST_STEP][PASSED] - Statement - counter = counter + 1: null

2018-12-13 01:34:12 - [TEST_STEP][PASSED] - Statement - PreSaveFile = new java.io.File(((pathPrefix + java.lang.Integer.toString(counter)) + .png)): null

2018-12-13 01:34:12 - [TEST_STEP][PASSED] - Statement - counter = counter + 1: null

2018-12-13 01:34:12 - [TEST_STEP][PASSED] - Statement - PreSaveFile = new java.io.File(((pathPrefix + java.lang.Integer.toString(counter)) + .png)): null

2018-12-13 01:34:12 - [TEST_STEP][PASSED] - Statement - counter = counter + 1: null

2018-12-13 01:34:12 - [TEST_STEP][PASSED] - Statement - PreSaveFile = new java.io.File(((pathPrefix + java.lang.Integer.toString(counter)) + .png)): null

2018-12-13 01:34:12 - [TEST_STEP][PASSED] - Statement - counter = counter + 1: null

2018-12-13 01:34:12 - [TEST_STEP][PASSED] - Statement - PreSaveFile = new java.io.File(((pathPrefix + java.lang.Integer.toString(counter)) + .png)): null

2018-12-13 01:34:12 - [TEST_STEP][PASSED] - Statement - counter = counter + 1: null

2018-12-13 01:34:12 - [TEST_STEP][PASSED] - Statement - PreSaveFile = new java.io.File(((pathPrefix + java.lang.Integer.toString(counter)) + .png)): null

2018-12-13 01:34:12 - [TEST_STEP][PASSED] - Statement - counter = counter + 1: null

2018-12-13 01:34:12 - [TEST_STEP][PASSED] - Statement - PreSaveFile = new java.io.File(((pathPrefix + java.lang.Integer.toString(counter)) + .png)): null

2018-12-13 01:34:12 - [TEST_STEP][PASSED] - Statement - counter = counter + 1: null

2018-12-13 01:34:12 - [TEST_STEP][PASSED] - Statement - PreSaveFile = new java.io.File(((pathPrefix + java.lang.Integer.toString(counter)) + .png)): null

2018-12-13 01:34:12 - [TEST_STEP][PASSED] - Statement - counter = counter + 1: null

2018-12-13 01:34:12 - [TEST_STEP][PASSED] - Statement - PreSaveFile = new java.io.File(((pathPrefix + java.lang.Integer.toString(counter)) + .png)): null

2018-12-13 01:34:12 - [TEST_STEP][PASSED] - Statement - counter = counter + 1: null

2018-12-13 01:34:12 - [TEST_STEP][PASSED] - Statement - PreSaveFile = new java.io.File(((pathPrefix + java.lang.Integer.toString(counter)) + .png)): null

2018-12-13 01:34:12 - [TEST_STEP][PASSED] - Statement - counter = counter + 1: null

2018-12-13 01:34:12 - [TEST_STEP][PASSED] - Statement - PreSaveFile = new java.io.File(((pathPrefix + java.lang.Integer.toString(counter)) + .png)): null

2018-12-13 01:34:12 - [TEST_STEP][PASSED] - Statement - counter = counter + 1: null

2018-12-13 01:34:12 - [TEST_STEP][PASSED] - Statement - PreSaveFile = new java.io.File(((pathPrefix + java.lang.Integer.toString(counter)) + .png)): null

2018-12-13 01:34:12 - [TEST_STEP][PASSED] - Statement - counter = counter + 1: null

2018-12-13 01:34:12 - [TEST_STEP][PASSED] - Statement - PreSaveFile = new java.io.File(((pathPrefix + java.lang.Integer.toString(counter)) + .png)): null

2018-12-13 01:34:12 - [TEST_STEP][PASSED] - Statement - counter = counter + 1: null

2018-12-13 01:34:12 - [TEST_STEP][PASSED] - Statement - PreSaveFile = new java.io.File(((pathPrefix + java.lang.Integer.toString(counter)) + .png)): null

2018-12-13 01:34:12 - [TEST_STEP][PASSED] - Statement - counter = counter + 1: null

2018-12-13 01:34:12 - [TEST_STEP][PASSED] - Statement - PreSaveFile = new java.io.File(((pathPrefix + java.lang.Integer.toString(counter)) + .png)): null

2018-12-13 01:34:12 - [TEST_STEP][PASSED] - Statement - counter = counter + 1: null

2018-12-13 01:34:12 - [TEST_STEP][PASSED] - Statement - PreSaveFile = new java.io.File(((pathPrefix + java.lang.Integer.toString(counter)) + .png)): null

2018-12-13 01:34:12 - [TEST_STEP][PASSED] - Statement - counter = counter + 1: null

2018-12-13 01:34:12 - [TEST_STEP][PASSED] - Statement - PreSaveFile = new java.io.File(((pathPrefix + java.lang.Integer.toString(counter)) + .png)): null

2018-12-13 01:34:12 - [TEST_STEP][PASSED] - Statement - counter = counter + 1: null

2018-12-13 01:34:12 - [TEST_STEP][PASSED] - Statement - PreSaveFile = new java.io.File(((pathPrefix + java.lang.Integer.toString(counter)) + .png)): null

2018-12-13 01:34:12 - [TEST_STEP][PASSED] - Statement - counter = counter + 1: null

2018-12-13 01:34:12 - [TEST_STEP][PASSED] - Statement - PreSaveFile = new java.io.File(((pathPrefix + java.lang.Integer.toString(counter)) + .png)): null

2018-12-13 01:34:12 - [TEST_STEP][PASSED] - Statement - counter = counter + 1: null

2018-12-13 01:34:12 - [TEST_STEP][PASSED] - Statement - PreSaveFile = new java.io.File(((pathPrefix + java.lang.Integer.toString(counter)) + .png)): null

2018-12-13 01:34:12 - [TEST_STEP][PASSED] - Statement - counter = counter + 1: null

2018-12-13 01:34:12 - [TEST_STEP][PASSED] - Statement - PreSaveFile = new java.io.File(((pathPrefix + java.lang.Integer.toString(counter)) + .png)): null

2018-12-13 01:34:12 - [TEST_STEP][PASSED] - Statement - counter = counter + 1: null

2018-12-13 01:34:12 - [TEST_STEP][PASSED] - Statement - PreSaveFile = new java.io.File(((pathPrefix + java.lang.Integer.toString(counter)) + .png)): null

2018-12-13 01:34:12 - [TEST_STEP][PASSED] - Statement - counter = counter + 1: null

2018-12-13 01:34:12 - [TEST_STEP][PASSED] - Statement - PreSaveFile = new java.io.File(((pathPrefix + java.lang.Integer.toString(counter)) + .png)): null

2018-12-13 01:34:12 - [TEST_STEP][PASSED] - Statement - counter = counter + 1: null

2018-12-13 01:34:12 - [TEST_STEP][PASSED] - Statement - PreSaveFile = new java.io.File(((pathPrefix + java.lang.Integer.toString(counter)) + .png)): null

2018-12-13 01:34:12 - [TEST_STEP][PASSED] - Statement - counter = counter + 1: null

2018-12-13 01:34:12 - [TEST_STEP][PASSED] - Statement - PreSaveFile = new java.io.File(((pathPrefix + java.lang.Integer.toString(counter)) + .png)): null

2018-12-13 01:34:12 - [TEST_STEP][PASSED] - Statement - counter = counter + 1: null

2018-12-13 01:34:12 - [TEST_STEP][PASSED] - Statement - PreSaveFile = new java.io.File(((pathPrefix + java.lang.Integer.toString(counter)) + .png)): null

2018-12-13 01:34:12 - [TEST_STEP][PASSED] - Statement - counter = counter + 1: null

2018-12-13 01:34:12 - [TEST_STEP][PASSED] - Statement - PreSaveFile = new java.io.File(((pathPrefix + java.lang.Integer.toString(counter)) + .png)): null

2018-12-13 01:34:12 - [TEST_STEP][PASSED] - Statement - counter = counter + 1: null

2018-12-13 01:34:12 - [TEST_STEP][PASSED] - Statement - PreSaveFile = new java.io.File(((pathPrefix + java.lang.Integer.toString(counter)) + .png)): null

2018-12-13 01:34:12 - [TEST_STEP][PASSED] - Statement - counter = counter + 1: null

2018-12-13 01:34:12 - [TEST_STEP][PASSED] - Statement - PreSaveFile = new java.io.File(((pathPrefix + java.lang.Integer.toString(counter)) + .png)): null

2018-12-13 01:34:12 - [TEST_STEP][PASSED] - Statement - counter = counter + 1: null

2018-12-13 01:34:12 - [TEST_STEP][PASSED] - Statement - PreSaveFile = new java.io.File(((pathPrefix + java.lang.Integer.toString(counter)) + .png)): null

2018-12-13 01:34:12 - [TEST_STEP][PASSED] - Statement - counter = counter + 1: null

2018-12-13 01:34:12 - [TEST_STEP][PASSED] - Statement - PreSaveFile = new java.io.File(((pathPrefix + java.lang.Integer.toString(counter)) + .png)): null

2018-12-13 01:34:12 - [TEST_STEP][PASSED] - Statement - counter = counter + 1: null

2018-12-13 01:34:12 - [TEST_STEP][PASSED] - Statement - PreSaveFile = new java.io.File(((pathPrefix + java.lang.Integer.toString(counter)) + .png)): null

2018-12-13 01:34:12 - [TEST_STEP][PASSED] - Statement - counter = counter + 1: null

2018-12-13 01:34:12 - [TEST_STEP][PASSED] - Statement - PreSaveFile = new java.io.File(((pathPrefix + java.lang.Integer.toString(counter)) + .png)): null

2018-12-13 01:34:12 - [TEST_STEP][PASSED] - Statement - counter = counter + 1: null

2018-12-13 01:34:12 - [TEST_STEP][PASSED] - Statement - PreSaveFile = new java.io.File(((pathPrefix + java.lang.Integer.toString(counter)) + .png)): null

2018-12-13 01:34:12 - [TEST_STEP][PASSED] - Statement - counter = counter + 1: null

2018-12-13 01:34:12 - [TEST_STEP][PASSED] - Statement - PreSaveFile = new java.io.File(((pathPrefix + java.lang.Integer.toString(counter)) + .png)): null

2018-12-13 01:34:12 - [TEST_STEP][PASSED] - Statement - counter = counter + 1: null

2018-12-13 01:34:12 - [TEST_STEP][PASSED] - Statement - PreSaveFile = new java.io.File(((pathPrefix + java.lang.Integer.toString(counter)) + .png)): null

2018-12-13 01:34:12 - [TEST_STEP][PASSED] - Statement - counter = counter + 1: null

2018-12-13 01:34:12 - [TEST_STEP][PASSED] - Statement - PreSaveFile = new java.io.File(((pathPrefix + java.lang.Integer.toString(counter)) + .png)): null

2018-12-13 01:34:12 - [TEST_STEP][PASSED] - Statement - counter = counter + 1: null

2018-12-13 01:34:12 - [TEST_STEP][PASSED] - Statement - PreSaveFile = new java.io.File(((pathPrefix + java.lang.Integer.toString(counter)) + .png)): null

2018-12-13 01:34:12 - [TEST_STEP][PASSED] - Statement - counter = counter + 1: null

2018-12-13 01:34:12 - [TEST_STEP][PASSED] - Statement - PreSaveFile = new java.io.File(((pathPrefix + java.lang.Integer.toString(counter)) + .png)): null

2018-12-13 01:34:12 - [TEST_STEP][PASSED] - Statement - counter = counter + 1: null

2018-12-13 01:34:12 - [TEST_STEP][PASSED] - Statement - PreSaveFile = new java.io.File(((pathPrefix + java.lang.Integer.toString(counter)) + .png)): null

2018-12-13 01:34:12 - [TEST_STEP][PASSED] - Statement - counter = counter + 1: null

2018-12-13 01:34:12 - [TEST_STEP][PASSED] - Statement - PreSaveFile = new java.io.File(((pathPrefix + java.lang.Integer.toString(counter)) + .png)): null

2018-12-13 01:34:12 - [TEST_STEP][PASSED] - Statement - counter = counter + 1: null

2018-12-13 01:34:12 - [TEST_STEP][PASSED] - Statement - PreSaveFile = new java.io.File(((pathPrefix + java.lang.Integer.toString(counter)) + .png)): null

2018-12-13 01:34:12 - [TEST_STEP][PASSED] - Statement - counter = counter + 1: null

2018-12-13 01:34:12 - [TEST_STEP][PASSED] - Statement - PreSaveFile = new java.io.File(((pathPrefix + java.lang.Integer.toString(counter)) + .png)): null

2018-12-13 01:34:12 - [TEST_STEP][PASSED] - Statement - counter = counter + 1: null

2018-12-13 01:34:12 - [TEST_STEP][PASSED] - Statement - PreSaveFile = new java.io.File(((pathPrefix + java.lang.Integer.toString(counter)) + .png)): null

2018-12-13 01:34:12 - [TEST_STEP][PASSED] - Statement - counter = counter + 1: null

2018-12-13 01:34:12 - [TEST_STEP][PASSED] - Statement - PreSaveFile = new java.io.File(((pathPrefix + java.lang.Integer.toString(counter)) + .png)): null

2018-12-13 01:34:12 - [TEST_STEP][PASSED] - Statement - counter = counter + 1: null

2018-12-13 01:34:12 - [TEST_STEP][PASSED] - Statement - PreSaveFile = new java.io.File(((pathPrefix + java.lang.Integer.toString(counter)) + .png)): null

2018-12-13 01:34:12 - [TEST_STEP][PASSED] - Statement - counter = counter + 1: null

2018-12-13 01:34:12 - [TEST_STEP][PASSED] - Statement - PreSaveFile = new java.io.File(((pathPrefix + java.lang.Integer.toString(counter)) + .png)): null

2018-12-13 01:34:12 - [TEST_STEP][PASSED] - Statement - counter = counter + 1: null

2018-12-13 01:34:12 - [TEST_STEP][PASSED] - Statement - PreSaveFile = new java.io.File(((pathPrefix + java.lang.Integer.toString(counter)) + .png)): null

2018-12-13 01:34:12 - [TEST_STEP][PASSED] - Statement - counter = counter + 1: null

2018-12-13 01:34:12 - [TEST_STEP][PASSED] - Statement - PreSaveFile = new java.io.File(((pathPrefix + java.lang.Integer.toString(counter)) + .png)): null

2018-12-13 01:34:12 - [TEST_STEP][PASSED] - Statement - counter = counter + 1: null

2018-12-13 01:34:12 - [TEST_STEP][PASSED] - Statement - PreSaveFile = new java.io.File(((pathPrefix + java.lang.Integer.toString(counter)) + .png)): null

2018-12-13 01:34:12 - [TEST_STEP][PASSED] - Statement - counter = counter + 1: null

2018-12-13 01:34:12 - [TEST_STEP][PASSED] - Statement - PreSaveFile = new java.io.File(((pathPrefix + java.lang.Integer.toString(counter)) + .png)): null

2018-12-13 01:34:12 - [TEST_STEP][PASSED] - Statement - counter = counter + 1: null

2018-12-13 01:34:12 - [TEST_STEP][PASSED] - Statement - PreSaveFile = new java.io.File(((pathPrefix + java.lang.Integer.toString(counter)) + .png)): null

2018-12-13 01:34:12 - [TEST_STEP][PASSED] - Statement - counter = counter + 1: null

2018-12-13 01:34:12 - [TEST_STEP][PASSED] - Statement - PreSaveFile = new java.io.File(((pathPrefix + java.lang.Integer.toString(counter)) + .png)): null

2018-12-13 01:34:12 - [TEST_STEP][PASSED] - Statement - counter = counter + 1: null

2018-12-13 01:34:12 - [TEST_STEP][PASSED] - Statement - PreSaveFile = new java.io.File(((pathPrefix + java.lang.Integer.toString(counter)) + .png)): null

2018-12-13 01:34:12 - [TEST_STEP][PASSED] - Statement - counter = counter + 1: null

2018-12-13 01:34:12 - [TEST_STEP][PASSED] - Statement - PreSaveFile = new java.io.File(((pathPrefix + java.lang.Integer.toString(counter)) + .png)): null

2018-12-13 01:34:12 - [TEST_STEP][PASSED] - Statement - counter = counter + 1: null

2018-12-13 01:34:12 - [TEST_STEP][PASSED] - Statement - PreSaveFile = new java.io.File(((pathPrefix + java.lang.Integer.toString(counter)) + .png)): null

2018-12-13 01:34:12 - [TEST_STEP][PASSED] - Statement - counter = counter + 1: null

2018-12-13 01:34:12 - [TEST_STEP][PASSED] - Statement - PreSaveFile = new java.io.File(((pathPrefix + java.lang.Integer.toString(counter)) + .png)): null

2018-12-13 01:34:12 - [TEST_STEP][PASSED] - Statement - counter = counter + 1: null

2018-12-13 01:34:12 - [TEST_STEP][PASSED] - Statement - PreSaveFile = new java.io.File(((pathPrefix + java.lang.Integer.toString(counter)) + .png)): null

2018-12-13 01:34:12 - [TEST_STEP][PASSED] - Statement - counter = counter + 1: null

2018-12-13 01:34:12 - [TEST_STEP][PASSED] - Statement - PreSaveFile = new java.io.File(((pathPrefix + java.lang.Integer.toString(counter)) + .png)): null

2018-12-13 01:34:12 - [TEST_STEP][PASSED] - Statement - counter = counter + 1: null

2018-12-13 01:34:12 - [TEST_STEP][PASSED] - Statement - PreSaveFile = new java.io.File(((pathPrefix + java.lang.Integer.toString(counter)) + .png)): null

2018-12-13 01:34:12 - [TEST_STEP][PASSED] - Statement - counter = counter + 1: null

2018-12-13 01:34:12 - [TEST_STEP][PASSED] - Statement - PreSaveFile = new java.io.File(((pathPrefix + java.lang.Integer.toString(counter)) + .png)): null

2018-12-13 01:34:12 - [TEST_STEP][PASSED] - Statement - counter = counter + 1: null

2018-12-13 01:34:12 - [TEST_STEP][PASSED] - Statement - PreSaveFile = new java.io.File(((pathPrefix + java.lang.Integer.toString(counter)) + .png)): null

2018-12-13 01:34:12 - [TEST_STEP][PASSED] - Statement - counter = counter + 1: null

2018-12-13 01:34:12 - [TEST_STEP][PASSED] - Statement - PreSaveFile = new java.io.File(((pathPrefix + java.lang.Integer.toString(counter)) + .png)): null

2018-12-13 01:34:12 - [TEST_STEP][PASSED] - Statement - counter = counter + 1: null

2018-12-13 01:34:13 - [TEST_STEP][PASSED] - Statement - PreSaveFile = new java.io.File(((pathPrefix + java.lang.Integer.toString(counter)) + .png)): null

2018-12-13 01:34:13 - [TEST_STEP][PASSED] - Statement - counter = counter + 1: null

2018-12-13 01:34:13 - [TEST_STEP][PASSED] - Statement - PreSaveFile = new java.io.File(((pathPrefix + java.lang.Integer.toString(counter)) + .png)): null

2018-12-13 01:34:13 - [TEST_STEP][PASSED] - Statement - counter = counter + 1: null

2018-12-13 01:34:13 - [TEST_STEP][PASSED] - Statement - PreSaveFile = new java.io.File(((pathPrefix + java.lang.Integer.toString(counter)) + .png)): null

2018-12-13 01:34:13 - [TEST_STEP][PASSED] - Statement - counter = counter + 1: null

2018-12-13 01:34:13 - [TEST_STEP][PASSED] - Statement - PreSaveFile = new java.io.File(((pathPrefix + java.lang.Integer.toString(counter)) + .png)): null

2018-12-13 01:34:13 - [TEST_STEP][PASSED] - Statement - counter = counter + 1: null

2018-12-13 01:34:13 - [TEST_STEP][PASSED] - Statement - PreSaveFile = new java.io.File(((pathPrefix + java.lang.Integer.toString(counter)) + .png)): null

2018-12-13 01:34:13 - [TEST_STEP][PASSED] - Statement - counter = counter + 1: null

2018-12-13 01:34:13 - [TEST_STEP][PASSED] - Statement - PreSaveFile = new java.io.File(((pathPrefix + java.lang.Integer.toString(counter)) + .png)): null

2018-12-13 01:34:13 - [TEST_STEP][PASSED] - Statement - counter = counter + 1: null

2018-12-13 01:34:13 - [TEST_STEP][PASSED] - Statement - PreSaveFile = new java.io.File(((pathPrefix + java.lang.Integer.toString(counter)) + .png)): null

2018-12-13 01:34:13 - [TEST_STEP][PASSED] - Statement - counter = counter + 1: null

2018-12-13 01:34:13 - [TEST_STEP][PASSED] - Statement - PreSaveFile = new java.io.File(((pathPrefix + java.lang.Integer.toString(counter)) + .png)): null

2018-12-13 01:34:13 - [TEST_STEP][PASSED] - Statement - counter = counter + 1: null

2018-12-13 01:34:13 - [TEST_STEP][PASSED] - Statement - PreSaveFile = new java.io.File(((pathPrefix + java.lang.Integer.toString(counter)) + .png)): null

2018-12-13 01:34:13 - [TEST_STEP][PASSED] - Statement - counter = counter + 1: null

2018-12-13 01:34:13 - [TEST_STEP][PASSED] - Statement - PreSaveFile = new java.io.File(((pathPrefix + java.lang.Integer.toString(counter)) + .png)): null

2018-12-13 01:34:13 - [TEST_STEP][PASSED] - Statement - counter = counter + 1: null

2018-12-13 01:34:13 - [TEST_STEP][PASSED] - Statement - PreSaveFile = new java.io.File(((pathPrefix + java.lang.Integer.toString(counter)) + .png)): null

2018-12-13 01:34:13 - [TEST_STEP][PASSED] - Statement - counter = counter + 1: null

2018-12-13 01:34:13 - [TEST_STEP][PASSED] - Statement - PreSaveFile = new java.io.File(((pathPrefix + java.lang.Integer.toString(counter)) + .png)): null

2018-12-13 01:34:13 - [TEST_STEP][PASSED] - Statement - counter = counter + 1: null

2018-12-13 01:34:13 - [TEST_STEP][PASSED] - Statement - PreSaveFile = new java.io.File(((pathPrefix + java.lang.Integer.toString(counter)) + .png)): null

2018-12-13 01:34:13 - [TEST_STEP][PASSED] - Statement - counter = counter + 1: null

2018-12-13 01:34:13 - [TEST_STEP][PASSED] - Statement - PreSaveFile = new java.io.File(((pathPrefix + java.lang.Integer.toString(counter)) + .png)): null

2018-12-13 01:34:13 - [TEST_STEP][PASSED] - Statement - counter = counter + 1: null

2018-12-13 01:34:13 - [TEST_STEP][PASSED] - Statement - PreSaveFile = new java.io.File(((pathPrefix + java.lang.Integer.toString(counter)) + .png)): null

2018-12-13 01:34:13 - [TEST_STEP][PASSED] - Statement - counter = counter + 1: null

2018-12-13 01:34:13 - [TEST_STEP][PASSED] - Statement - PreSaveFile = new java.io.File(((pathPrefix + java.lang.Integer.toString(counter)) + .png)): null

2018-12-13 01:34:13 - [TEST_STEP][PASSED] - Statement - counter = counter + 1: null

2018-12-13 01:34:13 - [TEST_STEP][PASSED] - Statement - PreSaveFile = new java.io.File(((pathPrefix + java.lang.Integer.toString(counter)) + .png)): null

2018-12-13 01:34:13 - [TEST_STEP][PASSED] - Statement - counter = counter + 1: null

2018-12-13 01:34:13 - [TEST_STEP][PASSED] - Statement - PreSaveFile = new java.io.File(((pathPrefix + java.lang.Integer.toString(counter)) + .png)): null

2018-12-13 01:34:13 - [TEST_STEP][PASSED] - Statement - counter = counter + 1: null

2018-12-13 01:34:13 - [TEST_STEP][PASSED] - Statement - PreSaveFile = new java.io.File(((pathPrefix + java.lang.Integer.toString(counter)) + .png)): null

2018-12-13 01:34:13 - [TEST_STEP][PASSED] - Statement - counter = counter + 1: null

2018-12-13 01:34:13 - [TEST_STEP][PASSED] - Statement - PreSaveFile = new java.io.File(((pathPrefix + java.lang.Integer.toString(counter)) + .png)): null

2018-12-13 01:34:13 - [TEST_STEP][PASSED] - Statement - counter = counter + 1: null

2018-12-13 01:34:13 - [TEST_STEP][PASSED] - Statement - PreSaveFile = new java.io.File(((pathPrefix + java.lang.Integer.toString(counter)) + .png)): null

2018-12-13 01:34:13 - [TEST_STEP][PASSED] - Statement - counter = counter + 1: null

2018-12-13 01:34:13 - [TEST_STEP][PASSED] - Statement - PreSaveFile = new java.io.File(((pathPrefix + java.lang.Integer.toString(counter)) + .png)): null

2018-12-13 01:34:13 - [TEST_STEP][PASSED] - Statement - counter = counter + 1: null

2018-12-13 01:34:13 - [TEST_STEP][PASSED] - Statement - PreSaveFile = new java.io.File(((pathPrefix + java.lang.Integer.toString(counter)) + .png)): null

2018-12-13 01:34:13 - [TEST_STEP][PASSED] - Statement - counter = counter + 1: null

2018-12-13 01:34:13 - [TEST_STEP][PASSED] - Statement - PreSaveFile = new java.io.File(((pathPrefix + java.lang.Integer.toString(counter)) + .png)): null

2018-12-13 01:34:13 - [TEST_STEP][PASSED] - Statement - counter = counter + 1: null

2018-12-13 01:34:13 - [TEST_STEP][PASSED] - Statement - PreSaveFile = new java.io.File(((pathPrefix + java.lang.Integer.toString(counter)) + .png)): null

2018-12-13 01:34:13 - [TEST_STEP][PASSED] - Statement - counter = counter + 1: null

2018-12-13 01:34:13 - [TEST_STEP][PASSED] - Statement - PreSaveFile = new java.io.File(((pathPrefix + java.lang.Integer.toString(counter)) + .png)): null

2018-12-13 01:34:13 - [TEST_STEP][PASSED] - Statement - counter = counter + 1: null

2018-12-13 01:34:13 - [TEST_STEP][PASSED] - Statement - PreSaveFile = new java.io.File(((pathPrefix + java.lang.Integer.toString(counter)) + .png)): null

2018-12-13 01:34:13 - [TEST_STEP][PASSED] - Statement - counter = counter + 1: null

2018-12-13 01:34:13 - [TEST_STEP][PASSED] - Statement - PreSaveFile = new java.io.File(((pathPrefix + java.lang.Integer.toString(counter)) + .png)): null

2018-12-13 01:34:13 - [TEST_STEP][PASSED] - Statement - counter = counter + 1: null

2018-12-13 01:34:13 - [TEST_STEP][PASSED] - Statement - PreSaveFile = new java.io.File(((pathPrefix + java.lang.Integer.toString(counter)) + .png)): null

2018-12-13 01:34:13 - [TEST_STEP][PASSED] - Statement - counter = counter + 1: null

2018-12-13 01:34:13 - [TEST_STEP][PASSED] - Statement - PreSaveFile = new java.io.File(((pathPrefix + java.lang.Integer.toString(counter)) + .png)): null

2018-12-13 01:34:13 - [TEST_STEP][PASSED] - Statement - counter = counter + 1: null

2018-12-13 01:34:13 - [TEST_STEP][PASSED] - Statement - PreSaveFile = new java.io.File(((pathPrefix + java.lang.Integer.toString(counter)) + .png)): null

2018-12-13 01:34:13 - [TEST_STEP][PASSED] - Statement - counter = counter + 1: null

2018-12-13 01:34:13 - [TEST_STEP][PASSED] - Statement - PreSaveFile = new java.io.File(((pathPrefix + java.lang.Integer.toString(counter)) + .png)): null

2018-12-13 01:34:13 - [TEST_STEP][PASSED] - Statement - counter = counter + 1: null

2018-12-13 01:34:13 - [TEST_STEP][PASSED] - Statement - PreSaveFile = new java.io.File(((pathPrefix + java.lang.Integer.toString(counter)) + .png)): null

2018-12-13 01:34:13 - [TEST_STEP][PASSED] - Statement - counter = counter + 1: null

2018-12-13 01:34:13 - [TEST_STEP][PASSED] - Statement - PreSaveFile = new java.io.File(((pathPrefix + java.lang.Integer.toString(counter)) + .png)): null

2018-12-13 01:34:13 - [TEST_STEP][PASSED] - Statement - counter = counter + 1: null

2018-12-13 01:34:13 - [TEST_STEP][PASSED] - Statement - PreSaveFile = new java.io.File(((pathPrefix + java.lang.Integer.toString(counter)) + .png)): null

2018-12-13 01:34:13 - [TEST_STEP][PASSED] - Statement - counter = counter + 1: null

2018-12-13 01:34:13 - [TEST_STEP][PASSED] - Statement - PreSaveFile = new java.io.File(((pathPrefix + java.lang.Integer.toString(counter)) + .png)): null

2018-12-13 01:34:13 - [TEST_STEP][PASSED] - Statement - counter = counter + 1: null

2018-12-13 01:34:13 - [TEST_STEP][PASSED] - Statement - PreSaveFile = new java.io.File(((pathPrefix + java.lang.Integer.toString(counter)) + .png)): null

2018-12-13 01:34:13 - [TEST_STEP][PASSED] - Statement - counter = counter + 1: null

2018-12-13 01:34:13 - [TEST_STEP][PASSED] - Statement - PreSaveFile = new java.io.File(((pathPrefix + java.lang.Integer.toString(counter)) + .png)): null

2018-12-13 01:34:13 - [TEST_STEP][PASSED] - Statement - counter = counter + 1: null

2018-12-13 01:34:13 - [TEST_STEP][PASSED] - Statement - PreSaveFile = new java.io.File(((pathPrefix + java.lang.Integer.toString(counter)) + .png)): null

2018-12-13 01:34:13 - [TEST_STEP][PASSED] - Statement - counter = counter + 1: null

2018-12-13 01:34:13 - [TEST_STEP][PASSED] - Statement - PreSaveFile = new java.io.File(((pathPrefix + java.lang.Integer.toString(counter)) + .png)): null

2018-12-13 01:34:13 - [TEST_STEP][PASSED] - Statement - counter = counter + 1: null

2018-12-13 01:34:13 - [TEST_STEP][PASSED] - Statement - PreSaveFile = new java.io.File(((pathPrefix + java.lang.Integer.toString(counter)) + .png)): null

2018-12-13 01:34:13 - [TEST_STEP][PASSED] - Statement - counter = counter + 1: null

2018-12-13 01:34:13 - [TEST_STEP][PASSED] - Statement - PreSaveFile = new java.io.File(((pathPrefix + java.lang.Integer.toString(counter)) + .png)): null

2018-12-13 01:34:13 - [TEST_STEP][PASSED] - Statement - counter = counter + 1: null

2018-12-13 01:34:13 - [TEST_STEP][PASSED] - Statement - PreSaveFile = new java.io.File(((pathPrefix + java.lang.Integer.toString(counter)) + .png)): null

2018-12-13 01:34:13 - [TEST_STEP][PASSED] - Statement - counter = counter + 1: null

2018-12-13 01:34:13 - [TEST_STEP][PASSED] - Statement - PreSaveFile = new java.io.File(((pathPrefix + java.lang.Integer.toString(counter)) + .png)): null

2018-12-13 01:34:13 - [TEST_STEP][PASSED] - Statement - counter = counter + 1: null

2018-12-13 01:34:13 - [TEST_STEP][PASSED] - Statement - PreSaveFile = new java.io.File(((pathPrefix + java.lang.Integer.toString(counter)) + .png)): null

2018-12-13 01:34:13 - [TEST_STEP][PASSED] - Statement - counter = counter + 1: null

2018-12-13 01:34:13 - [TEST_STEP][PASSED] - Statement - PreSaveFile = new java.io.File(((pathPrefix + java.lang.Integer.toString(counter)) + .png)): null

2018-12-13 01:34:13 - [TEST_STEP][PASSED] - Statement - counter = counter + 1: null

2018-12-13 01:34:13 - [TEST_STEP][PASSED] - Statement - PreSaveFile = new java.io.File(((pathPrefix + java.lang.Integer.toString(counter)) + .png)): null

2018-12-13 01:34:13 - [TEST_STEP][PASSED] - Statement - counter = counter + 1: null

2018-12-13 01:34:13 - [TEST_STEP][PASSED] - Statement - PreSaveFile = new java.io.File(((pathPrefix + java.lang.Integer.toString(counter)) + .png)): null

2018-12-13 01:34:13 - [TEST_STEP][PASSED] - Statement - counter = counter + 1: null

2018-12-13 01:34:13 - [TEST_STEP][PASSED] - Statement - PreSaveFile = new java.io.File(((pathPrefix + java.lang.Integer.toString(counter)) + .png)): null

2018-12-13 01:34:13 - [TEST_STEP][PASSED] - Statement - counter = counter + 1: null

2018-12-13 01:34:13 - [TEST_STEP][PASSED] - Statement - PreSaveFile = new java.io.File(((pathPrefix + java.lang.Integer.toString(counter)) + .png)): null

2018-12-13 01:34:13 - [TEST_STEP][PASSED] - Statement - counter = counter + 1: null

2018-12-13 01:34:13 - [TEST_STEP][PASSED] - Statement - PreSaveFile = new java.io.File(((pathPrefix + java.lang.Integer.toString(counter)) + .png)): null

2018-12-13 01:34:13 - [TEST_STEP][PASSED] - Statement - counter = counter + 1: null

2018-12-13 01:34:13 - [TEST_STEP][PASSED] - Statement - PreSaveFile = new java.io.File(((pathPrefix + java.lang.Integer.toString(counter)) + .png)): null

2018-12-13 01:34:13 - [TEST_STEP][PASSED] - Statement - counter = counter + 1: null

2018-12-13 01:34:13 - [TEST_STEP][PASSED] - Statement - PreSaveFile = new java.io.File(((pathPrefix + java.lang.Integer.toString(counter)) + .png)): null

2018-12-13 01:34:13 - [TEST_STEP][PASSED] - Statement - counter = counter + 1: null

2018-12-13 01:34:13 - [TEST_STEP][PASSED] - Statement - PreSaveFile = new java.io.File(((pathPrefix + java.lang.Integer.toString(counter)) + .png)): null

2018-12-13 01:34:13 - [TEST_STEP][PASSED] - Statement - counter = counter + 1: null

2018-12-13 01:34:13 - [TEST_STEP][PASSED] - Statement - PreSaveFile = new java.io.File(((pathPrefix + java.lang.Integer.toString(counter)) + .png)): null

2018-12-13 01:34:13 - [TEST_STEP][PASSED] - Statement - counter = counter + 1: null

2018-12-13 01:34:13 - [TEST_STEP][PASSED] - Statement - PreSaveFile = new java.io.File(((pathPrefix + java.lang.Integer.toString(counter)) + .png)): null

2018-12-13 01:34:13 - [TEST_STEP][PASSED] - Statement - counter = counter + 1: null

2018-12-13 01:34:13 - [TEST_STEP][PASSED] - Statement - PreSaveFile = new java.io.File(((pathPrefix + java.lang.Integer.toString(counter)) + .png)): null

2018-12-13 01:34:13 - [TEST_STEP][PASSED] - Statement - counter = counter + 1: null

2018-12-13 01:34:13 - [TEST_STEP][PASSED] - Statement - PreSaveFile = new java.io.File(((pathPrefix + java.lang.Integer.toString(counter)) + .png)): null

2018-12-13 01:34:13 - [TEST_STEP][PASSED] - Statement - counter = counter + 1: null

2018-12-13 01:34:13 - [TEST_STEP][PASSED] - Statement - PreSaveFile = new java.io.File(((pathPrefix + java.lang.Integer.toString(counter)) + .png)): null

2018-12-13 01:34:13 - [TEST_STEP][PASSED] - Statement - counter = counter + 1: null

2018-12-13 01:34:13 - [TEST_STEP][PASSED] - Statement - PreSaveFile = new java.io.File(((pathPrefix + java.lang.Integer.toString(counter)) + .png)): null

2018-12-13 01:34:13 - [TEST_STEP][PASSED] - Statement - counter = counter + 1: null

2018-12-13 01:34:13 - [TEST_STEP][PASSED] - Statement - PreSaveFile = new java.io.File(((pathPrefix + java.lang.Integer.toString(counter)) + .png)): null

2018-12-13 01:34:13 - [TEST_STEP][PASSED] - Statement - counter = counter + 1: null

2018-12-13 01:34:13 - [TEST_STEP][PASSED] - Statement - PreSaveFile = new java.io.File(((pathPrefix + java.lang.Integer.toString(counter)) + .png)): null

2018-12-13 01:34:13 - [TEST_STEP][PASSED] - Statement - counter = counter + 1: null

2018-12-13 01:34:13 - [TEST_STEP][PASSED] - Statement - PreSaveFile = new java.io.File(((pathPrefix + java.lang.Integer.toString(counter)) + .png)): null

2018-12-13 01:34:13 - [TEST_STEP][PASSED] - Statement - finalPath = pathPrefix + java.lang.Integer.toString(counter) + ".png": null

2018-12-13 01:34:13 - [TEST_STEP][PASSED] - Statement - SaveFile = new java.io.File(finalPath): null

2018-12-13 01:34:13 - [TEST_STEP][PASSED] - Statement - Try: null

2018-12-13 01:34:13 - [TEST_STEP][PASSED] - Statement - org.apache.commons.io.FileUtils.copyFile(scrFile, SaveFile): null

2018-12-13 01:34:13 - [TEST_STEP][PASSED] - Statement - out.println("file kept"): null

2018-12-13 01:34:13 - [TEST_STEP][PASSED] - delay: Delayed 10 second(s)

2018-12-13 01:34:23 - [MESSAGE][PASSED] - Delayed 10 second(s)

2018-12-13 01:34:23 - [MESSAGE][PASSED] - Call Test Case 'Test Cases/Final Aug 2018 - PKS Automation/Registration Module/New Registration/Submit and Screenshot/Submit Registration and Screenshot' successfully

2018-12-13 01:34:23 - [TEST_STEP][PASSED] - callTestCase: Call Test Case 'Test Cases/Final Aug 2018 - PKS Automation/Registration Module/Log Out/log out avoiding katalon tagging' successfully

2018-12-13 01:34:23 - [TEST_CASE][PASSED] - Test Cases/Final Aug 2018 - PKS Automation/Registration Module/Log Out/log out avoiding katalon tagging: Test Cases/Final Aug 2018 - PKS Automation/Registration Module/Log Out/log out avoiding katalon tagging

2018-12-13 01:34:23 - [TEST_STEP][PASSED] - navigateToUrl: Navigate to 'https://assist2-uat.perkeso.gov.my/c/portal/logout' successfully

2018-12-13 01:34:24 - [MESSAGE][PASSED] - Navigate to 'https://assist2-uat.perkeso.gov.my/c/portal/logout' successfully

2018-12-13 01:34:24 - [MESSAGE][PASSED] - Call Test Case 'Test Cases/Final Aug 2018 - PKS Automation/Registration Module/Log Out/log out avoiding katalon tagging' successfully

2018-12-13 01:34:24 - [TEST_STEP][PASSED] - callTestCase: Call Test Case 'Test Cases/Final Aug 2018 - PKS Automation/Common/Workflow Owner Finder' successfully

2018-12-13 01:34:24 - [TEST_CASE][PASSED] - Test Cases/Final Aug 2018 - PKS Automation/Common/Workflow Owner Finder: Test Cases/Final Aug 2018 - PKS Automation/Common/Workflow Owner Finder

2018-12-13 01:34:24 - [TEST_STEP][PASSED] - openBrowser: Browser is opened with url: ''

2018-12-13 01:34:24 - [MESSAGE][WARNING] - A browser is already opened. Closing browser and opening a new one

2018-12-13 01:34:28 - [MESSAGE][PASSED] - Browser is opened with url: ''

2018-12-13 01:34:28 - [TEST_STEP][PASSED] - navigateToUrl: Navigate to 'https://assist2-uat.perkeso.gov.my/login' successfully

2018-12-13 01:34:29 - [MESSAGE][PASSED] - Navigate to 'https://assist2-uat.perkeso.gov.my/login' successfully

2018-12-13 01:34:29 - [TEST_STEP][PASSED] - delay: Delayed 5 second(s)

2018-12-13 01:34:34 - [MESSAGE][PASSED] - Delayed 5 second(s)

2018-12-13 01:34:34 - [TEST_STEP][PASSED] - setText: Text 'test@liferay.com' is set on object 'Object Repository/Final Object Repo/Login Page/Internal User/Email Address'

2018-12-13 01:34:34 - [MESSAGE][PASSED] - Text 'test@liferay.com' is set on object 'Object Repository/Final Object Repo/Login Page/Internal User/Email Address'

2018-12-13 01:34:34 - [TEST_STEP][PASSED] - click: Object: 'Object Repository/Final Object Repo/Login Page/Internal User/Next Button' is clicked on

2018-12-13 01:34:34 - [MESSAGE][PASSED] - Object: 'Object Repository/Final Object Repo/Login Page/Internal User/Next Button' is clicked on

2018-12-13 01:34:34 - [TEST_STEP][PASSED] - delay: Delayed 2 second(s)

2018-12-13 01:34:36 - [MESSAGE][PASSED] - Delayed 2 second(s)

2018-12-13 01:34:36 - [TEST_STEP][PASSED] - setText: Text 'test' is set on object 'Object Repository/Final Object Repo/Login Page/Internal User/Password'

2018-12-13 01:34:37 - [MESSAGE][PASSED] - Text 'test' is set on object 'Object Repository/Final Object Repo/Login Page/Internal User/Password'

2018-12-13 01:34:37 - [TEST_STEP][PASSED] - delay: Delayed 2 second(s)

2018-12-13 01:34:39 - [MESSAGE][PASSED] - Delayed 2 second(s)

2018-12-13 01:34:39 - [TEST_STEP][PASSED] - click: Object: 'Object Repository/Final Object Repo/Login Page/Internal User/Login Button' is clicked on

2018-12-13 01:34:39 - [MESSAGE][PASSED] - Object: 'Object Repository/Final Object Repo/Login Page/Internal User/Login Button' is clicked on

2018-12-13 01:34:39 - [TEST_STEP][PASSED] - Statement - tester = com.kms.katalon.core.testobject.ObjectRepository.findTestObject(Final Object Repo/Landing Page/Select to English): Finding Test Object with id 'Object Repository/Final Object Repo/Landing Page/Select to English'

2018-12-13 01:34:39 - [TEST_STEP][PASSED] - Statement - Try: Delayed 2 second(s)

2018-12-13 01:34:39 - [TEST_STEP][PASSED] - Statement - Checker = com.kms.katalon.core.webui.keyword.WebUiBuiltInKeywords.verifyElementNotPresent(tester, 3): Web element with id: 'Object Repository/Final Object Repo/Landing Page/Select to English' located by 'By.xpath: //a[@class = 'taglib-language-list-text' and @lang = 'en-US' and (contains(text(), 'EN') or contains(., 'EN'))]' is not present after '3' second(s)

2018-12-13 01:34:41 - [MESSAGE][PASSED] - Web element with id: 'Object Repository/Final Object Repo/Landing Page/Select to English' located by 'By.xpath: //a[@class = 'taglib-language-list-text' and @lang = 'en-US' and (contains(text(), 'EN') or contains(., 'EN'))]' is not present after '3' second(s)

2018-12-13 01:34:41 - [TEST_STEP][PASSED] - Statement - If (Checker == false): null

2018-12-13 01:34:41 - [TEST_STEP][PASSED] - delay: Delayed 2 second(s)

2018-12-13 01:34:43 - [MESSAGE][PASSED] - Delayed 2 second(s)

2018-12-13 01:34:43 - [TEST_STEP][PASSED] - delay: Delayed 5 second(s)

2018-12-13 01:34:48 - [MESSAGE][PASSED] - Delayed 5 second(s)

2018-12-13 01:34:48 - [TEST_STEP][PASSED] - mouseOver: Object: 'Object Repository/Final Object Repo/Landing Page/WorkFlow Menu' is hovered

2018-12-13 01:34:48 - [MESSAGE][PASSED] - Object: 'Object Repository/Final Object Repo/Landing Page/WorkFlow Menu' is hovered

2018-12-13 01:34:48 - [TEST_STEP][PASSED] - delay: Delayed 2 second(s)

2018-12-13 01:34:50 - [MESSAGE][PASSED] - Delayed 2 second(s)

2018-12-13 01:34:50 - [TEST_STEP][PASSED] - click: Object: 'Object Repository/Final Object Repo/Landing Page/Select to Workflow Listing' is clicked on

2018-12-13 01:34:51 - [MESSAGE][PASSED] - Object: 'Object Repository/Final Object Repo/Landing Page/Select to Workflow Listing' is clicked on

2018-12-13 01:34:51 - [TEST_STEP][PASSED] - delay: Delayed 2 second(s)

2018-12-13 01:34:53 - [MESSAGE][PASSED] - Delayed 2 second(s)

2018-12-13 01:34:53 - [TEST_STEP][PASSED] - click: Object: 'Object Repository/Final Object Repo/WorkFlow Listing Page/Search Information - To Put Ref No' is clicked on

2018-12-13 01:34:53 - [MESSAGE][PASSED] - Object: 'Object Repository/Final Object Repo/WorkFlow Listing Page/Search Information - To Put Ref No' is clicked on

2018-12-13 01:34:53 - [TEST_STEP][PASSED] - delay: Delayed 2 second(s)

2018-12-13 01:34:55 - [MESSAGE][PASSED] - Delayed 2 second(s)

2018-12-13 01:34:55 - [TEST_STEP][PASSED] - callTestCase: Call Test Case 'Test Cases/Final Aug 2018 - PKS Automation/Common/Reference Number Getter' successfully

2018-12-13 01:34:55 - [TEST_CASE][PASSED] - Test Cases/Final Aug 2018 - PKS Automation/Common/Reference Number Getter: Test Cases/Final Aug 2018 - PKS Automation/Common/Reference Number Getter

2018-12-13 01:34:55 - [TEST_STEP][PASSED] - Statement - Try: null

2018-12-13 01:34:55 - [TEST_STEP][PASSED] - Statement - RefNo = new java.io.File(C://Users//Admin//Desktop//PKS//Automation Reference Point//KatalonReference.txt): null

2018-12-13 01:34:55 - [TEST_STEP][PASSED] - Statement - bufferread = new java.io.BufferedReader(new java.io.FileReader(RefNo)): null

2018-12-13 01:34:55 - [TEST_STEP][PASSED] - Statement - readedVal = bufferread.readLine(): null

2018-12-13 01:34:55 - [TEST_STEP][PASSED] - Statement - out.println(CaseReferenceNo): null

2018-12-13 01:34:55 - [TEST_STEP][PASSED] - Statement - out.println(readedVal): null

2018-12-13 01:34:55 - [TEST_STEP][PASSED] - Statement - CaseReferenceNo = "": null

2018-12-13 01:34:55 - [TEST_STEP][PASSED] - Statement - CaseReferenceNo = readedVal: null

2018-12-13 01:34:55 - [MESSAGE][PASSED] - Call Test Case 'Test Cases/Final Aug 2018 - PKS Automation/Common/Reference Number Getter' successfully

2018-12-13 01:34:55 - [TEST_STEP][PASSED] - setText: Text 'CRN12201800123258' is set on object 'Object Repository/Final Object Repo/WorkFlow Listing Page/Ref No Set Text'

2018-12-13 01:34:55 - [MESSAGE][PASSED] - Text 'CRN12201800123258' is set on object 'Object Repository/Final Object Repo/WorkFlow Listing Page/Ref No Set Text'

2018-12-13 01:34:55 - [TEST_STEP][PASSED] - delay: Delayed 2 second(s)

2018-12-13 01:34:57 - [MESSAGE][PASSED] - Delayed 2 second(s)

2018-12-13 01:34:57 - [TEST_STEP][PASSED] - click: Object: 'Object Repository/Final Object Repo/WorkFlow Listing Page/Search Ref No Search Button' is clicked on

2018-12-13 01:34:58 - [MESSAGE][PASSED] - Object: 'Object Repository/Final Object Repo/WorkFlow Listing Page/Search Ref No Search Button' is clicked on

2018-12-13 01:34:58 - [TEST_STEP][PASSED] - delay: Delayed 6 second(s)

2018-12-13 01:35:04 - [MESSAGE][PASSED] - Delayed 6 second(s)

2018-12-13 01:35:04 - [TEST_STEP][PASSED] - click: Object: 'Object Repository/Final Object Repo/WorkFlow Listing Page/Click Continue Tooltip' is clicked on

2018-12-13 01:35:05 - [MESSAGE][PASSED] - Object: 'Object Repository/Final Object Repo/WorkFlow Listing Page/Click Continue Tooltip' is clicked on

2018-12-13 01:35:05 - [TEST_STEP][PASSED] - delay: Delayed 5 second(s)

2018-12-13 01:35:10 - [MESSAGE][PASSED] - Delayed 5 second(s)

2018-12-13 01:35:10 - [TEST_STEP][PASSED] - doubleClick: Object: 'Object Repository/Final Object Repo/WorkFlow Listing Page/Workflow Found - Listing 1' is double clicked on

2018-12-13 01:35:10 - [MESSAGE][PASSED] - Object: 'Object Repository/Final Object Repo/WorkFlow Listing Page/Workflow Found - Listing 1' is double clicked on

2018-12-13 01:35:10 - [TEST_STEP][PASSED] - Statement - println(OwnerID): null

2018-12-13 01:35:10 - [TEST_STEP][PASSED] - Statement - OwnerID = com.kms.katalon.core.webui.keyword.WebUiBuiltInKeywords.getText(com.kms.katalon.core.testobject.ObjectRepository.findTestObject(Final Object Repo/WorkFlow Listing Page/Workflow Found - Listing 1), STOP_ON_FAILURE): Text of object 'Object Repository/Final Object Repo/WorkFlow Listing Page/Workflow Found - Listing 1' is: 'KLpkrbo3'

2018-12-13 01:35:10 - [MESSAGE][PASSED] - Text of object 'Object Repository/Final Object Repo/WorkFlow Listing Page/Workflow Found - Listing 1' is: 'KLpkrbo3'

2018-12-13 01:35:10 - [TEST_STEP][PASSED] - Statement - OwnerID = OwnerID.toLowerCase() + "@gmail.com": null

2018-12-13 01:35:10 - [TEST_STEP][PASSED] - Statement - println(OwnerID): null

2018-12-13 01:35:10 - [TEST_STEP][PASSED] - delay: Delayed 2 second(s)

2018-12-13 01:35:12 - [MESSAGE][PASSED] - Delayed 2 second(s)

2018-12-13 01:35:12 - [MESSAGE][PASSED] - Call Test Case 'Test Cases/Final Aug 2018 - PKS Automation/Common/Workflow Owner Finder' successfully

2018-12-13 01:35:12 - [TEST_STEP][PASSED] - callTestCase: Call Test Case 'Test Cases/Final Aug 2018 - PKS Automation/Registration Module/Log Out/log out avoiding katalon tagging' successfully

2018-12-13 01:35:12 - [TEST_CASE][PASSED] - Test Cases/Final Aug 2018 - PKS Automation/Registration Module/Log Out/log out avoiding katalon tagging: Test Cases/Final Aug 2018 - PKS Automation/Registration Module/Log Out/log out avoiding katalon tagging

2018-12-13 01:35:12 - [TEST_STEP][PASSED] - navigateToUrl: Navigate to 'https://assist2-uat.perkeso.gov.my/c/portal/logout' successfully

2018-12-13 01:35:13 - [MESSAGE][PASSED] - Navigate to 'https://assist2-uat.perkeso.gov.my/c/portal/logout' successfully

2018-12-13 01:35:13 - [MESSAGE][PASSED] - Call Test Case 'Test Cases/Final Aug 2018 - PKS Automation/Registration Module/Log Out/log out avoiding katalon tagging' successfully

2018-12-13 01:35:13 - [TEST_STEP][PASSED] - delay: Delayed 2 second(s)

2018-12-13 01:35:15 - [MESSAGE][PASSED] - Delayed 2 second(s)

2018-12-13 01:35:15 - [TEST_STEP][PASSED] - setText: Text 'klpkrbo3@gmail.com' is set on object 'Object Repository/Final Object Repo/New Registration - Registration Module Pages/New Reg - OTC to RO/Special Case - All Related Objects/Email TextBox'

2018-12-13 01:35:15 - [MESSAGE][PASSED] - Text 'klpkrbo3@gmail.com' is set on object 'Object Repository/Final Object Repo/New Registration - Registration Module Pages/New Reg - OTC to RO/Special Case - All Related Objects/Email TextBox'

2018-12-13 01:35:15 - [TEST_STEP][PASSED] - click: Object: 'Object Repository/Final Object Repo/New Registration - Registration Module Pages/New Reg - OTC to RO/Special Case - All Related Objects/Next Button' is clicked on

2018-12-13 01:35:15 - [MESSAGE][PASSED] - Object: 'Object Repository/Final Object Repo/New Registration - Registration Module Pages/New Reg - OTC to RO/Special Case - All Related Objects/Next Button' is clicked on

2018-12-13 01:35:15 - [TEST_STEP][PASSED] - delay: Delayed 2 second(s)

2018-12-13 01:35:17 - [MESSAGE][PASSED] - Delayed 2 second(s)

2018-12-13 01:35:17 - [TEST_STEP][PASSED] - setText: Text 'Test1@3456789' is set on object 'Object Repository/Final Object Repo/New Registration - Registration Module Pages/New Reg - OTC to RO/Special Case - All Related Objects/Password TextBox'

2018-12-13 01:35:17 - [MESSAGE][PASSED] - Text 'Test1@3456789' is set on object 'Object Repository/Final Object Repo/New Registration - Registration Module Pages/New Reg - OTC to RO/Special Case - All Related Objects/Password TextBox'

2018-12-13 01:35:17 - [TEST_STEP][PASSED] - delay: Delayed 2 second(s)

2018-12-13 01:35:19 - [MESSAGE][PASSED] - Delayed 2 second(s)

2018-12-13 01:35:19 - [TEST_STEP][PASSED] - click: Object: 'Object Repository/Final Object Repo/New Registration - Registration Module Pages/New Reg - OTC to RO/Special Case - All Related Objects/Login Button' is clicked on

2018-12-13 01:35:20 - [MESSAGE][PASSED] - Object: 'Object Repository/Final Object Repo/New Registration - Registration Module Pages/New Reg - OTC to RO/Special Case - All Related Objects/Login Button' is clicked on

2018-12-13 01:35:20 - [TEST_STEP][PASSED] - delay: Delayed 2 second(s)

2018-12-13 01:35:22 - [MESSAGE][PASSED] - Delayed 2 second(s)

2018-12-13 01:35:22 - [TEST_STEP][PASSED] - Statement - Try: null

2018-12-13 01:35:22 - [TEST_STEP][PASSED] - Statement - Checker = com.kms.katalon.core.webui.keyword.WebUiBuiltInKeywords.verifyElementNotPresent("Final Object Repo/Landing Page/Select to English", 3): null

2018-12-13 01:35:22 - [TEST_STEP][PASSED] - Statement - Catch (Exception e): null

2018-12-13 01:35:22 - [TEST_STEP][PASSED] - Statement - e.printStackTrace(): null

2018-12-13 01:35:22 - [TEST_STEP][PASSED] - click: Object: 'Object Repository/Final Object Repo/New Registration - Registration Module Pages/New Reg - OTC to RO/Special Case - All Related Objects/Expand to Search' is clicked on

2018-12-13 01:35:22 - [MESSAGE][PASSED] - Object: 'Object Repository/Final Object Repo/New Registration - Registration Module Pages/New Reg - OTC to RO/Special Case - All Related Objects/Expand to Search' is clicked on

2018-12-13 01:35:22 - [TEST_STEP][PASSED] - delay: Delayed 2 second(s)

2018-12-13 01:35:24 - [MESSAGE][PASSED] - Delayed 2 second(s)

2018-12-13 01:35:24 - [TEST_STEP][PASSED] - setText: Text 'CRN12201800123258' is set on object 'Object Repository/Final Object Repo/New Registration - Registration Module Pages/New Reg - OTC to RO/Special Case - All Related Objects/TextBox RefNo in Workbasket'

2018-12-13 01:35:24 - [MESSAGE][PASSED] - Text 'CRN12201800123258' is set on object 'Object Repository/Final Object Repo/New Registration - Registration Module Pages/New Reg - OTC to RO/Special Case - All Related Objects/TextBox RefNo in Workbasket'

2018-12-13 01:35:24 - [TEST_STEP][PASSED] - delay: Delayed 2 second(s)

2018-12-13 01:35:26 - [MESSAGE][PASSED] - Delayed 2 second(s)

2018-12-13 01:35:26 - [TEST_STEP][PASSED] - click: Object: 'Object Repository/Final Object Repo/New Registration - Registration Module Pages/New Reg - OTC to RO/Special Case - All Related Objects/Click Search' is clicked on

2018-12-13 01:35:26 - [MESSAGE][PASSED] - Object: 'Object Repository/Final Object Repo/New Registration - Registration Module Pages/New Reg - OTC to RO/Special Case - All Related Objects/Click Search' is clicked on

2018-12-13 01:35:26 - [TEST_STEP][PASSED] - delay: Delayed 2 second(s)

2018-12-13 01:35:28 - [MESSAGE][PASSED] - Delayed 2 second(s)

2018-12-13 01:35:28 - [TEST_STEP][PASSED] - click: Object: 'Object Repository/Final Object Repo/New Registration - Registration Module Pages/New Reg - OTC to RO/Special Case - All Related Objects/Click to Continue Workflow' is clicked on

2018-12-13 01:35:30 - [MESSAGE][PASSED] - Object: 'Object Repository/Final Object Repo/New Registration - Registration Module Pages/New Reg - OTC to RO/Special Case - All Related Objects/Click to Continue Workflow' is clicked on

2018-12-13 01:35:30 - [TEST_STEP][PASSED] - delay: Delayed 2 second(s)

2018-12-13 01:35:32 - [MESSAGE][PASSED] - Delayed 2 second(s)

2018-12-13 01:35:32 - [TEST_STEP][PASSED] - click: Object: 'Object Repository/Final Object Repo/New Registration - Registration Module Pages/New Reg - OTC to RO/Special Case - All Related Objects/Form 1 Save n Continue' is clicked on

2018-12-13 01:35:32 - [MESSAGE][PASSED] - Object: 'Object Repository/Final Object Repo/New Registration - Registration Module Pages/New Reg - OTC to RO/Special Case - All Related Objects/Form 1 Save n Continue' is clicked on

2018-12-13 01:35:32 - [TEST_STEP][PASSED] - delay: Delayed 5 second(s)

2018-12-13 01:35:37 - [MESSAGE][PASSED] - Delayed 5 second(s)

2018-12-13 01:35:37 - [TEST_STEP][PASSED] - click: Object: 'Object Repository/Final Object Repo/New Registration - Registration Module Pages/New Reg - OTC to RO/Special Case - OTC - Form 1/Confirm No Flagging as Branch' is clicked on

2018-12-13 01:35:38 - [MESSAGE][PASSED] - Object: 'Object Repository/Final Object Repo/New Registration - Registration Module Pages/New Reg - OTC to RO/Special Case - OTC - Form 1/Confirm No Flagging as Branch' is clicked on

2018-12-13 01:35:38 - [TEST_STEP][PASSED] - delay: Delayed 2 second(s)

2018-12-13 01:35:40 - [MESSAGE][PASSED] - Delayed 2 second(s)

2018-12-13 01:35:40 - [TEST_STEP][PASSED] - click: Object: 'Object Repository/Final Object Repo/New Registration - Registration Module Pages/New Reg - OTC to RO/Special Case - All Related Objects/Form 2 Save n Continue' is clicked on

2018-12-13 01:35:40 - [MESSAGE][PASSED] - Object: 'Object Repository/Final Object Repo/New Registration - Registration Module Pages/New Reg - OTC to RO/Special Case - All Related Objects/Form 2 Save n Continue' is clicked on

2018-12-13 01:35:40 - [TEST_STEP][PASSED] - delay: Delayed 4 second(s)

2018-12-13 01:35:44 - [MESSAGE][PASSED] - Delayed 4 second(s)

2018-12-13 01:35:44 - [TEST_STEP][PASSED] - click: Object: 'Object Repository/Final Object Repo/New Registration - Registration Module Pages/New Reg - OTC to RO/Special Case - All Related Objects/Third Screen Save n Continue' is clicked on

2018-12-13 01:35:50 - [MESSAGE][PASSED] - Object: 'Object Repository/Final Object Repo/New Registration - Registration Module Pages/New Reg - OTC to RO/Special Case - All Related Objects/Third Screen Save n Continue' is clicked on

2018-12-13 01:35:50 - [TEST_STEP][PASSED] - delay: Delayed 5 second(s)

2018-12-13 01:35:55 - [MESSAGE][PASSED] - Delayed 5 second(s)

2018-12-13 01:35:55 - [TEST_STEP][PASSED] - click: Object: 'Object Repository/Final Object Repo/New Registration - Registration Module Pages/New Reg - OTC to RO/Special Case - All Related Objects/Upload Doc Page Save n Continue' is clicked on

2018-12-13 01:35:55 - [MESSAGE][PASSED] - Object: 'Object Repository/Final Object Repo/New Registration - Registration Module Pages/New Reg - OTC to RO/Special Case - All Related Objects/Upload Doc Page Save n Continue' is clicked on

2018-12-13 01:35:55 - [TEST_STEP][PASSED] - callTestCase: Call Test Case 'Test Cases/Final Aug 2018 - PKS Automation/Registration Module/New Registration/Submit and Screenshot/Submit Registration and Screenshot' successfully

2018-12-13 01:35:55 - [TEST_CASE][PASSED] - Test Cases/Final Aug 2018 - PKS Automation/Registration Module/New Registration/Submit and Screenshot/Submit Registration and Screenshot: Test Cases/Final Aug 2018 - PKS Automation/Registration Module/New Registration/Submit and Screenshot/Submit Registration and Screenshot

2018-12-13 01:35:55 - [TEST_STEP][PASSED] - delay: Delayed 6 second(s)

2018-12-13 01:36:01 - [MESSAGE][PASSED] - Delayed 6 second(s)

2018-12-13 01:36:01 - [TEST_STEP][PASSED] - click: Object: 'Object Repository/Final Object Repo/New Registration - Registration Module Pages/Third Screen - Upload Supporting Doc- Preview/Preview Submit Button' is clicked on

2018-12-13 01:36:01 - [MESSAGE][PASSED] - Object: 'Object Repository/Final Object Repo/New Registration - Registration Module Pages/Third Screen - Upload Supporting Doc- Preview/Preview Submit Button' is clicked on

2018-12-13 01:36:01 - [TEST_STEP][PASSED] - delay: Delayed 2 second(s)

2018-12-13 01:36:03 - [MESSAGE][PASSED] - Delayed 2 second(s)

2018-12-13 01:36:03 - [TEST_STEP][PASSED] - click: Object: 'Object Repository/Final Object Repo/New Registration - Registration Module Pages/Third Screen - Upload Supporting Doc- Preview/Preview Submit - Confirm' is clicked on

2018-12-13 01:36:03 - [MESSAGE][PASSED] - Object: 'Object Repository/Final Object Repo/New Registration - Registration Module Pages/Third Screen - Upload Supporting Doc- Preview/Preview Submit - Confirm' is clicked on

2018-12-13 01:36:03 - [TEST_STEP][PASSED] - delay: Delayed 15 second(s)

2018-12-13 01:36:18 - [MESSAGE][PASSED] - Delayed 15 second(s)

2018-12-13 01:36:18 - [TEST_STEP][PASSED] - Statement - driver = com.kms.katalon.core.webui.driver.DriverFactory.getWebDriver(): null

2018-12-13 01:36:18 - [TEST_STEP][PASSED] - Statement - driver.manage().timeouts().implicitlyWait(10, SECONDS): null

2018-12-13 01:36:18 - [TEST_STEP][PASSED] - Statement - PresavePath = KatalonScreenshots: null

2018-12-13 01:36:18 - [TEST_STEP][PASSED] - Statement - pathPrefix = "C:\Users\Public\Pictures\Sample Pictures\Katalon Screenshots\Automate Ending Screen": null

2018-12-13 01:36:18 - [TEST_STEP][PASSED] - Statement - finalPath = <not implemented yet for class: org.codehaus.groovy.ast.expr.EmptyExpression>: null

2018-12-13 01:36:18 - [TEST_STEP][PASSED] - Statement - scrFile = driver.getScreenshotAs(FILE): null

2018-12-13 01:36:19 - [TEST_STEP][PASSED] - Statement - PreSaveFile = new java.io.File(PresavePath): null

2018-12-13 01:36:19 - [TEST_STEP][PASSED] - Statement - counter = 0: null

2018-12-13 01:36:19 - [TEST_STEP][PASSED] - Statement - If (PreSaveFile.exists()): null

2018-12-13 01:36:19 - [TEST_STEP][PASSED] - Statement - While (PreSaveFile.exists()): null

2018-12-13 01:36:19 - [TEST_STEP][PASSED] - Statement - counter = counter + 1: null

2018-12-13 01:36:19 - [TEST_STEP][PASSED] - Statement - PreSaveFile = new java.io.File(((pathPrefix + java.lang.Integer.toString(counter)) + .png)): null

2018-12-13 01:36:19 - [TEST_STEP][PASSED] - Statement - counter = counter + 1: null

2018-12-13 01:36:19 - [TEST_STEP][PASSED] - Statement - PreSaveFile = new java.io.File(((pathPrefix + java.lang.Integer.toString(counter)) + .png)): null

2018-12-13 01:36:19 - [TEST_STEP][PASSED] - Statement - counter = counter + 1: null

2018-12-13 01:36:19 - [TEST_STEP][PASSED] - Statement - PreSaveFile = new java.io.File(((pathPrefix + java.lang.Integer.toString(counter)) + .png)): null

2018-12-13 01:36:19 - [TEST_STEP][PASSED] - Statement - counter = counter + 1: null

2018-12-13 01:36:19 - [TEST_STEP][PASSED] - Statement - PreSaveFile = new java.io.File(((pathPrefix + java.lang.Integer.toString(counter)) + .png)): null

2018-12-13 01:36:19 - [TEST_STEP][PASSED] - Statement - counter = counter + 1: null

2018-12-13 01:36:19 - [TEST_STEP][PASSED] - Statement - PreSaveFile = new java.io.File(((pathPrefix + java.lang.Integer.toString(counter)) + .png)): null

2018-12-13 01:36:19 - [TEST_STEP][PASSED] - Statement - counter = counter + 1: null

2018-12-13 01:36:19 - [TEST_STEP][PASSED] - Statement - PreSaveFile = new java.io.File(((pathPrefix + java.lang.Integer.toString(counter)) + .png)): null

2018-12-13 01:36:19 - [TEST_STEP][PASSED] - Statement - counter = counter + 1: null

2018-12-13 01:36:19 - [TEST_STEP][PASSED] - Statement - PreSaveFile = new java.io.File(((pathPrefix + java.lang.Integer.toString(counter)) + .png)): null

2018-12-13 01:36:19 - [TEST_STEP][PASSED] - Statement - counter = counter + 1: null

2018-12-13 01:36:19 - [TEST_STEP][PASSED] - Statement - PreSaveFile = new java.io.File(((pathPrefix + java.lang.Integer.toString(counter)) + .png)): null

2018-12-13 01:36:19 - [TEST_STEP][PASSED] - Statement - counter = counter + 1: null

2018-12-13 01:36:19 - [TEST_STEP][PASSED] - Statement - PreSaveFile = new java.io.File(((pathPrefix + java.lang.Integer.toString(counter)) + .png)): null

2018-12-13 01:36:19 - [TEST_STEP][PASSED] - Statement - counter = counter + 1: null

2018-12-13 01:36:19 - [TEST_STEP][PASSED] - Statement - PreSaveFile = new java.io.File(((pathPrefix + java.lang.Integer.toString(counter)) + .png)): null

2018-12-13 01:36:19 - [TEST_STEP][PASSED] - Statement - counter = counter + 1: null

2018-12-13 01:36:19 - [TEST_STEP][PASSED] - Statement - PreSaveFile = new java.io.File(((pathPrefix + java.lang.Integer.toString(counter)) + .png)): null

2018-12-13 01:36:19 - [TEST_STEP][PASSED] - Statement - counter = counter + 1: null

2018-12-13 01:36:19 - [TEST_STEP][PASSED] - Statement - PreSaveFile = new java.io.File(((pathPrefix + java.lang.Integer.toString(counter)) + .png)): null

2018-12-13 01:36:19 - [TEST_STEP][PASSED] - Statement - counter = counter + 1: null

2018-12-13 01:36:19 - [TEST_STEP][PASSED] - Statement - PreSaveFile = new java.io.File(((pathPrefix + java.lang.Integer.toString(counter)) + .png)): null

2018-12-13 01:36:19 - [TEST_STEP][PASSED] - Statement - counter = counter + 1: null

2018-12-13 01:36:19 - [TEST_STEP][PASSED] - Statement - PreSaveFile = new java.io.File(((pathPrefix + java.lang.Integer.toString(counter)) + .png)): null

2018-12-13 01:36:19 - [TEST_STEP][PASSED] - Statement - counter = counter + 1: null

2018-12-13 01:36:19 - [TEST_STEP][PASSED] - Statement - PreSaveFile = new java.io.File(((pathPrefix + java.lang.Integer.toString(counter)) + .png)): null

2018-12-13 01:36:19 - [TEST_STEP][PASSED] - Statement - counter = counter + 1: null

2018-12-13 01:36:19 - [TEST_STEP][PASSED] - Statement - PreSaveFile = new java.io.File(((pathPrefix + java.lang.Integer.toString(counter)) + .png)): null

2018-12-13 01:36:19 - [TEST_STEP][PASSED] - Statement - counter = counter + 1: null

2018-12-13 01:36:19 - [TEST_STEP][PASSED] - Statement - PreSaveFile = new java.io.File(((pathPrefix + java.lang.Integer.toString(counter)) + .png)): null

2018-12-13 01:36:19 - [TEST_STEP][PASSED] - Statement - counter = counter + 1: null

2018-12-13 01:36:19 - [TEST_STEP][PASSED] - Statement - PreSaveFile = new java.io.File(((pathPrefix + java.lang.Integer.toString(counter)) + .png)): null

2018-12-13 01:36:19 - [TEST_STEP][PASSED] - Statement - counter = counter + 1: null

2018-12-13 01:36:19 - [TEST_STEP][PASSED] - Statement - PreSaveFile = new java.io.File(((pathPrefix + java.lang.Integer.toString(counter)) + .png)): null

2018-12-13 01:36:19 - [TEST_STEP][PASSED] - Statement - counter = counter + 1: null

2018-12-13 01:36:19 - [TEST_STEP][PASSED] - Statement - PreSaveFile = new java.io.File(((pathPrefix + java.lang.Integer.toString(counter)) + .png)): null

2018-12-13 01:36:19 - [TEST_STEP][PASSED] - Statement - counter = counter + 1: null

2018-12-13 01:36:19 - [TEST_STEP][PASSED] - Statement - PreSaveFile = new java.io.File(((pathPrefix + java.lang.Integer.toString(counter)) + .png)): null

2018-12-13 01:36:19 - [TEST_STEP][PASSED] - Statement - counter = counter + 1: null

2018-12-13 01:36:19 - [TEST_STEP][PASSED] - Statement - PreSaveFile = new java.io.File(((pathPrefix + java.lang.Integer.toString(counter)) + .png)): null

2018-12-13 01:36:19 - [TEST_STEP][PASSED] - Statement - counter = counter + 1: null

2018-12-13 01:36:19 - [TEST_STEP][PASSED] - Statement - PreSaveFile = new java.io.File(((pathPrefix + java.lang.Integer.toString(counter)) + .png)): null

2018-12-13 01:36:19 - [TEST_STEP][PASSED] - Statement - counter = counter + 1: null

2018-12-13 01:36:19 - [TEST_STEP][PASSED] - Statement - PreSaveFile = new java.io.File(((pathPrefix + java.lang.Integer.toString(counter)) + .png)): null

2018-12-13 01:36:19 - [TEST_STEP][PASSED] - Statement - counter = counter + 1: null

2018-12-13 01:36:19 - [TEST_STEP][PASSED] - Statement - PreSaveFile = new java.io.File(((pathPrefix + java.lang.Integer.toString(counter)) + .png)): null

2018-12-13 01:36:19 - [TEST_STEP][PASSED] - Statement - counter = counter + 1: null

2018-12-13 01:36:19 - [TEST_STEP][PASSED] - Statement - PreSaveFile = new java.io.File(((pathPrefix + java.lang.Integer.toString(counter)) + .png)): null

2018-12-13 01:36:19 - [TEST_STEP][PASSED] - Statement - counter = counter + 1: null

2018-12-13 01:36:19 - [TEST_STEP][PASSED] - Statement - PreSaveFile = new java.io.File(((pathPrefix + java.lang.Integer.toString(counter)) + .png)): null

2018-12-13 01:36:19 - [TEST_STEP][PASSED] - Statement - counter = counter + 1: null

2018-12-13 01:36:19 - [TEST_STEP][PASSED] - Statement - PreSaveFile = new java.io.File(((pathPrefix + java.lang.Integer.toString(counter)) + .png)): null

2018-12-13 01:36:19 - [TEST_STEP][PASSED] - Statement - counter = counter + 1: null

2018-12-13 01:36:19 - [TEST_STEP][PASSED] - Statement - PreSaveFile = new java.io.File(((pathPrefix + java.lang.Integer.toString(counter)) + .png)): null

2018-12-13 01:36:19 - [TEST_STEP][PASSED] - Statement - counter = counter + 1: null

2018-12-13 01:36:19 - [TEST_STEP][PASSED] - Statement - PreSaveFile = new java.io.File(((pathPrefix + java.lang.Integer.toString(counter)) + .png)): null

2018-12-13 01:36:19 - [TEST_STEP][PASSED] - Statement - counter = counter + 1: null

2018-12-13 01:36:19 - [TEST_STEP][PASSED] - Statement - PreSaveFile = new java.io.File(((pathPrefix + java.lang.Integer.toString(counter)) + .png)): null

2018-12-13 01:36:19 - [TEST_STEP][PASSED] - Statement - counter = counter + 1: null

2018-12-13 01:36:19 - [TEST_STEP][PASSED] - Statement - PreSaveFile = new java.io.File(((pathPrefix + java.lang.Integer.toString(counter)) + .png)): null

2018-12-13 01:36:19 - [TEST_STEP][PASSED] - Statement - counter = counter + 1: null

2018-12-13 01:36:19 - [TEST_STEP][PASSED] - Statement - PreSaveFile = new java.io.File(((pathPrefix + java.lang.Integer.toString(counter)) + .png)): null

2018-12-13 01:36:19 - [TEST_STEP][PASSED] - Statement - counter = counter + 1: null

2018-12-13 01:36:19 - [TEST_STEP][PASSED] - Statement - PreSaveFile = new java.io.File(((pathPrefix + java.lang.Integer.toString(counter)) + .png)): null

2018-12-13 01:36:19 - [TEST_STEP][PASSED] - Statement - counter = counter + 1: null

2018-12-13 01:36:19 - [TEST_STEP][PASSED] - Statement - PreSaveFile = new java.io.File(((pathPrefix + java.lang.Integer.toString(counter)) + .png)): null

2018-12-13 01:36:19 - [TEST_STEP][PASSED] - Statement - counter = counter + 1: null

2018-12-13 01:36:19 - [TEST_STEP][PASSED] - Statement - PreSaveFile = new java.io.File(((pathPrefix + java.lang.Integer.toString(counter)) + .png)): null

2018-12-13 01:36:19 - [TEST_STEP][PASSED] - Statement - counter = counter + 1: null

2018-12-13 01:36:19 - [TEST_STEP][PASSED] - Statement - PreSaveFile = new java.io.File(((pathPrefix + java.lang.Integer.toString(counter)) + .png)): null

2018-12-13 01:36:19 - [TEST_STEP][PASSED] - Statement - counter = counter + 1: null

2018-12-13 01:36:19 - [TEST_STEP][PASSED] - Statement - PreSaveFile = new java.io.File(((pathPrefix + java.lang.Integer.toString(counter)) + .png)): null

2018-12-13 01:36:19 - [TEST_STEP][PASSED] - Statement - counter = counter + 1: null

2018-12-13 01:36:19 - [TEST_STEP][PASSED] - Statement - PreSaveFile = new java.io.File(((pathPrefix + java.lang.Integer.toString(counter)) + .png)): null

2018-12-13 01:36:19 - [TEST_STEP][PASSED] - Statement - counter = counter + 1: null

2018-12-13 01:36:19 - [TEST_STEP][PASSED] - Statement - PreSaveFile = new java.io.File(((pathPrefix + java.lang.Integer.toString(counter)) + .png)): null

2018-12-13 01:36:19 - [TEST_STEP][PASSED] - Statement - counter = counter + 1: null

2018-12-13 01:36:19 - [TEST_STEP][PASSED] - Statement - PreSaveFile = new java.io.File(((pathPrefix + java.lang.Integer.toString(counter)) + .png)): null

2018-12-13 01:36:19 - [TEST_STEP][PASSED] - Statement - counter = counter + 1: null

2018-12-13 01:36:19 - [TEST_STEP][PASSED] - Statement - PreSaveFile = new java.io.File(((pathPrefix + java.lang.Integer.toString(counter)) + .png)): null

2018-12-13 01:36:19 - [TEST_STEP][PASSED] - Statement - counter = counter + 1: null

2018-12-13 01:36:19 - [TEST_STEP][PASSED] - Statement - PreSaveFile = new java.io.File(((pathPrefix + java.lang.Integer.toString(counter)) + .png)): null

2018-12-13 01:36:19 - [TEST_STEP][PASSED] - Statement - counter = counter + 1: null

2018-12-13 01:36:19 - [TEST_STEP][PASSED] - Statement - PreSaveFile = new java.io.File(((pathPrefix + java.lang.Integer.toString(counter)) + .png)): null

2018-12-13 01:36:19 - [TEST_STEP][PASSED] - Statement - counter = counter + 1: null

2018-12-13 01:36:19 - [TEST_STEP][PASSED] - Statement - PreSaveFile = new java.io.File(((pathPrefix + java.lang.Integer.toString(counter)) + .png)): null

2018-12-13 01:36:19 - [TEST_STEP][PASSED] - Statement - counter = counter + 1: null

2018-12-13 01:36:19 - [TEST_STEP][PASSED] - Statement - PreSaveFile = new java.io.File(((pathPrefix + java.lang.Integer.toString(counter)) + .png)): null

2018-12-13 01:36:19 - [TEST_STEP][PASSED] - Statement - counter = counter + 1: null

2018-12-13 01:36:19 - [TEST_STEP][PASSED] - Statement - PreSaveFile = new java.io.File(((pathPrefix + java.lang.Integer.toString(counter)) + .png)): null

2018-12-13 01:36:19 - [TEST_STEP][PASSED] - Statement - counter = counter + 1: null

2018-12-13 01:36:19 - [TEST_STEP][PASSED] - Statement - PreSaveFile = new java.io.File(((pathPrefix + java.lang.Integer.toString(counter)) + .png)): null

2018-12-13 01:36:19 - [TEST_STEP][PASSED] - Statement - counter = counter + 1: null

2018-12-13 01:36:19 - [TEST_STEP][PASSED] - Statement - PreSaveFile = new java.io.File(((pathPrefix + java.lang.Integer.toString(counter)) + .png)): null

2018-12-13 01:36:19 - [TEST_STEP][PASSED] - Statement - counter = counter + 1: null

2018-12-13 01:36:19 - [TEST_STEP][PASSED] - Statement - PreSaveFile = new java.io.File(((pathPrefix + java.lang.Integer.toString(counter)) + .png)): null

2018-12-13 01:36:19 - [TEST_STEP][PASSED] - Statement - counter = counter + 1: null

2018-12-13 01:36:19 - [TEST_STEP][PASSED] - Statement - PreSaveFile = new java.io.File(((pathPrefix + java.lang.Integer.toString(counter)) + .png)): null

2018-12-13 01:36:19 - [TEST_STEP][PASSED] - Statement - counter = counter + 1: null

2018-12-13 01:36:19 - [TEST_STEP][PASSED] - Statement - PreSaveFile = new java.io.File(((pathPrefix + java.lang.Integer.toString(counter)) + .png)): null

2018-12-13 01:36:19 - [TEST_STEP][PASSED] - Statement - counter = counter + 1: null

2018-12-13 01:36:19 - [TEST_STEP][PASSED] - Statement - PreSaveFile = new java.io.File(((pathPrefix + java.lang.Integer.toString(counter)) + .png)): null

2018-12-13 01:36:19 - [TEST_STEP][PASSED] - Statement - counter = counter + 1: null

2018-12-13 01:36:19 - [TEST_STEP][PASSED] - Statement - PreSaveFile = new java.io.File(((pathPrefix + java.lang.Integer.toString(counter)) + .png)): null

2018-12-13 01:36:19 - [TEST_STEP][PASSED] - Statement - counter = counter + 1: null

2018-12-13 01:36:19 - [TEST_STEP][PASSED] - Statement - PreSaveFile = new java.io.File(((pathPrefix + java.lang.Integer.toString(counter)) + .png)): null

2018-12-13 01:36:19 - [TEST_STEP][PASSED] - Statement - counter = counter + 1: null

2018-12-13 01:36:19 - [TEST_STEP][PASSED] - Statement - PreSaveFile = new java.io.File(((pathPrefix + java.lang.Integer.toString(counter)) + .png)): null

2018-12-13 01:36:19 - [TEST_STEP][PASSED] - Statement - counter = counter + 1: null

2018-12-13 01:36:19 - [TEST_STEP][PASSED] - Statement - PreSaveFile = new java.io.File(((pathPrefix + java.lang.Integer.toString(counter)) + .png)): null

2018-12-13 01:36:19 - [TEST_STEP][PASSED] - Statement - counter = counter + 1: null

2018-12-13 01:36:19 - [TEST_STEP][PASSED] - Statement - PreSaveFile = new java.io.File(((pathPrefix + java.lang.Integer.toString(counter)) + .png)): null

2018-12-13 01:36:19 - [TEST_STEP][PASSED] - Statement - counter = counter + 1: null

2018-12-13 01:36:19 - [TEST_STEP][PASSED] - Statement - PreSaveFile = new java.io.File(((pathPrefix + java.lang.Integer.toString(counter)) + .png)): null

2018-12-13 01:36:19 - [TEST_STEP][PASSED] - Statement - counter = counter + 1: null

2018-12-13 01:36:19 - [TEST_STEP][PASSED] - Statement - PreSaveFile = new java.io.File(((pathPrefix + java.lang.Integer.toString(counter)) + .png)): null

2018-12-13 01:36:19 - [TEST_STEP][PASSED] - Statement - counter = counter + 1: null

2018-12-13 01:36:19 - [TEST_STEP][PASSED] - Statement - PreSaveFile = new java.io.File(((pathPrefix + java.lang.Integer.toString(counter)) + .png)): null

2018-12-13 01:36:19 - [TEST_STEP][PASSED] - Statement - counter = counter + 1: null

2018-12-13 01:36:19 - [TEST_STEP][PASSED] - Statement - PreSaveFile = new java.io.File(((pathPrefix + java.lang.Integer.toString(counter)) + .png)): null

2018-12-13 01:36:19 - [TEST_STEP][PASSED] - Statement - counter = counter + 1: null

2018-12-13 01:36:19 - [TEST_STEP][PASSED] - Statement - PreSaveFile = new java.io.File(((pathPrefix + java.lang.Integer.toString(counter)) + .png)): null

2018-12-13 01:36:19 - [TEST_STEP][PASSED] - Statement - counter = counter + 1: null

2018-12-13 01:36:19 - [TEST_STEP][PASSED] - Statement - PreSaveFile = new java.io.File(((pathPrefix + java.lang.Integer.toString(counter)) + .png)): null

2018-12-13 01:36:19 - [TEST_STEP][PASSED] - Statement - counter = counter + 1: null

2018-12-13 01:36:19 - [TEST_STEP][PASSED] - Statement - PreSaveFile = new java.io.File(((pathPrefix + java.lang.Integer.toString(counter)) + .png)): null

2018-12-13 01:36:19 - [TEST_STEP][PASSED] - Statement - counter = counter + 1: null

2018-12-13 01:36:19 - [TEST_STEP][PASSED] - Statement - PreSaveFile = new java.io.File(((pathPrefix + java.lang.Integer.toString(counter)) + .png)): null

2018-12-13 01:36:19 - [TEST_STEP][PASSED] - Statement - counter = counter + 1: null

2018-12-13 01:36:19 - [TEST_STEP][PASSED] - Statement - PreSaveFile = new java.io.File(((pathPrefix + java.lang.Integer.toString(counter)) + .png)): null

2018-12-13 01:36:19 - [TEST_STEP][PASSED] - Statement - counter = counter + 1: null

2018-12-13 01:36:19 - [TEST_STEP][PASSED] - Statement - PreSaveFile = new java.io.File(((pathPrefix + java.lang.Integer.toString(counter)) + .png)): null

2018-12-13 01:36:19 - [TEST_STEP][PASSED] - Statement - counter = counter + 1: null

2018-12-13 01:36:19 - [TEST_STEP][PASSED] - Statement - PreSaveFile = new java.io.File(((pathPrefix + java.lang.Integer.toString(counter)) + .png)): null

2018-12-13 01:36:19 - [TEST_STEP][PASSED] - Statement - counter = counter + 1: null

2018-12-13 01:36:19 - [TEST_STEP][PASSED] - Statement - PreSaveFile = new java.io.File(((pathPrefix + java.lang.Integer.toString(counter)) + .png)): null

2018-12-13 01:36:19 - [TEST_STEP][PASSED] - Statement - counter = counter + 1: null

2018-12-13 01:36:19 - [TEST_STEP][PASSED] - Statement - PreSaveFile = new java.io.File(((pathPrefix + java.lang.Integer.toString(counter)) + .png)): null

2018-12-13 01:36:19 - [TEST_STEP][PASSED] - Statement - counter = counter + 1: null

2018-12-13 01:36:19 - [TEST_STEP][PASSED] - Statement - PreSaveFile = new java.io.File(((pathPrefix + java.lang.Integer.toString(counter)) + .png)): null

2018-12-13 01:36:19 - [TEST_STEP][PASSED] - Statement - counter = counter + 1: null

2018-12-13 01:36:19 - [TEST_STEP][PASSED] - Statement - PreSaveFile = new java.io.File(((pathPrefix + java.lang.Integer.toString(counter)) + .png)): null

2018-12-13 01:36:19 - [TEST_STEP][PASSED] - Statement - counter = counter + 1: null

2018-12-13 01:36:19 - [TEST_STEP][PASSED] - Statement - PreSaveFile = new java.io.File(((pathPrefix + java.lang.Integer.toString(counter)) + .png)): null

2018-12-13 01:36:19 - [TEST_STEP][PASSED] - Statement - counter = counter + 1: null

2018-12-13 01:36:19 - [TEST_STEP][PASSED] - Statement - PreSaveFile = new java.io.File(((pathPrefix + java.lang.Integer.toString(counter)) + .png)): null

2018-12-13 01:36:19 - [TEST_STEP][PASSED] - Statement - counter = counter + 1: null

2018-12-13 01:36:19 - [TEST_STEP][PASSED] - Statement - PreSaveFile = new java.io.File(((pathPrefix + java.lang.Integer.toString(counter)) + .png)): null

2018-12-13 01:36:19 - [TEST_STEP][PASSED] - Statement - counter = counter + 1: null

2018-12-13 01:36:19 - [TEST_STEP][PASSED] - Statement - PreSaveFile = new java.io.File(((pathPrefix + java.lang.Integer.toString(counter)) + .png)): null

2018-12-13 01:36:19 - [TEST_STEP][PASSED] - Statement - counter = counter + 1: null

2018-12-13 01:36:19 - [TEST_STEP][PASSED] - Statement - PreSaveFile = new java.io.File(((pathPrefix + java.lang.Integer.toString(counter)) + .png)): null

2018-12-13 01:36:19 - [TEST_STEP][PASSED] - Statement - counter = counter + 1: null

2018-12-13 01:36:19 - [TEST_STEP][PASSED] - Statement - PreSaveFile = new java.io.File(((pathPrefix + java.lang.Integer.toString(counter)) + .png)): null

2018-12-13 01:36:19 - [TEST_STEP][PASSED] - Statement - counter = counter + 1: null

2018-12-13 01:36:19 - [TEST_STEP][PASSED] - Statement - PreSaveFile = new java.io.File(((pathPrefix + java.lang.Integer.toString(counter)) + .png)): null

2018-12-13 01:36:19 - [TEST_STEP][PASSED] - Statement - counter = counter + 1: null

2018-12-13 01:36:19 - [TEST_STEP][PASSED] - Statement - PreSaveFile = new java.io.File(((pathPrefix + java.lang.Integer.toString(counter)) + .png)): null

2018-12-13 01:36:19 - [TEST_STEP][PASSED] - Statement - counter = counter + 1: null

2018-12-13 01:36:19 - [TEST_STEP][PASSED] - Statement - PreSaveFile = new java.io.File(((pathPrefix + java.lang.Integer.toString(counter)) + .png)): null

2018-12-13 01:36:19 - [TEST_STEP][PASSED] - Statement - counter = counter + 1: null

2018-12-13 01:36:19 - [TEST_STEP][PASSED] - Statement - PreSaveFile = new java.io.File(((pathPrefix + java.lang.Integer.toString(counter)) + .png)): null

2018-12-13 01:36:19 - [TEST_STEP][PASSED] - Statement - counter = counter + 1: null

2018-12-13 01:36:19 - [TEST_STEP][PASSED] - Statement - PreSaveFile = new java.io.File(((pathPrefix + java.lang.Integer.toString(counter)) + .png)): null

2018-12-13 01:36:19 - [TEST_STEP][PASSED] - Statement - counter = counter + 1: null

2018-12-13 01:36:19 - [TEST_STEP][PASSED] - Statement - PreSaveFile = new java.io.File(((pathPrefix + java.lang.Integer.toString(counter)) + .png)): null

2018-12-13 01:36:19 - [TEST_STEP][PASSED] - Statement - counter = counter + 1: null

2018-12-13 01:36:19 - [TEST_STEP][PASSED] - Statement - PreSaveFile = new java.io.File(((pathPrefix + java.lang.Integer.toString(counter)) + .png)): null

2018-12-13 01:36:19 - [TEST_STEP][PASSED] - Statement - counter = counter + 1: null

2018-12-13 01:36:19 - [TEST_STEP][PASSED] - Statement - PreSaveFile = new java.io.File(((pathPrefix + java.lang.Integer.toString(counter)) + .png)): null

2018-12-13 01:36:19 - [TEST_STEP][PASSED] - Statement - counter = counter + 1: null

2018-12-13 01:36:19 - [TEST_STEP][PASSED] - Statement - PreSaveFile = new java.io.File(((pathPrefix + java.lang.Integer.toString(counter)) + .png)): null

2018-12-13 01:36:19 - [TEST_STEP][PASSED] - Statement - counter = counter + 1: null

2018-12-13 01:36:19 - [TEST_STEP][PASSED] - Statement - PreSaveFile = new java.io.File(((pathPrefix + java.lang.Integer.toString(counter)) + .png)): null

2018-12-13 01:36:19 - [TEST_STEP][PASSED] - Statement - counter = counter + 1: null

2018-12-13 01:36:19 - [TEST_STEP][PASSED] - Statement - PreSaveFile = new java.io.File(((pathPrefix + java.lang.Integer.toString(counter)) + .png)): null

2018-12-13 01:36:19 - [TEST_STEP][PASSED] - Statement - counter = counter + 1: null

2018-12-13 01:36:19 - [TEST_STEP][PASSED] - Statement - PreSaveFile = new java.io.File(((pathPrefix + java.lang.Integer.toString(counter)) + .png)): null

2018-12-13 01:36:19 - [TEST_STEP][PASSED] - Statement - counter = counter + 1: null

2018-12-13 01:36:19 - [TEST_STEP][PASSED] - Statement - PreSaveFile = new java.io.File(((pathPrefix + java.lang.Integer.toString(counter)) + .png)): null

2018-12-13 01:36:19 - [TEST_STEP][PASSED] - Statement - counter = counter + 1: null

2018-12-13 01:36:19 - [TEST_STEP][PASSED] - Statement - PreSaveFile = new java.io.File(((pathPrefix + java.lang.Integer.toString(counter)) + .png)): null

2018-12-13 01:36:19 - [TEST_STEP][PASSED] - Statement - counter = counter + 1: null

2018-12-13 01:36:19 - [TEST_STEP][PASSED] - Statement - PreSaveFile = new java.io.File(((pathPrefix + java.lang.Integer.toString(counter)) + .png)): null

2018-12-13 01:36:19 - [TEST_STEP][PASSED] - Statement - counter = counter + 1: null

2018-12-13 01:36:19 - [TEST_STEP][PASSED] - Statement - PreSaveFile = new java.io.File(((pathPrefix + java.lang.Integer.toString(counter)) + .png)): null

2018-12-13 01:36:19 - [TEST_STEP][PASSED] - Statement - counter = counter + 1: null

2018-12-13 01:36:19 - [TEST_STEP][PASSED] - Statement - PreSaveFile = new java.io.File(((pathPrefix + java.lang.Integer.toString(counter)) + .png)): null

2018-12-13 01:36:19 - [TEST_STEP][PASSED] - Statement - counter = counter + 1: null

2018-12-13 01:36:19 - [TEST_STEP][PASSED] - Statement - PreSaveFile = new java.io.File(((pathPrefix + java.lang.Integer.toString(counter)) + .png)): null

2018-12-13 01:36:19 - [TEST_STEP][PASSED] - Statement - counter = counter + 1: null

2018-12-13 01:36:19 - [TEST_STEP][PASSED] - Statement - PreSaveFile = new java.io.File(((pathPrefix + java.lang.Integer.toString(counter)) + .png)): null

2018-12-13 01:36:19 - [TEST_STEP][PASSED] - Statement - counter = counter + 1: null

2018-12-13 01:36:19 - [TEST_STEP][PASSED] - Statement - PreSaveFile = new java.io.File(((pathPrefix + java.lang.Integer.toString(counter)) + .png)): null

2018-12-13 01:36:19 - [TEST_STEP][PASSED] - Statement - counter = counter + 1: null

2018-12-13 01:36:19 - [TEST_STEP][PASSED] - Statement - PreSaveFile = new java.io.File(((pathPrefix + java.lang.Integer.toString(counter)) + .png)): null

2018-12-13 01:36:19 - [TEST_STEP][PASSED] - Statement - counter = counter + 1: null

2018-12-13 01:36:19 - [TEST_STEP][PASSED] - Statement - PreSaveFile = new java.io.File(((pathPrefix + java.lang.Integer.toString(counter)) + .png)): null

2018-12-13 01:36:19 - [TEST_STEP][PASSED] - Statement - counter = counter + 1: null

2018-12-13 01:36:19 - [TEST_STEP][PASSED] - Statement - PreSaveFile = new java.io.File(((pathPrefix + java.lang.Integer.toString(counter)) + .png)): null

2018-12-13 01:36:19 - [TEST_STEP][PASSED] - Statement - counter = counter + 1: null

2018-12-13 01:36:19 - [TEST_STEP][PASSED] - Statement - PreSaveFile = new java.io.File(((pathPrefix + java.lang.Integer.toString(counter)) + .png)): null

2018-12-13 01:36:19 - [TEST_STEP][PASSED] - Statement - counter = counter + 1: null

2018-12-13 01:36:19 - [TEST_STEP][PASSED] - Statement - PreSaveFile = new java.io.File(((pathPrefix + java.lang.Integer.toString(counter)) + .png)): null

2018-12-13 01:36:19 - [TEST_STEP][PASSED] - Statement - counter = counter + 1: null

2018-12-13 01:36:19 - [TEST_STEP][PASSED] - Statement - PreSaveFile = new java.io.File(((pathPrefix + java.lang.Integer.toString(counter)) + .png)): null

2018-12-13 01:36:19 - [TEST_STEP][PASSED] - Statement - counter = counter + 1: null

2018-12-13 01:36:19 - [TEST_STEP][PASSED] - Statement - PreSaveFile = new java.io.File(((pathPrefix + java.lang.Integer.toString(counter)) + .png)): null

2018-12-13 01:36:19 - [TEST_STEP][PASSED] - Statement - counter = counter + 1: null

2018-12-13 01:36:19 - [TEST_STEP][PASSED] - Statement - PreSaveFile = new java.io.File(((pathPrefix + java.lang.Integer.toString(counter)) + .png)): null

2018-12-13 01:36:19 - [TEST_STEP][PASSED] - Statement - counter = counter + 1: null

2018-12-13 01:36:19 - [TEST_STEP][PASSED] - Statement - PreSaveFile = new java.io.File(((pathPrefix + java.lang.Integer.toString(counter)) + .png)): null

2018-12-13 01:36:19 - [TEST_STEP][PASSED] - Statement - counter = counter + 1: null

2018-12-13 01:36:19 - [TEST_STEP][PASSED] - Statement - PreSaveFile = new java.io.File(((pathPrefix + java.lang.Integer.toString(counter)) + .png)): null

2018-12-13 01:36:19 - [TEST_STEP][PASSED] - Statement - counter = counter + 1: null

2018-12-13 01:36:19 - [TEST_STEP][PASSED] - Statement - PreSaveFile = new java.io.File(((pathPrefix + java.lang.Integer.toString(counter)) + .png)): null

2018-12-13 01:36:19 - [TEST_STEP][PASSED] - Statement - counter = counter + 1: null

2018-12-13 01:36:19 - [TEST_STEP][PASSED] - Statement - PreSaveFile = new java.io.File(((pathPrefix + java.lang.Integer.toString(counter)) + .png)): null

2018-12-13 01:36:19 - [TEST_STEP][PASSED] - Statement - counter = counter + 1: null

2018-12-13 01:36:19 - [TEST_STEP][PASSED] - Statement - PreSaveFile = new java.io.File(((pathPrefix + java.lang.Integer.toString(counter)) + .png)): null

2018-12-13 01:36:19 - [TEST_STEP][PASSED] - Statement - counter = counter + 1: null

2018-12-13 01:36:19 - [TEST_STEP][PASSED] - Statement - PreSaveFile = new java.io.File(((pathPrefix + java.lang.Integer.toString(counter)) + .png)): null

2018-12-13 01:36:19 - [TEST_STEP][PASSED] - Statement - counter = counter + 1: null

2018-12-13 01:36:19 - [TEST_STEP][PASSED] - Statement - PreSaveFile = new java.io.File(((pathPrefix + java.lang.Integer.toString(counter)) + .png)): null

2018-12-13 01:36:19 - [TEST_STEP][PASSED] - Statement - counter = counter + 1: null

2018-12-13 01:36:19 - [TEST_STEP][PASSED] - Statement - PreSaveFile = new java.io.File(((pathPrefix + java.lang.Integer.toString(counter)) + .png)): null

2018-12-13 01:36:19 - [TEST_STEP][PASSED] - Statement - counter = counter + 1: null

2018-12-13 01:36:19 - [TEST_STEP][PASSED] - Statement - PreSaveFile = new java.io.File(((pathPrefix + java.lang.Integer.toString(counter)) + .png)): null

2018-12-13 01:36:19 - [TEST_STEP][PASSED] - Statement - counter = counter + 1: null

2018-12-13 01:36:19 - [TEST_STEP][PASSED] - Statement - PreSaveFile = new java.io.File(((pathPrefix + java.lang.Integer.toString(counter)) + .png)): null

2018-12-13 01:36:19 - [TEST_STEP][PASSED] - Statement - counter = counter + 1: null

2018-12-13 01:36:19 - [TEST_STEP][PASSED] - Statement - PreSaveFile = new java.io.File(((pathPrefix + java.lang.Integer.toString(counter)) + .png)): null

2018-12-13 01:36:19 - [TEST_STEP][PASSED] - Statement - counter = counter + 1: null

2018-12-13 01:36:19 - [TEST_STEP][PASSED] - Statement - PreSaveFile = new java.io.File(((pathPrefix + java.lang.Integer.toString(counter)) + .png)): null

2018-12-13 01:36:19 - [TEST_STEP][PASSED] - Statement - counter = counter + 1: null

2018-12-13 01:36:19 - [TEST_STEP][PASSED] - Statement - PreSaveFile = new java.io.File(((pathPrefix + java.lang.Integer.toString(counter)) + .png)): null

2018-12-13 01:36:19 - [TEST_STEP][PASSED] - Statement - counter = counter + 1: null

2018-12-13 01:36:19 - [TEST_STEP][PASSED] - Statement - PreSaveFile = new java.io.File(((pathPrefix + java.lang.Integer.toString(counter)) + .png)): null

2018-12-13 01:36:19 - [TEST_STEP][PASSED] - Statement - counter = counter + 1: null

2018-12-13 01:36:19 - [TEST_STEP][PASSED] - Statement - PreSaveFile = new java.io.File(((pathPrefix + java.lang.Integer.toString(counter)) + .png)): null

2018-12-13 01:36:19 - [TEST_STEP][PASSED] - Statement - counter = counter + 1: null

2018-12-13 01:36:19 - [TEST_STEP][PASSED] - Statement - PreSaveFile = new java.io.File(((pathPrefix + java.lang.Integer.toString(counter)) + .png)): null

2018-12-13 01:36:19 - [TEST_STEP][PASSED] - Statement - counter = counter + 1: null

2018-12-13 01:36:19 - [TEST_STEP][PASSED] - Statement - PreSaveFile = new java.io.File(((pathPrefix + java.lang.Integer.toString(counter)) + .png)): null

2018-12-13 01:36:19 - [TEST_STEP][PASSED] - Statement - counter = counter + 1: null

2018-12-13 01:36:19 - [TEST_STEP][PASSED] - Statement - PreSaveFile = new java.io.File(((pathPrefix + java.lang.Integer.toString(counter)) + .png)): null

2018-12-13 01:36:19 - [TEST_STEP][PASSED] - Statement - counter = counter + 1: null

2018-12-13 01:36:19 - [TEST_STEP][PASSED] - Statement - PreSaveFile = new java.io.File(((pathPrefix + java.lang.Integer.toString(counter)) + .png)): null

2018-12-13 01:36:19 - [TEST_STEP][PASSED] - Statement - counter = counter + 1: null

2018-12-13 01:36:19 - [TEST_STEP][PASSED] - Statement - PreSaveFile = new java.io.File(((pathPrefix + java.lang.Integer.toString(counter)) + .png)): null

2018-12-13 01:36:19 - [TEST_STEP][PASSED] - Statement - counter = counter + 1: null

2018-12-13 01:36:19 - [TEST_STEP][PASSED] - Statement - PreSaveFile = new java.io.File(((pathPrefix + java.lang.Integer.toString(counter)) + .png)): null

2018-12-13 01:36:19 - [TEST_STEP][PASSED] - Statement - counter = counter + 1: null

2018-12-13 01:36:19 - [TEST_STEP][PASSED] - Statement - PreSaveFile = new java.io.File(((pathPrefix + java.lang.Integer.toString(counter)) + .png)): null

2018-12-13 01:36:19 - [TEST_STEP][PASSED] - Statement - counter = counter + 1: null

2018-12-13 01:36:19 - [TEST_STEP][PASSED] - Statement - PreSaveFile = new java.io.File(((pathPrefix + java.lang.Integer.toString(counter)) + .png)): null

2018-12-13 01:36:19 - [TEST_STEP][PASSED] - Statement - counter = counter + 1: null

2018-12-13 01:36:19 - [TEST_STEP][PASSED] - Statement - PreSaveFile = new java.io.File(((pathPrefix + java.lang.Integer.toString(counter)) + .png)): null

2018-12-13 01:36:19 - [TEST_STEP][PASSED] - Statement - counter = counter + 1: null

2018-12-13 01:36:19 - [TEST_STEP][PASSED] - Statement - PreSaveFile = new java.io.File(((pathPrefix + java.lang.Integer.toString(counter)) + .png)): null

2018-12-13 01:36:19 - [TEST_STEP][PASSED] - Statement - counter = counter + 1: null

2018-12-13 01:36:19 - [TEST_STEP][PASSED] - Statement - PreSaveFile = new java.io.File(((pathPrefix + java.lang.Integer.toString(counter)) + .png)): null

2018-12-13 01:36:19 - [TEST_STEP][PASSED] - Statement - counter = counter + 1: null

2018-12-13 01:36:19 - [TEST_STEP][PASSED] - Statement - PreSaveFile = new java.io.File(((pathPrefix + java.lang.Integer.toString(counter)) + .png)): null

2018-12-13 01:36:19 - [TEST_STEP][PASSED] - Statement - counter = counter + 1: null

2018-12-13 01:36:19 - [TEST_STEP][PASSED] - Statement - PreSaveFile = new java.io.File(((pathPrefix + java.lang.Integer.toString(counter)) + .png)): null

2018-12-13 01:36:19 - [TEST_STEP][PASSED] - Statement - counter = counter + 1: null

2018-12-13 01:36:19 - [TEST_STEP][PASSED] - Statement - PreSaveFile = new java.io.File(((pathPrefix + java.lang.Integer.toString(counter)) + .png)): null

2018-12-13 01:36:19 - [TEST_STEP][PASSED] - Statement - counter = counter + 1: null

2018-12-13 01:36:19 - [TEST_STEP][PASSED] - Statement - PreSaveFile = new java.io.File(((pathPrefix + java.lang.Integer.toString(counter)) + .png)): null

2018-12-13 01:36:19 - [TEST_STEP][PASSED] - Statement - counter = counter + 1: null

2018-12-13 01:36:19 - [TEST_STEP][PASSED] - Statement - PreSaveFile = new java.io.File(((pathPrefix + java.lang.Integer.toString(counter)) + .png)): null

2018-12-13 01:36:19 - [TEST_STEP][PASSED] - Statement - counter = counter + 1: null

2018-12-13 01:36:19 - [TEST_STEP][PASSED] - Statement - PreSaveFile = new java.io.File(((pathPrefix + java.lang.Integer.toString(counter)) + .png)): null

2018-12-13 01:36:19 - [TEST_STEP][PASSED] - Statement - counter = counter + 1: null

2018-12-13 01:36:19 - [TEST_STEP][PASSED] - Statement - PreSaveFile = new java.io.File(((pathPrefix + java.lang.Integer.toString(counter)) + .png)): null

2018-12-13 01:36:19 - [TEST_STEP][PASSED] - Statement - counter = counter + 1: null

2018-12-13 01:36:19 - [TEST_STEP][PASSED] - Statement - PreSaveFile = new java.io.File(((pathPrefix + java.lang.Integer.toString(counter)) + .png)): null

2018-12-13 01:36:19 - [TEST_STEP][PASSED] - Statement - counter = counter + 1: null

2018-12-13 01:36:19 - [TEST_STEP][PASSED] - Statement - PreSaveFile = new java.io.File(((pathPrefix + java.lang.Integer.toString(counter)) + .png)): null

2018-12-13 01:36:19 - [TEST_STEP][PASSED] - Statement - counter = counter + 1: null

2018-12-13 01:36:19 - [TEST_STEP][PASSED] - Statement - PreSaveFile = new java.io.File(((pathPrefix + java.lang.Integer.toString(counter)) + .png)): null

2018-12-13 01:36:19 - [TEST_STEP][PASSED] - Statement - counter = counter + 1: null

2018-12-13 01:36:19 - [TEST_STEP][PASSED] - Statement - PreSaveFile = new java.io.File(((pathPrefix + java.lang.Integer.toString(counter)) + .png)): null

2018-12-13 01:36:19 - [TEST_STEP][PASSED] - Statement - counter = counter + 1: null

2018-12-13 01:36:19 - [TEST_STEP][PASSED] - Statement - PreSaveFile = new java.io.File(((pathPrefix + java.lang.Integer.toString(counter)) + .png)): null

2018-12-13 01:36:19 - [TEST_STEP][PASSED] - Statement - counter = counter + 1: null

2018-12-13 01:36:19 - [TEST_STEP][PASSED] - Statement - PreSaveFile = new java.io.File(((pathPrefix + java.lang.Integer.toString(counter)) + .png)): null

2018-12-13 01:36:19 - [TEST_STEP][PASSED] - Statement - counter = counter + 1: null

2018-12-13 01:36:19 - [TEST_STEP][PASSED] - Statement - PreSaveFile = new java.io.File(((pathPrefix + java.lang.Integer.toString(counter)) + .png)): null

2018-12-13 01:36:19 - [TEST_STEP][PASSED] - Statement - counter = counter + 1: null

2018-12-13 01:36:19 - [TEST_STEP][PASSED] - Statement - PreSaveFile = new java.io.File(((pathPrefix + java.lang.Integer.toString(counter)) + .png)): null

2018-12-13 01:36:19 - [TEST_STEP][PASSED] - Statement - counter = counter + 1: null

2018-12-13 01:36:19 - [TEST_STEP][PASSED] - Statement - PreSaveFile = new java.io.File(((pathPrefix + java.lang.Integer.toString(counter)) + .png)): null

2018-12-13 01:36:19 - [TEST_STEP][PASSED] - Statement - counter = counter + 1: null

2018-12-13 01:36:19 - [TEST_STEP][PASSED] - Statement - PreSaveFile = new java.io.File(((pathPrefix + java.lang.Integer.toString(counter)) + .png)): null

2018-12-13 01:36:19 - [TEST_STEP][PASSED] - Statement - counter = counter + 1: null

2018-12-13 01:36:19 - [TEST_STEP][PASSED] - Statement - PreSaveFile = new java.io.File(((pathPrefix + java.lang.Integer.toString(counter)) + .png)): null

2018-12-13 01:36:19 - [TEST_STEP][PASSED] - Statement - counter = counter + 1: null

2018-12-13 01:36:19 - [TEST_STEP][PASSED] - Statement - PreSaveFile = new java.io.File(((pathPrefix + java.lang.Integer.toString(counter)) + .png)): null

2018-12-13 01:36:19 - [TEST_STEP][PASSED] - Statement - counter = counter + 1: null

2018-12-13 01:36:19 - [TEST_STEP][PASSED] - Statement - PreSaveFile = new java.io.File(((pathPrefix + java.lang.Integer.toString(counter)) + .png)): null

2018-12-13 01:36:19 - [TEST_STEP][PASSED] - Statement - counter = counter + 1: null

2018-12-13 01:36:19 - [TEST_STEP][PASSED] - Statement - PreSaveFile = new java.io.File(((pathPrefix + java.lang.Integer.toString(counter)) + .png)): null

2018-12-13 01:36:19 - [TEST_STEP][PASSED] - Statement - counter = counter + 1: null

2018-12-13 01:36:19 - [TEST_STEP][PASSED] - Statement - PreSaveFile = new java.io.File(((pathPrefix + java.lang.Integer.toString(counter)) + .png)): null

2018-12-13 01:36:19 - [TEST_STEP][PASSED] - Statement - counter = counter + 1: null

2018-12-13 01:36:19 - [TEST_STEP][PASSED] - Statement - PreSaveFile = new java.io.File(((pathPrefix + java.lang.Integer.toString(counter)) + .png)): null

2018-12-13 01:36:19 - [TEST_STEP][PASSED] - Statement - counter = counter + 1: null

2018-12-13 01:36:19 - [TEST_STEP][PASSED] - Statement - PreSaveFile = new java.io.File(((pathPrefix + java.lang.Integer.toString(counter)) + .png)): null

2018-12-13 01:36:19 - [TEST_STEP][PASSED] - Statement - counter = counter + 1: null

2018-12-13 01:36:19 - [TEST_STEP][PASSED] - Statement - PreSaveFile = new java.io.File(((pathPrefix + java.lang.Integer.toString(counter)) + .png)): null

2018-12-13 01:36:19 - [TEST_STEP][PASSED] - Statement - counter = counter + 1: null

2018-12-13 01:36:19 - [TEST_STEP][PASSED] - Statement - PreSaveFile = new java.io.File(((pathPrefix + java.lang.Integer.toString(counter)) + .png)): null

2018-12-13 01:36:19 - [TEST_STEP][PASSED] - Statement - counter = counter + 1: null

2018-12-13 01:36:19 - [TEST_STEP][PASSED] - Statement - PreSaveFile = new java.io.File(((pathPrefix + java.lang.Integer.toString(counter)) + .png)): null

2018-12-13 01:36:19 - [TEST_STEP][PASSED] - Statement - counter = counter + 1: null

2018-12-13 01:36:19 - [TEST_STEP][PASSED] - Statement - PreSaveFile = new java.io.File(((pathPrefix + java.lang.Integer.toString(counter)) + .png)): null

2018-12-13 01:36:19 - [TEST_STEP][PASSED] - Statement - counter = counter + 1: null

2018-12-13 01:36:19 - [TEST_STEP][PASSED] - Statement - PreSaveFile = new java.io.File(((pathPrefix + java.lang.Integer.toString(counter)) + .png)): null

2018-12-13 01:36:19 - [TEST_STEP][PASSED] - Statement - counter = counter + 1: null

2018-12-13 01:36:19 - [TEST_STEP][PASSED] - Statement - PreSaveFile = new java.io.File(((pathPrefix + java.lang.Integer.toString(counter)) + .png)): null

2018-12-13 01:36:19 - [TEST_STEP][PASSED] - Statement - counter = counter + 1: null

2018-12-13 01:36:19 - [TEST_STEP][PASSED] - Statement - PreSaveFile = new java.io.File(((pathPrefix + java.lang.Integer.toString(counter)) + .png)): null

2018-12-13 01:36:19 - [TEST_STEP][PASSED] - Statement - counter = counter + 1: null

2018-12-13 01:36:19 - [TEST_STEP][PASSED] - Statement - PreSaveFile = new java.io.File(((pathPrefix + java.lang.Integer.toString(counter)) + .png)): null

2018-12-13 01:36:19 - [TEST_STEP][PASSED] - Statement - counter = counter + 1: null

2018-12-13 01:36:19 - [TEST_STEP][PASSED] - Statement - PreSaveFile = new java.io.File(((pathPrefix + java.lang.Integer.toString(counter)) + .png)): null

2018-12-13 01:36:19 - [TEST_STEP][PASSED] - Statement - counter = counter + 1: null

2018-12-13 01:36:19 - [TEST_STEP][PASSED] - Statement - PreSaveFile = new java.io.File(((pathPrefix + java.lang.Integer.toString(counter)) + .png)): null

2018-12-13 01:36:19 - [TEST_STEP][PASSED] - Statement - counter = counter + 1: null

2018-12-13 01:36:19 - [TEST_STEP][PASSED] - Statement - PreSaveFile = new java.io.File(((pathPrefix + java.lang.Integer.toString(counter)) + .png)): null

2018-12-13 01:36:19 - [TEST_STEP][PASSED] - Statement - counter = counter + 1: null

2018-12-13 01:36:19 - [TEST_STEP][PASSED] - Statement - PreSaveFile = new java.io.File(((pathPrefix + java.lang.Integer.toString(counter)) + .png)): null

2018-12-13 01:36:19 - [TEST_STEP][PASSED] - Statement - counter = counter + 1: null

2018-12-13 01:36:19 - [TEST_STEP][PASSED] - Statement - PreSaveFile = new java.io.File(((pathPrefix + java.lang.Integer.toString(counter)) + .png)): null

2018-12-13 01:36:19 - [TEST_STEP][PASSED] - Statement - counter = counter + 1: null

2018-12-13 01:36:19 - [TEST_STEP][PASSED] - Statement - PreSaveFile = new java.io.File(((pathPrefix + java.lang.Integer.toString(counter)) + .png)): null

2018-12-13 01:36:19 - [TEST_STEP][PASSED] - Statement - counter = counter + 1: null

2018-12-13 01:36:19 - [TEST_STEP][PASSED] - Statement - PreSaveFile = new java.io.File(((pathPrefix + java.lang.Integer.toString(counter)) + .png)): null

2018-12-13 01:36:19 - [TEST_STEP][PASSED] - Statement - counter = counter + 1: null

2018-12-13 01:36:19 - [TEST_STEP][PASSED] - Statement - PreSaveFile = new java.io.File(((pathPrefix + java.lang.Integer.toString(counter)) + .png)): null

2018-12-13 01:36:19 - [TEST_STEP][PASSED] - Statement - counter = counter + 1: null

2018-12-13 01:36:19 - [TEST_STEP][PASSED] - Statement - PreSaveFile = new java.io.File(((pathPrefix + java.lang.Integer.toString(counter)) + .png)): null

2018-12-13 01:36:19 - [TEST_STEP][PASSED] - Statement - counter = counter + 1: null

2018-12-13 01:36:19 - [TEST_STEP][PASSED] - Statement - PreSaveFile = new java.io.File(((pathPrefix + java.lang.Integer.toString(counter)) + .png)): null

2018-12-13 01:36:19 - [TEST_STEP][PASSED] - Statement - counter = counter + 1: null

2018-12-13 01:36:19 - [TEST_STEP][PASSED] - Statement - PreSaveFile = new java.io.File(((pathPrefix + java.lang.Integer.toString(counter)) + .png)): null

2018-12-13 01:36:19 - [TEST_STEP][PASSED] - Statement - counter = counter + 1: null

2018-12-13 01:36:19 - [TEST_STEP][PASSED] - Statement - PreSaveFile = new java.io.File(((pathPrefix + java.lang.Integer.toString(counter)) + .png)): null

2018-12-13 01:36:19 - [TEST_STEP][PASSED] - Statement - counter = counter + 1: null

2018-12-13 01:36:19 - [TEST_STEP][PASSED] - Statement - PreSaveFile = new java.io.File(((pathPrefix + java.lang.Integer.toString(counter)) + .png)): null

2018-12-13 01:36:19 - [TEST_STEP][PASSED] - Statement - counter = counter + 1: null

2018-12-13 01:36:19 - [TEST_STEP][PASSED] - Statement - PreSaveFile = new java.io.File(((pathPrefix + java.lang.Integer.toString(counter)) + .png)): null

2018-12-13 01:36:19 - [TEST_STEP][PASSED] - Statement - counter = counter + 1: null

2018-12-13 01:36:19 - [TEST_STEP][PASSED] - Statement - PreSaveFile = new java.io.File(((pathPrefix + java.lang.Integer.toString(counter)) + .png)): null

2018-12-13 01:36:19 - [TEST_STEP][PASSED] - Statement - counter = counter + 1: null

2018-12-13 01:36:19 - [TEST_STEP][PASSED] - Statement - PreSaveFile = new java.io.File(((pathPrefix + java.lang.Integer.toString(counter)) + .png)): null

2018-12-13 01:36:19 - [TEST_STEP][PASSED] - Statement - counter = counter + 1: null

2018-12-13 01:36:19 - [TEST_STEP][PASSED] - Statement - PreSaveFile = new java.io.File(((pathPrefix + java.lang.Integer.toString(counter)) + .png)): null

2018-12-13 01:36:19 - [TEST_STEP][PASSED] - Statement - counter = counter + 1: null

2018-12-13 01:36:19 - [TEST_STEP][PASSED] - Statement - PreSaveFile = new java.io.File(((pathPrefix + java.lang.Integer.toString(counter)) + .png)): null

2018-12-13 01:36:19 - [TEST_STEP][PASSED] - Statement - counter = counter + 1: null

2018-12-13 01:36:19 - [TEST_STEP][PASSED] - Statement - PreSaveFile = new java.io.File(((pathPrefix + java.lang.Integer.toString(counter)) + .png)): null

2018-12-13 01:36:19 - [TEST_STEP][PASSED] - Statement - counter = counter + 1: null

2018-12-13 01:36:19 - [TEST_STEP][PASSED] - Statement - PreSaveFile = new java.io.File(((pathPrefix + java.lang.Integer.toString(counter)) + .png)): null

2018-12-13 01:36:19 - [TEST_STEP][PASSED] - Statement - counter = counter + 1: null

2018-12-13 01:36:19 - [TEST_STEP][PASSED] - Statement - PreSaveFile = new java.io.File(((pathPrefix + java.lang.Integer.toString(counter)) + .png)): null

2018-12-13 01:36:19 - [TEST_STEP][PASSED] - Statement - counter = counter + 1: null

2018-12-13 01:36:19 - [TEST_STEP][PASSED] - Statement - PreSaveFile = new java.io.File(((pathPrefix + java.lang.Integer.toString(counter)) + .png)): null

2018-12-13 01:36:19 - [TEST_STEP][PASSED] - Statement - counter = counter + 1: null

2018-12-13 01:36:19 - [TEST_STEP][PASSED] - Statement - PreSaveFile = new java.io.File(((pathPrefix + java.lang.Integer.toString(counter)) + .png)): null

2018-12-13 01:36:19 - [TEST_STEP][PASSED] - Statement - counter = counter + 1: null

2018-12-13 01:36:19 - [TEST_STEP][PASSED] - Statement - PreSaveFile = new java.io.File(((pathPrefix + java.lang.Integer.toString(counter)) + .png)): null

2018-12-13 01:36:19 - [TEST_STEP][PASSED] - Statement - counter = counter + 1: null

2018-12-13 01:36:19 - [TEST_STEP][PASSED] - Statement - PreSaveFile = new java.io.File(((pathPrefix + java.lang.Integer.toString(counter)) + .png)): null

2018-12-13 01:36:19 - [TEST_STEP][PASSED] - Statement - counter = counter + 1: null

2018-12-13 01:36:19 - [TEST_STEP][PASSED] - Statement - PreSaveFile = new java.io.File(((pathPrefix + java.lang.Integer.toString(counter)) + .png)): null

2018-12-13 01:36:19 - [TEST_STEP][PASSED] - Statement - counter = counter + 1: null

2018-12-13 01:36:19 - [TEST_STEP][PASSED] - Statement - PreSaveFile = new java.io.File(((pathPrefix + java.lang.Integer.toString(counter)) + .png)): null

2018-12-13 01:36:19 - [TEST_STEP][PASSED] - Statement - counter = counter + 1: null

2018-12-13 01:36:19 - [TEST_STEP][PASSED] - Statement - PreSaveFile = new java.io.File(((pathPrefix + java.lang.Integer.toString(counter)) + .png)): null

2018-12-13 01:36:19 - [TEST_STEP][PASSED] - Statement - counter = counter + 1: null

2018-12-13 01:36:19 - [TEST_STEP][PASSED] - Statement - PreSaveFile = new java.io.File(((pathPrefix + java.lang.Integer.toString(counter)) + .png)): null

2018-12-13 01:36:19 - [TEST_STEP][PASSED] - Statement - counter = counter + 1: null

2018-12-13 01:36:19 - [TEST_STEP][PASSED] - Statement - PreSaveFile = new java.io.File(((pathPrefix + java.lang.Integer.toString(counter)) + .png)): null

2018-12-13 01:36:19 - [TEST_STEP][PASSED] - Statement - counter = counter + 1: null

2018-12-13 01:36:19 - [TEST_STEP][PASSED] - Statement - PreSaveFile = new java.io.File(((pathPrefix + java.lang.Integer.toString(counter)) + .png)): null

2018-12-13 01:36:19 - [TEST_STEP][PASSED] - Statement - counter = counter + 1: null

2018-12-13 01:36:19 - [TEST_STEP][PASSED] - Statement - PreSaveFile = new java.io.File(((pathPrefix + java.lang.Integer.toString(counter)) + .png)): null

2018-12-13 01:36:19 - [TEST_STEP][PASSED] - Statement - counter = counter + 1: null

2018-12-13 01:36:19 - [TEST_STEP][PASSED] - Statement - PreSaveFile = new java.io.File(((pathPrefix + java.lang.Integer.toString(counter)) + .png)): null

2018-12-13 01:36:19 - [TEST_STEP][PASSED] - Statement - counter = counter + 1: null

2018-12-13 01:36:19 - [TEST_STEP][PASSED] - Statement - PreSaveFile = new java.io.File(((pathPrefix + java.lang.Integer.toString(counter)) + .png)): null

2018-12-13 01:36:19 - [TEST_STEP][PASSED] - Statement - counter = counter + 1: null

2018-12-13 01:36:19 - [TEST_STEP][PASSED] - Statement - PreSaveFile = new java.io.File(((pathPrefix + java.lang.Integer.toString(counter)) + .png)): null

2018-12-13 01:36:19 - [TEST_STEP][PASSED] - Statement - counter = counter + 1: null

2018-12-13 01:36:19 - [TEST_STEP][PASSED] - Statement - PreSaveFile = new java.io.File(((pathPrefix + java.lang.Integer.toString(counter)) + .png)): null

2018-12-13 01:36:19 - [TEST_STEP][PASSED] - Statement - counter = counter + 1: null

2018-12-13 01:36:19 - [TEST_STEP][PASSED] - Statement - PreSaveFile = new java.io.File(((pathPrefix + java.lang.Integer.toString(counter)) + .png)): null

2018-12-13 01:36:19 - [TEST_STEP][PASSED] - Statement - counter = counter + 1: null

2018-12-13 01:36:19 - [TEST_STEP][PASSED] - Statement - PreSaveFile = new java.io.File(((pathPrefix + java.lang.Integer.toString(counter)) + .png)): null

2018-12-13 01:36:19 - [TEST_STEP][PASSED] - Statement - counter = counter + 1: null

2018-12-13 01:36:19 - [TEST_STEP][PASSED] - Statement - PreSaveFile = new java.io.File(((pathPrefix + java.lang.Integer.toString(counter)) + .png)): null

2018-12-13 01:36:19 - [TEST_STEP][PASSED] - Statement - counter = counter + 1: null

2018-12-13 01:36:19 - [TEST_STEP][PASSED] - Statement - PreSaveFile = new java.io.File(((pathPrefix + java.lang.Integer.toString(counter)) + .png)): null

2018-12-13 01:36:19 - [TEST_STEP][PASSED] - Statement - counter = counter + 1: null

2018-12-13 01:36:19 - [TEST_STEP][PASSED] - Statement - PreSaveFile = new java.io.File(((pathPrefix + java.lang.Integer.toString(counter)) + .png)): null

2018-12-13 01:36:19 - [TEST_STEP][PASSED] - Statement - counter = counter + 1: null

2018-12-13 01:36:19 - [TEST_STEP][PASSED] - Statement - PreSaveFile = new java.io.File(((pathPrefix + java.lang.Integer.toString(counter)) + .png)): null

2018-12-13 01:36:19 - [TEST_STEP][PASSED] - Statement - counter = counter + 1: null

2018-12-13 01:36:19 - [TEST_STEP][PASSED] - Statement - PreSaveFile = new java.io.File(((pathPrefix + java.lang.Integer.toString(counter)) + .png)): null

2018-12-13 01:36:19 - [TEST_STEP][PASSED] - Statement - counter = counter + 1: null

2018-12-13 01:36:19 - [TEST_STEP][PASSED] - Statement - PreSaveFile = new java.io.File(((pathPrefix + java.lang.Integer.toString(counter)) + .png)): null

2018-12-13 01:36:19 - [TEST_STEP][PASSED] - Statement - counter = counter + 1: null

2018-12-13 01:36:19 - [TEST_STEP][PASSED] - Statement - PreSaveFile = new java.io.File(((pathPrefix + java.lang.Integer.toString(counter)) + .png)): null

2018-12-13 01:36:19 - [TEST_STEP][PASSED] - Statement - counter = counter + 1: null

2018-12-13 01:36:19 - [TEST_STEP][PASSED] - Statement - PreSaveFile = new java.io.File(((pathPrefix + java.lang.Integer.toString(counter)) + .png)): null

2018-12-13 01:36:19 - [TEST_STEP][PASSED] - Statement - counter = counter + 1: null

2018-12-13 01:36:19 - [TEST_STEP][PASSED] - Statement - PreSaveFile = new java.io.File(((pathPrefix + java.lang.Integer.toString(counter)) + .png)): null

2018-12-13 01:36:19 - [TEST_STEP][PASSED] - Statement - counter = counter + 1: null

2018-12-13 01:36:19 - [TEST_STEP][PASSED] - Statement - PreSaveFile = new java.io.File(((pathPrefix + java.lang.Integer.toString(counter)) + .png)): null

2018-12-13 01:36:19 - [TEST_STEP][PASSED] - Statement - counter = counter + 1: null

2018-12-13 01:36:19 - [TEST_STEP][PASSED] - Statement - PreSaveFile = new java.io.File(((pathPrefix + java.lang.Integer.toString(counter)) + .png)): null

2018-12-13 01:36:19 - [TEST_STEP][PASSED] - Statement - counter = counter + 1: null

2018-12-13 01:36:19 - [TEST_STEP][PASSED] - Statement - PreSaveFile = new java.io.File(((pathPrefix + java.lang.Integer.toString(counter)) + .png)): null

2018-12-13 01:36:19 - [TEST_STEP][PASSED] - Statement - counter = counter + 1: null

2018-12-13 01:36:19 - [TEST_STEP][PASSED] - Statement - PreSaveFile = new java.io.File(((pathPrefix + java.lang.Integer.toString(counter)) + .png)): null

2018-12-13 01:36:19 - [TEST_STEP][PASSED] - Statement - counter = counter + 1: null

2018-12-13 01:36:19 - [TEST_STEP][PASSED] - Statement - PreSaveFile = new java.io.File(((pathPrefix + java.lang.Integer.toString(counter)) + .png)): null

2018-12-13 01:36:19 - [TEST_STEP][PASSED] - Statement - counter = counter + 1: null

2018-12-13 01:36:19 - [TEST_STEP][PASSED] - Statement - PreSaveFile = new java.io.File(((pathPrefix + java.lang.Integer.toString(counter)) + .png)): null

2018-12-13 01:36:19 - [TEST_STEP][PASSED] - Statement - counter = counter + 1: null

2018-12-13 01:36:19 - [TEST_STEP][PASSED] - Statement - PreSaveFile = new java.io.File(((pathPrefix + java.lang.Integer.toString(counter)) + .png)): null

2018-12-13 01:36:19 - [TEST_STEP][PASSED] - Statement - counter = counter + 1: null

2018-12-13 01:36:19 - [TEST_STEP][PASSED] - Statement - PreSaveFile = new java.io.File(((pathPrefix + java.lang.Integer.toString(counter)) + .png)): null

2018-12-13 01:36:19 - [TEST_STEP][PASSED] - Statement - counter = counter + 1: null

2018-12-13 01:36:19 - [TEST_STEP][PASSED] - Statement - PreSaveFile = new java.io.File(((pathPrefix + java.lang.Integer.toString(counter)) + .png)): null

2018-12-13 01:36:19 - [TEST_STEP][PASSED] - Statement - counter = counter + 1: null

2018-12-13 01:36:20 - [TEST_STEP][PASSED] - Statement - PreSaveFile = new java.io.File(((pathPrefix + java.lang.Integer.toString(counter)) + .png)): null

2018-12-13 01:36:20 - [TEST_STEP][PASSED] - Statement - counter = counter + 1: null

2018-12-13 01:36:20 - [TEST_STEP][PASSED] - Statement - PreSaveFile = new java.io.File(((pathPrefix + java.lang.Integer.toString(counter)) + .png)): null

2018-12-13 01:36:20 - [TEST_STEP][PASSED] - Statement - counter = counter + 1: null

2018-12-13 01:36:20 - [TEST_STEP][PASSED] - Statement - PreSaveFile = new java.io.File(((pathPrefix + java.lang.Integer.toString(counter)) + .png)): null

2018-12-13 01:36:20 - [TEST_STEP][PASSED] - Statement - counter = counter + 1: null

2018-12-13 01:36:20 - [TEST_STEP][PASSED] - Statement - PreSaveFile = new java.io.File(((pathPrefix + java.lang.Integer.toString(counter)) + .png)): null

2018-12-13 01:36:20 - [TEST_STEP][PASSED] - Statement - counter = counter + 1: null

2018-12-13 01:36:20 - [TEST_STEP][PASSED] - Statement - PreSaveFile = new java.io.File(((pathPrefix + java.lang.Integer.toString(counter)) + .png)): null

2018-12-13 01:36:20 - [TEST_STEP][PASSED] - Statement - counter = counter + 1: null

2018-12-13 01:36:20 - [TEST_STEP][PASSED] - Statement - PreSaveFile = new java.io.File(((pathPrefix + java.lang.Integer.toString(counter)) + .png)): null

2018-12-13 01:36:20 - [TEST_STEP][PASSED] - Statement - counter = counter + 1: null

2018-12-13 01:36:20 - [TEST_STEP][PASSED] - Statement - PreSaveFile = new java.io.File(((pathPrefix + java.lang.Integer.toString(counter)) + .png)): null

2018-12-13 01:36:20 - [TEST_STEP][PASSED] - Statement - counter = counter + 1: null

2018-12-13 01:36:20 - [TEST_STEP][PASSED] - Statement - PreSaveFile = new java.io.File(((pathPrefix + java.lang.Integer.toString(counter)) + .png)): null

2018-12-13 01:36:20 - [TEST_STEP][PASSED] - Statement - counter = counter + 1: null

2018-12-13 01:36:20 - [TEST_STEP][PASSED] - Statement - PreSaveFile = new java.io.File(((pathPrefix + java.lang.Integer.toString(counter)) + .png)): null

2018-12-13 01:36:20 - [TEST_STEP][PASSED] - Statement - counter = counter + 1: null

2018-12-13 01:36:20 - [TEST_STEP][PASSED] - Statement - PreSaveFile = new java.io.File(((pathPrefix + java.lang.Integer.toString(counter)) + .png)): null

2018-12-13 01:36:20 - [TEST_STEP][PASSED] - Statement - counter = counter + 1: null

2018-12-13 01:36:20 - [TEST_STEP][PASSED] - Statement - PreSaveFile = new java.io.File(((pathPrefix + java.lang.Integer.toString(counter)) + .png)): null

2018-12-13 01:36:20 - [TEST_STEP][PASSED] - Statement - counter = counter + 1: null

2018-12-13 01:36:20 - [TEST_STEP][PASSED] - Statement - PreSaveFile = new java.io.File(((pathPrefix + java.lang.Integer.toString(counter)) + .png)): null

2018-12-13 01:36:20 - [TEST_STEP][PASSED] - Statement - counter = counter + 1: null

2018-12-13 01:36:20 - [TEST_STEP][PASSED] - Statement - PreSaveFile = new java.io.File(((pathPrefix + java.lang.Integer.toString(counter)) + .png)): null

2018-12-13 01:36:20 - [TEST_STEP][PASSED] - Statement - counter = counter + 1: null

2018-12-13 01:36:20 - [TEST_STEP][PASSED] - Statement - PreSaveFile = new java.io.File(((pathPrefix + java.lang.Integer.toString(counter)) + .png)): null

2018-12-13 01:36:20 - [TEST_STEP][PASSED] - Statement - counter = counter + 1: null

2018-12-13 01:36:20 - [TEST_STEP][PASSED] - Statement - PreSaveFile = new java.io.File(((pathPrefix + java.lang.Integer.toString(counter)) + .png)): null

2018-12-13 01:36:20 - [TEST_STEP][PASSED] - Statement - counter = counter + 1: null

2018-12-13 01:36:20 - [TEST_STEP][PASSED] - Statement - PreSaveFile = new java.io.File(((pathPrefix + java.lang.Integer.toString(counter)) + .png)): null

2018-12-13 01:36:20 - [TEST_STEP][PASSED] - Statement - counter = counter + 1: null

2018-12-13 01:36:20 - [TEST_STEP][PASSED] - Statement - PreSaveFile = new java.io.File(((pathPrefix + java.lang.Integer.toString(counter)) + .png)): null

2018-12-13 01:36:20 - [TEST_STEP][PASSED] - Statement - counter = counter + 1: null

2018-12-13 01:36:20 - [TEST_STEP][PASSED] - Statement - PreSaveFile = new java.io.File(((pathPrefix + java.lang.Integer.toString(counter)) + .png)): null

2018-12-13 01:36:20 - [TEST_STEP][PASSED] - Statement - counter = counter + 1: null

2018-12-13 01:36:20 - [TEST_STEP][PASSED] - Statement - PreSaveFile = new java.io.File(((pathPrefix + java.lang.Integer.toString(counter)) + .png)): null

2018-12-13 01:36:20 - [TEST_STEP][PASSED] - Statement - counter = counter + 1: null

2018-12-13 01:36:20 - [TEST_STEP][PASSED] - Statement - PreSaveFile = new java.io.File(((pathPrefix + java.lang.Integer.toString(counter)) + .png)): null

2018-12-13 01:36:20 - [TEST_STEP][PASSED] - Statement - counter = counter + 1: null

2018-12-13 01:36:20 - [TEST_STEP][PASSED] - Statement - PreSaveFile = new java.io.File(((pathPrefix + java.lang.Integer.toString(counter)) + .png)): null

2018-12-13 01:36:20 - [TEST_STEP][PASSED] - Statement - counter = counter + 1: null

2018-12-13 01:36:20 - [TEST_STEP][PASSED] - Statement - PreSaveFile = new java.io.File(((pathPrefix + java.lang.Integer.toString(counter)) + .png)): null

2018-12-13 01:36:20 - [TEST_STEP][PASSED] - Statement - counter = counter + 1: null

2018-12-13 01:36:20 - [TEST_STEP][PASSED] - Statement - PreSaveFile = new java.io.File(((pathPrefix + java.lang.Integer.toString(counter)) + .png)): null

2018-12-13 01:36:20 - [TEST_STEP][PASSED] - Statement - counter = counter + 1: null

2018-12-13 01:36:20 - [TEST_STEP][PASSED] - Statement - PreSaveFile = new java.io.File(((pathPrefix + java.lang.Integer.toString(counter)) + .png)): null

2018-12-13 01:36:20 - [TEST_STEP][PASSED] - Statement - counter = counter + 1: null

2018-12-13 01:36:20 - [TEST_STEP][PASSED] - Statement - PreSaveFile = new java.io.File(((pathPrefix + java.lang.Integer.toString(counter)) + .png)): null

2018-12-13 01:36:20 - [TEST_STEP][PASSED] - Statement - counter = counter + 1: null

2018-12-13 01:36:20 - [TEST_STEP][PASSED] - Statement - PreSaveFile = new java.io.File(((pathPrefix + java.lang.Integer.toString(counter)) + .png)): null

2018-12-13 01:36:20 - [TEST_STEP][PASSED] - Statement - counter = counter + 1: null

2018-12-13 01:36:20 - [TEST_STEP][PASSED] - Statement - PreSaveFile = new java.io.File(((pathPrefix + java.lang.Integer.toString(counter)) + .png)): null

2018-12-13 01:36:20 - [TEST_STEP][PASSED] - Statement - counter = counter + 1: null

2018-12-13 01:36:20 - [TEST_STEP][PASSED] - Statement - PreSaveFile = new java.io.File(((pathPrefix + java.lang.Integer.toString(counter)) + .png)): null

2018-12-13 01:36:20 - [TEST_STEP][PASSED] - Statement - counter = counter + 1: null

2018-12-13 01:36:20 - [TEST_STEP][PASSED] - Statement - PreSaveFile = new java.io.File(((pathPrefix + java.lang.Integer.toString(counter)) + .png)): null

2018-12-13 01:36:20 - [TEST_STEP][PASSED] - Statement - counter = counter + 1: null

2018-12-13 01:36:20 - [TEST_STEP][PASSED] - Statement - PreSaveFile = new java.io.File(((pathPrefix + java.lang.Integer.toString(counter)) + .png)): null

2018-12-13 01:36:20 - [TEST_STEP][PASSED] - Statement - counter = counter + 1: null

2018-12-13 01:36:20 - [TEST_STEP][PASSED] - Statement - PreSaveFile = new java.io.File(((pathPrefix + java.lang.Integer.toString(counter)) + .png)): null

2018-12-13 01:36:20 - [TEST_STEP][PASSED] - Statement - counter = counter + 1: null

2018-12-13 01:36:20 - [TEST_STEP][PASSED] - Statement - PreSaveFile = new java.io.File(((pathPrefix + java.lang.Integer.toString(counter)) + .png)): null

2018-12-13 01:36:20 - [TEST_STEP][PASSED] - Statement - counter = counter + 1: null

2018-12-13 01:36:20 - [TEST_STEP][PASSED] - Statement - PreSaveFile = new java.io.File(((pathPrefix + java.lang.Integer.toString(counter)) + .png)): null

2018-12-13 01:36:20 - [TEST_STEP][PASSED] - Statement - counter = counter + 1: null

2018-12-13 01:36:20 - [TEST_STEP][PASSED] - Statement - PreSaveFile = new java.io.File(((pathPrefix + java.lang.Integer.toString(counter)) + .png)): null

2018-12-13 01:36:20 - [TEST_STEP][PASSED] - Statement - counter = counter + 1: null

2018-12-13 01:36:20 - [TEST_STEP][PASSED] - Statement - PreSaveFile = new java.io.File(((pathPrefix + java.lang.Integer.toString(counter)) + .png)): null

2018-12-13 01:36:20 - [TEST_STEP][PASSED] - Statement - counter = counter + 1: null

2018-12-13 01:36:20 - [TEST_STEP][PASSED] - Statement - PreSaveFile = new java.io.File(((pathPrefix + java.lang.Integer.toString(counter)) + .png)): null

2018-12-13 01:36:20 - [TEST_STEP][PASSED] - Statement - counter = counter + 1: null

2018-12-13 01:36:20 - [TEST_STEP][PASSED] - Statement - PreSaveFile = new java.io.File(((pathPrefix + java.lang.Integer.toString(counter)) + .png)): null

2018-12-13 01:36:20 - [TEST_STEP][PASSED] - Statement - finalPath = pathPrefix + java.lang.Integer.toString(counter) + ".png": null

2018-12-13 01:36:20 - [TEST_STEP][PASSED] - Statement - SaveFile = new java.io.File(finalPath): null

2018-12-13 01:36:20 - [TEST_STEP][PASSED] - Statement - Try: null

2018-12-13 01:36:20 - [TEST_STEP][PASSED] - Statement - org.apache.commons.io.FileUtils.copyFile(scrFile, SaveFile): null

2018-12-13 01:36:20 - [TEST_STEP][PASSED] - Statement - out.println("file kept"): null

2018-12-13 01:36:20 - [TEST_STEP][PASSED] - delay: Delayed 10 second(s)

2018-12-13 01:36:30 - [MESSAGE][PASSED] - Delayed 10 second(s)

2018-12-13 01:36:30 - [MESSAGE][PASSED] - Call Test Case 'Test Cases/Final Aug 2018 - PKS Automation/Registration Module/New Registration/Submit and Screenshot/Submit Registration and Screenshot' successfully

2018-12-13 01:36:30 - [TEST_STEP][PASSED] - delay: Delayed 5 second(s)

2018-12-13 01:36:35 - [MESSAGE][PASSED] - Delayed 5 second(s)

2018-12-13 01:36:35 - [TEST_STEP][PASSED] - callTestCase: Call Test Case 'Test Cases/Final Aug 2018 - PKS Automation/Registration Module/Log Out/log out avoiding katalon tagging' successfully

2018-12-13 01:36:35 - [TEST_CASE][PASSED] - Test Cases/Final Aug 2018 - PKS Automation/Registration Module/Log Out/log out avoiding katalon tagging: Test Cases/Final Aug 2018 - PKS Automation/Registration Module/Log Out/log out avoiding katalon tagging

2018-12-13 01:36:35 - [TEST_STEP][PASSED] - navigateToUrl: Navigate to 'https://assist2-uat.perkeso.gov.my/c/portal/logout' successfully

2018-12-13 01:36:35 - [MESSAGE][PASSED] - Navigate to 'https://assist2-uat.perkeso.gov.my/c/portal/logout' successfully

2018-12-13 01:36:35 - [MESSAGE][PASSED] - Call Test Case 'Test Cases/Final Aug 2018 - PKS Automation/Registration Module/Log Out/log out avoiding katalon tagging' successfully

2018-12-13 01:36:35 - [TEST_STEP][PASSED] - callTestCase: Call Test Case 'Test Cases/Final Aug 2018 - PKS Automation/Common/Workflow Owner Finder' successfully

2018-12-13 01:36:36 - [TEST_CASE][PASSED] - Test Cases/Final Aug 2018 - PKS Automation/Common/Workflow Owner Finder: Test Cases/Final Aug 2018 - PKS Automation/Common/Workflow Owner Finder

2018-12-13 01:36:36 - [TEST_STEP][PASSED] - openBrowser: Browser is opened with url: ''

2018-12-13 01:36:36 - [MESSAGE][WARNING] - A browser is already opened. Closing browser and opening a new one

2018-12-13 01:36:39 - [MESSAGE][PASSED] - Browser is opened with url: ''

2018-12-13 01:36:39 - [TEST_STEP][PASSED] - navigateToUrl: Navigate to 'https://assist2-uat.perkeso.gov.my/login' successfully

2018-12-13 01:36:40 - [MESSAGE][PASSED] - Navigate to 'https://assist2-uat.perkeso.gov.my/login' successfully

2018-12-13 01:36:40 - [TEST_STEP][PASSED] - delay: Delayed 5 second(s)

2018-12-13 01:36:45 - [MESSAGE][PASSED] - Delayed 5 second(s)

2018-12-13 01:36:45 - [TEST_STEP][PASSED] - setText: Text 'test@liferay.com' is set on object 'Object Repository/Final Object Repo/Login Page/Internal User/Email Address'

2018-12-13 01:36:46 - [MESSAGE][PASSED] - Text 'test@liferay.com' is set on object 'Object Repository/Final Object Repo/Login Page/Internal User/Email Address'

2018-12-13 01:36:46 - [TEST_STEP][PASSED] - click: Object: 'Object Repository/Final Object Repo/Login Page/Internal User/Next Button' is clicked on

2018-12-13 01:36:46 - [MESSAGE][PASSED] - Object: 'Object Repository/Final Object Repo/Login Page/Internal User/Next Button' is clicked on

2018-12-13 01:36:46 - [TEST_STEP][PASSED] - delay: Delayed 2 second(s)

2018-12-13 01:36:48 - [MESSAGE][PASSED] - Delayed 2 second(s)

2018-12-13 01:36:48 - [TEST_STEP][PASSED] - setText: Text 'test' is set on object 'Object Repository/Final Object Repo/Login Page/Internal User/Password'

2018-12-13 01:36:48 - [MESSAGE][PASSED] - Text 'test' is set on object 'Object Repository/Final Object Repo/Login Page/Internal User/Password'

2018-12-13 01:36:48 - [TEST_STEP][PASSED] - delay: Delayed 2 second(s)

2018-12-13 01:36:50 - [MESSAGE][PASSED] - Delayed 2 second(s)

2018-12-13 01:36:50 - [TEST_STEP][PASSED] - click: Object: 'Object Repository/Final Object Repo/Login Page/Internal User/Login Button' is clicked on

2018-12-13 01:36:50 - [MESSAGE][PASSED] - Object: 'Object Repository/Final Object Repo/Login Page/Internal User/Login Button' is clicked on

2018-12-13 01:36:50 - [TEST_STEP][PASSED] - Statement - tester = com.kms.katalon.core.testobject.ObjectRepository.findTestObject(Final Object Repo/Landing Page/Select to English): Finding Test Object with id 'Object Repository/Final Object Repo/Landing Page/Select to English'

2018-12-13 01:36:50 - [TEST_STEP][PASSED] - Statement - Try: Delayed 2 second(s)

2018-12-13 01:36:50 - [TEST_STEP][PASSED] - Statement - Checker = com.kms.katalon.core.webui.keyword.WebUiBuiltInKeywords.verifyElementNotPresent(tester, 3): Web element with id: 'Object Repository/Final Object Repo/Landing Page/Select to English' located by 'By.xpath: //a[@class = 'taglib-language-list-text' and @lang = 'en-US' and (contains(text(), 'EN') or contains(., 'EN'))]' is not present after '3' second(s)

2018-12-13 01:36:52 - [MESSAGE][PASSED] - Web element with id: 'Object Repository/Final Object Repo/Landing Page/Select to English' located by 'By.xpath: //a[@class = 'taglib-language-list-text' and @lang = 'en-US' and (contains(text(), 'EN') or contains(., 'EN'))]' is not present after '3' second(s)

2018-12-13 01:36:52 - [TEST_STEP][PASSED] - Statement - If (Checker == false): null

2018-12-13 01:36:52 - [TEST_STEP][PASSED] - delay: Delayed 2 second(s)

2018-12-13 01:36:54 - [MESSAGE][PASSED] - Delayed 2 second(s)

2018-12-13 01:36:54 - [TEST_STEP][PASSED] - delay: Delayed 5 second(s)

2018-12-13 01:36:59 - [MESSAGE][PASSED] - Delayed 5 second(s)

2018-12-13 01:36:59 - [TEST_STEP][PASSED] - mouseOver: Object: 'Object Repository/Final Object Repo/Landing Page/WorkFlow Menu' is hovered

2018-12-13 01:36:59 - [MESSAGE][PASSED] - Object: 'Object Repository/Final Object Repo/Landing Page/WorkFlow Menu' is hovered

2018-12-13 01:36:59 - [TEST_STEP][PASSED] - delay: Delayed 2 second(s)

2018-12-13 01:37:01 - [MESSAGE][PASSED] - Delayed 2 second(s)

2018-12-13 01:37:01 - [TEST_STEP][PASSED] - click: Object: 'Object Repository/Final Object Repo/Landing Page/Select to Workflow Listing' is clicked on

2018-12-13 01:37:02 - [MESSAGE][PASSED] - Object: 'Object Repository/Final Object Repo/Landing Page/Select to Workflow Listing' is clicked on

2018-12-13 01:37:02 - [TEST_STEP][PASSED] - delay: Delayed 2 second(s)

2018-12-13 01:37:04 - [MESSAGE][PASSED] - Delayed 2 second(s)

2018-12-13 01:37:04 - [TEST_STEP][PASSED] - click: Object: 'Object Repository/Final Object Repo/WorkFlow Listing Page/Search Information - To Put Ref No' is clicked on

2018-12-13 01:37:05 - [MESSAGE][PASSED] - Object: 'Object Repository/Final Object Repo/WorkFlow Listing Page/Search Information - To Put Ref No' is clicked on

2018-12-13 01:37:05 - [TEST_STEP][PASSED] - delay: Delayed 2 second(s)

2018-12-13 01:37:07 - [MESSAGE][PASSED] - Delayed 2 second(s)

2018-12-13 01:37:07 - [TEST_STEP][PASSED] - callTestCase: Call Test Case 'Test Cases/Final Aug 2018 - PKS Automation/Common/Reference Number Getter' successfully

2018-12-13 01:37:07 - [TEST_CASE][PASSED] - Test Cases/Final Aug 2018 - PKS Automation/Common/Reference Number Getter: Test Cases/Final Aug 2018 - PKS Automation/Common/Reference Number Getter

2018-12-13 01:37:07 - [TEST_STEP][PASSED] - Statement - Try: null

2018-12-13 01:37:07 - [TEST_STEP][PASSED] - Statement - RefNo = new java.io.File(C://Users//Admin//Desktop//PKS//Automation Reference Point//KatalonReference.txt): null

2018-12-13 01:37:07 - [TEST_STEP][PASSED] - Statement - bufferread = new java.io.BufferedReader(new java.io.FileReader(RefNo)): null

2018-12-13 01:37:07 - [TEST_STEP][PASSED] - Statement - readedVal = bufferread.readLine(): null

2018-12-13 01:37:07 - [TEST_STEP][PASSED] - Statement - out.println(CaseReferenceNo): null

2018-12-13 01:37:07 - [TEST_STEP][PASSED] - Statement - out.println(readedVal): null

2018-12-13 01:37:07 - [TEST_STEP][PASSED] - Statement - CaseReferenceNo = "": null

2018-12-13 01:37:07 - [TEST_STEP][PASSED] - Statement - CaseReferenceNo = readedVal: null

2018-12-13 01:37:07 - [MESSAGE][PASSED] - Call Test Case 'Test Cases/Final Aug 2018 - PKS Automation/Common/Reference Number Getter' successfully

2018-12-13 01:37:07 - [TEST_STEP][PASSED] - setText: Text 'CRN12201800123258' is set on object 'Object Repository/Final Object Repo/WorkFlow Listing Page/Ref No Set Text'

2018-12-13 01:37:07 - [MESSAGE][PASSED] - Text 'CRN12201800123258' is set on object 'Object Repository/Final Object Repo/WorkFlow Listing Page/Ref No Set Text'

2018-12-13 01:37:07 - [TEST_STEP][PASSED] - delay: Delayed 2 second(s)

2018-12-13 01:37:09 - [MESSAGE][PASSED] - Delayed 2 second(s)

2018-12-13 01:37:09 - [TEST_STEP][PASSED] - click: Object: 'Object Repository/Final Object Repo/WorkFlow Listing Page/Search Ref No Search Button' is clicked on

2018-12-13 01:37:09 - [MESSAGE][PASSED] - Object: 'Object Repository/Final Object Repo/WorkFlow Listing Page/Search Ref No Search Button' is clicked on

2018-12-13 01:37:09 - [TEST_STEP][PASSED] - delay: Delayed 6 second(s)

2018-12-13 01:37:15 - [MESSAGE][PASSED] - Delayed 6 second(s)

2018-12-13 01:37:15 - [TEST_STEP][PASSED] - click: Object: 'Object Repository/Final Object Repo/WorkFlow Listing Page/Click Continue Tooltip' is clicked on

2018-12-13 01:37:16 - [MESSAGE][PASSED] - Object: 'Object Repository/Final Object Repo/WorkFlow Listing Page/Click Continue Tooltip' is clicked on

2018-12-13 01:37:16 - [TEST_STEP][PASSED] - delay: Delayed 5 second(s)

2018-12-13 01:37:21 - [MESSAGE][PASSED] - Delayed 5 second(s)

2018-12-13 01:37:21 - [TEST_STEP][PASSED] - doubleClick: Object: 'Object Repository/Final Object Repo/WorkFlow Listing Page/Workflow Found - Listing 1' is double clicked on

2018-12-13 01:37:21 - [MESSAGE][PASSED] - Object: 'Object Repository/Final Object Repo/WorkFlow Listing Page/Workflow Found - Listing 1' is double clicked on

2018-12-13 01:37:21 - [TEST_STEP][PASSED] - Statement - println(OwnerID): null

2018-12-13 01:37:21 - [TEST_STEP][PASSED] - Statement - OwnerID = com.kms.katalon.core.webui.keyword.WebUiBuiltInKeywords.getText(com.kms.katalon.core.testobject.ObjectRepository.findTestObject(Final Object Repo/WorkFlow Listing Page/Workflow Found - Listing 1), STOP_ON_FAILURE): Text of object 'Object Repository/Final Object Repo/WorkFlow Listing Page/Workflow Found - Listing 1' is: 'JOHORro2'

2018-12-13 01:37:21 - [MESSAGE][PASSED] - Text of object 'Object Repository/Final Object Repo/WorkFlow Listing Page/Workflow Found - Listing 1' is: 'JOHORro2'

2018-12-13 01:37:21 - [TEST_STEP][PASSED] - Statement - OwnerID = OwnerID.toLowerCase() + "@gmail.com": null

2018-12-13 01:37:21 - [TEST_STEP][PASSED] - Statement - println(OwnerID): null

2018-12-13 01:37:21 - [TEST_STEP][PASSED] - delay: Delayed 2 second(s)

2018-12-13 01:37:23 - [MESSAGE][PASSED] - Delayed 2 second(s)

2018-12-13 01:37:23 - [MESSAGE][PASSED] - Call Test Case 'Test Cases/Final Aug 2018 - PKS Automation/Common/Workflow Owner Finder' successfully

2018-12-13 01:37:23 - [TEST_STEP][PASSED] - callTestCase: Call Test Case 'Test Cases/Final Aug 2018 - PKS Automation/Registration Module/Log Out/log out avoiding katalon tagging' successfully

2018-12-13 01:37:23 - [TEST_CASE][PASSED] - Test Cases/Final Aug 2018 - PKS Automation/Registration Module/Log Out/log out avoiding katalon tagging: Test Cases/Final Aug 2018 - PKS Automation/Registration Module/Log Out/log out avoiding katalon tagging

2018-12-13 01:37:23 - [TEST_STEP][PASSED] - navigateToUrl: Navigate to 'https://assist2-uat.perkeso.gov.my/c/portal/logout' successfully

2018-12-13 01:37:24 - [MESSAGE][PASSED] - Navigate to 'https://assist2-uat.perkeso.gov.my/c/portal/logout' successfully

2018-12-13 01:37:24 - [MESSAGE][PASSED] - Call Test Case 'Test Cases/Final Aug 2018 - PKS Automation/Registration Module/Log Out/log out avoiding katalon tagging' successfully

2018-12-13 01:37:24 - [TEST_STEP][PASSED] - delay: Delayed 2 second(s)

2018-12-13 01:37:26 - [MESSAGE][PASSED] - Delayed 2 second(s)

2018-12-13 01:37:26 - [TEST_STEP][PASSED] - setText: Text 'johorro2@gmail.com' is set on object 'Object Repository/Final Object Repo/New Registration - Registration Module Pages/New Reg - OTC to RO/Special Case - All Related Objects/Email TextBox'

2018-12-13 01:37:26 - [MESSAGE][PASSED] - Text 'johorro2@gmail.com' is set on object 'Object Repository/Final Object Repo/New Registration - Registration Module Pages/New Reg - OTC to RO/Special Case - All Related Objects/Email TextBox'

2018-12-13 01:37:26 - [TEST_STEP][PASSED] - click: Object: 'Object Repository/Final Object Repo/New Registration - Registration Module Pages/New Reg - OTC to RO/Special Case - All Related Objects/Next Button' is clicked on

2018-12-13 01:37:27 - [MESSAGE][PASSED] - Object: 'Object Repository/Final Object Repo/New Registration - Registration Module Pages/New Reg - OTC to RO/Special Case - All Related Objects/Next Button' is clicked on

2018-12-13 01:37:27 - [TEST_STEP][PASSED] - delay: Delayed 2 second(s)

2018-12-13 01:37:29 - [MESSAGE][PASSED] - Delayed 2 second(s)

2018-12-13 01:37:29 - [TEST_STEP][PASSED] - setText: Text 'Test1@3456789' is set on object 'Object Repository/Final Object Repo/New Registration - Registration Module Pages/New Reg - OTC to RO/Special Case - All Related Objects/Password TextBox'

2018-12-13 01:37:29 - [MESSAGE][PASSED] - Text 'Test1@3456789' is set on object 'Object Repository/Final Object Repo/New Registration - Registration Module Pages/New Reg - OTC to RO/Special Case - All Related Objects/Password TextBox'

2018-12-13 01:37:29 - [TEST_STEP][PASSED] - delay: Delayed 2 second(s)

2018-12-13 01:37:31 - [MESSAGE][PASSED] - Delayed 2 second(s)

2018-12-13 01:37:31 - [TEST_STEP][PASSED] - click: Object: 'Object Repository/Final Object Repo/New Registration - Registration Module Pages/New Reg - OTC to RO/Special Case - All Related Objects/Login Button' is clicked on

2018-12-13 01:37:31 - [MESSAGE][PASSED] - Object: 'Object Repository/Final Object Repo/New Registration - Registration Module Pages/New Reg - OTC to RO/Special Case - All Related Objects/Login Button' is clicked on

2018-12-13 01:37:31 - [TEST_STEP][PASSED] - delay: Delayed 2 second(s)

2018-12-13 01:37:33 - [MESSAGE][PASSED] - Delayed 2 second(s)

2018-12-13 01:37:33 - [TEST_STEP][PASSED] - Statement - Try: null

2018-12-13 01:37:33 - [TEST_STEP][PASSED] - Statement - Checker = com.kms.katalon.core.webui.keyword.WebUiBuiltInKeywords.verifyElementNotPresent("Final Object Repo/Landing Page/Select to English", 3): null

2018-12-13 01:37:33 - [TEST_STEP][PASSED] - Statement - Catch (Exception e): null

2018-12-13 01:37:33 - [TEST_STEP][PASSED] - Statement - e.printStackTrace(): null

2018-12-13 01:37:33 - [TEST_STEP][PASSED] - click: Object: 'Object Repository/Final Object Repo/New Registration - Registration Module Pages/New Reg - OTC to RO/Special Case - All Related Objects/Expand to Search' is clicked on

2018-12-13 01:37:33 - [MESSAGE][PASSED] - Object: 'Object Repository/Final Object Repo/New Registration - Registration Module Pages/New Reg - OTC to RO/Special Case - All Related Objects/Expand to Search' is clicked on

2018-12-13 01:37:33 - [TEST_STEP][PASSED] - delay: Delayed 2 second(s)

2018-12-13 01:37:35 - [MESSAGE][PASSED] - Delayed 2 second(s)

2018-12-13 01:37:35 - [TEST_STEP][PASSED] - setText: Text 'CRN12201800123258' is set on object 'Object Repository/Final Object Repo/New Registration - Registration Module Pages/New Reg - OTC to RO/Special Case - All Related Objects/TextBox RefNo in Workbasket'

2018-12-13 01:37:36 - [MESSAGE][PASSED] - Text 'CRN12201800123258' is set on object 'Object Repository/Final Object Repo/New Registration - Registration Module Pages/New Reg - OTC to RO/Special Case - All Related Objects/TextBox RefNo in Workbasket'

2018-12-13 01:37:36 - [TEST_STEP][PASSED] - delay: Delayed 2 second(s)

2018-12-13 01:37:38 - [MESSAGE][PASSED] - Delayed 2 second(s)

2018-12-13 01:37:38 - [TEST_STEP][PASSED] - click: Object: 'Object Repository/Final Object Repo/New Registration - Registration Module Pages/New Reg - OTC to RO/Special Case - All Related Objects/Click Search' is clicked on

2018-12-13 01:37:38 - [MESSAGE][PASSED] - Object: 'Object Repository/Final Object Repo/New Registration - Registration Module Pages/New Reg - OTC to RO/Special Case - All Related Objects/Click Search' is clicked on

2018-12-13 01:37:38 - [TEST_STEP][PASSED] - delay: Delayed 2 second(s)

2018-12-13 01:37:40 - [MESSAGE][PASSED] - Delayed 2 second(s)

2018-12-13 01:37:40 - [TEST_STEP][PASSED] - click: Object: 'Object Repository/Final Object Repo/New Registration - Registration Module Pages/New Reg - OTC to RO/Special Case - All Related Objects/Click to Continue Workflow' is clicked on

2018-12-13 01:37:43 - [MESSAGE][PASSED] - Object: 'Object Repository/Final Object Repo/New Registration - Registration Module Pages/New Reg - OTC to RO/Special Case - All Related Objects/Click to Continue Workflow' is clicked on

2018-12-13 01:37:43 - [TEST_STEP][PASSED] - delay: Delayed 2 second(s)

2018-12-13 01:37:45 - [MESSAGE][PASSED] - Delayed 2 second(s)

2018-12-13 01:37:45 - [TEST_STEP][PASSED] - click: Object: 'Object Repository/Final Object Repo/New Registration - Registration Module Pages/New Reg - OTC to RO/Special Case - All Related Objects/Continue Button in verifying case' is clicked on

2018-12-13 01:37:47 - [MESSAGE][PASSED] - Object: 'Object Repository/Final Object Repo/New Registration - Registration Module Pages/New Reg - OTC to RO/Special Case - All Related Objects/Continue Button in verifying case' is clicked on

2018-12-13 01:37:47 - [TEST_STEP][PASSED] - delay: Delayed 2 second(s)

2018-12-13 01:37:49 - [MESSAGE][PASSED] - Delayed 2 second(s)

2018-12-13 01:37:49 - [TEST_STEP][PASSED] - click: Object: 'Object Repository/Final Object Repo/New Registration - Registration Module Pages/New Reg - OTC to RO/Special Case - All Related Objects/Form 1 Save n Continue' is clicked on

2018-12-13 01:37:49 - [MESSAGE][PASSED] - Object: 'Object Repository/Final Object Repo/New Registration - Registration Module Pages/New Reg - OTC to RO/Special Case - All Related Objects/Form 1 Save n Continue' is clicked on

2018-12-13 01:37:49 - [TEST_STEP][PASSED] - delay: Delayed 5 second(s)

2018-12-13 01:37:54 - [MESSAGE][PASSED] - Delayed 5 second(s)

2018-12-13 01:37:54 - [TEST_STEP][PASSED] - click: Object: 'Object Repository/Final Object Repo/New Registration - Registration Module Pages/New Reg - OTC to RO/Special Case - OTC - Form 1/Confirm No Flagging as Branch' is clicked on

2018-12-13 01:37:54 - [MESSAGE][PASSED] - Object: 'Object Repository/Final Object Repo/New Registration - Registration Module Pages/New Reg - OTC to RO/Special Case - OTC - Form 1/Confirm No Flagging as Branch' is clicked on

2018-12-13 01:37:54 - [TEST_STEP][PASSED] - delay: Delayed 2 second(s)

2018-12-13 01:37:56 - [MESSAGE][PASSED] - Delayed 2 second(s)

2018-12-13 01:37:56 - [TEST_STEP][PASSED] - click: Object: 'Object Repository/Final Object Repo/New Registration - Registration Module Pages/New Reg - OTC to RO/Special Case - All Related Objects/Form 2 Save n Continue' is clicked on

2018-12-13 01:37:56 - [MESSAGE][PASSED] - Object: 'Object Repository/Final Object Repo/New Registration - Registration Module Pages/New Reg - OTC to RO/Special Case - All Related Objects/Form 2 Save n Continue' is clicked on

2018-12-13 01:37:56 - [TEST_STEP][PASSED] - delay: Delayed 2 second(s)

2018-12-13 01:37:58 - [MESSAGE][PASSED] - Delayed 2 second(s)

2018-12-13 01:37:58 - [TEST_STEP][PASSED] - click: Object: 'Object Repository/Final Object Repo/New Registration - Registration Module Pages/New Reg - OTC to RO/Special Case - All Related Objects/Third Screen Save n Continue' is clicked on

2018-12-13 01:38:03 - [MESSAGE][PASSED] - Object: 'Object Repository/Final Object Repo/New Registration - Registration Module Pages/New Reg - OTC to RO/Special Case - All Related Objects/Third Screen Save n Continue' is clicked on

2018-12-13 01:38:03 - [TEST_STEP][PASSED] - setText: Text 'Query case' is set on object 'Object Repository/Final Object Repo/New Registration - Registration Module Pages/New Reg - OTC to RO/Special Case - All Related Objects/Query Text Input'

2018-12-13 01:38:04 - [MESSAGE][PASSED] - Text 'Query case' is set on object 'Object Repository/Final Object Repo/New Registration - Registration Module Pages/New Reg - OTC to RO/Special Case - All Related Objects/Query Text Input'

2018-12-13 01:38:04 - [TEST_STEP][PASSED] - delay: Delayed 5 second(s)

2018-12-13 01:38:09 - [MESSAGE][PASSED] - Delayed 5 second(s)

2018-12-13 01:38:09 - [TEST_STEP][PASSED] - click: Object: 'Object Repository/Final Object Repo/New Registration - Registration Module Pages/New Reg - OTC to RO/Special Case - All Related Objects/Upload Doc Page Save n Continue' is clicked on

2018-12-13 01:38:09 - [MESSAGE][PASSED] - Object: 'Object Repository/Final Object Repo/New Registration - Registration Module Pages/New Reg - OTC to RO/Special Case - All Related Objects/Upload Doc Page Save n Continue' is clicked on

2018-12-13 01:38:09 - [TEST_STEP][PASSED] - click: Object: 'Object Repository/Final Object Repo/New Registration - Registration Module Pages/New Reg - OTC to RO/Special Case - All Related Objects/Query Button' is clicked on

2018-12-13 01:38:13 - [MESSAGE][PASSED] - Object: 'Object Repository/Final Object Repo/New Registration - Registration Module Pages/New Reg - OTC to RO/Special Case - All Related Objects/Query Button' is clicked on

2018-12-13 01:38:13 - [TEST_STEP][FAILED] - click: Unable to click on object 'Object Repository/Final Object Repo/New Registration - Registration Module Pages/New Reg - OTC to RO/Special Case - All Related Objects/Confirm to Query' (Root cause: org.openqa.selenium.ElementNotVisibleException: element not interactable
  (Session info: chrome=70.0.3538.110)
  (Driver info: chromedriver=2.43.600210 (68dcf5eebde37173d4027fa8635e332711d2874a),platform=Windows NT 6.1.7601 SP1 x86_64) (WARNING: The server did not provide any stacktrace information)
Command duration or timeout: 0 milliseconds
Build info: version: '3.7.1', revision: '8a0099a', time: '2017-11-06T21:07:36.161Z'
System info: host: 'WIN7TEST02', ip: '10.20.3.72', os.name: 'Windows 7', os.arch: 'amd64', os.version: '6.1', java.version: '1.8.0_181'
Driver info: com.kms.katalon.selenium.driver.CChromeDriver
Capabilities {acceptInsecureCerts: false, acceptSslCerts: false, applicationCacheEnabled: false, browserConnectionEnabled: false, browserName: chrome, chrome: {chromedriverVersion: 2.43.600210 (68dcf5eebde371..., userDataDir: C:\Users\Admin\AppData\Loca...}, cssSelectorsEnabled: true, databaseEnabled: false, goog:chromeOptions: {debuggerAddress: localhost:60566}, handlesAlerts: true, hasTouchScreen: false, javascriptEnabled: true, locationContextEnabled: true, mobileEmulationEnabled: false, nativeEvents: true, networkConnectionEnabled: false, pageLoadStrategy: normal, platform: XP, platformName: XP, rotatable: false, setWindowRect: true, takesHeapSnapshot: true, takesScreenshot: true, unexpectedAlertBehaviour: , unhandledPromptBehavior: , version: 70.0.3538.110, webStorageEnabled: true}
Session ID: 6dd2a68ea4a2a325275ccdde0f972c62)

2018-12-13 01:38:14 - [MESSAGE][FAILED] - Unable to click on object 'Object Repository/Final Object Repo/New Registration - Registration Module Pages/New Reg - OTC to RO/Special Case - All Related Objects/Confirm to Query' (Root cause: org.openqa.selenium.ElementNotVisibleException: element not interactable
  (Session info: chrome=70.0.3538.110)
  (Driver info: chromedriver=2.43.600210 (68dcf5eebde37173d4027fa8635e332711d2874a),platform=Windows NT 6.1.7601 SP1 x86_64) (WARNING: The server did not provide any stacktrace information)
Command duration or timeout: 0 milliseconds
Build info: version: '3.7.1', revision: '8a0099a', time: '2017-11-06T21:07:36.161Z'
System info: host: 'WIN7TEST02', ip: '10.20.3.72', os.name: 'Windows 7', os.arch: 'amd64', os.version: '6.1', java.version: '1.8.0_181'
Driver info: com.kms.katalon.selenium.driver.CChromeDriver
Capabilities {acceptInsecureCerts: false, acceptSslCerts: false, applicationCacheEnabled: false, browserConnectionEnabled: false, browserName: chrome, chrome: {chromedriverVersion: 2.43.600210 (68dcf5eebde371..., userDataDir: C:\Users\Admin\AppData\Loca...}, cssSelectorsEnabled: true, databaseEnabled: false, goog:chromeOptions: {debuggerAddress: localhost:60566}, handlesAlerts: true, hasTouchScreen: false, javascriptEnabled: true, locationContextEnabled: true, mobileEmulationEnabled: false, nativeEvents: true, networkConnectionEnabled: false, pageLoadStrategy: normal, platform: XP, platformName: XP, rotatable: false, setWindowRect: true, takesHeapSnapshot: true, takesScreenshot: true, unexpectedAlertBehaviour: , unhandledPromptBehavior: , version: 70.0.3538.110, webStorageEnabled: true}
Session ID: 6dd2a68ea4a2a325275ccdde0f972c62)
[[ATTACHMENT|C:\\Users\\Admin\\Desktop\\PKS\\Perkeso Phase A\\Reports\\Workflow\\New Registration\\20181212_204826\\1544636294016.png]]

2018-12-13 01:38:14 - [TEST_STEP][PASSED] - delay: Delayed 5 second(s)

2018-12-13 01:38:19 - [MESSAGE][PASSED] - Delayed 5 second(s)

2018-12-13 01:38:19 - [TEST_STEP][PASSED] - callTestCase: Call Test Case 'Test Cases/Final Aug 2018 - PKS Automation/Registration Module/Log Out/log out avoiding katalon tagging' successfully

2018-12-13 01:38:19 - [TEST_CASE][PASSED] - Test Cases/Final Aug 2018 - PKS Automation/Registration Module/Log Out/log out avoiding katalon tagging: Test Cases/Final Aug 2018 - PKS Automation/Registration Module/Log Out/log out avoiding katalon tagging

2018-12-13 01:38:19 - [TEST_STEP][PASSED] - navigateToUrl: Navigate to 'https://assist2-uat.perkeso.gov.my/c/portal/logout' successfully

2018-12-13 01:38:20 - [MESSAGE][PASSED] - Navigate to 'https://assist2-uat.perkeso.gov.my/c/portal/logout' successfully

2018-12-13 01:38:20 - [MESSAGE][PASSED] - Call Test Case 'Test Cases/Final Aug 2018 - PKS Automation/Registration Module/Log Out/log out avoiding katalon tagging' successfully

2018-12-13 01:38:20 - [TEST_STEP][PASSED] - delay: Delayed 2 second(s)

2018-12-13 01:38:22 - [MESSAGE][PASSED] - Delayed 2 second(s)

2018-12-13 01:38:22 - [TEST_STEP][PASSED] - setText: Text 'klotc2@gmail.com' is set on object 'Object Repository/Final Object Repo/New Registration - Registration Module Pages/New Reg - OTC to RO/Special Case - All Related Objects/Email TextBox'

2018-12-13 01:38:22 - [MESSAGE][PASSED] - Text 'klotc2@gmail.com' is set on object 'Object Repository/Final Object Repo/New Registration - Registration Module Pages/New Reg - OTC to RO/Special Case - All Related Objects/Email TextBox'

2018-12-13 01:38:22 - [TEST_STEP][PASSED] - delay: Delayed 2 second(s)

2018-12-13 01:38:24 - [MESSAGE][PASSED] - Delayed 2 second(s)

2018-12-13 01:38:24 - [TEST_STEP][PASSED] - click: Object: 'Object Repository/Final Object Repo/Login Page/Internal User/Next Button' is clicked on

2018-12-13 01:38:24 - [MESSAGE][PASSED] - Object: 'Object Repository/Final Object Repo/Login Page/Internal User/Next Button' is clicked on

2018-12-13 01:38:24 - [TEST_STEP][PASSED] - delay: Delayed 2 second(s)

2018-12-13 01:38:26 - [MESSAGE][PASSED] - Delayed 2 second(s)

2018-12-13 01:38:26 - [TEST_STEP][PASSED] - setText: Text 'Test1@3456789' is set on object 'Object Repository/Final Object Repo/Login Page/Internal User/Password'

2018-12-13 01:38:26 - [MESSAGE][PASSED] - Text 'Test1@3456789' is set on object 'Object Repository/Final Object Repo/Login Page/Internal User/Password'

2018-12-13 01:38:26 - [TEST_STEP][PASSED] - delay: Delayed 2 second(s)

2018-12-13 01:38:28 - [MESSAGE][PASSED] - Delayed 2 second(s)

2018-12-13 01:38:28 - [TEST_STEP][PASSED] - click: Object: 'Object Repository/Final Object Repo/Login Page/Internal User/Login Button' is clicked on

2018-12-13 01:38:29 - [MESSAGE][PASSED] - Object: 'Object Repository/Final Object Repo/Login Page/Internal User/Login Button' is clicked on

2018-12-13 01:38:29 - [TEST_STEP][PASSED] - delay: Delayed 2 second(s)

2018-12-13 01:38:31 - [MESSAGE][PASSED] - Delayed 2 second(s)

2018-12-13 01:38:31 - [TEST_STEP][PASSED] - Statement - Try: null

2018-12-13 01:38:31 - [TEST_STEP][PASSED] - Statement - Checker = com.kms.katalon.core.webui.keyword.WebUiBuiltInKeywords.verifyElementNotPresent("PKS_SIP_Updated_RegModule/Attempt/Page_MyASSIST - ASSIST/Select to English", 3): null

2018-12-13 01:38:31 - [TEST_STEP][PASSED] - Statement - Catch (Exception e): null

2018-12-13 01:38:31 - [TEST_STEP][PASSED] - Statement - e.printStackTrace(): null

2018-12-13 01:38:31 - [TEST_STEP][PASSED] - delay: Delayed 4 second(s)

2018-12-13 01:38:35 - [MESSAGE][PASSED] - Delayed 4 second(s)

2018-12-13 01:38:35 - [TEST_STEP][PASSED] - click: Object: 'Object Repository/Final Object Repo/Landing Page/My Sites Drop Down' is clicked on

2018-12-13 01:38:35 - [MESSAGE][PASSED] - Object: 'Object Repository/Final Object Repo/Landing Page/My Sites Drop Down' is clicked on

2018-12-13 01:38:35 - [TEST_STEP][PASSED] - click: Object: 'Object Repository/Final Object Repo/Landing Page/Select to Registration Module' is clicked on

2018-12-13 01:38:35 - [MESSAGE][PASSED] - Object: 'Object Repository/Final Object Repo/Landing Page/Select to Registration Module' is clicked on

2018-12-13 01:38:35 - [TEST_STEP][PASSED] - delay: Delayed 2 second(s)

2018-12-13 01:38:37 - [MESSAGE][PASSED] - Delayed 2 second(s)

2018-12-13 01:38:37 - [TEST_STEP][PASSED] - mouseOver: Object: 'Object Repository/Final Object Repo/New Registration - Registration Module Pages/New Reg - OTC to RO/Special Case - All Related Objects/Hover Over Search Drop Down' is hovered

2018-12-13 01:38:38 - [MESSAGE][PASSED] - Object: 'Object Repository/Final Object Repo/New Registration - Registration Module Pages/New Reg - OTC to RO/Special Case - All Related Objects/Hover Over Search Drop Down' is hovered

2018-12-13 01:38:38 - [TEST_STEP][PASSED] - click: Object: 'Object Repository/Final Object Repo/New Registration - Registration Module Pages/New Reg - OTC to RO/Special Case - All Related Objects/Select Search Pending Case' is clicked on

2018-12-13 01:38:38 - [MESSAGE][PASSED] - Object: 'Object Repository/Final Object Repo/New Registration - Registration Module Pages/New Reg - OTC to RO/Special Case - All Related Objects/Select Search Pending Case' is clicked on

2018-12-13 01:38:38 - [TEST_STEP][PASSED] - click: Object: 'Object Repository/Final Object Repo/New Registration - Registration Module Pages/New Reg - OTC to RO/Special Case - All Related Objects/Select Searching Method (Employer Code)' is clicked on

2018-12-13 01:38:38 - [MESSAGE][PASSED] - Object: 'Object Repository/Final Object Repo/New Registration - Registration Module Pages/New Reg - OTC to RO/Special Case - All Related Objects/Select Searching Method (Employer Code)' is clicked on

2018-12-13 01:38:38 - [TEST_STEP][PASSED] - click: Object: 'Object Repository/Final Object Repo/New Registration - Registration Module Pages/New Reg - OTC to RO/Special Case - All Related Objects/Select Searching Method to Reference ID' is clicked on

2018-12-13 01:38:39 - [MESSAGE][PASSED] - Object: 'Object Repository/Final Object Repo/New Registration - Registration Module Pages/New Reg - OTC to RO/Special Case - All Related Objects/Select Searching Method to Reference ID' is clicked on

2018-12-13 01:38:39 - [TEST_STEP][PASSED] - setText: Text 'CRN12201800123258' is set on object 'Object Repository/Final Object Repo/New Registration - Registration Module Pages/New Reg - OTC to RO/Special Case - All Related Objects/Pending Case Ref NO'

2018-12-13 01:38:39 - [MESSAGE][PASSED] - Text 'CRN12201800123258' is set on object 'Object Repository/Final Object Repo/New Registration - Registration Module Pages/New Reg - OTC to RO/Special Case - All Related Objects/Pending Case Ref NO'

2018-12-13 01:38:39 - [TEST_STEP][PASSED] - click: Object: 'Object Repository/Final Object Repo/New Registration - Registration Module Pages/New Reg - OTC to RO/Special Case - All Related Objects/Search Pending Case Based on Ref No' is clicked on

2018-12-13 01:38:39 - [MESSAGE][PASSED] - Object: 'Object Repository/Final Object Repo/New Registration - Registration Module Pages/New Reg - OTC to RO/Special Case - All Related Objects/Search Pending Case Based on Ref No' is clicked on

2018-12-13 01:38:39 - [TEST_STEP][FAILED] - click: Unable to click on object 'Object Repository/Final Object Repo/New Registration - Registration Module Pages/New Reg - OTC to RO/Special Case - All Related Objects/Action Button after found case' (Root cause: org.openqa.selenium.InvalidSelectorException: invalid selector: Unable to locate an element with the xpath expression  because of the following error:
SyntaxError: Failed to execute 'evaluate' on 'Document': The string '' is not a valid XPath expression.
  (Session info: chrome=70.0.3538.110)
  (Driver info: chromedriver=2.43.600210 (68dcf5eebde37173d4027fa8635e332711d2874a),platform=Windows NT 6.1.7601 SP1 x86_64) (WARNING: The server did not provide any stacktrace information)
Command duration or timeout: 0 milliseconds
For documentation on this error, please visit: http://seleniumhq.org/exceptions/invalid_selector_exception.html
Build info: version: '3.7.1', revision: '8a0099a', time: '2017-11-06T21:07:36.161Z'
System info: host: 'WIN7TEST02', ip: '10.20.3.72', os.name: 'Windows 7', os.arch: 'amd64', os.version: '6.1', java.version: '1.8.0_181'
Driver info: com.kms.katalon.selenium.driver.CChromeDriver
Capabilities {acceptInsecureCerts: false, acceptSslCerts: false, applicationCacheEnabled: false, browserConnectionEnabled: false, browserName: chrome, chrome: {chromedriverVersion: 2.43.600210 (68dcf5eebde371..., userDataDir: C:\Users\Admin\AppData\Loca...}, cssSelectorsEnabled: true, databaseEnabled: false, goog:chromeOptions: {debuggerAddress: localhost:60566}, handlesAlerts: true, hasTouchScreen: false, javascriptEnabled: true, locationContextEnabled: true, mobileEmulationEnabled: false, nativeEvents: true, networkConnectionEnabled: false, pageLoadStrategy: normal, platform: XP, platformName: XP, rotatable: false, setWindowRect: true, takesHeapSnapshot: true, takesScreenshot: true, unexpectedAlertBehaviour: , unhandledPromptBehavior: , version: 70.0.3538.110, webStorageEnabled: true}
Session ID: 6dd2a68ea4a2a325275ccdde0f972c62
*** Element info: {Using=xpath, value=})

2018-12-13 01:39:12 - [MESSAGE][FAILED] - Unable to click on object 'Object Repository/Final Object Repo/New Registration - Registration Module Pages/New Reg - OTC to RO/Special Case - All Related Objects/Action Button after found case' (Root cause: org.openqa.selenium.InvalidSelectorException: invalid selector: Unable to locate an element with the xpath expression  because of the following error:
SyntaxError: Failed to execute 'evaluate' on 'Document': The string '' is not a valid XPath expression.
  (Session info: chrome=70.0.3538.110)
  (Driver info: chromedriver=2.43.600210 (68dcf5eebde37173d4027fa8635e332711d2874a),platform=Windows NT 6.1.7601 SP1 x86_64) (WARNING: The server did not provide any stacktrace information)
Command duration or timeout: 0 milliseconds
For documentation on this error, please visit: http://seleniumhq.org/exceptions/invalid_selector_exception.html
Build info: version: '3.7.1', revision: '8a0099a', time: '2017-11-06T21:07:36.161Z'
System info: host: 'WIN7TEST02', ip: '10.20.3.72', os.name: 'Windows 7', os.arch: 'amd64', os.version: '6.1', java.version: '1.8.0_181'
Driver info: com.kms.katalon.selenium.driver.CChromeDriver
Capabilities {acceptInsecureCerts: false, acceptSslCerts: false, applicationCacheEnabled: false, browserConnectionEnabled: false, browserName: chrome, chrome: {chromedriverVersion: 2.43.600210 (68dcf5eebde371..., userDataDir: C:\Users\Admin\AppData\Loca...}, cssSelectorsEnabled: true, databaseEnabled: false, goog:chromeOptions: {debuggerAddress: localhost:60566}, handlesAlerts: true, hasTouchScreen: false, javascriptEnabled: true, locationContextEnabled: true, mobileEmulationEnabled: false, nativeEvents: true, networkConnectionEnabled: false, pageLoadStrategy: normal, platform: XP, platformName: XP, rotatable: false, setWindowRect: true, takesHeapSnapshot: true, takesScreenshot: true, unexpectedAlertBehaviour: , unhandledPromptBehavior: , version: 70.0.3538.110, webStorageEnabled: true}
Session ID: 6dd2a68ea4a2a325275ccdde0f972c62
*** Element info: {Using=xpath, value=})
[[ATTACHMENT|C:\\Users\\Admin\\Desktop\\PKS\\Perkeso Phase A\\Reports\\Workflow\\New Registration\\20181212_204826\\1544636352089.png]]

2018-12-13 01:39:12 - [TEST_STEP][FAILED] - click: Unable to click on object 'Object Repository/Final Object Repo/New Registration - Registration Module Pages/New Reg - OTC to RO/Special Case - All Related Objects/Next Button in Pending Case Form 1' (Root cause: com.kms.katalon.core.webui.exception.WebElementNotFoundException: Web element with id: 'Object Repository/Final Object Repo/New Registration - Registration Module Pages/New Reg - OTC to RO/Special Case - All Related Objects/Next Button in Pending Case Form 1' located by 'By.xpath: //a[@class = 'btn btn-lg blueBtn col-md-2 pull-right browserIdBtn' and (text() = ' NEXT
						' or . = ' NEXT
						')]' not found)

2018-12-13 01:39:45 - [MESSAGE][FAILED] - Unable to click on object 'Object Repository/Final Object Repo/New Registration - Registration Module Pages/New Reg - OTC to RO/Special Case - All Related Objects/Next Button in Pending Case Form 1' (Root cause: com.kms.katalon.core.webui.exception.WebElementNotFoundException: Web element with id: 'Object Repository/Final Object Repo/New Registration - Registration Module Pages/New Reg - OTC to RO/Special Case - All Related Objects/Next Button in Pending Case Form 1' located by 'By.xpath: //a[@class = 'btn btn-lg blueBtn col-md-2 pull-right browserIdBtn' and (text() = ' NEXT
						' or . = ' NEXT
						')]' not found)
[[ATTACHMENT|C:\\Users\\Admin\\Desktop\\PKS\\Perkeso Phase A\\Reports\\Workflow\\New Registration\\20181212_204826\\1544636385490.png]]

2018-12-13 01:39:45 - [TEST_STEP][FAILED] - click: Unable to click on object 'Object Repository/Final Object Repo/New Registration - Registration Module Pages/New Reg - OTC to RO/Special Case - All Related Objects/Next Button in Pending Case Form 2' (Root cause: com.kms.katalon.core.webui.exception.WebElementNotFoundException: Web element with id: 'Object Repository/Final Object Repo/New Registration - Registration Module Pages/New Reg - OTC to RO/Special Case - All Related Objects/Next Button in Pending Case Form 2' located by 'By.xpath: //a[@class = 'btn btn-lg blueBtn col-md-2 pull-right browserIdBtn' and (text() = ' NEXT
				' or . = ' NEXT
				')]' not found)

2018-12-13 01:40:18 - [MESSAGE][FAILED] - Unable to click on object 'Object Repository/Final Object Repo/New Registration - Registration Module Pages/New Reg - OTC to RO/Special Case - All Related Objects/Next Button in Pending Case Form 2' (Root cause: com.kms.katalon.core.webui.exception.WebElementNotFoundException: Web element with id: 'Object Repository/Final Object Repo/New Registration - Registration Module Pages/New Reg - OTC to RO/Special Case - All Related Objects/Next Button in Pending Case Form 2' located by 'By.xpath: //a[@class = 'btn btn-lg blueBtn col-md-2 pull-right browserIdBtn' and (text() = ' NEXT
				' or . = ' NEXT
				')]' not found)
[[ATTACHMENT|C:\\Users\\Admin\\Desktop\\PKS\\Perkeso Phase A\\Reports\\Workflow\\New Registration\\20181212_204826\\1544636418303.png]]

2018-12-13 01:40:18 - [TEST_STEP][FAILED] - click: Unable to click on object 'Object Repository/Final Object Repo/New Registration - Registration Module Pages/New Reg - OTC to RO/Special Case - All Related Objects/Next Button in Third Screen' (Root cause: com.kms.katalon.core.webui.exception.WebElementNotFoundException: Web element with id: 'Object Repository/Final Object Repo/New Registration - Registration Module Pages/New Reg - OTC to RO/Special Case - All Related Objects/Next Button in Third Screen' located by 'By.xpath: //a[@class = 'btn btn-lg blueBtn col-md-2 pull-right browserIdBtn' and (text() = ' NEXT
				' or . = ' NEXT
				')]' not found)

2018-12-13 01:40:52 - [MESSAGE][FAILED] - Unable to click on object 'Object Repository/Final Object Repo/New Registration - Registration Module Pages/New Reg - OTC to RO/Special Case - All Related Objects/Next Button in Third Screen' (Root cause: com.kms.katalon.core.webui.exception.WebElementNotFoundException: Web element with id: 'Object Repository/Final Object Repo/New Registration - Registration Module Pages/New Reg - OTC to RO/Special Case - All Related Objects/Next Button in Third Screen' located by 'By.xpath: //a[@class = 'btn btn-lg blueBtn col-md-2 pull-right browserIdBtn' and (text() = ' NEXT
				' or . = ' NEXT
				')]' not found)
[[ATTACHMENT|C:\\Users\\Admin\\Desktop\\PKS\\Perkeso Phase A\\Reports\\Workflow\\New Registration\\20181212_204826\\1544636451663.png]]

2018-12-13 01:40:52 - [TEST_STEP][FAILED] - click: Unable to click on object 'Object Repository/Final Object Repo/New Registration - Registration Module Pages/New Reg - OTC to RO/Special Case - All Related Objects/Add Document for Pending Case' (Root cause: com.kms.katalon.core.webui.exception.WebElementNotFoundException: Web element with id: 'Object Repository/Final Object Repo/New Registration - Registration Module Pages/New Reg - OTC to RO/Special Case - All Related Objects/Add Document for Pending Case' located by 'By.xpath: //a[@id = '_newreg_WAR_registrationportlet_dialogBtn' and (text() = '
					ADD DOCUMENT
	             ' or . = '
					ADD DOCUMENT
	             ')]' not found)

2018-12-13 01:41:25 - [MESSAGE][FAILED] - Unable to click on object 'Object Repository/Final Object Repo/New Registration - Registration Module Pages/New Reg - OTC to RO/Special Case - All Related Objects/Add Document for Pending Case' (Root cause: com.kms.katalon.core.webui.exception.WebElementNotFoundException: Web element with id: 'Object Repository/Final Object Repo/New Registration - Registration Module Pages/New Reg - OTC to RO/Special Case - All Related Objects/Add Document for Pending Case' located by 'By.xpath: //a[@id = '_newreg_WAR_registrationportlet_dialogBtn' and (text() = '
					ADD DOCUMENT
	             ' or . = '
					ADD DOCUMENT
	             ')]' not found)
[[ATTACHMENT|C:\\Users\\Admin\\Desktop\\PKS\\Perkeso Phase A\\Reports\\Workflow\\New Registration\\20181212_204826\\1544636485014.png]]

2018-12-13 01:41:25 - [TEST_STEP][FAILED] - click: Unable to click on object 'Object Repository/Final Object Repo/New Registration - Registration Module Pages/New Reg - OTC to RO/Special Case - All Related Objects/Upload Pending Doc - Please Select' (Root cause: com.kms.katalon.core.webui.exception.WebElementNotFoundException: Web element with id: 'Object Repository/Final Object Repo/New Registration - Registration Module Pages/New Reg - OTC to RO/Special Case - All Related Objects/Upload Pending Doc - Please Select' located by 'By.xpath: //span[@class = 'select2-selection__rendered' and @id = 'select2-_newreg_WAR_registrationportlet_objdocTypeId-container']' not found)

2018-12-13 01:41:58 - [MESSAGE][FAILED] - Unable to click on object 'Object Repository/Final Object Repo/New Registration - Registration Module Pages/New Reg - OTC to RO/Special Case - All Related Objects/Upload Pending Doc - Please Select' (Root cause: com.kms.katalon.core.webui.exception.WebElementNotFoundException: Web element with id: 'Object Repository/Final Object Repo/New Registration - Registration Module Pages/New Reg - OTC to RO/Special Case - All Related Objects/Upload Pending Doc - Please Select' located by 'By.xpath: //span[@class = 'select2-selection__rendered' and @id = 'select2-_newreg_WAR_registrationportlet_objdocTypeId-container']' not found)
[[ATTACHMENT|C:\\Users\\Admin\\Desktop\\PKS\\Perkeso Phase A\\Reports\\Workflow\\New Registration\\20181212_204826\\1544636518189.png]]

2018-12-13 01:41:58 - [TEST_STEP][PASSED] - delay: Delayed 2 second(s)

2018-12-13 01:42:00 - [MESSAGE][PASSED] - Delayed 2 second(s)

2018-12-13 01:42:00 - [TEST_STEP][FAILED] - click: Unable to click on object 'Object Repository/Final Object Repo/New Registration - Registration Module Pages/New Reg - OTC to RO/Special Case - All Related Objects/Select to Others to Upload' (Root cause: com.kms.katalon.core.webui.exception.WebElementNotFoundException: Web element with id: 'Object Repository/Final Object Repo/New Registration - Registration Module Pages/New Reg - OTC to RO/Special Case - All Related Objects/Select to Others to Upload' located by 'By.xpath: //span/ul/li/span[contains(text(),"Others")]' not found)

2018-12-13 01:42:31 - [MESSAGE][FAILED] - Unable to click on object 'Object Repository/Final Object Repo/New Registration - Registration Module Pages/New Reg - OTC to RO/Special Case - All Related Objects/Select to Others to Upload' (Root cause: com.kms.katalon.core.webui.exception.WebElementNotFoundException: Web element with id: 'Object Repository/Final Object Repo/New Registration - Registration Module Pages/New Reg - OTC to RO/Special Case - All Related Objects/Select to Others to Upload' located by 'By.xpath: //span/ul/li/span[contains(text(),"Others")]' not found)
[[ATTACHMENT|C:\\Users\\Admin\\Desktop\\PKS\\Perkeso Phase A\\Reports\\Workflow\\New Registration\\20181212_204826\\1544636551536.png]]

2018-12-13 01:42:31 - [TEST_STEP][PASSED] - delay: Delayed 2 second(s)

2018-12-13 01:42:33 - [MESSAGE][PASSED] - Delayed 2 second(s)

2018-12-13 01:42:33 - [TEST_STEP][FAILED] - uploadFile: Unable to upload file 'C:\Users\Public\Pictures\Sample Pictures\Koala.jpg' to object 'Object Repository/Final Object Repo/New Registration - Registration Module Pages/New Reg - OTC to RO/Special Case - All Related Objects/Uploading Pending Case Action' (Root cause: com.kms.katalon.core.webui.exception.WebElementNotFoundException: Web element with id: 'Object Repository/Final Object Repo/New Registration - Registration Module Pages/New Reg - OTC to RO/Special Case - All Related Objects/Uploading Pending Case Action' located by 'By.xpath: //input[@id = '_newreg_WAR_registrationportlet_uploadFile' and @name = '_newreg_WAR_registrationportlet_uploadFile' and @type = 'file']' not found)

2018-12-13 01:43:05 - [MESSAGE][FAILED] - Unable to upload file 'C:\Users\Public\Pictures\Sample Pictures\Koala.jpg' to object 'Object Repository/Final Object Repo/New Registration - Registration Module Pages/New Reg - OTC to RO/Special Case - All Related Objects/Uploading Pending Case Action' (Root cause: com.kms.katalon.core.webui.exception.WebElementNotFoundException: Web element with id: 'Object Repository/Final Object Repo/New Registration - Registration Module Pages/New Reg - OTC to RO/Special Case - All Related Objects/Uploading Pending Case Action' located by 'By.xpath: //input[@id = '_newreg_WAR_registrationportlet_uploadFile' and @name = '_newreg_WAR_registrationportlet_uploadFile' and @type = 'file']' not found)
[[ATTACHMENT|C:\\Users\\Admin\\Desktop\\PKS\\Perkeso Phase A\\Reports\\Workflow\\New Registration\\20181212_204826\\1544636585137.png]]

2018-12-13 01:43:05 - [TEST_STEP][PASSED] - delay: Delayed 2 second(s)

2018-12-13 01:43:07 - [MESSAGE][PASSED] - Delayed 2 second(s)

2018-12-13 01:43:07 - [TEST_STEP][FAILED] - click: Unable to click on object 'Object Repository/Final Object Repo/New Registration - Registration Module Pages/New Reg - OTC to RO/Special Case - All Related Objects/Inner form Add Document Button Pending Case' (Root cause: com.kms.katalon.core.webui.exception.WebElementNotFoundException: Web element with id: 'Object Repository/Final Object Repo/New Registration - Registration Module Pages/New Reg - OTC to RO/Special Case - All Related Objects/Inner form Add Document Button Pending Case' located by 'By.xpath: //a[@class = 'btn btn-lg blueBtn col-md-2 pull-right' and @targets = 'baseMsgDivId' and (text() = '
										ADD DOCUMENT
								     ' or . = '
										ADD DOCUMENT
								     ')]' not found)

2018-12-13 01:43:41 - [MESSAGE][FAILED] - Unable to click on object 'Object Repository/Final Object Repo/New Registration - Registration Module Pages/New Reg - OTC to RO/Special Case - All Related Objects/Inner form Add Document Button Pending Case' (Root cause: com.kms.katalon.core.webui.exception.WebElementNotFoundException: Web element with id: 'Object Repository/Final Object Repo/New Registration - Registration Module Pages/New Reg - OTC to RO/Special Case - All Related Objects/Inner form Add Document Button Pending Case' located by 'By.xpath: //a[@class = 'btn btn-lg blueBtn col-md-2 pull-right' and @targets = 'baseMsgDivId' and (text() = '
										ADD DOCUMENT
								     ' or . = '
										ADD DOCUMENT
								     ')]' not found)
[[ATTACHMENT|C:\\Users\\Admin\\Desktop\\PKS\\Perkeso Phase A\\Reports\\Workflow\\New Registration\\20181212_204826\\1544636621611.png]]

2018-12-13 01:43:41 - [TEST_STEP][PASSED] - delay: Delayed 2 second(s)

2018-12-13 01:43:43 - [MESSAGE][PASSED] - Delayed 2 second(s)

2018-12-13 01:43:43 - [TEST_STEP][FAILED] - click: Unable to click on object 'Object Repository/Final Object Repo/New Registration - Registration Module Pages/New Reg - OTC to RO/Special Case - All Related Objects/Pending Case Exit' (Root cause: com.kms.katalon.core.webui.exception.WebElementNotFoundException: Web element with id: 'Object Repository/Final Object Repo/New Registration - Registration Module Pages/New Reg - OTC to RO/Special Case - All Related Objects/Pending Case Exit' located by 'By.xpath: //a[@id = '_newreg_WAR_registrationportlet_exitBtnId' and @class = 'btn btn-lg blueBtn col-md-2 pull-right' and (text() = '
									EXIT
				                ' or . = '
									EXIT
				                ')]' not found)

2018-12-13 01:44:16 - [MESSAGE][FAILED] - Unable to click on object 'Object Repository/Final Object Repo/New Registration - Registration Module Pages/New Reg - OTC to RO/Special Case - All Related Objects/Pending Case Exit' (Root cause: com.kms.katalon.core.webui.exception.WebElementNotFoundException: Web element with id: 'Object Repository/Final Object Repo/New Registration - Registration Module Pages/New Reg - OTC to RO/Special Case - All Related Objects/Pending Case Exit' located by 'By.xpath: //a[@id = '_newreg_WAR_registrationportlet_exitBtnId' and @class = 'btn btn-lg blueBtn col-md-2 pull-right' and (text() = '
									EXIT
				                ' or . = '
									EXIT
				                ')]' not found)
[[ATTACHMENT|C:\\Users\\Admin\\Desktop\\PKS\\Perkeso Phase A\\Reports\\Workflow\\New Registration\\20181212_204826\\1544636656385.png]]

2018-12-13 01:44:16 - [TEST_STEP][PASSED] - callTestCase: Call Test Case 'Test Cases/Final Aug 2018 - PKS Automation/Registration Module/Log Out/log out avoiding katalon tagging' successfully

2018-12-13 01:44:16 - [TEST_CASE][PASSED] - Test Cases/Final Aug 2018 - PKS Automation/Registration Module/Log Out/log out avoiding katalon tagging: Test Cases/Final Aug 2018 - PKS Automation/Registration Module/Log Out/log out avoiding katalon tagging

2018-12-13 01:44:16 - [TEST_STEP][PASSED] - navigateToUrl: Navigate to 'https://assist2-uat.perkeso.gov.my/c/portal/logout' successfully

2018-12-13 01:44:17 - [MESSAGE][PASSED] - Navigate to 'https://assist2-uat.perkeso.gov.my/c/portal/logout' successfully

2018-12-13 01:44:17 - [MESSAGE][PASSED] - Call Test Case 'Test Cases/Final Aug 2018 - PKS Automation/Registration Module/Log Out/log out avoiding katalon tagging' successfully

2018-12-13 01:44:17 - [TEST_STEP][PASSED] - callTestCase: Call Test Case 'Test Cases/Final Aug 2018 - PKS Automation/Common/Workflow Owner Finder' successfully

2018-12-13 01:44:17 - [TEST_CASE][PASSED] - Test Cases/Final Aug 2018 - PKS Automation/Common/Workflow Owner Finder: Test Cases/Final Aug 2018 - PKS Automation/Common/Workflow Owner Finder

2018-12-13 01:44:17 - [TEST_STEP][PASSED] - openBrowser: Browser is opened with url: ''

2018-12-13 01:44:17 - [MESSAGE][WARNING] - A browser is already opened. Closing browser and opening a new one

2018-12-13 01:44:21 - [MESSAGE][PASSED] - Browser is opened with url: ''

2018-12-13 01:44:21 - [TEST_STEP][PASSED] - navigateToUrl: Navigate to 'https://assist2-uat.perkeso.gov.my/login' successfully

2018-12-13 01:44:22 - [MESSAGE][PASSED] - Navigate to 'https://assist2-uat.perkeso.gov.my/login' successfully

2018-12-13 01:44:22 - [TEST_STEP][PASSED] - delay: Delayed 5 second(s)

2018-12-13 01:44:27 - [MESSAGE][PASSED] - Delayed 5 second(s)

2018-12-13 01:44:27 - [TEST_STEP][PASSED] - setText: Text 'test@liferay.com' is set on object 'Object Repository/Final Object Repo/Login Page/Internal User/Email Address'

2018-12-13 01:44:27 - [MESSAGE][PASSED] - Text 'test@liferay.com' is set on object 'Object Repository/Final Object Repo/Login Page/Internal User/Email Address'

2018-12-13 01:44:27 - [TEST_STEP][PASSED] - click: Object: 'Object Repository/Final Object Repo/Login Page/Internal User/Next Button' is clicked on

2018-12-13 01:44:28 - [MESSAGE][PASSED] - Object: 'Object Repository/Final Object Repo/Login Page/Internal User/Next Button' is clicked on

2018-12-13 01:44:28 - [TEST_STEP][PASSED] - delay: Delayed 2 second(s)

2018-12-13 01:44:30 - [MESSAGE][PASSED] - Delayed 2 second(s)

2018-12-13 01:44:30 - [TEST_STEP][PASSED] - setText: Text 'test' is set on object 'Object Repository/Final Object Repo/Login Page/Internal User/Password'

2018-12-13 01:44:30 - [MESSAGE][PASSED] - Text 'test' is set on object 'Object Repository/Final Object Repo/Login Page/Internal User/Password'

2018-12-13 01:44:30 - [TEST_STEP][PASSED] - delay: Delayed 2 second(s)

2018-12-13 01:44:32 - [MESSAGE][PASSED] - Delayed 2 second(s)

2018-12-13 01:44:32 - [TEST_STEP][PASSED] - click: Object: 'Object Repository/Final Object Repo/Login Page/Internal User/Login Button' is clicked on

2018-12-13 01:44:32 - [MESSAGE][PASSED] - Object: 'Object Repository/Final Object Repo/Login Page/Internal User/Login Button' is clicked on

2018-12-13 01:44:32 - [TEST_STEP][PASSED] - Statement - tester = com.kms.katalon.core.testobject.ObjectRepository.findTestObject(Final Object Repo/Landing Page/Select to English): Finding Test Object with id 'Object Repository/Final Object Repo/Landing Page/Select to English'

2018-12-13 01:44:32 - [TEST_STEP][PASSED] - Statement - Try: Delayed 2 second(s)

2018-12-13 01:44:32 - [TEST_STEP][PASSED] - Statement - Checker = com.kms.katalon.core.webui.keyword.WebUiBuiltInKeywords.verifyElementNotPresent(tester, 3): Web element with id: 'Object Repository/Final Object Repo/Landing Page/Select to English' located by 'By.xpath: //a[@class = 'taglib-language-list-text' and @lang = 'en-US' and (contains(text(), 'EN') or contains(., 'EN'))]' is not present after '3' second(s)

2018-12-13 01:44:34 - [MESSAGE][PASSED] - Web element with id: 'Object Repository/Final Object Repo/Landing Page/Select to English' located by 'By.xpath: //a[@class = 'taglib-language-list-text' and @lang = 'en-US' and (contains(text(), 'EN') or contains(., 'EN'))]' is not present after '3' second(s)

2018-12-13 01:44:34 - [TEST_STEP][PASSED] - Statement - If (Checker == false): null

2018-12-13 01:44:34 - [TEST_STEP][PASSED] - delay: Delayed 2 second(s)

2018-12-13 01:44:36 - [MESSAGE][PASSED] - Delayed 2 second(s)

2018-12-13 01:44:36 - [TEST_STEP][PASSED] - delay: Delayed 5 second(s)

2018-12-13 01:44:41 - [MESSAGE][PASSED] - Delayed 5 second(s)

2018-12-13 01:44:41 - [TEST_STEP][PASSED] - mouseOver: Object: 'Object Repository/Final Object Repo/Landing Page/WorkFlow Menu' is hovered

2018-12-13 01:44:41 - [MESSAGE][PASSED] - Object: 'Object Repository/Final Object Repo/Landing Page/WorkFlow Menu' is hovered

2018-12-13 01:44:41 - [TEST_STEP][PASSED] - delay: Delayed 2 second(s)

2018-12-13 01:44:43 - [MESSAGE][PASSED] - Delayed 2 second(s)

2018-12-13 01:44:43 - [TEST_STEP][PASSED] - click: Object: 'Object Repository/Final Object Repo/Landing Page/Select to Workflow Listing' is clicked on

2018-12-13 01:44:44 - [MESSAGE][PASSED] - Object: 'Object Repository/Final Object Repo/Landing Page/Select to Workflow Listing' is clicked on

2018-12-13 01:44:44 - [TEST_STEP][PASSED] - delay: Delayed 2 second(s)

2018-12-13 01:44:46 - [MESSAGE][PASSED] - Delayed 2 second(s)

2018-12-13 01:44:46 - [TEST_STEP][PASSED] - click: Object: 'Object Repository/Final Object Repo/WorkFlow Listing Page/Search Information - To Put Ref No' is clicked on

2018-12-13 01:44:46 - [MESSAGE][PASSED] - Object: 'Object Repository/Final Object Repo/WorkFlow Listing Page/Search Information - To Put Ref No' is clicked on

2018-12-13 01:44:46 - [TEST_STEP][PASSED] - delay: Delayed 2 second(s)

2018-12-13 01:44:48 - [MESSAGE][PASSED] - Delayed 2 second(s)

2018-12-13 01:44:48 - [TEST_STEP][PASSED] - callTestCase: Call Test Case 'Test Cases/Final Aug 2018 - PKS Automation/Common/Reference Number Getter' successfully

2018-12-13 01:44:48 - [TEST_CASE][PASSED] - Test Cases/Final Aug 2018 - PKS Automation/Common/Reference Number Getter: Test Cases/Final Aug 2018 - PKS Automation/Common/Reference Number Getter

2018-12-13 01:44:48 - [TEST_STEP][PASSED] - Statement - Try: null

2018-12-13 01:44:48 - [TEST_STEP][PASSED] - Statement - RefNo = new java.io.File(C://Users//Admin//Desktop//PKS//Automation Reference Point//KatalonReference.txt): null

2018-12-13 01:44:48 - [TEST_STEP][PASSED] - Statement - bufferread = new java.io.BufferedReader(new java.io.FileReader(RefNo)): null

2018-12-13 01:44:48 - [TEST_STEP][PASSED] - Statement - readedVal = bufferread.readLine(): null

2018-12-13 01:44:48 - [TEST_STEP][PASSED] - Statement - out.println(CaseReferenceNo): null

2018-12-13 01:44:48 - [TEST_STEP][PASSED] - Statement - out.println(readedVal): null

2018-12-13 01:44:48 - [TEST_STEP][PASSED] - Statement - CaseReferenceNo = "": null

2018-12-13 01:44:48 - [TEST_STEP][PASSED] - Statement - CaseReferenceNo = readedVal: null

2018-12-13 01:44:48 - [MESSAGE][PASSED] - Call Test Case 'Test Cases/Final Aug 2018 - PKS Automation/Common/Reference Number Getter' successfully

2018-12-13 01:44:48 - [TEST_STEP][PASSED] - setText: Text 'CRN12201800123258' is set on object 'Object Repository/Final Object Repo/WorkFlow Listing Page/Ref No Set Text'

2018-12-13 01:44:49 - [MESSAGE][PASSED] - Text 'CRN12201800123258' is set on object 'Object Repository/Final Object Repo/WorkFlow Listing Page/Ref No Set Text'

2018-12-13 01:44:49 - [TEST_STEP][PASSED] - delay: Delayed 2 second(s)

2018-12-13 01:44:51 - [MESSAGE][PASSED] - Delayed 2 second(s)

2018-12-13 01:44:51 - [TEST_STEP][PASSED] - click: Object: 'Object Repository/Final Object Repo/WorkFlow Listing Page/Search Ref No Search Button' is clicked on

2018-12-13 01:44:51 - [MESSAGE][PASSED] - Object: 'Object Repository/Final Object Repo/WorkFlow Listing Page/Search Ref No Search Button' is clicked on

2018-12-13 01:44:51 - [TEST_STEP][PASSED] - delay: Delayed 6 second(s)

2018-12-13 01:44:57 - [MESSAGE][PASSED] - Delayed 6 second(s)

2018-12-13 01:44:57 - [TEST_STEP][PASSED] - click: Object: 'Object Repository/Final Object Repo/WorkFlow Listing Page/Click Continue Tooltip' is clicked on

2018-12-13 01:44:58 - [MESSAGE][PASSED] - Object: 'Object Repository/Final Object Repo/WorkFlow Listing Page/Click Continue Tooltip' is clicked on

2018-12-13 01:44:58 - [TEST_STEP][PASSED] - delay: Delayed 5 second(s)

2018-12-13 01:45:03 - [MESSAGE][PASSED] - Delayed 5 second(s)

2018-12-13 01:45:03 - [TEST_STEP][PASSED] - doubleClick: Object: 'Object Repository/Final Object Repo/WorkFlow Listing Page/Workflow Found - Listing 1' is double clicked on

2018-12-13 01:45:03 - [MESSAGE][PASSED] - Object: 'Object Repository/Final Object Repo/WorkFlow Listing Page/Workflow Found - Listing 1' is double clicked on

2018-12-13 01:45:03 - [TEST_STEP][PASSED] - Statement - println(OwnerID): null

2018-12-13 01:45:03 - [TEST_STEP][PASSED] - Statement - OwnerID = com.kms.katalon.core.webui.keyword.WebUiBuiltInKeywords.getText(com.kms.katalon.core.testobject.ObjectRepository.findTestObject(Final Object Repo/WorkFlow Listing Page/Workflow Found - Listing 1), STOP_ON_FAILURE): Text of object 'Object Repository/Final Object Repo/WorkFlow Listing Page/Workflow Found - Listing 1' is: 'JOHORro2'

2018-12-13 01:45:03 - [MESSAGE][PASSED] - Text of object 'Object Repository/Final Object Repo/WorkFlow Listing Page/Workflow Found - Listing 1' is: 'JOHORro2'

2018-12-13 01:45:03 - [TEST_STEP][PASSED] - Statement - OwnerID = OwnerID.toLowerCase() + "@gmail.com": null

2018-12-13 01:45:03 - [TEST_STEP][PASSED] - Statement - println(OwnerID): null

2018-12-13 01:45:03 - [TEST_STEP][PASSED] - delay: Delayed 2 second(s)

2018-12-13 01:45:05 - [MESSAGE][PASSED] - Delayed 2 second(s)

2018-12-13 01:45:05 - [MESSAGE][PASSED] - Call Test Case 'Test Cases/Final Aug 2018 - PKS Automation/Common/Workflow Owner Finder' successfully

2018-12-13 01:45:05 - [TEST_STEP][PASSED] - callTestCase: Call Test Case 'Test Cases/Final Aug 2018 - PKS Automation/Registration Module/Log Out/log out avoiding katalon tagging' successfully

2018-12-13 01:45:05 - [TEST_CASE][PASSED] - Test Cases/Final Aug 2018 - PKS Automation/Registration Module/Log Out/log out avoiding katalon tagging: Test Cases/Final Aug 2018 - PKS Automation/Registration Module/Log Out/log out avoiding katalon tagging

2018-12-13 01:45:05 - [TEST_STEP][PASSED] - navigateToUrl: Navigate to 'https://assist2-uat.perkeso.gov.my/c/portal/logout' successfully

2018-12-13 01:45:06 - [MESSAGE][PASSED] - Navigate to 'https://assist2-uat.perkeso.gov.my/c/portal/logout' successfully

2018-12-13 01:45:06 - [MESSAGE][PASSED] - Call Test Case 'Test Cases/Final Aug 2018 - PKS Automation/Registration Module/Log Out/log out avoiding katalon tagging' successfully

2018-12-13 01:45:06 - [TEST_STEP][PASSED] - delay: Delayed 2 second(s)

2018-12-13 01:45:08 - [MESSAGE][PASSED] - Delayed 2 second(s)

2018-12-13 01:45:08 - [TEST_STEP][PASSED] - setText: Text 'johorro2@gmail.com' is set on object 'Object Repository/Final Object Repo/Login Page/Internal User/Email Address'

2018-12-13 01:45:08 - [MESSAGE][PASSED] - Text 'johorro2@gmail.com' is set on object 'Object Repository/Final Object Repo/Login Page/Internal User/Email Address'

2018-12-13 01:45:08 - [TEST_STEP][PASSED] - click: Object: 'Object Repository/Final Object Repo/Login Page/Internal User/Next Button' is clicked on

2018-12-13 01:45:08 - [MESSAGE][PASSED] - Object: 'Object Repository/Final Object Repo/Login Page/Internal User/Next Button' is clicked on

2018-12-13 01:45:08 - [TEST_STEP][PASSED] - delay: Delayed 2 second(s)

2018-12-13 01:45:10 - [MESSAGE][PASSED] - Delayed 2 second(s)

2018-12-13 01:45:10 - [TEST_STEP][PASSED] - setText: Text 'Test1@3456789' is set on object 'Object Repository/Final Object Repo/Login Page/Internal User/Password'

2018-12-13 01:45:11 - [MESSAGE][PASSED] - Text 'Test1@3456789' is set on object 'Object Repository/Final Object Repo/Login Page/Internal User/Password'

2018-12-13 01:45:11 - [TEST_STEP][PASSED] - delay: Delayed 2 second(s)

2018-12-13 01:45:13 - [MESSAGE][PASSED] - Delayed 2 second(s)

2018-12-13 01:45:13 - [TEST_STEP][PASSED] - click: Object: 'Object Repository/Final Object Repo/Login Page/Internal User/Login Button' is clicked on

2018-12-13 01:45:13 - [MESSAGE][PASSED] - Object: 'Object Repository/Final Object Repo/Login Page/Internal User/Login Button' is clicked on

2018-12-13 01:45:13 - [TEST_STEP][PASSED] - delay: Delayed 2 second(s)

2018-12-13 01:45:15 - [MESSAGE][PASSED] - Delayed 2 second(s)

2018-12-13 01:45:15 - [TEST_STEP][PASSED] - Statement - Try: null

2018-12-13 01:45:15 - [TEST_STEP][PASSED] - Statement - Checker = com.kms.katalon.core.webui.keyword.WebUiBuiltInKeywords.verifyElementNotPresent("Final Object Repo/Landing Page/Select to English", 3): null

2018-12-13 01:45:15 - [TEST_STEP][PASSED] - Statement - Catch (Exception e): null

2018-12-13 01:45:15 - [TEST_STEP][PASSED] - Statement - e.printStackTrace(): null

2018-12-13 01:45:15 - [TEST_STEP][PASSED] - click: Object: 'Object Repository/Final Object Repo/New Registration - Registration Module Pages/New Reg - OTC to RO/Special Case - All Related Objects/Expand to Search' is clicked on

2018-12-13 01:45:15 - [MESSAGE][PASSED] - Object: 'Object Repository/Final Object Repo/New Registration - Registration Module Pages/New Reg - OTC to RO/Special Case - All Related Objects/Expand to Search' is clicked on

2018-12-13 01:45:15 - [TEST_STEP][PASSED] - delay: Delayed 2 second(s)

2018-12-13 01:45:17 - [MESSAGE][PASSED] - Delayed 2 second(s)

2018-12-13 01:45:17 - [TEST_STEP][PASSED] - callTestCase: Call Test Case 'Test Cases/Final Aug 2018 - PKS Automation/Common/Reference Number Getter' successfully

2018-12-13 01:45:17 - [TEST_CASE][PASSED] - Test Cases/Final Aug 2018 - PKS Automation/Common/Reference Number Getter: Test Cases/Final Aug 2018 - PKS Automation/Common/Reference Number Getter

2018-12-13 01:45:17 - [TEST_STEP][PASSED] - Statement - Try: null

2018-12-13 01:45:17 - [TEST_STEP][PASSED] - Statement - RefNo = new java.io.File(C://Users//Admin//Desktop//PKS//Automation Reference Point//KatalonReference.txt): null

2018-12-13 01:45:17 - [TEST_STEP][PASSED] - Statement - bufferread = new java.io.BufferedReader(new java.io.FileReader(RefNo)): null

2018-12-13 01:45:17 - [TEST_STEP][PASSED] - Statement - readedVal = bufferread.readLine(): null

2018-12-13 01:45:17 - [TEST_STEP][PASSED] - Statement - out.println(CaseReferenceNo): null

2018-12-13 01:45:17 - [TEST_STEP][PASSED] - Statement - out.println(readedVal): null

2018-12-13 01:45:17 - [TEST_STEP][PASSED] - Statement - CaseReferenceNo = "": null

2018-12-13 01:45:17 - [TEST_STEP][PASSED] - Statement - CaseReferenceNo = readedVal: null

2018-12-13 01:45:17 - [MESSAGE][PASSED] - Call Test Case 'Test Cases/Final Aug 2018 - PKS Automation/Common/Reference Number Getter' successfully

2018-12-13 01:45:17 - [TEST_STEP][PASSED] - setText: Text 'CRN12201800123258' is set on object 'Object Repository/Final Object Repo/New Registration - Registration Module Pages/New Reg - OTC to RO/Special Case - All Related Objects/TextBox RefNo in Workbasket'

2018-12-13 01:45:17 - [MESSAGE][PASSED] - Text 'CRN12201800123258' is set on object 'Object Repository/Final Object Repo/New Registration - Registration Module Pages/New Reg - OTC to RO/Special Case - All Related Objects/TextBox RefNo in Workbasket'

2018-12-13 01:45:17 - [TEST_STEP][PASSED] - delay: Delayed 2 second(s)

2018-12-13 01:45:19 - [MESSAGE][PASSED] - Delayed 2 second(s)

2018-12-13 01:45:19 - [TEST_STEP][PASSED] - click: Object: 'Object Repository/Final Object Repo/New Registration - Registration Module Pages/New Reg - OTC to RO/Special Case - All Related Objects/Click Search' is clicked on

2018-12-13 01:45:20 - [MESSAGE][PASSED] - Object: 'Object Repository/Final Object Repo/New Registration - Registration Module Pages/New Reg - OTC to RO/Special Case - All Related Objects/Click Search' is clicked on

2018-12-13 01:45:20 - [TEST_STEP][PASSED] - delay: Delayed 2 second(s)

2018-12-13 01:45:22 - [MESSAGE][PASSED] - Delayed 2 second(s)

2018-12-13 01:45:22 - [TEST_STEP][PASSED] - click: Object: 'Object Repository/Final Object Repo/New Registration - Registration Module Pages/New Reg - OTC to RO/Special Case - All Related Objects/Click to Continue Workflow' is clicked on

2018-12-13 01:45:25 - [MESSAGE][PASSED] - Object: 'Object Repository/Final Object Repo/New Registration - Registration Module Pages/New Reg - OTC to RO/Special Case - All Related Objects/Click to Continue Workflow' is clicked on

2018-12-13 01:45:25 - [TEST_STEP][PASSED] - delay: Delayed 2 second(s)

2018-12-13 01:45:27 - [MESSAGE][PASSED] - Delayed 2 second(s)

2018-12-13 01:45:27 - [TEST_STEP][PASSED] - click: Object: 'Object Repository/Final Object Repo/New Registration - Registration Module Pages/New Reg - OTC to RO/Special Case - All Related Objects/Continue Button in verifying case' is clicked on

2018-12-13 01:45:29 - [MESSAGE][PASSED] - Object: 'Object Repository/Final Object Repo/New Registration - Registration Module Pages/New Reg - OTC to RO/Special Case - All Related Objects/Continue Button in verifying case' is clicked on

2018-12-13 01:45:29 - [TEST_STEP][PASSED] - delay: Delayed 2 second(s)

2018-12-13 01:45:31 - [MESSAGE][PASSED] - Delayed 2 second(s)

2018-12-13 01:45:31 - [TEST_STEP][PASSED] - click: Object: 'Object Repository/Final Object Repo/New Registration - Registration Module Pages/Form 1/Registered As a Branch - Yes' is clicked on

2018-12-13 01:45:31 - [MESSAGE][PASSED] - Object: 'Object Repository/Final Object Repo/New Registration - Registration Module Pages/Form 1/Registered As a Branch - Yes' is clicked on

2018-12-13 01:45:31 - [TEST_STEP][PASSED] - delay: Delayed 2 second(s)

2018-12-13 01:45:33 - [MESSAGE][PASSED] - Delayed 2 second(s)

2018-12-13 01:45:33 - [TEST_STEP][PASSED] - click: Object: 'Object Repository/Final Object Repo/New Registration - Registration Module Pages/New Reg - OTC to RO/Special Case - All Related Objects/Form 1 Save n Continue' is clicked on

2018-12-13 01:45:34 - [MESSAGE][PASSED] - Object: 'Object Repository/Final Object Repo/New Registration - Registration Module Pages/New Reg - OTC to RO/Special Case - All Related Objects/Form 1 Save n Continue' is clicked on

2018-12-13 01:45:34 - [TEST_STEP][PASSED] - delay: Delayed 2 second(s)

2018-12-13 01:45:36 - [MESSAGE][PASSED] - Delayed 2 second(s)

2018-12-13 01:45:36 - [TEST_STEP][PASSED] - click: Object: 'Object Repository/Final Object Repo/New Registration - Registration Module Pages/New Reg - OTC to RO/Special Case - All Related Objects/Form 2 Save n Continue' is clicked on

2018-12-13 01:45:36 - [MESSAGE][PASSED] - Object: 'Object Repository/Final Object Repo/New Registration - Registration Module Pages/New Reg - OTC to RO/Special Case - All Related Objects/Form 2 Save n Continue' is clicked on

2018-12-13 01:45:36 - [TEST_STEP][PASSED] - delay: Delayed 2 second(s)

2018-12-13 01:45:38 - [MESSAGE][PASSED] - Delayed 2 second(s)

2018-12-13 01:45:38 - [TEST_STEP][PASSED] - click: Object: 'Object Repository/Final Object Repo/New Registration - Registration Module Pages/New Reg - OTC to RO/Special Case - All Related Objects/Third Screen Save n Continue' is clicked on

2018-12-13 01:45:43 - [MESSAGE][PASSED] - Object: 'Object Repository/Final Object Repo/New Registration - Registration Module Pages/New Reg - OTC to RO/Special Case - All Related Objects/Third Screen Save n Continue' is clicked on

2018-12-13 01:45:43 - [TEST_STEP][PASSED] - delay: Delayed 5 second(s)

2018-12-13 01:45:48 - [MESSAGE][PASSED] - Delayed 5 second(s)

2018-12-13 01:45:48 - [TEST_STEP][PASSED] - click: Object: 'Object Repository/Final Object Repo/New Registration - Registration Module Pages/New Reg - OTC to RO/Special Case - All Related Objects/Upload Doc Page Save n Continue' is clicked on

2018-12-13 01:45:49 - [MESSAGE][PASSED] - Object: 'Object Repository/Final Object Repo/New Registration - Registration Module Pages/New Reg - OTC to RO/Special Case - All Related Objects/Upload Doc Page Save n Continue' is clicked on

2018-12-13 01:45:49 - [TEST_STEP][FAILED] - callTestCase: Unable to call Test Case with id 'Test Cases/Final Aug 2018 - PKS Automation/Registration Module/New Registration/Submit and Screenshot/Submit Registration and Screenshot' (Root cause: Call Test Case 'Test Cases/Final Aug 2018 - PKS Automation/Registration Module/New Registration/Submit and Screenshot/Submit Registration and Screenshot' failed)

2018-12-13 01:45:49 - [TEST_CASE][FAILED] - Test Cases/Final Aug 2018 - PKS Automation/Registration Module/New Registration/Submit and Screenshot/Submit Registration and Screenshot: Test Cases/Final Aug 2018 - PKS Automation/Registration Module/New Registration/Submit and Screenshot/Submit Registration and Screenshot FAILED because (of) (Stack trace: com.kms.katalon.core.exception.StepFailedException: Unable to click on object 'Object Repository/Final Object Repo/New Registration - Registration Module Pages/Third Screen - Upload Supporting Doc- Preview/Preview Submit Button' (Root cause: com.kms.katalon.core.webui.exception.WebElementNotFoundException: Web element with id: 'Object Repository/Final Object Repo/New Registration - Registration Module Pages/Third Screen - Upload Supporting Doc- Preview/Preview Submit Button' located by 'By.xpath: //a[@popupvalidatesubmit = 'true' and @class = 'btn btn-lg blueBtn col-md-2 pull-right browserIdBtn' and (text() = ' SUBMIT
					' or . = ' SUBMIT
					')]' not found)
	at com.kms.katalon.core.keyword.internal.KeywordMain.stepFailed(KeywordMain.groovy:32)
	at com.kms.katalon.core.webui.keyword.internal.WebUIKeywordMain.stepFailed(WebUIKeywordMain.groovy:65)
	at com.kms.katalon.core.webui.keyword.internal.WebUIKeywordMain.runKeyword(WebUIKeywordMain.groovy:27)
	at com.kms.katalon.core.webui.keyword.builtin.ClickKeyword.click(ClickKeyword.groovy:86)
	at com.kms.katalon.core.webui.keyword.builtin.ClickKeyword.execute(ClickKeyword.groovy:67)
	at com.kms.katalon.core.keyword.internal.KeywordExecutor.executeKeywordForPlatform(KeywordExecutor.groovy:53)
	at com.kms.katalon.core.webui.keyword.WebUiBuiltInKeywords.click(WebUiBuiltInKeywords.groovy:616)
	at com.kms.katalon.core.webui.keyword.WebUiBuiltInKeywords$click$2.call(Unknown Source)
	at Script1534476274484.run(Script1534476274484.groovy:32)
	at com.kms.katalon.core.main.ScriptEngine.run(ScriptEngine.java:183)
	at com.kms.katalon.core.main.ScriptEngine.runScriptAsRawText(ScriptEngine.java:108)
	at com.kms.katalon.core.main.TestCaseExecutor.runScript(TestCaseExecutor.java:294)
	at com.kms.katalon.core.main.TestCaseExecutor.doExecute(TestCaseExecutor.java:285)
	at com.kms.katalon.core.main.TestCaseExecutor.processExecutionPhase(TestCaseExecutor.java:264)
	at com.kms.katalon.core.main.TestCaseExecutor.accessMainPhase(TestCaseExecutor.java:256)
	at com.kms.katalon.core.main.TestCaseExecutor.execute(TestCaseExecutor.java:200)
	at com.kms.katalon.core.main.TestCaseMain.runTestCase(TestCaseMain.java:99)
	at com.kms.katalon.core.keyword.builtin.CallTestCaseKeyword$_callTestCase_closure1.doCall(CallTestCaseKeyword.groovy:60)
	at com.kms.katalon.core.keyword.builtin.CallTestCaseKeyword$_callTestCase_closure1.call(CallTestCaseKeyword.groovy)
	at com.kms.katalon.core.keyword.internal.KeywordMain.runKeyword(KeywordMain.groovy:54)
	at com.kms.katalon.core.keyword.builtin.CallTestCaseKeyword.callTestCase(CallTestCaseKeyword.groovy:81)
	at com.kms.katalon.core.keyword.builtin.CallTestCaseKeyword.execute(CallTestCaseKeyword.groovy:45)
	at com.kms.katalon.core.keyword.internal.KeywordExecutor.executeKeywordForPlatform(KeywordExecutor.groovy:53)
	at com.kms.katalon.core.keyword.BuiltinKeywords.callTestCase(BuiltinKeywords.groovy:334)
	at sun.reflect.GeneratedMethodAccessor13.invoke(Unknown Source)
	at sun.reflect.DelegatingMethodAccessorImpl.invoke(DelegatingMethodAccessorImpl.java:43)
	at java.lang.reflect.Method.invoke(Method.java:498)
	at org.codehaus.groovy.reflection.CachedMethod.invoke(CachedMethod.java:93)
	at groovy.lang.MetaMethod.doMethodInvoke(MetaMethod.java:325)
	at groovy.lang.MetaClassImpl.invokeStaticMethod(MetaClassImpl.java:1469)
	at org.codehaus.groovy.runtime.callsite.StaticMetaClassSite.call(StaticMetaClassSite.java:53)
	at org.codehaus.groovy.runtime.callsite.CallSiteArray.defaultCall(CallSiteArray.java:48)
	at org.codehaus.groovy.runtime.callsite.AbstractCallSite.call(AbstractCallSite.java:113)
	at org.codehaus.groovy.runtime.callsite.AbstractCallSite.call(AbstractCallSite.java:141)
	at Script1535599531593.run(Script1535599531593.groovy:358)
	at com.kms.katalon.core.main.ScriptEngine.run(ScriptEngine.java:183)
	at com.kms.katalon.core.main.ScriptEngine.runScriptAsRawText(ScriptEngine.java:108)
	at com.kms.katalon.core.main.TestCaseExecutor.runScript(TestCaseExecutor.java:294)
	at com.kms.katalon.core.main.TestCaseExecutor.doExecute(TestCaseExecutor.java:285)
	at com.kms.katalon.core.main.TestCaseExecutor.processExecutionPhase(TestCaseExecutor.java:264)
	at com.kms.katalon.core.main.TestCaseExecutor.accessMainPhase(TestCaseExecutor.java:256)
	at com.kms.katalon.core.main.TestCaseExecutor.execute(TestCaseExecutor.java:200)
	at com.kms.katalon.core.main.TestSuiteExecutor.accessTestCaseMainPhase(TestSuiteExecutor.java:129)
	at com.kms.katalon.core.main.TestSuiteExecutor.accessTestSuiteMainPhase(TestSuiteExecutor.java:112)
	at com.kms.katalon.core.main.TestSuiteExecutor.execute(TestSuiteExecutor.java:81)
	at com.kms.katalon.core.main.TestCaseMain.startTestSuite(TestCaseMain.java:142)
	at com.kms.katalon.core.main.TestCaseMain$startTestSuite$0.call(Unknown Source)
	at org.codehaus.groovy.runtime.callsite.CallSiteArray.defaultCall(CallSiteArray.java:48)
	at org.codehaus.groovy.runtime.callsite.AbstractCallSite.call(AbstractCallSite.java:113)
	at org.codehaus.groovy.runtime.callsite.AbstractCallSite.call(AbstractCallSite.java:141)
	at TempTestSuite1544618906888.run(TempTestSuite1544618906888.groovy:36)
	at groovy.lang.GroovyShell.runScriptOrMainOrTestOrRunnable(GroovyShell.java:263)
	at groovy.lang.GroovyShell.run(GroovyShell.java:518)
	at groovy.lang.GroovyShell.run(GroovyShell.java:507)
	at groovy.ui.GroovyMain.processOnce(GroovyMain.java:653)
	at groovy.ui.GroovyMain.run(GroovyMain.java:384)
	at groovy.ui.GroovyMain.process(GroovyMain.java:370)
	at groovy.ui.GroovyMain.processArgs(GroovyMain.java:129)
	at groovy.ui.GroovyMain.main(GroovyMain.java:109)
	at sun.reflect.NativeMethodAccessorImpl.invoke0(Native Method)
	at sun.reflect.NativeMethodAccessorImpl.invoke(NativeMethodAccessorImpl.java:62)
	at sun.reflect.DelegatingMethodAccessorImpl.invoke(DelegatingMethodAccessorImpl.java:43)
	at java.lang.reflect.Method.invoke(Method.java:498)
	at org.codehaus.groovy.tools.GroovyStarter.rootLoader(GroovyStarter.java:109)
	at org.codehaus.groovy.tools.GroovyStarter.main(GroovyStarter.java:131)
)

2018-12-13 01:45:49 - [TEST_STEP][PASSED] - delay: Delayed 6 second(s)

2018-12-13 01:45:55 - [MESSAGE][PASSED] - Delayed 6 second(s)

2018-12-13 01:45:55 - [TEST_STEP][FAILED] - click: Unable to click on object 'Object Repository/Final Object Repo/New Registration - Registration Module Pages/Third Screen - Upload Supporting Doc- Preview/Preview Submit Button' (Root cause: com.kms.katalon.core.webui.exception.WebElementNotFoundException: Web element with id: 'Object Repository/Final Object Repo/New Registration - Registration Module Pages/Third Screen - Upload Supporting Doc- Preview/Preview Submit Button' located by 'By.xpath: //a[@popupvalidatesubmit = 'true' and @class = 'btn btn-lg blueBtn col-md-2 pull-right browserIdBtn' and (text() = ' SUBMIT
					' or . = ' SUBMIT
					')]' not found)

2018-12-13 01:46:31 - [MESSAGE][FAILED] - Unable to click on object 'Object Repository/Final Object Repo/New Registration - Registration Module Pages/Third Screen - Upload Supporting Doc- Preview/Preview Submit Button' (Root cause: com.kms.katalon.core.webui.exception.WebElementNotFoundException: Web element with id: 'Object Repository/Final Object Repo/New Registration - Registration Module Pages/Third Screen - Upload Supporting Doc- Preview/Preview Submit Button' located by 'By.xpath: //a[@popupvalidatesubmit = 'true' and @class = 'btn btn-lg blueBtn col-md-2 pull-right browserIdBtn' and (text() = ' SUBMIT
					' or . = ' SUBMIT
					')]' not found)
[[ATTACHMENT|C:\\Users\\Admin\\Desktop\\PKS\\Perkeso Phase A\\Reports\\Workflow\\New Registration\\20181212_204826\\1544636790676.png]]

2018-12-13 01:46:31 - [TEST_STEP][PASSED] - delay: Delayed 2 second(s)

2018-12-13 01:46:33 - [MESSAGE][PASSED] - Delayed 2 second(s)

2018-12-13 01:46:33 - [TEST_STEP][FAILED] - click: Unable to click on object 'Object Repository/Final Object Repo/New Registration - Registration Module Pages/Third Screen - Upload Supporting Doc- Preview/Preview Submit - Confirm' (Root cause: com.kms.katalon.core.webui.exception.WebElementNotFoundException: Web element with id: 'Object Repository/Final Object Repo/New Registration - Registration Module Pages/Third Screen - Upload Supporting Doc- Preview/Preview Submit - Confirm' located by 'By.xpath: //span[@id = 'confirmword' and (text() = 'CONFIRM' or . = 'CONFIRM')]' not found)

2018-12-13 01:47:05 - [MESSAGE][FAILED] - Unable to click on object 'Object Repository/Final Object Repo/New Registration - Registration Module Pages/Third Screen - Upload Supporting Doc- Preview/Preview Submit - Confirm' (Root cause: com.kms.katalon.core.webui.exception.WebElementNotFoundException: Web element with id: 'Object Repository/Final Object Repo/New Registration - Registration Module Pages/Third Screen - Upload Supporting Doc- Preview/Preview Submit - Confirm' located by 'By.xpath: //span[@id = 'confirmword' and (text() = 'CONFIRM' or . = 'CONFIRM')]' not found)
[[ATTACHMENT|C:\\Users\\Admin\\Desktop\\PKS\\Perkeso Phase A\\Reports\\Workflow\\New Registration\\20181212_204826\\1544636824931.png]]

2018-12-13 01:47:05 - [TEST_STEP][PASSED] - delay: Delayed 15 second(s)

2018-12-13 01:47:20 - [MESSAGE][PASSED] - Delayed 15 second(s)

2018-12-13 01:47:20 - [TEST_STEP][PASSED] - Statement - driver = com.kms.katalon.core.webui.driver.DriverFactory.getWebDriver(): null

2018-12-13 01:47:20 - [TEST_STEP][PASSED] - Statement - driver.manage().timeouts().implicitlyWait(10, SECONDS): null

2018-12-13 01:47:20 - [TEST_STEP][PASSED] - Statement - PresavePath = KatalonScreenshots: null

2018-12-13 01:47:20 - [TEST_STEP][PASSED] - Statement - pathPrefix = "C:\Users\Public\Pictures\Sample Pictures\Katalon Screenshots\Automate Ending Screen": null

2018-12-13 01:47:20 - [TEST_STEP][PASSED] - Statement - finalPath = <not implemented yet for class: org.codehaus.groovy.ast.expr.EmptyExpression>: null

2018-12-13 01:47:20 - [TEST_STEP][PASSED] - Statement - scrFile = driver.getScreenshotAs(FILE): null

2018-12-13 01:47:20 - [TEST_STEP][PASSED] - Statement - PreSaveFile = new java.io.File(PresavePath): null

2018-12-13 01:47:20 - [TEST_STEP][PASSED] - Statement - counter = 0: null

2018-12-13 01:47:20 - [TEST_STEP][PASSED] - Statement - If (PreSaveFile.exists()): null

2018-12-13 01:47:20 - [TEST_STEP][PASSED] - Statement - While (PreSaveFile.exists()): null

2018-12-13 01:47:20 - [TEST_STEP][PASSED] - Statement - counter = counter + 1: null

2018-12-13 01:47:20 - [TEST_STEP][PASSED] - Statement - PreSaveFile = new java.io.File(((pathPrefix + java.lang.Integer.toString(counter)) + .png)): null

2018-12-13 01:47:20 - [TEST_STEP][PASSED] - Statement - counter = counter + 1: null

2018-12-13 01:47:20 - [TEST_STEP][PASSED] - Statement - PreSaveFile = new java.io.File(((pathPrefix + java.lang.Integer.toString(counter)) + .png)): null

2018-12-13 01:47:20 - [TEST_STEP][PASSED] - Statement - counter = counter + 1: null

2018-12-13 01:47:20 - [TEST_STEP][PASSED] - Statement - PreSaveFile = new java.io.File(((pathPrefix + java.lang.Integer.toString(counter)) + .png)): null

2018-12-13 01:47:20 - [TEST_STEP][PASSED] - Statement - counter = counter + 1: null

2018-12-13 01:47:20 - [TEST_STEP][PASSED] - Statement - PreSaveFile = new java.io.File(((pathPrefix + java.lang.Integer.toString(counter)) + .png)): null

2018-12-13 01:47:20 - [TEST_STEP][PASSED] - Statement - counter = counter + 1: null

2018-12-13 01:47:20 - [TEST_STEP][PASSED] - Statement - PreSaveFile = new java.io.File(((pathPrefix + java.lang.Integer.toString(counter)) + .png)): null

2018-12-13 01:47:20 - [TEST_STEP][PASSED] - Statement - counter = counter + 1: null

2018-12-13 01:47:20 - [TEST_STEP][PASSED] - Statement - PreSaveFile = new java.io.File(((pathPrefix + java.lang.Integer.toString(counter)) + .png)): null

2018-12-13 01:47:20 - [TEST_STEP][PASSED] - Statement - counter = counter + 1: null

2018-12-13 01:47:20 - [TEST_STEP][PASSED] - Statement - PreSaveFile = new java.io.File(((pathPrefix + java.lang.Integer.toString(counter)) + .png)): null

2018-12-13 01:47:20 - [TEST_STEP][PASSED] - Statement - counter = counter + 1: null

2018-12-13 01:47:20 - [TEST_STEP][PASSED] - Statement - PreSaveFile = new java.io.File(((pathPrefix + java.lang.Integer.toString(counter)) + .png)): null

2018-12-13 01:47:20 - [TEST_STEP][PASSED] - Statement - counter = counter + 1: null

2018-12-13 01:47:20 - [TEST_STEP][PASSED] - Statement - PreSaveFile = new java.io.File(((pathPrefix + java.lang.Integer.toString(counter)) + .png)): null

2018-12-13 01:47:20 - [TEST_STEP][PASSED] - Statement - counter = counter + 1: null

2018-12-13 01:47:20 - [TEST_STEP][PASSED] - Statement - PreSaveFile = new java.io.File(((pathPrefix + java.lang.Integer.toString(counter)) + .png)): null

2018-12-13 01:47:20 - [TEST_STEP][PASSED] - Statement - counter = counter + 1: null

2018-12-13 01:47:20 - [TEST_STEP][PASSED] - Statement - PreSaveFile = new java.io.File(((pathPrefix + java.lang.Integer.toString(counter)) + .png)): null

2018-12-13 01:47:20 - [TEST_STEP][PASSED] - Statement - counter = counter + 1: null

2018-12-13 01:47:20 - [TEST_STEP][PASSED] - Statement - PreSaveFile = new java.io.File(((pathPrefix + java.lang.Integer.toString(counter)) + .png)): null

2018-12-13 01:47:20 - [TEST_STEP][PASSED] - Statement - counter = counter + 1: null

2018-12-13 01:47:20 - [TEST_STEP][PASSED] - Statement - PreSaveFile = new java.io.File(((pathPrefix + java.lang.Integer.toString(counter)) + .png)): null

2018-12-13 01:47:20 - [TEST_STEP][PASSED] - Statement - counter = counter + 1: null

2018-12-13 01:47:20 - [TEST_STEP][PASSED] - Statement - PreSaveFile = new java.io.File(((pathPrefix + java.lang.Integer.toString(counter)) + .png)): null

2018-12-13 01:47:20 - [TEST_STEP][PASSED] - Statement - counter = counter + 1: null

2018-12-13 01:47:20 - [TEST_STEP][PASSED] - Statement - PreSaveFile = new java.io.File(((pathPrefix + java.lang.Integer.toString(counter)) + .png)): null

2018-12-13 01:47:20 - [TEST_STEP][PASSED] - Statement - counter = counter + 1: null

2018-12-13 01:47:20 - [TEST_STEP][PASSED] - Statement - PreSaveFile = new java.io.File(((pathPrefix + java.lang.Integer.toString(counter)) + .png)): null

2018-12-13 01:47:20 - [TEST_STEP][PASSED] - Statement - counter = counter + 1: null

2018-12-13 01:47:20 - [TEST_STEP][PASSED] - Statement - PreSaveFile = new java.io.File(((pathPrefix + java.lang.Integer.toString(counter)) + .png)): null

2018-12-13 01:47:20 - [TEST_STEP][PASSED] - Statement - counter = counter + 1: null

2018-12-13 01:47:20 - [TEST_STEP][PASSED] - Statement - PreSaveFile = new java.io.File(((pathPrefix + java.lang.Integer.toString(counter)) + .png)): null

2018-12-13 01:47:20 - [TEST_STEP][PASSED] - Statement - counter = counter + 1: null

2018-12-13 01:47:20 - [TEST_STEP][PASSED] - Statement - PreSaveFile = new java.io.File(((pathPrefix + java.lang.Integer.toString(counter)) + .png)): null

2018-12-13 01:47:20 - [TEST_STEP][PASSED] - Statement - counter = counter + 1: null

2018-12-13 01:47:20 - [TEST_STEP][PASSED] - Statement - PreSaveFile = new java.io.File(((pathPrefix + java.lang.Integer.toString(counter)) + .png)): null

2018-12-13 01:47:20 - [TEST_STEP][PASSED] - Statement - counter = counter + 1: null

2018-12-13 01:47:20 - [TEST_STEP][PASSED] - Statement - PreSaveFile = new java.io.File(((pathPrefix + java.lang.Integer.toString(counter)) + .png)): null

2018-12-13 01:47:20 - [TEST_STEP][PASSED] - Statement - counter = counter + 1: null

2018-12-13 01:47:20 - [TEST_STEP][PASSED] - Statement - PreSaveFile = new java.io.File(((pathPrefix + java.lang.Integer.toString(counter)) + .png)): null

2018-12-13 01:47:20 - [TEST_STEP][PASSED] - Statement - counter = counter + 1: null

2018-12-13 01:47:20 - [TEST_STEP][PASSED] - Statement - PreSaveFile = new java.io.File(((pathPrefix + java.lang.Integer.toString(counter)) + .png)): null

2018-12-13 01:47:20 - [TEST_STEP][PASSED] - Statement - counter = counter + 1: null

2018-12-13 01:47:20 - [TEST_STEP][PASSED] - Statement - PreSaveFile = new java.io.File(((pathPrefix + java.lang.Integer.toString(counter)) + .png)): null

2018-12-13 01:47:20 - [TEST_STEP][PASSED] - Statement - counter = counter + 1: null

2018-12-13 01:47:20 - [TEST_STEP][PASSED] - Statement - PreSaveFile = new java.io.File(((pathPrefix + java.lang.Integer.toString(counter)) + .png)): null

2018-12-13 01:47:20 - [TEST_STEP][PASSED] - Statement - counter = counter + 1: null

2018-12-13 01:47:20 - [TEST_STEP][PASSED] - Statement - PreSaveFile = new java.io.File(((pathPrefix + java.lang.Integer.toString(counter)) + .png)): null

2018-12-13 01:47:20 - [TEST_STEP][PASSED] - Statement - counter = counter + 1: null

2018-12-13 01:47:20 - [TEST_STEP][PASSED] - Statement - PreSaveFile = new java.io.File(((pathPrefix + java.lang.Integer.toString(counter)) + .png)): null

2018-12-13 01:47:20 - [TEST_STEP][PASSED] - Statement - counter = counter + 1: null

2018-12-13 01:47:20 - [TEST_STEP][PASSED] - Statement - PreSaveFile = new java.io.File(((pathPrefix + java.lang.Integer.toString(counter)) + .png)): null

2018-12-13 01:47:20 - [TEST_STEP][PASSED] - Statement - counter = counter + 1: null

2018-12-13 01:47:20 - [TEST_STEP][PASSED] - Statement - PreSaveFile = new java.io.File(((pathPrefix + java.lang.Integer.toString(counter)) + .png)): null

2018-12-13 01:47:20 - [TEST_STEP][PASSED] - Statement - counter = counter + 1: null

2018-12-13 01:47:20 - [TEST_STEP][PASSED] - Statement - PreSaveFile = new java.io.File(((pathPrefix + java.lang.Integer.toString(counter)) + .png)): null

2018-12-13 01:47:20 - [TEST_STEP][PASSED] - Statement - counter = counter + 1: null

2018-12-13 01:47:20 - [TEST_STEP][PASSED] - Statement - PreSaveFile = new java.io.File(((pathPrefix + java.lang.Integer.toString(counter)) + .png)): null

2018-12-13 01:47:20 - [TEST_STEP][PASSED] - Statement - counter = counter + 1: null

2018-12-13 01:47:20 - [TEST_STEP][PASSED] - Statement - PreSaveFile = new java.io.File(((pathPrefix + java.lang.Integer.toString(counter)) + .png)): null

2018-12-13 01:47:20 - [TEST_STEP][PASSED] - Statement - counter = counter + 1: null

2018-12-13 01:47:20 - [TEST_STEP][PASSED] - Statement - PreSaveFile = new java.io.File(((pathPrefix + java.lang.Integer.toString(counter)) + .png)): null

2018-12-13 01:47:20 - [TEST_STEP][PASSED] - Statement - counter = counter + 1: null

2018-12-13 01:47:20 - [TEST_STEP][PASSED] - Statement - PreSaveFile = new java.io.File(((pathPrefix + java.lang.Integer.toString(counter)) + .png)): null

2018-12-13 01:47:20 - [TEST_STEP][PASSED] - Statement - counter = counter + 1: null

2018-12-13 01:47:20 - [TEST_STEP][PASSED] - Statement - PreSaveFile = new java.io.File(((pathPrefix + java.lang.Integer.toString(counter)) + .png)): null

2018-12-13 01:47:20 - [TEST_STEP][PASSED] - Statement - counter = counter + 1: null

2018-12-13 01:47:20 - [TEST_STEP][PASSED] - Statement - PreSaveFile = new java.io.File(((pathPrefix + java.lang.Integer.toString(counter)) + .png)): null

2018-12-13 01:47:20 - [TEST_STEP][PASSED] - Statement - counter = counter + 1: null

2018-12-13 01:47:20 - [TEST_STEP][PASSED] - Statement - PreSaveFile = new java.io.File(((pathPrefix + java.lang.Integer.toString(counter)) + .png)): null

2018-12-13 01:47:20 - [TEST_STEP][PASSED] - Statement - counter = counter + 1: null

2018-12-13 01:47:20 - [TEST_STEP][PASSED] - Statement - PreSaveFile = new java.io.File(((pathPrefix + java.lang.Integer.toString(counter)) + .png)): null

2018-12-13 01:47:20 - [TEST_STEP][PASSED] - Statement - counter = counter + 1: null

2018-12-13 01:47:20 - [TEST_STEP][PASSED] - Statement - PreSaveFile = new java.io.File(((pathPrefix + java.lang.Integer.toString(counter)) + .png)): null

2018-12-13 01:47:20 - [TEST_STEP][PASSED] - Statement - counter = counter + 1: null

2018-12-13 01:47:20 - [TEST_STEP][PASSED] - Statement - PreSaveFile = new java.io.File(((pathPrefix + java.lang.Integer.toString(counter)) + .png)): null

2018-12-13 01:47:20 - [TEST_STEP][PASSED] - Statement - counter = counter + 1: null

2018-12-13 01:47:20 - [TEST_STEP][PASSED] - Statement - PreSaveFile = new java.io.File(((pathPrefix + java.lang.Integer.toString(counter)) + .png)): null

2018-12-13 01:47:20 - [TEST_STEP][PASSED] - Statement - counter = counter + 1: null

2018-12-13 01:47:20 - [TEST_STEP][PASSED] - Statement - PreSaveFile = new java.io.File(((pathPrefix + java.lang.Integer.toString(counter)) + .png)): null

2018-12-13 01:47:20 - [TEST_STEP][PASSED] - Statement - counter = counter + 1: null

2018-12-13 01:47:20 - [TEST_STEP][PASSED] - Statement - PreSaveFile = new java.io.File(((pathPrefix + java.lang.Integer.toString(counter)) + .png)): null

2018-12-13 01:47:20 - [TEST_STEP][PASSED] - Statement - counter = counter + 1: null

2018-12-13 01:47:20 - [TEST_STEP][PASSED] - Statement - PreSaveFile = new java.io.File(((pathPrefix + java.lang.Integer.toString(counter)) + .png)): null

2018-12-13 01:47:20 - [TEST_STEP][PASSED] - Statement - counter = counter + 1: null

2018-12-13 01:47:20 - [TEST_STEP][PASSED] - Statement - PreSaveFile = new java.io.File(((pathPrefix + java.lang.Integer.toString(counter)) + .png)): null

2018-12-13 01:47:20 - [TEST_STEP][PASSED] - Statement - counter = counter + 1: null

2018-12-13 01:47:20 - [TEST_STEP][PASSED] - Statement - PreSaveFile = new java.io.File(((pathPrefix + java.lang.Integer.toString(counter)) + .png)): null

2018-12-13 01:47:20 - [TEST_STEP][PASSED] - Statement - counter = counter + 1: null

2018-12-13 01:47:20 - [TEST_STEP][PASSED] - Statement - PreSaveFile = new java.io.File(((pathPrefix + java.lang.Integer.toString(counter)) + .png)): null

2018-12-13 01:47:20 - [TEST_STEP][PASSED] - Statement - counter = counter + 1: null

2018-12-13 01:47:20 - [TEST_STEP][PASSED] - Statement - PreSaveFile = new java.io.File(((pathPrefix + java.lang.Integer.toString(counter)) + .png)): null

2018-12-13 01:47:20 - [TEST_STEP][PASSED] - Statement - counter = counter + 1: null

2018-12-13 01:47:20 - [TEST_STEP][PASSED] - Statement - PreSaveFile = new java.io.File(((pathPrefix + java.lang.Integer.toString(counter)) + .png)): null

2018-12-13 01:47:20 - [TEST_STEP][PASSED] - Statement - counter = counter + 1: null

2018-12-13 01:47:20 - [TEST_STEP][PASSED] - Statement - PreSaveFile = new java.io.File(((pathPrefix + java.lang.Integer.toString(counter)) + .png)): null

2018-12-13 01:47:20 - [TEST_STEP][PASSED] - Statement - counter = counter + 1: null

2018-12-13 01:47:20 - [TEST_STEP][PASSED] - Statement - PreSaveFile = new java.io.File(((pathPrefix + java.lang.Integer.toString(counter)) + .png)): null

2018-12-13 01:47:20 - [TEST_STEP][PASSED] - Statement - counter = counter + 1: null

2018-12-13 01:47:20 - [TEST_STEP][PASSED] - Statement - PreSaveFile = new java.io.File(((pathPrefix + java.lang.Integer.toString(counter)) + .png)): null

2018-12-13 01:47:20 - [TEST_STEP][PASSED] - Statement - counter = counter + 1: null

2018-12-13 01:47:20 - [TEST_STEP][PASSED] - Statement - PreSaveFile = new java.io.File(((pathPrefix + java.lang.Integer.toString(counter)) + .png)): null

2018-12-13 01:47:20 - [TEST_STEP][PASSED] - Statement - counter = counter + 1: null

2018-12-13 01:47:20 - [TEST_STEP][PASSED] - Statement - PreSaveFile = new java.io.File(((pathPrefix + java.lang.Integer.toString(counter)) + .png)): null

2018-12-13 01:47:20 - [TEST_STEP][PASSED] - Statement - counter = counter + 1: null

2018-12-13 01:47:20 - [TEST_STEP][PASSED] - Statement - PreSaveFile = new java.io.File(((pathPrefix + java.lang.Integer.toString(counter)) + .png)): null

2018-12-13 01:47:20 - [TEST_STEP][PASSED] - Statement - counter = counter + 1: null

2018-12-13 01:47:20 - [TEST_STEP][PASSED] - Statement - PreSaveFile = new java.io.File(((pathPrefix + java.lang.Integer.toString(counter)) + .png)): null

2018-12-13 01:47:20 - [TEST_STEP][PASSED] - Statement - counter = counter + 1: null

2018-12-13 01:47:20 - [TEST_STEP][PASSED] - Statement - PreSaveFile = new java.io.File(((pathPrefix + java.lang.Integer.toString(counter)) + .png)): null

2018-12-13 01:47:20 - [TEST_STEP][PASSED] - Statement - counter = counter + 1: null

2018-12-13 01:47:20 - [TEST_STEP][PASSED] - Statement - PreSaveFile = new java.io.File(((pathPrefix + java.lang.Integer.toString(counter)) + .png)): null

2018-12-13 01:47:20 - [TEST_STEP][PASSED] - Statement - counter = counter + 1: null

2018-12-13 01:47:20 - [TEST_STEP][PASSED] - Statement - PreSaveFile = new java.io.File(((pathPrefix + java.lang.Integer.toString(counter)) + .png)): null

2018-12-13 01:47:20 - [TEST_STEP][PASSED] - Statement - counter = counter + 1: null

2018-12-13 01:47:20 - [TEST_STEP][PASSED] - Statement - PreSaveFile = new java.io.File(((pathPrefix + java.lang.Integer.toString(counter)) + .png)): null

2018-12-13 01:47:20 - [TEST_STEP][PASSED] - Statement - counter = counter + 1: null

2018-12-13 01:47:20 - [TEST_STEP][PASSED] - Statement - PreSaveFile = new java.io.File(((pathPrefix + java.lang.Integer.toString(counter)) + .png)): null

2018-12-13 01:47:20 - [TEST_STEP][PASSED] - Statement - counter = counter + 1: null

2018-12-13 01:47:20 - [TEST_STEP][PASSED] - Statement - PreSaveFile = new java.io.File(((pathPrefix + java.lang.Integer.toString(counter)) + .png)): null

2018-12-13 01:47:20 - [TEST_STEP][PASSED] - Statement - counter = counter + 1: null

2018-12-13 01:47:20 - [TEST_STEP][PASSED] - Statement - PreSaveFile = new java.io.File(((pathPrefix + java.lang.Integer.toString(counter)) + .png)): null

2018-12-13 01:47:20 - [TEST_STEP][PASSED] - Statement - counter = counter + 1: null

2018-12-13 01:47:20 - [TEST_STEP][PASSED] - Statement - PreSaveFile = new java.io.File(((pathPrefix + java.lang.Integer.toString(counter)) + .png)): null

2018-12-13 01:47:20 - [TEST_STEP][PASSED] - Statement - counter = counter + 1: null

2018-12-13 01:47:20 - [TEST_STEP][PASSED] - Statement - PreSaveFile = new java.io.File(((pathPrefix + java.lang.Integer.toString(counter)) + .png)): null

2018-12-13 01:47:20 - [TEST_STEP][PASSED] - Statement - counter = counter + 1: null

2018-12-13 01:47:20 - [TEST_STEP][PASSED] - Statement - PreSaveFile = new java.io.File(((pathPrefix + java.lang.Integer.toString(counter)) + .png)): null

2018-12-13 01:47:20 - [TEST_STEP][PASSED] - Statement - counter = counter + 1: null

2018-12-13 01:47:20 - [TEST_STEP][PASSED] - Statement - PreSaveFile = new java.io.File(((pathPrefix + java.lang.Integer.toString(counter)) + .png)): null

2018-12-13 01:47:20 - [TEST_STEP][PASSED] - Statement - counter = counter + 1: null

2018-12-13 01:47:20 - [TEST_STEP][PASSED] - Statement - PreSaveFile = new java.io.File(((pathPrefix + java.lang.Integer.toString(counter)) + .png)): null

2018-12-13 01:47:20 - [TEST_STEP][PASSED] - Statement - counter = counter + 1: null

2018-12-13 01:47:20 - [TEST_STEP][PASSED] - Statement - PreSaveFile = new java.io.File(((pathPrefix + java.lang.Integer.toString(counter)) + .png)): null

2018-12-13 01:47:20 - [TEST_STEP][PASSED] - Statement - counter = counter + 1: null

2018-12-13 01:47:20 - [TEST_STEP][PASSED] - Statement - PreSaveFile = new java.io.File(((pathPrefix + java.lang.Integer.toString(counter)) + .png)): null

2018-12-13 01:47:20 - [TEST_STEP][PASSED] - Statement - counter = counter + 1: null

2018-12-13 01:47:20 - [TEST_STEP][PASSED] - Statement - PreSaveFile = new java.io.File(((pathPrefix + java.lang.Integer.toString(counter)) + .png)): null

2018-12-13 01:47:20 - [TEST_STEP][PASSED] - Statement - counter = counter + 1: null

2018-12-13 01:47:20 - [TEST_STEP][PASSED] - Statement - PreSaveFile = new java.io.File(((pathPrefix + java.lang.Integer.toString(counter)) + .png)): null

2018-12-13 01:47:20 - [TEST_STEP][PASSED] - Statement - counter = counter + 1: null

2018-12-13 01:47:20 - [TEST_STEP][PASSED] - Statement - PreSaveFile = new java.io.File(((pathPrefix + java.lang.Integer.toString(counter)) + .png)): null

2018-12-13 01:47:20 - [TEST_STEP][PASSED] - Statement - counter = counter + 1: null

2018-12-13 01:47:20 - [TEST_STEP][PASSED] - Statement - PreSaveFile = new java.io.File(((pathPrefix + java.lang.Integer.toString(counter)) + .png)): null

2018-12-13 01:47:20 - [TEST_STEP][PASSED] - Statement - counter = counter + 1: null

2018-12-13 01:47:20 - [TEST_STEP][PASSED] - Statement - PreSaveFile = new java.io.File(((pathPrefix + java.lang.Integer.toString(counter)) + .png)): null

2018-12-13 01:47:20 - [TEST_STEP][PASSED] - Statement - counter = counter + 1: null

2018-12-13 01:47:20 - [TEST_STEP][PASSED] - Statement - PreSaveFile = new java.io.File(((pathPrefix + java.lang.Integer.toString(counter)) + .png)): null

2018-12-13 01:47:20 - [TEST_STEP][PASSED] - Statement - counter = counter + 1: null

2018-12-13 01:47:20 - [TEST_STEP][PASSED] - Statement - PreSaveFile = new java.io.File(((pathPrefix + java.lang.Integer.toString(counter)) + .png)): null

2018-12-13 01:47:20 - [TEST_STEP][PASSED] - Statement - counter = counter + 1: null

2018-12-13 01:47:20 - [TEST_STEP][PASSED] - Statement - PreSaveFile = new java.io.File(((pathPrefix + java.lang.Integer.toString(counter)) + .png)): null

2018-12-13 01:47:20 - [TEST_STEP][PASSED] - Statement - counter = counter + 1: null

2018-12-13 01:47:20 - [TEST_STEP][PASSED] - Statement - PreSaveFile = new java.io.File(((pathPrefix + java.lang.Integer.toString(counter)) + .png)): null

2018-12-13 01:47:20 - [TEST_STEP][PASSED] - Statement - counter = counter + 1: null

2018-12-13 01:47:20 - [TEST_STEP][PASSED] - Statement - PreSaveFile = new java.io.File(((pathPrefix + java.lang.Integer.toString(counter)) + .png)): null

2018-12-13 01:47:20 - [TEST_STEP][PASSED] - Statement - counter = counter + 1: null

2018-12-13 01:47:20 - [TEST_STEP][PASSED] - Statement - PreSaveFile = new java.io.File(((pathPrefix + java.lang.Integer.toString(counter)) + .png)): null

2018-12-13 01:47:20 - [TEST_STEP][PASSED] - Statement - counter = counter + 1: null

2018-12-13 01:47:20 - [TEST_STEP][PASSED] - Statement - PreSaveFile = new java.io.File(((pathPrefix + java.lang.Integer.toString(counter)) + .png)): null

2018-12-13 01:47:20 - [TEST_STEP][PASSED] - Statement - counter = counter + 1: null

2018-12-13 01:47:20 - [TEST_STEP][PASSED] - Statement - PreSaveFile = new java.io.File(((pathPrefix + java.lang.Integer.toString(counter)) + .png)): null

2018-12-13 01:47:20 - [TEST_STEP][PASSED] - Statement - counter = counter + 1: null

2018-12-13 01:47:20 - [TEST_STEP][PASSED] - Statement - PreSaveFile = new java.io.File(((pathPrefix + java.lang.Integer.toString(counter)) + .png)): null

2018-12-13 01:47:20 - [TEST_STEP][PASSED] - Statement - counter = counter + 1: null

2018-12-13 01:47:20 - [TEST_STEP][PASSED] - Statement - PreSaveFile = new java.io.File(((pathPrefix + java.lang.Integer.toString(counter)) + .png)): null

2018-12-13 01:47:20 - [TEST_STEP][PASSED] - Statement - counter = counter + 1: null

2018-12-13 01:47:20 - [TEST_STEP][PASSED] - Statement - PreSaveFile = new java.io.File(((pathPrefix + java.lang.Integer.toString(counter)) + .png)): null

2018-12-13 01:47:20 - [TEST_STEP][PASSED] - Statement - counter = counter + 1: null

2018-12-13 01:47:20 - [TEST_STEP][PASSED] - Statement - PreSaveFile = new java.io.File(((pathPrefix + java.lang.Integer.toString(counter)) + .png)): null

2018-12-13 01:47:20 - [TEST_STEP][PASSED] - Statement - counter = counter + 1: null

2018-12-13 01:47:20 - [TEST_STEP][PASSED] - Statement - PreSaveFile = new java.io.File(((pathPrefix + java.lang.Integer.toString(counter)) + .png)): null

2018-12-13 01:47:20 - [TEST_STEP][PASSED] - Statement - counter = counter + 1: null

2018-12-13 01:47:20 - [TEST_STEP][PASSED] - Statement - PreSaveFile = new java.io.File(((pathPrefix + java.lang.Integer.toString(counter)) + .png)): null

2018-12-13 01:47:20 - [TEST_STEP][PASSED] - Statement - counter = counter + 1: null

2018-12-13 01:47:20 - [TEST_STEP][PASSED] - Statement - PreSaveFile = new java.io.File(((pathPrefix + java.lang.Integer.toString(counter)) + .png)): null

2018-12-13 01:47:20 - [TEST_STEP][PASSED] - Statement - counter = counter + 1: null

2018-12-13 01:47:20 - [TEST_STEP][PASSED] - Statement - PreSaveFile = new java.io.File(((pathPrefix + java.lang.Integer.toString(counter)) + .png)): null

2018-12-13 01:47:20 - [TEST_STEP][PASSED] - Statement - counter = counter + 1: null

2018-12-13 01:47:20 - [TEST_STEP][PASSED] - Statement - PreSaveFile = new java.io.File(((pathPrefix + java.lang.Integer.toString(counter)) + .png)): null

2018-12-13 01:47:20 - [TEST_STEP][PASSED] - Statement - counter = counter + 1: null

2018-12-13 01:47:20 - [TEST_STEP][PASSED] - Statement - PreSaveFile = new java.io.File(((pathPrefix + java.lang.Integer.toString(counter)) + .png)): null

2018-12-13 01:47:20 - [TEST_STEP][PASSED] - Statement - counter = counter + 1: null

2018-12-13 01:47:20 - [TEST_STEP][PASSED] - Statement - PreSaveFile = new java.io.File(((pathPrefix + java.lang.Integer.toString(counter)) + .png)): null

2018-12-13 01:47:20 - [TEST_STEP][PASSED] - Statement - counter = counter + 1: null

2018-12-13 01:47:20 - [TEST_STEP][PASSED] - Statement - PreSaveFile = new java.io.File(((pathPrefix + java.lang.Integer.toString(counter)) + .png)): null

2018-12-13 01:47:20 - [TEST_STEP][PASSED] - Statement - counter = counter + 1: null

2018-12-13 01:47:20 - [TEST_STEP][PASSED] - Statement - PreSaveFile = new java.io.File(((pathPrefix + java.lang.Integer.toString(counter)) + .png)): null

2018-12-13 01:47:20 - [TEST_STEP][PASSED] - Statement - counter = counter + 1: null

2018-12-13 01:47:20 - [TEST_STEP][PASSED] - Statement - PreSaveFile = new java.io.File(((pathPrefix + java.lang.Integer.toString(counter)) + .png)): null

2018-12-13 01:47:20 - [TEST_STEP][PASSED] - Statement - counter = counter + 1: null

2018-12-13 01:47:20 - [TEST_STEP][PASSED] - Statement - PreSaveFile = new java.io.File(((pathPrefix + java.lang.Integer.toString(counter)) + .png)): null

2018-12-13 01:47:20 - [TEST_STEP][PASSED] - Statement - counter = counter + 1: null

2018-12-13 01:47:20 - [TEST_STEP][PASSED] - Statement - PreSaveFile = new java.io.File(((pathPrefix + java.lang.Integer.toString(counter)) + .png)): null

2018-12-13 01:47:20 - [TEST_STEP][PASSED] - Statement - counter = counter + 1: null

2018-12-13 01:47:20 - [TEST_STEP][PASSED] - Statement - PreSaveFile = new java.io.File(((pathPrefix + java.lang.Integer.toString(counter)) + .png)): null

2018-12-13 01:47:20 - [TEST_STEP][PASSED] - Statement - counter = counter + 1: null

2018-12-13 01:47:20 - [TEST_STEP][PASSED] - Statement - PreSaveFile = new java.io.File(((pathPrefix + java.lang.Integer.toString(counter)) + .png)): null

2018-12-13 01:47:20 - [TEST_STEP][PASSED] - Statement - counter = counter + 1: null

2018-12-13 01:47:20 - [TEST_STEP][PASSED] - Statement - PreSaveFile = new java.io.File(((pathPrefix + java.lang.Integer.toString(counter)) + .png)): null

2018-12-13 01:47:20 - [TEST_STEP][PASSED] - Statement - counter = counter + 1: null

2018-12-13 01:47:20 - [TEST_STEP][PASSED] - Statement - PreSaveFile = new java.io.File(((pathPrefix + java.lang.Integer.toString(counter)) + .png)): null

2018-12-13 01:47:20 - [TEST_STEP][PASSED] - Statement - counter = counter + 1: null

2018-12-13 01:47:20 - [TEST_STEP][PASSED] - Statement - PreSaveFile = new java.io.File(((pathPrefix + java.lang.Integer.toString(counter)) + .png)): null

2018-12-13 01:47:20 - [TEST_STEP][PASSED] - Statement - counter = counter + 1: null

2018-12-13 01:47:20 - [TEST_STEP][PASSED] - Statement - PreSaveFile = new java.io.File(((pathPrefix + java.lang.Integer.toString(counter)) + .png)): null

2018-12-13 01:47:20 - [TEST_STEP][PASSED] - Statement - counter = counter + 1: null

2018-12-13 01:47:20 - [TEST_STEP][PASSED] - Statement - PreSaveFile = new java.io.File(((pathPrefix + java.lang.Integer.toString(counter)) + .png)): null

2018-12-13 01:47:20 - [TEST_STEP][PASSED] - Statement - counter = counter + 1: null

2018-12-13 01:47:20 - [TEST_STEP][PASSED] - Statement - PreSaveFile = new java.io.File(((pathPrefix + java.lang.Integer.toString(counter)) + .png)): null

2018-12-13 01:47:20 - [TEST_STEP][PASSED] - Statement - counter = counter + 1: null

2018-12-13 01:47:20 - [TEST_STEP][PASSED] - Statement - PreSaveFile = new java.io.File(((pathPrefix + java.lang.Integer.toString(counter)) + .png)): null

2018-12-13 01:47:20 - [TEST_STEP][PASSED] - Statement - counter = counter + 1: null

2018-12-13 01:47:20 - [TEST_STEP][PASSED] - Statement - PreSaveFile = new java.io.File(((pathPrefix + java.lang.Integer.toString(counter)) + .png)): null

2018-12-13 01:47:20 - [TEST_STEP][PASSED] - Statement - counter = counter + 1: null

2018-12-13 01:47:20 - [TEST_STEP][PASSED] - Statement - PreSaveFile = new java.io.File(((pathPrefix + java.lang.Integer.toString(counter)) + .png)): null

2018-12-13 01:47:20 - [TEST_STEP][PASSED] - Statement - counter = counter + 1: null

2018-12-13 01:47:20 - [TEST_STEP][PASSED] - Statement - PreSaveFile = new java.io.File(((pathPrefix + java.lang.Integer.toString(counter)) + .png)): null

2018-12-13 01:47:20 - [TEST_STEP][PASSED] - Statement - counter = counter + 1: null

2018-12-13 01:47:20 - [TEST_STEP][PASSED] - Statement - PreSaveFile = new java.io.File(((pathPrefix + java.lang.Integer.toString(counter)) + .png)): null

2018-12-13 01:47:20 - [TEST_STEP][PASSED] - Statement - counter = counter + 1: null

2018-12-13 01:47:21 - [TEST_STEP][PASSED] - Statement - PreSaveFile = new java.io.File(((pathPrefix + java.lang.Integer.toString(counter)) + .png)): null

2018-12-13 01:47:21 - [TEST_STEP][PASSED] - Statement - counter = counter + 1: null

2018-12-13 01:47:21 - [TEST_STEP][PASSED] - Statement - PreSaveFile = new java.io.File(((pathPrefix + java.lang.Integer.toString(counter)) + .png)): null

2018-12-13 01:47:21 - [TEST_STEP][PASSED] - Statement - counter = counter + 1: null

2018-12-13 01:47:21 - [TEST_STEP][PASSED] - Statement - PreSaveFile = new java.io.File(((pathPrefix + java.lang.Integer.toString(counter)) + .png)): null

2018-12-13 01:47:21 - [TEST_STEP][PASSED] - Statement - counter = counter + 1: null

2018-12-13 01:47:21 - [TEST_STEP][PASSED] - Statement - PreSaveFile = new java.io.File(((pathPrefix + java.lang.Integer.toString(counter)) + .png)): null

2018-12-13 01:47:21 - [TEST_STEP][PASSED] - Statement - counter = counter + 1: null

2018-12-13 01:47:21 - [TEST_STEP][PASSED] - Statement - PreSaveFile = new java.io.File(((pathPrefix + java.lang.Integer.toString(counter)) + .png)): null

2018-12-13 01:47:21 - [TEST_STEP][PASSED] - Statement - counter = counter + 1: null

2018-12-13 01:47:21 - [TEST_STEP][PASSED] - Statement - PreSaveFile = new java.io.File(((pathPrefix + java.lang.Integer.toString(counter)) + .png)): null

2018-12-13 01:47:21 - [TEST_STEP][PASSED] - Statement - counter = counter + 1: null

2018-12-13 01:47:21 - [TEST_STEP][PASSED] - Statement - PreSaveFile = new java.io.File(((pathPrefix + java.lang.Integer.toString(counter)) + .png)): null

2018-12-13 01:47:21 - [TEST_STEP][PASSED] - Statement - counter = counter + 1: null

2018-12-13 01:47:21 - [TEST_STEP][PASSED] - Statement - PreSaveFile = new java.io.File(((pathPrefix + java.lang.Integer.toString(counter)) + .png)): null

2018-12-13 01:47:21 - [TEST_STEP][PASSED] - Statement - counter = counter + 1: null

2018-12-13 01:47:21 - [TEST_STEP][PASSED] - Statement - PreSaveFile = new java.io.File(((pathPrefix + java.lang.Integer.toString(counter)) + .png)): null

2018-12-13 01:47:21 - [TEST_STEP][PASSED] - Statement - counter = counter + 1: null

2018-12-13 01:47:21 - [TEST_STEP][PASSED] - Statement - PreSaveFile = new java.io.File(((pathPrefix + java.lang.Integer.toString(counter)) + .png)): null

2018-12-13 01:47:21 - [TEST_STEP][PASSED] - Statement - counter = counter + 1: null

2018-12-13 01:47:21 - [TEST_STEP][PASSED] - Statement - PreSaveFile = new java.io.File(((pathPrefix + java.lang.Integer.toString(counter)) + .png)): null

2018-12-13 01:47:21 - [TEST_STEP][PASSED] - Statement - counter = counter + 1: null

2018-12-13 01:47:21 - [TEST_STEP][PASSED] - Statement - PreSaveFile = new java.io.File(((pathPrefix + java.lang.Integer.toString(counter)) + .png)): null

2018-12-13 01:47:21 - [TEST_STEP][PASSED] - Statement - counter = counter + 1: null

2018-12-13 01:47:21 - [TEST_STEP][PASSED] - Statement - PreSaveFile = new java.io.File(((pathPrefix + java.lang.Integer.toString(counter)) + .png)): null

2018-12-13 01:47:21 - [TEST_STEP][PASSED] - Statement - counter = counter + 1: null

2018-12-13 01:47:21 - [TEST_STEP][PASSED] - Statement - PreSaveFile = new java.io.File(((pathPrefix + java.lang.Integer.toString(counter)) + .png)): null

2018-12-13 01:47:21 - [TEST_STEP][PASSED] - Statement - counter = counter + 1: null

2018-12-13 01:47:21 - [TEST_STEP][PASSED] - Statement - PreSaveFile = new java.io.File(((pathPrefix + java.lang.Integer.toString(counter)) + .png)): null

2018-12-13 01:47:21 - [TEST_STEP][PASSED] - Statement - counter = counter + 1: null

2018-12-13 01:47:21 - [TEST_STEP][PASSED] - Statement - PreSaveFile = new java.io.File(((pathPrefix + java.lang.Integer.toString(counter)) + .png)): null

2018-12-13 01:47:21 - [TEST_STEP][PASSED] - Statement - counter = counter + 1: null

2018-12-13 01:47:21 - [TEST_STEP][PASSED] - Statement - PreSaveFile = new java.io.File(((pathPrefix + java.lang.Integer.toString(counter)) + .png)): null

2018-12-13 01:47:21 - [TEST_STEP][PASSED] - Statement - counter = counter + 1: null

2018-12-13 01:47:21 - [TEST_STEP][PASSED] - Statement - PreSaveFile = new java.io.File(((pathPrefix + java.lang.Integer.toString(counter)) + .png)): null

2018-12-13 01:47:21 - [TEST_STEP][PASSED] - Statement - counter = counter + 1: null

2018-12-13 01:47:21 - [TEST_STEP][PASSED] - Statement - PreSaveFile = new java.io.File(((pathPrefix + java.lang.Integer.toString(counter)) + .png)): null

2018-12-13 01:47:21 - [TEST_STEP][PASSED] - Statement - counter = counter + 1: null

2018-12-13 01:47:21 - [TEST_STEP][PASSED] - Statement - PreSaveFile = new java.io.File(((pathPrefix + java.lang.Integer.toString(counter)) + .png)): null

2018-12-13 01:47:21 - [TEST_STEP][PASSED] - Statement - counter = counter + 1: null

2018-12-13 01:47:21 - [TEST_STEP][PASSED] - Statement - PreSaveFile = new java.io.File(((pathPrefix + java.lang.Integer.toString(counter)) + .png)): null

2018-12-13 01:47:21 - [TEST_STEP][PASSED] - Statement - counter = counter + 1: null

2018-12-13 01:47:21 - [TEST_STEP][PASSED] - Statement - PreSaveFile = new java.io.File(((pathPrefix + java.lang.Integer.toString(counter)) + .png)): null

2018-12-13 01:47:21 - [TEST_STEP][PASSED] - Statement - counter = counter + 1: null

2018-12-13 01:47:21 - [TEST_STEP][PASSED] - Statement - PreSaveFile = new java.io.File(((pathPrefix + java.lang.Integer.toString(counter)) + .png)): null

2018-12-13 01:47:21 - [TEST_STEP][PASSED] - Statement - counter = counter + 1: null

2018-12-13 01:47:21 - [TEST_STEP][PASSED] - Statement - PreSaveFile = new java.io.File(((pathPrefix + java.lang.Integer.toString(counter)) + .png)): null

2018-12-13 01:47:21 - [TEST_STEP][PASSED] - Statement - counter = counter + 1: null

2018-12-13 01:47:21 - [TEST_STEP][PASSED] - Statement - PreSaveFile = new java.io.File(((pathPrefix + java.lang.Integer.toString(counter)) + .png)): null

2018-12-13 01:47:21 - [TEST_STEP][PASSED] - Statement - counter = counter + 1: null

2018-12-13 01:47:21 - [TEST_STEP][PASSED] - Statement - PreSaveFile = new java.io.File(((pathPrefix + java.lang.Integer.toString(counter)) + .png)): null

2018-12-13 01:47:21 - [TEST_STEP][PASSED] - Statement - counter = counter + 1: null

2018-12-13 01:47:21 - [TEST_STEP][PASSED] - Statement - PreSaveFile = new java.io.File(((pathPrefix + java.lang.Integer.toString(counter)) + .png)): null

2018-12-13 01:47:21 - [TEST_STEP][PASSED] - Statement - counter = counter + 1: null

2018-12-13 01:47:21 - [TEST_STEP][PASSED] - Statement - PreSaveFile = new java.io.File(((pathPrefix + java.lang.Integer.toString(counter)) + .png)): null

2018-12-13 01:47:21 - [TEST_STEP][PASSED] - Statement - counter = counter + 1: null

2018-12-13 01:47:21 - [TEST_STEP][PASSED] - Statement - PreSaveFile = new java.io.File(((pathPrefix + java.lang.Integer.toString(counter)) + .png)): null

2018-12-13 01:47:21 - [TEST_STEP][PASSED] - Statement - counter = counter + 1: null

2018-12-13 01:47:21 - [TEST_STEP][PASSED] - Statement - PreSaveFile = new java.io.File(((pathPrefix + java.lang.Integer.toString(counter)) + .png)): null

2018-12-13 01:47:21 - [TEST_STEP][PASSED] - Statement - counter = counter + 1: null

2018-12-13 01:47:21 - [TEST_STEP][PASSED] - Statement - PreSaveFile = new java.io.File(((pathPrefix + java.lang.Integer.toString(counter)) + .png)): null

2018-12-13 01:47:21 - [TEST_STEP][PASSED] - Statement - counter = counter + 1: null

2018-12-13 01:47:21 - [TEST_STEP][PASSED] - Statement - PreSaveFile = new java.io.File(((pathPrefix + java.lang.Integer.toString(counter)) + .png)): null

2018-12-13 01:47:21 - [TEST_STEP][PASSED] - Statement - counter = counter + 1: null

2018-12-13 01:47:21 - [TEST_STEP][PASSED] - Statement - PreSaveFile = new java.io.File(((pathPrefix + java.lang.Integer.toString(counter)) + .png)): null

2018-12-13 01:47:21 - [TEST_STEP][PASSED] - Statement - counter = counter + 1: null

2018-12-13 01:47:21 - [TEST_STEP][PASSED] - Statement - PreSaveFile = new java.io.File(((pathPrefix + java.lang.Integer.toString(counter)) + .png)): null

2018-12-13 01:47:21 - [TEST_STEP][PASSED] - Statement - counter = counter + 1: null

2018-12-13 01:47:21 - [TEST_STEP][PASSED] - Statement - PreSaveFile = new java.io.File(((pathPrefix + java.lang.Integer.toString(counter)) + .png)): null

2018-12-13 01:47:21 - [TEST_STEP][PASSED] - Statement - counter = counter + 1: null

2018-12-13 01:47:21 - [TEST_STEP][PASSED] - Statement - PreSaveFile = new java.io.File(((pathPrefix + java.lang.Integer.toString(counter)) + .png)): null

2018-12-13 01:47:21 - [TEST_STEP][PASSED] - Statement - counter = counter + 1: null

2018-12-13 01:47:21 - [TEST_STEP][PASSED] - Statement - PreSaveFile = new java.io.File(((pathPrefix + java.lang.Integer.toString(counter)) + .png)): null

2018-12-13 01:47:21 - [TEST_STEP][PASSED] - Statement - counter = counter + 1: null

2018-12-13 01:47:21 - [TEST_STEP][PASSED] - Statement - PreSaveFile = new java.io.File(((pathPrefix + java.lang.Integer.toString(counter)) + .png)): null

2018-12-13 01:47:21 - [TEST_STEP][PASSED] - Statement - counter = counter + 1: null

2018-12-13 01:47:21 - [TEST_STEP][PASSED] - Statement - PreSaveFile = new java.io.File(((pathPrefix + java.lang.Integer.toString(counter)) + .png)): null

2018-12-13 01:47:21 - [TEST_STEP][PASSED] - Statement - counter = counter + 1: null

2018-12-13 01:47:21 - [TEST_STEP][PASSED] - Statement - PreSaveFile = new java.io.File(((pathPrefix + java.lang.Integer.toString(counter)) + .png)): null

2018-12-13 01:47:21 - [TEST_STEP][PASSED] - Statement - counter = counter + 1: null

2018-12-13 01:47:21 - [TEST_STEP][PASSED] - Statement - PreSaveFile = new java.io.File(((pathPrefix + java.lang.Integer.toString(counter)) + .png)): null

2018-12-13 01:47:21 - [TEST_STEP][PASSED] - Statement - counter = counter + 1: null

2018-12-13 01:47:21 - [TEST_STEP][PASSED] - Statement - PreSaveFile = new java.io.File(((pathPrefix + java.lang.Integer.toString(counter)) + .png)): null

2018-12-13 01:47:21 - [TEST_STEP][PASSED] - Statement - counter = counter + 1: null

2018-12-13 01:47:21 - [TEST_STEP][PASSED] - Statement - PreSaveFile = new java.io.File(((pathPrefix + java.lang.Integer.toString(counter)) + .png)): null

2018-12-13 01:47:21 - [TEST_STEP][PASSED] - Statement - counter = counter + 1: null

2018-12-13 01:47:21 - [TEST_STEP][PASSED] - Statement - PreSaveFile = new java.io.File(((pathPrefix + java.lang.Integer.toString(counter)) + .png)): null

2018-12-13 01:47:21 - [TEST_STEP][PASSED] - Statement - counter = counter + 1: null

2018-12-13 01:47:21 - [TEST_STEP][PASSED] - Statement - PreSaveFile = new java.io.File(((pathPrefix + java.lang.Integer.toString(counter)) + .png)): null

2018-12-13 01:47:21 - [TEST_STEP][PASSED] - Statement - counter = counter + 1: null

2018-12-13 01:47:21 - [TEST_STEP][PASSED] - Statement - PreSaveFile = new java.io.File(((pathPrefix + java.lang.Integer.toString(counter)) + .png)): null

2018-12-13 01:47:21 - [TEST_STEP][PASSED] - Statement - counter = counter + 1: null

2018-12-13 01:47:21 - [TEST_STEP][PASSED] - Statement - PreSaveFile = new java.io.File(((pathPrefix + java.lang.Integer.toString(counter)) + .png)): null

2018-12-13 01:47:21 - [TEST_STEP][PASSED] - Statement - counter = counter + 1: null

2018-12-13 01:47:21 - [TEST_STEP][PASSED] - Statement - PreSaveFile = new java.io.File(((pathPrefix + java.lang.Integer.toString(counter)) + .png)): null

2018-12-13 01:47:21 - [TEST_STEP][PASSED] - Statement - counter = counter + 1: null

2018-12-13 01:47:21 - [TEST_STEP][PASSED] - Statement - PreSaveFile = new java.io.File(((pathPrefix + java.lang.Integer.toString(counter)) + .png)): null

2018-12-13 01:47:21 - [TEST_STEP][PASSED] - Statement - counter = counter + 1: null

2018-12-13 01:47:21 - [TEST_STEP][PASSED] - Statement - PreSaveFile = new java.io.File(((pathPrefix + java.lang.Integer.toString(counter)) + .png)): null

2018-12-13 01:47:21 - [TEST_STEP][PASSED] - Statement - counter = counter + 1: null

2018-12-13 01:47:21 - [TEST_STEP][PASSED] - Statement - PreSaveFile = new java.io.File(((pathPrefix + java.lang.Integer.toString(counter)) + .png)): null

2018-12-13 01:47:21 - [TEST_STEP][PASSED] - Statement - counter = counter + 1: null

2018-12-13 01:47:21 - [TEST_STEP][PASSED] - Statement - PreSaveFile = new java.io.File(((pathPrefix + java.lang.Integer.toString(counter)) + .png)): null

2018-12-13 01:47:21 - [TEST_STEP][PASSED] - Statement - counter = counter + 1: null

2018-12-13 01:47:21 - [TEST_STEP][PASSED] - Statement - PreSaveFile = new java.io.File(((pathPrefix + java.lang.Integer.toString(counter)) + .png)): null

2018-12-13 01:47:21 - [TEST_STEP][PASSED] - Statement - counter = counter + 1: null

2018-12-13 01:47:21 - [TEST_STEP][PASSED] - Statement - PreSaveFile = new java.io.File(((pathPrefix + java.lang.Integer.toString(counter)) + .png)): null

2018-12-13 01:47:21 - [TEST_STEP][PASSED] - Statement - counter = counter + 1: null

2018-12-13 01:47:21 - [TEST_STEP][PASSED] - Statement - PreSaveFile = new java.io.File(((pathPrefix + java.lang.Integer.toString(counter)) + .png)): null

2018-12-13 01:47:21 - [TEST_STEP][PASSED] - Statement - counter = counter + 1: null

2018-12-13 01:47:21 - [TEST_STEP][PASSED] - Statement - PreSaveFile = new java.io.File(((pathPrefix + java.lang.Integer.toString(counter)) + .png)): null

2018-12-13 01:47:21 - [TEST_STEP][PASSED] - Statement - counter = counter + 1: null

2018-12-13 01:47:21 - [TEST_STEP][PASSED] - Statement - PreSaveFile = new java.io.File(((pathPrefix + java.lang.Integer.toString(counter)) + .png)): null

2018-12-13 01:47:21 - [TEST_STEP][PASSED] - Statement - counter = counter + 1: null

2018-12-13 01:47:21 - [TEST_STEP][PASSED] - Statement - PreSaveFile = new java.io.File(((pathPrefix + java.lang.Integer.toString(counter)) + .png)): null

2018-12-13 01:47:21 - [TEST_STEP][PASSED] - Statement - counter = counter + 1: null

2018-12-13 01:47:21 - [TEST_STEP][PASSED] - Statement - PreSaveFile = new java.io.File(((pathPrefix + java.lang.Integer.toString(counter)) + .png)): null

2018-12-13 01:47:21 - [TEST_STEP][PASSED] - Statement - counter = counter + 1: null

2018-12-13 01:47:21 - [TEST_STEP][PASSED] - Statement - PreSaveFile = new java.io.File(((pathPrefix + java.lang.Integer.toString(counter)) + .png)): null

2018-12-13 01:47:21 - [TEST_STEP][PASSED] - Statement - counter = counter + 1: null

2018-12-13 01:47:21 - [TEST_STEP][PASSED] - Statement - PreSaveFile = new java.io.File(((pathPrefix + java.lang.Integer.toString(counter)) + .png)): null

2018-12-13 01:47:21 - [TEST_STEP][PASSED] - Statement - counter = counter + 1: null

2018-12-13 01:47:21 - [TEST_STEP][PASSED] - Statement - PreSaveFile = new java.io.File(((pathPrefix + java.lang.Integer.toString(counter)) + .png)): null

2018-12-13 01:47:21 - [TEST_STEP][PASSED] - Statement - counter = counter + 1: null

2018-12-13 01:47:21 - [TEST_STEP][PASSED] - Statement - PreSaveFile = new java.io.File(((pathPrefix + java.lang.Integer.toString(counter)) + .png)): null

2018-12-13 01:47:21 - [TEST_STEP][PASSED] - Statement - counter = counter + 1: null

2018-12-13 01:47:21 - [TEST_STEP][PASSED] - Statement - PreSaveFile = new java.io.File(((pathPrefix + java.lang.Integer.toString(counter)) + .png)): null

2018-12-13 01:47:21 - [TEST_STEP][PASSED] - Statement - counter = counter + 1: null

2018-12-13 01:47:21 - [TEST_STEP][PASSED] - Statement - PreSaveFile = new java.io.File(((pathPrefix + java.lang.Integer.toString(counter)) + .png)): null

2018-12-13 01:47:21 - [TEST_STEP][PASSED] - Statement - counter = counter + 1: null

2018-12-13 01:47:21 - [TEST_STEP][PASSED] - Statement - PreSaveFile = new java.io.File(((pathPrefix + java.lang.Integer.toString(counter)) + .png)): null

2018-12-13 01:47:21 - [TEST_STEP][PASSED] - Statement - counter = counter + 1: null

2018-12-13 01:47:21 - [TEST_STEP][PASSED] - Statement - PreSaveFile = new java.io.File(((pathPrefix + java.lang.Integer.toString(counter)) + .png)): null

2018-12-13 01:47:21 - [TEST_STEP][PASSED] - Statement - counter = counter + 1: null

2018-12-13 01:47:21 - [TEST_STEP][PASSED] - Statement - PreSaveFile = new java.io.File(((pathPrefix + java.lang.Integer.toString(counter)) + .png)): null

2018-12-13 01:47:21 - [TEST_STEP][PASSED] - Statement - counter = counter + 1: null

2018-12-13 01:47:21 - [TEST_STEP][PASSED] - Statement - PreSaveFile = new java.io.File(((pathPrefix + java.lang.Integer.toString(counter)) + .png)): null

2018-12-13 01:47:21 - [TEST_STEP][PASSED] - Statement - counter = counter + 1: null

2018-12-13 01:47:21 - [TEST_STEP][PASSED] - Statement - PreSaveFile = new java.io.File(((pathPrefix + java.lang.Integer.toString(counter)) + .png)): null

2018-12-13 01:47:21 - [TEST_STEP][PASSED] - Statement - counter = counter + 1: null

2018-12-13 01:47:21 - [TEST_STEP][PASSED] - Statement - PreSaveFile = new java.io.File(((pathPrefix + java.lang.Integer.toString(counter)) + .png)): null

2018-12-13 01:47:21 - [TEST_STEP][PASSED] - Statement - counter = counter + 1: null

2018-12-13 01:47:21 - [TEST_STEP][PASSED] - Statement - PreSaveFile = new java.io.File(((pathPrefix + java.lang.Integer.toString(counter)) + .png)): null

2018-12-13 01:47:21 - [TEST_STEP][PASSED] - Statement - counter = counter + 1: null

2018-12-13 01:47:21 - [TEST_STEP][PASSED] - Statement - PreSaveFile = new java.io.File(((pathPrefix + java.lang.Integer.toString(counter)) + .png)): null

2018-12-13 01:47:21 - [TEST_STEP][PASSED] - Statement - counter = counter + 1: null

2018-12-13 01:47:21 - [TEST_STEP][PASSED] - Statement - PreSaveFile = new java.io.File(((pathPrefix + java.lang.Integer.toString(counter)) + .png)): null

2018-12-13 01:47:21 - [TEST_STEP][PASSED] - Statement - counter = counter + 1: null

2018-12-13 01:47:21 - [TEST_STEP][PASSED] - Statement - PreSaveFile = new java.io.File(((pathPrefix + java.lang.Integer.toString(counter)) + .png)): null

2018-12-13 01:47:21 - [TEST_STEP][PASSED] - Statement - counter = counter + 1: null

2018-12-13 01:47:21 - [TEST_STEP][PASSED] - Statement - PreSaveFile = new java.io.File(((pathPrefix + java.lang.Integer.toString(counter)) + .png)): null

2018-12-13 01:47:21 - [TEST_STEP][PASSED] - Statement - counter = counter + 1: null

2018-12-13 01:47:21 - [TEST_STEP][PASSED] - Statement - PreSaveFile = new java.io.File(((pathPrefix + java.lang.Integer.toString(counter)) + .png)): null

2018-12-13 01:47:21 - [TEST_STEP][PASSED] - Statement - counter = counter + 1: null

2018-12-13 01:47:21 - [TEST_STEP][PASSED] - Statement - PreSaveFile = new java.io.File(((pathPrefix + java.lang.Integer.toString(counter)) + .png)): null

2018-12-13 01:47:21 - [TEST_STEP][PASSED] - Statement - counter = counter + 1: null

2018-12-13 01:47:21 - [TEST_STEP][PASSED] - Statement - PreSaveFile = new java.io.File(((pathPrefix + java.lang.Integer.toString(counter)) + .png)): null

2018-12-13 01:47:21 - [TEST_STEP][PASSED] - Statement - counter = counter + 1: null

2018-12-13 01:47:21 - [TEST_STEP][PASSED] - Statement - PreSaveFile = new java.io.File(((pathPrefix + java.lang.Integer.toString(counter)) + .png)): null

2018-12-13 01:47:21 - [TEST_STEP][PASSED] - Statement - counter = counter + 1: null

2018-12-13 01:47:21 - [TEST_STEP][PASSED] - Statement - PreSaveFile = new java.io.File(((pathPrefix + java.lang.Integer.toString(counter)) + .png)): null

2018-12-13 01:47:21 - [TEST_STEP][PASSED] - Statement - counter = counter + 1: null

2018-12-13 01:47:21 - [TEST_STEP][PASSED] - Statement - PreSaveFile = new java.io.File(((pathPrefix + java.lang.Integer.toString(counter)) + .png)): null

2018-12-13 01:47:21 - [TEST_STEP][PASSED] - Statement - counter = counter + 1: null

2018-12-13 01:47:21 - [TEST_STEP][PASSED] - Statement - PreSaveFile = new java.io.File(((pathPrefix + java.lang.Integer.toString(counter)) + .png)): null

2018-12-13 01:47:21 - [TEST_STEP][PASSED] - Statement - counter = counter + 1: null

2018-12-13 01:47:21 - [TEST_STEP][PASSED] - Statement - PreSaveFile = new java.io.File(((pathPrefix + java.lang.Integer.toString(counter)) + .png)): null

2018-12-13 01:47:21 - [TEST_STEP][PASSED] - Statement - counter = counter + 1: null

2018-12-13 01:47:21 - [TEST_STEP][PASSED] - Statement - PreSaveFile = new java.io.File(((pathPrefix + java.lang.Integer.toString(counter)) + .png)): null

2018-12-13 01:47:21 - [TEST_STEP][PASSED] - Statement - counter = counter + 1: null

2018-12-13 01:47:21 - [TEST_STEP][PASSED] - Statement - PreSaveFile = new java.io.File(((pathPrefix + java.lang.Integer.toString(counter)) + .png)): null

2018-12-13 01:47:21 - [TEST_STEP][PASSED] - Statement - counter = counter + 1: null

2018-12-13 01:47:21 - [TEST_STEP][PASSED] - Statement - PreSaveFile = new java.io.File(((pathPrefix + java.lang.Integer.toString(counter)) + .png)): null

2018-12-13 01:47:21 - [TEST_STEP][PASSED] - Statement - counter = counter + 1: null

2018-12-13 01:47:21 - [TEST_STEP][PASSED] - Statement - PreSaveFile = new java.io.File(((pathPrefix + java.lang.Integer.toString(counter)) + .png)): null

2018-12-13 01:47:21 - [TEST_STEP][PASSED] - Statement - counter = counter + 1: null

2018-12-13 01:47:21 - [TEST_STEP][PASSED] - Statement - PreSaveFile = new java.io.File(((pathPrefix + java.lang.Integer.toString(counter)) + .png)): null

2018-12-13 01:47:21 - [TEST_STEP][PASSED] - Statement - counter = counter + 1: null

2018-12-13 01:47:21 - [TEST_STEP][PASSED] - Statement - PreSaveFile = new java.io.File(((pathPrefix + java.lang.Integer.toString(counter)) + .png)): null

2018-12-13 01:47:21 - [TEST_STEP][PASSED] - Statement - counter = counter + 1: null

2018-12-13 01:47:21 - [TEST_STEP][PASSED] - Statement - PreSaveFile = new java.io.File(((pathPrefix + java.lang.Integer.toString(counter)) + .png)): null

2018-12-13 01:47:21 - [TEST_STEP][PASSED] - Statement - counter = counter + 1: null

2018-12-13 01:47:21 - [TEST_STEP][PASSED] - Statement - PreSaveFile = new java.io.File(((pathPrefix + java.lang.Integer.toString(counter)) + .png)): null

2018-12-13 01:47:21 - [TEST_STEP][PASSED] - Statement - counter = counter + 1: null

2018-12-13 01:47:21 - [TEST_STEP][PASSED] - Statement - PreSaveFile = new java.io.File(((pathPrefix + java.lang.Integer.toString(counter)) + .png)): null

2018-12-13 01:47:21 - [TEST_STEP][PASSED] - Statement - counter = counter + 1: null

2018-12-13 01:47:21 - [TEST_STEP][PASSED] - Statement - PreSaveFile = new java.io.File(((pathPrefix + java.lang.Integer.toString(counter)) + .png)): null

2018-12-13 01:47:21 - [TEST_STEP][PASSED] - Statement - counter = counter + 1: null

2018-12-13 01:47:21 - [TEST_STEP][PASSED] - Statement - PreSaveFile = new java.io.File(((pathPrefix + java.lang.Integer.toString(counter)) + .png)): null

2018-12-13 01:47:21 - [TEST_STEP][PASSED] - Statement - counter = counter + 1: null

2018-12-13 01:47:21 - [TEST_STEP][PASSED] - Statement - PreSaveFile = new java.io.File(((pathPrefix + java.lang.Integer.toString(counter)) + .png)): null

2018-12-13 01:47:21 - [TEST_STEP][PASSED] - Statement - counter = counter + 1: null

2018-12-13 01:47:21 - [TEST_STEP][PASSED] - Statement - PreSaveFile = new java.io.File(((pathPrefix + java.lang.Integer.toString(counter)) + .png)): null

2018-12-13 01:47:21 - [TEST_STEP][PASSED] - Statement - counter = counter + 1: null

2018-12-13 01:47:21 - [TEST_STEP][PASSED] - Statement - PreSaveFile = new java.io.File(((pathPrefix + java.lang.Integer.toString(counter)) + .png)): null

2018-12-13 01:47:21 - [TEST_STEP][PASSED] - Statement - counter = counter + 1: null

2018-12-13 01:47:21 - [TEST_STEP][PASSED] - Statement - PreSaveFile = new java.io.File(((pathPrefix + java.lang.Integer.toString(counter)) + .png)): null

2018-12-13 01:47:21 - [TEST_STEP][PASSED] - Statement - counter = counter + 1: null

2018-12-13 01:47:21 - [TEST_STEP][PASSED] - Statement - PreSaveFile = new java.io.File(((pathPrefix + java.lang.Integer.toString(counter)) + .png)): null

2018-12-13 01:47:21 - [TEST_STEP][PASSED] - Statement - counter = counter + 1: null

2018-12-13 01:47:21 - [TEST_STEP][PASSED] - Statement - PreSaveFile = new java.io.File(((pathPrefix + java.lang.Integer.toString(counter)) + .png)): null

2018-12-13 01:47:21 - [TEST_STEP][PASSED] - Statement - counter = counter + 1: null

2018-12-13 01:47:21 - [TEST_STEP][PASSED] - Statement - PreSaveFile = new java.io.File(((pathPrefix + java.lang.Integer.toString(counter)) + .png)): null

2018-12-13 01:47:21 - [TEST_STEP][PASSED] - Statement - counter = counter + 1: null

2018-12-13 01:47:21 - [TEST_STEP][PASSED] - Statement - PreSaveFile = new java.io.File(((pathPrefix + java.lang.Integer.toString(counter)) + .png)): null

2018-12-13 01:47:21 - [TEST_STEP][PASSED] - Statement - counter = counter + 1: null

2018-12-13 01:47:21 - [TEST_STEP][PASSED] - Statement - PreSaveFile = new java.io.File(((pathPrefix + java.lang.Integer.toString(counter)) + .png)): null

2018-12-13 01:47:21 - [TEST_STEP][PASSED] - Statement - counter = counter + 1: null

2018-12-13 01:47:21 - [TEST_STEP][PASSED] - Statement - PreSaveFile = new java.io.File(((pathPrefix + java.lang.Integer.toString(counter)) + .png)): null

2018-12-13 01:47:21 - [TEST_STEP][PASSED] - Statement - counter = counter + 1: null

2018-12-13 01:47:21 - [TEST_STEP][PASSED] - Statement - PreSaveFile = new java.io.File(((pathPrefix + java.lang.Integer.toString(counter)) + .png)): null

2018-12-13 01:47:21 - [TEST_STEP][PASSED] - Statement - counter = counter + 1: null

2018-12-13 01:47:21 - [TEST_STEP][PASSED] - Statement - PreSaveFile = new java.io.File(((pathPrefix + java.lang.Integer.toString(counter)) + .png)): null

2018-12-13 01:47:21 - [TEST_STEP][PASSED] - Statement - counter = counter + 1: null

2018-12-13 01:47:21 - [TEST_STEP][PASSED] - Statement - PreSaveFile = new java.io.File(((pathPrefix + java.lang.Integer.toString(counter)) + .png)): null

2018-12-13 01:47:21 - [TEST_STEP][PASSED] - Statement - counter = counter + 1: null

2018-12-13 01:47:21 - [TEST_STEP][PASSED] - Statement - PreSaveFile = new java.io.File(((pathPrefix + java.lang.Integer.toString(counter)) + .png)): null

2018-12-13 01:47:21 - [TEST_STEP][PASSED] - Statement - counter = counter + 1: null

2018-12-13 01:47:21 - [TEST_STEP][PASSED] - Statement - PreSaveFile = new java.io.File(((pathPrefix + java.lang.Integer.toString(counter)) + .png)): null

2018-12-13 01:47:21 - [TEST_STEP][PASSED] - Statement - counter = counter + 1: null

2018-12-13 01:47:21 - [TEST_STEP][PASSED] - Statement - PreSaveFile = new java.io.File(((pathPrefix + java.lang.Integer.toString(counter)) + .png)): null

2018-12-13 01:47:21 - [TEST_STEP][PASSED] - Statement - counter = counter + 1: null

2018-12-13 01:47:21 - [TEST_STEP][PASSED] - Statement - PreSaveFile = new java.io.File(((pathPrefix + java.lang.Integer.toString(counter)) + .png)): null

2018-12-13 01:47:21 - [TEST_STEP][PASSED] - Statement - counter = counter + 1: null

2018-12-13 01:47:21 - [TEST_STEP][PASSED] - Statement - PreSaveFile = new java.io.File(((pathPrefix + java.lang.Integer.toString(counter)) + .png)): null

2018-12-13 01:47:21 - [TEST_STEP][PASSED] - Statement - counter = counter + 1: null

2018-12-13 01:47:21 - [TEST_STEP][PASSED] - Statement - PreSaveFile = new java.io.File(((pathPrefix + java.lang.Integer.toString(counter)) + .png)): null

2018-12-13 01:47:21 - [TEST_STEP][PASSED] - Statement - counter = counter + 1: null

2018-12-13 01:47:21 - [TEST_STEP][PASSED] - Statement - PreSaveFile = new java.io.File(((pathPrefix + java.lang.Integer.toString(counter)) + .png)): null

2018-12-13 01:47:21 - [TEST_STEP][PASSED] - Statement - counter = counter + 1: null

2018-12-13 01:47:21 - [TEST_STEP][PASSED] - Statement - PreSaveFile = new java.io.File(((pathPrefix + java.lang.Integer.toString(counter)) + .png)): null

2018-12-13 01:47:21 - [TEST_STEP][PASSED] - Statement - counter = counter + 1: null

2018-12-13 01:47:21 - [TEST_STEP][PASSED] - Statement - PreSaveFile = new java.io.File(((pathPrefix + java.lang.Integer.toString(counter)) + .png)): null

2018-12-13 01:47:21 - [TEST_STEP][PASSED] - Statement - counter = counter + 1: null

2018-12-13 01:47:21 - [TEST_STEP][PASSED] - Statement - PreSaveFile = new java.io.File(((pathPrefix + java.lang.Integer.toString(counter)) + .png)): null

2018-12-13 01:47:21 - [TEST_STEP][PASSED] - Statement - counter = counter + 1: null

2018-12-13 01:47:21 - [TEST_STEP][PASSED] - Statement - PreSaveFile = new java.io.File(((pathPrefix + java.lang.Integer.toString(counter)) + .png)): null

2018-12-13 01:47:21 - [TEST_STEP][PASSED] - Statement - counter = counter + 1: null

2018-12-13 01:47:21 - [TEST_STEP][PASSED] - Statement - PreSaveFile = new java.io.File(((pathPrefix + java.lang.Integer.toString(counter)) + .png)): null

2018-12-13 01:47:21 - [TEST_STEP][PASSED] - Statement - counter = counter + 1: null

2018-12-13 01:47:21 - [TEST_STEP][PASSED] - Statement - PreSaveFile = new java.io.File(((pathPrefix + java.lang.Integer.toString(counter)) + .png)): null

2018-12-13 01:47:21 - [TEST_STEP][PASSED] - Statement - counter = counter + 1: null

2018-12-13 01:47:21 - [TEST_STEP][PASSED] - Statement - PreSaveFile = new java.io.File(((pathPrefix + java.lang.Integer.toString(counter)) + .png)): null

2018-12-13 01:47:21 - [TEST_STEP][PASSED] - Statement - counter = counter + 1: null

2018-12-13 01:47:21 - [TEST_STEP][PASSED] - Statement - PreSaveFile = new java.io.File(((pathPrefix + java.lang.Integer.toString(counter)) + .png)): null

2018-12-13 01:47:21 - [TEST_STEP][PASSED] - Statement - counter = counter + 1: null

2018-12-13 01:47:21 - [TEST_STEP][PASSED] - Statement - PreSaveFile = new java.io.File(((pathPrefix + java.lang.Integer.toString(counter)) + .png)): null

2018-12-13 01:47:21 - [TEST_STEP][PASSED] - Statement - counter = counter + 1: null

2018-12-13 01:47:21 - [TEST_STEP][PASSED] - Statement - PreSaveFile = new java.io.File(((pathPrefix + java.lang.Integer.toString(counter)) + .png)): null

2018-12-13 01:47:21 - [TEST_STEP][PASSED] - Statement - counter = counter + 1: null

2018-12-13 01:47:21 - [TEST_STEP][PASSED] - Statement - PreSaveFile = new java.io.File(((pathPrefix + java.lang.Integer.toString(counter)) + .png)): null

2018-12-13 01:47:21 - [TEST_STEP][PASSED] - Statement - counter = counter + 1: null

2018-12-13 01:47:21 - [TEST_STEP][PASSED] - Statement - PreSaveFile = new java.io.File(((pathPrefix + java.lang.Integer.toString(counter)) + .png)): null

2018-12-13 01:47:21 - [TEST_STEP][PASSED] - Statement - counter = counter + 1: null

2018-12-13 01:47:21 - [TEST_STEP][PASSED] - Statement - PreSaveFile = new java.io.File(((pathPrefix + java.lang.Integer.toString(counter)) + .png)): null

2018-12-13 01:47:21 - [TEST_STEP][PASSED] - Statement - counter = counter + 1: null

2018-12-13 01:47:21 - [TEST_STEP][PASSED] - Statement - PreSaveFile = new java.io.File(((pathPrefix + java.lang.Integer.toString(counter)) + .png)): null

2018-12-13 01:47:21 - [TEST_STEP][PASSED] - Statement - counter = counter + 1: null

2018-12-13 01:47:21 - [TEST_STEP][PASSED] - Statement - PreSaveFile = new java.io.File(((pathPrefix + java.lang.Integer.toString(counter)) + .png)): null

2018-12-13 01:47:21 - [TEST_STEP][PASSED] - Statement - counter = counter + 1: null

2018-12-13 01:47:21 - [TEST_STEP][PASSED] - Statement - PreSaveFile = new java.io.File(((pathPrefix + java.lang.Integer.toString(counter)) + .png)): null

2018-12-13 01:47:21 - [TEST_STEP][PASSED] - Statement - counter = counter + 1: null

2018-12-13 01:47:21 - [TEST_STEP][PASSED] - Statement - PreSaveFile = new java.io.File(((pathPrefix + java.lang.Integer.toString(counter)) + .png)): null

2018-12-13 01:47:21 - [TEST_STEP][PASSED] - Statement - counter = counter + 1: null

2018-12-13 01:47:21 - [TEST_STEP][PASSED] - Statement - PreSaveFile = new java.io.File(((pathPrefix + java.lang.Integer.toString(counter)) + .png)): null

2018-12-13 01:47:21 - [TEST_STEP][PASSED] - Statement - counter = counter + 1: null

2018-12-13 01:47:21 - [TEST_STEP][PASSED] - Statement - PreSaveFile = new java.io.File(((pathPrefix + java.lang.Integer.toString(counter)) + .png)): null

2018-12-13 01:47:21 - [TEST_STEP][PASSED] - Statement - counter = counter + 1: null

2018-12-13 01:47:21 - [TEST_STEP][PASSED] - Statement - PreSaveFile = new java.io.File(((pathPrefix + java.lang.Integer.toString(counter)) + .png)): null

2018-12-13 01:47:21 - [TEST_STEP][PASSED] - Statement - counter = counter + 1: null

2018-12-13 01:47:21 - [TEST_STEP][PASSED] - Statement - PreSaveFile = new java.io.File(((pathPrefix + java.lang.Integer.toString(counter)) + .png)): null

2018-12-13 01:47:21 - [TEST_STEP][PASSED] - Statement - counter = counter + 1: null

2018-12-13 01:47:21 - [TEST_STEP][PASSED] - Statement - PreSaveFile = new java.io.File(((pathPrefix + java.lang.Integer.toString(counter)) + .png)): null

2018-12-13 01:47:21 - [TEST_STEP][PASSED] - Statement - counter = counter + 1: null

2018-12-13 01:47:21 - [TEST_STEP][PASSED] - Statement - PreSaveFile = new java.io.File(((pathPrefix + java.lang.Integer.toString(counter)) + .png)): null

2018-12-13 01:47:21 - [TEST_STEP][PASSED] - Statement - counter = counter + 1: null

2018-12-13 01:47:21 - [TEST_STEP][PASSED] - Statement - PreSaveFile = new java.io.File(((pathPrefix + java.lang.Integer.toString(counter)) + .png)): null

2018-12-13 01:47:21 - [TEST_STEP][PASSED] - Statement - counter = counter + 1: null

2018-12-13 01:47:21 - [TEST_STEP][PASSED] - Statement - PreSaveFile = new java.io.File(((pathPrefix + java.lang.Integer.toString(counter)) + .png)): null

2018-12-13 01:47:21 - [TEST_STEP][PASSED] - Statement - counter = counter + 1: null

2018-12-13 01:47:21 - [TEST_STEP][PASSED] - Statement - PreSaveFile = new java.io.File(((pathPrefix + java.lang.Integer.toString(counter)) + .png)): null

2018-12-13 01:47:21 - [TEST_STEP][PASSED] - Statement - counter = counter + 1: null

2018-12-13 01:47:21 - [TEST_STEP][PASSED] - Statement - PreSaveFile = new java.io.File(((pathPrefix + java.lang.Integer.toString(counter)) + .png)): null

2018-12-13 01:47:21 - [TEST_STEP][PASSED] - Statement - counter = counter + 1: null

2018-12-13 01:47:21 - [TEST_STEP][PASSED] - Statement - PreSaveFile = new java.io.File(((pathPrefix + java.lang.Integer.toString(counter)) + .png)): null

2018-12-13 01:47:21 - [TEST_STEP][PASSED] - Statement - counter = counter + 1: null

2018-12-13 01:47:21 - [TEST_STEP][PASSED] - Statement - PreSaveFile = new java.io.File(((pathPrefix + java.lang.Integer.toString(counter)) + .png)): null

2018-12-13 01:47:21 - [TEST_STEP][PASSED] - Statement - counter = counter + 1: null

2018-12-13 01:47:21 - [TEST_STEP][PASSED] - Statement - PreSaveFile = new java.io.File(((pathPrefix + java.lang.Integer.toString(counter)) + .png)): null

2018-12-13 01:47:21 - [TEST_STEP][PASSED] - Statement - counter = counter + 1: null

2018-12-13 01:47:21 - [TEST_STEP][PASSED] - Statement - PreSaveFile = new java.io.File(((pathPrefix + java.lang.Integer.toString(counter)) + .png)): null

2018-12-13 01:47:21 - [TEST_STEP][PASSED] - Statement - counter = counter + 1: null

2018-12-13 01:47:21 - [TEST_STEP][PASSED] - Statement - PreSaveFile = new java.io.File(((pathPrefix + java.lang.Integer.toString(counter)) + .png)): null

2018-12-13 01:47:21 - [TEST_STEP][PASSED] - Statement - finalPath = pathPrefix + java.lang.Integer.toString(counter) + ".png": null

2018-12-13 01:47:21 - [TEST_STEP][PASSED] - Statement - SaveFile = new java.io.File(finalPath): null

2018-12-13 01:47:21 - [TEST_STEP][PASSED] - Statement - Try: null

2018-12-13 01:47:21 - [TEST_STEP][PASSED] - Statement - org.apache.commons.io.FileUtils.copyFile(scrFile, SaveFile): null

2018-12-13 01:47:21 - [TEST_STEP][PASSED] - Statement - out.println("file kept"): null

2018-12-13 01:47:21 - [TEST_STEP][PASSED] - delay: Delayed 10 second(s)

2018-12-13 01:47:31 - [MESSAGE][PASSED] - Delayed 10 second(s)

2018-12-13 01:47:31 - [MESSAGE][FAILED] - Unable to call Test Case with id 'Test Cases/Final Aug 2018 - PKS Automation/Registration Module/New Registration/Submit and Screenshot/Submit Registration and Screenshot' (Root cause: Call Test Case 'Test Cases/Final Aug 2018 - PKS Automation/Registration Module/New Registration/Submit and Screenshot/Submit Registration and Screenshot' failed)]]></system-out>
         <system-err><![CDATA[2018-12-13 01:29:19 - [TEST_CASE][FAILED] - Test Cases/Final Aug 2018 - PKS Automation/Registration Module/Workflow/New Registration/OTC - PKR BO - RO Query (Routed 2 Time): Test Cases/Final Aug 2018 - PKS Automation/Registration Module/Workflow/New Registration/OTC - PKR BO - RO Query (Routed 2 Time) FAILED because (of) (Stack trace: com.kms.katalon.core.exception.StepFailedException: Unable to click on object 'Object Repository/Final Object Repo/New Registration - Registration Module Pages/New Reg - OTC to RO/Special Case - All Related Objects/Confirm to Query' (Root cause: org.openqa.selenium.ElementNotVisibleException: element not interactable
  (Session info: chrome=70.0.3538.110)
  (Driver info: chromedriver=2.43.600210 (68dcf5eebde37173d4027fa8635e332711d2874a),platform=Windows NT 6.1.7601 SP1 x86_64) (WARNING: The server did not provide any stacktrace information)
Command duration or timeout: 0 milliseconds
Build info: version: '3.7.1', revision: '8a0099a', time: '2017-11-06T21:07:36.161Z'
System info: host: 'WIN7TEST02', ip: '10.20.3.72', os.name: 'Windows 7', os.arch: 'amd64', os.version: '6.1', java.version: '1.8.0_181'
Driver info: com.kms.katalon.selenium.driver.CChromeDriver
Capabilities {acceptInsecureCerts: false, acceptSslCerts: false, applicationCacheEnabled: false, browserConnectionEnabled: false, browserName: chrome, chrome: {chromedriverVersion: 2.43.600210 (68dcf5eebde371..., userDataDir: C:\Users\Admin\AppData\Loca...}, cssSelectorsEnabled: true, databaseEnabled: false, goog:chromeOptions: {debuggerAddress: localhost:60566}, handlesAlerts: true, hasTouchScreen: false, javascriptEnabled: true, locationContextEnabled: true, mobileEmulationEnabled: false, nativeEvents: true, networkConnectionEnabled: false, pageLoadStrategy: normal, platform: XP, platformName: XP, rotatable: false, setWindowRect: true, takesHeapSnapshot: true, takesScreenshot: true, unexpectedAlertBehaviour: , unhandledPromptBehavior: , version: 70.0.3538.110, webStorageEnabled: true}
Session ID: 6dd2a68ea4a2a325275ccdde0f972c62)
	at com.kms.katalon.core.keyword.internal.KeywordMain.stepFailed(KeywordMain.groovy:32)
	at com.kms.katalon.core.webui.keyword.internal.WebUIKeywordMain.stepFailed(WebUIKeywordMain.groovy:65)
	at com.kms.katalon.core.webui.keyword.internal.WebUIKeywordMain.runKeyword(WebUIKeywordMain.groovy:27)
	at com.kms.katalon.core.webui.keyword.builtin.ClickKeyword.click(ClickKeyword.groovy:86)
	at com.kms.katalon.core.webui.keyword.builtin.ClickKeyword.execute(ClickKeyword.groovy:67)
	at com.kms.katalon.core.keyword.internal.KeywordExecutor.executeKeywordForPlatform(KeywordExecutor.groovy:53)
	at com.kms.katalon.core.webui.keyword.WebUiBuiltInKeywords.click(WebUiBuiltInKeywords.groovy:616)
	at com.kms.katalon.core.webui.keyword.WebUiBuiltInKeywords$click$2.call(Unknown Source)
	at org.codehaus.groovy.runtime.callsite.CallSiteArray.defaultCall(CallSiteArray.java:48)
	at org.codehaus.groovy.runtime.callsite.AbstractCallSite.call(AbstractCallSite.java:113)
	at org.codehaus.groovy.runtime.callsite.AbstractCallSite.call(AbstractCallSite.java:125)
	at Script1535599531593.run(Script1535599531593.groovy:194)
	at com.kms.katalon.core.main.ScriptEngine.run(ScriptEngine.java:183)
	at com.kms.katalon.core.main.ScriptEngine.runScriptAsRawText(ScriptEngine.java:108)
	at com.kms.katalon.core.main.TestCaseExecutor.runScript(TestCaseExecutor.java:294)
	at com.kms.katalon.core.main.TestCaseExecutor.doExecute(TestCaseExecutor.java:285)
	at com.kms.katalon.core.main.TestCaseExecutor.processExecutionPhase(TestCaseExecutor.java:264)
	at com.kms.katalon.core.main.TestCaseExecutor.accessMainPhase(TestCaseExecutor.java:256)
	at com.kms.katalon.core.main.TestCaseExecutor.execute(TestCaseExecutor.java:200)
	at com.kms.katalon.core.main.TestSuiteExecutor.accessTestCaseMainPhase(TestSuiteExecutor.java:129)
	at com.kms.katalon.core.main.TestSuiteExecutor.accessTestSuiteMainPhase(TestSuiteExecutor.java:112)
	at com.kms.katalon.core.main.TestSuiteExecutor.execute(TestSuiteExecutor.java:81)
	at com.kms.katalon.core.main.TestCaseMain.startTestSuite(TestCaseMain.java:142)
	at com.kms.katalon.core.main.TestCaseMain$startTestSuite$0.call(Unknown Source)
	at org.codehaus.groovy.runtime.callsite.CallSiteArray.defaultCall(CallSiteArray.java:48)
	at org.codehaus.groovy.runtime.callsite.AbstractCallSite.call(AbstractCallSite.java:113)
	at org.codehaus.groovy.runtime.callsite.AbstractCallSite.call(AbstractCallSite.java:141)
	at TempTestSuite1544618906888.run(TempTestSuite1544618906888.groovy:36)
	at groovy.lang.GroovyShell.runScriptOrMainOrTestOrRunnable(GroovyShell.java:263)
	at groovy.lang.GroovyShell.run(GroovyShell.java:518)
	at groovy.lang.GroovyShell.run(GroovyShell.java:507)
	at groovy.ui.GroovyMain.processOnce(GroovyMain.java:653)
	at groovy.ui.GroovyMain.run(GroovyMain.java:384)
	at groovy.ui.GroovyMain.process(GroovyMain.java:370)
	at groovy.ui.GroovyMain.processArgs(GroovyMain.java:129)
	at groovy.ui.GroovyMain.main(GroovyMain.java:109)
	at sun.reflect.NativeMethodAccessorImpl.invoke0(Native Method)
	at sun.reflect.NativeMethodAccessorImpl.invoke(NativeMethodAccessorImpl.java:62)
	at sun.reflect.DelegatingMethodAccessorImpl.invoke(DelegatingMethodAccessorImpl.java:43)
	at java.lang.reflect.Method.invoke(Method.java:498)
	at org.codehaus.groovy.tools.GroovyStarter.rootLoader(GroovyStarter.java:109)
	at org.codehaus.groovy.tools.GroovyStarter.main(GroovyStarter.java:131)
)]]></system-err>
      </testcase>
      <system-out><![CDATA[2018-12-13 00:04:26 - [TEST_SUITE][FAILED] - New Registration: Test Cases/Final Aug 2018 - PKS Automation/Registration Module/Workflow/New Registration/Case OTC to RO - Query - Submit FAILED because (of) (Stack trace: com.kms.katalon.core.exception.StepFailedException: Unable to set text 'CRN12201800123251' of object 'Object Repository/Final Object Repo/New Registration - Registration Module Pages/New Reg - OTC to RO/Special Case - All Related Objects/TextBox RefNo in Workbasket' (Root cause: org.openqa.selenium.ElementNotVisibleException: element not interactable
  (Session info: chrome=70.0.3538.110)
  (Driver info: chromedriver=2.43.600210 (68dcf5eebde37173d4027fa8635e332711d2874a),platform=Windows NT 6.1.7601 SP1 x86_64) (WARNING: The server did not provide any stacktrace information)
Command duration or timeout: 0 milliseconds
Build info: version: '3.7.1', revision: '8a0099a', time: '2017-11-06T21:07:36.161Z'
System info: host: 'WIN7TEST02', ip: '10.20.3.72', os.name: 'Windows 7', os.arch: 'amd64', os.version: '6.1', java.version: '1.8.0_181'
Driver info: com.kms.katalon.selenium.driver.CChromeDriver
Capabilities {acceptInsecureCerts: false, acceptSslCerts: false, applicationCacheEnabled: false, browserConnectionEnabled: false, browserName: chrome, chrome: {chromedriverVersion: 2.43.600210 (68dcf5eebde371..., userDataDir: C:\Users\Admin\AppData\Loca...}, cssSelectorsEnabled: true, databaseEnabled: false, goog:chromeOptions: {debuggerAddress: localhost:59373}, handlesAlerts: true, hasTouchScreen: false, javascriptEnabled: true, locationContextEnabled: true, mobileEmulationEnabled: false, nativeEvents: true, networkConnectionEnabled: false, pageLoadStrategy: normal, platform: XP, platformName: XP, rotatable: false, setWindowRect: true, takesHeapSnapshot: true, takesScreenshot: true, unexpectedAlertBehaviour: , unhandledPromptBehavior: , version: 70.0.3538.110, webStorageEnabled: true}
Session ID: d532156bde692105c8366a41ef384fb4)
	at com.kms.katalon.core.keyword.internal.KeywordMain.stepFailed(KeywordMain.groovy:32)
	at com.kms.katalon.core.webui.keyword.internal.WebUIKeywordMain.stepFailed(WebUIKeywordMain.groovy:65)
	at com.kms.katalon.core.webui.keyword.internal.WebUIKeywordMain.runKeyword(WebUIKeywordMain.groovy:27)
	at com.kms.katalon.core.webui.keyword.builtin.SetTextKeyword.setText(SetTextKeyword.groovy:65)
	at com.kms.katalon.core.webui.keyword.builtin.SetTextKeyword.execute(SetTextKeyword.groovy:37)
	at com.kms.katalon.core.keyword.internal.KeywordExecutor.executeKeywordForPlatform(KeywordExecutor.groovy:53)
	at com.kms.katalon.core.webui.keyword.WebUiBuiltInKeywords.setText(WebUiBuiltInKeywords.groovy:950)
	at com.kms.katalon.core.webui.keyword.WebUiBuiltInKeywords$setText$1.call(Unknown Source)
	at org.codehaus.groovy.runtime.callsite.CallSiteArray.defaultCall(CallSiteArray.java:48)
	at org.codehaus.groovy.runtime.callsite.AbstractCallSite.call(AbstractCallSite.java:113)
	at org.codehaus.groovy.runtime.callsite.AbstractCallSite.call(AbstractCallSite.java:133)
	at Script1535599386194.run(Script1535599386194.groovy:73)
	at com.kms.katalon.core.main.ScriptEngine.run(ScriptEngine.java:183)
	at com.kms.katalon.core.main.ScriptEngine.runScriptAsRawText(ScriptEngine.java:108)
	at com.kms.katalon.core.main.TestCaseExecutor.runScript(TestCaseExecutor.java:294)
	at com.kms.katalon.core.main.TestCaseExecutor.doExecute(TestCaseExecutor.java:285)
	at com.kms.katalon.core.main.TestCaseExecutor.processExecutionPhase(TestCaseExecutor.java:264)
	at com.kms.katalon.core.main.TestCaseExecutor.accessMainPhase(TestCaseExecutor.java:256)
	at com.kms.katalon.core.main.TestCaseExecutor.execute(TestCaseExecutor.java:200)
	at com.kms.katalon.core.main.TestSuiteExecutor.accessTestCaseMainPhase(TestSuiteExecutor.java:129)
	at com.kms.katalon.core.main.TestSuiteExecutor.accessTestSuiteMainPhase(TestSuiteExecutor.java:112)
	at com.kms.katalon.core.main.TestSuiteExecutor.execute(TestSuiteExecutor.java:81)
	at com.kms.katalon.core.main.TestCaseMain.startTestSuite(TestCaseMain.java:142)
	at com.kms.katalon.core.main.TestCaseMain$startTestSuite$0.call(Unknown Source)
	at org.codehaus.groovy.runtime.callsite.CallSiteArray.defaultCall(CallSiteArray.java:48)
	at org.codehaus.groovy.runtime.callsite.AbstractCallSite.call(AbstractCallSite.java:113)
	at org.codehaus.groovy.runtime.callsite.AbstractCallSite.call(AbstractCallSite.java:141)
	at TempTestSuite1544618906888.run(TempTestSuite1544618906888.groovy:36)
	at groovy.lang.GroovyShell.runScriptOrMainOrTestOrRunnable(GroovyShell.java:263)
	at groovy.lang.GroovyShell.run(GroovyShell.java:518)
	at groovy.lang.GroovyShell.run(GroovyShell.java:507)
	at groovy.ui.GroovyMain.processOnce(GroovyMain.java:653)
	at groovy.ui.GroovyMain.run(GroovyMain.java:384)
	at groovy.ui.GroovyMain.process(GroovyMain.java:370)
	at groovy.ui.GroovyMain.processArgs(GroovyMain.java:129)
	at groovy.ui.GroovyMain.main(GroovyMain.java:109)
	at sun.reflect.NativeMethodAccessorImpl.invoke0(Native Method)
	at sun.reflect.NativeMethodAccessorImpl.invoke(NativeMethodAccessorImpl.java:62)
	at sun.reflect.DelegatingMethodAccessorImpl.invoke(DelegatingMethodAccessorImpl.java:43)
	at java.lang.reflect.Method.invoke(Method.java:498)
	at org.codehaus.groovy.tools.GroovyStarter.rootLoader(GroovyStarter.java:109)
	at org.codehaus.groovy.tools.GroovyStarter.main(GroovyStarter.java:131)
)]]></system-out>
      <system-err><![CDATA[2018-12-13 00:04:26 - [TEST_SUITE][FAILED] - New Registration: Test Cases/Final Aug 2018 - PKS Automation/Registration Module/Workflow/New Registration/Case OTC to RO - Query - Submit FAILED because (of) (Stack trace: com.kms.katalon.core.exception.StepFailedException: Unable to set text 'CRN12201800123251' of object 'Object Repository/Final Object Repo/New Registration - Registration Module Pages/New Reg - OTC to RO/Special Case - All Related Objects/TextBox RefNo in Workbasket' (Root cause: org.openqa.selenium.ElementNotVisibleException: element not interactable
  (Session info: chrome=70.0.3538.110)
  (Driver info: chromedriver=2.43.600210 (68dcf5eebde37173d4027fa8635e332711d2874a),platform=Windows NT 6.1.7601 SP1 x86_64) (WARNING: The server did not provide any stacktrace information)
Command duration or timeout: 0 milliseconds
Build info: version: '3.7.1', revision: '8a0099a', time: '2017-11-06T21:07:36.161Z'
System info: host: 'WIN7TEST02', ip: '10.20.3.72', os.name: 'Windows 7', os.arch: 'amd64', os.version: '6.1', java.version: '1.8.0_181'
Driver info: com.kms.katalon.selenium.driver.CChromeDriver
Capabilities {acceptInsecureCerts: false, acceptSslCerts: false, applicationCacheEnabled: false, browserConnectionEnabled: false, browserName: chrome, chrome: {chromedriverVersion: 2.43.600210 (68dcf5eebde371..., userDataDir: C:\Users\Admin\AppData\Loca...}, cssSelectorsEnabled: true, databaseEnabled: false, goog:chromeOptions: {debuggerAddress: localhost:59373}, handlesAlerts: true, hasTouchScreen: false, javascriptEnabled: true, locationContextEnabled: true, mobileEmulationEnabled: false, nativeEvents: true, networkConnectionEnabled: false, pageLoadStrategy: normal, platform: XP, platformName: XP, rotatable: false, setWindowRect: true, takesHeapSnapshot: true, takesScreenshot: true, unexpectedAlertBehaviour: , unhandledPromptBehavior: , version: 70.0.3538.110, webStorageEnabled: true}
Session ID: d532156bde692105c8366a41ef384fb4)
	at com.kms.katalon.core.keyword.internal.KeywordMain.stepFailed(KeywordMain.groovy:32)
	at com.kms.katalon.core.webui.keyword.internal.WebUIKeywordMain.stepFailed(WebUIKeywordMain.groovy:65)
	at com.kms.katalon.core.webui.keyword.internal.WebUIKeywordMain.runKeyword(WebUIKeywordMain.groovy:27)
	at com.kms.katalon.core.webui.keyword.builtin.SetTextKeyword.setText(SetTextKeyword.groovy:65)
	at com.kms.katalon.core.webui.keyword.builtin.SetTextKeyword.execute(SetTextKeyword.groovy:37)
	at com.kms.katalon.core.keyword.internal.KeywordExecutor.executeKeywordForPlatform(KeywordExecutor.groovy:53)
	at com.kms.katalon.core.webui.keyword.WebUiBuiltInKeywords.setText(WebUiBuiltInKeywords.groovy:950)
	at com.kms.katalon.core.webui.keyword.WebUiBuiltInKeywords$setText$1.call(Unknown Source)
	at org.codehaus.groovy.runtime.callsite.CallSiteArray.defaultCall(CallSiteArray.java:48)
	at org.codehaus.groovy.runtime.callsite.AbstractCallSite.call(AbstractCallSite.java:113)
	at org.codehaus.groovy.runtime.callsite.AbstractCallSite.call(AbstractCallSite.java:133)
	at Script1535599386194.run(Script1535599386194.groovy:73)
	at com.kms.katalon.core.main.ScriptEngine.run(ScriptEngine.java:183)
	at com.kms.katalon.core.main.ScriptEngine.runScriptAsRawText(ScriptEngine.java:108)
	at com.kms.katalon.core.main.TestCaseExecutor.runScript(TestCaseExecutor.java:294)
	at com.kms.katalon.core.main.TestCaseExecutor.doExecute(TestCaseExecutor.java:285)
	at com.kms.katalon.core.main.TestCaseExecutor.processExecutionPhase(TestCaseExecutor.java:264)
	at com.kms.katalon.core.main.TestCaseExecutor.accessMainPhase(TestCaseExecutor.java:256)
	at com.kms.katalon.core.main.TestCaseExecutor.execute(TestCaseExecutor.java:200)
	at com.kms.katalon.core.main.TestSuiteExecutor.accessTestCaseMainPhase(TestSuiteExecutor.java:129)
	at com.kms.katalon.core.main.TestSuiteExecutor.accessTestSuiteMainPhase(TestSuiteExecutor.java:112)
	at com.kms.katalon.core.main.TestSuiteExecutor.execute(TestSuiteExecutor.java:81)
	at com.kms.katalon.core.main.TestCaseMain.startTestSuite(TestCaseMain.java:142)
	at com.kms.katalon.core.main.TestCaseMain$startTestSuite$0.call(Unknown Source)
	at org.codehaus.groovy.runtime.callsite.CallSiteArray.defaultCall(CallSiteArray.java:48)
	at org.codehaus.groovy.runtime.callsite.AbstractCallSite.call(AbstractCallSite.java:113)
	at org.codehaus.groovy.runtime.callsite.AbstractCallSite.call(AbstractCallSite.java:141)
	at TempTestSuite1544618906888.run(TempTestSuite1544618906888.groovy:36)
	at groovy.lang.GroovyShell.runScriptOrMainOrTestOrRunnable(GroovyShell.java:263)
	at groovy.lang.GroovyShell.run(GroovyShell.java:518)
	at groovy.lang.GroovyShell.run(GroovyShell.java:507)
	at groovy.ui.GroovyMain.processOnce(GroovyMain.java:653)
	at groovy.ui.GroovyMain.run(GroovyMain.java:384)
	at groovy.ui.GroovyMain.process(GroovyMain.java:370)
	at groovy.ui.GroovyMain.processArgs(GroovyMain.java:129)
	at groovy.ui.GroovyMain.main(GroovyMain.java:109)
	at sun.reflect.NativeMethodAccessorImpl.invoke0(Native Method)
	at sun.reflect.NativeMethodAccessorImpl.invoke(NativeMethodAccessorImpl.java:62)
	at sun.reflect.DelegatingMethodAccessorImpl.invoke(DelegatingMethodAccessorImpl.java:43)
	at java.lang.reflect.Method.invoke(Method.java:498)
	at org.codehaus.groovy.tools.GroovyStarter.rootLoader(GroovyStarter.java:109)
	at org.codehaus.groovy.tools.GroovyStarter.main(GroovyStarter.java:131)
)]]></system-err>
   </testsuite>
</testsuites>
