<?xml version="1.0" encoding="UTF-8"?>
<testsuites name="Form 3 EIS - Cessation as Employer" time="3846" tests="11" failures="1" errors="0">
   <testsuite name="Form 3 EIS - Cessation as Employer" tests="11" failures="1" errors="0" time="3846" timestamp="2018-11-29 12:05:19" hostname="Admin - Win7Test02" id="Test Suites/Workflow/Form 3 EIS - Cessation as Employer">
      <properties>
         <property name="deviceName" value=""/>
         <property name="devicePlatform" value=""/>
         <property name="logFolder" value="C:\\Users\\Admin\\Desktop\\PKS\\Perkeso Phase A\\Reports\\Workflow\\Form 3 EIS - Cessation as Employer\\20181129_120516"/>
         <property name="logFiles" value="C:\\Users\\Admin\\Desktop\\PKS\\Perkeso Phase A\\Reports\\Workflow\\Form 3 EIS - Cessation as Employer\\20181129_120516\\execution0.log"/>
         <property name="attachments" value="C:\\Users\\Admin\\Desktop\\PKS\\Perkeso Phase A\\Reports\\Workflow\\Form 3 EIS - Cessation as Employer\\20181129_120516\\1543467524750.png, C:\\Users\\Admin\\Desktop\\PKS\\Perkeso Phase A\\Reports\\Workflow\\Form 3 EIS - Cessation as Employer\\20181129_120516\\1543467559466.png, C:\\Users\\Admin\\Desktop\\PKS\\Perkeso Phase A\\Reports\\Workflow\\Form 3 EIS - Cessation as Employer\\20181129_120516\\1543467595121.png, C:\\Users\\Admin\\Desktop\\PKS\\Perkeso Phase A\\Reports\\Workflow\\Form 3 EIS - Cessation as Employer\\20181129_120516\\1543467634016.png, C:\\Users\\Admin\\Desktop\\PKS\\Perkeso Phase A\\Reports\\Workflow\\Form 3 EIS - Cessation as Employer\\20181129_120516\\1543467667874.png, C:\\Users\\Admin\\Desktop\\PKS\\Perkeso Phase A\\Reports\\Workflow\\Form 3 EIS - Cessation as Employer\\20181129_120516\\1543467702900.png, C:\\Users\\Admin\\Desktop\\PKS\\Perkeso Phase A\\Reports\\Workflow\\Form 3 EIS - Cessation as Employer\\20181129_120516\\1543467738951.png, C:\\Users\\Admin\\Desktop\\PKS\\Perkeso Phase A\\Reports\\Workflow\\Form 3 EIS - Cessation as Employer\\20181129_120516\\1543467773682.png"/>
         <property name="hostName" value="Admin - Win7Test02"/>
         <property name="os" value="Windows 7 64bit"/>
         <property name="katalonVersion" value="5.8.6.1"/>
         <property name="browser" value="Chrome 70.0.3538.110"/>
         <property name="hostAddress" value="10.20.3.72"/>
         <property name="sessionId" value="63f2fb01e2945343efe6e0075536e351"/>
         <property name="seleniumVersion" value="3.7.1"/>
         <property name="proxyInformation" value="ProxyInformation{proxyOption=NO_PROXY, proxyServerType=HTTP, password=, proxyServerAddress=, proxyServerPort=0}"/>
         <property name="platform" value="Windows 7"/>
      </properties>
      <testcase name="Test Cases/Final Aug 2018 - PKS Automation/Registration Module/Workflow/Form 3 EIS - Cessation As Employer/Employer to UO (Approve)" classname="Test Cases/Final Aug 2018 - PKS Automation/Registration Module/Workflow/Form 3 EIS - Cessation As Employer/Employer to UO (Approve)" status="PASSED">
         <system-out><![CDATA[2018-11-29 12:05:20 - [TEST_CASE][PASSED] - Test Cases/Final Aug 2018 - PKS Automation/Registration Module/Workflow/Form 3 EIS - Cessation As Employer/Employer to UO (Approve): Test Cases/Final Aug 2018 - PKS Automation/Registration Module/Workflow/Form 3 EIS - Cessation As Employer/Employer to UO (Approve)

2018-11-29 12:05:20 - [TEST_STEP][PASSED] - callTestCase: Call Test Case 'Test Cases/Final Aug 2018 - PKS Automation/Registration Module/Workflow/Form 3 EIS - Cessation As Employer/Template/Form 3 A - Cessation As Employer (Employer)' successfully

2018-11-29 12:05:20 - [TEST_CASE][PASSED] - Test Cases/Final Aug 2018 - PKS Automation/Registration Module/Workflow/Form 3 EIS - Cessation As Employer/Template/Form 3 A - Cessation As Employer (Employer): Test Cases/Final Aug 2018 - PKS Automation/Registration Module/Workflow/Form 3 EIS - Cessation As Employer/Template/Form 3 A - Cessation As Employer (Employer)

2018-11-29 12:05:21 - [TEST_STEP][PASSED] - callTestCase: Call Test Case 'Test Cases/Final Aug 2018 - PKS Automation/Registration Module/Workflow/Update Add New Employee/Template/New Company for Update Add New - Employer' successfully

2018-11-29 12:05:21 - [TEST_CASE][PASSED] - Test Cases/Final Aug 2018 - PKS Automation/Registration Module/Workflow/Update Add New Employee/Template/New Company for Update Add New - Employer: Test Cases/Final Aug 2018 - PKS Automation/Registration Module/Workflow/Update Add New Employee/Template/New Company for Update Add New - Employer

2018-11-29 12:05:21 - [TEST_STEP][PASSED] - callTestCase: Call Test Case 'Test Cases/Final Aug 2018 - PKS Automation/Create Employer Acc/Create Employer Account' successfully

2018-11-29 12:05:21 - [TEST_CASE][PASSED] - Test Cases/Final Aug 2018 - PKS Automation/Create Employer Acc/Create Employer Account: Test Cases/Final Aug 2018 - PKS Automation/Create Employer Acc/Create Employer Account

2018-11-29 12:05:22 - [TEST_STEP][PASSED] - callTestCase: Call Test Case 'Test Cases/Final Aug 2018 - PKS Automation/Create Employer Acc/Template/Register Employer' successfully

2018-11-29 12:05:22 - [TEST_CASE][PASSED] - Test Cases/Final Aug 2018 - PKS Automation/Create Employer Acc/Template/Register Employer: Test Cases/Final Aug 2018 - PKS Automation/Create Employer Acc/Template/Register Employer

2018-11-29 12:05:22 - [TEST_STEP][PASSED] - openBrowser: Browser is opened with url: ''

2018-11-29 12:05:26 - [MESSAGE][PASSED] - Browser is opened with url: ''

2018-11-29 12:05:26 - [TEST_STEP][PASSED] - navigateToUrl: Navigate to 'https://assist2-uat.perkeso.gov.my/login' successfully

2018-11-29 12:05:28 - [MESSAGE][PASSED] - Navigate to 'https://assist2-uat.perkeso.gov.my/login' successfully

2018-11-29 12:05:28 - [TEST_STEP][PASSED] - setText: Text 'johorotc1@gmail.com' is set on object 'Object Repository/Final Object Repo/Login Page/Internal User/Email Address'

2018-11-29 12:05:28 - [MESSAGE][PASSED] - Text 'johorotc1@gmail.com' is set on object 'Object Repository/Final Object Repo/Login Page/Internal User/Email Address'

2018-11-29 12:05:28 - [TEST_STEP][PASSED] - click: Object: 'Object Repository/Final Object Repo/Login Page/Internal User/Next Button' is clicked on

2018-11-29 12:05:28 - [MESSAGE][PASSED] - Object: 'Object Repository/Final Object Repo/Login Page/Internal User/Next Button' is clicked on

2018-11-29 12:05:28 - [TEST_STEP][PASSED] - delay: Delayed 1 second(s)

2018-11-29 12:05:29 - [MESSAGE][PASSED] - Delayed 1 second(s)

2018-11-29 12:05:29 - [TEST_STEP][PASSED] - setEncryptedText: Text ****** has been set on object 'Object Repository/Final Object Repo/Login Page/Internal User/Password'

2018-11-29 12:05:30 - [MESSAGE][PASSED] - Text ****** has been set on object 'Object Repository/Final Object Repo/Login Page/Internal User/Password'

2018-11-29 12:05:30 - [TEST_STEP][PASSED] - click: Object: 'Object Repository/Final Object Repo/Login Page/Internal User/Login Button' is clicked on

2018-11-29 12:05:30 - [MESSAGE][PASSED] - Object: 'Object Repository/Final Object Repo/Login Page/Internal User/Login Button' is clicked on

2018-11-29 12:05:30 - [TEST_STEP][PASSED] - delay: Delayed 1 second(s)

2018-11-29 12:05:31 - [MESSAGE][PASSED] - Delayed 1 second(s)

2018-11-29 12:05:31 - [TEST_STEP][PASSED] - navigateToUrl: Navigate to 'https://assist2-uat.perkeso.gov.my/web/base/portal-id/registration' successfully

2018-11-29 12:05:33 - [MESSAGE][PASSED] - Navigate to 'https://assist2-uat.perkeso.gov.my/web/base/portal-id/registration' successfully

2018-11-29 12:05:33 - [TEST_STEP][PASSED] - setText: Text 'AUTOMATION EMPLOYER' is set on object 'Object Repository/Final Object Repo/Creating Employer Account/Page_Registration - ASSIST (Base)/Employer Name'

2018-11-29 12:05:34 - [MESSAGE][PASSED] - Text 'AUTOMATION EMPLOYER' is set on object 'Object Repository/Final Object Repo/Creating Employer Account/Page_Registration - ASSIST (Base)/Employer Name'

2018-11-29 12:05:34 - [TEST_STEP][PASSED] - delay: Delayed 2 second(s)

2018-11-29 12:05:36 - [MESSAGE][PASSED] - Delayed 2 second(s)

2018-11-29 12:05:36 - [TEST_STEP][PASSED] - click: Object: 'Object Repository/Final Object Repo/Creating Employer Account/Page_Registration - ASSIST (Base)/Registration Type' is clicked on

2018-11-29 12:05:36 - [MESSAGE][PASSED] - Object: 'Object Repository/Final Object Repo/Creating Employer Account/Page_Registration - ASSIST (Base)/Registration Type' is clicked on

2018-11-29 12:05:36 - [TEST_STEP][PASSED] - delay: Delayed 2 second(s)

2018-11-29 12:05:38 - [MESSAGE][PASSED] - Delayed 2 second(s)

2018-11-29 12:05:38 - [TEST_STEP][PASSED] - click: Object: 'Object Repository/Final Object Repo/Creating Employer Account/Page_Registration - ASSIST (Base)/Registration Type - Registration No' is clicked on

2018-11-29 12:05:38 - [MESSAGE][PASSED] - Object: 'Object Repository/Final Object Repo/Creating Employer Account/Page_Registration - ASSIST (Base)/Registration Type - Registration No' is clicked on

2018-11-29 12:05:38 - [TEST_STEP][PASSED] - delay: Delayed 2 second(s)

2018-11-29 12:05:40 - [MESSAGE][PASSED] - Delayed 2 second(s)

2018-11-29 12:05:40 - [TEST_STEP][PASSED] - setText: Text '1234567890' is set on object 'Object Repository/Final Object Repo/Creating Employer Account/Page_Registration - ASSIST (Base)/Registration Number'

2018-11-29 12:05:40 - [MESSAGE][PASSED] - Text '1234567890' is set on object 'Object Repository/Final Object Repo/Creating Employer Account/Page_Registration - ASSIST (Base)/Registration Number'

2018-11-29 12:05:40 - [TEST_STEP][PASSED] - delay: Delayed 2 second(s)

2018-11-29 12:05:42 - [MESSAGE][PASSED] - Delayed 2 second(s)

2018-11-29 12:05:42 - [TEST_STEP][PASSED] - setText: Text 'ADDRESS 1' is set on object 'Object Repository/Final Object Repo/Creating Employer Account/Page_Registration - ASSIST (Base)/Postal Address 1'

2018-11-29 12:05:43 - [MESSAGE][PASSED] - Text 'ADDRESS 1' is set on object 'Object Repository/Final Object Repo/Creating Employer Account/Page_Registration - ASSIST (Base)/Postal Address 1'

2018-11-29 12:05:43 - [TEST_STEP][PASSED] - setText: Text 'ADDRESS 2' is set on object 'Object Repository/Final Object Repo/Creating Employer Account/Page_Registration - ASSIST (Base)/Postal Address 2'

2018-11-29 12:05:43 - [MESSAGE][PASSED] - Text 'ADDRESS 2' is set on object 'Object Repository/Final Object Repo/Creating Employer Account/Page_Registration - ASSIST (Base)/Postal Address 2'

2018-11-29 12:05:43 - [TEST_STEP][PASSED] - click: Object: 'Object Repository/Final Object Repo/Creating Employer Account/Page_Registration - ASSIST (Base)/State' is clicked on

2018-11-29 12:05:43 - [MESSAGE][PASSED] - Object: 'Object Repository/Final Object Repo/Creating Employer Account/Page_Registration - ASSIST (Base)/State' is clicked on

2018-11-29 12:05:43 - [TEST_STEP][PASSED] - delay: Delayed 2 second(s)

2018-11-29 12:05:45 - [MESSAGE][PASSED] - Delayed 2 second(s)

2018-11-29 12:05:45 - [TEST_STEP][PASSED] - click: Object: 'Object Repository/Final Object Repo/Creating Employer Account/Page_Registration - ASSIST (Base)/State - Johor' is clicked on

2018-11-29 12:05:46 - [MESSAGE][PASSED] - Object: 'Object Repository/Final Object Repo/Creating Employer Account/Page_Registration - ASSIST (Base)/State - Johor' is clicked on

2018-11-29 12:05:46 - [TEST_STEP][PASSED] - delay: Delayed 2 second(s)

2018-11-29 12:05:48 - [MESSAGE][PASSED] - Delayed 2 second(s)

2018-11-29 12:05:48 - [TEST_STEP][PASSED] - click: Object: 'Object Repository/Final Object Repo/Creating Employer Account/Page_Registration - ASSIST (Base)/City' is clicked on

2018-11-29 12:05:48 - [MESSAGE][PASSED] - Object: 'Object Repository/Final Object Repo/Creating Employer Account/Page_Registration - ASSIST (Base)/City' is clicked on

2018-11-29 12:05:48 - [TEST_STEP][PASSED] - delay: Delayed 2 second(s)

2018-11-29 12:05:50 - [MESSAGE][PASSED] - Delayed 2 second(s)

2018-11-29 12:05:50 - [TEST_STEP][PASSED] - setText: Text 'joh' is set on object 'Object Repository/Final Object Repo/Creating Employer Account/Page_Registration - ASSIST (Base)/City - joh'

2018-11-29 12:05:50 - [MESSAGE][PASSED] - Text 'joh' is set on object 'Object Repository/Final Object Repo/Creating Employer Account/Page_Registration - ASSIST (Base)/City - joh'

2018-11-29 12:05:50 - [TEST_STEP][PASSED] - delay: Delayed 2 second(s)

2018-11-29 12:05:52 - [MESSAGE][PASSED] - Delayed 2 second(s)

2018-11-29 12:05:52 - [TEST_STEP][PASSED] - click: Object: 'Object Repository/Final Object Repo/Creating Employer Account/Page_Registration - ASSIST (Base)/City - Johor Bharu' is clicked on

2018-11-29 12:05:52 - [MESSAGE][PASSED] - Object: 'Object Repository/Final Object Repo/Creating Employer Account/Page_Registration - ASSIST (Base)/City - Johor Bharu' is clicked on

2018-11-29 12:05:52 - [TEST_STEP][PASSED] - delay: Delayed 2 second(s)

2018-11-29 12:05:54 - [MESSAGE][PASSED] - Delayed 2 second(s)

2018-11-29 12:05:54 - [TEST_STEP][PASSED] - click: Object: 'Object Repository/Final Object Repo/Creating Employer Account/Page_Registration - ASSIST (Base)/Post Code' is clicked on

2018-11-29 12:05:55 - [MESSAGE][PASSED] - Object: 'Object Repository/Final Object Repo/Creating Employer Account/Page_Registration - ASSIST (Base)/Post Code' is clicked on

2018-11-29 12:05:55 - [TEST_STEP][PASSED] - delay: Delayed 2 second(s)

2018-11-29 12:05:57 - [MESSAGE][PASSED] - Delayed 2 second(s)

2018-11-29 12:05:57 - [TEST_STEP][PASSED] - setText: Text '810' is set on object 'Object Repository/Final Object Repo/Creating Employer Account/Page_Registration - ASSIST (Base)/Post Code - 810'

2018-11-29 12:05:57 - [MESSAGE][PASSED] - Text '810' is set on object 'Object Repository/Final Object Repo/Creating Employer Account/Page_Registration - ASSIST (Base)/Post Code - 810'

2018-11-29 12:05:57 - [TEST_STEP][PASSED] - delay: Delayed 2 second(s)

2018-11-29 12:05:59 - [MESSAGE][PASSED] - Delayed 2 second(s)

2018-11-29 12:05:59 - [TEST_STEP][PASSED] - click: Object: 'Object Repository/Final Object Repo/Creating Employer Account/Page_Registration - ASSIST (Base)/Post Code - 81000' is clicked on

2018-11-29 12:05:59 - [MESSAGE][PASSED] - Object: 'Object Repository/Final Object Repo/Creating Employer Account/Page_Registration - ASSIST (Base)/Post Code - 81000' is clicked on

2018-11-29 12:05:59 - [TEST_STEP][PASSED] - delay: Delayed 2 second(s)

2018-11-29 12:06:01 - [MESSAGE][PASSED] - Delayed 2 second(s)

2018-11-29 12:06:01 - [TEST_STEP][PASSED] - setText: Text 'PERKESO' is set on object 'Object Repository/Final Object Repo/Creating Employer Account/Page_Registration - ASSIST (Base)/Full Name'

2018-11-29 12:06:02 - [MESSAGE][PASSED] - Text 'PERKESO' is set on object 'Object Repository/Final Object Repo/Creating Employer Account/Page_Registration - ASSIST (Base)/Full Name'

2018-11-29 12:06:02 - [TEST_STEP][PASSED] - Statement - rnd = new java.util.Random(): null

2018-11-29 12:06:02 - [TEST_STEP][PASSED] - Statement - snum = rnd.nextInt(899999 + 1) + 100000: null

2018-11-29 12:06:02 - [TEST_STEP][PASSED] - Statement - tnum = rnd.nextInt(899999 + 1) + 100000: null

2018-11-29 12:06:02 - [TEST_STEP][PASSED] - Statement - IC = java.lang.Integer.toString(snum) + java.lang.Integer.toString(tnum): null

2018-11-29 12:06:02 - [TEST_STEP][PASSED] - Statement - out.println(IC): null

2018-11-29 12:06:02 - [TEST_STEP][PASSED] - setText: Text '826830423119' is set on object 'Object Repository/Final Object Repo/Creating Employer Account/Page_Registration - ASSIST (Base)/Identification Number'

2018-11-29 12:06:02 - [MESSAGE][PASSED] - Text '826830423119' is set on object 'Object Repository/Final Object Repo/Creating Employer Account/Page_Registration - ASSIST (Base)/Identification Number'

2018-11-29 12:06:02 - [TEST_STEP][PASSED] - delay: Delayed 2 second(s)

2018-11-29 12:06:04 - [MESSAGE][PASSED] - Delayed 2 second(s)

2018-11-29 12:06:04 - [TEST_STEP][PASSED] - setText: Text '123456789012' is set on object 'Object Repository/Final Object Repo/Creating Employer Account/Page_Registration - ASSIST (Base)/Contact Number'

2018-11-29 12:06:04 - [MESSAGE][PASSED] - Text '123456789012' is set on object 'Object Repository/Final Object Repo/Creating Employer Account/Page_Registration - ASSIST (Base)/Contact Number'

2018-11-29 12:06:04 - [TEST_STEP][PASSED] - Statement - Email = "perkeso" + IC + "@gmail.com": null

2018-11-29 12:06:04 - [TEST_STEP][PASSED] - delay: Delayed 2 second(s)

2018-11-29 12:06:06 - [MESSAGE][PASSED] - Delayed 2 second(s)

2018-11-29 12:06:06 - [TEST_STEP][PASSED] - callTestCase: Call Test Case 'Test Cases/Final Aug 2018 - PKS Automation/Create Employer Acc/Template/Employer Email Settler' successfully

2018-11-29 12:06:06 - [TEST_CASE][PASSED] - Test Cases/Final Aug 2018 - PKS Automation/Create Employer Acc/Template/Employer Email Settler: Test Cases/Final Aug 2018 - PKS Automation/Create Employer Acc/Template/Employer Email Settler

2018-11-29 12:06:07 - [TEST_STEP][PASSED] - Statement - EmpEmailOld = new java.io.File(C://Users//Admin//Desktop//PKS//Automation Reference Point//EmpEmail.txt): null

2018-11-29 12:06:07 - [TEST_STEP][PASSED] - Statement - EmpEmailOld.delete(): null

2018-11-29 12:06:07 - [TEST_STEP][PASSED] - Statement - EmpEmail = new java.io.File(C://Users//Admin//Desktop//PKS//Automation Reference Point//EmpEmail.txt): null

2018-11-29 12:06:07 - [TEST_STEP][PASSED] - Statement - EmpEmail.append(Email): null

2018-11-29 12:06:07 - [TEST_STEP][PASSED] - Statement - out.println(Email): null

2018-11-29 12:06:07 - [MESSAGE][PASSED] - Call Test Case 'Test Cases/Final Aug 2018 - PKS Automation/Create Employer Acc/Template/Employer Email Settler' successfully

2018-11-29 12:06:07 - [TEST_STEP][PASSED] - delay: Delayed 2 second(s)

2018-11-29 12:06:09 - [MESSAGE][PASSED] - Delayed 2 second(s)

2018-11-29 12:06:09 - [TEST_STEP][PASSED] - setText: Text 'perkeso826830423119@gmail.com' is set on object 'Object Repository/Final Object Repo/Creating Employer Account/Page_Registration - ASSIST (Base)/Email'

2018-11-29 12:06:09 - [MESSAGE][PASSED] - Text 'perkeso826830423119@gmail.com' is set on object 'Object Repository/Final Object Repo/Creating Employer Account/Page_Registration - ASSIST (Base)/Email'

2018-11-29 12:06:09 - [TEST_STEP][PASSED] - setText: Text '123' is set on object 'Object Repository/Final Object Repo/Creating Employer Account/Page_Registration - ASSIST (Base)/Security Phase'

2018-11-29 12:06:10 - [MESSAGE][PASSED] - Text '123' is set on object 'Object Repository/Final Object Repo/Creating Employer Account/Page_Registration - ASSIST (Base)/Security Phase'

2018-11-29 12:06:10 - [TEST_STEP][PASSED] - click: Object: 'Object Repository/Final Object Repo/Creating Employer Account/Page_Registration - ASSIST (Base)/Save  Continue' is clicked on

2018-11-29 12:06:10 - [MESSAGE][PASSED] - Object: 'Object Repository/Final Object Repo/Creating Employer Account/Page_Registration - ASSIST (Base)/Save  Continue' is clicked on

2018-11-29 12:06:10 - [TEST_STEP][PASSED] - delay: Delayed 2 second(s)

2018-11-29 12:06:12 - [MESSAGE][PASSED] - Delayed 2 second(s)

2018-11-29 12:06:12 - [TEST_STEP][PASSED] - click: Object: 'Object Repository/Final Object Repo/Creating Employer Account/Page_Registration - ASSIST (Base)/Add Document' is clicked on

2018-11-29 12:06:12 - [MESSAGE][PASSED] - Object: 'Object Repository/Final Object Repo/Creating Employer Account/Page_Registration - ASSIST (Base)/Add Document' is clicked on

2018-11-29 12:06:12 - [TEST_STEP][PASSED] - delay: Delayed 2 second(s)

2018-11-29 12:06:14 - [MESSAGE][PASSED] - Delayed 2 second(s)

2018-11-29 12:06:14 - [TEST_STEP][PASSED] - click: Object: 'Object Repository/Final Object Repo/Creating Employer Account/Page_Registration - ASSIST (Base)/Document Type' is clicked on

2018-11-29 12:06:14 - [MESSAGE][PASSED] - Object: 'Object Repository/Final Object Repo/Creating Employer Account/Page_Registration - ASSIST (Base)/Document Type' is clicked on

2018-11-29 12:06:14 - [TEST_STEP][PASSED] - delay: Delayed 2 second(s)

2018-11-29 12:06:16 - [MESSAGE][PASSED] - Delayed 2 second(s)

2018-11-29 12:06:16 - [TEST_STEP][PASSED] - click: Object: 'Object Repository/Final Object Repo/Creating Employer Account/Page_Registration - ASSIST (Base)/Document Type - Letter of Authorization' is clicked on

2018-11-29 12:06:17 - [MESSAGE][PASSED] - Object: 'Object Repository/Final Object Repo/Creating Employer Account/Page_Registration - ASSIST (Base)/Document Type - Letter of Authorization' is clicked on

2018-11-29 12:06:17 - [TEST_STEP][PASSED] - delay: Delayed 2 second(s)

2018-11-29 12:06:19 - [MESSAGE][PASSED] - Delayed 2 second(s)

2018-11-29 12:06:19 - [TEST_STEP][PASSED] - sendKeys: Keys 'C:\Users\Public\Pictures\Sample Pictures\Koala.jpg' sent to object: 'Object Repository/Final Object Repo/Creating Employer Account/Page_Registration - ASSIST (Base)/Uploading File'

2018-11-29 12:06:19 - [MESSAGE][PASSED] - Keys 'C:\Users\Public\Pictures\Sample Pictures\Koala.jpg' sent to object: 'Object Repository/Final Object Repo/Creating Employer Account/Page_Registration - ASSIST (Base)/Uploading File'

2018-11-29 12:06:19 - [TEST_STEP][PASSED] - delay: Delayed 2 second(s)

2018-11-29 12:06:21 - [MESSAGE][PASSED] - Delayed 2 second(s)

2018-11-29 12:06:21 - [TEST_STEP][PASSED] - click: Object: 'Object Repository/Final Object Repo/Creating Employer Account/Page_Registration - ASSIST (Base)/Add Document in Uploading File' is clicked on

2018-11-29 12:06:21 - [MESSAGE][PASSED] - Object: 'Object Repository/Final Object Repo/Creating Employer Account/Page_Registration - ASSIST (Base)/Add Document in Uploading File' is clicked on

2018-11-29 12:06:21 - [TEST_STEP][PASSED] - delay: Delayed 2 second(s)

2018-11-29 12:06:23 - [MESSAGE][PASSED] - Delayed 2 second(s)

2018-11-29 12:06:23 - [TEST_STEP][PASSED] - click: Object: 'Object Repository/Final Object Repo/Creating Employer Account/Page_Registration - ASSIST (Base)/Save' is clicked on

2018-11-29 12:06:23 - [MESSAGE][PASSED] - Object: 'Object Repository/Final Object Repo/Creating Employer Account/Page_Registration - ASSIST (Base)/Save' is clicked on

2018-11-29 12:06:23 - [TEST_STEP][PASSED] - delay: Delayed 2 second(s)

2018-11-29 12:06:25 - [MESSAGE][PASSED] - Delayed 2 second(s)

2018-11-29 12:06:25 - [TEST_STEP][PASSED] - click: Object: 'Object Repository/Final Object Repo/Creating Employer Account/Page_Registration - ASSIST (Base)/Submit' is clicked on

2018-11-29 12:06:25 - [MESSAGE][PASSED] - Object: 'Object Repository/Final Object Repo/Creating Employer Account/Page_Registration - ASSIST (Base)/Submit' is clicked on

2018-11-29 12:06:25 - [TEST_STEP][PASSED] - delay: Delayed 2 second(s)

2018-11-29 12:06:27 - [MESSAGE][PASSED] - Delayed 2 second(s)

2018-11-29 12:06:27 - [TEST_STEP][PASSED] - click: Object: 'Object Repository/Final Object Repo/Creating Employer Account/Page_Registration - ASSIST (Base)/Confirm' is clicked on

2018-11-29 12:06:28 - [MESSAGE][PASSED] - Object: 'Object Repository/Final Object Repo/Creating Employer Account/Page_Registration - ASSIST (Base)/Confirm' is clicked on

2018-11-29 12:06:28 - [MESSAGE][PASSED] - Call Test Case 'Test Cases/Final Aug 2018 - PKS Automation/Create Employer Acc/Template/Register Employer' successfully

2018-11-29 12:06:28 - [TEST_STEP][PASSED] - delay: Delayed 1 second(s)

2018-11-29 12:06:29 - [MESSAGE][PASSED] - Delayed 1 second(s)

2018-11-29 12:06:29 - [TEST_STEP][PASSED] - navigateToUrl: Navigate to 'https://assist2-uat.perkeso.gov.my/c/portal/logout' successfully

2018-11-29 12:06:31 - [MESSAGE][PASSED] - Navigate to 'https://assist2-uat.perkeso.gov.my/c/portal/logout' successfully

2018-11-29 12:06:31 - [TEST_STEP][PASSED] - delay: Delayed 1 second(s)

2018-11-29 12:06:32 - [MESSAGE][PASSED] - Delayed 1 second(s)

2018-11-29 12:06:32 - [TEST_STEP][PASSED] - callTestCase: Call Test Case 'Test Cases/Final Aug 2018 - PKS Automation/Create Employer Acc/Template/Change Password of Employer' successfully

2018-11-29 12:06:32 - [TEST_CASE][PASSED] - Test Cases/Final Aug 2018 - PKS Automation/Create Employer Acc/Template/Change Password of Employer: Test Cases/Final Aug 2018 - PKS Automation/Create Employer Acc/Template/Change Password of Employer

2018-11-29 12:06:32 - [TEST_STEP][PASSED] - openBrowser: Browser is opened with url: ''

2018-11-29 12:06:32 - [MESSAGE][WARNING] - A browser is already opened. Closing browser and opening a new one

2018-11-29 12:06:35 - [MESSAGE][PASSED] - Browser is opened with url: ''

2018-11-29 12:06:35 - [TEST_STEP][PASSED] - navigateToUrl: Navigate to 'https://assist2-uat.perkeso.gov.my/login' successfully

2018-11-29 12:06:36 - [MESSAGE][PASSED] - Navigate to 'https://assist2-uat.perkeso.gov.my/login' successfully

2018-11-29 12:06:36 - [TEST_STEP][PASSED] - delay: Delayed 5 second(s)

2018-11-29 12:06:41 - [MESSAGE][PASSED] - Delayed 5 second(s)

2018-11-29 12:06:41 - [TEST_STEP][PASSED] - setText: Text 'test@liferay.com' is set on object 'Object Repository/Final Object Repo/Login Page/Internal User/Email Address'

2018-11-29 12:06:42 - [MESSAGE][PASSED] - Text 'test@liferay.com' is set on object 'Object Repository/Final Object Repo/Login Page/Internal User/Email Address'

2018-11-29 12:06:42 - [TEST_STEP][PASSED] - click: Object: 'Object Repository/Final Object Repo/Login Page/Internal User/Next Button' is clicked on

2018-11-29 12:06:42 - [MESSAGE][PASSED] - Object: 'Object Repository/Final Object Repo/Login Page/Internal User/Next Button' is clicked on

2018-11-29 12:06:42 - [TEST_STEP][PASSED] - delay: Delayed 2 second(s)

2018-11-29 12:06:44 - [MESSAGE][PASSED] - Delayed 2 second(s)

2018-11-29 12:06:44 - [TEST_STEP][PASSED] - setText: Text 'test' is set on object 'Object Repository/Final Object Repo/Login Page/Internal User/Password'

2018-11-29 12:06:44 - [MESSAGE][PASSED] - Text 'test' is set on object 'Object Repository/Final Object Repo/Login Page/Internal User/Password'

2018-11-29 12:06:44 - [TEST_STEP][PASSED] - delay: Delayed 2 second(s)

2018-11-29 12:06:46 - [MESSAGE][PASSED] - Delayed 2 second(s)

2018-11-29 12:06:46 - [TEST_STEP][PASSED] - click: Object: 'Object Repository/Final Object Repo/Login Page/Internal User/Login Button' is clicked on

2018-11-29 12:06:46 - [MESSAGE][PASSED] - Object: 'Object Repository/Final Object Repo/Login Page/Internal User/Login Button' is clicked on

2018-11-29 12:06:46 - [TEST_STEP][PASSED] - delay: Delayed 3 second(s)

2018-11-29 12:06:49 - [MESSAGE][PASSED] - Delayed 3 second(s)

2018-11-29 12:06:49 - [TEST_STEP][PASSED] - navigateToUrl: Navigate to 'https://assist2-uat.perkeso.gov.my/group/control_panel/manage?p_p_id=125&p_p_lifecycle=0&p_p_state=maximized&p_p_mode=view&refererPlid=20455&_125_usersListView=flat-users&_125_toolbarItem=view-all-users&_125_saveUsersListView=true&_125_struts_action=%2Fusers_admin%2Fview' successfully

2018-11-29 12:06:51 - [MESSAGE][PASSED] - Navigate to 'https://assist2-uat.perkeso.gov.my/group/control_panel/manage?p_p_id=125&p_p_lifecycle=0&p_p_state=maximized&p_p_mode=view&refererPlid=20455&_125_usersListView=flat-users&_125_toolbarItem=view-all-users&_125_saveUsersListView=true&_125_struts_action=%2Fusers_admin%2Fview' successfully

2018-11-29 12:06:51 - [TEST_STEP][PASSED] - delay: Delayed 3 second(s)

2018-11-29 12:06:54 - [MESSAGE][PASSED] - Delayed 3 second(s)

2018-11-29 12:06:54 - [TEST_STEP][PASSED] - setText: Text 'perkeso826830423119@gmail.com' is set on object 'Object Repository/Final Object Repo/Creating Employer Account/Page_Users and Organizations - ASSIST/Employer name'

2018-11-29 12:06:55 - [MESSAGE][PASSED] - Text 'perkeso826830423119@gmail.com' is set on object 'Object Repository/Final Object Repo/Creating Employer Account/Page_Users and Organizations - ASSIST/Employer name'

2018-11-29 12:06:55 - [TEST_STEP][PASSED] - delay: Delayed 3 second(s)

2018-11-29 12:06:58 - [MESSAGE][PASSED] - Delayed 3 second(s)

2018-11-29 12:06:58 - [TEST_STEP][PASSED] - click: Object: 'Object Repository/Final Object Repo/Creating Employer Account/Page_Users and Organizations - ASSIST/Search' is clicked on

2018-11-29 12:06:58 - [MESSAGE][PASSED] - Object: 'Object Repository/Final Object Repo/Creating Employer Account/Page_Users and Organizations - ASSIST/Search' is clicked on

2018-11-29 12:06:58 - [TEST_STEP][PASSED] - delay: Delayed 3 second(s)

2018-11-29 12:07:01 - [MESSAGE][PASSED] - Delayed 3 second(s)

2018-11-29 12:07:01 - [TEST_STEP][PASSED] - click: Object: 'Object Repository/Final Object Repo/Creating Employer Account/Page_Users and Organizations - ASSIST/Action' is clicked on

2018-11-29 12:07:01 - [MESSAGE][PASSED] - Object: 'Object Repository/Final Object Repo/Creating Employer Account/Page_Users and Organizations - ASSIST/Action' is clicked on

2018-11-29 12:07:01 - [TEST_STEP][PASSED] - delay: Delayed 3 second(s)

2018-11-29 12:07:04 - [MESSAGE][PASSED] - Delayed 3 second(s)

2018-11-29 12:07:04 - [TEST_STEP][PASSED] - click: Object: 'Object Repository/Final Object Repo/Creating Employer Account/Page_Users and Organizations - ASSIST/Edit' is clicked on

2018-11-29 12:07:05 - [MESSAGE][PASSED] - Object: 'Object Repository/Final Object Repo/Creating Employer Account/Page_Users and Organizations - ASSIST/Edit' is clicked on

2018-11-29 12:07:05 - [TEST_STEP][PASSED] - delay: Delayed 3 second(s)

2018-11-29 12:07:08 - [MESSAGE][PASSED] - Delayed 3 second(s)

2018-11-29 12:07:08 - [TEST_STEP][PASSED] - click: Object: 'Object Repository/Final Object Repo/Creating Employer Account/Page_PERKESO - Users and Organizati/a_Password (Modified)' is clicked on

2018-11-29 12:07:08 - [MESSAGE][PASSED] - Object: 'Object Repository/Final Object Repo/Creating Employer Account/Page_PERKESO - Users and Organizati/a_Password (Modified)' is clicked on

2018-11-29 12:07:08 - [TEST_STEP][PASSED] - delay: Delayed 3 second(s)

2018-11-29 12:07:11 - [MESSAGE][PASSED] - Delayed 3 second(s)

2018-11-29 12:07:11 - [TEST_STEP][PASSED] - setEncryptedText: Text ****** has been set on object 'Object Repository/Final Object Repo/Creating Employer Account/Page_PERKESO - Users and Organizati/input__125_password1'

2018-11-29 12:07:12 - [MESSAGE][PASSED] - Text ****** has been set on object 'Object Repository/Final Object Repo/Creating Employer Account/Page_PERKESO - Users and Organizati/input__125_password1'

2018-11-29 12:07:12 - [TEST_STEP][PASSED] - delay: Delayed 3 second(s)

2018-11-29 12:07:15 - [MESSAGE][PASSED] - Delayed 3 second(s)

2018-11-29 12:07:15 - [TEST_STEP][PASSED] - setEncryptedText: Text ****** has been set on object 'Object Repository/Final Object Repo/Creating Employer Account/Page_PERKESO - Users and Organizati/input__125_password2'

2018-11-29 12:07:15 - [MESSAGE][PASSED] - Text ****** has been set on object 'Object Repository/Final Object Repo/Creating Employer Account/Page_PERKESO - Users and Organizati/input__125_password2'

2018-11-29 12:07:15 - [TEST_STEP][PASSED] - delay: Delayed 3 second(s)

2018-11-29 12:07:18 - [MESSAGE][PASSED] - Delayed 3 second(s)

2018-11-29 12:07:18 - [TEST_STEP][PASSED] - click: Object: 'Object Repository/Final Object Repo/Creating Employer Account/Page_PERKESO - Users and Organizati/Save' is clicked on

2018-11-29 12:07:20 - [MESSAGE][PASSED] - Object: 'Object Repository/Final Object Repo/Creating Employer Account/Page_PERKESO - Users and Organizati/Save' is clicked on

2018-11-29 12:07:20 - [MESSAGE][PASSED] - Call Test Case 'Test Cases/Final Aug 2018 - PKS Automation/Create Employer Acc/Template/Change Password of Employer' successfully

2018-11-29 12:07:20 - [TEST_STEP][PASSED] - delay: Delayed 1 second(s)

2018-11-29 12:07:21 - [MESSAGE][PASSED] - Delayed 1 second(s)

2018-11-29 12:07:21 - [TEST_STEP][PASSED] - navigateToUrl: Navigate to 'https://assist2-uat.perkeso.gov.my/c/portal/logout' successfully

2018-11-29 12:07:22 - [MESSAGE][PASSED] - Navigate to 'https://assist2-uat.perkeso.gov.my/c/portal/logout' successfully

2018-11-29 12:07:22 - [TEST_STEP][PASSED] - delay: Delayed 1 second(s)

2018-11-29 12:07:23 - [MESSAGE][PASSED] - Delayed 1 second(s)

2018-11-29 12:07:23 - [TEST_STEP][PASSED] - callTestCase: Call Test Case 'Test Cases/Final Aug 2018 - PKS Automation/Create Employer Acc/Template/Login to Employer Account (First Time)' successfully

2018-11-29 12:07:23 - [TEST_CASE][PASSED] - Test Cases/Final Aug 2018 - PKS Automation/Create Employer Acc/Template/Login to Employer Account (First Time): Test Cases/Final Aug 2018 - PKS Automation/Create Employer Acc/Template/Login to Employer Account (First Time)

2018-11-29 12:07:23 - [TEST_STEP][PASSED] - openBrowser: Browser is opened with url: ''

2018-11-29 12:07:23 - [MESSAGE][WARNING] - A browser is already opened. Closing browser and opening a new one

2018-11-29 12:07:26 - [MESSAGE][PASSED] - Browser is opened with url: ''

2018-11-29 12:07:26 - [TEST_STEP][PASSED] - navigateToUrl: Navigate to 'https://assist2-uat.perkeso.gov.my/employer/login' successfully

2018-11-29 12:07:27 - [MESSAGE][PASSED] - Navigate to 'https://assist2-uat.perkeso.gov.my/employer/login' successfully

2018-11-29 12:07:27 - [TEST_STEP][PASSED] - delay: Delayed 3 second(s)

2018-11-29 12:07:30 - [MESSAGE][PASSED] - Delayed 3 second(s)

2018-11-29 12:07:30 - [TEST_STEP][PASSED] - callTestCase: Call Test Case 'Test Cases/Final Aug 2018 - PKS Automation/Create Employer Acc/Template/Employer Email Getter' successfully

2018-11-29 12:07:30 - [TEST_CASE][PASSED] - Test Cases/Final Aug 2018 - PKS Automation/Create Employer Acc/Template/Employer Email Getter: Test Cases/Final Aug 2018 - PKS Automation/Create Employer Acc/Template/Employer Email Getter

2018-11-29 12:07:31 - [TEST_STEP][PASSED] - Statement - Try: null

2018-11-29 12:07:31 - [TEST_STEP][PASSED] - Statement - EmpEmail = new java.io.File(C://Users//Admin//Desktop//PKS//Automation Reference Point//EmpEmail.txt): null

2018-11-29 12:07:31 - [TEST_STEP][PASSED] - Statement - bufferread = new java.io.BufferedReader(new java.io.FileReader(EmpEmail)): null

2018-11-29 12:07:31 - [TEST_STEP][PASSED] - Statement - readedVal = bufferread.readLine(): null

2018-11-29 12:07:31 - [TEST_STEP][PASSED] - Statement - out.println(readedVal): null

2018-11-29 12:07:31 - [TEST_STEP][PASSED] - Statement - Email = readedVal: null

2018-11-29 12:07:31 - [MESSAGE][PASSED] - Call Test Case 'Test Cases/Final Aug 2018 - PKS Automation/Create Employer Acc/Template/Employer Email Getter' successfully

2018-11-29 12:07:31 - [TEST_STEP][PASSED] - setText: Text 'perkeso826830423119@gmail.com' is set on object 'Object Repository/Final Object Repo/Login Page/External Login Page/Email'

2018-11-29 12:07:31 - [MESSAGE][PASSED] - Text 'perkeso826830423119@gmail.com' is set on object 'Object Repository/Final Object Repo/Login Page/External Login Page/Email'

2018-11-29 12:07:31 - [TEST_STEP][PASSED] - click: Object: 'Object Repository/Final Object Repo/Login Page/External Login Page/Next' is clicked on

2018-11-29 12:07:31 - [MESSAGE][PASSED] - Object: 'Object Repository/Final Object Repo/Login Page/External Login Page/Next' is clicked on

2018-11-29 12:07:31 - [TEST_STEP][PASSED] - delay: Delayed 3 second(s)

2018-11-29 12:07:34 - [MESSAGE][PASSED] - Delayed 3 second(s)

2018-11-29 12:07:34 - [TEST_STEP][PASSED] - setEncryptedText: Text ****** has been set on object 'Object Repository/Final Object Repo/Login Page/External Login Page/Password'

2018-11-29 12:07:35 - [MESSAGE][PASSED] - Text ****** has been set on object 'Object Repository/Final Object Repo/Login Page/External Login Page/Password'

2018-11-29 12:07:35 - [TEST_STEP][PASSED] - click: Object: 'Object Repository/Final Object Repo/Login Page/External Login Page/Login' is clicked on

2018-11-29 12:07:35 - [MESSAGE][PASSED] - Object: 'Object Repository/Final Object Repo/Login Page/External Login Page/Login' is clicked on

2018-11-29 12:07:35 - [TEST_STEP][PASSED] - delay: Delayed 3 second(s)

2018-11-29 12:07:38 - [MESSAGE][PASSED] - Delayed 3 second(s)

2018-11-29 12:07:38 - [TEST_STEP][PASSED] - click: Object: 'Object Repository/Final Object Repo/Creating Employer Account/Page_Terms of Use - ASSIST/button_I Agree' is clicked on

2018-11-29 12:07:39 - [MESSAGE][PASSED] - Object: 'Object Repository/Final Object Repo/Creating Employer Account/Page_Terms of Use - ASSIST/button_I Agree' is clicked on

2018-11-29 12:07:39 - [TEST_STEP][PASSED] - delay: Delayed 2 second(s)

2018-11-29 12:07:41 - [MESSAGE][PASSED] - Delayed 2 second(s)

2018-11-29 12:07:41 - [TEST_STEP][PASSED] - setEncryptedText: Text ****** has been set on object 'Object Repository/Final Object Repo/Creating Employer Account/Page_New Password - ASSIST/input_password1'

2018-11-29 12:07:41 - [MESSAGE][PASSED] - Text ****** has been set on object 'Object Repository/Final Object Repo/Creating Employer Account/Page_New Password - ASSIST/input_password1'

2018-11-29 12:07:41 - [TEST_STEP][PASSED] - setEncryptedText: Text ****** has been set on object 'Object Repository/Final Object Repo/Creating Employer Account/Page_New Password - ASSIST/input_password2'

2018-11-29 12:07:41 - [MESSAGE][PASSED] - Text ****** has been set on object 'Object Repository/Final Object Repo/Creating Employer Account/Page_New Password - ASSIST/input_password2'

2018-11-29 12:07:41 - [TEST_STEP][PASSED] - delay: Delayed 2 second(s)

2018-11-29 12:07:43 - [MESSAGE][PASSED] - Delayed 2 second(s)

2018-11-29 12:07:43 - [TEST_STEP][PASSED] - click: Object: 'Object Repository/Final Object Repo/Creating Employer Account/Page_New Password - ASSIST/Save' is clicked on

2018-11-29 12:07:44 - [MESSAGE][PASSED] - Object: 'Object Repository/Final Object Repo/Creating Employer Account/Page_New Password - ASSIST/Save' is clicked on

2018-11-29 12:07:44 - [TEST_STEP][PASSED] - delay: Delayed 2 second(s)

2018-11-29 12:07:46 - [MESSAGE][PASSED] - Delayed 2 second(s)

2018-11-29 12:07:46 - [TEST_STEP][PASSED] - setText: Text 'test' is set on object 'Object Repository/Final Object Repo/Creating Employer Account/Page_Password Reminder - ASSIST/Reminder Query Answer'

2018-11-29 12:07:46 - [MESSAGE][PASSED] - Text 'test' is set on object 'Object Repository/Final Object Repo/Creating Employer Account/Page_Password Reminder - ASSIST/Reminder Query Answer'

2018-11-29 12:07:46 - [TEST_STEP][PASSED] - delay: Delayed 2 second(s)

2018-11-29 12:07:48 - [MESSAGE][PASSED] - Delayed 2 second(s)

2018-11-29 12:07:48 - [TEST_STEP][PASSED] - doubleClick: Object: 'Object Repository/Final Object Repo/Creating Employer Account/Page_Password Reminder - ASSIST/Save' is double clicked on

2018-11-29 12:07:48 - [MESSAGE][PASSED] - Object: 'Object Repository/Final Object Repo/Creating Employer Account/Page_Password Reminder - ASSIST/Save' is double clicked on

2018-11-29 12:07:48 - [MESSAGE][PASSED] - Call Test Case 'Test Cases/Final Aug 2018 - PKS Automation/Create Employer Acc/Template/Login to Employer Account (First Time)' successfully

2018-11-29 12:07:48 - [MESSAGE][PASSED] - Call Test Case 'Test Cases/Final Aug 2018 - PKS Automation/Create Employer Acc/Create Employer Account' successfully

2018-11-29 12:07:48 - [TEST_STEP][PASSED] - callTestCase: Call Test Case 'Test Cases/Final Aug 2018 - PKS Automation/Registration Module/Log Out/log out avoiding katalon tagging' successfully

2018-11-29 12:07:48 - [TEST_CASE][PASSED] - Test Cases/Final Aug 2018 - PKS Automation/Registration Module/Log Out/log out avoiding katalon tagging: Test Cases/Final Aug 2018 - PKS Automation/Registration Module/Log Out/log out avoiding katalon tagging

2018-11-29 12:07:49 - [TEST_STEP][PASSED] - navigateToUrl: Navigate to 'https://assist2-uat.perkeso.gov.my/c/portal/logout' successfully

2018-11-29 12:07:51 - [MESSAGE][PASSED] - Navigate to 'https://assist2-uat.perkeso.gov.my/c/portal/logout' successfully

2018-11-29 12:07:51 - [MESSAGE][PASSED] - Call Test Case 'Test Cases/Final Aug 2018 - PKS Automation/Registration Module/Log Out/log out avoiding katalon tagging' successfully

2018-11-29 12:07:51 - [TEST_STEP][PASSED] - callTestCase: Call Test Case 'Test Cases/Final Aug 2018 - PKS Automation/Create Employer Acc/Login to Employer Account (Second time)' successfully

2018-11-29 12:07:51 - [TEST_CASE][PASSED] - Test Cases/Final Aug 2018 - PKS Automation/Create Employer Acc/Login to Employer Account (Second time): Test Cases/Final Aug 2018 - PKS Automation/Create Employer Acc/Login to Employer Account (Second time)

2018-11-29 12:07:52 - [TEST_STEP][PASSED] - openBrowser: Browser is opened with url: ''

2018-11-29 12:07:52 - [MESSAGE][WARNING] - A browser is already opened. Closing browser and opening a new one

2018-11-29 12:07:55 - [MESSAGE][PASSED] - Browser is opened with url: ''

2018-11-29 12:07:55 - [TEST_STEP][PASSED] - navigateToUrl: Navigate to 'https://assist2-uat.perkeso.gov.my/employer/login' successfully

2018-11-29 12:07:56 - [MESSAGE][PASSED] - Navigate to 'https://assist2-uat.perkeso.gov.my/employer/login' successfully

2018-11-29 12:07:56 - [TEST_STEP][PASSED] - delay: Delayed 3 second(s)

2018-11-29 12:07:59 - [MESSAGE][PASSED] - Delayed 3 second(s)

2018-11-29 12:07:59 - [TEST_STEP][PASSED] - callTestCase: Call Test Case 'Test Cases/Final Aug 2018 - PKS Automation/Create Employer Acc/Template/Employer Email Getter' successfully

2018-11-29 12:07:59 - [TEST_CASE][PASSED] - Test Cases/Final Aug 2018 - PKS Automation/Create Employer Acc/Template/Employer Email Getter: Test Cases/Final Aug 2018 - PKS Automation/Create Employer Acc/Template/Employer Email Getter

2018-11-29 12:07:59 - [TEST_STEP][PASSED] - Statement - Try: null

2018-11-29 12:07:59 - [TEST_STEP][PASSED] - Statement - EmpEmail = new java.io.File(C://Users//Admin//Desktop//PKS//Automation Reference Point//EmpEmail.txt): null

2018-11-29 12:07:59 - [TEST_STEP][PASSED] - Statement - bufferread = new java.io.BufferedReader(new java.io.FileReader(EmpEmail)): null

2018-11-29 12:07:59 - [TEST_STEP][PASSED] - Statement - readedVal = bufferread.readLine(): null

2018-11-29 12:07:59 - [TEST_STEP][PASSED] - Statement - out.println(readedVal): null

2018-11-29 12:07:59 - [TEST_STEP][PASSED] - Statement - Email = readedVal: null

2018-11-29 12:07:59 - [MESSAGE][PASSED] - Call Test Case 'Test Cases/Final Aug 2018 - PKS Automation/Create Employer Acc/Template/Employer Email Getter' successfully

2018-11-29 12:07:59 - [TEST_STEP][PASSED] - setText: Text 'perkeso826830423119@gmail.com' is set on object 'Object Repository/Final Object Repo/Login Page/External Login Page/Email'

2018-11-29 12:07:59 - [MESSAGE][PASSED] - Text 'perkeso826830423119@gmail.com' is set on object 'Object Repository/Final Object Repo/Login Page/External Login Page/Email'

2018-11-29 12:07:59 - [TEST_STEP][PASSED] - click: Object: 'Object Repository/Final Object Repo/Login Page/External Login Page/Next' is clicked on

2018-11-29 12:07:59 - [MESSAGE][PASSED] - Object: 'Object Repository/Final Object Repo/Login Page/External Login Page/Next' is clicked on

2018-11-29 12:07:59 - [TEST_STEP][PASSED] - delay: Delayed 3 second(s)

2018-11-29 12:08:02 - [MESSAGE][PASSED] - Delayed 3 second(s)

2018-11-29 12:08:02 - [TEST_STEP][PASSED] - setEncryptedText: Text ****** has been set on object 'Object Repository/Final Object Repo/Login Page/External Login Page/Password'

2018-11-29 12:08:03 - [MESSAGE][PASSED] - Text ****** has been set on object 'Object Repository/Final Object Repo/Login Page/External Login Page/Password'

2018-11-29 12:08:03 - [TEST_STEP][PASSED] - click: Object: 'Object Repository/Final Object Repo/Login Page/External Login Page/Login' is clicked on

2018-11-29 12:08:03 - [MESSAGE][PASSED] - Object: 'Object Repository/Final Object Repo/Login Page/External Login Page/Login' is clicked on

2018-11-29 12:08:03 - [TEST_STEP][PASSED] - delay: Delayed 5 second(s)

2018-11-29 12:08:08 - [MESSAGE][PASSED] - Delayed 5 second(s)

2018-11-29 12:08:08 - [MESSAGE][PASSED] - Call Test Case 'Test Cases/Final Aug 2018 - PKS Automation/Create Employer Acc/Login to Employer Account (Second time)' successfully

2018-11-29 12:08:08 - [TEST_STEP][PASSED] - delay: Delayed 4 second(s)

2018-11-29 12:08:12 - [MESSAGE][PASSED] - Delayed 4 second(s)

2018-11-29 12:08:12 - [TEST_STEP][PASSED] - Statement - Try: Delayed 2 second(s)

2018-11-29 12:08:12 - [TEST_STEP][PASSED] - Statement - Checker = false: null

2018-11-29 12:08:12 - [TEST_STEP][PASSED] - Statement - Checker = com.kms.katalon.core.webui.keyword.WebUiBuiltInKeywords.verifyElementHasAttribute(com.kms.katalon.core.testobject.ObjectRepository.findTestObject(Final Object Repo/Landing Page/BM Detecting), "href", 20, OPTIONAL): Object 'Object Repository/Final Object Repo/Landing Page/BM Detecting' has attribute 'href'

2018-11-29 12:08:12 - [MESSAGE][PASSED] - Object 'Object Repository/Final Object Repo/Landing Page/BM Detecting' has attribute 'href'

2018-11-29 12:08:12 - [TEST_STEP][PASSED] - Statement - out.println(Checker): null

2018-11-29 12:08:12 - [TEST_STEP][PASSED] - Statement - If (Checker == false): null

2018-11-29 12:08:12 - [TEST_STEP][PASSED] - Statement - Else: null

2018-11-29 12:08:12 - [TEST_STEP][PASSED] - delay: Delayed 2 second(s)

2018-11-29 12:08:14 - [MESSAGE][PASSED] - Delayed 2 second(s)

2018-11-29 12:08:14 - [TEST_STEP][PASSED] - delay: Delayed 4 second(s)

2018-11-29 12:08:18 - [MESSAGE][PASSED] - Delayed 4 second(s)

2018-11-29 12:08:18 - [TEST_STEP][PASSED] - click: Object: 'Object Repository/Final Object Repo/Landing Page/My Sites Drop Down' is clicked on

2018-11-29 12:08:18 - [MESSAGE][PASSED] - Object: 'Object Repository/Final Object Repo/Landing Page/My Sites Drop Down' is clicked on

2018-11-29 12:08:18 - [TEST_STEP][PASSED] - click: Object: 'Object Repository/Final Object Repo/Landing Page/Select to Registration Module' is clicked on

2018-11-29 12:08:21 - [MESSAGE][PASSED] - Object: 'Object Repository/Final Object Repo/Landing Page/Select to Registration Module' is clicked on

2018-11-29 12:08:21 - [TEST_STEP][PASSED] - click: Object: 'Object Repository/Final Object Repo/Landing Page/Registration Button' is clicked on

2018-11-29 12:08:22 - [MESSAGE][PASSED] - Object: 'Object Repository/Final Object Repo/Landing Page/Registration Button' is clicked on

2018-11-29 12:08:22 - [TEST_STEP][PASSED] - delay: Delayed 2 second(s)

2018-11-29 12:08:24 - [MESSAGE][PASSED] - Delayed 2 second(s)

2018-11-29 12:08:24 - [TEST_STEP][PASSED] - click: Object: 'Object Repository/Final Object Repo/New Registration - Registration Module Pages/New Reg - OTC to RO/Special Case - OTC - Form 1/AEC NO' is clicked on

2018-11-29 12:08:24 - [MESSAGE][PASSED] - Object: 'Object Repository/Final Object Repo/New Registration - Registration Module Pages/New Reg - OTC to RO/Special Case - OTC - Form 1/AEC NO' is clicked on

2018-11-29 12:08:24 - [TEST_STEP][PASSED] - click: Object: 'Object Repository/Final Object Repo/New Registration - Registration Module Pages/New Reg - OTC to RO/Special Case - OTC - Form 1/Business Entity - Please Select' is clicked on

2018-11-29 12:08:25 - [MESSAGE][PASSED] - Object: 'Object Repository/Final Object Repo/New Registration - Registration Module Pages/New Reg - OTC to RO/Special Case - OTC - Form 1/Business Entity - Please Select' is clicked on

2018-11-29 12:08:25 - [TEST_STEP][PASSED] - click: Object: 'Object Repository/Final Object Repo/New Registration - Registration Module Pages/New Reg - OTC to RO/Special Case - OTC - Form 1/Selected - Corporation' is clicked on

2018-11-29 12:08:25 - [MESSAGE][PASSED] - Object: 'Object Repository/Final Object Repo/New Registration - Registration Module Pages/New Reg - OTC to RO/Special Case - OTC - Form 1/Selected - Corporation' is clicked on

2018-11-29 12:08:25 - [TEST_STEP][PASSED] - delay: Delayed 2 second(s)

2018-11-29 12:08:27 - [MESSAGE][PASSED] - Delayed 2 second(s)

2018-11-29 12:08:27 - [TEST_STEP][PASSED] - click: Object: 'Object Repository/Final Object Repo/New Registration - Registration Module Pages/New Reg - OTC to RO/Special Case - OTC - Form 1/Sub Business Entity - Please Select' is clicked on

2018-11-29 12:08:27 - [MESSAGE][PASSED] - Object: 'Object Repository/Final Object Repo/New Registration - Registration Module Pages/New Reg - OTC to RO/Special Case - OTC - Form 1/Sub Business Entity - Please Select' is clicked on

2018-11-29 12:08:27 - [TEST_STEP][PASSED] - delay: Delayed 2 second(s)

2018-11-29 12:08:29 - [MESSAGE][PASSED] - Delayed 2 second(s)

2018-11-29 12:08:29 - [TEST_STEP][PASSED] - click: Object: 'Object Repository/Final Object Repo/New Registration - Registration Module Pages/New Reg - OTC to RO/Special Case - OTC - Form 1/Selected - Sendirian Berhad' is clicked on

2018-11-29 12:08:29 - [MESSAGE][PASSED] - Object: 'Object Repository/Final Object Repo/New Registration - Registration Module Pages/New Reg - OTC to RO/Special Case - OTC - Form 1/Selected - Sendirian Berhad' is clicked on

2018-11-29 12:08:29 - [TEST_STEP][PASSED] - setText: Text 'AUTOMATE001' is set on object 'Object Repository/Final Object Repo/New Registration - Registration Module Pages/New Reg - OTC to RO/Special Case - OTC - Form 1/Input BRN Number'

2018-11-29 12:08:30 - [MESSAGE][PASSED] - Text 'AUTOMATE001' is set on object 'Object Repository/Final Object Repo/New Registration - Registration Module Pages/New Reg - OTC to RO/Special Case - OTC - Form 1/Input BRN Number'

2018-11-29 12:08:30 - [TEST_STEP][PASSED] - delay: Delayed 2 second(s)

2018-11-29 12:08:32 - [MESSAGE][PASSED] - Delayed 2 second(s)

2018-11-29 12:08:32 - [TEST_STEP][PASSED] - click: Object: 'Object Repository/Final Object Repo/New Registration - Registration Module Pages/New Reg - OTC to RO/Special Case - OTC - Form 1/BRN Search' is clicked on

2018-11-29 12:08:32 - [MESSAGE][PASSED] - Object: 'Object Repository/Final Object Repo/New Registration - Registration Module Pages/New Reg - OTC to RO/Special Case - OTC - Form 1/BRN Search' is clicked on

2018-11-29 12:08:32 - [TEST_STEP][PASSED] - delay: Delayed 4 second(s)

2018-11-29 12:08:36 - [MESSAGE][PASSED] - Delayed 4 second(s)

2018-11-29 12:08:36 - [TEST_STEP][PASSED] - click: Object: 'Object Repository/Final Object Repo/New Registration - Registration Module Pages/New Reg - OTC to RO/Special Case - OTC - Form 1/Registered with SSM - After Feb 2017' is clicked on

2018-11-29 12:08:36 - [MESSAGE][PASSED] - Object: 'Object Repository/Final Object Repo/New Registration - Registration Module Pages/New Reg - OTC to RO/Special Case - OTC - Form 1/Registered with SSM - After Feb 2017' is clicked on

2018-11-29 12:08:36 - [TEST_STEP][PASSED] - delay: Delayed 2 second(s)

2018-11-29 12:08:38 - [MESSAGE][PASSED] - Delayed 2 second(s)

2018-11-29 12:08:38 - [TEST_STEP][PASSED] - click: Object: 'Object Repository/Final Object Repo/New Registration - Registration Module Pages/Form 1/Registered As a Branch - Yes' is clicked on

2018-11-29 12:08:38 - [MESSAGE][PASSED] - Object: 'Object Repository/Final Object Repo/New Registration - Registration Module Pages/Form 1/Registered As a Branch - Yes' is clicked on

2018-11-29 12:08:38 - [TEST_STEP][PASSED] - click: Object: 'Object Repository/Final Object Repo/New Registration - Registration Module Pages/New Reg - OTC to RO/Special Case - OTC - Form 1/Acknowledgement Ticked' is clicked on

2018-11-29 12:08:39 - [MESSAGE][PASSED] - Object: 'Object Repository/Final Object Repo/New Registration - Registration Module Pages/New Reg - OTC to RO/Special Case - OTC - Form 1/Acknowledgement Ticked' is clicked on

2018-11-29 12:08:39 - [TEST_STEP][PASSED] - setText: Text 'perkeso826830423119@gmail.com' is set on object 'Object Repository/Final Object Repo/New Registration - Registration Module Pages/Form 1/Email'

2018-11-29 12:08:39 - [MESSAGE][PASSED] - Text 'perkeso826830423119@gmail.com' is set on object 'Object Repository/Final Object Repo/New Registration - Registration Module Pages/Form 1/Email'

2018-11-29 12:08:39 - [TEST_STEP][PASSED] - click: Object: 'Object Repository/Final Object Repo/New Registration - Registration Module Pages/New Reg - OTC to RO/Special Case - OTC - Form 1/Submit Button' is clicked on

2018-11-29 12:08:40 - [MESSAGE][PASSED] - Object: 'Object Repository/Final Object Repo/New Registration - Registration Module Pages/New Reg - OTC to RO/Special Case - OTC - Form 1/Submit Button' is clicked on

2018-11-29 12:08:40 - [TEST_STEP][PASSED] - callTestCase: Call Test Case 'Test Cases/Final Aug 2018 - PKS Automation/Registration Module/New Registration/Form 2/Add 1 Eligible - Employer Account Use' successfully

2018-11-29 12:08:40 - [TEST_CASE][PASSED] - Test Cases/Final Aug 2018 - PKS Automation/Registration Module/New Registration/Form 2/Add 1 Eligible - Employer Account Use: Test Cases/Final Aug 2018 - PKS Automation/Registration Module/New Registration/Form 2/Add 1 Eligible - Employer Account Use

2018-11-29 12:08:40 - [TEST_STEP][PASSED] - delay: Delayed 2 second(s)

2018-11-29 12:08:42 - [MESSAGE][PASSED] - Delayed 2 second(s)

2018-11-29 12:08:42 - [TEST_STEP][PASSED] - callTestCase: Call Test Case 'Test Cases/Final Aug 2018 - PKS Automation/Registration Module/New Registration/Form 2/Date Updater' successfully

2018-11-29 12:08:42 - [TEST_CASE][PASSED] - Test Cases/Final Aug 2018 - PKS Automation/Registration Module/New Registration/Form 2/Date Updater: Test Cases/Final Aug 2018 - PKS Automation/Registration Module/New Registration/Form 2/Date Updater

2018-11-29 12:08:42 - [TEST_STEP][PASSED] - Statement - TodayDate = new java.util.Date(): null

2018-11-29 12:08:42 - [TEST_STEP][PASSED] - Statement - CurrentDateNoFilter = new java.text.SimpleDateFormat(): null

2018-11-29 12:08:42 - [TEST_STEP][PASSED] - Statement - CurrentDateNoFilter.applyPattern("dd"): null

2018-11-29 12:08:42 - [TEST_STEP][PASSED] - Statement - CurrentDate = CurrentDateNoFilter.format(TodayDate): null

2018-11-29 12:08:42 - [TEST_STEP][PASSED] - Statement - CurrentDate = java.lang.Integer.parseInt(CurrentDate): null

2018-11-29 12:08:42 - [TEST_STEP][PASSED] - Statement - CurrentDate = CurrentDate: null

2018-11-29 12:08:42 - [TEST_STEP][PASSED] - Statement - CurrentDay = java.lang.Integer.parseInt(CurrentDate): null

2018-11-29 12:08:42 - [TEST_STEP][PASSED] - Statement - aDayBefore = CurrentDay + 1: null

2018-11-29 12:08:42 - [TEST_STEP][PASSED] - Statement - DayBefore = aDayBefore.toString(): null

2018-11-29 12:08:42 - [TEST_STEP][PASSED] - Statement - OneDayBefore = DayBefore: null

2018-11-29 12:08:42 - [TEST_STEP][PASSED] - Statement - CurrentDateNoFilter.applyPattern("MM"): null

2018-11-29 12:08:42 - [TEST_STEP][PASSED] - Statement - monthContainerMatcher = java.lang.Integer.parseInt(CurrentDateNoFilter.format(TodayDate)): null

2018-11-29 12:08:42 - [TEST_STEP][PASSED] - Statement - monthContainerMatcher = monthContainerMatcher - 1: null

2018-11-29 12:08:42 - [TEST_STEP][PASSED] - Statement - CurrentMonth = monthContainerMatcher.toString(): null

2018-11-29 12:08:42 - [TEST_STEP][PASSED] - Statement - CurrentMonth = CurrentMonth: null

2018-11-29 12:08:42 - [TEST_STEP][PASSED] - Statement - CurrentDateNoFilter.applyPattern("yyyy"): null

2018-11-29 12:08:42 - [TEST_STEP][PASSED] - Statement - CurrentYear = CurrentDateNoFilter.format(TodayDate): null

2018-11-29 12:08:42 - [TEST_STEP][PASSED] - Statement - CurrentYear = CurrentYear: null

2018-11-29 12:08:42 - [TEST_STEP][PASSED] - Statement - intCurrentYear = java.lang.Integer.parseInt(CurrentDateNoFilter.format(TodayDate)): null

2018-11-29 12:08:42 - [TEST_STEP][PASSED] - Statement - eighteenYrsAgo = intCurrentYear - 18: null

2018-11-29 12:08:42 - [TEST_STEP][PASSED] - Statement - eighteenYrsBeforeThisYr = eighteenYrsAgo.toString(): null

2018-11-29 12:08:42 - [TEST_STEP][PASSED] - Statement - EighteenYrsBefore = eighteenYrsBeforeThisYr: null

2018-11-29 12:08:42 - [TEST_STEP][PASSED] - Statement - fiftysevenYrsAgo = intCurrentYear - 57: null

2018-11-29 12:08:42 - [TEST_STEP][PASSED] - Statement - fiftysevenYrsBeforeThisYr = fiftysevenYrsAgo.toString(): null

2018-11-29 12:08:42 - [TEST_STEP][PASSED] - Statement - FiftysevenYrsBefore = fiftysevenYrsBeforeThisYr: null

2018-11-29 12:08:42 - [MESSAGE][PASSED] - Call Test Case 'Test Cases/Final Aug 2018 - PKS Automation/Registration Module/New Registration/Form 2/Date Updater' successfully

2018-11-29 12:08:42 - [TEST_STEP][PASSED] - delay: Delayed 1 second(s)

2018-11-29 12:08:44 - [MESSAGE][PASSED] - Delayed 1 second(s)

2018-11-29 12:08:44 - [TEST_STEP][PASSED] - Statement - CaseReferenceNo = com.kms.katalon.core.webui.keyword.WebUiBuiltInKeywords.getText(com.kms.katalon.core.testobject.ObjectRepository.findTestObject(Final Object Repo/New Registration - Registration Module Pages/Form 2/RefNo Acquiring)): Text of object 'Object Repository/Final Object Repo/New Registration - Registration Module Pages/Form 2/RefNo Acquiring' is: 'CRN11201800122917'

2018-11-29 12:08:44 - [MESSAGE][PASSED] - Text of object 'Object Repository/Final Object Repo/New Registration - Registration Module Pages/Form 2/RefNo Acquiring' is: 'CRN11201800122917'

2018-11-29 12:08:44 - [TEST_STEP][PASSED] - delay: Delayed 1 second(s)

2018-11-29 12:08:45 - [MESSAGE][PASSED] - Delayed 1 second(s)

2018-11-29 12:08:45 - [TEST_STEP][PASSED] - click: Object: 'Object Repository/Final Object Repo/New Registration - Registration Module Pages/Form 2/Add Employee Button' is clicked on

2018-11-29 12:08:45 - [MESSAGE][PASSED] - Object: 'Object Repository/Final Object Repo/New Registration - Registration Module Pages/Form 2/Add Employee Button' is clicked on

2018-11-29 12:08:45 - [TEST_STEP][PASSED] - delay: Delayed 1 second(s)

2018-11-29 12:08:46 - [MESSAGE][PASSED] - Delayed 1 second(s)

2018-11-29 12:08:46 - [TEST_STEP][PASSED] - setText: Text '010903091948' is set on object 'Object Repository/Final Object Repo/New Registration - Registration Module Pages/Form 2/NRIC Input'

2018-11-29 12:08:46 - [MESSAGE][PASSED] - Text '010903091948' is set on object 'Object Repository/Final Object Repo/New Registration - Registration Module Pages/Form 2/NRIC Input'

2018-11-29 12:08:46 - [TEST_STEP][PASSED] - delay: Delayed 2 second(s)

2018-11-29 12:08:48 - [MESSAGE][PASSED] - Delayed 2 second(s)

2018-11-29 12:08:48 - [TEST_STEP][PASSED] - setText: Text 'Automate001 eligible 1' is set on object 'Object Repository/Final Object Repo/New Registration - Registration Module Pages/Form 2/Employee Name Input'

2018-11-29 12:08:49 - [MESSAGE][PASSED] - Text 'Automate001 eligible 1' is set on object 'Object Repository/Final Object Repo/New Registration - Registration Module Pages/Form 2/Employee Name Input'

2018-11-29 12:08:49 - [TEST_STEP][PASSED] - delay: Delayed 2 second(s)

2018-11-29 12:08:51 - [MESSAGE][PASSED] - Delayed 2 second(s)

2018-11-29 12:08:51 - [TEST_STEP][PASSED] - click: Object: 'Object Repository/Final Object Repo/New Registration - Registration Module Pages/Form 2/DatePicker Pop Up' is clicked on

2018-11-29 12:08:51 - [MESSAGE][PASSED] - Object: 'Object Repository/Final Object Repo/New Registration - Registration Module Pages/Form 2/DatePicker Pop Up' is clicked on

2018-11-29 12:08:51 - [TEST_STEP][PASSED] - click: Object: 'Object Repository/Final Object Repo/New Registration - Registration Module Pages/Form 2/DOB Month' is clicked on

2018-11-29 12:08:51 - [MESSAGE][PASSED] - Object: 'Object Repository/Final Object Repo/New Registration - Registration Module Pages/Form 2/DOB Month' is clicked on

2018-11-29 12:08:51 - [TEST_STEP][PASSED] - Statement - CurrentMonth = CurrentMonth: null

2018-11-29 12:08:51 - [TEST_STEP][PASSED] - Statement - selectMonth = new com.kms.katalon.core.testobject.TestObject(): null

2018-11-29 12:08:51 - [TEST_STEP][PASSED] - Statement - selectMonth.addProperty("xpath", EQUALS, "//body/div/div/div/select/option[@value='" + CurrentMonth + "']", true): null

2018-11-29 12:08:51 - [TEST_STEP][PASSED] - click: Object: '' is clicked on

2018-11-29 12:08:52 - [MESSAGE][PASSED] - Object: '' is clicked on

2018-11-29 12:08:52 - [TEST_STEP][PASSED] - click: Object: 'Object Repository/Final Object Repo/New Registration - Registration Module Pages/Form 2/DOB Year' is clicked on

2018-11-29 12:08:52 - [MESSAGE][PASSED] - Object: 'Object Repository/Final Object Repo/New Registration - Registration Module Pages/Form 2/DOB Year' is clicked on

2018-11-29 12:08:52 - [TEST_STEP][PASSED] - Statement - Eyearsbf = EighteenYrsBefore: null

2018-11-29 12:08:52 - [TEST_STEP][PASSED] - Statement - selectYear = new com.kms.katalon.core.testobject.TestObject(): null

2018-11-29 12:08:52 - [TEST_STEP][PASSED] - Statement - selectYear.addProperty("xpath", EQUALS, "//div/div/div/select/option[@value='" + Eyearsbf + "']", true): null

2018-11-29 12:08:52 - [TEST_STEP][PASSED] - click: Object: '' is clicked on

2018-11-29 12:08:52 - [MESSAGE][PASSED] - Object: '' is clicked on

2018-11-29 12:08:52 - [TEST_STEP][PASSED] - Statement - UpdatedSelectDate = com.kms.katalon.core.webui.keyword.WebUiBuiltInKeywords.modifyObjectProperty(com.kms.katalon.core.testobject.ObjectRepository.findTestObject(Final Object Repo/New Registration - Registration Module Pages/Form 2/DOB Date), "xpath", "equals", "//body/div/table/tbody/tr/td/a[text()="" + CurrentDate + ""]", true): Modify property of object successfully

2018-11-29 12:08:52 - [MESSAGE][PASSED] - Modify property of object successfully

2018-11-29 12:08:52 - [TEST_STEP][PASSED] - delay: Delayed 3 second(s)

2018-11-29 12:08:55 - [MESSAGE][PASSED] - Delayed 3 second(s)

2018-11-29 12:08:55 - [TEST_STEP][PASSED] - click: Object: 'Object Repository/Final Object Repo/New Registration - Registration Module Pages/Form 2/DOB Date' is clicked on

2018-11-29 12:08:55 - [MESSAGE][PASSED] - Object: 'Object Repository/Final Object Repo/New Registration - Registration Module Pages/Form 2/DOB Date' is clicked on

2018-11-29 12:08:55 - [TEST_STEP][PASSED] - delay: Delayed 2 second(s)

2018-11-29 12:08:57 - [MESSAGE][PASSED] - Delayed 2 second(s)

2018-11-29 12:08:57 - [TEST_STEP][PASSED] - click: Object: 'Object Repository/Final Object Repo/New Registration - Registration Module Pages/Form 2/EmploymentStartDate Pop Up' is clicked on

2018-11-29 12:08:57 - [MESSAGE][PASSED] - Object: 'Object Repository/Final Object Repo/New Registration - Registration Module Pages/Form 2/EmploymentStartDate Pop Up' is clicked on

2018-11-29 12:08:57 - [TEST_STEP][PASSED] - delay: Delayed 2 second(s)

2018-11-29 12:08:59 - [MESSAGE][PASSED] - Delayed 2 second(s)

2018-11-29 12:08:59 - [TEST_STEP][PASSED] - click: Object: 'Object Repository/Final Object Repo/New Registration - Registration Module Pages/Form 2/Socso Employment StartDate Month' is clicked on

2018-11-29 12:09:00 - [MESSAGE][PASSED] - Object: 'Object Repository/Final Object Repo/New Registration - Registration Module Pages/Form 2/Socso Employment StartDate Month' is clicked on

2018-11-29 12:09:00 - [TEST_STEP][PASSED] - delay: Delayed 1 second(s)

2018-11-29 12:09:01 - [MESSAGE][PASSED] - Delayed 1 second(s)

2018-11-29 12:09:01 - [TEST_STEP][PASSED] - click: Object: 'Object Repository/Final Object Repo/New Registration - Registration Module Pages/Form 2/Select Socso Employement Startdate Month' is clicked on

2018-11-29 12:09:01 - [MESSAGE][PASSED] - Object: 'Object Repository/Final Object Repo/New Registration - Registration Module Pages/Form 2/Select Socso Employement Startdate Month' is clicked on

2018-11-29 12:09:01 - [TEST_STEP][PASSED] - delay: Delayed 2 second(s)

2018-11-29 12:09:03 - [MESSAGE][PASSED] - Delayed 2 second(s)

2018-11-29 12:09:03 - [TEST_STEP][PASSED] - click: Object: 'Object Repository/Final Object Repo/New Registration - Registration Module Pages/Form 2/Socso Employment StartDate Year' is clicked on

2018-11-29 12:09:03 - [MESSAGE][PASSED] - Object: 'Object Repository/Final Object Repo/New Registration - Registration Module Pages/Form 2/Socso Employment StartDate Year' is clicked on

2018-11-29 12:09:03 - [TEST_STEP][PASSED] - delay: Delayed 1 second(s)

2018-11-29 12:09:04 - [MESSAGE][PASSED] - Delayed 1 second(s)

2018-11-29 12:09:04 - [TEST_STEP][PASSED] - click: Object: 'Object Repository/Final Object Repo/New Registration - Registration Module Pages/Form 2/Select Socso Employment Startdate Year' is clicked on

2018-11-29 12:09:04 - [MESSAGE][PASSED] - Object: 'Object Repository/Final Object Repo/New Registration - Registration Module Pages/Form 2/Select Socso Employment Startdate Year' is clicked on

2018-11-29 12:09:04 - [TEST_STEP][PASSED] - delay: Delayed 2 second(s)

2018-11-29 12:09:06 - [MESSAGE][PASSED] - Delayed 2 second(s)

2018-11-29 12:09:06 - [TEST_STEP][PASSED] - click: Object: 'Object Repository/Final Object Repo/New Registration - Registration Module Pages/Form 2/Socso Employment Start Date Day' is clicked on

2018-11-29 12:09:06 - [MESSAGE][PASSED] - Object: 'Object Repository/Final Object Repo/New Registration - Registration Module Pages/Form 2/Socso Employment Start Date Day' is clicked on

2018-11-29 12:09:06 - [TEST_STEP][PASSED] - delay: Delayed 2 second(s)

2018-11-29 12:09:08 - [MESSAGE][PASSED] - Delayed 2 second(s)

2018-11-29 12:09:08 - [TEST_STEP][PASSED] - click: Object: 'Object Repository/Final Object Repo/New Registration - Registration Module Pages/Form 2/Save Button for Add Employee' is clicked on

2018-11-29 12:09:09 - [MESSAGE][PASSED] - Object: 'Object Repository/Final Object Repo/New Registration - Registration Module Pages/Form 2/Save Button for Add Employee' is clicked on

2018-11-29 12:09:09 - [TEST_STEP][PASSED] - delay: Delayed 6 second(s)

2018-11-29 12:09:15 - [MESSAGE][PASSED] - Delayed 6 second(s)

2018-11-29 12:09:15 - [TEST_STEP][PASSED] - click: Object: 'Object Repository/Final Object Repo/New Registration - Registration Module Pages/Form 2/Save and Continue Form 2' is clicked on

2018-11-29 12:09:15 - [MESSAGE][PASSED] - Object: 'Object Repository/Final Object Repo/New Registration - Registration Module Pages/Form 2/Save and Continue Form 2' is clicked on

2018-11-29 12:09:15 - [MESSAGE][PASSED] - Call Test Case 'Test Cases/Final Aug 2018 - PKS Automation/Registration Module/New Registration/Form 2/Add 1 Eligible - Employer Account Use' successfully

2018-11-29 12:09:15 - [TEST_STEP][PASSED] - callTestCase: Call Test Case 'Test Cases/Final Aug 2018 - PKS Automation/Registration Module/New Registration/Flow of New Registration/Third Screen - Upload Supporting Doc - Preview' successfully

2018-11-29 12:09:15 - [TEST_CASE][PASSED] - Test Cases/Final Aug 2018 - PKS Automation/Registration Module/New Registration/Flow of New Registration/Third Screen - Upload Supporting Doc - Preview: Test Cases/Final Aug 2018 - PKS Automation/Registration Module/New Registration/Flow of New Registration/Third Screen - Upload Supporting Doc - Preview

2018-11-29 12:09:15 - [TEST_STEP][PASSED] - waitForPageLoad: Wait for page load successfully

2018-11-29 12:09:16 - [MESSAGE][PASSED] - Wait for page load successfully

2018-11-29 12:09:16 - [TEST_STEP][PASSED] - Statement - CaseReferenceNo = com.kms.katalon.core.webui.keyword.WebUiBuiltInKeywords.getText(com.kms.katalon.core.testobject.ObjectRepository.findTestObject(Final Object Repo/New Registration - Registration Module Pages/Third Screen - Upload Supporting Doc- Preview/RefNo Acquiring)): Text of object 'Object Repository/Final Object Repo/New Registration - Registration Module Pages/Third Screen - Upload Supporting Doc- Preview/RefNo Acquiring' is: 'CRN11201800122917'

2018-11-29 12:09:16 - [MESSAGE][PASSED] - Text of object 'Object Repository/Final Object Repo/New Registration - Registration Module Pages/Third Screen - Upload Supporting Doc- Preview/RefNo Acquiring' is: 'CRN11201800122917'

2018-11-29 12:09:16 - [TEST_STEP][PASSED] - delay: Delayed 2 second(s)

2018-11-29 12:09:18 - [MESSAGE][PASSED] - Delayed 2 second(s)

2018-11-29 12:09:18 - [TEST_STEP][PASSED] - callTestCase: Call Test Case 'Test Cases/Final Aug 2018 - PKS Automation/Common/Reference Number Setter' successfully

2018-11-29 12:09:18 - [TEST_CASE][PASSED] - Test Cases/Final Aug 2018 - PKS Automation/Common/Reference Number Setter: Test Cases/Final Aug 2018 - PKS Automation/Common/Reference Number Setter

2018-11-29 12:09:18 - [TEST_STEP][PASSED] - Statement - RefNoOldFile = new java.io.File(C://Users//Admin//Desktop//PKS//Automation Reference Point//KatalonReference.txt): null

2018-11-29 12:09:18 - [TEST_STEP][PASSED] - Statement - RefNoOldFile.delete(): null

2018-11-29 12:09:18 - [TEST_STEP][PASSED] - delay: Delayed 5 second(s)

2018-11-29 12:09:23 - [MESSAGE][PASSED] - Delayed 5 second(s)

2018-11-29 12:09:23 - [TEST_STEP][PASSED] - Statement - RefNo = new java.io.File(C://Users//Admin//Desktop//PKS//Automation Reference Point//KatalonReference.txt): null

2018-11-29 12:09:23 - [TEST_STEP][PASSED] - Statement - f2 = new java.io.FileWriter(RefNo, false): null

2018-11-29 12:09:23 - [TEST_STEP][PASSED] - Statement - f2.write(CaseReferenceNo): null

2018-11-29 12:09:23 - [TEST_STEP][PASSED] - Statement - f2.close(): null

2018-11-29 12:09:23 - [TEST_STEP][PASSED] - Statement - out.println("


" + CaseReferenceNo + "


"): null

2018-11-29 12:09:23 - [MESSAGE][PASSED] - Call Test Case 'Test Cases/Final Aug 2018 - PKS Automation/Common/Reference Number Setter' successfully

2018-11-29 12:09:23 - [TEST_STEP][PASSED] - waitForElementClickable: Object 'Object Repository/Final Object Repo/New Registration - Registration Module Pages/Third Screen - Upload Supporting Doc- Preview/Save n Continue in SIP Employee Listing Page' is clickable

2018-11-29 12:09:24 - [MESSAGE][PASSED] - Object 'Object Repository/Final Object Repo/New Registration - Registration Module Pages/Third Screen - Upload Supporting Doc- Preview/Save n Continue in SIP Employee Listing Page' is clickable

2018-11-29 12:09:24 - [TEST_STEP][PASSED] - click: Object: 'Object Repository/Final Object Repo/New Registration - Registration Module Pages/Third Screen - Upload Supporting Doc- Preview/Save n Continue in SIP Employee Listing Page' is clicked on

2018-11-29 12:09:29 - [MESSAGE][PASSED] - Object: 'Object Repository/Final Object Repo/New Registration - Registration Module Pages/Third Screen - Upload Supporting Doc- Preview/Save n Continue in SIP Employee Listing Page' is clicked on

2018-11-29 12:09:29 - [TEST_STEP][PASSED] - delay: Delayed 7 second(s)

2018-11-29 12:09:36 - [MESSAGE][PASSED] - Delayed 7 second(s)

2018-11-29 12:09:36 - [TEST_STEP][PASSED] - click: Object: 'Object Repository/Final Object Repo/New Registration - Registration Module Pages/Third Screen - Upload Supporting Doc- Preview/Add Document Button' is clicked on

2018-11-29 12:09:36 - [MESSAGE][PASSED] - Object: 'Object Repository/Final Object Repo/New Registration - Registration Module Pages/Third Screen - Upload Supporting Doc- Preview/Add Document Button' is clicked on

2018-11-29 12:09:36 - [TEST_STEP][PASSED] - delay: Delayed 30 second(s)

2018-11-29 12:10:06 - [MESSAGE][PASSED] - Delayed 30 second(s)

2018-11-29 12:10:06 - [TEST_STEP][PASSED] - click: Object: 'Object Repository/Final Object Repo/New Registration - Registration Module Pages/Third Screen - Upload Supporting Doc- Preview/Supporting Doc Please Select Drop Down' is clicked on

2018-11-29 12:10:06 - [MESSAGE][PASSED] - Object: 'Object Repository/Final Object Repo/New Registration - Registration Module Pages/Third Screen - Upload Supporting Doc- Preview/Supporting Doc Please Select Drop Down' is clicked on

2018-11-29 12:10:06 - [TEST_STEP][PASSED] - delay: Delayed 2 second(s)

2018-11-29 12:10:08 - [MESSAGE][PASSED] - Delayed 2 second(s)

2018-11-29 12:10:08 - [TEST_STEP][PASSED] - click: Object: 'Object Repository/Final Object Repo/New Registration - Registration Module Pages/Third Screen - Upload Supporting Doc- Preview/Select to Upload Form 1' is clicked on

2018-11-29 12:10:09 - [MESSAGE][PASSED] - Object: 'Object Repository/Final Object Repo/New Registration - Registration Module Pages/Third Screen - Upload Supporting Doc- Preview/Select to Upload Form 1' is clicked on

2018-11-29 12:10:09 - [TEST_STEP][PASSED] - delay: Delayed 2 second(s)

2018-11-29 12:10:11 - [MESSAGE][PASSED] - Delayed 2 second(s)

2018-11-29 12:10:11 - [TEST_STEP][PASSED] - uploadFile: File 'C:\Users\Public\Pictures\Sample Pictures\Koala.jpg' sent to object: 'Object Repository/Final Object Repo/New Registration - Registration Module Pages/Third Screen - Upload Supporting Doc- Preview/Upload File Adding'

2018-11-29 12:10:11 - [MESSAGE][PASSED] - File 'C:\Users\Public\Pictures\Sample Pictures\Koala.jpg' sent to object: 'Object Repository/Final Object Repo/New Registration - Registration Module Pages/Third Screen - Upload Supporting Doc- Preview/Upload File Adding'

2018-11-29 12:10:11 - [TEST_STEP][PASSED] - delay: Delayed 5 second(s)

2018-11-29 12:10:16 - [MESSAGE][PASSED] - Delayed 5 second(s)

2018-11-29 12:10:16 - [TEST_STEP][PASSED] - click: Object: 'Object Repository/Final Object Repo/New Registration - Registration Module Pages/Third Screen - Upload Supporting Doc- Preview/Inner Form Add Document Button' is clicked on

2018-11-29 12:10:16 - [MESSAGE][PASSED] - Object: 'Object Repository/Final Object Repo/New Registration - Registration Module Pages/Third Screen - Upload Supporting Doc- Preview/Inner Form Add Document Button' is clicked on

2018-11-29 12:10:16 - [TEST_STEP][PASSED] - delay: Delayed 3 second(s)

2018-11-29 12:10:19 - [MESSAGE][PASSED] - Delayed 3 second(s)

2018-11-29 12:10:19 - [TEST_STEP][PASSED] - click: Object: 'Object Repository/Final Object Repo/New Registration - Registration Module Pages/Third Screen - Upload Supporting Doc- Preview/Add Document Button' is clicked on

2018-11-29 12:10:21 - [MESSAGE][PASSED] - Object: 'Object Repository/Final Object Repo/New Registration - Registration Module Pages/Third Screen - Upload Supporting Doc- Preview/Add Document Button' is clicked on

2018-11-29 12:10:21 - [TEST_STEP][PASSED] - delay: Delayed 30 second(s)

2018-11-29 12:10:51 - [MESSAGE][PASSED] - Delayed 30 second(s)

2018-11-29 12:10:51 - [TEST_STEP][PASSED] - click: Object: 'Object Repository/Final Object Repo/New Registration - Registration Module Pages/Third Screen - Upload Supporting Doc- Preview/Supporting Doc Please Select Drop Down' is clicked on

2018-11-29 12:10:51 - [MESSAGE][PASSED] - Object: 'Object Repository/Final Object Repo/New Registration - Registration Module Pages/Third Screen - Upload Supporting Doc- Preview/Supporting Doc Please Select Drop Down' is clicked on

2018-11-29 12:10:51 - [TEST_STEP][PASSED] - delay: Delayed 2 second(s)

2018-11-29 12:10:53 - [MESSAGE][PASSED] - Delayed 2 second(s)

2018-11-29 12:10:53 - [TEST_STEP][PASSED] - click: Object: 'Object Repository/Final Object Repo/New Registration - Registration Module Pages/Third Screen - Upload Supporting Doc- Preview/Select to Upload Form 2' is clicked on

2018-11-29 12:10:53 - [MESSAGE][PASSED] - Object: 'Object Repository/Final Object Repo/New Registration - Registration Module Pages/Third Screen - Upload Supporting Doc- Preview/Select to Upload Form 2' is clicked on

2018-11-29 12:10:53 - [TEST_STEP][PASSED] - delay: Delayed 2 second(s)

2018-11-29 12:10:55 - [MESSAGE][PASSED] - Delayed 2 second(s)

2018-11-29 12:10:55 - [TEST_STEP][PASSED] - uploadFile: File 'C:\Users\Public\Pictures\Sample Pictures\Koala.jpg' sent to object: 'Object Repository/Final Object Repo/New Registration - Registration Module Pages/Third Screen - Upload Supporting Doc- Preview/Upload File Adding'

2018-11-29 12:10:55 - [MESSAGE][PASSED] - File 'C:\Users\Public\Pictures\Sample Pictures\Koala.jpg' sent to object: 'Object Repository/Final Object Repo/New Registration - Registration Module Pages/Third Screen - Upload Supporting Doc- Preview/Upload File Adding'

2018-11-29 12:10:55 - [TEST_STEP][PASSED] - click: Object: 'Object Repository/Final Object Repo/New Registration - Registration Module Pages/Third Screen - Upload Supporting Doc- Preview/Inner Form Add Document Button' is clicked on

2018-11-29 12:10:55 - [MESSAGE][PASSED] - Object: 'Object Repository/Final Object Repo/New Registration - Registration Module Pages/Third Screen - Upload Supporting Doc- Preview/Inner Form Add Document Button' is clicked on

2018-11-29 12:10:55 - [TEST_STEP][PASSED] - delay: Delayed 5 second(s)

2018-11-29 12:11:00 - [MESSAGE][PASSED] - Delayed 5 second(s)

2018-11-29 12:11:00 - [TEST_STEP][PASSED] - click: Object: 'Object Repository/Final Object Repo/New Registration - Registration Module Pages/Third Screen - Upload Supporting Doc- Preview/Add Document Button' is clicked on

2018-11-29 12:11:01 - [MESSAGE][PASSED] - Object: 'Object Repository/Final Object Repo/New Registration - Registration Module Pages/Third Screen - Upload Supporting Doc- Preview/Add Document Button' is clicked on

2018-11-29 12:11:01 - [TEST_STEP][PASSED] - delay: Delayed 30 second(s)

2018-11-29 12:11:31 - [MESSAGE][PASSED] - Delayed 30 second(s)

2018-11-29 12:11:31 - [TEST_STEP][PASSED] - click: Object: 'Object Repository/Final Object Repo/New Registration - Registration Module Pages/Third Screen - Upload Supporting Doc- Preview/Supporting Doc Please Select Drop Down' is clicked on

2018-11-29 12:11:31 - [MESSAGE][PASSED] - Object: 'Object Repository/Final Object Repo/New Registration - Registration Module Pages/Third Screen - Upload Supporting Doc- Preview/Supporting Doc Please Select Drop Down' is clicked on

2018-11-29 12:11:31 - [TEST_STEP][PASSED] - click: Object: 'Object Repository/Final Object Repo/New Registration - Registration Module Pages/Third Screen - Upload Supporting Doc- Preview/Select to Upload Borang SIP 1' is clicked on

2018-11-29 12:11:31 - [MESSAGE][PASSED] - Object: 'Object Repository/Final Object Repo/New Registration - Registration Module Pages/Third Screen - Upload Supporting Doc- Preview/Select to Upload Borang SIP 1' is clicked on

2018-11-29 12:11:31 - [TEST_STEP][PASSED] - delay: Delayed 2 second(s)

2018-11-29 12:11:33 - [MESSAGE][PASSED] - Delayed 2 second(s)

2018-11-29 12:11:33 - [TEST_STEP][PASSED] - uploadFile: File 'C:\Users\Public\Pictures\Sample Pictures\Koala.jpg' sent to object: 'Object Repository/Final Object Repo/New Registration - Registration Module Pages/Third Screen - Upload Supporting Doc- Preview/Upload File Adding'

2018-11-29 12:11:33 - [MESSAGE][PASSED] - File 'C:\Users\Public\Pictures\Sample Pictures\Koala.jpg' sent to object: 'Object Repository/Final Object Repo/New Registration - Registration Module Pages/Third Screen - Upload Supporting Doc- Preview/Upload File Adding'

2018-11-29 12:11:33 - [TEST_STEP][PASSED] - click: Object: 'Object Repository/Final Object Repo/New Registration - Registration Module Pages/Third Screen - Upload Supporting Doc- Preview/Inner Form Add Document Button' is clicked on

2018-11-29 12:11:33 - [MESSAGE][PASSED] - Object: 'Object Repository/Final Object Repo/New Registration - Registration Module Pages/Third Screen - Upload Supporting Doc- Preview/Inner Form Add Document Button' is clicked on

2018-11-29 12:11:33 - [TEST_STEP][PASSED] - delay: Delayed 5 second(s)

2018-11-29 12:11:38 - [MESSAGE][PASSED] - Delayed 5 second(s)

2018-11-29 12:11:38 - [TEST_STEP][PASSED] - click: Object: 'Object Repository/Final Object Repo/New Registration - Registration Module Pages/Third Screen - Upload Supporting Doc- Preview/Add Document Button' is clicked on

2018-11-29 12:11:39 - [MESSAGE][PASSED] - Object: 'Object Repository/Final Object Repo/New Registration - Registration Module Pages/Third Screen - Upload Supporting Doc- Preview/Add Document Button' is clicked on

2018-11-29 12:11:39 - [TEST_STEP][PASSED] - delay: Delayed 30 second(s)

2018-11-29 12:12:09 - [MESSAGE][PASSED] - Delayed 30 second(s)

2018-11-29 12:12:09 - [TEST_STEP][PASSED] - click: Object: 'Object Repository/Final Object Repo/New Registration - Registration Module Pages/Third Screen - Upload Supporting Doc- Preview/Supporting Doc Please Select Drop Down' is clicked on

2018-11-29 12:12:09 - [MESSAGE][PASSED] - Object: 'Object Repository/Final Object Repo/New Registration - Registration Module Pages/Third Screen - Upload Supporting Doc- Preview/Supporting Doc Please Select Drop Down' is clicked on

2018-11-29 12:12:09 - [TEST_STEP][PASSED] - delay: Delayed 3 second(s)

2018-11-29 12:12:12 - [MESSAGE][PASSED] - Delayed 3 second(s)

2018-11-29 12:12:12 - [TEST_STEP][PASSED] - click: Object: 'Object Repository/Final Object Repo/New Registration - Registration Module Pages/Third Screen - Upload Supporting Doc- Preview/Select to Upload Borang SIP 2' is clicked on

2018-11-29 12:12:12 - [MESSAGE][PASSED] - Object: 'Object Repository/Final Object Repo/New Registration - Registration Module Pages/Third Screen - Upload Supporting Doc- Preview/Select to Upload Borang SIP 2' is clicked on

2018-11-29 12:12:12 - [TEST_STEP][PASSED] - delay: Delayed 2 second(s)

2018-11-29 12:12:14 - [MESSAGE][PASSED] - Delayed 2 second(s)

2018-11-29 12:12:14 - [TEST_STEP][PASSED] - uploadFile: File 'C:\Users\Public\Pictures\Sample Pictures\Koala.jpg' sent to object: 'Object Repository/Final Object Repo/New Registration - Registration Module Pages/Third Screen - Upload Supporting Doc- Preview/Upload File Adding'

2018-11-29 12:12:14 - [MESSAGE][PASSED] - File 'C:\Users\Public\Pictures\Sample Pictures\Koala.jpg' sent to object: 'Object Repository/Final Object Repo/New Registration - Registration Module Pages/Third Screen - Upload Supporting Doc- Preview/Upload File Adding'

2018-11-29 12:12:14 - [TEST_STEP][PASSED] - delay: Delayed 5 second(s)

2018-11-29 12:12:19 - [MESSAGE][PASSED] - Delayed 5 second(s)

2018-11-29 12:12:19 - [TEST_STEP][PASSED] - click: Object: 'Object Repository/Final Object Repo/New Registration - Registration Module Pages/Third Screen - Upload Supporting Doc- Preview/Inner Form Add Document Button' is clicked on

2018-11-29 12:12:20 - [MESSAGE][PASSED] - Object: 'Object Repository/Final Object Repo/New Registration - Registration Module Pages/Third Screen - Upload Supporting Doc- Preview/Inner Form Add Document Button' is clicked on

2018-11-29 12:12:20 - [TEST_STEP][PASSED] - delay: Delayed 3 second(s)

2018-11-29 12:12:23 - [MESSAGE][PASSED] - Delayed 3 second(s)

2018-11-29 12:12:23 - [TEST_STEP][PASSED] - waitForElementClickable: Object 'Object Repository/Final Object Repo/New Registration - Registration Module Pages/Third Screen - Upload Supporting Doc- Preview/Save n Continue in Uploading Supporting Doc Page' is clickable

2018-11-29 12:12:24 - [MESSAGE][PASSED] - Object 'Object Repository/Final Object Repo/New Registration - Registration Module Pages/Third Screen - Upload Supporting Doc- Preview/Save n Continue in Uploading Supporting Doc Page' is clickable

2018-11-29 12:12:24 - [TEST_STEP][PASSED] - click: Object: 'Object Repository/Final Object Repo/New Registration - Registration Module Pages/Third Screen - Upload Supporting Doc- Preview/Save n Continue in Uploading Supporting Doc Page' is clicked on

2018-11-29 12:12:24 - [MESSAGE][PASSED] - Object: 'Object Repository/Final Object Repo/New Registration - Registration Module Pages/Third Screen - Upload Supporting Doc- Preview/Save n Continue in Uploading Supporting Doc Page' is clicked on

2018-11-29 12:12:24 - [MESSAGE][PASSED] - Call Test Case 'Test Cases/Final Aug 2018 - PKS Automation/Registration Module/New Registration/Flow of New Registration/Third Screen - Upload Supporting Doc - Preview' successfully

2018-11-29 12:12:24 - [TEST_STEP][PASSED] - setText: Text 'Tester' is set on object 'Object Repository/Final Object Repo/New Registration - Registration Module Pages/New Reg - OTC to RO/Special Case - All Related Objects/Employer Preview Name'

2018-11-29 12:12:29 - [MESSAGE][PASSED] - Text 'Tester' is set on object 'Object Repository/Final Object Repo/New Registration - Registration Module Pages/New Reg - OTC to RO/Special Case - All Related Objects/Employer Preview Name'

2018-11-29 12:12:29 - [TEST_STEP][PASSED] - click: Object: 'Object Repository/Final Object Repo/New Registration - Registration Module Pages/New Reg - OTC to RO/Special Case - All Related Objects/IC Type Drop Down' is clicked on

2018-11-29 12:12:30 - [MESSAGE][PASSED] - Object: 'Object Repository/Final Object Repo/New Registration - Registration Module Pages/New Reg - OTC to RO/Special Case - All Related Objects/IC Type Drop Down' is clicked on

2018-11-29 12:12:30 - [TEST_STEP][PASSED] - click: Object: 'Object Repository/Final Object Repo/New Registration - Registration Module Pages/New Reg - OTC to RO/Special Case - All Related Objects/Select to NRIC' is clicked on

2018-11-29 12:12:30 - [MESSAGE][PASSED] - Object: 'Object Repository/Final Object Repo/New Registration - Registration Module Pages/New Reg - OTC to RO/Special Case - All Related Objects/Select to NRIC' is clicked on

2018-11-29 12:12:30 - [TEST_STEP][PASSED] - setText: Text '133245561223' is set on object 'Object Repository/Final Object Repo/New Registration - Registration Module Pages/New Reg - OTC to RO/Special Case - All Related Objects/IC Value'

2018-11-29 12:12:30 - [MESSAGE][PASSED] - Text '133245561223' is set on object 'Object Repository/Final Object Repo/New Registration - Registration Module Pages/New Reg - OTC to RO/Special Case - All Related Objects/IC Value'

2018-11-29 12:12:30 - [TEST_STEP][PASSED] - setText: Text 'Auto' is set on object 'Object Repository/Final Object Repo/New Registration - Registration Module Pages/New Reg - OTC to RO/Special Case - All Related Objects/Designation'

2018-11-29 12:12:30 - [MESSAGE][PASSED] - Text 'Auto' is set on object 'Object Repository/Final Object Repo/New Registration - Registration Module Pages/New Reg - OTC to RO/Special Case - All Related Objects/Designation'

2018-11-29 12:12:30 - [TEST_STEP][PASSED] - callTestCase: Call Test Case 'Test Cases/Final Aug 2018 - PKS Automation/Registration Module/New Registration/Submit and Screenshot/Submit Registration and Screenshot - Copy' successfully

2018-11-29 12:12:30 - [TEST_CASE][PASSED] - Test Cases/Final Aug 2018 - PKS Automation/Registration Module/New Registration/Submit and Screenshot/Submit Registration and Screenshot - Copy: Test Cases/Final Aug 2018 - PKS Automation/Registration Module/New Registration/Submit and Screenshot/Submit Registration and Screenshot - Copy

2018-11-29 12:12:31 - [TEST_STEP][PASSED] - delay: Delayed 6 second(s)

2018-11-29 12:12:37 - [MESSAGE][PASSED] - Delayed 6 second(s)

2018-11-29 12:12:37 - [TEST_STEP][PASSED] - click: Object: 'Object Repository/Final Object Repo/New Registration - Registration Module Pages/Third Screen - Upload Supporting Doc- Preview/Preview Submit Button' is clicked on

2018-11-29 12:12:37 - [MESSAGE][PASSED] - Object: 'Object Repository/Final Object Repo/New Registration - Registration Module Pages/Third Screen - Upload Supporting Doc- Preview/Preview Submit Button' is clicked on

2018-11-29 12:12:37 - [TEST_STEP][PASSED] - delay: Delayed 2 second(s)

2018-11-29 12:12:39 - [MESSAGE][PASSED] - Delayed 2 second(s)

2018-11-29 12:12:39 - [TEST_STEP][PASSED] - click: Object: 'Object Repository/Final Object Repo/New Registration - Registration Module Pages/Third Screen - Upload Supporting Doc- Preview/Preview Submit - Confirm' is clicked on

2018-11-29 12:12:39 - [MESSAGE][PASSED] - Object: 'Object Repository/Final Object Repo/New Registration - Registration Module Pages/Third Screen - Upload Supporting Doc- Preview/Preview Submit - Confirm' is clicked on

2018-11-29 12:12:39 - [TEST_STEP][PASSED] - delay: Delayed 15 second(s)

2018-11-29 12:12:54 - [MESSAGE][PASSED] - Delayed 15 second(s)

2018-11-29 12:12:54 - [TEST_STEP][PASSED] - Statement - driver = com.kms.katalon.core.webui.driver.DriverFactory.getWebDriver(): null

2018-11-29 12:12:54 - [TEST_STEP][PASSED] - Statement - driver.manage().timeouts().implicitlyWait(10, SECONDS): null

2018-11-29 12:12:54 - [TEST_STEP][PASSED] - Statement - PresavePath = KatalonScreenshots: null

2018-11-29 12:12:54 - [TEST_STEP][PASSED] - Statement - pathPrefix = "C:\Users\Public\Pictures\Sample Pictures\Katalon Screenshots\Automate Ending Screen": null

2018-11-29 12:12:54 - [TEST_STEP][PASSED] - Statement - finalPath = <not implemented yet for class: org.codehaus.groovy.ast.expr.EmptyExpression>: null

2018-11-29 12:12:54 - [TEST_STEP][PASSED] - Statement - scrFile = driver.getScreenshotAs(FILE): null

2018-11-29 12:12:55 - [TEST_STEP][PASSED] - Statement - PreSaveFile = new java.io.File(PresavePath): null

2018-11-29 12:12:55 - [TEST_STEP][PASSED] - Statement - counter = 0: null

2018-11-29 12:12:55 - [TEST_STEP][PASSED] - Statement - If (PreSaveFile.exists()): null

2018-11-29 12:12:55 - [TEST_STEP][PASSED] - Statement - While (PreSaveFile.exists()): null

2018-11-29 12:12:55 - [TEST_STEP][PASSED] - Statement - counter = counter + 1: null

2018-11-29 12:12:55 - [TEST_STEP][PASSED] - Statement - PreSaveFile = new java.io.File(((pathPrefix + java.lang.Integer.toString(counter)) + .png)): null

2018-11-29 12:12:55 - [TEST_STEP][PASSED] - Statement - counter = counter + 1: null

2018-11-29 12:12:55 - [TEST_STEP][PASSED] - Statement - PreSaveFile = new java.io.File(((pathPrefix + java.lang.Integer.toString(counter)) + .png)): null

2018-11-29 12:12:55 - [TEST_STEP][PASSED] - Statement - counter = counter + 1: null

2018-11-29 12:12:55 - [TEST_STEP][PASSED] - Statement - PreSaveFile = new java.io.File(((pathPrefix + java.lang.Integer.toString(counter)) + .png)): null

2018-11-29 12:12:55 - [TEST_STEP][PASSED] - Statement - counter = counter + 1: null

2018-11-29 12:12:55 - [TEST_STEP][PASSED] - Statement - PreSaveFile = new java.io.File(((pathPrefix + java.lang.Integer.toString(counter)) + .png)): null

2018-11-29 12:12:55 - [TEST_STEP][PASSED] - Statement - counter = counter + 1: null

2018-11-29 12:12:55 - [TEST_STEP][PASSED] - Statement - PreSaveFile = new java.io.File(((pathPrefix + java.lang.Integer.toString(counter)) + .png)): null

2018-11-29 12:12:55 - [TEST_STEP][PASSED] - Statement - counter = counter + 1: null

2018-11-29 12:12:55 - [TEST_STEP][PASSED] - Statement - PreSaveFile = new java.io.File(((pathPrefix + java.lang.Integer.toString(counter)) + .png)): null

2018-11-29 12:12:55 - [TEST_STEP][PASSED] - Statement - counter = counter + 1: null

2018-11-29 12:12:55 - [TEST_STEP][PASSED] - Statement - PreSaveFile = new java.io.File(((pathPrefix + java.lang.Integer.toString(counter)) + .png)): null

2018-11-29 12:12:55 - [TEST_STEP][PASSED] - Statement - counter = counter + 1: null

2018-11-29 12:12:55 - [TEST_STEP][PASSED] - Statement - PreSaveFile = new java.io.File(((pathPrefix + java.lang.Integer.toString(counter)) + .png)): null

2018-11-29 12:12:55 - [TEST_STEP][PASSED] - Statement - counter = counter + 1: null

2018-11-29 12:12:55 - [TEST_STEP][PASSED] - Statement - PreSaveFile = new java.io.File(((pathPrefix + java.lang.Integer.toString(counter)) + .png)): null

2018-11-29 12:12:55 - [TEST_STEP][PASSED] - Statement - counter = counter + 1: null

2018-11-29 12:12:55 - [TEST_STEP][PASSED] - Statement - PreSaveFile = new java.io.File(((pathPrefix + java.lang.Integer.toString(counter)) + .png)): null

2018-11-29 12:12:55 - [TEST_STEP][PASSED] - Statement - counter = counter + 1: null

2018-11-29 12:12:55 - [TEST_STEP][PASSED] - Statement - PreSaveFile = new java.io.File(((pathPrefix + java.lang.Integer.toString(counter)) + .png)): null

2018-11-29 12:12:55 - [TEST_STEP][PASSED] - Statement - counter = counter + 1: null

2018-11-29 12:12:55 - [TEST_STEP][PASSED] - Statement - PreSaveFile = new java.io.File(((pathPrefix + java.lang.Integer.toString(counter)) + .png)): null

2018-11-29 12:12:55 - [TEST_STEP][PASSED] - Statement - counter = counter + 1: null

2018-11-29 12:12:55 - [TEST_STEP][PASSED] - Statement - PreSaveFile = new java.io.File(((pathPrefix + java.lang.Integer.toString(counter)) + .png)): null

2018-11-29 12:12:55 - [TEST_STEP][PASSED] - Statement - counter = counter + 1: null

2018-11-29 12:12:55 - [TEST_STEP][PASSED] - Statement - PreSaveFile = new java.io.File(((pathPrefix + java.lang.Integer.toString(counter)) + .png)): null

2018-11-29 12:12:55 - [TEST_STEP][PASSED] - Statement - counter = counter + 1: null

2018-11-29 12:12:55 - [TEST_STEP][PASSED] - Statement - PreSaveFile = new java.io.File(((pathPrefix + java.lang.Integer.toString(counter)) + .png)): null

2018-11-29 12:12:55 - [TEST_STEP][PASSED] - Statement - counter = counter + 1: null

2018-11-29 12:12:55 - [TEST_STEP][PASSED] - Statement - PreSaveFile = new java.io.File(((pathPrefix + java.lang.Integer.toString(counter)) + .png)): null

2018-11-29 12:12:55 - [TEST_STEP][PASSED] - Statement - counter = counter + 1: null

2018-11-29 12:12:55 - [TEST_STEP][PASSED] - Statement - PreSaveFile = new java.io.File(((pathPrefix + java.lang.Integer.toString(counter)) + .png)): null

2018-11-29 12:12:55 - [TEST_STEP][PASSED] - Statement - counter = counter + 1: null

2018-11-29 12:12:55 - [TEST_STEP][PASSED] - Statement - PreSaveFile = new java.io.File(((pathPrefix + java.lang.Integer.toString(counter)) + .png)): null

2018-11-29 12:12:55 - [TEST_STEP][PASSED] - Statement - counter = counter + 1: null

2018-11-29 12:12:55 - [TEST_STEP][PASSED] - Statement - PreSaveFile = new java.io.File(((pathPrefix + java.lang.Integer.toString(counter)) + .png)): null

2018-11-29 12:12:56 - [TEST_STEP][PASSED] - Statement - counter = counter + 1: null

2018-11-29 12:12:56 - [TEST_STEP][PASSED] - Statement - PreSaveFile = new java.io.File(((pathPrefix + java.lang.Integer.toString(counter)) + .png)): null

2018-11-29 12:12:56 - [TEST_STEP][PASSED] - Statement - counter = counter + 1: null

2018-11-29 12:12:56 - [TEST_STEP][PASSED] - Statement - PreSaveFile = new java.io.File(((pathPrefix + java.lang.Integer.toString(counter)) + .png)): null

2018-11-29 12:12:56 - [TEST_STEP][PASSED] - Statement - counter = counter + 1: null

2018-11-29 12:12:56 - [TEST_STEP][PASSED] - Statement - PreSaveFile = new java.io.File(((pathPrefix + java.lang.Integer.toString(counter)) + .png)): null

2018-11-29 12:12:56 - [TEST_STEP][PASSED] - Statement - counter = counter + 1: null

2018-11-29 12:12:56 - [TEST_STEP][PASSED] - Statement - PreSaveFile = new java.io.File(((pathPrefix + java.lang.Integer.toString(counter)) + .png)): null

2018-11-29 12:12:56 - [TEST_STEP][PASSED] - Statement - counter = counter + 1: null

2018-11-29 12:12:56 - [TEST_STEP][PASSED] - Statement - PreSaveFile = new java.io.File(((pathPrefix + java.lang.Integer.toString(counter)) + .png)): null

2018-11-29 12:12:56 - [TEST_STEP][PASSED] - Statement - counter = counter + 1: null

2018-11-29 12:12:57 - [TEST_STEP][PASSED] - Statement - PreSaveFile = new java.io.File(((pathPrefix + java.lang.Integer.toString(counter)) + .png)): null

2018-11-29 12:12:57 - [TEST_STEP][PASSED] - Statement - counter = counter + 1: null

2018-11-29 12:12:57 - [TEST_STEP][PASSED] - Statement - PreSaveFile = new java.io.File(((pathPrefix + java.lang.Integer.toString(counter)) + .png)): null

2018-11-29 12:12:57 - [TEST_STEP][PASSED] - Statement - counter = counter + 1: null

2018-11-29 12:12:57 - [TEST_STEP][PASSED] - Statement - PreSaveFile = new java.io.File(((pathPrefix + java.lang.Integer.toString(counter)) + .png)): null

2018-11-29 12:12:57 - [TEST_STEP][PASSED] - Statement - counter = counter + 1: null

2018-11-29 12:12:57 - [TEST_STEP][PASSED] - Statement - PreSaveFile = new java.io.File(((pathPrefix + java.lang.Integer.toString(counter)) + .png)): null

2018-11-29 12:12:57 - [TEST_STEP][PASSED] - Statement - counter = counter + 1: null

2018-11-29 12:12:57 - [TEST_STEP][PASSED] - Statement - PreSaveFile = new java.io.File(((pathPrefix + java.lang.Integer.toString(counter)) + .png)): null

2018-11-29 12:12:57 - [TEST_STEP][PASSED] - Statement - counter = counter + 1: null

2018-11-29 12:12:57 - [TEST_STEP][PASSED] - Statement - PreSaveFile = new java.io.File(((pathPrefix + java.lang.Integer.toString(counter)) + .png)): null

2018-11-29 12:12:58 - [TEST_STEP][PASSED] - Statement - counter = counter + 1: null

2018-11-29 12:12:58 - [TEST_STEP][PASSED] - Statement - PreSaveFile = new java.io.File(((pathPrefix + java.lang.Integer.toString(counter)) + .png)): null

2018-11-29 12:12:58 - [TEST_STEP][PASSED] - Statement - counter = counter + 1: null

2018-11-29 12:12:58 - [TEST_STEP][PASSED] - Statement - PreSaveFile = new java.io.File(((pathPrefix + java.lang.Integer.toString(counter)) + .png)): null

2018-11-29 12:12:58 - [TEST_STEP][PASSED] - Statement - counter = counter + 1: null

2018-11-29 12:12:58 - [TEST_STEP][PASSED] - Statement - PreSaveFile = new java.io.File(((pathPrefix + java.lang.Integer.toString(counter)) + .png)): null

2018-11-29 12:12:58 - [TEST_STEP][PASSED] - Statement - counter = counter + 1: null

2018-11-29 12:12:58 - [TEST_STEP][PASSED] - Statement - PreSaveFile = new java.io.File(((pathPrefix + java.lang.Integer.toString(counter)) + .png)): null

2018-11-29 12:12:58 - [TEST_STEP][PASSED] - Statement - counter = counter + 1: null

2018-11-29 12:12:59 - [TEST_STEP][PASSED] - Statement - PreSaveFile = new java.io.File(((pathPrefix + java.lang.Integer.toString(counter)) + .png)): null

2018-11-29 12:12:59 - [TEST_STEP][PASSED] - Statement - counter = counter + 1: null

2018-11-29 12:12:59 - [TEST_STEP][PASSED] - Statement - PreSaveFile = new java.io.File(((pathPrefix + java.lang.Integer.toString(counter)) + .png)): null

2018-11-29 12:12:59 - [TEST_STEP][PASSED] - Statement - counter = counter + 1: null

2018-11-29 12:12:59 - [TEST_STEP][PASSED] - Statement - PreSaveFile = new java.io.File(((pathPrefix + java.lang.Integer.toString(counter)) + .png)): null

2018-11-29 12:12:59 - [TEST_STEP][PASSED] - Statement - counter = counter + 1: null

2018-11-29 12:12:59 - [TEST_STEP][PASSED] - Statement - PreSaveFile = new java.io.File(((pathPrefix + java.lang.Integer.toString(counter)) + .png)): null

2018-11-29 12:12:59 - [TEST_STEP][PASSED] - Statement - counter = counter + 1: null

2018-11-29 12:12:59 - [TEST_STEP][PASSED] - Statement - PreSaveFile = new java.io.File(((pathPrefix + java.lang.Integer.toString(counter)) + .png)): null

2018-11-29 12:12:59 - [TEST_STEP][PASSED] - Statement - counter = counter + 1: null

2018-11-29 12:12:59 - [TEST_STEP][PASSED] - Statement - PreSaveFile = new java.io.File(((pathPrefix + java.lang.Integer.toString(counter)) + .png)): null

2018-11-29 12:12:59 - [TEST_STEP][PASSED] - Statement - counter = counter + 1: null

2018-11-29 12:12:59 - [TEST_STEP][PASSED] - Statement - PreSaveFile = new java.io.File(((pathPrefix + java.lang.Integer.toString(counter)) + .png)): null

2018-11-29 12:12:59 - [TEST_STEP][PASSED] - Statement - counter = counter + 1: null

2018-11-29 12:12:59 - [TEST_STEP][PASSED] - Statement - PreSaveFile = new java.io.File(((pathPrefix + java.lang.Integer.toString(counter)) + .png)): null

2018-11-29 12:12:59 - [TEST_STEP][PASSED] - Statement - counter = counter + 1: null

2018-11-29 12:12:59 - [TEST_STEP][PASSED] - Statement - PreSaveFile = new java.io.File(((pathPrefix + java.lang.Integer.toString(counter)) + .png)): null

2018-11-29 12:12:59 - [TEST_STEP][PASSED] - Statement - counter = counter + 1: null

2018-11-29 12:12:59 - [TEST_STEP][PASSED] - Statement - PreSaveFile = new java.io.File(((pathPrefix + java.lang.Integer.toString(counter)) + .png)): null

2018-11-29 12:13:00 - [TEST_STEP][PASSED] - Statement - counter = counter + 1: null

2018-11-29 12:13:00 - [TEST_STEP][PASSED] - Statement - PreSaveFile = new java.io.File(((pathPrefix + java.lang.Integer.toString(counter)) + .png)): null

2018-11-29 12:13:00 - [TEST_STEP][PASSED] - Statement - counter = counter + 1: null

2018-11-29 12:13:00 - [TEST_STEP][PASSED] - Statement - PreSaveFile = new java.io.File(((pathPrefix + java.lang.Integer.toString(counter)) + .png)): null

2018-11-29 12:13:00 - [TEST_STEP][PASSED] - Statement - counter = counter + 1: null

2018-11-29 12:13:00 - [TEST_STEP][PASSED] - Statement - PreSaveFile = new java.io.File(((pathPrefix + java.lang.Integer.toString(counter)) + .png)): null

2018-11-29 12:13:00 - [TEST_STEP][PASSED] - Statement - counter = counter + 1: null

2018-11-29 12:13:00 - [TEST_STEP][PASSED] - Statement - PreSaveFile = new java.io.File(((pathPrefix + java.lang.Integer.toString(counter)) + .png)): null

2018-11-29 12:13:00 - [TEST_STEP][PASSED] - Statement - counter = counter + 1: null

2018-11-29 12:13:00 - [TEST_STEP][PASSED] - Statement - PreSaveFile = new java.io.File(((pathPrefix + java.lang.Integer.toString(counter)) + .png)): null

2018-11-29 12:13:01 - [TEST_STEP][PASSED] - Statement - counter = counter + 1: null

2018-11-29 12:13:01 - [TEST_STEP][PASSED] - Statement - PreSaveFile = new java.io.File(((pathPrefix + java.lang.Integer.toString(counter)) + .png)): null

2018-11-29 12:13:01 - [TEST_STEP][PASSED] - Statement - counter = counter + 1: null

2018-11-29 12:13:01 - [TEST_STEP][PASSED] - Statement - PreSaveFile = new java.io.File(((pathPrefix + java.lang.Integer.toString(counter)) + .png)): null

2018-11-29 12:13:01 - [TEST_STEP][PASSED] - Statement - counter = counter + 1: null

2018-11-29 12:13:01 - [TEST_STEP][PASSED] - Statement - PreSaveFile = new java.io.File(((pathPrefix + java.lang.Integer.toString(counter)) + .png)): null

2018-11-29 12:13:01 - [TEST_STEP][PASSED] - Statement - counter = counter + 1: null

2018-11-29 12:13:01 - [TEST_STEP][PASSED] - Statement - PreSaveFile = new java.io.File(((pathPrefix + java.lang.Integer.toString(counter)) + .png)): null

2018-11-29 12:13:01 - [TEST_STEP][PASSED] - Statement - counter = counter + 1: null

2018-11-29 12:13:02 - [TEST_STEP][PASSED] - Statement - PreSaveFile = new java.io.File(((pathPrefix + java.lang.Integer.toString(counter)) + .png)): null

2018-11-29 12:13:02 - [TEST_STEP][PASSED] - Statement - counter = counter + 1: null

2018-11-29 12:13:02 - [TEST_STEP][PASSED] - Statement - PreSaveFile = new java.io.File(((pathPrefix + java.lang.Integer.toString(counter)) + .png)): null

2018-11-29 12:13:02 - [TEST_STEP][PASSED] - Statement - counter = counter + 1: null

2018-11-29 12:13:02 - [TEST_STEP][PASSED] - Statement - PreSaveFile = new java.io.File(((pathPrefix + java.lang.Integer.toString(counter)) + .png)): null

2018-11-29 12:13:02 - [TEST_STEP][PASSED] - Statement - counter = counter + 1: null

2018-11-29 12:13:02 - [TEST_STEP][PASSED] - Statement - PreSaveFile = new java.io.File(((pathPrefix + java.lang.Integer.toString(counter)) + .png)): null

2018-11-29 12:13:02 - [TEST_STEP][PASSED] - Statement - counter = counter + 1: null

2018-11-29 12:13:02 - [TEST_STEP][PASSED] - Statement - PreSaveFile = new java.io.File(((pathPrefix + java.lang.Integer.toString(counter)) + .png)): null

2018-11-29 12:13:02 - [TEST_STEP][PASSED] - Statement - counter = counter + 1: null

2018-11-29 12:13:03 - [TEST_STEP][PASSED] - Statement - PreSaveFile = new java.io.File(((pathPrefix + java.lang.Integer.toString(counter)) + .png)): null

2018-11-29 12:13:03 - [TEST_STEP][PASSED] - Statement - counter = counter + 1: null

2018-11-29 12:13:03 - [TEST_STEP][PASSED] - Statement - PreSaveFile = new java.io.File(((pathPrefix + java.lang.Integer.toString(counter)) + .png)): null

2018-11-29 12:13:03 - [TEST_STEP][PASSED] - Statement - counter = counter + 1: null

2018-11-29 12:13:03 - [TEST_STEP][PASSED] - Statement - PreSaveFile = new java.io.File(((pathPrefix + java.lang.Integer.toString(counter)) + .png)): null

2018-11-29 12:13:03 - [TEST_STEP][PASSED] - Statement - counter = counter + 1: null

2018-11-29 12:13:03 - [TEST_STEP][PASSED] - Statement - PreSaveFile = new java.io.File(((pathPrefix + java.lang.Integer.toString(counter)) + .png)): null

2018-11-29 12:13:03 - [TEST_STEP][PASSED] - Statement - counter = counter + 1: null

2018-11-29 12:13:03 - [TEST_STEP][PASSED] - Statement - PreSaveFile = new java.io.File(((pathPrefix + java.lang.Integer.toString(counter)) + .png)): null

2018-11-29 12:13:04 - [TEST_STEP][PASSED] - Statement - counter = counter + 1: null

2018-11-29 12:13:04 - [TEST_STEP][PASSED] - Statement - PreSaveFile = new java.io.File(((pathPrefix + java.lang.Integer.toString(counter)) + .png)): null

2018-11-29 12:13:04 - [TEST_STEP][PASSED] - Statement - counter = counter + 1: null

2018-11-29 12:13:04 - [TEST_STEP][PASSED] - Statement - PreSaveFile = new java.io.File(((pathPrefix + java.lang.Integer.toString(counter)) + .png)): null

2018-11-29 12:13:04 - [TEST_STEP][PASSED] - Statement - counter = counter + 1: null

2018-11-29 12:13:04 - [TEST_STEP][PASSED] - Statement - PreSaveFile = new java.io.File(((pathPrefix + java.lang.Integer.toString(counter)) + .png)): null

2018-11-29 12:13:04 - [TEST_STEP][PASSED] - Statement - counter = counter + 1: null

2018-11-29 12:13:04 - [TEST_STEP][PASSED] - Statement - PreSaveFile = new java.io.File(((pathPrefix + java.lang.Integer.toString(counter)) + .png)): null

2018-11-29 12:13:04 - [TEST_STEP][PASSED] - Statement - counter = counter + 1: null

2018-11-29 12:13:04 - [TEST_STEP][PASSED] - Statement - PreSaveFile = new java.io.File(((pathPrefix + java.lang.Integer.toString(counter)) + .png)): null

2018-11-29 12:13:05 - [TEST_STEP][PASSED] - Statement - counter = counter + 1: null

2018-11-29 12:13:05 - [TEST_STEP][PASSED] - Statement - PreSaveFile = new java.io.File(((pathPrefix + java.lang.Integer.toString(counter)) + .png)): null

2018-11-29 12:13:05 - [TEST_STEP][PASSED] - Statement - counter = counter + 1: null

2018-11-29 12:13:05 - [TEST_STEP][PASSED] - Statement - PreSaveFile = new java.io.File(((pathPrefix + java.lang.Integer.toString(counter)) + .png)): null

2018-11-29 12:13:05 - [TEST_STEP][PASSED] - Statement - counter = counter + 1: null

2018-11-29 12:13:05 - [TEST_STEP][PASSED] - Statement - PreSaveFile = new java.io.File(((pathPrefix + java.lang.Integer.toString(counter)) + .png)): null

2018-11-29 12:13:05 - [TEST_STEP][PASSED] - Statement - counter = counter + 1: null

2018-11-29 12:13:05 - [TEST_STEP][PASSED] - Statement - PreSaveFile = new java.io.File(((pathPrefix + java.lang.Integer.toString(counter)) + .png)): null

2018-11-29 12:13:05 - [TEST_STEP][PASSED] - Statement - counter = counter + 1: null

2018-11-29 12:13:05 - [TEST_STEP][PASSED] - Statement - PreSaveFile = new java.io.File(((pathPrefix + java.lang.Integer.toString(counter)) + .png)): null

2018-11-29 12:13:06 - [TEST_STEP][PASSED] - Statement - counter = counter + 1: null

2018-11-29 12:13:06 - [TEST_STEP][PASSED] - Statement - PreSaveFile = new java.io.File(((pathPrefix + java.lang.Integer.toString(counter)) + .png)): null

2018-11-29 12:13:06 - [TEST_STEP][PASSED] - Statement - counter = counter + 1: null

2018-11-29 12:13:06 - [TEST_STEP][PASSED] - Statement - PreSaveFile = new java.io.File(((pathPrefix + java.lang.Integer.toString(counter)) + .png)): null

2018-11-29 12:13:06 - [TEST_STEP][PASSED] - Statement - counter = counter + 1: null

2018-11-29 12:13:06 - [TEST_STEP][PASSED] - Statement - PreSaveFile = new java.io.File(((pathPrefix + java.lang.Integer.toString(counter)) + .png)): null

2018-11-29 12:13:06 - [TEST_STEP][PASSED] - Statement - counter = counter + 1: null

2018-11-29 12:13:06 - [TEST_STEP][PASSED] - Statement - PreSaveFile = new java.io.File(((pathPrefix + java.lang.Integer.toString(counter)) + .png)): null

2018-11-29 12:13:06 - [TEST_STEP][PASSED] - Statement - counter = counter + 1: null

2018-11-29 12:13:07 - [TEST_STEP][PASSED] - Statement - PreSaveFile = new java.io.File(((pathPrefix + java.lang.Integer.toString(counter)) + .png)): null

2018-11-29 12:13:07 - [TEST_STEP][PASSED] - Statement - counter = counter + 1: null

2018-11-29 12:13:07 - [TEST_STEP][PASSED] - Statement - PreSaveFile = new java.io.File(((pathPrefix + java.lang.Integer.toString(counter)) + .png)): null

2018-11-29 12:13:07 - [TEST_STEP][PASSED] - Statement - counter = counter + 1: null

2018-11-29 12:13:07 - [TEST_STEP][PASSED] - Statement - PreSaveFile = new java.io.File(((pathPrefix + java.lang.Integer.toString(counter)) + .png)): null

2018-11-29 12:13:07 - [TEST_STEP][PASSED] - Statement - counter = counter + 1: null

2018-11-29 12:13:07 - [TEST_STEP][PASSED] - Statement - PreSaveFile = new java.io.File(((pathPrefix + java.lang.Integer.toString(counter)) + .png)): null

2018-11-29 12:13:07 - [TEST_STEP][PASSED] - Statement - counter = counter + 1: null

2018-11-29 12:13:07 - [TEST_STEP][PASSED] - Statement - PreSaveFile = new java.io.File(((pathPrefix + java.lang.Integer.toString(counter)) + .png)): null

2018-11-29 12:13:07 - [TEST_STEP][PASSED] - Statement - counter = counter + 1: null

2018-11-29 12:13:08 - [TEST_STEP][PASSED] - Statement - PreSaveFile = new java.io.File(((pathPrefix + java.lang.Integer.toString(counter)) + .png)): null

2018-11-29 12:13:08 - [TEST_STEP][PASSED] - Statement - counter = counter + 1: null

2018-11-29 12:13:08 - [TEST_STEP][PASSED] - Statement - PreSaveFile = new java.io.File(((pathPrefix + java.lang.Integer.toString(counter)) + .png)): null

2018-11-29 12:13:08 - [TEST_STEP][PASSED] - Statement - counter = counter + 1: null

2018-11-29 12:13:08 - [TEST_STEP][PASSED] - Statement - PreSaveFile = new java.io.File(((pathPrefix + java.lang.Integer.toString(counter)) + .png)): null

2018-11-29 12:13:08 - [TEST_STEP][PASSED] - Statement - counter = counter + 1: null

2018-11-29 12:13:08 - [TEST_STEP][PASSED] - Statement - PreSaveFile = new java.io.File(((pathPrefix + java.lang.Integer.toString(counter)) + .png)): null

2018-11-29 12:13:08 - [TEST_STEP][PASSED] - Statement - counter = counter + 1: null

2018-11-29 12:13:08 - [TEST_STEP][PASSED] - Statement - PreSaveFile = new java.io.File(((pathPrefix + java.lang.Integer.toString(counter)) + .png)): null

2018-11-29 12:13:10 - [TEST_STEP][PASSED] - Statement - counter = counter + 1: null

2018-11-29 12:13:10 - [TEST_STEP][PASSED] - Statement - PreSaveFile = new java.io.File(((pathPrefix + java.lang.Integer.toString(counter)) + .png)): null

2018-11-29 12:13:10 - [TEST_STEP][PASSED] - Statement - counter = counter + 1: null

2018-11-29 12:13:10 - [TEST_STEP][PASSED] - Statement - PreSaveFile = new java.io.File(((pathPrefix + java.lang.Integer.toString(counter)) + .png)): null

2018-11-29 12:13:10 - [TEST_STEP][PASSED] - Statement - counter = counter + 1: null

2018-11-29 12:13:10 - [TEST_STEP][PASSED] - Statement - PreSaveFile = new java.io.File(((pathPrefix + java.lang.Integer.toString(counter)) + .png)): null

2018-11-29 12:13:10 - [TEST_STEP][PASSED] - Statement - counter = counter + 1: null

2018-11-29 12:13:10 - [TEST_STEP][PASSED] - Statement - PreSaveFile = new java.io.File(((pathPrefix + java.lang.Integer.toString(counter)) + .png)): null

2018-11-29 12:13:10 - [TEST_STEP][PASSED] - Statement - counter = counter + 1: null

2018-11-29 12:13:10 - [TEST_STEP][PASSED] - Statement - PreSaveFile = new java.io.File(((pathPrefix + java.lang.Integer.toString(counter)) + .png)): null

2018-11-29 12:13:11 - [TEST_STEP][PASSED] - Statement - counter = counter + 1: null

2018-11-29 12:13:11 - [TEST_STEP][PASSED] - Statement - PreSaveFile = new java.io.File(((pathPrefix + java.lang.Integer.toString(counter)) + .png)): null

2018-11-29 12:13:11 - [TEST_STEP][PASSED] - Statement - counter = counter + 1: null

2018-11-29 12:13:11 - [TEST_STEP][PASSED] - Statement - PreSaveFile = new java.io.File(((pathPrefix + java.lang.Integer.toString(counter)) + .png)): null

2018-11-29 12:13:11 - [TEST_STEP][PASSED] - Statement - counter = counter + 1: null

2018-11-29 12:13:11 - [TEST_STEP][PASSED] - Statement - PreSaveFile = new java.io.File(((pathPrefix + java.lang.Integer.toString(counter)) + .png)): null

2018-11-29 12:13:11 - [TEST_STEP][PASSED] - Statement - counter = counter + 1: null

2018-11-29 12:13:11 - [TEST_STEP][PASSED] - Statement - PreSaveFile = new java.io.File(((pathPrefix + java.lang.Integer.toString(counter)) + .png)): null

2018-11-29 12:13:11 - [TEST_STEP][PASSED] - Statement - counter = counter + 1: null

2018-11-29 12:13:11 - [TEST_STEP][PASSED] - Statement - PreSaveFile = new java.io.File(((pathPrefix + java.lang.Integer.toString(counter)) + .png)): null

2018-11-29 12:13:13 - [TEST_STEP][PASSED] - Statement - counter = counter + 1: null

2018-11-29 12:13:13 - [TEST_STEP][PASSED] - Statement - PreSaveFile = new java.io.File(((pathPrefix + java.lang.Integer.toString(counter)) + .png)): null

2018-11-29 12:13:13 - [TEST_STEP][PASSED] - Statement - counter = counter + 1: null

2018-11-29 12:13:13 - [TEST_STEP][PASSED] - Statement - PreSaveFile = new java.io.File(((pathPrefix + java.lang.Integer.toString(counter)) + .png)): null

2018-11-29 12:13:13 - [TEST_STEP][PASSED] - Statement - counter = counter + 1: null

2018-11-29 12:13:13 - [TEST_STEP][PASSED] - Statement - PreSaveFile = new java.io.File(((pathPrefix + java.lang.Integer.toString(counter)) + .png)): null

2018-11-29 12:13:13 - [TEST_STEP][PASSED] - Statement - counter = counter + 1: null

2018-11-29 12:13:13 - [TEST_STEP][PASSED] - Statement - PreSaveFile = new java.io.File(((pathPrefix + java.lang.Integer.toString(counter)) + .png)): null

2018-11-29 12:13:13 - [TEST_STEP][PASSED] - Statement - counter = counter + 1: null

2018-11-29 12:13:14 - [TEST_STEP][PASSED] - Statement - PreSaveFile = new java.io.File(((pathPrefix + java.lang.Integer.toString(counter)) + .png)): null

2018-11-29 12:13:14 - [TEST_STEP][PASSED] - Statement - counter = counter + 1: null

2018-11-29 12:13:14 - [TEST_STEP][PASSED] - Statement - PreSaveFile = new java.io.File(((pathPrefix + java.lang.Integer.toString(counter)) + .png)): null

2018-11-29 12:13:14 - [TEST_STEP][PASSED] - Statement - counter = counter + 1: null

2018-11-29 12:13:14 - [TEST_STEP][PASSED] - Statement - PreSaveFile = new java.io.File(((pathPrefix + java.lang.Integer.toString(counter)) + .png)): null

2018-11-29 12:13:14 - [TEST_STEP][PASSED] - Statement - counter = counter + 1: null

2018-11-29 12:13:14 - [TEST_STEP][PASSED] - Statement - PreSaveFile = new java.io.File(((pathPrefix + java.lang.Integer.toString(counter)) + .png)): null

2018-11-29 12:13:14 - [TEST_STEP][PASSED] - Statement - counter = counter + 1: null

2018-11-29 12:13:14 - [TEST_STEP][PASSED] - Statement - PreSaveFile = new java.io.File(((pathPrefix + java.lang.Integer.toString(counter)) + .png)): null

2018-11-29 12:13:14 - [TEST_STEP][PASSED] - Statement - counter = counter + 1: null

2018-11-29 12:13:15 - [TEST_STEP][PASSED] - Statement - PreSaveFile = new java.io.File(((pathPrefix + java.lang.Integer.toString(counter)) + .png)): null

2018-11-29 12:13:15 - [TEST_STEP][PASSED] - Statement - counter = counter + 1: null

2018-11-29 12:13:15 - [TEST_STEP][PASSED] - Statement - PreSaveFile = new java.io.File(((pathPrefix + java.lang.Integer.toString(counter)) + .png)): null

2018-11-29 12:13:15 - [TEST_STEP][PASSED] - Statement - counter = counter + 1: null

2018-11-29 12:13:15 - [TEST_STEP][PASSED] - Statement - PreSaveFile = new java.io.File(((pathPrefix + java.lang.Integer.toString(counter)) + .png)): null

2018-11-29 12:13:15 - [TEST_STEP][PASSED] - Statement - counter = counter + 1: null

2018-11-29 12:13:15 - [TEST_STEP][PASSED] - Statement - PreSaveFile = new java.io.File(((pathPrefix + java.lang.Integer.toString(counter)) + .png)): null

2018-11-29 12:13:15 - [TEST_STEP][PASSED] - Statement - counter = counter + 1: null

2018-11-29 12:13:15 - [TEST_STEP][PASSED] - Statement - PreSaveFile = new java.io.File(((pathPrefix + java.lang.Integer.toString(counter)) + .png)): null

2018-11-29 12:13:17 - [TEST_STEP][PASSED] - Statement - counter = counter + 1: null

2018-11-29 12:13:17 - [TEST_STEP][PASSED] - Statement - PreSaveFile = new java.io.File(((pathPrefix + java.lang.Integer.toString(counter)) + .png)): null

2018-11-29 12:13:17 - [TEST_STEP][PASSED] - Statement - counter = counter + 1: null

2018-11-29 12:13:17 - [TEST_STEP][PASSED] - Statement - PreSaveFile = new java.io.File(((pathPrefix + java.lang.Integer.toString(counter)) + .png)): null

2018-11-29 12:13:17 - [TEST_STEP][PASSED] - Statement - counter = counter + 1: null

2018-11-29 12:13:17 - [TEST_STEP][PASSED] - Statement - PreSaveFile = new java.io.File(((pathPrefix + java.lang.Integer.toString(counter)) + .png)): null

2018-11-29 12:13:17 - [TEST_STEP][PASSED] - Statement - counter = counter + 1: null

2018-11-29 12:13:17 - [TEST_STEP][PASSED] - Statement - PreSaveFile = new java.io.File(((pathPrefix + java.lang.Integer.toString(counter)) + .png)): null

2018-11-29 12:13:17 - [TEST_STEP][PASSED] - Statement - counter = counter + 1: null

2018-11-29 12:13:17 - [TEST_STEP][PASSED] - Statement - PreSaveFile = new java.io.File(((pathPrefix + java.lang.Integer.toString(counter)) + .png)): null

2018-11-29 12:13:19 - [TEST_STEP][PASSED] - Statement - counter = counter + 1: null

2018-11-29 12:13:19 - [TEST_STEP][PASSED] - Statement - PreSaveFile = new java.io.File(((pathPrefix + java.lang.Integer.toString(counter)) + .png)): null

2018-11-29 12:13:19 - [TEST_STEP][PASSED] - Statement - counter = counter + 1: null

2018-11-29 12:13:19 - [TEST_STEP][PASSED] - Statement - PreSaveFile = new java.io.File(((pathPrefix + java.lang.Integer.toString(counter)) + .png)): null

2018-11-29 12:13:19 - [TEST_STEP][PASSED] - Statement - counter = counter + 1: null

2018-11-29 12:13:19 - [TEST_STEP][PASSED] - Statement - PreSaveFile = new java.io.File(((pathPrefix + java.lang.Integer.toString(counter)) + .png)): null

2018-11-29 12:13:19 - [TEST_STEP][PASSED] - Statement - counter = counter + 1: null

2018-11-29 12:13:19 - [TEST_STEP][PASSED] - Statement - PreSaveFile = new java.io.File(((pathPrefix + java.lang.Integer.toString(counter)) + .png)): null

2018-11-29 12:13:19 - [TEST_STEP][PASSED] - Statement - counter = counter + 1: null

2018-11-29 12:13:19 - [TEST_STEP][PASSED] - Statement - PreSaveFile = new java.io.File(((pathPrefix + java.lang.Integer.toString(counter)) + .png)): null

2018-11-29 12:13:21 - [TEST_STEP][PASSED] - Statement - counter = counter + 1: null

2018-11-29 12:13:21 - [TEST_STEP][PASSED] - Statement - PreSaveFile = new java.io.File(((pathPrefix + java.lang.Integer.toString(counter)) + .png)): null

2018-11-29 12:13:21 - [TEST_STEP][PASSED] - Statement - counter = counter + 1: null

2018-11-29 12:13:21 - [TEST_STEP][PASSED] - Statement - PreSaveFile = new java.io.File(((pathPrefix + java.lang.Integer.toString(counter)) + .png)): null

2018-11-29 12:13:21 - [TEST_STEP][PASSED] - Statement - counter = counter + 1: null

2018-11-29 12:13:21 - [TEST_STEP][PASSED] - Statement - PreSaveFile = new java.io.File(((pathPrefix + java.lang.Integer.toString(counter)) + .png)): null

2018-11-29 12:13:21 - [TEST_STEP][PASSED] - Statement - counter = counter + 1: null

2018-11-29 12:13:21 - [TEST_STEP][PASSED] - Statement - PreSaveFile = new java.io.File(((pathPrefix + java.lang.Integer.toString(counter)) + .png)): null

2018-11-29 12:13:21 - [TEST_STEP][PASSED] - Statement - counter = counter + 1: null

2018-11-29 12:13:22 - [TEST_STEP][PASSED] - Statement - PreSaveFile = new java.io.File(((pathPrefix + java.lang.Integer.toString(counter)) + .png)): null

2018-11-29 12:13:22 - [TEST_STEP][PASSED] - Statement - counter = counter + 1: null

2018-11-29 12:13:22 - [TEST_STEP][PASSED] - Statement - PreSaveFile = new java.io.File(((pathPrefix + java.lang.Integer.toString(counter)) + .png)): null

2018-11-29 12:13:22 - [TEST_STEP][PASSED] - Statement - counter = counter + 1: null

2018-11-29 12:13:22 - [TEST_STEP][PASSED] - Statement - PreSaveFile = new java.io.File(((pathPrefix + java.lang.Integer.toString(counter)) + .png)): null

2018-11-29 12:13:22 - [TEST_STEP][PASSED] - Statement - counter = counter + 1: null

2018-11-29 12:13:22 - [TEST_STEP][PASSED] - Statement - PreSaveFile = new java.io.File(((pathPrefix + java.lang.Integer.toString(counter)) + .png)): null

2018-11-29 12:13:22 - [TEST_STEP][PASSED] - Statement - counter = counter + 1: null

2018-11-29 12:13:22 - [TEST_STEP][PASSED] - Statement - PreSaveFile = new java.io.File(((pathPrefix + java.lang.Integer.toString(counter)) + .png)): null

2018-11-29 12:13:22 - [TEST_STEP][PASSED] - Statement - counter = counter + 1: null

2018-11-29 12:13:24 - [TEST_STEP][PASSED] - Statement - PreSaveFile = new java.io.File(((pathPrefix + java.lang.Integer.toString(counter)) + .png)): null

2018-11-29 12:13:24 - [TEST_STEP][PASSED] - Statement - counter = counter + 1: null

2018-11-29 12:13:24 - [TEST_STEP][PASSED] - Statement - PreSaveFile = new java.io.File(((pathPrefix + java.lang.Integer.toString(counter)) + .png)): null

2018-11-29 12:13:24 - [TEST_STEP][PASSED] - Statement - counter = counter + 1: null

2018-11-29 12:13:24 - [TEST_STEP][PASSED] - Statement - PreSaveFile = new java.io.File(((pathPrefix + java.lang.Integer.toString(counter)) + .png)): null

2018-11-29 12:13:24 - [TEST_STEP][PASSED] - Statement - counter = counter + 1: null

2018-11-29 12:13:24 - [TEST_STEP][PASSED] - Statement - PreSaveFile = new java.io.File(((pathPrefix + java.lang.Integer.toString(counter)) + .png)): null

2018-11-29 12:13:24 - [TEST_STEP][PASSED] - Statement - counter = counter + 1: null

2018-11-29 12:13:24 - [TEST_STEP][PASSED] - Statement - PreSaveFile = new java.io.File(((pathPrefix + java.lang.Integer.toString(counter)) + .png)): null

2018-11-29 12:13:25 - [TEST_STEP][PASSED] - Statement - counter = counter + 1: null

2018-11-29 12:13:25 - [TEST_STEP][PASSED] - Statement - PreSaveFile = new java.io.File(((pathPrefix + java.lang.Integer.toString(counter)) + .png)): null

2018-11-29 12:13:25 - [TEST_STEP][PASSED] - Statement - counter = counter + 1: null

2018-11-29 12:13:25 - [TEST_STEP][PASSED] - Statement - PreSaveFile = new java.io.File(((pathPrefix + java.lang.Integer.toString(counter)) + .png)): null

2018-11-29 12:13:25 - [TEST_STEP][PASSED] - Statement - counter = counter + 1: null

2018-11-29 12:13:25 - [TEST_STEP][PASSED] - Statement - PreSaveFile = new java.io.File(((pathPrefix + java.lang.Integer.toString(counter)) + .png)): null

2018-11-29 12:13:25 - [TEST_STEP][PASSED] - Statement - counter = counter + 1: null

2018-11-29 12:13:25 - [TEST_STEP][PASSED] - Statement - PreSaveFile = new java.io.File(((pathPrefix + java.lang.Integer.toString(counter)) + .png)): null

2018-11-29 12:13:25 - [TEST_STEP][PASSED] - Statement - counter = counter + 1: null

2018-11-29 12:13:25 - [TEST_STEP][PASSED] - Statement - PreSaveFile = new java.io.File(((pathPrefix + java.lang.Integer.toString(counter)) + .png)): null

2018-11-29 12:13:27 - [TEST_STEP][PASSED] - Statement - counter = counter + 1: null

2018-11-29 12:13:27 - [TEST_STEP][PASSED] - Statement - PreSaveFile = new java.io.File(((pathPrefix + java.lang.Integer.toString(counter)) + .png)): null

2018-11-29 12:13:27 - [TEST_STEP][PASSED] - Statement - counter = counter + 1: null

2018-11-29 12:13:27 - [TEST_STEP][PASSED] - Statement - PreSaveFile = new java.io.File(((pathPrefix + java.lang.Integer.toString(counter)) + .png)): null

2018-11-29 12:13:27 - [TEST_STEP][PASSED] - Statement - counter = counter + 1: null

2018-11-29 12:13:27 - [TEST_STEP][PASSED] - Statement - PreSaveFile = new java.io.File(((pathPrefix + java.lang.Integer.toString(counter)) + .png)): null

2018-11-29 12:13:27 - [TEST_STEP][PASSED] - Statement - counter = counter + 1: null

2018-11-29 12:13:27 - [TEST_STEP][PASSED] - Statement - PreSaveFile = new java.io.File(((pathPrefix + java.lang.Integer.toString(counter)) + .png)): null

2018-11-29 12:13:27 - [TEST_STEP][PASSED] - Statement - counter = counter + 1: null

2018-11-29 12:13:27 - [TEST_STEP][PASSED] - Statement - PreSaveFile = new java.io.File(((pathPrefix + java.lang.Integer.toString(counter)) + .png)): null

2018-11-29 12:13:29 - [TEST_STEP][PASSED] - Statement - counter = counter + 1: null

2018-11-29 12:13:29 - [TEST_STEP][PASSED] - Statement - PreSaveFile = new java.io.File(((pathPrefix + java.lang.Integer.toString(counter)) + .png)): null

2018-11-29 12:13:29 - [TEST_STEP][PASSED] - Statement - counter = counter + 1: null

2018-11-29 12:13:29 - [TEST_STEP][PASSED] - Statement - PreSaveFile = new java.io.File(((pathPrefix + java.lang.Integer.toString(counter)) + .png)): null

2018-11-29 12:13:29 - [TEST_STEP][PASSED] - Statement - counter = counter + 1: null

2018-11-29 12:13:29 - [TEST_STEP][PASSED] - Statement - PreSaveFile = new java.io.File(((pathPrefix + java.lang.Integer.toString(counter)) + .png)): null

2018-11-29 12:13:29 - [TEST_STEP][PASSED] - Statement - counter = counter + 1: null

2018-11-29 12:13:29 - [TEST_STEP][PASSED] - Statement - PreSaveFile = new java.io.File(((pathPrefix + java.lang.Integer.toString(counter)) + .png)): null

2018-11-29 12:13:29 - [TEST_STEP][PASSED] - Statement - counter = counter + 1: null

2018-11-29 12:13:31 - [TEST_STEP][PASSED] - Statement - PreSaveFile = new java.io.File(((pathPrefix + java.lang.Integer.toString(counter)) + .png)): null

2018-11-29 12:13:31 - [TEST_STEP][PASSED] - Statement - counter = counter + 1: null

2018-11-29 12:13:31 - [TEST_STEP][PASSED] - Statement - PreSaveFile = new java.io.File(((pathPrefix + java.lang.Integer.toString(counter)) + .png)): null

2018-11-29 12:13:31 - [TEST_STEP][PASSED] - Statement - counter = counter + 1: null

2018-11-29 12:13:31 - [TEST_STEP][PASSED] - Statement - PreSaveFile = new java.io.File(((pathPrefix + java.lang.Integer.toString(counter)) + .png)): null

2018-11-29 12:13:31 - [TEST_STEP][PASSED] - Statement - counter = counter + 1: null

2018-11-29 12:13:31 - [TEST_STEP][PASSED] - Statement - PreSaveFile = new java.io.File(((pathPrefix + java.lang.Integer.toString(counter)) + .png)): null

2018-11-29 12:13:31 - [TEST_STEP][PASSED] - Statement - counter = counter + 1: null

2018-11-29 12:13:31 - [TEST_STEP][PASSED] - Statement - PreSaveFile = new java.io.File(((pathPrefix + java.lang.Integer.toString(counter)) + .png)): null

2018-11-29 12:13:31 - [TEST_STEP][PASSED] - Statement - counter = counter + 1: null

2018-11-29 12:13:33 - [TEST_STEP][PASSED] - Statement - PreSaveFile = new java.io.File(((pathPrefix + java.lang.Integer.toString(counter)) + .png)): null

2018-11-29 12:13:33 - [TEST_STEP][PASSED] - Statement - counter = counter + 1: null

2018-11-29 12:13:33 - [TEST_STEP][PASSED] - Statement - PreSaveFile = new java.io.File(((pathPrefix + java.lang.Integer.toString(counter)) + .png)): null

2018-11-29 12:13:33 - [TEST_STEP][PASSED] - Statement - counter = counter + 1: null

2018-11-29 12:13:33 - [TEST_STEP][PASSED] - Statement - PreSaveFile = new java.io.File(((pathPrefix + java.lang.Integer.toString(counter)) + .png)): null

2018-11-29 12:13:33 - [TEST_STEP][PASSED] - Statement - counter = counter + 1: null

2018-11-29 12:13:33 - [TEST_STEP][PASSED] - Statement - PreSaveFile = new java.io.File(((pathPrefix + java.lang.Integer.toString(counter)) + .png)): null

2018-11-29 12:13:33 - [TEST_STEP][PASSED] - Statement - counter = counter + 1: null

2018-11-29 12:13:33 - [TEST_STEP][PASSED] - Statement - PreSaveFile = new java.io.File(((pathPrefix + java.lang.Integer.toString(counter)) + .png)): null

2018-11-29 12:13:33 - [TEST_STEP][PASSED] - Statement - counter = counter + 1: null

2018-11-29 12:13:35 - [TEST_STEP][PASSED] - Statement - PreSaveFile = new java.io.File(((pathPrefix + java.lang.Integer.toString(counter)) + .png)): null

2018-11-29 12:13:35 - [TEST_STEP][PASSED] - Statement - counter = counter + 1: null

2018-11-29 12:13:35 - [TEST_STEP][PASSED] - Statement - PreSaveFile = new java.io.File(((pathPrefix + java.lang.Integer.toString(counter)) + .png)): null

2018-11-29 12:13:35 - [TEST_STEP][PASSED] - Statement - counter = counter + 1: null

2018-11-29 12:13:35 - [TEST_STEP][PASSED] - Statement - PreSaveFile = new java.io.File(((pathPrefix + java.lang.Integer.toString(counter)) + .png)): null

2018-11-29 12:13:35 - [TEST_STEP][PASSED] - Statement - counter = counter + 1: null

2018-11-29 12:13:35 - [TEST_STEP][PASSED] - Statement - PreSaveFile = new java.io.File(((pathPrefix + java.lang.Integer.toString(counter)) + .png)): null

2018-11-29 12:13:35 - [TEST_STEP][PASSED] - Statement - counter = counter + 1: null

2018-11-29 12:13:35 - [TEST_STEP][PASSED] - Statement - PreSaveFile = new java.io.File(((pathPrefix + java.lang.Integer.toString(counter)) + .png)): null

2018-11-29 12:13:37 - [TEST_STEP][PASSED] - Statement - counter = counter + 1: null

2018-11-29 12:13:37 - [TEST_STEP][PASSED] - Statement - PreSaveFile = new java.io.File(((pathPrefix + java.lang.Integer.toString(counter)) + .png)): null

2018-11-29 12:13:37 - [TEST_STEP][PASSED] - Statement - counter = counter + 1: null

2018-11-29 12:13:37 - [TEST_STEP][PASSED] - Statement - PreSaveFile = new java.io.File(((pathPrefix + java.lang.Integer.toString(counter)) + .png)): null

2018-11-29 12:13:37 - [TEST_STEP][PASSED] - Statement - counter = counter + 1: null

2018-11-29 12:13:37 - [TEST_STEP][PASSED] - Statement - PreSaveFile = new java.io.File(((pathPrefix + java.lang.Integer.toString(counter)) + .png)): null

2018-11-29 12:13:37 - [TEST_STEP][PASSED] - Statement - counter = counter + 1: null

2018-11-29 12:13:37 - [TEST_STEP][PASSED] - Statement - PreSaveFile = new java.io.File(((pathPrefix + java.lang.Integer.toString(counter)) + .png)): null

2018-11-29 12:13:37 - [TEST_STEP][PASSED] - Statement - counter = counter + 1: null

2018-11-29 12:13:37 - [TEST_STEP][PASSED] - Statement - PreSaveFile = new java.io.File(((pathPrefix + java.lang.Integer.toString(counter)) + .png)): null

2018-11-29 12:13:38 - [TEST_STEP][PASSED] - Statement - counter = counter + 1: null

2018-11-29 12:13:38 - [TEST_STEP][PASSED] - Statement - PreSaveFile = new java.io.File(((pathPrefix + java.lang.Integer.toString(counter)) + .png)): null

2018-11-29 12:13:38 - [TEST_STEP][PASSED] - Statement - counter = counter + 1: null

2018-11-29 12:13:38 - [TEST_STEP][PASSED] - Statement - PreSaveFile = new java.io.File(((pathPrefix + java.lang.Integer.toString(counter)) + .png)): null

2018-11-29 12:13:38 - [TEST_STEP][PASSED] - Statement - counter = counter + 1: null

2018-11-29 12:13:38 - [TEST_STEP][PASSED] - Statement - PreSaveFile = new java.io.File(((pathPrefix + java.lang.Integer.toString(counter)) + .png)): null

2018-11-29 12:13:38 - [TEST_STEP][PASSED] - Statement - counter = counter + 1: null

2018-11-29 12:13:38 - [TEST_STEP][PASSED] - Statement - PreSaveFile = new java.io.File(((pathPrefix + java.lang.Integer.toString(counter)) + .png)): null

2018-11-29 12:13:38 - [TEST_STEP][PASSED] - Statement - counter = counter + 1: null

2018-11-29 12:13:41 - [TEST_STEP][PASSED] - Statement - PreSaveFile = new java.io.File(((pathPrefix + java.lang.Integer.toString(counter)) + .png)): null

2018-11-29 12:13:41 - [TEST_STEP][PASSED] - Statement - counter = counter + 1: null

2018-11-29 12:13:41 - [TEST_STEP][PASSED] - Statement - PreSaveFile = new java.io.File(((pathPrefix + java.lang.Integer.toString(counter)) + .png)): null

2018-11-29 12:13:41 - [TEST_STEP][PASSED] - Statement - counter = counter + 1: null

2018-11-29 12:13:41 - [TEST_STEP][PASSED] - Statement - PreSaveFile = new java.io.File(((pathPrefix + java.lang.Integer.toString(counter)) + .png)): null

2018-11-29 12:13:41 - [TEST_STEP][PASSED] - Statement - counter = counter + 1: null

2018-11-29 12:13:41 - [TEST_STEP][PASSED] - Statement - PreSaveFile = new java.io.File(((pathPrefix + java.lang.Integer.toString(counter)) + .png)): null

2018-11-29 12:13:41 - [TEST_STEP][PASSED] - Statement - counter = counter + 1: null

2018-11-29 12:13:41 - [TEST_STEP][PASSED] - Statement - PreSaveFile = new java.io.File(((pathPrefix + java.lang.Integer.toString(counter)) + .png)): null

2018-11-29 12:13:41 - [TEST_STEP][PASSED] - Statement - counter = counter + 1: null

2018-11-29 12:13:43 - [TEST_STEP][PASSED] - Statement - PreSaveFile = new java.io.File(((pathPrefix + java.lang.Integer.toString(counter)) + .png)): null

2018-11-29 12:13:43 - [TEST_STEP][PASSED] - Statement - counter = counter + 1: null

2018-11-29 12:13:43 - [TEST_STEP][PASSED] - Statement - PreSaveFile = new java.io.File(((pathPrefix + java.lang.Integer.toString(counter)) + .png)): null

2018-11-29 12:13:43 - [TEST_STEP][PASSED] - Statement - counter = counter + 1: null

2018-11-29 12:13:43 - [TEST_STEP][PASSED] - Statement - PreSaveFile = new java.io.File(((pathPrefix + java.lang.Integer.toString(counter)) + .png)): null

2018-11-29 12:13:43 - [TEST_STEP][PASSED] - Statement - counter = counter + 1: null

2018-11-29 12:13:43 - [TEST_STEP][PASSED] - Statement - PreSaveFile = new java.io.File(((pathPrefix + java.lang.Integer.toString(counter)) + .png)): null

2018-11-29 12:13:43 - [TEST_STEP][PASSED] - Statement - counter = counter + 1: null

2018-11-29 12:13:43 - [TEST_STEP][PASSED] - Statement - PreSaveFile = new java.io.File(((pathPrefix + java.lang.Integer.toString(counter)) + .png)): null

2018-11-29 12:13:43 - [TEST_STEP][PASSED] - Statement - counter = counter + 1: null

2018-11-29 12:13:45 - [TEST_STEP][PASSED] - Statement - PreSaveFile = new java.io.File(((pathPrefix + java.lang.Integer.toString(counter)) + .png)): null

2018-11-29 12:13:45 - [TEST_STEP][PASSED] - Statement - counter = counter + 1: null

2018-11-29 12:13:45 - [TEST_STEP][PASSED] - Statement - PreSaveFile = new java.io.File(((pathPrefix + java.lang.Integer.toString(counter)) + .png)): null

2018-11-29 12:13:45 - [TEST_STEP][PASSED] - Statement - counter = counter + 1: null

2018-11-29 12:13:45 - [TEST_STEP][PASSED] - Statement - PreSaveFile = new java.io.File(((pathPrefix + java.lang.Integer.toString(counter)) + .png)): null

2018-11-29 12:13:45 - [TEST_STEP][PASSED] - Statement - counter = counter + 1: null

2018-11-29 12:13:45 - [TEST_STEP][PASSED] - Statement - PreSaveFile = new java.io.File(((pathPrefix + java.lang.Integer.toString(counter)) + .png)): null

2018-11-29 12:13:45 - [TEST_STEP][PASSED] - Statement - counter = counter + 1: null

2018-11-29 12:13:45 - [TEST_STEP][PASSED] - Statement - PreSaveFile = new java.io.File(((pathPrefix + java.lang.Integer.toString(counter)) + .png)): null

2018-11-29 12:13:47 - [TEST_STEP][PASSED] - Statement - counter = counter + 1: null

2018-11-29 12:13:47 - [TEST_STEP][PASSED] - Statement - PreSaveFile = new java.io.File(((pathPrefix + java.lang.Integer.toString(counter)) + .png)): null

2018-11-29 12:13:47 - [TEST_STEP][PASSED] - Statement - counter = counter + 1: null

2018-11-29 12:13:47 - [TEST_STEP][PASSED] - Statement - PreSaveFile = new java.io.File(((pathPrefix + java.lang.Integer.toString(counter)) + .png)): null

2018-11-29 12:13:47 - [TEST_STEP][PASSED] - Statement - counter = counter + 1: null

2018-11-29 12:13:47 - [TEST_STEP][PASSED] - Statement - PreSaveFile = new java.io.File(((pathPrefix + java.lang.Integer.toString(counter)) + .png)): null

2018-11-29 12:13:47 - [TEST_STEP][PASSED] - Statement - counter = counter + 1: null

2018-11-29 12:13:47 - [TEST_STEP][PASSED] - Statement - PreSaveFile = new java.io.File(((pathPrefix + java.lang.Integer.toString(counter)) + .png)): null

2018-11-29 12:13:47 - [TEST_STEP][PASSED] - Statement - counter = counter + 1: null

2018-11-29 12:13:47 - [TEST_STEP][PASSED] - Statement - PreSaveFile = new java.io.File(((pathPrefix + java.lang.Integer.toString(counter)) + .png)): null

2018-11-29 12:13:49 - [TEST_STEP][PASSED] - Statement - counter = counter + 1: null

2018-11-29 12:13:49 - [TEST_STEP][PASSED] - Statement - PreSaveFile = new java.io.File(((pathPrefix + java.lang.Integer.toString(counter)) + .png)): null

2018-11-29 12:13:49 - [TEST_STEP][PASSED] - Statement - counter = counter + 1: null

2018-11-29 12:13:49 - [TEST_STEP][PASSED] - Statement - PreSaveFile = new java.io.File(((pathPrefix + java.lang.Integer.toString(counter)) + .png)): null

2018-11-29 12:13:49 - [TEST_STEP][PASSED] - Statement - counter = counter + 1: null

2018-11-29 12:13:49 - [TEST_STEP][PASSED] - Statement - PreSaveFile = new java.io.File(((pathPrefix + java.lang.Integer.toString(counter)) + .png)): null

2018-11-29 12:13:49 - [TEST_STEP][PASSED] - Statement - counter = counter + 1: null

2018-11-29 12:13:49 - [TEST_STEP][PASSED] - Statement - PreSaveFile = new java.io.File(((pathPrefix + java.lang.Integer.toString(counter)) + .png)): null

2018-11-29 12:13:49 - [TEST_STEP][PASSED] - Statement - counter = counter + 1: null

2018-11-29 12:13:52 - [TEST_STEP][PASSED] - Statement - PreSaveFile = new java.io.File(((pathPrefix + java.lang.Integer.toString(counter)) + .png)): null

2018-11-29 12:13:52 - [TEST_STEP][PASSED] - Statement - counter = counter + 1: null

2018-11-29 12:13:52 - [TEST_STEP][PASSED] - Statement - PreSaveFile = new java.io.File(((pathPrefix + java.lang.Integer.toString(counter)) + .png)): null

2018-11-29 12:13:52 - [TEST_STEP][PASSED] - Statement - counter = counter + 1: null

2018-11-29 12:13:52 - [TEST_STEP][PASSED] - Statement - PreSaveFile = new java.io.File(((pathPrefix + java.lang.Integer.toString(counter)) + .png)): null

2018-11-29 12:13:52 - [TEST_STEP][PASSED] - Statement - counter = counter + 1: null

2018-11-29 12:13:52 - [TEST_STEP][PASSED] - Statement - PreSaveFile = new java.io.File(((pathPrefix + java.lang.Integer.toString(counter)) + .png)): null

2018-11-29 12:13:52 - [TEST_STEP][PASSED] - Statement - counter = counter + 1: null

2018-11-29 12:13:52 - [TEST_STEP][PASSED] - Statement - PreSaveFile = new java.io.File(((pathPrefix + java.lang.Integer.toString(counter)) + .png)): null

2018-11-29 12:13:52 - [TEST_STEP][PASSED] - Statement - counter = counter + 1: null

2018-11-29 12:13:55 - [TEST_STEP][PASSED] - Statement - PreSaveFile = new java.io.File(((pathPrefix + java.lang.Integer.toString(counter)) + .png)): null

2018-11-29 12:13:55 - [TEST_STEP][PASSED] - Statement - counter = counter + 1: null

2018-11-29 12:13:55 - [TEST_STEP][PASSED] - Statement - PreSaveFile = new java.io.File(((pathPrefix + java.lang.Integer.toString(counter)) + .png)): null

2018-11-29 12:13:55 - [TEST_STEP][PASSED] - Statement - counter = counter + 1: null

2018-11-29 12:13:55 - [TEST_STEP][PASSED] - Statement - PreSaveFile = new java.io.File(((pathPrefix + java.lang.Integer.toString(counter)) + .png)): null

2018-11-29 12:13:55 - [TEST_STEP][PASSED] - Statement - counter = counter + 1: null

2018-11-29 12:13:55 - [TEST_STEP][PASSED] - Statement - PreSaveFile = new java.io.File(((pathPrefix + java.lang.Integer.toString(counter)) + .png)): null

2018-11-29 12:13:55 - [TEST_STEP][PASSED] - Statement - counter = counter + 1: null

2018-11-29 12:13:55 - [TEST_STEP][PASSED] - Statement - PreSaveFile = new java.io.File(((pathPrefix + java.lang.Integer.toString(counter)) + .png)): null

2018-11-29 12:13:55 - [TEST_STEP][PASSED] - Statement - counter = counter + 1: null

2018-11-29 12:13:57 - [TEST_STEP][PASSED] - Statement - PreSaveFile = new java.io.File(((pathPrefix + java.lang.Integer.toString(counter)) + .png)): null

2018-11-29 12:13:57 - [TEST_STEP][PASSED] - Statement - counter = counter + 1: null

2018-11-29 12:13:57 - [TEST_STEP][PASSED] - Statement - PreSaveFile = new java.io.File(((pathPrefix + java.lang.Integer.toString(counter)) + .png)): null

2018-11-29 12:13:57 - [TEST_STEP][PASSED] - Statement - counter = counter + 1: null

2018-11-29 12:13:57 - [TEST_STEP][PASSED] - Statement - PreSaveFile = new java.io.File(((pathPrefix + java.lang.Integer.toString(counter)) + .png)): null

2018-11-29 12:13:57 - [TEST_STEP][PASSED] - Statement - counter = counter + 1: null

2018-11-29 12:13:57 - [TEST_STEP][PASSED] - Statement - PreSaveFile = new java.io.File(((pathPrefix + java.lang.Integer.toString(counter)) + .png)): null

2018-11-29 12:13:57 - [TEST_STEP][PASSED] - Statement - counter = counter + 1: null

2018-11-29 12:13:57 - [TEST_STEP][PASSED] - Statement - PreSaveFile = new java.io.File(((pathPrefix + java.lang.Integer.toString(counter)) + .png)): null

2018-11-29 12:13:59 - [TEST_STEP][PASSED] - Statement - counter = counter + 1: null

2018-11-29 12:13:59 - [TEST_STEP][PASSED] - Statement - PreSaveFile = new java.io.File(((pathPrefix + java.lang.Integer.toString(counter)) + .png)): null

2018-11-29 12:13:59 - [TEST_STEP][PASSED] - Statement - counter = counter + 1: null

2018-11-29 12:13:59 - [TEST_STEP][PASSED] - Statement - PreSaveFile = new java.io.File(((pathPrefix + java.lang.Integer.toString(counter)) + .png)): null

2018-11-29 12:13:59 - [TEST_STEP][PASSED] - Statement - counter = counter + 1: null

2018-11-29 12:13:59 - [TEST_STEP][PASSED] - Statement - PreSaveFile = new java.io.File(((pathPrefix + java.lang.Integer.toString(counter)) + .png)): null

2018-11-29 12:13:59 - [TEST_STEP][PASSED] - Statement - counter = counter + 1: null

2018-11-29 12:13:59 - [TEST_STEP][PASSED] - Statement - PreSaveFile = new java.io.File(((pathPrefix + java.lang.Integer.toString(counter)) + .png)): null

2018-11-29 12:13:59 - [TEST_STEP][PASSED] - Statement - counter = counter + 1: null

2018-11-29 12:13:59 - [TEST_STEP][PASSED] - Statement - PreSaveFile = new java.io.File(((pathPrefix + java.lang.Integer.toString(counter)) + .png)): null

2018-11-29 12:14:02 - [TEST_STEP][PASSED] - Statement - counter = counter + 1: null

2018-11-29 12:14:02 - [TEST_STEP][PASSED] - Statement - PreSaveFile = new java.io.File(((pathPrefix + java.lang.Integer.toString(counter)) + .png)): null

2018-11-29 12:14:02 - [TEST_STEP][PASSED] - Statement - counter = counter + 1: null

2018-11-29 12:14:02 - [TEST_STEP][PASSED] - Statement - PreSaveFile = new java.io.File(((pathPrefix + java.lang.Integer.toString(counter)) + .png)): null

2018-11-29 12:14:02 - [TEST_STEP][PASSED] - Statement - counter = counter + 1: null

2018-11-29 12:14:02 - [TEST_STEP][PASSED] - Statement - PreSaveFile = new java.io.File(((pathPrefix + java.lang.Integer.toString(counter)) + .png)): null

2018-11-29 12:14:02 - [TEST_STEP][PASSED] - Statement - counter = counter + 1: null

2018-11-29 12:14:02 - [TEST_STEP][PASSED] - Statement - PreSaveFile = new java.io.File(((pathPrefix + java.lang.Integer.toString(counter)) + .png)): null

2018-11-29 12:14:02 - [TEST_STEP][PASSED] - Statement - counter = counter + 1: null

2018-11-29 12:14:04 - [TEST_STEP][PASSED] - Statement - PreSaveFile = new java.io.File(((pathPrefix + java.lang.Integer.toString(counter)) + .png)): null

2018-11-29 12:14:04 - [TEST_STEP][PASSED] - Statement - counter = counter + 1: null

2018-11-29 12:14:04 - [TEST_STEP][PASSED] - Statement - PreSaveFile = new java.io.File(((pathPrefix + java.lang.Integer.toString(counter)) + .png)): null

2018-11-29 12:14:04 - [TEST_STEP][PASSED] - Statement - counter = counter + 1: null

2018-11-29 12:14:04 - [TEST_STEP][PASSED] - Statement - PreSaveFile = new java.io.File(((pathPrefix + java.lang.Integer.toString(counter)) + .png)): null

2018-11-29 12:14:04 - [TEST_STEP][PASSED] - Statement - counter = counter + 1: null

2018-11-29 12:14:04 - [TEST_STEP][PASSED] - Statement - PreSaveFile = new java.io.File(((pathPrefix + java.lang.Integer.toString(counter)) + .png)): null

2018-11-29 12:14:04 - [TEST_STEP][PASSED] - Statement - counter = counter + 1: null

2018-11-29 12:14:04 - [TEST_STEP][PASSED] - Statement - PreSaveFile = new java.io.File(((pathPrefix + java.lang.Integer.toString(counter)) + .png)): null

2018-11-29 12:14:04 - [TEST_STEP][PASSED] - Statement - counter = counter + 1: null

2018-11-29 12:14:07 - [TEST_STEP][PASSED] - Statement - PreSaveFile = new java.io.File(((pathPrefix + java.lang.Integer.toString(counter)) + .png)): null

2018-11-29 12:14:07 - [TEST_STEP][PASSED] - Statement - counter = counter + 1: null

2018-11-29 12:14:07 - [TEST_STEP][PASSED] - Statement - PreSaveFile = new java.io.File(((pathPrefix + java.lang.Integer.toString(counter)) + .png)): null

2018-11-29 12:14:07 - [TEST_STEP][PASSED] - Statement - counter = counter + 1: null

2018-11-29 12:14:07 - [TEST_STEP][PASSED] - Statement - PreSaveFile = new java.io.File(((pathPrefix + java.lang.Integer.toString(counter)) + .png)): null

2018-11-29 12:14:07 - [TEST_STEP][PASSED] - Statement - counter = counter + 1: null

2018-11-29 12:14:07 - [TEST_STEP][PASSED] - Statement - PreSaveFile = new java.io.File(((pathPrefix + java.lang.Integer.toString(counter)) + .png)): null

2018-11-29 12:14:07 - [TEST_STEP][PASSED] - Statement - counter = counter + 1: null

2018-11-29 12:14:07 - [TEST_STEP][PASSED] - Statement - PreSaveFile = new java.io.File(((pathPrefix + java.lang.Integer.toString(counter)) + .png)): null

2018-11-29 12:14:07 - [TEST_STEP][PASSED] - Statement - counter = counter + 1: null

2018-11-29 12:14:09 - [TEST_STEP][PASSED] - Statement - PreSaveFile = new java.io.File(((pathPrefix + java.lang.Integer.toString(counter)) + .png)): null

2018-11-29 12:14:09 - [TEST_STEP][PASSED] - Statement - counter = counter + 1: null

2018-11-29 12:14:09 - [TEST_STEP][PASSED] - Statement - PreSaveFile = new java.io.File(((pathPrefix + java.lang.Integer.toString(counter)) + .png)): null

2018-11-29 12:14:09 - [TEST_STEP][PASSED] - Statement - counter = counter + 1: null

2018-11-29 12:14:09 - [TEST_STEP][PASSED] - Statement - PreSaveFile = new java.io.File(((pathPrefix + java.lang.Integer.toString(counter)) + .png)): null

2018-11-29 12:14:09 - [TEST_STEP][PASSED] - Statement - counter = counter + 1: null

2018-11-29 12:14:09 - [TEST_STEP][PASSED] - Statement - PreSaveFile = new java.io.File(((pathPrefix + java.lang.Integer.toString(counter)) + .png)): null

2018-11-29 12:14:09 - [TEST_STEP][PASSED] - Statement - counter = counter + 1: null

2018-11-29 12:14:09 - [TEST_STEP][PASSED] - Statement - PreSaveFile = new java.io.File(((pathPrefix + java.lang.Integer.toString(counter)) + .png)): null

2018-11-29 12:14:13 - [TEST_STEP][PASSED] - Statement - counter = counter + 1: null

2018-11-29 12:14:13 - [TEST_STEP][PASSED] - Statement - PreSaveFile = new java.io.File(((pathPrefix + java.lang.Integer.toString(counter)) + .png)): null

2018-11-29 12:14:13 - [TEST_STEP][PASSED] - Statement - counter = counter + 1: null

2018-11-29 12:14:13 - [TEST_STEP][PASSED] - Statement - PreSaveFile = new java.io.File(((pathPrefix + java.lang.Integer.toString(counter)) + .png)): null

2018-11-29 12:14:13 - [TEST_STEP][PASSED] - Statement - counter = counter + 1: null

2018-11-29 12:14:13 - [TEST_STEP][PASSED] - Statement - PreSaveFile = new java.io.File(((pathPrefix + java.lang.Integer.toString(counter)) + .png)): null

2018-11-29 12:14:13 - [TEST_STEP][PASSED] - Statement - counter = counter + 1: null

2018-11-29 12:14:13 - [TEST_STEP][PASSED] - Statement - PreSaveFile = new java.io.File(((pathPrefix + java.lang.Integer.toString(counter)) + .png)): null

2018-11-29 12:14:13 - [TEST_STEP][PASSED] - Statement - counter = counter + 1: null

2018-11-29 12:14:13 - [TEST_STEP][PASSED] - Statement - PreSaveFile = new java.io.File(((pathPrefix + java.lang.Integer.toString(counter)) + .png)): null

2018-11-29 12:14:15 - [TEST_STEP][PASSED] - Statement - counter = counter + 1: null

2018-11-29 12:14:15 - [TEST_STEP][PASSED] - Statement - PreSaveFile = new java.io.File(((pathPrefix + java.lang.Integer.toString(counter)) + .png)): null

2018-11-29 12:14:15 - [TEST_STEP][PASSED] - Statement - counter = counter + 1: null

2018-11-29 12:14:15 - [TEST_STEP][PASSED] - Statement - PreSaveFile = new java.io.File(((pathPrefix + java.lang.Integer.toString(counter)) + .png)): null

2018-11-29 12:14:15 - [TEST_STEP][PASSED] - Statement - counter = counter + 1: null

2018-11-29 12:14:15 - [TEST_STEP][PASSED] - Statement - PreSaveFile = new java.io.File(((pathPrefix + java.lang.Integer.toString(counter)) + .png)): null

2018-11-29 12:14:15 - [TEST_STEP][PASSED] - Statement - counter = counter + 1: null

2018-11-29 12:14:15 - [TEST_STEP][PASSED] - Statement - PreSaveFile = new java.io.File(((pathPrefix + java.lang.Integer.toString(counter)) + .png)): null

2018-11-29 12:14:15 - [TEST_STEP][PASSED] - Statement - counter = counter + 1: null

2018-11-29 12:14:18 - [TEST_STEP][PASSED] - Statement - PreSaveFile = new java.io.File(((pathPrefix + java.lang.Integer.toString(counter)) + .png)): null

2018-11-29 12:14:18 - [TEST_STEP][PASSED] - Statement - counter = counter + 1: null

2018-11-29 12:14:18 - [TEST_STEP][PASSED] - Statement - PreSaveFile = new java.io.File(((pathPrefix + java.lang.Integer.toString(counter)) + .png)): null

2018-11-29 12:14:18 - [TEST_STEP][PASSED] - Statement - counter = counter + 1: null

2018-11-29 12:14:18 - [TEST_STEP][PASSED] - Statement - PreSaveFile = new java.io.File(((pathPrefix + java.lang.Integer.toString(counter)) + .png)): null

2018-11-29 12:14:18 - [TEST_STEP][PASSED] - Statement - counter = counter + 1: null

2018-11-29 12:14:18 - [TEST_STEP][PASSED] - Statement - PreSaveFile = new java.io.File(((pathPrefix + java.lang.Integer.toString(counter)) + .png)): null

2018-11-29 12:14:18 - [TEST_STEP][PASSED] - Statement - counter = counter + 1: null

2018-11-29 12:14:18 - [TEST_STEP][PASSED] - Statement - PreSaveFile = new java.io.File(((pathPrefix + java.lang.Integer.toString(counter)) + .png)): null

2018-11-29 12:14:18 - [TEST_STEP][PASSED] - Statement - counter = counter + 1: null

2018-11-29 12:14:20 - [TEST_STEP][PASSED] - Statement - PreSaveFile = new java.io.File(((pathPrefix + java.lang.Integer.toString(counter)) + .png)): null

2018-11-29 12:14:20 - [TEST_STEP][PASSED] - Statement - counter = counter + 1: null

2018-11-29 12:14:20 - [TEST_STEP][PASSED] - Statement - PreSaveFile = new java.io.File(((pathPrefix + java.lang.Integer.toString(counter)) + .png)): null

2018-11-29 12:14:20 - [TEST_STEP][PASSED] - Statement - counter = counter + 1: null

2018-11-29 12:14:20 - [TEST_STEP][PASSED] - Statement - PreSaveFile = new java.io.File(((pathPrefix + java.lang.Integer.toString(counter)) + .png)): null

2018-11-29 12:14:20 - [TEST_STEP][PASSED] - Statement - counter = counter + 1: null

2018-11-29 12:14:20 - [TEST_STEP][PASSED] - Statement - PreSaveFile = new java.io.File(((pathPrefix + java.lang.Integer.toString(counter)) + .png)): null

2018-11-29 12:14:20 - [TEST_STEP][PASSED] - Statement - counter = counter + 1: null

2018-11-29 12:14:20 - [TEST_STEP][PASSED] - Statement - PreSaveFile = new java.io.File(((pathPrefix + java.lang.Integer.toString(counter)) + .png)): null

2018-11-29 12:14:20 - [TEST_STEP][PASSED] - Statement - counter = counter + 1: null

2018-11-29 12:14:23 - [TEST_STEP][PASSED] - Statement - PreSaveFile = new java.io.File(((pathPrefix + java.lang.Integer.toString(counter)) + .png)): null

2018-11-29 12:14:23 - [TEST_STEP][PASSED] - Statement - counter = counter + 1: null

2018-11-29 12:14:23 - [TEST_STEP][PASSED] - Statement - PreSaveFile = new java.io.File(((pathPrefix + java.lang.Integer.toString(counter)) + .png)): null

2018-11-29 12:14:23 - [TEST_STEP][PASSED] - Statement - counter = counter + 1: null

2018-11-29 12:14:23 - [TEST_STEP][PASSED] - Statement - PreSaveFile = new java.io.File(((pathPrefix + java.lang.Integer.toString(counter)) + .png)): null

2018-11-29 12:14:23 - [TEST_STEP][PASSED] - Statement - counter = counter + 1: null

2018-11-29 12:14:23 - [TEST_STEP][PASSED] - Statement - PreSaveFile = new java.io.File(((pathPrefix + java.lang.Integer.toString(counter)) + .png)): null

2018-11-29 12:14:23 - [TEST_STEP][PASSED] - Statement - counter = counter + 1: null

2018-11-29 12:14:23 - [TEST_STEP][PASSED] - Statement - PreSaveFile = new java.io.File(((pathPrefix + java.lang.Integer.toString(counter)) + .png)): null

2018-11-29 12:14:26 - [TEST_STEP][PASSED] - Statement - counter = counter + 1: null

2018-11-29 12:14:26 - [TEST_STEP][PASSED] - Statement - PreSaveFile = new java.io.File(((pathPrefix + java.lang.Integer.toString(counter)) + .png)): null

2018-11-29 12:14:26 - [TEST_STEP][PASSED] - Statement - counter = counter + 1: null

2018-11-29 12:14:26 - [TEST_STEP][PASSED] - Statement - PreSaveFile = new java.io.File(((pathPrefix + java.lang.Integer.toString(counter)) + .png)): null

2018-11-29 12:14:26 - [TEST_STEP][PASSED] - Statement - counter = counter + 1: null

2018-11-29 12:14:26 - [TEST_STEP][PASSED] - Statement - PreSaveFile = new java.io.File(((pathPrefix + java.lang.Integer.toString(counter)) + .png)): null

2018-11-29 12:14:26 - [TEST_STEP][PASSED] - Statement - counter = counter + 1: null

2018-11-29 12:14:26 - [TEST_STEP][PASSED] - Statement - PreSaveFile = new java.io.File(((pathPrefix + java.lang.Integer.toString(counter)) + .png)): null

2018-11-29 12:14:26 - [TEST_STEP][PASSED] - Statement - counter = counter + 1: null

2018-11-29 12:14:26 - [TEST_STEP][PASSED] - Statement - PreSaveFile = new java.io.File(((pathPrefix + java.lang.Integer.toString(counter)) + .png)): null

2018-11-29 12:14:29 - [TEST_STEP][PASSED] - Statement - counter = counter + 1: null

2018-11-29 12:14:29 - [TEST_STEP][PASSED] - Statement - PreSaveFile = new java.io.File(((pathPrefix + java.lang.Integer.toString(counter)) + .png)): null

2018-11-29 12:14:29 - [TEST_STEP][PASSED] - Statement - counter = counter + 1: null

2018-11-29 12:14:29 - [TEST_STEP][PASSED] - Statement - PreSaveFile = new java.io.File(((pathPrefix + java.lang.Integer.toString(counter)) + .png)): null

2018-11-29 12:14:29 - [TEST_STEP][PASSED] - Statement - counter = counter + 1: null

2018-11-29 12:14:29 - [TEST_STEP][PASSED] - Statement - PreSaveFile = new java.io.File(((pathPrefix + java.lang.Integer.toString(counter)) + .png)): null

2018-11-29 12:14:29 - [TEST_STEP][PASSED] - Statement - counter = counter + 1: null

2018-11-29 12:14:29 - [TEST_STEP][PASSED] - Statement - PreSaveFile = new java.io.File(((pathPrefix + java.lang.Integer.toString(counter)) + .png)): null

2018-11-29 12:14:29 - [TEST_STEP][PASSED] - Statement - counter = counter + 1: null

2018-11-29 12:14:32 - [TEST_STEP][PASSED] - Statement - PreSaveFile = new java.io.File(((pathPrefix + java.lang.Integer.toString(counter)) + .png)): null

2018-11-29 12:14:32 - [TEST_STEP][PASSED] - Statement - counter = counter + 1: null

2018-11-29 12:14:32 - [TEST_STEP][PASSED] - Statement - PreSaveFile = new java.io.File(((pathPrefix + java.lang.Integer.toString(counter)) + .png)): null

2018-11-29 12:14:32 - [TEST_STEP][PASSED] - Statement - counter = counter + 1: null

2018-11-29 12:14:32 - [TEST_STEP][PASSED] - Statement - PreSaveFile = new java.io.File(((pathPrefix + java.lang.Integer.toString(counter)) + .png)): null

2018-11-29 12:14:32 - [TEST_STEP][PASSED] - Statement - counter = counter + 1: null

2018-11-29 12:14:32 - [TEST_STEP][PASSED] - Statement - PreSaveFile = new java.io.File(((pathPrefix + java.lang.Integer.toString(counter)) + .png)): null

2018-11-29 12:14:32 - [TEST_STEP][PASSED] - Statement - counter = counter + 1: null

2018-11-29 12:14:32 - [TEST_STEP][PASSED] - Statement - PreSaveFile = new java.io.File(((pathPrefix + java.lang.Integer.toString(counter)) + .png)): null

2018-11-29 12:14:32 - [TEST_STEP][PASSED] - Statement - counter = counter + 1: null

2018-11-29 12:14:35 - [TEST_STEP][PASSED] - Statement - PreSaveFile = new java.io.File(((pathPrefix + java.lang.Integer.toString(counter)) + .png)): null

2018-11-29 12:14:35 - [TEST_STEP][PASSED] - Statement - counter = counter + 1: null

2018-11-29 12:14:35 - [TEST_STEP][PASSED] - Statement - PreSaveFile = new java.io.File(((pathPrefix + java.lang.Integer.toString(counter)) + .png)): null

2018-11-29 12:14:35 - [TEST_STEP][PASSED] - Statement - counter = counter + 1: null

2018-11-29 12:14:35 - [TEST_STEP][PASSED] - Statement - PreSaveFile = new java.io.File(((pathPrefix + java.lang.Integer.toString(counter)) + .png)): null

2018-11-29 12:14:35 - [TEST_STEP][PASSED] - Statement - counter = counter + 1: null

2018-11-29 12:14:35 - [TEST_STEP][PASSED] - Statement - PreSaveFile = new java.io.File(((pathPrefix + java.lang.Integer.toString(counter)) + .png)): null

2018-11-29 12:14:35 - [TEST_STEP][PASSED] - Statement - counter = counter + 1: null

2018-11-29 12:14:35 - [TEST_STEP][PASSED] - Statement - PreSaveFile = new java.io.File(((pathPrefix + java.lang.Integer.toString(counter)) + .png)): null

2018-11-29 12:14:38 - [TEST_STEP][PASSED] - Statement - finalPath = pathPrefix + java.lang.Integer.toString(counter) + ".png": null

2018-11-29 12:14:38 - [TEST_STEP][PASSED] - Statement - SaveFile = new java.io.File(finalPath): null

2018-11-29 12:14:38 - [TEST_STEP][PASSED] - Statement - Try: null

2018-11-29 12:14:38 - [TEST_STEP][PASSED] - Statement - org.apache.commons.io.FileUtils.copyFile(scrFile, SaveFile): null

2018-11-29 12:14:38 - [TEST_STEP][PASSED] - Statement - out.println("file kept"): null

2018-11-29 12:14:38 - [TEST_STEP][PASSED] - delay: Delayed 10 second(s)

2018-11-29 12:14:48 - [MESSAGE][PASSED] - Delayed 10 second(s)

2018-11-29 12:14:48 - [MESSAGE][PASSED] - Call Test Case 'Test Cases/Final Aug 2018 - PKS Automation/Registration Module/New Registration/Submit and Screenshot/Submit Registration and Screenshot - Copy' successfully

2018-11-29 12:14:48 - [TEST_STEP][PASSED] - Statement - UpdateAddNewECode = com.kms.katalon.core.webui.keyword.WebUiBuiltInKeywords.getText(com.kms.katalon.core.testobject.ObjectRepository.findTestObject(Object Repository/Final Object Repo/Page_Update Add New Employee - ASSIST/getEmpCode)): Text of object 'Object Repository/Final Object Repo/Page_Update Add New Employee - ASSIST/getEmpCode' is: 'E1102070546V'

2018-11-29 12:14:48 - [MESSAGE][PASSED] - Text of object 'Object Repository/Final Object Repo/Page_Update Add New Employee - ASSIST/getEmpCode' is: 'E1102070546V'

2018-11-29 12:14:48 - [TEST_STEP][PASSED] - callTestCase: Call Test Case 'Test Cases/Final Aug 2018 - PKS Automation/Common/Emp Code Setter' successfully

2018-11-29 12:14:48 - [TEST_CASE][PASSED] - Test Cases/Final Aug 2018 - PKS Automation/Common/Emp Code Setter: Test Cases/Final Aug 2018 - PKS Automation/Common/Emp Code Setter

2018-11-29 12:14:49 - [TEST_STEP][PASSED] - Statement - EmpCodeOld = new java.io.File(C://Users//Admin//Desktop//PKS//Automation Reference Point//EmpCode.txt): null

2018-11-29 12:14:49 - [TEST_STEP][PASSED] - Statement - EmpCodeOld.delete(): null

2018-11-29 12:14:49 - [TEST_STEP][PASSED] - Statement - EmpCode = new java.io.File(C://Users//Admin//Desktop//PKS//Automation Reference Point//EmpCode.txt): null

2018-11-29 12:14:49 - [TEST_STEP][PASSED] - Statement - EmpCode.append(UpdateAddNewECode): null

2018-11-29 12:14:49 - [TEST_STEP][PASSED] - Statement - out.println("


" + UpdateAddNewECode + "


"): null

2018-11-29 12:14:49 - [MESSAGE][PASSED] - Call Test Case 'Test Cases/Final Aug 2018 - PKS Automation/Common/Emp Code Setter' successfully

2018-11-29 12:14:49 - [MESSAGE][PASSED] - Call Test Case 'Test Cases/Final Aug 2018 - PKS Automation/Registration Module/Workflow/Update Add New Employee/Template/New Company for Update Add New - Employer' successfully

2018-11-29 12:14:49 - [TEST_STEP][PASSED] - callTestCase: Call Test Case 'Test Cases/Final Aug 2018 - PKS Automation/Create Employer Acc/Login to Employer Account (Second time)' successfully

2018-11-29 12:14:49 - [TEST_CASE][PASSED] - Test Cases/Final Aug 2018 - PKS Automation/Create Employer Acc/Login to Employer Account (Second time): Test Cases/Final Aug 2018 - PKS Automation/Create Employer Acc/Login to Employer Account (Second time)

2018-11-29 12:14:49 - [TEST_STEP][PASSED] - openBrowser: Browser is opened with url: ''

2018-11-29 12:14:49 - [MESSAGE][WARNING] - A browser is already opened. Closing browser and opening a new one

2018-11-29 12:14:52 - [MESSAGE][PASSED] - Browser is opened with url: ''

2018-11-29 12:14:52 - [TEST_STEP][PASSED] - navigateToUrl: Navigate to 'https://assist2-uat.perkeso.gov.my/employer/login' successfully

2018-11-29 12:14:53 - [MESSAGE][PASSED] - Navigate to 'https://assist2-uat.perkeso.gov.my/employer/login' successfully

2018-11-29 12:14:53 - [TEST_STEP][PASSED] - delay: Delayed 3 second(s)

2018-11-29 12:14:56 - [MESSAGE][PASSED] - Delayed 3 second(s)

2018-11-29 12:14:56 - [TEST_STEP][PASSED] - callTestCase: Call Test Case 'Test Cases/Final Aug 2018 - PKS Automation/Create Employer Acc/Template/Employer Email Getter' successfully

2018-11-29 12:14:56 - [TEST_CASE][PASSED] - Test Cases/Final Aug 2018 - PKS Automation/Create Employer Acc/Template/Employer Email Getter: Test Cases/Final Aug 2018 - PKS Automation/Create Employer Acc/Template/Employer Email Getter

2018-11-29 12:14:56 - [TEST_STEP][PASSED] - Statement - Try: null

2018-11-29 12:14:56 - [TEST_STEP][PASSED] - Statement - EmpEmail = new java.io.File(C://Users//Admin//Desktop//PKS//Automation Reference Point//EmpEmail.txt): null

2018-11-29 12:14:56 - [TEST_STEP][PASSED] - Statement - bufferread = new java.io.BufferedReader(new java.io.FileReader(EmpEmail)): null

2018-11-29 12:14:56 - [TEST_STEP][PASSED] - Statement - readedVal = bufferread.readLine(): null

2018-11-29 12:14:56 - [TEST_STEP][PASSED] - Statement - out.println(readedVal): null

2018-11-29 12:14:56 - [TEST_STEP][PASSED] - Statement - Email = readedVal: null

2018-11-29 12:14:56 - [MESSAGE][PASSED] - Call Test Case 'Test Cases/Final Aug 2018 - PKS Automation/Create Employer Acc/Template/Employer Email Getter' successfully

2018-11-29 12:14:56 - [TEST_STEP][PASSED] - setText: Text 'perkeso826830423119@gmail.com' is set on object 'Object Repository/Final Object Repo/Login Page/External Login Page/Email'

2018-11-29 12:14:56 - [MESSAGE][PASSED] - Text 'perkeso826830423119@gmail.com' is set on object 'Object Repository/Final Object Repo/Login Page/External Login Page/Email'

2018-11-29 12:14:56 - [TEST_STEP][PASSED] - click: Object: 'Object Repository/Final Object Repo/Login Page/External Login Page/Next' is clicked on

2018-11-29 12:14:57 - [MESSAGE][PASSED] - Object: 'Object Repository/Final Object Repo/Login Page/External Login Page/Next' is clicked on

2018-11-29 12:14:57 - [TEST_STEP][PASSED] - delay: Delayed 3 second(s)

2018-11-29 12:15:00 - [MESSAGE][PASSED] - Delayed 3 second(s)

2018-11-29 12:15:00 - [TEST_STEP][PASSED] - setEncryptedText: Text ****** has been set on object 'Object Repository/Final Object Repo/Login Page/External Login Page/Password'

2018-11-29 12:15:00 - [MESSAGE][PASSED] - Text ****** has been set on object 'Object Repository/Final Object Repo/Login Page/External Login Page/Password'

2018-11-29 12:15:00 - [TEST_STEP][PASSED] - click: Object: 'Object Repository/Final Object Repo/Login Page/External Login Page/Login' is clicked on

2018-11-29 12:15:00 - [MESSAGE][PASSED] - Object: 'Object Repository/Final Object Repo/Login Page/External Login Page/Login' is clicked on

2018-11-29 12:15:00 - [TEST_STEP][PASSED] - delay: Delayed 5 second(s)

2018-11-29 12:15:05 - [MESSAGE][PASSED] - Delayed 5 second(s)

2018-11-29 12:15:05 - [MESSAGE][PASSED] - Call Test Case 'Test Cases/Final Aug 2018 - PKS Automation/Create Employer Acc/Login to Employer Account (Second time)' successfully

2018-11-29 12:15:05 - [TEST_STEP][PASSED] - navigateToUrl: Navigate to 'https://assist2-uat.perkeso.gov.my/web/registration/eis-update/form-3-eis-cessation-as-employer' successfully

2018-11-29 12:15:06 - [MESSAGE][PASSED] - Navigate to 'https://assist2-uat.perkeso.gov.my/web/registration/eis-update/form-3-eis-cessation-as-employer' successfully

2018-11-29 12:15:06 - [TEST_STEP][PASSED] - delay: Delayed 1 second(s)

2018-11-29 12:15:07 - [MESSAGE][PASSED] - Delayed 1 second(s)

2018-11-29 12:15:07 - [TEST_STEP][PASSED] - click: Object: 'Object Repository/Final Object Repo/Page_Form 3 EIS - Cessation as Employer/Edit' is clicked on

2018-11-29 12:15:09 - [MESSAGE][PASSED] - Object: 'Object Repository/Final Object Repo/Page_Form 3 EIS - Cessation as Employer/Edit' is clicked on

2018-11-29 12:15:09 - [TEST_STEP][PASSED] - delay: Delayed 1 second(s)

2018-11-29 12:15:10 - [MESSAGE][PASSED] - Delayed 1 second(s)

2018-11-29 12:15:10 - [TEST_STEP][PASSED] - Statement - abc = com.kms.katalon.core.webui.keyword.WebUiBuiltInKeywords.getAttribute(com.kms.katalon.core.testobject.ObjectRepository.findTestObject(Final Object Repo/Page_Form 3 EIS - Cessation as Employer/Employer Status), "value"): Attribute 'value' of object 'Object Repository/Final Object Repo/Page_Form 3 EIS - Cessation as Employer/Employer Status' is: 'Active'

2018-11-29 12:15:10 - [MESSAGE][PASSED] - Attribute 'value' of object 'Object Repository/Final Object Repo/Page_Form 3 EIS - Cessation as Employer/Employer Status' is: 'Active'

2018-11-29 12:15:10 - [TEST_STEP][PASSED] - Statement - out.println(abc): null

2018-11-29 12:15:10 - [TEST_STEP][PASSED] - Statement - If (abc == "Active"): Object: 'Object Repository/Final Object Repo/Page_Form 3 EIS - Cessation as Employer/Dormant EIS' is clicked on

2018-11-29 12:15:10 - [TEST_STEP][PASSED] - click: Object: 'Object Repository/Final Object Repo/Page_Form 3 EIS - Cessation as Employer/Change Employer Status to' is clicked on

2018-11-29 12:15:10 - [MESSAGE][PASSED] - Object: 'Object Repository/Final Object Repo/Page_Form 3 EIS - Cessation as Employer/Change Employer Status to' is clicked on

2018-11-29 12:15:10 - [TEST_STEP][PASSED] - click: Object: 'Object Repository/Final Object Repo/Page_Form 3 EIS - Cessation as Employer/Dormant EIS' is clicked on

2018-11-29 12:15:10 - [MESSAGE][PASSED] - Object: 'Object Repository/Final Object Repo/Page_Form 3 EIS - Cessation as Employer/Dormant EIS' is clicked on

2018-11-29 12:15:10 - [TEST_STEP][PASSED] - click: Object: 'Object Repository/Final Object Repo/Page_Form 3 EIS - Cessation as Employer/Calender' is clicked on

2018-11-29 12:15:10 - [MESSAGE][PASSED] - Object: 'Object Repository/Final Object Repo/Page_Form 3 EIS - Cessation as Employer/Calender' is clicked on

2018-11-29 12:15:10 - [TEST_STEP][PASSED] - delay: Delayed 1 second(s)

2018-11-29 12:15:11 - [MESSAGE][PASSED] - Delayed 1 second(s)

2018-11-29 12:15:11 - [TEST_STEP][PASSED] - click: Object: 'Object Repository/Final Object Repo/Page_Form 3 EIS - Cessation as Employer/Calender - Date' is clicked on

2018-11-29 12:15:12 - [MESSAGE][PASSED] - Object: 'Object Repository/Final Object Repo/Page_Form 3 EIS - Cessation as Employer/Calender - Date' is clicked on

2018-11-29 12:15:12 - [TEST_STEP][PASSED] - click: Object: 'Object Repository/Final Object Repo/Page_Form 3 EIS - Cessation as Employer/Save  Continue in Form 3 EIS Page' is clicked on

2018-11-29 12:15:12 - [MESSAGE][PASSED] - Object: 'Object Repository/Final Object Repo/Page_Form 3 EIS - Cessation as Employer/Save  Continue in Form 3 EIS Page' is clicked on

2018-11-29 12:15:12 - [TEST_STEP][PASSED] - delay: Delayed 1 second(s)

2018-11-29 12:15:13 - [MESSAGE][PASSED] - Delayed 1 second(s)

2018-11-29 12:15:13 - [TEST_STEP][PASSED] - click: Object: 'Object Repository/Final Object Repo/Page_Form 3 EIS - Cessation as Employer/Employment Resign Date' is clicked on

2018-11-29 12:15:13 - [MESSAGE][PASSED] - Object: 'Object Repository/Final Object Repo/Page_Form 3 EIS - Cessation as Employer/Employment Resign Date' is clicked on

2018-11-29 12:15:13 - [TEST_STEP][PASSED] - selectOptionByValue: All options with value '2019' are selected in object 'Object Repository/Final Object Repo/Page_Form 3 EIS - Cessation as Employer/Employment Resign Date - Year' 

2018-11-29 12:15:14 - [MESSAGE][PASSED] - All options with value '2019' are selected in object 'Object Repository/Final Object Repo/Page_Form 3 EIS - Cessation as Employer/Employment Resign Date - Year' 

2018-11-29 12:15:14 - [TEST_STEP][PASSED] - delay: Delayed 2 second(s)

2018-11-29 12:15:16 - [MESSAGE][PASSED] - Delayed 2 second(s)

2018-11-29 12:15:16 - [TEST_STEP][PASSED] - click: Object: 'Object Repository/Final Object Repo/Page_Form 3 EIS - Cessation as Employer/Employment Resign Date - Year - Date' is clicked on

2018-11-29 12:15:16 - [MESSAGE][PASSED] - Object: 'Object Repository/Final Object Repo/Page_Form 3 EIS - Cessation as Employer/Employment Resign Date - Year - Date' is clicked on

2018-11-29 12:15:16 - [TEST_STEP][PASSED] - delay: Delayed 2 second(s)

2018-11-29 12:15:18 - [MESSAGE][PASSED] - Delayed 2 second(s)

2018-11-29 12:15:18 - [TEST_STEP][PASSED] - click: Object: 'Object Repository/Final Object Repo/Page_Form 3 EIS - Cessation as Employer/Save  Continue in Employment Resign Page' is clicked on

2018-11-29 12:15:18 - [MESSAGE][PASSED] - Object: 'Object Repository/Final Object Repo/Page_Form 3 EIS - Cessation as Employer/Save  Continue in Employment Resign Page' is clicked on

2018-11-29 12:15:18 - [TEST_STEP][PASSED] - delay: Delayed 2 second(s)

2018-11-29 12:15:20 - [MESSAGE][PASSED] - Delayed 2 second(s)

2018-11-29 12:15:20 - [TEST_STEP][PASSED] - click: Object: 'Object Repository/Final Object Repo/Page_Form 3 EIS - Cessation as Employer/Set Latest - Yes' is clicked on

2018-11-29 12:15:20 - [MESSAGE][PASSED] - Object: 'Object Repository/Final Object Repo/Page_Form 3 EIS - Cessation as Employer/Set Latest - Yes' is clicked on

2018-11-29 12:15:20 - [TEST_STEP][PASSED] - delay: Delayed 2 second(s)

2018-11-29 12:15:22 - [MESSAGE][PASSED] - Delayed 2 second(s)

2018-11-29 12:15:22 - [TEST_STEP][PASSED] - click: Object: 'Object Repository/Final Object Repo/Page_Form 3 EIS - Cessation as Employer/Add Document' is clicked on

2018-11-29 12:15:24 - [MESSAGE][PASSED] - Object: 'Object Repository/Final Object Repo/Page_Form 3 EIS - Cessation as Employer/Add Document' is clicked on

2018-11-29 12:15:24 - [TEST_STEP][PASSED] - delay: Delayed 3 second(s)

2018-11-29 12:15:27 - [MESSAGE][PASSED] - Delayed 3 second(s)

2018-11-29 12:15:27 - [TEST_STEP][PASSED] - click: Object: 'Object Repository/Final Object Repo/Page_Form 3 EIS - Cessation as Employer/Document Type' is clicked on

2018-11-29 12:15:27 - [MESSAGE][PASSED] - Object: 'Object Repository/Final Object Repo/Page_Form 3 EIS - Cessation as Employer/Document Type' is clicked on

2018-11-29 12:15:27 - [TEST_STEP][PASSED] - click: Object: 'Object Repository/Final Object Repo/Page_Form 3 EIS - Cessation as Employer/Document Type - Form 3' is clicked on

2018-11-29 12:15:27 - [MESSAGE][PASSED] - Object: 'Object Repository/Final Object Repo/Page_Form 3 EIS - Cessation as Employer/Document Type - Form 3' is clicked on

2018-11-29 12:15:27 - [TEST_STEP][PASSED] - delay: Delayed 2 second(s)

2018-11-29 12:15:29 - [MESSAGE][PASSED] - Delayed 2 second(s)

2018-11-29 12:15:29 - [TEST_STEP][PASSED] - sendKeys: Keys 'C:\Users\Public\Pictures\Sample Pictures\Koala.jpg' sent to object: 'Object Repository/Final Object Repo/Page_Form 3 EIS - Cessation as Employer/ploading File'

2018-11-29 12:15:29 - [MESSAGE][PASSED] - Keys 'C:\Users\Public\Pictures\Sample Pictures\Koala.jpg' sent to object: 'Object Repository/Final Object Repo/Page_Form 3 EIS - Cessation as Employer/ploading File'

2018-11-29 12:15:29 - [TEST_STEP][PASSED] - delay: Delayed 1 second(s)

2018-11-29 12:15:30 - [MESSAGE][PASSED] - Delayed 1 second(s)

2018-11-29 12:15:30 - [TEST_STEP][PASSED] - click: Object: 'Object Repository/Final Object Repo/Page_Form 3 EIS - Cessation as Employer/Add Document in Uploading Page' is clicked on

2018-11-29 12:15:30 - [MESSAGE][PASSED] - Object: 'Object Repository/Final Object Repo/Page_Form 3 EIS - Cessation as Employer/Add Document in Uploading Page' is clicked on

2018-11-29 12:15:30 - [TEST_STEP][PASSED] - delay: Delayed 2 second(s)

2018-11-29 12:15:32 - [MESSAGE][PASSED] - Delayed 2 second(s)

2018-11-29 12:15:32 - [TEST_STEP][PASSED] - Statement - CaseReferenceNo = com.kms.katalon.core.webui.keyword.WebUiBuiltInKeywords.getText(com.kms.katalon.core.testobject.ObjectRepository.findTestObject(Final Object Repo/Page_Update Employer Information/Reference Number in Update Employee Information Page)): Text of object 'Object Repository/Final Object Repo/Page_Update Employer Information/Reference Number in Update Employee Information Page' is: 'ERN112018C200002351'

2018-11-29 12:15:34 - [MESSAGE][PASSED] - Text of object 'Object Repository/Final Object Repo/Page_Update Employer Information/Reference Number in Update Employee Information Page' is: 'ERN112018C200002351'

2018-11-29 12:15:34 - [TEST_STEP][PASSED] - callTestCase: Call Test Case 'Test Cases/Final Aug 2018 - PKS Automation/Common/Reference Number Setter' successfully

2018-11-29 12:15:34 - [TEST_CASE][PASSED] - Test Cases/Final Aug 2018 - PKS Automation/Common/Reference Number Setter: Test Cases/Final Aug 2018 - PKS Automation/Common/Reference Number Setter

2018-11-29 12:15:34 - [TEST_STEP][PASSED] - Statement - RefNoOldFile = new java.io.File(C://Users//Admin//Desktop//PKS//Automation Reference Point//KatalonReference.txt): null

2018-11-29 12:15:34 - [TEST_STEP][PASSED] - Statement - RefNoOldFile.delete(): null

2018-11-29 12:15:34 - [TEST_STEP][PASSED] - delay: Delayed 5 second(s)

2018-11-29 12:15:39 - [MESSAGE][PASSED] - Delayed 5 second(s)

2018-11-29 12:15:39 - [TEST_STEP][PASSED] - Statement - RefNo = new java.io.File(C://Users//Admin//Desktop//PKS//Automation Reference Point//KatalonReference.txt): null

2018-11-29 12:15:39 - [TEST_STEP][PASSED] - Statement - f2 = new java.io.FileWriter(RefNo, false): null

2018-11-29 12:15:39 - [TEST_STEP][PASSED] - Statement - f2.write(CaseReferenceNo): null

2018-11-29 12:15:39 - [TEST_STEP][PASSED] - Statement - f2.close(): null

2018-11-29 12:15:39 - [TEST_STEP][PASSED] - Statement - out.println("


" + CaseReferenceNo + "


"): null

2018-11-29 12:15:39 - [MESSAGE][PASSED] - Call Test Case 'Test Cases/Final Aug 2018 - PKS Automation/Common/Reference Number Setter' successfully

2018-11-29 12:15:39 - [TEST_STEP][PASSED] - delay: Delayed 2 second(s)

2018-11-29 12:15:41 - [MESSAGE][PASSED] - Delayed 2 second(s)

2018-11-29 12:15:41 - [TEST_STEP][PASSED] - click: Object: 'Object Repository/Final Object Repo/Page_Form 3 EIS - Cessation as Employer/Save  Continue in Uploading Page' is clicked on

2018-11-29 12:15:41 - [MESSAGE][PASSED] - Object: 'Object Repository/Final Object Repo/Page_Form 3 EIS - Cessation as Employer/Save  Continue in Uploading Page' is clicked on

2018-11-29 12:15:41 - [TEST_STEP][PASSED] - delay: Delayed 2 second(s)

2018-11-29 12:15:43 - [MESSAGE][PASSED] - Delayed 2 second(s)

2018-11-29 12:15:43 - [TEST_STEP][PASSED] - click: Object: 'Object Repository/Final Object Repo/Page_Form 3 EIS - Cessation as Employer/Submit' is clicked on

2018-11-29 12:15:46 - [MESSAGE][PASSED] - Object: 'Object Repository/Final Object Repo/Page_Form 3 EIS - Cessation as Employer/Submit' is clicked on

2018-11-29 12:15:46 - [TEST_STEP][PASSED] - delay: Delayed 2 second(s)

2018-11-29 12:15:48 - [MESSAGE][PASSED] - Delayed 2 second(s)

2018-11-29 12:15:48 - [TEST_STEP][PASSED] - click: Object: 'Object Repository/Final Object Repo/Page_Form 3 EIS - Cessation as Employer/Confirm' is clicked on

2018-11-29 12:15:49 - [MESSAGE][PASSED] - Object: 'Object Repository/Final Object Repo/Page_Form 3 EIS - Cessation as Employer/Confirm' is clicked on

2018-11-29 12:15:49 - [TEST_STEP][PASSED] - delay: Delayed 2 second(s)

2018-11-29 12:15:51 - [MESSAGE][PASSED] - Delayed 2 second(s)

2018-11-29 12:15:51 - [TEST_STEP][PASSED] - click: Object: 'Object Repository/Final Object Repo/Page_Form 3 EIS - Cessation as Employer/Message Your Request will be routed to UO' is clicked on

2018-11-29 12:15:55 - [MESSAGE][PASSED] - Object: 'Object Repository/Final Object Repo/Page_Form 3 EIS - Cessation as Employer/Message Your Request will be routed to UO' is clicked on

2018-11-29 12:15:55 - [TEST_STEP][PASSED] - click: Object: 'Object Repository/Final Object Repo/Page_Form 3 EIS - Cessation as Employer/Letter of acknowledgement' is clicked on

2018-11-29 12:15:56 - [MESSAGE][PASSED] - Object: 'Object Repository/Final Object Repo/Page_Form 3 EIS - Cessation as Employer/Letter of acknowledgement' is clicked on

2018-11-29 12:15:56 - [MESSAGE][PASSED] - Call Test Case 'Test Cases/Final Aug 2018 - PKS Automation/Registration Module/Workflow/Form 3 EIS - Cessation As Employer/Template/Form 3 A - Cessation As Employer (Employer)' successfully

2018-11-29 12:15:56 - [TEST_STEP][PASSED] - callTestCase: Call Test Case 'Test Cases/Final Aug 2018 - PKS Automation/Registration Module/Workflow/Form 3 EIS - Cessation As Employer/Template/Form 3 A - Cessation As Employer (Approve)' successfully

2018-11-29 12:15:56 - [TEST_CASE][PASSED] - Test Cases/Final Aug 2018 - PKS Automation/Registration Module/Workflow/Form 3 EIS - Cessation As Employer/Template/Form 3 A - Cessation As Employer (Approve): Test Cases/Final Aug 2018 - PKS Automation/Registration Module/Workflow/Form 3 EIS - Cessation As Employer/Template/Form 3 A - Cessation As Employer (Approve)

2018-11-29 12:15:56 - [TEST_STEP][NOT_RUN] - callTestCase: NOT_RUN: callTestCase

2018-11-29 12:15:56 - [MESSAGE][NOT_RUN] - NOT_RUN: callTestCase

2018-11-29 12:15:56 - [TEST_STEP][PASSED] - delay: Delayed 1 second(s)

2018-11-29 12:15:57 - [MESSAGE][PASSED] - Delayed 1 second(s)

2018-11-29 12:15:57 - [TEST_STEP][PASSED] - navigateToUrl: Navigate to 'https://assist2-uat.perkeso.gov.my/c/portal/logout' successfully

2018-11-29 12:15:58 - [MESSAGE][PASSED] - Navigate to 'https://assist2-uat.perkeso.gov.my/c/portal/logout' successfully

2018-11-29 12:15:58 - [TEST_STEP][PASSED] - delay: Delayed 1 second(s)

2018-11-29 12:15:59 - [MESSAGE][PASSED] - Delayed 1 second(s)

2018-11-29 12:15:59 - [TEST_STEP][PASSED] - callTestCase: Call Test Case 'Test Cases/Final Aug 2018 - PKS Automation/Common/Reference Number Getter' successfully

2018-11-29 12:15:59 - [TEST_CASE][PASSED] - Test Cases/Final Aug 2018 - PKS Automation/Common/Reference Number Getter: Test Cases/Final Aug 2018 - PKS Automation/Common/Reference Number Getter

2018-11-29 12:15:59 - [TEST_STEP][PASSED] - Statement - Try: null

2018-11-29 12:15:59 - [TEST_STEP][PASSED] - Statement - RefNo = new java.io.File(C://Users//Admin//Desktop//PKS//Automation Reference Point//KatalonReference.txt): null

2018-11-29 12:15:59 - [TEST_STEP][PASSED] - Statement - bufferread = new java.io.BufferedReader(new java.io.FileReader(RefNo)): null

2018-11-29 12:15:59 - [TEST_STEP][PASSED] - Statement - readedVal = bufferread.readLine(): null

2018-11-29 12:15:59 - [TEST_STEP][PASSED] - Statement - out.println(CaseReferenceNo): null

2018-11-29 12:15:59 - [TEST_STEP][PASSED] - Statement - out.println(readedVal): null

2018-11-29 12:15:59 - [TEST_STEP][PASSED] - Statement - CaseReferenceNo = "": null

2018-11-29 12:15:59 - [TEST_STEP][PASSED] - Statement - CaseReferenceNo = readedVal: null

2018-11-29 12:15:59 - [MESSAGE][PASSED] - Call Test Case 'Test Cases/Final Aug 2018 - PKS Automation/Common/Reference Number Getter' successfully

2018-11-29 12:15:59 - [TEST_STEP][PASSED] - callTestCase: Call Test Case 'Test Cases/Final Aug 2018 - PKS Automation/Common/Workflow Owner Finder' successfully

2018-11-29 12:15:59 - [TEST_CASE][PASSED] - Test Cases/Final Aug 2018 - PKS Automation/Common/Workflow Owner Finder: Test Cases/Final Aug 2018 - PKS Automation/Common/Workflow Owner Finder

2018-11-29 12:16:00 - [TEST_STEP][PASSED] - openBrowser: Browser is opened with url: ''

2018-11-29 12:16:00 - [MESSAGE][WARNING] - A browser is already opened. Closing browser and opening a new one

2018-11-29 12:16:03 - [MESSAGE][PASSED] - Browser is opened with url: ''

2018-11-29 12:16:03 - [TEST_STEP][PASSED] - navigateToUrl: Navigate to 'https://assist2-uat.perkeso.gov.my/login' successfully

2018-11-29 12:16:04 - [MESSAGE][PASSED] - Navigate to 'https://assist2-uat.perkeso.gov.my/login' successfully

2018-11-29 12:16:04 - [TEST_STEP][PASSED] - delay: Delayed 5 second(s)

2018-11-29 12:16:09 - [MESSAGE][PASSED] - Delayed 5 second(s)

2018-11-29 12:16:09 - [TEST_STEP][PASSED] - setText: Text 'test@liferay.com' is set on object 'Object Repository/Final Object Repo/Login Page/Internal User/Email Address'

2018-11-29 12:16:10 - [MESSAGE][PASSED] - Text 'test@liferay.com' is set on object 'Object Repository/Final Object Repo/Login Page/Internal User/Email Address'

2018-11-29 12:16:10 - [TEST_STEP][PASSED] - click: Object: 'Object Repository/Final Object Repo/Login Page/Internal User/Next Button' is clicked on

2018-11-29 12:16:10 - [MESSAGE][PASSED] - Object: 'Object Repository/Final Object Repo/Login Page/Internal User/Next Button' is clicked on

2018-11-29 12:16:10 - [TEST_STEP][PASSED] - delay: Delayed 2 second(s)

2018-11-29 12:16:12 - [MESSAGE][PASSED] - Delayed 2 second(s)

2018-11-29 12:16:12 - [TEST_STEP][PASSED] - setText: Text 'test' is set on object 'Object Repository/Final Object Repo/Login Page/Internal User/Password'

2018-11-29 12:16:12 - [MESSAGE][PASSED] - Text 'test' is set on object 'Object Repository/Final Object Repo/Login Page/Internal User/Password'

2018-11-29 12:16:12 - [TEST_STEP][PASSED] - delay: Delayed 2 second(s)

2018-11-29 12:16:14 - [MESSAGE][PASSED] - Delayed 2 second(s)

2018-11-29 12:16:14 - [TEST_STEP][PASSED] - click: Object: 'Object Repository/Final Object Repo/Login Page/Internal User/Login Button' is clicked on

2018-11-29 12:16:14 - [MESSAGE][PASSED] - Object: 'Object Repository/Final Object Repo/Login Page/Internal User/Login Button' is clicked on

2018-11-29 12:16:14 - [TEST_STEP][PASSED] - Statement - Try: null

2018-11-29 12:16:14 - [TEST_STEP][PASSED] - Statement - Checker = com.kms.katalon.core.webui.keyword.WebUiBuiltInKeywords.verifyElementNotPresent("Final Object Repo/Landing Page/Select to English", 3): null

2018-11-29 12:16:14 - [TEST_STEP][PASSED] - Statement - Catch (Exception e): null

2018-11-29 12:16:14 - [TEST_STEP][PASSED] - Statement - e.printStackTrace(): null

2018-11-29 12:16:14 - [TEST_STEP][PASSED] - delay: Delayed 5 second(s)

2018-11-29 12:16:19 - [MESSAGE][PASSED] - Delayed 5 second(s)

2018-11-29 12:16:19 - [TEST_STEP][PASSED] - mouseOver: Object: 'Object Repository/Final Object Repo/Landing Page/WorkFlow Menu' is hovered

2018-11-29 12:16:19 - [MESSAGE][PASSED] - Object: 'Object Repository/Final Object Repo/Landing Page/WorkFlow Menu' is hovered

2018-11-29 12:16:19 - [TEST_STEP][PASSED] - delay: Delayed 2 second(s)

2018-11-29 12:16:21 - [MESSAGE][PASSED] - Delayed 2 second(s)

2018-11-29 12:16:21 - [TEST_STEP][PASSED] - click: Object: 'Object Repository/Final Object Repo/Landing Page/Select to Workflow Listing' is clicked on

2018-11-29 12:16:23 - [MESSAGE][PASSED] - Object: 'Object Repository/Final Object Repo/Landing Page/Select to Workflow Listing' is clicked on

2018-11-29 12:16:23 - [TEST_STEP][PASSED] - delay: Delayed 2 second(s)

2018-11-29 12:16:25 - [MESSAGE][PASSED] - Delayed 2 second(s)

2018-11-29 12:16:25 - [TEST_STEP][PASSED] - click: Object: 'Object Repository/Final Object Repo/WorkFlow Listing Page/Search Information - To Put Ref No' is clicked on

2018-11-29 12:16:25 - [MESSAGE][PASSED] - Object: 'Object Repository/Final Object Repo/WorkFlow Listing Page/Search Information - To Put Ref No' is clicked on

2018-11-29 12:16:25 - [TEST_STEP][PASSED] - delay: Delayed 2 second(s)

2018-11-29 12:16:27 - [MESSAGE][PASSED] - Delayed 2 second(s)

2018-11-29 12:16:27 - [TEST_STEP][PASSED] - callTestCase: Call Test Case 'Test Cases/Final Aug 2018 - PKS Automation/Common/Reference Number Getter' successfully

2018-11-29 12:16:27 - [TEST_CASE][PASSED] - Test Cases/Final Aug 2018 - PKS Automation/Common/Reference Number Getter: Test Cases/Final Aug 2018 - PKS Automation/Common/Reference Number Getter

2018-11-29 12:16:27 - [TEST_STEP][PASSED] - Statement - Try: null

2018-11-29 12:16:27 - [TEST_STEP][PASSED] - Statement - RefNo = new java.io.File(C://Users//Admin//Desktop//PKS//Automation Reference Point//KatalonReference.txt): null

2018-11-29 12:16:27 - [TEST_STEP][PASSED] - Statement - bufferread = new java.io.BufferedReader(new java.io.FileReader(RefNo)): null

2018-11-29 12:16:27 - [TEST_STEP][PASSED] - Statement - readedVal = bufferread.readLine(): null

2018-11-29 12:16:27 - [TEST_STEP][PASSED] - Statement - out.println(CaseReferenceNo): null

2018-11-29 12:16:27 - [TEST_STEP][PASSED] - Statement - out.println(readedVal): null

2018-11-29 12:16:27 - [TEST_STEP][PASSED] - Statement - CaseReferenceNo = "": null

2018-11-29 12:16:27 - [TEST_STEP][PASSED] - Statement - CaseReferenceNo = readedVal: null

2018-11-29 12:16:27 - [MESSAGE][PASSED] - Call Test Case 'Test Cases/Final Aug 2018 - PKS Automation/Common/Reference Number Getter' successfully

2018-11-29 12:16:27 - [TEST_STEP][PASSED] - setText: Text 'ERN112018C200002351' is set on object 'Object Repository/Final Object Repo/WorkFlow Listing Page/Ref No Set Text'

2018-11-29 12:16:27 - [MESSAGE][PASSED] - Text 'ERN112018C200002351' is set on object 'Object Repository/Final Object Repo/WorkFlow Listing Page/Ref No Set Text'

2018-11-29 12:16:27 - [TEST_STEP][PASSED] - delay: Delayed 2 second(s)

2018-11-29 12:16:29 - [MESSAGE][PASSED] - Delayed 2 second(s)

2018-11-29 12:16:29 - [TEST_STEP][PASSED] - click: Object: 'Object Repository/Final Object Repo/WorkFlow Listing Page/Search Ref No Search Button' is clicked on

2018-11-29 12:16:30 - [MESSAGE][PASSED] - Object: 'Object Repository/Final Object Repo/WorkFlow Listing Page/Search Ref No Search Button' is clicked on

2018-11-29 12:16:30 - [TEST_STEP][PASSED] - delay: Delayed 4 second(s)

2018-11-29 12:16:34 - [MESSAGE][PASSED] - Delayed 4 second(s)

2018-11-29 12:16:34 - [TEST_STEP][PASSED] - click: Object: 'Object Repository/Final Object Repo/WorkFlow Listing Page/Click Continue Tooltip' is clicked on

2018-11-29 12:16:35 - [MESSAGE][PASSED] - Object: 'Object Repository/Final Object Repo/WorkFlow Listing Page/Click Continue Tooltip' is clicked on

2018-11-29 12:16:35 - [TEST_STEP][PASSED] - delay: Delayed 5 second(s)

2018-11-29 12:16:40 - [MESSAGE][PASSED] - Delayed 5 second(s)

2018-11-29 12:16:40 - [TEST_STEP][PASSED] - doubleClick: Object: 'Object Repository/Final Object Repo/WorkFlow Listing Page/Workflow Found - Listing 1' is double clicked on

2018-11-29 12:16:40 - [MESSAGE][PASSED] - Object: 'Object Repository/Final Object Repo/WorkFlow Listing Page/Workflow Found - Listing 1' is double clicked on

2018-11-29 12:16:40 - [TEST_STEP][PASSED] - Statement - println(OwnerID): null

2018-11-29 12:16:40 - [TEST_STEP][PASSED] - Statement - OwnerID = com.kms.katalon.core.webui.keyword.WebUiBuiltInKeywords.getText(com.kms.katalon.core.testobject.ObjectRepository.findTestObject(Final Object Repo/WorkFlow Listing Page/Workflow Found - Listing 1), STOP_ON_FAILURE): Text of object 'Object Repository/Final Object Repo/WorkFlow Listing Page/Workflow Found - Listing 1' is: 'JOHORuo2'

2018-11-29 12:16:40 - [MESSAGE][PASSED] - Text of object 'Object Repository/Final Object Repo/WorkFlow Listing Page/Workflow Found - Listing 1' is: 'JOHORuo2'

2018-11-29 12:16:40 - [TEST_STEP][PASSED] - Statement - OwnerID = OwnerID.toLowerCase() + "@gmail.com": null

2018-11-29 12:16:40 - [TEST_STEP][PASSED] - Statement - println(OwnerID): null

2018-11-29 12:16:40 - [TEST_STEP][PASSED] - delay: Delayed 2 second(s)

2018-11-29 12:16:42 - [MESSAGE][PASSED] - Delayed 2 second(s)

2018-11-29 12:16:42 - [MESSAGE][PASSED] - Call Test Case 'Test Cases/Final Aug 2018 - PKS Automation/Common/Workflow Owner Finder' successfully

2018-11-29 12:16:42 - [TEST_STEP][PASSED] - delay: Delayed 1 second(s)

2018-11-29 12:16:43 - [MESSAGE][PASSED] - Delayed 1 second(s)

2018-11-29 12:16:43 - [TEST_STEP][PASSED] - navigateToUrl: Navigate to 'https://assist2-uat.perkeso.gov.my/c/portal/logout' successfully

2018-11-29 12:16:44 - [MESSAGE][PASSED] - Navigate to 'https://assist2-uat.perkeso.gov.my/c/portal/logout' successfully

2018-11-29 12:16:44 - [TEST_STEP][PASSED] - delay: Delayed 1 second(s)

2018-11-29 12:16:45 - [MESSAGE][PASSED] - Delayed 1 second(s)

2018-11-29 12:16:45 - [TEST_STEP][PASSED] - callTestCase: Call Test Case 'Test Cases/Final Aug 2018 - PKS Automation/Registration Module/Workflow/Login and Search Case For Workflow' successfully

2018-11-29 12:16:45 - [TEST_CASE][PASSED] - Test Cases/Final Aug 2018 - PKS Automation/Registration Module/Workflow/Login and Search Case For Workflow: Test Cases/Final Aug 2018 - PKS Automation/Registration Module/Workflow/Login and Search Case For Workflow

2018-11-29 12:16:45 - [TEST_STEP][PASSED] - navigateToUrl: Navigate to 'https://assist2-uat.perkeso.gov.my/login' successfully

2018-11-29 12:16:46 - [MESSAGE][PASSED] - Navigate to 'https://assist2-uat.perkeso.gov.my/login' successfully

2018-11-29 12:16:46 - [TEST_STEP][PASSED] - setText: Text 'johoruo2@gmail.com' is set on object 'Object Repository/Final Object Repo/Login Page/Internal User/Email Address'

2018-11-29 12:16:46 - [MESSAGE][PASSED] - Text 'johoruo2@gmail.com' is set on object 'Object Repository/Final Object Repo/Login Page/Internal User/Email Address'

2018-11-29 12:16:46 - [TEST_STEP][PASSED] - click: Object: 'Object Repository/Final Object Repo/Login Page/Internal User/Next Button' is clicked on

2018-11-29 12:16:46 - [MESSAGE][PASSED] - Object: 'Object Repository/Final Object Repo/Login Page/Internal User/Next Button' is clicked on

2018-11-29 12:16:46 - [TEST_STEP][PASSED] - delay: Delayed 1 second(s)

2018-11-29 12:16:47 - [MESSAGE][PASSED] - Delayed 1 second(s)

2018-11-29 12:16:47 - [TEST_STEP][PASSED] - setEncryptedText: Text ****** has been set on object 'Object Repository/Final Object Repo/Login Page/Internal User/Password'

2018-11-29 12:16:48 - [MESSAGE][PASSED] - Text ****** has been set on object 'Object Repository/Final Object Repo/Login Page/Internal User/Password'

2018-11-29 12:16:48 - [TEST_STEP][PASSED] - click: Object: 'Object Repository/Final Object Repo/Login Page/Internal User/Login Button' is clicked on

2018-11-29 12:16:48 - [MESSAGE][PASSED] - Object: 'Object Repository/Final Object Repo/Login Page/Internal User/Login Button' is clicked on

2018-11-29 12:16:48 - [TEST_STEP][PASSED] - delay: Delayed 2 second(s)

2018-11-29 12:16:50 - [MESSAGE][PASSED] - Delayed 2 second(s)

2018-11-29 12:16:50 - [TEST_STEP][PASSED] - Statement - Try: Delayed 2 second(s)

2018-11-29 12:16:50 - [TEST_STEP][PASSED] - Statement - Checker = false: null

2018-11-29 12:16:50 - [TEST_STEP][PASSED] - Statement - Checker = com.kms.katalon.core.webui.keyword.WebUiBuiltInKeywords.verifyElementHasAttribute(com.kms.katalon.core.testobject.ObjectRepository.findTestObject(Final Object Repo/Landing Page/BM Detecting), "href", 20, OPTIONAL): Object 'Object Repository/Final Object Repo/Landing Page/BM Detecting' has attribute 'href'

2018-11-29 12:16:50 - [MESSAGE][PASSED] - Object 'Object Repository/Final Object Repo/Landing Page/BM Detecting' has attribute 'href'

2018-11-29 12:16:50 - [TEST_STEP][PASSED] - Statement - out.println(Checker): null

2018-11-29 12:16:50 - [TEST_STEP][PASSED] - Statement - If (Checker == false): null

2018-11-29 12:16:50 - [TEST_STEP][PASSED] - Statement - Else: null

2018-11-29 12:16:50 - [TEST_STEP][PASSED] - delay: Delayed 2 second(s)

2018-11-29 12:16:52 - [MESSAGE][PASSED] - Delayed 2 second(s)

2018-11-29 12:16:52 - [TEST_STEP][PASSED] - click: Object: 'Object Repository/Final Object Repo/Page_MyASSIST - ASSIST - Search Pending Case For Add Supporting Document/Search Information' is clicked on

2018-11-29 12:16:52 - [MESSAGE][PASSED] - Object: 'Object Repository/Final Object Repo/Page_MyASSIST - ASSIST - Search Pending Case For Add Supporting Document/Search Information' is clicked on

2018-11-29 12:16:52 - [TEST_STEP][PASSED] - delay: Delayed 3 second(s)

2018-11-29 12:16:55 - [MESSAGE][PASSED] - Delayed 3 second(s)

2018-11-29 12:16:55 - [TEST_STEP][PASSED] - sendKeys: Keys 'ERN112018C200002351' sent to object: 'Object Repository/Final Object Repo/Page_MyASSIST - ASSIST - Search Pending Case For Add Supporting Document/Reference No'

2018-11-29 12:16:55 - [MESSAGE][PASSED] - Keys 'ERN112018C200002351' sent to object: 'Object Repository/Final Object Repo/Page_MyASSIST - ASSIST - Search Pending Case For Add Supporting Document/Reference No'

2018-11-29 12:16:55 - [TEST_STEP][PASSED] - click: Object: 'Object Repository/Final Object Repo/Page_MyASSIST - ASSIST - Search Pending Case For Add Supporting Document/Search Reference No' is clicked on

2018-11-29 12:16:56 - [MESSAGE][PASSED] - Object: 'Object Repository/Final Object Repo/Page_MyASSIST - ASSIST - Search Pending Case For Add Supporting Document/Search Reference No' is clicked on

2018-11-29 12:16:56 - [TEST_STEP][PASSED] - delay: Delayed 2 second(s)

2018-11-29 12:16:58 - [MESSAGE][PASSED] - Delayed 2 second(s)

2018-11-29 12:16:58 - [TEST_STEP][PASSED] - click: Object: 'Object Repository/Final Object Repo/Page_MyASSIST - ASSIST - Search Pending Case For Add Supporting Document/Continue' is clicked on

2018-11-29 12:17:01 - [MESSAGE][PASSED] - Object: 'Object Repository/Final Object Repo/Page_MyASSIST - ASSIST - Search Pending Case For Add Supporting Document/Continue' is clicked on

2018-11-29 12:17:01 - [TEST_STEP][PASSED] - delay: Delayed 20 second(s)

2018-11-29 12:17:21 - [MESSAGE][PASSED] - Delayed 20 second(s)

2018-11-29 12:17:21 - [MESSAGE][PASSED] - Call Test Case 'Test Cases/Final Aug 2018 - PKS Automation/Registration Module/Workflow/Login and Search Case For Workflow' successfully

2018-11-29 12:17:21 - [TEST_STEP][PASSED] - click: Object: 'Object Repository/Final Object Repo/Page_Form 3 EIS - Cessation as Employer/Page_Form 3 EIS - Cessation as Employer (Approve)/Save  Continue in Form 3 Page' is clicked on

2018-11-29 12:17:21 - [MESSAGE][PASSED] - Object: 'Object Repository/Final Object Repo/Page_Form 3 EIS - Cessation as Employer/Page_Form 3 EIS - Cessation as Employer (Approve)/Save  Continue in Form 3 Page' is clicked on

2018-11-29 12:17:21 - [TEST_STEP][PASSED] - delay: Delayed 2 second(s)

2018-11-29 12:17:23 - [MESSAGE][PASSED] - Delayed 2 second(s)

2018-11-29 12:17:23 - [TEST_STEP][PASSED] - click: Object: 'Object Repository/Final Object Repo/Page_Form 3 EIS - Cessation as Employer/Page_Form 3 EIS - Cessation as Employer (Approve)/Save  Continue in Resigned Page' is clicked on

2018-11-29 12:17:24 - [MESSAGE][PASSED] - Object: 'Object Repository/Final Object Repo/Page_Form 3 EIS - Cessation as Employer/Page_Form 3 EIS - Cessation as Employer (Approve)/Save  Continue in Resigned Page' is clicked on

2018-11-29 12:17:24 - [TEST_STEP][PASSED] - delay: Delayed 2 second(s)

2018-11-29 12:17:26 - [MESSAGE][PASSED] - Delayed 2 second(s)

2018-11-29 12:17:26 - [TEST_STEP][PASSED] - click: Object: 'Object Repository/Final Object Repo/Page_Form 3 EIS - Cessation as Employer/Page_Form 3 EIS - Cessation as Employer (Approve)/Save  Continue in Uploading Page' is clicked on

2018-11-29 12:17:27 - [MESSAGE][PASSED] - Object: 'Object Repository/Final Object Repo/Page_Form 3 EIS - Cessation as Employer/Page_Form 3 EIS - Cessation as Employer (Approve)/Save  Continue in Uploading Page' is clicked on

2018-11-29 12:17:27 - [TEST_STEP][PASSED] - delay: Delayed 2 second(s)

2018-11-29 12:17:29 - [MESSAGE][PASSED] - Delayed 2 second(s)

2018-11-29 12:17:29 - [TEST_STEP][PASSED] - click: Object: 'Object Repository/Final Object Repo/Page_Form 3 EIS - Cessation as Employer/Page_Form 3 EIS - Cessation as Employer (Approve)/Approve' is clicked on

2018-11-29 12:17:32 - [MESSAGE][PASSED] - Object: 'Object Repository/Final Object Repo/Page_Form 3 EIS - Cessation as Employer/Page_Form 3 EIS - Cessation as Employer (Approve)/Approve' is clicked on

2018-11-29 12:17:32 - [TEST_STEP][PASSED] - delay: Delayed 2 second(s)

2018-11-29 12:17:34 - [MESSAGE][PASSED] - Delayed 2 second(s)

2018-11-29 12:17:34 - [TEST_STEP][PASSED] - click: Object: 'Object Repository/Final Object Repo/Page_Form 3 EIS - Cessation as Employer/Page_Form 3 EIS - Cessation as Employer (Approve)/Confirm' is clicked on

2018-11-29 12:17:34 - [MESSAGE][PASSED] - Object: 'Object Repository/Final Object Repo/Page_Form 3 EIS - Cessation as Employer/Page_Form 3 EIS - Cessation as Employer (Approve)/Confirm' is clicked on

2018-11-29 12:17:34 - [TEST_STEP][PASSED] - delay: Delayed 2 second(s)

2018-11-29 12:17:36 - [MESSAGE][PASSED] - Delayed 2 second(s)

2018-11-29 12:17:36 - [TEST_STEP][PASSED] - click: Object: 'Object Repository/Final Object Repo/Page_Form 3 EIS - Cessation as Employer/Page_Form 3 EIS - Cessation as Employer (Approve)/Message Your Request    Form 3 EIS' is clicked on

2018-11-29 12:17:42 - [MESSAGE][PASSED] - Object: 'Object Repository/Final Object Repo/Page_Form 3 EIS - Cessation as Employer/Page_Form 3 EIS - Cessation as Employer (Approve)/Message Your Request    Form 3 EIS' is clicked on

2018-11-29 12:17:42 - [TEST_STEP][PASSED] - click: Object: 'Object Repository/Final Object Repo/Page_Form 3 EIS - Cessation as Employer/Page_Form 3 EIS - Cessation as Employer (Approve)/Letter of successful update' is clicked on

2018-11-29 12:17:42 - [MESSAGE][PASSED] - Object: 'Object Repository/Final Object Repo/Page_Form 3 EIS - Cessation as Employer/Page_Form 3 EIS - Cessation as Employer (Approve)/Letter of successful update' is clicked on

2018-11-29 12:17:42 - [MESSAGE][PASSED] - Call Test Case 'Test Cases/Final Aug 2018 - PKS Automation/Registration Module/Workflow/Form 3 EIS - Cessation As Employer/Template/Form 3 A - Cessation As Employer (Approve)' successfully]]></system-out>
         <system-err><![CDATA[]]></system-err>
      </testcase>
      <testcase name="Test Cases/Final Aug 2018 - PKS Automation/Registration Module/Workflow/Form 3 EIS - Cessation As Employer/Employer to UO (Query)" classname="Test Cases/Final Aug 2018 - PKS Automation/Registration Module/Workflow/Form 3 EIS - Cessation As Employer/Employer to UO (Query)" status="PASSED">
         <system-out><![CDATA[2018-11-29 12:17:42 - [TEST_CASE][PASSED] - Test Cases/Final Aug 2018 - PKS Automation/Registration Module/Workflow/Form 3 EIS - Cessation As Employer/Employer to UO (Query): Test Cases/Final Aug 2018 - PKS Automation/Registration Module/Workflow/Form 3 EIS - Cessation As Employer/Employer to UO (Query)

2018-11-29 12:17:43 - [TEST_STEP][PASSED] - callTestCase: Call Test Case 'Test Cases/Final Aug 2018 - PKS Automation/Registration Module/Workflow/Form 3 EIS - Cessation As Employer/Template/Form 3 A - Cessation As Employer (OTC)' successfully

2018-11-29 12:17:43 - [TEST_CASE][PASSED] - Test Cases/Final Aug 2018 - PKS Automation/Registration Module/Workflow/Form 3 EIS - Cessation As Employer/Template/Form 3 A - Cessation As Employer (OTC): Test Cases/Final Aug 2018 - PKS Automation/Registration Module/Workflow/Form 3 EIS - Cessation As Employer/Template/Form 3 A - Cessation As Employer (OTC)

2018-11-29 12:17:43 - [TEST_STEP][PASSED] - openBrowser: Browser is opened with url: ''

2018-11-29 12:17:43 - [MESSAGE][WARNING] - A browser is already opened. Closing browser and opening a new one

2018-11-29 12:17:46 - [MESSAGE][PASSED] - Browser is opened with url: ''

2018-11-29 12:17:46 - [TEST_STEP][PASSED] - navigateToUrl: Navigate to 'https://assist2-uat.perkeso.gov.my/login' successfully

2018-11-29 12:17:47 - [MESSAGE][PASSED] - Navigate to 'https://assist2-uat.perkeso.gov.my/login' successfully

2018-11-29 12:17:47 - [TEST_STEP][PASSED] - setText: Text 'johorotc1@gmail.com' is set on object 'Object Repository/Final Object Repo/Login Page/Internal User/Email Address'

2018-11-29 12:17:48 - [MESSAGE][PASSED] - Text 'johorotc1@gmail.com' is set on object 'Object Repository/Final Object Repo/Login Page/Internal User/Email Address'

2018-11-29 12:17:48 - [TEST_STEP][PASSED] - click: Object: 'Object Repository/Final Object Repo/Login Page/Internal User/Next Button' is clicked on

2018-11-29 12:17:48 - [MESSAGE][PASSED] - Object: 'Object Repository/Final Object Repo/Login Page/Internal User/Next Button' is clicked on

2018-11-29 12:17:48 - [TEST_STEP][PASSED] - delay: Delayed 1 second(s)

2018-11-29 12:17:49 - [MESSAGE][PASSED] - Delayed 1 second(s)

2018-11-29 12:17:49 - [TEST_STEP][PASSED] - setEncryptedText: Text ****** has been set on object 'Object Repository/Final Object Repo/Login Page/Internal User/Password'

2018-11-29 12:17:49 - [MESSAGE][PASSED] - Text ****** has been set on object 'Object Repository/Final Object Repo/Login Page/Internal User/Password'

2018-11-29 12:17:49 - [TEST_STEP][PASSED] - click: Object: 'Object Repository/Final Object Repo/Login Page/Internal User/Login Button' is clicked on

2018-11-29 12:17:49 - [MESSAGE][PASSED] - Object: 'Object Repository/Final Object Repo/Login Page/Internal User/Login Button' is clicked on

2018-11-29 12:17:49 - [TEST_STEP][PASSED] - delay: Delayed 1 second(s)

2018-11-29 12:17:50 - [MESSAGE][PASSED] - Delayed 1 second(s)

2018-11-29 12:17:50 - [TEST_STEP][PASSED] - Statement - Try: Delayed 2 second(s)

2018-11-29 12:17:50 - [TEST_STEP][PASSED] - Statement - Checker = false: null

2018-11-29 12:17:50 - [TEST_STEP][PASSED] - Statement - Checker = com.kms.katalon.core.webui.keyword.WebUiBuiltInKeywords.verifyElementHasAttribute(com.kms.katalon.core.testobject.ObjectRepository.findTestObject(Final Object Repo/Landing Page/BM Detecting), "href", 20, OPTIONAL): Object 'Object Repository/Final Object Repo/Landing Page/BM Detecting' has attribute 'href'

2018-11-29 12:17:52 - [MESSAGE][PASSED] - Object 'Object Repository/Final Object Repo/Landing Page/BM Detecting' has attribute 'href'

2018-11-29 12:17:52 - [TEST_STEP][PASSED] - Statement - out.println(Checker): null

2018-11-29 12:17:52 - [TEST_STEP][PASSED] - Statement - If (Checker == false): null

2018-11-29 12:17:52 - [TEST_STEP][PASSED] - Statement - Else: null

2018-11-29 12:17:52 - [TEST_STEP][PASSED] - delay: Delayed 2 second(s)

2018-11-29 12:17:54 - [MESSAGE][PASSED] - Delayed 2 second(s)

2018-11-29 12:17:54 - [TEST_STEP][PASSED] - navigateToUrl: Navigate to 'https://assist2-uat.perkeso.gov.my/web/registration/eis-update/form-3-eis-cessation-as-employer' successfully

2018-11-29 12:17:55 - [MESSAGE][PASSED] - Navigate to 'https://assist2-uat.perkeso.gov.my/web/registration/eis-update/form-3-eis-cessation-as-employer' successfully

2018-11-29 12:17:55 - [TEST_STEP][PASSED] - delay: Delayed 1 second(s)

2018-11-29 12:17:56 - [MESSAGE][PASSED] - Delayed 1 second(s)

2018-11-29 12:17:56 - [TEST_STEP][PASSED] - setText: Text 'E1102069769W' is set on object 'Object Repository/Final Object Repo/Page_Form 3 EIS - Cessation as Employer/Employer Code'

2018-11-29 12:17:56 - [MESSAGE][PASSED] - Text 'E1102069769W' is set on object 'Object Repository/Final Object Repo/Page_Form 3 EIS - Cessation as Employer/Employer Code'

2018-11-29 12:17:56 - [TEST_STEP][PASSED] - click: Object: 'Object Repository/Final Object Repo/Page_Form 3 EIS - Cessation as Employer/Search' is clicked on

2018-11-29 12:17:56 - [MESSAGE][PASSED] - Object: 'Object Repository/Final Object Repo/Page_Form 3 EIS - Cessation as Employer/Search' is clicked on

2018-11-29 12:17:56 - [TEST_STEP][PASSED] - click: Object: 'Object Repository/Final Object Repo/Page_Form 3 EIS - Cessation as Employer/Edit' is clicked on

2018-11-29 12:17:59 - [MESSAGE][PASSED] - Object: 'Object Repository/Final Object Repo/Page_Form 3 EIS - Cessation as Employer/Edit' is clicked on

2018-11-29 12:17:59 - [TEST_STEP][PASSED] - delay: Delayed 1 second(s)

2018-11-29 12:18:00 - [MESSAGE][PASSED] - Delayed 1 second(s)

2018-11-29 12:18:00 - [TEST_STEP][PASSED] - Statement - abc = com.kms.katalon.core.webui.keyword.WebUiBuiltInKeywords.getAttribute(com.kms.katalon.core.testobject.ObjectRepository.findTestObject(Final Object Repo/Page_Form 3 EIS - Cessation as Employer/Employer Status), "value"): Attribute 'value' of object 'Object Repository/Final Object Repo/Page_Form 3 EIS - Cessation as Employer/Employer Status' is: 'Active'

2018-11-29 12:18:00 - [MESSAGE][PASSED] - Attribute 'value' of object 'Object Repository/Final Object Repo/Page_Form 3 EIS - Cessation as Employer/Employer Status' is: 'Active'

2018-11-29 12:18:00 - [TEST_STEP][PASSED] - Statement - out.println(abc): null

2018-11-29 12:18:00 - [TEST_STEP][PASSED] - Statement - If (abc == "Active"): Object: 'Object Repository/Final Object Repo/Page_Form 3 EIS - Cessation as Employer/Dormant EIS' is clicked on

2018-11-29 12:18:00 - [TEST_STEP][PASSED] - click: Object: 'Object Repository/Final Object Repo/Page_Form 3 EIS - Cessation as Employer/Change Employer Status to' is clicked on

2018-11-29 12:18:00 - [MESSAGE][PASSED] - Object: 'Object Repository/Final Object Repo/Page_Form 3 EIS - Cessation as Employer/Change Employer Status to' is clicked on

2018-11-29 12:18:00 - [TEST_STEP][PASSED] - click: Object: 'Object Repository/Final Object Repo/Page_Form 3 EIS - Cessation as Employer/Dormant EIS' is clicked on

2018-11-29 12:18:00 - [MESSAGE][PASSED] - Object: 'Object Repository/Final Object Repo/Page_Form 3 EIS - Cessation as Employer/Dormant EIS' is clicked on

2018-11-29 12:18:00 - [TEST_STEP][PASSED] - click: Object: 'Object Repository/Final Object Repo/Page_Form 3 EIS - Cessation as Employer/Calender' is clicked on

2018-11-29 12:18:01 - [MESSAGE][PASSED] - Object: 'Object Repository/Final Object Repo/Page_Form 3 EIS - Cessation as Employer/Calender' is clicked on

2018-11-29 12:18:01 - [TEST_STEP][PASSED] - delay: Delayed 1 second(s)

2018-11-29 12:18:02 - [MESSAGE][PASSED] - Delayed 1 second(s)

2018-11-29 12:18:02 - [TEST_STEP][PASSED] - click: Object: 'Object Repository/Final Object Repo/Page_Form 3 EIS - Cessation as Employer/Calender - Date' is clicked on

2018-11-29 12:18:02 - [MESSAGE][PASSED] - Object: 'Object Repository/Final Object Repo/Page_Form 3 EIS - Cessation as Employer/Calender - Date' is clicked on

2018-11-29 12:18:02 - [TEST_STEP][PASSED] - click: Object: 'Object Repository/Final Object Repo/Page_Form 3 EIS - Cessation as Employer/Save  Continue in Form 3 EIS Page' is clicked on

2018-11-29 12:18:02 - [MESSAGE][PASSED] - Object: 'Object Repository/Final Object Repo/Page_Form 3 EIS - Cessation as Employer/Save  Continue in Form 3 EIS Page' is clicked on

2018-11-29 12:18:02 - [TEST_STEP][PASSED] - delay: Delayed 1 second(s)

2018-11-29 12:18:03 - [MESSAGE][PASSED] - Delayed 1 second(s)

2018-11-29 12:18:03 - [TEST_STEP][PASSED] - click: Object: 'Object Repository/Final Object Repo/Page_Form 3 EIS - Cessation as Employer/Employment Resign Date' is clicked on

2018-11-29 12:18:04 - [MESSAGE][PASSED] - Object: 'Object Repository/Final Object Repo/Page_Form 3 EIS - Cessation as Employer/Employment Resign Date' is clicked on

2018-11-29 12:18:04 - [TEST_STEP][PASSED] - selectOptionByValue: All options with value '2030' are selected in object 'Object Repository/Final Object Repo/Page_Form 3 EIS - Cessation as Employer/Employment Resign Date - Year' 

2018-11-29 12:18:04 - [MESSAGE][PASSED] - All options with value '2030' are selected in object 'Object Repository/Final Object Repo/Page_Form 3 EIS - Cessation as Employer/Employment Resign Date - Year' 

2018-11-29 12:18:04 - [TEST_STEP][PASSED] - delay: Delayed 2 second(s)

2018-11-29 12:18:06 - [MESSAGE][PASSED] - Delayed 2 second(s)

2018-11-29 12:18:06 - [TEST_STEP][PASSED] - click: Object: 'Object Repository/Final Object Repo/Page_Form 3 EIS - Cessation as Employer/Employment Resign Date - Year - Date' is clicked on

2018-11-29 12:18:06 - [MESSAGE][PASSED] - Object: 'Object Repository/Final Object Repo/Page_Form 3 EIS - Cessation as Employer/Employment Resign Date - Year - Date' is clicked on

2018-11-29 12:18:06 - [TEST_STEP][PASSED] - delay: Delayed 2 second(s)

2018-11-29 12:18:08 - [MESSAGE][PASSED] - Delayed 2 second(s)

2018-11-29 12:18:08 - [TEST_STEP][PASSED] - click: Object: 'Object Repository/Final Object Repo/Page_Form 3 EIS - Cessation as Employer/Save  Continue in Employment Resign Page' is clicked on

2018-11-29 12:18:08 - [MESSAGE][PASSED] - Object: 'Object Repository/Final Object Repo/Page_Form 3 EIS - Cessation as Employer/Save  Continue in Employment Resign Page' is clicked on

2018-11-29 12:18:08 - [TEST_STEP][PASSED] - delay: Delayed 2 second(s)

2018-11-29 12:18:10 - [MESSAGE][PASSED] - Delayed 2 second(s)

2018-11-29 12:18:10 - [TEST_STEP][PASSED] - click: Object: 'Object Repository/Final Object Repo/Page_Form 3 EIS - Cessation as Employer/Set Latest - Yes' is clicked on

2018-11-29 12:18:11 - [MESSAGE][PASSED] - Object: 'Object Repository/Final Object Repo/Page_Form 3 EIS - Cessation as Employer/Set Latest - Yes' is clicked on

2018-11-29 12:18:11 - [TEST_STEP][PASSED] - delay: Delayed 2 second(s)

2018-11-29 12:18:13 - [MESSAGE][PASSED] - Delayed 2 second(s)

2018-11-29 12:18:13 - [TEST_STEP][PASSED] - click: Object: 'Object Repository/Final Object Repo/Page_Form 3 EIS - Cessation as Employer/Add Document' is clicked on

2018-11-29 12:18:14 - [MESSAGE][PASSED] - Object: 'Object Repository/Final Object Repo/Page_Form 3 EIS - Cessation as Employer/Add Document' is clicked on

2018-11-29 12:18:14 - [TEST_STEP][PASSED] - delay: Delayed 3 second(s)

2018-11-29 12:18:17 - [MESSAGE][PASSED] - Delayed 3 second(s)

2018-11-29 12:18:17 - [TEST_STEP][PASSED] - click: Object: 'Object Repository/Final Object Repo/Page_Form 3 EIS - Cessation as Employer/Document Type' is clicked on

2018-11-29 12:18:17 - [MESSAGE][PASSED] - Object: 'Object Repository/Final Object Repo/Page_Form 3 EIS - Cessation as Employer/Document Type' is clicked on

2018-11-29 12:18:17 - [TEST_STEP][PASSED] - click: Object: 'Object Repository/Final Object Repo/Page_Form 3 EIS - Cessation as Employer/Document Type - Form 3' is clicked on

2018-11-29 12:18:17 - [MESSAGE][PASSED] - Object: 'Object Repository/Final Object Repo/Page_Form 3 EIS - Cessation as Employer/Document Type - Form 3' is clicked on

2018-11-29 12:18:17 - [TEST_STEP][PASSED] - delay: Delayed 2 second(s)

2018-11-29 12:18:19 - [MESSAGE][PASSED] - Delayed 2 second(s)

2018-11-29 12:18:19 - [TEST_STEP][PASSED] - sendKeys: Keys 'C:\Users\Public\Pictures\Sample Pictures\Koala.jpg' sent to object: 'Object Repository/Final Object Repo/Page_Form 3 EIS - Cessation as Employer/ploading File'

2018-11-29 12:18:20 - [MESSAGE][PASSED] - Keys 'C:\Users\Public\Pictures\Sample Pictures\Koala.jpg' sent to object: 'Object Repository/Final Object Repo/Page_Form 3 EIS - Cessation as Employer/ploading File'

2018-11-29 12:18:20 - [TEST_STEP][PASSED] - delay: Delayed 1 second(s)

2018-11-29 12:18:21 - [MESSAGE][PASSED] - Delayed 1 second(s)

2018-11-29 12:18:21 - [TEST_STEP][PASSED] - click: Object: 'Object Repository/Final Object Repo/Page_Form 3 EIS - Cessation as Employer/Add Document in Uploading Page' is clicked on

2018-11-29 12:18:21 - [MESSAGE][PASSED] - Object: 'Object Repository/Final Object Repo/Page_Form 3 EIS - Cessation as Employer/Add Document in Uploading Page' is clicked on

2018-11-29 12:18:21 - [TEST_STEP][PASSED] - delay: Delayed 2 second(s)

2018-11-29 12:18:23 - [MESSAGE][PASSED] - Delayed 2 second(s)

2018-11-29 12:18:23 - [TEST_STEP][PASSED] - Statement - CaseReferenceNo = com.kms.katalon.core.webui.keyword.WebUiBuiltInKeywords.getText(com.kms.katalon.core.testobject.ObjectRepository.findTestObject(Final Object Repo/Page_Update Employer Information/Reference Number in Update Employee Information Page)): Text of object 'Object Repository/Final Object Repo/Page_Update Employer Information/Reference Number in Update Employee Information Page' is: 'ERN112018C200002352'

2018-11-29 12:18:25 - [MESSAGE][PASSED] - Text of object 'Object Repository/Final Object Repo/Page_Update Employer Information/Reference Number in Update Employee Information Page' is: 'ERN112018C200002352'

2018-11-29 12:18:25 - [TEST_STEP][PASSED] - callTestCase: Call Test Case 'Test Cases/Final Aug 2018 - PKS Automation/Common/Reference Number Setter' successfully

2018-11-29 12:18:25 - [TEST_CASE][PASSED] - Test Cases/Final Aug 2018 - PKS Automation/Common/Reference Number Setter: Test Cases/Final Aug 2018 - PKS Automation/Common/Reference Number Setter

2018-11-29 12:18:25 - [TEST_STEP][PASSED] - Statement - RefNoOldFile = new java.io.File(C://Users//Admin//Desktop//PKS//Automation Reference Point//KatalonReference.txt): null

2018-11-29 12:18:25 - [TEST_STEP][PASSED] - Statement - RefNoOldFile.delete(): null

2018-11-29 12:18:25 - [TEST_STEP][PASSED] - delay: Delayed 5 second(s)

2018-11-29 12:18:30 - [MESSAGE][PASSED] - Delayed 5 second(s)

2018-11-29 12:18:30 - [TEST_STEP][PASSED] - Statement - RefNo = new java.io.File(C://Users//Admin//Desktop//PKS//Automation Reference Point//KatalonReference.txt): null

2018-11-29 12:18:30 - [TEST_STEP][PASSED] - Statement - f2 = new java.io.FileWriter(RefNo, false): null

2018-11-29 12:18:30 - [TEST_STEP][PASSED] - Statement - f2.write(CaseReferenceNo): null

2018-11-29 12:18:30 - [TEST_STEP][PASSED] - Statement - f2.close(): null

2018-11-29 12:18:30 - [TEST_STEP][PASSED] - Statement - out.println("


" + CaseReferenceNo + "


"): null

2018-11-29 12:18:30 - [MESSAGE][PASSED] - Call Test Case 'Test Cases/Final Aug 2018 - PKS Automation/Common/Reference Number Setter' successfully

2018-11-29 12:18:30 - [TEST_STEP][PASSED] - delay: Delayed 2 second(s)

2018-11-29 12:18:32 - [MESSAGE][PASSED] - Delayed 2 second(s)

2018-11-29 12:18:32 - [TEST_STEP][PASSED] - click: Object: 'Object Repository/Final Object Repo/Page_Form 3 EIS - Cessation as Employer/Save  Continue in Uploading Page' is clicked on

2018-11-29 12:18:32 - [MESSAGE][PASSED] - Object: 'Object Repository/Final Object Repo/Page_Form 3 EIS - Cessation as Employer/Save  Continue in Uploading Page' is clicked on

2018-11-29 12:18:32 - [TEST_STEP][PASSED] - delay: Delayed 2 second(s)

2018-11-29 12:18:34 - [MESSAGE][PASSED] - Delayed 2 second(s)

2018-11-29 12:18:34 - [TEST_STEP][PASSED] - click: Object: 'Object Repository/Final Object Repo/Page_Form 3 EIS - Cessation as Employer/Submit' is clicked on

2018-11-29 12:18:37 - [MESSAGE][PASSED] - Object: 'Object Repository/Final Object Repo/Page_Form 3 EIS - Cessation as Employer/Submit' is clicked on

2018-11-29 12:18:37 - [TEST_STEP][PASSED] - delay: Delayed 2 second(s)

2018-11-29 12:18:39 - [MESSAGE][PASSED] - Delayed 2 second(s)

2018-11-29 12:18:39 - [TEST_STEP][PASSED] - click: Object: 'Object Repository/Final Object Repo/Page_Form 3 EIS - Cessation as Employer/Confirm' is clicked on

2018-11-29 12:18:39 - [MESSAGE][PASSED] - Object: 'Object Repository/Final Object Repo/Page_Form 3 EIS - Cessation as Employer/Confirm' is clicked on

2018-11-29 12:18:39 - [TEST_STEP][PASSED] - delay: Delayed 2 second(s)

2018-11-29 12:18:41 - [MESSAGE][PASSED] - Delayed 2 second(s)

2018-11-29 12:18:41 - [TEST_STEP][PASSED] - click: Object: 'Object Repository/Final Object Repo/Page_Form 3 EIS - Cessation as Employer/Message Your Request will be routed to UO' is clicked on

2018-11-29 12:18:45 - [MESSAGE][PASSED] - Object: 'Object Repository/Final Object Repo/Page_Form 3 EIS - Cessation as Employer/Message Your Request will be routed to UO' is clicked on

2018-11-29 12:18:45 - [TEST_STEP][PASSED] - click: Object: 'Object Repository/Final Object Repo/Page_Form 3 EIS - Cessation as Employer/Letter of acknowledgement' is clicked on

2018-11-29 12:18:46 - [MESSAGE][PASSED] - Object: 'Object Repository/Final Object Repo/Page_Form 3 EIS - Cessation as Employer/Letter of acknowledgement' is clicked on

2018-11-29 12:18:46 - [MESSAGE][PASSED] - Call Test Case 'Test Cases/Final Aug 2018 - PKS Automation/Registration Module/Workflow/Form 3 EIS - Cessation As Employer/Template/Form 3 A - Cessation As Employer (OTC)' successfully

2018-11-29 12:18:46 - [TEST_STEP][PASSED] - callTestCase: Call Test Case 'Test Cases/Final Aug 2018 - PKS Automation/Registration Module/Workflow/Form 3 EIS - Cessation As Employer/Template/Form 3 A - Cessation As Employer (Query)' successfully

2018-11-29 12:18:46 - [TEST_CASE][PASSED] - Test Cases/Final Aug 2018 - PKS Automation/Registration Module/Workflow/Form 3 EIS - Cessation As Employer/Template/Form 3 A - Cessation As Employer (Query): Test Cases/Final Aug 2018 - PKS Automation/Registration Module/Workflow/Form 3 EIS - Cessation As Employer/Template/Form 3 A - Cessation As Employer (Query)

2018-11-29 12:18:46 - [TEST_STEP][NOT_RUN] - callTestCase: NOT_RUN: callTestCase

2018-11-29 12:18:46 - [MESSAGE][NOT_RUN] - NOT_RUN: callTestCase

2018-11-29 12:18:46 - [TEST_STEP][PASSED] - delay: Delayed 1 second(s)

2018-11-29 12:18:47 - [MESSAGE][PASSED] - Delayed 1 second(s)

2018-11-29 12:18:47 - [TEST_STEP][PASSED] - navigateToUrl: Navigate to 'https://assist2-uat.perkeso.gov.my/c/portal/logout' successfully

2018-11-29 12:18:48 - [MESSAGE][PASSED] - Navigate to 'https://assist2-uat.perkeso.gov.my/c/portal/logout' successfully

2018-11-29 12:18:48 - [TEST_STEP][PASSED] - delay: Delayed 1 second(s)

2018-11-29 12:18:49 - [MESSAGE][PASSED] - Delayed 1 second(s)

2018-11-29 12:18:49 - [TEST_STEP][PASSED] - callTestCase: Call Test Case 'Test Cases/Final Aug 2018 - PKS Automation/Common/Reference Number Getter' successfully

2018-11-29 12:18:49 - [TEST_CASE][PASSED] - Test Cases/Final Aug 2018 - PKS Automation/Common/Reference Number Getter: Test Cases/Final Aug 2018 - PKS Automation/Common/Reference Number Getter

2018-11-29 12:18:49 - [TEST_STEP][PASSED] - Statement - Try: null

2018-11-29 12:18:49 - [TEST_STEP][PASSED] - Statement - RefNo = new java.io.File(C://Users//Admin//Desktop//PKS//Automation Reference Point//KatalonReference.txt): null

2018-11-29 12:18:49 - [TEST_STEP][PASSED] - Statement - bufferread = new java.io.BufferedReader(new java.io.FileReader(RefNo)): null

2018-11-29 12:18:49 - [TEST_STEP][PASSED] - Statement - readedVal = bufferread.readLine(): null

2018-11-29 12:18:49 - [TEST_STEP][PASSED] - Statement - out.println(CaseReferenceNo): null

2018-11-29 12:18:49 - [TEST_STEP][PASSED] - Statement - out.println(readedVal): null

2018-11-29 12:18:49 - [TEST_STEP][PASSED] - Statement - CaseReferenceNo = "": null

2018-11-29 12:18:49 - [TEST_STEP][PASSED] - Statement - CaseReferenceNo = readedVal: null

2018-11-29 12:18:49 - [MESSAGE][PASSED] - Call Test Case 'Test Cases/Final Aug 2018 - PKS Automation/Common/Reference Number Getter' successfully

2018-11-29 12:18:49 - [TEST_STEP][PASSED] - callTestCase: Call Test Case 'Test Cases/Final Aug 2018 - PKS Automation/Common/Workflow Owner Finder' successfully

2018-11-29 12:18:49 - [TEST_CASE][PASSED] - Test Cases/Final Aug 2018 - PKS Automation/Common/Workflow Owner Finder: Test Cases/Final Aug 2018 - PKS Automation/Common/Workflow Owner Finder

2018-11-29 12:18:49 - [TEST_STEP][PASSED] - openBrowser: Browser is opened with url: ''

2018-11-29 12:18:49 - [MESSAGE][WARNING] - A browser is already opened. Closing browser and opening a new one

2018-11-29 12:18:52 - [MESSAGE][PASSED] - Browser is opened with url: ''

2018-11-29 12:18:52 - [TEST_STEP][PASSED] - navigateToUrl: Navigate to 'https://assist2-uat.perkeso.gov.my/login' successfully

2018-11-29 12:18:53 - [MESSAGE][PASSED] - Navigate to 'https://assist2-uat.perkeso.gov.my/login' successfully

2018-11-29 12:18:53 - [TEST_STEP][PASSED] - delay: Delayed 5 second(s)

2018-11-29 12:18:58 - [MESSAGE][PASSED] - Delayed 5 second(s)

2018-11-29 12:18:58 - [TEST_STEP][PASSED] - setText: Text 'test@liferay.com' is set on object 'Object Repository/Final Object Repo/Login Page/Internal User/Email Address'

2018-11-29 12:18:59 - [MESSAGE][PASSED] - Text 'test@liferay.com' is set on object 'Object Repository/Final Object Repo/Login Page/Internal User/Email Address'

2018-11-29 12:18:59 - [TEST_STEP][PASSED] - click: Object: 'Object Repository/Final Object Repo/Login Page/Internal User/Next Button' is clicked on

2018-11-29 12:18:59 - [MESSAGE][PASSED] - Object: 'Object Repository/Final Object Repo/Login Page/Internal User/Next Button' is clicked on

2018-11-29 12:18:59 - [TEST_STEP][PASSED] - delay: Delayed 2 second(s)

2018-11-29 12:19:01 - [MESSAGE][PASSED] - Delayed 2 second(s)

2018-11-29 12:19:01 - [TEST_STEP][PASSED] - setText: Text 'test' is set on object 'Object Repository/Final Object Repo/Login Page/Internal User/Password'

2018-11-29 12:19:01 - [MESSAGE][PASSED] - Text 'test' is set on object 'Object Repository/Final Object Repo/Login Page/Internal User/Password'

2018-11-29 12:19:01 - [TEST_STEP][PASSED] - delay: Delayed 2 second(s)

2018-11-29 12:19:03 - [MESSAGE][PASSED] - Delayed 2 second(s)

2018-11-29 12:19:03 - [TEST_STEP][PASSED] - click: Object: 'Object Repository/Final Object Repo/Login Page/Internal User/Login Button' is clicked on

2018-11-29 12:19:03 - [MESSAGE][PASSED] - Object: 'Object Repository/Final Object Repo/Login Page/Internal User/Login Button' is clicked on

2018-11-29 12:19:03 - [TEST_STEP][PASSED] - Statement - Try: null

2018-11-29 12:19:03 - [TEST_STEP][PASSED] - Statement - Checker = com.kms.katalon.core.webui.keyword.WebUiBuiltInKeywords.verifyElementNotPresent("Final Object Repo/Landing Page/Select to English", 3): null

2018-11-29 12:19:03 - [TEST_STEP][PASSED] - Statement - Catch (Exception e): null

2018-11-29 12:19:03 - [TEST_STEP][PASSED] - Statement - e.printStackTrace(): null

2018-11-29 12:19:04 - [TEST_STEP][PASSED] - delay: Delayed 5 second(s)

2018-11-29 12:19:09 - [MESSAGE][PASSED] - Delayed 5 second(s)

2018-11-29 12:19:09 - [TEST_STEP][PASSED] - mouseOver: Object: 'Object Repository/Final Object Repo/Landing Page/WorkFlow Menu' is hovered

2018-11-29 12:19:09 - [MESSAGE][PASSED] - Object: 'Object Repository/Final Object Repo/Landing Page/WorkFlow Menu' is hovered

2018-11-29 12:19:09 - [TEST_STEP][PASSED] - delay: Delayed 2 second(s)

2018-11-29 12:19:11 - [MESSAGE][PASSED] - Delayed 2 second(s)

2018-11-29 12:19:11 - [TEST_STEP][PASSED] - click: Object: 'Object Repository/Final Object Repo/Landing Page/Select to Workflow Listing' is clicked on

2018-11-29 12:19:12 - [MESSAGE][PASSED] - Object: 'Object Repository/Final Object Repo/Landing Page/Select to Workflow Listing' is clicked on

2018-11-29 12:19:12 - [TEST_STEP][PASSED] - delay: Delayed 2 second(s)

2018-11-29 12:19:14 - [MESSAGE][PASSED] - Delayed 2 second(s)

2018-11-29 12:19:14 - [TEST_STEP][PASSED] - click: Object: 'Object Repository/Final Object Repo/WorkFlow Listing Page/Search Information - To Put Ref No' is clicked on

2018-11-29 12:19:14 - [MESSAGE][PASSED] - Object: 'Object Repository/Final Object Repo/WorkFlow Listing Page/Search Information - To Put Ref No' is clicked on

2018-11-29 12:19:14 - [TEST_STEP][PASSED] - delay: Delayed 2 second(s)

2018-11-29 12:19:16 - [MESSAGE][PASSED] - Delayed 2 second(s)

2018-11-29 12:19:16 - [TEST_STEP][PASSED] - callTestCase: Call Test Case 'Test Cases/Final Aug 2018 - PKS Automation/Common/Reference Number Getter' successfully

2018-11-29 12:19:16 - [TEST_CASE][PASSED] - Test Cases/Final Aug 2018 - PKS Automation/Common/Reference Number Getter: Test Cases/Final Aug 2018 - PKS Automation/Common/Reference Number Getter

2018-11-29 12:19:16 - [TEST_STEP][PASSED] - Statement - Try: null

2018-11-29 12:19:16 - [TEST_STEP][PASSED] - Statement - RefNo = new java.io.File(C://Users//Admin//Desktop//PKS//Automation Reference Point//KatalonReference.txt): null

2018-11-29 12:19:16 - [TEST_STEP][PASSED] - Statement - bufferread = new java.io.BufferedReader(new java.io.FileReader(RefNo)): null

2018-11-29 12:19:16 - [TEST_STEP][PASSED] - Statement - readedVal = bufferread.readLine(): null

2018-11-29 12:19:16 - [TEST_STEP][PASSED] - Statement - out.println(CaseReferenceNo): null

2018-11-29 12:19:16 - [TEST_STEP][PASSED] - Statement - out.println(readedVal): null

2018-11-29 12:19:16 - [TEST_STEP][PASSED] - Statement - CaseReferenceNo = "": null

2018-11-29 12:19:16 - [TEST_STEP][PASSED] - Statement - CaseReferenceNo = readedVal: null

2018-11-29 12:19:16 - [MESSAGE][PASSED] - Call Test Case 'Test Cases/Final Aug 2018 - PKS Automation/Common/Reference Number Getter' successfully

2018-11-29 12:19:16 - [TEST_STEP][PASSED] - setText: Text 'ERN112018C200002352' is set on object 'Object Repository/Final Object Repo/WorkFlow Listing Page/Ref No Set Text'

2018-11-29 12:19:17 - [MESSAGE][PASSED] - Text 'ERN112018C200002352' is set on object 'Object Repository/Final Object Repo/WorkFlow Listing Page/Ref No Set Text'

2018-11-29 12:19:17 - [TEST_STEP][PASSED] - delay: Delayed 2 second(s)

2018-11-29 12:19:19 - [MESSAGE][PASSED] - Delayed 2 second(s)

2018-11-29 12:19:19 - [TEST_STEP][PASSED] - click: Object: 'Object Repository/Final Object Repo/WorkFlow Listing Page/Search Ref No Search Button' is clicked on

2018-11-29 12:19:19 - [MESSAGE][PASSED] - Object: 'Object Repository/Final Object Repo/WorkFlow Listing Page/Search Ref No Search Button' is clicked on

2018-11-29 12:19:19 - [TEST_STEP][PASSED] - delay: Delayed 4 second(s)

2018-11-29 12:19:23 - [MESSAGE][PASSED] - Delayed 4 second(s)

2018-11-29 12:19:23 - [TEST_STEP][PASSED] - click: Object: 'Object Repository/Final Object Repo/WorkFlow Listing Page/Click Continue Tooltip' is clicked on

2018-11-29 12:19:24 - [MESSAGE][PASSED] - Object: 'Object Repository/Final Object Repo/WorkFlow Listing Page/Click Continue Tooltip' is clicked on

2018-11-29 12:19:24 - [TEST_STEP][PASSED] - delay: Delayed 5 second(s)

2018-11-29 12:19:29 - [MESSAGE][PASSED] - Delayed 5 second(s)

2018-11-29 12:19:29 - [TEST_STEP][PASSED] - doubleClick: Object: 'Object Repository/Final Object Repo/WorkFlow Listing Page/Workflow Found - Listing 1' is double clicked on

2018-11-29 12:19:29 - [MESSAGE][PASSED] - Object: 'Object Repository/Final Object Repo/WorkFlow Listing Page/Workflow Found - Listing 1' is double clicked on

2018-11-29 12:19:29 - [TEST_STEP][PASSED] - Statement - println(OwnerID): null

2018-11-29 12:19:29 - [TEST_STEP][PASSED] - Statement - OwnerID = com.kms.katalon.core.webui.keyword.WebUiBuiltInKeywords.getText(com.kms.katalon.core.testobject.ObjectRepository.findTestObject(Final Object Repo/WorkFlow Listing Page/Workflow Found - Listing 1), STOP_ON_FAILURE): Text of object 'Object Repository/Final Object Repo/WorkFlow Listing Page/Workflow Found - Listing 1' is: 'JOHORuo3'

2018-11-29 12:19:29 - [MESSAGE][PASSED] - Text of object 'Object Repository/Final Object Repo/WorkFlow Listing Page/Workflow Found - Listing 1' is: 'JOHORuo3'

2018-11-29 12:19:29 - [TEST_STEP][PASSED] - Statement - OwnerID = OwnerID.toLowerCase() + "@gmail.com": null

2018-11-29 12:19:29 - [TEST_STEP][PASSED] - Statement - println(OwnerID): null

2018-11-29 12:19:29 - [TEST_STEP][PASSED] - delay: Delayed 2 second(s)

2018-11-29 12:19:31 - [MESSAGE][PASSED] - Delayed 2 second(s)

2018-11-29 12:19:31 - [MESSAGE][PASSED] - Call Test Case 'Test Cases/Final Aug 2018 - PKS Automation/Common/Workflow Owner Finder' successfully

2018-11-29 12:19:31 - [TEST_STEP][PASSED] - delay: Delayed 1 second(s)

2018-11-29 12:19:32 - [MESSAGE][PASSED] - Delayed 1 second(s)

2018-11-29 12:19:32 - [TEST_STEP][PASSED] - navigateToUrl: Navigate to 'https://assist2-uat.perkeso.gov.my/c/portal/logout' successfully

2018-11-29 12:19:33 - [MESSAGE][PASSED] - Navigate to 'https://assist2-uat.perkeso.gov.my/c/portal/logout' successfully

2018-11-29 12:19:33 - [TEST_STEP][PASSED] - delay: Delayed 1 second(s)

2018-11-29 12:19:34 - [MESSAGE][PASSED] - Delayed 1 second(s)

2018-11-29 12:19:34 - [TEST_STEP][PASSED] - callTestCase: Call Test Case 'Test Cases/Final Aug 2018 - PKS Automation/Registration Module/Workflow/Login and Search Case For Workflow' successfully

2018-11-29 12:19:34 - [TEST_CASE][PASSED] - Test Cases/Final Aug 2018 - PKS Automation/Registration Module/Workflow/Login and Search Case For Workflow: Test Cases/Final Aug 2018 - PKS Automation/Registration Module/Workflow/Login and Search Case For Workflow

2018-11-29 12:19:34 - [TEST_STEP][PASSED] - navigateToUrl: Navigate to 'https://assist2-uat.perkeso.gov.my/login' successfully

2018-11-29 12:19:35 - [MESSAGE][PASSED] - Navigate to 'https://assist2-uat.perkeso.gov.my/login' successfully

2018-11-29 12:19:35 - [TEST_STEP][PASSED] - setText: Text 'johoruo3@gmail.com' is set on object 'Object Repository/Final Object Repo/Login Page/Internal User/Email Address'

2018-11-29 12:19:35 - [MESSAGE][PASSED] - Text 'johoruo3@gmail.com' is set on object 'Object Repository/Final Object Repo/Login Page/Internal User/Email Address'

2018-11-29 12:19:35 - [TEST_STEP][PASSED] - click: Object: 'Object Repository/Final Object Repo/Login Page/Internal User/Next Button' is clicked on

2018-11-29 12:19:35 - [MESSAGE][PASSED] - Object: 'Object Repository/Final Object Repo/Login Page/Internal User/Next Button' is clicked on

2018-11-29 12:19:35 - [TEST_STEP][PASSED] - delay: Delayed 1 second(s)

2018-11-29 12:19:36 - [MESSAGE][PASSED] - Delayed 1 second(s)

2018-11-29 12:19:36 - [TEST_STEP][PASSED] - setEncryptedText: Text ****** has been set on object 'Object Repository/Final Object Repo/Login Page/Internal User/Password'

2018-11-29 12:19:37 - [MESSAGE][PASSED] - Text ****** has been set on object 'Object Repository/Final Object Repo/Login Page/Internal User/Password'

2018-11-29 12:19:37 - [TEST_STEP][PASSED] - click: Object: 'Object Repository/Final Object Repo/Login Page/Internal User/Login Button' is clicked on

2018-11-29 12:19:37 - [MESSAGE][PASSED] - Object: 'Object Repository/Final Object Repo/Login Page/Internal User/Login Button' is clicked on

2018-11-29 12:19:37 - [TEST_STEP][PASSED] - delay: Delayed 2 second(s)

2018-11-29 12:19:39 - [MESSAGE][PASSED] - Delayed 2 second(s)

2018-11-29 12:19:39 - [TEST_STEP][PASSED] - Statement - Try: Delayed 2 second(s)

2018-11-29 12:19:39 - [TEST_STEP][PASSED] - Statement - Checker = false: null

2018-11-29 12:19:39 - [TEST_STEP][PASSED] - Statement - Checker = com.kms.katalon.core.webui.keyword.WebUiBuiltInKeywords.verifyElementHasAttribute(com.kms.katalon.core.testobject.ObjectRepository.findTestObject(Final Object Repo/Landing Page/BM Detecting), "href", 20, OPTIONAL): Object 'Object Repository/Final Object Repo/Landing Page/BM Detecting' has attribute 'href'

2018-11-29 12:19:39 - [MESSAGE][PASSED] - Object 'Object Repository/Final Object Repo/Landing Page/BM Detecting' has attribute 'href'

2018-11-29 12:19:39 - [TEST_STEP][PASSED] - Statement - out.println(Checker): null

2018-11-29 12:19:39 - [TEST_STEP][PASSED] - Statement - If (Checker == false): null

2018-11-29 12:19:39 - [TEST_STEP][PASSED] - Statement - Else: null

2018-11-29 12:19:39 - [TEST_STEP][PASSED] - delay: Delayed 2 second(s)

2018-11-29 12:19:41 - [MESSAGE][PASSED] - Delayed 2 second(s)

2018-11-29 12:19:41 - [TEST_STEP][PASSED] - click: Object: 'Object Repository/Final Object Repo/Page_MyASSIST - ASSIST - Search Pending Case For Add Supporting Document/Search Information' is clicked on

2018-11-29 12:19:41 - [MESSAGE][PASSED] - Object: 'Object Repository/Final Object Repo/Page_MyASSIST - ASSIST - Search Pending Case For Add Supporting Document/Search Information' is clicked on

2018-11-29 12:19:41 - [TEST_STEP][PASSED] - delay: Delayed 3 second(s)

2018-11-29 12:19:44 - [MESSAGE][PASSED] - Delayed 3 second(s)

2018-11-29 12:19:44 - [TEST_STEP][PASSED] - sendKeys: Keys 'ERN112018C200002352' sent to object: 'Object Repository/Final Object Repo/Page_MyASSIST - ASSIST - Search Pending Case For Add Supporting Document/Reference No'

2018-11-29 12:19:44 - [MESSAGE][PASSED] - Keys 'ERN112018C200002352' sent to object: 'Object Repository/Final Object Repo/Page_MyASSIST - ASSIST - Search Pending Case For Add Supporting Document/Reference No'

2018-11-29 12:19:44 - [TEST_STEP][PASSED] - click: Object: 'Object Repository/Final Object Repo/Page_MyASSIST - ASSIST - Search Pending Case For Add Supporting Document/Search Reference No' is clicked on

2018-11-29 12:19:45 - [MESSAGE][PASSED] - Object: 'Object Repository/Final Object Repo/Page_MyASSIST - ASSIST - Search Pending Case For Add Supporting Document/Search Reference No' is clicked on

2018-11-29 12:19:45 - [TEST_STEP][PASSED] - delay: Delayed 2 second(s)

2018-11-29 12:19:47 - [MESSAGE][PASSED] - Delayed 2 second(s)

2018-11-29 12:19:47 - [TEST_STEP][PASSED] - click: Object: 'Object Repository/Final Object Repo/Page_MyASSIST - ASSIST - Search Pending Case For Add Supporting Document/Continue' is clicked on

2018-11-29 12:19:50 - [MESSAGE][PASSED] - Object: 'Object Repository/Final Object Repo/Page_MyASSIST - ASSIST - Search Pending Case For Add Supporting Document/Continue' is clicked on

2018-11-29 12:19:50 - [TEST_STEP][PASSED] - delay: Delayed 20 second(s)

2018-11-29 12:20:10 - [MESSAGE][PASSED] - Delayed 20 second(s)

2018-11-29 12:20:10 - [MESSAGE][PASSED] - Call Test Case 'Test Cases/Final Aug 2018 - PKS Automation/Registration Module/Workflow/Login and Search Case For Workflow' successfully

2018-11-29 12:20:10 - [TEST_STEP][PASSED] - click: Object: 'Object Repository/Final Object Repo/Page_Form 3 EIS - Cessation as Employer/Page_Form 3 EIS - Cessation as Employer (Approve)/Save  Continue in Form 3 Page' is clicked on

2018-11-29 12:20:10 - [MESSAGE][PASSED] - Object: 'Object Repository/Final Object Repo/Page_Form 3 EIS - Cessation as Employer/Page_Form 3 EIS - Cessation as Employer (Approve)/Save  Continue in Form 3 Page' is clicked on

2018-11-29 12:20:10 - [TEST_STEP][PASSED] - delay: Delayed 4 second(s)

2018-11-29 12:20:14 - [MESSAGE][PASSED] - Delayed 4 second(s)

2018-11-29 12:20:14 - [TEST_STEP][PASSED] - click: Object: 'Object Repository/Final Object Repo/Page_Form 3 EIS - Cessation as Employer/Page_Form 3 EIS - Cessation as Employer (Approve)/Save  Continue in Resigned Page' is clicked on

2018-11-29 12:20:15 - [MESSAGE][PASSED] - Object: 'Object Repository/Final Object Repo/Page_Form 3 EIS - Cessation as Employer/Page_Form 3 EIS - Cessation as Employer (Approve)/Save  Continue in Resigned Page' is clicked on

2018-11-29 12:20:15 - [TEST_STEP][PASSED] - delay: Delayed 2 second(s)

2018-11-29 12:20:17 - [MESSAGE][PASSED] - Delayed 2 second(s)

2018-11-29 12:20:17 - [TEST_STEP][PASSED] - setText: Text 'Remark' is set on object 'Object Repository/Final Object Repo/Page_Form 3 EIS - Cessation as Employer/Page_Form 3 EIS - Cessation as Employer (Query)/Query - Remark'

2018-11-29 12:20:18 - [MESSAGE][PASSED] - Text 'Remark' is set on object 'Object Repository/Final Object Repo/Page_Form 3 EIS - Cessation as Employer/Page_Form 3 EIS - Cessation as Employer (Query)/Query - Remark'

2018-11-29 12:20:18 - [TEST_STEP][PASSED] - delay: Delayed 2 second(s)

2018-11-29 12:20:20 - [MESSAGE][PASSED] - Delayed 2 second(s)

2018-11-29 12:20:20 - [TEST_STEP][PASSED] - click: Object: 'Object Repository/Final Object Repo/Page_Form 3 EIS - Cessation as Employer/Page_Form 3 EIS - Cessation as Employer (Query)/Save  Continue' is clicked on

2018-11-29 12:20:20 - [MESSAGE][PASSED] - Object: 'Object Repository/Final Object Repo/Page_Form 3 EIS - Cessation as Employer/Page_Form 3 EIS - Cessation as Employer (Query)/Save  Continue' is clicked on

2018-11-29 12:20:20 - [TEST_STEP][PASSED] - delay: Delayed 2 second(s)

2018-11-29 12:20:22 - [MESSAGE][PASSED] - Delayed 2 second(s)

2018-11-29 12:20:22 - [TEST_STEP][PASSED] - click: Object: 'Object Repository/Final Object Repo/Page_Form 3 EIS - Cessation as Employer/Page_Form 3 EIS - Cessation as Employer (Query)/Query' is clicked on

2018-11-29 12:20:25 - [MESSAGE][PASSED] - Object: 'Object Repository/Final Object Repo/Page_Form 3 EIS - Cessation as Employer/Page_Form 3 EIS - Cessation as Employer (Query)/Query' is clicked on

2018-11-29 12:20:25 - [TEST_STEP][PASSED] - delay: Delayed 2 second(s)

2018-11-29 12:20:27 - [MESSAGE][PASSED] - Delayed 2 second(s)

2018-11-29 12:20:27 - [TEST_STEP][PASSED] - click: Object: 'Object Repository/Final Object Repo/Page_Form 3 EIS - Cessation as Employer/Page_Form 3 EIS - Cessation as Employer (Query)/Confirm' is clicked on

2018-11-29 12:20:34 - [MESSAGE][PASSED] - Object: 'Object Repository/Final Object Repo/Page_Form 3 EIS - Cessation as Employer/Page_Form 3 EIS - Cessation as Employer (Query)/Confirm' is clicked on

2018-11-29 12:20:34 - [TEST_STEP][PASSED] - delay: Delayed 2 second(s)

2018-11-29 12:20:36 - [MESSAGE][PASSED] - Delayed 2 second(s)

2018-11-29 12:20:36 - [TEST_STEP][PASSED] - click: Object: 'Object Repository/Final Object Repo/Page_Form 3 EIS - Cessation as Employer/Page_Form 3 EIS - Cessation as Employer (Query)/Message The Case Is Under Query' is clicked on

2018-11-29 12:20:36 - [MESSAGE][PASSED] - Object: 'Object Repository/Final Object Repo/Page_Form 3 EIS - Cessation as Employer/Page_Form 3 EIS - Cessation as Employer (Query)/Message The Case Is Under Query' is clicked on

2018-11-29 12:20:36 - [TEST_STEP][PASSED] - click: Object: 'Object Repository/Final Object Repo/Page_Form 3 EIS - Cessation as Employer/Page_Form 3 EIS - Cessation as Employer (Query)/Letter of inquiry' is clicked on

2018-11-29 12:20:37 - [MESSAGE][PASSED] - Object: 'Object Repository/Final Object Repo/Page_Form 3 EIS - Cessation as Employer/Page_Form 3 EIS - Cessation as Employer (Query)/Letter of inquiry' is clicked on

2018-11-29 12:20:37 - [TEST_STEP][PASSED] - delay: Delayed 1 second(s)

2018-11-29 12:20:38 - [MESSAGE][PASSED] - Delayed 1 second(s)

2018-11-29 12:20:38 - [TEST_STEP][PASSED] - navigateToUrl: Navigate to 'https://assist2-uat.perkeso.gov.my/c/portal/logout' successfully

2018-11-29 12:20:38 - [MESSAGE][PASSED] - Navigate to 'https://assist2-uat.perkeso.gov.my/c/portal/logout' successfully

2018-11-29 12:20:38 - [TEST_STEP][PASSED] - delay: Delayed 1 second(s)

2018-11-29 12:20:39 - [MESSAGE][PASSED] - Delayed 1 second(s)

2018-11-29 12:20:39 - [TEST_STEP][PASSED] - callTestCase: Call Test Case 'Test Cases/Final Aug 2018 - PKS Automation/Registration Module/Workflow/Login and Search Case For Workflow' successfully

2018-11-29 12:20:39 - [TEST_CASE][PASSED] - Test Cases/Final Aug 2018 - PKS Automation/Registration Module/Workflow/Login and Search Case For Workflow: Test Cases/Final Aug 2018 - PKS Automation/Registration Module/Workflow/Login and Search Case For Workflow

2018-11-29 12:20:39 - [TEST_STEP][PASSED] - navigateToUrl: Navigate to 'https://assist2-uat.perkeso.gov.my/login' successfully

2018-11-29 12:20:40 - [MESSAGE][PASSED] - Navigate to 'https://assist2-uat.perkeso.gov.my/login' successfully

2018-11-29 12:20:40 - [TEST_STEP][PASSED] - setText: Text 'johoruo3@gmail.com' is set on object 'Object Repository/Final Object Repo/Login Page/Internal User/Email Address'

2018-11-29 12:20:40 - [MESSAGE][PASSED] - Text 'johoruo3@gmail.com' is set on object 'Object Repository/Final Object Repo/Login Page/Internal User/Email Address'

2018-11-29 12:20:40 - [TEST_STEP][PASSED] - click: Object: 'Object Repository/Final Object Repo/Login Page/Internal User/Next Button' is clicked on

2018-11-29 12:20:40 - [MESSAGE][PASSED] - Object: 'Object Repository/Final Object Repo/Login Page/Internal User/Next Button' is clicked on

2018-11-29 12:20:40 - [TEST_STEP][PASSED] - delay: Delayed 1 second(s)

2018-11-29 12:20:41 - [MESSAGE][PASSED] - Delayed 1 second(s)

2018-11-29 12:20:41 - [TEST_STEP][PASSED] - setEncryptedText: Text ****** has been set on object 'Object Repository/Final Object Repo/Login Page/Internal User/Password'

2018-11-29 12:20:42 - [MESSAGE][PASSED] - Text ****** has been set on object 'Object Repository/Final Object Repo/Login Page/Internal User/Password'

2018-11-29 12:20:42 - [TEST_STEP][PASSED] - click: Object: 'Object Repository/Final Object Repo/Login Page/Internal User/Login Button' is clicked on

2018-11-29 12:20:42 - [MESSAGE][PASSED] - Object: 'Object Repository/Final Object Repo/Login Page/Internal User/Login Button' is clicked on

2018-11-29 12:20:42 - [TEST_STEP][PASSED] - delay: Delayed 2 second(s)

2018-11-29 12:20:44 - [MESSAGE][PASSED] - Delayed 2 second(s)

2018-11-29 12:20:44 - [TEST_STEP][PASSED] - Statement - Try: Delayed 2 second(s)

2018-11-29 12:20:44 - [TEST_STEP][PASSED] - Statement - Checker = false: null

2018-11-29 12:20:44 - [TEST_STEP][PASSED] - Statement - Checker = com.kms.katalon.core.webui.keyword.WebUiBuiltInKeywords.verifyElementHasAttribute(com.kms.katalon.core.testobject.ObjectRepository.findTestObject(Final Object Repo/Landing Page/BM Detecting), "href", 20, OPTIONAL): Object 'Object Repository/Final Object Repo/Landing Page/BM Detecting' has attribute 'href'

2018-11-29 12:20:44 - [MESSAGE][PASSED] - Object 'Object Repository/Final Object Repo/Landing Page/BM Detecting' has attribute 'href'

2018-11-29 12:20:44 - [TEST_STEP][PASSED] - Statement - out.println(Checker): null

2018-11-29 12:20:44 - [TEST_STEP][PASSED] - Statement - If (Checker == false): null

2018-11-29 12:20:44 - [TEST_STEP][PASSED] - Statement - Else: null

2018-11-29 12:20:44 - [TEST_STEP][PASSED] - delay: Delayed 2 second(s)

2018-11-29 12:20:46 - [MESSAGE][PASSED] - Delayed 2 second(s)

2018-11-29 12:20:46 - [TEST_STEP][PASSED] - click: Object: 'Object Repository/Final Object Repo/Page_MyASSIST - ASSIST - Search Pending Case For Add Supporting Document/Search Information' is clicked on

2018-11-29 12:20:46 - [MESSAGE][PASSED] - Object: 'Object Repository/Final Object Repo/Page_MyASSIST - ASSIST - Search Pending Case For Add Supporting Document/Search Information' is clicked on

2018-11-29 12:20:46 - [TEST_STEP][PASSED] - delay: Delayed 3 second(s)

2018-11-29 12:20:49 - [MESSAGE][PASSED] - Delayed 3 second(s)

2018-11-29 12:20:49 - [TEST_STEP][PASSED] - sendKeys: Keys 'ERN112018C200002352' sent to object: 'Object Repository/Final Object Repo/Page_MyASSIST - ASSIST - Search Pending Case For Add Supporting Document/Reference No'

2018-11-29 12:20:49 - [MESSAGE][PASSED] - Keys 'ERN112018C200002352' sent to object: 'Object Repository/Final Object Repo/Page_MyASSIST - ASSIST - Search Pending Case For Add Supporting Document/Reference No'

2018-11-29 12:20:49 - [TEST_STEP][PASSED] - click: Object: 'Object Repository/Final Object Repo/Page_MyASSIST - ASSIST - Search Pending Case For Add Supporting Document/Search Reference No' is clicked on

2018-11-29 12:20:50 - [MESSAGE][PASSED] - Object: 'Object Repository/Final Object Repo/Page_MyASSIST - ASSIST - Search Pending Case For Add Supporting Document/Search Reference No' is clicked on

2018-11-29 12:20:50 - [TEST_STEP][PASSED] - delay: Delayed 2 second(s)

2018-11-29 12:20:52 - [MESSAGE][PASSED] - Delayed 2 second(s)

2018-11-29 12:20:52 - [TEST_STEP][PASSED] - click: Object: 'Object Repository/Final Object Repo/Page_MyASSIST - ASSIST - Search Pending Case For Add Supporting Document/Continue' is clicked on

2018-11-29 12:20:55 - [MESSAGE][PASSED] - Object: 'Object Repository/Final Object Repo/Page_MyASSIST - ASSIST - Search Pending Case For Add Supporting Document/Continue' is clicked on

2018-11-29 12:20:55 - [TEST_STEP][PASSED] - delay: Delayed 20 second(s)

2018-11-29 12:21:15 - [MESSAGE][PASSED] - Delayed 20 second(s)

2018-11-29 12:21:15 - [MESSAGE][PASSED] - Call Test Case 'Test Cases/Final Aug 2018 - PKS Automation/Registration Module/Workflow/Login and Search Case For Workflow' successfully

2018-11-29 12:21:15 - [TEST_STEP][PASSED] - navigateToUrl: Navigate to 'https://assist2-uat.perkeso.gov.my/web/registration/eis-update/form-3-eis-cessation-as-employer?p_p_id=searchforemployersip_WAR_registrationportlet&p_p_lifecycle=0&_searchforemployersip_WAR_registrationportlet_regViewKey=87&_searchforemployersip_WAR_registrationportlet_browserIdKey=1536115932192&_searchforemployersip_WAR_registrationportlet_tempEmployerIdKey=128990&_searchforemployersip_WAR_registrationportlet_employerIdKey=&_searchforemployersip_WAR_registrationportlet_refCaseNo=ERN092018C200002133&_searchforemployersip_WAR_registrationportlet_mvcPath=%2Fapps%2Freg%2Fdiscontinue_business_sip%2Fdiscontinue_business_sip_form.jsp&_searchforemployersip_WAR_registrationportlet_regSectionKey=215' successfully

2018-11-29 12:21:18 - [MESSAGE][PASSED] - Navigate to 'https://assist2-uat.perkeso.gov.my/web/registration/eis-update/form-3-eis-cessation-as-employer?p_p_id=searchforemployersip_WAR_registrationportlet&p_p_lifecycle=0&_searchforemployersip_WAR_registrationportlet_regViewKey=87&_searchforemployersip_WAR_registrationportlet_browserIdKey=1536115932192&_searchforemployersip_WAR_registrationportlet_tempEmployerIdKey=128990&_searchforemployersip_WAR_registrationportlet_employerIdKey=&_searchforemployersip_WAR_registrationportlet_refCaseNo=ERN092018C200002133&_searchforemployersip_WAR_registrationportlet_mvcPath=%2Fapps%2Freg%2Fdiscontinue_business_sip%2Fdiscontinue_business_sip_form.jsp&_searchforemployersip_WAR_registrationportlet_regSectionKey=215' successfully

2018-11-29 12:21:18 - [TEST_STEP][PASSED] - delay: Delayed 3 second(s)

2018-11-29 12:21:21 - [MESSAGE][PASSED] - Delayed 3 second(s)

2018-11-29 12:21:21 - [TEST_STEP][PASSED] - click: Object: 'Object Repository/Final Object Repo/Page_Form 3 EIS - Cessation as Employer/Page_Form 3 EIS - Cessation as Employer (Query - OTC - UO)/Next' is clicked on

2018-11-29 12:21:23 - [MESSAGE][PASSED] - Object: 'Object Repository/Final Object Repo/Page_Form 3 EIS - Cessation as Employer/Page_Form 3 EIS - Cessation as Employer (Query - OTC - UO)/Next' is clicked on

2018-11-29 12:21:23 - [TEST_STEP][PASSED] - delay: Delayed 2 second(s)

2018-11-29 12:21:25 - [MESSAGE][PASSED] - Delayed 2 second(s)

2018-11-29 12:21:25 - [TEST_STEP][PASSED] - click: Object: 'Object Repository/Final Object Repo/Page_Form 3 EIS - Cessation as Employer/Page_Form 3 EIS - Cessation as Employer (Query - OTC - UO)/Next in Resigned Page' is clicked on

2018-11-29 12:21:28 - [MESSAGE][PASSED] - Object: 'Object Repository/Final Object Repo/Page_Form 3 EIS - Cessation as Employer/Page_Form 3 EIS - Cessation as Employer (Query - OTC - UO)/Next in Resigned Page' is clicked on

2018-11-29 12:21:28 - [TEST_STEP][PASSED] - delay: Delayed 2 second(s)

2018-11-29 12:21:30 - [MESSAGE][PASSED] - Delayed 2 second(s)

2018-11-29 12:21:30 - [TEST_STEP][PASSED] - click: Object: 'Object Repository/Final Object Repo/Page_Form 3 EIS - Cessation as Employer/Page_Form 3 EIS - Cessation as Employer (Query - OTC - UO)/Add Document' is clicked on

2018-11-29 12:21:30 - [MESSAGE][PASSED] - Object: 'Object Repository/Final Object Repo/Page_Form 3 EIS - Cessation as Employer/Page_Form 3 EIS - Cessation as Employer (Query - OTC - UO)/Add Document' is clicked on

2018-11-29 12:21:30 - [TEST_STEP][PASSED] - delay: Delayed 2 second(s)

2018-11-29 12:21:32 - [MESSAGE][PASSED] - Delayed 2 second(s)

2018-11-29 12:21:32 - [TEST_STEP][PASSED] - click: Object: 'Object Repository/Final Object Repo/Page_Form 3 EIS - Cessation as Employer/Page_Form 3 EIS - Cessation as Employer (Query - OTC - UO)/Document Type' is clicked on

2018-11-29 12:21:33 - [MESSAGE][PASSED] - Object: 'Object Repository/Final Object Repo/Page_Form 3 EIS - Cessation as Employer/Page_Form 3 EIS - Cessation as Employer (Query - OTC - UO)/Document Type' is clicked on

2018-11-29 12:21:33 - [TEST_STEP][PASSED] - delay: Delayed 2 second(s)

2018-11-29 12:21:35 - [MESSAGE][PASSED] - Delayed 2 second(s)

2018-11-29 12:21:35 - [TEST_STEP][PASSED] - click: Object: 'Object Repository/Final Object Repo/Page_Form 3 EIS - Cessation as Employer/Page_Form 3 EIS - Cessation as Employer (Query - OTC - UO)/Document Type - Others' is clicked on

2018-11-29 12:21:35 - [MESSAGE][PASSED] - Object: 'Object Repository/Final Object Repo/Page_Form 3 EIS - Cessation as Employer/Page_Form 3 EIS - Cessation as Employer (Query - OTC - UO)/Document Type - Others' is clicked on

2018-11-29 12:21:35 - [TEST_STEP][PASSED] - delay: Delayed 2 second(s)

2018-11-29 12:21:37 - [MESSAGE][PASSED] - Delayed 2 second(s)

2018-11-29 12:21:37 - [TEST_STEP][PASSED] - sendKeys: Keys 'C:\Users\Public\Pictures\Sample Pictures\Koala.jpg' sent to object: 'Object Repository/Final Object Repo/Page_Form 3 EIS - Cessation as Employer/Page_Form 3 EIS - Cessation as Employer (Query - OTC - UO)/ploading File'

2018-11-29 12:21:37 - [MESSAGE][PASSED] - Keys 'C:\Users\Public\Pictures\Sample Pictures\Koala.jpg' sent to object: 'Object Repository/Final Object Repo/Page_Form 3 EIS - Cessation as Employer/Page_Form 3 EIS - Cessation as Employer (Query - OTC - UO)/ploading File'

2018-11-29 12:21:37 - [TEST_STEP][PASSED] - delay: Delayed 2 second(s)

2018-11-29 12:21:39 - [MESSAGE][PASSED] - Delayed 2 second(s)

2018-11-29 12:21:39 - [TEST_STEP][PASSED] - click: Object: 'Object Repository/Final Object Repo/Page_Form 3 EIS - Cessation as Employer/Page_Form 3 EIS - Cessation as Employer (Query - OTC - UO)/Add Document in Uploading Page' is clicked on

2018-11-29 12:21:39 - [MESSAGE][PASSED] - Object: 'Object Repository/Final Object Repo/Page_Form 3 EIS - Cessation as Employer/Page_Form 3 EIS - Cessation as Employer (Query - OTC - UO)/Add Document in Uploading Page' is clicked on

2018-11-29 12:21:39 - [TEST_STEP][PASSED] - delay: Delayed 2 second(s)

2018-11-29 12:21:41 - [MESSAGE][PASSED] - Delayed 2 second(s)

2018-11-29 12:21:41 - [TEST_STEP][PASSED] - click: Object: 'Object Repository/Final Object Repo/Page_Form 3 EIS - Cessation as Employer/Page_Form 3 EIS - Cessation as Employer (Query - OTC - UO)/Exit' is clicked on

2018-11-29 12:21:44 - [MESSAGE][PASSED] - Object: 'Object Repository/Final Object Repo/Page_Form 3 EIS - Cessation as Employer/Page_Form 3 EIS - Cessation as Employer (Query - OTC - UO)/Exit' is clicked on

2018-11-29 12:21:44 - [TEST_STEP][PASSED] - delay: Delayed 1 second(s)

2018-11-29 12:21:45 - [MESSAGE][PASSED] - Delayed 1 second(s)

2018-11-29 12:21:45 - [TEST_STEP][PASSED] - navigateToUrl: Navigate to 'https://assist2-uat.perkeso.gov.my/c/portal/logout' successfully

2018-11-29 12:21:46 - [MESSAGE][PASSED] - Navigate to 'https://assist2-uat.perkeso.gov.my/c/portal/logout' successfully

2018-11-29 12:21:46 - [TEST_STEP][PASSED] - delay: Delayed 1 second(s)

2018-11-29 12:21:47 - [MESSAGE][PASSED] - Delayed 1 second(s)

2018-11-29 12:21:47 - [TEST_STEP][PASSED] - callTestCase: Call Test Case 'Test Cases/Final Aug 2018 - PKS Automation/Registration Module/Workflow/Login and Search Case For Workflow' successfully

2018-11-29 12:21:47 - [TEST_CASE][PASSED] - Test Cases/Final Aug 2018 - PKS Automation/Registration Module/Workflow/Login and Search Case For Workflow: Test Cases/Final Aug 2018 - PKS Automation/Registration Module/Workflow/Login and Search Case For Workflow

2018-11-29 12:21:47 - [TEST_STEP][PASSED] - navigateToUrl: Navigate to 'https://assist2-uat.perkeso.gov.my/login' successfully

2018-11-29 12:21:48 - [MESSAGE][PASSED] - Navigate to 'https://assist2-uat.perkeso.gov.my/login' successfully

2018-11-29 12:21:48 - [TEST_STEP][PASSED] - setText: Text 'johoruo3@gmail.com' is set on object 'Object Repository/Final Object Repo/Login Page/Internal User/Email Address'

2018-11-29 12:21:48 - [MESSAGE][PASSED] - Text 'johoruo3@gmail.com' is set on object 'Object Repository/Final Object Repo/Login Page/Internal User/Email Address'

2018-11-29 12:21:48 - [TEST_STEP][PASSED] - click: Object: 'Object Repository/Final Object Repo/Login Page/Internal User/Next Button' is clicked on

2018-11-29 12:21:48 - [MESSAGE][PASSED] - Object: 'Object Repository/Final Object Repo/Login Page/Internal User/Next Button' is clicked on

2018-11-29 12:21:48 - [TEST_STEP][PASSED] - delay: Delayed 1 second(s)

2018-11-29 12:21:49 - [MESSAGE][PASSED] - Delayed 1 second(s)

2018-11-29 12:21:49 - [TEST_STEP][PASSED] - setEncryptedText: Text ****** has been set on object 'Object Repository/Final Object Repo/Login Page/Internal User/Password'

2018-11-29 12:21:50 - [MESSAGE][PASSED] - Text ****** has been set on object 'Object Repository/Final Object Repo/Login Page/Internal User/Password'

2018-11-29 12:21:50 - [TEST_STEP][PASSED] - click: Object: 'Object Repository/Final Object Repo/Login Page/Internal User/Login Button' is clicked on

2018-11-29 12:21:50 - [MESSAGE][PASSED] - Object: 'Object Repository/Final Object Repo/Login Page/Internal User/Login Button' is clicked on

2018-11-29 12:21:50 - [TEST_STEP][PASSED] - delay: Delayed 2 second(s)

2018-11-29 12:21:52 - [MESSAGE][PASSED] - Delayed 2 second(s)

2018-11-29 12:21:52 - [TEST_STEP][PASSED] - Statement - Try: Delayed 2 second(s)

2018-11-29 12:21:52 - [TEST_STEP][PASSED] - Statement - Checker = false: null

2018-11-29 12:21:52 - [TEST_STEP][PASSED] - Statement - Checker = com.kms.katalon.core.webui.keyword.WebUiBuiltInKeywords.verifyElementHasAttribute(com.kms.katalon.core.testobject.ObjectRepository.findTestObject(Final Object Repo/Landing Page/BM Detecting), "href", 20, OPTIONAL): Object 'Object Repository/Final Object Repo/Landing Page/BM Detecting' has attribute 'href'

2018-11-29 12:21:52 - [MESSAGE][PASSED] - Object 'Object Repository/Final Object Repo/Landing Page/BM Detecting' has attribute 'href'

2018-11-29 12:21:52 - [TEST_STEP][PASSED] - Statement - out.println(Checker): null

2018-11-29 12:21:52 - [TEST_STEP][PASSED] - Statement - If (Checker == false): null

2018-11-29 12:21:52 - [TEST_STEP][PASSED] - Statement - Else: null

2018-11-29 12:21:52 - [TEST_STEP][PASSED] - delay: Delayed 2 second(s)

2018-11-29 12:21:54 - [MESSAGE][PASSED] - Delayed 2 second(s)

2018-11-29 12:21:54 - [TEST_STEP][PASSED] - click: Object: 'Object Repository/Final Object Repo/Page_MyASSIST - ASSIST - Search Pending Case For Add Supporting Document/Search Information' is clicked on

2018-11-29 12:21:54 - [MESSAGE][PASSED] - Object: 'Object Repository/Final Object Repo/Page_MyASSIST - ASSIST - Search Pending Case For Add Supporting Document/Search Information' is clicked on

2018-11-29 12:21:54 - [TEST_STEP][PASSED] - delay: Delayed 3 second(s)

2018-11-29 12:21:57 - [MESSAGE][PASSED] - Delayed 3 second(s)

2018-11-29 12:21:57 - [TEST_STEP][PASSED] - sendKeys: Keys 'ERN112018C200002352' sent to object: 'Object Repository/Final Object Repo/Page_MyASSIST - ASSIST - Search Pending Case For Add Supporting Document/Reference No'

2018-11-29 12:21:57 - [MESSAGE][PASSED] - Keys 'ERN112018C200002352' sent to object: 'Object Repository/Final Object Repo/Page_MyASSIST - ASSIST - Search Pending Case For Add Supporting Document/Reference No'

2018-11-29 12:21:57 - [TEST_STEP][PASSED] - click: Object: 'Object Repository/Final Object Repo/Page_MyASSIST - ASSIST - Search Pending Case For Add Supporting Document/Search Reference No' is clicked on

2018-11-29 12:21:58 - [MESSAGE][PASSED] - Object: 'Object Repository/Final Object Repo/Page_MyASSIST - ASSIST - Search Pending Case For Add Supporting Document/Search Reference No' is clicked on

2018-11-29 12:21:58 - [TEST_STEP][PASSED] - delay: Delayed 2 second(s)

2018-11-29 12:22:00 - [MESSAGE][PASSED] - Delayed 2 second(s)

2018-11-29 12:22:00 - [TEST_STEP][PASSED] - click: Object: 'Object Repository/Final Object Repo/Page_MyASSIST - ASSIST - Search Pending Case For Add Supporting Document/Continue' is clicked on

2018-11-29 12:22:03 - [MESSAGE][PASSED] - Object: 'Object Repository/Final Object Repo/Page_MyASSIST - ASSIST - Search Pending Case For Add Supporting Document/Continue' is clicked on

2018-11-29 12:22:03 - [TEST_STEP][PASSED] - delay: Delayed 20 second(s)

2018-11-29 12:22:23 - [MESSAGE][PASSED] - Delayed 20 second(s)

2018-11-29 12:22:23 - [MESSAGE][PASSED] - Call Test Case 'Test Cases/Final Aug 2018 - PKS Automation/Registration Module/Workflow/Login and Search Case For Workflow' successfully

2018-11-29 12:22:23 - [TEST_STEP][PASSED] - click: Object: 'Object Repository/Final Object Repo/Page_Form 3 EIS - Cessation as Employer/Page_Form 3 EIS - Cessation as Employer (Approve)/Save  Continue in Form 3 Page' is clicked on

2018-11-29 12:22:23 - [MESSAGE][PASSED] - Object: 'Object Repository/Final Object Repo/Page_Form 3 EIS - Cessation as Employer/Page_Form 3 EIS - Cessation as Employer (Approve)/Save  Continue in Form 3 Page' is clicked on

2018-11-29 12:22:23 - [TEST_STEP][PASSED] - delay: Delayed 2 second(s)

2018-11-29 12:22:25 - [MESSAGE][PASSED] - Delayed 2 second(s)

2018-11-29 12:22:25 - [TEST_STEP][PASSED] - click: Object: 'Object Repository/Final Object Repo/Page_Form 3 EIS - Cessation as Employer/Page_Form 3 EIS - Cessation as Employer (Approve)/Save  Continue in Resigned Page' is clicked on

2018-11-29 12:22:25 - [MESSAGE][PASSED] - Object: 'Object Repository/Final Object Repo/Page_Form 3 EIS - Cessation as Employer/Page_Form 3 EIS - Cessation as Employer (Approve)/Save  Continue in Resigned Page' is clicked on

2018-11-29 12:22:25 - [TEST_STEP][PASSED] - delay: Delayed 2 second(s)

2018-11-29 12:22:27 - [MESSAGE][PASSED] - Delayed 2 second(s)

2018-11-29 12:22:27 - [TEST_STEP][PASSED] - click: Object: 'Object Repository/Final Object Repo/Page_Form 3 EIS - Cessation as Employer/Page_Form 3 EIS - Cessation as Employer (Approve)/Save  Continue in Uploading Page' is clicked on

2018-11-29 12:22:28 - [MESSAGE][PASSED] - Object: 'Object Repository/Final Object Repo/Page_Form 3 EIS - Cessation as Employer/Page_Form 3 EIS - Cessation as Employer (Approve)/Save  Continue in Uploading Page' is clicked on

2018-11-29 12:22:28 - [TEST_STEP][PASSED] - delay: Delayed 2 second(s)

2018-11-29 12:22:30 - [MESSAGE][PASSED] - Delayed 2 second(s)

2018-11-29 12:22:30 - [TEST_STEP][PASSED] - click: Object: 'Object Repository/Final Object Repo/Page_Form 3 EIS - Cessation as Employer/Page_Form 3 EIS - Cessation as Employer (Reject)/Reject' is clicked on

2018-11-29 12:22:33 - [MESSAGE][PASSED] - Object: 'Object Repository/Final Object Repo/Page_Form 3 EIS - Cessation as Employer/Page_Form 3 EIS - Cessation as Employer (Reject)/Reject' is clicked on

2018-11-29 12:22:33 - [TEST_STEP][PASSED] - delay: Delayed 2 second(s)

2018-11-29 12:22:35 - [MESSAGE][PASSED] - Delayed 2 second(s)

2018-11-29 12:22:35 - [TEST_STEP][PASSED] - click: Object: 'Object Repository/Final Object Repo/Page_Form 3 EIS - Cessation as Employer/Page_Form 3 EIS - Cessation as Employer (Reject)/Confirm' is clicked on

2018-11-29 12:22:35 - [MESSAGE][PASSED] - Object: 'Object Repository/Final Object Repo/Page_Form 3 EIS - Cessation as Employer/Page_Form 3 EIS - Cessation as Employer (Reject)/Confirm' is clicked on

2018-11-29 12:22:35 - [TEST_STEP][PASSED] - delay: Delayed 2 second(s)

2018-11-29 12:22:37 - [MESSAGE][PASSED] - Delayed 2 second(s)

2018-11-29 12:22:37 - [TEST_STEP][PASSED] - click: Object: 'Object Repository/Final Object Repo/Page_Form 3 EIS - Cessation as Employer/Page_Form 3 EIS - Cessation as Employer (Reject)/Message This Case has been Rejected' is clicked on

2018-11-29 12:22:41 - [MESSAGE][PASSED] - Object: 'Object Repository/Final Object Repo/Page_Form 3 EIS - Cessation as Employer/Page_Form 3 EIS - Cessation as Employer (Reject)/Message This Case has been Rejected' is clicked on

2018-11-29 12:22:41 - [TEST_STEP][PASSED] - click: Object: 'Object Repository/Final Object Repo/Page_Form 3 EIS - Cessation as Employer/Page_Form 3 EIS - Cessation as Employer (Reject)/Letter of update rejection' is clicked on

2018-11-29 12:22:42 - [MESSAGE][PASSED] - Object: 'Object Repository/Final Object Repo/Page_Form 3 EIS - Cessation as Employer/Page_Form 3 EIS - Cessation as Employer (Reject)/Letter of update rejection' is clicked on

2018-11-29 12:22:42 - [MESSAGE][PASSED] - Call Test Case 'Test Cases/Final Aug 2018 - PKS Automation/Registration Module/Workflow/Form 3 EIS - Cessation As Employer/Template/Form 3 A - Cessation As Employer (Query)' successfully]]></system-out>
         <system-err><![CDATA[]]></system-err>
      </testcase>
      <testcase name="Test Cases/Final Aug 2018 - PKS Automation/Registration Module/Workflow/Form 3 EIS - Cessation As Employer/Employer to UO (Reject)" classname="Test Cases/Final Aug 2018 - PKS Automation/Registration Module/Workflow/Form 3 EIS - Cessation As Employer/Employer to UO (Reject)" status="PASSED">
         <system-out><![CDATA[2018-11-29 12:22:42 - [TEST_CASE][PASSED] - Test Cases/Final Aug 2018 - PKS Automation/Registration Module/Workflow/Form 3 EIS - Cessation As Employer/Employer to UO (Reject): Test Cases/Final Aug 2018 - PKS Automation/Registration Module/Workflow/Form 3 EIS - Cessation As Employer/Employer to UO (Reject)

2018-11-29 12:22:42 - [TEST_STEP][PASSED] - callTestCase: Call Test Case 'Test Cases/Final Aug 2018 - PKS Automation/Registration Module/Workflow/Form 3 EIS - Cessation As Employer/Template/Form 3 A - Cessation As Employer (Employer)' successfully

2018-11-29 12:22:42 - [TEST_CASE][PASSED] - Test Cases/Final Aug 2018 - PKS Automation/Registration Module/Workflow/Form 3 EIS - Cessation As Employer/Template/Form 3 A - Cessation As Employer (Employer): Test Cases/Final Aug 2018 - PKS Automation/Registration Module/Workflow/Form 3 EIS - Cessation As Employer/Template/Form 3 A - Cessation As Employer (Employer)

2018-11-29 12:22:42 - [TEST_STEP][PASSED] - callTestCase: Call Test Case 'Test Cases/Final Aug 2018 - PKS Automation/Registration Module/Workflow/Update Add New Employee/Template/New Company for Update Add New - Employer' successfully

2018-11-29 12:22:42 - [TEST_CASE][PASSED] - Test Cases/Final Aug 2018 - PKS Automation/Registration Module/Workflow/Update Add New Employee/Template/New Company for Update Add New - Employer: Test Cases/Final Aug 2018 - PKS Automation/Registration Module/Workflow/Update Add New Employee/Template/New Company for Update Add New - Employer

2018-11-29 12:22:42 - [TEST_STEP][PASSED] - callTestCase: Call Test Case 'Test Cases/Final Aug 2018 - PKS Automation/Create Employer Acc/Create Employer Account' successfully

2018-11-29 12:22:42 - [TEST_CASE][PASSED] - Test Cases/Final Aug 2018 - PKS Automation/Create Employer Acc/Create Employer Account: Test Cases/Final Aug 2018 - PKS Automation/Create Employer Acc/Create Employer Account

2018-11-29 12:22:42 - [TEST_STEP][PASSED] - callTestCase: Call Test Case 'Test Cases/Final Aug 2018 - PKS Automation/Create Employer Acc/Template/Register Employer' successfully

2018-11-29 12:22:42 - [TEST_CASE][PASSED] - Test Cases/Final Aug 2018 - PKS Automation/Create Employer Acc/Template/Register Employer: Test Cases/Final Aug 2018 - PKS Automation/Create Employer Acc/Template/Register Employer

2018-11-29 12:22:42 - [TEST_STEP][PASSED] - openBrowser: Browser is opened with url: ''

2018-11-29 12:22:42 - [MESSAGE][WARNING] - A browser is already opened. Closing browser and opening a new one

2018-11-29 12:22:45 - [MESSAGE][PASSED] - Browser is opened with url: ''

2018-11-29 12:22:45 - [TEST_STEP][PASSED] - navigateToUrl: Navigate to 'https://assist2-uat.perkeso.gov.my/login' successfully

2018-11-29 12:22:47 - [MESSAGE][PASSED] - Navigate to 'https://assist2-uat.perkeso.gov.my/login' successfully

2018-11-29 12:22:47 - [TEST_STEP][PASSED] - setText: Text 'johorotc1@gmail.com' is set on object 'Object Repository/Final Object Repo/Login Page/Internal User/Email Address'

2018-11-29 12:22:47 - [MESSAGE][PASSED] - Text 'johorotc1@gmail.com' is set on object 'Object Repository/Final Object Repo/Login Page/Internal User/Email Address'

2018-11-29 12:22:47 - [TEST_STEP][PASSED] - click: Object: 'Object Repository/Final Object Repo/Login Page/Internal User/Next Button' is clicked on

2018-11-29 12:22:47 - [MESSAGE][PASSED] - Object: 'Object Repository/Final Object Repo/Login Page/Internal User/Next Button' is clicked on

2018-11-29 12:22:47 - [TEST_STEP][PASSED] - delay: Delayed 1 second(s)

2018-11-29 12:22:48 - [MESSAGE][PASSED] - Delayed 1 second(s)

2018-11-29 12:22:48 - [TEST_STEP][PASSED] - setEncryptedText: Text ****** has been set on object 'Object Repository/Final Object Repo/Login Page/Internal User/Password'

2018-11-29 12:22:48 - [MESSAGE][PASSED] - Text ****** has been set on object 'Object Repository/Final Object Repo/Login Page/Internal User/Password'

2018-11-29 12:22:48 - [TEST_STEP][PASSED] - click: Object: 'Object Repository/Final Object Repo/Login Page/Internal User/Login Button' is clicked on

2018-11-29 12:22:49 - [MESSAGE][PASSED] - Object: 'Object Repository/Final Object Repo/Login Page/Internal User/Login Button' is clicked on

2018-11-29 12:22:49 - [TEST_STEP][PASSED] - delay: Delayed 1 second(s)

2018-11-29 12:22:50 - [MESSAGE][PASSED] - Delayed 1 second(s)

2018-11-29 12:22:50 - [TEST_STEP][PASSED] - navigateToUrl: Navigate to 'https://assist2-uat.perkeso.gov.my/web/base/portal-id/registration' successfully

2018-11-29 12:22:52 - [MESSAGE][PASSED] - Navigate to 'https://assist2-uat.perkeso.gov.my/web/base/portal-id/registration' successfully

2018-11-29 12:22:52 - [TEST_STEP][PASSED] - setText: Text 'AUTOMATION EMPLOYER' is set on object 'Object Repository/Final Object Repo/Creating Employer Account/Page_Registration - ASSIST (Base)/Employer Name'

2018-11-29 12:22:52 - [MESSAGE][PASSED] - Text 'AUTOMATION EMPLOYER' is set on object 'Object Repository/Final Object Repo/Creating Employer Account/Page_Registration - ASSIST (Base)/Employer Name'

2018-11-29 12:22:52 - [TEST_STEP][PASSED] - delay: Delayed 2 second(s)

2018-11-29 12:22:54 - [MESSAGE][PASSED] - Delayed 2 second(s)

2018-11-29 12:22:54 - [TEST_STEP][PASSED] - click: Object: 'Object Repository/Final Object Repo/Creating Employer Account/Page_Registration - ASSIST (Base)/Registration Type' is clicked on

2018-11-29 12:22:54 - [MESSAGE][PASSED] - Object: 'Object Repository/Final Object Repo/Creating Employer Account/Page_Registration - ASSIST (Base)/Registration Type' is clicked on

2018-11-29 12:22:54 - [TEST_STEP][PASSED] - delay: Delayed 2 second(s)

2018-11-29 12:22:56 - [MESSAGE][PASSED] - Delayed 2 second(s)

2018-11-29 12:22:56 - [TEST_STEP][PASSED] - click: Object: 'Object Repository/Final Object Repo/Creating Employer Account/Page_Registration - ASSIST (Base)/Registration Type - Registration No' is clicked on

2018-11-29 12:22:57 - [MESSAGE][PASSED] - Object: 'Object Repository/Final Object Repo/Creating Employer Account/Page_Registration - ASSIST (Base)/Registration Type - Registration No' is clicked on

2018-11-29 12:22:57 - [TEST_STEP][PASSED] - delay: Delayed 2 second(s)

2018-11-29 12:22:59 - [MESSAGE][PASSED] - Delayed 2 second(s)

2018-11-29 12:22:59 - [TEST_STEP][PASSED] - setText: Text '1234567890' is set on object 'Object Repository/Final Object Repo/Creating Employer Account/Page_Registration - ASSIST (Base)/Registration Number'

2018-11-29 12:22:59 - [MESSAGE][PASSED] - Text '1234567890' is set on object 'Object Repository/Final Object Repo/Creating Employer Account/Page_Registration - ASSIST (Base)/Registration Number'

2018-11-29 12:22:59 - [TEST_STEP][PASSED] - delay: Delayed 2 second(s)

2018-11-29 12:23:01 - [MESSAGE][PASSED] - Delayed 2 second(s)

2018-11-29 12:23:01 - [TEST_STEP][PASSED] - setText: Text 'ADDRESS 1' is set on object 'Object Repository/Final Object Repo/Creating Employer Account/Page_Registration - ASSIST (Base)/Postal Address 1'

2018-11-29 12:23:01 - [MESSAGE][PASSED] - Text 'ADDRESS 1' is set on object 'Object Repository/Final Object Repo/Creating Employer Account/Page_Registration - ASSIST (Base)/Postal Address 1'

2018-11-29 12:23:01 - [TEST_STEP][PASSED] - setText: Text 'ADDRESS 2' is set on object 'Object Repository/Final Object Repo/Creating Employer Account/Page_Registration - ASSIST (Base)/Postal Address 2'

2018-11-29 12:23:02 - [MESSAGE][PASSED] - Text 'ADDRESS 2' is set on object 'Object Repository/Final Object Repo/Creating Employer Account/Page_Registration - ASSIST (Base)/Postal Address 2'

2018-11-29 12:23:02 - [TEST_STEP][PASSED] - click: Object: 'Object Repository/Final Object Repo/Creating Employer Account/Page_Registration - ASSIST (Base)/State' is clicked on

2018-11-29 12:23:02 - [MESSAGE][PASSED] - Object: 'Object Repository/Final Object Repo/Creating Employer Account/Page_Registration - ASSIST (Base)/State' is clicked on

2018-11-29 12:23:02 - [TEST_STEP][PASSED] - delay: Delayed 2 second(s)

2018-11-29 12:23:04 - [MESSAGE][PASSED] - Delayed 2 second(s)

2018-11-29 12:23:04 - [TEST_STEP][PASSED] - click: Object: 'Object Repository/Final Object Repo/Creating Employer Account/Page_Registration - ASSIST (Base)/State - Johor' is clicked on

2018-11-29 12:23:04 - [MESSAGE][PASSED] - Object: 'Object Repository/Final Object Repo/Creating Employer Account/Page_Registration - ASSIST (Base)/State - Johor' is clicked on

2018-11-29 12:23:04 - [TEST_STEP][PASSED] - delay: Delayed 2 second(s)

2018-11-29 12:23:06 - [MESSAGE][PASSED] - Delayed 2 second(s)

2018-11-29 12:23:06 - [TEST_STEP][PASSED] - click: Object: 'Object Repository/Final Object Repo/Creating Employer Account/Page_Registration - ASSIST (Base)/City' is clicked on

2018-11-29 12:23:06 - [MESSAGE][PASSED] - Object: 'Object Repository/Final Object Repo/Creating Employer Account/Page_Registration - ASSIST (Base)/City' is clicked on

2018-11-29 12:23:06 - [TEST_STEP][PASSED] - delay: Delayed 2 second(s)

2018-11-29 12:23:08 - [MESSAGE][PASSED] - Delayed 2 second(s)

2018-11-29 12:23:08 - [TEST_STEP][PASSED] - setText: Text 'joh' is set on object 'Object Repository/Final Object Repo/Creating Employer Account/Page_Registration - ASSIST (Base)/City - joh'

2018-11-29 12:23:09 - [MESSAGE][PASSED] - Text 'joh' is set on object 'Object Repository/Final Object Repo/Creating Employer Account/Page_Registration - ASSIST (Base)/City - joh'

2018-11-29 12:23:09 - [TEST_STEP][PASSED] - delay: Delayed 2 second(s)

2018-11-29 12:23:11 - [MESSAGE][PASSED] - Delayed 2 second(s)

2018-11-29 12:23:11 - [TEST_STEP][PASSED] - click: Object: 'Object Repository/Final Object Repo/Creating Employer Account/Page_Registration - ASSIST (Base)/City - Johor Bharu' is clicked on

2018-11-29 12:23:11 - [MESSAGE][PASSED] - Object: 'Object Repository/Final Object Repo/Creating Employer Account/Page_Registration - ASSIST (Base)/City - Johor Bharu' is clicked on

2018-11-29 12:23:11 - [TEST_STEP][PASSED] - delay: Delayed 2 second(s)

2018-11-29 12:23:13 - [MESSAGE][PASSED] - Delayed 2 second(s)

2018-11-29 12:23:13 - [TEST_STEP][PASSED] - click: Object: 'Object Repository/Final Object Repo/Creating Employer Account/Page_Registration - ASSIST (Base)/Post Code' is clicked on

2018-11-29 12:23:13 - [MESSAGE][PASSED] - Object: 'Object Repository/Final Object Repo/Creating Employer Account/Page_Registration - ASSIST (Base)/Post Code' is clicked on

2018-11-29 12:23:13 - [TEST_STEP][PASSED] - delay: Delayed 2 second(s)

2018-11-29 12:23:15 - [MESSAGE][PASSED] - Delayed 2 second(s)

2018-11-29 12:23:15 - [TEST_STEP][PASSED] - setText: Text '810' is set on object 'Object Repository/Final Object Repo/Creating Employer Account/Page_Registration - ASSIST (Base)/Post Code - 810'

2018-11-29 12:23:15 - [MESSAGE][PASSED] - Text '810' is set on object 'Object Repository/Final Object Repo/Creating Employer Account/Page_Registration - ASSIST (Base)/Post Code - 810'

2018-11-29 12:23:15 - [TEST_STEP][PASSED] - delay: Delayed 2 second(s)

2018-11-29 12:23:17 - [MESSAGE][PASSED] - Delayed 2 second(s)

2018-11-29 12:23:17 - [TEST_STEP][PASSED] - click: Object: 'Object Repository/Final Object Repo/Creating Employer Account/Page_Registration - ASSIST (Base)/Post Code - 81000' is clicked on

2018-11-29 12:23:17 - [MESSAGE][PASSED] - Object: 'Object Repository/Final Object Repo/Creating Employer Account/Page_Registration - ASSIST (Base)/Post Code - 81000' is clicked on

2018-11-29 12:23:17 - [TEST_STEP][PASSED] - delay: Delayed 2 second(s)

2018-11-29 12:23:19 - [MESSAGE][PASSED] - Delayed 2 second(s)

2018-11-29 12:23:19 - [TEST_STEP][PASSED] - setText: Text 'PERKESO' is set on object 'Object Repository/Final Object Repo/Creating Employer Account/Page_Registration - ASSIST (Base)/Full Name'

2018-11-29 12:23:20 - [MESSAGE][PASSED] - Text 'PERKESO' is set on object 'Object Repository/Final Object Repo/Creating Employer Account/Page_Registration - ASSIST (Base)/Full Name'

2018-11-29 12:23:20 - [TEST_STEP][PASSED] - Statement - rnd = new java.util.Random(): null

2018-11-29 12:23:20 - [TEST_STEP][PASSED] - Statement - snum = rnd.nextInt(899999 + 1) + 100000: null

2018-11-29 12:23:20 - [TEST_STEP][PASSED] - Statement - tnum = rnd.nextInt(899999 + 1) + 100000: null

2018-11-29 12:23:20 - [TEST_STEP][PASSED] - Statement - IC = java.lang.Integer.toString(snum) + java.lang.Integer.toString(tnum): null

2018-11-29 12:23:20 - [TEST_STEP][PASSED] - Statement - out.println(IC): null

2018-11-29 12:23:20 - [TEST_STEP][PASSED] - setText: Text '469298699737' is set on object 'Object Repository/Final Object Repo/Creating Employer Account/Page_Registration - ASSIST (Base)/Identification Number'

2018-11-29 12:23:20 - [MESSAGE][PASSED] - Text '469298699737' is set on object 'Object Repository/Final Object Repo/Creating Employer Account/Page_Registration - ASSIST (Base)/Identification Number'

2018-11-29 12:23:20 - [TEST_STEP][PASSED] - delay: Delayed 2 second(s)

2018-11-29 12:23:22 - [MESSAGE][PASSED] - Delayed 2 second(s)

2018-11-29 12:23:22 - [TEST_STEP][PASSED] - setText: Text '123456789012' is set on object 'Object Repository/Final Object Repo/Creating Employer Account/Page_Registration - ASSIST (Base)/Contact Number'

2018-11-29 12:23:23 - [MESSAGE][PASSED] - Text '123456789012' is set on object 'Object Repository/Final Object Repo/Creating Employer Account/Page_Registration - ASSIST (Base)/Contact Number'

2018-11-29 12:23:23 - [TEST_STEP][PASSED] - Statement - Email = "perkeso" + IC + "@gmail.com": null

2018-11-29 12:23:23 - [TEST_STEP][PASSED] - delay: Delayed 2 second(s)

2018-11-29 12:23:25 - [MESSAGE][PASSED] - Delayed 2 second(s)

2018-11-29 12:23:25 - [TEST_STEP][PASSED] - callTestCase: Call Test Case 'Test Cases/Final Aug 2018 - PKS Automation/Create Employer Acc/Template/Employer Email Settler' successfully

2018-11-29 12:23:25 - [TEST_CASE][PASSED] - Test Cases/Final Aug 2018 - PKS Automation/Create Employer Acc/Template/Employer Email Settler: Test Cases/Final Aug 2018 - PKS Automation/Create Employer Acc/Template/Employer Email Settler

2018-11-29 12:23:25 - [TEST_STEP][PASSED] - Statement - EmpEmailOld = new java.io.File(C://Users//Admin//Desktop//PKS//Automation Reference Point//EmpEmail.txt): null

2018-11-29 12:23:25 - [TEST_STEP][PASSED] - Statement - EmpEmailOld.delete(): null

2018-11-29 12:23:25 - [TEST_STEP][PASSED] - Statement - EmpEmail = new java.io.File(C://Users//Admin//Desktop//PKS//Automation Reference Point//EmpEmail.txt): null

2018-11-29 12:23:25 - [TEST_STEP][PASSED] - Statement - EmpEmail.append(Email): null

2018-11-29 12:23:25 - [TEST_STEP][PASSED] - Statement - out.println(Email): null

2018-11-29 12:23:25 - [MESSAGE][PASSED] - Call Test Case 'Test Cases/Final Aug 2018 - PKS Automation/Create Employer Acc/Template/Employer Email Settler' successfully

2018-11-29 12:23:25 - [TEST_STEP][PASSED] - delay: Delayed 2 second(s)

2018-11-29 12:23:27 - [MESSAGE][PASSED] - Delayed 2 second(s)

2018-11-29 12:23:27 - [TEST_STEP][PASSED] - setText: Text 'perkeso469298699737@gmail.com' is set on object 'Object Repository/Final Object Repo/Creating Employer Account/Page_Registration - ASSIST (Base)/Email'

2018-11-29 12:23:27 - [MESSAGE][PASSED] - Text 'perkeso469298699737@gmail.com' is set on object 'Object Repository/Final Object Repo/Creating Employer Account/Page_Registration - ASSIST (Base)/Email'

2018-11-29 12:23:27 - [TEST_STEP][PASSED] - setText: Text '123' is set on object 'Object Repository/Final Object Repo/Creating Employer Account/Page_Registration - ASSIST (Base)/Security Phase'

2018-11-29 12:23:28 - [MESSAGE][PASSED] - Text '123' is set on object 'Object Repository/Final Object Repo/Creating Employer Account/Page_Registration - ASSIST (Base)/Security Phase'

2018-11-29 12:23:28 - [TEST_STEP][PASSED] - click: Object: 'Object Repository/Final Object Repo/Creating Employer Account/Page_Registration - ASSIST (Base)/Save  Continue' is clicked on

2018-11-29 12:23:28 - [MESSAGE][PASSED] - Object: 'Object Repository/Final Object Repo/Creating Employer Account/Page_Registration - ASSIST (Base)/Save  Continue' is clicked on

2018-11-29 12:23:28 - [TEST_STEP][PASSED] - delay: Delayed 2 second(s)

2018-11-29 12:23:30 - [MESSAGE][PASSED] - Delayed 2 second(s)

2018-11-29 12:23:30 - [TEST_STEP][PASSED] - click: Object: 'Object Repository/Final Object Repo/Creating Employer Account/Page_Registration - ASSIST (Base)/Add Document' is clicked on

2018-11-29 12:23:30 - [MESSAGE][PASSED] - Object: 'Object Repository/Final Object Repo/Creating Employer Account/Page_Registration - ASSIST (Base)/Add Document' is clicked on

2018-11-29 12:23:30 - [TEST_STEP][PASSED] - delay: Delayed 2 second(s)

2018-11-29 12:23:32 - [MESSAGE][PASSED] - Delayed 2 second(s)

2018-11-29 12:23:32 - [TEST_STEP][PASSED] - click: Object: 'Object Repository/Final Object Repo/Creating Employer Account/Page_Registration - ASSIST (Base)/Document Type' is clicked on

2018-11-29 12:23:32 - [MESSAGE][PASSED] - Object: 'Object Repository/Final Object Repo/Creating Employer Account/Page_Registration - ASSIST (Base)/Document Type' is clicked on

2018-11-29 12:23:32 - [TEST_STEP][PASSED] - delay: Delayed 2 second(s)

2018-11-29 12:23:34 - [MESSAGE][PASSED] - Delayed 2 second(s)

2018-11-29 12:23:34 - [TEST_STEP][PASSED] - click: Object: 'Object Repository/Final Object Repo/Creating Employer Account/Page_Registration - ASSIST (Base)/Document Type - Letter of Authorization' is clicked on

2018-11-29 12:23:34 - [MESSAGE][PASSED] - Object: 'Object Repository/Final Object Repo/Creating Employer Account/Page_Registration - ASSIST (Base)/Document Type - Letter of Authorization' is clicked on

2018-11-29 12:23:34 - [TEST_STEP][PASSED] - delay: Delayed 2 second(s)

2018-11-29 12:23:36 - [MESSAGE][PASSED] - Delayed 2 second(s)

2018-11-29 12:23:36 - [TEST_STEP][PASSED] - sendKeys: Keys 'C:\Users\Public\Pictures\Sample Pictures\Koala.jpg' sent to object: 'Object Repository/Final Object Repo/Creating Employer Account/Page_Registration - ASSIST (Base)/Uploading File'

2018-11-29 12:23:36 - [MESSAGE][PASSED] - Keys 'C:\Users\Public\Pictures\Sample Pictures\Koala.jpg' sent to object: 'Object Repository/Final Object Repo/Creating Employer Account/Page_Registration - ASSIST (Base)/Uploading File'

2018-11-29 12:23:36 - [TEST_STEP][PASSED] - delay: Delayed 2 second(s)

2018-11-29 12:23:38 - [MESSAGE][PASSED] - Delayed 2 second(s)

2018-11-29 12:23:38 - [TEST_STEP][PASSED] - click: Object: 'Object Repository/Final Object Repo/Creating Employer Account/Page_Registration - ASSIST (Base)/Add Document in Uploading File' is clicked on

2018-11-29 12:23:39 - [MESSAGE][PASSED] - Object: 'Object Repository/Final Object Repo/Creating Employer Account/Page_Registration - ASSIST (Base)/Add Document in Uploading File' is clicked on

2018-11-29 12:23:39 - [TEST_STEP][PASSED] - delay: Delayed 2 second(s)

2018-11-29 12:23:41 - [MESSAGE][PASSED] - Delayed 2 second(s)

2018-11-29 12:23:41 - [TEST_STEP][PASSED] - click: Object: 'Object Repository/Final Object Repo/Creating Employer Account/Page_Registration - ASSIST (Base)/Save' is clicked on

2018-11-29 12:23:41 - [MESSAGE][PASSED] - Object: 'Object Repository/Final Object Repo/Creating Employer Account/Page_Registration - ASSIST (Base)/Save' is clicked on

2018-11-29 12:23:41 - [TEST_STEP][PASSED] - delay: Delayed 2 second(s)

2018-11-29 12:23:43 - [MESSAGE][PASSED] - Delayed 2 second(s)

2018-11-29 12:23:43 - [TEST_STEP][PASSED] - click: Object: 'Object Repository/Final Object Repo/Creating Employer Account/Page_Registration - ASSIST (Base)/Submit' is clicked on

2018-11-29 12:23:43 - [MESSAGE][PASSED] - Object: 'Object Repository/Final Object Repo/Creating Employer Account/Page_Registration - ASSIST (Base)/Submit' is clicked on

2018-11-29 12:23:43 - [TEST_STEP][PASSED] - delay: Delayed 2 second(s)

2018-11-29 12:23:45 - [MESSAGE][PASSED] - Delayed 2 second(s)

2018-11-29 12:23:45 - [TEST_STEP][PASSED] - click: Object: 'Object Repository/Final Object Repo/Creating Employer Account/Page_Registration - ASSIST (Base)/Confirm' is clicked on

2018-11-29 12:23:45 - [MESSAGE][PASSED] - Object: 'Object Repository/Final Object Repo/Creating Employer Account/Page_Registration - ASSIST (Base)/Confirm' is clicked on

2018-11-29 12:23:45 - [MESSAGE][PASSED] - Call Test Case 'Test Cases/Final Aug 2018 - PKS Automation/Create Employer Acc/Template/Register Employer' successfully

2018-11-29 12:23:45 - [TEST_STEP][PASSED] - delay: Delayed 1 second(s)

2018-11-29 12:23:46 - [MESSAGE][PASSED] - Delayed 1 second(s)

2018-11-29 12:23:46 - [TEST_STEP][PASSED] - navigateToUrl: Navigate to 'https://assist2-uat.perkeso.gov.my/c/portal/logout' successfully

2018-11-29 12:23:48 - [MESSAGE][PASSED] - Navigate to 'https://assist2-uat.perkeso.gov.my/c/portal/logout' successfully

2018-11-29 12:23:48 - [TEST_STEP][PASSED] - delay: Delayed 1 second(s)

2018-11-29 12:23:49 - [MESSAGE][PASSED] - Delayed 1 second(s)

2018-11-29 12:23:49 - [TEST_STEP][PASSED] - callTestCase: Call Test Case 'Test Cases/Final Aug 2018 - PKS Automation/Create Employer Acc/Template/Change Password of Employer' successfully

2018-11-29 12:23:49 - [TEST_CASE][PASSED] - Test Cases/Final Aug 2018 - PKS Automation/Create Employer Acc/Template/Change Password of Employer: Test Cases/Final Aug 2018 - PKS Automation/Create Employer Acc/Template/Change Password of Employer

2018-11-29 12:23:49 - [TEST_STEP][PASSED] - openBrowser: Browser is opened with url: ''

2018-11-29 12:23:49 - [MESSAGE][WARNING] - A browser is already opened. Closing browser and opening a new one

2018-11-29 12:23:52 - [MESSAGE][PASSED] - Browser is opened with url: ''

2018-11-29 12:23:52 - [TEST_STEP][PASSED] - navigateToUrl: Navigate to 'https://assist2-uat.perkeso.gov.my/login' successfully

2018-11-29 12:23:53 - [MESSAGE][PASSED] - Navigate to 'https://assist2-uat.perkeso.gov.my/login' successfully

2018-11-29 12:23:53 - [TEST_STEP][PASSED] - delay: Delayed 5 second(s)

2018-11-29 12:23:58 - [MESSAGE][PASSED] - Delayed 5 second(s)

2018-11-29 12:23:58 - [TEST_STEP][PASSED] - setText: Text 'test@liferay.com' is set on object 'Object Repository/Final Object Repo/Login Page/Internal User/Email Address'

2018-11-29 12:23:59 - [MESSAGE][PASSED] - Text 'test@liferay.com' is set on object 'Object Repository/Final Object Repo/Login Page/Internal User/Email Address'

2018-11-29 12:23:59 - [TEST_STEP][PASSED] - click: Object: 'Object Repository/Final Object Repo/Login Page/Internal User/Next Button' is clicked on

2018-11-29 12:23:59 - [MESSAGE][PASSED] - Object: 'Object Repository/Final Object Repo/Login Page/Internal User/Next Button' is clicked on

2018-11-29 12:23:59 - [TEST_STEP][PASSED] - delay: Delayed 2 second(s)

2018-11-29 12:24:01 - [MESSAGE][PASSED] - Delayed 2 second(s)

2018-11-29 12:24:01 - [TEST_STEP][PASSED] - setText: Text 'test' is set on object 'Object Repository/Final Object Repo/Login Page/Internal User/Password'

2018-11-29 12:24:01 - [MESSAGE][PASSED] - Text 'test' is set on object 'Object Repository/Final Object Repo/Login Page/Internal User/Password'

2018-11-29 12:24:01 - [TEST_STEP][PASSED] - delay: Delayed 2 second(s)

2018-11-29 12:24:03 - [MESSAGE][PASSED] - Delayed 2 second(s)

2018-11-29 12:24:03 - [TEST_STEP][PASSED] - click: Object: 'Object Repository/Final Object Repo/Login Page/Internal User/Login Button' is clicked on

2018-11-29 12:24:03 - [MESSAGE][PASSED] - Object: 'Object Repository/Final Object Repo/Login Page/Internal User/Login Button' is clicked on

2018-11-29 12:24:03 - [TEST_STEP][PASSED] - delay: Delayed 3 second(s)

2018-11-29 12:24:06 - [MESSAGE][PASSED] - Delayed 3 second(s)

2018-11-29 12:24:06 - [TEST_STEP][PASSED] - navigateToUrl: Navigate to 'https://assist2-uat.perkeso.gov.my/group/control_panel/manage?p_p_id=125&p_p_lifecycle=0&p_p_state=maximized&p_p_mode=view&refererPlid=20455&_125_usersListView=flat-users&_125_toolbarItem=view-all-users&_125_saveUsersListView=true&_125_struts_action=%2Fusers_admin%2Fview' successfully

2018-11-29 12:24:08 - [MESSAGE][PASSED] - Navigate to 'https://assist2-uat.perkeso.gov.my/group/control_panel/manage?p_p_id=125&p_p_lifecycle=0&p_p_state=maximized&p_p_mode=view&refererPlid=20455&_125_usersListView=flat-users&_125_toolbarItem=view-all-users&_125_saveUsersListView=true&_125_struts_action=%2Fusers_admin%2Fview' successfully

2018-11-29 12:24:08 - [TEST_STEP][PASSED] - delay: Delayed 3 second(s)

2018-11-29 12:24:11 - [MESSAGE][PASSED] - Delayed 3 second(s)

2018-11-29 12:24:11 - [TEST_STEP][PASSED] - setText: Text 'perkeso469298699737@gmail.com' is set on object 'Object Repository/Final Object Repo/Creating Employer Account/Page_Users and Organizations - ASSIST/Employer name'

2018-11-29 12:24:11 - [MESSAGE][PASSED] - Text 'perkeso469298699737@gmail.com' is set on object 'Object Repository/Final Object Repo/Creating Employer Account/Page_Users and Organizations - ASSIST/Employer name'

2018-11-29 12:24:11 - [TEST_STEP][PASSED] - delay: Delayed 3 second(s)

2018-11-29 12:24:14 - [MESSAGE][PASSED] - Delayed 3 second(s)

2018-11-29 12:24:14 - [TEST_STEP][PASSED] - click: Object: 'Object Repository/Final Object Repo/Creating Employer Account/Page_Users and Organizations - ASSIST/Search' is clicked on

2018-11-29 12:24:15 - [MESSAGE][PASSED] - Object: 'Object Repository/Final Object Repo/Creating Employer Account/Page_Users and Organizations - ASSIST/Search' is clicked on

2018-11-29 12:24:15 - [TEST_STEP][PASSED] - delay: Delayed 3 second(s)

2018-11-29 12:24:18 - [MESSAGE][PASSED] - Delayed 3 second(s)

2018-11-29 12:24:18 - [TEST_STEP][PASSED] - click: Object: 'Object Repository/Final Object Repo/Creating Employer Account/Page_Users and Organizations - ASSIST/Action' is clicked on

2018-11-29 12:24:18 - [MESSAGE][PASSED] - Object: 'Object Repository/Final Object Repo/Creating Employer Account/Page_Users and Organizations - ASSIST/Action' is clicked on

2018-11-29 12:24:18 - [TEST_STEP][PASSED] - delay: Delayed 3 second(s)

2018-11-29 12:24:21 - [MESSAGE][PASSED] - Delayed 3 second(s)

2018-11-29 12:24:21 - [TEST_STEP][PASSED] - click: Object: 'Object Repository/Final Object Repo/Creating Employer Account/Page_Users and Organizations - ASSIST/Edit' is clicked on

2018-11-29 12:24:22 - [MESSAGE][PASSED] - Object: 'Object Repository/Final Object Repo/Creating Employer Account/Page_Users and Organizations - ASSIST/Edit' is clicked on

2018-11-29 12:24:22 - [TEST_STEP][PASSED] - delay: Delayed 3 second(s)

2018-11-29 12:24:25 - [MESSAGE][PASSED] - Delayed 3 second(s)

2018-11-29 12:24:25 - [TEST_STEP][PASSED] - click: Object: 'Object Repository/Final Object Repo/Creating Employer Account/Page_PERKESO - Users and Organizati/a_Password (Modified)' is clicked on

2018-11-29 12:24:25 - [MESSAGE][PASSED] - Object: 'Object Repository/Final Object Repo/Creating Employer Account/Page_PERKESO - Users and Organizati/a_Password (Modified)' is clicked on

2018-11-29 12:24:25 - [TEST_STEP][PASSED] - delay: Delayed 3 second(s)

2018-11-29 12:24:28 - [MESSAGE][PASSED] - Delayed 3 second(s)

2018-11-29 12:24:28 - [TEST_STEP][PASSED] - setEncryptedText: Text ****** has been set on object 'Object Repository/Final Object Repo/Creating Employer Account/Page_PERKESO - Users and Organizati/input__125_password1'

2018-11-29 12:24:29 - [MESSAGE][PASSED] - Text ****** has been set on object 'Object Repository/Final Object Repo/Creating Employer Account/Page_PERKESO - Users and Organizati/input__125_password1'

2018-11-29 12:24:29 - [TEST_STEP][PASSED] - delay: Delayed 3 second(s)

2018-11-29 12:24:32 - [MESSAGE][PASSED] - Delayed 3 second(s)

2018-11-29 12:24:32 - [TEST_STEP][PASSED] - setEncryptedText: Text ****** has been set on object 'Object Repository/Final Object Repo/Creating Employer Account/Page_PERKESO - Users and Organizati/input__125_password2'

2018-11-29 12:24:32 - [MESSAGE][PASSED] - Text ****** has been set on object 'Object Repository/Final Object Repo/Creating Employer Account/Page_PERKESO - Users and Organizati/input__125_password2'

2018-11-29 12:24:32 - [TEST_STEP][PASSED] - delay: Delayed 3 second(s)

2018-11-29 12:24:35 - [MESSAGE][PASSED] - Delayed 3 second(s)

2018-11-29 12:24:35 - [TEST_STEP][PASSED] - click: Object: 'Object Repository/Final Object Repo/Creating Employer Account/Page_PERKESO - Users and Organizati/Save' is clicked on

2018-11-29 12:24:35 - [MESSAGE][PASSED] - Object: 'Object Repository/Final Object Repo/Creating Employer Account/Page_PERKESO - Users and Organizati/Save' is clicked on

2018-11-29 12:24:35 - [MESSAGE][PASSED] - Call Test Case 'Test Cases/Final Aug 2018 - PKS Automation/Create Employer Acc/Template/Change Password of Employer' successfully

2018-11-29 12:24:35 - [TEST_STEP][PASSED] - delay: Delayed 1 second(s)

2018-11-29 12:24:36 - [MESSAGE][PASSED] - Delayed 1 second(s)

2018-11-29 12:24:36 - [TEST_STEP][PASSED] - navigateToUrl: Navigate to 'https://assist2-uat.perkeso.gov.my/c/portal/logout' successfully

2018-11-29 12:24:38 - [MESSAGE][PASSED] - Navigate to 'https://assist2-uat.perkeso.gov.my/c/portal/logout' successfully

2018-11-29 12:24:38 - [TEST_STEP][PASSED] - delay: Delayed 1 second(s)

2018-11-29 12:24:39 - [MESSAGE][PASSED] - Delayed 1 second(s)

2018-11-29 12:24:39 - [TEST_STEP][PASSED] - callTestCase: Call Test Case 'Test Cases/Final Aug 2018 - PKS Automation/Create Employer Acc/Template/Login to Employer Account (First Time)' successfully

2018-11-29 12:24:39 - [TEST_CASE][PASSED] - Test Cases/Final Aug 2018 - PKS Automation/Create Employer Acc/Template/Login to Employer Account (First Time): Test Cases/Final Aug 2018 - PKS Automation/Create Employer Acc/Template/Login to Employer Account (First Time)

2018-11-29 12:24:39 - [TEST_STEP][PASSED] - openBrowser: Browser is opened with url: ''

2018-11-29 12:24:39 - [MESSAGE][WARNING] - A browser is already opened. Closing browser and opening a new one

2018-11-29 12:24:42 - [MESSAGE][PASSED] - Browser is opened with url: ''

2018-11-29 12:24:42 - [TEST_STEP][PASSED] - navigateToUrl: Navigate to 'https://assist2-uat.perkeso.gov.my/employer/login' successfully

2018-11-29 12:24:43 - [MESSAGE][PASSED] - Navigate to 'https://assist2-uat.perkeso.gov.my/employer/login' successfully

2018-11-29 12:24:43 - [TEST_STEP][PASSED] - delay: Delayed 3 second(s)

2018-11-29 12:24:46 - [MESSAGE][PASSED] - Delayed 3 second(s)

2018-11-29 12:24:46 - [TEST_STEP][PASSED] - callTestCase: Call Test Case 'Test Cases/Final Aug 2018 - PKS Automation/Create Employer Acc/Template/Employer Email Getter' successfully

2018-11-29 12:24:46 - [TEST_CASE][PASSED] - Test Cases/Final Aug 2018 - PKS Automation/Create Employer Acc/Template/Employer Email Getter: Test Cases/Final Aug 2018 - PKS Automation/Create Employer Acc/Template/Employer Email Getter

2018-11-29 12:24:46 - [TEST_STEP][PASSED] - Statement - Try: null

2018-11-29 12:24:46 - [TEST_STEP][PASSED] - Statement - EmpEmail = new java.io.File(C://Users//Admin//Desktop//PKS//Automation Reference Point//EmpEmail.txt): null

2018-11-29 12:24:46 - [TEST_STEP][PASSED] - Statement - bufferread = new java.io.BufferedReader(new java.io.FileReader(EmpEmail)): null

2018-11-29 12:24:46 - [TEST_STEP][PASSED] - Statement - readedVal = bufferread.readLine(): null

2018-11-29 12:24:46 - [TEST_STEP][PASSED] - Statement - out.println(readedVal): null

2018-11-29 12:24:46 - [TEST_STEP][PASSED] - Statement - Email = readedVal: null

2018-11-29 12:24:46 - [MESSAGE][PASSED] - Call Test Case 'Test Cases/Final Aug 2018 - PKS Automation/Create Employer Acc/Template/Employer Email Getter' successfully

2018-11-29 12:24:46 - [TEST_STEP][PASSED] - setText: Text 'perkeso469298699737@gmail.com' is set on object 'Object Repository/Final Object Repo/Login Page/External Login Page/Email'

2018-11-29 12:24:46 - [MESSAGE][PASSED] - Text 'perkeso469298699737@gmail.com' is set on object 'Object Repository/Final Object Repo/Login Page/External Login Page/Email'

2018-11-29 12:24:46 - [TEST_STEP][PASSED] - click: Object: 'Object Repository/Final Object Repo/Login Page/External Login Page/Next' is clicked on

2018-11-29 12:24:46 - [MESSAGE][PASSED] - Object: 'Object Repository/Final Object Repo/Login Page/External Login Page/Next' is clicked on

2018-11-29 12:24:46 - [TEST_STEP][PASSED] - delay: Delayed 3 second(s)

2018-11-29 12:24:49 - [MESSAGE][PASSED] - Delayed 3 second(s)

2018-11-29 12:24:49 - [TEST_STEP][PASSED] - setEncryptedText: Text ****** has been set on object 'Object Repository/Final Object Repo/Login Page/External Login Page/Password'

2018-11-29 12:24:50 - [MESSAGE][PASSED] - Text ****** has been set on object 'Object Repository/Final Object Repo/Login Page/External Login Page/Password'

2018-11-29 12:24:50 - [TEST_STEP][PASSED] - click: Object: 'Object Repository/Final Object Repo/Login Page/External Login Page/Login' is clicked on

2018-11-29 12:24:50 - [MESSAGE][PASSED] - Object: 'Object Repository/Final Object Repo/Login Page/External Login Page/Login' is clicked on

2018-11-29 12:24:50 - [TEST_STEP][PASSED] - delay: Delayed 3 second(s)

2018-11-29 12:24:53 - [MESSAGE][PASSED] - Delayed 3 second(s)

2018-11-29 12:24:53 - [TEST_STEP][PASSED] - click: Object: 'Object Repository/Final Object Repo/Creating Employer Account/Page_Terms of Use - ASSIST/button_I Agree' is clicked on

2018-11-29 12:24:54 - [MESSAGE][PASSED] - Object: 'Object Repository/Final Object Repo/Creating Employer Account/Page_Terms of Use - ASSIST/button_I Agree' is clicked on

2018-11-29 12:24:54 - [TEST_STEP][PASSED] - delay: Delayed 2 second(s)

2018-11-29 12:24:56 - [MESSAGE][PASSED] - Delayed 2 second(s)

2018-11-29 12:24:56 - [TEST_STEP][PASSED] - setEncryptedText: Text ****** has been set on object 'Object Repository/Final Object Repo/Creating Employer Account/Page_New Password - ASSIST/input_password1'

2018-11-29 12:24:56 - [MESSAGE][PASSED] - Text ****** has been set on object 'Object Repository/Final Object Repo/Creating Employer Account/Page_New Password - ASSIST/input_password1'

2018-11-29 12:24:56 - [TEST_STEP][PASSED] - setEncryptedText: Text ****** has been set on object 'Object Repository/Final Object Repo/Creating Employer Account/Page_New Password - ASSIST/input_password2'

2018-11-29 12:24:56 - [MESSAGE][PASSED] - Text ****** has been set on object 'Object Repository/Final Object Repo/Creating Employer Account/Page_New Password - ASSIST/input_password2'

2018-11-29 12:24:56 - [TEST_STEP][PASSED] - delay: Delayed 2 second(s)

2018-11-29 12:24:58 - [MESSAGE][PASSED] - Delayed 2 second(s)

2018-11-29 12:24:58 - [TEST_STEP][PASSED] - click: Object: 'Object Repository/Final Object Repo/Creating Employer Account/Page_New Password - ASSIST/Save' is clicked on

2018-11-29 12:25:00 - [MESSAGE][PASSED] - Object: 'Object Repository/Final Object Repo/Creating Employer Account/Page_New Password - ASSIST/Save' is clicked on

2018-11-29 12:25:00 - [TEST_STEP][PASSED] - delay: Delayed 2 second(s)

2018-11-29 12:25:02 - [MESSAGE][PASSED] - Delayed 2 second(s)

2018-11-29 12:25:02 - [TEST_STEP][PASSED] - setText: Text 'test' is set on object 'Object Repository/Final Object Repo/Creating Employer Account/Page_Password Reminder - ASSIST/Reminder Query Answer'

2018-11-29 12:25:02 - [MESSAGE][PASSED] - Text 'test' is set on object 'Object Repository/Final Object Repo/Creating Employer Account/Page_Password Reminder - ASSIST/Reminder Query Answer'

2018-11-29 12:25:02 - [TEST_STEP][PASSED] - delay: Delayed 2 second(s)

2018-11-29 12:25:04 - [MESSAGE][PASSED] - Delayed 2 second(s)

2018-11-29 12:25:04 - [TEST_STEP][PASSED] - doubleClick: Object: 'Object Repository/Final Object Repo/Creating Employer Account/Page_Password Reminder - ASSIST/Save' is double clicked on

2018-11-29 12:25:04 - [MESSAGE][PASSED] - Object: 'Object Repository/Final Object Repo/Creating Employer Account/Page_Password Reminder - ASSIST/Save' is double clicked on

2018-11-29 12:25:04 - [MESSAGE][PASSED] - Call Test Case 'Test Cases/Final Aug 2018 - PKS Automation/Create Employer Acc/Template/Login to Employer Account (First Time)' successfully

2018-11-29 12:25:04 - [MESSAGE][PASSED] - Call Test Case 'Test Cases/Final Aug 2018 - PKS Automation/Create Employer Acc/Create Employer Account' successfully

2018-11-29 12:25:04 - [TEST_STEP][PASSED] - callTestCase: Call Test Case 'Test Cases/Final Aug 2018 - PKS Automation/Registration Module/Log Out/log out avoiding katalon tagging' successfully

2018-11-29 12:25:04 - [TEST_CASE][PASSED] - Test Cases/Final Aug 2018 - PKS Automation/Registration Module/Log Out/log out avoiding katalon tagging: Test Cases/Final Aug 2018 - PKS Automation/Registration Module/Log Out/log out avoiding katalon tagging

2018-11-29 12:25:04 - [TEST_STEP][PASSED] - navigateToUrl: Navigate to 'https://assist2-uat.perkeso.gov.my/c/portal/logout' successfully

2018-11-29 12:25:07 - [MESSAGE][PASSED] - Navigate to 'https://assist2-uat.perkeso.gov.my/c/portal/logout' successfully

2018-11-29 12:25:07 - [MESSAGE][PASSED] - Call Test Case 'Test Cases/Final Aug 2018 - PKS Automation/Registration Module/Log Out/log out avoiding katalon tagging' successfully

2018-11-29 12:25:07 - [TEST_STEP][PASSED] - callTestCase: Call Test Case 'Test Cases/Final Aug 2018 - PKS Automation/Create Employer Acc/Login to Employer Account (Second time)' successfully

2018-11-29 12:25:07 - [TEST_CASE][PASSED] - Test Cases/Final Aug 2018 - PKS Automation/Create Employer Acc/Login to Employer Account (Second time): Test Cases/Final Aug 2018 - PKS Automation/Create Employer Acc/Login to Employer Account (Second time)

2018-11-29 12:25:07 - [TEST_STEP][PASSED] - openBrowser: Browser is opened with url: ''

2018-11-29 12:25:07 - [MESSAGE][WARNING] - A browser is already opened. Closing browser and opening a new one

2018-11-29 12:25:10 - [MESSAGE][PASSED] - Browser is opened with url: ''

2018-11-29 12:25:10 - [TEST_STEP][PASSED] - navigateToUrl: Navigate to 'https://assist2-uat.perkeso.gov.my/employer/login' successfully

2018-11-29 12:25:11 - [MESSAGE][PASSED] - Navigate to 'https://assist2-uat.perkeso.gov.my/employer/login' successfully

2018-11-29 12:25:11 - [TEST_STEP][PASSED] - delay: Delayed 3 second(s)

2018-11-29 12:25:14 - [MESSAGE][PASSED] - Delayed 3 second(s)

2018-11-29 12:25:14 - [TEST_STEP][PASSED] - callTestCase: Call Test Case 'Test Cases/Final Aug 2018 - PKS Automation/Create Employer Acc/Template/Employer Email Getter' successfully

2018-11-29 12:25:15 - [TEST_CASE][PASSED] - Test Cases/Final Aug 2018 - PKS Automation/Create Employer Acc/Template/Employer Email Getter: Test Cases/Final Aug 2018 - PKS Automation/Create Employer Acc/Template/Employer Email Getter

2018-11-29 12:25:15 - [TEST_STEP][PASSED] - Statement - Try: null

2018-11-29 12:25:15 - [TEST_STEP][PASSED] - Statement - EmpEmail = new java.io.File(C://Users//Admin//Desktop//PKS//Automation Reference Point//EmpEmail.txt): null

2018-11-29 12:25:15 - [TEST_STEP][PASSED] - Statement - bufferread = new java.io.BufferedReader(new java.io.FileReader(EmpEmail)): null

2018-11-29 12:25:15 - [TEST_STEP][PASSED] - Statement - readedVal = bufferread.readLine(): null

2018-11-29 12:25:15 - [TEST_STEP][PASSED] - Statement - out.println(readedVal): null

2018-11-29 12:25:15 - [TEST_STEP][PASSED] - Statement - Email = readedVal: null

2018-11-29 12:25:15 - [MESSAGE][PASSED] - Call Test Case 'Test Cases/Final Aug 2018 - PKS Automation/Create Employer Acc/Template/Employer Email Getter' successfully

2018-11-29 12:25:15 - [TEST_STEP][PASSED] - setText: Text 'perkeso469298699737@gmail.com' is set on object 'Object Repository/Final Object Repo/Login Page/External Login Page/Email'

2018-11-29 12:25:15 - [MESSAGE][PASSED] - Text 'perkeso469298699737@gmail.com' is set on object 'Object Repository/Final Object Repo/Login Page/External Login Page/Email'

2018-11-29 12:25:15 - [TEST_STEP][PASSED] - click: Object: 'Object Repository/Final Object Repo/Login Page/External Login Page/Next' is clicked on

2018-11-29 12:25:15 - [MESSAGE][PASSED] - Object: 'Object Repository/Final Object Repo/Login Page/External Login Page/Next' is clicked on

2018-11-29 12:25:15 - [TEST_STEP][PASSED] - delay: Delayed 3 second(s)

2018-11-29 12:25:18 - [MESSAGE][PASSED] - Delayed 3 second(s)

2018-11-29 12:25:18 - [TEST_STEP][PASSED] - setEncryptedText: Text ****** has been set on object 'Object Repository/Final Object Repo/Login Page/External Login Page/Password'

2018-11-29 12:25:19 - [MESSAGE][PASSED] - Text ****** has been set on object 'Object Repository/Final Object Repo/Login Page/External Login Page/Password'

2018-11-29 12:25:19 - [TEST_STEP][PASSED] - click: Object: 'Object Repository/Final Object Repo/Login Page/External Login Page/Login' is clicked on

2018-11-29 12:25:19 - [MESSAGE][PASSED] - Object: 'Object Repository/Final Object Repo/Login Page/External Login Page/Login' is clicked on

2018-11-29 12:25:19 - [TEST_STEP][PASSED] - delay: Delayed 5 second(s)

2018-11-29 12:25:24 - [MESSAGE][PASSED] - Delayed 5 second(s)

2018-11-29 12:25:24 - [MESSAGE][PASSED] - Call Test Case 'Test Cases/Final Aug 2018 - PKS Automation/Create Employer Acc/Login to Employer Account (Second time)' successfully

2018-11-29 12:25:24 - [TEST_STEP][PASSED] - delay: Delayed 4 second(s)

2018-11-29 12:25:28 - [MESSAGE][PASSED] - Delayed 4 second(s)

2018-11-29 12:25:28 - [TEST_STEP][PASSED] - Statement - Try: Delayed 2 second(s)

2018-11-29 12:25:28 - [TEST_STEP][PASSED] - Statement - Checker = false: null

2018-11-29 12:25:28 - [TEST_STEP][PASSED] - Statement - Checker = com.kms.katalon.core.webui.keyword.WebUiBuiltInKeywords.verifyElementHasAttribute(com.kms.katalon.core.testobject.ObjectRepository.findTestObject(Final Object Repo/Landing Page/BM Detecting), "href", 20, OPTIONAL): Object 'Object Repository/Final Object Repo/Landing Page/BM Detecting' has attribute 'href'

2018-11-29 12:25:28 - [MESSAGE][PASSED] - Object 'Object Repository/Final Object Repo/Landing Page/BM Detecting' has attribute 'href'

2018-11-29 12:25:28 - [TEST_STEP][PASSED] - Statement - out.println(Checker): null

2018-11-29 12:25:28 - [TEST_STEP][PASSED] - Statement - If (Checker == false): null

2018-11-29 12:25:28 - [TEST_STEP][PASSED] - Statement - Else: null

2018-11-29 12:25:28 - [TEST_STEP][PASSED] - delay: Delayed 2 second(s)

2018-11-29 12:25:30 - [MESSAGE][PASSED] - Delayed 2 second(s)

2018-11-29 12:25:30 - [TEST_STEP][PASSED] - delay: Delayed 4 second(s)

2018-11-29 12:25:34 - [MESSAGE][PASSED] - Delayed 4 second(s)

2018-11-29 12:25:34 - [TEST_STEP][PASSED] - click: Object: 'Object Repository/Final Object Repo/Landing Page/My Sites Drop Down' is clicked on

2018-11-29 12:25:34 - [MESSAGE][PASSED] - Object: 'Object Repository/Final Object Repo/Landing Page/My Sites Drop Down' is clicked on

2018-11-29 12:25:34 - [TEST_STEP][PASSED] - click: Object: 'Object Repository/Final Object Repo/Landing Page/Select to Registration Module' is clicked on

2018-11-29 12:25:37 - [MESSAGE][PASSED] - Object: 'Object Repository/Final Object Repo/Landing Page/Select to Registration Module' is clicked on

2018-11-29 12:25:37 - [TEST_STEP][PASSED] - click: Object: 'Object Repository/Final Object Repo/Landing Page/Registration Button' is clicked on

2018-11-29 12:25:38 - [MESSAGE][PASSED] - Object: 'Object Repository/Final Object Repo/Landing Page/Registration Button' is clicked on

2018-11-29 12:25:38 - [TEST_STEP][PASSED] - delay: Delayed 2 second(s)

2018-11-29 12:25:40 - [MESSAGE][PASSED] - Delayed 2 second(s)

2018-11-29 12:25:40 - [TEST_STEP][PASSED] - click: Object: 'Object Repository/Final Object Repo/New Registration - Registration Module Pages/New Reg - OTC to RO/Special Case - OTC - Form 1/AEC NO' is clicked on

2018-11-29 12:25:40 - [MESSAGE][PASSED] - Object: 'Object Repository/Final Object Repo/New Registration - Registration Module Pages/New Reg - OTC to RO/Special Case - OTC - Form 1/AEC NO' is clicked on

2018-11-29 12:25:40 - [TEST_STEP][PASSED] - click: Object: 'Object Repository/Final Object Repo/New Registration - Registration Module Pages/New Reg - OTC to RO/Special Case - OTC - Form 1/Business Entity - Please Select' is clicked on

2018-11-29 12:25:40 - [MESSAGE][PASSED] - Object: 'Object Repository/Final Object Repo/New Registration - Registration Module Pages/New Reg - OTC to RO/Special Case - OTC - Form 1/Business Entity - Please Select' is clicked on

2018-11-29 12:25:40 - [TEST_STEP][PASSED] - click: Object: 'Object Repository/Final Object Repo/New Registration - Registration Module Pages/New Reg - OTC to RO/Special Case - OTC - Form 1/Selected - Corporation' is clicked on

2018-11-29 12:25:41 - [MESSAGE][PASSED] - Object: 'Object Repository/Final Object Repo/New Registration - Registration Module Pages/New Reg - OTC to RO/Special Case - OTC - Form 1/Selected - Corporation' is clicked on

2018-11-29 12:25:41 - [TEST_STEP][PASSED] - delay: Delayed 2 second(s)

2018-11-29 12:25:43 - [MESSAGE][PASSED] - Delayed 2 second(s)

2018-11-29 12:25:43 - [TEST_STEP][PASSED] - click: Object: 'Object Repository/Final Object Repo/New Registration - Registration Module Pages/New Reg - OTC to RO/Special Case - OTC - Form 1/Sub Business Entity - Please Select' is clicked on

2018-11-29 12:25:43 - [MESSAGE][PASSED] - Object: 'Object Repository/Final Object Repo/New Registration - Registration Module Pages/New Reg - OTC to RO/Special Case - OTC - Form 1/Sub Business Entity - Please Select' is clicked on

2018-11-29 12:25:43 - [TEST_STEP][PASSED] - delay: Delayed 2 second(s)

2018-11-29 12:25:45 - [MESSAGE][PASSED] - Delayed 2 second(s)

2018-11-29 12:25:45 - [TEST_STEP][PASSED] - click: Object: 'Object Repository/Final Object Repo/New Registration - Registration Module Pages/New Reg - OTC to RO/Special Case - OTC - Form 1/Selected - Sendirian Berhad' is clicked on

2018-11-29 12:25:45 - [MESSAGE][PASSED] - Object: 'Object Repository/Final Object Repo/New Registration - Registration Module Pages/New Reg - OTC to RO/Special Case - OTC - Form 1/Selected - Sendirian Berhad' is clicked on

2018-11-29 12:25:45 - [TEST_STEP][PASSED] - setText: Text 'AUTOMATE001' is set on object 'Object Repository/Final Object Repo/New Registration - Registration Module Pages/New Reg - OTC to RO/Special Case - OTC - Form 1/Input BRN Number'

2018-11-29 12:25:46 - [MESSAGE][PASSED] - Text 'AUTOMATE001' is set on object 'Object Repository/Final Object Repo/New Registration - Registration Module Pages/New Reg - OTC to RO/Special Case - OTC - Form 1/Input BRN Number'

2018-11-29 12:25:46 - [TEST_STEP][PASSED] - delay: Delayed 2 second(s)

2018-11-29 12:25:48 - [MESSAGE][PASSED] - Delayed 2 second(s)

2018-11-29 12:25:48 - [TEST_STEP][PASSED] - click: Object: 'Object Repository/Final Object Repo/New Registration - Registration Module Pages/New Reg - OTC to RO/Special Case - OTC - Form 1/BRN Search' is clicked on

2018-11-29 12:25:48 - [MESSAGE][PASSED] - Object: 'Object Repository/Final Object Repo/New Registration - Registration Module Pages/New Reg - OTC to RO/Special Case - OTC - Form 1/BRN Search' is clicked on

2018-11-29 12:25:48 - [TEST_STEP][PASSED] - delay: Delayed 4 second(s)

2018-11-29 12:25:52 - [MESSAGE][PASSED] - Delayed 4 second(s)

2018-11-29 12:25:52 - [TEST_STEP][PASSED] - click: Object: 'Object Repository/Final Object Repo/New Registration - Registration Module Pages/New Reg - OTC to RO/Special Case - OTC - Form 1/Registered with SSM - After Feb 2017' is clicked on

2018-11-29 12:25:52 - [MESSAGE][PASSED] - Object: 'Object Repository/Final Object Repo/New Registration - Registration Module Pages/New Reg - OTC to RO/Special Case - OTC - Form 1/Registered with SSM - After Feb 2017' is clicked on

2018-11-29 12:25:52 - [TEST_STEP][PASSED] - delay: Delayed 2 second(s)

2018-11-29 12:25:54 - [MESSAGE][PASSED] - Delayed 2 second(s)

2018-11-29 12:25:54 - [TEST_STEP][PASSED] - click: Object: 'Object Repository/Final Object Repo/New Registration - Registration Module Pages/Form 1/Registered As a Branch - Yes' is clicked on

2018-11-29 12:25:54 - [MESSAGE][PASSED] - Object: 'Object Repository/Final Object Repo/New Registration - Registration Module Pages/Form 1/Registered As a Branch - Yes' is clicked on

2018-11-29 12:25:54 - [TEST_STEP][PASSED] - click: Object: 'Object Repository/Final Object Repo/New Registration - Registration Module Pages/New Reg - OTC to RO/Special Case - OTC - Form 1/Acknowledgement Ticked' is clicked on

2018-11-29 12:25:55 - [MESSAGE][PASSED] - Object: 'Object Repository/Final Object Repo/New Registration - Registration Module Pages/New Reg - OTC to RO/Special Case - OTC - Form 1/Acknowledgement Ticked' is clicked on

2018-11-29 12:25:55 - [TEST_STEP][PASSED] - setText: Text 'perkeso469298699737@gmail.com' is set on object 'Object Repository/Final Object Repo/New Registration - Registration Module Pages/Form 1/Email'

2018-11-29 12:25:55 - [MESSAGE][PASSED] - Text 'perkeso469298699737@gmail.com' is set on object 'Object Repository/Final Object Repo/New Registration - Registration Module Pages/Form 1/Email'

2018-11-29 12:25:55 - [TEST_STEP][PASSED] - click: Object: 'Object Repository/Final Object Repo/New Registration - Registration Module Pages/New Reg - OTC to RO/Special Case - OTC - Form 1/Submit Button' is clicked on

2018-11-29 12:25:56 - [MESSAGE][PASSED] - Object: 'Object Repository/Final Object Repo/New Registration - Registration Module Pages/New Reg - OTC to RO/Special Case - OTC - Form 1/Submit Button' is clicked on

2018-11-29 12:25:56 - [TEST_STEP][PASSED] - callTestCase: Call Test Case 'Test Cases/Final Aug 2018 - PKS Automation/Registration Module/New Registration/Form 2/Add 1 Eligible - Employer Account Use' successfully

2018-11-29 12:25:56 - [TEST_CASE][PASSED] - Test Cases/Final Aug 2018 - PKS Automation/Registration Module/New Registration/Form 2/Add 1 Eligible - Employer Account Use: Test Cases/Final Aug 2018 - PKS Automation/Registration Module/New Registration/Form 2/Add 1 Eligible - Employer Account Use

2018-11-29 12:25:56 - [TEST_STEP][PASSED] - delay: Delayed 2 second(s)

2018-11-29 12:25:58 - [MESSAGE][PASSED] - Delayed 2 second(s)

2018-11-29 12:25:58 - [TEST_STEP][PASSED] - callTestCase: Call Test Case 'Test Cases/Final Aug 2018 - PKS Automation/Registration Module/New Registration/Form 2/Date Updater' successfully

2018-11-29 12:25:58 - [TEST_CASE][PASSED] - Test Cases/Final Aug 2018 - PKS Automation/Registration Module/New Registration/Form 2/Date Updater: Test Cases/Final Aug 2018 - PKS Automation/Registration Module/New Registration/Form 2/Date Updater

2018-11-29 12:25:58 - [TEST_STEP][PASSED] - Statement - TodayDate = new java.util.Date(): null

2018-11-29 12:25:58 - [TEST_STEP][PASSED] - Statement - CurrentDateNoFilter = new java.text.SimpleDateFormat(): null

2018-11-29 12:25:58 - [TEST_STEP][PASSED] - Statement - CurrentDateNoFilter.applyPattern("dd"): null

2018-11-29 12:25:58 - [TEST_STEP][PASSED] - Statement - CurrentDate = CurrentDateNoFilter.format(TodayDate): null

2018-11-29 12:25:58 - [TEST_STEP][PASSED] - Statement - CurrentDate = java.lang.Integer.parseInt(CurrentDate): null

2018-11-29 12:25:58 - [TEST_STEP][PASSED] - Statement - CurrentDate = CurrentDate: null

2018-11-29 12:25:58 - [TEST_STEP][PASSED] - Statement - CurrentDay = java.lang.Integer.parseInt(CurrentDate): null

2018-11-29 12:25:58 - [TEST_STEP][PASSED] - Statement - aDayBefore = CurrentDay + 1: null

2018-11-29 12:25:58 - [TEST_STEP][PASSED] - Statement - DayBefore = aDayBefore.toString(): null

2018-11-29 12:25:58 - [TEST_STEP][PASSED] - Statement - OneDayBefore = DayBefore: null

2018-11-29 12:25:58 - [TEST_STEP][PASSED] - Statement - CurrentDateNoFilter.applyPattern("MM"): null

2018-11-29 12:25:58 - [TEST_STEP][PASSED] - Statement - monthContainerMatcher = java.lang.Integer.parseInt(CurrentDateNoFilter.format(TodayDate)): null

2018-11-29 12:25:58 - [TEST_STEP][PASSED] - Statement - monthContainerMatcher = monthContainerMatcher - 1: null

2018-11-29 12:25:58 - [TEST_STEP][PASSED] - Statement - CurrentMonth = monthContainerMatcher.toString(): null

2018-11-29 12:25:58 - [TEST_STEP][PASSED] - Statement - CurrentMonth = CurrentMonth: null

2018-11-29 12:25:58 - [TEST_STEP][PASSED] - Statement - CurrentDateNoFilter.applyPattern("yyyy"): null

2018-11-29 12:25:58 - [TEST_STEP][PASSED] - Statement - CurrentYear = CurrentDateNoFilter.format(TodayDate): null

2018-11-29 12:25:58 - [TEST_STEP][PASSED] - Statement - CurrentYear = CurrentYear: null

2018-11-29 12:25:58 - [TEST_STEP][PASSED] - Statement - intCurrentYear = java.lang.Integer.parseInt(CurrentDateNoFilter.format(TodayDate)): null

2018-11-29 12:25:58 - [TEST_STEP][PASSED] - Statement - eighteenYrsAgo = intCurrentYear - 18: null

2018-11-29 12:25:58 - [TEST_STEP][PASSED] - Statement - eighteenYrsBeforeThisYr = eighteenYrsAgo.toString(): null

2018-11-29 12:25:58 - [TEST_STEP][PASSED] - Statement - EighteenYrsBefore = eighteenYrsBeforeThisYr: null

2018-11-29 12:25:58 - [TEST_STEP][PASSED] - Statement - fiftysevenYrsAgo = intCurrentYear - 57: null

2018-11-29 12:25:58 - [TEST_STEP][PASSED] - Statement - fiftysevenYrsBeforeThisYr = fiftysevenYrsAgo.toString(): null

2018-11-29 12:25:58 - [TEST_STEP][PASSED] - Statement - FiftysevenYrsBefore = fiftysevenYrsBeforeThisYr: null

2018-11-29 12:25:58 - [MESSAGE][PASSED] - Call Test Case 'Test Cases/Final Aug 2018 - PKS Automation/Registration Module/New Registration/Form 2/Date Updater' successfully

2018-11-29 12:25:58 - [TEST_STEP][PASSED] - delay: Delayed 1 second(s)

2018-11-29 12:25:59 - [MESSAGE][PASSED] - Delayed 1 second(s)

2018-11-29 12:25:59 - [TEST_STEP][PASSED] - Statement - CaseReferenceNo = com.kms.katalon.core.webui.keyword.WebUiBuiltInKeywords.getText(com.kms.katalon.core.testobject.ObjectRepository.findTestObject(Final Object Repo/New Registration - Registration Module Pages/Form 2/RefNo Acquiring)): Text of object 'Object Repository/Final Object Repo/New Registration - Registration Module Pages/Form 2/RefNo Acquiring' is: 'CRN11201800122919'

2018-11-29 12:25:59 - [MESSAGE][PASSED] - Text of object 'Object Repository/Final Object Repo/New Registration - Registration Module Pages/Form 2/RefNo Acquiring' is: 'CRN11201800122919'

2018-11-29 12:25:59 - [TEST_STEP][PASSED] - delay: Delayed 1 second(s)

2018-11-29 12:26:00 - [MESSAGE][PASSED] - Delayed 1 second(s)

2018-11-29 12:26:00 - [TEST_STEP][PASSED] - click: Object: 'Object Repository/Final Object Repo/New Registration - Registration Module Pages/Form 2/Add Employee Button' is clicked on

2018-11-29 12:26:00 - [MESSAGE][PASSED] - Object: 'Object Repository/Final Object Repo/New Registration - Registration Module Pages/Form 2/Add Employee Button' is clicked on

2018-11-29 12:26:00 - [TEST_STEP][PASSED] - delay: Delayed 1 second(s)

2018-11-29 12:26:01 - [MESSAGE][PASSED] - Delayed 1 second(s)

2018-11-29 12:26:01 - [TEST_STEP][PASSED] - setText: Text '010903091948' is set on object 'Object Repository/Final Object Repo/New Registration - Registration Module Pages/Form 2/NRIC Input'

2018-11-29 12:26:01 - [MESSAGE][PASSED] - Text '010903091948' is set on object 'Object Repository/Final Object Repo/New Registration - Registration Module Pages/Form 2/NRIC Input'

2018-11-29 12:26:01 - [TEST_STEP][PASSED] - delay: Delayed 2 second(s)

2018-11-29 12:26:03 - [MESSAGE][PASSED] - Delayed 2 second(s)

2018-11-29 12:26:03 - [TEST_STEP][PASSED] - setText: Text 'Automate001 eligible 1' is set on object 'Object Repository/Final Object Repo/New Registration - Registration Module Pages/Form 2/Employee Name Input'

2018-11-29 12:26:04 - [MESSAGE][PASSED] - Text 'Automate001 eligible 1' is set on object 'Object Repository/Final Object Repo/New Registration - Registration Module Pages/Form 2/Employee Name Input'

2018-11-29 12:26:04 - [TEST_STEP][PASSED] - delay: Delayed 2 second(s)

2018-11-29 12:26:06 - [MESSAGE][PASSED] - Delayed 2 second(s)

2018-11-29 12:26:06 - [TEST_STEP][PASSED] - click: Object: 'Object Repository/Final Object Repo/New Registration - Registration Module Pages/Form 2/DatePicker Pop Up' is clicked on

2018-11-29 12:26:06 - [MESSAGE][PASSED] - Object: 'Object Repository/Final Object Repo/New Registration - Registration Module Pages/Form 2/DatePicker Pop Up' is clicked on

2018-11-29 12:26:06 - [TEST_STEP][PASSED] - click: Object: 'Object Repository/Final Object Repo/New Registration - Registration Module Pages/Form 2/DOB Month' is clicked on

2018-11-29 12:26:06 - [MESSAGE][PASSED] - Object: 'Object Repository/Final Object Repo/New Registration - Registration Module Pages/Form 2/DOB Month' is clicked on

2018-11-29 12:26:06 - [TEST_STEP][PASSED] - Statement - CurrentMonth = CurrentMonth: null

2018-11-29 12:26:06 - [TEST_STEP][PASSED] - Statement - selectMonth = new com.kms.katalon.core.testobject.TestObject(): null

2018-11-29 12:26:06 - [TEST_STEP][PASSED] - Statement - selectMonth.addProperty("xpath", EQUALS, "//body/div/div/div/select/option[@value='" + CurrentMonth + "']", true): null

2018-11-29 12:26:06 - [TEST_STEP][PASSED] - click: Object: '' is clicked on

2018-11-29 12:26:07 - [MESSAGE][PASSED] - Object: '' is clicked on

2018-11-29 12:26:07 - [TEST_STEP][PASSED] - click: Object: 'Object Repository/Final Object Repo/New Registration - Registration Module Pages/Form 2/DOB Year' is clicked on

2018-11-29 12:26:07 - [MESSAGE][PASSED] - Object: 'Object Repository/Final Object Repo/New Registration - Registration Module Pages/Form 2/DOB Year' is clicked on

2018-11-29 12:26:07 - [TEST_STEP][PASSED] - Statement - Eyearsbf = EighteenYrsBefore: null

2018-11-29 12:26:07 - [TEST_STEP][PASSED] - Statement - selectYear = new com.kms.katalon.core.testobject.TestObject(): null

2018-11-29 12:26:07 - [TEST_STEP][PASSED] - Statement - selectYear.addProperty("xpath", EQUALS, "//div/div/div/select/option[@value='" + Eyearsbf + "']", true): null

2018-11-29 12:26:07 - [TEST_STEP][PASSED] - click: Object: '' is clicked on

2018-11-29 12:26:07 - [MESSAGE][PASSED] - Object: '' is clicked on

2018-11-29 12:26:07 - [TEST_STEP][PASSED] - Statement - UpdatedSelectDate = com.kms.katalon.core.webui.keyword.WebUiBuiltInKeywords.modifyObjectProperty(com.kms.katalon.core.testobject.ObjectRepository.findTestObject(Final Object Repo/New Registration - Registration Module Pages/Form 2/DOB Date), "xpath", "equals", "//body/div/table/tbody/tr/td/a[text()="" + CurrentDate + ""]", true): Modify property of object successfully

2018-11-29 12:26:07 - [MESSAGE][PASSED] - Modify property of object successfully

2018-11-29 12:26:07 - [TEST_STEP][PASSED] - delay: Delayed 3 second(s)

2018-11-29 12:26:10 - [MESSAGE][PASSED] - Delayed 3 second(s)

2018-11-29 12:26:10 - [TEST_STEP][PASSED] - click: Object: 'Object Repository/Final Object Repo/New Registration - Registration Module Pages/Form 2/DOB Date' is clicked on

2018-11-29 12:26:10 - [MESSAGE][PASSED] - Object: 'Object Repository/Final Object Repo/New Registration - Registration Module Pages/Form 2/DOB Date' is clicked on

2018-11-29 12:26:10 - [TEST_STEP][PASSED] - delay: Delayed 2 second(s)

2018-11-29 12:26:12 - [MESSAGE][PASSED] - Delayed 2 second(s)

2018-11-29 12:26:12 - [TEST_STEP][PASSED] - click: Object: 'Object Repository/Final Object Repo/New Registration - Registration Module Pages/Form 2/EmploymentStartDate Pop Up' is clicked on

2018-11-29 12:26:12 - [MESSAGE][PASSED] - Object: 'Object Repository/Final Object Repo/New Registration - Registration Module Pages/Form 2/EmploymentStartDate Pop Up' is clicked on

2018-11-29 12:26:12 - [TEST_STEP][PASSED] - delay: Delayed 2 second(s)

2018-11-29 12:26:14 - [MESSAGE][PASSED] - Delayed 2 second(s)

2018-11-29 12:26:14 - [TEST_STEP][PASSED] - click: Object: 'Object Repository/Final Object Repo/New Registration - Registration Module Pages/Form 2/Socso Employment StartDate Month' is clicked on

2018-11-29 12:26:14 - [MESSAGE][PASSED] - Object: 'Object Repository/Final Object Repo/New Registration - Registration Module Pages/Form 2/Socso Employment StartDate Month' is clicked on

2018-11-29 12:26:14 - [TEST_STEP][PASSED] - delay: Delayed 1 second(s)

2018-11-29 12:26:15 - [MESSAGE][PASSED] - Delayed 1 second(s)

2018-11-29 12:26:15 - [TEST_STEP][PASSED] - click: Object: 'Object Repository/Final Object Repo/New Registration - Registration Module Pages/Form 2/Select Socso Employement Startdate Month' is clicked on

2018-11-29 12:26:16 - [MESSAGE][PASSED] - Object: 'Object Repository/Final Object Repo/New Registration - Registration Module Pages/Form 2/Select Socso Employement Startdate Month' is clicked on

2018-11-29 12:26:16 - [TEST_STEP][PASSED] - delay: Delayed 2 second(s)

2018-11-29 12:26:18 - [MESSAGE][PASSED] - Delayed 2 second(s)

2018-11-29 12:26:18 - [TEST_STEP][PASSED] - click: Object: 'Object Repository/Final Object Repo/New Registration - Registration Module Pages/Form 2/Socso Employment StartDate Year' is clicked on

2018-11-29 12:26:18 - [MESSAGE][PASSED] - Object: 'Object Repository/Final Object Repo/New Registration - Registration Module Pages/Form 2/Socso Employment StartDate Year' is clicked on

2018-11-29 12:26:18 - [TEST_STEP][PASSED] - delay: Delayed 1 second(s)

2018-11-29 12:26:19 - [MESSAGE][PASSED] - Delayed 1 second(s)

2018-11-29 12:26:19 - [TEST_STEP][PASSED] - click: Object: 'Object Repository/Final Object Repo/New Registration - Registration Module Pages/Form 2/Select Socso Employment Startdate Year' is clicked on

2018-11-29 12:26:19 - [MESSAGE][PASSED] - Object: 'Object Repository/Final Object Repo/New Registration - Registration Module Pages/Form 2/Select Socso Employment Startdate Year' is clicked on

2018-11-29 12:26:19 - [TEST_STEP][PASSED] - delay: Delayed 2 second(s)

2018-11-29 12:26:21 - [MESSAGE][PASSED] - Delayed 2 second(s)

2018-11-29 12:26:21 - [TEST_STEP][PASSED] - click: Object: 'Object Repository/Final Object Repo/New Registration - Registration Module Pages/Form 2/Socso Employment Start Date Day' is clicked on

2018-11-29 12:26:21 - [MESSAGE][PASSED] - Object: 'Object Repository/Final Object Repo/New Registration - Registration Module Pages/Form 2/Socso Employment Start Date Day' is clicked on

2018-11-29 12:26:21 - [TEST_STEP][PASSED] - delay: Delayed 2 second(s)

2018-11-29 12:26:23 - [MESSAGE][PASSED] - Delayed 2 second(s)

2018-11-29 12:26:23 - [TEST_STEP][PASSED] - click: Object: 'Object Repository/Final Object Repo/New Registration - Registration Module Pages/Form 2/Save Button for Add Employee' is clicked on

2018-11-29 12:26:23 - [MESSAGE][PASSED] - Object: 'Object Repository/Final Object Repo/New Registration - Registration Module Pages/Form 2/Save Button for Add Employee' is clicked on

2018-11-29 12:26:23 - [TEST_STEP][PASSED] - delay: Delayed 6 second(s)

2018-11-29 12:26:29 - [MESSAGE][PASSED] - Delayed 6 second(s)

2018-11-29 12:26:29 - [TEST_STEP][PASSED] - click: Object: 'Object Repository/Final Object Repo/New Registration - Registration Module Pages/Form 2/Save and Continue Form 2' is clicked on

2018-11-29 12:26:30 - [MESSAGE][PASSED] - Object: 'Object Repository/Final Object Repo/New Registration - Registration Module Pages/Form 2/Save and Continue Form 2' is clicked on

2018-11-29 12:26:30 - [MESSAGE][PASSED] - Call Test Case 'Test Cases/Final Aug 2018 - PKS Automation/Registration Module/New Registration/Form 2/Add 1 Eligible - Employer Account Use' successfully

2018-11-29 12:26:30 - [TEST_STEP][PASSED] - callTestCase: Call Test Case 'Test Cases/Final Aug 2018 - PKS Automation/Registration Module/New Registration/Flow of New Registration/Third Screen - Upload Supporting Doc - Preview' successfully

2018-11-29 12:26:30 - [TEST_CASE][PASSED] - Test Cases/Final Aug 2018 - PKS Automation/Registration Module/New Registration/Flow of New Registration/Third Screen - Upload Supporting Doc - Preview: Test Cases/Final Aug 2018 - PKS Automation/Registration Module/New Registration/Flow of New Registration/Third Screen - Upload Supporting Doc - Preview

2018-11-29 12:26:30 - [TEST_STEP][PASSED] - waitForPageLoad: Wait for page load successfully

2018-11-29 12:26:31 - [MESSAGE][PASSED] - Wait for page load successfully

2018-11-29 12:26:31 - [TEST_STEP][PASSED] - Statement - CaseReferenceNo = com.kms.katalon.core.webui.keyword.WebUiBuiltInKeywords.getText(com.kms.katalon.core.testobject.ObjectRepository.findTestObject(Final Object Repo/New Registration - Registration Module Pages/Third Screen - Upload Supporting Doc- Preview/RefNo Acquiring)): Text of object 'Object Repository/Final Object Repo/New Registration - Registration Module Pages/Third Screen - Upload Supporting Doc- Preview/RefNo Acquiring' is: 'CRN11201800122919'

2018-11-29 12:26:31 - [MESSAGE][PASSED] - Text of object 'Object Repository/Final Object Repo/New Registration - Registration Module Pages/Third Screen - Upload Supporting Doc- Preview/RefNo Acquiring' is: 'CRN11201800122919'

2018-11-29 12:26:31 - [TEST_STEP][PASSED] - delay: Delayed 2 second(s)

2018-11-29 12:26:33 - [MESSAGE][PASSED] - Delayed 2 second(s)

2018-11-29 12:26:33 - [TEST_STEP][PASSED] - callTestCase: Call Test Case 'Test Cases/Final Aug 2018 - PKS Automation/Common/Reference Number Setter' successfully

2018-11-29 12:26:33 - [TEST_CASE][PASSED] - Test Cases/Final Aug 2018 - PKS Automation/Common/Reference Number Setter: Test Cases/Final Aug 2018 - PKS Automation/Common/Reference Number Setter

2018-11-29 12:26:33 - [TEST_STEP][PASSED] - Statement - RefNoOldFile = new java.io.File(C://Users//Admin//Desktop//PKS//Automation Reference Point//KatalonReference.txt): null

2018-11-29 12:26:33 - [TEST_STEP][PASSED] - Statement - RefNoOldFile.delete(): null

2018-11-29 12:26:33 - [TEST_STEP][PASSED] - delay: Delayed 5 second(s)

2018-11-29 12:26:38 - [MESSAGE][PASSED] - Delayed 5 second(s)

2018-11-29 12:26:38 - [TEST_STEP][PASSED] - Statement - RefNo = new java.io.File(C://Users//Admin//Desktop//PKS//Automation Reference Point//KatalonReference.txt): null

2018-11-29 12:26:38 - [TEST_STEP][PASSED] - Statement - f2 = new java.io.FileWriter(RefNo, false): null

2018-11-29 12:26:38 - [TEST_STEP][PASSED] - Statement - f2.write(CaseReferenceNo): null

2018-11-29 12:26:38 - [TEST_STEP][PASSED] - Statement - f2.close(): null

2018-11-29 12:26:38 - [TEST_STEP][PASSED] - Statement - out.println("


" + CaseReferenceNo + "


"): null

2018-11-29 12:26:38 - [MESSAGE][PASSED] - Call Test Case 'Test Cases/Final Aug 2018 - PKS Automation/Common/Reference Number Setter' successfully

2018-11-29 12:26:38 - [TEST_STEP][PASSED] - waitForElementClickable: Object 'Object Repository/Final Object Repo/New Registration - Registration Module Pages/Third Screen - Upload Supporting Doc- Preview/Save n Continue in SIP Employee Listing Page' is clickable

2018-11-29 12:26:38 - [MESSAGE][PASSED] - Object 'Object Repository/Final Object Repo/New Registration - Registration Module Pages/Third Screen - Upload Supporting Doc- Preview/Save n Continue in SIP Employee Listing Page' is clickable

2018-11-29 12:26:38 - [TEST_STEP][PASSED] - click: Object: 'Object Repository/Final Object Repo/New Registration - Registration Module Pages/Third Screen - Upload Supporting Doc- Preview/Save n Continue in SIP Employee Listing Page' is clicked on

2018-11-29 12:26:44 - [MESSAGE][PASSED] - Object: 'Object Repository/Final Object Repo/New Registration - Registration Module Pages/Third Screen - Upload Supporting Doc- Preview/Save n Continue in SIP Employee Listing Page' is clicked on

2018-11-29 12:26:44 - [TEST_STEP][PASSED] - delay: Delayed 7 second(s)

2018-11-29 12:26:51 - [MESSAGE][PASSED] - Delayed 7 second(s)

2018-11-29 12:26:51 - [TEST_STEP][PASSED] - click: Object: 'Object Repository/Final Object Repo/New Registration - Registration Module Pages/Third Screen - Upload Supporting Doc- Preview/Add Document Button' is clicked on

2018-11-29 12:26:51 - [MESSAGE][PASSED] - Object: 'Object Repository/Final Object Repo/New Registration - Registration Module Pages/Third Screen - Upload Supporting Doc- Preview/Add Document Button' is clicked on

2018-11-29 12:26:51 - [TEST_STEP][PASSED] - delay: Delayed 30 second(s)

2018-11-29 12:27:21 - [MESSAGE][PASSED] - Delayed 30 second(s)

2018-11-29 12:27:21 - [TEST_STEP][PASSED] - click: Object: 'Object Repository/Final Object Repo/New Registration - Registration Module Pages/Third Screen - Upload Supporting Doc- Preview/Supporting Doc Please Select Drop Down' is clicked on

2018-11-29 12:27:21 - [MESSAGE][PASSED] - Object: 'Object Repository/Final Object Repo/New Registration - Registration Module Pages/Third Screen - Upload Supporting Doc- Preview/Supporting Doc Please Select Drop Down' is clicked on

2018-11-29 12:27:21 - [TEST_STEP][PASSED] - delay: Delayed 2 second(s)

2018-11-29 12:27:23 - [MESSAGE][PASSED] - Delayed 2 second(s)

2018-11-29 12:27:23 - [TEST_STEP][PASSED] - click: Object: 'Object Repository/Final Object Repo/New Registration - Registration Module Pages/Third Screen - Upload Supporting Doc- Preview/Select to Upload Form 1' is clicked on

2018-11-29 12:27:23 - [MESSAGE][PASSED] - Object: 'Object Repository/Final Object Repo/New Registration - Registration Module Pages/Third Screen - Upload Supporting Doc- Preview/Select to Upload Form 1' is clicked on

2018-11-29 12:27:23 - [TEST_STEP][PASSED] - delay: Delayed 2 second(s)

2018-11-29 12:27:25 - [MESSAGE][PASSED] - Delayed 2 second(s)

2018-11-29 12:27:25 - [TEST_STEP][PASSED] - uploadFile: File 'C:\Users\Public\Pictures\Sample Pictures\Koala.jpg' sent to object: 'Object Repository/Final Object Repo/New Registration - Registration Module Pages/Third Screen - Upload Supporting Doc- Preview/Upload File Adding'

2018-11-29 12:27:25 - [MESSAGE][PASSED] - File 'C:\Users\Public\Pictures\Sample Pictures\Koala.jpg' sent to object: 'Object Repository/Final Object Repo/New Registration - Registration Module Pages/Third Screen - Upload Supporting Doc- Preview/Upload File Adding'

2018-11-29 12:27:25 - [TEST_STEP][PASSED] - delay: Delayed 5 second(s)

2018-11-29 12:27:30 - [MESSAGE][PASSED] - Delayed 5 second(s)

2018-11-29 12:27:30 - [TEST_STEP][PASSED] - click: Object: 'Object Repository/Final Object Repo/New Registration - Registration Module Pages/Third Screen - Upload Supporting Doc- Preview/Inner Form Add Document Button' is clicked on

2018-11-29 12:27:31 - [MESSAGE][PASSED] - Object: 'Object Repository/Final Object Repo/New Registration - Registration Module Pages/Third Screen - Upload Supporting Doc- Preview/Inner Form Add Document Button' is clicked on

2018-11-29 12:27:31 - [TEST_STEP][PASSED] - delay: Delayed 3 second(s)

2018-11-29 12:27:34 - [MESSAGE][PASSED] - Delayed 3 second(s)

2018-11-29 12:27:34 - [TEST_STEP][PASSED] - click: Object: 'Object Repository/Final Object Repo/New Registration - Registration Module Pages/Third Screen - Upload Supporting Doc- Preview/Add Document Button' is clicked on

2018-11-29 12:27:35 - [MESSAGE][PASSED] - Object: 'Object Repository/Final Object Repo/New Registration - Registration Module Pages/Third Screen - Upload Supporting Doc- Preview/Add Document Button' is clicked on

2018-11-29 12:27:35 - [TEST_STEP][PASSED] - delay: Delayed 30 second(s)

2018-11-29 12:28:05 - [MESSAGE][PASSED] - Delayed 30 second(s)

2018-11-29 12:28:05 - [TEST_STEP][PASSED] - click: Object: 'Object Repository/Final Object Repo/New Registration - Registration Module Pages/Third Screen - Upload Supporting Doc- Preview/Supporting Doc Please Select Drop Down' is clicked on

2018-11-29 12:28:05 - [MESSAGE][PASSED] - Object: 'Object Repository/Final Object Repo/New Registration - Registration Module Pages/Third Screen - Upload Supporting Doc- Preview/Supporting Doc Please Select Drop Down' is clicked on

2018-11-29 12:28:05 - [TEST_STEP][PASSED] - delay: Delayed 2 second(s)

2018-11-29 12:28:07 - [MESSAGE][PASSED] - Delayed 2 second(s)

2018-11-29 12:28:07 - [TEST_STEP][PASSED] - click: Object: 'Object Repository/Final Object Repo/New Registration - Registration Module Pages/Third Screen - Upload Supporting Doc- Preview/Select to Upload Form 2' is clicked on

2018-11-29 12:28:07 - [MESSAGE][PASSED] - Object: 'Object Repository/Final Object Repo/New Registration - Registration Module Pages/Third Screen - Upload Supporting Doc- Preview/Select to Upload Form 2' is clicked on

2018-11-29 12:28:07 - [TEST_STEP][PASSED] - delay: Delayed 2 second(s)

2018-11-29 12:28:09 - [MESSAGE][PASSED] - Delayed 2 second(s)

2018-11-29 12:28:09 - [TEST_STEP][PASSED] - uploadFile: File 'C:\Users\Public\Pictures\Sample Pictures\Koala.jpg' sent to object: 'Object Repository/Final Object Repo/New Registration - Registration Module Pages/Third Screen - Upload Supporting Doc- Preview/Upload File Adding'

2018-11-29 12:28:10 - [MESSAGE][PASSED] - File 'C:\Users\Public\Pictures\Sample Pictures\Koala.jpg' sent to object: 'Object Repository/Final Object Repo/New Registration - Registration Module Pages/Third Screen - Upload Supporting Doc- Preview/Upload File Adding'

2018-11-29 12:28:10 - [TEST_STEP][PASSED] - click: Object: 'Object Repository/Final Object Repo/New Registration - Registration Module Pages/Third Screen - Upload Supporting Doc- Preview/Inner Form Add Document Button' is clicked on

2018-11-29 12:28:10 - [MESSAGE][PASSED] - Object: 'Object Repository/Final Object Repo/New Registration - Registration Module Pages/Third Screen - Upload Supporting Doc- Preview/Inner Form Add Document Button' is clicked on

2018-11-29 12:28:10 - [TEST_STEP][PASSED] - delay: Delayed 5 second(s)

2018-11-29 12:28:15 - [MESSAGE][PASSED] - Delayed 5 second(s)

2018-11-29 12:28:15 - [TEST_STEP][PASSED] - click: Object: 'Object Repository/Final Object Repo/New Registration - Registration Module Pages/Third Screen - Upload Supporting Doc- Preview/Add Document Button' is clicked on

2018-11-29 12:28:15 - [MESSAGE][PASSED] - Object: 'Object Repository/Final Object Repo/New Registration - Registration Module Pages/Third Screen - Upload Supporting Doc- Preview/Add Document Button' is clicked on

2018-11-29 12:28:15 - [TEST_STEP][PASSED] - delay: Delayed 30 second(s)

2018-11-29 12:28:45 - [MESSAGE][PASSED] - Delayed 30 second(s)

2018-11-29 12:28:45 - [TEST_STEP][PASSED] - click: Object: 'Object Repository/Final Object Repo/New Registration - Registration Module Pages/Third Screen - Upload Supporting Doc- Preview/Supporting Doc Please Select Drop Down' is clicked on

2018-11-29 12:28:45 - [MESSAGE][PASSED] - Object: 'Object Repository/Final Object Repo/New Registration - Registration Module Pages/Third Screen - Upload Supporting Doc- Preview/Supporting Doc Please Select Drop Down' is clicked on

2018-11-29 12:28:45 - [TEST_STEP][PASSED] - click: Object: 'Object Repository/Final Object Repo/New Registration - Registration Module Pages/Third Screen - Upload Supporting Doc- Preview/Select to Upload Borang SIP 1' is clicked on

2018-11-29 12:28:45 - [MESSAGE][PASSED] - Object: 'Object Repository/Final Object Repo/New Registration - Registration Module Pages/Third Screen - Upload Supporting Doc- Preview/Select to Upload Borang SIP 1' is clicked on

2018-11-29 12:28:45 - [TEST_STEP][PASSED] - delay: Delayed 2 second(s)

2018-11-29 12:28:47 - [MESSAGE][PASSED] - Delayed 2 second(s)

2018-11-29 12:28:47 - [TEST_STEP][PASSED] - uploadFile: File 'C:\Users\Public\Pictures\Sample Pictures\Koala.jpg' sent to object: 'Object Repository/Final Object Repo/New Registration - Registration Module Pages/Third Screen - Upload Supporting Doc- Preview/Upload File Adding'

2018-11-29 12:28:48 - [MESSAGE][PASSED] - File 'C:\Users\Public\Pictures\Sample Pictures\Koala.jpg' sent to object: 'Object Repository/Final Object Repo/New Registration - Registration Module Pages/Third Screen - Upload Supporting Doc- Preview/Upload File Adding'

2018-11-29 12:28:48 - [TEST_STEP][PASSED] - click: Object: 'Object Repository/Final Object Repo/New Registration - Registration Module Pages/Third Screen - Upload Supporting Doc- Preview/Inner Form Add Document Button' is clicked on

2018-11-29 12:28:48 - [MESSAGE][PASSED] - Object: 'Object Repository/Final Object Repo/New Registration - Registration Module Pages/Third Screen - Upload Supporting Doc- Preview/Inner Form Add Document Button' is clicked on

2018-11-29 12:28:48 - [TEST_STEP][PASSED] - delay: Delayed 5 second(s)

2018-11-29 12:28:53 - [MESSAGE][PASSED] - Delayed 5 second(s)

2018-11-29 12:28:53 - [TEST_STEP][PASSED] - click: Object: 'Object Repository/Final Object Repo/New Registration - Registration Module Pages/Third Screen - Upload Supporting Doc- Preview/Add Document Button' is clicked on

2018-11-29 12:28:55 - [MESSAGE][PASSED] - Object: 'Object Repository/Final Object Repo/New Registration - Registration Module Pages/Third Screen - Upload Supporting Doc- Preview/Add Document Button' is clicked on

2018-11-29 12:28:55 - [TEST_STEP][PASSED] - delay: Delayed 30 second(s)

2018-11-29 12:29:25 - [MESSAGE][PASSED] - Delayed 30 second(s)

2018-11-29 12:29:25 - [TEST_STEP][PASSED] - click: Object: 'Object Repository/Final Object Repo/New Registration - Registration Module Pages/Third Screen - Upload Supporting Doc- Preview/Supporting Doc Please Select Drop Down' is clicked on

2018-11-29 12:29:25 - [MESSAGE][PASSED] - Object: 'Object Repository/Final Object Repo/New Registration - Registration Module Pages/Third Screen - Upload Supporting Doc- Preview/Supporting Doc Please Select Drop Down' is clicked on

2018-11-29 12:29:25 - [TEST_STEP][PASSED] - delay: Delayed 3 second(s)

2018-11-29 12:29:28 - [MESSAGE][PASSED] - Delayed 3 second(s)

2018-11-29 12:29:28 - [TEST_STEP][PASSED] - click: Object: 'Object Repository/Final Object Repo/New Registration - Registration Module Pages/Third Screen - Upload Supporting Doc- Preview/Select to Upload Borang SIP 2' is clicked on

2018-11-29 12:29:29 - [MESSAGE][PASSED] - Object: 'Object Repository/Final Object Repo/New Registration - Registration Module Pages/Third Screen - Upload Supporting Doc- Preview/Select to Upload Borang SIP 2' is clicked on

2018-11-29 12:29:29 - [TEST_STEP][PASSED] - delay: Delayed 2 second(s)

2018-11-29 12:29:31 - [MESSAGE][PASSED] - Delayed 2 second(s)

2018-11-29 12:29:31 - [TEST_STEP][PASSED] - uploadFile: File 'C:\Users\Public\Pictures\Sample Pictures\Koala.jpg' sent to object: 'Object Repository/Final Object Repo/New Registration - Registration Module Pages/Third Screen - Upload Supporting Doc- Preview/Upload File Adding'

2018-11-29 12:29:31 - [MESSAGE][PASSED] - File 'C:\Users\Public\Pictures\Sample Pictures\Koala.jpg' sent to object: 'Object Repository/Final Object Repo/New Registration - Registration Module Pages/Third Screen - Upload Supporting Doc- Preview/Upload File Adding'

2018-11-29 12:29:31 - [TEST_STEP][PASSED] - delay: Delayed 5 second(s)

2018-11-29 12:29:36 - [MESSAGE][PASSED] - Delayed 5 second(s)

2018-11-29 12:29:36 - [TEST_STEP][PASSED] - click: Object: 'Object Repository/Final Object Repo/New Registration - Registration Module Pages/Third Screen - Upload Supporting Doc- Preview/Inner Form Add Document Button' is clicked on

2018-11-29 12:29:36 - [MESSAGE][PASSED] - Object: 'Object Repository/Final Object Repo/New Registration - Registration Module Pages/Third Screen - Upload Supporting Doc- Preview/Inner Form Add Document Button' is clicked on

2018-11-29 12:29:36 - [TEST_STEP][PASSED] - delay: Delayed 3 second(s)

2018-11-29 12:29:39 - [MESSAGE][PASSED] - Delayed 3 second(s)

2018-11-29 12:29:39 - [TEST_STEP][PASSED] - waitForElementClickable: Object 'Object Repository/Final Object Repo/New Registration - Registration Module Pages/Third Screen - Upload Supporting Doc- Preview/Save n Continue in Uploading Supporting Doc Page' is clickable

2018-11-29 12:29:40 - [MESSAGE][PASSED] - Object 'Object Repository/Final Object Repo/New Registration - Registration Module Pages/Third Screen - Upload Supporting Doc- Preview/Save n Continue in Uploading Supporting Doc Page' is clickable

2018-11-29 12:29:40 - [TEST_STEP][PASSED] - click: Object: 'Object Repository/Final Object Repo/New Registration - Registration Module Pages/Third Screen - Upload Supporting Doc- Preview/Save n Continue in Uploading Supporting Doc Page' is clicked on

2018-11-29 12:29:40 - [MESSAGE][PASSED] - Object: 'Object Repository/Final Object Repo/New Registration - Registration Module Pages/Third Screen - Upload Supporting Doc- Preview/Save n Continue in Uploading Supporting Doc Page' is clicked on

2018-11-29 12:29:40 - [MESSAGE][PASSED] - Call Test Case 'Test Cases/Final Aug 2018 - PKS Automation/Registration Module/New Registration/Flow of New Registration/Third Screen - Upload Supporting Doc - Preview' successfully

2018-11-29 12:29:41 - [TEST_STEP][PASSED] - setText: Text 'Tester' is set on object 'Object Repository/Final Object Repo/New Registration - Registration Module Pages/New Reg - OTC to RO/Special Case - All Related Objects/Employer Preview Name'

2018-11-29 12:29:45 - [MESSAGE][PASSED] - Text 'Tester' is set on object 'Object Repository/Final Object Repo/New Registration - Registration Module Pages/New Reg - OTC to RO/Special Case - All Related Objects/Employer Preview Name'

2018-11-29 12:29:45 - [TEST_STEP][PASSED] - click: Object: 'Object Repository/Final Object Repo/New Registration - Registration Module Pages/New Reg - OTC to RO/Special Case - All Related Objects/IC Type Drop Down' is clicked on

2018-11-29 12:29:45 - [MESSAGE][PASSED] - Object: 'Object Repository/Final Object Repo/New Registration - Registration Module Pages/New Reg - OTC to RO/Special Case - All Related Objects/IC Type Drop Down' is clicked on

2018-11-29 12:29:45 - [TEST_STEP][PASSED] - click: Object: 'Object Repository/Final Object Repo/New Registration - Registration Module Pages/New Reg - OTC to RO/Special Case - All Related Objects/Select to NRIC' is clicked on

2018-11-29 12:29:45 - [MESSAGE][PASSED] - Object: 'Object Repository/Final Object Repo/New Registration - Registration Module Pages/New Reg - OTC to RO/Special Case - All Related Objects/Select to NRIC' is clicked on

2018-11-29 12:29:45 - [TEST_STEP][PASSED] - setText: Text '133245561223' is set on object 'Object Repository/Final Object Repo/New Registration - Registration Module Pages/New Reg - OTC to RO/Special Case - All Related Objects/IC Value'

2018-11-29 12:29:46 - [MESSAGE][PASSED] - Text '133245561223' is set on object 'Object Repository/Final Object Repo/New Registration - Registration Module Pages/New Reg - OTC to RO/Special Case - All Related Objects/IC Value'

2018-11-29 12:29:46 - [TEST_STEP][PASSED] - setText: Text 'Auto' is set on object 'Object Repository/Final Object Repo/New Registration - Registration Module Pages/New Reg - OTC to RO/Special Case - All Related Objects/Designation'

2018-11-29 12:29:46 - [MESSAGE][PASSED] - Text 'Auto' is set on object 'Object Repository/Final Object Repo/New Registration - Registration Module Pages/New Reg - OTC to RO/Special Case - All Related Objects/Designation'

2018-11-29 12:29:46 - [TEST_STEP][PASSED] - callTestCase: Call Test Case 'Test Cases/Final Aug 2018 - PKS Automation/Registration Module/New Registration/Submit and Screenshot/Submit Registration and Screenshot - Copy' successfully

2018-11-29 12:29:46 - [TEST_CASE][PASSED] - Test Cases/Final Aug 2018 - PKS Automation/Registration Module/New Registration/Submit and Screenshot/Submit Registration and Screenshot - Copy: Test Cases/Final Aug 2018 - PKS Automation/Registration Module/New Registration/Submit and Screenshot/Submit Registration and Screenshot - Copy

2018-11-29 12:29:46 - [TEST_STEP][PASSED] - delay: Delayed 6 second(s)

2018-11-29 12:29:52 - [MESSAGE][PASSED] - Delayed 6 second(s)

2018-11-29 12:29:52 - [TEST_STEP][PASSED] - click: Object: 'Object Repository/Final Object Repo/New Registration - Registration Module Pages/Third Screen - Upload Supporting Doc- Preview/Preview Submit Button' is clicked on

2018-11-29 12:29:52 - [MESSAGE][PASSED] - Object: 'Object Repository/Final Object Repo/New Registration - Registration Module Pages/Third Screen - Upload Supporting Doc- Preview/Preview Submit Button' is clicked on

2018-11-29 12:29:52 - [TEST_STEP][PASSED] - delay: Delayed 2 second(s)

2018-11-29 12:29:54 - [MESSAGE][PASSED] - Delayed 2 second(s)

2018-11-29 12:29:54 - [TEST_STEP][PASSED] - click: Object: 'Object Repository/Final Object Repo/New Registration - Registration Module Pages/Third Screen - Upload Supporting Doc- Preview/Preview Submit - Confirm' is clicked on

2018-11-29 12:29:54 - [MESSAGE][PASSED] - Object: 'Object Repository/Final Object Repo/New Registration - Registration Module Pages/Third Screen - Upload Supporting Doc- Preview/Preview Submit - Confirm' is clicked on

2018-11-29 12:29:54 - [TEST_STEP][PASSED] - delay: Delayed 15 second(s)

2018-11-29 12:30:09 - [MESSAGE][PASSED] - Delayed 15 second(s)

2018-11-29 12:30:09 - [TEST_STEP][PASSED] - Statement - driver = com.kms.katalon.core.webui.driver.DriverFactory.getWebDriver(): null

2018-11-29 12:30:09 - [TEST_STEP][PASSED] - Statement - driver.manage().timeouts().implicitlyWait(10, SECONDS): null

2018-11-29 12:30:09 - [TEST_STEP][PASSED] - Statement - PresavePath = KatalonScreenshots: null

2018-11-29 12:30:09 - [TEST_STEP][PASSED] - Statement - pathPrefix = "C:\Users\Public\Pictures\Sample Pictures\Katalon Screenshots\Automate Ending Screen": null

2018-11-29 12:30:09 - [TEST_STEP][PASSED] - Statement - finalPath = <not implemented yet for class: org.codehaus.groovy.ast.expr.EmptyExpression>: null

2018-11-29 12:30:09 - [TEST_STEP][PASSED] - Statement - scrFile = driver.getScreenshotAs(FILE): null

2018-11-29 12:30:10 - [TEST_STEP][PASSED] - Statement - PreSaveFile = new java.io.File(PresavePath): null

2018-11-29 12:30:10 - [TEST_STEP][PASSED] - Statement - counter = 0: null

2018-11-29 12:30:10 - [TEST_STEP][PASSED] - Statement - If (PreSaveFile.exists()): null

2018-11-29 12:30:10 - [TEST_STEP][PASSED] - Statement - While (PreSaveFile.exists()): null

2018-11-29 12:30:10 - [TEST_STEP][PASSED] - Statement - counter = counter + 1: null

2018-11-29 12:30:10 - [TEST_STEP][PASSED] - Statement - PreSaveFile = new java.io.File(((pathPrefix + java.lang.Integer.toString(counter)) + .png)): null

2018-11-29 12:30:10 - [TEST_STEP][PASSED] - Statement - counter = counter + 1: null

2018-11-29 12:30:10 - [TEST_STEP][PASSED] - Statement - PreSaveFile = new java.io.File(((pathPrefix + java.lang.Integer.toString(counter)) + .png)): null

2018-11-29 12:30:10 - [TEST_STEP][PASSED] - Statement - counter = counter + 1: null

2018-11-29 12:30:10 - [TEST_STEP][PASSED] - Statement - PreSaveFile = new java.io.File(((pathPrefix + java.lang.Integer.toString(counter)) + .png)): null

2018-11-29 12:30:10 - [TEST_STEP][PASSED] - Statement - counter = counter + 1: null

2018-11-29 12:30:10 - [TEST_STEP][PASSED] - Statement - PreSaveFile = new java.io.File(((pathPrefix + java.lang.Integer.toString(counter)) + .png)): null

2018-11-29 12:30:10 - [TEST_STEP][PASSED] - Statement - counter = counter + 1: null

2018-11-29 12:30:10 - [TEST_STEP][PASSED] - Statement - PreSaveFile = new java.io.File(((pathPrefix + java.lang.Integer.toString(counter)) + .png)): null

2018-11-29 12:30:10 - [TEST_STEP][PASSED] - Statement - counter = counter + 1: null

2018-11-29 12:30:10 - [TEST_STEP][PASSED] - Statement - PreSaveFile = new java.io.File(((pathPrefix + java.lang.Integer.toString(counter)) + .png)): null

2018-11-29 12:30:10 - [TEST_STEP][PASSED] - Statement - counter = counter + 1: null

2018-11-29 12:30:10 - [TEST_STEP][PASSED] - Statement - PreSaveFile = new java.io.File(((pathPrefix + java.lang.Integer.toString(counter)) + .png)): null

2018-11-29 12:30:10 - [TEST_STEP][PASSED] - Statement - counter = counter + 1: null

2018-11-29 12:30:10 - [TEST_STEP][PASSED] - Statement - PreSaveFile = new java.io.File(((pathPrefix + java.lang.Integer.toString(counter)) + .png)): null

2018-11-29 12:30:10 - [TEST_STEP][PASSED] - Statement - counter = counter + 1: null

2018-11-29 12:30:10 - [TEST_STEP][PASSED] - Statement - PreSaveFile = new java.io.File(((pathPrefix + java.lang.Integer.toString(counter)) + .png)): null

2018-11-29 12:30:10 - [TEST_STEP][PASSED] - Statement - counter = counter + 1: null

2018-11-29 12:30:10 - [TEST_STEP][PASSED] - Statement - PreSaveFile = new java.io.File(((pathPrefix + java.lang.Integer.toString(counter)) + .png)): null

2018-11-29 12:30:10 - [TEST_STEP][PASSED] - Statement - counter = counter + 1: null

2018-11-29 12:30:10 - [TEST_STEP][PASSED] - Statement - PreSaveFile = new java.io.File(((pathPrefix + java.lang.Integer.toString(counter)) + .png)): null

2018-11-29 12:30:10 - [TEST_STEP][PASSED] - Statement - counter = counter + 1: null

2018-11-29 12:30:10 - [TEST_STEP][PASSED] - Statement - PreSaveFile = new java.io.File(((pathPrefix + java.lang.Integer.toString(counter)) + .png)): null

2018-11-29 12:30:10 - [TEST_STEP][PASSED] - Statement - counter = counter + 1: null

2018-11-29 12:30:10 - [TEST_STEP][PASSED] - Statement - PreSaveFile = new java.io.File(((pathPrefix + java.lang.Integer.toString(counter)) + .png)): null

2018-11-29 12:30:10 - [TEST_STEP][PASSED] - Statement - counter = counter + 1: null

2018-11-29 12:30:10 - [TEST_STEP][PASSED] - Statement - PreSaveFile = new java.io.File(((pathPrefix + java.lang.Integer.toString(counter)) + .png)): null

2018-11-29 12:30:10 - [TEST_STEP][PASSED] - Statement - counter = counter + 1: null

2018-11-29 12:30:10 - [TEST_STEP][PASSED] - Statement - PreSaveFile = new java.io.File(((pathPrefix + java.lang.Integer.toString(counter)) + .png)): null

2018-11-29 12:30:10 - [TEST_STEP][PASSED] - Statement - counter = counter + 1: null

2018-11-29 12:30:10 - [TEST_STEP][PASSED] - Statement - PreSaveFile = new java.io.File(((pathPrefix + java.lang.Integer.toString(counter)) + .png)): null

2018-11-29 12:30:10 - [TEST_STEP][PASSED] - Statement - counter = counter + 1: null

2018-11-29 12:30:10 - [TEST_STEP][PASSED] - Statement - PreSaveFile = new java.io.File(((pathPrefix + java.lang.Integer.toString(counter)) + .png)): null

2018-11-29 12:30:10 - [TEST_STEP][PASSED] - Statement - counter = counter + 1: null

2018-11-29 12:30:10 - [TEST_STEP][PASSED] - Statement - PreSaveFile = new java.io.File(((pathPrefix + java.lang.Integer.toString(counter)) + .png)): null

2018-11-29 12:30:10 - [TEST_STEP][PASSED] - Statement - counter = counter + 1: null

2018-11-29 12:30:10 - [TEST_STEP][PASSED] - Statement - PreSaveFile = new java.io.File(((pathPrefix + java.lang.Integer.toString(counter)) + .png)): null

2018-11-29 12:30:11 - [TEST_STEP][PASSED] - Statement - counter = counter + 1: null

2018-11-29 12:30:11 - [TEST_STEP][PASSED] - Statement - PreSaveFile = new java.io.File(((pathPrefix + java.lang.Integer.toString(counter)) + .png)): null

2018-11-29 12:30:11 - [TEST_STEP][PASSED] - Statement - counter = counter + 1: null

2018-11-29 12:30:11 - [TEST_STEP][PASSED] - Statement - PreSaveFile = new java.io.File(((pathPrefix + java.lang.Integer.toString(counter)) + .png)): null

2018-11-29 12:30:11 - [TEST_STEP][PASSED] - Statement - counter = counter + 1: null

2018-11-29 12:30:11 - [TEST_STEP][PASSED] - Statement - PreSaveFile = new java.io.File(((pathPrefix + java.lang.Integer.toString(counter)) + .png)): null

2018-11-29 12:30:11 - [TEST_STEP][PASSED] - Statement - counter = counter + 1: null

2018-11-29 12:30:11 - [TEST_STEP][PASSED] - Statement - PreSaveFile = new java.io.File(((pathPrefix + java.lang.Integer.toString(counter)) + .png)): null

2018-11-29 12:30:11 - [TEST_STEP][PASSED] - Statement - counter = counter + 1: null

2018-11-29 12:30:11 - [TEST_STEP][PASSED] - Statement - PreSaveFile = new java.io.File(((pathPrefix + java.lang.Integer.toString(counter)) + .png)): null

2018-11-29 12:30:11 - [TEST_STEP][PASSED] - Statement - counter = counter + 1: null

2018-11-29 12:30:11 - [TEST_STEP][PASSED] - Statement - PreSaveFile = new java.io.File(((pathPrefix + java.lang.Integer.toString(counter)) + .png)): null

2018-11-29 12:30:12 - [TEST_STEP][PASSED] - Statement - counter = counter + 1: null

2018-11-29 12:30:12 - [TEST_STEP][PASSED] - Statement - PreSaveFile = new java.io.File(((pathPrefix + java.lang.Integer.toString(counter)) + .png)): null

2018-11-29 12:30:12 - [TEST_STEP][PASSED] - Statement - counter = counter + 1: null

2018-11-29 12:30:12 - [TEST_STEP][PASSED] - Statement - PreSaveFile = new java.io.File(((pathPrefix + java.lang.Integer.toString(counter)) + .png)): null

2018-11-29 12:30:12 - [TEST_STEP][PASSED] - Statement - counter = counter + 1: null

2018-11-29 12:30:12 - [TEST_STEP][PASSED] - Statement - PreSaveFile = new java.io.File(((pathPrefix + java.lang.Integer.toString(counter)) + .png)): null

2018-11-29 12:30:12 - [TEST_STEP][PASSED] - Statement - counter = counter + 1: null

2018-11-29 12:30:12 - [TEST_STEP][PASSED] - Statement - PreSaveFile = new java.io.File(((pathPrefix + java.lang.Integer.toString(counter)) + .png)): null

2018-11-29 12:30:12 - [TEST_STEP][PASSED] - Statement - counter = counter + 1: null

2018-11-29 12:30:12 - [TEST_STEP][PASSED] - Statement - PreSaveFile = new java.io.File(((pathPrefix + java.lang.Integer.toString(counter)) + .png)): null

2018-11-29 12:30:12 - [TEST_STEP][PASSED] - Statement - counter = counter + 1: null

2018-11-29 12:30:12 - [TEST_STEP][PASSED] - Statement - PreSaveFile = new java.io.File(((pathPrefix + java.lang.Integer.toString(counter)) + .png)): null

2018-11-29 12:30:12 - [TEST_STEP][PASSED] - Statement - counter = counter + 1: null

2018-11-29 12:30:12 - [TEST_STEP][PASSED] - Statement - PreSaveFile = new java.io.File(((pathPrefix + java.lang.Integer.toString(counter)) + .png)): null

2018-11-29 12:30:12 - [TEST_STEP][PASSED] - Statement - counter = counter + 1: null

2018-11-29 12:30:12 - [TEST_STEP][PASSED] - Statement - PreSaveFile = new java.io.File(((pathPrefix + java.lang.Integer.toString(counter)) + .png)): null

2018-11-29 12:30:12 - [TEST_STEP][PASSED] - Statement - counter = counter + 1: null

2018-11-29 12:30:12 - [TEST_STEP][PASSED] - Statement - PreSaveFile = new java.io.File(((pathPrefix + java.lang.Integer.toString(counter)) + .png)): null

2018-11-29 12:30:12 - [TEST_STEP][PASSED] - Statement - counter = counter + 1: null

2018-11-29 12:30:13 - [TEST_STEP][PASSED] - Statement - PreSaveFile = new java.io.File(((pathPrefix + java.lang.Integer.toString(counter)) + .png)): null

2018-11-29 12:30:13 - [TEST_STEP][PASSED] - Statement - counter = counter + 1: null

2018-11-29 12:30:13 - [TEST_STEP][PASSED] - Statement - PreSaveFile = new java.io.File(((pathPrefix + java.lang.Integer.toString(counter)) + .png)): null

2018-11-29 12:30:13 - [TEST_STEP][PASSED] - Statement - counter = counter + 1: null

2018-11-29 12:30:13 - [TEST_STEP][PASSED] - Statement - PreSaveFile = new java.io.File(((pathPrefix + java.lang.Integer.toString(counter)) + .png)): null

2018-11-29 12:30:13 - [TEST_STEP][PASSED] - Statement - counter = counter + 1: null

2018-11-29 12:30:13 - [TEST_STEP][PASSED] - Statement - PreSaveFile = new java.io.File(((pathPrefix + java.lang.Integer.toString(counter)) + .png)): null

2018-11-29 12:30:13 - [TEST_STEP][PASSED] - Statement - counter = counter + 1: null

2018-11-29 12:30:13 - [TEST_STEP][PASSED] - Statement - PreSaveFile = new java.io.File(((pathPrefix + java.lang.Integer.toString(counter)) + .png)): null

2018-11-29 12:30:14 - [TEST_STEP][PASSED] - Statement - counter = counter + 1: null

2018-11-29 12:30:14 - [TEST_STEP][PASSED] - Statement - PreSaveFile = new java.io.File(((pathPrefix + java.lang.Integer.toString(counter)) + .png)): null

2018-11-29 12:30:14 - [TEST_STEP][PASSED] - Statement - counter = counter + 1: null

2018-11-29 12:30:14 - [TEST_STEP][PASSED] - Statement - PreSaveFile = new java.io.File(((pathPrefix + java.lang.Integer.toString(counter)) + .png)): null

2018-11-29 12:30:14 - [TEST_STEP][PASSED] - Statement - counter = counter + 1: null

2018-11-29 12:30:14 - [TEST_STEP][PASSED] - Statement - PreSaveFile = new java.io.File(((pathPrefix + java.lang.Integer.toString(counter)) + .png)): null

2018-11-29 12:30:14 - [TEST_STEP][PASSED] - Statement - counter = counter + 1: null

2018-11-29 12:30:14 - [TEST_STEP][PASSED] - Statement - PreSaveFile = new java.io.File(((pathPrefix + java.lang.Integer.toString(counter)) + .png)): null

2018-11-29 12:30:14 - [TEST_STEP][PASSED] - Statement - counter = counter + 1: null

2018-11-29 12:30:14 - [TEST_STEP][PASSED] - Statement - PreSaveFile = new java.io.File(((pathPrefix + java.lang.Integer.toString(counter)) + .png)): null

2018-11-29 12:30:15 - [TEST_STEP][PASSED] - Statement - counter = counter + 1: null

2018-11-29 12:30:15 - [TEST_STEP][PASSED] - Statement - PreSaveFile = new java.io.File(((pathPrefix + java.lang.Integer.toString(counter)) + .png)): null

2018-11-29 12:30:15 - [TEST_STEP][PASSED] - Statement - counter = counter + 1: null

2018-11-29 12:30:15 - [TEST_STEP][PASSED] - Statement - PreSaveFile = new java.io.File(((pathPrefix + java.lang.Integer.toString(counter)) + .png)): null

2018-11-29 12:30:15 - [TEST_STEP][PASSED] - Statement - counter = counter + 1: null

2018-11-29 12:30:15 - [TEST_STEP][PASSED] - Statement - PreSaveFile = new java.io.File(((pathPrefix + java.lang.Integer.toString(counter)) + .png)): null

2018-11-29 12:30:15 - [TEST_STEP][PASSED] - Statement - counter = counter + 1: null

2018-11-29 12:30:15 - [TEST_STEP][PASSED] - Statement - PreSaveFile = new java.io.File(((pathPrefix + java.lang.Integer.toString(counter)) + .png)): null

2018-11-29 12:30:15 - [TEST_STEP][PASSED] - Statement - counter = counter + 1: null

2018-11-29 12:30:15 - [TEST_STEP][PASSED] - Statement - PreSaveFile = new java.io.File(((pathPrefix + java.lang.Integer.toString(counter)) + .png)): null

2018-11-29 12:30:16 - [TEST_STEP][PASSED] - Statement - counter = counter + 1: null

2018-11-29 12:30:16 - [TEST_STEP][PASSED] - Statement - PreSaveFile = new java.io.File(((pathPrefix + java.lang.Integer.toString(counter)) + .png)): null

2018-11-29 12:30:16 - [TEST_STEP][PASSED] - Statement - counter = counter + 1: null

2018-11-29 12:30:16 - [TEST_STEP][PASSED] - Statement - PreSaveFile = new java.io.File(((pathPrefix + java.lang.Integer.toString(counter)) + .png)): null

2018-11-29 12:30:16 - [TEST_STEP][PASSED] - Statement - counter = counter + 1: null

2018-11-29 12:30:16 - [TEST_STEP][PASSED] - Statement - PreSaveFile = new java.io.File(((pathPrefix + java.lang.Integer.toString(counter)) + .png)): null

2018-11-29 12:30:16 - [TEST_STEP][PASSED] - Statement - counter = counter + 1: null

2018-11-29 12:30:16 - [TEST_STEP][PASSED] - Statement - PreSaveFile = new java.io.File(((pathPrefix + java.lang.Integer.toString(counter)) + .png)): null

2018-11-29 12:30:16 - [TEST_STEP][PASSED] - Statement - counter = counter + 1: null

2018-11-29 12:30:17 - [TEST_STEP][PASSED] - Statement - PreSaveFile = new java.io.File(((pathPrefix + java.lang.Integer.toString(counter)) + .png)): null

2018-11-29 12:30:17 - [TEST_STEP][PASSED] - Statement - counter = counter + 1: null

2018-11-29 12:30:17 - [TEST_STEP][PASSED] - Statement - PreSaveFile = new java.io.File(((pathPrefix + java.lang.Integer.toString(counter)) + .png)): null

2018-11-29 12:30:17 - [TEST_STEP][PASSED] - Statement - counter = counter + 1: null

2018-11-29 12:30:17 - [TEST_STEP][PASSED] - Statement - PreSaveFile = new java.io.File(((pathPrefix + java.lang.Integer.toString(counter)) + .png)): null

2018-11-29 12:30:17 - [TEST_STEP][PASSED] - Statement - counter = counter + 1: null

2018-11-29 12:30:17 - [TEST_STEP][PASSED] - Statement - PreSaveFile = new java.io.File(((pathPrefix + java.lang.Integer.toString(counter)) + .png)): null

2018-11-29 12:30:17 - [TEST_STEP][PASSED] - Statement - counter = counter + 1: null

2018-11-29 12:30:17 - [TEST_STEP][PASSED] - Statement - PreSaveFile = new java.io.File(((pathPrefix + java.lang.Integer.toString(counter)) + .png)): null

2018-11-29 12:30:17 - [TEST_STEP][PASSED] - Statement - counter = counter + 1: null

2018-11-29 12:30:18 - [TEST_STEP][PASSED] - Statement - PreSaveFile = new java.io.File(((pathPrefix + java.lang.Integer.toString(counter)) + .png)): null

2018-11-29 12:30:18 - [TEST_STEP][PASSED] - Statement - counter = counter + 1: null

2018-11-29 12:30:18 - [TEST_STEP][PASSED] - Statement - PreSaveFile = new java.io.File(((pathPrefix + java.lang.Integer.toString(counter)) + .png)): null

2018-11-29 12:30:18 - [TEST_STEP][PASSED] - Statement - counter = counter + 1: null

2018-11-29 12:30:18 - [TEST_STEP][PASSED] - Statement - PreSaveFile = new java.io.File(((pathPrefix + java.lang.Integer.toString(counter)) + .png)): null

2018-11-29 12:30:18 - [TEST_STEP][PASSED] - Statement - counter = counter + 1: null

2018-11-29 12:30:18 - [TEST_STEP][PASSED] - Statement - PreSaveFile = new java.io.File(((pathPrefix + java.lang.Integer.toString(counter)) + .png)): null

2018-11-29 12:30:18 - [TEST_STEP][PASSED] - Statement - counter = counter + 1: null

2018-11-29 12:30:18 - [TEST_STEP][PASSED] - Statement - PreSaveFile = new java.io.File(((pathPrefix + java.lang.Integer.toString(counter)) + .png)): null

2018-11-29 12:30:19 - [TEST_STEP][PASSED] - Statement - counter = counter + 1: null

2018-11-29 12:30:19 - [TEST_STEP][PASSED] - Statement - PreSaveFile = new java.io.File(((pathPrefix + java.lang.Integer.toString(counter)) + .png)): null

2018-11-29 12:30:19 - [TEST_STEP][PASSED] - Statement - counter = counter + 1: null

2018-11-29 12:30:19 - [TEST_STEP][PASSED] - Statement - PreSaveFile = new java.io.File(((pathPrefix + java.lang.Integer.toString(counter)) + .png)): null

2018-11-29 12:30:19 - [TEST_STEP][PASSED] - Statement - counter = counter + 1: null

2018-11-29 12:30:19 - [TEST_STEP][PASSED] - Statement - PreSaveFile = new java.io.File(((pathPrefix + java.lang.Integer.toString(counter)) + .png)): null

2018-11-29 12:30:19 - [TEST_STEP][PASSED] - Statement - counter = counter + 1: null

2018-11-29 12:30:19 - [TEST_STEP][PASSED] - Statement - PreSaveFile = new java.io.File(((pathPrefix + java.lang.Integer.toString(counter)) + .png)): null

2018-11-29 12:30:19 - [TEST_STEP][PASSED] - Statement - counter = counter + 1: null

2018-11-29 12:30:19 - [TEST_STEP][PASSED] - Statement - PreSaveFile = new java.io.File(((pathPrefix + java.lang.Integer.toString(counter)) + .png)): null

2018-11-29 12:30:20 - [TEST_STEP][PASSED] - Statement - counter = counter + 1: null

2018-11-29 12:30:20 - [TEST_STEP][PASSED] - Statement - PreSaveFile = new java.io.File(((pathPrefix + java.lang.Integer.toString(counter)) + .png)): null

2018-11-29 12:30:20 - [TEST_STEP][PASSED] - Statement - counter = counter + 1: null

2018-11-29 12:30:20 - [TEST_STEP][PASSED] - Statement - PreSaveFile = new java.io.File(((pathPrefix + java.lang.Integer.toString(counter)) + .png)): null

2018-11-29 12:30:20 - [TEST_STEP][PASSED] - Statement - counter = counter + 1: null

2018-11-29 12:30:20 - [TEST_STEP][PASSED] - Statement - PreSaveFile = new java.io.File(((pathPrefix + java.lang.Integer.toString(counter)) + .png)): null

2018-11-29 12:30:20 - [TEST_STEP][PASSED] - Statement - counter = counter + 1: null

2018-11-29 12:30:20 - [TEST_STEP][PASSED] - Statement - PreSaveFile = new java.io.File(((pathPrefix + java.lang.Integer.toString(counter)) + .png)): null

2018-11-29 12:30:20 - [TEST_STEP][PASSED] - Statement - counter = counter + 1: null

2018-11-29 12:30:20 - [TEST_STEP][PASSED] - Statement - PreSaveFile = new java.io.File(((pathPrefix + java.lang.Integer.toString(counter)) + .png)): null

2018-11-29 12:30:22 - [TEST_STEP][PASSED] - Statement - counter = counter + 1: null

2018-11-29 12:30:22 - [TEST_STEP][PASSED] - Statement - PreSaveFile = new java.io.File(((pathPrefix + java.lang.Integer.toString(counter)) + .png)): null

2018-11-29 12:30:22 - [TEST_STEP][PASSED] - Statement - counter = counter + 1: null

2018-11-29 12:30:22 - [TEST_STEP][PASSED] - Statement - PreSaveFile = new java.io.File(((pathPrefix + java.lang.Integer.toString(counter)) + .png)): null

2018-11-29 12:30:22 - [TEST_STEP][PASSED] - Statement - counter = counter + 1: null

2018-11-29 12:30:22 - [TEST_STEP][PASSED] - Statement - PreSaveFile = new java.io.File(((pathPrefix + java.lang.Integer.toString(counter)) + .png)): null

2018-11-29 12:30:22 - [TEST_STEP][PASSED] - Statement - counter = counter + 1: null

2018-11-29 12:30:22 - [TEST_STEP][PASSED] - Statement - PreSaveFile = new java.io.File(((pathPrefix + java.lang.Integer.toString(counter)) + .png)): null

2018-11-29 12:30:22 - [TEST_STEP][PASSED] - Statement - counter = counter + 1: null

2018-11-29 12:30:23 - [TEST_STEP][PASSED] - Statement - PreSaveFile = new java.io.File(((pathPrefix + java.lang.Integer.toString(counter)) + .png)): null

2018-11-29 12:30:23 - [TEST_STEP][PASSED] - Statement - counter = counter + 1: null

2018-11-29 12:30:23 - [TEST_STEP][PASSED] - Statement - PreSaveFile = new java.io.File(((pathPrefix + java.lang.Integer.toString(counter)) + .png)): null

2018-11-29 12:30:23 - [TEST_STEP][PASSED] - Statement - counter = counter + 1: null

2018-11-29 12:30:23 - [TEST_STEP][PASSED] - Statement - PreSaveFile = new java.io.File(((pathPrefix + java.lang.Integer.toString(counter)) + .png)): null

2018-11-29 12:30:23 - [TEST_STEP][PASSED] - Statement - counter = counter + 1: null

2018-11-29 12:30:23 - [TEST_STEP][PASSED] - Statement - PreSaveFile = new java.io.File(((pathPrefix + java.lang.Integer.toString(counter)) + .png)): null

2018-11-29 12:30:23 - [TEST_STEP][PASSED] - Statement - counter = counter + 1: null

2018-11-29 12:30:23 - [TEST_STEP][PASSED] - Statement - PreSaveFile = new java.io.File(((pathPrefix + java.lang.Integer.toString(counter)) + .png)): null

2018-11-29 12:30:23 - [TEST_STEP][PASSED] - Statement - counter = counter + 1: null

2018-11-29 12:30:24 - [TEST_STEP][PASSED] - Statement - PreSaveFile = new java.io.File(((pathPrefix + java.lang.Integer.toString(counter)) + .png)): null

2018-11-29 12:30:24 - [TEST_STEP][PASSED] - Statement - counter = counter + 1: null

2018-11-29 12:30:24 - [TEST_STEP][PASSED] - Statement - PreSaveFile = new java.io.File(((pathPrefix + java.lang.Integer.toString(counter)) + .png)): null

2018-11-29 12:30:24 - [TEST_STEP][PASSED] - Statement - counter = counter + 1: null

2018-11-29 12:30:24 - [TEST_STEP][PASSED] - Statement - PreSaveFile = new java.io.File(((pathPrefix + java.lang.Integer.toString(counter)) + .png)): null

2018-11-29 12:30:24 - [TEST_STEP][PASSED] - Statement - counter = counter + 1: null

2018-11-29 12:30:24 - [TEST_STEP][PASSED] - Statement - PreSaveFile = new java.io.File(((pathPrefix + java.lang.Integer.toString(counter)) + .png)): null

2018-11-29 12:30:24 - [TEST_STEP][PASSED] - Statement - counter = counter + 1: null

2018-11-29 12:30:24 - [TEST_STEP][PASSED] - Statement - PreSaveFile = new java.io.File(((pathPrefix + java.lang.Integer.toString(counter)) + .png)): null

2018-11-29 12:30:25 - [TEST_STEP][PASSED] - Statement - counter = counter + 1: null

2018-11-29 12:30:25 - [TEST_STEP][PASSED] - Statement - PreSaveFile = new java.io.File(((pathPrefix + java.lang.Integer.toString(counter)) + .png)): null

2018-11-29 12:30:25 - [TEST_STEP][PASSED] - Statement - counter = counter + 1: null

2018-11-29 12:30:25 - [TEST_STEP][PASSED] - Statement - PreSaveFile = new java.io.File(((pathPrefix + java.lang.Integer.toString(counter)) + .png)): null

2018-11-29 12:30:25 - [TEST_STEP][PASSED] - Statement - counter = counter + 1: null

2018-11-29 12:30:25 - [TEST_STEP][PASSED] - Statement - PreSaveFile = new java.io.File(((pathPrefix + java.lang.Integer.toString(counter)) + .png)): null

2018-11-29 12:30:25 - [TEST_STEP][PASSED] - Statement - counter = counter + 1: null

2018-11-29 12:30:25 - [TEST_STEP][PASSED] - Statement - PreSaveFile = new java.io.File(((pathPrefix + java.lang.Integer.toString(counter)) + .png)): null

2018-11-29 12:30:25 - [TEST_STEP][PASSED] - Statement - counter = counter + 1: null

2018-11-29 12:30:25 - [TEST_STEP][PASSED] - Statement - PreSaveFile = new java.io.File(((pathPrefix + java.lang.Integer.toString(counter)) + .png)): null

2018-11-29 12:30:27 - [TEST_STEP][PASSED] - Statement - counter = counter + 1: null

2018-11-29 12:30:27 - [TEST_STEP][PASSED] - Statement - PreSaveFile = new java.io.File(((pathPrefix + java.lang.Integer.toString(counter)) + .png)): null

2018-11-29 12:30:27 - [TEST_STEP][PASSED] - Statement - counter = counter + 1: null

2018-11-29 12:30:27 - [TEST_STEP][PASSED] - Statement - PreSaveFile = new java.io.File(((pathPrefix + java.lang.Integer.toString(counter)) + .png)): null

2018-11-29 12:30:27 - [TEST_STEP][PASSED] - Statement - counter = counter + 1: null

2018-11-29 12:30:27 - [TEST_STEP][PASSED] - Statement - PreSaveFile = new java.io.File(((pathPrefix + java.lang.Integer.toString(counter)) + .png)): null

2018-11-29 12:30:27 - [TEST_STEP][PASSED] - Statement - counter = counter + 1: null

2018-11-29 12:30:27 - [TEST_STEP][PASSED] - Statement - PreSaveFile = new java.io.File(((pathPrefix + java.lang.Integer.toString(counter)) + .png)): null

2018-11-29 12:30:27 - [TEST_STEP][PASSED] - Statement - counter = counter + 1: null

2018-11-29 12:30:27 - [TEST_STEP][PASSED] - Statement - PreSaveFile = new java.io.File(((pathPrefix + java.lang.Integer.toString(counter)) + .png)): null

2018-11-29 12:30:28 - [TEST_STEP][PASSED] - Statement - counter = counter + 1: null

2018-11-29 12:30:28 - [TEST_STEP][PASSED] - Statement - PreSaveFile = new java.io.File(((pathPrefix + java.lang.Integer.toString(counter)) + .png)): null

2018-11-29 12:30:28 - [TEST_STEP][PASSED] - Statement - counter = counter + 1: null

2018-11-29 12:30:28 - [TEST_STEP][PASSED] - Statement - PreSaveFile = new java.io.File(((pathPrefix + java.lang.Integer.toString(counter)) + .png)): null

2018-11-29 12:30:28 - [TEST_STEP][PASSED] - Statement - counter = counter + 1: null

2018-11-29 12:30:28 - [TEST_STEP][PASSED] - Statement - PreSaveFile = new java.io.File(((pathPrefix + java.lang.Integer.toString(counter)) + .png)): null

2018-11-29 12:30:28 - [TEST_STEP][PASSED] - Statement - counter = counter + 1: null

2018-11-29 12:30:28 - [TEST_STEP][PASSED] - Statement - PreSaveFile = new java.io.File(((pathPrefix + java.lang.Integer.toString(counter)) + .png)): null

2018-11-29 12:30:28 - [TEST_STEP][PASSED] - Statement - counter = counter + 1: null

2018-11-29 12:30:29 - [TEST_STEP][PASSED] - Statement - PreSaveFile = new java.io.File(((pathPrefix + java.lang.Integer.toString(counter)) + .png)): null

2018-11-29 12:30:29 - [TEST_STEP][PASSED] - Statement - counter = counter + 1: null

2018-11-29 12:30:29 - [TEST_STEP][PASSED] - Statement - PreSaveFile = new java.io.File(((pathPrefix + java.lang.Integer.toString(counter)) + .png)): null

2018-11-29 12:30:29 - [TEST_STEP][PASSED] - Statement - counter = counter + 1: null

2018-11-29 12:30:29 - [TEST_STEP][PASSED] - Statement - PreSaveFile = new java.io.File(((pathPrefix + java.lang.Integer.toString(counter)) + .png)): null

2018-11-29 12:30:29 - [TEST_STEP][PASSED] - Statement - counter = counter + 1: null

2018-11-29 12:30:29 - [TEST_STEP][PASSED] - Statement - PreSaveFile = new java.io.File(((pathPrefix + java.lang.Integer.toString(counter)) + .png)): null

2018-11-29 12:30:29 - [TEST_STEP][PASSED] - Statement - counter = counter + 1: null

2018-11-29 12:30:29 - [TEST_STEP][PASSED] - Statement - PreSaveFile = new java.io.File(((pathPrefix + java.lang.Integer.toString(counter)) + .png)): null

2018-11-29 12:30:29 - [TEST_STEP][PASSED] - Statement - counter = counter + 1: null

2018-11-29 12:30:31 - [TEST_STEP][PASSED] - Statement - PreSaveFile = new java.io.File(((pathPrefix + java.lang.Integer.toString(counter)) + .png)): null

2018-11-29 12:30:31 - [TEST_STEP][PASSED] - Statement - counter = counter + 1: null

2018-11-29 12:30:31 - [TEST_STEP][PASSED] - Statement - PreSaveFile = new java.io.File(((pathPrefix + java.lang.Integer.toString(counter)) + .png)): null

2018-11-29 12:30:31 - [TEST_STEP][PASSED] - Statement - counter = counter + 1: null

2018-11-29 12:30:31 - [TEST_STEP][PASSED] - Statement - PreSaveFile = new java.io.File(((pathPrefix + java.lang.Integer.toString(counter)) + .png)): null

2018-11-29 12:30:31 - [TEST_STEP][PASSED] - Statement - counter = counter + 1: null

2018-11-29 12:30:31 - [TEST_STEP][PASSED] - Statement - PreSaveFile = new java.io.File(((pathPrefix + java.lang.Integer.toString(counter)) + .png)): null

2018-11-29 12:30:31 - [TEST_STEP][PASSED] - Statement - counter = counter + 1: null

2018-11-29 12:30:31 - [TEST_STEP][PASSED] - Statement - PreSaveFile = new java.io.File(((pathPrefix + java.lang.Integer.toString(counter)) + .png)): null

2018-11-29 12:30:32 - [TEST_STEP][PASSED] - Statement - counter = counter + 1: null

2018-11-29 12:30:32 - [TEST_STEP][PASSED] - Statement - PreSaveFile = new java.io.File(((pathPrefix + java.lang.Integer.toString(counter)) + .png)): null

2018-11-29 12:30:32 - [TEST_STEP][PASSED] - Statement - counter = counter + 1: null

2018-11-29 12:30:32 - [TEST_STEP][PASSED] - Statement - PreSaveFile = new java.io.File(((pathPrefix + java.lang.Integer.toString(counter)) + .png)): null

2018-11-29 12:30:32 - [TEST_STEP][PASSED] - Statement - counter = counter + 1: null

2018-11-29 12:30:32 - [TEST_STEP][PASSED] - Statement - PreSaveFile = new java.io.File(((pathPrefix + java.lang.Integer.toString(counter)) + .png)): null

2018-11-29 12:30:32 - [TEST_STEP][PASSED] - Statement - counter = counter + 1: null

2018-11-29 12:30:32 - [TEST_STEP][PASSED] - Statement - PreSaveFile = new java.io.File(((pathPrefix + java.lang.Integer.toString(counter)) + .png)): null

2018-11-29 12:30:32 - [TEST_STEP][PASSED] - Statement - counter = counter + 1: null

2018-11-29 12:30:32 - [TEST_STEP][PASSED] - Statement - PreSaveFile = new java.io.File(((pathPrefix + java.lang.Integer.toString(counter)) + .png)): null

2018-11-29 12:30:34 - [TEST_STEP][PASSED] - Statement - counter = counter + 1: null

2018-11-29 12:30:34 - [TEST_STEP][PASSED] - Statement - PreSaveFile = new java.io.File(((pathPrefix + java.lang.Integer.toString(counter)) + .png)): null

2018-11-29 12:30:34 - [TEST_STEP][PASSED] - Statement - counter = counter + 1: null

2018-11-29 12:30:34 - [TEST_STEP][PASSED] - Statement - PreSaveFile = new java.io.File(((pathPrefix + java.lang.Integer.toString(counter)) + .png)): null

2018-11-29 12:30:34 - [TEST_STEP][PASSED] - Statement - counter = counter + 1: null

2018-11-29 12:30:34 - [TEST_STEP][PASSED] - Statement - PreSaveFile = new java.io.File(((pathPrefix + java.lang.Integer.toString(counter)) + .png)): null

2018-11-29 12:30:34 - [TEST_STEP][PASSED] - Statement - counter = counter + 1: null

2018-11-29 12:30:34 - [TEST_STEP][PASSED] - Statement - PreSaveFile = new java.io.File(((pathPrefix + java.lang.Integer.toString(counter)) + .png)): null

2018-11-29 12:30:34 - [TEST_STEP][PASSED] - Statement - counter = counter + 1: null

2018-11-29 12:30:34 - [TEST_STEP][PASSED] - Statement - PreSaveFile = new java.io.File(((pathPrefix + java.lang.Integer.toString(counter)) + .png)): null

2018-11-29 12:30:36 - [TEST_STEP][PASSED] - Statement - counter = counter + 1: null

2018-11-29 12:30:36 - [TEST_STEP][PASSED] - Statement - PreSaveFile = new java.io.File(((pathPrefix + java.lang.Integer.toString(counter)) + .png)): null

2018-11-29 12:30:36 - [TEST_STEP][PASSED] - Statement - counter = counter + 1: null

2018-11-29 12:30:36 - [TEST_STEP][PASSED] - Statement - PreSaveFile = new java.io.File(((pathPrefix + java.lang.Integer.toString(counter)) + .png)): null

2018-11-29 12:30:36 - [TEST_STEP][PASSED] - Statement - counter = counter + 1: null

2018-11-29 12:30:36 - [TEST_STEP][PASSED] - Statement - PreSaveFile = new java.io.File(((pathPrefix + java.lang.Integer.toString(counter)) + .png)): null

2018-11-29 12:30:36 - [TEST_STEP][PASSED] - Statement - counter = counter + 1: null

2018-11-29 12:30:36 - [TEST_STEP][PASSED] - Statement - PreSaveFile = new java.io.File(((pathPrefix + java.lang.Integer.toString(counter)) + .png)): null

2018-11-29 12:30:36 - [TEST_STEP][PASSED] - Statement - counter = counter + 1: null

2018-11-29 12:30:37 - [TEST_STEP][PASSED] - Statement - PreSaveFile = new java.io.File(((pathPrefix + java.lang.Integer.toString(counter)) + .png)): null

2018-11-29 12:30:37 - [TEST_STEP][PASSED] - Statement - counter = counter + 1: null

2018-11-29 12:30:37 - [TEST_STEP][PASSED] - Statement - PreSaveFile = new java.io.File(((pathPrefix + java.lang.Integer.toString(counter)) + .png)): null

2018-11-29 12:30:37 - [TEST_STEP][PASSED] - Statement - counter = counter + 1: null

2018-11-29 12:30:37 - [TEST_STEP][PASSED] - Statement - PreSaveFile = new java.io.File(((pathPrefix + java.lang.Integer.toString(counter)) + .png)): null

2018-11-29 12:30:37 - [TEST_STEP][PASSED] - Statement - counter = counter + 1: null

2018-11-29 12:30:37 - [TEST_STEP][PASSED] - Statement - PreSaveFile = new java.io.File(((pathPrefix + java.lang.Integer.toString(counter)) + .png)): null

2018-11-29 12:30:37 - [TEST_STEP][PASSED] - Statement - counter = counter + 1: null

2018-11-29 12:30:37 - [TEST_STEP][PASSED] - Statement - PreSaveFile = new java.io.File(((pathPrefix + java.lang.Integer.toString(counter)) + .png)): null

2018-11-29 12:30:37 - [TEST_STEP][PASSED] - Statement - counter = counter + 1: null

2018-11-29 12:30:39 - [TEST_STEP][PASSED] - Statement - PreSaveFile = new java.io.File(((pathPrefix + java.lang.Integer.toString(counter)) + .png)): null

2018-11-29 12:30:39 - [TEST_STEP][PASSED] - Statement - counter = counter + 1: null

2018-11-29 12:30:39 - [TEST_STEP][PASSED] - Statement - PreSaveFile = new java.io.File(((pathPrefix + java.lang.Integer.toString(counter)) + .png)): null

2018-11-29 12:30:39 - [TEST_STEP][PASSED] - Statement - counter = counter + 1: null

2018-11-29 12:30:39 - [TEST_STEP][PASSED] - Statement - PreSaveFile = new java.io.File(((pathPrefix + java.lang.Integer.toString(counter)) + .png)): null

2018-11-29 12:30:39 - [TEST_STEP][PASSED] - Statement - counter = counter + 1: null

2018-11-29 12:30:39 - [TEST_STEP][PASSED] - Statement - PreSaveFile = new java.io.File(((pathPrefix + java.lang.Integer.toString(counter)) + .png)): null

2018-11-29 12:30:39 - [TEST_STEP][PASSED] - Statement - counter = counter + 1: null

2018-11-29 12:30:39 - [TEST_STEP][PASSED] - Statement - PreSaveFile = new java.io.File(((pathPrefix + java.lang.Integer.toString(counter)) + .png)): null

2018-11-29 12:30:40 - [TEST_STEP][PASSED] - Statement - counter = counter + 1: null

2018-11-29 12:30:40 - [TEST_STEP][PASSED] - Statement - PreSaveFile = new java.io.File(((pathPrefix + java.lang.Integer.toString(counter)) + .png)): null

2018-11-29 12:30:40 - [TEST_STEP][PASSED] - Statement - counter = counter + 1: null

2018-11-29 12:30:40 - [TEST_STEP][PASSED] - Statement - PreSaveFile = new java.io.File(((pathPrefix + java.lang.Integer.toString(counter)) + .png)): null

2018-11-29 12:30:40 - [TEST_STEP][PASSED] - Statement - counter = counter + 1: null

2018-11-29 12:30:40 - [TEST_STEP][PASSED] - Statement - PreSaveFile = new java.io.File(((pathPrefix + java.lang.Integer.toString(counter)) + .png)): null

2018-11-29 12:30:40 - [TEST_STEP][PASSED] - Statement - counter = counter + 1: null

2018-11-29 12:30:40 - [TEST_STEP][PASSED] - Statement - PreSaveFile = new java.io.File(((pathPrefix + java.lang.Integer.toString(counter)) + .png)): null

2018-11-29 12:30:40 - [TEST_STEP][PASSED] - Statement - counter = counter + 1: null

2018-11-29 12:30:40 - [TEST_STEP][PASSED] - Statement - PreSaveFile = new java.io.File(((pathPrefix + java.lang.Integer.toString(counter)) + .png)): null

2018-11-29 12:30:42 - [TEST_STEP][PASSED] - Statement - counter = counter + 1: null

2018-11-29 12:30:42 - [TEST_STEP][PASSED] - Statement - PreSaveFile = new java.io.File(((pathPrefix + java.lang.Integer.toString(counter)) + .png)): null

2018-11-29 12:30:42 - [TEST_STEP][PASSED] - Statement - counter = counter + 1: null

2018-11-29 12:30:42 - [TEST_STEP][PASSED] - Statement - PreSaveFile = new java.io.File(((pathPrefix + java.lang.Integer.toString(counter)) + .png)): null

2018-11-29 12:30:42 - [TEST_STEP][PASSED] - Statement - counter = counter + 1: null

2018-11-29 12:30:42 - [TEST_STEP][PASSED] - Statement - PreSaveFile = new java.io.File(((pathPrefix + java.lang.Integer.toString(counter)) + .png)): null

2018-11-29 12:30:42 - [TEST_STEP][PASSED] - Statement - counter = counter + 1: null

2018-11-29 12:30:42 - [TEST_STEP][PASSED] - Statement - PreSaveFile = new java.io.File(((pathPrefix + java.lang.Integer.toString(counter)) + .png)): null

2018-11-29 12:30:42 - [TEST_STEP][PASSED] - Statement - counter = counter + 1: null

2018-11-29 12:30:42 - [TEST_STEP][PASSED] - Statement - PreSaveFile = new java.io.File(((pathPrefix + java.lang.Integer.toString(counter)) + .png)): null

2018-11-29 12:30:44 - [TEST_STEP][PASSED] - Statement - counter = counter + 1: null

2018-11-29 12:30:44 - [TEST_STEP][PASSED] - Statement - PreSaveFile = new java.io.File(((pathPrefix + java.lang.Integer.toString(counter)) + .png)): null

2018-11-29 12:30:44 - [TEST_STEP][PASSED] - Statement - counter = counter + 1: null

2018-11-29 12:30:44 - [TEST_STEP][PASSED] - Statement - PreSaveFile = new java.io.File(((pathPrefix + java.lang.Integer.toString(counter)) + .png)): null

2018-11-29 12:30:44 - [TEST_STEP][PASSED] - Statement - counter = counter + 1: null

2018-11-29 12:30:44 - [TEST_STEP][PASSED] - Statement - PreSaveFile = new java.io.File(((pathPrefix + java.lang.Integer.toString(counter)) + .png)): null

2018-11-29 12:30:44 - [TEST_STEP][PASSED] - Statement - counter = counter + 1: null

2018-11-29 12:30:44 - [TEST_STEP][PASSED] - Statement - PreSaveFile = new java.io.File(((pathPrefix + java.lang.Integer.toString(counter)) + .png)): null

2018-11-29 12:30:44 - [TEST_STEP][PASSED] - Statement - counter = counter + 1: null

2018-11-29 12:30:46 - [TEST_STEP][PASSED] - Statement - PreSaveFile = new java.io.File(((pathPrefix + java.lang.Integer.toString(counter)) + .png)): null

2018-11-29 12:30:46 - [TEST_STEP][PASSED] - Statement - counter = counter + 1: null

2018-11-29 12:30:46 - [TEST_STEP][PASSED] - Statement - PreSaveFile = new java.io.File(((pathPrefix + java.lang.Integer.toString(counter)) + .png)): null

2018-11-29 12:30:46 - [TEST_STEP][PASSED] - Statement - counter = counter + 1: null

2018-11-29 12:30:46 - [TEST_STEP][PASSED] - Statement - PreSaveFile = new java.io.File(((pathPrefix + java.lang.Integer.toString(counter)) + .png)): null

2018-11-29 12:30:46 - [TEST_STEP][PASSED] - Statement - counter = counter + 1: null

2018-11-29 12:30:46 - [TEST_STEP][PASSED] - Statement - PreSaveFile = new java.io.File(((pathPrefix + java.lang.Integer.toString(counter)) + .png)): null

2018-11-29 12:30:46 - [TEST_STEP][PASSED] - Statement - counter = counter + 1: null

2018-11-29 12:30:46 - [TEST_STEP][PASSED] - Statement - PreSaveFile = new java.io.File(((pathPrefix + java.lang.Integer.toString(counter)) + .png)): null

2018-11-29 12:30:46 - [TEST_STEP][PASSED] - Statement - counter = counter + 1: null

2018-11-29 12:30:48 - [TEST_STEP][PASSED] - Statement - PreSaveFile = new java.io.File(((pathPrefix + java.lang.Integer.toString(counter)) + .png)): null

2018-11-29 12:30:48 - [TEST_STEP][PASSED] - Statement - counter = counter + 1: null

2018-11-29 12:30:48 - [TEST_STEP][PASSED] - Statement - PreSaveFile = new java.io.File(((pathPrefix + java.lang.Integer.toString(counter)) + .png)): null

2018-11-29 12:30:48 - [TEST_STEP][PASSED] - Statement - counter = counter + 1: null

2018-11-29 12:30:48 - [TEST_STEP][PASSED] - Statement - PreSaveFile = new java.io.File(((pathPrefix + java.lang.Integer.toString(counter)) + .png)): null

2018-11-29 12:30:48 - [TEST_STEP][PASSED] - Statement - counter = counter + 1: null

2018-11-29 12:30:48 - [TEST_STEP][PASSED] - Statement - PreSaveFile = new java.io.File(((pathPrefix + java.lang.Integer.toString(counter)) + .png)): null

2018-11-29 12:30:48 - [TEST_STEP][PASSED] - Statement - counter = counter + 1: null

2018-11-29 12:30:48 - [TEST_STEP][PASSED] - Statement - PreSaveFile = new java.io.File(((pathPrefix + java.lang.Integer.toString(counter)) + .png)): null

2018-11-29 12:30:50 - [TEST_STEP][PASSED] - Statement - counter = counter + 1: null

2018-11-29 12:30:50 - [TEST_STEP][PASSED] - Statement - PreSaveFile = new java.io.File(((pathPrefix + java.lang.Integer.toString(counter)) + .png)): null

2018-11-29 12:30:50 - [TEST_STEP][PASSED] - Statement - counter = counter + 1: null

2018-11-29 12:30:50 - [TEST_STEP][PASSED] - Statement - PreSaveFile = new java.io.File(((pathPrefix + java.lang.Integer.toString(counter)) + .png)): null

2018-11-29 12:30:50 - [TEST_STEP][PASSED] - Statement - counter = counter + 1: null

2018-11-29 12:30:50 - [TEST_STEP][PASSED] - Statement - PreSaveFile = new java.io.File(((pathPrefix + java.lang.Integer.toString(counter)) + .png)): null

2018-11-29 12:30:50 - [TEST_STEP][PASSED] - Statement - counter = counter + 1: null

2018-11-29 12:30:50 - [TEST_STEP][PASSED] - Statement - PreSaveFile = new java.io.File(((pathPrefix + java.lang.Integer.toString(counter)) + .png)): null

2018-11-29 12:30:50 - [TEST_STEP][PASSED] - Statement - counter = counter + 1: null

2018-11-29 12:30:50 - [TEST_STEP][PASSED] - Statement - PreSaveFile = new java.io.File(((pathPrefix + java.lang.Integer.toString(counter)) + .png)): null

2018-11-29 12:30:51 - [TEST_STEP][PASSED] - Statement - counter = counter + 1: null

2018-11-29 12:30:51 - [TEST_STEP][PASSED] - Statement - PreSaveFile = new java.io.File(((pathPrefix + java.lang.Integer.toString(counter)) + .png)): null

2018-11-29 12:30:51 - [TEST_STEP][PASSED] - Statement - counter = counter + 1: null

2018-11-29 12:30:51 - [TEST_STEP][PASSED] - Statement - PreSaveFile = new java.io.File(((pathPrefix + java.lang.Integer.toString(counter)) + .png)): null

2018-11-29 12:30:51 - [TEST_STEP][PASSED] - Statement - counter = counter + 1: null

2018-11-29 12:30:51 - [TEST_STEP][PASSED] - Statement - PreSaveFile = new java.io.File(((pathPrefix + java.lang.Integer.toString(counter)) + .png)): null

2018-11-29 12:30:51 - [TEST_STEP][PASSED] - Statement - counter = counter + 1: null

2018-11-29 12:30:51 - [TEST_STEP][PASSED] - Statement - PreSaveFile = new java.io.File(((pathPrefix + java.lang.Integer.toString(counter)) + .png)): null

2018-11-29 12:30:51 - [TEST_STEP][PASSED] - Statement - counter = counter + 1: null

2018-11-29 12:30:51 - [TEST_STEP][PASSED] - Statement - PreSaveFile = new java.io.File(((pathPrefix + java.lang.Integer.toString(counter)) + .png)): null

2018-11-29 12:30:54 - [TEST_STEP][PASSED] - Statement - counter = counter + 1: null

2018-11-29 12:30:54 - [TEST_STEP][PASSED] - Statement - PreSaveFile = new java.io.File(((pathPrefix + java.lang.Integer.toString(counter)) + .png)): null

2018-11-29 12:30:54 - [TEST_STEP][PASSED] - Statement - counter = counter + 1: null

2018-11-29 12:30:54 - [TEST_STEP][PASSED] - Statement - PreSaveFile = new java.io.File(((pathPrefix + java.lang.Integer.toString(counter)) + .png)): null

2018-11-29 12:30:54 - [TEST_STEP][PASSED] - Statement - counter = counter + 1: null

2018-11-29 12:30:54 - [TEST_STEP][PASSED] - Statement - PreSaveFile = new java.io.File(((pathPrefix + java.lang.Integer.toString(counter)) + .png)): null

2018-11-29 12:30:54 - [TEST_STEP][PASSED] - Statement - counter = counter + 1: null

2018-11-29 12:30:54 - [TEST_STEP][PASSED] - Statement - PreSaveFile = new java.io.File(((pathPrefix + java.lang.Integer.toString(counter)) + .png)): null

2018-11-29 12:30:54 - [TEST_STEP][PASSED] - Statement - counter = counter + 1: null

2018-11-29 12:30:56 - [TEST_STEP][PASSED] - Statement - PreSaveFile = new java.io.File(((pathPrefix + java.lang.Integer.toString(counter)) + .png)): null

2018-11-29 12:30:56 - [TEST_STEP][PASSED] - Statement - counter = counter + 1: null

2018-11-29 12:30:56 - [TEST_STEP][PASSED] - Statement - PreSaveFile = new java.io.File(((pathPrefix + java.lang.Integer.toString(counter)) + .png)): null

2018-11-29 12:30:56 - [TEST_STEP][PASSED] - Statement - counter = counter + 1: null

2018-11-29 12:30:56 - [TEST_STEP][PASSED] - Statement - PreSaveFile = new java.io.File(((pathPrefix + java.lang.Integer.toString(counter)) + .png)): null

2018-11-29 12:30:56 - [TEST_STEP][PASSED] - Statement - counter = counter + 1: null

2018-11-29 12:30:56 - [TEST_STEP][PASSED] - Statement - PreSaveFile = new java.io.File(((pathPrefix + java.lang.Integer.toString(counter)) + .png)): null

2018-11-29 12:30:56 - [TEST_STEP][PASSED] - Statement - counter = counter + 1: null

2018-11-29 12:30:56 - [TEST_STEP][PASSED] - Statement - PreSaveFile = new java.io.File(((pathPrefix + java.lang.Integer.toString(counter)) + .png)): null

2018-11-29 12:30:56 - [TEST_STEP][PASSED] - Statement - counter = counter + 1: null

2018-11-29 12:30:59 - [TEST_STEP][PASSED] - Statement - PreSaveFile = new java.io.File(((pathPrefix + java.lang.Integer.toString(counter)) + .png)): null

2018-11-29 12:30:59 - [TEST_STEP][PASSED] - Statement - counter = counter + 1: null

2018-11-29 12:30:59 - [TEST_STEP][PASSED] - Statement - PreSaveFile = new java.io.File(((pathPrefix + java.lang.Integer.toString(counter)) + .png)): null

2018-11-29 12:30:59 - [TEST_STEP][PASSED] - Statement - counter = counter + 1: null

2018-11-29 12:30:59 - [TEST_STEP][PASSED] - Statement - PreSaveFile = new java.io.File(((pathPrefix + java.lang.Integer.toString(counter)) + .png)): null

2018-11-29 12:30:59 - [TEST_STEP][PASSED] - Statement - counter = counter + 1: null

2018-11-29 12:30:59 - [TEST_STEP][PASSED] - Statement - PreSaveFile = new java.io.File(((pathPrefix + java.lang.Integer.toString(counter)) + .png)): null

2018-11-29 12:30:59 - [TEST_STEP][PASSED] - Statement - counter = counter + 1: null

2018-11-29 12:30:59 - [TEST_STEP][PASSED] - Statement - PreSaveFile = new java.io.File(((pathPrefix + java.lang.Integer.toString(counter)) + .png)): null

2018-11-29 12:31:01 - [TEST_STEP][PASSED] - Statement - counter = counter + 1: null

2018-11-29 12:31:01 - [TEST_STEP][PASSED] - Statement - PreSaveFile = new java.io.File(((pathPrefix + java.lang.Integer.toString(counter)) + .png)): null

2018-11-29 12:31:01 - [TEST_STEP][PASSED] - Statement - counter = counter + 1: null

2018-11-29 12:31:01 - [TEST_STEP][PASSED] - Statement - PreSaveFile = new java.io.File(((pathPrefix + java.lang.Integer.toString(counter)) + .png)): null

2018-11-29 12:31:01 - [TEST_STEP][PASSED] - Statement - counter = counter + 1: null

2018-11-29 12:31:01 - [TEST_STEP][PASSED] - Statement - PreSaveFile = new java.io.File(((pathPrefix + java.lang.Integer.toString(counter)) + .png)): null

2018-11-29 12:31:01 - [TEST_STEP][PASSED] - Statement - counter = counter + 1: null

2018-11-29 12:31:01 - [TEST_STEP][PASSED] - Statement - PreSaveFile = new java.io.File(((pathPrefix + java.lang.Integer.toString(counter)) + .png)): null

2018-11-29 12:31:01 - [TEST_STEP][PASSED] - Statement - counter = counter + 1: null

2018-11-29 12:31:01 - [TEST_STEP][PASSED] - Statement - PreSaveFile = new java.io.File(((pathPrefix + java.lang.Integer.toString(counter)) + .png)): null

2018-11-29 12:31:03 - [TEST_STEP][PASSED] - Statement - counter = counter + 1: null

2018-11-29 12:31:03 - [TEST_STEP][PASSED] - Statement - PreSaveFile = new java.io.File(((pathPrefix + java.lang.Integer.toString(counter)) + .png)): null

2018-11-29 12:31:03 - [TEST_STEP][PASSED] - Statement - counter = counter + 1: null

2018-11-29 12:31:03 - [TEST_STEP][PASSED] - Statement - PreSaveFile = new java.io.File(((pathPrefix + java.lang.Integer.toString(counter)) + .png)): null

2018-11-29 12:31:03 - [TEST_STEP][PASSED] - Statement - counter = counter + 1: null

2018-11-29 12:31:03 - [TEST_STEP][PASSED] - Statement - PreSaveFile = new java.io.File(((pathPrefix + java.lang.Integer.toString(counter)) + .png)): null

2018-11-29 12:31:03 - [TEST_STEP][PASSED] - Statement - counter = counter + 1: null

2018-11-29 12:31:03 - [TEST_STEP][PASSED] - Statement - PreSaveFile = new java.io.File(((pathPrefix + java.lang.Integer.toString(counter)) + .png)): null

2018-11-29 12:31:03 - [TEST_STEP][PASSED] - Statement - counter = counter + 1: null

2018-11-29 12:31:03 - [TEST_STEP][PASSED] - Statement - PreSaveFile = new java.io.File(((pathPrefix + java.lang.Integer.toString(counter)) + .png)): null

2018-11-29 12:31:05 - [TEST_STEP][PASSED] - Statement - counter = counter + 1: null

2018-11-29 12:31:05 - [TEST_STEP][PASSED] - Statement - PreSaveFile = new java.io.File(((pathPrefix + java.lang.Integer.toString(counter)) + .png)): null

2018-11-29 12:31:05 - [TEST_STEP][PASSED] - Statement - counter = counter + 1: null

2018-11-29 12:31:05 - [TEST_STEP][PASSED] - Statement - PreSaveFile = new java.io.File(((pathPrefix + java.lang.Integer.toString(counter)) + .png)): null

2018-11-29 12:31:05 - [TEST_STEP][PASSED] - Statement - counter = counter + 1: null

2018-11-29 12:31:05 - [TEST_STEP][PASSED] - Statement - PreSaveFile = new java.io.File(((pathPrefix + java.lang.Integer.toString(counter)) + .png)): null

2018-11-29 12:31:05 - [TEST_STEP][PASSED] - Statement - counter = counter + 1: null

2018-11-29 12:31:05 - [TEST_STEP][PASSED] - Statement - PreSaveFile = new java.io.File(((pathPrefix + java.lang.Integer.toString(counter)) + .png)): null

2018-11-29 12:31:05 - [TEST_STEP][PASSED] - Statement - counter = counter + 1: null

2018-11-29 12:31:08 - [TEST_STEP][PASSED] - Statement - PreSaveFile = new java.io.File(((pathPrefix + java.lang.Integer.toString(counter)) + .png)): null

2018-11-29 12:31:08 - [TEST_STEP][PASSED] - Statement - counter = counter + 1: null

2018-11-29 12:31:08 - [TEST_STEP][PASSED] - Statement - PreSaveFile = new java.io.File(((pathPrefix + java.lang.Integer.toString(counter)) + .png)): null

2018-11-29 12:31:08 - [TEST_STEP][PASSED] - Statement - counter = counter + 1: null

2018-11-29 12:31:08 - [TEST_STEP][PASSED] - Statement - PreSaveFile = new java.io.File(((pathPrefix + java.lang.Integer.toString(counter)) + .png)): null

2018-11-29 12:31:08 - [TEST_STEP][PASSED] - Statement - counter = counter + 1: null

2018-11-29 12:31:08 - [TEST_STEP][PASSED] - Statement - PreSaveFile = new java.io.File(((pathPrefix + java.lang.Integer.toString(counter)) + .png)): null

2018-11-29 12:31:08 - [TEST_STEP][PASSED] - Statement - counter = counter + 1: null

2018-11-29 12:31:08 - [TEST_STEP][PASSED] - Statement - PreSaveFile = new java.io.File(((pathPrefix + java.lang.Integer.toString(counter)) + .png)): null

2018-11-29 12:31:08 - [TEST_STEP][PASSED] - Statement - counter = counter + 1: null

2018-11-29 12:31:10 - [TEST_STEP][PASSED] - Statement - PreSaveFile = new java.io.File(((pathPrefix + java.lang.Integer.toString(counter)) + .png)): null

2018-11-29 12:31:10 - [TEST_STEP][PASSED] - Statement - counter = counter + 1: null

2018-11-29 12:31:10 - [TEST_STEP][PASSED] - Statement - PreSaveFile = new java.io.File(((pathPrefix + java.lang.Integer.toString(counter)) + .png)): null

2018-11-29 12:31:10 - [TEST_STEP][PASSED] - Statement - counter = counter + 1: null

2018-11-29 12:31:10 - [TEST_STEP][PASSED] - Statement - PreSaveFile = new java.io.File(((pathPrefix + java.lang.Integer.toString(counter)) + .png)): null

2018-11-29 12:31:10 - [TEST_STEP][PASSED] - Statement - counter = counter + 1: null

2018-11-29 12:31:10 - [TEST_STEP][PASSED] - Statement - PreSaveFile = new java.io.File(((pathPrefix + java.lang.Integer.toString(counter)) + .png)): null

2018-11-29 12:31:10 - [TEST_STEP][PASSED] - Statement - counter = counter + 1: null

2018-11-29 12:31:10 - [TEST_STEP][PASSED] - Statement - PreSaveFile = new java.io.File(((pathPrefix + java.lang.Integer.toString(counter)) + .png)): null

2018-11-29 12:31:13 - [TEST_STEP][PASSED] - Statement - counter = counter + 1: null

2018-11-29 12:31:13 - [TEST_STEP][PASSED] - Statement - PreSaveFile = new java.io.File(((pathPrefix + java.lang.Integer.toString(counter)) + .png)): null

2018-11-29 12:31:13 - [TEST_STEP][PASSED] - Statement - counter = counter + 1: null

2018-11-29 12:31:13 - [TEST_STEP][PASSED] - Statement - PreSaveFile = new java.io.File(((pathPrefix + java.lang.Integer.toString(counter)) + .png)): null

2018-11-29 12:31:13 - [TEST_STEP][PASSED] - Statement - counter = counter + 1: null

2018-11-29 12:31:13 - [TEST_STEP][PASSED] - Statement - PreSaveFile = new java.io.File(((pathPrefix + java.lang.Integer.toString(counter)) + .png)): null

2018-11-29 12:31:13 - [TEST_STEP][PASSED] - Statement - counter = counter + 1: null

2018-11-29 12:31:13 - [TEST_STEP][PASSED] - Statement - PreSaveFile = new java.io.File(((pathPrefix + java.lang.Integer.toString(counter)) + .png)): null

2018-11-29 12:31:13 - [TEST_STEP][PASSED] - Statement - counter = counter + 1: null

2018-11-29 12:31:13 - [TEST_STEP][PASSED] - Statement - PreSaveFile = new java.io.File(((pathPrefix + java.lang.Integer.toString(counter)) + .png)): null

2018-11-29 12:31:15 - [TEST_STEP][PASSED] - Statement - counter = counter + 1: null

2018-11-29 12:31:15 - [TEST_STEP][PASSED] - Statement - PreSaveFile = new java.io.File(((pathPrefix + java.lang.Integer.toString(counter)) + .png)): null

2018-11-29 12:31:15 - [TEST_STEP][PASSED] - Statement - counter = counter + 1: null

2018-11-29 12:31:15 - [TEST_STEP][PASSED] - Statement - PreSaveFile = new java.io.File(((pathPrefix + java.lang.Integer.toString(counter)) + .png)): null

2018-11-29 12:31:15 - [TEST_STEP][PASSED] - Statement - counter = counter + 1: null

2018-11-29 12:31:15 - [TEST_STEP][PASSED] - Statement - PreSaveFile = new java.io.File(((pathPrefix + java.lang.Integer.toString(counter)) + .png)): null

2018-11-29 12:31:15 - [TEST_STEP][PASSED] - Statement - counter = counter + 1: null

2018-11-29 12:31:15 - [TEST_STEP][PASSED] - Statement - PreSaveFile = new java.io.File(((pathPrefix + java.lang.Integer.toString(counter)) + .png)): null

2018-11-29 12:31:15 - [TEST_STEP][PASSED] - Statement - counter = counter + 1: null

2018-11-29 12:31:15 - [TEST_STEP][PASSED] - Statement - PreSaveFile = new java.io.File(((pathPrefix + java.lang.Integer.toString(counter)) + .png)): null

2018-11-29 12:31:18 - [TEST_STEP][PASSED] - Statement - counter = counter + 1: null

2018-11-29 12:31:18 - [TEST_STEP][PASSED] - Statement - PreSaveFile = new java.io.File(((pathPrefix + java.lang.Integer.toString(counter)) + .png)): null

2018-11-29 12:31:18 - [TEST_STEP][PASSED] - Statement - counter = counter + 1: null

2018-11-29 12:31:18 - [TEST_STEP][PASSED] - Statement - PreSaveFile = new java.io.File(((pathPrefix + java.lang.Integer.toString(counter)) + .png)): null

2018-11-29 12:31:18 - [TEST_STEP][PASSED] - Statement - counter = counter + 1: null

2018-11-29 12:31:18 - [TEST_STEP][PASSED] - Statement - PreSaveFile = new java.io.File(((pathPrefix + java.lang.Integer.toString(counter)) + .png)): null

2018-11-29 12:31:18 - [TEST_STEP][PASSED] - Statement - counter = counter + 1: null

2018-11-29 12:31:18 - [TEST_STEP][PASSED] - Statement - PreSaveFile = new java.io.File(((pathPrefix + java.lang.Integer.toString(counter)) + .png)): null

2018-11-29 12:31:18 - [TEST_STEP][PASSED] - Statement - counter = counter + 1: null

2018-11-29 12:31:20 - [TEST_STEP][PASSED] - Statement - PreSaveFile = new java.io.File(((pathPrefix + java.lang.Integer.toString(counter)) + .png)): null

2018-11-29 12:31:20 - [TEST_STEP][PASSED] - Statement - counter = counter + 1: null

2018-11-29 12:31:20 - [TEST_STEP][PASSED] - Statement - PreSaveFile = new java.io.File(((pathPrefix + java.lang.Integer.toString(counter)) + .png)): null

2018-11-29 12:31:20 - [TEST_STEP][PASSED] - Statement - counter = counter + 1: null

2018-11-29 12:31:20 - [TEST_STEP][PASSED] - Statement - PreSaveFile = new java.io.File(((pathPrefix + java.lang.Integer.toString(counter)) + .png)): null

2018-11-29 12:31:20 - [TEST_STEP][PASSED] - Statement - counter = counter + 1: null

2018-11-29 12:31:20 - [TEST_STEP][PASSED] - Statement - PreSaveFile = new java.io.File(((pathPrefix + java.lang.Integer.toString(counter)) + .png)): null

2018-11-29 12:31:20 - [TEST_STEP][PASSED] - Statement - counter = counter + 1: null

2018-11-29 12:31:20 - [TEST_STEP][PASSED] - Statement - PreSaveFile = new java.io.File(((pathPrefix + java.lang.Integer.toString(counter)) + .png)): null

2018-11-29 12:31:20 - [TEST_STEP][PASSED] - Statement - counter = counter + 1: null

2018-11-29 12:31:23 - [TEST_STEP][PASSED] - Statement - PreSaveFile = new java.io.File(((pathPrefix + java.lang.Integer.toString(counter)) + .png)): null

2018-11-29 12:31:23 - [TEST_STEP][PASSED] - Statement - counter = counter + 1: null

2018-11-29 12:31:23 - [TEST_STEP][PASSED] - Statement - PreSaveFile = new java.io.File(((pathPrefix + java.lang.Integer.toString(counter)) + .png)): null

2018-11-29 12:31:23 - [TEST_STEP][PASSED] - Statement - counter = counter + 1: null

2018-11-29 12:31:23 - [TEST_STEP][PASSED] - Statement - PreSaveFile = new java.io.File(((pathPrefix + java.lang.Integer.toString(counter)) + .png)): null

2018-11-29 12:31:23 - [TEST_STEP][PASSED] - Statement - counter = counter + 1: null

2018-11-29 12:31:23 - [TEST_STEP][PASSED] - Statement - PreSaveFile = new java.io.File(((pathPrefix + java.lang.Integer.toString(counter)) + .png)): null

2018-11-29 12:31:23 - [TEST_STEP][PASSED] - Statement - counter = counter + 1: null

2018-11-29 12:31:23 - [TEST_STEP][PASSED] - Statement - PreSaveFile = new java.io.File(((pathPrefix + java.lang.Integer.toString(counter)) + .png)): null

2018-11-29 12:31:26 - [TEST_STEP][PASSED] - Statement - counter = counter + 1: null

2018-11-29 12:31:26 - [TEST_STEP][PASSED] - Statement - PreSaveFile = new java.io.File(((pathPrefix + java.lang.Integer.toString(counter)) + .png)): null

2018-11-29 12:31:26 - [TEST_STEP][PASSED] - Statement - counter = counter + 1: null

2018-11-29 12:31:26 - [TEST_STEP][PASSED] - Statement - PreSaveFile = new java.io.File(((pathPrefix + java.lang.Integer.toString(counter)) + .png)): null

2018-11-29 12:31:26 - [TEST_STEP][PASSED] - Statement - counter = counter + 1: null

2018-11-29 12:31:26 - [TEST_STEP][PASSED] - Statement - PreSaveFile = new java.io.File(((pathPrefix + java.lang.Integer.toString(counter)) + .png)): null

2018-11-29 12:31:26 - [TEST_STEP][PASSED] - Statement - counter = counter + 1: null

2018-11-29 12:31:26 - [TEST_STEP][PASSED] - Statement - PreSaveFile = new java.io.File(((pathPrefix + java.lang.Integer.toString(counter)) + .png)): null

2018-11-29 12:31:26 - [TEST_STEP][PASSED] - Statement - counter = counter + 1: null

2018-11-29 12:31:26 - [TEST_STEP][PASSED] - Statement - PreSaveFile = new java.io.File(((pathPrefix + java.lang.Integer.toString(counter)) + .png)): null

2018-11-29 12:31:28 - [TEST_STEP][PASSED] - Statement - counter = counter + 1: null

2018-11-29 12:31:28 - [TEST_STEP][PASSED] - Statement - PreSaveFile = new java.io.File(((pathPrefix + java.lang.Integer.toString(counter)) + .png)): null

2018-11-29 12:31:28 - [TEST_STEP][PASSED] - Statement - counter = counter + 1: null

2018-11-29 12:31:28 - [TEST_STEP][PASSED] - Statement - PreSaveFile = new java.io.File(((pathPrefix + java.lang.Integer.toString(counter)) + .png)): null

2018-11-29 12:31:28 - [TEST_STEP][PASSED] - Statement - counter = counter + 1: null

2018-11-29 12:31:28 - [TEST_STEP][PASSED] - Statement - PreSaveFile = new java.io.File(((pathPrefix + java.lang.Integer.toString(counter)) + .png)): null

2018-11-29 12:31:28 - [TEST_STEP][PASSED] - Statement - counter = counter + 1: null

2018-11-29 12:31:28 - [TEST_STEP][PASSED] - Statement - PreSaveFile = new java.io.File(((pathPrefix + java.lang.Integer.toString(counter)) + .png)): null

2018-11-29 12:31:28 - [TEST_STEP][PASSED] - Statement - counter = counter + 1: null

2018-11-29 12:31:28 - [TEST_STEP][PASSED] - Statement - PreSaveFile = new java.io.File(((pathPrefix + java.lang.Integer.toString(counter)) + .png)): null

2018-11-29 12:31:30 - [TEST_STEP][PASSED] - Statement - counter = counter + 1: null

2018-11-29 12:31:30 - [TEST_STEP][PASSED] - Statement - PreSaveFile = new java.io.File(((pathPrefix + java.lang.Integer.toString(counter)) + .png)): null

2018-11-29 12:31:30 - [TEST_STEP][PASSED] - Statement - counter = counter + 1: null

2018-11-29 12:31:30 - [TEST_STEP][PASSED] - Statement - PreSaveFile = new java.io.File(((pathPrefix + java.lang.Integer.toString(counter)) + .png)): null

2018-11-29 12:31:30 - [TEST_STEP][PASSED] - Statement - counter = counter + 1: null

2018-11-29 12:31:30 - [TEST_STEP][PASSED] - Statement - PreSaveFile = new java.io.File(((pathPrefix + java.lang.Integer.toString(counter)) + .png)): null

2018-11-29 12:31:30 - [TEST_STEP][PASSED] - Statement - counter = counter + 1: null

2018-11-29 12:31:30 - [TEST_STEP][PASSED] - Statement - PreSaveFile = new java.io.File(((pathPrefix + java.lang.Integer.toString(counter)) + .png)): null

2018-11-29 12:31:30 - [TEST_STEP][PASSED] - Statement - counter = counter + 1: null

2018-11-29 12:31:33 - [TEST_STEP][PASSED] - Statement - PreSaveFile = new java.io.File(((pathPrefix + java.lang.Integer.toString(counter)) + .png)): null

2018-11-29 12:31:33 - [TEST_STEP][PASSED] - Statement - counter = counter + 1: null

2018-11-29 12:31:33 - [TEST_STEP][PASSED] - Statement - PreSaveFile = new java.io.File(((pathPrefix + java.lang.Integer.toString(counter)) + .png)): null

2018-11-29 12:31:33 - [TEST_STEP][PASSED] - Statement - counter = counter + 1: null

2018-11-29 12:31:33 - [TEST_STEP][PASSED] - Statement - PreSaveFile = new java.io.File(((pathPrefix + java.lang.Integer.toString(counter)) + .png)): null

2018-11-29 12:31:33 - [TEST_STEP][PASSED] - Statement - counter = counter + 1: null

2018-11-29 12:31:33 - [TEST_STEP][PASSED] - Statement - PreSaveFile = new java.io.File(((pathPrefix + java.lang.Integer.toString(counter)) + .png)): null

2018-11-29 12:31:33 - [TEST_STEP][PASSED] - Statement - counter = counter + 1: null

2018-11-29 12:31:33 - [TEST_STEP][PASSED] - Statement - PreSaveFile = new java.io.File(((pathPrefix + java.lang.Integer.toString(counter)) + .png)): null

2018-11-29 12:31:33 - [TEST_STEP][PASSED] - Statement - counter = counter + 1: null

2018-11-29 12:31:36 - [TEST_STEP][PASSED] - Statement - PreSaveFile = new java.io.File(((pathPrefix + java.lang.Integer.toString(counter)) + .png)): null

2018-11-29 12:31:36 - [TEST_STEP][PASSED] - Statement - counter = counter + 1: null

2018-11-29 12:31:36 - [TEST_STEP][PASSED] - Statement - PreSaveFile = new java.io.File(((pathPrefix + java.lang.Integer.toString(counter)) + .png)): null

2018-11-29 12:31:36 - [TEST_STEP][PASSED] - Statement - counter = counter + 1: null

2018-11-29 12:31:36 - [TEST_STEP][PASSED] - Statement - PreSaveFile = new java.io.File(((pathPrefix + java.lang.Integer.toString(counter)) + .png)): null

2018-11-29 12:31:36 - [TEST_STEP][PASSED] - Statement - counter = counter + 1: null

2018-11-29 12:31:36 - [TEST_STEP][PASSED] - Statement - PreSaveFile = new java.io.File(((pathPrefix + java.lang.Integer.toString(counter)) + .png)): null

2018-11-29 12:31:36 - [TEST_STEP][PASSED] - Statement - counter = counter + 1: null

2018-11-29 12:31:36 - [TEST_STEP][PASSED] - Statement - PreSaveFile = new java.io.File(((pathPrefix + java.lang.Integer.toString(counter)) + .png)): null

2018-11-29 12:31:39 - [TEST_STEP][PASSED] - Statement - counter = counter + 1: null

2018-11-29 12:31:39 - [TEST_STEP][PASSED] - Statement - PreSaveFile = new java.io.File(((pathPrefix + java.lang.Integer.toString(counter)) + .png)): null

2018-11-29 12:31:39 - [TEST_STEP][PASSED] - Statement - counter = counter + 1: null

2018-11-29 12:31:39 - [TEST_STEP][PASSED] - Statement - PreSaveFile = new java.io.File(((pathPrefix + java.lang.Integer.toString(counter)) + .png)): null

2018-11-29 12:31:39 - [TEST_STEP][PASSED] - Statement - counter = counter + 1: null

2018-11-29 12:31:39 - [TEST_STEP][PASSED] - Statement - PreSaveFile = new java.io.File(((pathPrefix + java.lang.Integer.toString(counter)) + .png)): null

2018-11-29 12:31:39 - [TEST_STEP][PASSED] - Statement - counter = counter + 1: null

2018-11-29 12:31:39 - [TEST_STEP][PASSED] - Statement - PreSaveFile = new java.io.File(((pathPrefix + java.lang.Integer.toString(counter)) + .png)): null

2018-11-29 12:31:39 - [TEST_STEP][PASSED] - Statement - counter = counter + 1: null

2018-11-29 12:31:39 - [TEST_STEP][PASSED] - Statement - PreSaveFile = new java.io.File(((pathPrefix + java.lang.Integer.toString(counter)) + .png)): null

2018-11-29 12:31:42 - [TEST_STEP][PASSED] - Statement - counter = counter + 1: null

2018-11-29 12:31:42 - [TEST_STEP][PASSED] - Statement - PreSaveFile = new java.io.File(((pathPrefix + java.lang.Integer.toString(counter)) + .png)): null

2018-11-29 12:31:42 - [TEST_STEP][PASSED] - Statement - counter = counter + 1: null

2018-11-29 12:31:42 - [TEST_STEP][PASSED] - Statement - PreSaveFile = new java.io.File(((pathPrefix + java.lang.Integer.toString(counter)) + .png)): null

2018-11-29 12:31:42 - [TEST_STEP][PASSED] - Statement - counter = counter + 1: null

2018-11-29 12:31:42 - [TEST_STEP][PASSED] - Statement - PreSaveFile = new java.io.File(((pathPrefix + java.lang.Integer.toString(counter)) + .png)): null

2018-11-29 12:31:42 - [TEST_STEP][PASSED] - Statement - counter = counter + 1: null

2018-11-29 12:31:42 - [TEST_STEP][PASSED] - Statement - PreSaveFile = new java.io.File(((pathPrefix + java.lang.Integer.toString(counter)) + .png)): null

2018-11-29 12:31:42 - [TEST_STEP][PASSED] - Statement - counter = counter + 1: null

2018-11-29 12:31:42 - [TEST_STEP][PASSED] - Statement - PreSaveFile = new java.io.File(((pathPrefix + java.lang.Integer.toString(counter)) + .png)): null

2018-11-29 12:31:45 - [TEST_STEP][PASSED] - Statement - counter = counter + 1: null

2018-11-29 12:31:45 - [TEST_STEP][PASSED] - Statement - PreSaveFile = new java.io.File(((pathPrefix + java.lang.Integer.toString(counter)) + .png)): null

2018-11-29 12:31:45 - [TEST_STEP][PASSED] - Statement - counter = counter + 1: null

2018-11-29 12:31:45 - [TEST_STEP][PASSED] - Statement - PreSaveFile = new java.io.File(((pathPrefix + java.lang.Integer.toString(counter)) + .png)): null

2018-11-29 12:31:45 - [TEST_STEP][PASSED] - Statement - counter = counter + 1: null

2018-11-29 12:31:45 - [TEST_STEP][PASSED] - Statement - PreSaveFile = new java.io.File(((pathPrefix + java.lang.Integer.toString(counter)) + .png)): null

2018-11-29 12:31:45 - [TEST_STEP][PASSED] - Statement - counter = counter + 1: null

2018-11-29 12:31:45 - [TEST_STEP][PASSED] - Statement - PreSaveFile = new java.io.File(((pathPrefix + java.lang.Integer.toString(counter)) + .png)): null

2018-11-29 12:31:45 - [TEST_STEP][PASSED] - Statement - counter = counter + 1: null

2018-11-29 12:31:48 - [TEST_STEP][PASSED] - Statement - PreSaveFile = new java.io.File(((pathPrefix + java.lang.Integer.toString(counter)) + .png)): null

2018-11-29 12:31:48 - [TEST_STEP][PASSED] - Statement - counter = counter + 1: null

2018-11-29 12:31:48 - [TEST_STEP][PASSED] - Statement - PreSaveFile = new java.io.File(((pathPrefix + java.lang.Integer.toString(counter)) + .png)): null

2018-11-29 12:31:48 - [TEST_STEP][PASSED] - Statement - counter = counter + 1: null

2018-11-29 12:31:48 - [TEST_STEP][PASSED] - Statement - PreSaveFile = new java.io.File(((pathPrefix + java.lang.Integer.toString(counter)) + .png)): null

2018-11-29 12:31:48 - [TEST_STEP][PASSED] - Statement - counter = counter + 1: null

2018-11-29 12:31:48 - [TEST_STEP][PASSED] - Statement - PreSaveFile = new java.io.File(((pathPrefix + java.lang.Integer.toString(counter)) + .png)): null

2018-11-29 12:31:48 - [TEST_STEP][PASSED] - Statement - counter = counter + 1: null

2018-11-29 12:31:48 - [TEST_STEP][PASSED] - Statement - PreSaveFile = new java.io.File(((pathPrefix + java.lang.Integer.toString(counter)) + .png)): null

2018-11-29 12:31:48 - [TEST_STEP][PASSED] - Statement - counter = counter + 1: null

2018-11-29 12:31:50 - [TEST_STEP][PASSED] - Statement - PreSaveFile = new java.io.File(((pathPrefix + java.lang.Integer.toString(counter)) + .png)): null

2018-11-29 12:31:50 - [TEST_STEP][PASSED] - Statement - counter = counter + 1: null

2018-11-29 12:31:50 - [TEST_STEP][PASSED] - Statement - PreSaveFile = new java.io.File(((pathPrefix + java.lang.Integer.toString(counter)) + .png)): null

2018-11-29 12:31:50 - [TEST_STEP][PASSED] - Statement - counter = counter + 1: null

2018-11-29 12:31:50 - [TEST_STEP][PASSED] - Statement - PreSaveFile = new java.io.File(((pathPrefix + java.lang.Integer.toString(counter)) + .png)): null

2018-11-29 12:31:50 - [TEST_STEP][PASSED] - Statement - counter = counter + 1: null

2018-11-29 12:31:50 - [TEST_STEP][PASSED] - Statement - PreSaveFile = new java.io.File(((pathPrefix + java.lang.Integer.toString(counter)) + .png)): null

2018-11-29 12:31:50 - [TEST_STEP][PASSED] - Statement - counter = counter + 1: null

2018-11-29 12:31:50 - [TEST_STEP][PASSED] - Statement - PreSaveFile = new java.io.File(((pathPrefix + java.lang.Integer.toString(counter)) + .png)): null

2018-11-29 12:31:54 - [TEST_STEP][PASSED] - Statement - counter = counter + 1: null

2018-11-29 12:31:54 - [TEST_STEP][PASSED] - Statement - PreSaveFile = new java.io.File(((pathPrefix + java.lang.Integer.toString(counter)) + .png)): null

2018-11-29 12:31:54 - [TEST_STEP][PASSED] - Statement - finalPath = pathPrefix + java.lang.Integer.toString(counter) + ".png": null

2018-11-29 12:31:54 - [TEST_STEP][PASSED] - Statement - SaveFile = new java.io.File(finalPath): null

2018-11-29 12:31:54 - [TEST_STEP][PASSED] - Statement - Try: null

2018-11-29 12:31:54 - [TEST_STEP][PASSED] - Statement - org.apache.commons.io.FileUtils.copyFile(scrFile, SaveFile): null

2018-11-29 12:31:54 - [TEST_STEP][PASSED] - Statement - out.println("file kept"): null

2018-11-29 12:31:54 - [TEST_STEP][PASSED] - delay: Delayed 10 second(s)

2018-11-29 12:32:04 - [MESSAGE][PASSED] - Delayed 10 second(s)

2018-11-29 12:32:04 - [MESSAGE][PASSED] - Call Test Case 'Test Cases/Final Aug 2018 - PKS Automation/Registration Module/New Registration/Submit and Screenshot/Submit Registration and Screenshot - Copy' successfully

2018-11-29 12:32:04 - [TEST_STEP][PASSED] - Statement - UpdateAddNewECode = com.kms.katalon.core.webui.keyword.WebUiBuiltInKeywords.getText(com.kms.katalon.core.testobject.ObjectRepository.findTestObject(Object Repository/Final Object Repo/Page_Update Add New Employee - ASSIST/getEmpCode)): Text of object 'Object Repository/Final Object Repo/Page_Update Add New Employee - ASSIST/getEmpCode' is: 'E1102070548F'

2018-11-29 12:32:04 - [MESSAGE][PASSED] - Text of object 'Object Repository/Final Object Repo/Page_Update Add New Employee - ASSIST/getEmpCode' is: 'E1102070548F'

2018-11-29 12:32:04 - [TEST_STEP][PASSED] - callTestCase: Call Test Case 'Test Cases/Final Aug 2018 - PKS Automation/Common/Emp Code Setter' successfully

2018-11-29 12:32:04 - [TEST_CASE][PASSED] - Test Cases/Final Aug 2018 - PKS Automation/Common/Emp Code Setter: Test Cases/Final Aug 2018 - PKS Automation/Common/Emp Code Setter

2018-11-29 12:32:04 - [TEST_STEP][PASSED] - Statement - EmpCodeOld = new java.io.File(C://Users//Admin//Desktop//PKS//Automation Reference Point//EmpCode.txt): null

2018-11-29 12:32:04 - [TEST_STEP][PASSED] - Statement - EmpCodeOld.delete(): null

2018-11-29 12:32:04 - [TEST_STEP][PASSED] - Statement - EmpCode = new java.io.File(C://Users//Admin//Desktop//PKS//Automation Reference Point//EmpCode.txt): null

2018-11-29 12:32:04 - [TEST_STEP][PASSED] - Statement - EmpCode.append(UpdateAddNewECode): null

2018-11-29 12:32:04 - [TEST_STEP][PASSED] - Statement - out.println("


" + UpdateAddNewECode + "


"): null

2018-11-29 12:32:04 - [MESSAGE][PASSED] - Call Test Case 'Test Cases/Final Aug 2018 - PKS Automation/Common/Emp Code Setter' successfully

2018-11-29 12:32:04 - [MESSAGE][PASSED] - Call Test Case 'Test Cases/Final Aug 2018 - PKS Automation/Registration Module/Workflow/Update Add New Employee/Template/New Company for Update Add New - Employer' successfully

2018-11-29 12:32:05 - [TEST_STEP][PASSED] - callTestCase: Call Test Case 'Test Cases/Final Aug 2018 - PKS Automation/Create Employer Acc/Login to Employer Account (Second time)' successfully

2018-11-29 12:32:05 - [TEST_CASE][PASSED] - Test Cases/Final Aug 2018 - PKS Automation/Create Employer Acc/Login to Employer Account (Second time): Test Cases/Final Aug 2018 - PKS Automation/Create Employer Acc/Login to Employer Account (Second time)

2018-11-29 12:32:05 - [TEST_STEP][PASSED] - openBrowser: Browser is opened with url: ''

2018-11-29 12:32:05 - [MESSAGE][WARNING] - A browser is already opened. Closing browser and opening a new one

2018-11-29 12:32:08 - [MESSAGE][PASSED] - Browser is opened with url: ''

2018-11-29 12:32:08 - [TEST_STEP][PASSED] - navigateToUrl: Navigate to 'https://assist2-uat.perkeso.gov.my/employer/login' successfully

2018-11-29 12:32:09 - [MESSAGE][PASSED] - Navigate to 'https://assist2-uat.perkeso.gov.my/employer/login' successfully

2018-11-29 12:32:09 - [TEST_STEP][PASSED] - delay: Delayed 3 second(s)

2018-11-29 12:32:12 - [MESSAGE][PASSED] - Delayed 3 second(s)

2018-11-29 12:32:12 - [TEST_STEP][PASSED] - callTestCase: Call Test Case 'Test Cases/Final Aug 2018 - PKS Automation/Create Employer Acc/Template/Employer Email Getter' successfully

2018-11-29 12:32:12 - [TEST_CASE][PASSED] - Test Cases/Final Aug 2018 - PKS Automation/Create Employer Acc/Template/Employer Email Getter: Test Cases/Final Aug 2018 - PKS Automation/Create Employer Acc/Template/Employer Email Getter

2018-11-29 12:32:12 - [TEST_STEP][PASSED] - Statement - Try: null

2018-11-29 12:32:12 - [TEST_STEP][PASSED] - Statement - EmpEmail = new java.io.File(C://Users//Admin//Desktop//PKS//Automation Reference Point//EmpEmail.txt): null

2018-11-29 12:32:12 - [TEST_STEP][PASSED] - Statement - bufferread = new java.io.BufferedReader(new java.io.FileReader(EmpEmail)): null

2018-11-29 12:32:12 - [TEST_STEP][PASSED] - Statement - readedVal = bufferread.readLine(): null

2018-11-29 12:32:12 - [TEST_STEP][PASSED] - Statement - out.println(readedVal): null

2018-11-29 12:32:12 - [TEST_STEP][PASSED] - Statement - Email = readedVal: null

2018-11-29 12:32:12 - [MESSAGE][PASSED] - Call Test Case 'Test Cases/Final Aug 2018 - PKS Automation/Create Employer Acc/Template/Employer Email Getter' successfully

2018-11-29 12:32:12 - [TEST_STEP][PASSED] - setText: Text 'perkeso469298699737@gmail.com' is set on object 'Object Repository/Final Object Repo/Login Page/External Login Page/Email'

2018-11-29 12:32:12 - [MESSAGE][PASSED] - Text 'perkeso469298699737@gmail.com' is set on object 'Object Repository/Final Object Repo/Login Page/External Login Page/Email'

2018-11-29 12:32:12 - [TEST_STEP][PASSED] - click: Object: 'Object Repository/Final Object Repo/Login Page/External Login Page/Next' is clicked on

2018-11-29 12:32:12 - [MESSAGE][PASSED] - Object: 'Object Repository/Final Object Repo/Login Page/External Login Page/Next' is clicked on

2018-11-29 12:32:12 - [TEST_STEP][PASSED] - delay: Delayed 3 second(s)

2018-11-29 12:32:15 - [MESSAGE][PASSED] - Delayed 3 second(s)

2018-11-29 12:32:15 - [TEST_STEP][PASSED] - setEncryptedText: Text ****** has been set on object 'Object Repository/Final Object Repo/Login Page/External Login Page/Password'

2018-11-29 12:32:16 - [MESSAGE][PASSED] - Text ****** has been set on object 'Object Repository/Final Object Repo/Login Page/External Login Page/Password'

2018-11-29 12:32:16 - [TEST_STEP][PASSED] - click: Object: 'Object Repository/Final Object Repo/Login Page/External Login Page/Login' is clicked on

2018-11-29 12:32:16 - [MESSAGE][PASSED] - Object: 'Object Repository/Final Object Repo/Login Page/External Login Page/Login' is clicked on

2018-11-29 12:32:16 - [TEST_STEP][PASSED] - delay: Delayed 5 second(s)

2018-11-29 12:32:21 - [MESSAGE][PASSED] - Delayed 5 second(s)

2018-11-29 12:32:21 - [MESSAGE][PASSED] - Call Test Case 'Test Cases/Final Aug 2018 - PKS Automation/Create Employer Acc/Login to Employer Account (Second time)' successfully

2018-11-29 12:32:21 - [TEST_STEP][PASSED] - navigateToUrl: Navigate to 'https://assist2-uat.perkeso.gov.my/web/registration/eis-update/form-3-eis-cessation-as-employer' successfully

2018-11-29 12:32:23 - [MESSAGE][PASSED] - Navigate to 'https://assist2-uat.perkeso.gov.my/web/registration/eis-update/form-3-eis-cessation-as-employer' successfully

2018-11-29 12:32:23 - [TEST_STEP][PASSED] - delay: Delayed 1 second(s)

2018-11-29 12:32:24 - [MESSAGE][PASSED] - Delayed 1 second(s)

2018-11-29 12:32:24 - [TEST_STEP][PASSED] - click: Object: 'Object Repository/Final Object Repo/Page_Form 3 EIS - Cessation as Employer/Edit' is clicked on

2018-11-29 12:32:25 - [MESSAGE][PASSED] - Object: 'Object Repository/Final Object Repo/Page_Form 3 EIS - Cessation as Employer/Edit' is clicked on

2018-11-29 12:32:25 - [TEST_STEP][PASSED] - delay: Delayed 1 second(s)

2018-11-29 12:32:26 - [MESSAGE][PASSED] - Delayed 1 second(s)

2018-11-29 12:32:26 - [TEST_STEP][PASSED] - Statement - abc = com.kms.katalon.core.webui.keyword.WebUiBuiltInKeywords.getAttribute(com.kms.katalon.core.testobject.ObjectRepository.findTestObject(Final Object Repo/Page_Form 3 EIS - Cessation as Employer/Employer Status), "value"): Attribute 'value' of object 'Object Repository/Final Object Repo/Page_Form 3 EIS - Cessation as Employer/Employer Status' is: 'Active'

2018-11-29 12:32:26 - [MESSAGE][PASSED] - Attribute 'value' of object 'Object Repository/Final Object Repo/Page_Form 3 EIS - Cessation as Employer/Employer Status' is: 'Active'

2018-11-29 12:32:26 - [TEST_STEP][PASSED] - Statement - out.println(abc): null

2018-11-29 12:32:26 - [TEST_STEP][PASSED] - Statement - If (abc == "Active"): Object: 'Object Repository/Final Object Repo/Page_Form 3 EIS - Cessation as Employer/Dormant EIS' is clicked on

2018-11-29 12:32:26 - [TEST_STEP][PASSED] - click: Object: 'Object Repository/Final Object Repo/Page_Form 3 EIS - Cessation as Employer/Change Employer Status to' is clicked on

2018-11-29 12:32:27 - [MESSAGE][PASSED] - Object: 'Object Repository/Final Object Repo/Page_Form 3 EIS - Cessation as Employer/Change Employer Status to' is clicked on

2018-11-29 12:32:27 - [TEST_STEP][PASSED] - click: Object: 'Object Repository/Final Object Repo/Page_Form 3 EIS - Cessation as Employer/Dormant EIS' is clicked on

2018-11-29 12:32:27 - [MESSAGE][PASSED] - Object: 'Object Repository/Final Object Repo/Page_Form 3 EIS - Cessation as Employer/Dormant EIS' is clicked on

2018-11-29 12:32:27 - [TEST_STEP][PASSED] - click: Object: 'Object Repository/Final Object Repo/Page_Form 3 EIS - Cessation as Employer/Calender' is clicked on

2018-11-29 12:32:27 - [MESSAGE][PASSED] - Object: 'Object Repository/Final Object Repo/Page_Form 3 EIS - Cessation as Employer/Calender' is clicked on

2018-11-29 12:32:27 - [TEST_STEP][PASSED] - delay: Delayed 1 second(s)

2018-11-29 12:32:28 - [MESSAGE][PASSED] - Delayed 1 second(s)

2018-11-29 12:32:28 - [TEST_STEP][PASSED] - click: Object: 'Object Repository/Final Object Repo/Page_Form 3 EIS - Cessation as Employer/Calender - Date' is clicked on

2018-11-29 12:32:28 - [MESSAGE][PASSED] - Object: 'Object Repository/Final Object Repo/Page_Form 3 EIS - Cessation as Employer/Calender - Date' is clicked on

2018-11-29 12:32:28 - [TEST_STEP][PASSED] - click: Object: 'Object Repository/Final Object Repo/Page_Form 3 EIS - Cessation as Employer/Save  Continue in Form 3 EIS Page' is clicked on

2018-11-29 12:32:28 - [MESSAGE][PASSED] - Object: 'Object Repository/Final Object Repo/Page_Form 3 EIS - Cessation as Employer/Save  Continue in Form 3 EIS Page' is clicked on

2018-11-29 12:32:28 - [TEST_STEP][PASSED] - delay: Delayed 1 second(s)

2018-11-29 12:32:29 - [MESSAGE][PASSED] - Delayed 1 second(s)

2018-11-29 12:32:29 - [TEST_STEP][PASSED] - click: Object: 'Object Repository/Final Object Repo/Page_Form 3 EIS - Cessation as Employer/Employment Resign Date' is clicked on

2018-11-29 12:32:30 - [MESSAGE][PASSED] - Object: 'Object Repository/Final Object Repo/Page_Form 3 EIS - Cessation as Employer/Employment Resign Date' is clicked on

2018-11-29 12:32:30 - [TEST_STEP][PASSED] - selectOptionByValue: All options with value '2019' are selected in object 'Object Repository/Final Object Repo/Page_Form 3 EIS - Cessation as Employer/Employment Resign Date - Year' 

2018-11-29 12:32:30 - [MESSAGE][PASSED] - All options with value '2019' are selected in object 'Object Repository/Final Object Repo/Page_Form 3 EIS - Cessation as Employer/Employment Resign Date - Year' 

2018-11-29 12:32:30 - [TEST_STEP][PASSED] - delay: Delayed 2 second(s)

2018-11-29 12:32:32 - [MESSAGE][PASSED] - Delayed 2 second(s)

2018-11-29 12:32:32 - [TEST_STEP][PASSED] - click: Object: 'Object Repository/Final Object Repo/Page_Form 3 EIS - Cessation as Employer/Employment Resign Date - Year - Date' is clicked on

2018-11-29 12:32:33 - [MESSAGE][PASSED] - Object: 'Object Repository/Final Object Repo/Page_Form 3 EIS - Cessation as Employer/Employment Resign Date - Year - Date' is clicked on

2018-11-29 12:32:33 - [TEST_STEP][PASSED] - delay: Delayed 2 second(s)

2018-11-29 12:32:35 - [MESSAGE][PASSED] - Delayed 2 second(s)

2018-11-29 12:32:35 - [TEST_STEP][PASSED] - click: Object: 'Object Repository/Final Object Repo/Page_Form 3 EIS - Cessation as Employer/Save  Continue in Employment Resign Page' is clicked on

2018-11-29 12:32:35 - [MESSAGE][PASSED] - Object: 'Object Repository/Final Object Repo/Page_Form 3 EIS - Cessation as Employer/Save  Continue in Employment Resign Page' is clicked on

2018-11-29 12:32:35 - [TEST_STEP][PASSED] - delay: Delayed 2 second(s)

2018-11-29 12:32:37 - [MESSAGE][PASSED] - Delayed 2 second(s)

2018-11-29 12:32:37 - [TEST_STEP][PASSED] - click: Object: 'Object Repository/Final Object Repo/Page_Form 3 EIS - Cessation as Employer/Set Latest - Yes' is clicked on

2018-11-29 12:32:37 - [MESSAGE][PASSED] - Object: 'Object Repository/Final Object Repo/Page_Form 3 EIS - Cessation as Employer/Set Latest - Yes' is clicked on

2018-11-29 12:32:37 - [TEST_STEP][PASSED] - delay: Delayed 2 second(s)

2018-11-29 12:32:39 - [MESSAGE][PASSED] - Delayed 2 second(s)

2018-11-29 12:32:39 - [TEST_STEP][PASSED] - click: Object: 'Object Repository/Final Object Repo/Page_Form 3 EIS - Cessation as Employer/Add Document' is clicked on

2018-11-29 12:32:40 - [MESSAGE][PASSED] - Object: 'Object Repository/Final Object Repo/Page_Form 3 EIS - Cessation as Employer/Add Document' is clicked on

2018-11-29 12:32:40 - [TEST_STEP][PASSED] - delay: Delayed 3 second(s)

2018-11-29 12:32:43 - [MESSAGE][PASSED] - Delayed 3 second(s)

2018-11-29 12:32:43 - [TEST_STEP][PASSED] - click: Object: 'Object Repository/Final Object Repo/Page_Form 3 EIS - Cessation as Employer/Document Type' is clicked on

2018-11-29 12:32:43 - [MESSAGE][PASSED] - Object: 'Object Repository/Final Object Repo/Page_Form 3 EIS - Cessation as Employer/Document Type' is clicked on

2018-11-29 12:32:43 - [TEST_STEP][PASSED] - click: Object: 'Object Repository/Final Object Repo/Page_Form 3 EIS - Cessation as Employer/Document Type - Form 3' is clicked on

2018-11-29 12:32:44 - [MESSAGE][PASSED] - Object: 'Object Repository/Final Object Repo/Page_Form 3 EIS - Cessation as Employer/Document Type - Form 3' is clicked on

2018-11-29 12:32:44 - [TEST_STEP][PASSED] - delay: Delayed 2 second(s)

2018-11-29 12:32:46 - [MESSAGE][PASSED] - Delayed 2 second(s)

2018-11-29 12:32:46 - [TEST_STEP][PASSED] - sendKeys: Keys 'C:\Users\Public\Pictures\Sample Pictures\Koala.jpg' sent to object: 'Object Repository/Final Object Repo/Page_Form 3 EIS - Cessation as Employer/ploading File'

2018-11-29 12:32:46 - [MESSAGE][PASSED] - Keys 'C:\Users\Public\Pictures\Sample Pictures\Koala.jpg' sent to object: 'Object Repository/Final Object Repo/Page_Form 3 EIS - Cessation as Employer/ploading File'

2018-11-29 12:32:46 - [TEST_STEP][PASSED] - delay: Delayed 1 second(s)

2018-11-29 12:32:47 - [MESSAGE][PASSED] - Delayed 1 second(s)

2018-11-29 12:32:47 - [TEST_STEP][PASSED] - click: Object: 'Object Repository/Final Object Repo/Page_Form 3 EIS - Cessation as Employer/Add Document in Uploading Page' is clicked on

2018-11-29 12:32:47 - [MESSAGE][PASSED] - Object: 'Object Repository/Final Object Repo/Page_Form 3 EIS - Cessation as Employer/Add Document in Uploading Page' is clicked on

2018-11-29 12:32:47 - [TEST_STEP][PASSED] - delay: Delayed 2 second(s)

2018-11-29 12:32:49 - [MESSAGE][PASSED] - Delayed 2 second(s)

2018-11-29 12:32:49 - [TEST_STEP][PASSED] - Statement - CaseReferenceNo = com.kms.katalon.core.webui.keyword.WebUiBuiltInKeywords.getText(com.kms.katalon.core.testobject.ObjectRepository.findTestObject(Final Object Repo/Page_Update Employer Information/Reference Number in Update Employee Information Page)): Text of object 'Object Repository/Final Object Repo/Page_Update Employer Information/Reference Number in Update Employee Information Page' is: 'ERN112018C200002353'

2018-11-29 12:32:51 - [MESSAGE][PASSED] - Text of object 'Object Repository/Final Object Repo/Page_Update Employer Information/Reference Number in Update Employee Information Page' is: 'ERN112018C200002353'

2018-11-29 12:32:51 - [TEST_STEP][PASSED] - callTestCase: Call Test Case 'Test Cases/Final Aug 2018 - PKS Automation/Common/Reference Number Setter' successfully

2018-11-29 12:32:51 - [TEST_CASE][PASSED] - Test Cases/Final Aug 2018 - PKS Automation/Common/Reference Number Setter: Test Cases/Final Aug 2018 - PKS Automation/Common/Reference Number Setter

2018-11-29 12:32:51 - [TEST_STEP][PASSED] - Statement - RefNoOldFile = new java.io.File(C://Users//Admin//Desktop//PKS//Automation Reference Point//KatalonReference.txt): null

2018-11-29 12:32:51 - [TEST_STEP][PASSED] - Statement - RefNoOldFile.delete(): null

2018-11-29 12:32:51 - [TEST_STEP][PASSED] - delay: Delayed 5 second(s)

2018-11-29 12:32:56 - [MESSAGE][PASSED] - Delayed 5 second(s)

2018-11-29 12:32:56 - [TEST_STEP][PASSED] - Statement - RefNo = new java.io.File(C://Users//Admin//Desktop//PKS//Automation Reference Point//KatalonReference.txt): null

2018-11-29 12:32:56 - [TEST_STEP][PASSED] - Statement - f2 = new java.io.FileWriter(RefNo, false): null

2018-11-29 12:32:56 - [TEST_STEP][PASSED] - Statement - f2.write(CaseReferenceNo): null

2018-11-29 12:32:56 - [TEST_STEP][PASSED] - Statement - f2.close(): null

2018-11-29 12:32:56 - [TEST_STEP][PASSED] - Statement - out.println("


" + CaseReferenceNo + "


"): null

2018-11-29 12:32:56 - [MESSAGE][PASSED] - Call Test Case 'Test Cases/Final Aug 2018 - PKS Automation/Common/Reference Number Setter' successfully

2018-11-29 12:32:56 - [TEST_STEP][PASSED] - delay: Delayed 2 second(s)

2018-11-29 12:32:58 - [MESSAGE][PASSED] - Delayed 2 second(s)

2018-11-29 12:32:58 - [TEST_STEP][PASSED] - click: Object: 'Object Repository/Final Object Repo/Page_Form 3 EIS - Cessation as Employer/Save  Continue in Uploading Page' is clicked on

2018-11-29 12:32:58 - [MESSAGE][PASSED] - Object: 'Object Repository/Final Object Repo/Page_Form 3 EIS - Cessation as Employer/Save  Continue in Uploading Page' is clicked on

2018-11-29 12:32:58 - [TEST_STEP][PASSED] - delay: Delayed 2 second(s)

2018-11-29 12:33:00 - [MESSAGE][PASSED] - Delayed 2 second(s)

2018-11-29 12:33:00 - [TEST_STEP][PASSED] - click: Object: 'Object Repository/Final Object Repo/Page_Form 3 EIS - Cessation as Employer/Submit' is clicked on

2018-11-29 12:33:03 - [MESSAGE][PASSED] - Object: 'Object Repository/Final Object Repo/Page_Form 3 EIS - Cessation as Employer/Submit' is clicked on

2018-11-29 12:33:03 - [TEST_STEP][PASSED] - delay: Delayed 2 second(s)

2018-11-29 12:33:05 - [MESSAGE][PASSED] - Delayed 2 second(s)

2018-11-29 12:33:05 - [TEST_STEP][PASSED] - click: Object: 'Object Repository/Final Object Repo/Page_Form 3 EIS - Cessation as Employer/Confirm' is clicked on

2018-11-29 12:33:06 - [MESSAGE][PASSED] - Object: 'Object Repository/Final Object Repo/Page_Form 3 EIS - Cessation as Employer/Confirm' is clicked on

2018-11-29 12:33:06 - [TEST_STEP][PASSED] - delay: Delayed 2 second(s)

2018-11-29 12:33:08 - [MESSAGE][PASSED] - Delayed 2 second(s)

2018-11-29 12:33:08 - [TEST_STEP][PASSED] - click: Object: 'Object Repository/Final Object Repo/Page_Form 3 EIS - Cessation as Employer/Message Your Request will be routed to UO' is clicked on

2018-11-29 12:33:12 - [MESSAGE][PASSED] - Object: 'Object Repository/Final Object Repo/Page_Form 3 EIS - Cessation as Employer/Message Your Request will be routed to UO' is clicked on

2018-11-29 12:33:12 - [TEST_STEP][PASSED] - click: Object: 'Object Repository/Final Object Repo/Page_Form 3 EIS - Cessation as Employer/Letter of acknowledgement' is clicked on

2018-11-29 12:33:13 - [MESSAGE][PASSED] - Object: 'Object Repository/Final Object Repo/Page_Form 3 EIS - Cessation as Employer/Letter of acknowledgement' is clicked on

2018-11-29 12:33:13 - [MESSAGE][PASSED] - Call Test Case 'Test Cases/Final Aug 2018 - PKS Automation/Registration Module/Workflow/Form 3 EIS - Cessation As Employer/Template/Form 3 A - Cessation As Employer (Employer)' successfully

2018-11-29 12:33:13 - [TEST_STEP][PASSED] - callTestCase: Call Test Case 'Test Cases/Final Aug 2018 - PKS Automation/Registration Module/Workflow/Form 3 EIS - Cessation As Employer/Template/Form 3 A - Cessation As Employer (Reject)' successfully

2018-11-29 12:33:13 - [TEST_CASE][PASSED] - Test Cases/Final Aug 2018 - PKS Automation/Registration Module/Workflow/Form 3 EIS - Cessation As Employer/Template/Form 3 A - Cessation As Employer (Reject): Test Cases/Final Aug 2018 - PKS Automation/Registration Module/Workflow/Form 3 EIS - Cessation As Employer/Template/Form 3 A - Cessation As Employer (Reject)

2018-11-29 12:33:13 - [TEST_STEP][NOT_RUN] - callTestCase: NOT_RUN: callTestCase

2018-11-29 12:33:13 - [MESSAGE][NOT_RUN] - NOT_RUN: callTestCase

2018-11-29 12:33:13 - [TEST_STEP][PASSED] - delay: Delayed 1 second(s)

2018-11-29 12:33:14 - [MESSAGE][PASSED] - Delayed 1 second(s)

2018-11-29 12:33:14 - [TEST_STEP][PASSED] - navigateToUrl: Navigate to 'https://assist2-uat.perkeso.gov.my/c/portal/logout' successfully

2018-11-29 12:33:15 - [MESSAGE][PASSED] - Navigate to 'https://assist2-uat.perkeso.gov.my/c/portal/logout' successfully

2018-11-29 12:33:15 - [TEST_STEP][PASSED] - delay: Delayed 1 second(s)

2018-11-29 12:33:16 - [MESSAGE][PASSED] - Delayed 1 second(s)

2018-11-29 12:33:16 - [TEST_STEP][PASSED] - callTestCase: Call Test Case 'Test Cases/Final Aug 2018 - PKS Automation/Common/Reference Number Getter' successfully

2018-11-29 12:33:16 - [TEST_CASE][PASSED] - Test Cases/Final Aug 2018 - PKS Automation/Common/Reference Number Getter: Test Cases/Final Aug 2018 - PKS Automation/Common/Reference Number Getter

2018-11-29 12:33:16 - [TEST_STEP][PASSED] - Statement - Try: null

2018-11-29 12:33:16 - [TEST_STEP][PASSED] - Statement - RefNo = new java.io.File(C://Users//Admin//Desktop//PKS//Automation Reference Point//KatalonReference.txt): null

2018-11-29 12:33:16 - [TEST_STEP][PASSED] - Statement - bufferread = new java.io.BufferedReader(new java.io.FileReader(RefNo)): null

2018-11-29 12:33:16 - [TEST_STEP][PASSED] - Statement - readedVal = bufferread.readLine(): null

2018-11-29 12:33:16 - [TEST_STEP][PASSED] - Statement - out.println(CaseReferenceNo): null

2018-11-29 12:33:16 - [TEST_STEP][PASSED] - Statement - out.println(readedVal): null

2018-11-29 12:33:16 - [TEST_STEP][PASSED] - Statement - CaseReferenceNo = "": null

2018-11-29 12:33:16 - [TEST_STEP][PASSED] - Statement - CaseReferenceNo = readedVal: null

2018-11-29 12:33:16 - [MESSAGE][PASSED] - Call Test Case 'Test Cases/Final Aug 2018 - PKS Automation/Common/Reference Number Getter' successfully

2018-11-29 12:33:16 - [TEST_STEP][PASSED] - callTestCase: Call Test Case 'Test Cases/Final Aug 2018 - PKS Automation/Common/Workflow Owner Finder' successfully

2018-11-29 12:33:16 - [TEST_CASE][PASSED] - Test Cases/Final Aug 2018 - PKS Automation/Common/Workflow Owner Finder: Test Cases/Final Aug 2018 - PKS Automation/Common/Workflow Owner Finder

2018-11-29 12:33:16 - [TEST_STEP][PASSED] - openBrowser: Browser is opened with url: ''

2018-11-29 12:33:16 - [MESSAGE][WARNING] - A browser is already opened. Closing browser and opening a new one

2018-11-29 12:33:19 - [MESSAGE][PASSED] - Browser is opened with url: ''

2018-11-29 12:33:19 - [TEST_STEP][PASSED] - navigateToUrl: Navigate to 'https://assist2-uat.perkeso.gov.my/login' successfully

2018-11-29 12:33:20 - [MESSAGE][PASSED] - Navigate to 'https://assist2-uat.perkeso.gov.my/login' successfully

2018-11-29 12:33:20 - [TEST_STEP][PASSED] - delay: Delayed 5 second(s)

2018-11-29 12:33:25 - [MESSAGE][PASSED] - Delayed 5 second(s)

2018-11-29 12:33:25 - [TEST_STEP][PASSED] - setText: Text 'test@liferay.com' is set on object 'Object Repository/Final Object Repo/Login Page/Internal User/Email Address'

2018-11-29 12:33:26 - [MESSAGE][PASSED] - Text 'test@liferay.com' is set on object 'Object Repository/Final Object Repo/Login Page/Internal User/Email Address'

2018-11-29 12:33:26 - [TEST_STEP][PASSED] - click: Object: 'Object Repository/Final Object Repo/Login Page/Internal User/Next Button' is clicked on

2018-11-29 12:33:26 - [MESSAGE][PASSED] - Object: 'Object Repository/Final Object Repo/Login Page/Internal User/Next Button' is clicked on

2018-11-29 12:33:26 - [TEST_STEP][PASSED] - delay: Delayed 2 second(s)

2018-11-29 12:33:28 - [MESSAGE][PASSED] - Delayed 2 second(s)

2018-11-29 12:33:28 - [TEST_STEP][PASSED] - setText: Text 'test' is set on object 'Object Repository/Final Object Repo/Login Page/Internal User/Password'

2018-11-29 12:33:28 - [MESSAGE][PASSED] - Text 'test' is set on object 'Object Repository/Final Object Repo/Login Page/Internal User/Password'

2018-11-29 12:33:28 - [TEST_STEP][PASSED] - delay: Delayed 2 second(s)

2018-11-29 12:33:30 - [MESSAGE][PASSED] - Delayed 2 second(s)

2018-11-29 12:33:30 - [TEST_STEP][PASSED] - click: Object: 'Object Repository/Final Object Repo/Login Page/Internal User/Login Button' is clicked on

2018-11-29 12:33:30 - [MESSAGE][PASSED] - Object: 'Object Repository/Final Object Repo/Login Page/Internal User/Login Button' is clicked on

2018-11-29 12:33:30 - [TEST_STEP][PASSED] - Statement - Try: null

2018-11-29 12:33:30 - [TEST_STEP][PASSED] - Statement - Checker = com.kms.katalon.core.webui.keyword.WebUiBuiltInKeywords.verifyElementNotPresent("Final Object Repo/Landing Page/Select to English", 3): null

2018-11-29 12:33:30 - [TEST_STEP][PASSED] - Statement - Catch (Exception e): null

2018-11-29 12:33:30 - [TEST_STEP][PASSED] - Statement - e.printStackTrace(): null

2018-11-29 12:33:30 - [TEST_STEP][PASSED] - delay: Delayed 5 second(s)

2018-11-29 12:33:35 - [MESSAGE][PASSED] - Delayed 5 second(s)

2018-11-29 12:33:35 - [TEST_STEP][PASSED] - mouseOver: Object: 'Object Repository/Final Object Repo/Landing Page/WorkFlow Menu' is hovered

2018-11-29 12:33:35 - [MESSAGE][PASSED] - Object: 'Object Repository/Final Object Repo/Landing Page/WorkFlow Menu' is hovered

2018-11-29 12:33:35 - [TEST_STEP][PASSED] - delay: Delayed 2 second(s)

2018-11-29 12:33:37 - [MESSAGE][PASSED] - Delayed 2 second(s)

2018-11-29 12:33:37 - [TEST_STEP][PASSED] - click: Object: 'Object Repository/Final Object Repo/Landing Page/Select to Workflow Listing' is clicked on

2018-11-29 12:33:38 - [MESSAGE][PASSED] - Object: 'Object Repository/Final Object Repo/Landing Page/Select to Workflow Listing' is clicked on

2018-11-29 12:33:38 - [TEST_STEP][PASSED] - delay: Delayed 2 second(s)

2018-11-29 12:33:40 - [MESSAGE][PASSED] - Delayed 2 second(s)

2018-11-29 12:33:40 - [TEST_STEP][PASSED] - click: Object: 'Object Repository/Final Object Repo/WorkFlow Listing Page/Search Information - To Put Ref No' is clicked on

2018-11-29 12:33:41 - [MESSAGE][PASSED] - Object: 'Object Repository/Final Object Repo/WorkFlow Listing Page/Search Information - To Put Ref No' is clicked on

2018-11-29 12:33:41 - [TEST_STEP][PASSED] - delay: Delayed 2 second(s)

2018-11-29 12:33:43 - [MESSAGE][PASSED] - Delayed 2 second(s)

2018-11-29 12:33:43 - [TEST_STEP][PASSED] - callTestCase: Call Test Case 'Test Cases/Final Aug 2018 - PKS Automation/Common/Reference Number Getter' successfully

2018-11-29 12:33:43 - [TEST_CASE][PASSED] - Test Cases/Final Aug 2018 - PKS Automation/Common/Reference Number Getter: Test Cases/Final Aug 2018 - PKS Automation/Common/Reference Number Getter

2018-11-29 12:33:43 - [TEST_STEP][PASSED] - Statement - Try: null

2018-11-29 12:33:43 - [TEST_STEP][PASSED] - Statement - RefNo = new java.io.File(C://Users//Admin//Desktop//PKS//Automation Reference Point//KatalonReference.txt): null

2018-11-29 12:33:43 - [TEST_STEP][PASSED] - Statement - bufferread = new java.io.BufferedReader(new java.io.FileReader(RefNo)): null

2018-11-29 12:33:43 - [TEST_STEP][PASSED] - Statement - readedVal = bufferread.readLine(): null

2018-11-29 12:33:43 - [TEST_STEP][PASSED] - Statement - out.println(CaseReferenceNo): null

2018-11-29 12:33:43 - [TEST_STEP][PASSED] - Statement - out.println(readedVal): null

2018-11-29 12:33:43 - [TEST_STEP][PASSED] - Statement - CaseReferenceNo = "": null

2018-11-29 12:33:43 - [TEST_STEP][PASSED] - Statement - CaseReferenceNo = readedVal: null

2018-11-29 12:33:43 - [MESSAGE][PASSED] - Call Test Case 'Test Cases/Final Aug 2018 - PKS Automation/Common/Reference Number Getter' successfully

2018-11-29 12:33:43 - [TEST_STEP][PASSED] - setText: Text 'ERN112018C200002353' is set on object 'Object Repository/Final Object Repo/WorkFlow Listing Page/Ref No Set Text'

2018-11-29 12:33:43 - [MESSAGE][PASSED] - Text 'ERN112018C200002353' is set on object 'Object Repository/Final Object Repo/WorkFlow Listing Page/Ref No Set Text'

2018-11-29 12:33:43 - [TEST_STEP][PASSED] - delay: Delayed 2 second(s)

2018-11-29 12:33:45 - [MESSAGE][PASSED] - Delayed 2 second(s)

2018-11-29 12:33:45 - [TEST_STEP][PASSED] - click: Object: 'Object Repository/Final Object Repo/WorkFlow Listing Page/Search Ref No Search Button' is clicked on

2018-11-29 12:33:45 - [MESSAGE][PASSED] - Object: 'Object Repository/Final Object Repo/WorkFlow Listing Page/Search Ref No Search Button' is clicked on

2018-11-29 12:33:45 - [TEST_STEP][PASSED] - delay: Delayed 4 second(s)

2018-11-29 12:33:49 - [MESSAGE][PASSED] - Delayed 4 second(s)

2018-11-29 12:33:49 - [TEST_STEP][PASSED] - click: Object: 'Object Repository/Final Object Repo/WorkFlow Listing Page/Click Continue Tooltip' is clicked on

2018-11-29 12:33:50 - [MESSAGE][PASSED] - Object: 'Object Repository/Final Object Repo/WorkFlow Listing Page/Click Continue Tooltip' is clicked on

2018-11-29 12:33:50 - [TEST_STEP][PASSED] - delay: Delayed 5 second(s)

2018-11-29 12:33:55 - [MESSAGE][PASSED] - Delayed 5 second(s)

2018-11-29 12:33:55 - [TEST_STEP][PASSED] - doubleClick: Object: 'Object Repository/Final Object Repo/WorkFlow Listing Page/Workflow Found - Listing 1' is double clicked on

2018-11-29 12:33:56 - [MESSAGE][PASSED] - Object: 'Object Repository/Final Object Repo/WorkFlow Listing Page/Workflow Found - Listing 1' is double clicked on

2018-11-29 12:33:56 - [TEST_STEP][PASSED] - Statement - println(OwnerID): null

2018-11-29 12:33:56 - [TEST_STEP][PASSED] - Statement - OwnerID = com.kms.katalon.core.webui.keyword.WebUiBuiltInKeywords.getText(com.kms.katalon.core.testobject.ObjectRepository.findTestObject(Final Object Repo/WorkFlow Listing Page/Workflow Found - Listing 1), STOP_ON_FAILURE): Text of object 'Object Repository/Final Object Repo/WorkFlow Listing Page/Workflow Found - Listing 1' is: 'JOHORuo1'

2018-11-29 12:33:56 - [MESSAGE][PASSED] - Text of object 'Object Repository/Final Object Repo/WorkFlow Listing Page/Workflow Found - Listing 1' is: 'JOHORuo1'

2018-11-29 12:33:56 - [TEST_STEP][PASSED] - Statement - OwnerID = OwnerID.toLowerCase() + "@gmail.com": null

2018-11-29 12:33:56 - [TEST_STEP][PASSED] - Statement - println(OwnerID): null

2018-11-29 12:33:56 - [TEST_STEP][PASSED] - delay: Delayed 2 second(s)

2018-11-29 12:33:58 - [MESSAGE][PASSED] - Delayed 2 second(s)

2018-11-29 12:33:58 - [MESSAGE][PASSED] - Call Test Case 'Test Cases/Final Aug 2018 - PKS Automation/Common/Workflow Owner Finder' successfully

2018-11-29 12:33:58 - [TEST_STEP][PASSED] - delay: Delayed 1 second(s)

2018-11-29 12:33:59 - [MESSAGE][PASSED] - Delayed 1 second(s)

2018-11-29 12:33:59 - [TEST_STEP][PASSED] - navigateToUrl: Navigate to 'https://assist2-uat.perkeso.gov.my/c/portal/logout' successfully

2018-11-29 12:34:00 - [MESSAGE][PASSED] - Navigate to 'https://assist2-uat.perkeso.gov.my/c/portal/logout' successfully

2018-11-29 12:34:00 - [TEST_STEP][PASSED] - delay: Delayed 1 second(s)

2018-11-29 12:34:01 - [MESSAGE][PASSED] - Delayed 1 second(s)

2018-11-29 12:34:01 - [TEST_STEP][PASSED] - callTestCase: Call Test Case 'Test Cases/Final Aug 2018 - PKS Automation/Registration Module/Workflow/Login and Search Case For Workflow' successfully

2018-11-29 12:34:01 - [TEST_CASE][PASSED] - Test Cases/Final Aug 2018 - PKS Automation/Registration Module/Workflow/Login and Search Case For Workflow: Test Cases/Final Aug 2018 - PKS Automation/Registration Module/Workflow/Login and Search Case For Workflow

2018-11-29 12:34:01 - [TEST_STEP][PASSED] - navigateToUrl: Navigate to 'https://assist2-uat.perkeso.gov.my/login' successfully

2018-11-29 12:34:02 - [MESSAGE][PASSED] - Navigate to 'https://assist2-uat.perkeso.gov.my/login' successfully

2018-11-29 12:34:02 - [TEST_STEP][PASSED] - setText: Text 'johoruo1@gmail.com' is set on object 'Object Repository/Final Object Repo/Login Page/Internal User/Email Address'

2018-11-29 12:34:02 - [MESSAGE][PASSED] - Text 'johoruo1@gmail.com' is set on object 'Object Repository/Final Object Repo/Login Page/Internal User/Email Address'

2018-11-29 12:34:02 - [TEST_STEP][PASSED] - click: Object: 'Object Repository/Final Object Repo/Login Page/Internal User/Next Button' is clicked on

2018-11-29 12:34:02 - [MESSAGE][PASSED] - Object: 'Object Repository/Final Object Repo/Login Page/Internal User/Next Button' is clicked on

2018-11-29 12:34:02 - [TEST_STEP][PASSED] - delay: Delayed 1 second(s)

2018-11-29 12:34:03 - [MESSAGE][PASSED] - Delayed 1 second(s)

2018-11-29 12:34:03 - [TEST_STEP][PASSED] - setEncryptedText: Text ****** has been set on object 'Object Repository/Final Object Repo/Login Page/Internal User/Password'

2018-11-29 12:34:04 - [MESSAGE][PASSED] - Text ****** has been set on object 'Object Repository/Final Object Repo/Login Page/Internal User/Password'

2018-11-29 12:34:04 - [TEST_STEP][PASSED] - click: Object: 'Object Repository/Final Object Repo/Login Page/Internal User/Login Button' is clicked on

2018-11-29 12:34:04 - [MESSAGE][PASSED] - Object: 'Object Repository/Final Object Repo/Login Page/Internal User/Login Button' is clicked on

2018-11-29 12:34:04 - [TEST_STEP][PASSED] - delay: Delayed 2 second(s)

2018-11-29 12:34:06 - [MESSAGE][PASSED] - Delayed 2 second(s)

2018-11-29 12:34:06 - [TEST_STEP][PASSED] - Statement - Try: Delayed 2 second(s)

2018-11-29 12:34:06 - [TEST_STEP][PASSED] - Statement - Checker = false: null

2018-11-29 12:34:06 - [TEST_STEP][PASSED] - Statement - Checker = com.kms.katalon.core.webui.keyword.WebUiBuiltInKeywords.verifyElementHasAttribute(com.kms.katalon.core.testobject.ObjectRepository.findTestObject(Final Object Repo/Landing Page/BM Detecting), "href", 20, OPTIONAL): Object 'Object Repository/Final Object Repo/Landing Page/BM Detecting' has attribute 'href'

2018-11-29 12:34:06 - [MESSAGE][PASSED] - Object 'Object Repository/Final Object Repo/Landing Page/BM Detecting' has attribute 'href'

2018-11-29 12:34:06 - [TEST_STEP][PASSED] - Statement - out.println(Checker): null

2018-11-29 12:34:06 - [TEST_STEP][PASSED] - Statement - If (Checker == false): null

2018-11-29 12:34:06 - [TEST_STEP][PASSED] - Statement - Else: null

2018-11-29 12:34:06 - [TEST_STEP][PASSED] - delay: Delayed 2 second(s)

2018-11-29 12:34:08 - [MESSAGE][PASSED] - Delayed 2 second(s)

2018-11-29 12:34:08 - [TEST_STEP][PASSED] - click: Object: 'Object Repository/Final Object Repo/Page_MyASSIST - ASSIST - Search Pending Case For Add Supporting Document/Search Information' is clicked on

2018-11-29 12:34:09 - [MESSAGE][PASSED] - Object: 'Object Repository/Final Object Repo/Page_MyASSIST - ASSIST - Search Pending Case For Add Supporting Document/Search Information' is clicked on

2018-11-29 12:34:09 - [TEST_STEP][PASSED] - delay: Delayed 3 second(s)

2018-11-29 12:34:12 - [MESSAGE][PASSED] - Delayed 3 second(s)

2018-11-29 12:34:12 - [TEST_STEP][PASSED] - sendKeys: Keys 'ERN112018C200002353' sent to object: 'Object Repository/Final Object Repo/Page_MyASSIST - ASSIST - Search Pending Case For Add Supporting Document/Reference No'

2018-11-29 12:34:12 - [MESSAGE][PASSED] - Keys 'ERN112018C200002353' sent to object: 'Object Repository/Final Object Repo/Page_MyASSIST - ASSIST - Search Pending Case For Add Supporting Document/Reference No'

2018-11-29 12:34:12 - [TEST_STEP][PASSED] - click: Object: 'Object Repository/Final Object Repo/Page_MyASSIST - ASSIST - Search Pending Case For Add Supporting Document/Search Reference No' is clicked on

2018-11-29 12:34:12 - [MESSAGE][PASSED] - Object: 'Object Repository/Final Object Repo/Page_MyASSIST - ASSIST - Search Pending Case For Add Supporting Document/Search Reference No' is clicked on

2018-11-29 12:34:12 - [TEST_STEP][PASSED] - delay: Delayed 2 second(s)

2018-11-29 12:34:14 - [MESSAGE][PASSED] - Delayed 2 second(s)

2018-11-29 12:34:14 - [TEST_STEP][PASSED] - click: Object: 'Object Repository/Final Object Repo/Page_MyASSIST - ASSIST - Search Pending Case For Add Supporting Document/Continue' is clicked on

2018-11-29 12:34:17 - [MESSAGE][PASSED] - Object: 'Object Repository/Final Object Repo/Page_MyASSIST - ASSIST - Search Pending Case For Add Supporting Document/Continue' is clicked on

2018-11-29 12:34:17 - [TEST_STEP][PASSED] - delay: Delayed 20 second(s)

2018-11-29 12:34:37 - [MESSAGE][PASSED] - Delayed 20 second(s)

2018-11-29 12:34:37 - [MESSAGE][PASSED] - Call Test Case 'Test Cases/Final Aug 2018 - PKS Automation/Registration Module/Workflow/Login and Search Case For Workflow' successfully

2018-11-29 12:34:37 - [TEST_STEP][PASSED] - click: Object: 'Object Repository/Final Object Repo/Page_Form 3 EIS - Cessation as Employer/Page_Form 3 EIS - Cessation as Employer (Approve)/Save  Continue in Form 3 Page' is clicked on

2018-11-29 12:34:38 - [MESSAGE][PASSED] - Object: 'Object Repository/Final Object Repo/Page_Form 3 EIS - Cessation as Employer/Page_Form 3 EIS - Cessation as Employer (Approve)/Save  Continue in Form 3 Page' is clicked on

2018-11-29 12:34:38 - [TEST_STEP][PASSED] - delay: Delayed 2 second(s)

2018-11-29 12:34:40 - [MESSAGE][PASSED] - Delayed 2 second(s)

2018-11-29 12:34:40 - [TEST_STEP][PASSED] - click: Object: 'Object Repository/Final Object Repo/Page_Form 3 EIS - Cessation as Employer/Page_Form 3 EIS - Cessation as Employer (Approve)/Save  Continue in Resigned Page' is clicked on

2018-11-29 12:34:43 - [MESSAGE][PASSED] - Object: 'Object Repository/Final Object Repo/Page_Form 3 EIS - Cessation as Employer/Page_Form 3 EIS - Cessation as Employer (Approve)/Save  Continue in Resigned Page' is clicked on

2018-11-29 12:34:43 - [TEST_STEP][PASSED] - delay: Delayed 2 second(s)

2018-11-29 12:34:45 - [MESSAGE][PASSED] - Delayed 2 second(s)

2018-11-29 12:34:45 - [TEST_STEP][PASSED] - click: Object: 'Object Repository/Final Object Repo/Page_Form 3 EIS - Cessation as Employer/Page_Form 3 EIS - Cessation as Employer (Approve)/Save  Continue in Uploading Page' is clicked on

2018-11-29 12:34:46 - [MESSAGE][PASSED] - Object: 'Object Repository/Final Object Repo/Page_Form 3 EIS - Cessation as Employer/Page_Form 3 EIS - Cessation as Employer (Approve)/Save  Continue in Uploading Page' is clicked on

2018-11-29 12:34:46 - [TEST_STEP][PASSED] - delay: Delayed 2 second(s)

2018-11-29 12:34:48 - [MESSAGE][PASSED] - Delayed 2 second(s)

2018-11-29 12:34:48 - [TEST_STEP][PASSED] - click: Object: 'Object Repository/Final Object Repo/Page_Form 3 EIS - Cessation as Employer/Page_Form 3 EIS - Cessation as Employer (Reject)/Reject' is clicked on

2018-11-29 12:34:51 - [MESSAGE][PASSED] - Object: 'Object Repository/Final Object Repo/Page_Form 3 EIS - Cessation as Employer/Page_Form 3 EIS - Cessation as Employer (Reject)/Reject' is clicked on

2018-11-29 12:34:51 - [TEST_STEP][PASSED] - delay: Delayed 2 second(s)

2018-11-29 12:34:53 - [MESSAGE][PASSED] - Delayed 2 second(s)

2018-11-29 12:34:53 - [TEST_STEP][PASSED] - click: Object: 'Object Repository/Final Object Repo/Page_Form 3 EIS - Cessation as Employer/Page_Form 3 EIS - Cessation as Employer (Reject)/Confirm' is clicked on

2018-11-29 12:34:53 - [MESSAGE][PASSED] - Object: 'Object Repository/Final Object Repo/Page_Form 3 EIS - Cessation as Employer/Page_Form 3 EIS - Cessation as Employer (Reject)/Confirm' is clicked on

2018-11-29 12:34:53 - [TEST_STEP][PASSED] - delay: Delayed 2 second(s)

2018-11-29 12:34:55 - [MESSAGE][PASSED] - Delayed 2 second(s)

2018-11-29 12:34:55 - [TEST_STEP][PASSED] - click: Object: 'Object Repository/Final Object Repo/Page_Form 3 EIS - Cessation as Employer/Page_Form 3 EIS - Cessation as Employer (Reject)/Message This Case has been Rejected' is clicked on

2018-11-29 12:35:00 - [MESSAGE][PASSED] - Object: 'Object Repository/Final Object Repo/Page_Form 3 EIS - Cessation as Employer/Page_Form 3 EIS - Cessation as Employer (Reject)/Message This Case has been Rejected' is clicked on

2018-11-29 12:35:00 - [TEST_STEP][PASSED] - click: Object: 'Object Repository/Final Object Repo/Page_Form 3 EIS - Cessation as Employer/Page_Form 3 EIS - Cessation as Employer (Reject)/Letter of update rejection' is clicked on

2018-11-29 12:35:01 - [MESSAGE][PASSED] - Object: 'Object Repository/Final Object Repo/Page_Form 3 EIS - Cessation as Employer/Page_Form 3 EIS - Cessation as Employer (Reject)/Letter of update rejection' is clicked on

2018-11-29 12:35:01 - [MESSAGE][PASSED] - Call Test Case 'Test Cases/Final Aug 2018 - PKS Automation/Registration Module/Workflow/Form 3 EIS - Cessation As Employer/Template/Form 3 A - Cessation As Employer (Reject)' successfully]]></system-out>
         <system-err><![CDATA[]]></system-err>
      </testcase>
      <testcase name="Test Cases/Final Aug 2018 - PKS Automation/Registration Module/Workflow/Form 3 EIS - Cessation As Employer/Employer to UO (Under enforcement)" classname="Test Cases/Final Aug 2018 - PKS Automation/Registration Module/Workflow/Form 3 EIS - Cessation As Employer/Employer to UO (Under enforcement)" status="PASSED">
         <system-out><![CDATA[2018-11-29 12:35:01 - [TEST_CASE][PASSED] - Test Cases/Final Aug 2018 - PKS Automation/Registration Module/Workflow/Form 3 EIS - Cessation As Employer/Employer to UO (Under enforcement): Test Cases/Final Aug 2018 - PKS Automation/Registration Module/Workflow/Form 3 EIS - Cessation As Employer/Employer to UO (Under enforcement)

2018-11-29 12:35:01 - [TEST_STEP][PASSED] - callTestCase: Call Test Case 'Test Cases/Final Aug 2018 - PKS Automation/Registration Module/Workflow/Form 3 EIS - Cessation As Employer/Template/Form 3 A - Cessation As Employer (OTC)' successfully

2018-11-29 12:35:01 - [TEST_CASE][PASSED] - Test Cases/Final Aug 2018 - PKS Automation/Registration Module/Workflow/Form 3 EIS - Cessation As Employer/Template/Form 3 A - Cessation As Employer (OTC): Test Cases/Final Aug 2018 - PKS Automation/Registration Module/Workflow/Form 3 EIS - Cessation As Employer/Template/Form 3 A - Cessation As Employer (OTC)

2018-11-29 12:35:01 - [TEST_STEP][PASSED] - openBrowser: Browser is opened with url: ''

2018-11-29 12:35:01 - [MESSAGE][WARNING] - A browser is already opened. Closing browser and opening a new one

2018-11-29 12:35:05 - [MESSAGE][PASSED] - Browser is opened with url: ''

2018-11-29 12:35:05 - [TEST_STEP][PASSED] - navigateToUrl: Navigate to 'https://assist2-uat.perkeso.gov.my/login' successfully

2018-11-29 12:35:06 - [MESSAGE][PASSED] - Navigate to 'https://assist2-uat.perkeso.gov.my/login' successfully

2018-11-29 12:35:06 - [TEST_STEP][PASSED] - setText: Text 'johorotc1@gmail.com' is set on object 'Object Repository/Final Object Repo/Login Page/Internal User/Email Address'

2018-11-29 12:35:06 - [MESSAGE][PASSED] - Text 'johorotc1@gmail.com' is set on object 'Object Repository/Final Object Repo/Login Page/Internal User/Email Address'

2018-11-29 12:35:06 - [TEST_STEP][PASSED] - click: Object: 'Object Repository/Final Object Repo/Login Page/Internal User/Next Button' is clicked on

2018-11-29 12:35:06 - [MESSAGE][PASSED] - Object: 'Object Repository/Final Object Repo/Login Page/Internal User/Next Button' is clicked on

2018-11-29 12:35:06 - [TEST_STEP][PASSED] - delay: Delayed 1 second(s)

2018-11-29 12:35:07 - [MESSAGE][PASSED] - Delayed 1 second(s)

2018-11-29 12:35:07 - [TEST_STEP][PASSED] - setEncryptedText: Text ****** has been set on object 'Object Repository/Final Object Repo/Login Page/Internal User/Password'

2018-11-29 12:35:08 - [MESSAGE][PASSED] - Text ****** has been set on object 'Object Repository/Final Object Repo/Login Page/Internal User/Password'

2018-11-29 12:35:08 - [TEST_STEP][PASSED] - click: Object: 'Object Repository/Final Object Repo/Login Page/Internal User/Login Button' is clicked on

2018-11-29 12:35:08 - [MESSAGE][PASSED] - Object: 'Object Repository/Final Object Repo/Login Page/Internal User/Login Button' is clicked on

2018-11-29 12:35:08 - [TEST_STEP][PASSED] - delay: Delayed 1 second(s)

2018-11-29 12:35:09 - [MESSAGE][PASSED] - Delayed 1 second(s)

2018-11-29 12:35:09 - [TEST_STEP][PASSED] - Statement - Try: Delayed 2 second(s)

2018-11-29 12:35:09 - [TEST_STEP][PASSED] - Statement - Checker = false: null

2018-11-29 12:35:09 - [TEST_STEP][PASSED] - Statement - Checker = com.kms.katalon.core.webui.keyword.WebUiBuiltInKeywords.verifyElementHasAttribute(com.kms.katalon.core.testobject.ObjectRepository.findTestObject(Final Object Repo/Landing Page/BM Detecting), "href", 20, OPTIONAL): Object 'Object Repository/Final Object Repo/Landing Page/BM Detecting' has attribute 'href'

2018-11-29 12:35:11 - [MESSAGE][PASSED] - Object 'Object Repository/Final Object Repo/Landing Page/BM Detecting' has attribute 'href'

2018-11-29 12:35:11 - [TEST_STEP][PASSED] - Statement - out.println(Checker): null

2018-11-29 12:35:11 - [TEST_STEP][PASSED] - Statement - If (Checker == false): null

2018-11-29 12:35:11 - [TEST_STEP][PASSED] - Statement - Else: null

2018-11-29 12:35:11 - [TEST_STEP][PASSED] - delay: Delayed 2 second(s)

2018-11-29 12:35:13 - [MESSAGE][PASSED] - Delayed 2 second(s)

2018-11-29 12:35:13 - [TEST_STEP][PASSED] - navigateToUrl: Navigate to 'https://assist2-uat.perkeso.gov.my/web/registration/eis-update/form-3-eis-cessation-as-employer' successfully

2018-11-29 12:35:14 - [MESSAGE][PASSED] - Navigate to 'https://assist2-uat.perkeso.gov.my/web/registration/eis-update/form-3-eis-cessation-as-employer' successfully

2018-11-29 12:35:14 - [TEST_STEP][PASSED] - delay: Delayed 1 second(s)

2018-11-29 12:35:15 - [MESSAGE][PASSED] - Delayed 1 second(s)

2018-11-29 12:35:15 - [TEST_STEP][PASSED] - setText: Text 'E1102069769W' is set on object 'Object Repository/Final Object Repo/Page_Form 3 EIS - Cessation as Employer/Employer Code'

2018-11-29 12:35:15 - [MESSAGE][PASSED] - Text 'E1102069769W' is set on object 'Object Repository/Final Object Repo/Page_Form 3 EIS - Cessation as Employer/Employer Code'

2018-11-29 12:35:15 - [TEST_STEP][PASSED] - click: Object: 'Object Repository/Final Object Repo/Page_Form 3 EIS - Cessation as Employer/Search' is clicked on

2018-11-29 12:35:15 - [MESSAGE][PASSED] - Object: 'Object Repository/Final Object Repo/Page_Form 3 EIS - Cessation as Employer/Search' is clicked on

2018-11-29 12:35:15 - [TEST_STEP][PASSED] - click: Object: 'Object Repository/Final Object Repo/Page_Form 3 EIS - Cessation as Employer/Edit' is clicked on

2018-11-29 12:35:19 - [MESSAGE][PASSED] - Object: 'Object Repository/Final Object Repo/Page_Form 3 EIS - Cessation as Employer/Edit' is clicked on

2018-11-29 12:35:19 - [TEST_STEP][PASSED] - delay: Delayed 1 second(s)

2018-11-29 12:35:20 - [MESSAGE][PASSED] - Delayed 1 second(s)

2018-11-29 12:35:20 - [TEST_STEP][PASSED] - Statement - abc = com.kms.katalon.core.webui.keyword.WebUiBuiltInKeywords.getAttribute(com.kms.katalon.core.testobject.ObjectRepository.findTestObject(Final Object Repo/Page_Form 3 EIS - Cessation as Employer/Employer Status), "value"): Attribute 'value' of object 'Object Repository/Final Object Repo/Page_Form 3 EIS - Cessation as Employer/Employer Status' is: 'Active'

2018-11-29 12:35:20 - [MESSAGE][PASSED] - Attribute 'value' of object 'Object Repository/Final Object Repo/Page_Form 3 EIS - Cessation as Employer/Employer Status' is: 'Active'

2018-11-29 12:35:20 - [TEST_STEP][PASSED] - Statement - out.println(abc): null

2018-11-29 12:35:20 - [TEST_STEP][PASSED] - Statement - If (abc == "Active"): Object: 'Object Repository/Final Object Repo/Page_Form 3 EIS - Cessation as Employer/Dormant EIS' is clicked on

2018-11-29 12:35:20 - [TEST_STEP][PASSED] - click: Object: 'Object Repository/Final Object Repo/Page_Form 3 EIS - Cessation as Employer/Change Employer Status to' is clicked on

2018-11-29 12:35:21 - [MESSAGE][PASSED] - Object: 'Object Repository/Final Object Repo/Page_Form 3 EIS - Cessation as Employer/Change Employer Status to' is clicked on

2018-11-29 12:35:21 - [TEST_STEP][PASSED] - click: Object: 'Object Repository/Final Object Repo/Page_Form 3 EIS - Cessation as Employer/Dormant EIS' is clicked on

2018-11-29 12:35:21 - [MESSAGE][PASSED] - Object: 'Object Repository/Final Object Repo/Page_Form 3 EIS - Cessation as Employer/Dormant EIS' is clicked on

2018-11-29 12:35:21 - [TEST_STEP][PASSED] - click: Object: 'Object Repository/Final Object Repo/Page_Form 3 EIS - Cessation as Employer/Calender' is clicked on

2018-11-29 12:35:21 - [MESSAGE][PASSED] - Object: 'Object Repository/Final Object Repo/Page_Form 3 EIS - Cessation as Employer/Calender' is clicked on

2018-11-29 12:35:21 - [TEST_STEP][PASSED] - delay: Delayed 1 second(s)

2018-11-29 12:35:22 - [MESSAGE][PASSED] - Delayed 1 second(s)

2018-11-29 12:35:22 - [TEST_STEP][PASSED] - click: Object: 'Object Repository/Final Object Repo/Page_Form 3 EIS - Cessation as Employer/Calender - Date' is clicked on

2018-11-29 12:35:22 - [MESSAGE][PASSED] - Object: 'Object Repository/Final Object Repo/Page_Form 3 EIS - Cessation as Employer/Calender - Date' is clicked on

2018-11-29 12:35:22 - [TEST_STEP][PASSED] - click: Object: 'Object Repository/Final Object Repo/Page_Form 3 EIS - Cessation as Employer/Save  Continue in Form 3 EIS Page' is clicked on

2018-11-29 12:35:24 - [MESSAGE][PASSED] - Object: 'Object Repository/Final Object Repo/Page_Form 3 EIS - Cessation as Employer/Save  Continue in Form 3 EIS Page' is clicked on

2018-11-29 12:35:24 - [TEST_STEP][PASSED] - delay: Delayed 1 second(s)

2018-11-29 12:35:25 - [MESSAGE][PASSED] - Delayed 1 second(s)

2018-11-29 12:35:25 - [TEST_STEP][PASSED] - click: Object: 'Object Repository/Final Object Repo/Page_Form 3 EIS - Cessation as Employer/Employment Resign Date' is clicked on

2018-11-29 12:35:27 - [MESSAGE][PASSED] - Object: 'Object Repository/Final Object Repo/Page_Form 3 EIS - Cessation as Employer/Employment Resign Date' is clicked on

2018-11-29 12:35:27 - [TEST_STEP][PASSED] - selectOptionByValue: All options with value '2030' are selected in object 'Object Repository/Final Object Repo/Page_Form 3 EIS - Cessation as Employer/Employment Resign Date - Year' 

2018-11-29 12:35:28 - [MESSAGE][PASSED] - All options with value '2030' are selected in object 'Object Repository/Final Object Repo/Page_Form 3 EIS - Cessation as Employer/Employment Resign Date - Year' 

2018-11-29 12:35:28 - [TEST_STEP][PASSED] - delay: Delayed 2 second(s)

2018-11-29 12:35:30 - [MESSAGE][PASSED] - Delayed 2 second(s)

2018-11-29 12:35:30 - [TEST_STEP][PASSED] - click: Object: 'Object Repository/Final Object Repo/Page_Form 3 EIS - Cessation as Employer/Employment Resign Date - Year - Date' is clicked on

2018-11-29 12:35:30 - [MESSAGE][PASSED] - Object: 'Object Repository/Final Object Repo/Page_Form 3 EIS - Cessation as Employer/Employment Resign Date - Year - Date' is clicked on

2018-11-29 12:35:30 - [TEST_STEP][PASSED] - delay: Delayed 2 second(s)

2018-11-29 12:35:32 - [MESSAGE][PASSED] - Delayed 2 second(s)

2018-11-29 12:35:32 - [TEST_STEP][PASSED] - click: Object: 'Object Repository/Final Object Repo/Page_Form 3 EIS - Cessation as Employer/Save  Continue in Employment Resign Page' is clicked on

2018-11-29 12:35:33 - [MESSAGE][PASSED] - Object: 'Object Repository/Final Object Repo/Page_Form 3 EIS - Cessation as Employer/Save  Continue in Employment Resign Page' is clicked on

2018-11-29 12:35:33 - [TEST_STEP][PASSED] - delay: Delayed 2 second(s)

2018-11-29 12:35:35 - [MESSAGE][PASSED] - Delayed 2 second(s)

2018-11-29 12:35:35 - [TEST_STEP][PASSED] - click: Object: 'Object Repository/Final Object Repo/Page_Form 3 EIS - Cessation as Employer/Set Latest - Yes' is clicked on

2018-11-29 12:35:35 - [MESSAGE][PASSED] - Object: 'Object Repository/Final Object Repo/Page_Form 3 EIS - Cessation as Employer/Set Latest - Yes' is clicked on

2018-11-29 12:35:35 - [TEST_STEP][PASSED] - delay: Delayed 2 second(s)

2018-11-29 12:35:37 - [MESSAGE][PASSED] - Delayed 2 second(s)

2018-11-29 12:35:37 - [TEST_STEP][PASSED] - click: Object: 'Object Repository/Final Object Repo/Page_Form 3 EIS - Cessation as Employer/Add Document' is clicked on

2018-11-29 12:35:38 - [MESSAGE][PASSED] - Object: 'Object Repository/Final Object Repo/Page_Form 3 EIS - Cessation as Employer/Add Document' is clicked on

2018-11-29 12:35:38 - [TEST_STEP][PASSED] - delay: Delayed 3 second(s)

2018-11-29 12:35:41 - [MESSAGE][PASSED] - Delayed 3 second(s)

2018-11-29 12:35:41 - [TEST_STEP][PASSED] - click: Object: 'Object Repository/Final Object Repo/Page_Form 3 EIS - Cessation as Employer/Document Type' is clicked on

2018-11-29 12:35:41 - [MESSAGE][PASSED] - Object: 'Object Repository/Final Object Repo/Page_Form 3 EIS - Cessation as Employer/Document Type' is clicked on

2018-11-29 12:35:41 - [TEST_STEP][PASSED] - click: Object: 'Object Repository/Final Object Repo/Page_Form 3 EIS - Cessation as Employer/Document Type - Form 3' is clicked on

2018-11-29 12:35:42 - [MESSAGE][PASSED] - Object: 'Object Repository/Final Object Repo/Page_Form 3 EIS - Cessation as Employer/Document Type - Form 3' is clicked on

2018-11-29 12:35:42 - [TEST_STEP][PASSED] - delay: Delayed 2 second(s)

2018-11-29 12:35:44 - [MESSAGE][PASSED] - Delayed 2 second(s)

2018-11-29 12:35:44 - [TEST_STEP][PASSED] - sendKeys: Keys 'C:\Users\Public\Pictures\Sample Pictures\Koala.jpg' sent to object: 'Object Repository/Final Object Repo/Page_Form 3 EIS - Cessation as Employer/ploading File'

2018-11-29 12:35:44 - [MESSAGE][PASSED] - Keys 'C:\Users\Public\Pictures\Sample Pictures\Koala.jpg' sent to object: 'Object Repository/Final Object Repo/Page_Form 3 EIS - Cessation as Employer/ploading File'

2018-11-29 12:35:44 - [TEST_STEP][PASSED] - delay: Delayed 1 second(s)

2018-11-29 12:35:45 - [MESSAGE][PASSED] - Delayed 1 second(s)

2018-11-29 12:35:45 - [TEST_STEP][PASSED] - click: Object: 'Object Repository/Final Object Repo/Page_Form 3 EIS - Cessation as Employer/Add Document in Uploading Page' is clicked on

2018-11-29 12:35:45 - [MESSAGE][PASSED] - Object: 'Object Repository/Final Object Repo/Page_Form 3 EIS - Cessation as Employer/Add Document in Uploading Page' is clicked on

2018-11-29 12:35:45 - [TEST_STEP][PASSED] - delay: Delayed 2 second(s)

2018-11-29 12:35:47 - [MESSAGE][PASSED] - Delayed 2 second(s)

2018-11-29 12:35:47 - [TEST_STEP][PASSED] - Statement - CaseReferenceNo = com.kms.katalon.core.webui.keyword.WebUiBuiltInKeywords.getText(com.kms.katalon.core.testobject.ObjectRepository.findTestObject(Final Object Repo/Page_Update Employer Information/Reference Number in Update Employee Information Page)): Text of object 'Object Repository/Final Object Repo/Page_Update Employer Information/Reference Number in Update Employee Information Page' is: 'ERN112018C200002354'

2018-11-29 12:35:49 - [MESSAGE][PASSED] - Text of object 'Object Repository/Final Object Repo/Page_Update Employer Information/Reference Number in Update Employee Information Page' is: 'ERN112018C200002354'

2018-11-29 12:35:49 - [TEST_STEP][PASSED] - callTestCase: Call Test Case 'Test Cases/Final Aug 2018 - PKS Automation/Common/Reference Number Setter' successfully

2018-11-29 12:35:49 - [TEST_CASE][PASSED] - Test Cases/Final Aug 2018 - PKS Automation/Common/Reference Number Setter: Test Cases/Final Aug 2018 - PKS Automation/Common/Reference Number Setter

2018-11-29 12:35:49 - [TEST_STEP][PASSED] - Statement - RefNoOldFile = new java.io.File(C://Users//Admin//Desktop//PKS//Automation Reference Point//KatalonReference.txt): null

2018-11-29 12:35:49 - [TEST_STEP][PASSED] - Statement - RefNoOldFile.delete(): null

2018-11-29 12:35:49 - [TEST_STEP][PASSED] - delay: Delayed 5 second(s)

2018-11-29 12:35:54 - [MESSAGE][PASSED] - Delayed 5 second(s)

2018-11-29 12:35:54 - [TEST_STEP][PASSED] - Statement - RefNo = new java.io.File(C://Users//Admin//Desktop//PKS//Automation Reference Point//KatalonReference.txt): null

2018-11-29 12:35:54 - [TEST_STEP][PASSED] - Statement - f2 = new java.io.FileWriter(RefNo, false): null

2018-11-29 12:35:54 - [TEST_STEP][PASSED] - Statement - f2.write(CaseReferenceNo): null

2018-11-29 12:35:54 - [TEST_STEP][PASSED] - Statement - f2.close(): null

2018-11-29 12:35:54 - [TEST_STEP][PASSED] - Statement - out.println("


" + CaseReferenceNo + "


"): null

2018-11-29 12:35:54 - [MESSAGE][PASSED] - Call Test Case 'Test Cases/Final Aug 2018 - PKS Automation/Common/Reference Number Setter' successfully

2018-11-29 12:35:54 - [TEST_STEP][PASSED] - delay: Delayed 2 second(s)

2018-11-29 12:35:56 - [MESSAGE][PASSED] - Delayed 2 second(s)

2018-11-29 12:35:56 - [TEST_STEP][PASSED] - click: Object: 'Object Repository/Final Object Repo/Page_Form 3 EIS - Cessation as Employer/Save  Continue in Uploading Page' is clicked on

2018-11-29 12:35:56 - [MESSAGE][PASSED] - Object: 'Object Repository/Final Object Repo/Page_Form 3 EIS - Cessation as Employer/Save  Continue in Uploading Page' is clicked on

2018-11-29 12:35:56 - [TEST_STEP][PASSED] - delay: Delayed 2 second(s)

2018-11-29 12:35:58 - [MESSAGE][PASSED] - Delayed 2 second(s)

2018-11-29 12:35:58 - [TEST_STEP][PASSED] - click: Object: 'Object Repository/Final Object Repo/Page_Form 3 EIS - Cessation as Employer/Submit' is clicked on

2018-11-29 12:36:01 - [MESSAGE][PASSED] - Object: 'Object Repository/Final Object Repo/Page_Form 3 EIS - Cessation as Employer/Submit' is clicked on

2018-11-29 12:36:01 - [TEST_STEP][PASSED] - delay: Delayed 2 second(s)

2018-11-29 12:36:03 - [MESSAGE][PASSED] - Delayed 2 second(s)

2018-11-29 12:36:03 - [TEST_STEP][PASSED] - click: Object: 'Object Repository/Final Object Repo/Page_Form 3 EIS - Cessation as Employer/Confirm' is clicked on

2018-11-29 12:36:04 - [MESSAGE][PASSED] - Object: 'Object Repository/Final Object Repo/Page_Form 3 EIS - Cessation as Employer/Confirm' is clicked on

2018-11-29 12:36:04 - [TEST_STEP][PASSED] - delay: Delayed 2 second(s)

2018-11-29 12:36:06 - [MESSAGE][PASSED] - Delayed 2 second(s)

2018-11-29 12:36:06 - [TEST_STEP][PASSED] - click: Object: 'Object Repository/Final Object Repo/Page_Form 3 EIS - Cessation as Employer/Message Your Request will be routed to UO' is clicked on

2018-11-29 12:36:10 - [MESSAGE][PASSED] - Object: 'Object Repository/Final Object Repo/Page_Form 3 EIS - Cessation as Employer/Message Your Request will be routed to UO' is clicked on

2018-11-29 12:36:10 - [TEST_STEP][PASSED] - click: Object: 'Object Repository/Final Object Repo/Page_Form 3 EIS - Cessation as Employer/Letter of acknowledgement' is clicked on

2018-11-29 12:36:10 - [MESSAGE][PASSED] - Object: 'Object Repository/Final Object Repo/Page_Form 3 EIS - Cessation as Employer/Letter of acknowledgement' is clicked on

2018-11-29 12:36:10 - [MESSAGE][PASSED] - Call Test Case 'Test Cases/Final Aug 2018 - PKS Automation/Registration Module/Workflow/Form 3 EIS - Cessation As Employer/Template/Form 3 A - Cessation As Employer (OTC)' successfully

2018-11-29 12:36:10 - [TEST_STEP][PASSED] - callTestCase: Call Test Case 'Test Cases/Final Aug 2018 - PKS Automation/Registration Module/Workflow/Form 3 EIS - Cessation As Employer/Template/Form 3 A - Cessation As Employer (Under enforcement)' successfully

2018-11-29 12:36:10 - [TEST_CASE][PASSED] - Test Cases/Final Aug 2018 - PKS Automation/Registration Module/Workflow/Form 3 EIS - Cessation As Employer/Template/Form 3 A - Cessation As Employer (Under enforcement): Test Cases/Final Aug 2018 - PKS Automation/Registration Module/Workflow/Form 3 EIS - Cessation As Employer/Template/Form 3 A - Cessation As Employer (Under enforcement)

2018-11-29 12:36:11 - [TEST_STEP][NOT_RUN] - callTestCase: NOT_RUN: callTestCase

2018-11-29 12:36:11 - [MESSAGE][NOT_RUN] - NOT_RUN: callTestCase

2018-11-29 12:36:11 - [TEST_STEP][PASSED] - delay: Delayed 1 second(s)

2018-11-29 12:36:12 - [MESSAGE][PASSED] - Delayed 1 second(s)

2018-11-29 12:36:12 - [TEST_STEP][PASSED] - navigateToUrl: Navigate to 'https://assist2-uat.perkeso.gov.my/c/portal/logout' successfully

2018-11-29 12:36:13 - [MESSAGE][PASSED] - Navigate to 'https://assist2-uat.perkeso.gov.my/c/portal/logout' successfully

2018-11-29 12:36:13 - [TEST_STEP][PASSED] - delay: Delayed 1 second(s)

2018-11-29 12:36:14 - [MESSAGE][PASSED] - Delayed 1 second(s)

2018-11-29 12:36:14 - [TEST_STEP][PASSED] - callTestCase: Call Test Case 'Test Cases/Final Aug 2018 - PKS Automation/Common/Reference Number Getter' successfully

2018-11-29 12:36:14 - [TEST_CASE][PASSED] - Test Cases/Final Aug 2018 - PKS Automation/Common/Reference Number Getter: Test Cases/Final Aug 2018 - PKS Automation/Common/Reference Number Getter

2018-11-29 12:36:14 - [TEST_STEP][PASSED] - Statement - Try: null

2018-11-29 12:36:14 - [TEST_STEP][PASSED] - Statement - RefNo = new java.io.File(C://Users//Admin//Desktop//PKS//Automation Reference Point//KatalonReference.txt): null

2018-11-29 12:36:14 - [TEST_STEP][PASSED] - Statement - bufferread = new java.io.BufferedReader(new java.io.FileReader(RefNo)): null

2018-11-29 12:36:14 - [TEST_STEP][PASSED] - Statement - readedVal = bufferread.readLine(): null

2018-11-29 12:36:14 - [TEST_STEP][PASSED] - Statement - out.println(CaseReferenceNo): null

2018-11-29 12:36:14 - [TEST_STEP][PASSED] - Statement - out.println(readedVal): null

2018-11-29 12:36:14 - [TEST_STEP][PASSED] - Statement - CaseReferenceNo = "": null

2018-11-29 12:36:14 - [TEST_STEP][PASSED] - Statement - CaseReferenceNo = readedVal: null

2018-11-29 12:36:14 - [MESSAGE][PASSED] - Call Test Case 'Test Cases/Final Aug 2018 - PKS Automation/Common/Reference Number Getter' successfully

2018-11-29 12:36:14 - [TEST_STEP][PASSED] - callTestCase: Call Test Case 'Test Cases/Final Aug 2018 - PKS Automation/Common/Workflow Owner Finder' successfully

2018-11-29 12:36:14 - [TEST_CASE][PASSED] - Test Cases/Final Aug 2018 - PKS Automation/Common/Workflow Owner Finder: Test Cases/Final Aug 2018 - PKS Automation/Common/Workflow Owner Finder

2018-11-29 12:36:14 - [TEST_STEP][PASSED] - openBrowser: Browser is opened with url: ''

2018-11-29 12:36:14 - [MESSAGE][WARNING] - A browser is already opened. Closing browser and opening a new one

2018-11-29 12:36:17 - [MESSAGE][PASSED] - Browser is opened with url: ''

2018-11-29 12:36:17 - [TEST_STEP][PASSED] - navigateToUrl: Navigate to 'https://assist2-uat.perkeso.gov.my/login' successfully

2018-11-29 12:36:18 - [MESSAGE][PASSED] - Navigate to 'https://assist2-uat.perkeso.gov.my/login' successfully

2018-11-29 12:36:18 - [TEST_STEP][PASSED] - delay: Delayed 5 second(s)

2018-11-29 12:36:23 - [MESSAGE][PASSED] - Delayed 5 second(s)

2018-11-29 12:36:23 - [TEST_STEP][PASSED] - setText: Text 'test@liferay.com' is set on object 'Object Repository/Final Object Repo/Login Page/Internal User/Email Address'

2018-11-29 12:36:23 - [MESSAGE][PASSED] - Text 'test@liferay.com' is set on object 'Object Repository/Final Object Repo/Login Page/Internal User/Email Address'

2018-11-29 12:36:23 - [TEST_STEP][PASSED] - click: Object: 'Object Repository/Final Object Repo/Login Page/Internal User/Next Button' is clicked on

2018-11-29 12:36:24 - [MESSAGE][PASSED] - Object: 'Object Repository/Final Object Repo/Login Page/Internal User/Next Button' is clicked on

2018-11-29 12:36:24 - [TEST_STEP][PASSED] - delay: Delayed 2 second(s)

2018-11-29 12:36:26 - [MESSAGE][PASSED] - Delayed 2 second(s)

2018-11-29 12:36:26 - [TEST_STEP][PASSED] - setText: Text 'test' is set on object 'Object Repository/Final Object Repo/Login Page/Internal User/Password'

2018-11-29 12:36:26 - [MESSAGE][PASSED] - Text 'test' is set on object 'Object Repository/Final Object Repo/Login Page/Internal User/Password'

2018-11-29 12:36:26 - [TEST_STEP][PASSED] - delay: Delayed 2 second(s)

2018-11-29 12:36:28 - [MESSAGE][PASSED] - Delayed 2 second(s)

2018-11-29 12:36:28 - [TEST_STEP][PASSED] - click: Object: 'Object Repository/Final Object Repo/Login Page/Internal User/Login Button' is clicked on

2018-11-29 12:36:28 - [MESSAGE][PASSED] - Object: 'Object Repository/Final Object Repo/Login Page/Internal User/Login Button' is clicked on

2018-11-29 12:36:28 - [TEST_STEP][PASSED] - Statement - Try: null

2018-11-29 12:36:28 - [TEST_STEP][PASSED] - Statement - Checker = com.kms.katalon.core.webui.keyword.WebUiBuiltInKeywords.verifyElementNotPresent("Final Object Repo/Landing Page/Select to English", 3): null

2018-11-29 12:36:28 - [TEST_STEP][PASSED] - Statement - Catch (Exception e): null

2018-11-29 12:36:28 - [TEST_STEP][PASSED] - Statement - e.printStackTrace(): null

2018-11-29 12:36:28 - [TEST_STEP][PASSED] - delay: Delayed 5 second(s)

2018-11-29 12:36:33 - [MESSAGE][PASSED] - Delayed 5 second(s)

2018-11-29 12:36:33 - [TEST_STEP][PASSED] - mouseOver: Object: 'Object Repository/Final Object Repo/Landing Page/WorkFlow Menu' is hovered

2018-11-29 12:36:33 - [MESSAGE][PASSED] - Object: 'Object Repository/Final Object Repo/Landing Page/WorkFlow Menu' is hovered

2018-11-29 12:36:33 - [TEST_STEP][PASSED] - delay: Delayed 2 second(s)

2018-11-29 12:36:35 - [MESSAGE][PASSED] - Delayed 2 second(s)

2018-11-29 12:36:35 - [TEST_STEP][PASSED] - click: Object: 'Object Repository/Final Object Repo/Landing Page/Select to Workflow Listing' is clicked on

2018-11-29 12:36:36 - [MESSAGE][PASSED] - Object: 'Object Repository/Final Object Repo/Landing Page/Select to Workflow Listing' is clicked on

2018-11-29 12:36:36 - [TEST_STEP][PASSED] - delay: Delayed 2 second(s)

2018-11-29 12:36:38 - [MESSAGE][PASSED] - Delayed 2 second(s)

2018-11-29 12:36:38 - [TEST_STEP][PASSED] - click: Object: 'Object Repository/Final Object Repo/WorkFlow Listing Page/Search Information - To Put Ref No' is clicked on

2018-11-29 12:36:39 - [MESSAGE][PASSED] - Object: 'Object Repository/Final Object Repo/WorkFlow Listing Page/Search Information - To Put Ref No' is clicked on

2018-11-29 12:36:39 - [TEST_STEP][PASSED] - delay: Delayed 2 second(s)

2018-11-29 12:36:41 - [MESSAGE][PASSED] - Delayed 2 second(s)

2018-11-29 12:36:41 - [TEST_STEP][PASSED] - callTestCase: Call Test Case 'Test Cases/Final Aug 2018 - PKS Automation/Common/Reference Number Getter' successfully

2018-11-29 12:36:41 - [TEST_CASE][PASSED] - Test Cases/Final Aug 2018 - PKS Automation/Common/Reference Number Getter: Test Cases/Final Aug 2018 - PKS Automation/Common/Reference Number Getter

2018-11-29 12:36:41 - [TEST_STEP][PASSED] - Statement - Try: null

2018-11-29 12:36:41 - [TEST_STEP][PASSED] - Statement - RefNo = new java.io.File(C://Users//Admin//Desktop//PKS//Automation Reference Point//KatalonReference.txt): null

2018-11-29 12:36:41 - [TEST_STEP][PASSED] - Statement - bufferread = new java.io.BufferedReader(new java.io.FileReader(RefNo)): null

2018-11-29 12:36:41 - [TEST_STEP][PASSED] - Statement - readedVal = bufferread.readLine(): null

2018-11-29 12:36:41 - [TEST_STEP][PASSED] - Statement - out.println(CaseReferenceNo): null

2018-11-29 12:36:41 - [TEST_STEP][PASSED] - Statement - out.println(readedVal): null

2018-11-29 12:36:41 - [TEST_STEP][PASSED] - Statement - CaseReferenceNo = "": null

2018-11-29 12:36:41 - [TEST_STEP][PASSED] - Statement - CaseReferenceNo = readedVal: null

2018-11-29 12:36:41 - [MESSAGE][PASSED] - Call Test Case 'Test Cases/Final Aug 2018 - PKS Automation/Common/Reference Number Getter' successfully

2018-11-29 12:36:41 - [TEST_STEP][PASSED] - setText: Text 'ERN112018C200002354' is set on object 'Object Repository/Final Object Repo/WorkFlow Listing Page/Ref No Set Text'

2018-11-29 12:36:41 - [MESSAGE][PASSED] - Text 'ERN112018C200002354' is set on object 'Object Repository/Final Object Repo/WorkFlow Listing Page/Ref No Set Text'

2018-11-29 12:36:41 - [TEST_STEP][PASSED] - delay: Delayed 2 second(s)

2018-11-29 12:36:43 - [MESSAGE][PASSED] - Delayed 2 second(s)

2018-11-29 12:36:43 - [TEST_STEP][PASSED] - click: Object: 'Object Repository/Final Object Repo/WorkFlow Listing Page/Search Ref No Search Button' is clicked on

2018-11-29 12:36:43 - [MESSAGE][PASSED] - Object: 'Object Repository/Final Object Repo/WorkFlow Listing Page/Search Ref No Search Button' is clicked on

2018-11-29 12:36:43 - [TEST_STEP][PASSED] - delay: Delayed 4 second(s)

2018-11-29 12:36:47 - [MESSAGE][PASSED] - Delayed 4 second(s)

2018-11-29 12:36:47 - [TEST_STEP][PASSED] - click: Object: 'Object Repository/Final Object Repo/WorkFlow Listing Page/Click Continue Tooltip' is clicked on

2018-11-29 12:36:48 - [MESSAGE][PASSED] - Object: 'Object Repository/Final Object Repo/WorkFlow Listing Page/Click Continue Tooltip' is clicked on

2018-11-29 12:36:48 - [TEST_STEP][PASSED] - delay: Delayed 5 second(s)

2018-11-29 12:36:53 - [MESSAGE][PASSED] - Delayed 5 second(s)

2018-11-29 12:36:53 - [TEST_STEP][PASSED] - doubleClick: Object: 'Object Repository/Final Object Repo/WorkFlow Listing Page/Workflow Found - Listing 1' is double clicked on

2018-11-29 12:36:54 - [MESSAGE][PASSED] - Object: 'Object Repository/Final Object Repo/WorkFlow Listing Page/Workflow Found - Listing 1' is double clicked on

2018-11-29 12:36:54 - [TEST_STEP][PASSED] - Statement - println(OwnerID): null

2018-11-29 12:36:54 - [TEST_STEP][PASSED] - Statement - OwnerID = com.kms.katalon.core.webui.keyword.WebUiBuiltInKeywords.getText(com.kms.katalon.core.testobject.ObjectRepository.findTestObject(Final Object Repo/WorkFlow Listing Page/Workflow Found - Listing 1), STOP_ON_FAILURE): Text of object 'Object Repository/Final Object Repo/WorkFlow Listing Page/Workflow Found - Listing 1' is: 'JOHORuo3'

2018-11-29 12:36:54 - [MESSAGE][PASSED] - Text of object 'Object Repository/Final Object Repo/WorkFlow Listing Page/Workflow Found - Listing 1' is: 'JOHORuo3'

2018-11-29 12:36:54 - [TEST_STEP][PASSED] - Statement - OwnerID = OwnerID.toLowerCase() + "@gmail.com": null

2018-11-29 12:36:54 - [TEST_STEP][PASSED] - Statement - println(OwnerID): null

2018-11-29 12:36:54 - [TEST_STEP][PASSED] - delay: Delayed 2 second(s)

2018-11-29 12:36:56 - [MESSAGE][PASSED] - Delayed 2 second(s)

2018-11-29 12:36:56 - [MESSAGE][PASSED] - Call Test Case 'Test Cases/Final Aug 2018 - PKS Automation/Common/Workflow Owner Finder' successfully

2018-11-29 12:36:56 - [TEST_STEP][PASSED] - delay: Delayed 1 second(s)

2018-11-29 12:36:57 - [MESSAGE][PASSED] - Delayed 1 second(s)

2018-11-29 12:36:57 - [TEST_STEP][PASSED] - navigateToUrl: Navigate to 'https://assist2-uat.perkeso.gov.my/c/portal/logout' successfully

2018-11-29 12:36:58 - [MESSAGE][PASSED] - Navigate to 'https://assist2-uat.perkeso.gov.my/c/portal/logout' successfully

2018-11-29 12:36:58 - [TEST_STEP][PASSED] - delay: Delayed 1 second(s)

2018-11-29 12:36:59 - [MESSAGE][PASSED] - Delayed 1 second(s)

2018-11-29 12:36:59 - [TEST_STEP][PASSED] - callTestCase: Call Test Case 'Test Cases/Final Aug 2018 - PKS Automation/Registration Module/Workflow/Login and Search Case For Workflow' successfully

2018-11-29 12:36:59 - [TEST_CASE][PASSED] - Test Cases/Final Aug 2018 - PKS Automation/Registration Module/Workflow/Login and Search Case For Workflow: Test Cases/Final Aug 2018 - PKS Automation/Registration Module/Workflow/Login and Search Case For Workflow

2018-11-29 12:36:59 - [TEST_STEP][PASSED] - navigateToUrl: Navigate to 'https://assist2-uat.perkeso.gov.my/login' successfully

2018-11-29 12:36:59 - [MESSAGE][PASSED] - Navigate to 'https://assist2-uat.perkeso.gov.my/login' successfully

2018-11-29 12:36:59 - [TEST_STEP][PASSED] - setText: Text 'johoruo3@gmail.com' is set on object 'Object Repository/Final Object Repo/Login Page/Internal User/Email Address'

2018-11-29 12:37:00 - [MESSAGE][PASSED] - Text 'johoruo3@gmail.com' is set on object 'Object Repository/Final Object Repo/Login Page/Internal User/Email Address'

2018-11-29 12:37:00 - [TEST_STEP][PASSED] - click: Object: 'Object Repository/Final Object Repo/Login Page/Internal User/Next Button' is clicked on

2018-11-29 12:37:00 - [MESSAGE][PASSED] - Object: 'Object Repository/Final Object Repo/Login Page/Internal User/Next Button' is clicked on

2018-11-29 12:37:00 - [TEST_STEP][PASSED] - delay: Delayed 1 second(s)

2018-11-29 12:37:01 - [MESSAGE][PASSED] - Delayed 1 second(s)

2018-11-29 12:37:01 - [TEST_STEP][PASSED] - setEncryptedText: Text ****** has been set on object 'Object Repository/Final Object Repo/Login Page/Internal User/Password'

2018-11-29 12:37:02 - [MESSAGE][PASSED] - Text ****** has been set on object 'Object Repository/Final Object Repo/Login Page/Internal User/Password'

2018-11-29 12:37:02 - [TEST_STEP][PASSED] - click: Object: 'Object Repository/Final Object Repo/Login Page/Internal User/Login Button' is clicked on

2018-11-29 12:37:02 - [MESSAGE][PASSED] - Object: 'Object Repository/Final Object Repo/Login Page/Internal User/Login Button' is clicked on

2018-11-29 12:37:02 - [TEST_STEP][PASSED] - delay: Delayed 2 second(s)

2018-11-29 12:37:04 - [MESSAGE][PASSED] - Delayed 2 second(s)

2018-11-29 12:37:04 - [TEST_STEP][PASSED] - Statement - Try: Delayed 2 second(s)

2018-11-29 12:37:04 - [TEST_STEP][PASSED] - Statement - Checker = false: null

2018-11-29 12:37:04 - [TEST_STEP][PASSED] - Statement - Checker = com.kms.katalon.core.webui.keyword.WebUiBuiltInKeywords.verifyElementHasAttribute(com.kms.katalon.core.testobject.ObjectRepository.findTestObject(Final Object Repo/Landing Page/BM Detecting), "href", 20, OPTIONAL): Object 'Object Repository/Final Object Repo/Landing Page/BM Detecting' has attribute 'href'

2018-11-29 12:37:04 - [MESSAGE][PASSED] - Object 'Object Repository/Final Object Repo/Landing Page/BM Detecting' has attribute 'href'

2018-11-29 12:37:04 - [TEST_STEP][PASSED] - Statement - out.println(Checker): null

2018-11-29 12:37:04 - [TEST_STEP][PASSED] - Statement - If (Checker == false): null

2018-11-29 12:37:04 - [TEST_STEP][PASSED] - Statement - Else: null

2018-11-29 12:37:04 - [TEST_STEP][PASSED] - delay: Delayed 2 second(s)

2018-11-29 12:37:06 - [MESSAGE][PASSED] - Delayed 2 second(s)

2018-11-29 12:37:06 - [TEST_STEP][PASSED] - click: Object: 'Object Repository/Final Object Repo/Page_MyASSIST - ASSIST - Search Pending Case For Add Supporting Document/Search Information' is clicked on

2018-11-29 12:37:06 - [MESSAGE][PASSED] - Object: 'Object Repository/Final Object Repo/Page_MyASSIST - ASSIST - Search Pending Case For Add Supporting Document/Search Information' is clicked on

2018-11-29 12:37:06 - [TEST_STEP][PASSED] - delay: Delayed 3 second(s)

2018-11-29 12:37:09 - [MESSAGE][PASSED] - Delayed 3 second(s)

2018-11-29 12:37:09 - [TEST_STEP][PASSED] - sendKeys: Keys 'ERN112018C200002354' sent to object: 'Object Repository/Final Object Repo/Page_MyASSIST - ASSIST - Search Pending Case For Add Supporting Document/Reference No'

2018-11-29 12:37:09 - [MESSAGE][PASSED] - Keys 'ERN112018C200002354' sent to object: 'Object Repository/Final Object Repo/Page_MyASSIST - ASSIST - Search Pending Case For Add Supporting Document/Reference No'

2018-11-29 12:37:09 - [TEST_STEP][PASSED] - click: Object: 'Object Repository/Final Object Repo/Page_MyASSIST - ASSIST - Search Pending Case For Add Supporting Document/Search Reference No' is clicked on

2018-11-29 12:37:10 - [MESSAGE][PASSED] - Object: 'Object Repository/Final Object Repo/Page_MyASSIST - ASSIST - Search Pending Case For Add Supporting Document/Search Reference No' is clicked on

2018-11-29 12:37:10 - [TEST_STEP][PASSED] - delay: Delayed 2 second(s)

2018-11-29 12:37:12 - [MESSAGE][PASSED] - Delayed 2 second(s)

2018-11-29 12:37:12 - [TEST_STEP][PASSED] - click: Object: 'Object Repository/Final Object Repo/Page_MyASSIST - ASSIST - Search Pending Case For Add Supporting Document/Continue' is clicked on

2018-11-29 12:37:15 - [MESSAGE][PASSED] - Object: 'Object Repository/Final Object Repo/Page_MyASSIST - ASSIST - Search Pending Case For Add Supporting Document/Continue' is clicked on

2018-11-29 12:37:15 - [TEST_STEP][PASSED] - delay: Delayed 20 second(s)

2018-11-29 12:37:35 - [MESSAGE][PASSED] - Delayed 20 second(s)

2018-11-29 12:37:35 - [MESSAGE][PASSED] - Call Test Case 'Test Cases/Final Aug 2018 - PKS Automation/Registration Module/Workflow/Login and Search Case For Workflow' successfully

2018-11-29 12:37:35 - [TEST_STEP][PASSED] - click: Object: 'Object Repository/Final Object Repo/Page_Form 3 EIS - Cessation as Employer/Page_Form 3 EIS - Cessation as Employer (Approve)/Save  Continue in Form 3 Page' is clicked on

2018-11-29 12:37:35 - [MESSAGE][PASSED] - Object: 'Object Repository/Final Object Repo/Page_Form 3 EIS - Cessation as Employer/Page_Form 3 EIS - Cessation as Employer (Approve)/Save  Continue in Form 3 Page' is clicked on

2018-11-29 12:37:35 - [TEST_STEP][PASSED] - delay: Delayed 2 second(s)

2018-11-29 12:37:37 - [MESSAGE][PASSED] - Delayed 2 second(s)

2018-11-29 12:37:37 - [TEST_STEP][PASSED] - click: Object: 'Object Repository/Final Object Repo/Page_Form 3 EIS - Cessation as Employer/Page_Form 3 EIS - Cessation as Employer (Approve)/Save  Continue in Resigned Page' is clicked on

2018-11-29 12:37:59 - [MESSAGE][PASSED] - Object: 'Object Repository/Final Object Repo/Page_Form 3 EIS - Cessation as Employer/Page_Form 3 EIS - Cessation as Employer (Approve)/Save  Continue in Resigned Page' is clicked on

2018-11-29 12:37:59 - [TEST_STEP][PASSED] - delay: Delayed 2 second(s)

2018-11-29 12:38:01 - [MESSAGE][PASSED] - Delayed 2 second(s)

2018-11-29 12:38:01 - [TEST_STEP][PASSED] - click: Object: 'Object Repository/Final Object Repo/Page_Form 3 EIS - Cessation as Employer/Page_Form 3 EIS - Cessation as Employer (Approve)/Save  Continue in Uploading Page' is clicked on

2018-11-29 12:38:02 - [MESSAGE][PASSED] - Object: 'Object Repository/Final Object Repo/Page_Form 3 EIS - Cessation as Employer/Page_Form 3 EIS - Cessation as Employer (Approve)/Save  Continue in Uploading Page' is clicked on

2018-11-29 12:38:02 - [TEST_STEP][PASSED] - delay: Delayed 2 second(s)

2018-11-29 12:38:04 - [MESSAGE][PASSED] - Delayed 2 second(s)

2018-11-29 12:38:04 - [TEST_STEP][PASSED] - click: Object: 'Object Repository/Final Object Repo/Page_Form 3 EIS - Cessation as Employer/Page_Form 3 EIS - Cessation as Employer (Under enforcement)/Underenforcement' is clicked on

2018-11-29 12:38:08 - [MESSAGE][PASSED] - Object: 'Object Repository/Final Object Repo/Page_Form 3 EIS - Cessation as Employer/Page_Form 3 EIS - Cessation as Employer (Under enforcement)/Underenforcement' is clicked on

2018-11-29 12:38:08 - [TEST_STEP][PASSED] - delay: Delayed 2 second(s)

2018-11-29 12:38:10 - [MESSAGE][PASSED] - Delayed 2 second(s)

2018-11-29 12:38:10 - [TEST_STEP][PASSED] - setText: Text 'Remark' is set on object 'Object Repository/Final Object Repo/Page_Form 3 EIS - Cessation as Employer/Page_Form 3 EIS - Cessation as Employer (Under enforcement)/Under enforcement - Remark'

2018-11-29 12:38:10 - [MESSAGE][PASSED] - Text 'Remark' is set on object 'Object Repository/Final Object Repo/Page_Form 3 EIS - Cessation as Employer/Page_Form 3 EIS - Cessation as Employer (Under enforcement)/Under enforcement - Remark'

2018-11-29 12:38:10 - [TEST_STEP][PASSED] - delay: Delayed 2 second(s)

2018-11-29 12:38:12 - [MESSAGE][PASSED] - Delayed 2 second(s)

2018-11-29 12:38:12 - [TEST_STEP][PASSED] - click: Object: 'Object Repository/Final Object Repo/Page_Form 3 EIS - Cessation as Employer/Page_Form 3 EIS - Cessation as Employer (Under enforcement)/Save  Continue in Under enforcement' is clicked on

2018-11-29 12:38:12 - [MESSAGE][PASSED] - Object: 'Object Repository/Final Object Repo/Page_Form 3 EIS - Cessation as Employer/Page_Form 3 EIS - Cessation as Employer (Under enforcement)/Save  Continue in Under enforcement' is clicked on

2018-11-29 12:38:12 - [TEST_STEP][PASSED] - doubleClick: Object: 'Object Repository/Final Object Repo/Page_Form 3 EIS - Cessation as Employer/Page_Form 3 EIS - Cessation as Employer (Under enforcement)/Message The case is under enforcement' is double clicked on

2018-11-29 12:38:16 - [MESSAGE][PASSED] - Object: 'Object Repository/Final Object Repo/Page_Form 3 EIS - Cessation as Employer/Page_Form 3 EIS - Cessation as Employer (Under enforcement)/Message The case is under enforcement' is double clicked on

2018-11-29 12:38:16 - [MESSAGE][PASSED] - Call Test Case 'Test Cases/Final Aug 2018 - PKS Automation/Registration Module/Workflow/Form 3 EIS - Cessation As Employer/Template/Form 3 A - Cessation As Employer (Under enforcement)' successfully]]></system-out>
         <system-err><![CDATA[]]></system-err>
      </testcase>
      <testcase name="Test Cases/Final Aug 2018 - PKS Automation/Registration Module/Workflow/Form 3 EIS - Cessation As Employer/OTC to UO (Approve)" classname="Test Cases/Final Aug 2018 - PKS Automation/Registration Module/Workflow/Form 3 EIS - Cessation As Employer/OTC to UO (Approve)" status="PASSED">
         <system-out><![CDATA[2018-11-29 12:38:16 - [TEST_CASE][PASSED] - Test Cases/Final Aug 2018 - PKS Automation/Registration Module/Workflow/Form 3 EIS - Cessation As Employer/OTC to UO (Approve): Test Cases/Final Aug 2018 - PKS Automation/Registration Module/Workflow/Form 3 EIS - Cessation As Employer/OTC to UO (Approve)

2018-11-29 12:38:17 - [TEST_STEP][PASSED] - callTestCase: Call Test Case 'Test Cases/Final Aug 2018 - PKS Automation/Registration Module/Workflow/Form 3 EIS - Cessation As Employer/Template/Form 3 A - Cessation As Employer (OTC)' successfully

2018-11-29 12:38:17 - [TEST_CASE][PASSED] - Test Cases/Final Aug 2018 - PKS Automation/Registration Module/Workflow/Form 3 EIS - Cessation As Employer/Template/Form 3 A - Cessation As Employer (OTC): Test Cases/Final Aug 2018 - PKS Automation/Registration Module/Workflow/Form 3 EIS - Cessation As Employer/Template/Form 3 A - Cessation As Employer (OTC)

2018-11-29 12:38:17 - [TEST_STEP][PASSED] - openBrowser: Browser is opened with url: ''

2018-11-29 12:38:17 - [MESSAGE][WARNING] - A browser is already opened. Closing browser and opening a new one

2018-11-29 12:38:20 - [MESSAGE][PASSED] - Browser is opened with url: ''

2018-11-29 12:38:20 - [TEST_STEP][PASSED] - navigateToUrl: Navigate to 'https://assist2-uat.perkeso.gov.my/login' successfully

2018-11-29 12:38:22 - [MESSAGE][PASSED] - Navigate to 'https://assist2-uat.perkeso.gov.my/login' successfully

2018-11-29 12:38:22 - [TEST_STEP][PASSED] - setText: Text 'johorotc1@gmail.com' is set on object 'Object Repository/Final Object Repo/Login Page/Internal User/Email Address'

2018-11-29 12:38:23 - [MESSAGE][PASSED] - Text 'johorotc1@gmail.com' is set on object 'Object Repository/Final Object Repo/Login Page/Internal User/Email Address'

2018-11-29 12:38:23 - [TEST_STEP][PASSED] - click: Object: 'Object Repository/Final Object Repo/Login Page/Internal User/Next Button' is clicked on

2018-11-29 12:38:23 - [MESSAGE][PASSED] - Object: 'Object Repository/Final Object Repo/Login Page/Internal User/Next Button' is clicked on

2018-11-29 12:38:23 - [TEST_STEP][PASSED] - delay: Delayed 1 second(s)

2018-11-29 12:38:24 - [MESSAGE][PASSED] - Delayed 1 second(s)

2018-11-29 12:38:24 - [TEST_STEP][PASSED] - setEncryptedText: Text ****** has been set on object 'Object Repository/Final Object Repo/Login Page/Internal User/Password'

2018-11-29 12:38:26 - [MESSAGE][PASSED] - Text ****** has been set on object 'Object Repository/Final Object Repo/Login Page/Internal User/Password'

2018-11-29 12:38:26 - [TEST_STEP][PASSED] - click: Object: 'Object Repository/Final Object Repo/Login Page/Internal User/Login Button' is clicked on

2018-11-29 12:38:27 - [MESSAGE][PASSED] - Object: 'Object Repository/Final Object Repo/Login Page/Internal User/Login Button' is clicked on

2018-11-29 12:38:27 - [TEST_STEP][PASSED] - delay: Delayed 1 second(s)

2018-11-29 12:38:28 - [MESSAGE][PASSED] - Delayed 1 second(s)

2018-11-29 12:38:28 - [TEST_STEP][PASSED] - Statement - Try: Delayed 2 second(s)

2018-11-29 12:38:28 - [TEST_STEP][PASSED] - Statement - Checker = false: null

2018-11-29 12:38:28 - [TEST_STEP][PASSED] - Statement - Checker = com.kms.katalon.core.webui.keyword.WebUiBuiltInKeywords.verifyElementHasAttribute(com.kms.katalon.core.testobject.ObjectRepository.findTestObject(Final Object Repo/Landing Page/BM Detecting), "href", 20, OPTIONAL): Object 'Object Repository/Final Object Repo/Landing Page/BM Detecting' has attribute 'href'

2018-11-29 12:38:29 - [MESSAGE][PASSED] - Object 'Object Repository/Final Object Repo/Landing Page/BM Detecting' has attribute 'href'

2018-11-29 12:38:29 - [TEST_STEP][PASSED] - Statement - out.println(Checker): null

2018-11-29 12:38:29 - [TEST_STEP][PASSED] - Statement - If (Checker == false): null

2018-11-29 12:38:29 - [TEST_STEP][PASSED] - Statement - Else: null

2018-11-29 12:38:29 - [TEST_STEP][PASSED] - delay: Delayed 2 second(s)

2018-11-29 12:38:31 - [MESSAGE][PASSED] - Delayed 2 second(s)

2018-11-29 12:38:31 - [TEST_STEP][PASSED] - navigateToUrl: Navigate to 'https://assist2-uat.perkeso.gov.my/web/registration/eis-update/form-3-eis-cessation-as-employer' successfully

2018-11-29 12:38:32 - [MESSAGE][PASSED] - Navigate to 'https://assist2-uat.perkeso.gov.my/web/registration/eis-update/form-3-eis-cessation-as-employer' successfully

2018-11-29 12:38:32 - [TEST_STEP][PASSED] - delay: Delayed 1 second(s)

2018-11-29 12:38:33 - [MESSAGE][PASSED] - Delayed 1 second(s)

2018-11-29 12:38:33 - [TEST_STEP][PASSED] - setText: Text 'E1102069769W' is set on object 'Object Repository/Final Object Repo/Page_Form 3 EIS - Cessation as Employer/Employer Code'

2018-11-29 12:38:33 - [MESSAGE][PASSED] - Text 'E1102069769W' is set on object 'Object Repository/Final Object Repo/Page_Form 3 EIS - Cessation as Employer/Employer Code'

2018-11-29 12:38:33 - [TEST_STEP][PASSED] - click: Object: 'Object Repository/Final Object Repo/Page_Form 3 EIS - Cessation as Employer/Search' is clicked on

2018-11-29 12:38:33 - [MESSAGE][PASSED] - Object: 'Object Repository/Final Object Repo/Page_Form 3 EIS - Cessation as Employer/Search' is clicked on

2018-11-29 12:38:33 - [TEST_STEP][PASSED] - click: Object: 'Object Repository/Final Object Repo/Page_Form 3 EIS - Cessation as Employer/Edit' is clicked on

2018-11-29 12:38:36 - [MESSAGE][PASSED] - Object: 'Object Repository/Final Object Repo/Page_Form 3 EIS - Cessation as Employer/Edit' is clicked on

2018-11-29 12:38:36 - [TEST_STEP][PASSED] - delay: Delayed 1 second(s)

2018-11-29 12:38:37 - [MESSAGE][PASSED] - Delayed 1 second(s)

2018-11-29 12:38:37 - [TEST_STEP][PASSED] - Statement - abc = com.kms.katalon.core.webui.keyword.WebUiBuiltInKeywords.getAttribute(com.kms.katalon.core.testobject.ObjectRepository.findTestObject(Final Object Repo/Page_Form 3 EIS - Cessation as Employer/Employer Status), "value"): Attribute 'value' of object 'Object Repository/Final Object Repo/Page_Form 3 EIS - Cessation as Employer/Employer Status' is: 'Active'

2018-11-29 12:38:37 - [MESSAGE][PASSED] - Attribute 'value' of object 'Object Repository/Final Object Repo/Page_Form 3 EIS - Cessation as Employer/Employer Status' is: 'Active'

2018-11-29 12:38:37 - [TEST_STEP][PASSED] - Statement - out.println(abc): null

2018-11-29 12:38:37 - [TEST_STEP][PASSED] - Statement - If (abc == "Active"): Object: 'Object Repository/Final Object Repo/Page_Form 3 EIS - Cessation as Employer/Dormant EIS' is clicked on

2018-11-29 12:38:37 - [TEST_STEP][PASSED] - click: Object: 'Object Repository/Final Object Repo/Page_Form 3 EIS - Cessation as Employer/Change Employer Status to' is clicked on

2018-11-29 12:38:37 - [MESSAGE][PASSED] - Object: 'Object Repository/Final Object Repo/Page_Form 3 EIS - Cessation as Employer/Change Employer Status to' is clicked on

2018-11-29 12:38:37 - [TEST_STEP][PASSED] - click: Object: 'Object Repository/Final Object Repo/Page_Form 3 EIS - Cessation as Employer/Dormant EIS' is clicked on

2018-11-29 12:38:37 - [MESSAGE][PASSED] - Object: 'Object Repository/Final Object Repo/Page_Form 3 EIS - Cessation as Employer/Dormant EIS' is clicked on

2018-11-29 12:38:37 - [TEST_STEP][PASSED] - click: Object: 'Object Repository/Final Object Repo/Page_Form 3 EIS - Cessation as Employer/Calender' is clicked on

2018-11-29 12:38:38 - [MESSAGE][PASSED] - Object: 'Object Repository/Final Object Repo/Page_Form 3 EIS - Cessation as Employer/Calender' is clicked on

2018-11-29 12:38:38 - [TEST_STEP][PASSED] - delay: Delayed 1 second(s)

2018-11-29 12:38:39 - [MESSAGE][PASSED] - Delayed 1 second(s)

2018-11-29 12:38:39 - [TEST_STEP][PASSED] - click: Object: 'Object Repository/Final Object Repo/Page_Form 3 EIS - Cessation as Employer/Calender - Date' is clicked on

2018-11-29 12:38:39 - [MESSAGE][PASSED] - Object: 'Object Repository/Final Object Repo/Page_Form 3 EIS - Cessation as Employer/Calender - Date' is clicked on

2018-11-29 12:38:39 - [TEST_STEP][PASSED] - click: Object: 'Object Repository/Final Object Repo/Page_Form 3 EIS - Cessation as Employer/Save  Continue in Form 3 EIS Page' is clicked on

2018-11-29 12:38:39 - [MESSAGE][PASSED] - Object: 'Object Repository/Final Object Repo/Page_Form 3 EIS - Cessation as Employer/Save  Continue in Form 3 EIS Page' is clicked on

2018-11-29 12:38:39 - [TEST_STEP][PASSED] - delay: Delayed 1 second(s)

2018-11-29 12:38:40 - [MESSAGE][PASSED] - Delayed 1 second(s)

2018-11-29 12:38:40 - [TEST_STEP][PASSED] - click: Object: 'Object Repository/Final Object Repo/Page_Form 3 EIS - Cessation as Employer/Employment Resign Date' is clicked on

2018-11-29 12:38:41 - [MESSAGE][PASSED] - Object: 'Object Repository/Final Object Repo/Page_Form 3 EIS - Cessation as Employer/Employment Resign Date' is clicked on

2018-11-29 12:38:41 - [TEST_STEP][PASSED] - selectOptionByValue: All options with value '2030' are selected in object 'Object Repository/Final Object Repo/Page_Form 3 EIS - Cessation as Employer/Employment Resign Date - Year' 

2018-11-29 12:38:41 - [MESSAGE][PASSED] - All options with value '2030' are selected in object 'Object Repository/Final Object Repo/Page_Form 3 EIS - Cessation as Employer/Employment Resign Date - Year' 

2018-11-29 12:38:41 - [TEST_STEP][PASSED] - delay: Delayed 2 second(s)

2018-11-29 12:38:43 - [MESSAGE][PASSED] - Delayed 2 second(s)

2018-11-29 12:38:43 - [TEST_STEP][PASSED] - click: Object: 'Object Repository/Final Object Repo/Page_Form 3 EIS - Cessation as Employer/Employment Resign Date - Year - Date' is clicked on

2018-11-29 12:38:43 - [MESSAGE][PASSED] - Object: 'Object Repository/Final Object Repo/Page_Form 3 EIS - Cessation as Employer/Employment Resign Date - Year - Date' is clicked on

2018-11-29 12:38:43 - [TEST_STEP][PASSED] - delay: Delayed 2 second(s)

2018-11-29 12:38:45 - [MESSAGE][PASSED] - Delayed 2 second(s)

2018-11-29 12:38:45 - [TEST_STEP][PASSED] - click: Object: 'Object Repository/Final Object Repo/Page_Form 3 EIS - Cessation as Employer/Save  Continue in Employment Resign Page' is clicked on

2018-11-29 12:38:46 - [MESSAGE][PASSED] - Object: 'Object Repository/Final Object Repo/Page_Form 3 EIS - Cessation as Employer/Save  Continue in Employment Resign Page' is clicked on

2018-11-29 12:38:46 - [TEST_STEP][PASSED] - delay: Delayed 2 second(s)

2018-11-29 12:38:48 - [MESSAGE][PASSED] - Delayed 2 second(s)

2018-11-29 12:38:48 - [TEST_STEP][PASSED] - click: Object: 'Object Repository/Final Object Repo/Page_Form 3 EIS - Cessation as Employer/Set Latest - Yes' is clicked on

2018-11-29 12:38:48 - [MESSAGE][PASSED] - Object: 'Object Repository/Final Object Repo/Page_Form 3 EIS - Cessation as Employer/Set Latest - Yes' is clicked on

2018-11-29 12:38:48 - [TEST_STEP][PASSED] - delay: Delayed 2 second(s)

2018-11-29 12:38:50 - [MESSAGE][PASSED] - Delayed 2 second(s)

2018-11-29 12:38:50 - [TEST_STEP][PASSED] - click: Object: 'Object Repository/Final Object Repo/Page_Form 3 EIS - Cessation as Employer/Add Document' is clicked on

2018-11-29 12:38:51 - [MESSAGE][PASSED] - Object: 'Object Repository/Final Object Repo/Page_Form 3 EIS - Cessation as Employer/Add Document' is clicked on

2018-11-29 12:38:51 - [TEST_STEP][PASSED] - delay: Delayed 3 second(s)

2018-11-29 12:38:54 - [MESSAGE][PASSED] - Delayed 3 second(s)

2018-11-29 12:38:54 - [TEST_STEP][PASSED] - click: Object: 'Object Repository/Final Object Repo/Page_Form 3 EIS - Cessation as Employer/Document Type' is clicked on

2018-11-29 12:38:54 - [MESSAGE][PASSED] - Object: 'Object Repository/Final Object Repo/Page_Form 3 EIS - Cessation as Employer/Document Type' is clicked on

2018-11-29 12:38:54 - [TEST_STEP][PASSED] - click: Object: 'Object Repository/Final Object Repo/Page_Form 3 EIS - Cessation as Employer/Document Type - Form 3' is clicked on

2018-11-29 12:38:55 - [MESSAGE][PASSED] - Object: 'Object Repository/Final Object Repo/Page_Form 3 EIS - Cessation as Employer/Document Type - Form 3' is clicked on

2018-11-29 12:38:55 - [TEST_STEP][PASSED] - delay: Delayed 2 second(s)

2018-11-29 12:38:57 - [MESSAGE][PASSED] - Delayed 2 second(s)

2018-11-29 12:38:57 - [TEST_STEP][PASSED] - sendKeys: Keys 'C:\Users\Public\Pictures\Sample Pictures\Koala.jpg' sent to object: 'Object Repository/Final Object Repo/Page_Form 3 EIS - Cessation as Employer/ploading File'

2018-11-29 12:38:57 - [MESSAGE][PASSED] - Keys 'C:\Users\Public\Pictures\Sample Pictures\Koala.jpg' sent to object: 'Object Repository/Final Object Repo/Page_Form 3 EIS - Cessation as Employer/ploading File'

2018-11-29 12:38:57 - [TEST_STEP][PASSED] - delay: Delayed 1 second(s)

2018-11-29 12:38:58 - [MESSAGE][PASSED] - Delayed 1 second(s)

2018-11-29 12:38:58 - [TEST_STEP][PASSED] - click: Object: 'Object Repository/Final Object Repo/Page_Form 3 EIS - Cessation as Employer/Add Document in Uploading Page' is clicked on

2018-11-29 12:38:58 - [MESSAGE][PASSED] - Object: 'Object Repository/Final Object Repo/Page_Form 3 EIS - Cessation as Employer/Add Document in Uploading Page' is clicked on

2018-11-29 12:38:58 - [TEST_STEP][PASSED] - delay: Delayed 2 second(s)

2018-11-29 12:39:00 - [MESSAGE][PASSED] - Delayed 2 second(s)

2018-11-29 12:39:00 - [TEST_STEP][PASSED] - Statement - CaseReferenceNo = com.kms.katalon.core.webui.keyword.WebUiBuiltInKeywords.getText(com.kms.katalon.core.testobject.ObjectRepository.findTestObject(Final Object Repo/Page_Update Employer Information/Reference Number in Update Employee Information Page)): Text of object 'Object Repository/Final Object Repo/Page_Update Employer Information/Reference Number in Update Employee Information Page' is: 'ERN112018C200002355'

2018-11-29 12:39:02 - [MESSAGE][PASSED] - Text of object 'Object Repository/Final Object Repo/Page_Update Employer Information/Reference Number in Update Employee Information Page' is: 'ERN112018C200002355'

2018-11-29 12:39:02 - [TEST_STEP][PASSED] - callTestCase: Call Test Case 'Test Cases/Final Aug 2018 - PKS Automation/Common/Reference Number Setter' successfully

2018-11-29 12:39:02 - [TEST_CASE][PASSED] - Test Cases/Final Aug 2018 - PKS Automation/Common/Reference Number Setter: Test Cases/Final Aug 2018 - PKS Automation/Common/Reference Number Setter

2018-11-29 12:39:02 - [TEST_STEP][PASSED] - Statement - RefNoOldFile = new java.io.File(C://Users//Admin//Desktop//PKS//Automation Reference Point//KatalonReference.txt): null

2018-11-29 12:39:02 - [TEST_STEP][PASSED] - Statement - RefNoOldFile.delete(): null

2018-11-29 12:39:02 - [TEST_STEP][PASSED] - delay: Delayed 5 second(s)

2018-11-29 12:39:07 - [MESSAGE][PASSED] - Delayed 5 second(s)

2018-11-29 12:39:07 - [TEST_STEP][PASSED] - Statement - RefNo = new java.io.File(C://Users//Admin//Desktop//PKS//Automation Reference Point//KatalonReference.txt): null

2018-11-29 12:39:07 - [TEST_STEP][PASSED] - Statement - f2 = new java.io.FileWriter(RefNo, false): null

2018-11-29 12:39:07 - [TEST_STEP][PASSED] - Statement - f2.write(CaseReferenceNo): null

2018-11-29 12:39:07 - [TEST_STEP][PASSED] - Statement - f2.close(): null

2018-11-29 12:39:07 - [TEST_STEP][PASSED] - Statement - out.println("


" + CaseReferenceNo + "


"): null

2018-11-29 12:39:07 - [MESSAGE][PASSED] - Call Test Case 'Test Cases/Final Aug 2018 - PKS Automation/Common/Reference Number Setter' successfully

2018-11-29 12:39:07 - [TEST_STEP][PASSED] - delay: Delayed 2 second(s)

2018-11-29 12:39:09 - [MESSAGE][PASSED] - Delayed 2 second(s)

2018-11-29 12:39:09 - [TEST_STEP][PASSED] - click: Object: 'Object Repository/Final Object Repo/Page_Form 3 EIS - Cessation as Employer/Save  Continue in Uploading Page' is clicked on

2018-11-29 12:39:09 - [MESSAGE][PASSED] - Object: 'Object Repository/Final Object Repo/Page_Form 3 EIS - Cessation as Employer/Save  Continue in Uploading Page' is clicked on

2018-11-29 12:39:09 - [TEST_STEP][PASSED] - delay: Delayed 2 second(s)

2018-11-29 12:39:11 - [MESSAGE][PASSED] - Delayed 2 second(s)

2018-11-29 12:39:11 - [TEST_STEP][PASSED] - click: Object: 'Object Repository/Final Object Repo/Page_Form 3 EIS - Cessation as Employer/Submit' is clicked on

2018-11-29 12:39:14 - [MESSAGE][PASSED] - Object: 'Object Repository/Final Object Repo/Page_Form 3 EIS - Cessation as Employer/Submit' is clicked on

2018-11-29 12:39:14 - [TEST_STEP][PASSED] - delay: Delayed 2 second(s)

2018-11-29 12:39:16 - [MESSAGE][PASSED] - Delayed 2 second(s)

2018-11-29 12:39:16 - [TEST_STEP][PASSED] - click: Object: 'Object Repository/Final Object Repo/Page_Form 3 EIS - Cessation as Employer/Confirm' is clicked on

2018-11-29 12:39:16 - [MESSAGE][PASSED] - Object: 'Object Repository/Final Object Repo/Page_Form 3 EIS - Cessation as Employer/Confirm' is clicked on

2018-11-29 12:39:16 - [TEST_STEP][PASSED] - delay: Delayed 2 second(s)

2018-11-29 12:39:18 - [MESSAGE][PASSED] - Delayed 2 second(s)

2018-11-29 12:39:18 - [TEST_STEP][PASSED] - click: Object: 'Object Repository/Final Object Repo/Page_Form 3 EIS - Cessation as Employer/Message Your Request will be routed to UO' is clicked on

2018-11-29 12:39:22 - [MESSAGE][PASSED] - Object: 'Object Repository/Final Object Repo/Page_Form 3 EIS - Cessation as Employer/Message Your Request will be routed to UO' is clicked on

2018-11-29 12:39:22 - [TEST_STEP][PASSED] - click: Object: 'Object Repository/Final Object Repo/Page_Form 3 EIS - Cessation as Employer/Letter of acknowledgement' is clicked on

2018-11-29 12:39:23 - [MESSAGE][PASSED] - Object: 'Object Repository/Final Object Repo/Page_Form 3 EIS - Cessation as Employer/Letter of acknowledgement' is clicked on

2018-11-29 12:39:23 - [MESSAGE][PASSED] - Call Test Case 'Test Cases/Final Aug 2018 - PKS Automation/Registration Module/Workflow/Form 3 EIS - Cessation As Employer/Template/Form 3 A - Cessation As Employer (OTC)' successfully

2018-11-29 12:39:23 - [TEST_STEP][PASSED] - callTestCase: Call Test Case 'Test Cases/Final Aug 2018 - PKS Automation/Registration Module/Workflow/Form 3 EIS - Cessation As Employer/Template/Form 3 A - Cessation As Employer (Approve)' successfully

2018-11-29 12:39:23 - [TEST_CASE][PASSED] - Test Cases/Final Aug 2018 - PKS Automation/Registration Module/Workflow/Form 3 EIS - Cessation As Employer/Template/Form 3 A - Cessation As Employer (Approve): Test Cases/Final Aug 2018 - PKS Automation/Registration Module/Workflow/Form 3 EIS - Cessation As Employer/Template/Form 3 A - Cessation As Employer (Approve)

2018-11-29 12:39:23 - [TEST_STEP][NOT_RUN] - callTestCase: NOT_RUN: callTestCase

2018-11-29 12:39:23 - [MESSAGE][NOT_RUN] - NOT_RUN: callTestCase

2018-11-29 12:39:23 - [TEST_STEP][PASSED] - delay: Delayed 1 second(s)

2018-11-29 12:39:24 - [MESSAGE][PASSED] - Delayed 1 second(s)

2018-11-29 12:39:24 - [TEST_STEP][PASSED] - navigateToUrl: Navigate to 'https://assist2-uat.perkeso.gov.my/c/portal/logout' successfully

2018-11-29 12:39:25 - [MESSAGE][PASSED] - Navigate to 'https://assist2-uat.perkeso.gov.my/c/portal/logout' successfully

2018-11-29 12:39:25 - [TEST_STEP][PASSED] - delay: Delayed 1 second(s)

2018-11-29 12:39:26 - [MESSAGE][PASSED] - Delayed 1 second(s)

2018-11-29 12:39:26 - [TEST_STEP][PASSED] - callTestCase: Call Test Case 'Test Cases/Final Aug 2018 - PKS Automation/Common/Reference Number Getter' successfully

2018-11-29 12:39:26 - [TEST_CASE][PASSED] - Test Cases/Final Aug 2018 - PKS Automation/Common/Reference Number Getter: Test Cases/Final Aug 2018 - PKS Automation/Common/Reference Number Getter

2018-11-29 12:39:26 - [TEST_STEP][PASSED] - Statement - Try: null

2018-11-29 12:39:26 - [TEST_STEP][PASSED] - Statement - RefNo = new java.io.File(C://Users//Admin//Desktop//PKS//Automation Reference Point//KatalonReference.txt): null

2018-11-29 12:39:26 - [TEST_STEP][PASSED] - Statement - bufferread = new java.io.BufferedReader(new java.io.FileReader(RefNo)): null

2018-11-29 12:39:26 - [TEST_STEP][PASSED] - Statement - readedVal = bufferread.readLine(): null

2018-11-29 12:39:26 - [TEST_STEP][PASSED] - Statement - out.println(CaseReferenceNo): null

2018-11-29 12:39:26 - [TEST_STEP][PASSED] - Statement - out.println(readedVal): null

2018-11-29 12:39:26 - [TEST_STEP][PASSED] - Statement - CaseReferenceNo = "": null

2018-11-29 12:39:26 - [TEST_STEP][PASSED] - Statement - CaseReferenceNo = readedVal: null

2018-11-29 12:39:26 - [MESSAGE][PASSED] - Call Test Case 'Test Cases/Final Aug 2018 - PKS Automation/Common/Reference Number Getter' successfully

2018-11-29 12:39:26 - [TEST_STEP][PASSED] - callTestCase: Call Test Case 'Test Cases/Final Aug 2018 - PKS Automation/Common/Workflow Owner Finder' successfully

2018-11-29 12:39:26 - [TEST_CASE][PASSED] - Test Cases/Final Aug 2018 - PKS Automation/Common/Workflow Owner Finder: Test Cases/Final Aug 2018 - PKS Automation/Common/Workflow Owner Finder

2018-11-29 12:39:26 - [TEST_STEP][PASSED] - openBrowser: Browser is opened with url: ''

2018-11-29 12:39:26 - [MESSAGE][WARNING] - A browser is already opened. Closing browser and opening a new one

2018-11-29 12:39:29 - [MESSAGE][PASSED] - Browser is opened with url: ''

2018-11-29 12:39:29 - [TEST_STEP][PASSED] - navigateToUrl: Navigate to 'https://assist2-uat.perkeso.gov.my/login' successfully

2018-11-29 12:39:30 - [MESSAGE][PASSED] - Navigate to 'https://assist2-uat.perkeso.gov.my/login' successfully

2018-11-29 12:39:30 - [TEST_STEP][PASSED] - delay: Delayed 5 second(s)

2018-11-29 12:39:35 - [MESSAGE][PASSED] - Delayed 5 second(s)

2018-11-29 12:39:35 - [TEST_STEP][PASSED] - setText: Text 'test@liferay.com' is set on object 'Object Repository/Final Object Repo/Login Page/Internal User/Email Address'

2018-11-29 12:39:35 - [MESSAGE][PASSED] - Text 'test@liferay.com' is set on object 'Object Repository/Final Object Repo/Login Page/Internal User/Email Address'

2018-11-29 12:39:35 - [TEST_STEP][PASSED] - click: Object: 'Object Repository/Final Object Repo/Login Page/Internal User/Next Button' is clicked on

2018-11-29 12:39:36 - [MESSAGE][PASSED] - Object: 'Object Repository/Final Object Repo/Login Page/Internal User/Next Button' is clicked on

2018-11-29 12:39:36 - [TEST_STEP][PASSED] - delay: Delayed 2 second(s)

2018-11-29 12:39:38 - [MESSAGE][PASSED] - Delayed 2 second(s)

2018-11-29 12:39:38 - [TEST_STEP][PASSED] - setText: Text 'test' is set on object 'Object Repository/Final Object Repo/Login Page/Internal User/Password'

2018-11-29 12:39:38 - [MESSAGE][PASSED] - Text 'test' is set on object 'Object Repository/Final Object Repo/Login Page/Internal User/Password'

2018-11-29 12:39:38 - [TEST_STEP][PASSED] - delay: Delayed 2 second(s)

2018-11-29 12:39:40 - [MESSAGE][PASSED] - Delayed 2 second(s)

2018-11-29 12:39:40 - [TEST_STEP][PASSED] - click: Object: 'Object Repository/Final Object Repo/Login Page/Internal User/Login Button' is clicked on

2018-11-29 12:39:40 - [MESSAGE][PASSED] - Object: 'Object Repository/Final Object Repo/Login Page/Internal User/Login Button' is clicked on

2018-11-29 12:39:40 - [TEST_STEP][PASSED] - Statement - Try: null

2018-11-29 12:39:40 - [TEST_STEP][PASSED] - Statement - Checker = com.kms.katalon.core.webui.keyword.WebUiBuiltInKeywords.verifyElementNotPresent("Final Object Repo/Landing Page/Select to English", 3): null

2018-11-29 12:39:40 - [TEST_STEP][PASSED] - Statement - Catch (Exception e): null

2018-11-29 12:39:40 - [TEST_STEP][PASSED] - Statement - e.printStackTrace(): null

2018-11-29 12:39:40 - [TEST_STEP][PASSED] - delay: Delayed 5 second(s)

2018-11-29 12:39:45 - [MESSAGE][PASSED] - Delayed 5 second(s)

2018-11-29 12:39:45 - [TEST_STEP][PASSED] - mouseOver: Object: 'Object Repository/Final Object Repo/Landing Page/WorkFlow Menu' is hovered

2018-11-29 12:39:45 - [MESSAGE][PASSED] - Object: 'Object Repository/Final Object Repo/Landing Page/WorkFlow Menu' is hovered

2018-11-29 12:39:45 - [TEST_STEP][PASSED] - delay: Delayed 2 second(s)

2018-11-29 12:39:47 - [MESSAGE][PASSED] - Delayed 2 second(s)

2018-11-29 12:39:47 - [TEST_STEP][PASSED] - click: Object: 'Object Repository/Final Object Repo/Landing Page/Select to Workflow Listing' is clicked on

2018-11-29 12:39:48 - [MESSAGE][PASSED] - Object: 'Object Repository/Final Object Repo/Landing Page/Select to Workflow Listing' is clicked on

2018-11-29 12:39:48 - [TEST_STEP][PASSED] - delay: Delayed 2 second(s)

2018-11-29 12:39:50 - [MESSAGE][PASSED] - Delayed 2 second(s)

2018-11-29 12:39:50 - [TEST_STEP][PASSED] - click: Object: 'Object Repository/Final Object Repo/WorkFlow Listing Page/Search Information - To Put Ref No' is clicked on

2018-11-29 12:39:50 - [MESSAGE][PASSED] - Object: 'Object Repository/Final Object Repo/WorkFlow Listing Page/Search Information - To Put Ref No' is clicked on

2018-11-29 12:39:50 - [TEST_STEP][PASSED] - delay: Delayed 2 second(s)

2018-11-29 12:39:52 - [MESSAGE][PASSED] - Delayed 2 second(s)

2018-11-29 12:39:52 - [TEST_STEP][PASSED] - callTestCase: Call Test Case 'Test Cases/Final Aug 2018 - PKS Automation/Common/Reference Number Getter' successfully

2018-11-29 12:39:53 - [TEST_CASE][PASSED] - Test Cases/Final Aug 2018 - PKS Automation/Common/Reference Number Getter: Test Cases/Final Aug 2018 - PKS Automation/Common/Reference Number Getter

2018-11-29 12:39:53 - [TEST_STEP][PASSED] - Statement - Try: null

2018-11-29 12:39:53 - [TEST_STEP][PASSED] - Statement - RefNo = new java.io.File(C://Users//Admin//Desktop//PKS//Automation Reference Point//KatalonReference.txt): null

2018-11-29 12:39:53 - [TEST_STEP][PASSED] - Statement - bufferread = new java.io.BufferedReader(new java.io.FileReader(RefNo)): null

2018-11-29 12:39:53 - [TEST_STEP][PASSED] - Statement - readedVal = bufferread.readLine(): null

2018-11-29 12:39:53 - [TEST_STEP][PASSED] - Statement - out.println(CaseReferenceNo): null

2018-11-29 12:39:53 - [TEST_STEP][PASSED] - Statement - out.println(readedVal): null

2018-11-29 12:39:53 - [TEST_STEP][PASSED] - Statement - CaseReferenceNo = "": null

2018-11-29 12:39:53 - [TEST_STEP][PASSED] - Statement - CaseReferenceNo = readedVal: null

2018-11-29 12:39:53 - [MESSAGE][PASSED] - Call Test Case 'Test Cases/Final Aug 2018 - PKS Automation/Common/Reference Number Getter' successfully

2018-11-29 12:39:53 - [TEST_STEP][PASSED] - setText: Text 'ERN112018C200002355' is set on object 'Object Repository/Final Object Repo/WorkFlow Listing Page/Ref No Set Text'

2018-11-29 12:39:53 - [MESSAGE][PASSED] - Text 'ERN112018C200002355' is set on object 'Object Repository/Final Object Repo/WorkFlow Listing Page/Ref No Set Text'

2018-11-29 12:39:53 - [TEST_STEP][PASSED] - delay: Delayed 2 second(s)

2018-11-29 12:39:55 - [MESSAGE][PASSED] - Delayed 2 second(s)

2018-11-29 12:39:55 - [TEST_STEP][PASSED] - click: Object: 'Object Repository/Final Object Repo/WorkFlow Listing Page/Search Ref No Search Button' is clicked on

2018-11-29 12:39:55 - [MESSAGE][PASSED] - Object: 'Object Repository/Final Object Repo/WorkFlow Listing Page/Search Ref No Search Button' is clicked on

2018-11-29 12:39:55 - [TEST_STEP][PASSED] - delay: Delayed 4 second(s)

2018-11-29 12:39:59 - [MESSAGE][PASSED] - Delayed 4 second(s)

2018-11-29 12:39:59 - [TEST_STEP][PASSED] - click: Object: 'Object Repository/Final Object Repo/WorkFlow Listing Page/Click Continue Tooltip' is clicked on

2018-11-29 12:40:01 - [MESSAGE][PASSED] - Object: 'Object Repository/Final Object Repo/WorkFlow Listing Page/Click Continue Tooltip' is clicked on

2018-11-29 12:40:01 - [TEST_STEP][PASSED] - delay: Delayed 5 second(s)

2018-11-29 12:40:06 - [MESSAGE][PASSED] - Delayed 5 second(s)

2018-11-29 12:40:06 - [TEST_STEP][PASSED] - doubleClick: Object: 'Object Repository/Final Object Repo/WorkFlow Listing Page/Workflow Found - Listing 1' is double clicked on

2018-11-29 12:40:06 - [MESSAGE][PASSED] - Object: 'Object Repository/Final Object Repo/WorkFlow Listing Page/Workflow Found - Listing 1' is double clicked on

2018-11-29 12:40:06 - [TEST_STEP][PASSED] - Statement - println(OwnerID): null

2018-11-29 12:40:06 - [TEST_STEP][PASSED] - Statement - OwnerID = com.kms.katalon.core.webui.keyword.WebUiBuiltInKeywords.getText(com.kms.katalon.core.testobject.ObjectRepository.findTestObject(Final Object Repo/WorkFlow Listing Page/Workflow Found - Listing 1), STOP_ON_FAILURE): Text of object 'Object Repository/Final Object Repo/WorkFlow Listing Page/Workflow Found - Listing 1' is: 'JOHORuo1'

2018-11-29 12:40:07 - [MESSAGE][PASSED] - Text of object 'Object Repository/Final Object Repo/WorkFlow Listing Page/Workflow Found - Listing 1' is: 'JOHORuo1'

2018-11-29 12:40:07 - [TEST_STEP][PASSED] - Statement - OwnerID = OwnerID.toLowerCase() + "@gmail.com": null

2018-11-29 12:40:07 - [TEST_STEP][PASSED] - Statement - println(OwnerID): null

2018-11-29 12:40:07 - [TEST_STEP][PASSED] - delay: Delayed 2 second(s)

2018-11-29 12:40:09 - [MESSAGE][PASSED] - Delayed 2 second(s)

2018-11-29 12:40:09 - [MESSAGE][PASSED] - Call Test Case 'Test Cases/Final Aug 2018 - PKS Automation/Common/Workflow Owner Finder' successfully

2018-11-29 12:40:09 - [TEST_STEP][PASSED] - delay: Delayed 1 second(s)

2018-11-29 12:40:10 - [MESSAGE][PASSED] - Delayed 1 second(s)

2018-11-29 12:40:10 - [TEST_STEP][PASSED] - navigateToUrl: Navigate to 'https://assist2-uat.perkeso.gov.my/c/portal/logout' successfully

2018-11-29 12:40:11 - [MESSAGE][PASSED] - Navigate to 'https://assist2-uat.perkeso.gov.my/c/portal/logout' successfully

2018-11-29 12:40:11 - [TEST_STEP][PASSED] - delay: Delayed 1 second(s)

2018-11-29 12:40:12 - [MESSAGE][PASSED] - Delayed 1 second(s)

2018-11-29 12:40:12 - [TEST_STEP][PASSED] - callTestCase: Call Test Case 'Test Cases/Final Aug 2018 - PKS Automation/Registration Module/Workflow/Login and Search Case For Workflow' successfully

2018-11-29 12:40:12 - [TEST_CASE][PASSED] - Test Cases/Final Aug 2018 - PKS Automation/Registration Module/Workflow/Login and Search Case For Workflow: Test Cases/Final Aug 2018 - PKS Automation/Registration Module/Workflow/Login and Search Case For Workflow

2018-11-29 12:40:12 - [TEST_STEP][PASSED] - navigateToUrl: Navigate to 'https://assist2-uat.perkeso.gov.my/login' successfully

2018-11-29 12:40:12 - [MESSAGE][PASSED] - Navigate to 'https://assist2-uat.perkeso.gov.my/login' successfully

2018-11-29 12:40:12 - [TEST_STEP][PASSED] - setText: Text 'johoruo1@gmail.com' is set on object 'Object Repository/Final Object Repo/Login Page/Internal User/Email Address'

2018-11-29 12:40:13 - [MESSAGE][PASSED] - Text 'johoruo1@gmail.com' is set on object 'Object Repository/Final Object Repo/Login Page/Internal User/Email Address'

2018-11-29 12:40:13 - [TEST_STEP][PASSED] - click: Object: 'Object Repository/Final Object Repo/Login Page/Internal User/Next Button' is clicked on

2018-11-29 12:40:13 - [MESSAGE][PASSED] - Object: 'Object Repository/Final Object Repo/Login Page/Internal User/Next Button' is clicked on

2018-11-29 12:40:13 - [TEST_STEP][PASSED] - delay: Delayed 1 second(s)

2018-11-29 12:40:14 - [MESSAGE][PASSED] - Delayed 1 second(s)

2018-11-29 12:40:14 - [TEST_STEP][PASSED] - setEncryptedText: Text ****** has been set on object 'Object Repository/Final Object Repo/Login Page/Internal User/Password'

2018-11-29 12:40:14 - [MESSAGE][PASSED] - Text ****** has been set on object 'Object Repository/Final Object Repo/Login Page/Internal User/Password'

2018-11-29 12:40:14 - [TEST_STEP][PASSED] - click: Object: 'Object Repository/Final Object Repo/Login Page/Internal User/Login Button' is clicked on

2018-11-29 12:40:14 - [MESSAGE][PASSED] - Object: 'Object Repository/Final Object Repo/Login Page/Internal User/Login Button' is clicked on

2018-11-29 12:40:14 - [TEST_STEP][PASSED] - delay: Delayed 2 second(s)

2018-11-29 12:40:16 - [MESSAGE][PASSED] - Delayed 2 second(s)

2018-11-29 12:40:16 - [TEST_STEP][PASSED] - Statement - Try: Delayed 2 second(s)

2018-11-29 12:40:16 - [TEST_STEP][PASSED] - Statement - Checker = false: null

2018-11-29 12:40:16 - [TEST_STEP][PASSED] - Statement - Checker = com.kms.katalon.core.webui.keyword.WebUiBuiltInKeywords.verifyElementHasAttribute(com.kms.katalon.core.testobject.ObjectRepository.findTestObject(Final Object Repo/Landing Page/BM Detecting), "href", 20, OPTIONAL): Object 'Object Repository/Final Object Repo/Landing Page/BM Detecting' has attribute 'href'

2018-11-29 12:40:17 - [MESSAGE][PASSED] - Object 'Object Repository/Final Object Repo/Landing Page/BM Detecting' has attribute 'href'

2018-11-29 12:40:17 - [TEST_STEP][PASSED] - Statement - out.println(Checker): null

2018-11-29 12:40:17 - [TEST_STEP][PASSED] - Statement - If (Checker == false): null

2018-11-29 12:40:17 - [TEST_STEP][PASSED] - Statement - Else: null

2018-11-29 12:40:17 - [TEST_STEP][PASSED] - delay: Delayed 2 second(s)

2018-11-29 12:40:19 - [MESSAGE][PASSED] - Delayed 2 second(s)

2018-11-29 12:40:19 - [TEST_STEP][PASSED] - click: Object: 'Object Repository/Final Object Repo/Page_MyASSIST - ASSIST - Search Pending Case For Add Supporting Document/Search Information' is clicked on

2018-11-29 12:40:20 - [MESSAGE][PASSED] - Object: 'Object Repository/Final Object Repo/Page_MyASSIST - ASSIST - Search Pending Case For Add Supporting Document/Search Information' is clicked on

2018-11-29 12:40:20 - [TEST_STEP][PASSED] - delay: Delayed 3 second(s)

2018-11-29 12:40:23 - [MESSAGE][PASSED] - Delayed 3 second(s)

2018-11-29 12:40:23 - [TEST_STEP][PASSED] - sendKeys: Keys 'ERN112018C200002355' sent to object: 'Object Repository/Final Object Repo/Page_MyASSIST - ASSIST - Search Pending Case For Add Supporting Document/Reference No'

2018-11-29 12:40:23 - [MESSAGE][PASSED] - Keys 'ERN112018C200002355' sent to object: 'Object Repository/Final Object Repo/Page_MyASSIST - ASSIST - Search Pending Case For Add Supporting Document/Reference No'

2018-11-29 12:40:23 - [TEST_STEP][PASSED] - click: Object: 'Object Repository/Final Object Repo/Page_MyASSIST - ASSIST - Search Pending Case For Add Supporting Document/Search Reference No' is clicked on

2018-11-29 12:40:23 - [MESSAGE][PASSED] - Object: 'Object Repository/Final Object Repo/Page_MyASSIST - ASSIST - Search Pending Case For Add Supporting Document/Search Reference No' is clicked on

2018-11-29 12:40:23 - [TEST_STEP][PASSED] - delay: Delayed 2 second(s)

2018-11-29 12:40:25 - [MESSAGE][PASSED] - Delayed 2 second(s)

2018-11-29 12:40:25 - [TEST_STEP][PASSED] - click: Object: 'Object Repository/Final Object Repo/Page_MyASSIST - ASSIST - Search Pending Case For Add Supporting Document/Continue' is clicked on

2018-11-29 12:40:28 - [MESSAGE][PASSED] - Object: 'Object Repository/Final Object Repo/Page_MyASSIST - ASSIST - Search Pending Case For Add Supporting Document/Continue' is clicked on

2018-11-29 12:40:28 - [TEST_STEP][PASSED] - delay: Delayed 20 second(s)

2018-11-29 12:40:48 - [MESSAGE][PASSED] - Delayed 20 second(s)

2018-11-29 12:40:48 - [MESSAGE][PASSED] - Call Test Case 'Test Cases/Final Aug 2018 - PKS Automation/Registration Module/Workflow/Login and Search Case For Workflow' successfully

2018-11-29 12:40:48 - [TEST_STEP][PASSED] - click: Object: 'Object Repository/Final Object Repo/Page_Form 3 EIS - Cessation as Employer/Page_Form 3 EIS - Cessation as Employer (Approve)/Save  Continue in Form 3 Page' is clicked on

2018-11-29 12:40:49 - [MESSAGE][PASSED] - Object: 'Object Repository/Final Object Repo/Page_Form 3 EIS - Cessation as Employer/Page_Form 3 EIS - Cessation as Employer (Approve)/Save  Continue in Form 3 Page' is clicked on

2018-11-29 12:40:49 - [TEST_STEP][PASSED] - delay: Delayed 2 second(s)

2018-11-29 12:40:51 - [MESSAGE][PASSED] - Delayed 2 second(s)

2018-11-29 12:40:51 - [TEST_STEP][PASSED] - click: Object: 'Object Repository/Final Object Repo/Page_Form 3 EIS - Cessation as Employer/Page_Form 3 EIS - Cessation as Employer (Approve)/Save  Continue in Resigned Page' is clicked on

2018-11-29 12:40:51 - [MESSAGE][PASSED] - Object: 'Object Repository/Final Object Repo/Page_Form 3 EIS - Cessation as Employer/Page_Form 3 EIS - Cessation as Employer (Approve)/Save  Continue in Resigned Page' is clicked on

2018-11-29 12:40:51 - [TEST_STEP][PASSED] - delay: Delayed 2 second(s)

2018-11-29 12:40:53 - [MESSAGE][PASSED] - Delayed 2 second(s)

2018-11-29 12:40:53 - [TEST_STEP][PASSED] - click: Object: 'Object Repository/Final Object Repo/Page_Form 3 EIS - Cessation as Employer/Page_Form 3 EIS - Cessation as Employer (Approve)/Save  Continue in Uploading Page' is clicked on

2018-11-29 12:40:55 - [MESSAGE][PASSED] - Object: 'Object Repository/Final Object Repo/Page_Form 3 EIS - Cessation as Employer/Page_Form 3 EIS - Cessation as Employer (Approve)/Save  Continue in Uploading Page' is clicked on

2018-11-29 12:40:55 - [TEST_STEP][PASSED] - delay: Delayed 2 second(s)

2018-11-29 12:40:57 - [MESSAGE][PASSED] - Delayed 2 second(s)

2018-11-29 12:40:57 - [TEST_STEP][PASSED] - click: Object: 'Object Repository/Final Object Repo/Page_Form 3 EIS - Cessation as Employer/Page_Form 3 EIS - Cessation as Employer (Approve)/Approve' is clicked on

2018-11-29 12:41:00 - [MESSAGE][PASSED] - Object: 'Object Repository/Final Object Repo/Page_Form 3 EIS - Cessation as Employer/Page_Form 3 EIS - Cessation as Employer (Approve)/Approve' is clicked on

2018-11-29 12:41:00 - [TEST_STEP][PASSED] - delay: Delayed 2 second(s)

2018-11-29 12:41:02 - [MESSAGE][PASSED] - Delayed 2 second(s)

2018-11-29 12:41:02 - [TEST_STEP][PASSED] - click: Object: 'Object Repository/Final Object Repo/Page_Form 3 EIS - Cessation as Employer/Page_Form 3 EIS - Cessation as Employer (Approve)/Confirm' is clicked on

2018-11-29 12:41:02 - [MESSAGE][PASSED] - Object: 'Object Repository/Final Object Repo/Page_Form 3 EIS - Cessation as Employer/Page_Form 3 EIS - Cessation as Employer (Approve)/Confirm' is clicked on

2018-11-29 12:41:02 - [TEST_STEP][PASSED] - delay: Delayed 2 second(s)

2018-11-29 12:41:04 - [MESSAGE][PASSED] - Delayed 2 second(s)

2018-11-29 12:41:04 - [TEST_STEP][PASSED] - click: Object: 'Object Repository/Final Object Repo/Page_Form 3 EIS - Cessation as Employer/Page_Form 3 EIS - Cessation as Employer (Approve)/Message Your Request    Form 3 EIS' is clicked on

2018-11-29 12:41:10 - [MESSAGE][PASSED] - Object: 'Object Repository/Final Object Repo/Page_Form 3 EIS - Cessation as Employer/Page_Form 3 EIS - Cessation as Employer (Approve)/Message Your Request    Form 3 EIS' is clicked on

2018-11-29 12:41:10 - [TEST_STEP][PASSED] - click: Object: 'Object Repository/Final Object Repo/Page_Form 3 EIS - Cessation as Employer/Page_Form 3 EIS - Cessation as Employer (Approve)/Letter of successful update' is clicked on

2018-11-29 12:41:11 - [MESSAGE][PASSED] - Object: 'Object Repository/Final Object Repo/Page_Form 3 EIS - Cessation as Employer/Page_Form 3 EIS - Cessation as Employer (Approve)/Letter of successful update' is clicked on

2018-11-29 12:41:11 - [MESSAGE][PASSED] - Call Test Case 'Test Cases/Final Aug 2018 - PKS Automation/Registration Module/Workflow/Form 3 EIS - Cessation As Employer/Template/Form 3 A - Cessation As Employer (Approve)' successfully]]></system-out>
         <system-err><![CDATA[]]></system-err>
      </testcase>
      <testcase name="Test Cases/Final Aug 2018 - PKS Automation/Registration Module/Workflow/Form 3 EIS - Cessation As Employer/OTC to UO (Query)" classname="Test Cases/Final Aug 2018 - PKS Automation/Registration Module/Workflow/Form 3 EIS - Cessation As Employer/OTC to UO (Query)" status="PASSED">
         <system-out><![CDATA[2018-11-29 12:41:11 - [TEST_CASE][PASSED] - Test Cases/Final Aug 2018 - PKS Automation/Registration Module/Workflow/Form 3 EIS - Cessation As Employer/OTC to UO (Query): Test Cases/Final Aug 2018 - PKS Automation/Registration Module/Workflow/Form 3 EIS - Cessation As Employer/OTC to UO (Query)

2018-11-29 12:41:12 - [TEST_STEP][PASSED] - callTestCase: Call Test Case 'Test Cases/Final Aug 2018 - PKS Automation/Registration Module/Workflow/Form 3 EIS - Cessation As Employer/Template/Form 3 A - Cessation As Employer (OTC)' successfully

2018-11-29 12:41:12 - [TEST_CASE][PASSED] - Test Cases/Final Aug 2018 - PKS Automation/Registration Module/Workflow/Form 3 EIS - Cessation As Employer/Template/Form 3 A - Cessation As Employer (OTC): Test Cases/Final Aug 2018 - PKS Automation/Registration Module/Workflow/Form 3 EIS - Cessation As Employer/Template/Form 3 A - Cessation As Employer (OTC)

2018-11-29 12:41:12 - [TEST_STEP][PASSED] - openBrowser: Browser is opened with url: ''

2018-11-29 12:41:12 - [MESSAGE][WARNING] - A browser is already opened. Closing browser and opening a new one

2018-11-29 12:41:15 - [MESSAGE][PASSED] - Browser is opened with url: ''

2018-11-29 12:41:15 - [TEST_STEP][PASSED] - navigateToUrl: Navigate to 'https://assist2-uat.perkeso.gov.my/login' successfully

2018-11-29 12:41:16 - [MESSAGE][PASSED] - Navigate to 'https://assist2-uat.perkeso.gov.my/login' successfully

2018-11-29 12:41:16 - [TEST_STEP][PASSED] - setText: Text 'johorotc1@gmail.com' is set on object 'Object Repository/Final Object Repo/Login Page/Internal User/Email Address'

2018-11-29 12:41:17 - [MESSAGE][PASSED] - Text 'johorotc1@gmail.com' is set on object 'Object Repository/Final Object Repo/Login Page/Internal User/Email Address'

2018-11-29 12:41:17 - [TEST_STEP][PASSED] - click: Object: 'Object Repository/Final Object Repo/Login Page/Internal User/Next Button' is clicked on

2018-11-29 12:41:17 - [MESSAGE][PASSED] - Object: 'Object Repository/Final Object Repo/Login Page/Internal User/Next Button' is clicked on

2018-11-29 12:41:17 - [TEST_STEP][PASSED] - delay: Delayed 1 second(s)

2018-11-29 12:41:18 - [MESSAGE][PASSED] - Delayed 1 second(s)

2018-11-29 12:41:18 - [TEST_STEP][PASSED] - setEncryptedText: Text ****** has been set on object 'Object Repository/Final Object Repo/Login Page/Internal User/Password'

2018-11-29 12:41:18 - [MESSAGE][PASSED] - Text ****** has been set on object 'Object Repository/Final Object Repo/Login Page/Internal User/Password'

2018-11-29 12:41:18 - [TEST_STEP][PASSED] - click: Object: 'Object Repository/Final Object Repo/Login Page/Internal User/Login Button' is clicked on

2018-11-29 12:41:19 - [MESSAGE][PASSED] - Object: 'Object Repository/Final Object Repo/Login Page/Internal User/Login Button' is clicked on

2018-11-29 12:41:19 - [TEST_STEP][PASSED] - delay: Delayed 1 second(s)

2018-11-29 12:41:20 - [MESSAGE][PASSED] - Delayed 1 second(s)

2018-11-29 12:41:20 - [TEST_STEP][PASSED] - Statement - Try: Delayed 2 second(s)

2018-11-29 12:41:20 - [TEST_STEP][PASSED] - Statement - Checker = false: null

2018-11-29 12:41:20 - [TEST_STEP][PASSED] - Statement - Checker = com.kms.katalon.core.webui.keyword.WebUiBuiltInKeywords.verifyElementHasAttribute(com.kms.katalon.core.testobject.ObjectRepository.findTestObject(Final Object Repo/Landing Page/BM Detecting), "href", 20, OPTIONAL): Object 'Object Repository/Final Object Repo/Landing Page/BM Detecting' has attribute 'href'

2018-11-29 12:41:21 - [MESSAGE][PASSED] - Object 'Object Repository/Final Object Repo/Landing Page/BM Detecting' has attribute 'href'

2018-11-29 12:41:21 - [TEST_STEP][PASSED] - Statement - out.println(Checker): null

2018-11-29 12:41:21 - [TEST_STEP][PASSED] - Statement - If (Checker == false): null

2018-11-29 12:41:21 - [TEST_STEP][PASSED] - Statement - Else: null

2018-11-29 12:41:21 - [TEST_STEP][PASSED] - delay: Delayed 2 second(s)

2018-11-29 12:41:23 - [MESSAGE][PASSED] - Delayed 2 second(s)

2018-11-29 12:41:23 - [TEST_STEP][PASSED] - navigateToUrl: Navigate to 'https://assist2-uat.perkeso.gov.my/web/registration/eis-update/form-3-eis-cessation-as-employer' successfully

2018-11-29 12:41:24 - [MESSAGE][PASSED] - Navigate to 'https://assist2-uat.perkeso.gov.my/web/registration/eis-update/form-3-eis-cessation-as-employer' successfully

2018-11-29 12:41:24 - [TEST_STEP][PASSED] - delay: Delayed 1 second(s)

2018-11-29 12:41:25 - [MESSAGE][PASSED] - Delayed 1 second(s)

2018-11-29 12:41:25 - [TEST_STEP][PASSED] - setText: Text 'E1102069769W' is set on object 'Object Repository/Final Object Repo/Page_Form 3 EIS - Cessation as Employer/Employer Code'

2018-11-29 12:41:25 - [MESSAGE][PASSED] - Text 'E1102069769W' is set on object 'Object Repository/Final Object Repo/Page_Form 3 EIS - Cessation as Employer/Employer Code'

2018-11-29 12:41:25 - [TEST_STEP][PASSED] - click: Object: 'Object Repository/Final Object Repo/Page_Form 3 EIS - Cessation as Employer/Search' is clicked on

2018-11-29 12:41:26 - [MESSAGE][PASSED] - Object: 'Object Repository/Final Object Repo/Page_Form 3 EIS - Cessation as Employer/Search' is clicked on

2018-11-29 12:41:26 - [TEST_STEP][PASSED] - click: Object: 'Object Repository/Final Object Repo/Page_Form 3 EIS - Cessation as Employer/Edit' is clicked on

2018-11-29 12:41:28 - [MESSAGE][PASSED] - Object: 'Object Repository/Final Object Repo/Page_Form 3 EIS - Cessation as Employer/Edit' is clicked on

2018-11-29 12:41:28 - [TEST_STEP][PASSED] - delay: Delayed 1 second(s)

2018-11-29 12:41:29 - [MESSAGE][PASSED] - Delayed 1 second(s)

2018-11-29 12:41:29 - [TEST_STEP][PASSED] - Statement - abc = com.kms.katalon.core.webui.keyword.WebUiBuiltInKeywords.getAttribute(com.kms.katalon.core.testobject.ObjectRepository.findTestObject(Final Object Repo/Page_Form 3 EIS - Cessation as Employer/Employer Status), "value"): Attribute 'value' of object 'Object Repository/Final Object Repo/Page_Form 3 EIS - Cessation as Employer/Employer Status' is: 'Active'

2018-11-29 12:41:29 - [MESSAGE][PASSED] - Attribute 'value' of object 'Object Repository/Final Object Repo/Page_Form 3 EIS - Cessation as Employer/Employer Status' is: 'Active'

2018-11-29 12:41:29 - [TEST_STEP][PASSED] - Statement - out.println(abc): null

2018-11-29 12:41:29 - [TEST_STEP][PASSED] - Statement - If (abc == "Active"): Object: 'Object Repository/Final Object Repo/Page_Form 3 EIS - Cessation as Employer/Dormant EIS' is clicked on

2018-11-29 12:41:29 - [TEST_STEP][PASSED] - click: Object: 'Object Repository/Final Object Repo/Page_Form 3 EIS - Cessation as Employer/Change Employer Status to' is clicked on

2018-11-29 12:41:29 - [MESSAGE][PASSED] - Object: 'Object Repository/Final Object Repo/Page_Form 3 EIS - Cessation as Employer/Change Employer Status to' is clicked on

2018-11-29 12:41:29 - [TEST_STEP][PASSED] - click: Object: 'Object Repository/Final Object Repo/Page_Form 3 EIS - Cessation as Employer/Dormant EIS' is clicked on

2018-11-29 12:41:30 - [MESSAGE][PASSED] - Object: 'Object Repository/Final Object Repo/Page_Form 3 EIS - Cessation as Employer/Dormant EIS' is clicked on

2018-11-29 12:41:30 - [TEST_STEP][PASSED] - click: Object: 'Object Repository/Final Object Repo/Page_Form 3 EIS - Cessation as Employer/Calender' is clicked on

2018-11-29 12:41:30 - [MESSAGE][PASSED] - Object: 'Object Repository/Final Object Repo/Page_Form 3 EIS - Cessation as Employer/Calender' is clicked on

2018-11-29 12:41:30 - [TEST_STEP][PASSED] - delay: Delayed 1 second(s)

2018-11-29 12:41:31 - [MESSAGE][PASSED] - Delayed 1 second(s)

2018-11-29 12:41:31 - [TEST_STEP][PASSED] - click: Object: 'Object Repository/Final Object Repo/Page_Form 3 EIS - Cessation as Employer/Calender - Date' is clicked on

2018-11-29 12:41:31 - [MESSAGE][PASSED] - Object: 'Object Repository/Final Object Repo/Page_Form 3 EIS - Cessation as Employer/Calender - Date' is clicked on

2018-11-29 12:41:31 - [TEST_STEP][PASSED] - click: Object: 'Object Repository/Final Object Repo/Page_Form 3 EIS - Cessation as Employer/Save  Continue in Form 3 EIS Page' is clicked on

2018-11-29 12:41:32 - [MESSAGE][PASSED] - Object: 'Object Repository/Final Object Repo/Page_Form 3 EIS - Cessation as Employer/Save  Continue in Form 3 EIS Page' is clicked on

2018-11-29 12:41:32 - [TEST_STEP][PASSED] - delay: Delayed 1 second(s)

2018-11-29 12:41:33 - [MESSAGE][PASSED] - Delayed 1 second(s)

2018-11-29 12:41:33 - [TEST_STEP][PASSED] - click: Object: 'Object Repository/Final Object Repo/Page_Form 3 EIS - Cessation as Employer/Employment Resign Date' is clicked on

2018-11-29 12:41:33 - [MESSAGE][PASSED] - Object: 'Object Repository/Final Object Repo/Page_Form 3 EIS - Cessation as Employer/Employment Resign Date' is clicked on

2018-11-29 12:41:33 - [TEST_STEP][PASSED] - selectOptionByValue: All options with value '2030' are selected in object 'Object Repository/Final Object Repo/Page_Form 3 EIS - Cessation as Employer/Employment Resign Date - Year' 

2018-11-29 12:41:34 - [MESSAGE][PASSED] - All options with value '2030' are selected in object 'Object Repository/Final Object Repo/Page_Form 3 EIS - Cessation as Employer/Employment Resign Date - Year' 

2018-11-29 12:41:34 - [TEST_STEP][PASSED] - delay: Delayed 2 second(s)

2018-11-29 12:41:36 - [MESSAGE][PASSED] - Delayed 2 second(s)

2018-11-29 12:41:36 - [TEST_STEP][PASSED] - click: Object: 'Object Repository/Final Object Repo/Page_Form 3 EIS - Cessation as Employer/Employment Resign Date - Year - Date' is clicked on

2018-11-29 12:41:36 - [MESSAGE][PASSED] - Object: 'Object Repository/Final Object Repo/Page_Form 3 EIS - Cessation as Employer/Employment Resign Date - Year - Date' is clicked on

2018-11-29 12:41:36 - [TEST_STEP][PASSED] - delay: Delayed 2 second(s)

2018-11-29 12:41:38 - [MESSAGE][PASSED] - Delayed 2 second(s)

2018-11-29 12:41:38 - [TEST_STEP][PASSED] - click: Object: 'Object Repository/Final Object Repo/Page_Form 3 EIS - Cessation as Employer/Save  Continue in Employment Resign Page' is clicked on

2018-11-29 12:41:38 - [MESSAGE][PASSED] - Object: 'Object Repository/Final Object Repo/Page_Form 3 EIS - Cessation as Employer/Save  Continue in Employment Resign Page' is clicked on

2018-11-29 12:41:38 - [TEST_STEP][PASSED] - delay: Delayed 2 second(s)

2018-11-29 12:41:40 - [MESSAGE][PASSED] - Delayed 2 second(s)

2018-11-29 12:41:40 - [TEST_STEP][PASSED] - click: Object: 'Object Repository/Final Object Repo/Page_Form 3 EIS - Cessation as Employer/Set Latest - Yes' is clicked on

2018-11-29 12:41:40 - [MESSAGE][PASSED] - Object: 'Object Repository/Final Object Repo/Page_Form 3 EIS - Cessation as Employer/Set Latest - Yes' is clicked on

2018-11-29 12:41:40 - [TEST_STEP][PASSED] - delay: Delayed 2 second(s)

2018-11-29 12:41:42 - [MESSAGE][PASSED] - Delayed 2 second(s)

2018-11-29 12:41:42 - [TEST_STEP][PASSED] - click: Object: 'Object Repository/Final Object Repo/Page_Form 3 EIS - Cessation as Employer/Add Document' is clicked on

2018-11-29 12:41:43 - [MESSAGE][PASSED] - Object: 'Object Repository/Final Object Repo/Page_Form 3 EIS - Cessation as Employer/Add Document' is clicked on

2018-11-29 12:41:43 - [TEST_STEP][PASSED] - delay: Delayed 3 second(s)

2018-11-29 12:41:46 - [MESSAGE][PASSED] - Delayed 3 second(s)

2018-11-29 12:41:46 - [TEST_STEP][PASSED] - click: Object: 'Object Repository/Final Object Repo/Page_Form 3 EIS - Cessation as Employer/Document Type' is clicked on

2018-11-29 12:41:48 - [MESSAGE][PASSED] - Object: 'Object Repository/Final Object Repo/Page_Form 3 EIS - Cessation as Employer/Document Type' is clicked on

2018-11-29 12:41:48 - [TEST_STEP][PASSED] - click: Object: 'Object Repository/Final Object Repo/Page_Form 3 EIS - Cessation as Employer/Document Type - Form 3' is clicked on

2018-11-29 12:41:48 - [MESSAGE][PASSED] - Object: 'Object Repository/Final Object Repo/Page_Form 3 EIS - Cessation as Employer/Document Type - Form 3' is clicked on

2018-11-29 12:41:48 - [TEST_STEP][PASSED] - delay: Delayed 2 second(s)

2018-11-29 12:41:50 - [MESSAGE][PASSED] - Delayed 2 second(s)

2018-11-29 12:41:50 - [TEST_STEP][PASSED] - sendKeys: Keys 'C:\Users\Public\Pictures\Sample Pictures\Koala.jpg' sent to object: 'Object Repository/Final Object Repo/Page_Form 3 EIS - Cessation as Employer/ploading File'

2018-11-29 12:41:50 - [MESSAGE][PASSED] - Keys 'C:\Users\Public\Pictures\Sample Pictures\Koala.jpg' sent to object: 'Object Repository/Final Object Repo/Page_Form 3 EIS - Cessation as Employer/ploading File'

2018-11-29 12:41:50 - [TEST_STEP][PASSED] - delay: Delayed 1 second(s)

2018-11-29 12:41:51 - [MESSAGE][PASSED] - Delayed 1 second(s)

2018-11-29 12:41:51 - [TEST_STEP][PASSED] - click: Object: 'Object Repository/Final Object Repo/Page_Form 3 EIS - Cessation as Employer/Add Document in Uploading Page' is clicked on

2018-11-29 12:41:51 - [MESSAGE][PASSED] - Object: 'Object Repository/Final Object Repo/Page_Form 3 EIS - Cessation as Employer/Add Document in Uploading Page' is clicked on

2018-11-29 12:41:51 - [TEST_STEP][PASSED] - delay: Delayed 2 second(s)

2018-11-29 12:41:53 - [MESSAGE][PASSED] - Delayed 2 second(s)

2018-11-29 12:41:53 - [TEST_STEP][PASSED] - Statement - CaseReferenceNo = com.kms.katalon.core.webui.keyword.WebUiBuiltInKeywords.getText(com.kms.katalon.core.testobject.ObjectRepository.findTestObject(Final Object Repo/Page_Update Employer Information/Reference Number in Update Employee Information Page)): Text of object 'Object Repository/Final Object Repo/Page_Update Employer Information/Reference Number in Update Employee Information Page' is: 'ERN112018C200002356'

2018-11-29 12:41:55 - [MESSAGE][PASSED] - Text of object 'Object Repository/Final Object Repo/Page_Update Employer Information/Reference Number in Update Employee Information Page' is: 'ERN112018C200002356'

2018-11-29 12:41:55 - [TEST_STEP][PASSED] - callTestCase: Call Test Case 'Test Cases/Final Aug 2018 - PKS Automation/Common/Reference Number Setter' successfully

2018-11-29 12:41:55 - [TEST_CASE][PASSED] - Test Cases/Final Aug 2018 - PKS Automation/Common/Reference Number Setter: Test Cases/Final Aug 2018 - PKS Automation/Common/Reference Number Setter

2018-11-29 12:41:55 - [TEST_STEP][PASSED] - Statement - RefNoOldFile = new java.io.File(C://Users//Admin//Desktop//PKS//Automation Reference Point//KatalonReference.txt): null

2018-11-29 12:41:55 - [TEST_STEP][PASSED] - Statement - RefNoOldFile.delete(): null

2018-11-29 12:41:55 - [TEST_STEP][PASSED] - delay: Delayed 5 second(s)

2018-11-29 12:42:00 - [MESSAGE][PASSED] - Delayed 5 second(s)

2018-11-29 12:42:00 - [TEST_STEP][PASSED] - Statement - RefNo = new java.io.File(C://Users//Admin//Desktop//PKS//Automation Reference Point//KatalonReference.txt): null

2018-11-29 12:42:00 - [TEST_STEP][PASSED] - Statement - f2 = new java.io.FileWriter(RefNo, false): null

2018-11-29 12:42:00 - [TEST_STEP][PASSED] - Statement - f2.write(CaseReferenceNo): null

2018-11-29 12:42:00 - [TEST_STEP][PASSED] - Statement - f2.close(): null

2018-11-29 12:42:00 - [TEST_STEP][PASSED] - Statement - out.println("


" + CaseReferenceNo + "


"): null

2018-11-29 12:42:00 - [MESSAGE][PASSED] - Call Test Case 'Test Cases/Final Aug 2018 - PKS Automation/Common/Reference Number Setter' successfully

2018-11-29 12:42:00 - [TEST_STEP][PASSED] - delay: Delayed 2 second(s)

2018-11-29 12:42:02 - [MESSAGE][PASSED] - Delayed 2 second(s)

2018-11-29 12:42:02 - [TEST_STEP][PASSED] - click: Object: 'Object Repository/Final Object Repo/Page_Form 3 EIS - Cessation as Employer/Save  Continue in Uploading Page' is clicked on

2018-11-29 12:42:03 - [MESSAGE][PASSED] - Object: 'Object Repository/Final Object Repo/Page_Form 3 EIS - Cessation as Employer/Save  Continue in Uploading Page' is clicked on

2018-11-29 12:42:03 - [TEST_STEP][PASSED] - delay: Delayed 2 second(s)

2018-11-29 12:42:05 - [MESSAGE][PASSED] - Delayed 2 second(s)

2018-11-29 12:42:05 - [TEST_STEP][PASSED] - click: Object: 'Object Repository/Final Object Repo/Page_Form 3 EIS - Cessation as Employer/Submit' is clicked on

2018-11-29 12:42:07 - [MESSAGE][PASSED] - Object: 'Object Repository/Final Object Repo/Page_Form 3 EIS - Cessation as Employer/Submit' is clicked on

2018-11-29 12:42:07 - [TEST_STEP][PASSED] - delay: Delayed 2 second(s)

2018-11-29 12:42:09 - [MESSAGE][PASSED] - Delayed 2 second(s)

2018-11-29 12:42:09 - [TEST_STEP][PASSED] - click: Object: 'Object Repository/Final Object Repo/Page_Form 3 EIS - Cessation as Employer/Confirm' is clicked on

2018-11-29 12:42:10 - [MESSAGE][PASSED] - Object: 'Object Repository/Final Object Repo/Page_Form 3 EIS - Cessation as Employer/Confirm' is clicked on

2018-11-29 12:42:10 - [TEST_STEP][PASSED] - delay: Delayed 2 second(s)

2018-11-29 12:42:12 - [MESSAGE][PASSED] - Delayed 2 second(s)

2018-11-29 12:42:12 - [TEST_STEP][PASSED] - click: Object: 'Object Repository/Final Object Repo/Page_Form 3 EIS - Cessation as Employer/Message Your Request will be routed to UO' is clicked on

2018-11-29 12:42:16 - [MESSAGE][PASSED] - Object: 'Object Repository/Final Object Repo/Page_Form 3 EIS - Cessation as Employer/Message Your Request will be routed to UO' is clicked on

2018-11-29 12:42:16 - [TEST_STEP][PASSED] - click: Object: 'Object Repository/Final Object Repo/Page_Form 3 EIS - Cessation as Employer/Letter of acknowledgement' is clicked on

2018-11-29 12:42:16 - [MESSAGE][PASSED] - Object: 'Object Repository/Final Object Repo/Page_Form 3 EIS - Cessation as Employer/Letter of acknowledgement' is clicked on

2018-11-29 12:42:16 - [MESSAGE][PASSED] - Call Test Case 'Test Cases/Final Aug 2018 - PKS Automation/Registration Module/Workflow/Form 3 EIS - Cessation As Employer/Template/Form 3 A - Cessation As Employer (OTC)' successfully

2018-11-29 12:42:16 - [TEST_STEP][PASSED] - callTestCase: Call Test Case 'Test Cases/Final Aug 2018 - PKS Automation/Registration Module/Workflow/Form 3 EIS - Cessation As Employer/Template/Form 3 A - Cessation As Employer (Query)' successfully

2018-11-29 12:42:16 - [TEST_CASE][PASSED] - Test Cases/Final Aug 2018 - PKS Automation/Registration Module/Workflow/Form 3 EIS - Cessation As Employer/Template/Form 3 A - Cessation As Employer (Query): Test Cases/Final Aug 2018 - PKS Automation/Registration Module/Workflow/Form 3 EIS - Cessation As Employer/Template/Form 3 A - Cessation As Employer (Query)

2018-11-29 12:42:16 - [TEST_STEP][NOT_RUN] - callTestCase: NOT_RUN: callTestCase

2018-11-29 12:42:16 - [MESSAGE][NOT_RUN] - NOT_RUN: callTestCase

2018-11-29 12:42:16 - [TEST_STEP][PASSED] - delay: Delayed 1 second(s)

2018-11-29 12:42:17 - [MESSAGE][PASSED] - Delayed 1 second(s)

2018-11-29 12:42:17 - [TEST_STEP][PASSED] - navigateToUrl: Navigate to 'https://assist2-uat.perkeso.gov.my/c/portal/logout' successfully

2018-11-29 12:42:18 - [MESSAGE][PASSED] - Navigate to 'https://assist2-uat.perkeso.gov.my/c/portal/logout' successfully

2018-11-29 12:42:18 - [TEST_STEP][PASSED] - delay: Delayed 1 second(s)

2018-11-29 12:42:19 - [MESSAGE][PASSED] - Delayed 1 second(s)

2018-11-29 12:42:19 - [TEST_STEP][PASSED] - callTestCase: Call Test Case 'Test Cases/Final Aug 2018 - PKS Automation/Common/Reference Number Getter' successfully

2018-11-29 12:42:19 - [TEST_CASE][PASSED] - Test Cases/Final Aug 2018 - PKS Automation/Common/Reference Number Getter: Test Cases/Final Aug 2018 - PKS Automation/Common/Reference Number Getter

2018-11-29 12:42:19 - [TEST_STEP][PASSED] - Statement - Try: null

2018-11-29 12:42:19 - [TEST_STEP][PASSED] - Statement - RefNo = new java.io.File(C://Users//Admin//Desktop//PKS//Automation Reference Point//KatalonReference.txt): null

2018-11-29 12:42:19 - [TEST_STEP][PASSED] - Statement - bufferread = new java.io.BufferedReader(new java.io.FileReader(RefNo)): null

2018-11-29 12:42:19 - [TEST_STEP][PASSED] - Statement - readedVal = bufferread.readLine(): null

2018-11-29 12:42:19 - [TEST_STEP][PASSED] - Statement - out.println(CaseReferenceNo): null

2018-11-29 12:42:19 - [TEST_STEP][PASSED] - Statement - out.println(readedVal): null

2018-11-29 12:42:19 - [TEST_STEP][PASSED] - Statement - CaseReferenceNo = "": null

2018-11-29 12:42:19 - [TEST_STEP][PASSED] - Statement - CaseReferenceNo = readedVal: null

2018-11-29 12:42:19 - [MESSAGE][PASSED] - Call Test Case 'Test Cases/Final Aug 2018 - PKS Automation/Common/Reference Number Getter' successfully

2018-11-29 12:42:19 - [TEST_STEP][PASSED] - callTestCase: Call Test Case 'Test Cases/Final Aug 2018 - PKS Automation/Common/Workflow Owner Finder' successfully

2018-11-29 12:42:19 - [TEST_CASE][PASSED] - Test Cases/Final Aug 2018 - PKS Automation/Common/Workflow Owner Finder: Test Cases/Final Aug 2018 - PKS Automation/Common/Workflow Owner Finder

2018-11-29 12:42:19 - [TEST_STEP][PASSED] - openBrowser: Browser is opened with url: ''

2018-11-29 12:42:19 - [MESSAGE][WARNING] - A browser is already opened. Closing browser and opening a new one

2018-11-29 12:42:23 - [MESSAGE][PASSED] - Browser is opened with url: ''

2018-11-29 12:42:23 - [TEST_STEP][PASSED] - navigateToUrl: Navigate to 'https://assist2-uat.perkeso.gov.my/login' successfully

2018-11-29 12:42:24 - [MESSAGE][PASSED] - Navigate to 'https://assist2-uat.perkeso.gov.my/login' successfully

2018-11-29 12:42:24 - [TEST_STEP][PASSED] - delay: Delayed 5 second(s)

2018-11-29 12:42:29 - [MESSAGE][PASSED] - Delayed 5 second(s)

2018-11-29 12:42:29 - [TEST_STEP][PASSED] - setText: Text 'test@liferay.com' is set on object 'Object Repository/Final Object Repo/Login Page/Internal User/Email Address'

2018-11-29 12:42:29 - [MESSAGE][PASSED] - Text 'test@liferay.com' is set on object 'Object Repository/Final Object Repo/Login Page/Internal User/Email Address'

2018-11-29 12:42:29 - [TEST_STEP][PASSED] - click: Object: 'Object Repository/Final Object Repo/Login Page/Internal User/Next Button' is clicked on

2018-11-29 12:42:29 - [MESSAGE][PASSED] - Object: 'Object Repository/Final Object Repo/Login Page/Internal User/Next Button' is clicked on

2018-11-29 12:42:29 - [TEST_STEP][PASSED] - delay: Delayed 2 second(s)

2018-11-29 12:42:31 - [MESSAGE][PASSED] - Delayed 2 second(s)

2018-11-29 12:42:31 - [TEST_STEP][PASSED] - setText: Text 'test' is set on object 'Object Repository/Final Object Repo/Login Page/Internal User/Password'

2018-11-29 12:42:32 - [MESSAGE][PASSED] - Text 'test' is set on object 'Object Repository/Final Object Repo/Login Page/Internal User/Password'

2018-11-29 12:42:32 - [TEST_STEP][PASSED] - delay: Delayed 2 second(s)

2018-11-29 12:42:34 - [MESSAGE][PASSED] - Delayed 2 second(s)

2018-11-29 12:42:34 - [TEST_STEP][PASSED] - click: Object: 'Object Repository/Final Object Repo/Login Page/Internal User/Login Button' is clicked on

2018-11-29 12:42:34 - [MESSAGE][PASSED] - Object: 'Object Repository/Final Object Repo/Login Page/Internal User/Login Button' is clicked on

2018-11-29 12:42:34 - [TEST_STEP][PASSED] - Statement - Try: null

2018-11-29 12:42:34 - [TEST_STEP][PASSED] - Statement - Checker = com.kms.katalon.core.webui.keyword.WebUiBuiltInKeywords.verifyElementNotPresent("Final Object Repo/Landing Page/Select to English", 3): null

2018-11-29 12:42:34 - [TEST_STEP][PASSED] - Statement - Catch (Exception e): null

2018-11-29 12:42:34 - [TEST_STEP][PASSED] - Statement - e.printStackTrace(): null

2018-11-29 12:42:34 - [TEST_STEP][PASSED] - delay: Delayed 5 second(s)

2018-11-29 12:42:39 - [MESSAGE][PASSED] - Delayed 5 second(s)

2018-11-29 12:42:39 - [TEST_STEP][PASSED] - mouseOver: Object: 'Object Repository/Final Object Repo/Landing Page/WorkFlow Menu' is hovered

2018-11-29 12:42:39 - [MESSAGE][PASSED] - Object: 'Object Repository/Final Object Repo/Landing Page/WorkFlow Menu' is hovered

2018-11-29 12:42:39 - [TEST_STEP][PASSED] - delay: Delayed 2 second(s)

2018-11-29 12:42:41 - [MESSAGE][PASSED] - Delayed 2 second(s)

2018-11-29 12:42:41 - [TEST_STEP][PASSED] - click: Object: 'Object Repository/Final Object Repo/Landing Page/Select to Workflow Listing' is clicked on

2018-11-29 12:42:42 - [MESSAGE][PASSED] - Object: 'Object Repository/Final Object Repo/Landing Page/Select to Workflow Listing' is clicked on

2018-11-29 12:42:42 - [TEST_STEP][PASSED] - delay: Delayed 2 second(s)

2018-11-29 12:42:44 - [MESSAGE][PASSED] - Delayed 2 second(s)

2018-11-29 12:42:44 - [TEST_STEP][PASSED] - click: Object: 'Object Repository/Final Object Repo/WorkFlow Listing Page/Search Information - To Put Ref No' is clicked on

2018-11-29 12:42:44 - [MESSAGE][PASSED] - Object: 'Object Repository/Final Object Repo/WorkFlow Listing Page/Search Information - To Put Ref No' is clicked on

2018-11-29 12:42:44 - [TEST_STEP][PASSED] - delay: Delayed 2 second(s)

2018-11-29 12:42:46 - [MESSAGE][PASSED] - Delayed 2 second(s)

2018-11-29 12:42:46 - [TEST_STEP][PASSED] - callTestCase: Call Test Case 'Test Cases/Final Aug 2018 - PKS Automation/Common/Reference Number Getter' successfully

2018-11-29 12:42:47 - [TEST_CASE][PASSED] - Test Cases/Final Aug 2018 - PKS Automation/Common/Reference Number Getter: Test Cases/Final Aug 2018 - PKS Automation/Common/Reference Number Getter

2018-11-29 12:42:47 - [TEST_STEP][PASSED] - Statement - Try: null

2018-11-29 12:42:47 - [TEST_STEP][PASSED] - Statement - RefNo = new java.io.File(C://Users//Admin//Desktop//PKS//Automation Reference Point//KatalonReference.txt): null

2018-11-29 12:42:47 - [TEST_STEP][PASSED] - Statement - bufferread = new java.io.BufferedReader(new java.io.FileReader(RefNo)): null

2018-11-29 12:42:47 - [TEST_STEP][PASSED] - Statement - readedVal = bufferread.readLine(): null

2018-11-29 12:42:47 - [TEST_STEP][PASSED] - Statement - out.println(CaseReferenceNo): null

2018-11-29 12:42:47 - [TEST_STEP][PASSED] - Statement - out.println(readedVal): null

2018-11-29 12:42:47 - [TEST_STEP][PASSED] - Statement - CaseReferenceNo = "": null

2018-11-29 12:42:47 - [TEST_STEP][PASSED] - Statement - CaseReferenceNo = readedVal: null

2018-11-29 12:42:47 - [MESSAGE][PASSED] - Call Test Case 'Test Cases/Final Aug 2018 - PKS Automation/Common/Reference Number Getter' successfully

2018-11-29 12:42:47 - [TEST_STEP][PASSED] - setText: Text 'ERN112018C200002356' is set on object 'Object Repository/Final Object Repo/WorkFlow Listing Page/Ref No Set Text'

2018-11-29 12:42:47 - [MESSAGE][PASSED] - Text 'ERN112018C200002356' is set on object 'Object Repository/Final Object Repo/WorkFlow Listing Page/Ref No Set Text'

2018-11-29 12:42:47 - [TEST_STEP][PASSED] - delay: Delayed 2 second(s)

2018-11-29 12:42:49 - [MESSAGE][PASSED] - Delayed 2 second(s)

2018-11-29 12:42:49 - [TEST_STEP][PASSED] - click: Object: 'Object Repository/Final Object Repo/WorkFlow Listing Page/Search Ref No Search Button' is clicked on

2018-11-29 12:42:49 - [MESSAGE][PASSED] - Object: 'Object Repository/Final Object Repo/WorkFlow Listing Page/Search Ref No Search Button' is clicked on

2018-11-29 12:42:49 - [TEST_STEP][PASSED] - delay: Delayed 4 second(s)

2018-11-29 12:42:53 - [MESSAGE][PASSED] - Delayed 4 second(s)

2018-11-29 12:42:53 - [TEST_STEP][PASSED] - click: Object: 'Object Repository/Final Object Repo/WorkFlow Listing Page/Click Continue Tooltip' is clicked on

2018-11-29 12:42:54 - [MESSAGE][PASSED] - Object: 'Object Repository/Final Object Repo/WorkFlow Listing Page/Click Continue Tooltip' is clicked on

2018-11-29 12:42:54 - [TEST_STEP][PASSED] - delay: Delayed 5 second(s)

2018-11-29 12:42:59 - [MESSAGE][PASSED] - Delayed 5 second(s)

2018-11-29 12:42:59 - [TEST_STEP][PASSED] - doubleClick: Object: 'Object Repository/Final Object Repo/WorkFlow Listing Page/Workflow Found - Listing 1' is double clicked on

2018-11-29 12:42:59 - [MESSAGE][PASSED] - Object: 'Object Repository/Final Object Repo/WorkFlow Listing Page/Workflow Found - Listing 1' is double clicked on

2018-11-29 12:42:59 - [TEST_STEP][PASSED] - Statement - println(OwnerID): null

2018-11-29 12:42:59 - [TEST_STEP][PASSED] - Statement - OwnerID = com.kms.katalon.core.webui.keyword.WebUiBuiltInKeywords.getText(com.kms.katalon.core.testobject.ObjectRepository.findTestObject(Final Object Repo/WorkFlow Listing Page/Workflow Found - Listing 1), STOP_ON_FAILURE): Text of object 'Object Repository/Final Object Repo/WorkFlow Listing Page/Workflow Found - Listing 1' is: 'JOHORuo2'

2018-11-29 12:42:59 - [MESSAGE][PASSED] - Text of object 'Object Repository/Final Object Repo/WorkFlow Listing Page/Workflow Found - Listing 1' is: 'JOHORuo2'

2018-11-29 12:42:59 - [TEST_STEP][PASSED] - Statement - OwnerID = OwnerID.toLowerCase() + "@gmail.com": null

2018-11-29 12:42:59 - [TEST_STEP][PASSED] - Statement - println(OwnerID): null

2018-11-29 12:42:59 - [TEST_STEP][PASSED] - delay: Delayed 2 second(s)

2018-11-29 12:43:01 - [MESSAGE][PASSED] - Delayed 2 second(s)

2018-11-29 12:43:01 - [MESSAGE][PASSED] - Call Test Case 'Test Cases/Final Aug 2018 - PKS Automation/Common/Workflow Owner Finder' successfully

2018-11-29 12:43:01 - [TEST_STEP][PASSED] - delay: Delayed 1 second(s)

2018-11-29 12:43:02 - [MESSAGE][PASSED] - Delayed 1 second(s)

2018-11-29 12:43:02 - [TEST_STEP][PASSED] - navigateToUrl: Navigate to 'https://assist2-uat.perkeso.gov.my/c/portal/logout' successfully

2018-11-29 12:43:03 - [MESSAGE][PASSED] - Navigate to 'https://assist2-uat.perkeso.gov.my/c/portal/logout' successfully

2018-11-29 12:43:03 - [TEST_STEP][PASSED] - delay: Delayed 1 second(s)

2018-11-29 12:43:04 - [MESSAGE][PASSED] - Delayed 1 second(s)

2018-11-29 12:43:04 - [TEST_STEP][PASSED] - callTestCase: Call Test Case 'Test Cases/Final Aug 2018 - PKS Automation/Registration Module/Workflow/Login and Search Case For Workflow' successfully

2018-11-29 12:43:04 - [TEST_CASE][PASSED] - Test Cases/Final Aug 2018 - PKS Automation/Registration Module/Workflow/Login and Search Case For Workflow: Test Cases/Final Aug 2018 - PKS Automation/Registration Module/Workflow/Login and Search Case For Workflow

2018-11-29 12:43:04 - [TEST_STEP][PASSED] - navigateToUrl: Navigate to 'https://assist2-uat.perkeso.gov.my/login' successfully

2018-11-29 12:43:05 - [MESSAGE][PASSED] - Navigate to 'https://assist2-uat.perkeso.gov.my/login' successfully

2018-11-29 12:43:05 - [TEST_STEP][PASSED] - setText: Text 'johoruo2@gmail.com' is set on object 'Object Repository/Final Object Repo/Login Page/Internal User/Email Address'

2018-11-29 12:43:05 - [MESSAGE][PASSED] - Text 'johoruo2@gmail.com' is set on object 'Object Repository/Final Object Repo/Login Page/Internal User/Email Address'

2018-11-29 12:43:05 - [TEST_STEP][PASSED] - click: Object: 'Object Repository/Final Object Repo/Login Page/Internal User/Next Button' is clicked on

2018-11-29 12:43:06 - [MESSAGE][PASSED] - Object: 'Object Repository/Final Object Repo/Login Page/Internal User/Next Button' is clicked on

2018-11-29 12:43:06 - [TEST_STEP][PASSED] - delay: Delayed 1 second(s)

2018-11-29 12:43:07 - [MESSAGE][PASSED] - Delayed 1 second(s)

2018-11-29 12:43:07 - [TEST_STEP][PASSED] - setEncryptedText: Text ****** has been set on object 'Object Repository/Final Object Repo/Login Page/Internal User/Password'

2018-11-29 12:43:07 - [MESSAGE][PASSED] - Text ****** has been set on object 'Object Repository/Final Object Repo/Login Page/Internal User/Password'

2018-11-29 12:43:07 - [TEST_STEP][PASSED] - click: Object: 'Object Repository/Final Object Repo/Login Page/Internal User/Login Button' is clicked on

2018-11-29 12:43:07 - [MESSAGE][PASSED] - Object: 'Object Repository/Final Object Repo/Login Page/Internal User/Login Button' is clicked on

2018-11-29 12:43:07 - [TEST_STEP][PASSED] - delay: Delayed 2 second(s)

2018-11-29 12:43:09 - [MESSAGE][PASSED] - Delayed 2 second(s)

2018-11-29 12:43:09 - [TEST_STEP][PASSED] - Statement - Try: Delayed 2 second(s)

2018-11-29 12:43:09 - [TEST_STEP][PASSED] - Statement - Checker = false: null

2018-11-29 12:43:09 - [TEST_STEP][PASSED] - Statement - Checker = com.kms.katalon.core.webui.keyword.WebUiBuiltInKeywords.verifyElementHasAttribute(com.kms.katalon.core.testobject.ObjectRepository.findTestObject(Final Object Repo/Landing Page/BM Detecting), "href", 20, OPTIONAL): Object 'Object Repository/Final Object Repo/Landing Page/BM Detecting' has attribute 'href'

2018-11-29 12:43:09 - [MESSAGE][PASSED] - Object 'Object Repository/Final Object Repo/Landing Page/BM Detecting' has attribute 'href'

2018-11-29 12:43:09 - [TEST_STEP][PASSED] - Statement - out.println(Checker): null

2018-11-29 12:43:09 - [TEST_STEP][PASSED] - Statement - If (Checker == false): null

2018-11-29 12:43:09 - [TEST_STEP][PASSED] - Statement - Else: null

2018-11-29 12:43:09 - [TEST_STEP][PASSED] - delay: Delayed 2 second(s)

2018-11-29 12:43:11 - [MESSAGE][PASSED] - Delayed 2 second(s)

2018-11-29 12:43:11 - [TEST_STEP][PASSED] - click: Object: 'Object Repository/Final Object Repo/Page_MyASSIST - ASSIST - Search Pending Case For Add Supporting Document/Search Information' is clicked on

2018-11-29 12:43:11 - [MESSAGE][PASSED] - Object: 'Object Repository/Final Object Repo/Page_MyASSIST - ASSIST - Search Pending Case For Add Supporting Document/Search Information' is clicked on

2018-11-29 12:43:11 - [TEST_STEP][PASSED] - delay: Delayed 3 second(s)

2018-11-29 12:43:14 - [MESSAGE][PASSED] - Delayed 3 second(s)

2018-11-29 12:43:14 - [TEST_STEP][PASSED] - sendKeys: Keys 'ERN112018C200002356' sent to object: 'Object Repository/Final Object Repo/Page_MyASSIST - ASSIST - Search Pending Case For Add Supporting Document/Reference No'

2018-11-29 12:43:15 - [MESSAGE][PASSED] - Keys 'ERN112018C200002356' sent to object: 'Object Repository/Final Object Repo/Page_MyASSIST - ASSIST - Search Pending Case For Add Supporting Document/Reference No'

2018-11-29 12:43:15 - [TEST_STEP][PASSED] - click: Object: 'Object Repository/Final Object Repo/Page_MyASSIST - ASSIST - Search Pending Case For Add Supporting Document/Search Reference No' is clicked on

2018-11-29 12:43:15 - [MESSAGE][PASSED] - Object: 'Object Repository/Final Object Repo/Page_MyASSIST - ASSIST - Search Pending Case For Add Supporting Document/Search Reference No' is clicked on

2018-11-29 12:43:15 - [TEST_STEP][PASSED] - delay: Delayed 2 second(s)

2018-11-29 12:43:17 - [MESSAGE][PASSED] - Delayed 2 second(s)

2018-11-29 12:43:17 - [TEST_STEP][PASSED] - click: Object: 'Object Repository/Final Object Repo/Page_MyASSIST - ASSIST - Search Pending Case For Add Supporting Document/Continue' is clicked on

2018-11-29 12:43:20 - [MESSAGE][PASSED] - Object: 'Object Repository/Final Object Repo/Page_MyASSIST - ASSIST - Search Pending Case For Add Supporting Document/Continue' is clicked on

2018-11-29 12:43:20 - [TEST_STEP][PASSED] - delay: Delayed 20 second(s)

2018-11-29 12:43:40 - [MESSAGE][PASSED] - Delayed 20 second(s)

2018-11-29 12:43:40 - [MESSAGE][PASSED] - Call Test Case 'Test Cases/Final Aug 2018 - PKS Automation/Registration Module/Workflow/Login and Search Case For Workflow' successfully

2018-11-29 12:43:40 - [TEST_STEP][PASSED] - click: Object: 'Object Repository/Final Object Repo/Page_Form 3 EIS - Cessation as Employer/Page_Form 3 EIS - Cessation as Employer (Approve)/Save  Continue in Form 3 Page' is clicked on

2018-11-29 12:43:41 - [MESSAGE][PASSED] - Object: 'Object Repository/Final Object Repo/Page_Form 3 EIS - Cessation as Employer/Page_Form 3 EIS - Cessation as Employer (Approve)/Save  Continue in Form 3 Page' is clicked on

2018-11-29 12:43:41 - [TEST_STEP][PASSED] - delay: Delayed 4 second(s)

2018-11-29 12:43:45 - [MESSAGE][PASSED] - Delayed 4 second(s)

2018-11-29 12:43:45 - [TEST_STEP][PASSED] - click: Object: 'Object Repository/Final Object Repo/Page_Form 3 EIS - Cessation as Employer/Page_Form 3 EIS - Cessation as Employer (Approve)/Save  Continue in Resigned Page' is clicked on

2018-11-29 12:43:45 - [MESSAGE][PASSED] - Object: 'Object Repository/Final Object Repo/Page_Form 3 EIS - Cessation as Employer/Page_Form 3 EIS - Cessation as Employer (Approve)/Save  Continue in Resigned Page' is clicked on

2018-11-29 12:43:45 - [TEST_STEP][PASSED] - delay: Delayed 2 second(s)

2018-11-29 12:43:47 - [MESSAGE][PASSED] - Delayed 2 second(s)

2018-11-29 12:43:47 - [TEST_STEP][PASSED] - setText: Text 'Remark' is set on object 'Object Repository/Final Object Repo/Page_Form 3 EIS - Cessation as Employer/Page_Form 3 EIS - Cessation as Employer (Query)/Query - Remark'

2018-11-29 12:43:48 - [MESSAGE][PASSED] - Text 'Remark' is set on object 'Object Repository/Final Object Repo/Page_Form 3 EIS - Cessation as Employer/Page_Form 3 EIS - Cessation as Employer (Query)/Query - Remark'

2018-11-29 12:43:48 - [TEST_STEP][PASSED] - delay: Delayed 2 second(s)

2018-11-29 12:43:50 - [MESSAGE][PASSED] - Delayed 2 second(s)

2018-11-29 12:43:50 - [TEST_STEP][PASSED] - click: Object: 'Object Repository/Final Object Repo/Page_Form 3 EIS - Cessation as Employer/Page_Form 3 EIS - Cessation as Employer (Query)/Save  Continue' is clicked on

2018-11-29 12:43:50 - [MESSAGE][PASSED] - Object: 'Object Repository/Final Object Repo/Page_Form 3 EIS - Cessation as Employer/Page_Form 3 EIS - Cessation as Employer (Query)/Save  Continue' is clicked on

2018-11-29 12:43:50 - [TEST_STEP][PASSED] - delay: Delayed 2 second(s)

2018-11-29 12:43:52 - [MESSAGE][PASSED] - Delayed 2 second(s)

2018-11-29 12:43:52 - [TEST_STEP][PASSED] - click: Object: 'Object Repository/Final Object Repo/Page_Form 3 EIS - Cessation as Employer/Page_Form 3 EIS - Cessation as Employer (Query)/Query' is clicked on

2018-11-29 12:43:55 - [MESSAGE][PASSED] - Object: 'Object Repository/Final Object Repo/Page_Form 3 EIS - Cessation as Employer/Page_Form 3 EIS - Cessation as Employer (Query)/Query' is clicked on

2018-11-29 12:43:55 - [TEST_STEP][PASSED] - delay: Delayed 2 second(s)

2018-11-29 12:43:57 - [MESSAGE][PASSED] - Delayed 2 second(s)

2018-11-29 12:43:57 - [TEST_STEP][PASSED] - click: Object: 'Object Repository/Final Object Repo/Page_Form 3 EIS - Cessation as Employer/Page_Form 3 EIS - Cessation as Employer (Query)/Confirm' is clicked on

2018-11-29 12:44:05 - [MESSAGE][PASSED] - Object: 'Object Repository/Final Object Repo/Page_Form 3 EIS - Cessation as Employer/Page_Form 3 EIS - Cessation as Employer (Query)/Confirm' is clicked on

2018-11-29 12:44:05 - [TEST_STEP][PASSED] - delay: Delayed 2 second(s)

2018-11-29 12:44:07 - [MESSAGE][PASSED] - Delayed 2 second(s)

2018-11-29 12:44:07 - [TEST_STEP][PASSED] - click: Object: 'Object Repository/Final Object Repo/Page_Form 3 EIS - Cessation as Employer/Page_Form 3 EIS - Cessation as Employer (Query)/Message The Case Is Under Query' is clicked on

2018-11-29 12:44:07 - [MESSAGE][PASSED] - Object: 'Object Repository/Final Object Repo/Page_Form 3 EIS - Cessation as Employer/Page_Form 3 EIS - Cessation as Employer (Query)/Message The Case Is Under Query' is clicked on

2018-11-29 12:44:07 - [TEST_STEP][PASSED] - click: Object: 'Object Repository/Final Object Repo/Page_Form 3 EIS - Cessation as Employer/Page_Form 3 EIS - Cessation as Employer (Query)/Letter of inquiry' is clicked on

2018-11-29 12:44:08 - [MESSAGE][PASSED] - Object: 'Object Repository/Final Object Repo/Page_Form 3 EIS - Cessation as Employer/Page_Form 3 EIS - Cessation as Employer (Query)/Letter of inquiry' is clicked on

2018-11-29 12:44:08 - [TEST_STEP][PASSED] - delay: Delayed 1 second(s)

2018-11-29 12:44:09 - [MESSAGE][PASSED] - Delayed 1 second(s)

2018-11-29 12:44:09 - [TEST_STEP][PASSED] - navigateToUrl: Navigate to 'https://assist2-uat.perkeso.gov.my/c/portal/logout' successfully

2018-11-29 12:44:09 - [MESSAGE][PASSED] - Navigate to 'https://assist2-uat.perkeso.gov.my/c/portal/logout' successfully

2018-11-29 12:44:09 - [TEST_STEP][PASSED] - delay: Delayed 1 second(s)

2018-11-29 12:44:10 - [MESSAGE][PASSED] - Delayed 1 second(s)

2018-11-29 12:44:10 - [TEST_STEP][PASSED] - callTestCase: Call Test Case 'Test Cases/Final Aug 2018 - PKS Automation/Registration Module/Workflow/Login and Search Case For Workflow' successfully

2018-11-29 12:44:10 - [TEST_CASE][PASSED] - Test Cases/Final Aug 2018 - PKS Automation/Registration Module/Workflow/Login and Search Case For Workflow: Test Cases/Final Aug 2018 - PKS Automation/Registration Module/Workflow/Login and Search Case For Workflow

2018-11-29 12:44:10 - [TEST_STEP][PASSED] - navigateToUrl: Navigate to 'https://assist2-uat.perkeso.gov.my/login' successfully

2018-11-29 12:44:11 - [MESSAGE][PASSED] - Navigate to 'https://assist2-uat.perkeso.gov.my/login' successfully

2018-11-29 12:44:11 - [TEST_STEP][PASSED] - setText: Text 'johoruo2@gmail.com' is set on object 'Object Repository/Final Object Repo/Login Page/Internal User/Email Address'

2018-11-29 12:44:11 - [MESSAGE][PASSED] - Text 'johoruo2@gmail.com' is set on object 'Object Repository/Final Object Repo/Login Page/Internal User/Email Address'

2018-11-29 12:44:11 - [TEST_STEP][PASSED] - click: Object: 'Object Repository/Final Object Repo/Login Page/Internal User/Next Button' is clicked on

2018-11-29 12:44:11 - [MESSAGE][PASSED] - Object: 'Object Repository/Final Object Repo/Login Page/Internal User/Next Button' is clicked on

2018-11-29 12:44:11 - [TEST_STEP][PASSED] - delay: Delayed 1 second(s)

2018-11-29 12:44:12 - [MESSAGE][PASSED] - Delayed 1 second(s)

2018-11-29 12:44:12 - [TEST_STEP][PASSED] - setEncryptedText: Text ****** has been set on object 'Object Repository/Final Object Repo/Login Page/Internal User/Password'

2018-11-29 12:44:13 - [MESSAGE][PASSED] - Text ****** has been set on object 'Object Repository/Final Object Repo/Login Page/Internal User/Password'

2018-11-29 12:44:13 - [TEST_STEP][PASSED] - click: Object: 'Object Repository/Final Object Repo/Login Page/Internal User/Login Button' is clicked on

2018-11-29 12:44:13 - [MESSAGE][PASSED] - Object: 'Object Repository/Final Object Repo/Login Page/Internal User/Login Button' is clicked on

2018-11-29 12:44:13 - [TEST_STEP][PASSED] - delay: Delayed 2 second(s)

2018-11-29 12:44:15 - [MESSAGE][PASSED] - Delayed 2 second(s)

2018-11-29 12:44:15 - [TEST_STEP][PASSED] - Statement - Try: Delayed 2 second(s)

2018-11-29 12:44:15 - [TEST_STEP][PASSED] - Statement - Checker = false: null

2018-11-29 12:44:15 - [TEST_STEP][PASSED] - Statement - Checker = com.kms.katalon.core.webui.keyword.WebUiBuiltInKeywords.verifyElementHasAttribute(com.kms.katalon.core.testobject.ObjectRepository.findTestObject(Final Object Repo/Landing Page/BM Detecting), "href", 20, OPTIONAL): Object 'Object Repository/Final Object Repo/Landing Page/BM Detecting' has attribute 'href'

2018-11-29 12:44:15 - [MESSAGE][PASSED] - Object 'Object Repository/Final Object Repo/Landing Page/BM Detecting' has attribute 'href'

2018-11-29 12:44:15 - [TEST_STEP][PASSED] - Statement - out.println(Checker): null

2018-11-29 12:44:15 - [TEST_STEP][PASSED] - Statement - If (Checker == false): null

2018-11-29 12:44:15 - [TEST_STEP][PASSED] - Statement - Else: null

2018-11-29 12:44:15 - [TEST_STEP][PASSED] - delay: Delayed 2 second(s)

2018-11-29 12:44:17 - [MESSAGE][PASSED] - Delayed 2 second(s)

2018-11-29 12:44:17 - [TEST_STEP][PASSED] - click: Object: 'Object Repository/Final Object Repo/Page_MyASSIST - ASSIST - Search Pending Case For Add Supporting Document/Search Information' is clicked on

2018-11-29 12:44:17 - [MESSAGE][PASSED] - Object: 'Object Repository/Final Object Repo/Page_MyASSIST - ASSIST - Search Pending Case For Add Supporting Document/Search Information' is clicked on

2018-11-29 12:44:17 - [TEST_STEP][PASSED] - delay: Delayed 3 second(s)

2018-11-29 12:44:20 - [MESSAGE][PASSED] - Delayed 3 second(s)

2018-11-29 12:44:20 - [TEST_STEP][PASSED] - sendKeys: Keys 'ERN112018C200002356' sent to object: 'Object Repository/Final Object Repo/Page_MyASSIST - ASSIST - Search Pending Case For Add Supporting Document/Reference No'

2018-11-29 12:44:20 - [MESSAGE][PASSED] - Keys 'ERN112018C200002356' sent to object: 'Object Repository/Final Object Repo/Page_MyASSIST - ASSIST - Search Pending Case For Add Supporting Document/Reference No'

2018-11-29 12:44:20 - [TEST_STEP][PASSED] - click: Object: 'Object Repository/Final Object Repo/Page_MyASSIST - ASSIST - Search Pending Case For Add Supporting Document/Search Reference No' is clicked on

2018-11-29 12:44:21 - [MESSAGE][PASSED] - Object: 'Object Repository/Final Object Repo/Page_MyASSIST - ASSIST - Search Pending Case For Add Supporting Document/Search Reference No' is clicked on

2018-11-29 12:44:21 - [TEST_STEP][PASSED] - delay: Delayed 2 second(s)

2018-11-29 12:44:23 - [MESSAGE][PASSED] - Delayed 2 second(s)

2018-11-29 12:44:23 - [TEST_STEP][PASSED] - click: Object: 'Object Repository/Final Object Repo/Page_MyASSIST - ASSIST - Search Pending Case For Add Supporting Document/Continue' is clicked on

2018-11-29 12:44:26 - [MESSAGE][PASSED] - Object: 'Object Repository/Final Object Repo/Page_MyASSIST - ASSIST - Search Pending Case For Add Supporting Document/Continue' is clicked on

2018-11-29 12:44:26 - [TEST_STEP][PASSED] - delay: Delayed 20 second(s)

2018-11-29 12:44:46 - [MESSAGE][PASSED] - Delayed 20 second(s)

2018-11-29 12:44:46 - [MESSAGE][PASSED] - Call Test Case 'Test Cases/Final Aug 2018 - PKS Automation/Registration Module/Workflow/Login and Search Case For Workflow' successfully

2018-11-29 12:44:46 - [TEST_STEP][PASSED] - navigateToUrl: Navigate to 'https://assist2-uat.perkeso.gov.my/web/registration/eis-update/form-3-eis-cessation-as-employer?p_p_id=searchforemployersip_WAR_registrationportlet&p_p_lifecycle=0&_searchforemployersip_WAR_registrationportlet_regViewKey=87&_searchforemployersip_WAR_registrationportlet_browserIdKey=1536115932192&_searchforemployersip_WAR_registrationportlet_tempEmployerIdKey=128990&_searchforemployersip_WAR_registrationportlet_employerIdKey=&_searchforemployersip_WAR_registrationportlet_refCaseNo=ERN092018C200002133&_searchforemployersip_WAR_registrationportlet_mvcPath=%2Fapps%2Freg%2Fdiscontinue_business_sip%2Fdiscontinue_business_sip_form.jsp&_searchforemployersip_WAR_registrationportlet_regSectionKey=215' successfully

2018-11-29 12:44:49 - [MESSAGE][PASSED] - Navigate to 'https://assist2-uat.perkeso.gov.my/web/registration/eis-update/form-3-eis-cessation-as-employer?p_p_id=searchforemployersip_WAR_registrationportlet&p_p_lifecycle=0&_searchforemployersip_WAR_registrationportlet_regViewKey=87&_searchforemployersip_WAR_registrationportlet_browserIdKey=1536115932192&_searchforemployersip_WAR_registrationportlet_tempEmployerIdKey=128990&_searchforemployersip_WAR_registrationportlet_employerIdKey=&_searchforemployersip_WAR_registrationportlet_refCaseNo=ERN092018C200002133&_searchforemployersip_WAR_registrationportlet_mvcPath=%2Fapps%2Freg%2Fdiscontinue_business_sip%2Fdiscontinue_business_sip_form.jsp&_searchforemployersip_WAR_registrationportlet_regSectionKey=215' successfully

2018-11-29 12:44:49 - [TEST_STEP][PASSED] - delay: Delayed 3 second(s)

2018-11-29 12:44:52 - [MESSAGE][PASSED] - Delayed 3 second(s)

2018-11-29 12:44:52 - [TEST_STEP][PASSED] - click: Object: 'Object Repository/Final Object Repo/Page_Form 3 EIS - Cessation as Employer/Page_Form 3 EIS - Cessation as Employer (Query - OTC - UO)/Next' is clicked on

2018-11-29 12:44:54 - [MESSAGE][PASSED] - Object: 'Object Repository/Final Object Repo/Page_Form 3 EIS - Cessation as Employer/Page_Form 3 EIS - Cessation as Employer (Query - OTC - UO)/Next' is clicked on

2018-11-29 12:44:54 - [TEST_STEP][PASSED] - delay: Delayed 2 second(s)

2018-11-29 12:44:56 - [MESSAGE][PASSED] - Delayed 2 second(s)

2018-11-29 12:44:56 - [TEST_STEP][PASSED] - click: Object: 'Object Repository/Final Object Repo/Page_Form 3 EIS - Cessation as Employer/Page_Form 3 EIS - Cessation as Employer (Query - OTC - UO)/Next in Resigned Page' is clicked on

2018-11-29 12:44:59 - [MESSAGE][PASSED] - Object: 'Object Repository/Final Object Repo/Page_Form 3 EIS - Cessation as Employer/Page_Form 3 EIS - Cessation as Employer (Query - OTC - UO)/Next in Resigned Page' is clicked on

2018-11-29 12:44:59 - [TEST_STEP][PASSED] - delay: Delayed 2 second(s)

2018-11-29 12:45:01 - [MESSAGE][PASSED] - Delayed 2 second(s)

2018-11-29 12:45:01 - [TEST_STEP][PASSED] - click: Object: 'Object Repository/Final Object Repo/Page_Form 3 EIS - Cessation as Employer/Page_Form 3 EIS - Cessation as Employer (Query - OTC - UO)/Add Document' is clicked on

2018-11-29 12:45:01 - [MESSAGE][PASSED] - Object: 'Object Repository/Final Object Repo/Page_Form 3 EIS - Cessation as Employer/Page_Form 3 EIS - Cessation as Employer (Query - OTC - UO)/Add Document' is clicked on

2018-11-29 12:45:01 - [TEST_STEP][PASSED] - delay: Delayed 2 second(s)

2018-11-29 12:45:03 - [MESSAGE][PASSED] - Delayed 2 second(s)

2018-11-29 12:45:03 - [TEST_STEP][PASSED] - click: Object: 'Object Repository/Final Object Repo/Page_Form 3 EIS - Cessation as Employer/Page_Form 3 EIS - Cessation as Employer (Query - OTC - UO)/Document Type' is clicked on

2018-11-29 12:45:05 - [MESSAGE][PASSED] - Object: 'Object Repository/Final Object Repo/Page_Form 3 EIS - Cessation as Employer/Page_Form 3 EIS - Cessation as Employer (Query - OTC - UO)/Document Type' is clicked on

2018-11-29 12:45:05 - [TEST_STEP][PASSED] - delay: Delayed 2 second(s)

2018-11-29 12:45:07 - [MESSAGE][PASSED] - Delayed 2 second(s)

2018-11-29 12:45:07 - [TEST_STEP][PASSED] - click: Object: 'Object Repository/Final Object Repo/Page_Form 3 EIS - Cessation as Employer/Page_Form 3 EIS - Cessation as Employer (Query - OTC - UO)/Document Type - Others' is clicked on

2018-11-29 12:45:07 - [MESSAGE][PASSED] - Object: 'Object Repository/Final Object Repo/Page_Form 3 EIS - Cessation as Employer/Page_Form 3 EIS - Cessation as Employer (Query - OTC - UO)/Document Type - Others' is clicked on

2018-11-29 12:45:07 - [TEST_STEP][PASSED] - delay: Delayed 2 second(s)

2018-11-29 12:45:09 - [MESSAGE][PASSED] - Delayed 2 second(s)

2018-11-29 12:45:09 - [TEST_STEP][PASSED] - sendKeys: Keys 'C:\Users\Public\Pictures\Sample Pictures\Koala.jpg' sent to object: 'Object Repository/Final Object Repo/Page_Form 3 EIS - Cessation as Employer/Page_Form 3 EIS - Cessation as Employer (Query - OTC - UO)/ploading File'

2018-11-29 12:45:09 - [MESSAGE][PASSED] - Keys 'C:\Users\Public\Pictures\Sample Pictures\Koala.jpg' sent to object: 'Object Repository/Final Object Repo/Page_Form 3 EIS - Cessation as Employer/Page_Form 3 EIS - Cessation as Employer (Query - OTC - UO)/ploading File'

2018-11-29 12:45:09 - [TEST_STEP][PASSED] - delay: Delayed 2 second(s)

2018-11-29 12:45:11 - [MESSAGE][PASSED] - Delayed 2 second(s)

2018-11-29 12:45:11 - [TEST_STEP][PASSED] - click: Object: 'Object Repository/Final Object Repo/Page_Form 3 EIS - Cessation as Employer/Page_Form 3 EIS - Cessation as Employer (Query - OTC - UO)/Add Document in Uploading Page' is clicked on

2018-11-29 12:45:11 - [MESSAGE][PASSED] - Object: 'Object Repository/Final Object Repo/Page_Form 3 EIS - Cessation as Employer/Page_Form 3 EIS - Cessation as Employer (Query - OTC - UO)/Add Document in Uploading Page' is clicked on

2018-11-29 12:45:11 - [TEST_STEP][PASSED] - delay: Delayed 2 second(s)

2018-11-29 12:45:13 - [MESSAGE][PASSED] - Delayed 2 second(s)

2018-11-29 12:45:13 - [TEST_STEP][PASSED] - click: Object: 'Object Repository/Final Object Repo/Page_Form 3 EIS - Cessation as Employer/Page_Form 3 EIS - Cessation as Employer (Query - OTC - UO)/Exit' is clicked on

2018-11-29 12:45:17 - [MESSAGE][PASSED] - Object: 'Object Repository/Final Object Repo/Page_Form 3 EIS - Cessation as Employer/Page_Form 3 EIS - Cessation as Employer (Query - OTC - UO)/Exit' is clicked on

2018-11-29 12:45:17 - [TEST_STEP][PASSED] - delay: Delayed 1 second(s)

2018-11-29 12:45:18 - [MESSAGE][PASSED] - Delayed 1 second(s)

2018-11-29 12:45:18 - [TEST_STEP][PASSED] - navigateToUrl: Navigate to 'https://assist2-uat.perkeso.gov.my/c/portal/logout' successfully

2018-11-29 12:45:19 - [MESSAGE][PASSED] - Navigate to 'https://assist2-uat.perkeso.gov.my/c/portal/logout' successfully

2018-11-29 12:45:19 - [TEST_STEP][PASSED] - delay: Delayed 1 second(s)

2018-11-29 12:45:20 - [MESSAGE][PASSED] - Delayed 1 second(s)

2018-11-29 12:45:20 - [TEST_STEP][PASSED] - callTestCase: Call Test Case 'Test Cases/Final Aug 2018 - PKS Automation/Registration Module/Workflow/Login and Search Case For Workflow' successfully

2018-11-29 12:45:20 - [TEST_CASE][PASSED] - Test Cases/Final Aug 2018 - PKS Automation/Registration Module/Workflow/Login and Search Case For Workflow: Test Cases/Final Aug 2018 - PKS Automation/Registration Module/Workflow/Login and Search Case For Workflow

2018-11-29 12:45:20 - [TEST_STEP][PASSED] - navigateToUrl: Navigate to 'https://assist2-uat.perkeso.gov.my/login' successfully

2018-11-29 12:45:20 - [MESSAGE][PASSED] - Navigate to 'https://assist2-uat.perkeso.gov.my/login' successfully

2018-11-29 12:45:20 - [TEST_STEP][PASSED] - setText: Text 'johoruo2@gmail.com' is set on object 'Object Repository/Final Object Repo/Login Page/Internal User/Email Address'

2018-11-29 12:45:21 - [MESSAGE][PASSED] - Text 'johoruo2@gmail.com' is set on object 'Object Repository/Final Object Repo/Login Page/Internal User/Email Address'

2018-11-29 12:45:21 - [TEST_STEP][PASSED] - click: Object: 'Object Repository/Final Object Repo/Login Page/Internal User/Next Button' is clicked on

2018-11-29 12:45:21 - [MESSAGE][PASSED] - Object: 'Object Repository/Final Object Repo/Login Page/Internal User/Next Button' is clicked on

2018-11-29 12:45:21 - [TEST_STEP][PASSED] - delay: Delayed 1 second(s)

2018-11-29 12:45:22 - [MESSAGE][PASSED] - Delayed 1 second(s)

2018-11-29 12:45:22 - [TEST_STEP][PASSED] - setEncryptedText: Text ****** has been set on object 'Object Repository/Final Object Repo/Login Page/Internal User/Password'

2018-11-29 12:45:22 - [MESSAGE][PASSED] - Text ****** has been set on object 'Object Repository/Final Object Repo/Login Page/Internal User/Password'

2018-11-29 12:45:22 - [TEST_STEP][PASSED] - click: Object: 'Object Repository/Final Object Repo/Login Page/Internal User/Login Button' is clicked on

2018-11-29 12:45:22 - [MESSAGE][PASSED] - Object: 'Object Repository/Final Object Repo/Login Page/Internal User/Login Button' is clicked on

2018-11-29 12:45:22 - [TEST_STEP][PASSED] - delay: Delayed 2 second(s)

2018-11-29 12:45:24 - [MESSAGE][PASSED] - Delayed 2 second(s)

2018-11-29 12:45:24 - [TEST_STEP][PASSED] - Statement - Try: Delayed 2 second(s)

2018-11-29 12:45:24 - [TEST_STEP][PASSED] - Statement - Checker = false: null

2018-11-29 12:45:24 - [TEST_STEP][PASSED] - Statement - Checker = com.kms.katalon.core.webui.keyword.WebUiBuiltInKeywords.verifyElementHasAttribute(com.kms.katalon.core.testobject.ObjectRepository.findTestObject(Final Object Repo/Landing Page/BM Detecting), "href", 20, OPTIONAL): Object 'Object Repository/Final Object Repo/Landing Page/BM Detecting' has attribute 'href'

2018-11-29 12:45:24 - [MESSAGE][PASSED] - Object 'Object Repository/Final Object Repo/Landing Page/BM Detecting' has attribute 'href'

2018-11-29 12:45:24 - [TEST_STEP][PASSED] - Statement - out.println(Checker): null

2018-11-29 12:45:24 - [TEST_STEP][PASSED] - Statement - If (Checker == false): null

2018-11-29 12:45:24 - [TEST_STEP][PASSED] - Statement - Else: null

2018-11-29 12:45:24 - [TEST_STEP][PASSED] - delay: Delayed 2 second(s)

2018-11-29 12:45:26 - [MESSAGE][PASSED] - Delayed 2 second(s)

2018-11-29 12:45:26 - [TEST_STEP][PASSED] - click: Object: 'Object Repository/Final Object Repo/Page_MyASSIST - ASSIST - Search Pending Case For Add Supporting Document/Search Information' is clicked on

2018-11-29 12:45:27 - [MESSAGE][PASSED] - Object: 'Object Repository/Final Object Repo/Page_MyASSIST - ASSIST - Search Pending Case For Add Supporting Document/Search Information' is clicked on

2018-11-29 12:45:27 - [TEST_STEP][PASSED] - delay: Delayed 3 second(s)

2018-11-29 12:45:30 - [MESSAGE][PASSED] - Delayed 3 second(s)

2018-11-29 12:45:30 - [TEST_STEP][PASSED] - sendKeys: Keys 'ERN112018C200002356' sent to object: 'Object Repository/Final Object Repo/Page_MyASSIST - ASSIST - Search Pending Case For Add Supporting Document/Reference No'

2018-11-29 12:45:30 - [MESSAGE][PASSED] - Keys 'ERN112018C200002356' sent to object: 'Object Repository/Final Object Repo/Page_MyASSIST - ASSIST - Search Pending Case For Add Supporting Document/Reference No'

2018-11-29 12:45:30 - [TEST_STEP][PASSED] - click: Object: 'Object Repository/Final Object Repo/Page_MyASSIST - ASSIST - Search Pending Case For Add Supporting Document/Search Reference No' is clicked on

2018-11-29 12:45:30 - [MESSAGE][PASSED] - Object: 'Object Repository/Final Object Repo/Page_MyASSIST - ASSIST - Search Pending Case For Add Supporting Document/Search Reference No' is clicked on

2018-11-29 12:45:30 - [TEST_STEP][PASSED] - delay: Delayed 2 second(s)

2018-11-29 12:45:32 - [MESSAGE][PASSED] - Delayed 2 second(s)

2018-11-29 12:45:32 - [TEST_STEP][PASSED] - click: Object: 'Object Repository/Final Object Repo/Page_MyASSIST - ASSIST - Search Pending Case For Add Supporting Document/Continue' is clicked on

2018-11-29 12:45:35 - [MESSAGE][PASSED] - Object: 'Object Repository/Final Object Repo/Page_MyASSIST - ASSIST - Search Pending Case For Add Supporting Document/Continue' is clicked on

2018-11-29 12:45:35 - [TEST_STEP][PASSED] - delay: Delayed 20 second(s)

2018-11-29 12:45:55 - [MESSAGE][PASSED] - Delayed 20 second(s)

2018-11-29 12:45:55 - [MESSAGE][PASSED] - Call Test Case 'Test Cases/Final Aug 2018 - PKS Automation/Registration Module/Workflow/Login and Search Case For Workflow' successfully

2018-11-29 12:45:55 - [TEST_STEP][PASSED] - click: Object: 'Object Repository/Final Object Repo/Page_Form 3 EIS - Cessation as Employer/Page_Form 3 EIS - Cessation as Employer (Approve)/Save  Continue in Form 3 Page' is clicked on

2018-11-29 12:45:56 - [MESSAGE][PASSED] - Object: 'Object Repository/Final Object Repo/Page_Form 3 EIS - Cessation as Employer/Page_Form 3 EIS - Cessation as Employer (Approve)/Save  Continue in Form 3 Page' is clicked on

2018-11-29 12:45:56 - [TEST_STEP][PASSED] - delay: Delayed 2 second(s)

2018-11-29 12:45:58 - [MESSAGE][PASSED] - Delayed 2 second(s)

2018-11-29 12:45:58 - [TEST_STEP][PASSED] - click: Object: 'Object Repository/Final Object Repo/Page_Form 3 EIS - Cessation as Employer/Page_Form 3 EIS - Cessation as Employer (Approve)/Save  Continue in Resigned Page' is clicked on

2018-11-29 12:45:58 - [MESSAGE][PASSED] - Object: 'Object Repository/Final Object Repo/Page_Form 3 EIS - Cessation as Employer/Page_Form 3 EIS - Cessation as Employer (Approve)/Save  Continue in Resigned Page' is clicked on

2018-11-29 12:45:58 - [TEST_STEP][PASSED] - delay: Delayed 2 second(s)

2018-11-29 12:46:00 - [MESSAGE][PASSED] - Delayed 2 second(s)

2018-11-29 12:46:00 - [TEST_STEP][PASSED] - click: Object: 'Object Repository/Final Object Repo/Page_Form 3 EIS - Cessation as Employer/Page_Form 3 EIS - Cessation as Employer (Approve)/Save  Continue in Uploading Page' is clicked on

2018-11-29 12:46:01 - [MESSAGE][PASSED] - Object: 'Object Repository/Final Object Repo/Page_Form 3 EIS - Cessation as Employer/Page_Form 3 EIS - Cessation as Employer (Approve)/Save  Continue in Uploading Page' is clicked on

2018-11-29 12:46:01 - [TEST_STEP][PASSED] - delay: Delayed 2 second(s)

2018-11-29 12:46:03 - [MESSAGE][PASSED] - Delayed 2 second(s)

2018-11-29 12:46:03 - [TEST_STEP][PASSED] - click: Object: 'Object Repository/Final Object Repo/Page_Form 3 EIS - Cessation as Employer/Page_Form 3 EIS - Cessation as Employer (Reject)/Reject' is clicked on

2018-11-29 12:46:06 - [MESSAGE][PASSED] - Object: 'Object Repository/Final Object Repo/Page_Form 3 EIS - Cessation as Employer/Page_Form 3 EIS - Cessation as Employer (Reject)/Reject' is clicked on

2018-11-29 12:46:06 - [TEST_STEP][PASSED] - delay: Delayed 2 second(s)

2018-11-29 12:46:08 - [MESSAGE][PASSED] - Delayed 2 second(s)

2018-11-29 12:46:08 - [TEST_STEP][PASSED] - click: Object: 'Object Repository/Final Object Repo/Page_Form 3 EIS - Cessation as Employer/Page_Form 3 EIS - Cessation as Employer (Reject)/Confirm' is clicked on

2018-11-29 12:46:08 - [MESSAGE][PASSED] - Object: 'Object Repository/Final Object Repo/Page_Form 3 EIS - Cessation as Employer/Page_Form 3 EIS - Cessation as Employer (Reject)/Confirm' is clicked on

2018-11-29 12:46:08 - [TEST_STEP][PASSED] - delay: Delayed 2 second(s)

2018-11-29 12:46:10 - [MESSAGE][PASSED] - Delayed 2 second(s)

2018-11-29 12:46:10 - [TEST_STEP][PASSED] - click: Object: 'Object Repository/Final Object Repo/Page_Form 3 EIS - Cessation as Employer/Page_Form 3 EIS - Cessation as Employer (Reject)/Message This Case has been Rejected' is clicked on

2018-11-29 12:46:14 - [MESSAGE][PASSED] - Object: 'Object Repository/Final Object Repo/Page_Form 3 EIS - Cessation as Employer/Page_Form 3 EIS - Cessation as Employer (Reject)/Message This Case has been Rejected' is clicked on

2018-11-29 12:46:14 - [TEST_STEP][PASSED] - click: Object: 'Object Repository/Final Object Repo/Page_Form 3 EIS - Cessation as Employer/Page_Form 3 EIS - Cessation as Employer (Reject)/Letter of update rejection' is clicked on

2018-11-29 12:46:15 - [MESSAGE][PASSED] - Object: 'Object Repository/Final Object Repo/Page_Form 3 EIS - Cessation as Employer/Page_Form 3 EIS - Cessation as Employer (Reject)/Letter of update rejection' is clicked on

2018-11-29 12:46:15 - [MESSAGE][PASSED] - Call Test Case 'Test Cases/Final Aug 2018 - PKS Automation/Registration Module/Workflow/Form 3 EIS - Cessation As Employer/Template/Form 3 A - Cessation As Employer (Query)' successfully]]></system-out>
         <system-err><![CDATA[]]></system-err>
      </testcase>
      <testcase name="Test Cases/Final Aug 2018 - PKS Automation/Registration Module/Workflow/Form 3 EIS - Cessation As Employer/OTC to UO (Reject)" classname="Test Cases/Final Aug 2018 - PKS Automation/Registration Module/Workflow/Form 3 EIS - Cessation As Employer/OTC to UO (Reject)" status="PASSED">
         <system-out><![CDATA[2018-11-29 12:46:15 - [TEST_CASE][PASSED] - Test Cases/Final Aug 2018 - PKS Automation/Registration Module/Workflow/Form 3 EIS - Cessation As Employer/OTC to UO (Reject): Test Cases/Final Aug 2018 - PKS Automation/Registration Module/Workflow/Form 3 EIS - Cessation As Employer/OTC to UO (Reject)

2018-11-29 12:46:15 - [TEST_STEP][PASSED] - callTestCase: Call Test Case 'Test Cases/Final Aug 2018 - PKS Automation/Registration Module/Workflow/Form 3 EIS - Cessation As Employer/Template/Form 3 A - Cessation As Employer (OTC)' successfully

2018-11-29 12:46:15 - [TEST_CASE][PASSED] - Test Cases/Final Aug 2018 - PKS Automation/Registration Module/Workflow/Form 3 EIS - Cessation As Employer/Template/Form 3 A - Cessation As Employer (OTC): Test Cases/Final Aug 2018 - PKS Automation/Registration Module/Workflow/Form 3 EIS - Cessation As Employer/Template/Form 3 A - Cessation As Employer (OTC)

2018-11-29 12:46:15 - [TEST_STEP][PASSED] - openBrowser: Browser is opened with url: ''

2018-11-29 12:46:15 - [MESSAGE][WARNING] - A browser is already opened. Closing browser and opening a new one

2018-11-29 12:46:18 - [MESSAGE][PASSED] - Browser is opened with url: ''

2018-11-29 12:46:18 - [TEST_STEP][PASSED] - navigateToUrl: Navigate to 'https://assist2-uat.perkeso.gov.my/login' successfully

2018-11-29 12:46:19 - [MESSAGE][PASSED] - Navigate to 'https://assist2-uat.perkeso.gov.my/login' successfully

2018-11-29 12:46:19 - [TEST_STEP][PASSED] - setText: Text 'johorotc1@gmail.com' is set on object 'Object Repository/Final Object Repo/Login Page/Internal User/Email Address'

2018-11-29 12:46:19 - [MESSAGE][PASSED] - Text 'johorotc1@gmail.com' is set on object 'Object Repository/Final Object Repo/Login Page/Internal User/Email Address'

2018-11-29 12:46:19 - [TEST_STEP][PASSED] - click: Object: 'Object Repository/Final Object Repo/Login Page/Internal User/Next Button' is clicked on

2018-11-29 12:46:19 - [MESSAGE][PASSED] - Object: 'Object Repository/Final Object Repo/Login Page/Internal User/Next Button' is clicked on

2018-11-29 12:46:19 - [TEST_STEP][PASSED] - delay: Delayed 1 second(s)

2018-11-29 12:46:20 - [MESSAGE][PASSED] - Delayed 1 second(s)

2018-11-29 12:46:20 - [TEST_STEP][PASSED] - setEncryptedText: Text ****** has been set on object 'Object Repository/Final Object Repo/Login Page/Internal User/Password'

2018-11-29 12:46:21 - [MESSAGE][PASSED] - Text ****** has been set on object 'Object Repository/Final Object Repo/Login Page/Internal User/Password'

2018-11-29 12:46:21 - [TEST_STEP][PASSED] - click: Object: 'Object Repository/Final Object Repo/Login Page/Internal User/Login Button' is clicked on

2018-11-29 12:46:21 - [MESSAGE][PASSED] - Object: 'Object Repository/Final Object Repo/Login Page/Internal User/Login Button' is clicked on

2018-11-29 12:46:21 - [TEST_STEP][PASSED] - delay: Delayed 1 second(s)

2018-11-29 12:46:22 - [MESSAGE][PASSED] - Delayed 1 second(s)

2018-11-29 12:46:22 - [TEST_STEP][PASSED] - Statement - Try: Delayed 2 second(s)

2018-11-29 12:46:22 - [TEST_STEP][PASSED] - Statement - Checker = false: null

2018-11-29 12:46:22 - [TEST_STEP][PASSED] - Statement - Checker = com.kms.katalon.core.webui.keyword.WebUiBuiltInKeywords.verifyElementHasAttribute(com.kms.katalon.core.testobject.ObjectRepository.findTestObject(Final Object Repo/Landing Page/BM Detecting), "href", 20, OPTIONAL): Object 'Object Repository/Final Object Repo/Landing Page/BM Detecting' has attribute 'href'

2018-11-29 12:46:23 - [MESSAGE][PASSED] - Object 'Object Repository/Final Object Repo/Landing Page/BM Detecting' has attribute 'href'

2018-11-29 12:46:23 - [TEST_STEP][PASSED] - Statement - out.println(Checker): null

2018-11-29 12:46:23 - [TEST_STEP][PASSED] - Statement - If (Checker == false): null

2018-11-29 12:46:23 - [TEST_STEP][PASSED] - Statement - Else: null

2018-11-29 12:46:23 - [TEST_STEP][PASSED] - delay: Delayed 2 second(s)

2018-11-29 12:46:25 - [MESSAGE][PASSED] - Delayed 2 second(s)

2018-11-29 12:46:25 - [TEST_STEP][PASSED] - navigateToUrl: Navigate to 'https://assist2-uat.perkeso.gov.my/web/registration/eis-update/form-3-eis-cessation-as-employer' successfully

2018-11-29 12:46:26 - [MESSAGE][PASSED] - Navigate to 'https://assist2-uat.perkeso.gov.my/web/registration/eis-update/form-3-eis-cessation-as-employer' successfully

2018-11-29 12:46:26 - [TEST_STEP][PASSED] - delay: Delayed 1 second(s)

2018-11-29 12:46:27 - [MESSAGE][PASSED] - Delayed 1 second(s)

2018-11-29 12:46:27 - [TEST_STEP][PASSED] - setText: Text 'E1102069769W' is set on object 'Object Repository/Final Object Repo/Page_Form 3 EIS - Cessation as Employer/Employer Code'

2018-11-29 12:46:27 - [MESSAGE][PASSED] - Text 'E1102069769W' is set on object 'Object Repository/Final Object Repo/Page_Form 3 EIS - Cessation as Employer/Employer Code'

2018-11-29 12:46:27 - [TEST_STEP][PASSED] - click: Object: 'Object Repository/Final Object Repo/Page_Form 3 EIS - Cessation as Employer/Search' is clicked on

2018-11-29 12:46:28 - [MESSAGE][PASSED] - Object: 'Object Repository/Final Object Repo/Page_Form 3 EIS - Cessation as Employer/Search' is clicked on

2018-11-29 12:46:28 - [TEST_STEP][PASSED] - click: Object: 'Object Repository/Final Object Repo/Page_Form 3 EIS - Cessation as Employer/Edit' is clicked on

2018-11-29 12:46:30 - [MESSAGE][PASSED] - Object: 'Object Repository/Final Object Repo/Page_Form 3 EIS - Cessation as Employer/Edit' is clicked on

2018-11-29 12:46:30 - [TEST_STEP][PASSED] - delay: Delayed 1 second(s)

2018-11-29 12:46:31 - [MESSAGE][PASSED] - Delayed 1 second(s)

2018-11-29 12:46:31 - [TEST_STEP][PASSED] - Statement - abc = com.kms.katalon.core.webui.keyword.WebUiBuiltInKeywords.getAttribute(com.kms.katalon.core.testobject.ObjectRepository.findTestObject(Final Object Repo/Page_Form 3 EIS - Cessation as Employer/Employer Status), "value"): Attribute 'value' of object 'Object Repository/Final Object Repo/Page_Form 3 EIS - Cessation as Employer/Employer Status' is: 'Active'

2018-11-29 12:46:31 - [MESSAGE][PASSED] - Attribute 'value' of object 'Object Repository/Final Object Repo/Page_Form 3 EIS - Cessation as Employer/Employer Status' is: 'Active'

2018-11-29 12:46:31 - [TEST_STEP][PASSED] - Statement - out.println(abc): null

2018-11-29 12:46:31 - [TEST_STEP][PASSED] - Statement - If (abc == "Active"): Object: 'Object Repository/Final Object Repo/Page_Form 3 EIS - Cessation as Employer/Dormant EIS' is clicked on

2018-11-29 12:46:31 - [TEST_STEP][PASSED] - click: Object: 'Object Repository/Final Object Repo/Page_Form 3 EIS - Cessation as Employer/Change Employer Status to' is clicked on

2018-11-29 12:46:31 - [MESSAGE][PASSED] - Object: 'Object Repository/Final Object Repo/Page_Form 3 EIS - Cessation as Employer/Change Employer Status to' is clicked on

2018-11-29 12:46:31 - [TEST_STEP][PASSED] - click: Object: 'Object Repository/Final Object Repo/Page_Form 3 EIS - Cessation as Employer/Dormant EIS' is clicked on

2018-11-29 12:46:32 - [MESSAGE][PASSED] - Object: 'Object Repository/Final Object Repo/Page_Form 3 EIS - Cessation as Employer/Dormant EIS' is clicked on

2018-11-29 12:46:32 - [TEST_STEP][PASSED] - click: Object: 'Object Repository/Final Object Repo/Page_Form 3 EIS - Cessation as Employer/Calender' is clicked on

2018-11-29 12:46:32 - [MESSAGE][PASSED] - Object: 'Object Repository/Final Object Repo/Page_Form 3 EIS - Cessation as Employer/Calender' is clicked on

2018-11-29 12:46:32 - [TEST_STEP][PASSED] - delay: Delayed 1 second(s)

2018-11-29 12:46:33 - [MESSAGE][PASSED] - Delayed 1 second(s)

2018-11-29 12:46:33 - [TEST_STEP][PASSED] - click: Object: 'Object Repository/Final Object Repo/Page_Form 3 EIS - Cessation as Employer/Calender - Date' is clicked on

2018-11-29 12:46:33 - [MESSAGE][PASSED] - Object: 'Object Repository/Final Object Repo/Page_Form 3 EIS - Cessation as Employer/Calender - Date' is clicked on

2018-11-29 12:46:33 - [TEST_STEP][PASSED] - click: Object: 'Object Repository/Final Object Repo/Page_Form 3 EIS - Cessation as Employer/Save  Continue in Form 3 EIS Page' is clicked on

2018-11-29 12:46:33 - [MESSAGE][PASSED] - Object: 'Object Repository/Final Object Repo/Page_Form 3 EIS - Cessation as Employer/Save  Continue in Form 3 EIS Page' is clicked on

2018-11-29 12:46:33 - [TEST_STEP][PASSED] - delay: Delayed 1 second(s)

2018-11-29 12:46:34 - [MESSAGE][PASSED] - Delayed 1 second(s)

2018-11-29 12:46:34 - [TEST_STEP][PASSED] - click: Object: 'Object Repository/Final Object Repo/Page_Form 3 EIS - Cessation as Employer/Employment Resign Date' is clicked on

2018-11-29 12:46:35 - [MESSAGE][PASSED] - Object: 'Object Repository/Final Object Repo/Page_Form 3 EIS - Cessation as Employer/Employment Resign Date' is clicked on

2018-11-29 12:46:35 - [TEST_STEP][PASSED] - selectOptionByValue: All options with value '2030' are selected in object 'Object Repository/Final Object Repo/Page_Form 3 EIS - Cessation as Employer/Employment Resign Date - Year' 

2018-11-29 12:46:35 - [MESSAGE][PASSED] - All options with value '2030' are selected in object 'Object Repository/Final Object Repo/Page_Form 3 EIS - Cessation as Employer/Employment Resign Date - Year' 

2018-11-29 12:46:35 - [TEST_STEP][PASSED] - delay: Delayed 2 second(s)

2018-11-29 12:46:37 - [MESSAGE][PASSED] - Delayed 2 second(s)

2018-11-29 12:46:37 - [TEST_STEP][PASSED] - click: Object: 'Object Repository/Final Object Repo/Page_Form 3 EIS - Cessation as Employer/Employment Resign Date - Year - Date' is clicked on

2018-11-29 12:46:38 - [MESSAGE][PASSED] - Object: 'Object Repository/Final Object Repo/Page_Form 3 EIS - Cessation as Employer/Employment Resign Date - Year - Date' is clicked on

2018-11-29 12:46:38 - [TEST_STEP][PASSED] - delay: Delayed 2 second(s)

2018-11-29 12:46:40 - [MESSAGE][PASSED] - Delayed 2 second(s)

2018-11-29 12:46:40 - [TEST_STEP][PASSED] - click: Object: 'Object Repository/Final Object Repo/Page_Form 3 EIS - Cessation as Employer/Save  Continue in Employment Resign Page' is clicked on

2018-11-29 12:46:40 - [MESSAGE][PASSED] - Object: 'Object Repository/Final Object Repo/Page_Form 3 EIS - Cessation as Employer/Save  Continue in Employment Resign Page' is clicked on

2018-11-29 12:46:40 - [TEST_STEP][PASSED] - delay: Delayed 2 second(s)

2018-11-29 12:46:42 - [MESSAGE][PASSED] - Delayed 2 second(s)

2018-11-29 12:46:42 - [TEST_STEP][PASSED] - click: Object: 'Object Repository/Final Object Repo/Page_Form 3 EIS - Cessation as Employer/Set Latest - Yes' is clicked on

2018-11-29 12:46:42 - [MESSAGE][PASSED] - Object: 'Object Repository/Final Object Repo/Page_Form 3 EIS - Cessation as Employer/Set Latest - Yes' is clicked on

2018-11-29 12:46:42 - [TEST_STEP][PASSED] - delay: Delayed 2 second(s)

2018-11-29 12:46:44 - [MESSAGE][PASSED] - Delayed 2 second(s)

2018-11-29 12:46:44 - [TEST_STEP][PASSED] - click: Object: 'Object Repository/Final Object Repo/Page_Form 3 EIS - Cessation as Employer/Add Document' is clicked on

2018-11-29 12:46:45 - [MESSAGE][PASSED] - Object: 'Object Repository/Final Object Repo/Page_Form 3 EIS - Cessation as Employer/Add Document' is clicked on

2018-11-29 12:46:45 - [TEST_STEP][PASSED] - delay: Delayed 3 second(s)

2018-11-29 12:46:48 - [MESSAGE][PASSED] - Delayed 3 second(s)

2018-11-29 12:46:48 - [TEST_STEP][PASSED] - click: Object: 'Object Repository/Final Object Repo/Page_Form 3 EIS - Cessation as Employer/Document Type' is clicked on

2018-11-29 12:46:48 - [MESSAGE][PASSED] - Object: 'Object Repository/Final Object Repo/Page_Form 3 EIS - Cessation as Employer/Document Type' is clicked on

2018-11-29 12:46:48 - [TEST_STEP][PASSED] - click: Object: 'Object Repository/Final Object Repo/Page_Form 3 EIS - Cessation as Employer/Document Type - Form 3' is clicked on

2018-11-29 12:46:48 - [MESSAGE][PASSED] - Object: 'Object Repository/Final Object Repo/Page_Form 3 EIS - Cessation as Employer/Document Type - Form 3' is clicked on

2018-11-29 12:46:48 - [TEST_STEP][PASSED] - delay: Delayed 2 second(s)

2018-11-29 12:46:50 - [MESSAGE][PASSED] - Delayed 2 second(s)

2018-11-29 12:46:50 - [TEST_STEP][PASSED] - sendKeys: Keys 'C:\Users\Public\Pictures\Sample Pictures\Koala.jpg' sent to object: 'Object Repository/Final Object Repo/Page_Form 3 EIS - Cessation as Employer/ploading File'

2018-11-29 12:46:51 - [MESSAGE][PASSED] - Keys 'C:\Users\Public\Pictures\Sample Pictures\Koala.jpg' sent to object: 'Object Repository/Final Object Repo/Page_Form 3 EIS - Cessation as Employer/ploading File'

2018-11-29 12:46:51 - [TEST_STEP][PASSED] - delay: Delayed 1 second(s)

2018-11-29 12:46:52 - [MESSAGE][PASSED] - Delayed 1 second(s)

2018-11-29 12:46:52 - [TEST_STEP][PASSED] - click: Object: 'Object Repository/Final Object Repo/Page_Form 3 EIS - Cessation as Employer/Add Document in Uploading Page' is clicked on

2018-11-29 12:46:52 - [MESSAGE][PASSED] - Object: 'Object Repository/Final Object Repo/Page_Form 3 EIS - Cessation as Employer/Add Document in Uploading Page' is clicked on

2018-11-29 12:46:52 - [TEST_STEP][PASSED] - delay: Delayed 2 second(s)

2018-11-29 12:46:54 - [MESSAGE][PASSED] - Delayed 2 second(s)

2018-11-29 12:46:54 - [TEST_STEP][PASSED] - Statement - CaseReferenceNo = com.kms.katalon.core.webui.keyword.WebUiBuiltInKeywords.getText(com.kms.katalon.core.testobject.ObjectRepository.findTestObject(Final Object Repo/Page_Update Employer Information/Reference Number in Update Employee Information Page)): Text of object 'Object Repository/Final Object Repo/Page_Update Employer Information/Reference Number in Update Employee Information Page' is: 'ERN112018C200002357'

2018-11-29 12:46:56 - [MESSAGE][PASSED] - Text of object 'Object Repository/Final Object Repo/Page_Update Employer Information/Reference Number in Update Employee Information Page' is: 'ERN112018C200002357'

2018-11-29 12:46:56 - [TEST_STEP][PASSED] - callTestCase: Call Test Case 'Test Cases/Final Aug 2018 - PKS Automation/Common/Reference Number Setter' successfully

2018-11-29 12:46:56 - [TEST_CASE][PASSED] - Test Cases/Final Aug 2018 - PKS Automation/Common/Reference Number Setter: Test Cases/Final Aug 2018 - PKS Automation/Common/Reference Number Setter

2018-11-29 12:46:56 - [TEST_STEP][PASSED] - Statement - RefNoOldFile = new java.io.File(C://Users//Admin//Desktop//PKS//Automation Reference Point//KatalonReference.txt): null

2018-11-29 12:46:56 - [TEST_STEP][PASSED] - Statement - RefNoOldFile.delete(): null

2018-11-29 12:46:56 - [TEST_STEP][PASSED] - delay: Delayed 5 second(s)

2018-11-29 12:47:01 - [MESSAGE][PASSED] - Delayed 5 second(s)

2018-11-29 12:47:01 - [TEST_STEP][PASSED] - Statement - RefNo = new java.io.File(C://Users//Admin//Desktop//PKS//Automation Reference Point//KatalonReference.txt): null

2018-11-29 12:47:01 - [TEST_STEP][PASSED] - Statement - f2 = new java.io.FileWriter(RefNo, false): null

2018-11-29 12:47:01 - [TEST_STEP][PASSED] - Statement - f2.write(CaseReferenceNo): null

2018-11-29 12:47:01 - [TEST_STEP][PASSED] - Statement - f2.close(): null

2018-11-29 12:47:01 - [TEST_STEP][PASSED] - Statement - out.println("


" + CaseReferenceNo + "


"): null

2018-11-29 12:47:01 - [MESSAGE][PASSED] - Call Test Case 'Test Cases/Final Aug 2018 - PKS Automation/Common/Reference Number Setter' successfully

2018-11-29 12:47:01 - [TEST_STEP][PASSED] - delay: Delayed 2 second(s)

2018-11-29 12:47:03 - [MESSAGE][PASSED] - Delayed 2 second(s)

2018-11-29 12:47:03 - [TEST_STEP][PASSED] - click: Object: 'Object Repository/Final Object Repo/Page_Form 3 EIS - Cessation as Employer/Save  Continue in Uploading Page' is clicked on

2018-11-29 12:47:03 - [MESSAGE][PASSED] - Object: 'Object Repository/Final Object Repo/Page_Form 3 EIS - Cessation as Employer/Save  Continue in Uploading Page' is clicked on

2018-11-29 12:47:03 - [TEST_STEP][PASSED] - delay: Delayed 2 second(s)

2018-11-29 12:47:05 - [MESSAGE][PASSED] - Delayed 2 second(s)

2018-11-29 12:47:05 - [TEST_STEP][PASSED] - click: Object: 'Object Repository/Final Object Repo/Page_Form 3 EIS - Cessation as Employer/Submit' is clicked on

2018-11-29 12:47:09 - [MESSAGE][PASSED] - Object: 'Object Repository/Final Object Repo/Page_Form 3 EIS - Cessation as Employer/Submit' is clicked on

2018-11-29 12:47:09 - [TEST_STEP][PASSED] - delay: Delayed 2 second(s)

2018-11-29 12:47:11 - [MESSAGE][PASSED] - Delayed 2 second(s)

2018-11-29 12:47:11 - [TEST_STEP][PASSED] - click: Object: 'Object Repository/Final Object Repo/Page_Form 3 EIS - Cessation as Employer/Confirm' is clicked on

2018-11-29 12:47:12 - [MESSAGE][PASSED] - Object: 'Object Repository/Final Object Repo/Page_Form 3 EIS - Cessation as Employer/Confirm' is clicked on

2018-11-29 12:47:12 - [TEST_STEP][PASSED] - delay: Delayed 2 second(s)

2018-11-29 12:47:14 - [MESSAGE][PASSED] - Delayed 2 second(s)

2018-11-29 12:47:14 - [TEST_STEP][PASSED] - click: Object: 'Object Repository/Final Object Repo/Page_Form 3 EIS - Cessation as Employer/Message Your Request will be routed to UO' is clicked on

2018-11-29 12:47:17 - [MESSAGE][PASSED] - Object: 'Object Repository/Final Object Repo/Page_Form 3 EIS - Cessation as Employer/Message Your Request will be routed to UO' is clicked on

2018-11-29 12:47:17 - [TEST_STEP][PASSED] - click: Object: 'Object Repository/Final Object Repo/Page_Form 3 EIS - Cessation as Employer/Letter of acknowledgement' is clicked on

2018-11-29 12:47:18 - [MESSAGE][PASSED] - Object: 'Object Repository/Final Object Repo/Page_Form 3 EIS - Cessation as Employer/Letter of acknowledgement' is clicked on

2018-11-29 12:47:18 - [MESSAGE][PASSED] - Call Test Case 'Test Cases/Final Aug 2018 - PKS Automation/Registration Module/Workflow/Form 3 EIS - Cessation As Employer/Template/Form 3 A - Cessation As Employer (OTC)' successfully

2018-11-29 12:47:18 - [TEST_STEP][PASSED] - callTestCase: Call Test Case 'Test Cases/Final Aug 2018 - PKS Automation/Registration Module/Workflow/Form 3 EIS - Cessation As Employer/Template/Form 3 A - Cessation As Employer (Reject)' successfully

2018-11-29 12:47:18 - [TEST_CASE][PASSED] - Test Cases/Final Aug 2018 - PKS Automation/Registration Module/Workflow/Form 3 EIS - Cessation As Employer/Template/Form 3 A - Cessation As Employer (Reject): Test Cases/Final Aug 2018 - PKS Automation/Registration Module/Workflow/Form 3 EIS - Cessation As Employer/Template/Form 3 A - Cessation As Employer (Reject)

2018-11-29 12:47:18 - [TEST_STEP][NOT_RUN] - callTestCase: NOT_RUN: callTestCase

2018-11-29 12:47:18 - [MESSAGE][NOT_RUN] - NOT_RUN: callTestCase

2018-11-29 12:47:18 - [TEST_STEP][PASSED] - delay: Delayed 1 second(s)

2018-11-29 12:47:19 - [MESSAGE][PASSED] - Delayed 1 second(s)

2018-11-29 12:47:19 - [TEST_STEP][PASSED] - navigateToUrl: Navigate to 'https://assist2-uat.perkeso.gov.my/c/portal/logout' successfully

2018-11-29 12:47:20 - [MESSAGE][PASSED] - Navigate to 'https://assist2-uat.perkeso.gov.my/c/portal/logout' successfully

2018-11-29 12:47:20 - [TEST_STEP][PASSED] - delay: Delayed 1 second(s)

2018-11-29 12:47:21 - [MESSAGE][PASSED] - Delayed 1 second(s)

2018-11-29 12:47:21 - [TEST_STEP][PASSED] - callTestCase: Call Test Case 'Test Cases/Final Aug 2018 - PKS Automation/Common/Reference Number Getter' successfully

2018-11-29 12:47:21 - [TEST_CASE][PASSED] - Test Cases/Final Aug 2018 - PKS Automation/Common/Reference Number Getter: Test Cases/Final Aug 2018 - PKS Automation/Common/Reference Number Getter

2018-11-29 12:47:21 - [TEST_STEP][PASSED] - Statement - Try: null

2018-11-29 12:47:21 - [TEST_STEP][PASSED] - Statement - RefNo = new java.io.File(C://Users//Admin//Desktop//PKS//Automation Reference Point//KatalonReference.txt): null

2018-11-29 12:47:21 - [TEST_STEP][PASSED] - Statement - bufferread = new java.io.BufferedReader(new java.io.FileReader(RefNo)): null

2018-11-29 12:47:21 - [TEST_STEP][PASSED] - Statement - readedVal = bufferread.readLine(): null

2018-11-29 12:47:21 - [TEST_STEP][PASSED] - Statement - out.println(CaseReferenceNo): null

2018-11-29 12:47:21 - [TEST_STEP][PASSED] - Statement - out.println(readedVal): null

2018-11-29 12:47:21 - [TEST_STEP][PASSED] - Statement - CaseReferenceNo = "": null

2018-11-29 12:47:21 - [TEST_STEP][PASSED] - Statement - CaseReferenceNo = readedVal: null

2018-11-29 12:47:21 - [MESSAGE][PASSED] - Call Test Case 'Test Cases/Final Aug 2018 - PKS Automation/Common/Reference Number Getter' successfully

2018-11-29 12:47:21 - [TEST_STEP][PASSED] - callTestCase: Call Test Case 'Test Cases/Final Aug 2018 - PKS Automation/Common/Workflow Owner Finder' successfully

2018-11-29 12:47:21 - [TEST_CASE][PASSED] - Test Cases/Final Aug 2018 - PKS Automation/Common/Workflow Owner Finder: Test Cases/Final Aug 2018 - PKS Automation/Common/Workflow Owner Finder

2018-11-29 12:47:21 - [TEST_STEP][PASSED] - openBrowser: Browser is opened with url: ''

2018-11-29 12:47:21 - [MESSAGE][WARNING] - A browser is already opened. Closing browser and opening a new one

2018-11-29 12:47:24 - [MESSAGE][PASSED] - Browser is opened with url: ''

2018-11-29 12:47:24 - [TEST_STEP][PASSED] - navigateToUrl: Navigate to 'https://assist2-uat.perkeso.gov.my/login' successfully

2018-11-29 12:47:25 - [MESSAGE][PASSED] - Navigate to 'https://assist2-uat.perkeso.gov.my/login' successfully

2018-11-29 12:47:25 - [TEST_STEP][PASSED] - delay: Delayed 5 second(s)

2018-11-29 12:47:30 - [MESSAGE][PASSED] - Delayed 5 second(s)

2018-11-29 12:47:30 - [TEST_STEP][PASSED] - setText: Text 'test@liferay.com' is set on object 'Object Repository/Final Object Repo/Login Page/Internal User/Email Address'

2018-11-29 12:47:30 - [MESSAGE][PASSED] - Text 'test@liferay.com' is set on object 'Object Repository/Final Object Repo/Login Page/Internal User/Email Address'

2018-11-29 12:47:30 - [TEST_STEP][PASSED] - click: Object: 'Object Repository/Final Object Repo/Login Page/Internal User/Next Button' is clicked on

2018-11-29 12:47:31 - [MESSAGE][PASSED] - Object: 'Object Repository/Final Object Repo/Login Page/Internal User/Next Button' is clicked on

2018-11-29 12:47:31 - [TEST_STEP][PASSED] - delay: Delayed 2 second(s)

2018-11-29 12:47:33 - [MESSAGE][PASSED] - Delayed 2 second(s)

2018-11-29 12:47:33 - [TEST_STEP][PASSED] - setText: Text 'test' is set on object 'Object Repository/Final Object Repo/Login Page/Internal User/Password'

2018-11-29 12:47:33 - [MESSAGE][PASSED] - Text 'test' is set on object 'Object Repository/Final Object Repo/Login Page/Internal User/Password'

2018-11-29 12:47:33 - [TEST_STEP][PASSED] - delay: Delayed 2 second(s)

2018-11-29 12:47:35 - [MESSAGE][PASSED] - Delayed 2 second(s)

2018-11-29 12:47:35 - [TEST_STEP][PASSED] - click: Object: 'Object Repository/Final Object Repo/Login Page/Internal User/Login Button' is clicked on

2018-11-29 12:47:35 - [MESSAGE][PASSED] - Object: 'Object Repository/Final Object Repo/Login Page/Internal User/Login Button' is clicked on

2018-11-29 12:47:35 - [TEST_STEP][PASSED] - Statement - Try: null

2018-11-29 12:47:35 - [TEST_STEP][PASSED] - Statement - Checker = com.kms.katalon.core.webui.keyword.WebUiBuiltInKeywords.verifyElementNotPresent("Final Object Repo/Landing Page/Select to English", 3): null

2018-11-29 12:47:35 - [TEST_STEP][PASSED] - Statement - Catch (Exception e): null

2018-11-29 12:47:35 - [TEST_STEP][PASSED] - Statement - e.printStackTrace(): null

2018-11-29 12:47:35 - [TEST_STEP][PASSED] - delay: Delayed 5 second(s)

2018-11-29 12:47:40 - [MESSAGE][PASSED] - Delayed 5 second(s)

2018-11-29 12:47:40 - [TEST_STEP][PASSED] - mouseOver: Object: 'Object Repository/Final Object Repo/Landing Page/WorkFlow Menu' is hovered

2018-11-29 12:47:40 - [MESSAGE][PASSED] - Object: 'Object Repository/Final Object Repo/Landing Page/WorkFlow Menu' is hovered

2018-11-29 12:47:40 - [TEST_STEP][PASSED] - delay: Delayed 2 second(s)

2018-11-29 12:47:42 - [MESSAGE][PASSED] - Delayed 2 second(s)

2018-11-29 12:47:42 - [TEST_STEP][PASSED] - click: Object: 'Object Repository/Final Object Repo/Landing Page/Select to Workflow Listing' is clicked on

2018-11-29 12:47:43 - [MESSAGE][PASSED] - Object: 'Object Repository/Final Object Repo/Landing Page/Select to Workflow Listing' is clicked on

2018-11-29 12:47:43 - [TEST_STEP][PASSED] - delay: Delayed 2 second(s)

2018-11-29 12:47:45 - [MESSAGE][PASSED] - Delayed 2 second(s)

2018-11-29 12:47:45 - [TEST_STEP][PASSED] - click: Object: 'Object Repository/Final Object Repo/WorkFlow Listing Page/Search Information - To Put Ref No' is clicked on

2018-11-29 12:47:46 - [MESSAGE][PASSED] - Object: 'Object Repository/Final Object Repo/WorkFlow Listing Page/Search Information - To Put Ref No' is clicked on

2018-11-29 12:47:46 - [TEST_STEP][PASSED] - delay: Delayed 2 second(s)

2018-11-29 12:47:48 - [MESSAGE][PASSED] - Delayed 2 second(s)

2018-11-29 12:47:48 - [TEST_STEP][PASSED] - callTestCase: Call Test Case 'Test Cases/Final Aug 2018 - PKS Automation/Common/Reference Number Getter' successfully

2018-11-29 12:47:48 - [TEST_CASE][PASSED] - Test Cases/Final Aug 2018 - PKS Automation/Common/Reference Number Getter: Test Cases/Final Aug 2018 - PKS Automation/Common/Reference Number Getter

2018-11-29 12:47:48 - [TEST_STEP][PASSED] - Statement - Try: null

2018-11-29 12:47:48 - [TEST_STEP][PASSED] - Statement - RefNo = new java.io.File(C://Users//Admin//Desktop//PKS//Automation Reference Point//KatalonReference.txt): null

2018-11-29 12:47:48 - [TEST_STEP][PASSED] - Statement - bufferread = new java.io.BufferedReader(new java.io.FileReader(RefNo)): null

2018-11-29 12:47:48 - [TEST_STEP][PASSED] - Statement - readedVal = bufferread.readLine(): null

2018-11-29 12:47:48 - [TEST_STEP][PASSED] - Statement - out.println(CaseReferenceNo): null

2018-11-29 12:47:48 - [TEST_STEP][PASSED] - Statement - out.println(readedVal): null

2018-11-29 12:47:48 - [TEST_STEP][PASSED] - Statement - CaseReferenceNo = "": null

2018-11-29 12:47:48 - [TEST_STEP][PASSED] - Statement - CaseReferenceNo = readedVal: null

2018-11-29 12:47:48 - [MESSAGE][PASSED] - Call Test Case 'Test Cases/Final Aug 2018 - PKS Automation/Common/Reference Number Getter' successfully

2018-11-29 12:47:48 - [TEST_STEP][PASSED] - setText: Text 'ERN112018C200002357' is set on object 'Object Repository/Final Object Repo/WorkFlow Listing Page/Ref No Set Text'

2018-11-29 12:47:48 - [MESSAGE][PASSED] - Text 'ERN112018C200002357' is set on object 'Object Repository/Final Object Repo/WorkFlow Listing Page/Ref No Set Text'

2018-11-29 12:47:48 - [TEST_STEP][PASSED] - delay: Delayed 2 second(s)

2018-11-29 12:47:50 - [MESSAGE][PASSED] - Delayed 2 second(s)

2018-11-29 12:47:50 - [TEST_STEP][PASSED] - click: Object: 'Object Repository/Final Object Repo/WorkFlow Listing Page/Search Ref No Search Button' is clicked on

2018-11-29 12:47:50 - [MESSAGE][PASSED] - Object: 'Object Repository/Final Object Repo/WorkFlow Listing Page/Search Ref No Search Button' is clicked on

2018-11-29 12:47:50 - [TEST_STEP][PASSED] - delay: Delayed 4 second(s)

2018-11-29 12:47:54 - [MESSAGE][PASSED] - Delayed 4 second(s)

2018-11-29 12:47:54 - [TEST_STEP][PASSED] - click: Object: 'Object Repository/Final Object Repo/WorkFlow Listing Page/Click Continue Tooltip' is clicked on

2018-11-29 12:47:55 - [MESSAGE][PASSED] - Object: 'Object Repository/Final Object Repo/WorkFlow Listing Page/Click Continue Tooltip' is clicked on

2018-11-29 12:47:55 - [TEST_STEP][PASSED] - delay: Delayed 5 second(s)

2018-11-29 12:48:00 - [MESSAGE][PASSED] - Delayed 5 second(s)

2018-11-29 12:48:00 - [TEST_STEP][PASSED] - doubleClick: Object: 'Object Repository/Final Object Repo/WorkFlow Listing Page/Workflow Found - Listing 1' is double clicked on

2018-11-29 12:48:00 - [MESSAGE][PASSED] - Object: 'Object Repository/Final Object Repo/WorkFlow Listing Page/Workflow Found - Listing 1' is double clicked on

2018-11-29 12:48:00 - [TEST_STEP][PASSED] - Statement - println(OwnerID): null

2018-11-29 12:48:00 - [TEST_STEP][PASSED] - Statement - OwnerID = com.kms.katalon.core.webui.keyword.WebUiBuiltInKeywords.getText(com.kms.katalon.core.testobject.ObjectRepository.findTestObject(Final Object Repo/WorkFlow Listing Page/Workflow Found - Listing 1), STOP_ON_FAILURE): Text of object 'Object Repository/Final Object Repo/WorkFlow Listing Page/Workflow Found - Listing 1' is: 'JOHORuo1'

2018-11-29 12:48:01 - [MESSAGE][PASSED] - Text of object 'Object Repository/Final Object Repo/WorkFlow Listing Page/Workflow Found - Listing 1' is: 'JOHORuo1'

2018-11-29 12:48:01 - [TEST_STEP][PASSED] - Statement - OwnerID = OwnerID.toLowerCase() + "@gmail.com": null

2018-11-29 12:48:01 - [TEST_STEP][PASSED] - Statement - println(OwnerID): null

2018-11-29 12:48:01 - [TEST_STEP][PASSED] - delay: Delayed 2 second(s)

2018-11-29 12:48:03 - [MESSAGE][PASSED] - Delayed 2 second(s)

2018-11-29 12:48:03 - [MESSAGE][PASSED] - Call Test Case 'Test Cases/Final Aug 2018 - PKS Automation/Common/Workflow Owner Finder' successfully

2018-11-29 12:48:03 - [TEST_STEP][PASSED] - delay: Delayed 1 second(s)

2018-11-29 12:48:04 - [MESSAGE][PASSED] - Delayed 1 second(s)

2018-11-29 12:48:04 - [TEST_STEP][PASSED] - navigateToUrl: Navigate to 'https://assist2-uat.perkeso.gov.my/c/portal/logout' successfully

2018-11-29 12:48:05 - [MESSAGE][PASSED] - Navigate to 'https://assist2-uat.perkeso.gov.my/c/portal/logout' successfully

2018-11-29 12:48:05 - [TEST_STEP][PASSED] - delay: Delayed 1 second(s)

2018-11-29 12:48:06 - [MESSAGE][PASSED] - Delayed 1 second(s)

2018-11-29 12:48:06 - [TEST_STEP][PASSED] - callTestCase: Call Test Case 'Test Cases/Final Aug 2018 - PKS Automation/Registration Module/Workflow/Login and Search Case For Workflow' successfully

2018-11-29 12:48:06 - [TEST_CASE][PASSED] - Test Cases/Final Aug 2018 - PKS Automation/Registration Module/Workflow/Login and Search Case For Workflow: Test Cases/Final Aug 2018 - PKS Automation/Registration Module/Workflow/Login and Search Case For Workflow

2018-11-29 12:48:06 - [TEST_STEP][PASSED] - navigateToUrl: Navigate to 'https://assist2-uat.perkeso.gov.my/login' successfully

2018-11-29 12:48:06 - [MESSAGE][PASSED] - Navigate to 'https://assist2-uat.perkeso.gov.my/login' successfully

2018-11-29 12:48:06 - [TEST_STEP][PASSED] - setText: Text 'johoruo1@gmail.com' is set on object 'Object Repository/Final Object Repo/Login Page/Internal User/Email Address'

2018-11-29 12:48:07 - [MESSAGE][PASSED] - Text 'johoruo1@gmail.com' is set on object 'Object Repository/Final Object Repo/Login Page/Internal User/Email Address'

2018-11-29 12:48:07 - [TEST_STEP][PASSED] - click: Object: 'Object Repository/Final Object Repo/Login Page/Internal User/Next Button' is clicked on

2018-11-29 12:48:07 - [MESSAGE][PASSED] - Object: 'Object Repository/Final Object Repo/Login Page/Internal User/Next Button' is clicked on

2018-11-29 12:48:07 - [TEST_STEP][PASSED] - delay: Delayed 1 second(s)

2018-11-29 12:48:08 - [MESSAGE][PASSED] - Delayed 1 second(s)

2018-11-29 12:48:08 - [TEST_STEP][PASSED] - setEncryptedText: Text ****** has been set on object 'Object Repository/Final Object Repo/Login Page/Internal User/Password'

2018-11-29 12:48:09 - [MESSAGE][PASSED] - Text ****** has been set on object 'Object Repository/Final Object Repo/Login Page/Internal User/Password'

2018-11-29 12:48:09 - [TEST_STEP][PASSED] - click: Object: 'Object Repository/Final Object Repo/Login Page/Internal User/Login Button' is clicked on

2018-11-29 12:48:09 - [MESSAGE][PASSED] - Object: 'Object Repository/Final Object Repo/Login Page/Internal User/Login Button' is clicked on

2018-11-29 12:48:09 - [TEST_STEP][PASSED] - delay: Delayed 2 second(s)

2018-11-29 12:48:11 - [MESSAGE][PASSED] - Delayed 2 second(s)

2018-11-29 12:48:11 - [TEST_STEP][PASSED] - Statement - Try: Delayed 2 second(s)

2018-11-29 12:48:11 - [TEST_STEP][PASSED] - Statement - Checker = false: null

2018-11-29 12:48:11 - [TEST_STEP][PASSED] - Statement - Checker = com.kms.katalon.core.webui.keyword.WebUiBuiltInKeywords.verifyElementHasAttribute(com.kms.katalon.core.testobject.ObjectRepository.findTestObject(Final Object Repo/Landing Page/BM Detecting), "href", 20, OPTIONAL): Object 'Object Repository/Final Object Repo/Landing Page/BM Detecting' has attribute 'href'

2018-11-29 12:48:11 - [MESSAGE][PASSED] - Object 'Object Repository/Final Object Repo/Landing Page/BM Detecting' has attribute 'href'

2018-11-29 12:48:11 - [TEST_STEP][PASSED] - Statement - out.println(Checker): null

2018-11-29 12:48:11 - [TEST_STEP][PASSED] - Statement - If (Checker == false): null

2018-11-29 12:48:11 - [TEST_STEP][PASSED] - Statement - Else: null

2018-11-29 12:48:11 - [TEST_STEP][PASSED] - delay: Delayed 2 second(s)

2018-11-29 12:48:13 - [MESSAGE][PASSED] - Delayed 2 second(s)

2018-11-29 12:48:13 - [TEST_STEP][PASSED] - click: Object: 'Object Repository/Final Object Repo/Page_MyASSIST - ASSIST - Search Pending Case For Add Supporting Document/Search Information' is clicked on

2018-11-29 12:48:13 - [MESSAGE][PASSED] - Object: 'Object Repository/Final Object Repo/Page_MyASSIST - ASSIST - Search Pending Case For Add Supporting Document/Search Information' is clicked on

2018-11-29 12:48:13 - [TEST_STEP][PASSED] - delay: Delayed 3 second(s)

2018-11-29 12:48:16 - [MESSAGE][PASSED] - Delayed 3 second(s)

2018-11-29 12:48:16 - [TEST_STEP][PASSED] - sendKeys: Keys 'ERN112018C200002357' sent to object: 'Object Repository/Final Object Repo/Page_MyASSIST - ASSIST - Search Pending Case For Add Supporting Document/Reference No'

2018-11-29 12:48:17 - [MESSAGE][PASSED] - Keys 'ERN112018C200002357' sent to object: 'Object Repository/Final Object Repo/Page_MyASSIST - ASSIST - Search Pending Case For Add Supporting Document/Reference No'

2018-11-29 12:48:17 - [TEST_STEP][PASSED] - click: Object: 'Object Repository/Final Object Repo/Page_MyASSIST - ASSIST - Search Pending Case For Add Supporting Document/Search Reference No' is clicked on

2018-11-29 12:48:17 - [MESSAGE][PASSED] - Object: 'Object Repository/Final Object Repo/Page_MyASSIST - ASSIST - Search Pending Case For Add Supporting Document/Search Reference No' is clicked on

2018-11-29 12:48:17 - [TEST_STEP][PASSED] - delay: Delayed 2 second(s)

2018-11-29 12:48:19 - [MESSAGE][PASSED] - Delayed 2 second(s)

2018-11-29 12:48:19 - [TEST_STEP][PASSED] - click: Object: 'Object Repository/Final Object Repo/Page_MyASSIST - ASSIST - Search Pending Case For Add Supporting Document/Continue' is clicked on

2018-11-29 12:48:22 - [MESSAGE][PASSED] - Object: 'Object Repository/Final Object Repo/Page_MyASSIST - ASSIST - Search Pending Case For Add Supporting Document/Continue' is clicked on

2018-11-29 12:48:22 - [TEST_STEP][PASSED] - delay: Delayed 20 second(s)

2018-11-29 12:48:42 - [MESSAGE][PASSED] - Delayed 20 second(s)

2018-11-29 12:48:42 - [MESSAGE][PASSED] - Call Test Case 'Test Cases/Final Aug 2018 - PKS Automation/Registration Module/Workflow/Login and Search Case For Workflow' successfully

2018-11-29 12:48:42 - [TEST_STEP][PASSED] - click: Object: 'Object Repository/Final Object Repo/Page_Form 3 EIS - Cessation as Employer/Page_Form 3 EIS - Cessation as Employer (Approve)/Save  Continue in Form 3 Page' is clicked on

2018-11-29 12:48:42 - [MESSAGE][PASSED] - Object: 'Object Repository/Final Object Repo/Page_Form 3 EIS - Cessation as Employer/Page_Form 3 EIS - Cessation as Employer (Approve)/Save  Continue in Form 3 Page' is clicked on

2018-11-29 12:48:42 - [TEST_STEP][PASSED] - delay: Delayed 2 second(s)

2018-11-29 12:48:44 - [MESSAGE][PASSED] - Delayed 2 second(s)

2018-11-29 12:48:44 - [TEST_STEP][PASSED] - click: Object: 'Object Repository/Final Object Repo/Page_Form 3 EIS - Cessation as Employer/Page_Form 3 EIS - Cessation as Employer (Approve)/Save  Continue in Resigned Page' is clicked on

2018-11-29 12:48:45 - [MESSAGE][PASSED] - Object: 'Object Repository/Final Object Repo/Page_Form 3 EIS - Cessation as Employer/Page_Form 3 EIS - Cessation as Employer (Approve)/Save  Continue in Resigned Page' is clicked on

2018-11-29 12:48:45 - [TEST_STEP][PASSED] - delay: Delayed 2 second(s)

2018-11-29 12:48:47 - [MESSAGE][PASSED] - Delayed 2 second(s)

2018-11-29 12:48:47 - [TEST_STEP][PASSED] - click: Object: 'Object Repository/Final Object Repo/Page_Form 3 EIS - Cessation as Employer/Page_Form 3 EIS - Cessation as Employer (Approve)/Save  Continue in Uploading Page' is clicked on

2018-11-29 12:48:48 - [MESSAGE][PASSED] - Object: 'Object Repository/Final Object Repo/Page_Form 3 EIS - Cessation as Employer/Page_Form 3 EIS - Cessation as Employer (Approve)/Save  Continue in Uploading Page' is clicked on

2018-11-29 12:48:48 - [TEST_STEP][PASSED] - delay: Delayed 2 second(s)

2018-11-29 12:48:50 - [MESSAGE][PASSED] - Delayed 2 second(s)

2018-11-29 12:48:50 - [TEST_STEP][PASSED] - click: Object: 'Object Repository/Final Object Repo/Page_Form 3 EIS - Cessation as Employer/Page_Form 3 EIS - Cessation as Employer (Reject)/Reject' is clicked on

2018-11-29 12:48:53 - [MESSAGE][PASSED] - Object: 'Object Repository/Final Object Repo/Page_Form 3 EIS - Cessation as Employer/Page_Form 3 EIS - Cessation as Employer (Reject)/Reject' is clicked on

2018-11-29 12:48:53 - [TEST_STEP][PASSED] - delay: Delayed 2 second(s)

2018-11-29 12:48:55 - [MESSAGE][PASSED] - Delayed 2 second(s)

2018-11-29 12:48:55 - [TEST_STEP][PASSED] - click: Object: 'Object Repository/Final Object Repo/Page_Form 3 EIS - Cessation as Employer/Page_Form 3 EIS - Cessation as Employer (Reject)/Confirm' is clicked on

2018-11-29 12:48:55 - [MESSAGE][PASSED] - Object: 'Object Repository/Final Object Repo/Page_Form 3 EIS - Cessation as Employer/Page_Form 3 EIS - Cessation as Employer (Reject)/Confirm' is clicked on

2018-11-29 12:48:55 - [TEST_STEP][PASSED] - delay: Delayed 2 second(s)

2018-11-29 12:48:57 - [MESSAGE][PASSED] - Delayed 2 second(s)

2018-11-29 12:48:57 - [TEST_STEP][PASSED] - click: Object: 'Object Repository/Final Object Repo/Page_Form 3 EIS - Cessation as Employer/Page_Form 3 EIS - Cessation as Employer (Reject)/Message This Case has been Rejected' is clicked on

2018-11-29 12:49:02 - [MESSAGE][PASSED] - Object: 'Object Repository/Final Object Repo/Page_Form 3 EIS - Cessation as Employer/Page_Form 3 EIS - Cessation as Employer (Reject)/Message This Case has been Rejected' is clicked on

2018-11-29 12:49:02 - [TEST_STEP][PASSED] - click: Object: 'Object Repository/Final Object Repo/Page_Form 3 EIS - Cessation as Employer/Page_Form 3 EIS - Cessation as Employer (Reject)/Letter of update rejection' is clicked on

2018-11-29 12:49:02 - [MESSAGE][PASSED] - Object: 'Object Repository/Final Object Repo/Page_Form 3 EIS - Cessation as Employer/Page_Form 3 EIS - Cessation as Employer (Reject)/Letter of update rejection' is clicked on

2018-11-29 12:49:02 - [MESSAGE][PASSED] - Call Test Case 'Test Cases/Final Aug 2018 - PKS Automation/Registration Module/Workflow/Form 3 EIS - Cessation As Employer/Template/Form 3 A - Cessation As Employer (Reject)' successfully]]></system-out>
         <system-err><![CDATA[]]></system-err>
      </testcase>
      <testcase name="Test Cases/Final Aug 2018 - PKS Automation/Registration Module/Workflow/Form 3 EIS - Cessation As Employer/OTC to UO (Under enforcement)" classname="Test Cases/Final Aug 2018 - PKS Automation/Registration Module/Workflow/Form 3 EIS - Cessation As Employer/OTC to UO (Under enforcement)" status="PASSED">
         <system-out><![CDATA[2018-11-29 12:49:02 - [TEST_CASE][PASSED] - Test Cases/Final Aug 2018 - PKS Automation/Registration Module/Workflow/Form 3 EIS - Cessation As Employer/OTC to UO (Under enforcement): Test Cases/Final Aug 2018 - PKS Automation/Registration Module/Workflow/Form 3 EIS - Cessation As Employer/OTC to UO (Under enforcement)

2018-11-29 12:49:03 - [TEST_STEP][PASSED] - callTestCase: Call Test Case 'Test Cases/Final Aug 2018 - PKS Automation/Registration Module/Workflow/Form 3 EIS - Cessation As Employer/Template/Form 3 A - Cessation As Employer (OTC)' successfully

2018-11-29 12:49:03 - [TEST_CASE][PASSED] - Test Cases/Final Aug 2018 - PKS Automation/Registration Module/Workflow/Form 3 EIS - Cessation As Employer/Template/Form 3 A - Cessation As Employer (OTC): Test Cases/Final Aug 2018 - PKS Automation/Registration Module/Workflow/Form 3 EIS - Cessation As Employer/Template/Form 3 A - Cessation As Employer (OTC)

2018-11-29 12:49:03 - [TEST_STEP][PASSED] - openBrowser: Browser is opened with url: ''

2018-11-29 12:49:03 - [MESSAGE][WARNING] - A browser is already opened. Closing browser and opening a new one

2018-11-29 12:49:06 - [MESSAGE][PASSED] - Browser is opened with url: ''

2018-11-29 12:49:06 - [TEST_STEP][PASSED] - navigateToUrl: Navigate to 'https://assist2-uat.perkeso.gov.my/login' successfully

2018-11-29 12:49:07 - [MESSAGE][PASSED] - Navigate to 'https://assist2-uat.perkeso.gov.my/login' successfully

2018-11-29 12:49:07 - [TEST_STEP][PASSED] - setText: Text 'johorotc1@gmail.com' is set on object 'Object Repository/Final Object Repo/Login Page/Internal User/Email Address'

2018-11-29 12:49:07 - [MESSAGE][PASSED] - Text 'johorotc1@gmail.com' is set on object 'Object Repository/Final Object Repo/Login Page/Internal User/Email Address'

2018-11-29 12:49:07 - [TEST_STEP][PASSED] - click: Object: 'Object Repository/Final Object Repo/Login Page/Internal User/Next Button' is clicked on

2018-11-29 12:49:07 - [MESSAGE][PASSED] - Object: 'Object Repository/Final Object Repo/Login Page/Internal User/Next Button' is clicked on

2018-11-29 12:49:07 - [TEST_STEP][PASSED] - delay: Delayed 1 second(s)

2018-11-29 12:49:08 - [MESSAGE][PASSED] - Delayed 1 second(s)

2018-11-29 12:49:08 - [TEST_STEP][PASSED] - setEncryptedText: Text ****** has been set on object 'Object Repository/Final Object Repo/Login Page/Internal User/Password'

2018-11-29 12:49:09 - [MESSAGE][PASSED] - Text ****** has been set on object 'Object Repository/Final Object Repo/Login Page/Internal User/Password'

2018-11-29 12:49:09 - [TEST_STEP][PASSED] - click: Object: 'Object Repository/Final Object Repo/Login Page/Internal User/Login Button' is clicked on

2018-11-29 12:49:09 - [MESSAGE][PASSED] - Object: 'Object Repository/Final Object Repo/Login Page/Internal User/Login Button' is clicked on

2018-11-29 12:49:09 - [TEST_STEP][PASSED] - delay: Delayed 1 second(s)

2018-11-29 12:49:10 - [MESSAGE][PASSED] - Delayed 1 second(s)

2018-11-29 12:49:10 - [TEST_STEP][PASSED] - Statement - Try: Delayed 2 second(s)

2018-11-29 12:49:10 - [TEST_STEP][PASSED] - Statement - Checker = false: null

2018-11-29 12:49:10 - [TEST_STEP][PASSED] - Statement - Checker = com.kms.katalon.core.webui.keyword.WebUiBuiltInKeywords.verifyElementHasAttribute(com.kms.katalon.core.testobject.ObjectRepository.findTestObject(Final Object Repo/Landing Page/BM Detecting), "href", 20, OPTIONAL): Object 'Object Repository/Final Object Repo/Landing Page/BM Detecting' has attribute 'href'

2018-11-29 12:49:11 - [MESSAGE][PASSED] - Object 'Object Repository/Final Object Repo/Landing Page/BM Detecting' has attribute 'href'

2018-11-29 12:49:11 - [TEST_STEP][PASSED] - Statement - out.println(Checker): null

2018-11-29 12:49:11 - [TEST_STEP][PASSED] - Statement - If (Checker == false): null

2018-11-29 12:49:11 - [TEST_STEP][PASSED] - Statement - Else: null

2018-11-29 12:49:11 - [TEST_STEP][PASSED] - delay: Delayed 2 second(s)

2018-11-29 12:49:13 - [MESSAGE][PASSED] - Delayed 2 second(s)

2018-11-29 12:49:13 - [TEST_STEP][PASSED] - navigateToUrl: Navigate to 'https://assist2-uat.perkeso.gov.my/web/registration/eis-update/form-3-eis-cessation-as-employer' successfully

2018-11-29 12:49:14 - [MESSAGE][PASSED] - Navigate to 'https://assist2-uat.perkeso.gov.my/web/registration/eis-update/form-3-eis-cessation-as-employer' successfully

2018-11-29 12:49:14 - [TEST_STEP][PASSED] - delay: Delayed 1 second(s)

2018-11-29 12:49:15 - [MESSAGE][PASSED] - Delayed 1 second(s)

2018-11-29 12:49:15 - [TEST_STEP][PASSED] - setText: Text 'E1102069769W' is set on object 'Object Repository/Final Object Repo/Page_Form 3 EIS - Cessation as Employer/Employer Code'

2018-11-29 12:49:15 - [MESSAGE][PASSED] - Text 'E1102069769W' is set on object 'Object Repository/Final Object Repo/Page_Form 3 EIS - Cessation as Employer/Employer Code'

2018-11-29 12:49:15 - [TEST_STEP][PASSED] - click: Object: 'Object Repository/Final Object Repo/Page_Form 3 EIS - Cessation as Employer/Search' is clicked on

2018-11-29 12:49:15 - [MESSAGE][PASSED] - Object: 'Object Repository/Final Object Repo/Page_Form 3 EIS - Cessation as Employer/Search' is clicked on

2018-11-29 12:49:15 - [TEST_STEP][PASSED] - click: Object: 'Object Repository/Final Object Repo/Page_Form 3 EIS - Cessation as Employer/Edit' is clicked on

2018-11-29 12:49:18 - [MESSAGE][PASSED] - Object: 'Object Repository/Final Object Repo/Page_Form 3 EIS - Cessation as Employer/Edit' is clicked on

2018-11-29 12:49:18 - [TEST_STEP][PASSED] - delay: Delayed 1 second(s)

2018-11-29 12:49:19 - [MESSAGE][PASSED] - Delayed 1 second(s)

2018-11-29 12:49:19 - [TEST_STEP][PASSED] - Statement - abc = com.kms.katalon.core.webui.keyword.WebUiBuiltInKeywords.getAttribute(com.kms.katalon.core.testobject.ObjectRepository.findTestObject(Final Object Repo/Page_Form 3 EIS - Cessation as Employer/Employer Status), "value"): Attribute 'value' of object 'Object Repository/Final Object Repo/Page_Form 3 EIS - Cessation as Employer/Employer Status' is: 'Active'

2018-11-29 12:49:19 - [MESSAGE][PASSED] - Attribute 'value' of object 'Object Repository/Final Object Repo/Page_Form 3 EIS - Cessation as Employer/Employer Status' is: 'Active'

2018-11-29 12:49:19 - [TEST_STEP][PASSED] - Statement - out.println(abc): null

2018-11-29 12:49:19 - [TEST_STEP][PASSED] - Statement - If (abc == "Active"): Object: 'Object Repository/Final Object Repo/Page_Form 3 EIS - Cessation as Employer/Dormant EIS' is clicked on

2018-11-29 12:49:19 - [TEST_STEP][PASSED] - click: Object: 'Object Repository/Final Object Repo/Page_Form 3 EIS - Cessation as Employer/Change Employer Status to' is clicked on

2018-11-29 12:49:19 - [MESSAGE][PASSED] - Object: 'Object Repository/Final Object Repo/Page_Form 3 EIS - Cessation as Employer/Change Employer Status to' is clicked on

2018-11-29 12:49:19 - [TEST_STEP][PASSED] - click: Object: 'Object Repository/Final Object Repo/Page_Form 3 EIS - Cessation as Employer/Dormant EIS' is clicked on

2018-11-29 12:49:19 - [MESSAGE][PASSED] - Object: 'Object Repository/Final Object Repo/Page_Form 3 EIS - Cessation as Employer/Dormant EIS' is clicked on

2018-11-29 12:49:19 - [TEST_STEP][PASSED] - click: Object: 'Object Repository/Final Object Repo/Page_Form 3 EIS - Cessation as Employer/Calender' is clicked on

2018-11-29 12:49:20 - [MESSAGE][PASSED] - Object: 'Object Repository/Final Object Repo/Page_Form 3 EIS - Cessation as Employer/Calender' is clicked on

2018-11-29 12:49:20 - [TEST_STEP][PASSED] - delay: Delayed 1 second(s)

2018-11-29 12:49:21 - [MESSAGE][PASSED] - Delayed 1 second(s)

2018-11-29 12:49:21 - [TEST_STEP][PASSED] - click: Object: 'Object Repository/Final Object Repo/Page_Form 3 EIS - Cessation as Employer/Calender - Date' is clicked on

2018-11-29 12:49:21 - [MESSAGE][PASSED] - Object: 'Object Repository/Final Object Repo/Page_Form 3 EIS - Cessation as Employer/Calender - Date' is clicked on

2018-11-29 12:49:21 - [TEST_STEP][PASSED] - click: Object: 'Object Repository/Final Object Repo/Page_Form 3 EIS - Cessation as Employer/Save  Continue in Form 3 EIS Page' is clicked on

2018-11-29 12:49:21 - [MESSAGE][PASSED] - Object: 'Object Repository/Final Object Repo/Page_Form 3 EIS - Cessation as Employer/Save  Continue in Form 3 EIS Page' is clicked on

2018-11-29 12:49:21 - [TEST_STEP][PASSED] - delay: Delayed 1 second(s)

2018-11-29 12:49:22 - [MESSAGE][PASSED] - Delayed 1 second(s)

2018-11-29 12:49:22 - [TEST_STEP][PASSED] - click: Object: 'Object Repository/Final Object Repo/Page_Form 3 EIS - Cessation as Employer/Employment Resign Date' is clicked on

2018-11-29 12:49:23 - [MESSAGE][PASSED] - Object: 'Object Repository/Final Object Repo/Page_Form 3 EIS - Cessation as Employer/Employment Resign Date' is clicked on

2018-11-29 12:49:23 - [TEST_STEP][PASSED] - selectOptionByValue: All options with value '2030' are selected in object 'Object Repository/Final Object Repo/Page_Form 3 EIS - Cessation as Employer/Employment Resign Date - Year' 

2018-11-29 12:49:23 - [MESSAGE][PASSED] - All options with value '2030' are selected in object 'Object Repository/Final Object Repo/Page_Form 3 EIS - Cessation as Employer/Employment Resign Date - Year' 

2018-11-29 12:49:23 - [TEST_STEP][PASSED] - delay: Delayed 2 second(s)

2018-11-29 12:49:25 - [MESSAGE][PASSED] - Delayed 2 second(s)

2018-11-29 12:49:25 - [TEST_STEP][PASSED] - click: Object: 'Object Repository/Final Object Repo/Page_Form 3 EIS - Cessation as Employer/Employment Resign Date - Year - Date' is clicked on

2018-11-29 12:49:25 - [MESSAGE][PASSED] - Object: 'Object Repository/Final Object Repo/Page_Form 3 EIS - Cessation as Employer/Employment Resign Date - Year - Date' is clicked on

2018-11-29 12:49:25 - [TEST_STEP][PASSED] - delay: Delayed 2 second(s)

2018-11-29 12:49:27 - [MESSAGE][PASSED] - Delayed 2 second(s)

2018-11-29 12:49:27 - [TEST_STEP][PASSED] - click: Object: 'Object Repository/Final Object Repo/Page_Form 3 EIS - Cessation as Employer/Save  Continue in Employment Resign Page' is clicked on

2018-11-29 12:49:28 - [MESSAGE][PASSED] - Object: 'Object Repository/Final Object Repo/Page_Form 3 EIS - Cessation as Employer/Save  Continue in Employment Resign Page' is clicked on

2018-11-29 12:49:28 - [TEST_STEP][PASSED] - delay: Delayed 2 second(s)

2018-11-29 12:49:30 - [MESSAGE][PASSED] - Delayed 2 second(s)

2018-11-29 12:49:30 - [TEST_STEP][PASSED] - click: Object: 'Object Repository/Final Object Repo/Page_Form 3 EIS - Cessation as Employer/Set Latest - Yes' is clicked on

2018-11-29 12:49:30 - [MESSAGE][PASSED] - Object: 'Object Repository/Final Object Repo/Page_Form 3 EIS - Cessation as Employer/Set Latest - Yes' is clicked on

2018-11-29 12:49:30 - [TEST_STEP][PASSED] - delay: Delayed 2 second(s)

2018-11-29 12:49:32 - [MESSAGE][PASSED] - Delayed 2 second(s)

2018-11-29 12:49:32 - [TEST_STEP][PASSED] - click: Object: 'Object Repository/Final Object Repo/Page_Form 3 EIS - Cessation as Employer/Add Document' is clicked on

2018-11-29 12:49:33 - [MESSAGE][PASSED] - Object: 'Object Repository/Final Object Repo/Page_Form 3 EIS - Cessation as Employer/Add Document' is clicked on

2018-11-29 12:49:33 - [TEST_STEP][PASSED] - delay: Delayed 3 second(s)

2018-11-29 12:49:36 - [MESSAGE][PASSED] - Delayed 3 second(s)

2018-11-29 12:49:36 - [TEST_STEP][PASSED] - click: Object: 'Object Repository/Final Object Repo/Page_Form 3 EIS - Cessation as Employer/Document Type' is clicked on

2018-11-29 12:49:36 - [MESSAGE][PASSED] - Object: 'Object Repository/Final Object Repo/Page_Form 3 EIS - Cessation as Employer/Document Type' is clicked on

2018-11-29 12:49:36 - [TEST_STEP][PASSED] - click: Object: 'Object Repository/Final Object Repo/Page_Form 3 EIS - Cessation as Employer/Document Type - Form 3' is clicked on

2018-11-29 12:49:37 - [MESSAGE][PASSED] - Object: 'Object Repository/Final Object Repo/Page_Form 3 EIS - Cessation as Employer/Document Type - Form 3' is clicked on

2018-11-29 12:49:37 - [TEST_STEP][PASSED] - delay: Delayed 2 second(s)

2018-11-29 12:49:39 - [MESSAGE][PASSED] - Delayed 2 second(s)

2018-11-29 12:49:39 - [TEST_STEP][PASSED] - sendKeys: Keys 'C:\Users\Public\Pictures\Sample Pictures\Koala.jpg' sent to object: 'Object Repository/Final Object Repo/Page_Form 3 EIS - Cessation as Employer/ploading File'

2018-11-29 12:49:39 - [MESSAGE][PASSED] - Keys 'C:\Users\Public\Pictures\Sample Pictures\Koala.jpg' sent to object: 'Object Repository/Final Object Repo/Page_Form 3 EIS - Cessation as Employer/ploading File'

2018-11-29 12:49:39 - [TEST_STEP][PASSED] - delay: Delayed 1 second(s)

2018-11-29 12:49:40 - [MESSAGE][PASSED] - Delayed 1 second(s)

2018-11-29 12:49:40 - [TEST_STEP][PASSED] - click: Object: 'Object Repository/Final Object Repo/Page_Form 3 EIS - Cessation as Employer/Add Document in Uploading Page' is clicked on

2018-11-29 12:49:40 - [MESSAGE][PASSED] - Object: 'Object Repository/Final Object Repo/Page_Form 3 EIS - Cessation as Employer/Add Document in Uploading Page' is clicked on

2018-11-29 12:49:40 - [TEST_STEP][PASSED] - delay: Delayed 2 second(s)

2018-11-29 12:49:42 - [MESSAGE][PASSED] - Delayed 2 second(s)

2018-11-29 12:49:42 - [TEST_STEP][PASSED] - Statement - CaseReferenceNo = com.kms.katalon.core.webui.keyword.WebUiBuiltInKeywords.getText(com.kms.katalon.core.testobject.ObjectRepository.findTestObject(Final Object Repo/Page_Update Employer Information/Reference Number in Update Employee Information Page)): Text of object 'Object Repository/Final Object Repo/Page_Update Employer Information/Reference Number in Update Employee Information Page' is: 'ERN112018C200002358'

2018-11-29 12:49:44 - [MESSAGE][PASSED] - Text of object 'Object Repository/Final Object Repo/Page_Update Employer Information/Reference Number in Update Employee Information Page' is: 'ERN112018C200002358'

2018-11-29 12:49:44 - [TEST_STEP][PASSED] - callTestCase: Call Test Case 'Test Cases/Final Aug 2018 - PKS Automation/Common/Reference Number Setter' successfully

2018-11-29 12:49:44 - [TEST_CASE][PASSED] - Test Cases/Final Aug 2018 - PKS Automation/Common/Reference Number Setter: Test Cases/Final Aug 2018 - PKS Automation/Common/Reference Number Setter

2018-11-29 12:49:44 - [TEST_STEP][PASSED] - Statement - RefNoOldFile = new java.io.File(C://Users//Admin//Desktop//PKS//Automation Reference Point//KatalonReference.txt): null

2018-11-29 12:49:44 - [TEST_STEP][PASSED] - Statement - RefNoOldFile.delete(): null

2018-11-29 12:49:44 - [TEST_STEP][PASSED] - delay: Delayed 5 second(s)

2018-11-29 12:49:49 - [MESSAGE][PASSED] - Delayed 5 second(s)

2018-11-29 12:49:49 - [TEST_STEP][PASSED] - Statement - RefNo = new java.io.File(C://Users//Admin//Desktop//PKS//Automation Reference Point//KatalonReference.txt): null

2018-11-29 12:49:49 - [TEST_STEP][PASSED] - Statement - f2 = new java.io.FileWriter(RefNo, false): null

2018-11-29 12:49:49 - [TEST_STEP][PASSED] - Statement - f2.write(CaseReferenceNo): null

2018-11-29 12:49:49 - [TEST_STEP][PASSED] - Statement - f2.close(): null

2018-11-29 12:49:49 - [TEST_STEP][PASSED] - Statement - out.println("


" + CaseReferenceNo + "


"): null

2018-11-29 12:49:49 - [MESSAGE][PASSED] - Call Test Case 'Test Cases/Final Aug 2018 - PKS Automation/Common/Reference Number Setter' successfully

2018-11-29 12:49:49 - [TEST_STEP][PASSED] - delay: Delayed 2 second(s)

2018-11-29 12:49:51 - [MESSAGE][PASSED] - Delayed 2 second(s)

2018-11-29 12:49:51 - [TEST_STEP][PASSED] - click: Object: 'Object Repository/Final Object Repo/Page_Form 3 EIS - Cessation as Employer/Save  Continue in Uploading Page' is clicked on

2018-11-29 12:49:51 - [MESSAGE][PASSED] - Object: 'Object Repository/Final Object Repo/Page_Form 3 EIS - Cessation as Employer/Save  Continue in Uploading Page' is clicked on

2018-11-29 12:49:51 - [TEST_STEP][PASSED] - delay: Delayed 2 second(s)

2018-11-29 12:49:53 - [MESSAGE][PASSED] - Delayed 2 second(s)

2018-11-29 12:49:53 - [TEST_STEP][PASSED] - click: Object: 'Object Repository/Final Object Repo/Page_Form 3 EIS - Cessation as Employer/Submit' is clicked on

2018-11-29 12:49:56 - [MESSAGE][PASSED] - Object: 'Object Repository/Final Object Repo/Page_Form 3 EIS - Cessation as Employer/Submit' is clicked on

2018-11-29 12:49:56 - [TEST_STEP][PASSED] - delay: Delayed 2 second(s)

2018-11-29 12:49:58 - [MESSAGE][PASSED] - Delayed 2 second(s)

2018-11-29 12:49:58 - [TEST_STEP][PASSED] - click: Object: 'Object Repository/Final Object Repo/Page_Form 3 EIS - Cessation as Employer/Confirm' is clicked on

2018-11-29 12:49:58 - [MESSAGE][PASSED] - Object: 'Object Repository/Final Object Repo/Page_Form 3 EIS - Cessation as Employer/Confirm' is clicked on

2018-11-29 12:49:58 - [TEST_STEP][PASSED] - delay: Delayed 2 second(s)

2018-11-29 12:50:00 - [MESSAGE][PASSED] - Delayed 2 second(s)

2018-11-29 12:50:00 - [TEST_STEP][PASSED] - click: Object: 'Object Repository/Final Object Repo/Page_Form 3 EIS - Cessation as Employer/Message Your Request will be routed to UO' is clicked on

2018-11-29 12:50:04 - [MESSAGE][PASSED] - Object: 'Object Repository/Final Object Repo/Page_Form 3 EIS - Cessation as Employer/Message Your Request will be routed to UO' is clicked on

2018-11-29 12:50:04 - [TEST_STEP][PASSED] - click: Object: 'Object Repository/Final Object Repo/Page_Form 3 EIS - Cessation as Employer/Letter of acknowledgement' is clicked on

2018-11-29 12:50:05 - [MESSAGE][PASSED] - Object: 'Object Repository/Final Object Repo/Page_Form 3 EIS - Cessation as Employer/Letter of acknowledgement' is clicked on

2018-11-29 12:50:05 - [MESSAGE][PASSED] - Call Test Case 'Test Cases/Final Aug 2018 - PKS Automation/Registration Module/Workflow/Form 3 EIS - Cessation As Employer/Template/Form 3 A - Cessation As Employer (OTC)' successfully

2018-11-29 12:50:05 - [TEST_STEP][PASSED] - callTestCase: Call Test Case 'Test Cases/Final Aug 2018 - PKS Automation/Registration Module/Workflow/Form 3 EIS - Cessation As Employer/Template/Form 3 A - Cessation As Employer (Under enforcement)' successfully

2018-11-29 12:50:05 - [TEST_CASE][PASSED] - Test Cases/Final Aug 2018 - PKS Automation/Registration Module/Workflow/Form 3 EIS - Cessation As Employer/Template/Form 3 A - Cessation As Employer (Under enforcement): Test Cases/Final Aug 2018 - PKS Automation/Registration Module/Workflow/Form 3 EIS - Cessation As Employer/Template/Form 3 A - Cessation As Employer (Under enforcement)

2018-11-29 12:50:05 - [TEST_STEP][NOT_RUN] - callTestCase: NOT_RUN: callTestCase

2018-11-29 12:50:05 - [MESSAGE][NOT_RUN] - NOT_RUN: callTestCase

2018-11-29 12:50:05 - [TEST_STEP][PASSED] - delay: Delayed 1 second(s)

2018-11-29 12:50:06 - [MESSAGE][PASSED] - Delayed 1 second(s)

2018-11-29 12:50:06 - [TEST_STEP][PASSED] - navigateToUrl: Navigate to 'https://assist2-uat.perkeso.gov.my/c/portal/logout' successfully

2018-11-29 12:50:07 - [MESSAGE][PASSED] - Navigate to 'https://assist2-uat.perkeso.gov.my/c/portal/logout' successfully

2018-11-29 12:50:07 - [TEST_STEP][PASSED] - delay: Delayed 1 second(s)

2018-11-29 12:50:08 - [MESSAGE][PASSED] - Delayed 1 second(s)

2018-11-29 12:50:08 - [TEST_STEP][PASSED] - callTestCase: Call Test Case 'Test Cases/Final Aug 2018 - PKS Automation/Common/Reference Number Getter' successfully

2018-11-29 12:50:08 - [TEST_CASE][PASSED] - Test Cases/Final Aug 2018 - PKS Automation/Common/Reference Number Getter: Test Cases/Final Aug 2018 - PKS Automation/Common/Reference Number Getter

2018-11-29 12:50:08 - [TEST_STEP][PASSED] - Statement - Try: null

2018-11-29 12:50:08 - [TEST_STEP][PASSED] - Statement - RefNo = new java.io.File(C://Users//Admin//Desktop//PKS//Automation Reference Point//KatalonReference.txt): null

2018-11-29 12:50:08 - [TEST_STEP][PASSED] - Statement - bufferread = new java.io.BufferedReader(new java.io.FileReader(RefNo)): null

2018-11-29 12:50:08 - [TEST_STEP][PASSED] - Statement - readedVal = bufferread.readLine(): null

2018-11-29 12:50:08 - [TEST_STEP][PASSED] - Statement - out.println(CaseReferenceNo): null

2018-11-29 12:50:08 - [TEST_STEP][PASSED] - Statement - out.println(readedVal): null

2018-11-29 12:50:08 - [TEST_STEP][PASSED] - Statement - CaseReferenceNo = "": null

2018-11-29 12:50:08 - [TEST_STEP][PASSED] - Statement - CaseReferenceNo = readedVal: null

2018-11-29 12:50:08 - [MESSAGE][PASSED] - Call Test Case 'Test Cases/Final Aug 2018 - PKS Automation/Common/Reference Number Getter' successfully

2018-11-29 12:50:08 - [TEST_STEP][PASSED] - callTestCase: Call Test Case 'Test Cases/Final Aug 2018 - PKS Automation/Common/Workflow Owner Finder' successfully

2018-11-29 12:50:08 - [TEST_CASE][PASSED] - Test Cases/Final Aug 2018 - PKS Automation/Common/Workflow Owner Finder: Test Cases/Final Aug 2018 - PKS Automation/Common/Workflow Owner Finder

2018-11-29 12:50:08 - [TEST_STEP][PASSED] - openBrowser: Browser is opened with url: ''

2018-11-29 12:50:08 - [MESSAGE][WARNING] - A browser is already opened. Closing browser and opening a new one

2018-11-29 12:50:11 - [MESSAGE][PASSED] - Browser is opened with url: ''

2018-11-29 12:50:11 - [TEST_STEP][PASSED] - navigateToUrl: Navigate to 'https://assist2-uat.perkeso.gov.my/login' successfully

2018-11-29 12:50:12 - [MESSAGE][PASSED] - Navigate to 'https://assist2-uat.perkeso.gov.my/login' successfully

2018-11-29 12:50:12 - [TEST_STEP][PASSED] - delay: Delayed 5 second(s)

2018-11-29 12:50:17 - [MESSAGE][PASSED] - Delayed 5 second(s)

2018-11-29 12:50:17 - [TEST_STEP][PASSED] - setText: Text 'test@liferay.com' is set on object 'Object Repository/Final Object Repo/Login Page/Internal User/Email Address'

2018-11-29 12:50:18 - [MESSAGE][PASSED] - Text 'test@liferay.com' is set on object 'Object Repository/Final Object Repo/Login Page/Internal User/Email Address'

2018-11-29 12:50:18 - [TEST_STEP][PASSED] - click: Object: 'Object Repository/Final Object Repo/Login Page/Internal User/Next Button' is clicked on

2018-11-29 12:50:18 - [MESSAGE][PASSED] - Object: 'Object Repository/Final Object Repo/Login Page/Internal User/Next Button' is clicked on

2018-11-29 12:50:18 - [TEST_STEP][PASSED] - delay: Delayed 2 second(s)

2018-11-29 12:50:20 - [MESSAGE][PASSED] - Delayed 2 second(s)

2018-11-29 12:50:20 - [TEST_STEP][PASSED] - setText: Text 'test' is set on object 'Object Repository/Final Object Repo/Login Page/Internal User/Password'

2018-11-29 12:50:20 - [MESSAGE][PASSED] - Text 'test' is set on object 'Object Repository/Final Object Repo/Login Page/Internal User/Password'

2018-11-29 12:50:20 - [TEST_STEP][PASSED] - delay: Delayed 2 second(s)

2018-11-29 12:50:22 - [MESSAGE][PASSED] - Delayed 2 second(s)

2018-11-29 12:50:22 - [TEST_STEP][PASSED] - click: Object: 'Object Repository/Final Object Repo/Login Page/Internal User/Login Button' is clicked on

2018-11-29 12:50:22 - [MESSAGE][PASSED] - Object: 'Object Repository/Final Object Repo/Login Page/Internal User/Login Button' is clicked on

2018-11-29 12:50:22 - [TEST_STEP][PASSED] - Statement - Try: null

2018-11-29 12:50:22 - [TEST_STEP][PASSED] - Statement - Checker = com.kms.katalon.core.webui.keyword.WebUiBuiltInKeywords.verifyElementNotPresent("Final Object Repo/Landing Page/Select to English", 3): null

2018-11-29 12:50:22 - [TEST_STEP][PASSED] - Statement - Catch (Exception e): null

2018-11-29 12:50:22 - [TEST_STEP][PASSED] - Statement - e.printStackTrace(): null

2018-11-29 12:50:22 - [TEST_STEP][PASSED] - delay: Delayed 5 second(s)

2018-11-29 12:50:27 - [MESSAGE][PASSED] - Delayed 5 second(s)

2018-11-29 12:50:27 - [TEST_STEP][PASSED] - mouseOver: Object: 'Object Repository/Final Object Repo/Landing Page/WorkFlow Menu' is hovered

2018-11-29 12:50:27 - [MESSAGE][PASSED] - Object: 'Object Repository/Final Object Repo/Landing Page/WorkFlow Menu' is hovered

2018-11-29 12:50:27 - [TEST_STEP][PASSED] - delay: Delayed 2 second(s)

2018-11-29 12:50:29 - [MESSAGE][PASSED] - Delayed 2 second(s)

2018-11-29 12:50:29 - [TEST_STEP][PASSED] - click: Object: 'Object Repository/Final Object Repo/Landing Page/Select to Workflow Listing' is clicked on

2018-11-29 12:50:30 - [MESSAGE][PASSED] - Object: 'Object Repository/Final Object Repo/Landing Page/Select to Workflow Listing' is clicked on

2018-11-29 12:50:30 - [TEST_STEP][PASSED] - delay: Delayed 2 second(s)

2018-11-29 12:50:32 - [MESSAGE][PASSED] - Delayed 2 second(s)

2018-11-29 12:50:32 - [TEST_STEP][PASSED] - click: Object: 'Object Repository/Final Object Repo/WorkFlow Listing Page/Search Information - To Put Ref No' is clicked on

2018-11-29 12:50:33 - [MESSAGE][PASSED] - Object: 'Object Repository/Final Object Repo/WorkFlow Listing Page/Search Information - To Put Ref No' is clicked on

2018-11-29 12:50:33 - [TEST_STEP][PASSED] - delay: Delayed 2 second(s)

2018-11-29 12:50:35 - [MESSAGE][PASSED] - Delayed 2 second(s)

2018-11-29 12:50:35 - [TEST_STEP][PASSED] - callTestCase: Call Test Case 'Test Cases/Final Aug 2018 - PKS Automation/Common/Reference Number Getter' successfully

2018-11-29 12:50:35 - [TEST_CASE][PASSED] - Test Cases/Final Aug 2018 - PKS Automation/Common/Reference Number Getter: Test Cases/Final Aug 2018 - PKS Automation/Common/Reference Number Getter

2018-11-29 12:50:35 - [TEST_STEP][PASSED] - Statement - Try: null

2018-11-29 12:50:35 - [TEST_STEP][PASSED] - Statement - RefNo = new java.io.File(C://Users//Admin//Desktop//PKS//Automation Reference Point//KatalonReference.txt): null

2018-11-29 12:50:35 - [TEST_STEP][PASSED] - Statement - bufferread = new java.io.BufferedReader(new java.io.FileReader(RefNo)): null

2018-11-29 12:50:35 - [TEST_STEP][PASSED] - Statement - readedVal = bufferread.readLine(): null

2018-11-29 12:50:35 - [TEST_STEP][PASSED] - Statement - out.println(CaseReferenceNo): null

2018-11-29 12:50:35 - [TEST_STEP][PASSED] - Statement - out.println(readedVal): null

2018-11-29 12:50:35 - [TEST_STEP][PASSED] - Statement - CaseReferenceNo = "": null

2018-11-29 12:50:35 - [TEST_STEP][PASSED] - Statement - CaseReferenceNo = readedVal: null

2018-11-29 12:50:35 - [MESSAGE][PASSED] - Call Test Case 'Test Cases/Final Aug 2018 - PKS Automation/Common/Reference Number Getter' successfully

2018-11-29 12:50:35 - [TEST_STEP][PASSED] - setText: Text 'ERN112018C200002358' is set on object 'Object Repository/Final Object Repo/WorkFlow Listing Page/Ref No Set Text'

2018-11-29 12:50:35 - [MESSAGE][PASSED] - Text 'ERN112018C200002358' is set on object 'Object Repository/Final Object Repo/WorkFlow Listing Page/Ref No Set Text'

2018-11-29 12:50:35 - [TEST_STEP][PASSED] - delay: Delayed 2 second(s)

2018-11-29 12:50:37 - [MESSAGE][PASSED] - Delayed 2 second(s)

2018-11-29 12:50:37 - [TEST_STEP][PASSED] - click: Object: 'Object Repository/Final Object Repo/WorkFlow Listing Page/Search Ref No Search Button' is clicked on

2018-11-29 12:50:37 - [MESSAGE][PASSED] - Object: 'Object Repository/Final Object Repo/WorkFlow Listing Page/Search Ref No Search Button' is clicked on

2018-11-29 12:50:37 - [TEST_STEP][PASSED] - delay: Delayed 4 second(s)

2018-11-29 12:50:41 - [MESSAGE][PASSED] - Delayed 4 second(s)

2018-11-29 12:50:41 - [TEST_STEP][PASSED] - click: Object: 'Object Repository/Final Object Repo/WorkFlow Listing Page/Click Continue Tooltip' is clicked on

2018-11-29 12:50:43 - [MESSAGE][PASSED] - Object: 'Object Repository/Final Object Repo/WorkFlow Listing Page/Click Continue Tooltip' is clicked on

2018-11-29 12:50:43 - [TEST_STEP][PASSED] - delay: Delayed 5 second(s)

2018-11-29 12:50:48 - [MESSAGE][PASSED] - Delayed 5 second(s)

2018-11-29 12:50:48 - [TEST_STEP][PASSED] - doubleClick: Object: 'Object Repository/Final Object Repo/WorkFlow Listing Page/Workflow Found - Listing 1' is double clicked on

2018-11-29 12:50:48 - [MESSAGE][PASSED] - Object: 'Object Repository/Final Object Repo/WorkFlow Listing Page/Workflow Found - Listing 1' is double clicked on

2018-11-29 12:50:48 - [TEST_STEP][PASSED] - Statement - println(OwnerID): null

2018-11-29 12:50:48 - [TEST_STEP][PASSED] - Statement - OwnerID = com.kms.katalon.core.webui.keyword.WebUiBuiltInKeywords.getText(com.kms.katalon.core.testobject.ObjectRepository.findTestObject(Final Object Repo/WorkFlow Listing Page/Workflow Found - Listing 1), STOP_ON_FAILURE): Text of object 'Object Repository/Final Object Repo/WorkFlow Listing Page/Workflow Found - Listing 1' is: 'JOHORuo2'

2018-11-29 12:50:48 - [MESSAGE][PASSED] - Text of object 'Object Repository/Final Object Repo/WorkFlow Listing Page/Workflow Found - Listing 1' is: 'JOHORuo2'

2018-11-29 12:50:48 - [TEST_STEP][PASSED] - Statement - OwnerID = OwnerID.toLowerCase() + "@gmail.com": null

2018-11-29 12:50:48 - [TEST_STEP][PASSED] - Statement - println(OwnerID): null

2018-11-29 12:50:48 - [TEST_STEP][PASSED] - delay: Delayed 2 second(s)

2018-11-29 12:50:50 - [MESSAGE][PASSED] - Delayed 2 second(s)

2018-11-29 12:50:50 - [MESSAGE][PASSED] - Call Test Case 'Test Cases/Final Aug 2018 - PKS Automation/Common/Workflow Owner Finder' successfully

2018-11-29 12:50:50 - [TEST_STEP][PASSED] - delay: Delayed 1 second(s)

2018-11-29 12:50:51 - [MESSAGE][PASSED] - Delayed 1 second(s)

2018-11-29 12:50:51 - [TEST_STEP][PASSED] - navigateToUrl: Navigate to 'https://assist2-uat.perkeso.gov.my/c/portal/logout' successfully

2018-11-29 12:50:52 - [MESSAGE][PASSED] - Navigate to 'https://assist2-uat.perkeso.gov.my/c/portal/logout' successfully

2018-11-29 12:50:52 - [TEST_STEP][PASSED] - delay: Delayed 1 second(s)

2018-11-29 12:50:53 - [MESSAGE][PASSED] - Delayed 1 second(s)

2018-11-29 12:50:53 - [TEST_STEP][PASSED] - callTestCase: Call Test Case 'Test Cases/Final Aug 2018 - PKS Automation/Registration Module/Workflow/Login and Search Case For Workflow' successfully

2018-11-29 12:50:53 - [TEST_CASE][PASSED] - Test Cases/Final Aug 2018 - PKS Automation/Registration Module/Workflow/Login and Search Case For Workflow: Test Cases/Final Aug 2018 - PKS Automation/Registration Module/Workflow/Login and Search Case For Workflow

2018-11-29 12:50:53 - [TEST_STEP][PASSED] - navigateToUrl: Navigate to 'https://assist2-uat.perkeso.gov.my/login' successfully

2018-11-29 12:50:53 - [MESSAGE][PASSED] - Navigate to 'https://assist2-uat.perkeso.gov.my/login' successfully

2018-11-29 12:50:53 - [TEST_STEP][PASSED] - setText: Text 'johoruo2@gmail.com' is set on object 'Object Repository/Final Object Repo/Login Page/Internal User/Email Address'

2018-11-29 12:50:54 - [MESSAGE][PASSED] - Text 'johoruo2@gmail.com' is set on object 'Object Repository/Final Object Repo/Login Page/Internal User/Email Address'

2018-11-29 12:50:54 - [TEST_STEP][PASSED] - click: Object: 'Object Repository/Final Object Repo/Login Page/Internal User/Next Button' is clicked on

2018-11-29 12:50:54 - [MESSAGE][PASSED] - Object: 'Object Repository/Final Object Repo/Login Page/Internal User/Next Button' is clicked on

2018-11-29 12:50:54 - [TEST_STEP][PASSED] - delay: Delayed 1 second(s)

2018-11-29 12:50:55 - [MESSAGE][PASSED] - Delayed 1 second(s)

2018-11-29 12:50:55 - [TEST_STEP][PASSED] - setEncryptedText: Text ****** has been set on object 'Object Repository/Final Object Repo/Login Page/Internal User/Password'

2018-11-29 12:50:55 - [MESSAGE][PASSED] - Text ****** has been set on object 'Object Repository/Final Object Repo/Login Page/Internal User/Password'

2018-11-29 12:50:55 - [TEST_STEP][PASSED] - click: Object: 'Object Repository/Final Object Repo/Login Page/Internal User/Login Button' is clicked on

2018-11-29 12:50:55 - [MESSAGE][PASSED] - Object: 'Object Repository/Final Object Repo/Login Page/Internal User/Login Button' is clicked on

2018-11-29 12:50:55 - [TEST_STEP][PASSED] - delay: Delayed 2 second(s)

2018-11-29 12:50:57 - [MESSAGE][PASSED] - Delayed 2 second(s)

2018-11-29 12:50:57 - [TEST_STEP][PASSED] - Statement - Try: Delayed 2 second(s)

2018-11-29 12:50:57 - [TEST_STEP][PASSED] - Statement - Checker = false: null

2018-11-29 12:50:57 - [TEST_STEP][PASSED] - Statement - Checker = com.kms.katalon.core.webui.keyword.WebUiBuiltInKeywords.verifyElementHasAttribute(com.kms.katalon.core.testobject.ObjectRepository.findTestObject(Final Object Repo/Landing Page/BM Detecting), "href", 20, OPTIONAL): Object 'Object Repository/Final Object Repo/Landing Page/BM Detecting' has attribute 'href'

2018-11-29 12:50:58 - [MESSAGE][PASSED] - Object 'Object Repository/Final Object Repo/Landing Page/BM Detecting' has attribute 'href'

2018-11-29 12:50:58 - [TEST_STEP][PASSED] - Statement - out.println(Checker): null

2018-11-29 12:50:58 - [TEST_STEP][PASSED] - Statement - If (Checker == false): null

2018-11-29 12:50:58 - [TEST_STEP][PASSED] - Statement - Else: null

2018-11-29 12:50:58 - [TEST_STEP][PASSED] - delay: Delayed 2 second(s)

2018-11-29 12:51:00 - [MESSAGE][PASSED] - Delayed 2 second(s)

2018-11-29 12:51:00 - [TEST_STEP][PASSED] - click: Object: 'Object Repository/Final Object Repo/Page_MyASSIST - ASSIST - Search Pending Case For Add Supporting Document/Search Information' is clicked on

2018-11-29 12:51:00 - [MESSAGE][PASSED] - Object: 'Object Repository/Final Object Repo/Page_MyASSIST - ASSIST - Search Pending Case For Add Supporting Document/Search Information' is clicked on

2018-11-29 12:51:00 - [TEST_STEP][PASSED] - delay: Delayed 3 second(s)

2018-11-29 12:51:03 - [MESSAGE][PASSED] - Delayed 3 second(s)

2018-11-29 12:51:03 - [TEST_STEP][PASSED] - sendKeys: Keys 'ERN112018C200002358' sent to object: 'Object Repository/Final Object Repo/Page_MyASSIST - ASSIST - Search Pending Case For Add Supporting Document/Reference No'

2018-11-29 12:51:03 - [MESSAGE][PASSED] - Keys 'ERN112018C200002358' sent to object: 'Object Repository/Final Object Repo/Page_MyASSIST - ASSIST - Search Pending Case For Add Supporting Document/Reference No'

2018-11-29 12:51:03 - [TEST_STEP][PASSED] - click: Object: 'Object Repository/Final Object Repo/Page_MyASSIST - ASSIST - Search Pending Case For Add Supporting Document/Search Reference No' is clicked on

2018-11-29 12:51:03 - [MESSAGE][PASSED] - Object: 'Object Repository/Final Object Repo/Page_MyASSIST - ASSIST - Search Pending Case For Add Supporting Document/Search Reference No' is clicked on

2018-11-29 12:51:03 - [TEST_STEP][PASSED] - delay: Delayed 2 second(s)

2018-11-29 12:51:05 - [MESSAGE][PASSED] - Delayed 2 second(s)

2018-11-29 12:51:05 - [TEST_STEP][PASSED] - click: Object: 'Object Repository/Final Object Repo/Page_MyASSIST - ASSIST - Search Pending Case For Add Supporting Document/Continue' is clicked on

2018-11-29 12:51:09 - [MESSAGE][PASSED] - Object: 'Object Repository/Final Object Repo/Page_MyASSIST - ASSIST - Search Pending Case For Add Supporting Document/Continue' is clicked on

2018-11-29 12:51:09 - [TEST_STEP][PASSED] - delay: Delayed 20 second(s)

2018-11-29 12:51:29 - [MESSAGE][PASSED] - Delayed 20 second(s)

2018-11-29 12:51:29 - [MESSAGE][PASSED] - Call Test Case 'Test Cases/Final Aug 2018 - PKS Automation/Registration Module/Workflow/Login and Search Case For Workflow' successfully

2018-11-29 12:51:29 - [TEST_STEP][PASSED] - click: Object: 'Object Repository/Final Object Repo/Page_Form 3 EIS - Cessation as Employer/Page_Form 3 EIS - Cessation as Employer (Approve)/Save  Continue in Form 3 Page' is clicked on

2018-11-29 12:51:29 - [MESSAGE][PASSED] - Object: 'Object Repository/Final Object Repo/Page_Form 3 EIS - Cessation as Employer/Page_Form 3 EIS - Cessation as Employer (Approve)/Save  Continue in Form 3 Page' is clicked on

2018-11-29 12:51:29 - [TEST_STEP][PASSED] - delay: Delayed 2 second(s)

2018-11-29 12:51:31 - [MESSAGE][PASSED] - Delayed 2 second(s)

2018-11-29 12:51:31 - [TEST_STEP][PASSED] - click: Object: 'Object Repository/Final Object Repo/Page_Form 3 EIS - Cessation as Employer/Page_Form 3 EIS - Cessation as Employer (Approve)/Save  Continue in Resigned Page' is clicked on

2018-11-29 12:51:31 - [MESSAGE][PASSED] - Object: 'Object Repository/Final Object Repo/Page_Form 3 EIS - Cessation as Employer/Page_Form 3 EIS - Cessation as Employer (Approve)/Save  Continue in Resigned Page' is clicked on

2018-11-29 12:51:31 - [TEST_STEP][PASSED] - delay: Delayed 2 second(s)

2018-11-29 12:51:33 - [MESSAGE][PASSED] - Delayed 2 second(s)

2018-11-29 12:51:33 - [TEST_STEP][PASSED] - click: Object: 'Object Repository/Final Object Repo/Page_Form 3 EIS - Cessation as Employer/Page_Form 3 EIS - Cessation as Employer (Approve)/Save  Continue in Uploading Page' is clicked on

2018-11-29 12:51:35 - [MESSAGE][PASSED] - Object: 'Object Repository/Final Object Repo/Page_Form 3 EIS - Cessation as Employer/Page_Form 3 EIS - Cessation as Employer (Approve)/Save  Continue in Uploading Page' is clicked on

2018-11-29 12:51:35 - [TEST_STEP][PASSED] - delay: Delayed 2 second(s)

2018-11-29 12:51:37 - [MESSAGE][PASSED] - Delayed 2 second(s)

2018-11-29 12:51:37 - [TEST_STEP][PASSED] - click: Object: 'Object Repository/Final Object Repo/Page_Form 3 EIS - Cessation as Employer/Page_Form 3 EIS - Cessation as Employer (Under enforcement)/Underenforcement' is clicked on

2018-11-29 12:51:40 - [MESSAGE][PASSED] - Object: 'Object Repository/Final Object Repo/Page_Form 3 EIS - Cessation as Employer/Page_Form 3 EIS - Cessation as Employer (Under enforcement)/Underenforcement' is clicked on

2018-11-29 12:51:40 - [TEST_STEP][PASSED] - delay: Delayed 2 second(s)

2018-11-29 12:51:42 - [MESSAGE][PASSED] - Delayed 2 second(s)

2018-11-29 12:51:42 - [TEST_STEP][PASSED] - setText: Text 'Remark' is set on object 'Object Repository/Final Object Repo/Page_Form 3 EIS - Cessation as Employer/Page_Form 3 EIS - Cessation as Employer (Under enforcement)/Under enforcement - Remark'

2018-11-29 12:51:42 - [MESSAGE][PASSED] - Text 'Remark' is set on object 'Object Repository/Final Object Repo/Page_Form 3 EIS - Cessation as Employer/Page_Form 3 EIS - Cessation as Employer (Under enforcement)/Under enforcement - Remark'

2018-11-29 12:51:42 - [TEST_STEP][PASSED] - delay: Delayed 2 second(s)

2018-11-29 12:51:44 - [MESSAGE][PASSED] - Delayed 2 second(s)

2018-11-29 12:51:44 - [TEST_STEP][PASSED] - click: Object: 'Object Repository/Final Object Repo/Page_Form 3 EIS - Cessation as Employer/Page_Form 3 EIS - Cessation as Employer (Under enforcement)/Save  Continue in Under enforcement' is clicked on

2018-11-29 12:51:44 - [MESSAGE][PASSED] - Object: 'Object Repository/Final Object Repo/Page_Form 3 EIS - Cessation as Employer/Page_Form 3 EIS - Cessation as Employer (Under enforcement)/Save  Continue in Under enforcement' is clicked on

2018-11-29 12:51:44 - [TEST_STEP][PASSED] - doubleClick: Object: 'Object Repository/Final Object Repo/Page_Form 3 EIS - Cessation as Employer/Page_Form 3 EIS - Cessation as Employer (Under enforcement)/Message The case is under enforcement' is double clicked on

2018-11-29 12:51:49 - [MESSAGE][PASSED] - Object: 'Object Repository/Final Object Repo/Page_Form 3 EIS - Cessation as Employer/Page_Form 3 EIS - Cessation as Employer (Under enforcement)/Message The case is under enforcement' is double clicked on

2018-11-29 12:51:49 - [MESSAGE][PASSED] - Call Test Case 'Test Cases/Final Aug 2018 - PKS Automation/Registration Module/Workflow/Form 3 EIS - Cessation As Employer/Template/Form 3 A - Cessation As Employer (Under enforcement)' successfully]]></system-out>
         <system-err><![CDATA[]]></system-err>
      </testcase>
      <testcase name="Test Cases/Final Aug 2018 - PKS Automation/Registration Module/Workflow/Form 3 EIS - Cessation As Employer/PKRBO to UO (Approve)" classname="Test Cases/Final Aug 2018 - PKS Automation/Registration Module/Workflow/Form 3 EIS - Cessation As Employer/PKRBO to UO (Approve)" status="PASSED">
         <system-out><![CDATA[2018-11-29 12:51:49 - [TEST_CASE][PASSED] - Test Cases/Final Aug 2018 - PKS Automation/Registration Module/Workflow/Form 3 EIS - Cessation As Employer/PKRBO to UO (Approve): Test Cases/Final Aug 2018 - PKS Automation/Registration Module/Workflow/Form 3 EIS - Cessation As Employer/PKRBO to UO (Approve)

2018-11-29 12:51:49 - [TEST_STEP][PASSED] - callTestCase: Call Test Case 'Test Cases/Final Aug 2018 - PKS Automation/Registration Module/Workflow/Form 3 EIS - Cessation As Employer/Template/Form 3 A - Cessation As Employer (PKRBO)' successfully

2018-11-29 12:51:49 - [TEST_CASE][PASSED] - Test Cases/Final Aug 2018 - PKS Automation/Registration Module/Workflow/Form 3 EIS - Cessation As Employer/Template/Form 3 A - Cessation As Employer (PKRBO): Test Cases/Final Aug 2018 - PKS Automation/Registration Module/Workflow/Form 3 EIS - Cessation As Employer/Template/Form 3 A - Cessation As Employer (PKRBO)

2018-11-29 12:51:49 - [TEST_STEP][PASSED] - openBrowser: Browser is opened with url: ''

2018-11-29 12:51:49 - [MESSAGE][WARNING] - A browser is already opened. Closing browser and opening a new one

2018-11-29 12:51:52 - [MESSAGE][PASSED] - Browser is opened with url: ''

2018-11-29 12:51:52 - [TEST_STEP][PASSED] - navigateToUrl: Navigate to 'https://assist2-uat.perkeso.gov.my/login' successfully

2018-11-29 12:51:53 - [MESSAGE][PASSED] - Navigate to 'https://assist2-uat.perkeso.gov.my/login' successfully

2018-11-29 12:51:53 - [TEST_STEP][PASSED] - setText: Text 'johorpkrbo1@gmail.com' is set on object 'Object Repository/Final Object Repo/Login Page/Internal User/Email Address'

2018-11-29 12:51:54 - [MESSAGE][PASSED] - Text 'johorpkrbo1@gmail.com' is set on object 'Object Repository/Final Object Repo/Login Page/Internal User/Email Address'

2018-11-29 12:51:54 - [TEST_STEP][PASSED] - click: Object: 'Object Repository/Final Object Repo/Login Page/Internal User/Next Button' is clicked on

2018-11-29 12:51:54 - [MESSAGE][PASSED] - Object: 'Object Repository/Final Object Repo/Login Page/Internal User/Next Button' is clicked on

2018-11-29 12:51:54 - [TEST_STEP][PASSED] - delay: Delayed 1 second(s)

2018-11-29 12:51:55 - [MESSAGE][PASSED] - Delayed 1 second(s)

2018-11-29 12:51:55 - [TEST_STEP][PASSED] - setEncryptedText: Text ****** has been set on object 'Object Repository/Final Object Repo/Login Page/Internal User/Password'

2018-11-29 12:51:55 - [MESSAGE][PASSED] - Text ****** has been set on object 'Object Repository/Final Object Repo/Login Page/Internal User/Password'

2018-11-29 12:51:55 - [TEST_STEP][PASSED] - click: Object: 'Object Repository/Final Object Repo/Login Page/Internal User/Login Button' is clicked on

2018-11-29 12:51:55 - [MESSAGE][PASSED] - Object: 'Object Repository/Final Object Repo/Login Page/Internal User/Login Button' is clicked on

2018-11-29 12:51:55 - [TEST_STEP][PASSED] - delay: Delayed 1 second(s)

2018-11-29 12:51:56 - [MESSAGE][PASSED] - Delayed 1 second(s)

2018-11-29 12:51:56 - [TEST_STEP][PASSED] - Statement - Try: Delayed 2 second(s)

2018-11-29 12:51:56 - [TEST_STEP][PASSED] - Statement - Checker = false: null

2018-11-29 12:51:56 - [TEST_STEP][PASSED] - Statement - Checker = com.kms.katalon.core.webui.keyword.WebUiBuiltInKeywords.verifyElementHasAttribute(com.kms.katalon.core.testobject.ObjectRepository.findTestObject(Final Object Repo/Landing Page/BM Detecting), "href", 20, OPTIONAL): Object 'Object Repository/Final Object Repo/Landing Page/BM Detecting' has attribute 'href'

2018-11-29 12:51:57 - [MESSAGE][PASSED] - Object 'Object Repository/Final Object Repo/Landing Page/BM Detecting' has attribute 'href'

2018-11-29 12:51:57 - [TEST_STEP][PASSED] - Statement - out.println(Checker): null

2018-11-29 12:51:57 - [TEST_STEP][PASSED] - Statement - If (Checker == false): null

2018-11-29 12:51:57 - [TEST_STEP][PASSED] - Statement - Else: null

2018-11-29 12:51:57 - [TEST_STEP][PASSED] - delay: Delayed 2 second(s)

2018-11-29 12:51:59 - [MESSAGE][PASSED] - Delayed 2 second(s)

2018-11-29 12:51:59 - [TEST_STEP][PASSED] - navigateToUrl: Navigate to 'https://assist2-uat.perkeso.gov.my/web/registration/eis-update/form-3-eis-cessation-as-employer' successfully

2018-11-29 12:52:00 - [MESSAGE][PASSED] - Navigate to 'https://assist2-uat.perkeso.gov.my/web/registration/eis-update/form-3-eis-cessation-as-employer' successfully

2018-11-29 12:52:00 - [TEST_STEP][PASSED] - delay: Delayed 1 second(s)

2018-11-29 12:52:01 - [MESSAGE][PASSED] - Delayed 1 second(s)

2018-11-29 12:52:01 - [TEST_STEP][PASSED] - setText: Text 'E1102069769W' is set on object 'Object Repository/Final Object Repo/Page_Form 3 EIS - Cessation as Employer/Employer Code'

2018-11-29 12:52:01 - [MESSAGE][PASSED] - Text 'E1102069769W' is set on object 'Object Repository/Final Object Repo/Page_Form 3 EIS - Cessation as Employer/Employer Code'

2018-11-29 12:52:01 - [TEST_STEP][PASSED] - click: Object: 'Object Repository/Final Object Repo/Page_Form 3 EIS - Cessation as Employer/Search' is clicked on

2018-11-29 12:52:02 - [MESSAGE][PASSED] - Object: 'Object Repository/Final Object Repo/Page_Form 3 EIS - Cessation as Employer/Search' is clicked on

2018-11-29 12:52:02 - [TEST_STEP][PASSED] - click: Object: 'Object Repository/Final Object Repo/Page_Form 3 EIS - Cessation as Employer/Edit' is clicked on

2018-11-29 12:52:04 - [MESSAGE][PASSED] - Object: 'Object Repository/Final Object Repo/Page_Form 3 EIS - Cessation as Employer/Edit' is clicked on

2018-11-29 12:52:04 - [TEST_STEP][PASSED] - delay: Delayed 1 second(s)

2018-11-29 12:52:05 - [MESSAGE][PASSED] - Delayed 1 second(s)

2018-11-29 12:52:05 - [TEST_STEP][PASSED] - Statement - abc = com.kms.katalon.core.webui.keyword.WebUiBuiltInKeywords.getAttribute(com.kms.katalon.core.testobject.ObjectRepository.findTestObject(Final Object Repo/Page_Form 3 EIS - Cessation as Employer/Employer Status), "value"): Attribute 'value' of object 'Object Repository/Final Object Repo/Page_Form 3 EIS - Cessation as Employer/Employer Status' is: 'Active'

2018-11-29 12:52:05 - [MESSAGE][PASSED] - Attribute 'value' of object 'Object Repository/Final Object Repo/Page_Form 3 EIS - Cessation as Employer/Employer Status' is: 'Active'

2018-11-29 12:52:05 - [TEST_STEP][PASSED] - Statement - out.println(abc): null

2018-11-29 12:52:05 - [TEST_STEP][PASSED] - Statement - If (abc == "Active"): Object: 'Object Repository/Final Object Repo/Page_Form 3 EIS - Cessation as Employer/Dormant EIS' is clicked on

2018-11-29 12:52:05 - [TEST_STEP][PASSED] - click: Object: 'Object Repository/Final Object Repo/Page_Form 3 EIS - Cessation as Employer/Change Employer Status to' is clicked on

2018-11-29 12:52:05 - [MESSAGE][PASSED] - Object: 'Object Repository/Final Object Repo/Page_Form 3 EIS - Cessation as Employer/Change Employer Status to' is clicked on

2018-11-29 12:52:05 - [TEST_STEP][PASSED] - click: Object: 'Object Repository/Final Object Repo/Page_Form 3 EIS - Cessation as Employer/Dormant EIS' is clicked on

2018-11-29 12:52:06 - [MESSAGE][PASSED] - Object: 'Object Repository/Final Object Repo/Page_Form 3 EIS - Cessation as Employer/Dormant EIS' is clicked on

2018-11-29 12:52:06 - [TEST_STEP][PASSED] - click: Object: 'Object Repository/Final Object Repo/Page_Form 3 EIS - Cessation as Employer/Calender' is clicked on

2018-11-29 12:52:06 - [MESSAGE][PASSED] - Object: 'Object Repository/Final Object Repo/Page_Form 3 EIS - Cessation as Employer/Calender' is clicked on

2018-11-29 12:52:06 - [TEST_STEP][PASSED] - delay: Delayed 1 second(s)

2018-11-29 12:52:07 - [MESSAGE][PASSED] - Delayed 1 second(s)

2018-11-29 12:52:07 - [TEST_STEP][PASSED] - click: Object: 'Object Repository/Final Object Repo/Page_Form 3 EIS - Cessation as Employer/Calender - Date' is clicked on

2018-11-29 12:52:07 - [MESSAGE][PASSED] - Object: 'Object Repository/Final Object Repo/Page_Form 3 EIS - Cessation as Employer/Calender - Date' is clicked on

2018-11-29 12:52:07 - [TEST_STEP][PASSED] - click: Object: 'Object Repository/Final Object Repo/Page_Form 3 EIS - Cessation as Employer/Save  Continue in Form 3 EIS Page' is clicked on

2018-11-29 12:52:07 - [MESSAGE][PASSED] - Object: 'Object Repository/Final Object Repo/Page_Form 3 EIS - Cessation as Employer/Save  Continue in Form 3 EIS Page' is clicked on

2018-11-29 12:52:07 - [TEST_STEP][PASSED] - delay: Delayed 1 second(s)

2018-11-29 12:52:08 - [MESSAGE][PASSED] - Delayed 1 second(s)

2018-11-29 12:52:08 - [TEST_STEP][PASSED] - click: Object: 'Object Repository/Final Object Repo/Page_Form 3 EIS - Cessation as Employer/Employment Resign Date' is clicked on

2018-11-29 12:52:09 - [MESSAGE][PASSED] - Object: 'Object Repository/Final Object Repo/Page_Form 3 EIS - Cessation as Employer/Employment Resign Date' is clicked on

2018-11-29 12:52:09 - [TEST_STEP][PASSED] - selectOptionByValue: All options with value '2030' are selected in object 'Object Repository/Final Object Repo/Page_Form 3 EIS - Cessation as Employer/Employment Resign Date - Year' 

2018-11-29 12:52:09 - [MESSAGE][PASSED] - All options with value '2030' are selected in object 'Object Repository/Final Object Repo/Page_Form 3 EIS - Cessation as Employer/Employment Resign Date - Year' 

2018-11-29 12:52:09 - [TEST_STEP][PASSED] - delay: Delayed 2 second(s)

2018-11-29 12:52:11 - [MESSAGE][PASSED] - Delayed 2 second(s)

2018-11-29 12:52:11 - [TEST_STEP][PASSED] - click: Object: 'Object Repository/Final Object Repo/Page_Form 3 EIS - Cessation as Employer/Employment Resign Date - Year - Date' is clicked on

2018-11-29 12:52:11 - [MESSAGE][PASSED] - Object: 'Object Repository/Final Object Repo/Page_Form 3 EIS - Cessation as Employer/Employment Resign Date - Year - Date' is clicked on

2018-11-29 12:52:11 - [TEST_STEP][PASSED] - delay: Delayed 2 second(s)

2018-11-29 12:52:13 - [MESSAGE][PASSED] - Delayed 2 second(s)

2018-11-29 12:52:13 - [TEST_STEP][PASSED] - click: Object: 'Object Repository/Final Object Repo/Page_Form 3 EIS - Cessation as Employer/Save  Continue in Employment Resign Page' is clicked on

2018-11-29 12:52:14 - [MESSAGE][PASSED] - Object: 'Object Repository/Final Object Repo/Page_Form 3 EIS - Cessation as Employer/Save  Continue in Employment Resign Page' is clicked on

2018-11-29 12:52:14 - [TEST_STEP][PASSED] - delay: Delayed 2 second(s)

2018-11-29 12:52:16 - [MESSAGE][PASSED] - Delayed 2 second(s)

2018-11-29 12:52:16 - [TEST_STEP][PASSED] - click: Object: 'Object Repository/Final Object Repo/Page_Form 3 EIS - Cessation as Employer/Set Latest - Yes' is clicked on

2018-11-29 12:52:16 - [MESSAGE][PASSED] - Object: 'Object Repository/Final Object Repo/Page_Form 3 EIS - Cessation as Employer/Set Latest - Yes' is clicked on

2018-11-29 12:52:16 - [TEST_STEP][PASSED] - delay: Delayed 2 second(s)

2018-11-29 12:52:18 - [MESSAGE][PASSED] - Delayed 2 second(s)

2018-11-29 12:52:18 - [TEST_STEP][PASSED] - click: Object: 'Object Repository/Final Object Repo/Page_Form 3 EIS - Cessation as Employer/Add Document' is clicked on

2018-11-29 12:52:19 - [MESSAGE][PASSED] - Object: 'Object Repository/Final Object Repo/Page_Form 3 EIS - Cessation as Employer/Add Document' is clicked on

2018-11-29 12:52:19 - [TEST_STEP][PASSED] - delay: Delayed 3 second(s)

2018-11-29 12:52:22 - [MESSAGE][PASSED] - Delayed 3 second(s)

2018-11-29 12:52:22 - [TEST_STEP][PASSED] - click: Object: 'Object Repository/Final Object Repo/Page_Form 3 EIS - Cessation as Employer/Document Type' is clicked on

2018-11-29 12:52:22 - [MESSAGE][PASSED] - Object: 'Object Repository/Final Object Repo/Page_Form 3 EIS - Cessation as Employer/Document Type' is clicked on

2018-11-29 12:52:22 - [TEST_STEP][PASSED] - click: Object: 'Object Repository/Final Object Repo/Page_Form 3 EIS - Cessation as Employer/Document Type - Form 3' is clicked on

2018-11-29 12:52:23 - [MESSAGE][PASSED] - Object: 'Object Repository/Final Object Repo/Page_Form 3 EIS - Cessation as Employer/Document Type - Form 3' is clicked on

2018-11-29 12:52:23 - [TEST_STEP][PASSED] - delay: Delayed 2 second(s)

2018-11-29 12:52:25 - [MESSAGE][PASSED] - Delayed 2 second(s)

2018-11-29 12:52:25 - [TEST_STEP][PASSED] - sendKeys: Keys 'C:\Users\Public\Pictures\Sample Pictures\Koala.jpg' sent to object: 'Object Repository/Final Object Repo/Page_Form 3 EIS - Cessation as Employer/ploading File'

2018-11-29 12:52:25 - [MESSAGE][PASSED] - Keys 'C:\Users\Public\Pictures\Sample Pictures\Koala.jpg' sent to object: 'Object Repository/Final Object Repo/Page_Form 3 EIS - Cessation as Employer/ploading File'

2018-11-29 12:52:25 - [TEST_STEP][PASSED] - delay: Delayed 1 second(s)

2018-11-29 12:52:26 - [MESSAGE][PASSED] - Delayed 1 second(s)

2018-11-29 12:52:26 - [TEST_STEP][PASSED] - click: Object: 'Object Repository/Final Object Repo/Page_Form 3 EIS - Cessation as Employer/Add Document in Uploading Page' is clicked on

2018-11-29 12:52:26 - [MESSAGE][PASSED] - Object: 'Object Repository/Final Object Repo/Page_Form 3 EIS - Cessation as Employer/Add Document in Uploading Page' is clicked on

2018-11-29 12:52:26 - [TEST_STEP][PASSED] - delay: Delayed 2 second(s)

2018-11-29 12:52:28 - [MESSAGE][PASSED] - Delayed 2 second(s)

2018-11-29 12:52:28 - [TEST_STEP][PASSED] - Statement - CaseReferenceNo = com.kms.katalon.core.webui.keyword.WebUiBuiltInKeywords.getText(com.kms.katalon.core.testobject.ObjectRepository.findTestObject(Final Object Repo/Page_Update Employer Information/Reference Number in Update Employee Information Page)): Text of object 'Object Repository/Final Object Repo/Page_Update Employer Information/Reference Number in Update Employee Information Page' is: 'ERN112018C200002359'

2018-11-29 12:52:30 - [MESSAGE][PASSED] - Text of object 'Object Repository/Final Object Repo/Page_Update Employer Information/Reference Number in Update Employee Information Page' is: 'ERN112018C200002359'

2018-11-29 12:52:30 - [TEST_STEP][PASSED] - callTestCase: Call Test Case 'Test Cases/Final Aug 2018 - PKS Automation/Common/Reference Number Setter' successfully

2018-11-29 12:52:30 - [TEST_CASE][PASSED] - Test Cases/Final Aug 2018 - PKS Automation/Common/Reference Number Setter: Test Cases/Final Aug 2018 - PKS Automation/Common/Reference Number Setter

2018-11-29 12:52:30 - [TEST_STEP][PASSED] - Statement - RefNoOldFile = new java.io.File(C://Users//Admin//Desktop//PKS//Automation Reference Point//KatalonReference.txt): null

2018-11-29 12:52:30 - [TEST_STEP][PASSED] - Statement - RefNoOldFile.delete(): null

2018-11-29 12:52:30 - [TEST_STEP][PASSED] - delay: Delayed 5 second(s)

2018-11-29 12:52:35 - [MESSAGE][PASSED] - Delayed 5 second(s)

2018-11-29 12:52:35 - [TEST_STEP][PASSED] - Statement - RefNo = new java.io.File(C://Users//Admin//Desktop//PKS//Automation Reference Point//KatalonReference.txt): null

2018-11-29 12:52:35 - [TEST_STEP][PASSED] - Statement - f2 = new java.io.FileWriter(RefNo, false): null

2018-11-29 12:52:35 - [TEST_STEP][PASSED] - Statement - f2.write(CaseReferenceNo): null

2018-11-29 12:52:35 - [TEST_STEP][PASSED] - Statement - f2.close(): null

2018-11-29 12:52:35 - [TEST_STEP][PASSED] - Statement - out.println("


" + CaseReferenceNo + "


"): null

2018-11-29 12:52:35 - [MESSAGE][PASSED] - Call Test Case 'Test Cases/Final Aug 2018 - PKS Automation/Common/Reference Number Setter' successfully

2018-11-29 12:52:35 - [TEST_STEP][PASSED] - delay: Delayed 2 second(s)

2018-11-29 12:52:37 - [MESSAGE][PASSED] - Delayed 2 second(s)

2018-11-29 12:52:37 - [TEST_STEP][PASSED] - click: Object: 'Object Repository/Final Object Repo/Page_Form 3 EIS - Cessation as Employer/Save  Continue in Uploading Page' is clicked on

2018-11-29 12:52:37 - [MESSAGE][PASSED] - Object: 'Object Repository/Final Object Repo/Page_Form 3 EIS - Cessation as Employer/Save  Continue in Uploading Page' is clicked on

2018-11-29 12:52:37 - [TEST_STEP][PASSED] - delay: Delayed 2 second(s)

2018-11-29 12:52:39 - [MESSAGE][PASSED] - Delayed 2 second(s)

2018-11-29 12:52:39 - [TEST_STEP][PASSED] - click: Object: 'Object Repository/Final Object Repo/Page_Form 3 EIS - Cessation as Employer/Submit' is clicked on

2018-11-29 12:52:42 - [MESSAGE][PASSED] - Object: 'Object Repository/Final Object Repo/Page_Form 3 EIS - Cessation as Employer/Submit' is clicked on

2018-11-29 12:52:42 - [TEST_STEP][PASSED] - delay: Delayed 2 second(s)

2018-11-29 12:52:44 - [MESSAGE][PASSED] - Delayed 2 second(s)

2018-11-29 12:52:44 - [TEST_STEP][PASSED] - click: Object: 'Object Repository/Final Object Repo/Page_Form 3 EIS - Cessation as Employer/Confirm' is clicked on

2018-11-29 12:52:44 - [MESSAGE][PASSED] - Object: 'Object Repository/Final Object Repo/Page_Form 3 EIS - Cessation as Employer/Confirm' is clicked on

2018-11-29 12:52:44 - [TEST_STEP][PASSED] - delay: Delayed 2 second(s)

2018-11-29 12:52:46 - [MESSAGE][PASSED] - Delayed 2 second(s)

2018-11-29 12:52:46 - [TEST_STEP][PASSED] - click: Object: 'Object Repository/Final Object Repo/Page_Form 3 EIS - Cessation as Employer/Message Your Request will be routed to UO' is clicked on

2018-11-29 12:52:50 - [MESSAGE][PASSED] - Object: 'Object Repository/Final Object Repo/Page_Form 3 EIS - Cessation as Employer/Message Your Request will be routed to UO' is clicked on

2018-11-29 12:52:50 - [TEST_STEP][PASSED] - click: Object: 'Object Repository/Final Object Repo/Page_Form 3 EIS - Cessation as Employer/Letter of acknowledgement' is clicked on

2018-11-29 12:52:50 - [MESSAGE][PASSED] - Object: 'Object Repository/Final Object Repo/Page_Form 3 EIS - Cessation as Employer/Letter of acknowledgement' is clicked on

2018-11-29 12:52:50 - [MESSAGE][PASSED] - Call Test Case 'Test Cases/Final Aug 2018 - PKS Automation/Registration Module/Workflow/Form 3 EIS - Cessation As Employer/Template/Form 3 A - Cessation As Employer (PKRBO)' successfully

2018-11-29 12:52:50 - [TEST_STEP][PASSED] - callTestCase: Call Test Case 'Test Cases/Final Aug 2018 - PKS Automation/Registration Module/Workflow/Form 3 EIS - Cessation As Employer/Template/Form 3 A - Cessation As Employer (Approve)' successfully

2018-11-29 12:52:50 - [TEST_CASE][PASSED] - Test Cases/Final Aug 2018 - PKS Automation/Registration Module/Workflow/Form 3 EIS - Cessation As Employer/Template/Form 3 A - Cessation As Employer (Approve): Test Cases/Final Aug 2018 - PKS Automation/Registration Module/Workflow/Form 3 EIS - Cessation As Employer/Template/Form 3 A - Cessation As Employer (Approve)

2018-11-29 12:52:50 - [TEST_STEP][NOT_RUN] - callTestCase: NOT_RUN: callTestCase

2018-11-29 12:52:50 - [MESSAGE][NOT_RUN] - NOT_RUN: callTestCase

2018-11-29 12:52:50 - [TEST_STEP][PASSED] - delay: Delayed 1 second(s)

2018-11-29 12:52:51 - [MESSAGE][PASSED] - Delayed 1 second(s)

2018-11-29 12:52:51 - [TEST_STEP][PASSED] - navigateToUrl: Navigate to 'https://assist2-uat.perkeso.gov.my/c/portal/logout' successfully

2018-11-29 12:52:52 - [MESSAGE][PASSED] - Navigate to 'https://assist2-uat.perkeso.gov.my/c/portal/logout' successfully

2018-11-29 12:52:52 - [TEST_STEP][PASSED] - delay: Delayed 1 second(s)

2018-11-29 12:52:53 - [MESSAGE][PASSED] - Delayed 1 second(s)

2018-11-29 12:52:53 - [TEST_STEP][PASSED] - callTestCase: Call Test Case 'Test Cases/Final Aug 2018 - PKS Automation/Common/Reference Number Getter' successfully

2018-11-29 12:52:53 - [TEST_CASE][PASSED] - Test Cases/Final Aug 2018 - PKS Automation/Common/Reference Number Getter: Test Cases/Final Aug 2018 - PKS Automation/Common/Reference Number Getter

2018-11-29 12:52:53 - [TEST_STEP][PASSED] - Statement - Try: null

2018-11-29 12:52:53 - [TEST_STEP][PASSED] - Statement - RefNo = new java.io.File(C://Users//Admin//Desktop//PKS//Automation Reference Point//KatalonReference.txt): null

2018-11-29 12:52:53 - [TEST_STEP][PASSED] - Statement - bufferread = new java.io.BufferedReader(new java.io.FileReader(RefNo)): null

2018-11-29 12:52:53 - [TEST_STEP][PASSED] - Statement - readedVal = bufferread.readLine(): null

2018-11-29 12:52:53 - [TEST_STEP][PASSED] - Statement - out.println(CaseReferenceNo): null

2018-11-29 12:52:53 - [TEST_STEP][PASSED] - Statement - out.println(readedVal): null

2018-11-29 12:52:53 - [TEST_STEP][PASSED] - Statement - CaseReferenceNo = "": null

2018-11-29 12:52:53 - [TEST_STEP][PASSED] - Statement - CaseReferenceNo = readedVal: null

2018-11-29 12:52:53 - [MESSAGE][PASSED] - Call Test Case 'Test Cases/Final Aug 2018 - PKS Automation/Common/Reference Number Getter' successfully

2018-11-29 12:52:53 - [TEST_STEP][PASSED] - callTestCase: Call Test Case 'Test Cases/Final Aug 2018 - PKS Automation/Common/Workflow Owner Finder' successfully

2018-11-29 12:52:53 - [TEST_CASE][PASSED] - Test Cases/Final Aug 2018 - PKS Automation/Common/Workflow Owner Finder: Test Cases/Final Aug 2018 - PKS Automation/Common/Workflow Owner Finder

2018-11-29 12:52:54 - [TEST_STEP][PASSED] - openBrowser: Browser is opened with url: ''

2018-11-29 12:52:54 - [MESSAGE][WARNING] - A browser is already opened. Closing browser and opening a new one

2018-11-29 12:52:56 - [MESSAGE][PASSED] - Browser is opened with url: ''

2018-11-29 12:52:56 - [TEST_STEP][PASSED] - navigateToUrl: Navigate to 'https://assist2-uat.perkeso.gov.my/login' successfully

2018-11-29 12:52:58 - [MESSAGE][PASSED] - Navigate to 'https://assist2-uat.perkeso.gov.my/login' successfully

2018-11-29 12:52:58 - [TEST_STEP][PASSED] - delay: Delayed 5 second(s)

2018-11-29 12:53:03 - [MESSAGE][PASSED] - Delayed 5 second(s)

2018-11-29 12:53:03 - [TEST_STEP][PASSED] - setText: Text 'test@liferay.com' is set on object 'Object Repository/Final Object Repo/Login Page/Internal User/Email Address'

2018-11-29 12:53:03 - [MESSAGE][PASSED] - Text 'test@liferay.com' is set on object 'Object Repository/Final Object Repo/Login Page/Internal User/Email Address'

2018-11-29 12:53:03 - [TEST_STEP][PASSED] - click: Object: 'Object Repository/Final Object Repo/Login Page/Internal User/Next Button' is clicked on

2018-11-29 12:53:03 - [MESSAGE][PASSED] - Object: 'Object Repository/Final Object Repo/Login Page/Internal User/Next Button' is clicked on

2018-11-29 12:53:03 - [TEST_STEP][PASSED] - delay: Delayed 2 second(s)

2018-11-29 12:53:05 - [MESSAGE][PASSED] - Delayed 2 second(s)

2018-11-29 12:53:05 - [TEST_STEP][PASSED] - setText: Text 'test' is set on object 'Object Repository/Final Object Repo/Login Page/Internal User/Password'

2018-11-29 12:53:05 - [MESSAGE][PASSED] - Text 'test' is set on object 'Object Repository/Final Object Repo/Login Page/Internal User/Password'

2018-11-29 12:53:05 - [TEST_STEP][PASSED] - delay: Delayed 2 second(s)

2018-11-29 12:53:07 - [MESSAGE][PASSED] - Delayed 2 second(s)

2018-11-29 12:53:07 - [TEST_STEP][PASSED] - click: Object: 'Object Repository/Final Object Repo/Login Page/Internal User/Login Button' is clicked on

2018-11-29 12:53:08 - [MESSAGE][PASSED] - Object: 'Object Repository/Final Object Repo/Login Page/Internal User/Login Button' is clicked on

2018-11-29 12:53:08 - [TEST_STEP][PASSED] - Statement - Try: null

2018-11-29 12:53:08 - [TEST_STEP][PASSED] - Statement - Checker = com.kms.katalon.core.webui.keyword.WebUiBuiltInKeywords.verifyElementNotPresent("Final Object Repo/Landing Page/Select to English", 3): null

2018-11-29 12:53:08 - [TEST_STEP][PASSED] - Statement - Catch (Exception e): null

2018-11-29 12:53:08 - [TEST_STEP][PASSED] - Statement - e.printStackTrace(): null

2018-11-29 12:53:08 - [TEST_STEP][PASSED] - delay: Delayed 5 second(s)

2018-11-29 12:53:13 - [MESSAGE][PASSED] - Delayed 5 second(s)

2018-11-29 12:53:13 - [TEST_STEP][PASSED] - mouseOver: Object: 'Object Repository/Final Object Repo/Landing Page/WorkFlow Menu' is hovered

2018-11-29 12:53:13 - [MESSAGE][PASSED] - Object: 'Object Repository/Final Object Repo/Landing Page/WorkFlow Menu' is hovered

2018-11-29 12:53:13 - [TEST_STEP][PASSED] - delay: Delayed 2 second(s)

2018-11-29 12:53:15 - [MESSAGE][PASSED] - Delayed 2 second(s)

2018-11-29 12:53:15 - [TEST_STEP][PASSED] - click: Object: 'Object Repository/Final Object Repo/Landing Page/Select to Workflow Listing' is clicked on

2018-11-29 12:53:16 - [MESSAGE][PASSED] - Object: 'Object Repository/Final Object Repo/Landing Page/Select to Workflow Listing' is clicked on

2018-11-29 12:53:16 - [TEST_STEP][PASSED] - delay: Delayed 2 second(s)

2018-11-29 12:53:18 - [MESSAGE][PASSED] - Delayed 2 second(s)

2018-11-29 12:53:18 - [TEST_STEP][PASSED] - click: Object: 'Object Repository/Final Object Repo/WorkFlow Listing Page/Search Information - To Put Ref No' is clicked on

2018-11-29 12:53:18 - [MESSAGE][PASSED] - Object: 'Object Repository/Final Object Repo/WorkFlow Listing Page/Search Information - To Put Ref No' is clicked on

2018-11-29 12:53:18 - [TEST_STEP][PASSED] - delay: Delayed 2 second(s)

2018-11-29 12:53:20 - [MESSAGE][PASSED] - Delayed 2 second(s)

2018-11-29 12:53:20 - [TEST_STEP][PASSED] - callTestCase: Call Test Case 'Test Cases/Final Aug 2018 - PKS Automation/Common/Reference Number Getter' successfully

2018-11-29 12:53:20 - [TEST_CASE][PASSED] - Test Cases/Final Aug 2018 - PKS Automation/Common/Reference Number Getter: Test Cases/Final Aug 2018 - PKS Automation/Common/Reference Number Getter

2018-11-29 12:53:20 - [TEST_STEP][PASSED] - Statement - Try: null

2018-11-29 12:53:20 - [TEST_STEP][PASSED] - Statement - RefNo = new java.io.File(C://Users//Admin//Desktop//PKS//Automation Reference Point//KatalonReference.txt): null

2018-11-29 12:53:20 - [TEST_STEP][PASSED] - Statement - bufferread = new java.io.BufferedReader(new java.io.FileReader(RefNo)): null

2018-11-29 12:53:20 - [TEST_STEP][PASSED] - Statement - readedVal = bufferread.readLine(): null

2018-11-29 12:53:20 - [TEST_STEP][PASSED] - Statement - out.println(CaseReferenceNo): null

2018-11-29 12:53:20 - [TEST_STEP][PASSED] - Statement - out.println(readedVal): null

2018-11-29 12:53:20 - [TEST_STEP][PASSED] - Statement - CaseReferenceNo = "": null

2018-11-29 12:53:20 - [TEST_STEP][PASSED] - Statement - CaseReferenceNo = readedVal: null

2018-11-29 12:53:20 - [MESSAGE][PASSED] - Call Test Case 'Test Cases/Final Aug 2018 - PKS Automation/Common/Reference Number Getter' successfully

2018-11-29 12:53:20 - [TEST_STEP][PASSED] - setText: Text 'ERN112018C200002359' is set on object 'Object Repository/Final Object Repo/WorkFlow Listing Page/Ref No Set Text'

2018-11-29 12:53:21 - [MESSAGE][PASSED] - Text 'ERN112018C200002359' is set on object 'Object Repository/Final Object Repo/WorkFlow Listing Page/Ref No Set Text'

2018-11-29 12:53:21 - [TEST_STEP][PASSED] - delay: Delayed 2 second(s)

2018-11-29 12:53:23 - [MESSAGE][PASSED] - Delayed 2 second(s)

2018-11-29 12:53:23 - [TEST_STEP][PASSED] - click: Object: 'Object Repository/Final Object Repo/WorkFlow Listing Page/Search Ref No Search Button' is clicked on

2018-11-29 12:53:23 - [MESSAGE][PASSED] - Object: 'Object Repository/Final Object Repo/WorkFlow Listing Page/Search Ref No Search Button' is clicked on

2018-11-29 12:53:23 - [TEST_STEP][PASSED] - delay: Delayed 4 second(s)

2018-11-29 12:53:27 - [MESSAGE][PASSED] - Delayed 4 second(s)

2018-11-29 12:53:27 - [TEST_STEP][PASSED] - click: Object: 'Object Repository/Final Object Repo/WorkFlow Listing Page/Click Continue Tooltip' is clicked on

2018-11-29 12:53:28 - [MESSAGE][PASSED] - Object: 'Object Repository/Final Object Repo/WorkFlow Listing Page/Click Continue Tooltip' is clicked on

2018-11-29 12:53:28 - [TEST_STEP][PASSED] - delay: Delayed 5 second(s)

2018-11-29 12:53:33 - [MESSAGE][PASSED] - Delayed 5 second(s)

2018-11-29 12:53:33 - [TEST_STEP][PASSED] - doubleClick: Object: 'Object Repository/Final Object Repo/WorkFlow Listing Page/Workflow Found - Listing 1' is double clicked on

2018-11-29 12:53:33 - [MESSAGE][PASSED] - Object: 'Object Repository/Final Object Repo/WorkFlow Listing Page/Workflow Found - Listing 1' is double clicked on

2018-11-29 12:53:33 - [TEST_STEP][PASSED] - Statement - println(OwnerID): null

2018-11-29 12:53:33 - [TEST_STEP][PASSED] - Statement - OwnerID = com.kms.katalon.core.webui.keyword.WebUiBuiltInKeywords.getText(com.kms.katalon.core.testobject.ObjectRepository.findTestObject(Final Object Repo/WorkFlow Listing Page/Workflow Found - Listing 1), STOP_ON_FAILURE): Text of object 'Object Repository/Final Object Repo/WorkFlow Listing Page/Workflow Found - Listing 1' is: 'JOHORuo3'

2018-11-29 12:53:33 - [MESSAGE][PASSED] - Text of object 'Object Repository/Final Object Repo/WorkFlow Listing Page/Workflow Found - Listing 1' is: 'JOHORuo3'

2018-11-29 12:53:33 - [TEST_STEP][PASSED] - Statement - OwnerID = OwnerID.toLowerCase() + "@gmail.com": null

2018-11-29 12:53:33 - [TEST_STEP][PASSED] - Statement - println(OwnerID): null

2018-11-29 12:53:33 - [TEST_STEP][PASSED] - delay: Delayed 2 second(s)

2018-11-29 12:53:35 - [MESSAGE][PASSED] - Delayed 2 second(s)

2018-11-29 12:53:35 - [MESSAGE][PASSED] - Call Test Case 'Test Cases/Final Aug 2018 - PKS Automation/Common/Workflow Owner Finder' successfully

2018-11-29 12:53:35 - [TEST_STEP][PASSED] - delay: Delayed 1 second(s)

2018-11-29 12:53:36 - [MESSAGE][PASSED] - Delayed 1 second(s)

2018-11-29 12:53:36 - [TEST_STEP][PASSED] - navigateToUrl: Navigate to 'https://assist2-uat.perkeso.gov.my/c/portal/logout' successfully

2018-11-29 12:53:37 - [MESSAGE][PASSED] - Navigate to 'https://assist2-uat.perkeso.gov.my/c/portal/logout' successfully

2018-11-29 12:53:37 - [TEST_STEP][PASSED] - delay: Delayed 1 second(s)

2018-11-29 12:53:38 - [MESSAGE][PASSED] - Delayed 1 second(s)

2018-11-29 12:53:38 - [TEST_STEP][PASSED] - callTestCase: Call Test Case 'Test Cases/Final Aug 2018 - PKS Automation/Registration Module/Workflow/Login and Search Case For Workflow' successfully

2018-11-29 12:53:38 - [TEST_CASE][PASSED] - Test Cases/Final Aug 2018 - PKS Automation/Registration Module/Workflow/Login and Search Case For Workflow: Test Cases/Final Aug 2018 - PKS Automation/Registration Module/Workflow/Login and Search Case For Workflow

2018-11-29 12:53:38 - [TEST_STEP][PASSED] - navigateToUrl: Navigate to 'https://assist2-uat.perkeso.gov.my/login' successfully

2018-11-29 12:53:39 - [MESSAGE][PASSED] - Navigate to 'https://assist2-uat.perkeso.gov.my/login' successfully

2018-11-29 12:53:39 - [TEST_STEP][PASSED] - setText: Text 'johoruo3@gmail.com' is set on object 'Object Repository/Final Object Repo/Login Page/Internal User/Email Address'

2018-11-29 12:53:39 - [MESSAGE][PASSED] - Text 'johoruo3@gmail.com' is set on object 'Object Repository/Final Object Repo/Login Page/Internal User/Email Address'

2018-11-29 12:53:39 - [TEST_STEP][PASSED] - click: Object: 'Object Repository/Final Object Repo/Login Page/Internal User/Next Button' is clicked on

2018-11-29 12:53:39 - [MESSAGE][PASSED] - Object: 'Object Repository/Final Object Repo/Login Page/Internal User/Next Button' is clicked on

2018-11-29 12:53:39 - [TEST_STEP][PASSED] - delay: Delayed 1 second(s)

2018-11-29 12:53:40 - [MESSAGE][PASSED] - Delayed 1 second(s)

2018-11-29 12:53:40 - [TEST_STEP][PASSED] - setEncryptedText: Text ****** has been set on object 'Object Repository/Final Object Repo/Login Page/Internal User/Password'

2018-11-29 12:53:40 - [MESSAGE][PASSED] - Text ****** has been set on object 'Object Repository/Final Object Repo/Login Page/Internal User/Password'

2018-11-29 12:53:40 - [TEST_STEP][PASSED] - click: Object: 'Object Repository/Final Object Repo/Login Page/Internal User/Login Button' is clicked on

2018-11-29 12:53:41 - [MESSAGE][PASSED] - Object: 'Object Repository/Final Object Repo/Login Page/Internal User/Login Button' is clicked on

2018-11-29 12:53:41 - [TEST_STEP][PASSED] - delay: Delayed 2 second(s)

2018-11-29 12:53:43 - [MESSAGE][PASSED] - Delayed 2 second(s)

2018-11-29 12:53:43 - [TEST_STEP][PASSED] - Statement - Try: Delayed 2 second(s)

2018-11-29 12:53:43 - [TEST_STEP][PASSED] - Statement - Checker = false: null

2018-11-29 12:53:43 - [TEST_STEP][PASSED] - Statement - Checker = com.kms.katalon.core.webui.keyword.WebUiBuiltInKeywords.verifyElementHasAttribute(com.kms.katalon.core.testobject.ObjectRepository.findTestObject(Final Object Repo/Landing Page/BM Detecting), "href", 20, OPTIONAL): Object 'Object Repository/Final Object Repo/Landing Page/BM Detecting' has attribute 'href'

2018-11-29 12:53:43 - [MESSAGE][PASSED] - Object 'Object Repository/Final Object Repo/Landing Page/BM Detecting' has attribute 'href'

2018-11-29 12:53:43 - [TEST_STEP][PASSED] - Statement - out.println(Checker): null

2018-11-29 12:53:43 - [TEST_STEP][PASSED] - Statement - If (Checker == false): null

2018-11-29 12:53:43 - [TEST_STEP][PASSED] - Statement - Else: null

2018-11-29 12:53:43 - [TEST_STEP][PASSED] - delay: Delayed 2 second(s)

2018-11-29 12:53:45 - [MESSAGE][PASSED] - Delayed 2 second(s)

2018-11-29 12:53:45 - [TEST_STEP][PASSED] - click: Object: 'Object Repository/Final Object Repo/Page_MyASSIST - ASSIST - Search Pending Case For Add Supporting Document/Search Information' is clicked on

2018-11-29 12:53:45 - [MESSAGE][PASSED] - Object: 'Object Repository/Final Object Repo/Page_MyASSIST - ASSIST - Search Pending Case For Add Supporting Document/Search Information' is clicked on

2018-11-29 12:53:45 - [TEST_STEP][PASSED] - delay: Delayed 3 second(s)

2018-11-29 12:53:48 - [MESSAGE][PASSED] - Delayed 3 second(s)

2018-11-29 12:53:48 - [TEST_STEP][PASSED] - sendKeys: Keys 'ERN112018C200002359' sent to object: 'Object Repository/Final Object Repo/Page_MyASSIST - ASSIST - Search Pending Case For Add Supporting Document/Reference No'

2018-11-29 12:53:48 - [MESSAGE][PASSED] - Keys 'ERN112018C200002359' sent to object: 'Object Repository/Final Object Repo/Page_MyASSIST - ASSIST - Search Pending Case For Add Supporting Document/Reference No'

2018-11-29 12:53:48 - [TEST_STEP][PASSED] - click: Object: 'Object Repository/Final Object Repo/Page_MyASSIST - ASSIST - Search Pending Case For Add Supporting Document/Search Reference No' is clicked on

2018-11-29 12:53:48 - [MESSAGE][PASSED] - Object: 'Object Repository/Final Object Repo/Page_MyASSIST - ASSIST - Search Pending Case For Add Supporting Document/Search Reference No' is clicked on

2018-11-29 12:53:48 - [TEST_STEP][PASSED] - delay: Delayed 2 second(s)

2018-11-29 12:53:50 - [MESSAGE][PASSED] - Delayed 2 second(s)

2018-11-29 12:53:50 - [TEST_STEP][PASSED] - click: Object: 'Object Repository/Final Object Repo/Page_MyASSIST - ASSIST - Search Pending Case For Add Supporting Document/Continue' is clicked on

2018-11-29 12:53:54 - [MESSAGE][PASSED] - Object: 'Object Repository/Final Object Repo/Page_MyASSIST - ASSIST - Search Pending Case For Add Supporting Document/Continue' is clicked on

2018-11-29 12:53:54 - [TEST_STEP][PASSED] - delay: Delayed 20 second(s)

2018-11-29 12:54:14 - [MESSAGE][PASSED] - Delayed 20 second(s)

2018-11-29 12:54:14 - [MESSAGE][PASSED] - Call Test Case 'Test Cases/Final Aug 2018 - PKS Automation/Registration Module/Workflow/Login and Search Case For Workflow' successfully

2018-11-29 12:54:14 - [TEST_STEP][PASSED] - click: Object: 'Object Repository/Final Object Repo/Page_Form 3 EIS - Cessation as Employer/Page_Form 3 EIS - Cessation as Employer (Approve)/Save  Continue in Form 3 Page' is clicked on

2018-11-29 12:54:14 - [MESSAGE][PASSED] - Object: 'Object Repository/Final Object Repo/Page_Form 3 EIS - Cessation as Employer/Page_Form 3 EIS - Cessation as Employer (Approve)/Save  Continue in Form 3 Page' is clicked on

2018-11-29 12:54:14 - [TEST_STEP][PASSED] - delay: Delayed 2 second(s)

2018-11-29 12:54:16 - [MESSAGE][PASSED] - Delayed 2 second(s)

2018-11-29 12:54:16 - [TEST_STEP][PASSED] - click: Object: 'Object Repository/Final Object Repo/Page_Form 3 EIS - Cessation as Employer/Page_Form 3 EIS - Cessation as Employer (Approve)/Save  Continue in Resigned Page' is clicked on

2018-11-29 12:54:16 - [MESSAGE][PASSED] - Object: 'Object Repository/Final Object Repo/Page_Form 3 EIS - Cessation as Employer/Page_Form 3 EIS - Cessation as Employer (Approve)/Save  Continue in Resigned Page' is clicked on

2018-11-29 12:54:16 - [TEST_STEP][PASSED] - delay: Delayed 2 second(s)

2018-11-29 12:54:18 - [MESSAGE][PASSED] - Delayed 2 second(s)

2018-11-29 12:54:18 - [TEST_STEP][PASSED] - click: Object: 'Object Repository/Final Object Repo/Page_Form 3 EIS - Cessation as Employer/Page_Form 3 EIS - Cessation as Employer (Approve)/Save  Continue in Uploading Page' is clicked on

2018-11-29 12:54:19 - [MESSAGE][PASSED] - Object: 'Object Repository/Final Object Repo/Page_Form 3 EIS - Cessation as Employer/Page_Form 3 EIS - Cessation as Employer (Approve)/Save  Continue in Uploading Page' is clicked on

2018-11-29 12:54:19 - [TEST_STEP][PASSED] - delay: Delayed 2 second(s)

2018-11-29 12:54:21 - [MESSAGE][PASSED] - Delayed 2 second(s)

2018-11-29 12:54:21 - [TEST_STEP][PASSED] - click: Object: 'Object Repository/Final Object Repo/Page_Form 3 EIS - Cessation as Employer/Page_Form 3 EIS - Cessation as Employer (Approve)/Approve' is clicked on

2018-11-29 12:54:24 - [MESSAGE][PASSED] - Object: 'Object Repository/Final Object Repo/Page_Form 3 EIS - Cessation as Employer/Page_Form 3 EIS - Cessation as Employer (Approve)/Approve' is clicked on

2018-11-29 12:54:24 - [TEST_STEP][PASSED] - delay: Delayed 2 second(s)

2018-11-29 12:54:26 - [MESSAGE][PASSED] - Delayed 2 second(s)

2018-11-29 12:54:26 - [TEST_STEP][PASSED] - click: Object: 'Object Repository/Final Object Repo/Page_Form 3 EIS - Cessation as Employer/Page_Form 3 EIS - Cessation as Employer (Approve)/Confirm' is clicked on

2018-11-29 12:54:26 - [MESSAGE][PASSED] - Object: 'Object Repository/Final Object Repo/Page_Form 3 EIS - Cessation as Employer/Page_Form 3 EIS - Cessation as Employer (Approve)/Confirm' is clicked on

2018-11-29 12:54:26 - [TEST_STEP][PASSED] - delay: Delayed 2 second(s)

2018-11-29 12:54:28 - [MESSAGE][PASSED] - Delayed 2 second(s)

2018-11-29 12:54:28 - [TEST_STEP][PASSED] - click: Object: 'Object Repository/Final Object Repo/Page_Form 3 EIS - Cessation as Employer/Page_Form 3 EIS - Cessation as Employer (Approve)/Message Your Request    Form 3 EIS' is clicked on

2018-11-29 12:54:34 - [MESSAGE][PASSED] - Object: 'Object Repository/Final Object Repo/Page_Form 3 EIS - Cessation as Employer/Page_Form 3 EIS - Cessation as Employer (Approve)/Message Your Request    Form 3 EIS' is clicked on

2018-11-29 12:54:34 - [TEST_STEP][PASSED] - click: Object: 'Object Repository/Final Object Repo/Page_Form 3 EIS - Cessation as Employer/Page_Form 3 EIS - Cessation as Employer (Approve)/Letter of successful update' is clicked on

2018-11-29 12:54:34 - [MESSAGE][PASSED] - Object: 'Object Repository/Final Object Repo/Page_Form 3 EIS - Cessation as Employer/Page_Form 3 EIS - Cessation as Employer (Approve)/Letter of successful update' is clicked on

2018-11-29 12:54:34 - [MESSAGE][PASSED] - Call Test Case 'Test Cases/Final Aug 2018 - PKS Automation/Registration Module/Workflow/Form 3 EIS - Cessation As Employer/Template/Form 3 A - Cessation As Employer (Approve)' successfully]]></system-out>
         <system-err><![CDATA[]]></system-err>
      </testcase>
      <testcase name="Test Cases/Final Aug 2018 - PKS Automation/Registration Module/Workflow/Form 3 EIS - Cessation As Employer/PKRBO to UO (Query)" classname="Test Cases/Final Aug 2018 - PKS Automation/Registration Module/Workflow/Form 3 EIS - Cessation As Employer/PKRBO to UO (Query)" status="FAILED">
         <failure type="FAILED" message="(Stack trace: com.kms.katalon.core.exception.StepFailedException: Unable to click on object 'Object Repository/Final Object Repo/Page_Form 3 EIS - Cessation as Employer/Page_Form 3 EIS - Cessation as Employer (Query - OTC - UO)/Next' (Root cause: com.kms.katalon.core.webui.exception.WebElementNotFoundException: Web element with id: 'Object Repository/Final Object Repo/Page_Form 3 EIS - Cessation as Employer/Page_Form 3 EIS - Cessation as Employer (Query - OTC - UO)/Next' located by 'By.xpath: //a[(text() = ' NEXT
						' or . = ' NEXT
						')]' not found)
	at com.kms.katalon.core.keyword.internal.KeywordMain.stepFailed(KeywordMain.groovy:32)
	at com.kms.katalon.core.webui.keyword.internal.WebUIKeywordMain.stepFailed(WebUIKeywordMain.groovy:65)
	at com.kms.katalon.core.webui.keyword.internal.WebUIKeywordMain.runKeyword(WebUIKeywordMain.groovy:27)
	at com.kms.katalon.core.webui.keyword.builtin.ClickKeyword.click(ClickKeyword.groovy:86)
	at com.kms.katalon.core.webui.keyword.builtin.ClickKeyword.execute(ClickKeyword.groovy:67)
	at com.kms.katalon.core.keyword.internal.KeywordExecutor.executeKeywordForPlatform(KeywordExecutor.groovy:53)
	at com.kms.katalon.core.webui.keyword.WebUiBuiltInKeywords.click(WebUiBuiltInKeywords.groovy:616)
	at com.kms.katalon.core.webui.keyword.WebUiBuiltInKeywords$click$2.call(Unknown Source)
	at Script1536114876563.run(Script1536114876563.groovy:87)
	at com.kms.katalon.core.main.ScriptEngine.run(ScriptEngine.java:183)
	at com.kms.katalon.core.main.ScriptEngine.runScriptAsRawText(ScriptEngine.java:108)
	at com.kms.katalon.core.main.TestCaseExecutor.runScript(TestCaseExecutor.java:294)
	at com.kms.katalon.core.main.TestCaseExecutor.doExecute(TestCaseExecutor.java:285)
	at com.kms.katalon.core.main.TestCaseExecutor.processExecutionPhase(TestCaseExecutor.java:264)
	at com.kms.katalon.core.main.TestCaseExecutor.accessMainPhase(TestCaseExecutor.java:256)
	at com.kms.katalon.core.main.TestCaseExecutor.execute(TestCaseExecutor.java:200)
	at com.kms.katalon.core.main.TestCaseMain.runTestCase(TestCaseMain.java:99)
	at com.kms.katalon.core.keyword.builtin.CallTestCaseKeyword$_callTestCase_closure1.doCall(CallTestCaseKeyword.groovy:60)
	at com.kms.katalon.core.keyword.builtin.CallTestCaseKeyword$_callTestCase_closure1.call(CallTestCaseKeyword.groovy)
	at com.kms.katalon.core.keyword.internal.KeywordMain.runKeyword(KeywordMain.groovy:54)
	at com.kms.katalon.core.keyword.builtin.CallTestCaseKeyword.callTestCase(CallTestCaseKeyword.groovy:81)
	at com.kms.katalon.core.keyword.builtin.CallTestCaseKeyword.execute(CallTestCaseKeyword.groovy:45)
	at com.kms.katalon.core.keyword.internal.KeywordExecutor.executeKeywordForPlatform(KeywordExecutor.groovy:53)
	at com.kms.katalon.core.keyword.BuiltinKeywords.callTestCase(BuiltinKeywords.groovy:334)
	at sun.reflect.GeneratedMethodAccessor13.invoke(Unknown Source)
	at sun.reflect.DelegatingMethodAccessorImpl.invoke(DelegatingMethodAccessorImpl.java:43)
	at java.lang.reflect.Method.invoke(Method.java:498)
	at org.codehaus.groovy.reflection.CachedMethod.invoke(CachedMethod.java:93)
	at groovy.lang.MetaMethod.doMethodInvoke(MetaMethod.java:325)
	at groovy.lang.MetaClassImpl.invokeStaticMethod(MetaClassImpl.java:1469)
	at org.codehaus.groovy.runtime.callsite.StaticMetaClassSite.call(StaticMetaClassSite.java:53)
	at org.codehaus.groovy.runtime.callsite.CallSiteArray.defaultCall(CallSiteArray.java:48)
	at org.codehaus.groovy.runtime.callsite.AbstractCallSite.call(AbstractCallSite.java:113)
	at org.codehaus.groovy.runtime.callsite.AbstractCallSite.call(AbstractCallSite.java:141)
	at Script1536204651962.run(Script1536204651962.groovy:25)
	at com.kms.katalon.core.main.ScriptEngine.run(ScriptEngine.java:183)
	at com.kms.katalon.core.main.ScriptEngine.runScriptAsRawText(ScriptEngine.java:108)
	at com.kms.katalon.core.main.TestCaseExecutor.runScript(TestCaseExecutor.java:294)
	at com.kms.katalon.core.main.TestCaseExecutor.doExecute(TestCaseExecutor.java:285)
	at com.kms.katalon.core.main.TestCaseExecutor.processExecutionPhase(TestCaseExecutor.java:264)
	at com.kms.katalon.core.main.TestCaseExecutor.accessMainPhase(TestCaseExecutor.java:256)
	at com.kms.katalon.core.main.TestCaseExecutor.execute(TestCaseExecutor.java:200)
	at com.kms.katalon.core.main.TestSuiteExecutor.accessTestCaseMainPhase(TestSuiteExecutor.java:129)
	at com.kms.katalon.core.main.TestSuiteExecutor.accessTestSuiteMainPhase(TestSuiteExecutor.java:112)
	at com.kms.katalon.core.main.TestSuiteExecutor.execute(TestSuiteExecutor.java:81)
	at com.kms.katalon.core.main.TestCaseMain.startTestSuite(TestCaseMain.java:142)
	at com.kms.katalon.core.main.TestCaseMain$startTestSuite$0.call(Unknown Source)
	at org.codehaus.groovy.runtime.callsite.CallSiteArray.defaultCall(CallSiteArray.java:48)
	at org.codehaus.groovy.runtime.callsite.AbstractCallSite.call(AbstractCallSite.java:113)
	at org.codehaus.groovy.runtime.callsite.AbstractCallSite.call(AbstractCallSite.java:141)
	at TempTestSuite1543464316888.run(TempTestSuite1543464316888.groovy:36)
	at groovy.lang.GroovyShell.runScriptOrMainOrTestOrRunnable(GroovyShell.java:263)
	at groovy.lang.GroovyShell.run(GroovyShell.java:518)
	at groovy.lang.GroovyShell.run(GroovyShell.java:507)
	at groovy.ui.GroovyMain.processOnce(GroovyMain.java:653)
	at groovy.ui.GroovyMain.run(GroovyMain.java:384)
	at groovy.ui.GroovyMain.process(GroovyMain.java:370)
	at groovy.ui.GroovyMain.processArgs(GroovyMain.java:129)
	at groovy.ui.GroovyMain.main(GroovyMain.java:109)
	at sun.reflect.NativeMethodAccessorImpl.invoke0(Native Method)
	at sun.reflect.NativeMethodAccessorImpl.invoke(NativeMethodAccessorImpl.java:62)
	at sun.reflect.DelegatingMethodAccessorImpl.invoke(DelegatingMethodAccessorImpl.java:43)
	at java.lang.reflect.Method.invoke(Method.java:498)
	at org.codehaus.groovy.tools.GroovyStarter.rootLoader(GroovyStarter.java:109)
	at org.codehaus.groovy.tools.GroovyStarter.main(GroovyStarter.java:131)
)"/>
         <system-out><![CDATA[2018-11-29 12:54:34 - [TEST_CASE][FAILED] - Test Cases/Final Aug 2018 - PKS Automation/Registration Module/Workflow/Form 3 EIS - Cessation As Employer/PKRBO to UO (Query): Test Cases/Final Aug 2018 - PKS Automation/Registration Module/Workflow/Form 3 EIS - Cessation As Employer/PKRBO to UO (Query) FAILED because (of) (Stack trace: com.kms.katalon.core.exception.StepFailedException: Unable to click on object 'Object Repository/Final Object Repo/Page_Form 3 EIS - Cessation as Employer/Page_Form 3 EIS - Cessation as Employer (Query - OTC - UO)/Next' (Root cause: com.kms.katalon.core.webui.exception.WebElementNotFoundException: Web element with id: 'Object Repository/Final Object Repo/Page_Form 3 EIS - Cessation as Employer/Page_Form 3 EIS - Cessation as Employer (Query - OTC - UO)/Next' located by 'By.xpath: //a[(text() = ' NEXT
						' or . = ' NEXT
						')]' not found)
	at com.kms.katalon.core.keyword.internal.KeywordMain.stepFailed(KeywordMain.groovy:32)
	at com.kms.katalon.core.webui.keyword.internal.WebUIKeywordMain.stepFailed(WebUIKeywordMain.groovy:65)
	at com.kms.katalon.core.webui.keyword.internal.WebUIKeywordMain.runKeyword(WebUIKeywordMain.groovy:27)
	at com.kms.katalon.core.webui.keyword.builtin.ClickKeyword.click(ClickKeyword.groovy:86)
	at com.kms.katalon.core.webui.keyword.builtin.ClickKeyword.execute(ClickKeyword.groovy:67)
	at com.kms.katalon.core.keyword.internal.KeywordExecutor.executeKeywordForPlatform(KeywordExecutor.groovy:53)
	at com.kms.katalon.core.webui.keyword.WebUiBuiltInKeywords.click(WebUiBuiltInKeywords.groovy:616)
	at com.kms.katalon.core.webui.keyword.WebUiBuiltInKeywords$click$2.call(Unknown Source)
	at Script1536114876563.run(Script1536114876563.groovy:87)
	at com.kms.katalon.core.main.ScriptEngine.run(ScriptEngine.java:183)
	at com.kms.katalon.core.main.ScriptEngine.runScriptAsRawText(ScriptEngine.java:108)
	at com.kms.katalon.core.main.TestCaseExecutor.runScript(TestCaseExecutor.java:294)
	at com.kms.katalon.core.main.TestCaseExecutor.doExecute(TestCaseExecutor.java:285)
	at com.kms.katalon.core.main.TestCaseExecutor.processExecutionPhase(TestCaseExecutor.java:264)
	at com.kms.katalon.core.main.TestCaseExecutor.accessMainPhase(TestCaseExecutor.java:256)
	at com.kms.katalon.core.main.TestCaseExecutor.execute(TestCaseExecutor.java:200)
	at com.kms.katalon.core.main.TestCaseMain.runTestCase(TestCaseMain.java:99)
	at com.kms.katalon.core.keyword.builtin.CallTestCaseKeyword$_callTestCase_closure1.doCall(CallTestCaseKeyword.groovy:60)
	at com.kms.katalon.core.keyword.builtin.CallTestCaseKeyword$_callTestCase_closure1.call(CallTestCaseKeyword.groovy)
	at com.kms.katalon.core.keyword.internal.KeywordMain.runKeyword(KeywordMain.groovy:54)
	at com.kms.katalon.core.keyword.builtin.CallTestCaseKeyword.callTestCase(CallTestCaseKeyword.groovy:81)
	at com.kms.katalon.core.keyword.builtin.CallTestCaseKeyword.execute(CallTestCaseKeyword.groovy:45)
	at com.kms.katalon.core.keyword.internal.KeywordExecutor.executeKeywordForPlatform(KeywordExecutor.groovy:53)
	at com.kms.katalon.core.keyword.BuiltinKeywords.callTestCase(BuiltinKeywords.groovy:334)
	at sun.reflect.GeneratedMethodAccessor13.invoke(Unknown Source)
	at sun.reflect.DelegatingMethodAccessorImpl.invoke(DelegatingMethodAccessorImpl.java:43)
	at java.lang.reflect.Method.invoke(Method.java:498)
	at org.codehaus.groovy.reflection.CachedMethod.invoke(CachedMethod.java:93)
	at groovy.lang.MetaMethod.doMethodInvoke(MetaMethod.java:325)
	at groovy.lang.MetaClassImpl.invokeStaticMethod(MetaClassImpl.java:1469)
	at org.codehaus.groovy.runtime.callsite.StaticMetaClassSite.call(StaticMetaClassSite.java:53)
	at org.codehaus.groovy.runtime.callsite.CallSiteArray.defaultCall(CallSiteArray.java:48)
	at org.codehaus.groovy.runtime.callsite.AbstractCallSite.call(AbstractCallSite.java:113)
	at org.codehaus.groovy.runtime.callsite.AbstractCallSite.call(AbstractCallSite.java:141)
	at Script1536204651962.run(Script1536204651962.groovy:25)
	at com.kms.katalon.core.main.ScriptEngine.run(ScriptEngine.java:183)
	at com.kms.katalon.core.main.ScriptEngine.runScriptAsRawText(ScriptEngine.java:108)
	at com.kms.katalon.core.main.TestCaseExecutor.runScript(TestCaseExecutor.java:294)
	at com.kms.katalon.core.main.TestCaseExecutor.doExecute(TestCaseExecutor.java:285)
	at com.kms.katalon.core.main.TestCaseExecutor.processExecutionPhase(TestCaseExecutor.java:264)
	at com.kms.katalon.core.main.TestCaseExecutor.accessMainPhase(TestCaseExecutor.java:256)
	at com.kms.katalon.core.main.TestCaseExecutor.execute(TestCaseExecutor.java:200)
	at com.kms.katalon.core.main.TestSuiteExecutor.accessTestCaseMainPhase(TestSuiteExecutor.java:129)
	at com.kms.katalon.core.main.TestSuiteExecutor.accessTestSuiteMainPhase(TestSuiteExecutor.java:112)
	at com.kms.katalon.core.main.TestSuiteExecutor.execute(TestSuiteExecutor.java:81)
	at com.kms.katalon.core.main.TestCaseMain.startTestSuite(TestCaseMain.java:142)
	at com.kms.katalon.core.main.TestCaseMain$startTestSuite$0.call(Unknown Source)
	at org.codehaus.groovy.runtime.callsite.CallSiteArray.defaultCall(CallSiteArray.java:48)
	at org.codehaus.groovy.runtime.callsite.AbstractCallSite.call(AbstractCallSite.java:113)
	at org.codehaus.groovy.runtime.callsite.AbstractCallSite.call(AbstractCallSite.java:141)
	at TempTestSuite1543464316888.run(TempTestSuite1543464316888.groovy:36)
	at groovy.lang.GroovyShell.runScriptOrMainOrTestOrRunnable(GroovyShell.java:263)
	at groovy.lang.GroovyShell.run(GroovyShell.java:518)
	at groovy.lang.GroovyShell.run(GroovyShell.java:507)
	at groovy.ui.GroovyMain.processOnce(GroovyMain.java:653)
	at groovy.ui.GroovyMain.run(GroovyMain.java:384)
	at groovy.ui.GroovyMain.process(GroovyMain.java:370)
	at groovy.ui.GroovyMain.processArgs(GroovyMain.java:129)
	at groovy.ui.GroovyMain.main(GroovyMain.java:109)
	at sun.reflect.NativeMethodAccessorImpl.invoke0(Native Method)
	at sun.reflect.NativeMethodAccessorImpl.invoke(NativeMethodAccessorImpl.java:62)
	at sun.reflect.DelegatingMethodAccessorImpl.invoke(DelegatingMethodAccessorImpl.java:43)
	at java.lang.reflect.Method.invoke(Method.java:498)
	at org.codehaus.groovy.tools.GroovyStarter.rootLoader(GroovyStarter.java:109)
	at org.codehaus.groovy.tools.GroovyStarter.main(GroovyStarter.java:131)
)

2018-11-29 12:54:35 - [TEST_STEP][PASSED] - callTestCase: Call Test Case 'Test Cases/Final Aug 2018 - PKS Automation/Registration Module/Workflow/Form 3 EIS - Cessation As Employer/Template/Form 3 A - Cessation As Employer (PKRBO)' successfully

2018-11-29 12:54:35 - [TEST_CASE][PASSED] - Test Cases/Final Aug 2018 - PKS Automation/Registration Module/Workflow/Form 3 EIS - Cessation As Employer/Template/Form 3 A - Cessation As Employer (PKRBO): Test Cases/Final Aug 2018 - PKS Automation/Registration Module/Workflow/Form 3 EIS - Cessation As Employer/Template/Form 3 A - Cessation As Employer (PKRBO)

2018-11-29 12:54:35 - [TEST_STEP][PASSED] - openBrowser: Browser is opened with url: ''

2018-11-29 12:54:35 - [MESSAGE][WARNING] - A browser is already opened. Closing browser and opening a new one

2018-11-29 12:54:38 - [MESSAGE][PASSED] - Browser is opened with url: ''

2018-11-29 12:54:38 - [TEST_STEP][PASSED] - navigateToUrl: Navigate to 'https://assist2-uat.perkeso.gov.my/login' successfully

2018-11-29 12:54:39 - [MESSAGE][PASSED] - Navigate to 'https://assist2-uat.perkeso.gov.my/login' successfully

2018-11-29 12:54:39 - [TEST_STEP][PASSED] - setText: Text 'johorpkrbo1@gmail.com' is set on object 'Object Repository/Final Object Repo/Login Page/Internal User/Email Address'

2018-11-29 12:54:39 - [MESSAGE][PASSED] - Text 'johorpkrbo1@gmail.com' is set on object 'Object Repository/Final Object Repo/Login Page/Internal User/Email Address'

2018-11-29 12:54:39 - [TEST_STEP][PASSED] - click: Object: 'Object Repository/Final Object Repo/Login Page/Internal User/Next Button' is clicked on

2018-11-29 12:54:39 - [MESSAGE][PASSED] - Object: 'Object Repository/Final Object Repo/Login Page/Internal User/Next Button' is clicked on

2018-11-29 12:54:39 - [TEST_STEP][PASSED] - delay: Delayed 1 second(s)

2018-11-29 12:54:40 - [MESSAGE][PASSED] - Delayed 1 second(s)

2018-11-29 12:54:40 - [TEST_STEP][PASSED] - setEncryptedText: Text ****** has been set on object 'Object Repository/Final Object Repo/Login Page/Internal User/Password'

2018-11-29 12:54:41 - [MESSAGE][PASSED] - Text ****** has been set on object 'Object Repository/Final Object Repo/Login Page/Internal User/Password'

2018-11-29 12:54:41 - [TEST_STEP][PASSED] - click: Object: 'Object Repository/Final Object Repo/Login Page/Internal User/Login Button' is clicked on

2018-11-29 12:54:41 - [MESSAGE][PASSED] - Object: 'Object Repository/Final Object Repo/Login Page/Internal User/Login Button' is clicked on

2018-11-29 12:54:41 - [TEST_STEP][PASSED] - delay: Delayed 1 second(s)

2018-11-29 12:54:42 - [MESSAGE][PASSED] - Delayed 1 second(s)

2018-11-29 12:54:42 - [TEST_STEP][PASSED] - Statement - Try: Delayed 2 second(s)

2018-11-29 12:54:42 - [TEST_STEP][PASSED] - Statement - Checker = false: null

2018-11-29 12:54:42 - [TEST_STEP][PASSED] - Statement - Checker = com.kms.katalon.core.webui.keyword.WebUiBuiltInKeywords.verifyElementHasAttribute(com.kms.katalon.core.testobject.ObjectRepository.findTestObject(Final Object Repo/Landing Page/BM Detecting), "href", 20, OPTIONAL): Object 'Object Repository/Final Object Repo/Landing Page/BM Detecting' has attribute 'href'

2018-11-29 12:54:43 - [MESSAGE][PASSED] - Object 'Object Repository/Final Object Repo/Landing Page/BM Detecting' has attribute 'href'

2018-11-29 12:54:43 - [TEST_STEP][PASSED] - Statement - out.println(Checker): null

2018-11-29 12:54:43 - [TEST_STEP][PASSED] - Statement - If (Checker == false): null

2018-11-29 12:54:43 - [TEST_STEP][PASSED] - Statement - Else: null

2018-11-29 12:54:43 - [TEST_STEP][PASSED] - delay: Delayed 2 second(s)

2018-11-29 12:54:45 - [MESSAGE][PASSED] - Delayed 2 second(s)

2018-11-29 12:54:45 - [TEST_STEP][PASSED] - navigateToUrl: Navigate to 'https://assist2-uat.perkeso.gov.my/web/registration/eis-update/form-3-eis-cessation-as-employer' successfully

2018-11-29 12:54:46 - [MESSAGE][PASSED] - Navigate to 'https://assist2-uat.perkeso.gov.my/web/registration/eis-update/form-3-eis-cessation-as-employer' successfully

2018-11-29 12:54:46 - [TEST_STEP][PASSED] - delay: Delayed 1 second(s)

2018-11-29 12:54:47 - [MESSAGE][PASSED] - Delayed 1 second(s)

2018-11-29 12:54:47 - [TEST_STEP][PASSED] - setText: Text 'E1102069769W' is set on object 'Object Repository/Final Object Repo/Page_Form 3 EIS - Cessation as Employer/Employer Code'

2018-11-29 12:54:47 - [MESSAGE][PASSED] - Text 'E1102069769W' is set on object 'Object Repository/Final Object Repo/Page_Form 3 EIS - Cessation as Employer/Employer Code'

2018-11-29 12:54:47 - [TEST_STEP][PASSED] - click: Object: 'Object Repository/Final Object Repo/Page_Form 3 EIS - Cessation as Employer/Search' is clicked on

2018-11-29 12:54:47 - [MESSAGE][PASSED] - Object: 'Object Repository/Final Object Repo/Page_Form 3 EIS - Cessation as Employer/Search' is clicked on

2018-11-29 12:54:47 - [TEST_STEP][PASSED] - click: Object: 'Object Repository/Final Object Repo/Page_Form 3 EIS - Cessation as Employer/Edit' is clicked on

2018-11-29 12:54:50 - [MESSAGE][PASSED] - Object: 'Object Repository/Final Object Repo/Page_Form 3 EIS - Cessation as Employer/Edit' is clicked on

2018-11-29 12:54:50 - [TEST_STEP][PASSED] - delay: Delayed 1 second(s)

2018-11-29 12:54:51 - [MESSAGE][PASSED] - Delayed 1 second(s)

2018-11-29 12:54:51 - [TEST_STEP][PASSED] - Statement - abc = com.kms.katalon.core.webui.keyword.WebUiBuiltInKeywords.getAttribute(com.kms.katalon.core.testobject.ObjectRepository.findTestObject(Final Object Repo/Page_Form 3 EIS - Cessation as Employer/Employer Status), "value"): Attribute 'value' of object 'Object Repository/Final Object Repo/Page_Form 3 EIS - Cessation as Employer/Employer Status' is: 'Active'

2018-11-29 12:54:51 - [MESSAGE][PASSED] - Attribute 'value' of object 'Object Repository/Final Object Repo/Page_Form 3 EIS - Cessation as Employer/Employer Status' is: 'Active'

2018-11-29 12:54:51 - [TEST_STEP][PASSED] - Statement - out.println(abc): null

2018-11-29 12:54:51 - [TEST_STEP][PASSED] - Statement - If (abc == "Active"): Object: 'Object Repository/Final Object Repo/Page_Form 3 EIS - Cessation as Employer/Dormant EIS' is clicked on

2018-11-29 12:54:51 - [TEST_STEP][PASSED] - click: Object: 'Object Repository/Final Object Repo/Page_Form 3 EIS - Cessation as Employer/Change Employer Status to' is clicked on

2018-11-29 12:54:51 - [MESSAGE][PASSED] - Object: 'Object Repository/Final Object Repo/Page_Form 3 EIS - Cessation as Employer/Change Employer Status to' is clicked on

2018-11-29 12:54:51 - [TEST_STEP][PASSED] - click: Object: 'Object Repository/Final Object Repo/Page_Form 3 EIS - Cessation as Employer/Dormant EIS' is clicked on

2018-11-29 12:54:51 - [MESSAGE][PASSED] - Object: 'Object Repository/Final Object Repo/Page_Form 3 EIS - Cessation as Employer/Dormant EIS' is clicked on

2018-11-29 12:54:51 - [TEST_STEP][PASSED] - click: Object: 'Object Repository/Final Object Repo/Page_Form 3 EIS - Cessation as Employer/Calender' is clicked on

2018-11-29 12:54:52 - [MESSAGE][PASSED] - Object: 'Object Repository/Final Object Repo/Page_Form 3 EIS - Cessation as Employer/Calender' is clicked on

2018-11-29 12:54:52 - [TEST_STEP][PASSED] - delay: Delayed 1 second(s)

2018-11-29 12:54:53 - [MESSAGE][PASSED] - Delayed 1 second(s)

2018-11-29 12:54:53 - [TEST_STEP][PASSED] - click: Object: 'Object Repository/Final Object Repo/Page_Form 3 EIS - Cessation as Employer/Calender - Date' is clicked on

2018-11-29 12:54:53 - [MESSAGE][PASSED] - Object: 'Object Repository/Final Object Repo/Page_Form 3 EIS - Cessation as Employer/Calender - Date' is clicked on

2018-11-29 12:54:53 - [TEST_STEP][PASSED] - click: Object: 'Object Repository/Final Object Repo/Page_Form 3 EIS - Cessation as Employer/Save  Continue in Form 3 EIS Page' is clicked on

2018-11-29 12:54:53 - [MESSAGE][PASSED] - Object: 'Object Repository/Final Object Repo/Page_Form 3 EIS - Cessation as Employer/Save  Continue in Form 3 EIS Page' is clicked on

2018-11-29 12:54:53 - [TEST_STEP][PASSED] - delay: Delayed 1 second(s)

2018-11-29 12:54:54 - [MESSAGE][PASSED] - Delayed 1 second(s)

2018-11-29 12:54:54 - [TEST_STEP][PASSED] - click: Object: 'Object Repository/Final Object Repo/Page_Form 3 EIS - Cessation as Employer/Employment Resign Date' is clicked on

2018-11-29 12:54:55 - [MESSAGE][PASSED] - Object: 'Object Repository/Final Object Repo/Page_Form 3 EIS - Cessation as Employer/Employment Resign Date' is clicked on

2018-11-29 12:54:55 - [TEST_STEP][PASSED] - selectOptionByValue: All options with value '2030' are selected in object 'Object Repository/Final Object Repo/Page_Form 3 EIS - Cessation as Employer/Employment Resign Date - Year' 

2018-11-29 12:54:55 - [MESSAGE][PASSED] - All options with value '2030' are selected in object 'Object Repository/Final Object Repo/Page_Form 3 EIS - Cessation as Employer/Employment Resign Date - Year' 

2018-11-29 12:54:55 - [TEST_STEP][PASSED] - delay: Delayed 2 second(s)

2018-11-29 12:54:57 - [MESSAGE][PASSED] - Delayed 2 second(s)

2018-11-29 12:54:57 - [TEST_STEP][PASSED] - click: Object: 'Object Repository/Final Object Repo/Page_Form 3 EIS - Cessation as Employer/Employment Resign Date - Year - Date' is clicked on

2018-11-29 12:54:57 - [MESSAGE][PASSED] - Object: 'Object Repository/Final Object Repo/Page_Form 3 EIS - Cessation as Employer/Employment Resign Date - Year - Date' is clicked on

2018-11-29 12:54:57 - [TEST_STEP][PASSED] - delay: Delayed 2 second(s)

2018-11-29 12:54:59 - [MESSAGE][PASSED] - Delayed 2 second(s)

2018-11-29 12:54:59 - [TEST_STEP][PASSED] - click: Object: 'Object Repository/Final Object Repo/Page_Form 3 EIS - Cessation as Employer/Save  Continue in Employment Resign Page' is clicked on

2018-11-29 12:54:59 - [MESSAGE][PASSED] - Object: 'Object Repository/Final Object Repo/Page_Form 3 EIS - Cessation as Employer/Save  Continue in Employment Resign Page' is clicked on

2018-11-29 12:54:59 - [TEST_STEP][PASSED] - delay: Delayed 2 second(s)

2018-11-29 12:55:01 - [MESSAGE][PASSED] - Delayed 2 second(s)

2018-11-29 12:55:01 - [TEST_STEP][PASSED] - click: Object: 'Object Repository/Final Object Repo/Page_Form 3 EIS - Cessation as Employer/Set Latest - Yes' is clicked on

2018-11-29 12:55:02 - [MESSAGE][PASSED] - Object: 'Object Repository/Final Object Repo/Page_Form 3 EIS - Cessation as Employer/Set Latest - Yes' is clicked on

2018-11-29 12:55:02 - [TEST_STEP][PASSED] - delay: Delayed 2 second(s)

2018-11-29 12:55:04 - [MESSAGE][PASSED] - Delayed 2 second(s)

2018-11-29 12:55:04 - [TEST_STEP][PASSED] - click: Object: 'Object Repository/Final Object Repo/Page_Form 3 EIS - Cessation as Employer/Add Document' is clicked on

2018-11-29 12:55:05 - [MESSAGE][PASSED] - Object: 'Object Repository/Final Object Repo/Page_Form 3 EIS - Cessation as Employer/Add Document' is clicked on

2018-11-29 12:55:05 - [TEST_STEP][PASSED] - delay: Delayed 3 second(s)

2018-11-29 12:55:08 - [MESSAGE][PASSED] - Delayed 3 second(s)

2018-11-29 12:55:08 - [TEST_STEP][PASSED] - click: Object: 'Object Repository/Final Object Repo/Page_Form 3 EIS - Cessation as Employer/Document Type' is clicked on

2018-11-29 12:55:08 - [MESSAGE][PASSED] - Object: 'Object Repository/Final Object Repo/Page_Form 3 EIS - Cessation as Employer/Document Type' is clicked on

2018-11-29 12:55:08 - [TEST_STEP][PASSED] - click: Object: 'Object Repository/Final Object Repo/Page_Form 3 EIS - Cessation as Employer/Document Type - Form 3' is clicked on

2018-11-29 12:55:08 - [MESSAGE][PASSED] - Object: 'Object Repository/Final Object Repo/Page_Form 3 EIS - Cessation as Employer/Document Type - Form 3' is clicked on

2018-11-29 12:55:08 - [TEST_STEP][PASSED] - delay: Delayed 2 second(s)

2018-11-29 12:55:10 - [MESSAGE][PASSED] - Delayed 2 second(s)

2018-11-29 12:55:10 - [TEST_STEP][PASSED] - sendKeys: Keys 'C:\Users\Public\Pictures\Sample Pictures\Koala.jpg' sent to object: 'Object Repository/Final Object Repo/Page_Form 3 EIS - Cessation as Employer/ploading File'

2018-11-29 12:55:10 - [MESSAGE][PASSED] - Keys 'C:\Users\Public\Pictures\Sample Pictures\Koala.jpg' sent to object: 'Object Repository/Final Object Repo/Page_Form 3 EIS - Cessation as Employer/ploading File'

2018-11-29 12:55:10 - [TEST_STEP][PASSED] - delay: Delayed 1 second(s)

2018-11-29 12:55:11 - [MESSAGE][PASSED] - Delayed 1 second(s)

2018-11-29 12:55:11 - [TEST_STEP][PASSED] - click: Object: 'Object Repository/Final Object Repo/Page_Form 3 EIS - Cessation as Employer/Add Document in Uploading Page' is clicked on

2018-11-29 12:55:11 - [MESSAGE][PASSED] - Object: 'Object Repository/Final Object Repo/Page_Form 3 EIS - Cessation as Employer/Add Document in Uploading Page' is clicked on

2018-11-29 12:55:11 - [TEST_STEP][PASSED] - delay: Delayed 2 second(s)

2018-11-29 12:55:13 - [MESSAGE][PASSED] - Delayed 2 second(s)

2018-11-29 12:55:13 - [TEST_STEP][PASSED] - Statement - CaseReferenceNo = com.kms.katalon.core.webui.keyword.WebUiBuiltInKeywords.getText(com.kms.katalon.core.testobject.ObjectRepository.findTestObject(Final Object Repo/Page_Update Employer Information/Reference Number in Update Employee Information Page)): Text of object 'Object Repository/Final Object Repo/Page_Update Employer Information/Reference Number in Update Employee Information Page' is: 'ERN112018C200002360'

2018-11-29 12:55:15 - [MESSAGE][PASSED] - Text of object 'Object Repository/Final Object Repo/Page_Update Employer Information/Reference Number in Update Employee Information Page' is: 'ERN112018C200002360'

2018-11-29 12:55:15 - [TEST_STEP][PASSED] - callTestCase: Call Test Case 'Test Cases/Final Aug 2018 - PKS Automation/Common/Reference Number Setter' successfully

2018-11-29 12:55:15 - [TEST_CASE][PASSED] - Test Cases/Final Aug 2018 - PKS Automation/Common/Reference Number Setter: Test Cases/Final Aug 2018 - PKS Automation/Common/Reference Number Setter

2018-11-29 12:55:15 - [TEST_STEP][PASSED] - Statement - RefNoOldFile = new java.io.File(C://Users//Admin//Desktop//PKS//Automation Reference Point//KatalonReference.txt): null

2018-11-29 12:55:15 - [TEST_STEP][PASSED] - Statement - RefNoOldFile.delete(): null

2018-11-29 12:55:15 - [TEST_STEP][PASSED] - delay: Delayed 5 second(s)

2018-11-29 12:55:20 - [MESSAGE][PASSED] - Delayed 5 second(s)

2018-11-29 12:55:20 - [TEST_STEP][PASSED] - Statement - RefNo = new java.io.File(C://Users//Admin//Desktop//PKS//Automation Reference Point//KatalonReference.txt): null

2018-11-29 12:55:20 - [TEST_STEP][PASSED] - Statement - f2 = new java.io.FileWriter(RefNo, false): null

2018-11-29 12:55:20 - [TEST_STEP][PASSED] - Statement - f2.write(CaseReferenceNo): null

2018-11-29 12:55:20 - [TEST_STEP][PASSED] - Statement - f2.close(): null

2018-11-29 12:55:20 - [TEST_STEP][PASSED] - Statement - out.println("


" + CaseReferenceNo + "


"): null

2018-11-29 12:55:20 - [MESSAGE][PASSED] - Call Test Case 'Test Cases/Final Aug 2018 - PKS Automation/Common/Reference Number Setter' successfully

2018-11-29 12:55:20 - [TEST_STEP][PASSED] - delay: Delayed 2 second(s)

2018-11-29 12:55:22 - [MESSAGE][PASSED] - Delayed 2 second(s)

2018-11-29 12:55:22 - [TEST_STEP][PASSED] - click: Object: 'Object Repository/Final Object Repo/Page_Form 3 EIS - Cessation as Employer/Save  Continue in Uploading Page' is clicked on

2018-11-29 12:55:23 - [MESSAGE][PASSED] - Object: 'Object Repository/Final Object Repo/Page_Form 3 EIS - Cessation as Employer/Save  Continue in Uploading Page' is clicked on

2018-11-29 12:55:23 - [TEST_STEP][PASSED] - delay: Delayed 2 second(s)

2018-11-29 12:55:25 - [MESSAGE][PASSED] - Delayed 2 second(s)

2018-11-29 12:55:25 - [TEST_STEP][PASSED] - click: Object: 'Object Repository/Final Object Repo/Page_Form 3 EIS - Cessation as Employer/Submit' is clicked on

2018-11-29 12:55:27 - [MESSAGE][PASSED] - Object: 'Object Repository/Final Object Repo/Page_Form 3 EIS - Cessation as Employer/Submit' is clicked on

2018-11-29 12:55:27 - [TEST_STEP][PASSED] - delay: Delayed 2 second(s)

2018-11-29 12:55:29 - [MESSAGE][PASSED] - Delayed 2 second(s)

2018-11-29 12:55:29 - [TEST_STEP][PASSED] - click: Object: 'Object Repository/Final Object Repo/Page_Form 3 EIS - Cessation as Employer/Confirm' is clicked on

2018-11-29 12:55:29 - [MESSAGE][PASSED] - Object: 'Object Repository/Final Object Repo/Page_Form 3 EIS - Cessation as Employer/Confirm' is clicked on

2018-11-29 12:55:29 - [TEST_STEP][PASSED] - delay: Delayed 2 second(s)

2018-11-29 12:55:31 - [MESSAGE][PASSED] - Delayed 2 second(s)

2018-11-29 12:55:31 - [TEST_STEP][PASSED] - click: Object: 'Object Repository/Final Object Repo/Page_Form 3 EIS - Cessation as Employer/Message Your Request will be routed to UO' is clicked on

2018-11-29 12:55:36 - [MESSAGE][PASSED] - Object: 'Object Repository/Final Object Repo/Page_Form 3 EIS - Cessation as Employer/Message Your Request will be routed to UO' is clicked on

2018-11-29 12:55:36 - [TEST_STEP][PASSED] - click: Object: 'Object Repository/Final Object Repo/Page_Form 3 EIS - Cessation as Employer/Letter of acknowledgement' is clicked on

2018-11-29 12:55:36 - [MESSAGE][PASSED] - Object: 'Object Repository/Final Object Repo/Page_Form 3 EIS - Cessation as Employer/Letter of acknowledgement' is clicked on

2018-11-29 12:55:36 - [MESSAGE][PASSED] - Call Test Case 'Test Cases/Final Aug 2018 - PKS Automation/Registration Module/Workflow/Form 3 EIS - Cessation As Employer/Template/Form 3 A - Cessation As Employer (PKRBO)' successfully

2018-11-29 12:55:36 - [TEST_STEP][FAILED] - callTestCase: Unable to call Test Case with id 'Test Cases/Final Aug 2018 - PKS Automation/Registration Module/Workflow/Form 3 EIS - Cessation As Employer/Template/Form 3 A - Cessation As Employer (Query)' (Root cause: Call Test Case 'Test Cases/Final Aug 2018 - PKS Automation/Registration Module/Workflow/Form 3 EIS - Cessation As Employer/Template/Form 3 A - Cessation As Employer (Query)' failed)

2018-11-29 12:55:36 - [TEST_CASE][FAILED] - Test Cases/Final Aug 2018 - PKS Automation/Registration Module/Workflow/Form 3 EIS - Cessation As Employer/Template/Form 3 A - Cessation As Employer (Query): Test Cases/Final Aug 2018 - PKS Automation/Registration Module/Workflow/Form 3 EIS - Cessation As Employer/Template/Form 3 A - Cessation As Employer (Query) FAILED because (of) (Stack trace: com.kms.katalon.core.exception.StepFailedException: Unable to click on object 'Object Repository/Final Object Repo/Page_Form 3 EIS - Cessation as Employer/Page_Form 3 EIS - Cessation as Employer (Query - OTC - UO)/Next' (Root cause: com.kms.katalon.core.webui.exception.WebElementNotFoundException: Web element with id: 'Object Repository/Final Object Repo/Page_Form 3 EIS - Cessation as Employer/Page_Form 3 EIS - Cessation as Employer (Query - OTC - UO)/Next' located by 'By.xpath: //a[(text() = ' NEXT
						' or . = ' NEXT
						')]' not found)
	at com.kms.katalon.core.keyword.internal.KeywordMain.stepFailed(KeywordMain.groovy:32)
	at com.kms.katalon.core.webui.keyword.internal.WebUIKeywordMain.stepFailed(WebUIKeywordMain.groovy:65)
	at com.kms.katalon.core.webui.keyword.internal.WebUIKeywordMain.runKeyword(WebUIKeywordMain.groovy:27)
	at com.kms.katalon.core.webui.keyword.builtin.ClickKeyword.click(ClickKeyword.groovy:86)
	at com.kms.katalon.core.webui.keyword.builtin.ClickKeyword.execute(ClickKeyword.groovy:67)
	at com.kms.katalon.core.keyword.internal.KeywordExecutor.executeKeywordForPlatform(KeywordExecutor.groovy:53)
	at com.kms.katalon.core.webui.keyword.WebUiBuiltInKeywords.click(WebUiBuiltInKeywords.groovy:616)
	at com.kms.katalon.core.webui.keyword.WebUiBuiltInKeywords$click$2.call(Unknown Source)
	at Script1536114876563.run(Script1536114876563.groovy:87)
	at com.kms.katalon.core.main.ScriptEngine.run(ScriptEngine.java:183)
	at com.kms.katalon.core.main.ScriptEngine.runScriptAsRawText(ScriptEngine.java:108)
	at com.kms.katalon.core.main.TestCaseExecutor.runScript(TestCaseExecutor.java:294)
	at com.kms.katalon.core.main.TestCaseExecutor.doExecute(TestCaseExecutor.java:285)
	at com.kms.katalon.core.main.TestCaseExecutor.processExecutionPhase(TestCaseExecutor.java:264)
	at com.kms.katalon.core.main.TestCaseExecutor.accessMainPhase(TestCaseExecutor.java:256)
	at com.kms.katalon.core.main.TestCaseExecutor.execute(TestCaseExecutor.java:200)
	at com.kms.katalon.core.main.TestCaseMain.runTestCase(TestCaseMain.java:99)
	at com.kms.katalon.core.keyword.builtin.CallTestCaseKeyword$_callTestCase_closure1.doCall(CallTestCaseKeyword.groovy:60)
	at com.kms.katalon.core.keyword.builtin.CallTestCaseKeyword$_callTestCase_closure1.call(CallTestCaseKeyword.groovy)
	at com.kms.katalon.core.keyword.internal.KeywordMain.runKeyword(KeywordMain.groovy:54)
	at com.kms.katalon.core.keyword.builtin.CallTestCaseKeyword.callTestCase(CallTestCaseKeyword.groovy:81)
	at com.kms.katalon.core.keyword.builtin.CallTestCaseKeyword.execute(CallTestCaseKeyword.groovy:45)
	at com.kms.katalon.core.keyword.internal.KeywordExecutor.executeKeywordForPlatform(KeywordExecutor.groovy:53)
	at com.kms.katalon.core.keyword.BuiltinKeywords.callTestCase(BuiltinKeywords.groovy:334)
	at sun.reflect.GeneratedMethodAccessor13.invoke(Unknown Source)
	at sun.reflect.DelegatingMethodAccessorImpl.invoke(DelegatingMethodAccessorImpl.java:43)
	at java.lang.reflect.Method.invoke(Method.java:498)
	at org.codehaus.groovy.reflection.CachedMethod.invoke(CachedMethod.java:93)
	at groovy.lang.MetaMethod.doMethodInvoke(MetaMethod.java:325)
	at groovy.lang.MetaClassImpl.invokeStaticMethod(MetaClassImpl.java:1469)
	at org.codehaus.groovy.runtime.callsite.StaticMetaClassSite.call(StaticMetaClassSite.java:53)
	at org.codehaus.groovy.runtime.callsite.CallSiteArray.defaultCall(CallSiteArray.java:48)
	at org.codehaus.groovy.runtime.callsite.AbstractCallSite.call(AbstractCallSite.java:113)
	at org.codehaus.groovy.runtime.callsite.AbstractCallSite.call(AbstractCallSite.java:141)
	at Script1536204651962.run(Script1536204651962.groovy:25)
	at com.kms.katalon.core.main.ScriptEngine.run(ScriptEngine.java:183)
	at com.kms.katalon.core.main.ScriptEngine.runScriptAsRawText(ScriptEngine.java:108)
	at com.kms.katalon.core.main.TestCaseExecutor.runScript(TestCaseExecutor.java:294)
	at com.kms.katalon.core.main.TestCaseExecutor.doExecute(TestCaseExecutor.java:285)
	at com.kms.katalon.core.main.TestCaseExecutor.processExecutionPhase(TestCaseExecutor.java:264)
	at com.kms.katalon.core.main.TestCaseExecutor.accessMainPhase(TestCaseExecutor.java:256)
	at com.kms.katalon.core.main.TestCaseExecutor.execute(TestCaseExecutor.java:200)
	at com.kms.katalon.core.main.TestSuiteExecutor.accessTestCaseMainPhase(TestSuiteExecutor.java:129)
	at com.kms.katalon.core.main.TestSuiteExecutor.accessTestSuiteMainPhase(TestSuiteExecutor.java:112)
	at com.kms.katalon.core.main.TestSuiteExecutor.execute(TestSuiteExecutor.java:81)
	at com.kms.katalon.core.main.TestCaseMain.startTestSuite(TestCaseMain.java:142)
	at com.kms.katalon.core.main.TestCaseMain$startTestSuite$0.call(Unknown Source)
	at org.codehaus.groovy.runtime.callsite.CallSiteArray.defaultCall(CallSiteArray.java:48)
	at org.codehaus.groovy.runtime.callsite.AbstractCallSite.call(AbstractCallSite.java:113)
	at org.codehaus.groovy.runtime.callsite.AbstractCallSite.call(AbstractCallSite.java:141)
	at TempTestSuite1543464316888.run(TempTestSuite1543464316888.groovy:36)
	at groovy.lang.GroovyShell.runScriptOrMainOrTestOrRunnable(GroovyShell.java:263)
	at groovy.lang.GroovyShell.run(GroovyShell.java:518)
	at groovy.lang.GroovyShell.run(GroovyShell.java:507)
	at groovy.ui.GroovyMain.processOnce(GroovyMain.java:653)
	at groovy.ui.GroovyMain.run(GroovyMain.java:384)
	at groovy.ui.GroovyMain.process(GroovyMain.java:370)
	at groovy.ui.GroovyMain.processArgs(GroovyMain.java:129)
	at groovy.ui.GroovyMain.main(GroovyMain.java:109)
	at sun.reflect.NativeMethodAccessorImpl.invoke0(Native Method)
	at sun.reflect.NativeMethodAccessorImpl.invoke(NativeMethodAccessorImpl.java:62)
	at sun.reflect.DelegatingMethodAccessorImpl.invoke(DelegatingMethodAccessorImpl.java:43)
	at java.lang.reflect.Method.invoke(Method.java:498)
	at org.codehaus.groovy.tools.GroovyStarter.rootLoader(GroovyStarter.java:109)
	at org.codehaus.groovy.tools.GroovyStarter.main(GroovyStarter.java:131)
)

2018-11-29 12:55:36 - [TEST_STEP][NOT_RUN] - callTestCase: NOT_RUN: callTestCase

2018-11-29 12:55:36 - [MESSAGE][NOT_RUN] - NOT_RUN: callTestCase

2018-11-29 12:55:36 - [TEST_STEP][PASSED] - delay: Delayed 1 second(s)

2018-11-29 12:55:37 - [MESSAGE][PASSED] - Delayed 1 second(s)

2018-11-29 12:55:37 - [TEST_STEP][PASSED] - navigateToUrl: Navigate to 'https://assist2-uat.perkeso.gov.my/c/portal/logout' successfully

2018-11-29 12:55:38 - [MESSAGE][PASSED] - Navigate to 'https://assist2-uat.perkeso.gov.my/c/portal/logout' successfully

2018-11-29 12:55:38 - [TEST_STEP][PASSED] - delay: Delayed 1 second(s)

2018-11-29 12:55:39 - [MESSAGE][PASSED] - Delayed 1 second(s)

2018-11-29 12:55:39 - [TEST_STEP][PASSED] - callTestCase: Call Test Case 'Test Cases/Final Aug 2018 - PKS Automation/Common/Reference Number Getter' successfully

2018-11-29 12:55:39 - [TEST_CASE][PASSED] - Test Cases/Final Aug 2018 - PKS Automation/Common/Reference Number Getter: Test Cases/Final Aug 2018 - PKS Automation/Common/Reference Number Getter

2018-11-29 12:55:39 - [TEST_STEP][PASSED] - Statement - Try: null

2018-11-29 12:55:39 - [TEST_STEP][PASSED] - Statement - RefNo = new java.io.File(C://Users//Admin//Desktop//PKS//Automation Reference Point//KatalonReference.txt): null

2018-11-29 12:55:39 - [TEST_STEP][PASSED] - Statement - bufferread = new java.io.BufferedReader(new java.io.FileReader(RefNo)): null

2018-11-29 12:55:39 - [TEST_STEP][PASSED] - Statement - readedVal = bufferread.readLine(): null

2018-11-29 12:55:39 - [TEST_STEP][PASSED] - Statement - out.println(CaseReferenceNo): null

2018-11-29 12:55:39 - [TEST_STEP][PASSED] - Statement - out.println(readedVal): null

2018-11-29 12:55:39 - [TEST_STEP][PASSED] - Statement - CaseReferenceNo = "": null

2018-11-29 12:55:39 - [TEST_STEP][PASSED] - Statement - CaseReferenceNo = readedVal: null

2018-11-29 12:55:39 - [MESSAGE][PASSED] - Call Test Case 'Test Cases/Final Aug 2018 - PKS Automation/Common/Reference Number Getter' successfully

2018-11-29 12:55:39 - [TEST_STEP][PASSED] - callTestCase: Call Test Case 'Test Cases/Final Aug 2018 - PKS Automation/Common/Workflow Owner Finder' successfully

2018-11-29 12:55:39 - [TEST_CASE][PASSED] - Test Cases/Final Aug 2018 - PKS Automation/Common/Workflow Owner Finder: Test Cases/Final Aug 2018 - PKS Automation/Common/Workflow Owner Finder

2018-11-29 12:55:39 - [TEST_STEP][PASSED] - openBrowser: Browser is opened with url: ''

2018-11-29 12:55:39 - [MESSAGE][WARNING] - A browser is already opened. Closing browser and opening a new one

2018-11-29 12:55:42 - [MESSAGE][PASSED] - Browser is opened with url: ''

2018-11-29 12:55:42 - [TEST_STEP][PASSED] - navigateToUrl: Navigate to 'https://assist2-uat.perkeso.gov.my/login' successfully

2018-11-29 12:55:43 - [MESSAGE][PASSED] - Navigate to 'https://assist2-uat.perkeso.gov.my/login' successfully

2018-11-29 12:55:43 - [TEST_STEP][PASSED] - delay: Delayed 5 second(s)

2018-11-29 12:55:48 - [MESSAGE][PASSED] - Delayed 5 second(s)

2018-11-29 12:55:48 - [TEST_STEP][PASSED] - setText: Text 'test@liferay.com' is set on object 'Object Repository/Final Object Repo/Login Page/Internal User/Email Address'

2018-11-29 12:55:49 - [MESSAGE][PASSED] - Text 'test@liferay.com' is set on object 'Object Repository/Final Object Repo/Login Page/Internal User/Email Address'

2018-11-29 12:55:49 - [TEST_STEP][PASSED] - click: Object: 'Object Repository/Final Object Repo/Login Page/Internal User/Next Button' is clicked on

2018-11-29 12:55:49 - [MESSAGE][PASSED] - Object: 'Object Repository/Final Object Repo/Login Page/Internal User/Next Button' is clicked on

2018-11-29 12:55:49 - [TEST_STEP][PASSED] - delay: Delayed 2 second(s)

2018-11-29 12:55:51 - [MESSAGE][PASSED] - Delayed 2 second(s)

2018-11-29 12:55:51 - [TEST_STEP][PASSED] - setText: Text 'test' is set on object 'Object Repository/Final Object Repo/Login Page/Internal User/Password'

2018-11-29 12:55:51 - [MESSAGE][PASSED] - Text 'test' is set on object 'Object Repository/Final Object Repo/Login Page/Internal User/Password'

2018-11-29 12:55:51 - [TEST_STEP][PASSED] - delay: Delayed 2 second(s)

2018-11-29 12:55:53 - [MESSAGE][PASSED] - Delayed 2 second(s)

2018-11-29 12:55:53 - [TEST_STEP][PASSED] - click: Object: 'Object Repository/Final Object Repo/Login Page/Internal User/Login Button' is clicked on

2018-11-29 12:55:54 - [MESSAGE][PASSED] - Object: 'Object Repository/Final Object Repo/Login Page/Internal User/Login Button' is clicked on

2018-11-29 12:55:54 - [TEST_STEP][PASSED] - Statement - Try: null

2018-11-29 12:55:54 - [TEST_STEP][PASSED] - Statement - Checker = com.kms.katalon.core.webui.keyword.WebUiBuiltInKeywords.verifyElementNotPresent("Final Object Repo/Landing Page/Select to English", 3): null

2018-11-29 12:55:54 - [TEST_STEP][PASSED] - Statement - Catch (Exception e): null

2018-11-29 12:55:54 - [TEST_STEP][PASSED] - Statement - e.printStackTrace(): null

2018-11-29 12:55:54 - [TEST_STEP][PASSED] - delay: Delayed 5 second(s)

2018-11-29 12:55:59 - [MESSAGE][PASSED] - Delayed 5 second(s)

2018-11-29 12:55:59 - [TEST_STEP][PASSED] - mouseOver: Object: 'Object Repository/Final Object Repo/Landing Page/WorkFlow Menu' is hovered

2018-11-29 12:55:59 - [MESSAGE][PASSED] - Object: 'Object Repository/Final Object Repo/Landing Page/WorkFlow Menu' is hovered

2018-11-29 12:55:59 - [TEST_STEP][PASSED] - delay: Delayed 2 second(s)

2018-11-29 12:56:01 - [MESSAGE][PASSED] - Delayed 2 second(s)

2018-11-29 12:56:01 - [TEST_STEP][PASSED] - click: Object: 'Object Repository/Final Object Repo/Landing Page/Select to Workflow Listing' is clicked on

2018-11-29 12:56:02 - [MESSAGE][PASSED] - Object: 'Object Repository/Final Object Repo/Landing Page/Select to Workflow Listing' is clicked on

2018-11-29 12:56:02 - [TEST_STEP][PASSED] - delay: Delayed 2 second(s)

2018-11-29 12:56:04 - [MESSAGE][PASSED] - Delayed 2 second(s)

2018-11-29 12:56:04 - [TEST_STEP][PASSED] - click: Object: 'Object Repository/Final Object Repo/WorkFlow Listing Page/Search Information - To Put Ref No' is clicked on

2018-11-29 12:56:04 - [MESSAGE][PASSED] - Object: 'Object Repository/Final Object Repo/WorkFlow Listing Page/Search Information - To Put Ref No' is clicked on

2018-11-29 12:56:04 - [TEST_STEP][PASSED] - delay: Delayed 2 second(s)

2018-11-29 12:56:06 - [MESSAGE][PASSED] - Delayed 2 second(s)

2018-11-29 12:56:06 - [TEST_STEP][PASSED] - callTestCase: Call Test Case 'Test Cases/Final Aug 2018 - PKS Automation/Common/Reference Number Getter' successfully

2018-11-29 12:56:06 - [TEST_CASE][PASSED] - Test Cases/Final Aug 2018 - PKS Automation/Common/Reference Number Getter: Test Cases/Final Aug 2018 - PKS Automation/Common/Reference Number Getter

2018-11-29 12:56:06 - [TEST_STEP][PASSED] - Statement - Try: null

2018-11-29 12:56:06 - [TEST_STEP][PASSED] - Statement - RefNo = new java.io.File(C://Users//Admin//Desktop//PKS//Automation Reference Point//KatalonReference.txt): null

2018-11-29 12:56:06 - [TEST_STEP][PASSED] - Statement - bufferread = new java.io.BufferedReader(new java.io.FileReader(RefNo)): null

2018-11-29 12:56:06 - [TEST_STEP][PASSED] - Statement - readedVal = bufferread.readLine(): null

2018-11-29 12:56:06 - [TEST_STEP][PASSED] - Statement - out.println(CaseReferenceNo): null

2018-11-29 12:56:06 - [TEST_STEP][PASSED] - Statement - out.println(readedVal): null

2018-11-29 12:56:06 - [TEST_STEP][PASSED] - Statement - CaseReferenceNo = "": null

2018-11-29 12:56:06 - [TEST_STEP][PASSED] - Statement - CaseReferenceNo = readedVal: null

2018-11-29 12:56:06 - [MESSAGE][PASSED] - Call Test Case 'Test Cases/Final Aug 2018 - PKS Automation/Common/Reference Number Getter' successfully

2018-11-29 12:56:06 - [TEST_STEP][PASSED] - setText: Text 'ERN112018C200002360' is set on object 'Object Repository/Final Object Repo/WorkFlow Listing Page/Ref No Set Text'

2018-11-29 12:56:06 - [MESSAGE][PASSED] - Text 'ERN112018C200002360' is set on object 'Object Repository/Final Object Repo/WorkFlow Listing Page/Ref No Set Text'

2018-11-29 12:56:06 - [TEST_STEP][PASSED] - delay: Delayed 2 second(s)

2018-11-29 12:56:08 - [MESSAGE][PASSED] - Delayed 2 second(s)

2018-11-29 12:56:08 - [TEST_STEP][PASSED] - click: Object: 'Object Repository/Final Object Repo/WorkFlow Listing Page/Search Ref No Search Button' is clicked on

2018-11-29 12:56:09 - [MESSAGE][PASSED] - Object: 'Object Repository/Final Object Repo/WorkFlow Listing Page/Search Ref No Search Button' is clicked on

2018-11-29 12:56:09 - [TEST_STEP][PASSED] - delay: Delayed 4 second(s)

2018-11-29 12:56:13 - [MESSAGE][PASSED] - Delayed 4 second(s)

2018-11-29 12:56:13 - [TEST_STEP][PASSED] - click: Object: 'Object Repository/Final Object Repo/WorkFlow Listing Page/Click Continue Tooltip' is clicked on

2018-11-29 12:56:14 - [MESSAGE][PASSED] - Object: 'Object Repository/Final Object Repo/WorkFlow Listing Page/Click Continue Tooltip' is clicked on

2018-11-29 12:56:14 - [TEST_STEP][PASSED] - delay: Delayed 5 second(s)

2018-11-29 12:56:19 - [MESSAGE][PASSED] - Delayed 5 second(s)

2018-11-29 12:56:19 - [TEST_STEP][PASSED] - doubleClick: Object: 'Object Repository/Final Object Repo/WorkFlow Listing Page/Workflow Found - Listing 1' is double clicked on

2018-11-29 12:56:19 - [MESSAGE][PASSED] - Object: 'Object Repository/Final Object Repo/WorkFlow Listing Page/Workflow Found - Listing 1' is double clicked on

2018-11-29 12:56:19 - [TEST_STEP][PASSED] - Statement - println(OwnerID): null

2018-11-29 12:56:19 - [TEST_STEP][PASSED] - Statement - OwnerID = com.kms.katalon.core.webui.keyword.WebUiBuiltInKeywords.getText(com.kms.katalon.core.testobject.ObjectRepository.findTestObject(Final Object Repo/WorkFlow Listing Page/Workflow Found - Listing 1), STOP_ON_FAILURE): Text of object 'Object Repository/Final Object Repo/WorkFlow Listing Page/Workflow Found - Listing 1' is: 'JOHORuo1'

2018-11-29 12:56:19 - [MESSAGE][PASSED] - Text of object 'Object Repository/Final Object Repo/WorkFlow Listing Page/Workflow Found - Listing 1' is: 'JOHORuo1'

2018-11-29 12:56:19 - [TEST_STEP][PASSED] - Statement - OwnerID = OwnerID.toLowerCase() + "@gmail.com": null

2018-11-29 12:56:19 - [TEST_STEP][PASSED] - Statement - println(OwnerID): null

2018-11-29 12:56:19 - [TEST_STEP][PASSED] - delay: Delayed 2 second(s)

2018-11-29 12:56:21 - [MESSAGE][PASSED] - Delayed 2 second(s)

2018-11-29 12:56:21 - [MESSAGE][PASSED] - Call Test Case 'Test Cases/Final Aug 2018 - PKS Automation/Common/Workflow Owner Finder' successfully

2018-11-29 12:56:21 - [TEST_STEP][PASSED] - delay: Delayed 1 second(s)

2018-11-29 12:56:22 - [MESSAGE][PASSED] - Delayed 1 second(s)

2018-11-29 12:56:22 - [TEST_STEP][PASSED] - navigateToUrl: Navigate to 'https://assist2-uat.perkeso.gov.my/c/portal/logout' successfully

2018-11-29 12:56:23 - [MESSAGE][PASSED] - Navigate to 'https://assist2-uat.perkeso.gov.my/c/portal/logout' successfully

2018-11-29 12:56:23 - [TEST_STEP][PASSED] - delay: Delayed 1 second(s)

2018-11-29 12:56:24 - [MESSAGE][PASSED] - Delayed 1 second(s)

2018-11-29 12:56:24 - [TEST_STEP][PASSED] - callTestCase: Call Test Case 'Test Cases/Final Aug 2018 - PKS Automation/Registration Module/Workflow/Login and Search Case For Workflow' successfully

2018-11-29 12:56:24 - [TEST_CASE][PASSED] - Test Cases/Final Aug 2018 - PKS Automation/Registration Module/Workflow/Login and Search Case For Workflow: Test Cases/Final Aug 2018 - PKS Automation/Registration Module/Workflow/Login and Search Case For Workflow

2018-11-29 12:56:24 - [TEST_STEP][PASSED] - navigateToUrl: Navigate to 'https://assist2-uat.perkeso.gov.my/login' successfully

2018-11-29 12:56:24 - [MESSAGE][PASSED] - Navigate to 'https://assist2-uat.perkeso.gov.my/login' successfully

2018-11-29 12:56:24 - [TEST_STEP][PASSED] - setText: Text 'johoruo1@gmail.com' is set on object 'Object Repository/Final Object Repo/Login Page/Internal User/Email Address'

2018-11-29 12:56:25 - [MESSAGE][PASSED] - Text 'johoruo1@gmail.com' is set on object 'Object Repository/Final Object Repo/Login Page/Internal User/Email Address'

2018-11-29 12:56:25 - [TEST_STEP][PASSED] - click: Object: 'Object Repository/Final Object Repo/Login Page/Internal User/Next Button' is clicked on

2018-11-29 12:56:25 - [MESSAGE][PASSED] - Object: 'Object Repository/Final Object Repo/Login Page/Internal User/Next Button' is clicked on

2018-11-29 12:56:25 - [TEST_STEP][PASSED] - delay: Delayed 1 second(s)

2018-11-29 12:56:26 - [MESSAGE][PASSED] - Delayed 1 second(s)

2018-11-29 12:56:26 - [TEST_STEP][PASSED] - setEncryptedText: Text ****** has been set on object 'Object Repository/Final Object Repo/Login Page/Internal User/Password'

2018-11-29 12:56:26 - [MESSAGE][PASSED] - Text ****** has been set on object 'Object Repository/Final Object Repo/Login Page/Internal User/Password'

2018-11-29 12:56:26 - [TEST_STEP][PASSED] - click: Object: 'Object Repository/Final Object Repo/Login Page/Internal User/Login Button' is clicked on

2018-11-29 12:56:26 - [MESSAGE][PASSED] - Object: 'Object Repository/Final Object Repo/Login Page/Internal User/Login Button' is clicked on

2018-11-29 12:56:26 - [TEST_STEP][PASSED] - delay: Delayed 2 second(s)

2018-11-29 12:56:28 - [MESSAGE][PASSED] - Delayed 2 second(s)

2018-11-29 12:56:28 - [TEST_STEP][PASSED] - Statement - Try: Delayed 2 second(s)

2018-11-29 12:56:28 - [TEST_STEP][PASSED] - Statement - Checker = false: null

2018-11-29 12:56:28 - [TEST_STEP][PASSED] - Statement - Checker = com.kms.katalon.core.webui.keyword.WebUiBuiltInKeywords.verifyElementHasAttribute(com.kms.katalon.core.testobject.ObjectRepository.findTestObject(Final Object Repo/Landing Page/BM Detecting), "href", 20, OPTIONAL): Object 'Object Repository/Final Object Repo/Landing Page/BM Detecting' has attribute 'href'

2018-11-29 12:56:29 - [MESSAGE][PASSED] - Object 'Object Repository/Final Object Repo/Landing Page/BM Detecting' has attribute 'href'

2018-11-29 12:56:29 - [TEST_STEP][PASSED] - Statement - out.println(Checker): null

2018-11-29 12:56:29 - [TEST_STEP][PASSED] - Statement - If (Checker == false): null

2018-11-29 12:56:29 - [TEST_STEP][PASSED] - Statement - Else: null

2018-11-29 12:56:29 - [TEST_STEP][PASSED] - delay: Delayed 2 second(s)

2018-11-29 12:56:31 - [MESSAGE][PASSED] - Delayed 2 second(s)

2018-11-29 12:56:31 - [TEST_STEP][PASSED] - click: Object: 'Object Repository/Final Object Repo/Page_MyASSIST - ASSIST - Search Pending Case For Add Supporting Document/Search Information' is clicked on

2018-11-29 12:56:31 - [MESSAGE][PASSED] - Object: 'Object Repository/Final Object Repo/Page_MyASSIST - ASSIST - Search Pending Case For Add Supporting Document/Search Information' is clicked on

2018-11-29 12:56:31 - [TEST_STEP][PASSED] - delay: Delayed 3 second(s)

2018-11-29 12:56:34 - [MESSAGE][PASSED] - Delayed 3 second(s)

2018-11-29 12:56:34 - [TEST_STEP][PASSED] - sendKeys: Keys 'ERN112018C200002360' sent to object: 'Object Repository/Final Object Repo/Page_MyASSIST - ASSIST - Search Pending Case For Add Supporting Document/Reference No'

2018-11-29 12:56:34 - [MESSAGE][PASSED] - Keys 'ERN112018C200002360' sent to object: 'Object Repository/Final Object Repo/Page_MyASSIST - ASSIST - Search Pending Case For Add Supporting Document/Reference No'

2018-11-29 12:56:34 - [TEST_STEP][PASSED] - click: Object: 'Object Repository/Final Object Repo/Page_MyASSIST - ASSIST - Search Pending Case For Add Supporting Document/Search Reference No' is clicked on

2018-11-29 12:56:34 - [MESSAGE][PASSED] - Object: 'Object Repository/Final Object Repo/Page_MyASSIST - ASSIST - Search Pending Case For Add Supporting Document/Search Reference No' is clicked on

2018-11-29 12:56:34 - [TEST_STEP][PASSED] - delay: Delayed 2 second(s)

2018-11-29 12:56:36 - [MESSAGE][PASSED] - Delayed 2 second(s)

2018-11-29 12:56:36 - [TEST_STEP][PASSED] - click: Object: 'Object Repository/Final Object Repo/Page_MyASSIST - ASSIST - Search Pending Case For Add Supporting Document/Continue' is clicked on

2018-11-29 12:56:40 - [MESSAGE][PASSED] - Object: 'Object Repository/Final Object Repo/Page_MyASSIST - ASSIST - Search Pending Case For Add Supporting Document/Continue' is clicked on

2018-11-29 12:56:40 - [TEST_STEP][PASSED] - delay: Delayed 20 second(s)

2018-11-29 12:57:00 - [MESSAGE][PASSED] - Delayed 20 second(s)

2018-11-29 12:57:00 - [MESSAGE][PASSED] - Call Test Case 'Test Cases/Final Aug 2018 - PKS Automation/Registration Module/Workflow/Login and Search Case For Workflow' successfully

2018-11-29 12:57:00 - [TEST_STEP][PASSED] - click: Object: 'Object Repository/Final Object Repo/Page_Form 3 EIS - Cessation as Employer/Page_Form 3 EIS - Cessation as Employer (Approve)/Save  Continue in Form 3 Page' is clicked on

2018-11-29 12:57:00 - [MESSAGE][PASSED] - Object: 'Object Repository/Final Object Repo/Page_Form 3 EIS - Cessation as Employer/Page_Form 3 EIS - Cessation as Employer (Approve)/Save  Continue in Form 3 Page' is clicked on

2018-11-29 12:57:00 - [TEST_STEP][PASSED] - delay: Delayed 4 second(s)

2018-11-29 12:57:04 - [MESSAGE][PASSED] - Delayed 4 second(s)

2018-11-29 12:57:04 - [TEST_STEP][PASSED] - click: Object: 'Object Repository/Final Object Repo/Page_Form 3 EIS - Cessation as Employer/Page_Form 3 EIS - Cessation as Employer (Approve)/Save  Continue in Resigned Page' is clicked on

2018-11-29 12:57:04 - [MESSAGE][PASSED] - Object: 'Object Repository/Final Object Repo/Page_Form 3 EIS - Cessation as Employer/Page_Form 3 EIS - Cessation as Employer (Approve)/Save  Continue in Resigned Page' is clicked on

2018-11-29 12:57:04 - [TEST_STEP][PASSED] - delay: Delayed 2 second(s)

2018-11-29 12:57:06 - [MESSAGE][PASSED] - Delayed 2 second(s)

2018-11-29 12:57:06 - [TEST_STEP][PASSED] - setText: Text 'Remark' is set on object 'Object Repository/Final Object Repo/Page_Form 3 EIS - Cessation as Employer/Page_Form 3 EIS - Cessation as Employer (Query)/Query - Remark'

2018-11-29 12:57:07 - [MESSAGE][PASSED] - Text 'Remark' is set on object 'Object Repository/Final Object Repo/Page_Form 3 EIS - Cessation as Employer/Page_Form 3 EIS - Cessation as Employer (Query)/Query - Remark'

2018-11-29 12:57:07 - [TEST_STEP][PASSED] - delay: Delayed 2 second(s)

2018-11-29 12:57:09 - [MESSAGE][PASSED] - Delayed 2 second(s)

2018-11-29 12:57:09 - [TEST_STEP][PASSED] - click: Object: 'Object Repository/Final Object Repo/Page_Form 3 EIS - Cessation as Employer/Page_Form 3 EIS - Cessation as Employer (Query)/Save  Continue' is clicked on

2018-11-29 12:57:10 - [MESSAGE][PASSED] - Object: 'Object Repository/Final Object Repo/Page_Form 3 EIS - Cessation as Employer/Page_Form 3 EIS - Cessation as Employer (Query)/Save  Continue' is clicked on

2018-11-29 12:57:10 - [TEST_STEP][PASSED] - delay: Delayed 2 second(s)

2018-11-29 12:57:12 - [MESSAGE][PASSED] - Delayed 2 second(s)

2018-11-29 12:57:12 - [TEST_STEP][PASSED] - click: Object: 'Object Repository/Final Object Repo/Page_Form 3 EIS - Cessation as Employer/Page_Form 3 EIS - Cessation as Employer (Query)/Query' is clicked on

2018-11-29 12:57:15 - [MESSAGE][PASSED] - Object: 'Object Repository/Final Object Repo/Page_Form 3 EIS - Cessation as Employer/Page_Form 3 EIS - Cessation as Employer (Query)/Query' is clicked on

2018-11-29 12:57:15 - [TEST_STEP][PASSED] - delay: Delayed 2 second(s)

2018-11-29 12:57:17 - [MESSAGE][PASSED] - Delayed 2 second(s)

2018-11-29 12:57:17 - [TEST_STEP][PASSED] - click: Object: 'Object Repository/Final Object Repo/Page_Form 3 EIS - Cessation as Employer/Page_Form 3 EIS - Cessation as Employer (Query)/Confirm' is clicked on

2018-11-29 12:57:24 - [MESSAGE][PASSED] - Object: 'Object Repository/Final Object Repo/Page_Form 3 EIS - Cessation as Employer/Page_Form 3 EIS - Cessation as Employer (Query)/Confirm' is clicked on

2018-11-29 12:57:24 - [TEST_STEP][PASSED] - delay: Delayed 2 second(s)

2018-11-29 12:57:26 - [MESSAGE][PASSED] - Delayed 2 second(s)

2018-11-29 12:57:26 - [TEST_STEP][PASSED] - click: Object: 'Object Repository/Final Object Repo/Page_Form 3 EIS - Cessation as Employer/Page_Form 3 EIS - Cessation as Employer (Query)/Message The Case Is Under Query' is clicked on

2018-11-29 12:57:26 - [MESSAGE][PASSED] - Object: 'Object Repository/Final Object Repo/Page_Form 3 EIS - Cessation as Employer/Page_Form 3 EIS - Cessation as Employer (Query)/Message The Case Is Under Query' is clicked on

2018-11-29 12:57:26 - [TEST_STEP][PASSED] - click: Object: 'Object Repository/Final Object Repo/Page_Form 3 EIS - Cessation as Employer/Page_Form 3 EIS - Cessation as Employer (Query)/Letter of inquiry' is clicked on

2018-11-29 12:57:27 - [MESSAGE][PASSED] - Object: 'Object Repository/Final Object Repo/Page_Form 3 EIS - Cessation as Employer/Page_Form 3 EIS - Cessation as Employer (Query)/Letter of inquiry' is clicked on

2018-11-29 12:57:27 - [TEST_STEP][PASSED] - delay: Delayed 1 second(s)

2018-11-29 12:57:28 - [MESSAGE][PASSED] - Delayed 1 second(s)

2018-11-29 12:57:28 - [TEST_STEP][PASSED] - navigateToUrl: Navigate to 'https://assist2-uat.perkeso.gov.my/c/portal/logout' successfully

2018-11-29 12:57:29 - [MESSAGE][PASSED] - Navigate to 'https://assist2-uat.perkeso.gov.my/c/portal/logout' successfully

2018-11-29 12:57:29 - [TEST_STEP][PASSED] - delay: Delayed 1 second(s)

2018-11-29 12:57:30 - [MESSAGE][PASSED] - Delayed 1 second(s)

2018-11-29 12:57:30 - [TEST_STEP][PASSED] - callTestCase: Call Test Case 'Test Cases/Final Aug 2018 - PKS Automation/Registration Module/Workflow/Login and Search Case For Workflow' successfully

2018-11-29 12:57:30 - [TEST_CASE][PASSED] - Test Cases/Final Aug 2018 - PKS Automation/Registration Module/Workflow/Login and Search Case For Workflow: Test Cases/Final Aug 2018 - PKS Automation/Registration Module/Workflow/Login and Search Case For Workflow

2018-11-29 12:57:30 - [TEST_STEP][PASSED] - navigateToUrl: Navigate to 'https://assist2-uat.perkeso.gov.my/login' successfully

2018-11-29 12:57:30 - [MESSAGE][PASSED] - Navigate to 'https://assist2-uat.perkeso.gov.my/login' successfully

2018-11-29 12:57:30 - [TEST_STEP][PASSED] - setText: Text 'johoruo1@gmail.com' is set on object 'Object Repository/Final Object Repo/Login Page/Internal User/Email Address'

2018-11-29 12:57:31 - [MESSAGE][PASSED] - Text 'johoruo1@gmail.com' is set on object 'Object Repository/Final Object Repo/Login Page/Internal User/Email Address'

2018-11-29 12:57:31 - [TEST_STEP][PASSED] - click: Object: 'Object Repository/Final Object Repo/Login Page/Internal User/Next Button' is clicked on

2018-11-29 12:57:31 - [MESSAGE][PASSED] - Object: 'Object Repository/Final Object Repo/Login Page/Internal User/Next Button' is clicked on

2018-11-29 12:57:31 - [TEST_STEP][PASSED] - delay: Delayed 1 second(s)

2018-11-29 12:57:32 - [MESSAGE][PASSED] - Delayed 1 second(s)

2018-11-29 12:57:32 - [TEST_STEP][PASSED] - setEncryptedText: Text ****** has been set on object 'Object Repository/Final Object Repo/Login Page/Internal User/Password'

2018-11-29 12:57:32 - [MESSAGE][PASSED] - Text ****** has been set on object 'Object Repository/Final Object Repo/Login Page/Internal User/Password'

2018-11-29 12:57:32 - [TEST_STEP][PASSED] - click: Object: 'Object Repository/Final Object Repo/Login Page/Internal User/Login Button' is clicked on

2018-11-29 12:57:32 - [MESSAGE][PASSED] - Object: 'Object Repository/Final Object Repo/Login Page/Internal User/Login Button' is clicked on

2018-11-29 12:57:32 - [TEST_STEP][PASSED] - delay: Delayed 2 second(s)

2018-11-29 12:57:34 - [MESSAGE][PASSED] - Delayed 2 second(s)

2018-11-29 12:57:34 - [TEST_STEP][PASSED] - Statement - Try: Delayed 2 second(s)

2018-11-29 12:57:34 - [TEST_STEP][PASSED] - Statement - Checker = false: null

2018-11-29 12:57:34 - [TEST_STEP][PASSED] - Statement - Checker = com.kms.katalon.core.webui.keyword.WebUiBuiltInKeywords.verifyElementHasAttribute(com.kms.katalon.core.testobject.ObjectRepository.findTestObject(Final Object Repo/Landing Page/BM Detecting), "href", 20, OPTIONAL): Object 'Object Repository/Final Object Repo/Landing Page/BM Detecting' has attribute 'href'

2018-11-29 12:57:34 - [MESSAGE][PASSED] - Object 'Object Repository/Final Object Repo/Landing Page/BM Detecting' has attribute 'href'

2018-11-29 12:57:34 - [TEST_STEP][PASSED] - Statement - out.println(Checker): null

2018-11-29 12:57:34 - [TEST_STEP][PASSED] - Statement - If (Checker == false): null

2018-11-29 12:57:34 - [TEST_STEP][PASSED] - Statement - Else: null

2018-11-29 12:57:34 - [TEST_STEP][PASSED] - delay: Delayed 2 second(s)

2018-11-29 12:57:36 - [MESSAGE][PASSED] - Delayed 2 second(s)

2018-11-29 12:57:36 - [TEST_STEP][PASSED] - click: Object: 'Object Repository/Final Object Repo/Page_MyASSIST - ASSIST - Search Pending Case For Add Supporting Document/Search Information' is clicked on

2018-11-29 12:57:37 - [MESSAGE][PASSED] - Object: 'Object Repository/Final Object Repo/Page_MyASSIST - ASSIST - Search Pending Case For Add Supporting Document/Search Information' is clicked on

2018-11-29 12:57:37 - [TEST_STEP][PASSED] - delay: Delayed 3 second(s)

2018-11-29 12:57:40 - [MESSAGE][PASSED] - Delayed 3 second(s)

2018-11-29 12:57:40 - [TEST_STEP][PASSED] - sendKeys: Keys 'ERN112018C200002360' sent to object: 'Object Repository/Final Object Repo/Page_MyASSIST - ASSIST - Search Pending Case For Add Supporting Document/Reference No'

2018-11-29 12:57:40 - [MESSAGE][PASSED] - Keys 'ERN112018C200002360' sent to object: 'Object Repository/Final Object Repo/Page_MyASSIST - ASSIST - Search Pending Case For Add Supporting Document/Reference No'

2018-11-29 12:57:40 - [TEST_STEP][PASSED] - click: Object: 'Object Repository/Final Object Repo/Page_MyASSIST - ASSIST - Search Pending Case For Add Supporting Document/Search Reference No' is clicked on

2018-11-29 12:57:40 - [MESSAGE][PASSED] - Object: 'Object Repository/Final Object Repo/Page_MyASSIST - ASSIST - Search Pending Case For Add Supporting Document/Search Reference No' is clicked on

2018-11-29 12:57:40 - [TEST_STEP][PASSED] - delay: Delayed 2 second(s)

2018-11-29 12:57:42 - [MESSAGE][PASSED] - Delayed 2 second(s)

2018-11-29 12:57:42 - [TEST_STEP][PASSED] - click: Object: 'Object Repository/Final Object Repo/Page_MyASSIST - ASSIST - Search Pending Case For Add Supporting Document/Continue' is clicked on

2018-11-29 12:57:45 - [MESSAGE][PASSED] - Object: 'Object Repository/Final Object Repo/Page_MyASSIST - ASSIST - Search Pending Case For Add Supporting Document/Continue' is clicked on

2018-11-29 12:57:45 - [TEST_STEP][PASSED] - delay: Delayed 20 second(s)

2018-11-29 12:58:05 - [MESSAGE][PASSED] - Delayed 20 second(s)

2018-11-29 12:58:05 - [MESSAGE][PASSED] - Call Test Case 'Test Cases/Final Aug 2018 - PKS Automation/Registration Module/Workflow/Login and Search Case For Workflow' successfully

2018-11-29 12:58:05 - [TEST_STEP][PASSED] - navigateToUrl: Navigate to 'https://assist2-uat.perkeso.gov.my/web/registration/eis-update/form-3-eis-cessation-as-employer?p_p_id=searchforemployersip_WAR_registrationportlet&p_p_lifecycle=0&_searchforemployersip_WAR_registrationportlet_regViewKey=87&_searchforemployersip_WAR_registrationportlet_browserIdKey=1536115932192&_searchforemployersip_WAR_registrationportlet_tempEmployerIdKey=128990&_searchforemployersip_WAR_registrationportlet_employerIdKey=&_searchforemployersip_WAR_registrationportlet_refCaseNo=ERN092018C200002133&_searchforemployersip_WAR_registrationportlet_mvcPath=%2Fapps%2Freg%2Fdiscontinue_business_sip%2Fdiscontinue_business_sip_form.jsp&_searchforemployersip_WAR_registrationportlet_regSectionKey=215' successfully

2018-11-29 12:58:08 - [MESSAGE][PASSED] - Navigate to 'https://assist2-uat.perkeso.gov.my/web/registration/eis-update/form-3-eis-cessation-as-employer?p_p_id=searchforemployersip_WAR_registrationportlet&p_p_lifecycle=0&_searchforemployersip_WAR_registrationportlet_regViewKey=87&_searchforemployersip_WAR_registrationportlet_browserIdKey=1536115932192&_searchforemployersip_WAR_registrationportlet_tempEmployerIdKey=128990&_searchforemployersip_WAR_registrationportlet_employerIdKey=&_searchforemployersip_WAR_registrationportlet_refCaseNo=ERN092018C200002133&_searchforemployersip_WAR_registrationportlet_mvcPath=%2Fapps%2Freg%2Fdiscontinue_business_sip%2Fdiscontinue_business_sip_form.jsp&_searchforemployersip_WAR_registrationportlet_regSectionKey=215' successfully

2018-11-29 12:58:08 - [TEST_STEP][PASSED] - delay: Delayed 3 second(s)

2018-11-29 12:58:11 - [MESSAGE][PASSED] - Delayed 3 second(s)

2018-11-29 12:58:11 - [TEST_STEP][FAILED] - click: Unable to click on object 'Object Repository/Final Object Repo/Page_Form 3 EIS - Cessation as Employer/Page_Form 3 EIS - Cessation as Employer (Query - OTC - UO)/Next' (Root cause: com.kms.katalon.core.webui.exception.WebElementNotFoundException: Web element with id: 'Object Repository/Final Object Repo/Page_Form 3 EIS - Cessation as Employer/Page_Form 3 EIS - Cessation as Employer (Query - OTC - UO)/Next' located by 'By.xpath: //a[(text() = ' NEXT
						' or . = ' NEXT
						')]' not found)

2018-11-29 12:58:45 - [MESSAGE][FAILED] - Unable to click on object 'Object Repository/Final Object Repo/Page_Form 3 EIS - Cessation as Employer/Page_Form 3 EIS - Cessation as Employer (Query - OTC - UO)/Next' (Root cause: com.kms.katalon.core.webui.exception.WebElementNotFoundException: Web element with id: 'Object Repository/Final Object Repo/Page_Form 3 EIS - Cessation as Employer/Page_Form 3 EIS - Cessation as Employer (Query - OTC - UO)/Next' located by 'By.xpath: //a[(text() = ' NEXT
						' or . = ' NEXT
						')]' not found)
[[ATTACHMENT|C:\\Users\\Admin\\Desktop\\PKS\\Perkeso Phase A\\Reports\\Workflow\\Form 3 EIS - Cessation as Employer\\20181129_120516\\1543467524750.png]]

2018-11-29 12:58:45 - [TEST_STEP][PASSED] - delay: Delayed 2 second(s)

2018-11-29 12:58:47 - [MESSAGE][PASSED] - Delayed 2 second(s)

2018-11-29 12:58:47 - [TEST_STEP][FAILED] - click: Unable to click on object 'Object Repository/Final Object Repo/Page_Form 3 EIS - Cessation as Employer/Page_Form 3 EIS - Cessation as Employer (Query - OTC - UO)/Next in Resigned Page' (Root cause: com.kms.katalon.core.webui.exception.WebElementNotFoundException: Web element with id: 'Object Repository/Final Object Repo/Page_Form 3 EIS - Cessation as Employer/Page_Form 3 EIS - Cessation as Employer (Query - OTC - UO)/Next in Resigned Page' located by 'By.xpath: //a[(text() = ' NEXT
					' or . = ' NEXT
					')]' not found)

2018-11-29 12:59:19 - [MESSAGE][FAILED] - Unable to click on object 'Object Repository/Final Object Repo/Page_Form 3 EIS - Cessation as Employer/Page_Form 3 EIS - Cessation as Employer (Query - OTC - UO)/Next in Resigned Page' (Root cause: com.kms.katalon.core.webui.exception.WebElementNotFoundException: Web element with id: 'Object Repository/Final Object Repo/Page_Form 3 EIS - Cessation as Employer/Page_Form 3 EIS - Cessation as Employer (Query - OTC - UO)/Next in Resigned Page' located by 'By.xpath: //a[(text() = ' NEXT
					' or . = ' NEXT
					')]' not found)
[[ATTACHMENT|C:\\Users\\Admin\\Desktop\\PKS\\Perkeso Phase A\\Reports\\Workflow\\Form 3 EIS - Cessation as Employer\\20181129_120516\\1543467559466.png]]

2018-11-29 12:59:19 - [TEST_STEP][PASSED] - delay: Delayed 2 second(s)

2018-11-29 12:59:21 - [MESSAGE][PASSED] - Delayed 2 second(s)

2018-11-29 12:59:21 - [TEST_STEP][FAILED] - click: Unable to click on object 'Object Repository/Final Object Repo/Page_Form 3 EIS - Cessation as Employer/Page_Form 3 EIS - Cessation as Employer (Query - OTC - UO)/Add Document' (Root cause: com.kms.katalon.core.webui.exception.WebElementNotFoundException: Web element with id: 'Object Repository/Final Object Repo/Page_Form 3 EIS - Cessation as Employer/Page_Form 3 EIS - Cessation as Employer (Query - OTC - UO)/Add Document' located by 'By.xpath: //a[(text() = '
					ADD DOCUMENT
	             ' or . = '
					ADD DOCUMENT
	             ')]' not found)

2018-11-29 12:59:55 - [MESSAGE][FAILED] - Unable to click on object 'Object Repository/Final Object Repo/Page_Form 3 EIS - Cessation as Employer/Page_Form 3 EIS - Cessation as Employer (Query - OTC - UO)/Add Document' (Root cause: com.kms.katalon.core.webui.exception.WebElementNotFoundException: Web element with id: 'Object Repository/Final Object Repo/Page_Form 3 EIS - Cessation as Employer/Page_Form 3 EIS - Cessation as Employer (Query - OTC - UO)/Add Document' located by 'By.xpath: //a[(text() = '
					ADD DOCUMENT
	             ' or . = '
					ADD DOCUMENT
	             ')]' not found)
[[ATTACHMENT|C:\\Users\\Admin\\Desktop\\PKS\\Perkeso Phase A\\Reports\\Workflow\\Form 3 EIS - Cessation as Employer\\20181129_120516\\1543467595121.png]]

2018-11-29 12:59:55 - [TEST_STEP][PASSED] - delay: Delayed 2 second(s)

2018-11-29 12:59:57 - [MESSAGE][PASSED] - Delayed 2 second(s)

2018-11-29 12:59:57 - [TEST_STEP][FAILED] - click: Unable to click on object 'Object Repository/Final Object Repo/Page_Form 3 EIS - Cessation as Employer/Page_Form 3 EIS - Cessation as Employer (Query - OTC - UO)/Document Type' (Root cause: com.kms.katalon.core.webui.exception.WebElementNotFoundException: Web element with id: 'Object Repository/Final Object Repo/Page_Form 3 EIS - Cessation as Employer/Page_Form 3 EIS - Cessation as Employer (Query - OTC - UO)/Document Type' located by 'By.xpath: //span[@aria-labelledby = 'select2-_searchforemployersip_WAR_registrationportlet_objdocTypeId-container']' not found)

2018-11-29 13:00:34 - [MESSAGE][FAILED] - Unable to click on object 'Object Repository/Final Object Repo/Page_Form 3 EIS - Cessation as Employer/Page_Form 3 EIS - Cessation as Employer (Query - OTC - UO)/Document Type' (Root cause: com.kms.katalon.core.webui.exception.WebElementNotFoundException: Web element with id: 'Object Repository/Final Object Repo/Page_Form 3 EIS - Cessation as Employer/Page_Form 3 EIS - Cessation as Employer (Query - OTC - UO)/Document Type' located by 'By.xpath: //span[@aria-labelledby = 'select2-_searchforemployersip_WAR_registrationportlet_objdocTypeId-container']' not found)
[[ATTACHMENT|C:\\Users\\Admin\\Desktop\\PKS\\Perkeso Phase A\\Reports\\Workflow\\Form 3 EIS - Cessation as Employer\\20181129_120516\\1543467634016.png]]

2018-11-29 13:00:34 - [TEST_STEP][PASSED] - delay: Delayed 2 second(s)

2018-11-29 13:00:36 - [MESSAGE][PASSED] - Delayed 2 second(s)

2018-11-29 13:00:36 - [TEST_STEP][FAILED] - click: Unable to click on object 'Object Repository/Final Object Repo/Page_Form 3 EIS - Cessation as Employer/Page_Form 3 EIS - Cessation as Employer (Query - OTC - UO)/Document Type - Others' (Root cause: com.kms.katalon.core.webui.exception.WebElementNotFoundException: Web element with id: 'Object Repository/Final Object Repo/Page_Form 3 EIS - Cessation as Employer/Page_Form 3 EIS - Cessation as Employer (Query - OTC - UO)/Document Type - Others' located by 'By.xpath: //span[(text() = '


	Others
' or . = '


	Others
')]' not found)

2018-11-29 13:01:08 - [MESSAGE][FAILED] - Unable to click on object 'Object Repository/Final Object Repo/Page_Form 3 EIS - Cessation as Employer/Page_Form 3 EIS - Cessation as Employer (Query - OTC - UO)/Document Type - Others' (Root cause: com.kms.katalon.core.webui.exception.WebElementNotFoundException: Web element with id: 'Object Repository/Final Object Repo/Page_Form 3 EIS - Cessation as Employer/Page_Form 3 EIS - Cessation as Employer (Query - OTC - UO)/Document Type - Others' located by 'By.xpath: //span[(text() = '


	Others
' or . = '


	Others
')]' not found)
[[ATTACHMENT|C:\\Users\\Admin\\Desktop\\PKS\\Perkeso Phase A\\Reports\\Workflow\\Form 3 EIS - Cessation as Employer\\20181129_120516\\1543467667874.png]]

2018-11-29 13:01:08 - [TEST_STEP][PASSED] - delay: Delayed 2 second(s)

2018-11-29 13:01:10 - [MESSAGE][PASSED] - Delayed 2 second(s)

2018-11-29 13:01:10 - [TEST_STEP][FAILED] - sendKeys: Unable to send keys 'C:\Users\Public\Pictures\Sample Pictures\Koala.jpg' to object 'Object Repository/Final Object Repo/Page_Form 3 EIS - Cessation as Employer/Page_Form 3 EIS - Cessation as Employer (Query - OTC - UO)/ploading File' (Root cause: com.kms.katalon.core.webui.exception.WebElementNotFoundException: Web element with id: 'Object Repository/Final Object Repo/Page_Form 3 EIS - Cessation as Employer/Page_Form 3 EIS - Cessation as Employer (Query - OTC - UO)/ploading File' located by 'By.xpath: //input[@type = 'file' and @id = '_searchforemployersip_WAR_registrationportlet_uploadFile']' not found)

2018-11-29 13:01:43 - [MESSAGE][FAILED] - Unable to send keys 'C:\Users\Public\Pictures\Sample Pictures\Koala.jpg' to object 'Object Repository/Final Object Repo/Page_Form 3 EIS - Cessation as Employer/Page_Form 3 EIS - Cessation as Employer (Query - OTC - UO)/ploading File' (Root cause: com.kms.katalon.core.webui.exception.WebElementNotFoundException: Web element with id: 'Object Repository/Final Object Repo/Page_Form 3 EIS - Cessation as Employer/Page_Form 3 EIS - Cessation as Employer (Query - OTC - UO)/ploading File' located by 'By.xpath: //input[@type = 'file' and @id = '_searchforemployersip_WAR_registrationportlet_uploadFile']' not found)
[[ATTACHMENT|C:\\Users\\Admin\\Desktop\\PKS\\Perkeso Phase A\\Reports\\Workflow\\Form 3 EIS - Cessation as Employer\\20181129_120516\\1543467702900.png]]

2018-11-29 13:01:43 - [TEST_STEP][PASSED] - delay: Delayed 2 second(s)

2018-11-29 13:01:45 - [MESSAGE][PASSED] - Delayed 2 second(s)

2018-11-29 13:01:45 - [TEST_STEP][FAILED] - click: Unable to click on object 'Object Repository/Final Object Repo/Page_Form 3 EIS - Cessation as Employer/Page_Form 3 EIS - Cessation as Employer (Query - OTC - UO)/Add Document in Uploading Page' (Root cause: com.kms.katalon.core.webui.exception.WebElementNotFoundException: Web element with id: 'Object Repository/Final Object Repo/Page_Form 3 EIS - Cessation as Employer/Page_Form 3 EIS - Cessation as Employer (Query - OTC - UO)/Add Document in Uploading Page' located by 'By.xpath: //a[(text() = '
										ADD DOCUMENT
								     ' or . = '
										ADD DOCUMENT
								     ')]' not found)

2018-11-29 13:02:19 - [MESSAGE][FAILED] - Unable to click on object 'Object Repository/Final Object Repo/Page_Form 3 EIS - Cessation as Employer/Page_Form 3 EIS - Cessation as Employer (Query - OTC - UO)/Add Document in Uploading Page' (Root cause: com.kms.katalon.core.webui.exception.WebElementNotFoundException: Web element with id: 'Object Repository/Final Object Repo/Page_Form 3 EIS - Cessation as Employer/Page_Form 3 EIS - Cessation as Employer (Query - OTC - UO)/Add Document in Uploading Page' located by 'By.xpath: //a[(text() = '
										ADD DOCUMENT
								     ' or . = '
										ADD DOCUMENT
								     ')]' not found)
[[ATTACHMENT|C:\\Users\\Admin\\Desktop\\PKS\\Perkeso Phase A\\Reports\\Workflow\\Form 3 EIS - Cessation as Employer\\20181129_120516\\1543467738951.png]]

2018-11-29 13:02:19 - [TEST_STEP][PASSED] - delay: Delayed 2 second(s)

2018-11-29 13:02:21 - [MESSAGE][PASSED] - Delayed 2 second(s)

2018-11-29 13:02:21 - [TEST_STEP][FAILED] - click: Unable to click on object 'Object Repository/Final Object Repo/Page_Form 3 EIS - Cessation as Employer/Page_Form 3 EIS - Cessation as Employer (Query - OTC - UO)/Exit' (Root cause: com.kms.katalon.core.webui.exception.WebElementNotFoundException: Web element with id: 'Object Repository/Final Object Repo/Page_Form 3 EIS - Cessation as Employer/Page_Form 3 EIS - Cessation as Employer (Query - OTC - UO)/Exit' located by 'By.xpath: //a[(text() = '
									EXIT
				                ' or . = '
									EXIT
				                ')]' not found)

2018-11-29 13:02:54 - [MESSAGE][FAILED] - Unable to click on object 'Object Repository/Final Object Repo/Page_Form 3 EIS - Cessation as Employer/Page_Form 3 EIS - Cessation as Employer (Query - OTC - UO)/Exit' (Root cause: com.kms.katalon.core.webui.exception.WebElementNotFoundException: Web element with id: 'Object Repository/Final Object Repo/Page_Form 3 EIS - Cessation as Employer/Page_Form 3 EIS - Cessation as Employer (Query - OTC - UO)/Exit' located by 'By.xpath: //a[(text() = '
									EXIT
				                ' or . = '
									EXIT
				                ')]' not found)
[[ATTACHMENT|C:\\Users\\Admin\\Desktop\\PKS\\Perkeso Phase A\\Reports\\Workflow\\Form 3 EIS - Cessation as Employer\\20181129_120516\\1543467773682.png]]

2018-11-29 13:02:54 - [TEST_STEP][PASSED] - delay: Delayed 1 second(s)

2018-11-29 13:02:55 - [MESSAGE][PASSED] - Delayed 1 second(s)

2018-11-29 13:02:55 - [TEST_STEP][PASSED] - navigateToUrl: Navigate to 'https://assist2-uat.perkeso.gov.my/c/portal/logout' successfully

2018-11-29 13:02:55 - [MESSAGE][PASSED] - Navigate to 'https://assist2-uat.perkeso.gov.my/c/portal/logout' successfully

2018-11-29 13:02:55 - [TEST_STEP][PASSED] - delay: Delayed 1 second(s)

2018-11-29 13:02:56 - [MESSAGE][PASSED] - Delayed 1 second(s)

2018-11-29 13:02:56 - [TEST_STEP][PASSED] - callTestCase: Call Test Case 'Test Cases/Final Aug 2018 - PKS Automation/Registration Module/Workflow/Login and Search Case For Workflow' successfully

2018-11-29 13:02:56 - [TEST_CASE][PASSED] - Test Cases/Final Aug 2018 - PKS Automation/Registration Module/Workflow/Login and Search Case For Workflow: Test Cases/Final Aug 2018 - PKS Automation/Registration Module/Workflow/Login and Search Case For Workflow

2018-11-29 13:02:56 - [TEST_STEP][PASSED] - navigateToUrl: Navigate to 'https://assist2-uat.perkeso.gov.my/login' successfully

2018-11-29 13:02:57 - [MESSAGE][PASSED] - Navigate to 'https://assist2-uat.perkeso.gov.my/login' successfully

2018-11-29 13:02:57 - [TEST_STEP][PASSED] - setText: Text 'johoruo1@gmail.com' is set on object 'Object Repository/Final Object Repo/Login Page/Internal User/Email Address'

2018-11-29 13:02:57 - [MESSAGE][PASSED] - Text 'johoruo1@gmail.com' is set on object 'Object Repository/Final Object Repo/Login Page/Internal User/Email Address'

2018-11-29 13:02:57 - [TEST_STEP][PASSED] - click: Object: 'Object Repository/Final Object Repo/Login Page/Internal User/Next Button' is clicked on

2018-11-29 13:02:57 - [MESSAGE][PASSED] - Object: 'Object Repository/Final Object Repo/Login Page/Internal User/Next Button' is clicked on

2018-11-29 13:02:57 - [TEST_STEP][PASSED] - delay: Delayed 1 second(s)

2018-11-29 13:02:58 - [MESSAGE][PASSED] - Delayed 1 second(s)

2018-11-29 13:02:58 - [TEST_STEP][PASSED] - setEncryptedText: Text ****** has been set on object 'Object Repository/Final Object Repo/Login Page/Internal User/Password'

2018-11-29 13:02:59 - [MESSAGE][PASSED] - Text ****** has been set on object 'Object Repository/Final Object Repo/Login Page/Internal User/Password'

2018-11-29 13:02:59 - [TEST_STEP][PASSED] - click: Object: 'Object Repository/Final Object Repo/Login Page/Internal User/Login Button' is clicked on

2018-11-29 13:02:59 - [MESSAGE][PASSED] - Object: 'Object Repository/Final Object Repo/Login Page/Internal User/Login Button' is clicked on

2018-11-29 13:02:59 - [TEST_STEP][PASSED] - delay: Delayed 2 second(s)

2018-11-29 13:03:01 - [MESSAGE][PASSED] - Delayed 2 second(s)

2018-11-29 13:03:01 - [TEST_STEP][PASSED] - Statement - Try: Delayed 2 second(s)

2018-11-29 13:03:01 - [TEST_STEP][PASSED] - Statement - Checker = false: null

2018-11-29 13:03:01 - [TEST_STEP][PASSED] - Statement - Checker = com.kms.katalon.core.webui.keyword.WebUiBuiltInKeywords.verifyElementHasAttribute(com.kms.katalon.core.testobject.ObjectRepository.findTestObject(Final Object Repo/Landing Page/BM Detecting), "href", 20, OPTIONAL): Object 'Object Repository/Final Object Repo/Landing Page/BM Detecting' has attribute 'href'

2018-11-29 13:03:01 - [MESSAGE][PASSED] - Object 'Object Repository/Final Object Repo/Landing Page/BM Detecting' has attribute 'href'

2018-11-29 13:03:01 - [TEST_STEP][PASSED] - Statement - out.println(Checker): null

2018-11-29 13:03:01 - [TEST_STEP][PASSED] - Statement - If (Checker == false): null

2018-11-29 13:03:01 - [TEST_STEP][PASSED] - Statement - Else: null

2018-11-29 13:03:01 - [TEST_STEP][PASSED] - delay: Delayed 2 second(s)

2018-11-29 13:03:03 - [MESSAGE][PASSED] - Delayed 2 second(s)

2018-11-29 13:03:03 - [TEST_STEP][PASSED] - click: Object: 'Object Repository/Final Object Repo/Page_MyASSIST - ASSIST - Search Pending Case For Add Supporting Document/Search Information' is clicked on

2018-11-29 13:03:03 - [MESSAGE][PASSED] - Object: 'Object Repository/Final Object Repo/Page_MyASSIST - ASSIST - Search Pending Case For Add Supporting Document/Search Information' is clicked on

2018-11-29 13:03:03 - [TEST_STEP][PASSED] - delay: Delayed 3 second(s)

2018-11-29 13:03:06 - [MESSAGE][PASSED] - Delayed 3 second(s)

2018-11-29 13:03:06 - [TEST_STEP][PASSED] - sendKeys: Keys 'ERN112018C200002360' sent to object: 'Object Repository/Final Object Repo/Page_MyASSIST - ASSIST - Search Pending Case For Add Supporting Document/Reference No'

2018-11-29 13:03:07 - [MESSAGE][PASSED] - Keys 'ERN112018C200002360' sent to object: 'Object Repository/Final Object Repo/Page_MyASSIST - ASSIST - Search Pending Case For Add Supporting Document/Reference No'

2018-11-29 13:03:07 - [TEST_STEP][PASSED] - click: Object: 'Object Repository/Final Object Repo/Page_MyASSIST - ASSIST - Search Pending Case For Add Supporting Document/Search Reference No' is clicked on

2018-11-29 13:03:07 - [MESSAGE][PASSED] - Object: 'Object Repository/Final Object Repo/Page_MyASSIST - ASSIST - Search Pending Case For Add Supporting Document/Search Reference No' is clicked on

2018-11-29 13:03:07 - [TEST_STEP][PASSED] - delay: Delayed 2 second(s)

2018-11-29 13:03:09 - [MESSAGE][PASSED] - Delayed 2 second(s)

2018-11-29 13:03:09 - [TEST_STEP][PASSED] - click: Object: 'Object Repository/Final Object Repo/Page_MyASSIST - ASSIST - Search Pending Case For Add Supporting Document/Continue' is clicked on

2018-11-29 13:03:12 - [MESSAGE][PASSED] - Object: 'Object Repository/Final Object Repo/Page_MyASSIST - ASSIST - Search Pending Case For Add Supporting Document/Continue' is clicked on

2018-11-29 13:03:12 - [TEST_STEP][PASSED] - delay: Delayed 20 second(s)

2018-11-29 13:03:32 - [MESSAGE][PASSED] - Delayed 20 second(s)

2018-11-29 13:03:32 - [MESSAGE][PASSED] - Call Test Case 'Test Cases/Final Aug 2018 - PKS Automation/Registration Module/Workflow/Login and Search Case For Workflow' successfully

2018-11-29 13:03:32 - [TEST_STEP][PASSED] - click: Object: 'Object Repository/Final Object Repo/Page_Form 3 EIS - Cessation as Employer/Page_Form 3 EIS - Cessation as Employer (Approve)/Save  Continue in Form 3 Page' is clicked on

2018-11-29 13:03:32 - [MESSAGE][PASSED] - Object: 'Object Repository/Final Object Repo/Page_Form 3 EIS - Cessation as Employer/Page_Form 3 EIS - Cessation as Employer (Approve)/Save  Continue in Form 3 Page' is clicked on

2018-11-29 13:03:32 - [TEST_STEP][PASSED] - delay: Delayed 2 second(s)

2018-11-29 13:03:34 - [MESSAGE][PASSED] - Delayed 2 second(s)

2018-11-29 13:03:34 - [TEST_STEP][PASSED] - click: Object: 'Object Repository/Final Object Repo/Page_Form 3 EIS - Cessation as Employer/Page_Form 3 EIS - Cessation as Employer (Approve)/Save  Continue in Resigned Page' is clicked on

2018-11-29 13:03:34 - [MESSAGE][PASSED] - Object: 'Object Repository/Final Object Repo/Page_Form 3 EIS - Cessation as Employer/Page_Form 3 EIS - Cessation as Employer (Approve)/Save  Continue in Resigned Page' is clicked on

2018-11-29 13:03:34 - [TEST_STEP][PASSED] - delay: Delayed 2 second(s)

2018-11-29 13:03:36 - [MESSAGE][PASSED] - Delayed 2 second(s)

2018-11-29 13:03:36 - [TEST_STEP][PASSED] - click: Object: 'Object Repository/Final Object Repo/Page_Form 3 EIS - Cessation as Employer/Page_Form 3 EIS - Cessation as Employer (Approve)/Save  Continue in Uploading Page' is clicked on

2018-11-29 13:03:38 - [MESSAGE][PASSED] - Object: 'Object Repository/Final Object Repo/Page_Form 3 EIS - Cessation as Employer/Page_Form 3 EIS - Cessation as Employer (Approve)/Save  Continue in Uploading Page' is clicked on

2018-11-29 13:03:38 - [TEST_STEP][PASSED] - delay: Delayed 2 second(s)

2018-11-29 13:03:40 - [MESSAGE][PASSED] - Delayed 2 second(s)

2018-11-29 13:03:40 - [TEST_STEP][PASSED] - click: Object: 'Object Repository/Final Object Repo/Page_Form 3 EIS - Cessation as Employer/Page_Form 3 EIS - Cessation as Employer (Reject)/Reject' is clicked on

2018-11-29 13:03:42 - [MESSAGE][PASSED] - Object: 'Object Repository/Final Object Repo/Page_Form 3 EIS - Cessation as Employer/Page_Form 3 EIS - Cessation as Employer (Reject)/Reject' is clicked on

2018-11-29 13:03:42 - [TEST_STEP][PASSED] - delay: Delayed 2 second(s)

2018-11-29 13:03:44 - [MESSAGE][PASSED] - Delayed 2 second(s)

2018-11-29 13:03:44 - [TEST_STEP][PASSED] - click: Object: 'Object Repository/Final Object Repo/Page_Form 3 EIS - Cessation as Employer/Page_Form 3 EIS - Cessation as Employer (Reject)/Confirm' is clicked on

2018-11-29 13:03:45 - [MESSAGE][PASSED] - Object: 'Object Repository/Final Object Repo/Page_Form 3 EIS - Cessation as Employer/Page_Form 3 EIS - Cessation as Employer (Reject)/Confirm' is clicked on

2018-11-29 13:03:45 - [TEST_STEP][PASSED] - delay: Delayed 2 second(s)

2018-11-29 13:03:47 - [MESSAGE][PASSED] - Delayed 2 second(s)

2018-11-29 13:03:47 - [TEST_STEP][PASSED] - click: Object: 'Object Repository/Final Object Repo/Page_Form 3 EIS - Cessation as Employer/Page_Form 3 EIS - Cessation as Employer (Reject)/Message This Case has been Rejected' is clicked on

2018-11-29 13:03:51 - [MESSAGE][PASSED] - Object: 'Object Repository/Final Object Repo/Page_Form 3 EIS - Cessation as Employer/Page_Form 3 EIS - Cessation as Employer (Reject)/Message This Case has been Rejected' is clicked on

2018-11-29 13:03:51 - [TEST_STEP][PASSED] - click: Object: 'Object Repository/Final Object Repo/Page_Form 3 EIS - Cessation as Employer/Page_Form 3 EIS - Cessation as Employer (Reject)/Letter of update rejection' is clicked on

2018-11-29 13:03:52 - [MESSAGE][PASSED] - Object: 'Object Repository/Final Object Repo/Page_Form 3 EIS - Cessation as Employer/Page_Form 3 EIS - Cessation as Employer (Reject)/Letter of update rejection' is clicked on

2018-11-29 13:03:52 - [MESSAGE][FAILED] - Unable to call Test Case with id 'Test Cases/Final Aug 2018 - PKS Automation/Registration Module/Workflow/Form 3 EIS - Cessation As Employer/Template/Form 3 A - Cessation As Employer (Query)' (Root cause: Call Test Case 'Test Cases/Final Aug 2018 - PKS Automation/Registration Module/Workflow/Form 3 EIS - Cessation As Employer/Template/Form 3 A - Cessation As Employer (Query)' failed)]]></system-out>
         <system-err><![CDATA[2018-11-29 12:54:34 - [TEST_CASE][FAILED] - Test Cases/Final Aug 2018 - PKS Automation/Registration Module/Workflow/Form 3 EIS - Cessation As Employer/PKRBO to UO (Query): Test Cases/Final Aug 2018 - PKS Automation/Registration Module/Workflow/Form 3 EIS - Cessation As Employer/PKRBO to UO (Query) FAILED because (of) (Stack trace: com.kms.katalon.core.exception.StepFailedException: Unable to click on object 'Object Repository/Final Object Repo/Page_Form 3 EIS - Cessation as Employer/Page_Form 3 EIS - Cessation as Employer (Query - OTC - UO)/Next' (Root cause: com.kms.katalon.core.webui.exception.WebElementNotFoundException: Web element with id: 'Object Repository/Final Object Repo/Page_Form 3 EIS - Cessation as Employer/Page_Form 3 EIS - Cessation as Employer (Query - OTC - UO)/Next' located by 'By.xpath: //a[(text() = ' NEXT
						' or . = ' NEXT
						')]' not found)
	at com.kms.katalon.core.keyword.internal.KeywordMain.stepFailed(KeywordMain.groovy:32)
	at com.kms.katalon.core.webui.keyword.internal.WebUIKeywordMain.stepFailed(WebUIKeywordMain.groovy:65)
	at com.kms.katalon.core.webui.keyword.internal.WebUIKeywordMain.runKeyword(WebUIKeywordMain.groovy:27)
	at com.kms.katalon.core.webui.keyword.builtin.ClickKeyword.click(ClickKeyword.groovy:86)
	at com.kms.katalon.core.webui.keyword.builtin.ClickKeyword.execute(ClickKeyword.groovy:67)
	at com.kms.katalon.core.keyword.internal.KeywordExecutor.executeKeywordForPlatform(KeywordExecutor.groovy:53)
	at com.kms.katalon.core.webui.keyword.WebUiBuiltInKeywords.click(WebUiBuiltInKeywords.groovy:616)
	at com.kms.katalon.core.webui.keyword.WebUiBuiltInKeywords$click$2.call(Unknown Source)
	at Script1536114876563.run(Script1536114876563.groovy:87)
	at com.kms.katalon.core.main.ScriptEngine.run(ScriptEngine.java:183)
	at com.kms.katalon.core.main.ScriptEngine.runScriptAsRawText(ScriptEngine.java:108)
	at com.kms.katalon.core.main.TestCaseExecutor.runScript(TestCaseExecutor.java:294)
	at com.kms.katalon.core.main.TestCaseExecutor.doExecute(TestCaseExecutor.java:285)
	at com.kms.katalon.core.main.TestCaseExecutor.processExecutionPhase(TestCaseExecutor.java:264)
	at com.kms.katalon.core.main.TestCaseExecutor.accessMainPhase(TestCaseExecutor.java:256)
	at com.kms.katalon.core.main.TestCaseExecutor.execute(TestCaseExecutor.java:200)
	at com.kms.katalon.core.main.TestCaseMain.runTestCase(TestCaseMain.java:99)
	at com.kms.katalon.core.keyword.builtin.CallTestCaseKeyword$_callTestCase_closure1.doCall(CallTestCaseKeyword.groovy:60)
	at com.kms.katalon.core.keyword.builtin.CallTestCaseKeyword$_callTestCase_closure1.call(CallTestCaseKeyword.groovy)
	at com.kms.katalon.core.keyword.internal.KeywordMain.runKeyword(KeywordMain.groovy:54)
	at com.kms.katalon.core.keyword.builtin.CallTestCaseKeyword.callTestCase(CallTestCaseKeyword.groovy:81)
	at com.kms.katalon.core.keyword.builtin.CallTestCaseKeyword.execute(CallTestCaseKeyword.groovy:45)
	at com.kms.katalon.core.keyword.internal.KeywordExecutor.executeKeywordForPlatform(KeywordExecutor.groovy:53)
	at com.kms.katalon.core.keyword.BuiltinKeywords.callTestCase(BuiltinKeywords.groovy:334)
	at sun.reflect.GeneratedMethodAccessor13.invoke(Unknown Source)
	at sun.reflect.DelegatingMethodAccessorImpl.invoke(DelegatingMethodAccessorImpl.java:43)
	at java.lang.reflect.Method.invoke(Method.java:498)
	at org.codehaus.groovy.reflection.CachedMethod.invoke(CachedMethod.java:93)
	at groovy.lang.MetaMethod.doMethodInvoke(MetaMethod.java:325)
	at groovy.lang.MetaClassImpl.invokeStaticMethod(MetaClassImpl.java:1469)
	at org.codehaus.groovy.runtime.callsite.StaticMetaClassSite.call(StaticMetaClassSite.java:53)
	at org.codehaus.groovy.runtime.callsite.CallSiteArray.defaultCall(CallSiteArray.java:48)
	at org.codehaus.groovy.runtime.callsite.AbstractCallSite.call(AbstractCallSite.java:113)
	at org.codehaus.groovy.runtime.callsite.AbstractCallSite.call(AbstractCallSite.java:141)
	at Script1536204651962.run(Script1536204651962.groovy:25)
	at com.kms.katalon.core.main.ScriptEngine.run(ScriptEngine.java:183)
	at com.kms.katalon.core.main.ScriptEngine.runScriptAsRawText(ScriptEngine.java:108)
	at com.kms.katalon.core.main.TestCaseExecutor.runScript(TestCaseExecutor.java:294)
	at com.kms.katalon.core.main.TestCaseExecutor.doExecute(TestCaseExecutor.java:285)
	at com.kms.katalon.core.main.TestCaseExecutor.processExecutionPhase(TestCaseExecutor.java:264)
	at com.kms.katalon.core.main.TestCaseExecutor.accessMainPhase(TestCaseExecutor.java:256)
	at com.kms.katalon.core.main.TestCaseExecutor.execute(TestCaseExecutor.java:200)
	at com.kms.katalon.core.main.TestSuiteExecutor.accessTestCaseMainPhase(TestSuiteExecutor.java:129)
	at com.kms.katalon.core.main.TestSuiteExecutor.accessTestSuiteMainPhase(TestSuiteExecutor.java:112)
	at com.kms.katalon.core.main.TestSuiteExecutor.execute(TestSuiteExecutor.java:81)
	at com.kms.katalon.core.main.TestCaseMain.startTestSuite(TestCaseMain.java:142)
	at com.kms.katalon.core.main.TestCaseMain$startTestSuite$0.call(Unknown Source)
	at org.codehaus.groovy.runtime.callsite.CallSiteArray.defaultCall(CallSiteArray.java:48)
	at org.codehaus.groovy.runtime.callsite.AbstractCallSite.call(AbstractCallSite.java:113)
	at org.codehaus.groovy.runtime.callsite.AbstractCallSite.call(AbstractCallSite.java:141)
	at TempTestSuite1543464316888.run(TempTestSuite1543464316888.groovy:36)
	at groovy.lang.GroovyShell.runScriptOrMainOrTestOrRunnable(GroovyShell.java:263)
	at groovy.lang.GroovyShell.run(GroovyShell.java:518)
	at groovy.lang.GroovyShell.run(GroovyShell.java:507)
	at groovy.ui.GroovyMain.processOnce(GroovyMain.java:653)
	at groovy.ui.GroovyMain.run(GroovyMain.java:384)
	at groovy.ui.GroovyMain.process(GroovyMain.java:370)
	at groovy.ui.GroovyMain.processArgs(GroovyMain.java:129)
	at groovy.ui.GroovyMain.main(GroovyMain.java:109)
	at sun.reflect.NativeMethodAccessorImpl.invoke0(Native Method)
	at sun.reflect.NativeMethodAccessorImpl.invoke(NativeMethodAccessorImpl.java:62)
	at sun.reflect.DelegatingMethodAccessorImpl.invoke(DelegatingMethodAccessorImpl.java:43)
	at java.lang.reflect.Method.invoke(Method.java:498)
	at org.codehaus.groovy.tools.GroovyStarter.rootLoader(GroovyStarter.java:109)
	at org.codehaus.groovy.tools.GroovyStarter.main(GroovyStarter.java:131)
)]]></system-err>
      </testcase>
      <testcase name="Test Cases/Final Aug 2018 - PKS Automation/Registration Module/Workflow/Form 3 EIS - Cessation As Employer/PKRBO to UO (Reject)" classname="Test Cases/Final Aug 2018 - PKS Automation/Registration Module/Workflow/Form 3 EIS - Cessation As Employer/PKRBO to UO (Reject)" status="PASSED">
         <system-out><![CDATA[2018-11-29 13:03:53 - [TEST_CASE][PASSED] - Test Cases/Final Aug 2018 - PKS Automation/Registration Module/Workflow/Form 3 EIS - Cessation As Employer/PKRBO to UO (Reject): Test Cases/Final Aug 2018 - PKS Automation/Registration Module/Workflow/Form 3 EIS - Cessation As Employer/PKRBO to UO (Reject)

2018-11-29 13:03:53 - [TEST_STEP][PASSED] - callTestCase: Call Test Case 'Test Cases/Final Aug 2018 - PKS Automation/Registration Module/Workflow/Form 3 EIS - Cessation As Employer/Template/Form 3 A - Cessation As Employer (PKRBO)' successfully

2018-11-29 13:03:53 - [TEST_CASE][PASSED] - Test Cases/Final Aug 2018 - PKS Automation/Registration Module/Workflow/Form 3 EIS - Cessation As Employer/Template/Form 3 A - Cessation As Employer (PKRBO): Test Cases/Final Aug 2018 - PKS Automation/Registration Module/Workflow/Form 3 EIS - Cessation As Employer/Template/Form 3 A - Cessation As Employer (PKRBO)

2018-11-29 13:03:53 - [TEST_STEP][PASSED] - openBrowser: Browser is opened with url: ''

2018-11-29 13:03:53 - [MESSAGE][WARNING] - A browser is already opened. Closing browser and opening a new one

2018-11-29 13:03:56 - [MESSAGE][PASSED] - Browser is opened with url: ''

2018-11-29 13:03:56 - [TEST_STEP][PASSED] - navigateToUrl: Navigate to 'https://assist2-uat.perkeso.gov.my/login' successfully

2018-11-29 13:03:57 - [MESSAGE][PASSED] - Navigate to 'https://assist2-uat.perkeso.gov.my/login' successfully

2018-11-29 13:03:57 - [TEST_STEP][PASSED] - setText: Text 'johorpkrbo1@gmail.com' is set on object 'Object Repository/Final Object Repo/Login Page/Internal User/Email Address'

2018-11-29 13:03:58 - [MESSAGE][PASSED] - Text 'johorpkrbo1@gmail.com' is set on object 'Object Repository/Final Object Repo/Login Page/Internal User/Email Address'

2018-11-29 13:03:58 - [TEST_STEP][PASSED] - click: Object: 'Object Repository/Final Object Repo/Login Page/Internal User/Next Button' is clicked on

2018-11-29 13:03:58 - [MESSAGE][PASSED] - Object: 'Object Repository/Final Object Repo/Login Page/Internal User/Next Button' is clicked on

2018-11-29 13:03:58 - [TEST_STEP][PASSED] - delay: Delayed 1 second(s)

2018-11-29 13:03:59 - [MESSAGE][PASSED] - Delayed 1 second(s)

2018-11-29 13:03:59 - [TEST_STEP][PASSED] - setEncryptedText: Text ****** has been set on object 'Object Repository/Final Object Repo/Login Page/Internal User/Password'

2018-11-29 13:03:59 - [MESSAGE][PASSED] - Text ****** has been set on object 'Object Repository/Final Object Repo/Login Page/Internal User/Password'

2018-11-29 13:03:59 - [TEST_STEP][PASSED] - click: Object: 'Object Repository/Final Object Repo/Login Page/Internal User/Login Button' is clicked on

2018-11-29 13:03:59 - [MESSAGE][PASSED] - Object: 'Object Repository/Final Object Repo/Login Page/Internal User/Login Button' is clicked on

2018-11-29 13:03:59 - [TEST_STEP][PASSED] - delay: Delayed 1 second(s)

2018-11-29 13:04:00 - [MESSAGE][PASSED] - Delayed 1 second(s)

2018-11-29 13:04:00 - [TEST_STEP][PASSED] - Statement - Try: Delayed 2 second(s)

2018-11-29 13:04:00 - [TEST_STEP][PASSED] - Statement - Checker = false: null

2018-11-29 13:04:00 - [TEST_STEP][PASSED] - Statement - Checker = com.kms.katalon.core.webui.keyword.WebUiBuiltInKeywords.verifyElementHasAttribute(com.kms.katalon.core.testobject.ObjectRepository.findTestObject(Final Object Repo/Landing Page/BM Detecting), "href", 20, OPTIONAL): Object 'Object Repository/Final Object Repo/Landing Page/BM Detecting' has attribute 'href'

2018-11-29 13:04:01 - [MESSAGE][PASSED] - Object 'Object Repository/Final Object Repo/Landing Page/BM Detecting' has attribute 'href'

2018-11-29 13:04:01 - [TEST_STEP][PASSED] - Statement - out.println(Checker): null

2018-11-29 13:04:01 - [TEST_STEP][PASSED] - Statement - If (Checker == false): null

2018-11-29 13:04:01 - [TEST_STEP][PASSED] - Statement - Else: null

2018-11-29 13:04:01 - [TEST_STEP][PASSED] - delay: Delayed 2 second(s)

2018-11-29 13:04:03 - [MESSAGE][PASSED] - Delayed 2 second(s)

2018-11-29 13:04:03 - [TEST_STEP][PASSED] - navigateToUrl: Navigate to 'https://assist2-uat.perkeso.gov.my/web/registration/eis-update/form-3-eis-cessation-as-employer' successfully

2018-11-29 13:04:04 - [MESSAGE][PASSED] - Navigate to 'https://assist2-uat.perkeso.gov.my/web/registration/eis-update/form-3-eis-cessation-as-employer' successfully

2018-11-29 13:04:04 - [TEST_STEP][PASSED] - delay: Delayed 1 second(s)

2018-11-29 13:04:05 - [MESSAGE][PASSED] - Delayed 1 second(s)

2018-11-29 13:04:05 - [TEST_STEP][PASSED] - setText: Text 'E1102069769W' is set on object 'Object Repository/Final Object Repo/Page_Form 3 EIS - Cessation as Employer/Employer Code'

2018-11-29 13:04:06 - [MESSAGE][PASSED] - Text 'E1102069769W' is set on object 'Object Repository/Final Object Repo/Page_Form 3 EIS - Cessation as Employer/Employer Code'

2018-11-29 13:04:06 - [TEST_STEP][PASSED] - click: Object: 'Object Repository/Final Object Repo/Page_Form 3 EIS - Cessation as Employer/Search' is clicked on

2018-11-29 13:04:06 - [MESSAGE][PASSED] - Object: 'Object Repository/Final Object Repo/Page_Form 3 EIS - Cessation as Employer/Search' is clicked on

2018-11-29 13:04:06 - [TEST_STEP][PASSED] - click: Object: 'Object Repository/Final Object Repo/Page_Form 3 EIS - Cessation as Employer/Edit' is clicked on

2018-11-29 13:04:08 - [MESSAGE][PASSED] - Object: 'Object Repository/Final Object Repo/Page_Form 3 EIS - Cessation as Employer/Edit' is clicked on

2018-11-29 13:04:08 - [TEST_STEP][PASSED] - delay: Delayed 1 second(s)

2018-11-29 13:04:09 - [MESSAGE][PASSED] - Delayed 1 second(s)

2018-11-29 13:04:09 - [TEST_STEP][PASSED] - Statement - abc = com.kms.katalon.core.webui.keyword.WebUiBuiltInKeywords.getAttribute(com.kms.katalon.core.testobject.ObjectRepository.findTestObject(Final Object Repo/Page_Form 3 EIS - Cessation as Employer/Employer Status), "value"): Attribute 'value' of object 'Object Repository/Final Object Repo/Page_Form 3 EIS - Cessation as Employer/Employer Status' is: 'Active'

2018-11-29 13:04:09 - [MESSAGE][PASSED] - Attribute 'value' of object 'Object Repository/Final Object Repo/Page_Form 3 EIS - Cessation as Employer/Employer Status' is: 'Active'

2018-11-29 13:04:09 - [TEST_STEP][PASSED] - Statement - out.println(abc): null

2018-11-29 13:04:09 - [TEST_STEP][PASSED] - Statement - If (abc == "Active"): Object: 'Object Repository/Final Object Repo/Page_Form 3 EIS - Cessation as Employer/Dormant EIS' is clicked on

2018-11-29 13:04:09 - [TEST_STEP][PASSED] - click: Object: 'Object Repository/Final Object Repo/Page_Form 3 EIS - Cessation as Employer/Change Employer Status to' is clicked on

2018-11-29 13:04:10 - [MESSAGE][PASSED] - Object: 'Object Repository/Final Object Repo/Page_Form 3 EIS - Cessation as Employer/Change Employer Status to' is clicked on

2018-11-29 13:04:10 - [TEST_STEP][PASSED] - click: Object: 'Object Repository/Final Object Repo/Page_Form 3 EIS - Cessation as Employer/Dormant EIS' is clicked on

2018-11-29 13:04:10 - [MESSAGE][PASSED] - Object: 'Object Repository/Final Object Repo/Page_Form 3 EIS - Cessation as Employer/Dormant EIS' is clicked on

2018-11-29 13:04:10 - [TEST_STEP][PASSED] - click: Object: 'Object Repository/Final Object Repo/Page_Form 3 EIS - Cessation as Employer/Calender' is clicked on

2018-11-29 13:04:10 - [MESSAGE][PASSED] - Object: 'Object Repository/Final Object Repo/Page_Form 3 EIS - Cessation as Employer/Calender' is clicked on

2018-11-29 13:04:10 - [TEST_STEP][PASSED] - delay: Delayed 1 second(s)

2018-11-29 13:04:11 - [MESSAGE][PASSED] - Delayed 1 second(s)

2018-11-29 13:04:11 - [TEST_STEP][PASSED] - click: Object: 'Object Repository/Final Object Repo/Page_Form 3 EIS - Cessation as Employer/Calender - Date' is clicked on

2018-11-29 13:04:11 - [MESSAGE][PASSED] - Object: 'Object Repository/Final Object Repo/Page_Form 3 EIS - Cessation as Employer/Calender - Date' is clicked on

2018-11-29 13:04:11 - [TEST_STEP][PASSED] - click: Object: 'Object Repository/Final Object Repo/Page_Form 3 EIS - Cessation as Employer/Save  Continue in Form 3 EIS Page' is clicked on

2018-11-29 13:04:12 - [MESSAGE][PASSED] - Object: 'Object Repository/Final Object Repo/Page_Form 3 EIS - Cessation as Employer/Save  Continue in Form 3 EIS Page' is clicked on

2018-11-29 13:04:12 - [TEST_STEP][PASSED] - delay: Delayed 1 second(s)

2018-11-29 13:04:13 - [MESSAGE][PASSED] - Delayed 1 second(s)

2018-11-29 13:04:13 - [TEST_STEP][PASSED] - click: Object: 'Object Repository/Final Object Repo/Page_Form 3 EIS - Cessation as Employer/Employment Resign Date' is clicked on

2018-11-29 13:04:13 - [MESSAGE][PASSED] - Object: 'Object Repository/Final Object Repo/Page_Form 3 EIS - Cessation as Employer/Employment Resign Date' is clicked on

2018-11-29 13:04:13 - [TEST_STEP][PASSED] - selectOptionByValue: All options with value '2030' are selected in object 'Object Repository/Final Object Repo/Page_Form 3 EIS - Cessation as Employer/Employment Resign Date - Year' 

2018-11-29 13:04:14 - [MESSAGE][PASSED] - All options with value '2030' are selected in object 'Object Repository/Final Object Repo/Page_Form 3 EIS - Cessation as Employer/Employment Resign Date - Year' 

2018-11-29 13:04:14 - [TEST_STEP][PASSED] - delay: Delayed 2 second(s)

2018-11-29 13:04:16 - [MESSAGE][PASSED] - Delayed 2 second(s)

2018-11-29 13:04:16 - [TEST_STEP][PASSED] - click: Object: 'Object Repository/Final Object Repo/Page_Form 3 EIS - Cessation as Employer/Employment Resign Date - Year - Date' is clicked on

2018-11-29 13:04:16 - [MESSAGE][PASSED] - Object: 'Object Repository/Final Object Repo/Page_Form 3 EIS - Cessation as Employer/Employment Resign Date - Year - Date' is clicked on

2018-11-29 13:04:16 - [TEST_STEP][PASSED] - delay: Delayed 2 second(s)

2018-11-29 13:04:18 - [MESSAGE][PASSED] - Delayed 2 second(s)

2018-11-29 13:04:18 - [TEST_STEP][PASSED] - click: Object: 'Object Repository/Final Object Repo/Page_Form 3 EIS - Cessation as Employer/Save  Continue in Employment Resign Page' is clicked on

2018-11-29 13:04:18 - [MESSAGE][PASSED] - Object: 'Object Repository/Final Object Repo/Page_Form 3 EIS - Cessation as Employer/Save  Continue in Employment Resign Page' is clicked on

2018-11-29 13:04:18 - [TEST_STEP][PASSED] - delay: Delayed 2 second(s)

2018-11-29 13:04:20 - [MESSAGE][PASSED] - Delayed 2 second(s)

2018-11-29 13:04:20 - [TEST_STEP][PASSED] - click: Object: 'Object Repository/Final Object Repo/Page_Form 3 EIS - Cessation as Employer/Set Latest - Yes' is clicked on

2018-11-29 13:04:20 - [MESSAGE][PASSED] - Object: 'Object Repository/Final Object Repo/Page_Form 3 EIS - Cessation as Employer/Set Latest - Yes' is clicked on

2018-11-29 13:04:20 - [TEST_STEP][PASSED] - delay: Delayed 2 second(s)

2018-11-29 13:04:22 - [MESSAGE][PASSED] - Delayed 2 second(s)

2018-11-29 13:04:22 - [TEST_STEP][PASSED] - click: Object: 'Object Repository/Final Object Repo/Page_Form 3 EIS - Cessation as Employer/Add Document' is clicked on

2018-11-29 13:04:23 - [MESSAGE][PASSED] - Object: 'Object Repository/Final Object Repo/Page_Form 3 EIS - Cessation as Employer/Add Document' is clicked on

2018-11-29 13:04:23 - [TEST_STEP][PASSED] - delay: Delayed 3 second(s)

2018-11-29 13:04:26 - [MESSAGE][PASSED] - Delayed 3 second(s)

2018-11-29 13:04:26 - [TEST_STEP][PASSED] - click: Object: 'Object Repository/Final Object Repo/Page_Form 3 EIS - Cessation as Employer/Document Type' is clicked on

2018-11-29 13:04:27 - [MESSAGE][PASSED] - Object: 'Object Repository/Final Object Repo/Page_Form 3 EIS - Cessation as Employer/Document Type' is clicked on

2018-11-29 13:04:27 - [TEST_STEP][PASSED] - click: Object: 'Object Repository/Final Object Repo/Page_Form 3 EIS - Cessation as Employer/Document Type - Form 3' is clicked on

2018-11-29 13:04:27 - [MESSAGE][PASSED] - Object: 'Object Repository/Final Object Repo/Page_Form 3 EIS - Cessation as Employer/Document Type - Form 3' is clicked on

2018-11-29 13:04:27 - [TEST_STEP][PASSED] - delay: Delayed 2 second(s)

2018-11-29 13:04:29 - [MESSAGE][PASSED] - Delayed 2 second(s)

2018-11-29 13:04:29 - [TEST_STEP][PASSED] - sendKeys: Keys 'C:\Users\Public\Pictures\Sample Pictures\Koala.jpg' sent to object: 'Object Repository/Final Object Repo/Page_Form 3 EIS - Cessation as Employer/ploading File'

2018-11-29 13:04:29 - [MESSAGE][PASSED] - Keys 'C:\Users\Public\Pictures\Sample Pictures\Koala.jpg' sent to object: 'Object Repository/Final Object Repo/Page_Form 3 EIS - Cessation as Employer/ploading File'

2018-11-29 13:04:29 - [TEST_STEP][PASSED] - delay: Delayed 1 second(s)

2018-11-29 13:04:30 - [MESSAGE][PASSED] - Delayed 1 second(s)

2018-11-29 13:04:30 - [TEST_STEP][PASSED] - click: Object: 'Object Repository/Final Object Repo/Page_Form 3 EIS - Cessation as Employer/Add Document in Uploading Page' is clicked on

2018-11-29 13:04:30 - [MESSAGE][PASSED] - Object: 'Object Repository/Final Object Repo/Page_Form 3 EIS - Cessation as Employer/Add Document in Uploading Page' is clicked on

2018-11-29 13:04:30 - [TEST_STEP][PASSED] - delay: Delayed 2 second(s)

2018-11-29 13:04:32 - [MESSAGE][PASSED] - Delayed 2 second(s)

2018-11-29 13:04:32 - [TEST_STEP][PASSED] - Statement - CaseReferenceNo = com.kms.katalon.core.webui.keyword.WebUiBuiltInKeywords.getText(com.kms.katalon.core.testobject.ObjectRepository.findTestObject(Final Object Repo/Page_Update Employer Information/Reference Number in Update Employee Information Page)): Text of object 'Object Repository/Final Object Repo/Page_Update Employer Information/Reference Number in Update Employee Information Page' is: 'ERN112018C200002361'

2018-11-29 13:04:34 - [MESSAGE][PASSED] - Text of object 'Object Repository/Final Object Repo/Page_Update Employer Information/Reference Number in Update Employee Information Page' is: 'ERN112018C200002361'

2018-11-29 13:04:34 - [TEST_STEP][PASSED] - callTestCase: Call Test Case 'Test Cases/Final Aug 2018 - PKS Automation/Common/Reference Number Setter' successfully

2018-11-29 13:04:34 - [TEST_CASE][PASSED] - Test Cases/Final Aug 2018 - PKS Automation/Common/Reference Number Setter: Test Cases/Final Aug 2018 - PKS Automation/Common/Reference Number Setter

2018-11-29 13:04:34 - [TEST_STEP][PASSED] - Statement - RefNoOldFile = new java.io.File(C://Users//Admin//Desktop//PKS//Automation Reference Point//KatalonReference.txt): null

2018-11-29 13:04:34 - [TEST_STEP][PASSED] - Statement - RefNoOldFile.delete(): null

2018-11-29 13:04:34 - [TEST_STEP][PASSED] - delay: Delayed 5 second(s)

2018-11-29 13:04:39 - [MESSAGE][PASSED] - Delayed 5 second(s)

2018-11-29 13:04:39 - [TEST_STEP][PASSED] - Statement - RefNo = new java.io.File(C://Users//Admin//Desktop//PKS//Automation Reference Point//KatalonReference.txt): null

2018-11-29 13:04:39 - [TEST_STEP][PASSED] - Statement - f2 = new java.io.FileWriter(RefNo, false): null

2018-11-29 13:04:39 - [TEST_STEP][PASSED] - Statement - f2.write(CaseReferenceNo): null

2018-11-29 13:04:39 - [TEST_STEP][PASSED] - Statement - f2.close(): null

2018-11-29 13:04:39 - [TEST_STEP][PASSED] - Statement - out.println("


" + CaseReferenceNo + "


"): null

2018-11-29 13:04:39 - [MESSAGE][PASSED] - Call Test Case 'Test Cases/Final Aug 2018 - PKS Automation/Common/Reference Number Setter' successfully

2018-11-29 13:04:39 - [TEST_STEP][PASSED] - delay: Delayed 2 second(s)

2018-11-29 13:04:41 - [MESSAGE][PASSED] - Delayed 2 second(s)

2018-11-29 13:04:41 - [TEST_STEP][PASSED] - click: Object: 'Object Repository/Final Object Repo/Page_Form 3 EIS - Cessation as Employer/Save  Continue in Uploading Page' is clicked on

2018-11-29 13:04:41 - [MESSAGE][PASSED] - Object: 'Object Repository/Final Object Repo/Page_Form 3 EIS - Cessation as Employer/Save  Continue in Uploading Page' is clicked on

2018-11-29 13:04:41 - [TEST_STEP][PASSED] - delay: Delayed 2 second(s)

2018-11-29 13:04:43 - [MESSAGE][PASSED] - Delayed 2 second(s)

2018-11-29 13:04:43 - [TEST_STEP][PASSED] - click: Object: 'Object Repository/Final Object Repo/Page_Form 3 EIS - Cessation as Employer/Submit' is clicked on

2018-11-29 13:04:46 - [MESSAGE][PASSED] - Object: 'Object Repository/Final Object Repo/Page_Form 3 EIS - Cessation as Employer/Submit' is clicked on

2018-11-29 13:04:46 - [TEST_STEP][PASSED] - delay: Delayed 2 second(s)

2018-11-29 13:04:48 - [MESSAGE][PASSED] - Delayed 2 second(s)

2018-11-29 13:04:48 - [TEST_STEP][PASSED] - click: Object: 'Object Repository/Final Object Repo/Page_Form 3 EIS - Cessation as Employer/Confirm' is clicked on

2018-11-29 13:04:49 - [MESSAGE][PASSED] - Object: 'Object Repository/Final Object Repo/Page_Form 3 EIS - Cessation as Employer/Confirm' is clicked on

2018-11-29 13:04:49 - [TEST_STEP][PASSED] - delay: Delayed 2 second(s)

2018-11-29 13:04:51 - [MESSAGE][PASSED] - Delayed 2 second(s)

2018-11-29 13:04:51 - [TEST_STEP][PASSED] - click: Object: 'Object Repository/Final Object Repo/Page_Form 3 EIS - Cessation as Employer/Message Your Request will be routed to UO' is clicked on

2018-11-29 13:04:54 - [MESSAGE][PASSED] - Object: 'Object Repository/Final Object Repo/Page_Form 3 EIS - Cessation as Employer/Message Your Request will be routed to UO' is clicked on

2018-11-29 13:04:54 - [TEST_STEP][PASSED] - click: Object: 'Object Repository/Final Object Repo/Page_Form 3 EIS - Cessation as Employer/Letter of acknowledgement' is clicked on

2018-11-29 13:04:55 - [MESSAGE][PASSED] - Object: 'Object Repository/Final Object Repo/Page_Form 3 EIS - Cessation as Employer/Letter of acknowledgement' is clicked on

2018-11-29 13:04:55 - [MESSAGE][PASSED] - Call Test Case 'Test Cases/Final Aug 2018 - PKS Automation/Registration Module/Workflow/Form 3 EIS - Cessation As Employer/Template/Form 3 A - Cessation As Employer (PKRBO)' successfully

2018-11-29 13:04:55 - [TEST_STEP][PASSED] - callTestCase: Call Test Case 'Test Cases/Final Aug 2018 - PKS Automation/Registration Module/Workflow/Form 3 EIS - Cessation As Employer/Template/Form 3 A - Cessation As Employer (Reject)' successfully

2018-11-29 13:04:55 - [TEST_CASE][PASSED] - Test Cases/Final Aug 2018 - PKS Automation/Registration Module/Workflow/Form 3 EIS - Cessation As Employer/Template/Form 3 A - Cessation As Employer (Reject): Test Cases/Final Aug 2018 - PKS Automation/Registration Module/Workflow/Form 3 EIS - Cessation As Employer/Template/Form 3 A - Cessation As Employer (Reject)

2018-11-29 13:04:55 - [TEST_STEP][NOT_RUN] - callTestCase: NOT_RUN: callTestCase

2018-11-29 13:04:55 - [MESSAGE][NOT_RUN] - NOT_RUN: callTestCase

2018-11-29 13:04:55 - [TEST_STEP][PASSED] - delay: Delayed 1 second(s)

2018-11-29 13:04:56 - [MESSAGE][PASSED] - Delayed 1 second(s)

2018-11-29 13:04:56 - [TEST_STEP][PASSED] - navigateToUrl: Navigate to 'https://assist2-uat.perkeso.gov.my/c/portal/logout' successfully

2018-11-29 13:04:57 - [MESSAGE][PASSED] - Navigate to 'https://assist2-uat.perkeso.gov.my/c/portal/logout' successfully

2018-11-29 13:04:57 - [TEST_STEP][PASSED] - delay: Delayed 1 second(s)

2018-11-29 13:04:58 - [MESSAGE][PASSED] - Delayed 1 second(s)

2018-11-29 13:04:58 - [TEST_STEP][PASSED] - callTestCase: Call Test Case 'Test Cases/Final Aug 2018 - PKS Automation/Common/Reference Number Getter' successfully

2018-11-29 13:04:58 - [TEST_CASE][PASSED] - Test Cases/Final Aug 2018 - PKS Automation/Common/Reference Number Getter: Test Cases/Final Aug 2018 - PKS Automation/Common/Reference Number Getter

2018-11-29 13:04:58 - [TEST_STEP][PASSED] - Statement - Try: null

2018-11-29 13:04:58 - [TEST_STEP][PASSED] - Statement - RefNo = new java.io.File(C://Users//Admin//Desktop//PKS//Automation Reference Point//KatalonReference.txt): null

2018-11-29 13:04:58 - [TEST_STEP][PASSED] - Statement - bufferread = new java.io.BufferedReader(new java.io.FileReader(RefNo)): null

2018-11-29 13:04:58 - [TEST_STEP][PASSED] - Statement - readedVal = bufferread.readLine(): null

2018-11-29 13:04:58 - [TEST_STEP][PASSED] - Statement - out.println(CaseReferenceNo): null

2018-11-29 13:04:58 - [TEST_STEP][PASSED] - Statement - out.println(readedVal): null

2018-11-29 13:04:58 - [TEST_STEP][PASSED] - Statement - CaseReferenceNo = "": null

2018-11-29 13:04:58 - [TEST_STEP][PASSED] - Statement - CaseReferenceNo = readedVal: null

2018-11-29 13:04:58 - [MESSAGE][PASSED] - Call Test Case 'Test Cases/Final Aug 2018 - PKS Automation/Common/Reference Number Getter' successfully

2018-11-29 13:04:58 - [TEST_STEP][PASSED] - callTestCase: Call Test Case 'Test Cases/Final Aug 2018 - PKS Automation/Common/Workflow Owner Finder' successfully

2018-11-29 13:04:58 - [TEST_CASE][PASSED] - Test Cases/Final Aug 2018 - PKS Automation/Common/Workflow Owner Finder: Test Cases/Final Aug 2018 - PKS Automation/Common/Workflow Owner Finder

2018-11-29 13:04:58 - [TEST_STEP][PASSED] - openBrowser: Browser is opened with url: ''

2018-11-29 13:04:58 - [MESSAGE][WARNING] - A browser is already opened. Closing browser and opening a new one

2018-11-29 13:05:01 - [MESSAGE][PASSED] - Browser is opened with url: ''

2018-11-29 13:05:01 - [TEST_STEP][PASSED] - navigateToUrl: Navigate to 'https://assist2-uat.perkeso.gov.my/login' successfully

2018-11-29 13:05:02 - [MESSAGE][PASSED] - Navigate to 'https://assist2-uat.perkeso.gov.my/login' successfully

2018-11-29 13:05:02 - [TEST_STEP][PASSED] - delay: Delayed 5 second(s)

2018-11-29 13:05:07 - [MESSAGE][PASSED] - Delayed 5 second(s)

2018-11-29 13:05:07 - [TEST_STEP][PASSED] - setText: Text 'test@liferay.com' is set on object 'Object Repository/Final Object Repo/Login Page/Internal User/Email Address'

2018-11-29 13:05:07 - [MESSAGE][PASSED] - Text 'test@liferay.com' is set on object 'Object Repository/Final Object Repo/Login Page/Internal User/Email Address'

2018-11-29 13:05:07 - [TEST_STEP][PASSED] - click: Object: 'Object Repository/Final Object Repo/Login Page/Internal User/Next Button' is clicked on

2018-11-29 13:05:08 - [MESSAGE][PASSED] - Object: 'Object Repository/Final Object Repo/Login Page/Internal User/Next Button' is clicked on

2018-11-29 13:05:08 - [TEST_STEP][PASSED] - delay: Delayed 2 second(s)

2018-11-29 13:05:10 - [MESSAGE][PASSED] - Delayed 2 second(s)

2018-11-29 13:05:10 - [TEST_STEP][PASSED] - setText: Text 'test' is set on object 'Object Repository/Final Object Repo/Login Page/Internal User/Password'

2018-11-29 13:05:10 - [MESSAGE][PASSED] - Text 'test' is set on object 'Object Repository/Final Object Repo/Login Page/Internal User/Password'

2018-11-29 13:05:10 - [TEST_STEP][PASSED] - delay: Delayed 2 second(s)

2018-11-29 13:05:12 - [MESSAGE][PASSED] - Delayed 2 second(s)

2018-11-29 13:05:12 - [TEST_STEP][PASSED] - click: Object: 'Object Repository/Final Object Repo/Login Page/Internal User/Login Button' is clicked on

2018-11-29 13:05:12 - [MESSAGE][PASSED] - Object: 'Object Repository/Final Object Repo/Login Page/Internal User/Login Button' is clicked on

2018-11-29 13:05:12 - [TEST_STEP][PASSED] - Statement - Try: null

2018-11-29 13:05:12 - [TEST_STEP][PASSED] - Statement - Checker = com.kms.katalon.core.webui.keyword.WebUiBuiltInKeywords.verifyElementNotPresent("Final Object Repo/Landing Page/Select to English", 3): null

2018-11-29 13:05:12 - [TEST_STEP][PASSED] - Statement - Catch (Exception e): null

2018-11-29 13:05:12 - [TEST_STEP][PASSED] - Statement - e.printStackTrace(): null

2018-11-29 13:05:12 - [TEST_STEP][PASSED] - delay: Delayed 5 second(s)

2018-11-29 13:05:17 - [MESSAGE][PASSED] - Delayed 5 second(s)

2018-11-29 13:05:17 - [TEST_STEP][PASSED] - mouseOver: Object: 'Object Repository/Final Object Repo/Landing Page/WorkFlow Menu' is hovered

2018-11-29 13:05:17 - [MESSAGE][PASSED] - Object: 'Object Repository/Final Object Repo/Landing Page/WorkFlow Menu' is hovered

2018-11-29 13:05:17 - [TEST_STEP][PASSED] - delay: Delayed 2 second(s)

2018-11-29 13:05:19 - [MESSAGE][PASSED] - Delayed 2 second(s)

2018-11-29 13:05:19 - [TEST_STEP][PASSED] - click: Object: 'Object Repository/Final Object Repo/Landing Page/Select to Workflow Listing' is clicked on

2018-11-29 13:05:20 - [MESSAGE][PASSED] - Object: 'Object Repository/Final Object Repo/Landing Page/Select to Workflow Listing' is clicked on

2018-11-29 13:05:20 - [TEST_STEP][PASSED] - delay: Delayed 2 second(s)

2018-11-29 13:05:22 - [MESSAGE][PASSED] - Delayed 2 second(s)

2018-11-29 13:05:22 - [TEST_STEP][PASSED] - click: Object: 'Object Repository/Final Object Repo/WorkFlow Listing Page/Search Information - To Put Ref No' is clicked on

2018-11-29 13:05:23 - [MESSAGE][PASSED] - Object: 'Object Repository/Final Object Repo/WorkFlow Listing Page/Search Information - To Put Ref No' is clicked on

2018-11-29 13:05:23 - [TEST_STEP][PASSED] - delay: Delayed 2 second(s)

2018-11-29 13:05:25 - [MESSAGE][PASSED] - Delayed 2 second(s)

2018-11-29 13:05:25 - [TEST_STEP][PASSED] - callTestCase: Call Test Case 'Test Cases/Final Aug 2018 - PKS Automation/Common/Reference Number Getter' successfully

2018-11-29 13:05:25 - [TEST_CASE][PASSED] - Test Cases/Final Aug 2018 - PKS Automation/Common/Reference Number Getter: Test Cases/Final Aug 2018 - PKS Automation/Common/Reference Number Getter

2018-11-29 13:05:25 - [TEST_STEP][PASSED] - Statement - Try: null

2018-11-29 13:05:25 - [TEST_STEP][PASSED] - Statement - RefNo = new java.io.File(C://Users//Admin//Desktop//PKS//Automation Reference Point//KatalonReference.txt): null

2018-11-29 13:05:25 - [TEST_STEP][PASSED] - Statement - bufferread = new java.io.BufferedReader(new java.io.FileReader(RefNo)): null

2018-11-29 13:05:25 - [TEST_STEP][PASSED] - Statement - readedVal = bufferread.readLine(): null

2018-11-29 13:05:25 - [TEST_STEP][PASSED] - Statement - out.println(CaseReferenceNo): null

2018-11-29 13:05:25 - [TEST_STEP][PASSED] - Statement - out.println(readedVal): null

2018-11-29 13:05:25 - [TEST_STEP][PASSED] - Statement - CaseReferenceNo = "": null

2018-11-29 13:05:25 - [TEST_STEP][PASSED] - Statement - CaseReferenceNo = readedVal: null

2018-11-29 13:05:25 - [MESSAGE][PASSED] - Call Test Case 'Test Cases/Final Aug 2018 - PKS Automation/Common/Reference Number Getter' successfully

2018-11-29 13:05:25 - [TEST_STEP][PASSED] - setText: Text 'ERN112018C200002361' is set on object 'Object Repository/Final Object Repo/WorkFlow Listing Page/Ref No Set Text'

2018-11-29 13:05:25 - [MESSAGE][PASSED] - Text 'ERN112018C200002361' is set on object 'Object Repository/Final Object Repo/WorkFlow Listing Page/Ref No Set Text'

2018-11-29 13:05:25 - [TEST_STEP][PASSED] - delay: Delayed 2 second(s)

2018-11-29 13:05:27 - [MESSAGE][PASSED] - Delayed 2 second(s)

2018-11-29 13:05:27 - [TEST_STEP][PASSED] - click: Object: 'Object Repository/Final Object Repo/WorkFlow Listing Page/Search Ref No Search Button' is clicked on

2018-11-29 13:05:27 - [MESSAGE][PASSED] - Object: 'Object Repository/Final Object Repo/WorkFlow Listing Page/Search Ref No Search Button' is clicked on

2018-11-29 13:05:27 - [TEST_STEP][PASSED] - delay: Delayed 4 second(s)

2018-11-29 13:05:31 - [MESSAGE][PASSED] - Delayed 4 second(s)

2018-11-29 13:05:31 - [TEST_STEP][PASSED] - click: Object: 'Object Repository/Final Object Repo/WorkFlow Listing Page/Click Continue Tooltip' is clicked on

2018-11-29 13:05:32 - [MESSAGE][PASSED] - Object: 'Object Repository/Final Object Repo/WorkFlow Listing Page/Click Continue Tooltip' is clicked on

2018-11-29 13:05:32 - [TEST_STEP][PASSED] - delay: Delayed 5 second(s)

2018-11-29 13:05:37 - [MESSAGE][PASSED] - Delayed 5 second(s)

2018-11-29 13:05:37 - [TEST_STEP][PASSED] - doubleClick: Object: 'Object Repository/Final Object Repo/WorkFlow Listing Page/Workflow Found - Listing 1' is double clicked on

2018-11-29 13:05:38 - [MESSAGE][PASSED] - Object: 'Object Repository/Final Object Repo/WorkFlow Listing Page/Workflow Found - Listing 1' is double clicked on

2018-11-29 13:05:38 - [TEST_STEP][PASSED] - Statement - println(OwnerID): null

2018-11-29 13:05:38 - [TEST_STEP][PASSED] - Statement - OwnerID = com.kms.katalon.core.webui.keyword.WebUiBuiltInKeywords.getText(com.kms.katalon.core.testobject.ObjectRepository.findTestObject(Final Object Repo/WorkFlow Listing Page/Workflow Found - Listing 1), STOP_ON_FAILURE): Text of object 'Object Repository/Final Object Repo/WorkFlow Listing Page/Workflow Found - Listing 1' is: 'JOHORuo2'

2018-11-29 13:05:38 - [MESSAGE][PASSED] - Text of object 'Object Repository/Final Object Repo/WorkFlow Listing Page/Workflow Found - Listing 1' is: 'JOHORuo2'

2018-11-29 13:05:38 - [TEST_STEP][PASSED] - Statement - OwnerID = OwnerID.toLowerCase() + "@gmail.com": null

2018-11-29 13:05:38 - [TEST_STEP][PASSED] - Statement - println(OwnerID): null

2018-11-29 13:05:38 - [TEST_STEP][PASSED] - delay: Delayed 2 second(s)

2018-11-29 13:05:40 - [MESSAGE][PASSED] - Delayed 2 second(s)

2018-11-29 13:05:40 - [MESSAGE][PASSED] - Call Test Case 'Test Cases/Final Aug 2018 - PKS Automation/Common/Workflow Owner Finder' successfully

2018-11-29 13:05:40 - [TEST_STEP][PASSED] - delay: Delayed 1 second(s)

2018-11-29 13:05:41 - [MESSAGE][PASSED] - Delayed 1 second(s)

2018-11-29 13:05:41 - [TEST_STEP][PASSED] - navigateToUrl: Navigate to 'https://assist2-uat.perkeso.gov.my/c/portal/logout' successfully

2018-11-29 13:05:42 - [MESSAGE][PASSED] - Navigate to 'https://assist2-uat.perkeso.gov.my/c/portal/logout' successfully

2018-11-29 13:05:42 - [TEST_STEP][PASSED] - delay: Delayed 1 second(s)

2018-11-29 13:05:43 - [MESSAGE][PASSED] - Delayed 1 second(s)

2018-11-29 13:05:43 - [TEST_STEP][PASSED] - callTestCase: Call Test Case 'Test Cases/Final Aug 2018 - PKS Automation/Registration Module/Workflow/Login and Search Case For Workflow' successfully

2018-11-29 13:05:43 - [TEST_CASE][PASSED] - Test Cases/Final Aug 2018 - PKS Automation/Registration Module/Workflow/Login and Search Case For Workflow: Test Cases/Final Aug 2018 - PKS Automation/Registration Module/Workflow/Login and Search Case For Workflow

2018-11-29 13:05:43 - [TEST_STEP][PASSED] - navigateToUrl: Navigate to 'https://assist2-uat.perkeso.gov.my/login' successfully

2018-11-29 13:05:43 - [MESSAGE][PASSED] - Navigate to 'https://assist2-uat.perkeso.gov.my/login' successfully

2018-11-29 13:05:43 - [TEST_STEP][PASSED] - setText: Text 'johoruo2@gmail.com' is set on object 'Object Repository/Final Object Repo/Login Page/Internal User/Email Address'

2018-11-29 13:05:43 - [MESSAGE][PASSED] - Text 'johoruo2@gmail.com' is set on object 'Object Repository/Final Object Repo/Login Page/Internal User/Email Address'

2018-11-29 13:05:43 - [TEST_STEP][PASSED] - click: Object: 'Object Repository/Final Object Repo/Login Page/Internal User/Next Button' is clicked on

2018-11-29 13:05:44 - [MESSAGE][PASSED] - Object: 'Object Repository/Final Object Repo/Login Page/Internal User/Next Button' is clicked on

2018-11-29 13:05:44 - [TEST_STEP][PASSED] - delay: Delayed 1 second(s)

2018-11-29 13:05:45 - [MESSAGE][PASSED] - Delayed 1 second(s)

2018-11-29 13:05:45 - [TEST_STEP][PASSED] - setEncryptedText: Text ****** has been set on object 'Object Repository/Final Object Repo/Login Page/Internal User/Password'

2018-11-29 13:05:45 - [MESSAGE][PASSED] - Text ****** has been set on object 'Object Repository/Final Object Repo/Login Page/Internal User/Password'

2018-11-29 13:05:45 - [TEST_STEP][PASSED] - click: Object: 'Object Repository/Final Object Repo/Login Page/Internal User/Login Button' is clicked on

2018-11-29 13:05:45 - [MESSAGE][PASSED] - Object: 'Object Repository/Final Object Repo/Login Page/Internal User/Login Button' is clicked on

2018-11-29 13:05:45 - [TEST_STEP][PASSED] - delay: Delayed 2 second(s)

2018-11-29 13:05:47 - [MESSAGE][PASSED] - Delayed 2 second(s)

2018-11-29 13:05:47 - [TEST_STEP][PASSED] - Statement - Try: Delayed 2 second(s)

2018-11-29 13:05:47 - [TEST_STEP][PASSED] - Statement - Checker = false: null

2018-11-29 13:05:47 - [TEST_STEP][PASSED] - Statement - Checker = com.kms.katalon.core.webui.keyword.WebUiBuiltInKeywords.verifyElementHasAttribute(com.kms.katalon.core.testobject.ObjectRepository.findTestObject(Final Object Repo/Landing Page/BM Detecting), "href", 20, OPTIONAL): Object 'Object Repository/Final Object Repo/Landing Page/BM Detecting' has attribute 'href'

2018-11-29 13:05:47 - [MESSAGE][PASSED] - Object 'Object Repository/Final Object Repo/Landing Page/BM Detecting' has attribute 'href'

2018-11-29 13:05:47 - [TEST_STEP][PASSED] - Statement - out.println(Checker): null

2018-11-29 13:05:47 - [TEST_STEP][PASSED] - Statement - If (Checker == false): null

2018-11-29 13:05:47 - [TEST_STEP][PASSED] - Statement - Else: null

2018-11-29 13:05:47 - [TEST_STEP][PASSED] - delay: Delayed 2 second(s)

2018-11-29 13:05:49 - [MESSAGE][PASSED] - Delayed 2 second(s)

2018-11-29 13:05:49 - [TEST_STEP][PASSED] - click: Object: 'Object Repository/Final Object Repo/Page_MyASSIST - ASSIST - Search Pending Case For Add Supporting Document/Search Information' is clicked on

2018-11-29 13:05:49 - [MESSAGE][PASSED] - Object: 'Object Repository/Final Object Repo/Page_MyASSIST - ASSIST - Search Pending Case For Add Supporting Document/Search Information' is clicked on

2018-11-29 13:05:49 - [TEST_STEP][PASSED] - delay: Delayed 3 second(s)

2018-11-29 13:05:52 - [MESSAGE][PASSED] - Delayed 3 second(s)

2018-11-29 13:05:52 - [TEST_STEP][PASSED] - sendKeys: Keys 'ERN112018C200002361' sent to object: 'Object Repository/Final Object Repo/Page_MyASSIST - ASSIST - Search Pending Case For Add Supporting Document/Reference No'

2018-11-29 13:05:53 - [MESSAGE][PASSED] - Keys 'ERN112018C200002361' sent to object: 'Object Repository/Final Object Repo/Page_MyASSIST - ASSIST - Search Pending Case For Add Supporting Document/Reference No'

2018-11-29 13:05:53 - [TEST_STEP][PASSED] - click: Object: 'Object Repository/Final Object Repo/Page_MyASSIST - ASSIST - Search Pending Case For Add Supporting Document/Search Reference No' is clicked on

2018-11-29 13:05:53 - [MESSAGE][PASSED] - Object: 'Object Repository/Final Object Repo/Page_MyASSIST - ASSIST - Search Pending Case For Add Supporting Document/Search Reference No' is clicked on

2018-11-29 13:05:53 - [TEST_STEP][PASSED] - delay: Delayed 2 second(s)

2018-11-29 13:05:55 - [MESSAGE][PASSED] - Delayed 2 second(s)

2018-11-29 13:05:55 - [TEST_STEP][PASSED] - click: Object: 'Object Repository/Final Object Repo/Page_MyASSIST - ASSIST - Search Pending Case For Add Supporting Document/Continue' is clicked on

2018-11-29 13:05:58 - [MESSAGE][PASSED] - Object: 'Object Repository/Final Object Repo/Page_MyASSIST - ASSIST - Search Pending Case For Add Supporting Document/Continue' is clicked on

2018-11-29 13:05:58 - [TEST_STEP][PASSED] - delay: Delayed 20 second(s)

2018-11-29 13:06:18 - [MESSAGE][PASSED] - Delayed 20 second(s)

2018-11-29 13:06:18 - [MESSAGE][PASSED] - Call Test Case 'Test Cases/Final Aug 2018 - PKS Automation/Registration Module/Workflow/Login and Search Case For Workflow' successfully

2018-11-29 13:06:18 - [TEST_STEP][PASSED] - click: Object: 'Object Repository/Final Object Repo/Page_Form 3 EIS - Cessation as Employer/Page_Form 3 EIS - Cessation as Employer (Approve)/Save  Continue in Form 3 Page' is clicked on

2018-11-29 13:06:18 - [MESSAGE][PASSED] - Object: 'Object Repository/Final Object Repo/Page_Form 3 EIS - Cessation as Employer/Page_Form 3 EIS - Cessation as Employer (Approve)/Save  Continue in Form 3 Page' is clicked on

2018-11-29 13:06:18 - [TEST_STEP][PASSED] - delay: Delayed 2 second(s)

2018-11-29 13:06:20 - [MESSAGE][PASSED] - Delayed 2 second(s)

2018-11-29 13:06:20 - [TEST_STEP][PASSED] - click: Object: 'Object Repository/Final Object Repo/Page_Form 3 EIS - Cessation as Employer/Page_Form 3 EIS - Cessation as Employer (Approve)/Save  Continue in Resigned Page' is clicked on

2018-11-29 13:06:21 - [MESSAGE][PASSED] - Object: 'Object Repository/Final Object Repo/Page_Form 3 EIS - Cessation as Employer/Page_Form 3 EIS - Cessation as Employer (Approve)/Save  Continue in Resigned Page' is clicked on

2018-11-29 13:06:21 - [TEST_STEP][PASSED] - delay: Delayed 2 second(s)

2018-11-29 13:06:23 - [MESSAGE][PASSED] - Delayed 2 second(s)

2018-11-29 13:06:23 - [TEST_STEP][PASSED] - click: Object: 'Object Repository/Final Object Repo/Page_Form 3 EIS - Cessation as Employer/Page_Form 3 EIS - Cessation as Employer (Approve)/Save  Continue in Uploading Page' is clicked on

2018-11-29 13:06:24 - [MESSAGE][PASSED] - Object: 'Object Repository/Final Object Repo/Page_Form 3 EIS - Cessation as Employer/Page_Form 3 EIS - Cessation as Employer (Approve)/Save  Continue in Uploading Page' is clicked on

2018-11-29 13:06:24 - [TEST_STEP][PASSED] - delay: Delayed 2 second(s)

2018-11-29 13:06:26 - [MESSAGE][PASSED] - Delayed 2 second(s)

2018-11-29 13:06:26 - [TEST_STEP][PASSED] - click: Object: 'Object Repository/Final Object Repo/Page_Form 3 EIS - Cessation as Employer/Page_Form 3 EIS - Cessation as Employer (Reject)/Reject' is clicked on

2018-11-29 13:06:29 - [MESSAGE][PASSED] - Object: 'Object Repository/Final Object Repo/Page_Form 3 EIS - Cessation as Employer/Page_Form 3 EIS - Cessation as Employer (Reject)/Reject' is clicked on

2018-11-29 13:06:29 - [TEST_STEP][PASSED] - delay: Delayed 2 second(s)

2018-11-29 13:06:31 - [MESSAGE][PASSED] - Delayed 2 second(s)

2018-11-29 13:06:31 - [TEST_STEP][PASSED] - click: Object: 'Object Repository/Final Object Repo/Page_Form 3 EIS - Cessation as Employer/Page_Form 3 EIS - Cessation as Employer (Reject)/Confirm' is clicked on

2018-11-29 13:06:31 - [MESSAGE][PASSED] - Object: 'Object Repository/Final Object Repo/Page_Form 3 EIS - Cessation as Employer/Page_Form 3 EIS - Cessation as Employer (Reject)/Confirm' is clicked on

2018-11-29 13:06:31 - [TEST_STEP][PASSED] - delay: Delayed 2 second(s)

2018-11-29 13:06:33 - [MESSAGE][PASSED] - Delayed 2 second(s)

2018-11-29 13:06:33 - [TEST_STEP][PASSED] - click: Object: 'Object Repository/Final Object Repo/Page_Form 3 EIS - Cessation as Employer/Page_Form 3 EIS - Cessation as Employer (Reject)/Message This Case has been Rejected' is clicked on

2018-11-29 13:06:37 - [MESSAGE][PASSED] - Object: 'Object Repository/Final Object Repo/Page_Form 3 EIS - Cessation as Employer/Page_Form 3 EIS - Cessation as Employer (Reject)/Message This Case has been Rejected' is clicked on

2018-11-29 13:06:37 - [TEST_STEP][PASSED] - click: Object: 'Object Repository/Final Object Repo/Page_Form 3 EIS - Cessation as Employer/Page_Form 3 EIS - Cessation as Employer (Reject)/Letter of update rejection' is clicked on

2018-11-29 13:06:38 - [MESSAGE][PASSED] - Object: 'Object Repository/Final Object Repo/Page_Form 3 EIS - Cessation as Employer/Page_Form 3 EIS - Cessation as Employer (Reject)/Letter of update rejection' is clicked on

2018-11-29 13:06:38 - [MESSAGE][PASSED] - Call Test Case 'Test Cases/Final Aug 2018 - PKS Automation/Registration Module/Workflow/Form 3 EIS - Cessation As Employer/Template/Form 3 A - Cessation As Employer (Reject)' successfully]]></system-out>
         <system-err><![CDATA[]]></system-err>
      </testcase>
      <testcase name="Test Cases/Final Aug 2018 - PKS Automation/Registration Module/Workflow/Form 3 EIS - Cessation As Employer/PKRBO to UO (Under enforcement)" classname="Test Cases/Final Aug 2018 - PKS Automation/Registration Module/Workflow/Form 3 EIS - Cessation As Employer/PKRBO to UO (Under enforcement)" status="PASSED">
         <system-out><![CDATA[2018-11-29 13:06:38 - [TEST_CASE][PASSED] - Test Cases/Final Aug 2018 - PKS Automation/Registration Module/Workflow/Form 3 EIS - Cessation As Employer/PKRBO to UO (Under enforcement): Test Cases/Final Aug 2018 - PKS Automation/Registration Module/Workflow/Form 3 EIS - Cessation As Employer/PKRBO to UO (Under enforcement)

2018-11-29 13:06:39 - [TEST_STEP][PASSED] - callTestCase: Call Test Case 'Test Cases/Final Aug 2018 - PKS Automation/Registration Module/Workflow/Form 3 EIS - Cessation As Employer/Template/Form 3 A - Cessation As Employer (PKRBO)' successfully

2018-11-29 13:06:39 - [TEST_CASE][PASSED] - Test Cases/Final Aug 2018 - PKS Automation/Registration Module/Workflow/Form 3 EIS - Cessation As Employer/Template/Form 3 A - Cessation As Employer (PKRBO): Test Cases/Final Aug 2018 - PKS Automation/Registration Module/Workflow/Form 3 EIS - Cessation As Employer/Template/Form 3 A - Cessation As Employer (PKRBO)

2018-11-29 13:06:39 - [TEST_STEP][PASSED] - openBrowser: Browser is opened with url: ''

2018-11-29 13:06:39 - [MESSAGE][WARNING] - A browser is already opened. Closing browser and opening a new one

2018-11-29 13:06:42 - [MESSAGE][PASSED] - Browser is opened with url: ''

2018-11-29 13:06:42 - [TEST_STEP][PASSED] - navigateToUrl: Navigate to 'https://assist2-uat.perkeso.gov.my/login' successfully

2018-11-29 13:06:43 - [MESSAGE][PASSED] - Navigate to 'https://assist2-uat.perkeso.gov.my/login' successfully

2018-11-29 13:06:43 - [TEST_STEP][PASSED] - setText: Text 'johorpkrbo1@gmail.com' is set on object 'Object Repository/Final Object Repo/Login Page/Internal User/Email Address'

2018-11-29 13:06:43 - [MESSAGE][PASSED] - Text 'johorpkrbo1@gmail.com' is set on object 'Object Repository/Final Object Repo/Login Page/Internal User/Email Address'

2018-11-29 13:06:43 - [TEST_STEP][PASSED] - click: Object: 'Object Repository/Final Object Repo/Login Page/Internal User/Next Button' is clicked on

2018-11-29 13:06:43 - [MESSAGE][PASSED] - Object: 'Object Repository/Final Object Repo/Login Page/Internal User/Next Button' is clicked on

2018-11-29 13:06:43 - [TEST_STEP][PASSED] - delay: Delayed 1 second(s)

2018-11-29 13:06:44 - [MESSAGE][PASSED] - Delayed 1 second(s)

2018-11-29 13:06:44 - [TEST_STEP][PASSED] - setEncryptedText: Text ****** has been set on object 'Object Repository/Final Object Repo/Login Page/Internal User/Password'

2018-11-29 13:06:45 - [MESSAGE][PASSED] - Text ****** has been set on object 'Object Repository/Final Object Repo/Login Page/Internal User/Password'

2018-11-29 13:06:45 - [TEST_STEP][PASSED] - click: Object: 'Object Repository/Final Object Repo/Login Page/Internal User/Login Button' is clicked on

2018-11-29 13:06:45 - [MESSAGE][PASSED] - Object: 'Object Repository/Final Object Repo/Login Page/Internal User/Login Button' is clicked on

2018-11-29 13:06:45 - [TEST_STEP][PASSED] - delay: Delayed 1 second(s)

2018-11-29 13:06:46 - [MESSAGE][PASSED] - Delayed 1 second(s)

2018-11-29 13:06:46 - [TEST_STEP][PASSED] - Statement - Try: Delayed 2 second(s)

2018-11-29 13:06:46 - [TEST_STEP][PASSED] - Statement - Checker = false: null

2018-11-29 13:06:46 - [TEST_STEP][PASSED] - Statement - Checker = com.kms.katalon.core.webui.keyword.WebUiBuiltInKeywords.verifyElementHasAttribute(com.kms.katalon.core.testobject.ObjectRepository.findTestObject(Final Object Repo/Landing Page/BM Detecting), "href", 20, OPTIONAL): Object 'Object Repository/Final Object Repo/Landing Page/BM Detecting' has attribute 'href'

2018-11-29 13:06:47 - [MESSAGE][PASSED] - Object 'Object Repository/Final Object Repo/Landing Page/BM Detecting' has attribute 'href'

2018-11-29 13:06:47 - [TEST_STEP][PASSED] - Statement - out.println(Checker): null

2018-11-29 13:06:47 - [TEST_STEP][PASSED] - Statement - If (Checker == false): null

2018-11-29 13:06:47 - [TEST_STEP][PASSED] - Statement - Else: null

2018-11-29 13:06:47 - [TEST_STEP][PASSED] - delay: Delayed 2 second(s)

2018-11-29 13:06:49 - [MESSAGE][PASSED] - Delayed 2 second(s)

2018-11-29 13:06:49 - [TEST_STEP][PASSED] - navigateToUrl: Navigate to 'https://assist2-uat.perkeso.gov.my/web/registration/eis-update/form-3-eis-cessation-as-employer' successfully

2018-11-29 13:06:50 - [MESSAGE][PASSED] - Navigate to 'https://assist2-uat.perkeso.gov.my/web/registration/eis-update/form-3-eis-cessation-as-employer' successfully

2018-11-29 13:06:50 - [TEST_STEP][PASSED] - delay: Delayed 1 second(s)

2018-11-29 13:06:51 - [MESSAGE][PASSED] - Delayed 1 second(s)

2018-11-29 13:06:51 - [TEST_STEP][PASSED] - setText: Text 'E1102069769W' is set on object 'Object Repository/Final Object Repo/Page_Form 3 EIS - Cessation as Employer/Employer Code'

2018-11-29 13:06:51 - [MESSAGE][PASSED] - Text 'E1102069769W' is set on object 'Object Repository/Final Object Repo/Page_Form 3 EIS - Cessation as Employer/Employer Code'

2018-11-29 13:06:51 - [TEST_STEP][PASSED] - click: Object: 'Object Repository/Final Object Repo/Page_Form 3 EIS - Cessation as Employer/Search' is clicked on

2018-11-29 13:06:51 - [MESSAGE][PASSED] - Object: 'Object Repository/Final Object Repo/Page_Form 3 EIS - Cessation as Employer/Search' is clicked on

2018-11-29 13:06:51 - [TEST_STEP][PASSED] - click: Object: 'Object Repository/Final Object Repo/Page_Form 3 EIS - Cessation as Employer/Edit' is clicked on

2018-11-29 13:06:54 - [MESSAGE][PASSED] - Object: 'Object Repository/Final Object Repo/Page_Form 3 EIS - Cessation as Employer/Edit' is clicked on

2018-11-29 13:06:54 - [TEST_STEP][PASSED] - delay: Delayed 1 second(s)

2018-11-29 13:06:55 - [MESSAGE][PASSED] - Delayed 1 second(s)

2018-11-29 13:06:55 - [TEST_STEP][PASSED] - Statement - abc = com.kms.katalon.core.webui.keyword.WebUiBuiltInKeywords.getAttribute(com.kms.katalon.core.testobject.ObjectRepository.findTestObject(Final Object Repo/Page_Form 3 EIS - Cessation as Employer/Employer Status), "value"): Attribute 'value' of object 'Object Repository/Final Object Repo/Page_Form 3 EIS - Cessation as Employer/Employer Status' is: 'Active'

2018-11-29 13:06:55 - [MESSAGE][PASSED] - Attribute 'value' of object 'Object Repository/Final Object Repo/Page_Form 3 EIS - Cessation as Employer/Employer Status' is: 'Active'

2018-11-29 13:06:55 - [TEST_STEP][PASSED] - Statement - out.println(abc): null

2018-11-29 13:06:55 - [TEST_STEP][PASSED] - Statement - If (abc == "Active"): Object: 'Object Repository/Final Object Repo/Page_Form 3 EIS - Cessation as Employer/Dormant EIS' is clicked on

2018-11-29 13:06:55 - [TEST_STEP][PASSED] - click: Object: 'Object Repository/Final Object Repo/Page_Form 3 EIS - Cessation as Employer/Change Employer Status to' is clicked on

2018-11-29 13:06:55 - [MESSAGE][PASSED] - Object: 'Object Repository/Final Object Repo/Page_Form 3 EIS - Cessation as Employer/Change Employer Status to' is clicked on

2018-11-29 13:06:55 - [TEST_STEP][PASSED] - click: Object: 'Object Repository/Final Object Repo/Page_Form 3 EIS - Cessation as Employer/Dormant EIS' is clicked on

2018-11-29 13:06:56 - [MESSAGE][PASSED] - Object: 'Object Repository/Final Object Repo/Page_Form 3 EIS - Cessation as Employer/Dormant EIS' is clicked on

2018-11-29 13:06:56 - [TEST_STEP][PASSED] - click: Object: 'Object Repository/Final Object Repo/Page_Form 3 EIS - Cessation as Employer/Calender' is clicked on

2018-11-29 13:06:56 - [MESSAGE][PASSED] - Object: 'Object Repository/Final Object Repo/Page_Form 3 EIS - Cessation as Employer/Calender' is clicked on

2018-11-29 13:06:56 - [TEST_STEP][PASSED] - delay: Delayed 1 second(s)

2018-11-29 13:06:57 - [MESSAGE][PASSED] - Delayed 1 second(s)

2018-11-29 13:06:57 - [TEST_STEP][PASSED] - click: Object: 'Object Repository/Final Object Repo/Page_Form 3 EIS - Cessation as Employer/Calender - Date' is clicked on

2018-11-29 13:06:57 - [MESSAGE][PASSED] - Object: 'Object Repository/Final Object Repo/Page_Form 3 EIS - Cessation as Employer/Calender - Date' is clicked on

2018-11-29 13:06:57 - [TEST_STEP][PASSED] - click: Object: 'Object Repository/Final Object Repo/Page_Form 3 EIS - Cessation as Employer/Save  Continue in Form 3 EIS Page' is clicked on

2018-11-29 13:06:57 - [MESSAGE][PASSED] - Object: 'Object Repository/Final Object Repo/Page_Form 3 EIS - Cessation as Employer/Save  Continue in Form 3 EIS Page' is clicked on

2018-11-29 13:06:57 - [TEST_STEP][PASSED] - delay: Delayed 1 second(s)

2018-11-29 13:06:58 - [MESSAGE][PASSED] - Delayed 1 second(s)

2018-11-29 13:06:58 - [TEST_STEP][PASSED] - click: Object: 'Object Repository/Final Object Repo/Page_Form 3 EIS - Cessation as Employer/Employment Resign Date' is clicked on

2018-11-29 13:06:59 - [MESSAGE][PASSED] - Object: 'Object Repository/Final Object Repo/Page_Form 3 EIS - Cessation as Employer/Employment Resign Date' is clicked on

2018-11-29 13:06:59 - [TEST_STEP][PASSED] - selectOptionByValue: All options with value '2030' are selected in object 'Object Repository/Final Object Repo/Page_Form 3 EIS - Cessation as Employer/Employment Resign Date - Year' 

2018-11-29 13:06:59 - [MESSAGE][PASSED] - All options with value '2030' are selected in object 'Object Repository/Final Object Repo/Page_Form 3 EIS - Cessation as Employer/Employment Resign Date - Year' 

2018-11-29 13:06:59 - [TEST_STEP][PASSED] - delay: Delayed 2 second(s)

2018-11-29 13:07:01 - [MESSAGE][PASSED] - Delayed 2 second(s)

2018-11-29 13:07:01 - [TEST_STEP][PASSED] - click: Object: 'Object Repository/Final Object Repo/Page_Form 3 EIS - Cessation as Employer/Employment Resign Date - Year - Date' is clicked on

2018-11-29 13:07:01 - [MESSAGE][PASSED] - Object: 'Object Repository/Final Object Repo/Page_Form 3 EIS - Cessation as Employer/Employment Resign Date - Year - Date' is clicked on

2018-11-29 13:07:01 - [TEST_STEP][PASSED] - delay: Delayed 2 second(s)

2018-11-29 13:07:03 - [MESSAGE][PASSED] - Delayed 2 second(s)

2018-11-29 13:07:03 - [TEST_STEP][PASSED] - click: Object: 'Object Repository/Final Object Repo/Page_Form 3 EIS - Cessation as Employer/Save  Continue in Employment Resign Page' is clicked on

2018-11-29 13:07:04 - [MESSAGE][PASSED] - Object: 'Object Repository/Final Object Repo/Page_Form 3 EIS - Cessation as Employer/Save  Continue in Employment Resign Page' is clicked on

2018-11-29 13:07:04 - [TEST_STEP][PASSED] - delay: Delayed 2 second(s)

2018-11-29 13:07:06 - [MESSAGE][PASSED] - Delayed 2 second(s)

2018-11-29 13:07:06 - [TEST_STEP][PASSED] - click: Object: 'Object Repository/Final Object Repo/Page_Form 3 EIS - Cessation as Employer/Set Latest - Yes' is clicked on

2018-11-29 13:07:06 - [MESSAGE][PASSED] - Object: 'Object Repository/Final Object Repo/Page_Form 3 EIS - Cessation as Employer/Set Latest - Yes' is clicked on

2018-11-29 13:07:06 - [TEST_STEP][PASSED] - delay: Delayed 2 second(s)

2018-11-29 13:07:08 - [MESSAGE][PASSED] - Delayed 2 second(s)

2018-11-29 13:07:08 - [TEST_STEP][PASSED] - click: Object: 'Object Repository/Final Object Repo/Page_Form 3 EIS - Cessation as Employer/Add Document' is clicked on

2018-11-29 13:07:09 - [MESSAGE][PASSED] - Object: 'Object Repository/Final Object Repo/Page_Form 3 EIS - Cessation as Employer/Add Document' is clicked on

2018-11-29 13:07:09 - [TEST_STEP][PASSED] - delay: Delayed 3 second(s)

2018-11-29 13:07:12 - [MESSAGE][PASSED] - Delayed 3 second(s)

2018-11-29 13:07:12 - [TEST_STEP][PASSED] - click: Object: 'Object Repository/Final Object Repo/Page_Form 3 EIS - Cessation as Employer/Document Type' is clicked on

2018-11-29 13:07:12 - [MESSAGE][PASSED] - Object: 'Object Repository/Final Object Repo/Page_Form 3 EIS - Cessation as Employer/Document Type' is clicked on

2018-11-29 13:07:12 - [TEST_STEP][PASSED] - click: Object: 'Object Repository/Final Object Repo/Page_Form 3 EIS - Cessation as Employer/Document Type - Form 3' is clicked on

2018-11-29 13:07:12 - [MESSAGE][PASSED] - Object: 'Object Repository/Final Object Repo/Page_Form 3 EIS - Cessation as Employer/Document Type - Form 3' is clicked on

2018-11-29 13:07:12 - [TEST_STEP][PASSED] - delay: Delayed 2 second(s)

2018-11-29 13:07:14 - [MESSAGE][PASSED] - Delayed 2 second(s)

2018-11-29 13:07:14 - [TEST_STEP][PASSED] - sendKeys: Keys 'C:\Users\Public\Pictures\Sample Pictures\Koala.jpg' sent to object: 'Object Repository/Final Object Repo/Page_Form 3 EIS - Cessation as Employer/ploading File'

2018-11-29 13:07:14 - [MESSAGE][PASSED] - Keys 'C:\Users\Public\Pictures\Sample Pictures\Koala.jpg' sent to object: 'Object Repository/Final Object Repo/Page_Form 3 EIS - Cessation as Employer/ploading File'

2018-11-29 13:07:14 - [TEST_STEP][PASSED] - delay: Delayed 1 second(s)

2018-11-29 13:07:15 - [MESSAGE][PASSED] - Delayed 1 second(s)

2018-11-29 13:07:15 - [TEST_STEP][PASSED] - click: Object: 'Object Repository/Final Object Repo/Page_Form 3 EIS - Cessation as Employer/Add Document in Uploading Page' is clicked on

2018-11-29 13:07:16 - [MESSAGE][PASSED] - Object: 'Object Repository/Final Object Repo/Page_Form 3 EIS - Cessation as Employer/Add Document in Uploading Page' is clicked on

2018-11-29 13:07:16 - [TEST_STEP][PASSED] - delay: Delayed 2 second(s)

2018-11-29 13:07:18 - [MESSAGE][PASSED] - Delayed 2 second(s)

2018-11-29 13:07:18 - [TEST_STEP][PASSED] - Statement - CaseReferenceNo = com.kms.katalon.core.webui.keyword.WebUiBuiltInKeywords.getText(com.kms.katalon.core.testobject.ObjectRepository.findTestObject(Final Object Repo/Page_Update Employer Information/Reference Number in Update Employee Information Page)): Text of object 'Object Repository/Final Object Repo/Page_Update Employer Information/Reference Number in Update Employee Information Page' is: 'ERN112018C200002362'

2018-11-29 13:07:20 - [MESSAGE][PASSED] - Text of object 'Object Repository/Final Object Repo/Page_Update Employer Information/Reference Number in Update Employee Information Page' is: 'ERN112018C200002362'

2018-11-29 13:07:20 - [TEST_STEP][PASSED] - callTestCase: Call Test Case 'Test Cases/Final Aug 2018 - PKS Automation/Common/Reference Number Setter' successfully

2018-11-29 13:07:20 - [TEST_CASE][PASSED] - Test Cases/Final Aug 2018 - PKS Automation/Common/Reference Number Setter: Test Cases/Final Aug 2018 - PKS Automation/Common/Reference Number Setter

2018-11-29 13:07:20 - [TEST_STEP][PASSED] - Statement - RefNoOldFile = new java.io.File(C://Users//Admin//Desktop//PKS//Automation Reference Point//KatalonReference.txt): null

2018-11-29 13:07:20 - [TEST_STEP][PASSED] - Statement - RefNoOldFile.delete(): null

2018-11-29 13:07:20 - [TEST_STEP][PASSED] - delay: Delayed 5 second(s)

2018-11-29 13:07:25 - [MESSAGE][PASSED] - Delayed 5 second(s)

2018-11-29 13:07:25 - [TEST_STEP][PASSED] - Statement - RefNo = new java.io.File(C://Users//Admin//Desktop//PKS//Automation Reference Point//KatalonReference.txt): null

2018-11-29 13:07:25 - [TEST_STEP][PASSED] - Statement - f2 = new java.io.FileWriter(RefNo, false): null

2018-11-29 13:07:25 - [TEST_STEP][PASSED] - Statement - f2.write(CaseReferenceNo): null

2018-11-29 13:07:25 - [TEST_STEP][PASSED] - Statement - f2.close(): null

2018-11-29 13:07:25 - [TEST_STEP][PASSED] - Statement - out.println("


" + CaseReferenceNo + "


"): null

2018-11-29 13:07:25 - [MESSAGE][PASSED] - Call Test Case 'Test Cases/Final Aug 2018 - PKS Automation/Common/Reference Number Setter' successfully

2018-11-29 13:07:25 - [TEST_STEP][PASSED] - delay: Delayed 2 second(s)

2018-11-29 13:07:27 - [MESSAGE][PASSED] - Delayed 2 second(s)

2018-11-29 13:07:27 - [TEST_STEP][PASSED] - click: Object: 'Object Repository/Final Object Repo/Page_Form 3 EIS - Cessation as Employer/Save  Continue in Uploading Page' is clicked on

2018-11-29 13:07:27 - [MESSAGE][PASSED] - Object: 'Object Repository/Final Object Repo/Page_Form 3 EIS - Cessation as Employer/Save  Continue in Uploading Page' is clicked on

2018-11-29 13:07:27 - [TEST_STEP][PASSED] - delay: Delayed 2 second(s)

2018-11-29 13:07:29 - [MESSAGE][PASSED] - Delayed 2 second(s)

2018-11-29 13:07:29 - [TEST_STEP][PASSED] - click: Object: 'Object Repository/Final Object Repo/Page_Form 3 EIS - Cessation as Employer/Submit' is clicked on

2018-11-29 13:07:32 - [MESSAGE][PASSED] - Object: 'Object Repository/Final Object Repo/Page_Form 3 EIS - Cessation as Employer/Submit' is clicked on

2018-11-29 13:07:32 - [TEST_STEP][PASSED] - delay: Delayed 2 second(s)

2018-11-29 13:07:34 - [MESSAGE][PASSED] - Delayed 2 second(s)

2018-11-29 13:07:34 - [TEST_STEP][PASSED] - click: Object: 'Object Repository/Final Object Repo/Page_Form 3 EIS - Cessation as Employer/Confirm' is clicked on

2018-11-29 13:07:34 - [MESSAGE][PASSED] - Object: 'Object Repository/Final Object Repo/Page_Form 3 EIS - Cessation as Employer/Confirm' is clicked on

2018-11-29 13:07:34 - [TEST_STEP][PASSED] - delay: Delayed 2 second(s)

2018-11-29 13:07:36 - [MESSAGE][PASSED] - Delayed 2 second(s)

2018-11-29 13:07:36 - [TEST_STEP][PASSED] - click: Object: 'Object Repository/Final Object Repo/Page_Form 3 EIS - Cessation as Employer/Message Your Request will be routed to UO' is clicked on

2018-11-29 13:07:40 - [MESSAGE][PASSED] - Object: 'Object Repository/Final Object Repo/Page_Form 3 EIS - Cessation as Employer/Message Your Request will be routed to UO' is clicked on

2018-11-29 13:07:40 - [TEST_STEP][PASSED] - click: Object: 'Object Repository/Final Object Repo/Page_Form 3 EIS - Cessation as Employer/Letter of acknowledgement' is clicked on

2018-11-29 13:07:41 - [MESSAGE][PASSED] - Object: 'Object Repository/Final Object Repo/Page_Form 3 EIS - Cessation as Employer/Letter of acknowledgement' is clicked on

2018-11-29 13:07:41 - [MESSAGE][PASSED] - Call Test Case 'Test Cases/Final Aug 2018 - PKS Automation/Registration Module/Workflow/Form 3 EIS - Cessation As Employer/Template/Form 3 A - Cessation As Employer (PKRBO)' successfully

2018-11-29 13:07:41 - [TEST_STEP][PASSED] - callTestCase: Call Test Case 'Test Cases/Final Aug 2018 - PKS Automation/Registration Module/Workflow/Form 3 EIS - Cessation As Employer/Template/Form 3 A - Cessation As Employer (Under enforcement)' successfully

2018-11-29 13:07:41 - [TEST_CASE][PASSED] - Test Cases/Final Aug 2018 - PKS Automation/Registration Module/Workflow/Form 3 EIS - Cessation As Employer/Template/Form 3 A - Cessation As Employer (Under enforcement): Test Cases/Final Aug 2018 - PKS Automation/Registration Module/Workflow/Form 3 EIS - Cessation As Employer/Template/Form 3 A - Cessation As Employer (Under enforcement)

2018-11-29 13:07:41 - [TEST_STEP][NOT_RUN] - callTestCase: NOT_RUN: callTestCase

2018-11-29 13:07:41 - [MESSAGE][NOT_RUN] - NOT_RUN: callTestCase

2018-11-29 13:07:41 - [TEST_STEP][PASSED] - delay: Delayed 1 second(s)

2018-11-29 13:07:42 - [MESSAGE][PASSED] - Delayed 1 second(s)

2018-11-29 13:07:42 - [TEST_STEP][PASSED] - navigateToUrl: Navigate to 'https://assist2-uat.perkeso.gov.my/c/portal/logout' successfully

2018-11-29 13:07:42 - [MESSAGE][PASSED] - Navigate to 'https://assist2-uat.perkeso.gov.my/c/portal/logout' successfully

2018-11-29 13:07:42 - [TEST_STEP][PASSED] - delay: Delayed 1 second(s)

2018-11-29 13:07:43 - [MESSAGE][PASSED] - Delayed 1 second(s)

2018-11-29 13:07:43 - [TEST_STEP][PASSED] - callTestCase: Call Test Case 'Test Cases/Final Aug 2018 - PKS Automation/Common/Reference Number Getter' successfully

2018-11-29 13:07:44 - [TEST_CASE][PASSED] - Test Cases/Final Aug 2018 - PKS Automation/Common/Reference Number Getter: Test Cases/Final Aug 2018 - PKS Automation/Common/Reference Number Getter

2018-11-29 13:07:44 - [TEST_STEP][PASSED] - Statement - Try: null

2018-11-29 13:07:44 - [TEST_STEP][PASSED] - Statement - RefNo = new java.io.File(C://Users//Admin//Desktop//PKS//Automation Reference Point//KatalonReference.txt): null

2018-11-29 13:07:44 - [TEST_STEP][PASSED] - Statement - bufferread = new java.io.BufferedReader(new java.io.FileReader(RefNo)): null

2018-11-29 13:07:44 - [TEST_STEP][PASSED] - Statement - readedVal = bufferread.readLine(): null

2018-11-29 13:07:44 - [TEST_STEP][PASSED] - Statement - out.println(CaseReferenceNo): null

2018-11-29 13:07:44 - [TEST_STEP][PASSED] - Statement - out.println(readedVal): null

2018-11-29 13:07:44 - [TEST_STEP][PASSED] - Statement - CaseReferenceNo = "": null

2018-11-29 13:07:44 - [TEST_STEP][PASSED] - Statement - CaseReferenceNo = readedVal: null

2018-11-29 13:07:44 - [MESSAGE][PASSED] - Call Test Case 'Test Cases/Final Aug 2018 - PKS Automation/Common/Reference Number Getter' successfully

2018-11-29 13:07:44 - [TEST_STEP][PASSED] - callTestCase: Call Test Case 'Test Cases/Final Aug 2018 - PKS Automation/Common/Workflow Owner Finder' successfully

2018-11-29 13:07:44 - [TEST_CASE][PASSED] - Test Cases/Final Aug 2018 - PKS Automation/Common/Workflow Owner Finder: Test Cases/Final Aug 2018 - PKS Automation/Common/Workflow Owner Finder

2018-11-29 13:07:44 - [TEST_STEP][PASSED] - openBrowser: Browser is opened with url: ''

2018-11-29 13:07:44 - [MESSAGE][WARNING] - A browser is already opened. Closing browser and opening a new one

2018-11-29 13:07:46 - [MESSAGE][PASSED] - Browser is opened with url: ''

2018-11-29 13:07:46 - [TEST_STEP][PASSED] - navigateToUrl: Navigate to 'https://assist2-uat.perkeso.gov.my/login' successfully

2018-11-29 13:07:47 - [MESSAGE][PASSED] - Navigate to 'https://assist2-uat.perkeso.gov.my/login' successfully

2018-11-29 13:07:47 - [TEST_STEP][PASSED] - delay: Delayed 5 second(s)

2018-11-29 13:07:52 - [MESSAGE][PASSED] - Delayed 5 second(s)

2018-11-29 13:07:52 - [TEST_STEP][PASSED] - setText: Text 'test@liferay.com' is set on object 'Object Repository/Final Object Repo/Login Page/Internal User/Email Address'

2018-11-29 13:07:53 - [MESSAGE][PASSED] - Text 'test@liferay.com' is set on object 'Object Repository/Final Object Repo/Login Page/Internal User/Email Address'

2018-11-29 13:07:53 - [TEST_STEP][PASSED] - click: Object: 'Object Repository/Final Object Repo/Login Page/Internal User/Next Button' is clicked on

2018-11-29 13:07:53 - [MESSAGE][PASSED] - Object: 'Object Repository/Final Object Repo/Login Page/Internal User/Next Button' is clicked on

2018-11-29 13:07:53 - [TEST_STEP][PASSED] - delay: Delayed 2 second(s)

2018-11-29 13:07:55 - [MESSAGE][PASSED] - Delayed 2 second(s)

2018-11-29 13:07:55 - [TEST_STEP][PASSED] - setText: Text 'test' is set on object 'Object Repository/Final Object Repo/Login Page/Internal User/Password'

2018-11-29 13:07:55 - [MESSAGE][PASSED] - Text 'test' is set on object 'Object Repository/Final Object Repo/Login Page/Internal User/Password'

2018-11-29 13:07:55 - [TEST_STEP][PASSED] - delay: Delayed 2 second(s)

2018-11-29 13:07:57 - [MESSAGE][PASSED] - Delayed 2 second(s)

2018-11-29 13:07:57 - [TEST_STEP][PASSED] - click: Object: 'Object Repository/Final Object Repo/Login Page/Internal User/Login Button' is clicked on

2018-11-29 13:07:58 - [MESSAGE][PASSED] - Object: 'Object Repository/Final Object Repo/Login Page/Internal User/Login Button' is clicked on

2018-11-29 13:07:58 - [TEST_STEP][PASSED] - Statement - Try: null

2018-11-29 13:07:58 - [TEST_STEP][PASSED] - Statement - Checker = com.kms.katalon.core.webui.keyword.WebUiBuiltInKeywords.verifyElementNotPresent("Final Object Repo/Landing Page/Select to English", 3): null

2018-11-29 13:07:58 - [TEST_STEP][PASSED] - Statement - Catch (Exception e): null

2018-11-29 13:07:58 - [TEST_STEP][PASSED] - Statement - e.printStackTrace(): null

2018-11-29 13:07:58 - [TEST_STEP][PASSED] - delay: Delayed 5 second(s)

2018-11-29 13:08:03 - [MESSAGE][PASSED] - Delayed 5 second(s)

2018-11-29 13:08:03 - [TEST_STEP][PASSED] - mouseOver: Object: 'Object Repository/Final Object Repo/Landing Page/WorkFlow Menu' is hovered

2018-11-29 13:08:03 - [MESSAGE][PASSED] - Object: 'Object Repository/Final Object Repo/Landing Page/WorkFlow Menu' is hovered

2018-11-29 13:08:03 - [TEST_STEP][PASSED] - delay: Delayed 2 second(s)

2018-11-29 13:08:05 - [MESSAGE][PASSED] - Delayed 2 second(s)

2018-11-29 13:08:05 - [TEST_STEP][PASSED] - click: Object: 'Object Repository/Final Object Repo/Landing Page/Select to Workflow Listing' is clicked on

2018-11-29 13:08:06 - [MESSAGE][PASSED] - Object: 'Object Repository/Final Object Repo/Landing Page/Select to Workflow Listing' is clicked on

2018-11-29 13:08:06 - [TEST_STEP][PASSED] - delay: Delayed 2 second(s)

2018-11-29 13:08:08 - [MESSAGE][PASSED] - Delayed 2 second(s)

2018-11-29 13:08:08 - [TEST_STEP][PASSED] - click: Object: 'Object Repository/Final Object Repo/WorkFlow Listing Page/Search Information - To Put Ref No' is clicked on

2018-11-29 13:08:08 - [MESSAGE][PASSED] - Object: 'Object Repository/Final Object Repo/WorkFlow Listing Page/Search Information - To Put Ref No' is clicked on

2018-11-29 13:08:08 - [TEST_STEP][PASSED] - delay: Delayed 2 second(s)

2018-11-29 13:08:10 - [MESSAGE][PASSED] - Delayed 2 second(s)

2018-11-29 13:08:10 - [TEST_STEP][PASSED] - callTestCase: Call Test Case 'Test Cases/Final Aug 2018 - PKS Automation/Common/Reference Number Getter' successfully

2018-11-29 13:08:10 - [TEST_CASE][PASSED] - Test Cases/Final Aug 2018 - PKS Automation/Common/Reference Number Getter: Test Cases/Final Aug 2018 - PKS Automation/Common/Reference Number Getter

2018-11-29 13:08:10 - [TEST_STEP][PASSED] - Statement - Try: null

2018-11-29 13:08:10 - [TEST_STEP][PASSED] - Statement - RefNo = new java.io.File(C://Users//Admin//Desktop//PKS//Automation Reference Point//KatalonReference.txt): null

2018-11-29 13:08:10 - [TEST_STEP][PASSED] - Statement - bufferread = new java.io.BufferedReader(new java.io.FileReader(RefNo)): null

2018-11-29 13:08:10 - [TEST_STEP][PASSED] - Statement - readedVal = bufferread.readLine(): null

2018-11-29 13:08:10 - [TEST_STEP][PASSED] - Statement - out.println(CaseReferenceNo): null

2018-11-29 13:08:10 - [TEST_STEP][PASSED] - Statement - out.println(readedVal): null

2018-11-29 13:08:10 - [TEST_STEP][PASSED] - Statement - CaseReferenceNo = "": null

2018-11-29 13:08:10 - [TEST_STEP][PASSED] - Statement - CaseReferenceNo = readedVal: null

2018-11-29 13:08:10 - [MESSAGE][PASSED] - Call Test Case 'Test Cases/Final Aug 2018 - PKS Automation/Common/Reference Number Getter' successfully

2018-11-29 13:08:10 - [TEST_STEP][PASSED] - setText: Text 'ERN112018C200002362' is set on object 'Object Repository/Final Object Repo/WorkFlow Listing Page/Ref No Set Text'

2018-11-29 13:08:11 - [MESSAGE][PASSED] - Text 'ERN112018C200002362' is set on object 'Object Repository/Final Object Repo/WorkFlow Listing Page/Ref No Set Text'

2018-11-29 13:08:11 - [TEST_STEP][PASSED] - delay: Delayed 2 second(s)

2018-11-29 13:08:13 - [MESSAGE][PASSED] - Delayed 2 second(s)

2018-11-29 13:08:13 - [TEST_STEP][PASSED] - click: Object: 'Object Repository/Final Object Repo/WorkFlow Listing Page/Search Ref No Search Button' is clicked on

2018-11-29 13:08:13 - [MESSAGE][PASSED] - Object: 'Object Repository/Final Object Repo/WorkFlow Listing Page/Search Ref No Search Button' is clicked on

2018-11-29 13:08:13 - [TEST_STEP][PASSED] - delay: Delayed 4 second(s)

2018-11-29 13:08:17 - [MESSAGE][PASSED] - Delayed 4 second(s)

2018-11-29 13:08:17 - [TEST_STEP][PASSED] - click: Object: 'Object Repository/Final Object Repo/WorkFlow Listing Page/Click Continue Tooltip' is clicked on

2018-11-29 13:08:18 - [MESSAGE][PASSED] - Object: 'Object Repository/Final Object Repo/WorkFlow Listing Page/Click Continue Tooltip' is clicked on

2018-11-29 13:08:18 - [TEST_STEP][PASSED] - delay: Delayed 5 second(s)

2018-11-29 13:08:23 - [MESSAGE][PASSED] - Delayed 5 second(s)

2018-11-29 13:08:23 - [TEST_STEP][PASSED] - doubleClick: Object: 'Object Repository/Final Object Repo/WorkFlow Listing Page/Workflow Found - Listing 1' is double clicked on

2018-11-29 13:08:23 - [MESSAGE][PASSED] - Object: 'Object Repository/Final Object Repo/WorkFlow Listing Page/Workflow Found - Listing 1' is double clicked on

2018-11-29 13:08:23 - [TEST_STEP][PASSED] - Statement - println(OwnerID): null

2018-11-29 13:08:23 - [TEST_STEP][PASSED] - Statement - OwnerID = com.kms.katalon.core.webui.keyword.WebUiBuiltInKeywords.getText(com.kms.katalon.core.testobject.ObjectRepository.findTestObject(Final Object Repo/WorkFlow Listing Page/Workflow Found - Listing 1), STOP_ON_FAILURE): Text of object 'Object Repository/Final Object Repo/WorkFlow Listing Page/Workflow Found - Listing 1' is: 'JOHORuo3'

2018-11-29 13:08:23 - [MESSAGE][PASSED] - Text of object 'Object Repository/Final Object Repo/WorkFlow Listing Page/Workflow Found - Listing 1' is: 'JOHORuo3'

2018-11-29 13:08:23 - [TEST_STEP][PASSED] - Statement - OwnerID = OwnerID.toLowerCase() + "@gmail.com": null

2018-11-29 13:08:23 - [TEST_STEP][PASSED] - Statement - println(OwnerID): null

2018-11-29 13:08:23 - [TEST_STEP][PASSED] - delay: Delayed 2 second(s)

2018-11-29 13:08:25 - [MESSAGE][PASSED] - Delayed 2 second(s)

2018-11-29 13:08:25 - [MESSAGE][PASSED] - Call Test Case 'Test Cases/Final Aug 2018 - PKS Automation/Common/Workflow Owner Finder' successfully

2018-11-29 13:08:25 - [TEST_STEP][PASSED] - delay: Delayed 1 second(s)

2018-11-29 13:08:26 - [MESSAGE][PASSED] - Delayed 1 second(s)

2018-11-29 13:08:26 - [TEST_STEP][PASSED] - navigateToUrl: Navigate to 'https://assist2-uat.perkeso.gov.my/c/portal/logout' successfully

2018-11-29 13:08:27 - [MESSAGE][PASSED] - Navigate to 'https://assist2-uat.perkeso.gov.my/c/portal/logout' successfully

2018-11-29 13:08:27 - [TEST_STEP][PASSED] - delay: Delayed 1 second(s)

2018-11-29 13:08:28 - [MESSAGE][PASSED] - Delayed 1 second(s)

2018-11-29 13:08:28 - [TEST_STEP][PASSED] - callTestCase: Call Test Case 'Test Cases/Final Aug 2018 - PKS Automation/Registration Module/Workflow/Login and Search Case For Workflow' successfully

2018-11-29 13:08:28 - [TEST_CASE][PASSED] - Test Cases/Final Aug 2018 - PKS Automation/Registration Module/Workflow/Login and Search Case For Workflow: Test Cases/Final Aug 2018 - PKS Automation/Registration Module/Workflow/Login and Search Case For Workflow

2018-11-29 13:08:28 - [TEST_STEP][PASSED] - navigateToUrl: Navigate to 'https://assist2-uat.perkeso.gov.my/login' successfully

2018-11-29 13:08:29 - [MESSAGE][PASSED] - Navigate to 'https://assist2-uat.perkeso.gov.my/login' successfully

2018-11-29 13:08:29 - [TEST_STEP][PASSED] - setText: Text 'johoruo3@gmail.com' is set on object 'Object Repository/Final Object Repo/Login Page/Internal User/Email Address'

2018-11-29 13:08:29 - [MESSAGE][PASSED] - Text 'johoruo3@gmail.com' is set on object 'Object Repository/Final Object Repo/Login Page/Internal User/Email Address'

2018-11-29 13:08:29 - [TEST_STEP][PASSED] - click: Object: 'Object Repository/Final Object Repo/Login Page/Internal User/Next Button' is clicked on

2018-11-29 13:08:29 - [MESSAGE][PASSED] - Object: 'Object Repository/Final Object Repo/Login Page/Internal User/Next Button' is clicked on

2018-11-29 13:08:29 - [TEST_STEP][PASSED] - delay: Delayed 1 second(s)

2018-11-29 13:08:30 - [MESSAGE][PASSED] - Delayed 1 second(s)

2018-11-29 13:08:30 - [TEST_STEP][PASSED] - setEncryptedText: Text ****** has been set on object 'Object Repository/Final Object Repo/Login Page/Internal User/Password'

2018-11-29 13:08:31 - [MESSAGE][PASSED] - Text ****** has been set on object 'Object Repository/Final Object Repo/Login Page/Internal User/Password'

2018-11-29 13:08:31 - [TEST_STEP][PASSED] - click: Object: 'Object Repository/Final Object Repo/Login Page/Internal User/Login Button' is clicked on

2018-11-29 13:08:31 - [MESSAGE][PASSED] - Object: 'Object Repository/Final Object Repo/Login Page/Internal User/Login Button' is clicked on

2018-11-29 13:08:31 - [TEST_STEP][PASSED] - delay: Delayed 2 second(s)

2018-11-29 13:08:33 - [MESSAGE][PASSED] - Delayed 2 second(s)

2018-11-29 13:08:33 - [TEST_STEP][PASSED] - Statement - Try: Delayed 2 second(s)

2018-11-29 13:08:33 - [TEST_STEP][PASSED] - Statement - Checker = false: null

2018-11-29 13:08:33 - [TEST_STEP][PASSED] - Statement - Checker = com.kms.katalon.core.webui.keyword.WebUiBuiltInKeywords.verifyElementHasAttribute(com.kms.katalon.core.testobject.ObjectRepository.findTestObject(Final Object Repo/Landing Page/BM Detecting), "href", 20, OPTIONAL): Object 'Object Repository/Final Object Repo/Landing Page/BM Detecting' has attribute 'href'

2018-11-29 13:08:33 - [MESSAGE][PASSED] - Object 'Object Repository/Final Object Repo/Landing Page/BM Detecting' has attribute 'href'

2018-11-29 13:08:33 - [TEST_STEP][PASSED] - Statement - out.println(Checker): null

2018-11-29 13:08:33 - [TEST_STEP][PASSED] - Statement - If (Checker == false): null

2018-11-29 13:08:33 - [TEST_STEP][PASSED] - Statement - Else: null

2018-11-29 13:08:33 - [TEST_STEP][PASSED] - delay: Delayed 2 second(s)

2018-11-29 13:08:35 - [MESSAGE][PASSED] - Delayed 2 second(s)

2018-11-29 13:08:35 - [TEST_STEP][PASSED] - click: Object: 'Object Repository/Final Object Repo/Page_MyASSIST - ASSIST - Search Pending Case For Add Supporting Document/Search Information' is clicked on

2018-11-29 13:08:35 - [MESSAGE][PASSED] - Object: 'Object Repository/Final Object Repo/Page_MyASSIST - ASSIST - Search Pending Case For Add Supporting Document/Search Information' is clicked on

2018-11-29 13:08:35 - [TEST_STEP][PASSED] - delay: Delayed 3 second(s)

2018-11-29 13:08:38 - [MESSAGE][PASSED] - Delayed 3 second(s)

2018-11-29 13:08:38 - [TEST_STEP][PASSED] - sendKeys: Keys 'ERN112018C200002362' sent to object: 'Object Repository/Final Object Repo/Page_MyASSIST - ASSIST - Search Pending Case For Add Supporting Document/Reference No'

2018-11-29 13:08:38 - [MESSAGE][PASSED] - Keys 'ERN112018C200002362' sent to object: 'Object Repository/Final Object Repo/Page_MyASSIST - ASSIST - Search Pending Case For Add Supporting Document/Reference No'

2018-11-29 13:08:38 - [TEST_STEP][PASSED] - click: Object: 'Object Repository/Final Object Repo/Page_MyASSIST - ASSIST - Search Pending Case For Add Supporting Document/Search Reference No' is clicked on

2018-11-29 13:08:39 - [MESSAGE][PASSED] - Object: 'Object Repository/Final Object Repo/Page_MyASSIST - ASSIST - Search Pending Case For Add Supporting Document/Search Reference No' is clicked on

2018-11-29 13:08:39 - [TEST_STEP][PASSED] - delay: Delayed 2 second(s)

2018-11-29 13:08:41 - [MESSAGE][PASSED] - Delayed 2 second(s)

2018-11-29 13:08:41 - [TEST_STEP][PASSED] - click: Object: 'Object Repository/Final Object Repo/Page_MyASSIST - ASSIST - Search Pending Case For Add Supporting Document/Continue' is clicked on

2018-11-29 13:08:46 - [MESSAGE][PASSED] - Object: 'Object Repository/Final Object Repo/Page_MyASSIST - ASSIST - Search Pending Case For Add Supporting Document/Continue' is clicked on

2018-11-29 13:08:46 - [TEST_STEP][PASSED] - delay: Delayed 20 second(s)

2018-11-29 13:09:06 - [MESSAGE][PASSED] - Delayed 20 second(s)

2018-11-29 13:09:06 - [MESSAGE][PASSED] - Call Test Case 'Test Cases/Final Aug 2018 - PKS Automation/Registration Module/Workflow/Login and Search Case For Workflow' successfully

2018-11-29 13:09:06 - [TEST_STEP][PASSED] - click: Object: 'Object Repository/Final Object Repo/Page_Form 3 EIS - Cessation as Employer/Page_Form 3 EIS - Cessation as Employer (Approve)/Save  Continue in Form 3 Page' is clicked on

2018-11-29 13:09:06 - [MESSAGE][PASSED] - Object: 'Object Repository/Final Object Repo/Page_Form 3 EIS - Cessation as Employer/Page_Form 3 EIS - Cessation as Employer (Approve)/Save  Continue in Form 3 Page' is clicked on

2018-11-29 13:09:06 - [TEST_STEP][PASSED] - delay: Delayed 2 second(s)

2018-11-29 13:09:08 - [MESSAGE][PASSED] - Delayed 2 second(s)

2018-11-29 13:09:08 - [TEST_STEP][PASSED] - click: Object: 'Object Repository/Final Object Repo/Page_Form 3 EIS - Cessation as Employer/Page_Form 3 EIS - Cessation as Employer (Approve)/Save  Continue in Resigned Page' is clicked on

2018-11-29 13:09:09 - [MESSAGE][PASSED] - Object: 'Object Repository/Final Object Repo/Page_Form 3 EIS - Cessation as Employer/Page_Form 3 EIS - Cessation as Employer (Approve)/Save  Continue in Resigned Page' is clicked on

2018-11-29 13:09:09 - [TEST_STEP][PASSED] - delay: Delayed 2 second(s)

2018-11-29 13:09:11 - [MESSAGE][PASSED] - Delayed 2 second(s)

2018-11-29 13:09:11 - [TEST_STEP][PASSED] - click: Object: 'Object Repository/Final Object Repo/Page_Form 3 EIS - Cessation as Employer/Page_Form 3 EIS - Cessation as Employer (Approve)/Save  Continue in Uploading Page' is clicked on

2018-11-29 13:09:12 - [MESSAGE][PASSED] - Object: 'Object Repository/Final Object Repo/Page_Form 3 EIS - Cessation as Employer/Page_Form 3 EIS - Cessation as Employer (Approve)/Save  Continue in Uploading Page' is clicked on

2018-11-29 13:09:12 - [TEST_STEP][PASSED] - delay: Delayed 2 second(s)

2018-11-29 13:09:14 - [MESSAGE][PASSED] - Delayed 2 second(s)

2018-11-29 13:09:14 - [TEST_STEP][PASSED] - click: Object: 'Object Repository/Final Object Repo/Page_Form 3 EIS - Cessation as Employer/Page_Form 3 EIS - Cessation as Employer (Under enforcement)/Underenforcement' is clicked on

2018-11-29 13:09:17 - [MESSAGE][PASSED] - Object: 'Object Repository/Final Object Repo/Page_Form 3 EIS - Cessation as Employer/Page_Form 3 EIS - Cessation as Employer (Under enforcement)/Underenforcement' is clicked on

2018-11-29 13:09:17 - [TEST_STEP][PASSED] - delay: Delayed 2 second(s)

2018-11-29 13:09:19 - [MESSAGE][PASSED] - Delayed 2 second(s)

2018-11-29 13:09:19 - [TEST_STEP][PASSED] - setText: Text 'Remark' is set on object 'Object Repository/Final Object Repo/Page_Form 3 EIS - Cessation as Employer/Page_Form 3 EIS - Cessation as Employer (Under enforcement)/Under enforcement - Remark'

2018-11-29 13:09:19 - [MESSAGE][PASSED] - Text 'Remark' is set on object 'Object Repository/Final Object Repo/Page_Form 3 EIS - Cessation as Employer/Page_Form 3 EIS - Cessation as Employer (Under enforcement)/Under enforcement - Remark'

2018-11-29 13:09:19 - [TEST_STEP][PASSED] - delay: Delayed 2 second(s)

2018-11-29 13:09:21 - [MESSAGE][PASSED] - Delayed 2 second(s)

2018-11-29 13:09:21 - [TEST_STEP][PASSED] - click: Object: 'Object Repository/Final Object Repo/Page_Form 3 EIS - Cessation as Employer/Page_Form 3 EIS - Cessation as Employer (Under enforcement)/Save  Continue in Under enforcement' is clicked on

2018-11-29 13:09:21 - [MESSAGE][PASSED] - Object: 'Object Repository/Final Object Repo/Page_Form 3 EIS - Cessation as Employer/Page_Form 3 EIS - Cessation as Employer (Under enforcement)/Save  Continue in Under enforcement' is clicked on

2018-11-29 13:09:21 - [TEST_STEP][PASSED] - doubleClick: Object: 'Object Repository/Final Object Repo/Page_Form 3 EIS - Cessation as Employer/Page_Form 3 EIS - Cessation as Employer (Under enforcement)/Message The case is under enforcement' is double clicked on

2018-11-29 13:09:26 - [MESSAGE][PASSED] - Object: 'Object Repository/Final Object Repo/Page_Form 3 EIS - Cessation as Employer/Page_Form 3 EIS - Cessation as Employer (Under enforcement)/Message The case is under enforcement' is double clicked on

2018-11-29 13:09:26 - [MESSAGE][PASSED] - Call Test Case 'Test Cases/Final Aug 2018 - PKS Automation/Registration Module/Workflow/Form 3 EIS - Cessation As Employer/Template/Form 3 A - Cessation As Employer (Under enforcement)' successfully]]></system-out>
         <system-err><![CDATA[]]></system-err>
      </testcase>
      <system-out><![CDATA[2018-11-29 12:05:19 - [TEST_SUITE][FAILED] - Form 3 EIS - Cessation as Employer: Test Cases/Final Aug 2018 - PKS Automation/Registration Module/Workflow/Form 3 EIS - Cessation As Employer/PKRBO to UO (Query) FAILED because (of) (Stack trace: com.kms.katalon.core.exception.StepFailedException: Unable to click on object 'Object Repository/Final Object Repo/Page_Form 3 EIS - Cessation as Employer/Page_Form 3 EIS - Cessation as Employer (Query - OTC - UO)/Next' (Root cause: com.kms.katalon.core.webui.exception.WebElementNotFoundException: Web element with id: 'Object Repository/Final Object Repo/Page_Form 3 EIS - Cessation as Employer/Page_Form 3 EIS - Cessation as Employer (Query - OTC - UO)/Next' located by 'By.xpath: //a[(text() = ' NEXT
						' or . = ' NEXT
						')]' not found)
	at com.kms.katalon.core.keyword.internal.KeywordMain.stepFailed(KeywordMain.groovy:32)
	at com.kms.katalon.core.webui.keyword.internal.WebUIKeywordMain.stepFailed(WebUIKeywordMain.groovy:65)
	at com.kms.katalon.core.webui.keyword.internal.WebUIKeywordMain.runKeyword(WebUIKeywordMain.groovy:27)
	at com.kms.katalon.core.webui.keyword.builtin.ClickKeyword.click(ClickKeyword.groovy:86)
	at com.kms.katalon.core.webui.keyword.builtin.ClickKeyword.execute(ClickKeyword.groovy:67)
	at com.kms.katalon.core.keyword.internal.KeywordExecutor.executeKeywordForPlatform(KeywordExecutor.groovy:53)
	at com.kms.katalon.core.webui.keyword.WebUiBuiltInKeywords.click(WebUiBuiltInKeywords.groovy:616)
	at com.kms.katalon.core.webui.keyword.WebUiBuiltInKeywords$click$2.call(Unknown Source)
	at Script1536114876563.run(Script1536114876563.groovy:87)
	at com.kms.katalon.core.main.ScriptEngine.run(ScriptEngine.java:183)
	at com.kms.katalon.core.main.ScriptEngine.runScriptAsRawText(ScriptEngine.java:108)
	at com.kms.katalon.core.main.TestCaseExecutor.runScript(TestCaseExecutor.java:294)
	at com.kms.katalon.core.main.TestCaseExecutor.doExecute(TestCaseExecutor.java:285)
	at com.kms.katalon.core.main.TestCaseExecutor.processExecutionPhase(TestCaseExecutor.java:264)
	at com.kms.katalon.core.main.TestCaseExecutor.accessMainPhase(TestCaseExecutor.java:256)
	at com.kms.katalon.core.main.TestCaseExecutor.execute(TestCaseExecutor.java:200)
	at com.kms.katalon.core.main.TestCaseMain.runTestCase(TestCaseMain.java:99)
	at com.kms.katalon.core.keyword.builtin.CallTestCaseKeyword$_callTestCase_closure1.doCall(CallTestCaseKeyword.groovy:60)
	at com.kms.katalon.core.keyword.builtin.CallTestCaseKeyword$_callTestCase_closure1.call(CallTestCaseKeyword.groovy)
	at com.kms.katalon.core.keyword.internal.KeywordMain.runKeyword(KeywordMain.groovy:54)
	at com.kms.katalon.core.keyword.builtin.CallTestCaseKeyword.callTestCase(CallTestCaseKeyword.groovy:81)
	at com.kms.katalon.core.keyword.builtin.CallTestCaseKeyword.execute(CallTestCaseKeyword.groovy:45)
	at com.kms.katalon.core.keyword.internal.KeywordExecutor.executeKeywordForPlatform(KeywordExecutor.groovy:53)
	at com.kms.katalon.core.keyword.BuiltinKeywords.callTestCase(BuiltinKeywords.groovy:334)
	at sun.reflect.GeneratedMethodAccessor13.invoke(Unknown Source)
	at sun.reflect.DelegatingMethodAccessorImpl.invoke(DelegatingMethodAccessorImpl.java:43)
	at java.lang.reflect.Method.invoke(Method.java:498)
	at org.codehaus.groovy.reflection.CachedMethod.invoke(CachedMethod.java:93)
	at groovy.lang.MetaMethod.doMethodInvoke(MetaMethod.java:325)
	at groovy.lang.MetaClassImpl.invokeStaticMethod(MetaClassImpl.java:1469)
	at org.codehaus.groovy.runtime.callsite.StaticMetaClassSite.call(StaticMetaClassSite.java:53)
	at org.codehaus.groovy.runtime.callsite.CallSiteArray.defaultCall(CallSiteArray.java:48)
	at org.codehaus.groovy.runtime.callsite.AbstractCallSite.call(AbstractCallSite.java:113)
	at org.codehaus.groovy.runtime.callsite.AbstractCallSite.call(AbstractCallSite.java:141)
	at Script1536204651962.run(Script1536204651962.groovy:25)
	at com.kms.katalon.core.main.ScriptEngine.run(ScriptEngine.java:183)
	at com.kms.katalon.core.main.ScriptEngine.runScriptAsRawText(ScriptEngine.java:108)
	at com.kms.katalon.core.main.TestCaseExecutor.runScript(TestCaseExecutor.java:294)
	at com.kms.katalon.core.main.TestCaseExecutor.doExecute(TestCaseExecutor.java:285)
	at com.kms.katalon.core.main.TestCaseExecutor.processExecutionPhase(TestCaseExecutor.java:264)
	at com.kms.katalon.core.main.TestCaseExecutor.accessMainPhase(TestCaseExecutor.java:256)
	at com.kms.katalon.core.main.TestCaseExecutor.execute(TestCaseExecutor.java:200)
	at com.kms.katalon.core.main.TestSuiteExecutor.accessTestCaseMainPhase(TestSuiteExecutor.java:129)
	at com.kms.katalon.core.main.TestSuiteExecutor.accessTestSuiteMainPhase(TestSuiteExecutor.java:112)
	at com.kms.katalon.core.main.TestSuiteExecutor.execute(TestSuiteExecutor.java:81)
	at com.kms.katalon.core.main.TestCaseMain.startTestSuite(TestCaseMain.java:142)
	at com.kms.katalon.core.main.TestCaseMain$startTestSuite$0.call(Unknown Source)
	at org.codehaus.groovy.runtime.callsite.CallSiteArray.defaultCall(CallSiteArray.java:48)
	at org.codehaus.groovy.runtime.callsite.AbstractCallSite.call(AbstractCallSite.java:113)
	at org.codehaus.groovy.runtime.callsite.AbstractCallSite.call(AbstractCallSite.java:141)
	at TempTestSuite1543464316888.run(TempTestSuite1543464316888.groovy:36)
	at groovy.lang.GroovyShell.runScriptOrMainOrTestOrRunnable(GroovyShell.java:263)
	at groovy.lang.GroovyShell.run(GroovyShell.java:518)
	at groovy.lang.GroovyShell.run(GroovyShell.java:507)
	at groovy.ui.GroovyMain.processOnce(GroovyMain.java:653)
	at groovy.ui.GroovyMain.run(GroovyMain.java:384)
	at groovy.ui.GroovyMain.process(GroovyMain.java:370)
	at groovy.ui.GroovyMain.processArgs(GroovyMain.java:129)
	at groovy.ui.GroovyMain.main(GroovyMain.java:109)
	at sun.reflect.NativeMethodAccessorImpl.invoke0(Native Method)
	at sun.reflect.NativeMethodAccessorImpl.invoke(NativeMethodAccessorImpl.java:62)
	at sun.reflect.DelegatingMethodAccessorImpl.invoke(DelegatingMethodAccessorImpl.java:43)
	at java.lang.reflect.Method.invoke(Method.java:498)
	at org.codehaus.groovy.tools.GroovyStarter.rootLoader(GroovyStarter.java:109)
	at org.codehaus.groovy.tools.GroovyStarter.main(GroovyStarter.java:131)
)]]></system-out>
      <system-err><![CDATA[2018-11-29 12:05:19 - [TEST_SUITE][FAILED] - Form 3 EIS - Cessation as Employer: Test Cases/Final Aug 2018 - PKS Automation/Registration Module/Workflow/Form 3 EIS - Cessation As Employer/PKRBO to UO (Query) FAILED because (of) (Stack trace: com.kms.katalon.core.exception.StepFailedException: Unable to click on object 'Object Repository/Final Object Repo/Page_Form 3 EIS - Cessation as Employer/Page_Form 3 EIS - Cessation as Employer (Query - OTC - UO)/Next' (Root cause: com.kms.katalon.core.webui.exception.WebElementNotFoundException: Web element with id: 'Object Repository/Final Object Repo/Page_Form 3 EIS - Cessation as Employer/Page_Form 3 EIS - Cessation as Employer (Query - OTC - UO)/Next' located by 'By.xpath: //a[(text() = ' NEXT
						' or . = ' NEXT
						')]' not found)
	at com.kms.katalon.core.keyword.internal.KeywordMain.stepFailed(KeywordMain.groovy:32)
	at com.kms.katalon.core.webui.keyword.internal.WebUIKeywordMain.stepFailed(WebUIKeywordMain.groovy:65)
	at com.kms.katalon.core.webui.keyword.internal.WebUIKeywordMain.runKeyword(WebUIKeywordMain.groovy:27)
	at com.kms.katalon.core.webui.keyword.builtin.ClickKeyword.click(ClickKeyword.groovy:86)
	at com.kms.katalon.core.webui.keyword.builtin.ClickKeyword.execute(ClickKeyword.groovy:67)
	at com.kms.katalon.core.keyword.internal.KeywordExecutor.executeKeywordForPlatform(KeywordExecutor.groovy:53)
	at com.kms.katalon.core.webui.keyword.WebUiBuiltInKeywords.click(WebUiBuiltInKeywords.groovy:616)
	at com.kms.katalon.core.webui.keyword.WebUiBuiltInKeywords$click$2.call(Unknown Source)
	at Script1536114876563.run(Script1536114876563.groovy:87)
	at com.kms.katalon.core.main.ScriptEngine.run(ScriptEngine.java:183)
	at com.kms.katalon.core.main.ScriptEngine.runScriptAsRawText(ScriptEngine.java:108)
	at com.kms.katalon.core.main.TestCaseExecutor.runScript(TestCaseExecutor.java:294)
	at com.kms.katalon.core.main.TestCaseExecutor.doExecute(TestCaseExecutor.java:285)
	at com.kms.katalon.core.main.TestCaseExecutor.processExecutionPhase(TestCaseExecutor.java:264)
	at com.kms.katalon.core.main.TestCaseExecutor.accessMainPhase(TestCaseExecutor.java:256)
	at com.kms.katalon.core.main.TestCaseExecutor.execute(TestCaseExecutor.java:200)
	at com.kms.katalon.core.main.TestCaseMain.runTestCase(TestCaseMain.java:99)
	at com.kms.katalon.core.keyword.builtin.CallTestCaseKeyword$_callTestCase_closure1.doCall(CallTestCaseKeyword.groovy:60)
	at com.kms.katalon.core.keyword.builtin.CallTestCaseKeyword$_callTestCase_closure1.call(CallTestCaseKeyword.groovy)
	at com.kms.katalon.core.keyword.internal.KeywordMain.runKeyword(KeywordMain.groovy:54)
	at com.kms.katalon.core.keyword.builtin.CallTestCaseKeyword.callTestCase(CallTestCaseKeyword.groovy:81)
	at com.kms.katalon.core.keyword.builtin.CallTestCaseKeyword.execute(CallTestCaseKeyword.groovy:45)
	at com.kms.katalon.core.keyword.internal.KeywordExecutor.executeKeywordForPlatform(KeywordExecutor.groovy:53)
	at com.kms.katalon.core.keyword.BuiltinKeywords.callTestCase(BuiltinKeywords.groovy:334)
	at sun.reflect.GeneratedMethodAccessor13.invoke(Unknown Source)
	at sun.reflect.DelegatingMethodAccessorImpl.invoke(DelegatingMethodAccessorImpl.java:43)
	at java.lang.reflect.Method.invoke(Method.java:498)
	at org.codehaus.groovy.reflection.CachedMethod.invoke(CachedMethod.java:93)
	at groovy.lang.MetaMethod.doMethodInvoke(MetaMethod.java:325)
	at groovy.lang.MetaClassImpl.invokeStaticMethod(MetaClassImpl.java:1469)
	at org.codehaus.groovy.runtime.callsite.StaticMetaClassSite.call(StaticMetaClassSite.java:53)
	at org.codehaus.groovy.runtime.callsite.CallSiteArray.defaultCall(CallSiteArray.java:48)
	at org.codehaus.groovy.runtime.callsite.AbstractCallSite.call(AbstractCallSite.java:113)
	at org.codehaus.groovy.runtime.callsite.AbstractCallSite.call(AbstractCallSite.java:141)
	at Script1536204651962.run(Script1536204651962.groovy:25)
	at com.kms.katalon.core.main.ScriptEngine.run(ScriptEngine.java:183)
	at com.kms.katalon.core.main.ScriptEngine.runScriptAsRawText(ScriptEngine.java:108)
	at com.kms.katalon.core.main.TestCaseExecutor.runScript(TestCaseExecutor.java:294)
	at com.kms.katalon.core.main.TestCaseExecutor.doExecute(TestCaseExecutor.java:285)
	at com.kms.katalon.core.main.TestCaseExecutor.processExecutionPhase(TestCaseExecutor.java:264)
	at com.kms.katalon.core.main.TestCaseExecutor.accessMainPhase(TestCaseExecutor.java:256)
	at com.kms.katalon.core.main.TestCaseExecutor.execute(TestCaseExecutor.java:200)
	at com.kms.katalon.core.main.TestSuiteExecutor.accessTestCaseMainPhase(TestSuiteExecutor.java:129)
	at com.kms.katalon.core.main.TestSuiteExecutor.accessTestSuiteMainPhase(TestSuiteExecutor.java:112)
	at com.kms.katalon.core.main.TestSuiteExecutor.execute(TestSuiteExecutor.java:81)
	at com.kms.katalon.core.main.TestCaseMain.startTestSuite(TestCaseMain.java:142)
	at com.kms.katalon.core.main.TestCaseMain$startTestSuite$0.call(Unknown Source)
	at org.codehaus.groovy.runtime.callsite.CallSiteArray.defaultCall(CallSiteArray.java:48)
	at org.codehaus.groovy.runtime.callsite.AbstractCallSite.call(AbstractCallSite.java:113)
	at org.codehaus.groovy.runtime.callsite.AbstractCallSite.call(AbstractCallSite.java:141)
	at TempTestSuite1543464316888.run(TempTestSuite1543464316888.groovy:36)
	at groovy.lang.GroovyShell.runScriptOrMainOrTestOrRunnable(GroovyShell.java:263)
	at groovy.lang.GroovyShell.run(GroovyShell.java:518)
	at groovy.lang.GroovyShell.run(GroovyShell.java:507)
	at groovy.ui.GroovyMain.processOnce(GroovyMain.java:653)
	at groovy.ui.GroovyMain.run(GroovyMain.java:384)
	at groovy.ui.GroovyMain.process(GroovyMain.java:370)
	at groovy.ui.GroovyMain.processArgs(GroovyMain.java:129)
	at groovy.ui.GroovyMain.main(GroovyMain.java:109)
	at sun.reflect.NativeMethodAccessorImpl.invoke0(Native Method)
	at sun.reflect.NativeMethodAccessorImpl.invoke(NativeMethodAccessorImpl.java:62)
	at sun.reflect.DelegatingMethodAccessorImpl.invoke(DelegatingMethodAccessorImpl.java:43)
	at java.lang.reflect.Method.invoke(Method.java:498)
	at org.codehaus.groovy.tools.GroovyStarter.rootLoader(GroovyStarter.java:109)
	at org.codehaus.groovy.tools.GroovyStarter.main(GroovyStarter.java:131)
)]]></system-err>
   </testsuite>
</testsuites>
