<?xml version="1.0" encoding="UTF-8"?>
<testsuites name="Update Employee Information (Employer)" time="5370" tests="16" failures="0" errors="0">
   <testsuite name="Update Employee Information (Employer)" tests="16" failures="0" errors="0" time="5370" timestamp="2018-12-12 09:18:50" hostname="Admin - Win7Test02" id="Test Suites/Workflow/Update Employee Information (Employer)">
      <properties>
         <property name="deviceName" value=""/>
         <property name="devicePlatform" value=""/>
         <property name="logFolder" value="C:\\Users\\Admin\\Desktop\\PKS\\Perkeso Phase A\\Reports\\Workflow\\Update Employee Information (Employer)\\20181211_110147"/>
         <property name="logFiles" value="C:\\Users\\Admin\\Desktop\\PKS\\Perkeso Phase A\\Reports\\Workflow\\Update Employee Information (Employer)\\20181211_110147\\execution0.log, C:\\Users\\Admin\\Desktop\\PKS\\Perkeso Phase A\\Reports\\Workflow\\Update Employee Information (Employer)\\20181211_110147\\execution1.log"/>
         <property name="attachments" value=""/>
         <property name="hostName" value="Admin - Win7Test02"/>
         <property name="os" value="Windows 7 64bit"/>
         <property name="katalonVersion" value="5.8.6.1"/>
         <property name="browser" value="Chrome 70.0.3538.110"/>
         <property name="hostAddress" value="10.20.3.72"/>
         <property name="sessionId" value="cf8bfa756cbd2c163f7cf1ab9ec09b3e"/>
         <property name="seleniumVersion" value="3.7.1"/>
         <property name="proxyInformation" value="ProxyInformation{proxyOption=NO_PROXY, proxyServerType=HTTP, password=, proxyServerAddress=, proxyServerPort=0}"/>
         <property name="platform" value="Windows 7"/>
      </properties>
      <testcase name="Test Cases/Final Aug 2018 - PKS Automation/Registration Module/Workflow/Update Employee Information (Employer)/Employer - UO (Approve)" classname="Test Cases/Final Aug 2018 - PKS Automation/Registration Module/Workflow/Update Employee Information (Employer)/Employer - UO (Approve)" status="PASSED">
         <system-out><![CDATA[2018-12-12 09:18:50 - [TEST_CASE][PASSED] - Test Cases/Final Aug 2018 - PKS Automation/Registration Module/Workflow/Update Employee Information (Employer)/Employer - UO (Approve): Test Cases/Final Aug 2018 - PKS Automation/Registration Module/Workflow/Update Employee Information (Employer)/Employer - UO (Approve)

2018-12-12 09:18:51 - [TEST_STEP][PASSED] - callTestCase: Call Test Case 'Test Cases/Final Aug 2018 - PKS Automation/Registration Module/Workflow/Update Employee Information (Employer)/Template/Update Employer Information - Special Case (Employer)' successfully

2018-12-12 09:18:51 - [TEST_CASE][PASSED] - Test Cases/Final Aug 2018 - PKS Automation/Registration Module/Workflow/Update Employee Information (Employer)/Template/Update Employer Information - Special Case (Employer): Test Cases/Final Aug 2018 - PKS Automation/Registration Module/Workflow/Update Employee Information (Employer)/Template/Update Employer Information - Special Case (Employer)

2018-12-12 09:18:51 - [TEST_STEP][PASSED] - callTestCase: Call Test Case 'Test Cases/Final Aug 2018 - PKS Automation/Registration Module/Workflow/Update Add New Employee/Template/New Company for Update Add New - Employer' successfully

2018-12-12 09:18:51 - [TEST_CASE][PASSED] - Test Cases/Final Aug 2018 - PKS Automation/Registration Module/Workflow/Update Add New Employee/Template/New Company for Update Add New - Employer: Test Cases/Final Aug 2018 - PKS Automation/Registration Module/Workflow/Update Add New Employee/Template/New Company for Update Add New - Employer

2018-12-12 09:18:52 - [TEST_STEP][PASSED] - callTestCase: Call Test Case 'Test Cases/Final Aug 2018 - PKS Automation/Create Employer Acc/Create Employer Account' successfully

2018-12-12 09:18:52 - [TEST_CASE][PASSED] - Test Cases/Final Aug 2018 - PKS Automation/Create Employer Acc/Create Employer Account: Test Cases/Final Aug 2018 - PKS Automation/Create Employer Acc/Create Employer Account

2018-12-12 09:18:52 - [TEST_STEP][PASSED] - callTestCase: Call Test Case 'Test Cases/Final Aug 2018 - PKS Automation/Create Employer Acc/Template/Register Employer' successfully

2018-12-12 09:18:52 - [TEST_CASE][PASSED] - Test Cases/Final Aug 2018 - PKS Automation/Create Employer Acc/Template/Register Employer: Test Cases/Final Aug 2018 - PKS Automation/Create Employer Acc/Template/Register Employer

2018-12-12 09:18:52 - [TEST_STEP][PASSED] - openBrowser: Browser is opened with url: ''

2018-12-12 09:18:58 - [MESSAGE][PASSED] - Browser is opened with url: ''

2018-12-12 09:18:58 - [TEST_STEP][PASSED] - navigateToUrl: Navigate to 'https://assist2-uat.perkeso.gov.my/login' successfully

2018-12-12 09:18:59 - [MESSAGE][PASSED] - Navigate to 'https://assist2-uat.perkeso.gov.my/login' successfully

2018-12-12 09:18:59 - [TEST_STEP][PASSED] - setText: Text 'johorotc1@gmail.com' is set on object 'Object Repository/Final Object Repo/Login Page/Internal User/Email Address'

2018-12-12 09:18:59 - [MESSAGE][PASSED] - Text 'johorotc1@gmail.com' is set on object 'Object Repository/Final Object Repo/Login Page/Internal User/Email Address'

2018-12-12 09:18:59 - [TEST_STEP][PASSED] - click: Object: 'Object Repository/Final Object Repo/Login Page/Internal User/Next Button' is clicked on

2018-12-12 09:19:00 - [MESSAGE][PASSED] - Object: 'Object Repository/Final Object Repo/Login Page/Internal User/Next Button' is clicked on

2018-12-12 09:19:00 - [TEST_STEP][PASSED] - delay: Delayed 1 second(s)

2018-12-12 09:19:01 - [MESSAGE][PASSED] - Delayed 1 second(s)

2018-12-12 09:19:01 - [TEST_STEP][PASSED] - setEncryptedText: Text ****** has been set on object 'Object Repository/Final Object Repo/Login Page/Internal User/Password'

2018-12-12 09:19:01 - [MESSAGE][PASSED] - Text ****** has been set on object 'Object Repository/Final Object Repo/Login Page/Internal User/Password'

2018-12-12 09:19:01 - [TEST_STEP][PASSED] - click: Object: 'Object Repository/Final Object Repo/Login Page/Internal User/Login Button' is clicked on

2018-12-12 09:19:01 - [MESSAGE][PASSED] - Object: 'Object Repository/Final Object Repo/Login Page/Internal User/Login Button' is clicked on

2018-12-12 09:19:01 - [TEST_STEP][PASSED] - delay: Delayed 1 second(s)

2018-12-12 09:19:02 - [MESSAGE][PASSED] - Delayed 1 second(s)

2018-12-12 09:19:02 - [TEST_STEP][PASSED] - navigateToUrl: Navigate to 'https://assist2-uat.perkeso.gov.my/web/base/portal-id/registration' successfully

2018-12-12 09:19:05 - [MESSAGE][PASSED] - Navigate to 'https://assist2-uat.perkeso.gov.my/web/base/portal-id/registration' successfully

2018-12-12 09:19:05 - [TEST_STEP][PASSED] - setText: Text 'AUTOMATION EMPLOYER' is set on object 'Object Repository/Final Object Repo/Creating Employer Account/Page_Registration - ASSIST (Base)/Employer Name'

2018-12-12 09:19:05 - [MESSAGE][PASSED] - Text 'AUTOMATION EMPLOYER' is set on object 'Object Repository/Final Object Repo/Creating Employer Account/Page_Registration - ASSIST (Base)/Employer Name'

2018-12-12 09:19:05 - [TEST_STEP][PASSED] - delay: Delayed 2 second(s)

2018-12-12 09:19:07 - [MESSAGE][PASSED] - Delayed 2 second(s)

2018-12-12 09:19:07 - [TEST_STEP][PASSED] - click: Object: 'Object Repository/Final Object Repo/Creating Employer Account/Page_Registration - ASSIST (Base)/Registration Type' is clicked on

2018-12-12 09:19:08 - [MESSAGE][PASSED] - Object: 'Object Repository/Final Object Repo/Creating Employer Account/Page_Registration - ASSIST (Base)/Registration Type' is clicked on

2018-12-12 09:19:08 - [TEST_STEP][PASSED] - delay: Delayed 2 second(s)

2018-12-12 09:19:10 - [MESSAGE][PASSED] - Delayed 2 second(s)

2018-12-12 09:19:10 - [TEST_STEP][PASSED] - click: Object: 'Object Repository/Final Object Repo/Creating Employer Account/Page_Registration - ASSIST (Base)/Registration Type - Registration No' is clicked on

2018-12-12 09:19:10 - [MESSAGE][PASSED] - Object: 'Object Repository/Final Object Repo/Creating Employer Account/Page_Registration - ASSIST (Base)/Registration Type - Registration No' is clicked on

2018-12-12 09:19:10 - [TEST_STEP][PASSED] - delay: Delayed 2 second(s)

2018-12-12 09:19:12 - [MESSAGE][PASSED] - Delayed 2 second(s)

2018-12-12 09:19:12 - [TEST_STEP][PASSED] - setText: Text 'AUTOMATE001' is set on object 'Object Repository/Final Object Repo/Creating Employer Account/Page_Registration - ASSIST (Base)/Registration Number'

2018-12-12 09:19:12 - [MESSAGE][PASSED] - Text 'AUTOMATE001' is set on object 'Object Repository/Final Object Repo/Creating Employer Account/Page_Registration - ASSIST (Base)/Registration Number'

2018-12-12 09:19:12 - [TEST_STEP][PASSED] - delay: Delayed 2 second(s)

2018-12-12 09:19:14 - [MESSAGE][PASSED] - Delayed 2 second(s)

2018-12-12 09:19:14 - [TEST_STEP][PASSED] - setText: Text 'ADDRESS 1' is set on object 'Object Repository/Final Object Repo/Creating Employer Account/Page_Registration - ASSIST (Base)/Postal Address 1'

2018-12-12 09:19:15 - [MESSAGE][PASSED] - Text 'ADDRESS 1' is set on object 'Object Repository/Final Object Repo/Creating Employer Account/Page_Registration - ASSIST (Base)/Postal Address 1'

2018-12-12 09:19:15 - [TEST_STEP][PASSED] - setText: Text 'ADDRESS 2' is set on object 'Object Repository/Final Object Repo/Creating Employer Account/Page_Registration - ASSIST (Base)/Postal Address 2'

2018-12-12 09:19:15 - [MESSAGE][PASSED] - Text 'ADDRESS 2' is set on object 'Object Repository/Final Object Repo/Creating Employer Account/Page_Registration - ASSIST (Base)/Postal Address 2'

2018-12-12 09:19:15 - [TEST_STEP][PASSED] - click: Object: 'Object Repository/Final Object Repo/Creating Employer Account/Page_Registration - ASSIST (Base)/State' is clicked on

2018-12-12 09:19:15 - [MESSAGE][PASSED] - Object: 'Object Repository/Final Object Repo/Creating Employer Account/Page_Registration - ASSIST (Base)/State' is clicked on

2018-12-12 09:19:15 - [TEST_STEP][PASSED] - delay: Delayed 2 second(s)

2018-12-12 09:19:17 - [MESSAGE][PASSED] - Delayed 2 second(s)

2018-12-12 09:19:17 - [TEST_STEP][PASSED] - click: Object: 'Object Repository/Final Object Repo/Creating Employer Account/Page_Registration - ASSIST (Base)/State - Johor' is clicked on

2018-12-12 09:19:17 - [MESSAGE][PASSED] - Object: 'Object Repository/Final Object Repo/Creating Employer Account/Page_Registration - ASSIST (Base)/State - Johor' is clicked on

2018-12-12 09:19:17 - [TEST_STEP][PASSED] - delay: Delayed 2 second(s)

2018-12-12 09:19:19 - [MESSAGE][PASSED] - Delayed 2 second(s)

2018-12-12 09:19:19 - [TEST_STEP][PASSED] - click: Object: 'Object Repository/Final Object Repo/Creating Employer Account/Page_Registration - ASSIST (Base)/City' is clicked on

2018-12-12 09:19:20 - [MESSAGE][PASSED] - Object: 'Object Repository/Final Object Repo/Creating Employer Account/Page_Registration - ASSIST (Base)/City' is clicked on

2018-12-12 09:19:20 - [TEST_STEP][PASSED] - delay: Delayed 2 second(s)

2018-12-12 09:19:22 - [MESSAGE][PASSED] - Delayed 2 second(s)

2018-12-12 09:19:22 - [TEST_STEP][PASSED] - setText: Text 'joh' is set on object 'Object Repository/Final Object Repo/Creating Employer Account/Page_Registration - ASSIST (Base)/City - joh'

2018-12-12 09:19:22 - [MESSAGE][PASSED] - Text 'joh' is set on object 'Object Repository/Final Object Repo/Creating Employer Account/Page_Registration - ASSIST (Base)/City - joh'

2018-12-12 09:19:22 - [TEST_STEP][PASSED] - delay: Delayed 2 second(s)

2018-12-12 09:19:24 - [MESSAGE][PASSED] - Delayed 2 second(s)

2018-12-12 09:19:24 - [TEST_STEP][PASSED] - click: Object: 'Object Repository/Final Object Repo/Creating Employer Account/Page_Registration - ASSIST (Base)/City - Johor Bharu' is clicked on

2018-12-12 09:19:24 - [MESSAGE][PASSED] - Object: 'Object Repository/Final Object Repo/Creating Employer Account/Page_Registration - ASSIST (Base)/City - Johor Bharu' is clicked on

2018-12-12 09:19:24 - [TEST_STEP][PASSED] - delay: Delayed 2 second(s)

2018-12-12 09:19:26 - [MESSAGE][PASSED] - Delayed 2 second(s)

2018-12-12 09:19:26 - [TEST_STEP][PASSED] - click: Object: 'Object Repository/Final Object Repo/Creating Employer Account/Page_Registration - ASSIST (Base)/Post Code' is clicked on

2018-12-12 09:19:26 - [MESSAGE][PASSED] - Object: 'Object Repository/Final Object Repo/Creating Employer Account/Page_Registration - ASSIST (Base)/Post Code' is clicked on

2018-12-12 09:19:26 - [TEST_STEP][PASSED] - delay: Delayed 2 second(s)

2018-12-12 09:19:28 - [MESSAGE][PASSED] - Delayed 2 second(s)

2018-12-12 09:19:28 - [TEST_STEP][PASSED] - setText: Text '810' is set on object 'Object Repository/Final Object Repo/Creating Employer Account/Page_Registration - ASSIST (Base)/Post Code - 810'

2018-12-12 09:19:28 - [MESSAGE][PASSED] - Text '810' is set on object 'Object Repository/Final Object Repo/Creating Employer Account/Page_Registration - ASSIST (Base)/Post Code - 810'

2018-12-12 09:19:28 - [TEST_STEP][PASSED] - delay: Delayed 2 second(s)

2018-12-12 09:19:30 - [MESSAGE][PASSED] - Delayed 2 second(s)

2018-12-12 09:19:30 - [TEST_STEP][PASSED] - click: Object: 'Object Repository/Final Object Repo/Creating Employer Account/Page_Registration - ASSIST (Base)/Post Code - 81000' is clicked on

2018-12-12 09:19:31 - [MESSAGE][PASSED] - Object: 'Object Repository/Final Object Repo/Creating Employer Account/Page_Registration - ASSIST (Base)/Post Code - 81000' is clicked on

2018-12-12 09:19:31 - [TEST_STEP][PASSED] - delay: Delayed 2 second(s)

2018-12-12 09:19:33 - [MESSAGE][PASSED] - Delayed 2 second(s)

2018-12-12 09:19:33 - [TEST_STEP][PASSED] - setText: Text 'PERKESO' is set on object 'Object Repository/Final Object Repo/Creating Employer Account/Page_Registration - ASSIST (Base)/Full Name'

2018-12-12 09:19:33 - [MESSAGE][PASSED] - Text 'PERKESO' is set on object 'Object Repository/Final Object Repo/Creating Employer Account/Page_Registration - ASSIST (Base)/Full Name'

2018-12-12 09:19:33 - [TEST_STEP][PASSED] - Statement - rnd = new java.util.Random(): null

2018-12-12 09:19:33 - [TEST_STEP][PASSED] - Statement - snum = rnd.nextInt(899999 + 1) + 100000: null

2018-12-12 09:19:33 - [TEST_STEP][PASSED] - Statement - tnum = rnd.nextInt(899999 + 1) + 100000: null

2018-12-12 09:19:33 - [TEST_STEP][PASSED] - Statement - IC = java.lang.Integer.toString(snum) + java.lang.Integer.toString(tnum): null

2018-12-12 09:19:33 - [TEST_STEP][PASSED] - Statement - out.println(IC): null

2018-12-12 09:19:33 - [TEST_STEP][PASSED] - setText: Text '770113896404' is set on object 'Object Repository/Final Object Repo/Creating Employer Account/Page_Registration - ASSIST (Base)/Identification Number'

2018-12-12 09:19:33 - [MESSAGE][PASSED] - Text '770113896404' is set on object 'Object Repository/Final Object Repo/Creating Employer Account/Page_Registration - ASSIST (Base)/Identification Number'

2018-12-12 09:19:33 - [TEST_STEP][PASSED] - delay: Delayed 2 second(s)

2018-12-12 09:19:35 - [MESSAGE][PASSED] - Delayed 2 second(s)

2018-12-12 09:19:35 - [TEST_STEP][PASSED] - setText: Text '123456789012' is set on object 'Object Repository/Final Object Repo/Creating Employer Account/Page_Registration - ASSIST (Base)/Contact Number'

2018-12-12 09:19:36 - [MESSAGE][PASSED] - Text '123456789012' is set on object 'Object Repository/Final Object Repo/Creating Employer Account/Page_Registration - ASSIST (Base)/Contact Number'

2018-12-12 09:19:36 - [TEST_STEP][PASSED] - Statement - Email = "perkeso" + IC + "@gmail.com": null

2018-12-12 09:19:36 - [TEST_STEP][PASSED] - delay: Delayed 2 second(s)

2018-12-12 09:19:38 - [MESSAGE][PASSED] - Delayed 2 second(s)

2018-12-12 09:19:38 - [TEST_STEP][PASSED] - callTestCase: Call Test Case 'Test Cases/Final Aug 2018 - PKS Automation/Create Employer Acc/Template/Employer Email Settler' successfully

2018-12-12 09:19:38 - [TEST_CASE][PASSED] - Test Cases/Final Aug 2018 - PKS Automation/Create Employer Acc/Template/Employer Email Settler: Test Cases/Final Aug 2018 - PKS Automation/Create Employer Acc/Template/Employer Email Settler

2018-12-12 09:19:38 - [TEST_STEP][PASSED] - Statement - EmpEmailOld = new java.io.File(C://Users//Admin//Desktop//PKS//Automation Reference Point//EmpEmail.txt): null

2018-12-12 09:19:38 - [TEST_STEP][PASSED] - Statement - EmpEmailOld.delete(): null

2018-12-12 09:19:38 - [TEST_STEP][PASSED] - delay: Delayed 5 second(s)

2018-12-12 09:19:43 - [MESSAGE][PASSED] - Delayed 5 second(s)

2018-12-12 09:19:43 - [TEST_STEP][PASSED] - Statement - EmpEmail = new java.io.File(C://Users//Admin//Desktop//PKS//Automation Reference Point//EmpEmail.txt): null

2018-12-12 09:19:43 - [TEST_STEP][PASSED] - Statement - f2 = new java.io.FileWriter(EmpEmail, false): null

2018-12-12 09:19:43 - [TEST_STEP][PASSED] - Statement - f2.write(Email): null

2018-12-12 09:19:43 - [TEST_STEP][PASSED] - Statement - f2.close(): null

2018-12-12 09:19:43 - [TEST_STEP][PASSED] - Statement - out.println(Email): null

2018-12-12 09:19:43 - [MESSAGE][PASSED] - Call Test Case 'Test Cases/Final Aug 2018 - PKS Automation/Create Employer Acc/Template/Employer Email Settler' successfully

2018-12-12 09:19:43 - [TEST_STEP][PASSED] - delay: Delayed 2 second(s)

2018-12-12 09:19:45 - [MESSAGE][PASSED] - Delayed 2 second(s)

2018-12-12 09:19:45 - [TEST_STEP][PASSED] - setText: Text 'perkeso770113896404@gmail.com' is set on object 'Object Repository/Final Object Repo/Creating Employer Account/Page_Registration - ASSIST (Base)/Email'

2018-12-12 09:19:46 - [MESSAGE][PASSED] - Text 'perkeso770113896404@gmail.com' is set on object 'Object Repository/Final Object Repo/Creating Employer Account/Page_Registration - ASSIST (Base)/Email'

2018-12-12 09:19:46 - [TEST_STEP][PASSED] - setText: Text '123' is set on object 'Object Repository/Final Object Repo/Creating Employer Account/Page_Registration - ASSIST (Base)/Security Phase'

2018-12-12 09:19:46 - [MESSAGE][PASSED] - Text '123' is set on object 'Object Repository/Final Object Repo/Creating Employer Account/Page_Registration - ASSIST (Base)/Security Phase'

2018-12-12 09:19:46 - [TEST_STEP][PASSED] - click: Object: 'Object Repository/Final Object Repo/Creating Employer Account/Page_Registration - ASSIST (Base)/Save  Continue' is clicked on

2018-12-12 09:19:46 - [MESSAGE][PASSED] - Object: 'Object Repository/Final Object Repo/Creating Employer Account/Page_Registration - ASSIST (Base)/Save  Continue' is clicked on

2018-12-12 09:19:46 - [TEST_STEP][PASSED] - delay: Delayed 2 second(s)

2018-12-12 09:19:48 - [MESSAGE][PASSED] - Delayed 2 second(s)

2018-12-12 09:19:48 - [TEST_STEP][PASSED] - click: Object: 'Object Repository/Final Object Repo/Creating Employer Account/Page_Registration - ASSIST (Base)/Add Document' is clicked on

2018-12-12 09:19:49 - [MESSAGE][PASSED] - Object: 'Object Repository/Final Object Repo/Creating Employer Account/Page_Registration - ASSIST (Base)/Add Document' is clicked on

2018-12-12 09:19:49 - [TEST_STEP][PASSED] - delay: Delayed 2 second(s)

2018-12-12 09:19:51 - [MESSAGE][PASSED] - Delayed 2 second(s)

2018-12-12 09:19:51 - [TEST_STEP][PASSED] - click: Object: 'Object Repository/Final Object Repo/Creating Employer Account/Page_Registration - ASSIST (Base)/Document Type' is clicked on

2018-12-12 09:19:51 - [MESSAGE][PASSED] - Object: 'Object Repository/Final Object Repo/Creating Employer Account/Page_Registration - ASSIST (Base)/Document Type' is clicked on

2018-12-12 09:19:51 - [TEST_STEP][PASSED] - delay: Delayed 2 second(s)

2018-12-12 09:19:53 - [MESSAGE][PASSED] - Delayed 2 second(s)

2018-12-12 09:19:53 - [TEST_STEP][PASSED] - click: Object: 'Object Repository/Final Object Repo/Creating Employer Account/Page_Registration - ASSIST (Base)/Document Type - Letter of Authorization' is clicked on

2018-12-12 09:19:53 - [MESSAGE][PASSED] - Object: 'Object Repository/Final Object Repo/Creating Employer Account/Page_Registration - ASSIST (Base)/Document Type - Letter of Authorization' is clicked on

2018-12-12 09:19:53 - [TEST_STEP][PASSED] - delay: Delayed 2 second(s)

2018-12-12 09:19:55 - [MESSAGE][PASSED] - Delayed 2 second(s)

2018-12-12 09:19:55 - [TEST_STEP][PASSED] - sendKeys: Keys 'C:\Users\Public\Pictures\Sample Pictures\Koala.jpg' sent to object: 'Object Repository/Final Object Repo/Creating Employer Account/Page_Registration - ASSIST (Base)/Uploading File'

2018-12-12 09:19:55 - [MESSAGE][PASSED] - Keys 'C:\Users\Public\Pictures\Sample Pictures\Koala.jpg' sent to object: 'Object Repository/Final Object Repo/Creating Employer Account/Page_Registration - ASSIST (Base)/Uploading File'

2018-12-12 09:19:55 - [TEST_STEP][PASSED] - delay: Delayed 2 second(s)

2018-12-12 09:19:57 - [MESSAGE][PASSED] - Delayed 2 second(s)

2018-12-12 09:19:57 - [TEST_STEP][PASSED] - click: Object: 'Object Repository/Final Object Repo/Creating Employer Account/Page_Registration - ASSIST (Base)/Add Document in Uploading File' is clicked on

2018-12-12 09:19:57 - [MESSAGE][PASSED] - Object: 'Object Repository/Final Object Repo/Creating Employer Account/Page_Registration - ASSIST (Base)/Add Document in Uploading File' is clicked on

2018-12-12 09:19:57 - [TEST_STEP][PASSED] - delay: Delayed 2 second(s)

2018-12-12 09:19:59 - [MESSAGE][PASSED] - Delayed 2 second(s)

2018-12-12 09:19:59 - [TEST_STEP][PASSED] - click: Object: 'Object Repository/Final Object Repo/Creating Employer Account/Page_Registration - ASSIST (Base)/Save' is clicked on

2018-12-12 09:20:00 - [MESSAGE][PASSED] - Object: 'Object Repository/Final Object Repo/Creating Employer Account/Page_Registration - ASSIST (Base)/Save' is clicked on

2018-12-12 09:20:00 - [TEST_STEP][PASSED] - delay: Delayed 2 second(s)

2018-12-12 09:20:02 - [MESSAGE][PASSED] - Delayed 2 second(s)

2018-12-12 09:20:02 - [TEST_STEP][PASSED] - click: Object: 'Object Repository/Final Object Repo/Creating Employer Account/Page_Registration - ASSIST (Base)/Submit' is clicked on

2018-12-12 09:20:02 - [MESSAGE][PASSED] - Object: 'Object Repository/Final Object Repo/Creating Employer Account/Page_Registration - ASSIST (Base)/Submit' is clicked on

2018-12-12 09:20:02 - [TEST_STEP][PASSED] - delay: Delayed 2 second(s)

2018-12-12 09:20:04 - [MESSAGE][PASSED] - Delayed 2 second(s)

2018-12-12 09:20:04 - [TEST_STEP][PASSED] - click: Object: 'Object Repository/Final Object Repo/Creating Employer Account/Page_Registration - ASSIST (Base)/Confirm' is clicked on

2018-12-12 09:20:04 - [MESSAGE][PASSED] - Object: 'Object Repository/Final Object Repo/Creating Employer Account/Page_Registration - ASSIST (Base)/Confirm' is clicked on

2018-12-12 09:20:04 - [MESSAGE][PASSED] - Call Test Case 'Test Cases/Final Aug 2018 - PKS Automation/Create Employer Acc/Template/Register Employer' successfully

2018-12-12 09:20:04 - [TEST_STEP][PASSED] - delay: Delayed 1 second(s)

2018-12-12 09:20:05 - [MESSAGE][PASSED] - Delayed 1 second(s)

2018-12-12 09:20:05 - [TEST_STEP][PASSED] - navigateToUrl: Navigate to 'https://assist2-uat.perkeso.gov.my/c/portal/logout' successfully

2018-12-12 09:20:07 - [MESSAGE][PASSED] - Navigate to 'https://assist2-uat.perkeso.gov.my/c/portal/logout' successfully

2018-12-12 09:20:07 - [TEST_STEP][PASSED] - delay: Delayed 1 second(s)

2018-12-12 09:20:08 - [MESSAGE][PASSED] - Delayed 1 second(s)

2018-12-12 09:20:08 - [TEST_STEP][PASSED] - callTestCase: Call Test Case 'Test Cases/Final Aug 2018 - PKS Automation/Create Employer Acc/Template/Change Password of Employer' successfully

2018-12-12 09:20:08 - [TEST_CASE][PASSED] - Test Cases/Final Aug 2018 - PKS Automation/Create Employer Acc/Template/Change Password of Employer: Test Cases/Final Aug 2018 - PKS Automation/Create Employer Acc/Template/Change Password of Employer

2018-12-12 09:20:08 - [TEST_STEP][PASSED] - openBrowser: Browser is opened with url: ''

2018-12-12 09:20:08 - [MESSAGE][WARNING] - A browser is already opened. Closing browser and opening a new one

2018-12-12 09:20:13 - [MESSAGE][PASSED] - Browser is opened with url: ''

2018-12-12 09:20:13 - [TEST_STEP][PASSED] - navigateToUrl: Navigate to 'https://assist2-uat.perkeso.gov.my/login' successfully

2018-12-12 09:20:14 - [MESSAGE][PASSED] - Navigate to 'https://assist2-uat.perkeso.gov.my/login' successfully

2018-12-12 09:20:14 - [TEST_STEP][PASSED] - delay: Delayed 5 second(s)

2018-12-12 09:20:19 - [MESSAGE][PASSED] - Delayed 5 second(s)

2018-12-12 09:20:19 - [TEST_STEP][PASSED] - setText: Text 'test@liferay.com' is set on object 'Object Repository/Final Object Repo/Login Page/Internal User/Email Address'

2018-12-12 09:20:19 - [MESSAGE][PASSED] - Text 'test@liferay.com' is set on object 'Object Repository/Final Object Repo/Login Page/Internal User/Email Address'

2018-12-12 09:20:19 - [TEST_STEP][PASSED] - click: Object: 'Object Repository/Final Object Repo/Login Page/Internal User/Next Button' is clicked on

2018-12-12 09:20:19 - [MESSAGE][PASSED] - Object: 'Object Repository/Final Object Repo/Login Page/Internal User/Next Button' is clicked on

2018-12-12 09:20:19 - [TEST_STEP][PASSED] - delay: Delayed 2 second(s)

2018-12-12 09:20:21 - [MESSAGE][PASSED] - Delayed 2 second(s)

2018-12-12 09:20:21 - [TEST_STEP][PASSED] - setText: Text 'test' is set on object 'Object Repository/Final Object Repo/Login Page/Internal User/Password'

2018-12-12 09:20:22 - [MESSAGE][PASSED] - Text 'test' is set on object 'Object Repository/Final Object Repo/Login Page/Internal User/Password'

2018-12-12 09:20:22 - [TEST_STEP][PASSED] - delay: Delayed 2 second(s)

2018-12-12 09:20:24 - [MESSAGE][PASSED] - Delayed 2 second(s)

2018-12-12 09:20:24 - [TEST_STEP][PASSED] - click: Object: 'Object Repository/Final Object Repo/Login Page/Internal User/Login Button' is clicked on

2018-12-12 09:20:24 - [MESSAGE][PASSED] - Object: 'Object Repository/Final Object Repo/Login Page/Internal User/Login Button' is clicked on

2018-12-12 09:20:24 - [TEST_STEP][PASSED] - delay: Delayed 3 second(s)

2018-12-12 09:20:27 - [MESSAGE][PASSED] - Delayed 3 second(s)

2018-12-12 09:20:27 - [TEST_STEP][PASSED] - navigateToUrl: Navigate to 'https://assist2-uat.perkeso.gov.my/group/control_panel/manage?p_p_id=125&p_p_lifecycle=0&p_p_state=maximized&p_p_mode=view&refererPlid=20455&_125_usersListView=flat-users&_125_toolbarItem=view-all-users&_125_saveUsersListView=true&_125_struts_action=%2Fusers_admin%2Fview' successfully

2018-12-12 09:20:28 - [MESSAGE][PASSED] - Navigate to 'https://assist2-uat.perkeso.gov.my/group/control_panel/manage?p_p_id=125&p_p_lifecycle=0&p_p_state=maximized&p_p_mode=view&refererPlid=20455&_125_usersListView=flat-users&_125_toolbarItem=view-all-users&_125_saveUsersListView=true&_125_struts_action=%2Fusers_admin%2Fview' successfully

2018-12-12 09:20:28 - [TEST_STEP][PASSED] - delay: Delayed 3 second(s)

2018-12-12 09:20:31 - [MESSAGE][PASSED] - Delayed 3 second(s)

2018-12-12 09:20:31 - [TEST_STEP][PASSED] - setText: Text 'perkeso770113896404@gmail.com' is set on object 'Object Repository/Final Object Repo/Creating Employer Account/Page_Users and Organizations - ASSIST/Employer name'

2018-12-12 09:20:32 - [MESSAGE][PASSED] - Text 'perkeso770113896404@gmail.com' is set on object 'Object Repository/Final Object Repo/Creating Employer Account/Page_Users and Organizations - ASSIST/Employer name'

2018-12-12 09:20:32 - [TEST_STEP][PASSED] - delay: Delayed 3 second(s)

2018-12-12 09:20:35 - [MESSAGE][PASSED] - Delayed 3 second(s)

2018-12-12 09:20:35 - [TEST_STEP][PASSED] - click: Object: 'Object Repository/Final Object Repo/Creating Employer Account/Page_Users and Organizations - ASSIST/Search' is clicked on

2018-12-12 09:20:35 - [MESSAGE][PASSED] - Object: 'Object Repository/Final Object Repo/Creating Employer Account/Page_Users and Organizations - ASSIST/Search' is clicked on

2018-12-12 09:20:35 - [TEST_STEP][PASSED] - delay: Delayed 3 second(s)

2018-12-12 09:20:38 - [MESSAGE][PASSED] - Delayed 3 second(s)

2018-12-12 09:20:38 - [TEST_STEP][PASSED] - click: Object: 'Object Repository/Final Object Repo/Creating Employer Account/Page_Users and Organizations - ASSIST/Action' is clicked on

2018-12-12 09:20:39 - [MESSAGE][PASSED] - Object: 'Object Repository/Final Object Repo/Creating Employer Account/Page_Users and Organizations - ASSIST/Action' is clicked on

2018-12-12 09:20:39 - [TEST_STEP][PASSED] - delay: Delayed 3 second(s)

2018-12-12 09:20:42 - [MESSAGE][PASSED] - Delayed 3 second(s)

2018-12-12 09:20:42 - [TEST_STEP][PASSED] - click: Object: 'Object Repository/Final Object Repo/Creating Employer Account/Page_Users and Organizations - ASSIST/Edit' is clicked on

2018-12-12 09:20:43 - [MESSAGE][PASSED] - Object: 'Object Repository/Final Object Repo/Creating Employer Account/Page_Users and Organizations - ASSIST/Edit' is clicked on

2018-12-12 09:20:43 - [TEST_STEP][PASSED] - delay: Delayed 3 second(s)

2018-12-12 09:20:46 - [MESSAGE][PASSED] - Delayed 3 second(s)

2018-12-12 09:20:46 - [TEST_STEP][PASSED] - click: Object: 'Object Repository/Final Object Repo/Creating Employer Account/Page_PERKESO - Users and Organizati/a_Password (Modified)' is clicked on

2018-12-12 09:20:46 - [MESSAGE][PASSED] - Object: 'Object Repository/Final Object Repo/Creating Employer Account/Page_PERKESO - Users and Organizati/a_Password (Modified)' is clicked on

2018-12-12 09:20:46 - [TEST_STEP][PASSED] - delay: Delayed 3 second(s)

2018-12-12 09:20:49 - [MESSAGE][PASSED] - Delayed 3 second(s)

2018-12-12 09:20:49 - [TEST_STEP][PASSED] - setEncryptedText: Text ****** has been set on object 'Object Repository/Final Object Repo/Creating Employer Account/Page_PERKESO - Users and Organizati/input__125_password1'

2018-12-12 09:20:49 - [MESSAGE][PASSED] - Text ****** has been set on object 'Object Repository/Final Object Repo/Creating Employer Account/Page_PERKESO - Users and Organizati/input__125_password1'

2018-12-12 09:20:49 - [TEST_STEP][PASSED] - delay: Delayed 3 second(s)

2018-12-12 09:20:52 - [MESSAGE][PASSED] - Delayed 3 second(s)

2018-12-12 09:20:52 - [TEST_STEP][PASSED] - setEncryptedText: Text ****** has been set on object 'Object Repository/Final Object Repo/Creating Employer Account/Page_PERKESO - Users and Organizati/input__125_password2'

2018-12-12 09:20:53 - [MESSAGE][PASSED] - Text ****** has been set on object 'Object Repository/Final Object Repo/Creating Employer Account/Page_PERKESO - Users and Organizati/input__125_password2'

2018-12-12 09:20:53 - [TEST_STEP][PASSED] - delay: Delayed 3 second(s)

2018-12-12 09:20:56 - [MESSAGE][PASSED] - Delayed 3 second(s)

2018-12-12 09:20:56 - [TEST_STEP][PASSED] - click: Object: 'Object Repository/Final Object Repo/Creating Employer Account/Page_PERKESO - Users and Organizati/Save' is clicked on

2018-12-12 09:20:57 - [MESSAGE][PASSED] - Object: 'Object Repository/Final Object Repo/Creating Employer Account/Page_PERKESO - Users and Organizati/Save' is clicked on

2018-12-12 09:20:57 - [MESSAGE][PASSED] - Call Test Case 'Test Cases/Final Aug 2018 - PKS Automation/Create Employer Acc/Template/Change Password of Employer' successfully

2018-12-12 09:20:57 - [TEST_STEP][PASSED] - delay: Delayed 1 second(s)

2018-12-12 09:20:58 - [MESSAGE][PASSED] - Delayed 1 second(s)

2018-12-12 09:20:58 - [TEST_STEP][PASSED] - navigateToUrl: Navigate to 'https://assist2-uat.perkeso.gov.my/c/portal/logout' successfully

2018-12-12 09:20:59 - [MESSAGE][PASSED] - Navigate to 'https://assist2-uat.perkeso.gov.my/c/portal/logout' successfully

2018-12-12 09:20:59 - [TEST_STEP][PASSED] - delay: Delayed 1 second(s)

2018-12-12 09:21:00 - [MESSAGE][PASSED] - Delayed 1 second(s)

2018-12-12 09:21:00 - [TEST_STEP][PASSED] - callTestCase: Call Test Case 'Test Cases/Final Aug 2018 - PKS Automation/Create Employer Acc/Template/Login to Employer Account (First Time)' successfully

2018-12-12 09:21:00 - [TEST_CASE][PASSED] - Test Cases/Final Aug 2018 - PKS Automation/Create Employer Acc/Template/Login to Employer Account (First Time): Test Cases/Final Aug 2018 - PKS Automation/Create Employer Acc/Template/Login to Employer Account (First Time)

2018-12-12 09:21:00 - [TEST_STEP][PASSED] - openBrowser: Browser is opened with url: ''

2018-12-12 09:21:00 - [MESSAGE][WARNING] - A browser is already opened. Closing browser and opening a new one

2018-12-12 09:21:05 - [MESSAGE][PASSED] - Browser is opened with url: ''

2018-12-12 09:21:05 - [TEST_STEP][PASSED] - navigateToUrl: Navigate to 'https://assist2-uat.perkeso.gov.my/employer/login' successfully

2018-12-12 09:21:06 - [MESSAGE][PASSED] - Navigate to 'https://assist2-uat.perkeso.gov.my/employer/login' successfully

2018-12-12 09:21:06 - [TEST_STEP][PASSED] - delay: Delayed 3 second(s)

2018-12-12 09:21:09 - [MESSAGE][PASSED] - Delayed 3 second(s)

2018-12-12 09:21:09 - [TEST_STEP][PASSED] - callTestCase: Call Test Case 'Test Cases/Final Aug 2018 - PKS Automation/Create Employer Acc/Template/Employer Email Getter' successfully

2018-12-12 09:21:09 - [TEST_CASE][PASSED] - Test Cases/Final Aug 2018 - PKS Automation/Create Employer Acc/Template/Employer Email Getter: Test Cases/Final Aug 2018 - PKS Automation/Create Employer Acc/Template/Employer Email Getter

2018-12-12 09:21:10 - [TEST_STEP][PASSED] - Statement - Try: null

2018-12-12 09:21:10 - [TEST_STEP][PASSED] - Statement - EmpEmail = new java.io.File(C://Users//Admin//Desktop//PKS//Automation Reference Point//EmpEmail.txt): null

2018-12-12 09:21:10 - [TEST_STEP][PASSED] - Statement - bufferread = new java.io.BufferedReader(new java.io.FileReader(EmpEmail)): null

2018-12-12 09:21:10 - [TEST_STEP][PASSED] - Statement - readedVal = bufferread.readLine(): null

2018-12-12 09:21:10 - [TEST_STEP][PASSED] - Statement - out.println(readedVal): null

2018-12-12 09:21:10 - [TEST_STEP][PASSED] - Statement - Email = readedVal: null

2018-12-12 09:21:10 - [MESSAGE][PASSED] - Call Test Case 'Test Cases/Final Aug 2018 - PKS Automation/Create Employer Acc/Template/Employer Email Getter' successfully

2018-12-12 09:21:10 - [TEST_STEP][PASSED] - setText: Text 'perkeso770113896404@gmail.com' is set on object 'Object Repository/Final Object Repo/Login Page/External Login Page/Email'

2018-12-12 09:21:10 - [MESSAGE][PASSED] - Text 'perkeso770113896404@gmail.com' is set on object 'Object Repository/Final Object Repo/Login Page/External Login Page/Email'

2018-12-12 09:21:10 - [TEST_STEP][PASSED] - click: Object: 'Object Repository/Final Object Repo/Login Page/External Login Page/Next' is clicked on

2018-12-12 09:21:10 - [MESSAGE][PASSED] - Object: 'Object Repository/Final Object Repo/Login Page/External Login Page/Next' is clicked on

2018-12-12 09:21:10 - [TEST_STEP][PASSED] - delay: Delayed 3 second(s)

2018-12-12 09:21:13 - [MESSAGE][PASSED] - Delayed 3 second(s)

2018-12-12 09:21:13 - [TEST_STEP][PASSED] - setEncryptedText: Text ****** has been set on object 'Object Repository/Final Object Repo/Login Page/External Login Page/Password'

2018-12-12 09:21:14 - [MESSAGE][PASSED] - Text ****** has been set on object 'Object Repository/Final Object Repo/Login Page/External Login Page/Password'

2018-12-12 09:21:14 - [TEST_STEP][PASSED] - click: Object: 'Object Repository/Final Object Repo/Login Page/External Login Page/Login' is clicked on

2018-12-12 09:21:14 - [MESSAGE][PASSED] - Object: 'Object Repository/Final Object Repo/Login Page/External Login Page/Login' is clicked on

2018-12-12 09:21:14 - [TEST_STEP][PASSED] - delay: Delayed 3 second(s)

2018-12-12 09:21:17 - [MESSAGE][PASSED] - Delayed 3 second(s)

2018-12-12 09:21:17 - [TEST_STEP][PASSED] - click: Object: 'Object Repository/Final Object Repo/Creating Employer Account/Page_Terms of Use - ASSIST/button_I Agree' is clicked on

2018-12-12 09:21:18 - [MESSAGE][PASSED] - Object: 'Object Repository/Final Object Repo/Creating Employer Account/Page_Terms of Use - ASSIST/button_I Agree' is clicked on

2018-12-12 09:21:18 - [TEST_STEP][PASSED] - delay: Delayed 2 second(s)

2018-12-12 09:21:20 - [MESSAGE][PASSED] - Delayed 2 second(s)

2018-12-12 09:21:20 - [TEST_STEP][PASSED] - setEncryptedText: Text ****** has been set on object 'Object Repository/Final Object Repo/Creating Employer Account/Page_New Password - ASSIST/input_password1'

2018-12-12 09:21:20 - [MESSAGE][PASSED] - Text ****** has been set on object 'Object Repository/Final Object Repo/Creating Employer Account/Page_New Password - ASSIST/input_password1'

2018-12-12 09:21:20 - [TEST_STEP][PASSED] - setEncryptedText: Text ****** has been set on object 'Object Repository/Final Object Repo/Creating Employer Account/Page_New Password - ASSIST/input_password2'

2018-12-12 09:21:20 - [MESSAGE][PASSED] - Text ****** has been set on object 'Object Repository/Final Object Repo/Creating Employer Account/Page_New Password - ASSIST/input_password2'

2018-12-12 09:21:20 - [TEST_STEP][PASSED] - delay: Delayed 2 second(s)

2018-12-12 09:21:22 - [MESSAGE][PASSED] - Delayed 2 second(s)

2018-12-12 09:21:22 - [TEST_STEP][PASSED] - click: Object: 'Object Repository/Final Object Repo/Creating Employer Account/Page_New Password - ASSIST/Save' is clicked on

2018-12-12 09:21:23 - [MESSAGE][PASSED] - Object: 'Object Repository/Final Object Repo/Creating Employer Account/Page_New Password - ASSIST/Save' is clicked on

2018-12-12 09:21:23 - [TEST_STEP][PASSED] - delay: Delayed 2 second(s)

2018-12-12 09:21:25 - [MESSAGE][PASSED] - Delayed 2 second(s)

2018-12-12 09:21:25 - [TEST_STEP][PASSED] - setText: Text 'test' is set on object 'Object Repository/Final Object Repo/Creating Employer Account/Page_Password Reminder - ASSIST/Reminder Query Answer'

2018-12-12 09:21:25 - [MESSAGE][PASSED] - Text 'test' is set on object 'Object Repository/Final Object Repo/Creating Employer Account/Page_Password Reminder - ASSIST/Reminder Query Answer'

2018-12-12 09:21:25 - [TEST_STEP][PASSED] - delay: Delayed 2 second(s)

2018-12-12 09:21:27 - [MESSAGE][PASSED] - Delayed 2 second(s)

2018-12-12 09:21:27 - [TEST_STEP][PASSED] - doubleClick: Object: 'Object Repository/Final Object Repo/Creating Employer Account/Page_Password Reminder - ASSIST/Save' is double clicked on

2018-12-12 09:21:30 - [MESSAGE][PASSED] - Object: 'Object Repository/Final Object Repo/Creating Employer Account/Page_Password Reminder - ASSIST/Save' is double clicked on

2018-12-12 09:21:30 - [MESSAGE][PASSED] - Call Test Case 'Test Cases/Final Aug 2018 - PKS Automation/Create Employer Acc/Template/Login to Employer Account (First Time)' successfully

2018-12-12 09:21:30 - [MESSAGE][PASSED] - Call Test Case 'Test Cases/Final Aug 2018 - PKS Automation/Create Employer Acc/Create Employer Account' successfully

2018-12-12 09:21:30 - [TEST_STEP][PASSED] - callTestCase: Call Test Case 'Test Cases/Final Aug 2018 - PKS Automation/Registration Module/Log Out/log out avoiding katalon tagging' successfully

2018-12-12 09:21:30 - [TEST_CASE][PASSED] - Test Cases/Final Aug 2018 - PKS Automation/Registration Module/Log Out/log out avoiding katalon tagging: Test Cases/Final Aug 2018 - PKS Automation/Registration Module/Log Out/log out avoiding katalon tagging

2018-12-12 09:21:30 - [TEST_STEP][PASSED] - navigateToUrl: Navigate to 'https://assist2-uat.perkeso.gov.my/c/portal/logout' successfully

2018-12-12 09:21:31 - [MESSAGE][PASSED] - Navigate to 'https://assist2-uat.perkeso.gov.my/c/portal/logout' successfully

2018-12-12 09:21:31 - [MESSAGE][PASSED] - Call Test Case 'Test Cases/Final Aug 2018 - PKS Automation/Registration Module/Log Out/log out avoiding katalon tagging' successfully

2018-12-12 09:21:31 - [TEST_STEP][PASSED] - callTestCase: Call Test Case 'Test Cases/Final Aug 2018 - PKS Automation/Create Employer Acc/Login to Employer Account (Second time)' successfully

2018-12-12 09:21:31 - [TEST_CASE][PASSED] - Test Cases/Final Aug 2018 - PKS Automation/Create Employer Acc/Login to Employer Account (Second time): Test Cases/Final Aug 2018 - PKS Automation/Create Employer Acc/Login to Employer Account (Second time)

2018-12-12 09:21:31 - [TEST_STEP][PASSED] - openBrowser: Browser is opened with url: ''

2018-12-12 09:21:31 - [MESSAGE][WARNING] - A browser is already opened. Closing browser and opening a new one

2018-12-12 09:21:35 - [MESSAGE][PASSED] - Browser is opened with url: ''

2018-12-12 09:21:35 - [TEST_STEP][PASSED] - navigateToUrl: Navigate to 'https://assist2-uat.perkeso.gov.my/employer/login' successfully

2018-12-12 09:21:36 - [MESSAGE][PASSED] - Navigate to 'https://assist2-uat.perkeso.gov.my/employer/login' successfully

2018-12-12 09:21:36 - [TEST_STEP][PASSED] - delay: Delayed 3 second(s)

2018-12-12 09:21:39 - [MESSAGE][PASSED] - Delayed 3 second(s)

2018-12-12 09:21:39 - [TEST_STEP][PASSED] - callTestCase: Call Test Case 'Test Cases/Final Aug 2018 - PKS Automation/Create Employer Acc/Template/Employer Email Getter' successfully

2018-12-12 09:21:39 - [TEST_CASE][PASSED] - Test Cases/Final Aug 2018 - PKS Automation/Create Employer Acc/Template/Employer Email Getter: Test Cases/Final Aug 2018 - PKS Automation/Create Employer Acc/Template/Employer Email Getter

2018-12-12 09:21:39 - [TEST_STEP][PASSED] - Statement - Try: null

2018-12-12 09:21:39 - [TEST_STEP][PASSED] - Statement - EmpEmail = new java.io.File(C://Users//Admin//Desktop//PKS//Automation Reference Point//EmpEmail.txt): null

2018-12-12 09:21:39 - [TEST_STEP][PASSED] - Statement - bufferread = new java.io.BufferedReader(new java.io.FileReader(EmpEmail)): null

2018-12-12 09:21:39 - [TEST_STEP][PASSED] - Statement - readedVal = bufferread.readLine(): null

2018-12-12 09:21:39 - [TEST_STEP][PASSED] - Statement - out.println(readedVal): null

2018-12-12 09:21:39 - [TEST_STEP][PASSED] - Statement - Email = readedVal: null

2018-12-12 09:21:39 - [MESSAGE][PASSED] - Call Test Case 'Test Cases/Final Aug 2018 - PKS Automation/Create Employer Acc/Template/Employer Email Getter' successfully

2018-12-12 09:21:39 - [TEST_STEP][PASSED] - setText: Text 'perkeso770113896404@gmail.com' is set on object 'Object Repository/Final Object Repo/Login Page/External Login Page/Email'

2018-12-12 09:21:40 - [MESSAGE][PASSED] - Text 'perkeso770113896404@gmail.com' is set on object 'Object Repository/Final Object Repo/Login Page/External Login Page/Email'

2018-12-12 09:21:40 - [TEST_STEP][PASSED] - click: Object: 'Object Repository/Final Object Repo/Login Page/External Login Page/Next' is clicked on

2018-12-12 09:21:40 - [MESSAGE][PASSED] - Object: 'Object Repository/Final Object Repo/Login Page/External Login Page/Next' is clicked on

2018-12-12 09:21:40 - [TEST_STEP][PASSED] - delay: Delayed 3 second(s)

2018-12-12 09:21:43 - [MESSAGE][PASSED] - Delayed 3 second(s)

2018-12-12 09:21:43 - [TEST_STEP][PASSED] - setEncryptedText: Text ****** has been set on object 'Object Repository/Final Object Repo/Login Page/External Login Page/Password'

2018-12-12 09:21:43 - [MESSAGE][PASSED] - Text ****** has been set on object 'Object Repository/Final Object Repo/Login Page/External Login Page/Password'

2018-12-12 09:21:43 - [TEST_STEP][PASSED] - click: Object: 'Object Repository/Final Object Repo/Login Page/External Login Page/Login' is clicked on

2018-12-12 09:21:44 - [MESSAGE][PASSED] - Object: 'Object Repository/Final Object Repo/Login Page/External Login Page/Login' is clicked on

2018-12-12 09:21:44 - [TEST_STEP][PASSED] - delay: Delayed 5 second(s)

2018-12-12 09:21:49 - [MESSAGE][PASSED] - Delayed 5 second(s)

2018-12-12 09:21:49 - [MESSAGE][PASSED] - Call Test Case 'Test Cases/Final Aug 2018 - PKS Automation/Create Employer Acc/Login to Employer Account (Second time)' successfully

2018-12-12 09:21:49 - [TEST_STEP][PASSED] - delay: Delayed 4 second(s)

2018-12-12 09:21:53 - [MESSAGE][PASSED] - Delayed 4 second(s)

2018-12-12 09:21:53 - [TEST_STEP][PASSED] - Statement - Try: Delayed 2 second(s)

2018-12-12 09:21:53 - [TEST_STEP][PASSED] - Statement - Checker = false: null

2018-12-12 09:21:53 - [TEST_STEP][PASSED] - Statement - Checker = com.kms.katalon.core.webui.keyword.WebUiBuiltInKeywords.verifyElementHasAttribute(com.kms.katalon.core.testobject.ObjectRepository.findTestObject(Final Object Repo/Landing Page/BM Detecting), "href", 20, OPTIONAL): Object 'Object Repository/Final Object Repo/Landing Page/BM Detecting' has attribute 'href'

2018-12-12 09:21:53 - [MESSAGE][PASSED] - Object 'Object Repository/Final Object Repo/Landing Page/BM Detecting' has attribute 'href'

2018-12-12 09:21:53 - [TEST_STEP][PASSED] - Statement - out.println(Checker): null

2018-12-12 09:21:53 - [TEST_STEP][PASSED] - Statement - If (Checker == false): null

2018-12-12 09:21:53 - [TEST_STEP][PASSED] - Statement - Else: null

2018-12-12 09:21:53 - [TEST_STEP][PASSED] - delay: Delayed 2 second(s)

2018-12-12 09:21:55 - [MESSAGE][PASSED] - Delayed 2 second(s)

2018-12-12 09:21:55 - [TEST_STEP][PASSED] - delay: Delayed 4 second(s)

2018-12-12 09:21:59 - [MESSAGE][PASSED] - Delayed 4 second(s)

2018-12-12 09:21:59 - [TEST_STEP][PASSED] - click: Object: 'Object Repository/Final Object Repo/Landing Page/My Sites Drop Down' is clicked on

2018-12-12 09:21:59 - [MESSAGE][PASSED] - Object: 'Object Repository/Final Object Repo/Landing Page/My Sites Drop Down' is clicked on

2018-12-12 09:21:59 - [TEST_STEP][PASSED] - click: Object: 'Object Repository/Final Object Repo/Landing Page/Select to Registration Module' is clicked on

2018-12-12 09:22:02 - [MESSAGE][PASSED] - Object: 'Object Repository/Final Object Repo/Landing Page/Select to Registration Module' is clicked on

2018-12-12 09:22:02 - [TEST_STEP][PASSED] - click: Object: 'Object Repository/Final Object Repo/Landing Page/Registration Button' is clicked on

2018-12-12 09:22:03 - [MESSAGE][PASSED] - Object: 'Object Repository/Final Object Repo/Landing Page/Registration Button' is clicked on

2018-12-12 09:22:03 - [TEST_STEP][PASSED] - delay: Delayed 2 second(s)

2018-12-12 09:22:05 - [MESSAGE][PASSED] - Delayed 2 second(s)

2018-12-12 09:22:05 - [TEST_STEP][PASSED] - click: Object: 'Object Repository/Final Object Repo/New Registration - Registration Module Pages/New Reg - OTC to RO/Special Case - OTC - Form 1/AEC NO' is clicked on

2018-12-12 09:22:05 - [MESSAGE][PASSED] - Object: 'Object Repository/Final Object Repo/New Registration - Registration Module Pages/New Reg - OTC to RO/Special Case - OTC - Form 1/AEC NO' is clicked on

2018-12-12 09:22:05 - [TEST_STEP][PASSED] - click: Object: 'Object Repository/Final Object Repo/New Registration - Registration Module Pages/New Reg - OTC to RO/Special Case - OTC - Form 1/Business Entity - Please Select' is clicked on

2018-12-12 09:22:05 - [MESSAGE][PASSED] - Object: 'Object Repository/Final Object Repo/New Registration - Registration Module Pages/New Reg - OTC to RO/Special Case - OTC - Form 1/Business Entity - Please Select' is clicked on

2018-12-12 09:22:05 - [TEST_STEP][PASSED] - click: Object: 'Object Repository/Final Object Repo/New Registration - Registration Module Pages/New Reg - OTC to RO/Special Case - OTC - Form 1/Selected - Corporation' is clicked on

2018-12-12 09:22:06 - [MESSAGE][PASSED] - Object: 'Object Repository/Final Object Repo/New Registration - Registration Module Pages/New Reg - OTC to RO/Special Case - OTC - Form 1/Selected - Corporation' is clicked on

2018-12-12 09:22:06 - [TEST_STEP][PASSED] - delay: Delayed 2 second(s)

2018-12-12 09:22:08 - [MESSAGE][PASSED] - Delayed 2 second(s)

2018-12-12 09:22:08 - [TEST_STEP][PASSED] - click: Object: 'Object Repository/Final Object Repo/New Registration - Registration Module Pages/New Reg - OTC to RO/Special Case - OTC - Form 1/Sub Business Entity - Please Select' is clicked on

2018-12-12 09:22:08 - [MESSAGE][PASSED] - Object: 'Object Repository/Final Object Repo/New Registration - Registration Module Pages/New Reg - OTC to RO/Special Case - OTC - Form 1/Sub Business Entity - Please Select' is clicked on

2018-12-12 09:22:08 - [TEST_STEP][PASSED] - delay: Delayed 2 second(s)

2018-12-12 09:22:10 - [MESSAGE][PASSED] - Delayed 2 second(s)

2018-12-12 09:22:10 - [TEST_STEP][PASSED] - click: Object: 'Object Repository/Final Object Repo/New Registration - Registration Module Pages/New Reg - OTC to RO/Special Case - OTC - Form 1/Selected - Sendirian Berhad' is clicked on

2018-12-12 09:22:10 - [MESSAGE][PASSED] - Object: 'Object Repository/Final Object Repo/New Registration - Registration Module Pages/New Reg - OTC to RO/Special Case - OTC - Form 1/Selected - Sendirian Berhad' is clicked on

2018-12-12 09:22:10 - [TEST_STEP][PASSED] - setText: Text 'AUTOMATE001' is set on object 'Object Repository/Final Object Repo/New Registration - Registration Module Pages/New Reg - OTC to RO/Special Case - OTC - Form 1/Input BRN Number'

2018-12-12 09:22:11 - [MESSAGE][PASSED] - Text 'AUTOMATE001' is set on object 'Object Repository/Final Object Repo/New Registration - Registration Module Pages/New Reg - OTC to RO/Special Case - OTC - Form 1/Input BRN Number'

2018-12-12 09:22:11 - [TEST_STEP][PASSED] - delay: Delayed 2 second(s)

2018-12-12 09:22:13 - [MESSAGE][PASSED] - Delayed 2 second(s)

2018-12-12 09:22:13 - [TEST_STEP][PASSED] - click: Object: 'Object Repository/Final Object Repo/New Registration - Registration Module Pages/New Reg - OTC to RO/Special Case - OTC - Form 1/BRN Search' is clicked on

2018-12-12 09:22:13 - [MESSAGE][PASSED] - Object: 'Object Repository/Final Object Repo/New Registration - Registration Module Pages/New Reg - OTC to RO/Special Case - OTC - Form 1/BRN Search' is clicked on

2018-12-12 09:22:13 - [TEST_STEP][PASSED] - delay: Delayed 4 second(s)

2018-12-12 09:22:17 - [MESSAGE][PASSED] - Delayed 4 second(s)

2018-12-12 09:22:17 - [TEST_STEP][PASSED] - click: Object: 'Object Repository/Final Object Repo/New Registration - Registration Module Pages/New Reg - OTC to RO/Special Case - OTC - Form 1/Registered with SSM - After Feb 2017' is clicked on

2018-12-12 09:22:17 - [MESSAGE][PASSED] - Object: 'Object Repository/Final Object Repo/New Registration - Registration Module Pages/New Reg - OTC to RO/Special Case - OTC - Form 1/Registered with SSM - After Feb 2017' is clicked on

2018-12-12 09:22:17 - [TEST_STEP][PASSED] - delay: Delayed 2 second(s)

2018-12-12 09:22:19 - [MESSAGE][PASSED] - Delayed 2 second(s)

2018-12-12 09:22:19 - [TEST_STEP][PASSED] - click: Object: 'Object Repository/Final Object Repo/New Registration - Registration Module Pages/Form 1/Registered As a Branch - Yes' is clicked on

2018-12-12 09:22:19 - [MESSAGE][PASSED] - Object: 'Object Repository/Final Object Repo/New Registration - Registration Module Pages/Form 1/Registered As a Branch - Yes' is clicked on

2018-12-12 09:22:19 - [TEST_STEP][PASSED] - click: Object: 'Object Repository/Final Object Repo/New Registration - Registration Module Pages/New Reg - OTC to RO/Special Case - OTC - Form 1/Acknowledgement Ticked' is clicked on

2018-12-12 09:22:19 - [MESSAGE][PASSED] - Object: 'Object Repository/Final Object Repo/New Registration - Registration Module Pages/New Reg - OTC to RO/Special Case - OTC - Form 1/Acknowledgement Ticked' is clicked on

2018-12-12 09:22:19 - [TEST_STEP][PASSED] - setText: Text 'perkeso770113896404@gmail.com' is set on object 'Object Repository/Final Object Repo/New Registration - Registration Module Pages/Form 1/Email'

2018-12-12 09:22:20 - [MESSAGE][PASSED] - Text 'perkeso770113896404@gmail.com' is set on object 'Object Repository/Final Object Repo/New Registration - Registration Module Pages/Form 1/Email'

2018-12-12 09:22:20 - [TEST_STEP][PASSED] - click: Object: 'Object Repository/Final Object Repo/New Registration - Registration Module Pages/New Reg - OTC to RO/Special Case - OTC - Form 1/Submit Button' is clicked on

2018-12-12 09:22:20 - [MESSAGE][PASSED] - Object: 'Object Repository/Final Object Repo/New Registration - Registration Module Pages/New Reg - OTC to RO/Special Case - OTC - Form 1/Submit Button' is clicked on

2018-12-12 09:22:20 - [TEST_STEP][PASSED] - callTestCase: Call Test Case 'Test Cases/Final Aug 2018 - PKS Automation/Registration Module/New Registration/Form 2/Add 1 Eligible - Employer Account Use' successfully

2018-12-12 09:22:20 - [TEST_CASE][PASSED] - Test Cases/Final Aug 2018 - PKS Automation/Registration Module/New Registration/Form 2/Add 1 Eligible - Employer Account Use: Test Cases/Final Aug 2018 - PKS Automation/Registration Module/New Registration/Form 2/Add 1 Eligible - Employer Account Use

2018-12-12 09:22:21 - [TEST_STEP][PASSED] - delay: Delayed 2 second(s)

2018-12-12 09:22:23 - [MESSAGE][PASSED] - Delayed 2 second(s)

2018-12-12 09:22:23 - [TEST_STEP][PASSED] - callTestCase: Call Test Case 'Test Cases/Final Aug 2018 - PKS Automation/Registration Module/New Registration/Form 2/Date Updater' successfully

2018-12-12 09:22:23 - [TEST_CASE][PASSED] - Test Cases/Final Aug 2018 - PKS Automation/Registration Module/New Registration/Form 2/Date Updater: Test Cases/Final Aug 2018 - PKS Automation/Registration Module/New Registration/Form 2/Date Updater

2018-12-12 09:22:23 - [TEST_STEP][PASSED] - Statement - TodayDate = new java.util.Date(): null

2018-12-12 09:22:23 - [TEST_STEP][PASSED] - Statement - CurrentDateNoFilter = new java.text.SimpleDateFormat(): null

2018-12-12 09:22:23 - [TEST_STEP][PASSED] - Statement - CurrentDateNoFilter.applyPattern("MM"): null

2018-12-12 09:22:23 - [TEST_STEP][PASSED] - Statement - monthContainerMatcher = java.lang.Integer.parseInt(CurrentDateNoFilter.format(TodayDate)): null

2018-12-12 09:22:23 - [TEST_STEP][PASSED] - Statement - monthContainerMatcher = monthContainerMatcher - 1: null

2018-12-12 09:22:23 - [TEST_STEP][PASSED] - Statement - CurrentMonth = monthContainerMatcher.toString(): null

2018-12-12 09:22:23 - [TEST_STEP][PASSED] - Statement - CurrentMonth = CurrentMonth: null

2018-12-12 09:22:23 - [TEST_STEP][PASSED] - Statement - CurrentDateNoFilter.applyPattern("yyyy"): null

2018-12-12 09:22:23 - [TEST_STEP][PASSED] - Statement - CurrentYear = CurrentDateNoFilter.format(TodayDate): null

2018-12-12 09:22:23 - [TEST_STEP][PASSED] - Statement - CurrentYear = CurrentYear: null

2018-12-12 09:22:23 - [TEST_STEP][PASSED] - Statement - intCurrentYear = java.lang.Integer.parseInt(CurrentDateNoFilter.format(TodayDate)): null

2018-12-12 09:22:23 - [TEST_STEP][PASSED] - Statement - eighteenYrsAgo = intCurrentYear - 18: null

2018-12-12 09:22:23 - [TEST_STEP][PASSED] - Statement - eighteenYrsBeforeThisYr = eighteenYrsAgo.toString(): null

2018-12-12 09:22:23 - [TEST_STEP][PASSED] - Statement - EighteenYrsBefore = eighteenYrsBeforeThisYr: null

2018-12-12 09:22:23 - [TEST_STEP][PASSED] - Statement - fiftysevenYrsAgo = intCurrentYear - 57: null

2018-12-12 09:22:23 - [TEST_STEP][PASSED] - Statement - fiftysevenYrsBeforeThisYr = fiftysevenYrsAgo.toString(): null

2018-12-12 09:22:23 - [TEST_STEP][PASSED] - Statement - FiftysevenYrsBefore = fiftysevenYrsBeforeThisYr: null

2018-12-12 09:22:23 - [TEST_STEP][PASSED] - Statement - leapYear = false: null

2018-12-12 09:22:23 - [TEST_STEP][PASSED] - Statement - leapYear = intCurrentYear % 4 == 0: null

2018-12-12 09:22:23 - [TEST_STEP][PASSED] - Statement - CurrentDateNoFilter.applyPattern("dd"): null

2018-12-12 09:22:23 - [TEST_STEP][PASSED] - Statement - CurrentDate = CurrentDateNoFilter.format(TodayDate): null

2018-12-12 09:22:23 - [TEST_STEP][PASSED] - Statement - CurrentDate = java.lang.Integer.parseInt(CurrentDate): null

2018-12-12 09:22:23 - [TEST_STEP][PASSED] - Statement - CurrentDate = CurrentDate: null

2018-12-12 09:22:23 - [TEST_STEP][PASSED] - Statement - CurrentDay = java.lang.Integer.parseInt(CurrentDate): null

2018-12-12 09:22:23 - [TEST_STEP][PASSED] - Statement - ConfAdder = <not implemented yet for class: org.codehaus.groovy.ast.expr.EmptyExpression>: null

2018-12-12 09:22:23 - [TEST_STEP][PASSED] - Statement - out.println(CurrentMonth): null

2018-12-12 09:22:23 - [TEST_STEP][PASSED] - Statement - out.println(CurrentDate): null

2018-12-12 09:22:23 - [TEST_STEP][PASSED] - Statement - switch (CurrentDate): null

2018-12-12 09:22:23 - [TEST_STEP][PASSED] - Statement - Default: null

2018-12-12 09:22:23 - [TEST_STEP][PASSED] - Statement - ConfAdder = true: null

2018-12-12 09:22:23 - [TEST_STEP][PASSED] - Statement - Break: null

2018-12-12 09:22:23 - [TEST_STEP][PASSED] - Statement - aDayBefore = <not implemented yet for class: org.codehaus.groovy.ast.expr.EmptyExpression>: null

2018-12-12 09:22:23 - [TEST_STEP][PASSED] - Statement - out.println(ConfAdder): null

2018-12-12 09:22:23 - [TEST_STEP][PASSED] - Statement - If (ConfAdder == true): null

2018-12-12 09:22:23 - [TEST_STEP][PASSED] - Statement - aDayBefore = CurrentDay + 1: null

2018-12-12 09:22:23 - [TEST_STEP][PASSED] - Statement - out.println(aDayBefore): null

2018-12-12 09:22:23 - [TEST_STEP][PASSED] - Statement - If (aDayBefore == 1 && CurrentMonth == 11): null

2018-12-12 09:22:23 - [TEST_STEP][PASSED] - Statement - DayBefore = aDayBefore.toString(): null

2018-12-12 09:22:23 - [TEST_STEP][PASSED] - Statement - OneDayBefore = DayBefore: null

2018-12-12 09:22:23 - [MESSAGE][PASSED] - Call Test Case 'Test Cases/Final Aug 2018 - PKS Automation/Registration Module/New Registration/Form 2/Date Updater' successfully

2018-12-12 09:22:23 - [TEST_STEP][PASSED] - delay: Delayed 1 second(s)

2018-12-12 09:22:24 - [MESSAGE][PASSED] - Delayed 1 second(s)

2018-12-12 09:22:24 - [TEST_STEP][PASSED] - Statement - CaseReferenceNo = com.kms.katalon.core.webui.keyword.WebUiBuiltInKeywords.getText(com.kms.katalon.core.testobject.ObjectRepository.findTestObject(Final Object Repo/New Registration - Registration Module Pages/Form 2/RefNo Acquiring)): Text of object 'Object Repository/Final Object Repo/New Registration - Registration Module Pages/Form 2/RefNo Acquiring' is: 'CRN12201800123192'

2018-12-12 09:22:24 - [MESSAGE][PASSED] - Text of object 'Object Repository/Final Object Repo/New Registration - Registration Module Pages/Form 2/RefNo Acquiring' is: 'CRN12201800123192'

2018-12-12 09:22:24 - [TEST_STEP][PASSED] - delay: Delayed 1 second(s)

2018-12-12 09:22:25 - [MESSAGE][PASSED] - Delayed 1 second(s)

2018-12-12 09:22:25 - [TEST_STEP][PASSED] - click: Object: 'Object Repository/Final Object Repo/New Registration - Registration Module Pages/Form 2/Add Employee Button' is clicked on

2018-12-12 09:22:26 - [MESSAGE][PASSED] - Object: 'Object Repository/Final Object Repo/New Registration - Registration Module Pages/Form 2/Add Employee Button' is clicked on

2018-12-12 09:22:26 - [TEST_STEP][PASSED] - delay: Delayed 1 second(s)

2018-12-12 09:22:27 - [MESSAGE][PASSED] - Delayed 1 second(s)

2018-12-12 09:22:27 - [TEST_STEP][PASSED] - setText: Text '010903091948' is set on object 'Object Repository/Final Object Repo/New Registration - Registration Module Pages/Form 2/NRIC Input'

2018-12-12 09:22:27 - [MESSAGE][PASSED] - Text '010903091948' is set on object 'Object Repository/Final Object Repo/New Registration - Registration Module Pages/Form 2/NRIC Input'

2018-12-12 09:22:27 - [TEST_STEP][PASSED] - delay: Delayed 2 second(s)

2018-12-12 09:22:29 - [MESSAGE][PASSED] - Delayed 2 second(s)

2018-12-12 09:22:29 - [TEST_STEP][PASSED] - setText: Text 'Automate001 eligible 1' is set on object 'Object Repository/Final Object Repo/New Registration - Registration Module Pages/Form 2/Employee Name Input'

2018-12-12 09:22:29 - [MESSAGE][PASSED] - Text 'Automate001 eligible 1' is set on object 'Object Repository/Final Object Repo/New Registration - Registration Module Pages/Form 2/Employee Name Input'

2018-12-12 09:22:29 - [TEST_STEP][PASSED] - delay: Delayed 2 second(s)

2018-12-12 09:22:31 - [MESSAGE][PASSED] - Delayed 2 second(s)

2018-12-12 09:22:31 - [TEST_STEP][PASSED] - click: Object: 'Object Repository/Final Object Repo/New Registration - Registration Module Pages/Form 2/DatePicker Pop Up' is clicked on

2018-12-12 09:22:32 - [MESSAGE][PASSED] - Object: 'Object Repository/Final Object Repo/New Registration - Registration Module Pages/Form 2/DatePicker Pop Up' is clicked on

2018-12-12 09:22:32 - [TEST_STEP][PASSED] - click: Object: 'Object Repository/Final Object Repo/New Registration - Registration Module Pages/Form 2/DOB Month' is clicked on

2018-12-12 09:22:32 - [MESSAGE][PASSED] - Object: 'Object Repository/Final Object Repo/New Registration - Registration Module Pages/Form 2/DOB Month' is clicked on

2018-12-12 09:22:32 - [TEST_STEP][PASSED] - Statement - CurrentMonth = CurrentMonth: null

2018-12-12 09:22:32 - [TEST_STEP][PASSED] - Statement - selectMonth = new com.kms.katalon.core.testobject.TestObject(): null

2018-12-12 09:22:32 - [TEST_STEP][PASSED] - Statement - selectMonth.addProperty("xpath", EQUALS, "//body/div/div/div/select/option[@value='" + CurrentMonth + "']", true): null

2018-12-12 09:22:32 - [TEST_STEP][PASSED] - click: Object: '' is clicked on

2018-12-12 09:22:32 - [MESSAGE][PASSED] - Object: '' is clicked on

2018-12-12 09:22:32 - [TEST_STEP][PASSED] - click: Object: 'Object Repository/Final Object Repo/New Registration - Registration Module Pages/Form 2/DOB Year' is clicked on

2018-12-12 09:22:32 - [MESSAGE][PASSED] - Object: 'Object Repository/Final Object Repo/New Registration - Registration Module Pages/Form 2/DOB Year' is clicked on

2018-12-12 09:22:32 - [TEST_STEP][PASSED] - Statement - Eyearsbf = EighteenYrsBefore: null

2018-12-12 09:22:32 - [TEST_STEP][PASSED] - Statement - selectYear = new com.kms.katalon.core.testobject.TestObject(): null

2018-12-12 09:22:32 - [TEST_STEP][PASSED] - Statement - selectYear.addProperty("xpath", EQUALS, "//div/div/div/select/option[@value='" + Eyearsbf + "']", true): null

2018-12-12 09:22:32 - [TEST_STEP][PASSED] - click: Object: '' is clicked on

2018-12-12 09:22:32 - [MESSAGE][PASSED] - Object: '' is clicked on

2018-12-12 09:22:32 - [TEST_STEP][PASSED] - Statement - UpdatedSelectDate = com.kms.katalon.core.webui.keyword.WebUiBuiltInKeywords.modifyObjectProperty(com.kms.katalon.core.testobject.ObjectRepository.findTestObject(Final Object Repo/New Registration - Registration Module Pages/Form 2/DOB Date), "xpath", "equals", "//body/div/table/tbody/tr/td/a[text()="" + CurrentDate + ""]", true): Modify property of object successfully

2018-12-12 09:22:32 - [MESSAGE][PASSED] - Modify property of object successfully

2018-12-12 09:22:32 - [TEST_STEP][PASSED] - delay: Delayed 3 second(s)

2018-12-12 09:22:35 - [MESSAGE][PASSED] - Delayed 3 second(s)

2018-12-12 09:22:35 - [TEST_STEP][PASSED] - click: Object: 'Object Repository/Final Object Repo/New Registration - Registration Module Pages/Form 2/DOB Date' is clicked on

2018-12-12 09:22:36 - [MESSAGE][PASSED] - Object: 'Object Repository/Final Object Repo/New Registration - Registration Module Pages/Form 2/DOB Date' is clicked on

2018-12-12 09:22:36 - [TEST_STEP][PASSED] - delay: Delayed 2 second(s)

2018-12-12 09:22:38 - [MESSAGE][PASSED] - Delayed 2 second(s)

2018-12-12 09:22:38 - [TEST_STEP][PASSED] - click: Object: 'Object Repository/Final Object Repo/New Registration - Registration Module Pages/Form 2/EmploymentStartDate Pop Up' is clicked on

2018-12-12 09:22:38 - [MESSAGE][PASSED] - Object: 'Object Repository/Final Object Repo/New Registration - Registration Module Pages/Form 2/EmploymentStartDate Pop Up' is clicked on

2018-12-12 09:22:38 - [TEST_STEP][PASSED] - delay: Delayed 2 second(s)

2018-12-12 09:22:40 - [MESSAGE][PASSED] - Delayed 2 second(s)

2018-12-12 09:22:40 - [TEST_STEP][PASSED] - click: Object: 'Object Repository/Final Object Repo/New Registration - Registration Module Pages/Form 2/Socso Employment StartDate Month' is clicked on

2018-12-12 09:22:40 - [MESSAGE][PASSED] - Object: 'Object Repository/Final Object Repo/New Registration - Registration Module Pages/Form 2/Socso Employment StartDate Month' is clicked on

2018-12-12 09:22:40 - [TEST_STEP][PASSED] - delay: Delayed 1 second(s)

2018-12-12 09:22:41 - [MESSAGE][PASSED] - Delayed 1 second(s)

2018-12-12 09:22:41 - [TEST_STEP][PASSED] - click: Object: 'Object Repository/Final Object Repo/New Registration - Registration Module Pages/Form 2/Select Socso Employement Startdate Month' is clicked on

2018-12-12 09:22:41 - [MESSAGE][PASSED] - Object: 'Object Repository/Final Object Repo/New Registration - Registration Module Pages/Form 2/Select Socso Employement Startdate Month' is clicked on

2018-12-12 09:22:41 - [TEST_STEP][PASSED] - delay: Delayed 2 second(s)

2018-12-12 09:22:43 - [MESSAGE][PASSED] - Delayed 2 second(s)

2018-12-12 09:22:43 - [TEST_STEP][PASSED] - click: Object: 'Object Repository/Final Object Repo/New Registration - Registration Module Pages/Form 2/Socso Employment StartDate Year' is clicked on

2018-12-12 09:22:43 - [MESSAGE][PASSED] - Object: 'Object Repository/Final Object Repo/New Registration - Registration Module Pages/Form 2/Socso Employment StartDate Year' is clicked on

2018-12-12 09:22:43 - [TEST_STEP][PASSED] - delay: Delayed 1 second(s)

2018-12-12 09:22:44 - [MESSAGE][PASSED] - Delayed 1 second(s)

2018-12-12 09:22:44 - [TEST_STEP][PASSED] - click: Object: 'Object Repository/Final Object Repo/New Registration - Registration Module Pages/Form 2/Select Socso Employment Startdate Year' is clicked on

2018-12-12 09:22:45 - [MESSAGE][PASSED] - Object: 'Object Repository/Final Object Repo/New Registration - Registration Module Pages/Form 2/Select Socso Employment Startdate Year' is clicked on

2018-12-12 09:22:45 - [TEST_STEP][PASSED] - delay: Delayed 2 second(s)

2018-12-12 09:22:47 - [MESSAGE][PASSED] - Delayed 2 second(s)

2018-12-12 09:22:47 - [TEST_STEP][PASSED] - click: Object: 'Object Repository/Final Object Repo/New Registration - Registration Module Pages/Form 2/Socso Employment Start Date Day' is clicked on

2018-12-12 09:22:47 - [MESSAGE][PASSED] - Object: 'Object Repository/Final Object Repo/New Registration - Registration Module Pages/Form 2/Socso Employment Start Date Day' is clicked on

2018-12-12 09:22:47 - [TEST_STEP][PASSED] - delay: Delayed 2 second(s)

2018-12-12 09:22:49 - [MESSAGE][PASSED] - Delayed 2 second(s)

2018-12-12 09:22:49 - [TEST_STEP][PASSED] - click: Object: 'Object Repository/Final Object Repo/New Registration - Registration Module Pages/Form 2/Save Button for Add Employee' is clicked on

2018-12-12 09:22:49 - [MESSAGE][PASSED] - Object: 'Object Repository/Final Object Repo/New Registration - Registration Module Pages/Form 2/Save Button for Add Employee' is clicked on

2018-12-12 09:22:49 - [TEST_STEP][PASSED] - delay: Delayed 6 second(s)

2018-12-12 09:22:55 - [MESSAGE][PASSED] - Delayed 6 second(s)

2018-12-12 09:22:55 - [TEST_STEP][PASSED] - click: Object: 'Object Repository/Final Object Repo/New Registration - Registration Module Pages/Form 2/Save and Continue Form 2' is clicked on

2018-12-12 09:22:55 - [MESSAGE][PASSED] - Object: 'Object Repository/Final Object Repo/New Registration - Registration Module Pages/Form 2/Save and Continue Form 2' is clicked on

2018-12-12 09:22:55 - [MESSAGE][PASSED] - Call Test Case 'Test Cases/Final Aug 2018 - PKS Automation/Registration Module/New Registration/Form 2/Add 1 Eligible - Employer Account Use' successfully

2018-12-12 09:22:55 - [TEST_STEP][PASSED] - callTestCase: Call Test Case 'Test Cases/Final Aug 2018 - PKS Automation/Registration Module/New Registration/Flow of New Registration/Third Screen - Upload Supporting Doc - Preview' successfully

2018-12-12 09:22:55 - [TEST_CASE][PASSED] - Test Cases/Final Aug 2018 - PKS Automation/Registration Module/New Registration/Flow of New Registration/Third Screen - Upload Supporting Doc - Preview: Test Cases/Final Aug 2018 - PKS Automation/Registration Module/New Registration/Flow of New Registration/Third Screen - Upload Supporting Doc - Preview

2018-12-12 09:22:56 - [TEST_STEP][PASSED] - waitForPageLoad: Wait for page load successfully

2018-12-12 09:22:56 - [MESSAGE][PASSED] - Wait for page load successfully

2018-12-12 09:22:56 - [TEST_STEP][PASSED] - Statement - CaseReferenceNo = com.kms.katalon.core.webui.keyword.WebUiBuiltInKeywords.getText(com.kms.katalon.core.testobject.ObjectRepository.findTestObject(Final Object Repo/New Registration - Registration Module Pages/Third Screen - Upload Supporting Doc- Preview/RefNo Acquiring)): Text of object 'Object Repository/Final Object Repo/New Registration - Registration Module Pages/Third Screen - Upload Supporting Doc- Preview/RefNo Acquiring' is: 'CRN12201800123192'

2018-12-12 09:22:56 - [MESSAGE][PASSED] - Text of object 'Object Repository/Final Object Repo/New Registration - Registration Module Pages/Third Screen - Upload Supporting Doc- Preview/RefNo Acquiring' is: 'CRN12201800123192'

2018-12-12 09:22:56 - [TEST_STEP][PASSED] - delay: Delayed 2 second(s)

2018-12-12 09:22:58 - [MESSAGE][PASSED] - Delayed 2 second(s)

2018-12-12 09:22:58 - [TEST_STEP][PASSED] - callTestCase: Call Test Case 'Test Cases/Final Aug 2018 - PKS Automation/Common/Reference Number Setter' successfully

2018-12-12 09:22:58 - [TEST_CASE][PASSED] - Test Cases/Final Aug 2018 - PKS Automation/Common/Reference Number Setter: Test Cases/Final Aug 2018 - PKS Automation/Common/Reference Number Setter

2018-12-12 09:22:58 - [TEST_STEP][PASSED] - Statement - RefNoOldFile = new java.io.File(C://Users//Admin//Desktop//PKS//Automation Reference Point//KatalonReference.txt): null

2018-12-12 09:22:58 - [TEST_STEP][PASSED] - Statement - RefNoOldFile.delete(): null

2018-12-12 09:22:58 - [TEST_STEP][PASSED] - delay: Delayed 5 second(s)

2018-12-12 09:23:03 - [MESSAGE][PASSED] - Delayed 5 second(s)

2018-12-12 09:23:03 - [TEST_STEP][PASSED] - Statement - RefNo = new java.io.File(C://Users//Admin//Desktop//PKS//Automation Reference Point//KatalonReference.txt): null

2018-12-12 09:23:03 - [TEST_STEP][PASSED] - Statement - f2 = new java.io.FileWriter(RefNo, false): null

2018-12-12 09:23:03 - [TEST_STEP][PASSED] - Statement - f2.write(CaseReferenceNo): null

2018-12-12 09:23:03 - [TEST_STEP][PASSED] - Statement - f2.close(): null

2018-12-12 09:23:03 - [TEST_STEP][PASSED] - Statement - out.println("


" + CaseReferenceNo + "


"): null

2018-12-12 09:23:03 - [MESSAGE][PASSED] - Call Test Case 'Test Cases/Final Aug 2018 - PKS Automation/Common/Reference Number Setter' successfully

2018-12-12 09:23:03 - [TEST_STEP][PASSED] - waitForElementClickable: Object 'Object Repository/Final Object Repo/New Registration - Registration Module Pages/Third Screen - Upload Supporting Doc- Preview/Save n Continue in SIP Employee Listing Page' is clickable

2018-12-12 09:23:04 - [MESSAGE][PASSED] - Object 'Object Repository/Final Object Repo/New Registration - Registration Module Pages/Third Screen - Upload Supporting Doc- Preview/Save n Continue in SIP Employee Listing Page' is clickable

2018-12-12 09:23:04 - [TEST_STEP][PASSED] - click: Object: 'Object Repository/Final Object Repo/New Registration - Registration Module Pages/Third Screen - Upload Supporting Doc- Preview/Save n Continue in SIP Employee Listing Page' is clicked on

2018-12-12 09:23:10 - [MESSAGE][PASSED] - Object: 'Object Repository/Final Object Repo/New Registration - Registration Module Pages/Third Screen - Upload Supporting Doc- Preview/Save n Continue in SIP Employee Listing Page' is clicked on

2018-12-12 09:23:10 - [TEST_STEP][PASSED] - delay: Delayed 7 second(s)

2018-12-12 09:23:17 - [MESSAGE][PASSED] - Delayed 7 second(s)

2018-12-12 09:23:17 - [TEST_STEP][PASSED] - click: Object: 'Object Repository/Final Object Repo/New Registration - Registration Module Pages/Third Screen - Upload Supporting Doc- Preview/Add Document Button' is clicked on

2018-12-12 09:23:17 - [MESSAGE][PASSED] - Object: 'Object Repository/Final Object Repo/New Registration - Registration Module Pages/Third Screen - Upload Supporting Doc- Preview/Add Document Button' is clicked on

2018-12-12 09:23:17 - [TEST_STEP][PASSED] - delay: Delayed 30 second(s)

2018-12-12 09:23:47 - [MESSAGE][PASSED] - Delayed 30 second(s)

2018-12-12 09:23:47 - [TEST_STEP][PASSED] - click: Object: 'Object Repository/Final Object Repo/New Registration - Registration Module Pages/Third Screen - Upload Supporting Doc- Preview/Supporting Doc Please Select Drop Down' is clicked on

2018-12-12 09:23:47 - [MESSAGE][PASSED] - Object: 'Object Repository/Final Object Repo/New Registration - Registration Module Pages/Third Screen - Upload Supporting Doc- Preview/Supporting Doc Please Select Drop Down' is clicked on

2018-12-12 09:23:47 - [TEST_STEP][PASSED] - delay: Delayed 2 second(s)

2018-12-12 09:23:49 - [MESSAGE][PASSED] - Delayed 2 second(s)

2018-12-12 09:23:49 - [TEST_STEP][PASSED] - click: Object: 'Object Repository/Final Object Repo/New Registration - Registration Module Pages/Third Screen - Upload Supporting Doc- Preview/Select to Upload Form 1' is clicked on

2018-12-12 09:23:49 - [MESSAGE][PASSED] - Object: 'Object Repository/Final Object Repo/New Registration - Registration Module Pages/Third Screen - Upload Supporting Doc- Preview/Select to Upload Form 1' is clicked on

2018-12-12 09:23:49 - [TEST_STEP][PASSED] - delay: Delayed 2 second(s)

2018-12-12 09:23:51 - [MESSAGE][PASSED] - Delayed 2 second(s)

2018-12-12 09:23:51 - [TEST_STEP][PASSED] - uploadFile: File 'C:\Users\Public\Pictures\Sample Pictures\Koala.jpg' sent to object: 'Object Repository/Final Object Repo/New Registration - Registration Module Pages/Third Screen - Upload Supporting Doc- Preview/Upload File Adding'

2018-12-12 09:23:51 - [MESSAGE][PASSED] - File 'C:\Users\Public\Pictures\Sample Pictures\Koala.jpg' sent to object: 'Object Repository/Final Object Repo/New Registration - Registration Module Pages/Third Screen - Upload Supporting Doc- Preview/Upload File Adding'

2018-12-12 09:23:51 - [TEST_STEP][PASSED] - delay: Delayed 5 second(s)

2018-12-12 09:23:56 - [MESSAGE][PASSED] - Delayed 5 second(s)

2018-12-12 09:23:56 - [TEST_STEP][PASSED] - click: Object: 'Object Repository/Final Object Repo/New Registration - Registration Module Pages/Third Screen - Upload Supporting Doc- Preview/Inner Form Add Document Button' is clicked on

2018-12-12 09:23:57 - [MESSAGE][PASSED] - Object: 'Object Repository/Final Object Repo/New Registration - Registration Module Pages/Third Screen - Upload Supporting Doc- Preview/Inner Form Add Document Button' is clicked on

2018-12-12 09:23:57 - [TEST_STEP][PASSED] - delay: Delayed 3 second(s)

2018-12-12 09:24:00 - [MESSAGE][PASSED] - Delayed 3 second(s)

2018-12-12 09:24:00 - [TEST_STEP][PASSED] - click: Object: 'Object Repository/Final Object Repo/New Registration - Registration Module Pages/Third Screen - Upload Supporting Doc- Preview/Add Document Button' is clicked on

2018-12-12 09:24:01 - [MESSAGE][PASSED] - Object: 'Object Repository/Final Object Repo/New Registration - Registration Module Pages/Third Screen - Upload Supporting Doc- Preview/Add Document Button' is clicked on

2018-12-12 09:24:01 - [TEST_STEP][PASSED] - delay: Delayed 30 second(s)

2018-12-12 09:24:31 - [MESSAGE][PASSED] - Delayed 30 second(s)

2018-12-12 09:24:31 - [TEST_STEP][PASSED] - click: Object: 'Object Repository/Final Object Repo/New Registration - Registration Module Pages/Third Screen - Upload Supporting Doc- Preview/Supporting Doc Please Select Drop Down' is clicked on

2018-12-12 09:24:31 - [MESSAGE][PASSED] - Object: 'Object Repository/Final Object Repo/New Registration - Registration Module Pages/Third Screen - Upload Supporting Doc- Preview/Supporting Doc Please Select Drop Down' is clicked on

2018-12-12 09:24:31 - [TEST_STEP][PASSED] - delay: Delayed 4 second(s)

2018-12-12 09:24:35 - [MESSAGE][PASSED] - Delayed 4 second(s)

2018-12-12 09:24:35 - [TEST_STEP][PASSED] - click: Object: 'Object Repository/Final Object Repo/New Registration - Registration Module Pages/Third Screen - Upload Supporting Doc- Preview/Select to Upload Form 2' is clicked on

2018-12-12 09:24:35 - [MESSAGE][PASSED] - Object: 'Object Repository/Final Object Repo/New Registration - Registration Module Pages/Third Screen - Upload Supporting Doc- Preview/Select to Upload Form 2' is clicked on

2018-12-12 09:24:35 - [TEST_STEP][PASSED] - delay: Delayed 2 second(s)

2018-12-12 09:24:37 - [MESSAGE][PASSED] - Delayed 2 second(s)

2018-12-12 09:24:37 - [TEST_STEP][PASSED] - uploadFile: File 'C:\Users\Public\Pictures\Sample Pictures\Koala.jpg' sent to object: 'Object Repository/Final Object Repo/New Registration - Registration Module Pages/Third Screen - Upload Supporting Doc- Preview/Upload File Adding'

2018-12-12 09:24:38 - [MESSAGE][PASSED] - File 'C:\Users\Public\Pictures\Sample Pictures\Koala.jpg' sent to object: 'Object Repository/Final Object Repo/New Registration - Registration Module Pages/Third Screen - Upload Supporting Doc- Preview/Upload File Adding'

2018-12-12 09:24:38 - [TEST_STEP][PASSED] - click: Object: 'Object Repository/Final Object Repo/New Registration - Registration Module Pages/Third Screen - Upload Supporting Doc- Preview/Inner Form Add Document Button' is clicked on

2018-12-12 09:24:38 - [MESSAGE][PASSED] - Object: 'Object Repository/Final Object Repo/New Registration - Registration Module Pages/Third Screen - Upload Supporting Doc- Preview/Inner Form Add Document Button' is clicked on

2018-12-12 09:24:38 - [TEST_STEP][PASSED] - delay: Delayed 5 second(s)

2018-12-12 09:24:43 - [MESSAGE][PASSED] - Delayed 5 second(s)

2018-12-12 09:24:43 - [TEST_STEP][PASSED] - click: Object: 'Object Repository/Final Object Repo/New Registration - Registration Module Pages/Third Screen - Upload Supporting Doc- Preview/Add Document Button' is clicked on

2018-12-12 09:24:43 - [MESSAGE][PASSED] - Object: 'Object Repository/Final Object Repo/New Registration - Registration Module Pages/Third Screen - Upload Supporting Doc- Preview/Add Document Button' is clicked on

2018-12-12 09:24:43 - [TEST_STEP][PASSED] - delay: Delayed 30 second(s)

2018-12-12 09:25:13 - [MESSAGE][PASSED] - Delayed 30 second(s)

2018-12-12 09:25:13 - [TEST_STEP][PASSED] - click: Object: 'Object Repository/Final Object Repo/New Registration - Registration Module Pages/Third Screen - Upload Supporting Doc- Preview/Supporting Doc Please Select Drop Down' is clicked on

2018-12-12 09:25:13 - [MESSAGE][PASSED] - Object: 'Object Repository/Final Object Repo/New Registration - Registration Module Pages/Third Screen - Upload Supporting Doc- Preview/Supporting Doc Please Select Drop Down' is clicked on

2018-12-12 09:25:13 - [TEST_STEP][PASSED] - click: Object: 'Object Repository/Final Object Repo/New Registration - Registration Module Pages/Third Screen - Upload Supporting Doc- Preview/Select to Upload Borang SIP 1' is clicked on

2018-12-12 09:25:13 - [MESSAGE][PASSED] - Object: 'Object Repository/Final Object Repo/New Registration - Registration Module Pages/Third Screen - Upload Supporting Doc- Preview/Select to Upload Borang SIP 1' is clicked on

2018-12-12 09:25:13 - [TEST_STEP][PASSED] - delay: Delayed 2 second(s)

2018-12-12 09:25:15 - [MESSAGE][PASSED] - Delayed 2 second(s)

2018-12-12 09:25:15 - [TEST_STEP][PASSED] - uploadFile: File 'C:\Users\Public\Pictures\Sample Pictures\Koala.jpg' sent to object: 'Object Repository/Final Object Repo/New Registration - Registration Module Pages/Third Screen - Upload Supporting Doc- Preview/Upload File Adding'

2018-12-12 09:25:15 - [MESSAGE][PASSED] - File 'C:\Users\Public\Pictures\Sample Pictures\Koala.jpg' sent to object: 'Object Repository/Final Object Repo/New Registration - Registration Module Pages/Third Screen - Upload Supporting Doc- Preview/Upload File Adding'

2018-12-12 09:25:15 - [TEST_STEP][PASSED] - click: Object: 'Object Repository/Final Object Repo/New Registration - Registration Module Pages/Third Screen - Upload Supporting Doc- Preview/Inner Form Add Document Button' is clicked on

2018-12-12 09:25:16 - [MESSAGE][PASSED] - Object: 'Object Repository/Final Object Repo/New Registration - Registration Module Pages/Third Screen - Upload Supporting Doc- Preview/Inner Form Add Document Button' is clicked on

2018-12-12 09:25:16 - [TEST_STEP][PASSED] - delay: Delayed 5 second(s)

2018-12-12 09:25:21 - [MESSAGE][PASSED] - Delayed 5 second(s)

2018-12-12 09:25:21 - [TEST_STEP][PASSED] - click: Object: 'Object Repository/Final Object Repo/New Registration - Registration Module Pages/Third Screen - Upload Supporting Doc- Preview/Add Document Button' is clicked on

2018-12-12 09:25:21 - [MESSAGE][PASSED] - Object: 'Object Repository/Final Object Repo/New Registration - Registration Module Pages/Third Screen - Upload Supporting Doc- Preview/Add Document Button' is clicked on

2018-12-12 09:25:21 - [TEST_STEP][PASSED] - delay: Delayed 30 second(s)

2018-12-12 09:25:51 - [MESSAGE][PASSED] - Delayed 30 second(s)

2018-12-12 09:25:51 - [TEST_STEP][PASSED] - click: Object: 'Object Repository/Final Object Repo/New Registration - Registration Module Pages/Third Screen - Upload Supporting Doc- Preview/Supporting Doc Please Select Drop Down' is clicked on

2018-12-12 09:25:51 - [MESSAGE][PASSED] - Object: 'Object Repository/Final Object Repo/New Registration - Registration Module Pages/Third Screen - Upload Supporting Doc- Preview/Supporting Doc Please Select Drop Down' is clicked on

2018-12-12 09:25:51 - [TEST_STEP][PASSED] - delay: Delayed 3 second(s)

2018-12-12 09:25:54 - [MESSAGE][PASSED] - Delayed 3 second(s)

2018-12-12 09:25:54 - [TEST_STEP][PASSED] - click: Object: 'Object Repository/Final Object Repo/New Registration - Registration Module Pages/Third Screen - Upload Supporting Doc- Preview/Select to Upload Borang SIP 2' is clicked on

2018-12-12 09:25:54 - [MESSAGE][PASSED] - Object: 'Object Repository/Final Object Repo/New Registration - Registration Module Pages/Third Screen - Upload Supporting Doc- Preview/Select to Upload Borang SIP 2' is clicked on

2018-12-12 09:25:54 - [TEST_STEP][PASSED] - delay: Delayed 2 second(s)

2018-12-12 09:25:56 - [MESSAGE][PASSED] - Delayed 2 second(s)

2018-12-12 09:25:56 - [TEST_STEP][PASSED] - uploadFile: File 'C:\Users\Public\Pictures\Sample Pictures\Koala.jpg' sent to object: 'Object Repository/Final Object Repo/New Registration - Registration Module Pages/Third Screen - Upload Supporting Doc- Preview/Upload File Adding'

2018-12-12 09:25:56 - [MESSAGE][PASSED] - File 'C:\Users\Public\Pictures\Sample Pictures\Koala.jpg' sent to object: 'Object Repository/Final Object Repo/New Registration - Registration Module Pages/Third Screen - Upload Supporting Doc- Preview/Upload File Adding'

2018-12-12 09:25:56 - [TEST_STEP][PASSED] - delay: Delayed 5 second(s)

2018-12-12 09:26:01 - [MESSAGE][PASSED] - Delayed 5 second(s)

2018-12-12 09:26:01 - [TEST_STEP][PASSED] - click: Object: 'Object Repository/Final Object Repo/New Registration - Registration Module Pages/Third Screen - Upload Supporting Doc- Preview/Inner Form Add Document Button' is clicked on

2018-12-12 09:26:02 - [MESSAGE][PASSED] - Object: 'Object Repository/Final Object Repo/New Registration - Registration Module Pages/Third Screen - Upload Supporting Doc- Preview/Inner Form Add Document Button' is clicked on

2018-12-12 09:26:02 - [TEST_STEP][PASSED] - delay: Delayed 3 second(s)

2018-12-12 09:26:05 - [MESSAGE][PASSED] - Delayed 3 second(s)

2018-12-12 09:26:05 - [TEST_STEP][PASSED] - waitForElementClickable: Object 'Object Repository/Final Object Repo/New Registration - Registration Module Pages/Third Screen - Upload Supporting Doc- Preview/Save n Continue in Uploading Supporting Doc Page' is clickable

2018-12-12 09:26:06 - [MESSAGE][PASSED] - Object 'Object Repository/Final Object Repo/New Registration - Registration Module Pages/Third Screen - Upload Supporting Doc- Preview/Save n Continue in Uploading Supporting Doc Page' is clickable

2018-12-12 09:26:06 - [TEST_STEP][PASSED] - click: Object: 'Object Repository/Final Object Repo/New Registration - Registration Module Pages/Third Screen - Upload Supporting Doc- Preview/Save n Continue in Uploading Supporting Doc Page' is clicked on

2018-12-12 09:26:06 - [MESSAGE][PASSED] - Object: 'Object Repository/Final Object Repo/New Registration - Registration Module Pages/Third Screen - Upload Supporting Doc- Preview/Save n Continue in Uploading Supporting Doc Page' is clicked on

2018-12-12 09:26:06 - [MESSAGE][PASSED] - Call Test Case 'Test Cases/Final Aug 2018 - PKS Automation/Registration Module/New Registration/Flow of New Registration/Third Screen - Upload Supporting Doc - Preview' successfully

2018-12-12 09:26:06 - [TEST_STEP][PASSED] - setText: Text 'Tester' is set on object 'Object Repository/Final Object Repo/New Registration - Registration Module Pages/New Reg - OTC to RO/Special Case - All Related Objects/Employer Preview Name'

2018-12-12 09:26:11 - [MESSAGE][PASSED] - Text 'Tester' is set on object 'Object Repository/Final Object Repo/New Registration - Registration Module Pages/New Reg - OTC to RO/Special Case - All Related Objects/Employer Preview Name'

2018-12-12 09:26:11 - [TEST_STEP][PASSED] - click: Object: 'Object Repository/Final Object Repo/New Registration - Registration Module Pages/New Reg - OTC to RO/Special Case - All Related Objects/IC Type Drop Down' is clicked on

2018-12-12 09:26:11 - [MESSAGE][PASSED] - Object: 'Object Repository/Final Object Repo/New Registration - Registration Module Pages/New Reg - OTC to RO/Special Case - All Related Objects/IC Type Drop Down' is clicked on

2018-12-12 09:26:11 - [TEST_STEP][PASSED] - click: Object: 'Object Repository/Final Object Repo/New Registration - Registration Module Pages/New Reg - OTC to RO/Special Case - All Related Objects/Select to NRIC' is clicked on

2018-12-12 09:26:11 - [MESSAGE][PASSED] - Object: 'Object Repository/Final Object Repo/New Registration - Registration Module Pages/New Reg - OTC to RO/Special Case - All Related Objects/Select to NRIC' is clicked on

2018-12-12 09:26:12 - [TEST_STEP][PASSED] - setText: Text '133245561223' is set on object 'Object Repository/Final Object Repo/New Registration - Registration Module Pages/New Reg - OTC to RO/Special Case - All Related Objects/IC Value'

2018-12-12 09:26:12 - [MESSAGE][PASSED] - Text '133245561223' is set on object 'Object Repository/Final Object Repo/New Registration - Registration Module Pages/New Reg - OTC to RO/Special Case - All Related Objects/IC Value'

2018-12-12 09:26:12 - [TEST_STEP][PASSED] - setText: Text 'Auto' is set on object 'Object Repository/Final Object Repo/New Registration - Registration Module Pages/New Reg - OTC to RO/Special Case - All Related Objects/Designation'

2018-12-12 09:26:12 - [MESSAGE][PASSED] - Text 'Auto' is set on object 'Object Repository/Final Object Repo/New Registration - Registration Module Pages/New Reg - OTC to RO/Special Case - All Related Objects/Designation'

2018-12-12 09:26:12 - [TEST_STEP][PASSED] - callTestCase: Call Test Case 'Test Cases/Final Aug 2018 - PKS Automation/Registration Module/New Registration/Submit and Screenshot/Submit Registration and Screenshot - Copy' successfully

2018-12-12 09:26:12 - [TEST_CASE][PASSED] - Test Cases/Final Aug 2018 - PKS Automation/Registration Module/New Registration/Submit and Screenshot/Submit Registration and Screenshot - Copy: Test Cases/Final Aug 2018 - PKS Automation/Registration Module/New Registration/Submit and Screenshot/Submit Registration and Screenshot - Copy

2018-12-12 09:26:12 - [TEST_STEP][PASSED] - delay: Delayed 6 second(s)

2018-12-12 09:26:18 - [MESSAGE][PASSED] - Delayed 6 second(s)

2018-12-12 09:26:18 - [TEST_STEP][PASSED] - click: Object: 'Object Repository/Final Object Repo/New Registration - Registration Module Pages/Third Screen - Upload Supporting Doc- Preview/Preview Submit Button' is clicked on

2018-12-12 09:26:19 - [MESSAGE][PASSED] - Object: 'Object Repository/Final Object Repo/New Registration - Registration Module Pages/Third Screen - Upload Supporting Doc- Preview/Preview Submit Button' is clicked on

2018-12-12 09:26:19 - [TEST_STEP][PASSED] - delay: Delayed 2 second(s)

2018-12-12 09:26:21 - [MESSAGE][PASSED] - Delayed 2 second(s)

2018-12-12 09:26:21 - [TEST_STEP][PASSED] - click: Object: 'Object Repository/Final Object Repo/New Registration - Registration Module Pages/Third Screen - Upload Supporting Doc- Preview/Preview Submit - Confirm' is clicked on

2018-12-12 09:26:21 - [MESSAGE][PASSED] - Object: 'Object Repository/Final Object Repo/New Registration - Registration Module Pages/Third Screen - Upload Supporting Doc- Preview/Preview Submit - Confirm' is clicked on

2018-12-12 09:26:21 - [TEST_STEP][PASSED] - delay: Delayed 15 second(s)

2018-12-12 09:26:36 - [MESSAGE][PASSED] - Delayed 15 second(s)

2018-12-12 09:26:36 - [TEST_STEP][PASSED] - Statement - driver = com.kms.katalon.core.webui.driver.DriverFactory.getWebDriver(): null

2018-12-12 09:26:36 - [TEST_STEP][PASSED] - Statement - driver.manage().timeouts().implicitlyWait(10, SECONDS): null

2018-12-12 09:26:36 - [TEST_STEP][PASSED] - Statement - PresavePath = KatalonScreenshots: null

2018-12-12 09:26:36 - [TEST_STEP][PASSED] - Statement - pathPrefix = "C:\Users\Public\Pictures\Sample Pictures\Katalon Screenshots\Automate Ending Screen": null

2018-12-12 09:26:36 - [TEST_STEP][PASSED] - Statement - finalPath = <not implemented yet for class: org.codehaus.groovy.ast.expr.EmptyExpression>: null

2018-12-12 09:26:36 - [TEST_STEP][PASSED] - Statement - scrFile = driver.getScreenshotAs(FILE): null

2018-12-12 09:26:37 - [TEST_STEP][PASSED] - Statement - PreSaveFile = new java.io.File(PresavePath): null

2018-12-12 09:26:37 - [TEST_STEP][PASSED] - Statement - counter = 0: null

2018-12-12 09:26:37 - [TEST_STEP][PASSED] - Statement - If (PreSaveFile.exists()): null

2018-12-12 09:26:37 - [TEST_STEP][PASSED] - Statement - While (PreSaveFile.exists()): null

2018-12-12 09:26:37 - [TEST_STEP][PASSED] - Statement - counter = counter + 1: null

2018-12-12 09:26:37 - [TEST_STEP][PASSED] - Statement - PreSaveFile = new java.io.File(((pathPrefix + java.lang.Integer.toString(counter)) + .png)): null

2018-12-12 09:26:37 - [TEST_STEP][PASSED] - Statement - counter = counter + 1: null

2018-12-12 09:26:37 - [TEST_STEP][PASSED] - Statement - PreSaveFile = new java.io.File(((pathPrefix + java.lang.Integer.toString(counter)) + .png)): null

2018-12-12 09:26:37 - [TEST_STEP][PASSED] - Statement - counter = counter + 1: null

2018-12-12 09:26:37 - [TEST_STEP][PASSED] - Statement - PreSaveFile = new java.io.File(((pathPrefix + java.lang.Integer.toString(counter)) + .png)): null

2018-12-12 09:26:37 - [TEST_STEP][PASSED] - Statement - counter = counter + 1: null

2018-12-12 09:26:37 - [TEST_STEP][PASSED] - Statement - PreSaveFile = new java.io.File(((pathPrefix + java.lang.Integer.toString(counter)) + .png)): null

2018-12-12 09:26:37 - [TEST_STEP][PASSED] - Statement - counter = counter + 1: null

2018-12-12 09:26:37 - [TEST_STEP][PASSED] - Statement - PreSaveFile = new java.io.File(((pathPrefix + java.lang.Integer.toString(counter)) + .png)): null

2018-12-12 09:26:37 - [TEST_STEP][PASSED] - Statement - counter = counter + 1: null

2018-12-12 09:26:37 - [TEST_STEP][PASSED] - Statement - PreSaveFile = new java.io.File(((pathPrefix + java.lang.Integer.toString(counter)) + .png)): null

2018-12-12 09:26:37 - [TEST_STEP][PASSED] - Statement - counter = counter + 1: null

2018-12-12 09:26:37 - [TEST_STEP][PASSED] - Statement - PreSaveFile = new java.io.File(((pathPrefix + java.lang.Integer.toString(counter)) + .png)): null

2018-12-12 09:26:37 - [TEST_STEP][PASSED] - Statement - counter = counter + 1: null

2018-12-12 09:26:37 - [TEST_STEP][PASSED] - Statement - PreSaveFile = new java.io.File(((pathPrefix + java.lang.Integer.toString(counter)) + .png)): null

2018-12-12 09:26:37 - [TEST_STEP][PASSED] - Statement - counter = counter + 1: null

2018-12-12 09:26:37 - [TEST_STEP][PASSED] - Statement - PreSaveFile = new java.io.File(((pathPrefix + java.lang.Integer.toString(counter)) + .png)): null

2018-12-12 09:26:37 - [TEST_STEP][PASSED] - Statement - counter = counter + 1: null

2018-12-12 09:26:37 - [TEST_STEP][PASSED] - Statement - PreSaveFile = new java.io.File(((pathPrefix + java.lang.Integer.toString(counter)) + .png)): null

2018-12-12 09:26:37 - [TEST_STEP][PASSED] - Statement - counter = counter + 1: null

2018-12-12 09:26:37 - [TEST_STEP][PASSED] - Statement - PreSaveFile = new java.io.File(((pathPrefix + java.lang.Integer.toString(counter)) + .png)): null

2018-12-12 09:26:37 - [TEST_STEP][PASSED] - Statement - counter = counter + 1: null

2018-12-12 09:26:37 - [TEST_STEP][PASSED] - Statement - PreSaveFile = new java.io.File(((pathPrefix + java.lang.Integer.toString(counter)) + .png)): null

2018-12-12 09:26:37 - [TEST_STEP][PASSED] - Statement - counter = counter + 1: null

2018-12-12 09:26:37 - [TEST_STEP][PASSED] - Statement - PreSaveFile = new java.io.File(((pathPrefix + java.lang.Integer.toString(counter)) + .png)): null

2018-12-12 09:26:37 - [TEST_STEP][PASSED] - Statement - counter = counter + 1: null

2018-12-12 09:26:37 - [TEST_STEP][PASSED] - Statement - PreSaveFile = new java.io.File(((pathPrefix + java.lang.Integer.toString(counter)) + .png)): null

2018-12-12 09:26:37 - [TEST_STEP][PASSED] - Statement - counter = counter + 1: null

2018-12-12 09:26:37 - [TEST_STEP][PASSED] - Statement - PreSaveFile = new java.io.File(((pathPrefix + java.lang.Integer.toString(counter)) + .png)): null

2018-12-12 09:26:37 - [TEST_STEP][PASSED] - Statement - counter = counter + 1: null

2018-12-12 09:26:37 - [TEST_STEP][PASSED] - Statement - PreSaveFile = new java.io.File(((pathPrefix + java.lang.Integer.toString(counter)) + .png)): null

2018-12-12 09:26:37 - [TEST_STEP][PASSED] - Statement - counter = counter + 1: null

2018-12-12 09:26:37 - [TEST_STEP][PASSED] - Statement - PreSaveFile = new java.io.File(((pathPrefix + java.lang.Integer.toString(counter)) + .png)): null

2018-12-12 09:26:37 - [TEST_STEP][PASSED] - Statement - counter = counter + 1: null

2018-12-12 09:26:37 - [TEST_STEP][PASSED] - Statement - PreSaveFile = new java.io.File(((pathPrefix + java.lang.Integer.toString(counter)) + .png)): null

2018-12-12 09:26:37 - [TEST_STEP][PASSED] - Statement - counter = counter + 1: null

2018-12-12 09:26:37 - [TEST_STEP][PASSED] - Statement - PreSaveFile = new java.io.File(((pathPrefix + java.lang.Integer.toString(counter)) + .png)): null

2018-12-12 09:26:37 - [TEST_STEP][PASSED] - Statement - counter = counter + 1: null

2018-12-12 09:26:37 - [TEST_STEP][PASSED] - Statement - PreSaveFile = new java.io.File(((pathPrefix + java.lang.Integer.toString(counter)) + .png)): null

2018-12-12 09:26:37 - [TEST_STEP][PASSED] - Statement - counter = counter + 1: null

2018-12-12 09:26:37 - [TEST_STEP][PASSED] - Statement - PreSaveFile = new java.io.File(((pathPrefix + java.lang.Integer.toString(counter)) + .png)): null

2018-12-12 09:26:37 - [TEST_STEP][PASSED] - Statement - counter = counter + 1: null

2018-12-12 09:26:37 - [TEST_STEP][PASSED] - Statement - PreSaveFile = new java.io.File(((pathPrefix + java.lang.Integer.toString(counter)) + .png)): null

2018-12-12 09:26:37 - [TEST_STEP][PASSED] - Statement - counter = counter + 1: null

2018-12-12 09:26:37 - [TEST_STEP][PASSED] - Statement - PreSaveFile = new java.io.File(((pathPrefix + java.lang.Integer.toString(counter)) + .png)): null

2018-12-12 09:26:37 - [TEST_STEP][PASSED] - Statement - counter = counter + 1: null

2018-12-12 09:26:37 - [TEST_STEP][PASSED] - Statement - PreSaveFile = new java.io.File(((pathPrefix + java.lang.Integer.toString(counter)) + .png)): null

2018-12-12 09:26:37 - [TEST_STEP][PASSED] - Statement - counter = counter + 1: null

2018-12-12 09:26:37 - [TEST_STEP][PASSED] - Statement - PreSaveFile = new java.io.File(((pathPrefix + java.lang.Integer.toString(counter)) + .png)): null

2018-12-12 09:26:37 - [TEST_STEP][PASSED] - Statement - counter = counter + 1: null

2018-12-12 09:26:37 - [TEST_STEP][PASSED] - Statement - PreSaveFile = new java.io.File(((pathPrefix + java.lang.Integer.toString(counter)) + .png)): null

2018-12-12 09:26:37 - [TEST_STEP][PASSED] - Statement - counter = counter + 1: null

2018-12-12 09:26:37 - [TEST_STEP][PASSED] - Statement - PreSaveFile = new java.io.File(((pathPrefix + java.lang.Integer.toString(counter)) + .png)): null

2018-12-12 09:26:37 - [TEST_STEP][PASSED] - Statement - counter = counter + 1: null

2018-12-12 09:26:37 - [TEST_STEP][PASSED] - Statement - PreSaveFile = new java.io.File(((pathPrefix + java.lang.Integer.toString(counter)) + .png)): null

2018-12-12 09:26:37 - [TEST_STEP][PASSED] - Statement - counter = counter + 1: null

2018-12-12 09:26:37 - [TEST_STEP][PASSED] - Statement - PreSaveFile = new java.io.File(((pathPrefix + java.lang.Integer.toString(counter)) + .png)): null

2018-12-12 09:26:37 - [TEST_STEP][PASSED] - Statement - counter = counter + 1: null

2018-12-12 09:26:37 - [TEST_STEP][PASSED] - Statement - PreSaveFile = new java.io.File(((pathPrefix + java.lang.Integer.toString(counter)) + .png)): null

2018-12-12 09:26:37 - [TEST_STEP][PASSED] - Statement - counter = counter + 1: null

2018-12-12 09:26:37 - [TEST_STEP][PASSED] - Statement - PreSaveFile = new java.io.File(((pathPrefix + java.lang.Integer.toString(counter)) + .png)): null

2018-12-12 09:26:37 - [TEST_STEP][PASSED] - Statement - counter = counter + 1: null

2018-12-12 09:26:37 - [TEST_STEP][PASSED] - Statement - PreSaveFile = new java.io.File(((pathPrefix + java.lang.Integer.toString(counter)) + .png)): null

2018-12-12 09:26:37 - [TEST_STEP][PASSED] - Statement - counter = counter + 1: null

2018-12-12 09:26:37 - [TEST_STEP][PASSED] - Statement - PreSaveFile = new java.io.File(((pathPrefix + java.lang.Integer.toString(counter)) + .png)): null

2018-12-12 09:26:37 - [TEST_STEP][PASSED] - Statement - counter = counter + 1: null

2018-12-12 09:26:37 - [TEST_STEP][PASSED] - Statement - PreSaveFile = new java.io.File(((pathPrefix + java.lang.Integer.toString(counter)) + .png)): null

2018-12-12 09:26:37 - [TEST_STEP][PASSED] - Statement - counter = counter + 1: null

2018-12-12 09:26:37 - [TEST_STEP][PASSED] - Statement - PreSaveFile = new java.io.File(((pathPrefix + java.lang.Integer.toString(counter)) + .png)): null

2018-12-12 09:26:37 - [TEST_STEP][PASSED] - Statement - counter = counter + 1: null

2018-12-12 09:26:37 - [TEST_STEP][PASSED] - Statement - PreSaveFile = new java.io.File(((pathPrefix + java.lang.Integer.toString(counter)) + .png)): null

2018-12-12 09:26:37 - [TEST_STEP][PASSED] - Statement - counter = counter + 1: null

2018-12-12 09:26:37 - [TEST_STEP][PASSED] - Statement - PreSaveFile = new java.io.File(((pathPrefix + java.lang.Integer.toString(counter)) + .png)): null

2018-12-12 09:26:37 - [TEST_STEP][PASSED] - Statement - counter = counter + 1: null

2018-12-12 09:26:37 - [TEST_STEP][PASSED] - Statement - PreSaveFile = new java.io.File(((pathPrefix + java.lang.Integer.toString(counter)) + .png)): null

2018-12-12 09:26:37 - [TEST_STEP][PASSED] - Statement - counter = counter + 1: null

2018-12-12 09:26:37 - [TEST_STEP][PASSED] - Statement - PreSaveFile = new java.io.File(((pathPrefix + java.lang.Integer.toString(counter)) + .png)): null

2018-12-12 09:26:37 - [TEST_STEP][PASSED] - Statement - counter = counter + 1: null

2018-12-12 09:26:37 - [TEST_STEP][PASSED] - Statement - PreSaveFile = new java.io.File(((pathPrefix + java.lang.Integer.toString(counter)) + .png)): null

2018-12-12 09:26:37 - [TEST_STEP][PASSED] - Statement - counter = counter + 1: null

2018-12-12 09:26:37 - [TEST_STEP][PASSED] - Statement - PreSaveFile = new java.io.File(((pathPrefix + java.lang.Integer.toString(counter)) + .png)): null

2018-12-12 09:26:37 - [TEST_STEP][PASSED] - Statement - counter = counter + 1: null

2018-12-12 09:26:37 - [TEST_STEP][PASSED] - Statement - PreSaveFile = new java.io.File(((pathPrefix + java.lang.Integer.toString(counter)) + .png)): null

2018-12-12 09:26:37 - [TEST_STEP][PASSED] - Statement - counter = counter + 1: null

2018-12-12 09:26:37 - [TEST_STEP][PASSED] - Statement - PreSaveFile = new java.io.File(((pathPrefix + java.lang.Integer.toString(counter)) + .png)): null

2018-12-12 09:26:37 - [TEST_STEP][PASSED] - Statement - counter = counter + 1: null

2018-12-12 09:26:37 - [TEST_STEP][PASSED] - Statement - PreSaveFile = new java.io.File(((pathPrefix + java.lang.Integer.toString(counter)) + .png)): null

2018-12-12 09:26:37 - [TEST_STEP][PASSED] - Statement - counter = counter + 1: null

2018-12-12 09:26:37 - [TEST_STEP][PASSED] - Statement - PreSaveFile = new java.io.File(((pathPrefix + java.lang.Integer.toString(counter)) + .png)): null

2018-12-12 09:26:37 - [TEST_STEP][PASSED] - Statement - counter = counter + 1: null

2018-12-12 09:26:37 - [TEST_STEP][PASSED] - Statement - PreSaveFile = new java.io.File(((pathPrefix + java.lang.Integer.toString(counter)) + .png)): null

2018-12-12 09:26:37 - [TEST_STEP][PASSED] - Statement - counter = counter + 1: null

2018-12-12 09:26:37 - [TEST_STEP][PASSED] - Statement - PreSaveFile = new java.io.File(((pathPrefix + java.lang.Integer.toString(counter)) + .png)): null

2018-12-12 09:26:37 - [TEST_STEP][PASSED] - Statement - counter = counter + 1: null

2018-12-12 09:26:37 - [TEST_STEP][PASSED] - Statement - PreSaveFile = new java.io.File(((pathPrefix + java.lang.Integer.toString(counter)) + .png)): null

2018-12-12 09:26:37 - [TEST_STEP][PASSED] - Statement - counter = counter + 1: null

2018-12-12 09:26:37 - [TEST_STEP][PASSED] - Statement - PreSaveFile = new java.io.File(((pathPrefix + java.lang.Integer.toString(counter)) + .png)): null

2018-12-12 09:26:37 - [TEST_STEP][PASSED] - Statement - counter = counter + 1: null

2018-12-12 09:26:37 - [TEST_STEP][PASSED] - Statement - PreSaveFile = new java.io.File(((pathPrefix + java.lang.Integer.toString(counter)) + .png)): null

2018-12-12 09:26:37 - [TEST_STEP][PASSED] - Statement - counter = counter + 1: null

2018-12-12 09:26:37 - [TEST_STEP][PASSED] - Statement - PreSaveFile = new java.io.File(((pathPrefix + java.lang.Integer.toString(counter)) + .png)): null

2018-12-12 09:26:37 - [TEST_STEP][PASSED] - Statement - counter = counter + 1: null

2018-12-12 09:26:37 - [TEST_STEP][PASSED] - Statement - PreSaveFile = new java.io.File(((pathPrefix + java.lang.Integer.toString(counter)) + .png)): null

2018-12-12 09:26:37 - [TEST_STEP][PASSED] - Statement - counter = counter + 1: null

2018-12-12 09:26:37 - [TEST_STEP][PASSED] - Statement - PreSaveFile = new java.io.File(((pathPrefix + java.lang.Integer.toString(counter)) + .png)): null

2018-12-12 09:26:37 - [TEST_STEP][PASSED] - Statement - counter = counter + 1: null

2018-12-12 09:26:37 - [TEST_STEP][PASSED] - Statement - PreSaveFile = new java.io.File(((pathPrefix + java.lang.Integer.toString(counter)) + .png)): null

2018-12-12 09:26:37 - [TEST_STEP][PASSED] - Statement - counter = counter + 1: null

2018-12-12 09:26:37 - [TEST_STEP][PASSED] - Statement - PreSaveFile = new java.io.File(((pathPrefix + java.lang.Integer.toString(counter)) + .png)): null

2018-12-12 09:26:37 - [TEST_STEP][PASSED] - Statement - counter = counter + 1: null

2018-12-12 09:26:37 - [TEST_STEP][PASSED] - Statement - PreSaveFile = new java.io.File(((pathPrefix + java.lang.Integer.toString(counter)) + .png)): null

2018-12-12 09:26:37 - [TEST_STEP][PASSED] - Statement - counter = counter + 1: null

2018-12-12 09:26:37 - [TEST_STEP][PASSED] - Statement - PreSaveFile = new java.io.File(((pathPrefix + java.lang.Integer.toString(counter)) + .png)): null

2018-12-12 09:26:37 - [TEST_STEP][PASSED] - Statement - counter = counter + 1: null

2018-12-12 09:26:37 - [TEST_STEP][PASSED] - Statement - PreSaveFile = new java.io.File(((pathPrefix + java.lang.Integer.toString(counter)) + .png)): null

2018-12-12 09:26:37 - [TEST_STEP][PASSED] - Statement - counter = counter + 1: null

2018-12-12 09:26:37 - [TEST_STEP][PASSED] - Statement - PreSaveFile = new java.io.File(((pathPrefix + java.lang.Integer.toString(counter)) + .png)): null

2018-12-12 09:26:37 - [TEST_STEP][PASSED] - Statement - counter = counter + 1: null

2018-12-12 09:26:37 - [TEST_STEP][PASSED] - Statement - PreSaveFile = new java.io.File(((pathPrefix + java.lang.Integer.toString(counter)) + .png)): null

2018-12-12 09:26:37 - [TEST_STEP][PASSED] - Statement - counter = counter + 1: null

2018-12-12 09:26:37 - [TEST_STEP][PASSED] - Statement - PreSaveFile = new java.io.File(((pathPrefix + java.lang.Integer.toString(counter)) + .png)): null

2018-12-12 09:26:37 - [TEST_STEP][PASSED] - Statement - counter = counter + 1: null

2018-12-12 09:26:37 - [TEST_STEP][PASSED] - Statement - PreSaveFile = new java.io.File(((pathPrefix + java.lang.Integer.toString(counter)) + .png)): null

2018-12-12 09:26:37 - [TEST_STEP][PASSED] - Statement - counter = counter + 1: null

2018-12-12 09:26:37 - [TEST_STEP][PASSED] - Statement - PreSaveFile = new java.io.File(((pathPrefix + java.lang.Integer.toString(counter)) + .png)): null

2018-12-12 09:26:37 - [TEST_STEP][PASSED] - Statement - counter = counter + 1: null

2018-12-12 09:26:37 - [TEST_STEP][PASSED] - Statement - PreSaveFile = new java.io.File(((pathPrefix + java.lang.Integer.toString(counter)) + .png)): null

2018-12-12 09:26:37 - [TEST_STEP][PASSED] - Statement - counter = counter + 1: null

2018-12-12 09:26:37 - [TEST_STEP][PASSED] - Statement - PreSaveFile = new java.io.File(((pathPrefix + java.lang.Integer.toString(counter)) + .png)): null

2018-12-12 09:26:37 - [TEST_STEP][PASSED] - Statement - counter = counter + 1: null

2018-12-12 09:26:37 - [TEST_STEP][PASSED] - Statement - PreSaveFile = new java.io.File(((pathPrefix + java.lang.Integer.toString(counter)) + .png)): null

2018-12-12 09:26:37 - [TEST_STEP][PASSED] - Statement - counter = counter + 1: null

2018-12-12 09:26:37 - [TEST_STEP][PASSED] - Statement - PreSaveFile = new java.io.File(((pathPrefix + java.lang.Integer.toString(counter)) + .png)): null

2018-12-12 09:26:37 - [TEST_STEP][PASSED] - Statement - counter = counter + 1: null

2018-12-12 09:26:37 - [TEST_STEP][PASSED] - Statement - PreSaveFile = new java.io.File(((pathPrefix + java.lang.Integer.toString(counter)) + .png)): null

2018-12-12 09:26:37 - [TEST_STEP][PASSED] - Statement - counter = counter + 1: null

2018-12-12 09:26:37 - [TEST_STEP][PASSED] - Statement - PreSaveFile = new java.io.File(((pathPrefix + java.lang.Integer.toString(counter)) + .png)): null

2018-12-12 09:26:37 - [TEST_STEP][PASSED] - Statement - counter = counter + 1: null

2018-12-12 09:26:37 - [TEST_STEP][PASSED] - Statement - PreSaveFile = new java.io.File(((pathPrefix + java.lang.Integer.toString(counter)) + .png)): null

2018-12-12 09:26:37 - [TEST_STEP][PASSED] - Statement - counter = counter + 1: null

2018-12-12 09:26:37 - [TEST_STEP][PASSED] - Statement - PreSaveFile = new java.io.File(((pathPrefix + java.lang.Integer.toString(counter)) + .png)): null

2018-12-12 09:26:37 - [TEST_STEP][PASSED] - Statement - counter = counter + 1: null

2018-12-12 09:26:37 - [TEST_STEP][PASSED] - Statement - PreSaveFile = new java.io.File(((pathPrefix + java.lang.Integer.toString(counter)) + .png)): null

2018-12-12 09:26:37 - [TEST_STEP][PASSED] - Statement - counter = counter + 1: null

2018-12-12 09:26:37 - [TEST_STEP][PASSED] - Statement - PreSaveFile = new java.io.File(((pathPrefix + java.lang.Integer.toString(counter)) + .png)): null

2018-12-12 09:26:37 - [TEST_STEP][PASSED] - Statement - counter = counter + 1: null

2018-12-12 09:26:37 - [TEST_STEP][PASSED] - Statement - PreSaveFile = new java.io.File(((pathPrefix + java.lang.Integer.toString(counter)) + .png)): null

2018-12-12 09:26:37 - [TEST_STEP][PASSED] - Statement - counter = counter + 1: null

2018-12-12 09:26:37 - [TEST_STEP][PASSED] - Statement - PreSaveFile = new java.io.File(((pathPrefix + java.lang.Integer.toString(counter)) + .png)): null

2018-12-12 09:26:37 - [TEST_STEP][PASSED] - Statement - counter = counter + 1: null

2018-12-12 09:26:37 - [TEST_STEP][PASSED] - Statement - PreSaveFile = new java.io.File(((pathPrefix + java.lang.Integer.toString(counter)) + .png)): null

2018-12-12 09:26:37 - [TEST_STEP][PASSED] - Statement - counter = counter + 1: null

2018-12-12 09:26:37 - [TEST_STEP][PASSED] - Statement - PreSaveFile = new java.io.File(((pathPrefix + java.lang.Integer.toString(counter)) + .png)): null

2018-12-12 09:26:37 - [TEST_STEP][PASSED] - Statement - counter = counter + 1: null

2018-12-12 09:26:37 - [TEST_STEP][PASSED] - Statement - PreSaveFile = new java.io.File(((pathPrefix + java.lang.Integer.toString(counter)) + .png)): null

2018-12-12 09:26:37 - [TEST_STEP][PASSED] - Statement - counter = counter + 1: null

2018-12-12 09:26:37 - [TEST_STEP][PASSED] - Statement - PreSaveFile = new java.io.File(((pathPrefix + java.lang.Integer.toString(counter)) + .png)): null

2018-12-12 09:26:37 - [TEST_STEP][PASSED] - Statement - counter = counter + 1: null

2018-12-12 09:26:37 - [TEST_STEP][PASSED] - Statement - PreSaveFile = new java.io.File(((pathPrefix + java.lang.Integer.toString(counter)) + .png)): null

2018-12-12 09:26:37 - [TEST_STEP][PASSED] - Statement - counter = counter + 1: null

2018-12-12 09:26:37 - [TEST_STEP][PASSED] - Statement - PreSaveFile = new java.io.File(((pathPrefix + java.lang.Integer.toString(counter)) + .png)): null

2018-12-12 09:26:37 - [TEST_STEP][PASSED] - Statement - counter = counter + 1: null

2018-12-12 09:26:37 - [TEST_STEP][PASSED] - Statement - PreSaveFile = new java.io.File(((pathPrefix + java.lang.Integer.toString(counter)) + .png)): null

2018-12-12 09:26:37 - [TEST_STEP][PASSED] - Statement - counter = counter + 1: null

2018-12-12 09:26:37 - [TEST_STEP][PASSED] - Statement - PreSaveFile = new java.io.File(((pathPrefix + java.lang.Integer.toString(counter)) + .png)): null

2018-12-12 09:26:37 - [TEST_STEP][PASSED] - Statement - counter = counter + 1: null

2018-12-12 09:26:37 - [TEST_STEP][PASSED] - Statement - PreSaveFile = new java.io.File(((pathPrefix + java.lang.Integer.toString(counter)) + .png)): null

2018-12-12 09:26:37 - [TEST_STEP][PASSED] - Statement - counter = counter + 1: null

2018-12-12 09:26:37 - [TEST_STEP][PASSED] - Statement - PreSaveFile = new java.io.File(((pathPrefix + java.lang.Integer.toString(counter)) + .png)): null

2018-12-12 09:26:37 - [TEST_STEP][PASSED] - Statement - counter = counter + 1: null

2018-12-12 09:26:37 - [TEST_STEP][PASSED] - Statement - PreSaveFile = new java.io.File(((pathPrefix + java.lang.Integer.toString(counter)) + .png)): null

2018-12-12 09:26:37 - [TEST_STEP][PASSED] - Statement - counter = counter + 1: null

2018-12-12 09:26:37 - [TEST_STEP][PASSED] - Statement - PreSaveFile = new java.io.File(((pathPrefix + java.lang.Integer.toString(counter)) + .png)): null

2018-12-12 09:26:37 - [TEST_STEP][PASSED] - Statement - counter = counter + 1: null

2018-12-12 09:26:37 - [TEST_STEP][PASSED] - Statement - PreSaveFile = new java.io.File(((pathPrefix + java.lang.Integer.toString(counter)) + .png)): null

2018-12-12 09:26:37 - [TEST_STEP][PASSED] - Statement - counter = counter + 1: null

2018-12-12 09:26:37 - [TEST_STEP][PASSED] - Statement - PreSaveFile = new java.io.File(((pathPrefix + java.lang.Integer.toString(counter)) + .png)): null

2018-12-12 09:26:37 - [TEST_STEP][PASSED] - Statement - counter = counter + 1: null

2018-12-12 09:26:37 - [TEST_STEP][PASSED] - Statement - PreSaveFile = new java.io.File(((pathPrefix + java.lang.Integer.toString(counter)) + .png)): null

2018-12-12 09:26:37 - [TEST_STEP][PASSED] - Statement - counter = counter + 1: null

2018-12-12 09:26:37 - [TEST_STEP][PASSED] - Statement - PreSaveFile = new java.io.File(((pathPrefix + java.lang.Integer.toString(counter)) + .png)): null

2018-12-12 09:26:37 - [TEST_STEP][PASSED] - Statement - counter = counter + 1: null

2018-12-12 09:26:37 - [TEST_STEP][PASSED] - Statement - PreSaveFile = new java.io.File(((pathPrefix + java.lang.Integer.toString(counter)) + .png)): null

2018-12-12 09:26:37 - [TEST_STEP][PASSED] - Statement - counter = counter + 1: null

2018-12-12 09:26:37 - [TEST_STEP][PASSED] - Statement - PreSaveFile = new java.io.File(((pathPrefix + java.lang.Integer.toString(counter)) + .png)): null

2018-12-12 09:26:37 - [TEST_STEP][PASSED] - Statement - counter = counter + 1: null

2018-12-12 09:26:37 - [TEST_STEP][PASSED] - Statement - PreSaveFile = new java.io.File(((pathPrefix + java.lang.Integer.toString(counter)) + .png)): null

2018-12-12 09:26:37 - [TEST_STEP][PASSED] - Statement - counter = counter + 1: null

2018-12-12 09:26:37 - [TEST_STEP][PASSED] - Statement - PreSaveFile = new java.io.File(((pathPrefix + java.lang.Integer.toString(counter)) + .png)): null

2018-12-12 09:26:37 - [TEST_STEP][PASSED] - Statement - counter = counter + 1: null

2018-12-12 09:26:37 - [TEST_STEP][PASSED] - Statement - PreSaveFile = new java.io.File(((pathPrefix + java.lang.Integer.toString(counter)) + .png)): null

2018-12-12 09:26:37 - [TEST_STEP][PASSED] - Statement - counter = counter + 1: null

2018-12-12 09:26:37 - [TEST_STEP][PASSED] - Statement - PreSaveFile = new java.io.File(((pathPrefix + java.lang.Integer.toString(counter)) + .png)): null

2018-12-12 09:26:37 - [TEST_STEP][PASSED] - Statement - counter = counter + 1: null

2018-12-12 09:26:37 - [TEST_STEP][PASSED] - Statement - PreSaveFile = new java.io.File(((pathPrefix + java.lang.Integer.toString(counter)) + .png)): null

2018-12-12 09:26:37 - [TEST_STEP][PASSED] - Statement - counter = counter + 1: null

2018-12-12 09:26:37 - [TEST_STEP][PASSED] - Statement - PreSaveFile = new java.io.File(((pathPrefix + java.lang.Integer.toString(counter)) + .png)): null

2018-12-12 09:26:37 - [TEST_STEP][PASSED] - Statement - counter = counter + 1: null

2018-12-12 09:26:37 - [TEST_STEP][PASSED] - Statement - PreSaveFile = new java.io.File(((pathPrefix + java.lang.Integer.toString(counter)) + .png)): null

2018-12-12 09:26:37 - [TEST_STEP][PASSED] - Statement - counter = counter + 1: null

2018-12-12 09:26:37 - [TEST_STEP][PASSED] - Statement - PreSaveFile = new java.io.File(((pathPrefix + java.lang.Integer.toString(counter)) + .png)): null

2018-12-12 09:26:37 - [TEST_STEP][PASSED] - Statement - counter = counter + 1: null

2018-12-12 09:26:37 - [TEST_STEP][PASSED] - Statement - PreSaveFile = new java.io.File(((pathPrefix + java.lang.Integer.toString(counter)) + .png)): null

2018-12-12 09:26:37 - [TEST_STEP][PASSED] - Statement - counter = counter + 1: null

2018-12-12 09:26:37 - [TEST_STEP][PASSED] - Statement - PreSaveFile = new java.io.File(((pathPrefix + java.lang.Integer.toString(counter)) + .png)): null

2018-12-12 09:26:37 - [TEST_STEP][PASSED] - Statement - counter = counter + 1: null

2018-12-12 09:26:37 - [TEST_STEP][PASSED] - Statement - PreSaveFile = new java.io.File(((pathPrefix + java.lang.Integer.toString(counter)) + .png)): null

2018-12-12 09:26:37 - [TEST_STEP][PASSED] - Statement - counter = counter + 1: null

2018-12-12 09:26:37 - [TEST_STEP][PASSED] - Statement - PreSaveFile = new java.io.File(((pathPrefix + java.lang.Integer.toString(counter)) + .png)): null

2018-12-12 09:26:37 - [TEST_STEP][PASSED] - Statement - counter = counter + 1: null

2018-12-12 09:26:37 - [TEST_STEP][PASSED] - Statement - PreSaveFile = new java.io.File(((pathPrefix + java.lang.Integer.toString(counter)) + .png)): null

2018-12-12 09:26:37 - [TEST_STEP][PASSED] - Statement - counter = counter + 1: null

2018-12-12 09:26:37 - [TEST_STEP][PASSED] - Statement - PreSaveFile = new java.io.File(((pathPrefix + java.lang.Integer.toString(counter)) + .png)): null

2018-12-12 09:26:37 - [TEST_STEP][PASSED] - Statement - counter = counter + 1: null

2018-12-12 09:26:37 - [TEST_STEP][PASSED] - Statement - PreSaveFile = new java.io.File(((pathPrefix + java.lang.Integer.toString(counter)) + .png)): null

2018-12-12 09:26:37 - [TEST_STEP][PASSED] - Statement - counter = counter + 1: null

2018-12-12 09:26:37 - [TEST_STEP][PASSED] - Statement - PreSaveFile = new java.io.File(((pathPrefix + java.lang.Integer.toString(counter)) + .png)): null

2018-12-12 09:26:37 - [TEST_STEP][PASSED] - Statement - counter = counter + 1: null

2018-12-12 09:26:37 - [TEST_STEP][PASSED] - Statement - PreSaveFile = new java.io.File(((pathPrefix + java.lang.Integer.toString(counter)) + .png)): null

2018-12-12 09:26:37 - [TEST_STEP][PASSED] - Statement - counter = counter + 1: null

2018-12-12 09:26:37 - [TEST_STEP][PASSED] - Statement - PreSaveFile = new java.io.File(((pathPrefix + java.lang.Integer.toString(counter)) + .png)): null

2018-12-12 09:26:37 - [TEST_STEP][PASSED] - Statement - counter = counter + 1: null

2018-12-12 09:26:37 - [TEST_STEP][PASSED] - Statement - PreSaveFile = new java.io.File(((pathPrefix + java.lang.Integer.toString(counter)) + .png)): null

2018-12-12 09:26:37 - [TEST_STEP][PASSED] - Statement - counter = counter + 1: null

2018-12-12 09:26:37 - [TEST_STEP][PASSED] - Statement - PreSaveFile = new java.io.File(((pathPrefix + java.lang.Integer.toString(counter)) + .png)): null

2018-12-12 09:26:37 - [TEST_STEP][PASSED] - Statement - finalPath = pathPrefix + java.lang.Integer.toString(counter) + ".png": null

2018-12-12 09:26:37 - [TEST_STEP][PASSED] - Statement - SaveFile = new java.io.File(finalPath): null

2018-12-12 09:26:37 - [TEST_STEP][PASSED] - Statement - Try: null

2018-12-12 09:26:37 - [TEST_STEP][PASSED] - Statement - org.apache.commons.io.FileUtils.copyFile(scrFile, SaveFile): null

2018-12-12 09:26:37 - [TEST_STEP][PASSED] - Statement - out.println("file kept"): null

2018-12-12 09:26:37 - [TEST_STEP][PASSED] - delay: Delayed 10 second(s)

2018-12-12 09:26:47 - [MESSAGE][PASSED] - Delayed 10 second(s)

2018-12-12 09:26:47 - [MESSAGE][PASSED] - Call Test Case 'Test Cases/Final Aug 2018 - PKS Automation/Registration Module/New Registration/Submit and Screenshot/Submit Registration and Screenshot - Copy' successfully

2018-12-12 09:26:47 - [TEST_STEP][PASSED] - Statement - UpdateAddNewECode = com.kms.katalon.core.webui.keyword.WebUiBuiltInKeywords.getText(com.kms.katalon.core.testobject.ObjectRepository.findTestObject(Object Repository/Final Object Repo/Page_Update Add New Employee - ASSIST/getEmpCode)): Text of object 'Object Repository/Final Object Repo/Page_Update Add New Employee - ASSIST/getEmpCode' is: 'E1102070768A'

2018-12-12 09:26:47 - [MESSAGE][PASSED] - Text of object 'Object Repository/Final Object Repo/Page_Update Add New Employee - ASSIST/getEmpCode' is: 'E1102070768A'

2018-12-12 09:26:47 - [TEST_STEP][PASSED] - callTestCase: Call Test Case 'Test Cases/Final Aug 2018 - PKS Automation/Common/Emp Code Setter' successfully

2018-12-12 09:26:47 - [TEST_CASE][PASSED] - Test Cases/Final Aug 2018 - PKS Automation/Common/Emp Code Setter: Test Cases/Final Aug 2018 - PKS Automation/Common/Emp Code Setter

2018-12-12 09:26:48 - [TEST_STEP][PASSED] - Statement - EmpCodeOld = new java.io.File(C://Users//Admin//Desktop//PKS//Automation Reference Point//EmpCode.txt): null

2018-12-12 09:26:48 - [TEST_STEP][PASSED] - Statement - EmpCodeOld.delete(): null

2018-12-12 09:26:48 - [TEST_STEP][PASSED] - Statement - EmpCode = new java.io.File(C://Users//Admin//Desktop//PKS//Automation Reference Point//EmpCode.txt): null

2018-12-12 09:26:48 - [TEST_STEP][PASSED] - Statement - f2 = new java.io.FileWriter(EmpCode, false): null

2018-12-12 09:26:48 - [TEST_STEP][PASSED] - Statement - f2.write(UpdateAddNewECode): null

2018-12-12 09:26:48 - [TEST_STEP][PASSED] - Statement - f2.close(): null

2018-12-12 09:26:48 - [TEST_STEP][PASSED] - Statement - out.println("


" + UpdateAddNewECode + "


"): null

2018-12-12 09:26:48 - [MESSAGE][PASSED] - Call Test Case 'Test Cases/Final Aug 2018 - PKS Automation/Common/Emp Code Setter' successfully

2018-12-12 09:26:48 - [MESSAGE][PASSED] - Call Test Case 'Test Cases/Final Aug 2018 - PKS Automation/Registration Module/Workflow/Update Add New Employee/Template/New Company for Update Add New - Employer' successfully

2018-12-12 09:26:48 - [TEST_STEP][PASSED] - callTestCase: Call Test Case 'Test Cases/Final Aug 2018 - PKS Automation/Create Employer Acc/Login to Employer Account (Second time)' successfully

2018-12-12 09:26:48 - [TEST_CASE][PASSED] - Test Cases/Final Aug 2018 - PKS Automation/Create Employer Acc/Login to Employer Account (Second time): Test Cases/Final Aug 2018 - PKS Automation/Create Employer Acc/Login to Employer Account (Second time)

2018-12-12 09:26:48 - [TEST_STEP][PASSED] - openBrowser: Browser is opened with url: ''

2018-12-12 09:26:48 - [MESSAGE][WARNING] - A browser is already opened. Closing browser and opening a new one

2018-12-12 09:26:52 - [MESSAGE][PASSED] - Browser is opened with url: ''

2018-12-12 09:26:52 - [TEST_STEP][PASSED] - navigateToUrl: Navigate to 'https://assist2-uat.perkeso.gov.my/employer/login' successfully

2018-12-12 09:26:53 - [MESSAGE][PASSED] - Navigate to 'https://assist2-uat.perkeso.gov.my/employer/login' successfully

2018-12-12 09:26:53 - [TEST_STEP][PASSED] - delay: Delayed 3 second(s)

2018-12-12 09:26:56 - [MESSAGE][PASSED] - Delayed 3 second(s)

2018-12-12 09:26:56 - [TEST_STEP][PASSED] - callTestCase: Call Test Case 'Test Cases/Final Aug 2018 - PKS Automation/Create Employer Acc/Template/Employer Email Getter' successfully

2018-12-12 09:26:56 - [TEST_CASE][PASSED] - Test Cases/Final Aug 2018 - PKS Automation/Create Employer Acc/Template/Employer Email Getter: Test Cases/Final Aug 2018 - PKS Automation/Create Employer Acc/Template/Employer Email Getter

2018-12-12 09:26:56 - [TEST_STEP][PASSED] - Statement - Try: null

2018-12-12 09:26:56 - [TEST_STEP][PASSED] - Statement - EmpEmail = new java.io.File(C://Users//Admin//Desktop//PKS//Automation Reference Point//EmpEmail.txt): null

2018-12-12 09:26:56 - [TEST_STEP][PASSED] - Statement - bufferread = new java.io.BufferedReader(new java.io.FileReader(EmpEmail)): null

2018-12-12 09:26:56 - [TEST_STEP][PASSED] - Statement - readedVal = bufferread.readLine(): null

2018-12-12 09:26:56 - [TEST_STEP][PASSED] - Statement - out.println(readedVal): null

2018-12-12 09:26:56 - [TEST_STEP][PASSED] - Statement - Email = readedVal: null

2018-12-12 09:26:56 - [MESSAGE][PASSED] - Call Test Case 'Test Cases/Final Aug 2018 - PKS Automation/Create Employer Acc/Template/Employer Email Getter' successfully

2018-12-12 09:26:56 - [TEST_STEP][PASSED] - setText: Text 'perkeso770113896404@gmail.com' is set on object 'Object Repository/Final Object Repo/Login Page/External Login Page/Email'

2018-12-12 09:26:57 - [MESSAGE][PASSED] - Text 'perkeso770113896404@gmail.com' is set on object 'Object Repository/Final Object Repo/Login Page/External Login Page/Email'

2018-12-12 09:26:57 - [TEST_STEP][PASSED] - click: Object: 'Object Repository/Final Object Repo/Login Page/External Login Page/Next' is clicked on

2018-12-12 09:26:57 - [MESSAGE][PASSED] - Object: 'Object Repository/Final Object Repo/Login Page/External Login Page/Next' is clicked on

2018-12-12 09:26:57 - [TEST_STEP][PASSED] - delay: Delayed 3 second(s)

2018-12-12 09:27:00 - [MESSAGE][PASSED] - Delayed 3 second(s)

2018-12-12 09:27:00 - [TEST_STEP][PASSED] - setEncryptedText: Text ****** has been set on object 'Object Repository/Final Object Repo/Login Page/External Login Page/Password'

2018-12-12 09:27:00 - [MESSAGE][PASSED] - Text ****** has been set on object 'Object Repository/Final Object Repo/Login Page/External Login Page/Password'

2018-12-12 09:27:00 - [TEST_STEP][PASSED] - click: Object: 'Object Repository/Final Object Repo/Login Page/External Login Page/Login' is clicked on

2018-12-12 09:27:00 - [MESSAGE][PASSED] - Object: 'Object Repository/Final Object Repo/Login Page/External Login Page/Login' is clicked on

2018-12-12 09:27:00 - [TEST_STEP][PASSED] - delay: Delayed 5 second(s)

2018-12-12 09:27:05 - [MESSAGE][PASSED] - Delayed 5 second(s)

2018-12-12 09:27:05 - [MESSAGE][PASSED] - Call Test Case 'Test Cases/Final Aug 2018 - PKS Automation/Create Employer Acc/Login to Employer Account (Second time)' successfully

2018-12-12 09:27:05 - [TEST_STEP][PASSED] - Statement - Try: Delayed 2 second(s)

2018-12-12 09:27:05 - [TEST_STEP][PASSED] - Statement - Checker = false: null

2018-12-12 09:27:05 - [TEST_STEP][PASSED] - Statement - Checker = com.kms.katalon.core.webui.keyword.WebUiBuiltInKeywords.verifyElementHasAttribute(com.kms.katalon.core.testobject.ObjectRepository.findTestObject(Final Object Repo/Landing Page/BM Detecting), "href", 20, OPTIONAL): Object 'Object Repository/Final Object Repo/Landing Page/BM Detecting' has attribute 'href'

2018-12-12 09:27:06 - [MESSAGE][PASSED] - Object 'Object Repository/Final Object Repo/Landing Page/BM Detecting' has attribute 'href'

2018-12-12 09:27:06 - [TEST_STEP][PASSED] - Statement - out.println(Checker): null

2018-12-12 09:27:06 - [TEST_STEP][PASSED] - Statement - If (Checker == false): null

2018-12-12 09:27:06 - [TEST_STEP][PASSED] - Statement - Else: null

2018-12-12 09:27:06 - [TEST_STEP][PASSED] - delay: Delayed 2 second(s)

2018-12-12 09:27:08 - [MESSAGE][PASSED] - Delayed 2 second(s)

2018-12-12 09:27:08 - [TEST_STEP][PASSED] - navigateToUrl: Navigate to 'https://assist2-uat.perkeso.gov.my/web/registration/update/update-employee-information-employer-' successfully

2018-12-12 09:27:09 - [MESSAGE][PASSED] - Navigate to 'https://assist2-uat.perkeso.gov.my/web/registration/update/update-employee-information-employer-' successfully

2018-12-12 09:27:09 - [TEST_STEP][PASSED] - click: Object: 'Object Repository/Final Object Repo/Page_Update Employee Information By Employer/Edit Button' is clicked on

2018-12-12 09:27:11 - [MESSAGE][PASSED] - Object: 'Object Repository/Final Object Repo/Page_Update Employee Information By Employer/Edit Button' is clicked on

2018-12-12 09:27:11 - [TEST_STEP][PASSED] - click: Object: 'Object Repository/Final Object Repo/Page_Update Employee Information By Employer/Employee Name or New Identification' is clicked on

2018-12-12 09:27:12 - [MESSAGE][PASSED] - Object: 'Object Repository/Final Object Repo/Page_Update Employee Information By Employer/Employee Name or New Identification' is clicked on

2018-12-12 09:27:12 - [TEST_STEP][PASSED] - delay: Delayed 1 second(s)

2018-12-12 09:27:13 - [MESSAGE][PASSED] - Delayed 1 second(s)

2018-12-12 09:27:13 - [TEST_STEP][PASSED] - click: Object: 'Object Repository/Final Object Repo/Page_Update Employee Information By Employer/Selection - Employee Name' is clicked on

2018-12-12 09:27:13 - [MESSAGE][PASSED] - Object: 'Object Repository/Final Object Repo/Page_Update Employee Information By Employer/Selection - Employee Name' is clicked on

2018-12-12 09:27:13 - [TEST_STEP][PASSED] - delay: Delayed 1 second(s)

2018-12-12 09:27:14 - [MESSAGE][PASSED] - Delayed 1 second(s)

2018-12-12 09:27:14 - [TEST_STEP][PASSED] - setText: Text 'AUTOMATE001 ELIGIBLE 1' is set on object 'Object Repository/Final Object Repo/Page_Update Employee Information By Employer/Employee Name'

2018-12-12 09:27:14 - [MESSAGE][PASSED] - Text 'AUTOMATE001 ELIGIBLE 1' is set on object 'Object Repository/Final Object Repo/Page_Update Employee Information By Employer/Employee Name'

2018-12-12 09:27:14 - [TEST_STEP][PASSED] - delay: Delayed 2 second(s)

2018-12-12 09:27:16 - [MESSAGE][PASSED] - Delayed 2 second(s)

2018-12-12 09:27:16 - [TEST_STEP][PASSED] - click: Object: 'Object Repository/Final Object Repo/Page_Update Employee Information By Employer/Search Employee' is clicked on

2018-12-12 09:27:16 - [MESSAGE][PASSED] - Object: 'Object Repository/Final Object Repo/Page_Update Employee Information By Employer/Search Employee' is clicked on

2018-12-12 09:27:16 - [TEST_STEP][PASSED] - delay: Delayed 3 second(s)

2018-12-12 09:27:19 - [MESSAGE][PASSED] - Delayed 3 second(s)

2018-12-12 09:27:19 - [TEST_STEP][PASSED] - click: Object: 'Object Repository/Final Object Repo/Page_Update Employee Information By Employer/Employee Edit Button' is clicked on

2018-12-12 09:27:20 - [MESSAGE][PASSED] - Object: 'Object Repository/Final Object Repo/Page_Update Employee Information By Employer/Employee Edit Button' is clicked on

2018-12-12 09:27:20 - [TEST_STEP][PASSED] - delay: Delayed 3 second(s)

2018-12-12 09:27:23 - [MESSAGE][PASSED] - Delayed 3 second(s)

2018-12-12 09:27:23 - [TEST_STEP][PASSED] - setText: Text '' is set on object 'Object Repository/Final Object Repo/Page_Update Employee Information By Employer/Identification Number'

2018-12-12 09:27:23 - [MESSAGE][PASSED] - Text '' is set on object 'Object Repository/Final Object Repo/Page_Update Employee Information By Employer/Identification Number'

2018-12-12 09:27:23 - [TEST_STEP][PASSED] - Statement - rnd = new java.util.Random(): null

2018-12-12 09:27:23 - [TEST_STEP][PASSED] - Statement - snum = rnd.nextInt(899999 + 1) + 100000: null

2018-12-12 09:27:23 - [TEST_STEP][PASSED] - Statement - tnum = rnd.nextInt(899999 + 1) + 100000: null

2018-12-12 09:27:23 - [TEST_STEP][PASSED] - Statement - IC = java.lang.Integer.toString(snum) + java.lang.Integer.toString(tnum): null

2018-12-12 09:27:23 - [TEST_STEP][PASSED] - Statement - out.println(IC): null

2018-12-12 09:27:23 - [TEST_STEP][PASSED] - setText: Text '788273212805' is set on object 'Object Repository/Final Object Repo/Page_Update Employee Information By Employer/Identification Number'

2018-12-12 09:27:23 - [MESSAGE][PASSED] - Text '788273212805' is set on object 'Object Repository/Final Object Repo/Page_Update Employee Information By Employer/Identification Number'

2018-12-12 09:27:23 - [TEST_STEP][PASSED] - click: Object: 'Object Repository/Final Object Repo/Page_Update Employee Information By Employer/Save' is clicked on

2018-12-12 09:27:23 - [MESSAGE][PASSED] - Object: 'Object Repository/Final Object Repo/Page_Update Employee Information By Employer/Save' is clicked on

2018-12-12 09:27:23 - [TEST_STEP][PASSED] - delay: Delayed 5 second(s)

2018-12-12 09:27:28 - [MESSAGE][PASSED] - Delayed 5 second(s)

2018-12-12 09:27:28 - [TEST_STEP][PASSED] - Statement - CaseReferenceNo = com.kms.katalon.core.webui.keyword.WebUiBuiltInKeywords.getText(com.kms.katalon.core.testobject.ObjectRepository.findTestObject(Final Object Repo/Reference Number/Reference Number in Update Employee Information Page)): Text of object 'Object Repository/Final Object Repo/Reference Number/Reference Number in Update Employee Information Page' is: 'CUN122018C100005967'

2018-12-12 09:27:28 - [MESSAGE][PASSED] - Text of object 'Object Repository/Final Object Repo/Reference Number/Reference Number in Update Employee Information Page' is: 'CUN122018C100005967'

2018-12-12 09:27:28 - [TEST_STEP][PASSED] - callTestCase: Call Test Case 'Test Cases/Final Aug 2018 - PKS Automation/Common/Reference Number Setter' successfully

2018-12-12 09:27:29 - [TEST_CASE][PASSED] - Test Cases/Final Aug 2018 - PKS Automation/Common/Reference Number Setter: Test Cases/Final Aug 2018 - PKS Automation/Common/Reference Number Setter

2018-12-12 09:27:29 - [TEST_STEP][PASSED] - Statement - RefNoOldFile = new java.io.File(C://Users//Admin//Desktop//PKS//Automation Reference Point//KatalonReference.txt): null

2018-12-12 09:27:29 - [TEST_STEP][PASSED] - Statement - RefNoOldFile.delete(): null

2018-12-12 09:27:29 - [TEST_STEP][PASSED] - delay: Delayed 5 second(s)

2018-12-12 09:27:34 - [MESSAGE][PASSED] - Delayed 5 second(s)

2018-12-12 09:27:34 - [TEST_STEP][PASSED] - Statement - RefNo = new java.io.File(C://Users//Admin//Desktop//PKS//Automation Reference Point//KatalonReference.txt): null

2018-12-12 09:27:34 - [TEST_STEP][PASSED] - Statement - f2 = new java.io.FileWriter(RefNo, false): null

2018-12-12 09:27:34 - [TEST_STEP][PASSED] - Statement - f2.write(CaseReferenceNo): null

2018-12-12 09:27:34 - [TEST_STEP][PASSED] - Statement - f2.close(): null

2018-12-12 09:27:34 - [TEST_STEP][PASSED] - Statement - out.println("


" + CaseReferenceNo + "


"): null

2018-12-12 09:27:34 - [MESSAGE][PASSED] - Call Test Case 'Test Cases/Final Aug 2018 - PKS Automation/Common/Reference Number Setter' successfully

2018-12-12 09:27:34 - [TEST_STEP][PASSED] - delay: Delayed 5 second(s)

2018-12-12 09:27:39 - [MESSAGE][PASSED] - Delayed 5 second(s)

2018-12-12 09:27:39 - [TEST_STEP][PASSED] - click: Object: 'Object Repository/Final Object Repo/Page_Update Employee Information By Employer/Save  Continue in  Employee Information Page' is clicked on

2018-12-12 09:27:39 - [MESSAGE][PASSED] - Object: 'Object Repository/Final Object Repo/Page_Update Employee Information By Employer/Save  Continue in  Employee Information Page' is clicked on

2018-12-12 09:27:39 - [TEST_STEP][PASSED] - delay: Delayed 5 second(s)

2018-12-12 09:27:44 - [MESSAGE][PASSED] - Delayed 5 second(s)

2018-12-12 09:27:44 - [TEST_STEP][PASSED] - click: Object: 'Object Repository/Final Object Repo/Page_Update Employee Information By Employer/Save  Continue in Uploading Page 1' is clicked on

2018-12-12 09:27:44 - [MESSAGE][PASSED] - Object: 'Object Repository/Final Object Repo/Page_Update Employee Information By Employer/Save  Continue in Uploading Page 1' is clicked on

2018-12-12 09:27:44 - [TEST_STEP][PASSED] - delay: Delayed 5 second(s)

2018-12-12 09:27:49 - [MESSAGE][PASSED] - Delayed 5 second(s)

2018-12-12 09:27:49 - [TEST_STEP][PASSED] - click: Object: 'Object Repository/Final Object Repo/Page_Update Employee Information By Employer/Submit' is clicked on

2018-12-12 09:27:49 - [MESSAGE][PASSED] - Object: 'Object Repository/Final Object Repo/Page_Update Employee Information By Employer/Submit' is clicked on

2018-12-12 09:27:49 - [TEST_STEP][PASSED] - delay: Delayed 5 second(s)

2018-12-12 09:27:54 - [MESSAGE][PASSED] - Delayed 5 second(s)

2018-12-12 09:27:54 - [TEST_STEP][PASSED] - click: Object: 'Object Repository/Final Object Repo/Page_Update Employee Information By Employer/Confirm' is clicked on

2018-12-12 09:27:54 - [MESSAGE][PASSED] - Object: 'Object Repository/Final Object Repo/Page_Update Employee Information By Employer/Confirm' is clicked on

2018-12-12 09:27:54 - [TEST_STEP][PASSED] - delay: Delayed 5 second(s)

2018-12-12 09:27:59 - [MESSAGE][PASSED] - Delayed 5 second(s)

2018-12-12 09:27:59 - [TEST_STEP][PASSED] - verifyElementVisible: Object 'Object Repository/Final Object Repo/Page_Update Employee Information By Employer/Successfull Message Routed to UO' is visible

2018-12-12 09:27:59 - [MESSAGE][PASSED] - Object 'Object Repository/Final Object Repo/Page_Update Employee Information By Employer/Successfull Message Routed to UO' is visible

2018-12-12 09:27:59 - [MESSAGE][PASSED] - Call Test Case 'Test Cases/Final Aug 2018 - PKS Automation/Registration Module/Workflow/Update Employee Information (Employer)/Template/Update Employer Information - Special Case (Employer)' successfully

2018-12-12 09:27:59 - [TEST_STEP][PASSED] - callTestCase: Call Test Case 'Test Cases/Final Aug 2018 - PKS Automation/Registration Module/Workflow/Update Employee Information (Employer)/Template/Update Employee Information - Special Case - UO (Approve)' successfully

2018-12-12 09:28:00 - [TEST_CASE][PASSED] - Test Cases/Final Aug 2018 - PKS Automation/Registration Module/Workflow/Update Employee Information (Employer)/Template/Update Employee Information - Special Case - UO (Approve): Test Cases/Final Aug 2018 - PKS Automation/Registration Module/Workflow/Update Employee Information (Employer)/Template/Update Employee Information - Special Case - UO (Approve)

2018-12-12 09:28:00 - [TEST_STEP][NOT_RUN] - callTestCase: NOT_RUN: callTestCase

2018-12-12 09:28:00 - [MESSAGE][NOT_RUN] - NOT_RUN: callTestCase

2018-12-12 09:28:00 - [TEST_STEP][PASSED] - delay: Delayed 2 second(s)

2018-12-12 09:28:02 - [MESSAGE][PASSED] - Delayed 2 second(s)

2018-12-12 09:28:02 - [TEST_STEP][PASSED] - navigateToUrl: Navigate to 'https://assist2-uat.perkeso.gov.my/c/portal/logout' successfully

2018-12-12 09:28:03 - [MESSAGE][PASSED] - Navigate to 'https://assist2-uat.perkeso.gov.my/c/portal/logout' successfully

2018-12-12 09:28:03 - [TEST_STEP][PASSED] - delay: Delayed 2 second(s)

2018-12-12 09:28:05 - [MESSAGE][PASSED] - Delayed 2 second(s)

2018-12-12 09:28:05 - [TEST_STEP][PASSED] - callTestCase: Call Test Case 'Test Cases/Final Aug 2018 - PKS Automation/Common/Reference Number Getter' successfully

2018-12-12 09:28:05 - [TEST_CASE][PASSED] - Test Cases/Final Aug 2018 - PKS Automation/Common/Reference Number Getter: Test Cases/Final Aug 2018 - PKS Automation/Common/Reference Number Getter

2018-12-12 09:28:05 - [TEST_STEP][PASSED] - Statement - Try: null

2018-12-12 09:28:05 - [TEST_STEP][PASSED] - Statement - RefNo = new java.io.File(C://Users//Admin//Desktop//PKS//Automation Reference Point//KatalonReference.txt): null

2018-12-12 09:28:05 - [TEST_STEP][PASSED] - Statement - bufferread = new java.io.BufferedReader(new java.io.FileReader(RefNo)): null

2018-12-12 09:28:05 - [TEST_STEP][PASSED] - Statement - readedVal = bufferread.readLine(): null

2018-12-12 09:28:05 - [TEST_STEP][PASSED] - Statement - out.println(CaseReferenceNo): null

2018-12-12 09:28:05 - [TEST_STEP][PASSED] - Statement - out.println(readedVal): null

2018-12-12 09:28:05 - [TEST_STEP][PASSED] - Statement - CaseReferenceNo = "": null

2018-12-12 09:28:05 - [TEST_STEP][PASSED] - Statement - CaseReferenceNo = readedVal: null

2018-12-12 09:28:05 - [MESSAGE][PASSED] - Call Test Case 'Test Cases/Final Aug 2018 - PKS Automation/Common/Reference Number Getter' successfully

2018-12-12 09:28:05 - [TEST_STEP][PASSED] - callTestCase: Call Test Case 'Test Cases/Final Aug 2018 - PKS Automation/Common/Workflow Owner Finder' successfully

2018-12-12 09:28:05 - [TEST_CASE][PASSED] - Test Cases/Final Aug 2018 - PKS Automation/Common/Workflow Owner Finder: Test Cases/Final Aug 2018 - PKS Automation/Common/Workflow Owner Finder

2018-12-12 09:28:05 - [TEST_STEP][PASSED] - openBrowser: Browser is opened with url: ''

2018-12-12 09:28:05 - [MESSAGE][WARNING] - A browser is already opened. Closing browser and opening a new one

2018-12-12 09:28:10 - [MESSAGE][PASSED] - Browser is opened with url: ''

2018-12-12 09:28:10 - [TEST_STEP][PASSED] - navigateToUrl: Navigate to 'https://assist2-uat.perkeso.gov.my/login' successfully

2018-12-12 09:28:11 - [MESSAGE][PASSED] - Navigate to 'https://assist2-uat.perkeso.gov.my/login' successfully

2018-12-12 09:28:11 - [TEST_STEP][PASSED] - delay: Delayed 5 second(s)

2018-12-12 09:28:16 - [MESSAGE][PASSED] - Delayed 5 second(s)

2018-12-12 09:28:16 - [TEST_STEP][PASSED] - setText: Text 'test@liferay.com' is set on object 'Object Repository/Final Object Repo/Login Page/Internal User/Email Address'

2018-12-12 09:28:16 - [MESSAGE][PASSED] - Text 'test@liferay.com' is set on object 'Object Repository/Final Object Repo/Login Page/Internal User/Email Address'

2018-12-12 09:28:16 - [TEST_STEP][PASSED] - click: Object: 'Object Repository/Final Object Repo/Login Page/Internal User/Next Button' is clicked on

2018-12-12 09:28:17 - [MESSAGE][PASSED] - Object: 'Object Repository/Final Object Repo/Login Page/Internal User/Next Button' is clicked on

2018-12-12 09:28:17 - [TEST_STEP][PASSED] - delay: Delayed 2 second(s)

2018-12-12 09:28:19 - [MESSAGE][PASSED] - Delayed 2 second(s)

2018-12-12 09:28:19 - [TEST_STEP][PASSED] - setText: Text 'test' is set on object 'Object Repository/Final Object Repo/Login Page/Internal User/Password'

2018-12-12 09:28:19 - [MESSAGE][PASSED] - Text 'test' is set on object 'Object Repository/Final Object Repo/Login Page/Internal User/Password'

2018-12-12 09:28:19 - [TEST_STEP][PASSED] - delay: Delayed 2 second(s)

2018-12-12 09:28:21 - [MESSAGE][PASSED] - Delayed 2 second(s)

2018-12-12 09:28:21 - [TEST_STEP][PASSED] - click: Object: 'Object Repository/Final Object Repo/Login Page/Internal User/Login Button' is clicked on

2018-12-12 09:28:21 - [MESSAGE][PASSED] - Object: 'Object Repository/Final Object Repo/Login Page/Internal User/Login Button' is clicked on

2018-12-12 09:28:21 - [TEST_STEP][PASSED] - Statement - tester = com.kms.katalon.core.testobject.ObjectRepository.findTestObject(Final Object Repo/Landing Page/Select to English): Finding Test Object with id 'Object Repository/Final Object Repo/Landing Page/Select to English'

2018-12-12 09:28:21 - [TEST_STEP][PASSED] - Statement - Try: Delayed 2 second(s)

2018-12-12 09:28:21 - [TEST_STEP][PASSED] - Statement - Checker = com.kms.katalon.core.webui.keyword.WebUiBuiltInKeywords.verifyElementNotPresent(tester, 3): Web element with id: 'Object Repository/Final Object Repo/Landing Page/Select to English' located by 'By.xpath: //a[@class = 'taglib-language-list-text' and @lang = 'en-US' and (contains(text(), 'EN') or contains(., 'EN'))]' is not present after '3' second(s)

2018-12-12 09:28:23 - [MESSAGE][PASSED] - Web element with id: 'Object Repository/Final Object Repo/Landing Page/Select to English' located by 'By.xpath: //a[@class = 'taglib-language-list-text' and @lang = 'en-US' and (contains(text(), 'EN') or contains(., 'EN'))]' is not present after '3' second(s)

2018-12-12 09:28:23 - [TEST_STEP][PASSED] - Statement - If (Checker == false): null

2018-12-12 09:28:23 - [TEST_STEP][PASSED] - delay: Delayed 2 second(s)

2018-12-12 09:28:25 - [MESSAGE][PASSED] - Delayed 2 second(s)

2018-12-12 09:28:25 - [TEST_STEP][PASSED] - delay: Delayed 5 second(s)

2018-12-12 09:28:30 - [MESSAGE][PASSED] - Delayed 5 second(s)

2018-12-12 09:28:30 - [TEST_STEP][PASSED] - mouseOver: Object: 'Object Repository/Final Object Repo/Landing Page/WorkFlow Menu' is hovered

2018-12-12 09:28:30 - [MESSAGE][PASSED] - Object: 'Object Repository/Final Object Repo/Landing Page/WorkFlow Menu' is hovered

2018-12-12 09:28:30 - [TEST_STEP][PASSED] - delay: Delayed 2 second(s)

2018-12-12 09:28:32 - [MESSAGE][PASSED] - Delayed 2 second(s)

2018-12-12 09:28:32 - [TEST_STEP][PASSED] - click: Object: 'Object Repository/Final Object Repo/Landing Page/Select to Workflow Listing' is clicked on

2018-12-12 09:28:33 - [MESSAGE][PASSED] - Object: 'Object Repository/Final Object Repo/Landing Page/Select to Workflow Listing' is clicked on

2018-12-12 09:28:33 - [TEST_STEP][PASSED] - delay: Delayed 2 second(s)

2018-12-12 09:28:35 - [MESSAGE][PASSED] - Delayed 2 second(s)

2018-12-12 09:28:35 - [TEST_STEP][PASSED] - click: Object: 'Object Repository/Final Object Repo/WorkFlow Listing Page/Search Information - To Put Ref No' is clicked on

2018-12-12 09:28:35 - [MESSAGE][PASSED] - Object: 'Object Repository/Final Object Repo/WorkFlow Listing Page/Search Information - To Put Ref No' is clicked on

2018-12-12 09:28:35 - [TEST_STEP][PASSED] - delay: Delayed 2 second(s)

2018-12-12 09:28:37 - [MESSAGE][PASSED] - Delayed 2 second(s)

2018-12-12 09:28:37 - [TEST_STEP][PASSED] - callTestCase: Call Test Case 'Test Cases/Final Aug 2018 - PKS Automation/Common/Reference Number Getter' successfully

2018-12-12 09:28:37 - [TEST_CASE][PASSED] - Test Cases/Final Aug 2018 - PKS Automation/Common/Reference Number Getter: Test Cases/Final Aug 2018 - PKS Automation/Common/Reference Number Getter

2018-12-12 09:28:37 - [TEST_STEP][PASSED] - Statement - Try: null

2018-12-12 09:28:37 - [TEST_STEP][PASSED] - Statement - RefNo = new java.io.File(C://Users//Admin//Desktop//PKS//Automation Reference Point//KatalonReference.txt): null

2018-12-12 09:28:37 - [TEST_STEP][PASSED] - Statement - bufferread = new java.io.BufferedReader(new java.io.FileReader(RefNo)): null

2018-12-12 09:28:37 - [TEST_STEP][PASSED] - Statement - readedVal = bufferread.readLine(): null

2018-12-12 09:28:37 - [TEST_STEP][PASSED] - Statement - out.println(CaseReferenceNo): null

2018-12-12 09:28:37 - [TEST_STEP][PASSED] - Statement - out.println(readedVal): null

2018-12-12 09:28:37 - [TEST_STEP][PASSED] - Statement - CaseReferenceNo = "": null

2018-12-12 09:28:37 - [TEST_STEP][PASSED] - Statement - CaseReferenceNo = readedVal: null

2018-12-12 09:28:37 - [MESSAGE][PASSED] - Call Test Case 'Test Cases/Final Aug 2018 - PKS Automation/Common/Reference Number Getter' successfully

2018-12-12 09:28:37 - [TEST_STEP][PASSED] - setText: Text 'CUN122018C100005967' is set on object 'Object Repository/Final Object Repo/WorkFlow Listing Page/Ref No Set Text'

2018-12-12 09:28:38 - [MESSAGE][PASSED] - Text 'CUN122018C100005967' is set on object 'Object Repository/Final Object Repo/WorkFlow Listing Page/Ref No Set Text'

2018-12-12 09:28:38 - [TEST_STEP][PASSED] - delay: Delayed 2 second(s)

2018-12-12 09:28:40 - [MESSAGE][PASSED] - Delayed 2 second(s)

2018-12-12 09:28:40 - [TEST_STEP][PASSED] - click: Object: 'Object Repository/Final Object Repo/WorkFlow Listing Page/Search Ref No Search Button' is clicked on

2018-12-12 09:28:40 - [MESSAGE][PASSED] - Object: 'Object Repository/Final Object Repo/WorkFlow Listing Page/Search Ref No Search Button' is clicked on

2018-12-12 09:28:40 - [TEST_STEP][PASSED] - delay: Delayed 6 second(s)

2018-12-12 09:28:46 - [MESSAGE][PASSED] - Delayed 6 second(s)

2018-12-12 09:28:46 - [TEST_STEP][PASSED] - click: Object: 'Object Repository/Final Object Repo/WorkFlow Listing Page/Click Continue Tooltip' is clicked on

2018-12-12 09:28:47 - [MESSAGE][PASSED] - Object: 'Object Repository/Final Object Repo/WorkFlow Listing Page/Click Continue Tooltip' is clicked on

2018-12-12 09:28:47 - [TEST_STEP][PASSED] - delay: Delayed 5 second(s)

2018-12-12 09:28:52 - [MESSAGE][PASSED] - Delayed 5 second(s)

2018-12-12 09:28:52 - [TEST_STEP][PASSED] - doubleClick: Object: 'Object Repository/Final Object Repo/WorkFlow Listing Page/Workflow Found - Listing 1' is double clicked on

2018-12-12 09:28:52 - [MESSAGE][PASSED] - Object: 'Object Repository/Final Object Repo/WorkFlow Listing Page/Workflow Found - Listing 1' is double clicked on

2018-12-12 09:28:52 - [TEST_STEP][PASSED] - Statement - println(OwnerID): null

2018-12-12 09:28:52 - [TEST_STEP][PASSED] - Statement - OwnerID = com.kms.katalon.core.webui.keyword.WebUiBuiltInKeywords.getText(com.kms.katalon.core.testobject.ObjectRepository.findTestObject(Final Object Repo/WorkFlow Listing Page/Workflow Found - Listing 1), STOP_ON_FAILURE): Text of object 'Object Repository/Final Object Repo/WorkFlow Listing Page/Workflow Found - Listing 1' is: 'JOHORuo2'

2018-12-12 09:28:52 - [MESSAGE][PASSED] - Text of object 'Object Repository/Final Object Repo/WorkFlow Listing Page/Workflow Found - Listing 1' is: 'JOHORuo2'

2018-12-12 09:28:52 - [TEST_STEP][PASSED] - Statement - OwnerID = OwnerID.toLowerCase() + "@gmail.com": null

2018-12-12 09:28:52 - [TEST_STEP][PASSED] - Statement - println(OwnerID): null

2018-12-12 09:28:52 - [TEST_STEP][PASSED] - delay: Delayed 2 second(s)

2018-12-12 09:28:54 - [MESSAGE][PASSED] - Delayed 2 second(s)

2018-12-12 09:28:54 - [MESSAGE][PASSED] - Call Test Case 'Test Cases/Final Aug 2018 - PKS Automation/Common/Workflow Owner Finder' successfully

2018-12-12 09:28:54 - [TEST_STEP][PASSED] - delay: Delayed 2 second(s)

2018-12-12 09:28:56 - [MESSAGE][PASSED] - Delayed 2 second(s)

2018-12-12 09:28:56 - [TEST_STEP][PASSED] - navigateToUrl: Navigate to 'https://assist2-uat.perkeso.gov.my/c/portal/logout' successfully

2018-12-12 09:28:57 - [MESSAGE][PASSED] - Navigate to 'https://assist2-uat.perkeso.gov.my/c/portal/logout' successfully

2018-12-12 09:28:57 - [TEST_STEP][PASSED] - delay: Delayed 2 second(s)

2018-12-12 09:28:59 - [MESSAGE][PASSED] - Delayed 2 second(s)

2018-12-12 09:28:59 - [TEST_STEP][PASSED] - callTestCase: Call Test Case 'Test Cases/Final Aug 2018 - PKS Automation/Registration Module/Workflow/Login and Search Case For Workflow' successfully

2018-12-12 09:28:59 - [TEST_CASE][PASSED] - Test Cases/Final Aug 2018 - PKS Automation/Registration Module/Workflow/Login and Search Case For Workflow: Test Cases/Final Aug 2018 - PKS Automation/Registration Module/Workflow/Login and Search Case For Workflow

2018-12-12 09:29:00 - [TEST_STEP][PASSED] - navigateToUrl: Navigate to 'https://assist2-uat.perkeso.gov.my/login' successfully

2018-12-12 09:29:00 - [MESSAGE][PASSED] - Navigate to 'https://assist2-uat.perkeso.gov.my/login' successfully

2018-12-12 09:29:00 - [TEST_STEP][PASSED] - setText: Text 'johoruo2@gmail.com' is set on object 'Object Repository/Final Object Repo/Login Page/Internal User/Email Address'

2018-12-12 09:29:00 - [MESSAGE][PASSED] - Text 'johoruo2@gmail.com' is set on object 'Object Repository/Final Object Repo/Login Page/Internal User/Email Address'

2018-12-12 09:29:00 - [TEST_STEP][PASSED] - click: Object: 'Object Repository/Final Object Repo/Login Page/Internal User/Next Button' is clicked on

2018-12-12 09:29:01 - [MESSAGE][PASSED] - Object: 'Object Repository/Final Object Repo/Login Page/Internal User/Next Button' is clicked on

2018-12-12 09:29:01 - [TEST_STEP][PASSED] - delay: Delayed 1 second(s)

2018-12-12 09:29:02 - [MESSAGE][PASSED] - Delayed 1 second(s)

2018-12-12 09:29:02 - [TEST_STEP][PASSED] - setEncryptedText: Text ****** has been set on object 'Object Repository/Final Object Repo/Login Page/Internal User/Password'

2018-12-12 09:29:02 - [MESSAGE][PASSED] - Text ****** has been set on object 'Object Repository/Final Object Repo/Login Page/Internal User/Password'

2018-12-12 09:29:02 - [TEST_STEP][PASSED] - click: Object: 'Object Repository/Final Object Repo/Login Page/Internal User/Login Button' is clicked on

2018-12-12 09:29:02 - [MESSAGE][PASSED] - Object: 'Object Repository/Final Object Repo/Login Page/Internal User/Login Button' is clicked on

2018-12-12 09:29:02 - [TEST_STEP][PASSED] - delay: Delayed 2 second(s)

2018-12-12 09:29:04 - [MESSAGE][PASSED] - Delayed 2 second(s)

2018-12-12 09:29:04 - [TEST_STEP][PASSED] - Statement - Try: Delayed 2 second(s)

2018-12-12 09:29:04 - [TEST_STEP][PASSED] - Statement - Checker = false: null

2018-12-12 09:29:04 - [TEST_STEP][PASSED] - Statement - Checker = com.kms.katalon.core.webui.keyword.WebUiBuiltInKeywords.verifyElementHasAttribute(com.kms.katalon.core.testobject.ObjectRepository.findTestObject(Final Object Repo/Landing Page/BM Detecting), "href", 20, OPTIONAL): Object 'Object Repository/Final Object Repo/Landing Page/BM Detecting' has attribute 'href'

2018-12-12 09:29:04 - [MESSAGE][PASSED] - Object 'Object Repository/Final Object Repo/Landing Page/BM Detecting' has attribute 'href'

2018-12-12 09:29:04 - [TEST_STEP][PASSED] - Statement - out.println(Checker): null

2018-12-12 09:29:04 - [TEST_STEP][PASSED] - Statement - If (Checker == false): null

2018-12-12 09:29:04 - [TEST_STEP][PASSED] - Statement - Else: null

2018-12-12 09:29:04 - [TEST_STEP][PASSED] - delay: Delayed 2 second(s)

2018-12-12 09:29:06 - [MESSAGE][PASSED] - Delayed 2 second(s)

2018-12-12 09:29:06 - [TEST_STEP][PASSED] - click: Object: 'Object Repository/Final Object Repo/Page_MyASSIST - ASSIST - Search Pending Case For Add Supporting Document/Search Information' is clicked on

2018-12-12 09:29:06 - [MESSAGE][PASSED] - Object: 'Object Repository/Final Object Repo/Page_MyASSIST - ASSIST - Search Pending Case For Add Supporting Document/Search Information' is clicked on

2018-12-12 09:29:06 - [TEST_STEP][PASSED] - delay: Delayed 3 second(s)

2018-12-12 09:29:09 - [MESSAGE][PASSED] - Delayed 3 second(s)

2018-12-12 09:29:09 - [TEST_STEP][PASSED] - sendKeys: Keys 'CUN122018C100005967' sent to object: 'Object Repository/Final Object Repo/Page_MyASSIST - ASSIST - Search Pending Case For Add Supporting Document/Reference No'

2018-12-12 09:29:10 - [MESSAGE][PASSED] - Keys 'CUN122018C100005967' sent to object: 'Object Repository/Final Object Repo/Page_MyASSIST - ASSIST - Search Pending Case For Add Supporting Document/Reference No'

2018-12-12 09:29:10 - [TEST_STEP][PASSED] - click: Object: 'Object Repository/Final Object Repo/Page_MyASSIST - ASSIST - Search Pending Case For Add Supporting Document/Search Reference No' is clicked on

2018-12-12 09:29:10 - [MESSAGE][PASSED] - Object: 'Object Repository/Final Object Repo/Page_MyASSIST - ASSIST - Search Pending Case For Add Supporting Document/Search Reference No' is clicked on

2018-12-12 09:29:10 - [TEST_STEP][PASSED] - delay: Delayed 2 second(s)

2018-12-12 09:29:12 - [MESSAGE][PASSED] - Delayed 2 second(s)

2018-12-12 09:29:12 - [TEST_STEP][PASSED] - click: Object: 'Object Repository/Final Object Repo/Page_MyASSIST - ASSIST - Search Pending Case For Add Supporting Document/Continue' is clicked on

2018-12-12 09:29:16 - [MESSAGE][PASSED] - Object: 'Object Repository/Final Object Repo/Page_MyASSIST - ASSIST - Search Pending Case For Add Supporting Document/Continue' is clicked on

2018-12-12 09:29:16 - [TEST_STEP][PASSED] - delay: Delayed 20 second(s)

2018-12-12 09:29:36 - [MESSAGE][PASSED] - Delayed 20 second(s)

2018-12-12 09:29:36 - [MESSAGE][PASSED] - Call Test Case 'Test Cases/Final Aug 2018 - PKS Automation/Registration Module/Workflow/Login and Search Case For Workflow' successfully

2018-12-12 09:29:36 - [TEST_STEP][PASSED] - delay: Delayed 2 second(s)

2018-12-12 09:29:38 - [MESSAGE][PASSED] - Delayed 2 second(s)

2018-12-12 09:29:38 - [TEST_STEP][PASSED] - click: Object: 'Object Repository/Final Object Repo/Page_Update Employee Information By Employer/Page_Update Employee Information by Employer (Approve)/Continue' is clicked on

2018-12-12 09:29:41 - [MESSAGE][PASSED] - Object: 'Object Repository/Final Object Repo/Page_Update Employee Information By Employer/Page_Update Employee Information by Employer (Approve)/Continue' is clicked on

2018-12-12 09:29:41 - [TEST_STEP][PASSED] - delay: Delayed 2 second(s)

2018-12-12 09:29:43 - [MESSAGE][PASSED] - Delayed 2 second(s)

2018-12-12 09:29:43 - [TEST_STEP][PASSED] - click: Object: 'Object Repository/Final Object Repo/Page_Update Employee Information By Employer/Page_Update Employee Information by Employer (Approve)/Save  Continue in Update Employee Information Page' is clicked on

2018-12-12 09:29:43 - [MESSAGE][PASSED] - Object: 'Object Repository/Final Object Repo/Page_Update Employee Information By Employer/Page_Update Employee Information by Employer (Approve)/Save  Continue in Update Employee Information Page' is clicked on

2018-12-12 09:29:43 - [TEST_STEP][PASSED] - delay: Delayed 4 second(s)

2018-12-12 09:29:47 - [MESSAGE][PASSED] - Delayed 4 second(s)

2018-12-12 09:29:47 - [TEST_STEP][PASSED] - click: Object: 'Object Repository/Final Object Repo/Page_Update Employee Information By Employer/Page_Update Employee Information by Employer (Approve)/Save  Continue in Upload Supporting Doucument Page' is clicked on

2018-12-12 09:29:47 - [MESSAGE][PASSED] - Object: 'Object Repository/Final Object Repo/Page_Update Employee Information By Employer/Page_Update Employee Information by Employer (Approve)/Save  Continue in Upload Supporting Doucument Page' is clicked on

2018-12-12 09:29:47 - [TEST_STEP][PASSED] - delay: Delayed 2 second(s)

2018-12-12 09:29:49 - [MESSAGE][PASSED] - Delayed 2 second(s)

2018-12-12 09:29:49 - [TEST_STEP][PASSED] - click: Object: 'Object Repository/Final Object Repo/Page_Update Employee Information By Employer/Page_Update Employee Information by Employer (Approve)/Approve' is clicked on

2018-12-12 09:29:51 - [MESSAGE][PASSED] - Object: 'Object Repository/Final Object Repo/Page_Update Employee Information By Employer/Page_Update Employee Information by Employer (Approve)/Approve' is clicked on

2018-12-12 09:29:51 - [TEST_STEP][PASSED] - delay: Delayed 2 second(s)

2018-12-12 09:29:53 - [MESSAGE][PASSED] - Delayed 2 second(s)

2018-12-12 09:29:53 - [TEST_STEP][PASSED] - click: Object: 'Object Repository/Final Object Repo/Page_Update Employee Information By Employer/Page_Update Employee Information by Employer (Approve)/Confirm' is clicked on

2018-12-12 09:29:53 - [MESSAGE][PASSED] - Object: 'Object Repository/Final Object Repo/Page_Update Employee Information By Employer/Page_Update Employee Information by Employer (Approve)/Confirm' is clicked on

2018-12-12 09:29:53 - [TEST_STEP][PASSED] - delay: Delayed 2 second(s)

2018-12-12 09:29:55 - [MESSAGE][PASSED] - Delayed 2 second(s)

2018-12-12 09:29:55 - [TEST_STEP][PASSED] - verifyElementVisible: Object 'Object Repository/Final Object Repo/Page_Update Employee Information By Employer/Page_Update Employee Information by Employer (Approve)/Successfull Message Submitted Successfully' is visible

2018-12-12 09:29:59 - [MESSAGE][PASSED] - Object 'Object Repository/Final Object Repo/Page_Update Employee Information By Employer/Page_Update Employee Information by Employer (Approve)/Successfull Message Submitted Successfully' is visible

2018-12-12 09:29:59 - [TEST_STEP][PASSED] - delay: Delayed 2 second(s)

2018-12-12 09:30:01 - [MESSAGE][PASSED] - Delayed 2 second(s)

2018-12-12 09:30:01 - [TEST_STEP][PASSED] - verifyElementVisible: Object 'Object Repository/Final Object Repo/Page_Update Employee Information By Employer/Page_Update Employee Information by Employer (Approve)/Letter of Successful update' is visible

2018-12-12 09:30:01 - [MESSAGE][PASSED] - Object 'Object Repository/Final Object Repo/Page_Update Employee Information By Employer/Page_Update Employee Information by Employer (Approve)/Letter of Successful update' is visible

2018-12-12 09:30:01 - [MESSAGE][PASSED] - Call Test Case 'Test Cases/Final Aug 2018 - PKS Automation/Registration Module/Workflow/Update Employee Information (Employer)/Template/Update Employee Information - Special Case - UO (Approve)' successfully]]></system-out>
         <system-err><![CDATA[]]></system-err>
      </testcase>
      <testcase name="Test Cases/Final Aug 2018 - PKS Automation/Registration Module/Workflow/Update Employee Information (Employer)/Employer - UO (Query)" classname="Test Cases/Final Aug 2018 - PKS Automation/Registration Module/Workflow/Update Employee Information (Employer)/Employer - UO (Query)" status="PASSED">
         <system-out><![CDATA[2018-12-12 09:30:01 - [TEST_CASE][PASSED] - Test Cases/Final Aug 2018 - PKS Automation/Registration Module/Workflow/Update Employee Information (Employer)/Employer - UO (Query): Test Cases/Final Aug 2018 - PKS Automation/Registration Module/Workflow/Update Employee Information (Employer)/Employer - UO (Query)

2018-12-12 09:30:01 - [TEST_STEP][PASSED] - callTestCase: Call Test Case 'Test Cases/Final Aug 2018 - PKS Automation/Registration Module/Workflow/Update Employee Information (Employer)/Template/Update Employer Information - Special Case (Employer)' successfully

2018-12-12 09:30:01 - [TEST_CASE][PASSED] - Test Cases/Final Aug 2018 - PKS Automation/Registration Module/Workflow/Update Employee Information (Employer)/Template/Update Employer Information - Special Case (Employer): Test Cases/Final Aug 2018 - PKS Automation/Registration Module/Workflow/Update Employee Information (Employer)/Template/Update Employer Information - Special Case (Employer)

2018-12-12 09:30:01 - [TEST_STEP][PASSED] - callTestCase: Call Test Case 'Test Cases/Final Aug 2018 - PKS Automation/Registration Module/Workflow/Update Add New Employee/Template/New Company for Update Add New - Employer' successfully

2018-12-12 09:30:02 - [TEST_CASE][PASSED] - Test Cases/Final Aug 2018 - PKS Automation/Registration Module/Workflow/Update Add New Employee/Template/New Company for Update Add New - Employer: Test Cases/Final Aug 2018 - PKS Automation/Registration Module/Workflow/Update Add New Employee/Template/New Company for Update Add New - Employer

2018-12-12 09:30:02 - [TEST_STEP][PASSED] - callTestCase: Call Test Case 'Test Cases/Final Aug 2018 - PKS Automation/Create Employer Acc/Create Employer Account' successfully

2018-12-12 09:30:02 - [TEST_CASE][PASSED] - Test Cases/Final Aug 2018 - PKS Automation/Create Employer Acc/Create Employer Account: Test Cases/Final Aug 2018 - PKS Automation/Create Employer Acc/Create Employer Account

2018-12-12 09:30:02 - [TEST_STEP][PASSED] - callTestCase: Call Test Case 'Test Cases/Final Aug 2018 - PKS Automation/Create Employer Acc/Template/Register Employer' successfully

2018-12-12 09:30:02 - [TEST_CASE][PASSED] - Test Cases/Final Aug 2018 - PKS Automation/Create Employer Acc/Template/Register Employer: Test Cases/Final Aug 2018 - PKS Automation/Create Employer Acc/Template/Register Employer

2018-12-12 09:30:02 - [TEST_STEP][PASSED] - openBrowser: Browser is opened with url: ''

2018-12-12 09:30:02 - [MESSAGE][WARNING] - A browser is already opened. Closing browser and opening a new one

2018-12-12 09:30:06 - [MESSAGE][PASSED] - Browser is opened with url: ''

2018-12-12 09:30:06 - [TEST_STEP][PASSED] - navigateToUrl: Navigate to 'https://assist2-uat.perkeso.gov.my/login' successfully

2018-12-12 09:30:07 - [MESSAGE][PASSED] - Navigate to 'https://assist2-uat.perkeso.gov.my/login' successfully

2018-12-12 09:30:07 - [TEST_STEP][PASSED] - setText: Text 'johorotc1@gmail.com' is set on object 'Object Repository/Final Object Repo/Login Page/Internal User/Email Address'

2018-12-12 09:30:08 - [MESSAGE][PASSED] - Text 'johorotc1@gmail.com' is set on object 'Object Repository/Final Object Repo/Login Page/Internal User/Email Address'

2018-12-12 09:30:08 - [TEST_STEP][PASSED] - click: Object: 'Object Repository/Final Object Repo/Login Page/Internal User/Next Button' is clicked on

2018-12-12 09:30:08 - [MESSAGE][PASSED] - Object: 'Object Repository/Final Object Repo/Login Page/Internal User/Next Button' is clicked on

2018-12-12 09:30:08 - [TEST_STEP][PASSED] - delay: Delayed 1 second(s)

2018-12-12 09:30:09 - [MESSAGE][PASSED] - Delayed 1 second(s)

2018-12-12 09:30:09 - [TEST_STEP][PASSED] - setEncryptedText: Text ****** has been set on object 'Object Repository/Final Object Repo/Login Page/Internal User/Password'

2018-12-12 09:30:09 - [MESSAGE][PASSED] - Text ****** has been set on object 'Object Repository/Final Object Repo/Login Page/Internal User/Password'

2018-12-12 09:30:09 - [TEST_STEP][PASSED] - click: Object: 'Object Repository/Final Object Repo/Login Page/Internal User/Login Button' is clicked on

2018-12-12 09:30:09 - [MESSAGE][PASSED] - Object: 'Object Repository/Final Object Repo/Login Page/Internal User/Login Button' is clicked on

2018-12-12 09:30:09 - [TEST_STEP][PASSED] - delay: Delayed 1 second(s)

2018-12-12 09:30:10 - [MESSAGE][PASSED] - Delayed 1 second(s)

2018-12-12 09:30:10 - [TEST_STEP][PASSED] - navigateToUrl: Navigate to 'https://assist2-uat.perkeso.gov.my/web/base/portal-id/registration' successfully

2018-12-12 09:30:12 - [MESSAGE][PASSED] - Navigate to 'https://assist2-uat.perkeso.gov.my/web/base/portal-id/registration' successfully

2018-12-12 09:30:12 - [TEST_STEP][PASSED] - setText: Text 'AUTOMATION EMPLOYER' is set on object 'Object Repository/Final Object Repo/Creating Employer Account/Page_Registration - ASSIST (Base)/Employer Name'

2018-12-12 09:30:13 - [MESSAGE][PASSED] - Text 'AUTOMATION EMPLOYER' is set on object 'Object Repository/Final Object Repo/Creating Employer Account/Page_Registration - ASSIST (Base)/Employer Name'

2018-12-12 09:30:13 - [TEST_STEP][PASSED] - delay: Delayed 2 second(s)

2018-12-12 09:30:15 - [MESSAGE][PASSED] - Delayed 2 second(s)

2018-12-12 09:30:15 - [TEST_STEP][PASSED] - click: Object: 'Object Repository/Final Object Repo/Creating Employer Account/Page_Registration - ASSIST (Base)/Registration Type' is clicked on

2018-12-12 09:30:15 - [MESSAGE][PASSED] - Object: 'Object Repository/Final Object Repo/Creating Employer Account/Page_Registration - ASSIST (Base)/Registration Type' is clicked on

2018-12-12 09:30:15 - [TEST_STEP][PASSED] - delay: Delayed 2 second(s)

2018-12-12 09:30:17 - [MESSAGE][PASSED] - Delayed 2 second(s)

2018-12-12 09:30:17 - [TEST_STEP][PASSED] - click: Object: 'Object Repository/Final Object Repo/Creating Employer Account/Page_Registration - ASSIST (Base)/Registration Type - Registration No' is clicked on

2018-12-12 09:30:17 - [MESSAGE][PASSED] - Object: 'Object Repository/Final Object Repo/Creating Employer Account/Page_Registration - ASSIST (Base)/Registration Type - Registration No' is clicked on

2018-12-12 09:30:17 - [TEST_STEP][PASSED] - delay: Delayed 2 second(s)

2018-12-12 09:30:19 - [MESSAGE][PASSED] - Delayed 2 second(s)

2018-12-12 09:30:19 - [TEST_STEP][PASSED] - setText: Text 'AUTOMATE001' is set on object 'Object Repository/Final Object Repo/Creating Employer Account/Page_Registration - ASSIST (Base)/Registration Number'

2018-12-12 09:30:20 - [MESSAGE][PASSED] - Text 'AUTOMATE001' is set on object 'Object Repository/Final Object Repo/Creating Employer Account/Page_Registration - ASSIST (Base)/Registration Number'

2018-12-12 09:30:20 - [TEST_STEP][PASSED] - delay: Delayed 2 second(s)

2018-12-12 09:30:22 - [MESSAGE][PASSED] - Delayed 2 second(s)

2018-12-12 09:30:22 - [TEST_STEP][PASSED] - setText: Text 'ADDRESS 1' is set on object 'Object Repository/Final Object Repo/Creating Employer Account/Page_Registration - ASSIST (Base)/Postal Address 1'

2018-12-12 09:30:22 - [MESSAGE][PASSED] - Text 'ADDRESS 1' is set on object 'Object Repository/Final Object Repo/Creating Employer Account/Page_Registration - ASSIST (Base)/Postal Address 1'

2018-12-12 09:30:22 - [TEST_STEP][PASSED] - setText: Text 'ADDRESS 2' is set on object 'Object Repository/Final Object Repo/Creating Employer Account/Page_Registration - ASSIST (Base)/Postal Address 2'

2018-12-12 09:30:22 - [MESSAGE][PASSED] - Text 'ADDRESS 2' is set on object 'Object Repository/Final Object Repo/Creating Employer Account/Page_Registration - ASSIST (Base)/Postal Address 2'

2018-12-12 09:30:22 - [TEST_STEP][PASSED] - click: Object: 'Object Repository/Final Object Repo/Creating Employer Account/Page_Registration - ASSIST (Base)/State' is clicked on

2018-12-12 09:30:23 - [MESSAGE][PASSED] - Object: 'Object Repository/Final Object Repo/Creating Employer Account/Page_Registration - ASSIST (Base)/State' is clicked on

2018-12-12 09:30:23 - [TEST_STEP][PASSED] - delay: Delayed 2 second(s)

2018-12-12 09:30:25 - [MESSAGE][PASSED] - Delayed 2 second(s)

2018-12-12 09:30:25 - [TEST_STEP][PASSED] - click: Object: 'Object Repository/Final Object Repo/Creating Employer Account/Page_Registration - ASSIST (Base)/State - Johor' is clicked on

2018-12-12 09:30:25 - [MESSAGE][PASSED] - Object: 'Object Repository/Final Object Repo/Creating Employer Account/Page_Registration - ASSIST (Base)/State - Johor' is clicked on

2018-12-12 09:30:25 - [TEST_STEP][PASSED] - delay: Delayed 2 second(s)

2018-12-12 09:30:27 - [MESSAGE][PASSED] - Delayed 2 second(s)

2018-12-12 09:30:27 - [TEST_STEP][PASSED] - click: Object: 'Object Repository/Final Object Repo/Creating Employer Account/Page_Registration - ASSIST (Base)/City' is clicked on

2018-12-12 09:30:27 - [MESSAGE][PASSED] - Object: 'Object Repository/Final Object Repo/Creating Employer Account/Page_Registration - ASSIST (Base)/City' is clicked on

2018-12-12 09:30:27 - [TEST_STEP][PASSED] - delay: Delayed 2 second(s)

2018-12-12 09:30:29 - [MESSAGE][PASSED] - Delayed 2 second(s)

2018-12-12 09:30:29 - [TEST_STEP][PASSED] - setText: Text 'joh' is set on object 'Object Repository/Final Object Repo/Creating Employer Account/Page_Registration - ASSIST (Base)/City - joh'

2018-12-12 09:30:29 - [MESSAGE][PASSED] - Text 'joh' is set on object 'Object Repository/Final Object Repo/Creating Employer Account/Page_Registration - ASSIST (Base)/City - joh'

2018-12-12 09:30:29 - [TEST_STEP][PASSED] - delay: Delayed 2 second(s)

2018-12-12 09:30:31 - [MESSAGE][PASSED] - Delayed 2 second(s)

2018-12-12 09:30:31 - [TEST_STEP][PASSED] - click: Object: 'Object Repository/Final Object Repo/Creating Employer Account/Page_Registration - ASSIST (Base)/City - Johor Bharu' is clicked on

2018-12-12 09:30:31 - [MESSAGE][PASSED] - Object: 'Object Repository/Final Object Repo/Creating Employer Account/Page_Registration - ASSIST (Base)/City - Johor Bharu' is clicked on

2018-12-12 09:30:31 - [TEST_STEP][PASSED] - delay: Delayed 2 second(s)

2018-12-12 09:30:33 - [MESSAGE][PASSED] - Delayed 2 second(s)

2018-12-12 09:30:33 - [TEST_STEP][PASSED] - click: Object: 'Object Repository/Final Object Repo/Creating Employer Account/Page_Registration - ASSIST (Base)/Post Code' is clicked on

2018-12-12 09:30:34 - [MESSAGE][PASSED] - Object: 'Object Repository/Final Object Repo/Creating Employer Account/Page_Registration - ASSIST (Base)/Post Code' is clicked on

2018-12-12 09:30:34 - [TEST_STEP][PASSED] - delay: Delayed 2 second(s)

2018-12-12 09:30:36 - [MESSAGE][PASSED] - Delayed 2 second(s)

2018-12-12 09:30:36 - [TEST_STEP][PASSED] - setText: Text '810' is set on object 'Object Repository/Final Object Repo/Creating Employer Account/Page_Registration - ASSIST (Base)/Post Code - 810'

2018-12-12 09:30:36 - [MESSAGE][PASSED] - Text '810' is set on object 'Object Repository/Final Object Repo/Creating Employer Account/Page_Registration - ASSIST (Base)/Post Code - 810'

2018-12-12 09:30:36 - [TEST_STEP][PASSED] - delay: Delayed 2 second(s)

2018-12-12 09:30:38 - [MESSAGE][PASSED] - Delayed 2 second(s)

2018-12-12 09:30:38 - [TEST_STEP][PASSED] - click: Object: 'Object Repository/Final Object Repo/Creating Employer Account/Page_Registration - ASSIST (Base)/Post Code - 81000' is clicked on

2018-12-12 09:30:38 - [MESSAGE][PASSED] - Object: 'Object Repository/Final Object Repo/Creating Employer Account/Page_Registration - ASSIST (Base)/Post Code - 81000' is clicked on

2018-12-12 09:30:38 - [TEST_STEP][PASSED] - delay: Delayed 2 second(s)

2018-12-12 09:30:40 - [MESSAGE][PASSED] - Delayed 2 second(s)

2018-12-12 09:30:40 - [TEST_STEP][PASSED] - setText: Text 'PERKESO' is set on object 'Object Repository/Final Object Repo/Creating Employer Account/Page_Registration - ASSIST (Base)/Full Name'

2018-12-12 09:30:40 - [MESSAGE][PASSED] - Text 'PERKESO' is set on object 'Object Repository/Final Object Repo/Creating Employer Account/Page_Registration - ASSIST (Base)/Full Name'

2018-12-12 09:30:40 - [TEST_STEP][PASSED] - Statement - rnd = new java.util.Random(): null

2018-12-12 09:30:40 - [TEST_STEP][PASSED] - Statement - snum = rnd.nextInt(899999 + 1) + 100000: null

2018-12-12 09:30:40 - [TEST_STEP][PASSED] - Statement - tnum = rnd.nextInt(899999 + 1) + 100000: null

2018-12-12 09:30:40 - [TEST_STEP][PASSED] - Statement - IC = java.lang.Integer.toString(snum) + java.lang.Integer.toString(tnum): null

2018-12-12 09:30:40 - [TEST_STEP][PASSED] - Statement - out.println(IC): null

2018-12-12 09:30:40 - [TEST_STEP][PASSED] - setText: Text '557760608602' is set on object 'Object Repository/Final Object Repo/Creating Employer Account/Page_Registration - ASSIST (Base)/Identification Number'

2018-12-12 09:30:41 - [MESSAGE][PASSED] - Text '557760608602' is set on object 'Object Repository/Final Object Repo/Creating Employer Account/Page_Registration - ASSIST (Base)/Identification Number'

2018-12-12 09:30:41 - [TEST_STEP][PASSED] - delay: Delayed 2 second(s)

2018-12-12 09:30:43 - [MESSAGE][PASSED] - Delayed 2 second(s)

2018-12-12 09:30:43 - [TEST_STEP][PASSED] - setText: Text '123456789012' is set on object 'Object Repository/Final Object Repo/Creating Employer Account/Page_Registration - ASSIST (Base)/Contact Number'

2018-12-12 09:30:43 - [MESSAGE][PASSED] - Text '123456789012' is set on object 'Object Repository/Final Object Repo/Creating Employer Account/Page_Registration - ASSIST (Base)/Contact Number'

2018-12-12 09:30:43 - [TEST_STEP][PASSED] - Statement - Email = "perkeso" + IC + "@gmail.com": null

2018-12-12 09:30:43 - [TEST_STEP][PASSED] - delay: Delayed 2 second(s)

2018-12-12 09:30:45 - [MESSAGE][PASSED] - Delayed 2 second(s)

2018-12-12 09:30:45 - [TEST_STEP][PASSED] - callTestCase: Call Test Case 'Test Cases/Final Aug 2018 - PKS Automation/Create Employer Acc/Template/Employer Email Settler' successfully

2018-12-12 09:30:45 - [TEST_CASE][PASSED] - Test Cases/Final Aug 2018 - PKS Automation/Create Employer Acc/Template/Employer Email Settler: Test Cases/Final Aug 2018 - PKS Automation/Create Employer Acc/Template/Employer Email Settler

2018-12-12 09:30:45 - [TEST_STEP][PASSED] - Statement - EmpEmailOld = new java.io.File(C://Users//Admin//Desktop//PKS//Automation Reference Point//EmpEmail.txt): null

2018-12-12 09:30:45 - [TEST_STEP][PASSED] - Statement - EmpEmailOld.delete(): null

2018-12-12 09:30:45 - [TEST_STEP][PASSED] - delay: Delayed 5 second(s)

2018-12-12 09:30:50 - [MESSAGE][PASSED] - Delayed 5 second(s)

2018-12-12 09:30:50 - [TEST_STEP][PASSED] - Statement - EmpEmail = new java.io.File(C://Users//Admin//Desktop//PKS//Automation Reference Point//EmpEmail.txt): null

2018-12-12 09:30:50 - [TEST_STEP][PASSED] - Statement - f2 = new java.io.FileWriter(EmpEmail, false): null

2018-12-12 09:30:50 - [TEST_STEP][PASSED] - Statement - f2.write(Email): null

2018-12-12 09:30:50 - [TEST_STEP][PASSED] - Statement - f2.close(): null

2018-12-12 09:30:50 - [TEST_STEP][PASSED] - Statement - out.println(Email): null

2018-12-12 09:30:50 - [MESSAGE][PASSED] - Call Test Case 'Test Cases/Final Aug 2018 - PKS Automation/Create Employer Acc/Template/Employer Email Settler' successfully

2018-12-12 09:30:50 - [TEST_STEP][PASSED] - delay: Delayed 2 second(s)

2018-12-12 09:30:52 - [MESSAGE][PASSED] - Delayed 2 second(s)

2018-12-12 09:30:52 - [TEST_STEP][PASSED] - setText: Text 'perkeso557760608602@gmail.com' is set on object 'Object Repository/Final Object Repo/Creating Employer Account/Page_Registration - ASSIST (Base)/Email'

2018-12-12 09:30:53 - [MESSAGE][PASSED] - Text 'perkeso557760608602@gmail.com' is set on object 'Object Repository/Final Object Repo/Creating Employer Account/Page_Registration - ASSIST (Base)/Email'

2018-12-12 09:30:53 - [TEST_STEP][PASSED] - setText: Text '123' is set on object 'Object Repository/Final Object Repo/Creating Employer Account/Page_Registration - ASSIST (Base)/Security Phase'

2018-12-12 09:30:53 - [MESSAGE][PASSED] - Text '123' is set on object 'Object Repository/Final Object Repo/Creating Employer Account/Page_Registration - ASSIST (Base)/Security Phase'

2018-12-12 09:30:53 - [TEST_STEP][PASSED] - click: Object: 'Object Repository/Final Object Repo/Creating Employer Account/Page_Registration - ASSIST (Base)/Save  Continue' is clicked on

2018-12-12 09:30:54 - [MESSAGE][PASSED] - Object: 'Object Repository/Final Object Repo/Creating Employer Account/Page_Registration - ASSIST (Base)/Save  Continue' is clicked on

2018-12-12 09:30:54 - [TEST_STEP][PASSED] - delay: Delayed 2 second(s)

2018-12-12 09:30:56 - [MESSAGE][PASSED] - Delayed 2 second(s)

2018-12-12 09:30:56 - [TEST_STEP][PASSED] - click: Object: 'Object Repository/Final Object Repo/Creating Employer Account/Page_Registration - ASSIST (Base)/Add Document' is clicked on

2018-12-12 09:30:56 - [MESSAGE][PASSED] - Object: 'Object Repository/Final Object Repo/Creating Employer Account/Page_Registration - ASSIST (Base)/Add Document' is clicked on

2018-12-12 09:30:56 - [TEST_STEP][PASSED] - delay: Delayed 2 second(s)

2018-12-12 09:30:58 - [MESSAGE][PASSED] - Delayed 2 second(s)

2018-12-12 09:30:58 - [TEST_STEP][PASSED] - click: Object: 'Object Repository/Final Object Repo/Creating Employer Account/Page_Registration - ASSIST (Base)/Document Type' is clicked on

2018-12-12 09:30:59 - [MESSAGE][PASSED] - Object: 'Object Repository/Final Object Repo/Creating Employer Account/Page_Registration - ASSIST (Base)/Document Type' is clicked on

2018-12-12 09:30:59 - [TEST_STEP][PASSED] - delay: Delayed 2 second(s)

2018-12-12 09:31:01 - [MESSAGE][PASSED] - Delayed 2 second(s)

2018-12-12 09:31:01 - [TEST_STEP][PASSED] - click: Object: 'Object Repository/Final Object Repo/Creating Employer Account/Page_Registration - ASSIST (Base)/Document Type - Letter of Authorization' is clicked on

2018-12-12 09:31:01 - [MESSAGE][PASSED] - Object: 'Object Repository/Final Object Repo/Creating Employer Account/Page_Registration - ASSIST (Base)/Document Type - Letter of Authorization' is clicked on

2018-12-12 09:31:01 - [TEST_STEP][PASSED] - delay: Delayed 2 second(s)

2018-12-12 09:31:03 - [MESSAGE][PASSED] - Delayed 2 second(s)

2018-12-12 09:31:03 - [TEST_STEP][PASSED] - sendKeys: Keys 'C:\Users\Public\Pictures\Sample Pictures\Koala.jpg' sent to object: 'Object Repository/Final Object Repo/Creating Employer Account/Page_Registration - ASSIST (Base)/Uploading File'

2018-12-12 09:31:03 - [MESSAGE][PASSED] - Keys 'C:\Users\Public\Pictures\Sample Pictures\Koala.jpg' sent to object: 'Object Repository/Final Object Repo/Creating Employer Account/Page_Registration - ASSIST (Base)/Uploading File'

2018-12-12 09:31:03 - [TEST_STEP][PASSED] - delay: Delayed 2 second(s)

2018-12-12 09:31:05 - [MESSAGE][PASSED] - Delayed 2 second(s)

2018-12-12 09:31:05 - [TEST_STEP][PASSED] - click: Object: 'Object Repository/Final Object Repo/Creating Employer Account/Page_Registration - ASSIST (Base)/Add Document in Uploading File' is clicked on

2018-12-12 09:31:05 - [MESSAGE][PASSED] - Object: 'Object Repository/Final Object Repo/Creating Employer Account/Page_Registration - ASSIST (Base)/Add Document in Uploading File' is clicked on

2018-12-12 09:31:05 - [TEST_STEP][PASSED] - delay: Delayed 2 second(s)

2018-12-12 09:31:07 - [MESSAGE][PASSED] - Delayed 2 second(s)

2018-12-12 09:31:07 - [TEST_STEP][PASSED] - click: Object: 'Object Repository/Final Object Repo/Creating Employer Account/Page_Registration - ASSIST (Base)/Save' is clicked on

2018-12-12 09:31:07 - [MESSAGE][PASSED] - Object: 'Object Repository/Final Object Repo/Creating Employer Account/Page_Registration - ASSIST (Base)/Save' is clicked on

2018-12-12 09:31:07 - [TEST_STEP][PASSED] - delay: Delayed 2 second(s)

2018-12-12 09:31:09 - [MESSAGE][PASSED] - Delayed 2 second(s)

2018-12-12 09:31:09 - [TEST_STEP][PASSED] - click: Object: 'Object Repository/Final Object Repo/Creating Employer Account/Page_Registration - ASSIST (Base)/Submit' is clicked on

2018-12-12 09:31:10 - [MESSAGE][PASSED] - Object: 'Object Repository/Final Object Repo/Creating Employer Account/Page_Registration - ASSIST (Base)/Submit' is clicked on

2018-12-12 09:31:10 - [TEST_STEP][PASSED] - delay: Delayed 2 second(s)

2018-12-12 09:31:12 - [MESSAGE][PASSED] - Delayed 2 second(s)

2018-12-12 09:31:12 - [TEST_STEP][PASSED] - click: Object: 'Object Repository/Final Object Repo/Creating Employer Account/Page_Registration - ASSIST (Base)/Confirm' is clicked on

2018-12-12 09:31:12 - [MESSAGE][PASSED] - Object: 'Object Repository/Final Object Repo/Creating Employer Account/Page_Registration - ASSIST (Base)/Confirm' is clicked on

2018-12-12 09:31:12 - [MESSAGE][PASSED] - Call Test Case 'Test Cases/Final Aug 2018 - PKS Automation/Create Employer Acc/Template/Register Employer' successfully

2018-12-12 09:31:12 - [TEST_STEP][PASSED] - delay: Delayed 1 second(s)

2018-12-12 09:31:13 - [MESSAGE][PASSED] - Delayed 1 second(s)

2018-12-12 09:31:13 - [TEST_STEP][PASSED] - navigateToUrl: Navigate to 'https://assist2-uat.perkeso.gov.my/c/portal/logout' successfully

2018-12-12 09:31:15 - [MESSAGE][PASSED] - Navigate to 'https://assist2-uat.perkeso.gov.my/c/portal/logout' successfully

2018-12-12 09:31:15 - [TEST_STEP][PASSED] - delay: Delayed 1 second(s)

2018-12-12 09:31:16 - [MESSAGE][PASSED] - Delayed 1 second(s)

2018-12-12 09:31:16 - [TEST_STEP][PASSED] - callTestCase: Call Test Case 'Test Cases/Final Aug 2018 - PKS Automation/Create Employer Acc/Template/Change Password of Employer' successfully

2018-12-12 09:31:16 - [TEST_CASE][PASSED] - Test Cases/Final Aug 2018 - PKS Automation/Create Employer Acc/Template/Change Password of Employer: Test Cases/Final Aug 2018 - PKS Automation/Create Employer Acc/Template/Change Password of Employer

2018-12-12 09:31:16 - [TEST_STEP][PASSED] - openBrowser: Browser is opened with url: ''

2018-12-12 09:31:16 - [MESSAGE][WARNING] - A browser is already opened. Closing browser and opening a new one

2018-12-12 09:31:20 - [MESSAGE][PASSED] - Browser is opened with url: ''

2018-12-12 09:31:20 - [TEST_STEP][PASSED] - navigateToUrl: Navigate to 'https://assist2-uat.perkeso.gov.my/login' successfully

2018-12-12 09:31:21 - [MESSAGE][PASSED] - Navigate to 'https://assist2-uat.perkeso.gov.my/login' successfully

2018-12-12 09:31:21 - [TEST_STEP][PASSED] - delay: Delayed 5 second(s)

2018-12-12 09:31:26 - [MESSAGE][PASSED] - Delayed 5 second(s)

2018-12-12 09:31:26 - [TEST_STEP][PASSED] - setText: Text 'test@liferay.com' is set on object 'Object Repository/Final Object Repo/Login Page/Internal User/Email Address'

2018-12-12 09:31:26 - [MESSAGE][PASSED] - Text 'test@liferay.com' is set on object 'Object Repository/Final Object Repo/Login Page/Internal User/Email Address'

2018-12-12 09:31:26 - [TEST_STEP][PASSED] - click: Object: 'Object Repository/Final Object Repo/Login Page/Internal User/Next Button' is clicked on

2018-12-12 09:31:26 - [MESSAGE][PASSED] - Object: 'Object Repository/Final Object Repo/Login Page/Internal User/Next Button' is clicked on

2018-12-12 09:31:26 - [TEST_STEP][PASSED] - delay: Delayed 2 second(s)

2018-12-12 09:31:28 - [MESSAGE][PASSED] - Delayed 2 second(s)

2018-12-12 09:31:28 - [TEST_STEP][PASSED] - setText: Text 'test' is set on object 'Object Repository/Final Object Repo/Login Page/Internal User/Password'

2018-12-12 09:31:29 - [MESSAGE][PASSED] - Text 'test' is set on object 'Object Repository/Final Object Repo/Login Page/Internal User/Password'

2018-12-12 09:31:29 - [TEST_STEP][PASSED] - delay: Delayed 2 second(s)

2018-12-12 09:31:31 - [MESSAGE][PASSED] - Delayed 2 second(s)

2018-12-12 09:31:31 - [TEST_STEP][PASSED] - click: Object: 'Object Repository/Final Object Repo/Login Page/Internal User/Login Button' is clicked on

2018-12-12 09:31:31 - [MESSAGE][PASSED] - Object: 'Object Repository/Final Object Repo/Login Page/Internal User/Login Button' is clicked on

2018-12-12 09:31:31 - [TEST_STEP][PASSED] - delay: Delayed 3 second(s)

2018-12-12 09:31:34 - [MESSAGE][PASSED] - Delayed 3 second(s)

2018-12-12 09:31:34 - [TEST_STEP][PASSED] - navigateToUrl: Navigate to 'https://assist2-uat.perkeso.gov.my/group/control_panel/manage?p_p_id=125&p_p_lifecycle=0&p_p_state=maximized&p_p_mode=view&refererPlid=20455&_125_usersListView=flat-users&_125_toolbarItem=view-all-users&_125_saveUsersListView=true&_125_struts_action=%2Fusers_admin%2Fview' successfully

2018-12-12 09:31:35 - [MESSAGE][PASSED] - Navigate to 'https://assist2-uat.perkeso.gov.my/group/control_panel/manage?p_p_id=125&p_p_lifecycle=0&p_p_state=maximized&p_p_mode=view&refererPlid=20455&_125_usersListView=flat-users&_125_toolbarItem=view-all-users&_125_saveUsersListView=true&_125_struts_action=%2Fusers_admin%2Fview' successfully

2018-12-12 09:31:35 - [TEST_STEP][PASSED] - delay: Delayed 3 second(s)

2018-12-12 09:31:38 - [MESSAGE][PASSED] - Delayed 3 second(s)

2018-12-12 09:31:38 - [TEST_STEP][PASSED] - setText: Text 'perkeso557760608602@gmail.com' is set on object 'Object Repository/Final Object Repo/Creating Employer Account/Page_Users and Organizations - ASSIST/Employer name'

2018-12-12 09:31:39 - [MESSAGE][PASSED] - Text 'perkeso557760608602@gmail.com' is set on object 'Object Repository/Final Object Repo/Creating Employer Account/Page_Users and Organizations - ASSIST/Employer name'

2018-12-12 09:31:39 - [TEST_STEP][PASSED] - delay: Delayed 3 second(s)

2018-12-12 09:31:42 - [MESSAGE][PASSED] - Delayed 3 second(s)

2018-12-12 09:31:42 - [TEST_STEP][PASSED] - click: Object: 'Object Repository/Final Object Repo/Creating Employer Account/Page_Users and Organizations - ASSIST/Search' is clicked on

2018-12-12 09:31:42 - [MESSAGE][PASSED] - Object: 'Object Repository/Final Object Repo/Creating Employer Account/Page_Users and Organizations - ASSIST/Search' is clicked on

2018-12-12 09:31:42 - [TEST_STEP][PASSED] - delay: Delayed 3 second(s)

2018-12-12 09:31:45 - [MESSAGE][PASSED] - Delayed 3 second(s)

2018-12-12 09:31:45 - [TEST_STEP][PASSED] - click: Object: 'Object Repository/Final Object Repo/Creating Employer Account/Page_Users and Organizations - ASSIST/Action' is clicked on

2018-12-12 09:31:46 - [MESSAGE][PASSED] - Object: 'Object Repository/Final Object Repo/Creating Employer Account/Page_Users and Organizations - ASSIST/Action' is clicked on

2018-12-12 09:31:46 - [TEST_STEP][PASSED] - delay: Delayed 3 second(s)

2018-12-12 09:31:49 - [MESSAGE][PASSED] - Delayed 3 second(s)

2018-12-12 09:31:49 - [TEST_STEP][PASSED] - click: Object: 'Object Repository/Final Object Repo/Creating Employer Account/Page_Users and Organizations - ASSIST/Edit' is clicked on

2018-12-12 09:31:50 - [MESSAGE][PASSED] - Object: 'Object Repository/Final Object Repo/Creating Employer Account/Page_Users and Organizations - ASSIST/Edit' is clicked on

2018-12-12 09:31:50 - [TEST_STEP][PASSED] - delay: Delayed 3 second(s)

2018-12-12 09:31:53 - [MESSAGE][PASSED] - Delayed 3 second(s)

2018-12-12 09:31:53 - [TEST_STEP][PASSED] - click: Object: 'Object Repository/Final Object Repo/Creating Employer Account/Page_PERKESO - Users and Organizati/a_Password (Modified)' is clicked on

2018-12-12 09:31:53 - [MESSAGE][PASSED] - Object: 'Object Repository/Final Object Repo/Creating Employer Account/Page_PERKESO - Users and Organizati/a_Password (Modified)' is clicked on

2018-12-12 09:31:53 - [TEST_STEP][PASSED] - delay: Delayed 3 second(s)

2018-12-12 09:31:56 - [MESSAGE][PASSED] - Delayed 3 second(s)

2018-12-12 09:31:56 - [TEST_STEP][PASSED] - setEncryptedText: Text ****** has been set on object 'Object Repository/Final Object Repo/Creating Employer Account/Page_PERKESO - Users and Organizati/input__125_password1'

2018-12-12 09:31:56 - [MESSAGE][PASSED] - Text ****** has been set on object 'Object Repository/Final Object Repo/Creating Employer Account/Page_PERKESO - Users and Organizati/input__125_password1'

2018-12-12 09:31:56 - [TEST_STEP][PASSED] - delay: Delayed 3 second(s)

2018-12-12 09:31:59 - [MESSAGE][PASSED] - Delayed 3 second(s)

2018-12-12 09:31:59 - [TEST_STEP][PASSED] - setEncryptedText: Text ****** has been set on object 'Object Repository/Final Object Repo/Creating Employer Account/Page_PERKESO - Users and Organizati/input__125_password2'

2018-12-12 09:32:00 - [MESSAGE][PASSED] - Text ****** has been set on object 'Object Repository/Final Object Repo/Creating Employer Account/Page_PERKESO - Users and Organizati/input__125_password2'

2018-12-12 09:32:00 - [TEST_STEP][PASSED] - delay: Delayed 3 second(s)

2018-12-12 09:32:03 - [MESSAGE][PASSED] - Delayed 3 second(s)

2018-12-12 09:32:03 - [TEST_STEP][PASSED] - click: Object: 'Object Repository/Final Object Repo/Creating Employer Account/Page_PERKESO - Users and Organizati/Save' is clicked on

2018-12-12 09:32:04 - [MESSAGE][PASSED] - Object: 'Object Repository/Final Object Repo/Creating Employer Account/Page_PERKESO - Users and Organizati/Save' is clicked on

2018-12-12 09:32:04 - [MESSAGE][PASSED] - Call Test Case 'Test Cases/Final Aug 2018 - PKS Automation/Create Employer Acc/Template/Change Password of Employer' successfully

2018-12-12 09:32:04 - [TEST_STEP][PASSED] - delay: Delayed 1 second(s)

2018-12-12 09:32:05 - [MESSAGE][PASSED] - Delayed 1 second(s)

2018-12-12 09:32:05 - [TEST_STEP][PASSED] - navigateToUrl: Navigate to 'https://assist2-uat.perkeso.gov.my/c/portal/logout' successfully

2018-12-12 09:32:06 - [MESSAGE][PASSED] - Navigate to 'https://assist2-uat.perkeso.gov.my/c/portal/logout' successfully

2018-12-12 09:32:06 - [TEST_STEP][PASSED] - delay: Delayed 1 second(s)

2018-12-12 09:32:07 - [MESSAGE][PASSED] - Delayed 1 second(s)

2018-12-12 09:32:07 - [TEST_STEP][PASSED] - callTestCase: Call Test Case 'Test Cases/Final Aug 2018 - PKS Automation/Create Employer Acc/Template/Login to Employer Account (First Time)' successfully

2018-12-12 09:32:07 - [TEST_CASE][PASSED] - Test Cases/Final Aug 2018 - PKS Automation/Create Employer Acc/Template/Login to Employer Account (First Time): Test Cases/Final Aug 2018 - PKS Automation/Create Employer Acc/Template/Login to Employer Account (First Time)

2018-12-12 09:32:07 - [TEST_STEP][PASSED] - openBrowser: Browser is opened with url: ''

2018-12-12 09:32:07 - [MESSAGE][WARNING] - A browser is already opened. Closing browser and opening a new one

2018-12-12 09:32:11 - [MESSAGE][PASSED] - Browser is opened with url: ''

2018-12-12 09:32:11 - [TEST_STEP][PASSED] - navigateToUrl: Navigate to 'https://assist2-uat.perkeso.gov.my/employer/login' successfully

2018-12-12 09:32:12 - [MESSAGE][PASSED] - Navigate to 'https://assist2-uat.perkeso.gov.my/employer/login' successfully

2018-12-12 09:32:12 - [TEST_STEP][PASSED] - delay: Delayed 3 second(s)

2018-12-12 09:32:15 - [MESSAGE][PASSED] - Delayed 3 second(s)

2018-12-12 09:32:15 - [TEST_STEP][PASSED] - callTestCase: Call Test Case 'Test Cases/Final Aug 2018 - PKS Automation/Create Employer Acc/Template/Employer Email Getter' successfully

2018-12-12 09:32:15 - [TEST_CASE][PASSED] - Test Cases/Final Aug 2018 - PKS Automation/Create Employer Acc/Template/Employer Email Getter: Test Cases/Final Aug 2018 - PKS Automation/Create Employer Acc/Template/Employer Email Getter

2018-12-12 09:32:15 - [TEST_STEP][PASSED] - Statement - Try: null

2018-12-12 09:32:15 - [TEST_STEP][PASSED] - Statement - EmpEmail = new java.io.File(C://Users//Admin//Desktop//PKS//Automation Reference Point//EmpEmail.txt): null

2018-12-12 09:32:15 - [TEST_STEP][PASSED] - Statement - bufferread = new java.io.BufferedReader(new java.io.FileReader(EmpEmail)): null

2018-12-12 09:32:15 - [TEST_STEP][PASSED] - Statement - readedVal = bufferread.readLine(): null

2018-12-12 09:32:15 - [TEST_STEP][PASSED] - Statement - out.println(readedVal): null

2018-12-12 09:32:15 - [TEST_STEP][PASSED] - Statement - Email = readedVal: null

2018-12-12 09:32:15 - [MESSAGE][PASSED] - Call Test Case 'Test Cases/Final Aug 2018 - PKS Automation/Create Employer Acc/Template/Employer Email Getter' successfully

2018-12-12 09:32:15 - [TEST_STEP][PASSED] - setText: Text 'perkeso557760608602@gmail.com' is set on object 'Object Repository/Final Object Repo/Login Page/External Login Page/Email'

2018-12-12 09:32:16 - [MESSAGE][PASSED] - Text 'perkeso557760608602@gmail.com' is set on object 'Object Repository/Final Object Repo/Login Page/External Login Page/Email'

2018-12-12 09:32:16 - [TEST_STEP][PASSED] - click: Object: 'Object Repository/Final Object Repo/Login Page/External Login Page/Next' is clicked on

2018-12-12 09:32:16 - [MESSAGE][PASSED] - Object: 'Object Repository/Final Object Repo/Login Page/External Login Page/Next' is clicked on

2018-12-12 09:32:16 - [TEST_STEP][PASSED] - delay: Delayed 3 second(s)

2018-12-12 09:32:19 - [MESSAGE][PASSED] - Delayed 3 second(s)

2018-12-12 09:32:19 - [TEST_STEP][PASSED] - setEncryptedText: Text ****** has been set on object 'Object Repository/Final Object Repo/Login Page/External Login Page/Password'

2018-12-12 09:32:19 - [MESSAGE][PASSED] - Text ****** has been set on object 'Object Repository/Final Object Repo/Login Page/External Login Page/Password'

2018-12-12 09:32:19 - [TEST_STEP][PASSED] - click: Object: 'Object Repository/Final Object Repo/Login Page/External Login Page/Login' is clicked on

2018-12-12 09:32:20 - [MESSAGE][PASSED] - Object: 'Object Repository/Final Object Repo/Login Page/External Login Page/Login' is clicked on

2018-12-12 09:32:20 - [TEST_STEP][PASSED] - delay: Delayed 3 second(s)

2018-12-12 09:32:23 - [MESSAGE][PASSED] - Delayed 3 second(s)

2018-12-12 09:32:23 - [TEST_STEP][PASSED] - click: Object: 'Object Repository/Final Object Repo/Creating Employer Account/Page_Terms of Use - ASSIST/button_I Agree' is clicked on

2018-12-12 09:32:24 - [MESSAGE][PASSED] - Object: 'Object Repository/Final Object Repo/Creating Employer Account/Page_Terms of Use - ASSIST/button_I Agree' is clicked on

2018-12-12 09:32:24 - [TEST_STEP][PASSED] - delay: Delayed 2 second(s)

2018-12-12 09:32:26 - [MESSAGE][PASSED] - Delayed 2 second(s)

2018-12-12 09:32:26 - [TEST_STEP][PASSED] - setEncryptedText: Text ****** has been set on object 'Object Repository/Final Object Repo/Creating Employer Account/Page_New Password - ASSIST/input_password1'

2018-12-12 09:32:26 - [MESSAGE][PASSED] - Text ****** has been set on object 'Object Repository/Final Object Repo/Creating Employer Account/Page_New Password - ASSIST/input_password1'

2018-12-12 09:32:26 - [TEST_STEP][PASSED] - setEncryptedText: Text ****** has been set on object 'Object Repository/Final Object Repo/Creating Employer Account/Page_New Password - ASSIST/input_password2'

2018-12-12 09:32:26 - [MESSAGE][PASSED] - Text ****** has been set on object 'Object Repository/Final Object Repo/Creating Employer Account/Page_New Password - ASSIST/input_password2'

2018-12-12 09:32:26 - [TEST_STEP][PASSED] - delay: Delayed 2 second(s)

2018-12-12 09:32:28 - [MESSAGE][PASSED] - Delayed 2 second(s)

2018-12-12 09:32:28 - [TEST_STEP][PASSED] - click: Object: 'Object Repository/Final Object Repo/Creating Employer Account/Page_New Password - ASSIST/Save' is clicked on

2018-12-12 09:32:28 - [MESSAGE][PASSED] - Object: 'Object Repository/Final Object Repo/Creating Employer Account/Page_New Password - ASSIST/Save' is clicked on

2018-12-12 09:32:28 - [TEST_STEP][PASSED] - delay: Delayed 2 second(s)

2018-12-12 09:32:30 - [MESSAGE][PASSED] - Delayed 2 second(s)

2018-12-12 09:32:30 - [TEST_STEP][PASSED] - setText: Text 'test' is set on object 'Object Repository/Final Object Repo/Creating Employer Account/Page_Password Reminder - ASSIST/Reminder Query Answer'

2018-12-12 09:32:30 - [MESSAGE][PASSED] - Text 'test' is set on object 'Object Repository/Final Object Repo/Creating Employer Account/Page_Password Reminder - ASSIST/Reminder Query Answer'

2018-12-12 09:32:30 - [TEST_STEP][PASSED] - delay: Delayed 2 second(s)

2018-12-12 09:32:32 - [MESSAGE][PASSED] - Delayed 2 second(s)

2018-12-12 09:32:32 - [TEST_STEP][PASSED] - doubleClick: Object: 'Object Repository/Final Object Repo/Creating Employer Account/Page_Password Reminder - ASSIST/Save' is double clicked on

2018-12-12 09:32:35 - [MESSAGE][PASSED] - Object: 'Object Repository/Final Object Repo/Creating Employer Account/Page_Password Reminder - ASSIST/Save' is double clicked on

2018-12-12 09:32:35 - [MESSAGE][PASSED] - Call Test Case 'Test Cases/Final Aug 2018 - PKS Automation/Create Employer Acc/Template/Login to Employer Account (First Time)' successfully

2018-12-12 09:32:35 - [MESSAGE][PASSED] - Call Test Case 'Test Cases/Final Aug 2018 - PKS Automation/Create Employer Acc/Create Employer Account' successfully

2018-12-12 09:32:35 - [TEST_STEP][PASSED] - callTestCase: Call Test Case 'Test Cases/Final Aug 2018 - PKS Automation/Registration Module/Log Out/log out avoiding katalon tagging' successfully

2018-12-12 09:32:35 - [TEST_CASE][PASSED] - Test Cases/Final Aug 2018 - PKS Automation/Registration Module/Log Out/log out avoiding katalon tagging: Test Cases/Final Aug 2018 - PKS Automation/Registration Module/Log Out/log out avoiding katalon tagging

2018-12-12 09:32:35 - [TEST_STEP][PASSED] - navigateToUrl: Navigate to 'https://assist2-uat.perkeso.gov.my/c/portal/logout' successfully

2018-12-12 09:32:36 - [MESSAGE][PASSED] - Navigate to 'https://assist2-uat.perkeso.gov.my/c/portal/logout' successfully

2018-12-12 09:32:36 - [MESSAGE][PASSED] - Call Test Case 'Test Cases/Final Aug 2018 - PKS Automation/Registration Module/Log Out/log out avoiding katalon tagging' successfully

2018-12-12 09:32:36 - [TEST_STEP][PASSED] - callTestCase: Call Test Case 'Test Cases/Final Aug 2018 - PKS Automation/Create Employer Acc/Login to Employer Account (Second time)' successfully

2018-12-12 09:32:36 - [TEST_CASE][PASSED] - Test Cases/Final Aug 2018 - PKS Automation/Create Employer Acc/Login to Employer Account (Second time): Test Cases/Final Aug 2018 - PKS Automation/Create Employer Acc/Login to Employer Account (Second time)

2018-12-12 09:32:36 - [TEST_STEP][PASSED] - openBrowser: Browser is opened with url: ''

2018-12-12 09:32:36 - [MESSAGE][WARNING] - A browser is already opened. Closing browser and opening a new one

2018-12-12 09:32:40 - [MESSAGE][PASSED] - Browser is opened with url: ''

2018-12-12 09:32:40 - [TEST_STEP][PASSED] - navigateToUrl: Navigate to 'https://assist2-uat.perkeso.gov.my/employer/login' successfully

2018-12-12 09:32:41 - [MESSAGE][PASSED] - Navigate to 'https://assist2-uat.perkeso.gov.my/employer/login' successfully

2018-12-12 09:32:41 - [TEST_STEP][PASSED] - delay: Delayed 3 second(s)

2018-12-12 09:32:44 - [MESSAGE][PASSED] - Delayed 3 second(s)

2018-12-12 09:32:44 - [TEST_STEP][PASSED] - callTestCase: Call Test Case 'Test Cases/Final Aug 2018 - PKS Automation/Create Employer Acc/Template/Employer Email Getter' successfully

2018-12-12 09:32:44 - [TEST_CASE][PASSED] - Test Cases/Final Aug 2018 - PKS Automation/Create Employer Acc/Template/Employer Email Getter: Test Cases/Final Aug 2018 - PKS Automation/Create Employer Acc/Template/Employer Email Getter

2018-12-12 09:32:44 - [TEST_STEP][PASSED] - Statement - Try: null

2018-12-12 09:32:44 - [TEST_STEP][PASSED] - Statement - EmpEmail = new java.io.File(C://Users//Admin//Desktop//PKS//Automation Reference Point//EmpEmail.txt): null

2018-12-12 09:32:44 - [TEST_STEP][PASSED] - Statement - bufferread = new java.io.BufferedReader(new java.io.FileReader(EmpEmail)): null

2018-12-12 09:32:44 - [TEST_STEP][PASSED] - Statement - readedVal = bufferread.readLine(): null

2018-12-12 09:32:44 - [TEST_STEP][PASSED] - Statement - out.println(readedVal): null

2018-12-12 09:32:44 - [TEST_STEP][PASSED] - Statement - Email = readedVal: null

2018-12-12 09:32:44 - [MESSAGE][PASSED] - Call Test Case 'Test Cases/Final Aug 2018 - PKS Automation/Create Employer Acc/Template/Employer Email Getter' successfully

2018-12-12 09:32:44 - [TEST_STEP][PASSED] - setText: Text 'perkeso557760608602@gmail.com' is set on object 'Object Repository/Final Object Repo/Login Page/External Login Page/Email'

2018-12-12 09:32:45 - [MESSAGE][PASSED] - Text 'perkeso557760608602@gmail.com' is set on object 'Object Repository/Final Object Repo/Login Page/External Login Page/Email'

2018-12-12 09:32:45 - [TEST_STEP][PASSED] - click: Object: 'Object Repository/Final Object Repo/Login Page/External Login Page/Next' is clicked on

2018-12-12 09:32:45 - [MESSAGE][PASSED] - Object: 'Object Repository/Final Object Repo/Login Page/External Login Page/Next' is clicked on

2018-12-12 09:32:45 - [TEST_STEP][PASSED] - delay: Delayed 3 second(s)

2018-12-12 09:32:48 - [MESSAGE][PASSED] - Delayed 3 second(s)

2018-12-12 09:32:48 - [TEST_STEP][PASSED] - setEncryptedText: Text ****** has been set on object 'Object Repository/Final Object Repo/Login Page/External Login Page/Password'

2018-12-12 09:32:48 - [MESSAGE][PASSED] - Text ****** has been set on object 'Object Repository/Final Object Repo/Login Page/External Login Page/Password'

2018-12-12 09:32:48 - [TEST_STEP][PASSED] - click: Object: 'Object Repository/Final Object Repo/Login Page/External Login Page/Login' is clicked on

2018-12-12 09:32:48 - [MESSAGE][PASSED] - Object: 'Object Repository/Final Object Repo/Login Page/External Login Page/Login' is clicked on

2018-12-12 09:32:48 - [TEST_STEP][PASSED] - delay: Delayed 5 second(s)

2018-12-12 09:32:53 - [MESSAGE][PASSED] - Delayed 5 second(s)

2018-12-12 09:32:53 - [MESSAGE][PASSED] - Call Test Case 'Test Cases/Final Aug 2018 - PKS Automation/Create Employer Acc/Login to Employer Account (Second time)' successfully

2018-12-12 09:32:53 - [TEST_STEP][PASSED] - delay: Delayed 4 second(s)

2018-12-12 09:32:57 - [MESSAGE][PASSED] - Delayed 4 second(s)

2018-12-12 09:32:57 - [TEST_STEP][PASSED] - Statement - Try: Delayed 2 second(s)

2018-12-12 09:32:57 - [TEST_STEP][PASSED] - Statement - Checker = false: null

2018-12-12 09:32:57 - [TEST_STEP][PASSED] - Statement - Checker = com.kms.katalon.core.webui.keyword.WebUiBuiltInKeywords.verifyElementHasAttribute(com.kms.katalon.core.testobject.ObjectRepository.findTestObject(Final Object Repo/Landing Page/BM Detecting), "href", 20, OPTIONAL): Object 'Object Repository/Final Object Repo/Landing Page/BM Detecting' has attribute 'href'

2018-12-12 09:32:57 - [MESSAGE][PASSED] - Object 'Object Repository/Final Object Repo/Landing Page/BM Detecting' has attribute 'href'

2018-12-12 09:32:57 - [TEST_STEP][PASSED] - Statement - out.println(Checker): null

2018-12-12 09:32:57 - [TEST_STEP][PASSED] - Statement - If (Checker == false): null

2018-12-12 09:32:57 - [TEST_STEP][PASSED] - Statement - Else: null

2018-12-12 09:32:57 - [TEST_STEP][PASSED] - delay: Delayed 2 second(s)

2018-12-12 09:32:59 - [MESSAGE][PASSED] - Delayed 2 second(s)

2018-12-12 09:32:59 - [TEST_STEP][PASSED] - delay: Delayed 4 second(s)

2018-12-12 09:33:03 - [MESSAGE][PASSED] - Delayed 4 second(s)

2018-12-12 09:33:03 - [TEST_STEP][PASSED] - click: Object: 'Object Repository/Final Object Repo/Landing Page/My Sites Drop Down' is clicked on

2018-12-12 09:33:04 - [MESSAGE][PASSED] - Object: 'Object Repository/Final Object Repo/Landing Page/My Sites Drop Down' is clicked on

2018-12-12 09:33:04 - [TEST_STEP][PASSED] - click: Object: 'Object Repository/Final Object Repo/Landing Page/Select to Registration Module' is clicked on

2018-12-12 09:33:06 - [MESSAGE][PASSED] - Object: 'Object Repository/Final Object Repo/Landing Page/Select to Registration Module' is clicked on

2018-12-12 09:33:06 - [TEST_STEP][PASSED] - click: Object: 'Object Repository/Final Object Repo/Landing Page/Registration Button' is clicked on

2018-12-12 09:33:08 - [MESSAGE][PASSED] - Object: 'Object Repository/Final Object Repo/Landing Page/Registration Button' is clicked on

2018-12-12 09:33:08 - [TEST_STEP][PASSED] - delay: Delayed 2 second(s)

2018-12-12 09:33:10 - [MESSAGE][PASSED] - Delayed 2 second(s)

2018-12-12 09:33:10 - [TEST_STEP][PASSED] - click: Object: 'Object Repository/Final Object Repo/New Registration - Registration Module Pages/New Reg - OTC to RO/Special Case - OTC - Form 1/AEC NO' is clicked on

2018-12-12 09:33:10 - [MESSAGE][PASSED] - Object: 'Object Repository/Final Object Repo/New Registration - Registration Module Pages/New Reg - OTC to RO/Special Case - OTC - Form 1/AEC NO' is clicked on

2018-12-12 09:33:10 - [TEST_STEP][PASSED] - click: Object: 'Object Repository/Final Object Repo/New Registration - Registration Module Pages/New Reg - OTC to RO/Special Case - OTC - Form 1/Business Entity - Please Select' is clicked on

2018-12-12 09:33:10 - [MESSAGE][PASSED] - Object: 'Object Repository/Final Object Repo/New Registration - Registration Module Pages/New Reg - OTC to RO/Special Case - OTC - Form 1/Business Entity - Please Select' is clicked on

2018-12-12 09:33:10 - [TEST_STEP][PASSED] - click: Object: 'Object Repository/Final Object Repo/New Registration - Registration Module Pages/New Reg - OTC to RO/Special Case - OTC - Form 1/Selected - Corporation' is clicked on

2018-12-12 09:33:10 - [MESSAGE][PASSED] - Object: 'Object Repository/Final Object Repo/New Registration - Registration Module Pages/New Reg - OTC to RO/Special Case - OTC - Form 1/Selected - Corporation' is clicked on

2018-12-12 09:33:10 - [TEST_STEP][PASSED] - delay: Delayed 2 second(s)

2018-12-12 09:33:12 - [MESSAGE][PASSED] - Delayed 2 second(s)

2018-12-12 09:33:12 - [TEST_STEP][PASSED] - click: Object: 'Object Repository/Final Object Repo/New Registration - Registration Module Pages/New Reg - OTC to RO/Special Case - OTC - Form 1/Sub Business Entity - Please Select' is clicked on

2018-12-12 09:33:13 - [MESSAGE][PASSED] - Object: 'Object Repository/Final Object Repo/New Registration - Registration Module Pages/New Reg - OTC to RO/Special Case - OTC - Form 1/Sub Business Entity - Please Select' is clicked on

2018-12-12 09:33:13 - [TEST_STEP][PASSED] - delay: Delayed 2 second(s)

2018-12-12 09:33:15 - [MESSAGE][PASSED] - Delayed 2 second(s)

2018-12-12 09:33:15 - [TEST_STEP][PASSED] - click: Object: 'Object Repository/Final Object Repo/New Registration - Registration Module Pages/New Reg - OTC to RO/Special Case - OTC - Form 1/Selected - Sendirian Berhad' is clicked on

2018-12-12 09:33:15 - [MESSAGE][PASSED] - Object: 'Object Repository/Final Object Repo/New Registration - Registration Module Pages/New Reg - OTC to RO/Special Case - OTC - Form 1/Selected - Sendirian Berhad' is clicked on

2018-12-12 09:33:15 - [TEST_STEP][PASSED] - setText: Text 'AUTOMATE001' is set on object 'Object Repository/Final Object Repo/New Registration - Registration Module Pages/New Reg - OTC to RO/Special Case - OTC - Form 1/Input BRN Number'

2018-12-12 09:33:15 - [MESSAGE][PASSED] - Text 'AUTOMATE001' is set on object 'Object Repository/Final Object Repo/New Registration - Registration Module Pages/New Reg - OTC to RO/Special Case - OTC - Form 1/Input BRN Number'

2018-12-12 09:33:15 - [TEST_STEP][PASSED] - delay: Delayed 2 second(s)

2018-12-12 09:33:17 - [MESSAGE][PASSED] - Delayed 2 second(s)

2018-12-12 09:33:17 - [TEST_STEP][PASSED] - click: Object: 'Object Repository/Final Object Repo/New Registration - Registration Module Pages/New Reg - OTC to RO/Special Case - OTC - Form 1/BRN Search' is clicked on

2018-12-12 09:33:17 - [MESSAGE][PASSED] - Object: 'Object Repository/Final Object Repo/New Registration - Registration Module Pages/New Reg - OTC to RO/Special Case - OTC - Form 1/BRN Search' is clicked on

2018-12-12 09:33:17 - [TEST_STEP][PASSED] - delay: Delayed 4 second(s)

2018-12-12 09:33:21 - [MESSAGE][PASSED] - Delayed 4 second(s)

2018-12-12 09:33:21 - [TEST_STEP][PASSED] - click: Object: 'Object Repository/Final Object Repo/New Registration - Registration Module Pages/New Reg - OTC to RO/Special Case - OTC - Form 1/Registered with SSM - After Feb 2017' is clicked on

2018-12-12 09:33:22 - [MESSAGE][PASSED] - Object: 'Object Repository/Final Object Repo/New Registration - Registration Module Pages/New Reg - OTC to RO/Special Case - OTC - Form 1/Registered with SSM - After Feb 2017' is clicked on

2018-12-12 09:33:22 - [TEST_STEP][PASSED] - delay: Delayed 2 second(s)

2018-12-12 09:33:24 - [MESSAGE][PASSED] - Delayed 2 second(s)

2018-12-12 09:33:24 - [TEST_STEP][PASSED] - click: Object: 'Object Repository/Final Object Repo/New Registration - Registration Module Pages/Form 1/Registered As a Branch - Yes' is clicked on

2018-12-12 09:33:24 - [MESSAGE][PASSED] - Object: 'Object Repository/Final Object Repo/New Registration - Registration Module Pages/Form 1/Registered As a Branch - Yes' is clicked on

2018-12-12 09:33:24 - [TEST_STEP][PASSED] - click: Object: 'Object Repository/Final Object Repo/New Registration - Registration Module Pages/New Reg - OTC to RO/Special Case - OTC - Form 1/Acknowledgement Ticked' is clicked on

2018-12-12 09:33:24 - [MESSAGE][PASSED] - Object: 'Object Repository/Final Object Repo/New Registration - Registration Module Pages/New Reg - OTC to RO/Special Case - OTC - Form 1/Acknowledgement Ticked' is clicked on

2018-12-12 09:33:24 - [TEST_STEP][PASSED] - setText: Text 'perkeso557760608602@gmail.com' is set on object 'Object Repository/Final Object Repo/New Registration - Registration Module Pages/Form 1/Email'

2018-12-12 09:33:25 - [MESSAGE][PASSED] - Text 'perkeso557760608602@gmail.com' is set on object 'Object Repository/Final Object Repo/New Registration - Registration Module Pages/Form 1/Email'

2018-12-12 09:33:25 - [TEST_STEP][PASSED] - click: Object: 'Object Repository/Final Object Repo/New Registration - Registration Module Pages/New Reg - OTC to RO/Special Case - OTC - Form 1/Submit Button' is clicked on

2018-12-12 09:33:25 - [MESSAGE][PASSED] - Object: 'Object Repository/Final Object Repo/New Registration - Registration Module Pages/New Reg - OTC to RO/Special Case - OTC - Form 1/Submit Button' is clicked on

2018-12-12 09:33:25 - [TEST_STEP][PASSED] - callTestCase: Call Test Case 'Test Cases/Final Aug 2018 - PKS Automation/Registration Module/New Registration/Form 2/Add 1 Eligible - Employer Account Use' successfully

2018-12-12 09:33:25 - [TEST_CASE][PASSED] - Test Cases/Final Aug 2018 - PKS Automation/Registration Module/New Registration/Form 2/Add 1 Eligible - Employer Account Use: Test Cases/Final Aug 2018 - PKS Automation/Registration Module/New Registration/Form 2/Add 1 Eligible - Employer Account Use

2018-12-12 09:33:25 - [TEST_STEP][PASSED] - delay: Delayed 2 second(s)

2018-12-12 09:33:27 - [MESSAGE][PASSED] - Delayed 2 second(s)

2018-12-12 09:33:27 - [TEST_STEP][PASSED] - callTestCase: Call Test Case 'Test Cases/Final Aug 2018 - PKS Automation/Registration Module/New Registration/Form 2/Date Updater' successfully

2018-12-12 09:33:27 - [TEST_CASE][PASSED] - Test Cases/Final Aug 2018 - PKS Automation/Registration Module/New Registration/Form 2/Date Updater: Test Cases/Final Aug 2018 - PKS Automation/Registration Module/New Registration/Form 2/Date Updater

2018-12-12 09:33:27 - [TEST_STEP][PASSED] - Statement - TodayDate = new java.util.Date(): null

2018-12-12 09:33:27 - [TEST_STEP][PASSED] - Statement - CurrentDateNoFilter = new java.text.SimpleDateFormat(): null

2018-12-12 09:33:27 - [TEST_STEP][PASSED] - Statement - CurrentDateNoFilter.applyPattern("MM"): null

2018-12-12 09:33:27 - [TEST_STEP][PASSED] - Statement - monthContainerMatcher = java.lang.Integer.parseInt(CurrentDateNoFilter.format(TodayDate)): null

2018-12-12 09:33:27 - [TEST_STEP][PASSED] - Statement - monthContainerMatcher = monthContainerMatcher - 1: null

2018-12-12 09:33:27 - [TEST_STEP][PASSED] - Statement - CurrentMonth = monthContainerMatcher.toString(): null

2018-12-12 09:33:27 - [TEST_STEP][PASSED] - Statement - CurrentMonth = CurrentMonth: null

2018-12-12 09:33:27 - [TEST_STEP][PASSED] - Statement - CurrentDateNoFilter.applyPattern("yyyy"): null

2018-12-12 09:33:27 - [TEST_STEP][PASSED] - Statement - CurrentYear = CurrentDateNoFilter.format(TodayDate): null

2018-12-12 09:33:27 - [TEST_STEP][PASSED] - Statement - CurrentYear = CurrentYear: null

2018-12-12 09:33:27 - [TEST_STEP][PASSED] - Statement - intCurrentYear = java.lang.Integer.parseInt(CurrentDateNoFilter.format(TodayDate)): null

2018-12-12 09:33:27 - [TEST_STEP][PASSED] - Statement - eighteenYrsAgo = intCurrentYear - 18: null

2018-12-12 09:33:27 - [TEST_STEP][PASSED] - Statement - eighteenYrsBeforeThisYr = eighteenYrsAgo.toString(): null

2018-12-12 09:33:27 - [TEST_STEP][PASSED] - Statement - EighteenYrsBefore = eighteenYrsBeforeThisYr: null

2018-12-12 09:33:27 - [TEST_STEP][PASSED] - Statement - fiftysevenYrsAgo = intCurrentYear - 57: null

2018-12-12 09:33:27 - [TEST_STEP][PASSED] - Statement - fiftysevenYrsBeforeThisYr = fiftysevenYrsAgo.toString(): null

2018-12-12 09:33:27 - [TEST_STEP][PASSED] - Statement - FiftysevenYrsBefore = fiftysevenYrsBeforeThisYr: null

2018-12-12 09:33:27 - [TEST_STEP][PASSED] - Statement - leapYear = false: null

2018-12-12 09:33:27 - [TEST_STEP][PASSED] - Statement - leapYear = intCurrentYear % 4 == 0: null

2018-12-12 09:33:27 - [TEST_STEP][PASSED] - Statement - CurrentDateNoFilter.applyPattern("dd"): null

2018-12-12 09:33:27 - [TEST_STEP][PASSED] - Statement - CurrentDate = CurrentDateNoFilter.format(TodayDate): null

2018-12-12 09:33:27 - [TEST_STEP][PASSED] - Statement - CurrentDate = java.lang.Integer.parseInt(CurrentDate): null

2018-12-12 09:33:27 - [TEST_STEP][PASSED] - Statement - CurrentDate = CurrentDate: null

2018-12-12 09:33:27 - [TEST_STEP][PASSED] - Statement - CurrentDay = java.lang.Integer.parseInt(CurrentDate): null

2018-12-12 09:33:27 - [TEST_STEP][PASSED] - Statement - ConfAdder = <not implemented yet for class: org.codehaus.groovy.ast.expr.EmptyExpression>: null

2018-12-12 09:33:27 - [TEST_STEP][PASSED] - Statement - out.println(CurrentMonth): null

2018-12-12 09:33:27 - [TEST_STEP][PASSED] - Statement - out.println(CurrentDate): null

2018-12-12 09:33:27 - [TEST_STEP][PASSED] - Statement - switch (CurrentDate): null

2018-12-12 09:33:27 - [TEST_STEP][PASSED] - Statement - Default: null

2018-12-12 09:33:27 - [TEST_STEP][PASSED] - Statement - ConfAdder = true: null

2018-12-12 09:33:27 - [TEST_STEP][PASSED] - Statement - Break: null

2018-12-12 09:33:27 - [TEST_STEP][PASSED] - Statement - aDayBefore = <not implemented yet for class: org.codehaus.groovy.ast.expr.EmptyExpression>: null

2018-12-12 09:33:27 - [TEST_STEP][PASSED] - Statement - out.println(ConfAdder): null

2018-12-12 09:33:27 - [TEST_STEP][PASSED] - Statement - If (ConfAdder == true): null

2018-12-12 09:33:27 - [TEST_STEP][PASSED] - Statement - aDayBefore = CurrentDay + 1: null

2018-12-12 09:33:27 - [TEST_STEP][PASSED] - Statement - out.println(aDayBefore): null

2018-12-12 09:33:27 - [TEST_STEP][PASSED] - Statement - If (aDayBefore == 1 && CurrentMonth == 11): null

2018-12-12 09:33:27 - [TEST_STEP][PASSED] - Statement - DayBefore = aDayBefore.toString(): null

2018-12-12 09:33:27 - [TEST_STEP][PASSED] - Statement - OneDayBefore = DayBefore: null

2018-12-12 09:33:27 - [MESSAGE][PASSED] - Call Test Case 'Test Cases/Final Aug 2018 - PKS Automation/Registration Module/New Registration/Form 2/Date Updater' successfully

2018-12-12 09:33:27 - [TEST_STEP][PASSED] - delay: Delayed 1 second(s)

2018-12-12 09:33:28 - [MESSAGE][PASSED] - Delayed 1 second(s)

2018-12-12 09:33:28 - [TEST_STEP][PASSED] - Statement - CaseReferenceNo = com.kms.katalon.core.webui.keyword.WebUiBuiltInKeywords.getText(com.kms.katalon.core.testobject.ObjectRepository.findTestObject(Final Object Repo/New Registration - Registration Module Pages/Form 2/RefNo Acquiring)): Text of object 'Object Repository/Final Object Repo/New Registration - Registration Module Pages/Form 2/RefNo Acquiring' is: 'CRN12201800123193'

2018-12-12 09:33:28 - [MESSAGE][PASSED] - Text of object 'Object Repository/Final Object Repo/New Registration - Registration Module Pages/Form 2/RefNo Acquiring' is: 'CRN12201800123193'

2018-12-12 09:33:28 - [TEST_STEP][PASSED] - delay: Delayed 1 second(s)

2018-12-12 09:33:29 - [MESSAGE][PASSED] - Delayed 1 second(s)

2018-12-12 09:33:29 - [TEST_STEP][PASSED] - click: Object: 'Object Repository/Final Object Repo/New Registration - Registration Module Pages/Form 2/Add Employee Button' is clicked on

2018-12-12 09:33:29 - [MESSAGE][PASSED] - Object: 'Object Repository/Final Object Repo/New Registration - Registration Module Pages/Form 2/Add Employee Button' is clicked on

2018-12-12 09:33:29 - [TEST_STEP][PASSED] - delay: Delayed 1 second(s)

2018-12-12 09:33:30 - [MESSAGE][PASSED] - Delayed 1 second(s)

2018-12-12 09:33:30 - [TEST_STEP][PASSED] - setText: Text '010903091948' is set on object 'Object Repository/Final Object Repo/New Registration - Registration Module Pages/Form 2/NRIC Input'

2018-12-12 09:33:31 - [MESSAGE][PASSED] - Text '010903091948' is set on object 'Object Repository/Final Object Repo/New Registration - Registration Module Pages/Form 2/NRIC Input'

2018-12-12 09:33:31 - [TEST_STEP][PASSED] - delay: Delayed 2 second(s)

2018-12-12 09:33:33 - [MESSAGE][PASSED] - Delayed 2 second(s)

2018-12-12 09:33:33 - [TEST_STEP][PASSED] - setText: Text 'Automate001 eligible 1' is set on object 'Object Repository/Final Object Repo/New Registration - Registration Module Pages/Form 2/Employee Name Input'

2018-12-12 09:33:33 - [MESSAGE][PASSED] - Text 'Automate001 eligible 1' is set on object 'Object Repository/Final Object Repo/New Registration - Registration Module Pages/Form 2/Employee Name Input'

2018-12-12 09:33:33 - [TEST_STEP][PASSED] - delay: Delayed 2 second(s)

2018-12-12 09:33:35 - [MESSAGE][PASSED] - Delayed 2 second(s)

2018-12-12 09:33:35 - [TEST_STEP][PASSED] - click: Object: 'Object Repository/Final Object Repo/New Registration - Registration Module Pages/Form 2/DatePicker Pop Up' is clicked on

2018-12-12 09:33:36 - [MESSAGE][PASSED] - Object: 'Object Repository/Final Object Repo/New Registration - Registration Module Pages/Form 2/DatePicker Pop Up' is clicked on

2018-12-12 09:33:36 - [TEST_STEP][PASSED] - click: Object: 'Object Repository/Final Object Repo/New Registration - Registration Module Pages/Form 2/DOB Month' is clicked on

2018-12-12 09:33:36 - [MESSAGE][PASSED] - Object: 'Object Repository/Final Object Repo/New Registration - Registration Module Pages/Form 2/DOB Month' is clicked on

2018-12-12 09:33:36 - [TEST_STEP][PASSED] - Statement - CurrentMonth = CurrentMonth: null

2018-12-12 09:33:36 - [TEST_STEP][PASSED] - Statement - selectMonth = new com.kms.katalon.core.testobject.TestObject(): null

2018-12-12 09:33:36 - [TEST_STEP][PASSED] - Statement - selectMonth.addProperty("xpath", EQUALS, "//body/div/div/div/select/option[@value='" + CurrentMonth + "']", true): null

2018-12-12 09:33:36 - [TEST_STEP][PASSED] - click: Object: '' is clicked on

2018-12-12 09:33:36 - [MESSAGE][PASSED] - Object: '' is clicked on

2018-12-12 09:33:36 - [TEST_STEP][PASSED] - click: Object: 'Object Repository/Final Object Repo/New Registration - Registration Module Pages/Form 2/DOB Year' is clicked on

2018-12-12 09:33:36 - [MESSAGE][PASSED] - Object: 'Object Repository/Final Object Repo/New Registration - Registration Module Pages/Form 2/DOB Year' is clicked on

2018-12-12 09:33:36 - [TEST_STEP][PASSED] - Statement - Eyearsbf = EighteenYrsBefore: null

2018-12-12 09:33:36 - [TEST_STEP][PASSED] - Statement - selectYear = new com.kms.katalon.core.testobject.TestObject(): null

2018-12-12 09:33:36 - [TEST_STEP][PASSED] - Statement - selectYear.addProperty("xpath", EQUALS, "//div/div/div/select/option[@value='" + Eyearsbf + "']", true): null

2018-12-12 09:33:36 - [TEST_STEP][PASSED] - click: Object: '' is clicked on

2018-12-12 09:33:36 - [MESSAGE][PASSED] - Object: '' is clicked on

2018-12-12 09:33:36 - [TEST_STEP][PASSED] - Statement - UpdatedSelectDate = com.kms.katalon.core.webui.keyword.WebUiBuiltInKeywords.modifyObjectProperty(com.kms.katalon.core.testobject.ObjectRepository.findTestObject(Final Object Repo/New Registration - Registration Module Pages/Form 2/DOB Date), "xpath", "equals", "//body/div/table/tbody/tr/td/a[text()="" + CurrentDate + ""]", true): Modify property of object successfully

2018-12-12 09:33:36 - [MESSAGE][PASSED] - Modify property of object successfully

2018-12-12 09:33:36 - [TEST_STEP][PASSED] - delay: Delayed 3 second(s)

2018-12-12 09:33:39 - [MESSAGE][PASSED] - Delayed 3 second(s)

2018-12-12 09:33:39 - [TEST_STEP][PASSED] - click: Object: 'Object Repository/Final Object Repo/New Registration - Registration Module Pages/Form 2/DOB Date' is clicked on

2018-12-12 09:33:40 - [MESSAGE][PASSED] - Object: 'Object Repository/Final Object Repo/New Registration - Registration Module Pages/Form 2/DOB Date' is clicked on

2018-12-12 09:33:40 - [TEST_STEP][PASSED] - delay: Delayed 2 second(s)

2018-12-12 09:33:42 - [MESSAGE][PASSED] - Delayed 2 second(s)

2018-12-12 09:33:42 - [TEST_STEP][PASSED] - click: Object: 'Object Repository/Final Object Repo/New Registration - Registration Module Pages/Form 2/EmploymentStartDate Pop Up' is clicked on

2018-12-12 09:33:42 - [MESSAGE][PASSED] - Object: 'Object Repository/Final Object Repo/New Registration - Registration Module Pages/Form 2/EmploymentStartDate Pop Up' is clicked on

2018-12-12 09:33:42 - [TEST_STEP][PASSED] - delay: Delayed 2 second(s)

2018-12-12 09:33:44 - [MESSAGE][PASSED] - Delayed 2 second(s)

2018-12-12 09:33:44 - [TEST_STEP][PASSED] - click: Object: 'Object Repository/Final Object Repo/New Registration - Registration Module Pages/Form 2/Socso Employment StartDate Month' is clicked on

2018-12-12 09:33:44 - [MESSAGE][PASSED] - Object: 'Object Repository/Final Object Repo/New Registration - Registration Module Pages/Form 2/Socso Employment StartDate Month' is clicked on

2018-12-12 09:33:44 - [TEST_STEP][PASSED] - delay: Delayed 1 second(s)

2018-12-12 09:33:45 - [MESSAGE][PASSED] - Delayed 1 second(s)

2018-12-12 09:33:45 - [TEST_STEP][PASSED] - click: Object: 'Object Repository/Final Object Repo/New Registration - Registration Module Pages/Form 2/Select Socso Employement Startdate Month' is clicked on

2018-12-12 09:33:45 - [MESSAGE][PASSED] - Object: 'Object Repository/Final Object Repo/New Registration - Registration Module Pages/Form 2/Select Socso Employement Startdate Month' is clicked on

2018-12-12 09:33:45 - [TEST_STEP][PASSED] - delay: Delayed 2 second(s)

2018-12-12 09:33:47 - [MESSAGE][PASSED] - Delayed 2 second(s)

2018-12-12 09:33:47 - [TEST_STEP][PASSED] - click: Object: 'Object Repository/Final Object Repo/New Registration - Registration Module Pages/Form 2/Socso Employment StartDate Year' is clicked on

2018-12-12 09:33:47 - [MESSAGE][PASSED] - Object: 'Object Repository/Final Object Repo/New Registration - Registration Module Pages/Form 2/Socso Employment StartDate Year' is clicked on

2018-12-12 09:33:47 - [TEST_STEP][PASSED] - delay: Delayed 1 second(s)

2018-12-12 09:33:48 - [MESSAGE][PASSED] - Delayed 1 second(s)

2018-12-12 09:33:48 - [TEST_STEP][PASSED] - click: Object: 'Object Repository/Final Object Repo/New Registration - Registration Module Pages/Form 2/Select Socso Employment Startdate Year' is clicked on

2018-12-12 09:33:48 - [MESSAGE][PASSED] - Object: 'Object Repository/Final Object Repo/New Registration - Registration Module Pages/Form 2/Select Socso Employment Startdate Year' is clicked on

2018-12-12 09:33:48 - [TEST_STEP][PASSED] - delay: Delayed 2 second(s)

2018-12-12 09:33:50 - [MESSAGE][PASSED] - Delayed 2 second(s)

2018-12-12 09:33:50 - [TEST_STEP][PASSED] - click: Object: 'Object Repository/Final Object Repo/New Registration - Registration Module Pages/Form 2/Socso Employment Start Date Day' is clicked on

2018-12-12 09:33:51 - [MESSAGE][PASSED] - Object: 'Object Repository/Final Object Repo/New Registration - Registration Module Pages/Form 2/Socso Employment Start Date Day' is clicked on

2018-12-12 09:33:51 - [TEST_STEP][PASSED] - delay: Delayed 2 second(s)

2018-12-12 09:33:53 - [MESSAGE][PASSED] - Delayed 2 second(s)

2018-12-12 09:33:53 - [TEST_STEP][PASSED] - click: Object: 'Object Repository/Final Object Repo/New Registration - Registration Module Pages/Form 2/Save Button for Add Employee' is clicked on

2018-12-12 09:33:53 - [MESSAGE][PASSED] - Object: 'Object Repository/Final Object Repo/New Registration - Registration Module Pages/Form 2/Save Button for Add Employee' is clicked on

2018-12-12 09:33:53 - [TEST_STEP][PASSED] - delay: Delayed 6 second(s)

2018-12-12 09:33:59 - [MESSAGE][PASSED] - Delayed 6 second(s)

2018-12-12 09:33:59 - [TEST_STEP][PASSED] - click: Object: 'Object Repository/Final Object Repo/New Registration - Registration Module Pages/Form 2/Save and Continue Form 2' is clicked on

2018-12-12 09:33:59 - [MESSAGE][PASSED] - Object: 'Object Repository/Final Object Repo/New Registration - Registration Module Pages/Form 2/Save and Continue Form 2' is clicked on

2018-12-12 09:33:59 - [MESSAGE][PASSED] - Call Test Case 'Test Cases/Final Aug 2018 - PKS Automation/Registration Module/New Registration/Form 2/Add 1 Eligible - Employer Account Use' successfully

2018-12-12 09:33:59 - [TEST_STEP][PASSED] - callTestCase: Call Test Case 'Test Cases/Final Aug 2018 - PKS Automation/Registration Module/New Registration/Flow of New Registration/Third Screen - Upload Supporting Doc - Preview' successfully

2018-12-12 09:33:59 - [TEST_CASE][PASSED] - Test Cases/Final Aug 2018 - PKS Automation/Registration Module/New Registration/Flow of New Registration/Third Screen - Upload Supporting Doc - Preview: Test Cases/Final Aug 2018 - PKS Automation/Registration Module/New Registration/Flow of New Registration/Third Screen - Upload Supporting Doc - Preview

2018-12-12 09:33:59 - [TEST_STEP][PASSED] - waitForPageLoad: Wait for page load successfully

2018-12-12 09:34:00 - [MESSAGE][PASSED] - Wait for page load successfully

2018-12-12 09:34:00 - [TEST_STEP][PASSED] - Statement - CaseReferenceNo = com.kms.katalon.core.webui.keyword.WebUiBuiltInKeywords.getText(com.kms.katalon.core.testobject.ObjectRepository.findTestObject(Final Object Repo/New Registration - Registration Module Pages/Third Screen - Upload Supporting Doc- Preview/RefNo Acquiring)): Text of object 'Object Repository/Final Object Repo/New Registration - Registration Module Pages/Third Screen - Upload Supporting Doc- Preview/RefNo Acquiring' is: 'CRN12201800123193'

2018-12-12 09:34:00 - [MESSAGE][PASSED] - Text of object 'Object Repository/Final Object Repo/New Registration - Registration Module Pages/Third Screen - Upload Supporting Doc- Preview/RefNo Acquiring' is: 'CRN12201800123193'

2018-12-12 09:34:00 - [TEST_STEP][PASSED] - delay: Delayed 2 second(s)

2018-12-12 09:34:02 - [MESSAGE][PASSED] - Delayed 2 second(s)

2018-12-12 09:34:02 - [TEST_STEP][PASSED] - callTestCase: Call Test Case 'Test Cases/Final Aug 2018 - PKS Automation/Common/Reference Number Setter' successfully

2018-12-12 09:34:02 - [TEST_CASE][PASSED] - Test Cases/Final Aug 2018 - PKS Automation/Common/Reference Number Setter: Test Cases/Final Aug 2018 - PKS Automation/Common/Reference Number Setter

2018-12-12 09:34:02 - [TEST_STEP][PASSED] - Statement - RefNoOldFile = new java.io.File(C://Users//Admin//Desktop//PKS//Automation Reference Point//KatalonReference.txt): null

2018-12-12 09:34:02 - [TEST_STEP][PASSED] - Statement - RefNoOldFile.delete(): null

2018-12-12 09:34:02 - [TEST_STEP][PASSED] - delay: Delayed 5 second(s)

2018-12-12 09:34:07 - [MESSAGE][PASSED] - Delayed 5 second(s)

2018-12-12 09:34:07 - [TEST_STEP][PASSED] - Statement - RefNo = new java.io.File(C://Users//Admin//Desktop//PKS//Automation Reference Point//KatalonReference.txt): null

2018-12-12 09:34:07 - [TEST_STEP][PASSED] - Statement - f2 = new java.io.FileWriter(RefNo, false): null

2018-12-12 09:34:07 - [TEST_STEP][PASSED] - Statement - f2.write(CaseReferenceNo): null

2018-12-12 09:34:07 - [TEST_STEP][PASSED] - Statement - f2.close(): null

2018-12-12 09:34:07 - [TEST_STEP][PASSED] - Statement - out.println("


" + CaseReferenceNo + "


"): null

2018-12-12 09:34:07 - [MESSAGE][PASSED] - Call Test Case 'Test Cases/Final Aug 2018 - PKS Automation/Common/Reference Number Setter' successfully

2018-12-12 09:34:07 - [TEST_STEP][PASSED] - waitForElementClickable: Object 'Object Repository/Final Object Repo/New Registration - Registration Module Pages/Third Screen - Upload Supporting Doc- Preview/Save n Continue in SIP Employee Listing Page' is clickable

2018-12-12 09:34:07 - [MESSAGE][PASSED] - Object 'Object Repository/Final Object Repo/New Registration - Registration Module Pages/Third Screen - Upload Supporting Doc- Preview/Save n Continue in SIP Employee Listing Page' is clickable

2018-12-12 09:34:07 - [TEST_STEP][PASSED] - click: Object: 'Object Repository/Final Object Repo/New Registration - Registration Module Pages/Third Screen - Upload Supporting Doc- Preview/Save n Continue in SIP Employee Listing Page' is clicked on

2018-12-12 09:34:12 - [MESSAGE][PASSED] - Object: 'Object Repository/Final Object Repo/New Registration - Registration Module Pages/Third Screen - Upload Supporting Doc- Preview/Save n Continue in SIP Employee Listing Page' is clicked on

2018-12-12 09:34:12 - [TEST_STEP][PASSED] - delay: Delayed 7 second(s)

2018-12-12 09:34:19 - [MESSAGE][PASSED] - Delayed 7 second(s)

2018-12-12 09:34:19 - [TEST_STEP][PASSED] - click: Object: 'Object Repository/Final Object Repo/New Registration - Registration Module Pages/Third Screen - Upload Supporting Doc- Preview/Add Document Button' is clicked on

2018-12-12 09:34:20 - [MESSAGE][PASSED] - Object: 'Object Repository/Final Object Repo/New Registration - Registration Module Pages/Third Screen - Upload Supporting Doc- Preview/Add Document Button' is clicked on

2018-12-12 09:34:20 - [TEST_STEP][PASSED] - delay: Delayed 30 second(s)

2018-12-12 09:34:50 - [MESSAGE][PASSED] - Delayed 30 second(s)

2018-12-12 09:34:50 - [TEST_STEP][PASSED] - click: Object: 'Object Repository/Final Object Repo/New Registration - Registration Module Pages/Third Screen - Upload Supporting Doc- Preview/Supporting Doc Please Select Drop Down' is clicked on

2018-12-12 09:34:50 - [MESSAGE][PASSED] - Object: 'Object Repository/Final Object Repo/New Registration - Registration Module Pages/Third Screen - Upload Supporting Doc- Preview/Supporting Doc Please Select Drop Down' is clicked on

2018-12-12 09:34:50 - [TEST_STEP][PASSED] - delay: Delayed 2 second(s)

2018-12-12 09:34:52 - [MESSAGE][PASSED] - Delayed 2 second(s)

2018-12-12 09:34:52 - [TEST_STEP][PASSED] - click: Object: 'Object Repository/Final Object Repo/New Registration - Registration Module Pages/Third Screen - Upload Supporting Doc- Preview/Select to Upload Form 1' is clicked on

2018-12-12 09:34:52 - [MESSAGE][PASSED] - Object: 'Object Repository/Final Object Repo/New Registration - Registration Module Pages/Third Screen - Upload Supporting Doc- Preview/Select to Upload Form 1' is clicked on

2018-12-12 09:34:52 - [TEST_STEP][PASSED] - delay: Delayed 2 second(s)

2018-12-12 09:34:54 - [MESSAGE][PASSED] - Delayed 2 second(s)

2018-12-12 09:34:54 - [TEST_STEP][PASSED] - uploadFile: File 'C:\Users\Public\Pictures\Sample Pictures\Koala.jpg' sent to object: 'Object Repository/Final Object Repo/New Registration - Registration Module Pages/Third Screen - Upload Supporting Doc- Preview/Upload File Adding'

2018-12-12 09:34:54 - [MESSAGE][PASSED] - File 'C:\Users\Public\Pictures\Sample Pictures\Koala.jpg' sent to object: 'Object Repository/Final Object Repo/New Registration - Registration Module Pages/Third Screen - Upload Supporting Doc- Preview/Upload File Adding'

2018-12-12 09:34:54 - [TEST_STEP][PASSED] - delay: Delayed 5 second(s)

2018-12-12 09:34:59 - [MESSAGE][PASSED] - Delayed 5 second(s)

2018-12-12 09:34:59 - [TEST_STEP][PASSED] - click: Object: 'Object Repository/Final Object Repo/New Registration - Registration Module Pages/Third Screen - Upload Supporting Doc- Preview/Inner Form Add Document Button' is clicked on

2018-12-12 09:34:59 - [MESSAGE][PASSED] - Object: 'Object Repository/Final Object Repo/New Registration - Registration Module Pages/Third Screen - Upload Supporting Doc- Preview/Inner Form Add Document Button' is clicked on

2018-12-12 09:34:59 - [TEST_STEP][PASSED] - delay: Delayed 3 second(s)

2018-12-12 09:35:02 - [MESSAGE][PASSED] - Delayed 3 second(s)

2018-12-12 09:35:02 - [TEST_STEP][PASSED] - click: Object: 'Object Repository/Final Object Repo/New Registration - Registration Module Pages/Third Screen - Upload Supporting Doc- Preview/Add Document Button' is clicked on

2018-12-12 09:35:04 - [MESSAGE][PASSED] - Object: 'Object Repository/Final Object Repo/New Registration - Registration Module Pages/Third Screen - Upload Supporting Doc- Preview/Add Document Button' is clicked on

2018-12-12 09:35:04 - [TEST_STEP][PASSED] - delay: Delayed 30 second(s)

2018-12-12 09:35:34 - [MESSAGE][PASSED] - Delayed 30 second(s)

2018-12-12 09:35:34 - [TEST_STEP][PASSED] - click: Object: 'Object Repository/Final Object Repo/New Registration - Registration Module Pages/Third Screen - Upload Supporting Doc- Preview/Supporting Doc Please Select Drop Down' is clicked on

2018-12-12 09:35:34 - [MESSAGE][PASSED] - Object: 'Object Repository/Final Object Repo/New Registration - Registration Module Pages/Third Screen - Upload Supporting Doc- Preview/Supporting Doc Please Select Drop Down' is clicked on

2018-12-12 09:35:34 - [TEST_STEP][PASSED] - delay: Delayed 4 second(s)

2018-12-12 09:35:38 - [MESSAGE][PASSED] - Delayed 4 second(s)

2018-12-12 09:35:38 - [TEST_STEP][PASSED] - click: Object: 'Object Repository/Final Object Repo/New Registration - Registration Module Pages/Third Screen - Upload Supporting Doc- Preview/Select to Upload Form 2' is clicked on

2018-12-12 09:35:38 - [MESSAGE][PASSED] - Object: 'Object Repository/Final Object Repo/New Registration - Registration Module Pages/Third Screen - Upload Supporting Doc- Preview/Select to Upload Form 2' is clicked on

2018-12-12 09:35:38 - [TEST_STEP][PASSED] - delay: Delayed 2 second(s)

2018-12-12 09:35:40 - [MESSAGE][PASSED] - Delayed 2 second(s)

2018-12-12 09:35:40 - [TEST_STEP][PASSED] - uploadFile: File 'C:\Users\Public\Pictures\Sample Pictures\Koala.jpg' sent to object: 'Object Repository/Final Object Repo/New Registration - Registration Module Pages/Third Screen - Upload Supporting Doc- Preview/Upload File Adding'

2018-12-12 09:35:40 - [MESSAGE][PASSED] - File 'C:\Users\Public\Pictures\Sample Pictures\Koala.jpg' sent to object: 'Object Repository/Final Object Repo/New Registration - Registration Module Pages/Third Screen - Upload Supporting Doc- Preview/Upload File Adding'

2018-12-12 09:35:40 - [TEST_STEP][PASSED] - click: Object: 'Object Repository/Final Object Repo/New Registration - Registration Module Pages/Third Screen - Upload Supporting Doc- Preview/Inner Form Add Document Button' is clicked on

2018-12-12 09:35:40 - [MESSAGE][PASSED] - Object: 'Object Repository/Final Object Repo/New Registration - Registration Module Pages/Third Screen - Upload Supporting Doc- Preview/Inner Form Add Document Button' is clicked on

2018-12-12 09:35:40 - [TEST_STEP][PASSED] - delay: Delayed 5 second(s)

2018-12-12 09:35:45 - [MESSAGE][PASSED] - Delayed 5 second(s)

2018-12-12 09:35:45 - [TEST_STEP][PASSED] - click: Object: 'Object Repository/Final Object Repo/New Registration - Registration Module Pages/Third Screen - Upload Supporting Doc- Preview/Add Document Button' is clicked on

2018-12-12 09:35:46 - [MESSAGE][PASSED] - Object: 'Object Repository/Final Object Repo/New Registration - Registration Module Pages/Third Screen - Upload Supporting Doc- Preview/Add Document Button' is clicked on

2018-12-12 09:35:46 - [TEST_STEP][PASSED] - delay: Delayed 30 second(s)

2018-12-12 09:36:16 - [MESSAGE][PASSED] - Delayed 30 second(s)

2018-12-12 09:36:16 - [TEST_STEP][PASSED] - click: Object: 'Object Repository/Final Object Repo/New Registration - Registration Module Pages/Third Screen - Upload Supporting Doc- Preview/Supporting Doc Please Select Drop Down' is clicked on

2018-12-12 09:36:16 - [MESSAGE][PASSED] - Object: 'Object Repository/Final Object Repo/New Registration - Registration Module Pages/Third Screen - Upload Supporting Doc- Preview/Supporting Doc Please Select Drop Down' is clicked on

2018-12-12 09:36:16 - [TEST_STEP][PASSED] - click: Object: 'Object Repository/Final Object Repo/New Registration - Registration Module Pages/Third Screen - Upload Supporting Doc- Preview/Select to Upload Borang SIP 1' is clicked on

2018-12-12 09:36:16 - [MESSAGE][PASSED] - Object: 'Object Repository/Final Object Repo/New Registration - Registration Module Pages/Third Screen - Upload Supporting Doc- Preview/Select to Upload Borang SIP 1' is clicked on

2018-12-12 09:36:16 - [TEST_STEP][PASSED] - delay: Delayed 2 second(s)

2018-12-12 09:36:18 - [MESSAGE][PASSED] - Delayed 2 second(s)

2018-12-12 09:36:18 - [TEST_STEP][PASSED] - uploadFile: File 'C:\Users\Public\Pictures\Sample Pictures\Koala.jpg' sent to object: 'Object Repository/Final Object Repo/New Registration - Registration Module Pages/Third Screen - Upload Supporting Doc- Preview/Upload File Adding'

2018-12-12 09:36:18 - [MESSAGE][PASSED] - File 'C:\Users\Public\Pictures\Sample Pictures\Koala.jpg' sent to object: 'Object Repository/Final Object Repo/New Registration - Registration Module Pages/Third Screen - Upload Supporting Doc- Preview/Upload File Adding'

2018-12-12 09:36:18 - [TEST_STEP][PASSED] - click: Object: 'Object Repository/Final Object Repo/New Registration - Registration Module Pages/Third Screen - Upload Supporting Doc- Preview/Inner Form Add Document Button' is clicked on

2018-12-12 09:36:18 - [MESSAGE][PASSED] - Object: 'Object Repository/Final Object Repo/New Registration - Registration Module Pages/Third Screen - Upload Supporting Doc- Preview/Inner Form Add Document Button' is clicked on

2018-12-12 09:36:18 - [TEST_STEP][PASSED] - delay: Delayed 5 second(s)

2018-12-12 09:36:23 - [MESSAGE][PASSED] - Delayed 5 second(s)

2018-12-12 09:36:23 - [TEST_STEP][PASSED] - click: Object: 'Object Repository/Final Object Repo/New Registration - Registration Module Pages/Third Screen - Upload Supporting Doc- Preview/Add Document Button' is clicked on

2018-12-12 09:36:24 - [MESSAGE][PASSED] - Object: 'Object Repository/Final Object Repo/New Registration - Registration Module Pages/Third Screen - Upload Supporting Doc- Preview/Add Document Button' is clicked on

2018-12-12 09:36:24 - [TEST_STEP][PASSED] - delay: Delayed 30 second(s)

2018-12-12 09:36:54 - [MESSAGE][PASSED] - Delayed 30 second(s)

2018-12-12 09:36:54 - [TEST_STEP][PASSED] - click: Object: 'Object Repository/Final Object Repo/New Registration - Registration Module Pages/Third Screen - Upload Supporting Doc- Preview/Supporting Doc Please Select Drop Down' is clicked on

2018-12-12 09:36:54 - [MESSAGE][PASSED] - Object: 'Object Repository/Final Object Repo/New Registration - Registration Module Pages/Third Screen - Upload Supporting Doc- Preview/Supporting Doc Please Select Drop Down' is clicked on

2018-12-12 09:36:54 - [TEST_STEP][PASSED] - delay: Delayed 3 second(s)

2018-12-12 09:36:57 - [MESSAGE][PASSED] - Delayed 3 second(s)

2018-12-12 09:36:57 - [TEST_STEP][PASSED] - click: Object: 'Object Repository/Final Object Repo/New Registration - Registration Module Pages/Third Screen - Upload Supporting Doc- Preview/Select to Upload Borang SIP 2' is clicked on

2018-12-12 09:36:57 - [MESSAGE][PASSED] - Object: 'Object Repository/Final Object Repo/New Registration - Registration Module Pages/Third Screen - Upload Supporting Doc- Preview/Select to Upload Borang SIP 2' is clicked on

2018-12-12 09:36:57 - [TEST_STEP][PASSED] - delay: Delayed 2 second(s)

2018-12-12 09:36:59 - [MESSAGE][PASSED] - Delayed 2 second(s)

2018-12-12 09:36:59 - [TEST_STEP][PASSED] - uploadFile: File 'C:\Users\Public\Pictures\Sample Pictures\Koala.jpg' sent to object: 'Object Repository/Final Object Repo/New Registration - Registration Module Pages/Third Screen - Upload Supporting Doc- Preview/Upload File Adding'

2018-12-12 09:36:59 - [MESSAGE][PASSED] - File 'C:\Users\Public\Pictures\Sample Pictures\Koala.jpg' sent to object: 'Object Repository/Final Object Repo/New Registration - Registration Module Pages/Third Screen - Upload Supporting Doc- Preview/Upload File Adding'

2018-12-12 09:36:59 - [TEST_STEP][PASSED] - delay: Delayed 5 second(s)

2018-12-12 09:37:04 - [MESSAGE][PASSED] - Delayed 5 second(s)

2018-12-12 09:37:04 - [TEST_STEP][PASSED] - click: Object: 'Object Repository/Final Object Repo/New Registration - Registration Module Pages/Third Screen - Upload Supporting Doc- Preview/Inner Form Add Document Button' is clicked on

2018-12-12 09:37:04 - [MESSAGE][PASSED] - Object: 'Object Repository/Final Object Repo/New Registration - Registration Module Pages/Third Screen - Upload Supporting Doc- Preview/Inner Form Add Document Button' is clicked on

2018-12-12 09:37:04 - [TEST_STEP][PASSED] - delay: Delayed 3 second(s)

2018-12-12 09:37:07 - [MESSAGE][PASSED] - Delayed 3 second(s)

2018-12-12 09:37:07 - [TEST_STEP][PASSED] - waitForElementClickable: Object 'Object Repository/Final Object Repo/New Registration - Registration Module Pages/Third Screen - Upload Supporting Doc- Preview/Save n Continue in Uploading Supporting Doc Page' is clickable

2018-12-12 09:37:08 - [MESSAGE][PASSED] - Object 'Object Repository/Final Object Repo/New Registration - Registration Module Pages/Third Screen - Upload Supporting Doc- Preview/Save n Continue in Uploading Supporting Doc Page' is clickable

2018-12-12 09:37:08 - [TEST_STEP][PASSED] - click: Object: 'Object Repository/Final Object Repo/New Registration - Registration Module Pages/Third Screen - Upload Supporting Doc- Preview/Save n Continue in Uploading Supporting Doc Page' is clicked on

2018-12-12 09:37:09 - [MESSAGE][PASSED] - Object: 'Object Repository/Final Object Repo/New Registration - Registration Module Pages/Third Screen - Upload Supporting Doc- Preview/Save n Continue in Uploading Supporting Doc Page' is clicked on

2018-12-12 09:37:09 - [MESSAGE][PASSED] - Call Test Case 'Test Cases/Final Aug 2018 - PKS Automation/Registration Module/New Registration/Flow of New Registration/Third Screen - Upload Supporting Doc - Preview' successfully

2018-12-12 09:37:09 - [TEST_STEP][PASSED] - setText: Text 'Tester' is set on object 'Object Repository/Final Object Repo/New Registration - Registration Module Pages/New Reg - OTC to RO/Special Case - All Related Objects/Employer Preview Name'

2018-12-12 09:37:14 - [MESSAGE][PASSED] - Text 'Tester' is set on object 'Object Repository/Final Object Repo/New Registration - Registration Module Pages/New Reg - OTC to RO/Special Case - All Related Objects/Employer Preview Name'

2018-12-12 09:37:14 - [TEST_STEP][PASSED] - click: Object: 'Object Repository/Final Object Repo/New Registration - Registration Module Pages/New Reg - OTC to RO/Special Case - All Related Objects/IC Type Drop Down' is clicked on

2018-12-12 09:37:14 - [MESSAGE][PASSED] - Object: 'Object Repository/Final Object Repo/New Registration - Registration Module Pages/New Reg - OTC to RO/Special Case - All Related Objects/IC Type Drop Down' is clicked on

2018-12-12 09:37:14 - [TEST_STEP][PASSED] - click: Object: 'Object Repository/Final Object Repo/New Registration - Registration Module Pages/New Reg - OTC to RO/Special Case - All Related Objects/Select to NRIC' is clicked on

2018-12-12 09:37:14 - [MESSAGE][PASSED] - Object: 'Object Repository/Final Object Repo/New Registration - Registration Module Pages/New Reg - OTC to RO/Special Case - All Related Objects/Select to NRIC' is clicked on

2018-12-12 09:37:14 - [TEST_STEP][PASSED] - setText: Text '133245561223' is set on object 'Object Repository/Final Object Repo/New Registration - Registration Module Pages/New Reg - OTC to RO/Special Case - All Related Objects/IC Value'

2018-12-12 09:37:14 - [MESSAGE][PASSED] - Text '133245561223' is set on object 'Object Repository/Final Object Repo/New Registration - Registration Module Pages/New Reg - OTC to RO/Special Case - All Related Objects/IC Value'

2018-12-12 09:37:14 - [TEST_STEP][PASSED] - setText: Text 'Auto' is set on object 'Object Repository/Final Object Repo/New Registration - Registration Module Pages/New Reg - OTC to RO/Special Case - All Related Objects/Designation'

2018-12-12 09:37:14 - [MESSAGE][PASSED] - Text 'Auto' is set on object 'Object Repository/Final Object Repo/New Registration - Registration Module Pages/New Reg - OTC to RO/Special Case - All Related Objects/Designation'

2018-12-12 09:37:14 - [TEST_STEP][PASSED] - callTestCase: Call Test Case 'Test Cases/Final Aug 2018 - PKS Automation/Registration Module/New Registration/Submit and Screenshot/Submit Registration and Screenshot - Copy' successfully

2018-12-12 09:37:15 - [TEST_CASE][PASSED] - Test Cases/Final Aug 2018 - PKS Automation/Registration Module/New Registration/Submit and Screenshot/Submit Registration and Screenshot - Copy: Test Cases/Final Aug 2018 - PKS Automation/Registration Module/New Registration/Submit and Screenshot/Submit Registration and Screenshot - Copy

2018-12-12 09:37:15 - [TEST_STEP][PASSED] - delay: Delayed 6 second(s)

2018-12-12 09:37:21 - [MESSAGE][PASSED] - Delayed 6 second(s)

2018-12-12 09:37:21 - [TEST_STEP][PASSED] - click: Object: 'Object Repository/Final Object Repo/New Registration - Registration Module Pages/Third Screen - Upload Supporting Doc- Preview/Preview Submit Button' is clicked on

2018-12-12 09:37:21 - [MESSAGE][PASSED] - Object: 'Object Repository/Final Object Repo/New Registration - Registration Module Pages/Third Screen - Upload Supporting Doc- Preview/Preview Submit Button' is clicked on

2018-12-12 09:37:21 - [TEST_STEP][PASSED] - delay: Delayed 2 second(s)

2018-12-12 09:37:23 - [MESSAGE][PASSED] - Delayed 2 second(s)

2018-12-12 09:37:23 - [TEST_STEP][PASSED] - click: Object: 'Object Repository/Final Object Repo/New Registration - Registration Module Pages/Third Screen - Upload Supporting Doc- Preview/Preview Submit - Confirm' is clicked on

2018-12-12 09:37:23 - [MESSAGE][PASSED] - Object: 'Object Repository/Final Object Repo/New Registration - Registration Module Pages/Third Screen - Upload Supporting Doc- Preview/Preview Submit - Confirm' is clicked on

2018-12-12 09:37:23 - [TEST_STEP][PASSED] - delay: Delayed 15 second(s)

2018-12-12 09:37:38 - [MESSAGE][PASSED] - Delayed 15 second(s)

2018-12-12 09:37:38 - [TEST_STEP][PASSED] - Statement - driver = com.kms.katalon.core.webui.driver.DriverFactory.getWebDriver(): null

2018-12-12 09:37:38 - [TEST_STEP][PASSED] - Statement - driver.manage().timeouts().implicitlyWait(10, SECONDS): null

2018-12-12 09:37:38 - [TEST_STEP][PASSED] - Statement - PresavePath = KatalonScreenshots: null

2018-12-12 09:37:38 - [TEST_STEP][PASSED] - Statement - pathPrefix = "C:\Users\Public\Pictures\Sample Pictures\Katalon Screenshots\Automate Ending Screen": null

2018-12-12 09:37:38 - [TEST_STEP][PASSED] - Statement - finalPath = <not implemented yet for class: org.codehaus.groovy.ast.expr.EmptyExpression>: null

2018-12-12 09:37:38 - [TEST_STEP][PASSED] - Statement - scrFile = driver.getScreenshotAs(FILE): null

2018-12-12 09:37:49 - [TEST_STEP][PASSED] - Statement - PreSaveFile = new java.io.File(PresavePath): null

2018-12-12 09:37:49 - [TEST_STEP][PASSED] - Statement - counter = 0: null

2018-12-12 09:37:49 - [TEST_STEP][PASSED] - Statement - If (PreSaveFile.exists()): null

2018-12-12 09:37:49 - [TEST_STEP][PASSED] - Statement - While (PreSaveFile.exists()): null

2018-12-12 09:37:49 - [TEST_STEP][PASSED] - Statement - counter = counter + 1: null

2018-12-12 09:37:49 - [TEST_STEP][PASSED] - Statement - PreSaveFile = new java.io.File(((pathPrefix + java.lang.Integer.toString(counter)) + .png)): null

2018-12-12 09:37:49 - [TEST_STEP][PASSED] - Statement - counter = counter + 1: null

2018-12-12 09:37:49 - [TEST_STEP][PASSED] - Statement - PreSaveFile = new java.io.File(((pathPrefix + java.lang.Integer.toString(counter)) + .png)): null

2018-12-12 09:37:49 - [TEST_STEP][PASSED] - Statement - counter = counter + 1: null

2018-12-12 09:37:49 - [TEST_STEP][PASSED] - Statement - PreSaveFile = new java.io.File(((pathPrefix + java.lang.Integer.toString(counter)) + .png)): null

2018-12-12 09:37:49 - [TEST_STEP][PASSED] - Statement - counter = counter + 1: null

2018-12-12 09:37:49 - [TEST_STEP][PASSED] - Statement - PreSaveFile = new java.io.File(((pathPrefix + java.lang.Integer.toString(counter)) + .png)): null

2018-12-12 09:37:49 - [TEST_STEP][PASSED] - Statement - counter = counter + 1: null

2018-12-12 09:37:49 - [TEST_STEP][PASSED] - Statement - PreSaveFile = new java.io.File(((pathPrefix + java.lang.Integer.toString(counter)) + .png)): null

2018-12-12 09:37:49 - [TEST_STEP][PASSED] - Statement - counter = counter + 1: null

2018-12-12 09:37:49 - [TEST_STEP][PASSED] - Statement - PreSaveFile = new java.io.File(((pathPrefix + java.lang.Integer.toString(counter)) + .png)): null

2018-12-12 09:37:49 - [TEST_STEP][PASSED] - Statement - counter = counter + 1: null

2018-12-12 09:37:49 - [TEST_STEP][PASSED] - Statement - PreSaveFile = new java.io.File(((pathPrefix + java.lang.Integer.toString(counter)) + .png)): null

2018-12-12 09:37:49 - [TEST_STEP][PASSED] - Statement - counter = counter + 1: null

2018-12-12 09:37:49 - [TEST_STEP][PASSED] - Statement - PreSaveFile = new java.io.File(((pathPrefix + java.lang.Integer.toString(counter)) + .png)): null

2018-12-12 09:37:49 - [TEST_STEP][PASSED] - Statement - counter = counter + 1: null

2018-12-12 09:37:49 - [TEST_STEP][PASSED] - Statement - PreSaveFile = new java.io.File(((pathPrefix + java.lang.Integer.toString(counter)) + .png)): null

2018-12-12 09:37:49 - [TEST_STEP][PASSED] - Statement - counter = counter + 1: null

2018-12-12 09:37:49 - [TEST_STEP][PASSED] - Statement - PreSaveFile = new java.io.File(((pathPrefix + java.lang.Integer.toString(counter)) + .png)): null

2018-12-12 09:37:49 - [TEST_STEP][PASSED] - Statement - counter = counter + 1: null

2018-12-12 09:37:49 - [TEST_STEP][PASSED] - Statement - PreSaveFile = new java.io.File(((pathPrefix + java.lang.Integer.toString(counter)) + .png)): null

2018-12-12 09:37:49 - [TEST_STEP][PASSED] - Statement - counter = counter + 1: null

2018-12-12 09:37:49 - [TEST_STEP][PASSED] - Statement - PreSaveFile = new java.io.File(((pathPrefix + java.lang.Integer.toString(counter)) + .png)): null

2018-12-12 09:37:49 - [TEST_STEP][PASSED] - Statement - counter = counter + 1: null

2018-12-12 09:37:49 - [TEST_STEP][PASSED] - Statement - PreSaveFile = new java.io.File(((pathPrefix + java.lang.Integer.toString(counter)) + .png)): null

2018-12-12 09:37:49 - [TEST_STEP][PASSED] - Statement - counter = counter + 1: null

2018-12-12 09:37:49 - [TEST_STEP][PASSED] - Statement - PreSaveFile = new java.io.File(((pathPrefix + java.lang.Integer.toString(counter)) + .png)): null

2018-12-12 09:37:49 - [TEST_STEP][PASSED] - Statement - counter = counter + 1: null

2018-12-12 09:37:49 - [TEST_STEP][PASSED] - Statement - PreSaveFile = new java.io.File(((pathPrefix + java.lang.Integer.toString(counter)) + .png)): null

2018-12-12 09:37:49 - [TEST_STEP][PASSED] - Statement - counter = counter + 1: null

2018-12-12 09:37:49 - [TEST_STEP][PASSED] - Statement - PreSaveFile = new java.io.File(((pathPrefix + java.lang.Integer.toString(counter)) + .png)): null

2018-12-12 09:37:49 - [TEST_STEP][PASSED] - Statement - counter = counter + 1: null

2018-12-12 09:37:49 - [TEST_STEP][PASSED] - Statement - PreSaveFile = new java.io.File(((pathPrefix + java.lang.Integer.toString(counter)) + .png)): null

2018-12-12 09:37:49 - [TEST_STEP][PASSED] - Statement - counter = counter + 1: null

2018-12-12 09:37:49 - [TEST_STEP][PASSED] - Statement - PreSaveFile = new java.io.File(((pathPrefix + java.lang.Integer.toString(counter)) + .png)): null

2018-12-12 09:37:49 - [TEST_STEP][PASSED] - Statement - counter = counter + 1: null

2018-12-12 09:37:49 - [TEST_STEP][PASSED] - Statement - PreSaveFile = new java.io.File(((pathPrefix + java.lang.Integer.toString(counter)) + .png)): null

2018-12-12 09:37:49 - [TEST_STEP][PASSED] - Statement - counter = counter + 1: null

2018-12-12 09:37:49 - [TEST_STEP][PASSED] - Statement - PreSaveFile = new java.io.File(((pathPrefix + java.lang.Integer.toString(counter)) + .png)): null

2018-12-12 09:37:49 - [TEST_STEP][PASSED] - Statement - counter = counter + 1: null

2018-12-12 09:37:49 - [TEST_STEP][PASSED] - Statement - PreSaveFile = new java.io.File(((pathPrefix + java.lang.Integer.toString(counter)) + .png)): null

2018-12-12 09:37:49 - [TEST_STEP][PASSED] - Statement - counter = counter + 1: null

2018-12-12 09:37:49 - [TEST_STEP][PASSED] - Statement - PreSaveFile = new java.io.File(((pathPrefix + java.lang.Integer.toString(counter)) + .png)): null

2018-12-12 09:37:49 - [TEST_STEP][PASSED] - Statement - counter = counter + 1: null

2018-12-12 09:37:49 - [TEST_STEP][PASSED] - Statement - PreSaveFile = new java.io.File(((pathPrefix + java.lang.Integer.toString(counter)) + .png)): null

2018-12-12 09:37:49 - [TEST_STEP][PASSED] - Statement - counter = counter + 1: null

2018-12-12 09:37:49 - [TEST_STEP][PASSED] - Statement - PreSaveFile = new java.io.File(((pathPrefix + java.lang.Integer.toString(counter)) + .png)): null

2018-12-12 09:37:49 - [TEST_STEP][PASSED] - Statement - counter = counter + 1: null

2018-12-12 09:37:49 - [TEST_STEP][PASSED] - Statement - PreSaveFile = new java.io.File(((pathPrefix + java.lang.Integer.toString(counter)) + .png)): null

2018-12-12 09:37:49 - [TEST_STEP][PASSED] - Statement - counter = counter + 1: null

2018-12-12 09:37:49 - [TEST_STEP][PASSED] - Statement - PreSaveFile = new java.io.File(((pathPrefix + java.lang.Integer.toString(counter)) + .png)): null

2018-12-12 09:37:49 - [TEST_STEP][PASSED] - Statement - counter = counter + 1: null

2018-12-12 09:37:49 - [TEST_STEP][PASSED] - Statement - PreSaveFile = new java.io.File(((pathPrefix + java.lang.Integer.toString(counter)) + .png)): null

2018-12-12 09:37:49 - [TEST_STEP][PASSED] - Statement - counter = counter + 1: null

2018-12-12 09:37:49 - [TEST_STEP][PASSED] - Statement - PreSaveFile = new java.io.File(((pathPrefix + java.lang.Integer.toString(counter)) + .png)): null

2018-12-12 09:37:49 - [TEST_STEP][PASSED] - Statement - counter = counter + 1: null

2018-12-12 09:37:49 - [TEST_STEP][PASSED] - Statement - PreSaveFile = new java.io.File(((pathPrefix + java.lang.Integer.toString(counter)) + .png)): null

2018-12-12 09:37:49 - [TEST_STEP][PASSED] - Statement - counter = counter + 1: null

2018-12-12 09:37:49 - [TEST_STEP][PASSED] - Statement - PreSaveFile = new java.io.File(((pathPrefix + java.lang.Integer.toString(counter)) + .png)): null

2018-12-12 09:37:49 - [TEST_STEP][PASSED] - Statement - counter = counter + 1: null

2018-12-12 09:37:49 - [TEST_STEP][PASSED] - Statement - PreSaveFile = new java.io.File(((pathPrefix + java.lang.Integer.toString(counter)) + .png)): null

2018-12-12 09:37:49 - [TEST_STEP][PASSED] - Statement - counter = counter + 1: null

2018-12-12 09:37:49 - [TEST_STEP][PASSED] - Statement - PreSaveFile = new java.io.File(((pathPrefix + java.lang.Integer.toString(counter)) + .png)): null

2018-12-12 09:37:49 - [TEST_STEP][PASSED] - Statement - counter = counter + 1: null

2018-12-12 09:37:49 - [TEST_STEP][PASSED] - Statement - PreSaveFile = new java.io.File(((pathPrefix + java.lang.Integer.toString(counter)) + .png)): null

2018-12-12 09:37:49 - [TEST_STEP][PASSED] - Statement - counter = counter + 1: null

2018-12-12 09:37:49 - [TEST_STEP][PASSED] - Statement - PreSaveFile = new java.io.File(((pathPrefix + java.lang.Integer.toString(counter)) + .png)): null

2018-12-12 09:37:49 - [TEST_STEP][PASSED] - Statement - counter = counter + 1: null

2018-12-12 09:37:49 - [TEST_STEP][PASSED] - Statement - PreSaveFile = new java.io.File(((pathPrefix + java.lang.Integer.toString(counter)) + .png)): null

2018-12-12 09:37:49 - [TEST_STEP][PASSED] - Statement - counter = counter + 1: null

2018-12-12 09:37:49 - [TEST_STEP][PASSED] - Statement - PreSaveFile = new java.io.File(((pathPrefix + java.lang.Integer.toString(counter)) + .png)): null

2018-12-12 09:37:49 - [TEST_STEP][PASSED] - Statement - counter = counter + 1: null

2018-12-12 09:37:49 - [TEST_STEP][PASSED] - Statement - PreSaveFile = new java.io.File(((pathPrefix + java.lang.Integer.toString(counter)) + .png)): null

2018-12-12 09:37:49 - [TEST_STEP][PASSED] - Statement - counter = counter + 1: null

2018-12-12 09:37:49 - [TEST_STEP][PASSED] - Statement - PreSaveFile = new java.io.File(((pathPrefix + java.lang.Integer.toString(counter)) + .png)): null

2018-12-12 09:37:49 - [TEST_STEP][PASSED] - Statement - counter = counter + 1: null

2018-12-12 09:37:49 - [TEST_STEP][PASSED] - Statement - PreSaveFile = new java.io.File(((pathPrefix + java.lang.Integer.toString(counter)) + .png)): null

2018-12-12 09:37:49 - [TEST_STEP][PASSED] - Statement - counter = counter + 1: null

2018-12-12 09:37:49 - [TEST_STEP][PASSED] - Statement - PreSaveFile = new java.io.File(((pathPrefix + java.lang.Integer.toString(counter)) + .png)): null

2018-12-12 09:37:49 - [TEST_STEP][PASSED] - Statement - counter = counter + 1: null

2018-12-12 09:37:49 - [TEST_STEP][PASSED] - Statement - PreSaveFile = new java.io.File(((pathPrefix + java.lang.Integer.toString(counter)) + .png)): null

2018-12-12 09:37:49 - [TEST_STEP][PASSED] - Statement - counter = counter + 1: null

2018-12-12 09:37:49 - [TEST_STEP][PASSED] - Statement - PreSaveFile = new java.io.File(((pathPrefix + java.lang.Integer.toString(counter)) + .png)): null

2018-12-12 09:37:49 - [TEST_STEP][PASSED] - Statement - counter = counter + 1: null

2018-12-12 09:37:49 - [TEST_STEP][PASSED] - Statement - PreSaveFile = new java.io.File(((pathPrefix + java.lang.Integer.toString(counter)) + .png)): null

2018-12-12 09:37:49 - [TEST_STEP][PASSED] - Statement - counter = counter + 1: null

2018-12-12 09:37:49 - [TEST_STEP][PASSED] - Statement - PreSaveFile = new java.io.File(((pathPrefix + java.lang.Integer.toString(counter)) + .png)): null

2018-12-12 09:37:49 - [TEST_STEP][PASSED] - Statement - counter = counter + 1: null

2018-12-12 09:37:49 - [TEST_STEP][PASSED] - Statement - PreSaveFile = new java.io.File(((pathPrefix + java.lang.Integer.toString(counter)) + .png)): null

2018-12-12 09:37:49 - [TEST_STEP][PASSED] - Statement - counter = counter + 1: null

2018-12-12 09:37:49 - [TEST_STEP][PASSED] - Statement - PreSaveFile = new java.io.File(((pathPrefix + java.lang.Integer.toString(counter)) + .png)): null

2018-12-12 09:37:49 - [TEST_STEP][PASSED] - Statement - counter = counter + 1: null

2018-12-12 09:37:49 - [TEST_STEP][PASSED] - Statement - PreSaveFile = new java.io.File(((pathPrefix + java.lang.Integer.toString(counter)) + .png)): null

2018-12-12 09:37:49 - [TEST_STEP][PASSED] - Statement - counter = counter + 1: null

2018-12-12 09:37:49 - [TEST_STEP][PASSED] - Statement - PreSaveFile = new java.io.File(((pathPrefix + java.lang.Integer.toString(counter)) + .png)): null

2018-12-12 09:37:49 - [TEST_STEP][PASSED] - Statement - counter = counter + 1: null

2018-12-12 09:37:49 - [TEST_STEP][PASSED] - Statement - PreSaveFile = new java.io.File(((pathPrefix + java.lang.Integer.toString(counter)) + .png)): null

2018-12-12 09:37:49 - [TEST_STEP][PASSED] - Statement - counter = counter + 1: null

2018-12-12 09:37:49 - [TEST_STEP][PASSED] - Statement - PreSaveFile = new java.io.File(((pathPrefix + java.lang.Integer.toString(counter)) + .png)): null

2018-12-12 09:37:49 - [TEST_STEP][PASSED] - Statement - counter = counter + 1: null

2018-12-12 09:37:49 - [TEST_STEP][PASSED] - Statement - PreSaveFile = new java.io.File(((pathPrefix + java.lang.Integer.toString(counter)) + .png)): null

2018-12-12 09:37:49 - [TEST_STEP][PASSED] - Statement - counter = counter + 1: null

2018-12-12 09:37:49 - [TEST_STEP][PASSED] - Statement - PreSaveFile = new java.io.File(((pathPrefix + java.lang.Integer.toString(counter)) + .png)): null

2018-12-12 09:37:49 - [TEST_STEP][PASSED] - Statement - counter = counter + 1: null

2018-12-12 09:37:49 - [TEST_STEP][PASSED] - Statement - PreSaveFile = new java.io.File(((pathPrefix + java.lang.Integer.toString(counter)) + .png)): null

2018-12-12 09:37:49 - [TEST_STEP][PASSED] - Statement - counter = counter + 1: null

2018-12-12 09:37:49 - [TEST_STEP][PASSED] - Statement - PreSaveFile = new java.io.File(((pathPrefix + java.lang.Integer.toString(counter)) + .png)): null

2018-12-12 09:37:49 - [TEST_STEP][PASSED] - Statement - counter = counter + 1: null

2018-12-12 09:37:49 - [TEST_STEP][PASSED] - Statement - PreSaveFile = new java.io.File(((pathPrefix + java.lang.Integer.toString(counter)) + .png)): null

2018-12-12 09:37:49 - [TEST_STEP][PASSED] - Statement - counter = counter + 1: null

2018-12-12 09:37:49 - [TEST_STEP][PASSED] - Statement - PreSaveFile = new java.io.File(((pathPrefix + java.lang.Integer.toString(counter)) + .png)): null

2018-12-12 09:37:49 - [TEST_STEP][PASSED] - Statement - counter = counter + 1: null

2018-12-12 09:37:49 - [TEST_STEP][PASSED] - Statement - PreSaveFile = new java.io.File(((pathPrefix + java.lang.Integer.toString(counter)) + .png)): null

2018-12-12 09:37:49 - [TEST_STEP][PASSED] - Statement - counter = counter + 1: null

2018-12-12 09:37:49 - [TEST_STEP][PASSED] - Statement - PreSaveFile = new java.io.File(((pathPrefix + java.lang.Integer.toString(counter)) + .png)): null

2018-12-12 09:37:49 - [TEST_STEP][PASSED] - Statement - counter = counter + 1: null

2018-12-12 09:37:49 - [TEST_STEP][PASSED] - Statement - PreSaveFile = new java.io.File(((pathPrefix + java.lang.Integer.toString(counter)) + .png)): null

2018-12-12 09:37:49 - [TEST_STEP][PASSED] - Statement - counter = counter + 1: null

2018-12-12 09:37:49 - [TEST_STEP][PASSED] - Statement - PreSaveFile = new java.io.File(((pathPrefix + java.lang.Integer.toString(counter)) + .png)): null

2018-12-12 09:37:49 - [TEST_STEP][PASSED] - Statement - counter = counter + 1: null

2018-12-12 09:37:49 - [TEST_STEP][PASSED] - Statement - PreSaveFile = new java.io.File(((pathPrefix + java.lang.Integer.toString(counter)) + .png)): null

2018-12-12 09:37:49 - [TEST_STEP][PASSED] - Statement - counter = counter + 1: null

2018-12-12 09:37:49 - [TEST_STEP][PASSED] - Statement - PreSaveFile = new java.io.File(((pathPrefix + java.lang.Integer.toString(counter)) + .png)): null

2018-12-12 09:37:49 - [TEST_STEP][PASSED] - Statement - counter = counter + 1: null

2018-12-12 09:37:49 - [TEST_STEP][PASSED] - Statement - PreSaveFile = new java.io.File(((pathPrefix + java.lang.Integer.toString(counter)) + .png)): null

2018-12-12 09:37:49 - [TEST_STEP][PASSED] - Statement - counter = counter + 1: null

2018-12-12 09:37:49 - [TEST_STEP][PASSED] - Statement - PreSaveFile = new java.io.File(((pathPrefix + java.lang.Integer.toString(counter)) + .png)): null

2018-12-12 09:37:49 - [TEST_STEP][PASSED] - Statement - counter = counter + 1: null

2018-12-12 09:37:49 - [TEST_STEP][PASSED] - Statement - PreSaveFile = new java.io.File(((pathPrefix + java.lang.Integer.toString(counter)) + .png)): null

2018-12-12 09:37:49 - [TEST_STEP][PASSED] - Statement - counter = counter + 1: null

2018-12-12 09:37:49 - [TEST_STEP][PASSED] - Statement - PreSaveFile = new java.io.File(((pathPrefix + java.lang.Integer.toString(counter)) + .png)): null

2018-12-12 09:37:49 - [TEST_STEP][PASSED] - Statement - counter = counter + 1: null

2018-12-12 09:37:49 - [TEST_STEP][PASSED] - Statement - PreSaveFile = new java.io.File(((pathPrefix + java.lang.Integer.toString(counter)) + .png)): null

2018-12-12 09:37:49 - [TEST_STEP][PASSED] - Statement - counter = counter + 1: null

2018-12-12 09:37:49 - [TEST_STEP][PASSED] - Statement - PreSaveFile = new java.io.File(((pathPrefix + java.lang.Integer.toString(counter)) + .png)): null

2018-12-12 09:37:49 - [TEST_STEP][PASSED] - Statement - counter = counter + 1: null

2018-12-12 09:37:49 - [TEST_STEP][PASSED] - Statement - PreSaveFile = new java.io.File(((pathPrefix + java.lang.Integer.toString(counter)) + .png)): null

2018-12-12 09:37:49 - [TEST_STEP][PASSED] - Statement - counter = counter + 1: null

2018-12-12 09:37:49 - [TEST_STEP][PASSED] - Statement - PreSaveFile = new java.io.File(((pathPrefix + java.lang.Integer.toString(counter)) + .png)): null

2018-12-12 09:37:49 - [TEST_STEP][PASSED] - Statement - counter = counter + 1: null

2018-12-12 09:37:49 - [TEST_STEP][PASSED] - Statement - PreSaveFile = new java.io.File(((pathPrefix + java.lang.Integer.toString(counter)) + .png)): null

2018-12-12 09:37:49 - [TEST_STEP][PASSED] - Statement - counter = counter + 1: null

2018-12-12 09:37:49 - [TEST_STEP][PASSED] - Statement - PreSaveFile = new java.io.File(((pathPrefix + java.lang.Integer.toString(counter)) + .png)): null

2018-12-12 09:37:49 - [TEST_STEP][PASSED] - Statement - counter = counter + 1: null

2018-12-12 09:37:49 - [TEST_STEP][PASSED] - Statement - PreSaveFile = new java.io.File(((pathPrefix + java.lang.Integer.toString(counter)) + .png)): null

2018-12-12 09:37:49 - [TEST_STEP][PASSED] - Statement - counter = counter + 1: null

2018-12-12 09:37:49 - [TEST_STEP][PASSED] - Statement - PreSaveFile = new java.io.File(((pathPrefix + java.lang.Integer.toString(counter)) + .png)): null

2018-12-12 09:37:49 - [TEST_STEP][PASSED] - Statement - counter = counter + 1: null

2018-12-12 09:37:49 - [TEST_STEP][PASSED] - Statement - PreSaveFile = new java.io.File(((pathPrefix + java.lang.Integer.toString(counter)) + .png)): null

2018-12-12 09:37:49 - [TEST_STEP][PASSED] - Statement - counter = counter + 1: null

2018-12-12 09:37:49 - [TEST_STEP][PASSED] - Statement - PreSaveFile = new java.io.File(((pathPrefix + java.lang.Integer.toString(counter)) + .png)): null

2018-12-12 09:37:49 - [TEST_STEP][PASSED] - Statement - counter = counter + 1: null

2018-12-12 09:37:49 - [TEST_STEP][PASSED] - Statement - PreSaveFile = new java.io.File(((pathPrefix + java.lang.Integer.toString(counter)) + .png)): null

2018-12-12 09:37:49 - [TEST_STEP][PASSED] - Statement - counter = counter + 1: null

2018-12-12 09:37:49 - [TEST_STEP][PASSED] - Statement - PreSaveFile = new java.io.File(((pathPrefix + java.lang.Integer.toString(counter)) + .png)): null

2018-12-12 09:37:49 - [TEST_STEP][PASSED] - Statement - counter = counter + 1: null

2018-12-12 09:37:49 - [TEST_STEP][PASSED] - Statement - PreSaveFile = new java.io.File(((pathPrefix + java.lang.Integer.toString(counter)) + .png)): null

2018-12-12 09:37:49 - [TEST_STEP][PASSED] - Statement - counter = counter + 1: null

2018-12-12 09:37:49 - [TEST_STEP][PASSED] - Statement - PreSaveFile = new java.io.File(((pathPrefix + java.lang.Integer.toString(counter)) + .png)): null

2018-12-12 09:37:49 - [TEST_STEP][PASSED] - Statement - counter = counter + 1: null

2018-12-12 09:37:49 - [TEST_STEP][PASSED] - Statement - PreSaveFile = new java.io.File(((pathPrefix + java.lang.Integer.toString(counter)) + .png)): null

2018-12-12 09:37:49 - [TEST_STEP][PASSED] - Statement - counter = counter + 1: null

2018-12-12 09:37:49 - [TEST_STEP][PASSED] - Statement - PreSaveFile = new java.io.File(((pathPrefix + java.lang.Integer.toString(counter)) + .png)): null

2018-12-12 09:37:49 - [TEST_STEP][PASSED] - Statement - counter = counter + 1: null

2018-12-12 09:37:49 - [TEST_STEP][PASSED] - Statement - PreSaveFile = new java.io.File(((pathPrefix + java.lang.Integer.toString(counter)) + .png)): null

2018-12-12 09:37:49 - [TEST_STEP][PASSED] - Statement - counter = counter + 1: null

2018-12-12 09:37:49 - [TEST_STEP][PASSED] - Statement - PreSaveFile = new java.io.File(((pathPrefix + java.lang.Integer.toString(counter)) + .png)): null

2018-12-12 09:37:49 - [TEST_STEP][PASSED] - Statement - counter = counter + 1: null

2018-12-12 09:37:49 - [TEST_STEP][PASSED] - Statement - PreSaveFile = new java.io.File(((pathPrefix + java.lang.Integer.toString(counter)) + .png)): null

2018-12-12 09:37:49 - [TEST_STEP][PASSED] - Statement - counter = counter + 1: null

2018-12-12 09:37:49 - [TEST_STEP][PASSED] - Statement - PreSaveFile = new java.io.File(((pathPrefix + java.lang.Integer.toString(counter)) + .png)): null

2018-12-12 09:37:49 - [TEST_STEP][PASSED] - Statement - counter = counter + 1: null

2018-12-12 09:37:49 - [TEST_STEP][PASSED] - Statement - PreSaveFile = new java.io.File(((pathPrefix + java.lang.Integer.toString(counter)) + .png)): null

2018-12-12 09:37:49 - [TEST_STEP][PASSED] - Statement - counter = counter + 1: null

2018-12-12 09:37:49 - [TEST_STEP][PASSED] - Statement - PreSaveFile = new java.io.File(((pathPrefix + java.lang.Integer.toString(counter)) + .png)): null

2018-12-12 09:37:49 - [TEST_STEP][PASSED] - Statement - counter = counter + 1: null

2018-12-12 09:37:49 - [TEST_STEP][PASSED] - Statement - PreSaveFile = new java.io.File(((pathPrefix + java.lang.Integer.toString(counter)) + .png)): null

2018-12-12 09:37:49 - [TEST_STEP][PASSED] - Statement - counter = counter + 1: null

2018-12-12 09:37:49 - [TEST_STEP][PASSED] - Statement - PreSaveFile = new java.io.File(((pathPrefix + java.lang.Integer.toString(counter)) + .png)): null

2018-12-12 09:37:49 - [TEST_STEP][PASSED] - Statement - counter = counter + 1: null

2018-12-12 09:37:49 - [TEST_STEP][PASSED] - Statement - PreSaveFile = new java.io.File(((pathPrefix + java.lang.Integer.toString(counter)) + .png)): null

2018-12-12 09:37:49 - [TEST_STEP][PASSED] - Statement - counter = counter + 1: null

2018-12-12 09:37:49 - [TEST_STEP][PASSED] - Statement - PreSaveFile = new java.io.File(((pathPrefix + java.lang.Integer.toString(counter)) + .png)): null

2018-12-12 09:37:49 - [TEST_STEP][PASSED] - Statement - counter = counter + 1: null

2018-12-12 09:37:49 - [TEST_STEP][PASSED] - Statement - PreSaveFile = new java.io.File(((pathPrefix + java.lang.Integer.toString(counter)) + .png)): null

2018-12-12 09:37:49 - [TEST_STEP][PASSED] - Statement - counter = counter + 1: null

2018-12-12 09:37:49 - [TEST_STEP][PASSED] - Statement - PreSaveFile = new java.io.File(((pathPrefix + java.lang.Integer.toString(counter)) + .png)): null

2018-12-12 09:37:49 - [TEST_STEP][PASSED] - Statement - counter = counter + 1: null

2018-12-12 09:37:49 - [TEST_STEP][PASSED] - Statement - PreSaveFile = new java.io.File(((pathPrefix + java.lang.Integer.toString(counter)) + .png)): null

2018-12-12 09:37:49 - [TEST_STEP][PASSED] - Statement - counter = counter + 1: null

2018-12-12 09:37:49 - [TEST_STEP][PASSED] - Statement - PreSaveFile = new java.io.File(((pathPrefix + java.lang.Integer.toString(counter)) + .png)): null

2018-12-12 09:37:49 - [TEST_STEP][PASSED] - Statement - counter = counter + 1: null

2018-12-12 09:37:49 - [TEST_STEP][PASSED] - Statement - PreSaveFile = new java.io.File(((pathPrefix + java.lang.Integer.toString(counter)) + .png)): null

2018-12-12 09:37:49 - [TEST_STEP][PASSED] - Statement - counter = counter + 1: null

2018-12-12 09:37:49 - [TEST_STEP][PASSED] - Statement - PreSaveFile = new java.io.File(((pathPrefix + java.lang.Integer.toString(counter)) + .png)): null

2018-12-12 09:37:49 - [TEST_STEP][PASSED] - Statement - counter = counter + 1: null

2018-12-12 09:37:49 - [TEST_STEP][PASSED] - Statement - PreSaveFile = new java.io.File(((pathPrefix + java.lang.Integer.toString(counter)) + .png)): null

2018-12-12 09:37:49 - [TEST_STEP][PASSED] - Statement - counter = counter + 1: null

2018-12-12 09:37:49 - [TEST_STEP][PASSED] - Statement - PreSaveFile = new java.io.File(((pathPrefix + java.lang.Integer.toString(counter)) + .png)): null

2018-12-12 09:37:49 - [TEST_STEP][PASSED] - Statement - counter = counter + 1: null

2018-12-12 09:37:49 - [TEST_STEP][PASSED] - Statement - PreSaveFile = new java.io.File(((pathPrefix + java.lang.Integer.toString(counter)) + .png)): null

2018-12-12 09:37:49 - [TEST_STEP][PASSED] - Statement - counter = counter + 1: null

2018-12-12 09:37:49 - [TEST_STEP][PASSED] - Statement - PreSaveFile = new java.io.File(((pathPrefix + java.lang.Integer.toString(counter)) + .png)): null

2018-12-12 09:37:49 - [TEST_STEP][PASSED] - Statement - counter = counter + 1: null

2018-12-12 09:37:49 - [TEST_STEP][PASSED] - Statement - PreSaveFile = new java.io.File(((pathPrefix + java.lang.Integer.toString(counter)) + .png)): null

2018-12-12 09:37:49 - [TEST_STEP][PASSED] - Statement - counter = counter + 1: null

2018-12-12 09:37:49 - [TEST_STEP][PASSED] - Statement - PreSaveFile = new java.io.File(((pathPrefix + java.lang.Integer.toString(counter)) + .png)): null

2018-12-12 09:37:49 - [TEST_STEP][PASSED] - Statement - counter = counter + 1: null

2018-12-12 09:37:49 - [TEST_STEP][PASSED] - Statement - PreSaveFile = new java.io.File(((pathPrefix + java.lang.Integer.toString(counter)) + .png)): null

2018-12-12 09:37:49 - [TEST_STEP][PASSED] - Statement - counter = counter + 1: null

2018-12-12 09:37:49 - [TEST_STEP][PASSED] - Statement - PreSaveFile = new java.io.File(((pathPrefix + java.lang.Integer.toString(counter)) + .png)): null

2018-12-12 09:37:49 - [TEST_STEP][PASSED] - Statement - counter = counter + 1: null

2018-12-12 09:37:49 - [TEST_STEP][PASSED] - Statement - PreSaveFile = new java.io.File(((pathPrefix + java.lang.Integer.toString(counter)) + .png)): null

2018-12-12 09:37:49 - [TEST_STEP][PASSED] - Statement - counter = counter + 1: null

2018-12-12 09:37:49 - [TEST_STEP][PASSED] - Statement - PreSaveFile = new java.io.File(((pathPrefix + java.lang.Integer.toString(counter)) + .png)): null

2018-12-12 09:37:49 - [TEST_STEP][PASSED] - Statement - counter = counter + 1: null

2018-12-12 09:37:49 - [TEST_STEP][PASSED] - Statement - PreSaveFile = new java.io.File(((pathPrefix + java.lang.Integer.toString(counter)) + .png)): null

2018-12-12 09:37:49 - [TEST_STEP][PASSED] - Statement - counter = counter + 1: null

2018-12-12 09:37:49 - [TEST_STEP][PASSED] - Statement - PreSaveFile = new java.io.File(((pathPrefix + java.lang.Integer.toString(counter)) + .png)): null

2018-12-12 09:37:49 - [TEST_STEP][PASSED] - Statement - counter = counter + 1: null

2018-12-12 09:37:49 - [TEST_STEP][PASSED] - Statement - PreSaveFile = new java.io.File(((pathPrefix + java.lang.Integer.toString(counter)) + .png)): null

2018-12-12 09:37:49 - [TEST_STEP][PASSED] - Statement - counter = counter + 1: null

2018-12-12 09:37:49 - [TEST_STEP][PASSED] - Statement - PreSaveFile = new java.io.File(((pathPrefix + java.lang.Integer.toString(counter)) + .png)): null

2018-12-12 09:37:49 - [TEST_STEP][PASSED] - Statement - counter = counter + 1: null

2018-12-12 09:37:49 - [TEST_STEP][PASSED] - Statement - PreSaveFile = new java.io.File(((pathPrefix + java.lang.Integer.toString(counter)) + .png)): null

2018-12-12 09:37:49 - [TEST_STEP][PASSED] - Statement - counter = counter + 1: null

2018-12-12 09:37:49 - [TEST_STEP][PASSED] - Statement - PreSaveFile = new java.io.File(((pathPrefix + java.lang.Integer.toString(counter)) + .png)): null

2018-12-12 09:37:49 - [TEST_STEP][PASSED] - Statement - finalPath = pathPrefix + java.lang.Integer.toString(counter) + ".png": null

2018-12-12 09:37:49 - [TEST_STEP][PASSED] - Statement - SaveFile = new java.io.File(finalPath): null

2018-12-12 09:37:49 - [TEST_STEP][PASSED] - Statement - Try: null

2018-12-12 09:37:49 - [TEST_STEP][PASSED] - Statement - org.apache.commons.io.FileUtils.copyFile(scrFile, SaveFile): null

2018-12-12 09:37:49 - [TEST_STEP][PASSED] - Statement - out.println("file kept"): null

2018-12-12 09:37:49 - [TEST_STEP][PASSED] - delay: Delayed 10 second(s)

2018-12-12 09:37:59 - [MESSAGE][PASSED] - Delayed 10 second(s)

2018-12-12 09:37:59 - [MESSAGE][PASSED] - Call Test Case 'Test Cases/Final Aug 2018 - PKS Automation/Registration Module/New Registration/Submit and Screenshot/Submit Registration and Screenshot - Copy' successfully

2018-12-12 09:37:59 - [TEST_STEP][PASSED] - Statement - UpdateAddNewECode = com.kms.katalon.core.webui.keyword.WebUiBuiltInKeywords.getText(com.kms.katalon.core.testobject.ObjectRepository.findTestObject(Object Repository/Final Object Repo/Page_Update Add New Employee - ASSIST/getEmpCode)): Text of object 'Object Repository/Final Object Repo/Page_Update Add New Employee - ASSIST/getEmpCode' is: 'E1102070769Y'

2018-12-12 09:37:59 - [MESSAGE][PASSED] - Text of object 'Object Repository/Final Object Repo/Page_Update Add New Employee - ASSIST/getEmpCode' is: 'E1102070769Y'

2018-12-12 09:37:59 - [TEST_STEP][PASSED] - callTestCase: Call Test Case 'Test Cases/Final Aug 2018 - PKS Automation/Common/Emp Code Setter' successfully

2018-12-12 09:37:59 - [TEST_CASE][PASSED] - Test Cases/Final Aug 2018 - PKS Automation/Common/Emp Code Setter: Test Cases/Final Aug 2018 - PKS Automation/Common/Emp Code Setter

2018-12-12 09:37:59 - [TEST_STEP][PASSED] - Statement - EmpCodeOld = new java.io.File(C://Users//Admin//Desktop//PKS//Automation Reference Point//EmpCode.txt): null

2018-12-12 09:37:59 - [TEST_STEP][PASSED] - Statement - EmpCodeOld.delete(): null

2018-12-12 09:37:59 - [TEST_STEP][PASSED] - Statement - EmpCode = new java.io.File(C://Users//Admin//Desktop//PKS//Automation Reference Point//EmpCode.txt): null

2018-12-12 09:37:59 - [TEST_STEP][PASSED] - Statement - f2 = new java.io.FileWriter(EmpCode, false): null

2018-12-12 09:37:59 - [TEST_STEP][PASSED] - Statement - f2.write(UpdateAddNewECode): null

2018-12-12 09:37:59 - [TEST_STEP][PASSED] - Statement - f2.close(): null

2018-12-12 09:37:59 - [TEST_STEP][PASSED] - Statement - out.println("


" + UpdateAddNewECode + "


"): null

2018-12-12 09:37:59 - [MESSAGE][PASSED] - Call Test Case 'Test Cases/Final Aug 2018 - PKS Automation/Common/Emp Code Setter' successfully

2018-12-12 09:37:59 - [MESSAGE][PASSED] - Call Test Case 'Test Cases/Final Aug 2018 - PKS Automation/Registration Module/Workflow/Update Add New Employee/Template/New Company for Update Add New - Employer' successfully

2018-12-12 09:37:59 - [TEST_STEP][PASSED] - callTestCase: Call Test Case 'Test Cases/Final Aug 2018 - PKS Automation/Create Employer Acc/Login to Employer Account (Second time)' successfully

2018-12-12 09:37:59 - [TEST_CASE][PASSED] - Test Cases/Final Aug 2018 - PKS Automation/Create Employer Acc/Login to Employer Account (Second time): Test Cases/Final Aug 2018 - PKS Automation/Create Employer Acc/Login to Employer Account (Second time)

2018-12-12 09:38:00 - [TEST_STEP][PASSED] - openBrowser: Browser is opened with url: ''

2018-12-12 09:38:00 - [MESSAGE][WARNING] - A browser is already opened. Closing browser and opening a new one

2018-12-12 09:38:04 - [MESSAGE][PASSED] - Browser is opened with url: ''

2018-12-12 09:38:04 - [TEST_STEP][PASSED] - navigateToUrl: Navigate to 'https://assist2-uat.perkeso.gov.my/employer/login' successfully

2018-12-12 09:38:05 - [MESSAGE][PASSED] - Navigate to 'https://assist2-uat.perkeso.gov.my/employer/login' successfully

2018-12-12 09:38:05 - [TEST_STEP][PASSED] - delay: Delayed 3 second(s)

2018-12-12 09:38:08 - [MESSAGE][PASSED] - Delayed 3 second(s)

2018-12-12 09:38:08 - [TEST_STEP][PASSED] - callTestCase: Call Test Case 'Test Cases/Final Aug 2018 - PKS Automation/Create Employer Acc/Template/Employer Email Getter' successfully

2018-12-12 09:38:08 - [TEST_CASE][PASSED] - Test Cases/Final Aug 2018 - PKS Automation/Create Employer Acc/Template/Employer Email Getter: Test Cases/Final Aug 2018 - PKS Automation/Create Employer Acc/Template/Employer Email Getter

2018-12-12 09:38:08 - [TEST_STEP][PASSED] - Statement - Try: null

2018-12-12 09:38:08 - [TEST_STEP][PASSED] - Statement - EmpEmail = new java.io.File(C://Users//Admin//Desktop//PKS//Automation Reference Point//EmpEmail.txt): null

2018-12-12 09:38:08 - [TEST_STEP][PASSED] - Statement - bufferread = new java.io.BufferedReader(new java.io.FileReader(EmpEmail)): null

2018-12-12 09:38:08 - [TEST_STEP][PASSED] - Statement - readedVal = bufferread.readLine(): null

2018-12-12 09:38:08 - [TEST_STEP][PASSED] - Statement - out.println(readedVal): null

2018-12-12 09:38:08 - [TEST_STEP][PASSED] - Statement - Email = readedVal: null

2018-12-12 09:38:08 - [MESSAGE][PASSED] - Call Test Case 'Test Cases/Final Aug 2018 - PKS Automation/Create Employer Acc/Template/Employer Email Getter' successfully

2018-12-12 09:38:08 - [TEST_STEP][PASSED] - setText: Text 'perkeso557760608602@gmail.com' is set on object 'Object Repository/Final Object Repo/Login Page/External Login Page/Email'

2018-12-12 09:38:08 - [MESSAGE][PASSED] - Text 'perkeso557760608602@gmail.com' is set on object 'Object Repository/Final Object Repo/Login Page/External Login Page/Email'

2018-12-12 09:38:08 - [TEST_STEP][PASSED] - click: Object: 'Object Repository/Final Object Repo/Login Page/External Login Page/Next' is clicked on

2018-12-12 09:38:09 - [MESSAGE][PASSED] - Object: 'Object Repository/Final Object Repo/Login Page/External Login Page/Next' is clicked on

2018-12-12 09:38:09 - [TEST_STEP][PASSED] - delay: Delayed 3 second(s)

2018-12-12 09:38:12 - [MESSAGE][PASSED] - Delayed 3 second(s)

2018-12-12 09:38:12 - [TEST_STEP][PASSED] - setEncryptedText: Text ****** has been set on object 'Object Repository/Final Object Repo/Login Page/External Login Page/Password'

2018-12-12 09:38:12 - [MESSAGE][PASSED] - Text ****** has been set on object 'Object Repository/Final Object Repo/Login Page/External Login Page/Password'

2018-12-12 09:38:12 - [TEST_STEP][PASSED] - click: Object: 'Object Repository/Final Object Repo/Login Page/External Login Page/Login' is clicked on

2018-12-12 09:38:12 - [MESSAGE][PASSED] - Object: 'Object Repository/Final Object Repo/Login Page/External Login Page/Login' is clicked on

2018-12-12 09:38:12 - [TEST_STEP][PASSED] - delay: Delayed 5 second(s)

2018-12-12 09:38:17 - [MESSAGE][PASSED] - Delayed 5 second(s)

2018-12-12 09:38:17 - [MESSAGE][PASSED] - Call Test Case 'Test Cases/Final Aug 2018 - PKS Automation/Create Employer Acc/Login to Employer Account (Second time)' successfully

2018-12-12 09:38:17 - [TEST_STEP][PASSED] - Statement - Try: Delayed 2 second(s)

2018-12-12 09:38:17 - [TEST_STEP][PASSED] - Statement - Checker = false: null

2018-12-12 09:38:17 - [TEST_STEP][PASSED] - Statement - Checker = com.kms.katalon.core.webui.keyword.WebUiBuiltInKeywords.verifyElementHasAttribute(com.kms.katalon.core.testobject.ObjectRepository.findTestObject(Final Object Repo/Landing Page/BM Detecting), "href", 20, OPTIONAL): Object 'Object Repository/Final Object Repo/Landing Page/BM Detecting' has attribute 'href'

2018-12-12 09:38:18 - [MESSAGE][PASSED] - Object 'Object Repository/Final Object Repo/Landing Page/BM Detecting' has attribute 'href'

2018-12-12 09:38:18 - [TEST_STEP][PASSED] - Statement - out.println(Checker): null

2018-12-12 09:38:18 - [TEST_STEP][PASSED] - Statement - If (Checker == false): null

2018-12-12 09:38:18 - [TEST_STEP][PASSED] - Statement - Else: null

2018-12-12 09:38:18 - [TEST_STEP][PASSED] - delay: Delayed 2 second(s)

2018-12-12 09:38:20 - [MESSAGE][PASSED] - Delayed 2 second(s)

2018-12-12 09:38:20 - [TEST_STEP][PASSED] - navigateToUrl: Navigate to 'https://assist2-uat.perkeso.gov.my/web/registration/update/update-employee-information-employer-' successfully

2018-12-12 09:38:20 - [MESSAGE][PASSED] - Navigate to 'https://assist2-uat.perkeso.gov.my/web/registration/update/update-employee-information-employer-' successfully

2018-12-12 09:38:20 - [TEST_STEP][PASSED] - click: Object: 'Object Repository/Final Object Repo/Page_Update Employee Information By Employer/Edit Button' is clicked on

2018-12-12 09:38:23 - [MESSAGE][PASSED] - Object: 'Object Repository/Final Object Repo/Page_Update Employee Information By Employer/Edit Button' is clicked on

2018-12-12 09:38:23 - [TEST_STEP][PASSED] - click: Object: 'Object Repository/Final Object Repo/Page_Update Employee Information By Employer/Employee Name or New Identification' is clicked on

2018-12-12 09:38:23 - [MESSAGE][PASSED] - Object: 'Object Repository/Final Object Repo/Page_Update Employee Information By Employer/Employee Name or New Identification' is clicked on

2018-12-12 09:38:23 - [TEST_STEP][PASSED] - delay: Delayed 1 second(s)

2018-12-12 09:38:24 - [MESSAGE][PASSED] - Delayed 1 second(s)

2018-12-12 09:38:24 - [TEST_STEP][PASSED] - click: Object: 'Object Repository/Final Object Repo/Page_Update Employee Information By Employer/Selection - Employee Name' is clicked on

2018-12-12 09:38:24 - [MESSAGE][PASSED] - Object: 'Object Repository/Final Object Repo/Page_Update Employee Information By Employer/Selection - Employee Name' is clicked on

2018-12-12 09:38:24 - [TEST_STEP][PASSED] - delay: Delayed 1 second(s)

2018-12-12 09:38:25 - [MESSAGE][PASSED] - Delayed 1 second(s)

2018-12-12 09:38:25 - [TEST_STEP][PASSED] - setText: Text 'AUTOMATE001 ELIGIBLE 1' is set on object 'Object Repository/Final Object Repo/Page_Update Employee Information By Employer/Employee Name'

2018-12-12 09:38:26 - [MESSAGE][PASSED] - Text 'AUTOMATE001 ELIGIBLE 1' is set on object 'Object Repository/Final Object Repo/Page_Update Employee Information By Employer/Employee Name'

2018-12-12 09:38:26 - [TEST_STEP][PASSED] - delay: Delayed 2 second(s)

2018-12-12 09:38:28 - [MESSAGE][PASSED] - Delayed 2 second(s)

2018-12-12 09:38:28 - [TEST_STEP][PASSED] - click: Object: 'Object Repository/Final Object Repo/Page_Update Employee Information By Employer/Search Employee' is clicked on

2018-12-12 09:38:28 - [MESSAGE][PASSED] - Object: 'Object Repository/Final Object Repo/Page_Update Employee Information By Employer/Search Employee' is clicked on

2018-12-12 09:38:28 - [TEST_STEP][PASSED] - delay: Delayed 3 second(s)

2018-12-12 09:38:31 - [MESSAGE][PASSED] - Delayed 3 second(s)

2018-12-12 09:38:31 - [TEST_STEP][PASSED] - click: Object: 'Object Repository/Final Object Repo/Page_Update Employee Information By Employer/Employee Edit Button' is clicked on

2018-12-12 09:38:31 - [MESSAGE][PASSED] - Object: 'Object Repository/Final Object Repo/Page_Update Employee Information By Employer/Employee Edit Button' is clicked on

2018-12-12 09:38:31 - [TEST_STEP][PASSED] - delay: Delayed 3 second(s)

2018-12-12 09:38:34 - [MESSAGE][PASSED] - Delayed 3 second(s)

2018-12-12 09:38:34 - [TEST_STEP][PASSED] - setText: Text '' is set on object 'Object Repository/Final Object Repo/Page_Update Employee Information By Employer/Identification Number'

2018-12-12 09:38:34 - [MESSAGE][PASSED] - Text '' is set on object 'Object Repository/Final Object Repo/Page_Update Employee Information By Employer/Identification Number'

2018-12-12 09:38:34 - [TEST_STEP][PASSED] - Statement - rnd = new java.util.Random(): null

2018-12-12 09:38:34 - [TEST_STEP][PASSED] - Statement - snum = rnd.nextInt(899999 + 1) + 100000: null

2018-12-12 09:38:34 - [TEST_STEP][PASSED] - Statement - tnum = rnd.nextInt(899999 + 1) + 100000: null

2018-12-12 09:38:34 - [TEST_STEP][PASSED] - Statement - IC = java.lang.Integer.toString(snum) + java.lang.Integer.toString(tnum): null

2018-12-12 09:38:34 - [TEST_STEP][PASSED] - Statement - out.println(IC): null

2018-12-12 09:38:34 - [TEST_STEP][PASSED] - setText: Text '673446231714' is set on object 'Object Repository/Final Object Repo/Page_Update Employee Information By Employer/Identification Number'

2018-12-12 09:38:35 - [MESSAGE][PASSED] - Text '673446231714' is set on object 'Object Repository/Final Object Repo/Page_Update Employee Information By Employer/Identification Number'

2018-12-12 09:38:35 - [TEST_STEP][PASSED] - click: Object: 'Object Repository/Final Object Repo/Page_Update Employee Information By Employer/Save' is clicked on

2018-12-12 09:38:35 - [MESSAGE][PASSED] - Object: 'Object Repository/Final Object Repo/Page_Update Employee Information By Employer/Save' is clicked on

2018-12-12 09:38:35 - [TEST_STEP][PASSED] - delay: Delayed 5 second(s)

2018-12-12 09:38:40 - [MESSAGE][PASSED] - Delayed 5 second(s)

2018-12-12 09:38:40 - [TEST_STEP][PASSED] - Statement - CaseReferenceNo = com.kms.katalon.core.webui.keyword.WebUiBuiltInKeywords.getText(com.kms.katalon.core.testobject.ObjectRepository.findTestObject(Final Object Repo/Reference Number/Reference Number in Update Employee Information Page)): Text of object 'Object Repository/Final Object Repo/Reference Number/Reference Number in Update Employee Information Page' is: 'CUN122018C100005968'

2018-12-12 09:38:40 - [MESSAGE][PASSED] - Text of object 'Object Repository/Final Object Repo/Reference Number/Reference Number in Update Employee Information Page' is: 'CUN122018C100005968'

2018-12-12 09:38:40 - [TEST_STEP][PASSED] - callTestCase: Call Test Case 'Test Cases/Final Aug 2018 - PKS Automation/Common/Reference Number Setter' successfully

2018-12-12 09:38:40 - [TEST_CASE][PASSED] - Test Cases/Final Aug 2018 - PKS Automation/Common/Reference Number Setter: Test Cases/Final Aug 2018 - PKS Automation/Common/Reference Number Setter

2018-12-12 09:38:40 - [TEST_STEP][PASSED] - Statement - RefNoOldFile = new java.io.File(C://Users//Admin//Desktop//PKS//Automation Reference Point//KatalonReference.txt): null

2018-12-12 09:38:40 - [TEST_STEP][PASSED] - Statement - RefNoOldFile.delete(): null

2018-12-12 09:38:40 - [TEST_STEP][PASSED] - delay: Delayed 5 second(s)

2018-12-12 09:38:45 - [MESSAGE][PASSED] - Delayed 5 second(s)

2018-12-12 09:38:45 - [TEST_STEP][PASSED] - Statement - RefNo = new java.io.File(C://Users//Admin//Desktop//PKS//Automation Reference Point//KatalonReference.txt): null

2018-12-12 09:38:45 - [TEST_STEP][PASSED] - Statement - f2 = new java.io.FileWriter(RefNo, false): null

2018-12-12 09:38:45 - [TEST_STEP][PASSED] - Statement - f2.write(CaseReferenceNo): null

2018-12-12 09:38:45 - [TEST_STEP][PASSED] - Statement - f2.close(): null

2018-12-12 09:38:45 - [TEST_STEP][PASSED] - Statement - out.println("


" + CaseReferenceNo + "


"): null

2018-12-12 09:38:45 - [MESSAGE][PASSED] - Call Test Case 'Test Cases/Final Aug 2018 - PKS Automation/Common/Reference Number Setter' successfully

2018-12-12 09:38:45 - [TEST_STEP][PASSED] - delay: Delayed 5 second(s)

2018-12-12 09:38:50 - [MESSAGE][PASSED] - Delayed 5 second(s)

2018-12-12 09:38:50 - [TEST_STEP][PASSED] - click: Object: 'Object Repository/Final Object Repo/Page_Update Employee Information By Employer/Save  Continue in  Employee Information Page' is clicked on

2018-12-12 09:38:50 - [MESSAGE][PASSED] - Object: 'Object Repository/Final Object Repo/Page_Update Employee Information By Employer/Save  Continue in  Employee Information Page' is clicked on

2018-12-12 09:38:50 - [TEST_STEP][PASSED] - delay: Delayed 5 second(s)

2018-12-12 09:38:55 - [MESSAGE][PASSED] - Delayed 5 second(s)

2018-12-12 09:38:55 - [TEST_STEP][PASSED] - click: Object: 'Object Repository/Final Object Repo/Page_Update Employee Information By Employer/Save  Continue in Uploading Page 1' is clicked on

2018-12-12 09:38:55 - [MESSAGE][PASSED] - Object: 'Object Repository/Final Object Repo/Page_Update Employee Information By Employer/Save  Continue in Uploading Page 1' is clicked on

2018-12-12 09:38:55 - [TEST_STEP][PASSED] - delay: Delayed 5 second(s)

2018-12-12 09:39:00 - [MESSAGE][PASSED] - Delayed 5 second(s)

2018-12-12 09:39:00 - [TEST_STEP][PASSED] - click: Object: 'Object Repository/Final Object Repo/Page_Update Employee Information By Employer/Submit' is clicked on

2018-12-12 09:39:01 - [MESSAGE][PASSED] - Object: 'Object Repository/Final Object Repo/Page_Update Employee Information By Employer/Submit' is clicked on

2018-12-12 09:39:01 - [TEST_STEP][PASSED] - delay: Delayed 5 second(s)

2018-12-12 09:39:06 - [MESSAGE][PASSED] - Delayed 5 second(s)

2018-12-12 09:39:06 - [TEST_STEP][PASSED] - click: Object: 'Object Repository/Final Object Repo/Page_Update Employee Information By Employer/Confirm' is clicked on

2018-12-12 09:39:06 - [MESSAGE][PASSED] - Object: 'Object Repository/Final Object Repo/Page_Update Employee Information By Employer/Confirm' is clicked on

2018-12-12 09:39:06 - [TEST_STEP][PASSED] - delay: Delayed 5 second(s)

2018-12-12 09:39:11 - [MESSAGE][PASSED] - Delayed 5 second(s)

2018-12-12 09:39:11 - [TEST_STEP][PASSED] - verifyElementVisible: Object 'Object Repository/Final Object Repo/Page_Update Employee Information By Employer/Successfull Message Routed to UO' is visible

2018-12-12 09:39:11 - [MESSAGE][PASSED] - Object 'Object Repository/Final Object Repo/Page_Update Employee Information By Employer/Successfull Message Routed to UO' is visible

2018-12-12 09:39:11 - [MESSAGE][PASSED] - Call Test Case 'Test Cases/Final Aug 2018 - PKS Automation/Registration Module/Workflow/Update Employee Information (Employer)/Template/Update Employer Information - Special Case (Employer)' successfully

2018-12-12 09:39:11 - [TEST_STEP][PASSED] - callTestCase: Call Test Case 'Test Cases/Final Aug 2018 - PKS Automation/Registration Module/Workflow/Update Employee Information (Employer)/Template/Update Employee Information - Special Case - UO(Query)' successfully

2018-12-12 09:39:11 - [TEST_CASE][PASSED] - Test Cases/Final Aug 2018 - PKS Automation/Registration Module/Workflow/Update Employee Information (Employer)/Template/Update Employee Information - Special Case - UO(Query): Test Cases/Final Aug 2018 - PKS Automation/Registration Module/Workflow/Update Employee Information (Employer)/Template/Update Employee Information - Special Case - UO(Query)

2018-12-12 09:39:11 - [TEST_STEP][NOT_RUN] - callTestCase: NOT_RUN: callTestCase

2018-12-12 09:39:11 - [MESSAGE][NOT_RUN] - NOT_RUN: callTestCase

2018-12-12 09:39:11 - [TEST_STEP][PASSED] - delay: Delayed 2 second(s)

2018-12-12 09:39:13 - [MESSAGE][PASSED] - Delayed 2 second(s)

2018-12-12 09:39:13 - [TEST_STEP][PASSED] - navigateToUrl: Navigate to 'https://assist2-uat.perkeso.gov.my/c/portal/logout' successfully

2018-12-12 09:39:14 - [MESSAGE][PASSED] - Navigate to 'https://assist2-uat.perkeso.gov.my/c/portal/logout' successfully

2018-12-12 09:39:14 - [TEST_STEP][PASSED] - delay: Delayed 2 second(s)

2018-12-12 09:39:16 - [MESSAGE][PASSED] - Delayed 2 second(s)

2018-12-12 09:39:16 - [TEST_STEP][PASSED] - callTestCase: Call Test Case 'Test Cases/Final Aug 2018 - PKS Automation/Common/Reference Number Getter' successfully

2018-12-12 09:39:16 - [TEST_CASE][PASSED] - Test Cases/Final Aug 2018 - PKS Automation/Common/Reference Number Getter: Test Cases/Final Aug 2018 - PKS Automation/Common/Reference Number Getter

2018-12-12 09:39:16 - [TEST_STEP][PASSED] - Statement - Try: null

2018-12-12 09:39:16 - [TEST_STEP][PASSED] - Statement - RefNo = new java.io.File(C://Users//Admin//Desktop//PKS//Automation Reference Point//KatalonReference.txt): null

2018-12-12 09:39:16 - [TEST_STEP][PASSED] - Statement - bufferread = new java.io.BufferedReader(new java.io.FileReader(RefNo)): null

2018-12-12 09:39:16 - [TEST_STEP][PASSED] - Statement - readedVal = bufferread.readLine(): null

2018-12-12 09:39:16 - [TEST_STEP][PASSED] - Statement - out.println(CaseReferenceNo): null

2018-12-12 09:39:16 - [TEST_STEP][PASSED] - Statement - out.println(readedVal): null

2018-12-12 09:39:16 - [TEST_STEP][PASSED] - Statement - CaseReferenceNo = "": null

2018-12-12 09:39:16 - [TEST_STEP][PASSED] - Statement - CaseReferenceNo = readedVal: null

2018-12-12 09:39:16 - [MESSAGE][PASSED] - Call Test Case 'Test Cases/Final Aug 2018 - PKS Automation/Common/Reference Number Getter' successfully

2018-12-12 09:39:16 - [TEST_STEP][PASSED] - callTestCase: Call Test Case 'Test Cases/Final Aug 2018 - PKS Automation/Common/Workflow Owner Finder' successfully

2018-12-12 09:39:16 - [TEST_CASE][PASSED] - Test Cases/Final Aug 2018 - PKS Automation/Common/Workflow Owner Finder: Test Cases/Final Aug 2018 - PKS Automation/Common/Workflow Owner Finder

2018-12-12 09:39:16 - [TEST_STEP][PASSED] - openBrowser: Browser is opened with url: ''

2018-12-12 09:39:16 - [MESSAGE][WARNING] - A browser is already opened. Closing browser and opening a new one

2018-12-12 09:39:20 - [MESSAGE][PASSED] - Browser is opened with url: ''

2018-12-12 09:39:20 - [TEST_STEP][PASSED] - navigateToUrl: Navigate to 'https://assist2-uat.perkeso.gov.my/login' successfully

2018-12-12 09:39:21 - [MESSAGE][PASSED] - Navigate to 'https://assist2-uat.perkeso.gov.my/login' successfully

2018-12-12 09:39:21 - [TEST_STEP][PASSED] - delay: Delayed 5 second(s)

2018-12-12 09:39:26 - [MESSAGE][PASSED] - Delayed 5 second(s)

2018-12-12 09:39:26 - [TEST_STEP][PASSED] - setText: Text 'test@liferay.com' is set on object 'Object Repository/Final Object Repo/Login Page/Internal User/Email Address'

2018-12-12 09:39:27 - [MESSAGE][PASSED] - Text 'test@liferay.com' is set on object 'Object Repository/Final Object Repo/Login Page/Internal User/Email Address'

2018-12-12 09:39:27 - [TEST_STEP][PASSED] - click: Object: 'Object Repository/Final Object Repo/Login Page/Internal User/Next Button' is clicked on

2018-12-12 09:39:27 - [MESSAGE][PASSED] - Object: 'Object Repository/Final Object Repo/Login Page/Internal User/Next Button' is clicked on

2018-12-12 09:39:27 - [TEST_STEP][PASSED] - delay: Delayed 2 second(s)

2018-12-12 09:39:29 - [MESSAGE][PASSED] - Delayed 2 second(s)

2018-12-12 09:39:29 - [TEST_STEP][PASSED] - setText: Text 'test' is set on object 'Object Repository/Final Object Repo/Login Page/Internal User/Password'

2018-12-12 09:39:29 - [MESSAGE][PASSED] - Text 'test' is set on object 'Object Repository/Final Object Repo/Login Page/Internal User/Password'

2018-12-12 09:39:29 - [TEST_STEP][PASSED] - delay: Delayed 2 second(s)

2018-12-12 09:39:31 - [MESSAGE][PASSED] - Delayed 2 second(s)

2018-12-12 09:39:31 - [TEST_STEP][PASSED] - click: Object: 'Object Repository/Final Object Repo/Login Page/Internal User/Login Button' is clicked on

2018-12-12 09:39:31 - [MESSAGE][PASSED] - Object: 'Object Repository/Final Object Repo/Login Page/Internal User/Login Button' is clicked on

2018-12-12 09:39:31 - [TEST_STEP][PASSED] - Statement - tester = com.kms.katalon.core.testobject.ObjectRepository.findTestObject(Final Object Repo/Landing Page/Select to English): Finding Test Object with id 'Object Repository/Final Object Repo/Landing Page/Select to English'

2018-12-12 09:39:31 - [TEST_STEP][PASSED] - Statement - Try: Delayed 2 second(s)

2018-12-12 09:39:31 - [TEST_STEP][PASSED] - Statement - Checker = com.kms.katalon.core.webui.keyword.WebUiBuiltInKeywords.verifyElementNotPresent(tester, 3): Web element with id: 'Object Repository/Final Object Repo/Landing Page/Select to English' located by 'By.xpath: //a[@class = 'taglib-language-list-text' and @lang = 'en-US' and (contains(text(), 'EN') or contains(., 'EN'))]' is not present after '3' second(s)

2018-12-12 09:39:33 - [MESSAGE][PASSED] - Web element with id: 'Object Repository/Final Object Repo/Landing Page/Select to English' located by 'By.xpath: //a[@class = 'taglib-language-list-text' and @lang = 'en-US' and (contains(text(), 'EN') or contains(., 'EN'))]' is not present after '3' second(s)

2018-12-12 09:39:33 - [TEST_STEP][PASSED] - Statement - If (Checker == false): null

2018-12-12 09:39:33 - [TEST_STEP][PASSED] - delay: Delayed 2 second(s)

2018-12-12 09:39:35 - [MESSAGE][PASSED] - Delayed 2 second(s)

2018-12-12 09:39:35 - [TEST_STEP][PASSED] - delay: Delayed 5 second(s)

2018-12-12 09:39:40 - [MESSAGE][PASSED] - Delayed 5 second(s)

2018-12-12 09:39:40 - [TEST_STEP][PASSED] - mouseOver: Object: 'Object Repository/Final Object Repo/Landing Page/WorkFlow Menu' is hovered

2018-12-12 09:39:41 - [MESSAGE][PASSED] - Object: 'Object Repository/Final Object Repo/Landing Page/WorkFlow Menu' is hovered

2018-12-12 09:39:41 - [TEST_STEP][PASSED] - delay: Delayed 2 second(s)

2018-12-12 09:39:43 - [MESSAGE][PASSED] - Delayed 2 second(s)

2018-12-12 09:39:43 - [TEST_STEP][PASSED] - click: Object: 'Object Repository/Final Object Repo/Landing Page/Select to Workflow Listing' is clicked on

2018-12-12 09:39:44 - [MESSAGE][PASSED] - Object: 'Object Repository/Final Object Repo/Landing Page/Select to Workflow Listing' is clicked on

2018-12-12 09:39:44 - [TEST_STEP][PASSED] - delay: Delayed 2 second(s)

2018-12-12 09:39:46 - [MESSAGE][PASSED] - Delayed 2 second(s)

2018-12-12 09:39:46 - [TEST_STEP][PASSED] - click: Object: 'Object Repository/Final Object Repo/WorkFlow Listing Page/Search Information - To Put Ref No' is clicked on

2018-12-12 09:39:46 - [MESSAGE][PASSED] - Object: 'Object Repository/Final Object Repo/WorkFlow Listing Page/Search Information - To Put Ref No' is clicked on

2018-12-12 09:39:46 - [TEST_STEP][PASSED] - delay: Delayed 2 second(s)

2018-12-12 09:39:48 - [MESSAGE][PASSED] - Delayed 2 second(s)

2018-12-12 09:39:48 - [TEST_STEP][PASSED] - callTestCase: Call Test Case 'Test Cases/Final Aug 2018 - PKS Automation/Common/Reference Number Getter' successfully

2018-12-12 09:39:48 - [TEST_CASE][PASSED] - Test Cases/Final Aug 2018 - PKS Automation/Common/Reference Number Getter: Test Cases/Final Aug 2018 - PKS Automation/Common/Reference Number Getter

2018-12-12 09:39:48 - [TEST_STEP][PASSED] - Statement - Try: null

2018-12-12 09:39:48 - [TEST_STEP][PASSED] - Statement - RefNo = new java.io.File(C://Users//Admin//Desktop//PKS//Automation Reference Point//KatalonReference.txt): null

2018-12-12 09:39:48 - [TEST_STEP][PASSED] - Statement - bufferread = new java.io.BufferedReader(new java.io.FileReader(RefNo)): null

2018-12-12 09:39:48 - [TEST_STEP][PASSED] - Statement - readedVal = bufferread.readLine(): null

2018-12-12 09:39:48 - [TEST_STEP][PASSED] - Statement - out.println(CaseReferenceNo): null

2018-12-12 09:39:48 - [TEST_STEP][PASSED] - Statement - out.println(readedVal): null

2018-12-12 09:39:48 - [TEST_STEP][PASSED] - Statement - CaseReferenceNo = "": null

2018-12-12 09:39:48 - [TEST_STEP][PASSED] - Statement - CaseReferenceNo = readedVal: null

2018-12-12 09:39:48 - [MESSAGE][PASSED] - Call Test Case 'Test Cases/Final Aug 2018 - PKS Automation/Common/Reference Number Getter' successfully

2018-12-12 09:39:48 - [TEST_STEP][PASSED] - setText: Text 'CUN122018C100005968' is set on object 'Object Repository/Final Object Repo/WorkFlow Listing Page/Ref No Set Text'

2018-12-12 09:39:48 - [MESSAGE][PASSED] - Text 'CUN122018C100005968' is set on object 'Object Repository/Final Object Repo/WorkFlow Listing Page/Ref No Set Text'

2018-12-12 09:39:48 - [TEST_STEP][PASSED] - delay: Delayed 2 second(s)

2018-12-12 09:39:50 - [MESSAGE][PASSED] - Delayed 2 second(s)

2018-12-12 09:39:50 - [TEST_STEP][PASSED] - click: Object: 'Object Repository/Final Object Repo/WorkFlow Listing Page/Search Ref No Search Button' is clicked on

2018-12-12 09:39:51 - [MESSAGE][PASSED] - Object: 'Object Repository/Final Object Repo/WorkFlow Listing Page/Search Ref No Search Button' is clicked on

2018-12-12 09:39:51 - [TEST_STEP][PASSED] - delay: Delayed 6 second(s)

2018-12-12 09:39:57 - [MESSAGE][PASSED] - Delayed 6 second(s)

2018-12-12 09:39:57 - [TEST_STEP][PASSED] - click: Object: 'Object Repository/Final Object Repo/WorkFlow Listing Page/Click Continue Tooltip' is clicked on

2018-12-12 09:39:58 - [MESSAGE][PASSED] - Object: 'Object Repository/Final Object Repo/WorkFlow Listing Page/Click Continue Tooltip' is clicked on

2018-12-12 09:39:58 - [TEST_STEP][PASSED] - delay: Delayed 5 second(s)

2018-12-12 09:40:03 - [MESSAGE][PASSED] - Delayed 5 second(s)

2018-12-12 09:40:03 - [TEST_STEP][PASSED] - doubleClick: Object: 'Object Repository/Final Object Repo/WorkFlow Listing Page/Workflow Found - Listing 1' is double clicked on

2018-12-12 09:40:03 - [MESSAGE][PASSED] - Object: 'Object Repository/Final Object Repo/WorkFlow Listing Page/Workflow Found - Listing 1' is double clicked on

2018-12-12 09:40:03 - [TEST_STEP][PASSED] - Statement - println(OwnerID): null

2018-12-12 09:40:03 - [TEST_STEP][PASSED] - Statement - OwnerID = com.kms.katalon.core.webui.keyword.WebUiBuiltInKeywords.getText(com.kms.katalon.core.testobject.ObjectRepository.findTestObject(Final Object Repo/WorkFlow Listing Page/Workflow Found - Listing 1), STOP_ON_FAILURE): Text of object 'Object Repository/Final Object Repo/WorkFlow Listing Page/Workflow Found - Listing 1' is: 'JOHORuo3'

2018-12-12 09:40:03 - [MESSAGE][PASSED] - Text of object 'Object Repository/Final Object Repo/WorkFlow Listing Page/Workflow Found - Listing 1' is: 'JOHORuo3'

2018-12-12 09:40:03 - [TEST_STEP][PASSED] - Statement - OwnerID = OwnerID.toLowerCase() + "@gmail.com": null

2018-12-12 09:40:03 - [TEST_STEP][PASSED] - Statement - println(OwnerID): null

2018-12-12 09:40:03 - [TEST_STEP][PASSED] - delay: Delayed 2 second(s)

2018-12-12 09:40:05 - [MESSAGE][PASSED] - Delayed 2 second(s)

2018-12-12 09:40:05 - [MESSAGE][PASSED] - Call Test Case 'Test Cases/Final Aug 2018 - PKS Automation/Common/Workflow Owner Finder' successfully

2018-12-12 09:40:05 - [TEST_STEP][PASSED] - delay: Delayed 2 second(s)

2018-12-12 09:40:07 - [MESSAGE][PASSED] - Delayed 2 second(s)

2018-12-12 09:40:07 - [TEST_STEP][PASSED] - navigateToUrl: Navigate to 'https://assist2-uat.perkeso.gov.my/c/portal/logout' successfully

2018-12-12 09:40:08 - [MESSAGE][PASSED] - Navigate to 'https://assist2-uat.perkeso.gov.my/c/portal/logout' successfully

2018-12-12 09:40:08 - [TEST_STEP][PASSED] - delay: Delayed 2 second(s)

2018-12-12 09:40:10 - [MESSAGE][PASSED] - Delayed 2 second(s)

2018-12-12 09:40:10 - [TEST_STEP][PASSED] - callTestCase: Call Test Case 'Test Cases/Final Aug 2018 - PKS Automation/Registration Module/Workflow/Login and Search Case For Workflow' successfully

2018-12-12 09:40:10 - [TEST_CASE][PASSED] - Test Cases/Final Aug 2018 - PKS Automation/Registration Module/Workflow/Login and Search Case For Workflow: Test Cases/Final Aug 2018 - PKS Automation/Registration Module/Workflow/Login and Search Case For Workflow

2018-12-12 09:40:10 - [TEST_STEP][PASSED] - navigateToUrl: Navigate to 'https://assist2-uat.perkeso.gov.my/login' successfully

2018-12-12 09:40:10 - [MESSAGE][PASSED] - Navigate to 'https://assist2-uat.perkeso.gov.my/login' successfully

2018-12-12 09:40:10 - [TEST_STEP][PASSED] - setText: Text 'johoruo3@gmail.com' is set on object 'Object Repository/Final Object Repo/Login Page/Internal User/Email Address'

2018-12-12 09:40:11 - [MESSAGE][PASSED] - Text 'johoruo3@gmail.com' is set on object 'Object Repository/Final Object Repo/Login Page/Internal User/Email Address'

2018-12-12 09:40:11 - [TEST_STEP][PASSED] - click: Object: 'Object Repository/Final Object Repo/Login Page/Internal User/Next Button' is clicked on

2018-12-12 09:40:11 - [MESSAGE][PASSED] - Object: 'Object Repository/Final Object Repo/Login Page/Internal User/Next Button' is clicked on

2018-12-12 09:40:11 - [TEST_STEP][PASSED] - delay: Delayed 1 second(s)

2018-12-12 09:40:12 - [MESSAGE][PASSED] - Delayed 1 second(s)

2018-12-12 09:40:12 - [TEST_STEP][PASSED] - setEncryptedText: Text ****** has been set on object 'Object Repository/Final Object Repo/Login Page/Internal User/Password'

2018-12-12 09:40:12 - [MESSAGE][PASSED] - Text ****** has been set on object 'Object Repository/Final Object Repo/Login Page/Internal User/Password'

2018-12-12 09:40:12 - [TEST_STEP][PASSED] - click: Object: 'Object Repository/Final Object Repo/Login Page/Internal User/Login Button' is clicked on

2018-12-12 09:40:12 - [MESSAGE][PASSED] - Object: 'Object Repository/Final Object Repo/Login Page/Internal User/Login Button' is clicked on

2018-12-12 09:40:12 - [TEST_STEP][PASSED] - delay: Delayed 2 second(s)

2018-12-12 09:40:14 - [MESSAGE][PASSED] - Delayed 2 second(s)

2018-12-12 09:40:14 - [TEST_STEP][PASSED] - Statement - Try: Delayed 2 second(s)

2018-12-12 09:40:14 - [TEST_STEP][PASSED] - Statement - Checker = false: null

2018-12-12 09:40:14 - [TEST_STEP][PASSED] - Statement - Checker = com.kms.katalon.core.webui.keyword.WebUiBuiltInKeywords.verifyElementHasAttribute(com.kms.katalon.core.testobject.ObjectRepository.findTestObject(Final Object Repo/Landing Page/BM Detecting), "href", 20, OPTIONAL): Object 'Object Repository/Final Object Repo/Landing Page/BM Detecting' has attribute 'href'

2018-12-12 09:40:14 - [MESSAGE][PASSED] - Object 'Object Repository/Final Object Repo/Landing Page/BM Detecting' has attribute 'href'

2018-12-12 09:40:14 - [TEST_STEP][PASSED] - Statement - out.println(Checker): null

2018-12-12 09:40:14 - [TEST_STEP][PASSED] - Statement - If (Checker == false): null

2018-12-12 09:40:14 - [TEST_STEP][PASSED] - Statement - Else: null

2018-12-12 09:40:14 - [TEST_STEP][PASSED] - delay: Delayed 2 second(s)

2018-12-12 09:40:16 - [MESSAGE][PASSED] - Delayed 2 second(s)

2018-12-12 09:40:16 - [TEST_STEP][PASSED] - click: Object: 'Object Repository/Final Object Repo/Page_MyASSIST - ASSIST - Search Pending Case For Add Supporting Document/Search Information' is clicked on

2018-12-12 09:40:16 - [MESSAGE][PASSED] - Object: 'Object Repository/Final Object Repo/Page_MyASSIST - ASSIST - Search Pending Case For Add Supporting Document/Search Information' is clicked on

2018-12-12 09:40:16 - [TEST_STEP][PASSED] - delay: Delayed 3 second(s)

2018-12-12 09:40:19 - [MESSAGE][PASSED] - Delayed 3 second(s)

2018-12-12 09:40:19 - [TEST_STEP][PASSED] - sendKeys: Keys 'CUN122018C100005968' sent to object: 'Object Repository/Final Object Repo/Page_MyASSIST - ASSIST - Search Pending Case For Add Supporting Document/Reference No'

2018-12-12 09:40:20 - [MESSAGE][PASSED] - Keys 'CUN122018C100005968' sent to object: 'Object Repository/Final Object Repo/Page_MyASSIST - ASSIST - Search Pending Case For Add Supporting Document/Reference No'

2018-12-12 09:40:20 - [TEST_STEP][PASSED] - click: Object: 'Object Repository/Final Object Repo/Page_MyASSIST - ASSIST - Search Pending Case For Add Supporting Document/Search Reference No' is clicked on

2018-12-12 09:40:21 - [MESSAGE][PASSED] - Object: 'Object Repository/Final Object Repo/Page_MyASSIST - ASSIST - Search Pending Case For Add Supporting Document/Search Reference No' is clicked on

2018-12-12 09:40:21 - [TEST_STEP][PASSED] - delay: Delayed 2 second(s)

2018-12-12 09:40:23 - [MESSAGE][PASSED] - Delayed 2 second(s)

2018-12-12 09:40:23 - [TEST_STEP][PASSED] - click: Object: 'Object Repository/Final Object Repo/Page_MyASSIST - ASSIST - Search Pending Case For Add Supporting Document/Continue' is clicked on

2018-12-12 09:40:30 - [MESSAGE][PASSED] - Object: 'Object Repository/Final Object Repo/Page_MyASSIST - ASSIST - Search Pending Case For Add Supporting Document/Continue' is clicked on

2018-12-12 09:40:30 - [TEST_STEP][PASSED] - delay: Delayed 20 second(s)

2018-12-12 09:40:50 - [MESSAGE][PASSED] - Delayed 20 second(s)

2018-12-12 09:40:50 - [MESSAGE][PASSED] - Call Test Case 'Test Cases/Final Aug 2018 - PKS Automation/Registration Module/Workflow/Login and Search Case For Workflow' successfully

2018-12-12 09:40:50 - [TEST_STEP][PASSED] - delay: Delayed 2 second(s)

2018-12-12 09:40:52 - [MESSAGE][PASSED] - Delayed 2 second(s)

2018-12-12 09:40:52 - [TEST_STEP][PASSED] - click: Object: 'Object Repository/Final Object Repo/Page_Update Employee Information By Employer/Page_Update Employee Information by Employer (Approve)/Continue' is clicked on

2018-12-12 09:40:55 - [MESSAGE][PASSED] - Object: 'Object Repository/Final Object Repo/Page_Update Employee Information By Employer/Page_Update Employee Information by Employer (Approve)/Continue' is clicked on

2018-12-12 09:40:55 - [TEST_STEP][PASSED] - delay: Delayed 2 second(s)

2018-12-12 09:40:57 - [MESSAGE][PASSED] - Delayed 2 second(s)

2018-12-12 09:40:57 - [TEST_STEP][PASSED] - click: Object: 'Object Repository/Final Object Repo/Page_Update Employee Information By Employer/Page_Update Employee Information by Employer (Approve)/Save  Continue in Update Employee Information Page' is clicked on

2018-12-12 09:40:57 - [MESSAGE][PASSED] - Object: 'Object Repository/Final Object Repo/Page_Update Employee Information By Employer/Page_Update Employee Information by Employer (Approve)/Save  Continue in Update Employee Information Page' is clicked on

2018-12-12 09:40:57 - [TEST_STEP][PASSED] - delay: Delayed 4 second(s)

2018-12-12 09:41:01 - [MESSAGE][PASSED] - Delayed 4 second(s)

2018-12-12 09:41:01 - [TEST_STEP][PASSED] - setText: Text 'Query' is set on object 'Object Repository/Final Object Repo/Page_Update Employee Information By Employer/Page_Update Employee Information by Employer (Query)/Remark'

2018-12-12 09:41:02 - [MESSAGE][PASSED] - Text 'Query' is set on object 'Object Repository/Final Object Repo/Page_Update Employee Information By Employer/Page_Update Employee Information by Employer (Query)/Remark'

2018-12-12 09:41:02 - [TEST_STEP][PASSED] - delay: Delayed 2 second(s)

2018-12-12 09:41:04 - [MESSAGE][PASSED] - Delayed 2 second(s)

2018-12-12 09:41:04 - [TEST_STEP][PASSED] - click: Object: 'Object Repository/Final Object Repo/Page_Update Employee Information By Employer/Page_Update Employee Information by Employer (Approve)/Save  Continue in Upload Supporting Doucument Page' is clicked on

2018-12-12 09:41:04 - [MESSAGE][PASSED] - Object: 'Object Repository/Final Object Repo/Page_Update Employee Information By Employer/Page_Update Employee Information by Employer (Approve)/Save  Continue in Upload Supporting Doucument Page' is clicked on

2018-12-12 09:41:04 - [TEST_STEP][PASSED] - delay: Delayed 2 second(s)

2018-12-12 09:41:06 - [MESSAGE][PASSED] - Delayed 2 second(s)

2018-12-12 09:41:06 - [TEST_STEP][PASSED] - click: Object: 'Object Repository/Final Object Repo/Page_Update Employee Information By Employer/Page_Update Employee Information by Employer (Query)/Query' is clicked on

2018-12-12 09:41:08 - [MESSAGE][PASSED] - Object: 'Object Repository/Final Object Repo/Page_Update Employee Information By Employer/Page_Update Employee Information by Employer (Query)/Query' is clicked on

2018-12-12 09:41:08 - [TEST_STEP][PASSED] - delay: Delayed 2 second(s)

2018-12-12 09:41:10 - [MESSAGE][PASSED] - Delayed 2 second(s)

2018-12-12 09:41:10 - [TEST_STEP][PASSED] - click: Object: 'Object Repository/Final Object Repo/Page_Update Employee Information By Employer/Page_Update Employee Information by Employer (Approve)/Confirm' is clicked on

2018-12-12 09:41:10 - [MESSAGE][PASSED] - Object: 'Object Repository/Final Object Repo/Page_Update Employee Information By Employer/Page_Update Employee Information by Employer (Approve)/Confirm' is clicked on

2018-12-12 09:41:10 - [TEST_STEP][PASSED] - delay: Delayed 2 second(s)

2018-12-12 09:41:12 - [MESSAGE][PASSED] - Delayed 2 second(s)

2018-12-12 09:41:12 - [TEST_STEP][PASSED] - click: Object: 'Object Repository/Final Object Repo/Page_Update Employee Information By Employer/Page_Update Employee Information by Employer (Query)/Query Message The case is Under Query' is clicked on

2018-12-12 09:41:16 - [MESSAGE][PASSED] - Object: 'Object Repository/Final Object Repo/Page_Update Employee Information By Employer/Page_Update Employee Information by Employer (Query)/Query Message The case is Under Query' is clicked on

2018-12-12 09:41:16 - [TEST_STEP][PASSED] - delay: Delayed 2 second(s)

2018-12-12 09:41:18 - [MESSAGE][PASSED] - Delayed 2 second(s)

2018-12-12 09:41:18 - [TEST_STEP][PASSED] - click: Object: 'Object Repository/Final Object Repo/Page_Update Employee Information By Employer/Page_Update Employee Information by Employer (Query)/Letter of inquiry' is clicked on

2018-12-12 09:41:19 - [MESSAGE][PASSED] - Object: 'Object Repository/Final Object Repo/Page_Update Employee Information By Employer/Page_Update Employee Information by Employer (Query)/Letter of inquiry' is clicked on

2018-12-12 09:41:19 - [TEST_STEP][PASSED] - delay: Delayed 1 second(s)

2018-12-12 09:41:20 - [MESSAGE][PASSED] - Delayed 1 second(s)

2018-12-12 09:41:20 - [TEST_STEP][PASSED] - navigateToUrl: Navigate to 'https://assist2-uat.perkeso.gov.my/c/portal/logout' successfully

2018-12-12 09:41:21 - [MESSAGE][PASSED] - Navigate to 'https://assist2-uat.perkeso.gov.my/c/portal/logout' successfully

2018-12-12 09:41:21 - [TEST_STEP][PASSED] - delay: Delayed 1 second(s)

2018-12-12 09:41:22 - [MESSAGE][PASSED] - Delayed 1 second(s)

2018-12-12 09:41:22 - [TEST_STEP][PASSED] - callTestCase: Call Test Case 'Test Cases/Final Aug 2018 - PKS Automation/Registration Module/Workflow/Search Pending Case For Add Supporting Document (OTC)' successfully

2018-12-12 09:41:22 - [TEST_CASE][PASSED] - Test Cases/Final Aug 2018 - PKS Automation/Registration Module/Workflow/Search Pending Case For Add Supporting Document (OTC): Test Cases/Final Aug 2018 - PKS Automation/Registration Module/Workflow/Search Pending Case For Add Supporting Document (OTC)

2018-12-12 09:41:22 - [TEST_STEP][PASSED] - openBrowser: Browser is opened with url: ''

2018-12-12 09:41:22 - [MESSAGE][WARNING] - A browser is already opened. Closing browser and opening a new one

2018-12-12 09:41:27 - [MESSAGE][PASSED] - Browser is opened with url: ''

2018-12-12 09:41:27 - [TEST_STEP][PASSED] - navigateToUrl: Navigate to 'https://assist2-uat.perkeso.gov.my/login' successfully

2018-12-12 09:41:28 - [MESSAGE][PASSED] - Navigate to 'https://assist2-uat.perkeso.gov.my/login' successfully

2018-12-12 09:41:28 - [TEST_STEP][PASSED] - setText: Text 'johorotc1@gmail.com' is set on object 'Object Repository/Final Object Repo/Login Page/Internal User/Email Address'

2018-12-12 09:41:28 - [MESSAGE][PASSED] - Text 'johorotc1@gmail.com' is set on object 'Object Repository/Final Object Repo/Login Page/Internal User/Email Address'

2018-12-12 09:41:28 - [TEST_STEP][PASSED] - click: Object: 'Object Repository/Final Object Repo/Login Page/Internal User/Next Button' is clicked on

2018-12-12 09:41:28 - [MESSAGE][PASSED] - Object: 'Object Repository/Final Object Repo/Login Page/Internal User/Next Button' is clicked on

2018-12-12 09:41:28 - [TEST_STEP][PASSED] - delay: Delayed 1 second(s)

2018-12-12 09:41:29 - [MESSAGE][PASSED] - Delayed 1 second(s)

2018-12-12 09:41:29 - [TEST_STEP][PASSED] - setEncryptedText: Text ****** has been set on object 'Object Repository/Final Object Repo/Login Page/Internal User/Password'

2018-12-12 09:41:30 - [MESSAGE][PASSED] - Text ****** has been set on object 'Object Repository/Final Object Repo/Login Page/Internal User/Password'

2018-12-12 09:41:30 - [TEST_STEP][PASSED] - click: Object: 'Object Repository/Final Object Repo/Login Page/Internal User/Login Button' is clicked on

2018-12-12 09:41:30 - [MESSAGE][PASSED] - Object: 'Object Repository/Final Object Repo/Login Page/Internal User/Login Button' is clicked on

2018-12-12 09:41:30 - [TEST_STEP][PASSED] - delay: Delayed 1 second(s)

2018-12-12 09:41:31 - [MESSAGE][PASSED] - Delayed 1 second(s)

2018-12-12 09:41:31 - [TEST_STEP][PASSED] - Statement - Try: Delayed 2 second(s)

2018-12-12 09:41:31 - [TEST_STEP][PASSED] - Statement - Checker = false: null

2018-12-12 09:41:31 - [TEST_STEP][PASSED] - Statement - Checker = com.kms.katalon.core.webui.keyword.WebUiBuiltInKeywords.verifyElementHasAttribute(com.kms.katalon.core.testobject.ObjectRepository.findTestObject(Final Object Repo/Landing Page/BM Detecting), "href", 20, OPTIONAL): Object 'Object Repository/Final Object Repo/Landing Page/BM Detecting' has attribute 'href'

2018-12-12 09:41:32 - [MESSAGE][PASSED] - Object 'Object Repository/Final Object Repo/Landing Page/BM Detecting' has attribute 'href'

2018-12-12 09:41:32 - [TEST_STEP][PASSED] - Statement - out.println(Checker): null

2018-12-12 09:41:32 - [TEST_STEP][PASSED] - Statement - If (Checker == false): null

2018-12-12 09:41:32 - [TEST_STEP][PASSED] - Statement - Else: null

2018-12-12 09:41:32 - [TEST_STEP][PASSED] - delay: Delayed 2 second(s)

2018-12-12 09:41:34 - [MESSAGE][PASSED] - Delayed 2 second(s)

2018-12-12 09:41:34 - [TEST_STEP][PASSED] - navigateToUrl: Navigate to 'https://assist2-uat.perkeso.gov.my/web/registration/search/search-pending-case-for-add-supporting-document' successfully

2018-12-12 09:41:35 - [MESSAGE][PASSED] - Navigate to 'https://assist2-uat.perkeso.gov.my/web/registration/search/search-pending-case-for-add-supporting-document' successfully

2018-12-12 09:41:35 - [TEST_STEP][PASSED] - click: Object: 'Object Repository/Final Object Repo/Page_Search Pending Case For Add Suporting Document/Search By' is clicked on

2018-12-12 09:41:35 - [MESSAGE][PASSED] - Object: 'Object Repository/Final Object Repo/Page_Search Pending Case For Add Suporting Document/Search By' is clicked on

2018-12-12 09:41:35 - [TEST_STEP][PASSED] - click: Object: 'Object Repository/Final Object Repo/Page_Search Pending Case For Add Suporting Document/Search By - Reference ID' is clicked on

2018-12-12 09:41:35 - [MESSAGE][PASSED] - Object: 'Object Repository/Final Object Repo/Page_Search Pending Case For Add Suporting Document/Search By - Reference ID' is clicked on

2018-12-12 09:41:35 - [TEST_STEP][PASSED] - delay: Delayed 2 second(s)

2018-12-12 09:41:37 - [MESSAGE][PASSED] - Delayed 2 second(s)

2018-12-12 09:41:37 - [TEST_STEP][PASSED] - setText: Text 'CUN122018C100005968' is set on object 'Object Repository/Final Object Repo/Page_Search Pending Case For Add Suporting Document/Reference ID'

2018-12-12 09:41:37 - [MESSAGE][PASSED] - Text 'CUN122018C100005968' is set on object 'Object Repository/Final Object Repo/Page_Search Pending Case For Add Suporting Document/Reference ID'

2018-12-12 09:41:37 - [TEST_STEP][PASSED] - click: Object: 'Object Repository/Final Object Repo/Page_Search Pending Case For Add Suporting Document/Search' is clicked on

2018-12-12 09:41:38 - [MESSAGE][PASSED] - Object: 'Object Repository/Final Object Repo/Page_Search Pending Case For Add Suporting Document/Search' is clicked on

2018-12-12 09:41:38 - [TEST_STEP][PASSED] - delay: Delayed 2 second(s)

2018-12-12 09:41:40 - [MESSAGE][PASSED] - Delayed 2 second(s)

2018-12-12 09:41:40 - [TEST_STEP][PASSED] - click: Object: 'Object Repository/Final Object Repo/Page_Search Pending Case For Add Suporting Document/Edit' is clicked on

2018-12-12 09:41:43 - [MESSAGE][PASSED] - Object: 'Object Repository/Final Object Repo/Page_Search Pending Case For Add Suporting Document/Edit' is clicked on

2018-12-12 09:41:43 - [MESSAGE][PASSED] - Call Test Case 'Test Cases/Final Aug 2018 - PKS Automation/Registration Module/Workflow/Search Pending Case For Add Supporting Document (OTC)' successfully

2018-12-12 09:41:43 - [TEST_STEP][PASSED] - click: Object: 'Object Repository/Final Object Repo/Page_Update Employee Information By Employer/Page_Update Employee Information by Employer (Query -OTC -UO)/Next' is clicked on

2018-12-12 09:41:46 - [MESSAGE][PASSED] - Object: 'Object Repository/Final Object Repo/Page_Update Employee Information By Employer/Page_Update Employee Information by Employer (Query -OTC -UO)/Next' is clicked on

2018-12-12 09:41:46 - [TEST_STEP][PASSED] - delay: Delayed 2 second(s)

2018-12-12 09:41:48 - [MESSAGE][PASSED] - Delayed 2 second(s)

2018-12-12 09:41:48 - [TEST_STEP][PASSED] - click: Object: 'Object Repository/Final Object Repo/Page_Update Employee Information By Employer/Page_Update Employee Information by Employer (Query -OTC -UO)/Add Document Button' is clicked on

2018-12-12 09:41:48 - [MESSAGE][PASSED] - Object: 'Object Repository/Final Object Repo/Page_Update Employee Information By Employer/Page_Update Employee Information by Employer (Query -OTC -UO)/Add Document Button' is clicked on

2018-12-12 09:41:48 - [TEST_STEP][PASSED] - delay: Delayed 5 second(s)

2018-12-12 09:41:53 - [MESSAGE][PASSED] - Delayed 5 second(s)

2018-12-12 09:41:53 - [TEST_STEP][PASSED] - click: Object: 'Object Repository/Final Object Repo/Page_Update Employee Information By Employer/Page_Update Employee Information by Employer (Query -OTC -UO)/Document Type' is clicked on

2018-12-12 09:41:54 - [MESSAGE][PASSED] - Object: 'Object Repository/Final Object Repo/Page_Update Employee Information By Employer/Page_Update Employee Information by Employer (Query -OTC -UO)/Document Type' is clicked on

2018-12-12 09:41:54 - [TEST_STEP][PASSED] - click: Object: 'Object Repository/Final Object Repo/Page_Update Employee Information By Employer/Page_Update Employee Information by Employer (Query -OTC -UO)/Document Type - Other' is clicked on

2018-12-12 09:41:54 - [MESSAGE][PASSED] - Object: 'Object Repository/Final Object Repo/Page_Update Employee Information By Employer/Page_Update Employee Information by Employer (Query -OTC -UO)/Document Type - Other' is clicked on

2018-12-12 09:41:54 - [TEST_STEP][PASSED] - sendKeys: Keys 'C:\Users\Public\Pictures\Sample Pictures\Koala.jpg' sent to object: 'Object Repository/Final Object Repo/Page_Update Employee Information By Employer/Page_Update Employee Information by Employer (Query -OTC -UO)/Upload File'

2018-12-12 09:41:54 - [MESSAGE][PASSED] - Keys 'C:\Users\Public\Pictures\Sample Pictures\Koala.jpg' sent to object: 'Object Repository/Final Object Repo/Page_Update Employee Information By Employer/Page_Update Employee Information by Employer (Query -OTC -UO)/Upload File'

2018-12-12 09:41:54 - [TEST_STEP][PASSED] - click: Object: 'Object Repository/Final Object Repo/Page_Update Employee Information By Employer/Page_Update Employee Information by Employer (Query -OTC -UO)/Add Document' is clicked on

2018-12-12 09:41:54 - [MESSAGE][PASSED] - Object: 'Object Repository/Final Object Repo/Page_Update Employee Information By Employer/Page_Update Employee Information by Employer (Query -OTC -UO)/Add Document' is clicked on

2018-12-12 09:41:54 - [TEST_STEP][PASSED] - delay: Delayed 2 second(s)

2018-12-12 09:41:56 - [MESSAGE][PASSED] - Delayed 2 second(s)

2018-12-12 09:41:56 - [TEST_STEP][PASSED] - click: Object: 'Object Repository/Final Object Repo/Page_Update Employee Information By Employer/Page_Update Employee Information by Employer (Query -OTC -UO)/Exit' is clicked on

2018-12-12 09:41:59 - [MESSAGE][PASSED] - Object: 'Object Repository/Final Object Repo/Page_Update Employee Information By Employer/Page_Update Employee Information by Employer (Query -OTC -UO)/Exit' is clicked on

2018-12-12 09:41:59 - [TEST_STEP][PASSED] - delay: Delayed 2 second(s)

2018-12-12 09:42:01 - [MESSAGE][PASSED] - Delayed 2 second(s)

2018-12-12 09:42:01 - [TEST_STEP][PASSED] - navigateToUrl: Navigate to 'https://assist2-uat.perkeso.gov.my/c/portal/logout' successfully

2018-12-12 09:42:02 - [MESSAGE][PASSED] - Navigate to 'https://assist2-uat.perkeso.gov.my/c/portal/logout' successfully

2018-12-12 09:42:02 - [TEST_STEP][PASSED] - delay: Delayed 2 second(s)

2018-12-12 09:42:04 - [MESSAGE][PASSED] - Delayed 2 second(s)

2018-12-12 09:42:04 - [TEST_STEP][PASSED] - callTestCase: Call Test Case 'Test Cases/Final Aug 2018 - PKS Automation/Registration Module/Workflow/Login and Search Case For Workflow' successfully

2018-12-12 09:42:04 - [TEST_CASE][PASSED] - Test Cases/Final Aug 2018 - PKS Automation/Registration Module/Workflow/Login and Search Case For Workflow: Test Cases/Final Aug 2018 - PKS Automation/Registration Module/Workflow/Login and Search Case For Workflow

2018-12-12 09:42:04 - [TEST_STEP][PASSED] - navigateToUrl: Navigate to 'https://assist2-uat.perkeso.gov.my/login' successfully

2018-12-12 09:42:04 - [MESSAGE][PASSED] - Navigate to 'https://assist2-uat.perkeso.gov.my/login' successfully

2018-12-12 09:42:04 - [TEST_STEP][PASSED] - setText: Text 'johoruo3@gmail.com' is set on object 'Object Repository/Final Object Repo/Login Page/Internal User/Email Address'

2018-12-12 09:42:04 - [MESSAGE][PASSED] - Text 'johoruo3@gmail.com' is set on object 'Object Repository/Final Object Repo/Login Page/Internal User/Email Address'

2018-12-12 09:42:04 - [TEST_STEP][PASSED] - click: Object: 'Object Repository/Final Object Repo/Login Page/Internal User/Next Button' is clicked on

2018-12-12 09:42:05 - [MESSAGE][PASSED] - Object: 'Object Repository/Final Object Repo/Login Page/Internal User/Next Button' is clicked on

2018-12-12 09:42:05 - [TEST_STEP][PASSED] - delay: Delayed 1 second(s)

2018-12-12 09:42:06 - [MESSAGE][PASSED] - Delayed 1 second(s)

2018-12-12 09:42:06 - [TEST_STEP][PASSED] - setEncryptedText: Text ****** has been set on object 'Object Repository/Final Object Repo/Login Page/Internal User/Password'

2018-12-12 09:42:06 - [MESSAGE][PASSED] - Text ****** has been set on object 'Object Repository/Final Object Repo/Login Page/Internal User/Password'

2018-12-12 09:42:06 - [TEST_STEP][PASSED] - click: Object: 'Object Repository/Final Object Repo/Login Page/Internal User/Login Button' is clicked on

2018-12-12 09:42:06 - [MESSAGE][PASSED] - Object: 'Object Repository/Final Object Repo/Login Page/Internal User/Login Button' is clicked on

2018-12-12 09:42:06 - [TEST_STEP][PASSED] - delay: Delayed 2 second(s)

2018-12-12 09:42:08 - [MESSAGE][PASSED] - Delayed 2 second(s)

2018-12-12 09:42:08 - [TEST_STEP][PASSED] - Statement - Try: Delayed 2 second(s)

2018-12-12 09:42:08 - [TEST_STEP][PASSED] - Statement - Checker = false: null

2018-12-12 09:42:08 - [TEST_STEP][PASSED] - Statement - Checker = com.kms.katalon.core.webui.keyword.WebUiBuiltInKeywords.verifyElementHasAttribute(com.kms.katalon.core.testobject.ObjectRepository.findTestObject(Final Object Repo/Landing Page/BM Detecting), "href", 20, OPTIONAL): Object 'Object Repository/Final Object Repo/Landing Page/BM Detecting' has attribute 'href'

2018-12-12 09:42:08 - [MESSAGE][PASSED] - Object 'Object Repository/Final Object Repo/Landing Page/BM Detecting' has attribute 'href'

2018-12-12 09:42:08 - [TEST_STEP][PASSED] - Statement - out.println(Checker): null

2018-12-12 09:42:08 - [TEST_STEP][PASSED] - Statement - If (Checker == false): null

2018-12-12 09:42:08 - [TEST_STEP][PASSED] - Statement - Else: null

2018-12-12 09:42:08 - [TEST_STEP][PASSED] - delay: Delayed 2 second(s)

2018-12-12 09:42:10 - [MESSAGE][PASSED] - Delayed 2 second(s)

2018-12-12 09:42:10 - [TEST_STEP][PASSED] - click: Object: 'Object Repository/Final Object Repo/Page_MyASSIST - ASSIST - Search Pending Case For Add Supporting Document/Search Information' is clicked on

2018-12-12 09:42:11 - [MESSAGE][PASSED] - Object: 'Object Repository/Final Object Repo/Page_MyASSIST - ASSIST - Search Pending Case For Add Supporting Document/Search Information' is clicked on

2018-12-12 09:42:11 - [TEST_STEP][PASSED] - delay: Delayed 3 second(s)

2018-12-12 09:42:14 - [MESSAGE][PASSED] - Delayed 3 second(s)

2018-12-12 09:42:14 - [TEST_STEP][PASSED] - sendKeys: Keys 'CUN122018C100005968' sent to object: 'Object Repository/Final Object Repo/Page_MyASSIST - ASSIST - Search Pending Case For Add Supporting Document/Reference No'

2018-12-12 09:42:14 - [MESSAGE][PASSED] - Keys 'CUN122018C100005968' sent to object: 'Object Repository/Final Object Repo/Page_MyASSIST - ASSIST - Search Pending Case For Add Supporting Document/Reference No'

2018-12-12 09:42:14 - [TEST_STEP][PASSED] - click: Object: 'Object Repository/Final Object Repo/Page_MyASSIST - ASSIST - Search Pending Case For Add Supporting Document/Search Reference No' is clicked on

2018-12-12 09:42:14 - [MESSAGE][PASSED] - Object: 'Object Repository/Final Object Repo/Page_MyASSIST - ASSIST - Search Pending Case For Add Supporting Document/Search Reference No' is clicked on

2018-12-12 09:42:14 - [TEST_STEP][PASSED] - delay: Delayed 2 second(s)

2018-12-12 09:42:16 - [MESSAGE][PASSED] - Delayed 2 second(s)

2018-12-12 09:42:16 - [TEST_STEP][PASSED] - click: Object: 'Object Repository/Final Object Repo/Page_MyASSIST - ASSIST - Search Pending Case For Add Supporting Document/Continue' is clicked on

2018-12-12 09:42:20 - [MESSAGE][PASSED] - Object: 'Object Repository/Final Object Repo/Page_MyASSIST - ASSIST - Search Pending Case For Add Supporting Document/Continue' is clicked on

2018-12-12 09:42:20 - [TEST_STEP][PASSED] - delay: Delayed 20 second(s)

2018-12-12 09:42:40 - [MESSAGE][PASSED] - Delayed 20 second(s)

2018-12-12 09:42:40 - [MESSAGE][PASSED] - Call Test Case 'Test Cases/Final Aug 2018 - PKS Automation/Registration Module/Workflow/Login and Search Case For Workflow' successfully

2018-12-12 09:42:40 - [TEST_STEP][PASSED] - click: Object: 'Object Repository/Final Object Repo/Page_Update Employee Information By Employer/Page_Update Employee Information by Employer (Approve)/Continue' is clicked on

2018-12-12 09:42:43 - [MESSAGE][PASSED] - Object: 'Object Repository/Final Object Repo/Page_Update Employee Information By Employer/Page_Update Employee Information by Employer (Approve)/Continue' is clicked on

2018-12-12 09:42:43 - [TEST_STEP][PASSED] - delay: Delayed 2 second(s)

2018-12-12 09:42:45 - [MESSAGE][PASSED] - Delayed 2 second(s)

2018-12-12 09:42:45 - [TEST_STEP][PASSED] - click: Object: 'Object Repository/Final Object Repo/Page_Update Employee Information By Employer/Page_Update Employee Information by Employer (Approve)/Save  Continue in Update Employee Information Page' is clicked on

2018-12-12 09:42:45 - [MESSAGE][PASSED] - Object: 'Object Repository/Final Object Repo/Page_Update Employee Information By Employer/Page_Update Employee Information by Employer (Approve)/Save  Continue in Update Employee Information Page' is clicked on

2018-12-12 09:42:45 - [TEST_STEP][PASSED] - delay: Delayed 4 second(s)

2018-12-12 09:42:49 - [MESSAGE][PASSED] - Delayed 4 second(s)

2018-12-12 09:42:49 - [TEST_STEP][PASSED] - click: Object: 'Object Repository/Final Object Repo/Page_Update Employee Information By Employer/Page_Update Employee Information by Employer (Approve)/Save  Continue in Upload Supporting Doucument Page' is clicked on

2018-12-12 09:42:49 - [MESSAGE][PASSED] - Object: 'Object Repository/Final Object Repo/Page_Update Employee Information By Employer/Page_Update Employee Information by Employer (Approve)/Save  Continue in Upload Supporting Doucument Page' is clicked on

2018-12-12 09:42:49 - [TEST_STEP][PASSED] - delay: Delayed 2 second(s)

2018-12-12 09:42:51 - [MESSAGE][PASSED] - Delayed 2 second(s)

2018-12-12 09:42:51 - [TEST_STEP][PASSED] - click: Object: 'Object Repository/Final Object Repo/Page_Update Employee Information By Employer/Page_Update Employee Information by Employer (Approve)/Approve' is clicked on

2018-12-12 09:42:53 - [MESSAGE][PASSED] - Object: 'Object Repository/Final Object Repo/Page_Update Employee Information By Employer/Page_Update Employee Information by Employer (Approve)/Approve' is clicked on

2018-12-12 09:42:53 - [TEST_STEP][PASSED] - delay: Delayed 2 second(s)

2018-12-12 09:42:55 - [MESSAGE][PASSED] - Delayed 2 second(s)

2018-12-12 09:42:55 - [TEST_STEP][PASSED] - click: Object: 'Object Repository/Final Object Repo/Page_Update Employee Information By Employer/Page_Update Employee Information by Employer (Approve)/Confirm' is clicked on

2018-12-12 09:42:55 - [MESSAGE][PASSED] - Object: 'Object Repository/Final Object Repo/Page_Update Employee Information By Employer/Page_Update Employee Information by Employer (Approve)/Confirm' is clicked on

2018-12-12 09:42:55 - [TEST_STEP][PASSED] - delay: Delayed 2 second(s)

2018-12-12 09:42:57 - [MESSAGE][PASSED] - Delayed 2 second(s)

2018-12-12 09:42:57 - [TEST_STEP][PASSED] - verifyElementVisible: Object 'Object Repository/Final Object Repo/Page_Update Employee Information By Employer/Page_Update Employee Information by Employer (Approve)/Successfull Message Submitted Successfully' is visible

2018-12-12 09:43:01 - [MESSAGE][PASSED] - Object 'Object Repository/Final Object Repo/Page_Update Employee Information By Employer/Page_Update Employee Information by Employer (Approve)/Successfull Message Submitted Successfully' is visible

2018-12-12 09:43:01 - [TEST_STEP][PASSED] - delay: Delayed 2 second(s)

2018-12-12 09:43:03 - [MESSAGE][PASSED] - Delayed 2 second(s)

2018-12-12 09:43:03 - [TEST_STEP][PASSED] - verifyElementVisible: Object 'Object Repository/Final Object Repo/Page_Update Employee Information By Employer/Page_Update Employee Information by Employer (Approve)/Letter of Successful update' is visible

2018-12-12 09:43:03 - [MESSAGE][PASSED] - Object 'Object Repository/Final Object Repo/Page_Update Employee Information By Employer/Page_Update Employee Information by Employer (Approve)/Letter of Successful update' is visible

2018-12-12 09:43:03 - [MESSAGE][PASSED] - Call Test Case 'Test Cases/Final Aug 2018 - PKS Automation/Registration Module/Workflow/Update Employee Information (Employer)/Template/Update Employee Information - Special Case - UO(Query)' successfully]]></system-out>
         <system-err><![CDATA[]]></system-err>
      </testcase>
      <testcase name="Test Cases/Final Aug 2018 - PKS Automation/Registration Module/Workflow/Update Employee Information (Employer)/Employer - UO (Reject)" classname="Test Cases/Final Aug 2018 - PKS Automation/Registration Module/Workflow/Update Employee Information (Employer)/Employer - UO (Reject)" status="PASSED">
         <system-out><![CDATA[2018-12-12 09:43:03 - [TEST_CASE][PASSED] - Test Cases/Final Aug 2018 - PKS Automation/Registration Module/Workflow/Update Employee Information (Employer)/Employer - UO (Reject): Test Cases/Final Aug 2018 - PKS Automation/Registration Module/Workflow/Update Employee Information (Employer)/Employer - UO (Reject)

2018-12-12 09:43:03 - [TEST_STEP][PASSED] - callTestCase: Call Test Case 'Test Cases/Final Aug 2018 - PKS Automation/Registration Module/Workflow/Update Employee Information (Employer)/Template/Update Employer Information - Special Case (Employer)' successfully

2018-12-12 09:43:03 - [TEST_CASE][PASSED] - Test Cases/Final Aug 2018 - PKS Automation/Registration Module/Workflow/Update Employee Information (Employer)/Template/Update Employer Information - Special Case (Employer): Test Cases/Final Aug 2018 - PKS Automation/Registration Module/Workflow/Update Employee Information (Employer)/Template/Update Employer Information - Special Case (Employer)

2018-12-12 09:43:03 - [TEST_STEP][PASSED] - callTestCase: Call Test Case 'Test Cases/Final Aug 2018 - PKS Automation/Registration Module/Workflow/Update Add New Employee/Template/New Company for Update Add New - Employer' successfully

2018-12-12 09:43:03 - [TEST_CASE][PASSED] - Test Cases/Final Aug 2018 - PKS Automation/Registration Module/Workflow/Update Add New Employee/Template/New Company for Update Add New - Employer: Test Cases/Final Aug 2018 - PKS Automation/Registration Module/Workflow/Update Add New Employee/Template/New Company for Update Add New - Employer

2018-12-12 09:43:03 - [TEST_STEP][PASSED] - callTestCase: Call Test Case 'Test Cases/Final Aug 2018 - PKS Automation/Create Employer Acc/Create Employer Account' successfully

2018-12-12 09:43:03 - [TEST_CASE][PASSED] - Test Cases/Final Aug 2018 - PKS Automation/Create Employer Acc/Create Employer Account: Test Cases/Final Aug 2018 - PKS Automation/Create Employer Acc/Create Employer Account

2018-12-12 09:43:03 - [TEST_STEP][PASSED] - callTestCase: Call Test Case 'Test Cases/Final Aug 2018 - PKS Automation/Create Employer Acc/Template/Register Employer' successfully

2018-12-12 09:43:04 - [TEST_CASE][PASSED] - Test Cases/Final Aug 2018 - PKS Automation/Create Employer Acc/Template/Register Employer: Test Cases/Final Aug 2018 - PKS Automation/Create Employer Acc/Template/Register Employer

2018-12-12 09:43:04 - [TEST_STEP][PASSED] - openBrowser: Browser is opened with url: ''

2018-12-12 09:43:04 - [MESSAGE][WARNING] - A browser is already opened. Closing browser and opening a new one

2018-12-12 09:43:08 - [MESSAGE][PASSED] - Browser is opened with url: ''

2018-12-12 09:43:08 - [TEST_STEP][PASSED] - navigateToUrl: Navigate to 'https://assist2-uat.perkeso.gov.my/login' successfully

2018-12-12 09:43:09 - [MESSAGE][PASSED] - Navigate to 'https://assist2-uat.perkeso.gov.my/login' successfully

2018-12-12 09:43:09 - [TEST_STEP][PASSED] - setText: Text 'johorotc1@gmail.com' is set on object 'Object Repository/Final Object Repo/Login Page/Internal User/Email Address'

2018-12-12 09:43:09 - [MESSAGE][PASSED] - Text 'johorotc1@gmail.com' is set on object 'Object Repository/Final Object Repo/Login Page/Internal User/Email Address'

2018-12-12 09:43:09 - [TEST_STEP][PASSED] - click: Object: 'Object Repository/Final Object Repo/Login Page/Internal User/Next Button' is clicked on

2018-12-12 09:43:10 - [MESSAGE][PASSED] - Object: 'Object Repository/Final Object Repo/Login Page/Internal User/Next Button' is clicked on

2018-12-12 09:43:10 - [TEST_STEP][PASSED] - delay: Delayed 1 second(s)

2018-12-12 09:43:11 - [MESSAGE][PASSED] - Delayed 1 second(s)

2018-12-12 09:43:11 - [TEST_STEP][PASSED] - setEncryptedText: Text ****** has been set on object 'Object Repository/Final Object Repo/Login Page/Internal User/Password'

2018-12-12 09:43:11 - [MESSAGE][PASSED] - Text ****** has been set on object 'Object Repository/Final Object Repo/Login Page/Internal User/Password'

2018-12-12 09:43:11 - [TEST_STEP][PASSED] - click: Object: 'Object Repository/Final Object Repo/Login Page/Internal User/Login Button' is clicked on

2018-12-12 09:43:11 - [MESSAGE][PASSED] - Object: 'Object Repository/Final Object Repo/Login Page/Internal User/Login Button' is clicked on

2018-12-12 09:43:11 - [TEST_STEP][PASSED] - delay: Delayed 1 second(s)

2018-12-12 09:43:12 - [MESSAGE][PASSED] - Delayed 1 second(s)

2018-12-12 09:43:12 - [TEST_STEP][PASSED] - navigateToUrl: Navigate to 'https://assist2-uat.perkeso.gov.my/web/base/portal-id/registration' successfully

2018-12-12 09:43:14 - [MESSAGE][PASSED] - Navigate to 'https://assist2-uat.perkeso.gov.my/web/base/portal-id/registration' successfully

2018-12-12 09:43:14 - [TEST_STEP][PASSED] - setText: Text 'AUTOMATION EMPLOYER' is set on object 'Object Repository/Final Object Repo/Creating Employer Account/Page_Registration - ASSIST (Base)/Employer Name'

2018-12-12 09:43:14 - [MESSAGE][PASSED] - Text 'AUTOMATION EMPLOYER' is set on object 'Object Repository/Final Object Repo/Creating Employer Account/Page_Registration - ASSIST (Base)/Employer Name'

2018-12-12 09:43:14 - [TEST_STEP][PASSED] - delay: Delayed 2 second(s)

2018-12-12 09:43:16 - [MESSAGE][PASSED] - Delayed 2 second(s)

2018-12-12 09:43:16 - [TEST_STEP][PASSED] - click: Object: 'Object Repository/Final Object Repo/Creating Employer Account/Page_Registration - ASSIST (Base)/Registration Type' is clicked on

2018-12-12 09:43:17 - [MESSAGE][PASSED] - Object: 'Object Repository/Final Object Repo/Creating Employer Account/Page_Registration - ASSIST (Base)/Registration Type' is clicked on

2018-12-12 09:43:17 - [TEST_STEP][PASSED] - delay: Delayed 2 second(s)

2018-12-12 09:43:19 - [MESSAGE][PASSED] - Delayed 2 second(s)

2018-12-12 09:43:19 - [TEST_STEP][PASSED] - click: Object: 'Object Repository/Final Object Repo/Creating Employer Account/Page_Registration - ASSIST (Base)/Registration Type - Registration No' is clicked on

2018-12-12 09:43:19 - [MESSAGE][PASSED] - Object: 'Object Repository/Final Object Repo/Creating Employer Account/Page_Registration - ASSIST (Base)/Registration Type - Registration No' is clicked on

2018-12-12 09:43:19 - [TEST_STEP][PASSED] - delay: Delayed 2 second(s)

2018-12-12 09:43:21 - [MESSAGE][PASSED] - Delayed 2 second(s)

2018-12-12 09:43:21 - [TEST_STEP][PASSED] - setText: Text 'AUTOMATE001' is set on object 'Object Repository/Final Object Repo/Creating Employer Account/Page_Registration - ASSIST (Base)/Registration Number'

2018-12-12 09:43:21 - [MESSAGE][PASSED] - Text 'AUTOMATE001' is set on object 'Object Repository/Final Object Repo/Creating Employer Account/Page_Registration - ASSIST (Base)/Registration Number'

2018-12-12 09:43:21 - [TEST_STEP][PASSED] - delay: Delayed 2 second(s)

2018-12-12 09:43:23 - [MESSAGE][PASSED] - Delayed 2 second(s)

2018-12-12 09:43:23 - [TEST_STEP][PASSED] - setText: Text 'ADDRESS 1' is set on object 'Object Repository/Final Object Repo/Creating Employer Account/Page_Registration - ASSIST (Base)/Postal Address 1'

2018-12-12 09:43:24 - [MESSAGE][PASSED] - Text 'ADDRESS 1' is set on object 'Object Repository/Final Object Repo/Creating Employer Account/Page_Registration - ASSIST (Base)/Postal Address 1'

2018-12-12 09:43:24 - [TEST_STEP][PASSED] - setText: Text 'ADDRESS 2' is set on object 'Object Repository/Final Object Repo/Creating Employer Account/Page_Registration - ASSIST (Base)/Postal Address 2'

2018-12-12 09:43:24 - [MESSAGE][PASSED] - Text 'ADDRESS 2' is set on object 'Object Repository/Final Object Repo/Creating Employer Account/Page_Registration - ASSIST (Base)/Postal Address 2'

2018-12-12 09:43:24 - [TEST_STEP][PASSED] - click: Object: 'Object Repository/Final Object Repo/Creating Employer Account/Page_Registration - ASSIST (Base)/State' is clicked on

2018-12-12 09:43:24 - [MESSAGE][PASSED] - Object: 'Object Repository/Final Object Repo/Creating Employer Account/Page_Registration - ASSIST (Base)/State' is clicked on

2018-12-12 09:43:24 - [TEST_STEP][PASSED] - delay: Delayed 2 second(s)

2018-12-12 09:43:26 - [MESSAGE][PASSED] - Delayed 2 second(s)

2018-12-12 09:43:26 - [TEST_STEP][PASSED] - click: Object: 'Object Repository/Final Object Repo/Creating Employer Account/Page_Registration - ASSIST (Base)/State - Johor' is clicked on

2018-12-12 09:43:26 - [MESSAGE][PASSED] - Object: 'Object Repository/Final Object Repo/Creating Employer Account/Page_Registration - ASSIST (Base)/State - Johor' is clicked on

2018-12-12 09:43:26 - [TEST_STEP][PASSED] - delay: Delayed 2 second(s)

2018-12-12 09:43:28 - [MESSAGE][PASSED] - Delayed 2 second(s)

2018-12-12 09:43:28 - [TEST_STEP][PASSED] - click: Object: 'Object Repository/Final Object Repo/Creating Employer Account/Page_Registration - ASSIST (Base)/City' is clicked on

2018-12-12 09:43:28 - [MESSAGE][PASSED] - Object: 'Object Repository/Final Object Repo/Creating Employer Account/Page_Registration - ASSIST (Base)/City' is clicked on

2018-12-12 09:43:28 - [TEST_STEP][PASSED] - delay: Delayed 2 second(s)

2018-12-12 09:43:30 - [MESSAGE][PASSED] - Delayed 2 second(s)

2018-12-12 09:43:30 - [TEST_STEP][PASSED] - setText: Text 'joh' is set on object 'Object Repository/Final Object Repo/Creating Employer Account/Page_Registration - ASSIST (Base)/City - joh'

2018-12-12 09:43:31 - [MESSAGE][PASSED] - Text 'joh' is set on object 'Object Repository/Final Object Repo/Creating Employer Account/Page_Registration - ASSIST (Base)/City - joh'

2018-12-12 09:43:31 - [TEST_STEP][PASSED] - delay: Delayed 2 second(s)

2018-12-12 09:43:33 - [MESSAGE][PASSED] - Delayed 2 second(s)

2018-12-12 09:43:33 - [TEST_STEP][PASSED] - click: Object: 'Object Repository/Final Object Repo/Creating Employer Account/Page_Registration - ASSIST (Base)/City - Johor Bharu' is clicked on

2018-12-12 09:43:33 - [MESSAGE][PASSED] - Object: 'Object Repository/Final Object Repo/Creating Employer Account/Page_Registration - ASSIST (Base)/City - Johor Bharu' is clicked on

2018-12-12 09:43:33 - [TEST_STEP][PASSED] - delay: Delayed 2 second(s)

2018-12-12 09:43:35 - [MESSAGE][PASSED] - Delayed 2 second(s)

2018-12-12 09:43:35 - [TEST_STEP][PASSED] - click: Object: 'Object Repository/Final Object Repo/Creating Employer Account/Page_Registration - ASSIST (Base)/Post Code' is clicked on

2018-12-12 09:43:35 - [MESSAGE][PASSED] - Object: 'Object Repository/Final Object Repo/Creating Employer Account/Page_Registration - ASSIST (Base)/Post Code' is clicked on

2018-12-12 09:43:35 - [TEST_STEP][PASSED] - delay: Delayed 2 second(s)

2018-12-12 09:43:37 - [MESSAGE][PASSED] - Delayed 2 second(s)

2018-12-12 09:43:37 - [TEST_STEP][PASSED] - setText: Text '810' is set on object 'Object Repository/Final Object Repo/Creating Employer Account/Page_Registration - ASSIST (Base)/Post Code - 810'

2018-12-12 09:43:37 - [MESSAGE][PASSED] - Text '810' is set on object 'Object Repository/Final Object Repo/Creating Employer Account/Page_Registration - ASSIST (Base)/Post Code - 810'

2018-12-12 09:43:37 - [TEST_STEP][PASSED] - delay: Delayed 2 second(s)

2018-12-12 09:43:39 - [MESSAGE][PASSED] - Delayed 2 second(s)

2018-12-12 09:43:39 - [TEST_STEP][PASSED] - click: Object: 'Object Repository/Final Object Repo/Creating Employer Account/Page_Registration - ASSIST (Base)/Post Code - 81000' is clicked on

2018-12-12 09:43:39 - [MESSAGE][PASSED] - Object: 'Object Repository/Final Object Repo/Creating Employer Account/Page_Registration - ASSIST (Base)/Post Code - 81000' is clicked on

2018-12-12 09:43:39 - [TEST_STEP][PASSED] - delay: Delayed 2 second(s)

2018-12-12 09:43:41 - [MESSAGE][PASSED] - Delayed 2 second(s)

2018-12-12 09:43:41 - [TEST_STEP][PASSED] - setText: Text 'PERKESO' is set on object 'Object Repository/Final Object Repo/Creating Employer Account/Page_Registration - ASSIST (Base)/Full Name'

2018-12-12 09:43:42 - [MESSAGE][PASSED] - Text 'PERKESO' is set on object 'Object Repository/Final Object Repo/Creating Employer Account/Page_Registration - ASSIST (Base)/Full Name'

2018-12-12 09:43:42 - [TEST_STEP][PASSED] - Statement - rnd = new java.util.Random(): null

2018-12-12 09:43:42 - [TEST_STEP][PASSED] - Statement - snum = rnd.nextInt(899999 + 1) + 100000: null

2018-12-12 09:43:42 - [TEST_STEP][PASSED] - Statement - tnum = rnd.nextInt(899999 + 1) + 100000: null

2018-12-12 09:43:42 - [TEST_STEP][PASSED] - Statement - IC = java.lang.Integer.toString(snum) + java.lang.Integer.toString(tnum): null

2018-12-12 09:43:42 - [TEST_STEP][PASSED] - Statement - out.println(IC): null

2018-12-12 09:43:42 - [TEST_STEP][PASSED] - setText: Text '648582358171' is set on object 'Object Repository/Final Object Repo/Creating Employer Account/Page_Registration - ASSIST (Base)/Identification Number'

2018-12-12 09:43:42 - [MESSAGE][PASSED] - Text '648582358171' is set on object 'Object Repository/Final Object Repo/Creating Employer Account/Page_Registration - ASSIST (Base)/Identification Number'

2018-12-12 09:43:42 - [TEST_STEP][PASSED] - delay: Delayed 2 second(s)

2018-12-12 09:43:44 - [MESSAGE][PASSED] - Delayed 2 second(s)

2018-12-12 09:43:44 - [TEST_STEP][PASSED] - setText: Text '123456789012' is set on object 'Object Repository/Final Object Repo/Creating Employer Account/Page_Registration - ASSIST (Base)/Contact Number'

2018-12-12 09:43:44 - [MESSAGE][PASSED] - Text '123456789012' is set on object 'Object Repository/Final Object Repo/Creating Employer Account/Page_Registration - ASSIST (Base)/Contact Number'

2018-12-12 09:43:44 - [TEST_STEP][PASSED] - Statement - Email = "perkeso" + IC + "@gmail.com": null

2018-12-12 09:43:44 - [TEST_STEP][PASSED] - delay: Delayed 2 second(s)

2018-12-12 09:43:46 - [MESSAGE][PASSED] - Delayed 2 second(s)

2018-12-12 09:43:46 - [TEST_STEP][PASSED] - callTestCase: Call Test Case 'Test Cases/Final Aug 2018 - PKS Automation/Create Employer Acc/Template/Employer Email Settler' successfully

2018-12-12 09:43:47 - [TEST_CASE][PASSED] - Test Cases/Final Aug 2018 - PKS Automation/Create Employer Acc/Template/Employer Email Settler: Test Cases/Final Aug 2018 - PKS Automation/Create Employer Acc/Template/Employer Email Settler

2018-12-12 09:43:47 - [TEST_STEP][PASSED] - Statement - EmpEmailOld = new java.io.File(C://Users//Admin//Desktop//PKS//Automation Reference Point//EmpEmail.txt): null

2018-12-12 09:43:47 - [TEST_STEP][PASSED] - Statement - EmpEmailOld.delete(): null

2018-12-12 09:43:47 - [TEST_STEP][PASSED] - delay: Delayed 5 second(s)

2018-12-12 09:43:52 - [MESSAGE][PASSED] - Delayed 5 second(s)

2018-12-12 09:43:52 - [TEST_STEP][PASSED] - Statement - EmpEmail = new java.io.File(C://Users//Admin//Desktop//PKS//Automation Reference Point//EmpEmail.txt): null

2018-12-12 09:43:52 - [TEST_STEP][PASSED] - Statement - f2 = new java.io.FileWriter(EmpEmail, false): null

2018-12-12 09:43:52 - [TEST_STEP][PASSED] - Statement - f2.write(Email): null

2018-12-12 09:43:52 - [TEST_STEP][PASSED] - Statement - f2.close(): null

2018-12-12 09:43:52 - [TEST_STEP][PASSED] - Statement - out.println(Email): null

2018-12-12 09:43:52 - [MESSAGE][PASSED] - Call Test Case 'Test Cases/Final Aug 2018 - PKS Automation/Create Employer Acc/Template/Employer Email Settler' successfully

2018-12-12 09:43:52 - [TEST_STEP][PASSED] - delay: Delayed 2 second(s)

2018-12-12 09:43:54 - [MESSAGE][PASSED] - Delayed 2 second(s)

2018-12-12 09:43:54 - [TEST_STEP][PASSED] - setText: Text 'perkeso648582358171@gmail.com' is set on object 'Object Repository/Final Object Repo/Creating Employer Account/Page_Registration - ASSIST (Base)/Email'

2018-12-12 09:43:54 - [MESSAGE][PASSED] - Text 'perkeso648582358171@gmail.com' is set on object 'Object Repository/Final Object Repo/Creating Employer Account/Page_Registration - ASSIST (Base)/Email'

2018-12-12 09:43:54 - [TEST_STEP][PASSED] - setText: Text '123' is set on object 'Object Repository/Final Object Repo/Creating Employer Account/Page_Registration - ASSIST (Base)/Security Phase'

2018-12-12 09:43:54 - [MESSAGE][PASSED] - Text '123' is set on object 'Object Repository/Final Object Repo/Creating Employer Account/Page_Registration - ASSIST (Base)/Security Phase'

2018-12-12 09:43:54 - [TEST_STEP][PASSED] - click: Object: 'Object Repository/Final Object Repo/Creating Employer Account/Page_Registration - ASSIST (Base)/Save  Continue' is clicked on

2018-12-12 09:43:55 - [MESSAGE][PASSED] - Object: 'Object Repository/Final Object Repo/Creating Employer Account/Page_Registration - ASSIST (Base)/Save  Continue' is clicked on

2018-12-12 09:43:55 - [TEST_STEP][PASSED] - delay: Delayed 2 second(s)

2018-12-12 09:43:57 - [MESSAGE][PASSED] - Delayed 2 second(s)

2018-12-12 09:43:57 - [TEST_STEP][PASSED] - click: Object: 'Object Repository/Final Object Repo/Creating Employer Account/Page_Registration - ASSIST (Base)/Add Document' is clicked on

2018-12-12 09:43:57 - [MESSAGE][PASSED] - Object: 'Object Repository/Final Object Repo/Creating Employer Account/Page_Registration - ASSIST (Base)/Add Document' is clicked on

2018-12-12 09:43:57 - [TEST_STEP][PASSED] - delay: Delayed 2 second(s)

2018-12-12 09:43:59 - [MESSAGE][PASSED] - Delayed 2 second(s)

2018-12-12 09:43:59 - [TEST_STEP][PASSED] - click: Object: 'Object Repository/Final Object Repo/Creating Employer Account/Page_Registration - ASSIST (Base)/Document Type' is clicked on

2018-12-12 09:43:59 - [MESSAGE][PASSED] - Object: 'Object Repository/Final Object Repo/Creating Employer Account/Page_Registration - ASSIST (Base)/Document Type' is clicked on

2018-12-12 09:43:59 - [TEST_STEP][PASSED] - delay: Delayed 2 second(s)

2018-12-12 09:44:01 - [MESSAGE][PASSED] - Delayed 2 second(s)

2018-12-12 09:44:01 - [TEST_STEP][PASSED] - click: Object: 'Object Repository/Final Object Repo/Creating Employer Account/Page_Registration - ASSIST (Base)/Document Type - Letter of Authorization' is clicked on

2018-12-12 09:44:01 - [MESSAGE][PASSED] - Object: 'Object Repository/Final Object Repo/Creating Employer Account/Page_Registration - ASSIST (Base)/Document Type - Letter of Authorization' is clicked on

2018-12-12 09:44:01 - [TEST_STEP][PASSED] - delay: Delayed 2 second(s)

2018-12-12 09:44:03 - [MESSAGE][PASSED] - Delayed 2 second(s)

2018-12-12 09:44:03 - [TEST_STEP][PASSED] - sendKeys: Keys 'C:\Users\Public\Pictures\Sample Pictures\Koala.jpg' sent to object: 'Object Repository/Final Object Repo/Creating Employer Account/Page_Registration - ASSIST (Base)/Uploading File'

2018-12-12 09:44:03 - [MESSAGE][PASSED] - Keys 'C:\Users\Public\Pictures\Sample Pictures\Koala.jpg' sent to object: 'Object Repository/Final Object Repo/Creating Employer Account/Page_Registration - ASSIST (Base)/Uploading File'

2018-12-12 09:44:03 - [TEST_STEP][PASSED] - delay: Delayed 2 second(s)

2018-12-12 09:44:05 - [MESSAGE][PASSED] - Delayed 2 second(s)

2018-12-12 09:44:05 - [TEST_STEP][PASSED] - click: Object: 'Object Repository/Final Object Repo/Creating Employer Account/Page_Registration - ASSIST (Base)/Add Document in Uploading File' is clicked on

2018-12-12 09:44:05 - [MESSAGE][PASSED] - Object: 'Object Repository/Final Object Repo/Creating Employer Account/Page_Registration - ASSIST (Base)/Add Document in Uploading File' is clicked on

2018-12-12 09:44:05 - [TEST_STEP][PASSED] - delay: Delayed 2 second(s)

2018-12-12 09:44:07 - [MESSAGE][PASSED] - Delayed 2 second(s)

2018-12-12 09:44:07 - [TEST_STEP][PASSED] - click: Object: 'Object Repository/Final Object Repo/Creating Employer Account/Page_Registration - ASSIST (Base)/Save' is clicked on

2018-12-12 09:44:08 - [MESSAGE][PASSED] - Object: 'Object Repository/Final Object Repo/Creating Employer Account/Page_Registration - ASSIST (Base)/Save' is clicked on

2018-12-12 09:44:08 - [TEST_STEP][PASSED] - delay: Delayed 2 second(s)

2018-12-12 09:44:10 - [MESSAGE][PASSED] - Delayed 2 second(s)

2018-12-12 09:44:10 - [TEST_STEP][PASSED] - click: Object: 'Object Repository/Final Object Repo/Creating Employer Account/Page_Registration - ASSIST (Base)/Submit' is clicked on

2018-12-12 09:44:10 - [MESSAGE][PASSED] - Object: 'Object Repository/Final Object Repo/Creating Employer Account/Page_Registration - ASSIST (Base)/Submit' is clicked on

2018-12-12 09:44:10 - [TEST_STEP][PASSED] - delay: Delayed 2 second(s)

2018-12-12 09:44:12 - [MESSAGE][PASSED] - Delayed 2 second(s)

2018-12-12 09:44:12 - [TEST_STEP][PASSED] - click: Object: 'Object Repository/Final Object Repo/Creating Employer Account/Page_Registration - ASSIST (Base)/Confirm' is clicked on

2018-12-12 09:44:12 - [MESSAGE][PASSED] - Object: 'Object Repository/Final Object Repo/Creating Employer Account/Page_Registration - ASSIST (Base)/Confirm' is clicked on

2018-12-12 09:44:12 - [MESSAGE][PASSED] - Call Test Case 'Test Cases/Final Aug 2018 - PKS Automation/Create Employer Acc/Template/Register Employer' successfully

2018-12-12 09:44:12 - [TEST_STEP][PASSED] - delay: Delayed 1 second(s)

2018-12-12 09:44:13 - [MESSAGE][PASSED] - Delayed 1 second(s)

2018-12-12 09:44:13 - [TEST_STEP][PASSED] - navigateToUrl: Navigate to 'https://assist2-uat.perkeso.gov.my/c/portal/logout' successfully

2018-12-12 09:44:15 - [MESSAGE][PASSED] - Navigate to 'https://assist2-uat.perkeso.gov.my/c/portal/logout' successfully

2018-12-12 09:44:15 - [TEST_STEP][PASSED] - delay: Delayed 1 second(s)

2018-12-12 09:44:16 - [MESSAGE][PASSED] - Delayed 1 second(s)

2018-12-12 09:44:16 - [TEST_STEP][PASSED] - callTestCase: Call Test Case 'Test Cases/Final Aug 2018 - PKS Automation/Create Employer Acc/Template/Change Password of Employer' successfully

2018-12-12 09:44:16 - [TEST_CASE][PASSED] - Test Cases/Final Aug 2018 - PKS Automation/Create Employer Acc/Template/Change Password of Employer: Test Cases/Final Aug 2018 - PKS Automation/Create Employer Acc/Template/Change Password of Employer

2018-12-12 09:44:16 - [TEST_STEP][PASSED] - openBrowser: Browser is opened with url: ''

2018-12-12 09:44:16 - [MESSAGE][WARNING] - A browser is already opened. Closing browser and opening a new one

2018-12-12 09:44:20 - [MESSAGE][PASSED] - Browser is opened with url: ''

2018-12-12 09:44:20 - [TEST_STEP][PASSED] - navigateToUrl: Navigate to 'https://assist2-uat.perkeso.gov.my/login' successfully

2018-12-12 09:44:21 - [MESSAGE][PASSED] - Navigate to 'https://assist2-uat.perkeso.gov.my/login' successfully

2018-12-12 09:44:21 - [TEST_STEP][PASSED] - delay: Delayed 5 second(s)

2018-12-12 09:44:26 - [MESSAGE][PASSED] - Delayed 5 second(s)

2018-12-12 09:44:26 - [TEST_STEP][PASSED] - setText: Text 'test@liferay.com' is set on object 'Object Repository/Final Object Repo/Login Page/Internal User/Email Address'

2018-12-12 09:44:27 - [MESSAGE][PASSED] - Text 'test@liferay.com' is set on object 'Object Repository/Final Object Repo/Login Page/Internal User/Email Address'

2018-12-12 09:44:27 - [TEST_STEP][PASSED] - click: Object: 'Object Repository/Final Object Repo/Login Page/Internal User/Next Button' is clicked on

2018-12-12 09:44:27 - [MESSAGE][PASSED] - Object: 'Object Repository/Final Object Repo/Login Page/Internal User/Next Button' is clicked on

2018-12-12 09:44:27 - [TEST_STEP][PASSED] - delay: Delayed 2 second(s)

2018-12-12 09:44:29 - [MESSAGE][PASSED] - Delayed 2 second(s)

2018-12-12 09:44:29 - [TEST_STEP][PASSED] - setText: Text 'test' is set on object 'Object Repository/Final Object Repo/Login Page/Internal User/Password'

2018-12-12 09:44:29 - [MESSAGE][PASSED] - Text 'test' is set on object 'Object Repository/Final Object Repo/Login Page/Internal User/Password'

2018-12-12 09:44:29 - [TEST_STEP][PASSED] - delay: Delayed 2 second(s)

2018-12-12 09:44:31 - [MESSAGE][PASSED] - Delayed 2 second(s)

2018-12-12 09:44:31 - [TEST_STEP][PASSED] - click: Object: 'Object Repository/Final Object Repo/Login Page/Internal User/Login Button' is clicked on

2018-12-12 09:44:31 - [MESSAGE][PASSED] - Object: 'Object Repository/Final Object Repo/Login Page/Internal User/Login Button' is clicked on

2018-12-12 09:44:31 - [TEST_STEP][PASSED] - delay: Delayed 3 second(s)

2018-12-12 09:44:34 - [MESSAGE][PASSED] - Delayed 3 second(s)

2018-12-12 09:44:34 - [TEST_STEP][PASSED] - navigateToUrl: Navigate to 'https://assist2-uat.perkeso.gov.my/group/control_panel/manage?p_p_id=125&p_p_lifecycle=0&p_p_state=maximized&p_p_mode=view&refererPlid=20455&_125_usersListView=flat-users&_125_toolbarItem=view-all-users&_125_saveUsersListView=true&_125_struts_action=%2Fusers_admin%2Fview' successfully

2018-12-12 09:44:36 - [MESSAGE][PASSED] - Navigate to 'https://assist2-uat.perkeso.gov.my/group/control_panel/manage?p_p_id=125&p_p_lifecycle=0&p_p_state=maximized&p_p_mode=view&refererPlid=20455&_125_usersListView=flat-users&_125_toolbarItem=view-all-users&_125_saveUsersListView=true&_125_struts_action=%2Fusers_admin%2Fview' successfully

2018-12-12 09:44:36 - [TEST_STEP][PASSED] - delay: Delayed 3 second(s)

2018-12-12 09:44:39 - [MESSAGE][PASSED] - Delayed 3 second(s)

2018-12-12 09:44:39 - [TEST_STEP][PASSED] - setText: Text 'perkeso648582358171@gmail.com' is set on object 'Object Repository/Final Object Repo/Creating Employer Account/Page_Users and Organizations - ASSIST/Employer name'

2018-12-12 09:44:39 - [MESSAGE][PASSED] - Text 'perkeso648582358171@gmail.com' is set on object 'Object Repository/Final Object Repo/Creating Employer Account/Page_Users and Organizations - ASSIST/Employer name'

2018-12-12 09:44:39 - [TEST_STEP][PASSED] - delay: Delayed 3 second(s)

2018-12-12 09:44:42 - [MESSAGE][PASSED] - Delayed 3 second(s)

2018-12-12 09:44:42 - [TEST_STEP][PASSED] - click: Object: 'Object Repository/Final Object Repo/Creating Employer Account/Page_Users and Organizations - ASSIST/Search' is clicked on

2018-12-12 09:44:42 - [MESSAGE][PASSED] - Object: 'Object Repository/Final Object Repo/Creating Employer Account/Page_Users and Organizations - ASSIST/Search' is clicked on

2018-12-12 09:44:42 - [TEST_STEP][PASSED] - delay: Delayed 3 second(s)

2018-12-12 09:44:45 - [MESSAGE][PASSED] - Delayed 3 second(s)

2018-12-12 09:44:45 - [TEST_STEP][PASSED] - click: Object: 'Object Repository/Final Object Repo/Creating Employer Account/Page_Users and Organizations - ASSIST/Action' is clicked on

2018-12-12 09:44:46 - [MESSAGE][PASSED] - Object: 'Object Repository/Final Object Repo/Creating Employer Account/Page_Users and Organizations - ASSIST/Action' is clicked on

2018-12-12 09:44:46 - [TEST_STEP][PASSED] - delay: Delayed 3 second(s)

2018-12-12 09:44:49 - [MESSAGE][PASSED] - Delayed 3 second(s)

2018-12-12 09:44:49 - [TEST_STEP][PASSED] - click: Object: 'Object Repository/Final Object Repo/Creating Employer Account/Page_Users and Organizations - ASSIST/Edit' is clicked on

2018-12-12 09:44:50 - [MESSAGE][PASSED] - Object: 'Object Repository/Final Object Repo/Creating Employer Account/Page_Users and Organizations - ASSIST/Edit' is clicked on

2018-12-12 09:44:50 - [TEST_STEP][PASSED] - delay: Delayed 3 second(s)

2018-12-12 09:44:53 - [MESSAGE][PASSED] - Delayed 3 second(s)

2018-12-12 09:44:53 - [TEST_STEP][PASSED] - click: Object: 'Object Repository/Final Object Repo/Creating Employer Account/Page_PERKESO - Users and Organizati/a_Password (Modified)' is clicked on

2018-12-12 09:44:53 - [MESSAGE][PASSED] - Object: 'Object Repository/Final Object Repo/Creating Employer Account/Page_PERKESO - Users and Organizati/a_Password (Modified)' is clicked on

2018-12-12 09:44:53 - [TEST_STEP][PASSED] - delay: Delayed 3 second(s)

2018-12-12 09:44:56 - [MESSAGE][PASSED] - Delayed 3 second(s)

2018-12-12 09:44:56 - [TEST_STEP][PASSED] - setEncryptedText: Text ****** has been set on object 'Object Repository/Final Object Repo/Creating Employer Account/Page_PERKESO - Users and Organizati/input__125_password1'

2018-12-12 09:44:56 - [MESSAGE][PASSED] - Text ****** has been set on object 'Object Repository/Final Object Repo/Creating Employer Account/Page_PERKESO - Users and Organizati/input__125_password1'

2018-12-12 09:44:56 - [TEST_STEP][PASSED] - delay: Delayed 3 second(s)

2018-12-12 09:44:59 - [MESSAGE][PASSED] - Delayed 3 second(s)

2018-12-12 09:44:59 - [TEST_STEP][PASSED] - setEncryptedText: Text ****** has been set on object 'Object Repository/Final Object Repo/Creating Employer Account/Page_PERKESO - Users and Organizati/input__125_password2'

2018-12-12 09:45:00 - [MESSAGE][PASSED] - Text ****** has been set on object 'Object Repository/Final Object Repo/Creating Employer Account/Page_PERKESO - Users and Organizati/input__125_password2'

2018-12-12 09:45:00 - [TEST_STEP][PASSED] - delay: Delayed 3 second(s)

2018-12-12 09:45:03 - [MESSAGE][PASSED] - Delayed 3 second(s)

2018-12-12 09:45:03 - [TEST_STEP][PASSED] - click: Object: 'Object Repository/Final Object Repo/Creating Employer Account/Page_PERKESO - Users and Organizati/Save' is clicked on

2018-12-12 09:45:04 - [MESSAGE][PASSED] - Object: 'Object Repository/Final Object Repo/Creating Employer Account/Page_PERKESO - Users and Organizati/Save' is clicked on

2018-12-12 09:45:04 - [MESSAGE][PASSED] - Call Test Case 'Test Cases/Final Aug 2018 - PKS Automation/Create Employer Acc/Template/Change Password of Employer' successfully

2018-12-12 09:45:04 - [TEST_STEP][PASSED] - delay: Delayed 1 second(s)

2018-12-12 09:45:05 - [MESSAGE][PASSED] - Delayed 1 second(s)

2018-12-12 09:45:05 - [TEST_STEP][PASSED] - navigateToUrl: Navigate to 'https://assist2-uat.perkeso.gov.my/c/portal/logout' successfully

2018-12-12 09:45:06 - [MESSAGE][PASSED] - Navigate to 'https://assist2-uat.perkeso.gov.my/c/portal/logout' successfully

2018-12-12 09:45:06 - [TEST_STEP][PASSED] - delay: Delayed 1 second(s)

2018-12-12 09:45:07 - [MESSAGE][PASSED] - Delayed 1 second(s)

2018-12-12 09:45:07 - [TEST_STEP][PASSED] - callTestCase: Call Test Case 'Test Cases/Final Aug 2018 - PKS Automation/Create Employer Acc/Template/Login to Employer Account (First Time)' successfully

2018-12-12 09:45:07 - [TEST_CASE][PASSED] - Test Cases/Final Aug 2018 - PKS Automation/Create Employer Acc/Template/Login to Employer Account (First Time): Test Cases/Final Aug 2018 - PKS Automation/Create Employer Acc/Template/Login to Employer Account (First Time)

2018-12-12 09:45:07 - [TEST_STEP][PASSED] - openBrowser: Browser is opened with url: ''

2018-12-12 09:45:07 - [MESSAGE][WARNING] - A browser is already opened. Closing browser and opening a new one

2018-12-12 09:45:11 - [MESSAGE][PASSED] - Browser is opened with url: ''

2018-12-12 09:45:11 - [TEST_STEP][PASSED] - navigateToUrl: Navigate to 'https://assist2-uat.perkeso.gov.my/employer/login' successfully

2018-12-12 09:45:13 - [MESSAGE][PASSED] - Navigate to 'https://assist2-uat.perkeso.gov.my/employer/login' successfully

2018-12-12 09:45:13 - [TEST_STEP][PASSED] - delay: Delayed 3 second(s)

2018-12-12 09:45:16 - [MESSAGE][PASSED] - Delayed 3 second(s)

2018-12-12 09:45:16 - [TEST_STEP][PASSED] - callTestCase: Call Test Case 'Test Cases/Final Aug 2018 - PKS Automation/Create Employer Acc/Template/Employer Email Getter' successfully

2018-12-12 09:45:16 - [TEST_CASE][PASSED] - Test Cases/Final Aug 2018 - PKS Automation/Create Employer Acc/Template/Employer Email Getter: Test Cases/Final Aug 2018 - PKS Automation/Create Employer Acc/Template/Employer Email Getter

2018-12-12 09:45:16 - [TEST_STEP][PASSED] - Statement - Try: null

2018-12-12 09:45:16 - [TEST_STEP][PASSED] - Statement - EmpEmail = new java.io.File(C://Users//Admin//Desktop//PKS//Automation Reference Point//EmpEmail.txt): null

2018-12-12 09:45:16 - [TEST_STEP][PASSED] - Statement - bufferread = new java.io.BufferedReader(new java.io.FileReader(EmpEmail)): null

2018-12-12 09:45:16 - [TEST_STEP][PASSED] - Statement - readedVal = bufferread.readLine(): null

2018-12-12 09:45:16 - [TEST_STEP][PASSED] - Statement - out.println(readedVal): null

2018-12-12 09:45:16 - [TEST_STEP][PASSED] - Statement - Email = readedVal: null

2018-12-12 09:45:16 - [MESSAGE][PASSED] - Call Test Case 'Test Cases/Final Aug 2018 - PKS Automation/Create Employer Acc/Template/Employer Email Getter' successfully

2018-12-12 09:45:16 - [TEST_STEP][PASSED] - setText: Text 'perkeso648582358171@gmail.com' is set on object 'Object Repository/Final Object Repo/Login Page/External Login Page/Email'

2018-12-12 09:45:16 - [MESSAGE][PASSED] - Text 'perkeso648582358171@gmail.com' is set on object 'Object Repository/Final Object Repo/Login Page/External Login Page/Email'

2018-12-12 09:45:16 - [TEST_STEP][PASSED] - click: Object: 'Object Repository/Final Object Repo/Login Page/External Login Page/Next' is clicked on

2018-12-12 09:45:17 - [MESSAGE][PASSED] - Object: 'Object Repository/Final Object Repo/Login Page/External Login Page/Next' is clicked on

2018-12-12 09:45:17 - [TEST_STEP][PASSED] - delay: Delayed 3 second(s)

2018-12-12 09:45:20 - [MESSAGE][PASSED] - Delayed 3 second(s)

2018-12-12 09:45:20 - [TEST_STEP][PASSED] - setEncryptedText: Text ****** has been set on object 'Object Repository/Final Object Repo/Login Page/External Login Page/Password'

2018-12-12 09:45:20 - [MESSAGE][PASSED] - Text ****** has been set on object 'Object Repository/Final Object Repo/Login Page/External Login Page/Password'

2018-12-12 09:45:20 - [TEST_STEP][PASSED] - click: Object: 'Object Repository/Final Object Repo/Login Page/External Login Page/Login' is clicked on

2018-12-12 09:45:20 - [MESSAGE][PASSED] - Object: 'Object Repository/Final Object Repo/Login Page/External Login Page/Login' is clicked on

2018-12-12 09:45:20 - [TEST_STEP][PASSED] - delay: Delayed 3 second(s)

2018-12-12 09:45:23 - [MESSAGE][PASSED] - Delayed 3 second(s)

2018-12-12 09:45:23 - [TEST_STEP][PASSED] - click: Object: 'Object Repository/Final Object Repo/Creating Employer Account/Page_Terms of Use - ASSIST/button_I Agree' is clicked on

2018-12-12 09:45:24 - [MESSAGE][PASSED] - Object: 'Object Repository/Final Object Repo/Creating Employer Account/Page_Terms of Use - ASSIST/button_I Agree' is clicked on

2018-12-12 09:45:24 - [TEST_STEP][PASSED] - delay: Delayed 2 second(s)

2018-12-12 09:45:26 - [MESSAGE][PASSED] - Delayed 2 second(s)

2018-12-12 09:45:26 - [TEST_STEP][PASSED] - setEncryptedText: Text ****** has been set on object 'Object Repository/Final Object Repo/Creating Employer Account/Page_New Password - ASSIST/input_password1'

2018-12-12 09:45:26 - [MESSAGE][PASSED] - Text ****** has been set on object 'Object Repository/Final Object Repo/Creating Employer Account/Page_New Password - ASSIST/input_password1'

2018-12-12 09:45:26 - [TEST_STEP][PASSED] - setEncryptedText: Text ****** has been set on object 'Object Repository/Final Object Repo/Creating Employer Account/Page_New Password - ASSIST/input_password2'

2018-12-12 09:45:26 - [MESSAGE][PASSED] - Text ****** has been set on object 'Object Repository/Final Object Repo/Creating Employer Account/Page_New Password - ASSIST/input_password2'

2018-12-12 09:45:26 - [TEST_STEP][PASSED] - delay: Delayed 2 second(s)

2018-12-12 09:45:28 - [MESSAGE][PASSED] - Delayed 2 second(s)

2018-12-12 09:45:28 - [TEST_STEP][PASSED] - click: Object: 'Object Repository/Final Object Repo/Creating Employer Account/Page_New Password - ASSIST/Save' is clicked on

2018-12-12 09:45:29 - [MESSAGE][PASSED] - Object: 'Object Repository/Final Object Repo/Creating Employer Account/Page_New Password - ASSIST/Save' is clicked on

2018-12-12 09:45:29 - [TEST_STEP][PASSED] - delay: Delayed 2 second(s)

2018-12-12 09:45:31 - [MESSAGE][PASSED] - Delayed 2 second(s)

2018-12-12 09:45:31 - [TEST_STEP][PASSED] - setText: Text 'test' is set on object 'Object Repository/Final Object Repo/Creating Employer Account/Page_Password Reminder - ASSIST/Reminder Query Answer'

2018-12-12 09:45:31 - [MESSAGE][PASSED] - Text 'test' is set on object 'Object Repository/Final Object Repo/Creating Employer Account/Page_Password Reminder - ASSIST/Reminder Query Answer'

2018-12-12 09:45:31 - [TEST_STEP][PASSED] - delay: Delayed 2 second(s)

2018-12-12 09:45:33 - [MESSAGE][PASSED] - Delayed 2 second(s)

2018-12-12 09:45:33 - [TEST_STEP][PASSED] - doubleClick: Object: 'Object Repository/Final Object Repo/Creating Employer Account/Page_Password Reminder - ASSIST/Save' is double clicked on

2018-12-12 09:45:33 - [MESSAGE][PASSED] - Object: 'Object Repository/Final Object Repo/Creating Employer Account/Page_Password Reminder - ASSIST/Save' is double clicked on

2018-12-12 09:45:33 - [MESSAGE][PASSED] - Call Test Case 'Test Cases/Final Aug 2018 - PKS Automation/Create Employer Acc/Template/Login to Employer Account (First Time)' successfully

2018-12-12 09:45:33 - [MESSAGE][PASSED] - Call Test Case 'Test Cases/Final Aug 2018 - PKS Automation/Create Employer Acc/Create Employer Account' successfully

2018-12-12 09:45:33 - [TEST_STEP][PASSED] - callTestCase: Call Test Case 'Test Cases/Final Aug 2018 - PKS Automation/Registration Module/Log Out/log out avoiding katalon tagging' successfully

2018-12-12 09:45:33 - [TEST_CASE][PASSED] - Test Cases/Final Aug 2018 - PKS Automation/Registration Module/Log Out/log out avoiding katalon tagging: Test Cases/Final Aug 2018 - PKS Automation/Registration Module/Log Out/log out avoiding katalon tagging

2018-12-12 09:45:33 - [TEST_STEP][PASSED] - navigateToUrl: Navigate to 'https://assist2-uat.perkeso.gov.my/c/portal/logout' successfully

2018-12-12 09:45:36 - [MESSAGE][PASSED] - Navigate to 'https://assist2-uat.perkeso.gov.my/c/portal/logout' successfully

2018-12-12 09:45:36 - [MESSAGE][PASSED] - Call Test Case 'Test Cases/Final Aug 2018 - PKS Automation/Registration Module/Log Out/log out avoiding katalon tagging' successfully

2018-12-12 09:45:36 - [TEST_STEP][PASSED] - callTestCase: Call Test Case 'Test Cases/Final Aug 2018 - PKS Automation/Create Employer Acc/Login to Employer Account (Second time)' successfully

2018-12-12 09:45:36 - [TEST_CASE][PASSED] - Test Cases/Final Aug 2018 - PKS Automation/Create Employer Acc/Login to Employer Account (Second time): Test Cases/Final Aug 2018 - PKS Automation/Create Employer Acc/Login to Employer Account (Second time)

2018-12-12 09:45:36 - [TEST_STEP][PASSED] - openBrowser: Browser is opened with url: ''

2018-12-12 09:45:36 - [MESSAGE][WARNING] - A browser is already opened. Closing browser and opening a new one

2018-12-12 09:45:41 - [MESSAGE][PASSED] - Browser is opened with url: ''

2018-12-12 09:45:41 - [TEST_STEP][PASSED] - navigateToUrl: Navigate to 'https://assist2-uat.perkeso.gov.my/employer/login' successfully

2018-12-12 09:45:42 - [MESSAGE][PASSED] - Navigate to 'https://assist2-uat.perkeso.gov.my/employer/login' successfully

2018-12-12 09:45:42 - [TEST_STEP][PASSED] - delay: Delayed 3 second(s)

2018-12-12 09:45:45 - [MESSAGE][PASSED] - Delayed 3 second(s)

2018-12-12 09:45:45 - [TEST_STEP][PASSED] - callTestCase: Call Test Case 'Test Cases/Final Aug 2018 - PKS Automation/Create Employer Acc/Template/Employer Email Getter' successfully

2018-12-12 09:45:45 - [TEST_CASE][PASSED] - Test Cases/Final Aug 2018 - PKS Automation/Create Employer Acc/Template/Employer Email Getter: Test Cases/Final Aug 2018 - PKS Automation/Create Employer Acc/Template/Employer Email Getter

2018-12-12 09:45:45 - [TEST_STEP][PASSED] - Statement - Try: null

2018-12-12 09:45:45 - [TEST_STEP][PASSED] - Statement - EmpEmail = new java.io.File(C://Users//Admin//Desktop//PKS//Automation Reference Point//EmpEmail.txt): null

2018-12-12 09:45:45 - [TEST_STEP][PASSED] - Statement - bufferread = new java.io.BufferedReader(new java.io.FileReader(EmpEmail)): null

2018-12-12 09:45:45 - [TEST_STEP][PASSED] - Statement - readedVal = bufferread.readLine(): null

2018-12-12 09:45:45 - [TEST_STEP][PASSED] - Statement - out.println(readedVal): null

2018-12-12 09:45:45 - [TEST_STEP][PASSED] - Statement - Email = readedVal: null

2018-12-12 09:45:45 - [MESSAGE][PASSED] - Call Test Case 'Test Cases/Final Aug 2018 - PKS Automation/Create Employer Acc/Template/Employer Email Getter' successfully

2018-12-12 09:45:45 - [TEST_STEP][PASSED] - setText: Text 'perkeso648582358171@gmail.com' is set on object 'Object Repository/Final Object Repo/Login Page/External Login Page/Email'

2018-12-12 09:45:45 - [MESSAGE][PASSED] - Text 'perkeso648582358171@gmail.com' is set on object 'Object Repository/Final Object Repo/Login Page/External Login Page/Email'

2018-12-12 09:45:45 - [TEST_STEP][PASSED] - click: Object: 'Object Repository/Final Object Repo/Login Page/External Login Page/Next' is clicked on

2018-12-12 09:45:45 - [MESSAGE][PASSED] - Object: 'Object Repository/Final Object Repo/Login Page/External Login Page/Next' is clicked on

2018-12-12 09:45:45 - [TEST_STEP][PASSED] - delay: Delayed 3 second(s)

2018-12-12 09:45:48 - [MESSAGE][PASSED] - Delayed 3 second(s)

2018-12-12 09:45:48 - [TEST_STEP][PASSED] - setEncryptedText: Text ****** has been set on object 'Object Repository/Final Object Repo/Login Page/External Login Page/Password'

2018-12-12 09:45:49 - [MESSAGE][PASSED] - Text ****** has been set on object 'Object Repository/Final Object Repo/Login Page/External Login Page/Password'

2018-12-12 09:45:49 - [TEST_STEP][PASSED] - click: Object: 'Object Repository/Final Object Repo/Login Page/External Login Page/Login' is clicked on

2018-12-12 09:45:49 - [MESSAGE][PASSED] - Object: 'Object Repository/Final Object Repo/Login Page/External Login Page/Login' is clicked on

2018-12-12 09:45:49 - [TEST_STEP][PASSED] - delay: Delayed 5 second(s)

2018-12-12 09:45:54 - [MESSAGE][PASSED] - Delayed 5 second(s)

2018-12-12 09:45:54 - [MESSAGE][PASSED] - Call Test Case 'Test Cases/Final Aug 2018 - PKS Automation/Create Employer Acc/Login to Employer Account (Second time)' successfully

2018-12-12 09:45:54 - [TEST_STEP][PASSED] - delay: Delayed 4 second(s)

2018-12-12 09:45:58 - [MESSAGE][PASSED] - Delayed 4 second(s)

2018-12-12 09:45:58 - [TEST_STEP][PASSED] - Statement - Try: Delayed 2 second(s)

2018-12-12 09:45:58 - [TEST_STEP][PASSED] - Statement - Checker = false: null

2018-12-12 09:45:58 - [TEST_STEP][PASSED] - Statement - Checker = com.kms.katalon.core.webui.keyword.WebUiBuiltInKeywords.verifyElementHasAttribute(com.kms.katalon.core.testobject.ObjectRepository.findTestObject(Final Object Repo/Landing Page/BM Detecting), "href", 20, OPTIONAL): Object 'Object Repository/Final Object Repo/Landing Page/BM Detecting' has attribute 'href'

2018-12-12 09:45:58 - [MESSAGE][PASSED] - Object 'Object Repository/Final Object Repo/Landing Page/BM Detecting' has attribute 'href'

2018-12-12 09:45:58 - [TEST_STEP][PASSED] - Statement - out.println(Checker): null

2018-12-12 09:45:58 - [TEST_STEP][PASSED] - Statement - If (Checker == false): null

2018-12-12 09:45:58 - [TEST_STEP][PASSED] - Statement - Else: null

2018-12-12 09:45:58 - [TEST_STEP][PASSED] - delay: Delayed 2 second(s)

2018-12-12 09:46:00 - [MESSAGE][PASSED] - Delayed 2 second(s)

2018-12-12 09:46:00 - [TEST_STEP][PASSED] - delay: Delayed 4 second(s)

2018-12-12 09:46:04 - [MESSAGE][PASSED] - Delayed 4 second(s)

2018-12-12 09:46:04 - [TEST_STEP][PASSED] - click: Object: 'Object Repository/Final Object Repo/Landing Page/My Sites Drop Down' is clicked on

2018-12-12 09:46:04 - [MESSAGE][PASSED] - Object: 'Object Repository/Final Object Repo/Landing Page/My Sites Drop Down' is clicked on

2018-12-12 09:46:04 - [TEST_STEP][PASSED] - click: Object: 'Object Repository/Final Object Repo/Landing Page/Select to Registration Module' is clicked on

2018-12-12 09:46:07 - [MESSAGE][PASSED] - Object: 'Object Repository/Final Object Repo/Landing Page/Select to Registration Module' is clicked on

2018-12-12 09:46:07 - [TEST_STEP][PASSED] - click: Object: 'Object Repository/Final Object Repo/Landing Page/Registration Button' is clicked on

2018-12-12 09:46:08 - [MESSAGE][PASSED] - Object: 'Object Repository/Final Object Repo/Landing Page/Registration Button' is clicked on

2018-12-12 09:46:08 - [TEST_STEP][PASSED] - delay: Delayed 2 second(s)

2018-12-12 09:46:10 - [MESSAGE][PASSED] - Delayed 2 second(s)

2018-12-12 09:46:10 - [TEST_STEP][PASSED] - click: Object: 'Object Repository/Final Object Repo/New Registration - Registration Module Pages/New Reg - OTC to RO/Special Case - OTC - Form 1/AEC NO' is clicked on

2018-12-12 09:46:10 - [MESSAGE][PASSED] - Object: 'Object Repository/Final Object Repo/New Registration - Registration Module Pages/New Reg - OTC to RO/Special Case - OTC - Form 1/AEC NO' is clicked on

2018-12-12 09:46:10 - [TEST_STEP][PASSED] - click: Object: 'Object Repository/Final Object Repo/New Registration - Registration Module Pages/New Reg - OTC to RO/Special Case - OTC - Form 1/Business Entity - Please Select' is clicked on

2018-12-12 09:46:10 - [MESSAGE][PASSED] - Object: 'Object Repository/Final Object Repo/New Registration - Registration Module Pages/New Reg - OTC to RO/Special Case - OTC - Form 1/Business Entity - Please Select' is clicked on

2018-12-12 09:46:10 - [TEST_STEP][PASSED] - click: Object: 'Object Repository/Final Object Repo/New Registration - Registration Module Pages/New Reg - OTC to RO/Special Case - OTC - Form 1/Selected - Corporation' is clicked on

2018-12-12 09:46:11 - [MESSAGE][PASSED] - Object: 'Object Repository/Final Object Repo/New Registration - Registration Module Pages/New Reg - OTC to RO/Special Case - OTC - Form 1/Selected - Corporation' is clicked on

2018-12-12 09:46:11 - [TEST_STEP][PASSED] - delay: Delayed 2 second(s)

2018-12-12 09:46:13 - [MESSAGE][PASSED] - Delayed 2 second(s)

2018-12-12 09:46:13 - [TEST_STEP][PASSED] - click: Object: 'Object Repository/Final Object Repo/New Registration - Registration Module Pages/New Reg - OTC to RO/Special Case - OTC - Form 1/Sub Business Entity - Please Select' is clicked on

2018-12-12 09:46:13 - [MESSAGE][PASSED] - Object: 'Object Repository/Final Object Repo/New Registration - Registration Module Pages/New Reg - OTC to RO/Special Case - OTC - Form 1/Sub Business Entity - Please Select' is clicked on

2018-12-12 09:46:13 - [TEST_STEP][PASSED] - delay: Delayed 2 second(s)

2018-12-12 09:46:15 - [MESSAGE][PASSED] - Delayed 2 second(s)

2018-12-12 09:46:15 - [TEST_STEP][PASSED] - click: Object: 'Object Repository/Final Object Repo/New Registration - Registration Module Pages/New Reg - OTC to RO/Special Case - OTC - Form 1/Selected - Sendirian Berhad' is clicked on

2018-12-12 09:46:15 - [MESSAGE][PASSED] - Object: 'Object Repository/Final Object Repo/New Registration - Registration Module Pages/New Reg - OTC to RO/Special Case - OTC - Form 1/Selected - Sendirian Berhad' is clicked on

2018-12-12 09:46:15 - [TEST_STEP][PASSED] - setText: Text 'AUTOMATE001' is set on object 'Object Repository/Final Object Repo/New Registration - Registration Module Pages/New Reg - OTC to RO/Special Case - OTC - Form 1/Input BRN Number'

2018-12-12 09:46:16 - [MESSAGE][PASSED] - Text 'AUTOMATE001' is set on object 'Object Repository/Final Object Repo/New Registration - Registration Module Pages/New Reg - OTC to RO/Special Case - OTC - Form 1/Input BRN Number'

2018-12-12 09:46:16 - [TEST_STEP][PASSED] - delay: Delayed 2 second(s)

2018-12-12 09:46:18 - [MESSAGE][PASSED] - Delayed 2 second(s)

2018-12-12 09:46:18 - [TEST_STEP][PASSED] - click: Object: 'Object Repository/Final Object Repo/New Registration - Registration Module Pages/New Reg - OTC to RO/Special Case - OTC - Form 1/BRN Search' is clicked on

2018-12-12 09:46:18 - [MESSAGE][PASSED] - Object: 'Object Repository/Final Object Repo/New Registration - Registration Module Pages/New Reg - OTC to RO/Special Case - OTC - Form 1/BRN Search' is clicked on

2018-12-12 09:46:18 - [TEST_STEP][PASSED] - delay: Delayed 4 second(s)

2018-12-12 09:46:22 - [MESSAGE][PASSED] - Delayed 4 second(s)

2018-12-12 09:46:22 - [TEST_STEP][PASSED] - click: Object: 'Object Repository/Final Object Repo/New Registration - Registration Module Pages/New Reg - OTC to RO/Special Case - OTC - Form 1/Registered with SSM - After Feb 2017' is clicked on

2018-12-12 09:46:22 - [MESSAGE][PASSED] - Object: 'Object Repository/Final Object Repo/New Registration - Registration Module Pages/New Reg - OTC to RO/Special Case - OTC - Form 1/Registered with SSM - After Feb 2017' is clicked on

2018-12-12 09:46:22 - [TEST_STEP][PASSED] - delay: Delayed 2 second(s)

2018-12-12 09:46:24 - [MESSAGE][PASSED] - Delayed 2 second(s)

2018-12-12 09:46:24 - [TEST_STEP][PASSED] - click: Object: 'Object Repository/Final Object Repo/New Registration - Registration Module Pages/Form 1/Registered As a Branch - Yes' is clicked on

2018-12-12 09:46:24 - [MESSAGE][PASSED] - Object: 'Object Repository/Final Object Repo/New Registration - Registration Module Pages/Form 1/Registered As a Branch - Yes' is clicked on

2018-12-12 09:46:24 - [TEST_STEP][PASSED] - click: Object: 'Object Repository/Final Object Repo/New Registration - Registration Module Pages/New Reg - OTC to RO/Special Case - OTC - Form 1/Acknowledgement Ticked' is clicked on

2018-12-12 09:46:24 - [MESSAGE][PASSED] - Object: 'Object Repository/Final Object Repo/New Registration - Registration Module Pages/New Reg - OTC to RO/Special Case - OTC - Form 1/Acknowledgement Ticked' is clicked on

2018-12-12 09:46:24 - [TEST_STEP][PASSED] - setText: Text 'perkeso648582358171@gmail.com' is set on object 'Object Repository/Final Object Repo/New Registration - Registration Module Pages/Form 1/Email'

2018-12-12 09:46:25 - [MESSAGE][PASSED] - Text 'perkeso648582358171@gmail.com' is set on object 'Object Repository/Final Object Repo/New Registration - Registration Module Pages/Form 1/Email'

2018-12-12 09:46:25 - [TEST_STEP][PASSED] - click: Object: 'Object Repository/Final Object Repo/New Registration - Registration Module Pages/New Reg - OTC to RO/Special Case - OTC - Form 1/Submit Button' is clicked on

2018-12-12 09:46:25 - [MESSAGE][PASSED] - Object: 'Object Repository/Final Object Repo/New Registration - Registration Module Pages/New Reg - OTC to RO/Special Case - OTC - Form 1/Submit Button' is clicked on

2018-12-12 09:46:25 - [TEST_STEP][PASSED] - callTestCase: Call Test Case 'Test Cases/Final Aug 2018 - PKS Automation/Registration Module/New Registration/Form 2/Add 1 Eligible - Employer Account Use' successfully

2018-12-12 09:46:25 - [TEST_CASE][PASSED] - Test Cases/Final Aug 2018 - PKS Automation/Registration Module/New Registration/Form 2/Add 1 Eligible - Employer Account Use: Test Cases/Final Aug 2018 - PKS Automation/Registration Module/New Registration/Form 2/Add 1 Eligible - Employer Account Use

2018-12-12 09:46:25 - [TEST_STEP][PASSED] - delay: Delayed 2 second(s)

2018-12-12 09:46:27 - [MESSAGE][PASSED] - Delayed 2 second(s)

2018-12-12 09:46:27 - [TEST_STEP][PASSED] - callTestCase: Call Test Case 'Test Cases/Final Aug 2018 - PKS Automation/Registration Module/New Registration/Form 2/Date Updater' successfully

2018-12-12 09:46:27 - [TEST_CASE][PASSED] - Test Cases/Final Aug 2018 - PKS Automation/Registration Module/New Registration/Form 2/Date Updater: Test Cases/Final Aug 2018 - PKS Automation/Registration Module/New Registration/Form 2/Date Updater

2018-12-12 09:46:27 - [TEST_STEP][PASSED] - Statement - TodayDate = new java.util.Date(): null

2018-12-12 09:46:27 - [TEST_STEP][PASSED] - Statement - CurrentDateNoFilter = new java.text.SimpleDateFormat(): null

2018-12-12 09:46:27 - [TEST_STEP][PASSED] - Statement - CurrentDateNoFilter.applyPattern("MM"): null

2018-12-12 09:46:27 - [TEST_STEP][PASSED] - Statement - monthContainerMatcher = java.lang.Integer.parseInt(CurrentDateNoFilter.format(TodayDate)): null

2018-12-12 09:46:27 - [TEST_STEP][PASSED] - Statement - monthContainerMatcher = monthContainerMatcher - 1: null

2018-12-12 09:46:27 - [TEST_STEP][PASSED] - Statement - CurrentMonth = monthContainerMatcher.toString(): null

2018-12-12 09:46:27 - [TEST_STEP][PASSED] - Statement - CurrentMonth = CurrentMonth: null

2018-12-12 09:46:27 - [TEST_STEP][PASSED] - Statement - CurrentDateNoFilter.applyPattern("yyyy"): null

2018-12-12 09:46:27 - [TEST_STEP][PASSED] - Statement - CurrentYear = CurrentDateNoFilter.format(TodayDate): null

2018-12-12 09:46:27 - [TEST_STEP][PASSED] - Statement - CurrentYear = CurrentYear: null

2018-12-12 09:46:27 - [TEST_STEP][PASSED] - Statement - intCurrentYear = java.lang.Integer.parseInt(CurrentDateNoFilter.format(TodayDate)): null

2018-12-12 09:46:27 - [TEST_STEP][PASSED] - Statement - eighteenYrsAgo = intCurrentYear - 18: null

2018-12-12 09:46:27 - [TEST_STEP][PASSED] - Statement - eighteenYrsBeforeThisYr = eighteenYrsAgo.toString(): null

2018-12-12 09:46:27 - [TEST_STEP][PASSED] - Statement - EighteenYrsBefore = eighteenYrsBeforeThisYr: null

2018-12-12 09:46:27 - [TEST_STEP][PASSED] - Statement - fiftysevenYrsAgo = intCurrentYear - 57: null

2018-12-12 09:46:27 - [TEST_STEP][PASSED] - Statement - fiftysevenYrsBeforeThisYr = fiftysevenYrsAgo.toString(): null

2018-12-12 09:46:27 - [TEST_STEP][PASSED] - Statement - FiftysevenYrsBefore = fiftysevenYrsBeforeThisYr: null

2018-12-12 09:46:27 - [TEST_STEP][PASSED] - Statement - leapYear = false: null

2018-12-12 09:46:27 - [TEST_STEP][PASSED] - Statement - leapYear = intCurrentYear % 4 == 0: null

2018-12-12 09:46:27 - [TEST_STEP][PASSED] - Statement - CurrentDateNoFilter.applyPattern("dd"): null

2018-12-12 09:46:27 - [TEST_STEP][PASSED] - Statement - CurrentDate = CurrentDateNoFilter.format(TodayDate): null

2018-12-12 09:46:27 - [TEST_STEP][PASSED] - Statement - CurrentDate = java.lang.Integer.parseInt(CurrentDate): null

2018-12-12 09:46:27 - [TEST_STEP][PASSED] - Statement - CurrentDate = CurrentDate: null

2018-12-12 09:46:27 - [TEST_STEP][PASSED] - Statement - CurrentDay = java.lang.Integer.parseInt(CurrentDate): null

2018-12-12 09:46:27 - [TEST_STEP][PASSED] - Statement - ConfAdder = <not implemented yet for class: org.codehaus.groovy.ast.expr.EmptyExpression>: null

2018-12-12 09:46:27 - [TEST_STEP][PASSED] - Statement - out.println(CurrentMonth): null

2018-12-12 09:46:27 - [TEST_STEP][PASSED] - Statement - out.println(CurrentDate): null

2018-12-12 09:46:27 - [TEST_STEP][PASSED] - Statement - switch (CurrentDate): null

2018-12-12 09:46:27 - [TEST_STEP][PASSED] - Statement - Default: null

2018-12-12 09:46:27 - [TEST_STEP][PASSED] - Statement - ConfAdder = true: null

2018-12-12 09:46:27 - [TEST_STEP][PASSED] - Statement - Break: null

2018-12-12 09:46:27 - [TEST_STEP][PASSED] - Statement - aDayBefore = <not implemented yet for class: org.codehaus.groovy.ast.expr.EmptyExpression>: null

2018-12-12 09:46:27 - [TEST_STEP][PASSED] - Statement - out.println(ConfAdder): null

2018-12-12 09:46:27 - [TEST_STEP][PASSED] - Statement - If (ConfAdder == true): null

2018-12-12 09:46:27 - [TEST_STEP][PASSED] - Statement - aDayBefore = CurrentDay + 1: null

2018-12-12 09:46:27 - [TEST_STEP][PASSED] - Statement - out.println(aDayBefore): null

2018-12-12 09:46:27 - [TEST_STEP][PASSED] - Statement - If (aDayBefore == 1 && CurrentMonth == 11): null

2018-12-12 09:46:27 - [TEST_STEP][PASSED] - Statement - DayBefore = aDayBefore.toString(): null

2018-12-12 09:46:27 - [TEST_STEP][PASSED] - Statement - OneDayBefore = DayBefore: null

2018-12-12 09:46:27 - [MESSAGE][PASSED] - Call Test Case 'Test Cases/Final Aug 2018 - PKS Automation/Registration Module/New Registration/Form 2/Date Updater' successfully

2018-12-12 09:46:27 - [TEST_STEP][PASSED] - delay: Delayed 1 second(s)

2018-12-12 09:46:28 - [MESSAGE][PASSED] - Delayed 1 second(s)

2018-12-12 09:46:28 - [TEST_STEP][PASSED] - Statement - CaseReferenceNo = com.kms.katalon.core.webui.keyword.WebUiBuiltInKeywords.getText(com.kms.katalon.core.testobject.ObjectRepository.findTestObject(Final Object Repo/New Registration - Registration Module Pages/Form 2/RefNo Acquiring)): Text of object 'Object Repository/Final Object Repo/New Registration - Registration Module Pages/Form 2/RefNo Acquiring' is: 'CRN12201800123194'

2018-12-12 09:46:28 - [MESSAGE][PASSED] - Text of object 'Object Repository/Final Object Repo/New Registration - Registration Module Pages/Form 2/RefNo Acquiring' is: 'CRN12201800123194'

2018-12-12 09:46:28 - [TEST_STEP][PASSED] - delay: Delayed 1 second(s)

2018-12-12 09:46:29 - [MESSAGE][PASSED] - Delayed 1 second(s)

2018-12-12 09:46:29 - [TEST_STEP][PASSED] - click: Object: 'Object Repository/Final Object Repo/New Registration - Registration Module Pages/Form 2/Add Employee Button' is clicked on

2018-12-12 09:46:30 - [MESSAGE][PASSED] - Object: 'Object Repository/Final Object Repo/New Registration - Registration Module Pages/Form 2/Add Employee Button' is clicked on

2018-12-12 09:46:30 - [TEST_STEP][PASSED] - delay: Delayed 1 second(s)

2018-12-12 09:46:31 - [MESSAGE][PASSED] - Delayed 1 second(s)

2018-12-12 09:46:31 - [TEST_STEP][PASSED] - setText: Text '010903091948' is set on object 'Object Repository/Final Object Repo/New Registration - Registration Module Pages/Form 2/NRIC Input'

2018-12-12 09:46:31 - [MESSAGE][PASSED] - Text '010903091948' is set on object 'Object Repository/Final Object Repo/New Registration - Registration Module Pages/Form 2/NRIC Input'

2018-12-12 09:46:31 - [TEST_STEP][PASSED] - delay: Delayed 2 second(s)

2018-12-12 09:46:33 - [MESSAGE][PASSED] - Delayed 2 second(s)

2018-12-12 09:46:33 - [TEST_STEP][PASSED] - setText: Text 'Automate001 eligible 1' is set on object 'Object Repository/Final Object Repo/New Registration - Registration Module Pages/Form 2/Employee Name Input'

2018-12-12 09:46:33 - [MESSAGE][PASSED] - Text 'Automate001 eligible 1' is set on object 'Object Repository/Final Object Repo/New Registration - Registration Module Pages/Form 2/Employee Name Input'

2018-12-12 09:46:33 - [TEST_STEP][PASSED] - delay: Delayed 2 second(s)

2018-12-12 09:46:35 - [MESSAGE][PASSED] - Delayed 2 second(s)

2018-12-12 09:46:35 - [TEST_STEP][PASSED] - click: Object: 'Object Repository/Final Object Repo/New Registration - Registration Module Pages/Form 2/DatePicker Pop Up' is clicked on

2018-12-12 09:46:36 - [MESSAGE][PASSED] - Object: 'Object Repository/Final Object Repo/New Registration - Registration Module Pages/Form 2/DatePicker Pop Up' is clicked on

2018-12-12 09:46:36 - [TEST_STEP][PASSED] - click: Object: 'Object Repository/Final Object Repo/New Registration - Registration Module Pages/Form 2/DOB Month' is clicked on

2018-12-12 09:46:36 - [MESSAGE][PASSED] - Object: 'Object Repository/Final Object Repo/New Registration - Registration Module Pages/Form 2/DOB Month' is clicked on

2018-12-12 09:46:36 - [TEST_STEP][PASSED] - Statement - CurrentMonth = CurrentMonth: null

2018-12-12 09:46:36 - [TEST_STEP][PASSED] - Statement - selectMonth = new com.kms.katalon.core.testobject.TestObject(): null

2018-12-12 09:46:36 - [TEST_STEP][PASSED] - Statement - selectMonth.addProperty("xpath", EQUALS, "//body/div/div/div/select/option[@value='" + CurrentMonth + "']", true): null

2018-12-12 09:46:36 - [TEST_STEP][PASSED] - click: Object: '' is clicked on

2018-12-12 09:46:36 - [MESSAGE][PASSED] - Object: '' is clicked on

2018-12-12 09:46:36 - [TEST_STEP][PASSED] - click: Object: 'Object Repository/Final Object Repo/New Registration - Registration Module Pages/Form 2/DOB Year' is clicked on

2018-12-12 09:46:36 - [MESSAGE][PASSED] - Object: 'Object Repository/Final Object Repo/New Registration - Registration Module Pages/Form 2/DOB Year' is clicked on

2018-12-12 09:46:36 - [TEST_STEP][PASSED] - Statement - Eyearsbf = EighteenYrsBefore: null

2018-12-12 09:46:36 - [TEST_STEP][PASSED] - Statement - selectYear = new com.kms.katalon.core.testobject.TestObject(): null

2018-12-12 09:46:36 - [TEST_STEP][PASSED] - Statement - selectYear.addProperty("xpath", EQUALS, "//div/div/div/select/option[@value='" + Eyearsbf + "']", true): null

2018-12-12 09:46:36 - [TEST_STEP][PASSED] - click: Object: '' is clicked on

2018-12-12 09:46:36 - [MESSAGE][PASSED] - Object: '' is clicked on

2018-12-12 09:46:36 - [TEST_STEP][PASSED] - Statement - UpdatedSelectDate = com.kms.katalon.core.webui.keyword.WebUiBuiltInKeywords.modifyObjectProperty(com.kms.katalon.core.testobject.ObjectRepository.findTestObject(Final Object Repo/New Registration - Registration Module Pages/Form 2/DOB Date), "xpath", "equals", "//body/div/table/tbody/tr/td/a[text()="" + CurrentDate + ""]", true): Modify property of object successfully

2018-12-12 09:46:36 - [MESSAGE][PASSED] - Modify property of object successfully

2018-12-12 09:46:36 - [TEST_STEP][PASSED] - delay: Delayed 3 second(s)

2018-12-12 09:46:39 - [MESSAGE][PASSED] - Delayed 3 second(s)

2018-12-12 09:46:39 - [TEST_STEP][PASSED] - click: Object: 'Object Repository/Final Object Repo/New Registration - Registration Module Pages/Form 2/DOB Date' is clicked on

2018-12-12 09:46:40 - [MESSAGE][PASSED] - Object: 'Object Repository/Final Object Repo/New Registration - Registration Module Pages/Form 2/DOB Date' is clicked on

2018-12-12 09:46:40 - [TEST_STEP][PASSED] - delay: Delayed 2 second(s)

2018-12-12 09:46:42 - [MESSAGE][PASSED] - Delayed 2 second(s)

2018-12-12 09:46:42 - [TEST_STEP][PASSED] - click: Object: 'Object Repository/Final Object Repo/New Registration - Registration Module Pages/Form 2/EmploymentStartDate Pop Up' is clicked on

2018-12-12 09:46:42 - [MESSAGE][PASSED] - Object: 'Object Repository/Final Object Repo/New Registration - Registration Module Pages/Form 2/EmploymentStartDate Pop Up' is clicked on

2018-12-12 09:46:42 - [TEST_STEP][PASSED] - delay: Delayed 2 second(s)

2018-12-12 09:46:44 - [MESSAGE][PASSED] - Delayed 2 second(s)

2018-12-12 09:46:44 - [TEST_STEP][PASSED] - click: Object: 'Object Repository/Final Object Repo/New Registration - Registration Module Pages/Form 2/Socso Employment StartDate Month' is clicked on

2018-12-12 09:46:44 - [MESSAGE][PASSED] - Object: 'Object Repository/Final Object Repo/New Registration - Registration Module Pages/Form 2/Socso Employment StartDate Month' is clicked on

2018-12-12 09:46:44 - [TEST_STEP][PASSED] - delay: Delayed 1 second(s)

2018-12-12 09:46:45 - [MESSAGE][PASSED] - Delayed 1 second(s)

2018-12-12 09:46:45 - [TEST_STEP][PASSED] - click: Object: 'Object Repository/Final Object Repo/New Registration - Registration Module Pages/Form 2/Select Socso Employement Startdate Month' is clicked on

2018-12-12 09:46:45 - [MESSAGE][PASSED] - Object: 'Object Repository/Final Object Repo/New Registration - Registration Module Pages/Form 2/Select Socso Employement Startdate Month' is clicked on

2018-12-12 09:46:45 - [TEST_STEP][PASSED] - delay: Delayed 2 second(s)

2018-12-12 09:46:47 - [MESSAGE][PASSED] - Delayed 2 second(s)

2018-12-12 09:46:47 - [TEST_STEP][PASSED] - click: Object: 'Object Repository/Final Object Repo/New Registration - Registration Module Pages/Form 2/Socso Employment StartDate Year' is clicked on

2018-12-12 09:46:47 - [MESSAGE][PASSED] - Object: 'Object Repository/Final Object Repo/New Registration - Registration Module Pages/Form 2/Socso Employment StartDate Year' is clicked on

2018-12-12 09:46:47 - [TEST_STEP][PASSED] - delay: Delayed 1 second(s)

2018-12-12 09:46:48 - [MESSAGE][PASSED] - Delayed 1 second(s)

2018-12-12 09:46:48 - [TEST_STEP][PASSED] - click: Object: 'Object Repository/Final Object Repo/New Registration - Registration Module Pages/Form 2/Select Socso Employment Startdate Year' is clicked on

2018-12-12 09:46:48 - [MESSAGE][PASSED] - Object: 'Object Repository/Final Object Repo/New Registration - Registration Module Pages/Form 2/Select Socso Employment Startdate Year' is clicked on

2018-12-12 09:46:48 - [TEST_STEP][PASSED] - delay: Delayed 2 second(s)

2018-12-12 09:46:50 - [MESSAGE][PASSED] - Delayed 2 second(s)

2018-12-12 09:46:50 - [TEST_STEP][PASSED] - click: Object: 'Object Repository/Final Object Repo/New Registration - Registration Module Pages/Form 2/Socso Employment Start Date Day' is clicked on

2018-12-12 09:46:51 - [MESSAGE][PASSED] - Object: 'Object Repository/Final Object Repo/New Registration - Registration Module Pages/Form 2/Socso Employment Start Date Day' is clicked on

2018-12-12 09:46:51 - [TEST_STEP][PASSED] - delay: Delayed 2 second(s)

2018-12-12 09:46:53 - [MESSAGE][PASSED] - Delayed 2 second(s)

2018-12-12 09:46:53 - [TEST_STEP][PASSED] - click: Object: 'Object Repository/Final Object Repo/New Registration - Registration Module Pages/Form 2/Save Button for Add Employee' is clicked on

2018-12-12 09:46:53 - [MESSAGE][PASSED] - Object: 'Object Repository/Final Object Repo/New Registration - Registration Module Pages/Form 2/Save Button for Add Employee' is clicked on

2018-12-12 09:46:53 - [TEST_STEP][PASSED] - delay: Delayed 6 second(s)

2018-12-12 09:46:59 - [MESSAGE][PASSED] - Delayed 6 second(s)

2018-12-12 09:46:59 - [TEST_STEP][PASSED] - click: Object: 'Object Repository/Final Object Repo/New Registration - Registration Module Pages/Form 2/Save and Continue Form 2' is clicked on

2018-12-12 09:46:59 - [MESSAGE][PASSED] - Object: 'Object Repository/Final Object Repo/New Registration - Registration Module Pages/Form 2/Save and Continue Form 2' is clicked on

2018-12-12 09:46:59 - [MESSAGE][PASSED] - Call Test Case 'Test Cases/Final Aug 2018 - PKS Automation/Registration Module/New Registration/Form 2/Add 1 Eligible - Employer Account Use' successfully

2018-12-12 09:46:59 - [TEST_STEP][PASSED] - callTestCase: Call Test Case 'Test Cases/Final Aug 2018 - PKS Automation/Registration Module/New Registration/Flow of New Registration/Third Screen - Upload Supporting Doc - Preview' successfully

2018-12-12 09:46:59 - [TEST_CASE][PASSED] - Test Cases/Final Aug 2018 - PKS Automation/Registration Module/New Registration/Flow of New Registration/Third Screen - Upload Supporting Doc - Preview: Test Cases/Final Aug 2018 - PKS Automation/Registration Module/New Registration/Flow of New Registration/Third Screen - Upload Supporting Doc - Preview

2018-12-12 09:46:59 - [TEST_STEP][PASSED] - waitForPageLoad: Wait for page load successfully

2018-12-12 09:47:00 - [MESSAGE][PASSED] - Wait for page load successfully

2018-12-12 09:47:00 - [TEST_STEP][PASSED] - Statement - CaseReferenceNo = com.kms.katalon.core.webui.keyword.WebUiBuiltInKeywords.getText(com.kms.katalon.core.testobject.ObjectRepository.findTestObject(Final Object Repo/New Registration - Registration Module Pages/Third Screen - Upload Supporting Doc- Preview/RefNo Acquiring)): Text of object 'Object Repository/Final Object Repo/New Registration - Registration Module Pages/Third Screen - Upload Supporting Doc- Preview/RefNo Acquiring' is: 'CRN12201800123194'

2018-12-12 09:47:00 - [MESSAGE][PASSED] - Text of object 'Object Repository/Final Object Repo/New Registration - Registration Module Pages/Third Screen - Upload Supporting Doc- Preview/RefNo Acquiring' is: 'CRN12201800123194'

2018-12-12 09:47:00 - [TEST_STEP][PASSED] - delay: Delayed 2 second(s)

2018-12-12 09:47:02 - [MESSAGE][PASSED] - Delayed 2 second(s)

2018-12-12 09:47:02 - [TEST_STEP][PASSED] - callTestCase: Call Test Case 'Test Cases/Final Aug 2018 - PKS Automation/Common/Reference Number Setter' successfully

2018-12-12 09:47:02 - [TEST_CASE][PASSED] - Test Cases/Final Aug 2018 - PKS Automation/Common/Reference Number Setter: Test Cases/Final Aug 2018 - PKS Automation/Common/Reference Number Setter

2018-12-12 09:47:02 - [TEST_STEP][PASSED] - Statement - RefNoOldFile = new java.io.File(C://Users//Admin//Desktop//PKS//Automation Reference Point//KatalonReference.txt): null

2018-12-12 09:47:02 - [TEST_STEP][PASSED] - Statement - RefNoOldFile.delete(): null

2018-12-12 09:47:02 - [TEST_STEP][PASSED] - delay: Delayed 5 second(s)

2018-12-12 09:47:07 - [MESSAGE][PASSED] - Delayed 5 second(s)

2018-12-12 09:47:07 - [TEST_STEP][PASSED] - Statement - RefNo = new java.io.File(C://Users//Admin//Desktop//PKS//Automation Reference Point//KatalonReference.txt): null

2018-12-12 09:47:07 - [TEST_STEP][PASSED] - Statement - f2 = new java.io.FileWriter(RefNo, false): null

2018-12-12 09:47:07 - [TEST_STEP][PASSED] - Statement - f2.write(CaseReferenceNo): null

2018-12-12 09:47:07 - [TEST_STEP][PASSED] - Statement - f2.close(): null

2018-12-12 09:47:07 - [TEST_STEP][PASSED] - Statement - out.println("


" + CaseReferenceNo + "


"): null

2018-12-12 09:47:07 - [MESSAGE][PASSED] - Call Test Case 'Test Cases/Final Aug 2018 - PKS Automation/Common/Reference Number Setter' successfully

2018-12-12 09:47:07 - [TEST_STEP][PASSED] - waitForElementClickable: Object 'Object Repository/Final Object Repo/New Registration - Registration Module Pages/Third Screen - Upload Supporting Doc- Preview/Save n Continue in SIP Employee Listing Page' is clickable

2018-12-12 09:47:07 - [MESSAGE][PASSED] - Object 'Object Repository/Final Object Repo/New Registration - Registration Module Pages/Third Screen - Upload Supporting Doc- Preview/Save n Continue in SIP Employee Listing Page' is clickable

2018-12-12 09:47:07 - [TEST_STEP][PASSED] - click: Object: 'Object Repository/Final Object Repo/New Registration - Registration Module Pages/Third Screen - Upload Supporting Doc- Preview/Save n Continue in SIP Employee Listing Page' is clicked on

2018-12-12 09:47:13 - [MESSAGE][PASSED] - Object: 'Object Repository/Final Object Repo/New Registration - Registration Module Pages/Third Screen - Upload Supporting Doc- Preview/Save n Continue in SIP Employee Listing Page' is clicked on

2018-12-12 09:47:13 - [TEST_STEP][PASSED] - delay: Delayed 7 second(s)

2018-12-12 09:47:20 - [MESSAGE][PASSED] - Delayed 7 second(s)

2018-12-12 09:47:20 - [TEST_STEP][PASSED] - click: Object: 'Object Repository/Final Object Repo/New Registration - Registration Module Pages/Third Screen - Upload Supporting Doc- Preview/Add Document Button' is clicked on

2018-12-12 09:47:20 - [MESSAGE][PASSED] - Object: 'Object Repository/Final Object Repo/New Registration - Registration Module Pages/Third Screen - Upload Supporting Doc- Preview/Add Document Button' is clicked on

2018-12-12 09:47:20 - [TEST_STEP][PASSED] - delay: Delayed 30 second(s)

2018-12-12 09:47:50 - [MESSAGE][PASSED] - Delayed 30 second(s)

2018-12-12 09:47:50 - [TEST_STEP][PASSED] - click: Object: 'Object Repository/Final Object Repo/New Registration - Registration Module Pages/Third Screen - Upload Supporting Doc- Preview/Supporting Doc Please Select Drop Down' is clicked on

2018-12-12 09:47:50 - [MESSAGE][PASSED] - Object: 'Object Repository/Final Object Repo/New Registration - Registration Module Pages/Third Screen - Upload Supporting Doc- Preview/Supporting Doc Please Select Drop Down' is clicked on

2018-12-12 09:47:50 - [TEST_STEP][PASSED] - delay: Delayed 2 second(s)

2018-12-12 09:47:52 - [MESSAGE][PASSED] - Delayed 2 second(s)

2018-12-12 09:47:52 - [TEST_STEP][PASSED] - click: Object: 'Object Repository/Final Object Repo/New Registration - Registration Module Pages/Third Screen - Upload Supporting Doc- Preview/Select to Upload Form 1' is clicked on

2018-12-12 09:47:53 - [MESSAGE][PASSED] - Object: 'Object Repository/Final Object Repo/New Registration - Registration Module Pages/Third Screen - Upload Supporting Doc- Preview/Select to Upload Form 1' is clicked on

2018-12-12 09:47:53 - [TEST_STEP][PASSED] - delay: Delayed 2 second(s)

2018-12-12 09:47:55 - [MESSAGE][PASSED] - Delayed 2 second(s)

2018-12-12 09:47:55 - [TEST_STEP][PASSED] - uploadFile: File 'C:\Users\Public\Pictures\Sample Pictures\Koala.jpg' sent to object: 'Object Repository/Final Object Repo/New Registration - Registration Module Pages/Third Screen - Upload Supporting Doc- Preview/Upload File Adding'

2018-12-12 09:47:55 - [MESSAGE][PASSED] - File 'C:\Users\Public\Pictures\Sample Pictures\Koala.jpg' sent to object: 'Object Repository/Final Object Repo/New Registration - Registration Module Pages/Third Screen - Upload Supporting Doc- Preview/Upload File Adding'

2018-12-12 09:47:55 - [TEST_STEP][PASSED] - delay: Delayed 5 second(s)

2018-12-12 09:48:00 - [MESSAGE][PASSED] - Delayed 5 second(s)

2018-12-12 09:48:00 - [TEST_STEP][PASSED] - click: Object: 'Object Repository/Final Object Repo/New Registration - Registration Module Pages/Third Screen - Upload Supporting Doc- Preview/Inner Form Add Document Button' is clicked on

2018-12-12 09:48:00 - [MESSAGE][PASSED] - Object: 'Object Repository/Final Object Repo/New Registration - Registration Module Pages/Third Screen - Upload Supporting Doc- Preview/Inner Form Add Document Button' is clicked on

2018-12-12 09:48:00 - [TEST_STEP][PASSED] - delay: Delayed 3 second(s)

2018-12-12 09:48:03 - [MESSAGE][PASSED] - Delayed 3 second(s)

2018-12-12 09:48:03 - [TEST_STEP][PASSED] - click: Object: 'Object Repository/Final Object Repo/New Registration - Registration Module Pages/Third Screen - Upload Supporting Doc- Preview/Add Document Button' is clicked on

2018-12-12 09:48:04 - [MESSAGE][PASSED] - Object: 'Object Repository/Final Object Repo/New Registration - Registration Module Pages/Third Screen - Upload Supporting Doc- Preview/Add Document Button' is clicked on

2018-12-12 09:48:04 - [TEST_STEP][PASSED] - delay: Delayed 30 second(s)

2018-12-12 09:48:34 - [MESSAGE][PASSED] - Delayed 30 second(s)

2018-12-12 09:48:34 - [TEST_STEP][PASSED] - click: Object: 'Object Repository/Final Object Repo/New Registration - Registration Module Pages/Third Screen - Upload Supporting Doc- Preview/Supporting Doc Please Select Drop Down' is clicked on

2018-12-12 09:48:34 - [MESSAGE][PASSED] - Object: 'Object Repository/Final Object Repo/New Registration - Registration Module Pages/Third Screen - Upload Supporting Doc- Preview/Supporting Doc Please Select Drop Down' is clicked on

2018-12-12 09:48:34 - [TEST_STEP][PASSED] - delay: Delayed 4 second(s)

2018-12-12 09:48:38 - [MESSAGE][PASSED] - Delayed 4 second(s)

2018-12-12 09:48:38 - [TEST_STEP][PASSED] - click: Object: 'Object Repository/Final Object Repo/New Registration - Registration Module Pages/Third Screen - Upload Supporting Doc- Preview/Select to Upload Form 2' is clicked on

2018-12-12 09:48:39 - [MESSAGE][PASSED] - Object: 'Object Repository/Final Object Repo/New Registration - Registration Module Pages/Third Screen - Upload Supporting Doc- Preview/Select to Upload Form 2' is clicked on

2018-12-12 09:48:39 - [TEST_STEP][PASSED] - delay: Delayed 2 second(s)

2018-12-12 09:48:41 - [MESSAGE][PASSED] - Delayed 2 second(s)

2018-12-12 09:48:41 - [TEST_STEP][PASSED] - uploadFile: File 'C:\Users\Public\Pictures\Sample Pictures\Koala.jpg' sent to object: 'Object Repository/Final Object Repo/New Registration - Registration Module Pages/Third Screen - Upload Supporting Doc- Preview/Upload File Adding'

2018-12-12 09:48:41 - [MESSAGE][PASSED] - File 'C:\Users\Public\Pictures\Sample Pictures\Koala.jpg' sent to object: 'Object Repository/Final Object Repo/New Registration - Registration Module Pages/Third Screen - Upload Supporting Doc- Preview/Upload File Adding'

2018-12-12 09:48:41 - [TEST_STEP][PASSED] - click: Object: 'Object Repository/Final Object Repo/New Registration - Registration Module Pages/Third Screen - Upload Supporting Doc- Preview/Inner Form Add Document Button' is clicked on

2018-12-12 09:48:41 - [MESSAGE][PASSED] - Object: 'Object Repository/Final Object Repo/New Registration - Registration Module Pages/Third Screen - Upload Supporting Doc- Preview/Inner Form Add Document Button' is clicked on

2018-12-12 09:48:41 - [TEST_STEP][PASSED] - delay: Delayed 5 second(s)

2018-12-12 09:48:46 - [MESSAGE][PASSED] - Delayed 5 second(s)

2018-12-12 09:48:46 - [TEST_STEP][PASSED] - click: Object: 'Object Repository/Final Object Repo/New Registration - Registration Module Pages/Third Screen - Upload Supporting Doc- Preview/Add Document Button' is clicked on

2018-12-12 09:48:46 - [MESSAGE][PASSED] - Object: 'Object Repository/Final Object Repo/New Registration - Registration Module Pages/Third Screen - Upload Supporting Doc- Preview/Add Document Button' is clicked on

2018-12-12 09:48:46 - [TEST_STEP][PASSED] - delay: Delayed 30 second(s)

2018-12-12 09:49:16 - [MESSAGE][PASSED] - Delayed 30 second(s)

2018-12-12 09:49:16 - [TEST_STEP][PASSED] - click: Object: 'Object Repository/Final Object Repo/New Registration - Registration Module Pages/Third Screen - Upload Supporting Doc- Preview/Supporting Doc Please Select Drop Down' is clicked on

2018-12-12 09:49:16 - [MESSAGE][PASSED] - Object: 'Object Repository/Final Object Repo/New Registration - Registration Module Pages/Third Screen - Upload Supporting Doc- Preview/Supporting Doc Please Select Drop Down' is clicked on

2018-12-12 09:49:16 - [TEST_STEP][PASSED] - click: Object: 'Object Repository/Final Object Repo/New Registration - Registration Module Pages/Third Screen - Upload Supporting Doc- Preview/Select to Upload Borang SIP 1' is clicked on

2018-12-12 09:49:16 - [MESSAGE][PASSED] - Object: 'Object Repository/Final Object Repo/New Registration - Registration Module Pages/Third Screen - Upload Supporting Doc- Preview/Select to Upload Borang SIP 1' is clicked on

2018-12-12 09:49:16 - [TEST_STEP][PASSED] - delay: Delayed 2 second(s)

2018-12-12 09:49:18 - [MESSAGE][PASSED] - Delayed 2 second(s)

2018-12-12 09:49:18 - [TEST_STEP][PASSED] - uploadFile: File 'C:\Users\Public\Pictures\Sample Pictures\Koala.jpg' sent to object: 'Object Repository/Final Object Repo/New Registration - Registration Module Pages/Third Screen - Upload Supporting Doc- Preview/Upload File Adding'

2018-12-12 09:49:19 - [MESSAGE][PASSED] - File 'C:\Users\Public\Pictures\Sample Pictures\Koala.jpg' sent to object: 'Object Repository/Final Object Repo/New Registration - Registration Module Pages/Third Screen - Upload Supporting Doc- Preview/Upload File Adding'

2018-12-12 09:49:19 - [TEST_STEP][PASSED] - click: Object: 'Object Repository/Final Object Repo/New Registration - Registration Module Pages/Third Screen - Upload Supporting Doc- Preview/Inner Form Add Document Button' is clicked on

2018-12-12 09:49:19 - [MESSAGE][PASSED] - Object: 'Object Repository/Final Object Repo/New Registration - Registration Module Pages/Third Screen - Upload Supporting Doc- Preview/Inner Form Add Document Button' is clicked on

2018-12-12 09:49:19 - [TEST_STEP][PASSED] - delay: Delayed 5 second(s)

2018-12-12 09:49:24 - [MESSAGE][PASSED] - Delayed 5 second(s)

2018-12-12 09:49:24 - [TEST_STEP][PASSED] - click: Object: 'Object Repository/Final Object Repo/New Registration - Registration Module Pages/Third Screen - Upload Supporting Doc- Preview/Add Document Button' is clicked on

2018-12-12 09:49:24 - [MESSAGE][PASSED] - Object: 'Object Repository/Final Object Repo/New Registration - Registration Module Pages/Third Screen - Upload Supporting Doc- Preview/Add Document Button' is clicked on

2018-12-12 09:49:24 - [TEST_STEP][PASSED] - delay: Delayed 30 second(s)

2018-12-12 09:49:54 - [MESSAGE][PASSED] - Delayed 30 second(s)

2018-12-12 09:49:54 - [TEST_STEP][PASSED] - click: Object: 'Object Repository/Final Object Repo/New Registration - Registration Module Pages/Third Screen - Upload Supporting Doc- Preview/Supporting Doc Please Select Drop Down' is clicked on

2018-12-12 09:49:54 - [MESSAGE][PASSED] - Object: 'Object Repository/Final Object Repo/New Registration - Registration Module Pages/Third Screen - Upload Supporting Doc- Preview/Supporting Doc Please Select Drop Down' is clicked on

2018-12-12 09:49:54 - [TEST_STEP][PASSED] - delay: Delayed 3 second(s)

2018-12-12 09:49:57 - [MESSAGE][PASSED] - Delayed 3 second(s)

2018-12-12 09:49:57 - [TEST_STEP][PASSED] - click: Object: 'Object Repository/Final Object Repo/New Registration - Registration Module Pages/Third Screen - Upload Supporting Doc- Preview/Select to Upload Borang SIP 2' is clicked on

2018-12-12 09:49:57 - [MESSAGE][PASSED] - Object: 'Object Repository/Final Object Repo/New Registration - Registration Module Pages/Third Screen - Upload Supporting Doc- Preview/Select to Upload Borang SIP 2' is clicked on

2018-12-12 09:49:57 - [TEST_STEP][PASSED] - delay: Delayed 2 second(s)

2018-12-12 09:49:59 - [MESSAGE][PASSED] - Delayed 2 second(s)

2018-12-12 09:49:59 - [TEST_STEP][PASSED] - uploadFile: File 'C:\Users\Public\Pictures\Sample Pictures\Koala.jpg' sent to object: 'Object Repository/Final Object Repo/New Registration - Registration Module Pages/Third Screen - Upload Supporting Doc- Preview/Upload File Adding'

2018-12-12 09:49:59 - [MESSAGE][PASSED] - File 'C:\Users\Public\Pictures\Sample Pictures\Koala.jpg' sent to object: 'Object Repository/Final Object Repo/New Registration - Registration Module Pages/Third Screen - Upload Supporting Doc- Preview/Upload File Adding'

2018-12-12 09:49:59 - [TEST_STEP][PASSED] - delay: Delayed 5 second(s)

2018-12-12 09:50:04 - [MESSAGE][PASSED] - Delayed 5 second(s)

2018-12-12 09:50:04 - [TEST_STEP][PASSED] - click: Object: 'Object Repository/Final Object Repo/New Registration - Registration Module Pages/Third Screen - Upload Supporting Doc- Preview/Inner Form Add Document Button' is clicked on

2018-12-12 09:50:05 - [MESSAGE][PASSED] - Object: 'Object Repository/Final Object Repo/New Registration - Registration Module Pages/Third Screen - Upload Supporting Doc- Preview/Inner Form Add Document Button' is clicked on

2018-12-12 09:50:05 - [TEST_STEP][PASSED] - delay: Delayed 3 second(s)

2018-12-12 09:50:08 - [MESSAGE][PASSED] - Delayed 3 second(s)

2018-12-12 09:50:08 - [TEST_STEP][PASSED] - waitForElementClickable: Object 'Object Repository/Final Object Repo/New Registration - Registration Module Pages/Third Screen - Upload Supporting Doc- Preview/Save n Continue in Uploading Supporting Doc Page' is clickable

2018-12-12 09:50:09 - [MESSAGE][PASSED] - Object 'Object Repository/Final Object Repo/New Registration - Registration Module Pages/Third Screen - Upload Supporting Doc- Preview/Save n Continue in Uploading Supporting Doc Page' is clickable

2018-12-12 09:50:09 - [TEST_STEP][PASSED] - click: Object: 'Object Repository/Final Object Repo/New Registration - Registration Module Pages/Third Screen - Upload Supporting Doc- Preview/Save n Continue in Uploading Supporting Doc Page' is clicked on

2018-12-12 09:50:09 - [MESSAGE][PASSED] - Object: 'Object Repository/Final Object Repo/New Registration - Registration Module Pages/Third Screen - Upload Supporting Doc- Preview/Save n Continue in Uploading Supporting Doc Page' is clicked on

2018-12-12 09:50:09 - [MESSAGE][PASSED] - Call Test Case 'Test Cases/Final Aug 2018 - PKS Automation/Registration Module/New Registration/Flow of New Registration/Third Screen - Upload Supporting Doc - Preview' successfully

2018-12-12 09:50:09 - [TEST_STEP][PASSED] - setText: Text 'Tester' is set on object 'Object Repository/Final Object Repo/New Registration - Registration Module Pages/New Reg - OTC to RO/Special Case - All Related Objects/Employer Preview Name'

2018-12-12 09:50:14 - [MESSAGE][PASSED] - Text 'Tester' is set on object 'Object Repository/Final Object Repo/New Registration - Registration Module Pages/New Reg - OTC to RO/Special Case - All Related Objects/Employer Preview Name'

2018-12-12 09:50:14 - [TEST_STEP][PASSED] - click: Object: 'Object Repository/Final Object Repo/New Registration - Registration Module Pages/New Reg - OTC to RO/Special Case - All Related Objects/IC Type Drop Down' is clicked on

2018-12-12 09:50:15 - [MESSAGE][PASSED] - Object: 'Object Repository/Final Object Repo/New Registration - Registration Module Pages/New Reg - OTC to RO/Special Case - All Related Objects/IC Type Drop Down' is clicked on

2018-12-12 09:50:15 - [TEST_STEP][PASSED] - click: Object: 'Object Repository/Final Object Repo/New Registration - Registration Module Pages/New Reg - OTC to RO/Special Case - All Related Objects/Select to NRIC' is clicked on

2018-12-12 09:50:15 - [MESSAGE][PASSED] - Object: 'Object Repository/Final Object Repo/New Registration - Registration Module Pages/New Reg - OTC to RO/Special Case - All Related Objects/Select to NRIC' is clicked on

2018-12-12 09:50:15 - [TEST_STEP][PASSED] - setText: Text '133245561223' is set on object 'Object Repository/Final Object Repo/New Registration - Registration Module Pages/New Reg - OTC to RO/Special Case - All Related Objects/IC Value'

2018-12-12 09:50:15 - [MESSAGE][PASSED] - Text '133245561223' is set on object 'Object Repository/Final Object Repo/New Registration - Registration Module Pages/New Reg - OTC to RO/Special Case - All Related Objects/IC Value'

2018-12-12 09:50:15 - [TEST_STEP][PASSED] - setText: Text 'Auto' is set on object 'Object Repository/Final Object Repo/New Registration - Registration Module Pages/New Reg - OTC to RO/Special Case - All Related Objects/Designation'

2018-12-12 09:50:15 - [MESSAGE][PASSED] - Text 'Auto' is set on object 'Object Repository/Final Object Repo/New Registration - Registration Module Pages/New Reg - OTC to RO/Special Case - All Related Objects/Designation'

2018-12-12 09:50:15 - [TEST_STEP][PASSED] - callTestCase: Call Test Case 'Test Cases/Final Aug 2018 - PKS Automation/Registration Module/New Registration/Submit and Screenshot/Submit Registration and Screenshot - Copy' successfully

2018-12-12 09:50:15 - [TEST_CASE][PASSED] - Test Cases/Final Aug 2018 - PKS Automation/Registration Module/New Registration/Submit and Screenshot/Submit Registration and Screenshot - Copy: Test Cases/Final Aug 2018 - PKS Automation/Registration Module/New Registration/Submit and Screenshot/Submit Registration and Screenshot - Copy

2018-12-12 09:50:15 - [TEST_STEP][PASSED] - delay: Delayed 6 second(s)

2018-12-12 09:50:21 - [MESSAGE][PASSED] - Delayed 6 second(s)

2018-12-12 09:50:21 - [TEST_STEP][PASSED] - click: Object: 'Object Repository/Final Object Repo/New Registration - Registration Module Pages/Third Screen - Upload Supporting Doc- Preview/Preview Submit Button' is clicked on

2018-12-12 09:50:21 - [MESSAGE][PASSED] - Object: 'Object Repository/Final Object Repo/New Registration - Registration Module Pages/Third Screen - Upload Supporting Doc- Preview/Preview Submit Button' is clicked on

2018-12-12 09:50:21 - [TEST_STEP][PASSED] - delay: Delayed 2 second(s)

2018-12-12 09:50:23 - [MESSAGE][PASSED] - Delayed 2 second(s)

2018-12-12 09:50:23 - [TEST_STEP][PASSED] - click: Object: 'Object Repository/Final Object Repo/New Registration - Registration Module Pages/Third Screen - Upload Supporting Doc- Preview/Preview Submit - Confirm' is clicked on

2018-12-12 09:50:24 - [MESSAGE][PASSED] - Object: 'Object Repository/Final Object Repo/New Registration - Registration Module Pages/Third Screen - Upload Supporting Doc- Preview/Preview Submit - Confirm' is clicked on

2018-12-12 09:50:24 - [TEST_STEP][PASSED] - delay: Delayed 15 second(s)

2018-12-12 09:50:39 - [MESSAGE][PASSED] - Delayed 15 second(s)

2018-12-12 09:50:39 - [TEST_STEP][PASSED] - Statement - driver = com.kms.katalon.core.webui.driver.DriverFactory.getWebDriver(): null

2018-12-12 09:50:39 - [TEST_STEP][PASSED] - Statement - driver.manage().timeouts().implicitlyWait(10, SECONDS): null

2018-12-12 09:50:39 - [TEST_STEP][PASSED] - Statement - PresavePath = KatalonScreenshots: null

2018-12-12 09:50:39 - [TEST_STEP][PASSED] - Statement - pathPrefix = "C:\Users\Public\Pictures\Sample Pictures\Katalon Screenshots\Automate Ending Screen": null

2018-12-12 09:50:39 - [TEST_STEP][PASSED] - Statement - finalPath = <not implemented yet for class: org.codehaus.groovy.ast.expr.EmptyExpression>: null

2018-12-12 09:50:39 - [TEST_STEP][PASSED] - Statement - scrFile = driver.getScreenshotAs(FILE): null

2018-12-12 09:50:41 - [TEST_STEP][PASSED] - Statement - PreSaveFile = new java.io.File(PresavePath): null

2018-12-12 09:50:41 - [TEST_STEP][PASSED] - Statement - counter = 0: null

2018-12-12 09:50:41 - [TEST_STEP][PASSED] - Statement - If (PreSaveFile.exists()): null

2018-12-12 09:50:41 - [TEST_STEP][PASSED] - Statement - While (PreSaveFile.exists()): null

2018-12-12 09:50:41 - [TEST_STEP][PASSED] - Statement - counter = counter + 1: null

2018-12-12 09:50:41 - [TEST_STEP][PASSED] - Statement - PreSaveFile = new java.io.File(((pathPrefix + java.lang.Integer.toString(counter)) + .png)): null

2018-12-12 09:50:41 - [TEST_STEP][PASSED] - Statement - counter = counter + 1: null

2018-12-12 09:50:41 - [TEST_STEP][PASSED] - Statement - PreSaveFile = new java.io.File(((pathPrefix + java.lang.Integer.toString(counter)) + .png)): null

2018-12-12 09:50:41 - [TEST_STEP][PASSED] - Statement - counter = counter + 1: null

2018-12-12 09:50:41 - [TEST_STEP][PASSED] - Statement - PreSaveFile = new java.io.File(((pathPrefix + java.lang.Integer.toString(counter)) + .png)): null

2018-12-12 09:50:41 - [TEST_STEP][PASSED] - Statement - counter = counter + 1: null

2018-12-12 09:50:41 - [TEST_STEP][PASSED] - Statement - PreSaveFile = new java.io.File(((pathPrefix + java.lang.Integer.toString(counter)) + .png)): null

2018-12-12 09:50:41 - [TEST_STEP][PASSED] - Statement - counter = counter + 1: null

2018-12-12 09:50:41 - [TEST_STEP][PASSED] - Statement - PreSaveFile = new java.io.File(((pathPrefix + java.lang.Integer.toString(counter)) + .png)): null

2018-12-12 09:50:41 - [TEST_STEP][PASSED] - Statement - counter = counter + 1: null

2018-12-12 09:50:41 - [TEST_STEP][PASSED] - Statement - PreSaveFile = new java.io.File(((pathPrefix + java.lang.Integer.toString(counter)) + .png)): null

2018-12-12 09:50:41 - [TEST_STEP][PASSED] - Statement - counter = counter + 1: null

2018-12-12 09:50:41 - [TEST_STEP][PASSED] - Statement - PreSaveFile = new java.io.File(((pathPrefix + java.lang.Integer.toString(counter)) + .png)): null

2018-12-12 09:50:41 - [TEST_STEP][PASSED] - Statement - counter = counter + 1: null

2018-12-12 09:50:41 - [TEST_STEP][PASSED] - Statement - PreSaveFile = new java.io.File(((pathPrefix + java.lang.Integer.toString(counter)) + .png)): null

2018-12-12 09:50:41 - [TEST_STEP][PASSED] - Statement - counter = counter + 1: null

2018-12-12 09:50:41 - [TEST_STEP][PASSED] - Statement - PreSaveFile = new java.io.File(((pathPrefix + java.lang.Integer.toString(counter)) + .png)): null

2018-12-12 09:50:41 - [TEST_STEP][PASSED] - Statement - counter = counter + 1: null

2018-12-12 09:50:41 - [TEST_STEP][PASSED] - Statement - PreSaveFile = new java.io.File(((pathPrefix + java.lang.Integer.toString(counter)) + .png)): null

2018-12-12 09:50:41 - [TEST_STEP][PASSED] - Statement - counter = counter + 1: null

2018-12-12 09:50:41 - [TEST_STEP][PASSED] - Statement - PreSaveFile = new java.io.File(((pathPrefix + java.lang.Integer.toString(counter)) + .png)): null

2018-12-12 09:50:41 - [TEST_STEP][PASSED] - Statement - counter = counter + 1: null

2018-12-12 09:50:41 - [TEST_STEP][PASSED] - Statement - PreSaveFile = new java.io.File(((pathPrefix + java.lang.Integer.toString(counter)) + .png)): null

2018-12-12 09:50:41 - [TEST_STEP][PASSED] - Statement - counter = counter + 1: null

2018-12-12 09:50:41 - [TEST_STEP][PASSED] - Statement - PreSaveFile = new java.io.File(((pathPrefix + java.lang.Integer.toString(counter)) + .png)): null

2018-12-12 09:50:41 - [TEST_STEP][PASSED] - Statement - counter = counter + 1: null

2018-12-12 09:50:41 - [TEST_STEP][PASSED] - Statement - PreSaveFile = new java.io.File(((pathPrefix + java.lang.Integer.toString(counter)) + .png)): null

2018-12-12 09:50:41 - [TEST_STEP][PASSED] - Statement - counter = counter + 1: null

2018-12-12 09:50:41 - [TEST_STEP][PASSED] - Statement - PreSaveFile = new java.io.File(((pathPrefix + java.lang.Integer.toString(counter)) + .png)): null

2018-12-12 09:50:41 - [TEST_STEP][PASSED] - Statement - counter = counter + 1: null

2018-12-12 09:50:41 - [TEST_STEP][PASSED] - Statement - PreSaveFile = new java.io.File(((pathPrefix + java.lang.Integer.toString(counter)) + .png)): null

2018-12-12 09:50:41 - [TEST_STEP][PASSED] - Statement - counter = counter + 1: null

2018-12-12 09:50:41 - [TEST_STEP][PASSED] - Statement - PreSaveFile = new java.io.File(((pathPrefix + java.lang.Integer.toString(counter)) + .png)): null

2018-12-12 09:50:41 - [TEST_STEP][PASSED] - Statement - counter = counter + 1: null

2018-12-12 09:50:41 - [TEST_STEP][PASSED] - Statement - PreSaveFile = new java.io.File(((pathPrefix + java.lang.Integer.toString(counter)) + .png)): null

2018-12-12 09:50:41 - [TEST_STEP][PASSED] - Statement - counter = counter + 1: null

2018-12-12 09:50:41 - [TEST_STEP][PASSED] - Statement - PreSaveFile = new java.io.File(((pathPrefix + java.lang.Integer.toString(counter)) + .png)): null

2018-12-12 09:50:41 - [TEST_STEP][PASSED] - Statement - counter = counter + 1: null

2018-12-12 09:50:41 - [TEST_STEP][PASSED] - Statement - PreSaveFile = new java.io.File(((pathPrefix + java.lang.Integer.toString(counter)) + .png)): null

2018-12-12 09:50:41 - [TEST_STEP][PASSED] - Statement - counter = counter + 1: null

2018-12-12 09:50:41 - [TEST_STEP][PASSED] - Statement - PreSaveFile = new java.io.File(((pathPrefix + java.lang.Integer.toString(counter)) + .png)): null

2018-12-12 09:50:41 - [TEST_STEP][PASSED] - Statement - counter = counter + 1: null

2018-12-12 09:50:41 - [TEST_STEP][PASSED] - Statement - PreSaveFile = new java.io.File(((pathPrefix + java.lang.Integer.toString(counter)) + .png)): null

2018-12-12 09:50:41 - [TEST_STEP][PASSED] - Statement - counter = counter + 1: null

2018-12-12 09:50:41 - [TEST_STEP][PASSED] - Statement - PreSaveFile = new java.io.File(((pathPrefix + java.lang.Integer.toString(counter)) + .png)): null

2018-12-12 09:50:41 - [TEST_STEP][PASSED] - Statement - counter = counter + 1: null

2018-12-12 09:50:41 - [TEST_STEP][PASSED] - Statement - PreSaveFile = new java.io.File(((pathPrefix + java.lang.Integer.toString(counter)) + .png)): null

2018-12-12 09:50:41 - [TEST_STEP][PASSED] - Statement - counter = counter + 1: null

2018-12-12 09:50:41 - [TEST_STEP][PASSED] - Statement - PreSaveFile = new java.io.File(((pathPrefix + java.lang.Integer.toString(counter)) + .png)): null

2018-12-12 09:50:41 - [TEST_STEP][PASSED] - Statement - counter = counter + 1: null

2018-12-12 09:50:41 - [TEST_STEP][PASSED] - Statement - PreSaveFile = new java.io.File(((pathPrefix + java.lang.Integer.toString(counter)) + .png)): null

2018-12-12 09:50:41 - [TEST_STEP][PASSED] - Statement - counter = counter + 1: null

2018-12-12 09:50:41 - [TEST_STEP][PASSED] - Statement - PreSaveFile = new java.io.File(((pathPrefix + java.lang.Integer.toString(counter)) + .png)): null

2018-12-12 09:50:41 - [TEST_STEP][PASSED] - Statement - counter = counter + 1: null

2018-12-12 09:50:41 - [TEST_STEP][PASSED] - Statement - PreSaveFile = new java.io.File(((pathPrefix + java.lang.Integer.toString(counter)) + .png)): null

2018-12-12 09:50:41 - [TEST_STEP][PASSED] - Statement - counter = counter + 1: null

2018-12-12 09:50:41 - [TEST_STEP][PASSED] - Statement - PreSaveFile = new java.io.File(((pathPrefix + java.lang.Integer.toString(counter)) + .png)): null

2018-12-12 09:50:41 - [TEST_STEP][PASSED] - Statement - counter = counter + 1: null

2018-12-12 09:50:41 - [TEST_STEP][PASSED] - Statement - PreSaveFile = new java.io.File(((pathPrefix + java.lang.Integer.toString(counter)) + .png)): null

2018-12-12 09:50:41 - [TEST_STEP][PASSED] - Statement - counter = counter + 1: null

2018-12-12 09:50:41 - [TEST_STEP][PASSED] - Statement - PreSaveFile = new java.io.File(((pathPrefix + java.lang.Integer.toString(counter)) + .png)): null

2018-12-12 09:50:41 - [TEST_STEP][PASSED] - Statement - counter = counter + 1: null

2018-12-12 09:50:41 - [TEST_STEP][PASSED] - Statement - PreSaveFile = new java.io.File(((pathPrefix + java.lang.Integer.toString(counter)) + .png)): null

2018-12-12 09:50:41 - [TEST_STEP][PASSED] - Statement - counter = counter + 1: null

2018-12-12 09:50:41 - [TEST_STEP][PASSED] - Statement - PreSaveFile = new java.io.File(((pathPrefix + java.lang.Integer.toString(counter)) + .png)): null

2018-12-12 09:50:41 - [TEST_STEP][PASSED] - Statement - counter = counter + 1: null

2018-12-12 09:50:41 - [TEST_STEP][PASSED] - Statement - PreSaveFile = new java.io.File(((pathPrefix + java.lang.Integer.toString(counter)) + .png)): null

2018-12-12 09:50:41 - [TEST_STEP][PASSED] - Statement - counter = counter + 1: null

2018-12-12 09:50:41 - [TEST_STEP][PASSED] - Statement - PreSaveFile = new java.io.File(((pathPrefix + java.lang.Integer.toString(counter)) + .png)): null

2018-12-12 09:50:41 - [TEST_STEP][PASSED] - Statement - counter = counter + 1: null

2018-12-12 09:50:41 - [TEST_STEP][PASSED] - Statement - PreSaveFile = new java.io.File(((pathPrefix + java.lang.Integer.toString(counter)) + .png)): null

2018-12-12 09:50:41 - [TEST_STEP][PASSED] - Statement - counter = counter + 1: null

2018-12-12 09:50:41 - [TEST_STEP][PASSED] - Statement - PreSaveFile = new java.io.File(((pathPrefix + java.lang.Integer.toString(counter)) + .png)): null

2018-12-12 09:50:41 - [TEST_STEP][PASSED] - Statement - counter = counter + 1: null

2018-12-12 09:50:41 - [TEST_STEP][PASSED] - Statement - PreSaveFile = new java.io.File(((pathPrefix + java.lang.Integer.toString(counter)) + .png)): null

2018-12-12 09:50:41 - [TEST_STEP][PASSED] - Statement - counter = counter + 1: null

2018-12-12 09:50:41 - [TEST_STEP][PASSED] - Statement - PreSaveFile = new java.io.File(((pathPrefix + java.lang.Integer.toString(counter)) + .png)): null

2018-12-12 09:50:41 - [TEST_STEP][PASSED] - Statement - counter = counter + 1: null

2018-12-12 09:50:41 - [TEST_STEP][PASSED] - Statement - PreSaveFile = new java.io.File(((pathPrefix + java.lang.Integer.toString(counter)) + .png)): null

2018-12-12 09:50:41 - [TEST_STEP][PASSED] - Statement - counter = counter + 1: null

2018-12-12 09:50:41 - [TEST_STEP][PASSED] - Statement - PreSaveFile = new java.io.File(((pathPrefix + java.lang.Integer.toString(counter)) + .png)): null

2018-12-12 09:50:41 - [TEST_STEP][PASSED] - Statement - counter = counter + 1: null

2018-12-12 09:50:41 - [TEST_STEP][PASSED] - Statement - PreSaveFile = new java.io.File(((pathPrefix + java.lang.Integer.toString(counter)) + .png)): null

2018-12-12 09:50:41 - [TEST_STEP][PASSED] - Statement - counter = counter + 1: null

2018-12-12 09:50:41 - [TEST_STEP][PASSED] - Statement - PreSaveFile = new java.io.File(((pathPrefix + java.lang.Integer.toString(counter)) + .png)): null

2018-12-12 09:50:41 - [TEST_STEP][PASSED] - Statement - counter = counter + 1: null

2018-12-12 09:50:41 - [TEST_STEP][PASSED] - Statement - PreSaveFile = new java.io.File(((pathPrefix + java.lang.Integer.toString(counter)) + .png)): null

2018-12-12 09:50:41 - [TEST_STEP][PASSED] - Statement - counter = counter + 1: null

2018-12-12 09:50:41 - [TEST_STEP][PASSED] - Statement - PreSaveFile = new java.io.File(((pathPrefix + java.lang.Integer.toString(counter)) + .png)): null

2018-12-12 09:50:41 - [TEST_STEP][PASSED] - Statement - counter = counter + 1: null

2018-12-12 09:50:41 - [TEST_STEP][PASSED] - Statement - PreSaveFile = new java.io.File(((pathPrefix + java.lang.Integer.toString(counter)) + .png)): null

2018-12-12 09:50:41 - [TEST_STEP][PASSED] - Statement - counter = counter + 1: null

2018-12-12 09:50:41 - [TEST_STEP][PASSED] - Statement - PreSaveFile = new java.io.File(((pathPrefix + java.lang.Integer.toString(counter)) + .png)): null

2018-12-12 09:50:41 - [TEST_STEP][PASSED] - Statement - counter = counter + 1: null

2018-12-12 09:50:41 - [TEST_STEP][PASSED] - Statement - PreSaveFile = new java.io.File(((pathPrefix + java.lang.Integer.toString(counter)) + .png)): null

2018-12-12 09:50:41 - [TEST_STEP][PASSED] - Statement - counter = counter + 1: null

2018-12-12 09:50:41 - [TEST_STEP][PASSED] - Statement - PreSaveFile = new java.io.File(((pathPrefix + java.lang.Integer.toString(counter)) + .png)): null

2018-12-12 09:50:41 - [TEST_STEP][PASSED] - Statement - counter = counter + 1: null

2018-12-12 09:50:41 - [TEST_STEP][PASSED] - Statement - PreSaveFile = new java.io.File(((pathPrefix + java.lang.Integer.toString(counter)) + .png)): null

2018-12-12 09:50:41 - [TEST_STEP][PASSED] - Statement - counter = counter + 1: null

2018-12-12 09:50:41 - [TEST_STEP][PASSED] - Statement - PreSaveFile = new java.io.File(((pathPrefix + java.lang.Integer.toString(counter)) + .png)): null

2018-12-12 09:50:41 - [TEST_STEP][PASSED] - Statement - counter = counter + 1: null

2018-12-12 09:50:41 - [TEST_STEP][PASSED] - Statement - PreSaveFile = new java.io.File(((pathPrefix + java.lang.Integer.toString(counter)) + .png)): null

2018-12-12 09:50:41 - [TEST_STEP][PASSED] - Statement - counter = counter + 1: null

2018-12-12 09:50:41 - [TEST_STEP][PASSED] - Statement - PreSaveFile = new java.io.File(((pathPrefix + java.lang.Integer.toString(counter)) + .png)): null

2018-12-12 09:50:41 - [TEST_STEP][PASSED] - Statement - counter = counter + 1: null

2018-12-12 09:50:41 - [TEST_STEP][PASSED] - Statement - PreSaveFile = new java.io.File(((pathPrefix + java.lang.Integer.toString(counter)) + .png)): null

2018-12-12 09:50:41 - [TEST_STEP][PASSED] - Statement - counter = counter + 1: null

2018-12-12 09:50:41 - [TEST_STEP][PASSED] - Statement - PreSaveFile = new java.io.File(((pathPrefix + java.lang.Integer.toString(counter)) + .png)): null

2018-12-12 09:50:41 - [TEST_STEP][PASSED] - Statement - counter = counter + 1: null

2018-12-12 09:50:41 - [TEST_STEP][PASSED] - Statement - PreSaveFile = new java.io.File(((pathPrefix + java.lang.Integer.toString(counter)) + .png)): null

2018-12-12 09:50:41 - [TEST_STEP][PASSED] - Statement - counter = counter + 1: null

2018-12-12 09:50:41 - [TEST_STEP][PASSED] - Statement - PreSaveFile = new java.io.File(((pathPrefix + java.lang.Integer.toString(counter)) + .png)): null

2018-12-12 09:50:41 - [TEST_STEP][PASSED] - Statement - counter = counter + 1: null

2018-12-12 09:50:41 - [TEST_STEP][PASSED] - Statement - PreSaveFile = new java.io.File(((pathPrefix + java.lang.Integer.toString(counter)) + .png)): null

2018-12-12 09:50:41 - [TEST_STEP][PASSED] - Statement - counter = counter + 1: null

2018-12-12 09:50:41 - [TEST_STEP][PASSED] - Statement - PreSaveFile = new java.io.File(((pathPrefix + java.lang.Integer.toString(counter)) + .png)): null

2018-12-12 09:50:41 - [TEST_STEP][PASSED] - Statement - counter = counter + 1: null

2018-12-12 09:50:41 - [TEST_STEP][PASSED] - Statement - PreSaveFile = new java.io.File(((pathPrefix + java.lang.Integer.toString(counter)) + .png)): null

2018-12-12 09:50:41 - [TEST_STEP][PASSED] - Statement - counter = counter + 1: null

2018-12-12 09:50:41 - [TEST_STEP][PASSED] - Statement - PreSaveFile = new java.io.File(((pathPrefix + java.lang.Integer.toString(counter)) + .png)): null

2018-12-12 09:50:41 - [TEST_STEP][PASSED] - Statement - counter = counter + 1: null

2018-12-12 09:50:41 - [TEST_STEP][PASSED] - Statement - PreSaveFile = new java.io.File(((pathPrefix + java.lang.Integer.toString(counter)) + .png)): null

2018-12-12 09:50:41 - [TEST_STEP][PASSED] - Statement - counter = counter + 1: null

2018-12-12 09:50:41 - [TEST_STEP][PASSED] - Statement - PreSaveFile = new java.io.File(((pathPrefix + java.lang.Integer.toString(counter)) + .png)): null

2018-12-12 09:50:41 - [TEST_STEP][PASSED] - Statement - counter = counter + 1: null

2018-12-12 09:50:41 - [TEST_STEP][PASSED] - Statement - PreSaveFile = new java.io.File(((pathPrefix + java.lang.Integer.toString(counter)) + .png)): null

2018-12-12 09:50:41 - [TEST_STEP][PASSED] - Statement - counter = counter + 1: null

2018-12-12 09:50:41 - [TEST_STEP][PASSED] - Statement - PreSaveFile = new java.io.File(((pathPrefix + java.lang.Integer.toString(counter)) + .png)): null

2018-12-12 09:50:41 - [TEST_STEP][PASSED] - Statement - counter = counter + 1: null

2018-12-12 09:50:41 - [TEST_STEP][PASSED] - Statement - PreSaveFile = new java.io.File(((pathPrefix + java.lang.Integer.toString(counter)) + .png)): null

2018-12-12 09:50:41 - [TEST_STEP][PASSED] - Statement - counter = counter + 1: null

2018-12-12 09:50:41 - [TEST_STEP][PASSED] - Statement - PreSaveFile = new java.io.File(((pathPrefix + java.lang.Integer.toString(counter)) + .png)): null

2018-12-12 09:50:41 - [TEST_STEP][PASSED] - Statement - counter = counter + 1: null

2018-12-12 09:50:41 - [TEST_STEP][PASSED] - Statement - PreSaveFile = new java.io.File(((pathPrefix + java.lang.Integer.toString(counter)) + .png)): null

2018-12-12 09:50:41 - [TEST_STEP][PASSED] - Statement - counter = counter + 1: null

2018-12-12 09:50:41 - [TEST_STEP][PASSED] - Statement - PreSaveFile = new java.io.File(((pathPrefix + java.lang.Integer.toString(counter)) + .png)): null

2018-12-12 09:50:41 - [TEST_STEP][PASSED] - Statement - counter = counter + 1: null

2018-12-12 09:50:41 - [TEST_STEP][PASSED] - Statement - PreSaveFile = new java.io.File(((pathPrefix + java.lang.Integer.toString(counter)) + .png)): null

2018-12-12 09:50:41 - [TEST_STEP][PASSED] - Statement - counter = counter + 1: null

2018-12-12 09:50:41 - [TEST_STEP][PASSED] - Statement - PreSaveFile = new java.io.File(((pathPrefix + java.lang.Integer.toString(counter)) + .png)): null

2018-12-12 09:50:41 - [TEST_STEP][PASSED] - Statement - counter = counter + 1: null

2018-12-12 09:50:41 - [TEST_STEP][PASSED] - Statement - PreSaveFile = new java.io.File(((pathPrefix + java.lang.Integer.toString(counter)) + .png)): null

2018-12-12 09:50:41 - [TEST_STEP][PASSED] - Statement - counter = counter + 1: null

2018-12-12 09:50:41 - [TEST_STEP][PASSED] - Statement - PreSaveFile = new java.io.File(((pathPrefix + java.lang.Integer.toString(counter)) + .png)): null

2018-12-12 09:50:41 - [TEST_STEP][PASSED] - Statement - counter = counter + 1: null

2018-12-12 09:50:41 - [TEST_STEP][PASSED] - Statement - PreSaveFile = new java.io.File(((pathPrefix + java.lang.Integer.toString(counter)) + .png)): null

2018-12-12 09:50:41 - [TEST_STEP][PASSED] - Statement - counter = counter + 1: null

2018-12-12 09:50:41 - [TEST_STEP][PASSED] - Statement - PreSaveFile = new java.io.File(((pathPrefix + java.lang.Integer.toString(counter)) + .png)): null

2018-12-12 09:50:41 - [TEST_STEP][PASSED] - Statement - counter = counter + 1: null

2018-12-12 09:50:41 - [TEST_STEP][PASSED] - Statement - PreSaveFile = new java.io.File(((pathPrefix + java.lang.Integer.toString(counter)) + .png)): null

2018-12-12 09:50:41 - [TEST_STEP][PASSED] - Statement - counter = counter + 1: null

2018-12-12 09:50:41 - [TEST_STEP][PASSED] - Statement - PreSaveFile = new java.io.File(((pathPrefix + java.lang.Integer.toString(counter)) + .png)): null

2018-12-12 09:50:41 - [TEST_STEP][PASSED] - Statement - counter = counter + 1: null

2018-12-12 09:50:41 - [TEST_STEP][PASSED] - Statement - PreSaveFile = new java.io.File(((pathPrefix + java.lang.Integer.toString(counter)) + .png)): null

2018-12-12 09:50:41 - [TEST_STEP][PASSED] - Statement - counter = counter + 1: null

2018-12-12 09:50:41 - [TEST_STEP][PASSED] - Statement - PreSaveFile = new java.io.File(((pathPrefix + java.lang.Integer.toString(counter)) + .png)): null

2018-12-12 09:50:41 - [TEST_STEP][PASSED] - Statement - counter = counter + 1: null

2018-12-12 09:50:41 - [TEST_STEP][PASSED] - Statement - PreSaveFile = new java.io.File(((pathPrefix + java.lang.Integer.toString(counter)) + .png)): null

2018-12-12 09:50:41 - [TEST_STEP][PASSED] - Statement - counter = counter + 1: null

2018-12-12 09:50:41 - [TEST_STEP][PASSED] - Statement - PreSaveFile = new java.io.File(((pathPrefix + java.lang.Integer.toString(counter)) + .png)): null

2018-12-12 09:50:41 - [TEST_STEP][PASSED] - Statement - counter = counter + 1: null

2018-12-12 09:50:41 - [TEST_STEP][PASSED] - Statement - PreSaveFile = new java.io.File(((pathPrefix + java.lang.Integer.toString(counter)) + .png)): null

2018-12-12 09:50:41 - [TEST_STEP][PASSED] - Statement - counter = counter + 1: null

2018-12-12 09:50:41 - [TEST_STEP][PASSED] - Statement - PreSaveFile = new java.io.File(((pathPrefix + java.lang.Integer.toString(counter)) + .png)): null

2018-12-12 09:50:41 - [TEST_STEP][PASSED] - Statement - counter = counter + 1: null

2018-12-12 09:50:41 - [TEST_STEP][PASSED] - Statement - PreSaveFile = new java.io.File(((pathPrefix + java.lang.Integer.toString(counter)) + .png)): null

2018-12-12 09:50:41 - [TEST_STEP][PASSED] - Statement - counter = counter + 1: null

2018-12-12 09:50:41 - [TEST_STEP][PASSED] - Statement - PreSaveFile = new java.io.File(((pathPrefix + java.lang.Integer.toString(counter)) + .png)): null

2018-12-12 09:50:41 - [TEST_STEP][PASSED] - Statement - counter = counter + 1: null

2018-12-12 09:50:41 - [TEST_STEP][PASSED] - Statement - PreSaveFile = new java.io.File(((pathPrefix + java.lang.Integer.toString(counter)) + .png)): null

2018-12-12 09:50:41 - [TEST_STEP][PASSED] - Statement - counter = counter + 1: null

2018-12-12 09:50:41 - [TEST_STEP][PASSED] - Statement - PreSaveFile = new java.io.File(((pathPrefix + java.lang.Integer.toString(counter)) + .png)): null

2018-12-12 09:50:41 - [TEST_STEP][PASSED] - Statement - counter = counter + 1: null

2018-12-12 09:50:41 - [TEST_STEP][PASSED] - Statement - PreSaveFile = new java.io.File(((pathPrefix + java.lang.Integer.toString(counter)) + .png)): null

2018-12-12 09:50:41 - [TEST_STEP][PASSED] - Statement - counter = counter + 1: null

2018-12-12 09:50:41 - [TEST_STEP][PASSED] - Statement - PreSaveFile = new java.io.File(((pathPrefix + java.lang.Integer.toString(counter)) + .png)): null

2018-12-12 09:50:41 - [TEST_STEP][PASSED] - Statement - counter = counter + 1: null

2018-12-12 09:50:41 - [TEST_STEP][PASSED] - Statement - PreSaveFile = new java.io.File(((pathPrefix + java.lang.Integer.toString(counter)) + .png)): null

2018-12-12 09:50:41 - [TEST_STEP][PASSED] - Statement - counter = counter + 1: null

2018-12-12 09:50:41 - [TEST_STEP][PASSED] - Statement - PreSaveFile = new java.io.File(((pathPrefix + java.lang.Integer.toString(counter)) + .png)): null

2018-12-12 09:50:41 - [TEST_STEP][PASSED] - Statement - counter = counter + 1: null

2018-12-12 09:50:41 - [TEST_STEP][PASSED] - Statement - PreSaveFile = new java.io.File(((pathPrefix + java.lang.Integer.toString(counter)) + .png)): null

2018-12-12 09:50:41 - [TEST_STEP][PASSED] - Statement - counter = counter + 1: null

2018-12-12 09:50:41 - [TEST_STEP][PASSED] - Statement - PreSaveFile = new java.io.File(((pathPrefix + java.lang.Integer.toString(counter)) + .png)): null

2018-12-12 09:50:41 - [TEST_STEP][PASSED] - Statement - counter = counter + 1: null

2018-12-12 09:50:41 - [TEST_STEP][PASSED] - Statement - PreSaveFile = new java.io.File(((pathPrefix + java.lang.Integer.toString(counter)) + .png)): null

2018-12-12 09:50:41 - [TEST_STEP][PASSED] - Statement - counter = counter + 1: null

2018-12-12 09:50:41 - [TEST_STEP][PASSED] - Statement - PreSaveFile = new java.io.File(((pathPrefix + java.lang.Integer.toString(counter)) + .png)): null

2018-12-12 09:50:41 - [TEST_STEP][PASSED] - Statement - counter = counter + 1: null

2018-12-12 09:50:41 - [TEST_STEP][PASSED] - Statement - PreSaveFile = new java.io.File(((pathPrefix + java.lang.Integer.toString(counter)) + .png)): null

2018-12-12 09:50:41 - [TEST_STEP][PASSED] - Statement - counter = counter + 1: null

2018-12-12 09:50:41 - [TEST_STEP][PASSED] - Statement - PreSaveFile = new java.io.File(((pathPrefix + java.lang.Integer.toString(counter)) + .png)): null

2018-12-12 09:50:41 - [TEST_STEP][PASSED] - Statement - counter = counter + 1: null

2018-12-12 09:50:41 - [TEST_STEP][PASSED] - Statement - PreSaveFile = new java.io.File(((pathPrefix + java.lang.Integer.toString(counter)) + .png)): null

2018-12-12 09:50:41 - [TEST_STEP][PASSED] - Statement - counter = counter + 1: null

2018-12-12 09:50:41 - [TEST_STEP][PASSED] - Statement - PreSaveFile = new java.io.File(((pathPrefix + java.lang.Integer.toString(counter)) + .png)): null

2018-12-12 09:50:41 - [TEST_STEP][PASSED] - Statement - counter = counter + 1: null

2018-12-12 09:50:41 - [TEST_STEP][PASSED] - Statement - PreSaveFile = new java.io.File(((pathPrefix + java.lang.Integer.toString(counter)) + .png)): null

2018-12-12 09:50:41 - [TEST_STEP][PASSED] - Statement - counter = counter + 1: null

2018-12-12 09:50:41 - [TEST_STEP][PASSED] - Statement - PreSaveFile = new java.io.File(((pathPrefix + java.lang.Integer.toString(counter)) + .png)): null

2018-12-12 09:50:41 - [TEST_STEP][PASSED] - Statement - counter = counter + 1: null

2018-12-12 09:50:41 - [TEST_STEP][PASSED] - Statement - PreSaveFile = new java.io.File(((pathPrefix + java.lang.Integer.toString(counter)) + .png)): null

2018-12-12 09:50:41 - [TEST_STEP][PASSED] - Statement - counter = counter + 1: null

2018-12-12 09:50:41 - [TEST_STEP][PASSED] - Statement - PreSaveFile = new java.io.File(((pathPrefix + java.lang.Integer.toString(counter)) + .png)): null

2018-12-12 09:50:41 - [TEST_STEP][PASSED] - Statement - counter = counter + 1: null

2018-12-12 09:50:41 - [TEST_STEP][PASSED] - Statement - PreSaveFile = new java.io.File(((pathPrefix + java.lang.Integer.toString(counter)) + .png)): null

2018-12-12 09:50:41 - [TEST_STEP][PASSED] - Statement - counter = counter + 1: null

2018-12-12 09:50:41 - [TEST_STEP][PASSED] - Statement - PreSaveFile = new java.io.File(((pathPrefix + java.lang.Integer.toString(counter)) + .png)): null

2018-12-12 09:50:41 - [TEST_STEP][PASSED] - Statement - counter = counter + 1: null

2018-12-12 09:50:41 - [TEST_STEP][PASSED] - Statement - PreSaveFile = new java.io.File(((pathPrefix + java.lang.Integer.toString(counter)) + .png)): null

2018-12-12 09:50:41 - [TEST_STEP][PASSED] - Statement - counter = counter + 1: null

2018-12-12 09:50:41 - [TEST_STEP][PASSED] - Statement - PreSaveFile = new java.io.File(((pathPrefix + java.lang.Integer.toString(counter)) + .png)): null

2018-12-12 09:50:41 - [TEST_STEP][PASSED] - Statement - counter = counter + 1: null

2018-12-12 09:50:41 - [TEST_STEP][PASSED] - Statement - PreSaveFile = new java.io.File(((pathPrefix + java.lang.Integer.toString(counter)) + .png)): null

2018-12-12 09:50:41 - [TEST_STEP][PASSED] - Statement - counter = counter + 1: null

2018-12-12 09:50:41 - [TEST_STEP][PASSED] - Statement - PreSaveFile = new java.io.File(((pathPrefix + java.lang.Integer.toString(counter)) + .png)): null

2018-12-12 09:50:41 - [TEST_STEP][PASSED] - Statement - counter = counter + 1: null

2018-12-12 09:50:41 - [TEST_STEP][PASSED] - Statement - PreSaveFile = new java.io.File(((pathPrefix + java.lang.Integer.toString(counter)) + .png)): null

2018-12-12 09:50:41 - [TEST_STEP][PASSED] - Statement - counter = counter + 1: null

2018-12-12 09:50:41 - [TEST_STEP][PASSED] - Statement - PreSaveFile = new java.io.File(((pathPrefix + java.lang.Integer.toString(counter)) + .png)): null

2018-12-12 09:50:41 - [TEST_STEP][PASSED] - Statement - counter = counter + 1: null

2018-12-12 09:50:41 - [TEST_STEP][PASSED] - Statement - PreSaveFile = new java.io.File(((pathPrefix + java.lang.Integer.toString(counter)) + .png)): null

2018-12-12 09:50:41 - [TEST_STEP][PASSED] - Statement - counter = counter + 1: null

2018-12-12 09:50:41 - [TEST_STEP][PASSED] - Statement - PreSaveFile = new java.io.File(((pathPrefix + java.lang.Integer.toString(counter)) + .png)): null

2018-12-12 09:50:41 - [TEST_STEP][PASSED] - Statement - counter = counter + 1: null

2018-12-12 09:50:41 - [TEST_STEP][PASSED] - Statement - PreSaveFile = new java.io.File(((pathPrefix + java.lang.Integer.toString(counter)) + .png)): null

2018-12-12 09:50:41 - [TEST_STEP][PASSED] - Statement - counter = counter + 1: null

2018-12-12 09:50:41 - [TEST_STEP][PASSED] - Statement - PreSaveFile = new java.io.File(((pathPrefix + java.lang.Integer.toString(counter)) + .png)): null

2018-12-12 09:50:41 - [TEST_STEP][PASSED] - Statement - finalPath = pathPrefix + java.lang.Integer.toString(counter) + ".png": null

2018-12-12 09:50:41 - [TEST_STEP][PASSED] - Statement - SaveFile = new java.io.File(finalPath): null

2018-12-12 09:50:41 - [TEST_STEP][PASSED] - Statement - Try: null

2018-12-12 09:50:41 - [TEST_STEP][PASSED] - Statement - org.apache.commons.io.FileUtils.copyFile(scrFile, SaveFile): null

2018-12-12 09:50:41 - [TEST_STEP][PASSED] - Statement - out.println("file kept"): null

2018-12-12 09:50:41 - [TEST_STEP][PASSED] - delay: Delayed 10 second(s)

2018-12-12 09:50:51 - [MESSAGE][PASSED] - Delayed 10 second(s)

2018-12-12 09:50:51 - [MESSAGE][PASSED] - Call Test Case 'Test Cases/Final Aug 2018 - PKS Automation/Registration Module/New Registration/Submit and Screenshot/Submit Registration and Screenshot - Copy' successfully

2018-12-12 09:50:51 - [TEST_STEP][PASSED] - Statement - UpdateAddNewECode = com.kms.katalon.core.webui.keyword.WebUiBuiltInKeywords.getText(com.kms.katalon.core.testobject.ObjectRepository.findTestObject(Object Repository/Final Object Repo/Page_Update Add New Employee - ASSIST/getEmpCode)): Text of object 'Object Repository/Final Object Repo/Page_Update Add New Employee - ASSIST/getEmpCode' is: 'E1102070770B'

2018-12-12 09:50:51 - [MESSAGE][PASSED] - Text of object 'Object Repository/Final Object Repo/Page_Update Add New Employee - ASSIST/getEmpCode' is: 'E1102070770B'

2018-12-12 09:50:51 - [TEST_STEP][PASSED] - callTestCase: Call Test Case 'Test Cases/Final Aug 2018 - PKS Automation/Common/Emp Code Setter' successfully

2018-12-12 09:50:51 - [TEST_CASE][PASSED] - Test Cases/Final Aug 2018 - PKS Automation/Common/Emp Code Setter: Test Cases/Final Aug 2018 - PKS Automation/Common/Emp Code Setter

2018-12-12 09:50:51 - [TEST_STEP][PASSED] - Statement - EmpCodeOld = new java.io.File(C://Users//Admin//Desktop//PKS//Automation Reference Point//EmpCode.txt): null

2018-12-12 09:50:51 - [TEST_STEP][PASSED] - Statement - EmpCodeOld.delete(): null

2018-12-12 09:50:51 - [TEST_STEP][PASSED] - Statement - EmpCode = new java.io.File(C://Users//Admin//Desktop//PKS//Automation Reference Point//EmpCode.txt): null

2018-12-12 09:50:51 - [TEST_STEP][PASSED] - Statement - f2 = new java.io.FileWriter(EmpCode, false): null

2018-12-12 09:50:51 - [TEST_STEP][PASSED] - Statement - f2.write(UpdateAddNewECode): null

2018-12-12 09:50:51 - [TEST_STEP][PASSED] - Statement - f2.close(): null

2018-12-12 09:50:51 - [TEST_STEP][PASSED] - Statement - out.println("


" + UpdateAddNewECode + "


"): null

2018-12-12 09:50:51 - [MESSAGE][PASSED] - Call Test Case 'Test Cases/Final Aug 2018 - PKS Automation/Common/Emp Code Setter' successfully

2018-12-12 09:50:51 - [MESSAGE][PASSED] - Call Test Case 'Test Cases/Final Aug 2018 - PKS Automation/Registration Module/Workflow/Update Add New Employee/Template/New Company for Update Add New - Employer' successfully

2018-12-12 09:50:51 - [TEST_STEP][PASSED] - callTestCase: Call Test Case 'Test Cases/Final Aug 2018 - PKS Automation/Create Employer Acc/Login to Employer Account (Second time)' successfully

2018-12-12 09:50:51 - [TEST_CASE][PASSED] - Test Cases/Final Aug 2018 - PKS Automation/Create Employer Acc/Login to Employer Account (Second time): Test Cases/Final Aug 2018 - PKS Automation/Create Employer Acc/Login to Employer Account (Second time)

2018-12-12 09:50:51 - [TEST_STEP][PASSED] - openBrowser: Browser is opened with url: ''

2018-12-12 09:50:51 - [MESSAGE][WARNING] - A browser is already opened. Closing browser and opening a new one

2018-12-12 09:50:56 - [MESSAGE][PASSED] - Browser is opened with url: ''

2018-12-12 09:50:56 - [TEST_STEP][PASSED] - navigateToUrl: Navigate to 'https://assist2-uat.perkeso.gov.my/employer/login' successfully

2018-12-12 09:50:57 - [MESSAGE][PASSED] - Navigate to 'https://assist2-uat.perkeso.gov.my/employer/login' successfully

2018-12-12 09:50:57 - [TEST_STEP][PASSED] - delay: Delayed 3 second(s)

2018-12-12 09:51:00 - [MESSAGE][PASSED] - Delayed 3 second(s)

2018-12-12 09:51:00 - [TEST_STEP][PASSED] - callTestCase: Call Test Case 'Test Cases/Final Aug 2018 - PKS Automation/Create Employer Acc/Template/Employer Email Getter' successfully

2018-12-12 09:51:00 - [TEST_CASE][PASSED] - Test Cases/Final Aug 2018 - PKS Automation/Create Employer Acc/Template/Employer Email Getter: Test Cases/Final Aug 2018 - PKS Automation/Create Employer Acc/Template/Employer Email Getter

2018-12-12 09:51:00 - [TEST_STEP][PASSED] - Statement - Try: null

2018-12-12 09:51:00 - [TEST_STEP][PASSED] - Statement - EmpEmail = new java.io.File(C://Users//Admin//Desktop//PKS//Automation Reference Point//EmpEmail.txt): null

2018-12-12 09:51:00 - [TEST_STEP][PASSED] - Statement - bufferread = new java.io.BufferedReader(new java.io.FileReader(EmpEmail)): null

2018-12-12 09:51:00 - [TEST_STEP][PASSED] - Statement - readedVal = bufferread.readLine(): null

2018-12-12 09:51:00 - [TEST_STEP][PASSED] - Statement - out.println(readedVal): null

2018-12-12 09:51:00 - [TEST_STEP][PASSED] - Statement - Email = readedVal: null

2018-12-12 09:51:00 - [MESSAGE][PASSED] - Call Test Case 'Test Cases/Final Aug 2018 - PKS Automation/Create Employer Acc/Template/Employer Email Getter' successfully

2018-12-12 09:51:00 - [TEST_STEP][PASSED] - setText: Text 'perkeso648582358171@gmail.com' is set on object 'Object Repository/Final Object Repo/Login Page/External Login Page/Email'

2018-12-12 09:51:00 - [MESSAGE][PASSED] - Text 'perkeso648582358171@gmail.com' is set on object 'Object Repository/Final Object Repo/Login Page/External Login Page/Email'

2018-12-12 09:51:00 - [TEST_STEP][PASSED] - click: Object: 'Object Repository/Final Object Repo/Login Page/External Login Page/Next' is clicked on

2018-12-12 09:51:01 - [MESSAGE][PASSED] - Object: 'Object Repository/Final Object Repo/Login Page/External Login Page/Next' is clicked on

2018-12-12 09:51:01 - [TEST_STEP][PASSED] - delay: Delayed 3 second(s)

2018-12-12 09:51:04 - [MESSAGE][PASSED] - Delayed 3 second(s)

2018-12-12 09:51:04 - [TEST_STEP][PASSED] - setEncryptedText: Text ****** has been set on object 'Object Repository/Final Object Repo/Login Page/External Login Page/Password'

2018-12-12 09:51:04 - [MESSAGE][PASSED] - Text ****** has been set on object 'Object Repository/Final Object Repo/Login Page/External Login Page/Password'

2018-12-12 09:51:04 - [TEST_STEP][PASSED] - click: Object: 'Object Repository/Final Object Repo/Login Page/External Login Page/Login' is clicked on

2018-12-12 09:51:04 - [MESSAGE][PASSED] - Object: 'Object Repository/Final Object Repo/Login Page/External Login Page/Login' is clicked on

2018-12-12 09:51:04 - [TEST_STEP][PASSED] - delay: Delayed 5 second(s)

2018-12-12 09:51:09 - [MESSAGE][PASSED] - Delayed 5 second(s)

2018-12-12 09:51:09 - [MESSAGE][PASSED] - Call Test Case 'Test Cases/Final Aug 2018 - PKS Automation/Create Employer Acc/Login to Employer Account (Second time)' successfully

2018-12-12 09:51:09 - [TEST_STEP][PASSED] - Statement - Try: Delayed 2 second(s)

2018-12-12 09:51:09 - [TEST_STEP][PASSED] - Statement - Checker = false: null

2018-12-12 09:51:09 - [TEST_STEP][PASSED] - Statement - Checker = com.kms.katalon.core.webui.keyword.WebUiBuiltInKeywords.verifyElementHasAttribute(com.kms.katalon.core.testobject.ObjectRepository.findTestObject(Final Object Repo/Landing Page/BM Detecting), "href", 20, OPTIONAL): Object 'Object Repository/Final Object Repo/Landing Page/BM Detecting' has attribute 'href'

2018-12-12 09:51:09 - [MESSAGE][PASSED] - Object 'Object Repository/Final Object Repo/Landing Page/BM Detecting' has attribute 'href'

2018-12-12 09:51:09 - [TEST_STEP][PASSED] - Statement - out.println(Checker): null

2018-12-12 09:51:09 - [TEST_STEP][PASSED] - Statement - If (Checker == false): null

2018-12-12 09:51:09 - [TEST_STEP][PASSED] - Statement - Else: null

2018-12-12 09:51:09 - [TEST_STEP][PASSED] - delay: Delayed 2 second(s)

2018-12-12 09:51:11 - [MESSAGE][PASSED] - Delayed 2 second(s)

2018-12-12 09:51:11 - [TEST_STEP][PASSED] - navigateToUrl: Navigate to 'https://assist2-uat.perkeso.gov.my/web/registration/update/update-employee-information-employer-' successfully

2018-12-12 09:51:12 - [MESSAGE][PASSED] - Navigate to 'https://assist2-uat.perkeso.gov.my/web/registration/update/update-employee-information-employer-' successfully

2018-12-12 09:51:12 - [TEST_STEP][PASSED] - click: Object: 'Object Repository/Final Object Repo/Page_Update Employee Information By Employer/Edit Button' is clicked on

2018-12-12 09:51:15 - [MESSAGE][PASSED] - Object: 'Object Repository/Final Object Repo/Page_Update Employee Information By Employer/Edit Button' is clicked on

2018-12-12 09:51:15 - [TEST_STEP][PASSED] - click: Object: 'Object Repository/Final Object Repo/Page_Update Employee Information By Employer/Employee Name or New Identification' is clicked on

2018-12-12 09:51:15 - [MESSAGE][PASSED] - Object: 'Object Repository/Final Object Repo/Page_Update Employee Information By Employer/Employee Name or New Identification' is clicked on

2018-12-12 09:51:15 - [TEST_STEP][PASSED] - delay: Delayed 1 second(s)

2018-12-12 09:51:16 - [MESSAGE][PASSED] - Delayed 1 second(s)

2018-12-12 09:51:16 - [TEST_STEP][PASSED] - click: Object: 'Object Repository/Final Object Repo/Page_Update Employee Information By Employer/Selection - Employee Name' is clicked on

2018-12-12 09:51:16 - [MESSAGE][PASSED] - Object: 'Object Repository/Final Object Repo/Page_Update Employee Information By Employer/Selection - Employee Name' is clicked on

2018-12-12 09:51:16 - [TEST_STEP][PASSED] - delay: Delayed 1 second(s)

2018-12-12 09:51:17 - [MESSAGE][PASSED] - Delayed 1 second(s)

2018-12-12 09:51:17 - [TEST_STEP][PASSED] - setText: Text 'AUTOMATE001 ELIGIBLE 1' is set on object 'Object Repository/Final Object Repo/Page_Update Employee Information By Employer/Employee Name'

2018-12-12 09:51:17 - [MESSAGE][PASSED] - Text 'AUTOMATE001 ELIGIBLE 1' is set on object 'Object Repository/Final Object Repo/Page_Update Employee Information By Employer/Employee Name'

2018-12-12 09:51:17 - [TEST_STEP][PASSED] - delay: Delayed 2 second(s)

2018-12-12 09:51:19 - [MESSAGE][PASSED] - Delayed 2 second(s)

2018-12-12 09:51:19 - [TEST_STEP][PASSED] - click: Object: 'Object Repository/Final Object Repo/Page_Update Employee Information By Employer/Search Employee' is clicked on

2018-12-12 09:51:20 - [MESSAGE][PASSED] - Object: 'Object Repository/Final Object Repo/Page_Update Employee Information By Employer/Search Employee' is clicked on

2018-12-12 09:51:20 - [TEST_STEP][PASSED] - delay: Delayed 3 second(s)

2018-12-12 09:51:23 - [MESSAGE][PASSED] - Delayed 3 second(s)

2018-12-12 09:51:23 - [TEST_STEP][PASSED] - click: Object: 'Object Repository/Final Object Repo/Page_Update Employee Information By Employer/Employee Edit Button' is clicked on

2018-12-12 09:51:23 - [MESSAGE][PASSED] - Object: 'Object Repository/Final Object Repo/Page_Update Employee Information By Employer/Employee Edit Button' is clicked on

2018-12-12 09:51:23 - [TEST_STEP][PASSED] - delay: Delayed 3 second(s)

2018-12-12 09:51:26 - [MESSAGE][PASSED] - Delayed 3 second(s)

2018-12-12 09:51:26 - [TEST_STEP][PASSED] - setText: Text '' is set on object 'Object Repository/Final Object Repo/Page_Update Employee Information By Employer/Identification Number'

2018-12-12 09:51:26 - [MESSAGE][PASSED] - Text '' is set on object 'Object Repository/Final Object Repo/Page_Update Employee Information By Employer/Identification Number'

2018-12-12 09:51:26 - [TEST_STEP][PASSED] - Statement - rnd = new java.util.Random(): null

2018-12-12 09:51:26 - [TEST_STEP][PASSED] - Statement - snum = rnd.nextInt(899999 + 1) + 100000: null

2018-12-12 09:51:26 - [TEST_STEP][PASSED] - Statement - tnum = rnd.nextInt(899999 + 1) + 100000: null

2018-12-12 09:51:26 - [TEST_STEP][PASSED] - Statement - IC = java.lang.Integer.toString(snum) + java.lang.Integer.toString(tnum): null

2018-12-12 09:51:26 - [TEST_STEP][PASSED] - Statement - out.println(IC): null

2018-12-12 09:51:26 - [TEST_STEP][PASSED] - setText: Text '854994818791' is set on object 'Object Repository/Final Object Repo/Page_Update Employee Information By Employer/Identification Number'

2018-12-12 09:51:26 - [MESSAGE][PASSED] - Text '854994818791' is set on object 'Object Repository/Final Object Repo/Page_Update Employee Information By Employer/Identification Number'

2018-12-12 09:51:26 - [TEST_STEP][PASSED] - click: Object: 'Object Repository/Final Object Repo/Page_Update Employee Information By Employer/Save' is clicked on

2018-12-12 09:51:27 - [MESSAGE][PASSED] - Object: 'Object Repository/Final Object Repo/Page_Update Employee Information By Employer/Save' is clicked on

2018-12-12 09:51:27 - [TEST_STEP][PASSED] - delay: Delayed 5 second(s)

2018-12-12 09:51:32 - [MESSAGE][PASSED] - Delayed 5 second(s)

2018-12-12 09:51:32 - [TEST_STEP][PASSED] - Statement - CaseReferenceNo = com.kms.katalon.core.webui.keyword.WebUiBuiltInKeywords.getText(com.kms.katalon.core.testobject.ObjectRepository.findTestObject(Final Object Repo/Reference Number/Reference Number in Update Employee Information Page)): Text of object 'Object Repository/Final Object Repo/Reference Number/Reference Number in Update Employee Information Page' is: 'CUN122018C100005969'

2018-12-12 09:51:32 - [MESSAGE][PASSED] - Text of object 'Object Repository/Final Object Repo/Reference Number/Reference Number in Update Employee Information Page' is: 'CUN122018C100005969'

2018-12-12 09:51:32 - [TEST_STEP][PASSED] - callTestCase: Call Test Case 'Test Cases/Final Aug 2018 - PKS Automation/Common/Reference Number Setter' successfully

2018-12-12 09:51:32 - [TEST_CASE][PASSED] - Test Cases/Final Aug 2018 - PKS Automation/Common/Reference Number Setter: Test Cases/Final Aug 2018 - PKS Automation/Common/Reference Number Setter

2018-12-12 09:51:32 - [TEST_STEP][PASSED] - Statement - RefNoOldFile = new java.io.File(C://Users//Admin//Desktop//PKS//Automation Reference Point//KatalonReference.txt): null

2018-12-12 09:51:32 - [TEST_STEP][PASSED] - Statement - RefNoOldFile.delete(): null

2018-12-12 09:51:32 - [TEST_STEP][PASSED] - delay: Delayed 5 second(s)

2018-12-12 09:51:37 - [MESSAGE][PASSED] - Delayed 5 second(s)

2018-12-12 09:51:37 - [TEST_STEP][PASSED] - Statement - RefNo = new java.io.File(C://Users//Admin//Desktop//PKS//Automation Reference Point//KatalonReference.txt): null

2018-12-12 09:51:37 - [TEST_STEP][PASSED] - Statement - f2 = new java.io.FileWriter(RefNo, false): null

2018-12-12 09:51:37 - [TEST_STEP][PASSED] - Statement - f2.write(CaseReferenceNo): null

2018-12-12 09:51:37 - [TEST_STEP][PASSED] - Statement - f2.close(): null

2018-12-12 09:51:37 - [TEST_STEP][PASSED] - Statement - out.println("


" + CaseReferenceNo + "


"): null

2018-12-12 09:51:37 - [MESSAGE][PASSED] - Call Test Case 'Test Cases/Final Aug 2018 - PKS Automation/Common/Reference Number Setter' successfully

2018-12-12 09:51:37 - [TEST_STEP][PASSED] - delay: Delayed 5 second(s)

2018-12-12 09:51:42 - [MESSAGE][PASSED] - Delayed 5 second(s)

2018-12-12 09:51:42 - [TEST_STEP][PASSED] - click: Object: 'Object Repository/Final Object Repo/Page_Update Employee Information By Employer/Save  Continue in  Employee Information Page' is clicked on

2018-12-12 09:51:42 - [MESSAGE][PASSED] - Object: 'Object Repository/Final Object Repo/Page_Update Employee Information By Employer/Save  Continue in  Employee Information Page' is clicked on

2018-12-12 09:51:42 - [TEST_STEP][PASSED] - delay: Delayed 5 second(s)

2018-12-12 09:51:47 - [MESSAGE][PASSED] - Delayed 5 second(s)

2018-12-12 09:51:47 - [TEST_STEP][PASSED] - click: Object: 'Object Repository/Final Object Repo/Page_Update Employee Information By Employer/Save  Continue in Uploading Page 1' is clicked on

2018-12-12 09:51:47 - [MESSAGE][PASSED] - Object: 'Object Repository/Final Object Repo/Page_Update Employee Information By Employer/Save  Continue in Uploading Page 1' is clicked on

2018-12-12 09:51:47 - [TEST_STEP][PASSED] - delay: Delayed 5 second(s)

2018-12-12 09:51:52 - [MESSAGE][PASSED] - Delayed 5 second(s)

2018-12-12 09:51:52 - [TEST_STEP][PASSED] - click: Object: 'Object Repository/Final Object Repo/Page_Update Employee Information By Employer/Submit' is clicked on

2018-12-12 09:51:52 - [MESSAGE][PASSED] - Object: 'Object Repository/Final Object Repo/Page_Update Employee Information By Employer/Submit' is clicked on

2018-12-12 09:51:52 - [TEST_STEP][PASSED] - delay: Delayed 5 second(s)

2018-12-12 09:51:57 - [MESSAGE][PASSED] - Delayed 5 second(s)

2018-12-12 09:51:57 - [TEST_STEP][PASSED] - click: Object: 'Object Repository/Final Object Repo/Page_Update Employee Information By Employer/Confirm' is clicked on

2018-12-12 09:51:58 - [MESSAGE][PASSED] - Object: 'Object Repository/Final Object Repo/Page_Update Employee Information By Employer/Confirm' is clicked on

2018-12-12 09:51:58 - [TEST_STEP][PASSED] - delay: Delayed 5 second(s)

2018-12-12 09:52:03 - [MESSAGE][PASSED] - Delayed 5 second(s)

2018-12-12 09:52:03 - [TEST_STEP][PASSED] - verifyElementVisible: Object 'Object Repository/Final Object Repo/Page_Update Employee Information By Employer/Successfull Message Routed to UO' is visible

2018-12-12 09:52:03 - [MESSAGE][PASSED] - Object 'Object Repository/Final Object Repo/Page_Update Employee Information By Employer/Successfull Message Routed to UO' is visible

2018-12-12 09:52:03 - [MESSAGE][PASSED] - Call Test Case 'Test Cases/Final Aug 2018 - PKS Automation/Registration Module/Workflow/Update Employee Information (Employer)/Template/Update Employer Information - Special Case (Employer)' successfully

2018-12-12 09:52:03 - [TEST_STEP][PASSED] - callTestCase: Call Test Case 'Test Cases/Final Aug 2018 - PKS Automation/Registration Module/Workflow/Update Employee Information (Employer)/Template/Update Employee Information - Special Case - UO (Reject)' successfully

2018-12-12 09:52:03 - [TEST_CASE][PASSED] - Test Cases/Final Aug 2018 - PKS Automation/Registration Module/Workflow/Update Employee Information (Employer)/Template/Update Employee Information - Special Case - UO (Reject): Test Cases/Final Aug 2018 - PKS Automation/Registration Module/Workflow/Update Employee Information (Employer)/Template/Update Employee Information - Special Case - UO (Reject)

2018-12-12 09:52:03 - [TEST_STEP][NOT_RUN] - callTestCase: NOT_RUN: callTestCase

2018-12-12 09:52:03 - [MESSAGE][NOT_RUN] - NOT_RUN: callTestCase

2018-12-12 09:52:03 - [TEST_STEP][PASSED] - delay: Delayed 2 second(s)

2018-12-12 09:52:05 - [MESSAGE][PASSED] - Delayed 2 second(s)

2018-12-12 09:52:05 - [TEST_STEP][PASSED] - navigateToUrl: Navigate to 'https://assist2-uat.perkeso.gov.my/c/portal/logout' successfully

2018-12-12 09:52:06 - [MESSAGE][PASSED] - Navigate to 'https://assist2-uat.perkeso.gov.my/c/portal/logout' successfully

2018-12-12 09:52:06 - [TEST_STEP][PASSED] - delay: Delayed 2 second(s)

2018-12-12 09:52:08 - [MESSAGE][PASSED] - Delayed 2 second(s)

2018-12-12 09:52:08 - [TEST_STEP][PASSED] - callTestCase: Call Test Case 'Test Cases/Final Aug 2018 - PKS Automation/Common/Reference Number Getter' successfully

2018-12-12 09:52:08 - [TEST_CASE][PASSED] - Test Cases/Final Aug 2018 - PKS Automation/Common/Reference Number Getter: Test Cases/Final Aug 2018 - PKS Automation/Common/Reference Number Getter

2018-12-12 09:52:08 - [TEST_STEP][PASSED] - Statement - Try: null

2018-12-12 09:52:08 - [TEST_STEP][PASSED] - Statement - RefNo = new java.io.File(C://Users//Admin//Desktop//PKS//Automation Reference Point//KatalonReference.txt): null

2018-12-12 09:52:08 - [TEST_STEP][PASSED] - Statement - bufferread = new java.io.BufferedReader(new java.io.FileReader(RefNo)): null

2018-12-12 09:52:08 - [TEST_STEP][PASSED] - Statement - readedVal = bufferread.readLine(): null

2018-12-12 09:52:08 - [TEST_STEP][PASSED] - Statement - out.println(CaseReferenceNo): null

2018-12-12 09:52:08 - [TEST_STEP][PASSED] - Statement - out.println(readedVal): null

2018-12-12 09:52:08 - [TEST_STEP][PASSED] - Statement - CaseReferenceNo = "": null

2018-12-12 09:52:08 - [TEST_STEP][PASSED] - Statement - CaseReferenceNo = readedVal: null

2018-12-12 09:52:08 - [MESSAGE][PASSED] - Call Test Case 'Test Cases/Final Aug 2018 - PKS Automation/Common/Reference Number Getter' successfully

2018-12-12 09:52:08 - [TEST_STEP][PASSED] - callTestCase: Call Test Case 'Test Cases/Final Aug 2018 - PKS Automation/Common/Workflow Owner Finder' successfully

2018-12-12 09:52:08 - [TEST_CASE][PASSED] - Test Cases/Final Aug 2018 - PKS Automation/Common/Workflow Owner Finder: Test Cases/Final Aug 2018 - PKS Automation/Common/Workflow Owner Finder

2018-12-12 09:52:08 - [TEST_STEP][PASSED] - openBrowser: Browser is opened with url: ''

2018-12-12 09:52:08 - [MESSAGE][WARNING] - A browser is already opened. Closing browser and opening a new one

2018-12-12 09:52:12 - [MESSAGE][PASSED] - Browser is opened with url: ''

2018-12-12 09:52:12 - [TEST_STEP][PASSED] - navigateToUrl: Navigate to 'https://assist2-uat.perkeso.gov.my/login' successfully

2018-12-12 09:52:13 - [MESSAGE][PASSED] - Navigate to 'https://assist2-uat.perkeso.gov.my/login' successfully

2018-12-12 09:52:13 - [TEST_STEP][PASSED] - delay: Delayed 5 second(s)

2018-12-12 09:52:18 - [MESSAGE][PASSED] - Delayed 5 second(s)

2018-12-12 09:52:18 - [TEST_STEP][PASSED] - setText: Text 'test@liferay.com' is set on object 'Object Repository/Final Object Repo/Login Page/Internal User/Email Address'

2018-12-12 09:52:19 - [MESSAGE][PASSED] - Text 'test@liferay.com' is set on object 'Object Repository/Final Object Repo/Login Page/Internal User/Email Address'

2018-12-12 09:52:19 - [TEST_STEP][PASSED] - click: Object: 'Object Repository/Final Object Repo/Login Page/Internal User/Next Button' is clicked on

2018-12-12 09:52:19 - [MESSAGE][PASSED] - Object: 'Object Repository/Final Object Repo/Login Page/Internal User/Next Button' is clicked on

2018-12-12 09:52:19 - [TEST_STEP][PASSED] - delay: Delayed 2 second(s)

2018-12-12 09:52:21 - [MESSAGE][PASSED] - Delayed 2 second(s)

2018-12-12 09:52:21 - [TEST_STEP][PASSED] - setText: Text 'test' is set on object 'Object Repository/Final Object Repo/Login Page/Internal User/Password'

2018-12-12 09:52:21 - [MESSAGE][PASSED] - Text 'test' is set on object 'Object Repository/Final Object Repo/Login Page/Internal User/Password'

2018-12-12 09:52:21 - [TEST_STEP][PASSED] - delay: Delayed 2 second(s)

2018-12-12 09:52:23 - [MESSAGE][PASSED] - Delayed 2 second(s)

2018-12-12 09:52:23 - [TEST_STEP][PASSED] - click: Object: 'Object Repository/Final Object Repo/Login Page/Internal User/Login Button' is clicked on

2018-12-12 09:52:23 - [MESSAGE][PASSED] - Object: 'Object Repository/Final Object Repo/Login Page/Internal User/Login Button' is clicked on

2018-12-12 09:52:23 - [TEST_STEP][PASSED] - Statement - tester = com.kms.katalon.core.testobject.ObjectRepository.findTestObject(Final Object Repo/Landing Page/Select to English): Finding Test Object with id 'Object Repository/Final Object Repo/Landing Page/Select to English'

2018-12-12 09:52:23 - [TEST_STEP][PASSED] - Statement - Try: Delayed 2 second(s)

2018-12-12 09:52:23 - [TEST_STEP][PASSED] - Statement - Checker = com.kms.katalon.core.webui.keyword.WebUiBuiltInKeywords.verifyElementNotPresent(tester, 3): Web element with id: 'Object Repository/Final Object Repo/Landing Page/Select to English' located by 'By.xpath: //a[@class = 'taglib-language-list-text' and @lang = 'en-US' and (contains(text(), 'EN') or contains(., 'EN'))]' is not present after '3' second(s)

2018-12-12 09:52:25 - [MESSAGE][PASSED] - Web element with id: 'Object Repository/Final Object Repo/Landing Page/Select to English' located by 'By.xpath: //a[@class = 'taglib-language-list-text' and @lang = 'en-US' and (contains(text(), 'EN') or contains(., 'EN'))]' is not present after '3' second(s)

2018-12-12 09:52:25 - [TEST_STEP][PASSED] - Statement - If (Checker == false): null

2018-12-12 09:52:25 - [TEST_STEP][PASSED] - delay: Delayed 2 second(s)

2018-12-12 09:52:27 - [MESSAGE][PASSED] - Delayed 2 second(s)

2018-12-12 09:52:27 - [TEST_STEP][PASSED] - delay: Delayed 5 second(s)

2018-12-12 09:52:32 - [MESSAGE][PASSED] - Delayed 5 second(s)

2018-12-12 09:52:32 - [TEST_STEP][PASSED] - mouseOver: Object: 'Object Repository/Final Object Repo/Landing Page/WorkFlow Menu' is hovered

2018-12-12 09:52:33 - [MESSAGE][PASSED] - Object: 'Object Repository/Final Object Repo/Landing Page/WorkFlow Menu' is hovered

2018-12-12 09:52:33 - [TEST_STEP][PASSED] - delay: Delayed 2 second(s)

2018-12-12 09:52:35 - [MESSAGE][PASSED] - Delayed 2 second(s)

2018-12-12 09:52:35 - [TEST_STEP][PASSED] - click: Object: 'Object Repository/Final Object Repo/Landing Page/Select to Workflow Listing' is clicked on

2018-12-12 09:52:36 - [MESSAGE][PASSED] - Object: 'Object Repository/Final Object Repo/Landing Page/Select to Workflow Listing' is clicked on

2018-12-12 09:52:36 - [TEST_STEP][PASSED] - delay: Delayed 2 second(s)

2018-12-12 09:52:38 - [MESSAGE][PASSED] - Delayed 2 second(s)

2018-12-12 09:52:38 - [TEST_STEP][PASSED] - click: Object: 'Object Repository/Final Object Repo/WorkFlow Listing Page/Search Information - To Put Ref No' is clicked on

2018-12-12 09:52:38 - [MESSAGE][PASSED] - Object: 'Object Repository/Final Object Repo/WorkFlow Listing Page/Search Information - To Put Ref No' is clicked on

2018-12-12 09:52:38 - [TEST_STEP][PASSED] - delay: Delayed 2 second(s)

2018-12-12 09:52:40 - [MESSAGE][PASSED] - Delayed 2 second(s)

2018-12-12 09:52:40 - [TEST_STEP][PASSED] - callTestCase: Call Test Case 'Test Cases/Final Aug 2018 - PKS Automation/Common/Reference Number Getter' successfully

2018-12-12 09:52:40 - [TEST_CASE][PASSED] - Test Cases/Final Aug 2018 - PKS Automation/Common/Reference Number Getter: Test Cases/Final Aug 2018 - PKS Automation/Common/Reference Number Getter

2018-12-12 09:52:40 - [TEST_STEP][PASSED] - Statement - Try: null

2018-12-12 09:52:40 - [TEST_STEP][PASSED] - Statement - RefNo = new java.io.File(C://Users//Admin//Desktop//PKS//Automation Reference Point//KatalonReference.txt): null

2018-12-12 09:52:40 - [TEST_STEP][PASSED] - Statement - bufferread = new java.io.BufferedReader(new java.io.FileReader(RefNo)): null

2018-12-12 09:52:40 - [TEST_STEP][PASSED] - Statement - readedVal = bufferread.readLine(): null

2018-12-12 09:52:40 - [TEST_STEP][PASSED] - Statement - out.println(CaseReferenceNo): null

2018-12-12 09:52:40 - [TEST_STEP][PASSED] - Statement - out.println(readedVal): null

2018-12-12 09:52:40 - [TEST_STEP][PASSED] - Statement - CaseReferenceNo = "": null

2018-12-12 09:52:40 - [TEST_STEP][PASSED] - Statement - CaseReferenceNo = readedVal: null

2018-12-12 09:52:40 - [MESSAGE][PASSED] - Call Test Case 'Test Cases/Final Aug 2018 - PKS Automation/Common/Reference Number Getter' successfully

2018-12-12 09:52:40 - [TEST_STEP][PASSED] - setText: Text 'CUN122018C100005969' is set on object 'Object Repository/Final Object Repo/WorkFlow Listing Page/Ref No Set Text'

2018-12-12 09:52:40 - [MESSAGE][PASSED] - Text 'CUN122018C100005969' is set on object 'Object Repository/Final Object Repo/WorkFlow Listing Page/Ref No Set Text'

2018-12-12 09:52:40 - [TEST_STEP][PASSED] - delay: Delayed 2 second(s)

2018-12-12 09:52:42 - [MESSAGE][PASSED] - Delayed 2 second(s)

2018-12-12 09:52:42 - [TEST_STEP][PASSED] - click: Object: 'Object Repository/Final Object Repo/WorkFlow Listing Page/Search Ref No Search Button' is clicked on

2018-12-12 09:52:43 - [MESSAGE][PASSED] - Object: 'Object Repository/Final Object Repo/WorkFlow Listing Page/Search Ref No Search Button' is clicked on

2018-12-12 09:52:43 - [TEST_STEP][PASSED] - delay: Delayed 6 second(s)

2018-12-12 09:52:49 - [MESSAGE][PASSED] - Delayed 6 second(s)

2018-12-12 09:52:49 - [TEST_STEP][PASSED] - click: Object: 'Object Repository/Final Object Repo/WorkFlow Listing Page/Click Continue Tooltip' is clicked on

2018-12-12 09:52:49 - [MESSAGE][PASSED] - Object: 'Object Repository/Final Object Repo/WorkFlow Listing Page/Click Continue Tooltip' is clicked on

2018-12-12 09:52:49 - [TEST_STEP][PASSED] - delay: Delayed 5 second(s)

2018-12-12 09:52:54 - [MESSAGE][PASSED] - Delayed 5 second(s)

2018-12-12 09:52:54 - [TEST_STEP][PASSED] - doubleClick: Object: 'Object Repository/Final Object Repo/WorkFlow Listing Page/Workflow Found - Listing 1' is double clicked on

2018-12-12 09:52:55 - [MESSAGE][PASSED] - Object: 'Object Repository/Final Object Repo/WorkFlow Listing Page/Workflow Found - Listing 1' is double clicked on

2018-12-12 09:52:55 - [TEST_STEP][PASSED] - Statement - println(OwnerID): null

2018-12-12 09:52:55 - [TEST_STEP][PASSED] - Statement - OwnerID = com.kms.katalon.core.webui.keyword.WebUiBuiltInKeywords.getText(com.kms.katalon.core.testobject.ObjectRepository.findTestObject(Final Object Repo/WorkFlow Listing Page/Workflow Found - Listing 1), STOP_ON_FAILURE): Text of object 'Object Repository/Final Object Repo/WorkFlow Listing Page/Workflow Found - Listing 1' is: 'JOHORuo1'

2018-12-12 09:52:55 - [MESSAGE][PASSED] - Text of object 'Object Repository/Final Object Repo/WorkFlow Listing Page/Workflow Found - Listing 1' is: 'JOHORuo1'

2018-12-12 09:52:55 - [TEST_STEP][PASSED] - Statement - OwnerID = OwnerID.toLowerCase() + "@gmail.com": null

2018-12-12 09:52:55 - [TEST_STEP][PASSED] - Statement - println(OwnerID): null

2018-12-12 09:52:55 - [TEST_STEP][PASSED] - delay: Delayed 2 second(s)

2018-12-12 09:52:57 - [MESSAGE][PASSED] - Delayed 2 second(s)

2018-12-12 09:52:57 - [MESSAGE][PASSED] - Call Test Case 'Test Cases/Final Aug 2018 - PKS Automation/Common/Workflow Owner Finder' successfully

2018-12-12 09:52:57 - [TEST_STEP][PASSED] - delay: Delayed 2 second(s)

2018-12-12 09:52:59 - [MESSAGE][PASSED] - Delayed 2 second(s)

2018-12-12 09:52:59 - [TEST_STEP][PASSED] - navigateToUrl: Navigate to 'https://assist2-uat.perkeso.gov.my/c/portal/logout' successfully

2018-12-12 09:53:00 - [MESSAGE][PASSED] - Navigate to 'https://assist2-uat.perkeso.gov.my/c/portal/logout' successfully

2018-12-12 09:53:00 - [TEST_STEP][PASSED] - delay: Delayed 2 second(s)

2018-12-12 09:53:02 - [MESSAGE][PASSED] - Delayed 2 second(s)

2018-12-12 09:53:02 - [TEST_STEP][PASSED] - callTestCase: Call Test Case 'Test Cases/Final Aug 2018 - PKS Automation/Registration Module/Workflow/Login and Search Case For Workflow' successfully

2018-12-12 09:53:02 - [TEST_CASE][PASSED] - Test Cases/Final Aug 2018 - PKS Automation/Registration Module/Workflow/Login and Search Case For Workflow: Test Cases/Final Aug 2018 - PKS Automation/Registration Module/Workflow/Login and Search Case For Workflow

2018-12-12 09:53:02 - [TEST_STEP][PASSED] - navigateToUrl: Navigate to 'https://assist2-uat.perkeso.gov.my/login' successfully

2018-12-12 09:53:02 - [MESSAGE][PASSED] - Navigate to 'https://assist2-uat.perkeso.gov.my/login' successfully

2018-12-12 09:53:02 - [TEST_STEP][PASSED] - setText: Text 'johoruo1@gmail.com' is set on object 'Object Repository/Final Object Repo/Login Page/Internal User/Email Address'

2018-12-12 09:53:03 - [MESSAGE][PASSED] - Text 'johoruo1@gmail.com' is set on object 'Object Repository/Final Object Repo/Login Page/Internal User/Email Address'

2018-12-12 09:53:03 - [TEST_STEP][PASSED] - click: Object: 'Object Repository/Final Object Repo/Login Page/Internal User/Next Button' is clicked on

2018-12-12 09:53:03 - [MESSAGE][PASSED] - Object: 'Object Repository/Final Object Repo/Login Page/Internal User/Next Button' is clicked on

2018-12-12 09:53:03 - [TEST_STEP][PASSED] - delay: Delayed 1 second(s)

2018-12-12 09:53:04 - [MESSAGE][PASSED] - Delayed 1 second(s)

2018-12-12 09:53:04 - [TEST_STEP][PASSED] - setEncryptedText: Text ****** has been set on object 'Object Repository/Final Object Repo/Login Page/Internal User/Password'

2018-12-12 09:53:04 - [MESSAGE][PASSED] - Text ****** has been set on object 'Object Repository/Final Object Repo/Login Page/Internal User/Password'

2018-12-12 09:53:04 - [TEST_STEP][PASSED] - click: Object: 'Object Repository/Final Object Repo/Login Page/Internal User/Login Button' is clicked on

2018-12-12 09:53:04 - [MESSAGE][PASSED] - Object: 'Object Repository/Final Object Repo/Login Page/Internal User/Login Button' is clicked on

2018-12-12 09:53:04 - [TEST_STEP][PASSED] - delay: Delayed 2 second(s)

2018-12-12 09:53:06 - [MESSAGE][PASSED] - Delayed 2 second(s)

2018-12-12 09:53:06 - [TEST_STEP][PASSED] - Statement - Try: Delayed 2 second(s)

2018-12-12 09:53:06 - [TEST_STEP][PASSED] - Statement - Checker = false: null

2018-12-12 09:53:06 - [TEST_STEP][PASSED] - Statement - Checker = com.kms.katalon.core.webui.keyword.WebUiBuiltInKeywords.verifyElementHasAttribute(com.kms.katalon.core.testobject.ObjectRepository.findTestObject(Final Object Repo/Landing Page/BM Detecting), "href", 20, OPTIONAL): Object 'Object Repository/Final Object Repo/Landing Page/BM Detecting' has attribute 'href'

2018-12-12 09:53:06 - [MESSAGE][PASSED] - Object 'Object Repository/Final Object Repo/Landing Page/BM Detecting' has attribute 'href'

2018-12-12 09:53:06 - [TEST_STEP][PASSED] - Statement - out.println(Checker): null

2018-12-12 09:53:06 - [TEST_STEP][PASSED] - Statement - If (Checker == false): null

2018-12-12 09:53:06 - [TEST_STEP][PASSED] - Statement - Else: null

2018-12-12 09:53:06 - [TEST_STEP][PASSED] - delay: Delayed 2 second(s)

2018-12-12 09:53:08 - [MESSAGE][PASSED] - Delayed 2 second(s)

2018-12-12 09:53:08 - [TEST_STEP][PASSED] - click: Object: 'Object Repository/Final Object Repo/Page_MyASSIST - ASSIST - Search Pending Case For Add Supporting Document/Search Information' is clicked on

2018-12-12 09:53:08 - [MESSAGE][PASSED] - Object: 'Object Repository/Final Object Repo/Page_MyASSIST - ASSIST - Search Pending Case For Add Supporting Document/Search Information' is clicked on

2018-12-12 09:53:08 - [TEST_STEP][PASSED] - delay: Delayed 3 second(s)

2018-12-12 09:53:11 - [MESSAGE][PASSED] - Delayed 3 second(s)

2018-12-12 09:53:11 - [TEST_STEP][PASSED] - sendKeys: Keys 'CUN122018C100005969' sent to object: 'Object Repository/Final Object Repo/Page_MyASSIST - ASSIST - Search Pending Case For Add Supporting Document/Reference No'

2018-12-12 09:53:12 - [MESSAGE][PASSED] - Keys 'CUN122018C100005969' sent to object: 'Object Repository/Final Object Repo/Page_MyASSIST - ASSIST - Search Pending Case For Add Supporting Document/Reference No'

2018-12-12 09:53:12 - [TEST_STEP][PASSED] - click: Object: 'Object Repository/Final Object Repo/Page_MyASSIST - ASSIST - Search Pending Case For Add Supporting Document/Search Reference No' is clicked on

2018-12-12 09:53:12 - [MESSAGE][PASSED] - Object: 'Object Repository/Final Object Repo/Page_MyASSIST - ASSIST - Search Pending Case For Add Supporting Document/Search Reference No' is clicked on

2018-12-12 09:53:12 - [TEST_STEP][PASSED] - delay: Delayed 2 second(s)

2018-12-12 09:53:14 - [MESSAGE][PASSED] - Delayed 2 second(s)

2018-12-12 09:53:14 - [TEST_STEP][PASSED] - click: Object: 'Object Repository/Final Object Repo/Page_MyASSIST - ASSIST - Search Pending Case For Add Supporting Document/Continue' is clicked on

2018-12-12 09:53:18 - [MESSAGE][PASSED] - Object: 'Object Repository/Final Object Repo/Page_MyASSIST - ASSIST - Search Pending Case For Add Supporting Document/Continue' is clicked on

2018-12-12 09:53:18 - [TEST_STEP][PASSED] - delay: Delayed 20 second(s)

2018-12-12 09:53:38 - [MESSAGE][PASSED] - Delayed 20 second(s)

2018-12-12 09:53:38 - [MESSAGE][PASSED] - Call Test Case 'Test Cases/Final Aug 2018 - PKS Automation/Registration Module/Workflow/Login and Search Case For Workflow' successfully

2018-12-12 09:53:38 - [TEST_STEP][PASSED] - delay: Delayed 2 second(s)

2018-12-12 09:53:40 - [MESSAGE][PASSED] - Delayed 2 second(s)

2018-12-12 09:53:40 - [TEST_STEP][PASSED] - click: Object: 'Object Repository/Final Object Repo/Page_Update Employee Information By Employer/Page_Update Employee Information by Employer (Approve)/Continue' is clicked on

2018-12-12 09:53:43 - [MESSAGE][PASSED] - Object: 'Object Repository/Final Object Repo/Page_Update Employee Information By Employer/Page_Update Employee Information by Employer (Approve)/Continue' is clicked on

2018-12-12 09:53:43 - [TEST_STEP][PASSED] - delay: Delayed 2 second(s)

2018-12-12 09:53:45 - [MESSAGE][PASSED] - Delayed 2 second(s)

2018-12-12 09:53:45 - [TEST_STEP][PASSED] - click: Object: 'Object Repository/Final Object Repo/Page_Update Employee Information By Employer/Page_Update Employee Information by Employer (Approve)/Save  Continue in Update Employee Information Page' is clicked on

2018-12-12 09:53:46 - [MESSAGE][PASSED] - Object: 'Object Repository/Final Object Repo/Page_Update Employee Information By Employer/Page_Update Employee Information by Employer (Approve)/Save  Continue in Update Employee Information Page' is clicked on

2018-12-12 09:53:46 - [TEST_STEP][PASSED] - delay: Delayed 4 second(s)

2018-12-12 09:53:50 - [MESSAGE][PASSED] - Delayed 4 second(s)

2018-12-12 09:53:50 - [TEST_STEP][PASSED] - click: Object: 'Object Repository/Final Object Repo/Page_Update Employee Information By Employer/Page_Update Employee Information by Employer (Approve)/Save  Continue in Upload Supporting Doucument Page' is clicked on

2018-12-12 09:53:50 - [MESSAGE][PASSED] - Object: 'Object Repository/Final Object Repo/Page_Update Employee Information By Employer/Page_Update Employee Information by Employer (Approve)/Save  Continue in Upload Supporting Doucument Page' is clicked on

2018-12-12 09:53:50 - [TEST_STEP][PASSED] - delay: Delayed 2 second(s)

2018-12-12 09:53:52 - [MESSAGE][PASSED] - Delayed 2 second(s)

2018-12-12 09:53:52 - [TEST_STEP][PASSED] - click: Object: 'Object Repository/Final Object Repo/Page_Update Employee Information By Employer/Page_Update Employee Information by Employer (Reject)/Reject' is clicked on

2018-12-12 09:53:54 - [MESSAGE][PASSED] - Object: 'Object Repository/Final Object Repo/Page_Update Employee Information By Employer/Page_Update Employee Information by Employer (Reject)/Reject' is clicked on

2018-12-12 09:53:54 - [TEST_STEP][PASSED] - delay: Delayed 2 second(s)

2018-12-12 09:53:56 - [MESSAGE][PASSED] - Delayed 2 second(s)

2018-12-12 09:53:56 - [TEST_STEP][PASSED] - click: Object: 'Object Repository/Final Object Repo/Page_Update Employee Information By Employer/Page_Update Employee Information by Employer (Approve)/Confirm' is clicked on

2018-12-12 09:53:56 - [MESSAGE][PASSED] - Object: 'Object Repository/Final Object Repo/Page_Update Employee Information By Employer/Page_Update Employee Information by Employer (Approve)/Confirm' is clicked on

2018-12-12 09:53:56 - [TEST_STEP][PASSED] - delay: Delayed 2 second(s)

2018-12-12 09:53:58 - [MESSAGE][PASSED] - Delayed 2 second(s)

2018-12-12 09:53:58 - [TEST_STEP][PASSED] - verifyElementVisible: Object 'Object Repository/Final Object Repo/Page_Update Employee Information By Employer/Page_Update Employee Information by Employer (Reject)/Rejected Messeage This Case has been Rejecte' is visible

2018-12-12 09:54:02 - [MESSAGE][PASSED] - Object 'Object Repository/Final Object Repo/Page_Update Employee Information By Employer/Page_Update Employee Information by Employer (Reject)/Rejected Messeage This Case has been Rejecte' is visible

2018-12-12 09:54:02 - [TEST_STEP][PASSED] - delay: Delayed 2 second(s)

2018-12-12 09:54:04 - [MESSAGE][PASSED] - Delayed 2 second(s)

2018-12-12 09:54:04 - [TEST_STEP][PASSED] - verifyElementVisible: Object 'Object Repository/Final Object Repo/Page_Update Employee Information By Employer/Page_Update Employee Information by Employer (Reject)/Letter of update rejection' is visible

2018-12-12 09:54:04 - [MESSAGE][PASSED] - Object 'Object Repository/Final Object Repo/Page_Update Employee Information By Employer/Page_Update Employee Information by Employer (Reject)/Letter of update rejection' is visible

2018-12-12 09:54:04 - [MESSAGE][PASSED] - Call Test Case 'Test Cases/Final Aug 2018 - PKS Automation/Registration Module/Workflow/Update Employee Information (Employer)/Template/Update Employee Information - Special Case - UO (Reject)' successfully]]></system-out>
         <system-err><![CDATA[]]></system-err>
      </testcase>
      <testcase name="Test Cases/Final Aug 2018 - PKS Automation/Registration Module/Workflow/Update Employee Information (Employer)/Employer - UO (Under enforcement)" classname="Test Cases/Final Aug 2018 - PKS Automation/Registration Module/Workflow/Update Employee Information (Employer)/Employer - UO (Under enforcement)" status="PASSED">
         <system-out><![CDATA[2018-12-12 09:54:04 - [TEST_CASE][PASSED] - Test Cases/Final Aug 2018 - PKS Automation/Registration Module/Workflow/Update Employee Information (Employer)/Employer - UO (Under enforcement): Test Cases/Final Aug 2018 - PKS Automation/Registration Module/Workflow/Update Employee Information (Employer)/Employer - UO (Under enforcement)

2018-12-12 09:54:04 - [TEST_STEP][PASSED] - callTestCase: Call Test Case 'Test Cases/Final Aug 2018 - PKS Automation/Registration Module/Workflow/Update Employee Information (Employer)/Template/Update Employer Information - Special Case (Employer)' successfully

2018-12-12 09:54:04 - [TEST_CASE][PASSED] - Test Cases/Final Aug 2018 - PKS Automation/Registration Module/Workflow/Update Employee Information (Employer)/Template/Update Employer Information - Special Case (Employer): Test Cases/Final Aug 2018 - PKS Automation/Registration Module/Workflow/Update Employee Information (Employer)/Template/Update Employer Information - Special Case (Employer)

2018-12-12 09:54:04 - [TEST_STEP][PASSED] - callTestCase: Call Test Case 'Test Cases/Final Aug 2018 - PKS Automation/Registration Module/Workflow/Update Add New Employee/Template/New Company for Update Add New - Employer' successfully

2018-12-12 09:54:04 - [TEST_CASE][PASSED] - Test Cases/Final Aug 2018 - PKS Automation/Registration Module/Workflow/Update Add New Employee/Template/New Company for Update Add New - Employer: Test Cases/Final Aug 2018 - PKS Automation/Registration Module/Workflow/Update Add New Employee/Template/New Company for Update Add New - Employer

2018-12-12 09:54:04 - [TEST_STEP][PASSED] - callTestCase: Call Test Case 'Test Cases/Final Aug 2018 - PKS Automation/Create Employer Acc/Create Employer Account' successfully

2018-12-12 09:54:04 - [TEST_CASE][PASSED] - Test Cases/Final Aug 2018 - PKS Automation/Create Employer Acc/Create Employer Account: Test Cases/Final Aug 2018 - PKS Automation/Create Employer Acc/Create Employer Account

2018-12-12 09:54:04 - [TEST_STEP][PASSED] - callTestCase: Call Test Case 'Test Cases/Final Aug 2018 - PKS Automation/Create Employer Acc/Template/Register Employer' successfully

2018-12-12 09:54:04 - [TEST_CASE][PASSED] - Test Cases/Final Aug 2018 - PKS Automation/Create Employer Acc/Template/Register Employer: Test Cases/Final Aug 2018 - PKS Automation/Create Employer Acc/Template/Register Employer

2018-12-12 09:54:04 - [TEST_STEP][PASSED] - openBrowser: Browser is opened with url: ''

2018-12-12 09:54:04 - [MESSAGE][WARNING] - A browser is already opened. Closing browser and opening a new one

2018-12-12 09:54:08 - [MESSAGE][PASSED] - Browser is opened with url: ''

2018-12-12 09:54:08 - [TEST_STEP][PASSED] - navigateToUrl: Navigate to 'https://assist2-uat.perkeso.gov.my/login' successfully

2018-12-12 09:54:10 - [MESSAGE][PASSED] - Navigate to 'https://assist2-uat.perkeso.gov.my/login' successfully

2018-12-12 09:54:10 - [TEST_STEP][PASSED] - setText: Text 'johorotc1@gmail.com' is set on object 'Object Repository/Final Object Repo/Login Page/Internal User/Email Address'

2018-12-12 09:54:10 - [MESSAGE][PASSED] - Text 'johorotc1@gmail.com' is set on object 'Object Repository/Final Object Repo/Login Page/Internal User/Email Address'

2018-12-12 09:54:10 - [TEST_STEP][PASSED] - click: Object: 'Object Repository/Final Object Repo/Login Page/Internal User/Next Button' is clicked on

2018-12-12 09:54:10 - [MESSAGE][PASSED] - Object: 'Object Repository/Final Object Repo/Login Page/Internal User/Next Button' is clicked on

2018-12-12 09:54:10 - [TEST_STEP][PASSED] - delay: Delayed 1 second(s)

2018-12-12 09:54:11 - [MESSAGE][PASSED] - Delayed 1 second(s)

2018-12-12 09:54:11 - [TEST_STEP][PASSED] - setEncryptedText: Text ****** has been set on object 'Object Repository/Final Object Repo/Login Page/Internal User/Password'

2018-12-12 09:54:11 - [MESSAGE][PASSED] - Text ****** has been set on object 'Object Repository/Final Object Repo/Login Page/Internal User/Password'

2018-12-12 09:54:11 - [TEST_STEP][PASSED] - click: Object: 'Object Repository/Final Object Repo/Login Page/Internal User/Login Button' is clicked on

2018-12-12 09:54:12 - [MESSAGE][PASSED] - Object: 'Object Repository/Final Object Repo/Login Page/Internal User/Login Button' is clicked on

2018-12-12 09:54:12 - [TEST_STEP][PASSED] - delay: Delayed 1 second(s)

2018-12-12 09:54:13 - [MESSAGE][PASSED] - Delayed 1 second(s)

2018-12-12 09:54:13 - [TEST_STEP][PASSED] - navigateToUrl: Navigate to 'https://assist2-uat.perkeso.gov.my/web/base/portal-id/registration' successfully

2018-12-12 09:54:15 - [MESSAGE][PASSED] - Navigate to 'https://assist2-uat.perkeso.gov.my/web/base/portal-id/registration' successfully

2018-12-12 09:54:15 - [TEST_STEP][PASSED] - setText: Text 'AUTOMATION EMPLOYER' is set on object 'Object Repository/Final Object Repo/Creating Employer Account/Page_Registration - ASSIST (Base)/Employer Name'

2018-12-12 09:54:15 - [MESSAGE][PASSED] - Text 'AUTOMATION EMPLOYER' is set on object 'Object Repository/Final Object Repo/Creating Employer Account/Page_Registration - ASSIST (Base)/Employer Name'

2018-12-12 09:54:15 - [TEST_STEP][PASSED] - delay: Delayed 2 second(s)

2018-12-12 09:54:17 - [MESSAGE][PASSED] - Delayed 2 second(s)

2018-12-12 09:54:17 - [TEST_STEP][PASSED] - click: Object: 'Object Repository/Final Object Repo/Creating Employer Account/Page_Registration - ASSIST (Base)/Registration Type' is clicked on

2018-12-12 09:54:17 - [MESSAGE][PASSED] - Object: 'Object Repository/Final Object Repo/Creating Employer Account/Page_Registration - ASSIST (Base)/Registration Type' is clicked on

2018-12-12 09:54:17 - [TEST_STEP][PASSED] - delay: Delayed 2 second(s)

2018-12-12 09:54:19 - [MESSAGE][PASSED] - Delayed 2 second(s)

2018-12-12 09:54:19 - [TEST_STEP][PASSED] - click: Object: 'Object Repository/Final Object Repo/Creating Employer Account/Page_Registration - ASSIST (Base)/Registration Type - Registration No' is clicked on

2018-12-12 09:54:19 - [MESSAGE][PASSED] - Object: 'Object Repository/Final Object Repo/Creating Employer Account/Page_Registration - ASSIST (Base)/Registration Type - Registration No' is clicked on

2018-12-12 09:54:19 - [TEST_STEP][PASSED] - delay: Delayed 2 second(s)

2018-12-12 09:54:21 - [MESSAGE][PASSED] - Delayed 2 second(s)

2018-12-12 09:54:21 - [TEST_STEP][PASSED] - setText: Text 'AUTOMATE001' is set on object 'Object Repository/Final Object Repo/Creating Employer Account/Page_Registration - ASSIST (Base)/Registration Number'

2018-12-12 09:54:22 - [MESSAGE][PASSED] - Text 'AUTOMATE001' is set on object 'Object Repository/Final Object Repo/Creating Employer Account/Page_Registration - ASSIST (Base)/Registration Number'

2018-12-12 09:54:22 - [TEST_STEP][PASSED] - delay: Delayed 2 second(s)

2018-12-12 09:54:24 - [MESSAGE][PASSED] - Delayed 2 second(s)

2018-12-12 09:54:24 - [TEST_STEP][PASSED] - setText: Text 'ADDRESS 1' is set on object 'Object Repository/Final Object Repo/Creating Employer Account/Page_Registration - ASSIST (Base)/Postal Address 1'

2018-12-12 09:54:24 - [MESSAGE][PASSED] - Text 'ADDRESS 1' is set on object 'Object Repository/Final Object Repo/Creating Employer Account/Page_Registration - ASSIST (Base)/Postal Address 1'

2018-12-12 09:54:24 - [TEST_STEP][PASSED] - setText: Text 'ADDRESS 2' is set on object 'Object Repository/Final Object Repo/Creating Employer Account/Page_Registration - ASSIST (Base)/Postal Address 2'

2018-12-12 09:54:25 - [MESSAGE][PASSED] - Text 'ADDRESS 2' is set on object 'Object Repository/Final Object Repo/Creating Employer Account/Page_Registration - ASSIST (Base)/Postal Address 2'

2018-12-12 09:54:25 - [TEST_STEP][PASSED] - click: Object: 'Object Repository/Final Object Repo/Creating Employer Account/Page_Registration - ASSIST (Base)/State' is clicked on

2018-12-12 09:54:25 - [MESSAGE][PASSED] - Object: 'Object Repository/Final Object Repo/Creating Employer Account/Page_Registration - ASSIST (Base)/State' is clicked on

2018-12-12 09:54:25 - [TEST_STEP][PASSED] - delay: Delayed 2 second(s)

2018-12-12 09:54:27 - [MESSAGE][PASSED] - Delayed 2 second(s)

2018-12-12 09:54:27 - [TEST_STEP][PASSED] - click: Object: 'Object Repository/Final Object Repo/Creating Employer Account/Page_Registration - ASSIST (Base)/State - Johor' is clicked on

2018-12-12 09:54:27 - [MESSAGE][PASSED] - Object: 'Object Repository/Final Object Repo/Creating Employer Account/Page_Registration - ASSIST (Base)/State - Johor' is clicked on

2018-12-12 09:54:27 - [TEST_STEP][PASSED] - delay: Delayed 2 second(s)

2018-12-12 09:54:29 - [MESSAGE][PASSED] - Delayed 2 second(s)

2018-12-12 09:54:29 - [TEST_STEP][PASSED] - click: Object: 'Object Repository/Final Object Repo/Creating Employer Account/Page_Registration - ASSIST (Base)/City' is clicked on

2018-12-12 09:54:29 - [MESSAGE][PASSED] - Object: 'Object Repository/Final Object Repo/Creating Employer Account/Page_Registration - ASSIST (Base)/City' is clicked on

2018-12-12 09:54:29 - [TEST_STEP][PASSED] - delay: Delayed 2 second(s)

2018-12-12 09:54:31 - [MESSAGE][PASSED] - Delayed 2 second(s)

2018-12-12 09:54:31 - [TEST_STEP][PASSED] - setText: Text 'joh' is set on object 'Object Repository/Final Object Repo/Creating Employer Account/Page_Registration - ASSIST (Base)/City - joh'

2018-12-12 09:54:31 - [MESSAGE][PASSED] - Text 'joh' is set on object 'Object Repository/Final Object Repo/Creating Employer Account/Page_Registration - ASSIST (Base)/City - joh'

2018-12-12 09:54:31 - [TEST_STEP][PASSED] - delay: Delayed 2 second(s)

2018-12-12 09:54:33 - [MESSAGE][PASSED] - Delayed 2 second(s)

2018-12-12 09:54:33 - [TEST_STEP][PASSED] - click: Object: 'Object Repository/Final Object Repo/Creating Employer Account/Page_Registration - ASSIST (Base)/City - Johor Bharu' is clicked on

2018-12-12 09:54:34 - [MESSAGE][PASSED] - Object: 'Object Repository/Final Object Repo/Creating Employer Account/Page_Registration - ASSIST (Base)/City - Johor Bharu' is clicked on

2018-12-12 09:54:34 - [TEST_STEP][PASSED] - delay: Delayed 2 second(s)

2018-12-12 09:54:36 - [MESSAGE][PASSED] - Delayed 2 second(s)

2018-12-12 09:54:36 - [TEST_STEP][PASSED] - click: Object: 'Object Repository/Final Object Repo/Creating Employer Account/Page_Registration - ASSIST (Base)/Post Code' is clicked on

2018-12-12 09:54:36 - [MESSAGE][PASSED] - Object: 'Object Repository/Final Object Repo/Creating Employer Account/Page_Registration - ASSIST (Base)/Post Code' is clicked on

2018-12-12 09:54:36 - [TEST_STEP][PASSED] - delay: Delayed 2 second(s)

2018-12-12 09:54:38 - [MESSAGE][PASSED] - Delayed 2 second(s)

2018-12-12 09:54:38 - [TEST_STEP][PASSED] - setText: Text '810' is set on object 'Object Repository/Final Object Repo/Creating Employer Account/Page_Registration - ASSIST (Base)/Post Code - 810'

2018-12-12 09:54:38 - [MESSAGE][PASSED] - Text '810' is set on object 'Object Repository/Final Object Repo/Creating Employer Account/Page_Registration - ASSIST (Base)/Post Code - 810'

2018-12-12 09:54:38 - [TEST_STEP][PASSED] - delay: Delayed 2 second(s)

2018-12-12 09:54:40 - [MESSAGE][PASSED] - Delayed 2 second(s)

2018-12-12 09:54:40 - [TEST_STEP][PASSED] - click: Object: 'Object Repository/Final Object Repo/Creating Employer Account/Page_Registration - ASSIST (Base)/Post Code - 81000' is clicked on

2018-12-12 09:54:40 - [MESSAGE][PASSED] - Object: 'Object Repository/Final Object Repo/Creating Employer Account/Page_Registration - ASSIST (Base)/Post Code - 81000' is clicked on

2018-12-12 09:54:40 - [TEST_STEP][PASSED] - delay: Delayed 2 second(s)

2018-12-12 09:54:42 - [MESSAGE][PASSED] - Delayed 2 second(s)

2018-12-12 09:54:42 - [TEST_STEP][PASSED] - setText: Text 'PERKESO' is set on object 'Object Repository/Final Object Repo/Creating Employer Account/Page_Registration - ASSIST (Base)/Full Name'

2018-12-12 09:54:42 - [MESSAGE][PASSED] - Text 'PERKESO' is set on object 'Object Repository/Final Object Repo/Creating Employer Account/Page_Registration - ASSIST (Base)/Full Name'

2018-12-12 09:54:42 - [TEST_STEP][PASSED] - Statement - rnd = new java.util.Random(): null

2018-12-12 09:54:42 - [TEST_STEP][PASSED] - Statement - snum = rnd.nextInt(899999 + 1) + 100000: null

2018-12-12 09:54:42 - [TEST_STEP][PASSED] - Statement - tnum = rnd.nextInt(899999 + 1) + 100000: null

2018-12-12 09:54:42 - [TEST_STEP][PASSED] - Statement - IC = java.lang.Integer.toString(snum) + java.lang.Integer.toString(tnum): null

2018-12-12 09:54:42 - [TEST_STEP][PASSED] - Statement - out.println(IC): null

2018-12-12 09:54:42 - [TEST_STEP][PASSED] - setText: Text '841257523203' is set on object 'Object Repository/Final Object Repo/Creating Employer Account/Page_Registration - ASSIST (Base)/Identification Number'

2018-12-12 09:54:43 - [MESSAGE][PASSED] - Text '841257523203' is set on object 'Object Repository/Final Object Repo/Creating Employer Account/Page_Registration - ASSIST (Base)/Identification Number'

2018-12-12 09:54:43 - [TEST_STEP][PASSED] - delay: Delayed 2 second(s)

2018-12-12 09:54:45 - [MESSAGE][PASSED] - Delayed 2 second(s)

2018-12-12 09:54:45 - [TEST_STEP][PASSED] - setText: Text '123456789012' is set on object 'Object Repository/Final Object Repo/Creating Employer Account/Page_Registration - ASSIST (Base)/Contact Number'

2018-12-12 09:54:45 - [MESSAGE][PASSED] - Text '123456789012' is set on object 'Object Repository/Final Object Repo/Creating Employer Account/Page_Registration - ASSIST (Base)/Contact Number'

2018-12-12 09:54:45 - [TEST_STEP][PASSED] - Statement - Email = "perkeso" + IC + "@gmail.com": null

2018-12-12 09:54:45 - [TEST_STEP][PASSED] - delay: Delayed 2 second(s)

2018-12-12 09:54:47 - [MESSAGE][PASSED] - Delayed 2 second(s)

2018-12-12 09:54:47 - [TEST_STEP][PASSED] - callTestCase: Call Test Case 'Test Cases/Final Aug 2018 - PKS Automation/Create Employer Acc/Template/Employer Email Settler' successfully

2018-12-12 09:54:47 - [TEST_CASE][PASSED] - Test Cases/Final Aug 2018 - PKS Automation/Create Employer Acc/Template/Employer Email Settler: Test Cases/Final Aug 2018 - PKS Automation/Create Employer Acc/Template/Employer Email Settler

2018-12-12 09:54:47 - [TEST_STEP][PASSED] - Statement - EmpEmailOld = new java.io.File(C://Users//Admin//Desktop//PKS//Automation Reference Point//EmpEmail.txt): null

2018-12-12 09:54:47 - [TEST_STEP][PASSED] - Statement - EmpEmailOld.delete(): null

2018-12-12 09:54:47 - [TEST_STEP][PASSED] - delay: Delayed 5 second(s)

2018-12-12 09:54:52 - [MESSAGE][PASSED] - Delayed 5 second(s)

2018-12-12 09:54:52 - [TEST_STEP][PASSED] - Statement - EmpEmail = new java.io.File(C://Users//Admin//Desktop//PKS//Automation Reference Point//EmpEmail.txt): null

2018-12-12 09:54:52 - [TEST_STEP][PASSED] - Statement - f2 = new java.io.FileWriter(EmpEmail, false): null

2018-12-12 09:54:52 - [TEST_STEP][PASSED] - Statement - f2.write(Email): null

2018-12-12 09:54:52 - [TEST_STEP][PASSED] - Statement - f2.close(): null

2018-12-12 09:54:52 - [TEST_STEP][PASSED] - Statement - out.println(Email): null

2018-12-12 09:54:52 - [MESSAGE][PASSED] - Call Test Case 'Test Cases/Final Aug 2018 - PKS Automation/Create Employer Acc/Template/Employer Email Settler' successfully

2018-12-12 09:54:52 - [TEST_STEP][PASSED] - delay: Delayed 2 second(s)

2018-12-12 09:54:54 - [MESSAGE][PASSED] - Delayed 2 second(s)

2018-12-12 09:54:54 - [TEST_STEP][PASSED] - setText: Text 'perkeso841257523203@gmail.com' is set on object 'Object Repository/Final Object Repo/Creating Employer Account/Page_Registration - ASSIST (Base)/Email'

2018-12-12 09:54:55 - [MESSAGE][PASSED] - Text 'perkeso841257523203@gmail.com' is set on object 'Object Repository/Final Object Repo/Creating Employer Account/Page_Registration - ASSIST (Base)/Email'

2018-12-12 09:54:55 - [TEST_STEP][PASSED] - setText: Text '123' is set on object 'Object Repository/Final Object Repo/Creating Employer Account/Page_Registration - ASSIST (Base)/Security Phase'

2018-12-12 09:54:55 - [MESSAGE][PASSED] - Text '123' is set on object 'Object Repository/Final Object Repo/Creating Employer Account/Page_Registration - ASSIST (Base)/Security Phase'

2018-12-12 09:54:55 - [TEST_STEP][PASSED] - click: Object: 'Object Repository/Final Object Repo/Creating Employer Account/Page_Registration - ASSIST (Base)/Save  Continue' is clicked on

2018-12-12 09:54:55 - [MESSAGE][PASSED] - Object: 'Object Repository/Final Object Repo/Creating Employer Account/Page_Registration - ASSIST (Base)/Save  Continue' is clicked on

2018-12-12 09:54:55 - [TEST_STEP][PASSED] - delay: Delayed 2 second(s)

2018-12-12 09:54:57 - [MESSAGE][PASSED] - Delayed 2 second(s)

2018-12-12 09:54:57 - [TEST_STEP][PASSED] - click: Object: 'Object Repository/Final Object Repo/Creating Employer Account/Page_Registration - ASSIST (Base)/Add Document' is clicked on

2018-12-12 09:54:57 - [MESSAGE][PASSED] - Object: 'Object Repository/Final Object Repo/Creating Employer Account/Page_Registration - ASSIST (Base)/Add Document' is clicked on

2018-12-12 09:54:57 - [TEST_STEP][PASSED] - delay: Delayed 2 second(s)

2018-12-12 09:54:59 - [MESSAGE][PASSED] - Delayed 2 second(s)

2018-12-12 09:54:59 - [TEST_STEP][PASSED] - click: Object: 'Object Repository/Final Object Repo/Creating Employer Account/Page_Registration - ASSIST (Base)/Document Type' is clicked on

2018-12-12 09:55:00 - [MESSAGE][PASSED] - Object: 'Object Repository/Final Object Repo/Creating Employer Account/Page_Registration - ASSIST (Base)/Document Type' is clicked on

2018-12-12 09:55:00 - [TEST_STEP][PASSED] - delay: Delayed 2 second(s)

2018-12-12 09:55:02 - [MESSAGE][PASSED] - Delayed 2 second(s)

2018-12-12 09:55:02 - [TEST_STEP][PASSED] - click: Object: 'Object Repository/Final Object Repo/Creating Employer Account/Page_Registration - ASSIST (Base)/Document Type - Letter of Authorization' is clicked on

2018-12-12 09:55:02 - [MESSAGE][PASSED] - Object: 'Object Repository/Final Object Repo/Creating Employer Account/Page_Registration - ASSIST (Base)/Document Type - Letter of Authorization' is clicked on

2018-12-12 09:55:02 - [TEST_STEP][PASSED] - delay: Delayed 2 second(s)

2018-12-12 09:55:04 - [MESSAGE][PASSED] - Delayed 2 second(s)

2018-12-12 09:55:04 - [TEST_STEP][PASSED] - sendKeys: Keys 'C:\Users\Public\Pictures\Sample Pictures\Koala.jpg' sent to object: 'Object Repository/Final Object Repo/Creating Employer Account/Page_Registration - ASSIST (Base)/Uploading File'

2018-12-12 09:55:04 - [MESSAGE][PASSED] - Keys 'C:\Users\Public\Pictures\Sample Pictures\Koala.jpg' sent to object: 'Object Repository/Final Object Repo/Creating Employer Account/Page_Registration - ASSIST (Base)/Uploading File'

2018-12-12 09:55:04 - [TEST_STEP][PASSED] - delay: Delayed 2 second(s)

2018-12-12 09:55:06 - [MESSAGE][PASSED] - Delayed 2 second(s)

2018-12-12 09:55:06 - [TEST_STEP][PASSED] - click: Object: 'Object Repository/Final Object Repo/Creating Employer Account/Page_Registration - ASSIST (Base)/Add Document in Uploading File' is clicked on

2018-12-12 09:55:06 - [MESSAGE][PASSED] - Object: 'Object Repository/Final Object Repo/Creating Employer Account/Page_Registration - ASSIST (Base)/Add Document in Uploading File' is clicked on

2018-12-12 09:55:06 - [TEST_STEP][PASSED] - delay: Delayed 2 second(s)

2018-12-12 09:55:08 - [MESSAGE][PASSED] - Delayed 2 second(s)

2018-12-12 09:55:08 - [TEST_STEP][PASSED] - click: Object: 'Object Repository/Final Object Repo/Creating Employer Account/Page_Registration - ASSIST (Base)/Save' is clicked on

2018-12-12 09:55:08 - [MESSAGE][PASSED] - Object: 'Object Repository/Final Object Repo/Creating Employer Account/Page_Registration - ASSIST (Base)/Save' is clicked on

2018-12-12 09:55:08 - [TEST_STEP][PASSED] - delay: Delayed 2 second(s)

2018-12-12 09:55:10 - [MESSAGE][PASSED] - Delayed 2 second(s)

2018-12-12 09:55:10 - [TEST_STEP][PASSED] - click: Object: 'Object Repository/Final Object Repo/Creating Employer Account/Page_Registration - ASSIST (Base)/Submit' is clicked on

2018-12-12 09:55:10 - [MESSAGE][PASSED] - Object: 'Object Repository/Final Object Repo/Creating Employer Account/Page_Registration - ASSIST (Base)/Submit' is clicked on

2018-12-12 09:55:10 - [TEST_STEP][PASSED] - delay: Delayed 2 second(s)

2018-12-12 09:55:12 - [MESSAGE][PASSED] - Delayed 2 second(s)

2018-12-12 09:55:12 - [TEST_STEP][PASSED] - click: Object: 'Object Repository/Final Object Repo/Creating Employer Account/Page_Registration - ASSIST (Base)/Confirm' is clicked on

2018-12-12 09:55:13 - [MESSAGE][PASSED] - Object: 'Object Repository/Final Object Repo/Creating Employer Account/Page_Registration - ASSIST (Base)/Confirm' is clicked on

2018-12-12 09:55:13 - [MESSAGE][PASSED] - Call Test Case 'Test Cases/Final Aug 2018 - PKS Automation/Create Employer Acc/Template/Register Employer' successfully

2018-12-12 09:55:13 - [TEST_STEP][PASSED] - delay: Delayed 1 second(s)

2018-12-12 09:55:14 - [MESSAGE][PASSED] - Delayed 1 second(s)

2018-12-12 09:55:14 - [TEST_STEP][PASSED] - navigateToUrl: Navigate to 'https://assist2-uat.perkeso.gov.my/c/portal/logout' successfully

2018-12-12 09:55:15 - [MESSAGE][PASSED] - Navigate to 'https://assist2-uat.perkeso.gov.my/c/portal/logout' successfully

2018-12-12 09:55:15 - [TEST_STEP][PASSED] - delay: Delayed 1 second(s)

2018-12-12 09:55:16 - [MESSAGE][PASSED] - Delayed 1 second(s)

2018-12-12 09:55:16 - [TEST_STEP][PASSED] - callTestCase: Call Test Case 'Test Cases/Final Aug 2018 - PKS Automation/Create Employer Acc/Template/Change Password of Employer' successfully

2018-12-12 09:55:16 - [TEST_CASE][PASSED] - Test Cases/Final Aug 2018 - PKS Automation/Create Employer Acc/Template/Change Password of Employer: Test Cases/Final Aug 2018 - PKS Automation/Create Employer Acc/Template/Change Password of Employer

2018-12-12 09:55:17 - [TEST_STEP][PASSED] - openBrowser: Browser is opened with url: ''

2018-12-12 09:55:17 - [MESSAGE][WARNING] - A browser is already opened. Closing browser and opening a new one

2018-12-12 09:55:21 - [MESSAGE][PASSED] - Browser is opened with url: ''

2018-12-12 09:55:21 - [TEST_STEP][PASSED] - navigateToUrl: Navigate to 'https://assist2-uat.perkeso.gov.my/login' successfully

2018-12-12 09:55:22 - [MESSAGE][PASSED] - Navigate to 'https://assist2-uat.perkeso.gov.my/login' successfully

2018-12-12 09:55:22 - [TEST_STEP][PASSED] - delay: Delayed 5 second(s)

2018-12-12 09:55:27 - [MESSAGE][PASSED] - Delayed 5 second(s)

2018-12-12 09:55:27 - [TEST_STEP][PASSED] - setText: Text 'test@liferay.com' is set on object 'Object Repository/Final Object Repo/Login Page/Internal User/Email Address'

2018-12-12 09:55:27 - [MESSAGE][PASSED] - Text 'test@liferay.com' is set on object 'Object Repository/Final Object Repo/Login Page/Internal User/Email Address'

2018-12-12 09:55:27 - [TEST_STEP][PASSED] - click: Object: 'Object Repository/Final Object Repo/Login Page/Internal User/Next Button' is clicked on

2018-12-12 09:55:27 - [MESSAGE][PASSED] - Object: 'Object Repository/Final Object Repo/Login Page/Internal User/Next Button' is clicked on

2018-12-12 09:55:27 - [TEST_STEP][PASSED] - delay: Delayed 2 second(s)

2018-12-12 09:55:29 - [MESSAGE][PASSED] - Delayed 2 second(s)

2018-12-12 09:55:29 - [TEST_STEP][PASSED] - setText: Text 'test' is set on object 'Object Repository/Final Object Repo/Login Page/Internal User/Password'

2018-12-12 09:55:30 - [MESSAGE][PASSED] - Text 'test' is set on object 'Object Repository/Final Object Repo/Login Page/Internal User/Password'

2018-12-12 09:55:30 - [TEST_STEP][PASSED] - delay: Delayed 2 second(s)

2018-12-12 09:55:32 - [MESSAGE][PASSED] - Delayed 2 second(s)

2018-12-12 09:55:32 - [TEST_STEP][PASSED] - click: Object: 'Object Repository/Final Object Repo/Login Page/Internal User/Login Button' is clicked on

2018-12-12 09:55:32 - [MESSAGE][PASSED] - Object: 'Object Repository/Final Object Repo/Login Page/Internal User/Login Button' is clicked on

2018-12-12 09:55:32 - [TEST_STEP][PASSED] - delay: Delayed 3 second(s)

2018-12-12 09:55:35 - [MESSAGE][PASSED] - Delayed 3 second(s)

2018-12-12 09:55:35 - [TEST_STEP][PASSED] - navigateToUrl: Navigate to 'https://assist2-uat.perkeso.gov.my/group/control_panel/manage?p_p_id=125&p_p_lifecycle=0&p_p_state=maximized&p_p_mode=view&refererPlid=20455&_125_usersListView=flat-users&_125_toolbarItem=view-all-users&_125_saveUsersListView=true&_125_struts_action=%2Fusers_admin%2Fview' successfully

2018-12-12 09:55:36 - [MESSAGE][PASSED] - Navigate to 'https://assist2-uat.perkeso.gov.my/group/control_panel/manage?p_p_id=125&p_p_lifecycle=0&p_p_state=maximized&p_p_mode=view&refererPlid=20455&_125_usersListView=flat-users&_125_toolbarItem=view-all-users&_125_saveUsersListView=true&_125_struts_action=%2Fusers_admin%2Fview' successfully

2018-12-12 09:55:36 - [TEST_STEP][PASSED] - delay: Delayed 3 second(s)

2018-12-12 09:55:39 - [MESSAGE][PASSED] - Delayed 3 second(s)

2018-12-12 09:55:39 - [TEST_STEP][PASSED] - setText: Text 'perkeso841257523203@gmail.com' is set on object 'Object Repository/Final Object Repo/Creating Employer Account/Page_Users and Organizations - ASSIST/Employer name'

2018-12-12 09:55:40 - [MESSAGE][PASSED] - Text 'perkeso841257523203@gmail.com' is set on object 'Object Repository/Final Object Repo/Creating Employer Account/Page_Users and Organizations - ASSIST/Employer name'

2018-12-12 09:55:40 - [TEST_STEP][PASSED] - delay: Delayed 3 second(s)

2018-12-12 09:55:43 - [MESSAGE][PASSED] - Delayed 3 second(s)

2018-12-12 09:55:43 - [TEST_STEP][PASSED] - click: Object: 'Object Repository/Final Object Repo/Creating Employer Account/Page_Users and Organizations - ASSIST/Search' is clicked on

2018-12-12 09:55:43 - [MESSAGE][PASSED] - Object: 'Object Repository/Final Object Repo/Creating Employer Account/Page_Users and Organizations - ASSIST/Search' is clicked on

2018-12-12 09:55:43 - [TEST_STEP][PASSED] - delay: Delayed 3 second(s)

2018-12-12 09:55:46 - [MESSAGE][PASSED] - Delayed 3 second(s)

2018-12-12 09:55:46 - [TEST_STEP][PASSED] - click: Object: 'Object Repository/Final Object Repo/Creating Employer Account/Page_Users and Organizations - ASSIST/Action' is clicked on

2018-12-12 09:55:46 - [MESSAGE][PASSED] - Object: 'Object Repository/Final Object Repo/Creating Employer Account/Page_Users and Organizations - ASSIST/Action' is clicked on

2018-12-12 09:55:46 - [TEST_STEP][PASSED] - delay: Delayed 3 second(s)

2018-12-12 09:55:49 - [MESSAGE][PASSED] - Delayed 3 second(s)

2018-12-12 09:55:49 - [TEST_STEP][PASSED] - click: Object: 'Object Repository/Final Object Repo/Creating Employer Account/Page_Users and Organizations - ASSIST/Edit' is clicked on

2018-12-12 09:55:51 - [MESSAGE][PASSED] - Object: 'Object Repository/Final Object Repo/Creating Employer Account/Page_Users and Organizations - ASSIST/Edit' is clicked on

2018-12-12 09:55:51 - [TEST_STEP][PASSED] - delay: Delayed 3 second(s)

2018-12-12 09:55:54 - [MESSAGE][PASSED] - Delayed 3 second(s)

2018-12-12 09:55:54 - [TEST_STEP][PASSED] - click: Object: 'Object Repository/Final Object Repo/Creating Employer Account/Page_PERKESO - Users and Organizati/a_Password (Modified)' is clicked on

2018-12-12 09:55:54 - [MESSAGE][PASSED] - Object: 'Object Repository/Final Object Repo/Creating Employer Account/Page_PERKESO - Users and Organizati/a_Password (Modified)' is clicked on

2018-12-12 09:55:54 - [TEST_STEP][PASSED] - delay: Delayed 3 second(s)

2018-12-12 09:55:57 - [MESSAGE][PASSED] - Delayed 3 second(s)

2018-12-12 09:55:57 - [TEST_STEP][PASSED] - setEncryptedText: Text ****** has been set on object 'Object Repository/Final Object Repo/Creating Employer Account/Page_PERKESO - Users and Organizati/input__125_password1'

2018-12-12 09:55:57 - [MESSAGE][PASSED] - Text ****** has been set on object 'Object Repository/Final Object Repo/Creating Employer Account/Page_PERKESO - Users and Organizati/input__125_password1'

2018-12-12 09:55:57 - [TEST_STEP][PASSED] - delay: Delayed 3 second(s)

2018-12-12 09:56:00 - [MESSAGE][PASSED] - Delayed 3 second(s)

2018-12-12 09:56:00 - [TEST_STEP][PASSED] - setEncryptedText: Text ****** has been set on object 'Object Repository/Final Object Repo/Creating Employer Account/Page_PERKESO - Users and Organizati/input__125_password2'

2018-12-12 09:56:00 - [MESSAGE][PASSED] - Text ****** has been set on object 'Object Repository/Final Object Repo/Creating Employer Account/Page_PERKESO - Users and Organizati/input__125_password2'

2018-12-12 09:56:00 - [TEST_STEP][PASSED] - delay: Delayed 3 second(s)

2018-12-12 09:56:03 - [MESSAGE][PASSED] - Delayed 3 second(s)

2018-12-12 09:56:03 - [TEST_STEP][PASSED] - click: Object: 'Object Repository/Final Object Repo/Creating Employer Account/Page_PERKESO - Users and Organizati/Save' is clicked on

2018-12-12 09:56:05 - [MESSAGE][PASSED] - Object: 'Object Repository/Final Object Repo/Creating Employer Account/Page_PERKESO - Users and Organizati/Save' is clicked on

2018-12-12 09:56:05 - [MESSAGE][PASSED] - Call Test Case 'Test Cases/Final Aug 2018 - PKS Automation/Create Employer Acc/Template/Change Password of Employer' successfully

2018-12-12 09:56:05 - [TEST_STEP][PASSED] - delay: Delayed 1 second(s)

2018-12-12 09:56:06 - [MESSAGE][PASSED] - Delayed 1 second(s)

2018-12-12 09:56:06 - [TEST_STEP][PASSED] - navigateToUrl: Navigate to 'https://assist2-uat.perkeso.gov.my/c/portal/logout' successfully

2018-12-12 09:56:07 - [MESSAGE][PASSED] - Navigate to 'https://assist2-uat.perkeso.gov.my/c/portal/logout' successfully

2018-12-12 09:56:07 - [TEST_STEP][PASSED] - delay: Delayed 1 second(s)

2018-12-12 09:56:08 - [MESSAGE][PASSED] - Delayed 1 second(s)

2018-12-12 09:56:08 - [TEST_STEP][PASSED] - callTestCase: Call Test Case 'Test Cases/Final Aug 2018 - PKS Automation/Create Employer Acc/Template/Login to Employer Account (First Time)' successfully

2018-12-12 09:56:08 - [TEST_CASE][PASSED] - Test Cases/Final Aug 2018 - PKS Automation/Create Employer Acc/Template/Login to Employer Account (First Time): Test Cases/Final Aug 2018 - PKS Automation/Create Employer Acc/Template/Login to Employer Account (First Time)

2018-12-12 09:56:08 - [TEST_STEP][PASSED] - openBrowser: Browser is opened with url: ''

2018-12-12 09:56:08 - [MESSAGE][WARNING] - A browser is already opened. Closing browser and opening a new one

2018-12-12 09:56:13 - [MESSAGE][PASSED] - Browser is opened with url: ''

2018-12-12 09:56:13 - [TEST_STEP][PASSED] - navigateToUrl: Navigate to 'https://assist2-uat.perkeso.gov.my/employer/login' successfully

2018-12-12 09:56:14 - [MESSAGE][PASSED] - Navigate to 'https://assist2-uat.perkeso.gov.my/employer/login' successfully

2018-12-12 09:56:14 - [TEST_STEP][PASSED] - delay: Delayed 3 second(s)

2018-12-12 09:56:17 - [MESSAGE][PASSED] - Delayed 3 second(s)

2018-12-12 09:56:17 - [TEST_STEP][PASSED] - callTestCase: Call Test Case 'Test Cases/Final Aug 2018 - PKS Automation/Create Employer Acc/Template/Employer Email Getter' successfully

2018-12-12 09:56:17 - [TEST_CASE][PASSED] - Test Cases/Final Aug 2018 - PKS Automation/Create Employer Acc/Template/Employer Email Getter: Test Cases/Final Aug 2018 - PKS Automation/Create Employer Acc/Template/Employer Email Getter

2018-12-12 09:56:17 - [TEST_STEP][PASSED] - Statement - Try: null

2018-12-12 09:56:17 - [TEST_STEP][PASSED] - Statement - EmpEmail = new java.io.File(C://Users//Admin//Desktop//PKS//Automation Reference Point//EmpEmail.txt): null

2018-12-12 09:56:17 - [TEST_STEP][PASSED] - Statement - bufferread = new java.io.BufferedReader(new java.io.FileReader(EmpEmail)): null

2018-12-12 09:56:17 - [TEST_STEP][PASSED] - Statement - readedVal = bufferread.readLine(): null

2018-12-12 09:56:17 - [TEST_STEP][PASSED] - Statement - out.println(readedVal): null

2018-12-12 09:56:17 - [TEST_STEP][PASSED] - Statement - Email = readedVal: null

2018-12-12 09:56:17 - [MESSAGE][PASSED] - Call Test Case 'Test Cases/Final Aug 2018 - PKS Automation/Create Employer Acc/Template/Employer Email Getter' successfully

2018-12-12 09:56:17 - [TEST_STEP][PASSED] - setText: Text 'perkeso841257523203@gmail.com' is set on object 'Object Repository/Final Object Repo/Login Page/External Login Page/Email'

2018-12-12 09:56:17 - [MESSAGE][PASSED] - Text 'perkeso841257523203@gmail.com' is set on object 'Object Repository/Final Object Repo/Login Page/External Login Page/Email'

2018-12-12 09:56:17 - [TEST_STEP][PASSED] - click: Object: 'Object Repository/Final Object Repo/Login Page/External Login Page/Next' is clicked on

2018-12-12 09:56:18 - [MESSAGE][PASSED] - Object: 'Object Repository/Final Object Repo/Login Page/External Login Page/Next' is clicked on

2018-12-12 09:56:18 - [TEST_STEP][PASSED] - delay: Delayed 3 second(s)

2018-12-12 09:56:21 - [MESSAGE][PASSED] - Delayed 3 second(s)

2018-12-12 09:56:21 - [TEST_STEP][PASSED] - setEncryptedText: Text ****** has been set on object 'Object Repository/Final Object Repo/Login Page/External Login Page/Password'

2018-12-12 09:56:21 - [MESSAGE][PASSED] - Text ****** has been set on object 'Object Repository/Final Object Repo/Login Page/External Login Page/Password'

2018-12-12 09:56:21 - [TEST_STEP][PASSED] - click: Object: 'Object Repository/Final Object Repo/Login Page/External Login Page/Login' is clicked on

2018-12-12 09:56:21 - [MESSAGE][PASSED] - Object: 'Object Repository/Final Object Repo/Login Page/External Login Page/Login' is clicked on

2018-12-12 09:56:21 - [TEST_STEP][PASSED] - delay: Delayed 3 second(s)

2018-12-12 09:56:24 - [MESSAGE][PASSED] - Delayed 3 second(s)

2018-12-12 09:56:24 - [TEST_STEP][PASSED] - click: Object: 'Object Repository/Final Object Repo/Creating Employer Account/Page_Terms of Use - ASSIST/button_I Agree' is clicked on

2018-12-12 09:56:25 - [MESSAGE][PASSED] - Object: 'Object Repository/Final Object Repo/Creating Employer Account/Page_Terms of Use - ASSIST/button_I Agree' is clicked on

2018-12-12 09:56:25 - [TEST_STEP][PASSED] - delay: Delayed 2 second(s)

2018-12-12 09:56:27 - [MESSAGE][PASSED] - Delayed 2 second(s)

2018-12-12 09:56:27 - [TEST_STEP][PASSED] - setEncryptedText: Text ****** has been set on object 'Object Repository/Final Object Repo/Creating Employer Account/Page_New Password - ASSIST/input_password1'

2018-12-12 09:56:27 - [MESSAGE][PASSED] - Text ****** has been set on object 'Object Repository/Final Object Repo/Creating Employer Account/Page_New Password - ASSIST/input_password1'

2018-12-12 09:56:27 - [TEST_STEP][PASSED] - setEncryptedText: Text ****** has been set on object 'Object Repository/Final Object Repo/Creating Employer Account/Page_New Password - ASSIST/input_password2'

2018-12-12 09:56:28 - [MESSAGE][PASSED] - Text ****** has been set on object 'Object Repository/Final Object Repo/Creating Employer Account/Page_New Password - ASSIST/input_password2'

2018-12-12 09:56:28 - [TEST_STEP][PASSED] - delay: Delayed 2 second(s)

2018-12-12 09:56:30 - [MESSAGE][PASSED] - Delayed 2 second(s)

2018-12-12 09:56:30 - [TEST_STEP][PASSED] - click: Object: 'Object Repository/Final Object Repo/Creating Employer Account/Page_New Password - ASSIST/Save' is clicked on

2018-12-12 09:56:30 - [MESSAGE][PASSED] - Object: 'Object Repository/Final Object Repo/Creating Employer Account/Page_New Password - ASSIST/Save' is clicked on

2018-12-12 09:56:30 - [TEST_STEP][PASSED] - delay: Delayed 2 second(s)

2018-12-12 09:56:32 - [MESSAGE][PASSED] - Delayed 2 second(s)

2018-12-12 09:56:32 - [TEST_STEP][PASSED] - setText: Text 'test' is set on object 'Object Repository/Final Object Repo/Creating Employer Account/Page_Password Reminder - ASSIST/Reminder Query Answer'

2018-12-12 09:56:32 - [MESSAGE][PASSED] - Text 'test' is set on object 'Object Repository/Final Object Repo/Creating Employer Account/Page_Password Reminder - ASSIST/Reminder Query Answer'

2018-12-12 09:56:32 - [TEST_STEP][PASSED] - delay: Delayed 2 second(s)

2018-12-12 09:56:34 - [MESSAGE][PASSED] - Delayed 2 second(s)

2018-12-12 09:56:34 - [TEST_STEP][PASSED] - doubleClick: Object: 'Object Repository/Final Object Repo/Creating Employer Account/Page_Password Reminder - ASSIST/Save' is double clicked on

2018-12-12 09:56:34 - [MESSAGE][PASSED] - Object: 'Object Repository/Final Object Repo/Creating Employer Account/Page_Password Reminder - ASSIST/Save' is double clicked on

2018-12-12 09:56:34 - [MESSAGE][PASSED] - Call Test Case 'Test Cases/Final Aug 2018 - PKS Automation/Create Employer Acc/Template/Login to Employer Account (First Time)' successfully

2018-12-12 09:56:34 - [MESSAGE][PASSED] - Call Test Case 'Test Cases/Final Aug 2018 - PKS Automation/Create Employer Acc/Create Employer Account' successfully

2018-12-12 09:56:34 - [TEST_STEP][PASSED] - callTestCase: Call Test Case 'Test Cases/Final Aug 2018 - PKS Automation/Registration Module/Log Out/log out avoiding katalon tagging' successfully

2018-12-12 09:56:34 - [TEST_CASE][PASSED] - Test Cases/Final Aug 2018 - PKS Automation/Registration Module/Log Out/log out avoiding katalon tagging: Test Cases/Final Aug 2018 - PKS Automation/Registration Module/Log Out/log out avoiding katalon tagging

2018-12-12 09:56:34 - [TEST_STEP][PASSED] - navigateToUrl: Navigate to 'https://assist2-uat.perkeso.gov.my/c/portal/logout' successfully

2018-12-12 09:56:37 - [MESSAGE][PASSED] - Navigate to 'https://assist2-uat.perkeso.gov.my/c/portal/logout' successfully

2018-12-12 09:56:37 - [MESSAGE][PASSED] - Call Test Case 'Test Cases/Final Aug 2018 - PKS Automation/Registration Module/Log Out/log out avoiding katalon tagging' successfully

2018-12-12 09:56:37 - [TEST_STEP][PASSED] - callTestCase: Call Test Case 'Test Cases/Final Aug 2018 - PKS Automation/Create Employer Acc/Login to Employer Account (Second time)' successfully

2018-12-12 09:56:37 - [TEST_CASE][PASSED] - Test Cases/Final Aug 2018 - PKS Automation/Create Employer Acc/Login to Employer Account (Second time): Test Cases/Final Aug 2018 - PKS Automation/Create Employer Acc/Login to Employer Account (Second time)

2018-12-12 09:56:37 - [TEST_STEP][PASSED] - openBrowser: Browser is opened with url: ''

2018-12-12 09:56:37 - [MESSAGE][WARNING] - A browser is already opened. Closing browser and opening a new one

2018-12-12 09:56:42 - [MESSAGE][PASSED] - Browser is opened with url: ''

2018-12-12 09:56:42 - [TEST_STEP][PASSED] - navigateToUrl: Navigate to 'https://assist2-uat.perkeso.gov.my/employer/login' successfully

2018-12-12 09:56:43 - [MESSAGE][PASSED] - Navigate to 'https://assist2-uat.perkeso.gov.my/employer/login' successfully

2018-12-12 09:56:43 - [TEST_STEP][PASSED] - delay: Delayed 3 second(s)

2018-12-12 09:56:46 - [MESSAGE][PASSED] - Delayed 3 second(s)

2018-12-12 09:56:46 - [TEST_STEP][PASSED] - callTestCase: Call Test Case 'Test Cases/Final Aug 2018 - PKS Automation/Create Employer Acc/Template/Employer Email Getter' successfully

2018-12-12 09:56:46 - [TEST_CASE][PASSED] - Test Cases/Final Aug 2018 - PKS Automation/Create Employer Acc/Template/Employer Email Getter: Test Cases/Final Aug 2018 - PKS Automation/Create Employer Acc/Template/Employer Email Getter

2018-12-12 09:56:46 - [TEST_STEP][PASSED] - Statement - Try: null

2018-12-12 09:56:46 - [TEST_STEP][PASSED] - Statement - EmpEmail = new java.io.File(C://Users//Admin//Desktop//PKS//Automation Reference Point//EmpEmail.txt): null

2018-12-12 09:56:46 - [TEST_STEP][PASSED] - Statement - bufferread = new java.io.BufferedReader(new java.io.FileReader(EmpEmail)): null

2018-12-12 09:56:46 - [TEST_STEP][PASSED] - Statement - readedVal = bufferread.readLine(): null

2018-12-12 09:56:46 - [TEST_STEP][PASSED] - Statement - out.println(readedVal): null

2018-12-12 09:56:46 - [TEST_STEP][PASSED] - Statement - Email = readedVal: null

2018-12-12 09:56:46 - [MESSAGE][PASSED] - Call Test Case 'Test Cases/Final Aug 2018 - PKS Automation/Create Employer Acc/Template/Employer Email Getter' successfully

2018-12-12 09:56:46 - [TEST_STEP][PASSED] - setText: Text 'perkeso841257523203@gmail.com' is set on object 'Object Repository/Final Object Repo/Login Page/External Login Page/Email'

2018-12-12 09:56:46 - [MESSAGE][PASSED] - Text 'perkeso841257523203@gmail.com' is set on object 'Object Repository/Final Object Repo/Login Page/External Login Page/Email'

2018-12-12 09:56:46 - [TEST_STEP][PASSED] - click: Object: 'Object Repository/Final Object Repo/Login Page/External Login Page/Next' is clicked on

2018-12-12 09:56:46 - [MESSAGE][PASSED] - Object: 'Object Repository/Final Object Repo/Login Page/External Login Page/Next' is clicked on

2018-12-12 09:56:46 - [TEST_STEP][PASSED] - delay: Delayed 3 second(s)

2018-12-12 09:56:49 - [MESSAGE][PASSED] - Delayed 3 second(s)

2018-12-12 09:56:49 - [TEST_STEP][PASSED] - setEncryptedText: Text ****** has been set on object 'Object Repository/Final Object Repo/Login Page/External Login Page/Password'

2018-12-12 09:56:50 - [MESSAGE][PASSED] - Text ****** has been set on object 'Object Repository/Final Object Repo/Login Page/External Login Page/Password'

2018-12-12 09:56:50 - [TEST_STEP][PASSED] - click: Object: 'Object Repository/Final Object Repo/Login Page/External Login Page/Login' is clicked on

2018-12-12 09:56:50 - [MESSAGE][PASSED] - Object: 'Object Repository/Final Object Repo/Login Page/External Login Page/Login' is clicked on

2018-12-12 09:56:50 - [TEST_STEP][PASSED] - delay: Delayed 5 second(s)

2018-12-12 09:56:55 - [MESSAGE][PASSED] - Delayed 5 second(s)

2018-12-12 09:56:55 - [MESSAGE][PASSED] - Call Test Case 'Test Cases/Final Aug 2018 - PKS Automation/Create Employer Acc/Login to Employer Account (Second time)' successfully

2018-12-12 09:56:55 - [TEST_STEP][PASSED] - delay: Delayed 4 second(s)

2018-12-12 09:56:59 - [MESSAGE][PASSED] - Delayed 4 second(s)

2018-12-12 09:56:59 - [TEST_STEP][PASSED] - Statement - Try: Delayed 2 second(s)

2018-12-12 09:56:59 - [TEST_STEP][PASSED] - Statement - Checker = false: null

2018-12-12 09:56:59 - [TEST_STEP][PASSED] - Statement - Checker = com.kms.katalon.core.webui.keyword.WebUiBuiltInKeywords.verifyElementHasAttribute(com.kms.katalon.core.testobject.ObjectRepository.findTestObject(Final Object Repo/Landing Page/BM Detecting), "href", 20, OPTIONAL): Object 'Object Repository/Final Object Repo/Landing Page/BM Detecting' has attribute 'href'

2018-12-12 09:56:59 - [MESSAGE][PASSED] - Object 'Object Repository/Final Object Repo/Landing Page/BM Detecting' has attribute 'href'

2018-12-12 09:56:59 - [TEST_STEP][PASSED] - Statement - out.println(Checker): null

2018-12-12 09:56:59 - [TEST_STEP][PASSED] - Statement - If (Checker == false): null

2018-12-12 09:56:59 - [TEST_STEP][PASSED] - Statement - Else: null

2018-12-12 09:56:59 - [TEST_STEP][PASSED] - delay: Delayed 2 second(s)

2018-12-12 09:57:01 - [MESSAGE][PASSED] - Delayed 2 second(s)

2018-12-12 09:57:01 - [TEST_STEP][PASSED] - delay: Delayed 4 second(s)

2018-12-12 09:57:05 - [MESSAGE][PASSED] - Delayed 4 second(s)

2018-12-12 09:57:05 - [TEST_STEP][PASSED] - click: Object: 'Object Repository/Final Object Repo/Landing Page/My Sites Drop Down' is clicked on

2018-12-12 09:57:05 - [MESSAGE][PASSED] - Object: 'Object Repository/Final Object Repo/Landing Page/My Sites Drop Down' is clicked on

2018-12-12 09:57:05 - [TEST_STEP][PASSED] - click: Object: 'Object Repository/Final Object Repo/Landing Page/Select to Registration Module' is clicked on

2018-12-12 09:57:08 - [MESSAGE][PASSED] - Object: 'Object Repository/Final Object Repo/Landing Page/Select to Registration Module' is clicked on

2018-12-12 09:57:08 - [TEST_STEP][PASSED] - click: Object: 'Object Repository/Final Object Repo/Landing Page/Registration Button' is clicked on

2018-12-12 09:57:09 - [MESSAGE][PASSED] - Object: 'Object Repository/Final Object Repo/Landing Page/Registration Button' is clicked on

2018-12-12 09:57:09 - [TEST_STEP][PASSED] - delay: Delayed 2 second(s)

2018-12-12 09:57:11 - [MESSAGE][PASSED] - Delayed 2 second(s)

2018-12-12 09:57:11 - [TEST_STEP][PASSED] - click: Object: 'Object Repository/Final Object Repo/New Registration - Registration Module Pages/New Reg - OTC to RO/Special Case - OTC - Form 1/AEC NO' is clicked on

2018-12-12 09:57:11 - [MESSAGE][PASSED] - Object: 'Object Repository/Final Object Repo/New Registration - Registration Module Pages/New Reg - OTC to RO/Special Case - OTC - Form 1/AEC NO' is clicked on

2018-12-12 09:57:11 - [TEST_STEP][PASSED] - click: Object: 'Object Repository/Final Object Repo/New Registration - Registration Module Pages/New Reg - OTC to RO/Special Case - OTC - Form 1/Business Entity - Please Select' is clicked on

2018-12-12 09:57:12 - [MESSAGE][PASSED] - Object: 'Object Repository/Final Object Repo/New Registration - Registration Module Pages/New Reg - OTC to RO/Special Case - OTC - Form 1/Business Entity - Please Select' is clicked on

2018-12-12 09:57:12 - [TEST_STEP][PASSED] - click: Object: 'Object Repository/Final Object Repo/New Registration - Registration Module Pages/New Reg - OTC to RO/Special Case - OTC - Form 1/Selected - Corporation' is clicked on

2018-12-12 09:57:12 - [MESSAGE][PASSED] - Object: 'Object Repository/Final Object Repo/New Registration - Registration Module Pages/New Reg - OTC to RO/Special Case - OTC - Form 1/Selected - Corporation' is clicked on

2018-12-12 09:57:12 - [TEST_STEP][PASSED] - delay: Delayed 2 second(s)

2018-12-12 09:57:14 - [MESSAGE][PASSED] - Delayed 2 second(s)

2018-12-12 09:57:14 - [TEST_STEP][PASSED] - click: Object: 'Object Repository/Final Object Repo/New Registration - Registration Module Pages/New Reg - OTC to RO/Special Case - OTC - Form 1/Sub Business Entity - Please Select' is clicked on

2018-12-12 09:57:14 - [MESSAGE][PASSED] - Object: 'Object Repository/Final Object Repo/New Registration - Registration Module Pages/New Reg - OTC to RO/Special Case - OTC - Form 1/Sub Business Entity - Please Select' is clicked on

2018-12-12 09:57:14 - [TEST_STEP][PASSED] - delay: Delayed 2 second(s)

2018-12-12 09:57:16 - [MESSAGE][PASSED] - Delayed 2 second(s)

2018-12-12 09:57:16 - [TEST_STEP][PASSED] - click: Object: 'Object Repository/Final Object Repo/New Registration - Registration Module Pages/New Reg - OTC to RO/Special Case - OTC - Form 1/Selected - Sendirian Berhad' is clicked on

2018-12-12 09:57:16 - [MESSAGE][PASSED] - Object: 'Object Repository/Final Object Repo/New Registration - Registration Module Pages/New Reg - OTC to RO/Special Case - OTC - Form 1/Selected - Sendirian Berhad' is clicked on

2018-12-12 09:57:16 - [TEST_STEP][PASSED] - setText: Text 'AUTOMATE001' is set on object 'Object Repository/Final Object Repo/New Registration - Registration Module Pages/New Reg - OTC to RO/Special Case - OTC - Form 1/Input BRN Number'

2018-12-12 09:57:17 - [MESSAGE][PASSED] - Text 'AUTOMATE001' is set on object 'Object Repository/Final Object Repo/New Registration - Registration Module Pages/New Reg - OTC to RO/Special Case - OTC - Form 1/Input BRN Number'

2018-12-12 09:57:17 - [TEST_STEP][PASSED] - delay: Delayed 2 second(s)

2018-12-12 09:57:19 - [MESSAGE][PASSED] - Delayed 2 second(s)

2018-12-12 09:57:19 - [TEST_STEP][PASSED] - click: Object: 'Object Repository/Final Object Repo/New Registration - Registration Module Pages/New Reg - OTC to RO/Special Case - OTC - Form 1/BRN Search' is clicked on

2018-12-12 09:57:19 - [MESSAGE][PASSED] - Object: 'Object Repository/Final Object Repo/New Registration - Registration Module Pages/New Reg - OTC to RO/Special Case - OTC - Form 1/BRN Search' is clicked on

2018-12-12 09:57:19 - [TEST_STEP][PASSED] - delay: Delayed 4 second(s)

2018-12-12 09:57:23 - [MESSAGE][PASSED] - Delayed 4 second(s)

2018-12-12 09:57:23 - [TEST_STEP][PASSED] - click: Object: 'Object Repository/Final Object Repo/New Registration - Registration Module Pages/New Reg - OTC to RO/Special Case - OTC - Form 1/Registered with SSM - After Feb 2017' is clicked on

2018-12-12 09:57:23 - [MESSAGE][PASSED] - Object: 'Object Repository/Final Object Repo/New Registration - Registration Module Pages/New Reg - OTC to RO/Special Case - OTC - Form 1/Registered with SSM - After Feb 2017' is clicked on

2018-12-12 09:57:23 - [TEST_STEP][PASSED] - delay: Delayed 2 second(s)

2018-12-12 09:57:25 - [MESSAGE][PASSED] - Delayed 2 second(s)

2018-12-12 09:57:25 - [TEST_STEP][PASSED] - click: Object: 'Object Repository/Final Object Repo/New Registration - Registration Module Pages/Form 1/Registered As a Branch - Yes' is clicked on

2018-12-12 09:57:25 - [MESSAGE][PASSED] - Object: 'Object Repository/Final Object Repo/New Registration - Registration Module Pages/Form 1/Registered As a Branch - Yes' is clicked on

2018-12-12 09:57:25 - [TEST_STEP][PASSED] - click: Object: 'Object Repository/Final Object Repo/New Registration - Registration Module Pages/New Reg - OTC to RO/Special Case - OTC - Form 1/Acknowledgement Ticked' is clicked on

2018-12-12 09:57:25 - [MESSAGE][PASSED] - Object: 'Object Repository/Final Object Repo/New Registration - Registration Module Pages/New Reg - OTC to RO/Special Case - OTC - Form 1/Acknowledgement Ticked' is clicked on

2018-12-12 09:57:25 - [TEST_STEP][PASSED] - setText: Text 'perkeso841257523203@gmail.com' is set on object 'Object Repository/Final Object Repo/New Registration - Registration Module Pages/Form 1/Email'

2018-12-12 09:57:26 - [MESSAGE][PASSED] - Text 'perkeso841257523203@gmail.com' is set on object 'Object Repository/Final Object Repo/New Registration - Registration Module Pages/Form 1/Email'

2018-12-12 09:57:26 - [TEST_STEP][PASSED] - click: Object: 'Object Repository/Final Object Repo/New Registration - Registration Module Pages/New Reg - OTC to RO/Special Case - OTC - Form 1/Submit Button' is clicked on

2018-12-12 09:57:26 - [MESSAGE][PASSED] - Object: 'Object Repository/Final Object Repo/New Registration - Registration Module Pages/New Reg - OTC to RO/Special Case - OTC - Form 1/Submit Button' is clicked on

2018-12-12 09:57:26 - [TEST_STEP][PASSED] - callTestCase: Call Test Case 'Test Cases/Final Aug 2018 - PKS Automation/Registration Module/New Registration/Form 2/Add 1 Eligible - Employer Account Use' successfully

2018-12-12 09:57:26 - [TEST_CASE][PASSED] - Test Cases/Final Aug 2018 - PKS Automation/Registration Module/New Registration/Form 2/Add 1 Eligible - Employer Account Use: Test Cases/Final Aug 2018 - PKS Automation/Registration Module/New Registration/Form 2/Add 1 Eligible - Employer Account Use

2018-12-12 09:57:26 - [TEST_STEP][PASSED] - delay: Delayed 2 second(s)

2018-12-12 09:57:28 - [MESSAGE][PASSED] - Delayed 2 second(s)

2018-12-12 09:57:28 - [TEST_STEP][PASSED] - callTestCase: Call Test Case 'Test Cases/Final Aug 2018 - PKS Automation/Registration Module/New Registration/Form 2/Date Updater' successfully

2018-12-12 09:57:28 - [TEST_CASE][PASSED] - Test Cases/Final Aug 2018 - PKS Automation/Registration Module/New Registration/Form 2/Date Updater: Test Cases/Final Aug 2018 - PKS Automation/Registration Module/New Registration/Form 2/Date Updater

2018-12-12 09:57:28 - [TEST_STEP][PASSED] - Statement - TodayDate = new java.util.Date(): null

2018-12-12 09:57:28 - [TEST_STEP][PASSED] - Statement - CurrentDateNoFilter = new java.text.SimpleDateFormat(): null

2018-12-12 09:57:28 - [TEST_STEP][PASSED] - Statement - CurrentDateNoFilter.applyPattern("MM"): null

2018-12-12 09:57:28 - [TEST_STEP][PASSED] - Statement - monthContainerMatcher = java.lang.Integer.parseInt(CurrentDateNoFilter.format(TodayDate)): null

2018-12-12 09:57:28 - [TEST_STEP][PASSED] - Statement - monthContainerMatcher = monthContainerMatcher - 1: null

2018-12-12 09:57:28 - [TEST_STEP][PASSED] - Statement - CurrentMonth = monthContainerMatcher.toString(): null

2018-12-12 09:57:28 - [TEST_STEP][PASSED] - Statement - CurrentMonth = CurrentMonth: null

2018-12-12 09:57:28 - [TEST_STEP][PASSED] - Statement - CurrentDateNoFilter.applyPattern("yyyy"): null

2018-12-12 09:57:28 - [TEST_STEP][PASSED] - Statement - CurrentYear = CurrentDateNoFilter.format(TodayDate): null

2018-12-12 09:57:28 - [TEST_STEP][PASSED] - Statement - CurrentYear = CurrentYear: null

2018-12-12 09:57:28 - [TEST_STEP][PASSED] - Statement - intCurrentYear = java.lang.Integer.parseInt(CurrentDateNoFilter.format(TodayDate)): null

2018-12-12 09:57:28 - [TEST_STEP][PASSED] - Statement - eighteenYrsAgo = intCurrentYear - 18: null

2018-12-12 09:57:28 - [TEST_STEP][PASSED] - Statement - eighteenYrsBeforeThisYr = eighteenYrsAgo.toString(): null

2018-12-12 09:57:28 - [TEST_STEP][PASSED] - Statement - EighteenYrsBefore = eighteenYrsBeforeThisYr: null

2018-12-12 09:57:28 - [TEST_STEP][PASSED] - Statement - fiftysevenYrsAgo = intCurrentYear - 57: null

2018-12-12 09:57:28 - [TEST_STEP][PASSED] - Statement - fiftysevenYrsBeforeThisYr = fiftysevenYrsAgo.toString(): null

2018-12-12 09:57:28 - [TEST_STEP][PASSED] - Statement - FiftysevenYrsBefore = fiftysevenYrsBeforeThisYr: null

2018-12-12 09:57:28 - [TEST_STEP][PASSED] - Statement - leapYear = false: null

2018-12-12 09:57:28 - [TEST_STEP][PASSED] - Statement - leapYear = intCurrentYear % 4 == 0: null

2018-12-12 09:57:28 - [TEST_STEP][PASSED] - Statement - CurrentDateNoFilter.applyPattern("dd"): null

2018-12-12 09:57:28 - [TEST_STEP][PASSED] - Statement - CurrentDate = CurrentDateNoFilter.format(TodayDate): null

2018-12-12 09:57:28 - [TEST_STEP][PASSED] - Statement - CurrentDate = java.lang.Integer.parseInt(CurrentDate): null

2018-12-12 09:57:28 - [TEST_STEP][PASSED] - Statement - CurrentDate = CurrentDate: null

2018-12-12 09:57:28 - [TEST_STEP][PASSED] - Statement - CurrentDay = java.lang.Integer.parseInt(CurrentDate): null

2018-12-12 09:57:28 - [TEST_STEP][PASSED] - Statement - ConfAdder = <not implemented yet for class: org.codehaus.groovy.ast.expr.EmptyExpression>: null

2018-12-12 09:57:28 - [TEST_STEP][PASSED] - Statement - out.println(CurrentMonth): null

2018-12-12 09:57:28 - [TEST_STEP][PASSED] - Statement - out.println(CurrentDate): null

2018-12-12 09:57:28 - [TEST_STEP][PASSED] - Statement - switch (CurrentDate): null

2018-12-12 09:57:28 - [TEST_STEP][PASSED] - Statement - Default: null

2018-12-12 09:57:28 - [TEST_STEP][PASSED] - Statement - ConfAdder = true: null

2018-12-12 09:57:28 - [TEST_STEP][PASSED] - Statement - Break: null

2018-12-12 09:57:28 - [TEST_STEP][PASSED] - Statement - aDayBefore = <not implemented yet for class: org.codehaus.groovy.ast.expr.EmptyExpression>: null

2018-12-12 09:57:28 - [TEST_STEP][PASSED] - Statement - out.println(ConfAdder): null

2018-12-12 09:57:28 - [TEST_STEP][PASSED] - Statement - If (ConfAdder == true): null

2018-12-12 09:57:28 - [TEST_STEP][PASSED] - Statement - aDayBefore = CurrentDay + 1: null

2018-12-12 09:57:28 - [TEST_STEP][PASSED] - Statement - out.println(aDayBefore): null

2018-12-12 09:57:28 - [TEST_STEP][PASSED] - Statement - If (aDayBefore == 1 && CurrentMonth == 11): null

2018-12-12 09:57:28 - [TEST_STEP][PASSED] - Statement - DayBefore = aDayBefore.toString(): null

2018-12-12 09:57:28 - [TEST_STEP][PASSED] - Statement - OneDayBefore = DayBefore: null

2018-12-12 09:57:28 - [MESSAGE][PASSED] - Call Test Case 'Test Cases/Final Aug 2018 - PKS Automation/Registration Module/New Registration/Form 2/Date Updater' successfully

2018-12-12 09:57:28 - [TEST_STEP][PASSED] - delay: Delayed 1 second(s)

2018-12-12 09:57:29 - [MESSAGE][PASSED] - Delayed 1 second(s)

2018-12-12 09:57:29 - [TEST_STEP][PASSED] - Statement - CaseReferenceNo = com.kms.katalon.core.webui.keyword.WebUiBuiltInKeywords.getText(com.kms.katalon.core.testobject.ObjectRepository.findTestObject(Final Object Repo/New Registration - Registration Module Pages/Form 2/RefNo Acquiring)): Text of object 'Object Repository/Final Object Repo/New Registration - Registration Module Pages/Form 2/RefNo Acquiring' is: 'CRN12201800123195'

2018-12-12 09:57:30 - [MESSAGE][PASSED] - Text of object 'Object Repository/Final Object Repo/New Registration - Registration Module Pages/Form 2/RefNo Acquiring' is: 'CRN12201800123195'

2018-12-12 09:57:30 - [TEST_STEP][PASSED] - delay: Delayed 1 second(s)

2018-12-12 09:57:31 - [MESSAGE][PASSED] - Delayed 1 second(s)

2018-12-12 09:57:31 - [TEST_STEP][PASSED] - click: Object: 'Object Repository/Final Object Repo/New Registration - Registration Module Pages/Form 2/Add Employee Button' is clicked on

2018-12-12 09:57:31 - [MESSAGE][PASSED] - Object: 'Object Repository/Final Object Repo/New Registration - Registration Module Pages/Form 2/Add Employee Button' is clicked on

2018-12-12 09:57:31 - [TEST_STEP][PASSED] - delay: Delayed 1 second(s)

2018-12-12 09:57:32 - [MESSAGE][PASSED] - Delayed 1 second(s)

2018-12-12 09:57:32 - [TEST_STEP][PASSED] - setText: Text '010903091948' is set on object 'Object Repository/Final Object Repo/New Registration - Registration Module Pages/Form 2/NRIC Input'

2018-12-12 09:57:32 - [MESSAGE][PASSED] - Text '010903091948' is set on object 'Object Repository/Final Object Repo/New Registration - Registration Module Pages/Form 2/NRIC Input'

2018-12-12 09:57:32 - [TEST_STEP][PASSED] - delay: Delayed 2 second(s)

2018-12-12 09:57:34 - [MESSAGE][PASSED] - Delayed 2 second(s)

2018-12-12 09:57:34 - [TEST_STEP][PASSED] - setText: Text 'Automate001 eligible 1' is set on object 'Object Repository/Final Object Repo/New Registration - Registration Module Pages/Form 2/Employee Name Input'

2018-12-12 09:57:35 - [MESSAGE][PASSED] - Text 'Automate001 eligible 1' is set on object 'Object Repository/Final Object Repo/New Registration - Registration Module Pages/Form 2/Employee Name Input'

2018-12-12 09:57:35 - [TEST_STEP][PASSED] - delay: Delayed 2 second(s)

2018-12-12 09:57:37 - [MESSAGE][PASSED] - Delayed 2 second(s)

2018-12-12 09:57:37 - [TEST_STEP][PASSED] - click: Object: 'Object Repository/Final Object Repo/New Registration - Registration Module Pages/Form 2/DatePicker Pop Up' is clicked on

2018-12-12 09:57:37 - [MESSAGE][PASSED] - Object: 'Object Repository/Final Object Repo/New Registration - Registration Module Pages/Form 2/DatePicker Pop Up' is clicked on

2018-12-12 09:57:37 - [TEST_STEP][PASSED] - click: Object: 'Object Repository/Final Object Repo/New Registration - Registration Module Pages/Form 2/DOB Month' is clicked on

2018-12-12 09:57:37 - [MESSAGE][PASSED] - Object: 'Object Repository/Final Object Repo/New Registration - Registration Module Pages/Form 2/DOB Month' is clicked on

2018-12-12 09:57:37 - [TEST_STEP][PASSED] - Statement - CurrentMonth = CurrentMonth: null

2018-12-12 09:57:37 - [TEST_STEP][PASSED] - Statement - selectMonth = new com.kms.katalon.core.testobject.TestObject(): null

2018-12-12 09:57:37 - [TEST_STEP][PASSED] - Statement - selectMonth.addProperty("xpath", EQUALS, "//body/div/div/div/select/option[@value='" + CurrentMonth + "']", true): null

2018-12-12 09:57:37 - [TEST_STEP][PASSED] - click: Object: '' is clicked on

2018-12-12 09:57:37 - [MESSAGE][PASSED] - Object: '' is clicked on

2018-12-12 09:57:37 - [TEST_STEP][PASSED] - click: Object: 'Object Repository/Final Object Repo/New Registration - Registration Module Pages/Form 2/DOB Year' is clicked on

2018-12-12 09:57:37 - [MESSAGE][PASSED] - Object: 'Object Repository/Final Object Repo/New Registration - Registration Module Pages/Form 2/DOB Year' is clicked on

2018-12-12 09:57:37 - [TEST_STEP][PASSED] - Statement - Eyearsbf = EighteenYrsBefore: null

2018-12-12 09:57:37 - [TEST_STEP][PASSED] - Statement - selectYear = new com.kms.katalon.core.testobject.TestObject(): null

2018-12-12 09:57:37 - [TEST_STEP][PASSED] - Statement - selectYear.addProperty("xpath", EQUALS, "//div/div/div/select/option[@value='" + Eyearsbf + "']", true): null

2018-12-12 09:57:37 - [TEST_STEP][PASSED] - click: Object: '' is clicked on

2018-12-12 09:57:38 - [MESSAGE][PASSED] - Object: '' is clicked on

2018-12-12 09:57:38 - [TEST_STEP][PASSED] - Statement - UpdatedSelectDate = com.kms.katalon.core.webui.keyword.WebUiBuiltInKeywords.modifyObjectProperty(com.kms.katalon.core.testobject.ObjectRepository.findTestObject(Final Object Repo/New Registration - Registration Module Pages/Form 2/DOB Date), "xpath", "equals", "//body/div/table/tbody/tr/td/a[text()="" + CurrentDate + ""]", true): Modify property of object successfully

2018-12-12 09:57:38 - [MESSAGE][PASSED] - Modify property of object successfully

2018-12-12 09:57:38 - [TEST_STEP][PASSED] - delay: Delayed 3 second(s)

2018-12-12 09:57:41 - [MESSAGE][PASSED] - Delayed 3 second(s)

2018-12-12 09:57:41 - [TEST_STEP][PASSED] - click: Object: 'Object Repository/Final Object Repo/New Registration - Registration Module Pages/Form 2/DOB Date' is clicked on

2018-12-12 09:57:41 - [MESSAGE][PASSED] - Object: 'Object Repository/Final Object Repo/New Registration - Registration Module Pages/Form 2/DOB Date' is clicked on

2018-12-12 09:57:41 - [TEST_STEP][PASSED] - delay: Delayed 2 second(s)

2018-12-12 09:57:43 - [MESSAGE][PASSED] - Delayed 2 second(s)

2018-12-12 09:57:43 - [TEST_STEP][PASSED] - click: Object: 'Object Repository/Final Object Repo/New Registration - Registration Module Pages/Form 2/EmploymentStartDate Pop Up' is clicked on

2018-12-12 09:57:43 - [MESSAGE][PASSED] - Object: 'Object Repository/Final Object Repo/New Registration - Registration Module Pages/Form 2/EmploymentStartDate Pop Up' is clicked on

2018-12-12 09:57:43 - [TEST_STEP][PASSED] - delay: Delayed 2 second(s)

2018-12-12 09:57:45 - [MESSAGE][PASSED] - Delayed 2 second(s)

2018-12-12 09:57:45 - [TEST_STEP][PASSED] - click: Object: 'Object Repository/Final Object Repo/New Registration - Registration Module Pages/Form 2/Socso Employment StartDate Month' is clicked on

2018-12-12 09:57:45 - [MESSAGE][PASSED] - Object: 'Object Repository/Final Object Repo/New Registration - Registration Module Pages/Form 2/Socso Employment StartDate Month' is clicked on

2018-12-12 09:57:45 - [TEST_STEP][PASSED] - delay: Delayed 1 second(s)

2018-12-12 09:57:46 - [MESSAGE][PASSED] - Delayed 1 second(s)

2018-12-12 09:57:46 - [TEST_STEP][PASSED] - click: Object: 'Object Repository/Final Object Repo/New Registration - Registration Module Pages/Form 2/Select Socso Employement Startdate Month' is clicked on

2018-12-12 09:57:46 - [MESSAGE][PASSED] - Object: 'Object Repository/Final Object Repo/New Registration - Registration Module Pages/Form 2/Select Socso Employement Startdate Month' is clicked on

2018-12-12 09:57:46 - [TEST_STEP][PASSED] - delay: Delayed 2 second(s)

2018-12-12 09:57:48 - [MESSAGE][PASSED] - Delayed 2 second(s)

2018-12-12 09:57:48 - [TEST_STEP][PASSED] - click: Object: 'Object Repository/Final Object Repo/New Registration - Registration Module Pages/Form 2/Socso Employment StartDate Year' is clicked on

2018-12-12 09:57:48 - [MESSAGE][PASSED] - Object: 'Object Repository/Final Object Repo/New Registration - Registration Module Pages/Form 2/Socso Employment StartDate Year' is clicked on

2018-12-12 09:57:48 - [TEST_STEP][PASSED] - delay: Delayed 1 second(s)

2018-12-12 09:57:49 - [MESSAGE][PASSED] - Delayed 1 second(s)

2018-12-12 09:57:49 - [TEST_STEP][PASSED] - click: Object: 'Object Repository/Final Object Repo/New Registration - Registration Module Pages/Form 2/Select Socso Employment Startdate Year' is clicked on

2018-12-12 09:57:50 - [MESSAGE][PASSED] - Object: 'Object Repository/Final Object Repo/New Registration - Registration Module Pages/Form 2/Select Socso Employment Startdate Year' is clicked on

2018-12-12 09:57:50 - [TEST_STEP][PASSED] - delay: Delayed 2 second(s)

2018-12-12 09:57:52 - [MESSAGE][PASSED] - Delayed 2 second(s)

2018-12-12 09:57:52 - [TEST_STEP][PASSED] - click: Object: 'Object Repository/Final Object Repo/New Registration - Registration Module Pages/Form 2/Socso Employment Start Date Day' is clicked on

2018-12-12 09:57:52 - [MESSAGE][PASSED] - Object: 'Object Repository/Final Object Repo/New Registration - Registration Module Pages/Form 2/Socso Employment Start Date Day' is clicked on

2018-12-12 09:57:52 - [TEST_STEP][PASSED] - delay: Delayed 2 second(s)

2018-12-12 09:57:54 - [MESSAGE][PASSED] - Delayed 2 second(s)

2018-12-12 09:57:54 - [TEST_STEP][PASSED] - click: Object: 'Object Repository/Final Object Repo/New Registration - Registration Module Pages/Form 2/Save Button for Add Employee' is clicked on

2018-12-12 09:57:54 - [MESSAGE][PASSED] - Object: 'Object Repository/Final Object Repo/New Registration - Registration Module Pages/Form 2/Save Button for Add Employee' is clicked on

2018-12-12 09:57:54 - [TEST_STEP][PASSED] - delay: Delayed 6 second(s)

2018-12-12 09:58:00 - [MESSAGE][PASSED] - Delayed 6 second(s)

2018-12-12 09:58:00 - [TEST_STEP][PASSED] - click: Object: 'Object Repository/Final Object Repo/New Registration - Registration Module Pages/Form 2/Save and Continue Form 2' is clicked on

2018-12-12 09:58:00 - [MESSAGE][PASSED] - Object: 'Object Repository/Final Object Repo/New Registration - Registration Module Pages/Form 2/Save and Continue Form 2' is clicked on

2018-12-12 09:58:00 - [MESSAGE][PASSED] - Call Test Case 'Test Cases/Final Aug 2018 - PKS Automation/Registration Module/New Registration/Form 2/Add 1 Eligible - Employer Account Use' successfully

2018-12-12 09:58:00 - [TEST_STEP][PASSED] - callTestCase: Call Test Case 'Test Cases/Final Aug 2018 - PKS Automation/Registration Module/New Registration/Flow of New Registration/Third Screen - Upload Supporting Doc - Preview' successfully

2018-12-12 09:58:00 - [TEST_CASE][PASSED] - Test Cases/Final Aug 2018 - PKS Automation/Registration Module/New Registration/Flow of New Registration/Third Screen - Upload Supporting Doc - Preview: Test Cases/Final Aug 2018 - PKS Automation/Registration Module/New Registration/Flow of New Registration/Third Screen - Upload Supporting Doc - Preview

2018-12-12 09:58:00 - [TEST_STEP][PASSED] - waitForPageLoad: Wait for page load successfully

2018-12-12 09:58:01 - [MESSAGE][PASSED] - Wait for page load successfully

2018-12-12 09:58:01 - [TEST_STEP][PASSED] - Statement - CaseReferenceNo = com.kms.katalon.core.webui.keyword.WebUiBuiltInKeywords.getText(com.kms.katalon.core.testobject.ObjectRepository.findTestObject(Final Object Repo/New Registration - Registration Module Pages/Third Screen - Upload Supporting Doc- Preview/RefNo Acquiring)): Text of object 'Object Repository/Final Object Repo/New Registration - Registration Module Pages/Third Screen - Upload Supporting Doc- Preview/RefNo Acquiring' is: 'CRN12201800123195'

2018-12-12 09:58:01 - [MESSAGE][PASSED] - Text of object 'Object Repository/Final Object Repo/New Registration - Registration Module Pages/Third Screen - Upload Supporting Doc- Preview/RefNo Acquiring' is: 'CRN12201800123195'

2018-12-12 09:58:01 - [TEST_STEP][PASSED] - delay: Delayed 2 second(s)

2018-12-12 09:58:03 - [MESSAGE][PASSED] - Delayed 2 second(s)

2018-12-12 09:58:03 - [TEST_STEP][PASSED] - callTestCase: Call Test Case 'Test Cases/Final Aug 2018 - PKS Automation/Common/Reference Number Setter' successfully

2018-12-12 09:58:03 - [TEST_CASE][PASSED] - Test Cases/Final Aug 2018 - PKS Automation/Common/Reference Number Setter: Test Cases/Final Aug 2018 - PKS Automation/Common/Reference Number Setter

2018-12-12 09:58:03 - [TEST_STEP][PASSED] - Statement - RefNoOldFile = new java.io.File(C://Users//Admin//Desktop//PKS//Automation Reference Point//KatalonReference.txt): null

2018-12-12 09:58:03 - [TEST_STEP][PASSED] - Statement - RefNoOldFile.delete(): null

2018-12-12 09:58:03 - [TEST_STEP][PASSED] - delay: Delayed 5 second(s)

2018-12-12 09:58:08 - [MESSAGE][PASSED] - Delayed 5 second(s)

2018-12-12 09:58:08 - [TEST_STEP][PASSED] - Statement - RefNo = new java.io.File(C://Users//Admin//Desktop//PKS//Automation Reference Point//KatalonReference.txt): null

2018-12-12 09:58:08 - [TEST_STEP][PASSED] - Statement - f2 = new java.io.FileWriter(RefNo, false): null

2018-12-12 09:58:08 - [TEST_STEP][PASSED] - Statement - f2.write(CaseReferenceNo): null

2018-12-12 09:58:08 - [TEST_STEP][PASSED] - Statement - f2.close(): null

2018-12-12 09:58:08 - [TEST_STEP][PASSED] - Statement - out.println("


" + CaseReferenceNo + "


"): null

2018-12-12 09:58:08 - [MESSAGE][PASSED] - Call Test Case 'Test Cases/Final Aug 2018 - PKS Automation/Common/Reference Number Setter' successfully

2018-12-12 09:58:08 - [TEST_STEP][PASSED] - waitForElementClickable: Object 'Object Repository/Final Object Repo/New Registration - Registration Module Pages/Third Screen - Upload Supporting Doc- Preview/Save n Continue in SIP Employee Listing Page' is clickable

2018-12-12 09:58:08 - [MESSAGE][PASSED] - Object 'Object Repository/Final Object Repo/New Registration - Registration Module Pages/Third Screen - Upload Supporting Doc- Preview/Save n Continue in SIP Employee Listing Page' is clickable

2018-12-12 09:58:08 - [TEST_STEP][PASSED] - click: Object: 'Object Repository/Final Object Repo/New Registration - Registration Module Pages/Third Screen - Upload Supporting Doc- Preview/Save n Continue in SIP Employee Listing Page' is clicked on

2018-12-12 09:58:14 - [MESSAGE][PASSED] - Object: 'Object Repository/Final Object Repo/New Registration - Registration Module Pages/Third Screen - Upload Supporting Doc- Preview/Save n Continue in SIP Employee Listing Page' is clicked on

2018-12-12 09:58:14 - [TEST_STEP][PASSED] - delay: Delayed 7 second(s)

2018-12-12 09:58:21 - [MESSAGE][PASSED] - Delayed 7 second(s)

2018-12-12 09:58:21 - [TEST_STEP][PASSED] - click: Object: 'Object Repository/Final Object Repo/New Registration - Registration Module Pages/Third Screen - Upload Supporting Doc- Preview/Add Document Button' is clicked on

2018-12-12 09:58:21 - [MESSAGE][PASSED] - Object: 'Object Repository/Final Object Repo/New Registration - Registration Module Pages/Third Screen - Upload Supporting Doc- Preview/Add Document Button' is clicked on

2018-12-12 09:58:21 - [TEST_STEP][PASSED] - delay: Delayed 30 second(s)

2018-12-12 09:58:51 - [MESSAGE][PASSED] - Delayed 30 second(s)

2018-12-12 09:58:51 - [TEST_STEP][PASSED] - click: Object: 'Object Repository/Final Object Repo/New Registration - Registration Module Pages/Third Screen - Upload Supporting Doc- Preview/Supporting Doc Please Select Drop Down' is clicked on

2018-12-12 09:58:51 - [MESSAGE][PASSED] - Object: 'Object Repository/Final Object Repo/New Registration - Registration Module Pages/Third Screen - Upload Supporting Doc- Preview/Supporting Doc Please Select Drop Down' is clicked on

2018-12-12 09:58:51 - [TEST_STEP][PASSED] - delay: Delayed 2 second(s)

2018-12-12 09:58:53 - [MESSAGE][PASSED] - Delayed 2 second(s)

2018-12-12 09:58:53 - [TEST_STEP][PASSED] - click: Object: 'Object Repository/Final Object Repo/New Registration - Registration Module Pages/Third Screen - Upload Supporting Doc- Preview/Select to Upload Form 1' is clicked on

2018-12-12 09:58:53 - [MESSAGE][PASSED] - Object: 'Object Repository/Final Object Repo/New Registration - Registration Module Pages/Third Screen - Upload Supporting Doc- Preview/Select to Upload Form 1' is clicked on

2018-12-12 09:58:53 - [TEST_STEP][PASSED] - delay: Delayed 2 second(s)

2018-12-12 09:58:55 - [MESSAGE][PASSED] - Delayed 2 second(s)

2018-12-12 09:58:55 - [TEST_STEP][PASSED] - uploadFile: File 'C:\Users\Public\Pictures\Sample Pictures\Koala.jpg' sent to object: 'Object Repository/Final Object Repo/New Registration - Registration Module Pages/Third Screen - Upload Supporting Doc- Preview/Upload File Adding'

2018-12-12 09:58:55 - [MESSAGE][PASSED] - File 'C:\Users\Public\Pictures\Sample Pictures\Koala.jpg' sent to object: 'Object Repository/Final Object Repo/New Registration - Registration Module Pages/Third Screen - Upload Supporting Doc- Preview/Upload File Adding'

2018-12-12 09:58:55 - [TEST_STEP][PASSED] - delay: Delayed 5 second(s)

2018-12-12 09:59:00 - [MESSAGE][PASSED] - Delayed 5 second(s)

2018-12-12 09:59:00 - [TEST_STEP][PASSED] - click: Object: 'Object Repository/Final Object Repo/New Registration - Registration Module Pages/Third Screen - Upload Supporting Doc- Preview/Inner Form Add Document Button' is clicked on

2018-12-12 09:59:00 - [MESSAGE][PASSED] - Object: 'Object Repository/Final Object Repo/New Registration - Registration Module Pages/Third Screen - Upload Supporting Doc- Preview/Inner Form Add Document Button' is clicked on

2018-12-12 09:59:00 - [TEST_STEP][PASSED] - delay: Delayed 3 second(s)

2018-12-12 09:59:03 - [MESSAGE][PASSED] - Delayed 3 second(s)

2018-12-12 09:59:03 - [TEST_STEP][PASSED] - click: Object: 'Object Repository/Final Object Repo/New Registration - Registration Module Pages/Third Screen - Upload Supporting Doc- Preview/Add Document Button' is clicked on

2018-12-12 09:59:05 - [MESSAGE][PASSED] - Object: 'Object Repository/Final Object Repo/New Registration - Registration Module Pages/Third Screen - Upload Supporting Doc- Preview/Add Document Button' is clicked on

2018-12-12 09:59:05 - [TEST_STEP][PASSED] - delay: Delayed 30 second(s)

2018-12-12 09:59:35 - [MESSAGE][PASSED] - Delayed 30 second(s)

2018-12-12 09:59:35 - [TEST_STEP][PASSED] - click: Object: 'Object Repository/Final Object Repo/New Registration - Registration Module Pages/Third Screen - Upload Supporting Doc- Preview/Supporting Doc Please Select Drop Down' is clicked on

2018-12-12 09:59:35 - [MESSAGE][PASSED] - Object: 'Object Repository/Final Object Repo/New Registration - Registration Module Pages/Third Screen - Upload Supporting Doc- Preview/Supporting Doc Please Select Drop Down' is clicked on

2018-12-12 09:59:35 - [TEST_STEP][PASSED] - delay: Delayed 4 second(s)

2018-12-12 09:59:39 - [MESSAGE][PASSED] - Delayed 4 second(s)

2018-12-12 09:59:39 - [TEST_STEP][PASSED] - click: Object: 'Object Repository/Final Object Repo/New Registration - Registration Module Pages/Third Screen - Upload Supporting Doc- Preview/Select to Upload Form 2' is clicked on

2018-12-12 09:59:39 - [MESSAGE][PASSED] - Object: 'Object Repository/Final Object Repo/New Registration - Registration Module Pages/Third Screen - Upload Supporting Doc- Preview/Select to Upload Form 2' is clicked on

2018-12-12 09:59:39 - [TEST_STEP][PASSED] - delay: Delayed 2 second(s)

2018-12-12 09:59:41 - [MESSAGE][PASSED] - Delayed 2 second(s)

2018-12-12 09:59:41 - [TEST_STEP][PASSED] - uploadFile: File 'C:\Users\Public\Pictures\Sample Pictures\Koala.jpg' sent to object: 'Object Repository/Final Object Repo/New Registration - Registration Module Pages/Third Screen - Upload Supporting Doc- Preview/Upload File Adding'

2018-12-12 09:59:41 - [MESSAGE][PASSED] - File 'C:\Users\Public\Pictures\Sample Pictures\Koala.jpg' sent to object: 'Object Repository/Final Object Repo/New Registration - Registration Module Pages/Third Screen - Upload Supporting Doc- Preview/Upload File Adding'

2018-12-12 09:59:41 - [TEST_STEP][PASSED] - click: Object: 'Object Repository/Final Object Repo/New Registration - Registration Module Pages/Third Screen - Upload Supporting Doc- Preview/Inner Form Add Document Button' is clicked on

2018-12-12 09:59:42 - [MESSAGE][PASSED] - Object: 'Object Repository/Final Object Repo/New Registration - Registration Module Pages/Third Screen - Upload Supporting Doc- Preview/Inner Form Add Document Button' is clicked on

2018-12-12 09:59:42 - [TEST_STEP][PASSED] - delay: Delayed 5 second(s)

2018-12-12 09:59:47 - [MESSAGE][PASSED] - Delayed 5 second(s)

2018-12-12 09:59:47 - [TEST_STEP][PASSED] - click: Object: 'Object Repository/Final Object Repo/New Registration - Registration Module Pages/Third Screen - Upload Supporting Doc- Preview/Add Document Button' is clicked on

2018-12-12 09:59:47 - [MESSAGE][PASSED] - Object: 'Object Repository/Final Object Repo/New Registration - Registration Module Pages/Third Screen - Upload Supporting Doc- Preview/Add Document Button' is clicked on

2018-12-12 09:59:47 - [TEST_STEP][PASSED] - delay: Delayed 30 second(s)

2018-12-12 10:00:17 - [MESSAGE][PASSED] - Delayed 30 second(s)

2018-12-12 10:00:17 - [TEST_STEP][PASSED] - click: Object: 'Object Repository/Final Object Repo/New Registration - Registration Module Pages/Third Screen - Upload Supporting Doc- Preview/Supporting Doc Please Select Drop Down' is clicked on

2018-12-12 10:00:17 - [MESSAGE][PASSED] - Object: 'Object Repository/Final Object Repo/New Registration - Registration Module Pages/Third Screen - Upload Supporting Doc- Preview/Supporting Doc Please Select Drop Down' is clicked on

2018-12-12 10:00:17 - [TEST_STEP][PASSED] - click: Object: 'Object Repository/Final Object Repo/New Registration - Registration Module Pages/Third Screen - Upload Supporting Doc- Preview/Select to Upload Borang SIP 1' is clicked on

2018-12-12 10:00:17 - [MESSAGE][PASSED] - Object: 'Object Repository/Final Object Repo/New Registration - Registration Module Pages/Third Screen - Upload Supporting Doc- Preview/Select to Upload Borang SIP 1' is clicked on

2018-12-12 10:00:17 - [TEST_STEP][PASSED] - delay: Delayed 2 second(s)

2018-12-12 10:00:19 - [MESSAGE][PASSED] - Delayed 2 second(s)

2018-12-12 10:00:19 - [TEST_STEP][PASSED] - uploadFile: File 'C:\Users\Public\Pictures\Sample Pictures\Koala.jpg' sent to object: 'Object Repository/Final Object Repo/New Registration - Registration Module Pages/Third Screen - Upload Supporting Doc- Preview/Upload File Adding'

2018-12-12 10:00:19 - [MESSAGE][PASSED] - File 'C:\Users\Public\Pictures\Sample Pictures\Koala.jpg' sent to object: 'Object Repository/Final Object Repo/New Registration - Registration Module Pages/Third Screen - Upload Supporting Doc- Preview/Upload File Adding'

2018-12-12 10:00:19 - [TEST_STEP][PASSED] - click: Object: 'Object Repository/Final Object Repo/New Registration - Registration Module Pages/Third Screen - Upload Supporting Doc- Preview/Inner Form Add Document Button' is clicked on

2018-12-12 10:00:19 - [MESSAGE][PASSED] - Object: 'Object Repository/Final Object Repo/New Registration - Registration Module Pages/Third Screen - Upload Supporting Doc- Preview/Inner Form Add Document Button' is clicked on

2018-12-12 10:00:19 - [TEST_STEP][PASSED] - delay: Delayed 5 second(s)

2018-12-12 10:00:24 - [MESSAGE][PASSED] - Delayed 5 second(s)

2018-12-12 10:00:24 - [TEST_STEP][PASSED] - click: Object: 'Object Repository/Final Object Repo/New Registration - Registration Module Pages/Third Screen - Upload Supporting Doc- Preview/Add Document Button' is clicked on

2018-12-12 10:00:25 - [MESSAGE][PASSED] - Object: 'Object Repository/Final Object Repo/New Registration - Registration Module Pages/Third Screen - Upload Supporting Doc- Preview/Add Document Button' is clicked on

2018-12-12 10:00:25 - [TEST_STEP][PASSED] - delay: Delayed 30 second(s)

2018-12-12 10:00:55 - [MESSAGE][PASSED] - Delayed 30 second(s)

2018-12-12 10:00:55 - [TEST_STEP][PASSED] - click: Object: 'Object Repository/Final Object Repo/New Registration - Registration Module Pages/Third Screen - Upload Supporting Doc- Preview/Supporting Doc Please Select Drop Down' is clicked on

2018-12-12 10:00:55 - [MESSAGE][PASSED] - Object: 'Object Repository/Final Object Repo/New Registration - Registration Module Pages/Third Screen - Upload Supporting Doc- Preview/Supporting Doc Please Select Drop Down' is clicked on

2018-12-12 10:00:55 - [TEST_STEP][PASSED] - delay: Delayed 3 second(s)

2018-12-12 10:00:58 - [MESSAGE][PASSED] - Delayed 3 second(s)

2018-12-12 10:00:58 - [TEST_STEP][PASSED] - click: Object: 'Object Repository/Final Object Repo/New Registration - Registration Module Pages/Third Screen - Upload Supporting Doc- Preview/Select to Upload Borang SIP 2' is clicked on

2018-12-12 10:00:58 - [MESSAGE][PASSED] - Object: 'Object Repository/Final Object Repo/New Registration - Registration Module Pages/Third Screen - Upload Supporting Doc- Preview/Select to Upload Borang SIP 2' is clicked on

2018-12-12 10:00:58 - [TEST_STEP][PASSED] - delay: Delayed 2 second(s)

2018-12-12 10:01:00 - [MESSAGE][PASSED] - Delayed 2 second(s)

2018-12-12 10:01:00 - [TEST_STEP][PASSED] - uploadFile: File 'C:\Users\Public\Pictures\Sample Pictures\Koala.jpg' sent to object: 'Object Repository/Final Object Repo/New Registration - Registration Module Pages/Third Screen - Upload Supporting Doc- Preview/Upload File Adding'

2018-12-12 10:01:00 - [MESSAGE][PASSED] - File 'C:\Users\Public\Pictures\Sample Pictures\Koala.jpg' sent to object: 'Object Repository/Final Object Repo/New Registration - Registration Module Pages/Third Screen - Upload Supporting Doc- Preview/Upload File Adding'

2018-12-12 10:01:00 - [TEST_STEP][PASSED] - delay: Delayed 5 second(s)

2018-12-12 10:01:05 - [MESSAGE][PASSED] - Delayed 5 second(s)

2018-12-12 10:01:05 - [TEST_STEP][PASSED] - click: Object: 'Object Repository/Final Object Repo/New Registration - Registration Module Pages/Third Screen - Upload Supporting Doc- Preview/Inner Form Add Document Button' is clicked on

2018-12-12 10:01:05 - [MESSAGE][PASSED] - Object: 'Object Repository/Final Object Repo/New Registration - Registration Module Pages/Third Screen - Upload Supporting Doc- Preview/Inner Form Add Document Button' is clicked on

2018-12-12 10:01:05 - [TEST_STEP][PASSED] - delay: Delayed 3 second(s)

2018-12-12 10:01:08 - [MESSAGE][PASSED] - Delayed 3 second(s)

2018-12-12 10:01:08 - [TEST_STEP][PASSED] - waitForElementClickable: Object 'Object Repository/Final Object Repo/New Registration - Registration Module Pages/Third Screen - Upload Supporting Doc- Preview/Save n Continue in Uploading Supporting Doc Page' is clickable

2018-12-12 10:01:09 - [MESSAGE][PASSED] - Object 'Object Repository/Final Object Repo/New Registration - Registration Module Pages/Third Screen - Upload Supporting Doc- Preview/Save n Continue in Uploading Supporting Doc Page' is clickable

2018-12-12 10:01:09 - [TEST_STEP][PASSED] - click: Object: 'Object Repository/Final Object Repo/New Registration - Registration Module Pages/Third Screen - Upload Supporting Doc- Preview/Save n Continue in Uploading Supporting Doc Page' is clicked on

2018-12-12 10:01:10 - [MESSAGE][PASSED] - Object: 'Object Repository/Final Object Repo/New Registration - Registration Module Pages/Third Screen - Upload Supporting Doc- Preview/Save n Continue in Uploading Supporting Doc Page' is clicked on

2018-12-12 10:01:10 - [MESSAGE][PASSED] - Call Test Case 'Test Cases/Final Aug 2018 - PKS Automation/Registration Module/New Registration/Flow of New Registration/Third Screen - Upload Supporting Doc - Preview' successfully

2018-12-12 10:01:10 - [TEST_STEP][PASSED] - setText: Text 'Tester' is set on object 'Object Repository/Final Object Repo/New Registration - Registration Module Pages/New Reg - OTC to RO/Special Case - All Related Objects/Employer Preview Name'

2018-12-12 10:01:15 - [MESSAGE][PASSED] - Text 'Tester' is set on object 'Object Repository/Final Object Repo/New Registration - Registration Module Pages/New Reg - OTC to RO/Special Case - All Related Objects/Employer Preview Name'

2018-12-12 10:01:15 - [TEST_STEP][PASSED] - click: Object: 'Object Repository/Final Object Repo/New Registration - Registration Module Pages/New Reg - OTC to RO/Special Case - All Related Objects/IC Type Drop Down' is clicked on

2018-12-12 10:01:15 - [MESSAGE][PASSED] - Object: 'Object Repository/Final Object Repo/New Registration - Registration Module Pages/New Reg - OTC to RO/Special Case - All Related Objects/IC Type Drop Down' is clicked on

2018-12-12 10:01:15 - [TEST_STEP][PASSED] - click: Object: 'Object Repository/Final Object Repo/New Registration - Registration Module Pages/New Reg - OTC to RO/Special Case - All Related Objects/Select to NRIC' is clicked on

2018-12-12 10:01:15 - [MESSAGE][PASSED] - Object: 'Object Repository/Final Object Repo/New Registration - Registration Module Pages/New Reg - OTC to RO/Special Case - All Related Objects/Select to NRIC' is clicked on

2018-12-12 10:01:15 - [TEST_STEP][PASSED] - setText: Text '133245561223' is set on object 'Object Repository/Final Object Repo/New Registration - Registration Module Pages/New Reg - OTC to RO/Special Case - All Related Objects/IC Value'

2018-12-12 10:01:15 - [MESSAGE][PASSED] - Text '133245561223' is set on object 'Object Repository/Final Object Repo/New Registration - Registration Module Pages/New Reg - OTC to RO/Special Case - All Related Objects/IC Value'

2018-12-12 10:01:15 - [TEST_STEP][PASSED] - setText: Text 'Auto' is set on object 'Object Repository/Final Object Repo/New Registration - Registration Module Pages/New Reg - OTC to RO/Special Case - All Related Objects/Designation'

2018-12-12 10:01:16 - [MESSAGE][PASSED] - Text 'Auto' is set on object 'Object Repository/Final Object Repo/New Registration - Registration Module Pages/New Reg - OTC to RO/Special Case - All Related Objects/Designation'

2018-12-12 10:01:16 - [TEST_STEP][PASSED] - callTestCase: Call Test Case 'Test Cases/Final Aug 2018 - PKS Automation/Registration Module/New Registration/Submit and Screenshot/Submit Registration and Screenshot - Copy' successfully

2018-12-12 10:01:16 - [TEST_CASE][PASSED] - Test Cases/Final Aug 2018 - PKS Automation/Registration Module/New Registration/Submit and Screenshot/Submit Registration and Screenshot - Copy: Test Cases/Final Aug 2018 - PKS Automation/Registration Module/New Registration/Submit and Screenshot/Submit Registration and Screenshot - Copy

2018-12-12 10:01:16 - [TEST_STEP][PASSED] - delay: Delayed 6 second(s)

2018-12-12 10:01:22 - [MESSAGE][PASSED] - Delayed 6 second(s)

2018-12-12 10:01:22 - [TEST_STEP][PASSED] - click: Object: 'Object Repository/Final Object Repo/New Registration - Registration Module Pages/Third Screen - Upload Supporting Doc- Preview/Preview Submit Button' is clicked on

2018-12-12 10:01:22 - [MESSAGE][PASSED] - Object: 'Object Repository/Final Object Repo/New Registration - Registration Module Pages/Third Screen - Upload Supporting Doc- Preview/Preview Submit Button' is clicked on

2018-12-12 10:01:22 - [TEST_STEP][PASSED] - delay: Delayed 2 second(s)

2018-12-12 10:01:24 - [MESSAGE][PASSED] - Delayed 2 second(s)

2018-12-12 10:01:24 - [TEST_STEP][PASSED] - click: Object: 'Object Repository/Final Object Repo/New Registration - Registration Module Pages/Third Screen - Upload Supporting Doc- Preview/Preview Submit - Confirm' is clicked on

2018-12-12 10:01:24 - [MESSAGE][PASSED] - Object: 'Object Repository/Final Object Repo/New Registration - Registration Module Pages/Third Screen - Upload Supporting Doc- Preview/Preview Submit - Confirm' is clicked on

2018-12-12 10:01:24 - [TEST_STEP][PASSED] - delay: Delayed 15 second(s)

2018-12-12 10:01:39 - [MESSAGE][PASSED] - Delayed 15 second(s)

2018-12-12 10:01:39 - [TEST_STEP][PASSED] - Statement - driver = com.kms.katalon.core.webui.driver.DriverFactory.getWebDriver(): null

2018-12-12 10:01:39 - [TEST_STEP][PASSED] - Statement - driver.manage().timeouts().implicitlyWait(10, SECONDS): null

2018-12-12 10:01:39 - [TEST_STEP][PASSED] - Statement - PresavePath = KatalonScreenshots: null

2018-12-12 10:01:39 - [TEST_STEP][PASSED] - Statement - pathPrefix = "C:\Users\Public\Pictures\Sample Pictures\Katalon Screenshots\Automate Ending Screen": null

2018-12-12 10:01:39 - [TEST_STEP][PASSED] - Statement - finalPath = <not implemented yet for class: org.codehaus.groovy.ast.expr.EmptyExpression>: null

2018-12-12 10:01:39 - [TEST_STEP][PASSED] - Statement - scrFile = driver.getScreenshotAs(FILE): null

2018-12-12 10:01:39 - [TEST_STEP][PASSED] - Statement - PreSaveFile = new java.io.File(PresavePath): null

2018-12-12 10:01:39 - [TEST_STEP][PASSED] - Statement - counter = 0: null

2018-12-12 10:01:39 - [TEST_STEP][PASSED] - Statement - If (PreSaveFile.exists()): null

2018-12-12 10:01:39 - [TEST_STEP][PASSED] - Statement - While (PreSaveFile.exists()): null

2018-12-12 10:01:39 - [TEST_STEP][PASSED] - Statement - counter = counter + 1: null

2018-12-12 10:01:39 - [TEST_STEP][PASSED] - Statement - PreSaveFile = new java.io.File(((pathPrefix + java.lang.Integer.toString(counter)) + .png)): null

2018-12-12 10:01:39 - [TEST_STEP][PASSED] - Statement - counter = counter + 1: null

2018-12-12 10:01:39 - [TEST_STEP][PASSED] - Statement - PreSaveFile = new java.io.File(((pathPrefix + java.lang.Integer.toString(counter)) + .png)): null

2018-12-12 10:01:39 - [TEST_STEP][PASSED] - Statement - counter = counter + 1: null

2018-12-12 10:01:39 - [TEST_STEP][PASSED] - Statement - PreSaveFile = new java.io.File(((pathPrefix + java.lang.Integer.toString(counter)) + .png)): null

2018-12-12 10:01:39 - [TEST_STEP][PASSED] - Statement - counter = counter + 1: null

2018-12-12 10:01:39 - [TEST_STEP][PASSED] - Statement - PreSaveFile = new java.io.File(((pathPrefix + java.lang.Integer.toString(counter)) + .png)): null

2018-12-12 10:01:39 - [TEST_STEP][PASSED] - Statement - counter = counter + 1: null

2018-12-12 10:01:39 - [TEST_STEP][PASSED] - Statement - PreSaveFile = new java.io.File(((pathPrefix + java.lang.Integer.toString(counter)) + .png)): null

2018-12-12 10:01:39 - [TEST_STEP][PASSED] - Statement - counter = counter + 1: null

2018-12-12 10:01:39 - [TEST_STEP][PASSED] - Statement - PreSaveFile = new java.io.File(((pathPrefix + java.lang.Integer.toString(counter)) + .png)): null

2018-12-12 10:01:39 - [TEST_STEP][PASSED] - Statement - counter = counter + 1: null

2018-12-12 10:01:39 - [TEST_STEP][PASSED] - Statement - PreSaveFile = new java.io.File(((pathPrefix + java.lang.Integer.toString(counter)) + .png)): null

2018-12-12 10:01:39 - [TEST_STEP][PASSED] - Statement - counter = counter + 1: null

2018-12-12 10:01:39 - [TEST_STEP][PASSED] - Statement - PreSaveFile = new java.io.File(((pathPrefix + java.lang.Integer.toString(counter)) + .png)): null

2018-12-12 10:01:39 - [TEST_STEP][PASSED] - Statement - counter = counter + 1: null

2018-12-12 10:01:39 - [TEST_STEP][PASSED] - Statement - PreSaveFile = new java.io.File(((pathPrefix + java.lang.Integer.toString(counter)) + .png)): null

2018-12-12 10:01:39 - [TEST_STEP][PASSED] - Statement - counter = counter + 1: null

2018-12-12 10:01:39 - [TEST_STEP][PASSED] - Statement - PreSaveFile = new java.io.File(((pathPrefix + java.lang.Integer.toString(counter)) + .png)): null

2018-12-12 10:01:39 - [TEST_STEP][PASSED] - Statement - counter = counter + 1: null

2018-12-12 10:01:39 - [TEST_STEP][PASSED] - Statement - PreSaveFile = new java.io.File(((pathPrefix + java.lang.Integer.toString(counter)) + .png)): null

2018-12-12 10:01:39 - [TEST_STEP][PASSED] - Statement - counter = counter + 1: null

2018-12-12 10:01:39 - [TEST_STEP][PASSED] - Statement - PreSaveFile = new java.io.File(((pathPrefix + java.lang.Integer.toString(counter)) + .png)): null

2018-12-12 10:01:39 - [TEST_STEP][PASSED] - Statement - counter = counter + 1: null

2018-12-12 10:01:39 - [TEST_STEP][PASSED] - Statement - PreSaveFile = new java.io.File(((pathPrefix + java.lang.Integer.toString(counter)) + .png)): null

2018-12-12 10:01:39 - [TEST_STEP][PASSED] - Statement - counter = counter + 1: null

2018-12-12 10:01:39 - [TEST_STEP][PASSED] - Statement - PreSaveFile = new java.io.File(((pathPrefix + java.lang.Integer.toString(counter)) + .png)): null

2018-12-12 10:01:39 - [TEST_STEP][PASSED] - Statement - counter = counter + 1: null

2018-12-12 10:01:39 - [TEST_STEP][PASSED] - Statement - PreSaveFile = new java.io.File(((pathPrefix + java.lang.Integer.toString(counter)) + .png)): null

2018-12-12 10:01:39 - [TEST_STEP][PASSED] - Statement - counter = counter + 1: null

2018-12-12 10:01:39 - [TEST_STEP][PASSED] - Statement - PreSaveFile = new java.io.File(((pathPrefix + java.lang.Integer.toString(counter)) + .png)): null

2018-12-12 10:01:39 - [TEST_STEP][PASSED] - Statement - counter = counter + 1: null

2018-12-12 10:01:39 - [TEST_STEP][PASSED] - Statement - PreSaveFile = new java.io.File(((pathPrefix + java.lang.Integer.toString(counter)) + .png)): null

2018-12-12 10:01:39 - [TEST_STEP][PASSED] - Statement - counter = counter + 1: null

2018-12-12 10:01:39 - [TEST_STEP][PASSED] - Statement - PreSaveFile = new java.io.File(((pathPrefix + java.lang.Integer.toString(counter)) + .png)): null

2018-12-12 10:01:39 - [TEST_STEP][PASSED] - Statement - counter = counter + 1: null

2018-12-12 10:01:39 - [TEST_STEP][PASSED] - Statement - PreSaveFile = new java.io.File(((pathPrefix + java.lang.Integer.toString(counter)) + .png)): null

2018-12-12 10:01:39 - [TEST_STEP][PASSED] - Statement - counter = counter + 1: null

2018-12-12 10:01:39 - [TEST_STEP][PASSED] - Statement - PreSaveFile = new java.io.File(((pathPrefix + java.lang.Integer.toString(counter)) + .png)): null

2018-12-12 10:01:39 - [TEST_STEP][PASSED] - Statement - counter = counter + 1: null

2018-12-12 10:01:39 - [TEST_STEP][PASSED] - Statement - PreSaveFile = new java.io.File(((pathPrefix + java.lang.Integer.toString(counter)) + .png)): null

2018-12-12 10:01:39 - [TEST_STEP][PASSED] - Statement - counter = counter + 1: null

2018-12-12 10:01:39 - [TEST_STEP][PASSED] - Statement - PreSaveFile = new java.io.File(((pathPrefix + java.lang.Integer.toString(counter)) + .png)): null

2018-12-12 10:01:39 - [TEST_STEP][PASSED] - Statement - counter = counter + 1: null

2018-12-12 10:01:39 - [TEST_STEP][PASSED] - Statement - PreSaveFile = new java.io.File(((pathPrefix + java.lang.Integer.toString(counter)) + .png)): null

2018-12-12 10:01:39 - [TEST_STEP][PASSED] - Statement - counter = counter + 1: null

2018-12-12 10:01:39 - [TEST_STEP][PASSED] - Statement - PreSaveFile = new java.io.File(((pathPrefix + java.lang.Integer.toString(counter)) + .png)): null

2018-12-12 10:01:39 - [TEST_STEP][PASSED] - Statement - counter = counter + 1: null

2018-12-12 10:01:39 - [TEST_STEP][PASSED] - Statement - PreSaveFile = new java.io.File(((pathPrefix + java.lang.Integer.toString(counter)) + .png)): null

2018-12-12 10:01:39 - [TEST_STEP][PASSED] - Statement - counter = counter + 1: null

2018-12-12 10:01:39 - [TEST_STEP][PASSED] - Statement - PreSaveFile = new java.io.File(((pathPrefix + java.lang.Integer.toString(counter)) + .png)): null

2018-12-12 10:01:39 - [TEST_STEP][PASSED] - Statement - counter = counter + 1: null

2018-12-12 10:01:39 - [TEST_STEP][PASSED] - Statement - PreSaveFile = new java.io.File(((pathPrefix + java.lang.Integer.toString(counter)) + .png)): null

2018-12-12 10:01:39 - [TEST_STEP][PASSED] - Statement - counter = counter + 1: null

2018-12-12 10:01:39 - [TEST_STEP][PASSED] - Statement - PreSaveFile = new java.io.File(((pathPrefix + java.lang.Integer.toString(counter)) + .png)): null

2018-12-12 10:01:39 - [TEST_STEP][PASSED] - Statement - counter = counter + 1: null

2018-12-12 10:01:39 - [TEST_STEP][PASSED] - Statement - PreSaveFile = new java.io.File(((pathPrefix + java.lang.Integer.toString(counter)) + .png)): null

2018-12-12 10:01:39 - [TEST_STEP][PASSED] - Statement - counter = counter + 1: null

2018-12-12 10:01:39 - [TEST_STEP][PASSED] - Statement - PreSaveFile = new java.io.File(((pathPrefix + java.lang.Integer.toString(counter)) + .png)): null

2018-12-12 10:01:39 - [TEST_STEP][PASSED] - Statement - counter = counter + 1: null

2018-12-12 10:01:39 - [TEST_STEP][PASSED] - Statement - PreSaveFile = new java.io.File(((pathPrefix + java.lang.Integer.toString(counter)) + .png)): null

2018-12-12 10:01:39 - [TEST_STEP][PASSED] - Statement - counter = counter + 1: null

2018-12-12 10:01:39 - [TEST_STEP][PASSED] - Statement - PreSaveFile = new java.io.File(((pathPrefix + java.lang.Integer.toString(counter)) + .png)): null

2018-12-12 10:01:39 - [TEST_STEP][PASSED] - Statement - counter = counter + 1: null

2018-12-12 10:01:39 - [TEST_STEP][PASSED] - Statement - PreSaveFile = new java.io.File(((pathPrefix + java.lang.Integer.toString(counter)) + .png)): null

2018-12-12 10:01:39 - [TEST_STEP][PASSED] - Statement - counter = counter + 1: null

2018-12-12 10:01:39 - [TEST_STEP][PASSED] - Statement - PreSaveFile = new java.io.File(((pathPrefix + java.lang.Integer.toString(counter)) + .png)): null

2018-12-12 10:01:39 - [TEST_STEP][PASSED] - Statement - counter = counter + 1: null

2018-12-12 10:01:39 - [TEST_STEP][PASSED] - Statement - PreSaveFile = new java.io.File(((pathPrefix + java.lang.Integer.toString(counter)) + .png)): null

2018-12-12 10:01:39 - [TEST_STEP][PASSED] - Statement - counter = counter + 1: null

2018-12-12 10:01:39 - [TEST_STEP][PASSED] - Statement - PreSaveFile = new java.io.File(((pathPrefix + java.lang.Integer.toString(counter)) + .png)): null

2018-12-12 10:01:39 - [TEST_STEP][PASSED] - Statement - counter = counter + 1: null

2018-12-12 10:01:39 - [TEST_STEP][PASSED] - Statement - PreSaveFile = new java.io.File(((pathPrefix + java.lang.Integer.toString(counter)) + .png)): null

2018-12-12 10:01:39 - [TEST_STEP][PASSED] - Statement - counter = counter + 1: null

2018-12-12 10:01:39 - [TEST_STEP][PASSED] - Statement - PreSaveFile = new java.io.File(((pathPrefix + java.lang.Integer.toString(counter)) + .png)): null

2018-12-12 10:01:39 - [TEST_STEP][PASSED] - Statement - counter = counter + 1: null

2018-12-12 10:01:39 - [TEST_STEP][PASSED] - Statement - PreSaveFile = new java.io.File(((pathPrefix + java.lang.Integer.toString(counter)) + .png)): null

2018-12-12 10:01:39 - [TEST_STEP][PASSED] - Statement - counter = counter + 1: null

2018-12-12 10:01:39 - [TEST_STEP][PASSED] - Statement - PreSaveFile = new java.io.File(((pathPrefix + java.lang.Integer.toString(counter)) + .png)): null

2018-12-12 10:01:39 - [TEST_STEP][PASSED] - Statement - counter = counter + 1: null

2018-12-12 10:01:39 - [TEST_STEP][PASSED] - Statement - PreSaveFile = new java.io.File(((pathPrefix + java.lang.Integer.toString(counter)) + .png)): null

2018-12-12 10:01:39 - [TEST_STEP][PASSED] - Statement - counter = counter + 1: null

2018-12-12 10:01:39 - [TEST_STEP][PASSED] - Statement - PreSaveFile = new java.io.File(((pathPrefix + java.lang.Integer.toString(counter)) + .png)): null

2018-12-12 10:01:40 - [TEST_STEP][PASSED] - Statement - counter = counter + 1: null

2018-12-12 10:01:40 - [TEST_STEP][PASSED] - Statement - PreSaveFile = new java.io.File(((pathPrefix + java.lang.Integer.toString(counter)) + .png)): null

2018-12-12 10:01:40 - [TEST_STEP][PASSED] - Statement - counter = counter + 1: null

2018-12-12 10:01:40 - [TEST_STEP][PASSED] - Statement - PreSaveFile = new java.io.File(((pathPrefix + java.lang.Integer.toString(counter)) + .png)): null

2018-12-12 10:01:40 - [TEST_STEP][PASSED] - Statement - counter = counter + 1: null

2018-12-12 10:01:40 - [TEST_STEP][PASSED] - Statement - PreSaveFile = new java.io.File(((pathPrefix + java.lang.Integer.toString(counter)) + .png)): null

2018-12-12 10:01:40 - [TEST_STEP][PASSED] - Statement - counter = counter + 1: null

2018-12-12 10:01:40 - [TEST_STEP][PASSED] - Statement - PreSaveFile = new java.io.File(((pathPrefix + java.lang.Integer.toString(counter)) + .png)): null

2018-12-12 10:01:40 - [TEST_STEP][PASSED] - Statement - counter = counter + 1: null

2018-12-12 10:01:40 - [TEST_STEP][PASSED] - Statement - PreSaveFile = new java.io.File(((pathPrefix + java.lang.Integer.toString(counter)) + .png)): null

2018-12-12 10:01:40 - [TEST_STEP][PASSED] - Statement - counter = counter + 1: null

2018-12-12 10:01:40 - [TEST_STEP][PASSED] - Statement - PreSaveFile = new java.io.File(((pathPrefix + java.lang.Integer.toString(counter)) + .png)): null

2018-12-12 10:01:40 - [TEST_STEP][PASSED] - Statement - counter = counter + 1: null

2018-12-12 10:01:40 - [TEST_STEP][PASSED] - Statement - PreSaveFile = new java.io.File(((pathPrefix + java.lang.Integer.toString(counter)) + .png)): null

2018-12-12 10:01:40 - [TEST_STEP][PASSED] - Statement - counter = counter + 1: null

2018-12-12 10:01:40 - [TEST_STEP][PASSED] - Statement - PreSaveFile = new java.io.File(((pathPrefix + java.lang.Integer.toString(counter)) + .png)): null

2018-12-12 10:01:40 - [TEST_STEP][PASSED] - Statement - counter = counter + 1: null

2018-12-12 10:01:40 - [TEST_STEP][PASSED] - Statement - PreSaveFile = new java.io.File(((pathPrefix + java.lang.Integer.toString(counter)) + .png)): null

2018-12-12 10:01:40 - [TEST_STEP][PASSED] - Statement - counter = counter + 1: null

2018-12-12 10:01:40 - [TEST_STEP][PASSED] - Statement - PreSaveFile = new java.io.File(((pathPrefix + java.lang.Integer.toString(counter)) + .png)): null

2018-12-12 10:01:40 - [TEST_STEP][PASSED] - Statement - counter = counter + 1: null

2018-12-12 10:01:40 - [TEST_STEP][PASSED] - Statement - PreSaveFile = new java.io.File(((pathPrefix + java.lang.Integer.toString(counter)) + .png)): null

2018-12-12 10:01:40 - [TEST_STEP][PASSED] - Statement - counter = counter + 1: null

2018-12-12 10:01:40 - [TEST_STEP][PASSED] - Statement - PreSaveFile = new java.io.File(((pathPrefix + java.lang.Integer.toString(counter)) + .png)): null

2018-12-12 10:01:40 - [TEST_STEP][PASSED] - Statement - counter = counter + 1: null

2018-12-12 10:01:40 - [TEST_STEP][PASSED] - Statement - PreSaveFile = new java.io.File(((pathPrefix + java.lang.Integer.toString(counter)) + .png)): null

2018-12-12 10:01:40 - [TEST_STEP][PASSED] - Statement - counter = counter + 1: null

2018-12-12 10:01:40 - [TEST_STEP][PASSED] - Statement - PreSaveFile = new java.io.File(((pathPrefix + java.lang.Integer.toString(counter)) + .png)): null

2018-12-12 10:01:40 - [TEST_STEP][PASSED] - Statement - counter = counter + 1: null

2018-12-12 10:01:40 - [TEST_STEP][PASSED] - Statement - PreSaveFile = new java.io.File(((pathPrefix + java.lang.Integer.toString(counter)) + .png)): null

2018-12-12 10:01:40 - [TEST_STEP][PASSED] - Statement - counter = counter + 1: null

2018-12-12 10:01:40 - [TEST_STEP][PASSED] - Statement - PreSaveFile = new java.io.File(((pathPrefix + java.lang.Integer.toString(counter)) + .png)): null

2018-12-12 10:01:40 - [TEST_STEP][PASSED] - Statement - counter = counter + 1: null

2018-12-12 10:01:40 - [TEST_STEP][PASSED] - Statement - PreSaveFile = new java.io.File(((pathPrefix + java.lang.Integer.toString(counter)) + .png)): null

2018-12-12 10:01:40 - [TEST_STEP][PASSED] - Statement - counter = counter + 1: null

2018-12-12 10:01:40 - [TEST_STEP][PASSED] - Statement - PreSaveFile = new java.io.File(((pathPrefix + java.lang.Integer.toString(counter)) + .png)): null

2018-12-12 10:01:40 - [TEST_STEP][PASSED] - Statement - counter = counter + 1: null

2018-12-12 10:01:40 - [TEST_STEP][PASSED] - Statement - PreSaveFile = new java.io.File(((pathPrefix + java.lang.Integer.toString(counter)) + .png)): null

2018-12-12 10:01:40 - [TEST_STEP][PASSED] - Statement - counter = counter + 1: null

2018-12-12 10:01:40 - [TEST_STEP][PASSED] - Statement - PreSaveFile = new java.io.File(((pathPrefix + java.lang.Integer.toString(counter)) + .png)): null

2018-12-12 10:01:40 - [TEST_STEP][PASSED] - Statement - counter = counter + 1: null

2018-12-12 10:01:40 - [TEST_STEP][PASSED] - Statement - PreSaveFile = new java.io.File(((pathPrefix + java.lang.Integer.toString(counter)) + .png)): null

2018-12-12 10:01:40 - [TEST_STEP][PASSED] - Statement - counter = counter + 1: null

2018-12-12 10:01:40 - [TEST_STEP][PASSED] - Statement - PreSaveFile = new java.io.File(((pathPrefix + java.lang.Integer.toString(counter)) + .png)): null

2018-12-12 10:01:40 - [TEST_STEP][PASSED] - Statement - counter = counter + 1: null

2018-12-12 10:01:40 - [TEST_STEP][PASSED] - Statement - PreSaveFile = new java.io.File(((pathPrefix + java.lang.Integer.toString(counter)) + .png)): null

2018-12-12 10:01:40 - [TEST_STEP][PASSED] - Statement - counter = counter + 1: null

2018-12-12 10:01:40 - [TEST_STEP][PASSED] - Statement - PreSaveFile = new java.io.File(((pathPrefix + java.lang.Integer.toString(counter)) + .png)): null

2018-12-12 10:01:40 - [TEST_STEP][PASSED] - Statement - counter = counter + 1: null

2018-12-12 10:01:40 - [TEST_STEP][PASSED] - Statement - PreSaveFile = new java.io.File(((pathPrefix + java.lang.Integer.toString(counter)) + .png)): null

2018-12-12 10:01:40 - [TEST_STEP][PASSED] - Statement - counter = counter + 1: null

2018-12-12 10:01:40 - [TEST_STEP][PASSED] - Statement - PreSaveFile = new java.io.File(((pathPrefix + java.lang.Integer.toString(counter)) + .png)): null

2018-12-12 10:01:40 - [TEST_STEP][PASSED] - Statement - counter = counter + 1: null

2018-12-12 10:01:40 - [TEST_STEP][PASSED] - Statement - PreSaveFile = new java.io.File(((pathPrefix + java.lang.Integer.toString(counter)) + .png)): null

2018-12-12 10:01:40 - [TEST_STEP][PASSED] - Statement - counter = counter + 1: null

2018-12-12 10:01:40 - [TEST_STEP][PASSED] - Statement - PreSaveFile = new java.io.File(((pathPrefix + java.lang.Integer.toString(counter)) + .png)): null

2018-12-12 10:01:40 - [TEST_STEP][PASSED] - Statement - counter = counter + 1: null

2018-12-12 10:01:40 - [TEST_STEP][PASSED] - Statement - PreSaveFile = new java.io.File(((pathPrefix + java.lang.Integer.toString(counter)) + .png)): null

2018-12-12 10:01:40 - [TEST_STEP][PASSED] - Statement - counter = counter + 1: null

2018-12-12 10:01:40 - [TEST_STEP][PASSED] - Statement - PreSaveFile = new java.io.File(((pathPrefix + java.lang.Integer.toString(counter)) + .png)): null

2018-12-12 10:01:40 - [TEST_STEP][PASSED] - Statement - counter = counter + 1: null

2018-12-12 10:01:40 - [TEST_STEP][PASSED] - Statement - PreSaveFile = new java.io.File(((pathPrefix + java.lang.Integer.toString(counter)) + .png)): null

2018-12-12 10:01:40 - [TEST_STEP][PASSED] - Statement - counter = counter + 1: null

2018-12-12 10:01:40 - [TEST_STEP][PASSED] - Statement - PreSaveFile = new java.io.File(((pathPrefix + java.lang.Integer.toString(counter)) + .png)): null

2018-12-12 10:01:40 - [TEST_STEP][PASSED] - Statement - counter = counter + 1: null

2018-12-12 10:01:40 - [TEST_STEP][PASSED] - Statement - PreSaveFile = new java.io.File(((pathPrefix + java.lang.Integer.toString(counter)) + .png)): null

2018-12-12 10:01:40 - [TEST_STEP][PASSED] - Statement - counter = counter + 1: null

2018-12-12 10:01:40 - [TEST_STEP][PASSED] - Statement - PreSaveFile = new java.io.File(((pathPrefix + java.lang.Integer.toString(counter)) + .png)): null

2018-12-12 10:01:40 - [TEST_STEP][PASSED] - Statement - counter = counter + 1: null

2018-12-12 10:01:40 - [TEST_STEP][PASSED] - Statement - PreSaveFile = new java.io.File(((pathPrefix + java.lang.Integer.toString(counter)) + .png)): null

2018-12-12 10:01:40 - [TEST_STEP][PASSED] - Statement - counter = counter + 1: null

2018-12-12 10:01:40 - [TEST_STEP][PASSED] - Statement - PreSaveFile = new java.io.File(((pathPrefix + java.lang.Integer.toString(counter)) + .png)): null

2018-12-12 10:01:40 - [TEST_STEP][PASSED] - Statement - counter = counter + 1: null

2018-12-12 10:01:40 - [TEST_STEP][PASSED] - Statement - PreSaveFile = new java.io.File(((pathPrefix + java.lang.Integer.toString(counter)) + .png)): null

2018-12-12 10:01:40 - [TEST_STEP][PASSED] - Statement - counter = counter + 1: null

2018-12-12 10:01:40 - [TEST_STEP][PASSED] - Statement - PreSaveFile = new java.io.File(((pathPrefix + java.lang.Integer.toString(counter)) + .png)): null

2018-12-12 10:01:40 - [TEST_STEP][PASSED] - Statement - counter = counter + 1: null

2018-12-12 10:01:40 - [TEST_STEP][PASSED] - Statement - PreSaveFile = new java.io.File(((pathPrefix + java.lang.Integer.toString(counter)) + .png)): null

2018-12-12 10:01:40 - [TEST_STEP][PASSED] - Statement - counter = counter + 1: null

2018-12-12 10:01:40 - [TEST_STEP][PASSED] - Statement - PreSaveFile = new java.io.File(((pathPrefix + java.lang.Integer.toString(counter)) + .png)): null

2018-12-12 10:01:40 - [TEST_STEP][PASSED] - Statement - counter = counter + 1: null

2018-12-12 10:01:40 - [TEST_STEP][PASSED] - Statement - PreSaveFile = new java.io.File(((pathPrefix + java.lang.Integer.toString(counter)) + .png)): null

2018-12-12 10:01:40 - [TEST_STEP][PASSED] - Statement - counter = counter + 1: null

2018-12-12 10:01:40 - [TEST_STEP][PASSED] - Statement - PreSaveFile = new java.io.File(((pathPrefix + java.lang.Integer.toString(counter)) + .png)): null

2018-12-12 10:01:40 - [TEST_STEP][PASSED] - Statement - counter = counter + 1: null

2018-12-12 10:01:40 - [TEST_STEP][PASSED] - Statement - PreSaveFile = new java.io.File(((pathPrefix + java.lang.Integer.toString(counter)) + .png)): null

2018-12-12 10:01:40 - [TEST_STEP][PASSED] - Statement - counter = counter + 1: null

2018-12-12 10:01:40 - [TEST_STEP][PASSED] - Statement - PreSaveFile = new java.io.File(((pathPrefix + java.lang.Integer.toString(counter)) + .png)): null

2018-12-12 10:01:40 - [TEST_STEP][PASSED] - Statement - counter = counter + 1: null

2018-12-12 10:01:40 - [TEST_STEP][PASSED] - Statement - PreSaveFile = new java.io.File(((pathPrefix + java.lang.Integer.toString(counter)) + .png)): null

2018-12-12 10:01:40 - [TEST_STEP][PASSED] - Statement - counter = counter + 1: null

2018-12-12 10:01:40 - [TEST_STEP][PASSED] - Statement - PreSaveFile = new java.io.File(((pathPrefix + java.lang.Integer.toString(counter)) + .png)): null

2018-12-12 10:01:40 - [TEST_STEP][PASSED] - Statement - counter = counter + 1: null

2018-12-12 10:01:40 - [TEST_STEP][PASSED] - Statement - PreSaveFile = new java.io.File(((pathPrefix + java.lang.Integer.toString(counter)) + .png)): null

2018-12-12 10:01:40 - [TEST_STEP][PASSED] - Statement - counter = counter + 1: null

2018-12-12 10:01:40 - [TEST_STEP][PASSED] - Statement - PreSaveFile = new java.io.File(((pathPrefix + java.lang.Integer.toString(counter)) + .png)): null

2018-12-12 10:01:40 - [TEST_STEP][PASSED] - Statement - counter = counter + 1: null

2018-12-12 10:01:40 - [TEST_STEP][PASSED] - Statement - PreSaveFile = new java.io.File(((pathPrefix + java.lang.Integer.toString(counter)) + .png)): null

2018-12-12 10:01:40 - [TEST_STEP][PASSED] - Statement - counter = counter + 1: null

2018-12-12 10:01:40 - [TEST_STEP][PASSED] - Statement - PreSaveFile = new java.io.File(((pathPrefix + java.lang.Integer.toString(counter)) + .png)): null

2018-12-12 10:01:40 - [TEST_STEP][PASSED] - Statement - counter = counter + 1: null

2018-12-12 10:01:40 - [TEST_STEP][PASSED] - Statement - PreSaveFile = new java.io.File(((pathPrefix + java.lang.Integer.toString(counter)) + .png)): null

2018-12-12 10:01:40 - [TEST_STEP][PASSED] - Statement - counter = counter + 1: null

2018-12-12 10:01:40 - [TEST_STEP][PASSED] - Statement - PreSaveFile = new java.io.File(((pathPrefix + java.lang.Integer.toString(counter)) + .png)): null

2018-12-12 10:01:40 - [TEST_STEP][PASSED] - Statement - counter = counter + 1: null

2018-12-12 10:01:40 - [TEST_STEP][PASSED] - Statement - PreSaveFile = new java.io.File(((pathPrefix + java.lang.Integer.toString(counter)) + .png)): null

2018-12-12 10:01:40 - [TEST_STEP][PASSED] - Statement - counter = counter + 1: null

2018-12-12 10:01:40 - [TEST_STEP][PASSED] - Statement - PreSaveFile = new java.io.File(((pathPrefix + java.lang.Integer.toString(counter)) + .png)): null

2018-12-12 10:01:40 - [TEST_STEP][PASSED] - Statement - counter = counter + 1: null

2018-12-12 10:01:40 - [TEST_STEP][PASSED] - Statement - PreSaveFile = new java.io.File(((pathPrefix + java.lang.Integer.toString(counter)) + .png)): null

2018-12-12 10:01:40 - [TEST_STEP][PASSED] - Statement - counter = counter + 1: null

2018-12-12 10:01:40 - [TEST_STEP][PASSED] - Statement - PreSaveFile = new java.io.File(((pathPrefix + java.lang.Integer.toString(counter)) + .png)): null

2018-12-12 10:01:40 - [TEST_STEP][PASSED] - Statement - counter = counter + 1: null

2018-12-12 10:01:40 - [TEST_STEP][PASSED] - Statement - PreSaveFile = new java.io.File(((pathPrefix + java.lang.Integer.toString(counter)) + .png)): null

2018-12-12 10:01:40 - [TEST_STEP][PASSED] - Statement - counter = counter + 1: null

2018-12-12 10:01:40 - [TEST_STEP][PASSED] - Statement - PreSaveFile = new java.io.File(((pathPrefix + java.lang.Integer.toString(counter)) + .png)): null

2018-12-12 10:01:40 - [TEST_STEP][PASSED] - Statement - counter = counter + 1: null

2018-12-12 10:01:40 - [TEST_STEP][PASSED] - Statement - PreSaveFile = new java.io.File(((pathPrefix + java.lang.Integer.toString(counter)) + .png)): null

2018-12-12 10:01:40 - [TEST_STEP][PASSED] - Statement - counter = counter + 1: null

2018-12-12 10:01:40 - [TEST_STEP][PASSED] - Statement - PreSaveFile = new java.io.File(((pathPrefix + java.lang.Integer.toString(counter)) + .png)): null

2018-12-12 10:01:40 - [TEST_STEP][PASSED] - Statement - counter = counter + 1: null

2018-12-12 10:01:40 - [TEST_STEP][PASSED] - Statement - PreSaveFile = new java.io.File(((pathPrefix + java.lang.Integer.toString(counter)) + .png)): null

2018-12-12 10:01:40 - [TEST_STEP][PASSED] - Statement - counter = counter + 1: null

2018-12-12 10:01:40 - [TEST_STEP][PASSED] - Statement - PreSaveFile = new java.io.File(((pathPrefix + java.lang.Integer.toString(counter)) + .png)): null

2018-12-12 10:01:40 - [TEST_STEP][PASSED] - Statement - counter = counter + 1: null

2018-12-12 10:01:40 - [TEST_STEP][PASSED] - Statement - PreSaveFile = new java.io.File(((pathPrefix + java.lang.Integer.toString(counter)) + .png)): null

2018-12-12 10:01:40 - [TEST_STEP][PASSED] - Statement - counter = counter + 1: null

2018-12-12 10:01:40 - [TEST_STEP][PASSED] - Statement - PreSaveFile = new java.io.File(((pathPrefix + java.lang.Integer.toString(counter)) + .png)): null

2018-12-12 10:01:40 - [TEST_STEP][PASSED] - Statement - counter = counter + 1: null

2018-12-12 10:01:40 - [TEST_STEP][PASSED] - Statement - PreSaveFile = new java.io.File(((pathPrefix + java.lang.Integer.toString(counter)) + .png)): null

2018-12-12 10:01:40 - [TEST_STEP][PASSED] - Statement - counter = counter + 1: null

2018-12-12 10:01:40 - [TEST_STEP][PASSED] - Statement - PreSaveFile = new java.io.File(((pathPrefix + java.lang.Integer.toString(counter)) + .png)): null

2018-12-12 10:01:40 - [TEST_STEP][PASSED] - Statement - counter = counter + 1: null

2018-12-12 10:01:40 - [TEST_STEP][PASSED] - Statement - PreSaveFile = new java.io.File(((pathPrefix + java.lang.Integer.toString(counter)) + .png)): null

2018-12-12 10:01:40 - [TEST_STEP][PASSED] - Statement - counter = counter + 1: null

2018-12-12 10:01:40 - [TEST_STEP][PASSED] - Statement - PreSaveFile = new java.io.File(((pathPrefix + java.lang.Integer.toString(counter)) + .png)): null

2018-12-12 10:01:40 - [TEST_STEP][PASSED] - Statement - counter = counter + 1: null

2018-12-12 10:01:40 - [TEST_STEP][PASSED] - Statement - PreSaveFile = new java.io.File(((pathPrefix + java.lang.Integer.toString(counter)) + .png)): null

2018-12-12 10:01:40 - [TEST_STEP][PASSED] - Statement - counter = counter + 1: null

2018-12-12 10:01:40 - [TEST_STEP][PASSED] - Statement - PreSaveFile = new java.io.File(((pathPrefix + java.lang.Integer.toString(counter)) + .png)): null

2018-12-12 10:01:40 - [TEST_STEP][PASSED] - Statement - counter = counter + 1: null

2018-12-12 10:01:40 - [TEST_STEP][PASSED] - Statement - PreSaveFile = new java.io.File(((pathPrefix + java.lang.Integer.toString(counter)) + .png)): null

2018-12-12 10:01:40 - [TEST_STEP][PASSED] - Statement - counter = counter + 1: null

2018-12-12 10:01:40 - [TEST_STEP][PASSED] - Statement - PreSaveFile = new java.io.File(((pathPrefix + java.lang.Integer.toString(counter)) + .png)): null

2018-12-12 10:01:40 - [TEST_STEP][PASSED] - Statement - counter = counter + 1: null

2018-12-12 10:01:40 - [TEST_STEP][PASSED] - Statement - PreSaveFile = new java.io.File(((pathPrefix + java.lang.Integer.toString(counter)) + .png)): null

2018-12-12 10:01:40 - [TEST_STEP][PASSED] - Statement - counter = counter + 1: null

2018-12-12 10:01:40 - [TEST_STEP][PASSED] - Statement - PreSaveFile = new java.io.File(((pathPrefix + java.lang.Integer.toString(counter)) + .png)): null

2018-12-12 10:01:40 - [TEST_STEP][PASSED] - Statement - finalPath = pathPrefix + java.lang.Integer.toString(counter) + ".png": null

2018-12-12 10:01:40 - [TEST_STEP][PASSED] - Statement - SaveFile = new java.io.File(finalPath): null

2018-12-12 10:01:40 - [TEST_STEP][PASSED] - Statement - Try: null

2018-12-12 10:01:40 - [TEST_STEP][PASSED] - Statement - org.apache.commons.io.FileUtils.copyFile(scrFile, SaveFile): null

2018-12-12 10:01:40 - [TEST_STEP][PASSED] - Statement - out.println("file kept"): null

2018-12-12 10:01:40 - [TEST_STEP][PASSED] - delay: Delayed 10 second(s)

2018-12-12 10:01:50 - [MESSAGE][PASSED] - Delayed 10 second(s)

2018-12-12 10:01:50 - [MESSAGE][PASSED] - Call Test Case 'Test Cases/Final Aug 2018 - PKS Automation/Registration Module/New Registration/Submit and Screenshot/Submit Registration and Screenshot - Copy' successfully

2018-12-12 10:01:50 - [TEST_STEP][PASSED] - Statement - UpdateAddNewECode = com.kms.katalon.core.webui.keyword.WebUiBuiltInKeywords.getText(com.kms.katalon.core.testobject.ObjectRepository.findTestObject(Object Repository/Final Object Repo/Page_Update Add New Employee - ASSIST/getEmpCode)): Text of object 'Object Repository/Final Object Repo/Page_Update Add New Employee - ASSIST/getEmpCode' is: 'E1102070771Z'

2018-12-12 10:01:50 - [MESSAGE][PASSED] - Text of object 'Object Repository/Final Object Repo/Page_Update Add New Employee - ASSIST/getEmpCode' is: 'E1102070771Z'

2018-12-12 10:01:50 - [TEST_STEP][PASSED] - callTestCase: Call Test Case 'Test Cases/Final Aug 2018 - PKS Automation/Common/Emp Code Setter' successfully

2018-12-12 10:01:50 - [TEST_CASE][PASSED] - Test Cases/Final Aug 2018 - PKS Automation/Common/Emp Code Setter: Test Cases/Final Aug 2018 - PKS Automation/Common/Emp Code Setter

2018-12-12 10:01:50 - [TEST_STEP][PASSED] - Statement - EmpCodeOld = new java.io.File(C://Users//Admin//Desktop//PKS//Automation Reference Point//EmpCode.txt): null

2018-12-12 10:01:50 - [TEST_STEP][PASSED] - Statement - EmpCodeOld.delete(): null

2018-12-12 10:01:50 - [TEST_STEP][PASSED] - Statement - EmpCode = new java.io.File(C://Users//Admin//Desktop//PKS//Automation Reference Point//EmpCode.txt): null

2018-12-12 10:01:50 - [TEST_STEP][PASSED] - Statement - f2 = new java.io.FileWriter(EmpCode, false): null

2018-12-12 10:01:50 - [TEST_STEP][PASSED] - Statement - f2.write(UpdateAddNewECode): null

2018-12-12 10:01:50 - [TEST_STEP][PASSED] - Statement - f2.close(): null

2018-12-12 10:01:50 - [TEST_STEP][PASSED] - Statement - out.println("


" + UpdateAddNewECode + "


"): null

2018-12-12 10:01:50 - [MESSAGE][PASSED] - Call Test Case 'Test Cases/Final Aug 2018 - PKS Automation/Common/Emp Code Setter' successfully

2018-12-12 10:01:50 - [MESSAGE][PASSED] - Call Test Case 'Test Cases/Final Aug 2018 - PKS Automation/Registration Module/Workflow/Update Add New Employee/Template/New Company for Update Add New - Employer' successfully

2018-12-12 10:01:50 - [TEST_STEP][PASSED] - callTestCase: Call Test Case 'Test Cases/Final Aug 2018 - PKS Automation/Create Employer Acc/Login to Employer Account (Second time)' successfully

2018-12-12 10:01:50 - [TEST_CASE][PASSED] - Test Cases/Final Aug 2018 - PKS Automation/Create Employer Acc/Login to Employer Account (Second time): Test Cases/Final Aug 2018 - PKS Automation/Create Employer Acc/Login to Employer Account (Second time)

2018-12-12 10:01:50 - [TEST_STEP][PASSED] - openBrowser: Browser is opened with url: ''

2018-12-12 10:01:50 - [MESSAGE][WARNING] - A browser is already opened. Closing browser and opening a new one

2018-12-12 10:01:55 - [MESSAGE][PASSED] - Browser is opened with url: ''

2018-12-12 10:01:55 - [TEST_STEP][PASSED] - navigateToUrl: Navigate to 'https://assist2-uat.perkeso.gov.my/employer/login' successfully

2018-12-12 10:01:56 - [MESSAGE][PASSED] - Navigate to 'https://assist2-uat.perkeso.gov.my/employer/login' successfully

2018-12-12 10:01:56 - [TEST_STEP][PASSED] - delay: Delayed 3 second(s)

2018-12-12 10:01:59 - [MESSAGE][PASSED] - Delayed 3 second(s)

2018-12-12 10:01:59 - [TEST_STEP][PASSED] - callTestCase: Call Test Case 'Test Cases/Final Aug 2018 - PKS Automation/Create Employer Acc/Template/Employer Email Getter' successfully

2018-12-12 10:01:59 - [TEST_CASE][PASSED] - Test Cases/Final Aug 2018 - PKS Automation/Create Employer Acc/Template/Employer Email Getter: Test Cases/Final Aug 2018 - PKS Automation/Create Employer Acc/Template/Employer Email Getter

2018-12-12 10:01:59 - [TEST_STEP][PASSED] - Statement - Try: null

2018-12-12 10:01:59 - [TEST_STEP][PASSED] - Statement - EmpEmail = new java.io.File(C://Users//Admin//Desktop//PKS//Automation Reference Point//EmpEmail.txt): null

2018-12-12 10:01:59 - [TEST_STEP][PASSED] - Statement - bufferread = new java.io.BufferedReader(new java.io.FileReader(EmpEmail)): null

2018-12-12 10:01:59 - [TEST_STEP][PASSED] - Statement - readedVal = bufferread.readLine(): null

2018-12-12 10:01:59 - [TEST_STEP][PASSED] - Statement - out.println(readedVal): null

2018-12-12 10:01:59 - [TEST_STEP][PASSED] - Statement - Email = readedVal: null

2018-12-12 10:01:59 - [MESSAGE][PASSED] - Call Test Case 'Test Cases/Final Aug 2018 - PKS Automation/Create Employer Acc/Template/Employer Email Getter' successfully

2018-12-12 10:01:59 - [TEST_STEP][PASSED] - setText: Text 'perkeso841257523203@gmail.com' is set on object 'Object Repository/Final Object Repo/Login Page/External Login Page/Email'

2018-12-12 10:01:59 - [MESSAGE][PASSED] - Text 'perkeso841257523203@gmail.com' is set on object 'Object Repository/Final Object Repo/Login Page/External Login Page/Email'

2018-12-12 10:01:59 - [TEST_STEP][PASSED] - click: Object: 'Object Repository/Final Object Repo/Login Page/External Login Page/Next' is clicked on

2018-12-12 10:01:59 - [MESSAGE][PASSED] - Object: 'Object Repository/Final Object Repo/Login Page/External Login Page/Next' is clicked on

2018-12-12 10:01:59 - [TEST_STEP][PASSED] - delay: Delayed 3 second(s)

2018-12-12 10:02:02 - [MESSAGE][PASSED] - Delayed 3 second(s)

2018-12-12 10:02:02 - [TEST_STEP][PASSED] - setEncryptedText: Text ****** has been set on object 'Object Repository/Final Object Repo/Login Page/External Login Page/Password'

2018-12-12 10:02:03 - [MESSAGE][PASSED] - Text ****** has been set on object 'Object Repository/Final Object Repo/Login Page/External Login Page/Password'

2018-12-12 10:02:03 - [TEST_STEP][PASSED] - click: Object: 'Object Repository/Final Object Repo/Login Page/External Login Page/Login' is clicked on

2018-12-12 10:02:03 - [MESSAGE][PASSED] - Object: 'Object Repository/Final Object Repo/Login Page/External Login Page/Login' is clicked on

2018-12-12 10:02:03 - [TEST_STEP][PASSED] - delay: Delayed 5 second(s)

2018-12-12 10:02:08 - [MESSAGE][PASSED] - Delayed 5 second(s)

2018-12-12 10:02:08 - [MESSAGE][PASSED] - Call Test Case 'Test Cases/Final Aug 2018 - PKS Automation/Create Employer Acc/Login to Employer Account (Second time)' successfully

2018-12-12 10:02:08 - [TEST_STEP][PASSED] - Statement - Try: Delayed 2 second(s)

2018-12-12 10:02:08 - [TEST_STEP][PASSED] - Statement - Checker = false: null

2018-12-12 10:02:08 - [TEST_STEP][PASSED] - Statement - Checker = com.kms.katalon.core.webui.keyword.WebUiBuiltInKeywords.verifyElementHasAttribute(com.kms.katalon.core.testobject.ObjectRepository.findTestObject(Final Object Repo/Landing Page/BM Detecting), "href", 20, OPTIONAL): Object 'Object Repository/Final Object Repo/Landing Page/BM Detecting' has attribute 'href'

2018-12-12 10:02:08 - [MESSAGE][PASSED] - Object 'Object Repository/Final Object Repo/Landing Page/BM Detecting' has attribute 'href'

2018-12-12 10:02:08 - [TEST_STEP][PASSED] - Statement - out.println(Checker): null

2018-12-12 10:02:08 - [TEST_STEP][PASSED] - Statement - If (Checker == false): null

2018-12-12 10:02:08 - [TEST_STEP][PASSED] - Statement - Else: null

2018-12-12 10:02:08 - [TEST_STEP][PASSED] - delay: Delayed 2 second(s)

2018-12-12 10:02:10 - [MESSAGE][PASSED] - Delayed 2 second(s)

2018-12-12 10:02:10 - [TEST_STEP][PASSED] - navigateToUrl: Navigate to 'https://assist2-uat.perkeso.gov.my/web/registration/update/update-employee-information-employer-' successfully

2018-12-12 10:02:11 - [MESSAGE][PASSED] - Navigate to 'https://assist2-uat.perkeso.gov.my/web/registration/update/update-employee-information-employer-' successfully

2018-12-12 10:02:11 - [TEST_STEP][PASSED] - click: Object: 'Object Repository/Final Object Repo/Page_Update Employee Information By Employer/Edit Button' is clicked on

2018-12-12 10:02:13 - [MESSAGE][PASSED] - Object: 'Object Repository/Final Object Repo/Page_Update Employee Information By Employer/Edit Button' is clicked on

2018-12-12 10:02:13 - [TEST_STEP][PASSED] - click: Object: 'Object Repository/Final Object Repo/Page_Update Employee Information By Employer/Employee Name or New Identification' is clicked on

2018-12-12 10:02:13 - [MESSAGE][PASSED] - Object: 'Object Repository/Final Object Repo/Page_Update Employee Information By Employer/Employee Name or New Identification' is clicked on

2018-12-12 10:02:13 - [TEST_STEP][PASSED] - delay: Delayed 1 second(s)

2018-12-12 10:02:14 - [MESSAGE][PASSED] - Delayed 1 second(s)

2018-12-12 10:02:14 - [TEST_STEP][PASSED] - click: Object: 'Object Repository/Final Object Repo/Page_Update Employee Information By Employer/Selection - Employee Name' is clicked on

2018-12-12 10:02:14 - [MESSAGE][PASSED] - Object: 'Object Repository/Final Object Repo/Page_Update Employee Information By Employer/Selection - Employee Name' is clicked on

2018-12-12 10:02:14 - [TEST_STEP][PASSED] - delay: Delayed 1 second(s)

2018-12-12 10:02:15 - [MESSAGE][PASSED] - Delayed 1 second(s)

2018-12-12 10:02:15 - [TEST_STEP][PASSED] - setText: Text 'AUTOMATE001 ELIGIBLE 1' is set on object 'Object Repository/Final Object Repo/Page_Update Employee Information By Employer/Employee Name'

2018-12-12 10:02:16 - [MESSAGE][PASSED] - Text 'AUTOMATE001 ELIGIBLE 1' is set on object 'Object Repository/Final Object Repo/Page_Update Employee Information By Employer/Employee Name'

2018-12-12 10:02:16 - [TEST_STEP][PASSED] - delay: Delayed 2 second(s)

2018-12-12 10:02:18 - [MESSAGE][PASSED] - Delayed 2 second(s)

2018-12-12 10:02:18 - [TEST_STEP][PASSED] - click: Object: 'Object Repository/Final Object Repo/Page_Update Employee Information By Employer/Search Employee' is clicked on

2018-12-12 10:02:18 - [MESSAGE][PASSED] - Object: 'Object Repository/Final Object Repo/Page_Update Employee Information By Employer/Search Employee' is clicked on

2018-12-12 10:02:18 - [TEST_STEP][PASSED] - delay: Delayed 3 second(s)

2018-12-12 10:02:21 - [MESSAGE][PASSED] - Delayed 3 second(s)

2018-12-12 10:02:21 - [TEST_STEP][PASSED] - click: Object: 'Object Repository/Final Object Repo/Page_Update Employee Information By Employer/Employee Edit Button' is clicked on

2018-12-12 10:02:21 - [MESSAGE][PASSED] - Object: 'Object Repository/Final Object Repo/Page_Update Employee Information By Employer/Employee Edit Button' is clicked on

2018-12-12 10:02:21 - [TEST_STEP][PASSED] - delay: Delayed 3 second(s)

2018-12-12 10:02:24 - [MESSAGE][PASSED] - Delayed 3 second(s)

2018-12-12 10:02:24 - [TEST_STEP][PASSED] - setText: Text '' is set on object 'Object Repository/Final Object Repo/Page_Update Employee Information By Employer/Identification Number'

2018-12-12 10:02:24 - [MESSAGE][PASSED] - Text '' is set on object 'Object Repository/Final Object Repo/Page_Update Employee Information By Employer/Identification Number'

2018-12-12 10:02:24 - [TEST_STEP][PASSED] - Statement - rnd = new java.util.Random(): null

2018-12-12 10:02:24 - [TEST_STEP][PASSED] - Statement - snum = rnd.nextInt(899999 + 1) + 100000: null

2018-12-12 10:02:24 - [TEST_STEP][PASSED] - Statement - tnum = rnd.nextInt(899999 + 1) + 100000: null

2018-12-12 10:02:24 - [TEST_STEP][PASSED] - Statement - IC = java.lang.Integer.toString(snum) + java.lang.Integer.toString(tnum): null

2018-12-12 10:02:24 - [TEST_STEP][PASSED] - Statement - out.println(IC): null

2018-12-12 10:02:24 - [TEST_STEP][PASSED] - setText: Text '394501301858' is set on object 'Object Repository/Final Object Repo/Page_Update Employee Information By Employer/Identification Number'

2018-12-12 10:02:25 - [MESSAGE][PASSED] - Text '394501301858' is set on object 'Object Repository/Final Object Repo/Page_Update Employee Information By Employer/Identification Number'

2018-12-12 10:02:25 - [TEST_STEP][PASSED] - click: Object: 'Object Repository/Final Object Repo/Page_Update Employee Information By Employer/Save' is clicked on

2018-12-12 10:02:25 - [MESSAGE][PASSED] - Object: 'Object Repository/Final Object Repo/Page_Update Employee Information By Employer/Save' is clicked on

2018-12-12 10:02:25 - [TEST_STEP][PASSED] - delay: Delayed 5 second(s)

2018-12-12 10:02:30 - [MESSAGE][PASSED] - Delayed 5 second(s)

2018-12-12 10:02:30 - [TEST_STEP][PASSED] - Statement - CaseReferenceNo = com.kms.katalon.core.webui.keyword.WebUiBuiltInKeywords.getText(com.kms.katalon.core.testobject.ObjectRepository.findTestObject(Final Object Repo/Reference Number/Reference Number in Update Employee Information Page)): Text of object 'Object Repository/Final Object Repo/Reference Number/Reference Number in Update Employee Information Page' is: 'CUN122018C100005970'

2018-12-12 10:02:30 - [MESSAGE][PASSED] - Text of object 'Object Repository/Final Object Repo/Reference Number/Reference Number in Update Employee Information Page' is: 'CUN122018C100005970'

2018-12-12 10:02:30 - [TEST_STEP][PASSED] - callTestCase: Call Test Case 'Test Cases/Final Aug 2018 - PKS Automation/Common/Reference Number Setter' successfully

2018-12-12 10:02:30 - [TEST_CASE][PASSED] - Test Cases/Final Aug 2018 - PKS Automation/Common/Reference Number Setter: Test Cases/Final Aug 2018 - PKS Automation/Common/Reference Number Setter

2018-12-12 10:02:30 - [TEST_STEP][PASSED] - Statement - RefNoOldFile = new java.io.File(C://Users//Admin//Desktop//PKS//Automation Reference Point//KatalonReference.txt): null

2018-12-12 10:02:30 - [TEST_STEP][PASSED] - Statement - RefNoOldFile.delete(): null

2018-12-12 10:02:30 - [TEST_STEP][PASSED] - delay: Delayed 5 second(s)

2018-12-12 10:02:35 - [MESSAGE][PASSED] - Delayed 5 second(s)

2018-12-12 10:02:35 - [TEST_STEP][PASSED] - Statement - RefNo = new java.io.File(C://Users//Admin//Desktop//PKS//Automation Reference Point//KatalonReference.txt): null

2018-12-12 10:02:35 - [TEST_STEP][PASSED] - Statement - f2 = new java.io.FileWriter(RefNo, false): null

2018-12-12 10:02:35 - [TEST_STEP][PASSED] - Statement - f2.write(CaseReferenceNo): null

2018-12-12 10:02:35 - [TEST_STEP][PASSED] - Statement - f2.close(): null

2018-12-12 10:02:35 - [TEST_STEP][PASSED] - Statement - out.println("


" + CaseReferenceNo + "


"): null

2018-12-12 10:02:35 - [MESSAGE][PASSED] - Call Test Case 'Test Cases/Final Aug 2018 - PKS Automation/Common/Reference Number Setter' successfully

2018-12-12 10:02:35 - [TEST_STEP][PASSED] - delay: Delayed 5 second(s)

2018-12-12 10:02:40 - [MESSAGE][PASSED] - Delayed 5 second(s)

2018-12-12 10:02:40 - [TEST_STEP][PASSED] - click: Object: 'Object Repository/Final Object Repo/Page_Update Employee Information By Employer/Save  Continue in  Employee Information Page' is clicked on

2018-12-12 10:02:40 - [MESSAGE][PASSED] - Object: 'Object Repository/Final Object Repo/Page_Update Employee Information By Employer/Save  Continue in  Employee Information Page' is clicked on

2018-12-12 10:02:40 - [TEST_STEP][PASSED] - delay: Delayed 5 second(s)

2018-12-12 10:02:45 - [MESSAGE][PASSED] - Delayed 5 second(s)

2018-12-12 10:02:45 - [TEST_STEP][PASSED] - click: Object: 'Object Repository/Final Object Repo/Page_Update Employee Information By Employer/Save  Continue in Uploading Page 1' is clicked on

2018-12-12 10:02:45 - [MESSAGE][PASSED] - Object: 'Object Repository/Final Object Repo/Page_Update Employee Information By Employer/Save  Continue in Uploading Page 1' is clicked on

2018-12-12 10:02:45 - [TEST_STEP][PASSED] - delay: Delayed 5 second(s)

2018-12-12 10:02:50 - [MESSAGE][PASSED] - Delayed 5 second(s)

2018-12-12 10:02:50 - [TEST_STEP][PASSED] - click: Object: 'Object Repository/Final Object Repo/Page_Update Employee Information By Employer/Submit' is clicked on

2018-12-12 10:02:51 - [MESSAGE][PASSED] - Object: 'Object Repository/Final Object Repo/Page_Update Employee Information By Employer/Submit' is clicked on

2018-12-12 10:02:51 - [TEST_STEP][PASSED] - delay: Delayed 5 second(s)

2018-12-12 10:02:56 - [MESSAGE][PASSED] - Delayed 5 second(s)

2018-12-12 10:02:56 - [TEST_STEP][PASSED] - click: Object: 'Object Repository/Final Object Repo/Page_Update Employee Information By Employer/Confirm' is clicked on

2018-12-12 10:02:56 - [MESSAGE][PASSED] - Object: 'Object Repository/Final Object Repo/Page_Update Employee Information By Employer/Confirm' is clicked on

2018-12-12 10:02:56 - [TEST_STEP][PASSED] - delay: Delayed 5 second(s)

2018-12-12 10:03:01 - [MESSAGE][PASSED] - Delayed 5 second(s)

2018-12-12 10:03:01 - [TEST_STEP][PASSED] - verifyElementVisible: Object 'Object Repository/Final Object Repo/Page_Update Employee Information By Employer/Successfull Message Routed to UO' is visible

2018-12-12 10:03:01 - [MESSAGE][PASSED] - Object 'Object Repository/Final Object Repo/Page_Update Employee Information By Employer/Successfull Message Routed to UO' is visible

2018-12-12 10:03:01 - [MESSAGE][PASSED] - Call Test Case 'Test Cases/Final Aug 2018 - PKS Automation/Registration Module/Workflow/Update Employee Information (Employer)/Template/Update Employer Information - Special Case (Employer)' successfully

2018-12-12 10:03:01 - [TEST_STEP][PASSED] - callTestCase: Call Test Case 'Test Cases/Final Aug 2018 - PKS Automation/Registration Module/Workflow/Update Employee Information (Employer)/Template/Update Employee Information - Special Case - UO (UnderEnforcement)' successfully

2018-12-12 10:03:01 - [TEST_CASE][PASSED] - Test Cases/Final Aug 2018 - PKS Automation/Registration Module/Workflow/Update Employee Information (Employer)/Template/Update Employee Information - Special Case - UO (UnderEnforcement): Test Cases/Final Aug 2018 - PKS Automation/Registration Module/Workflow/Update Employee Information (Employer)/Template/Update Employee Information - Special Case - UO (UnderEnforcement)

2018-12-12 10:03:01 - [TEST_STEP][NOT_RUN] - callTestCase: NOT_RUN: callTestCase

2018-12-12 10:03:01 - [MESSAGE][NOT_RUN] - NOT_RUN: callTestCase

2018-12-12 10:03:01 - [TEST_STEP][PASSED] - delay: Delayed 2 second(s)

2018-12-12 10:03:03 - [MESSAGE][PASSED] - Delayed 2 second(s)

2018-12-12 10:03:03 - [TEST_STEP][PASSED] - navigateToUrl: Navigate to 'https://assist2-uat.perkeso.gov.my/c/portal/logout' successfully

2018-12-12 10:03:04 - [MESSAGE][PASSED] - Navigate to 'https://assist2-uat.perkeso.gov.my/c/portal/logout' successfully

2018-12-12 10:03:04 - [TEST_STEP][PASSED] - delay: Delayed 2 second(s)

2018-12-12 10:03:06 - [MESSAGE][PASSED] - Delayed 2 second(s)

2018-12-12 10:03:06 - [TEST_STEP][PASSED] - callTestCase: Call Test Case 'Test Cases/Final Aug 2018 - PKS Automation/Common/Reference Number Getter' successfully

2018-12-12 10:03:06 - [TEST_CASE][PASSED] - Test Cases/Final Aug 2018 - PKS Automation/Common/Reference Number Getter: Test Cases/Final Aug 2018 - PKS Automation/Common/Reference Number Getter

2018-12-12 10:03:06 - [TEST_STEP][PASSED] - Statement - Try: null

2018-12-12 10:03:06 - [TEST_STEP][PASSED] - Statement - RefNo = new java.io.File(C://Users//Admin//Desktop//PKS//Automation Reference Point//KatalonReference.txt): null

2018-12-12 10:03:06 - [TEST_STEP][PASSED] - Statement - bufferread = new java.io.BufferedReader(new java.io.FileReader(RefNo)): null

2018-12-12 10:03:06 - [TEST_STEP][PASSED] - Statement - readedVal = bufferread.readLine(): null

2018-12-12 10:03:06 - [TEST_STEP][PASSED] - Statement - out.println(CaseReferenceNo): null

2018-12-12 10:03:06 - [TEST_STEP][PASSED] - Statement - out.println(readedVal): null

2018-12-12 10:03:06 - [TEST_STEP][PASSED] - Statement - CaseReferenceNo = "": null

2018-12-12 10:03:06 - [TEST_STEP][PASSED] - Statement - CaseReferenceNo = readedVal: null

2018-12-12 10:03:06 - [MESSAGE][PASSED] - Call Test Case 'Test Cases/Final Aug 2018 - PKS Automation/Common/Reference Number Getter' successfully

2018-12-12 10:03:06 - [TEST_STEP][PASSED] - callTestCase: Call Test Case 'Test Cases/Final Aug 2018 - PKS Automation/Common/Workflow Owner Finder' successfully

2018-12-12 10:03:06 - [TEST_CASE][PASSED] - Test Cases/Final Aug 2018 - PKS Automation/Common/Workflow Owner Finder: Test Cases/Final Aug 2018 - PKS Automation/Common/Workflow Owner Finder

2018-12-12 10:03:06 - [TEST_STEP][PASSED] - openBrowser: Browser is opened with url: ''

2018-12-12 10:03:06 - [MESSAGE][WARNING] - A browser is already opened. Closing browser and opening a new one

2018-12-12 10:03:10 - [MESSAGE][PASSED] - Browser is opened with url: ''

2018-12-12 10:03:10 - [TEST_STEP][PASSED] - navigateToUrl: Navigate to 'https://assist2-uat.perkeso.gov.my/login' successfully

2018-12-12 10:03:11 - [MESSAGE][PASSED] - Navigate to 'https://assist2-uat.perkeso.gov.my/login' successfully

2018-12-12 10:03:11 - [TEST_STEP][PASSED] - delay: Delayed 5 second(s)

2018-12-12 10:03:16 - [MESSAGE][PASSED] - Delayed 5 second(s)

2018-12-12 10:03:16 - [TEST_STEP][PASSED] - setText: Text 'test@liferay.com' is set on object 'Object Repository/Final Object Repo/Login Page/Internal User/Email Address'

2018-12-12 10:03:17 - [MESSAGE][PASSED] - Text 'test@liferay.com' is set on object 'Object Repository/Final Object Repo/Login Page/Internal User/Email Address'

2018-12-12 10:03:17 - [TEST_STEP][PASSED] - click: Object: 'Object Repository/Final Object Repo/Login Page/Internal User/Next Button' is clicked on

2018-12-12 10:03:17 - [MESSAGE][PASSED] - Object: 'Object Repository/Final Object Repo/Login Page/Internal User/Next Button' is clicked on

2018-12-12 10:03:17 - [TEST_STEP][PASSED] - delay: Delayed 2 second(s)

2018-12-12 10:03:19 - [MESSAGE][PASSED] - Delayed 2 second(s)

2018-12-12 10:03:19 - [TEST_STEP][PASSED] - setText: Text 'test' is set on object 'Object Repository/Final Object Repo/Login Page/Internal User/Password'

2018-12-12 10:03:19 - [MESSAGE][PASSED] - Text 'test' is set on object 'Object Repository/Final Object Repo/Login Page/Internal User/Password'

2018-12-12 10:03:19 - [TEST_STEP][PASSED] - delay: Delayed 2 second(s)

2018-12-12 10:03:21 - [MESSAGE][PASSED] - Delayed 2 second(s)

2018-12-12 10:03:21 - [TEST_STEP][PASSED] - click: Object: 'Object Repository/Final Object Repo/Login Page/Internal User/Login Button' is clicked on

2018-12-12 10:03:21 - [MESSAGE][PASSED] - Object: 'Object Repository/Final Object Repo/Login Page/Internal User/Login Button' is clicked on

2018-12-12 10:03:21 - [TEST_STEP][PASSED] - Statement - tester = com.kms.katalon.core.testobject.ObjectRepository.findTestObject(Final Object Repo/Landing Page/Select to English): Finding Test Object with id 'Object Repository/Final Object Repo/Landing Page/Select to English'

2018-12-12 10:03:21 - [TEST_STEP][PASSED] - Statement - Try: Delayed 2 second(s)

2018-12-12 10:03:21 - [TEST_STEP][PASSED] - Statement - Checker = com.kms.katalon.core.webui.keyword.WebUiBuiltInKeywords.verifyElementNotPresent(tester, 3): Web element with id: 'Object Repository/Final Object Repo/Landing Page/Select to English' located by 'By.xpath: //a[@class = 'taglib-language-list-text' and @lang = 'en-US' and (contains(text(), 'EN') or contains(., 'EN'))]' is not present after '3' second(s)

2018-12-12 10:03:23 - [MESSAGE][PASSED] - Web element with id: 'Object Repository/Final Object Repo/Landing Page/Select to English' located by 'By.xpath: //a[@class = 'taglib-language-list-text' and @lang = 'en-US' and (contains(text(), 'EN') or contains(., 'EN'))]' is not present after '3' second(s)

2018-12-12 10:03:23 - [TEST_STEP][PASSED] - Statement - If (Checker == false): null

2018-12-12 10:03:23 - [TEST_STEP][PASSED] - delay: Delayed 2 second(s)

2018-12-12 10:03:25 - [MESSAGE][PASSED] - Delayed 2 second(s)

2018-12-12 10:03:25 - [TEST_STEP][PASSED] - delay: Delayed 5 second(s)

2018-12-12 10:03:30 - [MESSAGE][PASSED] - Delayed 5 second(s)

2018-12-12 10:03:30 - [TEST_STEP][PASSED] - mouseOver: Object: 'Object Repository/Final Object Repo/Landing Page/WorkFlow Menu' is hovered

2018-12-12 10:03:30 - [MESSAGE][PASSED] - Object: 'Object Repository/Final Object Repo/Landing Page/WorkFlow Menu' is hovered

2018-12-12 10:03:30 - [TEST_STEP][PASSED] - delay: Delayed 2 second(s)

2018-12-12 10:03:32 - [MESSAGE][PASSED] - Delayed 2 second(s)

2018-12-12 10:03:32 - [TEST_STEP][PASSED] - click: Object: 'Object Repository/Final Object Repo/Landing Page/Select to Workflow Listing' is clicked on

2018-12-12 10:03:34 - [MESSAGE][PASSED] - Object: 'Object Repository/Final Object Repo/Landing Page/Select to Workflow Listing' is clicked on

2018-12-12 10:03:34 - [TEST_STEP][PASSED] - delay: Delayed 2 second(s)

2018-12-12 10:03:36 - [MESSAGE][PASSED] - Delayed 2 second(s)

2018-12-12 10:03:36 - [TEST_STEP][PASSED] - click: Object: 'Object Repository/Final Object Repo/WorkFlow Listing Page/Search Information - To Put Ref No' is clicked on

2018-12-12 10:03:36 - [MESSAGE][PASSED] - Object: 'Object Repository/Final Object Repo/WorkFlow Listing Page/Search Information - To Put Ref No' is clicked on

2018-12-12 10:03:36 - [TEST_STEP][PASSED] - delay: Delayed 2 second(s)

2018-12-12 10:03:38 - [MESSAGE][PASSED] - Delayed 2 second(s)

2018-12-12 10:03:38 - [TEST_STEP][PASSED] - callTestCase: Call Test Case 'Test Cases/Final Aug 2018 - PKS Automation/Common/Reference Number Getter' successfully

2018-12-12 10:03:38 - [TEST_CASE][PASSED] - Test Cases/Final Aug 2018 - PKS Automation/Common/Reference Number Getter: Test Cases/Final Aug 2018 - PKS Automation/Common/Reference Number Getter

2018-12-12 10:03:38 - [TEST_STEP][PASSED] - Statement - Try: null

2018-12-12 10:03:38 - [TEST_STEP][PASSED] - Statement - RefNo = new java.io.File(C://Users//Admin//Desktop//PKS//Automation Reference Point//KatalonReference.txt): null

2018-12-12 10:03:38 - [TEST_STEP][PASSED] - Statement - bufferread = new java.io.BufferedReader(new java.io.FileReader(RefNo)): null

2018-12-12 10:03:38 - [TEST_STEP][PASSED] - Statement - readedVal = bufferread.readLine(): null

2018-12-12 10:03:38 - [TEST_STEP][PASSED] - Statement - out.println(CaseReferenceNo): null

2018-12-12 10:03:38 - [TEST_STEP][PASSED] - Statement - out.println(readedVal): null

2018-12-12 10:03:38 - [TEST_STEP][PASSED] - Statement - CaseReferenceNo = "": null

2018-12-12 10:03:38 - [TEST_STEP][PASSED] - Statement - CaseReferenceNo = readedVal: null

2018-12-12 10:03:38 - [MESSAGE][PASSED] - Call Test Case 'Test Cases/Final Aug 2018 - PKS Automation/Common/Reference Number Getter' successfully

2018-12-12 10:03:38 - [TEST_STEP][PASSED] - setText: Text 'CUN122018C100005970' is set on object 'Object Repository/Final Object Repo/WorkFlow Listing Page/Ref No Set Text'

2018-12-12 10:03:38 - [MESSAGE][PASSED] - Text 'CUN122018C100005970' is set on object 'Object Repository/Final Object Repo/WorkFlow Listing Page/Ref No Set Text'

2018-12-12 10:03:38 - [TEST_STEP][PASSED] - delay: Delayed 2 second(s)

2018-12-12 10:03:40 - [MESSAGE][PASSED] - Delayed 2 second(s)

2018-12-12 10:03:40 - [TEST_STEP][PASSED] - click: Object: 'Object Repository/Final Object Repo/WorkFlow Listing Page/Search Ref No Search Button' is clicked on

2018-12-12 10:03:41 - [MESSAGE][PASSED] - Object: 'Object Repository/Final Object Repo/WorkFlow Listing Page/Search Ref No Search Button' is clicked on

2018-12-12 10:03:41 - [TEST_STEP][PASSED] - delay: Delayed 6 second(s)

2018-12-12 10:03:47 - [MESSAGE][PASSED] - Delayed 6 second(s)

2018-12-12 10:03:47 - [TEST_STEP][PASSED] - click: Object: 'Object Repository/Final Object Repo/WorkFlow Listing Page/Click Continue Tooltip' is clicked on

2018-12-12 10:03:48 - [MESSAGE][PASSED] - Object: 'Object Repository/Final Object Repo/WorkFlow Listing Page/Click Continue Tooltip' is clicked on

2018-12-12 10:03:48 - [TEST_STEP][PASSED] - delay: Delayed 5 second(s)

2018-12-12 10:03:53 - [MESSAGE][PASSED] - Delayed 5 second(s)

2018-12-12 10:03:53 - [TEST_STEP][PASSED] - doubleClick: Object: 'Object Repository/Final Object Repo/WorkFlow Listing Page/Workflow Found - Listing 1' is double clicked on

2018-12-12 10:03:53 - [MESSAGE][PASSED] - Object: 'Object Repository/Final Object Repo/WorkFlow Listing Page/Workflow Found - Listing 1' is double clicked on

2018-12-12 10:03:53 - [TEST_STEP][PASSED] - Statement - println(OwnerID): null

2018-12-12 10:03:53 - [TEST_STEP][PASSED] - Statement - OwnerID = com.kms.katalon.core.webui.keyword.WebUiBuiltInKeywords.getText(com.kms.katalon.core.testobject.ObjectRepository.findTestObject(Final Object Repo/WorkFlow Listing Page/Workflow Found - Listing 1), STOP_ON_FAILURE): Text of object 'Object Repository/Final Object Repo/WorkFlow Listing Page/Workflow Found - Listing 1' is: 'JOHORuo2'

2018-12-12 10:03:53 - [MESSAGE][PASSED] - Text of object 'Object Repository/Final Object Repo/WorkFlow Listing Page/Workflow Found - Listing 1' is: 'JOHORuo2'

2018-12-12 10:03:53 - [TEST_STEP][PASSED] - Statement - OwnerID = OwnerID.toLowerCase() + "@gmail.com": null

2018-12-12 10:03:53 - [TEST_STEP][PASSED] - Statement - println(OwnerID): null

2018-12-12 10:03:53 - [TEST_STEP][PASSED] - delay: Delayed 2 second(s)

2018-12-12 10:03:55 - [MESSAGE][PASSED] - Delayed 2 second(s)

2018-12-12 10:03:55 - [MESSAGE][PASSED] - Call Test Case 'Test Cases/Final Aug 2018 - PKS Automation/Common/Workflow Owner Finder' successfully

2018-12-12 10:03:55 - [TEST_STEP][PASSED] - delay: Delayed 2 second(s)

2018-12-12 10:03:57 - [MESSAGE][PASSED] - Delayed 2 second(s)

2018-12-12 10:03:57 - [TEST_STEP][PASSED] - navigateToUrl: Navigate to 'https://assist2-uat.perkeso.gov.my/c/portal/logout' successfully

2018-12-12 10:03:58 - [MESSAGE][PASSED] - Navigate to 'https://assist2-uat.perkeso.gov.my/c/portal/logout' successfully

2018-12-12 10:03:58 - [TEST_STEP][PASSED] - delay: Delayed 2 second(s)

2018-12-12 10:04:00 - [MESSAGE][PASSED] - Delayed 2 second(s)

2018-12-12 10:04:00 - [TEST_STEP][PASSED] - callTestCase: Call Test Case 'Test Cases/Final Aug 2018 - PKS Automation/Registration Module/Workflow/Login and Search Case For Workflow' successfully

2018-12-12 10:04:00 - [TEST_CASE][PASSED] - Test Cases/Final Aug 2018 - PKS Automation/Registration Module/Workflow/Login and Search Case For Workflow: Test Cases/Final Aug 2018 - PKS Automation/Registration Module/Workflow/Login and Search Case For Workflow

2018-12-12 10:04:00 - [TEST_STEP][PASSED] - navigateToUrl: Navigate to 'https://assist2-uat.perkeso.gov.my/login' successfully

2018-12-12 10:04:00 - [MESSAGE][PASSED] - Navigate to 'https://assist2-uat.perkeso.gov.my/login' successfully

2018-12-12 10:04:00 - [TEST_STEP][PASSED] - setText: Text 'johoruo2@gmail.com' is set on object 'Object Repository/Final Object Repo/Login Page/Internal User/Email Address'

2018-12-12 10:04:01 - [MESSAGE][PASSED] - Text 'johoruo2@gmail.com' is set on object 'Object Repository/Final Object Repo/Login Page/Internal User/Email Address'

2018-12-12 10:04:01 - [TEST_STEP][PASSED] - click: Object: 'Object Repository/Final Object Repo/Login Page/Internal User/Next Button' is clicked on

2018-12-12 10:04:01 - [MESSAGE][PASSED] - Object: 'Object Repository/Final Object Repo/Login Page/Internal User/Next Button' is clicked on

2018-12-12 10:04:01 - [TEST_STEP][PASSED] - delay: Delayed 1 second(s)

2018-12-12 10:04:02 - [MESSAGE][PASSED] - Delayed 1 second(s)

2018-12-12 10:04:02 - [TEST_STEP][PASSED] - setEncryptedText: Text ****** has been set on object 'Object Repository/Final Object Repo/Login Page/Internal User/Password'

2018-12-12 10:04:02 - [MESSAGE][PASSED] - Text ****** has been set on object 'Object Repository/Final Object Repo/Login Page/Internal User/Password'

2018-12-12 10:04:02 - [TEST_STEP][PASSED] - click: Object: 'Object Repository/Final Object Repo/Login Page/Internal User/Login Button' is clicked on

2018-12-12 10:04:02 - [MESSAGE][PASSED] - Object: 'Object Repository/Final Object Repo/Login Page/Internal User/Login Button' is clicked on

2018-12-12 10:04:02 - [TEST_STEP][PASSED] - delay: Delayed 2 second(s)

2018-12-12 10:04:04 - [MESSAGE][PASSED] - Delayed 2 second(s)

2018-12-12 10:04:04 - [TEST_STEP][PASSED] - Statement - Try: Delayed 2 second(s)

2018-12-12 10:04:04 - [TEST_STEP][PASSED] - Statement - Checker = false: null

2018-12-12 10:04:04 - [TEST_STEP][PASSED] - Statement - Checker = com.kms.katalon.core.webui.keyword.WebUiBuiltInKeywords.verifyElementHasAttribute(com.kms.katalon.core.testobject.ObjectRepository.findTestObject(Final Object Repo/Landing Page/BM Detecting), "href", 20, OPTIONAL): Object 'Object Repository/Final Object Repo/Landing Page/BM Detecting' has attribute 'href'

2018-12-12 10:04:04 - [MESSAGE][PASSED] - Object 'Object Repository/Final Object Repo/Landing Page/BM Detecting' has attribute 'href'

2018-12-12 10:04:04 - [TEST_STEP][PASSED] - Statement - out.println(Checker): null

2018-12-12 10:04:04 - [TEST_STEP][PASSED] - Statement - If (Checker == false): null

2018-12-12 10:04:04 - [TEST_STEP][PASSED] - Statement - Else: null

2018-12-12 10:04:04 - [TEST_STEP][PASSED] - delay: Delayed 2 second(s)

2018-12-12 10:04:06 - [MESSAGE][PASSED] - Delayed 2 second(s)

2018-12-12 10:04:06 - [TEST_STEP][PASSED] - click: Object: 'Object Repository/Final Object Repo/Page_MyASSIST - ASSIST - Search Pending Case For Add Supporting Document/Search Information' is clicked on

2018-12-12 10:04:06 - [MESSAGE][PASSED] - Object: 'Object Repository/Final Object Repo/Page_MyASSIST - ASSIST - Search Pending Case For Add Supporting Document/Search Information' is clicked on

2018-12-12 10:04:06 - [TEST_STEP][PASSED] - delay: Delayed 3 second(s)

2018-12-12 10:04:09 - [MESSAGE][PASSED] - Delayed 3 second(s)

2018-12-12 10:04:09 - [TEST_STEP][PASSED] - sendKeys: Keys 'CUN122018C100005970' sent to object: 'Object Repository/Final Object Repo/Page_MyASSIST - ASSIST - Search Pending Case For Add Supporting Document/Reference No'

2018-12-12 10:04:10 - [MESSAGE][PASSED] - Keys 'CUN122018C100005970' sent to object: 'Object Repository/Final Object Repo/Page_MyASSIST - ASSIST - Search Pending Case For Add Supporting Document/Reference No'

2018-12-12 10:04:10 - [TEST_STEP][PASSED] - click: Object: 'Object Repository/Final Object Repo/Page_MyASSIST - ASSIST - Search Pending Case For Add Supporting Document/Search Reference No' is clicked on

2018-12-12 10:04:10 - [MESSAGE][PASSED] - Object: 'Object Repository/Final Object Repo/Page_MyASSIST - ASSIST - Search Pending Case For Add Supporting Document/Search Reference No' is clicked on

2018-12-12 10:04:10 - [TEST_STEP][PASSED] - delay: Delayed 2 second(s)

2018-12-12 10:04:12 - [MESSAGE][PASSED] - Delayed 2 second(s)

2018-12-12 10:04:12 - [TEST_STEP][PASSED] - click: Object: 'Object Repository/Final Object Repo/Page_MyASSIST - ASSIST - Search Pending Case For Add Supporting Document/Continue' is clicked on

2018-12-12 10:04:16 - [MESSAGE][PASSED] - Object: 'Object Repository/Final Object Repo/Page_MyASSIST - ASSIST - Search Pending Case For Add Supporting Document/Continue' is clicked on

2018-12-12 10:04:16 - [TEST_STEP][PASSED] - delay: Delayed 20 second(s)

2018-12-12 10:04:36 - [MESSAGE][PASSED] - Delayed 20 second(s)

2018-12-12 10:04:36 - [MESSAGE][PASSED] - Call Test Case 'Test Cases/Final Aug 2018 - PKS Automation/Registration Module/Workflow/Login and Search Case For Workflow' successfully

2018-12-12 10:04:36 - [TEST_STEP][PASSED] - delay: Delayed 2 second(s)

2018-12-12 10:04:38 - [MESSAGE][PASSED] - Delayed 2 second(s)

2018-12-12 10:04:38 - [TEST_STEP][PASSED] - click: Object: 'Object Repository/Final Object Repo/Page_Update Employee Information By Employer/Page_Update Employee Information by Employer (Approve)/Continue' is clicked on

2018-12-12 10:04:41 - [MESSAGE][PASSED] - Object: 'Object Repository/Final Object Repo/Page_Update Employee Information By Employer/Page_Update Employee Information by Employer (Approve)/Continue' is clicked on

2018-12-12 10:04:41 - [TEST_STEP][PASSED] - delay: Delayed 2 second(s)

2018-12-12 10:04:43 - [MESSAGE][PASSED] - Delayed 2 second(s)

2018-12-12 10:04:43 - [TEST_STEP][PASSED] - click: Object: 'Object Repository/Final Object Repo/Page_Update Employee Information By Employer/Page_Update Employee Information by Employer (Approve)/Save  Continue in Update Employee Information Page' is clicked on

2018-12-12 10:04:43 - [MESSAGE][PASSED] - Object: 'Object Repository/Final Object Repo/Page_Update Employee Information By Employer/Page_Update Employee Information by Employer (Approve)/Save  Continue in Update Employee Information Page' is clicked on

2018-12-12 10:04:43 - [TEST_STEP][PASSED] - delay: Delayed 4 second(s)

2018-12-12 10:04:47 - [MESSAGE][PASSED] - Delayed 4 second(s)

2018-12-12 10:04:47 - [TEST_STEP][PASSED] - click: Object: 'Object Repository/Final Object Repo/Page_Update Employee Information By Employer/Page_Update Employee Information by Employer (Approve)/Save  Continue in Upload Supporting Doucument Page' is clicked on

2018-12-12 10:04:47 - [MESSAGE][PASSED] - Object: 'Object Repository/Final Object Repo/Page_Update Employee Information By Employer/Page_Update Employee Information by Employer (Approve)/Save  Continue in Upload Supporting Doucument Page' is clicked on

2018-12-12 10:04:47 - [TEST_STEP][PASSED] - delay: Delayed 2 second(s)

2018-12-12 10:04:49 - [MESSAGE][PASSED] - Delayed 2 second(s)

2018-12-12 10:04:49 - [TEST_STEP][PASSED] - click: Object: 'Object Repository/Final Object Repo/Page_Update Employee Information By Employer/Page_Update Employee Information by Employer (Under enforcement)/Under enforcement' is clicked on

2018-12-12 10:04:51 - [MESSAGE][PASSED] - Object: 'Object Repository/Final Object Repo/Page_Update Employee Information By Employer/Page_Update Employee Information by Employer (Under enforcement)/Under enforcement' is clicked on

2018-12-12 10:04:51 - [TEST_STEP][PASSED] - delay: Delayed 2 second(s)

2018-12-12 10:04:53 - [MESSAGE][PASSED] - Delayed 2 second(s)

2018-12-12 10:04:53 - [TEST_STEP][PASSED] - setText: Text 'Remark' is set on object 'Object Repository/Final Object Repo/Page_Update Employee Information By Employer/Page_Update Employee Information by Employer (Under enforcement)/Under enforcement - Remark'

2018-12-12 10:04:53 - [MESSAGE][PASSED] - Text 'Remark' is set on object 'Object Repository/Final Object Repo/Page_Update Employee Information By Employer/Page_Update Employee Information by Employer (Under enforcement)/Under enforcement - Remark'

2018-12-12 10:04:53 - [TEST_STEP][PASSED] - delay: Delayed 2 second(s)

2018-12-12 10:04:55 - [MESSAGE][PASSED] - Delayed 2 second(s)

2018-12-12 10:04:55 - [TEST_STEP][PASSED] - click: Object: 'Object Repository/Final Object Repo/Page_Update Employee Information By Employer/Page_Update Employee Information by Employer (Under enforcement)/Save  Continu in Under enforcement Page' is clicked on

2018-12-12 10:04:56 - [MESSAGE][PASSED] - Object: 'Object Repository/Final Object Repo/Page_Update Employee Information By Employer/Page_Update Employee Information by Employer (Under enforcement)/Save  Continu in Under enforcement Page' is clicked on

2018-12-12 10:04:56 - [TEST_STEP][PASSED] - delay: Delayed 2 second(s)

2018-12-12 10:04:58 - [MESSAGE][PASSED] - Delayed 2 second(s)

2018-12-12 10:04:58 - [TEST_STEP][PASSED] - click: Object: 'Object Repository/Final Object Repo/Page_Update Employee Information By Employer/Page_Update Employee Information by Employer (Under enforcement)/Under enforceme Message The case is under enforcement' is clicked on

2018-12-12 10:04:58 - [MESSAGE][PASSED] - Object: 'Object Repository/Final Object Repo/Page_Update Employee Information By Employer/Page_Update Employee Information by Employer (Under enforcement)/Under enforceme Message The case is under enforcement' is clicked on

2018-12-12 10:04:58 - [TEST_STEP][PASSED] - click: Object: 'Object Repository/Final Object Repo/Page_Update Employee Information By Employer/Page_Update Employee Information by Employer (Under enforcement)/Under enforcement - OK button' is clicked on

2018-12-12 10:04:59 - [MESSAGE][PASSED] - Object: 'Object Repository/Final Object Repo/Page_Update Employee Information By Employer/Page_Update Employee Information by Employer (Under enforcement)/Under enforcement - OK button' is clicked on

2018-12-12 10:04:59 - [MESSAGE][PASSED] - Call Test Case 'Test Cases/Final Aug 2018 - PKS Automation/Registration Module/Workflow/Update Employee Information (Employer)/Template/Update Employee Information - Special Case - UO (UnderEnforcement)' successfully]]></system-out>
         <system-err><![CDATA[]]></system-err>
      </testcase>
      <testcase name="Test Cases/Final Aug 2018 - PKS Automation/Registration Module/Workflow/Update Employee Information (Employer)/OTC - UO (Approve)" classname="Test Cases/Final Aug 2018 - PKS Automation/Registration Module/Workflow/Update Employee Information (Employer)/OTC - UO (Approve)" status="PASSED">
         <system-out><![CDATA[2018-12-12 10:04:59 - [TEST_CASE][PASSED] - Test Cases/Final Aug 2018 - PKS Automation/Registration Module/Workflow/Update Employee Information (Employer)/OTC - UO (Approve): Test Cases/Final Aug 2018 - PKS Automation/Registration Module/Workflow/Update Employee Information (Employer)/OTC - UO (Approve)

2018-12-12 10:04:59 - [TEST_STEP][PASSED] - callTestCase: Call Test Case 'Test Cases/Final Aug 2018 - PKS Automation/Registration Module/Workflow/Update Employee Information (Employer)/Template/Update Employer Information - Special Case (OTC)' successfully

2018-12-12 10:04:59 - [TEST_CASE][PASSED] - Test Cases/Final Aug 2018 - PKS Automation/Registration Module/Workflow/Update Employee Information (Employer)/Template/Update Employer Information - Special Case (OTC): Test Cases/Final Aug 2018 - PKS Automation/Registration Module/Workflow/Update Employee Information (Employer)/Template/Update Employer Information - Special Case (OTC)

2018-12-12 10:05:00 - [TEST_STEP][PASSED] - openBrowser: Browser is opened with url: ''

2018-12-12 10:05:00 - [MESSAGE][WARNING] - A browser is already opened. Closing browser and opening a new one

2018-12-12 10:05:04 - [MESSAGE][PASSED] - Browser is opened with url: ''

2018-12-12 10:05:04 - [TEST_STEP][PASSED] - navigateToUrl: Navigate to 'https://assist2-uat.perkeso.gov.my/login' successfully

2018-12-12 10:05:05 - [MESSAGE][PASSED] - Navigate to 'https://assist2-uat.perkeso.gov.my/login' successfully

2018-12-12 10:05:05 - [TEST_STEP][PASSED] - setText: Text 'johorotc1@gmail.com' is set on object 'Object Repository/Final Object Repo/Login Page/Internal User/Email Address'

2018-12-12 10:05:05 - [MESSAGE][PASSED] - Text 'johorotc1@gmail.com' is set on object 'Object Repository/Final Object Repo/Login Page/Internal User/Email Address'

2018-12-12 10:05:05 - [TEST_STEP][PASSED] - click: Object: 'Object Repository/Final Object Repo/Login Page/Internal User/Next Button' is clicked on

2018-12-12 10:05:06 - [MESSAGE][PASSED] - Object: 'Object Repository/Final Object Repo/Login Page/Internal User/Next Button' is clicked on

2018-12-12 10:05:06 - [TEST_STEP][PASSED] - delay: Delayed 1 second(s)

2018-12-12 10:05:07 - [MESSAGE][PASSED] - Delayed 1 second(s)

2018-12-12 10:05:07 - [TEST_STEP][PASSED] - setEncryptedText: Text ****** has been set on object 'Object Repository/Final Object Repo/Login Page/Internal User/Password'

2018-12-12 10:05:07 - [MESSAGE][PASSED] - Text ****** has been set on object 'Object Repository/Final Object Repo/Login Page/Internal User/Password'

2018-12-12 10:05:07 - [TEST_STEP][PASSED] - click: Object: 'Object Repository/Final Object Repo/Login Page/Internal User/Login Button' is clicked on

2018-12-12 10:05:07 - [MESSAGE][PASSED] - Object: 'Object Repository/Final Object Repo/Login Page/Internal User/Login Button' is clicked on

2018-12-12 10:05:07 - [TEST_STEP][PASSED] - Statement - tester = com.kms.katalon.core.testobject.ObjectRepository.findTestObject(Final Object Repo/Landing Page/Select to English): Finding Test Object with id 'Object Repository/Final Object Repo/Landing Page/Select to English'

2018-12-12 10:05:07 - [TEST_STEP][PASSED] - Statement - Try: Delayed 2 second(s)

2018-12-12 10:05:07 - [TEST_STEP][PASSED] - Statement - Checker = com.kms.katalon.core.webui.keyword.WebUiBuiltInKeywords.verifyElementNotPresent(tester, 3): Web element with id: 'Object Repository/Final Object Repo/Landing Page/Select to English' located by 'By.xpath: //a[@class = 'taglib-language-list-text' and @lang = 'en-US' and (contains(text(), 'EN') or contains(., 'EN'))]' is not present after '3' second(s)

2018-12-12 10:05:09 - [MESSAGE][PASSED] - Web element with id: 'Object Repository/Final Object Repo/Landing Page/Select to English' located by 'By.xpath: //a[@class = 'taglib-language-list-text' and @lang = 'en-US' and (contains(text(), 'EN') or contains(., 'EN'))]' is not present after '3' second(s)

2018-12-12 10:05:09 - [TEST_STEP][PASSED] - Statement - If (Checker == false): null

2018-12-12 10:05:09 - [TEST_STEP][PASSED] - delay: Delayed 2 second(s)

2018-12-12 10:05:11 - [MESSAGE][PASSED] - Delayed 2 second(s)

2018-12-12 10:05:11 - [TEST_STEP][PASSED] - delay: Delayed 5 second(s)

2018-12-12 10:05:16 - [MESSAGE][PASSED] - Delayed 5 second(s)

2018-12-12 10:05:16 - [TEST_STEP][PASSED] - navigateToUrl: Navigate to 'https://assist2-uat.perkeso.gov.my/web/registration/update/update-employee-information-employer-' successfully

2018-12-12 10:05:17 - [MESSAGE][PASSED] - Navigate to 'https://assist2-uat.perkeso.gov.my/web/registration/update/update-employee-information-employer-' successfully

2018-12-12 10:05:17 - [TEST_STEP][PASSED] - setText: Text 'E1102001065V' is set on object 'Object Repository/Final Object Repo/Page_Update Employee Information By Employer/Employer Code'

2018-12-12 10:05:18 - [MESSAGE][PASSED] - Text 'E1102001065V' is set on object 'Object Repository/Final Object Repo/Page_Update Employee Information By Employer/Employer Code'

2018-12-12 10:05:18 - [TEST_STEP][PASSED] - click: Object: 'Object Repository/Final Object Repo/Page_Update Employee Information By Employer/Search Employer Code' is clicked on

2018-12-12 10:05:18 - [MESSAGE][PASSED] - Object: 'Object Repository/Final Object Repo/Page_Update Employee Information By Employer/Search Employer Code' is clicked on

2018-12-12 10:05:18 - [TEST_STEP][PASSED] - click: Object: 'Object Repository/Final Object Repo/Page_Update Employee Information By Employer/Edit Button' is clicked on

2018-12-12 10:05:22 - [MESSAGE][PASSED] - Object: 'Object Repository/Final Object Repo/Page_Update Employee Information By Employer/Edit Button' is clicked on

2018-12-12 10:05:22 - [TEST_STEP][PASSED] - click: Object: 'Object Repository/Final Object Repo/Page_Update Employee Information By Employer/Employee Name or New Identification' is clicked on

2018-12-12 10:05:22 - [MESSAGE][PASSED] - Object: 'Object Repository/Final Object Repo/Page_Update Employee Information By Employer/Employee Name or New Identification' is clicked on

2018-12-12 10:05:22 - [TEST_STEP][PASSED] - delay: Delayed 1 second(s)

2018-12-12 10:05:23 - [MESSAGE][PASSED] - Delayed 1 second(s)

2018-12-12 10:05:23 - [TEST_STEP][PASSED] - click: Object: 'Object Repository/Final Object Repo/Page_Update Employee Information By Employer/Selection - Employee Name' is clicked on

2018-12-12 10:05:23 - [MESSAGE][PASSED] - Object: 'Object Repository/Final Object Repo/Page_Update Employee Information By Employer/Selection - Employee Name' is clicked on

2018-12-12 10:05:23 - [TEST_STEP][PASSED] - delay: Delayed 1 second(s)

2018-12-12 10:05:24 - [MESSAGE][PASSED] - Delayed 1 second(s)

2018-12-12 10:05:24 - [TEST_STEP][PASSED] - setText: Text 'PERKESO' is set on object 'Object Repository/Final Object Repo/Page_Update Employee Information By Employer/Employee Name'

2018-12-12 10:05:24 - [MESSAGE][PASSED] - Text 'PERKESO' is set on object 'Object Repository/Final Object Repo/Page_Update Employee Information By Employer/Employee Name'

2018-12-12 10:05:24 - [TEST_STEP][PASSED] - delay: Delayed 2 second(s)

2018-12-12 10:05:26 - [MESSAGE][PASSED] - Delayed 2 second(s)

2018-12-12 10:05:26 - [TEST_STEP][PASSED] - click: Object: 'Object Repository/Final Object Repo/Page_Update Employee Information By Employer/Search Employee' is clicked on

2018-12-12 10:05:27 - [MESSAGE][PASSED] - Object: 'Object Repository/Final Object Repo/Page_Update Employee Information By Employer/Search Employee' is clicked on

2018-12-12 10:05:27 - [TEST_STEP][PASSED] - delay: Delayed 3 second(s)

2018-12-12 10:05:30 - [MESSAGE][PASSED] - Delayed 3 second(s)

2018-12-12 10:05:30 - [TEST_STEP][PASSED] - click: Object: 'Object Repository/Final Object Repo/Page_Update Employee Information By Employer/Employee Edit Button' is clicked on

2018-12-12 10:05:30 - [MESSAGE][PASSED] - Object: 'Object Repository/Final Object Repo/Page_Update Employee Information By Employer/Employee Edit Button' is clicked on

2018-12-12 10:05:30 - [TEST_STEP][PASSED] - delay: Delayed 3 second(s)

2018-12-12 10:05:33 - [MESSAGE][PASSED] - Delayed 3 second(s)

2018-12-12 10:05:33 - [TEST_STEP][PASSED] - setText: Text '' is set on object 'Object Repository/Final Object Repo/Page_Update Employee Information By Employer/Identification Number'

2018-12-12 10:05:33 - [MESSAGE][PASSED] - Text '' is set on object 'Object Repository/Final Object Repo/Page_Update Employee Information By Employer/Identification Number'

2018-12-12 10:05:33 - [TEST_STEP][PASSED] - Statement - rnd = new java.util.Random(): null

2018-12-12 10:05:33 - [TEST_STEP][PASSED] - Statement - snum = rnd.nextInt(899999 + 1) + 100000: null

2018-12-12 10:05:33 - [TEST_STEP][PASSED] - Statement - tnum = rnd.nextInt(899999 + 1) + 100000: null

2018-12-12 10:05:33 - [TEST_STEP][PASSED] - Statement - IC = java.lang.Integer.toString(snum) + java.lang.Integer.toString(tnum): null

2018-12-12 10:05:33 - [TEST_STEP][PASSED] - Statement - out.println(IC): null

2018-12-12 10:05:33 - [TEST_STEP][PASSED] - setText: Text '577417718182' is set on object 'Object Repository/Final Object Repo/Page_Update Employee Information By Employer/Identification Number'

2018-12-12 10:05:33 - [MESSAGE][PASSED] - Text '577417718182' is set on object 'Object Repository/Final Object Repo/Page_Update Employee Information By Employer/Identification Number'

2018-12-12 10:05:33 - [TEST_STEP][PASSED] - click: Object: 'Object Repository/Final Object Repo/Page_Update Employee Information By Employer/Save' is clicked on

2018-12-12 10:05:34 - [MESSAGE][PASSED] - Object: 'Object Repository/Final Object Repo/Page_Update Employee Information By Employer/Save' is clicked on

2018-12-12 10:05:34 - [TEST_STEP][PASSED] - delay: Delayed 5 second(s)

2018-12-12 10:05:39 - [MESSAGE][PASSED] - Delayed 5 second(s)

2018-12-12 10:05:39 - [TEST_STEP][PASSED] - Statement - CaseReferenceNo = com.kms.katalon.core.webui.keyword.WebUiBuiltInKeywords.getText(com.kms.katalon.core.testobject.ObjectRepository.findTestObject(Final Object Repo/Reference Number/Reference Number in Update Employee Information Page)): Text of object 'Object Repository/Final Object Repo/Reference Number/Reference Number in Update Employee Information Page' is: 'CUN122018C100005971'

2018-12-12 10:05:39 - [MESSAGE][PASSED] - Text of object 'Object Repository/Final Object Repo/Reference Number/Reference Number in Update Employee Information Page' is: 'CUN122018C100005971'

2018-12-12 10:05:39 - [TEST_STEP][PASSED] - callTestCase: Call Test Case 'Test Cases/Final Aug 2018 - PKS Automation/Common/Reference Number Setter' successfully

2018-12-12 10:05:39 - [TEST_CASE][PASSED] - Test Cases/Final Aug 2018 - PKS Automation/Common/Reference Number Setter: Test Cases/Final Aug 2018 - PKS Automation/Common/Reference Number Setter

2018-12-12 10:05:39 - [TEST_STEP][PASSED] - Statement - RefNoOldFile = new java.io.File(C://Users//Admin//Desktop//PKS//Automation Reference Point//KatalonReference.txt): null

2018-12-12 10:05:39 - [TEST_STEP][PASSED] - Statement - RefNoOldFile.delete(): null

2018-12-12 10:05:39 - [TEST_STEP][PASSED] - delay: Delayed 5 second(s)

2018-12-12 10:05:44 - [MESSAGE][PASSED] - Delayed 5 second(s)

2018-12-12 10:05:44 - [TEST_STEP][PASSED] - Statement - RefNo = new java.io.File(C://Users//Admin//Desktop//PKS//Automation Reference Point//KatalonReference.txt): null

2018-12-12 10:05:44 - [TEST_STEP][PASSED] - Statement - f2 = new java.io.FileWriter(RefNo, false): null

2018-12-12 10:05:44 - [TEST_STEP][PASSED] - Statement - f2.write(CaseReferenceNo): null

2018-12-12 10:05:44 - [TEST_STEP][PASSED] - Statement - f2.close(): null

2018-12-12 10:05:44 - [TEST_STEP][PASSED] - Statement - out.println("


" + CaseReferenceNo + "


"): null

2018-12-12 10:05:44 - [MESSAGE][PASSED] - Call Test Case 'Test Cases/Final Aug 2018 - PKS Automation/Common/Reference Number Setter' successfully

2018-12-12 10:05:44 - [TEST_STEP][PASSED] - delay: Delayed 5 second(s)

2018-12-12 10:05:49 - [MESSAGE][PASSED] - Delayed 5 second(s)

2018-12-12 10:05:49 - [TEST_STEP][PASSED] - click: Object: 'Object Repository/Final Object Repo/Page_Update Employee Information By Employer/Save  Continue in  Employee Information Page' is clicked on

2018-12-12 10:05:49 - [MESSAGE][PASSED] - Object: 'Object Repository/Final Object Repo/Page_Update Employee Information By Employer/Save  Continue in  Employee Information Page' is clicked on

2018-12-12 10:05:49 - [TEST_STEP][PASSED] - delay: Delayed 5 second(s)

2018-12-12 10:05:54 - [MESSAGE][PASSED] - Delayed 5 second(s)

2018-12-12 10:05:54 - [TEST_STEP][PASSED] - click: Object: 'Object Repository/Final Object Repo/Page_Update Employee Information By Employer/Save  Continue in Uploading Page 1' is clicked on

2018-12-12 10:05:54 - [MESSAGE][PASSED] - Object: 'Object Repository/Final Object Repo/Page_Update Employee Information By Employer/Save  Continue in Uploading Page 1' is clicked on

2018-12-12 10:05:54 - [TEST_STEP][PASSED] - delay: Delayed 5 second(s)

2018-12-12 10:05:59 - [MESSAGE][PASSED] - Delayed 5 second(s)

2018-12-12 10:05:59 - [TEST_STEP][PASSED] - click: Object: 'Object Repository/Final Object Repo/Page_Update Employee Information By Employer/Submit' is clicked on

2018-12-12 10:05:59 - [MESSAGE][PASSED] - Object: 'Object Repository/Final Object Repo/Page_Update Employee Information By Employer/Submit' is clicked on

2018-12-12 10:05:59 - [TEST_STEP][PASSED] - delay: Delayed 5 second(s)

2018-12-12 10:06:04 - [MESSAGE][PASSED] - Delayed 5 second(s)

2018-12-12 10:06:04 - [TEST_STEP][PASSED] - click: Object: 'Object Repository/Final Object Repo/Page_Update Employee Information By Employer/Confirm' is clicked on

2018-12-12 10:06:04 - [MESSAGE][PASSED] - Object: 'Object Repository/Final Object Repo/Page_Update Employee Information By Employer/Confirm' is clicked on

2018-12-12 10:06:04 - [TEST_STEP][PASSED] - delay: Delayed 5 second(s)

2018-12-12 10:06:09 - [MESSAGE][PASSED] - Delayed 5 second(s)

2018-12-12 10:06:09 - [TEST_STEP][PASSED] - verifyElementVisible: Object 'Object Repository/Final Object Repo/Page_Update Employee Information By Employer/Successfull Message Routed to UO' is visible

2018-12-12 10:06:10 - [MESSAGE][PASSED] - Object 'Object Repository/Final Object Repo/Page_Update Employee Information By Employer/Successfull Message Routed to UO' is visible

2018-12-12 10:06:10 - [MESSAGE][PASSED] - Call Test Case 'Test Cases/Final Aug 2018 - PKS Automation/Registration Module/Workflow/Update Employee Information (Employer)/Template/Update Employer Information - Special Case (OTC)' successfully

2018-12-12 10:06:10 - [TEST_STEP][PASSED] - callTestCase: Call Test Case 'Test Cases/Final Aug 2018 - PKS Automation/Registration Module/Workflow/Update Employer Information/Template/Update Employer Information - Special Case - UO (Approve)' successfully

2018-12-12 10:06:10 - [TEST_CASE][PASSED] - Test Cases/Final Aug 2018 - PKS Automation/Registration Module/Workflow/Update Employer Information/Template/Update Employer Information - Special Case - UO (Approve): Test Cases/Final Aug 2018 - PKS Automation/Registration Module/Workflow/Update Employer Information/Template/Update Employer Information - Special Case - UO (Approve)

2018-12-12 10:06:10 - [TEST_STEP][NOT_RUN] - callTestCase: NOT_RUN: callTestCase

2018-12-12 10:06:10 - [MESSAGE][NOT_RUN] - NOT_RUN: callTestCase

2018-12-12 10:06:10 - [TEST_STEP][NOT_RUN] - delay: NOT_RUN: delay

2018-12-12 10:06:10 - [MESSAGE][NOT_RUN] - NOT_RUN: delay

2018-12-12 10:06:10 - [TEST_STEP][NOT_RUN] - navigateToUrl: NOT_RUN: navigateToUrl

2018-12-12 10:06:10 - [MESSAGE][NOT_RUN] - NOT_RUN: navigateToUrl

2018-12-12 10:06:10 - [TEST_STEP][PASSED] - delay: Delayed 1 second(s)

2018-12-12 10:06:11 - [MESSAGE][PASSED] - Delayed 1 second(s)

2018-12-12 10:06:11 - [TEST_STEP][PASSED] - callTestCase: Call Test Case 'Test Cases/Final Aug 2018 - PKS Automation/Common/Reference Number Getter' successfully

2018-12-12 10:06:11 - [TEST_CASE][PASSED] - Test Cases/Final Aug 2018 - PKS Automation/Common/Reference Number Getter: Test Cases/Final Aug 2018 - PKS Automation/Common/Reference Number Getter

2018-12-12 10:06:11 - [TEST_STEP][PASSED] - Statement - Try: null

2018-12-12 10:06:11 - [TEST_STEP][PASSED] - Statement - RefNo = new java.io.File(C://Users//Admin//Desktop//PKS//Automation Reference Point//KatalonReference.txt): null

2018-12-12 10:06:11 - [TEST_STEP][PASSED] - Statement - bufferread = new java.io.BufferedReader(new java.io.FileReader(RefNo)): null

2018-12-12 10:06:11 - [TEST_STEP][PASSED] - Statement - readedVal = bufferread.readLine(): null

2018-12-12 10:06:11 - [TEST_STEP][PASSED] - Statement - out.println(CaseReferenceNo): null

2018-12-12 10:06:11 - [TEST_STEP][PASSED] - Statement - out.println(readedVal): null

2018-12-12 10:06:11 - [TEST_STEP][PASSED] - Statement - CaseReferenceNo = "": null

2018-12-12 10:06:11 - [TEST_STEP][PASSED] - Statement - CaseReferenceNo = readedVal: null

2018-12-12 10:06:11 - [MESSAGE][PASSED] - Call Test Case 'Test Cases/Final Aug 2018 - PKS Automation/Common/Reference Number Getter' successfully

2018-12-12 10:06:11 - [TEST_STEP][PASSED] - callTestCase: Call Test Case 'Test Cases/Final Aug 2018 - PKS Automation/Common/Workflow Owner Finder' successfully

2018-12-12 10:06:11 - [TEST_CASE][PASSED] - Test Cases/Final Aug 2018 - PKS Automation/Common/Workflow Owner Finder: Test Cases/Final Aug 2018 - PKS Automation/Common/Workflow Owner Finder

2018-12-12 10:06:11 - [TEST_STEP][PASSED] - openBrowser: Browser is opened with url: ''

2018-12-12 10:06:11 - [MESSAGE][WARNING] - A browser is already opened. Closing browser and opening a new one

2018-12-12 10:06:15 - [MESSAGE][PASSED] - Browser is opened with url: ''

2018-12-12 10:06:15 - [TEST_STEP][PASSED] - navigateToUrl: Navigate to 'https://assist2-uat.perkeso.gov.my/login' successfully

2018-12-12 10:06:17 - [MESSAGE][PASSED] - Navigate to 'https://assist2-uat.perkeso.gov.my/login' successfully

2018-12-12 10:06:17 - [TEST_STEP][PASSED] - delay: Delayed 5 second(s)

2018-12-12 10:06:22 - [MESSAGE][PASSED] - Delayed 5 second(s)

2018-12-12 10:06:22 - [TEST_STEP][PASSED] - setText: Text 'test@liferay.com' is set on object 'Object Repository/Final Object Repo/Login Page/Internal User/Email Address'

2018-12-12 10:06:22 - [MESSAGE][PASSED] - Text 'test@liferay.com' is set on object 'Object Repository/Final Object Repo/Login Page/Internal User/Email Address'

2018-12-12 10:06:22 - [TEST_STEP][PASSED] - click: Object: 'Object Repository/Final Object Repo/Login Page/Internal User/Next Button' is clicked on

2018-12-12 10:06:22 - [MESSAGE][PASSED] - Object: 'Object Repository/Final Object Repo/Login Page/Internal User/Next Button' is clicked on

2018-12-12 10:06:22 - [TEST_STEP][PASSED] - delay: Delayed 2 second(s)

2018-12-12 10:06:24 - [MESSAGE][PASSED] - Delayed 2 second(s)

2018-12-12 10:06:24 - [TEST_STEP][PASSED] - setText: Text 'test' is set on object 'Object Repository/Final Object Repo/Login Page/Internal User/Password'

2018-12-12 10:06:24 - [MESSAGE][PASSED] - Text 'test' is set on object 'Object Repository/Final Object Repo/Login Page/Internal User/Password'

2018-12-12 10:06:24 - [TEST_STEP][PASSED] - delay: Delayed 2 second(s)

2018-12-12 10:06:26 - [MESSAGE][PASSED] - Delayed 2 second(s)

2018-12-12 10:06:26 - [TEST_STEP][PASSED] - click: Object: 'Object Repository/Final Object Repo/Login Page/Internal User/Login Button' is clicked on

2018-12-12 10:06:26 - [MESSAGE][PASSED] - Object: 'Object Repository/Final Object Repo/Login Page/Internal User/Login Button' is clicked on

2018-12-12 10:06:26 - [TEST_STEP][PASSED] - Statement - tester = com.kms.katalon.core.testobject.ObjectRepository.findTestObject(Final Object Repo/Landing Page/Select to English): Finding Test Object with id 'Object Repository/Final Object Repo/Landing Page/Select to English'

2018-12-12 10:06:26 - [TEST_STEP][PASSED] - Statement - Try: Delayed 2 second(s)

2018-12-12 10:06:26 - [TEST_STEP][PASSED] - Statement - Checker = com.kms.katalon.core.webui.keyword.WebUiBuiltInKeywords.verifyElementNotPresent(tester, 3): Web element with id: 'Object Repository/Final Object Repo/Landing Page/Select to English' located by 'By.xpath: //a[@class = 'taglib-language-list-text' and @lang = 'en-US' and (contains(text(), 'EN') or contains(., 'EN'))]' is not present after '3' second(s)

2018-12-12 10:06:29 - [MESSAGE][PASSED] - Web element with id: 'Object Repository/Final Object Repo/Landing Page/Select to English' located by 'By.xpath: //a[@class = 'taglib-language-list-text' and @lang = 'en-US' and (contains(text(), 'EN') or contains(., 'EN'))]' is not present after '3' second(s)

2018-12-12 10:06:29 - [TEST_STEP][PASSED] - Statement - If (Checker == false): null

2018-12-12 10:06:29 - [TEST_STEP][PASSED] - delay: Delayed 2 second(s)

2018-12-12 10:06:31 - [MESSAGE][PASSED] - Delayed 2 second(s)

2018-12-12 10:06:31 - [TEST_STEP][PASSED] - delay: Delayed 5 second(s)

2018-12-12 10:06:36 - [MESSAGE][PASSED] - Delayed 5 second(s)

2018-12-12 10:06:36 - [TEST_STEP][PASSED] - mouseOver: Object: 'Object Repository/Final Object Repo/Landing Page/WorkFlow Menu' is hovered

2018-12-12 10:06:36 - [MESSAGE][PASSED] - Object: 'Object Repository/Final Object Repo/Landing Page/WorkFlow Menu' is hovered

2018-12-12 10:06:36 - [TEST_STEP][PASSED] - delay: Delayed 2 second(s)

2018-12-12 10:06:38 - [MESSAGE][PASSED] - Delayed 2 second(s)

2018-12-12 10:06:38 - [TEST_STEP][PASSED] - click: Object: 'Object Repository/Final Object Repo/Landing Page/Select to Workflow Listing' is clicked on

2018-12-12 10:06:39 - [MESSAGE][PASSED] - Object: 'Object Repository/Final Object Repo/Landing Page/Select to Workflow Listing' is clicked on

2018-12-12 10:06:39 - [TEST_STEP][PASSED] - delay: Delayed 2 second(s)

2018-12-12 10:06:41 - [MESSAGE][PASSED] - Delayed 2 second(s)

2018-12-12 10:06:41 - [TEST_STEP][PASSED] - click: Object: 'Object Repository/Final Object Repo/WorkFlow Listing Page/Search Information - To Put Ref No' is clicked on

2018-12-12 10:06:41 - [MESSAGE][PASSED] - Object: 'Object Repository/Final Object Repo/WorkFlow Listing Page/Search Information - To Put Ref No' is clicked on

2018-12-12 10:06:41 - [TEST_STEP][PASSED] - delay: Delayed 2 second(s)

2018-12-12 10:06:43 - [MESSAGE][PASSED] - Delayed 2 second(s)

2018-12-12 10:06:43 - [TEST_STEP][PASSED] - callTestCase: Call Test Case 'Test Cases/Final Aug 2018 - PKS Automation/Common/Reference Number Getter' successfully

2018-12-12 10:06:43 - [TEST_CASE][PASSED] - Test Cases/Final Aug 2018 - PKS Automation/Common/Reference Number Getter: Test Cases/Final Aug 2018 - PKS Automation/Common/Reference Number Getter

2018-12-12 10:06:43 - [TEST_STEP][PASSED] - Statement - Try: null

2018-12-12 10:06:43 - [TEST_STEP][PASSED] - Statement - RefNo = new java.io.File(C://Users//Admin//Desktop//PKS//Automation Reference Point//KatalonReference.txt): null

2018-12-12 10:06:43 - [TEST_STEP][PASSED] - Statement - bufferread = new java.io.BufferedReader(new java.io.FileReader(RefNo)): null

2018-12-12 10:06:43 - [TEST_STEP][PASSED] - Statement - readedVal = bufferread.readLine(): null

2018-12-12 10:06:43 - [TEST_STEP][PASSED] - Statement - out.println(CaseReferenceNo): null

2018-12-12 10:06:43 - [TEST_STEP][PASSED] - Statement - out.println(readedVal): null

2018-12-12 10:06:43 - [TEST_STEP][PASSED] - Statement - CaseReferenceNo = "": null

2018-12-12 10:06:43 - [TEST_STEP][PASSED] - Statement - CaseReferenceNo = readedVal: null

2018-12-12 10:06:43 - [MESSAGE][PASSED] - Call Test Case 'Test Cases/Final Aug 2018 - PKS Automation/Common/Reference Number Getter' successfully

2018-12-12 10:06:43 - [TEST_STEP][PASSED] - setText: Text 'CUN122018C100005971' is set on object 'Object Repository/Final Object Repo/WorkFlow Listing Page/Ref No Set Text'

2018-12-12 10:06:43 - [MESSAGE][PASSED] - Text 'CUN122018C100005971' is set on object 'Object Repository/Final Object Repo/WorkFlow Listing Page/Ref No Set Text'

2018-12-12 10:06:43 - [TEST_STEP][PASSED] - delay: Delayed 2 second(s)

2018-12-12 10:06:45 - [MESSAGE][PASSED] - Delayed 2 second(s)

2018-12-12 10:06:45 - [TEST_STEP][PASSED] - click: Object: 'Object Repository/Final Object Repo/WorkFlow Listing Page/Search Ref No Search Button' is clicked on

2018-12-12 10:06:45 - [MESSAGE][PASSED] - Object: 'Object Repository/Final Object Repo/WorkFlow Listing Page/Search Ref No Search Button' is clicked on

2018-12-12 10:06:45 - [TEST_STEP][PASSED] - delay: Delayed 6 second(s)

2018-12-12 10:06:51 - [MESSAGE][PASSED] - Delayed 6 second(s)

2018-12-12 10:06:51 - [TEST_STEP][PASSED] - click: Object: 'Object Repository/Final Object Repo/WorkFlow Listing Page/Click Continue Tooltip' is clicked on

2018-12-12 10:06:52 - [MESSAGE][PASSED] - Object: 'Object Repository/Final Object Repo/WorkFlow Listing Page/Click Continue Tooltip' is clicked on

2018-12-12 10:06:52 - [TEST_STEP][PASSED] - delay: Delayed 5 second(s)

2018-12-12 10:06:57 - [MESSAGE][PASSED] - Delayed 5 second(s)

2018-12-12 10:06:57 - [TEST_STEP][PASSED] - doubleClick: Object: 'Object Repository/Final Object Repo/WorkFlow Listing Page/Workflow Found - Listing 1' is double clicked on

2018-12-12 10:06:58 - [MESSAGE][PASSED] - Object: 'Object Repository/Final Object Repo/WorkFlow Listing Page/Workflow Found - Listing 1' is double clicked on

2018-12-12 10:06:58 - [TEST_STEP][PASSED] - Statement - println(OwnerID): null

2018-12-12 10:06:58 - [TEST_STEP][PASSED] - Statement - OwnerID = com.kms.katalon.core.webui.keyword.WebUiBuiltInKeywords.getText(com.kms.katalon.core.testobject.ObjectRepository.findTestObject(Final Object Repo/WorkFlow Listing Page/Workflow Found - Listing 1), STOP_ON_FAILURE): Text of object 'Object Repository/Final Object Repo/WorkFlow Listing Page/Workflow Found - Listing 1' is: 'JOHORuo3'

2018-12-12 10:06:58 - [MESSAGE][PASSED] - Text of object 'Object Repository/Final Object Repo/WorkFlow Listing Page/Workflow Found - Listing 1' is: 'JOHORuo3'

2018-12-12 10:06:58 - [TEST_STEP][PASSED] - Statement - OwnerID = OwnerID.toLowerCase() + "@gmail.com": null

2018-12-12 10:06:58 - [TEST_STEP][PASSED] - Statement - println(OwnerID): null

2018-12-12 10:06:58 - [TEST_STEP][PASSED] - delay: Delayed 2 second(s)

2018-12-12 10:07:00 - [MESSAGE][PASSED] - Delayed 2 second(s)

2018-12-12 10:07:00 - [MESSAGE][PASSED] - Call Test Case 'Test Cases/Final Aug 2018 - PKS Automation/Common/Workflow Owner Finder' successfully

2018-12-12 10:07:00 - [TEST_STEP][PASSED] - delay: Delayed 1 second(s)

2018-12-12 10:07:01 - [MESSAGE][PASSED] - Delayed 1 second(s)

2018-12-12 10:07:01 - [TEST_STEP][PASSED] - navigateToUrl: Navigate to 'https://assist2-uat.perkeso.gov.my/c/portal/logout' successfully

2018-12-12 10:07:01 - [MESSAGE][PASSED] - Navigate to 'https://assist2-uat.perkeso.gov.my/c/portal/logout' successfully

2018-12-12 10:07:01 - [TEST_STEP][PASSED] - callTestCase: Call Test Case 'Test Cases/Final Aug 2018 - PKS Automation/Registration Module/Workflow/Login and Search Case For Workflow' successfully

2018-12-12 10:07:01 - [TEST_CASE][PASSED] - Test Cases/Final Aug 2018 - PKS Automation/Registration Module/Workflow/Login and Search Case For Workflow: Test Cases/Final Aug 2018 - PKS Automation/Registration Module/Workflow/Login and Search Case For Workflow

2018-12-12 10:07:01 - [TEST_STEP][PASSED] - navigateToUrl: Navigate to 'https://assist2-uat.perkeso.gov.my/login' successfully

2018-12-12 10:07:02 - [MESSAGE][PASSED] - Navigate to 'https://assist2-uat.perkeso.gov.my/login' successfully

2018-12-12 10:07:02 - [TEST_STEP][PASSED] - setText: Text 'johoruo3@gmail.com' is set on object 'Object Repository/Final Object Repo/Login Page/Internal User/Email Address'

2018-12-12 10:07:02 - [MESSAGE][PASSED] - Text 'johoruo3@gmail.com' is set on object 'Object Repository/Final Object Repo/Login Page/Internal User/Email Address'

2018-12-12 10:07:02 - [TEST_STEP][PASSED] - click: Object: 'Object Repository/Final Object Repo/Login Page/Internal User/Next Button' is clicked on

2018-12-12 10:07:02 - [MESSAGE][PASSED] - Object: 'Object Repository/Final Object Repo/Login Page/Internal User/Next Button' is clicked on

2018-12-12 10:07:02 - [TEST_STEP][PASSED] - delay: Delayed 1 second(s)

2018-12-12 10:07:03 - [MESSAGE][PASSED] - Delayed 1 second(s)

2018-12-12 10:07:03 - [TEST_STEP][PASSED] - setEncryptedText: Text ****** has been set on object 'Object Repository/Final Object Repo/Login Page/Internal User/Password'

2018-12-12 10:07:04 - [MESSAGE][PASSED] - Text ****** has been set on object 'Object Repository/Final Object Repo/Login Page/Internal User/Password'

2018-12-12 10:07:04 - [TEST_STEP][PASSED] - click: Object: 'Object Repository/Final Object Repo/Login Page/Internal User/Login Button' is clicked on

2018-12-12 10:07:04 - [MESSAGE][PASSED] - Object: 'Object Repository/Final Object Repo/Login Page/Internal User/Login Button' is clicked on

2018-12-12 10:07:04 - [TEST_STEP][PASSED] - delay: Delayed 2 second(s)

2018-12-12 10:07:06 - [MESSAGE][PASSED] - Delayed 2 second(s)

2018-12-12 10:07:06 - [TEST_STEP][PASSED] - Statement - Try: Delayed 2 second(s)

2018-12-12 10:07:06 - [TEST_STEP][PASSED] - Statement - Checker = false: null

2018-12-12 10:07:06 - [TEST_STEP][PASSED] - Statement - Checker = com.kms.katalon.core.webui.keyword.WebUiBuiltInKeywords.verifyElementHasAttribute(com.kms.katalon.core.testobject.ObjectRepository.findTestObject(Final Object Repo/Landing Page/BM Detecting), "href", 20, OPTIONAL): Object 'Object Repository/Final Object Repo/Landing Page/BM Detecting' has attribute 'href'

2018-12-12 10:07:06 - [MESSAGE][PASSED] - Object 'Object Repository/Final Object Repo/Landing Page/BM Detecting' has attribute 'href'

2018-12-12 10:07:06 - [TEST_STEP][PASSED] - Statement - out.println(Checker): null

2018-12-12 10:07:06 - [TEST_STEP][PASSED] - Statement - If (Checker == false): null

2018-12-12 10:07:06 - [TEST_STEP][PASSED] - Statement - Else: null

2018-12-12 10:07:06 - [TEST_STEP][PASSED] - delay: Delayed 2 second(s)

2018-12-12 10:07:08 - [MESSAGE][PASSED] - Delayed 2 second(s)

2018-12-12 10:07:08 - [TEST_STEP][PASSED] - click: Object: 'Object Repository/Final Object Repo/Page_MyASSIST - ASSIST - Search Pending Case For Add Supporting Document/Search Information' is clicked on

2018-12-12 10:07:08 - [MESSAGE][PASSED] - Object: 'Object Repository/Final Object Repo/Page_MyASSIST - ASSIST - Search Pending Case For Add Supporting Document/Search Information' is clicked on

2018-12-12 10:07:08 - [TEST_STEP][PASSED] - delay: Delayed 3 second(s)

2018-12-12 10:07:11 - [MESSAGE][PASSED] - Delayed 3 second(s)

2018-12-12 10:07:11 - [TEST_STEP][PASSED] - sendKeys: Keys 'CUN122018C100005971' sent to object: 'Object Repository/Final Object Repo/Page_MyASSIST - ASSIST - Search Pending Case For Add Supporting Document/Reference No'

2018-12-12 10:07:11 - [MESSAGE][PASSED] - Keys 'CUN122018C100005971' sent to object: 'Object Repository/Final Object Repo/Page_MyASSIST - ASSIST - Search Pending Case For Add Supporting Document/Reference No'

2018-12-12 10:07:11 - [TEST_STEP][PASSED] - click: Object: 'Object Repository/Final Object Repo/Page_MyASSIST - ASSIST - Search Pending Case For Add Supporting Document/Search Reference No' is clicked on

2018-12-12 10:07:12 - [MESSAGE][PASSED] - Object: 'Object Repository/Final Object Repo/Page_MyASSIST - ASSIST - Search Pending Case For Add Supporting Document/Search Reference No' is clicked on

2018-12-12 10:07:12 - [TEST_STEP][PASSED] - delay: Delayed 2 second(s)

2018-12-12 10:07:14 - [MESSAGE][PASSED] - Delayed 2 second(s)

2018-12-12 10:07:14 - [TEST_STEP][PASSED] - click: Object: 'Object Repository/Final Object Repo/Page_MyASSIST - ASSIST - Search Pending Case For Add Supporting Document/Continue' is clicked on

2018-12-12 10:07:18 - [MESSAGE][PASSED] - Object: 'Object Repository/Final Object Repo/Page_MyASSIST - ASSIST - Search Pending Case For Add Supporting Document/Continue' is clicked on

2018-12-12 10:07:18 - [TEST_STEP][PASSED] - delay: Delayed 20 second(s)

2018-12-12 10:07:38 - [MESSAGE][PASSED] - Delayed 20 second(s)

2018-12-12 10:07:38 - [MESSAGE][PASSED] - Call Test Case 'Test Cases/Final Aug 2018 - PKS Automation/Registration Module/Workflow/Login and Search Case For Workflow' successfully

2018-12-12 10:07:38 - [TEST_STEP][PASSED] - delay: Delayed 10 second(s)

2018-12-12 10:07:48 - [MESSAGE][PASSED] - Delayed 10 second(s)

2018-12-12 10:07:48 - [TEST_STEP][PASSED] - click: Object: 'Object Repository/Final Object Repo/Page_Update Employer Information/Page_Update Employer Information UO (Approve)/Continue' is clicked on

2018-12-12 10:07:51 - [MESSAGE][PASSED] - Object: 'Object Repository/Final Object Repo/Page_Update Employer Information/Page_Update Employer Information UO (Approve)/Continue' is clicked on

2018-12-12 10:07:51 - [TEST_STEP][PASSED] - delay: Delayed 10 second(s)

2018-12-12 10:08:01 - [MESSAGE][PASSED] - Delayed 10 second(s)

2018-12-12 10:08:01 - [TEST_STEP][PASSED] - click: Object: 'Object Repository/Final Object Repo/Page_Update Employer Information/Page_Update Employer Information UO (Approve)/Save  Continue in Update Employer Information Page' is clicked on

2018-12-12 10:08:01 - [MESSAGE][PASSED] - Object: 'Object Repository/Final Object Repo/Page_Update Employer Information/Page_Update Employer Information UO (Approve)/Save  Continue in Update Employer Information Page' is clicked on

2018-12-12 10:08:01 - [TEST_STEP][PASSED] - delay: Delayed 3 second(s)

2018-12-12 10:08:04 - [MESSAGE][PASSED] - Delayed 3 second(s)

2018-12-12 10:08:04 - [TEST_STEP][PASSED] - click: Object: 'Object Repository/Final Object Repo/Page_Update Employer Information/Page_Update Employer Information UO (Approve)/Save  Continue in Uploading Supporting Document Page' is clicked on

2018-12-12 10:08:04 - [MESSAGE][PASSED] - Object: 'Object Repository/Final Object Repo/Page_Update Employer Information/Page_Update Employer Information UO (Approve)/Save  Continue in Uploading Supporting Document Page' is clicked on

2018-12-12 10:08:04 - [TEST_STEP][PASSED] - delay: Delayed 3 second(s)

2018-12-12 10:08:07 - [MESSAGE][PASSED] - Delayed 3 second(s)

2018-12-12 10:08:07 - [TEST_STEP][PASSED] - click: Object: 'Object Repository/Final Object Repo/Page_Update Employer Information/Page_Update Employer Information UO (Approve)/Approve' is clicked on

2018-12-12 10:08:08 - [MESSAGE][PASSED] - Object: 'Object Repository/Final Object Repo/Page_Update Employer Information/Page_Update Employer Information UO (Approve)/Approve' is clicked on

2018-12-12 10:08:08 - [TEST_STEP][PASSED] - delay: Delayed 2 second(s)

2018-12-12 10:08:10 - [MESSAGE][PASSED] - Delayed 2 second(s)

2018-12-12 10:08:10 - [TEST_STEP][PASSED] - click: Object: 'Object Repository/Final Object Repo/Page_Update Employer Information/Page_Update Employer Information UO (Approve)/Confirm' is clicked on

2018-12-12 10:08:10 - [MESSAGE][PASSED] - Object: 'Object Repository/Final Object Repo/Page_Update Employer Information/Page_Update Employer Information UO (Approve)/Confirm' is clicked on

2018-12-12 10:08:10 - [TEST_STEP][PASSED] - delay: Delayed 2 second(s)

2018-12-12 10:08:12 - [MESSAGE][PASSED] - Delayed 2 second(s)

2018-12-12 10:08:12 - [TEST_STEP][PASSED] - verifyElementVisible: Object 'Object Repository/Final Object Repo/Page_Update Employer Information/Page_Update Employer Information UO (Approve)/Message Your Request' is visible

2018-12-12 10:08:16 - [MESSAGE][PASSED] - Object 'Object Repository/Final Object Repo/Page_Update Employer Information/Page_Update Employer Information UO (Approve)/Message Your Request' is visible

2018-12-12 10:08:16 - [TEST_STEP][PASSED] - verifyElementVisible: Object 'Object Repository/Final Object Repo/Page_Update Employer Information/Page_Update Employer Information UO (Approve)/Letter of successful update' is visible

2018-12-12 10:08:16 - [MESSAGE][PASSED] - Object 'Object Repository/Final Object Repo/Page_Update Employer Information/Page_Update Employer Information UO (Approve)/Letter of successful update' is visible

2018-12-12 10:08:16 - [MESSAGE][PASSED] - Call Test Case 'Test Cases/Final Aug 2018 - PKS Automation/Registration Module/Workflow/Update Employer Information/Template/Update Employer Information - Special Case - UO (Approve)' successfully]]></system-out>
         <system-err><![CDATA[]]></system-err>
      </testcase>
      <testcase name="Test Cases/Final Aug 2018 - PKS Automation/Registration Module/Workflow/Update Employee Information (Employer)/OTC - UO (Query)" classname="Test Cases/Final Aug 2018 - PKS Automation/Registration Module/Workflow/Update Employee Information (Employer)/OTC - UO (Query)" status="PASSED">
         <system-out><![CDATA[2018-12-12 10:08:16 - [TEST_CASE][PASSED] - Test Cases/Final Aug 2018 - PKS Automation/Registration Module/Workflow/Update Employee Information (Employer)/OTC - UO (Query): Test Cases/Final Aug 2018 - PKS Automation/Registration Module/Workflow/Update Employee Information (Employer)/OTC - UO (Query)

2018-12-12 10:08:16 - [TEST_STEP][PASSED] - callTestCase: Call Test Case 'Test Cases/Final Aug 2018 - PKS Automation/Registration Module/Workflow/Update Employee Information (Employer)/Template/Update Employer Information - Special Case (OTC)' successfully

2018-12-12 10:08:16 - [TEST_CASE][PASSED] - Test Cases/Final Aug 2018 - PKS Automation/Registration Module/Workflow/Update Employee Information (Employer)/Template/Update Employer Information - Special Case (OTC): Test Cases/Final Aug 2018 - PKS Automation/Registration Module/Workflow/Update Employee Information (Employer)/Template/Update Employer Information - Special Case (OTC)

2018-12-12 10:08:16 - [TEST_STEP][PASSED] - openBrowser: Browser is opened with url: ''

2018-12-12 10:08:16 - [MESSAGE][WARNING] - A browser is already opened. Closing browser and opening a new one

2018-12-12 10:08:20 - [MESSAGE][PASSED] - Browser is opened with url: ''

2018-12-12 10:08:20 - [TEST_STEP][PASSED] - navigateToUrl: Navigate to 'https://assist2-uat.perkeso.gov.my/login' successfully

2018-12-12 10:08:22 - [MESSAGE][PASSED] - Navigate to 'https://assist2-uat.perkeso.gov.my/login' successfully

2018-12-12 10:08:22 - [TEST_STEP][PASSED] - setText: Text 'johorotc1@gmail.com' is set on object 'Object Repository/Final Object Repo/Login Page/Internal User/Email Address'

2018-12-12 10:08:22 - [MESSAGE][PASSED] - Text 'johorotc1@gmail.com' is set on object 'Object Repository/Final Object Repo/Login Page/Internal User/Email Address'

2018-12-12 10:08:22 - [TEST_STEP][PASSED] - click: Object: 'Object Repository/Final Object Repo/Login Page/Internal User/Next Button' is clicked on

2018-12-12 10:08:22 - [MESSAGE][PASSED] - Object: 'Object Repository/Final Object Repo/Login Page/Internal User/Next Button' is clicked on

2018-12-12 10:08:22 - [TEST_STEP][PASSED] - delay: Delayed 1 second(s)

2018-12-12 10:08:23 - [MESSAGE][PASSED] - Delayed 1 second(s)

2018-12-12 10:08:23 - [TEST_STEP][PASSED] - setEncryptedText: Text ****** has been set on object 'Object Repository/Final Object Repo/Login Page/Internal User/Password'

2018-12-12 10:08:23 - [MESSAGE][PASSED] - Text ****** has been set on object 'Object Repository/Final Object Repo/Login Page/Internal User/Password'

2018-12-12 10:08:23 - [TEST_STEP][PASSED] - click: Object: 'Object Repository/Final Object Repo/Login Page/Internal User/Login Button' is clicked on

2018-12-12 10:08:24 - [MESSAGE][PASSED] - Object: 'Object Repository/Final Object Repo/Login Page/Internal User/Login Button' is clicked on

2018-12-12 10:08:24 - [TEST_STEP][PASSED] - Statement - tester = com.kms.katalon.core.testobject.ObjectRepository.findTestObject(Final Object Repo/Landing Page/Select to English): Finding Test Object with id 'Object Repository/Final Object Repo/Landing Page/Select to English'

2018-12-12 10:08:24 - [TEST_STEP][PASSED] - Statement - Try: Delayed 2 second(s)

2018-12-12 10:08:24 - [TEST_STEP][PASSED] - Statement - Checker = com.kms.katalon.core.webui.keyword.WebUiBuiltInKeywords.verifyElementNotPresent(tester, 3): Web element with id: 'Object Repository/Final Object Repo/Landing Page/Select to English' located by 'By.xpath: //a[@class = 'taglib-language-list-text' and @lang = 'en-US' and (contains(text(), 'EN') or contains(., 'EN'))]' is not present after '3' second(s)

2018-12-12 10:08:25 - [MESSAGE][PASSED] - Web element with id: 'Object Repository/Final Object Repo/Landing Page/Select to English' located by 'By.xpath: //a[@class = 'taglib-language-list-text' and @lang = 'en-US' and (contains(text(), 'EN') or contains(., 'EN'))]' is not present after '3' second(s)

2018-12-12 10:08:25 - [TEST_STEP][PASSED] - Statement - If (Checker == false): null

2018-12-12 10:08:25 - [TEST_STEP][PASSED] - delay: Delayed 2 second(s)

2018-12-12 10:08:27 - [MESSAGE][PASSED] - Delayed 2 second(s)

2018-12-12 10:08:27 - [TEST_STEP][PASSED] - delay: Delayed 5 second(s)

2018-12-12 10:08:32 - [MESSAGE][PASSED] - Delayed 5 second(s)

2018-12-12 10:08:32 - [TEST_STEP][PASSED] - navigateToUrl: Navigate to 'https://assist2-uat.perkeso.gov.my/web/registration/update/update-employee-information-employer-' successfully

2018-12-12 10:08:33 - [MESSAGE][PASSED] - Navigate to 'https://assist2-uat.perkeso.gov.my/web/registration/update/update-employee-information-employer-' successfully

2018-12-12 10:08:33 - [TEST_STEP][PASSED] - setText: Text 'E1102001065V' is set on object 'Object Repository/Final Object Repo/Page_Update Employee Information By Employer/Employer Code'

2018-12-12 10:08:33 - [MESSAGE][PASSED] - Text 'E1102001065V' is set on object 'Object Repository/Final Object Repo/Page_Update Employee Information By Employer/Employer Code'

2018-12-12 10:08:33 - [TEST_STEP][PASSED] - click: Object: 'Object Repository/Final Object Repo/Page_Update Employee Information By Employer/Search Employer Code' is clicked on

2018-12-12 10:08:34 - [MESSAGE][PASSED] - Object: 'Object Repository/Final Object Repo/Page_Update Employee Information By Employer/Search Employer Code' is clicked on

2018-12-12 10:08:34 - [TEST_STEP][PASSED] - click: Object: 'Object Repository/Final Object Repo/Page_Update Employee Information By Employer/Edit Button' is clicked on

2018-12-12 10:08:38 - [MESSAGE][PASSED] - Object: 'Object Repository/Final Object Repo/Page_Update Employee Information By Employer/Edit Button' is clicked on

2018-12-12 10:08:38 - [TEST_STEP][PASSED] - click: Object: 'Object Repository/Final Object Repo/Page_Update Employee Information By Employer/Employee Name or New Identification' is clicked on

2018-12-12 10:08:38 - [MESSAGE][PASSED] - Object: 'Object Repository/Final Object Repo/Page_Update Employee Information By Employer/Employee Name or New Identification' is clicked on

2018-12-12 10:08:38 - [TEST_STEP][PASSED] - delay: Delayed 1 second(s)

2018-12-12 10:08:39 - [MESSAGE][PASSED] - Delayed 1 second(s)

2018-12-12 10:08:39 - [TEST_STEP][PASSED] - click: Object: 'Object Repository/Final Object Repo/Page_Update Employee Information By Employer/Selection - Employee Name' is clicked on

2018-12-12 10:08:39 - [MESSAGE][PASSED] - Object: 'Object Repository/Final Object Repo/Page_Update Employee Information By Employer/Selection - Employee Name' is clicked on

2018-12-12 10:08:39 - [TEST_STEP][PASSED] - delay: Delayed 1 second(s)

2018-12-12 10:08:40 - [MESSAGE][PASSED] - Delayed 1 second(s)

2018-12-12 10:08:40 - [TEST_STEP][PASSED] - setText: Text 'PERKESO' is set on object 'Object Repository/Final Object Repo/Page_Update Employee Information By Employer/Employee Name'

2018-12-12 10:08:40 - [MESSAGE][PASSED] - Text 'PERKESO' is set on object 'Object Repository/Final Object Repo/Page_Update Employee Information By Employer/Employee Name'

2018-12-12 10:08:40 - [TEST_STEP][PASSED] - delay: Delayed 2 second(s)

2018-12-12 10:08:42 - [MESSAGE][PASSED] - Delayed 2 second(s)

2018-12-12 10:08:42 - [TEST_STEP][PASSED] - click: Object: 'Object Repository/Final Object Repo/Page_Update Employee Information By Employer/Search Employee' is clicked on

2018-12-12 10:08:42 - [MESSAGE][PASSED] - Object: 'Object Repository/Final Object Repo/Page_Update Employee Information By Employer/Search Employee' is clicked on

2018-12-12 10:08:42 - [TEST_STEP][PASSED] - delay: Delayed 3 second(s)

2018-12-12 10:08:45 - [MESSAGE][PASSED] - Delayed 3 second(s)

2018-12-12 10:08:45 - [TEST_STEP][PASSED] - click: Object: 'Object Repository/Final Object Repo/Page_Update Employee Information By Employer/Employee Edit Button' is clicked on

2018-12-12 10:08:46 - [MESSAGE][PASSED] - Object: 'Object Repository/Final Object Repo/Page_Update Employee Information By Employer/Employee Edit Button' is clicked on

2018-12-12 10:08:46 - [TEST_STEP][PASSED] - delay: Delayed 3 second(s)

2018-12-12 10:08:49 - [MESSAGE][PASSED] - Delayed 3 second(s)

2018-12-12 10:08:49 - [TEST_STEP][PASSED] - setText: Text '' is set on object 'Object Repository/Final Object Repo/Page_Update Employee Information By Employer/Identification Number'

2018-12-12 10:08:49 - [MESSAGE][PASSED] - Text '' is set on object 'Object Repository/Final Object Repo/Page_Update Employee Information By Employer/Identification Number'

2018-12-12 10:08:49 - [TEST_STEP][PASSED] - Statement - rnd = new java.util.Random(): null

2018-12-12 10:08:49 - [TEST_STEP][PASSED] - Statement - snum = rnd.nextInt(899999 + 1) + 100000: null

2018-12-12 10:08:49 - [TEST_STEP][PASSED] - Statement - tnum = rnd.nextInt(899999 + 1) + 100000: null

2018-12-12 10:08:49 - [TEST_STEP][PASSED] - Statement - IC = java.lang.Integer.toString(snum) + java.lang.Integer.toString(tnum): null

2018-12-12 10:08:49 - [TEST_STEP][PASSED] - Statement - out.println(IC): null

2018-12-12 10:08:49 - [TEST_STEP][PASSED] - setText: Text '220785101210' is set on object 'Object Repository/Final Object Repo/Page_Update Employee Information By Employer/Identification Number'

2018-12-12 10:08:49 - [MESSAGE][PASSED] - Text '220785101210' is set on object 'Object Repository/Final Object Repo/Page_Update Employee Information By Employer/Identification Number'

2018-12-12 10:08:49 - [TEST_STEP][PASSED] - click: Object: 'Object Repository/Final Object Repo/Page_Update Employee Information By Employer/Save' is clicked on

2018-12-12 10:08:49 - [MESSAGE][PASSED] - Object: 'Object Repository/Final Object Repo/Page_Update Employee Information By Employer/Save' is clicked on

2018-12-12 10:08:49 - [TEST_STEP][PASSED] - delay: Delayed 5 second(s)

2018-12-12 10:08:54 - [MESSAGE][PASSED] - Delayed 5 second(s)

2018-12-12 10:08:54 - [TEST_STEP][PASSED] - Statement - CaseReferenceNo = com.kms.katalon.core.webui.keyword.WebUiBuiltInKeywords.getText(com.kms.katalon.core.testobject.ObjectRepository.findTestObject(Final Object Repo/Reference Number/Reference Number in Update Employee Information Page)): Text of object 'Object Repository/Final Object Repo/Reference Number/Reference Number in Update Employee Information Page' is: 'CUN122018C100005972'

2018-12-12 10:08:54 - [MESSAGE][PASSED] - Text of object 'Object Repository/Final Object Repo/Reference Number/Reference Number in Update Employee Information Page' is: 'CUN122018C100005972'

2018-12-12 10:08:54 - [TEST_STEP][PASSED] - callTestCase: Call Test Case 'Test Cases/Final Aug 2018 - PKS Automation/Common/Reference Number Setter' successfully

2018-12-12 10:08:55 - [TEST_CASE][PASSED] - Test Cases/Final Aug 2018 - PKS Automation/Common/Reference Number Setter: Test Cases/Final Aug 2018 - PKS Automation/Common/Reference Number Setter

2018-12-12 10:08:55 - [TEST_STEP][PASSED] - Statement - RefNoOldFile = new java.io.File(C://Users//Admin//Desktop//PKS//Automation Reference Point//KatalonReference.txt): null

2018-12-12 10:08:55 - [TEST_STEP][PASSED] - Statement - RefNoOldFile.delete(): null

2018-12-12 10:08:55 - [TEST_STEP][PASSED] - delay: Delayed 5 second(s)

2018-12-12 10:09:00 - [MESSAGE][PASSED] - Delayed 5 second(s)

2018-12-12 10:09:00 - [TEST_STEP][PASSED] - Statement - RefNo = new java.io.File(C://Users//Admin//Desktop//PKS//Automation Reference Point//KatalonReference.txt): null

2018-12-12 10:09:00 - [TEST_STEP][PASSED] - Statement - f2 = new java.io.FileWriter(RefNo, false): null

2018-12-12 10:09:00 - [TEST_STEP][PASSED] - Statement - f2.write(CaseReferenceNo): null

2018-12-12 10:09:00 - [TEST_STEP][PASSED] - Statement - f2.close(): null

2018-12-12 10:09:00 - [TEST_STEP][PASSED] - Statement - out.println("


" + CaseReferenceNo + "


"): null

2018-12-12 10:09:00 - [MESSAGE][PASSED] - Call Test Case 'Test Cases/Final Aug 2018 - PKS Automation/Common/Reference Number Setter' successfully

2018-12-12 10:09:00 - [TEST_STEP][PASSED] - delay: Delayed 5 second(s)

2018-12-12 10:09:05 - [MESSAGE][PASSED] - Delayed 5 second(s)

2018-12-12 10:09:05 - [TEST_STEP][PASSED] - click: Object: 'Object Repository/Final Object Repo/Page_Update Employee Information By Employer/Save  Continue in  Employee Information Page' is clicked on

2018-12-12 10:09:05 - [MESSAGE][PASSED] - Object: 'Object Repository/Final Object Repo/Page_Update Employee Information By Employer/Save  Continue in  Employee Information Page' is clicked on

2018-12-12 10:09:05 - [TEST_STEP][PASSED] - delay: Delayed 5 second(s)

2018-12-12 10:09:10 - [MESSAGE][PASSED] - Delayed 5 second(s)

2018-12-12 10:09:10 - [TEST_STEP][PASSED] - click: Object: 'Object Repository/Final Object Repo/Page_Update Employee Information By Employer/Save  Continue in Uploading Page 1' is clicked on

2018-12-12 10:09:10 - [MESSAGE][PASSED] - Object: 'Object Repository/Final Object Repo/Page_Update Employee Information By Employer/Save  Continue in Uploading Page 1' is clicked on

2018-12-12 10:09:10 - [TEST_STEP][PASSED] - delay: Delayed 5 second(s)

2018-12-12 10:09:15 - [MESSAGE][PASSED] - Delayed 5 second(s)

2018-12-12 10:09:15 - [TEST_STEP][PASSED] - click: Object: 'Object Repository/Final Object Repo/Page_Update Employee Information By Employer/Submit' is clicked on

2018-12-12 10:09:15 - [MESSAGE][PASSED] - Object: 'Object Repository/Final Object Repo/Page_Update Employee Information By Employer/Submit' is clicked on

2018-12-12 10:09:15 - [TEST_STEP][PASSED] - delay: Delayed 5 second(s)

2018-12-12 10:09:20 - [MESSAGE][PASSED] - Delayed 5 second(s)

2018-12-12 10:09:20 - [TEST_STEP][PASSED] - click: Object: 'Object Repository/Final Object Repo/Page_Update Employee Information By Employer/Confirm' is clicked on

2018-12-12 10:09:20 - [MESSAGE][PASSED] - Object: 'Object Repository/Final Object Repo/Page_Update Employee Information By Employer/Confirm' is clicked on

2018-12-12 10:09:20 - [TEST_STEP][PASSED] - delay: Delayed 5 second(s)

2018-12-12 10:09:25 - [MESSAGE][PASSED] - Delayed 5 second(s)

2018-12-12 10:09:25 - [TEST_STEP][PASSED] - verifyElementVisible: Object 'Object Repository/Final Object Repo/Page_Update Employee Information By Employer/Successfull Message Routed to UO' is visible

2018-12-12 10:09:25 - [MESSAGE][PASSED] - Object 'Object Repository/Final Object Repo/Page_Update Employee Information By Employer/Successfull Message Routed to UO' is visible

2018-12-12 10:09:25 - [MESSAGE][PASSED] - Call Test Case 'Test Cases/Final Aug 2018 - PKS Automation/Registration Module/Workflow/Update Employee Information (Employer)/Template/Update Employer Information - Special Case (OTC)' successfully

2018-12-12 10:09:25 - [TEST_STEP][PASSED] - callTestCase: Call Test Case 'Test Cases/Final Aug 2018 - PKS Automation/Registration Module/Workflow/Update Employee Information (Employer)/Template/Update Employee Information - Special Case - UO(Query)' successfully

2018-12-12 10:09:25 - [TEST_CASE][PASSED] - Test Cases/Final Aug 2018 - PKS Automation/Registration Module/Workflow/Update Employee Information (Employer)/Template/Update Employee Information - Special Case - UO(Query): Test Cases/Final Aug 2018 - PKS Automation/Registration Module/Workflow/Update Employee Information (Employer)/Template/Update Employee Information - Special Case - UO(Query)

2018-12-12 10:09:26 - [TEST_STEP][NOT_RUN] - callTestCase: NOT_RUN: callTestCase

2018-12-12 10:09:26 - [MESSAGE][NOT_RUN] - NOT_RUN: callTestCase

2018-12-12 10:09:26 - [TEST_STEP][PASSED] - delay: Delayed 2 second(s)

2018-12-12 10:09:28 - [MESSAGE][PASSED] - Delayed 2 second(s)

2018-12-12 10:09:28 - [TEST_STEP][PASSED] - navigateToUrl: Navigate to 'https://assist2-uat.perkeso.gov.my/c/portal/logout' successfully

2018-12-12 10:09:28 - [MESSAGE][PASSED] - Navigate to 'https://assist2-uat.perkeso.gov.my/c/portal/logout' successfully

2018-12-12 10:09:28 - [TEST_STEP][PASSED] - delay: Delayed 2 second(s)

2018-12-12 10:09:30 - [MESSAGE][PASSED] - Delayed 2 second(s)

2018-12-12 10:09:30 - [TEST_STEP][PASSED] - callTestCase: Call Test Case 'Test Cases/Final Aug 2018 - PKS Automation/Common/Reference Number Getter' successfully

2018-12-12 10:09:30 - [TEST_CASE][PASSED] - Test Cases/Final Aug 2018 - PKS Automation/Common/Reference Number Getter: Test Cases/Final Aug 2018 - PKS Automation/Common/Reference Number Getter

2018-12-12 10:09:30 - [TEST_STEP][PASSED] - Statement - Try: null

2018-12-12 10:09:30 - [TEST_STEP][PASSED] - Statement - RefNo = new java.io.File(C://Users//Admin//Desktop//PKS//Automation Reference Point//KatalonReference.txt): null

2018-12-12 10:09:30 - [TEST_STEP][PASSED] - Statement - bufferread = new java.io.BufferedReader(new java.io.FileReader(RefNo)): null

2018-12-12 10:09:30 - [TEST_STEP][PASSED] - Statement - readedVal = bufferread.readLine(): null

2018-12-12 10:09:30 - [TEST_STEP][PASSED] - Statement - out.println(CaseReferenceNo): null

2018-12-12 10:09:30 - [TEST_STEP][PASSED] - Statement - out.println(readedVal): null

2018-12-12 10:09:30 - [TEST_STEP][PASSED] - Statement - CaseReferenceNo = "": null

2018-12-12 10:09:30 - [TEST_STEP][PASSED] - Statement - CaseReferenceNo = readedVal: null

2018-12-12 10:09:30 - [MESSAGE][PASSED] - Call Test Case 'Test Cases/Final Aug 2018 - PKS Automation/Common/Reference Number Getter' successfully

2018-12-12 10:09:30 - [TEST_STEP][PASSED] - callTestCase: Call Test Case 'Test Cases/Final Aug 2018 - PKS Automation/Common/Workflow Owner Finder' successfully

2018-12-12 10:09:30 - [TEST_CASE][PASSED] - Test Cases/Final Aug 2018 - PKS Automation/Common/Workflow Owner Finder: Test Cases/Final Aug 2018 - PKS Automation/Common/Workflow Owner Finder

2018-12-12 10:09:30 - [TEST_STEP][PASSED] - openBrowser: Browser is opened with url: ''

2018-12-12 10:09:30 - [MESSAGE][WARNING] - A browser is already opened. Closing browser and opening a new one

2018-12-12 10:09:35 - [MESSAGE][PASSED] - Browser is opened with url: ''

2018-12-12 10:09:35 - [TEST_STEP][PASSED] - navigateToUrl: Navigate to 'https://assist2-uat.perkeso.gov.my/login' successfully

2018-12-12 10:09:36 - [MESSAGE][PASSED] - Navigate to 'https://assist2-uat.perkeso.gov.my/login' successfully

2018-12-12 10:09:36 - [TEST_STEP][PASSED] - delay: Delayed 5 second(s)

2018-12-12 10:09:41 - [MESSAGE][PASSED] - Delayed 5 second(s)

2018-12-12 10:09:41 - [TEST_STEP][PASSED] - setText: Text 'test@liferay.com' is set on object 'Object Repository/Final Object Repo/Login Page/Internal User/Email Address'

2018-12-12 10:09:42 - [MESSAGE][PASSED] - Text 'test@liferay.com' is set on object 'Object Repository/Final Object Repo/Login Page/Internal User/Email Address'

2018-12-12 10:09:42 - [TEST_STEP][PASSED] - click: Object: 'Object Repository/Final Object Repo/Login Page/Internal User/Next Button' is clicked on

2018-12-12 10:09:42 - [MESSAGE][PASSED] - Object: 'Object Repository/Final Object Repo/Login Page/Internal User/Next Button' is clicked on

2018-12-12 10:09:42 - [TEST_STEP][PASSED] - delay: Delayed 2 second(s)

2018-12-12 10:09:44 - [MESSAGE][PASSED] - Delayed 2 second(s)

2018-12-12 10:09:44 - [TEST_STEP][PASSED] - setText: Text 'test' is set on object 'Object Repository/Final Object Repo/Login Page/Internal User/Password'

2018-12-12 10:09:44 - [MESSAGE][PASSED] - Text 'test' is set on object 'Object Repository/Final Object Repo/Login Page/Internal User/Password'

2018-12-12 10:09:44 - [TEST_STEP][PASSED] - delay: Delayed 2 second(s)

2018-12-12 10:09:46 - [MESSAGE][PASSED] - Delayed 2 second(s)

2018-12-12 10:09:46 - [TEST_STEP][PASSED] - click: Object: 'Object Repository/Final Object Repo/Login Page/Internal User/Login Button' is clicked on

2018-12-12 10:09:46 - [MESSAGE][PASSED] - Object: 'Object Repository/Final Object Repo/Login Page/Internal User/Login Button' is clicked on

2018-12-12 10:09:46 - [TEST_STEP][PASSED] - Statement - tester = com.kms.katalon.core.testobject.ObjectRepository.findTestObject(Final Object Repo/Landing Page/Select to English): Finding Test Object with id 'Object Repository/Final Object Repo/Landing Page/Select to English'

2018-12-12 10:09:46 - [TEST_STEP][PASSED] - Statement - Try: Delayed 2 second(s)

2018-12-12 10:09:46 - [TEST_STEP][PASSED] - Statement - Checker = com.kms.katalon.core.webui.keyword.WebUiBuiltInKeywords.verifyElementNotPresent(tester, 3): Web element with id: 'Object Repository/Final Object Repo/Landing Page/Select to English' located by 'By.xpath: //a[@class = 'taglib-language-list-text' and @lang = 'en-US' and (contains(text(), 'EN') or contains(., 'EN'))]' is not present after '3' second(s)

2018-12-12 10:09:48 - [MESSAGE][PASSED] - Web element with id: 'Object Repository/Final Object Repo/Landing Page/Select to English' located by 'By.xpath: //a[@class = 'taglib-language-list-text' and @lang = 'en-US' and (contains(text(), 'EN') or contains(., 'EN'))]' is not present after '3' second(s)

2018-12-12 10:09:48 - [TEST_STEP][PASSED] - Statement - If (Checker == false): null

2018-12-12 10:09:48 - [TEST_STEP][PASSED] - delay: Delayed 2 second(s)

2018-12-12 10:09:50 - [MESSAGE][PASSED] - Delayed 2 second(s)

2018-12-12 10:09:50 - [TEST_STEP][PASSED] - delay: Delayed 5 second(s)

2018-12-12 10:09:55 - [MESSAGE][PASSED] - Delayed 5 second(s)

2018-12-12 10:09:55 - [TEST_STEP][PASSED] - mouseOver: Object: 'Object Repository/Final Object Repo/Landing Page/WorkFlow Menu' is hovered

2018-12-12 10:09:55 - [MESSAGE][PASSED] - Object: 'Object Repository/Final Object Repo/Landing Page/WorkFlow Menu' is hovered

2018-12-12 10:09:55 - [TEST_STEP][PASSED] - delay: Delayed 2 second(s)

2018-12-12 10:09:57 - [MESSAGE][PASSED] - Delayed 2 second(s)

2018-12-12 10:09:57 - [TEST_STEP][PASSED] - click: Object: 'Object Repository/Final Object Repo/Landing Page/Select to Workflow Listing' is clicked on

2018-12-12 10:09:58 - [MESSAGE][PASSED] - Object: 'Object Repository/Final Object Repo/Landing Page/Select to Workflow Listing' is clicked on

2018-12-12 10:09:58 - [TEST_STEP][PASSED] - delay: Delayed 2 second(s)

2018-12-12 10:10:00 - [MESSAGE][PASSED] - Delayed 2 second(s)

2018-12-12 10:10:00 - [TEST_STEP][PASSED] - click: Object: 'Object Repository/Final Object Repo/WorkFlow Listing Page/Search Information - To Put Ref No' is clicked on

2018-12-12 10:10:00 - [MESSAGE][PASSED] - Object: 'Object Repository/Final Object Repo/WorkFlow Listing Page/Search Information - To Put Ref No' is clicked on

2018-12-12 10:10:00 - [TEST_STEP][PASSED] - delay: Delayed 2 second(s)

2018-12-12 10:10:02 - [MESSAGE][PASSED] - Delayed 2 second(s)

2018-12-12 10:10:02 - [TEST_STEP][PASSED] - callTestCase: Call Test Case 'Test Cases/Final Aug 2018 - PKS Automation/Common/Reference Number Getter' successfully

2018-12-12 10:10:03 - [TEST_CASE][PASSED] - Test Cases/Final Aug 2018 - PKS Automation/Common/Reference Number Getter: Test Cases/Final Aug 2018 - PKS Automation/Common/Reference Number Getter

2018-12-12 10:10:03 - [TEST_STEP][PASSED] - Statement - Try: null

2018-12-12 10:10:03 - [TEST_STEP][PASSED] - Statement - RefNo = new java.io.File(C://Users//Admin//Desktop//PKS//Automation Reference Point//KatalonReference.txt): null

2018-12-12 10:10:03 - [TEST_STEP][PASSED] - Statement - bufferread = new java.io.BufferedReader(new java.io.FileReader(RefNo)): null

2018-12-12 10:10:03 - [TEST_STEP][PASSED] - Statement - readedVal = bufferread.readLine(): null

2018-12-12 10:10:03 - [TEST_STEP][PASSED] - Statement - out.println(CaseReferenceNo): null

2018-12-12 10:10:03 - [TEST_STEP][PASSED] - Statement - out.println(readedVal): null

2018-12-12 10:10:03 - [TEST_STEP][PASSED] - Statement - CaseReferenceNo = "": null

2018-12-12 10:10:03 - [TEST_STEP][PASSED] - Statement - CaseReferenceNo = readedVal: null

2018-12-12 10:10:03 - [MESSAGE][PASSED] - Call Test Case 'Test Cases/Final Aug 2018 - PKS Automation/Common/Reference Number Getter' successfully

2018-12-12 10:10:03 - [TEST_STEP][PASSED] - setText: Text 'CUN122018C100005972' is set on object 'Object Repository/Final Object Repo/WorkFlow Listing Page/Ref No Set Text'

2018-12-12 10:10:03 - [MESSAGE][PASSED] - Text 'CUN122018C100005972' is set on object 'Object Repository/Final Object Repo/WorkFlow Listing Page/Ref No Set Text'

2018-12-12 10:10:03 - [TEST_STEP][PASSED] - delay: Delayed 2 second(s)

2018-12-12 10:10:05 - [MESSAGE][PASSED] - Delayed 2 second(s)

2018-12-12 10:10:05 - [TEST_STEP][PASSED] - click: Object: 'Object Repository/Final Object Repo/WorkFlow Listing Page/Search Ref No Search Button' is clicked on

2018-12-12 10:10:05 - [MESSAGE][PASSED] - Object: 'Object Repository/Final Object Repo/WorkFlow Listing Page/Search Ref No Search Button' is clicked on

2018-12-12 10:10:05 - [TEST_STEP][PASSED] - delay: Delayed 6 second(s)

2018-12-12 10:10:11 - [MESSAGE][PASSED] - Delayed 6 second(s)

2018-12-12 10:10:11 - [TEST_STEP][PASSED] - click: Object: 'Object Repository/Final Object Repo/WorkFlow Listing Page/Click Continue Tooltip' is clicked on

2018-12-12 10:10:12 - [MESSAGE][PASSED] - Object: 'Object Repository/Final Object Repo/WorkFlow Listing Page/Click Continue Tooltip' is clicked on

2018-12-12 10:10:12 - [TEST_STEP][PASSED] - delay: Delayed 5 second(s)

2018-12-12 10:10:17 - [MESSAGE][PASSED] - Delayed 5 second(s)

2018-12-12 10:10:17 - [TEST_STEP][PASSED] - doubleClick: Object: 'Object Repository/Final Object Repo/WorkFlow Listing Page/Workflow Found - Listing 1' is double clicked on

2018-12-12 10:10:17 - [MESSAGE][PASSED] - Object: 'Object Repository/Final Object Repo/WorkFlow Listing Page/Workflow Found - Listing 1' is double clicked on

2018-12-12 10:10:17 - [TEST_STEP][PASSED] - Statement - println(OwnerID): null

2018-12-12 10:10:17 - [TEST_STEP][PASSED] - Statement - OwnerID = com.kms.katalon.core.webui.keyword.WebUiBuiltInKeywords.getText(com.kms.katalon.core.testobject.ObjectRepository.findTestObject(Final Object Repo/WorkFlow Listing Page/Workflow Found - Listing 1), STOP_ON_FAILURE): Text of object 'Object Repository/Final Object Repo/WorkFlow Listing Page/Workflow Found - Listing 1' is: 'JOHORuo1'

2018-12-12 10:10:17 - [MESSAGE][PASSED] - Text of object 'Object Repository/Final Object Repo/WorkFlow Listing Page/Workflow Found - Listing 1' is: 'JOHORuo1'

2018-12-12 10:10:17 - [TEST_STEP][PASSED] - Statement - OwnerID = OwnerID.toLowerCase() + "@gmail.com": null

2018-12-12 10:10:17 - [TEST_STEP][PASSED] - Statement - println(OwnerID): null

2018-12-12 10:10:17 - [TEST_STEP][PASSED] - delay: Delayed 2 second(s)

2018-12-12 10:10:19 - [MESSAGE][PASSED] - Delayed 2 second(s)

2018-12-12 10:10:19 - [MESSAGE][PASSED] - Call Test Case 'Test Cases/Final Aug 2018 - PKS Automation/Common/Workflow Owner Finder' successfully

2018-12-12 10:10:19 - [TEST_STEP][PASSED] - delay: Delayed 2 second(s)

2018-12-12 10:10:21 - [MESSAGE][PASSED] - Delayed 2 second(s)

2018-12-12 10:10:21 - [TEST_STEP][PASSED] - navigateToUrl: Navigate to 'https://assist2-uat.perkeso.gov.my/c/portal/logout' successfully

2018-12-12 10:10:22 - [MESSAGE][PASSED] - Navigate to 'https://assist2-uat.perkeso.gov.my/c/portal/logout' successfully

2018-12-12 10:10:22 - [TEST_STEP][PASSED] - delay: Delayed 2 second(s)

2018-12-12 10:10:24 - [MESSAGE][PASSED] - Delayed 2 second(s)

2018-12-12 10:10:24 - [TEST_STEP][PASSED] - callTestCase: Call Test Case 'Test Cases/Final Aug 2018 - PKS Automation/Registration Module/Workflow/Login and Search Case For Workflow' successfully

2018-12-12 10:10:24 - [TEST_CASE][PASSED] - Test Cases/Final Aug 2018 - PKS Automation/Registration Module/Workflow/Login and Search Case For Workflow: Test Cases/Final Aug 2018 - PKS Automation/Registration Module/Workflow/Login and Search Case For Workflow

2018-12-12 10:10:24 - [TEST_STEP][PASSED] - navigateToUrl: Navigate to 'https://assist2-uat.perkeso.gov.my/login' successfully

2018-12-12 10:10:25 - [MESSAGE][PASSED] - Navigate to 'https://assist2-uat.perkeso.gov.my/login' successfully

2018-12-12 10:10:25 - [TEST_STEP][PASSED] - setText: Text 'johoruo1@gmail.com' is set on object 'Object Repository/Final Object Repo/Login Page/Internal User/Email Address'

2018-12-12 10:10:25 - [MESSAGE][PASSED] - Text 'johoruo1@gmail.com' is set on object 'Object Repository/Final Object Repo/Login Page/Internal User/Email Address'

2018-12-12 10:10:25 - [TEST_STEP][PASSED] - click: Object: 'Object Repository/Final Object Repo/Login Page/Internal User/Next Button' is clicked on

2018-12-12 10:10:25 - [MESSAGE][PASSED] - Object: 'Object Repository/Final Object Repo/Login Page/Internal User/Next Button' is clicked on

2018-12-12 10:10:25 - [TEST_STEP][PASSED] - delay: Delayed 1 second(s)

2018-12-12 10:10:26 - [MESSAGE][PASSED] - Delayed 1 second(s)

2018-12-12 10:10:26 - [TEST_STEP][PASSED] - setEncryptedText: Text ****** has been set on object 'Object Repository/Final Object Repo/Login Page/Internal User/Password'

2018-12-12 10:10:27 - [MESSAGE][PASSED] - Text ****** has been set on object 'Object Repository/Final Object Repo/Login Page/Internal User/Password'

2018-12-12 10:10:27 - [TEST_STEP][PASSED] - click: Object: 'Object Repository/Final Object Repo/Login Page/Internal User/Login Button' is clicked on

2018-12-12 10:10:27 - [MESSAGE][PASSED] - Object: 'Object Repository/Final Object Repo/Login Page/Internal User/Login Button' is clicked on

2018-12-12 10:10:27 - [TEST_STEP][PASSED] - delay: Delayed 2 second(s)

2018-12-12 10:10:29 - [MESSAGE][PASSED] - Delayed 2 second(s)

2018-12-12 10:10:29 - [TEST_STEP][PASSED] - Statement - Try: Delayed 2 second(s)

2018-12-12 10:10:29 - [TEST_STEP][PASSED] - Statement - Checker = false: null

2018-12-12 10:10:29 - [TEST_STEP][PASSED] - Statement - Checker = com.kms.katalon.core.webui.keyword.WebUiBuiltInKeywords.verifyElementHasAttribute(com.kms.katalon.core.testobject.ObjectRepository.findTestObject(Final Object Repo/Landing Page/BM Detecting), "href", 20, OPTIONAL): Object 'Object Repository/Final Object Repo/Landing Page/BM Detecting' has attribute 'href'

2018-12-12 10:10:29 - [MESSAGE][PASSED] - Object 'Object Repository/Final Object Repo/Landing Page/BM Detecting' has attribute 'href'

2018-12-12 10:10:29 - [TEST_STEP][PASSED] - Statement - out.println(Checker): null

2018-12-12 10:10:29 - [TEST_STEP][PASSED] - Statement - If (Checker == false): null

2018-12-12 10:10:29 - [TEST_STEP][PASSED] - Statement - Else: null

2018-12-12 10:10:29 - [TEST_STEP][PASSED] - delay: Delayed 2 second(s)

2018-12-12 10:10:31 - [MESSAGE][PASSED] - Delayed 2 second(s)

2018-12-12 10:10:31 - [TEST_STEP][PASSED] - click: Object: 'Object Repository/Final Object Repo/Page_MyASSIST - ASSIST - Search Pending Case For Add Supporting Document/Search Information' is clicked on

2018-12-12 10:10:31 - [MESSAGE][PASSED] - Object: 'Object Repository/Final Object Repo/Page_MyASSIST - ASSIST - Search Pending Case For Add Supporting Document/Search Information' is clicked on

2018-12-12 10:10:31 - [TEST_STEP][PASSED] - delay: Delayed 3 second(s)

2018-12-12 10:10:34 - [MESSAGE][PASSED] - Delayed 3 second(s)

2018-12-12 10:10:34 - [TEST_STEP][PASSED] - sendKeys: Keys 'CUN122018C100005972' sent to object: 'Object Repository/Final Object Repo/Page_MyASSIST - ASSIST - Search Pending Case For Add Supporting Document/Reference No'

2018-12-12 10:10:34 - [MESSAGE][PASSED] - Keys 'CUN122018C100005972' sent to object: 'Object Repository/Final Object Repo/Page_MyASSIST - ASSIST - Search Pending Case For Add Supporting Document/Reference No'

2018-12-12 10:10:34 - [TEST_STEP][PASSED] - click: Object: 'Object Repository/Final Object Repo/Page_MyASSIST - ASSIST - Search Pending Case For Add Supporting Document/Search Reference No' is clicked on

2018-12-12 10:10:34 - [MESSAGE][PASSED] - Object: 'Object Repository/Final Object Repo/Page_MyASSIST - ASSIST - Search Pending Case For Add Supporting Document/Search Reference No' is clicked on

2018-12-12 10:10:34 - [TEST_STEP][PASSED] - delay: Delayed 2 second(s)

2018-12-12 10:10:36 - [MESSAGE][PASSED] - Delayed 2 second(s)

2018-12-12 10:10:36 - [TEST_STEP][PASSED] - click: Object: 'Object Repository/Final Object Repo/Page_MyASSIST - ASSIST - Search Pending Case For Add Supporting Document/Continue' is clicked on

2018-12-12 10:10:40 - [MESSAGE][PASSED] - Object: 'Object Repository/Final Object Repo/Page_MyASSIST - ASSIST - Search Pending Case For Add Supporting Document/Continue' is clicked on

2018-12-12 10:10:40 - [TEST_STEP][PASSED] - delay: Delayed 20 second(s)

2018-12-12 10:11:00 - [MESSAGE][PASSED] - Delayed 20 second(s)

2018-12-12 10:11:00 - [MESSAGE][PASSED] - Call Test Case 'Test Cases/Final Aug 2018 - PKS Automation/Registration Module/Workflow/Login and Search Case For Workflow' successfully

2018-12-12 10:11:00 - [TEST_STEP][PASSED] - delay: Delayed 2 second(s)

2018-12-12 10:11:02 - [MESSAGE][PASSED] - Delayed 2 second(s)

2018-12-12 10:11:02 - [TEST_STEP][PASSED] - click: Object: 'Object Repository/Final Object Repo/Page_Update Employee Information By Employer/Page_Update Employee Information by Employer (Approve)/Continue' is clicked on

2018-12-12 10:11:06 - [MESSAGE][PASSED] - Object: 'Object Repository/Final Object Repo/Page_Update Employee Information By Employer/Page_Update Employee Information by Employer (Approve)/Continue' is clicked on

2018-12-12 10:11:06 - [TEST_STEP][PASSED] - delay: Delayed 2 second(s)

2018-12-12 10:11:08 - [MESSAGE][PASSED] - Delayed 2 second(s)

2018-12-12 10:11:08 - [TEST_STEP][PASSED] - click: Object: 'Object Repository/Final Object Repo/Page_Update Employee Information By Employer/Page_Update Employee Information by Employer (Approve)/Save  Continue in Update Employee Information Page' is clicked on

2018-12-12 10:11:08 - [MESSAGE][PASSED] - Object: 'Object Repository/Final Object Repo/Page_Update Employee Information By Employer/Page_Update Employee Information by Employer (Approve)/Save  Continue in Update Employee Information Page' is clicked on

2018-12-12 10:11:08 - [TEST_STEP][PASSED] - delay: Delayed 4 second(s)

2018-12-12 10:11:12 - [MESSAGE][PASSED] - Delayed 4 second(s)

2018-12-12 10:11:12 - [TEST_STEP][PASSED] - setText: Text 'Query' is set on object 'Object Repository/Final Object Repo/Page_Update Employee Information By Employer/Page_Update Employee Information by Employer (Query)/Remark'

2018-12-12 10:11:12 - [MESSAGE][PASSED] - Text 'Query' is set on object 'Object Repository/Final Object Repo/Page_Update Employee Information By Employer/Page_Update Employee Information by Employer (Query)/Remark'

2018-12-12 10:11:12 - [TEST_STEP][PASSED] - delay: Delayed 2 second(s)

2018-12-12 10:11:14 - [MESSAGE][PASSED] - Delayed 2 second(s)

2018-12-12 10:11:14 - [TEST_STEP][PASSED] - click: Object: 'Object Repository/Final Object Repo/Page_Update Employee Information By Employer/Page_Update Employee Information by Employer (Approve)/Save  Continue in Upload Supporting Doucument Page' is clicked on

2018-12-12 10:11:15 - [MESSAGE][PASSED] - Object: 'Object Repository/Final Object Repo/Page_Update Employee Information By Employer/Page_Update Employee Information by Employer (Approve)/Save  Continue in Upload Supporting Doucument Page' is clicked on

2018-12-12 10:11:15 - [TEST_STEP][PASSED] - delay: Delayed 2 second(s)

2018-12-12 10:11:17 - [MESSAGE][PASSED] - Delayed 2 second(s)

2018-12-12 10:11:17 - [TEST_STEP][PASSED] - click: Object: 'Object Repository/Final Object Repo/Page_Update Employee Information By Employer/Page_Update Employee Information by Employer (Query)/Query' is clicked on

2018-12-12 10:11:18 - [MESSAGE][PASSED] - Object: 'Object Repository/Final Object Repo/Page_Update Employee Information By Employer/Page_Update Employee Information by Employer (Query)/Query' is clicked on

2018-12-12 10:11:18 - [TEST_STEP][PASSED] - delay: Delayed 2 second(s)

2018-12-12 10:11:20 - [MESSAGE][PASSED] - Delayed 2 second(s)

2018-12-12 10:11:20 - [TEST_STEP][PASSED] - click: Object: 'Object Repository/Final Object Repo/Page_Update Employee Information By Employer/Page_Update Employee Information by Employer (Approve)/Confirm' is clicked on

2018-12-12 10:11:21 - [MESSAGE][PASSED] - Object: 'Object Repository/Final Object Repo/Page_Update Employee Information By Employer/Page_Update Employee Information by Employer (Approve)/Confirm' is clicked on

2018-12-12 10:11:21 - [TEST_STEP][PASSED] - delay: Delayed 2 second(s)

2018-12-12 10:11:23 - [MESSAGE][PASSED] - Delayed 2 second(s)

2018-12-12 10:11:23 - [TEST_STEP][PASSED] - click: Object: 'Object Repository/Final Object Repo/Page_Update Employee Information By Employer/Page_Update Employee Information by Employer (Query)/Query Message The case is Under Query' is clicked on

2018-12-12 10:11:27 - [MESSAGE][PASSED] - Object: 'Object Repository/Final Object Repo/Page_Update Employee Information By Employer/Page_Update Employee Information by Employer (Query)/Query Message The case is Under Query' is clicked on

2018-12-12 10:11:27 - [TEST_STEP][PASSED] - delay: Delayed 2 second(s)

2018-12-12 10:11:29 - [MESSAGE][PASSED] - Delayed 2 second(s)

2018-12-12 10:11:29 - [TEST_STEP][PASSED] - click: Object: 'Object Repository/Final Object Repo/Page_Update Employee Information By Employer/Page_Update Employee Information by Employer (Query)/Letter of inquiry' is clicked on

2018-12-12 10:11:30 - [MESSAGE][PASSED] - Object: 'Object Repository/Final Object Repo/Page_Update Employee Information By Employer/Page_Update Employee Information by Employer (Query)/Letter of inquiry' is clicked on

2018-12-12 10:11:30 - [TEST_STEP][PASSED] - delay: Delayed 1 second(s)

2018-12-12 10:11:31 - [MESSAGE][PASSED] - Delayed 1 second(s)

2018-12-12 10:11:31 - [TEST_STEP][PASSED] - navigateToUrl: Navigate to 'https://assist2-uat.perkeso.gov.my/c/portal/logout' successfully

2018-12-12 10:11:31 - [MESSAGE][PASSED] - Navigate to 'https://assist2-uat.perkeso.gov.my/c/portal/logout' successfully

2018-12-12 10:11:31 - [TEST_STEP][PASSED] - delay: Delayed 1 second(s)

2018-12-12 10:11:32 - [MESSAGE][PASSED] - Delayed 1 second(s)

2018-12-12 10:11:32 - [TEST_STEP][PASSED] - callTestCase: Call Test Case 'Test Cases/Final Aug 2018 - PKS Automation/Registration Module/Workflow/Search Pending Case For Add Supporting Document (OTC)' successfully

2018-12-12 10:11:32 - [TEST_CASE][PASSED] - Test Cases/Final Aug 2018 - PKS Automation/Registration Module/Workflow/Search Pending Case For Add Supporting Document (OTC): Test Cases/Final Aug 2018 - PKS Automation/Registration Module/Workflow/Search Pending Case For Add Supporting Document (OTC)

2018-12-12 10:11:32 - [TEST_STEP][PASSED] - openBrowser: Browser is opened with url: ''

2018-12-12 10:11:32 - [MESSAGE][WARNING] - A browser is already opened. Closing browser and opening a new one

2018-12-12 10:11:37 - [MESSAGE][PASSED] - Browser is opened with url: ''

2018-12-12 10:11:37 - [TEST_STEP][PASSED] - navigateToUrl: Navigate to 'https://assist2-uat.perkeso.gov.my/login' successfully

2018-12-12 10:11:38 - [MESSAGE][PASSED] - Navigate to 'https://assist2-uat.perkeso.gov.my/login' successfully

2018-12-12 10:11:38 - [TEST_STEP][PASSED] - setText: Text 'johorotc1@gmail.com' is set on object 'Object Repository/Final Object Repo/Login Page/Internal User/Email Address'

2018-12-12 10:11:38 - [MESSAGE][PASSED] - Text 'johorotc1@gmail.com' is set on object 'Object Repository/Final Object Repo/Login Page/Internal User/Email Address'

2018-12-12 10:11:38 - [TEST_STEP][PASSED] - click: Object: 'Object Repository/Final Object Repo/Login Page/Internal User/Next Button' is clicked on

2018-12-12 10:11:38 - [MESSAGE][PASSED] - Object: 'Object Repository/Final Object Repo/Login Page/Internal User/Next Button' is clicked on

2018-12-12 10:11:38 - [TEST_STEP][PASSED] - delay: Delayed 1 second(s)

2018-12-12 10:11:39 - [MESSAGE][PASSED] - Delayed 1 second(s)

2018-12-12 10:11:39 - [TEST_STEP][PASSED] - setEncryptedText: Text ****** has been set on object 'Object Repository/Final Object Repo/Login Page/Internal User/Password'

2018-12-12 10:11:40 - [MESSAGE][PASSED] - Text ****** has been set on object 'Object Repository/Final Object Repo/Login Page/Internal User/Password'

2018-12-12 10:11:40 - [TEST_STEP][PASSED] - click: Object: 'Object Repository/Final Object Repo/Login Page/Internal User/Login Button' is clicked on

2018-12-12 10:11:40 - [MESSAGE][PASSED] - Object: 'Object Repository/Final Object Repo/Login Page/Internal User/Login Button' is clicked on

2018-12-12 10:11:40 - [TEST_STEP][PASSED] - delay: Delayed 1 second(s)

2018-12-12 10:11:41 - [MESSAGE][PASSED] - Delayed 1 second(s)

2018-12-12 10:11:41 - [TEST_STEP][PASSED] - Statement - Try: Delayed 2 second(s)

2018-12-12 10:11:41 - [TEST_STEP][PASSED] - Statement - Checker = false: null

2018-12-12 10:11:41 - [TEST_STEP][PASSED] - Statement - Checker = com.kms.katalon.core.webui.keyword.WebUiBuiltInKeywords.verifyElementHasAttribute(com.kms.katalon.core.testobject.ObjectRepository.findTestObject(Final Object Repo/Landing Page/BM Detecting), "href", 20, OPTIONAL): Object 'Object Repository/Final Object Repo/Landing Page/BM Detecting' has attribute 'href'

2018-12-12 10:11:42 - [MESSAGE][PASSED] - Object 'Object Repository/Final Object Repo/Landing Page/BM Detecting' has attribute 'href'

2018-12-12 10:11:42 - [TEST_STEP][PASSED] - Statement - out.println(Checker): null

2018-12-12 10:11:42 - [TEST_STEP][PASSED] - Statement - If (Checker == false): null

2018-12-12 10:11:42 - [TEST_STEP][PASSED] - Statement - Else: null

2018-12-12 10:11:42 - [TEST_STEP][PASSED] - delay: Delayed 2 second(s)

2018-12-12 10:11:44 - [MESSAGE][PASSED] - Delayed 2 second(s)

2018-12-12 10:11:44 - [TEST_STEP][PASSED] - navigateToUrl: Navigate to 'https://assist2-uat.perkeso.gov.my/web/registration/search/search-pending-case-for-add-supporting-document' successfully

2018-12-12 10:11:45 - [MESSAGE][PASSED] - Navigate to 'https://assist2-uat.perkeso.gov.my/web/registration/search/search-pending-case-for-add-supporting-document' successfully

2018-12-12 10:11:45 - [TEST_STEP][PASSED] - click: Object: 'Object Repository/Final Object Repo/Page_Search Pending Case For Add Suporting Document/Search By' is clicked on

2018-12-12 10:11:45 - [MESSAGE][PASSED] - Object: 'Object Repository/Final Object Repo/Page_Search Pending Case For Add Suporting Document/Search By' is clicked on

2018-12-12 10:11:45 - [TEST_STEP][PASSED] - click: Object: 'Object Repository/Final Object Repo/Page_Search Pending Case For Add Suporting Document/Search By - Reference ID' is clicked on

2018-12-12 10:11:45 - [MESSAGE][PASSED] - Object: 'Object Repository/Final Object Repo/Page_Search Pending Case For Add Suporting Document/Search By - Reference ID' is clicked on

2018-12-12 10:11:45 - [TEST_STEP][PASSED] - delay: Delayed 2 second(s)

2018-12-12 10:11:47 - [MESSAGE][PASSED] - Delayed 2 second(s)

2018-12-12 10:11:47 - [TEST_STEP][PASSED] - setText: Text 'CUN122018C100005972' is set on object 'Object Repository/Final Object Repo/Page_Search Pending Case For Add Suporting Document/Reference ID'

2018-12-12 10:11:47 - [MESSAGE][PASSED] - Text 'CUN122018C100005972' is set on object 'Object Repository/Final Object Repo/Page_Search Pending Case For Add Suporting Document/Reference ID'

2018-12-12 10:11:47 - [TEST_STEP][PASSED] - click: Object: 'Object Repository/Final Object Repo/Page_Search Pending Case For Add Suporting Document/Search' is clicked on

2018-12-12 10:11:48 - [MESSAGE][PASSED] - Object: 'Object Repository/Final Object Repo/Page_Search Pending Case For Add Suporting Document/Search' is clicked on

2018-12-12 10:11:48 - [TEST_STEP][PASSED] - delay: Delayed 2 second(s)

2018-12-12 10:11:50 - [MESSAGE][PASSED] - Delayed 2 second(s)

2018-12-12 10:11:50 - [TEST_STEP][PASSED] - click: Object: 'Object Repository/Final Object Repo/Page_Search Pending Case For Add Suporting Document/Edit' is clicked on

2018-12-12 10:11:53 - [MESSAGE][PASSED] - Object: 'Object Repository/Final Object Repo/Page_Search Pending Case For Add Suporting Document/Edit' is clicked on

2018-12-12 10:11:53 - [MESSAGE][PASSED] - Call Test Case 'Test Cases/Final Aug 2018 - PKS Automation/Registration Module/Workflow/Search Pending Case For Add Supporting Document (OTC)' successfully

2018-12-12 10:11:53 - [TEST_STEP][PASSED] - click: Object: 'Object Repository/Final Object Repo/Page_Update Employee Information By Employer/Page_Update Employee Information by Employer (Query -OTC -UO)/Next' is clicked on

2018-12-12 10:11:56 - [MESSAGE][PASSED] - Object: 'Object Repository/Final Object Repo/Page_Update Employee Information By Employer/Page_Update Employee Information by Employer (Query -OTC -UO)/Next' is clicked on

2018-12-12 10:11:56 - [TEST_STEP][PASSED] - delay: Delayed 2 second(s)

2018-12-12 10:11:58 - [MESSAGE][PASSED] - Delayed 2 second(s)

2018-12-12 10:11:58 - [TEST_STEP][PASSED] - click: Object: 'Object Repository/Final Object Repo/Page_Update Employee Information By Employer/Page_Update Employee Information by Employer (Query -OTC -UO)/Add Document Button' is clicked on

2018-12-12 10:11:58 - [MESSAGE][PASSED] - Object: 'Object Repository/Final Object Repo/Page_Update Employee Information By Employer/Page_Update Employee Information by Employer (Query -OTC -UO)/Add Document Button' is clicked on

2018-12-12 10:11:58 - [TEST_STEP][PASSED] - delay: Delayed 5 second(s)

2018-12-12 10:12:03 - [MESSAGE][PASSED] - Delayed 5 second(s)

2018-12-12 10:12:03 - [TEST_STEP][PASSED] - click: Object: 'Object Repository/Final Object Repo/Page_Update Employee Information By Employer/Page_Update Employee Information by Employer (Query -OTC -UO)/Document Type' is clicked on

2018-12-12 10:12:03 - [MESSAGE][PASSED] - Object: 'Object Repository/Final Object Repo/Page_Update Employee Information By Employer/Page_Update Employee Information by Employer (Query -OTC -UO)/Document Type' is clicked on

2018-12-12 10:12:03 - [TEST_STEP][PASSED] - click: Object: 'Object Repository/Final Object Repo/Page_Update Employee Information By Employer/Page_Update Employee Information by Employer (Query -OTC -UO)/Document Type - Other' is clicked on

2018-12-12 10:12:03 - [MESSAGE][PASSED] - Object: 'Object Repository/Final Object Repo/Page_Update Employee Information By Employer/Page_Update Employee Information by Employer (Query -OTC -UO)/Document Type - Other' is clicked on

2018-12-12 10:12:03 - [TEST_STEP][PASSED] - sendKeys: Keys 'C:\Users\Public\Pictures\Sample Pictures\Koala.jpg' sent to object: 'Object Repository/Final Object Repo/Page_Update Employee Information By Employer/Page_Update Employee Information by Employer (Query -OTC -UO)/Upload File'

2018-12-12 10:12:03 - [MESSAGE][PASSED] - Keys 'C:\Users\Public\Pictures\Sample Pictures\Koala.jpg' sent to object: 'Object Repository/Final Object Repo/Page_Update Employee Information By Employer/Page_Update Employee Information by Employer (Query -OTC -UO)/Upload File'

2018-12-12 10:12:03 - [TEST_STEP][PASSED] - click: Object: 'Object Repository/Final Object Repo/Page_Update Employee Information By Employer/Page_Update Employee Information by Employer (Query -OTC -UO)/Add Document' is clicked on

2018-12-12 10:12:03 - [MESSAGE][PASSED] - Object: 'Object Repository/Final Object Repo/Page_Update Employee Information By Employer/Page_Update Employee Information by Employer (Query -OTC -UO)/Add Document' is clicked on

2018-12-12 10:12:03 - [TEST_STEP][PASSED] - delay: Delayed 2 second(s)

2018-12-12 10:12:05 - [MESSAGE][PASSED] - Delayed 2 second(s)

2018-12-12 10:12:05 - [TEST_STEP][PASSED] - click: Object: 'Object Repository/Final Object Repo/Page_Update Employee Information By Employer/Page_Update Employee Information by Employer (Query -OTC -UO)/Exit' is clicked on

2018-12-12 10:12:08 - [MESSAGE][PASSED] - Object: 'Object Repository/Final Object Repo/Page_Update Employee Information By Employer/Page_Update Employee Information by Employer (Query -OTC -UO)/Exit' is clicked on

2018-12-12 10:12:08 - [TEST_STEP][PASSED] - delay: Delayed 2 second(s)

2018-12-12 10:12:10 - [MESSAGE][PASSED] - Delayed 2 second(s)

2018-12-12 10:12:10 - [TEST_STEP][PASSED] - navigateToUrl: Navigate to 'https://assist2-uat.perkeso.gov.my/c/portal/logout' successfully

2018-12-12 10:12:11 - [MESSAGE][PASSED] - Navigate to 'https://assist2-uat.perkeso.gov.my/c/portal/logout' successfully

2018-12-12 10:12:11 - [TEST_STEP][PASSED] - delay: Delayed 2 second(s)

2018-12-12 10:12:13 - [MESSAGE][PASSED] - Delayed 2 second(s)

2018-12-12 10:12:13 - [TEST_STEP][PASSED] - callTestCase: Call Test Case 'Test Cases/Final Aug 2018 - PKS Automation/Registration Module/Workflow/Login and Search Case For Workflow' successfully

2018-12-12 10:12:13 - [TEST_CASE][PASSED] - Test Cases/Final Aug 2018 - PKS Automation/Registration Module/Workflow/Login and Search Case For Workflow: Test Cases/Final Aug 2018 - PKS Automation/Registration Module/Workflow/Login and Search Case For Workflow

2018-12-12 10:12:13 - [TEST_STEP][PASSED] - navigateToUrl: Navigate to 'https://assist2-uat.perkeso.gov.my/login' successfully

2018-12-12 10:12:14 - [MESSAGE][PASSED] - Navigate to 'https://assist2-uat.perkeso.gov.my/login' successfully

2018-12-12 10:12:14 - [TEST_STEP][PASSED] - setText: Text 'johoruo1@gmail.com' is set on object 'Object Repository/Final Object Repo/Login Page/Internal User/Email Address'

2018-12-12 10:12:14 - [MESSAGE][PASSED] - Text 'johoruo1@gmail.com' is set on object 'Object Repository/Final Object Repo/Login Page/Internal User/Email Address'

2018-12-12 10:12:14 - [TEST_STEP][PASSED] - click: Object: 'Object Repository/Final Object Repo/Login Page/Internal User/Next Button' is clicked on

2018-12-12 10:12:14 - [MESSAGE][PASSED] - Object: 'Object Repository/Final Object Repo/Login Page/Internal User/Next Button' is clicked on

2018-12-12 10:12:14 - [TEST_STEP][PASSED] - delay: Delayed 1 second(s)

2018-12-12 10:12:15 - [MESSAGE][PASSED] - Delayed 1 second(s)

2018-12-12 10:12:15 - [TEST_STEP][PASSED] - setEncryptedText: Text ****** has been set on object 'Object Repository/Final Object Repo/Login Page/Internal User/Password'

2018-12-12 10:12:16 - [MESSAGE][PASSED] - Text ****** has been set on object 'Object Repository/Final Object Repo/Login Page/Internal User/Password'

2018-12-12 10:12:16 - [TEST_STEP][PASSED] - click: Object: 'Object Repository/Final Object Repo/Login Page/Internal User/Login Button' is clicked on

2018-12-12 10:12:16 - [MESSAGE][PASSED] - Object: 'Object Repository/Final Object Repo/Login Page/Internal User/Login Button' is clicked on

2018-12-12 10:12:16 - [TEST_STEP][PASSED] - delay: Delayed 2 second(s)

2018-12-12 10:12:18 - [MESSAGE][PASSED] - Delayed 2 second(s)

2018-12-12 10:12:18 - [TEST_STEP][PASSED] - Statement - Try: Delayed 2 second(s)

2018-12-12 10:12:18 - [TEST_STEP][PASSED] - Statement - Checker = false: null

2018-12-12 10:12:18 - [TEST_STEP][PASSED] - Statement - Checker = com.kms.katalon.core.webui.keyword.WebUiBuiltInKeywords.verifyElementHasAttribute(com.kms.katalon.core.testobject.ObjectRepository.findTestObject(Final Object Repo/Landing Page/BM Detecting), "href", 20, OPTIONAL): Object 'Object Repository/Final Object Repo/Landing Page/BM Detecting' has attribute 'href'

2018-12-12 10:12:18 - [MESSAGE][PASSED] - Object 'Object Repository/Final Object Repo/Landing Page/BM Detecting' has attribute 'href'

2018-12-12 10:12:18 - [TEST_STEP][PASSED] - Statement - out.println(Checker): null

2018-12-12 10:12:18 - [TEST_STEP][PASSED] - Statement - If (Checker == false): null

2018-12-12 10:12:18 - [TEST_STEP][PASSED] - Statement - Else: null

2018-12-12 10:12:18 - [TEST_STEP][PASSED] - delay: Delayed 2 second(s)

2018-12-12 10:12:20 - [MESSAGE][PASSED] - Delayed 2 second(s)

2018-12-12 10:12:20 - [TEST_STEP][PASSED] - click: Object: 'Object Repository/Final Object Repo/Page_MyASSIST - ASSIST - Search Pending Case For Add Supporting Document/Search Information' is clicked on

2018-12-12 10:12:20 - [MESSAGE][PASSED] - Object: 'Object Repository/Final Object Repo/Page_MyASSIST - ASSIST - Search Pending Case For Add Supporting Document/Search Information' is clicked on

2018-12-12 10:12:20 - [TEST_STEP][PASSED] - delay: Delayed 3 second(s)

2018-12-12 10:12:23 - [MESSAGE][PASSED] - Delayed 3 second(s)

2018-12-12 10:12:23 - [TEST_STEP][PASSED] - sendKeys: Keys 'CUN122018C100005972' sent to object: 'Object Repository/Final Object Repo/Page_MyASSIST - ASSIST - Search Pending Case For Add Supporting Document/Reference No'

2018-12-12 10:12:23 - [MESSAGE][PASSED] - Keys 'CUN122018C100005972' sent to object: 'Object Repository/Final Object Repo/Page_MyASSIST - ASSIST - Search Pending Case For Add Supporting Document/Reference No'

2018-12-12 10:12:23 - [TEST_STEP][PASSED] - click: Object: 'Object Repository/Final Object Repo/Page_MyASSIST - ASSIST - Search Pending Case For Add Supporting Document/Search Reference No' is clicked on

2018-12-12 10:12:23 - [MESSAGE][PASSED] - Object: 'Object Repository/Final Object Repo/Page_MyASSIST - ASSIST - Search Pending Case For Add Supporting Document/Search Reference No' is clicked on

2018-12-12 10:12:23 - [TEST_STEP][PASSED] - delay: Delayed 2 second(s)

2018-12-12 10:12:25 - [MESSAGE][PASSED] - Delayed 2 second(s)

2018-12-12 10:12:25 - [TEST_STEP][PASSED] - click: Object: 'Object Repository/Final Object Repo/Page_MyASSIST - ASSIST - Search Pending Case For Add Supporting Document/Continue' is clicked on

2018-12-12 10:12:30 - [MESSAGE][PASSED] - Object: 'Object Repository/Final Object Repo/Page_MyASSIST - ASSIST - Search Pending Case For Add Supporting Document/Continue' is clicked on

2018-12-12 10:12:30 - [TEST_STEP][PASSED] - delay: Delayed 20 second(s)

2018-12-12 10:12:50 - [MESSAGE][PASSED] - Delayed 20 second(s)

2018-12-12 10:12:50 - [MESSAGE][PASSED] - Call Test Case 'Test Cases/Final Aug 2018 - PKS Automation/Registration Module/Workflow/Login and Search Case For Workflow' successfully

2018-12-12 10:12:50 - [TEST_STEP][PASSED] - click: Object: 'Object Repository/Final Object Repo/Page_Update Employee Information By Employer/Page_Update Employee Information by Employer (Approve)/Continue' is clicked on

2018-12-12 10:12:53 - [MESSAGE][PASSED] - Object: 'Object Repository/Final Object Repo/Page_Update Employee Information By Employer/Page_Update Employee Information by Employer (Approve)/Continue' is clicked on

2018-12-12 10:12:53 - [TEST_STEP][PASSED] - delay: Delayed 2 second(s)

2018-12-12 10:12:55 - [MESSAGE][PASSED] - Delayed 2 second(s)

2018-12-12 10:12:55 - [TEST_STEP][PASSED] - click: Object: 'Object Repository/Final Object Repo/Page_Update Employee Information By Employer/Page_Update Employee Information by Employer (Approve)/Save  Continue in Update Employee Information Page' is clicked on

2018-12-12 10:12:55 - [MESSAGE][PASSED] - Object: 'Object Repository/Final Object Repo/Page_Update Employee Information By Employer/Page_Update Employee Information by Employer (Approve)/Save  Continue in Update Employee Information Page' is clicked on

2018-12-12 10:12:55 - [TEST_STEP][PASSED] - delay: Delayed 4 second(s)

2018-12-12 10:12:59 - [MESSAGE][PASSED] - Delayed 4 second(s)

2018-12-12 10:12:59 - [TEST_STEP][PASSED] - click: Object: 'Object Repository/Final Object Repo/Page_Update Employee Information By Employer/Page_Update Employee Information by Employer (Approve)/Save  Continue in Upload Supporting Doucument Page' is clicked on

2018-12-12 10:12:59 - [MESSAGE][PASSED] - Object: 'Object Repository/Final Object Repo/Page_Update Employee Information By Employer/Page_Update Employee Information by Employer (Approve)/Save  Continue in Upload Supporting Doucument Page' is clicked on

2018-12-12 10:12:59 - [TEST_STEP][PASSED] - delay: Delayed 2 second(s)

2018-12-12 10:13:01 - [MESSAGE][PASSED] - Delayed 2 second(s)

2018-12-12 10:13:01 - [TEST_STEP][PASSED] - click: Object: 'Object Repository/Final Object Repo/Page_Update Employee Information By Employer/Page_Update Employee Information by Employer (Approve)/Approve' is clicked on

2018-12-12 10:13:02 - [MESSAGE][PASSED] - Object: 'Object Repository/Final Object Repo/Page_Update Employee Information By Employer/Page_Update Employee Information by Employer (Approve)/Approve' is clicked on

2018-12-12 10:13:02 - [TEST_STEP][PASSED] - delay: Delayed 2 second(s)

2018-12-12 10:13:04 - [MESSAGE][PASSED] - Delayed 2 second(s)

2018-12-12 10:13:04 - [TEST_STEP][PASSED] - click: Object: 'Object Repository/Final Object Repo/Page_Update Employee Information By Employer/Page_Update Employee Information by Employer (Approve)/Confirm' is clicked on

2018-12-12 10:13:05 - [MESSAGE][PASSED] - Object: 'Object Repository/Final Object Repo/Page_Update Employee Information By Employer/Page_Update Employee Information by Employer (Approve)/Confirm' is clicked on

2018-12-12 10:13:05 - [TEST_STEP][PASSED] - delay: Delayed 2 second(s)

2018-12-12 10:13:07 - [MESSAGE][PASSED] - Delayed 2 second(s)

2018-12-12 10:13:07 - [TEST_STEP][PASSED] - verifyElementVisible: Object 'Object Repository/Final Object Repo/Page_Update Employee Information By Employer/Page_Update Employee Information by Employer (Approve)/Successfull Message Submitted Successfully' is visible

2018-12-12 10:13:11 - [MESSAGE][PASSED] - Object 'Object Repository/Final Object Repo/Page_Update Employee Information By Employer/Page_Update Employee Information by Employer (Approve)/Successfull Message Submitted Successfully' is visible

2018-12-12 10:13:11 - [TEST_STEP][PASSED] - delay: Delayed 2 second(s)

2018-12-12 10:13:13 - [MESSAGE][PASSED] - Delayed 2 second(s)

2018-12-12 10:13:13 - [TEST_STEP][PASSED] - verifyElementVisible: Object 'Object Repository/Final Object Repo/Page_Update Employee Information By Employer/Page_Update Employee Information by Employer (Approve)/Letter of Successful update' is visible

2018-12-12 10:13:13 - [MESSAGE][PASSED] - Object 'Object Repository/Final Object Repo/Page_Update Employee Information By Employer/Page_Update Employee Information by Employer (Approve)/Letter of Successful update' is visible

2018-12-12 10:13:13 - [MESSAGE][PASSED] - Call Test Case 'Test Cases/Final Aug 2018 - PKS Automation/Registration Module/Workflow/Update Employee Information (Employer)/Template/Update Employee Information - Special Case - UO(Query)' successfully]]></system-out>
         <system-err><![CDATA[]]></system-err>
      </testcase>
      <testcase name="Test Cases/Final Aug 2018 - PKS Automation/Registration Module/Workflow/Update Employee Information (Employer)/OTC - UO (Reject)" classname="Test Cases/Final Aug 2018 - PKS Automation/Registration Module/Workflow/Update Employee Information (Employer)/OTC - UO (Reject)" status="PASSED">
         <system-out><![CDATA[2018-12-12 10:13:13 - [TEST_CASE][PASSED] - Test Cases/Final Aug 2018 - PKS Automation/Registration Module/Workflow/Update Employee Information (Employer)/OTC - UO (Reject): Test Cases/Final Aug 2018 - PKS Automation/Registration Module/Workflow/Update Employee Information (Employer)/OTC - UO (Reject)

2018-12-12 10:13:13 - [TEST_STEP][PASSED] - callTestCase: Call Test Case 'Test Cases/Final Aug 2018 - PKS Automation/Registration Module/Workflow/Update Employee Information (Employer)/Template/Update Employer Information - Special Case (OTC)' successfully

2018-12-12 10:13:13 - [TEST_CASE][PASSED] - Test Cases/Final Aug 2018 - PKS Automation/Registration Module/Workflow/Update Employee Information (Employer)/Template/Update Employer Information - Special Case (OTC): Test Cases/Final Aug 2018 - PKS Automation/Registration Module/Workflow/Update Employee Information (Employer)/Template/Update Employer Information - Special Case (OTC)

2018-12-12 10:13:13 - [TEST_STEP][PASSED] - openBrowser: Browser is opened with url: ''

2018-12-12 10:13:13 - [MESSAGE][WARNING] - A browser is already opened. Closing browser and opening a new one

2018-12-12 10:13:18 - [MESSAGE][PASSED] - Browser is opened with url: ''

2018-12-12 10:13:18 - [TEST_STEP][PASSED] - navigateToUrl: Navigate to 'https://assist2-uat.perkeso.gov.my/login' successfully

2018-12-12 10:13:19 - [MESSAGE][PASSED] - Navigate to 'https://assist2-uat.perkeso.gov.my/login' successfully

2018-12-12 10:13:19 - [TEST_STEP][PASSED] - setText: Text 'johorotc1@gmail.com' is set on object 'Object Repository/Final Object Repo/Login Page/Internal User/Email Address'

2018-12-12 10:13:19 - [MESSAGE][PASSED] - Text 'johorotc1@gmail.com' is set on object 'Object Repository/Final Object Repo/Login Page/Internal User/Email Address'

2018-12-12 10:13:19 - [TEST_STEP][PASSED] - click: Object: 'Object Repository/Final Object Repo/Login Page/Internal User/Next Button' is clicked on

2018-12-12 10:13:19 - [MESSAGE][PASSED] - Object: 'Object Repository/Final Object Repo/Login Page/Internal User/Next Button' is clicked on

2018-12-12 10:13:19 - [TEST_STEP][PASSED] - delay: Delayed 1 second(s)

2018-12-12 10:13:20 - [MESSAGE][PASSED] - Delayed 1 second(s)

2018-12-12 10:13:20 - [TEST_STEP][PASSED] - setEncryptedText: Text ****** has been set on object 'Object Repository/Final Object Repo/Login Page/Internal User/Password'

2018-12-12 10:13:20 - [MESSAGE][PASSED] - Text ****** has been set on object 'Object Repository/Final Object Repo/Login Page/Internal User/Password'

2018-12-12 10:13:20 - [TEST_STEP][PASSED] - click: Object: 'Object Repository/Final Object Repo/Login Page/Internal User/Login Button' is clicked on

2018-12-12 10:13:21 - [MESSAGE][PASSED] - Object: 'Object Repository/Final Object Repo/Login Page/Internal User/Login Button' is clicked on

2018-12-12 10:13:21 - [TEST_STEP][PASSED] - Statement - tester = com.kms.katalon.core.testobject.ObjectRepository.findTestObject(Final Object Repo/Landing Page/Select to English): Finding Test Object with id 'Object Repository/Final Object Repo/Landing Page/Select to English'

2018-12-12 10:13:21 - [TEST_STEP][PASSED] - Statement - Try: Delayed 2 second(s)

2018-12-12 10:13:21 - [TEST_STEP][PASSED] - Statement - Checker = com.kms.katalon.core.webui.keyword.WebUiBuiltInKeywords.verifyElementNotPresent(tester, 3): Web element with id: 'Object Repository/Final Object Repo/Landing Page/Select to English' located by 'By.xpath: //a[@class = 'taglib-language-list-text' and @lang = 'en-US' and (contains(text(), 'EN') or contains(., 'EN'))]' is not present after '3' second(s)

2018-12-12 10:13:23 - [MESSAGE][PASSED] - Web element with id: 'Object Repository/Final Object Repo/Landing Page/Select to English' located by 'By.xpath: //a[@class = 'taglib-language-list-text' and @lang = 'en-US' and (contains(text(), 'EN') or contains(., 'EN'))]' is not present after '3' second(s)

2018-12-12 10:13:23 - [TEST_STEP][PASSED] - Statement - If (Checker == false): null

2018-12-12 10:13:23 - [TEST_STEP][PASSED] - delay: Delayed 2 second(s)

2018-12-12 10:13:25 - [MESSAGE][PASSED] - Delayed 2 second(s)

2018-12-12 10:13:25 - [TEST_STEP][PASSED] - delay: Delayed 5 second(s)

2018-12-12 10:13:30 - [MESSAGE][PASSED] - Delayed 5 second(s)

2018-12-12 10:13:30 - [TEST_STEP][PASSED] - navigateToUrl: Navigate to 'https://assist2-uat.perkeso.gov.my/web/registration/update/update-employee-information-employer-' successfully

2018-12-12 10:13:30 - [MESSAGE][PASSED] - Navigate to 'https://assist2-uat.perkeso.gov.my/web/registration/update/update-employee-information-employer-' successfully

2018-12-12 10:13:30 - [TEST_STEP][PASSED] - setText: Text 'E1102001065V' is set on object 'Object Repository/Final Object Repo/Page_Update Employee Information By Employer/Employer Code'

2018-12-12 10:13:31 - [MESSAGE][PASSED] - Text 'E1102001065V' is set on object 'Object Repository/Final Object Repo/Page_Update Employee Information By Employer/Employer Code'

2018-12-12 10:13:31 - [TEST_STEP][PASSED] - click: Object: 'Object Repository/Final Object Repo/Page_Update Employee Information By Employer/Search Employer Code' is clicked on

2018-12-12 10:13:31 - [MESSAGE][PASSED] - Object: 'Object Repository/Final Object Repo/Page_Update Employee Information By Employer/Search Employer Code' is clicked on

2018-12-12 10:13:31 - [TEST_STEP][PASSED] - click: Object: 'Object Repository/Final Object Repo/Page_Update Employee Information By Employer/Edit Button' is clicked on

2018-12-12 10:13:35 - [MESSAGE][PASSED] - Object: 'Object Repository/Final Object Repo/Page_Update Employee Information By Employer/Edit Button' is clicked on

2018-12-12 10:13:35 - [TEST_STEP][PASSED] - click: Object: 'Object Repository/Final Object Repo/Page_Update Employee Information By Employer/Employee Name or New Identification' is clicked on

2018-12-12 10:13:35 - [MESSAGE][PASSED] - Object: 'Object Repository/Final Object Repo/Page_Update Employee Information By Employer/Employee Name or New Identification' is clicked on

2018-12-12 10:13:35 - [TEST_STEP][PASSED] - delay: Delayed 1 second(s)

2018-12-12 10:13:36 - [MESSAGE][PASSED] - Delayed 1 second(s)

2018-12-12 10:13:36 - [TEST_STEP][PASSED] - click: Object: 'Object Repository/Final Object Repo/Page_Update Employee Information By Employer/Selection - Employee Name' is clicked on

2018-12-12 10:13:36 - [MESSAGE][PASSED] - Object: 'Object Repository/Final Object Repo/Page_Update Employee Information By Employer/Selection - Employee Name' is clicked on

2018-12-12 10:13:36 - [TEST_STEP][PASSED] - delay: Delayed 1 second(s)

2018-12-12 10:13:37 - [MESSAGE][PASSED] - Delayed 1 second(s)

2018-12-12 10:13:37 - [TEST_STEP][PASSED] - setText: Text 'PERKESO' is set on object 'Object Repository/Final Object Repo/Page_Update Employee Information By Employer/Employee Name'

2018-12-12 10:13:37 - [MESSAGE][PASSED] - Text 'PERKESO' is set on object 'Object Repository/Final Object Repo/Page_Update Employee Information By Employer/Employee Name'

2018-12-12 10:13:37 - [TEST_STEP][PASSED] - delay: Delayed 2 second(s)

2018-12-12 10:13:39 - [MESSAGE][PASSED] - Delayed 2 second(s)

2018-12-12 10:13:39 - [TEST_STEP][PASSED] - click: Object: 'Object Repository/Final Object Repo/Page_Update Employee Information By Employer/Search Employee' is clicked on

2018-12-12 10:13:40 - [MESSAGE][PASSED] - Object: 'Object Repository/Final Object Repo/Page_Update Employee Information By Employer/Search Employee' is clicked on

2018-12-12 10:13:40 - [TEST_STEP][PASSED] - delay: Delayed 3 second(s)

2018-12-12 10:13:43 - [MESSAGE][PASSED] - Delayed 3 second(s)

2018-12-12 10:13:43 - [TEST_STEP][PASSED] - click: Object: 'Object Repository/Final Object Repo/Page_Update Employee Information By Employer/Employee Edit Button' is clicked on

2018-12-12 10:13:43 - [MESSAGE][PASSED] - Object: 'Object Repository/Final Object Repo/Page_Update Employee Information By Employer/Employee Edit Button' is clicked on

2018-12-12 10:13:43 - [TEST_STEP][PASSED] - delay: Delayed 3 second(s)

2018-12-12 10:13:46 - [MESSAGE][PASSED] - Delayed 3 second(s)

2018-12-12 10:13:46 - [TEST_STEP][PASSED] - setText: Text '' is set on object 'Object Repository/Final Object Repo/Page_Update Employee Information By Employer/Identification Number'

2018-12-12 10:13:46 - [MESSAGE][PASSED] - Text '' is set on object 'Object Repository/Final Object Repo/Page_Update Employee Information By Employer/Identification Number'

2018-12-12 10:13:46 - [TEST_STEP][PASSED] - Statement - rnd = new java.util.Random(): null

2018-12-12 10:13:46 - [TEST_STEP][PASSED] - Statement - snum = rnd.nextInt(899999 + 1) + 100000: null

2018-12-12 10:13:46 - [TEST_STEP][PASSED] - Statement - tnum = rnd.nextInt(899999 + 1) + 100000: null

2018-12-12 10:13:46 - [TEST_STEP][PASSED] - Statement - IC = java.lang.Integer.toString(snum) + java.lang.Integer.toString(tnum): null

2018-12-12 10:13:46 - [TEST_STEP][PASSED] - Statement - out.println(IC): null

2018-12-12 10:13:46 - [TEST_STEP][PASSED] - setText: Text '945299537227' is set on object 'Object Repository/Final Object Repo/Page_Update Employee Information By Employer/Identification Number'

2018-12-12 10:13:46 - [MESSAGE][PASSED] - Text '945299537227' is set on object 'Object Repository/Final Object Repo/Page_Update Employee Information By Employer/Identification Number'

2018-12-12 10:13:46 - [TEST_STEP][PASSED] - click: Object: 'Object Repository/Final Object Repo/Page_Update Employee Information By Employer/Save' is clicked on

2018-12-12 10:13:47 - [MESSAGE][PASSED] - Object: 'Object Repository/Final Object Repo/Page_Update Employee Information By Employer/Save' is clicked on

2018-12-12 10:13:47 - [TEST_STEP][PASSED] - delay: Delayed 5 second(s)

2018-12-12 10:13:52 - [MESSAGE][PASSED] - Delayed 5 second(s)

2018-12-12 10:13:52 - [TEST_STEP][PASSED] - Statement - CaseReferenceNo = com.kms.katalon.core.webui.keyword.WebUiBuiltInKeywords.getText(com.kms.katalon.core.testobject.ObjectRepository.findTestObject(Final Object Repo/Reference Number/Reference Number in Update Employee Information Page)): Text of object 'Object Repository/Final Object Repo/Reference Number/Reference Number in Update Employee Information Page' is: 'CUN122018C100005973'

2018-12-12 10:13:52 - [MESSAGE][PASSED] - Text of object 'Object Repository/Final Object Repo/Reference Number/Reference Number in Update Employee Information Page' is: 'CUN122018C100005973'

2018-12-12 10:13:52 - [TEST_STEP][PASSED] - callTestCase: Call Test Case 'Test Cases/Final Aug 2018 - PKS Automation/Common/Reference Number Setter' successfully

2018-12-12 10:13:52 - [TEST_CASE][PASSED] - Test Cases/Final Aug 2018 - PKS Automation/Common/Reference Number Setter: Test Cases/Final Aug 2018 - PKS Automation/Common/Reference Number Setter

2018-12-12 10:13:52 - [TEST_STEP][PASSED] - Statement - RefNoOldFile = new java.io.File(C://Users//Admin//Desktop//PKS//Automation Reference Point//KatalonReference.txt): null

2018-12-12 10:13:52 - [TEST_STEP][PASSED] - Statement - RefNoOldFile.delete(): null

2018-12-12 10:13:52 - [TEST_STEP][PASSED] - delay: Delayed 5 second(s)

2018-12-12 10:13:57 - [MESSAGE][PASSED] - Delayed 5 second(s)

2018-12-12 10:13:57 - [TEST_STEP][PASSED] - Statement - RefNo = new java.io.File(C://Users//Admin//Desktop//PKS//Automation Reference Point//KatalonReference.txt): null

2018-12-12 10:13:57 - [TEST_STEP][PASSED] - Statement - f2 = new java.io.FileWriter(RefNo, false): null

2018-12-12 10:13:57 - [TEST_STEP][PASSED] - Statement - f2.write(CaseReferenceNo): null

2018-12-12 10:13:57 - [TEST_STEP][PASSED] - Statement - f2.close(): null

2018-12-12 10:13:57 - [TEST_STEP][PASSED] - Statement - out.println("


" + CaseReferenceNo + "


"): null

2018-12-12 10:13:57 - [MESSAGE][PASSED] - Call Test Case 'Test Cases/Final Aug 2018 - PKS Automation/Common/Reference Number Setter' successfully

2018-12-12 10:13:57 - [TEST_STEP][PASSED] - delay: Delayed 5 second(s)

2018-12-12 10:14:02 - [MESSAGE][PASSED] - Delayed 5 second(s)

2018-12-12 10:14:02 - [TEST_STEP][PASSED] - click: Object: 'Object Repository/Final Object Repo/Page_Update Employee Information By Employer/Save  Continue in  Employee Information Page' is clicked on

2018-12-12 10:14:02 - [MESSAGE][PASSED] - Object: 'Object Repository/Final Object Repo/Page_Update Employee Information By Employer/Save  Continue in  Employee Information Page' is clicked on

2018-12-12 10:14:02 - [TEST_STEP][PASSED] - delay: Delayed 5 second(s)

2018-12-12 10:14:07 - [MESSAGE][PASSED] - Delayed 5 second(s)

2018-12-12 10:14:07 - [TEST_STEP][PASSED] - click: Object: 'Object Repository/Final Object Repo/Page_Update Employee Information By Employer/Save  Continue in Uploading Page 1' is clicked on

2018-12-12 10:14:07 - [MESSAGE][PASSED] - Object: 'Object Repository/Final Object Repo/Page_Update Employee Information By Employer/Save  Continue in Uploading Page 1' is clicked on

2018-12-12 10:14:07 - [TEST_STEP][PASSED] - delay: Delayed 5 second(s)

2018-12-12 10:14:12 - [MESSAGE][PASSED] - Delayed 5 second(s)

2018-12-12 10:14:12 - [TEST_STEP][PASSED] - click: Object: 'Object Repository/Final Object Repo/Page_Update Employee Information By Employer/Submit' is clicked on

2018-12-12 10:14:12 - [MESSAGE][PASSED] - Object: 'Object Repository/Final Object Repo/Page_Update Employee Information By Employer/Submit' is clicked on

2018-12-12 10:14:12 - [TEST_STEP][PASSED] - delay: Delayed 5 second(s)

2018-12-12 10:14:17 - [MESSAGE][PASSED] - Delayed 5 second(s)

2018-12-12 10:14:17 - [TEST_STEP][PASSED] - click: Object: 'Object Repository/Final Object Repo/Page_Update Employee Information By Employer/Confirm' is clicked on

2018-12-12 10:14:18 - [MESSAGE][PASSED] - Object: 'Object Repository/Final Object Repo/Page_Update Employee Information By Employer/Confirm' is clicked on

2018-12-12 10:14:18 - [TEST_STEP][PASSED] - delay: Delayed 5 second(s)

2018-12-12 10:14:23 - [MESSAGE][PASSED] - Delayed 5 second(s)

2018-12-12 10:14:23 - [TEST_STEP][PASSED] - verifyElementVisible: Object 'Object Repository/Final Object Repo/Page_Update Employee Information By Employer/Successfull Message Routed to UO' is visible

2018-12-12 10:14:23 - [MESSAGE][PASSED] - Object 'Object Repository/Final Object Repo/Page_Update Employee Information By Employer/Successfull Message Routed to UO' is visible

2018-12-12 10:14:23 - [MESSAGE][PASSED] - Call Test Case 'Test Cases/Final Aug 2018 - PKS Automation/Registration Module/Workflow/Update Employee Information (Employer)/Template/Update Employer Information - Special Case (OTC)' successfully

2018-12-12 10:14:23 - [TEST_STEP][PASSED] - callTestCase: Call Test Case 'Test Cases/Final Aug 2018 - PKS Automation/Registration Module/Workflow/Update Employee Information (Employer)/Template/Update Employee Information - Special Case - UO (Reject)' successfully

2018-12-12 10:14:23 - [TEST_CASE][PASSED] - Test Cases/Final Aug 2018 - PKS Automation/Registration Module/Workflow/Update Employee Information (Employer)/Template/Update Employee Information - Special Case - UO (Reject): Test Cases/Final Aug 2018 - PKS Automation/Registration Module/Workflow/Update Employee Information (Employer)/Template/Update Employee Information - Special Case - UO (Reject)

2018-12-12 10:14:23 - [TEST_STEP][NOT_RUN] - callTestCase: NOT_RUN: callTestCase

2018-12-12 10:14:23 - [MESSAGE][NOT_RUN] - NOT_RUN: callTestCase

2018-12-12 10:14:23 - [TEST_STEP][PASSED] - delay: Delayed 2 second(s)

2018-12-12 10:14:25 - [MESSAGE][PASSED] - Delayed 2 second(s)

2018-12-12 10:14:25 - [TEST_STEP][PASSED] - navigateToUrl: Navigate to 'https://assist2-uat.perkeso.gov.my/c/portal/logout' successfully

2018-12-12 10:14:26 - [MESSAGE][PASSED] - Navigate to 'https://assist2-uat.perkeso.gov.my/c/portal/logout' successfully

2018-12-12 10:14:26 - [TEST_STEP][PASSED] - delay: Delayed 2 second(s)

2018-12-12 10:14:28 - [MESSAGE][PASSED] - Delayed 2 second(s)

2018-12-12 10:14:28 - [TEST_STEP][PASSED] - callTestCase: Call Test Case 'Test Cases/Final Aug 2018 - PKS Automation/Common/Reference Number Getter' successfully

2018-12-12 10:14:28 - [TEST_CASE][PASSED] - Test Cases/Final Aug 2018 - PKS Automation/Common/Reference Number Getter: Test Cases/Final Aug 2018 - PKS Automation/Common/Reference Number Getter

2018-12-12 10:14:28 - [TEST_STEP][PASSED] - Statement - Try: null

2018-12-12 10:14:28 - [TEST_STEP][PASSED] - Statement - RefNo = new java.io.File(C://Users//Admin//Desktop//PKS//Automation Reference Point//KatalonReference.txt): null

2018-12-12 10:14:28 - [TEST_STEP][PASSED] - Statement - bufferread = new java.io.BufferedReader(new java.io.FileReader(RefNo)): null

2018-12-12 10:14:28 - [TEST_STEP][PASSED] - Statement - readedVal = bufferread.readLine(): null

2018-12-12 10:14:28 - [TEST_STEP][PASSED] - Statement - out.println(CaseReferenceNo): null

2018-12-12 10:14:28 - [TEST_STEP][PASSED] - Statement - out.println(readedVal): null

2018-12-12 10:14:28 - [TEST_STEP][PASSED] - Statement - CaseReferenceNo = "": null

2018-12-12 10:14:28 - [TEST_STEP][PASSED] - Statement - CaseReferenceNo = readedVal: null

2018-12-12 10:14:28 - [MESSAGE][PASSED] - Call Test Case 'Test Cases/Final Aug 2018 - PKS Automation/Common/Reference Number Getter' successfully

2018-12-12 10:14:28 - [TEST_STEP][PASSED] - callTestCase: Call Test Case 'Test Cases/Final Aug 2018 - PKS Automation/Common/Workflow Owner Finder' successfully

2018-12-12 10:14:28 - [TEST_CASE][PASSED] - Test Cases/Final Aug 2018 - PKS Automation/Common/Workflow Owner Finder: Test Cases/Final Aug 2018 - PKS Automation/Common/Workflow Owner Finder

2018-12-12 10:14:28 - [TEST_STEP][PASSED] - openBrowser: Browser is opened with url: ''

2018-12-12 10:14:28 - [MESSAGE][WARNING] - A browser is already opened. Closing browser and opening a new one

2018-12-12 10:14:32 - [MESSAGE][PASSED] - Browser is opened with url: ''

2018-12-12 10:14:32 - [TEST_STEP][PASSED] - navigateToUrl: Navigate to 'https://assist2-uat.perkeso.gov.my/login' successfully

2018-12-12 10:14:33 - [MESSAGE][PASSED] - Navigate to 'https://assist2-uat.perkeso.gov.my/login' successfully

2018-12-12 10:14:33 - [TEST_STEP][PASSED] - delay: Delayed 5 second(s)

2018-12-12 10:14:38 - [MESSAGE][PASSED] - Delayed 5 second(s)

2018-12-12 10:14:38 - [TEST_STEP][PASSED] - setText: Text 'test@liferay.com' is set on object 'Object Repository/Final Object Repo/Login Page/Internal User/Email Address'

2018-12-12 10:14:39 - [MESSAGE][PASSED] - Text 'test@liferay.com' is set on object 'Object Repository/Final Object Repo/Login Page/Internal User/Email Address'

2018-12-12 10:14:39 - [TEST_STEP][PASSED] - click: Object: 'Object Repository/Final Object Repo/Login Page/Internal User/Next Button' is clicked on

2018-12-12 10:14:39 - [MESSAGE][PASSED] - Object: 'Object Repository/Final Object Repo/Login Page/Internal User/Next Button' is clicked on

2018-12-12 10:14:39 - [TEST_STEP][PASSED] - delay: Delayed 2 second(s)

2018-12-12 10:14:41 - [MESSAGE][PASSED] - Delayed 2 second(s)

2018-12-12 10:14:41 - [TEST_STEP][PASSED] - setText: Text 'test' is set on object 'Object Repository/Final Object Repo/Login Page/Internal User/Password'

2018-12-12 10:14:41 - [MESSAGE][PASSED] - Text 'test' is set on object 'Object Repository/Final Object Repo/Login Page/Internal User/Password'

2018-12-12 10:14:41 - [TEST_STEP][PASSED] - delay: Delayed 2 second(s)

2018-12-12 10:14:43 - [MESSAGE][PASSED] - Delayed 2 second(s)

2018-12-12 10:14:43 - [TEST_STEP][PASSED] - click: Object: 'Object Repository/Final Object Repo/Login Page/Internal User/Login Button' is clicked on

2018-12-12 10:14:43 - [MESSAGE][PASSED] - Object: 'Object Repository/Final Object Repo/Login Page/Internal User/Login Button' is clicked on

2018-12-12 10:14:43 - [TEST_STEP][PASSED] - Statement - tester = com.kms.katalon.core.testobject.ObjectRepository.findTestObject(Final Object Repo/Landing Page/Select to English): Finding Test Object with id 'Object Repository/Final Object Repo/Landing Page/Select to English'

2018-12-12 10:14:43 - [TEST_STEP][PASSED] - Statement - Try: Delayed 2 second(s)

2018-12-12 10:14:43 - [TEST_STEP][PASSED] - Statement - Checker = com.kms.katalon.core.webui.keyword.WebUiBuiltInKeywords.verifyElementNotPresent(tester, 3): Web element with id: 'Object Repository/Final Object Repo/Landing Page/Select to English' located by 'By.xpath: //a[@class = 'taglib-language-list-text' and @lang = 'en-US' and (contains(text(), 'EN') or contains(., 'EN'))]' is not present after '3' second(s)

2018-12-12 10:14:45 - [MESSAGE][PASSED] - Web element with id: 'Object Repository/Final Object Repo/Landing Page/Select to English' located by 'By.xpath: //a[@class = 'taglib-language-list-text' and @lang = 'en-US' and (contains(text(), 'EN') or contains(., 'EN'))]' is not present after '3' second(s)

2018-12-12 10:14:45 - [TEST_STEP][PASSED] - Statement - If (Checker == false): null

2018-12-12 10:14:45 - [TEST_STEP][PASSED] - delay: Delayed 2 second(s)

2018-12-12 10:14:47 - [MESSAGE][PASSED] - Delayed 2 second(s)

2018-12-12 10:14:47 - [TEST_STEP][PASSED] - delay: Delayed 5 second(s)

2018-12-12 10:14:52 - [MESSAGE][PASSED] - Delayed 5 second(s)

2018-12-12 10:14:52 - [TEST_STEP][PASSED] - mouseOver: Object: 'Object Repository/Final Object Repo/Landing Page/WorkFlow Menu' is hovered

2018-12-12 10:14:52 - [MESSAGE][PASSED] - Object: 'Object Repository/Final Object Repo/Landing Page/WorkFlow Menu' is hovered

2018-12-12 10:14:52 - [TEST_STEP][PASSED] - delay: Delayed 2 second(s)

2018-12-12 10:14:54 - [MESSAGE][PASSED] - Delayed 2 second(s)

2018-12-12 10:14:54 - [TEST_STEP][PASSED] - click: Object: 'Object Repository/Final Object Repo/Landing Page/Select to Workflow Listing' is clicked on

2018-12-12 10:14:55 - [MESSAGE][PASSED] - Object: 'Object Repository/Final Object Repo/Landing Page/Select to Workflow Listing' is clicked on

2018-12-12 10:14:55 - [TEST_STEP][PASSED] - delay: Delayed 2 second(s)

2018-12-12 10:14:57 - [MESSAGE][PASSED] - Delayed 2 second(s)

2018-12-12 10:14:57 - [TEST_STEP][PASSED] - click: Object: 'Object Repository/Final Object Repo/WorkFlow Listing Page/Search Information - To Put Ref No' is clicked on

2018-12-12 10:14:57 - [MESSAGE][PASSED] - Object: 'Object Repository/Final Object Repo/WorkFlow Listing Page/Search Information - To Put Ref No' is clicked on

2018-12-12 10:14:57 - [TEST_STEP][PASSED] - delay: Delayed 2 second(s)

2018-12-12 10:14:59 - [MESSAGE][PASSED] - Delayed 2 second(s)

2018-12-12 10:14:59 - [TEST_STEP][PASSED] - callTestCase: Call Test Case 'Test Cases/Final Aug 2018 - PKS Automation/Common/Reference Number Getter' successfully

2018-12-12 10:14:59 - [TEST_CASE][PASSED] - Test Cases/Final Aug 2018 - PKS Automation/Common/Reference Number Getter: Test Cases/Final Aug 2018 - PKS Automation/Common/Reference Number Getter

2018-12-12 10:14:59 - [TEST_STEP][PASSED] - Statement - Try: null

2018-12-12 10:14:59 - [TEST_STEP][PASSED] - Statement - RefNo = new java.io.File(C://Users//Admin//Desktop//PKS//Automation Reference Point//KatalonReference.txt): null

2018-12-12 10:14:59 - [TEST_STEP][PASSED] - Statement - bufferread = new java.io.BufferedReader(new java.io.FileReader(RefNo)): null

2018-12-12 10:14:59 - [TEST_STEP][PASSED] - Statement - readedVal = bufferread.readLine(): null

2018-12-12 10:14:59 - [TEST_STEP][PASSED] - Statement - out.println(CaseReferenceNo): null

2018-12-12 10:14:59 - [TEST_STEP][PASSED] - Statement - out.println(readedVal): null

2018-12-12 10:14:59 - [TEST_STEP][PASSED] - Statement - CaseReferenceNo = "": null

2018-12-12 10:14:59 - [TEST_STEP][PASSED] - Statement - CaseReferenceNo = readedVal: null

2018-12-12 10:14:59 - [MESSAGE][PASSED] - Call Test Case 'Test Cases/Final Aug 2018 - PKS Automation/Common/Reference Number Getter' successfully

2018-12-12 10:14:59 - [TEST_STEP][PASSED] - setText: Text 'CUN122018C100005973' is set on object 'Object Repository/Final Object Repo/WorkFlow Listing Page/Ref No Set Text'

2018-12-12 10:15:00 - [MESSAGE][PASSED] - Text 'CUN122018C100005973' is set on object 'Object Repository/Final Object Repo/WorkFlow Listing Page/Ref No Set Text'

2018-12-12 10:15:00 - [TEST_STEP][PASSED] - delay: Delayed 2 second(s)

2018-12-12 10:15:02 - [MESSAGE][PASSED] - Delayed 2 second(s)

2018-12-12 10:15:02 - [TEST_STEP][PASSED] - click: Object: 'Object Repository/Final Object Repo/WorkFlow Listing Page/Search Ref No Search Button' is clicked on

2018-12-12 10:15:02 - [MESSAGE][PASSED] - Object: 'Object Repository/Final Object Repo/WorkFlow Listing Page/Search Ref No Search Button' is clicked on

2018-12-12 10:15:02 - [TEST_STEP][PASSED] - delay: Delayed 6 second(s)

2018-12-12 10:15:08 - [MESSAGE][PASSED] - Delayed 6 second(s)

2018-12-12 10:15:08 - [TEST_STEP][PASSED] - click: Object: 'Object Repository/Final Object Repo/WorkFlow Listing Page/Click Continue Tooltip' is clicked on

2018-12-12 10:15:09 - [MESSAGE][PASSED] - Object: 'Object Repository/Final Object Repo/WorkFlow Listing Page/Click Continue Tooltip' is clicked on

2018-12-12 10:15:09 - [TEST_STEP][PASSED] - delay: Delayed 5 second(s)

2018-12-12 10:15:14 - [MESSAGE][PASSED] - Delayed 5 second(s)

2018-12-12 10:15:14 - [TEST_STEP][PASSED] - doubleClick: Object: 'Object Repository/Final Object Repo/WorkFlow Listing Page/Workflow Found - Listing 1' is double clicked on

2018-12-12 10:15:14 - [MESSAGE][PASSED] - Object: 'Object Repository/Final Object Repo/WorkFlow Listing Page/Workflow Found - Listing 1' is double clicked on

2018-12-12 10:15:14 - [TEST_STEP][PASSED] - Statement - println(OwnerID): null

2018-12-12 10:15:14 - [TEST_STEP][PASSED] - Statement - OwnerID = com.kms.katalon.core.webui.keyword.WebUiBuiltInKeywords.getText(com.kms.katalon.core.testobject.ObjectRepository.findTestObject(Final Object Repo/WorkFlow Listing Page/Workflow Found - Listing 1), STOP_ON_FAILURE): Text of object 'Object Repository/Final Object Repo/WorkFlow Listing Page/Workflow Found - Listing 1' is: 'JOHORuo2'

2018-12-12 10:15:14 - [MESSAGE][PASSED] - Text of object 'Object Repository/Final Object Repo/WorkFlow Listing Page/Workflow Found - Listing 1' is: 'JOHORuo2'

2018-12-12 10:15:14 - [TEST_STEP][PASSED] - Statement - OwnerID = OwnerID.toLowerCase() + "@gmail.com": null

2018-12-12 10:15:14 - [TEST_STEP][PASSED] - Statement - println(OwnerID): null

2018-12-12 10:15:14 - [TEST_STEP][PASSED] - delay: Delayed 2 second(s)

2018-12-12 10:15:16 - [MESSAGE][PASSED] - Delayed 2 second(s)

2018-12-12 10:15:16 - [MESSAGE][PASSED] - Call Test Case 'Test Cases/Final Aug 2018 - PKS Automation/Common/Workflow Owner Finder' successfully

2018-12-12 10:15:16 - [TEST_STEP][PASSED] - delay: Delayed 2 second(s)

2018-12-12 10:15:18 - [MESSAGE][PASSED] - Delayed 2 second(s)

2018-12-12 10:15:18 - [TEST_STEP][PASSED] - navigateToUrl: Navigate to 'https://assist2-uat.perkeso.gov.my/c/portal/logout' successfully

2018-12-12 10:15:19 - [MESSAGE][PASSED] - Navigate to 'https://assist2-uat.perkeso.gov.my/c/portal/logout' successfully

2018-12-12 10:15:19 - [TEST_STEP][PASSED] - delay: Delayed 2 second(s)

2018-12-12 10:15:21 - [MESSAGE][PASSED] - Delayed 2 second(s)

2018-12-12 10:15:21 - [TEST_STEP][PASSED] - callTestCase: Call Test Case 'Test Cases/Final Aug 2018 - PKS Automation/Registration Module/Workflow/Login and Search Case For Workflow' successfully

2018-12-12 10:15:21 - [TEST_CASE][PASSED] - Test Cases/Final Aug 2018 - PKS Automation/Registration Module/Workflow/Login and Search Case For Workflow: Test Cases/Final Aug 2018 - PKS Automation/Registration Module/Workflow/Login and Search Case For Workflow

2018-12-12 10:15:21 - [TEST_STEP][PASSED] - navigateToUrl: Navigate to 'https://assist2-uat.perkeso.gov.my/login' successfully

2018-12-12 10:15:22 - [MESSAGE][PASSED] - Navigate to 'https://assist2-uat.perkeso.gov.my/login' successfully

2018-12-12 10:15:22 - [TEST_STEP][PASSED] - setText: Text 'johoruo2@gmail.com' is set on object 'Object Repository/Final Object Repo/Login Page/Internal User/Email Address'

2018-12-12 10:15:22 - [MESSAGE][PASSED] - Text 'johoruo2@gmail.com' is set on object 'Object Repository/Final Object Repo/Login Page/Internal User/Email Address'

2018-12-12 10:15:22 - [TEST_STEP][PASSED] - click: Object: 'Object Repository/Final Object Repo/Login Page/Internal User/Next Button' is clicked on

2018-12-12 10:15:22 - [MESSAGE][PASSED] - Object: 'Object Repository/Final Object Repo/Login Page/Internal User/Next Button' is clicked on

2018-12-12 10:15:22 - [TEST_STEP][PASSED] - delay: Delayed 1 second(s)

2018-12-12 10:15:23 - [MESSAGE][PASSED] - Delayed 1 second(s)

2018-12-12 10:15:23 - [TEST_STEP][PASSED] - setEncryptedText: Text ****** has been set on object 'Object Repository/Final Object Repo/Login Page/Internal User/Password'

2018-12-12 10:15:23 - [MESSAGE][PASSED] - Text ****** has been set on object 'Object Repository/Final Object Repo/Login Page/Internal User/Password'

2018-12-12 10:15:23 - [TEST_STEP][PASSED] - click: Object: 'Object Repository/Final Object Repo/Login Page/Internal User/Login Button' is clicked on

2018-12-12 10:15:24 - [MESSAGE][PASSED] - Object: 'Object Repository/Final Object Repo/Login Page/Internal User/Login Button' is clicked on

2018-12-12 10:15:24 - [TEST_STEP][PASSED] - delay: Delayed 2 second(s)

2018-12-12 10:15:26 - [MESSAGE][PASSED] - Delayed 2 second(s)

2018-12-12 10:15:26 - [TEST_STEP][PASSED] - Statement - Try: Delayed 2 second(s)

2018-12-12 10:15:26 - [TEST_STEP][PASSED] - Statement - Checker = false: null

2018-12-12 10:15:26 - [TEST_STEP][PASSED] - Statement - Checker = com.kms.katalon.core.webui.keyword.WebUiBuiltInKeywords.verifyElementHasAttribute(com.kms.katalon.core.testobject.ObjectRepository.findTestObject(Final Object Repo/Landing Page/BM Detecting), "href", 20, OPTIONAL): Object 'Object Repository/Final Object Repo/Landing Page/BM Detecting' has attribute 'href'

2018-12-12 10:15:26 - [MESSAGE][PASSED] - Object 'Object Repository/Final Object Repo/Landing Page/BM Detecting' has attribute 'href'

2018-12-12 10:15:26 - [TEST_STEP][PASSED] - Statement - out.println(Checker): null

2018-12-12 10:15:26 - [TEST_STEP][PASSED] - Statement - If (Checker == false): null

2018-12-12 10:15:26 - [TEST_STEP][PASSED] - Statement - Else: null

2018-12-12 10:15:26 - [TEST_STEP][PASSED] - delay: Delayed 2 second(s)

2018-12-12 10:15:28 - [MESSAGE][PASSED] - Delayed 2 second(s)

2018-12-12 10:15:28 - [TEST_STEP][PASSED] - click: Object: 'Object Repository/Final Object Repo/Page_MyASSIST - ASSIST - Search Pending Case For Add Supporting Document/Search Information' is clicked on

2018-12-12 10:15:28 - [MESSAGE][PASSED] - Object: 'Object Repository/Final Object Repo/Page_MyASSIST - ASSIST - Search Pending Case For Add Supporting Document/Search Information' is clicked on

2018-12-12 10:15:28 - [TEST_STEP][PASSED] - delay: Delayed 3 second(s)

2018-12-12 10:15:31 - [MESSAGE][PASSED] - Delayed 3 second(s)

2018-12-12 10:15:31 - [TEST_STEP][PASSED] - sendKeys: Keys 'CUN122018C100005973' sent to object: 'Object Repository/Final Object Repo/Page_MyASSIST - ASSIST - Search Pending Case For Add Supporting Document/Reference No'

2018-12-12 10:15:31 - [MESSAGE][PASSED] - Keys 'CUN122018C100005973' sent to object: 'Object Repository/Final Object Repo/Page_MyASSIST - ASSIST - Search Pending Case For Add Supporting Document/Reference No'

2018-12-12 10:15:31 - [TEST_STEP][PASSED] - click: Object: 'Object Repository/Final Object Repo/Page_MyASSIST - ASSIST - Search Pending Case For Add Supporting Document/Search Reference No' is clicked on

2018-12-12 10:15:31 - [MESSAGE][PASSED] - Object: 'Object Repository/Final Object Repo/Page_MyASSIST - ASSIST - Search Pending Case For Add Supporting Document/Search Reference No' is clicked on

2018-12-12 10:15:31 - [TEST_STEP][PASSED] - delay: Delayed 2 second(s)

2018-12-12 10:15:33 - [MESSAGE][PASSED] - Delayed 2 second(s)

2018-12-12 10:15:33 - [TEST_STEP][PASSED] - click: Object: 'Object Repository/Final Object Repo/Page_MyASSIST - ASSIST - Search Pending Case For Add Supporting Document/Continue' is clicked on

2018-12-12 10:15:37 - [MESSAGE][PASSED] - Object: 'Object Repository/Final Object Repo/Page_MyASSIST - ASSIST - Search Pending Case For Add Supporting Document/Continue' is clicked on

2018-12-12 10:15:37 - [TEST_STEP][PASSED] - delay: Delayed 20 second(s)

2018-12-12 10:15:57 - [MESSAGE][PASSED] - Delayed 20 second(s)

2018-12-12 10:15:57 - [MESSAGE][PASSED] - Call Test Case 'Test Cases/Final Aug 2018 - PKS Automation/Registration Module/Workflow/Login and Search Case For Workflow' successfully

2018-12-12 10:15:57 - [TEST_STEP][PASSED] - delay: Delayed 2 second(s)

2018-12-12 10:15:59 - [MESSAGE][PASSED] - Delayed 2 second(s)

2018-12-12 10:15:59 - [TEST_STEP][PASSED] - click: Object: 'Object Repository/Final Object Repo/Page_Update Employee Information By Employer/Page_Update Employee Information by Employer (Approve)/Continue' is clicked on

2018-12-12 10:16:02 - [MESSAGE][PASSED] - Object: 'Object Repository/Final Object Repo/Page_Update Employee Information By Employer/Page_Update Employee Information by Employer (Approve)/Continue' is clicked on

2018-12-12 10:16:02 - [TEST_STEP][PASSED] - delay: Delayed 2 second(s)

2018-12-12 10:16:04 - [MESSAGE][PASSED] - Delayed 2 second(s)

2018-12-12 10:16:04 - [TEST_STEP][PASSED] - click: Object: 'Object Repository/Final Object Repo/Page_Update Employee Information By Employer/Page_Update Employee Information by Employer (Approve)/Save  Continue in Update Employee Information Page' is clicked on

2018-12-12 10:16:05 - [MESSAGE][PASSED] - Object: 'Object Repository/Final Object Repo/Page_Update Employee Information By Employer/Page_Update Employee Information by Employer (Approve)/Save  Continue in Update Employee Information Page' is clicked on

2018-12-12 10:16:05 - [TEST_STEP][PASSED] - delay: Delayed 4 second(s)

2018-12-12 10:16:09 - [MESSAGE][PASSED] - Delayed 4 second(s)

2018-12-12 10:16:09 - [TEST_STEP][PASSED] - click: Object: 'Object Repository/Final Object Repo/Page_Update Employee Information By Employer/Page_Update Employee Information by Employer (Approve)/Save  Continue in Upload Supporting Doucument Page' is clicked on

2018-12-12 10:16:09 - [MESSAGE][PASSED] - Object: 'Object Repository/Final Object Repo/Page_Update Employee Information By Employer/Page_Update Employee Information by Employer (Approve)/Save  Continue in Upload Supporting Doucument Page' is clicked on

2018-12-12 10:16:09 - [TEST_STEP][PASSED] - delay: Delayed 2 second(s)

2018-12-12 10:16:11 - [MESSAGE][PASSED] - Delayed 2 second(s)

2018-12-12 10:16:11 - [TEST_STEP][PASSED] - click: Object: 'Object Repository/Final Object Repo/Page_Update Employee Information By Employer/Page_Update Employee Information by Employer (Reject)/Reject' is clicked on

2018-12-12 10:16:12 - [MESSAGE][PASSED] - Object: 'Object Repository/Final Object Repo/Page_Update Employee Information By Employer/Page_Update Employee Information by Employer (Reject)/Reject' is clicked on

2018-12-12 10:16:12 - [TEST_STEP][PASSED] - delay: Delayed 2 second(s)

2018-12-12 10:16:14 - [MESSAGE][PASSED] - Delayed 2 second(s)

2018-12-12 10:16:14 - [TEST_STEP][PASSED] - click: Object: 'Object Repository/Final Object Repo/Page_Update Employee Information By Employer/Page_Update Employee Information by Employer (Approve)/Confirm' is clicked on

2018-12-12 10:16:14 - [MESSAGE][PASSED] - Object: 'Object Repository/Final Object Repo/Page_Update Employee Information By Employer/Page_Update Employee Information by Employer (Approve)/Confirm' is clicked on

2018-12-12 10:16:14 - [TEST_STEP][PASSED] - delay: Delayed 2 second(s)

2018-12-12 10:16:16 - [MESSAGE][PASSED] - Delayed 2 second(s)

2018-12-12 10:16:16 - [TEST_STEP][PASSED] - verifyElementVisible: Object 'Object Repository/Final Object Repo/Page_Update Employee Information By Employer/Page_Update Employee Information by Employer (Reject)/Rejected Messeage This Case has been Rejecte' is visible

2018-12-12 10:16:20 - [MESSAGE][PASSED] - Object 'Object Repository/Final Object Repo/Page_Update Employee Information By Employer/Page_Update Employee Information by Employer (Reject)/Rejected Messeage This Case has been Rejecte' is visible

2018-12-12 10:16:20 - [TEST_STEP][PASSED] - delay: Delayed 2 second(s)

2018-12-12 10:16:22 - [MESSAGE][PASSED] - Delayed 2 second(s)

2018-12-12 10:16:22 - [TEST_STEP][PASSED] - verifyElementVisible: Object 'Object Repository/Final Object Repo/Page_Update Employee Information By Employer/Page_Update Employee Information by Employer (Reject)/Letter of update rejection' is visible

2018-12-12 10:16:22 - [MESSAGE][PASSED] - Object 'Object Repository/Final Object Repo/Page_Update Employee Information By Employer/Page_Update Employee Information by Employer (Reject)/Letter of update rejection' is visible

2018-12-12 10:16:22 - [MESSAGE][PASSED] - Call Test Case 'Test Cases/Final Aug 2018 - PKS Automation/Registration Module/Workflow/Update Employee Information (Employer)/Template/Update Employee Information - Special Case - UO (Reject)' successfully]]></system-out>
         <system-err><![CDATA[]]></system-err>
      </testcase>
      <testcase name="Test Cases/Final Aug 2018 - PKS Automation/Registration Module/Workflow/Update Employee Information (Employer)/OTC - UO (Under enforcement)" classname="Test Cases/Final Aug 2018 - PKS Automation/Registration Module/Workflow/Update Employee Information (Employer)/OTC - UO (Under enforcement)" status="PASSED">
         <system-out><![CDATA[2018-12-12 10:16:22 - [TEST_CASE][PASSED] - Test Cases/Final Aug 2018 - PKS Automation/Registration Module/Workflow/Update Employee Information (Employer)/OTC - UO (Under enforcement): Test Cases/Final Aug 2018 - PKS Automation/Registration Module/Workflow/Update Employee Information (Employer)/OTC - UO (Under enforcement)

2018-12-12 10:16:22 - [TEST_STEP][PASSED] - callTestCase: Call Test Case 'Test Cases/Final Aug 2018 - PKS Automation/Registration Module/Workflow/Update Employee Information (Employer)/Template/Update Employer Information - Special Case (OTC)' successfully

2018-12-12 10:16:22 - [TEST_CASE][PASSED] - Test Cases/Final Aug 2018 - PKS Automation/Registration Module/Workflow/Update Employee Information (Employer)/Template/Update Employer Information - Special Case (OTC): Test Cases/Final Aug 2018 - PKS Automation/Registration Module/Workflow/Update Employee Information (Employer)/Template/Update Employer Information - Special Case (OTC)

2018-12-12 10:16:22 - [TEST_STEP][PASSED] - openBrowser: Browser is opened with url: ''

2018-12-12 10:16:22 - [MESSAGE][WARNING] - A browser is already opened. Closing browser and opening a new one

2018-12-12 10:16:26 - [MESSAGE][PASSED] - Browser is opened with url: ''

2018-12-12 10:16:26 - [TEST_STEP][PASSED] - navigateToUrl: Navigate to 'https://assist2-uat.perkeso.gov.my/login' successfully

2018-12-12 10:16:27 - [MESSAGE][PASSED] - Navigate to 'https://assist2-uat.perkeso.gov.my/login' successfully

2018-12-12 10:16:27 - [TEST_STEP][PASSED] - setText: Text 'johorotc1@gmail.com' is set on object 'Object Repository/Final Object Repo/Login Page/Internal User/Email Address'

2018-12-12 10:16:28 - [MESSAGE][PASSED] - Text 'johorotc1@gmail.com' is set on object 'Object Repository/Final Object Repo/Login Page/Internal User/Email Address'

2018-12-12 10:16:28 - [TEST_STEP][PASSED] - click: Object: 'Object Repository/Final Object Repo/Login Page/Internal User/Next Button' is clicked on

2018-12-12 10:16:28 - [MESSAGE][PASSED] - Object: 'Object Repository/Final Object Repo/Login Page/Internal User/Next Button' is clicked on

2018-12-12 10:16:28 - [TEST_STEP][PASSED] - delay: Delayed 1 second(s)

2018-12-12 10:16:29 - [MESSAGE][PASSED] - Delayed 1 second(s)

2018-12-12 10:16:29 - [TEST_STEP][PASSED] - setEncryptedText: Text ****** has been set on object 'Object Repository/Final Object Repo/Login Page/Internal User/Password'

2018-12-12 10:16:29 - [MESSAGE][PASSED] - Text ****** has been set on object 'Object Repository/Final Object Repo/Login Page/Internal User/Password'

2018-12-12 10:16:29 - [TEST_STEP][PASSED] - click: Object: 'Object Repository/Final Object Repo/Login Page/Internal User/Login Button' is clicked on

2018-12-12 10:16:29 - [MESSAGE][PASSED] - Object: 'Object Repository/Final Object Repo/Login Page/Internal User/Login Button' is clicked on

2018-12-12 10:16:29 - [TEST_STEP][PASSED] - Statement - tester = com.kms.katalon.core.testobject.ObjectRepository.findTestObject(Final Object Repo/Landing Page/Select to English): Finding Test Object with id 'Object Repository/Final Object Repo/Landing Page/Select to English'

2018-12-12 10:16:29 - [TEST_STEP][PASSED] - Statement - Try: Delayed 2 second(s)

2018-12-12 10:16:29 - [TEST_STEP][PASSED] - Statement - Checker = com.kms.katalon.core.webui.keyword.WebUiBuiltInKeywords.verifyElementNotPresent(tester, 3): Web element with id: 'Object Repository/Final Object Repo/Landing Page/Select to English' located by 'By.xpath: //a[@class = 'taglib-language-list-text' and @lang = 'en-US' and (contains(text(), 'EN') or contains(., 'EN'))]' is not present after '3' second(s)

2018-12-12 10:16:31 - [MESSAGE][PASSED] - Web element with id: 'Object Repository/Final Object Repo/Landing Page/Select to English' located by 'By.xpath: //a[@class = 'taglib-language-list-text' and @lang = 'en-US' and (contains(text(), 'EN') or contains(., 'EN'))]' is not present after '3' second(s)

2018-12-12 10:16:31 - [TEST_STEP][PASSED] - Statement - If (Checker == false): null

2018-12-12 10:16:31 - [TEST_STEP][PASSED] - delay: Delayed 2 second(s)

2018-12-12 10:16:33 - [MESSAGE][PASSED] - Delayed 2 second(s)

2018-12-12 10:16:33 - [TEST_STEP][PASSED] - delay: Delayed 5 second(s)

2018-12-12 10:16:38 - [MESSAGE][PASSED] - Delayed 5 second(s)

2018-12-12 10:16:38 - [TEST_STEP][PASSED] - navigateToUrl: Navigate to 'https://assist2-uat.perkeso.gov.my/web/registration/update/update-employee-information-employer-' successfully

2018-12-12 10:16:39 - [MESSAGE][PASSED] - Navigate to 'https://assist2-uat.perkeso.gov.my/web/registration/update/update-employee-information-employer-' successfully

2018-12-12 10:16:39 - [TEST_STEP][PASSED] - setText: Text 'E1102001065V' is set on object 'Object Repository/Final Object Repo/Page_Update Employee Information By Employer/Employer Code'

2018-12-12 10:16:40 - [MESSAGE][PASSED] - Text 'E1102001065V' is set on object 'Object Repository/Final Object Repo/Page_Update Employee Information By Employer/Employer Code'

2018-12-12 10:16:40 - [TEST_STEP][PASSED] - click: Object: 'Object Repository/Final Object Repo/Page_Update Employee Information By Employer/Search Employer Code' is clicked on

2018-12-12 10:16:40 - [MESSAGE][PASSED] - Object: 'Object Repository/Final Object Repo/Page_Update Employee Information By Employer/Search Employer Code' is clicked on

2018-12-12 10:16:40 - [TEST_STEP][PASSED] - click: Object: 'Object Repository/Final Object Repo/Page_Update Employee Information By Employer/Edit Button' is clicked on

2018-12-12 10:16:43 - [MESSAGE][PASSED] - Object: 'Object Repository/Final Object Repo/Page_Update Employee Information By Employer/Edit Button' is clicked on

2018-12-12 10:16:43 - [TEST_STEP][PASSED] - click: Object: 'Object Repository/Final Object Repo/Page_Update Employee Information By Employer/Employee Name or New Identification' is clicked on

2018-12-12 10:16:44 - [MESSAGE][PASSED] - Object: 'Object Repository/Final Object Repo/Page_Update Employee Information By Employer/Employee Name or New Identification' is clicked on

2018-12-12 10:16:44 - [TEST_STEP][PASSED] - delay: Delayed 1 second(s)

2018-12-12 10:16:45 - [MESSAGE][PASSED] - Delayed 1 second(s)

2018-12-12 10:16:45 - [TEST_STEP][PASSED] - click: Object: 'Object Repository/Final Object Repo/Page_Update Employee Information By Employer/Selection - Employee Name' is clicked on

2018-12-12 10:16:45 - [MESSAGE][PASSED] - Object: 'Object Repository/Final Object Repo/Page_Update Employee Information By Employer/Selection - Employee Name' is clicked on

2018-12-12 10:16:45 - [TEST_STEP][PASSED] - delay: Delayed 1 second(s)

2018-12-12 10:16:46 - [MESSAGE][PASSED] - Delayed 1 second(s)

2018-12-12 10:16:46 - [TEST_STEP][PASSED] - setText: Text 'PERKESO' is set on object 'Object Repository/Final Object Repo/Page_Update Employee Information By Employer/Employee Name'

2018-12-12 10:16:46 - [MESSAGE][PASSED] - Text 'PERKESO' is set on object 'Object Repository/Final Object Repo/Page_Update Employee Information By Employer/Employee Name'

2018-12-12 10:16:46 - [TEST_STEP][PASSED] - delay: Delayed 2 second(s)

2018-12-12 10:16:48 - [MESSAGE][PASSED] - Delayed 2 second(s)

2018-12-12 10:16:48 - [TEST_STEP][PASSED] - click: Object: 'Object Repository/Final Object Repo/Page_Update Employee Information By Employer/Search Employee' is clicked on

2018-12-12 10:16:48 - [MESSAGE][PASSED] - Object: 'Object Repository/Final Object Repo/Page_Update Employee Information By Employer/Search Employee' is clicked on

2018-12-12 10:16:48 - [TEST_STEP][PASSED] - delay: Delayed 3 second(s)

2018-12-12 10:16:51 - [MESSAGE][PASSED] - Delayed 3 second(s)

2018-12-12 10:16:51 - [TEST_STEP][PASSED] - click: Object: 'Object Repository/Final Object Repo/Page_Update Employee Information By Employer/Employee Edit Button' is clicked on

2018-12-12 10:16:52 - [MESSAGE][PASSED] - Object: 'Object Repository/Final Object Repo/Page_Update Employee Information By Employer/Employee Edit Button' is clicked on

2018-12-12 10:16:52 - [TEST_STEP][PASSED] - delay: Delayed 3 second(s)

2018-12-12 10:16:55 - [MESSAGE][PASSED] - Delayed 3 second(s)

2018-12-12 10:16:55 - [TEST_STEP][PASSED] - setText: Text '' is set on object 'Object Repository/Final Object Repo/Page_Update Employee Information By Employer/Identification Number'

2018-12-12 10:16:55 - [MESSAGE][PASSED] - Text '' is set on object 'Object Repository/Final Object Repo/Page_Update Employee Information By Employer/Identification Number'

2018-12-12 10:16:55 - [TEST_STEP][PASSED] - Statement - rnd = new java.util.Random(): null

2018-12-12 10:16:55 - [TEST_STEP][PASSED] - Statement - snum = rnd.nextInt(899999 + 1) + 100000: null

2018-12-12 10:16:55 - [TEST_STEP][PASSED] - Statement - tnum = rnd.nextInt(899999 + 1) + 100000: null

2018-12-12 10:16:55 - [TEST_STEP][PASSED] - Statement - IC = java.lang.Integer.toString(snum) + java.lang.Integer.toString(tnum): null

2018-12-12 10:16:55 - [TEST_STEP][PASSED] - Statement - out.println(IC): null

2018-12-12 10:16:55 - [TEST_STEP][PASSED] - setText: Text '897776553465' is set on object 'Object Repository/Final Object Repo/Page_Update Employee Information By Employer/Identification Number'

2018-12-12 10:16:55 - [MESSAGE][PASSED] - Text '897776553465' is set on object 'Object Repository/Final Object Repo/Page_Update Employee Information By Employer/Identification Number'

2018-12-12 10:16:55 - [TEST_STEP][PASSED] - click: Object: 'Object Repository/Final Object Repo/Page_Update Employee Information By Employer/Save' is clicked on

2018-12-12 10:16:55 - [MESSAGE][PASSED] - Object: 'Object Repository/Final Object Repo/Page_Update Employee Information By Employer/Save' is clicked on

2018-12-12 10:16:55 - [TEST_STEP][PASSED] - delay: Delayed 5 second(s)

2018-12-12 10:17:00 - [MESSAGE][PASSED] - Delayed 5 second(s)

2018-12-12 10:17:00 - [TEST_STEP][PASSED] - Statement - CaseReferenceNo = com.kms.katalon.core.webui.keyword.WebUiBuiltInKeywords.getText(com.kms.katalon.core.testobject.ObjectRepository.findTestObject(Final Object Repo/Reference Number/Reference Number in Update Employee Information Page)): Text of object 'Object Repository/Final Object Repo/Reference Number/Reference Number in Update Employee Information Page' is: 'CUN122018C100005974'

2018-12-12 10:17:00 - [MESSAGE][PASSED] - Text of object 'Object Repository/Final Object Repo/Reference Number/Reference Number in Update Employee Information Page' is: 'CUN122018C100005974'

2018-12-12 10:17:00 - [TEST_STEP][PASSED] - callTestCase: Call Test Case 'Test Cases/Final Aug 2018 - PKS Automation/Common/Reference Number Setter' successfully

2018-12-12 10:17:00 - [TEST_CASE][PASSED] - Test Cases/Final Aug 2018 - PKS Automation/Common/Reference Number Setter: Test Cases/Final Aug 2018 - PKS Automation/Common/Reference Number Setter

2018-12-12 10:17:01 - [TEST_STEP][PASSED] - Statement - RefNoOldFile = new java.io.File(C://Users//Admin//Desktop//PKS//Automation Reference Point//KatalonReference.txt): null

2018-12-12 10:17:01 - [TEST_STEP][PASSED] - Statement - RefNoOldFile.delete(): null

2018-12-12 10:17:01 - [TEST_STEP][PASSED] - delay: Delayed 5 second(s)

2018-12-12 10:17:06 - [MESSAGE][PASSED] - Delayed 5 second(s)

2018-12-12 10:17:06 - [TEST_STEP][PASSED] - Statement - RefNo = new java.io.File(C://Users//Admin//Desktop//PKS//Automation Reference Point//KatalonReference.txt): null

2018-12-12 10:17:06 - [TEST_STEP][PASSED] - Statement - f2 = new java.io.FileWriter(RefNo, false): null

2018-12-12 10:17:06 - [TEST_STEP][PASSED] - Statement - f2.write(CaseReferenceNo): null

2018-12-12 10:17:06 - [TEST_STEP][PASSED] - Statement - f2.close(): null

2018-12-12 10:17:06 - [TEST_STEP][PASSED] - Statement - out.println("


" + CaseReferenceNo + "


"): null

2018-12-12 10:17:06 - [MESSAGE][PASSED] - Call Test Case 'Test Cases/Final Aug 2018 - PKS Automation/Common/Reference Number Setter' successfully

2018-12-12 10:17:06 - [TEST_STEP][PASSED] - delay: Delayed 5 second(s)

2018-12-12 10:17:11 - [MESSAGE][PASSED] - Delayed 5 second(s)

2018-12-12 10:17:11 - [TEST_STEP][PASSED] - click: Object: 'Object Repository/Final Object Repo/Page_Update Employee Information By Employer/Save  Continue in  Employee Information Page' is clicked on

2018-12-12 10:17:11 - [MESSAGE][PASSED] - Object: 'Object Repository/Final Object Repo/Page_Update Employee Information By Employer/Save  Continue in  Employee Information Page' is clicked on

2018-12-12 10:17:11 - [TEST_STEP][PASSED] - delay: Delayed 5 second(s)

2018-12-12 10:17:16 - [MESSAGE][PASSED] - Delayed 5 second(s)

2018-12-12 10:17:16 - [TEST_STEP][PASSED] - click: Object: 'Object Repository/Final Object Repo/Page_Update Employee Information By Employer/Save  Continue in Uploading Page 1' is clicked on

2018-12-12 10:17:16 - [MESSAGE][PASSED] - Object: 'Object Repository/Final Object Repo/Page_Update Employee Information By Employer/Save  Continue in Uploading Page 1' is clicked on

2018-12-12 10:17:16 - [TEST_STEP][PASSED] - delay: Delayed 5 second(s)

2018-12-12 10:17:21 - [MESSAGE][PASSED] - Delayed 5 second(s)

2018-12-12 10:17:21 - [TEST_STEP][PASSED] - click: Object: 'Object Repository/Final Object Repo/Page_Update Employee Information By Employer/Submit' is clicked on

2018-12-12 10:17:21 - [MESSAGE][PASSED] - Object: 'Object Repository/Final Object Repo/Page_Update Employee Information By Employer/Submit' is clicked on

2018-12-12 10:17:21 - [TEST_STEP][PASSED] - delay: Delayed 5 second(s)

2018-12-12 10:17:26 - [MESSAGE][PASSED] - Delayed 5 second(s)

2018-12-12 10:17:26 - [TEST_STEP][PASSED] - click: Object: 'Object Repository/Final Object Repo/Page_Update Employee Information By Employer/Confirm' is clicked on

2018-12-12 10:17:26 - [MESSAGE][PASSED] - Object: 'Object Repository/Final Object Repo/Page_Update Employee Information By Employer/Confirm' is clicked on

2018-12-12 10:17:26 - [TEST_STEP][PASSED] - delay: Delayed 5 second(s)

2018-12-12 10:17:31 - [MESSAGE][PASSED] - Delayed 5 second(s)

2018-12-12 10:17:31 - [TEST_STEP][PASSED] - verifyElementVisible: Object 'Object Repository/Final Object Repo/Page_Update Employee Information By Employer/Successfull Message Routed to UO' is visible

2018-12-12 10:17:31 - [MESSAGE][PASSED] - Object 'Object Repository/Final Object Repo/Page_Update Employee Information By Employer/Successfull Message Routed to UO' is visible

2018-12-12 10:17:31 - [MESSAGE][PASSED] - Call Test Case 'Test Cases/Final Aug 2018 - PKS Automation/Registration Module/Workflow/Update Employee Information (Employer)/Template/Update Employer Information - Special Case (OTC)' successfully

2018-12-12 10:17:31 - [TEST_STEP][PASSED] - callTestCase: Call Test Case 'Test Cases/Final Aug 2018 - PKS Automation/Registration Module/Workflow/Update Employee Information (Employer)/Template/Update Employee Information - Special Case - UO (UnderEnforcement)' successfully

2018-12-12 10:17:31 - [TEST_CASE][PASSED] - Test Cases/Final Aug 2018 - PKS Automation/Registration Module/Workflow/Update Employee Information (Employer)/Template/Update Employee Information - Special Case - UO (UnderEnforcement): Test Cases/Final Aug 2018 - PKS Automation/Registration Module/Workflow/Update Employee Information (Employer)/Template/Update Employee Information - Special Case - UO (UnderEnforcement)

2018-12-12 10:17:31 - [TEST_STEP][NOT_RUN] - callTestCase: NOT_RUN: callTestCase

2018-12-12 10:17:31 - [MESSAGE][NOT_RUN] - NOT_RUN: callTestCase

2018-12-12 10:17:31 - [TEST_STEP][PASSED] - delay: Delayed 2 second(s)

2018-12-12 10:17:33 - [MESSAGE][PASSED] - Delayed 2 second(s)

2018-12-12 10:17:33 - [TEST_STEP][PASSED] - navigateToUrl: Navigate to 'https://assist2-uat.perkeso.gov.my/c/portal/logout' successfully

2018-12-12 10:17:34 - [MESSAGE][PASSED] - Navigate to 'https://assist2-uat.perkeso.gov.my/c/portal/logout' successfully

2018-12-12 10:17:34 - [TEST_STEP][PASSED] - delay: Delayed 2 second(s)

2018-12-12 10:17:36 - [MESSAGE][PASSED] - Delayed 2 second(s)

2018-12-12 10:17:36 - [TEST_STEP][PASSED] - callTestCase: Call Test Case 'Test Cases/Final Aug 2018 - PKS Automation/Common/Reference Number Getter' successfully

2018-12-12 10:17:36 - [TEST_CASE][PASSED] - Test Cases/Final Aug 2018 - PKS Automation/Common/Reference Number Getter: Test Cases/Final Aug 2018 - PKS Automation/Common/Reference Number Getter

2018-12-12 10:17:36 - [TEST_STEP][PASSED] - Statement - Try: null

2018-12-12 10:17:36 - [TEST_STEP][PASSED] - Statement - RefNo = new java.io.File(C://Users//Admin//Desktop//PKS//Automation Reference Point//KatalonReference.txt): null

2018-12-12 10:17:36 - [TEST_STEP][PASSED] - Statement - bufferread = new java.io.BufferedReader(new java.io.FileReader(RefNo)): null

2018-12-12 10:17:36 - [TEST_STEP][PASSED] - Statement - readedVal = bufferread.readLine(): null

2018-12-12 10:17:36 - [TEST_STEP][PASSED] - Statement - out.println(CaseReferenceNo): null

2018-12-12 10:17:36 - [TEST_STEP][PASSED] - Statement - out.println(readedVal): null

2018-12-12 10:17:36 - [TEST_STEP][PASSED] - Statement - CaseReferenceNo = "": null

2018-12-12 10:17:36 - [TEST_STEP][PASSED] - Statement - CaseReferenceNo = readedVal: null

2018-12-12 10:17:36 - [MESSAGE][PASSED] - Call Test Case 'Test Cases/Final Aug 2018 - PKS Automation/Common/Reference Number Getter' successfully

2018-12-12 10:17:36 - [TEST_STEP][PASSED] - callTestCase: Call Test Case 'Test Cases/Final Aug 2018 - PKS Automation/Common/Workflow Owner Finder' successfully

2018-12-12 10:17:36 - [TEST_CASE][PASSED] - Test Cases/Final Aug 2018 - PKS Automation/Common/Workflow Owner Finder: Test Cases/Final Aug 2018 - PKS Automation/Common/Workflow Owner Finder

2018-12-12 10:17:36 - [TEST_STEP][PASSED] - openBrowser: Browser is opened with url: ''

2018-12-12 10:17:36 - [MESSAGE][WARNING] - A browser is already opened. Closing browser and opening a new one

2018-12-12 10:17:41 - [MESSAGE][PASSED] - Browser is opened with url: ''

2018-12-12 10:17:41 - [TEST_STEP][PASSED] - navigateToUrl: Navigate to 'https://assist2-uat.perkeso.gov.my/login' successfully

2018-12-12 10:17:42 - [MESSAGE][PASSED] - Navigate to 'https://assist2-uat.perkeso.gov.my/login' successfully

2018-12-12 10:17:42 - [TEST_STEP][PASSED] - delay: Delayed 5 second(s)

2018-12-12 10:17:47 - [MESSAGE][PASSED] - Delayed 5 second(s)

2018-12-12 10:17:47 - [TEST_STEP][PASSED] - setText: Text 'test@liferay.com' is set on object 'Object Repository/Final Object Repo/Login Page/Internal User/Email Address'

2018-12-12 10:17:47 - [MESSAGE][PASSED] - Text 'test@liferay.com' is set on object 'Object Repository/Final Object Repo/Login Page/Internal User/Email Address'

2018-12-12 10:17:47 - [TEST_STEP][PASSED] - click: Object: 'Object Repository/Final Object Repo/Login Page/Internal User/Next Button' is clicked on

2018-12-12 10:17:47 - [MESSAGE][PASSED] - Object: 'Object Repository/Final Object Repo/Login Page/Internal User/Next Button' is clicked on

2018-12-12 10:17:47 - [TEST_STEP][PASSED] - delay: Delayed 2 second(s)

2018-12-12 10:17:49 - [MESSAGE][PASSED] - Delayed 2 second(s)

2018-12-12 10:17:49 - [TEST_STEP][PASSED] - setText: Text 'test' is set on object 'Object Repository/Final Object Repo/Login Page/Internal User/Password'

2018-12-12 10:17:49 - [MESSAGE][PASSED] - Text 'test' is set on object 'Object Repository/Final Object Repo/Login Page/Internal User/Password'

2018-12-12 10:17:49 - [TEST_STEP][PASSED] - delay: Delayed 2 second(s)

2018-12-12 10:17:51 - [MESSAGE][PASSED] - Delayed 2 second(s)

2018-12-12 10:17:51 - [TEST_STEP][PASSED] - click: Object: 'Object Repository/Final Object Repo/Login Page/Internal User/Login Button' is clicked on

2018-12-12 10:17:52 - [MESSAGE][PASSED] - Object: 'Object Repository/Final Object Repo/Login Page/Internal User/Login Button' is clicked on

2018-12-12 10:17:52 - [TEST_STEP][PASSED] - Statement - tester = com.kms.katalon.core.testobject.ObjectRepository.findTestObject(Final Object Repo/Landing Page/Select to English): Finding Test Object with id 'Object Repository/Final Object Repo/Landing Page/Select to English'

2018-12-12 10:17:52 - [TEST_STEP][PASSED] - Statement - Try: Delayed 2 second(s)

2018-12-12 10:17:52 - [TEST_STEP][PASSED] - Statement - Checker = com.kms.katalon.core.webui.keyword.WebUiBuiltInKeywords.verifyElementNotPresent(tester, 3): Web element with id: 'Object Repository/Final Object Repo/Landing Page/Select to English' located by 'By.xpath: //a[@class = 'taglib-language-list-text' and @lang = 'en-US' and (contains(text(), 'EN') or contains(., 'EN'))]' is not present after '3' second(s)

2018-12-12 10:17:53 - [MESSAGE][PASSED] - Web element with id: 'Object Repository/Final Object Repo/Landing Page/Select to English' located by 'By.xpath: //a[@class = 'taglib-language-list-text' and @lang = 'en-US' and (contains(text(), 'EN') or contains(., 'EN'))]' is not present after '3' second(s)

2018-12-12 10:17:53 - [TEST_STEP][PASSED] - Statement - If (Checker == false): null

2018-12-12 10:17:53 - [TEST_STEP][PASSED] - delay: Delayed 2 second(s)

2018-12-12 10:17:55 - [MESSAGE][PASSED] - Delayed 2 second(s)

2018-12-12 10:17:55 - [TEST_STEP][PASSED] - delay: Delayed 5 second(s)

2018-12-12 10:18:00 - [MESSAGE][PASSED] - Delayed 5 second(s)

2018-12-12 10:18:00 - [TEST_STEP][PASSED] - mouseOver: Object: 'Object Repository/Final Object Repo/Landing Page/WorkFlow Menu' is hovered

2018-12-12 10:18:01 - [MESSAGE][PASSED] - Object: 'Object Repository/Final Object Repo/Landing Page/WorkFlow Menu' is hovered

2018-12-12 10:18:01 - [TEST_STEP][PASSED] - delay: Delayed 2 second(s)

2018-12-12 10:18:03 - [MESSAGE][PASSED] - Delayed 2 second(s)

2018-12-12 10:18:03 - [TEST_STEP][PASSED] - click: Object: 'Object Repository/Final Object Repo/Landing Page/Select to Workflow Listing' is clicked on

2018-12-12 10:18:04 - [MESSAGE][PASSED] - Object: 'Object Repository/Final Object Repo/Landing Page/Select to Workflow Listing' is clicked on

2018-12-12 10:18:04 - [TEST_STEP][PASSED] - delay: Delayed 2 second(s)

2018-12-12 10:18:06 - [MESSAGE][PASSED] - Delayed 2 second(s)

2018-12-12 10:18:06 - [TEST_STEP][PASSED] - click: Object: 'Object Repository/Final Object Repo/WorkFlow Listing Page/Search Information - To Put Ref No' is clicked on

2018-12-12 10:18:06 - [MESSAGE][PASSED] - Object: 'Object Repository/Final Object Repo/WorkFlow Listing Page/Search Information - To Put Ref No' is clicked on

2018-12-12 10:18:06 - [TEST_STEP][PASSED] - delay: Delayed 2 second(s)

2018-12-12 10:18:08 - [MESSAGE][PASSED] - Delayed 2 second(s)

2018-12-12 10:18:08 - [TEST_STEP][PASSED] - callTestCase: Call Test Case 'Test Cases/Final Aug 2018 - PKS Automation/Common/Reference Number Getter' successfully

2018-12-12 10:18:08 - [TEST_CASE][PASSED] - Test Cases/Final Aug 2018 - PKS Automation/Common/Reference Number Getter: Test Cases/Final Aug 2018 - PKS Automation/Common/Reference Number Getter

2018-12-12 10:18:08 - [TEST_STEP][PASSED] - Statement - Try: null

2018-12-12 10:18:08 - [TEST_STEP][PASSED] - Statement - RefNo = new java.io.File(C://Users//Admin//Desktop//PKS//Automation Reference Point//KatalonReference.txt): null

2018-12-12 10:18:08 - [TEST_STEP][PASSED] - Statement - bufferread = new java.io.BufferedReader(new java.io.FileReader(RefNo)): null

2018-12-12 10:18:08 - [TEST_STEP][PASSED] - Statement - readedVal = bufferread.readLine(): null

2018-12-12 10:18:08 - [TEST_STEP][PASSED] - Statement - out.println(CaseReferenceNo): null

2018-12-12 10:18:08 - [TEST_STEP][PASSED] - Statement - out.println(readedVal): null

2018-12-12 10:18:08 - [TEST_STEP][PASSED] - Statement - CaseReferenceNo = "": null

2018-12-12 10:18:08 - [TEST_STEP][PASSED] - Statement - CaseReferenceNo = readedVal: null

2018-12-12 10:18:08 - [MESSAGE][PASSED] - Call Test Case 'Test Cases/Final Aug 2018 - PKS Automation/Common/Reference Number Getter' successfully

2018-12-12 10:18:08 - [TEST_STEP][PASSED] - setText: Text 'CUN122018C100005974' is set on object 'Object Repository/Final Object Repo/WorkFlow Listing Page/Ref No Set Text'

2018-12-12 10:18:08 - [MESSAGE][PASSED] - Text 'CUN122018C100005974' is set on object 'Object Repository/Final Object Repo/WorkFlow Listing Page/Ref No Set Text'

2018-12-12 10:18:08 - [TEST_STEP][PASSED] - delay: Delayed 2 second(s)

2018-12-12 10:18:10 - [MESSAGE][PASSED] - Delayed 2 second(s)

2018-12-12 10:18:10 - [TEST_STEP][PASSED] - click: Object: 'Object Repository/Final Object Repo/WorkFlow Listing Page/Search Ref No Search Button' is clicked on

2018-12-12 10:18:11 - [MESSAGE][PASSED] - Object: 'Object Repository/Final Object Repo/WorkFlow Listing Page/Search Ref No Search Button' is clicked on

2018-12-12 10:18:11 - [TEST_STEP][PASSED] - delay: Delayed 6 second(s)

2018-12-12 10:18:17 - [MESSAGE][PASSED] - Delayed 6 second(s)

2018-12-12 10:18:17 - [TEST_STEP][PASSED] - click: Object: 'Object Repository/Final Object Repo/WorkFlow Listing Page/Click Continue Tooltip' is clicked on

2018-12-12 10:18:18 - [MESSAGE][PASSED] - Object: 'Object Repository/Final Object Repo/WorkFlow Listing Page/Click Continue Tooltip' is clicked on

2018-12-12 10:18:18 - [TEST_STEP][PASSED] - delay: Delayed 5 second(s)

2018-12-12 10:18:23 - [MESSAGE][PASSED] - Delayed 5 second(s)

2018-12-12 10:18:23 - [TEST_STEP][PASSED] - doubleClick: Object: 'Object Repository/Final Object Repo/WorkFlow Listing Page/Workflow Found - Listing 1' is double clicked on

2018-12-12 10:18:23 - [MESSAGE][PASSED] - Object: 'Object Repository/Final Object Repo/WorkFlow Listing Page/Workflow Found - Listing 1' is double clicked on

2018-12-12 10:18:23 - [TEST_STEP][PASSED] - Statement - println(OwnerID): null

2018-12-12 10:18:23 - [TEST_STEP][PASSED] - Statement - OwnerID = com.kms.katalon.core.webui.keyword.WebUiBuiltInKeywords.getText(com.kms.katalon.core.testobject.ObjectRepository.findTestObject(Final Object Repo/WorkFlow Listing Page/Workflow Found - Listing 1), STOP_ON_FAILURE): Text of object 'Object Repository/Final Object Repo/WorkFlow Listing Page/Workflow Found - Listing 1' is: 'JOHORuo3'

2018-12-12 10:18:23 - [MESSAGE][PASSED] - Text of object 'Object Repository/Final Object Repo/WorkFlow Listing Page/Workflow Found - Listing 1' is: 'JOHORuo3'

2018-12-12 10:18:23 - [TEST_STEP][PASSED] - Statement - OwnerID = OwnerID.toLowerCase() + "@gmail.com": null

2018-12-12 10:18:23 - [TEST_STEP][PASSED] - Statement - println(OwnerID): null

2018-12-12 10:18:23 - [TEST_STEP][PASSED] - delay: Delayed 2 second(s)

2018-12-12 10:18:25 - [MESSAGE][PASSED] - Delayed 2 second(s)

2018-12-12 10:18:25 - [MESSAGE][PASSED] - Call Test Case 'Test Cases/Final Aug 2018 - PKS Automation/Common/Workflow Owner Finder' successfully

2018-12-12 10:18:25 - [TEST_STEP][PASSED] - delay: Delayed 2 second(s)

2018-12-12 10:18:27 - [MESSAGE][PASSED] - Delayed 2 second(s)

2018-12-12 10:18:27 - [TEST_STEP][PASSED] - navigateToUrl: Navigate to 'https://assist2-uat.perkeso.gov.my/c/portal/logout' successfully

2018-12-12 10:18:28 - [MESSAGE][PASSED] - Navigate to 'https://assist2-uat.perkeso.gov.my/c/portal/logout' successfully

2018-12-12 10:18:28 - [TEST_STEP][PASSED] - delay: Delayed 2 second(s)

2018-12-12 10:18:30 - [MESSAGE][PASSED] - Delayed 2 second(s)

2018-12-12 10:18:30 - [TEST_STEP][PASSED] - callTestCase: Call Test Case 'Test Cases/Final Aug 2018 - PKS Automation/Registration Module/Workflow/Login and Search Case For Workflow' successfully

2018-12-12 10:18:30 - [TEST_CASE][PASSED] - Test Cases/Final Aug 2018 - PKS Automation/Registration Module/Workflow/Login and Search Case For Workflow: Test Cases/Final Aug 2018 - PKS Automation/Registration Module/Workflow/Login and Search Case For Workflow

2018-12-12 10:18:30 - [TEST_STEP][PASSED] - navigateToUrl: Navigate to 'https://assist2-uat.perkeso.gov.my/login' successfully

2018-12-12 10:18:30 - [MESSAGE][PASSED] - Navigate to 'https://assist2-uat.perkeso.gov.my/login' successfully

2018-12-12 10:18:30 - [TEST_STEP][PASSED] - setText: Text 'johoruo3@gmail.com' is set on object 'Object Repository/Final Object Repo/Login Page/Internal User/Email Address'

2018-12-12 10:18:30 - [MESSAGE][PASSED] - Text 'johoruo3@gmail.com' is set on object 'Object Repository/Final Object Repo/Login Page/Internal User/Email Address'

2018-12-12 10:18:30 - [TEST_STEP][PASSED] - click: Object: 'Object Repository/Final Object Repo/Login Page/Internal User/Next Button' is clicked on

2018-12-12 10:18:31 - [MESSAGE][PASSED] - Object: 'Object Repository/Final Object Repo/Login Page/Internal User/Next Button' is clicked on

2018-12-12 10:18:31 - [TEST_STEP][PASSED] - delay: Delayed 1 second(s)

2018-12-12 10:18:32 - [MESSAGE][PASSED] - Delayed 1 second(s)

2018-12-12 10:18:32 - [TEST_STEP][PASSED] - setEncryptedText: Text ****** has been set on object 'Object Repository/Final Object Repo/Login Page/Internal User/Password'

2018-12-12 10:18:32 - [MESSAGE][PASSED] - Text ****** has been set on object 'Object Repository/Final Object Repo/Login Page/Internal User/Password'

2018-12-12 10:18:32 - [TEST_STEP][PASSED] - click: Object: 'Object Repository/Final Object Repo/Login Page/Internal User/Login Button' is clicked on

2018-12-12 10:18:32 - [MESSAGE][PASSED] - Object: 'Object Repository/Final Object Repo/Login Page/Internal User/Login Button' is clicked on

2018-12-12 10:18:32 - [TEST_STEP][PASSED] - delay: Delayed 2 second(s)

2018-12-12 10:18:34 - [MESSAGE][PASSED] - Delayed 2 second(s)

2018-12-12 10:18:34 - [TEST_STEP][PASSED] - Statement - Try: Delayed 2 second(s)

2018-12-12 10:18:34 - [TEST_STEP][PASSED] - Statement - Checker = false: null

2018-12-12 10:18:34 - [TEST_STEP][PASSED] - Statement - Checker = com.kms.katalon.core.webui.keyword.WebUiBuiltInKeywords.verifyElementHasAttribute(com.kms.katalon.core.testobject.ObjectRepository.findTestObject(Final Object Repo/Landing Page/BM Detecting), "href", 20, OPTIONAL): Object 'Object Repository/Final Object Repo/Landing Page/BM Detecting' has attribute 'href'

2018-12-12 10:18:34 - [MESSAGE][PASSED] - Object 'Object Repository/Final Object Repo/Landing Page/BM Detecting' has attribute 'href'

2018-12-12 10:18:34 - [TEST_STEP][PASSED] - Statement - out.println(Checker): null

2018-12-12 10:18:34 - [TEST_STEP][PASSED] - Statement - If (Checker == false): null

2018-12-12 10:18:34 - [TEST_STEP][PASSED] - Statement - Else: null

2018-12-12 10:18:34 - [TEST_STEP][PASSED] - delay: Delayed 2 second(s)

2018-12-12 10:18:36 - [MESSAGE][PASSED] - Delayed 2 second(s)

2018-12-12 10:18:36 - [TEST_STEP][PASSED] - click: Object: 'Object Repository/Final Object Repo/Page_MyASSIST - ASSIST - Search Pending Case For Add Supporting Document/Search Information' is clicked on

2018-12-12 10:18:36 - [MESSAGE][PASSED] - Object: 'Object Repository/Final Object Repo/Page_MyASSIST - ASSIST - Search Pending Case For Add Supporting Document/Search Information' is clicked on

2018-12-12 10:18:36 - [TEST_STEP][PASSED] - delay: Delayed 3 second(s)

2018-12-12 10:18:39 - [MESSAGE][PASSED] - Delayed 3 second(s)

2018-12-12 10:18:39 - [TEST_STEP][PASSED] - sendKeys: Keys 'CUN122018C100005974' sent to object: 'Object Repository/Final Object Repo/Page_MyASSIST - ASSIST - Search Pending Case For Add Supporting Document/Reference No'

2018-12-12 10:18:40 - [MESSAGE][PASSED] - Keys 'CUN122018C100005974' sent to object: 'Object Repository/Final Object Repo/Page_MyASSIST - ASSIST - Search Pending Case For Add Supporting Document/Reference No'

2018-12-12 10:18:40 - [TEST_STEP][PASSED] - click: Object: 'Object Repository/Final Object Repo/Page_MyASSIST - ASSIST - Search Pending Case For Add Supporting Document/Search Reference No' is clicked on

2018-12-12 10:18:40 - [MESSAGE][PASSED] - Object: 'Object Repository/Final Object Repo/Page_MyASSIST - ASSIST - Search Pending Case For Add Supporting Document/Search Reference No' is clicked on

2018-12-12 10:18:40 - [TEST_STEP][PASSED] - delay: Delayed 2 second(s)

2018-12-12 10:18:42 - [MESSAGE][PASSED] - Delayed 2 second(s)

2018-12-12 10:18:42 - [TEST_STEP][PASSED] - click: Object: 'Object Repository/Final Object Repo/Page_MyASSIST - ASSIST - Search Pending Case For Add Supporting Document/Continue' is clicked on

2018-12-12 10:18:46 - [MESSAGE][PASSED] - Object: 'Object Repository/Final Object Repo/Page_MyASSIST - ASSIST - Search Pending Case For Add Supporting Document/Continue' is clicked on

2018-12-12 10:18:46 - [TEST_STEP][PASSED] - delay: Delayed 20 second(s)

2018-12-12 10:19:06 - [MESSAGE][PASSED] - Delayed 20 second(s)

2018-12-12 10:19:06 - [MESSAGE][PASSED] - Call Test Case 'Test Cases/Final Aug 2018 - PKS Automation/Registration Module/Workflow/Login and Search Case For Workflow' successfully

2018-12-12 10:19:06 - [TEST_STEP][PASSED] - delay: Delayed 2 second(s)

2018-12-12 10:19:08 - [MESSAGE][PASSED] - Delayed 2 second(s)

2018-12-12 10:19:08 - [TEST_STEP][PASSED] - click: Object: 'Object Repository/Final Object Repo/Page_Update Employee Information By Employer/Page_Update Employee Information by Employer (Approve)/Continue' is clicked on

2018-12-12 10:19:11 - [MESSAGE][PASSED] - Object: 'Object Repository/Final Object Repo/Page_Update Employee Information By Employer/Page_Update Employee Information by Employer (Approve)/Continue' is clicked on

2018-12-12 10:19:11 - [TEST_STEP][PASSED] - delay: Delayed 2 second(s)

2018-12-12 10:19:13 - [MESSAGE][PASSED] - Delayed 2 second(s)

2018-12-12 10:19:13 - [TEST_STEP][PASSED] - click: Object: 'Object Repository/Final Object Repo/Page_Update Employee Information By Employer/Page_Update Employee Information by Employer (Approve)/Save  Continue in Update Employee Information Page' is clicked on

2018-12-12 10:19:14 - [MESSAGE][PASSED] - Object: 'Object Repository/Final Object Repo/Page_Update Employee Information By Employer/Page_Update Employee Information by Employer (Approve)/Save  Continue in Update Employee Information Page' is clicked on

2018-12-12 10:19:14 - [TEST_STEP][PASSED] - delay: Delayed 4 second(s)

2018-12-12 10:19:18 - [MESSAGE][PASSED] - Delayed 4 second(s)

2018-12-12 10:19:18 - [TEST_STEP][PASSED] - click: Object: 'Object Repository/Final Object Repo/Page_Update Employee Information By Employer/Page_Update Employee Information by Employer (Approve)/Save  Continue in Upload Supporting Doucument Page' is clicked on

2018-12-12 10:19:18 - [MESSAGE][PASSED] - Object: 'Object Repository/Final Object Repo/Page_Update Employee Information By Employer/Page_Update Employee Information by Employer (Approve)/Save  Continue in Upload Supporting Doucument Page' is clicked on

2018-12-12 10:19:18 - [TEST_STEP][PASSED] - delay: Delayed 2 second(s)

2018-12-12 10:19:20 - [MESSAGE][PASSED] - Delayed 2 second(s)

2018-12-12 10:19:20 - [TEST_STEP][PASSED] - click: Object: 'Object Repository/Final Object Repo/Page_Update Employee Information By Employer/Page_Update Employee Information by Employer (Under enforcement)/Under enforcement' is clicked on

2018-12-12 10:19:22 - [MESSAGE][PASSED] - Object: 'Object Repository/Final Object Repo/Page_Update Employee Information By Employer/Page_Update Employee Information by Employer (Under enforcement)/Under enforcement' is clicked on

2018-12-12 10:19:22 - [TEST_STEP][PASSED] - delay: Delayed 2 second(s)

2018-12-12 10:19:24 - [MESSAGE][PASSED] - Delayed 2 second(s)

2018-12-12 10:19:24 - [TEST_STEP][PASSED] - setText: Text 'Remark' is set on object 'Object Repository/Final Object Repo/Page_Update Employee Information By Employer/Page_Update Employee Information by Employer (Under enforcement)/Under enforcement - Remark'

2018-12-12 10:19:24 - [MESSAGE][PASSED] - Text 'Remark' is set on object 'Object Repository/Final Object Repo/Page_Update Employee Information By Employer/Page_Update Employee Information by Employer (Under enforcement)/Under enforcement - Remark'

2018-12-12 10:19:24 - [TEST_STEP][PASSED] - delay: Delayed 2 second(s)

2018-12-12 10:19:26 - [MESSAGE][PASSED] - Delayed 2 second(s)

2018-12-12 10:19:26 - [TEST_STEP][PASSED] - click: Object: 'Object Repository/Final Object Repo/Page_Update Employee Information By Employer/Page_Update Employee Information by Employer (Under enforcement)/Save  Continu in Under enforcement Page' is clicked on

2018-12-12 10:19:26 - [MESSAGE][PASSED] - Object: 'Object Repository/Final Object Repo/Page_Update Employee Information By Employer/Page_Update Employee Information by Employer (Under enforcement)/Save  Continu in Under enforcement Page' is clicked on

2018-12-12 10:19:26 - [TEST_STEP][PASSED] - delay: Delayed 2 second(s)

2018-12-12 10:19:28 - [MESSAGE][PASSED] - Delayed 2 second(s)

2018-12-12 10:19:28 - [TEST_STEP][PASSED] - click: Object: 'Object Repository/Final Object Repo/Page_Update Employee Information By Employer/Page_Update Employee Information by Employer (Under enforcement)/Under enforceme Message The case is under enforcement' is clicked on

2018-12-12 10:19:29 - [MESSAGE][PASSED] - Object: 'Object Repository/Final Object Repo/Page_Update Employee Information By Employer/Page_Update Employee Information by Employer (Under enforcement)/Under enforceme Message The case is under enforcement' is clicked on

2018-12-12 10:19:29 - [TEST_STEP][PASSED] - click: Object: 'Object Repository/Final Object Repo/Page_Update Employee Information By Employer/Page_Update Employee Information by Employer (Under enforcement)/Under enforcement - OK button' is clicked on

2018-12-12 10:19:30 - [MESSAGE][PASSED] - Object: 'Object Repository/Final Object Repo/Page_Update Employee Information By Employer/Page_Update Employee Information by Employer (Under enforcement)/Under enforcement - OK button' is clicked on

2018-12-12 10:19:30 - [MESSAGE][PASSED] - Call Test Case 'Test Cases/Final Aug 2018 - PKS Automation/Registration Module/Workflow/Update Employee Information (Employer)/Template/Update Employee Information - Special Case - UO (UnderEnforcement)' successfully]]></system-out>
         <system-err><![CDATA[]]></system-err>
      </testcase>
      <testcase name="Test Cases/Final Aug 2018 - PKS Automation/Registration Module/Workflow/Update Employee Information (Employer)/PAU to UO (Approve)" classname="Test Cases/Final Aug 2018 - PKS Automation/Registration Module/Workflow/Update Employee Information (Employer)/PAU to UO (Approve)" status="PASSED">
         <system-out><![CDATA[2018-12-12 10:19:30 - [TEST_CASE][PASSED] - Test Cases/Final Aug 2018 - PKS Automation/Registration Module/Workflow/Update Employee Information (Employer)/PAU to UO (Approve): Test Cases/Final Aug 2018 - PKS Automation/Registration Module/Workflow/Update Employee Information (Employer)/PAU to UO (Approve)

2018-12-12 10:19:30 - [TEST_STEP][PASSED] - callTestCase: Call Test Case 'Test Cases/Final Aug 2018 - PKS Automation/Registration Module/Workflow/Update Employee Information (Employer)/Template/Update Employer Information - Special Case (PAU)' successfully

2018-12-12 10:19:30 - [TEST_CASE][PASSED] - Test Cases/Final Aug 2018 - PKS Automation/Registration Module/Workflow/Update Employee Information (Employer)/Template/Update Employer Information - Special Case (PAU): Test Cases/Final Aug 2018 - PKS Automation/Registration Module/Workflow/Update Employee Information (Employer)/Template/Update Employer Information - Special Case (PAU)

2018-12-12 10:19:30 - [TEST_STEP][PASSED] - openBrowser: Browser is opened with url: ''

2018-12-12 10:19:30 - [MESSAGE][WARNING] - A browser is already opened. Closing browser and opening a new one

2018-12-12 10:19:35 - [MESSAGE][PASSED] - Browser is opened with url: ''

2018-12-12 10:19:35 - [TEST_STEP][PASSED] - navigateToUrl: Navigate to 'https://assist2-uat.perkeso.gov.my/login' successfully

2018-12-12 10:19:36 - [MESSAGE][PASSED] - Navigate to 'https://assist2-uat.perkeso.gov.my/login' successfully

2018-12-12 10:19:36 - [TEST_STEP][PASSED] - setText: Text 'johorpau1@gmail.com' is set on object 'Object Repository/Final Object Repo/Login Page/Internal User/Email Address'

2018-12-12 10:19:36 - [MESSAGE][PASSED] - Text 'johorpau1@gmail.com' is set on object 'Object Repository/Final Object Repo/Login Page/Internal User/Email Address'

2018-12-12 10:19:36 - [TEST_STEP][PASSED] - click: Object: 'Object Repository/Final Object Repo/Login Page/Internal User/Next Button' is clicked on

2018-12-12 10:19:36 - [MESSAGE][PASSED] - Object: 'Object Repository/Final Object Repo/Login Page/Internal User/Next Button' is clicked on

2018-12-12 10:19:36 - [TEST_STEP][PASSED] - delay: Delayed 1 second(s)

2018-12-12 10:19:37 - [MESSAGE][PASSED] - Delayed 1 second(s)

2018-12-12 10:19:37 - [TEST_STEP][PASSED] - setEncryptedText: Text ****** has been set on object 'Object Repository/Final Object Repo/Login Page/Internal User/Password'

2018-12-12 10:19:38 - [MESSAGE][PASSED] - Text ****** has been set on object 'Object Repository/Final Object Repo/Login Page/Internal User/Password'

2018-12-12 10:19:38 - [TEST_STEP][PASSED] - click: Object: 'Object Repository/Final Object Repo/Login Page/Internal User/Login Button' is clicked on

2018-12-12 10:19:38 - [MESSAGE][PASSED] - Object: 'Object Repository/Final Object Repo/Login Page/Internal User/Login Button' is clicked on

2018-12-12 10:19:38 - [TEST_STEP][PASSED] - Statement - tester = com.kms.katalon.core.testobject.ObjectRepository.findTestObject(Final Object Repo/Landing Page/Select to English): Finding Test Object with id 'Object Repository/Final Object Repo/Landing Page/Select to English'

2018-12-12 10:19:38 - [TEST_STEP][PASSED] - Statement - Try: Delayed 2 second(s)

2018-12-12 10:19:38 - [TEST_STEP][PASSED] - Statement - Checker = com.kms.katalon.core.webui.keyword.WebUiBuiltInKeywords.verifyElementNotPresent(tester, 3): Web element with id: 'Object Repository/Final Object Repo/Landing Page/Select to English' located by 'By.xpath: //a[@class = 'taglib-language-list-text' and @lang = 'en-US' and (contains(text(), 'EN') or contains(., 'EN'))]' is not present after '3' second(s)

2018-12-12 10:19:40 - [MESSAGE][PASSED] - Web element with id: 'Object Repository/Final Object Repo/Landing Page/Select to English' located by 'By.xpath: //a[@class = 'taglib-language-list-text' and @lang = 'en-US' and (contains(text(), 'EN') or contains(., 'EN'))]' is not present after '3' second(s)

2018-12-12 10:19:40 - [TEST_STEP][PASSED] - Statement - If (Checker == false): null

2018-12-12 10:19:40 - [TEST_STEP][PASSED] - delay: Delayed 2 second(s)

2018-12-12 10:19:42 - [MESSAGE][PASSED] - Delayed 2 second(s)

2018-12-12 10:19:42 - [TEST_STEP][PASSED] - delay: Delayed 5 second(s)

2018-12-12 10:19:47 - [MESSAGE][PASSED] - Delayed 5 second(s)

2018-12-12 10:19:47 - [TEST_STEP][PASSED] - navigateToUrl: Navigate to 'https://assist2-uat.perkeso.gov.my/web/registration/update/update-employee-information-employer-' successfully

2018-12-12 10:19:48 - [MESSAGE][PASSED] - Navigate to 'https://assist2-uat.perkeso.gov.my/web/registration/update/update-employee-information-employer-' successfully

2018-12-12 10:19:48 - [TEST_STEP][PASSED] - setText: Text 'E1102001065V' is set on object 'Object Repository/Final Object Repo/Page_Update Employee Information By Employer/Employer Code'

2018-12-12 10:19:48 - [MESSAGE][PASSED] - Text 'E1102001065V' is set on object 'Object Repository/Final Object Repo/Page_Update Employee Information By Employer/Employer Code'

2018-12-12 10:19:48 - [TEST_STEP][PASSED] - click: Object: 'Object Repository/Final Object Repo/Page_Update Employee Information By Employer/Search Employer Code' is clicked on

2018-12-12 10:19:48 - [MESSAGE][PASSED] - Object: 'Object Repository/Final Object Repo/Page_Update Employee Information By Employer/Search Employer Code' is clicked on

2018-12-12 10:19:48 - [TEST_STEP][PASSED] - click: Object: 'Object Repository/Final Object Repo/Page_Update Employee Information By Employer/Edit Button' is clicked on

2018-12-12 10:19:52 - [MESSAGE][PASSED] - Object: 'Object Repository/Final Object Repo/Page_Update Employee Information By Employer/Edit Button' is clicked on

2018-12-12 10:19:52 - [TEST_STEP][PASSED] - click: Object: 'Object Repository/Final Object Repo/Page_Update Employee Information By Employer/Employee Name or New Identification' is clicked on

2018-12-12 10:19:52 - [MESSAGE][PASSED] - Object: 'Object Repository/Final Object Repo/Page_Update Employee Information By Employer/Employee Name or New Identification' is clicked on

2018-12-12 10:19:52 - [TEST_STEP][PASSED] - delay: Delayed 1 second(s)

2018-12-12 10:19:53 - [MESSAGE][PASSED] - Delayed 1 second(s)

2018-12-12 10:19:53 - [TEST_STEP][PASSED] - click: Object: 'Object Repository/Final Object Repo/Page_Update Employee Information By Employer/Selection - Employee Name' is clicked on

2018-12-12 10:19:54 - [MESSAGE][PASSED] - Object: 'Object Repository/Final Object Repo/Page_Update Employee Information By Employer/Selection - Employee Name' is clicked on

2018-12-12 10:19:54 - [TEST_STEP][PASSED] - delay: Delayed 1 second(s)

2018-12-12 10:19:55 - [MESSAGE][PASSED] - Delayed 1 second(s)

2018-12-12 10:19:55 - [TEST_STEP][PASSED] - setText: Text 'PERKESO' is set on object 'Object Repository/Final Object Repo/Page_Update Employee Information By Employer/Employee Name'

2018-12-12 10:19:55 - [MESSAGE][PASSED] - Text 'PERKESO' is set on object 'Object Repository/Final Object Repo/Page_Update Employee Information By Employer/Employee Name'

2018-12-12 10:19:55 - [TEST_STEP][PASSED] - delay: Delayed 2 second(s)

2018-12-12 10:19:57 - [MESSAGE][PASSED] - Delayed 2 second(s)

2018-12-12 10:19:57 - [TEST_STEP][PASSED] - click: Object: 'Object Repository/Final Object Repo/Page_Update Employee Information By Employer/Search Employee' is clicked on

2018-12-12 10:19:57 - [MESSAGE][PASSED] - Object: 'Object Repository/Final Object Repo/Page_Update Employee Information By Employer/Search Employee' is clicked on

2018-12-12 10:19:57 - [TEST_STEP][PASSED] - delay: Delayed 3 second(s)

2018-12-12 10:20:00 - [MESSAGE][PASSED] - Delayed 3 second(s)

2018-12-12 10:20:00 - [TEST_STEP][PASSED] - click: Object: 'Object Repository/Final Object Repo/Page_Update Employee Information By Employer/Employee Edit Button' is clicked on

2018-12-12 10:20:00 - [MESSAGE][PASSED] - Object: 'Object Repository/Final Object Repo/Page_Update Employee Information By Employer/Employee Edit Button' is clicked on

2018-12-12 10:20:00 - [TEST_STEP][PASSED] - delay: Delayed 3 second(s)

2018-12-12 10:20:03 - [MESSAGE][PASSED] - Delayed 3 second(s)

2018-12-12 10:20:03 - [TEST_STEP][PASSED] - setText: Text '' is set on object 'Object Repository/Final Object Repo/Page_Update Employee Information By Employer/Identification Number'

2018-12-12 10:20:04 - [MESSAGE][PASSED] - Text '' is set on object 'Object Repository/Final Object Repo/Page_Update Employee Information By Employer/Identification Number'

2018-12-12 10:20:04 - [TEST_STEP][PASSED] - Statement - rnd = new java.util.Random(): null

2018-12-12 10:20:04 - [TEST_STEP][PASSED] - Statement - snum = rnd.nextInt(899999 + 1) + 100000: null

2018-12-12 10:20:04 - [TEST_STEP][PASSED] - Statement - tnum = rnd.nextInt(899999 + 1) + 100000: null

2018-12-12 10:20:04 - [TEST_STEP][PASSED] - Statement - IC = java.lang.Integer.toString(snum) + java.lang.Integer.toString(tnum): null

2018-12-12 10:20:04 - [TEST_STEP][PASSED] - Statement - out.println(IC): null

2018-12-12 10:20:04 - [TEST_STEP][PASSED] - setText: Text '215044432763' is set on object 'Object Repository/Final Object Repo/Page_Update Employee Information By Employer/Identification Number'

2018-12-12 10:20:04 - [MESSAGE][PASSED] - Text '215044432763' is set on object 'Object Repository/Final Object Repo/Page_Update Employee Information By Employer/Identification Number'

2018-12-12 10:20:04 - [TEST_STEP][PASSED] - click: Object: 'Object Repository/Final Object Repo/Page_Update Employee Information By Employer/Save' is clicked on

2018-12-12 10:20:04 - [MESSAGE][PASSED] - Object: 'Object Repository/Final Object Repo/Page_Update Employee Information By Employer/Save' is clicked on

2018-12-12 10:20:04 - [TEST_STEP][PASSED] - delay: Delayed 5 second(s)

2018-12-12 10:20:09 - [MESSAGE][PASSED] - Delayed 5 second(s)

2018-12-12 10:20:09 - [TEST_STEP][PASSED] - Statement - CaseReferenceNo = com.kms.katalon.core.webui.keyword.WebUiBuiltInKeywords.getText(com.kms.katalon.core.testobject.ObjectRepository.findTestObject(Final Object Repo/Reference Number/Reference Number in Update Employee Information Page)): Text of object 'Object Repository/Final Object Repo/Reference Number/Reference Number in Update Employee Information Page' is: 'CUN122018C100005975'

2018-12-12 10:20:09 - [MESSAGE][PASSED] - Text of object 'Object Repository/Final Object Repo/Reference Number/Reference Number in Update Employee Information Page' is: 'CUN122018C100005975'

2018-12-12 10:20:09 - [TEST_STEP][PASSED] - callTestCase: Call Test Case 'Test Cases/Final Aug 2018 - PKS Automation/Common/Reference Number Setter' successfully

2018-12-12 10:20:09 - [TEST_CASE][PASSED] - Test Cases/Final Aug 2018 - PKS Automation/Common/Reference Number Setter: Test Cases/Final Aug 2018 - PKS Automation/Common/Reference Number Setter

2018-12-12 10:20:09 - [TEST_STEP][PASSED] - Statement - RefNoOldFile = new java.io.File(C://Users//Admin//Desktop//PKS//Automation Reference Point//KatalonReference.txt): null

2018-12-12 10:20:09 - [TEST_STEP][PASSED] - Statement - RefNoOldFile.delete(): null

2018-12-12 10:20:09 - [TEST_STEP][PASSED] - delay: Delayed 5 second(s)

2018-12-12 10:20:14 - [MESSAGE][PASSED] - Delayed 5 second(s)

2018-12-12 10:20:14 - [TEST_STEP][PASSED] - Statement - RefNo = new java.io.File(C://Users//Admin//Desktop//PKS//Automation Reference Point//KatalonReference.txt): null

2018-12-12 10:20:14 - [TEST_STEP][PASSED] - Statement - f2 = new java.io.FileWriter(RefNo, false): null

2018-12-12 10:20:14 - [TEST_STEP][PASSED] - Statement - f2.write(CaseReferenceNo): null

2018-12-12 10:20:14 - [TEST_STEP][PASSED] - Statement - f2.close(): null

2018-12-12 10:20:14 - [TEST_STEP][PASSED] - Statement - out.println("


" + CaseReferenceNo + "


"): null

2018-12-12 10:20:14 - [MESSAGE][PASSED] - Call Test Case 'Test Cases/Final Aug 2018 - PKS Automation/Common/Reference Number Setter' successfully

2018-12-12 10:20:14 - [TEST_STEP][PASSED] - delay: Delayed 5 second(s)

2018-12-12 10:20:19 - [MESSAGE][PASSED] - Delayed 5 second(s)

2018-12-12 10:20:19 - [TEST_STEP][PASSED] - click: Object: 'Object Repository/Final Object Repo/Page_Update Employee Information By Employer/Save  Continue in  Employee Information Page' is clicked on

2018-12-12 10:20:19 - [MESSAGE][PASSED] - Object: 'Object Repository/Final Object Repo/Page_Update Employee Information By Employer/Save  Continue in  Employee Information Page' is clicked on

2018-12-12 10:20:20 - [TEST_STEP][PASSED] - delay: Delayed 5 second(s)

2018-12-12 10:20:25 - [MESSAGE][PASSED] - Delayed 5 second(s)

2018-12-12 10:20:25 - [TEST_STEP][PASSED] - click: Object: 'Object Repository/Final Object Repo/Page_Update Employee Information By Employer/Save  Continue in Uploading Page 1' is clicked on

2018-12-12 10:20:25 - [MESSAGE][PASSED] - Object: 'Object Repository/Final Object Repo/Page_Update Employee Information By Employer/Save  Continue in Uploading Page 1' is clicked on

2018-12-12 10:20:25 - [TEST_STEP][PASSED] - delay: Delayed 5 second(s)

2018-12-12 10:20:30 - [MESSAGE][PASSED] - Delayed 5 second(s)

2018-12-12 10:20:30 - [TEST_STEP][PASSED] - click: Object: 'Object Repository/Final Object Repo/Page_Update Employee Information By Employer/Submit' is clicked on

2018-12-12 10:20:30 - [MESSAGE][PASSED] - Object: 'Object Repository/Final Object Repo/Page_Update Employee Information By Employer/Submit' is clicked on

2018-12-12 10:20:30 - [TEST_STEP][PASSED] - delay: Delayed 5 second(s)

2018-12-12 10:20:35 - [MESSAGE][PASSED] - Delayed 5 second(s)

2018-12-12 10:20:35 - [TEST_STEP][PASSED] - click: Object: 'Object Repository/Final Object Repo/Page_Update Employee Information By Employer/Confirm' is clicked on

2018-12-12 10:20:35 - [MESSAGE][PASSED] - Object: 'Object Repository/Final Object Repo/Page_Update Employee Information By Employer/Confirm' is clicked on

2018-12-12 10:20:35 - [TEST_STEP][PASSED] - delay: Delayed 5 second(s)

2018-12-12 10:20:40 - [MESSAGE][PASSED] - Delayed 5 second(s)

2018-12-12 10:20:40 - [TEST_STEP][PASSED] - verifyElementVisible: Object 'Object Repository/Final Object Repo/Page_Update Employee Information By Employer/Successfull Message Routed to UO' is visible

2018-12-12 10:20:40 - [MESSAGE][PASSED] - Object 'Object Repository/Final Object Repo/Page_Update Employee Information By Employer/Successfull Message Routed to UO' is visible

2018-12-12 10:20:40 - [MESSAGE][PASSED] - Call Test Case 'Test Cases/Final Aug 2018 - PKS Automation/Registration Module/Workflow/Update Employee Information (Employer)/Template/Update Employer Information - Special Case (PAU)' successfully

2018-12-12 10:20:40 - [TEST_STEP][PASSED] - callTestCase: Call Test Case 'Test Cases/Final Aug 2018 - PKS Automation/Registration Module/Workflow/Update Employee Information (Employer)/Template/Update Employee Information - Special Case - UO (Approve)' successfully

2018-12-12 10:20:40 - [TEST_CASE][PASSED] - Test Cases/Final Aug 2018 - PKS Automation/Registration Module/Workflow/Update Employee Information (Employer)/Template/Update Employee Information - Special Case - UO (Approve): Test Cases/Final Aug 2018 - PKS Automation/Registration Module/Workflow/Update Employee Information (Employer)/Template/Update Employee Information - Special Case - UO (Approve)

2018-12-12 10:20:40 - [TEST_STEP][NOT_RUN] - callTestCase: NOT_RUN: callTestCase

2018-12-12 10:20:40 - [MESSAGE][NOT_RUN] - NOT_RUN: callTestCase

2018-12-12 10:20:40 - [TEST_STEP][PASSED] - delay: Delayed 2 second(s)

2018-12-12 10:20:42 - [MESSAGE][PASSED] - Delayed 2 second(s)

2018-12-12 10:20:42 - [TEST_STEP][PASSED] - navigateToUrl: Navigate to 'https://assist2-uat.perkeso.gov.my/c/portal/logout' successfully

2018-12-12 10:20:43 - [MESSAGE][PASSED] - Navigate to 'https://assist2-uat.perkeso.gov.my/c/portal/logout' successfully

2018-12-12 10:20:43 - [TEST_STEP][PASSED] - delay: Delayed 2 second(s)

2018-12-12 10:20:45 - [MESSAGE][PASSED] - Delayed 2 second(s)

2018-12-12 10:20:45 - [TEST_STEP][PASSED] - callTestCase: Call Test Case 'Test Cases/Final Aug 2018 - PKS Automation/Common/Reference Number Getter' successfully

2018-12-12 10:20:45 - [TEST_CASE][PASSED] - Test Cases/Final Aug 2018 - PKS Automation/Common/Reference Number Getter: Test Cases/Final Aug 2018 - PKS Automation/Common/Reference Number Getter

2018-12-12 10:20:45 - [TEST_STEP][PASSED] - Statement - Try: null

2018-12-12 10:20:45 - [TEST_STEP][PASSED] - Statement - RefNo = new java.io.File(C://Users//Admin//Desktop//PKS//Automation Reference Point//KatalonReference.txt): null

2018-12-12 10:20:45 - [TEST_STEP][PASSED] - Statement - bufferread = new java.io.BufferedReader(new java.io.FileReader(RefNo)): null

2018-12-12 10:20:45 - [TEST_STEP][PASSED] - Statement - readedVal = bufferread.readLine(): null

2018-12-12 10:20:45 - [TEST_STEP][PASSED] - Statement - out.println(CaseReferenceNo): null

2018-12-12 10:20:45 - [TEST_STEP][PASSED] - Statement - out.println(readedVal): null

2018-12-12 10:20:45 - [TEST_STEP][PASSED] - Statement - CaseReferenceNo = "": null

2018-12-12 10:20:45 - [TEST_STEP][PASSED] - Statement - CaseReferenceNo = readedVal: null

2018-12-12 10:20:45 - [MESSAGE][PASSED] - Call Test Case 'Test Cases/Final Aug 2018 - PKS Automation/Common/Reference Number Getter' successfully

2018-12-12 10:20:45 - [TEST_STEP][PASSED] - callTestCase: Call Test Case 'Test Cases/Final Aug 2018 - PKS Automation/Common/Workflow Owner Finder' successfully

2018-12-12 10:20:45 - [TEST_CASE][PASSED] - Test Cases/Final Aug 2018 - PKS Automation/Common/Workflow Owner Finder: Test Cases/Final Aug 2018 - PKS Automation/Common/Workflow Owner Finder

2018-12-12 10:20:45 - [TEST_STEP][PASSED] - openBrowser: Browser is opened with url: ''

2018-12-12 10:20:45 - [MESSAGE][WARNING] - A browser is already opened. Closing browser and opening a new one

2018-12-12 10:20:49 - [MESSAGE][PASSED] - Browser is opened with url: ''

2018-12-12 10:20:49 - [TEST_STEP][PASSED] - navigateToUrl: Navigate to 'https://assist2-uat.perkeso.gov.my/login' successfully

2018-12-12 10:20:51 - [MESSAGE][PASSED] - Navigate to 'https://assist2-uat.perkeso.gov.my/login' successfully

2018-12-12 10:20:51 - [TEST_STEP][PASSED] - delay: Delayed 5 second(s)

2018-12-12 10:20:56 - [MESSAGE][PASSED] - Delayed 5 second(s)

2018-12-12 10:20:56 - [TEST_STEP][PASSED] - setText: Text 'test@liferay.com' is set on object 'Object Repository/Final Object Repo/Login Page/Internal User/Email Address'

2018-12-12 10:20:56 - [MESSAGE][PASSED] - Text 'test@liferay.com' is set on object 'Object Repository/Final Object Repo/Login Page/Internal User/Email Address'

2018-12-12 10:20:56 - [TEST_STEP][PASSED] - click: Object: 'Object Repository/Final Object Repo/Login Page/Internal User/Next Button' is clicked on

2018-12-12 10:20:56 - [MESSAGE][PASSED] - Object: 'Object Repository/Final Object Repo/Login Page/Internal User/Next Button' is clicked on

2018-12-12 10:20:56 - [TEST_STEP][PASSED] - delay: Delayed 2 second(s)

2018-12-12 10:20:58 - [MESSAGE][PASSED] - Delayed 2 second(s)

2018-12-12 10:20:58 - [TEST_STEP][PASSED] - setText: Text 'test' is set on object 'Object Repository/Final Object Repo/Login Page/Internal User/Password'

2018-12-12 10:20:58 - [MESSAGE][PASSED] - Text 'test' is set on object 'Object Repository/Final Object Repo/Login Page/Internal User/Password'

2018-12-12 10:20:58 - [TEST_STEP][PASSED] - delay: Delayed 2 second(s)

2018-12-12 10:21:00 - [MESSAGE][PASSED] - Delayed 2 second(s)

2018-12-12 10:21:00 - [TEST_STEP][PASSED] - click: Object: 'Object Repository/Final Object Repo/Login Page/Internal User/Login Button' is clicked on

2018-12-12 10:21:00 - [MESSAGE][PASSED] - Object: 'Object Repository/Final Object Repo/Login Page/Internal User/Login Button' is clicked on

2018-12-12 10:21:00 - [TEST_STEP][PASSED] - Statement - tester = com.kms.katalon.core.testobject.ObjectRepository.findTestObject(Final Object Repo/Landing Page/Select to English): Finding Test Object with id 'Object Repository/Final Object Repo/Landing Page/Select to English'

2018-12-12 10:21:00 - [TEST_STEP][PASSED] - Statement - Try: Delayed 2 second(s)

2018-12-12 10:21:00 - [TEST_STEP][PASSED] - Statement - Checker = com.kms.katalon.core.webui.keyword.WebUiBuiltInKeywords.verifyElementNotPresent(tester, 3): Web element with id: 'Object Repository/Final Object Repo/Landing Page/Select to English' located by 'By.xpath: //a[@class = 'taglib-language-list-text' and @lang = 'en-US' and (contains(text(), 'EN') or contains(., 'EN'))]' is not present after '3' second(s)

2018-12-12 10:21:02 - [MESSAGE][PASSED] - Web element with id: 'Object Repository/Final Object Repo/Landing Page/Select to English' located by 'By.xpath: //a[@class = 'taglib-language-list-text' and @lang = 'en-US' and (contains(text(), 'EN') or contains(., 'EN'))]' is not present after '3' second(s)

2018-12-12 10:21:02 - [TEST_STEP][PASSED] - Statement - If (Checker == false): null

2018-12-12 10:21:02 - [TEST_STEP][PASSED] - delay: Delayed 2 second(s)

2018-12-12 10:21:04 - [MESSAGE][PASSED] - Delayed 2 second(s)

2018-12-12 10:21:04 - [TEST_STEP][PASSED] - delay: Delayed 5 second(s)

2018-12-12 10:21:09 - [MESSAGE][PASSED] - Delayed 5 second(s)

2018-12-12 10:21:09 - [TEST_STEP][PASSED] - mouseOver: Object: 'Object Repository/Final Object Repo/Landing Page/WorkFlow Menu' is hovered

2018-12-12 10:21:10 - [MESSAGE][PASSED] - Object: 'Object Repository/Final Object Repo/Landing Page/WorkFlow Menu' is hovered

2018-12-12 10:21:10 - [TEST_STEP][PASSED] - delay: Delayed 2 second(s)

2018-12-12 10:21:12 - [MESSAGE][PASSED] - Delayed 2 second(s)

2018-12-12 10:21:12 - [TEST_STEP][PASSED] - click: Object: 'Object Repository/Final Object Repo/Landing Page/Select to Workflow Listing' is clicked on

2018-12-12 10:21:13 - [MESSAGE][PASSED] - Object: 'Object Repository/Final Object Repo/Landing Page/Select to Workflow Listing' is clicked on

2018-12-12 10:21:13 - [TEST_STEP][PASSED] - delay: Delayed 2 second(s)

2018-12-12 10:21:15 - [MESSAGE][PASSED] - Delayed 2 second(s)

2018-12-12 10:21:15 - [TEST_STEP][PASSED] - click: Object: 'Object Repository/Final Object Repo/WorkFlow Listing Page/Search Information - To Put Ref No' is clicked on

2018-12-12 10:21:15 - [MESSAGE][PASSED] - Object: 'Object Repository/Final Object Repo/WorkFlow Listing Page/Search Information - To Put Ref No' is clicked on

2018-12-12 10:21:15 - [TEST_STEP][PASSED] - delay: Delayed 2 second(s)

2018-12-12 10:21:17 - [MESSAGE][PASSED] - Delayed 2 second(s)

2018-12-12 10:21:17 - [TEST_STEP][PASSED] - callTestCase: Call Test Case 'Test Cases/Final Aug 2018 - PKS Automation/Common/Reference Number Getter' successfully

2018-12-12 10:21:17 - [TEST_CASE][PASSED] - Test Cases/Final Aug 2018 - PKS Automation/Common/Reference Number Getter: Test Cases/Final Aug 2018 - PKS Automation/Common/Reference Number Getter

2018-12-12 10:21:17 - [TEST_STEP][PASSED] - Statement - Try: null

2018-12-12 10:21:17 - [TEST_STEP][PASSED] - Statement - RefNo = new java.io.File(C://Users//Admin//Desktop//PKS//Automation Reference Point//KatalonReference.txt): null

2018-12-12 10:21:17 - [TEST_STEP][PASSED] - Statement - bufferread = new java.io.BufferedReader(new java.io.FileReader(RefNo)): null

2018-12-12 10:21:17 - [TEST_STEP][PASSED] - Statement - readedVal = bufferread.readLine(): null

2018-12-12 10:21:17 - [TEST_STEP][PASSED] - Statement - out.println(CaseReferenceNo): null

2018-12-12 10:21:17 - [TEST_STEP][PASSED] - Statement - out.println(readedVal): null

2018-12-12 10:21:17 - [TEST_STEP][PASSED] - Statement - CaseReferenceNo = "": null

2018-12-12 10:21:17 - [TEST_STEP][PASSED] - Statement - CaseReferenceNo = readedVal: null

2018-12-12 10:21:17 - [MESSAGE][PASSED] - Call Test Case 'Test Cases/Final Aug 2018 - PKS Automation/Common/Reference Number Getter' successfully

2018-12-12 10:21:17 - [TEST_STEP][PASSED] - setText: Text 'CUN122018C100005975' is set on object 'Object Repository/Final Object Repo/WorkFlow Listing Page/Ref No Set Text'

2018-12-12 10:21:17 - [MESSAGE][PASSED] - Text 'CUN122018C100005975' is set on object 'Object Repository/Final Object Repo/WorkFlow Listing Page/Ref No Set Text'

2018-12-12 10:21:17 - [TEST_STEP][PASSED] - delay: Delayed 2 second(s)

2018-12-12 10:21:19 - [MESSAGE][PASSED] - Delayed 2 second(s)

2018-12-12 10:21:19 - [TEST_STEP][PASSED] - click: Object: 'Object Repository/Final Object Repo/WorkFlow Listing Page/Search Ref No Search Button' is clicked on

2018-12-12 10:21:19 - [MESSAGE][PASSED] - Object: 'Object Repository/Final Object Repo/WorkFlow Listing Page/Search Ref No Search Button' is clicked on

2018-12-12 10:21:19 - [TEST_STEP][PASSED] - delay: Delayed 6 second(s)

2018-12-12 10:21:25 - [MESSAGE][PASSED] - Delayed 6 second(s)

2018-12-12 10:21:25 - [TEST_STEP][PASSED] - click: Object: 'Object Repository/Final Object Repo/WorkFlow Listing Page/Click Continue Tooltip' is clicked on

2018-12-12 10:21:28 - [MESSAGE][PASSED] - Object: 'Object Repository/Final Object Repo/WorkFlow Listing Page/Click Continue Tooltip' is clicked on

2018-12-12 10:21:28 - [TEST_STEP][PASSED] - delay: Delayed 5 second(s)

2018-12-12 10:21:33 - [MESSAGE][PASSED] - Delayed 5 second(s)

2018-12-12 10:21:33 - [TEST_STEP][PASSED] - doubleClick: Object: 'Object Repository/Final Object Repo/WorkFlow Listing Page/Workflow Found - Listing 1' is double clicked on

2018-12-12 10:21:33 - [MESSAGE][PASSED] - Object: 'Object Repository/Final Object Repo/WorkFlow Listing Page/Workflow Found - Listing 1' is double clicked on

2018-12-12 10:21:33 - [TEST_STEP][PASSED] - Statement - println(OwnerID): null

2018-12-12 10:21:33 - [TEST_STEP][PASSED] - Statement - OwnerID = com.kms.katalon.core.webui.keyword.WebUiBuiltInKeywords.getText(com.kms.katalon.core.testobject.ObjectRepository.findTestObject(Final Object Repo/WorkFlow Listing Page/Workflow Found - Listing 1), STOP_ON_FAILURE): Text of object 'Object Repository/Final Object Repo/WorkFlow Listing Page/Workflow Found - Listing 1' is: 'JOHORuo1'

2018-12-12 10:21:33 - [MESSAGE][PASSED] - Text of object 'Object Repository/Final Object Repo/WorkFlow Listing Page/Workflow Found - Listing 1' is: 'JOHORuo1'

2018-12-12 10:21:33 - [TEST_STEP][PASSED] - Statement - OwnerID = OwnerID.toLowerCase() + "@gmail.com": null

2018-12-12 10:21:33 - [TEST_STEP][PASSED] - Statement - println(OwnerID): null

2018-12-12 10:21:33 - [TEST_STEP][PASSED] - delay: Delayed 2 second(s)

2018-12-12 10:21:35 - [MESSAGE][PASSED] - Delayed 2 second(s)

2018-12-12 10:21:35 - [MESSAGE][PASSED] - Call Test Case 'Test Cases/Final Aug 2018 - PKS Automation/Common/Workflow Owner Finder' successfully

2018-12-12 10:21:35 - [TEST_STEP][PASSED] - delay: Delayed 2 second(s)

2018-12-12 10:21:37 - [MESSAGE][PASSED] - Delayed 2 second(s)

2018-12-12 10:21:37 - [TEST_STEP][PASSED] - navigateToUrl: Navigate to 'https://assist2-uat.perkeso.gov.my/c/portal/logout' successfully

2018-12-12 10:21:38 - [MESSAGE][PASSED] - Navigate to 'https://assist2-uat.perkeso.gov.my/c/portal/logout' successfully

2018-12-12 10:21:38 - [TEST_STEP][PASSED] - delay: Delayed 2 second(s)

2018-12-12 10:21:40 - [MESSAGE][PASSED] - Delayed 2 second(s)

2018-12-12 10:21:40 - [TEST_STEP][PASSED] - callTestCase: Call Test Case 'Test Cases/Final Aug 2018 - PKS Automation/Registration Module/Workflow/Login and Search Case For Workflow' successfully

2018-12-12 10:21:40 - [TEST_CASE][PASSED] - Test Cases/Final Aug 2018 - PKS Automation/Registration Module/Workflow/Login and Search Case For Workflow: Test Cases/Final Aug 2018 - PKS Automation/Registration Module/Workflow/Login and Search Case For Workflow

2018-12-12 10:21:40 - [TEST_STEP][PASSED] - navigateToUrl: Navigate to 'https://assist2-uat.perkeso.gov.my/login' successfully

2018-12-12 10:21:40 - [MESSAGE][PASSED] - Navigate to 'https://assist2-uat.perkeso.gov.my/login' successfully

2018-12-12 10:21:40 - [TEST_STEP][PASSED] - setText: Text 'johoruo1@gmail.com' is set on object 'Object Repository/Final Object Repo/Login Page/Internal User/Email Address'

2018-12-12 10:21:41 - [MESSAGE][PASSED] - Text 'johoruo1@gmail.com' is set on object 'Object Repository/Final Object Repo/Login Page/Internal User/Email Address'

2018-12-12 10:21:41 - [TEST_STEP][PASSED] - click: Object: 'Object Repository/Final Object Repo/Login Page/Internal User/Next Button' is clicked on

2018-12-12 10:21:41 - [MESSAGE][PASSED] - Object: 'Object Repository/Final Object Repo/Login Page/Internal User/Next Button' is clicked on

2018-12-12 10:21:41 - [TEST_STEP][PASSED] - delay: Delayed 1 second(s)

2018-12-12 10:21:42 - [MESSAGE][PASSED] - Delayed 1 second(s)

2018-12-12 10:21:42 - [TEST_STEP][PASSED] - setEncryptedText: Text ****** has been set on object 'Object Repository/Final Object Repo/Login Page/Internal User/Password'

2018-12-12 10:21:42 - [MESSAGE][PASSED] - Text ****** has been set on object 'Object Repository/Final Object Repo/Login Page/Internal User/Password'

2018-12-12 10:21:42 - [TEST_STEP][PASSED] - click: Object: 'Object Repository/Final Object Repo/Login Page/Internal User/Login Button' is clicked on

2018-12-12 10:21:42 - [MESSAGE][PASSED] - Object: 'Object Repository/Final Object Repo/Login Page/Internal User/Login Button' is clicked on

2018-12-12 10:21:42 - [TEST_STEP][PASSED] - delay: Delayed 2 second(s)

2018-12-12 10:21:44 - [MESSAGE][PASSED] - Delayed 2 second(s)

2018-12-12 10:21:44 - [TEST_STEP][PASSED] - Statement - Try: Delayed 2 second(s)

2018-12-12 10:21:44 - [TEST_STEP][PASSED] - Statement - Checker = false: null

2018-12-12 10:21:44 - [TEST_STEP][PASSED] - Statement - Checker = com.kms.katalon.core.webui.keyword.WebUiBuiltInKeywords.verifyElementHasAttribute(com.kms.katalon.core.testobject.ObjectRepository.findTestObject(Final Object Repo/Landing Page/BM Detecting), "href", 20, OPTIONAL): Object 'Object Repository/Final Object Repo/Landing Page/BM Detecting' has attribute 'href'

2018-12-12 10:21:44 - [MESSAGE][PASSED] - Object 'Object Repository/Final Object Repo/Landing Page/BM Detecting' has attribute 'href'

2018-12-12 10:21:44 - [TEST_STEP][PASSED] - Statement - out.println(Checker): null

2018-12-12 10:21:44 - [TEST_STEP][PASSED] - Statement - If (Checker == false): null

2018-12-12 10:21:44 - [TEST_STEP][PASSED] - Statement - Else: null

2018-12-12 10:21:44 - [TEST_STEP][PASSED] - delay: Delayed 2 second(s)

2018-12-12 10:21:46 - [MESSAGE][PASSED] - Delayed 2 second(s)

2018-12-12 10:21:46 - [TEST_STEP][PASSED] - click: Object: 'Object Repository/Final Object Repo/Page_MyASSIST - ASSIST - Search Pending Case For Add Supporting Document/Search Information' is clicked on

2018-12-12 10:21:47 - [MESSAGE][PASSED] - Object: 'Object Repository/Final Object Repo/Page_MyASSIST - ASSIST - Search Pending Case For Add Supporting Document/Search Information' is clicked on

2018-12-12 10:21:47 - [TEST_STEP][PASSED] - delay: Delayed 3 second(s)

2018-12-12 10:21:50 - [MESSAGE][PASSED] - Delayed 3 second(s)

2018-12-12 10:21:50 - [TEST_STEP][PASSED] - sendKeys: Keys 'CUN122018C100005975' sent to object: 'Object Repository/Final Object Repo/Page_MyASSIST - ASSIST - Search Pending Case For Add Supporting Document/Reference No'

2018-12-12 10:21:50 - [MESSAGE][PASSED] - Keys 'CUN122018C100005975' sent to object: 'Object Repository/Final Object Repo/Page_MyASSIST - ASSIST - Search Pending Case For Add Supporting Document/Reference No'

2018-12-12 10:21:50 - [TEST_STEP][PASSED] - click: Object: 'Object Repository/Final Object Repo/Page_MyASSIST - ASSIST - Search Pending Case For Add Supporting Document/Search Reference No' is clicked on

2018-12-12 10:21:50 - [MESSAGE][PASSED] - Object: 'Object Repository/Final Object Repo/Page_MyASSIST - ASSIST - Search Pending Case For Add Supporting Document/Search Reference No' is clicked on

2018-12-12 10:21:50 - [TEST_STEP][PASSED] - delay: Delayed 2 second(s)

2018-12-12 10:21:52 - [MESSAGE][PASSED] - Delayed 2 second(s)

2018-12-12 10:21:52 - [TEST_STEP][PASSED] - click: Object: 'Object Repository/Final Object Repo/Page_MyASSIST - ASSIST - Search Pending Case For Add Supporting Document/Continue' is clicked on

2018-12-12 10:21:56 - [MESSAGE][PASSED] - Object: 'Object Repository/Final Object Repo/Page_MyASSIST - ASSIST - Search Pending Case For Add Supporting Document/Continue' is clicked on

2018-12-12 10:21:56 - [TEST_STEP][PASSED] - delay: Delayed 20 second(s)

2018-12-12 10:22:16 - [MESSAGE][PASSED] - Delayed 20 second(s)

2018-12-12 10:22:16 - [MESSAGE][PASSED] - Call Test Case 'Test Cases/Final Aug 2018 - PKS Automation/Registration Module/Workflow/Login and Search Case For Workflow' successfully

2018-12-12 10:22:16 - [TEST_STEP][PASSED] - delay: Delayed 2 second(s)

2018-12-12 10:22:18 - [MESSAGE][PASSED] - Delayed 2 second(s)

2018-12-12 10:22:18 - [TEST_STEP][PASSED] - click: Object: 'Object Repository/Final Object Repo/Page_Update Employee Information By Employer/Page_Update Employee Information by Employer (Approve)/Continue' is clicked on

2018-12-12 10:22:22 - [MESSAGE][PASSED] - Object: 'Object Repository/Final Object Repo/Page_Update Employee Information By Employer/Page_Update Employee Information by Employer (Approve)/Continue' is clicked on

2018-12-12 10:22:22 - [TEST_STEP][PASSED] - delay: Delayed 2 second(s)

2018-12-12 10:22:24 - [MESSAGE][PASSED] - Delayed 2 second(s)

2018-12-12 10:22:24 - [TEST_STEP][PASSED] - click: Object: 'Object Repository/Final Object Repo/Page_Update Employee Information By Employer/Page_Update Employee Information by Employer (Approve)/Save  Continue in Update Employee Information Page' is clicked on

2018-12-12 10:22:24 - [MESSAGE][PASSED] - Object: 'Object Repository/Final Object Repo/Page_Update Employee Information By Employer/Page_Update Employee Information by Employer (Approve)/Save  Continue in Update Employee Information Page' is clicked on

2018-12-12 10:22:24 - [TEST_STEP][PASSED] - delay: Delayed 4 second(s)

2018-12-12 10:22:28 - [MESSAGE][PASSED] - Delayed 4 second(s)

2018-12-12 10:22:28 - [TEST_STEP][PASSED] - click: Object: 'Object Repository/Final Object Repo/Page_Update Employee Information By Employer/Page_Update Employee Information by Employer (Approve)/Save  Continue in Upload Supporting Doucument Page' is clicked on

2018-12-12 10:22:28 - [MESSAGE][PASSED] - Object: 'Object Repository/Final Object Repo/Page_Update Employee Information By Employer/Page_Update Employee Information by Employer (Approve)/Save  Continue in Upload Supporting Doucument Page' is clicked on

2018-12-12 10:22:28 - [TEST_STEP][PASSED] - delay: Delayed 2 second(s)

2018-12-12 10:22:30 - [MESSAGE][PASSED] - Delayed 2 second(s)

2018-12-12 10:22:30 - [TEST_STEP][PASSED] - click: Object: 'Object Repository/Final Object Repo/Page_Update Employee Information By Employer/Page_Update Employee Information by Employer (Approve)/Approve' is clicked on

2018-12-12 10:22:32 - [MESSAGE][PASSED] - Object: 'Object Repository/Final Object Repo/Page_Update Employee Information By Employer/Page_Update Employee Information by Employer (Approve)/Approve' is clicked on

2018-12-12 10:22:32 - [TEST_STEP][PASSED] - delay: Delayed 2 second(s)

2018-12-12 10:22:34 - [MESSAGE][PASSED] - Delayed 2 second(s)

2018-12-12 10:22:34 - [TEST_STEP][PASSED] - click: Object: 'Object Repository/Final Object Repo/Page_Update Employee Information By Employer/Page_Update Employee Information by Employer (Approve)/Confirm' is clicked on

2018-12-12 10:22:34 - [MESSAGE][PASSED] - Object: 'Object Repository/Final Object Repo/Page_Update Employee Information By Employer/Page_Update Employee Information by Employer (Approve)/Confirm' is clicked on

2018-12-12 10:22:34 - [TEST_STEP][PASSED] - delay: Delayed 2 second(s)

2018-12-12 10:22:36 - [MESSAGE][PASSED] - Delayed 2 second(s)

2018-12-12 10:22:36 - [TEST_STEP][PASSED] - verifyElementVisible: Object 'Object Repository/Final Object Repo/Page_Update Employee Information By Employer/Page_Update Employee Information by Employer (Approve)/Successfull Message Submitted Successfully' is visible

2018-12-12 10:22:40 - [MESSAGE][PASSED] - Object 'Object Repository/Final Object Repo/Page_Update Employee Information By Employer/Page_Update Employee Information by Employer (Approve)/Successfull Message Submitted Successfully' is visible

2018-12-12 10:22:40 - [TEST_STEP][PASSED] - delay: Delayed 2 second(s)

2018-12-12 10:22:42 - [MESSAGE][PASSED] - Delayed 2 second(s)

2018-12-12 10:22:42 - [TEST_STEP][PASSED] - verifyElementVisible: Object 'Object Repository/Final Object Repo/Page_Update Employee Information By Employer/Page_Update Employee Information by Employer (Approve)/Letter of Successful update' is visible

2018-12-12 10:22:42 - [MESSAGE][PASSED] - Object 'Object Repository/Final Object Repo/Page_Update Employee Information By Employer/Page_Update Employee Information by Employer (Approve)/Letter of Successful update' is visible

2018-12-12 10:22:42 - [MESSAGE][PASSED] - Call Test Case 'Test Cases/Final Aug 2018 - PKS Automation/Registration Module/Workflow/Update Employee Information (Employer)/Template/Update Employee Information - Special Case - UO (Approve)' successfully]]></system-out>
         <system-err><![CDATA[]]></system-err>
      </testcase>
      <testcase name="Test Cases/Final Aug 2018 - PKS Automation/Registration Module/Workflow/Update Employee Information (Employer)/PAU to UO (Query)" classname="Test Cases/Final Aug 2018 - PKS Automation/Registration Module/Workflow/Update Employee Information (Employer)/PAU to UO (Query)" status="PASSED">
         <system-out><![CDATA[2018-12-12 10:22:42 - [TEST_CASE][PASSED] - Test Cases/Final Aug 2018 - PKS Automation/Registration Module/Workflow/Update Employee Information (Employer)/PAU to UO (Query): Test Cases/Final Aug 2018 - PKS Automation/Registration Module/Workflow/Update Employee Information (Employer)/PAU to UO (Query)

2018-12-12 10:22:42 - [TEST_STEP][PASSED] - callTestCase: Call Test Case 'Test Cases/Final Aug 2018 - PKS Automation/Registration Module/Workflow/Update Employee Information (Employer)/Template/Update Employer Information - Special Case (PAU)' successfully

2018-12-12 10:22:43 - [TEST_CASE][PASSED] - Test Cases/Final Aug 2018 - PKS Automation/Registration Module/Workflow/Update Employee Information (Employer)/Template/Update Employer Information - Special Case (PAU): Test Cases/Final Aug 2018 - PKS Automation/Registration Module/Workflow/Update Employee Information (Employer)/Template/Update Employer Information - Special Case (PAU)

2018-12-12 10:22:43 - [TEST_STEP][PASSED] - openBrowser: Browser is opened with url: ''

2018-12-12 10:22:43 - [MESSAGE][WARNING] - A browser is already opened. Closing browser and opening a new one

2018-12-12 10:22:47 - [MESSAGE][PASSED] - Browser is opened with url: ''

2018-12-12 10:22:47 - [TEST_STEP][PASSED] - navigateToUrl: Navigate to 'https://assist2-uat.perkeso.gov.my/login' successfully

2018-12-12 10:22:48 - [MESSAGE][PASSED] - Navigate to 'https://assist2-uat.perkeso.gov.my/login' successfully

2018-12-12 10:22:48 - [TEST_STEP][PASSED] - setText: Text 'johorpau1@gmail.com' is set on object 'Object Repository/Final Object Repo/Login Page/Internal User/Email Address'

2018-12-12 10:22:49 - [MESSAGE][PASSED] - Text 'johorpau1@gmail.com' is set on object 'Object Repository/Final Object Repo/Login Page/Internal User/Email Address'

2018-12-12 10:22:49 - [TEST_STEP][PASSED] - click: Object: 'Object Repository/Final Object Repo/Login Page/Internal User/Next Button' is clicked on

2018-12-12 10:22:49 - [MESSAGE][PASSED] - Object: 'Object Repository/Final Object Repo/Login Page/Internal User/Next Button' is clicked on

2018-12-12 10:22:49 - [TEST_STEP][PASSED] - delay: Delayed 1 second(s)

2018-12-12 10:22:50 - [MESSAGE][PASSED] - Delayed 1 second(s)

2018-12-12 10:22:50 - [TEST_STEP][PASSED] - setEncryptedText: Text ****** has been set on object 'Object Repository/Final Object Repo/Login Page/Internal User/Password'

2018-12-12 10:22:50 - [MESSAGE][PASSED] - Text ****** has been set on object 'Object Repository/Final Object Repo/Login Page/Internal User/Password'

2018-12-12 10:22:50 - [TEST_STEP][PASSED] - click: Object: 'Object Repository/Final Object Repo/Login Page/Internal User/Login Button' is clicked on

2018-12-12 10:22:50 - [MESSAGE][PASSED] - Object: 'Object Repository/Final Object Repo/Login Page/Internal User/Login Button' is clicked on

2018-12-12 10:22:50 - [TEST_STEP][PASSED] - Statement - tester = com.kms.katalon.core.testobject.ObjectRepository.findTestObject(Final Object Repo/Landing Page/Select to English): Finding Test Object with id 'Object Repository/Final Object Repo/Landing Page/Select to English'

2018-12-12 10:22:50 - [TEST_STEP][PASSED] - Statement - Try: Delayed 2 second(s)

2018-12-12 10:22:50 - [TEST_STEP][PASSED] - Statement - Checker = com.kms.katalon.core.webui.keyword.WebUiBuiltInKeywords.verifyElementNotPresent(tester, 3): Web element with id: 'Object Repository/Final Object Repo/Landing Page/Select to English' located by 'By.xpath: //a[@class = 'taglib-language-list-text' and @lang = 'en-US' and (contains(text(), 'EN') or contains(., 'EN'))]' is not present after '3' second(s)

2018-12-12 10:22:52 - [MESSAGE][PASSED] - Web element with id: 'Object Repository/Final Object Repo/Landing Page/Select to English' located by 'By.xpath: //a[@class = 'taglib-language-list-text' and @lang = 'en-US' and (contains(text(), 'EN') or contains(., 'EN'))]' is not present after '3' second(s)

2018-12-12 10:22:52 - [TEST_STEP][PASSED] - Statement - If (Checker == false): null

2018-12-12 10:22:52 - [TEST_STEP][PASSED] - delay: Delayed 2 second(s)

2018-12-12 10:22:54 - [MESSAGE][PASSED] - Delayed 2 second(s)

2018-12-12 10:22:54 - [TEST_STEP][PASSED] - delay: Delayed 5 second(s)

2018-12-12 10:22:59 - [MESSAGE][PASSED] - Delayed 5 second(s)

2018-12-12 10:22:59 - [TEST_STEP][PASSED] - navigateToUrl: Navigate to 'https://assist2-uat.perkeso.gov.my/web/registration/update/update-employee-information-employer-' successfully

2018-12-12 10:23:00 - [MESSAGE][PASSED] - Navigate to 'https://assist2-uat.perkeso.gov.my/web/registration/update/update-employee-information-employer-' successfully

2018-12-12 10:23:00 - [TEST_STEP][PASSED] - setText: Text 'E1102001065V' is set on object 'Object Repository/Final Object Repo/Page_Update Employee Information By Employer/Employer Code'

2018-12-12 10:23:01 - [MESSAGE][PASSED] - Text 'E1102001065V' is set on object 'Object Repository/Final Object Repo/Page_Update Employee Information By Employer/Employer Code'

2018-12-12 10:23:01 - [TEST_STEP][PASSED] - click: Object: 'Object Repository/Final Object Repo/Page_Update Employee Information By Employer/Search Employer Code' is clicked on

2018-12-12 10:23:01 - [MESSAGE][PASSED] - Object: 'Object Repository/Final Object Repo/Page_Update Employee Information By Employer/Search Employer Code' is clicked on

2018-12-12 10:23:01 - [TEST_STEP][PASSED] - click: Object: 'Object Repository/Final Object Repo/Page_Update Employee Information By Employer/Edit Button' is clicked on

2018-12-12 10:23:05 - [MESSAGE][PASSED] - Object: 'Object Repository/Final Object Repo/Page_Update Employee Information By Employer/Edit Button' is clicked on

2018-12-12 10:23:05 - [TEST_STEP][PASSED] - click: Object: 'Object Repository/Final Object Repo/Page_Update Employee Information By Employer/Employee Name or New Identification' is clicked on

2018-12-12 10:23:05 - [MESSAGE][PASSED] - Object: 'Object Repository/Final Object Repo/Page_Update Employee Information By Employer/Employee Name or New Identification' is clicked on

2018-12-12 10:23:05 - [TEST_STEP][PASSED] - delay: Delayed 1 second(s)

2018-12-12 10:23:06 - [MESSAGE][PASSED] - Delayed 1 second(s)

2018-12-12 10:23:06 - [TEST_STEP][PASSED] - click: Object: 'Object Repository/Final Object Repo/Page_Update Employee Information By Employer/Selection - Employee Name' is clicked on

2018-12-12 10:23:06 - [MESSAGE][PASSED] - Object: 'Object Repository/Final Object Repo/Page_Update Employee Information By Employer/Selection - Employee Name' is clicked on

2018-12-12 10:23:06 - [TEST_STEP][PASSED] - delay: Delayed 1 second(s)

2018-12-12 10:23:07 - [MESSAGE][PASSED] - Delayed 1 second(s)

2018-12-12 10:23:07 - [TEST_STEP][PASSED] - setText: Text 'PERKESO' is set on object 'Object Repository/Final Object Repo/Page_Update Employee Information By Employer/Employee Name'

2018-12-12 10:23:07 - [MESSAGE][PASSED] - Text 'PERKESO' is set on object 'Object Repository/Final Object Repo/Page_Update Employee Information By Employer/Employee Name'

2018-12-12 10:23:07 - [TEST_STEP][PASSED] - delay: Delayed 2 second(s)

2018-12-12 10:23:09 - [MESSAGE][PASSED] - Delayed 2 second(s)

2018-12-12 10:23:09 - [TEST_STEP][PASSED] - click: Object: 'Object Repository/Final Object Repo/Page_Update Employee Information By Employer/Search Employee' is clicked on

2018-12-12 10:23:10 - [MESSAGE][PASSED] - Object: 'Object Repository/Final Object Repo/Page_Update Employee Information By Employer/Search Employee' is clicked on

2018-12-12 10:23:10 - [TEST_STEP][PASSED] - delay: Delayed 3 second(s)

2018-12-12 10:23:13 - [MESSAGE][PASSED] - Delayed 3 second(s)

2018-12-12 10:23:13 - [TEST_STEP][PASSED] - click: Object: 'Object Repository/Final Object Repo/Page_Update Employee Information By Employer/Employee Edit Button' is clicked on

2018-12-12 10:23:13 - [MESSAGE][PASSED] - Object: 'Object Repository/Final Object Repo/Page_Update Employee Information By Employer/Employee Edit Button' is clicked on

2018-12-12 10:23:13 - [TEST_STEP][PASSED] - delay: Delayed 3 second(s)

2018-12-12 10:23:16 - [MESSAGE][PASSED] - Delayed 3 second(s)

2018-12-12 10:23:16 - [TEST_STEP][PASSED] - setText: Text '' is set on object 'Object Repository/Final Object Repo/Page_Update Employee Information By Employer/Identification Number'

2018-12-12 10:23:16 - [MESSAGE][PASSED] - Text '' is set on object 'Object Repository/Final Object Repo/Page_Update Employee Information By Employer/Identification Number'

2018-12-12 10:23:16 - [TEST_STEP][PASSED] - Statement - rnd = new java.util.Random(): null

2018-12-12 10:23:16 - [TEST_STEP][PASSED] - Statement - snum = rnd.nextInt(899999 + 1) + 100000: null

2018-12-12 10:23:16 - [TEST_STEP][PASSED] - Statement - tnum = rnd.nextInt(899999 + 1) + 100000: null

2018-12-12 10:23:16 - [TEST_STEP][PASSED] - Statement - IC = java.lang.Integer.toString(snum) + java.lang.Integer.toString(tnum): null

2018-12-12 10:23:16 - [TEST_STEP][PASSED] - Statement - out.println(IC): null

2018-12-12 10:23:16 - [TEST_STEP][PASSED] - setText: Text '896451675156' is set on object 'Object Repository/Final Object Repo/Page_Update Employee Information By Employer/Identification Number'

2018-12-12 10:23:16 - [MESSAGE][PASSED] - Text '896451675156' is set on object 'Object Repository/Final Object Repo/Page_Update Employee Information By Employer/Identification Number'

2018-12-12 10:23:16 - [TEST_STEP][PASSED] - click: Object: 'Object Repository/Final Object Repo/Page_Update Employee Information By Employer/Save' is clicked on

2018-12-12 10:23:17 - [MESSAGE][PASSED] - Object: 'Object Repository/Final Object Repo/Page_Update Employee Information By Employer/Save' is clicked on

2018-12-12 10:23:17 - [TEST_STEP][PASSED] - delay: Delayed 5 second(s)

2018-12-12 10:23:22 - [MESSAGE][PASSED] - Delayed 5 second(s)

2018-12-12 10:23:22 - [TEST_STEP][PASSED] - Statement - CaseReferenceNo = com.kms.katalon.core.webui.keyword.WebUiBuiltInKeywords.getText(com.kms.katalon.core.testobject.ObjectRepository.findTestObject(Final Object Repo/Reference Number/Reference Number in Update Employee Information Page)): Text of object 'Object Repository/Final Object Repo/Reference Number/Reference Number in Update Employee Information Page' is: 'CUN122018C100005976'

2018-12-12 10:23:22 - [MESSAGE][PASSED] - Text of object 'Object Repository/Final Object Repo/Reference Number/Reference Number in Update Employee Information Page' is: 'CUN122018C100005976'

2018-12-12 10:23:22 - [TEST_STEP][PASSED] - callTestCase: Call Test Case 'Test Cases/Final Aug 2018 - PKS Automation/Common/Reference Number Setter' successfully

2018-12-12 10:23:22 - [TEST_CASE][PASSED] - Test Cases/Final Aug 2018 - PKS Automation/Common/Reference Number Setter: Test Cases/Final Aug 2018 - PKS Automation/Common/Reference Number Setter

2018-12-12 10:23:22 - [TEST_STEP][PASSED] - Statement - RefNoOldFile = new java.io.File(C://Users//Admin//Desktop//PKS//Automation Reference Point//KatalonReference.txt): null

2018-12-12 10:23:22 - [TEST_STEP][PASSED] - Statement - RefNoOldFile.delete(): null

2018-12-12 10:23:22 - [TEST_STEP][PASSED] - delay: Delayed 5 second(s)

2018-12-12 10:23:27 - [MESSAGE][PASSED] - Delayed 5 second(s)

2018-12-12 10:23:27 - [TEST_STEP][PASSED] - Statement - RefNo = new java.io.File(C://Users//Admin//Desktop//PKS//Automation Reference Point//KatalonReference.txt): null

2018-12-12 10:23:27 - [TEST_STEP][PASSED] - Statement - f2 = new java.io.FileWriter(RefNo, false): null

2018-12-12 10:23:27 - [TEST_STEP][PASSED] - Statement - f2.write(CaseReferenceNo): null

2018-12-12 10:23:27 - [TEST_STEP][PASSED] - Statement - f2.close(): null

2018-12-12 10:23:27 - [TEST_STEP][PASSED] - Statement - out.println("


" + CaseReferenceNo + "


"): null

2018-12-12 10:23:27 - [MESSAGE][PASSED] - Call Test Case 'Test Cases/Final Aug 2018 - PKS Automation/Common/Reference Number Setter' successfully

2018-12-12 10:23:27 - [TEST_STEP][PASSED] - delay: Delayed 5 second(s)

2018-12-12 10:23:32 - [MESSAGE][PASSED] - Delayed 5 second(s)

2018-12-12 10:23:32 - [TEST_STEP][PASSED] - click: Object: 'Object Repository/Final Object Repo/Page_Update Employee Information By Employer/Save  Continue in  Employee Information Page' is clicked on

2018-12-12 10:23:32 - [MESSAGE][PASSED] - Object: 'Object Repository/Final Object Repo/Page_Update Employee Information By Employer/Save  Continue in  Employee Information Page' is clicked on

2018-12-12 10:23:32 - [TEST_STEP][PASSED] - delay: Delayed 5 second(s)

2018-12-12 10:23:37 - [MESSAGE][PASSED] - Delayed 5 second(s)

2018-12-12 10:23:37 - [TEST_STEP][PASSED] - click: Object: 'Object Repository/Final Object Repo/Page_Update Employee Information By Employer/Save  Continue in Uploading Page 1' is clicked on

2018-12-12 10:23:37 - [MESSAGE][PASSED] - Object: 'Object Repository/Final Object Repo/Page_Update Employee Information By Employer/Save  Continue in Uploading Page 1' is clicked on

2018-12-12 10:23:37 - [TEST_STEP][PASSED] - delay: Delayed 5 second(s)

2018-12-12 10:23:42 - [MESSAGE][PASSED] - Delayed 5 second(s)

2018-12-12 10:23:42 - [TEST_STEP][PASSED] - click: Object: 'Object Repository/Final Object Repo/Page_Update Employee Information By Employer/Submit' is clicked on

2018-12-12 10:23:42 - [MESSAGE][PASSED] - Object: 'Object Repository/Final Object Repo/Page_Update Employee Information By Employer/Submit' is clicked on

2018-12-12 10:23:42 - [TEST_STEP][PASSED] - delay: Delayed 5 second(s)

2018-12-12 10:23:47 - [MESSAGE][PASSED] - Delayed 5 second(s)

2018-12-12 10:23:47 - [TEST_STEP][PASSED] - click: Object: 'Object Repository/Final Object Repo/Page_Update Employee Information By Employer/Confirm' is clicked on

2018-12-12 10:23:48 - [MESSAGE][PASSED] - Object: 'Object Repository/Final Object Repo/Page_Update Employee Information By Employer/Confirm' is clicked on

2018-12-12 10:23:48 - [TEST_STEP][PASSED] - delay: Delayed 5 second(s)

2018-12-12 10:23:53 - [MESSAGE][PASSED] - Delayed 5 second(s)

2018-12-12 10:23:53 - [TEST_STEP][PASSED] - verifyElementVisible: Object 'Object Repository/Final Object Repo/Page_Update Employee Information By Employer/Successfull Message Routed to UO' is visible

2018-12-12 10:23:53 - [MESSAGE][PASSED] - Object 'Object Repository/Final Object Repo/Page_Update Employee Information By Employer/Successfull Message Routed to UO' is visible

2018-12-12 10:23:53 - [MESSAGE][PASSED] - Call Test Case 'Test Cases/Final Aug 2018 - PKS Automation/Registration Module/Workflow/Update Employee Information (Employer)/Template/Update Employer Information - Special Case (PAU)' successfully

2018-12-12 10:23:53 - [TEST_STEP][PASSED] - callTestCase: Call Test Case 'Test Cases/Final Aug 2018 - PKS Automation/Registration Module/Workflow/Update Employee Information (Employer)/Template/Update Employee Information - Special Case - UO(Query)' successfully

2018-12-12 10:23:53 - [TEST_CASE][PASSED] - Test Cases/Final Aug 2018 - PKS Automation/Registration Module/Workflow/Update Employee Information (Employer)/Template/Update Employee Information - Special Case - UO(Query): Test Cases/Final Aug 2018 - PKS Automation/Registration Module/Workflow/Update Employee Information (Employer)/Template/Update Employee Information - Special Case - UO(Query)

2018-12-12 10:23:53 - [TEST_STEP][NOT_RUN] - callTestCase: NOT_RUN: callTestCase

2018-12-12 10:23:53 - [MESSAGE][NOT_RUN] - NOT_RUN: callTestCase

2018-12-12 10:23:53 - [TEST_STEP][PASSED] - delay: Delayed 2 second(s)

2018-12-12 10:23:55 - [MESSAGE][PASSED] - Delayed 2 second(s)

2018-12-12 10:23:55 - [TEST_STEP][PASSED] - navigateToUrl: Navigate to 'https://assist2-uat.perkeso.gov.my/c/portal/logout' successfully

2018-12-12 10:23:56 - [MESSAGE][PASSED] - Navigate to 'https://assist2-uat.perkeso.gov.my/c/portal/logout' successfully

2018-12-12 10:23:56 - [TEST_STEP][PASSED] - delay: Delayed 2 second(s)

2018-12-12 10:23:58 - [MESSAGE][PASSED] - Delayed 2 second(s)

2018-12-12 10:23:58 - [TEST_STEP][PASSED] - callTestCase: Call Test Case 'Test Cases/Final Aug 2018 - PKS Automation/Common/Reference Number Getter' successfully

2018-12-12 10:23:58 - [TEST_CASE][PASSED] - Test Cases/Final Aug 2018 - PKS Automation/Common/Reference Number Getter: Test Cases/Final Aug 2018 - PKS Automation/Common/Reference Number Getter

2018-12-12 10:23:58 - [TEST_STEP][PASSED] - Statement - Try: null

2018-12-12 10:23:58 - [TEST_STEP][PASSED] - Statement - RefNo = new java.io.File(C://Users//Admin//Desktop//PKS//Automation Reference Point//KatalonReference.txt): null

2018-12-12 10:23:58 - [TEST_STEP][PASSED] - Statement - bufferread = new java.io.BufferedReader(new java.io.FileReader(RefNo)): null

2018-12-12 10:23:58 - [TEST_STEP][PASSED] - Statement - readedVal = bufferread.readLine(): null

2018-12-12 10:23:58 - [TEST_STEP][PASSED] - Statement - out.println(CaseReferenceNo): null

2018-12-12 10:23:58 - [TEST_STEP][PASSED] - Statement - out.println(readedVal): null

2018-12-12 10:23:58 - [TEST_STEP][PASSED] - Statement - CaseReferenceNo = "": null

2018-12-12 10:23:58 - [TEST_STEP][PASSED] - Statement - CaseReferenceNo = readedVal: null

2018-12-12 10:23:58 - [MESSAGE][PASSED] - Call Test Case 'Test Cases/Final Aug 2018 - PKS Automation/Common/Reference Number Getter' successfully

2018-12-12 10:23:58 - [TEST_STEP][PASSED] - callTestCase: Call Test Case 'Test Cases/Final Aug 2018 - PKS Automation/Common/Workflow Owner Finder' successfully

2018-12-12 10:23:58 - [TEST_CASE][PASSED] - Test Cases/Final Aug 2018 - PKS Automation/Common/Workflow Owner Finder: Test Cases/Final Aug 2018 - PKS Automation/Common/Workflow Owner Finder

2018-12-12 10:23:58 - [TEST_STEP][PASSED] - openBrowser: Browser is opened with url: ''

2018-12-12 10:23:58 - [MESSAGE][WARNING] - A browser is already opened. Closing browser and opening a new one

2018-12-12 10:24:02 - [MESSAGE][PASSED] - Browser is opened with url: ''

2018-12-12 10:24:02 - [TEST_STEP][PASSED] - navigateToUrl: Navigate to 'https://assist2-uat.perkeso.gov.my/login' successfully

2018-12-12 10:24:03 - [MESSAGE][PASSED] - Navigate to 'https://assist2-uat.perkeso.gov.my/login' successfully

2018-12-12 10:24:03 - [TEST_STEP][PASSED] - delay: Delayed 5 second(s)

2018-12-12 10:24:08 - [MESSAGE][PASSED] - Delayed 5 second(s)

2018-12-12 10:24:08 - [TEST_STEP][PASSED] - setText: Text 'test@liferay.com' is set on object 'Object Repository/Final Object Repo/Login Page/Internal User/Email Address'

2018-12-12 10:24:09 - [MESSAGE][PASSED] - Text 'test@liferay.com' is set on object 'Object Repository/Final Object Repo/Login Page/Internal User/Email Address'

2018-12-12 10:24:09 - [TEST_STEP][PASSED] - click: Object: 'Object Repository/Final Object Repo/Login Page/Internal User/Next Button' is clicked on

2018-12-12 10:24:09 - [MESSAGE][PASSED] - Object: 'Object Repository/Final Object Repo/Login Page/Internal User/Next Button' is clicked on

2018-12-12 10:24:09 - [TEST_STEP][PASSED] - delay: Delayed 2 second(s)

2018-12-12 10:24:11 - [MESSAGE][PASSED] - Delayed 2 second(s)

2018-12-12 10:24:11 - [TEST_STEP][PASSED] - setText: Text 'test' is set on object 'Object Repository/Final Object Repo/Login Page/Internal User/Password'

2018-12-12 10:24:11 - [MESSAGE][PASSED] - Text 'test' is set on object 'Object Repository/Final Object Repo/Login Page/Internal User/Password'

2018-12-12 10:24:11 - [TEST_STEP][PASSED] - delay: Delayed 2 second(s)

2018-12-12 10:24:13 - [MESSAGE][PASSED] - Delayed 2 second(s)

2018-12-12 10:24:13 - [TEST_STEP][PASSED] - click: Object: 'Object Repository/Final Object Repo/Login Page/Internal User/Login Button' is clicked on

2018-12-12 10:24:13 - [MESSAGE][PASSED] - Object: 'Object Repository/Final Object Repo/Login Page/Internal User/Login Button' is clicked on

2018-12-12 10:24:13 - [TEST_STEP][PASSED] - Statement - tester = com.kms.katalon.core.testobject.ObjectRepository.findTestObject(Final Object Repo/Landing Page/Select to English): Finding Test Object with id 'Object Repository/Final Object Repo/Landing Page/Select to English'

2018-12-12 10:24:13 - [TEST_STEP][PASSED] - Statement - Try: Delayed 2 second(s)

2018-12-12 10:24:13 - [TEST_STEP][PASSED] - Statement - Checker = com.kms.katalon.core.webui.keyword.WebUiBuiltInKeywords.verifyElementNotPresent(tester, 3): Web element with id: 'Object Repository/Final Object Repo/Landing Page/Select to English' located by 'By.xpath: //a[@class = 'taglib-language-list-text' and @lang = 'en-US' and (contains(text(), 'EN') or contains(., 'EN'))]' is not present after '3' second(s)

2018-12-12 10:24:15 - [MESSAGE][PASSED] - Web element with id: 'Object Repository/Final Object Repo/Landing Page/Select to English' located by 'By.xpath: //a[@class = 'taglib-language-list-text' and @lang = 'en-US' and (contains(text(), 'EN') or contains(., 'EN'))]' is not present after '3' second(s)

2018-12-12 10:24:15 - [TEST_STEP][PASSED] - Statement - If (Checker == false): null

2018-12-12 10:24:15 - [TEST_STEP][PASSED] - delay: Delayed 2 second(s)

2018-12-12 10:24:17 - [MESSAGE][PASSED] - Delayed 2 second(s)

2018-12-12 10:24:17 - [TEST_STEP][PASSED] - delay: Delayed 5 second(s)

2018-12-12 10:24:22 - [MESSAGE][PASSED] - Delayed 5 second(s)

2018-12-12 10:24:22 - [TEST_STEP][PASSED] - mouseOver: Object: 'Object Repository/Final Object Repo/Landing Page/WorkFlow Menu' is hovered

2018-12-12 10:24:23 - [MESSAGE][PASSED] - Object: 'Object Repository/Final Object Repo/Landing Page/WorkFlow Menu' is hovered

2018-12-12 10:24:23 - [TEST_STEP][PASSED] - delay: Delayed 2 second(s)

2018-12-12 10:24:25 - [MESSAGE][PASSED] - Delayed 2 second(s)

2018-12-12 10:24:25 - [TEST_STEP][PASSED] - click: Object: 'Object Repository/Final Object Repo/Landing Page/Select to Workflow Listing' is clicked on

2018-12-12 10:24:26 - [MESSAGE][PASSED] - Object: 'Object Repository/Final Object Repo/Landing Page/Select to Workflow Listing' is clicked on

2018-12-12 10:24:26 - [TEST_STEP][PASSED] - delay: Delayed 2 second(s)

2018-12-12 10:24:28 - [MESSAGE][PASSED] - Delayed 2 second(s)

2018-12-12 10:24:28 - [TEST_STEP][PASSED] - click: Object: 'Object Repository/Final Object Repo/WorkFlow Listing Page/Search Information - To Put Ref No' is clicked on

2018-12-12 10:24:28 - [MESSAGE][PASSED] - Object: 'Object Repository/Final Object Repo/WorkFlow Listing Page/Search Information - To Put Ref No' is clicked on

2018-12-12 10:24:28 - [TEST_STEP][PASSED] - delay: Delayed 2 second(s)

2018-12-12 10:24:30 - [MESSAGE][PASSED] - Delayed 2 second(s)

2018-12-12 10:24:30 - [TEST_STEP][PASSED] - callTestCase: Call Test Case 'Test Cases/Final Aug 2018 - PKS Automation/Common/Reference Number Getter' successfully

2018-12-12 10:24:30 - [TEST_CASE][PASSED] - Test Cases/Final Aug 2018 - PKS Automation/Common/Reference Number Getter: Test Cases/Final Aug 2018 - PKS Automation/Common/Reference Number Getter

2018-12-12 10:24:30 - [TEST_STEP][PASSED] - Statement - Try: null

2018-12-12 10:24:30 - [TEST_STEP][PASSED] - Statement - RefNo = new java.io.File(C://Users//Admin//Desktop//PKS//Automation Reference Point//KatalonReference.txt): null

2018-12-12 10:24:30 - [TEST_STEP][PASSED] - Statement - bufferread = new java.io.BufferedReader(new java.io.FileReader(RefNo)): null

2018-12-12 10:24:30 - [TEST_STEP][PASSED] - Statement - readedVal = bufferread.readLine(): null

2018-12-12 10:24:30 - [TEST_STEP][PASSED] - Statement - out.println(CaseReferenceNo): null

2018-12-12 10:24:30 - [TEST_STEP][PASSED] - Statement - out.println(readedVal): null

2018-12-12 10:24:30 - [TEST_STEP][PASSED] - Statement - CaseReferenceNo = "": null

2018-12-12 10:24:30 - [TEST_STEP][PASSED] - Statement - CaseReferenceNo = readedVal: null

2018-12-12 10:24:30 - [MESSAGE][PASSED] - Call Test Case 'Test Cases/Final Aug 2018 - PKS Automation/Common/Reference Number Getter' successfully

2018-12-12 10:24:30 - [TEST_STEP][PASSED] - setText: Text 'CUN122018C100005976' is set on object 'Object Repository/Final Object Repo/WorkFlow Listing Page/Ref No Set Text'

2018-12-12 10:24:30 - [MESSAGE][PASSED] - Text 'CUN122018C100005976' is set on object 'Object Repository/Final Object Repo/WorkFlow Listing Page/Ref No Set Text'

2018-12-12 10:24:30 - [TEST_STEP][PASSED] - delay: Delayed 2 second(s)

2018-12-12 10:24:32 - [MESSAGE][PASSED] - Delayed 2 second(s)

2018-12-12 10:24:32 - [TEST_STEP][PASSED] - click: Object: 'Object Repository/Final Object Repo/WorkFlow Listing Page/Search Ref No Search Button' is clicked on

2018-12-12 10:24:32 - [MESSAGE][PASSED] - Object: 'Object Repository/Final Object Repo/WorkFlow Listing Page/Search Ref No Search Button' is clicked on

2018-12-12 10:24:32 - [TEST_STEP][PASSED] - delay: Delayed 6 second(s)

2018-12-12 10:24:38 - [MESSAGE][PASSED] - Delayed 6 second(s)

2018-12-12 10:24:38 - [TEST_STEP][PASSED] - click: Object: 'Object Repository/Final Object Repo/WorkFlow Listing Page/Click Continue Tooltip' is clicked on

2018-12-12 10:24:39 - [MESSAGE][PASSED] - Object: 'Object Repository/Final Object Repo/WorkFlow Listing Page/Click Continue Tooltip' is clicked on

2018-12-12 10:24:39 - [TEST_STEP][PASSED] - delay: Delayed 5 second(s)

2018-12-12 10:24:44 - [MESSAGE][PASSED] - Delayed 5 second(s)

2018-12-12 10:24:44 - [TEST_STEP][PASSED] - doubleClick: Object: 'Object Repository/Final Object Repo/WorkFlow Listing Page/Workflow Found - Listing 1' is double clicked on

2018-12-12 10:24:45 - [MESSAGE][PASSED] - Object: 'Object Repository/Final Object Repo/WorkFlow Listing Page/Workflow Found - Listing 1' is double clicked on

2018-12-12 10:24:45 - [TEST_STEP][PASSED] - Statement - println(OwnerID): null

2018-12-12 10:24:45 - [TEST_STEP][PASSED] - Statement - OwnerID = com.kms.katalon.core.webui.keyword.WebUiBuiltInKeywords.getText(com.kms.katalon.core.testobject.ObjectRepository.findTestObject(Final Object Repo/WorkFlow Listing Page/Workflow Found - Listing 1), STOP_ON_FAILURE): Text of object 'Object Repository/Final Object Repo/WorkFlow Listing Page/Workflow Found - Listing 1' is: 'JOHORuo2'

2018-12-12 10:24:45 - [MESSAGE][PASSED] - Text of object 'Object Repository/Final Object Repo/WorkFlow Listing Page/Workflow Found - Listing 1' is: 'JOHORuo2'

2018-12-12 10:24:45 - [TEST_STEP][PASSED] - Statement - OwnerID = OwnerID.toLowerCase() + "@gmail.com": null

2018-12-12 10:24:45 - [TEST_STEP][PASSED] - Statement - println(OwnerID): null

2018-12-12 10:24:45 - [TEST_STEP][PASSED] - delay: Delayed 2 second(s)

2018-12-12 10:24:47 - [MESSAGE][PASSED] - Delayed 2 second(s)

2018-12-12 10:24:47 - [MESSAGE][PASSED] - Call Test Case 'Test Cases/Final Aug 2018 - PKS Automation/Common/Workflow Owner Finder' successfully

2018-12-12 10:24:47 - [TEST_STEP][PASSED] - delay: Delayed 2 second(s)

2018-12-12 10:24:49 - [MESSAGE][PASSED] - Delayed 2 second(s)

2018-12-12 10:24:49 - [TEST_STEP][PASSED] - navigateToUrl: Navigate to 'https://assist2-uat.perkeso.gov.my/c/portal/logout' successfully

2018-12-12 10:24:49 - [MESSAGE][PASSED] - Navigate to 'https://assist2-uat.perkeso.gov.my/c/portal/logout' successfully

2018-12-12 10:24:49 - [TEST_STEP][PASSED] - delay: Delayed 2 second(s)

2018-12-12 10:24:51 - [MESSAGE][PASSED] - Delayed 2 second(s)

2018-12-12 10:24:51 - [TEST_STEP][PASSED] - callTestCase: Call Test Case 'Test Cases/Final Aug 2018 - PKS Automation/Registration Module/Workflow/Login and Search Case For Workflow' successfully

2018-12-12 10:24:52 - [TEST_CASE][PASSED] - Test Cases/Final Aug 2018 - PKS Automation/Registration Module/Workflow/Login and Search Case For Workflow: Test Cases/Final Aug 2018 - PKS Automation/Registration Module/Workflow/Login and Search Case For Workflow

2018-12-12 10:24:52 - [TEST_STEP][PASSED] - navigateToUrl: Navigate to 'https://assist2-uat.perkeso.gov.my/login' successfully

2018-12-12 10:24:52 - [MESSAGE][PASSED] - Navigate to 'https://assist2-uat.perkeso.gov.my/login' successfully

2018-12-12 10:24:52 - [TEST_STEP][PASSED] - setText: Text 'johoruo2@gmail.com' is set on object 'Object Repository/Final Object Repo/Login Page/Internal User/Email Address'

2018-12-12 10:24:52 - [MESSAGE][PASSED] - Text 'johoruo2@gmail.com' is set on object 'Object Repository/Final Object Repo/Login Page/Internal User/Email Address'

2018-12-12 10:24:52 - [TEST_STEP][PASSED] - click: Object: 'Object Repository/Final Object Repo/Login Page/Internal User/Next Button' is clicked on

2018-12-12 10:24:53 - [MESSAGE][PASSED] - Object: 'Object Repository/Final Object Repo/Login Page/Internal User/Next Button' is clicked on

2018-12-12 10:24:53 - [TEST_STEP][PASSED] - delay: Delayed 1 second(s)

2018-12-12 10:24:54 - [MESSAGE][PASSED] - Delayed 1 second(s)

2018-12-12 10:24:54 - [TEST_STEP][PASSED] - setEncryptedText: Text ****** has been set on object 'Object Repository/Final Object Repo/Login Page/Internal User/Password'

2018-12-12 10:24:54 - [MESSAGE][PASSED] - Text ****** has been set on object 'Object Repository/Final Object Repo/Login Page/Internal User/Password'

2018-12-12 10:24:54 - [TEST_STEP][PASSED] - click: Object: 'Object Repository/Final Object Repo/Login Page/Internal User/Login Button' is clicked on

2018-12-12 10:24:54 - [MESSAGE][PASSED] - Object: 'Object Repository/Final Object Repo/Login Page/Internal User/Login Button' is clicked on

2018-12-12 10:24:54 - [TEST_STEP][PASSED] - delay: Delayed 2 second(s)

2018-12-12 10:24:56 - [MESSAGE][PASSED] - Delayed 2 second(s)

2018-12-12 10:24:56 - [TEST_STEP][PASSED] - Statement - Try: Delayed 2 second(s)

2018-12-12 10:24:56 - [TEST_STEP][PASSED] - Statement - Checker = false: null

2018-12-12 10:24:56 - [TEST_STEP][PASSED] - Statement - Checker = com.kms.katalon.core.webui.keyword.WebUiBuiltInKeywords.verifyElementHasAttribute(com.kms.katalon.core.testobject.ObjectRepository.findTestObject(Final Object Repo/Landing Page/BM Detecting), "href", 20, OPTIONAL): Object 'Object Repository/Final Object Repo/Landing Page/BM Detecting' has attribute 'href'

2018-12-12 10:24:56 - [MESSAGE][PASSED] - Object 'Object Repository/Final Object Repo/Landing Page/BM Detecting' has attribute 'href'

2018-12-12 10:24:56 - [TEST_STEP][PASSED] - Statement - out.println(Checker): null

2018-12-12 10:24:56 - [TEST_STEP][PASSED] - Statement - If (Checker == false): null

2018-12-12 10:24:56 - [TEST_STEP][PASSED] - Statement - Else: null

2018-12-12 10:24:56 - [TEST_STEP][PASSED] - delay: Delayed 2 second(s)

2018-12-12 10:24:58 - [MESSAGE][PASSED] - Delayed 2 second(s)

2018-12-12 10:24:58 - [TEST_STEP][PASSED] - click: Object: 'Object Repository/Final Object Repo/Page_MyASSIST - ASSIST - Search Pending Case For Add Supporting Document/Search Information' is clicked on

2018-12-12 10:24:58 - [MESSAGE][PASSED] - Object: 'Object Repository/Final Object Repo/Page_MyASSIST - ASSIST - Search Pending Case For Add Supporting Document/Search Information' is clicked on

2018-12-12 10:24:58 - [TEST_STEP][PASSED] - delay: Delayed 3 second(s)

2018-12-12 10:25:01 - [MESSAGE][PASSED] - Delayed 3 second(s)

2018-12-12 10:25:01 - [TEST_STEP][PASSED] - sendKeys: Keys 'CUN122018C100005976' sent to object: 'Object Repository/Final Object Repo/Page_MyASSIST - ASSIST - Search Pending Case For Add Supporting Document/Reference No'

2018-12-12 10:25:02 - [MESSAGE][PASSED] - Keys 'CUN122018C100005976' sent to object: 'Object Repository/Final Object Repo/Page_MyASSIST - ASSIST - Search Pending Case For Add Supporting Document/Reference No'

2018-12-12 10:25:02 - [TEST_STEP][PASSED] - click: Object: 'Object Repository/Final Object Repo/Page_MyASSIST - ASSIST - Search Pending Case For Add Supporting Document/Search Reference No' is clicked on

2018-12-12 10:25:02 - [MESSAGE][PASSED] - Object: 'Object Repository/Final Object Repo/Page_MyASSIST - ASSIST - Search Pending Case For Add Supporting Document/Search Reference No' is clicked on

2018-12-12 10:25:02 - [TEST_STEP][PASSED] - delay: Delayed 2 second(s)

2018-12-12 10:25:04 - [MESSAGE][PASSED] - Delayed 2 second(s)

2018-12-12 10:25:04 - [TEST_STEP][PASSED] - click: Object: 'Object Repository/Final Object Repo/Page_MyASSIST - ASSIST - Search Pending Case For Add Supporting Document/Continue' is clicked on

2018-12-12 10:25:08 - [MESSAGE][PASSED] - Object: 'Object Repository/Final Object Repo/Page_MyASSIST - ASSIST - Search Pending Case For Add Supporting Document/Continue' is clicked on

2018-12-12 10:25:08 - [TEST_STEP][PASSED] - delay: Delayed 20 second(s)

2018-12-12 10:25:28 - [MESSAGE][PASSED] - Delayed 20 second(s)

2018-12-12 10:25:28 - [MESSAGE][PASSED] - Call Test Case 'Test Cases/Final Aug 2018 - PKS Automation/Registration Module/Workflow/Login and Search Case For Workflow' successfully

2018-12-12 10:25:28 - [TEST_STEP][PASSED] - delay: Delayed 2 second(s)

2018-12-12 10:25:30 - [MESSAGE][PASSED] - Delayed 2 second(s)

2018-12-12 10:25:30 - [TEST_STEP][PASSED] - click: Object: 'Object Repository/Final Object Repo/Page_Update Employee Information By Employer/Page_Update Employee Information by Employer (Approve)/Continue' is clicked on

2018-12-12 10:25:33 - [MESSAGE][PASSED] - Object: 'Object Repository/Final Object Repo/Page_Update Employee Information By Employer/Page_Update Employee Information by Employer (Approve)/Continue' is clicked on

2018-12-12 10:25:33 - [TEST_STEP][PASSED] - delay: Delayed 2 second(s)

2018-12-12 10:25:35 - [MESSAGE][PASSED] - Delayed 2 second(s)

2018-12-12 10:25:35 - [TEST_STEP][PASSED] - click: Object: 'Object Repository/Final Object Repo/Page_Update Employee Information By Employer/Page_Update Employee Information by Employer (Approve)/Save  Continue in Update Employee Information Page' is clicked on

2018-12-12 10:25:35 - [MESSAGE][PASSED] - Object: 'Object Repository/Final Object Repo/Page_Update Employee Information By Employer/Page_Update Employee Information by Employer (Approve)/Save  Continue in Update Employee Information Page' is clicked on

2018-12-12 10:25:35 - [TEST_STEP][PASSED] - delay: Delayed 4 second(s)

2018-12-12 10:25:39 - [MESSAGE][PASSED] - Delayed 4 second(s)

2018-12-12 10:25:39 - [TEST_STEP][PASSED] - setText: Text 'Query' is set on object 'Object Repository/Final Object Repo/Page_Update Employee Information By Employer/Page_Update Employee Information by Employer (Query)/Remark'

2018-12-12 10:25:39 - [MESSAGE][PASSED] - Text 'Query' is set on object 'Object Repository/Final Object Repo/Page_Update Employee Information By Employer/Page_Update Employee Information by Employer (Query)/Remark'

2018-12-12 10:25:39 - [TEST_STEP][PASSED] - delay: Delayed 2 second(s)

2018-12-12 10:25:41 - [MESSAGE][PASSED] - Delayed 2 second(s)

2018-12-12 10:25:41 - [TEST_STEP][PASSED] - click: Object: 'Object Repository/Final Object Repo/Page_Update Employee Information By Employer/Page_Update Employee Information by Employer (Approve)/Save  Continue in Upload Supporting Doucument Page' is clicked on

2018-12-12 10:25:42 - [MESSAGE][PASSED] - Object: 'Object Repository/Final Object Repo/Page_Update Employee Information By Employer/Page_Update Employee Information by Employer (Approve)/Save  Continue in Upload Supporting Doucument Page' is clicked on

2018-12-12 10:25:42 - [TEST_STEP][PASSED] - delay: Delayed 2 second(s)

2018-12-12 10:25:44 - [MESSAGE][PASSED] - Delayed 2 second(s)

2018-12-12 10:25:44 - [TEST_STEP][PASSED] - click: Object: 'Object Repository/Final Object Repo/Page_Update Employee Information By Employer/Page_Update Employee Information by Employer (Query)/Query' is clicked on

2018-12-12 10:25:45 - [MESSAGE][PASSED] - Object: 'Object Repository/Final Object Repo/Page_Update Employee Information By Employer/Page_Update Employee Information by Employer (Query)/Query' is clicked on

2018-12-12 10:25:45 - [TEST_STEP][PASSED] - delay: Delayed 2 second(s)

2018-12-12 10:25:47 - [MESSAGE][PASSED] - Delayed 2 second(s)

2018-12-12 10:25:47 - [TEST_STEP][PASSED] - click: Object: 'Object Repository/Final Object Repo/Page_Update Employee Information By Employer/Page_Update Employee Information by Employer (Approve)/Confirm' is clicked on

2018-12-12 10:25:47 - [MESSAGE][PASSED] - Object: 'Object Repository/Final Object Repo/Page_Update Employee Information By Employer/Page_Update Employee Information by Employer (Approve)/Confirm' is clicked on

2018-12-12 10:25:47 - [TEST_STEP][PASSED] - delay: Delayed 2 second(s)

2018-12-12 10:25:49 - [MESSAGE][PASSED] - Delayed 2 second(s)

2018-12-12 10:25:49 - [TEST_STEP][PASSED] - click: Object: 'Object Repository/Final Object Repo/Page_Update Employee Information By Employer/Page_Update Employee Information by Employer (Query)/Query Message The case is Under Query' is clicked on

2018-12-12 10:25:53 - [MESSAGE][PASSED] - Object: 'Object Repository/Final Object Repo/Page_Update Employee Information By Employer/Page_Update Employee Information by Employer (Query)/Query Message The case is Under Query' is clicked on

2018-12-12 10:25:53 - [TEST_STEP][PASSED] - delay: Delayed 2 second(s)

2018-12-12 10:25:55 - [MESSAGE][PASSED] - Delayed 2 second(s)

2018-12-12 10:25:55 - [TEST_STEP][PASSED] - click: Object: 'Object Repository/Final Object Repo/Page_Update Employee Information By Employer/Page_Update Employee Information by Employer (Query)/Letter of inquiry' is clicked on

2018-12-12 10:25:56 - [MESSAGE][PASSED] - Object: 'Object Repository/Final Object Repo/Page_Update Employee Information By Employer/Page_Update Employee Information by Employer (Query)/Letter of inquiry' is clicked on

2018-12-12 10:25:56 - [TEST_STEP][PASSED] - delay: Delayed 1 second(s)

2018-12-12 10:25:57 - [MESSAGE][PASSED] - Delayed 1 second(s)

2018-12-12 10:25:57 - [TEST_STEP][PASSED] - navigateToUrl: Navigate to 'https://assist2-uat.perkeso.gov.my/c/portal/logout' successfully

2018-12-12 10:25:58 - [MESSAGE][PASSED] - Navigate to 'https://assist2-uat.perkeso.gov.my/c/portal/logout' successfully

2018-12-12 10:25:58 - [TEST_STEP][PASSED] - delay: Delayed 1 second(s)

2018-12-12 10:25:59 - [MESSAGE][PASSED] - Delayed 1 second(s)

2018-12-12 10:25:59 - [TEST_STEP][PASSED] - callTestCase: Call Test Case 'Test Cases/Final Aug 2018 - PKS Automation/Registration Module/Workflow/Search Pending Case For Add Supporting Document (OTC)' successfully

2018-12-12 10:25:59 - [TEST_CASE][PASSED] - Test Cases/Final Aug 2018 - PKS Automation/Registration Module/Workflow/Search Pending Case For Add Supporting Document (OTC): Test Cases/Final Aug 2018 - PKS Automation/Registration Module/Workflow/Search Pending Case For Add Supporting Document (OTC)

2018-12-12 10:25:59 - [TEST_STEP][PASSED] - openBrowser: Browser is opened with url: ''

2018-12-12 10:25:59 - [MESSAGE][WARNING] - A browser is already opened. Closing browser and opening a new one

2018-12-12 10:26:03 - [MESSAGE][PASSED] - Browser is opened with url: ''

2018-12-12 10:26:03 - [TEST_STEP][PASSED] - navigateToUrl: Navigate to 'https://assist2-uat.perkeso.gov.my/login' successfully

2018-12-12 10:26:04 - [MESSAGE][PASSED] - Navigate to 'https://assist2-uat.perkeso.gov.my/login' successfully

2018-12-12 10:26:04 - [TEST_STEP][PASSED] - setText: Text 'johorotc1@gmail.com' is set on object 'Object Repository/Final Object Repo/Login Page/Internal User/Email Address'

2018-12-12 10:26:05 - [MESSAGE][PASSED] - Text 'johorotc1@gmail.com' is set on object 'Object Repository/Final Object Repo/Login Page/Internal User/Email Address'

2018-12-12 10:26:05 - [TEST_STEP][PASSED] - click: Object: 'Object Repository/Final Object Repo/Login Page/Internal User/Next Button' is clicked on

2018-12-12 10:26:05 - [MESSAGE][PASSED] - Object: 'Object Repository/Final Object Repo/Login Page/Internal User/Next Button' is clicked on

2018-12-12 10:26:05 - [TEST_STEP][PASSED] - delay: Delayed 1 second(s)

2018-12-12 10:26:06 - [MESSAGE][PASSED] - Delayed 1 second(s)

2018-12-12 10:26:06 - [TEST_STEP][PASSED] - setEncryptedText: Text ****** has been set on object 'Object Repository/Final Object Repo/Login Page/Internal User/Password'

2018-12-12 10:26:06 - [MESSAGE][PASSED] - Text ****** has been set on object 'Object Repository/Final Object Repo/Login Page/Internal User/Password'

2018-12-12 10:26:06 - [TEST_STEP][PASSED] - click: Object: 'Object Repository/Final Object Repo/Login Page/Internal User/Login Button' is clicked on

2018-12-12 10:26:06 - [MESSAGE][PASSED] - Object: 'Object Repository/Final Object Repo/Login Page/Internal User/Login Button' is clicked on

2018-12-12 10:26:06 - [TEST_STEP][PASSED] - delay: Delayed 1 second(s)

2018-12-12 10:26:07 - [MESSAGE][PASSED] - Delayed 1 second(s)

2018-12-12 10:26:07 - [TEST_STEP][PASSED] - Statement - Try: Delayed 2 second(s)

2018-12-12 10:26:07 - [TEST_STEP][PASSED] - Statement - Checker = false: null

2018-12-12 10:26:07 - [TEST_STEP][PASSED] - Statement - Checker = com.kms.katalon.core.webui.keyword.WebUiBuiltInKeywords.verifyElementHasAttribute(com.kms.katalon.core.testobject.ObjectRepository.findTestObject(Final Object Repo/Landing Page/BM Detecting), "href", 20, OPTIONAL): Object 'Object Repository/Final Object Repo/Landing Page/BM Detecting' has attribute 'href'

2018-12-12 10:26:08 - [MESSAGE][PASSED] - Object 'Object Repository/Final Object Repo/Landing Page/BM Detecting' has attribute 'href'

2018-12-12 10:26:08 - [TEST_STEP][PASSED] - Statement - out.println(Checker): null

2018-12-12 10:26:08 - [TEST_STEP][PASSED] - Statement - If (Checker == false): null

2018-12-12 10:26:08 - [TEST_STEP][PASSED] - Statement - Else: null

2018-12-12 10:26:08 - [TEST_STEP][PASSED] - delay: Delayed 2 second(s)

2018-12-12 10:26:10 - [MESSAGE][PASSED] - Delayed 2 second(s)

2018-12-12 10:26:10 - [TEST_STEP][PASSED] - navigateToUrl: Navigate to 'https://assist2-uat.perkeso.gov.my/web/registration/search/search-pending-case-for-add-supporting-document' successfully

2018-12-12 10:26:11 - [MESSAGE][PASSED] - Navigate to 'https://assist2-uat.perkeso.gov.my/web/registration/search/search-pending-case-for-add-supporting-document' successfully

2018-12-12 10:26:11 - [TEST_STEP][PASSED] - click: Object: 'Object Repository/Final Object Repo/Page_Search Pending Case For Add Suporting Document/Search By' is clicked on

2018-12-12 10:26:11 - [MESSAGE][PASSED] - Object: 'Object Repository/Final Object Repo/Page_Search Pending Case For Add Suporting Document/Search By' is clicked on

2018-12-12 10:26:11 - [TEST_STEP][PASSED] - click: Object: 'Object Repository/Final Object Repo/Page_Search Pending Case For Add Suporting Document/Search By - Reference ID' is clicked on

2018-12-12 10:26:11 - [MESSAGE][PASSED] - Object: 'Object Repository/Final Object Repo/Page_Search Pending Case For Add Suporting Document/Search By - Reference ID' is clicked on

2018-12-12 10:26:11 - [TEST_STEP][PASSED] - delay: Delayed 2 second(s)

2018-12-12 10:26:13 - [MESSAGE][PASSED] - Delayed 2 second(s)

2018-12-12 10:26:13 - [TEST_STEP][PASSED] - setText: Text 'CUN122018C100005976' is set on object 'Object Repository/Final Object Repo/Page_Search Pending Case For Add Suporting Document/Reference ID'

2018-12-12 10:26:14 - [MESSAGE][PASSED] - Text 'CUN122018C100005976' is set on object 'Object Repository/Final Object Repo/Page_Search Pending Case For Add Suporting Document/Reference ID'

2018-12-12 10:26:14 - [TEST_STEP][PASSED] - click: Object: 'Object Repository/Final Object Repo/Page_Search Pending Case For Add Suporting Document/Search' is clicked on

2018-12-12 10:26:14 - [MESSAGE][PASSED] - Object: 'Object Repository/Final Object Repo/Page_Search Pending Case For Add Suporting Document/Search' is clicked on

2018-12-12 10:26:14 - [TEST_STEP][PASSED] - delay: Delayed 2 second(s)

2018-12-12 10:26:16 - [MESSAGE][PASSED] - Delayed 2 second(s)

2018-12-12 10:26:16 - [TEST_STEP][PASSED] - click: Object: 'Object Repository/Final Object Repo/Page_Search Pending Case For Add Suporting Document/Edit' is clicked on

2018-12-12 10:26:19 - [MESSAGE][PASSED] - Object: 'Object Repository/Final Object Repo/Page_Search Pending Case For Add Suporting Document/Edit' is clicked on

2018-12-12 10:26:19 - [MESSAGE][PASSED] - Call Test Case 'Test Cases/Final Aug 2018 - PKS Automation/Registration Module/Workflow/Search Pending Case For Add Supporting Document (OTC)' successfully

2018-12-12 10:26:19 - [TEST_STEP][PASSED] - click: Object: 'Object Repository/Final Object Repo/Page_Update Employee Information By Employer/Page_Update Employee Information by Employer (Query -OTC -UO)/Next' is clicked on

2018-12-12 10:26:22 - [MESSAGE][PASSED] - Object: 'Object Repository/Final Object Repo/Page_Update Employee Information By Employer/Page_Update Employee Information by Employer (Query -OTC -UO)/Next' is clicked on

2018-12-12 10:26:22 - [TEST_STEP][PASSED] - delay: Delayed 2 second(s)

2018-12-12 10:26:24 - [MESSAGE][PASSED] - Delayed 2 second(s)

2018-12-12 10:26:24 - [TEST_STEP][PASSED] - click: Object: 'Object Repository/Final Object Repo/Page_Update Employee Information By Employer/Page_Update Employee Information by Employer (Query -OTC -UO)/Add Document Button' is clicked on

2018-12-12 10:26:24 - [MESSAGE][PASSED] - Object: 'Object Repository/Final Object Repo/Page_Update Employee Information By Employer/Page_Update Employee Information by Employer (Query -OTC -UO)/Add Document Button' is clicked on

2018-12-12 10:26:24 - [TEST_STEP][PASSED] - delay: Delayed 5 second(s)

2018-12-12 10:26:29 - [MESSAGE][PASSED] - Delayed 5 second(s)

2018-12-12 10:26:29 - [TEST_STEP][PASSED] - click: Object: 'Object Repository/Final Object Repo/Page_Update Employee Information By Employer/Page_Update Employee Information by Employer (Query -OTC -UO)/Document Type' is clicked on

2018-12-12 10:26:29 - [MESSAGE][PASSED] - Object: 'Object Repository/Final Object Repo/Page_Update Employee Information By Employer/Page_Update Employee Information by Employer (Query -OTC -UO)/Document Type' is clicked on

2018-12-12 10:26:29 - [TEST_STEP][PASSED] - click: Object: 'Object Repository/Final Object Repo/Page_Update Employee Information By Employer/Page_Update Employee Information by Employer (Query -OTC -UO)/Document Type - Other' is clicked on

2018-12-12 10:26:30 - [MESSAGE][PASSED] - Object: 'Object Repository/Final Object Repo/Page_Update Employee Information By Employer/Page_Update Employee Information by Employer (Query -OTC -UO)/Document Type - Other' is clicked on

2018-12-12 10:26:30 - [TEST_STEP][PASSED] - sendKeys: Keys 'C:\Users\Public\Pictures\Sample Pictures\Koala.jpg' sent to object: 'Object Repository/Final Object Repo/Page_Update Employee Information By Employer/Page_Update Employee Information by Employer (Query -OTC -UO)/Upload File'

2018-12-12 10:26:30 - [MESSAGE][PASSED] - Keys 'C:\Users\Public\Pictures\Sample Pictures\Koala.jpg' sent to object: 'Object Repository/Final Object Repo/Page_Update Employee Information By Employer/Page_Update Employee Information by Employer (Query -OTC -UO)/Upload File'

2018-12-12 10:26:30 - [TEST_STEP][PASSED] - click: Object: 'Object Repository/Final Object Repo/Page_Update Employee Information By Employer/Page_Update Employee Information by Employer (Query -OTC -UO)/Add Document' is clicked on

2018-12-12 10:26:30 - [MESSAGE][PASSED] - Object: 'Object Repository/Final Object Repo/Page_Update Employee Information By Employer/Page_Update Employee Information by Employer (Query -OTC -UO)/Add Document' is clicked on

2018-12-12 10:26:30 - [TEST_STEP][PASSED] - delay: Delayed 2 second(s)

2018-12-12 10:26:32 - [MESSAGE][PASSED] - Delayed 2 second(s)

2018-12-12 10:26:32 - [TEST_STEP][PASSED] - click: Object: 'Object Repository/Final Object Repo/Page_Update Employee Information By Employer/Page_Update Employee Information by Employer (Query -OTC -UO)/Exit' is clicked on

2018-12-12 10:26:35 - [MESSAGE][PASSED] - Object: 'Object Repository/Final Object Repo/Page_Update Employee Information By Employer/Page_Update Employee Information by Employer (Query -OTC -UO)/Exit' is clicked on

2018-12-12 10:26:35 - [TEST_STEP][PASSED] - delay: Delayed 2 second(s)

2018-12-12 10:26:37 - [MESSAGE][PASSED] - Delayed 2 second(s)

2018-12-12 10:26:37 - [TEST_STEP][PASSED] - navigateToUrl: Navigate to 'https://assist2-uat.perkeso.gov.my/c/portal/logout' successfully

2018-12-12 10:26:37 - [MESSAGE][PASSED] - Navigate to 'https://assist2-uat.perkeso.gov.my/c/portal/logout' successfully

2018-12-12 10:26:37 - [TEST_STEP][PASSED] - delay: Delayed 2 second(s)

2018-12-12 10:26:39 - [MESSAGE][PASSED] - Delayed 2 second(s)

2018-12-12 10:26:39 - [TEST_STEP][PASSED] - callTestCase: Call Test Case 'Test Cases/Final Aug 2018 - PKS Automation/Registration Module/Workflow/Login and Search Case For Workflow' successfully

2018-12-12 10:26:39 - [TEST_CASE][PASSED] - Test Cases/Final Aug 2018 - PKS Automation/Registration Module/Workflow/Login and Search Case For Workflow: Test Cases/Final Aug 2018 - PKS Automation/Registration Module/Workflow/Login and Search Case For Workflow

2018-12-12 10:26:39 - [TEST_STEP][PASSED] - navigateToUrl: Navigate to 'https://assist2-uat.perkeso.gov.my/login' successfully

2018-12-12 10:26:40 - [MESSAGE][PASSED] - Navigate to 'https://assist2-uat.perkeso.gov.my/login' successfully

2018-12-12 10:26:40 - [TEST_STEP][PASSED] - setText: Text 'johoruo2@gmail.com' is set on object 'Object Repository/Final Object Repo/Login Page/Internal User/Email Address'

2018-12-12 10:26:40 - [MESSAGE][PASSED] - Text 'johoruo2@gmail.com' is set on object 'Object Repository/Final Object Repo/Login Page/Internal User/Email Address'

2018-12-12 10:26:40 - [TEST_STEP][PASSED] - click: Object: 'Object Repository/Final Object Repo/Login Page/Internal User/Next Button' is clicked on

2018-12-12 10:26:40 - [MESSAGE][PASSED] - Object: 'Object Repository/Final Object Repo/Login Page/Internal User/Next Button' is clicked on

2018-12-12 10:26:40 - [TEST_STEP][PASSED] - delay: Delayed 1 second(s)

2018-12-12 10:26:41 - [MESSAGE][PASSED] - Delayed 1 second(s)

2018-12-12 10:26:41 - [TEST_STEP][PASSED] - setEncryptedText: Text ****** has been set on object 'Object Repository/Final Object Repo/Login Page/Internal User/Password'

2018-12-12 10:26:42 - [MESSAGE][PASSED] - Text ****** has been set on object 'Object Repository/Final Object Repo/Login Page/Internal User/Password'

2018-12-12 10:26:42 - [TEST_STEP][PASSED] - click: Object: 'Object Repository/Final Object Repo/Login Page/Internal User/Login Button' is clicked on

2018-12-12 10:26:42 - [MESSAGE][PASSED] - Object: 'Object Repository/Final Object Repo/Login Page/Internal User/Login Button' is clicked on

2018-12-12 10:26:42 - [TEST_STEP][PASSED] - delay: Delayed 2 second(s)

2018-12-12 10:26:44 - [MESSAGE][PASSED] - Delayed 2 second(s)

2018-12-12 10:26:44 - [TEST_STEP][PASSED] - Statement - Try: Delayed 2 second(s)

2018-12-12 10:26:44 - [TEST_STEP][PASSED] - Statement - Checker = false: null

2018-12-12 10:26:44 - [TEST_STEP][PASSED] - Statement - Checker = com.kms.katalon.core.webui.keyword.WebUiBuiltInKeywords.verifyElementHasAttribute(com.kms.katalon.core.testobject.ObjectRepository.findTestObject(Final Object Repo/Landing Page/BM Detecting), "href", 20, OPTIONAL): Object 'Object Repository/Final Object Repo/Landing Page/BM Detecting' has attribute 'href'

2018-12-12 10:26:44 - [MESSAGE][PASSED] - Object 'Object Repository/Final Object Repo/Landing Page/BM Detecting' has attribute 'href'

2018-12-12 10:26:44 - [TEST_STEP][PASSED] - Statement - out.println(Checker): null

2018-12-12 10:26:44 - [TEST_STEP][PASSED] - Statement - If (Checker == false): null

2018-12-12 10:26:44 - [TEST_STEP][PASSED] - Statement - Else: null

2018-12-12 10:26:44 - [TEST_STEP][PASSED] - delay: Delayed 2 second(s)

2018-12-12 10:26:46 - [MESSAGE][PASSED] - Delayed 2 second(s)

2018-12-12 10:26:46 - [TEST_STEP][PASSED] - click: Object: 'Object Repository/Final Object Repo/Page_MyASSIST - ASSIST - Search Pending Case For Add Supporting Document/Search Information' is clicked on

2018-12-12 10:26:46 - [MESSAGE][PASSED] - Object: 'Object Repository/Final Object Repo/Page_MyASSIST - ASSIST - Search Pending Case For Add Supporting Document/Search Information' is clicked on

2018-12-12 10:26:46 - [TEST_STEP][PASSED] - delay: Delayed 3 second(s)

2018-12-12 10:26:49 - [MESSAGE][PASSED] - Delayed 3 second(s)

2018-12-12 10:26:49 - [TEST_STEP][PASSED] - sendKeys: Keys 'CUN122018C100005976' sent to object: 'Object Repository/Final Object Repo/Page_MyASSIST - ASSIST - Search Pending Case For Add Supporting Document/Reference No'

2018-12-12 10:26:49 - [MESSAGE][PASSED] - Keys 'CUN122018C100005976' sent to object: 'Object Repository/Final Object Repo/Page_MyASSIST - ASSIST - Search Pending Case For Add Supporting Document/Reference No'

2018-12-12 10:26:49 - [TEST_STEP][PASSED] - click: Object: 'Object Repository/Final Object Repo/Page_MyASSIST - ASSIST - Search Pending Case For Add Supporting Document/Search Reference No' is clicked on

2018-12-12 10:26:50 - [MESSAGE][PASSED] - Object: 'Object Repository/Final Object Repo/Page_MyASSIST - ASSIST - Search Pending Case For Add Supporting Document/Search Reference No' is clicked on

2018-12-12 10:26:50 - [TEST_STEP][PASSED] - delay: Delayed 2 second(s)

2018-12-12 10:26:52 - [MESSAGE][PASSED] - Delayed 2 second(s)

2018-12-12 10:26:52 - [TEST_STEP][PASSED] - click: Object: 'Object Repository/Final Object Repo/Page_MyASSIST - ASSIST - Search Pending Case For Add Supporting Document/Continue' is clicked on

2018-12-12 10:26:55 - [MESSAGE][PASSED] - Object: 'Object Repository/Final Object Repo/Page_MyASSIST - ASSIST - Search Pending Case For Add Supporting Document/Continue' is clicked on

2018-12-12 10:26:55 - [TEST_STEP][PASSED] - delay: Delayed 20 second(s)

2018-12-12 10:27:15 - [MESSAGE][PASSED] - Delayed 20 second(s)

2018-12-12 10:27:15 - [MESSAGE][PASSED] - Call Test Case 'Test Cases/Final Aug 2018 - PKS Automation/Registration Module/Workflow/Login and Search Case For Workflow' successfully

2018-12-12 10:27:15 - [TEST_STEP][PASSED] - click: Object: 'Object Repository/Final Object Repo/Page_Update Employee Information By Employer/Page_Update Employee Information by Employer (Approve)/Continue' is clicked on

2018-12-12 10:27:19 - [MESSAGE][PASSED] - Object: 'Object Repository/Final Object Repo/Page_Update Employee Information By Employer/Page_Update Employee Information by Employer (Approve)/Continue' is clicked on

2018-12-12 10:27:19 - [TEST_STEP][PASSED] - delay: Delayed 2 second(s)

2018-12-12 10:27:21 - [MESSAGE][PASSED] - Delayed 2 second(s)

2018-12-12 10:27:21 - [TEST_STEP][PASSED] - click: Object: 'Object Repository/Final Object Repo/Page_Update Employee Information By Employer/Page_Update Employee Information by Employer (Approve)/Save  Continue in Update Employee Information Page' is clicked on

2018-12-12 10:27:21 - [MESSAGE][PASSED] - Object: 'Object Repository/Final Object Repo/Page_Update Employee Information By Employer/Page_Update Employee Information by Employer (Approve)/Save  Continue in Update Employee Information Page' is clicked on

2018-12-12 10:27:21 - [TEST_STEP][PASSED] - delay: Delayed 4 second(s)

2018-12-12 10:27:25 - [MESSAGE][PASSED] - Delayed 4 second(s)

2018-12-12 10:27:25 - [TEST_STEP][PASSED] - click: Object: 'Object Repository/Final Object Repo/Page_Update Employee Information By Employer/Page_Update Employee Information by Employer (Approve)/Save  Continue in Upload Supporting Doucument Page' is clicked on

2018-12-12 10:27:25 - [MESSAGE][PASSED] - Object: 'Object Repository/Final Object Repo/Page_Update Employee Information By Employer/Page_Update Employee Information by Employer (Approve)/Save  Continue in Upload Supporting Doucument Page' is clicked on

2018-12-12 10:27:25 - [TEST_STEP][PASSED] - delay: Delayed 2 second(s)

2018-12-12 10:27:27 - [MESSAGE][PASSED] - Delayed 2 second(s)

2018-12-12 10:27:27 - [TEST_STEP][PASSED] - click: Object: 'Object Repository/Final Object Repo/Page_Update Employee Information By Employer/Page_Update Employee Information by Employer (Approve)/Approve' is clicked on

2018-12-12 10:27:29 - [MESSAGE][PASSED] - Object: 'Object Repository/Final Object Repo/Page_Update Employee Information By Employer/Page_Update Employee Information by Employer (Approve)/Approve' is clicked on

2018-12-12 10:27:29 - [TEST_STEP][PASSED] - delay: Delayed 2 second(s)

2018-12-12 10:27:31 - [MESSAGE][PASSED] - Delayed 2 second(s)

2018-12-12 10:27:31 - [TEST_STEP][PASSED] - click: Object: 'Object Repository/Final Object Repo/Page_Update Employee Information By Employer/Page_Update Employee Information by Employer (Approve)/Confirm' is clicked on

2018-12-12 10:27:31 - [MESSAGE][PASSED] - Object: 'Object Repository/Final Object Repo/Page_Update Employee Information By Employer/Page_Update Employee Information by Employer (Approve)/Confirm' is clicked on

2018-12-12 10:27:31 - [TEST_STEP][PASSED] - delay: Delayed 2 second(s)

2018-12-12 10:27:33 - [MESSAGE][PASSED] - Delayed 2 second(s)

2018-12-12 10:27:33 - [TEST_STEP][PASSED] - verifyElementVisible: Object 'Object Repository/Final Object Repo/Page_Update Employee Information By Employer/Page_Update Employee Information by Employer (Approve)/Successfull Message Submitted Successfully' is visible

2018-12-12 10:27:37 - [MESSAGE][PASSED] - Object 'Object Repository/Final Object Repo/Page_Update Employee Information By Employer/Page_Update Employee Information by Employer (Approve)/Successfull Message Submitted Successfully' is visible

2018-12-12 10:27:37 - [TEST_STEP][PASSED] - delay: Delayed 2 second(s)

2018-12-12 10:27:39 - [MESSAGE][PASSED] - Delayed 2 second(s)

2018-12-12 10:27:39 - [TEST_STEP][PASSED] - verifyElementVisible: Object 'Object Repository/Final Object Repo/Page_Update Employee Information By Employer/Page_Update Employee Information by Employer (Approve)/Letter of Successful update' is visible

2018-12-12 10:27:39 - [MESSAGE][PASSED] - Object 'Object Repository/Final Object Repo/Page_Update Employee Information By Employer/Page_Update Employee Information by Employer (Approve)/Letter of Successful update' is visible

2018-12-12 10:27:39 - [MESSAGE][PASSED] - Call Test Case 'Test Cases/Final Aug 2018 - PKS Automation/Registration Module/Workflow/Update Employee Information (Employer)/Template/Update Employee Information - Special Case - UO(Query)' successfully]]></system-out>
         <system-err><![CDATA[]]></system-err>
      </testcase>
      <testcase name="Test Cases/Final Aug 2018 - PKS Automation/Registration Module/Workflow/Update Employee Information (Employer)/PAU to UO (Reject)" classname="Test Cases/Final Aug 2018 - PKS Automation/Registration Module/Workflow/Update Employee Information (Employer)/PAU to UO (Reject)" status="PASSED">
         <system-out><![CDATA[2018-12-12 10:27:39 - [TEST_CASE][PASSED] - Test Cases/Final Aug 2018 - PKS Automation/Registration Module/Workflow/Update Employee Information (Employer)/PAU to UO (Reject): Test Cases/Final Aug 2018 - PKS Automation/Registration Module/Workflow/Update Employee Information (Employer)/PAU to UO (Reject)

2018-12-12 10:27:39 - [TEST_STEP][PASSED] - callTestCase: Call Test Case 'Test Cases/Final Aug 2018 - PKS Automation/Registration Module/Workflow/Update Employee Information (Employer)/Template/Update Employer Information - Special Case (PAU)' successfully

2018-12-12 10:27:39 - [TEST_CASE][PASSED] - Test Cases/Final Aug 2018 - PKS Automation/Registration Module/Workflow/Update Employee Information (Employer)/Template/Update Employer Information - Special Case (PAU): Test Cases/Final Aug 2018 - PKS Automation/Registration Module/Workflow/Update Employee Information (Employer)/Template/Update Employer Information - Special Case (PAU)

2018-12-12 10:27:39 - [TEST_STEP][PASSED] - openBrowser: Browser is opened with url: ''

2018-12-12 10:27:39 - [MESSAGE][WARNING] - A browser is already opened. Closing browser and opening a new one

2018-12-12 10:27:43 - [MESSAGE][PASSED] - Browser is opened with url: ''

2018-12-12 10:27:43 - [TEST_STEP][PASSED] - navigateToUrl: Navigate to 'https://assist2-uat.perkeso.gov.my/login' successfully

2018-12-12 10:27:45 - [MESSAGE][PASSED] - Navigate to 'https://assist2-uat.perkeso.gov.my/login' successfully

2018-12-12 10:27:45 - [TEST_STEP][PASSED] - setText: Text 'johorpau1@gmail.com' is set on object 'Object Repository/Final Object Repo/Login Page/Internal User/Email Address'

2018-12-12 10:27:45 - [MESSAGE][PASSED] - Text 'johorpau1@gmail.com' is set on object 'Object Repository/Final Object Repo/Login Page/Internal User/Email Address'

2018-12-12 10:27:45 - [TEST_STEP][PASSED] - click: Object: 'Object Repository/Final Object Repo/Login Page/Internal User/Next Button' is clicked on

2018-12-12 10:27:45 - [MESSAGE][PASSED] - Object: 'Object Repository/Final Object Repo/Login Page/Internal User/Next Button' is clicked on

2018-12-12 10:27:45 - [TEST_STEP][PASSED] - delay: Delayed 1 second(s)

2018-12-12 10:27:46 - [MESSAGE][PASSED] - Delayed 1 second(s)

2018-12-12 10:27:46 - [TEST_STEP][PASSED] - setEncryptedText: Text ****** has been set on object 'Object Repository/Final Object Repo/Login Page/Internal User/Password'

2018-12-12 10:27:46 - [MESSAGE][PASSED] - Text ****** has been set on object 'Object Repository/Final Object Repo/Login Page/Internal User/Password'

2018-12-12 10:27:46 - [TEST_STEP][PASSED] - click: Object: 'Object Repository/Final Object Repo/Login Page/Internal User/Login Button' is clicked on

2018-12-12 10:27:46 - [MESSAGE][PASSED] - Object: 'Object Repository/Final Object Repo/Login Page/Internal User/Login Button' is clicked on

2018-12-12 10:27:46 - [TEST_STEP][PASSED] - Statement - tester = com.kms.katalon.core.testobject.ObjectRepository.findTestObject(Final Object Repo/Landing Page/Select to English): Finding Test Object with id 'Object Repository/Final Object Repo/Landing Page/Select to English'

2018-12-12 10:27:46 - [TEST_STEP][PASSED] - Statement - Try: Delayed 2 second(s)

2018-12-12 10:27:46 - [TEST_STEP][PASSED] - Statement - Checker = com.kms.katalon.core.webui.keyword.WebUiBuiltInKeywords.verifyElementNotPresent(tester, 3): Web element with id: 'Object Repository/Final Object Repo/Landing Page/Select to English' located by 'By.xpath: //a[@class = 'taglib-language-list-text' and @lang = 'en-US' and (contains(text(), 'EN') or contains(., 'EN'))]' is not present after '3' second(s)

2018-12-12 10:27:48 - [MESSAGE][PASSED] - Web element with id: 'Object Repository/Final Object Repo/Landing Page/Select to English' located by 'By.xpath: //a[@class = 'taglib-language-list-text' and @lang = 'en-US' and (contains(text(), 'EN') or contains(., 'EN'))]' is not present after '3' second(s)

2018-12-12 10:27:48 - [TEST_STEP][PASSED] - Statement - If (Checker == false): null

2018-12-12 10:27:48 - [TEST_STEP][PASSED] - delay: Delayed 2 second(s)

2018-12-12 10:27:50 - [MESSAGE][PASSED] - Delayed 2 second(s)

2018-12-12 10:27:50 - [TEST_STEP][PASSED] - delay: Delayed 5 second(s)

2018-12-12 10:27:55 - [MESSAGE][PASSED] - Delayed 5 second(s)

2018-12-12 10:27:55 - [TEST_STEP][PASSED] - navigateToUrl: Navigate to 'https://assist2-uat.perkeso.gov.my/web/registration/update/update-employee-information-employer-' successfully

2018-12-12 10:27:56 - [MESSAGE][PASSED] - Navigate to 'https://assist2-uat.perkeso.gov.my/web/registration/update/update-employee-information-employer-' successfully

2018-12-12 10:27:56 - [TEST_STEP][PASSED] - setText: Text 'E1102001065V' is set on object 'Object Repository/Final Object Repo/Page_Update Employee Information By Employer/Employer Code'

2018-12-12 10:27:57 - [MESSAGE][PASSED] - Text 'E1102001065V' is set on object 'Object Repository/Final Object Repo/Page_Update Employee Information By Employer/Employer Code'

2018-12-12 10:27:57 - [TEST_STEP][PASSED] - click: Object: 'Object Repository/Final Object Repo/Page_Update Employee Information By Employer/Search Employer Code' is clicked on

2018-12-12 10:27:57 - [MESSAGE][PASSED] - Object: 'Object Repository/Final Object Repo/Page_Update Employee Information By Employer/Search Employer Code' is clicked on

2018-12-12 10:27:57 - [TEST_STEP][PASSED] - click: Object: 'Object Repository/Final Object Repo/Page_Update Employee Information By Employer/Edit Button' is clicked on

2018-12-12 10:28:00 - [MESSAGE][PASSED] - Object: 'Object Repository/Final Object Repo/Page_Update Employee Information By Employer/Edit Button' is clicked on

2018-12-12 10:28:00 - [TEST_STEP][PASSED] - click: Object: 'Object Repository/Final Object Repo/Page_Update Employee Information By Employer/Employee Name or New Identification' is clicked on

2018-12-12 10:28:01 - [MESSAGE][PASSED] - Object: 'Object Repository/Final Object Repo/Page_Update Employee Information By Employer/Employee Name or New Identification' is clicked on

2018-12-12 10:28:01 - [TEST_STEP][PASSED] - delay: Delayed 1 second(s)

2018-12-12 10:28:02 - [MESSAGE][PASSED] - Delayed 1 second(s)

2018-12-12 10:28:02 - [TEST_STEP][PASSED] - click: Object: 'Object Repository/Final Object Repo/Page_Update Employee Information By Employer/Selection - Employee Name' is clicked on

2018-12-12 10:28:02 - [MESSAGE][PASSED] - Object: 'Object Repository/Final Object Repo/Page_Update Employee Information By Employer/Selection - Employee Name' is clicked on

2018-12-12 10:28:02 - [TEST_STEP][PASSED] - delay: Delayed 1 second(s)

2018-12-12 10:28:03 - [MESSAGE][PASSED] - Delayed 1 second(s)

2018-12-12 10:28:03 - [TEST_STEP][PASSED] - setText: Text 'PERKESO' is set on object 'Object Repository/Final Object Repo/Page_Update Employee Information By Employer/Employee Name'

2018-12-12 10:28:03 - [MESSAGE][PASSED] - Text 'PERKESO' is set on object 'Object Repository/Final Object Repo/Page_Update Employee Information By Employer/Employee Name'

2018-12-12 10:28:03 - [TEST_STEP][PASSED] - delay: Delayed 2 second(s)

2018-12-12 10:28:05 - [MESSAGE][PASSED] - Delayed 2 second(s)

2018-12-12 10:28:05 - [TEST_STEP][PASSED] - click: Object: 'Object Repository/Final Object Repo/Page_Update Employee Information By Employer/Search Employee' is clicked on

2018-12-12 10:28:05 - [MESSAGE][PASSED] - Object: 'Object Repository/Final Object Repo/Page_Update Employee Information By Employer/Search Employee' is clicked on

2018-12-12 10:28:05 - [TEST_STEP][PASSED] - delay: Delayed 3 second(s)

2018-12-12 10:28:08 - [MESSAGE][PASSED] - Delayed 3 second(s)

2018-12-12 10:28:08 - [TEST_STEP][PASSED] - click: Object: 'Object Repository/Final Object Repo/Page_Update Employee Information By Employer/Employee Edit Button' is clicked on

2018-12-12 10:28:09 - [MESSAGE][PASSED] - Object: 'Object Repository/Final Object Repo/Page_Update Employee Information By Employer/Employee Edit Button' is clicked on

2018-12-12 10:28:09 - [TEST_STEP][PASSED] - delay: Delayed 3 second(s)

2018-12-12 10:28:12 - [MESSAGE][PASSED] - Delayed 3 second(s)

2018-12-12 10:28:12 - [TEST_STEP][PASSED] - setText: Text '' is set on object 'Object Repository/Final Object Repo/Page_Update Employee Information By Employer/Identification Number'

2018-12-12 10:28:12 - [MESSAGE][PASSED] - Text '' is set on object 'Object Repository/Final Object Repo/Page_Update Employee Information By Employer/Identification Number'

2018-12-12 10:28:12 - [TEST_STEP][PASSED] - Statement - rnd = new java.util.Random(): null

2018-12-12 10:28:12 - [TEST_STEP][PASSED] - Statement - snum = rnd.nextInt(899999 + 1) + 100000: null

2018-12-12 10:28:12 - [TEST_STEP][PASSED] - Statement - tnum = rnd.nextInt(899999 + 1) + 100000: null

2018-12-12 10:28:12 - [TEST_STEP][PASSED] - Statement - IC = java.lang.Integer.toString(snum) + java.lang.Integer.toString(tnum): null

2018-12-12 10:28:12 - [TEST_STEP][PASSED] - Statement - out.println(IC): null

2018-12-12 10:28:12 - [TEST_STEP][PASSED] - setText: Text '392238663050' is set on object 'Object Repository/Final Object Repo/Page_Update Employee Information By Employer/Identification Number'

2018-12-12 10:28:12 - [MESSAGE][PASSED] - Text '392238663050' is set on object 'Object Repository/Final Object Repo/Page_Update Employee Information By Employer/Identification Number'

2018-12-12 10:28:12 - [TEST_STEP][PASSED] - click: Object: 'Object Repository/Final Object Repo/Page_Update Employee Information By Employer/Save' is clicked on

2018-12-12 10:28:12 - [MESSAGE][PASSED] - Object: 'Object Repository/Final Object Repo/Page_Update Employee Information By Employer/Save' is clicked on

2018-12-12 10:28:12 - [TEST_STEP][PASSED] - delay: Delayed 5 second(s)

2018-12-12 10:28:17 - [MESSAGE][PASSED] - Delayed 5 second(s)

2018-12-12 10:28:17 - [TEST_STEP][PASSED] - Statement - CaseReferenceNo = com.kms.katalon.core.webui.keyword.WebUiBuiltInKeywords.getText(com.kms.katalon.core.testobject.ObjectRepository.findTestObject(Final Object Repo/Reference Number/Reference Number in Update Employee Information Page)): Text of object 'Object Repository/Final Object Repo/Reference Number/Reference Number in Update Employee Information Page' is: 'CUN122018C100005977'

2018-12-12 10:28:17 - [MESSAGE][PASSED] - Text of object 'Object Repository/Final Object Repo/Reference Number/Reference Number in Update Employee Information Page' is: 'CUN122018C100005977'

2018-12-12 10:28:17 - [TEST_STEP][PASSED] - callTestCase: Call Test Case 'Test Cases/Final Aug 2018 - PKS Automation/Common/Reference Number Setter' successfully

2018-12-12 10:28:17 - [TEST_CASE][PASSED] - Test Cases/Final Aug 2018 - PKS Automation/Common/Reference Number Setter: Test Cases/Final Aug 2018 - PKS Automation/Common/Reference Number Setter

2018-12-12 10:28:17 - [TEST_STEP][PASSED] - Statement - RefNoOldFile = new java.io.File(C://Users//Admin//Desktop//PKS//Automation Reference Point//KatalonReference.txt): null

2018-12-12 10:28:17 - [TEST_STEP][PASSED] - Statement - RefNoOldFile.delete(): null

2018-12-12 10:28:17 - [TEST_STEP][PASSED] - delay: Delayed 5 second(s)

2018-12-12 10:28:22 - [MESSAGE][PASSED] - Delayed 5 second(s)

2018-12-12 10:28:22 - [TEST_STEP][PASSED] - Statement - RefNo = new java.io.File(C://Users//Admin//Desktop//PKS//Automation Reference Point//KatalonReference.txt): null

2018-12-12 10:28:22 - [TEST_STEP][PASSED] - Statement - f2 = new java.io.FileWriter(RefNo, false): null

2018-12-12 10:28:22 - [TEST_STEP][PASSED] - Statement - f2.write(CaseReferenceNo): null

2018-12-12 10:28:22 - [TEST_STEP][PASSED] - Statement - f2.close(): null

2018-12-12 10:28:22 - [TEST_STEP][PASSED] - Statement - out.println("


" + CaseReferenceNo + "


"): null

2018-12-12 10:28:22 - [MESSAGE][PASSED] - Call Test Case 'Test Cases/Final Aug 2018 - PKS Automation/Common/Reference Number Setter' successfully

2018-12-12 10:28:22 - [TEST_STEP][PASSED] - delay: Delayed 5 second(s)

2018-12-12 10:28:27 - [MESSAGE][PASSED] - Delayed 5 second(s)

2018-12-12 10:28:27 - [TEST_STEP][PASSED] - click: Object: 'Object Repository/Final Object Repo/Page_Update Employee Information By Employer/Save  Continue in  Employee Information Page' is clicked on

2018-12-12 10:28:28 - [MESSAGE][PASSED] - Object: 'Object Repository/Final Object Repo/Page_Update Employee Information By Employer/Save  Continue in  Employee Information Page' is clicked on

2018-12-12 10:28:28 - [TEST_STEP][PASSED] - delay: Delayed 5 second(s)

2018-12-12 10:28:33 - [MESSAGE][PASSED] - Delayed 5 second(s)

2018-12-12 10:28:33 - [TEST_STEP][PASSED] - click: Object: 'Object Repository/Final Object Repo/Page_Update Employee Information By Employer/Save  Continue in Uploading Page 1' is clicked on

2018-12-12 10:28:33 - [MESSAGE][PASSED] - Object: 'Object Repository/Final Object Repo/Page_Update Employee Information By Employer/Save  Continue in Uploading Page 1' is clicked on

2018-12-12 10:28:33 - [TEST_STEP][PASSED] - delay: Delayed 5 second(s)

2018-12-12 10:28:38 - [MESSAGE][PASSED] - Delayed 5 second(s)

2018-12-12 10:28:38 - [TEST_STEP][PASSED] - click: Object: 'Object Repository/Final Object Repo/Page_Update Employee Information By Employer/Submit' is clicked on

2018-12-12 10:28:38 - [MESSAGE][PASSED] - Object: 'Object Repository/Final Object Repo/Page_Update Employee Information By Employer/Submit' is clicked on

2018-12-12 10:28:38 - [TEST_STEP][PASSED] - delay: Delayed 5 second(s)

2018-12-12 10:28:43 - [MESSAGE][PASSED] - Delayed 5 second(s)

2018-12-12 10:28:43 - [TEST_STEP][PASSED] - click: Object: 'Object Repository/Final Object Repo/Page_Update Employee Information By Employer/Confirm' is clicked on

2018-12-12 10:28:43 - [MESSAGE][PASSED] - Object: 'Object Repository/Final Object Repo/Page_Update Employee Information By Employer/Confirm' is clicked on

2018-12-12 10:28:43 - [TEST_STEP][PASSED] - delay: Delayed 5 second(s)

2018-12-12 10:28:48 - [MESSAGE][PASSED] - Delayed 5 second(s)

2018-12-12 10:28:48 - [TEST_STEP][PASSED] - verifyElementVisible: Object 'Object Repository/Final Object Repo/Page_Update Employee Information By Employer/Successfull Message Routed to UO' is visible

2018-12-12 10:28:48 - [MESSAGE][PASSED] - Object 'Object Repository/Final Object Repo/Page_Update Employee Information By Employer/Successfull Message Routed to UO' is visible

2018-12-12 10:28:48 - [MESSAGE][PASSED] - Call Test Case 'Test Cases/Final Aug 2018 - PKS Automation/Registration Module/Workflow/Update Employee Information (Employer)/Template/Update Employer Information - Special Case (PAU)' successfully

2018-12-12 10:28:48 - [TEST_STEP][PASSED] - callTestCase: Call Test Case 'Test Cases/Final Aug 2018 - PKS Automation/Registration Module/Workflow/Update Employee Information (Employer)/Template/Update Employee Information - Special Case - UO (Reject)' successfully

2018-12-12 10:28:48 - [TEST_CASE][PASSED] - Test Cases/Final Aug 2018 - PKS Automation/Registration Module/Workflow/Update Employee Information (Employer)/Template/Update Employee Information - Special Case - UO (Reject): Test Cases/Final Aug 2018 - PKS Automation/Registration Module/Workflow/Update Employee Information (Employer)/Template/Update Employee Information - Special Case - UO (Reject)

2018-12-12 10:28:48 - [TEST_STEP][NOT_RUN] - callTestCase: NOT_RUN: callTestCase

2018-12-12 10:28:48 - [MESSAGE][NOT_RUN] - NOT_RUN: callTestCase

2018-12-12 10:28:48 - [TEST_STEP][PASSED] - delay: Delayed 2 second(s)

2018-12-12 10:28:50 - [MESSAGE][PASSED] - Delayed 2 second(s)

2018-12-12 10:28:50 - [TEST_STEP][PASSED] - navigateToUrl: Navigate to 'https://assist2-uat.perkeso.gov.my/c/portal/logout' successfully

2018-12-12 10:28:51 - [MESSAGE][PASSED] - Navigate to 'https://assist2-uat.perkeso.gov.my/c/portal/logout' successfully

2018-12-12 10:28:51 - [TEST_STEP][PASSED] - delay: Delayed 2 second(s)

2018-12-12 10:28:53 - [MESSAGE][PASSED] - Delayed 2 second(s)

2018-12-12 10:28:53 - [TEST_STEP][PASSED] - callTestCase: Call Test Case 'Test Cases/Final Aug 2018 - PKS Automation/Common/Reference Number Getter' successfully

2018-12-12 10:28:53 - [TEST_CASE][PASSED] - Test Cases/Final Aug 2018 - PKS Automation/Common/Reference Number Getter: Test Cases/Final Aug 2018 - PKS Automation/Common/Reference Number Getter

2018-12-12 10:28:53 - [TEST_STEP][PASSED] - Statement - Try: null

2018-12-12 10:28:53 - [TEST_STEP][PASSED] - Statement - RefNo = new java.io.File(C://Users//Admin//Desktop//PKS//Automation Reference Point//KatalonReference.txt): null

2018-12-12 10:28:53 - [TEST_STEP][PASSED] - Statement - bufferread = new java.io.BufferedReader(new java.io.FileReader(RefNo)): null

2018-12-12 10:28:53 - [TEST_STEP][PASSED] - Statement - readedVal = bufferread.readLine(): null

2018-12-12 10:28:53 - [TEST_STEP][PASSED] - Statement - out.println(CaseReferenceNo): null

2018-12-12 10:28:53 - [TEST_STEP][PASSED] - Statement - out.println(readedVal): null

2018-12-12 10:28:53 - [TEST_STEP][PASSED] - Statement - CaseReferenceNo = "": null

2018-12-12 10:28:53 - [TEST_STEP][PASSED] - Statement - CaseReferenceNo = readedVal: null

2018-12-12 10:28:53 - [MESSAGE][PASSED] - Call Test Case 'Test Cases/Final Aug 2018 - PKS Automation/Common/Reference Number Getter' successfully

2018-12-12 10:28:53 - [TEST_STEP][PASSED] - callTestCase: Call Test Case 'Test Cases/Final Aug 2018 - PKS Automation/Common/Workflow Owner Finder' successfully

2018-12-12 10:28:53 - [TEST_CASE][PASSED] - Test Cases/Final Aug 2018 - PKS Automation/Common/Workflow Owner Finder: Test Cases/Final Aug 2018 - PKS Automation/Common/Workflow Owner Finder

2018-12-12 10:28:53 - [TEST_STEP][PASSED] - openBrowser: Browser is opened with url: ''

2018-12-12 10:28:53 - [MESSAGE][WARNING] - A browser is already opened. Closing browser and opening a new one

2018-12-12 10:28:58 - [MESSAGE][PASSED] - Browser is opened with url: ''

2018-12-12 10:28:58 - [TEST_STEP][PASSED] - navigateToUrl: Navigate to 'https://assist2-uat.perkeso.gov.my/login' successfully

2018-12-12 10:28:59 - [MESSAGE][PASSED] - Navigate to 'https://assist2-uat.perkeso.gov.my/login' successfully

2018-12-12 10:28:59 - [TEST_STEP][PASSED] - delay: Delayed 5 second(s)

2018-12-12 10:29:04 - [MESSAGE][PASSED] - Delayed 5 second(s)

2018-12-12 10:29:04 - [TEST_STEP][PASSED] - setText: Text 'test@liferay.com' is set on object 'Object Repository/Final Object Repo/Login Page/Internal User/Email Address'

2018-12-12 10:29:04 - [MESSAGE][PASSED] - Text 'test@liferay.com' is set on object 'Object Repository/Final Object Repo/Login Page/Internal User/Email Address'

2018-12-12 10:29:04 - [TEST_STEP][PASSED] - click: Object: 'Object Repository/Final Object Repo/Login Page/Internal User/Next Button' is clicked on

2018-12-12 10:29:04 - [MESSAGE][PASSED] - Object: 'Object Repository/Final Object Repo/Login Page/Internal User/Next Button' is clicked on

2018-12-12 10:29:04 - [TEST_STEP][PASSED] - delay: Delayed 2 second(s)

2018-12-12 10:29:06 - [MESSAGE][PASSED] - Delayed 2 second(s)

2018-12-12 10:29:06 - [TEST_STEP][PASSED] - setText: Text 'test' is set on object 'Object Repository/Final Object Repo/Login Page/Internal User/Password'

2018-12-12 10:29:07 - [MESSAGE][PASSED] - Text 'test' is set on object 'Object Repository/Final Object Repo/Login Page/Internal User/Password'

2018-12-12 10:29:07 - [TEST_STEP][PASSED] - delay: Delayed 2 second(s)

2018-12-12 10:29:09 - [MESSAGE][PASSED] - Delayed 2 second(s)

2018-12-12 10:29:09 - [TEST_STEP][PASSED] - click: Object: 'Object Repository/Final Object Repo/Login Page/Internal User/Login Button' is clicked on

2018-12-12 10:29:09 - [MESSAGE][PASSED] - Object: 'Object Repository/Final Object Repo/Login Page/Internal User/Login Button' is clicked on

2018-12-12 10:29:09 - [TEST_STEP][PASSED] - Statement - tester = com.kms.katalon.core.testobject.ObjectRepository.findTestObject(Final Object Repo/Landing Page/Select to English): Finding Test Object with id 'Object Repository/Final Object Repo/Landing Page/Select to English'

2018-12-12 10:29:09 - [TEST_STEP][PASSED] - Statement - Try: Delayed 2 second(s)

2018-12-12 10:29:09 - [TEST_STEP][PASSED] - Statement - Checker = com.kms.katalon.core.webui.keyword.WebUiBuiltInKeywords.verifyElementNotPresent(tester, 3): Web element with id: 'Object Repository/Final Object Repo/Landing Page/Select to English' located by 'By.xpath: //a[@class = 'taglib-language-list-text' and @lang = 'en-US' and (contains(text(), 'EN') or contains(., 'EN'))]' is not present after '3' second(s)

2018-12-12 10:29:11 - [MESSAGE][PASSED] - Web element with id: 'Object Repository/Final Object Repo/Landing Page/Select to English' located by 'By.xpath: //a[@class = 'taglib-language-list-text' and @lang = 'en-US' and (contains(text(), 'EN') or contains(., 'EN'))]' is not present after '3' second(s)

2018-12-12 10:29:11 - [TEST_STEP][PASSED] - Statement - If (Checker == false): null

2018-12-12 10:29:11 - [TEST_STEP][PASSED] - delay: Delayed 2 second(s)

2018-12-12 10:29:13 - [MESSAGE][PASSED] - Delayed 2 second(s)

2018-12-12 10:29:13 - [TEST_STEP][PASSED] - delay: Delayed 5 second(s)

2018-12-12 10:29:18 - [MESSAGE][PASSED] - Delayed 5 second(s)

2018-12-12 10:29:18 - [TEST_STEP][PASSED] - mouseOver: Object: 'Object Repository/Final Object Repo/Landing Page/WorkFlow Menu' is hovered

2018-12-12 10:29:18 - [MESSAGE][PASSED] - Object: 'Object Repository/Final Object Repo/Landing Page/WorkFlow Menu' is hovered

2018-12-12 10:29:18 - [TEST_STEP][PASSED] - delay: Delayed 2 second(s)

2018-12-12 10:29:20 - [MESSAGE][PASSED] - Delayed 2 second(s)

2018-12-12 10:29:20 - [TEST_STEP][PASSED] - click: Object: 'Object Repository/Final Object Repo/Landing Page/Select to Workflow Listing' is clicked on

2018-12-12 10:29:21 - [MESSAGE][PASSED] - Object: 'Object Repository/Final Object Repo/Landing Page/Select to Workflow Listing' is clicked on

2018-12-12 10:29:21 - [TEST_STEP][PASSED] - delay: Delayed 2 second(s)

2018-12-12 10:29:23 - [MESSAGE][PASSED] - Delayed 2 second(s)

2018-12-12 10:29:23 - [TEST_STEP][PASSED] - click: Object: 'Object Repository/Final Object Repo/WorkFlow Listing Page/Search Information - To Put Ref No' is clicked on

2018-12-12 10:29:23 - [MESSAGE][PASSED] - Object: 'Object Repository/Final Object Repo/WorkFlow Listing Page/Search Information - To Put Ref No' is clicked on

2018-12-12 10:29:23 - [TEST_STEP][PASSED] - delay: Delayed 2 second(s)

2018-12-12 10:29:25 - [MESSAGE][PASSED] - Delayed 2 second(s)

2018-12-12 10:29:25 - [TEST_STEP][PASSED] - callTestCase: Call Test Case 'Test Cases/Final Aug 2018 - PKS Automation/Common/Reference Number Getter' successfully

2018-12-12 10:29:25 - [TEST_CASE][PASSED] - Test Cases/Final Aug 2018 - PKS Automation/Common/Reference Number Getter: Test Cases/Final Aug 2018 - PKS Automation/Common/Reference Number Getter

2018-12-12 10:29:25 - [TEST_STEP][PASSED] - Statement - Try: null

2018-12-12 10:29:25 - [TEST_STEP][PASSED] - Statement - RefNo = new java.io.File(C://Users//Admin//Desktop//PKS//Automation Reference Point//KatalonReference.txt): null

2018-12-12 10:29:25 - [TEST_STEP][PASSED] - Statement - bufferread = new java.io.BufferedReader(new java.io.FileReader(RefNo)): null

2018-12-12 10:29:25 - [TEST_STEP][PASSED] - Statement - readedVal = bufferread.readLine(): null

2018-12-12 10:29:25 - [TEST_STEP][PASSED] - Statement - out.println(CaseReferenceNo): null

2018-12-12 10:29:25 - [TEST_STEP][PASSED] - Statement - out.println(readedVal): null

2018-12-12 10:29:25 - [TEST_STEP][PASSED] - Statement - CaseReferenceNo = "": null

2018-12-12 10:29:25 - [TEST_STEP][PASSED] - Statement - CaseReferenceNo = readedVal: null

2018-12-12 10:29:25 - [MESSAGE][PASSED] - Call Test Case 'Test Cases/Final Aug 2018 - PKS Automation/Common/Reference Number Getter' successfully

2018-12-12 10:29:25 - [TEST_STEP][PASSED] - setText: Text 'CUN122018C100005977' is set on object 'Object Repository/Final Object Repo/WorkFlow Listing Page/Ref No Set Text'

2018-12-12 10:29:26 - [MESSAGE][PASSED] - Text 'CUN122018C100005977' is set on object 'Object Repository/Final Object Repo/WorkFlow Listing Page/Ref No Set Text'

2018-12-12 10:29:26 - [TEST_STEP][PASSED] - delay: Delayed 2 second(s)

2018-12-12 10:29:28 - [MESSAGE][PASSED] - Delayed 2 second(s)

2018-12-12 10:29:28 - [TEST_STEP][PASSED] - click: Object: 'Object Repository/Final Object Repo/WorkFlow Listing Page/Search Ref No Search Button' is clicked on

2018-12-12 10:29:28 - [MESSAGE][PASSED] - Object: 'Object Repository/Final Object Repo/WorkFlow Listing Page/Search Ref No Search Button' is clicked on

2018-12-12 10:29:28 - [TEST_STEP][PASSED] - delay: Delayed 6 second(s)

2018-12-12 10:29:34 - [MESSAGE][PASSED] - Delayed 6 second(s)

2018-12-12 10:29:34 - [TEST_STEP][PASSED] - click: Object: 'Object Repository/Final Object Repo/WorkFlow Listing Page/Click Continue Tooltip' is clicked on

2018-12-12 10:29:36 - [MESSAGE][PASSED] - Object: 'Object Repository/Final Object Repo/WorkFlow Listing Page/Click Continue Tooltip' is clicked on

2018-12-12 10:29:36 - [TEST_STEP][PASSED] - delay: Delayed 5 second(s)

2018-12-12 10:29:41 - [MESSAGE][PASSED] - Delayed 5 second(s)

2018-12-12 10:29:41 - [TEST_STEP][PASSED] - doubleClick: Object: 'Object Repository/Final Object Repo/WorkFlow Listing Page/Workflow Found - Listing 1' is double clicked on

2018-12-12 10:29:41 - [MESSAGE][PASSED] - Object: 'Object Repository/Final Object Repo/WorkFlow Listing Page/Workflow Found - Listing 1' is double clicked on

2018-12-12 10:29:41 - [TEST_STEP][PASSED] - Statement - println(OwnerID): null

2018-12-12 10:29:41 - [TEST_STEP][PASSED] - Statement - OwnerID = com.kms.katalon.core.webui.keyword.WebUiBuiltInKeywords.getText(com.kms.katalon.core.testobject.ObjectRepository.findTestObject(Final Object Repo/WorkFlow Listing Page/Workflow Found - Listing 1), STOP_ON_FAILURE): Text of object 'Object Repository/Final Object Repo/WorkFlow Listing Page/Workflow Found - Listing 1' is: 'JOHORuo3'

2018-12-12 10:29:41 - [MESSAGE][PASSED] - Text of object 'Object Repository/Final Object Repo/WorkFlow Listing Page/Workflow Found - Listing 1' is: 'JOHORuo3'

2018-12-12 10:29:41 - [TEST_STEP][PASSED] - Statement - OwnerID = OwnerID.toLowerCase() + "@gmail.com": null

2018-12-12 10:29:41 - [TEST_STEP][PASSED] - Statement - println(OwnerID): null

2018-12-12 10:29:41 - [TEST_STEP][PASSED] - delay: Delayed 2 second(s)

2018-12-12 10:29:43 - [MESSAGE][PASSED] - Delayed 2 second(s)

2018-12-12 10:29:43 - [MESSAGE][PASSED] - Call Test Case 'Test Cases/Final Aug 2018 - PKS Automation/Common/Workflow Owner Finder' successfully

2018-12-12 10:29:43 - [TEST_STEP][PASSED] - delay: Delayed 2 second(s)

2018-12-12 10:29:45 - [MESSAGE][PASSED] - Delayed 2 second(s)

2018-12-12 10:29:45 - [TEST_STEP][PASSED] - navigateToUrl: Navigate to 'https://assist2-uat.perkeso.gov.my/c/portal/logout' successfully

2018-12-12 10:29:46 - [MESSAGE][PASSED] - Navigate to 'https://assist2-uat.perkeso.gov.my/c/portal/logout' successfully

2018-12-12 10:29:46 - [TEST_STEP][PASSED] - delay: Delayed 2 second(s)

2018-12-12 10:29:48 - [MESSAGE][PASSED] - Delayed 2 second(s)

2018-12-12 10:29:48 - [TEST_STEP][PASSED] - callTestCase: Call Test Case 'Test Cases/Final Aug 2018 - PKS Automation/Registration Module/Workflow/Login and Search Case For Workflow' successfully

2018-12-12 10:29:48 - [TEST_CASE][PASSED] - Test Cases/Final Aug 2018 - PKS Automation/Registration Module/Workflow/Login and Search Case For Workflow: Test Cases/Final Aug 2018 - PKS Automation/Registration Module/Workflow/Login and Search Case For Workflow

2018-12-12 10:29:48 - [TEST_STEP][PASSED] - navigateToUrl: Navigate to 'https://assist2-uat.perkeso.gov.my/login' successfully

2018-12-12 10:29:49 - [MESSAGE][PASSED] - Navigate to 'https://assist2-uat.perkeso.gov.my/login' successfully

2018-12-12 10:29:49 - [TEST_STEP][PASSED] - setText: Text 'johoruo3@gmail.com' is set on object 'Object Repository/Final Object Repo/Login Page/Internal User/Email Address'

2018-12-12 10:29:49 - [MESSAGE][PASSED] - Text 'johoruo3@gmail.com' is set on object 'Object Repository/Final Object Repo/Login Page/Internal User/Email Address'

2018-12-12 10:29:49 - [TEST_STEP][PASSED] - click: Object: 'Object Repository/Final Object Repo/Login Page/Internal User/Next Button' is clicked on

2018-12-12 10:29:49 - [MESSAGE][PASSED] - Object: 'Object Repository/Final Object Repo/Login Page/Internal User/Next Button' is clicked on

2018-12-12 10:29:49 - [TEST_STEP][PASSED] - delay: Delayed 1 second(s)

2018-12-12 10:29:50 - [MESSAGE][PASSED] - Delayed 1 second(s)

2018-12-12 10:29:50 - [TEST_STEP][PASSED] - setEncryptedText: Text ****** has been set on object 'Object Repository/Final Object Repo/Login Page/Internal User/Password'

2018-12-12 10:29:50 - [MESSAGE][PASSED] - Text ****** has been set on object 'Object Repository/Final Object Repo/Login Page/Internal User/Password'

2018-12-12 10:29:50 - [TEST_STEP][PASSED] - click: Object: 'Object Repository/Final Object Repo/Login Page/Internal User/Login Button' is clicked on

2018-12-12 10:29:51 - [MESSAGE][PASSED] - Object: 'Object Repository/Final Object Repo/Login Page/Internal User/Login Button' is clicked on

2018-12-12 10:29:51 - [TEST_STEP][PASSED] - delay: Delayed 2 second(s)

2018-12-12 10:29:53 - [MESSAGE][PASSED] - Delayed 2 second(s)

2018-12-12 10:29:53 - [TEST_STEP][PASSED] - Statement - Try: Delayed 2 second(s)

2018-12-12 10:29:53 - [TEST_STEP][PASSED] - Statement - Checker = false: null

2018-12-12 10:29:53 - [TEST_STEP][PASSED] - Statement - Checker = com.kms.katalon.core.webui.keyword.WebUiBuiltInKeywords.verifyElementHasAttribute(com.kms.katalon.core.testobject.ObjectRepository.findTestObject(Final Object Repo/Landing Page/BM Detecting), "href", 20, OPTIONAL): Object 'Object Repository/Final Object Repo/Landing Page/BM Detecting' has attribute 'href'

2018-12-12 10:29:53 - [MESSAGE][PASSED] - Object 'Object Repository/Final Object Repo/Landing Page/BM Detecting' has attribute 'href'

2018-12-12 10:29:53 - [TEST_STEP][PASSED] - Statement - out.println(Checker): null

2018-12-12 10:29:53 - [TEST_STEP][PASSED] - Statement - If (Checker == false): null

2018-12-12 10:29:53 - [TEST_STEP][PASSED] - Statement - Else: null

2018-12-12 10:29:53 - [TEST_STEP][PASSED] - delay: Delayed 2 second(s)

2018-12-12 10:29:55 - [MESSAGE][PASSED] - Delayed 2 second(s)

2018-12-12 10:29:55 - [TEST_STEP][PASSED] - click: Object: 'Object Repository/Final Object Repo/Page_MyASSIST - ASSIST - Search Pending Case For Add Supporting Document/Search Information' is clicked on

2018-12-12 10:29:55 - [MESSAGE][PASSED] - Object: 'Object Repository/Final Object Repo/Page_MyASSIST - ASSIST - Search Pending Case For Add Supporting Document/Search Information' is clicked on

2018-12-12 10:29:55 - [TEST_STEP][PASSED] - delay: Delayed 3 second(s)

2018-12-12 10:29:58 - [MESSAGE][PASSED] - Delayed 3 second(s)

2018-12-12 10:29:58 - [TEST_STEP][PASSED] - sendKeys: Keys 'CUN122018C100005977' sent to object: 'Object Repository/Final Object Repo/Page_MyASSIST - ASSIST - Search Pending Case For Add Supporting Document/Reference No'

2018-12-12 10:29:58 - [MESSAGE][PASSED] - Keys 'CUN122018C100005977' sent to object: 'Object Repository/Final Object Repo/Page_MyASSIST - ASSIST - Search Pending Case For Add Supporting Document/Reference No'

2018-12-12 10:29:58 - [TEST_STEP][PASSED] - click: Object: 'Object Repository/Final Object Repo/Page_MyASSIST - ASSIST - Search Pending Case For Add Supporting Document/Search Reference No' is clicked on

2018-12-12 10:29:58 - [MESSAGE][PASSED] - Object: 'Object Repository/Final Object Repo/Page_MyASSIST - ASSIST - Search Pending Case For Add Supporting Document/Search Reference No' is clicked on

2018-12-12 10:29:58 - [TEST_STEP][PASSED] - delay: Delayed 2 second(s)

2018-12-12 10:30:00 - [MESSAGE][PASSED] - Delayed 2 second(s)

2018-12-12 10:30:00 - [TEST_STEP][PASSED] - click: Object: 'Object Repository/Final Object Repo/Page_MyASSIST - ASSIST - Search Pending Case For Add Supporting Document/Continue' is clicked on

2018-12-12 10:30:04 - [MESSAGE][PASSED] - Object: 'Object Repository/Final Object Repo/Page_MyASSIST - ASSIST - Search Pending Case For Add Supporting Document/Continue' is clicked on

2018-12-12 10:30:04 - [TEST_STEP][PASSED] - delay: Delayed 20 second(s)

2018-12-12 10:30:24 - [MESSAGE][PASSED] - Delayed 20 second(s)

2018-12-12 10:30:24 - [MESSAGE][PASSED] - Call Test Case 'Test Cases/Final Aug 2018 - PKS Automation/Registration Module/Workflow/Login and Search Case For Workflow' successfully

2018-12-12 10:30:24 - [TEST_STEP][PASSED] - delay: Delayed 2 second(s)

2018-12-12 10:30:26 - [MESSAGE][PASSED] - Delayed 2 second(s)

2018-12-12 10:30:26 - [TEST_STEP][PASSED] - click: Object: 'Object Repository/Final Object Repo/Page_Update Employee Information By Employer/Page_Update Employee Information by Employer (Approve)/Continue' is clicked on

2018-12-12 10:30:30 - [MESSAGE][PASSED] - Object: 'Object Repository/Final Object Repo/Page_Update Employee Information By Employer/Page_Update Employee Information by Employer (Approve)/Continue' is clicked on

2018-12-12 10:30:30 - [TEST_STEP][PASSED] - delay: Delayed 2 second(s)

2018-12-12 10:30:32 - [MESSAGE][PASSED] - Delayed 2 second(s)

2018-12-12 10:30:32 - [TEST_STEP][PASSED] - click: Object: 'Object Repository/Final Object Repo/Page_Update Employee Information By Employer/Page_Update Employee Information by Employer (Approve)/Save  Continue in Update Employee Information Page' is clicked on

2018-12-12 10:30:32 - [MESSAGE][PASSED] - Object: 'Object Repository/Final Object Repo/Page_Update Employee Information By Employer/Page_Update Employee Information by Employer (Approve)/Save  Continue in Update Employee Information Page' is clicked on

2018-12-12 10:30:32 - [TEST_STEP][PASSED] - delay: Delayed 4 second(s)

2018-12-12 10:30:36 - [MESSAGE][PASSED] - Delayed 4 second(s)

2018-12-12 10:30:36 - [TEST_STEP][PASSED] - click: Object: 'Object Repository/Final Object Repo/Page_Update Employee Information By Employer/Page_Update Employee Information by Employer (Approve)/Save  Continue in Upload Supporting Doucument Page' is clicked on

2018-12-12 10:30:36 - [MESSAGE][PASSED] - Object: 'Object Repository/Final Object Repo/Page_Update Employee Information By Employer/Page_Update Employee Information by Employer (Approve)/Save  Continue in Upload Supporting Doucument Page' is clicked on

2018-12-12 10:30:36 - [TEST_STEP][PASSED] - delay: Delayed 2 second(s)

2018-12-12 10:30:38 - [MESSAGE][PASSED] - Delayed 2 second(s)

2018-12-12 10:30:38 - [TEST_STEP][PASSED] - click: Object: 'Object Repository/Final Object Repo/Page_Update Employee Information By Employer/Page_Update Employee Information by Employer (Reject)/Reject' is clicked on

2018-12-12 10:30:40 - [MESSAGE][PASSED] - Object: 'Object Repository/Final Object Repo/Page_Update Employee Information By Employer/Page_Update Employee Information by Employer (Reject)/Reject' is clicked on

2018-12-12 10:30:40 - [TEST_STEP][PASSED] - delay: Delayed 2 second(s)

2018-12-12 10:30:42 - [MESSAGE][PASSED] - Delayed 2 second(s)

2018-12-12 10:30:42 - [TEST_STEP][PASSED] - click: Object: 'Object Repository/Final Object Repo/Page_Update Employee Information By Employer/Page_Update Employee Information by Employer (Approve)/Confirm' is clicked on

2018-12-12 10:30:42 - [MESSAGE][PASSED] - Object: 'Object Repository/Final Object Repo/Page_Update Employee Information By Employer/Page_Update Employee Information by Employer (Approve)/Confirm' is clicked on

2018-12-12 10:30:42 - [TEST_STEP][PASSED] - delay: Delayed 2 second(s)

2018-12-12 10:30:44 - [MESSAGE][PASSED] - Delayed 2 second(s)

2018-12-12 10:30:44 - [TEST_STEP][PASSED] - verifyElementVisible: Object 'Object Repository/Final Object Repo/Page_Update Employee Information By Employer/Page_Update Employee Information by Employer (Reject)/Rejected Messeage This Case has been Rejecte' is visible

2018-12-12 10:30:47 - [MESSAGE][PASSED] - Object 'Object Repository/Final Object Repo/Page_Update Employee Information By Employer/Page_Update Employee Information by Employer (Reject)/Rejected Messeage This Case has been Rejecte' is visible

2018-12-12 10:30:47 - [TEST_STEP][PASSED] - delay: Delayed 2 second(s)

2018-12-12 10:30:49 - [MESSAGE][PASSED] - Delayed 2 second(s)

2018-12-12 10:30:49 - [TEST_STEP][PASSED] - verifyElementVisible: Object 'Object Repository/Final Object Repo/Page_Update Employee Information By Employer/Page_Update Employee Information by Employer (Reject)/Letter of update rejection' is visible

2018-12-12 10:30:49 - [MESSAGE][PASSED] - Object 'Object Repository/Final Object Repo/Page_Update Employee Information By Employer/Page_Update Employee Information by Employer (Reject)/Letter of update rejection' is visible

2018-12-12 10:30:49 - [MESSAGE][PASSED] - Call Test Case 'Test Cases/Final Aug 2018 - PKS Automation/Registration Module/Workflow/Update Employee Information (Employer)/Template/Update Employee Information - Special Case - UO (Reject)' successfully]]></system-out>
         <system-err><![CDATA[]]></system-err>
      </testcase>
      <testcase name="Test Cases/Final Aug 2018 - PKS Automation/Registration Module/Workflow/Update Employee Information (Employer)/PAU to UO (Under enforcement)" classname="Test Cases/Final Aug 2018 - PKS Automation/Registration Module/Workflow/Update Employee Information (Employer)/PAU to UO (Under enforcement)" status="PASSED">
         <system-out><![CDATA[2018-12-12 10:30:49 - [TEST_CASE][PASSED] - Test Cases/Final Aug 2018 - PKS Automation/Registration Module/Workflow/Update Employee Information (Employer)/PAU to UO (Under enforcement): Test Cases/Final Aug 2018 - PKS Automation/Registration Module/Workflow/Update Employee Information (Employer)/PAU to UO (Under enforcement)

2018-12-12 10:30:49 - [TEST_STEP][PASSED] - callTestCase: Call Test Case 'Test Cases/Final Aug 2018 - PKS Automation/Registration Module/Workflow/Update Employee Information (Employer)/Template/Update Employer Information - Special Case (PAU)' successfully

2018-12-12 10:30:49 - [TEST_CASE][PASSED] - Test Cases/Final Aug 2018 - PKS Automation/Registration Module/Workflow/Update Employee Information (Employer)/Template/Update Employer Information - Special Case (PAU): Test Cases/Final Aug 2018 - PKS Automation/Registration Module/Workflow/Update Employee Information (Employer)/Template/Update Employer Information - Special Case (PAU)

2018-12-12 10:30:49 - [TEST_STEP][PASSED] - openBrowser: Browser is opened with url: ''

2018-12-12 10:30:49 - [MESSAGE][WARNING] - A browser is already opened. Closing browser and opening a new one

2018-12-12 10:30:54 - [MESSAGE][PASSED] - Browser is opened with url: ''

2018-12-12 10:30:54 - [TEST_STEP][PASSED] - navigateToUrl: Navigate to 'https://assist2-uat.perkeso.gov.my/login' successfully

2018-12-12 10:30:55 - [MESSAGE][PASSED] - Navigate to 'https://assist2-uat.perkeso.gov.my/login' successfully

2018-12-12 10:30:55 - [TEST_STEP][PASSED] - setText: Text 'johorpau1@gmail.com' is set on object 'Object Repository/Final Object Repo/Login Page/Internal User/Email Address'

2018-12-12 10:30:55 - [MESSAGE][PASSED] - Text 'johorpau1@gmail.com' is set on object 'Object Repository/Final Object Repo/Login Page/Internal User/Email Address'

2018-12-12 10:30:55 - [TEST_STEP][PASSED] - click: Object: 'Object Repository/Final Object Repo/Login Page/Internal User/Next Button' is clicked on

2018-12-12 10:30:55 - [MESSAGE][PASSED] - Object: 'Object Repository/Final Object Repo/Login Page/Internal User/Next Button' is clicked on

2018-12-12 10:30:55 - [TEST_STEP][PASSED] - delay: Delayed 1 second(s)

2018-12-12 10:30:56 - [MESSAGE][PASSED] - Delayed 1 second(s)

2018-12-12 10:30:56 - [TEST_STEP][PASSED] - setEncryptedText: Text ****** has been set on object 'Object Repository/Final Object Repo/Login Page/Internal User/Password'

2018-12-12 10:30:56 - [MESSAGE][PASSED] - Text ****** has been set on object 'Object Repository/Final Object Repo/Login Page/Internal User/Password'

2018-12-12 10:30:56 - [TEST_STEP][PASSED] - click: Object: 'Object Repository/Final Object Repo/Login Page/Internal User/Login Button' is clicked on

2018-12-12 10:30:57 - [MESSAGE][PASSED] - Object: 'Object Repository/Final Object Repo/Login Page/Internal User/Login Button' is clicked on

2018-12-12 10:30:57 - [TEST_STEP][PASSED] - Statement - tester = com.kms.katalon.core.testobject.ObjectRepository.findTestObject(Final Object Repo/Landing Page/Select to English): Finding Test Object with id 'Object Repository/Final Object Repo/Landing Page/Select to English'

2018-12-12 10:30:57 - [TEST_STEP][PASSED] - Statement - Try: Delayed 2 second(s)

2018-12-12 10:30:57 - [TEST_STEP][PASSED] - Statement - Checker = com.kms.katalon.core.webui.keyword.WebUiBuiltInKeywords.verifyElementNotPresent(tester, 3): Web element with id: 'Object Repository/Final Object Repo/Landing Page/Select to English' located by 'By.xpath: //a[@class = 'taglib-language-list-text' and @lang = 'en-US' and (contains(text(), 'EN') or contains(., 'EN'))]' is not present after '3' second(s)

2018-12-12 10:30:59 - [MESSAGE][PASSED] - Web element with id: 'Object Repository/Final Object Repo/Landing Page/Select to English' located by 'By.xpath: //a[@class = 'taglib-language-list-text' and @lang = 'en-US' and (contains(text(), 'EN') or contains(., 'EN'))]' is not present after '3' second(s)

2018-12-12 10:30:59 - [TEST_STEP][PASSED] - Statement - If (Checker == false): null

2018-12-12 10:30:59 - [TEST_STEP][PASSED] - delay: Delayed 2 second(s)

2018-12-12 10:31:01 - [MESSAGE][PASSED] - Delayed 2 second(s)

2018-12-12 10:31:01 - [TEST_STEP][PASSED] - delay: Delayed 5 second(s)

2018-12-12 10:31:06 - [MESSAGE][PASSED] - Delayed 5 second(s)

2018-12-12 10:31:06 - [TEST_STEP][PASSED] - navigateToUrl: Navigate to 'https://assist2-uat.perkeso.gov.my/web/registration/update/update-employee-information-employer-' successfully

2018-12-12 10:31:06 - [MESSAGE][PASSED] - Navigate to 'https://assist2-uat.perkeso.gov.my/web/registration/update/update-employee-information-employer-' successfully

2018-12-12 10:31:06 - [TEST_STEP][PASSED] - setText: Text 'E1102001065V' is set on object 'Object Repository/Final Object Repo/Page_Update Employee Information By Employer/Employer Code'

2018-12-12 10:31:07 - [MESSAGE][PASSED] - Text 'E1102001065V' is set on object 'Object Repository/Final Object Repo/Page_Update Employee Information By Employer/Employer Code'

2018-12-12 10:31:07 - [TEST_STEP][PASSED] - click: Object: 'Object Repository/Final Object Repo/Page_Update Employee Information By Employer/Search Employer Code' is clicked on

2018-12-12 10:31:07 - [MESSAGE][PASSED] - Object: 'Object Repository/Final Object Repo/Page_Update Employee Information By Employer/Search Employer Code' is clicked on

2018-12-12 10:31:07 - [TEST_STEP][PASSED] - click: Object: 'Object Repository/Final Object Repo/Page_Update Employee Information By Employer/Edit Button' is clicked on

2018-12-12 10:31:11 - [MESSAGE][PASSED] - Object: 'Object Repository/Final Object Repo/Page_Update Employee Information By Employer/Edit Button' is clicked on

2018-12-12 10:31:11 - [TEST_STEP][PASSED] - click: Object: 'Object Repository/Final Object Repo/Page_Update Employee Information By Employer/Employee Name or New Identification' is clicked on

2018-12-12 10:31:11 - [MESSAGE][PASSED] - Object: 'Object Repository/Final Object Repo/Page_Update Employee Information By Employer/Employee Name or New Identification' is clicked on

2018-12-12 10:31:11 - [TEST_STEP][PASSED] - delay: Delayed 1 second(s)

2018-12-12 10:31:12 - [MESSAGE][PASSED] - Delayed 1 second(s)

2018-12-12 10:31:12 - [TEST_STEP][PASSED] - click: Object: 'Object Repository/Final Object Repo/Page_Update Employee Information By Employer/Selection - Employee Name' is clicked on

2018-12-12 10:31:12 - [MESSAGE][PASSED] - Object: 'Object Repository/Final Object Repo/Page_Update Employee Information By Employer/Selection - Employee Name' is clicked on

2018-12-12 10:31:12 - [TEST_STEP][PASSED] - delay: Delayed 1 second(s)

2018-12-12 10:31:13 - [MESSAGE][PASSED] - Delayed 1 second(s)

2018-12-12 10:31:13 - [TEST_STEP][PASSED] - setText: Text 'PERKESO' is set on object 'Object Repository/Final Object Repo/Page_Update Employee Information By Employer/Employee Name'

2018-12-12 10:31:13 - [MESSAGE][PASSED] - Text 'PERKESO' is set on object 'Object Repository/Final Object Repo/Page_Update Employee Information By Employer/Employee Name'

2018-12-12 10:31:13 - [TEST_STEP][PASSED] - delay: Delayed 2 second(s)

2018-12-12 10:31:15 - [MESSAGE][PASSED] - Delayed 2 second(s)

2018-12-12 10:31:15 - [TEST_STEP][PASSED] - click: Object: 'Object Repository/Final Object Repo/Page_Update Employee Information By Employer/Search Employee' is clicked on

2018-12-12 10:31:16 - [MESSAGE][PASSED] - Object: 'Object Repository/Final Object Repo/Page_Update Employee Information By Employer/Search Employee' is clicked on

2018-12-12 10:31:16 - [TEST_STEP][PASSED] - delay: Delayed 3 second(s)

2018-12-12 10:31:19 - [MESSAGE][PASSED] - Delayed 3 second(s)

2018-12-12 10:31:19 - [TEST_STEP][PASSED] - click: Object: 'Object Repository/Final Object Repo/Page_Update Employee Information By Employer/Employee Edit Button' is clicked on

2018-12-12 10:31:19 - [MESSAGE][PASSED] - Object: 'Object Repository/Final Object Repo/Page_Update Employee Information By Employer/Employee Edit Button' is clicked on

2018-12-12 10:31:19 - [TEST_STEP][PASSED] - delay: Delayed 3 second(s)

2018-12-12 10:31:22 - [MESSAGE][PASSED] - Delayed 3 second(s)

2018-12-12 10:31:22 - [TEST_STEP][PASSED] - setText: Text '' is set on object 'Object Repository/Final Object Repo/Page_Update Employee Information By Employer/Identification Number'

2018-12-12 10:31:22 - [MESSAGE][PASSED] - Text '' is set on object 'Object Repository/Final Object Repo/Page_Update Employee Information By Employer/Identification Number'

2018-12-12 10:31:22 - [TEST_STEP][PASSED] - Statement - rnd = new java.util.Random(): null

2018-12-12 10:31:22 - [TEST_STEP][PASSED] - Statement - snum = rnd.nextInt(899999 + 1) + 100000: null

2018-12-12 10:31:22 - [TEST_STEP][PASSED] - Statement - tnum = rnd.nextInt(899999 + 1) + 100000: null

2018-12-12 10:31:22 - [TEST_STEP][PASSED] - Statement - IC = java.lang.Integer.toString(snum) + java.lang.Integer.toString(tnum): null

2018-12-12 10:31:22 - [TEST_STEP][PASSED] - Statement - out.println(IC): null

2018-12-12 10:31:22 - [TEST_STEP][PASSED] - setText: Text '936190742511' is set on object 'Object Repository/Final Object Repo/Page_Update Employee Information By Employer/Identification Number'

2018-12-12 10:31:22 - [MESSAGE][PASSED] - Text '936190742511' is set on object 'Object Repository/Final Object Repo/Page_Update Employee Information By Employer/Identification Number'

2018-12-12 10:31:22 - [TEST_STEP][PASSED] - click: Object: 'Object Repository/Final Object Repo/Page_Update Employee Information By Employer/Save' is clicked on

2018-12-12 10:31:23 - [MESSAGE][PASSED] - Object: 'Object Repository/Final Object Repo/Page_Update Employee Information By Employer/Save' is clicked on

2018-12-12 10:31:23 - [TEST_STEP][PASSED] - delay: Delayed 5 second(s)

2018-12-12 10:31:28 - [MESSAGE][PASSED] - Delayed 5 second(s)

2018-12-12 10:31:28 - [TEST_STEP][PASSED] - Statement - CaseReferenceNo = com.kms.katalon.core.webui.keyword.WebUiBuiltInKeywords.getText(com.kms.katalon.core.testobject.ObjectRepository.findTestObject(Final Object Repo/Reference Number/Reference Number in Update Employee Information Page)): Text of object 'Object Repository/Final Object Repo/Reference Number/Reference Number in Update Employee Information Page' is: 'CUN122018C100005978'

2018-12-12 10:31:28 - [MESSAGE][PASSED] - Text of object 'Object Repository/Final Object Repo/Reference Number/Reference Number in Update Employee Information Page' is: 'CUN122018C100005978'

2018-12-12 10:31:28 - [TEST_STEP][PASSED] - callTestCase: Call Test Case 'Test Cases/Final Aug 2018 - PKS Automation/Common/Reference Number Setter' successfully

2018-12-12 10:31:28 - [TEST_CASE][PASSED] - Test Cases/Final Aug 2018 - PKS Automation/Common/Reference Number Setter: Test Cases/Final Aug 2018 - PKS Automation/Common/Reference Number Setter

2018-12-12 10:31:28 - [TEST_STEP][PASSED] - Statement - RefNoOldFile = new java.io.File(C://Users//Admin//Desktop//PKS//Automation Reference Point//KatalonReference.txt): null

2018-12-12 10:31:28 - [TEST_STEP][PASSED] - Statement - RefNoOldFile.delete(): null

2018-12-12 10:31:28 - [TEST_STEP][PASSED] - delay: Delayed 5 second(s)

2018-12-12 10:31:33 - [MESSAGE][PASSED] - Delayed 5 second(s)

2018-12-12 10:31:33 - [TEST_STEP][PASSED] - Statement - RefNo = new java.io.File(C://Users//Admin//Desktop//PKS//Automation Reference Point//KatalonReference.txt): null

2018-12-12 10:31:33 - [TEST_STEP][PASSED] - Statement - f2 = new java.io.FileWriter(RefNo, false): null

2018-12-12 10:31:33 - [TEST_STEP][PASSED] - Statement - f2.write(CaseReferenceNo): null

2018-12-12 10:31:33 - [TEST_STEP][PASSED] - Statement - f2.close(): null

2018-12-12 10:31:33 - [TEST_STEP][PASSED] - Statement - out.println("


" + CaseReferenceNo + "


"): null

2018-12-12 10:31:33 - [MESSAGE][PASSED] - Call Test Case 'Test Cases/Final Aug 2018 - PKS Automation/Common/Reference Number Setter' successfully

2018-12-12 10:31:33 - [TEST_STEP][PASSED] - delay: Delayed 5 second(s)

2018-12-12 10:31:38 - [MESSAGE][PASSED] - Delayed 5 second(s)

2018-12-12 10:31:38 - [TEST_STEP][PASSED] - click: Object: 'Object Repository/Final Object Repo/Page_Update Employee Information By Employer/Save  Continue in  Employee Information Page' is clicked on

2018-12-12 10:31:38 - [MESSAGE][PASSED] - Object: 'Object Repository/Final Object Repo/Page_Update Employee Information By Employer/Save  Continue in  Employee Information Page' is clicked on

2018-12-12 10:31:38 - [TEST_STEP][PASSED] - delay: Delayed 5 second(s)

2018-12-12 10:31:43 - [MESSAGE][PASSED] - Delayed 5 second(s)

2018-12-12 10:31:43 - [TEST_STEP][PASSED] - click: Object: 'Object Repository/Final Object Repo/Page_Update Employee Information By Employer/Save  Continue in Uploading Page 1' is clicked on

2018-12-12 10:31:43 - [MESSAGE][PASSED] - Object: 'Object Repository/Final Object Repo/Page_Update Employee Information By Employer/Save  Continue in Uploading Page 1' is clicked on

2018-12-12 10:31:43 - [TEST_STEP][PASSED] - delay: Delayed 5 second(s)

2018-12-12 10:31:48 - [MESSAGE][PASSED] - Delayed 5 second(s)

2018-12-12 10:31:48 - [TEST_STEP][PASSED] - click: Object: 'Object Repository/Final Object Repo/Page_Update Employee Information By Employer/Submit' is clicked on

2018-12-12 10:31:48 - [MESSAGE][PASSED] - Object: 'Object Repository/Final Object Repo/Page_Update Employee Information By Employer/Submit' is clicked on

2018-12-12 10:31:48 - [TEST_STEP][PASSED] - delay: Delayed 5 second(s)

2018-12-12 10:31:53 - [MESSAGE][PASSED] - Delayed 5 second(s)

2018-12-12 10:31:53 - [TEST_STEP][PASSED] - click: Object: 'Object Repository/Final Object Repo/Page_Update Employee Information By Employer/Confirm' is clicked on

2018-12-12 10:31:54 - [MESSAGE][PASSED] - Object: 'Object Repository/Final Object Repo/Page_Update Employee Information By Employer/Confirm' is clicked on

2018-12-12 10:31:54 - [TEST_STEP][PASSED] - delay: Delayed 5 second(s)

2018-12-12 10:31:59 - [MESSAGE][PASSED] - Delayed 5 second(s)

2018-12-12 10:31:59 - [TEST_STEP][PASSED] - verifyElementVisible: Object 'Object Repository/Final Object Repo/Page_Update Employee Information By Employer/Successfull Message Routed to UO' is visible

2018-12-12 10:31:59 - [MESSAGE][PASSED] - Object 'Object Repository/Final Object Repo/Page_Update Employee Information By Employer/Successfull Message Routed to UO' is visible

2018-12-12 10:31:59 - [MESSAGE][PASSED] - Call Test Case 'Test Cases/Final Aug 2018 - PKS Automation/Registration Module/Workflow/Update Employee Information (Employer)/Template/Update Employer Information - Special Case (PAU)' successfully

2018-12-12 10:31:59 - [TEST_STEP][PASSED] - callTestCase: Call Test Case 'Test Cases/Final Aug 2018 - PKS Automation/Registration Module/Workflow/Update Employee Information (Employer)/Template/Update Employee Information - Special Case - UO (UnderEnforcement)' successfully

2018-12-12 10:31:59 - [TEST_CASE][PASSED] - Test Cases/Final Aug 2018 - PKS Automation/Registration Module/Workflow/Update Employee Information (Employer)/Template/Update Employee Information - Special Case - UO (UnderEnforcement): Test Cases/Final Aug 2018 - PKS Automation/Registration Module/Workflow/Update Employee Information (Employer)/Template/Update Employee Information - Special Case - UO (UnderEnforcement)

2018-12-12 10:31:59 - [TEST_STEP][NOT_RUN] - callTestCase: NOT_RUN: callTestCase

2018-12-12 10:31:59 - [MESSAGE][NOT_RUN] - NOT_RUN: callTestCase

2018-12-12 10:31:59 - [TEST_STEP][PASSED] - delay: Delayed 2 second(s)

2018-12-12 10:32:01 - [MESSAGE][PASSED] - Delayed 2 second(s)

2018-12-12 10:32:01 - [TEST_STEP][PASSED] - navigateToUrl: Navigate to 'https://assist2-uat.perkeso.gov.my/c/portal/logout' successfully

2018-12-12 10:32:01 - [MESSAGE][PASSED] - Navigate to 'https://assist2-uat.perkeso.gov.my/c/portal/logout' successfully

2018-12-12 10:32:01 - [TEST_STEP][PASSED] - delay: Delayed 2 second(s)

2018-12-12 10:32:03 - [MESSAGE][PASSED] - Delayed 2 second(s)

2018-12-12 10:32:03 - [TEST_STEP][PASSED] - callTestCase: Call Test Case 'Test Cases/Final Aug 2018 - PKS Automation/Common/Reference Number Getter' successfully

2018-12-12 10:32:03 - [TEST_CASE][PASSED] - Test Cases/Final Aug 2018 - PKS Automation/Common/Reference Number Getter: Test Cases/Final Aug 2018 - PKS Automation/Common/Reference Number Getter

2018-12-12 10:32:03 - [TEST_STEP][PASSED] - Statement - Try: null

2018-12-12 10:32:03 - [TEST_STEP][PASSED] - Statement - RefNo = new java.io.File(C://Users//Admin//Desktop//PKS//Automation Reference Point//KatalonReference.txt): null

2018-12-12 10:32:03 - [TEST_STEP][PASSED] - Statement - bufferread = new java.io.BufferedReader(new java.io.FileReader(RefNo)): null

2018-12-12 10:32:03 - [TEST_STEP][PASSED] - Statement - readedVal = bufferread.readLine(): null

2018-12-12 10:32:03 - [TEST_STEP][PASSED] - Statement - out.println(CaseReferenceNo): null

2018-12-12 10:32:03 - [TEST_STEP][PASSED] - Statement - out.println(readedVal): null

2018-12-12 10:32:03 - [TEST_STEP][PASSED] - Statement - CaseReferenceNo = "": null

2018-12-12 10:32:03 - [TEST_STEP][PASSED] - Statement - CaseReferenceNo = readedVal: null

2018-12-12 10:32:03 - [MESSAGE][PASSED] - Call Test Case 'Test Cases/Final Aug 2018 - PKS Automation/Common/Reference Number Getter' successfully

2018-12-12 10:32:03 - [TEST_STEP][PASSED] - callTestCase: Call Test Case 'Test Cases/Final Aug 2018 - PKS Automation/Common/Workflow Owner Finder' successfully

2018-12-12 10:32:04 - [TEST_CASE][PASSED] - Test Cases/Final Aug 2018 - PKS Automation/Common/Workflow Owner Finder: Test Cases/Final Aug 2018 - PKS Automation/Common/Workflow Owner Finder

2018-12-12 10:32:04 - [TEST_STEP][PASSED] - openBrowser: Browser is opened with url: ''

2018-12-12 10:32:04 - [MESSAGE][WARNING] - A browser is already opened. Closing browser and opening a new one

2018-12-12 10:32:08 - [MESSAGE][PASSED] - Browser is opened with url: ''

2018-12-12 10:32:08 - [TEST_STEP][PASSED] - navigateToUrl: Navigate to 'https://assist2-uat.perkeso.gov.my/login' successfully

2018-12-12 10:32:09 - [MESSAGE][PASSED] - Navigate to 'https://assist2-uat.perkeso.gov.my/login' successfully

2018-12-12 10:32:09 - [TEST_STEP][PASSED] - delay: Delayed 5 second(s)

2018-12-12 10:32:14 - [MESSAGE][PASSED] - Delayed 5 second(s)

2018-12-12 10:32:14 - [TEST_STEP][PASSED] - setText: Text 'test@liferay.com' is set on object 'Object Repository/Final Object Repo/Login Page/Internal User/Email Address'

2018-12-12 10:32:14 - [MESSAGE][PASSED] - Text 'test@liferay.com' is set on object 'Object Repository/Final Object Repo/Login Page/Internal User/Email Address'

2018-12-12 10:32:14 - [TEST_STEP][PASSED] - click: Object: 'Object Repository/Final Object Repo/Login Page/Internal User/Next Button' is clicked on

2018-12-12 10:32:14 - [MESSAGE][PASSED] - Object: 'Object Repository/Final Object Repo/Login Page/Internal User/Next Button' is clicked on

2018-12-12 10:32:14 - [TEST_STEP][PASSED] - delay: Delayed 2 second(s)

2018-12-12 10:32:16 - [MESSAGE][PASSED] - Delayed 2 second(s)

2018-12-12 10:32:16 - [TEST_STEP][PASSED] - setText: Text 'test' is set on object 'Object Repository/Final Object Repo/Login Page/Internal User/Password'

2018-12-12 10:32:17 - [MESSAGE][PASSED] - Text 'test' is set on object 'Object Repository/Final Object Repo/Login Page/Internal User/Password'

2018-12-12 10:32:17 - [TEST_STEP][PASSED] - delay: Delayed 2 second(s)

2018-12-12 10:32:19 - [MESSAGE][PASSED] - Delayed 2 second(s)

2018-12-12 10:32:19 - [TEST_STEP][PASSED] - click: Object: 'Object Repository/Final Object Repo/Login Page/Internal User/Login Button' is clicked on

2018-12-12 10:32:19 - [MESSAGE][PASSED] - Object: 'Object Repository/Final Object Repo/Login Page/Internal User/Login Button' is clicked on

2018-12-12 10:32:19 - [TEST_STEP][PASSED] - Statement - tester = com.kms.katalon.core.testobject.ObjectRepository.findTestObject(Final Object Repo/Landing Page/Select to English): Finding Test Object with id 'Object Repository/Final Object Repo/Landing Page/Select to English'

2018-12-12 10:32:19 - [TEST_STEP][PASSED] - Statement - Try: Delayed 2 second(s)

2018-12-12 10:32:19 - [TEST_STEP][PASSED] - Statement - Checker = com.kms.katalon.core.webui.keyword.WebUiBuiltInKeywords.verifyElementNotPresent(tester, 3): Web element with id: 'Object Repository/Final Object Repo/Landing Page/Select to English' located by 'By.xpath: //a[@class = 'taglib-language-list-text' and @lang = 'en-US' and (contains(text(), 'EN') or contains(., 'EN'))]' is not present after '3' second(s)

2018-12-12 10:32:21 - [MESSAGE][PASSED] - Web element with id: 'Object Repository/Final Object Repo/Landing Page/Select to English' located by 'By.xpath: //a[@class = 'taglib-language-list-text' and @lang = 'en-US' and (contains(text(), 'EN') or contains(., 'EN'))]' is not present after '3' second(s)

2018-12-12 10:32:21 - [TEST_STEP][PASSED] - Statement - If (Checker == false): null

2018-12-12 10:32:21 - [TEST_STEP][PASSED] - delay: Delayed 2 second(s)

2018-12-12 10:32:23 - [MESSAGE][PASSED] - Delayed 2 second(s)

2018-12-12 10:32:23 - [TEST_STEP][PASSED] - delay: Delayed 5 second(s)

2018-12-12 10:32:28 - [MESSAGE][PASSED] - Delayed 5 second(s)

2018-12-12 10:32:28 - [TEST_STEP][PASSED] - mouseOver: Object: 'Object Repository/Final Object Repo/Landing Page/WorkFlow Menu' is hovered

2018-12-12 10:32:28 - [MESSAGE][PASSED] - Object: 'Object Repository/Final Object Repo/Landing Page/WorkFlow Menu' is hovered

2018-12-12 10:32:28 - [TEST_STEP][PASSED] - delay: Delayed 2 second(s)

2018-12-12 10:32:30 - [MESSAGE][PASSED] - Delayed 2 second(s)

2018-12-12 10:32:30 - [TEST_STEP][PASSED] - click: Object: 'Object Repository/Final Object Repo/Landing Page/Select to Workflow Listing' is clicked on

2018-12-12 10:32:31 - [MESSAGE][PASSED] - Object: 'Object Repository/Final Object Repo/Landing Page/Select to Workflow Listing' is clicked on

2018-12-12 10:32:31 - [TEST_STEP][PASSED] - delay: Delayed 2 second(s)

2018-12-12 10:32:33 - [MESSAGE][PASSED] - Delayed 2 second(s)

2018-12-12 10:32:33 - [TEST_STEP][PASSED] - click: Object: 'Object Repository/Final Object Repo/WorkFlow Listing Page/Search Information - To Put Ref No' is clicked on

2018-12-12 10:32:33 - [MESSAGE][PASSED] - Object: 'Object Repository/Final Object Repo/WorkFlow Listing Page/Search Information - To Put Ref No' is clicked on

2018-12-12 10:32:33 - [TEST_STEP][PASSED] - delay: Delayed 2 second(s)

2018-12-12 10:32:35 - [MESSAGE][PASSED] - Delayed 2 second(s)

2018-12-12 10:32:35 - [TEST_STEP][PASSED] - callTestCase: Call Test Case 'Test Cases/Final Aug 2018 - PKS Automation/Common/Reference Number Getter' successfully

2018-12-12 10:32:35 - [TEST_CASE][PASSED] - Test Cases/Final Aug 2018 - PKS Automation/Common/Reference Number Getter: Test Cases/Final Aug 2018 - PKS Automation/Common/Reference Number Getter

2018-12-12 10:32:35 - [TEST_STEP][PASSED] - Statement - Try: null

2018-12-12 10:32:35 - [TEST_STEP][PASSED] - Statement - RefNo = new java.io.File(C://Users//Admin//Desktop//PKS//Automation Reference Point//KatalonReference.txt): null

2018-12-12 10:32:35 - [TEST_STEP][PASSED] - Statement - bufferread = new java.io.BufferedReader(new java.io.FileReader(RefNo)): null

2018-12-12 10:32:35 - [TEST_STEP][PASSED] - Statement - readedVal = bufferread.readLine(): null

2018-12-12 10:32:35 - [TEST_STEP][PASSED] - Statement - out.println(CaseReferenceNo): null

2018-12-12 10:32:35 - [TEST_STEP][PASSED] - Statement - out.println(readedVal): null

2018-12-12 10:32:35 - [TEST_STEP][PASSED] - Statement - CaseReferenceNo = "": null

2018-12-12 10:32:35 - [TEST_STEP][PASSED] - Statement - CaseReferenceNo = readedVal: null

2018-12-12 10:32:35 - [MESSAGE][PASSED] - Call Test Case 'Test Cases/Final Aug 2018 - PKS Automation/Common/Reference Number Getter' successfully

2018-12-12 10:32:35 - [TEST_STEP][PASSED] - setText: Text 'CUN122018C100005978' is set on object 'Object Repository/Final Object Repo/WorkFlow Listing Page/Ref No Set Text'

2018-12-12 10:32:35 - [MESSAGE][PASSED] - Text 'CUN122018C100005978' is set on object 'Object Repository/Final Object Repo/WorkFlow Listing Page/Ref No Set Text'

2018-12-12 10:32:35 - [TEST_STEP][PASSED] - delay: Delayed 2 second(s)

2018-12-12 10:32:37 - [MESSAGE][PASSED] - Delayed 2 second(s)

2018-12-12 10:32:37 - [TEST_STEP][PASSED] - click: Object: 'Object Repository/Final Object Repo/WorkFlow Listing Page/Search Ref No Search Button' is clicked on

2018-12-12 10:32:38 - [MESSAGE][PASSED] - Object: 'Object Repository/Final Object Repo/WorkFlow Listing Page/Search Ref No Search Button' is clicked on

2018-12-12 10:32:38 - [TEST_STEP][PASSED] - delay: Delayed 6 second(s)

2018-12-12 10:32:44 - [MESSAGE][PASSED] - Delayed 6 second(s)

2018-12-12 10:32:44 - [TEST_STEP][PASSED] - click: Object: 'Object Repository/Final Object Repo/WorkFlow Listing Page/Click Continue Tooltip' is clicked on

2018-12-12 10:32:45 - [MESSAGE][PASSED] - Object: 'Object Repository/Final Object Repo/WorkFlow Listing Page/Click Continue Tooltip' is clicked on

2018-12-12 10:32:45 - [TEST_STEP][PASSED] - delay: Delayed 5 second(s)

2018-12-12 10:32:50 - [MESSAGE][PASSED] - Delayed 5 second(s)

2018-12-12 10:32:50 - [TEST_STEP][PASSED] - doubleClick: Object: 'Object Repository/Final Object Repo/WorkFlow Listing Page/Workflow Found - Listing 1' is double clicked on

2018-12-12 10:32:50 - [MESSAGE][PASSED] - Object: 'Object Repository/Final Object Repo/WorkFlow Listing Page/Workflow Found - Listing 1' is double clicked on

2018-12-12 10:32:50 - [TEST_STEP][PASSED] - Statement - println(OwnerID): null

2018-12-12 10:32:50 - [TEST_STEP][PASSED] - Statement - OwnerID = com.kms.katalon.core.webui.keyword.WebUiBuiltInKeywords.getText(com.kms.katalon.core.testobject.ObjectRepository.findTestObject(Final Object Repo/WorkFlow Listing Page/Workflow Found - Listing 1), STOP_ON_FAILURE): Text of object 'Object Repository/Final Object Repo/WorkFlow Listing Page/Workflow Found - Listing 1' is: 'JOHORuo1'

2018-12-12 10:32:50 - [MESSAGE][PASSED] - Text of object 'Object Repository/Final Object Repo/WorkFlow Listing Page/Workflow Found - Listing 1' is: 'JOHORuo1'

2018-12-12 10:32:50 - [TEST_STEP][PASSED] - Statement - OwnerID = OwnerID.toLowerCase() + "@gmail.com": null

2018-12-12 10:32:50 - [TEST_STEP][PASSED] - Statement - println(OwnerID): null

2018-12-12 10:32:50 - [TEST_STEP][PASSED] - delay: Delayed 2 second(s)

2018-12-12 10:32:52 - [MESSAGE][PASSED] - Delayed 2 second(s)

2018-12-12 10:32:52 - [MESSAGE][PASSED] - Call Test Case 'Test Cases/Final Aug 2018 - PKS Automation/Common/Workflow Owner Finder' successfully

2018-12-12 10:32:52 - [TEST_STEP][PASSED] - delay: Delayed 2 second(s)

2018-12-12 10:32:54 - [MESSAGE][PASSED] - Delayed 2 second(s)

2018-12-12 10:32:54 - [TEST_STEP][PASSED] - navigateToUrl: Navigate to 'https://assist2-uat.perkeso.gov.my/c/portal/logout' successfully

2018-12-12 10:32:55 - [MESSAGE][PASSED] - Navigate to 'https://assist2-uat.perkeso.gov.my/c/portal/logout' successfully

2018-12-12 10:32:55 - [TEST_STEP][PASSED] - delay: Delayed 2 second(s)

2018-12-12 10:32:57 - [MESSAGE][PASSED] - Delayed 2 second(s)

2018-12-12 10:32:57 - [TEST_STEP][PASSED] - callTestCase: Call Test Case 'Test Cases/Final Aug 2018 - PKS Automation/Registration Module/Workflow/Login and Search Case For Workflow' successfully

2018-12-12 10:32:57 - [TEST_CASE][PASSED] - Test Cases/Final Aug 2018 - PKS Automation/Registration Module/Workflow/Login and Search Case For Workflow: Test Cases/Final Aug 2018 - PKS Automation/Registration Module/Workflow/Login and Search Case For Workflow

2018-12-12 10:32:57 - [TEST_STEP][PASSED] - navigateToUrl: Navigate to 'https://assist2-uat.perkeso.gov.my/login' successfully

2018-12-12 10:32:57 - [MESSAGE][PASSED] - Navigate to 'https://assist2-uat.perkeso.gov.my/login' successfully

2018-12-12 10:32:57 - [TEST_STEP][PASSED] - setText: Text 'johoruo1@gmail.com' is set on object 'Object Repository/Final Object Repo/Login Page/Internal User/Email Address'

2018-12-12 10:32:58 - [MESSAGE][PASSED] - Text 'johoruo1@gmail.com' is set on object 'Object Repository/Final Object Repo/Login Page/Internal User/Email Address'

2018-12-12 10:32:58 - [TEST_STEP][PASSED] - click: Object: 'Object Repository/Final Object Repo/Login Page/Internal User/Next Button' is clicked on

2018-12-12 10:32:58 - [MESSAGE][PASSED] - Object: 'Object Repository/Final Object Repo/Login Page/Internal User/Next Button' is clicked on

2018-12-12 10:32:58 - [TEST_STEP][PASSED] - delay: Delayed 1 second(s)

2018-12-12 10:32:59 - [MESSAGE][PASSED] - Delayed 1 second(s)

2018-12-12 10:32:59 - [TEST_STEP][PASSED] - setEncryptedText: Text ****** has been set on object 'Object Repository/Final Object Repo/Login Page/Internal User/Password'

2018-12-12 10:32:59 - [MESSAGE][PASSED] - Text ****** has been set on object 'Object Repository/Final Object Repo/Login Page/Internal User/Password'

2018-12-12 10:32:59 - [TEST_STEP][PASSED] - click: Object: 'Object Repository/Final Object Repo/Login Page/Internal User/Login Button' is clicked on

2018-12-12 10:32:59 - [MESSAGE][PASSED] - Object: 'Object Repository/Final Object Repo/Login Page/Internal User/Login Button' is clicked on

2018-12-12 10:32:59 - [TEST_STEP][PASSED] - delay: Delayed 2 second(s)

2018-12-12 10:33:01 - [MESSAGE][PASSED] - Delayed 2 second(s)

2018-12-12 10:33:01 - [TEST_STEP][PASSED] - Statement - Try: Delayed 2 second(s)

2018-12-12 10:33:01 - [TEST_STEP][PASSED] - Statement - Checker = false: null

2018-12-12 10:33:01 - [TEST_STEP][PASSED] - Statement - Checker = com.kms.katalon.core.webui.keyword.WebUiBuiltInKeywords.verifyElementHasAttribute(com.kms.katalon.core.testobject.ObjectRepository.findTestObject(Final Object Repo/Landing Page/BM Detecting), "href", 20, OPTIONAL): Object 'Object Repository/Final Object Repo/Landing Page/BM Detecting' has attribute 'href'

2018-12-12 10:33:01 - [MESSAGE][PASSED] - Object 'Object Repository/Final Object Repo/Landing Page/BM Detecting' has attribute 'href'

2018-12-12 10:33:01 - [TEST_STEP][PASSED] - Statement - out.println(Checker): null

2018-12-12 10:33:01 - [TEST_STEP][PASSED] - Statement - If (Checker == false): null

2018-12-12 10:33:01 - [TEST_STEP][PASSED] - Statement - Else: null

2018-12-12 10:33:01 - [TEST_STEP][PASSED] - delay: Delayed 2 second(s)

2018-12-12 10:33:03 - [MESSAGE][PASSED] - Delayed 2 second(s)

2018-12-12 10:33:03 - [TEST_STEP][PASSED] - click: Object: 'Object Repository/Final Object Repo/Page_MyASSIST - ASSIST - Search Pending Case For Add Supporting Document/Search Information' is clicked on

2018-12-12 10:33:03 - [MESSAGE][PASSED] - Object: 'Object Repository/Final Object Repo/Page_MyASSIST - ASSIST - Search Pending Case For Add Supporting Document/Search Information' is clicked on

2018-12-12 10:33:03 - [TEST_STEP][PASSED] - delay: Delayed 3 second(s)

2018-12-12 10:33:06 - [MESSAGE][PASSED] - Delayed 3 second(s)

2018-12-12 10:33:06 - [TEST_STEP][PASSED] - sendKeys: Keys 'CUN122018C100005978' sent to object: 'Object Repository/Final Object Repo/Page_MyASSIST - ASSIST - Search Pending Case For Add Supporting Document/Reference No'

2018-12-12 10:33:07 - [MESSAGE][PASSED] - Keys 'CUN122018C100005978' sent to object: 'Object Repository/Final Object Repo/Page_MyASSIST - ASSIST - Search Pending Case For Add Supporting Document/Reference No'

2018-12-12 10:33:07 - [TEST_STEP][PASSED] - click: Object: 'Object Repository/Final Object Repo/Page_MyASSIST - ASSIST - Search Pending Case For Add Supporting Document/Search Reference No' is clicked on

2018-12-12 10:33:07 - [MESSAGE][PASSED] - Object: 'Object Repository/Final Object Repo/Page_MyASSIST - ASSIST - Search Pending Case For Add Supporting Document/Search Reference No' is clicked on

2018-12-12 10:33:07 - [TEST_STEP][PASSED] - delay: Delayed 2 second(s)

2018-12-12 10:33:09 - [MESSAGE][PASSED] - Delayed 2 second(s)

2018-12-12 10:33:09 - [TEST_STEP][PASSED] - click: Object: 'Object Repository/Final Object Repo/Page_MyASSIST - ASSIST - Search Pending Case For Add Supporting Document/Continue' is clicked on

2018-12-12 10:33:13 - [MESSAGE][PASSED] - Object: 'Object Repository/Final Object Repo/Page_MyASSIST - ASSIST - Search Pending Case For Add Supporting Document/Continue' is clicked on

2018-12-12 10:33:13 - [TEST_STEP][PASSED] - delay: Delayed 20 second(s)

2018-12-12 10:33:33 - [MESSAGE][PASSED] - Delayed 20 second(s)

2018-12-12 10:33:33 - [MESSAGE][PASSED] - Call Test Case 'Test Cases/Final Aug 2018 - PKS Automation/Registration Module/Workflow/Login and Search Case For Workflow' successfully

2018-12-12 10:33:33 - [TEST_STEP][PASSED] - delay: Delayed 2 second(s)

2018-12-12 10:33:35 - [MESSAGE][PASSED] - Delayed 2 second(s)

2018-12-12 10:33:35 - [TEST_STEP][PASSED] - click: Object: 'Object Repository/Final Object Repo/Page_Update Employee Information By Employer/Page_Update Employee Information by Employer (Approve)/Continue' is clicked on

2018-12-12 10:33:38 - [MESSAGE][PASSED] - Object: 'Object Repository/Final Object Repo/Page_Update Employee Information By Employer/Page_Update Employee Information by Employer (Approve)/Continue' is clicked on

2018-12-12 10:33:38 - [TEST_STEP][PASSED] - delay: Delayed 2 second(s)

2018-12-12 10:33:40 - [MESSAGE][PASSED] - Delayed 2 second(s)

2018-12-12 10:33:40 - [TEST_STEP][PASSED] - click: Object: 'Object Repository/Final Object Repo/Page_Update Employee Information By Employer/Page_Update Employee Information by Employer (Approve)/Save  Continue in Update Employee Information Page' is clicked on

2018-12-12 10:33:40 - [MESSAGE][PASSED] - Object: 'Object Repository/Final Object Repo/Page_Update Employee Information By Employer/Page_Update Employee Information by Employer (Approve)/Save  Continue in Update Employee Information Page' is clicked on

2018-12-12 10:33:40 - [TEST_STEP][PASSED] - delay: Delayed 4 second(s)

2018-12-12 10:33:45 - [MESSAGE][PASSED] - Delayed 4 second(s)

2018-12-12 10:33:45 - [TEST_STEP][PASSED] - click: Object: 'Object Repository/Final Object Repo/Page_Update Employee Information By Employer/Page_Update Employee Information by Employer (Approve)/Save  Continue in Upload Supporting Doucument Page' is clicked on

2018-12-12 10:33:45 - [MESSAGE][PASSED] - Object: 'Object Repository/Final Object Repo/Page_Update Employee Information By Employer/Page_Update Employee Information by Employer (Approve)/Save  Continue in Upload Supporting Doucument Page' is clicked on

2018-12-12 10:33:45 - [TEST_STEP][PASSED] - delay: Delayed 2 second(s)

2018-12-12 10:33:47 - [MESSAGE][PASSED] - Delayed 2 second(s)

2018-12-12 10:33:47 - [TEST_STEP][PASSED] - click: Object: 'Object Repository/Final Object Repo/Page_Update Employee Information By Employer/Page_Update Employee Information by Employer (Under enforcement)/Under enforcement' is clicked on

2018-12-12 10:33:48 - [MESSAGE][PASSED] - Object: 'Object Repository/Final Object Repo/Page_Update Employee Information By Employer/Page_Update Employee Information by Employer (Under enforcement)/Under enforcement' is clicked on

2018-12-12 10:33:48 - [TEST_STEP][PASSED] - delay: Delayed 2 second(s)

2018-12-12 10:33:50 - [MESSAGE][PASSED] - Delayed 2 second(s)

2018-12-12 10:33:50 - [TEST_STEP][PASSED] - setText: Text 'Remark' is set on object 'Object Repository/Final Object Repo/Page_Update Employee Information By Employer/Page_Update Employee Information by Employer (Under enforcement)/Under enforcement - Remark'

2018-12-12 10:33:51 - [MESSAGE][PASSED] - Text 'Remark' is set on object 'Object Repository/Final Object Repo/Page_Update Employee Information By Employer/Page_Update Employee Information by Employer (Under enforcement)/Under enforcement - Remark'

2018-12-12 10:33:51 - [TEST_STEP][PASSED] - delay: Delayed 2 second(s)

2018-12-12 10:33:53 - [MESSAGE][PASSED] - Delayed 2 second(s)

2018-12-12 10:33:53 - [TEST_STEP][PASSED] - click: Object: 'Object Repository/Final Object Repo/Page_Update Employee Information By Employer/Page_Update Employee Information by Employer (Under enforcement)/Save  Continu in Under enforcement Page' is clicked on

2018-12-12 10:33:53 - [MESSAGE][PASSED] - Object: 'Object Repository/Final Object Repo/Page_Update Employee Information By Employer/Page_Update Employee Information by Employer (Under enforcement)/Save  Continu in Under enforcement Page' is clicked on

2018-12-12 10:33:53 - [TEST_STEP][PASSED] - delay: Delayed 2 second(s)

2018-12-12 10:33:55 - [MESSAGE][PASSED] - Delayed 2 second(s)

2018-12-12 10:33:55 - [TEST_STEP][PASSED] - click: Object: 'Object Repository/Final Object Repo/Page_Update Employee Information By Employer/Page_Update Employee Information by Employer (Under enforcement)/Under enforceme Message The case is under enforcement' is clicked on

2018-12-12 10:33:56 - [MESSAGE][PASSED] - Object: 'Object Repository/Final Object Repo/Page_Update Employee Information By Employer/Page_Update Employee Information by Employer (Under enforcement)/Under enforceme Message The case is under enforcement' is clicked on

2018-12-12 10:33:56 - [TEST_STEP][PASSED] - click: Object: 'Object Repository/Final Object Repo/Page_Update Employee Information By Employer/Page_Update Employee Information by Employer (Under enforcement)/Under enforcement - OK button' is clicked on

2018-12-12 10:33:57 - [MESSAGE][PASSED] - Object: 'Object Repository/Final Object Repo/Page_Update Employee Information By Employer/Page_Update Employee Information by Employer (Under enforcement)/Under enforcement - OK button' is clicked on

2018-12-12 10:33:57 - [MESSAGE][PASSED] - Call Test Case 'Test Cases/Final Aug 2018 - PKS Automation/Registration Module/Workflow/Update Employee Information (Employer)/Template/Update Employee Information - Special Case - UO (UnderEnforcement)' successfully]]></system-out>
         <system-err><![CDATA[]]></system-err>
      </testcase>
      <testcase name="Test Cases/Final Aug 2018 - PKS Automation/Registration Module/Workflow/Update Employee Information (Employer)/PKRBO - UO (Approve)" classname="Test Cases/Final Aug 2018 - PKS Automation/Registration Module/Workflow/Update Employee Information (Employer)/PKRBO - UO (Approve)" status="PASSED">
         <system-out><![CDATA[2018-12-12 10:33:57 - [TEST_CASE][PASSED] - Test Cases/Final Aug 2018 - PKS Automation/Registration Module/Workflow/Update Employee Information (Employer)/PKRBO - UO (Approve): Test Cases/Final Aug 2018 - PKS Automation/Registration Module/Workflow/Update Employee Information (Employer)/PKRBO - UO (Approve)

2018-12-12 10:33:57 - [TEST_STEP][PASSED] - callTestCase: Call Test Case 'Test Cases/Final Aug 2018 - PKS Automation/Registration Module/Workflow/Update Employee Information (Employer)/Template/Update Employer Information - Special Case (PKRBO)' successfully

2018-12-12 10:33:57 - [TEST_CASE][PASSED] - Test Cases/Final Aug 2018 - PKS Automation/Registration Module/Workflow/Update Employee Information (Employer)/Template/Update Employer Information - Special Case (PKRBO): Test Cases/Final Aug 2018 - PKS Automation/Registration Module/Workflow/Update Employee Information (Employer)/Template/Update Employer Information - Special Case (PKRBO)

2018-12-12 10:33:58 - [TEST_STEP][PASSED] - openBrowser: Browser is opened with url: ''

2018-12-12 10:33:58 - [MESSAGE][WARNING] - A browser is already opened. Closing browser and opening a new one

2018-12-12 10:34:02 - [MESSAGE][PASSED] - Browser is opened with url: ''

2018-12-12 10:34:02 - [TEST_STEP][PASSED] - navigateToUrl: Navigate to 'https://assist2-uat.perkeso.gov.my/login' successfully

2018-12-12 10:34:03 - [MESSAGE][PASSED] - Navigate to 'https://assist2-uat.perkeso.gov.my/login' successfully

2018-12-12 10:34:03 - [TEST_STEP][PASSED] - setText: Text 'johorpkrbo1@gmail.com' is set on object 'Object Repository/Final Object Repo/Login Page/Internal User/Email Address'

2018-12-12 10:34:04 - [MESSAGE][PASSED] - Text 'johorpkrbo1@gmail.com' is set on object 'Object Repository/Final Object Repo/Login Page/Internal User/Email Address'

2018-12-12 10:34:04 - [TEST_STEP][PASSED] - click: Object: 'Object Repository/Final Object Repo/Login Page/Internal User/Next Button' is clicked on

2018-12-12 10:34:04 - [MESSAGE][PASSED] - Object: 'Object Repository/Final Object Repo/Login Page/Internal User/Next Button' is clicked on

2018-12-12 10:34:04 - [TEST_STEP][PASSED] - delay: Delayed 1 second(s)

2018-12-12 10:34:05 - [MESSAGE][PASSED] - Delayed 1 second(s)

2018-12-12 10:34:05 - [TEST_STEP][PASSED] - setEncryptedText: Text ****** has been set on object 'Object Repository/Final Object Repo/Login Page/Internal User/Password'

2018-12-12 10:34:05 - [MESSAGE][PASSED] - Text ****** has been set on object 'Object Repository/Final Object Repo/Login Page/Internal User/Password'

2018-12-12 10:34:05 - [TEST_STEP][PASSED] - click: Object: 'Object Repository/Final Object Repo/Login Page/Internal User/Login Button' is clicked on

2018-12-12 10:34:05 - [MESSAGE][PASSED] - Object: 'Object Repository/Final Object Repo/Login Page/Internal User/Login Button' is clicked on

2018-12-12 10:34:05 - [TEST_STEP][PASSED] - Statement - tester = com.kms.katalon.core.testobject.ObjectRepository.findTestObject(Final Object Repo/Landing Page/Select to English): Finding Test Object with id 'Object Repository/Final Object Repo/Landing Page/Select to English'

2018-12-12 10:34:05 - [TEST_STEP][PASSED] - Statement - Try: Delayed 2 second(s)

2018-12-12 10:34:05 - [TEST_STEP][PASSED] - Statement - Checker = com.kms.katalon.core.webui.keyword.WebUiBuiltInKeywords.verifyElementNotPresent(tester, 3): Web element with id: 'Object Repository/Final Object Repo/Landing Page/Select to English' located by 'By.xpath: //a[@class = 'taglib-language-list-text' and @lang = 'en-US' and (contains(text(), 'EN') or contains(., 'EN'))]' is not present after '3' second(s)

2018-12-12 10:34:08 - [MESSAGE][PASSED] - Web element with id: 'Object Repository/Final Object Repo/Landing Page/Select to English' located by 'By.xpath: //a[@class = 'taglib-language-list-text' and @lang = 'en-US' and (contains(text(), 'EN') or contains(., 'EN'))]' is not present after '3' second(s)

2018-12-12 10:34:08 - [TEST_STEP][PASSED] - Statement - If (Checker == false): null

2018-12-12 10:34:08 - [TEST_STEP][PASSED] - delay: Delayed 2 second(s)

2018-12-12 10:34:10 - [MESSAGE][PASSED] - Delayed 2 second(s)

2018-12-12 10:34:10 - [TEST_STEP][PASSED] - delay: Delayed 5 second(s)

2018-12-12 10:34:15 - [MESSAGE][PASSED] - Delayed 5 second(s)

2018-12-12 10:34:15 - [TEST_STEP][PASSED] - navigateToUrl: Navigate to 'https://assist2-uat.perkeso.gov.my/web/registration/update/update-employee-information-employer-' successfully

2018-12-12 10:34:16 - [MESSAGE][PASSED] - Navigate to 'https://assist2-uat.perkeso.gov.my/web/registration/update/update-employee-information-employer-' successfully

2018-12-12 10:34:16 - [TEST_STEP][PASSED] - setText: Text 'E1102001065V' is set on object 'Object Repository/Final Object Repo/Page_Update Employee Information By Employer/Employer Code'

2018-12-12 10:34:16 - [MESSAGE][PASSED] - Text 'E1102001065V' is set on object 'Object Repository/Final Object Repo/Page_Update Employee Information By Employer/Employer Code'

2018-12-12 10:34:16 - [TEST_STEP][PASSED] - click: Object: 'Object Repository/Final Object Repo/Page_Update Employee Information By Employer/Search Employer Code' is clicked on

2018-12-12 10:34:16 - [MESSAGE][PASSED] - Object: 'Object Repository/Final Object Repo/Page_Update Employee Information By Employer/Search Employer Code' is clicked on

2018-12-12 10:34:16 - [TEST_STEP][PASSED] - click: Object: 'Object Repository/Final Object Repo/Page_Update Employee Information By Employer/Edit Button' is clicked on

2018-12-12 10:34:20 - [MESSAGE][PASSED] - Object: 'Object Repository/Final Object Repo/Page_Update Employee Information By Employer/Edit Button' is clicked on

2018-12-12 10:34:20 - [TEST_STEP][PASSED] - click: Object: 'Object Repository/Final Object Repo/Page_Update Employee Information By Employer/Employee Name or New Identification' is clicked on

2018-12-12 10:34:20 - [MESSAGE][PASSED] - Object: 'Object Repository/Final Object Repo/Page_Update Employee Information By Employer/Employee Name or New Identification' is clicked on

2018-12-12 10:34:20 - [TEST_STEP][PASSED] - delay: Delayed 1 second(s)

2018-12-12 10:34:21 - [MESSAGE][PASSED] - Delayed 1 second(s)

2018-12-12 10:34:21 - [TEST_STEP][PASSED] - click: Object: 'Object Repository/Final Object Repo/Page_Update Employee Information By Employer/Selection - Employee Name' is clicked on

2018-12-12 10:34:21 - [MESSAGE][PASSED] - Object: 'Object Repository/Final Object Repo/Page_Update Employee Information By Employer/Selection - Employee Name' is clicked on

2018-12-12 10:34:21 - [TEST_STEP][PASSED] - delay: Delayed 1 second(s)

2018-12-12 10:34:22 - [MESSAGE][PASSED] - Delayed 1 second(s)

2018-12-12 10:34:22 - [TEST_STEP][PASSED] - setText: Text 'PERKESO' is set on object 'Object Repository/Final Object Repo/Page_Update Employee Information By Employer/Employee Name'

2018-12-12 10:34:23 - [MESSAGE][PASSED] - Text 'PERKESO' is set on object 'Object Repository/Final Object Repo/Page_Update Employee Information By Employer/Employee Name'

2018-12-12 10:34:23 - [TEST_STEP][PASSED] - delay: Delayed 2 second(s)

2018-12-12 10:34:25 - [MESSAGE][PASSED] - Delayed 2 second(s)

2018-12-12 10:34:25 - [TEST_STEP][PASSED] - click: Object: 'Object Repository/Final Object Repo/Page_Update Employee Information By Employer/Search Employee' is clicked on

2018-12-12 10:34:25 - [MESSAGE][PASSED] - Object: 'Object Repository/Final Object Repo/Page_Update Employee Information By Employer/Search Employee' is clicked on

2018-12-12 10:34:25 - [TEST_STEP][PASSED] - delay: Delayed 3 second(s)

2018-12-12 10:34:28 - [MESSAGE][PASSED] - Delayed 3 second(s)

2018-12-12 10:34:28 - [TEST_STEP][PASSED] - click: Object: 'Object Repository/Final Object Repo/Page_Update Employee Information By Employer/Employee Edit Button' is clicked on

2018-12-12 10:34:28 - [MESSAGE][PASSED] - Object: 'Object Repository/Final Object Repo/Page_Update Employee Information By Employer/Employee Edit Button' is clicked on

2018-12-12 10:34:28 - [TEST_STEP][PASSED] - delay: Delayed 3 second(s)

2018-12-12 10:34:31 - [MESSAGE][PASSED] - Delayed 3 second(s)

2018-12-12 10:34:31 - [TEST_STEP][PASSED] - setText: Text '' is set on object 'Object Repository/Final Object Repo/Page_Update Employee Information By Employer/Identification Number'

2018-12-12 10:34:31 - [MESSAGE][PASSED] - Text '' is set on object 'Object Repository/Final Object Repo/Page_Update Employee Information By Employer/Identification Number'

2018-12-12 10:34:31 - [TEST_STEP][PASSED] - Statement - rnd = new java.util.Random(): null

2018-12-12 10:34:31 - [TEST_STEP][PASSED] - Statement - snum = rnd.nextInt(899999 + 1) + 100000: null

2018-12-12 10:34:31 - [TEST_STEP][PASSED] - Statement - tnum = rnd.nextInt(899999 + 1) + 100000: null

2018-12-12 10:34:31 - [TEST_STEP][PASSED] - Statement - IC = java.lang.Integer.toString(snum) + java.lang.Integer.toString(tnum): null

2018-12-12 10:34:31 - [TEST_STEP][PASSED] - Statement - out.println(IC): null

2018-12-12 10:34:31 - [TEST_STEP][PASSED] - setText: Text '947821146670' is set on object 'Object Repository/Final Object Repo/Page_Update Employee Information By Employer/Identification Number'

2018-12-12 10:34:32 - [MESSAGE][PASSED] - Text '947821146670' is set on object 'Object Repository/Final Object Repo/Page_Update Employee Information By Employer/Identification Number'

2018-12-12 10:34:32 - [TEST_STEP][PASSED] - click: Object: 'Object Repository/Final Object Repo/Page_Update Employee Information By Employer/Save' is clicked on

2018-12-12 10:34:32 - [MESSAGE][PASSED] - Object: 'Object Repository/Final Object Repo/Page_Update Employee Information By Employer/Save' is clicked on

2018-12-12 10:34:32 - [TEST_STEP][PASSED] - delay: Delayed 5 second(s)

2018-12-12 10:34:37 - [MESSAGE][PASSED] - Delayed 5 second(s)

2018-12-12 10:34:37 - [TEST_STEP][PASSED] - Statement - CaseReferenceNo = com.kms.katalon.core.webui.keyword.WebUiBuiltInKeywords.getText(com.kms.katalon.core.testobject.ObjectRepository.findTestObject(Final Object Repo/Reference Number/Reference Number in Update Employee Information Page)): Text of object 'Object Repository/Final Object Repo/Reference Number/Reference Number in Update Employee Information Page' is: 'CUN122018C100005979'

2018-12-12 10:34:37 - [MESSAGE][PASSED] - Text of object 'Object Repository/Final Object Repo/Reference Number/Reference Number in Update Employee Information Page' is: 'CUN122018C100005979'

2018-12-12 10:34:37 - [TEST_STEP][PASSED] - callTestCase: Call Test Case 'Test Cases/Final Aug 2018 - PKS Automation/Common/Reference Number Setter' successfully

2018-12-12 10:34:37 - [TEST_CASE][PASSED] - Test Cases/Final Aug 2018 - PKS Automation/Common/Reference Number Setter: Test Cases/Final Aug 2018 - PKS Automation/Common/Reference Number Setter

2018-12-12 10:34:37 - [TEST_STEP][PASSED] - Statement - RefNoOldFile = new java.io.File(C://Users//Admin//Desktop//PKS//Automation Reference Point//KatalonReference.txt): null

2018-12-12 10:34:37 - [TEST_STEP][PASSED] - Statement - RefNoOldFile.delete(): null

2018-12-12 10:34:37 - [TEST_STEP][PASSED] - delay: Delayed 5 second(s)

2018-12-12 10:34:42 - [MESSAGE][PASSED] - Delayed 5 second(s)

2018-12-12 10:34:42 - [TEST_STEP][PASSED] - Statement - RefNo = new java.io.File(C://Users//Admin//Desktop//PKS//Automation Reference Point//KatalonReference.txt): null

2018-12-12 10:34:42 - [TEST_STEP][PASSED] - Statement - f2 = new java.io.FileWriter(RefNo, false): null

2018-12-12 10:34:42 - [TEST_STEP][PASSED] - Statement - f2.write(CaseReferenceNo): null

2018-12-12 10:34:42 - [TEST_STEP][PASSED] - Statement - f2.close(): null

2018-12-12 10:34:42 - [TEST_STEP][PASSED] - Statement - out.println("


" + CaseReferenceNo + "


"): null

2018-12-12 10:34:42 - [MESSAGE][PASSED] - Call Test Case 'Test Cases/Final Aug 2018 - PKS Automation/Common/Reference Number Setter' successfully

2018-12-12 10:34:42 - [TEST_STEP][PASSED] - delay: Delayed 5 second(s)

2018-12-12 10:34:47 - [MESSAGE][PASSED] - Delayed 5 second(s)

2018-12-12 10:34:47 - [TEST_STEP][PASSED] - click: Object: 'Object Repository/Final Object Repo/Page_Update Employee Information By Employer/Save  Continue in  Employee Information Page' is clicked on

2018-12-12 10:34:47 - [MESSAGE][PASSED] - Object: 'Object Repository/Final Object Repo/Page_Update Employee Information By Employer/Save  Continue in  Employee Information Page' is clicked on

2018-12-12 10:34:47 - [TEST_STEP][PASSED] - delay: Delayed 5 second(s)

2018-12-12 10:34:52 - [MESSAGE][PASSED] - Delayed 5 second(s)

2018-12-12 10:34:52 - [TEST_STEP][PASSED] - click: Object: 'Object Repository/Final Object Repo/Page_Update Employee Information By Employer/Save  Continue in Uploading Page 1' is clicked on

2018-12-12 10:34:52 - [MESSAGE][PASSED] - Object: 'Object Repository/Final Object Repo/Page_Update Employee Information By Employer/Save  Continue in Uploading Page 1' is clicked on

2018-12-12 10:34:52 - [TEST_STEP][PASSED] - delay: Delayed 5 second(s)

2018-12-12 10:34:57 - [MESSAGE][PASSED] - Delayed 5 second(s)

2018-12-12 10:34:57 - [TEST_STEP][PASSED] - click: Object: 'Object Repository/Final Object Repo/Page_Update Employee Information By Employer/Submit' is clicked on

2018-12-12 10:34:58 - [MESSAGE][PASSED] - Object: 'Object Repository/Final Object Repo/Page_Update Employee Information By Employer/Submit' is clicked on

2018-12-12 10:34:58 - [TEST_STEP][PASSED] - delay: Delayed 5 second(s)

2018-12-12 10:35:03 - [MESSAGE][PASSED] - Delayed 5 second(s)

2018-12-12 10:35:03 - [TEST_STEP][PASSED] - click: Object: 'Object Repository/Final Object Repo/Page_Update Employee Information By Employer/Confirm' is clicked on

2018-12-12 10:35:03 - [MESSAGE][PASSED] - Object: 'Object Repository/Final Object Repo/Page_Update Employee Information By Employer/Confirm' is clicked on

2018-12-12 10:35:03 - [TEST_STEP][PASSED] - delay: Delayed 5 second(s)

2018-12-12 10:35:08 - [MESSAGE][PASSED] - Delayed 5 second(s)

2018-12-12 10:35:08 - [TEST_STEP][PASSED] - verifyElementVisible: Object 'Object Repository/Final Object Repo/Page_Update Employee Information By Employer/Successfull Message Routed to UO' is visible

2018-12-12 10:35:08 - [MESSAGE][PASSED] - Object 'Object Repository/Final Object Repo/Page_Update Employee Information By Employer/Successfull Message Routed to UO' is visible

2018-12-12 10:35:08 - [MESSAGE][PASSED] - Call Test Case 'Test Cases/Final Aug 2018 - PKS Automation/Registration Module/Workflow/Update Employee Information (Employer)/Template/Update Employer Information - Special Case (PKRBO)' successfully

2018-12-12 10:35:08 - [TEST_STEP][PASSED] - callTestCase: Call Test Case 'Test Cases/Final Aug 2018 - PKS Automation/Registration Module/Workflow/Update Employee Information (Employer)/Template/Update Employee Information - Special Case - UO (Approve)' successfully

2018-12-12 10:35:08 - [TEST_CASE][PASSED] - Test Cases/Final Aug 2018 - PKS Automation/Registration Module/Workflow/Update Employee Information (Employer)/Template/Update Employee Information - Special Case - UO (Approve): Test Cases/Final Aug 2018 - PKS Automation/Registration Module/Workflow/Update Employee Information (Employer)/Template/Update Employee Information - Special Case - UO (Approve)

2018-12-12 10:35:08 - [TEST_STEP][NOT_RUN] - callTestCase: NOT_RUN: callTestCase

2018-12-12 10:35:08 - [MESSAGE][NOT_RUN] - NOT_RUN: callTestCase

2018-12-12 10:35:08 - [TEST_STEP][PASSED] - delay: Delayed 2 second(s)

2018-12-12 10:35:10 - [MESSAGE][PASSED] - Delayed 2 second(s)

2018-12-12 10:35:10 - [TEST_STEP][PASSED] - navigateToUrl: Navigate to 'https://assist2-uat.perkeso.gov.my/c/portal/logout' successfully

2018-12-12 10:35:11 - [MESSAGE][PASSED] - Navigate to 'https://assist2-uat.perkeso.gov.my/c/portal/logout' successfully

2018-12-12 10:35:11 - [TEST_STEP][PASSED] - delay: Delayed 2 second(s)

2018-12-12 10:35:13 - [MESSAGE][PASSED] - Delayed 2 second(s)

2018-12-12 10:35:13 - [TEST_STEP][PASSED] - callTestCase: Call Test Case 'Test Cases/Final Aug 2018 - PKS Automation/Common/Reference Number Getter' successfully

2018-12-12 10:35:13 - [TEST_CASE][PASSED] - Test Cases/Final Aug 2018 - PKS Automation/Common/Reference Number Getter: Test Cases/Final Aug 2018 - PKS Automation/Common/Reference Number Getter

2018-12-12 10:35:13 - [TEST_STEP][PASSED] - Statement - Try: null

2018-12-12 10:35:13 - [TEST_STEP][PASSED] - Statement - RefNo = new java.io.File(C://Users//Admin//Desktop//PKS//Automation Reference Point//KatalonReference.txt): null

2018-12-12 10:35:13 - [TEST_STEP][PASSED] - Statement - bufferread = new java.io.BufferedReader(new java.io.FileReader(RefNo)): null

2018-12-12 10:35:13 - [TEST_STEP][PASSED] - Statement - readedVal = bufferread.readLine(): null

2018-12-12 10:35:13 - [TEST_STEP][PASSED] - Statement - out.println(CaseReferenceNo): null

2018-12-12 10:35:13 - [TEST_STEP][PASSED] - Statement - out.println(readedVal): null

2018-12-12 10:35:13 - [TEST_STEP][PASSED] - Statement - CaseReferenceNo = "": null

2018-12-12 10:35:13 - [TEST_STEP][PASSED] - Statement - CaseReferenceNo = readedVal: null

2018-12-12 10:35:13 - [MESSAGE][PASSED] - Call Test Case 'Test Cases/Final Aug 2018 - PKS Automation/Common/Reference Number Getter' successfully

2018-12-12 10:35:13 - [TEST_STEP][PASSED] - callTestCase: Call Test Case 'Test Cases/Final Aug 2018 - PKS Automation/Common/Workflow Owner Finder' successfully

2018-12-12 10:35:13 - [TEST_CASE][PASSED] - Test Cases/Final Aug 2018 - PKS Automation/Common/Workflow Owner Finder: Test Cases/Final Aug 2018 - PKS Automation/Common/Workflow Owner Finder

2018-12-12 10:35:13 - [TEST_STEP][PASSED] - openBrowser: Browser is opened with url: ''

2018-12-12 10:35:13 - [MESSAGE][WARNING] - A browser is already opened. Closing browser and opening a new one

2018-12-12 10:35:17 - [MESSAGE][PASSED] - Browser is opened with url: ''

2018-12-12 10:35:17 - [TEST_STEP][PASSED] - navigateToUrl: Navigate to 'https://assist2-uat.perkeso.gov.my/login' successfully

2018-12-12 10:35:18 - [MESSAGE][PASSED] - Navigate to 'https://assist2-uat.perkeso.gov.my/login' successfully

2018-12-12 10:35:18 - [TEST_STEP][PASSED] - delay: Delayed 5 second(s)

2018-12-12 10:35:23 - [MESSAGE][PASSED] - Delayed 5 second(s)

2018-12-12 10:35:23 - [TEST_STEP][PASSED] - setText: Text 'test@liferay.com' is set on object 'Object Repository/Final Object Repo/Login Page/Internal User/Email Address'

2018-12-12 10:35:24 - [MESSAGE][PASSED] - Text 'test@liferay.com' is set on object 'Object Repository/Final Object Repo/Login Page/Internal User/Email Address'

2018-12-12 10:35:24 - [TEST_STEP][PASSED] - click: Object: 'Object Repository/Final Object Repo/Login Page/Internal User/Next Button' is clicked on

2018-12-12 10:35:24 - [MESSAGE][PASSED] - Object: 'Object Repository/Final Object Repo/Login Page/Internal User/Next Button' is clicked on

2018-12-12 10:35:24 - [TEST_STEP][PASSED] - delay: Delayed 2 second(s)

2018-12-12 10:35:26 - [MESSAGE][PASSED] - Delayed 2 second(s)

2018-12-12 10:35:26 - [TEST_STEP][PASSED] - setText: Text 'test' is set on object 'Object Repository/Final Object Repo/Login Page/Internal User/Password'

2018-12-12 10:35:26 - [MESSAGE][PASSED] - Text 'test' is set on object 'Object Repository/Final Object Repo/Login Page/Internal User/Password'

2018-12-12 10:35:26 - [TEST_STEP][PASSED] - delay: Delayed 2 second(s)

2018-12-12 10:35:28 - [MESSAGE][PASSED] - Delayed 2 second(s)

2018-12-12 10:35:28 - [TEST_STEP][PASSED] - click: Object: 'Object Repository/Final Object Repo/Login Page/Internal User/Login Button' is clicked on

2018-12-12 10:35:28 - [MESSAGE][PASSED] - Object: 'Object Repository/Final Object Repo/Login Page/Internal User/Login Button' is clicked on

2018-12-12 10:35:28 - [TEST_STEP][PASSED] - Statement - tester = com.kms.katalon.core.testobject.ObjectRepository.findTestObject(Final Object Repo/Landing Page/Select to English): Finding Test Object with id 'Object Repository/Final Object Repo/Landing Page/Select to English'

2018-12-12 10:35:28 - [TEST_STEP][PASSED] - Statement - Try: Delayed 2 second(s)

2018-12-12 10:35:28 - [TEST_STEP][PASSED] - Statement - Checker = com.kms.katalon.core.webui.keyword.WebUiBuiltInKeywords.verifyElementNotPresent(tester, 3): Web element with id: 'Object Repository/Final Object Repo/Landing Page/Select to English' located by 'By.xpath: //a[@class = 'taglib-language-list-text' and @lang = 'en-US' and (contains(text(), 'EN') or contains(., 'EN'))]' is not present after '3' second(s)

2018-12-12 10:35:30 - [MESSAGE][PASSED] - Web element with id: 'Object Repository/Final Object Repo/Landing Page/Select to English' located by 'By.xpath: //a[@class = 'taglib-language-list-text' and @lang = 'en-US' and (contains(text(), 'EN') or contains(., 'EN'))]' is not present after '3' second(s)

2018-12-12 10:35:30 - [TEST_STEP][PASSED] - Statement - If (Checker == false): null

2018-12-12 10:35:30 - [TEST_STEP][PASSED] - delay: Delayed 2 second(s)

2018-12-12 10:35:32 - [MESSAGE][PASSED] - Delayed 2 second(s)

2018-12-12 10:35:32 - [TEST_STEP][PASSED] - delay: Delayed 5 second(s)

2018-12-12 10:35:37 - [MESSAGE][PASSED] - Delayed 5 second(s)

2018-12-12 10:35:37 - [TEST_STEP][PASSED] - mouseOver: Object: 'Object Repository/Final Object Repo/Landing Page/WorkFlow Menu' is hovered

2018-12-12 10:35:37 - [MESSAGE][PASSED] - Object: 'Object Repository/Final Object Repo/Landing Page/WorkFlow Menu' is hovered

2018-12-12 10:35:37 - [TEST_STEP][PASSED] - delay: Delayed 2 second(s)

2018-12-12 10:35:39 - [MESSAGE][PASSED] - Delayed 2 second(s)

2018-12-12 10:35:39 - [TEST_STEP][PASSED] - click: Object: 'Object Repository/Final Object Repo/Landing Page/Select to Workflow Listing' is clicked on

2018-12-12 10:35:40 - [MESSAGE][PASSED] - Object: 'Object Repository/Final Object Repo/Landing Page/Select to Workflow Listing' is clicked on

2018-12-12 10:35:40 - [TEST_STEP][PASSED] - delay: Delayed 2 second(s)

2018-12-12 10:35:42 - [MESSAGE][PASSED] - Delayed 2 second(s)

2018-12-12 10:35:42 - [TEST_STEP][PASSED] - click: Object: 'Object Repository/Final Object Repo/WorkFlow Listing Page/Search Information - To Put Ref No' is clicked on

2018-12-12 10:35:43 - [MESSAGE][PASSED] - Object: 'Object Repository/Final Object Repo/WorkFlow Listing Page/Search Information - To Put Ref No' is clicked on

2018-12-12 10:35:43 - [TEST_STEP][PASSED] - delay: Delayed 2 second(s)

2018-12-12 10:35:45 - [MESSAGE][PASSED] - Delayed 2 second(s)

2018-12-12 10:35:45 - [TEST_STEP][PASSED] - callTestCase: Call Test Case 'Test Cases/Final Aug 2018 - PKS Automation/Common/Reference Number Getter' successfully

2018-12-12 10:35:45 - [TEST_CASE][PASSED] - Test Cases/Final Aug 2018 - PKS Automation/Common/Reference Number Getter: Test Cases/Final Aug 2018 - PKS Automation/Common/Reference Number Getter

2018-12-12 10:35:45 - [TEST_STEP][PASSED] - Statement - Try: null

2018-12-12 10:35:45 - [TEST_STEP][PASSED] - Statement - RefNo = new java.io.File(C://Users//Admin//Desktop//PKS//Automation Reference Point//KatalonReference.txt): null

2018-12-12 10:35:45 - [TEST_STEP][PASSED] - Statement - bufferread = new java.io.BufferedReader(new java.io.FileReader(RefNo)): null

2018-12-12 10:35:45 - [TEST_STEP][PASSED] - Statement - readedVal = bufferread.readLine(): null

2018-12-12 10:35:45 - [TEST_STEP][PASSED] - Statement - out.println(CaseReferenceNo): null

2018-12-12 10:35:45 - [TEST_STEP][PASSED] - Statement - out.println(readedVal): null

2018-12-12 10:35:45 - [TEST_STEP][PASSED] - Statement - CaseReferenceNo = "": null

2018-12-12 10:35:45 - [TEST_STEP][PASSED] - Statement - CaseReferenceNo = readedVal: null

2018-12-12 10:35:45 - [MESSAGE][PASSED] - Call Test Case 'Test Cases/Final Aug 2018 - PKS Automation/Common/Reference Number Getter' successfully

2018-12-12 10:35:45 - [TEST_STEP][PASSED] - setText: Text 'CUN122018C100005979' is set on object 'Object Repository/Final Object Repo/WorkFlow Listing Page/Ref No Set Text'

2018-12-12 10:35:45 - [MESSAGE][PASSED] - Text 'CUN122018C100005979' is set on object 'Object Repository/Final Object Repo/WorkFlow Listing Page/Ref No Set Text'

2018-12-12 10:35:45 - [TEST_STEP][PASSED] - delay: Delayed 2 second(s)

2018-12-12 10:35:47 - [MESSAGE][PASSED] - Delayed 2 second(s)

2018-12-12 10:35:47 - [TEST_STEP][PASSED] - click: Object: 'Object Repository/Final Object Repo/WorkFlow Listing Page/Search Ref No Search Button' is clicked on

2018-12-12 10:35:47 - [MESSAGE][PASSED] - Object: 'Object Repository/Final Object Repo/WorkFlow Listing Page/Search Ref No Search Button' is clicked on

2018-12-12 10:35:47 - [TEST_STEP][PASSED] - delay: Delayed 6 second(s)

2018-12-12 10:35:53 - [MESSAGE][PASSED] - Delayed 6 second(s)

2018-12-12 10:35:53 - [TEST_STEP][PASSED] - click: Object: 'Object Repository/Final Object Repo/WorkFlow Listing Page/Click Continue Tooltip' is clicked on

2018-12-12 10:35:54 - [MESSAGE][PASSED] - Object: 'Object Repository/Final Object Repo/WorkFlow Listing Page/Click Continue Tooltip' is clicked on

2018-12-12 10:35:54 - [TEST_STEP][PASSED] - delay: Delayed 5 second(s)

2018-12-12 10:35:59 - [MESSAGE][PASSED] - Delayed 5 second(s)

2018-12-12 10:35:59 - [TEST_STEP][PASSED] - doubleClick: Object: 'Object Repository/Final Object Repo/WorkFlow Listing Page/Workflow Found - Listing 1' is double clicked on

2018-12-12 10:35:59 - [MESSAGE][PASSED] - Object: 'Object Repository/Final Object Repo/WorkFlow Listing Page/Workflow Found - Listing 1' is double clicked on

2018-12-12 10:35:59 - [TEST_STEP][PASSED] - Statement - println(OwnerID): null

2018-12-12 10:35:59 - [TEST_STEP][PASSED] - Statement - OwnerID = com.kms.katalon.core.webui.keyword.WebUiBuiltInKeywords.getText(com.kms.katalon.core.testobject.ObjectRepository.findTestObject(Final Object Repo/WorkFlow Listing Page/Workflow Found - Listing 1), STOP_ON_FAILURE): Text of object 'Object Repository/Final Object Repo/WorkFlow Listing Page/Workflow Found - Listing 1' is: 'JOHORuo2'

2018-12-12 10:35:59 - [MESSAGE][PASSED] - Text of object 'Object Repository/Final Object Repo/WorkFlow Listing Page/Workflow Found - Listing 1' is: 'JOHORuo2'

2018-12-12 10:35:59 - [TEST_STEP][PASSED] - Statement - OwnerID = OwnerID.toLowerCase() + "@gmail.com": null

2018-12-12 10:35:59 - [TEST_STEP][PASSED] - Statement - println(OwnerID): null

2018-12-12 10:35:59 - [TEST_STEP][PASSED] - delay: Delayed 2 second(s)

2018-12-12 10:36:01 - [MESSAGE][PASSED] - Delayed 2 second(s)

2018-12-12 10:36:01 - [MESSAGE][PASSED] - Call Test Case 'Test Cases/Final Aug 2018 - PKS Automation/Common/Workflow Owner Finder' successfully

2018-12-12 10:36:01 - [TEST_STEP][PASSED] - delay: Delayed 2 second(s)

2018-12-12 10:36:03 - [MESSAGE][PASSED] - Delayed 2 second(s)

2018-12-12 10:36:03 - [TEST_STEP][PASSED] - navigateToUrl: Navigate to 'https://assist2-uat.perkeso.gov.my/c/portal/logout' successfully

2018-12-12 10:36:04 - [MESSAGE][PASSED] - Navigate to 'https://assist2-uat.perkeso.gov.my/c/portal/logout' successfully

2018-12-12 10:36:04 - [TEST_STEP][PASSED] - delay: Delayed 2 second(s)

2018-12-12 10:36:06 - [MESSAGE][PASSED] - Delayed 2 second(s)

2018-12-12 10:36:06 - [TEST_STEP][PASSED] - callTestCase: Call Test Case 'Test Cases/Final Aug 2018 - PKS Automation/Registration Module/Workflow/Login and Search Case For Workflow' successfully

2018-12-12 10:36:06 - [TEST_CASE][PASSED] - Test Cases/Final Aug 2018 - PKS Automation/Registration Module/Workflow/Login and Search Case For Workflow: Test Cases/Final Aug 2018 - PKS Automation/Registration Module/Workflow/Login and Search Case For Workflow

2018-12-12 10:36:06 - [TEST_STEP][PASSED] - navigateToUrl: Navigate to 'https://assist2-uat.perkeso.gov.my/login' successfully

2018-12-12 10:36:07 - [MESSAGE][PASSED] - Navigate to 'https://assist2-uat.perkeso.gov.my/login' successfully

2018-12-12 10:36:07 - [TEST_STEP][PASSED] - setText: Text 'johoruo2@gmail.com' is set on object 'Object Repository/Final Object Repo/Login Page/Internal User/Email Address'

2018-12-12 10:36:07 - [MESSAGE][PASSED] - Text 'johoruo2@gmail.com' is set on object 'Object Repository/Final Object Repo/Login Page/Internal User/Email Address'

2018-12-12 10:36:07 - [TEST_STEP][PASSED] - click: Object: 'Object Repository/Final Object Repo/Login Page/Internal User/Next Button' is clicked on

2018-12-12 10:36:07 - [MESSAGE][PASSED] - Object: 'Object Repository/Final Object Repo/Login Page/Internal User/Next Button' is clicked on

2018-12-12 10:36:07 - [TEST_STEP][PASSED] - delay: Delayed 1 second(s)

2018-12-12 10:36:08 - [MESSAGE][PASSED] - Delayed 1 second(s)

2018-12-12 10:36:08 - [TEST_STEP][PASSED] - setEncryptedText: Text ****** has been set on object 'Object Repository/Final Object Repo/Login Page/Internal User/Password'

2018-12-12 10:36:09 - [MESSAGE][PASSED] - Text ****** has been set on object 'Object Repository/Final Object Repo/Login Page/Internal User/Password'

2018-12-12 10:36:09 - [TEST_STEP][PASSED] - click: Object: 'Object Repository/Final Object Repo/Login Page/Internal User/Login Button' is clicked on

2018-12-12 10:36:09 - [MESSAGE][PASSED] - Object: 'Object Repository/Final Object Repo/Login Page/Internal User/Login Button' is clicked on

2018-12-12 10:36:09 - [TEST_STEP][PASSED] - delay: Delayed 2 second(s)

2018-12-12 10:36:11 - [MESSAGE][PASSED] - Delayed 2 second(s)

2018-12-12 10:36:11 - [TEST_STEP][PASSED] - Statement - Try: Delayed 2 second(s)

2018-12-12 10:36:11 - [TEST_STEP][PASSED] - Statement - Checker = false: null

2018-12-12 10:36:11 - [TEST_STEP][PASSED] - Statement - Checker = com.kms.katalon.core.webui.keyword.WebUiBuiltInKeywords.verifyElementHasAttribute(com.kms.katalon.core.testobject.ObjectRepository.findTestObject(Final Object Repo/Landing Page/BM Detecting), "href", 20, OPTIONAL): Object 'Object Repository/Final Object Repo/Landing Page/BM Detecting' has attribute 'href'

2018-12-12 10:36:11 - [MESSAGE][PASSED] - Object 'Object Repository/Final Object Repo/Landing Page/BM Detecting' has attribute 'href'

2018-12-12 10:36:11 - [TEST_STEP][PASSED] - Statement - out.println(Checker): null

2018-12-12 10:36:11 - [TEST_STEP][PASSED] - Statement - If (Checker == false): null

2018-12-12 10:36:11 - [TEST_STEP][PASSED] - Statement - Else: null

2018-12-12 10:36:11 - [TEST_STEP][PASSED] - delay: Delayed 2 second(s)

2018-12-12 10:36:13 - [MESSAGE][PASSED] - Delayed 2 second(s)

2018-12-12 10:36:13 - [TEST_STEP][PASSED] - click: Object: 'Object Repository/Final Object Repo/Page_MyASSIST - ASSIST - Search Pending Case For Add Supporting Document/Search Information' is clicked on

2018-12-12 10:36:13 - [MESSAGE][PASSED] - Object: 'Object Repository/Final Object Repo/Page_MyASSIST - ASSIST - Search Pending Case For Add Supporting Document/Search Information' is clicked on

2018-12-12 10:36:13 - [TEST_STEP][PASSED] - delay: Delayed 3 second(s)

2018-12-12 10:36:16 - [MESSAGE][PASSED] - Delayed 3 second(s)

2018-12-12 10:36:16 - [TEST_STEP][PASSED] - sendKeys: Keys 'CUN122018C100005979' sent to object: 'Object Repository/Final Object Repo/Page_MyASSIST - ASSIST - Search Pending Case For Add Supporting Document/Reference No'

2018-12-12 10:36:16 - [MESSAGE][PASSED] - Keys 'CUN122018C100005979' sent to object: 'Object Repository/Final Object Repo/Page_MyASSIST - ASSIST - Search Pending Case For Add Supporting Document/Reference No'

2018-12-12 10:36:16 - [TEST_STEP][PASSED] - click: Object: 'Object Repository/Final Object Repo/Page_MyASSIST - ASSIST - Search Pending Case For Add Supporting Document/Search Reference No' is clicked on

2018-12-12 10:36:16 - [MESSAGE][PASSED] - Object: 'Object Repository/Final Object Repo/Page_MyASSIST - ASSIST - Search Pending Case For Add Supporting Document/Search Reference No' is clicked on

2018-12-12 10:36:16 - [TEST_STEP][PASSED] - delay: Delayed 2 second(s)

2018-12-12 10:36:18 - [MESSAGE][PASSED] - Delayed 2 second(s)

2018-12-12 10:36:18 - [TEST_STEP][PASSED] - click: Object: 'Object Repository/Final Object Repo/Page_MyASSIST - ASSIST - Search Pending Case For Add Supporting Document/Continue' is clicked on

2018-12-12 10:36:22 - [MESSAGE][PASSED] - Object: 'Object Repository/Final Object Repo/Page_MyASSIST - ASSIST - Search Pending Case For Add Supporting Document/Continue' is clicked on

2018-12-12 10:36:22 - [TEST_STEP][PASSED] - delay: Delayed 20 second(s)

2018-12-12 10:36:42 - [MESSAGE][PASSED] - Delayed 20 second(s)

2018-12-12 10:36:42 - [MESSAGE][PASSED] - Call Test Case 'Test Cases/Final Aug 2018 - PKS Automation/Registration Module/Workflow/Login and Search Case For Workflow' successfully

2018-12-12 10:36:42 - [TEST_STEP][PASSED] - delay: Delayed 2 second(s)

2018-12-12 10:36:44 - [MESSAGE][PASSED] - Delayed 2 second(s)

2018-12-12 10:36:44 - [TEST_STEP][PASSED] - click: Object: 'Object Repository/Final Object Repo/Page_Update Employee Information By Employer/Page_Update Employee Information by Employer (Approve)/Continue' is clicked on

2018-12-12 10:36:48 - [MESSAGE][PASSED] - Object: 'Object Repository/Final Object Repo/Page_Update Employee Information By Employer/Page_Update Employee Information by Employer (Approve)/Continue' is clicked on

2018-12-12 10:36:48 - [TEST_STEP][PASSED] - delay: Delayed 2 second(s)

2018-12-12 10:36:50 - [MESSAGE][PASSED] - Delayed 2 second(s)

2018-12-12 10:36:50 - [TEST_STEP][PASSED] - click: Object: 'Object Repository/Final Object Repo/Page_Update Employee Information By Employer/Page_Update Employee Information by Employer (Approve)/Save  Continue in Update Employee Information Page' is clicked on

2018-12-12 10:36:50 - [MESSAGE][PASSED] - Object: 'Object Repository/Final Object Repo/Page_Update Employee Information By Employer/Page_Update Employee Information by Employer (Approve)/Save  Continue in Update Employee Information Page' is clicked on

2018-12-12 10:36:50 - [TEST_STEP][PASSED] - delay: Delayed 4 second(s)

2018-12-12 10:36:54 - [MESSAGE][PASSED] - Delayed 4 second(s)

2018-12-12 10:36:54 - [TEST_STEP][PASSED] - click: Object: 'Object Repository/Final Object Repo/Page_Update Employee Information By Employer/Page_Update Employee Information by Employer (Approve)/Save  Continue in Upload Supporting Doucument Page' is clicked on

2018-12-12 10:36:54 - [MESSAGE][PASSED] - Object: 'Object Repository/Final Object Repo/Page_Update Employee Information By Employer/Page_Update Employee Information by Employer (Approve)/Save  Continue in Upload Supporting Doucument Page' is clicked on

2018-12-12 10:36:54 - [TEST_STEP][PASSED] - delay: Delayed 2 second(s)

2018-12-12 10:36:56 - [MESSAGE][PASSED] - Delayed 2 second(s)

2018-12-12 10:36:56 - [TEST_STEP][PASSED] - click: Object: 'Object Repository/Final Object Repo/Page_Update Employee Information By Employer/Page_Update Employee Information by Employer (Approve)/Approve' is clicked on

2018-12-12 10:36:58 - [MESSAGE][PASSED] - Object: 'Object Repository/Final Object Repo/Page_Update Employee Information By Employer/Page_Update Employee Information by Employer (Approve)/Approve' is clicked on

2018-12-12 10:36:58 - [TEST_STEP][PASSED] - delay: Delayed 2 second(s)

2018-12-12 10:37:00 - [MESSAGE][PASSED] - Delayed 2 second(s)

2018-12-12 10:37:00 - [TEST_STEP][PASSED] - click: Object: 'Object Repository/Final Object Repo/Page_Update Employee Information By Employer/Page_Update Employee Information by Employer (Approve)/Confirm' is clicked on

2018-12-12 10:37:00 - [MESSAGE][PASSED] - Object: 'Object Repository/Final Object Repo/Page_Update Employee Information By Employer/Page_Update Employee Information by Employer (Approve)/Confirm' is clicked on

2018-12-12 10:37:00 - [TEST_STEP][PASSED] - delay: Delayed 2 second(s)

2018-12-12 10:37:02 - [MESSAGE][PASSED] - Delayed 2 second(s)

2018-12-12 10:37:02 - [TEST_STEP][PASSED] - verifyElementVisible: Object 'Object Repository/Final Object Repo/Page_Update Employee Information By Employer/Page_Update Employee Information by Employer (Approve)/Successfull Message Submitted Successfully' is visible

2018-12-12 10:37:05 - [MESSAGE][PASSED] - Object 'Object Repository/Final Object Repo/Page_Update Employee Information By Employer/Page_Update Employee Information by Employer (Approve)/Successfull Message Submitted Successfully' is visible

2018-12-12 10:37:05 - [TEST_STEP][PASSED] - delay: Delayed 2 second(s)

2018-12-12 10:37:07 - [MESSAGE][PASSED] - Delayed 2 second(s)

2018-12-12 10:37:07 - [TEST_STEP][PASSED] - verifyElementVisible: Object 'Object Repository/Final Object Repo/Page_Update Employee Information By Employer/Page_Update Employee Information by Employer (Approve)/Letter of Successful update' is visible

2018-12-12 10:37:07 - [MESSAGE][PASSED] - Object 'Object Repository/Final Object Repo/Page_Update Employee Information By Employer/Page_Update Employee Information by Employer (Approve)/Letter of Successful update' is visible

2018-12-12 10:37:07 - [MESSAGE][PASSED] - Call Test Case 'Test Cases/Final Aug 2018 - PKS Automation/Registration Module/Workflow/Update Employee Information (Employer)/Template/Update Employee Information - Special Case - UO (Approve)' successfully]]></system-out>
         <system-err><![CDATA[]]></system-err>
      </testcase>
      <testcase name="Test Cases/Final Aug 2018 - PKS Automation/Registration Module/Workflow/Update Employee Information (Employer)/PKRBO - UO (Query)" classname="Test Cases/Final Aug 2018 - PKS Automation/Registration Module/Workflow/Update Employee Information (Employer)/PKRBO - UO (Query)" status="PASSED">
         <system-out><![CDATA[2018-12-12 10:37:07 - [TEST_CASE][PASSED] - Test Cases/Final Aug 2018 - PKS Automation/Registration Module/Workflow/Update Employee Information (Employer)/PKRBO - UO (Query): Test Cases/Final Aug 2018 - PKS Automation/Registration Module/Workflow/Update Employee Information (Employer)/PKRBO - UO (Query)

2018-12-12 10:37:08 - [TEST_STEP][PASSED] - callTestCase: Call Test Case 'Test Cases/Final Aug 2018 - PKS Automation/Registration Module/Workflow/Update Employee Information (Employer)/Template/Update Employer Information - Special Case (PKRBO)' successfully

2018-12-12 10:37:08 - [TEST_CASE][PASSED] - Test Cases/Final Aug 2018 - PKS Automation/Registration Module/Workflow/Update Employee Information (Employer)/Template/Update Employer Information - Special Case (PKRBO): Test Cases/Final Aug 2018 - PKS Automation/Registration Module/Workflow/Update Employee Information (Employer)/Template/Update Employer Information - Special Case (PKRBO)

2018-12-12 10:37:08 - [TEST_STEP][PASSED] - openBrowser: Browser is opened with url: ''

2018-12-12 10:37:08 - [MESSAGE][WARNING] - A browser is already opened. Closing browser and opening a new one

2018-12-12 10:37:12 - [MESSAGE][PASSED] - Browser is opened with url: ''

2018-12-12 10:37:12 - [TEST_STEP][PASSED] - navigateToUrl: Navigate to 'https://assist2-uat.perkeso.gov.my/login' successfully

2018-12-12 10:37:13 - [MESSAGE][PASSED] - Navigate to 'https://assist2-uat.perkeso.gov.my/login' successfully

2018-12-12 10:37:13 - [TEST_STEP][PASSED] - setText: Text 'johorpkrbo1@gmail.com' is set on object 'Object Repository/Final Object Repo/Login Page/Internal User/Email Address'

2018-12-12 10:37:13 - [MESSAGE][PASSED] - Text 'johorpkrbo1@gmail.com' is set on object 'Object Repository/Final Object Repo/Login Page/Internal User/Email Address'

2018-12-12 10:37:13 - [TEST_STEP][PASSED] - click: Object: 'Object Repository/Final Object Repo/Login Page/Internal User/Next Button' is clicked on

2018-12-12 10:37:14 - [MESSAGE][PASSED] - Object: 'Object Repository/Final Object Repo/Login Page/Internal User/Next Button' is clicked on

2018-12-12 10:37:14 - [TEST_STEP][PASSED] - delay: Delayed 1 second(s)

2018-12-12 10:37:15 - [MESSAGE][PASSED] - Delayed 1 second(s)

2018-12-12 10:37:15 - [TEST_STEP][PASSED] - setEncryptedText: Text ****** has been set on object 'Object Repository/Final Object Repo/Login Page/Internal User/Password'

2018-12-12 10:37:15 - [MESSAGE][PASSED] - Text ****** has been set on object 'Object Repository/Final Object Repo/Login Page/Internal User/Password'

2018-12-12 10:37:15 - [TEST_STEP][PASSED] - click: Object: 'Object Repository/Final Object Repo/Login Page/Internal User/Login Button' is clicked on

2018-12-12 10:37:15 - [MESSAGE][PASSED] - Object: 'Object Repository/Final Object Repo/Login Page/Internal User/Login Button' is clicked on

2018-12-12 10:37:15 - [TEST_STEP][PASSED] - Statement - tester = com.kms.katalon.core.testobject.ObjectRepository.findTestObject(Final Object Repo/Landing Page/Select to English): Finding Test Object with id 'Object Repository/Final Object Repo/Landing Page/Select to English'

2018-12-12 10:37:15 - [TEST_STEP][PASSED] - Statement - Try: Delayed 2 second(s)

2018-12-12 10:37:15 - [TEST_STEP][PASSED] - Statement - Checker = com.kms.katalon.core.webui.keyword.WebUiBuiltInKeywords.verifyElementNotPresent(tester, 3): Web element with id: 'Object Repository/Final Object Repo/Landing Page/Select to English' located by 'By.xpath: //a[@class = 'taglib-language-list-text' and @lang = 'en-US' and (contains(text(), 'EN') or contains(., 'EN'))]' is not present after '3' second(s)

2018-12-12 10:37:17 - [MESSAGE][PASSED] - Web element with id: 'Object Repository/Final Object Repo/Landing Page/Select to English' located by 'By.xpath: //a[@class = 'taglib-language-list-text' and @lang = 'en-US' and (contains(text(), 'EN') or contains(., 'EN'))]' is not present after '3' second(s)

2018-12-12 10:37:17 - [TEST_STEP][PASSED] - Statement - If (Checker == false): null

2018-12-12 10:37:17 - [TEST_STEP][PASSED] - delay: Delayed 2 second(s)

2018-12-12 10:37:19 - [MESSAGE][PASSED] - Delayed 2 second(s)

2018-12-12 10:37:19 - [TEST_STEP][PASSED] - delay: Delayed 5 second(s)

2018-12-12 10:37:24 - [MESSAGE][PASSED] - Delayed 5 second(s)

2018-12-12 10:37:24 - [TEST_STEP][PASSED] - navigateToUrl: Navigate to 'https://assist2-uat.perkeso.gov.my/web/registration/update/update-employee-information-employer-' successfully

2018-12-12 10:37:25 - [MESSAGE][PASSED] - Navigate to 'https://assist2-uat.perkeso.gov.my/web/registration/update/update-employee-information-employer-' successfully

2018-12-12 10:37:25 - [TEST_STEP][PASSED] - setText: Text 'E1102001065V' is set on object 'Object Repository/Final Object Repo/Page_Update Employee Information By Employer/Employer Code'

2018-12-12 10:37:25 - [MESSAGE][PASSED] - Text 'E1102001065V' is set on object 'Object Repository/Final Object Repo/Page_Update Employee Information By Employer/Employer Code'

2018-12-12 10:37:25 - [TEST_STEP][PASSED] - click: Object: 'Object Repository/Final Object Repo/Page_Update Employee Information By Employer/Search Employer Code' is clicked on

2018-12-12 10:37:25 - [MESSAGE][PASSED] - Object: 'Object Repository/Final Object Repo/Page_Update Employee Information By Employer/Search Employer Code' is clicked on

2018-12-12 10:37:25 - [TEST_STEP][PASSED] - click: Object: 'Object Repository/Final Object Repo/Page_Update Employee Information By Employer/Edit Button' is clicked on

2018-12-12 10:37:29 - [MESSAGE][PASSED] - Object: 'Object Repository/Final Object Repo/Page_Update Employee Information By Employer/Edit Button' is clicked on

2018-12-12 10:37:29 - [TEST_STEP][PASSED] - click: Object: 'Object Repository/Final Object Repo/Page_Update Employee Information By Employer/Employee Name or New Identification' is clicked on

2018-12-12 10:37:29 - [MESSAGE][PASSED] - Object: 'Object Repository/Final Object Repo/Page_Update Employee Information By Employer/Employee Name or New Identification' is clicked on

2018-12-12 10:37:29 - [TEST_STEP][PASSED] - delay: Delayed 1 second(s)

2018-12-12 10:37:30 - [MESSAGE][PASSED] - Delayed 1 second(s)

2018-12-12 10:37:30 - [TEST_STEP][PASSED] - click: Object: 'Object Repository/Final Object Repo/Page_Update Employee Information By Employer/Selection - Employee Name' is clicked on

2018-12-12 10:37:31 - [MESSAGE][PASSED] - Object: 'Object Repository/Final Object Repo/Page_Update Employee Information By Employer/Selection - Employee Name' is clicked on

2018-12-12 10:37:31 - [TEST_STEP][PASSED] - delay: Delayed 1 second(s)

2018-12-12 10:37:32 - [MESSAGE][PASSED] - Delayed 1 second(s)

2018-12-12 10:37:32 - [TEST_STEP][PASSED] - setText: Text 'PERKESO' is set on object 'Object Repository/Final Object Repo/Page_Update Employee Information By Employer/Employee Name'

2018-12-12 10:37:32 - [MESSAGE][PASSED] - Text 'PERKESO' is set on object 'Object Repository/Final Object Repo/Page_Update Employee Information By Employer/Employee Name'

2018-12-12 10:37:32 - [TEST_STEP][PASSED] - delay: Delayed 2 second(s)

2018-12-12 10:37:34 - [MESSAGE][PASSED] - Delayed 2 second(s)

2018-12-12 10:37:34 - [TEST_STEP][PASSED] - click: Object: 'Object Repository/Final Object Repo/Page_Update Employee Information By Employer/Search Employee' is clicked on

2018-12-12 10:37:34 - [MESSAGE][PASSED] - Object: 'Object Repository/Final Object Repo/Page_Update Employee Information By Employer/Search Employee' is clicked on

2018-12-12 10:37:34 - [TEST_STEP][PASSED] - delay: Delayed 3 second(s)

2018-12-12 10:37:37 - [MESSAGE][PASSED] - Delayed 3 second(s)

2018-12-12 10:37:37 - [TEST_STEP][PASSED] - click: Object: 'Object Repository/Final Object Repo/Page_Update Employee Information By Employer/Employee Edit Button' is clicked on

2018-12-12 10:37:37 - [MESSAGE][PASSED] - Object: 'Object Repository/Final Object Repo/Page_Update Employee Information By Employer/Employee Edit Button' is clicked on

2018-12-12 10:37:37 - [TEST_STEP][PASSED] - delay: Delayed 3 second(s)

2018-12-12 10:37:40 - [MESSAGE][PASSED] - Delayed 3 second(s)

2018-12-12 10:37:40 - [TEST_STEP][PASSED] - setText: Text '' is set on object 'Object Repository/Final Object Repo/Page_Update Employee Information By Employer/Identification Number'

2018-12-12 10:37:41 - [MESSAGE][PASSED] - Text '' is set on object 'Object Repository/Final Object Repo/Page_Update Employee Information By Employer/Identification Number'

2018-12-12 10:37:41 - [TEST_STEP][PASSED] - Statement - rnd = new java.util.Random(): null

2018-12-12 10:37:41 - [TEST_STEP][PASSED] - Statement - snum = rnd.nextInt(899999 + 1) + 100000: null

2018-12-12 10:37:41 - [TEST_STEP][PASSED] - Statement - tnum = rnd.nextInt(899999 + 1) + 100000: null

2018-12-12 10:37:41 - [TEST_STEP][PASSED] - Statement - IC = java.lang.Integer.toString(snum) + java.lang.Integer.toString(tnum): null

2018-12-12 10:37:41 - [TEST_STEP][PASSED] - Statement - out.println(IC): null

2018-12-12 10:37:41 - [TEST_STEP][PASSED] - setText: Text '186024609920' is set on object 'Object Repository/Final Object Repo/Page_Update Employee Information By Employer/Identification Number'

2018-12-12 10:37:41 - [MESSAGE][PASSED] - Text '186024609920' is set on object 'Object Repository/Final Object Repo/Page_Update Employee Information By Employer/Identification Number'

2018-12-12 10:37:41 - [TEST_STEP][PASSED] - click: Object: 'Object Repository/Final Object Repo/Page_Update Employee Information By Employer/Save' is clicked on

2018-12-12 10:37:41 - [MESSAGE][PASSED] - Object: 'Object Repository/Final Object Repo/Page_Update Employee Information By Employer/Save' is clicked on

2018-12-12 10:37:41 - [TEST_STEP][PASSED] - delay: Delayed 5 second(s)

2018-12-12 10:37:46 - [MESSAGE][PASSED] - Delayed 5 second(s)

2018-12-12 10:37:46 - [TEST_STEP][PASSED] - Statement - CaseReferenceNo = com.kms.katalon.core.webui.keyword.WebUiBuiltInKeywords.getText(com.kms.katalon.core.testobject.ObjectRepository.findTestObject(Final Object Repo/Reference Number/Reference Number in Update Employee Information Page)): Text of object 'Object Repository/Final Object Repo/Reference Number/Reference Number in Update Employee Information Page' is: 'CUN122018C100005980'

2018-12-12 10:37:46 - [MESSAGE][PASSED] - Text of object 'Object Repository/Final Object Repo/Reference Number/Reference Number in Update Employee Information Page' is: 'CUN122018C100005980'

2018-12-12 10:37:46 - [TEST_STEP][PASSED] - callTestCase: Call Test Case 'Test Cases/Final Aug 2018 - PKS Automation/Common/Reference Number Setter' successfully

2018-12-12 10:37:46 - [TEST_CASE][PASSED] - Test Cases/Final Aug 2018 - PKS Automation/Common/Reference Number Setter: Test Cases/Final Aug 2018 - PKS Automation/Common/Reference Number Setter

2018-12-12 10:37:46 - [TEST_STEP][PASSED] - Statement - RefNoOldFile = new java.io.File(C://Users//Admin//Desktop//PKS//Automation Reference Point//KatalonReference.txt): null

2018-12-12 10:37:46 - [TEST_STEP][PASSED] - Statement - RefNoOldFile.delete(): null

2018-12-12 10:37:46 - [TEST_STEP][PASSED] - delay: Delayed 5 second(s)

2018-12-12 10:37:51 - [MESSAGE][PASSED] - Delayed 5 second(s)

2018-12-12 10:37:51 - [TEST_STEP][PASSED] - Statement - RefNo = new java.io.File(C://Users//Admin//Desktop//PKS//Automation Reference Point//KatalonReference.txt): null

2018-12-12 10:37:51 - [TEST_STEP][PASSED] - Statement - f2 = new java.io.FileWriter(RefNo, false): null

2018-12-12 10:37:51 - [TEST_STEP][PASSED] - Statement - f2.write(CaseReferenceNo): null

2018-12-12 10:37:51 - [TEST_STEP][PASSED] - Statement - f2.close(): null

2018-12-12 10:37:51 - [TEST_STEP][PASSED] - Statement - out.println("


" + CaseReferenceNo + "


"): null

2018-12-12 10:37:51 - [MESSAGE][PASSED] - Call Test Case 'Test Cases/Final Aug 2018 - PKS Automation/Common/Reference Number Setter' successfully

2018-12-12 10:37:51 - [TEST_STEP][PASSED] - delay: Delayed 5 second(s)

2018-12-12 10:37:56 - [MESSAGE][PASSED] - Delayed 5 second(s)

2018-12-12 10:37:56 - [TEST_STEP][PASSED] - click: Object: 'Object Repository/Final Object Repo/Page_Update Employee Information By Employer/Save  Continue in  Employee Information Page' is clicked on

2018-12-12 10:37:56 - [MESSAGE][PASSED] - Object: 'Object Repository/Final Object Repo/Page_Update Employee Information By Employer/Save  Continue in  Employee Information Page' is clicked on

2018-12-12 10:37:56 - [TEST_STEP][PASSED] - delay: Delayed 5 second(s)

2018-12-12 10:38:01 - [MESSAGE][PASSED] - Delayed 5 second(s)

2018-12-12 10:38:01 - [TEST_STEP][PASSED] - click: Object: 'Object Repository/Final Object Repo/Page_Update Employee Information By Employer/Save  Continue in Uploading Page 1' is clicked on

2018-12-12 10:38:02 - [MESSAGE][PASSED] - Object: 'Object Repository/Final Object Repo/Page_Update Employee Information By Employer/Save  Continue in Uploading Page 1' is clicked on

2018-12-12 10:38:02 - [TEST_STEP][PASSED] - delay: Delayed 5 second(s)

2018-12-12 10:38:07 - [MESSAGE][PASSED] - Delayed 5 second(s)

2018-12-12 10:38:07 - [TEST_STEP][PASSED] - click: Object: 'Object Repository/Final Object Repo/Page_Update Employee Information By Employer/Submit' is clicked on

2018-12-12 10:38:07 - [MESSAGE][PASSED] - Object: 'Object Repository/Final Object Repo/Page_Update Employee Information By Employer/Submit' is clicked on

2018-12-12 10:38:07 - [TEST_STEP][PASSED] - delay: Delayed 5 second(s)

2018-12-12 10:38:12 - [MESSAGE][PASSED] - Delayed 5 second(s)

2018-12-12 10:38:12 - [TEST_STEP][PASSED] - click: Object: 'Object Repository/Final Object Repo/Page_Update Employee Information By Employer/Confirm' is clicked on

2018-12-12 10:38:12 - [MESSAGE][PASSED] - Object: 'Object Repository/Final Object Repo/Page_Update Employee Information By Employer/Confirm' is clicked on

2018-12-12 10:38:12 - [TEST_STEP][PASSED] - delay: Delayed 5 second(s)

2018-12-12 10:38:17 - [MESSAGE][PASSED] - Delayed 5 second(s)

2018-12-12 10:38:17 - [TEST_STEP][PASSED] - verifyElementVisible: Object 'Object Repository/Final Object Repo/Page_Update Employee Information By Employer/Successfull Message Routed to UO' is visible

2018-12-12 10:38:17 - [MESSAGE][PASSED] - Object 'Object Repository/Final Object Repo/Page_Update Employee Information By Employer/Successfull Message Routed to UO' is visible

2018-12-12 10:38:17 - [MESSAGE][PASSED] - Call Test Case 'Test Cases/Final Aug 2018 - PKS Automation/Registration Module/Workflow/Update Employee Information (Employer)/Template/Update Employer Information - Special Case (PKRBO)' successfully

2018-12-12 10:38:17 - [TEST_STEP][PASSED] - callTestCase: Call Test Case 'Test Cases/Final Aug 2018 - PKS Automation/Registration Module/Workflow/Update Employee Information (Employer)/Template/Update Employee Information - Special Case - UO(Query)' successfully

2018-12-12 10:38:17 - [TEST_CASE][PASSED] - Test Cases/Final Aug 2018 - PKS Automation/Registration Module/Workflow/Update Employee Information (Employer)/Template/Update Employee Information - Special Case - UO(Query): Test Cases/Final Aug 2018 - PKS Automation/Registration Module/Workflow/Update Employee Information (Employer)/Template/Update Employee Information - Special Case - UO(Query)

2018-12-12 10:38:17 - [TEST_STEP][NOT_RUN] - callTestCase: NOT_RUN: callTestCase

2018-12-12 10:38:17 - [MESSAGE][NOT_RUN] - NOT_RUN: callTestCase

2018-12-12 10:38:17 - [TEST_STEP][PASSED] - delay: Delayed 2 second(s)

2018-12-12 10:38:19 - [MESSAGE][PASSED] - Delayed 2 second(s)

2018-12-12 10:38:19 - [TEST_STEP][PASSED] - navigateToUrl: Navigate to 'https://assist2-uat.perkeso.gov.my/c/portal/logout' successfully

2018-12-12 10:38:20 - [MESSAGE][PASSED] - Navigate to 'https://assist2-uat.perkeso.gov.my/c/portal/logout' successfully

2018-12-12 10:38:20 - [TEST_STEP][PASSED] - delay: Delayed 2 second(s)

2018-12-12 10:38:22 - [MESSAGE][PASSED] - Delayed 2 second(s)

2018-12-12 10:38:22 - [TEST_STEP][PASSED] - callTestCase: Call Test Case 'Test Cases/Final Aug 2018 - PKS Automation/Common/Reference Number Getter' successfully

2018-12-12 10:38:22 - [TEST_CASE][PASSED] - Test Cases/Final Aug 2018 - PKS Automation/Common/Reference Number Getter: Test Cases/Final Aug 2018 - PKS Automation/Common/Reference Number Getter

2018-12-12 10:38:22 - [TEST_STEP][PASSED] - Statement - Try: null

2018-12-12 10:38:22 - [TEST_STEP][PASSED] - Statement - RefNo = new java.io.File(C://Users//Admin//Desktop//PKS//Automation Reference Point//KatalonReference.txt): null

2018-12-12 10:38:22 - [TEST_STEP][PASSED] - Statement - bufferread = new java.io.BufferedReader(new java.io.FileReader(RefNo)): null

2018-12-12 10:38:22 - [TEST_STEP][PASSED] - Statement - readedVal = bufferread.readLine(): null

2018-12-12 10:38:22 - [TEST_STEP][PASSED] - Statement - out.println(CaseReferenceNo): null

2018-12-12 10:38:22 - [TEST_STEP][PASSED] - Statement - out.println(readedVal): null

2018-12-12 10:38:22 - [TEST_STEP][PASSED] - Statement - CaseReferenceNo = "": null

2018-12-12 10:38:22 - [TEST_STEP][PASSED] - Statement - CaseReferenceNo = readedVal: null

2018-12-12 10:38:22 - [MESSAGE][PASSED] - Call Test Case 'Test Cases/Final Aug 2018 - PKS Automation/Common/Reference Number Getter' successfully

2018-12-12 10:38:22 - [TEST_STEP][PASSED] - callTestCase: Call Test Case 'Test Cases/Final Aug 2018 - PKS Automation/Common/Workflow Owner Finder' successfully

2018-12-12 10:38:22 - [TEST_CASE][PASSED] - Test Cases/Final Aug 2018 - PKS Automation/Common/Workflow Owner Finder: Test Cases/Final Aug 2018 - PKS Automation/Common/Workflow Owner Finder

2018-12-12 10:38:22 - [TEST_STEP][PASSED] - openBrowser: Browser is opened with url: ''

2018-12-12 10:38:22 - [MESSAGE][WARNING] - A browser is already opened. Closing browser and opening a new one

2018-12-12 10:38:27 - [MESSAGE][PASSED] - Browser is opened with url: ''

2018-12-12 10:38:27 - [TEST_STEP][PASSED] - navigateToUrl: Navigate to 'https://assist2-uat.perkeso.gov.my/login' successfully

2018-12-12 10:38:28 - [MESSAGE][PASSED] - Navigate to 'https://assist2-uat.perkeso.gov.my/login' successfully

2018-12-12 10:38:28 - [TEST_STEP][PASSED] - delay: Delayed 5 second(s)

2018-12-12 10:38:33 - [MESSAGE][PASSED] - Delayed 5 second(s)

2018-12-12 10:38:33 - [TEST_STEP][PASSED] - setText: Text 'test@liferay.com' is set on object 'Object Repository/Final Object Repo/Login Page/Internal User/Email Address'

2018-12-12 10:38:33 - [MESSAGE][PASSED] - Text 'test@liferay.com' is set on object 'Object Repository/Final Object Repo/Login Page/Internal User/Email Address'

2018-12-12 10:38:33 - [TEST_STEP][PASSED] - click: Object: 'Object Repository/Final Object Repo/Login Page/Internal User/Next Button' is clicked on

2018-12-12 10:38:33 - [MESSAGE][PASSED] - Object: 'Object Repository/Final Object Repo/Login Page/Internal User/Next Button' is clicked on

2018-12-12 10:38:33 - [TEST_STEP][PASSED] - delay: Delayed 2 second(s)

2018-12-12 10:38:35 - [MESSAGE][PASSED] - Delayed 2 second(s)

2018-12-12 10:38:35 - [TEST_STEP][PASSED] - setText: Text 'test' is set on object 'Object Repository/Final Object Repo/Login Page/Internal User/Password'

2018-12-12 10:38:36 - [MESSAGE][PASSED] - Text 'test' is set on object 'Object Repository/Final Object Repo/Login Page/Internal User/Password'

2018-12-12 10:38:36 - [TEST_STEP][PASSED] - delay: Delayed 2 second(s)

2018-12-12 10:38:38 - [MESSAGE][PASSED] - Delayed 2 second(s)

2018-12-12 10:38:38 - [TEST_STEP][PASSED] - click: Object: 'Object Repository/Final Object Repo/Login Page/Internal User/Login Button' is clicked on

2018-12-12 10:38:38 - [MESSAGE][PASSED] - Object: 'Object Repository/Final Object Repo/Login Page/Internal User/Login Button' is clicked on

2018-12-12 10:38:38 - [TEST_STEP][PASSED] - Statement - tester = com.kms.katalon.core.testobject.ObjectRepository.findTestObject(Final Object Repo/Landing Page/Select to English): Finding Test Object with id 'Object Repository/Final Object Repo/Landing Page/Select to English'

2018-12-12 10:38:38 - [TEST_STEP][PASSED] - Statement - Try: Delayed 2 second(s)

2018-12-12 10:38:38 - [TEST_STEP][PASSED] - Statement - Checker = com.kms.katalon.core.webui.keyword.WebUiBuiltInKeywords.verifyElementNotPresent(tester, 3): Web element with id: 'Object Repository/Final Object Repo/Landing Page/Select to English' located by 'By.xpath: //a[@class = 'taglib-language-list-text' and @lang = 'en-US' and (contains(text(), 'EN') or contains(., 'EN'))]' is not present after '3' second(s)

2018-12-12 10:38:39 - [MESSAGE][PASSED] - Web element with id: 'Object Repository/Final Object Repo/Landing Page/Select to English' located by 'By.xpath: //a[@class = 'taglib-language-list-text' and @lang = 'en-US' and (contains(text(), 'EN') or contains(., 'EN'))]' is not present after '3' second(s)

2018-12-12 10:38:39 - [TEST_STEP][PASSED] - Statement - If (Checker == false): null

2018-12-12 10:38:39 - [TEST_STEP][PASSED] - delay: Delayed 2 second(s)

2018-12-12 10:38:41 - [MESSAGE][PASSED] - Delayed 2 second(s)

2018-12-12 10:38:41 - [TEST_STEP][PASSED] - delay: Delayed 5 second(s)

2018-12-12 10:38:46 - [MESSAGE][PASSED] - Delayed 5 second(s)

2018-12-12 10:38:46 - [TEST_STEP][PASSED] - mouseOver: Object: 'Object Repository/Final Object Repo/Landing Page/WorkFlow Menu' is hovered

2018-12-12 10:38:47 - [MESSAGE][PASSED] - Object: 'Object Repository/Final Object Repo/Landing Page/WorkFlow Menu' is hovered

2018-12-12 10:38:47 - [TEST_STEP][PASSED] - delay: Delayed 2 second(s)

2018-12-12 10:38:49 - [MESSAGE][PASSED] - Delayed 2 second(s)

2018-12-12 10:38:49 - [TEST_STEP][PASSED] - click: Object: 'Object Repository/Final Object Repo/Landing Page/Select to Workflow Listing' is clicked on

2018-12-12 10:38:50 - [MESSAGE][PASSED] - Object: 'Object Repository/Final Object Repo/Landing Page/Select to Workflow Listing' is clicked on

2018-12-12 10:38:50 - [TEST_STEP][PASSED] - delay: Delayed 2 second(s)

2018-12-12 10:38:52 - [MESSAGE][PASSED] - Delayed 2 second(s)

2018-12-12 10:38:52 - [TEST_STEP][PASSED] - click: Object: 'Object Repository/Final Object Repo/WorkFlow Listing Page/Search Information - To Put Ref No' is clicked on

2018-12-12 10:38:52 - [MESSAGE][PASSED] - Object: 'Object Repository/Final Object Repo/WorkFlow Listing Page/Search Information - To Put Ref No' is clicked on

2018-12-12 10:38:52 - [TEST_STEP][PASSED] - delay: Delayed 2 second(s)

2018-12-12 10:38:54 - [MESSAGE][PASSED] - Delayed 2 second(s)

2018-12-12 10:38:54 - [TEST_STEP][PASSED] - callTestCase: Call Test Case 'Test Cases/Final Aug 2018 - PKS Automation/Common/Reference Number Getter' successfully

2018-12-12 10:38:54 - [TEST_CASE][PASSED] - Test Cases/Final Aug 2018 - PKS Automation/Common/Reference Number Getter: Test Cases/Final Aug 2018 - PKS Automation/Common/Reference Number Getter

2018-12-12 10:38:54 - [TEST_STEP][PASSED] - Statement - Try: null

2018-12-12 10:38:54 - [TEST_STEP][PASSED] - Statement - RefNo = new java.io.File(C://Users//Admin//Desktop//PKS//Automation Reference Point//KatalonReference.txt): null

2018-12-12 10:38:54 - [TEST_STEP][PASSED] - Statement - bufferread = new java.io.BufferedReader(new java.io.FileReader(RefNo)): null

2018-12-12 10:38:54 - [TEST_STEP][PASSED] - Statement - readedVal = bufferread.readLine(): null

2018-12-12 10:38:54 - [TEST_STEP][PASSED] - Statement - out.println(CaseReferenceNo): null

2018-12-12 10:38:54 - [TEST_STEP][PASSED] - Statement - out.println(readedVal): null

2018-12-12 10:38:54 - [TEST_STEP][PASSED] - Statement - CaseReferenceNo = "": null

2018-12-12 10:38:54 - [TEST_STEP][PASSED] - Statement - CaseReferenceNo = readedVal: null

2018-12-12 10:38:54 - [MESSAGE][PASSED] - Call Test Case 'Test Cases/Final Aug 2018 - PKS Automation/Common/Reference Number Getter' successfully

2018-12-12 10:38:54 - [TEST_STEP][PASSED] - setText: Text 'CUN122018C100005980' is set on object 'Object Repository/Final Object Repo/WorkFlow Listing Page/Ref No Set Text'

2018-12-12 10:38:54 - [MESSAGE][PASSED] - Text 'CUN122018C100005980' is set on object 'Object Repository/Final Object Repo/WorkFlow Listing Page/Ref No Set Text'

2018-12-12 10:38:54 - [TEST_STEP][PASSED] - delay: Delayed 2 second(s)

2018-12-12 10:38:56 - [MESSAGE][PASSED] - Delayed 2 second(s)

2018-12-12 10:38:56 - [TEST_STEP][PASSED] - click: Object: 'Object Repository/Final Object Repo/WorkFlow Listing Page/Search Ref No Search Button' is clicked on

2018-12-12 10:38:56 - [MESSAGE][PASSED] - Object: 'Object Repository/Final Object Repo/WorkFlow Listing Page/Search Ref No Search Button' is clicked on

2018-12-12 10:38:56 - [TEST_STEP][PASSED] - delay: Delayed 6 second(s)

2018-12-12 10:39:02 - [MESSAGE][PASSED] - Delayed 6 second(s)

2018-12-12 10:39:02 - [TEST_STEP][PASSED] - click: Object: 'Object Repository/Final Object Repo/WorkFlow Listing Page/Click Continue Tooltip' is clicked on

2018-12-12 10:39:03 - [MESSAGE][PASSED] - Object: 'Object Repository/Final Object Repo/WorkFlow Listing Page/Click Continue Tooltip' is clicked on

2018-12-12 10:39:03 - [TEST_STEP][PASSED] - delay: Delayed 5 second(s)

2018-12-12 10:39:08 - [MESSAGE][PASSED] - Delayed 5 second(s)

2018-12-12 10:39:08 - [TEST_STEP][PASSED] - doubleClick: Object: 'Object Repository/Final Object Repo/WorkFlow Listing Page/Workflow Found - Listing 1' is double clicked on

2018-12-12 10:39:09 - [MESSAGE][PASSED] - Object: 'Object Repository/Final Object Repo/WorkFlow Listing Page/Workflow Found - Listing 1' is double clicked on

2018-12-12 10:39:09 - [TEST_STEP][PASSED] - Statement - println(OwnerID): null

2018-12-12 10:39:09 - [TEST_STEP][PASSED] - Statement - OwnerID = com.kms.katalon.core.webui.keyword.WebUiBuiltInKeywords.getText(com.kms.katalon.core.testobject.ObjectRepository.findTestObject(Final Object Repo/WorkFlow Listing Page/Workflow Found - Listing 1), STOP_ON_FAILURE): Text of object 'Object Repository/Final Object Repo/WorkFlow Listing Page/Workflow Found - Listing 1' is: 'JOHORuo3'

2018-12-12 10:39:09 - [MESSAGE][PASSED] - Text of object 'Object Repository/Final Object Repo/WorkFlow Listing Page/Workflow Found - Listing 1' is: 'JOHORuo3'

2018-12-12 10:39:09 - [TEST_STEP][PASSED] - Statement - OwnerID = OwnerID.toLowerCase() + "@gmail.com": null

2018-12-12 10:39:09 - [TEST_STEP][PASSED] - Statement - println(OwnerID): null

2018-12-12 10:39:09 - [TEST_STEP][PASSED] - delay: Delayed 2 second(s)

2018-12-12 10:39:11 - [MESSAGE][PASSED] - Delayed 2 second(s)

2018-12-12 10:39:11 - [MESSAGE][PASSED] - Call Test Case 'Test Cases/Final Aug 2018 - PKS Automation/Common/Workflow Owner Finder' successfully

2018-12-12 10:39:11 - [TEST_STEP][PASSED] - delay: Delayed 2 second(s)

2018-12-12 10:39:13 - [MESSAGE][PASSED] - Delayed 2 second(s)

2018-12-12 10:39:13 - [TEST_STEP][PASSED] - navigateToUrl: Navigate to 'https://assist2-uat.perkeso.gov.my/c/portal/logout' successfully

2018-12-12 10:39:14 - [MESSAGE][PASSED] - Navigate to 'https://assist2-uat.perkeso.gov.my/c/portal/logout' successfully

2018-12-12 10:39:14 - [TEST_STEP][PASSED] - delay: Delayed 2 second(s)

2018-12-12 10:39:16 - [MESSAGE][PASSED] - Delayed 2 second(s)

2018-12-12 10:39:16 - [TEST_STEP][PASSED] - callTestCase: Call Test Case 'Test Cases/Final Aug 2018 - PKS Automation/Registration Module/Workflow/Login and Search Case For Workflow' successfully

2018-12-12 10:39:16 - [TEST_CASE][PASSED] - Test Cases/Final Aug 2018 - PKS Automation/Registration Module/Workflow/Login and Search Case For Workflow: Test Cases/Final Aug 2018 - PKS Automation/Registration Module/Workflow/Login and Search Case For Workflow

2018-12-12 10:39:16 - [TEST_STEP][PASSED] - navigateToUrl: Navigate to 'https://assist2-uat.perkeso.gov.my/login' successfully

2018-12-12 10:39:16 - [MESSAGE][PASSED] - Navigate to 'https://assist2-uat.perkeso.gov.my/login' successfully

2018-12-12 10:39:16 - [TEST_STEP][PASSED] - setText: Text 'johoruo3@gmail.com' is set on object 'Object Repository/Final Object Repo/Login Page/Internal User/Email Address'

2018-12-12 10:39:16 - [MESSAGE][PASSED] - Text 'johoruo3@gmail.com' is set on object 'Object Repository/Final Object Repo/Login Page/Internal User/Email Address'

2018-12-12 10:39:16 - [TEST_STEP][PASSED] - click: Object: 'Object Repository/Final Object Repo/Login Page/Internal User/Next Button' is clicked on

2018-12-12 10:39:17 - [MESSAGE][PASSED] - Object: 'Object Repository/Final Object Repo/Login Page/Internal User/Next Button' is clicked on

2018-12-12 10:39:17 - [TEST_STEP][PASSED] - delay: Delayed 1 second(s)

2018-12-12 10:39:18 - [MESSAGE][PASSED] - Delayed 1 second(s)

2018-12-12 10:39:18 - [TEST_STEP][PASSED] - setEncryptedText: Text ****** has been set on object 'Object Repository/Final Object Repo/Login Page/Internal User/Password'

2018-12-12 10:39:18 - [MESSAGE][PASSED] - Text ****** has been set on object 'Object Repository/Final Object Repo/Login Page/Internal User/Password'

2018-12-12 10:39:18 - [TEST_STEP][PASSED] - click: Object: 'Object Repository/Final Object Repo/Login Page/Internal User/Login Button' is clicked on

2018-12-12 10:39:18 - [MESSAGE][PASSED] - Object: 'Object Repository/Final Object Repo/Login Page/Internal User/Login Button' is clicked on

2018-12-12 10:39:18 - [TEST_STEP][PASSED] - delay: Delayed 2 second(s)

2018-12-12 10:39:20 - [MESSAGE][PASSED] - Delayed 2 second(s)

2018-12-12 10:39:20 - [TEST_STEP][PASSED] - Statement - Try: Delayed 2 second(s)

2018-12-12 10:39:20 - [TEST_STEP][PASSED] - Statement - Checker = false: null

2018-12-12 10:39:20 - [TEST_STEP][PASSED] - Statement - Checker = com.kms.katalon.core.webui.keyword.WebUiBuiltInKeywords.verifyElementHasAttribute(com.kms.katalon.core.testobject.ObjectRepository.findTestObject(Final Object Repo/Landing Page/BM Detecting), "href", 20, OPTIONAL): Object 'Object Repository/Final Object Repo/Landing Page/BM Detecting' has attribute 'href'

2018-12-12 10:39:20 - [MESSAGE][PASSED] - Object 'Object Repository/Final Object Repo/Landing Page/BM Detecting' has attribute 'href'

2018-12-12 10:39:20 - [TEST_STEP][PASSED] - Statement - out.println(Checker): null

2018-12-12 10:39:20 - [TEST_STEP][PASSED] - Statement - If (Checker == false): null

2018-12-12 10:39:20 - [TEST_STEP][PASSED] - Statement - Else: null

2018-12-12 10:39:20 - [TEST_STEP][PASSED] - delay: Delayed 2 second(s)

2018-12-12 10:39:22 - [MESSAGE][PASSED] - Delayed 2 second(s)

2018-12-12 10:39:22 - [TEST_STEP][PASSED] - click: Object: 'Object Repository/Final Object Repo/Page_MyASSIST - ASSIST - Search Pending Case For Add Supporting Document/Search Information' is clicked on

2018-12-12 10:39:22 - [MESSAGE][PASSED] - Object: 'Object Repository/Final Object Repo/Page_MyASSIST - ASSIST - Search Pending Case For Add Supporting Document/Search Information' is clicked on

2018-12-12 10:39:22 - [TEST_STEP][PASSED] - delay: Delayed 3 second(s)

2018-12-12 10:39:25 - [MESSAGE][PASSED] - Delayed 3 second(s)

2018-12-12 10:39:25 - [TEST_STEP][PASSED] - sendKeys: Keys 'CUN122018C100005980' sent to object: 'Object Repository/Final Object Repo/Page_MyASSIST - ASSIST - Search Pending Case For Add Supporting Document/Reference No'

2018-12-12 10:39:26 - [MESSAGE][PASSED] - Keys 'CUN122018C100005980' sent to object: 'Object Repository/Final Object Repo/Page_MyASSIST - ASSIST - Search Pending Case For Add Supporting Document/Reference No'

2018-12-12 10:39:26 - [TEST_STEP][PASSED] - click: Object: 'Object Repository/Final Object Repo/Page_MyASSIST - ASSIST - Search Pending Case For Add Supporting Document/Search Reference No' is clicked on

2018-12-12 10:39:26 - [MESSAGE][PASSED] - Object: 'Object Repository/Final Object Repo/Page_MyASSIST - ASSIST - Search Pending Case For Add Supporting Document/Search Reference No' is clicked on

2018-12-12 10:39:26 - [TEST_STEP][PASSED] - delay: Delayed 2 second(s)

2018-12-12 10:39:28 - [MESSAGE][PASSED] - Delayed 2 second(s)

2018-12-12 10:39:28 - [TEST_STEP][PASSED] - click: Object: 'Object Repository/Final Object Repo/Page_MyASSIST - ASSIST - Search Pending Case For Add Supporting Document/Continue' is clicked on

2018-12-12 10:39:32 - [MESSAGE][PASSED] - Object: 'Object Repository/Final Object Repo/Page_MyASSIST - ASSIST - Search Pending Case For Add Supporting Document/Continue' is clicked on

2018-12-12 10:39:32 - [TEST_STEP][PASSED] - delay: Delayed 20 second(s)

2018-12-12 10:39:52 - [MESSAGE][PASSED] - Delayed 20 second(s)

2018-12-12 10:39:52 - [MESSAGE][PASSED] - Call Test Case 'Test Cases/Final Aug 2018 - PKS Automation/Registration Module/Workflow/Login and Search Case For Workflow' successfully

2018-12-12 10:39:52 - [TEST_STEP][PASSED] - delay: Delayed 2 second(s)

2018-12-12 10:39:54 - [MESSAGE][PASSED] - Delayed 2 second(s)

2018-12-12 10:39:54 - [TEST_STEP][PASSED] - click: Object: 'Object Repository/Final Object Repo/Page_Update Employee Information By Employer/Page_Update Employee Information by Employer (Approve)/Continue' is clicked on

2018-12-12 10:39:57 - [MESSAGE][PASSED] - Object: 'Object Repository/Final Object Repo/Page_Update Employee Information By Employer/Page_Update Employee Information by Employer (Approve)/Continue' is clicked on

2018-12-12 10:39:57 - [TEST_STEP][PASSED] - delay: Delayed 2 second(s)

2018-12-12 10:39:59 - [MESSAGE][PASSED] - Delayed 2 second(s)

2018-12-12 10:39:59 - [TEST_STEP][PASSED] - click: Object: 'Object Repository/Final Object Repo/Page_Update Employee Information By Employer/Page_Update Employee Information by Employer (Approve)/Save  Continue in Update Employee Information Page' is clicked on

2018-12-12 10:39:59 - [MESSAGE][PASSED] - Object: 'Object Repository/Final Object Repo/Page_Update Employee Information By Employer/Page_Update Employee Information by Employer (Approve)/Save  Continue in Update Employee Information Page' is clicked on

2018-12-12 10:39:59 - [TEST_STEP][PASSED] - delay: Delayed 4 second(s)

2018-12-12 10:40:03 - [MESSAGE][PASSED] - Delayed 4 second(s)

2018-12-12 10:40:03 - [TEST_STEP][PASSED] - setText: Text 'Query' is set on object 'Object Repository/Final Object Repo/Page_Update Employee Information By Employer/Page_Update Employee Information by Employer (Query)/Remark'

2018-12-12 10:40:04 - [MESSAGE][PASSED] - Text 'Query' is set on object 'Object Repository/Final Object Repo/Page_Update Employee Information By Employer/Page_Update Employee Information by Employer (Query)/Remark'

2018-12-12 10:40:04 - [TEST_STEP][PASSED] - delay: Delayed 2 second(s)

2018-12-12 10:40:06 - [MESSAGE][PASSED] - Delayed 2 second(s)

2018-12-12 10:40:06 - [TEST_STEP][PASSED] - click: Object: 'Object Repository/Final Object Repo/Page_Update Employee Information By Employer/Page_Update Employee Information by Employer (Approve)/Save  Continue in Upload Supporting Doucument Page' is clicked on

2018-12-12 10:40:06 - [MESSAGE][PASSED] - Object: 'Object Repository/Final Object Repo/Page_Update Employee Information By Employer/Page_Update Employee Information by Employer (Approve)/Save  Continue in Upload Supporting Doucument Page' is clicked on

2018-12-12 10:40:06 - [TEST_STEP][PASSED] - delay: Delayed 2 second(s)

2018-12-12 10:40:08 - [MESSAGE][PASSED] - Delayed 2 second(s)

2018-12-12 10:40:08 - [TEST_STEP][PASSED] - click: Object: 'Object Repository/Final Object Repo/Page_Update Employee Information By Employer/Page_Update Employee Information by Employer (Query)/Query' is clicked on

2018-12-12 10:40:10 - [MESSAGE][PASSED] - Object: 'Object Repository/Final Object Repo/Page_Update Employee Information By Employer/Page_Update Employee Information by Employer (Query)/Query' is clicked on

2018-12-12 10:40:10 - [TEST_STEP][PASSED] - delay: Delayed 2 second(s)

2018-12-12 10:40:12 - [MESSAGE][PASSED] - Delayed 2 second(s)

2018-12-12 10:40:12 - [TEST_STEP][PASSED] - click: Object: 'Object Repository/Final Object Repo/Page_Update Employee Information By Employer/Page_Update Employee Information by Employer (Approve)/Confirm' is clicked on

2018-12-12 10:40:12 - [MESSAGE][PASSED] - Object: 'Object Repository/Final Object Repo/Page_Update Employee Information By Employer/Page_Update Employee Information by Employer (Approve)/Confirm' is clicked on

2018-12-12 10:40:12 - [TEST_STEP][PASSED] - delay: Delayed 2 second(s)

2018-12-12 10:40:14 - [MESSAGE][PASSED] - Delayed 2 second(s)

2018-12-12 10:40:14 - [TEST_STEP][PASSED] - click: Object: 'Object Repository/Final Object Repo/Page_Update Employee Information By Employer/Page_Update Employee Information by Employer (Query)/Query Message The case is Under Query' is clicked on

2018-12-12 10:40:18 - [MESSAGE][PASSED] - Object: 'Object Repository/Final Object Repo/Page_Update Employee Information By Employer/Page_Update Employee Information by Employer (Query)/Query Message The case is Under Query' is clicked on

2018-12-12 10:40:18 - [TEST_STEP][PASSED] - delay: Delayed 2 second(s)

2018-12-12 10:40:20 - [MESSAGE][PASSED] - Delayed 2 second(s)

2018-12-12 10:40:20 - [TEST_STEP][PASSED] - click: Object: 'Object Repository/Final Object Repo/Page_Update Employee Information By Employer/Page_Update Employee Information by Employer (Query)/Letter of inquiry' is clicked on

2018-12-12 10:40:20 - [MESSAGE][PASSED] - Object: 'Object Repository/Final Object Repo/Page_Update Employee Information By Employer/Page_Update Employee Information by Employer (Query)/Letter of inquiry' is clicked on

2018-12-12 10:40:20 - [TEST_STEP][PASSED] - delay: Delayed 1 second(s)

2018-12-12 10:40:21 - [MESSAGE][PASSED] - Delayed 1 second(s)

2018-12-12 10:40:21 - [TEST_STEP][PASSED] - navigateToUrl: Navigate to 'https://assist2-uat.perkeso.gov.my/c/portal/logout' successfully

2018-12-12 10:40:22 - [MESSAGE][PASSED] - Navigate to 'https://assist2-uat.perkeso.gov.my/c/portal/logout' successfully

2018-12-12 10:40:22 - [TEST_STEP][PASSED] - delay: Delayed 1 second(s)

2018-12-12 10:40:23 - [MESSAGE][PASSED] - Delayed 1 second(s)

2018-12-12 10:40:23 - [TEST_STEP][PASSED] - callTestCase: Call Test Case 'Test Cases/Final Aug 2018 - PKS Automation/Registration Module/Workflow/Search Pending Case For Add Supporting Document (OTC)' successfully

2018-12-12 10:40:23 - [TEST_CASE][PASSED] - Test Cases/Final Aug 2018 - PKS Automation/Registration Module/Workflow/Search Pending Case For Add Supporting Document (OTC): Test Cases/Final Aug 2018 - PKS Automation/Registration Module/Workflow/Search Pending Case For Add Supporting Document (OTC)

2018-12-12 10:40:23 - [TEST_STEP][PASSED] - openBrowser: Browser is opened with url: ''

2018-12-12 10:40:23 - [MESSAGE][WARNING] - A browser is already opened. Closing browser and opening a new one

2018-12-12 10:40:27 - [MESSAGE][PASSED] - Browser is opened with url: ''

2018-12-12 10:40:27 - [TEST_STEP][PASSED] - navigateToUrl: Navigate to 'https://assist2-uat.perkeso.gov.my/login' successfully

2018-12-12 10:40:28 - [MESSAGE][PASSED] - Navigate to 'https://assist2-uat.perkeso.gov.my/login' successfully

2018-12-12 10:40:28 - [TEST_STEP][PASSED] - setText: Text 'johorotc1@gmail.com' is set on object 'Object Repository/Final Object Repo/Login Page/Internal User/Email Address'

2018-12-12 10:40:29 - [MESSAGE][PASSED] - Text 'johorotc1@gmail.com' is set on object 'Object Repository/Final Object Repo/Login Page/Internal User/Email Address'

2018-12-12 10:40:29 - [TEST_STEP][PASSED] - click: Object: 'Object Repository/Final Object Repo/Login Page/Internal User/Next Button' is clicked on

2018-12-12 10:40:29 - [MESSAGE][PASSED] - Object: 'Object Repository/Final Object Repo/Login Page/Internal User/Next Button' is clicked on

2018-12-12 10:40:29 - [TEST_STEP][PASSED] - delay: Delayed 1 second(s)

2018-12-12 10:40:30 - [MESSAGE][PASSED] - Delayed 1 second(s)

2018-12-12 10:40:30 - [TEST_STEP][PASSED] - setEncryptedText: Text ****** has been set on object 'Object Repository/Final Object Repo/Login Page/Internal User/Password'

2018-12-12 10:40:30 - [MESSAGE][PASSED] - Text ****** has been set on object 'Object Repository/Final Object Repo/Login Page/Internal User/Password'

2018-12-12 10:40:30 - [TEST_STEP][PASSED] - click: Object: 'Object Repository/Final Object Repo/Login Page/Internal User/Login Button' is clicked on

2018-12-12 10:40:30 - [MESSAGE][PASSED] - Object: 'Object Repository/Final Object Repo/Login Page/Internal User/Login Button' is clicked on

2018-12-12 10:40:30 - [TEST_STEP][PASSED] - delay: Delayed 1 second(s)

2018-12-12 10:40:31 - [MESSAGE][PASSED] - Delayed 1 second(s)

2018-12-12 10:40:31 - [TEST_STEP][PASSED] - Statement - Try: Delayed 2 second(s)

2018-12-12 10:40:31 - [TEST_STEP][PASSED] - Statement - Checker = false: null

2018-12-12 10:40:31 - [TEST_STEP][PASSED] - Statement - Checker = com.kms.katalon.core.webui.keyword.WebUiBuiltInKeywords.verifyElementHasAttribute(com.kms.katalon.core.testobject.ObjectRepository.findTestObject(Final Object Repo/Landing Page/BM Detecting), "href", 20, OPTIONAL): Object 'Object Repository/Final Object Repo/Landing Page/BM Detecting' has attribute 'href'

2018-12-12 10:40:33 - [MESSAGE][PASSED] - Object 'Object Repository/Final Object Repo/Landing Page/BM Detecting' has attribute 'href'

2018-12-12 10:40:33 - [TEST_STEP][PASSED] - Statement - out.println(Checker): null

2018-12-12 10:40:33 - [TEST_STEP][PASSED] - Statement - If (Checker == false): null

2018-12-12 10:40:33 - [TEST_STEP][PASSED] - Statement - Else: null

2018-12-12 10:40:33 - [TEST_STEP][PASSED] - delay: Delayed 2 second(s)

2018-12-12 10:40:35 - [MESSAGE][PASSED] - Delayed 2 second(s)

2018-12-12 10:40:35 - [TEST_STEP][PASSED] - navigateToUrl: Navigate to 'https://assist2-uat.perkeso.gov.my/web/registration/search/search-pending-case-for-add-supporting-document' successfully

2018-12-12 10:40:35 - [MESSAGE][PASSED] - Navigate to 'https://assist2-uat.perkeso.gov.my/web/registration/search/search-pending-case-for-add-supporting-document' successfully

2018-12-12 10:40:35 - [TEST_STEP][PASSED] - click: Object: 'Object Repository/Final Object Repo/Page_Search Pending Case For Add Suporting Document/Search By' is clicked on

2018-12-12 10:40:36 - [MESSAGE][PASSED] - Object: 'Object Repository/Final Object Repo/Page_Search Pending Case For Add Suporting Document/Search By' is clicked on

2018-12-12 10:40:36 - [TEST_STEP][PASSED] - click: Object: 'Object Repository/Final Object Repo/Page_Search Pending Case For Add Suporting Document/Search By - Reference ID' is clicked on

2018-12-12 10:40:36 - [MESSAGE][PASSED] - Object: 'Object Repository/Final Object Repo/Page_Search Pending Case For Add Suporting Document/Search By - Reference ID' is clicked on

2018-12-12 10:40:36 - [TEST_STEP][PASSED] - delay: Delayed 2 second(s)

2018-12-12 10:40:38 - [MESSAGE][PASSED] - Delayed 2 second(s)

2018-12-12 10:40:38 - [TEST_STEP][PASSED] - setText: Text 'CUN122018C100005980' is set on object 'Object Repository/Final Object Repo/Page_Search Pending Case For Add Suporting Document/Reference ID'

2018-12-12 10:40:38 - [MESSAGE][PASSED] - Text 'CUN122018C100005980' is set on object 'Object Repository/Final Object Repo/Page_Search Pending Case For Add Suporting Document/Reference ID'

2018-12-12 10:40:38 - [TEST_STEP][PASSED] - click: Object: 'Object Repository/Final Object Repo/Page_Search Pending Case For Add Suporting Document/Search' is clicked on

2018-12-12 10:40:38 - [MESSAGE][PASSED] - Object: 'Object Repository/Final Object Repo/Page_Search Pending Case For Add Suporting Document/Search' is clicked on

2018-12-12 10:40:38 - [TEST_STEP][PASSED] - delay: Delayed 2 second(s)

2018-12-12 10:40:40 - [MESSAGE][PASSED] - Delayed 2 second(s)

2018-12-12 10:40:40 - [TEST_STEP][PASSED] - click: Object: 'Object Repository/Final Object Repo/Page_Search Pending Case For Add Suporting Document/Edit' is clicked on

2018-12-12 10:40:43 - [MESSAGE][PASSED] - Object: 'Object Repository/Final Object Repo/Page_Search Pending Case For Add Suporting Document/Edit' is clicked on

2018-12-12 10:40:43 - [MESSAGE][PASSED] - Call Test Case 'Test Cases/Final Aug 2018 - PKS Automation/Registration Module/Workflow/Search Pending Case For Add Supporting Document (OTC)' successfully

2018-12-12 10:40:43 - [TEST_STEP][PASSED] - click: Object: 'Object Repository/Final Object Repo/Page_Update Employee Information By Employer/Page_Update Employee Information by Employer (Query -OTC -UO)/Next' is clicked on

2018-12-12 10:40:46 - [MESSAGE][PASSED] - Object: 'Object Repository/Final Object Repo/Page_Update Employee Information By Employer/Page_Update Employee Information by Employer (Query -OTC -UO)/Next' is clicked on

2018-12-12 10:40:46 - [TEST_STEP][PASSED] - delay: Delayed 2 second(s)

2018-12-12 10:40:48 - [MESSAGE][PASSED] - Delayed 2 second(s)

2018-12-12 10:40:48 - [TEST_STEP][PASSED] - click: Object: 'Object Repository/Final Object Repo/Page_Update Employee Information By Employer/Page_Update Employee Information by Employer (Query -OTC -UO)/Add Document Button' is clicked on

2018-12-12 10:40:49 - [MESSAGE][PASSED] - Object: 'Object Repository/Final Object Repo/Page_Update Employee Information By Employer/Page_Update Employee Information by Employer (Query -OTC -UO)/Add Document Button' is clicked on

2018-12-12 10:40:49 - [TEST_STEP][PASSED] - delay: Delayed 5 second(s)

2018-12-12 10:40:54 - [MESSAGE][PASSED] - Delayed 5 second(s)

2018-12-12 10:40:54 - [TEST_STEP][PASSED] - click: Object: 'Object Repository/Final Object Repo/Page_Update Employee Information By Employer/Page_Update Employee Information by Employer (Query -OTC -UO)/Document Type' is clicked on

2018-12-12 10:40:54 - [MESSAGE][PASSED] - Object: 'Object Repository/Final Object Repo/Page_Update Employee Information By Employer/Page_Update Employee Information by Employer (Query -OTC -UO)/Document Type' is clicked on

2018-12-12 10:40:54 - [TEST_STEP][PASSED] - click: Object: 'Object Repository/Final Object Repo/Page_Update Employee Information By Employer/Page_Update Employee Information by Employer (Query -OTC -UO)/Document Type - Other' is clicked on

2018-12-12 10:40:54 - [MESSAGE][PASSED] - Object: 'Object Repository/Final Object Repo/Page_Update Employee Information By Employer/Page_Update Employee Information by Employer (Query -OTC -UO)/Document Type - Other' is clicked on

2018-12-12 10:40:54 - [TEST_STEP][PASSED] - sendKeys: Keys 'C:\Users\Public\Pictures\Sample Pictures\Koala.jpg' sent to object: 'Object Repository/Final Object Repo/Page_Update Employee Information By Employer/Page_Update Employee Information by Employer (Query -OTC -UO)/Upload File'

2018-12-12 10:40:54 - [MESSAGE][PASSED] - Keys 'C:\Users\Public\Pictures\Sample Pictures\Koala.jpg' sent to object: 'Object Repository/Final Object Repo/Page_Update Employee Information By Employer/Page_Update Employee Information by Employer (Query -OTC -UO)/Upload File'

2018-12-12 10:40:54 - [TEST_STEP][PASSED] - click: Object: 'Object Repository/Final Object Repo/Page_Update Employee Information By Employer/Page_Update Employee Information by Employer (Query -OTC -UO)/Add Document' is clicked on

2018-12-12 10:40:54 - [MESSAGE][PASSED] - Object: 'Object Repository/Final Object Repo/Page_Update Employee Information By Employer/Page_Update Employee Information by Employer (Query -OTC -UO)/Add Document' is clicked on

2018-12-12 10:40:54 - [TEST_STEP][PASSED] - delay: Delayed 2 second(s)

2018-12-12 10:40:56 - [MESSAGE][PASSED] - Delayed 2 second(s)

2018-12-12 10:40:56 - [TEST_STEP][PASSED] - click: Object: 'Object Repository/Final Object Repo/Page_Update Employee Information By Employer/Page_Update Employee Information by Employer (Query -OTC -UO)/Exit' is clicked on

2018-12-12 10:40:59 - [MESSAGE][PASSED] - Object: 'Object Repository/Final Object Repo/Page_Update Employee Information By Employer/Page_Update Employee Information by Employer (Query -OTC -UO)/Exit' is clicked on

2018-12-12 10:40:59 - [TEST_STEP][PASSED] - delay: Delayed 2 second(s)

2018-12-12 10:41:01 - [MESSAGE][PASSED] - Delayed 2 second(s)

2018-12-12 10:41:01 - [TEST_STEP][PASSED] - navigateToUrl: Navigate to 'https://assist2-uat.perkeso.gov.my/c/portal/logout' successfully

2018-12-12 10:41:02 - [MESSAGE][PASSED] - Navigate to 'https://assist2-uat.perkeso.gov.my/c/portal/logout' successfully

2018-12-12 10:41:02 - [TEST_STEP][PASSED] - delay: Delayed 2 second(s)

2018-12-12 10:41:04 - [MESSAGE][PASSED] - Delayed 2 second(s)

2018-12-12 10:41:04 - [TEST_STEP][PASSED] - callTestCase: Call Test Case 'Test Cases/Final Aug 2018 - PKS Automation/Registration Module/Workflow/Login and Search Case For Workflow' successfully

2018-12-12 10:41:04 - [TEST_CASE][PASSED] - Test Cases/Final Aug 2018 - PKS Automation/Registration Module/Workflow/Login and Search Case For Workflow: Test Cases/Final Aug 2018 - PKS Automation/Registration Module/Workflow/Login and Search Case For Workflow

2018-12-12 10:41:04 - [TEST_STEP][PASSED] - navigateToUrl: Navigate to 'https://assist2-uat.perkeso.gov.my/login' successfully

2018-12-12 10:41:04 - [MESSAGE][PASSED] - Navigate to 'https://assist2-uat.perkeso.gov.my/login' successfully

2018-12-12 10:41:04 - [TEST_STEP][PASSED] - setText: Text 'johoruo3@gmail.com' is set on object 'Object Repository/Final Object Repo/Login Page/Internal User/Email Address'

2018-12-12 10:41:04 - [MESSAGE][PASSED] - Text 'johoruo3@gmail.com' is set on object 'Object Repository/Final Object Repo/Login Page/Internal User/Email Address'

2018-12-12 10:41:04 - [TEST_STEP][PASSED] - click: Object: 'Object Repository/Final Object Repo/Login Page/Internal User/Next Button' is clicked on

2018-12-12 10:41:05 - [MESSAGE][PASSED] - Object: 'Object Repository/Final Object Repo/Login Page/Internal User/Next Button' is clicked on

2018-12-12 10:41:05 - [TEST_STEP][PASSED] - delay: Delayed 1 second(s)

2018-12-12 10:41:06 - [MESSAGE][PASSED] - Delayed 1 second(s)

2018-12-12 10:41:06 - [TEST_STEP][PASSED] - setEncryptedText: Text ****** has been set on object 'Object Repository/Final Object Repo/Login Page/Internal User/Password'

2018-12-12 10:41:06 - [MESSAGE][PASSED] - Text ****** has been set on object 'Object Repository/Final Object Repo/Login Page/Internal User/Password'

2018-12-12 10:41:06 - [TEST_STEP][PASSED] - click: Object: 'Object Repository/Final Object Repo/Login Page/Internal User/Login Button' is clicked on

2018-12-12 10:41:06 - [MESSAGE][PASSED] - Object: 'Object Repository/Final Object Repo/Login Page/Internal User/Login Button' is clicked on

2018-12-12 10:41:06 - [TEST_STEP][PASSED] - delay: Delayed 2 second(s)

2018-12-12 10:41:08 - [MESSAGE][PASSED] - Delayed 2 second(s)

2018-12-12 10:41:08 - [TEST_STEP][PASSED] - Statement - Try: Delayed 2 second(s)

2018-12-12 10:41:08 - [TEST_STEP][PASSED] - Statement - Checker = false: null

2018-12-12 10:41:08 - [TEST_STEP][PASSED] - Statement - Checker = com.kms.katalon.core.webui.keyword.WebUiBuiltInKeywords.verifyElementHasAttribute(com.kms.katalon.core.testobject.ObjectRepository.findTestObject(Final Object Repo/Landing Page/BM Detecting), "href", 20, OPTIONAL): Object 'Object Repository/Final Object Repo/Landing Page/BM Detecting' has attribute 'href'

2018-12-12 10:41:08 - [MESSAGE][PASSED] - Object 'Object Repository/Final Object Repo/Landing Page/BM Detecting' has attribute 'href'

2018-12-12 10:41:08 - [TEST_STEP][PASSED] - Statement - out.println(Checker): null

2018-12-12 10:41:08 - [TEST_STEP][PASSED] - Statement - If (Checker == false): null

2018-12-12 10:41:08 - [TEST_STEP][PASSED] - Statement - Else: null

2018-12-12 10:41:08 - [TEST_STEP][PASSED] - delay: Delayed 2 second(s)

2018-12-12 10:41:10 - [MESSAGE][PASSED] - Delayed 2 second(s)

2018-12-12 10:41:10 - [TEST_STEP][PASSED] - click: Object: 'Object Repository/Final Object Repo/Page_MyASSIST - ASSIST - Search Pending Case For Add Supporting Document/Search Information' is clicked on

2018-12-12 10:41:10 - [MESSAGE][PASSED] - Object: 'Object Repository/Final Object Repo/Page_MyASSIST - ASSIST - Search Pending Case For Add Supporting Document/Search Information' is clicked on

2018-12-12 10:41:10 - [TEST_STEP][PASSED] - delay: Delayed 3 second(s)

2018-12-12 10:41:13 - [MESSAGE][PASSED] - Delayed 3 second(s)

2018-12-12 10:41:13 - [TEST_STEP][PASSED] - sendKeys: Keys 'CUN122018C100005980' sent to object: 'Object Repository/Final Object Repo/Page_MyASSIST - ASSIST - Search Pending Case For Add Supporting Document/Reference No'

2018-12-12 10:41:13 - [MESSAGE][PASSED] - Keys 'CUN122018C100005980' sent to object: 'Object Repository/Final Object Repo/Page_MyASSIST - ASSIST - Search Pending Case For Add Supporting Document/Reference No'

2018-12-12 10:41:13 - [TEST_STEP][PASSED] - click: Object: 'Object Repository/Final Object Repo/Page_MyASSIST - ASSIST - Search Pending Case For Add Supporting Document/Search Reference No' is clicked on

2018-12-12 10:41:14 - [MESSAGE][PASSED] - Object: 'Object Repository/Final Object Repo/Page_MyASSIST - ASSIST - Search Pending Case For Add Supporting Document/Search Reference No' is clicked on

2018-12-12 10:41:14 - [TEST_STEP][PASSED] - delay: Delayed 2 second(s)

2018-12-12 10:41:16 - [MESSAGE][PASSED] - Delayed 2 second(s)

2018-12-12 10:41:16 - [TEST_STEP][PASSED] - click: Object: 'Object Repository/Final Object Repo/Page_MyASSIST - ASSIST - Search Pending Case For Add Supporting Document/Continue' is clicked on

2018-12-12 10:41:19 - [MESSAGE][PASSED] - Object: 'Object Repository/Final Object Repo/Page_MyASSIST - ASSIST - Search Pending Case For Add Supporting Document/Continue' is clicked on

2018-12-12 10:41:19 - [TEST_STEP][PASSED] - delay: Delayed 20 second(s)

2018-12-12 10:41:39 - [MESSAGE][PASSED] - Delayed 20 second(s)

2018-12-12 10:41:39 - [MESSAGE][PASSED] - Call Test Case 'Test Cases/Final Aug 2018 - PKS Automation/Registration Module/Workflow/Login and Search Case For Workflow' successfully

2018-12-12 10:41:39 - [TEST_STEP][PASSED] - click: Object: 'Object Repository/Final Object Repo/Page_Update Employee Information By Employer/Page_Update Employee Information by Employer (Approve)/Continue' is clicked on

2018-12-12 10:41:43 - [MESSAGE][PASSED] - Object: 'Object Repository/Final Object Repo/Page_Update Employee Information By Employer/Page_Update Employee Information by Employer (Approve)/Continue' is clicked on

2018-12-12 10:41:43 - [TEST_STEP][PASSED] - delay: Delayed 2 second(s)

2018-12-12 10:41:45 - [MESSAGE][PASSED] - Delayed 2 second(s)

2018-12-12 10:41:45 - [TEST_STEP][PASSED] - click: Object: 'Object Repository/Final Object Repo/Page_Update Employee Information By Employer/Page_Update Employee Information by Employer (Approve)/Save  Continue in Update Employee Information Page' is clicked on

2018-12-12 10:41:45 - [MESSAGE][PASSED] - Object: 'Object Repository/Final Object Repo/Page_Update Employee Information By Employer/Page_Update Employee Information by Employer (Approve)/Save  Continue in Update Employee Information Page' is clicked on

2018-12-12 10:41:45 - [TEST_STEP][PASSED] - delay: Delayed 4 second(s)

2018-12-12 10:41:49 - [MESSAGE][PASSED] - Delayed 4 second(s)

2018-12-12 10:41:49 - [TEST_STEP][PASSED] - click: Object: 'Object Repository/Final Object Repo/Page_Update Employee Information By Employer/Page_Update Employee Information by Employer (Approve)/Save  Continue in Upload Supporting Doucument Page' is clicked on

2018-12-12 10:41:49 - [MESSAGE][PASSED] - Object: 'Object Repository/Final Object Repo/Page_Update Employee Information By Employer/Page_Update Employee Information by Employer (Approve)/Save  Continue in Upload Supporting Doucument Page' is clicked on

2018-12-12 10:41:49 - [TEST_STEP][PASSED] - delay: Delayed 2 second(s)

2018-12-12 10:41:51 - [MESSAGE][PASSED] - Delayed 2 second(s)

2018-12-12 10:41:51 - [TEST_STEP][PASSED] - click: Object: 'Object Repository/Final Object Repo/Page_Update Employee Information By Employer/Page_Update Employee Information by Employer (Approve)/Approve' is clicked on

2018-12-12 10:41:53 - [MESSAGE][PASSED] - Object: 'Object Repository/Final Object Repo/Page_Update Employee Information By Employer/Page_Update Employee Information by Employer (Approve)/Approve' is clicked on

2018-12-12 10:41:53 - [TEST_STEP][PASSED] - delay: Delayed 2 second(s)

2018-12-12 10:41:55 - [MESSAGE][PASSED] - Delayed 2 second(s)

2018-12-12 10:41:55 - [TEST_STEP][PASSED] - click: Object: 'Object Repository/Final Object Repo/Page_Update Employee Information By Employer/Page_Update Employee Information by Employer (Approve)/Confirm' is clicked on

2018-12-12 10:41:55 - [MESSAGE][PASSED] - Object: 'Object Repository/Final Object Repo/Page_Update Employee Information By Employer/Page_Update Employee Information by Employer (Approve)/Confirm' is clicked on

2018-12-12 10:41:55 - [TEST_STEP][PASSED] - delay: Delayed 2 second(s)

2018-12-12 10:41:57 - [MESSAGE][PASSED] - Delayed 2 second(s)

2018-12-12 10:41:57 - [TEST_STEP][PASSED] - verifyElementVisible: Object 'Object Repository/Final Object Repo/Page_Update Employee Information By Employer/Page_Update Employee Information by Employer (Approve)/Successfull Message Submitted Successfully' is visible

2018-12-12 10:42:01 - [MESSAGE][PASSED] - Object 'Object Repository/Final Object Repo/Page_Update Employee Information By Employer/Page_Update Employee Information by Employer (Approve)/Successfull Message Submitted Successfully' is visible

2018-12-12 10:42:01 - [TEST_STEP][PASSED] - delay: Delayed 2 second(s)

2018-12-12 10:42:03 - [MESSAGE][PASSED] - Delayed 2 second(s)

2018-12-12 10:42:03 - [TEST_STEP][PASSED] - verifyElementVisible: Object 'Object Repository/Final Object Repo/Page_Update Employee Information By Employer/Page_Update Employee Information by Employer (Approve)/Letter of Successful update' is visible

2018-12-12 10:42:03 - [MESSAGE][PASSED] - Object 'Object Repository/Final Object Repo/Page_Update Employee Information By Employer/Page_Update Employee Information by Employer (Approve)/Letter of Successful update' is visible

2018-12-12 10:42:03 - [MESSAGE][PASSED] - Call Test Case 'Test Cases/Final Aug 2018 - PKS Automation/Registration Module/Workflow/Update Employee Information (Employer)/Template/Update Employee Information - Special Case - UO(Query)' successfully]]></system-out>
         <system-err><![CDATA[]]></system-err>
      </testcase>
      <testcase name="Test Cases/Final Aug 2018 - PKS Automation/Registration Module/Workflow/Update Employee Information (Employer)/PKRBO - UO (Reject)" classname="Test Cases/Final Aug 2018 - PKS Automation/Registration Module/Workflow/Update Employee Information (Employer)/PKRBO - UO (Reject)" status="PASSED">
         <system-out><![CDATA[2018-12-12 10:42:03 - [TEST_CASE][PASSED] - Test Cases/Final Aug 2018 - PKS Automation/Registration Module/Workflow/Update Employee Information (Employer)/PKRBO - UO (Reject): Test Cases/Final Aug 2018 - PKS Automation/Registration Module/Workflow/Update Employee Information (Employer)/PKRBO - UO (Reject)

2018-12-12 10:42:03 - [TEST_STEP][PASSED] - callTestCase: Call Test Case 'Test Cases/Final Aug 2018 - PKS Automation/Registration Module/Workflow/Update Employee Information (Employer)/Template/Update Employer Information - Special Case (PKRBO)' successfully

2018-12-12 10:42:03 - [TEST_CASE][PASSED] - Test Cases/Final Aug 2018 - PKS Automation/Registration Module/Workflow/Update Employee Information (Employer)/Template/Update Employer Information - Special Case (PKRBO): Test Cases/Final Aug 2018 - PKS Automation/Registration Module/Workflow/Update Employee Information (Employer)/Template/Update Employer Information - Special Case (PKRBO)

2018-12-12 10:42:03 - [TEST_STEP][PASSED] - openBrowser: Browser is opened with url: ''

2018-12-12 10:42:03 - [MESSAGE][WARNING] - A browser is already opened. Closing browser and opening a new one

2018-12-12 10:42:07 - [MESSAGE][PASSED] - Browser is opened with url: ''

2018-12-12 10:42:07 - [TEST_STEP][PASSED] - navigateToUrl: Navigate to 'https://assist2-uat.perkeso.gov.my/login' successfully

2018-12-12 10:42:08 - [MESSAGE][PASSED] - Navigate to 'https://assist2-uat.perkeso.gov.my/login' successfully

2018-12-12 10:42:08 - [TEST_STEP][PASSED] - setText: Text 'johorpkrbo1@gmail.com' is set on object 'Object Repository/Final Object Repo/Login Page/Internal User/Email Address'

2018-12-12 10:42:09 - [MESSAGE][PASSED] - Text 'johorpkrbo1@gmail.com' is set on object 'Object Repository/Final Object Repo/Login Page/Internal User/Email Address'

2018-12-12 10:42:09 - [TEST_STEP][PASSED] - click: Object: 'Object Repository/Final Object Repo/Login Page/Internal User/Next Button' is clicked on

2018-12-12 10:42:09 - [MESSAGE][PASSED] - Object: 'Object Repository/Final Object Repo/Login Page/Internal User/Next Button' is clicked on

2018-12-12 10:42:09 - [TEST_STEP][PASSED] - delay: Delayed 1 second(s)

2018-12-12 10:42:10 - [MESSAGE][PASSED] - Delayed 1 second(s)

2018-12-12 10:42:10 - [TEST_STEP][PASSED] - setEncryptedText: Text ****** has been set on object 'Object Repository/Final Object Repo/Login Page/Internal User/Password'

2018-12-12 10:42:10 - [MESSAGE][PASSED] - Text ****** has been set on object 'Object Repository/Final Object Repo/Login Page/Internal User/Password'

2018-12-12 10:42:10 - [TEST_STEP][PASSED] - click: Object: 'Object Repository/Final Object Repo/Login Page/Internal User/Login Button' is clicked on

2018-12-12 10:42:10 - [MESSAGE][PASSED] - Object: 'Object Repository/Final Object Repo/Login Page/Internal User/Login Button' is clicked on

2018-12-12 10:42:10 - [TEST_STEP][PASSED] - Statement - tester = com.kms.katalon.core.testobject.ObjectRepository.findTestObject(Final Object Repo/Landing Page/Select to English): Finding Test Object with id 'Object Repository/Final Object Repo/Landing Page/Select to English'

2018-12-12 10:42:11 - [TEST_STEP][PASSED] - Statement - Try: Delayed 2 second(s)

2018-12-12 10:42:11 - [TEST_STEP][PASSED] - Statement - Checker = com.kms.katalon.core.webui.keyword.WebUiBuiltInKeywords.verifyElementNotPresent(tester, 3): Web element with id: 'Object Repository/Final Object Repo/Landing Page/Select to English' located by 'By.xpath: //a[@class = 'taglib-language-list-text' and @lang = 'en-US' and (contains(text(), 'EN') or contains(., 'EN'))]' is not present after '3' second(s)

2018-12-12 10:42:12 - [MESSAGE][PASSED] - Web element with id: 'Object Repository/Final Object Repo/Landing Page/Select to English' located by 'By.xpath: //a[@class = 'taglib-language-list-text' and @lang = 'en-US' and (contains(text(), 'EN') or contains(., 'EN'))]' is not present after '3' second(s)

2018-12-12 10:42:12 - [TEST_STEP][PASSED] - Statement - If (Checker == false): null

2018-12-12 10:42:12 - [TEST_STEP][PASSED] - delay: Delayed 2 second(s)

2018-12-12 10:42:14 - [MESSAGE][PASSED] - Delayed 2 second(s)

2018-12-12 10:42:14 - [TEST_STEP][PASSED] - delay: Delayed 5 second(s)

2018-12-12 10:42:19 - [MESSAGE][PASSED] - Delayed 5 second(s)

2018-12-12 10:42:19 - [TEST_STEP][PASSED] - navigateToUrl: Navigate to 'https://assist2-uat.perkeso.gov.my/web/registration/update/update-employee-information-employer-' successfully

2018-12-12 10:42:20 - [MESSAGE][PASSED] - Navigate to 'https://assist2-uat.perkeso.gov.my/web/registration/update/update-employee-information-employer-' successfully

2018-12-12 10:42:20 - [TEST_STEP][PASSED] - setText: Text 'E1102001065V' is set on object 'Object Repository/Final Object Repo/Page_Update Employee Information By Employer/Employer Code'

2018-12-12 10:42:21 - [MESSAGE][PASSED] - Text 'E1102001065V' is set on object 'Object Repository/Final Object Repo/Page_Update Employee Information By Employer/Employer Code'

2018-12-12 10:42:21 - [TEST_STEP][PASSED] - click: Object: 'Object Repository/Final Object Repo/Page_Update Employee Information By Employer/Search Employer Code' is clicked on

2018-12-12 10:42:21 - [MESSAGE][PASSED] - Object: 'Object Repository/Final Object Repo/Page_Update Employee Information By Employer/Search Employer Code' is clicked on

2018-12-12 10:42:21 - [TEST_STEP][PASSED] - click: Object: 'Object Repository/Final Object Repo/Page_Update Employee Information By Employer/Edit Button' is clicked on

2018-12-12 10:42:25 - [MESSAGE][PASSED] - Object: 'Object Repository/Final Object Repo/Page_Update Employee Information By Employer/Edit Button' is clicked on

2018-12-12 10:42:25 - [TEST_STEP][PASSED] - click: Object: 'Object Repository/Final Object Repo/Page_Update Employee Information By Employer/Employee Name or New Identification' is clicked on

2018-12-12 10:42:25 - [MESSAGE][PASSED] - Object: 'Object Repository/Final Object Repo/Page_Update Employee Information By Employer/Employee Name or New Identification' is clicked on

2018-12-12 10:42:25 - [TEST_STEP][PASSED] - delay: Delayed 1 second(s)

2018-12-12 10:42:26 - [MESSAGE][PASSED] - Delayed 1 second(s)

2018-12-12 10:42:26 - [TEST_STEP][PASSED] - click: Object: 'Object Repository/Final Object Repo/Page_Update Employee Information By Employer/Selection - Employee Name' is clicked on

2018-12-12 10:42:26 - [MESSAGE][PASSED] - Object: 'Object Repository/Final Object Repo/Page_Update Employee Information By Employer/Selection - Employee Name' is clicked on

2018-12-12 10:42:26 - [TEST_STEP][PASSED] - delay: Delayed 1 second(s)

2018-12-12 10:42:27 - [MESSAGE][PASSED] - Delayed 1 second(s)

2018-12-12 10:42:27 - [TEST_STEP][PASSED] - setText: Text 'PERKESO' is set on object 'Object Repository/Final Object Repo/Page_Update Employee Information By Employer/Employee Name'

2018-12-12 10:42:27 - [MESSAGE][PASSED] - Text 'PERKESO' is set on object 'Object Repository/Final Object Repo/Page_Update Employee Information By Employer/Employee Name'

2018-12-12 10:42:27 - [TEST_STEP][PASSED] - delay: Delayed 2 second(s)

2018-12-12 10:42:29 - [MESSAGE][PASSED] - Delayed 2 second(s)

2018-12-12 10:42:29 - [TEST_STEP][PASSED] - click: Object: 'Object Repository/Final Object Repo/Page_Update Employee Information By Employer/Search Employee' is clicked on

2018-12-12 10:42:29 - [MESSAGE][PASSED] - Object: 'Object Repository/Final Object Repo/Page_Update Employee Information By Employer/Search Employee' is clicked on

2018-12-12 10:42:29 - [TEST_STEP][PASSED] - delay: Delayed 3 second(s)

2018-12-12 10:42:32 - [MESSAGE][PASSED] - Delayed 3 second(s)

2018-12-12 10:42:32 - [TEST_STEP][PASSED] - click: Object: 'Object Repository/Final Object Repo/Page_Update Employee Information By Employer/Employee Edit Button' is clicked on

2018-12-12 10:42:33 - [MESSAGE][PASSED] - Object: 'Object Repository/Final Object Repo/Page_Update Employee Information By Employer/Employee Edit Button' is clicked on

2018-12-12 10:42:33 - [TEST_STEP][PASSED] - delay: Delayed 3 second(s)

2018-12-12 10:42:36 - [MESSAGE][PASSED] - Delayed 3 second(s)

2018-12-12 10:42:36 - [TEST_STEP][PASSED] - setText: Text '' is set on object 'Object Repository/Final Object Repo/Page_Update Employee Information By Employer/Identification Number'

2018-12-12 10:42:36 - [MESSAGE][PASSED] - Text '' is set on object 'Object Repository/Final Object Repo/Page_Update Employee Information By Employer/Identification Number'

2018-12-12 10:42:36 - [TEST_STEP][PASSED] - Statement - rnd = new java.util.Random(): null

2018-12-12 10:42:36 - [TEST_STEP][PASSED] - Statement - snum = rnd.nextInt(899999 + 1) + 100000: null

2018-12-12 10:42:36 - [TEST_STEP][PASSED] - Statement - tnum = rnd.nextInt(899999 + 1) + 100000: null

2018-12-12 10:42:36 - [TEST_STEP][PASSED] - Statement - IC = java.lang.Integer.toString(snum) + java.lang.Integer.toString(tnum): null

2018-12-12 10:42:36 - [TEST_STEP][PASSED] - Statement - out.println(IC): null

2018-12-12 10:42:36 - [TEST_STEP][PASSED] - setText: Text '795580585218' is set on object 'Object Repository/Final Object Repo/Page_Update Employee Information By Employer/Identification Number'

2018-12-12 10:42:36 - [MESSAGE][PASSED] - Text '795580585218' is set on object 'Object Repository/Final Object Repo/Page_Update Employee Information By Employer/Identification Number'

2018-12-12 10:42:36 - [TEST_STEP][PASSED] - click: Object: 'Object Repository/Final Object Repo/Page_Update Employee Information By Employer/Save' is clicked on

2018-12-12 10:42:36 - [MESSAGE][PASSED] - Object: 'Object Repository/Final Object Repo/Page_Update Employee Information By Employer/Save' is clicked on

2018-12-12 10:42:36 - [TEST_STEP][PASSED] - delay: Delayed 5 second(s)

2018-12-12 10:42:41 - [MESSAGE][PASSED] - Delayed 5 second(s)

2018-12-12 10:42:41 - [TEST_STEP][PASSED] - Statement - CaseReferenceNo = com.kms.katalon.core.webui.keyword.WebUiBuiltInKeywords.getText(com.kms.katalon.core.testobject.ObjectRepository.findTestObject(Final Object Repo/Reference Number/Reference Number in Update Employee Information Page)): Text of object 'Object Repository/Final Object Repo/Reference Number/Reference Number in Update Employee Information Page' is: 'CUN122018C100005981'

2018-12-12 10:42:42 - [MESSAGE][PASSED] - Text of object 'Object Repository/Final Object Repo/Reference Number/Reference Number in Update Employee Information Page' is: 'CUN122018C100005981'

2018-12-12 10:42:42 - [TEST_STEP][PASSED] - callTestCase: Call Test Case 'Test Cases/Final Aug 2018 - PKS Automation/Common/Reference Number Setter' successfully

2018-12-12 10:42:42 - [TEST_CASE][PASSED] - Test Cases/Final Aug 2018 - PKS Automation/Common/Reference Number Setter: Test Cases/Final Aug 2018 - PKS Automation/Common/Reference Number Setter

2018-12-12 10:42:42 - [TEST_STEP][PASSED] - Statement - RefNoOldFile = new java.io.File(C://Users//Admin//Desktop//PKS//Automation Reference Point//KatalonReference.txt): null

2018-12-12 10:42:42 - [TEST_STEP][PASSED] - Statement - RefNoOldFile.delete(): null

2018-12-12 10:42:42 - [TEST_STEP][PASSED] - delay: Delayed 5 second(s)

2018-12-12 10:42:47 - [MESSAGE][PASSED] - Delayed 5 second(s)

2018-12-12 10:42:47 - [TEST_STEP][PASSED] - Statement - RefNo = new java.io.File(C://Users//Admin//Desktop//PKS//Automation Reference Point//KatalonReference.txt): null

2018-12-12 10:42:47 - [TEST_STEP][PASSED] - Statement - f2 = new java.io.FileWriter(RefNo, false): null

2018-12-12 10:42:47 - [TEST_STEP][PASSED] - Statement - f2.write(CaseReferenceNo): null

2018-12-12 10:42:47 - [TEST_STEP][PASSED] - Statement - f2.close(): null

2018-12-12 10:42:47 - [TEST_STEP][PASSED] - Statement - out.println("


" + CaseReferenceNo + "


"): null

2018-12-12 10:42:47 - [MESSAGE][PASSED] - Call Test Case 'Test Cases/Final Aug 2018 - PKS Automation/Common/Reference Number Setter' successfully

2018-12-12 10:42:47 - [TEST_STEP][PASSED] - delay: Delayed 5 second(s)

2018-12-12 10:42:52 - [MESSAGE][PASSED] - Delayed 5 second(s)

2018-12-12 10:42:52 - [TEST_STEP][PASSED] - click: Object: 'Object Repository/Final Object Repo/Page_Update Employee Information By Employer/Save  Continue in  Employee Information Page' is clicked on

2018-12-12 10:42:52 - [MESSAGE][PASSED] - Object: 'Object Repository/Final Object Repo/Page_Update Employee Information By Employer/Save  Continue in  Employee Information Page' is clicked on

2018-12-12 10:42:52 - [TEST_STEP][PASSED] - delay: Delayed 5 second(s)

2018-12-12 10:42:57 - [MESSAGE][PASSED] - Delayed 5 second(s)

2018-12-12 10:42:57 - [TEST_STEP][PASSED] - click: Object: 'Object Repository/Final Object Repo/Page_Update Employee Information By Employer/Save  Continue in Uploading Page 1' is clicked on

2018-12-12 10:42:57 - [MESSAGE][PASSED] - Object: 'Object Repository/Final Object Repo/Page_Update Employee Information By Employer/Save  Continue in Uploading Page 1' is clicked on

2018-12-12 10:42:57 - [TEST_STEP][PASSED] - delay: Delayed 5 second(s)

2018-12-12 10:43:02 - [MESSAGE][PASSED] - Delayed 5 second(s)

2018-12-12 10:43:02 - [TEST_STEP][PASSED] - click: Object: 'Object Repository/Final Object Repo/Page_Update Employee Information By Employer/Submit' is clicked on

2018-12-12 10:43:02 - [MESSAGE][PASSED] - Object: 'Object Repository/Final Object Repo/Page_Update Employee Information By Employer/Submit' is clicked on

2018-12-12 10:43:02 - [TEST_STEP][PASSED] - delay: Delayed 5 second(s)

2018-12-12 10:43:07 - [MESSAGE][PASSED] - Delayed 5 second(s)

2018-12-12 10:43:07 - [TEST_STEP][PASSED] - click: Object: 'Object Repository/Final Object Repo/Page_Update Employee Information By Employer/Confirm' is clicked on

2018-12-12 10:43:07 - [MESSAGE][PASSED] - Object: 'Object Repository/Final Object Repo/Page_Update Employee Information By Employer/Confirm' is clicked on

2018-12-12 10:43:07 - [TEST_STEP][PASSED] - delay: Delayed 5 second(s)

2018-12-12 10:43:12 - [MESSAGE][PASSED] - Delayed 5 second(s)

2018-12-12 10:43:12 - [TEST_STEP][PASSED] - verifyElementVisible: Object 'Object Repository/Final Object Repo/Page_Update Employee Information By Employer/Successfull Message Routed to UO' is visible

2018-12-12 10:43:13 - [MESSAGE][PASSED] - Object 'Object Repository/Final Object Repo/Page_Update Employee Information By Employer/Successfull Message Routed to UO' is visible

2018-12-12 10:43:13 - [MESSAGE][PASSED] - Call Test Case 'Test Cases/Final Aug 2018 - PKS Automation/Registration Module/Workflow/Update Employee Information (Employer)/Template/Update Employer Information - Special Case (PKRBO)' successfully

2018-12-12 10:43:13 - [TEST_STEP][PASSED] - callTestCase: Call Test Case 'Test Cases/Final Aug 2018 - PKS Automation/Registration Module/Workflow/Update Employee Information (Employer)/Template/Update Employee Information - Special Case - UO (Reject)' successfully

2018-12-12 10:43:13 - [TEST_CASE][PASSED] - Test Cases/Final Aug 2018 - PKS Automation/Registration Module/Workflow/Update Employee Information (Employer)/Template/Update Employee Information - Special Case - UO (Reject): Test Cases/Final Aug 2018 - PKS Automation/Registration Module/Workflow/Update Employee Information (Employer)/Template/Update Employee Information - Special Case - UO (Reject)

2018-12-12 10:43:13 - [TEST_STEP][NOT_RUN] - callTestCase: NOT_RUN: callTestCase

2018-12-12 10:43:13 - [MESSAGE][NOT_RUN] - NOT_RUN: callTestCase

2018-12-12 10:43:13 - [TEST_STEP][PASSED] - delay: Delayed 2 second(s)

2018-12-12 10:43:15 - [MESSAGE][PASSED] - Delayed 2 second(s)

2018-12-12 10:43:15 - [TEST_STEP][PASSED] - navigateToUrl: Navigate to 'https://assist2-uat.perkeso.gov.my/c/portal/logout' successfully

2018-12-12 10:43:15 - [MESSAGE][PASSED] - Navigate to 'https://assist2-uat.perkeso.gov.my/c/portal/logout' successfully

2018-12-12 10:43:15 - [TEST_STEP][PASSED] - delay: Delayed 2 second(s)

2018-12-12 10:43:17 - [MESSAGE][PASSED] - Delayed 2 second(s)

2018-12-12 10:43:17 - [TEST_STEP][PASSED] - callTestCase: Call Test Case 'Test Cases/Final Aug 2018 - PKS Automation/Common/Reference Number Getter' successfully

2018-12-12 10:43:17 - [TEST_CASE][PASSED] - Test Cases/Final Aug 2018 - PKS Automation/Common/Reference Number Getter: Test Cases/Final Aug 2018 - PKS Automation/Common/Reference Number Getter

2018-12-12 10:43:17 - [TEST_STEP][PASSED] - Statement - Try: null

2018-12-12 10:43:17 - [TEST_STEP][PASSED] - Statement - RefNo = new java.io.File(C://Users//Admin//Desktop//PKS//Automation Reference Point//KatalonReference.txt): null

2018-12-12 10:43:17 - [TEST_STEP][PASSED] - Statement - bufferread = new java.io.BufferedReader(new java.io.FileReader(RefNo)): null

2018-12-12 10:43:17 - [TEST_STEP][PASSED] - Statement - readedVal = bufferread.readLine(): null

2018-12-12 10:43:17 - [TEST_STEP][PASSED] - Statement - out.println(CaseReferenceNo): null

2018-12-12 10:43:17 - [TEST_STEP][PASSED] - Statement - out.println(readedVal): null

2018-12-12 10:43:17 - [TEST_STEP][PASSED] - Statement - CaseReferenceNo = "": null

2018-12-12 10:43:17 - [TEST_STEP][PASSED] - Statement - CaseReferenceNo = readedVal: null

2018-12-12 10:43:17 - [MESSAGE][PASSED] - Call Test Case 'Test Cases/Final Aug 2018 - PKS Automation/Common/Reference Number Getter' successfully

2018-12-12 10:43:17 - [TEST_STEP][PASSED] - callTestCase: Call Test Case 'Test Cases/Final Aug 2018 - PKS Automation/Common/Workflow Owner Finder' successfully

2018-12-12 10:43:17 - [TEST_CASE][PASSED] - Test Cases/Final Aug 2018 - PKS Automation/Common/Workflow Owner Finder: Test Cases/Final Aug 2018 - PKS Automation/Common/Workflow Owner Finder

2018-12-12 10:43:17 - [TEST_STEP][PASSED] - openBrowser: Browser is opened with url: ''

2018-12-12 10:43:17 - [MESSAGE][WARNING] - A browser is already opened. Closing browser and opening a new one

2018-12-12 10:43:22 - [MESSAGE][PASSED] - Browser is opened with url: ''

2018-12-12 10:43:22 - [TEST_STEP][PASSED] - navigateToUrl: Navigate to 'https://assist2-uat.perkeso.gov.my/login' successfully

2018-12-12 10:43:23 - [MESSAGE][PASSED] - Navigate to 'https://assist2-uat.perkeso.gov.my/login' successfully

2018-12-12 10:43:23 - [TEST_STEP][PASSED] - delay: Delayed 5 second(s)

2018-12-12 10:43:28 - [MESSAGE][PASSED] - Delayed 5 second(s)

2018-12-12 10:43:28 - [TEST_STEP][PASSED] - setText: Text 'test@liferay.com' is set on object 'Object Repository/Final Object Repo/Login Page/Internal User/Email Address'

2018-12-12 10:43:28 - [MESSAGE][PASSED] - Text 'test@liferay.com' is set on object 'Object Repository/Final Object Repo/Login Page/Internal User/Email Address'

2018-12-12 10:43:28 - [TEST_STEP][PASSED] - click: Object: 'Object Repository/Final Object Repo/Login Page/Internal User/Next Button' is clicked on

2018-12-12 10:43:28 - [MESSAGE][PASSED] - Object: 'Object Repository/Final Object Repo/Login Page/Internal User/Next Button' is clicked on

2018-12-12 10:43:28 - [TEST_STEP][PASSED] - delay: Delayed 2 second(s)

2018-12-12 10:43:30 - [MESSAGE][PASSED] - Delayed 2 second(s)

2018-12-12 10:43:30 - [TEST_STEP][PASSED] - setText: Text 'test' is set on object 'Object Repository/Final Object Repo/Login Page/Internal User/Password'

2018-12-12 10:43:31 - [MESSAGE][PASSED] - Text 'test' is set on object 'Object Repository/Final Object Repo/Login Page/Internal User/Password'

2018-12-12 10:43:31 - [TEST_STEP][PASSED] - delay: Delayed 2 second(s)

2018-12-12 10:43:33 - [MESSAGE][PASSED] - Delayed 2 second(s)

2018-12-12 10:43:33 - [TEST_STEP][PASSED] - click: Object: 'Object Repository/Final Object Repo/Login Page/Internal User/Login Button' is clicked on

2018-12-12 10:43:33 - [MESSAGE][PASSED] - Object: 'Object Repository/Final Object Repo/Login Page/Internal User/Login Button' is clicked on

2018-12-12 10:43:33 - [TEST_STEP][PASSED] - Statement - tester = com.kms.katalon.core.testobject.ObjectRepository.findTestObject(Final Object Repo/Landing Page/Select to English): Finding Test Object with id 'Object Repository/Final Object Repo/Landing Page/Select to English'

2018-12-12 10:43:33 - [TEST_STEP][PASSED] - Statement - Try: Delayed 2 second(s)

2018-12-12 10:43:33 - [TEST_STEP][PASSED] - Statement - Checker = com.kms.katalon.core.webui.keyword.WebUiBuiltInKeywords.verifyElementNotPresent(tester, 3): Web element with id: 'Object Repository/Final Object Repo/Landing Page/Select to English' located by 'By.xpath: //a[@class = 'taglib-language-list-text' and @lang = 'en-US' and (contains(text(), 'EN') or contains(., 'EN'))]' is not present after '3' second(s)

2018-12-12 10:43:35 - [MESSAGE][PASSED] - Web element with id: 'Object Repository/Final Object Repo/Landing Page/Select to English' located by 'By.xpath: //a[@class = 'taglib-language-list-text' and @lang = 'en-US' and (contains(text(), 'EN') or contains(., 'EN'))]' is not present after '3' second(s)

2018-12-12 10:43:35 - [TEST_STEP][PASSED] - Statement - If (Checker == false): null

2018-12-12 10:43:35 - [TEST_STEP][PASSED] - delay: Delayed 2 second(s)

2018-12-12 10:43:37 - [MESSAGE][PASSED] - Delayed 2 second(s)

2018-12-12 10:43:37 - [TEST_STEP][PASSED] - delay: Delayed 5 second(s)

2018-12-12 10:43:42 - [MESSAGE][PASSED] - Delayed 5 second(s)

2018-12-12 10:43:42 - [TEST_STEP][PASSED] - mouseOver: Object: 'Object Repository/Final Object Repo/Landing Page/WorkFlow Menu' is hovered

2018-12-12 10:43:42 - [MESSAGE][PASSED] - Object: 'Object Repository/Final Object Repo/Landing Page/WorkFlow Menu' is hovered

2018-12-12 10:43:42 - [TEST_STEP][PASSED] - delay: Delayed 2 second(s)

2018-12-12 10:43:44 - [MESSAGE][PASSED] - Delayed 2 second(s)

2018-12-12 10:43:44 - [TEST_STEP][PASSED] - click: Object: 'Object Repository/Final Object Repo/Landing Page/Select to Workflow Listing' is clicked on

2018-12-12 10:43:45 - [MESSAGE][PASSED] - Object: 'Object Repository/Final Object Repo/Landing Page/Select to Workflow Listing' is clicked on

2018-12-12 10:43:45 - [TEST_STEP][PASSED] - delay: Delayed 2 second(s)

2018-12-12 10:43:47 - [MESSAGE][PASSED] - Delayed 2 second(s)

2018-12-12 10:43:47 - [TEST_STEP][PASSED] - click: Object: 'Object Repository/Final Object Repo/WorkFlow Listing Page/Search Information - To Put Ref No' is clicked on

2018-12-12 10:43:47 - [MESSAGE][PASSED] - Object: 'Object Repository/Final Object Repo/WorkFlow Listing Page/Search Information - To Put Ref No' is clicked on

2018-12-12 10:43:47 - [TEST_STEP][PASSED] - delay: Delayed 2 second(s)

2018-12-12 10:43:49 - [MESSAGE][PASSED] - Delayed 2 second(s)

2018-12-12 10:43:49 - [TEST_STEP][PASSED] - callTestCase: Call Test Case 'Test Cases/Final Aug 2018 - PKS Automation/Common/Reference Number Getter' successfully

2018-12-12 10:43:49 - [TEST_CASE][PASSED] - Test Cases/Final Aug 2018 - PKS Automation/Common/Reference Number Getter: Test Cases/Final Aug 2018 - PKS Automation/Common/Reference Number Getter

2018-12-12 10:43:49 - [TEST_STEP][PASSED] - Statement - Try: null

2018-12-12 10:43:49 - [TEST_STEP][PASSED] - Statement - RefNo = new java.io.File(C://Users//Admin//Desktop//PKS//Automation Reference Point//KatalonReference.txt): null

2018-12-12 10:43:49 - [TEST_STEP][PASSED] - Statement - bufferread = new java.io.BufferedReader(new java.io.FileReader(RefNo)): null

2018-12-12 10:43:49 - [TEST_STEP][PASSED] - Statement - readedVal = bufferread.readLine(): null

2018-12-12 10:43:49 - [TEST_STEP][PASSED] - Statement - out.println(CaseReferenceNo): null

2018-12-12 10:43:49 - [TEST_STEP][PASSED] - Statement - out.println(readedVal): null

2018-12-12 10:43:49 - [TEST_STEP][PASSED] - Statement - CaseReferenceNo = "": null

2018-12-12 10:43:49 - [TEST_STEP][PASSED] - Statement - CaseReferenceNo = readedVal: null

2018-12-12 10:43:49 - [MESSAGE][PASSED] - Call Test Case 'Test Cases/Final Aug 2018 - PKS Automation/Common/Reference Number Getter' successfully

2018-12-12 10:43:49 - [TEST_STEP][PASSED] - setText: Text 'CUN122018C100005981' is set on object 'Object Repository/Final Object Repo/WorkFlow Listing Page/Ref No Set Text'

2018-12-12 10:43:49 - [MESSAGE][PASSED] - Text 'CUN122018C100005981' is set on object 'Object Repository/Final Object Repo/WorkFlow Listing Page/Ref No Set Text'

2018-12-12 10:43:49 - [TEST_STEP][PASSED] - delay: Delayed 2 second(s)

2018-12-12 10:43:51 - [MESSAGE][PASSED] - Delayed 2 second(s)

2018-12-12 10:43:51 - [TEST_STEP][PASSED] - click: Object: 'Object Repository/Final Object Repo/WorkFlow Listing Page/Search Ref No Search Button' is clicked on

2018-12-12 10:43:52 - [MESSAGE][PASSED] - Object: 'Object Repository/Final Object Repo/WorkFlow Listing Page/Search Ref No Search Button' is clicked on

2018-12-12 10:43:52 - [TEST_STEP][PASSED] - delay: Delayed 6 second(s)

2018-12-12 10:43:58 - [MESSAGE][PASSED] - Delayed 6 second(s)

2018-12-12 10:43:58 - [TEST_STEP][PASSED] - click: Object: 'Object Repository/Final Object Repo/WorkFlow Listing Page/Click Continue Tooltip' is clicked on

2018-12-12 10:43:59 - [MESSAGE][PASSED] - Object: 'Object Repository/Final Object Repo/WorkFlow Listing Page/Click Continue Tooltip' is clicked on

2018-12-12 10:43:59 - [TEST_STEP][PASSED] - delay: Delayed 5 second(s)

2018-12-12 10:44:04 - [MESSAGE][PASSED] - Delayed 5 second(s)

2018-12-12 10:44:04 - [TEST_STEP][PASSED] - doubleClick: Object: 'Object Repository/Final Object Repo/WorkFlow Listing Page/Workflow Found - Listing 1' is double clicked on

2018-12-12 10:44:04 - [MESSAGE][PASSED] - Object: 'Object Repository/Final Object Repo/WorkFlow Listing Page/Workflow Found - Listing 1' is double clicked on

2018-12-12 10:44:04 - [TEST_STEP][PASSED] - Statement - println(OwnerID): null

2018-12-12 10:44:04 - [TEST_STEP][PASSED] - Statement - OwnerID = com.kms.katalon.core.webui.keyword.WebUiBuiltInKeywords.getText(com.kms.katalon.core.testobject.ObjectRepository.findTestObject(Final Object Repo/WorkFlow Listing Page/Workflow Found - Listing 1), STOP_ON_FAILURE): Text of object 'Object Repository/Final Object Repo/WorkFlow Listing Page/Workflow Found - Listing 1' is: 'JOHORuo1'

2018-12-12 10:44:04 - [MESSAGE][PASSED] - Text of object 'Object Repository/Final Object Repo/WorkFlow Listing Page/Workflow Found - Listing 1' is: 'JOHORuo1'

2018-12-12 10:44:04 - [TEST_STEP][PASSED] - Statement - OwnerID = OwnerID.toLowerCase() + "@gmail.com": null

2018-12-12 10:44:04 - [TEST_STEP][PASSED] - Statement - println(OwnerID): null

2018-12-12 10:44:04 - [TEST_STEP][PASSED] - delay: Delayed 2 second(s)

2018-12-12 10:44:06 - [MESSAGE][PASSED] - Delayed 2 second(s)

2018-12-12 10:44:06 - [MESSAGE][PASSED] - Call Test Case 'Test Cases/Final Aug 2018 - PKS Automation/Common/Workflow Owner Finder' successfully

2018-12-12 10:44:06 - [TEST_STEP][PASSED] - delay: Delayed 2 second(s)

2018-12-12 10:44:08 - [MESSAGE][PASSED] - Delayed 2 second(s)

2018-12-12 10:44:08 - [TEST_STEP][PASSED] - navigateToUrl: Navigate to 'https://assist2-uat.perkeso.gov.my/c/portal/logout' successfully

2018-12-12 10:44:09 - [MESSAGE][PASSED] - Navigate to 'https://assist2-uat.perkeso.gov.my/c/portal/logout' successfully

2018-12-12 10:44:09 - [TEST_STEP][PASSED] - delay: Delayed 2 second(s)

2018-12-12 10:44:11 - [MESSAGE][PASSED] - Delayed 2 second(s)

2018-12-12 10:44:11 - [TEST_STEP][PASSED] - callTestCase: Call Test Case 'Test Cases/Final Aug 2018 - PKS Automation/Registration Module/Workflow/Login and Search Case For Workflow' successfully

2018-12-12 10:44:11 - [TEST_CASE][PASSED] - Test Cases/Final Aug 2018 - PKS Automation/Registration Module/Workflow/Login and Search Case For Workflow: Test Cases/Final Aug 2018 - PKS Automation/Registration Module/Workflow/Login and Search Case For Workflow

2018-12-12 10:44:11 - [TEST_STEP][PASSED] - navigateToUrl: Navigate to 'https://assist2-uat.perkeso.gov.my/login' successfully

2018-12-12 10:44:11 - [MESSAGE][PASSED] - Navigate to 'https://assist2-uat.perkeso.gov.my/login' successfully

2018-12-12 10:44:11 - [TEST_STEP][PASSED] - setText: Text 'johoruo1@gmail.com' is set on object 'Object Repository/Final Object Repo/Login Page/Internal User/Email Address'

2018-12-12 10:44:11 - [MESSAGE][PASSED] - Text 'johoruo1@gmail.com' is set on object 'Object Repository/Final Object Repo/Login Page/Internal User/Email Address'

2018-12-12 10:44:11 - [TEST_STEP][PASSED] - click: Object: 'Object Repository/Final Object Repo/Login Page/Internal User/Next Button' is clicked on

2018-12-12 10:44:12 - [MESSAGE][PASSED] - Object: 'Object Repository/Final Object Repo/Login Page/Internal User/Next Button' is clicked on

2018-12-12 10:44:12 - [TEST_STEP][PASSED] - delay: Delayed 1 second(s)

2018-12-12 10:44:13 - [MESSAGE][PASSED] - Delayed 1 second(s)

2018-12-12 10:44:13 - [TEST_STEP][PASSED] - setEncryptedText: Text ****** has been set on object 'Object Repository/Final Object Repo/Login Page/Internal User/Password'

2018-12-12 10:44:13 - [MESSAGE][PASSED] - Text ****** has been set on object 'Object Repository/Final Object Repo/Login Page/Internal User/Password'

2018-12-12 10:44:13 - [TEST_STEP][PASSED] - click: Object: 'Object Repository/Final Object Repo/Login Page/Internal User/Login Button' is clicked on

2018-12-12 10:44:13 - [MESSAGE][PASSED] - Object: 'Object Repository/Final Object Repo/Login Page/Internal User/Login Button' is clicked on

2018-12-12 10:44:13 - [TEST_STEP][PASSED] - delay: Delayed 2 second(s)

2018-12-12 10:44:15 - [MESSAGE][PASSED] - Delayed 2 second(s)

2018-12-12 10:44:15 - [TEST_STEP][PASSED] - Statement - Try: Delayed 2 second(s)

2018-12-12 10:44:15 - [TEST_STEP][PASSED] - Statement - Checker = false: null

2018-12-12 10:44:15 - [TEST_STEP][PASSED] - Statement - Checker = com.kms.katalon.core.webui.keyword.WebUiBuiltInKeywords.verifyElementHasAttribute(com.kms.katalon.core.testobject.ObjectRepository.findTestObject(Final Object Repo/Landing Page/BM Detecting), "href", 20, OPTIONAL): Object 'Object Repository/Final Object Repo/Landing Page/BM Detecting' has attribute 'href'

2018-12-12 10:44:15 - [MESSAGE][PASSED] - Object 'Object Repository/Final Object Repo/Landing Page/BM Detecting' has attribute 'href'

2018-12-12 10:44:15 - [TEST_STEP][PASSED] - Statement - out.println(Checker): null

2018-12-12 10:44:15 - [TEST_STEP][PASSED] - Statement - If (Checker == false): null

2018-12-12 10:44:15 - [TEST_STEP][PASSED] - Statement - Else: null

2018-12-12 10:44:15 - [TEST_STEP][PASSED] - delay: Delayed 2 second(s)

2018-12-12 10:44:17 - [MESSAGE][PASSED] - Delayed 2 second(s)

2018-12-12 10:44:17 - [TEST_STEP][PASSED] - click: Object: 'Object Repository/Final Object Repo/Page_MyASSIST - ASSIST - Search Pending Case For Add Supporting Document/Search Information' is clicked on

2018-12-12 10:44:17 - [MESSAGE][PASSED] - Object: 'Object Repository/Final Object Repo/Page_MyASSIST - ASSIST - Search Pending Case For Add Supporting Document/Search Information' is clicked on

2018-12-12 10:44:17 - [TEST_STEP][PASSED] - delay: Delayed 3 second(s)

2018-12-12 10:44:20 - [MESSAGE][PASSED] - Delayed 3 second(s)

2018-12-12 10:44:20 - [TEST_STEP][PASSED] - sendKeys: Keys 'CUN122018C100005981' sent to object: 'Object Repository/Final Object Repo/Page_MyASSIST - ASSIST - Search Pending Case For Add Supporting Document/Reference No'

2018-12-12 10:44:21 - [MESSAGE][PASSED] - Keys 'CUN122018C100005981' sent to object: 'Object Repository/Final Object Repo/Page_MyASSIST - ASSIST - Search Pending Case For Add Supporting Document/Reference No'

2018-12-12 10:44:21 - [TEST_STEP][PASSED] - click: Object: 'Object Repository/Final Object Repo/Page_MyASSIST - ASSIST - Search Pending Case For Add Supporting Document/Search Reference No' is clicked on

2018-12-12 10:44:21 - [MESSAGE][PASSED] - Object: 'Object Repository/Final Object Repo/Page_MyASSIST - ASSIST - Search Pending Case For Add Supporting Document/Search Reference No' is clicked on

2018-12-12 10:44:21 - [TEST_STEP][PASSED] - delay: Delayed 2 second(s)

2018-12-12 10:44:23 - [MESSAGE][PASSED] - Delayed 2 second(s)

2018-12-12 10:44:23 - [TEST_STEP][PASSED] - click: Object: 'Object Repository/Final Object Repo/Page_MyASSIST - ASSIST - Search Pending Case For Add Supporting Document/Continue' is clicked on

2018-12-12 10:44:27 - [MESSAGE][PASSED] - Object: 'Object Repository/Final Object Repo/Page_MyASSIST - ASSIST - Search Pending Case For Add Supporting Document/Continue' is clicked on

2018-12-12 10:44:27 - [TEST_STEP][PASSED] - delay: Delayed 20 second(s)

2018-12-12 10:44:47 - [MESSAGE][PASSED] - Delayed 20 second(s)

2018-12-12 10:44:47 - [MESSAGE][PASSED] - Call Test Case 'Test Cases/Final Aug 2018 - PKS Automation/Registration Module/Workflow/Login and Search Case For Workflow' successfully

2018-12-12 10:44:47 - [TEST_STEP][PASSED] - delay: Delayed 2 second(s)

2018-12-12 10:44:49 - [MESSAGE][PASSED] - Delayed 2 second(s)

2018-12-12 10:44:49 - [TEST_STEP][PASSED] - click: Object: 'Object Repository/Final Object Repo/Page_Update Employee Information By Employer/Page_Update Employee Information by Employer (Approve)/Continue' is clicked on

2018-12-12 10:44:52 - [MESSAGE][PASSED] - Object: 'Object Repository/Final Object Repo/Page_Update Employee Information By Employer/Page_Update Employee Information by Employer (Approve)/Continue' is clicked on

2018-12-12 10:44:52 - [TEST_STEP][PASSED] - delay: Delayed 2 second(s)

2018-12-12 10:44:54 - [MESSAGE][PASSED] - Delayed 2 second(s)

2018-12-12 10:44:54 - [TEST_STEP][PASSED] - click: Object: 'Object Repository/Final Object Repo/Page_Update Employee Information By Employer/Page_Update Employee Information by Employer (Approve)/Save  Continue in Update Employee Information Page' is clicked on

2018-12-12 10:44:54 - [MESSAGE][PASSED] - Object: 'Object Repository/Final Object Repo/Page_Update Employee Information By Employer/Page_Update Employee Information by Employer (Approve)/Save  Continue in Update Employee Information Page' is clicked on

2018-12-12 10:44:54 - [TEST_STEP][PASSED] - delay: Delayed 4 second(s)

2018-12-12 10:44:58 - [MESSAGE][PASSED] - Delayed 4 second(s)

2018-12-12 10:44:58 - [TEST_STEP][PASSED] - click: Object: 'Object Repository/Final Object Repo/Page_Update Employee Information By Employer/Page_Update Employee Information by Employer (Approve)/Save  Continue in Upload Supporting Doucument Page' is clicked on

2018-12-12 10:44:58 - [MESSAGE][PASSED] - Object: 'Object Repository/Final Object Repo/Page_Update Employee Information By Employer/Page_Update Employee Information by Employer (Approve)/Save  Continue in Upload Supporting Doucument Page' is clicked on

2018-12-12 10:44:58 - [TEST_STEP][PASSED] - delay: Delayed 2 second(s)

2018-12-12 10:45:00 - [MESSAGE][PASSED] - Delayed 2 second(s)

2018-12-12 10:45:00 - [TEST_STEP][PASSED] - click: Object: 'Object Repository/Final Object Repo/Page_Update Employee Information By Employer/Page_Update Employee Information by Employer (Reject)/Reject' is clicked on

2018-12-12 10:45:02 - [MESSAGE][PASSED] - Object: 'Object Repository/Final Object Repo/Page_Update Employee Information By Employer/Page_Update Employee Information by Employer (Reject)/Reject' is clicked on

2018-12-12 10:45:02 - [TEST_STEP][PASSED] - delay: Delayed 2 second(s)

2018-12-12 10:45:04 - [MESSAGE][PASSED] - Delayed 2 second(s)

2018-12-12 10:45:04 - [TEST_STEP][PASSED] - click: Object: 'Object Repository/Final Object Repo/Page_Update Employee Information By Employer/Page_Update Employee Information by Employer (Approve)/Confirm' is clicked on

2018-12-12 10:45:04 - [MESSAGE][PASSED] - Object: 'Object Repository/Final Object Repo/Page_Update Employee Information By Employer/Page_Update Employee Information by Employer (Approve)/Confirm' is clicked on

2018-12-12 10:45:04 - [TEST_STEP][PASSED] - delay: Delayed 2 second(s)

2018-12-12 10:45:06 - [MESSAGE][PASSED] - Delayed 2 second(s)

2018-12-12 10:45:06 - [TEST_STEP][PASSED] - verifyElementVisible: Object 'Object Repository/Final Object Repo/Page_Update Employee Information By Employer/Page_Update Employee Information by Employer (Reject)/Rejected Messeage This Case has been Rejecte' is visible

2018-12-12 10:45:09 - [MESSAGE][PASSED] - Object 'Object Repository/Final Object Repo/Page_Update Employee Information By Employer/Page_Update Employee Information by Employer (Reject)/Rejected Messeage This Case has been Rejecte' is visible

2018-12-12 10:45:09 - [TEST_STEP][PASSED] - delay: Delayed 2 second(s)

2018-12-12 10:45:11 - [MESSAGE][PASSED] - Delayed 2 second(s)

2018-12-12 10:45:11 - [TEST_STEP][PASSED] - verifyElementVisible: Object 'Object Repository/Final Object Repo/Page_Update Employee Information By Employer/Page_Update Employee Information by Employer (Reject)/Letter of update rejection' is visible

2018-12-12 10:45:11 - [MESSAGE][PASSED] - Object 'Object Repository/Final Object Repo/Page_Update Employee Information By Employer/Page_Update Employee Information by Employer (Reject)/Letter of update rejection' is visible

2018-12-12 10:45:11 - [MESSAGE][PASSED] - Call Test Case 'Test Cases/Final Aug 2018 - PKS Automation/Registration Module/Workflow/Update Employee Information (Employer)/Template/Update Employee Information - Special Case - UO (Reject)' successfully]]></system-out>
         <system-err><![CDATA[]]></system-err>
      </testcase>
      <testcase name="Test Cases/Final Aug 2018 - PKS Automation/Registration Module/Workflow/Update Employee Information (Employer)/PKRBO - UO (Under enforcement)" classname="Test Cases/Final Aug 2018 - PKS Automation/Registration Module/Workflow/Update Employee Information (Employer)/PKRBO - UO (Under enforcement)" status="PASSED">
         <system-out><![CDATA[2018-12-12 10:45:11 - [TEST_CASE][PASSED] - Test Cases/Final Aug 2018 - PKS Automation/Registration Module/Workflow/Update Employee Information (Employer)/PKRBO - UO (Under enforcement): Test Cases/Final Aug 2018 - PKS Automation/Registration Module/Workflow/Update Employee Information (Employer)/PKRBO - UO (Under enforcement)

2018-12-12 10:45:12 - [TEST_STEP][PASSED] - callTestCase: Call Test Case 'Test Cases/Final Aug 2018 - PKS Automation/Registration Module/Workflow/Update Employee Information (Employer)/Template/Update Employer Information - Special Case (PKRBO)' successfully

2018-12-12 10:45:12 - [TEST_CASE][PASSED] - Test Cases/Final Aug 2018 - PKS Automation/Registration Module/Workflow/Update Employee Information (Employer)/Template/Update Employer Information - Special Case (PKRBO): Test Cases/Final Aug 2018 - PKS Automation/Registration Module/Workflow/Update Employee Information (Employer)/Template/Update Employer Information - Special Case (PKRBO)

2018-12-12 10:45:12 - [TEST_STEP][PASSED] - openBrowser: Browser is opened with url: ''

2018-12-12 10:45:12 - [MESSAGE][WARNING] - A browser is already opened. Closing browser and opening a new one

2018-12-12 10:45:16 - [MESSAGE][PASSED] - Browser is opened with url: ''

2018-12-12 10:45:16 - [TEST_STEP][PASSED] - navigateToUrl: Navigate to 'https://assist2-uat.perkeso.gov.my/login' successfully

2018-12-12 10:45:17 - [MESSAGE][PASSED] - Navigate to 'https://assist2-uat.perkeso.gov.my/login' successfully

2018-12-12 10:45:17 - [TEST_STEP][PASSED] - setText: Text 'johorpkrbo1@gmail.com' is set on object 'Object Repository/Final Object Repo/Login Page/Internal User/Email Address'

2018-12-12 10:45:18 - [MESSAGE][PASSED] - Text 'johorpkrbo1@gmail.com' is set on object 'Object Repository/Final Object Repo/Login Page/Internal User/Email Address'

2018-12-12 10:45:18 - [TEST_STEP][PASSED] - click: Object: 'Object Repository/Final Object Repo/Login Page/Internal User/Next Button' is clicked on

2018-12-12 10:45:18 - [MESSAGE][PASSED] - Object: 'Object Repository/Final Object Repo/Login Page/Internal User/Next Button' is clicked on

2018-12-12 10:45:18 - [TEST_STEP][PASSED] - delay: Delayed 1 second(s)

2018-12-12 10:45:19 - [MESSAGE][PASSED] - Delayed 1 second(s)

2018-12-12 10:45:19 - [TEST_STEP][PASSED] - setEncryptedText: Text ****** has been set on object 'Object Repository/Final Object Repo/Login Page/Internal User/Password'

2018-12-12 10:45:19 - [MESSAGE][PASSED] - Text ****** has been set on object 'Object Repository/Final Object Repo/Login Page/Internal User/Password'

2018-12-12 10:45:19 - [TEST_STEP][PASSED] - click: Object: 'Object Repository/Final Object Repo/Login Page/Internal User/Login Button' is clicked on

2018-12-12 10:45:20 - [MESSAGE][PASSED] - Object: 'Object Repository/Final Object Repo/Login Page/Internal User/Login Button' is clicked on

2018-12-12 10:45:20 - [TEST_STEP][PASSED] - Statement - tester = com.kms.katalon.core.testobject.ObjectRepository.findTestObject(Final Object Repo/Landing Page/Select to English): Finding Test Object with id 'Object Repository/Final Object Repo/Landing Page/Select to English'

2018-12-12 10:45:20 - [TEST_STEP][PASSED] - Statement - Try: Delayed 2 second(s)

2018-12-12 10:45:20 - [TEST_STEP][PASSED] - Statement - Checker = com.kms.katalon.core.webui.keyword.WebUiBuiltInKeywords.verifyElementNotPresent(tester, 3): Web element with id: 'Object Repository/Final Object Repo/Landing Page/Select to English' located by 'By.xpath: //a[@class = 'taglib-language-list-text' and @lang = 'en-US' and (contains(text(), 'EN') or contains(., 'EN'))]' is not present after '3' second(s)

2018-12-12 10:45:21 - [MESSAGE][PASSED] - Web element with id: 'Object Repository/Final Object Repo/Landing Page/Select to English' located by 'By.xpath: //a[@class = 'taglib-language-list-text' and @lang = 'en-US' and (contains(text(), 'EN') or contains(., 'EN'))]' is not present after '3' second(s)

2018-12-12 10:45:21 - [TEST_STEP][PASSED] - Statement - If (Checker == false): null

2018-12-12 10:45:21 - [TEST_STEP][PASSED] - delay: Delayed 2 second(s)

2018-12-12 10:45:23 - [MESSAGE][PASSED] - Delayed 2 second(s)

2018-12-12 10:45:23 - [TEST_STEP][PASSED] - delay: Delayed 5 second(s)

2018-12-12 10:45:28 - [MESSAGE][PASSED] - Delayed 5 second(s)

2018-12-12 10:45:28 - [TEST_STEP][PASSED] - navigateToUrl: Navigate to 'https://assist2-uat.perkeso.gov.my/web/registration/update/update-employee-information-employer-' successfully

2018-12-12 10:45:29 - [MESSAGE][PASSED] - Navigate to 'https://assist2-uat.perkeso.gov.my/web/registration/update/update-employee-information-employer-' successfully

2018-12-12 10:45:29 - [TEST_STEP][PASSED] - setText: Text 'E1102001065V' is set on object 'Object Repository/Final Object Repo/Page_Update Employee Information By Employer/Employer Code'

2018-12-12 10:45:30 - [MESSAGE][PASSED] - Text 'E1102001065V' is set on object 'Object Repository/Final Object Repo/Page_Update Employee Information By Employer/Employer Code'

2018-12-12 10:45:30 - [TEST_STEP][PASSED] - click: Object: 'Object Repository/Final Object Repo/Page_Update Employee Information By Employer/Search Employer Code' is clicked on

2018-12-12 10:45:30 - [MESSAGE][PASSED] - Object: 'Object Repository/Final Object Repo/Page_Update Employee Information By Employer/Search Employer Code' is clicked on

2018-12-12 10:45:30 - [TEST_STEP][PASSED] - click: Object: 'Object Repository/Final Object Repo/Page_Update Employee Information By Employer/Edit Button' is clicked on

2018-12-12 10:45:33 - [MESSAGE][PASSED] - Object: 'Object Repository/Final Object Repo/Page_Update Employee Information By Employer/Edit Button' is clicked on

2018-12-12 10:45:33 - [TEST_STEP][PASSED] - click: Object: 'Object Repository/Final Object Repo/Page_Update Employee Information By Employer/Employee Name or New Identification' is clicked on

2018-12-12 10:45:34 - [MESSAGE][PASSED] - Object: 'Object Repository/Final Object Repo/Page_Update Employee Information By Employer/Employee Name or New Identification' is clicked on

2018-12-12 10:45:34 - [TEST_STEP][PASSED] - delay: Delayed 1 second(s)

2018-12-12 10:45:35 - [MESSAGE][PASSED] - Delayed 1 second(s)

2018-12-12 10:45:35 - [TEST_STEP][PASSED] - click: Object: 'Object Repository/Final Object Repo/Page_Update Employee Information By Employer/Selection - Employee Name' is clicked on

2018-12-12 10:45:35 - [MESSAGE][PASSED] - Object: 'Object Repository/Final Object Repo/Page_Update Employee Information By Employer/Selection - Employee Name' is clicked on

2018-12-12 10:45:35 - [TEST_STEP][PASSED] - delay: Delayed 1 second(s)

2018-12-12 10:45:36 - [MESSAGE][PASSED] - Delayed 1 second(s)

2018-12-12 10:45:36 - [TEST_STEP][PASSED] - setText: Text 'PERKESO' is set on object 'Object Repository/Final Object Repo/Page_Update Employee Information By Employer/Employee Name'

2018-12-12 10:45:36 - [MESSAGE][PASSED] - Text 'PERKESO' is set on object 'Object Repository/Final Object Repo/Page_Update Employee Information By Employer/Employee Name'

2018-12-12 10:45:36 - [TEST_STEP][PASSED] - delay: Delayed 2 second(s)

2018-12-12 10:45:38 - [MESSAGE][PASSED] - Delayed 2 second(s)

2018-12-12 10:45:38 - [TEST_STEP][PASSED] - click: Object: 'Object Repository/Final Object Repo/Page_Update Employee Information By Employer/Search Employee' is clicked on

2018-12-12 10:45:38 - [MESSAGE][PASSED] - Object: 'Object Repository/Final Object Repo/Page_Update Employee Information By Employer/Search Employee' is clicked on

2018-12-12 10:45:38 - [TEST_STEP][PASSED] - delay: Delayed 3 second(s)

2018-12-12 10:45:41 - [MESSAGE][PASSED] - Delayed 3 second(s)

2018-12-12 10:45:41 - [TEST_STEP][PASSED] - click: Object: 'Object Repository/Final Object Repo/Page_Update Employee Information By Employer/Employee Edit Button' is clicked on

2018-12-12 10:45:42 - [MESSAGE][PASSED] - Object: 'Object Repository/Final Object Repo/Page_Update Employee Information By Employer/Employee Edit Button' is clicked on

2018-12-12 10:45:42 - [TEST_STEP][PASSED] - delay: Delayed 3 second(s)

2018-12-12 10:45:45 - [MESSAGE][PASSED] - Delayed 3 second(s)

2018-12-12 10:45:45 - [TEST_STEP][PASSED] - setText: Text '' is set on object 'Object Repository/Final Object Repo/Page_Update Employee Information By Employer/Identification Number'

2018-12-12 10:45:45 - [MESSAGE][PASSED] - Text '' is set on object 'Object Repository/Final Object Repo/Page_Update Employee Information By Employer/Identification Number'

2018-12-12 10:45:45 - [TEST_STEP][PASSED] - Statement - rnd = new java.util.Random(): null

2018-12-12 10:45:45 - [TEST_STEP][PASSED] - Statement - snum = rnd.nextInt(899999 + 1) + 100000: null

2018-12-12 10:45:45 - [TEST_STEP][PASSED] - Statement - tnum = rnd.nextInt(899999 + 1) + 100000: null

2018-12-12 10:45:45 - [TEST_STEP][PASSED] - Statement - IC = java.lang.Integer.toString(snum) + java.lang.Integer.toString(tnum): null

2018-12-12 10:45:45 - [TEST_STEP][PASSED] - Statement - out.println(IC): null

2018-12-12 10:45:45 - [TEST_STEP][PASSED] - setText: Text '610300838304' is set on object 'Object Repository/Final Object Repo/Page_Update Employee Information By Employer/Identification Number'

2018-12-12 10:45:45 - [MESSAGE][PASSED] - Text '610300838304' is set on object 'Object Repository/Final Object Repo/Page_Update Employee Information By Employer/Identification Number'

2018-12-12 10:45:45 - [TEST_STEP][PASSED] - click: Object: 'Object Repository/Final Object Repo/Page_Update Employee Information By Employer/Save' is clicked on

2018-12-12 10:45:45 - [MESSAGE][PASSED] - Object: 'Object Repository/Final Object Repo/Page_Update Employee Information By Employer/Save' is clicked on

2018-12-12 10:45:45 - [TEST_STEP][PASSED] - delay: Delayed 5 second(s)

2018-12-12 10:45:50 - [MESSAGE][PASSED] - Delayed 5 second(s)

2018-12-12 10:45:50 - [TEST_STEP][PASSED] - Statement - CaseReferenceNo = com.kms.katalon.core.webui.keyword.WebUiBuiltInKeywords.getText(com.kms.katalon.core.testobject.ObjectRepository.findTestObject(Final Object Repo/Reference Number/Reference Number in Update Employee Information Page)): Text of object 'Object Repository/Final Object Repo/Reference Number/Reference Number in Update Employee Information Page' is: 'CUN122018C100005982'

2018-12-12 10:45:50 - [MESSAGE][PASSED] - Text of object 'Object Repository/Final Object Repo/Reference Number/Reference Number in Update Employee Information Page' is: 'CUN122018C100005982'

2018-12-12 10:45:50 - [TEST_STEP][PASSED] - callTestCase: Call Test Case 'Test Cases/Final Aug 2018 - PKS Automation/Common/Reference Number Setter' successfully

2018-12-12 10:45:50 - [TEST_CASE][PASSED] - Test Cases/Final Aug 2018 - PKS Automation/Common/Reference Number Setter: Test Cases/Final Aug 2018 - PKS Automation/Common/Reference Number Setter

2018-12-12 10:45:50 - [TEST_STEP][PASSED] - Statement - RefNoOldFile = new java.io.File(C://Users//Admin//Desktop//PKS//Automation Reference Point//KatalonReference.txt): null

2018-12-12 10:45:50 - [TEST_STEP][PASSED] - Statement - RefNoOldFile.delete(): null

2018-12-12 10:45:50 - [TEST_STEP][PASSED] - delay: Delayed 5 second(s)

2018-12-12 10:45:55 - [MESSAGE][PASSED] - Delayed 5 second(s)

2018-12-12 10:45:55 - [TEST_STEP][PASSED] - Statement - RefNo = new java.io.File(C://Users//Admin//Desktop//PKS//Automation Reference Point//KatalonReference.txt): null

2018-12-12 10:45:55 - [TEST_STEP][PASSED] - Statement - f2 = new java.io.FileWriter(RefNo, false): null

2018-12-12 10:45:55 - [TEST_STEP][PASSED] - Statement - f2.write(CaseReferenceNo): null

2018-12-12 10:45:55 - [TEST_STEP][PASSED] - Statement - f2.close(): null

2018-12-12 10:45:55 - [TEST_STEP][PASSED] - Statement - out.println("


" + CaseReferenceNo + "


"): null

2018-12-12 10:45:55 - [MESSAGE][PASSED] - Call Test Case 'Test Cases/Final Aug 2018 - PKS Automation/Common/Reference Number Setter' successfully

2018-12-12 10:45:55 - [TEST_STEP][PASSED] - delay: Delayed 5 second(s)

2018-12-12 10:46:00 - [MESSAGE][PASSED] - Delayed 5 second(s)

2018-12-12 10:46:00 - [TEST_STEP][PASSED] - click: Object: 'Object Repository/Final Object Repo/Page_Update Employee Information By Employer/Save  Continue in  Employee Information Page' is clicked on

2018-12-12 10:46:01 - [MESSAGE][PASSED] - Object: 'Object Repository/Final Object Repo/Page_Update Employee Information By Employer/Save  Continue in  Employee Information Page' is clicked on

2018-12-12 10:46:01 - [TEST_STEP][PASSED] - delay: Delayed 5 second(s)

2018-12-12 10:46:06 - [MESSAGE][PASSED] - Delayed 5 second(s)

2018-12-12 10:46:06 - [TEST_STEP][PASSED] - click: Object: 'Object Repository/Final Object Repo/Page_Update Employee Information By Employer/Save  Continue in Uploading Page 1' is clicked on

2018-12-12 10:46:06 - [MESSAGE][PASSED] - Object: 'Object Repository/Final Object Repo/Page_Update Employee Information By Employer/Save  Continue in Uploading Page 1' is clicked on

2018-12-12 10:46:06 - [TEST_STEP][PASSED] - delay: Delayed 5 second(s)

2018-12-12 10:46:11 - [MESSAGE][PASSED] - Delayed 5 second(s)

2018-12-12 10:46:11 - [TEST_STEP][PASSED] - click: Object: 'Object Repository/Final Object Repo/Page_Update Employee Information By Employer/Submit' is clicked on

2018-12-12 10:46:11 - [MESSAGE][PASSED] - Object: 'Object Repository/Final Object Repo/Page_Update Employee Information By Employer/Submit' is clicked on

2018-12-12 10:46:11 - [TEST_STEP][PASSED] - delay: Delayed 5 second(s)

2018-12-12 10:46:16 - [MESSAGE][PASSED] - Delayed 5 second(s)

2018-12-12 10:46:16 - [TEST_STEP][PASSED] - click: Object: 'Object Repository/Final Object Repo/Page_Update Employee Information By Employer/Confirm' is clicked on

2018-12-12 10:46:16 - [MESSAGE][PASSED] - Object: 'Object Repository/Final Object Repo/Page_Update Employee Information By Employer/Confirm' is clicked on

2018-12-12 10:46:16 - [TEST_STEP][PASSED] - delay: Delayed 5 second(s)

2018-12-12 10:46:21 - [MESSAGE][PASSED] - Delayed 5 second(s)

2018-12-12 10:46:21 - [TEST_STEP][PASSED] - verifyElementVisible: Object 'Object Repository/Final Object Repo/Page_Update Employee Information By Employer/Successfull Message Routed to UO' is visible

2018-12-12 10:46:21 - [MESSAGE][PASSED] - Object 'Object Repository/Final Object Repo/Page_Update Employee Information By Employer/Successfull Message Routed to UO' is visible

2018-12-12 10:46:21 - [MESSAGE][PASSED] - Call Test Case 'Test Cases/Final Aug 2018 - PKS Automation/Registration Module/Workflow/Update Employee Information (Employer)/Template/Update Employer Information - Special Case (PKRBO)' successfully

2018-12-12 10:46:21 - [TEST_STEP][PASSED] - callTestCase: Call Test Case 'Test Cases/Final Aug 2018 - PKS Automation/Registration Module/Workflow/Update Employee Information (Employer)/Template/Update Employee Information - Special Case - UO (UnderEnforcement)' successfully

2018-12-12 10:46:21 - [TEST_CASE][PASSED] - Test Cases/Final Aug 2018 - PKS Automation/Registration Module/Workflow/Update Employee Information (Employer)/Template/Update Employee Information - Special Case - UO (UnderEnforcement): Test Cases/Final Aug 2018 - PKS Automation/Registration Module/Workflow/Update Employee Information (Employer)/Template/Update Employee Information - Special Case - UO (UnderEnforcement)

2018-12-12 10:46:21 - [TEST_STEP][NOT_RUN] - callTestCase: NOT_RUN: callTestCase

2018-12-12 10:46:21 - [MESSAGE][NOT_RUN] - NOT_RUN: callTestCase

2018-12-12 10:46:21 - [TEST_STEP][PASSED] - delay: Delayed 2 second(s)

2018-12-12 10:46:23 - [MESSAGE][PASSED] - Delayed 2 second(s)

2018-12-12 10:46:23 - [TEST_STEP][PASSED] - navigateToUrl: Navigate to 'https://assist2-uat.perkeso.gov.my/c/portal/logout' successfully

2018-12-12 10:46:24 - [MESSAGE][PASSED] - Navigate to 'https://assist2-uat.perkeso.gov.my/c/portal/logout' successfully

2018-12-12 10:46:24 - [TEST_STEP][PASSED] - delay: Delayed 2 second(s)

2018-12-12 10:46:26 - [MESSAGE][PASSED] - Delayed 2 second(s)

2018-12-12 10:46:26 - [TEST_STEP][PASSED] - callTestCase: Call Test Case 'Test Cases/Final Aug 2018 - PKS Automation/Common/Reference Number Getter' successfully

2018-12-12 10:46:26 - [TEST_CASE][PASSED] - Test Cases/Final Aug 2018 - PKS Automation/Common/Reference Number Getter: Test Cases/Final Aug 2018 - PKS Automation/Common/Reference Number Getter

2018-12-12 10:46:26 - [TEST_STEP][PASSED] - Statement - Try: null

2018-12-12 10:46:26 - [TEST_STEP][PASSED] - Statement - RefNo = new java.io.File(C://Users//Admin//Desktop//PKS//Automation Reference Point//KatalonReference.txt): null

2018-12-12 10:46:26 - [TEST_STEP][PASSED] - Statement - bufferread = new java.io.BufferedReader(new java.io.FileReader(RefNo)): null

2018-12-12 10:46:26 - [TEST_STEP][PASSED] - Statement - readedVal = bufferread.readLine(): null

2018-12-12 10:46:26 - [TEST_STEP][PASSED] - Statement - out.println(CaseReferenceNo): null

2018-12-12 10:46:26 - [TEST_STEP][PASSED] - Statement - out.println(readedVal): null

2018-12-12 10:46:26 - [TEST_STEP][PASSED] - Statement - CaseReferenceNo = "": null

2018-12-12 10:46:26 - [TEST_STEP][PASSED] - Statement - CaseReferenceNo = readedVal: null

2018-12-12 10:46:26 - [MESSAGE][PASSED] - Call Test Case 'Test Cases/Final Aug 2018 - PKS Automation/Common/Reference Number Getter' successfully

2018-12-12 10:46:26 - [TEST_STEP][PASSED] - callTestCase: Call Test Case 'Test Cases/Final Aug 2018 - PKS Automation/Common/Workflow Owner Finder' successfully

2018-12-12 10:46:26 - [TEST_CASE][PASSED] - Test Cases/Final Aug 2018 - PKS Automation/Common/Workflow Owner Finder: Test Cases/Final Aug 2018 - PKS Automation/Common/Workflow Owner Finder

2018-12-12 10:46:26 - [TEST_STEP][PASSED] - openBrowser: Browser is opened with url: ''

2018-12-12 10:46:26 - [MESSAGE][WARNING] - A browser is already opened. Closing browser and opening a new one

2018-12-12 10:46:31 - [MESSAGE][PASSED] - Browser is opened with url: ''

2018-12-12 10:46:31 - [TEST_STEP][PASSED] - navigateToUrl: Navigate to 'https://assist2-uat.perkeso.gov.my/login' successfully

2018-12-12 10:46:32 - [MESSAGE][PASSED] - Navigate to 'https://assist2-uat.perkeso.gov.my/login' successfully

2018-12-12 10:46:32 - [TEST_STEP][PASSED] - delay: Delayed 5 second(s)

2018-12-12 10:46:37 - [MESSAGE][PASSED] - Delayed 5 second(s)

2018-12-12 10:46:37 - [TEST_STEP][PASSED] - setText: Text 'test@liferay.com' is set on object 'Object Repository/Final Object Repo/Login Page/Internal User/Email Address'

2018-12-12 10:46:38 - [MESSAGE][PASSED] - Text 'test@liferay.com' is set on object 'Object Repository/Final Object Repo/Login Page/Internal User/Email Address'

2018-12-12 10:46:38 - [TEST_STEP][PASSED] - click: Object: 'Object Repository/Final Object Repo/Login Page/Internal User/Next Button' is clicked on

2018-12-12 10:46:38 - [MESSAGE][PASSED] - Object: 'Object Repository/Final Object Repo/Login Page/Internal User/Next Button' is clicked on

2018-12-12 10:46:38 - [TEST_STEP][PASSED] - delay: Delayed 2 second(s)

2018-12-12 10:46:40 - [MESSAGE][PASSED] - Delayed 2 second(s)

2018-12-12 10:46:40 - [TEST_STEP][PASSED] - setText: Text 'test' is set on object 'Object Repository/Final Object Repo/Login Page/Internal User/Password'

2018-12-12 10:46:40 - [MESSAGE][PASSED] - Text 'test' is set on object 'Object Repository/Final Object Repo/Login Page/Internal User/Password'

2018-12-12 10:46:40 - [TEST_STEP][PASSED] - delay: Delayed 2 second(s)

2018-12-12 10:46:42 - [MESSAGE][PASSED] - Delayed 2 second(s)

2018-12-12 10:46:42 - [TEST_STEP][PASSED] - click: Object: 'Object Repository/Final Object Repo/Login Page/Internal User/Login Button' is clicked on

2018-12-12 10:46:42 - [MESSAGE][PASSED] - Object: 'Object Repository/Final Object Repo/Login Page/Internal User/Login Button' is clicked on

2018-12-12 10:46:42 - [TEST_STEP][PASSED] - Statement - tester = com.kms.katalon.core.testobject.ObjectRepository.findTestObject(Final Object Repo/Landing Page/Select to English): Finding Test Object with id 'Object Repository/Final Object Repo/Landing Page/Select to English'

2018-12-12 10:46:42 - [TEST_STEP][PASSED] - Statement - Try: Delayed 2 second(s)

2018-12-12 10:46:42 - [TEST_STEP][PASSED] - Statement - Checker = com.kms.katalon.core.webui.keyword.WebUiBuiltInKeywords.verifyElementNotPresent(tester, 3): Web element with id: 'Object Repository/Final Object Repo/Landing Page/Select to English' located by 'By.xpath: //a[@class = 'taglib-language-list-text' and @lang = 'en-US' and (contains(text(), 'EN') or contains(., 'EN'))]' is not present after '3' second(s)

2018-12-12 10:46:44 - [MESSAGE][PASSED] - Web element with id: 'Object Repository/Final Object Repo/Landing Page/Select to English' located by 'By.xpath: //a[@class = 'taglib-language-list-text' and @lang = 'en-US' and (contains(text(), 'EN') or contains(., 'EN'))]' is not present after '3' second(s)

2018-12-12 10:46:44 - [TEST_STEP][PASSED] - Statement - If (Checker == false): null

2018-12-12 10:46:44 - [TEST_STEP][PASSED] - delay: Delayed 2 second(s)

2018-12-12 10:46:46 - [MESSAGE][PASSED] - Delayed 2 second(s)

2018-12-12 10:46:46 - [TEST_STEP][PASSED] - delay: Delayed 5 second(s)

2018-12-12 10:46:51 - [MESSAGE][PASSED] - Delayed 5 second(s)

2018-12-12 10:46:51 - [TEST_STEP][PASSED] - mouseOver: Object: 'Object Repository/Final Object Repo/Landing Page/WorkFlow Menu' is hovered

2018-12-12 10:46:51 - [MESSAGE][PASSED] - Object: 'Object Repository/Final Object Repo/Landing Page/WorkFlow Menu' is hovered

2018-12-12 10:46:51 - [TEST_STEP][PASSED] - delay: Delayed 2 second(s)

2018-12-12 10:46:53 - [MESSAGE][PASSED] - Delayed 2 second(s)

2018-12-12 10:46:53 - [TEST_STEP][PASSED] - click: Object: 'Object Repository/Final Object Repo/Landing Page/Select to Workflow Listing' is clicked on

2018-12-12 10:46:54 - [MESSAGE][PASSED] - Object: 'Object Repository/Final Object Repo/Landing Page/Select to Workflow Listing' is clicked on

2018-12-12 10:46:54 - [TEST_STEP][PASSED] - delay: Delayed 2 second(s)

2018-12-12 10:46:56 - [MESSAGE][PASSED] - Delayed 2 second(s)

2018-12-12 10:46:56 - [TEST_STEP][PASSED] - click: Object: 'Object Repository/Final Object Repo/WorkFlow Listing Page/Search Information - To Put Ref No' is clicked on

2018-12-12 10:46:56 - [MESSAGE][PASSED] - Object: 'Object Repository/Final Object Repo/WorkFlow Listing Page/Search Information - To Put Ref No' is clicked on

2018-12-12 10:46:56 - [TEST_STEP][PASSED] - delay: Delayed 2 second(s)

2018-12-12 10:46:58 - [MESSAGE][PASSED] - Delayed 2 second(s)

2018-12-12 10:46:58 - [TEST_STEP][PASSED] - callTestCase: Call Test Case 'Test Cases/Final Aug 2018 - PKS Automation/Common/Reference Number Getter' successfully

2018-12-12 10:46:58 - [TEST_CASE][PASSED] - Test Cases/Final Aug 2018 - PKS Automation/Common/Reference Number Getter: Test Cases/Final Aug 2018 - PKS Automation/Common/Reference Number Getter

2018-12-12 10:46:58 - [TEST_STEP][PASSED] - Statement - Try: null

2018-12-12 10:46:58 - [TEST_STEP][PASSED] - Statement - RefNo = new java.io.File(C://Users//Admin//Desktop//PKS//Automation Reference Point//KatalonReference.txt): null

2018-12-12 10:46:58 - [TEST_STEP][PASSED] - Statement - bufferread = new java.io.BufferedReader(new java.io.FileReader(RefNo)): null

2018-12-12 10:46:58 - [TEST_STEP][PASSED] - Statement - readedVal = bufferread.readLine(): null

2018-12-12 10:46:58 - [TEST_STEP][PASSED] - Statement - out.println(CaseReferenceNo): null

2018-12-12 10:46:58 - [TEST_STEP][PASSED] - Statement - out.println(readedVal): null

2018-12-12 10:46:58 - [TEST_STEP][PASSED] - Statement - CaseReferenceNo = "": null

2018-12-12 10:46:58 - [TEST_STEP][PASSED] - Statement - CaseReferenceNo = readedVal: null

2018-12-12 10:46:58 - [MESSAGE][PASSED] - Call Test Case 'Test Cases/Final Aug 2018 - PKS Automation/Common/Reference Number Getter' successfully

2018-12-12 10:46:58 - [TEST_STEP][PASSED] - setText: Text 'CUN122018C100005982' is set on object 'Object Repository/Final Object Repo/WorkFlow Listing Page/Ref No Set Text'

2018-12-12 10:46:59 - [MESSAGE][PASSED] - Text 'CUN122018C100005982' is set on object 'Object Repository/Final Object Repo/WorkFlow Listing Page/Ref No Set Text'

2018-12-12 10:46:59 - [TEST_STEP][PASSED] - delay: Delayed 2 second(s)

2018-12-12 10:47:01 - [MESSAGE][PASSED] - Delayed 2 second(s)

2018-12-12 10:47:01 - [TEST_STEP][PASSED] - click: Object: 'Object Repository/Final Object Repo/WorkFlow Listing Page/Search Ref No Search Button' is clicked on

2018-12-12 10:47:01 - [MESSAGE][PASSED] - Object: 'Object Repository/Final Object Repo/WorkFlow Listing Page/Search Ref No Search Button' is clicked on

2018-12-12 10:47:01 - [TEST_STEP][PASSED] - delay: Delayed 6 second(s)

2018-12-12 10:47:07 - [MESSAGE][PASSED] - Delayed 6 second(s)

2018-12-12 10:47:07 - [TEST_STEP][PASSED] - click: Object: 'Object Repository/Final Object Repo/WorkFlow Listing Page/Click Continue Tooltip' is clicked on

2018-12-12 10:47:08 - [MESSAGE][PASSED] - Object: 'Object Repository/Final Object Repo/WorkFlow Listing Page/Click Continue Tooltip' is clicked on

2018-12-12 10:47:08 - [TEST_STEP][PASSED] - delay: Delayed 5 second(s)

2018-12-12 10:47:13 - [MESSAGE][PASSED] - Delayed 5 second(s)

2018-12-12 10:47:13 - [TEST_STEP][PASSED] - doubleClick: Object: 'Object Repository/Final Object Repo/WorkFlow Listing Page/Workflow Found - Listing 1' is double clicked on

2018-12-12 10:47:13 - [MESSAGE][PASSED] - Object: 'Object Repository/Final Object Repo/WorkFlow Listing Page/Workflow Found - Listing 1' is double clicked on

2018-12-12 10:47:13 - [TEST_STEP][PASSED] - Statement - println(OwnerID): null

2018-12-12 10:47:13 - [TEST_STEP][PASSED] - Statement - OwnerID = com.kms.katalon.core.webui.keyword.WebUiBuiltInKeywords.getText(com.kms.katalon.core.testobject.ObjectRepository.findTestObject(Final Object Repo/WorkFlow Listing Page/Workflow Found - Listing 1), STOP_ON_FAILURE): Text of object 'Object Repository/Final Object Repo/WorkFlow Listing Page/Workflow Found - Listing 1' is: 'JOHORuo2'

2018-12-12 10:47:13 - [MESSAGE][PASSED] - Text of object 'Object Repository/Final Object Repo/WorkFlow Listing Page/Workflow Found - Listing 1' is: 'JOHORuo2'

2018-12-12 10:47:13 - [TEST_STEP][PASSED] - Statement - OwnerID = OwnerID.toLowerCase() + "@gmail.com": null

2018-12-12 10:47:13 - [TEST_STEP][PASSED] - Statement - println(OwnerID): null

2018-12-12 10:47:13 - [TEST_STEP][PASSED] - delay: Delayed 2 second(s)

2018-12-12 10:47:15 - [MESSAGE][PASSED] - Delayed 2 second(s)

2018-12-12 10:47:15 - [MESSAGE][PASSED] - Call Test Case 'Test Cases/Final Aug 2018 - PKS Automation/Common/Workflow Owner Finder' successfully

2018-12-12 10:47:15 - [TEST_STEP][PASSED] - delay: Delayed 2 second(s)

2018-12-12 10:47:17 - [MESSAGE][PASSED] - Delayed 2 second(s)

2018-12-12 10:47:17 - [TEST_STEP][PASSED] - navigateToUrl: Navigate to 'https://assist2-uat.perkeso.gov.my/c/portal/logout' successfully

2018-12-12 10:47:18 - [MESSAGE][PASSED] - Navigate to 'https://assist2-uat.perkeso.gov.my/c/portal/logout' successfully

2018-12-12 10:47:18 - [TEST_STEP][PASSED] - delay: Delayed 2 second(s)

2018-12-12 10:47:20 - [MESSAGE][PASSED] - Delayed 2 second(s)

2018-12-12 10:47:20 - [TEST_STEP][PASSED] - callTestCase: Call Test Case 'Test Cases/Final Aug 2018 - PKS Automation/Registration Module/Workflow/Login and Search Case For Workflow' successfully

2018-12-12 10:47:20 - [TEST_CASE][PASSED] - Test Cases/Final Aug 2018 - PKS Automation/Registration Module/Workflow/Login and Search Case For Workflow: Test Cases/Final Aug 2018 - PKS Automation/Registration Module/Workflow/Login and Search Case For Workflow

2018-12-12 10:47:20 - [TEST_STEP][PASSED] - navigateToUrl: Navigate to 'https://assist2-uat.perkeso.gov.my/login' successfully

2018-12-12 10:47:20 - [MESSAGE][PASSED] - Navigate to 'https://assist2-uat.perkeso.gov.my/login' successfully

2018-12-12 10:47:20 - [TEST_STEP][PASSED] - setText: Text 'johoruo2@gmail.com' is set on object 'Object Repository/Final Object Repo/Login Page/Internal User/Email Address'

2018-12-12 10:47:21 - [MESSAGE][PASSED] - Text 'johoruo2@gmail.com' is set on object 'Object Repository/Final Object Repo/Login Page/Internal User/Email Address'

2018-12-12 10:47:21 - [TEST_STEP][PASSED] - click: Object: 'Object Repository/Final Object Repo/Login Page/Internal User/Next Button' is clicked on

2018-12-12 10:47:21 - [MESSAGE][PASSED] - Object: 'Object Repository/Final Object Repo/Login Page/Internal User/Next Button' is clicked on

2018-12-12 10:47:21 - [TEST_STEP][PASSED] - delay: Delayed 1 second(s)

2018-12-12 10:47:22 - [MESSAGE][PASSED] - Delayed 1 second(s)

2018-12-12 10:47:22 - [TEST_STEP][PASSED] - setEncryptedText: Text ****** has been set on object 'Object Repository/Final Object Repo/Login Page/Internal User/Password'

2018-12-12 10:47:22 - [MESSAGE][PASSED] - Text ****** has been set on object 'Object Repository/Final Object Repo/Login Page/Internal User/Password'

2018-12-12 10:47:22 - [TEST_STEP][PASSED] - click: Object: 'Object Repository/Final Object Repo/Login Page/Internal User/Login Button' is clicked on

2018-12-12 10:47:22 - [MESSAGE][PASSED] - Object: 'Object Repository/Final Object Repo/Login Page/Internal User/Login Button' is clicked on

2018-12-12 10:47:22 - [TEST_STEP][PASSED] - delay: Delayed 2 second(s)

2018-12-12 10:47:24 - [MESSAGE][PASSED] - Delayed 2 second(s)

2018-12-12 10:47:24 - [TEST_STEP][PASSED] - Statement - Try: Delayed 2 second(s)

2018-12-12 10:47:24 - [TEST_STEP][PASSED] - Statement - Checker = false: null

2018-12-12 10:47:24 - [TEST_STEP][PASSED] - Statement - Checker = com.kms.katalon.core.webui.keyword.WebUiBuiltInKeywords.verifyElementHasAttribute(com.kms.katalon.core.testobject.ObjectRepository.findTestObject(Final Object Repo/Landing Page/BM Detecting), "href", 20, OPTIONAL): Object 'Object Repository/Final Object Repo/Landing Page/BM Detecting' has attribute 'href'

2018-12-12 10:47:24 - [MESSAGE][PASSED] - Object 'Object Repository/Final Object Repo/Landing Page/BM Detecting' has attribute 'href'

2018-12-12 10:47:24 - [TEST_STEP][PASSED] - Statement - out.println(Checker): null

2018-12-12 10:47:24 - [TEST_STEP][PASSED] - Statement - If (Checker == false): null

2018-12-12 10:47:24 - [TEST_STEP][PASSED] - Statement - Else: null

2018-12-12 10:47:24 - [TEST_STEP][PASSED] - delay: Delayed 2 second(s)

2018-12-12 10:47:26 - [MESSAGE][PASSED] - Delayed 2 second(s)

2018-12-12 10:47:26 - [TEST_STEP][PASSED] - click: Object: 'Object Repository/Final Object Repo/Page_MyASSIST - ASSIST - Search Pending Case For Add Supporting Document/Search Information' is clicked on

2018-12-12 10:47:27 - [MESSAGE][PASSED] - Object: 'Object Repository/Final Object Repo/Page_MyASSIST - ASSIST - Search Pending Case For Add Supporting Document/Search Information' is clicked on

2018-12-12 10:47:27 - [TEST_STEP][PASSED] - delay: Delayed 3 second(s)

2018-12-12 10:47:30 - [MESSAGE][PASSED] - Delayed 3 second(s)

2018-12-12 10:47:30 - [TEST_STEP][PASSED] - sendKeys: Keys 'CUN122018C100005982' sent to object: 'Object Repository/Final Object Repo/Page_MyASSIST - ASSIST - Search Pending Case For Add Supporting Document/Reference No'

2018-12-12 10:47:30 - [MESSAGE][PASSED] - Keys 'CUN122018C100005982' sent to object: 'Object Repository/Final Object Repo/Page_MyASSIST - ASSIST - Search Pending Case For Add Supporting Document/Reference No'

2018-12-12 10:47:30 - [TEST_STEP][PASSED] - click: Object: 'Object Repository/Final Object Repo/Page_MyASSIST - ASSIST - Search Pending Case For Add Supporting Document/Search Reference No' is clicked on

2018-12-12 10:47:30 - [MESSAGE][PASSED] - Object: 'Object Repository/Final Object Repo/Page_MyASSIST - ASSIST - Search Pending Case For Add Supporting Document/Search Reference No' is clicked on

2018-12-12 10:47:30 - [TEST_STEP][PASSED] - delay: Delayed 2 second(s)

2018-12-12 10:47:32 - [MESSAGE][PASSED] - Delayed 2 second(s)

2018-12-12 10:47:32 - [TEST_STEP][PASSED] - click: Object: 'Object Repository/Final Object Repo/Page_MyASSIST - ASSIST - Search Pending Case For Add Supporting Document/Continue' is clicked on

2018-12-12 10:47:36 - [MESSAGE][PASSED] - Object: 'Object Repository/Final Object Repo/Page_MyASSIST - ASSIST - Search Pending Case For Add Supporting Document/Continue' is clicked on

2018-12-12 10:47:36 - [TEST_STEP][PASSED] - delay: Delayed 20 second(s)

2018-12-12 10:47:56 - [MESSAGE][PASSED] - Delayed 20 second(s)

2018-12-12 10:47:56 - [MESSAGE][PASSED] - Call Test Case 'Test Cases/Final Aug 2018 - PKS Automation/Registration Module/Workflow/Login and Search Case For Workflow' successfully

2018-12-12 10:47:56 - [TEST_STEP][PASSED] - delay: Delayed 2 second(s)

2018-12-12 10:47:58 - [MESSAGE][PASSED] - Delayed 2 second(s)

2018-12-12 10:47:58 - [TEST_STEP][PASSED] - click: Object: 'Object Repository/Final Object Repo/Page_Update Employee Information By Employer/Page_Update Employee Information by Employer (Approve)/Continue' is clicked on

2018-12-12 10:48:01 - [MESSAGE][PASSED] - Object: 'Object Repository/Final Object Repo/Page_Update Employee Information By Employer/Page_Update Employee Information by Employer (Approve)/Continue' is clicked on

2018-12-12 10:48:01 - [TEST_STEP][PASSED] - delay: Delayed 2 second(s)

2018-12-12 10:48:03 - [MESSAGE][PASSED] - Delayed 2 second(s)

2018-12-12 10:48:03 - [TEST_STEP][PASSED] - click: Object: 'Object Repository/Final Object Repo/Page_Update Employee Information By Employer/Page_Update Employee Information by Employer (Approve)/Save  Continue in Update Employee Information Page' is clicked on

2018-12-12 10:48:03 - [MESSAGE][PASSED] - Object: 'Object Repository/Final Object Repo/Page_Update Employee Information By Employer/Page_Update Employee Information by Employer (Approve)/Save  Continue in Update Employee Information Page' is clicked on

2018-12-12 10:48:03 - [TEST_STEP][PASSED] - delay: Delayed 4 second(s)

2018-12-12 10:48:07 - [MESSAGE][PASSED] - Delayed 4 second(s)

2018-12-12 10:48:07 - [TEST_STEP][PASSED] - click: Object: 'Object Repository/Final Object Repo/Page_Update Employee Information By Employer/Page_Update Employee Information by Employer (Approve)/Save  Continue in Upload Supporting Doucument Page' is clicked on

2018-12-12 10:48:07 - [MESSAGE][PASSED] - Object: 'Object Repository/Final Object Repo/Page_Update Employee Information By Employer/Page_Update Employee Information by Employer (Approve)/Save  Continue in Upload Supporting Doucument Page' is clicked on

2018-12-12 10:48:07 - [TEST_STEP][PASSED] - delay: Delayed 2 second(s)

2018-12-12 10:48:09 - [MESSAGE][PASSED] - Delayed 2 second(s)

2018-12-12 10:48:09 - [TEST_STEP][PASSED] - click: Object: 'Object Repository/Final Object Repo/Page_Update Employee Information By Employer/Page_Update Employee Information by Employer (Under enforcement)/Under enforcement' is clicked on

2018-12-12 10:48:11 - [MESSAGE][PASSED] - Object: 'Object Repository/Final Object Repo/Page_Update Employee Information By Employer/Page_Update Employee Information by Employer (Under enforcement)/Under enforcement' is clicked on

2018-12-12 10:48:11 - [TEST_STEP][PASSED] - delay: Delayed 2 second(s)

2018-12-12 10:48:13 - [MESSAGE][PASSED] - Delayed 2 second(s)

2018-12-12 10:48:13 - [TEST_STEP][PASSED] - setText: Text 'Remark' is set on object 'Object Repository/Final Object Repo/Page_Update Employee Information By Employer/Page_Update Employee Information by Employer (Under enforcement)/Under enforcement - Remark'

2018-12-12 10:48:13 - [MESSAGE][PASSED] - Text 'Remark' is set on object 'Object Repository/Final Object Repo/Page_Update Employee Information By Employer/Page_Update Employee Information by Employer (Under enforcement)/Under enforcement - Remark'

2018-12-12 10:48:13 - [TEST_STEP][PASSED] - delay: Delayed 2 second(s)

2018-12-12 10:48:15 - [MESSAGE][PASSED] - Delayed 2 second(s)

2018-12-12 10:48:15 - [TEST_STEP][PASSED] - click: Object: 'Object Repository/Final Object Repo/Page_Update Employee Information By Employer/Page_Update Employee Information by Employer (Under enforcement)/Save  Continu in Under enforcement Page' is clicked on

2018-12-12 10:48:16 - [MESSAGE][PASSED] - Object: 'Object Repository/Final Object Repo/Page_Update Employee Information By Employer/Page_Update Employee Information by Employer (Under enforcement)/Save  Continu in Under enforcement Page' is clicked on

2018-12-12 10:48:16 - [TEST_STEP][PASSED] - delay: Delayed 2 second(s)

2018-12-12 10:48:18 - [MESSAGE][PASSED] - Delayed 2 second(s)

2018-12-12 10:48:18 - [TEST_STEP][PASSED] - click: Object: 'Object Repository/Final Object Repo/Page_Update Employee Information By Employer/Page_Update Employee Information by Employer (Under enforcement)/Under enforceme Message The case is under enforcement' is clicked on

2018-12-12 10:48:19 - [MESSAGE][PASSED] - Object: 'Object Repository/Final Object Repo/Page_Update Employee Information By Employer/Page_Update Employee Information by Employer (Under enforcement)/Under enforceme Message The case is under enforcement' is clicked on

2018-12-12 10:48:19 - [TEST_STEP][PASSED] - click: Object: 'Object Repository/Final Object Repo/Page_Update Employee Information By Employer/Page_Update Employee Information by Employer (Under enforcement)/Under enforcement - OK button' is clicked on

2018-12-12 10:48:20 - [MESSAGE][PASSED] - Object: 'Object Repository/Final Object Repo/Page_Update Employee Information By Employer/Page_Update Employee Information by Employer (Under enforcement)/Under enforcement - OK button' is clicked on

2018-12-12 10:48:20 - [MESSAGE][PASSED] - Call Test Case 'Test Cases/Final Aug 2018 - PKS Automation/Registration Module/Workflow/Update Employee Information (Employer)/Template/Update Employee Information - Special Case - UO (UnderEnforcement)' successfully]]></system-out>
         <system-err><![CDATA[]]></system-err>
      </testcase>
      <system-out><![CDATA[2018-12-12 09:18:50 - [TEST_SUITE][PASSED] - Update Employee Information (Employer): Test Cases/Final Aug 2018 - PKS Automation/Registration Module/Workflow/Update Employee Information (Employer)/PKRBO - UO (Under enforcement)]]></system-out>
      <system-err><![CDATA[]]></system-err>
   </testsuite>
</testsuites>
