<?xml version="1.0" encoding="UTF-8"?>
<testsuites name="Request SSN" time="1129" tests="0" failures="6" errors="0">
   <testsuite name="Request SSN" tests="0" failures="6" errors="0" time="1129" timestamp="2018-11-23 01:16:28" hostname="Admin - Win7Test02" id="Test Suites/Workflow/Request SSN">
      <properties>
         <property name="deviceName" value=""/>
         <property name="devicePlatform" value=""/>
         <property name="logFolder" value="C:\\Users\\Admin\\Desktop\\PKS\\Perkeso Phase A\\Reports\\Workflow\\Request SSN\\20181122_161416"/>
         <property name="logFiles" value="C:\\Users\\Admin\\Desktop\\PKS\\Perkeso Phase A\\Reports\\Workflow\\Request SSN\\20181122_161416\\execution0.log"/>
         <property name="attachments" value="C:\\Users\\Admin\\Desktop\\PKS\\Perkeso Phase A\\Reports\\Workflow\\Request SSN\\20181122_161416\\1542907103417.png, C:\\Users\\Admin\\Desktop\\PKS\\Perkeso Phase A\\Reports\\Workflow\\Request SSN\\20181122_161416\\1542907235259.png, C:\\Users\\Admin\\Desktop\\PKS\\Perkeso Phase A\\Reports\\Workflow\\Request SSN\\20181122_161416\\1542907273031.png, C:\\Users\\Admin\\Desktop\\PKS\\Perkeso Phase A\\Reports\\Workflow\\Request SSN\\20181122_161416\\1542907415437.png, C:\\Users\\Admin\\Desktop\\PKS\\Perkeso Phase A\\Reports\\Workflow\\Request SSN\\20181122_161416\\1542907453106.png, C:\\Users\\Admin\\Desktop\\PKS\\Perkeso Phase A\\Reports\\Workflow\\Request SSN\\20181122_161416\\1542907677772.png, C:\\Users\\Admin\\Desktop\\PKS\\Perkeso Phase A\\Reports\\Workflow\\Request SSN\\20181122_161416\\1542907715382.png, C:\\Users\\Admin\\Desktop\\PKS\\Perkeso Phase A\\Reports\\Workflow\\Request SSN\\20181122_161416\\1542907865519.png, C:\\Users\\Admin\\Desktop\\PKS\\Perkeso Phase A\\Reports\\Workflow\\Request SSN\\20181122_161416\\1542907902985.png, C:\\Users\\Admin\\Desktop\\PKS\\Perkeso Phase A\\Reports\\Workflow\\Request SSN\\20181122_161416\\1542908052626.png, C:\\Users\\Admin\\Desktop\\PKS\\Perkeso Phase A\\Reports\\Workflow\\Request SSN\\20181122_161416\\1542908090073.png"/>
         <property name="hostName" value="Admin - Win7Test02"/>
         <property name="os" value="Windows 7 64bit"/>
         <property name="katalonVersion" value="5.8.6.1"/>
         <property name="browser" value="Chrome 70.0.3538.102"/>
         <property name="hostAddress" value="10.20.3.72"/>
         <property name="sessionId" value="d8be4384436ab526680d25c63bf84246"/>
         <property name="seleniumVersion" value="3.7.1"/>
         <property name="proxyInformation" value="ProxyInformation{proxyOption=NO_PROXY, proxyServerType=HTTP, password=, proxyServerAddress=, proxyServerPort=0}"/>
         <property name="platform" value="Windows 7"/>
      </properties>
      <testcase name="Test Cases/Final Aug 2018 - PKS Automation/Registration Module/Workflow/Request SSN/OTC - RIO - RO (Approve)" classname="Test Cases/Final Aug 2018 - PKS Automation/Registration Module/Workflow/Request SSN/OTC - RIO - RO (Approve)" status="FAILED">
         <failure type="FAILED" message="(Stack trace: com.kms.katalon.core.exception.StepFailedException: Unable to set text 'null' of object 'Object Repository/Final Object Repo/WorkFlow Listing Page/Ref No Set Text' (Root cause: java.lang.IllegalArgumentException: Text is null)
	at com.kms.katalon.core.keyword.internal.KeywordMain.stepFailed(KeywordMain.groovy:32)
	at com.kms.katalon.core.webui.keyword.internal.WebUIKeywordMain.stepFailed(WebUIKeywordMain.groovy:65)
	at com.kms.katalon.core.webui.keyword.internal.WebUIKeywordMain.runKeyword(WebUIKeywordMain.groovy:27)
	at com.kms.katalon.core.webui.keyword.builtin.SetTextKeyword.setText(SetTextKeyword.groovy:65)
	at com.kms.katalon.core.webui.keyword.builtin.SetTextKeyword.execute(SetTextKeyword.groovy:37)
	at com.kms.katalon.core.keyword.internal.KeywordExecutor.executeKeywordForPlatform(KeywordExecutor.groovy:53)
	at com.kms.katalon.core.webui.keyword.WebUiBuiltInKeywords.setText(WebUiBuiltInKeywords.groovy:950)
	at com.kms.katalon.core.webui.keyword.WebUiBuiltInKeywords$setText$1.call(Unknown Source)
	at org.codehaus.groovy.runtime.callsite.CallSiteArray.defaultCall(CallSiteArray.java:48)
	at org.codehaus.groovy.runtime.callsite.AbstractCallSite.call(AbstractCallSite.java:113)
	at org.codehaus.groovy.runtime.callsite.AbstractCallSite.call(AbstractCallSite.java:133)
	at Script1534407542420.run(Script1534407542420.groovy:83)
	at com.kms.katalon.core.main.ScriptEngine.run(ScriptEngine.java:183)
	at com.kms.katalon.core.main.ScriptEngine.runScriptAsRawText(ScriptEngine.java:108)
	at com.kms.katalon.core.main.TestCaseExecutor.runScript(TestCaseExecutor.java:294)
	at com.kms.katalon.core.main.TestCaseExecutor.doExecute(TestCaseExecutor.java:285)
	at com.kms.katalon.core.main.TestCaseExecutor.processExecutionPhase(TestCaseExecutor.java:264)
	at com.kms.katalon.core.main.TestCaseExecutor.accessMainPhase(TestCaseExecutor.java:256)
	at com.kms.katalon.core.main.TestCaseExecutor.execute(TestCaseExecutor.java:200)
	at com.kms.katalon.core.main.TestCaseMain.runTestCase(TestCaseMain.java:99)
	at com.kms.katalon.core.keyword.builtin.CallTestCaseKeyword$_callTestCase_closure1.doCall(CallTestCaseKeyword.groovy:60)
	at com.kms.katalon.core.keyword.builtin.CallTestCaseKeyword$_callTestCase_closure1.call(CallTestCaseKeyword.groovy)
	at com.kms.katalon.core.keyword.internal.KeywordMain.runKeyword(KeywordMain.groovy:54)
	at com.kms.katalon.core.keyword.builtin.CallTestCaseKeyword.callTestCase(CallTestCaseKeyword.groovy:81)
	at com.kms.katalon.core.keyword.builtin.CallTestCaseKeyword.execute(CallTestCaseKeyword.groovy:45)
	at com.kms.katalon.core.keyword.internal.KeywordExecutor.executeKeywordForPlatform(KeywordExecutor.groovy:53)
	at com.kms.katalon.core.keyword.BuiltinKeywords.callTestCase(BuiltinKeywords.groovy:334)
	at sun.reflect.NativeMethodAccessorImpl.invoke0(Native Method)
	at sun.reflect.NativeMethodAccessorImpl.invoke(NativeMethodAccessorImpl.java:62)
	at sun.reflect.DelegatingMethodAccessorImpl.invoke(DelegatingMethodAccessorImpl.java:43)
	at java.lang.reflect.Method.invoke(Method.java:498)
	at org.codehaus.groovy.reflection.CachedMethod.invoke(CachedMethod.java:93)
	at groovy.lang.MetaMethod.doMethodInvoke(MetaMethod.java:325)
	at groovy.lang.MetaClassImpl.invokeStaticMethod(MetaClassImpl.java:1469)
	at org.codehaus.groovy.runtime.callsite.StaticMetaClassSite.call(StaticMetaClassSite.java:53)
	at org.codehaus.groovy.runtime.callsite.CallSiteArray.defaultCall(CallSiteArray.java:48)
	at org.codehaus.groovy.runtime.callsite.AbstractCallSite.call(AbstractCallSite.java:113)
	at org.codehaus.groovy.runtime.callsite.AbstractCallSite.call(AbstractCallSite.java:141)
	at Script1537865992110.run(Script1537865992110.groovy:30)
	at com.kms.katalon.core.main.ScriptEngine.run(ScriptEngine.java:183)
	at com.kms.katalon.core.main.ScriptEngine.runScriptAsRawText(ScriptEngine.java:108)
	at com.kms.katalon.core.main.TestCaseExecutor.runScript(TestCaseExecutor.java:294)
	at com.kms.katalon.core.main.TestCaseExecutor.doExecute(TestCaseExecutor.java:285)
	at com.kms.katalon.core.main.TestCaseExecutor.processExecutionPhase(TestCaseExecutor.java:264)
	at com.kms.katalon.core.main.TestCaseExecutor.accessMainPhase(TestCaseExecutor.java:256)
	at com.kms.katalon.core.main.TestCaseExecutor.execute(TestCaseExecutor.java:200)
	at com.kms.katalon.core.main.TestCaseMain.runTestCase(TestCaseMain.java:99)
	at com.kms.katalon.core.keyword.builtin.CallTestCaseKeyword$_callTestCase_closure1.doCall(CallTestCaseKeyword.groovy:60)
	at com.kms.katalon.core.keyword.builtin.CallTestCaseKeyword$_callTestCase_closure1.call(CallTestCaseKeyword.groovy)
	at com.kms.katalon.core.keyword.internal.KeywordMain.runKeyword(KeywordMain.groovy:54)
	at com.kms.katalon.core.keyword.builtin.CallTestCaseKeyword.callTestCase(CallTestCaseKeyword.groovy:81)
	at com.kms.katalon.core.keyword.builtin.CallTestCaseKeyword.execute(CallTestCaseKeyword.groovy:45)
	at com.kms.katalon.core.keyword.internal.KeywordExecutor.executeKeywordForPlatform(KeywordExecutor.groovy:53)
	at com.kms.katalon.core.keyword.BuiltinKeywords.callTestCase(BuiltinKeywords.groovy:334)
	at sun.reflect.NativeMethodAccessorImpl.invoke0(Native Method)
	at sun.reflect.NativeMethodAccessorImpl.invoke(NativeMethodAccessorImpl.java:62)
	at sun.reflect.DelegatingMethodAccessorImpl.invoke(DelegatingMethodAccessorImpl.java:43)
	at java.lang.reflect.Method.invoke(Method.java:498)
	at org.codehaus.groovy.reflection.CachedMethod.invoke(CachedMethod.java:93)
	at groovy.lang.MetaMethod.doMethodInvoke(MetaMethod.java:325)
	at groovy.lang.MetaClassImpl.invokeStaticMethod(MetaClassImpl.java:1469)
	at org.codehaus.groovy.runtime.callsite.StaticMetaClassSite.call(StaticMetaClassSite.java:53)
	at org.codehaus.groovy.runtime.callsite.CallSiteArray.defaultCall(CallSiteArray.java:48)
	at org.codehaus.groovy.runtime.callsite.AbstractCallSite.call(AbstractCallSite.java:113)
	at org.codehaus.groovy.runtime.callsite.AbstractCallSite.call(AbstractCallSite.java:141)
	at Script1536300508581.run(Script1536300508581.groovy:26)
	at com.kms.katalon.core.main.ScriptEngine.run(ScriptEngine.java:183)
	at com.kms.katalon.core.main.ScriptEngine.runScriptAsRawText(ScriptEngine.java:108)
	at com.kms.katalon.core.main.TestCaseExecutor.runScript(TestCaseExecutor.java:294)
	at com.kms.katalon.core.main.TestCaseExecutor.doExecute(TestCaseExecutor.java:285)
	at com.kms.katalon.core.main.TestCaseExecutor.processExecutionPhase(TestCaseExecutor.java:264)
	at com.kms.katalon.core.main.TestCaseExecutor.accessMainPhase(TestCaseExecutor.java:256)
	at com.kms.katalon.core.main.TestCaseExecutor.execute(TestCaseExecutor.java:200)
	at com.kms.katalon.core.main.TestSuiteExecutor.accessTestCaseMainPhase(TestSuiteExecutor.java:129)
	at com.kms.katalon.core.main.TestSuiteExecutor.accessTestSuiteMainPhase(TestSuiteExecutor.java:112)
	at com.kms.katalon.core.main.TestSuiteExecutor.execute(TestSuiteExecutor.java:81)
	at com.kms.katalon.core.main.TestCaseMain.startTestSuite(TestCaseMain.java:142)
	at com.kms.katalon.core.main.TestCaseMain$startTestSuite$0.call(Unknown Source)
	at org.codehaus.groovy.runtime.callsite.CallSiteArray.defaultCall(CallSiteArray.java:48)
	at org.codehaus.groovy.runtime.callsite.AbstractCallSite.call(AbstractCallSite.java:113)
	at org.codehaus.groovy.runtime.callsite.AbstractCallSite.call(AbstractCallSite.java:141)
	at TempTestSuite1542874456978.run(TempTestSuite1542874456978.groovy:36)
	at groovy.lang.GroovyShell.runScriptOrMainOrTestOrRunnable(GroovyShell.java:263)
	at groovy.lang.GroovyShell.run(GroovyShell.java:518)
	at groovy.lang.GroovyShell.run(GroovyShell.java:507)
	at groovy.ui.GroovyMain.processOnce(GroovyMain.java:653)
	at groovy.ui.GroovyMain.run(GroovyMain.java:384)
	at groovy.ui.GroovyMain.process(GroovyMain.java:370)
	at groovy.ui.GroovyMain.processArgs(GroovyMain.java:129)
	at groovy.ui.GroovyMain.main(GroovyMain.java:109)
	at sun.reflect.NativeMethodAccessorImpl.invoke0(Native Method)
	at sun.reflect.NativeMethodAccessorImpl.invoke(NativeMethodAccessorImpl.java:62)
	at sun.reflect.DelegatingMethodAccessorImpl.invoke(DelegatingMethodAccessorImpl.java:43)
	at java.lang.reflect.Method.invoke(Method.java:498)
	at org.codehaus.groovy.tools.GroovyStarter.rootLoader(GroovyStarter.java:109)
	at org.codehaus.groovy.tools.GroovyStarter.main(GroovyStarter.java:131)
)"/>
         <system-out><![CDATA[2018-11-23 01:16:28 - [TEST_CASE][FAILED] - Test Cases/Final Aug 2018 - PKS Automation/Registration Module/Workflow/Request SSN/OTC - RIO - RO (Approve): Test Cases/Final Aug 2018 - PKS Automation/Registration Module/Workflow/Request SSN/OTC - RIO - RO (Approve) FAILED because (of) (Stack trace: com.kms.katalon.core.exception.StepFailedException: Unable to set text 'null' of object 'Object Repository/Final Object Repo/WorkFlow Listing Page/Ref No Set Text' (Root cause: java.lang.IllegalArgumentException: Text is null)
	at com.kms.katalon.core.keyword.internal.KeywordMain.stepFailed(KeywordMain.groovy:32)
	at com.kms.katalon.core.webui.keyword.internal.WebUIKeywordMain.stepFailed(WebUIKeywordMain.groovy:65)
	at com.kms.katalon.core.webui.keyword.internal.WebUIKeywordMain.runKeyword(WebUIKeywordMain.groovy:27)
	at com.kms.katalon.core.webui.keyword.builtin.SetTextKeyword.setText(SetTextKeyword.groovy:65)
	at com.kms.katalon.core.webui.keyword.builtin.SetTextKeyword.execute(SetTextKeyword.groovy:37)
	at com.kms.katalon.core.keyword.internal.KeywordExecutor.executeKeywordForPlatform(KeywordExecutor.groovy:53)
	at com.kms.katalon.core.webui.keyword.WebUiBuiltInKeywords.setText(WebUiBuiltInKeywords.groovy:950)
	at com.kms.katalon.core.webui.keyword.WebUiBuiltInKeywords$setText$1.call(Unknown Source)
	at org.codehaus.groovy.runtime.callsite.CallSiteArray.defaultCall(CallSiteArray.java:48)
	at org.codehaus.groovy.runtime.callsite.AbstractCallSite.call(AbstractCallSite.java:113)
	at org.codehaus.groovy.runtime.callsite.AbstractCallSite.call(AbstractCallSite.java:133)
	at Script1534407542420.run(Script1534407542420.groovy:83)
	at com.kms.katalon.core.main.ScriptEngine.run(ScriptEngine.java:183)
	at com.kms.katalon.core.main.ScriptEngine.runScriptAsRawText(ScriptEngine.java:108)
	at com.kms.katalon.core.main.TestCaseExecutor.runScript(TestCaseExecutor.java:294)
	at com.kms.katalon.core.main.TestCaseExecutor.doExecute(TestCaseExecutor.java:285)
	at com.kms.katalon.core.main.TestCaseExecutor.processExecutionPhase(TestCaseExecutor.java:264)
	at com.kms.katalon.core.main.TestCaseExecutor.accessMainPhase(TestCaseExecutor.java:256)
	at com.kms.katalon.core.main.TestCaseExecutor.execute(TestCaseExecutor.java:200)
	at com.kms.katalon.core.main.TestCaseMain.runTestCase(TestCaseMain.java:99)
	at com.kms.katalon.core.keyword.builtin.CallTestCaseKeyword$_callTestCase_closure1.doCall(CallTestCaseKeyword.groovy:60)
	at com.kms.katalon.core.keyword.builtin.CallTestCaseKeyword$_callTestCase_closure1.call(CallTestCaseKeyword.groovy)
	at com.kms.katalon.core.keyword.internal.KeywordMain.runKeyword(KeywordMain.groovy:54)
	at com.kms.katalon.core.keyword.builtin.CallTestCaseKeyword.callTestCase(CallTestCaseKeyword.groovy:81)
	at com.kms.katalon.core.keyword.builtin.CallTestCaseKeyword.execute(CallTestCaseKeyword.groovy:45)
	at com.kms.katalon.core.keyword.internal.KeywordExecutor.executeKeywordForPlatform(KeywordExecutor.groovy:53)
	at com.kms.katalon.core.keyword.BuiltinKeywords.callTestCase(BuiltinKeywords.groovy:334)
	at sun.reflect.NativeMethodAccessorImpl.invoke0(Native Method)
	at sun.reflect.NativeMethodAccessorImpl.invoke(NativeMethodAccessorImpl.java:62)
	at sun.reflect.DelegatingMethodAccessorImpl.invoke(DelegatingMethodAccessorImpl.java:43)
	at java.lang.reflect.Method.invoke(Method.java:498)
	at org.codehaus.groovy.reflection.CachedMethod.invoke(CachedMethod.java:93)
	at groovy.lang.MetaMethod.doMethodInvoke(MetaMethod.java:325)
	at groovy.lang.MetaClassImpl.invokeStaticMethod(MetaClassImpl.java:1469)
	at org.codehaus.groovy.runtime.callsite.StaticMetaClassSite.call(StaticMetaClassSite.java:53)
	at org.codehaus.groovy.runtime.callsite.CallSiteArray.defaultCall(CallSiteArray.java:48)
	at org.codehaus.groovy.runtime.callsite.AbstractCallSite.call(AbstractCallSite.java:113)
	at org.codehaus.groovy.runtime.callsite.AbstractCallSite.call(AbstractCallSite.java:141)
	at Script1537865992110.run(Script1537865992110.groovy:30)
	at com.kms.katalon.core.main.ScriptEngine.run(ScriptEngine.java:183)
	at com.kms.katalon.core.main.ScriptEngine.runScriptAsRawText(ScriptEngine.java:108)
	at com.kms.katalon.core.main.TestCaseExecutor.runScript(TestCaseExecutor.java:294)
	at com.kms.katalon.core.main.TestCaseExecutor.doExecute(TestCaseExecutor.java:285)
	at com.kms.katalon.core.main.TestCaseExecutor.processExecutionPhase(TestCaseExecutor.java:264)
	at com.kms.katalon.core.main.TestCaseExecutor.accessMainPhase(TestCaseExecutor.java:256)
	at com.kms.katalon.core.main.TestCaseExecutor.execute(TestCaseExecutor.java:200)
	at com.kms.katalon.core.main.TestCaseMain.runTestCase(TestCaseMain.java:99)
	at com.kms.katalon.core.keyword.builtin.CallTestCaseKeyword$_callTestCase_closure1.doCall(CallTestCaseKeyword.groovy:60)
	at com.kms.katalon.core.keyword.builtin.CallTestCaseKeyword$_callTestCase_closure1.call(CallTestCaseKeyword.groovy)
	at com.kms.katalon.core.keyword.internal.KeywordMain.runKeyword(KeywordMain.groovy:54)
	at com.kms.katalon.core.keyword.builtin.CallTestCaseKeyword.callTestCase(CallTestCaseKeyword.groovy:81)
	at com.kms.katalon.core.keyword.builtin.CallTestCaseKeyword.execute(CallTestCaseKeyword.groovy:45)
	at com.kms.katalon.core.keyword.internal.KeywordExecutor.executeKeywordForPlatform(KeywordExecutor.groovy:53)
	at com.kms.katalon.core.keyword.BuiltinKeywords.callTestCase(BuiltinKeywords.groovy:334)
	at sun.reflect.NativeMethodAccessorImpl.invoke0(Native Method)
	at sun.reflect.NativeMethodAccessorImpl.invoke(NativeMethodAccessorImpl.java:62)
	at sun.reflect.DelegatingMethodAccessorImpl.invoke(DelegatingMethodAccessorImpl.java:43)
	at java.lang.reflect.Method.invoke(Method.java:498)
	at org.codehaus.groovy.reflection.CachedMethod.invoke(CachedMethod.java:93)
	at groovy.lang.MetaMethod.doMethodInvoke(MetaMethod.java:325)
	at groovy.lang.MetaClassImpl.invokeStaticMethod(MetaClassImpl.java:1469)
	at org.codehaus.groovy.runtime.callsite.StaticMetaClassSite.call(StaticMetaClassSite.java:53)
	at org.codehaus.groovy.runtime.callsite.CallSiteArray.defaultCall(CallSiteArray.java:48)
	at org.codehaus.groovy.runtime.callsite.AbstractCallSite.call(AbstractCallSite.java:113)
	at org.codehaus.groovy.runtime.callsite.AbstractCallSite.call(AbstractCallSite.java:141)
	at Script1536300508581.run(Script1536300508581.groovy:26)
	at com.kms.katalon.core.main.ScriptEngine.run(ScriptEngine.java:183)
	at com.kms.katalon.core.main.ScriptEngine.runScriptAsRawText(ScriptEngine.java:108)
	at com.kms.katalon.core.main.TestCaseExecutor.runScript(TestCaseExecutor.java:294)
	at com.kms.katalon.core.main.TestCaseExecutor.doExecute(TestCaseExecutor.java:285)
	at com.kms.katalon.core.main.TestCaseExecutor.processExecutionPhase(TestCaseExecutor.java:264)
	at com.kms.katalon.core.main.TestCaseExecutor.accessMainPhase(TestCaseExecutor.java:256)
	at com.kms.katalon.core.main.TestCaseExecutor.execute(TestCaseExecutor.java:200)
	at com.kms.katalon.core.main.TestSuiteExecutor.accessTestCaseMainPhase(TestSuiteExecutor.java:129)
	at com.kms.katalon.core.main.TestSuiteExecutor.accessTestSuiteMainPhase(TestSuiteExecutor.java:112)
	at com.kms.katalon.core.main.TestSuiteExecutor.execute(TestSuiteExecutor.java:81)
	at com.kms.katalon.core.main.TestCaseMain.startTestSuite(TestCaseMain.java:142)
	at com.kms.katalon.core.main.TestCaseMain$startTestSuite$0.call(Unknown Source)
	at org.codehaus.groovy.runtime.callsite.CallSiteArray.defaultCall(CallSiteArray.java:48)
	at org.codehaus.groovy.runtime.callsite.AbstractCallSite.call(AbstractCallSite.java:113)
	at org.codehaus.groovy.runtime.callsite.AbstractCallSite.call(AbstractCallSite.java:141)
	at TempTestSuite1542874456978.run(TempTestSuite1542874456978.groovy:36)
	at groovy.lang.GroovyShell.runScriptOrMainOrTestOrRunnable(GroovyShell.java:263)
	at groovy.lang.GroovyShell.run(GroovyShell.java:518)
	at groovy.lang.GroovyShell.run(GroovyShell.java:507)
	at groovy.ui.GroovyMain.processOnce(GroovyMain.java:653)
	at groovy.ui.GroovyMain.run(GroovyMain.java:384)
	at groovy.ui.GroovyMain.process(GroovyMain.java:370)
	at groovy.ui.GroovyMain.processArgs(GroovyMain.java:129)
	at groovy.ui.GroovyMain.main(GroovyMain.java:109)
	at sun.reflect.NativeMethodAccessorImpl.invoke0(Native Method)
	at sun.reflect.NativeMethodAccessorImpl.invoke(NativeMethodAccessorImpl.java:62)
	at sun.reflect.DelegatingMethodAccessorImpl.invoke(DelegatingMethodAccessorImpl.java:43)
	at java.lang.reflect.Method.invoke(Method.java:498)
	at org.codehaus.groovy.tools.GroovyStarter.rootLoader(GroovyStarter.java:109)
	at org.codehaus.groovy.tools.GroovyStarter.main(GroovyStarter.java:131)
)

2018-11-23 01:16:29 - [TEST_STEP][PASSED] - callTestCase: Call Test Case 'Test Cases/Final Aug 2018 - PKS Automation/Registration Module/Workflow/Request SSN/Template/Request SSN - OTC (Using Current Employer Code)' successfully

2018-11-23 01:16:29 - [TEST_CASE][PASSED] - Test Cases/Final Aug 2018 - PKS Automation/Registration Module/Workflow/Request SSN/Template/Request SSN - OTC (Using Current Employer Code): Test Cases/Final Aug 2018 - PKS Automation/Registration Module/Workflow/Request SSN/Template/Request SSN - OTC (Using Current Employer Code)

2018-11-23 01:16:29 - [TEST_STEP][PASSED] - openBrowser: Browser is opened with url: ''

2018-11-23 01:16:34 - [MESSAGE][PASSED] - Browser is opened with url: ''

2018-11-23 01:16:34 - [TEST_STEP][PASSED] - navigateToUrl: Navigate to 'https://assist2-uat.perkeso.gov.my/login' successfully

2018-11-23 01:16:35 - [MESSAGE][PASSED] - Navigate to 'https://assist2-uat.perkeso.gov.my/login' successfully

2018-11-23 01:16:35 - [TEST_STEP][PASSED] - setText: Text 'johorotc1@gmail.com' is set on object 'Object Repository/Final Object Repo/Login Page/Internal User/Email Address'

2018-11-23 01:16:36 - [MESSAGE][PASSED] - Text 'johorotc1@gmail.com' is set on object 'Object Repository/Final Object Repo/Login Page/Internal User/Email Address'

2018-11-23 01:16:36 - [TEST_STEP][PASSED] - click: Object: 'Object Repository/Final Object Repo/Login Page/Internal User/Next Button' is clicked on

2018-11-23 01:16:36 - [MESSAGE][PASSED] - Object: 'Object Repository/Final Object Repo/Login Page/Internal User/Next Button' is clicked on

2018-11-23 01:16:36 - [TEST_STEP][PASSED] - delay: Delayed 1 second(s)

2018-11-23 01:16:37 - [MESSAGE][PASSED] - Delayed 1 second(s)

2018-11-23 01:16:37 - [TEST_STEP][PASSED] - setEncryptedText: Text ****** has been set on object 'Object Repository/Final Object Repo/Login Page/Internal User/Password'

2018-11-23 01:16:37 - [MESSAGE][PASSED] - Text ****** has been set on object 'Object Repository/Final Object Repo/Login Page/Internal User/Password'

2018-11-23 01:16:37 - [TEST_STEP][PASSED] - click: Object: 'Object Repository/Final Object Repo/Login Page/Internal User/Login Button' is clicked on

2018-11-23 01:16:38 - [MESSAGE][PASSED] - Object: 'Object Repository/Final Object Repo/Login Page/Internal User/Login Button' is clicked on

2018-11-23 01:16:38 - [TEST_STEP][PASSED] - delay: Delayed 1 second(s)

2018-11-23 01:16:39 - [MESSAGE][PASSED] - Delayed 1 second(s)

2018-11-23 01:16:39 - [TEST_STEP][PASSED] - navigateToUrl: Navigate to 'https://assist2-uat.perkeso.gov.my/web/registration/request-ssn' successfully

2018-11-23 01:16:45 - [MESSAGE][PASSED] - Navigate to 'https://assist2-uat.perkeso.gov.my/web/registration/request-ssn' successfully

2018-11-23 01:16:45 - [TEST_STEP][PASSED] - setText: Text 'perkeso' is set on object 'Object Repository/Final Object Repo/Page_Request SSN - ASSIST/AI - Name'

2018-11-23 01:16:45 - [MESSAGE][PASSED] - Text 'perkeso' is set on object 'Object Repository/Final Object Repo/Page_Request SSN - ASSIST/AI - Name'

2018-11-23 01:16:45 - [TEST_STEP][PASSED] - click: Object: 'Object Repository/Final Object Repo/Page_Request SSN - ASSIST/AI - DOB' is clicked on

2018-11-23 01:16:46 - [MESSAGE][PASSED] - Object: 'Object Repository/Final Object Repo/Page_Request SSN - ASSIST/AI - DOB' is clicked on

2018-11-23 01:16:46 - [TEST_STEP][PASSED] - selectOptionByValue: All options with value '1995' are selected in object 'Object Repository/Final Object Repo/Page_Request SSN - ASSIST/AI - DOB - Year' 

2018-11-23 01:16:46 - [MESSAGE][PASSED] - All options with value '1995' are selected in object 'Object Repository/Final Object Repo/Page_Request SSN - ASSIST/AI - DOB - Year' 

2018-11-23 01:16:46 - [TEST_STEP][PASSED] - delay: Delayed 3 second(s)

2018-11-23 01:16:49 - [MESSAGE][PASSED] - Delayed 3 second(s)

2018-11-23 01:16:49 - [TEST_STEP][PASSED] - doubleClick: Object: 'Object Repository/Final Object Repo/Page_Request SSN - ASSIST/AI - DOB - Year - Date' is double clicked on

2018-11-23 01:16:49 - [MESSAGE][PASSED] - Object: 'Object Repository/Final Object Repo/Page_Request SSN - ASSIST/AI - DOB - Year - Date' is double clicked on

2018-11-23 01:16:49 - [TEST_STEP][PASSED] - click: Object: 'Object Repository/Final Object Repo/Page_Request SSN - ASSIST/AI - Male' is clicked on

2018-11-23 01:16:49 - [MESSAGE][PASSED] - Object: 'Object Repository/Final Object Repo/Page_Request SSN - ASSIST/AI - Male' is clicked on

2018-11-23 01:16:50 - [TEST_STEP][PASSED] - click: Object: 'Object Repository/Final Object Repo/Page_Request SSN - ASSIST/AI- Race' is clicked on

2018-11-23 01:16:50 - [MESSAGE][PASSED] - Object: 'Object Repository/Final Object Repo/Page_Request SSN - ASSIST/AI- Race' is clicked on

2018-11-23 01:16:50 - [TEST_STEP][PASSED] - click: Object: 'Object Repository/Final Object Repo/Page_Request SSN - ASSIST/AI - Race - Melayu' is clicked on

2018-11-23 01:16:50 - [MESSAGE][PASSED] - Object: 'Object Repository/Final Object Repo/Page_Request SSN - ASSIST/AI - Race - Melayu' is clicked on

2018-11-23 01:16:50 - [TEST_STEP][PASSED] - click: Object: 'Object Repository/Final Object Repo/Page_Request SSN - ASSIST/AI - Religion' is clicked on

2018-11-23 01:16:50 - [MESSAGE][PASSED] - Object: 'Object Repository/Final Object Repo/Page_Request SSN - ASSIST/AI - Religion' is clicked on

2018-11-23 01:16:50 - [TEST_STEP][PASSED] - click: Object: 'Object Repository/Final Object Repo/Page_Request SSN - ASSIST/AI - Religion - Islam' is clicked on

2018-11-23 01:16:50 - [MESSAGE][PASSED] - Object: 'Object Repository/Final Object Repo/Page_Request SSN - ASSIST/AI - Religion - Islam' is clicked on

2018-11-23 01:16:50 - [TEST_STEP][PASSED] - setText: Text '12345' is set on object 'Object Repository/Final Object Repo/Page_Request SSN - ASSIST/AI - Birth Certificate'

2018-11-23 01:16:51 - [MESSAGE][PASSED] - Text '12345' is set on object 'Object Repository/Final Object Repo/Page_Request SSN - ASSIST/AI - Birth Certificate'

2018-11-23 01:16:51 - [TEST_STEP][PASSED] - click: Object: 'Object Repository/Final Object Repo/Page_Request SSN - ASSIST/AI - Nationality' is clicked on

2018-11-23 01:16:51 - [MESSAGE][PASSED] - Object: 'Object Repository/Final Object Repo/Page_Request SSN - ASSIST/AI - Nationality' is clicked on

2018-11-23 01:16:51 - [TEST_STEP][PASSED] - click: Object: 'Object Repository/Final Object Repo/Page_Request SSN - ASSIST/AI - Nationality - Afghanistan' is clicked on

2018-11-23 01:16:52 - [MESSAGE][PASSED] - Object: 'Object Repository/Final Object Repo/Page_Request SSN - ASSIST/AI - Nationality - Afghanistan' is clicked on

2018-11-23 01:16:52 - [TEST_STEP][PASSED] - setText: Text 'PERKESO ADDRESS1' is set on object 'Object Repository/Final Object Repo/Page_Request SSN - ASSIST/AI - Address1'

2018-11-23 01:16:53 - [MESSAGE][PASSED] - Text 'PERKESO ADDRESS1' is set on object 'Object Repository/Final Object Repo/Page_Request SSN - ASSIST/AI - Address1'

2018-11-23 01:16:53 - [TEST_STEP][PASSED] - setText: Text 'PERKESO ADDRESS2' is set on object 'Object Repository/Final Object Repo/Page_Request SSN - ASSIST/AI - Address2'

2018-11-23 01:16:54 - [MESSAGE][PASSED] - Text 'PERKESO ADDRESS2' is set on object 'Object Repository/Final Object Repo/Page_Request SSN - ASSIST/AI - Address2'

2018-11-23 01:16:54 - [TEST_STEP][PASSED] - setText: Text 'PERKESO ADDRESS3' is set on object 'Object Repository/Final Object Repo/Page_Request SSN - ASSIST/AI - Address3'

2018-11-23 01:16:55 - [MESSAGE][PASSED] - Text 'PERKESO ADDRESS3' is set on object 'Object Repository/Final Object Repo/Page_Request SSN - ASSIST/AI - Address3'

2018-11-23 01:16:55 - [TEST_STEP][PASSED] - click: Object: 'Object Repository/Final Object Repo/Page_Request SSN - ASSIST/AI - State' is clicked on

2018-11-23 01:16:56 - [MESSAGE][PASSED] - Object: 'Object Repository/Final Object Repo/Page_Request SSN - ASSIST/AI - State' is clicked on

2018-11-23 01:16:56 - [TEST_STEP][PASSED] - click: Object: 'Object Repository/Final Object Repo/Page_Request SSN - ASSIST/AI - Current Employer State - Johor' is clicked on

2018-11-23 01:16:56 - [MESSAGE][PASSED] - Object: 'Object Repository/Final Object Repo/Page_Request SSN - ASSIST/AI - Current Employer State - Johor' is clicked on

2018-11-23 01:16:56 - [TEST_STEP][PASSED] - click: Object: 'Object Repository/Final Object Repo/Page_Request SSN - ASSIST/AI - City' is clicked on

2018-11-23 01:16:56 - [MESSAGE][PASSED] - Object: 'Object Repository/Final Object Repo/Page_Request SSN - ASSIST/AI - City' is clicked on

2018-11-23 01:16:56 - [TEST_STEP][PASSED] - setText: Text 'JOH' is set on object 'Object Repository/Final Object Repo/Page_Request SSN - ASSIST/AI - City - JOH'

2018-11-23 01:16:57 - [MESSAGE][PASSED] - Text 'JOH' is set on object 'Object Repository/Final Object Repo/Page_Request SSN - ASSIST/AI - City - JOH'

2018-11-23 01:16:57 - [TEST_STEP][PASSED] - delay: Delayed 3 second(s)

2018-11-23 01:17:00 - [MESSAGE][PASSED] - Delayed 3 second(s)

2018-11-23 01:17:00 - [TEST_STEP][PASSED] - click: Object: 'Object Repository/Final Object Repo/Page_Request SSN - ASSIST/AI - City - Johor Bharu' is clicked on

2018-11-23 01:17:00 - [MESSAGE][PASSED] - Object: 'Object Repository/Final Object Repo/Page_Request SSN - ASSIST/AI - City - Johor Bharu' is clicked on

2018-11-23 01:17:00 - [TEST_STEP][PASSED] - click: Object: 'Object Repository/Final Object Repo/Page_Request SSN - ASSIST/AI - Post Code' is clicked on

2018-11-23 01:17:01 - [MESSAGE][PASSED] - Object: 'Object Repository/Final Object Repo/Page_Request SSN - ASSIST/AI - Post Code' is clicked on

2018-11-23 01:17:01 - [TEST_STEP][PASSED] - setText: Text '810' is set on object 'Object Repository/Final Object Repo/Page_Request SSN - ASSIST/AI - City - JOH'

2018-11-23 01:17:01 - [MESSAGE][PASSED] - Text '810' is set on object 'Object Repository/Final Object Repo/Page_Request SSN - ASSIST/AI - City - JOH'

2018-11-23 01:17:01 - [TEST_STEP][PASSED] - delay: Delayed 3 second(s)

2018-11-23 01:17:04 - [MESSAGE][PASSED] - Delayed 3 second(s)

2018-11-23 01:17:04 - [TEST_STEP][PASSED] - click: Object: 'Object Repository/Final Object Repo/Page_Request SSN - ASSIST/AI - PostCode - 81000' is clicked on

2018-11-23 01:17:05 - [MESSAGE][PASSED] - Object: 'Object Repository/Final Object Repo/Page_Request SSN - ASSIST/AI - PostCode - 81000' is clicked on

2018-11-23 01:17:05 - [TEST_STEP][PASSED] - setText: Text '100' is set on object 'Object Repository/Final Object Repo/Page_Request SSN - ASSIST/P.O.BOX'

2018-11-23 01:17:05 - [MESSAGE][PASSED] - Text '100' is set on object 'Object Repository/Final Object Repo/Page_Request SSN - ASSIST/P.O.BOX'

2018-11-23 01:17:05 - [TEST_STEP][PASSED] - setText: Text '100' is set on object 'Object Repository/Final Object Repo/Page_Request SSN - ASSIST/Locked Bag No'

2018-11-23 01:17:05 - [MESSAGE][PASSED] - Text '100' is set on object 'Object Repository/Final Object Repo/Page_Request SSN - ASSIST/Locked Bag No'

2018-11-23 01:17:05 - [TEST_STEP][PASSED] - delay: Delayed 2 second(s)

2018-11-23 01:17:08 - [MESSAGE][PASSED] - Delayed 2 second(s)

2018-11-23 01:17:08 - [TEST_STEP][PASSED] - setText: Text '123456789' is set on object 'Object Repository/Final Object Repo/Page_Request SSN - ASSIST/AI - Telephone No'

2018-11-23 01:17:08 - [MESSAGE][PASSED] - Text '123456789' is set on object 'Object Repository/Final Object Repo/Page_Request SSN - ASSIST/AI - Telephone No'

2018-11-23 01:17:08 - [TEST_STEP][PASSED] - click: Object: 'Object Repository/Final Object Repo/Page_Request SSN - ASSIST/AI - Occupation' is clicked on

2018-11-23 01:17:09 - [MESSAGE][PASSED] - Object: 'Object Repository/Final Object Repo/Page_Request SSN - ASSIST/AI - Occupation' is clicked on

2018-11-23 01:17:09 - [TEST_STEP][PASSED] - click: Object: 'Object Repository/Final Object Repo/Page_Request SSN - ASSIST/AI - Occupation - NUMERICAL AND MATERIAL R' is clicked on

2018-11-23 01:17:09 - [MESSAGE][PASSED] - Object: 'Object Repository/Final Object Repo/Page_Request SSN - ASSIST/AI - Occupation - NUMERICAL AND MATERIAL R' is clicked on

2018-11-23 01:17:09 - [TEST_STEP][PASSED] - delay: Delayed 2 second(s)

2018-11-23 01:17:11 - [MESSAGE][PASSED] - Delayed 2 second(s)

2018-11-23 01:17:11 - [TEST_STEP][PASSED] - click: Object: 'Object Repository/Final Object Repo/Page_Request SSN - ASSIST/AI - Sub Occupation' is clicked on

2018-11-23 01:17:11 - [MESSAGE][PASSED] - Object: 'Object Repository/Final Object Repo/Page_Request SSN - ASSIST/AI - Sub Occupation' is clicked on

2018-11-23 01:17:11 - [TEST_STEP][PASSED] - click: Object: 'Object Repository/Final Object Repo/Page_Request SSN - ASSIST/AI - Sub Occupation - Stock Clerks' is clicked on

2018-11-23 01:17:11 - [MESSAGE][PASSED] - Object: 'Object Repository/Final Object Repo/Page_Request SSN - ASSIST/AI - Sub Occupation - Stock Clerks' is clicked on

2018-11-23 01:17:11 - [TEST_STEP][PASSED] - delay: Delayed 2 second(s)

2018-11-23 01:17:13 - [MESSAGE][PASSED] - Delayed 2 second(s)

2018-11-23 01:17:13 - [TEST_STEP][PASSED] - click: Object: 'Object Repository/Final Object Repo/Page_Request SSN - ASSIST/AI - Sub Occupation List' is clicked on

2018-11-23 01:17:14 - [MESSAGE][PASSED] - Object: 'Object Repository/Final Object Repo/Page_Request SSN - ASSIST/AI - Sub Occupation List' is clicked on

2018-11-23 01:17:14 - [TEST_STEP][PASSED] - click: Object: 'Object Repository/Final Object Repo/Page_Request SSN - ASSIST/AI - Sub Occupation List - Clerk raw material' is clicked on

2018-11-23 01:17:14 - [MESSAGE][PASSED] - Object: 'Object Repository/Final Object Repo/Page_Request SSN - ASSIST/AI - Sub Occupation List - Clerk raw material' is clicked on

2018-11-23 01:17:14 - [TEST_STEP][PASSED] - click: Object: 'Object Repository/Final Object Repo/Page_Request SSN - ASSIST/AI - Employment Start Date' is clicked on

2018-11-23 01:17:14 - [MESSAGE][PASSED] - Object: 'Object Repository/Final Object Repo/Page_Request SSN - ASSIST/AI - Employment Start Date' is clicked on

2018-11-23 01:17:14 - [TEST_STEP][PASSED] - click: Object: 'Object Repository/Final Object Repo/Page_Request SSN - ASSIST/AI - DOB - Year - Date' is clicked on

2018-11-23 01:17:14 - [MESSAGE][PASSED] - Object: 'Object Repository/Final Object Repo/Page_Request SSN - ASSIST/AI - DOB - Year - Date' is clicked on

2018-11-23 01:17:14 - [TEST_STEP][PASSED] - setText: Text 'E1102001065V' is set on object 'Object Repository/Final Object Repo/Page_Request SSN - ASSIST/AI - Current Employer Code'

2018-11-23 01:17:15 - [MESSAGE][PASSED] - Text 'E1102001065V' is set on object 'Object Repository/Final Object Repo/Page_Request SSN - ASSIST/AI - Current Employer Code'

2018-11-23 01:17:15 - [TEST_STEP][PASSED] - delay: Delayed 2 second(s)

2018-11-23 01:17:17 - [MESSAGE][PASSED] - Delayed 2 second(s)

2018-11-23 01:17:17 - [TEST_STEP][PASSED] - click: Object: 'Object Repository/Final Object Repo/Page_Request SSN - ASSIST/AI - Current Employer Code - Search' is clicked on

2018-11-23 01:17:18 - [MESSAGE][PASSED] - Object: 'Object Repository/Final Object Repo/Page_Request SSN - ASSIST/AI - Current Employer Code - Search' is clicked on

2018-11-23 01:17:18 - [TEST_STEP][PASSED] - delay: Delayed 2 second(s)

2018-11-23 01:17:20 - [MESSAGE][PASSED] - Delayed 2 second(s)

2018-11-23 01:17:20 - [TEST_STEP][NOT_RUN] - setText: NOT_RUN: setText

2018-11-23 01:17:20 - [MESSAGE][NOT_RUN] - NOT_RUN: setText

2018-11-23 01:17:20 - [TEST_STEP][NOT_RUN] - setText: NOT_RUN: setText

2018-11-23 01:17:20 - [MESSAGE][NOT_RUN] - NOT_RUN: setText

2018-11-23 01:17:20 - [TEST_STEP][NOT_RUN] - setText: NOT_RUN: setText

2018-11-23 01:17:20 - [MESSAGE][NOT_RUN] - NOT_RUN: setText

2018-11-23 01:17:20 - [TEST_STEP][NOT_RUN] - setText: NOT_RUN: setText

2018-11-23 01:17:20 - [MESSAGE][NOT_RUN] - NOT_RUN: setText

2018-11-23 01:17:20 - [TEST_STEP][NOT_RUN] - click: NOT_RUN: click

2018-11-23 01:17:20 - [MESSAGE][NOT_RUN] - NOT_RUN: click

2018-11-23 01:17:20 - [TEST_STEP][NOT_RUN] - click: NOT_RUN: click

2018-11-23 01:17:20 - [MESSAGE][NOT_RUN] - NOT_RUN: click

2018-11-23 01:17:20 - [TEST_STEP][NOT_RUN] - click: NOT_RUN: click

2018-11-23 01:17:20 - [MESSAGE][NOT_RUN] - NOT_RUN: click

2018-11-23 01:17:20 - [TEST_STEP][NOT_RUN] - setText: NOT_RUN: setText

2018-11-23 01:17:20 - [MESSAGE][NOT_RUN] - NOT_RUN: setText

2018-11-23 01:17:20 - [TEST_STEP][NOT_RUN] - delay: NOT_RUN: delay

2018-11-23 01:17:20 - [MESSAGE][NOT_RUN] - NOT_RUN: delay

2018-11-23 01:17:20 - [TEST_STEP][NOT_RUN] - click: NOT_RUN: click

2018-11-23 01:17:20 - [MESSAGE][NOT_RUN] - NOT_RUN: click

2018-11-23 01:17:20 - [TEST_STEP][NOT_RUN] - click: NOT_RUN: click

2018-11-23 01:17:20 - [MESSAGE][NOT_RUN] - NOT_RUN: click

2018-11-23 01:17:20 - [TEST_STEP][NOT_RUN] - setText: NOT_RUN: setText

2018-11-23 01:17:20 - [MESSAGE][NOT_RUN] - NOT_RUN: setText

2018-11-23 01:17:20 - [TEST_STEP][NOT_RUN] - delay: NOT_RUN: delay

2018-11-23 01:17:20 - [MESSAGE][NOT_RUN] - NOT_RUN: delay

2018-11-23 01:17:20 - [TEST_STEP][NOT_RUN] - click: NOT_RUN: click

2018-11-23 01:17:20 - [MESSAGE][NOT_RUN] - NOT_RUN: click

2018-11-23 01:17:20 - [TEST_STEP][NOT_RUN] - setText: NOT_RUN: setText

2018-11-23 01:17:20 - [MESSAGE][NOT_RUN] - NOT_RUN: setText

2018-11-23 01:17:20 - [TEST_STEP][NOT_RUN] - setText: NOT_RUN: setText

2018-11-23 01:17:20 - [MESSAGE][NOT_RUN] - NOT_RUN: setText

2018-11-23 01:17:20 - [TEST_STEP][NOT_RUN] - click: NOT_RUN: click

2018-11-23 01:17:20 - [MESSAGE][NOT_RUN] - NOT_RUN: click

2018-11-23 01:17:20 - [TEST_STEP][NOT_RUN] - click: NOT_RUN: click

2018-11-23 01:17:20 - [MESSAGE][NOT_RUN] - NOT_RUN: click

2018-11-23 01:17:20 - [TEST_STEP][NOT_RUN] - setText: NOT_RUN: setText

2018-11-23 01:17:20 - [MESSAGE][NOT_RUN] - NOT_RUN: setText

2018-11-23 01:17:20 - [TEST_STEP][NOT_RUN] - click: NOT_RUN: click

2018-11-23 01:17:20 - [MESSAGE][NOT_RUN] - NOT_RUN: click

2018-11-23 01:17:20 - [TEST_STEP][NOT_RUN] - click: NOT_RUN: click

2018-11-23 01:17:20 - [MESSAGE][NOT_RUN] - NOT_RUN: click

2018-11-23 01:17:20 - [TEST_STEP][NOT_RUN] - click: NOT_RUN: click

2018-11-23 01:17:20 - [MESSAGE][NOT_RUN] - NOT_RUN: click

2018-11-23 01:17:20 - [TEST_STEP][NOT_RUN] - click: NOT_RUN: click

2018-11-23 01:17:20 - [MESSAGE][NOT_RUN] - NOT_RUN: click

2018-11-23 01:17:20 - [TEST_STEP][NOT_RUN] - click: NOT_RUN: click

2018-11-23 01:17:20 - [MESSAGE][NOT_RUN] - NOT_RUN: click

2018-11-23 01:17:20 - [TEST_STEP][NOT_RUN] - click: NOT_RUN: click

2018-11-23 01:17:20 - [MESSAGE][NOT_RUN] - NOT_RUN: click

2018-11-23 01:17:20 - [TEST_STEP][NOT_RUN] - setText: NOT_RUN: setText

2018-11-23 01:17:20 - [MESSAGE][NOT_RUN] - NOT_RUN: setText

2018-11-23 01:17:20 - [TEST_STEP][NOT_RUN] - setText: NOT_RUN: setText

2018-11-23 01:17:20 - [MESSAGE][NOT_RUN] - NOT_RUN: setText

2018-11-23 01:17:20 - [TEST_STEP][NOT_RUN] - setText: NOT_RUN: setText

2018-11-23 01:17:20 - [MESSAGE][NOT_RUN] - NOT_RUN: setText

2018-11-23 01:17:20 - [TEST_STEP][NOT_RUN] - click: NOT_RUN: click

2018-11-23 01:17:20 - [MESSAGE][NOT_RUN] - NOT_RUN: click

2018-11-23 01:17:20 - [TEST_STEP][NOT_RUN] - click: NOT_RUN: click

2018-11-23 01:17:20 - [MESSAGE][NOT_RUN] - NOT_RUN: click

2018-11-23 01:17:20 - [TEST_STEP][NOT_RUN] - click: NOT_RUN: click

2018-11-23 01:17:20 - [MESSAGE][NOT_RUN] - NOT_RUN: click

2018-11-23 01:17:20 - [TEST_STEP][NOT_RUN] - setText: NOT_RUN: setText

2018-11-23 01:17:20 - [MESSAGE][NOT_RUN] - NOT_RUN: setText

2018-11-23 01:17:20 - [TEST_STEP][NOT_RUN] - delay: NOT_RUN: delay

2018-11-23 01:17:20 - [MESSAGE][NOT_RUN] - NOT_RUN: delay

2018-11-23 01:17:20 - [TEST_STEP][NOT_RUN] - click: NOT_RUN: click

2018-11-23 01:17:20 - [MESSAGE][NOT_RUN] - NOT_RUN: click

2018-11-23 01:17:20 - [TEST_STEP][NOT_RUN] - click: NOT_RUN: click

2018-11-23 01:17:20 - [MESSAGE][NOT_RUN] - NOT_RUN: click

2018-11-23 01:17:20 - [TEST_STEP][NOT_RUN] - click: NOT_RUN: click

2018-11-23 01:17:20 - [MESSAGE][NOT_RUN] - NOT_RUN: click

2018-11-23 01:17:20 - [TEST_STEP][NOT_RUN] - setText: NOT_RUN: setText

2018-11-23 01:17:20 - [MESSAGE][NOT_RUN] - NOT_RUN: setText

2018-11-23 01:17:20 - [TEST_STEP][NOT_RUN] - delay: NOT_RUN: delay

2018-11-23 01:17:20 - [MESSAGE][NOT_RUN] - NOT_RUN: delay

2018-11-23 01:17:20 - [TEST_STEP][NOT_RUN] - click: NOT_RUN: click

2018-11-23 01:17:20 - [MESSAGE][NOT_RUN] - NOT_RUN: click

2018-11-23 01:17:20 - [TEST_STEP][NOT_RUN] - delay: NOT_RUN: delay

2018-11-23 01:17:20 - [MESSAGE][NOT_RUN] - NOT_RUN: delay

2018-11-23 01:17:20 - [TEST_STEP][NOT_RUN] - setText: NOT_RUN: setText

2018-11-23 01:17:20 - [MESSAGE][NOT_RUN] - NOT_RUN: setText

2018-11-23 01:17:20 - [TEST_STEP][NOT_RUN] - setText: NOT_RUN: setText

2018-11-23 01:17:20 - [MESSAGE][NOT_RUN] - NOT_RUN: setText

2018-11-23 01:17:20 - [TEST_STEP][NOT_RUN] - setText: NOT_RUN: setText

2018-11-23 01:17:20 - [MESSAGE][NOT_RUN] - NOT_RUN: setText

2018-11-23 01:17:20 - [TEST_STEP][NOT_RUN] - click: NOT_RUN: click

2018-11-23 01:17:20 - [MESSAGE][NOT_RUN] - NOT_RUN: click

2018-11-23 01:17:20 - [TEST_STEP][NOT_RUN] - click: NOT_RUN: click

2018-11-23 01:17:20 - [MESSAGE][NOT_RUN] - NOT_RUN: click

2018-11-23 01:17:20 - [TEST_STEP][NOT_RUN] - setText: NOT_RUN: setText

2018-11-23 01:17:20 - [MESSAGE][NOT_RUN] - NOT_RUN: setText

2018-11-23 01:17:20 - [TEST_STEP][NOT_RUN] - click: NOT_RUN: click

2018-11-23 01:17:20 - [MESSAGE][NOT_RUN] - NOT_RUN: click

2018-11-23 01:17:20 - [TEST_STEP][NOT_RUN] - click: NOT_RUN: click

2018-11-23 01:17:20 - [MESSAGE][NOT_RUN] - NOT_RUN: click

2018-11-23 01:17:20 - [TEST_STEP][NOT_RUN] - click: NOT_RUN: click

2018-11-23 01:17:20 - [MESSAGE][NOT_RUN] - NOT_RUN: click

2018-11-23 01:17:20 - [TEST_STEP][NOT_RUN] - click: NOT_RUN: click

2018-11-23 01:17:20 - [MESSAGE][NOT_RUN] - NOT_RUN: click

2018-11-23 01:17:20 - [TEST_STEP][NOT_RUN] - click: NOT_RUN: click

2018-11-23 01:17:20 - [MESSAGE][NOT_RUN] - NOT_RUN: click

2018-11-23 01:17:20 - [TEST_STEP][NOT_RUN] - click: NOT_RUN: click

2018-11-23 01:17:20 - [MESSAGE][NOT_RUN] - NOT_RUN: click

2018-11-23 01:17:20 - [TEST_STEP][NOT_RUN] - setText: NOT_RUN: setText

2018-11-23 01:17:20 - [MESSAGE][NOT_RUN] - NOT_RUN: setText

2018-11-23 01:17:20 - [TEST_STEP][NOT_RUN] - setText: NOT_RUN: setText

2018-11-23 01:17:20 - [MESSAGE][NOT_RUN] - NOT_RUN: setText

2018-11-23 01:17:20 - [TEST_STEP][NOT_RUN] - setText: NOT_RUN: setText

2018-11-23 01:17:20 - [MESSAGE][NOT_RUN] - NOT_RUN: setText

2018-11-23 01:17:20 - [TEST_STEP][NOT_RUN] - click: NOT_RUN: click

2018-11-23 01:17:20 - [MESSAGE][NOT_RUN] - NOT_RUN: click

2018-11-23 01:17:20 - [TEST_STEP][NOT_RUN] - click: NOT_RUN: click

2018-11-23 01:17:20 - [MESSAGE][NOT_RUN] - NOT_RUN: click

2018-11-23 01:17:20 - [TEST_STEP][NOT_RUN] - click: NOT_RUN: click

2018-11-23 01:17:20 - [MESSAGE][NOT_RUN] - NOT_RUN: click

2018-11-23 01:17:20 - [TEST_STEP][NOT_RUN] - delay: NOT_RUN: delay

2018-11-23 01:17:20 - [MESSAGE][NOT_RUN] - NOT_RUN: delay

2018-11-23 01:17:20 - [TEST_STEP][NOT_RUN] - setText: NOT_RUN: setText

2018-11-23 01:17:20 - [MESSAGE][NOT_RUN] - NOT_RUN: setText

2018-11-23 01:17:20 - [TEST_STEP][NOT_RUN] - delay: NOT_RUN: delay

2018-11-23 01:17:20 - [MESSAGE][NOT_RUN] - NOT_RUN: delay

2018-11-23 01:17:20 - [TEST_STEP][NOT_RUN] - click: NOT_RUN: click

2018-11-23 01:17:20 - [MESSAGE][NOT_RUN] - NOT_RUN: click

2018-11-23 01:17:20 - [TEST_STEP][NOT_RUN] - doubleClick: NOT_RUN: doubleClick

2018-11-23 01:17:20 - [MESSAGE][NOT_RUN] - NOT_RUN: doubleClick

2018-11-23 01:17:20 - [TEST_STEP][NOT_RUN] - click: NOT_RUN: click

2018-11-23 01:17:20 - [MESSAGE][NOT_RUN] - NOT_RUN: click

2018-11-23 01:17:20 - [TEST_STEP][NOT_RUN] - setText: NOT_RUN: setText

2018-11-23 01:17:20 - [MESSAGE][NOT_RUN] - NOT_RUN: setText

2018-11-23 01:17:20 - [TEST_STEP][NOT_RUN] - delay: NOT_RUN: delay

2018-11-23 01:17:20 - [MESSAGE][NOT_RUN] - NOT_RUN: delay

2018-11-23 01:17:20 - [TEST_STEP][NOT_RUN] - click: NOT_RUN: click

2018-11-23 01:17:20 - [MESSAGE][NOT_RUN] - NOT_RUN: click

2018-11-23 01:17:20 - [TEST_STEP][NOT_RUN] - delay: NOT_RUN: delay

2018-11-23 01:17:20 - [MESSAGE][NOT_RUN] - NOT_RUN: delay

2018-11-23 01:17:20 - [TEST_STEP][NOT_RUN] - setText: NOT_RUN: setText

2018-11-23 01:17:20 - [MESSAGE][NOT_RUN] - NOT_RUN: setText

2018-11-23 01:17:20 - [TEST_STEP][PASSED] - click: Object: 'Object Repository/Final Object Repo/Page_Request SSN - ASSIST/Save  Continue' is clicked on

2018-11-23 01:17:20 - [MESSAGE][PASSED] - Object: 'Object Repository/Final Object Repo/Page_Request SSN - ASSIST/Save  Continue' is clicked on

2018-11-23 01:17:20 - [TEST_STEP][PASSED] - delay: Delayed 3 second(s)

2018-11-23 01:17:23 - [MESSAGE][PASSED] - Delayed 3 second(s)

2018-11-23 01:17:23 - [TEST_STEP][PASSED] - Statement - CaseReferenceNo = com.kms.katalon.core.webui.keyword.WebUiBuiltInKeywords.getText(com.kms.katalon.core.testobject.ObjectRepository.findTestObject(Final Object Repo/Page_Request SSN - ASSIST/Reference Number in Uploading Page)): Text of object 'Object Repository/Final Object Repo/Page_Request SSN - ASSIST/Reference Number in Uploading Page' is: 'YUKI'

2018-11-23 01:17:24 - [MESSAGE][PASSED] - Text of object 'Object Repository/Final Object Repo/Page_Request SSN - ASSIST/Reference Number in Uploading Page' is: 'YUKI'

2018-11-23 01:17:24 - [TEST_STEP][PASSED] - click: Object: 'Object Repository/Final Object Repo/Page_Request SSN - ASSIST/Add Document Button' is clicked on

2018-11-23 01:17:24 - [MESSAGE][PASSED] - Object: 'Object Repository/Final Object Repo/Page_Request SSN - ASSIST/Add Document Button' is clicked on

2018-11-23 01:17:24 - [TEST_STEP][PASSED] - delay: Delayed 2 second(s)

2018-11-23 01:17:26 - [MESSAGE][PASSED] - Delayed 2 second(s)

2018-11-23 01:17:26 - [TEST_STEP][PASSED] - click: Object: 'Object Repository/Final Object Repo/Page_Request SSN - ASSIST/Document Type' is clicked on

2018-11-23 01:17:27 - [MESSAGE][PASSED] - Object: 'Object Repository/Final Object Repo/Page_Request SSN - ASSIST/Document Type' is clicked on

2018-11-23 01:17:27 - [TEST_STEP][PASSED] - click: Object: 'Object Repository/Final Object Repo/Page_Request SSN - ASSIST/Document Type - Birth Certificate' is clicked on

2018-11-23 01:17:27 - [MESSAGE][PASSED] - Object: 'Object Repository/Final Object Repo/Page_Request SSN - ASSIST/Document Type - Birth Certificate' is clicked on

2018-11-23 01:17:27 - [TEST_STEP][PASSED] - sendKeys: Keys 'C:\Users\Public\Pictures\Sample Pictures\Koala.jpg' sent to object: 'Object Repository/Final Object Repo/Page_Request SSN - ASSIST/Upload File'

2018-11-23 01:17:27 - [MESSAGE][PASSED] - Keys 'C:\Users\Public\Pictures\Sample Pictures\Koala.jpg' sent to object: 'Object Repository/Final Object Repo/Page_Request SSN - ASSIST/Upload File'

2018-11-23 01:17:27 - [TEST_STEP][PASSED] - click: Object: 'Object Repository/Final Object Repo/Page_Request SSN - ASSIST/Add Document' is clicked on

2018-11-23 01:17:27 - [MESSAGE][PASSED] - Object: 'Object Repository/Final Object Repo/Page_Request SSN - ASSIST/Add Document' is clicked on

2018-11-23 01:17:27 - [TEST_STEP][PASSED] - delay: Delayed 2 second(s)

2018-11-23 01:17:29 - [MESSAGE][PASSED] - Delayed 2 second(s)

2018-11-23 01:17:29 - [TEST_STEP][PASSED] - click: Object: 'Object Repository/Final Object Repo/Page_Request SSN - ASSIST/Save  Continue in Uploading Document Page' is clicked on

2018-11-23 01:17:31 - [MESSAGE][PASSED] - Object: 'Object Repository/Final Object Repo/Page_Request SSN - ASSIST/Save  Continue in Uploading Document Page' is clicked on

2018-11-23 01:17:31 - [TEST_STEP][PASSED] - delay: Delayed 2 second(s)

2018-11-23 01:17:33 - [MESSAGE][PASSED] - Delayed 2 second(s)

2018-11-23 01:17:33 - [TEST_STEP][PASSED] - click: Object: 'Object Repository/Final Object Repo/Page_Request SSN - ASSIST/Submit' is clicked on

2018-11-23 01:17:36 - [MESSAGE][PASSED] - Object: 'Object Repository/Final Object Repo/Page_Request SSN - ASSIST/Submit' is clicked on

2018-11-23 01:17:36 - [TEST_STEP][PASSED] - delay: Delayed 2 second(s)

2018-11-23 01:17:38 - [MESSAGE][PASSED] - Delayed 2 second(s)

2018-11-23 01:17:38 - [TEST_STEP][PASSED] - click: Object: 'Object Repository/Final Object Repo/Page_Request SSN - ASSIST/Confirm' is clicked on

2018-11-23 01:17:39 - [MESSAGE][PASSED] - Object: 'Object Repository/Final Object Repo/Page_Request SSN - ASSIST/Confirm' is clicked on

2018-11-23 01:17:39 - [TEST_STEP][PASSED] - delay: Delayed 2 second(s)

2018-11-23 01:17:41 - [MESSAGE][PASSED] - Delayed 2 second(s)

2018-11-23 01:17:41 - [TEST_STEP][PASSED] - verifyElementVisible: Object 'Object Repository/Final Object Repo/Page_Request SSN - ASSIST/Message This Case will be routed to RIO' is visible

2018-11-23 01:17:46 - [MESSAGE][PASSED] - Object 'Object Repository/Final Object Repo/Page_Request SSN - ASSIST/Message This Case will be routed to RIO' is visible

2018-11-23 01:17:46 - [TEST_STEP][PASSED] - delay: Delayed 2 second(s)

2018-11-23 01:17:48 - [MESSAGE][PASSED] - Delayed 2 second(s)

2018-11-23 01:17:48 - [TEST_STEP][PASSED] - verifyElementVisible: Object 'Object Repository/Final Object Repo/Page_Request SSN - ASSIST/Letter of acknowledgement' is visible

2018-11-23 01:17:48 - [MESSAGE][PASSED] - Object 'Object Repository/Final Object Repo/Page_Request SSN - ASSIST/Letter of acknowledgement' is visible

2018-11-23 01:17:48 - [MESSAGE][PASSED] - Call Test Case 'Test Cases/Final Aug 2018 - PKS Automation/Registration Module/Workflow/Request SSN/Template/Request SSN - OTC (Using Current Employer Code)' successfully

2018-11-23 01:17:48 - [TEST_STEP][FAILED] - callTestCase: Unable to call Test Case with id 'Test Cases/Final Aug 2018 - PKS Automation/Registration Module/Workflow/Request SSN/Template/Request SSN RIO - RO (Approve)' (Root cause: Call Test Case 'Test Cases/Final Aug 2018 - PKS Automation/Registration Module/Workflow/Request SSN/Template/Request SSN RIO - RO (Approve)' failed)

2018-11-23 01:17:48 - [TEST_CASE][FAILED] - Test Cases/Final Aug 2018 - PKS Automation/Registration Module/Workflow/Request SSN/Template/Request SSN RIO - RO (Approve): Test Cases/Final Aug 2018 - PKS Automation/Registration Module/Workflow/Request SSN/Template/Request SSN RIO - RO (Approve) FAILED because (of) (Stack trace: com.kms.katalon.core.exception.StepFailedException: Unable to set text 'null' of object 'Object Repository/Final Object Repo/WorkFlow Listing Page/Ref No Set Text' (Root cause: java.lang.IllegalArgumentException: Text is null)
	at com.kms.katalon.core.keyword.internal.KeywordMain.stepFailed(KeywordMain.groovy:32)
	at com.kms.katalon.core.webui.keyword.internal.WebUIKeywordMain.stepFailed(WebUIKeywordMain.groovy:65)
	at com.kms.katalon.core.webui.keyword.internal.WebUIKeywordMain.runKeyword(WebUIKeywordMain.groovy:27)
	at com.kms.katalon.core.webui.keyword.builtin.SetTextKeyword.setText(SetTextKeyword.groovy:65)
	at com.kms.katalon.core.webui.keyword.builtin.SetTextKeyword.execute(SetTextKeyword.groovy:37)
	at com.kms.katalon.core.keyword.internal.KeywordExecutor.executeKeywordForPlatform(KeywordExecutor.groovy:53)
	at com.kms.katalon.core.webui.keyword.WebUiBuiltInKeywords.setText(WebUiBuiltInKeywords.groovy:950)
	at com.kms.katalon.core.webui.keyword.WebUiBuiltInKeywords$setText$1.call(Unknown Source)
	at org.codehaus.groovy.runtime.callsite.CallSiteArray.defaultCall(CallSiteArray.java:48)
	at org.codehaus.groovy.runtime.callsite.AbstractCallSite.call(AbstractCallSite.java:113)
	at org.codehaus.groovy.runtime.callsite.AbstractCallSite.call(AbstractCallSite.java:133)
	at Script1534407542420.run(Script1534407542420.groovy:83)
	at com.kms.katalon.core.main.ScriptEngine.run(ScriptEngine.java:183)
	at com.kms.katalon.core.main.ScriptEngine.runScriptAsRawText(ScriptEngine.java:108)
	at com.kms.katalon.core.main.TestCaseExecutor.runScript(TestCaseExecutor.java:294)
	at com.kms.katalon.core.main.TestCaseExecutor.doExecute(TestCaseExecutor.java:285)
	at com.kms.katalon.core.main.TestCaseExecutor.processExecutionPhase(TestCaseExecutor.java:264)
	at com.kms.katalon.core.main.TestCaseExecutor.accessMainPhase(TestCaseExecutor.java:256)
	at com.kms.katalon.core.main.TestCaseExecutor.execute(TestCaseExecutor.java:200)
	at com.kms.katalon.core.main.TestCaseMain.runTestCase(TestCaseMain.java:99)
	at com.kms.katalon.core.keyword.builtin.CallTestCaseKeyword$_callTestCase_closure1.doCall(CallTestCaseKeyword.groovy:60)
	at com.kms.katalon.core.keyword.builtin.CallTestCaseKeyword$_callTestCase_closure1.call(CallTestCaseKeyword.groovy)
	at com.kms.katalon.core.keyword.internal.KeywordMain.runKeyword(KeywordMain.groovy:54)
	at com.kms.katalon.core.keyword.builtin.CallTestCaseKeyword.callTestCase(CallTestCaseKeyword.groovy:81)
	at com.kms.katalon.core.keyword.builtin.CallTestCaseKeyword.execute(CallTestCaseKeyword.groovy:45)
	at com.kms.katalon.core.keyword.internal.KeywordExecutor.executeKeywordForPlatform(KeywordExecutor.groovy:53)
	at com.kms.katalon.core.keyword.BuiltinKeywords.callTestCase(BuiltinKeywords.groovy:334)
	at sun.reflect.NativeMethodAccessorImpl.invoke0(Native Method)
	at sun.reflect.NativeMethodAccessorImpl.invoke(NativeMethodAccessorImpl.java:62)
	at sun.reflect.DelegatingMethodAccessorImpl.invoke(DelegatingMethodAccessorImpl.java:43)
	at java.lang.reflect.Method.invoke(Method.java:498)
	at org.codehaus.groovy.reflection.CachedMethod.invoke(CachedMethod.java:93)
	at groovy.lang.MetaMethod.doMethodInvoke(MetaMethod.java:325)
	at groovy.lang.MetaClassImpl.invokeStaticMethod(MetaClassImpl.java:1469)
	at org.codehaus.groovy.runtime.callsite.StaticMetaClassSite.call(StaticMetaClassSite.java:53)
	at org.codehaus.groovy.runtime.callsite.CallSiteArray.defaultCall(CallSiteArray.java:48)
	at org.codehaus.groovy.runtime.callsite.AbstractCallSite.call(AbstractCallSite.java:113)
	at org.codehaus.groovy.runtime.callsite.AbstractCallSite.call(AbstractCallSite.java:141)
	at Script1537865992110.run(Script1537865992110.groovy:30)
	at com.kms.katalon.core.main.ScriptEngine.run(ScriptEngine.java:183)
	at com.kms.katalon.core.main.ScriptEngine.runScriptAsRawText(ScriptEngine.java:108)
	at com.kms.katalon.core.main.TestCaseExecutor.runScript(TestCaseExecutor.java:294)
	at com.kms.katalon.core.main.TestCaseExecutor.doExecute(TestCaseExecutor.java:285)
	at com.kms.katalon.core.main.TestCaseExecutor.processExecutionPhase(TestCaseExecutor.java:264)
	at com.kms.katalon.core.main.TestCaseExecutor.accessMainPhase(TestCaseExecutor.java:256)
	at com.kms.katalon.core.main.TestCaseExecutor.execute(TestCaseExecutor.java:200)
	at com.kms.katalon.core.main.TestCaseMain.runTestCase(TestCaseMain.java:99)
	at com.kms.katalon.core.keyword.builtin.CallTestCaseKeyword$_callTestCase_closure1.doCall(CallTestCaseKeyword.groovy:60)
	at com.kms.katalon.core.keyword.builtin.CallTestCaseKeyword$_callTestCase_closure1.call(CallTestCaseKeyword.groovy)
	at com.kms.katalon.core.keyword.internal.KeywordMain.runKeyword(KeywordMain.groovy:54)
	at com.kms.katalon.core.keyword.builtin.CallTestCaseKeyword.callTestCase(CallTestCaseKeyword.groovy:81)
	at com.kms.katalon.core.keyword.builtin.CallTestCaseKeyword.execute(CallTestCaseKeyword.groovy:45)
	at com.kms.katalon.core.keyword.internal.KeywordExecutor.executeKeywordForPlatform(KeywordExecutor.groovy:53)
	at com.kms.katalon.core.keyword.BuiltinKeywords.callTestCase(BuiltinKeywords.groovy:334)
	at sun.reflect.NativeMethodAccessorImpl.invoke0(Native Method)
	at sun.reflect.NativeMethodAccessorImpl.invoke(NativeMethodAccessorImpl.java:62)
	at sun.reflect.DelegatingMethodAccessorImpl.invoke(DelegatingMethodAccessorImpl.java:43)
	at java.lang.reflect.Method.invoke(Method.java:498)
	at org.codehaus.groovy.reflection.CachedMethod.invoke(CachedMethod.java:93)
	at groovy.lang.MetaMethod.doMethodInvoke(MetaMethod.java:325)
	at groovy.lang.MetaClassImpl.invokeStaticMethod(MetaClassImpl.java:1469)
	at org.codehaus.groovy.runtime.callsite.StaticMetaClassSite.call(StaticMetaClassSite.java:53)
	at org.codehaus.groovy.runtime.callsite.CallSiteArray.defaultCall(CallSiteArray.java:48)
	at org.codehaus.groovy.runtime.callsite.AbstractCallSite.call(AbstractCallSite.java:113)
	at org.codehaus.groovy.runtime.callsite.AbstractCallSite.call(AbstractCallSite.java:141)
	at Script1536300508581.run(Script1536300508581.groovy:26)
	at com.kms.katalon.core.main.ScriptEngine.run(ScriptEngine.java:183)
	at com.kms.katalon.core.main.ScriptEngine.runScriptAsRawText(ScriptEngine.java:108)
	at com.kms.katalon.core.main.TestCaseExecutor.runScript(TestCaseExecutor.java:294)
	at com.kms.katalon.core.main.TestCaseExecutor.doExecute(TestCaseExecutor.java:285)
	at com.kms.katalon.core.main.TestCaseExecutor.processExecutionPhase(TestCaseExecutor.java:264)
	at com.kms.katalon.core.main.TestCaseExecutor.accessMainPhase(TestCaseExecutor.java:256)
	at com.kms.katalon.core.main.TestCaseExecutor.execute(TestCaseExecutor.java:200)
	at com.kms.katalon.core.main.TestSuiteExecutor.accessTestCaseMainPhase(TestSuiteExecutor.java:129)
	at com.kms.katalon.core.main.TestSuiteExecutor.accessTestSuiteMainPhase(TestSuiteExecutor.java:112)
	at com.kms.katalon.core.main.TestSuiteExecutor.execute(TestSuiteExecutor.java:81)
	at com.kms.katalon.core.main.TestCaseMain.startTestSuite(TestCaseMain.java:142)
	at com.kms.katalon.core.main.TestCaseMain$startTestSuite$0.call(Unknown Source)
	at org.codehaus.groovy.runtime.callsite.CallSiteArray.defaultCall(CallSiteArray.java:48)
	at org.codehaus.groovy.runtime.callsite.AbstractCallSite.call(AbstractCallSite.java:113)
	at org.codehaus.groovy.runtime.callsite.AbstractCallSite.call(AbstractCallSite.java:141)
	at TempTestSuite1542874456978.run(TempTestSuite1542874456978.groovy:36)
	at groovy.lang.GroovyShell.runScriptOrMainOrTestOrRunnable(GroovyShell.java:263)
	at groovy.lang.GroovyShell.run(GroovyShell.java:518)
	at groovy.lang.GroovyShell.run(GroovyShell.java:507)
	at groovy.ui.GroovyMain.processOnce(GroovyMain.java:653)
	at groovy.ui.GroovyMain.run(GroovyMain.java:384)
	at groovy.ui.GroovyMain.process(GroovyMain.java:370)
	at groovy.ui.GroovyMain.processArgs(GroovyMain.java:129)
	at groovy.ui.GroovyMain.main(GroovyMain.java:109)
	at sun.reflect.NativeMethodAccessorImpl.invoke0(Native Method)
	at sun.reflect.NativeMethodAccessorImpl.invoke(NativeMethodAccessorImpl.java:62)
	at sun.reflect.DelegatingMethodAccessorImpl.invoke(DelegatingMethodAccessorImpl.java:43)
	at java.lang.reflect.Method.invoke(Method.java:498)
	at org.codehaus.groovy.tools.GroovyStarter.rootLoader(GroovyStarter.java:109)
	at org.codehaus.groovy.tools.GroovyStarter.main(GroovyStarter.java:131)
)

2018-11-23 01:17:48 - [TEST_STEP][NOT_RUN] - callTestCase: NOT_RUN: callTestCase

2018-11-23 01:17:48 - [MESSAGE][NOT_RUN] - NOT_RUN: callTestCase

2018-11-23 01:17:48 - [TEST_STEP][PASSED] - delay: Delayed 2 second(s)

2018-11-23 01:17:50 - [MESSAGE][PASSED] - Delayed 2 second(s)

2018-11-23 01:17:50 - [TEST_STEP][PASSED] - navigateToUrl: Navigate to 'https://assist2-uat.perkeso.gov.my/c/portal/logout' successfully

2018-11-23 01:17:51 - [MESSAGE][PASSED] - Navigate to 'https://assist2-uat.perkeso.gov.my/c/portal/logout' successfully

2018-11-23 01:17:51 - [TEST_STEP][PASSED] - delay: Delayed 2 second(s)

2018-11-23 01:17:53 - [MESSAGE][PASSED] - Delayed 2 second(s)

2018-11-23 01:17:53 - [TEST_STEP][FAILED] - callTestCase: Unable to call Test Case with id 'Test Cases/Final Aug 2018 - PKS Automation/Common/Workflow Owner Finder' (Root cause: Call Test Case 'Test Cases/Final Aug 2018 - PKS Automation/Common/Workflow Owner Finder' failed)

2018-11-23 01:17:53 - [TEST_CASE][FAILED] - Test Cases/Final Aug 2018 - PKS Automation/Common/Workflow Owner Finder: Test Cases/Final Aug 2018 - PKS Automation/Common/Workflow Owner Finder FAILED because (of) (Stack trace: com.kms.katalon.core.exception.StepFailedException: Unable to set text 'null' of object 'Object Repository/Final Object Repo/WorkFlow Listing Page/Ref No Set Text' (Root cause: java.lang.IllegalArgumentException: Text is null)
	at com.kms.katalon.core.keyword.internal.KeywordMain.stepFailed(KeywordMain.groovy:32)
	at com.kms.katalon.core.webui.keyword.internal.WebUIKeywordMain.stepFailed(WebUIKeywordMain.groovy:65)
	at com.kms.katalon.core.webui.keyword.internal.WebUIKeywordMain.runKeyword(WebUIKeywordMain.groovy:27)
	at com.kms.katalon.core.webui.keyword.builtin.SetTextKeyword.setText(SetTextKeyword.groovy:65)
	at com.kms.katalon.core.webui.keyword.builtin.SetTextKeyword.execute(SetTextKeyword.groovy:37)
	at com.kms.katalon.core.keyword.internal.KeywordExecutor.executeKeywordForPlatform(KeywordExecutor.groovy:53)
	at com.kms.katalon.core.webui.keyword.WebUiBuiltInKeywords.setText(WebUiBuiltInKeywords.groovy:950)
	at com.kms.katalon.core.webui.keyword.WebUiBuiltInKeywords$setText$1.call(Unknown Source)
	at org.codehaus.groovy.runtime.callsite.CallSiteArray.defaultCall(CallSiteArray.java:48)
	at org.codehaus.groovy.runtime.callsite.AbstractCallSite.call(AbstractCallSite.java:113)
	at org.codehaus.groovy.runtime.callsite.AbstractCallSite.call(AbstractCallSite.java:133)
	at Script1534407542420.run(Script1534407542420.groovy:83)
	at com.kms.katalon.core.main.ScriptEngine.run(ScriptEngine.java:183)
	at com.kms.katalon.core.main.ScriptEngine.runScriptAsRawText(ScriptEngine.java:108)
	at com.kms.katalon.core.main.TestCaseExecutor.runScript(TestCaseExecutor.java:294)
	at com.kms.katalon.core.main.TestCaseExecutor.doExecute(TestCaseExecutor.java:285)
	at com.kms.katalon.core.main.TestCaseExecutor.processExecutionPhase(TestCaseExecutor.java:264)
	at com.kms.katalon.core.main.TestCaseExecutor.accessMainPhase(TestCaseExecutor.java:256)
	at com.kms.katalon.core.main.TestCaseExecutor.execute(TestCaseExecutor.java:200)
	at com.kms.katalon.core.main.TestCaseMain.runTestCase(TestCaseMain.java:99)
	at com.kms.katalon.core.keyword.builtin.CallTestCaseKeyword$_callTestCase_closure1.doCall(CallTestCaseKeyword.groovy:60)
	at com.kms.katalon.core.keyword.builtin.CallTestCaseKeyword$_callTestCase_closure1.call(CallTestCaseKeyword.groovy)
	at com.kms.katalon.core.keyword.internal.KeywordMain.runKeyword(KeywordMain.groovy:54)
	at com.kms.katalon.core.keyword.builtin.CallTestCaseKeyword.callTestCase(CallTestCaseKeyword.groovy:81)
	at com.kms.katalon.core.keyword.builtin.CallTestCaseKeyword.execute(CallTestCaseKeyword.groovy:45)
	at com.kms.katalon.core.keyword.internal.KeywordExecutor.executeKeywordForPlatform(KeywordExecutor.groovy:53)
	at com.kms.katalon.core.keyword.BuiltinKeywords.callTestCase(BuiltinKeywords.groovy:334)
	at sun.reflect.NativeMethodAccessorImpl.invoke0(Native Method)
	at sun.reflect.NativeMethodAccessorImpl.invoke(NativeMethodAccessorImpl.java:62)
	at sun.reflect.DelegatingMethodAccessorImpl.invoke(DelegatingMethodAccessorImpl.java:43)
	at java.lang.reflect.Method.invoke(Method.java:498)
	at org.codehaus.groovy.reflection.CachedMethod.invoke(CachedMethod.java:93)
	at groovy.lang.MetaMethod.doMethodInvoke(MetaMethod.java:325)
	at groovy.lang.MetaClassImpl.invokeStaticMethod(MetaClassImpl.java:1469)
	at org.codehaus.groovy.runtime.callsite.StaticMetaClassSite.call(StaticMetaClassSite.java:53)
	at org.codehaus.groovy.runtime.callsite.CallSiteArray.defaultCall(CallSiteArray.java:48)
	at org.codehaus.groovy.runtime.callsite.AbstractCallSite.call(AbstractCallSite.java:113)
	at org.codehaus.groovy.runtime.callsite.AbstractCallSite.call(AbstractCallSite.java:141)
	at Script1537865992110.run(Script1537865992110.groovy:30)
	at com.kms.katalon.core.main.ScriptEngine.run(ScriptEngine.java:183)
	at com.kms.katalon.core.main.ScriptEngine.runScriptAsRawText(ScriptEngine.java:108)
	at com.kms.katalon.core.main.TestCaseExecutor.runScript(TestCaseExecutor.java:294)
	at com.kms.katalon.core.main.TestCaseExecutor.doExecute(TestCaseExecutor.java:285)
	at com.kms.katalon.core.main.TestCaseExecutor.processExecutionPhase(TestCaseExecutor.java:264)
	at com.kms.katalon.core.main.TestCaseExecutor.accessMainPhase(TestCaseExecutor.java:256)
	at com.kms.katalon.core.main.TestCaseExecutor.execute(TestCaseExecutor.java:200)
	at com.kms.katalon.core.main.TestCaseMain.runTestCase(TestCaseMain.java:99)
	at com.kms.katalon.core.keyword.builtin.CallTestCaseKeyword$_callTestCase_closure1.doCall(CallTestCaseKeyword.groovy:60)
	at com.kms.katalon.core.keyword.builtin.CallTestCaseKeyword$_callTestCase_closure1.call(CallTestCaseKeyword.groovy)
	at com.kms.katalon.core.keyword.internal.KeywordMain.runKeyword(KeywordMain.groovy:54)
	at com.kms.katalon.core.keyword.builtin.CallTestCaseKeyword.callTestCase(CallTestCaseKeyword.groovy:81)
	at com.kms.katalon.core.keyword.builtin.CallTestCaseKeyword.execute(CallTestCaseKeyword.groovy:45)
	at com.kms.katalon.core.keyword.internal.KeywordExecutor.executeKeywordForPlatform(KeywordExecutor.groovy:53)
	at com.kms.katalon.core.keyword.BuiltinKeywords.callTestCase(BuiltinKeywords.groovy:334)
	at sun.reflect.NativeMethodAccessorImpl.invoke0(Native Method)
	at sun.reflect.NativeMethodAccessorImpl.invoke(NativeMethodAccessorImpl.java:62)
	at sun.reflect.DelegatingMethodAccessorImpl.invoke(DelegatingMethodAccessorImpl.java:43)
	at java.lang.reflect.Method.invoke(Method.java:498)
	at org.codehaus.groovy.reflection.CachedMethod.invoke(CachedMethod.java:93)
	at groovy.lang.MetaMethod.doMethodInvoke(MetaMethod.java:325)
	at groovy.lang.MetaClassImpl.invokeStaticMethod(MetaClassImpl.java:1469)
	at org.codehaus.groovy.runtime.callsite.StaticMetaClassSite.call(StaticMetaClassSite.java:53)
	at org.codehaus.groovy.runtime.callsite.CallSiteArray.defaultCall(CallSiteArray.java:48)
	at org.codehaus.groovy.runtime.callsite.AbstractCallSite.call(AbstractCallSite.java:113)
	at org.codehaus.groovy.runtime.callsite.AbstractCallSite.call(AbstractCallSite.java:141)
	at Script1536300508581.run(Script1536300508581.groovy:26)
	at com.kms.katalon.core.main.ScriptEngine.run(ScriptEngine.java:183)
	at com.kms.katalon.core.main.ScriptEngine.runScriptAsRawText(ScriptEngine.java:108)
	at com.kms.katalon.core.main.TestCaseExecutor.runScript(TestCaseExecutor.java:294)
	at com.kms.katalon.core.main.TestCaseExecutor.doExecute(TestCaseExecutor.java:285)
	at com.kms.katalon.core.main.TestCaseExecutor.processExecutionPhase(TestCaseExecutor.java:264)
	at com.kms.katalon.core.main.TestCaseExecutor.accessMainPhase(TestCaseExecutor.java:256)
	at com.kms.katalon.core.main.TestCaseExecutor.execute(TestCaseExecutor.java:200)
	at com.kms.katalon.core.main.TestSuiteExecutor.accessTestCaseMainPhase(TestSuiteExecutor.java:129)
	at com.kms.katalon.core.main.TestSuiteExecutor.accessTestSuiteMainPhase(TestSuiteExecutor.java:112)
	at com.kms.katalon.core.main.TestSuiteExecutor.execute(TestSuiteExecutor.java:81)
	at com.kms.katalon.core.main.TestCaseMain.startTestSuite(TestCaseMain.java:142)
	at com.kms.katalon.core.main.TestCaseMain$startTestSuite$0.call(Unknown Source)
	at org.codehaus.groovy.runtime.callsite.CallSiteArray.defaultCall(CallSiteArray.java:48)
	at org.codehaus.groovy.runtime.callsite.AbstractCallSite.call(AbstractCallSite.java:113)
	at org.codehaus.groovy.runtime.callsite.AbstractCallSite.call(AbstractCallSite.java:141)
	at TempTestSuite1542874456978.run(TempTestSuite1542874456978.groovy:36)
	at groovy.lang.GroovyShell.runScriptOrMainOrTestOrRunnable(GroovyShell.java:263)
	at groovy.lang.GroovyShell.run(GroovyShell.java:518)
	at groovy.lang.GroovyShell.run(GroovyShell.java:507)
	at groovy.ui.GroovyMain.processOnce(GroovyMain.java:653)
	at groovy.ui.GroovyMain.run(GroovyMain.java:384)
	at groovy.ui.GroovyMain.process(GroovyMain.java:370)
	at groovy.ui.GroovyMain.processArgs(GroovyMain.java:129)
	at groovy.ui.GroovyMain.main(GroovyMain.java:109)
	at sun.reflect.NativeMethodAccessorImpl.invoke0(Native Method)
	at sun.reflect.NativeMethodAccessorImpl.invoke(NativeMethodAccessorImpl.java:62)
	at sun.reflect.DelegatingMethodAccessorImpl.invoke(DelegatingMethodAccessorImpl.java:43)
	at java.lang.reflect.Method.invoke(Method.java:498)
	at org.codehaus.groovy.tools.GroovyStarter.rootLoader(GroovyStarter.java:109)
	at org.codehaus.groovy.tools.GroovyStarter.main(GroovyStarter.java:131)
)

2018-11-23 01:17:53 - [TEST_STEP][PASSED] - openBrowser: Browser is opened with url: ''

2018-11-23 01:17:53 - [MESSAGE][WARNING] - A browser is already opened. Closing browser and opening a new one

2018-11-23 01:17:57 - [MESSAGE][PASSED] - Browser is opened with url: ''

2018-11-23 01:17:57 - [TEST_STEP][PASSED] - navigateToUrl: Navigate to 'https://assist2-uat.perkeso.gov.my/login' successfully

2018-11-23 01:17:58 - [MESSAGE][PASSED] - Navigate to 'https://assist2-uat.perkeso.gov.my/login' successfully

2018-11-23 01:17:58 - [TEST_STEP][PASSED] - delay: Delayed 5 second(s)

2018-11-23 01:18:03 - [MESSAGE][PASSED] - Delayed 5 second(s)

2018-11-23 01:18:03 - [TEST_STEP][PASSED] - setText: Text 'test@liferay.com' is set on object 'Object Repository/Final Object Repo/Login Page/Internal User/Email Address'

2018-11-23 01:18:04 - [MESSAGE][PASSED] - Text 'test@liferay.com' is set on object 'Object Repository/Final Object Repo/Login Page/Internal User/Email Address'

2018-11-23 01:18:04 - [TEST_STEP][PASSED] - click: Object: 'Object Repository/Final Object Repo/Login Page/Internal User/Next Button' is clicked on

2018-11-23 01:18:04 - [MESSAGE][PASSED] - Object: 'Object Repository/Final Object Repo/Login Page/Internal User/Next Button' is clicked on

2018-11-23 01:18:04 - [TEST_STEP][PASSED] - delay: Delayed 2 second(s)

2018-11-23 01:18:06 - [MESSAGE][PASSED] - Delayed 2 second(s)

2018-11-23 01:18:06 - [TEST_STEP][PASSED] - setText: Text 'test' is set on object 'Object Repository/Final Object Repo/Login Page/Internal User/Password'

2018-11-23 01:18:06 - [MESSAGE][PASSED] - Text 'test' is set on object 'Object Repository/Final Object Repo/Login Page/Internal User/Password'

2018-11-23 01:18:06 - [TEST_STEP][PASSED] - delay: Delayed 2 second(s)

2018-11-23 01:18:08 - [MESSAGE][PASSED] - Delayed 2 second(s)

2018-11-23 01:18:08 - [TEST_STEP][PASSED] - click: Object: 'Object Repository/Final Object Repo/Login Page/Internal User/Login Button' is clicked on

2018-11-23 01:18:08 - [MESSAGE][PASSED] - Object: 'Object Repository/Final Object Repo/Login Page/Internal User/Login Button' is clicked on

2018-11-23 01:18:08 - [TEST_STEP][PASSED] - Statement - Try: Delayed 2 second(s)

2018-11-23 01:18:08 - [TEST_STEP][PASSED] - Statement - Checker = false: null

2018-11-23 01:18:08 - [TEST_STEP][PASSED] - Statement - Checker = com.kms.katalon.core.webui.keyword.WebUiBuiltInKeywords.verifyElementHasAttribute(com.kms.katalon.core.testobject.ObjectRepository.findTestObject(Final Object Repo/Landing Page/BM Detecting), "href", 20, OPTIONAL): Object 'Object Repository/Final Object Repo/Landing Page/BM Detecting' has attribute 'href'

2018-11-23 01:18:10 - [MESSAGE][PASSED] - Object 'Object Repository/Final Object Repo/Landing Page/BM Detecting' has attribute 'href'

2018-11-23 01:18:10 - [TEST_STEP][PASSED] - Statement - out.println(Checker): null

2018-11-23 01:18:10 - [TEST_STEP][PASSED] - Statement - If (Checker == false): null

2018-11-23 01:18:10 - [TEST_STEP][PASSED] - Statement - Else: null

2018-11-23 01:18:10 - [TEST_STEP][PASSED] - delay: Delayed 2 second(s)

2018-11-23 01:18:12 - [MESSAGE][PASSED] - Delayed 2 second(s)

2018-11-23 01:18:12 - [TEST_STEP][PASSED] - delay: Delayed 3 second(s)

2018-11-23 01:18:15 - [MESSAGE][PASSED] - Delayed 3 second(s)

2018-11-23 01:18:15 - [TEST_STEP][PASSED] - mouseOver: Object: 'Object Repository/Final Object Repo/Landing Page/WorkFlow Menu' is hovered

2018-11-23 01:18:15 - [MESSAGE][PASSED] - Object: 'Object Repository/Final Object Repo/Landing Page/WorkFlow Menu' is hovered

2018-11-23 01:18:15 - [TEST_STEP][PASSED] - delay: Delayed 2 second(s)

2018-11-23 01:18:17 - [MESSAGE][PASSED] - Delayed 2 second(s)

2018-11-23 01:18:17 - [TEST_STEP][PASSED] - click: Object: 'Object Repository/Final Object Repo/Landing Page/Select to Workflow Listing' is clicked on

2018-11-23 01:18:18 - [MESSAGE][PASSED] - Object: 'Object Repository/Final Object Repo/Landing Page/Select to Workflow Listing' is clicked on

2018-11-23 01:18:18 - [TEST_STEP][PASSED] - delay: Delayed 2 second(s)

2018-11-23 01:18:20 - [MESSAGE][PASSED] - Delayed 2 second(s)

2018-11-23 01:18:20 - [TEST_STEP][PASSED] - click: Object: 'Object Repository/Final Object Repo/WorkFlow Listing Page/Search Information - To Put Ref No' is clicked on

2018-11-23 01:18:21 - [MESSAGE][PASSED] - Object: 'Object Repository/Final Object Repo/WorkFlow Listing Page/Search Information - To Put Ref No' is clicked on

2018-11-23 01:18:21 - [TEST_STEP][PASSED] - delay: Delayed 2 second(s)

2018-11-23 01:18:23 - [MESSAGE][PASSED] - Delayed 2 second(s)

2018-11-23 01:18:23 - [TEST_STEP][PASSED] - callTestCase: Call Test Case 'Test Cases/Final Aug 2018 - PKS Automation/Common/Reference Number Getter' successfully

2018-11-23 01:18:23 - [TEST_CASE][PASSED] - Test Cases/Final Aug 2018 - PKS Automation/Common/Reference Number Getter: Test Cases/Final Aug 2018 - PKS Automation/Common/Reference Number Getter

2018-11-23 01:18:23 - [TEST_STEP][PASSED] - Statement - Try: null

2018-11-23 01:18:23 - [TEST_STEP][PASSED] - Statement - RefNo = new java.io.File(C://Users//Admin//Desktop//PKS//Automation Reference Point//KatalonReference.txt): null

2018-11-23 01:18:23 - [TEST_STEP][PASSED] - Statement - bufferread = new java.io.BufferedReader(new java.io.FileReader(RefNo)): null

2018-11-23 01:18:23 - [TEST_STEP][PASSED] - Statement - readedVal = bufferread.readLine(): null

2018-11-23 01:18:23 - [TEST_STEP][PASSED] - Statement - out.println(CaseReferenceNo): null

2018-11-23 01:18:23 - [TEST_STEP][PASSED] - Statement - out.println(readedVal): null

2018-11-23 01:18:23 - [TEST_STEP][PASSED] - Statement - CaseReferenceNo = "": null

2018-11-23 01:18:23 - [TEST_STEP][PASSED] - Statement - CaseReferenceNo = readedVal: null

2018-11-23 01:18:23 - [MESSAGE][PASSED] - Call Test Case 'Test Cases/Final Aug 2018 - PKS Automation/Common/Reference Number Getter' successfully

2018-11-23 01:18:23 - [TEST_STEP][FAILED] - setText: Unable to set text 'null' of object 'Object Repository/Final Object Repo/WorkFlow Listing Page/Ref No Set Text' (Root cause: java.lang.IllegalArgumentException: Text is null)

2018-11-23 01:18:23 - [MESSAGE][FAILED] - Unable to set text 'null' of object 'Object Repository/Final Object Repo/WorkFlow Listing Page/Ref No Set Text' (Root cause: java.lang.IllegalArgumentException: Text is null)
[[ATTACHMENT|C:\\Users\\Admin\\Desktop\\PKS\\Perkeso Phase A\\Reports\\Workflow\\Request SSN\\20181122_161416\\1542907103417.png]]

2018-11-23 01:18:23 - [TEST_STEP][PASSED] - delay: Delayed 2 second(s)

2018-11-23 01:18:25 - [MESSAGE][PASSED] - Delayed 2 second(s)

2018-11-23 01:18:25 - [TEST_STEP][PASSED] - click: Object: 'Object Repository/Final Object Repo/WorkFlow Listing Page/Search Ref No Search Button' is clicked on

2018-11-23 01:18:25 - [MESSAGE][PASSED] - Object: 'Object Repository/Final Object Repo/WorkFlow Listing Page/Search Ref No Search Button' is clicked on

2018-11-23 01:18:25 - [TEST_STEP][PASSED] - delay: Delayed 4 second(s)

2018-11-23 01:18:29 - [MESSAGE][PASSED] - Delayed 4 second(s)

2018-11-23 01:18:29 - [TEST_STEP][PASSED] - click: Object: 'Object Repository/Final Object Repo/WorkFlow Listing Page/Click Continue Tooltip' is clicked on

2018-11-23 01:18:31 - [MESSAGE][PASSED] - Object: 'Object Repository/Final Object Repo/WorkFlow Listing Page/Click Continue Tooltip' is clicked on

2018-11-23 01:18:31 - [TEST_STEP][PASSED] - delay: Delayed 5 second(s)

2018-11-23 01:18:36 - [MESSAGE][PASSED] - Delayed 5 second(s)

2018-11-23 01:18:36 - [TEST_STEP][PASSED] - doubleClick: Object: 'Object Repository/Final Object Repo/WorkFlow Listing Page/Workflow Found - Listing 1' is double clicked on

2018-11-23 01:18:36 - [MESSAGE][PASSED] - Object: 'Object Repository/Final Object Repo/WorkFlow Listing Page/Workflow Found - Listing 1' is double clicked on

2018-11-23 01:18:36 - [TEST_STEP][PASSED] - Statement - println(OwnerID): null

2018-11-23 01:18:36 - [TEST_STEP][PASSED] - Statement - OwnerID = com.kms.katalon.core.webui.keyword.WebUiBuiltInKeywords.getText(com.kms.katalon.core.testobject.ObjectRepository.findTestObject(Final Object Repo/WorkFlow Listing Page/Workflow Found - Listing 1), STOP_ON_FAILURE): Text of object 'Object Repository/Final Object Repo/WorkFlow Listing Page/Workflow Found - Listing 1' is: 'JOHORrio1'

2018-11-23 01:18:36 - [MESSAGE][PASSED] - Text of object 'Object Repository/Final Object Repo/WorkFlow Listing Page/Workflow Found - Listing 1' is: 'JOHORrio1'

2018-11-23 01:18:36 - [TEST_STEP][PASSED] - Statement - OwnerID = OwnerID.toLowerCase() + "@gmail.com": null

2018-11-23 01:18:36 - [TEST_STEP][PASSED] - Statement - println(OwnerID): null

2018-11-23 01:18:36 - [TEST_STEP][PASSED] - delay: Delayed 2 second(s)

2018-11-23 01:18:38 - [MESSAGE][PASSED] - Delayed 2 second(s)

2018-11-23 01:18:38 - [MESSAGE][FAILED] - Unable to call Test Case with id 'Test Cases/Final Aug 2018 - PKS Automation/Common/Workflow Owner Finder' (Root cause: Call Test Case 'Test Cases/Final Aug 2018 - PKS Automation/Common/Workflow Owner Finder' failed)

2018-11-23 01:18:38 - [MESSAGE][FAILED] - Unable to call Test Case with id 'Test Cases/Final Aug 2018 - PKS Automation/Registration Module/Workflow/Request SSN/Template/Request SSN RIO - RO (Approve)' (Root cause: Call Test Case 'Test Cases/Final Aug 2018 - PKS Automation/Registration Module/Workflow/Request SSN/Template/Request SSN RIO - RO (Approve)' failed)]]></system-out>
         <system-err><![CDATA[2018-11-23 01:16:28 - [TEST_CASE][FAILED] - Test Cases/Final Aug 2018 - PKS Automation/Registration Module/Workflow/Request SSN/OTC - RIO - RO (Approve): Test Cases/Final Aug 2018 - PKS Automation/Registration Module/Workflow/Request SSN/OTC - RIO - RO (Approve) FAILED because (of) (Stack trace: com.kms.katalon.core.exception.StepFailedException: Unable to set text 'null' of object 'Object Repository/Final Object Repo/WorkFlow Listing Page/Ref No Set Text' (Root cause: java.lang.IllegalArgumentException: Text is null)
	at com.kms.katalon.core.keyword.internal.KeywordMain.stepFailed(KeywordMain.groovy:32)
	at com.kms.katalon.core.webui.keyword.internal.WebUIKeywordMain.stepFailed(WebUIKeywordMain.groovy:65)
	at com.kms.katalon.core.webui.keyword.internal.WebUIKeywordMain.runKeyword(WebUIKeywordMain.groovy:27)
	at com.kms.katalon.core.webui.keyword.builtin.SetTextKeyword.setText(SetTextKeyword.groovy:65)
	at com.kms.katalon.core.webui.keyword.builtin.SetTextKeyword.execute(SetTextKeyword.groovy:37)
	at com.kms.katalon.core.keyword.internal.KeywordExecutor.executeKeywordForPlatform(KeywordExecutor.groovy:53)
	at com.kms.katalon.core.webui.keyword.WebUiBuiltInKeywords.setText(WebUiBuiltInKeywords.groovy:950)
	at com.kms.katalon.core.webui.keyword.WebUiBuiltInKeywords$setText$1.call(Unknown Source)
	at org.codehaus.groovy.runtime.callsite.CallSiteArray.defaultCall(CallSiteArray.java:48)
	at org.codehaus.groovy.runtime.callsite.AbstractCallSite.call(AbstractCallSite.java:113)
	at org.codehaus.groovy.runtime.callsite.AbstractCallSite.call(AbstractCallSite.java:133)
	at Script1534407542420.run(Script1534407542420.groovy:83)
	at com.kms.katalon.core.main.ScriptEngine.run(ScriptEngine.java:183)
	at com.kms.katalon.core.main.ScriptEngine.runScriptAsRawText(ScriptEngine.java:108)
	at com.kms.katalon.core.main.TestCaseExecutor.runScript(TestCaseExecutor.java:294)
	at com.kms.katalon.core.main.TestCaseExecutor.doExecute(TestCaseExecutor.java:285)
	at com.kms.katalon.core.main.TestCaseExecutor.processExecutionPhase(TestCaseExecutor.java:264)
	at com.kms.katalon.core.main.TestCaseExecutor.accessMainPhase(TestCaseExecutor.java:256)
	at com.kms.katalon.core.main.TestCaseExecutor.execute(TestCaseExecutor.java:200)
	at com.kms.katalon.core.main.TestCaseMain.runTestCase(TestCaseMain.java:99)
	at com.kms.katalon.core.keyword.builtin.CallTestCaseKeyword$_callTestCase_closure1.doCall(CallTestCaseKeyword.groovy:60)
	at com.kms.katalon.core.keyword.builtin.CallTestCaseKeyword$_callTestCase_closure1.call(CallTestCaseKeyword.groovy)
	at com.kms.katalon.core.keyword.internal.KeywordMain.runKeyword(KeywordMain.groovy:54)
	at com.kms.katalon.core.keyword.builtin.CallTestCaseKeyword.callTestCase(CallTestCaseKeyword.groovy:81)
	at com.kms.katalon.core.keyword.builtin.CallTestCaseKeyword.execute(CallTestCaseKeyword.groovy:45)
	at com.kms.katalon.core.keyword.internal.KeywordExecutor.executeKeywordForPlatform(KeywordExecutor.groovy:53)
	at com.kms.katalon.core.keyword.BuiltinKeywords.callTestCase(BuiltinKeywords.groovy:334)
	at sun.reflect.NativeMethodAccessorImpl.invoke0(Native Method)
	at sun.reflect.NativeMethodAccessorImpl.invoke(NativeMethodAccessorImpl.java:62)
	at sun.reflect.DelegatingMethodAccessorImpl.invoke(DelegatingMethodAccessorImpl.java:43)
	at java.lang.reflect.Method.invoke(Method.java:498)
	at org.codehaus.groovy.reflection.CachedMethod.invoke(CachedMethod.java:93)
	at groovy.lang.MetaMethod.doMethodInvoke(MetaMethod.java:325)
	at groovy.lang.MetaClassImpl.invokeStaticMethod(MetaClassImpl.java:1469)
	at org.codehaus.groovy.runtime.callsite.StaticMetaClassSite.call(StaticMetaClassSite.java:53)
	at org.codehaus.groovy.runtime.callsite.CallSiteArray.defaultCall(CallSiteArray.java:48)
	at org.codehaus.groovy.runtime.callsite.AbstractCallSite.call(AbstractCallSite.java:113)
	at org.codehaus.groovy.runtime.callsite.AbstractCallSite.call(AbstractCallSite.java:141)
	at Script1537865992110.run(Script1537865992110.groovy:30)
	at com.kms.katalon.core.main.ScriptEngine.run(ScriptEngine.java:183)
	at com.kms.katalon.core.main.ScriptEngine.runScriptAsRawText(ScriptEngine.java:108)
	at com.kms.katalon.core.main.TestCaseExecutor.runScript(TestCaseExecutor.java:294)
	at com.kms.katalon.core.main.TestCaseExecutor.doExecute(TestCaseExecutor.java:285)
	at com.kms.katalon.core.main.TestCaseExecutor.processExecutionPhase(TestCaseExecutor.java:264)
	at com.kms.katalon.core.main.TestCaseExecutor.accessMainPhase(TestCaseExecutor.java:256)
	at com.kms.katalon.core.main.TestCaseExecutor.execute(TestCaseExecutor.java:200)
	at com.kms.katalon.core.main.TestCaseMain.runTestCase(TestCaseMain.java:99)
	at com.kms.katalon.core.keyword.builtin.CallTestCaseKeyword$_callTestCase_closure1.doCall(CallTestCaseKeyword.groovy:60)
	at com.kms.katalon.core.keyword.builtin.CallTestCaseKeyword$_callTestCase_closure1.call(CallTestCaseKeyword.groovy)
	at com.kms.katalon.core.keyword.internal.KeywordMain.runKeyword(KeywordMain.groovy:54)
	at com.kms.katalon.core.keyword.builtin.CallTestCaseKeyword.callTestCase(CallTestCaseKeyword.groovy:81)
	at com.kms.katalon.core.keyword.builtin.CallTestCaseKeyword.execute(CallTestCaseKeyword.groovy:45)
	at com.kms.katalon.core.keyword.internal.KeywordExecutor.executeKeywordForPlatform(KeywordExecutor.groovy:53)
	at com.kms.katalon.core.keyword.BuiltinKeywords.callTestCase(BuiltinKeywords.groovy:334)
	at sun.reflect.NativeMethodAccessorImpl.invoke0(Native Method)
	at sun.reflect.NativeMethodAccessorImpl.invoke(NativeMethodAccessorImpl.java:62)
	at sun.reflect.DelegatingMethodAccessorImpl.invoke(DelegatingMethodAccessorImpl.java:43)
	at java.lang.reflect.Method.invoke(Method.java:498)
	at org.codehaus.groovy.reflection.CachedMethod.invoke(CachedMethod.java:93)
	at groovy.lang.MetaMethod.doMethodInvoke(MetaMethod.java:325)
	at groovy.lang.MetaClassImpl.invokeStaticMethod(MetaClassImpl.java:1469)
	at org.codehaus.groovy.runtime.callsite.StaticMetaClassSite.call(StaticMetaClassSite.java:53)
	at org.codehaus.groovy.runtime.callsite.CallSiteArray.defaultCall(CallSiteArray.java:48)
	at org.codehaus.groovy.runtime.callsite.AbstractCallSite.call(AbstractCallSite.java:113)
	at org.codehaus.groovy.runtime.callsite.AbstractCallSite.call(AbstractCallSite.java:141)
	at Script1536300508581.run(Script1536300508581.groovy:26)
	at com.kms.katalon.core.main.ScriptEngine.run(ScriptEngine.java:183)
	at com.kms.katalon.core.main.ScriptEngine.runScriptAsRawText(ScriptEngine.java:108)
	at com.kms.katalon.core.main.TestCaseExecutor.runScript(TestCaseExecutor.java:294)
	at com.kms.katalon.core.main.TestCaseExecutor.doExecute(TestCaseExecutor.java:285)
	at com.kms.katalon.core.main.TestCaseExecutor.processExecutionPhase(TestCaseExecutor.java:264)
	at com.kms.katalon.core.main.TestCaseExecutor.accessMainPhase(TestCaseExecutor.java:256)
	at com.kms.katalon.core.main.TestCaseExecutor.execute(TestCaseExecutor.java:200)
	at com.kms.katalon.core.main.TestSuiteExecutor.accessTestCaseMainPhase(TestSuiteExecutor.java:129)
	at com.kms.katalon.core.main.TestSuiteExecutor.accessTestSuiteMainPhase(TestSuiteExecutor.java:112)
	at com.kms.katalon.core.main.TestSuiteExecutor.execute(TestSuiteExecutor.java:81)
	at com.kms.katalon.core.main.TestCaseMain.startTestSuite(TestCaseMain.java:142)
	at com.kms.katalon.core.main.TestCaseMain$startTestSuite$0.call(Unknown Source)
	at org.codehaus.groovy.runtime.callsite.CallSiteArray.defaultCall(CallSiteArray.java:48)
	at org.codehaus.groovy.runtime.callsite.AbstractCallSite.call(AbstractCallSite.java:113)
	at org.codehaus.groovy.runtime.callsite.AbstractCallSite.call(AbstractCallSite.java:141)
	at TempTestSuite1542874456978.run(TempTestSuite1542874456978.groovy:36)
	at groovy.lang.GroovyShell.runScriptOrMainOrTestOrRunnable(GroovyShell.java:263)
	at groovy.lang.GroovyShell.run(GroovyShell.java:518)
	at groovy.lang.GroovyShell.run(GroovyShell.java:507)
	at groovy.ui.GroovyMain.processOnce(GroovyMain.java:653)
	at groovy.ui.GroovyMain.run(GroovyMain.java:384)
	at groovy.ui.GroovyMain.process(GroovyMain.java:370)
	at groovy.ui.GroovyMain.processArgs(GroovyMain.java:129)
	at groovy.ui.GroovyMain.main(GroovyMain.java:109)
	at sun.reflect.NativeMethodAccessorImpl.invoke0(Native Method)
	at sun.reflect.NativeMethodAccessorImpl.invoke(NativeMethodAccessorImpl.java:62)
	at sun.reflect.DelegatingMethodAccessorImpl.invoke(DelegatingMethodAccessorImpl.java:43)
	at java.lang.reflect.Method.invoke(Method.java:498)
	at org.codehaus.groovy.tools.GroovyStarter.rootLoader(GroovyStarter.java:109)
	at org.codehaus.groovy.tools.GroovyStarter.main(GroovyStarter.java:131)
)]]></system-err>
      </testcase>
      <testcase name="Test Cases/Final Aug 2018 - PKS Automation/Registration Module/Workflow/Request SSN/OTC - RIO - RO (Query)" classname="Test Cases/Final Aug 2018 - PKS Automation/Registration Module/Workflow/Request SSN/OTC - RIO - RO (Query)" status="FAILED">
         <failure type="FAILED" message="(Stack trace: com.kms.katalon.core.exception.StepFailedException: Unable to click on object 'Object Repository/Final Object Repo/Landing Page/Select to English' (Root cause: com.kms.katalon.core.webui.exception.WebElementNotFoundException: Web element with id: 'Object Repository/Final Object Repo/Landing Page/Select to English' located by 'By.xpath: //a[@class = 'taglib-language-list-text' and @lang = 'en-US' and (contains(text(), 'EN') or contains(., 'EN'))]' not found)
	at com.kms.katalon.core.keyword.internal.KeywordMain.stepFailed(KeywordMain.groovy:32)
	at com.kms.katalon.core.webui.keyword.internal.WebUIKeywordMain.stepFailed(WebUIKeywordMain.groovy:65)
	at com.kms.katalon.core.webui.keyword.internal.WebUIKeywordMain.runKeyword(WebUIKeywordMain.groovy:27)
	at com.kms.katalon.core.webui.keyword.builtin.ClickKeyword.click(ClickKeyword.groovy:86)
	at com.kms.katalon.core.webui.keyword.builtin.ClickKeyword.execute(ClickKeyword.groovy:67)
	at com.kms.katalon.core.keyword.internal.KeywordExecutor.executeKeywordForPlatform(KeywordExecutor.groovy:53)
	at com.kms.katalon.core.webui.keyword.WebUiBuiltInKeywords.click(WebUiBuiltInKeywords.groovy:604)
	at com.kms.katalon.core.webui.keyword.WebUiBuiltInKeywords$click$13.call(Unknown Source)
	at org.codehaus.groovy.runtime.callsite.CallSiteArray.defaultCall(CallSiteArray.java:48)
	at org.codehaus.groovy.runtime.callsite.AbstractCallSite.call(AbstractCallSite.java:113)
	at org.codehaus.groovy.runtime.callsite.AbstractCallSite.call(AbstractCallSite.java:133)
	at Script1534407542420.run(Script1534407542420.groovy:57)
	at com.kms.katalon.core.main.ScriptEngine.run(ScriptEngine.java:183)
	at com.kms.katalon.core.main.ScriptEngine.runScriptAsRawText(ScriptEngine.java:108)
	at com.kms.katalon.core.main.TestCaseExecutor.runScript(TestCaseExecutor.java:294)
	at com.kms.katalon.core.main.TestCaseExecutor.doExecute(TestCaseExecutor.java:285)
	at com.kms.katalon.core.main.TestCaseExecutor.processExecutionPhase(TestCaseExecutor.java:264)
	at com.kms.katalon.core.main.TestCaseExecutor.accessMainPhase(TestCaseExecutor.java:256)
	at com.kms.katalon.core.main.TestCaseExecutor.execute(TestCaseExecutor.java:200)
	at com.kms.katalon.core.main.TestCaseMain.runTestCase(TestCaseMain.java:99)
	at com.kms.katalon.core.keyword.builtin.CallTestCaseKeyword$_callTestCase_closure1.doCall(CallTestCaseKeyword.groovy:60)
	at com.kms.katalon.core.keyword.builtin.CallTestCaseKeyword$_callTestCase_closure1.call(CallTestCaseKeyword.groovy)
	at com.kms.katalon.core.keyword.internal.KeywordMain.runKeyword(KeywordMain.groovy:54)
	at com.kms.katalon.core.keyword.builtin.CallTestCaseKeyword.callTestCase(CallTestCaseKeyword.groovy:81)
	at com.kms.katalon.core.keyword.builtin.CallTestCaseKeyword.execute(CallTestCaseKeyword.groovy:45)
	at com.kms.katalon.core.keyword.internal.KeywordExecutor.executeKeywordForPlatform(KeywordExecutor.groovy:53)
	at com.kms.katalon.core.keyword.BuiltinKeywords.callTestCase(BuiltinKeywords.groovy:334)
	at sun.reflect.NativeMethodAccessorImpl.invoke0(Native Method)
	at sun.reflect.NativeMethodAccessorImpl.invoke(NativeMethodAccessorImpl.java:62)
	at sun.reflect.DelegatingMethodAccessorImpl.invoke(DelegatingMethodAccessorImpl.java:43)
	at java.lang.reflect.Method.invoke(Method.java:498)
	at org.codehaus.groovy.reflection.CachedMethod.invoke(CachedMethod.java:93)
	at groovy.lang.MetaMethod.doMethodInvoke(MetaMethod.java:325)
	at groovy.lang.MetaClassImpl.invokeStaticMethod(MetaClassImpl.java:1469)
	at org.codehaus.groovy.runtime.callsite.StaticMetaClassSite.call(StaticMetaClassSite.java:53)
	at org.codehaus.groovy.runtime.callsite.CallSiteArray.defaultCall(CallSiteArray.java:48)
	at org.codehaus.groovy.runtime.callsite.AbstractCallSite.call(AbstractCallSite.java:113)
	at org.codehaus.groovy.runtime.callsite.AbstractCallSite.call(AbstractCallSite.java:141)
	at Script1537866031818.run(Script1537866031818.groovy:33)
	at com.kms.katalon.core.main.ScriptEngine.run(ScriptEngine.java:183)
	at com.kms.katalon.core.main.ScriptEngine.runScriptAsRawText(ScriptEngine.java:108)
	at com.kms.katalon.core.main.TestCaseExecutor.runScript(TestCaseExecutor.java:294)
	at com.kms.katalon.core.main.TestCaseExecutor.doExecute(TestCaseExecutor.java:285)
	at com.kms.katalon.core.main.TestCaseExecutor.processExecutionPhase(TestCaseExecutor.java:264)
	at com.kms.katalon.core.main.TestCaseExecutor.accessMainPhase(TestCaseExecutor.java:256)
	at com.kms.katalon.core.main.TestCaseExecutor.execute(TestCaseExecutor.java:200)
	at com.kms.katalon.core.main.TestCaseMain.runTestCase(TestCaseMain.java:99)
	at com.kms.katalon.core.keyword.builtin.CallTestCaseKeyword$_callTestCase_closure1.doCall(CallTestCaseKeyword.groovy:60)
	at com.kms.katalon.core.keyword.builtin.CallTestCaseKeyword$_callTestCase_closure1.call(CallTestCaseKeyword.groovy)
	at com.kms.katalon.core.keyword.internal.KeywordMain.runKeyword(KeywordMain.groovy:54)
	at com.kms.katalon.core.keyword.builtin.CallTestCaseKeyword.callTestCase(CallTestCaseKeyword.groovy:81)
	at com.kms.katalon.core.keyword.builtin.CallTestCaseKeyword.execute(CallTestCaseKeyword.groovy:45)
	at com.kms.katalon.core.keyword.internal.KeywordExecutor.executeKeywordForPlatform(KeywordExecutor.groovy:53)
	at com.kms.katalon.core.keyword.BuiltinKeywords.callTestCase(BuiltinKeywords.groovy:334)
	at sun.reflect.NativeMethodAccessorImpl.invoke0(Native Method)
	at sun.reflect.NativeMethodAccessorImpl.invoke(NativeMethodAccessorImpl.java:62)
	at sun.reflect.DelegatingMethodAccessorImpl.invoke(DelegatingMethodAccessorImpl.java:43)
	at java.lang.reflect.Method.invoke(Method.java:498)
	at org.codehaus.groovy.reflection.CachedMethod.invoke(CachedMethod.java:93)
	at groovy.lang.MetaMethod.doMethodInvoke(MetaMethod.java:325)
	at groovy.lang.MetaClassImpl.invokeStaticMethod(MetaClassImpl.java:1469)
	at org.codehaus.groovy.runtime.callsite.StaticMetaClassSite.call(StaticMetaClassSite.java:53)
	at org.codehaus.groovy.runtime.callsite.CallSiteArray.defaultCall(CallSiteArray.java:48)
	at org.codehaus.groovy.runtime.callsite.AbstractCallSite.call(AbstractCallSite.java:113)
	at org.codehaus.groovy.runtime.callsite.AbstractCallSite.call(AbstractCallSite.java:141)
	at Script1536300508592.run(Script1536300508592.groovy:24)
	at com.kms.katalon.core.main.ScriptEngine.run(ScriptEngine.java:183)
	at com.kms.katalon.core.main.ScriptEngine.runScriptAsRawText(ScriptEngine.java:108)
	at com.kms.katalon.core.main.TestCaseExecutor.runScript(TestCaseExecutor.java:294)
	at com.kms.katalon.core.main.TestCaseExecutor.doExecute(TestCaseExecutor.java:285)
	at com.kms.katalon.core.main.TestCaseExecutor.processExecutionPhase(TestCaseExecutor.java:264)
	at com.kms.katalon.core.main.TestCaseExecutor.accessMainPhase(TestCaseExecutor.java:256)
	at com.kms.katalon.core.main.TestCaseExecutor.execute(TestCaseExecutor.java:200)
	at com.kms.katalon.core.main.TestSuiteExecutor.accessTestCaseMainPhase(TestSuiteExecutor.java:129)
	at com.kms.katalon.core.main.TestSuiteExecutor.accessTestSuiteMainPhase(TestSuiteExecutor.java:112)
	at com.kms.katalon.core.main.TestSuiteExecutor.execute(TestSuiteExecutor.java:81)
	at com.kms.katalon.core.main.TestCaseMain.startTestSuite(TestCaseMain.java:142)
	at com.kms.katalon.core.main.TestCaseMain$startTestSuite$0.call(Unknown Source)
	at org.codehaus.groovy.runtime.callsite.CallSiteArray.defaultCall(CallSiteArray.java:48)
	at org.codehaus.groovy.runtime.callsite.AbstractCallSite.call(AbstractCallSite.java:113)
	at org.codehaus.groovy.runtime.callsite.AbstractCallSite.call(AbstractCallSite.java:141)
	at TempTestSuite1542874456978.run(TempTestSuite1542874456978.groovy:36)
	at groovy.lang.GroovyShell.runScriptOrMainOrTestOrRunnable(GroovyShell.java:263)
	at groovy.lang.GroovyShell.run(GroovyShell.java:518)
	at groovy.lang.GroovyShell.run(GroovyShell.java:507)
	at groovy.ui.GroovyMain.processOnce(GroovyMain.java:653)
	at groovy.ui.GroovyMain.run(GroovyMain.java:384)
	at groovy.ui.GroovyMain.process(GroovyMain.java:370)
	at groovy.ui.GroovyMain.processArgs(GroovyMain.java:129)
	at groovy.ui.GroovyMain.main(GroovyMain.java:109)
	at sun.reflect.NativeMethodAccessorImpl.invoke0(Native Method)
	at sun.reflect.NativeMethodAccessorImpl.invoke(NativeMethodAccessorImpl.java:62)
	at sun.reflect.DelegatingMethodAccessorImpl.invoke(DelegatingMethodAccessorImpl.java:43)
	at java.lang.reflect.Method.invoke(Method.java:498)
	at org.codehaus.groovy.tools.GroovyStarter.rootLoader(GroovyStarter.java:109)
	at org.codehaus.groovy.tools.GroovyStarter.main(GroovyStarter.java:131)
)"/>
         <system-out><![CDATA[2018-11-23 01:18:38 - [TEST_CASE][FAILED] - Test Cases/Final Aug 2018 - PKS Automation/Registration Module/Workflow/Request SSN/OTC - RIO - RO (Query): Test Cases/Final Aug 2018 - PKS Automation/Registration Module/Workflow/Request SSN/OTC - RIO - RO (Query) FAILED because (of) (Stack trace: com.kms.katalon.core.exception.StepFailedException: Unable to click on object 'Object Repository/Final Object Repo/Landing Page/Select to English' (Root cause: com.kms.katalon.core.webui.exception.WebElementNotFoundException: Web element with id: 'Object Repository/Final Object Repo/Landing Page/Select to English' located by 'By.xpath: //a[@class = 'taglib-language-list-text' and @lang = 'en-US' and (contains(text(), 'EN') or contains(., 'EN'))]' not found)
	at com.kms.katalon.core.keyword.internal.KeywordMain.stepFailed(KeywordMain.groovy:32)
	at com.kms.katalon.core.webui.keyword.internal.WebUIKeywordMain.stepFailed(WebUIKeywordMain.groovy:65)
	at com.kms.katalon.core.webui.keyword.internal.WebUIKeywordMain.runKeyword(WebUIKeywordMain.groovy:27)
	at com.kms.katalon.core.webui.keyword.builtin.ClickKeyword.click(ClickKeyword.groovy:86)
	at com.kms.katalon.core.webui.keyword.builtin.ClickKeyword.execute(ClickKeyword.groovy:67)
	at com.kms.katalon.core.keyword.internal.KeywordExecutor.executeKeywordForPlatform(KeywordExecutor.groovy:53)
	at com.kms.katalon.core.webui.keyword.WebUiBuiltInKeywords.click(WebUiBuiltInKeywords.groovy:604)
	at com.kms.katalon.core.webui.keyword.WebUiBuiltInKeywords$click$13.call(Unknown Source)
	at org.codehaus.groovy.runtime.callsite.CallSiteArray.defaultCall(CallSiteArray.java:48)
	at org.codehaus.groovy.runtime.callsite.AbstractCallSite.call(AbstractCallSite.java:113)
	at org.codehaus.groovy.runtime.callsite.AbstractCallSite.call(AbstractCallSite.java:133)
	at Script1534407542420.run(Script1534407542420.groovy:57)
	at com.kms.katalon.core.main.ScriptEngine.run(ScriptEngine.java:183)
	at com.kms.katalon.core.main.ScriptEngine.runScriptAsRawText(ScriptEngine.java:108)
	at com.kms.katalon.core.main.TestCaseExecutor.runScript(TestCaseExecutor.java:294)
	at com.kms.katalon.core.main.TestCaseExecutor.doExecute(TestCaseExecutor.java:285)
	at com.kms.katalon.core.main.TestCaseExecutor.processExecutionPhase(TestCaseExecutor.java:264)
	at com.kms.katalon.core.main.TestCaseExecutor.accessMainPhase(TestCaseExecutor.java:256)
	at com.kms.katalon.core.main.TestCaseExecutor.execute(TestCaseExecutor.java:200)
	at com.kms.katalon.core.main.TestCaseMain.runTestCase(TestCaseMain.java:99)
	at com.kms.katalon.core.keyword.builtin.CallTestCaseKeyword$_callTestCase_closure1.doCall(CallTestCaseKeyword.groovy:60)
	at com.kms.katalon.core.keyword.builtin.CallTestCaseKeyword$_callTestCase_closure1.call(CallTestCaseKeyword.groovy)
	at com.kms.katalon.core.keyword.internal.KeywordMain.runKeyword(KeywordMain.groovy:54)
	at com.kms.katalon.core.keyword.builtin.CallTestCaseKeyword.callTestCase(CallTestCaseKeyword.groovy:81)
	at com.kms.katalon.core.keyword.builtin.CallTestCaseKeyword.execute(CallTestCaseKeyword.groovy:45)
	at com.kms.katalon.core.keyword.internal.KeywordExecutor.executeKeywordForPlatform(KeywordExecutor.groovy:53)
	at com.kms.katalon.core.keyword.BuiltinKeywords.callTestCase(BuiltinKeywords.groovy:334)
	at sun.reflect.NativeMethodAccessorImpl.invoke0(Native Method)
	at sun.reflect.NativeMethodAccessorImpl.invoke(NativeMethodAccessorImpl.java:62)
	at sun.reflect.DelegatingMethodAccessorImpl.invoke(DelegatingMethodAccessorImpl.java:43)
	at java.lang.reflect.Method.invoke(Method.java:498)
	at org.codehaus.groovy.reflection.CachedMethod.invoke(CachedMethod.java:93)
	at groovy.lang.MetaMethod.doMethodInvoke(MetaMethod.java:325)
	at groovy.lang.MetaClassImpl.invokeStaticMethod(MetaClassImpl.java:1469)
	at org.codehaus.groovy.runtime.callsite.StaticMetaClassSite.call(StaticMetaClassSite.java:53)
	at org.codehaus.groovy.runtime.callsite.CallSiteArray.defaultCall(CallSiteArray.java:48)
	at org.codehaus.groovy.runtime.callsite.AbstractCallSite.call(AbstractCallSite.java:113)
	at org.codehaus.groovy.runtime.callsite.AbstractCallSite.call(AbstractCallSite.java:141)
	at Script1537866031818.run(Script1537866031818.groovy:33)
	at com.kms.katalon.core.main.ScriptEngine.run(ScriptEngine.java:183)
	at com.kms.katalon.core.main.ScriptEngine.runScriptAsRawText(ScriptEngine.java:108)
	at com.kms.katalon.core.main.TestCaseExecutor.runScript(TestCaseExecutor.java:294)
	at com.kms.katalon.core.main.TestCaseExecutor.doExecute(TestCaseExecutor.java:285)
	at com.kms.katalon.core.main.TestCaseExecutor.processExecutionPhase(TestCaseExecutor.java:264)
	at com.kms.katalon.core.main.TestCaseExecutor.accessMainPhase(TestCaseExecutor.java:256)
	at com.kms.katalon.core.main.TestCaseExecutor.execute(TestCaseExecutor.java:200)
	at com.kms.katalon.core.main.TestCaseMain.runTestCase(TestCaseMain.java:99)
	at com.kms.katalon.core.keyword.builtin.CallTestCaseKeyword$_callTestCase_closure1.doCall(CallTestCaseKeyword.groovy:60)
	at com.kms.katalon.core.keyword.builtin.CallTestCaseKeyword$_callTestCase_closure1.call(CallTestCaseKeyword.groovy)
	at com.kms.katalon.core.keyword.internal.KeywordMain.runKeyword(KeywordMain.groovy:54)
	at com.kms.katalon.core.keyword.builtin.CallTestCaseKeyword.callTestCase(CallTestCaseKeyword.groovy:81)
	at com.kms.katalon.core.keyword.builtin.CallTestCaseKeyword.execute(CallTestCaseKeyword.groovy:45)
	at com.kms.katalon.core.keyword.internal.KeywordExecutor.executeKeywordForPlatform(KeywordExecutor.groovy:53)
	at com.kms.katalon.core.keyword.BuiltinKeywords.callTestCase(BuiltinKeywords.groovy:334)
	at sun.reflect.NativeMethodAccessorImpl.invoke0(Native Method)
	at sun.reflect.NativeMethodAccessorImpl.invoke(NativeMethodAccessorImpl.java:62)
	at sun.reflect.DelegatingMethodAccessorImpl.invoke(DelegatingMethodAccessorImpl.java:43)
	at java.lang.reflect.Method.invoke(Method.java:498)
	at org.codehaus.groovy.reflection.CachedMethod.invoke(CachedMethod.java:93)
	at groovy.lang.MetaMethod.doMethodInvoke(MetaMethod.java:325)
	at groovy.lang.MetaClassImpl.invokeStaticMethod(MetaClassImpl.java:1469)
	at org.codehaus.groovy.runtime.callsite.StaticMetaClassSite.call(StaticMetaClassSite.java:53)
	at org.codehaus.groovy.runtime.callsite.CallSiteArray.defaultCall(CallSiteArray.java:48)
	at org.codehaus.groovy.runtime.callsite.AbstractCallSite.call(AbstractCallSite.java:113)
	at org.codehaus.groovy.runtime.callsite.AbstractCallSite.call(AbstractCallSite.java:141)
	at Script1536300508592.run(Script1536300508592.groovy:24)
	at com.kms.katalon.core.main.ScriptEngine.run(ScriptEngine.java:183)
	at com.kms.katalon.core.main.ScriptEngine.runScriptAsRawText(ScriptEngine.java:108)
	at com.kms.katalon.core.main.TestCaseExecutor.runScript(TestCaseExecutor.java:294)
	at com.kms.katalon.core.main.TestCaseExecutor.doExecute(TestCaseExecutor.java:285)
	at com.kms.katalon.core.main.TestCaseExecutor.processExecutionPhase(TestCaseExecutor.java:264)
	at com.kms.katalon.core.main.TestCaseExecutor.accessMainPhase(TestCaseExecutor.java:256)
	at com.kms.katalon.core.main.TestCaseExecutor.execute(TestCaseExecutor.java:200)
	at com.kms.katalon.core.main.TestSuiteExecutor.accessTestCaseMainPhase(TestSuiteExecutor.java:129)
	at com.kms.katalon.core.main.TestSuiteExecutor.accessTestSuiteMainPhase(TestSuiteExecutor.java:112)
	at com.kms.katalon.core.main.TestSuiteExecutor.execute(TestSuiteExecutor.java:81)
	at com.kms.katalon.core.main.TestCaseMain.startTestSuite(TestCaseMain.java:142)
	at com.kms.katalon.core.main.TestCaseMain$startTestSuite$0.call(Unknown Source)
	at org.codehaus.groovy.runtime.callsite.CallSiteArray.defaultCall(CallSiteArray.java:48)
	at org.codehaus.groovy.runtime.callsite.AbstractCallSite.call(AbstractCallSite.java:113)
	at org.codehaus.groovy.runtime.callsite.AbstractCallSite.call(AbstractCallSite.java:141)
	at TempTestSuite1542874456978.run(TempTestSuite1542874456978.groovy:36)
	at groovy.lang.GroovyShell.runScriptOrMainOrTestOrRunnable(GroovyShell.java:263)
	at groovy.lang.GroovyShell.run(GroovyShell.java:518)
	at groovy.lang.GroovyShell.run(GroovyShell.java:507)
	at groovy.ui.GroovyMain.processOnce(GroovyMain.java:653)
	at groovy.ui.GroovyMain.run(GroovyMain.java:384)
	at groovy.ui.GroovyMain.process(GroovyMain.java:370)
	at groovy.ui.GroovyMain.processArgs(GroovyMain.java:129)
	at groovy.ui.GroovyMain.main(GroovyMain.java:109)
	at sun.reflect.NativeMethodAccessorImpl.invoke0(Native Method)
	at sun.reflect.NativeMethodAccessorImpl.invoke(NativeMethodAccessorImpl.java:62)
	at sun.reflect.DelegatingMethodAccessorImpl.invoke(DelegatingMethodAccessorImpl.java:43)
	at java.lang.reflect.Method.invoke(Method.java:498)
	at org.codehaus.groovy.tools.GroovyStarter.rootLoader(GroovyStarter.java:109)
	at org.codehaus.groovy.tools.GroovyStarter.main(GroovyStarter.java:131)
)

2018-11-23 01:18:38 - [TEST_STEP][PASSED] - callTestCase: Call Test Case 'Test Cases/Final Aug 2018 - PKS Automation/Registration Module/Workflow/Request SSN/Template/Request SSN - OTC' successfully

2018-11-23 01:18:38 - [TEST_CASE][PASSED] - Test Cases/Final Aug 2018 - PKS Automation/Registration Module/Workflow/Request SSN/Template/Request SSN - OTC: Test Cases/Final Aug 2018 - PKS Automation/Registration Module/Workflow/Request SSN/Template/Request SSN - OTC

2018-11-23 01:18:39 - [TEST_STEP][PASSED] - openBrowser: Browser is opened with url: ''

2018-11-23 01:18:39 - [MESSAGE][WARNING] - A browser is already opened. Closing browser and opening a new one

2018-11-23 01:18:43 - [MESSAGE][PASSED] - Browser is opened with url: ''

2018-11-23 01:18:43 - [TEST_STEP][PASSED] - navigateToUrl: Navigate to 'https://assist2-uat.perkeso.gov.my/login' successfully

2018-11-23 01:18:44 - [MESSAGE][PASSED] - Navigate to 'https://assist2-uat.perkeso.gov.my/login' successfully

2018-11-23 01:18:44 - [TEST_STEP][PASSED] - setText: Text 'johorotc1@gmail.com' is set on object 'Object Repository/Final Object Repo/Login Page/Internal User/Email Address'

2018-11-23 01:18:44 - [MESSAGE][PASSED] - Text 'johorotc1@gmail.com' is set on object 'Object Repository/Final Object Repo/Login Page/Internal User/Email Address'

2018-11-23 01:18:44 - [TEST_STEP][PASSED] - click: Object: 'Object Repository/Final Object Repo/Login Page/Internal User/Next Button' is clicked on

2018-11-23 01:18:44 - [MESSAGE][PASSED] - Object: 'Object Repository/Final Object Repo/Login Page/Internal User/Next Button' is clicked on

2018-11-23 01:18:44 - [TEST_STEP][PASSED] - delay: Delayed 1 second(s)

2018-11-23 01:18:45 - [MESSAGE][PASSED] - Delayed 1 second(s)

2018-11-23 01:18:45 - [TEST_STEP][PASSED] - setEncryptedText: Text ****** has been set on object 'Object Repository/Final Object Repo/Login Page/Internal User/Password'

2018-11-23 01:18:46 - [MESSAGE][PASSED] - Text ****** has been set on object 'Object Repository/Final Object Repo/Login Page/Internal User/Password'

2018-11-23 01:18:46 - [TEST_STEP][PASSED] - click: Object: 'Object Repository/Final Object Repo/Login Page/Internal User/Login Button' is clicked on

2018-11-23 01:18:46 - [MESSAGE][PASSED] - Object: 'Object Repository/Final Object Repo/Login Page/Internal User/Login Button' is clicked on

2018-11-23 01:18:46 - [TEST_STEP][PASSED] - delay: Delayed 1 second(s)

2018-11-23 01:18:47 - [MESSAGE][PASSED] - Delayed 1 second(s)

2018-11-23 01:18:47 - [TEST_STEP][PASSED] - navigateToUrl: Navigate to 'https://assist2-uat.perkeso.gov.my/web/registration/request-ssn' successfully

2018-11-23 01:18:51 - [MESSAGE][PASSED] - Navigate to 'https://assist2-uat.perkeso.gov.my/web/registration/request-ssn' successfully

2018-11-23 01:18:51 - [TEST_STEP][PASSED] - setText: Text 'perkeso' is set on object 'Object Repository/Final Object Repo/Page_Request SSN - ASSIST/AI - Name'

2018-11-23 01:18:52 - [MESSAGE][PASSED] - Text 'perkeso' is set on object 'Object Repository/Final Object Repo/Page_Request SSN - ASSIST/AI - Name'

2018-11-23 01:18:52 - [TEST_STEP][PASSED] - click: Object: 'Object Repository/Final Object Repo/Page_Request SSN - ASSIST/AI - DOB' is clicked on

2018-11-23 01:18:52 - [MESSAGE][PASSED] - Object: 'Object Repository/Final Object Repo/Page_Request SSN - ASSIST/AI - DOB' is clicked on

2018-11-23 01:18:52 - [TEST_STEP][PASSED] - selectOptionByValue: All options with value '1995' are selected in object 'Object Repository/Final Object Repo/Page_Request SSN - ASSIST/AI - DOB - Year' 

2018-11-23 01:18:53 - [MESSAGE][PASSED] - All options with value '1995' are selected in object 'Object Repository/Final Object Repo/Page_Request SSN - ASSIST/AI - DOB - Year' 

2018-11-23 01:18:53 - [TEST_STEP][PASSED] - delay: Delayed 3 second(s)

2018-11-23 01:18:56 - [MESSAGE][PASSED] - Delayed 3 second(s)

2018-11-23 01:18:56 - [TEST_STEP][PASSED] - doubleClick: Object: 'Object Repository/Final Object Repo/Page_Request SSN - ASSIST/AI - DOB - Year - Date' is double clicked on

2018-11-23 01:18:56 - [MESSAGE][PASSED] - Object: 'Object Repository/Final Object Repo/Page_Request SSN - ASSIST/AI - DOB - Year - Date' is double clicked on

2018-11-23 01:18:56 - [TEST_STEP][PASSED] - click: Object: 'Object Repository/Final Object Repo/Page_Request SSN - ASSIST/AI - Male' is clicked on

2018-11-23 01:18:56 - [MESSAGE][PASSED] - Object: 'Object Repository/Final Object Repo/Page_Request SSN - ASSIST/AI - Male' is clicked on

2018-11-23 01:18:56 - [TEST_STEP][PASSED] - click: Object: 'Object Repository/Final Object Repo/Page_Request SSN - ASSIST/AI- Race' is clicked on

2018-11-23 01:18:56 - [MESSAGE][PASSED] - Object: 'Object Repository/Final Object Repo/Page_Request SSN - ASSIST/AI- Race' is clicked on

2018-11-23 01:18:56 - [TEST_STEP][PASSED] - click: Object: 'Object Repository/Final Object Repo/Page_Request SSN - ASSIST/AI - Race - Melayu' is clicked on

2018-11-23 01:18:56 - [MESSAGE][PASSED] - Object: 'Object Repository/Final Object Repo/Page_Request SSN - ASSIST/AI - Race - Melayu' is clicked on

2018-11-23 01:18:56 - [TEST_STEP][PASSED] - click: Object: 'Object Repository/Final Object Repo/Page_Request SSN - ASSIST/AI - Religion' is clicked on

2018-11-23 01:18:57 - [MESSAGE][PASSED] - Object: 'Object Repository/Final Object Repo/Page_Request SSN - ASSIST/AI - Religion' is clicked on

2018-11-23 01:18:57 - [TEST_STEP][PASSED] - click: Object: 'Object Repository/Final Object Repo/Page_Request SSN - ASSIST/AI - Religion - Islam' is clicked on

2018-11-23 01:18:57 - [MESSAGE][PASSED] - Object: 'Object Repository/Final Object Repo/Page_Request SSN - ASSIST/AI - Religion - Islam' is clicked on

2018-11-23 01:18:57 - [TEST_STEP][PASSED] - setText: Text '12345' is set on object 'Object Repository/Final Object Repo/Page_Request SSN - ASSIST/AI - Birth Certificate'

2018-11-23 01:18:57 - [MESSAGE][PASSED] - Text '12345' is set on object 'Object Repository/Final Object Repo/Page_Request SSN - ASSIST/AI - Birth Certificate'

2018-11-23 01:18:57 - [TEST_STEP][PASSED] - click: Object: 'Object Repository/Final Object Repo/Page_Request SSN - ASSIST/AI - Nationality' is clicked on

2018-11-23 01:18:58 - [MESSAGE][PASSED] - Object: 'Object Repository/Final Object Repo/Page_Request SSN - ASSIST/AI - Nationality' is clicked on

2018-11-23 01:18:58 - [TEST_STEP][PASSED] - click: Object: 'Object Repository/Final Object Repo/Page_Request SSN - ASSIST/AI - Nationality - Afghanistan' is clicked on

2018-11-23 01:18:58 - [MESSAGE][PASSED] - Object: 'Object Repository/Final Object Repo/Page_Request SSN - ASSIST/AI - Nationality - Afghanistan' is clicked on

2018-11-23 01:18:58 - [TEST_STEP][PASSED] - setText: Text 'PERKESO ADDRESS1' is set on object 'Object Repository/Final Object Repo/Page_Request SSN - ASSIST/AI - Address1'

2018-11-23 01:18:59 - [MESSAGE][PASSED] - Text 'PERKESO ADDRESS1' is set on object 'Object Repository/Final Object Repo/Page_Request SSN - ASSIST/AI - Address1'

2018-11-23 01:18:59 - [TEST_STEP][PASSED] - setText: Text 'PERKESO ADDRESS2' is set on object 'Object Repository/Final Object Repo/Page_Request SSN - ASSIST/AI - Address2'

2018-11-23 01:19:01 - [MESSAGE][PASSED] - Text 'PERKESO ADDRESS2' is set on object 'Object Repository/Final Object Repo/Page_Request SSN - ASSIST/AI - Address2'

2018-11-23 01:19:01 - [TEST_STEP][PASSED] - setText: Text 'PERKESO ADDRESS3' is set on object 'Object Repository/Final Object Repo/Page_Request SSN - ASSIST/AI - Address3'

2018-11-23 01:19:02 - [MESSAGE][PASSED] - Text 'PERKESO ADDRESS3' is set on object 'Object Repository/Final Object Repo/Page_Request SSN - ASSIST/AI - Address3'

2018-11-23 01:19:02 - [TEST_STEP][PASSED] - click: Object: 'Object Repository/Final Object Repo/Page_Request SSN - ASSIST/AI - State' is clicked on

2018-11-23 01:19:02 - [MESSAGE][PASSED] - Object: 'Object Repository/Final Object Repo/Page_Request SSN - ASSIST/AI - State' is clicked on

2018-11-23 01:19:02 - [TEST_STEP][PASSED] - click: Object: 'Object Repository/Final Object Repo/Page_Request SSN - ASSIST/AI - Current Employer State - Johor' is clicked on

2018-11-23 01:19:03 - [MESSAGE][PASSED] - Object: 'Object Repository/Final Object Repo/Page_Request SSN - ASSIST/AI - Current Employer State - Johor' is clicked on

2018-11-23 01:19:03 - [TEST_STEP][PASSED] - click: Object: 'Object Repository/Final Object Repo/Page_Request SSN - ASSIST/AI - City' is clicked on

2018-11-23 01:19:03 - [MESSAGE][PASSED] - Object: 'Object Repository/Final Object Repo/Page_Request SSN - ASSIST/AI - City' is clicked on

2018-11-23 01:19:03 - [TEST_STEP][PASSED] - setText: Text 'JOH' is set on object 'Object Repository/Final Object Repo/Page_Request SSN - ASSIST/AI - City - JOH'

2018-11-23 01:19:03 - [MESSAGE][PASSED] - Text 'JOH' is set on object 'Object Repository/Final Object Repo/Page_Request SSN - ASSIST/AI - City - JOH'

2018-11-23 01:19:03 - [TEST_STEP][PASSED] - delay: Delayed 3 second(s)

2018-11-23 01:19:06 - [MESSAGE][PASSED] - Delayed 3 second(s)

2018-11-23 01:19:06 - [TEST_STEP][PASSED] - click: Object: 'Object Repository/Final Object Repo/Page_Request SSN - ASSIST/AI - City - Johor Bharu' is clicked on

2018-11-23 01:19:06 - [MESSAGE][PASSED] - Object: 'Object Repository/Final Object Repo/Page_Request SSN - ASSIST/AI - City - Johor Bharu' is clicked on

2018-11-23 01:19:06 - [TEST_STEP][PASSED] - click: Object: 'Object Repository/Final Object Repo/Page_Request SSN - ASSIST/AI - Post Code' is clicked on

2018-11-23 01:19:07 - [MESSAGE][PASSED] - Object: 'Object Repository/Final Object Repo/Page_Request SSN - ASSIST/AI - Post Code' is clicked on

2018-11-23 01:19:07 - [TEST_STEP][PASSED] - setText: Text '810' is set on object 'Object Repository/Final Object Repo/Page_Request SSN - ASSIST/AI - City - JOH'

2018-11-23 01:19:07 - [MESSAGE][PASSED] - Text '810' is set on object 'Object Repository/Final Object Repo/Page_Request SSN - ASSIST/AI - City - JOH'

2018-11-23 01:19:07 - [TEST_STEP][PASSED] - delay: Delayed 3 second(s)

2018-11-23 01:19:10 - [MESSAGE][PASSED] - Delayed 3 second(s)

2018-11-23 01:19:10 - [TEST_STEP][PASSED] - click: Object: 'Object Repository/Final Object Repo/Page_Request SSN - ASSIST/AI - PostCode - 81000' is clicked on

2018-11-23 01:19:11 - [MESSAGE][PASSED] - Object: 'Object Repository/Final Object Repo/Page_Request SSN - ASSIST/AI - PostCode - 81000' is clicked on

2018-11-23 01:19:11 - [TEST_STEP][PASSED] - setText: Text '100' is set on object 'Object Repository/Final Object Repo/Page_Request SSN - ASSIST/P.O.BOX'

2018-11-23 01:19:11 - [MESSAGE][PASSED] - Text '100' is set on object 'Object Repository/Final Object Repo/Page_Request SSN - ASSIST/P.O.BOX'

2018-11-23 01:19:11 - [TEST_STEP][PASSED] - setText: Text '100' is set on object 'Object Repository/Final Object Repo/Page_Request SSN - ASSIST/Locked Bag No'

2018-11-23 01:19:11 - [MESSAGE][PASSED] - Text '100' is set on object 'Object Repository/Final Object Repo/Page_Request SSN - ASSIST/Locked Bag No'

2018-11-23 01:19:11 - [TEST_STEP][PASSED] - delay: Delayed 2 second(s)

2018-11-23 01:19:13 - [MESSAGE][PASSED] - Delayed 2 second(s)

2018-11-23 01:19:13 - [TEST_STEP][PASSED] - setText: Text '123456789' is set on object 'Object Repository/Final Object Repo/Page_Request SSN - ASSIST/AI - Telephone No'

2018-11-23 01:19:14 - [MESSAGE][PASSED] - Text '123456789' is set on object 'Object Repository/Final Object Repo/Page_Request SSN - ASSIST/AI - Telephone No'

2018-11-23 01:19:14 - [TEST_STEP][PASSED] - click: Object: 'Object Repository/Final Object Repo/Page_Request SSN - ASSIST/AI - Occupation' is clicked on

2018-11-23 01:19:14 - [MESSAGE][PASSED] - Object: 'Object Repository/Final Object Repo/Page_Request SSN - ASSIST/AI - Occupation' is clicked on

2018-11-23 01:19:14 - [TEST_STEP][PASSED] - click: Object: 'Object Repository/Final Object Repo/Page_Request SSN - ASSIST/AI - Occupation - NUMERICAL AND MATERIAL R' is clicked on

2018-11-23 01:19:15 - [MESSAGE][PASSED] - Object: 'Object Repository/Final Object Repo/Page_Request SSN - ASSIST/AI - Occupation - NUMERICAL AND MATERIAL R' is clicked on

2018-11-23 01:19:15 - [TEST_STEP][PASSED] - delay: Delayed 2 second(s)

2018-11-23 01:19:17 - [MESSAGE][PASSED] - Delayed 2 second(s)

2018-11-23 01:19:17 - [TEST_STEP][PASSED] - click: Object: 'Object Repository/Final Object Repo/Page_Request SSN - ASSIST/AI - Sub Occupation' is clicked on

2018-11-23 01:19:17 - [MESSAGE][PASSED] - Object: 'Object Repository/Final Object Repo/Page_Request SSN - ASSIST/AI - Sub Occupation' is clicked on

2018-11-23 01:19:17 - [TEST_STEP][PASSED] - click: Object: 'Object Repository/Final Object Repo/Page_Request SSN - ASSIST/AI - Sub Occupation - Stock Clerks' is clicked on

2018-11-23 01:19:17 - [MESSAGE][PASSED] - Object: 'Object Repository/Final Object Repo/Page_Request SSN - ASSIST/AI - Sub Occupation - Stock Clerks' is clicked on

2018-11-23 01:19:17 - [TEST_STEP][PASSED] - delay: Delayed 2 second(s)

2018-11-23 01:19:19 - [MESSAGE][PASSED] - Delayed 2 second(s)

2018-11-23 01:19:19 - [TEST_STEP][PASSED] - click: Object: 'Object Repository/Final Object Repo/Page_Request SSN - ASSIST/AI - Sub Occupation List' is clicked on

2018-11-23 01:19:19 - [MESSAGE][PASSED] - Object: 'Object Repository/Final Object Repo/Page_Request SSN - ASSIST/AI - Sub Occupation List' is clicked on

2018-11-23 01:19:19 - [TEST_STEP][PASSED] - click: Object: 'Object Repository/Final Object Repo/Page_Request SSN - ASSIST/AI - Sub Occupation List - Clerk raw material' is clicked on

2018-11-23 01:19:20 - [MESSAGE][PASSED] - Object: 'Object Repository/Final Object Repo/Page_Request SSN - ASSIST/AI - Sub Occupation List - Clerk raw material' is clicked on

2018-11-23 01:19:20 - [TEST_STEP][PASSED] - click: Object: 'Object Repository/Final Object Repo/Page_Request SSN - ASSIST/AI - Employment Start Date' is clicked on

2018-11-23 01:19:20 - [MESSAGE][PASSED] - Object: 'Object Repository/Final Object Repo/Page_Request SSN - ASSIST/AI - Employment Start Date' is clicked on

2018-11-23 01:19:20 - [TEST_STEP][PASSED] - click: Object: 'Object Repository/Final Object Repo/Page_Request SSN - ASSIST/AI - DOB - Year - Date' is clicked on

2018-11-23 01:19:20 - [MESSAGE][PASSED] - Object: 'Object Repository/Final Object Repo/Page_Request SSN - ASSIST/AI - DOB - Year - Date' is clicked on

2018-11-23 01:19:20 - [TEST_STEP][PASSED] - setText: Text 'perkeso' is set on object 'Object Repository/Final Object Repo/Page_Request SSN - ASSIST/AI - Current Employer Name'

2018-11-23 01:19:21 - [MESSAGE][PASSED] - Text 'perkeso' is set on object 'Object Repository/Final Object Repo/Page_Request SSN - ASSIST/AI - Current Employer Name'

2018-11-23 01:19:21 - [TEST_STEP][PASSED] - setText: Text 'perkeso1' is set on object 'Object Repository/Final Object Repo/Page_Request SSN - ASSIST/AI - Current Employer Address1'

2018-11-23 01:19:22 - [MESSAGE][PASSED] - Text 'perkeso1' is set on object 'Object Repository/Final Object Repo/Page_Request SSN - ASSIST/AI - Current Employer Address1'

2018-11-23 01:19:22 - [TEST_STEP][PASSED] - setText: Text 'perkeso2' is set on object 'Object Repository/Final Object Repo/Page_Request SSN - ASSIST/AI - Current Employer Address2'

2018-11-23 01:19:22 - [MESSAGE][PASSED] - Text 'perkeso2' is set on object 'Object Repository/Final Object Repo/Page_Request SSN - ASSIST/AI - Current Employer Address2'

2018-11-23 01:19:22 - [TEST_STEP][PASSED] - setText: Text 'perkeso3' is set on object 'Object Repository/Final Object Repo/Page_Request SSN - ASSIST/AI - Current Employer Address3'

2018-11-23 01:19:23 - [MESSAGE][PASSED] - Text 'perkeso3' is set on object 'Object Repository/Final Object Repo/Page_Request SSN - ASSIST/AI - Current Employer Address3'

2018-11-23 01:19:23 - [TEST_STEP][PASSED] - click: Object: 'Object Repository/Final Object Repo/Page_Request SSN - ASSIST/AI - Current Employer State' is clicked on

2018-11-23 01:19:23 - [MESSAGE][PASSED] - Object: 'Object Repository/Final Object Repo/Page_Request SSN - ASSIST/AI - Current Employer State' is clicked on

2018-11-23 01:19:23 - [TEST_STEP][PASSED] - click: Object: 'Object Repository/Final Object Repo/Page_Request SSN - ASSIST/AI - Current Employer State - Johor 1' is clicked on

2018-11-23 01:19:24 - [MESSAGE][PASSED] - Object: 'Object Repository/Final Object Repo/Page_Request SSN - ASSIST/AI - Current Employer State - Johor 1' is clicked on

2018-11-23 01:19:24 - [TEST_STEP][PASSED] - click: Object: 'Object Repository/Final Object Repo/Page_Request SSN - ASSIST/AI - Current Employer City' is clicked on

2018-11-23 01:19:24 - [MESSAGE][PASSED] - Object: 'Object Repository/Final Object Repo/Page_Request SSN - ASSIST/AI - Current Employer City' is clicked on

2018-11-23 01:19:24 - [TEST_STEP][PASSED] - setText: Text 'joh' is set on object 'Object Repository/Final Object Repo/Page_Request SSN - ASSIST/AI - City - JOH'

2018-11-23 01:19:24 - [MESSAGE][PASSED] - Text 'joh' is set on object 'Object Repository/Final Object Repo/Page_Request SSN - ASSIST/AI - City - JOH'

2018-11-23 01:19:24 - [TEST_STEP][PASSED] - delay: Delayed 2 second(s)

2018-11-23 01:19:26 - [MESSAGE][PASSED] - Delayed 2 second(s)

2018-11-23 01:19:26 - [TEST_STEP][PASSED] - click: Object: 'Object Repository/Final Object Repo/Page_Request SSN - ASSIST/AI - City - Johor Bharu' is clicked on

2018-11-23 01:19:26 - [MESSAGE][PASSED] - Object: 'Object Repository/Final Object Repo/Page_Request SSN - ASSIST/AI - City - Johor Bharu' is clicked on

2018-11-23 01:19:26 - [TEST_STEP][PASSED] - click: Object: 'Object Repository/Final Object Repo/Page_Request SSN - ASSIST/AI - Current Employer Postcode' is clicked on

2018-11-23 01:19:27 - [MESSAGE][PASSED] - Object: 'Object Repository/Final Object Repo/Page_Request SSN - ASSIST/AI - Current Employer Postcode' is clicked on

2018-11-23 01:19:27 - [TEST_STEP][PASSED] - setText: Text '810' is set on object 'Object Repository/Final Object Repo/Page_Request SSN - ASSIST/AI - City - JOH'

2018-11-23 01:19:27 - [MESSAGE][PASSED] - Text '810' is set on object 'Object Repository/Final Object Repo/Page_Request SSN - ASSIST/AI - City - JOH'

2018-11-23 01:19:27 - [TEST_STEP][PASSED] - delay: Delayed 2 second(s)

2018-11-23 01:19:29 - [MESSAGE][PASSED] - Delayed 2 second(s)

2018-11-23 01:19:29 - [TEST_STEP][PASSED] - click: Object: 'Object Repository/Final Object Repo/Page_Request SSN - ASSIST/AI - PostCode - 81000' is clicked on

2018-11-23 01:19:30 - [MESSAGE][PASSED] - Object: 'Object Repository/Final Object Repo/Page_Request SSN - ASSIST/AI - PostCode - 81000' is clicked on

2018-11-23 01:19:30 - [TEST_STEP][NOT_RUN] - setText: NOT_RUN: setText

2018-11-23 01:19:30 - [MESSAGE][NOT_RUN] - NOT_RUN: setText

2018-11-23 01:19:30 - [TEST_STEP][NOT_RUN] - setText: NOT_RUN: setText

2018-11-23 01:19:30 - [MESSAGE][NOT_RUN] - NOT_RUN: setText

2018-11-23 01:19:30 - [TEST_STEP][NOT_RUN] - click: NOT_RUN: click

2018-11-23 01:19:30 - [MESSAGE][NOT_RUN] - NOT_RUN: click

2018-11-23 01:19:30 - [TEST_STEP][NOT_RUN] - click: NOT_RUN: click

2018-11-23 01:19:30 - [MESSAGE][NOT_RUN] - NOT_RUN: click

2018-11-23 01:19:30 - [TEST_STEP][NOT_RUN] - setText: NOT_RUN: setText

2018-11-23 01:19:30 - [MESSAGE][NOT_RUN] - NOT_RUN: setText

2018-11-23 01:19:30 - [TEST_STEP][NOT_RUN] - click: NOT_RUN: click

2018-11-23 01:19:30 - [MESSAGE][NOT_RUN] - NOT_RUN: click

2018-11-23 01:19:30 - [TEST_STEP][NOT_RUN] - click: NOT_RUN: click

2018-11-23 01:19:30 - [MESSAGE][NOT_RUN] - NOT_RUN: click

2018-11-23 01:19:30 - [TEST_STEP][NOT_RUN] - click: NOT_RUN: click

2018-11-23 01:19:30 - [MESSAGE][NOT_RUN] - NOT_RUN: click

2018-11-23 01:19:30 - [TEST_STEP][NOT_RUN] - click: NOT_RUN: click

2018-11-23 01:19:30 - [MESSAGE][NOT_RUN] - NOT_RUN: click

2018-11-23 01:19:30 - [TEST_STEP][NOT_RUN] - click: NOT_RUN: click

2018-11-23 01:19:30 - [MESSAGE][NOT_RUN] - NOT_RUN: click

2018-11-23 01:19:30 - [TEST_STEP][NOT_RUN] - click: NOT_RUN: click

2018-11-23 01:19:30 - [MESSAGE][NOT_RUN] - NOT_RUN: click

2018-11-23 01:19:30 - [TEST_STEP][NOT_RUN] - setText: NOT_RUN: setText

2018-11-23 01:19:30 - [MESSAGE][NOT_RUN] - NOT_RUN: setText

2018-11-23 01:19:30 - [TEST_STEP][NOT_RUN] - setText: NOT_RUN: setText

2018-11-23 01:19:30 - [MESSAGE][NOT_RUN] - NOT_RUN: setText

2018-11-23 01:19:30 - [TEST_STEP][NOT_RUN] - setText: NOT_RUN: setText

2018-11-23 01:19:30 - [MESSAGE][NOT_RUN] - NOT_RUN: setText

2018-11-23 01:19:30 - [TEST_STEP][NOT_RUN] - click: NOT_RUN: click

2018-11-23 01:19:30 - [MESSAGE][NOT_RUN] - NOT_RUN: click

2018-11-23 01:19:30 - [TEST_STEP][NOT_RUN] - click: NOT_RUN: click

2018-11-23 01:19:30 - [MESSAGE][NOT_RUN] - NOT_RUN: click

2018-11-23 01:19:30 - [TEST_STEP][NOT_RUN] - click: NOT_RUN: click

2018-11-23 01:19:30 - [MESSAGE][NOT_RUN] - NOT_RUN: click

2018-11-23 01:19:30 - [TEST_STEP][NOT_RUN] - setText: NOT_RUN: setText

2018-11-23 01:19:30 - [MESSAGE][NOT_RUN] - NOT_RUN: setText

2018-11-23 01:19:30 - [TEST_STEP][NOT_RUN] - delay: NOT_RUN: delay

2018-11-23 01:19:30 - [MESSAGE][NOT_RUN] - NOT_RUN: delay

2018-11-23 01:19:30 - [TEST_STEP][NOT_RUN] - click: NOT_RUN: click

2018-11-23 01:19:30 - [MESSAGE][NOT_RUN] - NOT_RUN: click

2018-11-23 01:19:30 - [TEST_STEP][NOT_RUN] - click: NOT_RUN: click

2018-11-23 01:19:30 - [MESSAGE][NOT_RUN] - NOT_RUN: click

2018-11-23 01:19:30 - [TEST_STEP][NOT_RUN] - click: NOT_RUN: click

2018-11-23 01:19:30 - [MESSAGE][NOT_RUN] - NOT_RUN: click

2018-11-23 01:19:30 - [TEST_STEP][NOT_RUN] - setText: NOT_RUN: setText

2018-11-23 01:19:30 - [MESSAGE][NOT_RUN] - NOT_RUN: setText

2018-11-23 01:19:30 - [TEST_STEP][NOT_RUN] - delay: NOT_RUN: delay

2018-11-23 01:19:30 - [MESSAGE][NOT_RUN] - NOT_RUN: delay

2018-11-23 01:19:30 - [TEST_STEP][NOT_RUN] - click: NOT_RUN: click

2018-11-23 01:19:30 - [MESSAGE][NOT_RUN] - NOT_RUN: click

2018-11-23 01:19:30 - [TEST_STEP][NOT_RUN] - delay: NOT_RUN: delay

2018-11-23 01:19:30 - [MESSAGE][NOT_RUN] - NOT_RUN: delay

2018-11-23 01:19:30 - [TEST_STEP][NOT_RUN] - setText: NOT_RUN: setText

2018-11-23 01:19:30 - [MESSAGE][NOT_RUN] - NOT_RUN: setText

2018-11-23 01:19:30 - [TEST_STEP][NOT_RUN] - setText: NOT_RUN: setText

2018-11-23 01:19:30 - [MESSAGE][NOT_RUN] - NOT_RUN: setText

2018-11-23 01:19:30 - [TEST_STEP][NOT_RUN] - setText: NOT_RUN: setText

2018-11-23 01:19:30 - [MESSAGE][NOT_RUN] - NOT_RUN: setText

2018-11-23 01:19:30 - [TEST_STEP][NOT_RUN] - click: NOT_RUN: click

2018-11-23 01:19:30 - [MESSAGE][NOT_RUN] - NOT_RUN: click

2018-11-23 01:19:30 - [TEST_STEP][NOT_RUN] - click: NOT_RUN: click

2018-11-23 01:19:30 - [MESSAGE][NOT_RUN] - NOT_RUN: click

2018-11-23 01:19:30 - [TEST_STEP][NOT_RUN] - setText: NOT_RUN: setText

2018-11-23 01:19:30 - [MESSAGE][NOT_RUN] - NOT_RUN: setText

2018-11-23 01:19:30 - [TEST_STEP][NOT_RUN] - click: NOT_RUN: click

2018-11-23 01:19:30 - [MESSAGE][NOT_RUN] - NOT_RUN: click

2018-11-23 01:19:30 - [TEST_STEP][NOT_RUN] - click: NOT_RUN: click

2018-11-23 01:19:30 - [MESSAGE][NOT_RUN] - NOT_RUN: click

2018-11-23 01:19:30 - [TEST_STEP][NOT_RUN] - click: NOT_RUN: click

2018-11-23 01:19:30 - [MESSAGE][NOT_RUN] - NOT_RUN: click

2018-11-23 01:19:30 - [TEST_STEP][NOT_RUN] - click: NOT_RUN: click

2018-11-23 01:19:30 - [MESSAGE][NOT_RUN] - NOT_RUN: click

2018-11-23 01:19:30 - [TEST_STEP][NOT_RUN] - click: NOT_RUN: click

2018-11-23 01:19:30 - [MESSAGE][NOT_RUN] - NOT_RUN: click

2018-11-23 01:19:30 - [TEST_STEP][NOT_RUN] - click: NOT_RUN: click

2018-11-23 01:19:30 - [MESSAGE][NOT_RUN] - NOT_RUN: click

2018-11-23 01:19:30 - [TEST_STEP][NOT_RUN] - setText: NOT_RUN: setText

2018-11-23 01:19:30 - [MESSAGE][NOT_RUN] - NOT_RUN: setText

2018-11-23 01:19:30 - [TEST_STEP][NOT_RUN] - setText: NOT_RUN: setText

2018-11-23 01:19:30 - [MESSAGE][NOT_RUN] - NOT_RUN: setText

2018-11-23 01:19:30 - [TEST_STEP][NOT_RUN] - setText: NOT_RUN: setText

2018-11-23 01:19:30 - [MESSAGE][NOT_RUN] - NOT_RUN: setText

2018-11-23 01:19:30 - [TEST_STEP][NOT_RUN] - click: NOT_RUN: click

2018-11-23 01:19:30 - [MESSAGE][NOT_RUN] - NOT_RUN: click

2018-11-23 01:19:30 - [TEST_STEP][NOT_RUN] - click: NOT_RUN: click

2018-11-23 01:19:30 - [MESSAGE][NOT_RUN] - NOT_RUN: click

2018-11-23 01:19:30 - [TEST_STEP][NOT_RUN] - click: NOT_RUN: click

2018-11-23 01:19:30 - [MESSAGE][NOT_RUN] - NOT_RUN: click

2018-11-23 01:19:30 - [TEST_STEP][NOT_RUN] - delay: NOT_RUN: delay

2018-11-23 01:19:30 - [MESSAGE][NOT_RUN] - NOT_RUN: delay

2018-11-23 01:19:30 - [TEST_STEP][NOT_RUN] - setText: NOT_RUN: setText

2018-11-23 01:19:30 - [MESSAGE][NOT_RUN] - NOT_RUN: setText

2018-11-23 01:19:30 - [TEST_STEP][NOT_RUN] - delay: NOT_RUN: delay

2018-11-23 01:19:30 - [MESSAGE][NOT_RUN] - NOT_RUN: delay

2018-11-23 01:19:30 - [TEST_STEP][NOT_RUN] - click: NOT_RUN: click

2018-11-23 01:19:30 - [MESSAGE][NOT_RUN] - NOT_RUN: click

2018-11-23 01:19:30 - [TEST_STEP][NOT_RUN] - doubleClick: NOT_RUN: doubleClick

2018-11-23 01:19:30 - [MESSAGE][NOT_RUN] - NOT_RUN: doubleClick

2018-11-23 01:19:30 - [TEST_STEP][NOT_RUN] - click: NOT_RUN: click

2018-11-23 01:19:30 - [MESSAGE][NOT_RUN] - NOT_RUN: click

2018-11-23 01:19:30 - [TEST_STEP][NOT_RUN] - setText: NOT_RUN: setText

2018-11-23 01:19:30 - [MESSAGE][NOT_RUN] - NOT_RUN: setText

2018-11-23 01:19:30 - [TEST_STEP][NOT_RUN] - delay: NOT_RUN: delay

2018-11-23 01:19:30 - [MESSAGE][NOT_RUN] - NOT_RUN: delay

2018-11-23 01:19:30 - [TEST_STEP][NOT_RUN] - click: NOT_RUN: click

2018-11-23 01:19:30 - [MESSAGE][NOT_RUN] - NOT_RUN: click

2018-11-23 01:19:30 - [TEST_STEP][NOT_RUN] - delay: NOT_RUN: delay

2018-11-23 01:19:30 - [MESSAGE][NOT_RUN] - NOT_RUN: delay

2018-11-23 01:19:30 - [TEST_STEP][NOT_RUN] - setText: NOT_RUN: setText

2018-11-23 01:19:30 - [MESSAGE][NOT_RUN] - NOT_RUN: setText

2018-11-23 01:19:30 - [TEST_STEP][PASSED] - click: Object: 'Object Repository/Final Object Repo/Page_Request SSN - ASSIST/Save  Continue' is clicked on

2018-11-23 01:19:30 - [MESSAGE][PASSED] - Object: 'Object Repository/Final Object Repo/Page_Request SSN - ASSIST/Save  Continue' is clicked on

2018-11-23 01:19:30 - [TEST_STEP][PASSED] - delay: Delayed 3 second(s)

2018-11-23 01:19:33 - [MESSAGE][PASSED] - Delayed 3 second(s)

2018-11-23 01:19:33 - [TEST_STEP][PASSED] - Statement - CaseReferenceNo = com.kms.katalon.core.webui.keyword.WebUiBuiltInKeywords.getText(com.kms.katalon.core.testobject.ObjectRepository.findTestObject(Final Object Repo/Page_Request SSN - ASSIST/Reference Number in Uploading Page)): Text of object 'Object Repository/Final Object Repo/Page_Request SSN - ASSIST/Reference Number in Uploading Page' is: 'SSN11201800001133'

2018-11-23 01:19:33 - [MESSAGE][PASSED] - Text of object 'Object Repository/Final Object Repo/Page_Request SSN - ASSIST/Reference Number in Uploading Page' is: 'SSN11201800001133'

2018-11-23 01:19:33 - [TEST_STEP][PASSED] - callTestCase: Call Test Case 'Test Cases/Final Aug 2018 - PKS Automation/Common/Reference Number Setter' successfully

2018-11-23 01:19:33 - [TEST_CASE][PASSED] - Test Cases/Final Aug 2018 - PKS Automation/Common/Reference Number Setter: Test Cases/Final Aug 2018 - PKS Automation/Common/Reference Number Setter

2018-11-23 01:19:34 - [TEST_STEP][PASSED] - Statement - RefNoOldFile = new java.io.File(C://Users//Admin//Desktop//PKS//Automation Reference Point//KatalonReference.txt): null

2018-11-23 01:19:34 - [TEST_STEP][PASSED] - Statement - RefNoOldFile.delete(): null

2018-11-23 01:19:34 - [TEST_STEP][PASSED] - delay: Delayed 5 second(s)

2018-11-23 01:19:39 - [MESSAGE][PASSED] - Delayed 5 second(s)

2018-11-23 01:19:39 - [TEST_STEP][PASSED] - Statement - RefNo = new java.io.File(C://Users//Admin//Desktop//PKS//Automation Reference Point//KatalonReference.txt): null

2018-11-23 01:19:39 - [TEST_STEP][PASSED] - Statement - f2 = new java.io.FileWriter(RefNo, false): null

2018-11-23 01:19:39 - [TEST_STEP][PASSED] - Statement - f2.write(CaseReferenceNo): null

2018-11-23 01:19:39 - [TEST_STEP][PASSED] - Statement - f2.close(): null

2018-11-23 01:19:39 - [TEST_STEP][PASSED] - Statement - out.println("


" + CaseReferenceNo + "


"): null

2018-11-23 01:19:39 - [MESSAGE][PASSED] - Call Test Case 'Test Cases/Final Aug 2018 - PKS Automation/Common/Reference Number Setter' successfully

2018-11-23 01:19:39 - [TEST_STEP][PASSED] - click: Object: 'Object Repository/Final Object Repo/Page_Request SSN - ASSIST/Add Document Button' is clicked on

2018-11-23 01:19:39 - [MESSAGE][PASSED] - Object: 'Object Repository/Final Object Repo/Page_Request SSN - ASSIST/Add Document Button' is clicked on

2018-11-23 01:19:39 - [TEST_STEP][PASSED] - delay: Delayed 2 second(s)

2018-11-23 01:19:41 - [MESSAGE][PASSED] - Delayed 2 second(s)

2018-11-23 01:19:41 - [TEST_STEP][PASSED] - click: Object: 'Object Repository/Final Object Repo/Page_Request SSN - ASSIST/Document Type' is clicked on

2018-11-23 01:19:42 - [MESSAGE][PASSED] - Object: 'Object Repository/Final Object Repo/Page_Request SSN - ASSIST/Document Type' is clicked on

2018-11-23 01:19:42 - [TEST_STEP][PASSED] - delay: Delayed 2 second(s)

2018-11-23 01:19:44 - [MESSAGE][PASSED] - Delayed 2 second(s)

2018-11-23 01:19:44 - [TEST_STEP][PASSED] - click: Object: 'Object Repository/Final Object Repo/Page_Request SSN - ASSIST/Document Type - Birth Certificate' is clicked on

2018-11-23 01:19:44 - [MESSAGE][PASSED] - Object: 'Object Repository/Final Object Repo/Page_Request SSN - ASSIST/Document Type - Birth Certificate' is clicked on

2018-11-23 01:19:44 - [TEST_STEP][PASSED] - delay: Delayed 2 second(s)

2018-11-23 01:19:46 - [MESSAGE][PASSED] - Delayed 2 second(s)

2018-11-23 01:19:46 - [TEST_STEP][PASSED] - sendKeys: Keys 'C:\Users\Public\Pictures\Sample Pictures\Koala.jpg' sent to object: 'Object Repository/Final Object Repo/Page_Request SSN - ASSIST/Upload File'

2018-11-23 01:19:46 - [MESSAGE][PASSED] - Keys 'C:\Users\Public\Pictures\Sample Pictures\Koala.jpg' sent to object: 'Object Repository/Final Object Repo/Page_Request SSN - ASSIST/Upload File'

2018-11-23 01:19:46 - [TEST_STEP][PASSED] - click: Object: 'Object Repository/Final Object Repo/Page_Request SSN - ASSIST/Add Document' is clicked on

2018-11-23 01:19:46 - [MESSAGE][PASSED] - Object: 'Object Repository/Final Object Repo/Page_Request SSN - ASSIST/Add Document' is clicked on

2018-11-23 01:19:46 - [TEST_STEP][PASSED] - delay: Delayed 10 second(s)

2018-11-23 01:19:56 - [MESSAGE][PASSED] - Delayed 10 second(s)

2018-11-23 01:19:56 - [TEST_STEP][PASSED] - click: Object: 'Object Repository/Final Object Repo/Page_Request SSN - ASSIST/Save  Continue in Uploading Document Page' is clicked on

2018-11-23 01:19:56 - [MESSAGE][PASSED] - Object: 'Object Repository/Final Object Repo/Page_Request SSN - ASSIST/Save  Continue in Uploading Document Page' is clicked on

2018-11-23 01:19:56 - [TEST_STEP][PASSED] - delay: Delayed 2 second(s)

2018-11-23 01:19:58 - [MESSAGE][PASSED] - Delayed 2 second(s)

2018-11-23 01:19:58 - [TEST_STEP][PASSED] - click: Object: 'Object Repository/Final Object Repo/Page_Request SSN - ASSIST/Submit' is clicked on

2018-11-23 01:20:01 - [MESSAGE][PASSED] - Object: 'Object Repository/Final Object Repo/Page_Request SSN - ASSIST/Submit' is clicked on

2018-11-23 01:20:01 - [TEST_STEP][PASSED] - delay: Delayed 2 second(s)

2018-11-23 01:20:03 - [MESSAGE][PASSED] - Delayed 2 second(s)

2018-11-23 01:20:03 - [TEST_STEP][PASSED] - click: Object: 'Object Repository/Final Object Repo/Page_Request SSN - ASSIST/Confirm' is clicked on

2018-11-23 01:20:03 - [MESSAGE][PASSED] - Object: 'Object Repository/Final Object Repo/Page_Request SSN - ASSIST/Confirm' is clicked on

2018-11-23 01:20:03 - [TEST_STEP][PASSED] - delay: Delayed 2 second(s)

2018-11-23 01:20:05 - [MESSAGE][PASSED] - Delayed 2 second(s)

2018-11-23 01:20:05 - [TEST_STEP][PASSED] - verifyElementVisible: Object 'Object Repository/Final Object Repo/Page_Request SSN - ASSIST/Message This Case will be routed to RIO' is visible

2018-11-23 01:20:11 - [MESSAGE][PASSED] - Object 'Object Repository/Final Object Repo/Page_Request SSN - ASSIST/Message This Case will be routed to RIO' is visible

2018-11-23 01:20:11 - [TEST_STEP][PASSED] - delay: Delayed 2 second(s)

2018-11-23 01:20:13 - [MESSAGE][PASSED] - Delayed 2 second(s)

2018-11-23 01:20:13 - [TEST_STEP][PASSED] - verifyElementVisible: Object 'Object Repository/Final Object Repo/Page_Request SSN - ASSIST/Letter of acknowledgement' is visible

2018-11-23 01:20:13 - [MESSAGE][PASSED] - Object 'Object Repository/Final Object Repo/Page_Request SSN - ASSIST/Letter of acknowledgement' is visible

2018-11-23 01:20:13 - [MESSAGE][PASSED] - Call Test Case 'Test Cases/Final Aug 2018 - PKS Automation/Registration Module/Workflow/Request SSN/Template/Request SSN - OTC' successfully

2018-11-23 01:20:13 - [TEST_STEP][FAILED] - callTestCase: Unable to call Test Case with id 'Test Cases/Final Aug 2018 - PKS Automation/Registration Module/Workflow/Request SSN/Template/Request SSN RIO - RO (Query)' (Root cause: Call Test Case 'Test Cases/Final Aug 2018 - PKS Automation/Registration Module/Workflow/Request SSN/Template/Request SSN RIO - RO (Query)' failed)

2018-11-23 01:20:13 - [TEST_CASE][FAILED] - Test Cases/Final Aug 2018 - PKS Automation/Registration Module/Workflow/Request SSN/Template/Request SSN RIO - RO (Query): Test Cases/Final Aug 2018 - PKS Automation/Registration Module/Workflow/Request SSN/Template/Request SSN RIO - RO (Query) FAILED because (of) (Stack trace: com.kms.katalon.core.exception.StepFailedException: Unable to click on object 'Object Repository/Final Object Repo/Landing Page/Select to English' (Root cause: com.kms.katalon.core.webui.exception.WebElementNotFoundException: Web element with id: 'Object Repository/Final Object Repo/Landing Page/Select to English' located by 'By.xpath: //a[@class = 'taglib-language-list-text' and @lang = 'en-US' and (contains(text(), 'EN') or contains(., 'EN'))]' not found)
	at com.kms.katalon.core.keyword.internal.KeywordMain.stepFailed(KeywordMain.groovy:32)
	at com.kms.katalon.core.webui.keyword.internal.WebUIKeywordMain.stepFailed(WebUIKeywordMain.groovy:65)
	at com.kms.katalon.core.webui.keyword.internal.WebUIKeywordMain.runKeyword(WebUIKeywordMain.groovy:27)
	at com.kms.katalon.core.webui.keyword.builtin.ClickKeyword.click(ClickKeyword.groovy:86)
	at com.kms.katalon.core.webui.keyword.builtin.ClickKeyword.execute(ClickKeyword.groovy:67)
	at com.kms.katalon.core.keyword.internal.KeywordExecutor.executeKeywordForPlatform(KeywordExecutor.groovy:53)
	at com.kms.katalon.core.webui.keyword.WebUiBuiltInKeywords.click(WebUiBuiltInKeywords.groovy:604)
	at com.kms.katalon.core.webui.keyword.WebUiBuiltInKeywords$click$13.call(Unknown Source)
	at org.codehaus.groovy.runtime.callsite.CallSiteArray.defaultCall(CallSiteArray.java:48)
	at org.codehaus.groovy.runtime.callsite.AbstractCallSite.call(AbstractCallSite.java:113)
	at org.codehaus.groovy.runtime.callsite.AbstractCallSite.call(AbstractCallSite.java:133)
	at Script1534407542420.run(Script1534407542420.groovy:57)
	at com.kms.katalon.core.main.ScriptEngine.run(ScriptEngine.java:183)
	at com.kms.katalon.core.main.ScriptEngine.runScriptAsRawText(ScriptEngine.java:108)
	at com.kms.katalon.core.main.TestCaseExecutor.runScript(TestCaseExecutor.java:294)
	at com.kms.katalon.core.main.TestCaseExecutor.doExecute(TestCaseExecutor.java:285)
	at com.kms.katalon.core.main.TestCaseExecutor.processExecutionPhase(TestCaseExecutor.java:264)
	at com.kms.katalon.core.main.TestCaseExecutor.accessMainPhase(TestCaseExecutor.java:256)
	at com.kms.katalon.core.main.TestCaseExecutor.execute(TestCaseExecutor.java:200)
	at com.kms.katalon.core.main.TestCaseMain.runTestCase(TestCaseMain.java:99)
	at com.kms.katalon.core.keyword.builtin.CallTestCaseKeyword$_callTestCase_closure1.doCall(CallTestCaseKeyword.groovy:60)
	at com.kms.katalon.core.keyword.builtin.CallTestCaseKeyword$_callTestCase_closure1.call(CallTestCaseKeyword.groovy)
	at com.kms.katalon.core.keyword.internal.KeywordMain.runKeyword(KeywordMain.groovy:54)
	at com.kms.katalon.core.keyword.builtin.CallTestCaseKeyword.callTestCase(CallTestCaseKeyword.groovy:81)
	at com.kms.katalon.core.keyword.builtin.CallTestCaseKeyword.execute(CallTestCaseKeyword.groovy:45)
	at com.kms.katalon.core.keyword.internal.KeywordExecutor.executeKeywordForPlatform(KeywordExecutor.groovy:53)
	at com.kms.katalon.core.keyword.BuiltinKeywords.callTestCase(BuiltinKeywords.groovy:334)
	at sun.reflect.NativeMethodAccessorImpl.invoke0(Native Method)
	at sun.reflect.NativeMethodAccessorImpl.invoke(NativeMethodAccessorImpl.java:62)
	at sun.reflect.DelegatingMethodAccessorImpl.invoke(DelegatingMethodAccessorImpl.java:43)
	at java.lang.reflect.Method.invoke(Method.java:498)
	at org.codehaus.groovy.reflection.CachedMethod.invoke(CachedMethod.java:93)
	at groovy.lang.MetaMethod.doMethodInvoke(MetaMethod.java:325)
	at groovy.lang.MetaClassImpl.invokeStaticMethod(MetaClassImpl.java:1469)
	at org.codehaus.groovy.runtime.callsite.StaticMetaClassSite.call(StaticMetaClassSite.java:53)
	at org.codehaus.groovy.runtime.callsite.CallSiteArray.defaultCall(CallSiteArray.java:48)
	at org.codehaus.groovy.runtime.callsite.AbstractCallSite.call(AbstractCallSite.java:113)
	at org.codehaus.groovy.runtime.callsite.AbstractCallSite.call(AbstractCallSite.java:141)
	at Script1537866031818.run(Script1537866031818.groovy:33)
	at com.kms.katalon.core.main.ScriptEngine.run(ScriptEngine.java:183)
	at com.kms.katalon.core.main.ScriptEngine.runScriptAsRawText(ScriptEngine.java:108)
	at com.kms.katalon.core.main.TestCaseExecutor.runScript(TestCaseExecutor.java:294)
	at com.kms.katalon.core.main.TestCaseExecutor.doExecute(TestCaseExecutor.java:285)
	at com.kms.katalon.core.main.TestCaseExecutor.processExecutionPhase(TestCaseExecutor.java:264)
	at com.kms.katalon.core.main.TestCaseExecutor.accessMainPhase(TestCaseExecutor.java:256)
	at com.kms.katalon.core.main.TestCaseExecutor.execute(TestCaseExecutor.java:200)
	at com.kms.katalon.core.main.TestCaseMain.runTestCase(TestCaseMain.java:99)
	at com.kms.katalon.core.keyword.builtin.CallTestCaseKeyword$_callTestCase_closure1.doCall(CallTestCaseKeyword.groovy:60)
	at com.kms.katalon.core.keyword.builtin.CallTestCaseKeyword$_callTestCase_closure1.call(CallTestCaseKeyword.groovy)
	at com.kms.katalon.core.keyword.internal.KeywordMain.runKeyword(KeywordMain.groovy:54)
	at com.kms.katalon.core.keyword.builtin.CallTestCaseKeyword.callTestCase(CallTestCaseKeyword.groovy:81)
	at com.kms.katalon.core.keyword.builtin.CallTestCaseKeyword.execute(CallTestCaseKeyword.groovy:45)
	at com.kms.katalon.core.keyword.internal.KeywordExecutor.executeKeywordForPlatform(KeywordExecutor.groovy:53)
	at com.kms.katalon.core.keyword.BuiltinKeywords.callTestCase(BuiltinKeywords.groovy:334)
	at sun.reflect.NativeMethodAccessorImpl.invoke0(Native Method)
	at sun.reflect.NativeMethodAccessorImpl.invoke(NativeMethodAccessorImpl.java:62)
	at sun.reflect.DelegatingMethodAccessorImpl.invoke(DelegatingMethodAccessorImpl.java:43)
	at java.lang.reflect.Method.invoke(Method.java:498)
	at org.codehaus.groovy.reflection.CachedMethod.invoke(CachedMethod.java:93)
	at groovy.lang.MetaMethod.doMethodInvoke(MetaMethod.java:325)
	at groovy.lang.MetaClassImpl.invokeStaticMethod(MetaClassImpl.java:1469)
	at org.codehaus.groovy.runtime.callsite.StaticMetaClassSite.call(StaticMetaClassSite.java:53)
	at org.codehaus.groovy.runtime.callsite.CallSiteArray.defaultCall(CallSiteArray.java:48)
	at org.codehaus.groovy.runtime.callsite.AbstractCallSite.call(AbstractCallSite.java:113)
	at org.codehaus.groovy.runtime.callsite.AbstractCallSite.call(AbstractCallSite.java:141)
	at Script1536300508592.run(Script1536300508592.groovy:24)
	at com.kms.katalon.core.main.ScriptEngine.run(ScriptEngine.java:183)
	at com.kms.katalon.core.main.ScriptEngine.runScriptAsRawText(ScriptEngine.java:108)
	at com.kms.katalon.core.main.TestCaseExecutor.runScript(TestCaseExecutor.java:294)
	at com.kms.katalon.core.main.TestCaseExecutor.doExecute(TestCaseExecutor.java:285)
	at com.kms.katalon.core.main.TestCaseExecutor.processExecutionPhase(TestCaseExecutor.java:264)
	at com.kms.katalon.core.main.TestCaseExecutor.accessMainPhase(TestCaseExecutor.java:256)
	at com.kms.katalon.core.main.TestCaseExecutor.execute(TestCaseExecutor.java:200)
	at com.kms.katalon.core.main.TestSuiteExecutor.accessTestCaseMainPhase(TestSuiteExecutor.java:129)
	at com.kms.katalon.core.main.TestSuiteExecutor.accessTestSuiteMainPhase(TestSuiteExecutor.java:112)
	at com.kms.katalon.core.main.TestSuiteExecutor.execute(TestSuiteExecutor.java:81)
	at com.kms.katalon.core.main.TestCaseMain.startTestSuite(TestCaseMain.java:142)
	at com.kms.katalon.core.main.TestCaseMain$startTestSuite$0.call(Unknown Source)
	at org.codehaus.groovy.runtime.callsite.CallSiteArray.defaultCall(CallSiteArray.java:48)
	at org.codehaus.groovy.runtime.callsite.AbstractCallSite.call(AbstractCallSite.java:113)
	at org.codehaus.groovy.runtime.callsite.AbstractCallSite.call(AbstractCallSite.java:141)
	at TempTestSuite1542874456978.run(TempTestSuite1542874456978.groovy:36)
	at groovy.lang.GroovyShell.runScriptOrMainOrTestOrRunnable(GroovyShell.java:263)
	at groovy.lang.GroovyShell.run(GroovyShell.java:518)
	at groovy.lang.GroovyShell.run(GroovyShell.java:507)
	at groovy.ui.GroovyMain.processOnce(GroovyMain.java:653)
	at groovy.ui.GroovyMain.run(GroovyMain.java:384)
	at groovy.ui.GroovyMain.process(GroovyMain.java:370)
	at groovy.ui.GroovyMain.processArgs(GroovyMain.java:129)
	at groovy.ui.GroovyMain.main(GroovyMain.java:109)
	at sun.reflect.NativeMethodAccessorImpl.invoke0(Native Method)
	at sun.reflect.NativeMethodAccessorImpl.invoke(NativeMethodAccessorImpl.java:62)
	at sun.reflect.DelegatingMethodAccessorImpl.invoke(DelegatingMethodAccessorImpl.java:43)
	at java.lang.reflect.Method.invoke(Method.java:498)
	at org.codehaus.groovy.tools.GroovyStarter.rootLoader(GroovyStarter.java:109)
	at org.codehaus.groovy.tools.GroovyStarter.main(GroovyStarter.java:131)
)

2018-11-23 01:20:13 - [TEST_STEP][NOT_RUN] - callTestCase: NOT_RUN: callTestCase

2018-11-23 01:20:13 - [MESSAGE][NOT_RUN] - NOT_RUN: callTestCase

2018-11-23 01:20:13 - [TEST_STEP][PASSED] - delay: Delayed 2 second(s)

2018-11-23 01:20:15 - [MESSAGE][PASSED] - Delayed 2 second(s)

2018-11-23 01:20:15 - [TEST_STEP][PASSED] - navigateToUrl: Navigate to 'https://assist2-uat.perkeso.gov.my/c/portal/logout' successfully

2018-11-23 01:20:16 - [MESSAGE][PASSED] - Navigate to 'https://assist2-uat.perkeso.gov.my/c/portal/logout' successfully

2018-11-23 01:20:16 - [TEST_STEP][PASSED] - delay: Delayed 2 second(s)

2018-11-23 01:20:18 - [MESSAGE][PASSED] - Delayed 2 second(s)

2018-11-23 01:20:18 - [TEST_STEP][PASSED] - callTestCase: Call Test Case 'Test Cases/Final Aug 2018 - PKS Automation/Common/Reference Number Getter' successfully

2018-11-23 01:20:18 - [TEST_CASE][PASSED] - Test Cases/Final Aug 2018 - PKS Automation/Common/Reference Number Getter: Test Cases/Final Aug 2018 - PKS Automation/Common/Reference Number Getter

2018-11-23 01:20:18 - [TEST_STEP][PASSED] - Statement - Try: null

2018-11-23 01:20:18 - [TEST_STEP][PASSED] - Statement - RefNo = new java.io.File(C://Users//Admin//Desktop//PKS//Automation Reference Point//KatalonReference.txt): null

2018-11-23 01:20:18 - [TEST_STEP][PASSED] - Statement - bufferread = new java.io.BufferedReader(new java.io.FileReader(RefNo)): null

2018-11-23 01:20:18 - [TEST_STEP][PASSED] - Statement - readedVal = bufferread.readLine(): null

2018-11-23 01:20:18 - [TEST_STEP][PASSED] - Statement - out.println(CaseReferenceNo): null

2018-11-23 01:20:18 - [TEST_STEP][PASSED] - Statement - out.println(readedVal): null

2018-11-23 01:20:18 - [TEST_STEP][PASSED] - Statement - CaseReferenceNo = "": null

2018-11-23 01:20:18 - [TEST_STEP][PASSED] - Statement - CaseReferenceNo = readedVal: null

2018-11-23 01:20:18 - [MESSAGE][PASSED] - Call Test Case 'Test Cases/Final Aug 2018 - PKS Automation/Common/Reference Number Getter' successfully

2018-11-23 01:20:18 - [TEST_STEP][FAILED] - callTestCase: Unable to call Test Case with id 'Test Cases/Final Aug 2018 - PKS Automation/Common/Workflow Owner Finder' (Root cause: Call Test Case 'Test Cases/Final Aug 2018 - PKS Automation/Common/Workflow Owner Finder' failed)

2018-11-23 01:20:18 - [TEST_CASE][FAILED] - Test Cases/Final Aug 2018 - PKS Automation/Common/Workflow Owner Finder: Test Cases/Final Aug 2018 - PKS Automation/Common/Workflow Owner Finder FAILED because (of) (Stack trace: com.kms.katalon.core.exception.StepFailedException: Unable to click on object 'Object Repository/Final Object Repo/Landing Page/Select to English' (Root cause: com.kms.katalon.core.webui.exception.WebElementNotFoundException: Web element with id: 'Object Repository/Final Object Repo/Landing Page/Select to English' located by 'By.xpath: //a[@class = 'taglib-language-list-text' and @lang = 'en-US' and (contains(text(), 'EN') or contains(., 'EN'))]' not found)
	at com.kms.katalon.core.keyword.internal.KeywordMain.stepFailed(KeywordMain.groovy:32)
	at com.kms.katalon.core.webui.keyword.internal.WebUIKeywordMain.stepFailed(WebUIKeywordMain.groovy:65)
	at com.kms.katalon.core.webui.keyword.internal.WebUIKeywordMain.runKeyword(WebUIKeywordMain.groovy:27)
	at com.kms.katalon.core.webui.keyword.builtin.ClickKeyword.click(ClickKeyword.groovy:86)
	at com.kms.katalon.core.webui.keyword.builtin.ClickKeyword.execute(ClickKeyword.groovy:67)
	at com.kms.katalon.core.keyword.internal.KeywordExecutor.executeKeywordForPlatform(KeywordExecutor.groovy:53)
	at com.kms.katalon.core.webui.keyword.WebUiBuiltInKeywords.click(WebUiBuiltInKeywords.groovy:604)
	at com.kms.katalon.core.webui.keyword.WebUiBuiltInKeywords$click$13.call(Unknown Source)
	at org.codehaus.groovy.runtime.callsite.CallSiteArray.defaultCall(CallSiteArray.java:48)
	at org.codehaus.groovy.runtime.callsite.AbstractCallSite.call(AbstractCallSite.java:113)
	at org.codehaus.groovy.runtime.callsite.AbstractCallSite.call(AbstractCallSite.java:133)
	at Script1534407542420.run(Script1534407542420.groovy:57)
	at com.kms.katalon.core.main.ScriptEngine.run(ScriptEngine.java:183)
	at com.kms.katalon.core.main.ScriptEngine.runScriptAsRawText(ScriptEngine.java:108)
	at com.kms.katalon.core.main.TestCaseExecutor.runScript(TestCaseExecutor.java:294)
	at com.kms.katalon.core.main.TestCaseExecutor.doExecute(TestCaseExecutor.java:285)
	at com.kms.katalon.core.main.TestCaseExecutor.processExecutionPhase(TestCaseExecutor.java:264)
	at com.kms.katalon.core.main.TestCaseExecutor.accessMainPhase(TestCaseExecutor.java:256)
	at com.kms.katalon.core.main.TestCaseExecutor.execute(TestCaseExecutor.java:200)
	at com.kms.katalon.core.main.TestCaseMain.runTestCase(TestCaseMain.java:99)
	at com.kms.katalon.core.keyword.builtin.CallTestCaseKeyword$_callTestCase_closure1.doCall(CallTestCaseKeyword.groovy:60)
	at com.kms.katalon.core.keyword.builtin.CallTestCaseKeyword$_callTestCase_closure1.call(CallTestCaseKeyword.groovy)
	at com.kms.katalon.core.keyword.internal.KeywordMain.runKeyword(KeywordMain.groovy:54)
	at com.kms.katalon.core.keyword.builtin.CallTestCaseKeyword.callTestCase(CallTestCaseKeyword.groovy:81)
	at com.kms.katalon.core.keyword.builtin.CallTestCaseKeyword.execute(CallTestCaseKeyword.groovy:45)
	at com.kms.katalon.core.keyword.internal.KeywordExecutor.executeKeywordForPlatform(KeywordExecutor.groovy:53)
	at com.kms.katalon.core.keyword.BuiltinKeywords.callTestCase(BuiltinKeywords.groovy:334)
	at sun.reflect.NativeMethodAccessorImpl.invoke0(Native Method)
	at sun.reflect.NativeMethodAccessorImpl.invoke(NativeMethodAccessorImpl.java:62)
	at sun.reflect.DelegatingMethodAccessorImpl.invoke(DelegatingMethodAccessorImpl.java:43)
	at java.lang.reflect.Method.invoke(Method.java:498)
	at org.codehaus.groovy.reflection.CachedMethod.invoke(CachedMethod.java:93)
	at groovy.lang.MetaMethod.doMethodInvoke(MetaMethod.java:325)
	at groovy.lang.MetaClassImpl.invokeStaticMethod(MetaClassImpl.java:1469)
	at org.codehaus.groovy.runtime.callsite.StaticMetaClassSite.call(StaticMetaClassSite.java:53)
	at org.codehaus.groovy.runtime.callsite.CallSiteArray.defaultCall(CallSiteArray.java:48)
	at org.codehaus.groovy.runtime.callsite.AbstractCallSite.call(AbstractCallSite.java:113)
	at org.codehaus.groovy.runtime.callsite.AbstractCallSite.call(AbstractCallSite.java:141)
	at Script1537866031818.run(Script1537866031818.groovy:33)
	at com.kms.katalon.core.main.ScriptEngine.run(ScriptEngine.java:183)
	at com.kms.katalon.core.main.ScriptEngine.runScriptAsRawText(ScriptEngine.java:108)
	at com.kms.katalon.core.main.TestCaseExecutor.runScript(TestCaseExecutor.java:294)
	at com.kms.katalon.core.main.TestCaseExecutor.doExecute(TestCaseExecutor.java:285)
	at com.kms.katalon.core.main.TestCaseExecutor.processExecutionPhase(TestCaseExecutor.java:264)
	at com.kms.katalon.core.main.TestCaseExecutor.accessMainPhase(TestCaseExecutor.java:256)
	at com.kms.katalon.core.main.TestCaseExecutor.execute(TestCaseExecutor.java:200)
	at com.kms.katalon.core.main.TestCaseMain.runTestCase(TestCaseMain.java:99)
	at com.kms.katalon.core.keyword.builtin.CallTestCaseKeyword$_callTestCase_closure1.doCall(CallTestCaseKeyword.groovy:60)
	at com.kms.katalon.core.keyword.builtin.CallTestCaseKeyword$_callTestCase_closure1.call(CallTestCaseKeyword.groovy)
	at com.kms.katalon.core.keyword.internal.KeywordMain.runKeyword(KeywordMain.groovy:54)
	at com.kms.katalon.core.keyword.builtin.CallTestCaseKeyword.callTestCase(CallTestCaseKeyword.groovy:81)
	at com.kms.katalon.core.keyword.builtin.CallTestCaseKeyword.execute(CallTestCaseKeyword.groovy:45)
	at com.kms.katalon.core.keyword.internal.KeywordExecutor.executeKeywordForPlatform(KeywordExecutor.groovy:53)
	at com.kms.katalon.core.keyword.BuiltinKeywords.callTestCase(BuiltinKeywords.groovy:334)
	at sun.reflect.NativeMethodAccessorImpl.invoke0(Native Method)
	at sun.reflect.NativeMethodAccessorImpl.invoke(NativeMethodAccessorImpl.java:62)
	at sun.reflect.DelegatingMethodAccessorImpl.invoke(DelegatingMethodAccessorImpl.java:43)
	at java.lang.reflect.Method.invoke(Method.java:498)
	at org.codehaus.groovy.reflection.CachedMethod.invoke(CachedMethod.java:93)
	at groovy.lang.MetaMethod.doMethodInvoke(MetaMethod.java:325)
	at groovy.lang.MetaClassImpl.invokeStaticMethod(MetaClassImpl.java:1469)
	at org.codehaus.groovy.runtime.callsite.StaticMetaClassSite.call(StaticMetaClassSite.java:53)
	at org.codehaus.groovy.runtime.callsite.CallSiteArray.defaultCall(CallSiteArray.java:48)
	at org.codehaus.groovy.runtime.callsite.AbstractCallSite.call(AbstractCallSite.java:113)
	at org.codehaus.groovy.runtime.callsite.AbstractCallSite.call(AbstractCallSite.java:141)
	at Script1536300508592.run(Script1536300508592.groovy:24)
	at com.kms.katalon.core.main.ScriptEngine.run(ScriptEngine.java:183)
	at com.kms.katalon.core.main.ScriptEngine.runScriptAsRawText(ScriptEngine.java:108)
	at com.kms.katalon.core.main.TestCaseExecutor.runScript(TestCaseExecutor.java:294)
	at com.kms.katalon.core.main.TestCaseExecutor.doExecute(TestCaseExecutor.java:285)
	at com.kms.katalon.core.main.TestCaseExecutor.processExecutionPhase(TestCaseExecutor.java:264)
	at com.kms.katalon.core.main.TestCaseExecutor.accessMainPhase(TestCaseExecutor.java:256)
	at com.kms.katalon.core.main.TestCaseExecutor.execute(TestCaseExecutor.java:200)
	at com.kms.katalon.core.main.TestSuiteExecutor.accessTestCaseMainPhase(TestSuiteExecutor.java:129)
	at com.kms.katalon.core.main.TestSuiteExecutor.accessTestSuiteMainPhase(TestSuiteExecutor.java:112)
	at com.kms.katalon.core.main.TestSuiteExecutor.execute(TestSuiteExecutor.java:81)
	at com.kms.katalon.core.main.TestCaseMain.startTestSuite(TestCaseMain.java:142)
	at com.kms.katalon.core.main.TestCaseMain$startTestSuite$0.call(Unknown Source)
	at org.codehaus.groovy.runtime.callsite.CallSiteArray.defaultCall(CallSiteArray.java:48)
	at org.codehaus.groovy.runtime.callsite.AbstractCallSite.call(AbstractCallSite.java:113)
	at org.codehaus.groovy.runtime.callsite.AbstractCallSite.call(AbstractCallSite.java:141)
	at TempTestSuite1542874456978.run(TempTestSuite1542874456978.groovy:36)
	at groovy.lang.GroovyShell.runScriptOrMainOrTestOrRunnable(GroovyShell.java:263)
	at groovy.lang.GroovyShell.run(GroovyShell.java:518)
	at groovy.lang.GroovyShell.run(GroovyShell.java:507)
	at groovy.ui.GroovyMain.processOnce(GroovyMain.java:653)
	at groovy.ui.GroovyMain.run(GroovyMain.java:384)
	at groovy.ui.GroovyMain.process(GroovyMain.java:370)
	at groovy.ui.GroovyMain.processArgs(GroovyMain.java:129)
	at groovy.ui.GroovyMain.main(GroovyMain.java:109)
	at sun.reflect.NativeMethodAccessorImpl.invoke0(Native Method)
	at sun.reflect.NativeMethodAccessorImpl.invoke(NativeMethodAccessorImpl.java:62)
	at sun.reflect.DelegatingMethodAccessorImpl.invoke(DelegatingMethodAccessorImpl.java:43)
	at java.lang.reflect.Method.invoke(Method.java:498)
	at org.codehaus.groovy.tools.GroovyStarter.rootLoader(GroovyStarter.java:109)
	at org.codehaus.groovy.tools.GroovyStarter.main(GroovyStarter.java:131)
)

2018-11-23 01:20:18 - [TEST_STEP][PASSED] - openBrowser: Browser is opened with url: ''

2018-11-23 01:20:18 - [MESSAGE][WARNING] - A browser is already opened. Closing browser and opening a new one

2018-11-23 01:20:22 - [MESSAGE][PASSED] - Browser is opened with url: ''

2018-11-23 01:20:22 - [TEST_STEP][PASSED] - navigateToUrl: Navigate to 'https://assist2-uat.perkeso.gov.my/login' successfully

2018-11-23 01:20:23 - [MESSAGE][PASSED] - Navigate to 'https://assist2-uat.perkeso.gov.my/login' successfully

2018-11-23 01:20:23 - [TEST_STEP][PASSED] - delay: Delayed 5 second(s)

2018-11-23 01:20:28 - [MESSAGE][PASSED] - Delayed 5 second(s)

2018-11-23 01:20:28 - [TEST_STEP][PASSED] - setText: Text 'test@liferay.com' is set on object 'Object Repository/Final Object Repo/Login Page/Internal User/Email Address'

2018-11-23 01:20:28 - [MESSAGE][PASSED] - Text 'test@liferay.com' is set on object 'Object Repository/Final Object Repo/Login Page/Internal User/Email Address'

2018-11-23 01:20:28 - [TEST_STEP][PASSED] - click: Object: 'Object Repository/Final Object Repo/Login Page/Internal User/Next Button' is clicked on

2018-11-23 01:20:29 - [MESSAGE][PASSED] - Object: 'Object Repository/Final Object Repo/Login Page/Internal User/Next Button' is clicked on

2018-11-23 01:20:29 - [TEST_STEP][PASSED] - delay: Delayed 2 second(s)

2018-11-23 01:20:31 - [MESSAGE][PASSED] - Delayed 2 second(s)

2018-11-23 01:20:31 - [TEST_STEP][PASSED] - setText: Text 'test' is set on object 'Object Repository/Final Object Repo/Login Page/Internal User/Password'

2018-11-23 01:20:31 - [MESSAGE][PASSED] - Text 'test' is set on object 'Object Repository/Final Object Repo/Login Page/Internal User/Password'

2018-11-23 01:20:31 - [TEST_STEP][PASSED] - delay: Delayed 2 second(s)

2018-11-23 01:20:33 - [MESSAGE][PASSED] - Delayed 2 second(s)

2018-11-23 01:20:33 - [TEST_STEP][PASSED] - click: Object: 'Object Repository/Final Object Repo/Login Page/Internal User/Login Button' is clicked on

2018-11-23 01:20:33 - [MESSAGE][PASSED] - Object: 'Object Repository/Final Object Repo/Login Page/Internal User/Login Button' is clicked on

2018-11-23 01:20:33 - [TEST_STEP][FAILED] - Statement - Try: Delayed 2 second(s)

2018-11-23 01:20:33 - [TEST_STEP][PASSED] - Statement - Checker = false: null

2018-11-23 01:20:33 - [TEST_STEP][PASSED] - Statement - Checker = com.kms.katalon.core.webui.keyword.WebUiBuiltInKeywords.verifyElementHasAttribute(com.kms.katalon.core.testobject.ObjectRepository.findTestObject(Final Object Repo/Landing Page/BM Detecting), "href", 20, OPTIONAL): Unable to verify if object 'Object Repository/Final Object Repo/Landing Page/BM Detecting' has attribute 'href' (Root cause: org.openqa.selenium.StaleElementReferenceException: stale element reference: element is not attached to the page document
  (Session info: chrome=70.0.3538.102)
  (Driver info: chromedriver=2.43.600210 (68dcf5eebde37173d4027fa8635e332711d2874a),platform=Windows NT 6.1.7601 SP1 x86_64) (WARNING: The server did not provide any stacktrace information)
Command duration or timeout: 0 milliseconds
For documentation on this error, please visit: http://seleniumhq.org/exceptions/stale_element_reference.html
Build info: version: '3.7.1', revision: '8a0099a', time: '2017-11-06T21:07:36.161Z'
System info: host: 'WIN7TEST02', ip: '10.20.3.72', os.name: 'Windows 7', os.arch: 'amd64', os.version: '6.1', java.version: '1.8.0_181'
Driver info: com.kms.katalon.selenium.driver.CChromeDriver
Capabilities {acceptInsecureCerts: false, acceptSslCerts: false, applicationCacheEnabled: false, browserConnectionEnabled: false, browserName: chrome, chrome: {chromedriverVersion: 2.43.600210 (68dcf5eebde371..., userDataDir: C:\Users\Admin\AppData\Loca...}, cssSelectorsEnabled: true, databaseEnabled: false, goog:chromeOptions: {debuggerAddress: localhost:50685}, handlesAlerts: true, hasTouchScreen: false, javascriptEnabled: true, locationContextEnabled: true, mobileEmulationEnabled: false, nativeEvents: true, networkConnectionEnabled: false, pageLoadStrategy: normal, platform: XP, platformName: XP, rotatable: false, setWindowRect: true, takesHeapSnapshot: true, takesScreenshot: true, unexpectedAlertBehaviour: , unhandledPromptBehavior: , version: 70.0.3538.102, webStorageEnabled: true}
Session ID: d08d6228fabd685785ab95c5bb8840ef)

2018-11-23 01:20:35 - [MESSAGE][WARNING] - Unable to verify if object 'Object Repository/Final Object Repo/Landing Page/BM Detecting' has attribute 'href' (Root cause: org.openqa.selenium.StaleElementReferenceException: stale element reference: element is not attached to the page document
  (Session info: chrome=70.0.3538.102)
  (Driver info: chromedriver=2.43.600210 (68dcf5eebde37173d4027fa8635e332711d2874a),platform=Windows NT 6.1.7601 SP1 x86_64) (WARNING: The server did not provide any stacktrace information)
Command duration or timeout: 0 milliseconds
For documentation on this error, please visit: http://seleniumhq.org/exceptions/stale_element_reference.html
Build info: version: '3.7.1', revision: '8a0099a', time: '2017-11-06T21:07:36.161Z'
System info: host: 'WIN7TEST02', ip: '10.20.3.72', os.name: 'Windows 7', os.arch: 'amd64', os.version: '6.1', java.version: '1.8.0_181'
Driver info: com.kms.katalon.selenium.driver.CChromeDriver
Capabilities {acceptInsecureCerts: false, acceptSslCerts: false, applicationCacheEnabled: false, browserConnectionEnabled: false, browserName: chrome, chrome: {chromedriverVersion: 2.43.600210 (68dcf5eebde371..., userDataDir: C:\Users\Admin\AppData\Loca...}, cssSelectorsEnabled: true, databaseEnabled: false, goog:chromeOptions: {debuggerAddress: localhost:50685}, handlesAlerts: true, hasTouchScreen: false, javascriptEnabled: true, locationContextEnabled: true, mobileEmulationEnabled: false, nativeEvents: true, networkConnectionEnabled: false, pageLoadStrategy: normal, platform: XP, platformName: XP, rotatable: false, setWindowRect: true, takesHeapSnapshot: true, takesScreenshot: true, unexpectedAlertBehaviour: , unhandledPromptBehavior: , version: 70.0.3538.102, webStorageEnabled: true}
Session ID: d08d6228fabd685785ab95c5bb8840ef)
[[ATTACHMENT|C:\\Users\\Admin\\Desktop\\PKS\\Perkeso Phase A\\Reports\\Workflow\\Request SSN\\20181122_161416\\1542907235259.png]]

2018-11-23 01:20:35 - [TEST_STEP][PASSED] - Statement - out.println(Checker): null

2018-11-23 01:20:35 - [TEST_STEP][FAILED] - Statement - If (Checker == false): Unable to click on object 'Object Repository/Final Object Repo/Landing Page/Select to English' (Root cause: com.kms.katalon.core.webui.exception.WebElementNotFoundException: Web element with id: 'Object Repository/Final Object Repo/Landing Page/Select to English' located by 'By.xpath: //a[@class = 'taglib-language-list-text' and @lang = 'en-US' and (contains(text(), 'EN') or contains(., 'EN'))]' not found)

2018-11-23 01:20:35 - [TEST_STEP][FAILED] - click: Unable to click on object 'Object Repository/Final Object Repo/Landing Page/Select to English' (Root cause: com.kms.katalon.core.webui.exception.WebElementNotFoundException: Web element with id: 'Object Repository/Final Object Repo/Landing Page/Select to English' located by 'By.xpath: //a[@class = 'taglib-language-list-text' and @lang = 'en-US' and (contains(text(), 'EN') or contains(., 'EN'))]' not found)

2018-11-23 01:21:13 - [MESSAGE][FAILED] - Unable to click on object 'Object Repository/Final Object Repo/Landing Page/Select to English' (Root cause: com.kms.katalon.core.webui.exception.WebElementNotFoundException: Web element with id: 'Object Repository/Final Object Repo/Landing Page/Select to English' located by 'By.xpath: //a[@class = 'taglib-language-list-text' and @lang = 'en-US' and (contains(text(), 'EN') or contains(., 'EN'))]' not found)
[[ATTACHMENT|C:\\Users\\Admin\\Desktop\\PKS\\Perkeso Phase A\\Reports\\Workflow\\Request SSN\\20181122_161416\\1542907273031.png]]

2018-11-23 01:21:13 - [TEST_STEP][PASSED] - delay: Delayed 2 second(s)

2018-11-23 01:21:15 - [MESSAGE][PASSED] - Delayed 2 second(s)

2018-11-23 01:21:15 - [TEST_STEP][PASSED] - delay: Delayed 3 second(s)

2018-11-23 01:21:18 - [MESSAGE][PASSED] - Delayed 3 second(s)

2018-11-23 01:21:18 - [TEST_STEP][PASSED] - mouseOver: Object: 'Object Repository/Final Object Repo/Landing Page/WorkFlow Menu' is hovered

2018-11-23 01:21:18 - [MESSAGE][PASSED] - Object: 'Object Repository/Final Object Repo/Landing Page/WorkFlow Menu' is hovered

2018-11-23 01:21:18 - [TEST_STEP][PASSED] - delay: Delayed 2 second(s)

2018-11-23 01:21:20 - [MESSAGE][PASSED] - Delayed 2 second(s)

2018-11-23 01:21:20 - [TEST_STEP][PASSED] - click: Object: 'Object Repository/Final Object Repo/Landing Page/Select to Workflow Listing' is clicked on

2018-11-23 01:21:21 - [MESSAGE][PASSED] - Object: 'Object Repository/Final Object Repo/Landing Page/Select to Workflow Listing' is clicked on

2018-11-23 01:21:21 - [TEST_STEP][PASSED] - delay: Delayed 2 second(s)

2018-11-23 01:21:23 - [MESSAGE][PASSED] - Delayed 2 second(s)

2018-11-23 01:21:23 - [TEST_STEP][PASSED] - click: Object: 'Object Repository/Final Object Repo/WorkFlow Listing Page/Search Information - To Put Ref No' is clicked on

2018-11-23 01:21:23 - [MESSAGE][PASSED] - Object: 'Object Repository/Final Object Repo/WorkFlow Listing Page/Search Information - To Put Ref No' is clicked on

2018-11-23 01:21:23 - [TEST_STEP][PASSED] - delay: Delayed 2 second(s)

2018-11-23 01:21:25 - [MESSAGE][PASSED] - Delayed 2 second(s)

2018-11-23 01:21:25 - [TEST_STEP][PASSED] - callTestCase: Call Test Case 'Test Cases/Final Aug 2018 - PKS Automation/Common/Reference Number Getter' successfully

2018-11-23 01:21:25 - [TEST_CASE][PASSED] - Test Cases/Final Aug 2018 - PKS Automation/Common/Reference Number Getter: Test Cases/Final Aug 2018 - PKS Automation/Common/Reference Number Getter

2018-11-23 01:21:25 - [TEST_STEP][PASSED] - Statement - Try: null

2018-11-23 01:21:25 - [TEST_STEP][PASSED] - Statement - RefNo = new java.io.File(C://Users//Admin//Desktop//PKS//Automation Reference Point//KatalonReference.txt): null

2018-11-23 01:21:25 - [TEST_STEP][PASSED] - Statement - bufferread = new java.io.BufferedReader(new java.io.FileReader(RefNo)): null

2018-11-23 01:21:25 - [TEST_STEP][PASSED] - Statement - readedVal = bufferread.readLine(): null

2018-11-23 01:21:25 - [TEST_STEP][PASSED] - Statement - out.println(CaseReferenceNo): null

2018-11-23 01:21:25 - [TEST_STEP][PASSED] - Statement - out.println(readedVal): null

2018-11-23 01:21:25 - [TEST_STEP][PASSED] - Statement - CaseReferenceNo = "": null

2018-11-23 01:21:25 - [TEST_STEP][PASSED] - Statement - CaseReferenceNo = readedVal: null

2018-11-23 01:21:26 - [MESSAGE][PASSED] - Call Test Case 'Test Cases/Final Aug 2018 - PKS Automation/Common/Reference Number Getter' successfully

2018-11-23 01:21:26 - [TEST_STEP][PASSED] - setText: Text 'SSN11201800001133' is set on object 'Object Repository/Final Object Repo/WorkFlow Listing Page/Ref No Set Text'

2018-11-23 01:21:26 - [MESSAGE][PASSED] - Text 'SSN11201800001133' is set on object 'Object Repository/Final Object Repo/WorkFlow Listing Page/Ref No Set Text'

2018-11-23 01:21:26 - [TEST_STEP][PASSED] - delay: Delayed 2 second(s)

2018-11-23 01:21:28 - [MESSAGE][PASSED] - Delayed 2 second(s)

2018-11-23 01:21:28 - [TEST_STEP][PASSED] - click: Object: 'Object Repository/Final Object Repo/WorkFlow Listing Page/Search Ref No Search Button' is clicked on

2018-11-23 01:21:28 - [MESSAGE][PASSED] - Object: 'Object Repository/Final Object Repo/WorkFlow Listing Page/Search Ref No Search Button' is clicked on

2018-11-23 01:21:28 - [TEST_STEP][PASSED] - delay: Delayed 4 second(s)

2018-11-23 01:21:32 - [MESSAGE][PASSED] - Delayed 4 second(s)

2018-11-23 01:21:32 - [TEST_STEP][PASSED] - click: Object: 'Object Repository/Final Object Repo/WorkFlow Listing Page/Click Continue Tooltip' is clicked on

2018-11-23 01:21:33 - [MESSAGE][PASSED] - Object: 'Object Repository/Final Object Repo/WorkFlow Listing Page/Click Continue Tooltip' is clicked on

2018-11-23 01:21:33 - [TEST_STEP][PASSED] - delay: Delayed 5 second(s)

2018-11-23 01:21:38 - [MESSAGE][PASSED] - Delayed 5 second(s)

2018-11-23 01:21:38 - [TEST_STEP][PASSED] - doubleClick: Object: 'Object Repository/Final Object Repo/WorkFlow Listing Page/Workflow Found - Listing 1' is double clicked on

2018-11-23 01:21:38 - [MESSAGE][PASSED] - Object: 'Object Repository/Final Object Repo/WorkFlow Listing Page/Workflow Found - Listing 1' is double clicked on

2018-11-23 01:21:38 - [TEST_STEP][PASSED] - Statement - println(OwnerID): null

2018-11-23 01:21:38 - [TEST_STEP][PASSED] - Statement - OwnerID = com.kms.katalon.core.webui.keyword.WebUiBuiltInKeywords.getText(com.kms.katalon.core.testobject.ObjectRepository.findTestObject(Final Object Repo/WorkFlow Listing Page/Workflow Found - Listing 1), STOP_ON_FAILURE): Text of object 'Object Repository/Final Object Repo/WorkFlow Listing Page/Workflow Found - Listing 1' is: 'JOHORrio3'

2018-11-23 01:21:38 - [MESSAGE][PASSED] - Text of object 'Object Repository/Final Object Repo/WorkFlow Listing Page/Workflow Found - Listing 1' is: 'JOHORrio3'

2018-11-23 01:21:38 - [TEST_STEP][PASSED] - Statement - OwnerID = OwnerID.toLowerCase() + "@gmail.com": null

2018-11-23 01:21:38 - [TEST_STEP][PASSED] - Statement - println(OwnerID): null

2018-11-23 01:21:38 - [TEST_STEP][PASSED] - delay: Delayed 2 second(s)

2018-11-23 01:21:40 - [MESSAGE][PASSED] - Delayed 2 second(s)

2018-11-23 01:21:40 - [MESSAGE][FAILED] - Unable to call Test Case with id 'Test Cases/Final Aug 2018 - PKS Automation/Common/Workflow Owner Finder' (Root cause: Call Test Case 'Test Cases/Final Aug 2018 - PKS Automation/Common/Workflow Owner Finder' failed)

2018-11-23 01:21:40 - [MESSAGE][FAILED] - Unable to call Test Case with id 'Test Cases/Final Aug 2018 - PKS Automation/Registration Module/Workflow/Request SSN/Template/Request SSN RIO - RO (Query)' (Root cause: Call Test Case 'Test Cases/Final Aug 2018 - PKS Automation/Registration Module/Workflow/Request SSN/Template/Request SSN RIO - RO (Query)' failed)]]></system-out>
         <system-err><![CDATA[2018-11-23 01:18:38 - [TEST_CASE][FAILED] - Test Cases/Final Aug 2018 - PKS Automation/Registration Module/Workflow/Request SSN/OTC - RIO - RO (Query): Test Cases/Final Aug 2018 - PKS Automation/Registration Module/Workflow/Request SSN/OTC - RIO - RO (Query) FAILED because (of) (Stack trace: com.kms.katalon.core.exception.StepFailedException: Unable to click on object 'Object Repository/Final Object Repo/Landing Page/Select to English' (Root cause: com.kms.katalon.core.webui.exception.WebElementNotFoundException: Web element with id: 'Object Repository/Final Object Repo/Landing Page/Select to English' located by 'By.xpath: //a[@class = 'taglib-language-list-text' and @lang = 'en-US' and (contains(text(), 'EN') or contains(., 'EN'))]' not found)
	at com.kms.katalon.core.keyword.internal.KeywordMain.stepFailed(KeywordMain.groovy:32)
	at com.kms.katalon.core.webui.keyword.internal.WebUIKeywordMain.stepFailed(WebUIKeywordMain.groovy:65)
	at com.kms.katalon.core.webui.keyword.internal.WebUIKeywordMain.runKeyword(WebUIKeywordMain.groovy:27)
	at com.kms.katalon.core.webui.keyword.builtin.ClickKeyword.click(ClickKeyword.groovy:86)
	at com.kms.katalon.core.webui.keyword.builtin.ClickKeyword.execute(ClickKeyword.groovy:67)
	at com.kms.katalon.core.keyword.internal.KeywordExecutor.executeKeywordForPlatform(KeywordExecutor.groovy:53)
	at com.kms.katalon.core.webui.keyword.WebUiBuiltInKeywords.click(WebUiBuiltInKeywords.groovy:604)
	at com.kms.katalon.core.webui.keyword.WebUiBuiltInKeywords$click$13.call(Unknown Source)
	at org.codehaus.groovy.runtime.callsite.CallSiteArray.defaultCall(CallSiteArray.java:48)
	at org.codehaus.groovy.runtime.callsite.AbstractCallSite.call(AbstractCallSite.java:113)
	at org.codehaus.groovy.runtime.callsite.AbstractCallSite.call(AbstractCallSite.java:133)
	at Script1534407542420.run(Script1534407542420.groovy:57)
	at com.kms.katalon.core.main.ScriptEngine.run(ScriptEngine.java:183)
	at com.kms.katalon.core.main.ScriptEngine.runScriptAsRawText(ScriptEngine.java:108)
	at com.kms.katalon.core.main.TestCaseExecutor.runScript(TestCaseExecutor.java:294)
	at com.kms.katalon.core.main.TestCaseExecutor.doExecute(TestCaseExecutor.java:285)
	at com.kms.katalon.core.main.TestCaseExecutor.processExecutionPhase(TestCaseExecutor.java:264)
	at com.kms.katalon.core.main.TestCaseExecutor.accessMainPhase(TestCaseExecutor.java:256)
	at com.kms.katalon.core.main.TestCaseExecutor.execute(TestCaseExecutor.java:200)
	at com.kms.katalon.core.main.TestCaseMain.runTestCase(TestCaseMain.java:99)
	at com.kms.katalon.core.keyword.builtin.CallTestCaseKeyword$_callTestCase_closure1.doCall(CallTestCaseKeyword.groovy:60)
	at com.kms.katalon.core.keyword.builtin.CallTestCaseKeyword$_callTestCase_closure1.call(CallTestCaseKeyword.groovy)
	at com.kms.katalon.core.keyword.internal.KeywordMain.runKeyword(KeywordMain.groovy:54)
	at com.kms.katalon.core.keyword.builtin.CallTestCaseKeyword.callTestCase(CallTestCaseKeyword.groovy:81)
	at com.kms.katalon.core.keyword.builtin.CallTestCaseKeyword.execute(CallTestCaseKeyword.groovy:45)
	at com.kms.katalon.core.keyword.internal.KeywordExecutor.executeKeywordForPlatform(KeywordExecutor.groovy:53)
	at com.kms.katalon.core.keyword.BuiltinKeywords.callTestCase(BuiltinKeywords.groovy:334)
	at sun.reflect.NativeMethodAccessorImpl.invoke0(Native Method)
	at sun.reflect.NativeMethodAccessorImpl.invoke(NativeMethodAccessorImpl.java:62)
	at sun.reflect.DelegatingMethodAccessorImpl.invoke(DelegatingMethodAccessorImpl.java:43)
	at java.lang.reflect.Method.invoke(Method.java:498)
	at org.codehaus.groovy.reflection.CachedMethod.invoke(CachedMethod.java:93)
	at groovy.lang.MetaMethod.doMethodInvoke(MetaMethod.java:325)
	at groovy.lang.MetaClassImpl.invokeStaticMethod(MetaClassImpl.java:1469)
	at org.codehaus.groovy.runtime.callsite.StaticMetaClassSite.call(StaticMetaClassSite.java:53)
	at org.codehaus.groovy.runtime.callsite.CallSiteArray.defaultCall(CallSiteArray.java:48)
	at org.codehaus.groovy.runtime.callsite.AbstractCallSite.call(AbstractCallSite.java:113)
	at org.codehaus.groovy.runtime.callsite.AbstractCallSite.call(AbstractCallSite.java:141)
	at Script1537866031818.run(Script1537866031818.groovy:33)
	at com.kms.katalon.core.main.ScriptEngine.run(ScriptEngine.java:183)
	at com.kms.katalon.core.main.ScriptEngine.runScriptAsRawText(ScriptEngine.java:108)
	at com.kms.katalon.core.main.TestCaseExecutor.runScript(TestCaseExecutor.java:294)
	at com.kms.katalon.core.main.TestCaseExecutor.doExecute(TestCaseExecutor.java:285)
	at com.kms.katalon.core.main.TestCaseExecutor.processExecutionPhase(TestCaseExecutor.java:264)
	at com.kms.katalon.core.main.TestCaseExecutor.accessMainPhase(TestCaseExecutor.java:256)
	at com.kms.katalon.core.main.TestCaseExecutor.execute(TestCaseExecutor.java:200)
	at com.kms.katalon.core.main.TestCaseMain.runTestCase(TestCaseMain.java:99)
	at com.kms.katalon.core.keyword.builtin.CallTestCaseKeyword$_callTestCase_closure1.doCall(CallTestCaseKeyword.groovy:60)
	at com.kms.katalon.core.keyword.builtin.CallTestCaseKeyword$_callTestCase_closure1.call(CallTestCaseKeyword.groovy)
	at com.kms.katalon.core.keyword.internal.KeywordMain.runKeyword(KeywordMain.groovy:54)
	at com.kms.katalon.core.keyword.builtin.CallTestCaseKeyword.callTestCase(CallTestCaseKeyword.groovy:81)
	at com.kms.katalon.core.keyword.builtin.CallTestCaseKeyword.execute(CallTestCaseKeyword.groovy:45)
	at com.kms.katalon.core.keyword.internal.KeywordExecutor.executeKeywordForPlatform(KeywordExecutor.groovy:53)
	at com.kms.katalon.core.keyword.BuiltinKeywords.callTestCase(BuiltinKeywords.groovy:334)
	at sun.reflect.NativeMethodAccessorImpl.invoke0(Native Method)
	at sun.reflect.NativeMethodAccessorImpl.invoke(NativeMethodAccessorImpl.java:62)
	at sun.reflect.DelegatingMethodAccessorImpl.invoke(DelegatingMethodAccessorImpl.java:43)
	at java.lang.reflect.Method.invoke(Method.java:498)
	at org.codehaus.groovy.reflection.CachedMethod.invoke(CachedMethod.java:93)
	at groovy.lang.MetaMethod.doMethodInvoke(MetaMethod.java:325)
	at groovy.lang.MetaClassImpl.invokeStaticMethod(MetaClassImpl.java:1469)
	at org.codehaus.groovy.runtime.callsite.StaticMetaClassSite.call(StaticMetaClassSite.java:53)
	at org.codehaus.groovy.runtime.callsite.CallSiteArray.defaultCall(CallSiteArray.java:48)
	at org.codehaus.groovy.runtime.callsite.AbstractCallSite.call(AbstractCallSite.java:113)
	at org.codehaus.groovy.runtime.callsite.AbstractCallSite.call(AbstractCallSite.java:141)
	at Script1536300508592.run(Script1536300508592.groovy:24)
	at com.kms.katalon.core.main.ScriptEngine.run(ScriptEngine.java:183)
	at com.kms.katalon.core.main.ScriptEngine.runScriptAsRawText(ScriptEngine.java:108)
	at com.kms.katalon.core.main.TestCaseExecutor.runScript(TestCaseExecutor.java:294)
	at com.kms.katalon.core.main.TestCaseExecutor.doExecute(TestCaseExecutor.java:285)
	at com.kms.katalon.core.main.TestCaseExecutor.processExecutionPhase(TestCaseExecutor.java:264)
	at com.kms.katalon.core.main.TestCaseExecutor.accessMainPhase(TestCaseExecutor.java:256)
	at com.kms.katalon.core.main.TestCaseExecutor.execute(TestCaseExecutor.java:200)
	at com.kms.katalon.core.main.TestSuiteExecutor.accessTestCaseMainPhase(TestSuiteExecutor.java:129)
	at com.kms.katalon.core.main.TestSuiteExecutor.accessTestSuiteMainPhase(TestSuiteExecutor.java:112)
	at com.kms.katalon.core.main.TestSuiteExecutor.execute(TestSuiteExecutor.java:81)
	at com.kms.katalon.core.main.TestCaseMain.startTestSuite(TestCaseMain.java:142)
	at com.kms.katalon.core.main.TestCaseMain$startTestSuite$0.call(Unknown Source)
	at org.codehaus.groovy.runtime.callsite.CallSiteArray.defaultCall(CallSiteArray.java:48)
	at org.codehaus.groovy.runtime.callsite.AbstractCallSite.call(AbstractCallSite.java:113)
	at org.codehaus.groovy.runtime.callsite.AbstractCallSite.call(AbstractCallSite.java:141)
	at TempTestSuite1542874456978.run(TempTestSuite1542874456978.groovy:36)
	at groovy.lang.GroovyShell.runScriptOrMainOrTestOrRunnable(GroovyShell.java:263)
	at groovy.lang.GroovyShell.run(GroovyShell.java:518)
	at groovy.lang.GroovyShell.run(GroovyShell.java:507)
	at groovy.ui.GroovyMain.processOnce(GroovyMain.java:653)
	at groovy.ui.GroovyMain.run(GroovyMain.java:384)
	at groovy.ui.GroovyMain.process(GroovyMain.java:370)
	at groovy.ui.GroovyMain.processArgs(GroovyMain.java:129)
	at groovy.ui.GroovyMain.main(GroovyMain.java:109)
	at sun.reflect.NativeMethodAccessorImpl.invoke0(Native Method)
	at sun.reflect.NativeMethodAccessorImpl.invoke(NativeMethodAccessorImpl.java:62)
	at sun.reflect.DelegatingMethodAccessorImpl.invoke(DelegatingMethodAccessorImpl.java:43)
	at java.lang.reflect.Method.invoke(Method.java:498)
	at org.codehaus.groovy.tools.GroovyStarter.rootLoader(GroovyStarter.java:109)
	at org.codehaus.groovy.tools.GroovyStarter.main(GroovyStarter.java:131)
)]]></system-err>
      </testcase>
      <testcase name="Test Cases/Final Aug 2018 - PKS Automation/Registration Module/Workflow/Request SSN/OTC - RIO - RO (Under enforcement)" classname="Test Cases/Final Aug 2018 - PKS Automation/Registration Module/Workflow/Request SSN/OTC - RIO - RO (Under enforcement)" status="FAILED">
         <failure type="FAILED" message="(Stack trace: com.kms.katalon.core.exception.StepFailedException: Unable to click on object 'Object Repository/Final Object Repo/Landing Page/Select to English' (Root cause: com.kms.katalon.core.webui.exception.WebElementNotFoundException: Web element with id: 'Object Repository/Final Object Repo/Landing Page/Select to English' located by 'By.xpath: //a[@class = 'taglib-language-list-text' and @lang = 'en-US' and (contains(text(), 'EN') or contains(., 'EN'))]' not found)
	at com.kms.katalon.core.keyword.internal.KeywordMain.stepFailed(KeywordMain.groovy:32)
	at com.kms.katalon.core.webui.keyword.internal.WebUIKeywordMain.stepFailed(WebUIKeywordMain.groovy:65)
	at com.kms.katalon.core.webui.keyword.internal.WebUIKeywordMain.runKeyword(WebUIKeywordMain.groovy:27)
	at com.kms.katalon.core.webui.keyword.builtin.ClickKeyword.click(ClickKeyword.groovy:86)
	at com.kms.katalon.core.webui.keyword.builtin.ClickKeyword.execute(ClickKeyword.groovy:67)
	at com.kms.katalon.core.keyword.internal.KeywordExecutor.executeKeywordForPlatform(KeywordExecutor.groovy:53)
	at com.kms.katalon.core.webui.keyword.WebUiBuiltInKeywords.click(WebUiBuiltInKeywords.groovy:604)
	at com.kms.katalon.core.webui.keyword.WebUiBuiltInKeywords$click$13.call(Unknown Source)
	at Script1534407542420.run(Script1534407542420.groovy:57)
	at com.kms.katalon.core.main.ScriptEngine.run(ScriptEngine.java:183)
	at com.kms.katalon.core.main.ScriptEngine.runScriptAsRawText(ScriptEngine.java:108)
	at com.kms.katalon.core.main.TestCaseExecutor.runScript(TestCaseExecutor.java:294)
	at com.kms.katalon.core.main.TestCaseExecutor.doExecute(TestCaseExecutor.java:285)
	at com.kms.katalon.core.main.TestCaseExecutor.processExecutionPhase(TestCaseExecutor.java:264)
	at com.kms.katalon.core.main.TestCaseExecutor.accessMainPhase(TestCaseExecutor.java:256)
	at com.kms.katalon.core.main.TestCaseExecutor.execute(TestCaseExecutor.java:200)
	at com.kms.katalon.core.main.TestCaseMain.runTestCase(TestCaseMain.java:99)
	at com.kms.katalon.core.keyword.builtin.CallTestCaseKeyword$_callTestCase_closure1.doCall(CallTestCaseKeyword.groovy:60)
	at com.kms.katalon.core.keyword.builtin.CallTestCaseKeyword$_callTestCase_closure1.call(CallTestCaseKeyword.groovy)
	at com.kms.katalon.core.keyword.internal.KeywordMain.runKeyword(KeywordMain.groovy:54)
	at com.kms.katalon.core.keyword.builtin.CallTestCaseKeyword.callTestCase(CallTestCaseKeyword.groovy:81)
	at com.kms.katalon.core.keyword.builtin.CallTestCaseKeyword.execute(CallTestCaseKeyword.groovy:45)
	at com.kms.katalon.core.keyword.internal.KeywordExecutor.executeKeywordForPlatform(KeywordExecutor.groovy:53)
	at com.kms.katalon.core.keyword.BuiltinKeywords.callTestCase(BuiltinKeywords.groovy:334)
	at sun.reflect.NativeMethodAccessorImpl.invoke0(Native Method)
	at sun.reflect.NativeMethodAccessorImpl.invoke(NativeMethodAccessorImpl.java:62)
	at sun.reflect.DelegatingMethodAccessorImpl.invoke(DelegatingMethodAccessorImpl.java:43)
	at java.lang.reflect.Method.invoke(Method.java:498)
	at org.codehaus.groovy.reflection.CachedMethod.invoke(CachedMethod.java:93)
	at groovy.lang.MetaMethod.doMethodInvoke(MetaMethod.java:325)
	at groovy.lang.MetaClassImpl.invokeStaticMethod(MetaClassImpl.java:1469)
	at org.codehaus.groovy.runtime.callsite.StaticMetaClassSite.call(StaticMetaClassSite.java:53)
	at org.codehaus.groovy.runtime.callsite.CallSiteArray.defaultCall(CallSiteArray.java:48)
	at org.codehaus.groovy.runtime.callsite.AbstractCallSite.call(AbstractCallSite.java:113)
	at org.codehaus.groovy.runtime.callsite.AbstractCallSite.call(AbstractCallSite.java:141)
	at Script1537866016330.run(Script1537866016330.groovy:33)
	at com.kms.katalon.core.main.ScriptEngine.run(ScriptEngine.java:183)
	at com.kms.katalon.core.main.ScriptEngine.runScriptAsRawText(ScriptEngine.java:108)
	at com.kms.katalon.core.main.TestCaseExecutor.runScript(TestCaseExecutor.java:294)
	at com.kms.katalon.core.main.TestCaseExecutor.doExecute(TestCaseExecutor.java:285)
	at com.kms.katalon.core.main.TestCaseExecutor.processExecutionPhase(TestCaseExecutor.java:264)
	at com.kms.katalon.core.main.TestCaseExecutor.accessMainPhase(TestCaseExecutor.java:256)
	at com.kms.katalon.core.main.TestCaseExecutor.execute(TestCaseExecutor.java:200)
	at com.kms.katalon.core.main.TestCaseMain.runTestCase(TestCaseMain.java:99)
	at com.kms.katalon.core.keyword.builtin.CallTestCaseKeyword$_callTestCase_closure1.doCall(CallTestCaseKeyword.groovy:60)
	at com.kms.katalon.core.keyword.builtin.CallTestCaseKeyword$_callTestCase_closure1.call(CallTestCaseKeyword.groovy)
	at com.kms.katalon.core.keyword.internal.KeywordMain.runKeyword(KeywordMain.groovy:54)
	at com.kms.katalon.core.keyword.builtin.CallTestCaseKeyword.callTestCase(CallTestCaseKeyword.groovy:81)
	at com.kms.katalon.core.keyword.builtin.CallTestCaseKeyword.execute(CallTestCaseKeyword.groovy:45)
	at com.kms.katalon.core.keyword.internal.KeywordExecutor.executeKeywordForPlatform(KeywordExecutor.groovy:53)
	at com.kms.katalon.core.keyword.BuiltinKeywords.callTestCase(BuiltinKeywords.groovy:334)
	at sun.reflect.NativeMethodAccessorImpl.invoke0(Native Method)
	at sun.reflect.NativeMethodAccessorImpl.invoke(NativeMethodAccessorImpl.java:62)
	at sun.reflect.DelegatingMethodAccessorImpl.invoke(DelegatingMethodAccessorImpl.java:43)
	at java.lang.reflect.Method.invoke(Method.java:498)
	at org.codehaus.groovy.reflection.CachedMethod.invoke(CachedMethod.java:93)
	at groovy.lang.MetaMethod.doMethodInvoke(MetaMethod.java:325)
	at groovy.lang.MetaClassImpl.invokeStaticMethod(MetaClassImpl.java:1469)
	at org.codehaus.groovy.runtime.callsite.StaticMetaClassSite.call(StaticMetaClassSite.java:53)
	at org.codehaus.groovy.runtime.callsite.CallSiteArray.defaultCall(CallSiteArray.java:48)
	at org.codehaus.groovy.runtime.callsite.AbstractCallSite.call(AbstractCallSite.java:113)
	at org.codehaus.groovy.runtime.callsite.AbstractCallSite.call(AbstractCallSite.java:141)
	at Script1536300508609.run(Script1536300508609.groovy:24)
	at com.kms.katalon.core.main.ScriptEngine.run(ScriptEngine.java:183)
	at com.kms.katalon.core.main.ScriptEngine.runScriptAsRawText(ScriptEngine.java:108)
	at com.kms.katalon.core.main.TestCaseExecutor.runScript(TestCaseExecutor.java:294)
	at com.kms.katalon.core.main.TestCaseExecutor.doExecute(TestCaseExecutor.java:285)
	at com.kms.katalon.core.main.TestCaseExecutor.processExecutionPhase(TestCaseExecutor.java:264)
	at com.kms.katalon.core.main.TestCaseExecutor.accessMainPhase(TestCaseExecutor.java:256)
	at com.kms.katalon.core.main.TestCaseExecutor.execute(TestCaseExecutor.java:200)
	at com.kms.katalon.core.main.TestSuiteExecutor.accessTestCaseMainPhase(TestSuiteExecutor.java:129)
	at com.kms.katalon.core.main.TestSuiteExecutor.accessTestSuiteMainPhase(TestSuiteExecutor.java:112)
	at com.kms.katalon.core.main.TestSuiteExecutor.execute(TestSuiteExecutor.java:81)
	at com.kms.katalon.core.main.TestCaseMain.startTestSuite(TestCaseMain.java:142)
	at com.kms.katalon.core.main.TestCaseMain$startTestSuite$0.call(Unknown Source)
	at org.codehaus.groovy.runtime.callsite.CallSiteArray.defaultCall(CallSiteArray.java:48)
	at org.codehaus.groovy.runtime.callsite.AbstractCallSite.call(AbstractCallSite.java:113)
	at org.codehaus.groovy.runtime.callsite.AbstractCallSite.call(AbstractCallSite.java:141)
	at TempTestSuite1542874456978.run(TempTestSuite1542874456978.groovy:36)
	at groovy.lang.GroovyShell.runScriptOrMainOrTestOrRunnable(GroovyShell.java:263)
	at groovy.lang.GroovyShell.run(GroovyShell.java:518)
	at groovy.lang.GroovyShell.run(GroovyShell.java:507)
	at groovy.ui.GroovyMain.processOnce(GroovyMain.java:653)
	at groovy.ui.GroovyMain.run(GroovyMain.java:384)
	at groovy.ui.GroovyMain.process(GroovyMain.java:370)
	at groovy.ui.GroovyMain.processArgs(GroovyMain.java:129)
	at groovy.ui.GroovyMain.main(GroovyMain.java:109)
	at sun.reflect.NativeMethodAccessorImpl.invoke0(Native Method)
	at sun.reflect.NativeMethodAccessorImpl.invoke(NativeMethodAccessorImpl.java:62)
	at sun.reflect.DelegatingMethodAccessorImpl.invoke(DelegatingMethodAccessorImpl.java:43)
	at java.lang.reflect.Method.invoke(Method.java:498)
	at org.codehaus.groovy.tools.GroovyStarter.rootLoader(GroovyStarter.java:109)
	at org.codehaus.groovy.tools.GroovyStarter.main(GroovyStarter.java:131)
)"/>
         <system-out><![CDATA[2018-11-23 01:21:40 - [TEST_CASE][FAILED] - Test Cases/Final Aug 2018 - PKS Automation/Registration Module/Workflow/Request SSN/OTC - RIO - RO (Under enforcement): Test Cases/Final Aug 2018 - PKS Automation/Registration Module/Workflow/Request SSN/OTC - RIO - RO (Under enforcement) FAILED because (of) (Stack trace: com.kms.katalon.core.exception.StepFailedException: Unable to click on object 'Object Repository/Final Object Repo/Landing Page/Select to English' (Root cause: com.kms.katalon.core.webui.exception.WebElementNotFoundException: Web element with id: 'Object Repository/Final Object Repo/Landing Page/Select to English' located by 'By.xpath: //a[@class = 'taglib-language-list-text' and @lang = 'en-US' and (contains(text(), 'EN') or contains(., 'EN'))]' not found)
	at com.kms.katalon.core.keyword.internal.KeywordMain.stepFailed(KeywordMain.groovy:32)
	at com.kms.katalon.core.webui.keyword.internal.WebUIKeywordMain.stepFailed(WebUIKeywordMain.groovy:65)
	at com.kms.katalon.core.webui.keyword.internal.WebUIKeywordMain.runKeyword(WebUIKeywordMain.groovy:27)
	at com.kms.katalon.core.webui.keyword.builtin.ClickKeyword.click(ClickKeyword.groovy:86)
	at com.kms.katalon.core.webui.keyword.builtin.ClickKeyword.execute(ClickKeyword.groovy:67)
	at com.kms.katalon.core.keyword.internal.KeywordExecutor.executeKeywordForPlatform(KeywordExecutor.groovy:53)
	at com.kms.katalon.core.webui.keyword.WebUiBuiltInKeywords.click(WebUiBuiltInKeywords.groovy:604)
	at com.kms.katalon.core.webui.keyword.WebUiBuiltInKeywords$click$13.call(Unknown Source)
	at Script1534407542420.run(Script1534407542420.groovy:57)
	at com.kms.katalon.core.main.ScriptEngine.run(ScriptEngine.java:183)
	at com.kms.katalon.core.main.ScriptEngine.runScriptAsRawText(ScriptEngine.java:108)
	at com.kms.katalon.core.main.TestCaseExecutor.runScript(TestCaseExecutor.java:294)
	at com.kms.katalon.core.main.TestCaseExecutor.doExecute(TestCaseExecutor.java:285)
	at com.kms.katalon.core.main.TestCaseExecutor.processExecutionPhase(TestCaseExecutor.java:264)
	at com.kms.katalon.core.main.TestCaseExecutor.accessMainPhase(TestCaseExecutor.java:256)
	at com.kms.katalon.core.main.TestCaseExecutor.execute(TestCaseExecutor.java:200)
	at com.kms.katalon.core.main.TestCaseMain.runTestCase(TestCaseMain.java:99)
	at com.kms.katalon.core.keyword.builtin.CallTestCaseKeyword$_callTestCase_closure1.doCall(CallTestCaseKeyword.groovy:60)
	at com.kms.katalon.core.keyword.builtin.CallTestCaseKeyword$_callTestCase_closure1.call(CallTestCaseKeyword.groovy)
	at com.kms.katalon.core.keyword.internal.KeywordMain.runKeyword(KeywordMain.groovy:54)
	at com.kms.katalon.core.keyword.builtin.CallTestCaseKeyword.callTestCase(CallTestCaseKeyword.groovy:81)
	at com.kms.katalon.core.keyword.builtin.CallTestCaseKeyword.execute(CallTestCaseKeyword.groovy:45)
	at com.kms.katalon.core.keyword.internal.KeywordExecutor.executeKeywordForPlatform(KeywordExecutor.groovy:53)
	at com.kms.katalon.core.keyword.BuiltinKeywords.callTestCase(BuiltinKeywords.groovy:334)
	at sun.reflect.NativeMethodAccessorImpl.invoke0(Native Method)
	at sun.reflect.NativeMethodAccessorImpl.invoke(NativeMethodAccessorImpl.java:62)
	at sun.reflect.DelegatingMethodAccessorImpl.invoke(DelegatingMethodAccessorImpl.java:43)
	at java.lang.reflect.Method.invoke(Method.java:498)
	at org.codehaus.groovy.reflection.CachedMethod.invoke(CachedMethod.java:93)
	at groovy.lang.MetaMethod.doMethodInvoke(MetaMethod.java:325)
	at groovy.lang.MetaClassImpl.invokeStaticMethod(MetaClassImpl.java:1469)
	at org.codehaus.groovy.runtime.callsite.StaticMetaClassSite.call(StaticMetaClassSite.java:53)
	at org.codehaus.groovy.runtime.callsite.CallSiteArray.defaultCall(CallSiteArray.java:48)
	at org.codehaus.groovy.runtime.callsite.AbstractCallSite.call(AbstractCallSite.java:113)
	at org.codehaus.groovy.runtime.callsite.AbstractCallSite.call(AbstractCallSite.java:141)
	at Script1537866016330.run(Script1537866016330.groovy:33)
	at com.kms.katalon.core.main.ScriptEngine.run(ScriptEngine.java:183)
	at com.kms.katalon.core.main.ScriptEngine.runScriptAsRawText(ScriptEngine.java:108)
	at com.kms.katalon.core.main.TestCaseExecutor.runScript(TestCaseExecutor.java:294)
	at com.kms.katalon.core.main.TestCaseExecutor.doExecute(TestCaseExecutor.java:285)
	at com.kms.katalon.core.main.TestCaseExecutor.processExecutionPhase(TestCaseExecutor.java:264)
	at com.kms.katalon.core.main.TestCaseExecutor.accessMainPhase(TestCaseExecutor.java:256)
	at com.kms.katalon.core.main.TestCaseExecutor.execute(TestCaseExecutor.java:200)
	at com.kms.katalon.core.main.TestCaseMain.runTestCase(TestCaseMain.java:99)
	at com.kms.katalon.core.keyword.builtin.CallTestCaseKeyword$_callTestCase_closure1.doCall(CallTestCaseKeyword.groovy:60)
	at com.kms.katalon.core.keyword.builtin.CallTestCaseKeyword$_callTestCase_closure1.call(CallTestCaseKeyword.groovy)
	at com.kms.katalon.core.keyword.internal.KeywordMain.runKeyword(KeywordMain.groovy:54)
	at com.kms.katalon.core.keyword.builtin.CallTestCaseKeyword.callTestCase(CallTestCaseKeyword.groovy:81)
	at com.kms.katalon.core.keyword.builtin.CallTestCaseKeyword.execute(CallTestCaseKeyword.groovy:45)
	at com.kms.katalon.core.keyword.internal.KeywordExecutor.executeKeywordForPlatform(KeywordExecutor.groovy:53)
	at com.kms.katalon.core.keyword.BuiltinKeywords.callTestCase(BuiltinKeywords.groovy:334)
	at sun.reflect.NativeMethodAccessorImpl.invoke0(Native Method)
	at sun.reflect.NativeMethodAccessorImpl.invoke(NativeMethodAccessorImpl.java:62)
	at sun.reflect.DelegatingMethodAccessorImpl.invoke(DelegatingMethodAccessorImpl.java:43)
	at java.lang.reflect.Method.invoke(Method.java:498)
	at org.codehaus.groovy.reflection.CachedMethod.invoke(CachedMethod.java:93)
	at groovy.lang.MetaMethod.doMethodInvoke(MetaMethod.java:325)
	at groovy.lang.MetaClassImpl.invokeStaticMethod(MetaClassImpl.java:1469)
	at org.codehaus.groovy.runtime.callsite.StaticMetaClassSite.call(StaticMetaClassSite.java:53)
	at org.codehaus.groovy.runtime.callsite.CallSiteArray.defaultCall(CallSiteArray.java:48)
	at org.codehaus.groovy.runtime.callsite.AbstractCallSite.call(AbstractCallSite.java:113)
	at org.codehaus.groovy.runtime.callsite.AbstractCallSite.call(AbstractCallSite.java:141)
	at Script1536300508609.run(Script1536300508609.groovy:24)
	at com.kms.katalon.core.main.ScriptEngine.run(ScriptEngine.java:183)
	at com.kms.katalon.core.main.ScriptEngine.runScriptAsRawText(ScriptEngine.java:108)
	at com.kms.katalon.core.main.TestCaseExecutor.runScript(TestCaseExecutor.java:294)
	at com.kms.katalon.core.main.TestCaseExecutor.doExecute(TestCaseExecutor.java:285)
	at com.kms.katalon.core.main.TestCaseExecutor.processExecutionPhase(TestCaseExecutor.java:264)
	at com.kms.katalon.core.main.TestCaseExecutor.accessMainPhase(TestCaseExecutor.java:256)
	at com.kms.katalon.core.main.TestCaseExecutor.execute(TestCaseExecutor.java:200)
	at com.kms.katalon.core.main.TestSuiteExecutor.accessTestCaseMainPhase(TestSuiteExecutor.java:129)
	at com.kms.katalon.core.main.TestSuiteExecutor.accessTestSuiteMainPhase(TestSuiteExecutor.java:112)
	at com.kms.katalon.core.main.TestSuiteExecutor.execute(TestSuiteExecutor.java:81)
	at com.kms.katalon.core.main.TestCaseMain.startTestSuite(TestCaseMain.java:142)
	at com.kms.katalon.core.main.TestCaseMain$startTestSuite$0.call(Unknown Source)
	at org.codehaus.groovy.runtime.callsite.CallSiteArray.defaultCall(CallSiteArray.java:48)
	at org.codehaus.groovy.runtime.callsite.AbstractCallSite.call(AbstractCallSite.java:113)
	at org.codehaus.groovy.runtime.callsite.AbstractCallSite.call(AbstractCallSite.java:141)
	at TempTestSuite1542874456978.run(TempTestSuite1542874456978.groovy:36)
	at groovy.lang.GroovyShell.runScriptOrMainOrTestOrRunnable(GroovyShell.java:263)
	at groovy.lang.GroovyShell.run(GroovyShell.java:518)
	at groovy.lang.GroovyShell.run(GroovyShell.java:507)
	at groovy.ui.GroovyMain.processOnce(GroovyMain.java:653)
	at groovy.ui.GroovyMain.run(GroovyMain.java:384)
	at groovy.ui.GroovyMain.process(GroovyMain.java:370)
	at groovy.ui.GroovyMain.processArgs(GroovyMain.java:129)
	at groovy.ui.GroovyMain.main(GroovyMain.java:109)
	at sun.reflect.NativeMethodAccessorImpl.invoke0(Native Method)
	at sun.reflect.NativeMethodAccessorImpl.invoke(NativeMethodAccessorImpl.java:62)
	at sun.reflect.DelegatingMethodAccessorImpl.invoke(DelegatingMethodAccessorImpl.java:43)
	at java.lang.reflect.Method.invoke(Method.java:498)
	at org.codehaus.groovy.tools.GroovyStarter.rootLoader(GroovyStarter.java:109)
	at org.codehaus.groovy.tools.GroovyStarter.main(GroovyStarter.java:131)
)

2018-11-23 01:21:40 - [TEST_STEP][PASSED] - callTestCase: Call Test Case 'Test Cases/Final Aug 2018 - PKS Automation/Registration Module/Workflow/Request SSN/Template/Request SSN - OTC' successfully

2018-11-23 01:21:40 - [TEST_CASE][PASSED] - Test Cases/Final Aug 2018 - PKS Automation/Registration Module/Workflow/Request SSN/Template/Request SSN - OTC: Test Cases/Final Aug 2018 - PKS Automation/Registration Module/Workflow/Request SSN/Template/Request SSN - OTC

2018-11-23 01:21:41 - [TEST_STEP][PASSED] - openBrowser: Browser is opened with url: ''

2018-11-23 01:21:41 - [MESSAGE][WARNING] - A browser is already opened. Closing browser and opening a new one

2018-11-23 01:21:44 - [MESSAGE][PASSED] - Browser is opened with url: ''

2018-11-23 01:21:44 - [TEST_STEP][PASSED] - navigateToUrl: Navigate to 'https://assist2-uat.perkeso.gov.my/login' successfully

2018-11-23 01:21:46 - [MESSAGE][PASSED] - Navigate to 'https://assist2-uat.perkeso.gov.my/login' successfully

2018-11-23 01:21:46 - [TEST_STEP][PASSED] - setText: Text 'johorotc1@gmail.com' is set on object 'Object Repository/Final Object Repo/Login Page/Internal User/Email Address'

2018-11-23 01:21:46 - [MESSAGE][PASSED] - Text 'johorotc1@gmail.com' is set on object 'Object Repository/Final Object Repo/Login Page/Internal User/Email Address'

2018-11-23 01:21:46 - [TEST_STEP][PASSED] - click: Object: 'Object Repository/Final Object Repo/Login Page/Internal User/Next Button' is clicked on

2018-11-23 01:21:46 - [MESSAGE][PASSED] - Object: 'Object Repository/Final Object Repo/Login Page/Internal User/Next Button' is clicked on

2018-11-23 01:21:46 - [TEST_STEP][PASSED] - delay: Delayed 1 second(s)

2018-11-23 01:21:47 - [MESSAGE][PASSED] - Delayed 1 second(s)

2018-11-23 01:21:47 - [TEST_STEP][PASSED] - setEncryptedText: Text ****** has been set on object 'Object Repository/Final Object Repo/Login Page/Internal User/Password'

2018-11-23 01:21:47 - [MESSAGE][PASSED] - Text ****** has been set on object 'Object Repository/Final Object Repo/Login Page/Internal User/Password'

2018-11-23 01:21:47 - [TEST_STEP][PASSED] - click: Object: 'Object Repository/Final Object Repo/Login Page/Internal User/Login Button' is clicked on

2018-11-23 01:21:47 - [MESSAGE][PASSED] - Object: 'Object Repository/Final Object Repo/Login Page/Internal User/Login Button' is clicked on

2018-11-23 01:21:47 - [TEST_STEP][PASSED] - delay: Delayed 1 second(s)

2018-11-23 01:21:48 - [MESSAGE][PASSED] - Delayed 1 second(s)

2018-11-23 01:21:48 - [TEST_STEP][PASSED] - navigateToUrl: Navigate to 'https://assist2-uat.perkeso.gov.my/web/registration/request-ssn' successfully

2018-11-23 01:21:53 - [MESSAGE][PASSED] - Navigate to 'https://assist2-uat.perkeso.gov.my/web/registration/request-ssn' successfully

2018-11-23 01:21:53 - [TEST_STEP][PASSED] - setText: Text 'perkeso' is set on object 'Object Repository/Final Object Repo/Page_Request SSN - ASSIST/AI - Name'

2018-11-23 01:21:54 - [MESSAGE][PASSED] - Text 'perkeso' is set on object 'Object Repository/Final Object Repo/Page_Request SSN - ASSIST/AI - Name'

2018-11-23 01:21:54 - [TEST_STEP][PASSED] - click: Object: 'Object Repository/Final Object Repo/Page_Request SSN - ASSIST/AI - DOB' is clicked on

2018-11-23 01:21:54 - [MESSAGE][PASSED] - Object: 'Object Repository/Final Object Repo/Page_Request SSN - ASSIST/AI - DOB' is clicked on

2018-11-23 01:21:54 - [TEST_STEP][PASSED] - selectOptionByValue: All options with value '1995' are selected in object 'Object Repository/Final Object Repo/Page_Request SSN - ASSIST/AI - DOB - Year' 

2018-11-23 01:21:54 - [MESSAGE][PASSED] - All options with value '1995' are selected in object 'Object Repository/Final Object Repo/Page_Request SSN - ASSIST/AI - DOB - Year' 

2018-11-23 01:21:55 - [TEST_STEP][PASSED] - delay: Delayed 3 second(s)

2018-11-23 01:21:58 - [MESSAGE][PASSED] - Delayed 3 second(s)

2018-11-23 01:21:58 - [TEST_STEP][PASSED] - doubleClick: Object: 'Object Repository/Final Object Repo/Page_Request SSN - ASSIST/AI - DOB - Year - Date' is double clicked on

2018-11-23 01:21:58 - [MESSAGE][PASSED] - Object: 'Object Repository/Final Object Repo/Page_Request SSN - ASSIST/AI - DOB - Year - Date' is double clicked on

2018-11-23 01:21:58 - [TEST_STEP][PASSED] - click: Object: 'Object Repository/Final Object Repo/Page_Request SSN - ASSIST/AI - Male' is clicked on

2018-11-23 01:21:58 - [MESSAGE][PASSED] - Object: 'Object Repository/Final Object Repo/Page_Request SSN - ASSIST/AI - Male' is clicked on

2018-11-23 01:21:58 - [TEST_STEP][PASSED] - click: Object: 'Object Repository/Final Object Repo/Page_Request SSN - ASSIST/AI- Race' is clicked on

2018-11-23 01:21:58 - [MESSAGE][PASSED] - Object: 'Object Repository/Final Object Repo/Page_Request SSN - ASSIST/AI- Race' is clicked on

2018-11-23 01:21:58 - [TEST_STEP][PASSED] - click: Object: 'Object Repository/Final Object Repo/Page_Request SSN - ASSIST/AI - Race - Melayu' is clicked on

2018-11-23 01:21:58 - [MESSAGE][PASSED] - Object: 'Object Repository/Final Object Repo/Page_Request SSN - ASSIST/AI - Race - Melayu' is clicked on

2018-11-23 01:21:58 - [TEST_STEP][PASSED] - click: Object: 'Object Repository/Final Object Repo/Page_Request SSN - ASSIST/AI - Religion' is clicked on

2018-11-23 01:21:58 - [MESSAGE][PASSED] - Object: 'Object Repository/Final Object Repo/Page_Request SSN - ASSIST/AI - Religion' is clicked on

2018-11-23 01:21:58 - [TEST_STEP][PASSED] - click: Object: 'Object Repository/Final Object Repo/Page_Request SSN - ASSIST/AI - Religion - Islam' is clicked on

2018-11-23 01:21:59 - [MESSAGE][PASSED] - Object: 'Object Repository/Final Object Repo/Page_Request SSN - ASSIST/AI - Religion - Islam' is clicked on

2018-11-23 01:21:59 - [TEST_STEP][PASSED] - setText: Text '12345' is set on object 'Object Repository/Final Object Repo/Page_Request SSN - ASSIST/AI - Birth Certificate'

2018-11-23 01:21:59 - [MESSAGE][PASSED] - Text '12345' is set on object 'Object Repository/Final Object Repo/Page_Request SSN - ASSIST/AI - Birth Certificate'

2018-11-23 01:21:59 - [TEST_STEP][PASSED] - click: Object: 'Object Repository/Final Object Repo/Page_Request SSN - ASSIST/AI - Nationality' is clicked on

2018-11-23 01:21:59 - [MESSAGE][PASSED] - Object: 'Object Repository/Final Object Repo/Page_Request SSN - ASSIST/AI - Nationality' is clicked on

2018-11-23 01:21:59 - [TEST_STEP][PASSED] - click: Object: 'Object Repository/Final Object Repo/Page_Request SSN - ASSIST/AI - Nationality - Afghanistan' is clicked on

2018-11-23 01:22:00 - [MESSAGE][PASSED] - Object: 'Object Repository/Final Object Repo/Page_Request SSN - ASSIST/AI - Nationality - Afghanistan' is clicked on

2018-11-23 01:22:00 - [TEST_STEP][PASSED] - setText: Text 'PERKESO ADDRESS1' is set on object 'Object Repository/Final Object Repo/Page_Request SSN - ASSIST/AI - Address1'

2018-11-23 01:22:01 - [MESSAGE][PASSED] - Text 'PERKESO ADDRESS1' is set on object 'Object Repository/Final Object Repo/Page_Request SSN - ASSIST/AI - Address1'

2018-11-23 01:22:01 - [TEST_STEP][PASSED] - setText: Text 'PERKESO ADDRESS2' is set on object 'Object Repository/Final Object Repo/Page_Request SSN - ASSIST/AI - Address2'

2018-11-23 01:22:02 - [MESSAGE][PASSED] - Text 'PERKESO ADDRESS2' is set on object 'Object Repository/Final Object Repo/Page_Request SSN - ASSIST/AI - Address2'

2018-11-23 01:22:02 - [TEST_STEP][PASSED] - setText: Text 'PERKESO ADDRESS3' is set on object 'Object Repository/Final Object Repo/Page_Request SSN - ASSIST/AI - Address3'

2018-11-23 01:22:03 - [MESSAGE][PASSED] - Text 'PERKESO ADDRESS3' is set on object 'Object Repository/Final Object Repo/Page_Request SSN - ASSIST/AI - Address3'

2018-11-23 01:22:03 - [TEST_STEP][PASSED] - click: Object: 'Object Repository/Final Object Repo/Page_Request SSN - ASSIST/AI - State' is clicked on

2018-11-23 01:22:03 - [MESSAGE][PASSED] - Object: 'Object Repository/Final Object Repo/Page_Request SSN - ASSIST/AI - State' is clicked on

2018-11-23 01:22:03 - [TEST_STEP][PASSED] - click: Object: 'Object Repository/Final Object Repo/Page_Request SSN - ASSIST/AI - Current Employer State - Johor' is clicked on

2018-11-23 01:22:04 - [MESSAGE][PASSED] - Object: 'Object Repository/Final Object Repo/Page_Request SSN - ASSIST/AI - Current Employer State - Johor' is clicked on

2018-11-23 01:22:04 - [TEST_STEP][PASSED] - click: Object: 'Object Repository/Final Object Repo/Page_Request SSN - ASSIST/AI - City' is clicked on

2018-11-23 01:22:04 - [MESSAGE][PASSED] - Object: 'Object Repository/Final Object Repo/Page_Request SSN - ASSIST/AI - City' is clicked on

2018-11-23 01:22:04 - [TEST_STEP][PASSED] - setText: Text 'JOH' is set on object 'Object Repository/Final Object Repo/Page_Request SSN - ASSIST/AI - City - JOH'

2018-11-23 01:22:04 - [MESSAGE][PASSED] - Text 'JOH' is set on object 'Object Repository/Final Object Repo/Page_Request SSN - ASSIST/AI - City - JOH'

2018-11-23 01:22:04 - [TEST_STEP][PASSED] - delay: Delayed 3 second(s)

2018-11-23 01:22:07 - [MESSAGE][PASSED] - Delayed 3 second(s)

2018-11-23 01:22:07 - [TEST_STEP][PASSED] - click: Object: 'Object Repository/Final Object Repo/Page_Request SSN - ASSIST/AI - City - Johor Bharu' is clicked on

2018-11-23 01:22:08 - [MESSAGE][PASSED] - Object: 'Object Repository/Final Object Repo/Page_Request SSN - ASSIST/AI - City - Johor Bharu' is clicked on

2018-11-23 01:22:08 - [TEST_STEP][PASSED] - click: Object: 'Object Repository/Final Object Repo/Page_Request SSN - ASSIST/AI - Post Code' is clicked on

2018-11-23 01:22:08 - [MESSAGE][PASSED] - Object: 'Object Repository/Final Object Repo/Page_Request SSN - ASSIST/AI - Post Code' is clicked on

2018-11-23 01:22:08 - [TEST_STEP][PASSED] - setText: Text '810' is set on object 'Object Repository/Final Object Repo/Page_Request SSN - ASSIST/AI - City - JOH'

2018-11-23 01:22:08 - [MESSAGE][PASSED] - Text '810' is set on object 'Object Repository/Final Object Repo/Page_Request SSN - ASSIST/AI - City - JOH'

2018-11-23 01:22:08 - [TEST_STEP][PASSED] - delay: Delayed 3 second(s)

2018-11-23 01:22:11 - [MESSAGE][PASSED] - Delayed 3 second(s)

2018-11-23 01:22:11 - [TEST_STEP][PASSED] - click: Object: 'Object Repository/Final Object Repo/Page_Request SSN - ASSIST/AI - PostCode - 81000' is clicked on

2018-11-23 01:22:12 - [MESSAGE][PASSED] - Object: 'Object Repository/Final Object Repo/Page_Request SSN - ASSIST/AI - PostCode - 81000' is clicked on

2018-11-23 01:22:12 - [TEST_STEP][PASSED] - setText: Text '100' is set on object 'Object Repository/Final Object Repo/Page_Request SSN - ASSIST/P.O.BOX'

2018-11-23 01:22:12 - [MESSAGE][PASSED] - Text '100' is set on object 'Object Repository/Final Object Repo/Page_Request SSN - ASSIST/P.O.BOX'

2018-11-23 01:22:12 - [TEST_STEP][PASSED] - setText: Text '100' is set on object 'Object Repository/Final Object Repo/Page_Request SSN - ASSIST/Locked Bag No'

2018-11-23 01:22:13 - [MESSAGE][PASSED] - Text '100' is set on object 'Object Repository/Final Object Repo/Page_Request SSN - ASSIST/Locked Bag No'

2018-11-23 01:22:13 - [TEST_STEP][PASSED] - delay: Delayed 2 second(s)

2018-11-23 01:22:15 - [MESSAGE][PASSED] - Delayed 2 second(s)

2018-11-23 01:22:15 - [TEST_STEP][PASSED] - setText: Text '123456789' is set on object 'Object Repository/Final Object Repo/Page_Request SSN - ASSIST/AI - Telephone No'

2018-11-23 01:22:16 - [MESSAGE][PASSED] - Text '123456789' is set on object 'Object Repository/Final Object Repo/Page_Request SSN - ASSIST/AI - Telephone No'

2018-11-23 01:22:16 - [TEST_STEP][PASSED] - click: Object: 'Object Repository/Final Object Repo/Page_Request SSN - ASSIST/AI - Occupation' is clicked on

2018-11-23 01:22:16 - [MESSAGE][PASSED] - Object: 'Object Repository/Final Object Repo/Page_Request SSN - ASSIST/AI - Occupation' is clicked on

2018-11-23 01:22:16 - [TEST_STEP][PASSED] - click: Object: 'Object Repository/Final Object Repo/Page_Request SSN - ASSIST/AI - Occupation - NUMERICAL AND MATERIAL R' is clicked on

2018-11-23 01:22:16 - [MESSAGE][PASSED] - Object: 'Object Repository/Final Object Repo/Page_Request SSN - ASSIST/AI - Occupation - NUMERICAL AND MATERIAL R' is clicked on

2018-11-23 01:22:16 - [TEST_STEP][PASSED] - delay: Delayed 2 second(s)

2018-11-23 01:22:18 - [MESSAGE][PASSED] - Delayed 2 second(s)

2018-11-23 01:22:18 - [TEST_STEP][PASSED] - click: Object: 'Object Repository/Final Object Repo/Page_Request SSN - ASSIST/AI - Sub Occupation' is clicked on

2018-11-23 01:22:18 - [MESSAGE][PASSED] - Object: 'Object Repository/Final Object Repo/Page_Request SSN - ASSIST/AI - Sub Occupation' is clicked on

2018-11-23 01:22:18 - [TEST_STEP][PASSED] - click: Object: 'Object Repository/Final Object Repo/Page_Request SSN - ASSIST/AI - Sub Occupation - Stock Clerks' is clicked on

2018-11-23 01:22:18 - [MESSAGE][PASSED] - Object: 'Object Repository/Final Object Repo/Page_Request SSN - ASSIST/AI - Sub Occupation - Stock Clerks' is clicked on

2018-11-23 01:22:18 - [TEST_STEP][PASSED] - delay: Delayed 2 second(s)

2018-11-23 01:22:20 - [MESSAGE][PASSED] - Delayed 2 second(s)

2018-11-23 01:22:20 - [TEST_STEP][PASSED] - click: Object: 'Object Repository/Final Object Repo/Page_Request SSN - ASSIST/AI - Sub Occupation List' is clicked on

2018-11-23 01:22:21 - [MESSAGE][PASSED] - Object: 'Object Repository/Final Object Repo/Page_Request SSN - ASSIST/AI - Sub Occupation List' is clicked on

2018-11-23 01:22:21 - [TEST_STEP][PASSED] - click: Object: 'Object Repository/Final Object Repo/Page_Request SSN - ASSIST/AI - Sub Occupation List - Clerk raw material' is clicked on

2018-11-23 01:22:21 - [MESSAGE][PASSED] - Object: 'Object Repository/Final Object Repo/Page_Request SSN - ASSIST/AI - Sub Occupation List - Clerk raw material' is clicked on

2018-11-23 01:22:21 - [TEST_STEP][PASSED] - click: Object: 'Object Repository/Final Object Repo/Page_Request SSN - ASSIST/AI - Employment Start Date' is clicked on

2018-11-23 01:22:21 - [MESSAGE][PASSED] - Object: 'Object Repository/Final Object Repo/Page_Request SSN - ASSIST/AI - Employment Start Date' is clicked on

2018-11-23 01:22:21 - [TEST_STEP][PASSED] - click: Object: 'Object Repository/Final Object Repo/Page_Request SSN - ASSIST/AI - DOB - Year - Date' is clicked on

2018-11-23 01:22:21 - [MESSAGE][PASSED] - Object: 'Object Repository/Final Object Repo/Page_Request SSN - ASSIST/AI - DOB - Year - Date' is clicked on

2018-11-23 01:22:21 - [TEST_STEP][PASSED] - setText: Text 'perkeso' is set on object 'Object Repository/Final Object Repo/Page_Request SSN - ASSIST/AI - Current Employer Name'

2018-11-23 01:22:22 - [MESSAGE][PASSED] - Text 'perkeso' is set on object 'Object Repository/Final Object Repo/Page_Request SSN - ASSIST/AI - Current Employer Name'

2018-11-23 01:22:22 - [TEST_STEP][PASSED] - setText: Text 'perkeso1' is set on object 'Object Repository/Final Object Repo/Page_Request SSN - ASSIST/AI - Current Employer Address1'

2018-11-23 01:22:23 - [MESSAGE][PASSED] - Text 'perkeso1' is set on object 'Object Repository/Final Object Repo/Page_Request SSN - ASSIST/AI - Current Employer Address1'

2018-11-23 01:22:23 - [TEST_STEP][PASSED] - setText: Text 'perkeso2' is set on object 'Object Repository/Final Object Repo/Page_Request SSN - ASSIST/AI - Current Employer Address2'

2018-11-23 01:22:23 - [MESSAGE][PASSED] - Text 'perkeso2' is set on object 'Object Repository/Final Object Repo/Page_Request SSN - ASSIST/AI - Current Employer Address2'

2018-11-23 01:22:23 - [TEST_STEP][PASSED] - setText: Text 'perkeso3' is set on object 'Object Repository/Final Object Repo/Page_Request SSN - ASSIST/AI - Current Employer Address3'

2018-11-23 01:22:24 - [MESSAGE][PASSED] - Text 'perkeso3' is set on object 'Object Repository/Final Object Repo/Page_Request SSN - ASSIST/AI - Current Employer Address3'

2018-11-23 01:22:24 - [TEST_STEP][PASSED] - click: Object: 'Object Repository/Final Object Repo/Page_Request SSN - ASSIST/AI - Current Employer State' is clicked on

2018-11-23 01:22:24 - [MESSAGE][PASSED] - Object: 'Object Repository/Final Object Repo/Page_Request SSN - ASSIST/AI - Current Employer State' is clicked on

2018-11-23 01:22:24 - [TEST_STEP][PASSED] - click: Object: 'Object Repository/Final Object Repo/Page_Request SSN - ASSIST/AI - Current Employer State - Johor 1' is clicked on

2018-11-23 01:22:25 - [MESSAGE][PASSED] - Object: 'Object Repository/Final Object Repo/Page_Request SSN - ASSIST/AI - Current Employer State - Johor 1' is clicked on

2018-11-23 01:22:25 - [TEST_STEP][PASSED] - click: Object: 'Object Repository/Final Object Repo/Page_Request SSN - ASSIST/AI - Current Employer City' is clicked on

2018-11-23 01:22:25 - [MESSAGE][PASSED] - Object: 'Object Repository/Final Object Repo/Page_Request SSN - ASSIST/AI - Current Employer City' is clicked on

2018-11-23 01:22:25 - [TEST_STEP][PASSED] - setText: Text 'joh' is set on object 'Object Repository/Final Object Repo/Page_Request SSN - ASSIST/AI - City - JOH'

2018-11-23 01:22:25 - [MESSAGE][PASSED] - Text 'joh' is set on object 'Object Repository/Final Object Repo/Page_Request SSN - ASSIST/AI - City - JOH'

2018-11-23 01:22:25 - [TEST_STEP][PASSED] - delay: Delayed 2 second(s)

2018-11-23 01:22:27 - [MESSAGE][PASSED] - Delayed 2 second(s)

2018-11-23 01:22:27 - [TEST_STEP][PASSED] - click: Object: 'Object Repository/Final Object Repo/Page_Request SSN - ASSIST/AI - City - Johor Bharu' is clicked on

2018-11-23 01:22:28 - [MESSAGE][PASSED] - Object: 'Object Repository/Final Object Repo/Page_Request SSN - ASSIST/AI - City - Johor Bharu' is clicked on

2018-11-23 01:22:28 - [TEST_STEP][PASSED] - click: Object: 'Object Repository/Final Object Repo/Page_Request SSN - ASSIST/AI - Current Employer Postcode' is clicked on

2018-11-23 01:22:28 - [MESSAGE][PASSED] - Object: 'Object Repository/Final Object Repo/Page_Request SSN - ASSIST/AI - Current Employer Postcode' is clicked on

2018-11-23 01:22:28 - [TEST_STEP][PASSED] - setText: Text '810' is set on object 'Object Repository/Final Object Repo/Page_Request SSN - ASSIST/AI - City - JOH'

2018-11-23 01:22:28 - [MESSAGE][PASSED] - Text '810' is set on object 'Object Repository/Final Object Repo/Page_Request SSN - ASSIST/AI - City - JOH'

2018-11-23 01:22:28 - [TEST_STEP][PASSED] - delay: Delayed 2 second(s)

2018-11-23 01:22:30 - [MESSAGE][PASSED] - Delayed 2 second(s)

2018-11-23 01:22:30 - [TEST_STEP][PASSED] - click: Object: 'Object Repository/Final Object Repo/Page_Request SSN - ASSIST/AI - PostCode - 81000' is clicked on

2018-11-23 01:22:31 - [MESSAGE][PASSED] - Object: 'Object Repository/Final Object Repo/Page_Request SSN - ASSIST/AI - PostCode - 81000' is clicked on

2018-11-23 01:22:31 - [TEST_STEP][NOT_RUN] - setText: NOT_RUN: setText

2018-11-23 01:22:31 - [MESSAGE][NOT_RUN] - NOT_RUN: setText

2018-11-23 01:22:31 - [TEST_STEP][NOT_RUN] - setText: NOT_RUN: setText

2018-11-23 01:22:31 - [MESSAGE][NOT_RUN] - NOT_RUN: setText

2018-11-23 01:22:31 - [TEST_STEP][NOT_RUN] - click: NOT_RUN: click

2018-11-23 01:22:31 - [MESSAGE][NOT_RUN] - NOT_RUN: click

2018-11-23 01:22:31 - [TEST_STEP][NOT_RUN] - click: NOT_RUN: click

2018-11-23 01:22:31 - [MESSAGE][NOT_RUN] - NOT_RUN: click

2018-11-23 01:22:31 - [TEST_STEP][NOT_RUN] - setText: NOT_RUN: setText

2018-11-23 01:22:31 - [MESSAGE][NOT_RUN] - NOT_RUN: setText

2018-11-23 01:22:31 - [TEST_STEP][NOT_RUN] - click: NOT_RUN: click

2018-11-23 01:22:31 - [MESSAGE][NOT_RUN] - NOT_RUN: click

2018-11-23 01:22:31 - [TEST_STEP][NOT_RUN] - click: NOT_RUN: click

2018-11-23 01:22:31 - [MESSAGE][NOT_RUN] - NOT_RUN: click

2018-11-23 01:22:31 - [TEST_STEP][NOT_RUN] - click: NOT_RUN: click

2018-11-23 01:22:31 - [MESSAGE][NOT_RUN] - NOT_RUN: click

2018-11-23 01:22:31 - [TEST_STEP][NOT_RUN] - click: NOT_RUN: click

2018-11-23 01:22:31 - [MESSAGE][NOT_RUN] - NOT_RUN: click

2018-11-23 01:22:31 - [TEST_STEP][NOT_RUN] - click: NOT_RUN: click

2018-11-23 01:22:31 - [MESSAGE][NOT_RUN] - NOT_RUN: click

2018-11-23 01:22:31 - [TEST_STEP][NOT_RUN] - click: NOT_RUN: click

2018-11-23 01:22:31 - [MESSAGE][NOT_RUN] - NOT_RUN: click

2018-11-23 01:22:31 - [TEST_STEP][NOT_RUN] - setText: NOT_RUN: setText

2018-11-23 01:22:31 - [MESSAGE][NOT_RUN] - NOT_RUN: setText

2018-11-23 01:22:31 - [TEST_STEP][NOT_RUN] - setText: NOT_RUN: setText

2018-11-23 01:22:31 - [MESSAGE][NOT_RUN] - NOT_RUN: setText

2018-11-23 01:22:31 - [TEST_STEP][NOT_RUN] - setText: NOT_RUN: setText

2018-11-23 01:22:31 - [MESSAGE][NOT_RUN] - NOT_RUN: setText

2018-11-23 01:22:31 - [TEST_STEP][NOT_RUN] - click: NOT_RUN: click

2018-11-23 01:22:31 - [MESSAGE][NOT_RUN] - NOT_RUN: click

2018-11-23 01:22:31 - [TEST_STEP][NOT_RUN] - click: NOT_RUN: click

2018-11-23 01:22:31 - [MESSAGE][NOT_RUN] - NOT_RUN: click

2018-11-23 01:22:31 - [TEST_STEP][NOT_RUN] - click: NOT_RUN: click

2018-11-23 01:22:31 - [MESSAGE][NOT_RUN] - NOT_RUN: click

2018-11-23 01:22:31 - [TEST_STEP][NOT_RUN] - setText: NOT_RUN: setText

2018-11-23 01:22:31 - [MESSAGE][NOT_RUN] - NOT_RUN: setText

2018-11-23 01:22:31 - [TEST_STEP][NOT_RUN] - delay: NOT_RUN: delay

2018-11-23 01:22:31 - [MESSAGE][NOT_RUN] - NOT_RUN: delay

2018-11-23 01:22:31 - [TEST_STEP][NOT_RUN] - click: NOT_RUN: click

2018-11-23 01:22:31 - [MESSAGE][NOT_RUN] - NOT_RUN: click

2018-11-23 01:22:31 - [TEST_STEP][NOT_RUN] - click: NOT_RUN: click

2018-11-23 01:22:31 - [MESSAGE][NOT_RUN] - NOT_RUN: click

2018-11-23 01:22:31 - [TEST_STEP][NOT_RUN] - click: NOT_RUN: click

2018-11-23 01:22:31 - [MESSAGE][NOT_RUN] - NOT_RUN: click

2018-11-23 01:22:31 - [TEST_STEP][NOT_RUN] - setText: NOT_RUN: setText

2018-11-23 01:22:31 - [MESSAGE][NOT_RUN] - NOT_RUN: setText

2018-11-23 01:22:31 - [TEST_STEP][NOT_RUN] - delay: NOT_RUN: delay

2018-11-23 01:22:31 - [MESSAGE][NOT_RUN] - NOT_RUN: delay

2018-11-23 01:22:31 - [TEST_STEP][NOT_RUN] - click: NOT_RUN: click

2018-11-23 01:22:31 - [MESSAGE][NOT_RUN] - NOT_RUN: click

2018-11-23 01:22:31 - [TEST_STEP][NOT_RUN] - delay: NOT_RUN: delay

2018-11-23 01:22:31 - [MESSAGE][NOT_RUN] - NOT_RUN: delay

2018-11-23 01:22:31 - [TEST_STEP][NOT_RUN] - setText: NOT_RUN: setText

2018-11-23 01:22:31 - [MESSAGE][NOT_RUN] - NOT_RUN: setText

2018-11-23 01:22:31 - [TEST_STEP][NOT_RUN] - setText: NOT_RUN: setText

2018-11-23 01:22:31 - [MESSAGE][NOT_RUN] - NOT_RUN: setText

2018-11-23 01:22:31 - [TEST_STEP][NOT_RUN] - setText: NOT_RUN: setText

2018-11-23 01:22:31 - [MESSAGE][NOT_RUN] - NOT_RUN: setText

2018-11-23 01:22:31 - [TEST_STEP][NOT_RUN] - click: NOT_RUN: click

2018-11-23 01:22:31 - [MESSAGE][NOT_RUN] - NOT_RUN: click

2018-11-23 01:22:31 - [TEST_STEP][NOT_RUN] - click: NOT_RUN: click

2018-11-23 01:22:31 - [MESSAGE][NOT_RUN] - NOT_RUN: click

2018-11-23 01:22:31 - [TEST_STEP][NOT_RUN] - setText: NOT_RUN: setText

2018-11-23 01:22:31 - [MESSAGE][NOT_RUN] - NOT_RUN: setText

2018-11-23 01:22:31 - [TEST_STEP][NOT_RUN] - click: NOT_RUN: click

2018-11-23 01:22:31 - [MESSAGE][NOT_RUN] - NOT_RUN: click

2018-11-23 01:22:31 - [TEST_STEP][NOT_RUN] - click: NOT_RUN: click

2018-11-23 01:22:31 - [MESSAGE][NOT_RUN] - NOT_RUN: click

2018-11-23 01:22:31 - [TEST_STEP][NOT_RUN] - click: NOT_RUN: click

2018-11-23 01:22:31 - [MESSAGE][NOT_RUN] - NOT_RUN: click

2018-11-23 01:22:31 - [TEST_STEP][NOT_RUN] - click: NOT_RUN: click

2018-11-23 01:22:31 - [MESSAGE][NOT_RUN] - NOT_RUN: click

2018-11-23 01:22:31 - [TEST_STEP][NOT_RUN] - click: NOT_RUN: click

2018-11-23 01:22:31 - [MESSAGE][NOT_RUN] - NOT_RUN: click

2018-11-23 01:22:31 - [TEST_STEP][NOT_RUN] - click: NOT_RUN: click

2018-11-23 01:22:31 - [MESSAGE][NOT_RUN] - NOT_RUN: click

2018-11-23 01:22:31 - [TEST_STEP][NOT_RUN] - setText: NOT_RUN: setText

2018-11-23 01:22:31 - [MESSAGE][NOT_RUN] - NOT_RUN: setText

2018-11-23 01:22:31 - [TEST_STEP][NOT_RUN] - setText: NOT_RUN: setText

2018-11-23 01:22:31 - [MESSAGE][NOT_RUN] - NOT_RUN: setText

2018-11-23 01:22:31 - [TEST_STEP][NOT_RUN] - setText: NOT_RUN: setText

2018-11-23 01:22:31 - [MESSAGE][NOT_RUN] - NOT_RUN: setText

2018-11-23 01:22:31 - [TEST_STEP][NOT_RUN] - click: NOT_RUN: click

2018-11-23 01:22:31 - [MESSAGE][NOT_RUN] - NOT_RUN: click

2018-11-23 01:22:31 - [TEST_STEP][NOT_RUN] - click: NOT_RUN: click

2018-11-23 01:22:31 - [MESSAGE][NOT_RUN] - NOT_RUN: click

2018-11-23 01:22:31 - [TEST_STEP][NOT_RUN] - click: NOT_RUN: click

2018-11-23 01:22:31 - [MESSAGE][NOT_RUN] - NOT_RUN: click

2018-11-23 01:22:31 - [TEST_STEP][NOT_RUN] - delay: NOT_RUN: delay

2018-11-23 01:22:31 - [MESSAGE][NOT_RUN] - NOT_RUN: delay

2018-11-23 01:22:31 - [TEST_STEP][NOT_RUN] - setText: NOT_RUN: setText

2018-11-23 01:22:31 - [MESSAGE][NOT_RUN] - NOT_RUN: setText

2018-11-23 01:22:31 - [TEST_STEP][NOT_RUN] - delay: NOT_RUN: delay

2018-11-23 01:22:31 - [MESSAGE][NOT_RUN] - NOT_RUN: delay

2018-11-23 01:22:31 - [TEST_STEP][NOT_RUN] - click: NOT_RUN: click

2018-11-23 01:22:31 - [MESSAGE][NOT_RUN] - NOT_RUN: click

2018-11-23 01:22:31 - [TEST_STEP][NOT_RUN] - doubleClick: NOT_RUN: doubleClick

2018-11-23 01:22:31 - [MESSAGE][NOT_RUN] - NOT_RUN: doubleClick

2018-11-23 01:22:31 - [TEST_STEP][NOT_RUN] - click: NOT_RUN: click

2018-11-23 01:22:31 - [MESSAGE][NOT_RUN] - NOT_RUN: click

2018-11-23 01:22:31 - [TEST_STEP][NOT_RUN] - setText: NOT_RUN: setText

2018-11-23 01:22:31 - [MESSAGE][NOT_RUN] - NOT_RUN: setText

2018-11-23 01:22:31 - [TEST_STEP][NOT_RUN] - delay: NOT_RUN: delay

2018-11-23 01:22:31 - [MESSAGE][NOT_RUN] - NOT_RUN: delay

2018-11-23 01:22:31 - [TEST_STEP][NOT_RUN] - click: NOT_RUN: click

2018-11-23 01:22:31 - [MESSAGE][NOT_RUN] - NOT_RUN: click

2018-11-23 01:22:31 - [TEST_STEP][NOT_RUN] - delay: NOT_RUN: delay

2018-11-23 01:22:31 - [MESSAGE][NOT_RUN] - NOT_RUN: delay

2018-11-23 01:22:31 - [TEST_STEP][NOT_RUN] - setText: NOT_RUN: setText

2018-11-23 01:22:31 - [MESSAGE][NOT_RUN] - NOT_RUN: setText

2018-11-23 01:22:31 - [TEST_STEP][PASSED] - click: Object: 'Object Repository/Final Object Repo/Page_Request SSN - ASSIST/Save  Continue' is clicked on

2018-11-23 01:22:31 - [MESSAGE][PASSED] - Object: 'Object Repository/Final Object Repo/Page_Request SSN - ASSIST/Save  Continue' is clicked on

2018-11-23 01:22:31 - [TEST_STEP][PASSED] - delay: Delayed 3 second(s)

2018-11-23 01:22:34 - [MESSAGE][PASSED] - Delayed 3 second(s)

2018-11-23 01:22:34 - [TEST_STEP][PASSED] - Statement - CaseReferenceNo = com.kms.katalon.core.webui.keyword.WebUiBuiltInKeywords.getText(com.kms.katalon.core.testobject.ObjectRepository.findTestObject(Final Object Repo/Page_Request SSN - ASSIST/Reference Number in Uploading Page)): Text of object 'Object Repository/Final Object Repo/Page_Request SSN - ASSIST/Reference Number in Uploading Page' is: 'SSN11201800001134'

2018-11-23 01:22:34 - [MESSAGE][PASSED] - Text of object 'Object Repository/Final Object Repo/Page_Request SSN - ASSIST/Reference Number in Uploading Page' is: 'SSN11201800001134'

2018-11-23 01:22:34 - [TEST_STEP][PASSED] - callTestCase: Call Test Case 'Test Cases/Final Aug 2018 - PKS Automation/Common/Reference Number Setter' successfully

2018-11-23 01:22:34 - [TEST_CASE][PASSED] - Test Cases/Final Aug 2018 - PKS Automation/Common/Reference Number Setter: Test Cases/Final Aug 2018 - PKS Automation/Common/Reference Number Setter

2018-11-23 01:22:34 - [TEST_STEP][PASSED] - Statement - RefNoOldFile = new java.io.File(C://Users//Admin//Desktop//PKS//Automation Reference Point//KatalonReference.txt): null

2018-11-23 01:22:34 - [TEST_STEP][PASSED] - Statement - RefNoOldFile.delete(): null

2018-11-23 01:22:34 - [TEST_STEP][PASSED] - delay: Delayed 5 second(s)

2018-11-23 01:22:39 - [MESSAGE][PASSED] - Delayed 5 second(s)

2018-11-23 01:22:39 - [TEST_STEP][PASSED] - Statement - RefNo = new java.io.File(C://Users//Admin//Desktop//PKS//Automation Reference Point//KatalonReference.txt): null

2018-11-23 01:22:39 - [TEST_STEP][PASSED] - Statement - f2 = new java.io.FileWriter(RefNo, false): null

2018-11-23 01:22:39 - [TEST_STEP][PASSED] - Statement - f2.write(CaseReferenceNo): null

2018-11-23 01:22:39 - [TEST_STEP][PASSED] - Statement - f2.close(): null

2018-11-23 01:22:39 - [TEST_STEP][PASSED] - Statement - out.println("


" + CaseReferenceNo + "


"): null

2018-11-23 01:22:39 - [MESSAGE][PASSED] - Call Test Case 'Test Cases/Final Aug 2018 - PKS Automation/Common/Reference Number Setter' successfully

2018-11-23 01:22:39 - [TEST_STEP][PASSED] - click: Object: 'Object Repository/Final Object Repo/Page_Request SSN - ASSIST/Add Document Button' is clicked on

2018-11-23 01:22:39 - [MESSAGE][PASSED] - Object: 'Object Repository/Final Object Repo/Page_Request SSN - ASSIST/Add Document Button' is clicked on

2018-11-23 01:22:39 - [TEST_STEP][PASSED] - delay: Delayed 2 second(s)

2018-11-23 01:22:41 - [MESSAGE][PASSED] - Delayed 2 second(s)

2018-11-23 01:22:41 - [TEST_STEP][PASSED] - click: Object: 'Object Repository/Final Object Repo/Page_Request SSN - ASSIST/Document Type' is clicked on

2018-11-23 01:22:43 - [MESSAGE][PASSED] - Object: 'Object Repository/Final Object Repo/Page_Request SSN - ASSIST/Document Type' is clicked on

2018-11-23 01:22:43 - [TEST_STEP][PASSED] - delay: Delayed 2 second(s)

2018-11-23 01:22:45 - [MESSAGE][PASSED] - Delayed 2 second(s)

2018-11-23 01:22:45 - [TEST_STEP][PASSED] - click: Object: 'Object Repository/Final Object Repo/Page_Request SSN - ASSIST/Document Type - Birth Certificate' is clicked on

2018-11-23 01:22:45 - [MESSAGE][PASSED] - Object: 'Object Repository/Final Object Repo/Page_Request SSN - ASSIST/Document Type - Birth Certificate' is clicked on

2018-11-23 01:22:45 - [TEST_STEP][PASSED] - delay: Delayed 2 second(s)

2018-11-23 01:22:47 - [MESSAGE][PASSED] - Delayed 2 second(s)

2018-11-23 01:22:47 - [TEST_STEP][PASSED] - sendKeys: Keys 'C:\Users\Public\Pictures\Sample Pictures\Koala.jpg' sent to object: 'Object Repository/Final Object Repo/Page_Request SSN - ASSIST/Upload File'

2018-11-23 01:22:47 - [MESSAGE][PASSED] - Keys 'C:\Users\Public\Pictures\Sample Pictures\Koala.jpg' sent to object: 'Object Repository/Final Object Repo/Page_Request SSN - ASSIST/Upload File'

2018-11-23 01:22:47 - [TEST_STEP][PASSED] - click: Object: 'Object Repository/Final Object Repo/Page_Request SSN - ASSIST/Add Document' is clicked on

2018-11-23 01:22:47 - [MESSAGE][PASSED] - Object: 'Object Repository/Final Object Repo/Page_Request SSN - ASSIST/Add Document' is clicked on

2018-11-23 01:22:47 - [TEST_STEP][PASSED] - delay: Delayed 10 second(s)

2018-11-23 01:22:57 - [MESSAGE][PASSED] - Delayed 10 second(s)

2018-11-23 01:22:57 - [TEST_STEP][PASSED] - click: Object: 'Object Repository/Final Object Repo/Page_Request SSN - ASSIST/Save  Continue in Uploading Document Page' is clicked on

2018-11-23 01:22:57 - [MESSAGE][PASSED] - Object: 'Object Repository/Final Object Repo/Page_Request SSN - ASSIST/Save  Continue in Uploading Document Page' is clicked on

2018-11-23 01:22:57 - [TEST_STEP][PASSED] - delay: Delayed 2 second(s)

2018-11-23 01:22:59 - [MESSAGE][PASSED] - Delayed 2 second(s)

2018-11-23 01:22:59 - [TEST_STEP][PASSED] - click: Object: 'Object Repository/Final Object Repo/Page_Request SSN - ASSIST/Submit' is clicked on

2018-11-23 01:23:02 - [MESSAGE][PASSED] - Object: 'Object Repository/Final Object Repo/Page_Request SSN - ASSIST/Submit' is clicked on

2018-11-23 01:23:02 - [TEST_STEP][PASSED] - delay: Delayed 2 second(s)

2018-11-23 01:23:04 - [MESSAGE][PASSED] - Delayed 2 second(s)

2018-11-23 01:23:04 - [TEST_STEP][PASSED] - click: Object: 'Object Repository/Final Object Repo/Page_Request SSN - ASSIST/Confirm' is clicked on

2018-11-23 01:23:04 - [MESSAGE][PASSED] - Object: 'Object Repository/Final Object Repo/Page_Request SSN - ASSIST/Confirm' is clicked on

2018-11-23 01:23:04 - [TEST_STEP][PASSED] - delay: Delayed 2 second(s)

2018-11-23 01:23:06 - [MESSAGE][PASSED] - Delayed 2 second(s)

2018-11-23 01:23:06 - [TEST_STEP][PASSED] - verifyElementVisible: Object 'Object Repository/Final Object Repo/Page_Request SSN - ASSIST/Message This Case will be routed to RIO' is visible

2018-11-23 01:23:11 - [MESSAGE][PASSED] - Object 'Object Repository/Final Object Repo/Page_Request SSN - ASSIST/Message This Case will be routed to RIO' is visible

2018-11-23 01:23:11 - [TEST_STEP][PASSED] - delay: Delayed 2 second(s)

2018-11-23 01:23:13 - [MESSAGE][PASSED] - Delayed 2 second(s)

2018-11-23 01:23:13 - [TEST_STEP][PASSED] - verifyElementVisible: Object 'Object Repository/Final Object Repo/Page_Request SSN - ASSIST/Letter of acknowledgement' is visible

2018-11-23 01:23:13 - [MESSAGE][PASSED] - Object 'Object Repository/Final Object Repo/Page_Request SSN - ASSIST/Letter of acknowledgement' is visible

2018-11-23 01:23:13 - [MESSAGE][PASSED] - Call Test Case 'Test Cases/Final Aug 2018 - PKS Automation/Registration Module/Workflow/Request SSN/Template/Request SSN - OTC' successfully

2018-11-23 01:23:13 - [TEST_STEP][FAILED] - callTestCase: Unable to call Test Case with id 'Test Cases/Final Aug 2018 - PKS Automation/Registration Module/Workflow/Request SSN/Template/Request SSN RIO - RO (Under Enforcement)' (Root cause: Call Test Case 'Test Cases/Final Aug 2018 - PKS Automation/Registration Module/Workflow/Request SSN/Template/Request SSN RIO - RO (Under Enforcement)' failed)

2018-11-23 01:23:13 - [TEST_CASE][FAILED] - Test Cases/Final Aug 2018 - PKS Automation/Registration Module/Workflow/Request SSN/Template/Request SSN RIO - RO (Under Enforcement): Test Cases/Final Aug 2018 - PKS Automation/Registration Module/Workflow/Request SSN/Template/Request SSN RIO - RO (Under Enforcement) FAILED because (of) (Stack trace: com.kms.katalon.core.exception.StepFailedException: Unable to click on object 'Object Repository/Final Object Repo/Landing Page/Select to English' (Root cause: com.kms.katalon.core.webui.exception.WebElementNotFoundException: Web element with id: 'Object Repository/Final Object Repo/Landing Page/Select to English' located by 'By.xpath: //a[@class = 'taglib-language-list-text' and @lang = 'en-US' and (contains(text(), 'EN') or contains(., 'EN'))]' not found)
	at com.kms.katalon.core.keyword.internal.KeywordMain.stepFailed(KeywordMain.groovy:32)
	at com.kms.katalon.core.webui.keyword.internal.WebUIKeywordMain.stepFailed(WebUIKeywordMain.groovy:65)
	at com.kms.katalon.core.webui.keyword.internal.WebUIKeywordMain.runKeyword(WebUIKeywordMain.groovy:27)
	at com.kms.katalon.core.webui.keyword.builtin.ClickKeyword.click(ClickKeyword.groovy:86)
	at com.kms.katalon.core.webui.keyword.builtin.ClickKeyword.execute(ClickKeyword.groovy:67)
	at com.kms.katalon.core.keyword.internal.KeywordExecutor.executeKeywordForPlatform(KeywordExecutor.groovy:53)
	at com.kms.katalon.core.webui.keyword.WebUiBuiltInKeywords.click(WebUiBuiltInKeywords.groovy:604)
	at com.kms.katalon.core.webui.keyword.WebUiBuiltInKeywords$click$13.call(Unknown Source)
	at Script1534407542420.run(Script1534407542420.groovy:57)
	at com.kms.katalon.core.main.ScriptEngine.run(ScriptEngine.java:183)
	at com.kms.katalon.core.main.ScriptEngine.runScriptAsRawText(ScriptEngine.java:108)
	at com.kms.katalon.core.main.TestCaseExecutor.runScript(TestCaseExecutor.java:294)
	at com.kms.katalon.core.main.TestCaseExecutor.doExecute(TestCaseExecutor.java:285)
	at com.kms.katalon.core.main.TestCaseExecutor.processExecutionPhase(TestCaseExecutor.java:264)
	at com.kms.katalon.core.main.TestCaseExecutor.accessMainPhase(TestCaseExecutor.java:256)
	at com.kms.katalon.core.main.TestCaseExecutor.execute(TestCaseExecutor.java:200)
	at com.kms.katalon.core.main.TestCaseMain.runTestCase(TestCaseMain.java:99)
	at com.kms.katalon.core.keyword.builtin.CallTestCaseKeyword$_callTestCase_closure1.doCall(CallTestCaseKeyword.groovy:60)
	at com.kms.katalon.core.keyword.builtin.CallTestCaseKeyword$_callTestCase_closure1.call(CallTestCaseKeyword.groovy)
	at com.kms.katalon.core.keyword.internal.KeywordMain.runKeyword(KeywordMain.groovy:54)
	at com.kms.katalon.core.keyword.builtin.CallTestCaseKeyword.callTestCase(CallTestCaseKeyword.groovy:81)
	at com.kms.katalon.core.keyword.builtin.CallTestCaseKeyword.execute(CallTestCaseKeyword.groovy:45)
	at com.kms.katalon.core.keyword.internal.KeywordExecutor.executeKeywordForPlatform(KeywordExecutor.groovy:53)
	at com.kms.katalon.core.keyword.BuiltinKeywords.callTestCase(BuiltinKeywords.groovy:334)
	at sun.reflect.NativeMethodAccessorImpl.invoke0(Native Method)
	at sun.reflect.NativeMethodAccessorImpl.invoke(NativeMethodAccessorImpl.java:62)
	at sun.reflect.DelegatingMethodAccessorImpl.invoke(DelegatingMethodAccessorImpl.java:43)
	at java.lang.reflect.Method.invoke(Method.java:498)
	at org.codehaus.groovy.reflection.CachedMethod.invoke(CachedMethod.java:93)
	at groovy.lang.MetaMethod.doMethodInvoke(MetaMethod.java:325)
	at groovy.lang.MetaClassImpl.invokeStaticMethod(MetaClassImpl.java:1469)
	at org.codehaus.groovy.runtime.callsite.StaticMetaClassSite.call(StaticMetaClassSite.java:53)
	at org.codehaus.groovy.runtime.callsite.CallSiteArray.defaultCall(CallSiteArray.java:48)
	at org.codehaus.groovy.runtime.callsite.AbstractCallSite.call(AbstractCallSite.java:113)
	at org.codehaus.groovy.runtime.callsite.AbstractCallSite.call(AbstractCallSite.java:141)
	at Script1537866016330.run(Script1537866016330.groovy:33)
	at com.kms.katalon.core.main.ScriptEngine.run(ScriptEngine.java:183)
	at com.kms.katalon.core.main.ScriptEngine.runScriptAsRawText(ScriptEngine.java:108)
	at com.kms.katalon.core.main.TestCaseExecutor.runScript(TestCaseExecutor.java:294)
	at com.kms.katalon.core.main.TestCaseExecutor.doExecute(TestCaseExecutor.java:285)
	at com.kms.katalon.core.main.TestCaseExecutor.processExecutionPhase(TestCaseExecutor.java:264)
	at com.kms.katalon.core.main.TestCaseExecutor.accessMainPhase(TestCaseExecutor.java:256)
	at com.kms.katalon.core.main.TestCaseExecutor.execute(TestCaseExecutor.java:200)
	at com.kms.katalon.core.main.TestCaseMain.runTestCase(TestCaseMain.java:99)
	at com.kms.katalon.core.keyword.builtin.CallTestCaseKeyword$_callTestCase_closure1.doCall(CallTestCaseKeyword.groovy:60)
	at com.kms.katalon.core.keyword.builtin.CallTestCaseKeyword$_callTestCase_closure1.call(CallTestCaseKeyword.groovy)
	at com.kms.katalon.core.keyword.internal.KeywordMain.runKeyword(KeywordMain.groovy:54)
	at com.kms.katalon.core.keyword.builtin.CallTestCaseKeyword.callTestCase(CallTestCaseKeyword.groovy:81)
	at com.kms.katalon.core.keyword.builtin.CallTestCaseKeyword.execute(CallTestCaseKeyword.groovy:45)
	at com.kms.katalon.core.keyword.internal.KeywordExecutor.executeKeywordForPlatform(KeywordExecutor.groovy:53)
	at com.kms.katalon.core.keyword.BuiltinKeywords.callTestCase(BuiltinKeywords.groovy:334)
	at sun.reflect.NativeMethodAccessorImpl.invoke0(Native Method)
	at sun.reflect.NativeMethodAccessorImpl.invoke(NativeMethodAccessorImpl.java:62)
	at sun.reflect.DelegatingMethodAccessorImpl.invoke(DelegatingMethodAccessorImpl.java:43)
	at java.lang.reflect.Method.invoke(Method.java:498)
	at org.codehaus.groovy.reflection.CachedMethod.invoke(CachedMethod.java:93)
	at groovy.lang.MetaMethod.doMethodInvoke(MetaMethod.java:325)
	at groovy.lang.MetaClassImpl.invokeStaticMethod(MetaClassImpl.java:1469)
	at org.codehaus.groovy.runtime.callsite.StaticMetaClassSite.call(StaticMetaClassSite.java:53)
	at org.codehaus.groovy.runtime.callsite.CallSiteArray.defaultCall(CallSiteArray.java:48)
	at org.codehaus.groovy.runtime.callsite.AbstractCallSite.call(AbstractCallSite.java:113)
	at org.codehaus.groovy.runtime.callsite.AbstractCallSite.call(AbstractCallSite.java:141)
	at Script1536300508609.run(Script1536300508609.groovy:24)
	at com.kms.katalon.core.main.ScriptEngine.run(ScriptEngine.java:183)
	at com.kms.katalon.core.main.ScriptEngine.runScriptAsRawText(ScriptEngine.java:108)
	at com.kms.katalon.core.main.TestCaseExecutor.runScript(TestCaseExecutor.java:294)
	at com.kms.katalon.core.main.TestCaseExecutor.doExecute(TestCaseExecutor.java:285)
	at com.kms.katalon.core.main.TestCaseExecutor.processExecutionPhase(TestCaseExecutor.java:264)
	at com.kms.katalon.core.main.TestCaseExecutor.accessMainPhase(TestCaseExecutor.java:256)
	at com.kms.katalon.core.main.TestCaseExecutor.execute(TestCaseExecutor.java:200)
	at com.kms.katalon.core.main.TestSuiteExecutor.accessTestCaseMainPhase(TestSuiteExecutor.java:129)
	at com.kms.katalon.core.main.TestSuiteExecutor.accessTestSuiteMainPhase(TestSuiteExecutor.java:112)
	at com.kms.katalon.core.main.TestSuiteExecutor.execute(TestSuiteExecutor.java:81)
	at com.kms.katalon.core.main.TestCaseMain.startTestSuite(TestCaseMain.java:142)
	at com.kms.katalon.core.main.TestCaseMain$startTestSuite$0.call(Unknown Source)
	at org.codehaus.groovy.runtime.callsite.CallSiteArray.defaultCall(CallSiteArray.java:48)
	at org.codehaus.groovy.runtime.callsite.AbstractCallSite.call(AbstractCallSite.java:113)
	at org.codehaus.groovy.runtime.callsite.AbstractCallSite.call(AbstractCallSite.java:141)
	at TempTestSuite1542874456978.run(TempTestSuite1542874456978.groovy:36)
	at groovy.lang.GroovyShell.runScriptOrMainOrTestOrRunnable(GroovyShell.java:263)
	at groovy.lang.GroovyShell.run(GroovyShell.java:518)
	at groovy.lang.GroovyShell.run(GroovyShell.java:507)
	at groovy.ui.GroovyMain.processOnce(GroovyMain.java:653)
	at groovy.ui.GroovyMain.run(GroovyMain.java:384)
	at groovy.ui.GroovyMain.process(GroovyMain.java:370)
	at groovy.ui.GroovyMain.processArgs(GroovyMain.java:129)
	at groovy.ui.GroovyMain.main(GroovyMain.java:109)
	at sun.reflect.NativeMethodAccessorImpl.invoke0(Native Method)
	at sun.reflect.NativeMethodAccessorImpl.invoke(NativeMethodAccessorImpl.java:62)
	at sun.reflect.DelegatingMethodAccessorImpl.invoke(DelegatingMethodAccessorImpl.java:43)
	at java.lang.reflect.Method.invoke(Method.java:498)
	at org.codehaus.groovy.tools.GroovyStarter.rootLoader(GroovyStarter.java:109)
	at org.codehaus.groovy.tools.GroovyStarter.main(GroovyStarter.java:131)
)

2018-11-23 01:23:13 - [TEST_STEP][NOT_RUN] - callTestCase: NOT_RUN: callTestCase

2018-11-23 01:23:13 - [MESSAGE][NOT_RUN] - NOT_RUN: callTestCase

2018-11-23 01:23:13 - [TEST_STEP][PASSED] - delay: Delayed 2 second(s)

2018-11-23 01:23:15 - [MESSAGE][PASSED] - Delayed 2 second(s)

2018-11-23 01:23:15 - [TEST_STEP][PASSED] - navigateToUrl: Navigate to 'https://assist2-uat.perkeso.gov.my/c/portal/logout' successfully

2018-11-23 01:23:16 - [MESSAGE][PASSED] - Navigate to 'https://assist2-uat.perkeso.gov.my/c/portal/logout' successfully

2018-11-23 01:23:16 - [TEST_STEP][PASSED] - delay: Delayed 2 second(s)

2018-11-23 01:23:18 - [MESSAGE][PASSED] - Delayed 2 second(s)

2018-11-23 01:23:18 - [TEST_STEP][PASSED] - callTestCase: Call Test Case 'Test Cases/Final Aug 2018 - PKS Automation/Common/Reference Number Getter' successfully

2018-11-23 01:23:18 - [TEST_CASE][PASSED] - Test Cases/Final Aug 2018 - PKS Automation/Common/Reference Number Getter: Test Cases/Final Aug 2018 - PKS Automation/Common/Reference Number Getter

2018-11-23 01:23:18 - [TEST_STEP][PASSED] - Statement - Try: null

2018-11-23 01:23:18 - [TEST_STEP][PASSED] - Statement - RefNo = new java.io.File(C://Users//Admin//Desktop//PKS//Automation Reference Point//KatalonReference.txt): null

2018-11-23 01:23:18 - [TEST_STEP][PASSED] - Statement - bufferread = new java.io.BufferedReader(new java.io.FileReader(RefNo)): null

2018-11-23 01:23:18 - [TEST_STEP][PASSED] - Statement - readedVal = bufferread.readLine(): null

2018-11-23 01:23:18 - [TEST_STEP][PASSED] - Statement - out.println(CaseReferenceNo): null

2018-11-23 01:23:18 - [TEST_STEP][PASSED] - Statement - out.println(readedVal): null

2018-11-23 01:23:18 - [TEST_STEP][PASSED] - Statement - CaseReferenceNo = "": null

2018-11-23 01:23:18 - [TEST_STEP][PASSED] - Statement - CaseReferenceNo = readedVal: null

2018-11-23 01:23:18 - [MESSAGE][PASSED] - Call Test Case 'Test Cases/Final Aug 2018 - PKS Automation/Common/Reference Number Getter' successfully

2018-11-23 01:23:18 - [TEST_STEP][FAILED] - callTestCase: Unable to call Test Case with id 'Test Cases/Final Aug 2018 - PKS Automation/Common/Workflow Owner Finder' (Root cause: Call Test Case 'Test Cases/Final Aug 2018 - PKS Automation/Common/Workflow Owner Finder' failed)

2018-11-23 01:23:18 - [TEST_CASE][FAILED] - Test Cases/Final Aug 2018 - PKS Automation/Common/Workflow Owner Finder: Test Cases/Final Aug 2018 - PKS Automation/Common/Workflow Owner Finder FAILED because (of) (Stack trace: com.kms.katalon.core.exception.StepFailedException: Unable to click on object 'Object Repository/Final Object Repo/Landing Page/Select to English' (Root cause: com.kms.katalon.core.webui.exception.WebElementNotFoundException: Web element with id: 'Object Repository/Final Object Repo/Landing Page/Select to English' located by 'By.xpath: //a[@class = 'taglib-language-list-text' and @lang = 'en-US' and (contains(text(), 'EN') or contains(., 'EN'))]' not found)
	at com.kms.katalon.core.keyword.internal.KeywordMain.stepFailed(KeywordMain.groovy:32)
	at com.kms.katalon.core.webui.keyword.internal.WebUIKeywordMain.stepFailed(WebUIKeywordMain.groovy:65)
	at com.kms.katalon.core.webui.keyword.internal.WebUIKeywordMain.runKeyword(WebUIKeywordMain.groovy:27)
	at com.kms.katalon.core.webui.keyword.builtin.ClickKeyword.click(ClickKeyword.groovy:86)
	at com.kms.katalon.core.webui.keyword.builtin.ClickKeyword.execute(ClickKeyword.groovy:67)
	at com.kms.katalon.core.keyword.internal.KeywordExecutor.executeKeywordForPlatform(KeywordExecutor.groovy:53)
	at com.kms.katalon.core.webui.keyword.WebUiBuiltInKeywords.click(WebUiBuiltInKeywords.groovy:604)
	at com.kms.katalon.core.webui.keyword.WebUiBuiltInKeywords$click$13.call(Unknown Source)
	at Script1534407542420.run(Script1534407542420.groovy:57)
	at com.kms.katalon.core.main.ScriptEngine.run(ScriptEngine.java:183)
	at com.kms.katalon.core.main.ScriptEngine.runScriptAsRawText(ScriptEngine.java:108)
	at com.kms.katalon.core.main.TestCaseExecutor.runScript(TestCaseExecutor.java:294)
	at com.kms.katalon.core.main.TestCaseExecutor.doExecute(TestCaseExecutor.java:285)
	at com.kms.katalon.core.main.TestCaseExecutor.processExecutionPhase(TestCaseExecutor.java:264)
	at com.kms.katalon.core.main.TestCaseExecutor.accessMainPhase(TestCaseExecutor.java:256)
	at com.kms.katalon.core.main.TestCaseExecutor.execute(TestCaseExecutor.java:200)
	at com.kms.katalon.core.main.TestCaseMain.runTestCase(TestCaseMain.java:99)
	at com.kms.katalon.core.keyword.builtin.CallTestCaseKeyword$_callTestCase_closure1.doCall(CallTestCaseKeyword.groovy:60)
	at com.kms.katalon.core.keyword.builtin.CallTestCaseKeyword$_callTestCase_closure1.call(CallTestCaseKeyword.groovy)
	at com.kms.katalon.core.keyword.internal.KeywordMain.runKeyword(KeywordMain.groovy:54)
	at com.kms.katalon.core.keyword.builtin.CallTestCaseKeyword.callTestCase(CallTestCaseKeyword.groovy:81)
	at com.kms.katalon.core.keyword.builtin.CallTestCaseKeyword.execute(CallTestCaseKeyword.groovy:45)
	at com.kms.katalon.core.keyword.internal.KeywordExecutor.executeKeywordForPlatform(KeywordExecutor.groovy:53)
	at com.kms.katalon.core.keyword.BuiltinKeywords.callTestCase(BuiltinKeywords.groovy:334)
	at sun.reflect.NativeMethodAccessorImpl.invoke0(Native Method)
	at sun.reflect.NativeMethodAccessorImpl.invoke(NativeMethodAccessorImpl.java:62)
	at sun.reflect.DelegatingMethodAccessorImpl.invoke(DelegatingMethodAccessorImpl.java:43)
	at java.lang.reflect.Method.invoke(Method.java:498)
	at org.codehaus.groovy.reflection.CachedMethod.invoke(CachedMethod.java:93)
	at groovy.lang.MetaMethod.doMethodInvoke(MetaMethod.java:325)
	at groovy.lang.MetaClassImpl.invokeStaticMethod(MetaClassImpl.java:1469)
	at org.codehaus.groovy.runtime.callsite.StaticMetaClassSite.call(StaticMetaClassSite.java:53)
	at org.codehaus.groovy.runtime.callsite.CallSiteArray.defaultCall(CallSiteArray.java:48)
	at org.codehaus.groovy.runtime.callsite.AbstractCallSite.call(AbstractCallSite.java:113)
	at org.codehaus.groovy.runtime.callsite.AbstractCallSite.call(AbstractCallSite.java:141)
	at Script1537866016330.run(Script1537866016330.groovy:33)
	at com.kms.katalon.core.main.ScriptEngine.run(ScriptEngine.java:183)
	at com.kms.katalon.core.main.ScriptEngine.runScriptAsRawText(ScriptEngine.java:108)
	at com.kms.katalon.core.main.TestCaseExecutor.runScript(TestCaseExecutor.java:294)
	at com.kms.katalon.core.main.TestCaseExecutor.doExecute(TestCaseExecutor.java:285)
	at com.kms.katalon.core.main.TestCaseExecutor.processExecutionPhase(TestCaseExecutor.java:264)
	at com.kms.katalon.core.main.TestCaseExecutor.accessMainPhase(TestCaseExecutor.java:256)
	at com.kms.katalon.core.main.TestCaseExecutor.execute(TestCaseExecutor.java:200)
	at com.kms.katalon.core.main.TestCaseMain.runTestCase(TestCaseMain.java:99)
	at com.kms.katalon.core.keyword.builtin.CallTestCaseKeyword$_callTestCase_closure1.doCall(CallTestCaseKeyword.groovy:60)
	at com.kms.katalon.core.keyword.builtin.CallTestCaseKeyword$_callTestCase_closure1.call(CallTestCaseKeyword.groovy)
	at com.kms.katalon.core.keyword.internal.KeywordMain.runKeyword(KeywordMain.groovy:54)
	at com.kms.katalon.core.keyword.builtin.CallTestCaseKeyword.callTestCase(CallTestCaseKeyword.groovy:81)
	at com.kms.katalon.core.keyword.builtin.CallTestCaseKeyword.execute(CallTestCaseKeyword.groovy:45)
	at com.kms.katalon.core.keyword.internal.KeywordExecutor.executeKeywordForPlatform(KeywordExecutor.groovy:53)
	at com.kms.katalon.core.keyword.BuiltinKeywords.callTestCase(BuiltinKeywords.groovy:334)
	at sun.reflect.NativeMethodAccessorImpl.invoke0(Native Method)
	at sun.reflect.NativeMethodAccessorImpl.invoke(NativeMethodAccessorImpl.java:62)
	at sun.reflect.DelegatingMethodAccessorImpl.invoke(DelegatingMethodAccessorImpl.java:43)
	at java.lang.reflect.Method.invoke(Method.java:498)
	at org.codehaus.groovy.reflection.CachedMethod.invoke(CachedMethod.java:93)
	at groovy.lang.MetaMethod.doMethodInvoke(MetaMethod.java:325)
	at groovy.lang.MetaClassImpl.invokeStaticMethod(MetaClassImpl.java:1469)
	at org.codehaus.groovy.runtime.callsite.StaticMetaClassSite.call(StaticMetaClassSite.java:53)
	at org.codehaus.groovy.runtime.callsite.CallSiteArray.defaultCall(CallSiteArray.java:48)
	at org.codehaus.groovy.runtime.callsite.AbstractCallSite.call(AbstractCallSite.java:113)
	at org.codehaus.groovy.runtime.callsite.AbstractCallSite.call(AbstractCallSite.java:141)
	at Script1536300508609.run(Script1536300508609.groovy:24)
	at com.kms.katalon.core.main.ScriptEngine.run(ScriptEngine.java:183)
	at com.kms.katalon.core.main.ScriptEngine.runScriptAsRawText(ScriptEngine.java:108)
	at com.kms.katalon.core.main.TestCaseExecutor.runScript(TestCaseExecutor.java:294)
	at com.kms.katalon.core.main.TestCaseExecutor.doExecute(TestCaseExecutor.java:285)
	at com.kms.katalon.core.main.TestCaseExecutor.processExecutionPhase(TestCaseExecutor.java:264)
	at com.kms.katalon.core.main.TestCaseExecutor.accessMainPhase(TestCaseExecutor.java:256)
	at com.kms.katalon.core.main.TestCaseExecutor.execute(TestCaseExecutor.java:200)
	at com.kms.katalon.core.main.TestSuiteExecutor.accessTestCaseMainPhase(TestSuiteExecutor.java:129)
	at com.kms.katalon.core.main.TestSuiteExecutor.accessTestSuiteMainPhase(TestSuiteExecutor.java:112)
	at com.kms.katalon.core.main.TestSuiteExecutor.execute(TestSuiteExecutor.java:81)
	at com.kms.katalon.core.main.TestCaseMain.startTestSuite(TestCaseMain.java:142)
	at com.kms.katalon.core.main.TestCaseMain$startTestSuite$0.call(Unknown Source)
	at org.codehaus.groovy.runtime.callsite.CallSiteArray.defaultCall(CallSiteArray.java:48)
	at org.codehaus.groovy.runtime.callsite.AbstractCallSite.call(AbstractCallSite.java:113)
	at org.codehaus.groovy.runtime.callsite.AbstractCallSite.call(AbstractCallSite.java:141)
	at TempTestSuite1542874456978.run(TempTestSuite1542874456978.groovy:36)
	at groovy.lang.GroovyShell.runScriptOrMainOrTestOrRunnable(GroovyShell.java:263)
	at groovy.lang.GroovyShell.run(GroovyShell.java:518)
	at groovy.lang.GroovyShell.run(GroovyShell.java:507)
	at groovy.ui.GroovyMain.processOnce(GroovyMain.java:653)
	at groovy.ui.GroovyMain.run(GroovyMain.java:384)
	at groovy.ui.GroovyMain.process(GroovyMain.java:370)
	at groovy.ui.GroovyMain.processArgs(GroovyMain.java:129)
	at groovy.ui.GroovyMain.main(GroovyMain.java:109)
	at sun.reflect.NativeMethodAccessorImpl.invoke0(Native Method)
	at sun.reflect.NativeMethodAccessorImpl.invoke(NativeMethodAccessorImpl.java:62)
	at sun.reflect.DelegatingMethodAccessorImpl.invoke(DelegatingMethodAccessorImpl.java:43)
	at java.lang.reflect.Method.invoke(Method.java:498)
	at org.codehaus.groovy.tools.GroovyStarter.rootLoader(GroovyStarter.java:109)
	at org.codehaus.groovy.tools.GroovyStarter.main(GroovyStarter.java:131)
)

2018-11-23 01:23:18 - [TEST_STEP][PASSED] - openBrowser: Browser is opened with url: ''

2018-11-23 01:23:18 - [MESSAGE][WARNING] - A browser is already opened. Closing browser and opening a new one

2018-11-23 01:23:22 - [MESSAGE][PASSED] - Browser is opened with url: ''

2018-11-23 01:23:22 - [TEST_STEP][PASSED] - navigateToUrl: Navigate to 'https://assist2-uat.perkeso.gov.my/login' successfully

2018-11-23 01:23:23 - [MESSAGE][PASSED] - Navigate to 'https://assist2-uat.perkeso.gov.my/login' successfully

2018-11-23 01:23:23 - [TEST_STEP][PASSED] - delay: Delayed 5 second(s)

2018-11-23 01:23:28 - [MESSAGE][PASSED] - Delayed 5 second(s)

2018-11-23 01:23:28 - [TEST_STEP][PASSED] - setText: Text 'test@liferay.com' is set on object 'Object Repository/Final Object Repo/Login Page/Internal User/Email Address'

2018-11-23 01:23:28 - [MESSAGE][PASSED] - Text 'test@liferay.com' is set on object 'Object Repository/Final Object Repo/Login Page/Internal User/Email Address'

2018-11-23 01:23:28 - [TEST_STEP][PASSED] - click: Object: 'Object Repository/Final Object Repo/Login Page/Internal User/Next Button' is clicked on

2018-11-23 01:23:29 - [MESSAGE][PASSED] - Object: 'Object Repository/Final Object Repo/Login Page/Internal User/Next Button' is clicked on

2018-11-23 01:23:29 - [TEST_STEP][PASSED] - delay: Delayed 2 second(s)

2018-11-23 01:23:31 - [MESSAGE][PASSED] - Delayed 2 second(s)

2018-11-23 01:23:31 - [TEST_STEP][PASSED] - setText: Text 'test' is set on object 'Object Repository/Final Object Repo/Login Page/Internal User/Password'

2018-11-23 01:23:31 - [MESSAGE][PASSED] - Text 'test' is set on object 'Object Repository/Final Object Repo/Login Page/Internal User/Password'

2018-11-23 01:23:31 - [TEST_STEP][PASSED] - delay: Delayed 2 second(s)

2018-11-23 01:23:33 - [MESSAGE][PASSED] - Delayed 2 second(s)

2018-11-23 01:23:33 - [TEST_STEP][PASSED] - click: Object: 'Object Repository/Final Object Repo/Login Page/Internal User/Login Button' is clicked on

2018-11-23 01:23:33 - [MESSAGE][PASSED] - Object: 'Object Repository/Final Object Repo/Login Page/Internal User/Login Button' is clicked on

2018-11-23 01:23:33 - [TEST_STEP][FAILED] - Statement - Try: Delayed 2 second(s)

2018-11-23 01:23:33 - [TEST_STEP][PASSED] - Statement - Checker = false: null

2018-11-23 01:23:33 - [TEST_STEP][PASSED] - Statement - Checker = com.kms.katalon.core.webui.keyword.WebUiBuiltInKeywords.verifyElementHasAttribute(com.kms.katalon.core.testobject.ObjectRepository.findTestObject(Final Object Repo/Landing Page/BM Detecting), "href", 20, OPTIONAL): Unable to verify if object 'Object Repository/Final Object Repo/Landing Page/BM Detecting' has attribute 'href' (Root cause: org.openqa.selenium.StaleElementReferenceException: stale element reference: element is not attached to the page document
  (Session info: chrome=70.0.3538.102)
  (Driver info: chromedriver=2.43.600210 (68dcf5eebde37173d4027fa8635e332711d2874a),platform=Windows NT 6.1.7601 SP1 x86_64) (WARNING: The server did not provide any stacktrace information)
Command duration or timeout: 0 milliseconds
For documentation on this error, please visit: http://seleniumhq.org/exceptions/stale_element_reference.html
Build info: version: '3.7.1', revision: '8a0099a', time: '2017-11-06T21:07:36.161Z'
System info: host: 'WIN7TEST02', ip: '10.20.3.72', os.name: 'Windows 7', os.arch: 'amd64', os.version: '6.1', java.version: '1.8.0_181'
Driver info: com.kms.katalon.selenium.driver.CChromeDriver
Capabilities {acceptInsecureCerts: false, acceptSslCerts: false, applicationCacheEnabled: false, browserConnectionEnabled: false, browserName: chrome, chrome: {chromedriverVersion: 2.43.600210 (68dcf5eebde371..., userDataDir: C:\Users\Admin\AppData\Loca...}, cssSelectorsEnabled: true, databaseEnabled: false, goog:chromeOptions: {debuggerAddress: localhost:50767}, handlesAlerts: true, hasTouchScreen: false, javascriptEnabled: true, locationContextEnabled: true, mobileEmulationEnabled: false, nativeEvents: true, networkConnectionEnabled: false, pageLoadStrategy: normal, platform: XP, platformName: XP, rotatable: false, setWindowRect: true, takesHeapSnapshot: true, takesScreenshot: true, unexpectedAlertBehaviour: , unhandledPromptBehavior: , version: 70.0.3538.102, webStorageEnabled: true}
Session ID: f1f727537f627046f020155c19210884)

2018-11-23 01:23:35 - [MESSAGE][WARNING] - Unable to verify if object 'Object Repository/Final Object Repo/Landing Page/BM Detecting' has attribute 'href' (Root cause: org.openqa.selenium.StaleElementReferenceException: stale element reference: element is not attached to the page document
  (Session info: chrome=70.0.3538.102)
  (Driver info: chromedriver=2.43.600210 (68dcf5eebde37173d4027fa8635e332711d2874a),platform=Windows NT 6.1.7601 SP1 x86_64) (WARNING: The server did not provide any stacktrace information)
Command duration or timeout: 0 milliseconds
For documentation on this error, please visit: http://seleniumhq.org/exceptions/stale_element_reference.html
Build info: version: '3.7.1', revision: '8a0099a', time: '2017-11-06T21:07:36.161Z'
System info: host: 'WIN7TEST02', ip: '10.20.3.72', os.name: 'Windows 7', os.arch: 'amd64', os.version: '6.1', java.version: '1.8.0_181'
Driver info: com.kms.katalon.selenium.driver.CChromeDriver
Capabilities {acceptInsecureCerts: false, acceptSslCerts: false, applicationCacheEnabled: false, browserConnectionEnabled: false, browserName: chrome, chrome: {chromedriverVersion: 2.43.600210 (68dcf5eebde371..., userDataDir: C:\Users\Admin\AppData\Loca...}, cssSelectorsEnabled: true, databaseEnabled: false, goog:chromeOptions: {debuggerAddress: localhost:50767}, handlesAlerts: true, hasTouchScreen: false, javascriptEnabled: true, locationContextEnabled: true, mobileEmulationEnabled: false, nativeEvents: true, networkConnectionEnabled: false, pageLoadStrategy: normal, platform: XP, platformName: XP, rotatable: false, setWindowRect: true, takesHeapSnapshot: true, takesScreenshot: true, unexpectedAlertBehaviour: , unhandledPromptBehavior: , version: 70.0.3538.102, webStorageEnabled: true}
Session ID: f1f727537f627046f020155c19210884)
[[ATTACHMENT|C:\\Users\\Admin\\Desktop\\PKS\\Perkeso Phase A\\Reports\\Workflow\\Request SSN\\20181122_161416\\1542907415437.png]]

2018-11-23 01:23:35 - [TEST_STEP][PASSED] - Statement - out.println(Checker): null

2018-11-23 01:23:35 - [TEST_STEP][FAILED] - Statement - If (Checker == false): Unable to click on object 'Object Repository/Final Object Repo/Landing Page/Select to English' (Root cause: com.kms.katalon.core.webui.exception.WebElementNotFoundException: Web element with id: 'Object Repository/Final Object Repo/Landing Page/Select to English' located by 'By.xpath: //a[@class = 'taglib-language-list-text' and @lang = 'en-US' and (contains(text(), 'EN') or contains(., 'EN'))]' not found)

2018-11-23 01:23:35 - [TEST_STEP][FAILED] - click: Unable to click on object 'Object Repository/Final Object Repo/Landing Page/Select to English' (Root cause: com.kms.katalon.core.webui.exception.WebElementNotFoundException: Web element with id: 'Object Repository/Final Object Repo/Landing Page/Select to English' located by 'By.xpath: //a[@class = 'taglib-language-list-text' and @lang = 'en-US' and (contains(text(), 'EN') or contains(., 'EN'))]' not found)

2018-11-23 01:24:13 - [MESSAGE][FAILED] - Unable to click on object 'Object Repository/Final Object Repo/Landing Page/Select to English' (Root cause: com.kms.katalon.core.webui.exception.WebElementNotFoundException: Web element with id: 'Object Repository/Final Object Repo/Landing Page/Select to English' located by 'By.xpath: //a[@class = 'taglib-language-list-text' and @lang = 'en-US' and (contains(text(), 'EN') or contains(., 'EN'))]' not found)
[[ATTACHMENT|C:\\Users\\Admin\\Desktop\\PKS\\Perkeso Phase A\\Reports\\Workflow\\Request SSN\\20181122_161416\\1542907453106.png]]

2018-11-23 01:24:13 - [TEST_STEP][PASSED] - delay: Delayed 2 second(s)

2018-11-23 01:24:15 - [MESSAGE][PASSED] - Delayed 2 second(s)

2018-11-23 01:24:15 - [TEST_STEP][PASSED] - delay: Delayed 3 second(s)

2018-11-23 01:24:18 - [MESSAGE][PASSED] - Delayed 3 second(s)

2018-11-23 01:24:18 - [TEST_STEP][PASSED] - mouseOver: Object: 'Object Repository/Final Object Repo/Landing Page/WorkFlow Menu' is hovered

2018-11-23 01:24:18 - [MESSAGE][PASSED] - Object: 'Object Repository/Final Object Repo/Landing Page/WorkFlow Menu' is hovered

2018-11-23 01:24:18 - [TEST_STEP][PASSED] - delay: Delayed 2 second(s)

2018-11-23 01:24:20 - [MESSAGE][PASSED] - Delayed 2 second(s)

2018-11-23 01:24:20 - [TEST_STEP][PASSED] - click: Object: 'Object Repository/Final Object Repo/Landing Page/Select to Workflow Listing' is clicked on

2018-11-23 01:24:21 - [MESSAGE][PASSED] - Object: 'Object Repository/Final Object Repo/Landing Page/Select to Workflow Listing' is clicked on

2018-11-23 01:24:21 - [TEST_STEP][PASSED] - delay: Delayed 2 second(s)

2018-11-23 01:24:23 - [MESSAGE][PASSED] - Delayed 2 second(s)

2018-11-23 01:24:23 - [TEST_STEP][PASSED] - click: Object: 'Object Repository/Final Object Repo/WorkFlow Listing Page/Search Information - To Put Ref No' is clicked on

2018-11-23 01:24:23 - [MESSAGE][PASSED] - Object: 'Object Repository/Final Object Repo/WorkFlow Listing Page/Search Information - To Put Ref No' is clicked on

2018-11-23 01:24:23 - [TEST_STEP][PASSED] - delay: Delayed 2 second(s)

2018-11-23 01:24:25 - [MESSAGE][PASSED] - Delayed 2 second(s)

2018-11-23 01:24:25 - [TEST_STEP][PASSED] - callTestCase: Call Test Case 'Test Cases/Final Aug 2018 - PKS Automation/Common/Reference Number Getter' successfully

2018-11-23 01:24:25 - [TEST_CASE][PASSED] - Test Cases/Final Aug 2018 - PKS Automation/Common/Reference Number Getter: Test Cases/Final Aug 2018 - PKS Automation/Common/Reference Number Getter

2018-11-23 01:24:25 - [TEST_STEP][PASSED] - Statement - Try: null

2018-11-23 01:24:25 - [TEST_STEP][PASSED] - Statement - RefNo = new java.io.File(C://Users//Admin//Desktop//PKS//Automation Reference Point//KatalonReference.txt): null

2018-11-23 01:24:25 - [TEST_STEP][PASSED] - Statement - bufferread = new java.io.BufferedReader(new java.io.FileReader(RefNo)): null

2018-11-23 01:24:25 - [TEST_STEP][PASSED] - Statement - readedVal = bufferread.readLine(): null

2018-11-23 01:24:25 - [TEST_STEP][PASSED] - Statement - out.println(CaseReferenceNo): null

2018-11-23 01:24:25 - [TEST_STEP][PASSED] - Statement - out.println(readedVal): null

2018-11-23 01:24:25 - [TEST_STEP][PASSED] - Statement - CaseReferenceNo = "": null

2018-11-23 01:24:25 - [TEST_STEP][PASSED] - Statement - CaseReferenceNo = readedVal: null

2018-11-23 01:24:25 - [MESSAGE][PASSED] - Call Test Case 'Test Cases/Final Aug 2018 - PKS Automation/Common/Reference Number Getter' successfully

2018-11-23 01:24:25 - [TEST_STEP][PASSED] - setText: Text 'SSN11201800001134' is set on object 'Object Repository/Final Object Repo/WorkFlow Listing Page/Ref No Set Text'

2018-11-23 01:24:26 - [MESSAGE][PASSED] - Text 'SSN11201800001134' is set on object 'Object Repository/Final Object Repo/WorkFlow Listing Page/Ref No Set Text'

2018-11-23 01:24:26 - [TEST_STEP][PASSED] - delay: Delayed 2 second(s)

2018-11-23 01:24:28 - [MESSAGE][PASSED] - Delayed 2 second(s)

2018-11-23 01:24:28 - [TEST_STEP][PASSED] - click: Object: 'Object Repository/Final Object Repo/WorkFlow Listing Page/Search Ref No Search Button' is clicked on

2018-11-23 01:24:28 - [MESSAGE][PASSED] - Object: 'Object Repository/Final Object Repo/WorkFlow Listing Page/Search Ref No Search Button' is clicked on

2018-11-23 01:24:28 - [TEST_STEP][PASSED] - delay: Delayed 4 second(s)

2018-11-23 01:24:32 - [MESSAGE][PASSED] - Delayed 4 second(s)

2018-11-23 01:24:32 - [TEST_STEP][PASSED] - click: Object: 'Object Repository/Final Object Repo/WorkFlow Listing Page/Click Continue Tooltip' is clicked on

2018-11-23 01:24:33 - [MESSAGE][PASSED] - Object: 'Object Repository/Final Object Repo/WorkFlow Listing Page/Click Continue Tooltip' is clicked on

2018-11-23 01:24:33 - [TEST_STEP][PASSED] - delay: Delayed 5 second(s)

2018-11-23 01:24:38 - [MESSAGE][PASSED] - Delayed 5 second(s)

2018-11-23 01:24:38 - [TEST_STEP][PASSED] - doubleClick: Object: 'Object Repository/Final Object Repo/WorkFlow Listing Page/Workflow Found - Listing 1' is double clicked on

2018-11-23 01:24:38 - [MESSAGE][PASSED] - Object: 'Object Repository/Final Object Repo/WorkFlow Listing Page/Workflow Found - Listing 1' is double clicked on

2018-11-23 01:24:38 - [TEST_STEP][PASSED] - Statement - println(OwnerID): null

2018-11-23 01:24:38 - [TEST_STEP][PASSED] - Statement - OwnerID = com.kms.katalon.core.webui.keyword.WebUiBuiltInKeywords.getText(com.kms.katalon.core.testobject.ObjectRepository.findTestObject(Final Object Repo/WorkFlow Listing Page/Workflow Found - Listing 1), STOP_ON_FAILURE): Text of object 'Object Repository/Final Object Repo/WorkFlow Listing Page/Workflow Found - Listing 1' is: 'JOHORrio2'

2018-11-23 01:24:38 - [MESSAGE][PASSED] - Text of object 'Object Repository/Final Object Repo/WorkFlow Listing Page/Workflow Found - Listing 1' is: 'JOHORrio2'

2018-11-23 01:24:38 - [TEST_STEP][PASSED] - Statement - OwnerID = OwnerID.toLowerCase() + "@gmail.com": null

2018-11-23 01:24:38 - [TEST_STEP][PASSED] - Statement - println(OwnerID): null

2018-11-23 01:24:38 - [TEST_STEP][PASSED] - delay: Delayed 2 second(s)

2018-11-23 01:24:40 - [MESSAGE][PASSED] - Delayed 2 second(s)

2018-11-23 01:24:40 - [MESSAGE][FAILED] - Unable to call Test Case with id 'Test Cases/Final Aug 2018 - PKS Automation/Common/Workflow Owner Finder' (Root cause: Call Test Case 'Test Cases/Final Aug 2018 - PKS Automation/Common/Workflow Owner Finder' failed)

2018-11-23 01:24:40 - [MESSAGE][FAILED] - Unable to call Test Case with id 'Test Cases/Final Aug 2018 - PKS Automation/Registration Module/Workflow/Request SSN/Template/Request SSN RIO - RO (Under Enforcement)' (Root cause: Call Test Case 'Test Cases/Final Aug 2018 - PKS Automation/Registration Module/Workflow/Request SSN/Template/Request SSN RIO - RO (Under Enforcement)' failed)]]></system-out>
         <system-err><![CDATA[2018-11-23 01:21:40 - [TEST_CASE][FAILED] - Test Cases/Final Aug 2018 - PKS Automation/Registration Module/Workflow/Request SSN/OTC - RIO - RO (Under enforcement): Test Cases/Final Aug 2018 - PKS Automation/Registration Module/Workflow/Request SSN/OTC - RIO - RO (Under enforcement) FAILED because (of) (Stack trace: com.kms.katalon.core.exception.StepFailedException: Unable to click on object 'Object Repository/Final Object Repo/Landing Page/Select to English' (Root cause: com.kms.katalon.core.webui.exception.WebElementNotFoundException: Web element with id: 'Object Repository/Final Object Repo/Landing Page/Select to English' located by 'By.xpath: //a[@class = 'taglib-language-list-text' and @lang = 'en-US' and (contains(text(), 'EN') or contains(., 'EN'))]' not found)
	at com.kms.katalon.core.keyword.internal.KeywordMain.stepFailed(KeywordMain.groovy:32)
	at com.kms.katalon.core.webui.keyword.internal.WebUIKeywordMain.stepFailed(WebUIKeywordMain.groovy:65)
	at com.kms.katalon.core.webui.keyword.internal.WebUIKeywordMain.runKeyword(WebUIKeywordMain.groovy:27)
	at com.kms.katalon.core.webui.keyword.builtin.ClickKeyword.click(ClickKeyword.groovy:86)
	at com.kms.katalon.core.webui.keyword.builtin.ClickKeyword.execute(ClickKeyword.groovy:67)
	at com.kms.katalon.core.keyword.internal.KeywordExecutor.executeKeywordForPlatform(KeywordExecutor.groovy:53)
	at com.kms.katalon.core.webui.keyword.WebUiBuiltInKeywords.click(WebUiBuiltInKeywords.groovy:604)
	at com.kms.katalon.core.webui.keyword.WebUiBuiltInKeywords$click$13.call(Unknown Source)
	at Script1534407542420.run(Script1534407542420.groovy:57)
	at com.kms.katalon.core.main.ScriptEngine.run(ScriptEngine.java:183)
	at com.kms.katalon.core.main.ScriptEngine.runScriptAsRawText(ScriptEngine.java:108)
	at com.kms.katalon.core.main.TestCaseExecutor.runScript(TestCaseExecutor.java:294)
	at com.kms.katalon.core.main.TestCaseExecutor.doExecute(TestCaseExecutor.java:285)
	at com.kms.katalon.core.main.TestCaseExecutor.processExecutionPhase(TestCaseExecutor.java:264)
	at com.kms.katalon.core.main.TestCaseExecutor.accessMainPhase(TestCaseExecutor.java:256)
	at com.kms.katalon.core.main.TestCaseExecutor.execute(TestCaseExecutor.java:200)
	at com.kms.katalon.core.main.TestCaseMain.runTestCase(TestCaseMain.java:99)
	at com.kms.katalon.core.keyword.builtin.CallTestCaseKeyword$_callTestCase_closure1.doCall(CallTestCaseKeyword.groovy:60)
	at com.kms.katalon.core.keyword.builtin.CallTestCaseKeyword$_callTestCase_closure1.call(CallTestCaseKeyword.groovy)
	at com.kms.katalon.core.keyword.internal.KeywordMain.runKeyword(KeywordMain.groovy:54)
	at com.kms.katalon.core.keyword.builtin.CallTestCaseKeyword.callTestCase(CallTestCaseKeyword.groovy:81)
	at com.kms.katalon.core.keyword.builtin.CallTestCaseKeyword.execute(CallTestCaseKeyword.groovy:45)
	at com.kms.katalon.core.keyword.internal.KeywordExecutor.executeKeywordForPlatform(KeywordExecutor.groovy:53)
	at com.kms.katalon.core.keyword.BuiltinKeywords.callTestCase(BuiltinKeywords.groovy:334)
	at sun.reflect.NativeMethodAccessorImpl.invoke0(Native Method)
	at sun.reflect.NativeMethodAccessorImpl.invoke(NativeMethodAccessorImpl.java:62)
	at sun.reflect.DelegatingMethodAccessorImpl.invoke(DelegatingMethodAccessorImpl.java:43)
	at java.lang.reflect.Method.invoke(Method.java:498)
	at org.codehaus.groovy.reflection.CachedMethod.invoke(CachedMethod.java:93)
	at groovy.lang.MetaMethod.doMethodInvoke(MetaMethod.java:325)
	at groovy.lang.MetaClassImpl.invokeStaticMethod(MetaClassImpl.java:1469)
	at org.codehaus.groovy.runtime.callsite.StaticMetaClassSite.call(StaticMetaClassSite.java:53)
	at org.codehaus.groovy.runtime.callsite.CallSiteArray.defaultCall(CallSiteArray.java:48)
	at org.codehaus.groovy.runtime.callsite.AbstractCallSite.call(AbstractCallSite.java:113)
	at org.codehaus.groovy.runtime.callsite.AbstractCallSite.call(AbstractCallSite.java:141)
	at Script1537866016330.run(Script1537866016330.groovy:33)
	at com.kms.katalon.core.main.ScriptEngine.run(ScriptEngine.java:183)
	at com.kms.katalon.core.main.ScriptEngine.runScriptAsRawText(ScriptEngine.java:108)
	at com.kms.katalon.core.main.TestCaseExecutor.runScript(TestCaseExecutor.java:294)
	at com.kms.katalon.core.main.TestCaseExecutor.doExecute(TestCaseExecutor.java:285)
	at com.kms.katalon.core.main.TestCaseExecutor.processExecutionPhase(TestCaseExecutor.java:264)
	at com.kms.katalon.core.main.TestCaseExecutor.accessMainPhase(TestCaseExecutor.java:256)
	at com.kms.katalon.core.main.TestCaseExecutor.execute(TestCaseExecutor.java:200)
	at com.kms.katalon.core.main.TestCaseMain.runTestCase(TestCaseMain.java:99)
	at com.kms.katalon.core.keyword.builtin.CallTestCaseKeyword$_callTestCase_closure1.doCall(CallTestCaseKeyword.groovy:60)
	at com.kms.katalon.core.keyword.builtin.CallTestCaseKeyword$_callTestCase_closure1.call(CallTestCaseKeyword.groovy)
	at com.kms.katalon.core.keyword.internal.KeywordMain.runKeyword(KeywordMain.groovy:54)
	at com.kms.katalon.core.keyword.builtin.CallTestCaseKeyword.callTestCase(CallTestCaseKeyword.groovy:81)
	at com.kms.katalon.core.keyword.builtin.CallTestCaseKeyword.execute(CallTestCaseKeyword.groovy:45)
	at com.kms.katalon.core.keyword.internal.KeywordExecutor.executeKeywordForPlatform(KeywordExecutor.groovy:53)
	at com.kms.katalon.core.keyword.BuiltinKeywords.callTestCase(BuiltinKeywords.groovy:334)
	at sun.reflect.NativeMethodAccessorImpl.invoke0(Native Method)
	at sun.reflect.NativeMethodAccessorImpl.invoke(NativeMethodAccessorImpl.java:62)
	at sun.reflect.DelegatingMethodAccessorImpl.invoke(DelegatingMethodAccessorImpl.java:43)
	at java.lang.reflect.Method.invoke(Method.java:498)
	at org.codehaus.groovy.reflection.CachedMethod.invoke(CachedMethod.java:93)
	at groovy.lang.MetaMethod.doMethodInvoke(MetaMethod.java:325)
	at groovy.lang.MetaClassImpl.invokeStaticMethod(MetaClassImpl.java:1469)
	at org.codehaus.groovy.runtime.callsite.StaticMetaClassSite.call(StaticMetaClassSite.java:53)
	at org.codehaus.groovy.runtime.callsite.CallSiteArray.defaultCall(CallSiteArray.java:48)
	at org.codehaus.groovy.runtime.callsite.AbstractCallSite.call(AbstractCallSite.java:113)
	at org.codehaus.groovy.runtime.callsite.AbstractCallSite.call(AbstractCallSite.java:141)
	at Script1536300508609.run(Script1536300508609.groovy:24)
	at com.kms.katalon.core.main.ScriptEngine.run(ScriptEngine.java:183)
	at com.kms.katalon.core.main.ScriptEngine.runScriptAsRawText(ScriptEngine.java:108)
	at com.kms.katalon.core.main.TestCaseExecutor.runScript(TestCaseExecutor.java:294)
	at com.kms.katalon.core.main.TestCaseExecutor.doExecute(TestCaseExecutor.java:285)
	at com.kms.katalon.core.main.TestCaseExecutor.processExecutionPhase(TestCaseExecutor.java:264)
	at com.kms.katalon.core.main.TestCaseExecutor.accessMainPhase(TestCaseExecutor.java:256)
	at com.kms.katalon.core.main.TestCaseExecutor.execute(TestCaseExecutor.java:200)
	at com.kms.katalon.core.main.TestSuiteExecutor.accessTestCaseMainPhase(TestSuiteExecutor.java:129)
	at com.kms.katalon.core.main.TestSuiteExecutor.accessTestSuiteMainPhase(TestSuiteExecutor.java:112)
	at com.kms.katalon.core.main.TestSuiteExecutor.execute(TestSuiteExecutor.java:81)
	at com.kms.katalon.core.main.TestCaseMain.startTestSuite(TestCaseMain.java:142)
	at com.kms.katalon.core.main.TestCaseMain$startTestSuite$0.call(Unknown Source)
	at org.codehaus.groovy.runtime.callsite.CallSiteArray.defaultCall(CallSiteArray.java:48)
	at org.codehaus.groovy.runtime.callsite.AbstractCallSite.call(AbstractCallSite.java:113)
	at org.codehaus.groovy.runtime.callsite.AbstractCallSite.call(AbstractCallSite.java:141)
	at TempTestSuite1542874456978.run(TempTestSuite1542874456978.groovy:36)
	at groovy.lang.GroovyShell.runScriptOrMainOrTestOrRunnable(GroovyShell.java:263)
	at groovy.lang.GroovyShell.run(GroovyShell.java:518)
	at groovy.lang.GroovyShell.run(GroovyShell.java:507)
	at groovy.ui.GroovyMain.processOnce(GroovyMain.java:653)
	at groovy.ui.GroovyMain.run(GroovyMain.java:384)
	at groovy.ui.GroovyMain.process(GroovyMain.java:370)
	at groovy.ui.GroovyMain.processArgs(GroovyMain.java:129)
	at groovy.ui.GroovyMain.main(GroovyMain.java:109)
	at sun.reflect.NativeMethodAccessorImpl.invoke0(Native Method)
	at sun.reflect.NativeMethodAccessorImpl.invoke(NativeMethodAccessorImpl.java:62)
	at sun.reflect.DelegatingMethodAccessorImpl.invoke(DelegatingMethodAccessorImpl.java:43)
	at java.lang.reflect.Method.invoke(Method.java:498)
	at org.codehaus.groovy.tools.GroovyStarter.rootLoader(GroovyStarter.java:109)
	at org.codehaus.groovy.tools.GroovyStarter.main(GroovyStarter.java:131)
)]]></system-err>
      </testcase>
      <testcase name="Test Cases/Final Aug 2018 - PKS Automation/Registration Module/Workflow/Request SSN/PKRBO - RIO - RO (Approve)" classname="Test Cases/Final Aug 2018 - PKS Automation/Registration Module/Workflow/Request SSN/PKRBO - RIO - RO (Approve)" status="FAILED">
         <failure type="FAILED" message="(Stack trace: com.kms.katalon.core.exception.StepFailedException: Unable to click on object 'Object Repository/Final Object Repo/Landing Page/Select to English' (Root cause: com.kms.katalon.core.webui.exception.WebElementNotFoundException: Web element with id: 'Object Repository/Final Object Repo/Landing Page/Select to English' located by 'By.xpath: //a[@class = 'taglib-language-list-text' and @lang = 'en-US' and (contains(text(), 'EN') or contains(., 'EN'))]' not found)
	at com.kms.katalon.core.keyword.internal.KeywordMain.stepFailed(KeywordMain.groovy:32)
	at com.kms.katalon.core.webui.keyword.internal.WebUIKeywordMain.stepFailed(WebUIKeywordMain.groovy:65)
	at com.kms.katalon.core.webui.keyword.internal.WebUIKeywordMain.runKeyword(WebUIKeywordMain.groovy:27)
	at com.kms.katalon.core.webui.keyword.builtin.ClickKeyword.click(ClickKeyword.groovy:86)
	at com.kms.katalon.core.webui.keyword.builtin.ClickKeyword.execute(ClickKeyword.groovy:67)
	at com.kms.katalon.core.keyword.internal.KeywordExecutor.executeKeywordForPlatform(KeywordExecutor.groovy:53)
	at com.kms.katalon.core.webui.keyword.WebUiBuiltInKeywords.click(WebUiBuiltInKeywords.groovy:604)
	at com.kms.katalon.core.webui.keyword.WebUiBuiltInKeywords$click$13.call(Unknown Source)
	at Script1534407542420.run(Script1534407542420.groovy:57)
	at com.kms.katalon.core.main.ScriptEngine.run(ScriptEngine.java:183)
	at com.kms.katalon.core.main.ScriptEngine.runScriptAsRawText(ScriptEngine.java:108)
	at com.kms.katalon.core.main.TestCaseExecutor.runScript(TestCaseExecutor.java:294)
	at com.kms.katalon.core.main.TestCaseExecutor.doExecute(TestCaseExecutor.java:285)
	at com.kms.katalon.core.main.TestCaseExecutor.processExecutionPhase(TestCaseExecutor.java:264)
	at com.kms.katalon.core.main.TestCaseExecutor.accessMainPhase(TestCaseExecutor.java:256)
	at com.kms.katalon.core.main.TestCaseExecutor.execute(TestCaseExecutor.java:200)
	at com.kms.katalon.core.main.TestCaseMain.runTestCase(TestCaseMain.java:99)
	at com.kms.katalon.core.keyword.builtin.CallTestCaseKeyword$_callTestCase_closure1.doCall(CallTestCaseKeyword.groovy:60)
	at com.kms.katalon.core.keyword.builtin.CallTestCaseKeyword$_callTestCase_closure1.call(CallTestCaseKeyword.groovy)
	at com.kms.katalon.core.keyword.internal.KeywordMain.runKeyword(KeywordMain.groovy:54)
	at com.kms.katalon.core.keyword.builtin.CallTestCaseKeyword.callTestCase(CallTestCaseKeyword.groovy:81)
	at com.kms.katalon.core.keyword.builtin.CallTestCaseKeyword.execute(CallTestCaseKeyword.groovy:45)
	at com.kms.katalon.core.keyword.internal.KeywordExecutor.executeKeywordForPlatform(KeywordExecutor.groovy:53)
	at com.kms.katalon.core.keyword.BuiltinKeywords.callTestCase(BuiltinKeywords.groovy:334)
	at sun.reflect.GeneratedMethodAccessor13.invoke(Unknown Source)
	at sun.reflect.DelegatingMethodAccessorImpl.invoke(DelegatingMethodAccessorImpl.java:43)
	at java.lang.reflect.Method.invoke(Method.java:498)
	at org.codehaus.groovy.reflection.CachedMethod.invoke(CachedMethod.java:93)
	at groovy.lang.MetaMethod.doMethodInvoke(MetaMethod.java:325)
	at groovy.lang.MetaClassImpl.invokeStaticMethod(MetaClassImpl.java:1469)
	at org.codehaus.groovy.runtime.callsite.StaticMetaClassSite.call(StaticMetaClassSite.java:53)
	at org.codehaus.groovy.runtime.callsite.CallSiteArray.defaultCall(CallSiteArray.java:48)
	at org.codehaus.groovy.runtime.callsite.AbstractCallSite.call(AbstractCallSite.java:113)
	at org.codehaus.groovy.runtime.callsite.AbstractCallSite.call(AbstractCallSite.java:141)
	at Script1537866116409.run(Script1537866116409.groovy:30)
	at com.kms.katalon.core.main.ScriptEngine.run(ScriptEngine.java:183)
	at com.kms.katalon.core.main.ScriptEngine.runScriptAsRawText(ScriptEngine.java:108)
	at com.kms.katalon.core.main.TestCaseExecutor.runScript(TestCaseExecutor.java:294)
	at com.kms.katalon.core.main.TestCaseExecutor.doExecute(TestCaseExecutor.java:285)
	at com.kms.katalon.core.main.TestCaseExecutor.processExecutionPhase(TestCaseExecutor.java:264)
	at com.kms.katalon.core.main.TestCaseExecutor.accessMainPhase(TestCaseExecutor.java:256)
	at com.kms.katalon.core.main.TestCaseExecutor.execute(TestCaseExecutor.java:200)
	at com.kms.katalon.core.main.TestCaseMain.runTestCase(TestCaseMain.java:99)
	at com.kms.katalon.core.keyword.builtin.CallTestCaseKeyword$_callTestCase_closure1.doCall(CallTestCaseKeyword.groovy:60)
	at com.kms.katalon.core.keyword.builtin.CallTestCaseKeyword$_callTestCase_closure1.call(CallTestCaseKeyword.groovy)
	at com.kms.katalon.core.keyword.internal.KeywordMain.runKeyword(KeywordMain.groovy:54)
	at com.kms.katalon.core.keyword.builtin.CallTestCaseKeyword.callTestCase(CallTestCaseKeyword.groovy:81)
	at com.kms.katalon.core.keyword.builtin.CallTestCaseKeyword.execute(CallTestCaseKeyword.groovy:45)
	at com.kms.katalon.core.keyword.internal.KeywordExecutor.executeKeywordForPlatform(KeywordExecutor.groovy:53)
	at com.kms.katalon.core.keyword.BuiltinKeywords.callTestCase(BuiltinKeywords.groovy:334)
	at sun.reflect.GeneratedMethodAccessor13.invoke(Unknown Source)
	at sun.reflect.DelegatingMethodAccessorImpl.invoke(DelegatingMethodAccessorImpl.java:43)
	at java.lang.reflect.Method.invoke(Method.java:498)
	at org.codehaus.groovy.reflection.CachedMethod.invoke(CachedMethod.java:93)
	at groovy.lang.MetaMethod.doMethodInvoke(MetaMethod.java:325)
	at groovy.lang.MetaClassImpl.invokeStaticMethod(MetaClassImpl.java:1469)
	at org.codehaus.groovy.runtime.callsite.StaticMetaClassSite.call(StaticMetaClassSite.java:53)
	at org.codehaus.groovy.runtime.callsite.CallSiteArray.defaultCall(CallSiteArray.java:48)
	at org.codehaus.groovy.runtime.callsite.AbstractCallSite.call(AbstractCallSite.java:113)
	at org.codehaus.groovy.runtime.callsite.AbstractCallSite.call(AbstractCallSite.java:141)
	at Script1536300508619.run(Script1536300508619.groovy:24)
	at com.kms.katalon.core.main.ScriptEngine.run(ScriptEngine.java:183)
	at com.kms.katalon.core.main.ScriptEngine.runScriptAsRawText(ScriptEngine.java:108)
	at com.kms.katalon.core.main.TestCaseExecutor.runScript(TestCaseExecutor.java:294)
	at com.kms.katalon.core.main.TestCaseExecutor.doExecute(TestCaseExecutor.java:285)
	at com.kms.katalon.core.main.TestCaseExecutor.processExecutionPhase(TestCaseExecutor.java:264)
	at com.kms.katalon.core.main.TestCaseExecutor.accessMainPhase(TestCaseExecutor.java:256)
	at com.kms.katalon.core.main.TestCaseExecutor.execute(TestCaseExecutor.java:200)
	at com.kms.katalon.core.main.TestSuiteExecutor.accessTestCaseMainPhase(TestSuiteExecutor.java:129)
	at com.kms.katalon.core.main.TestSuiteExecutor.accessTestSuiteMainPhase(TestSuiteExecutor.java:112)
	at com.kms.katalon.core.main.TestSuiteExecutor.execute(TestSuiteExecutor.java:81)
	at com.kms.katalon.core.main.TestCaseMain.startTestSuite(TestCaseMain.java:142)
	at com.kms.katalon.core.main.TestCaseMain$startTestSuite$0.call(Unknown Source)
	at org.codehaus.groovy.runtime.callsite.CallSiteArray.defaultCall(CallSiteArray.java:48)
	at org.codehaus.groovy.runtime.callsite.AbstractCallSite.call(AbstractCallSite.java:113)
	at org.codehaus.groovy.runtime.callsite.AbstractCallSite.call(AbstractCallSite.java:141)
	at TempTestSuite1542874456978.run(TempTestSuite1542874456978.groovy:36)
	at groovy.lang.GroovyShell.runScriptOrMainOrTestOrRunnable(GroovyShell.java:263)
	at groovy.lang.GroovyShell.run(GroovyShell.java:518)
	at groovy.lang.GroovyShell.run(GroovyShell.java:507)
	at groovy.ui.GroovyMain.processOnce(GroovyMain.java:653)
	at groovy.ui.GroovyMain.run(GroovyMain.java:384)
	at groovy.ui.GroovyMain.process(GroovyMain.java:370)
	at groovy.ui.GroovyMain.processArgs(GroovyMain.java:129)
	at groovy.ui.GroovyMain.main(GroovyMain.java:109)
	at sun.reflect.NativeMethodAccessorImpl.invoke0(Native Method)
	at sun.reflect.NativeMethodAccessorImpl.invoke(NativeMethodAccessorImpl.java:62)
	at sun.reflect.DelegatingMethodAccessorImpl.invoke(DelegatingMethodAccessorImpl.java:43)
	at java.lang.reflect.Method.invoke(Method.java:498)
	at org.codehaus.groovy.tools.GroovyStarter.rootLoader(GroovyStarter.java:109)
	at org.codehaus.groovy.tools.GroovyStarter.main(GroovyStarter.java:131)
)"/>
         <system-out><![CDATA[2018-11-23 01:24:40 - [TEST_CASE][FAILED] - Test Cases/Final Aug 2018 - PKS Automation/Registration Module/Workflow/Request SSN/PKRBO - RIO - RO (Approve): Test Cases/Final Aug 2018 - PKS Automation/Registration Module/Workflow/Request SSN/PKRBO - RIO - RO (Approve) FAILED because (of) (Stack trace: com.kms.katalon.core.exception.StepFailedException: Unable to click on object 'Object Repository/Final Object Repo/Landing Page/Select to English' (Root cause: com.kms.katalon.core.webui.exception.WebElementNotFoundException: Web element with id: 'Object Repository/Final Object Repo/Landing Page/Select to English' located by 'By.xpath: //a[@class = 'taglib-language-list-text' and @lang = 'en-US' and (contains(text(), 'EN') or contains(., 'EN'))]' not found)
	at com.kms.katalon.core.keyword.internal.KeywordMain.stepFailed(KeywordMain.groovy:32)
	at com.kms.katalon.core.webui.keyword.internal.WebUIKeywordMain.stepFailed(WebUIKeywordMain.groovy:65)
	at com.kms.katalon.core.webui.keyword.internal.WebUIKeywordMain.runKeyword(WebUIKeywordMain.groovy:27)
	at com.kms.katalon.core.webui.keyword.builtin.ClickKeyword.click(ClickKeyword.groovy:86)
	at com.kms.katalon.core.webui.keyword.builtin.ClickKeyword.execute(ClickKeyword.groovy:67)
	at com.kms.katalon.core.keyword.internal.KeywordExecutor.executeKeywordForPlatform(KeywordExecutor.groovy:53)
	at com.kms.katalon.core.webui.keyword.WebUiBuiltInKeywords.click(WebUiBuiltInKeywords.groovy:604)
	at com.kms.katalon.core.webui.keyword.WebUiBuiltInKeywords$click$13.call(Unknown Source)
	at Script1534407542420.run(Script1534407542420.groovy:57)
	at com.kms.katalon.core.main.ScriptEngine.run(ScriptEngine.java:183)
	at com.kms.katalon.core.main.ScriptEngine.runScriptAsRawText(ScriptEngine.java:108)
	at com.kms.katalon.core.main.TestCaseExecutor.runScript(TestCaseExecutor.java:294)
	at com.kms.katalon.core.main.TestCaseExecutor.doExecute(TestCaseExecutor.java:285)
	at com.kms.katalon.core.main.TestCaseExecutor.processExecutionPhase(TestCaseExecutor.java:264)
	at com.kms.katalon.core.main.TestCaseExecutor.accessMainPhase(TestCaseExecutor.java:256)
	at com.kms.katalon.core.main.TestCaseExecutor.execute(TestCaseExecutor.java:200)
	at com.kms.katalon.core.main.TestCaseMain.runTestCase(TestCaseMain.java:99)
	at com.kms.katalon.core.keyword.builtin.CallTestCaseKeyword$_callTestCase_closure1.doCall(CallTestCaseKeyword.groovy:60)
	at com.kms.katalon.core.keyword.builtin.CallTestCaseKeyword$_callTestCase_closure1.call(CallTestCaseKeyword.groovy)
	at com.kms.katalon.core.keyword.internal.KeywordMain.runKeyword(KeywordMain.groovy:54)
	at com.kms.katalon.core.keyword.builtin.CallTestCaseKeyword.callTestCase(CallTestCaseKeyword.groovy:81)
	at com.kms.katalon.core.keyword.builtin.CallTestCaseKeyword.execute(CallTestCaseKeyword.groovy:45)
	at com.kms.katalon.core.keyword.internal.KeywordExecutor.executeKeywordForPlatform(KeywordExecutor.groovy:53)
	at com.kms.katalon.core.keyword.BuiltinKeywords.callTestCase(BuiltinKeywords.groovy:334)
	at sun.reflect.GeneratedMethodAccessor13.invoke(Unknown Source)
	at sun.reflect.DelegatingMethodAccessorImpl.invoke(DelegatingMethodAccessorImpl.java:43)
	at java.lang.reflect.Method.invoke(Method.java:498)
	at org.codehaus.groovy.reflection.CachedMethod.invoke(CachedMethod.java:93)
	at groovy.lang.MetaMethod.doMethodInvoke(MetaMethod.java:325)
	at groovy.lang.MetaClassImpl.invokeStaticMethod(MetaClassImpl.java:1469)
	at org.codehaus.groovy.runtime.callsite.StaticMetaClassSite.call(StaticMetaClassSite.java:53)
	at org.codehaus.groovy.runtime.callsite.CallSiteArray.defaultCall(CallSiteArray.java:48)
	at org.codehaus.groovy.runtime.callsite.AbstractCallSite.call(AbstractCallSite.java:113)
	at org.codehaus.groovy.runtime.callsite.AbstractCallSite.call(AbstractCallSite.java:141)
	at Script1537866116409.run(Script1537866116409.groovy:30)
	at com.kms.katalon.core.main.ScriptEngine.run(ScriptEngine.java:183)
	at com.kms.katalon.core.main.ScriptEngine.runScriptAsRawText(ScriptEngine.java:108)
	at com.kms.katalon.core.main.TestCaseExecutor.runScript(TestCaseExecutor.java:294)
	at com.kms.katalon.core.main.TestCaseExecutor.doExecute(TestCaseExecutor.java:285)
	at com.kms.katalon.core.main.TestCaseExecutor.processExecutionPhase(TestCaseExecutor.java:264)
	at com.kms.katalon.core.main.TestCaseExecutor.accessMainPhase(TestCaseExecutor.java:256)
	at com.kms.katalon.core.main.TestCaseExecutor.execute(TestCaseExecutor.java:200)
	at com.kms.katalon.core.main.TestCaseMain.runTestCase(TestCaseMain.java:99)
	at com.kms.katalon.core.keyword.builtin.CallTestCaseKeyword$_callTestCase_closure1.doCall(CallTestCaseKeyword.groovy:60)
	at com.kms.katalon.core.keyword.builtin.CallTestCaseKeyword$_callTestCase_closure1.call(CallTestCaseKeyword.groovy)
	at com.kms.katalon.core.keyword.internal.KeywordMain.runKeyword(KeywordMain.groovy:54)
	at com.kms.katalon.core.keyword.builtin.CallTestCaseKeyword.callTestCase(CallTestCaseKeyword.groovy:81)
	at com.kms.katalon.core.keyword.builtin.CallTestCaseKeyword.execute(CallTestCaseKeyword.groovy:45)
	at com.kms.katalon.core.keyword.internal.KeywordExecutor.executeKeywordForPlatform(KeywordExecutor.groovy:53)
	at com.kms.katalon.core.keyword.BuiltinKeywords.callTestCase(BuiltinKeywords.groovy:334)
	at sun.reflect.GeneratedMethodAccessor13.invoke(Unknown Source)
	at sun.reflect.DelegatingMethodAccessorImpl.invoke(DelegatingMethodAccessorImpl.java:43)
	at java.lang.reflect.Method.invoke(Method.java:498)
	at org.codehaus.groovy.reflection.CachedMethod.invoke(CachedMethod.java:93)
	at groovy.lang.MetaMethod.doMethodInvoke(MetaMethod.java:325)
	at groovy.lang.MetaClassImpl.invokeStaticMethod(MetaClassImpl.java:1469)
	at org.codehaus.groovy.runtime.callsite.StaticMetaClassSite.call(StaticMetaClassSite.java:53)
	at org.codehaus.groovy.runtime.callsite.CallSiteArray.defaultCall(CallSiteArray.java:48)
	at org.codehaus.groovy.runtime.callsite.AbstractCallSite.call(AbstractCallSite.java:113)
	at org.codehaus.groovy.runtime.callsite.AbstractCallSite.call(AbstractCallSite.java:141)
	at Script1536300508619.run(Script1536300508619.groovy:24)
	at com.kms.katalon.core.main.ScriptEngine.run(ScriptEngine.java:183)
	at com.kms.katalon.core.main.ScriptEngine.runScriptAsRawText(ScriptEngine.java:108)
	at com.kms.katalon.core.main.TestCaseExecutor.runScript(TestCaseExecutor.java:294)
	at com.kms.katalon.core.main.TestCaseExecutor.doExecute(TestCaseExecutor.java:285)
	at com.kms.katalon.core.main.TestCaseExecutor.processExecutionPhase(TestCaseExecutor.java:264)
	at com.kms.katalon.core.main.TestCaseExecutor.accessMainPhase(TestCaseExecutor.java:256)
	at com.kms.katalon.core.main.TestCaseExecutor.execute(TestCaseExecutor.java:200)
	at com.kms.katalon.core.main.TestSuiteExecutor.accessTestCaseMainPhase(TestSuiteExecutor.java:129)
	at com.kms.katalon.core.main.TestSuiteExecutor.accessTestSuiteMainPhase(TestSuiteExecutor.java:112)
	at com.kms.katalon.core.main.TestSuiteExecutor.execute(TestSuiteExecutor.java:81)
	at com.kms.katalon.core.main.TestCaseMain.startTestSuite(TestCaseMain.java:142)
	at com.kms.katalon.core.main.TestCaseMain$startTestSuite$0.call(Unknown Source)
	at org.codehaus.groovy.runtime.callsite.CallSiteArray.defaultCall(CallSiteArray.java:48)
	at org.codehaus.groovy.runtime.callsite.AbstractCallSite.call(AbstractCallSite.java:113)
	at org.codehaus.groovy.runtime.callsite.AbstractCallSite.call(AbstractCallSite.java:141)
	at TempTestSuite1542874456978.run(TempTestSuite1542874456978.groovy:36)
	at groovy.lang.GroovyShell.runScriptOrMainOrTestOrRunnable(GroovyShell.java:263)
	at groovy.lang.GroovyShell.run(GroovyShell.java:518)
	at groovy.lang.GroovyShell.run(GroovyShell.java:507)
	at groovy.ui.GroovyMain.processOnce(GroovyMain.java:653)
	at groovy.ui.GroovyMain.run(GroovyMain.java:384)
	at groovy.ui.GroovyMain.process(GroovyMain.java:370)
	at groovy.ui.GroovyMain.processArgs(GroovyMain.java:129)
	at groovy.ui.GroovyMain.main(GroovyMain.java:109)
	at sun.reflect.NativeMethodAccessorImpl.invoke0(Native Method)
	at sun.reflect.NativeMethodAccessorImpl.invoke(NativeMethodAccessorImpl.java:62)
	at sun.reflect.DelegatingMethodAccessorImpl.invoke(DelegatingMethodAccessorImpl.java:43)
	at java.lang.reflect.Method.invoke(Method.java:498)
	at org.codehaus.groovy.tools.GroovyStarter.rootLoader(GroovyStarter.java:109)
	at org.codehaus.groovy.tools.GroovyStarter.main(GroovyStarter.java:131)
)

2018-11-23 01:24:41 - [TEST_STEP][PASSED] - callTestCase: Call Test Case 'Test Cases/Final Aug 2018 - PKS Automation/Registration Module/Workflow/Request SSN/Template/Request SSN - PKRBO' successfully

2018-11-23 01:24:41 - [TEST_CASE][PASSED] - Test Cases/Final Aug 2018 - PKS Automation/Registration Module/Workflow/Request SSN/Template/Request SSN - PKRBO: Test Cases/Final Aug 2018 - PKS Automation/Registration Module/Workflow/Request SSN/Template/Request SSN - PKRBO

2018-11-23 01:24:41 - [TEST_STEP][PASSED] - openBrowser: Browser is opened with url: ''

2018-11-23 01:24:41 - [MESSAGE][WARNING] - A browser is already opened. Closing browser and opening a new one

2018-11-23 01:24:45 - [MESSAGE][PASSED] - Browser is opened with url: ''

2018-11-23 01:24:45 - [TEST_STEP][PASSED] - navigateToUrl: Navigate to 'https://assist2-uat.perkeso.gov.my/login' successfully

2018-11-23 01:24:46 - [MESSAGE][PASSED] - Navigate to 'https://assist2-uat.perkeso.gov.my/login' successfully

2018-11-23 01:24:46 - [TEST_STEP][PASSED] - setText: Text 'johorpkrbo1@gmail.com' is set on object 'Object Repository/Final Object Repo/Login Page/Internal User/Email Address'

2018-11-23 01:24:46 - [MESSAGE][PASSED] - Text 'johorpkrbo1@gmail.com' is set on object 'Object Repository/Final Object Repo/Login Page/Internal User/Email Address'

2018-11-23 01:24:46 - [TEST_STEP][PASSED] - click: Object: 'Object Repository/Final Object Repo/Login Page/Internal User/Next Button' is clicked on

2018-11-23 01:24:46 - [MESSAGE][PASSED] - Object: 'Object Repository/Final Object Repo/Login Page/Internal User/Next Button' is clicked on

2018-11-23 01:24:46 - [TEST_STEP][PASSED] - delay: Delayed 1 second(s)

2018-11-23 01:24:47 - [MESSAGE][PASSED] - Delayed 1 second(s)

2018-11-23 01:24:47 - [TEST_STEP][PASSED] - setEncryptedText: Text ****** has been set on object 'Object Repository/Final Object Repo/Login Page/Internal User/Password'

2018-11-23 01:24:48 - [MESSAGE][PASSED] - Text ****** has been set on object 'Object Repository/Final Object Repo/Login Page/Internal User/Password'

2018-11-23 01:24:48 - [TEST_STEP][PASSED] - click: Object: 'Object Repository/Final Object Repo/Login Page/Internal User/Login Button' is clicked on

2018-11-23 01:24:48 - [MESSAGE][PASSED] - Object: 'Object Repository/Final Object Repo/Login Page/Internal User/Login Button' is clicked on

2018-11-23 01:24:48 - [TEST_STEP][PASSED] - delay: Delayed 1 second(s)

2018-11-23 01:24:49 - [MESSAGE][PASSED] - Delayed 1 second(s)

2018-11-23 01:24:49 - [TEST_STEP][PASSED] - navigateToUrl: Navigate to 'https://assist2-uat.perkeso.gov.my/web/registration/request-ssn' successfully

2018-11-23 01:24:54 - [MESSAGE][PASSED] - Navigate to 'https://assist2-uat.perkeso.gov.my/web/registration/request-ssn' successfully

2018-11-23 01:24:54 - [TEST_STEP][PASSED] - setText: Text 'perkeso' is set on object 'Object Repository/Final Object Repo/Page_Request SSN - ASSIST/AI - Name'

2018-11-23 01:24:55 - [MESSAGE][PASSED] - Text 'perkeso' is set on object 'Object Repository/Final Object Repo/Page_Request SSN - ASSIST/AI - Name'

2018-11-23 01:24:55 - [TEST_STEP][PASSED] - click: Object: 'Object Repository/Final Object Repo/Page_Request SSN - ASSIST/AI - DOB' is clicked on

2018-11-23 01:24:55 - [MESSAGE][PASSED] - Object: 'Object Repository/Final Object Repo/Page_Request SSN - ASSIST/AI - DOB' is clicked on

2018-11-23 01:24:55 - [TEST_STEP][PASSED] - selectOptionByValue: All options with value '1995' are selected in object 'Object Repository/Final Object Repo/Page_Request SSN - ASSIST/AI - DOB - Year' 

2018-11-23 01:24:55 - [MESSAGE][PASSED] - All options with value '1995' are selected in object 'Object Repository/Final Object Repo/Page_Request SSN - ASSIST/AI - DOB - Year' 

2018-11-23 01:24:55 - [TEST_STEP][PASSED] - delay: Delayed 3 second(s)

2018-11-23 01:24:58 - [MESSAGE][PASSED] - Delayed 3 second(s)

2018-11-23 01:24:58 - [TEST_STEP][PASSED] - doubleClick: Object: 'Object Repository/Final Object Repo/Page_Request SSN - ASSIST/AI - DOB - Year - Date' is double clicked on

2018-11-23 01:24:58 - [MESSAGE][PASSED] - Object: 'Object Repository/Final Object Repo/Page_Request SSN - ASSIST/AI - DOB - Year - Date' is double clicked on

2018-11-23 01:24:58 - [TEST_STEP][PASSED] - click: Object: 'Object Repository/Final Object Repo/Page_Request SSN - ASSIST/AI - Male' is clicked on

2018-11-23 01:24:59 - [MESSAGE][PASSED] - Object: 'Object Repository/Final Object Repo/Page_Request SSN - ASSIST/AI - Male' is clicked on

2018-11-23 01:24:59 - [TEST_STEP][PASSED] - click: Object: 'Object Repository/Final Object Repo/Page_Request SSN - ASSIST/AI- Race' is clicked on

2018-11-23 01:24:59 - [MESSAGE][PASSED] - Object: 'Object Repository/Final Object Repo/Page_Request SSN - ASSIST/AI- Race' is clicked on

2018-11-23 01:24:59 - [TEST_STEP][PASSED] - click: Object: 'Object Repository/Final Object Repo/Page_Request SSN - ASSIST/AI - Race - Melayu' is clicked on

2018-11-23 01:24:59 - [MESSAGE][PASSED] - Object: 'Object Repository/Final Object Repo/Page_Request SSN - ASSIST/AI - Race - Melayu' is clicked on

2018-11-23 01:24:59 - [TEST_STEP][PASSED] - click: Object: 'Object Repository/Final Object Repo/Page_Request SSN - ASSIST/AI - Religion' is clicked on

2018-11-23 01:24:59 - [MESSAGE][PASSED] - Object: 'Object Repository/Final Object Repo/Page_Request SSN - ASSIST/AI - Religion' is clicked on

2018-11-23 01:24:59 - [TEST_STEP][PASSED] - click: Object: 'Object Repository/Final Object Repo/Page_Request SSN - ASSIST/AI - Religion - Islam' is clicked on

2018-11-23 01:24:59 - [MESSAGE][PASSED] - Object: 'Object Repository/Final Object Repo/Page_Request SSN - ASSIST/AI - Religion - Islam' is clicked on

2018-11-23 01:24:59 - [TEST_STEP][PASSED] - setText: Text '12345' is set on object 'Object Repository/Final Object Repo/Page_Request SSN - ASSIST/AI - Birth Certificate'

2018-11-23 01:25:00 - [MESSAGE][PASSED] - Text '12345' is set on object 'Object Repository/Final Object Repo/Page_Request SSN - ASSIST/AI - Birth Certificate'

2018-11-23 01:25:00 - [TEST_STEP][PASSED] - click: Object: 'Object Repository/Final Object Repo/Page_Request SSN - ASSIST/AI - Nationality' is clicked on

2018-11-23 01:25:00 - [MESSAGE][PASSED] - Object: 'Object Repository/Final Object Repo/Page_Request SSN - ASSIST/AI - Nationality' is clicked on

2018-11-23 01:25:00 - [TEST_STEP][PASSED] - click: Object: 'Object Repository/Final Object Repo/Page_Request SSN - ASSIST/AI - Nationality - Afghanistan' is clicked on

2018-11-23 01:25:00 - [MESSAGE][PASSED] - Object: 'Object Repository/Final Object Repo/Page_Request SSN - ASSIST/AI - Nationality - Afghanistan' is clicked on

2018-11-23 01:25:00 - [TEST_STEP][PASSED] - setText: Text 'PERKESO ADDRESS1' is set on object 'Object Repository/Final Object Repo/Page_Request SSN - ASSIST/AI - Address1'

2018-11-23 01:25:02 - [MESSAGE][PASSED] - Text 'PERKESO ADDRESS1' is set on object 'Object Repository/Final Object Repo/Page_Request SSN - ASSIST/AI - Address1'

2018-11-23 01:25:02 - [TEST_STEP][PASSED] - setText: Text 'PERKESO ADDRESS2' is set on object 'Object Repository/Final Object Repo/Page_Request SSN - ASSIST/AI - Address2'

2018-11-23 01:25:03 - [MESSAGE][PASSED] - Text 'PERKESO ADDRESS2' is set on object 'Object Repository/Final Object Repo/Page_Request SSN - ASSIST/AI - Address2'

2018-11-23 01:25:03 - [TEST_STEP][PASSED] - setText: Text 'PERKESO ADDRESS3' is set on object 'Object Repository/Final Object Repo/Page_Request SSN - ASSIST/AI - Address3'

2018-11-23 01:25:04 - [MESSAGE][PASSED] - Text 'PERKESO ADDRESS3' is set on object 'Object Repository/Final Object Repo/Page_Request SSN - ASSIST/AI - Address3'

2018-11-23 01:25:04 - [TEST_STEP][PASSED] - click: Object: 'Object Repository/Final Object Repo/Page_Request SSN - ASSIST/AI - State' is clicked on

2018-11-23 01:25:04 - [MESSAGE][PASSED] - Object: 'Object Repository/Final Object Repo/Page_Request SSN - ASSIST/AI - State' is clicked on

2018-11-23 01:25:04 - [TEST_STEP][PASSED] - click: Object: 'Object Repository/Final Object Repo/Page_Request SSN - ASSIST/AI - Current Employer State - Johor' is clicked on

2018-11-23 01:25:05 - [MESSAGE][PASSED] - Object: 'Object Repository/Final Object Repo/Page_Request SSN - ASSIST/AI - Current Employer State - Johor' is clicked on

2018-11-23 01:25:05 - [TEST_STEP][PASSED] - click: Object: 'Object Repository/Final Object Repo/Page_Request SSN - ASSIST/AI - City' is clicked on

2018-11-23 01:25:05 - [MESSAGE][PASSED] - Object: 'Object Repository/Final Object Repo/Page_Request SSN - ASSIST/AI - City' is clicked on

2018-11-23 01:25:05 - [TEST_STEP][PASSED] - setText: Text 'JOH' is set on object 'Object Repository/Final Object Repo/Page_Request SSN - ASSIST/AI - City - JOH'

2018-11-23 01:25:05 - [MESSAGE][PASSED] - Text 'JOH' is set on object 'Object Repository/Final Object Repo/Page_Request SSN - ASSIST/AI - City - JOH'

2018-11-23 01:25:05 - [TEST_STEP][PASSED] - delay: Delayed 3 second(s)

2018-11-23 01:25:08 - [MESSAGE][PASSED] - Delayed 3 second(s)

2018-11-23 01:25:08 - [TEST_STEP][PASSED] - click: Object: 'Object Repository/Final Object Repo/Page_Request SSN - ASSIST/AI - City - Johor Bharu' is clicked on

2018-11-23 01:25:09 - [MESSAGE][PASSED] - Object: 'Object Repository/Final Object Repo/Page_Request SSN - ASSIST/AI - City - Johor Bharu' is clicked on

2018-11-23 01:25:09 - [TEST_STEP][PASSED] - click: Object: 'Object Repository/Final Object Repo/Page_Request SSN - ASSIST/AI - Post Code' is clicked on

2018-11-23 01:25:09 - [MESSAGE][PASSED] - Object: 'Object Repository/Final Object Repo/Page_Request SSN - ASSIST/AI - Post Code' is clicked on

2018-11-23 01:25:09 - [TEST_STEP][PASSED] - setText: Text '810' is set on object 'Object Repository/Final Object Repo/Page_Request SSN - ASSIST/AI - City - JOH'

2018-11-23 01:25:09 - [MESSAGE][PASSED] - Text '810' is set on object 'Object Repository/Final Object Repo/Page_Request SSN - ASSIST/AI - City - JOH'

2018-11-23 01:25:09 - [TEST_STEP][PASSED] - delay: Delayed 3 second(s)

2018-11-23 01:25:12 - [MESSAGE][PASSED] - Delayed 3 second(s)

2018-11-23 01:25:12 - [TEST_STEP][PASSED] - click: Object: 'Object Repository/Final Object Repo/Page_Request SSN - ASSIST/AI - PostCode - 81000' is clicked on

2018-11-23 01:25:13 - [MESSAGE][PASSED] - Object: 'Object Repository/Final Object Repo/Page_Request SSN - ASSIST/AI - PostCode - 81000' is clicked on

2018-11-23 01:25:13 - [TEST_STEP][PASSED] - setText: Text '100' is set on object 'Object Repository/Final Object Repo/Page_Request SSN - ASSIST/P.O.BOX'

2018-11-23 01:25:13 - [MESSAGE][PASSED] - Text '100' is set on object 'Object Repository/Final Object Repo/Page_Request SSN - ASSIST/P.O.BOX'

2018-11-23 01:25:13 - [TEST_STEP][PASSED] - setText: Text '100' is set on object 'Object Repository/Final Object Repo/Page_Request SSN - ASSIST/Locked Bag No'

2018-11-23 01:25:14 - [MESSAGE][PASSED] - Text '100' is set on object 'Object Repository/Final Object Repo/Page_Request SSN - ASSIST/Locked Bag No'

2018-11-23 01:25:14 - [TEST_STEP][PASSED] - delay: Delayed 2 second(s)

2018-11-23 01:25:16 - [MESSAGE][PASSED] - Delayed 2 second(s)

2018-11-23 01:25:16 - [TEST_STEP][PASSED] - setText: Text '123456789' is set on object 'Object Repository/Final Object Repo/Page_Request SSN - ASSIST/AI - Telephone No'

2018-11-23 01:25:16 - [MESSAGE][PASSED] - Text '123456789' is set on object 'Object Repository/Final Object Repo/Page_Request SSN - ASSIST/AI - Telephone No'

2018-11-23 01:25:16 - [TEST_STEP][PASSED] - click: Object: 'Object Repository/Final Object Repo/Page_Request SSN - ASSIST/AI - Occupation' is clicked on

2018-11-23 01:25:17 - [MESSAGE][PASSED] - Object: 'Object Repository/Final Object Repo/Page_Request SSN - ASSIST/AI - Occupation' is clicked on

2018-11-23 01:25:17 - [TEST_STEP][PASSED] - click: Object: 'Object Repository/Final Object Repo/Page_Request SSN - ASSIST/AI - Occupation - NUMERICAL AND MATERIAL R' is clicked on

2018-11-23 01:25:17 - [MESSAGE][PASSED] - Object: 'Object Repository/Final Object Repo/Page_Request SSN - ASSIST/AI - Occupation - NUMERICAL AND MATERIAL R' is clicked on

2018-11-23 01:25:17 - [TEST_STEP][PASSED] - delay: Delayed 2 second(s)

2018-11-23 01:25:19 - [MESSAGE][PASSED] - Delayed 2 second(s)

2018-11-23 01:25:19 - [TEST_STEP][PASSED] - click: Object: 'Object Repository/Final Object Repo/Page_Request SSN - ASSIST/AI - Sub Occupation' is clicked on

2018-11-23 01:25:19 - [MESSAGE][PASSED] - Object: 'Object Repository/Final Object Repo/Page_Request SSN - ASSIST/AI - Sub Occupation' is clicked on

2018-11-23 01:25:19 - [TEST_STEP][PASSED] - click: Object: 'Object Repository/Final Object Repo/Page_Request SSN - ASSIST/AI - Sub Occupation - Stock Clerks' is clicked on

2018-11-23 01:25:19 - [MESSAGE][PASSED] - Object: 'Object Repository/Final Object Repo/Page_Request SSN - ASSIST/AI - Sub Occupation - Stock Clerks' is clicked on

2018-11-23 01:25:19 - [TEST_STEP][PASSED] - delay: Delayed 2 second(s)

2018-11-23 01:25:21 - [MESSAGE][PASSED] - Delayed 2 second(s)

2018-11-23 01:25:21 - [TEST_STEP][PASSED] - click: Object: 'Object Repository/Final Object Repo/Page_Request SSN - ASSIST/AI - Sub Occupation List' is clicked on

2018-11-23 01:25:22 - [MESSAGE][PASSED] - Object: 'Object Repository/Final Object Repo/Page_Request SSN - ASSIST/AI - Sub Occupation List' is clicked on

2018-11-23 01:25:22 - [TEST_STEP][PASSED] - click: Object: 'Object Repository/Final Object Repo/Page_Request SSN - ASSIST/AI - Sub Occupation List - Clerk raw material' is clicked on

2018-11-23 01:25:22 - [MESSAGE][PASSED] - Object: 'Object Repository/Final Object Repo/Page_Request SSN - ASSIST/AI - Sub Occupation List - Clerk raw material' is clicked on

2018-11-23 01:25:22 - [TEST_STEP][PASSED] - click: Object: 'Object Repository/Final Object Repo/Page_Request SSN - ASSIST/AI - Employment Start Date' is clicked on

2018-11-23 01:25:22 - [MESSAGE][PASSED] - Object: 'Object Repository/Final Object Repo/Page_Request SSN - ASSIST/AI - Employment Start Date' is clicked on

2018-11-23 01:25:22 - [TEST_STEP][PASSED] - click: Object: 'Object Repository/Final Object Repo/Page_Request SSN - ASSIST/AI - DOB - Year - Date' is clicked on

2018-11-23 01:25:22 - [MESSAGE][PASSED] - Object: 'Object Repository/Final Object Repo/Page_Request SSN - ASSIST/AI - DOB - Year - Date' is clicked on

2018-11-23 01:25:22 - [TEST_STEP][PASSED] - setText: Text 'perkeso' is set on object 'Object Repository/Final Object Repo/Page_Request SSN - ASSIST/AI - Current Employer Name'

2018-11-23 01:25:23 - [MESSAGE][PASSED] - Text 'perkeso' is set on object 'Object Repository/Final Object Repo/Page_Request SSN - ASSIST/AI - Current Employer Name'

2018-11-23 01:25:23 - [TEST_STEP][PASSED] - setText: Text 'perkeso1' is set on object 'Object Repository/Final Object Repo/Page_Request SSN - ASSIST/AI - Current Employer Address1'

2018-11-23 01:25:24 - [MESSAGE][PASSED] - Text 'perkeso1' is set on object 'Object Repository/Final Object Repo/Page_Request SSN - ASSIST/AI - Current Employer Address1'

2018-11-23 01:25:24 - [TEST_STEP][PASSED] - setText: Text 'perkeso2' is set on object 'Object Repository/Final Object Repo/Page_Request SSN - ASSIST/AI - Current Employer Address2'

2018-11-23 01:25:24 - [MESSAGE][PASSED] - Text 'perkeso2' is set on object 'Object Repository/Final Object Repo/Page_Request SSN - ASSIST/AI - Current Employer Address2'

2018-11-23 01:25:24 - [TEST_STEP][PASSED] - setText: Text 'perkeso3' is set on object 'Object Repository/Final Object Repo/Page_Request SSN - ASSIST/AI - Current Employer Address3'

2018-11-23 01:25:25 - [MESSAGE][PASSED] - Text 'perkeso3' is set on object 'Object Repository/Final Object Repo/Page_Request SSN - ASSIST/AI - Current Employer Address3'

2018-11-23 01:25:25 - [TEST_STEP][PASSED] - click: Object: 'Object Repository/Final Object Repo/Page_Request SSN - ASSIST/AI - Current Employer State' is clicked on

2018-11-23 01:25:25 - [MESSAGE][PASSED] - Object: 'Object Repository/Final Object Repo/Page_Request SSN - ASSIST/AI - Current Employer State' is clicked on

2018-11-23 01:25:25 - [TEST_STEP][PASSED] - click: Object: 'Object Repository/Final Object Repo/Page_Request SSN - ASSIST/AI - Current Employer State - Johor 1' is clicked on

2018-11-23 01:25:25 - [MESSAGE][PASSED] - Object: 'Object Repository/Final Object Repo/Page_Request SSN - ASSIST/AI - Current Employer State - Johor 1' is clicked on

2018-11-23 01:25:25 - [TEST_STEP][PASSED] - click: Object: 'Object Repository/Final Object Repo/Page_Request SSN - ASSIST/AI - Current Employer City' is clicked on

2018-11-23 01:25:26 - [MESSAGE][PASSED] - Object: 'Object Repository/Final Object Repo/Page_Request SSN - ASSIST/AI - Current Employer City' is clicked on

2018-11-23 01:25:26 - [TEST_STEP][PASSED] - setText: Text 'joh' is set on object 'Object Repository/Final Object Repo/Page_Request SSN - ASSIST/AI - City - JOH'

2018-11-23 01:25:26 - [MESSAGE][PASSED] - Text 'joh' is set on object 'Object Repository/Final Object Repo/Page_Request SSN - ASSIST/AI - City - JOH'

2018-11-23 01:25:26 - [TEST_STEP][PASSED] - delay: Delayed 2 second(s)

2018-11-23 01:25:28 - [MESSAGE][PASSED] - Delayed 2 second(s)

2018-11-23 01:25:28 - [TEST_STEP][PASSED] - click: Object: 'Object Repository/Final Object Repo/Page_Request SSN - ASSIST/AI - City - Johor Bharu' is clicked on

2018-11-23 01:25:28 - [MESSAGE][PASSED] - Object: 'Object Repository/Final Object Repo/Page_Request SSN - ASSIST/AI - City - Johor Bharu' is clicked on

2018-11-23 01:25:28 - [TEST_STEP][PASSED] - click: Object: 'Object Repository/Final Object Repo/Page_Request SSN - ASSIST/AI - Current Employer Postcode' is clicked on

2018-11-23 01:25:29 - [MESSAGE][PASSED] - Object: 'Object Repository/Final Object Repo/Page_Request SSN - ASSIST/AI - Current Employer Postcode' is clicked on

2018-11-23 01:25:29 - [TEST_STEP][PASSED] - setText: Text '810' is set on object 'Object Repository/Final Object Repo/Page_Request SSN - ASSIST/AI - City - JOH'

2018-11-23 01:25:29 - [MESSAGE][PASSED] - Text '810' is set on object 'Object Repository/Final Object Repo/Page_Request SSN - ASSIST/AI - City - JOH'

2018-11-23 01:25:29 - [TEST_STEP][PASSED] - delay: Delayed 2 second(s)

2018-11-23 01:25:31 - [MESSAGE][PASSED] - Delayed 2 second(s)

2018-11-23 01:25:31 - [TEST_STEP][PASSED] - click: Object: 'Object Repository/Final Object Repo/Page_Request SSN - ASSIST/AI - PostCode - 81000' is clicked on

2018-11-23 01:25:31 - [MESSAGE][PASSED] - Object: 'Object Repository/Final Object Repo/Page_Request SSN - ASSIST/AI - PostCode - 81000' is clicked on

2018-11-23 01:25:31 - [TEST_STEP][NOT_RUN] - setText: NOT_RUN: setText

2018-11-23 01:25:31 - [MESSAGE][NOT_RUN] - NOT_RUN: setText

2018-11-23 01:25:31 - [TEST_STEP][NOT_RUN] - setText: NOT_RUN: setText

2018-11-23 01:25:31 - [MESSAGE][NOT_RUN] - NOT_RUN: setText

2018-11-23 01:25:31 - [TEST_STEP][NOT_RUN] - click: NOT_RUN: click

2018-11-23 01:25:31 - [MESSAGE][NOT_RUN] - NOT_RUN: click

2018-11-23 01:25:31 - [TEST_STEP][NOT_RUN] - click: NOT_RUN: click

2018-11-23 01:25:31 - [MESSAGE][NOT_RUN] - NOT_RUN: click

2018-11-23 01:25:31 - [TEST_STEP][NOT_RUN] - setText: NOT_RUN: setText

2018-11-23 01:25:31 - [MESSAGE][NOT_RUN] - NOT_RUN: setText

2018-11-23 01:25:31 - [TEST_STEP][NOT_RUN] - click: NOT_RUN: click

2018-11-23 01:25:31 - [MESSAGE][NOT_RUN] - NOT_RUN: click

2018-11-23 01:25:31 - [TEST_STEP][NOT_RUN] - click: NOT_RUN: click

2018-11-23 01:25:31 - [MESSAGE][NOT_RUN] - NOT_RUN: click

2018-11-23 01:25:31 - [TEST_STEP][NOT_RUN] - click: NOT_RUN: click

2018-11-23 01:25:31 - [MESSAGE][NOT_RUN] - NOT_RUN: click

2018-11-23 01:25:31 - [TEST_STEP][NOT_RUN] - click: NOT_RUN: click

2018-11-23 01:25:31 - [MESSAGE][NOT_RUN] - NOT_RUN: click

2018-11-23 01:25:31 - [TEST_STEP][NOT_RUN] - click: NOT_RUN: click

2018-11-23 01:25:31 - [MESSAGE][NOT_RUN] - NOT_RUN: click

2018-11-23 01:25:31 - [TEST_STEP][NOT_RUN] - click: NOT_RUN: click

2018-11-23 01:25:31 - [MESSAGE][NOT_RUN] - NOT_RUN: click

2018-11-23 01:25:31 - [TEST_STEP][NOT_RUN] - setText: NOT_RUN: setText

2018-11-23 01:25:31 - [MESSAGE][NOT_RUN] - NOT_RUN: setText

2018-11-23 01:25:31 - [TEST_STEP][NOT_RUN] - setText: NOT_RUN: setText

2018-11-23 01:25:31 - [MESSAGE][NOT_RUN] - NOT_RUN: setText

2018-11-23 01:25:31 - [TEST_STEP][NOT_RUN] - setText: NOT_RUN: setText

2018-11-23 01:25:31 - [MESSAGE][NOT_RUN] - NOT_RUN: setText

2018-11-23 01:25:31 - [TEST_STEP][NOT_RUN] - click: NOT_RUN: click

2018-11-23 01:25:31 - [MESSAGE][NOT_RUN] - NOT_RUN: click

2018-11-23 01:25:31 - [TEST_STEP][NOT_RUN] - click: NOT_RUN: click

2018-11-23 01:25:31 - [MESSAGE][NOT_RUN] - NOT_RUN: click

2018-11-23 01:25:31 - [TEST_STEP][NOT_RUN] - click: NOT_RUN: click

2018-11-23 01:25:31 - [MESSAGE][NOT_RUN] - NOT_RUN: click

2018-11-23 01:25:31 - [TEST_STEP][NOT_RUN] - setText: NOT_RUN: setText

2018-11-23 01:25:31 - [MESSAGE][NOT_RUN] - NOT_RUN: setText

2018-11-23 01:25:31 - [TEST_STEP][NOT_RUN] - delay: NOT_RUN: delay

2018-11-23 01:25:31 - [MESSAGE][NOT_RUN] - NOT_RUN: delay

2018-11-23 01:25:31 - [TEST_STEP][NOT_RUN] - click: NOT_RUN: click

2018-11-23 01:25:31 - [MESSAGE][NOT_RUN] - NOT_RUN: click

2018-11-23 01:25:31 - [TEST_STEP][NOT_RUN] - click: NOT_RUN: click

2018-11-23 01:25:31 - [MESSAGE][NOT_RUN] - NOT_RUN: click

2018-11-23 01:25:31 - [TEST_STEP][NOT_RUN] - click: NOT_RUN: click

2018-11-23 01:25:31 - [MESSAGE][NOT_RUN] - NOT_RUN: click

2018-11-23 01:25:31 - [TEST_STEP][NOT_RUN] - setText: NOT_RUN: setText

2018-11-23 01:25:31 - [MESSAGE][NOT_RUN] - NOT_RUN: setText

2018-11-23 01:25:31 - [TEST_STEP][NOT_RUN] - delay: NOT_RUN: delay

2018-11-23 01:25:31 - [MESSAGE][NOT_RUN] - NOT_RUN: delay

2018-11-23 01:25:31 - [TEST_STEP][NOT_RUN] - click: NOT_RUN: click

2018-11-23 01:25:31 - [MESSAGE][NOT_RUN] - NOT_RUN: click

2018-11-23 01:25:31 - [TEST_STEP][NOT_RUN] - delay: NOT_RUN: delay

2018-11-23 01:25:31 - [MESSAGE][NOT_RUN] - NOT_RUN: delay

2018-11-23 01:25:31 - [TEST_STEP][NOT_RUN] - setText: NOT_RUN: setText

2018-11-23 01:25:31 - [MESSAGE][NOT_RUN] - NOT_RUN: setText

2018-11-23 01:25:31 - [TEST_STEP][NOT_RUN] - setText: NOT_RUN: setText

2018-11-23 01:25:31 - [MESSAGE][NOT_RUN] - NOT_RUN: setText

2018-11-23 01:25:31 - [TEST_STEP][NOT_RUN] - setText: NOT_RUN: setText

2018-11-23 01:25:31 - [MESSAGE][NOT_RUN] - NOT_RUN: setText

2018-11-23 01:25:31 - [TEST_STEP][NOT_RUN] - click: NOT_RUN: click

2018-11-23 01:25:31 - [MESSAGE][NOT_RUN] - NOT_RUN: click

2018-11-23 01:25:31 - [TEST_STEP][NOT_RUN] - click: NOT_RUN: click

2018-11-23 01:25:31 - [MESSAGE][NOT_RUN] - NOT_RUN: click

2018-11-23 01:25:31 - [TEST_STEP][NOT_RUN] - setText: NOT_RUN: setText

2018-11-23 01:25:31 - [MESSAGE][NOT_RUN] - NOT_RUN: setText

2018-11-23 01:25:31 - [TEST_STEP][NOT_RUN] - click: NOT_RUN: click

2018-11-23 01:25:31 - [MESSAGE][NOT_RUN] - NOT_RUN: click

2018-11-23 01:25:31 - [TEST_STEP][NOT_RUN] - click: NOT_RUN: click

2018-11-23 01:25:31 - [MESSAGE][NOT_RUN] - NOT_RUN: click

2018-11-23 01:25:31 - [TEST_STEP][NOT_RUN] - click: NOT_RUN: click

2018-11-23 01:25:31 - [MESSAGE][NOT_RUN] - NOT_RUN: click

2018-11-23 01:25:31 - [TEST_STEP][NOT_RUN] - click: NOT_RUN: click

2018-11-23 01:25:31 - [MESSAGE][NOT_RUN] - NOT_RUN: click

2018-11-23 01:25:31 - [TEST_STEP][NOT_RUN] - click: NOT_RUN: click

2018-11-23 01:25:31 - [MESSAGE][NOT_RUN] - NOT_RUN: click

2018-11-23 01:25:31 - [TEST_STEP][NOT_RUN] - click: NOT_RUN: click

2018-11-23 01:25:31 - [MESSAGE][NOT_RUN] - NOT_RUN: click

2018-11-23 01:25:31 - [TEST_STEP][NOT_RUN] - setText: NOT_RUN: setText

2018-11-23 01:25:31 - [MESSAGE][NOT_RUN] - NOT_RUN: setText

2018-11-23 01:25:31 - [TEST_STEP][NOT_RUN] - setText: NOT_RUN: setText

2018-11-23 01:25:31 - [MESSAGE][NOT_RUN] - NOT_RUN: setText

2018-11-23 01:25:31 - [TEST_STEP][NOT_RUN] - setText: NOT_RUN: setText

2018-11-23 01:25:31 - [MESSAGE][NOT_RUN] - NOT_RUN: setText

2018-11-23 01:25:31 - [TEST_STEP][NOT_RUN] - click: NOT_RUN: click

2018-11-23 01:25:31 - [MESSAGE][NOT_RUN] - NOT_RUN: click

2018-11-23 01:25:31 - [TEST_STEP][NOT_RUN] - click: NOT_RUN: click

2018-11-23 01:25:31 - [MESSAGE][NOT_RUN] - NOT_RUN: click

2018-11-23 01:25:31 - [TEST_STEP][NOT_RUN] - click: NOT_RUN: click

2018-11-23 01:25:31 - [MESSAGE][NOT_RUN] - NOT_RUN: click

2018-11-23 01:25:31 - [TEST_STEP][NOT_RUN] - delay: NOT_RUN: delay

2018-11-23 01:25:31 - [MESSAGE][NOT_RUN] - NOT_RUN: delay

2018-11-23 01:25:31 - [TEST_STEP][NOT_RUN] - setText: NOT_RUN: setText

2018-11-23 01:25:31 - [MESSAGE][NOT_RUN] - NOT_RUN: setText

2018-11-23 01:25:31 - [TEST_STEP][NOT_RUN] - delay: NOT_RUN: delay

2018-11-23 01:25:31 - [MESSAGE][NOT_RUN] - NOT_RUN: delay

2018-11-23 01:25:31 - [TEST_STEP][NOT_RUN] - click: NOT_RUN: click

2018-11-23 01:25:31 - [MESSAGE][NOT_RUN] - NOT_RUN: click

2018-11-23 01:25:31 - [TEST_STEP][NOT_RUN] - doubleClick: NOT_RUN: doubleClick

2018-11-23 01:25:31 - [MESSAGE][NOT_RUN] - NOT_RUN: doubleClick

2018-11-23 01:25:31 - [TEST_STEP][NOT_RUN] - click: NOT_RUN: click

2018-11-23 01:25:31 - [MESSAGE][NOT_RUN] - NOT_RUN: click

2018-11-23 01:25:31 - [TEST_STEP][NOT_RUN] - setText: NOT_RUN: setText

2018-11-23 01:25:31 - [MESSAGE][NOT_RUN] - NOT_RUN: setText

2018-11-23 01:25:31 - [TEST_STEP][NOT_RUN] - delay: NOT_RUN: delay

2018-11-23 01:25:31 - [MESSAGE][NOT_RUN] - NOT_RUN: delay

2018-11-23 01:25:31 - [TEST_STEP][NOT_RUN] - click: NOT_RUN: click

2018-11-23 01:25:31 - [MESSAGE][NOT_RUN] - NOT_RUN: click

2018-11-23 01:25:31 - [TEST_STEP][NOT_RUN] - delay: NOT_RUN: delay

2018-11-23 01:25:31 - [MESSAGE][NOT_RUN] - NOT_RUN: delay

2018-11-23 01:25:31 - [TEST_STEP][NOT_RUN] - setText: NOT_RUN: setText

2018-11-23 01:25:31 - [MESSAGE][NOT_RUN] - NOT_RUN: setText

2018-11-23 01:25:31 - [TEST_STEP][PASSED] - click: Object: 'Object Repository/Final Object Repo/Page_Request SSN - ASSIST/Save  Continue' is clicked on

2018-11-23 01:25:32 - [MESSAGE][PASSED] - Object: 'Object Repository/Final Object Repo/Page_Request SSN - ASSIST/Save  Continue' is clicked on

2018-11-23 01:25:32 - [TEST_STEP][PASSED] - delay: Delayed 3 second(s)

2018-11-23 01:25:35 - [MESSAGE][PASSED] - Delayed 3 second(s)

2018-11-23 01:25:35 - [TEST_STEP][PASSED] - Statement - CaseReferenceNo = com.kms.katalon.core.webui.keyword.WebUiBuiltInKeywords.getText(com.kms.katalon.core.testobject.ObjectRepository.findTestObject(Final Object Repo/Page_Request SSN - ASSIST/Reference Number in Uploading Page)): Text of object 'Object Repository/Final Object Repo/Page_Request SSN - ASSIST/Reference Number in Uploading Page' is: 'SSN11201800001135'

2018-11-23 01:25:35 - [MESSAGE][PASSED] - Text of object 'Object Repository/Final Object Repo/Page_Request SSN - ASSIST/Reference Number in Uploading Page' is: 'SSN11201800001135'

2018-11-23 01:25:35 - [TEST_STEP][PASSED] - callTestCase: Call Test Case 'Test Cases/Final Aug 2018 - PKS Automation/Common/Reference Number Setter' successfully

2018-11-23 01:25:35 - [TEST_CASE][PASSED] - Test Cases/Final Aug 2018 - PKS Automation/Common/Reference Number Setter: Test Cases/Final Aug 2018 - PKS Automation/Common/Reference Number Setter

2018-11-23 01:25:35 - [TEST_STEP][PASSED] - Statement - RefNoOldFile = new java.io.File(C://Users//Admin//Desktop//PKS//Automation Reference Point//KatalonReference.txt): null

2018-11-23 01:25:35 - [TEST_STEP][PASSED] - Statement - RefNoOldFile.delete(): null

2018-11-23 01:25:35 - [TEST_STEP][PASSED] - delay: Delayed 5 second(s)

2018-11-23 01:25:40 - [MESSAGE][PASSED] - Delayed 5 second(s)

2018-11-23 01:25:40 - [TEST_STEP][PASSED] - Statement - RefNo = new java.io.File(C://Users//Admin//Desktop//PKS//Automation Reference Point//KatalonReference.txt): null

2018-11-23 01:25:40 - [TEST_STEP][PASSED] - Statement - f2 = new java.io.FileWriter(RefNo, false): null

2018-11-23 01:25:40 - [TEST_STEP][PASSED] - Statement - f2.write(CaseReferenceNo): null

2018-11-23 01:25:40 - [TEST_STEP][PASSED] - Statement - f2.close(): null

2018-11-23 01:25:40 - [TEST_STEP][PASSED] - Statement - out.println("


" + CaseReferenceNo + "


"): null

2018-11-23 01:25:40 - [MESSAGE][PASSED] - Call Test Case 'Test Cases/Final Aug 2018 - PKS Automation/Common/Reference Number Setter' successfully

2018-11-23 01:25:40 - [TEST_STEP][PASSED] - click: Object: 'Object Repository/Final Object Repo/Page_Request SSN - ASSIST/Add Document Button' is clicked on

2018-11-23 01:25:40 - [MESSAGE][PASSED] - Object: 'Object Repository/Final Object Repo/Page_Request SSN - ASSIST/Add Document Button' is clicked on

2018-11-23 01:25:40 - [TEST_STEP][PASSED] - delay: Delayed 2 second(s)

2018-11-23 01:25:42 - [MESSAGE][PASSED] - Delayed 2 second(s)

2018-11-23 01:25:42 - [TEST_STEP][PASSED] - click: Object: 'Object Repository/Final Object Repo/Page_Request SSN - ASSIST/Document Type' is clicked on

2018-11-23 01:25:43 - [MESSAGE][PASSED] - Object: 'Object Repository/Final Object Repo/Page_Request SSN - ASSIST/Document Type' is clicked on

2018-11-23 01:25:43 - [TEST_STEP][PASSED] - click: Object: 'Object Repository/Final Object Repo/Page_Request SSN - ASSIST/Document Type - Birth Certificate' is clicked on

2018-11-23 01:25:44 - [MESSAGE][PASSED] - Object: 'Object Repository/Final Object Repo/Page_Request SSN - ASSIST/Document Type - Birth Certificate' is clicked on

2018-11-23 01:25:44 - [TEST_STEP][PASSED] - sendKeys: Keys 'C:\Users\Public\Pictures\Sample Pictures\Koala.jpg' sent to object: 'Object Repository/Final Object Repo/Page_Request SSN - ASSIST/Upload File'

2018-11-23 01:25:44 - [MESSAGE][PASSED] - Keys 'C:\Users\Public\Pictures\Sample Pictures\Koala.jpg' sent to object: 'Object Repository/Final Object Repo/Page_Request SSN - ASSIST/Upload File'

2018-11-23 01:25:44 - [TEST_STEP][PASSED] - click: Object: 'Object Repository/Final Object Repo/Page_Request SSN - ASSIST/Add Document' is clicked on

2018-11-23 01:25:44 - [MESSAGE][PASSED] - Object: 'Object Repository/Final Object Repo/Page_Request SSN - ASSIST/Add Document' is clicked on

2018-11-23 01:25:44 - [TEST_STEP][PASSED] - delay: Delayed 20 second(s)

2018-11-23 01:26:04 - [MESSAGE][PASSED] - Delayed 20 second(s)

2018-11-23 01:26:04 - [TEST_STEP][PASSED] - click: Object: 'Object Repository/Final Object Repo/Page_Request SSN - ASSIST/Save  Continue in Uploading Document Page' is clicked on

2018-11-23 01:26:04 - [MESSAGE][PASSED] - Object: 'Object Repository/Final Object Repo/Page_Request SSN - ASSIST/Save  Continue in Uploading Document Page' is clicked on

2018-11-23 01:26:04 - [TEST_STEP][PASSED] - delay: Delayed 2 second(s)

2018-11-23 01:26:06 - [MESSAGE][PASSED] - Delayed 2 second(s)

2018-11-23 01:26:06 - [TEST_STEP][PASSED] - click: Object: 'Object Repository/Final Object Repo/Page_Request SSN - ASSIST/Submit' is clicked on

2018-11-23 01:26:09 - [MESSAGE][PASSED] - Object: 'Object Repository/Final Object Repo/Page_Request SSN - ASSIST/Submit' is clicked on

2018-11-23 01:26:09 - [TEST_STEP][PASSED] - delay: Delayed 2 second(s)

2018-11-23 01:26:11 - [MESSAGE][PASSED] - Delayed 2 second(s)

2018-11-23 01:26:11 - [TEST_STEP][PASSED] - click: Object: 'Object Repository/Final Object Repo/Page_Request SSN - ASSIST/Confirm' is clicked on

2018-11-23 01:26:12 - [MESSAGE][PASSED] - Object: 'Object Repository/Final Object Repo/Page_Request SSN - ASSIST/Confirm' is clicked on

2018-11-23 01:26:12 - [TEST_STEP][PASSED] - delay: Delayed 2 second(s)

2018-11-23 01:26:14 - [MESSAGE][PASSED] - Delayed 2 second(s)

2018-11-23 01:26:14 - [TEST_STEP][PASSED] - verifyElementVisible: Object 'Object Repository/Final Object Repo/Page_Request SSN - ASSIST/Message This Case will be routed to RIO' is visible

2018-11-23 01:26:19 - [MESSAGE][PASSED] - Object 'Object Repository/Final Object Repo/Page_Request SSN - ASSIST/Message This Case will be routed to RIO' is visible

2018-11-23 01:26:19 - [TEST_STEP][PASSED] - delay: Delayed 2 second(s)

2018-11-23 01:26:21 - [MESSAGE][PASSED] - Delayed 2 second(s)

2018-11-23 01:26:21 - [TEST_STEP][PASSED] - verifyElementVisible: Object 'Object Repository/Final Object Repo/Page_Request SSN - ASSIST/Letter of acknowledgement' is visible

2018-11-23 01:26:21 - [MESSAGE][PASSED] - Object 'Object Repository/Final Object Repo/Page_Request SSN - ASSIST/Letter of acknowledgement' is visible

2018-11-23 01:26:21 - [MESSAGE][PASSED] - Call Test Case 'Test Cases/Final Aug 2018 - PKS Automation/Registration Module/Workflow/Request SSN/Template/Request SSN - PKRBO' successfully

2018-11-23 01:26:21 - [TEST_STEP][FAILED] - callTestCase: Unable to call Test Case with id 'Test Cases/Final Aug 2018 - PKS Automation/Registration Module/Workflow/Request SSN/Template/Request SSN RIO - RO (Approve and Using Current Employer Code)' (Root cause: Call Test Case 'Test Cases/Final Aug 2018 - PKS Automation/Registration Module/Workflow/Request SSN/Template/Request SSN RIO - RO (Approve and Using Current Employer Code)' failed)

2018-11-23 01:26:21 - [TEST_CASE][FAILED] - Test Cases/Final Aug 2018 - PKS Automation/Registration Module/Workflow/Request SSN/Template/Request SSN RIO - RO (Approve and Using Current Employer Code): Test Cases/Final Aug 2018 - PKS Automation/Registration Module/Workflow/Request SSN/Template/Request SSN RIO - RO (Approve and Using Current Employer Code) FAILED because (of) (Stack trace: com.kms.katalon.core.exception.StepFailedException: Unable to click on object 'Object Repository/Final Object Repo/Landing Page/Select to English' (Root cause: com.kms.katalon.core.webui.exception.WebElementNotFoundException: Web element with id: 'Object Repository/Final Object Repo/Landing Page/Select to English' located by 'By.xpath: //a[@class = 'taglib-language-list-text' and @lang = 'en-US' and (contains(text(), 'EN') or contains(., 'EN'))]' not found)
	at com.kms.katalon.core.keyword.internal.KeywordMain.stepFailed(KeywordMain.groovy:32)
	at com.kms.katalon.core.webui.keyword.internal.WebUIKeywordMain.stepFailed(WebUIKeywordMain.groovy:65)
	at com.kms.katalon.core.webui.keyword.internal.WebUIKeywordMain.runKeyword(WebUIKeywordMain.groovy:27)
	at com.kms.katalon.core.webui.keyword.builtin.ClickKeyword.click(ClickKeyword.groovy:86)
	at com.kms.katalon.core.webui.keyword.builtin.ClickKeyword.execute(ClickKeyword.groovy:67)
	at com.kms.katalon.core.keyword.internal.KeywordExecutor.executeKeywordForPlatform(KeywordExecutor.groovy:53)
	at com.kms.katalon.core.webui.keyword.WebUiBuiltInKeywords.click(WebUiBuiltInKeywords.groovy:604)
	at com.kms.katalon.core.webui.keyword.WebUiBuiltInKeywords$click$13.call(Unknown Source)
	at Script1534407542420.run(Script1534407542420.groovy:57)
	at com.kms.katalon.core.main.ScriptEngine.run(ScriptEngine.java:183)
	at com.kms.katalon.core.main.ScriptEngine.runScriptAsRawText(ScriptEngine.java:108)
	at com.kms.katalon.core.main.TestCaseExecutor.runScript(TestCaseExecutor.java:294)
	at com.kms.katalon.core.main.TestCaseExecutor.doExecute(TestCaseExecutor.java:285)
	at com.kms.katalon.core.main.TestCaseExecutor.processExecutionPhase(TestCaseExecutor.java:264)
	at com.kms.katalon.core.main.TestCaseExecutor.accessMainPhase(TestCaseExecutor.java:256)
	at com.kms.katalon.core.main.TestCaseExecutor.execute(TestCaseExecutor.java:200)
	at com.kms.katalon.core.main.TestCaseMain.runTestCase(TestCaseMain.java:99)
	at com.kms.katalon.core.keyword.builtin.CallTestCaseKeyword$_callTestCase_closure1.doCall(CallTestCaseKeyword.groovy:60)
	at com.kms.katalon.core.keyword.builtin.CallTestCaseKeyword$_callTestCase_closure1.call(CallTestCaseKeyword.groovy)
	at com.kms.katalon.core.keyword.internal.KeywordMain.runKeyword(KeywordMain.groovy:54)
	at com.kms.katalon.core.keyword.builtin.CallTestCaseKeyword.callTestCase(CallTestCaseKeyword.groovy:81)
	at com.kms.katalon.core.keyword.builtin.CallTestCaseKeyword.execute(CallTestCaseKeyword.groovy:45)
	at com.kms.katalon.core.keyword.internal.KeywordExecutor.executeKeywordForPlatform(KeywordExecutor.groovy:53)
	at com.kms.katalon.core.keyword.BuiltinKeywords.callTestCase(BuiltinKeywords.groovy:334)
	at sun.reflect.GeneratedMethodAccessor13.invoke(Unknown Source)
	at sun.reflect.DelegatingMethodAccessorImpl.invoke(DelegatingMethodAccessorImpl.java:43)
	at java.lang.reflect.Method.invoke(Method.java:498)
	at org.codehaus.groovy.reflection.CachedMethod.invoke(CachedMethod.java:93)
	at groovy.lang.MetaMethod.doMethodInvoke(MetaMethod.java:325)
	at groovy.lang.MetaClassImpl.invokeStaticMethod(MetaClassImpl.java:1469)
	at org.codehaus.groovy.runtime.callsite.StaticMetaClassSite.call(StaticMetaClassSite.java:53)
	at org.codehaus.groovy.runtime.callsite.CallSiteArray.defaultCall(CallSiteArray.java:48)
	at org.codehaus.groovy.runtime.callsite.AbstractCallSite.call(AbstractCallSite.java:113)
	at org.codehaus.groovy.runtime.callsite.AbstractCallSite.call(AbstractCallSite.java:141)
	at Script1537866116409.run(Script1537866116409.groovy:30)
	at com.kms.katalon.core.main.ScriptEngine.run(ScriptEngine.java:183)
	at com.kms.katalon.core.main.ScriptEngine.runScriptAsRawText(ScriptEngine.java:108)
	at com.kms.katalon.core.main.TestCaseExecutor.runScript(TestCaseExecutor.java:294)
	at com.kms.katalon.core.main.TestCaseExecutor.doExecute(TestCaseExecutor.java:285)
	at com.kms.katalon.core.main.TestCaseExecutor.processExecutionPhase(TestCaseExecutor.java:264)
	at com.kms.katalon.core.main.TestCaseExecutor.accessMainPhase(TestCaseExecutor.java:256)
	at com.kms.katalon.core.main.TestCaseExecutor.execute(TestCaseExecutor.java:200)
	at com.kms.katalon.core.main.TestCaseMain.runTestCase(TestCaseMain.java:99)
	at com.kms.katalon.core.keyword.builtin.CallTestCaseKeyword$_callTestCase_closure1.doCall(CallTestCaseKeyword.groovy:60)
	at com.kms.katalon.core.keyword.builtin.CallTestCaseKeyword$_callTestCase_closure1.call(CallTestCaseKeyword.groovy)
	at com.kms.katalon.core.keyword.internal.KeywordMain.runKeyword(KeywordMain.groovy:54)
	at com.kms.katalon.core.keyword.builtin.CallTestCaseKeyword.callTestCase(CallTestCaseKeyword.groovy:81)
	at com.kms.katalon.core.keyword.builtin.CallTestCaseKeyword.execute(CallTestCaseKeyword.groovy:45)
	at com.kms.katalon.core.keyword.internal.KeywordExecutor.executeKeywordForPlatform(KeywordExecutor.groovy:53)
	at com.kms.katalon.core.keyword.BuiltinKeywords.callTestCase(BuiltinKeywords.groovy:334)
	at sun.reflect.GeneratedMethodAccessor13.invoke(Unknown Source)
	at sun.reflect.DelegatingMethodAccessorImpl.invoke(DelegatingMethodAccessorImpl.java:43)
	at java.lang.reflect.Method.invoke(Method.java:498)
	at org.codehaus.groovy.reflection.CachedMethod.invoke(CachedMethod.java:93)
	at groovy.lang.MetaMethod.doMethodInvoke(MetaMethod.java:325)
	at groovy.lang.MetaClassImpl.invokeStaticMethod(MetaClassImpl.java:1469)
	at org.codehaus.groovy.runtime.callsite.StaticMetaClassSite.call(StaticMetaClassSite.java:53)
	at org.codehaus.groovy.runtime.callsite.CallSiteArray.defaultCall(CallSiteArray.java:48)
	at org.codehaus.groovy.runtime.callsite.AbstractCallSite.call(AbstractCallSite.java:113)
	at org.codehaus.groovy.runtime.callsite.AbstractCallSite.call(AbstractCallSite.java:141)
	at Script1536300508619.run(Script1536300508619.groovy:24)
	at com.kms.katalon.core.main.ScriptEngine.run(ScriptEngine.java:183)
	at com.kms.katalon.core.main.ScriptEngine.runScriptAsRawText(ScriptEngine.java:108)
	at com.kms.katalon.core.main.TestCaseExecutor.runScript(TestCaseExecutor.java:294)
	at com.kms.katalon.core.main.TestCaseExecutor.doExecute(TestCaseExecutor.java:285)
	at com.kms.katalon.core.main.TestCaseExecutor.processExecutionPhase(TestCaseExecutor.java:264)
	at com.kms.katalon.core.main.TestCaseExecutor.accessMainPhase(TestCaseExecutor.java:256)
	at com.kms.katalon.core.main.TestCaseExecutor.execute(TestCaseExecutor.java:200)
	at com.kms.katalon.core.main.TestSuiteExecutor.accessTestCaseMainPhase(TestSuiteExecutor.java:129)
	at com.kms.katalon.core.main.TestSuiteExecutor.accessTestSuiteMainPhase(TestSuiteExecutor.java:112)
	at com.kms.katalon.core.main.TestSuiteExecutor.execute(TestSuiteExecutor.java:81)
	at com.kms.katalon.core.main.TestCaseMain.startTestSuite(TestCaseMain.java:142)
	at com.kms.katalon.core.main.TestCaseMain$startTestSuite$0.call(Unknown Source)
	at org.codehaus.groovy.runtime.callsite.CallSiteArray.defaultCall(CallSiteArray.java:48)
	at org.codehaus.groovy.runtime.callsite.AbstractCallSite.call(AbstractCallSite.java:113)
	at org.codehaus.groovy.runtime.callsite.AbstractCallSite.call(AbstractCallSite.java:141)
	at TempTestSuite1542874456978.run(TempTestSuite1542874456978.groovy:36)
	at groovy.lang.GroovyShell.runScriptOrMainOrTestOrRunnable(GroovyShell.java:263)
	at groovy.lang.GroovyShell.run(GroovyShell.java:518)
	at groovy.lang.GroovyShell.run(GroovyShell.java:507)
	at groovy.ui.GroovyMain.processOnce(GroovyMain.java:653)
	at groovy.ui.GroovyMain.run(GroovyMain.java:384)
	at groovy.ui.GroovyMain.process(GroovyMain.java:370)
	at groovy.ui.GroovyMain.processArgs(GroovyMain.java:129)
	at groovy.ui.GroovyMain.main(GroovyMain.java:109)
	at sun.reflect.NativeMethodAccessorImpl.invoke0(Native Method)
	at sun.reflect.NativeMethodAccessorImpl.invoke(NativeMethodAccessorImpl.java:62)
	at sun.reflect.DelegatingMethodAccessorImpl.invoke(DelegatingMethodAccessorImpl.java:43)
	at java.lang.reflect.Method.invoke(Method.java:498)
	at org.codehaus.groovy.tools.GroovyStarter.rootLoader(GroovyStarter.java:109)
	at org.codehaus.groovy.tools.GroovyStarter.main(GroovyStarter.java:131)
)

2018-11-23 01:26:22 - [TEST_STEP][PASSED] - callTestCase: Call Test Case 'Test Cases/Final Aug 2018 - PKS Automation/Registration Module/Workflow/Request SSN/Template/Request SSN - OTC (Using Current Employer Code)' successfully

2018-11-23 01:26:22 - [TEST_CASE][PASSED] - Test Cases/Final Aug 2018 - PKS Automation/Registration Module/Workflow/Request SSN/Template/Request SSN - OTC (Using Current Employer Code): Test Cases/Final Aug 2018 - PKS Automation/Registration Module/Workflow/Request SSN/Template/Request SSN - OTC (Using Current Employer Code)

2018-11-23 01:26:22 - [TEST_STEP][PASSED] - openBrowser: Browser is opened with url: ''

2018-11-23 01:26:22 - [MESSAGE][WARNING] - A browser is already opened. Closing browser and opening a new one

2018-11-23 01:26:26 - [MESSAGE][PASSED] - Browser is opened with url: ''

2018-11-23 01:26:26 - [TEST_STEP][PASSED] - navigateToUrl: Navigate to 'https://assist2-uat.perkeso.gov.my/login' successfully

2018-11-23 01:26:27 - [MESSAGE][PASSED] - Navigate to 'https://assist2-uat.perkeso.gov.my/login' successfully

2018-11-23 01:26:27 - [TEST_STEP][PASSED] - setText: Text 'johorotc1@gmail.com' is set on object 'Object Repository/Final Object Repo/Login Page/Internal User/Email Address'

2018-11-23 01:26:27 - [MESSAGE][PASSED] - Text 'johorotc1@gmail.com' is set on object 'Object Repository/Final Object Repo/Login Page/Internal User/Email Address'

2018-11-23 01:26:27 - [TEST_STEP][PASSED] - click: Object: 'Object Repository/Final Object Repo/Login Page/Internal User/Next Button' is clicked on

2018-11-23 01:26:27 - [MESSAGE][PASSED] - Object: 'Object Repository/Final Object Repo/Login Page/Internal User/Next Button' is clicked on

2018-11-23 01:26:27 - [TEST_STEP][PASSED] - delay: Delayed 1 second(s)

2018-11-23 01:26:28 - [MESSAGE][PASSED] - Delayed 1 second(s)

2018-11-23 01:26:28 - [TEST_STEP][PASSED] - setEncryptedText: Text ****** has been set on object 'Object Repository/Final Object Repo/Login Page/Internal User/Password'

2018-11-23 01:26:28 - [MESSAGE][PASSED] - Text ****** has been set on object 'Object Repository/Final Object Repo/Login Page/Internal User/Password'

2018-11-23 01:26:28 - [TEST_STEP][PASSED] - click: Object: 'Object Repository/Final Object Repo/Login Page/Internal User/Login Button' is clicked on

2018-11-23 01:26:29 - [MESSAGE][PASSED] - Object: 'Object Repository/Final Object Repo/Login Page/Internal User/Login Button' is clicked on

2018-11-23 01:26:29 - [TEST_STEP][PASSED] - delay: Delayed 1 second(s)

2018-11-23 01:26:30 - [MESSAGE][PASSED] - Delayed 1 second(s)

2018-11-23 01:26:30 - [TEST_STEP][PASSED] - navigateToUrl: Navigate to 'https://assist2-uat.perkeso.gov.my/web/registration/request-ssn' successfully

2018-11-23 01:26:34 - [MESSAGE][PASSED] - Navigate to 'https://assist2-uat.perkeso.gov.my/web/registration/request-ssn' successfully

2018-11-23 01:26:34 - [TEST_STEP][PASSED] - setText: Text 'perkeso' is set on object 'Object Repository/Final Object Repo/Page_Request SSN - ASSIST/AI - Name'

2018-11-23 01:26:35 - [MESSAGE][PASSED] - Text 'perkeso' is set on object 'Object Repository/Final Object Repo/Page_Request SSN - ASSIST/AI - Name'

2018-11-23 01:26:35 - [TEST_STEP][PASSED] - click: Object: 'Object Repository/Final Object Repo/Page_Request SSN - ASSIST/AI - DOB' is clicked on

2018-11-23 01:26:35 - [MESSAGE][PASSED] - Object: 'Object Repository/Final Object Repo/Page_Request SSN - ASSIST/AI - DOB' is clicked on

2018-11-23 01:26:35 - [TEST_STEP][PASSED] - selectOptionByValue: All options with value '1995' are selected in object 'Object Repository/Final Object Repo/Page_Request SSN - ASSIST/AI - DOB - Year' 

2018-11-23 01:26:35 - [MESSAGE][PASSED] - All options with value '1995' are selected in object 'Object Repository/Final Object Repo/Page_Request SSN - ASSIST/AI - DOB - Year' 

2018-11-23 01:26:35 - [TEST_STEP][PASSED] - delay: Delayed 3 second(s)

2018-11-23 01:26:38 - [MESSAGE][PASSED] - Delayed 3 second(s)

2018-11-23 01:26:38 - [TEST_STEP][PASSED] - doubleClick: Object: 'Object Repository/Final Object Repo/Page_Request SSN - ASSIST/AI - DOB - Year - Date' is double clicked on

2018-11-23 01:26:39 - [MESSAGE][PASSED] - Object: 'Object Repository/Final Object Repo/Page_Request SSN - ASSIST/AI - DOB - Year - Date' is double clicked on

2018-11-23 01:26:39 - [TEST_STEP][PASSED] - click: Object: 'Object Repository/Final Object Repo/Page_Request SSN - ASSIST/AI - Male' is clicked on

2018-11-23 01:26:39 - [MESSAGE][PASSED] - Object: 'Object Repository/Final Object Repo/Page_Request SSN - ASSIST/AI - Male' is clicked on

2018-11-23 01:26:39 - [TEST_STEP][PASSED] - click: Object: 'Object Repository/Final Object Repo/Page_Request SSN - ASSIST/AI- Race' is clicked on

2018-11-23 01:26:39 - [MESSAGE][PASSED] - Object: 'Object Repository/Final Object Repo/Page_Request SSN - ASSIST/AI- Race' is clicked on

2018-11-23 01:26:39 - [TEST_STEP][PASSED] - click: Object: 'Object Repository/Final Object Repo/Page_Request SSN - ASSIST/AI - Race - Melayu' is clicked on

2018-11-23 01:26:39 - [MESSAGE][PASSED] - Object: 'Object Repository/Final Object Repo/Page_Request SSN - ASSIST/AI - Race - Melayu' is clicked on

2018-11-23 01:26:39 - [TEST_STEP][PASSED] - click: Object: 'Object Repository/Final Object Repo/Page_Request SSN - ASSIST/AI - Religion' is clicked on

2018-11-23 01:26:39 - [MESSAGE][PASSED] - Object: 'Object Repository/Final Object Repo/Page_Request SSN - ASSIST/AI - Religion' is clicked on

2018-11-23 01:26:39 - [TEST_STEP][PASSED] - click: Object: 'Object Repository/Final Object Repo/Page_Request SSN - ASSIST/AI - Religion - Islam' is clicked on

2018-11-23 01:26:40 - [MESSAGE][PASSED] - Object: 'Object Repository/Final Object Repo/Page_Request SSN - ASSIST/AI - Religion - Islam' is clicked on

2018-11-23 01:26:40 - [TEST_STEP][PASSED] - setText: Text '12345' is set on object 'Object Repository/Final Object Repo/Page_Request SSN - ASSIST/AI - Birth Certificate'

2018-11-23 01:26:40 - [MESSAGE][PASSED] - Text '12345' is set on object 'Object Repository/Final Object Repo/Page_Request SSN - ASSIST/AI - Birth Certificate'

2018-11-23 01:26:40 - [TEST_STEP][PASSED] - click: Object: 'Object Repository/Final Object Repo/Page_Request SSN - ASSIST/AI - Nationality' is clicked on

2018-11-23 01:26:41 - [MESSAGE][PASSED] - Object: 'Object Repository/Final Object Repo/Page_Request SSN - ASSIST/AI - Nationality' is clicked on

2018-11-23 01:26:41 - [TEST_STEP][PASSED] - click: Object: 'Object Repository/Final Object Repo/Page_Request SSN - ASSIST/AI - Nationality - Afghanistan' is clicked on

2018-11-23 01:26:41 - [MESSAGE][PASSED] - Object: 'Object Repository/Final Object Repo/Page_Request SSN - ASSIST/AI - Nationality - Afghanistan' is clicked on

2018-11-23 01:26:41 - [TEST_STEP][PASSED] - setText: Text 'PERKESO ADDRESS1' is set on object 'Object Repository/Final Object Repo/Page_Request SSN - ASSIST/AI - Address1'

2018-11-23 01:26:42 - [MESSAGE][PASSED] - Text 'PERKESO ADDRESS1' is set on object 'Object Repository/Final Object Repo/Page_Request SSN - ASSIST/AI - Address1'

2018-11-23 01:26:42 - [TEST_STEP][PASSED] - setText: Text 'PERKESO ADDRESS2' is set on object 'Object Repository/Final Object Repo/Page_Request SSN - ASSIST/AI - Address2'

2018-11-23 01:26:43 - [MESSAGE][PASSED] - Text 'PERKESO ADDRESS2' is set on object 'Object Repository/Final Object Repo/Page_Request SSN - ASSIST/AI - Address2'

2018-11-23 01:26:43 - [TEST_STEP][PASSED] - setText: Text 'PERKESO ADDRESS3' is set on object 'Object Repository/Final Object Repo/Page_Request SSN - ASSIST/AI - Address3'

2018-11-23 01:26:45 - [MESSAGE][PASSED] - Text 'PERKESO ADDRESS3' is set on object 'Object Repository/Final Object Repo/Page_Request SSN - ASSIST/AI - Address3'

2018-11-23 01:26:45 - [TEST_STEP][PASSED] - click: Object: 'Object Repository/Final Object Repo/Page_Request SSN - ASSIST/AI - State' is clicked on

2018-11-23 01:26:45 - [MESSAGE][PASSED] - Object: 'Object Repository/Final Object Repo/Page_Request SSN - ASSIST/AI - State' is clicked on

2018-11-23 01:26:45 - [TEST_STEP][PASSED] - click: Object: 'Object Repository/Final Object Repo/Page_Request SSN - ASSIST/AI - Current Employer State - Johor' is clicked on

2018-11-23 01:26:45 - [MESSAGE][PASSED] - Object: 'Object Repository/Final Object Repo/Page_Request SSN - ASSIST/AI - Current Employer State - Johor' is clicked on

2018-11-23 01:26:45 - [TEST_STEP][PASSED] - click: Object: 'Object Repository/Final Object Repo/Page_Request SSN - ASSIST/AI - City' is clicked on

2018-11-23 01:26:45 - [MESSAGE][PASSED] - Object: 'Object Repository/Final Object Repo/Page_Request SSN - ASSIST/AI - City' is clicked on

2018-11-23 01:26:45 - [TEST_STEP][PASSED] - setText: Text 'JOH' is set on object 'Object Repository/Final Object Repo/Page_Request SSN - ASSIST/AI - City - JOH'

2018-11-23 01:26:46 - [MESSAGE][PASSED] - Text 'JOH' is set on object 'Object Repository/Final Object Repo/Page_Request SSN - ASSIST/AI - City - JOH'

2018-11-23 01:26:46 - [TEST_STEP][PASSED] - delay: Delayed 3 second(s)

2018-11-23 01:26:49 - [MESSAGE][PASSED] - Delayed 3 second(s)

2018-11-23 01:26:49 - [TEST_STEP][PASSED] - click: Object: 'Object Repository/Final Object Repo/Page_Request SSN - ASSIST/AI - City - Johor Bharu' is clicked on

2018-11-23 01:26:49 - [MESSAGE][PASSED] - Object: 'Object Repository/Final Object Repo/Page_Request SSN - ASSIST/AI - City - Johor Bharu' is clicked on

2018-11-23 01:26:49 - [TEST_STEP][PASSED] - click: Object: 'Object Repository/Final Object Repo/Page_Request SSN - ASSIST/AI - Post Code' is clicked on

2018-11-23 01:26:50 - [MESSAGE][PASSED] - Object: 'Object Repository/Final Object Repo/Page_Request SSN - ASSIST/AI - Post Code' is clicked on

2018-11-23 01:26:50 - [TEST_STEP][PASSED] - setText: Text '810' is set on object 'Object Repository/Final Object Repo/Page_Request SSN - ASSIST/AI - City - JOH'

2018-11-23 01:26:50 - [MESSAGE][PASSED] - Text '810' is set on object 'Object Repository/Final Object Repo/Page_Request SSN - ASSIST/AI - City - JOH'

2018-11-23 01:26:50 - [TEST_STEP][PASSED] - delay: Delayed 3 second(s)

2018-11-23 01:26:53 - [MESSAGE][PASSED] - Delayed 3 second(s)

2018-11-23 01:26:53 - [TEST_STEP][PASSED] - click: Object: 'Object Repository/Final Object Repo/Page_Request SSN - ASSIST/AI - PostCode - 81000' is clicked on

2018-11-23 01:26:53 - [MESSAGE][PASSED] - Object: 'Object Repository/Final Object Repo/Page_Request SSN - ASSIST/AI - PostCode - 81000' is clicked on

2018-11-23 01:26:53 - [TEST_STEP][PASSED] - setText: Text '100' is set on object 'Object Repository/Final Object Repo/Page_Request SSN - ASSIST/P.O.BOX'

2018-11-23 01:26:54 - [MESSAGE][PASSED] - Text '100' is set on object 'Object Repository/Final Object Repo/Page_Request SSN - ASSIST/P.O.BOX'

2018-11-23 01:26:54 - [TEST_STEP][PASSED] - setText: Text '100' is set on object 'Object Repository/Final Object Repo/Page_Request SSN - ASSIST/Locked Bag No'

2018-11-23 01:26:54 - [MESSAGE][PASSED] - Text '100' is set on object 'Object Repository/Final Object Repo/Page_Request SSN - ASSIST/Locked Bag No'

2018-11-23 01:26:54 - [TEST_STEP][PASSED] - delay: Delayed 2 second(s)

2018-11-23 01:26:56 - [MESSAGE][PASSED] - Delayed 2 second(s)

2018-11-23 01:26:56 - [TEST_STEP][PASSED] - setText: Text '123456789' is set on object 'Object Repository/Final Object Repo/Page_Request SSN - ASSIST/AI - Telephone No'

2018-11-23 01:26:57 - [MESSAGE][PASSED] - Text '123456789' is set on object 'Object Repository/Final Object Repo/Page_Request SSN - ASSIST/AI - Telephone No'

2018-11-23 01:26:57 - [TEST_STEP][PASSED] - click: Object: 'Object Repository/Final Object Repo/Page_Request SSN - ASSIST/AI - Occupation' is clicked on

2018-11-23 01:26:57 - [MESSAGE][PASSED] - Object: 'Object Repository/Final Object Repo/Page_Request SSN - ASSIST/AI - Occupation' is clicked on

2018-11-23 01:26:57 - [TEST_STEP][PASSED] - click: Object: 'Object Repository/Final Object Repo/Page_Request SSN - ASSIST/AI - Occupation - NUMERICAL AND MATERIAL R' is clicked on

2018-11-23 01:26:57 - [MESSAGE][PASSED] - Object: 'Object Repository/Final Object Repo/Page_Request SSN - ASSIST/AI - Occupation - NUMERICAL AND MATERIAL R' is clicked on

2018-11-23 01:26:57 - [TEST_STEP][PASSED] - delay: Delayed 2 second(s)

2018-11-23 01:26:59 - [MESSAGE][PASSED] - Delayed 2 second(s)

2018-11-23 01:26:59 - [TEST_STEP][PASSED] - click: Object: 'Object Repository/Final Object Repo/Page_Request SSN - ASSIST/AI - Sub Occupation' is clicked on

2018-11-23 01:27:00 - [MESSAGE][PASSED] - Object: 'Object Repository/Final Object Repo/Page_Request SSN - ASSIST/AI - Sub Occupation' is clicked on

2018-11-23 01:27:00 - [TEST_STEP][PASSED] - click: Object: 'Object Repository/Final Object Repo/Page_Request SSN - ASSIST/AI - Sub Occupation - Stock Clerks' is clicked on

2018-11-23 01:27:00 - [MESSAGE][PASSED] - Object: 'Object Repository/Final Object Repo/Page_Request SSN - ASSIST/AI - Sub Occupation - Stock Clerks' is clicked on

2018-11-23 01:27:00 - [TEST_STEP][PASSED] - delay: Delayed 2 second(s)

2018-11-23 01:27:02 - [MESSAGE][PASSED] - Delayed 2 second(s)

2018-11-23 01:27:02 - [TEST_STEP][PASSED] - click: Object: 'Object Repository/Final Object Repo/Page_Request SSN - ASSIST/AI - Sub Occupation List' is clicked on

2018-11-23 01:27:02 - [MESSAGE][PASSED] - Object: 'Object Repository/Final Object Repo/Page_Request SSN - ASSIST/AI - Sub Occupation List' is clicked on

2018-11-23 01:27:02 - [TEST_STEP][PASSED] - click: Object: 'Object Repository/Final Object Repo/Page_Request SSN - ASSIST/AI - Sub Occupation List - Clerk raw material' is clicked on

2018-11-23 01:27:02 - [MESSAGE][PASSED] - Object: 'Object Repository/Final Object Repo/Page_Request SSN - ASSIST/AI - Sub Occupation List - Clerk raw material' is clicked on

2018-11-23 01:27:02 - [TEST_STEP][PASSED] - click: Object: 'Object Repository/Final Object Repo/Page_Request SSN - ASSIST/AI - Employment Start Date' is clicked on

2018-11-23 01:27:03 - [MESSAGE][PASSED] - Object: 'Object Repository/Final Object Repo/Page_Request SSN - ASSIST/AI - Employment Start Date' is clicked on

2018-11-23 01:27:03 - [TEST_STEP][PASSED] - click: Object: 'Object Repository/Final Object Repo/Page_Request SSN - ASSIST/AI - DOB - Year - Date' is clicked on

2018-11-23 01:27:03 - [MESSAGE][PASSED] - Object: 'Object Repository/Final Object Repo/Page_Request SSN - ASSIST/AI - DOB - Year - Date' is clicked on

2018-11-23 01:27:03 - [TEST_STEP][PASSED] - setText: Text 'E1102001065V' is set on object 'Object Repository/Final Object Repo/Page_Request SSN - ASSIST/AI - Current Employer Code'

2018-11-23 01:27:04 - [MESSAGE][PASSED] - Text 'E1102001065V' is set on object 'Object Repository/Final Object Repo/Page_Request SSN - ASSIST/AI - Current Employer Code'

2018-11-23 01:27:04 - [TEST_STEP][PASSED] - delay: Delayed 2 second(s)

2018-11-23 01:27:06 - [MESSAGE][PASSED] - Delayed 2 second(s)

2018-11-23 01:27:06 - [TEST_STEP][PASSED] - click: Object: 'Object Repository/Final Object Repo/Page_Request SSN - ASSIST/AI - Current Employer Code - Search' is clicked on

2018-11-23 01:27:06 - [MESSAGE][PASSED] - Object: 'Object Repository/Final Object Repo/Page_Request SSN - ASSIST/AI - Current Employer Code - Search' is clicked on

2018-11-23 01:27:06 - [TEST_STEP][PASSED] - delay: Delayed 2 second(s)

2018-11-23 01:27:08 - [MESSAGE][PASSED] - Delayed 2 second(s)

2018-11-23 01:27:08 - [TEST_STEP][NOT_RUN] - setText: NOT_RUN: setText

2018-11-23 01:27:08 - [MESSAGE][NOT_RUN] - NOT_RUN: setText

2018-11-23 01:27:08 - [TEST_STEP][NOT_RUN] - setText: NOT_RUN: setText

2018-11-23 01:27:08 - [MESSAGE][NOT_RUN] - NOT_RUN: setText

2018-11-23 01:27:08 - [TEST_STEP][NOT_RUN] - setText: NOT_RUN: setText

2018-11-23 01:27:08 - [MESSAGE][NOT_RUN] - NOT_RUN: setText

2018-11-23 01:27:08 - [TEST_STEP][NOT_RUN] - setText: NOT_RUN: setText

2018-11-23 01:27:08 - [MESSAGE][NOT_RUN] - NOT_RUN: setText

2018-11-23 01:27:08 - [TEST_STEP][NOT_RUN] - click: NOT_RUN: click

2018-11-23 01:27:08 - [MESSAGE][NOT_RUN] - NOT_RUN: click

2018-11-23 01:27:08 - [TEST_STEP][NOT_RUN] - click: NOT_RUN: click

2018-11-23 01:27:08 - [MESSAGE][NOT_RUN] - NOT_RUN: click

2018-11-23 01:27:08 - [TEST_STEP][NOT_RUN] - click: NOT_RUN: click

2018-11-23 01:27:08 - [MESSAGE][NOT_RUN] - NOT_RUN: click

2018-11-23 01:27:08 - [TEST_STEP][NOT_RUN] - setText: NOT_RUN: setText

2018-11-23 01:27:08 - [MESSAGE][NOT_RUN] - NOT_RUN: setText

2018-11-23 01:27:08 - [TEST_STEP][NOT_RUN] - delay: NOT_RUN: delay

2018-11-23 01:27:08 - [MESSAGE][NOT_RUN] - NOT_RUN: delay

2018-11-23 01:27:08 - [TEST_STEP][NOT_RUN] - click: NOT_RUN: click

2018-11-23 01:27:08 - [MESSAGE][NOT_RUN] - NOT_RUN: click

2018-11-23 01:27:08 - [TEST_STEP][NOT_RUN] - click: NOT_RUN: click

2018-11-23 01:27:08 - [MESSAGE][NOT_RUN] - NOT_RUN: click

2018-11-23 01:27:08 - [TEST_STEP][NOT_RUN] - setText: NOT_RUN: setText

2018-11-23 01:27:08 - [MESSAGE][NOT_RUN] - NOT_RUN: setText

2018-11-23 01:27:08 - [TEST_STEP][NOT_RUN] - delay: NOT_RUN: delay

2018-11-23 01:27:08 - [MESSAGE][NOT_RUN] - NOT_RUN: delay

2018-11-23 01:27:08 - [TEST_STEP][NOT_RUN] - click: NOT_RUN: click

2018-11-23 01:27:08 - [MESSAGE][NOT_RUN] - NOT_RUN: click

2018-11-23 01:27:08 - [TEST_STEP][NOT_RUN] - setText: NOT_RUN: setText

2018-11-23 01:27:08 - [MESSAGE][NOT_RUN] - NOT_RUN: setText

2018-11-23 01:27:08 - [TEST_STEP][NOT_RUN] - setText: NOT_RUN: setText

2018-11-23 01:27:08 - [MESSAGE][NOT_RUN] - NOT_RUN: setText

2018-11-23 01:27:08 - [TEST_STEP][NOT_RUN] - click: NOT_RUN: click

2018-11-23 01:27:08 - [MESSAGE][NOT_RUN] - NOT_RUN: click

2018-11-23 01:27:08 - [TEST_STEP][NOT_RUN] - click: NOT_RUN: click

2018-11-23 01:27:08 - [MESSAGE][NOT_RUN] - NOT_RUN: click

2018-11-23 01:27:08 - [TEST_STEP][NOT_RUN] - setText: NOT_RUN: setText

2018-11-23 01:27:08 - [MESSAGE][NOT_RUN] - NOT_RUN: setText

2018-11-23 01:27:08 - [TEST_STEP][NOT_RUN] - click: NOT_RUN: click

2018-11-23 01:27:08 - [MESSAGE][NOT_RUN] - NOT_RUN: click

2018-11-23 01:27:08 - [TEST_STEP][NOT_RUN] - click: NOT_RUN: click

2018-11-23 01:27:08 - [MESSAGE][NOT_RUN] - NOT_RUN: click

2018-11-23 01:27:08 - [TEST_STEP][NOT_RUN] - click: NOT_RUN: click

2018-11-23 01:27:08 - [MESSAGE][NOT_RUN] - NOT_RUN: click

2018-11-23 01:27:08 - [TEST_STEP][NOT_RUN] - click: NOT_RUN: click

2018-11-23 01:27:08 - [MESSAGE][NOT_RUN] - NOT_RUN: click

2018-11-23 01:27:08 - [TEST_STEP][NOT_RUN] - click: NOT_RUN: click

2018-11-23 01:27:08 - [MESSAGE][NOT_RUN] - NOT_RUN: click

2018-11-23 01:27:08 - [TEST_STEP][NOT_RUN] - click: NOT_RUN: click

2018-11-23 01:27:08 - [MESSAGE][NOT_RUN] - NOT_RUN: click

2018-11-23 01:27:08 - [TEST_STEP][NOT_RUN] - setText: NOT_RUN: setText

2018-11-23 01:27:08 - [MESSAGE][NOT_RUN] - NOT_RUN: setText

2018-11-23 01:27:08 - [TEST_STEP][NOT_RUN] - setText: NOT_RUN: setText

2018-11-23 01:27:08 - [MESSAGE][NOT_RUN] - NOT_RUN: setText

2018-11-23 01:27:08 - [TEST_STEP][NOT_RUN] - setText: NOT_RUN: setText

2018-11-23 01:27:08 - [MESSAGE][NOT_RUN] - NOT_RUN: setText

2018-11-23 01:27:08 - [TEST_STEP][NOT_RUN] - click: NOT_RUN: click

2018-11-23 01:27:08 - [MESSAGE][NOT_RUN] - NOT_RUN: click

2018-11-23 01:27:08 - [TEST_STEP][NOT_RUN] - click: NOT_RUN: click

2018-11-23 01:27:08 - [MESSAGE][NOT_RUN] - NOT_RUN: click

2018-11-23 01:27:08 - [TEST_STEP][NOT_RUN] - click: NOT_RUN: click

2018-11-23 01:27:08 - [MESSAGE][NOT_RUN] - NOT_RUN: click

2018-11-23 01:27:08 - [TEST_STEP][NOT_RUN] - setText: NOT_RUN: setText

2018-11-23 01:27:08 - [MESSAGE][NOT_RUN] - NOT_RUN: setText

2018-11-23 01:27:08 - [TEST_STEP][NOT_RUN] - delay: NOT_RUN: delay

2018-11-23 01:27:08 - [MESSAGE][NOT_RUN] - NOT_RUN: delay

2018-11-23 01:27:08 - [TEST_STEP][NOT_RUN] - click: NOT_RUN: click

2018-11-23 01:27:08 - [MESSAGE][NOT_RUN] - NOT_RUN: click

2018-11-23 01:27:08 - [TEST_STEP][NOT_RUN] - click: NOT_RUN: click

2018-11-23 01:27:08 - [MESSAGE][NOT_RUN] - NOT_RUN: click

2018-11-23 01:27:08 - [TEST_STEP][NOT_RUN] - click: NOT_RUN: click

2018-11-23 01:27:08 - [MESSAGE][NOT_RUN] - NOT_RUN: click

2018-11-23 01:27:08 - [TEST_STEP][NOT_RUN] - setText: NOT_RUN: setText

2018-11-23 01:27:08 - [MESSAGE][NOT_RUN] - NOT_RUN: setText

2018-11-23 01:27:08 - [TEST_STEP][NOT_RUN] - delay: NOT_RUN: delay

2018-11-23 01:27:08 - [MESSAGE][NOT_RUN] - NOT_RUN: delay

2018-11-23 01:27:08 - [TEST_STEP][NOT_RUN] - click: NOT_RUN: click

2018-11-23 01:27:08 - [MESSAGE][NOT_RUN] - NOT_RUN: click

2018-11-23 01:27:08 - [TEST_STEP][NOT_RUN] - delay: NOT_RUN: delay

2018-11-23 01:27:08 - [MESSAGE][NOT_RUN] - NOT_RUN: delay

2018-11-23 01:27:08 - [TEST_STEP][NOT_RUN] - setText: NOT_RUN: setText

2018-11-23 01:27:08 - [MESSAGE][NOT_RUN] - NOT_RUN: setText

2018-11-23 01:27:08 - [TEST_STEP][NOT_RUN] - setText: NOT_RUN: setText

2018-11-23 01:27:08 - [MESSAGE][NOT_RUN] - NOT_RUN: setText

2018-11-23 01:27:08 - [TEST_STEP][NOT_RUN] - setText: NOT_RUN: setText

2018-11-23 01:27:08 - [MESSAGE][NOT_RUN] - NOT_RUN: setText

2018-11-23 01:27:08 - [TEST_STEP][NOT_RUN] - click: NOT_RUN: click

2018-11-23 01:27:08 - [MESSAGE][NOT_RUN] - NOT_RUN: click

2018-11-23 01:27:08 - [TEST_STEP][NOT_RUN] - click: NOT_RUN: click

2018-11-23 01:27:08 - [MESSAGE][NOT_RUN] - NOT_RUN: click

2018-11-23 01:27:08 - [TEST_STEP][NOT_RUN] - setText: NOT_RUN: setText

2018-11-23 01:27:08 - [MESSAGE][NOT_RUN] - NOT_RUN: setText

2018-11-23 01:27:08 - [TEST_STEP][NOT_RUN] - click: NOT_RUN: click

2018-11-23 01:27:08 - [MESSAGE][NOT_RUN] - NOT_RUN: click

2018-11-23 01:27:08 - [TEST_STEP][NOT_RUN] - click: NOT_RUN: click

2018-11-23 01:27:08 - [MESSAGE][NOT_RUN] - NOT_RUN: click

2018-11-23 01:27:08 - [TEST_STEP][NOT_RUN] - click: NOT_RUN: click

2018-11-23 01:27:08 - [MESSAGE][NOT_RUN] - NOT_RUN: click

2018-11-23 01:27:08 - [TEST_STEP][NOT_RUN] - click: NOT_RUN: click

2018-11-23 01:27:08 - [MESSAGE][NOT_RUN] - NOT_RUN: click

2018-11-23 01:27:08 - [TEST_STEP][NOT_RUN] - click: NOT_RUN: click

2018-11-23 01:27:08 - [MESSAGE][NOT_RUN] - NOT_RUN: click

2018-11-23 01:27:08 - [TEST_STEP][NOT_RUN] - click: NOT_RUN: click

2018-11-23 01:27:08 - [MESSAGE][NOT_RUN] - NOT_RUN: click

2018-11-23 01:27:08 - [TEST_STEP][NOT_RUN] - setText: NOT_RUN: setText

2018-11-23 01:27:08 - [MESSAGE][NOT_RUN] - NOT_RUN: setText

2018-11-23 01:27:08 - [TEST_STEP][NOT_RUN] - setText: NOT_RUN: setText

2018-11-23 01:27:08 - [MESSAGE][NOT_RUN] - NOT_RUN: setText

2018-11-23 01:27:08 - [TEST_STEP][NOT_RUN] - setText: NOT_RUN: setText

2018-11-23 01:27:08 - [MESSAGE][NOT_RUN] - NOT_RUN: setText

2018-11-23 01:27:08 - [TEST_STEP][NOT_RUN] - click: NOT_RUN: click

2018-11-23 01:27:08 - [MESSAGE][NOT_RUN] - NOT_RUN: click

2018-11-23 01:27:08 - [TEST_STEP][NOT_RUN] - click: NOT_RUN: click

2018-11-23 01:27:08 - [MESSAGE][NOT_RUN] - NOT_RUN: click

2018-11-23 01:27:08 - [TEST_STEP][NOT_RUN] - click: NOT_RUN: click

2018-11-23 01:27:08 - [MESSAGE][NOT_RUN] - NOT_RUN: click

2018-11-23 01:27:08 - [TEST_STEP][NOT_RUN] - delay: NOT_RUN: delay

2018-11-23 01:27:08 - [MESSAGE][NOT_RUN] - NOT_RUN: delay

2018-11-23 01:27:08 - [TEST_STEP][NOT_RUN] - setText: NOT_RUN: setText

2018-11-23 01:27:08 - [MESSAGE][NOT_RUN] - NOT_RUN: setText

2018-11-23 01:27:08 - [TEST_STEP][NOT_RUN] - delay: NOT_RUN: delay

2018-11-23 01:27:08 - [MESSAGE][NOT_RUN] - NOT_RUN: delay

2018-11-23 01:27:08 - [TEST_STEP][NOT_RUN] - click: NOT_RUN: click

2018-11-23 01:27:08 - [MESSAGE][NOT_RUN] - NOT_RUN: click

2018-11-23 01:27:08 - [TEST_STEP][NOT_RUN] - doubleClick: NOT_RUN: doubleClick

2018-11-23 01:27:08 - [MESSAGE][NOT_RUN] - NOT_RUN: doubleClick

2018-11-23 01:27:08 - [TEST_STEP][NOT_RUN] - click: NOT_RUN: click

2018-11-23 01:27:08 - [MESSAGE][NOT_RUN] - NOT_RUN: click

2018-11-23 01:27:08 - [TEST_STEP][NOT_RUN] - setText: NOT_RUN: setText

2018-11-23 01:27:08 - [MESSAGE][NOT_RUN] - NOT_RUN: setText

2018-11-23 01:27:08 - [TEST_STEP][NOT_RUN] - delay: NOT_RUN: delay

2018-11-23 01:27:08 - [MESSAGE][NOT_RUN] - NOT_RUN: delay

2018-11-23 01:27:08 - [TEST_STEP][NOT_RUN] - click: NOT_RUN: click

2018-11-23 01:27:08 - [MESSAGE][NOT_RUN] - NOT_RUN: click

2018-11-23 01:27:08 - [TEST_STEP][NOT_RUN] - delay: NOT_RUN: delay

2018-11-23 01:27:08 - [MESSAGE][NOT_RUN] - NOT_RUN: delay

2018-11-23 01:27:08 - [TEST_STEP][NOT_RUN] - setText: NOT_RUN: setText

2018-11-23 01:27:08 - [MESSAGE][NOT_RUN] - NOT_RUN: setText

2018-11-23 01:27:08 - [TEST_STEP][PASSED] - click: Object: 'Object Repository/Final Object Repo/Page_Request SSN - ASSIST/Save  Continue' is clicked on

2018-11-23 01:27:08 - [MESSAGE][PASSED] - Object: 'Object Repository/Final Object Repo/Page_Request SSN - ASSIST/Save  Continue' is clicked on

2018-11-23 01:27:08 - [TEST_STEP][PASSED] - delay: Delayed 3 second(s)

2018-11-23 01:27:11 - [MESSAGE][PASSED] - Delayed 3 second(s)

2018-11-23 01:27:11 - [TEST_STEP][PASSED] - Statement - CaseReferenceNo = com.kms.katalon.core.webui.keyword.WebUiBuiltInKeywords.getText(com.kms.katalon.core.testobject.ObjectRepository.findTestObject(Final Object Repo/Page_Request SSN - ASSIST/Reference Number in Uploading Page)): Text of object 'Object Repository/Final Object Repo/Page_Request SSN - ASSIST/Reference Number in Uploading Page' is: 'YUKI'

2018-11-23 01:27:12 - [MESSAGE][PASSED] - Text of object 'Object Repository/Final Object Repo/Page_Request SSN - ASSIST/Reference Number in Uploading Page' is: 'YUKI'

2018-11-23 01:27:12 - [TEST_STEP][PASSED] - click: Object: 'Object Repository/Final Object Repo/Page_Request SSN - ASSIST/Add Document Button' is clicked on

2018-11-23 01:27:12 - [MESSAGE][PASSED] - Object: 'Object Repository/Final Object Repo/Page_Request SSN - ASSIST/Add Document Button' is clicked on

2018-11-23 01:27:12 - [TEST_STEP][PASSED] - delay: Delayed 2 second(s)

2018-11-23 01:27:14 - [MESSAGE][PASSED] - Delayed 2 second(s)

2018-11-23 01:27:14 - [TEST_STEP][PASSED] - click: Object: 'Object Repository/Final Object Repo/Page_Request SSN - ASSIST/Document Type' is clicked on

2018-11-23 01:27:15 - [MESSAGE][PASSED] - Object: 'Object Repository/Final Object Repo/Page_Request SSN - ASSIST/Document Type' is clicked on

2018-11-23 01:27:15 - [TEST_STEP][PASSED] - click: Object: 'Object Repository/Final Object Repo/Page_Request SSN - ASSIST/Document Type - Birth Certificate' is clicked on

2018-11-23 01:27:15 - [MESSAGE][PASSED] - Object: 'Object Repository/Final Object Repo/Page_Request SSN - ASSIST/Document Type - Birth Certificate' is clicked on

2018-11-23 01:27:15 - [TEST_STEP][PASSED] - sendKeys: Keys 'C:\Users\Public\Pictures\Sample Pictures\Koala.jpg' sent to object: 'Object Repository/Final Object Repo/Page_Request SSN - ASSIST/Upload File'

2018-11-23 01:27:15 - [MESSAGE][PASSED] - Keys 'C:\Users\Public\Pictures\Sample Pictures\Koala.jpg' sent to object: 'Object Repository/Final Object Repo/Page_Request SSN - ASSIST/Upload File'

2018-11-23 01:27:15 - [TEST_STEP][PASSED] - click: Object: 'Object Repository/Final Object Repo/Page_Request SSN - ASSIST/Add Document' is clicked on

2018-11-23 01:27:16 - [MESSAGE][PASSED] - Object: 'Object Repository/Final Object Repo/Page_Request SSN - ASSIST/Add Document' is clicked on

2018-11-23 01:27:16 - [TEST_STEP][PASSED] - delay: Delayed 2 second(s)

2018-11-23 01:27:18 - [MESSAGE][PASSED] - Delayed 2 second(s)

2018-11-23 01:27:18 - [TEST_STEP][PASSED] - click: Object: 'Object Repository/Final Object Repo/Page_Request SSN - ASSIST/Save  Continue in Uploading Document Page' is clicked on

2018-11-23 01:27:19 - [MESSAGE][PASSED] - Object: 'Object Repository/Final Object Repo/Page_Request SSN - ASSIST/Save  Continue in Uploading Document Page' is clicked on

2018-11-23 01:27:19 - [TEST_STEP][PASSED] - delay: Delayed 2 second(s)

2018-11-23 01:27:21 - [MESSAGE][PASSED] - Delayed 2 second(s)

2018-11-23 01:27:21 - [TEST_STEP][PASSED] - click: Object: 'Object Repository/Final Object Repo/Page_Request SSN - ASSIST/Submit' is clicked on

2018-11-23 01:27:24 - [MESSAGE][PASSED] - Object: 'Object Repository/Final Object Repo/Page_Request SSN - ASSIST/Submit' is clicked on

2018-11-23 01:27:24 - [TEST_STEP][PASSED] - delay: Delayed 2 second(s)

2018-11-23 01:27:26 - [MESSAGE][PASSED] - Delayed 2 second(s)

2018-11-23 01:27:26 - [TEST_STEP][PASSED] - click: Object: 'Object Repository/Final Object Repo/Page_Request SSN - ASSIST/Confirm' is clicked on

2018-11-23 01:27:26 - [MESSAGE][PASSED] - Object: 'Object Repository/Final Object Repo/Page_Request SSN - ASSIST/Confirm' is clicked on

2018-11-23 01:27:26 - [TEST_STEP][PASSED] - delay: Delayed 2 second(s)

2018-11-23 01:27:28 - [MESSAGE][PASSED] - Delayed 2 second(s)

2018-11-23 01:27:28 - [TEST_STEP][PASSED] - verifyElementVisible: Object 'Object Repository/Final Object Repo/Page_Request SSN - ASSIST/Message This Case will be routed to RIO' is visible

2018-11-23 01:27:33 - [MESSAGE][PASSED] - Object 'Object Repository/Final Object Repo/Page_Request SSN - ASSIST/Message This Case will be routed to RIO' is visible

2018-11-23 01:27:33 - [TEST_STEP][PASSED] - delay: Delayed 2 second(s)

2018-11-23 01:27:35 - [MESSAGE][PASSED] - Delayed 2 second(s)

2018-11-23 01:27:35 - [TEST_STEP][PASSED] - verifyElementVisible: Object 'Object Repository/Final Object Repo/Page_Request SSN - ASSIST/Letter of acknowledgement' is visible

2018-11-23 01:27:36 - [MESSAGE][PASSED] - Object 'Object Repository/Final Object Repo/Page_Request SSN - ASSIST/Letter of acknowledgement' is visible

2018-11-23 01:27:36 - [MESSAGE][PASSED] - Call Test Case 'Test Cases/Final Aug 2018 - PKS Automation/Registration Module/Workflow/Request SSN/Template/Request SSN - OTC (Using Current Employer Code)' successfully

2018-11-23 01:27:36 - [TEST_STEP][PASSED] - delay: Delayed 2 second(s)

2018-11-23 01:27:38 - [MESSAGE][PASSED] - Delayed 2 second(s)

2018-11-23 01:27:38 - [TEST_STEP][PASSED] - navigateToUrl: Navigate to 'https://assist2-uat.perkeso.gov.my/c/portal/logout' successfully

2018-11-23 01:27:38 - [MESSAGE][PASSED] - Navigate to 'https://assist2-uat.perkeso.gov.my/c/portal/logout' successfully

2018-11-23 01:27:38 - [TEST_STEP][PASSED] - delay: Delayed 2 second(s)

2018-11-23 01:27:40 - [MESSAGE][PASSED] - Delayed 2 second(s)

2018-11-23 01:27:40 - [TEST_STEP][FAILED] - callTestCase: Unable to call Test Case with id 'Test Cases/Final Aug 2018 - PKS Automation/Common/Workflow Owner Finder' (Root cause: Call Test Case 'Test Cases/Final Aug 2018 - PKS Automation/Common/Workflow Owner Finder' failed)

2018-11-23 01:27:40 - [TEST_CASE][FAILED] - Test Cases/Final Aug 2018 - PKS Automation/Common/Workflow Owner Finder: Test Cases/Final Aug 2018 - PKS Automation/Common/Workflow Owner Finder FAILED because (of) (Stack trace: com.kms.katalon.core.exception.StepFailedException: Unable to click on object 'Object Repository/Final Object Repo/Landing Page/Select to English' (Root cause: com.kms.katalon.core.webui.exception.WebElementNotFoundException: Web element with id: 'Object Repository/Final Object Repo/Landing Page/Select to English' located by 'By.xpath: //a[@class = 'taglib-language-list-text' and @lang = 'en-US' and (contains(text(), 'EN') or contains(., 'EN'))]' not found)
	at com.kms.katalon.core.keyword.internal.KeywordMain.stepFailed(KeywordMain.groovy:32)
	at com.kms.katalon.core.webui.keyword.internal.WebUIKeywordMain.stepFailed(WebUIKeywordMain.groovy:65)
	at com.kms.katalon.core.webui.keyword.internal.WebUIKeywordMain.runKeyword(WebUIKeywordMain.groovy:27)
	at com.kms.katalon.core.webui.keyword.builtin.ClickKeyword.click(ClickKeyword.groovy:86)
	at com.kms.katalon.core.webui.keyword.builtin.ClickKeyword.execute(ClickKeyword.groovy:67)
	at com.kms.katalon.core.keyword.internal.KeywordExecutor.executeKeywordForPlatform(KeywordExecutor.groovy:53)
	at com.kms.katalon.core.webui.keyword.WebUiBuiltInKeywords.click(WebUiBuiltInKeywords.groovy:604)
	at com.kms.katalon.core.webui.keyword.WebUiBuiltInKeywords$click$13.call(Unknown Source)
	at Script1534407542420.run(Script1534407542420.groovy:57)
	at com.kms.katalon.core.main.ScriptEngine.run(ScriptEngine.java:183)
	at com.kms.katalon.core.main.ScriptEngine.runScriptAsRawText(ScriptEngine.java:108)
	at com.kms.katalon.core.main.TestCaseExecutor.runScript(TestCaseExecutor.java:294)
	at com.kms.katalon.core.main.TestCaseExecutor.doExecute(TestCaseExecutor.java:285)
	at com.kms.katalon.core.main.TestCaseExecutor.processExecutionPhase(TestCaseExecutor.java:264)
	at com.kms.katalon.core.main.TestCaseExecutor.accessMainPhase(TestCaseExecutor.java:256)
	at com.kms.katalon.core.main.TestCaseExecutor.execute(TestCaseExecutor.java:200)
	at com.kms.katalon.core.main.TestCaseMain.runTestCase(TestCaseMain.java:99)
	at com.kms.katalon.core.keyword.builtin.CallTestCaseKeyword$_callTestCase_closure1.doCall(CallTestCaseKeyword.groovy:60)
	at com.kms.katalon.core.keyword.builtin.CallTestCaseKeyword$_callTestCase_closure1.call(CallTestCaseKeyword.groovy)
	at com.kms.katalon.core.keyword.internal.KeywordMain.runKeyword(KeywordMain.groovy:54)
	at com.kms.katalon.core.keyword.builtin.CallTestCaseKeyword.callTestCase(CallTestCaseKeyword.groovy:81)
	at com.kms.katalon.core.keyword.builtin.CallTestCaseKeyword.execute(CallTestCaseKeyword.groovy:45)
	at com.kms.katalon.core.keyword.internal.KeywordExecutor.executeKeywordForPlatform(KeywordExecutor.groovy:53)
	at com.kms.katalon.core.keyword.BuiltinKeywords.callTestCase(BuiltinKeywords.groovy:334)
	at sun.reflect.GeneratedMethodAccessor13.invoke(Unknown Source)
	at sun.reflect.DelegatingMethodAccessorImpl.invoke(DelegatingMethodAccessorImpl.java:43)
	at java.lang.reflect.Method.invoke(Method.java:498)
	at org.codehaus.groovy.reflection.CachedMethod.invoke(CachedMethod.java:93)
	at groovy.lang.MetaMethod.doMethodInvoke(MetaMethod.java:325)
	at groovy.lang.MetaClassImpl.invokeStaticMethod(MetaClassImpl.java:1469)
	at org.codehaus.groovy.runtime.callsite.StaticMetaClassSite.call(StaticMetaClassSite.java:53)
	at org.codehaus.groovy.runtime.callsite.CallSiteArray.defaultCall(CallSiteArray.java:48)
	at org.codehaus.groovy.runtime.callsite.AbstractCallSite.call(AbstractCallSite.java:113)
	at org.codehaus.groovy.runtime.callsite.AbstractCallSite.call(AbstractCallSite.java:141)
	at Script1537866116409.run(Script1537866116409.groovy:30)
	at com.kms.katalon.core.main.ScriptEngine.run(ScriptEngine.java:183)
	at com.kms.katalon.core.main.ScriptEngine.runScriptAsRawText(ScriptEngine.java:108)
	at com.kms.katalon.core.main.TestCaseExecutor.runScript(TestCaseExecutor.java:294)
	at com.kms.katalon.core.main.TestCaseExecutor.doExecute(TestCaseExecutor.java:285)
	at com.kms.katalon.core.main.TestCaseExecutor.processExecutionPhase(TestCaseExecutor.java:264)
	at com.kms.katalon.core.main.TestCaseExecutor.accessMainPhase(TestCaseExecutor.java:256)
	at com.kms.katalon.core.main.TestCaseExecutor.execute(TestCaseExecutor.java:200)
	at com.kms.katalon.core.main.TestCaseMain.runTestCase(TestCaseMain.java:99)
	at com.kms.katalon.core.keyword.builtin.CallTestCaseKeyword$_callTestCase_closure1.doCall(CallTestCaseKeyword.groovy:60)
	at com.kms.katalon.core.keyword.builtin.CallTestCaseKeyword$_callTestCase_closure1.call(CallTestCaseKeyword.groovy)
	at com.kms.katalon.core.keyword.internal.KeywordMain.runKeyword(KeywordMain.groovy:54)
	at com.kms.katalon.core.keyword.builtin.CallTestCaseKeyword.callTestCase(CallTestCaseKeyword.groovy:81)
	at com.kms.katalon.core.keyword.builtin.CallTestCaseKeyword.execute(CallTestCaseKeyword.groovy:45)
	at com.kms.katalon.core.keyword.internal.KeywordExecutor.executeKeywordForPlatform(KeywordExecutor.groovy:53)
	at com.kms.katalon.core.keyword.BuiltinKeywords.callTestCase(BuiltinKeywords.groovy:334)
	at sun.reflect.GeneratedMethodAccessor13.invoke(Unknown Source)
	at sun.reflect.DelegatingMethodAccessorImpl.invoke(DelegatingMethodAccessorImpl.java:43)
	at java.lang.reflect.Method.invoke(Method.java:498)
	at org.codehaus.groovy.reflection.CachedMethod.invoke(CachedMethod.java:93)
	at groovy.lang.MetaMethod.doMethodInvoke(MetaMethod.java:325)
	at groovy.lang.MetaClassImpl.invokeStaticMethod(MetaClassImpl.java:1469)
	at org.codehaus.groovy.runtime.callsite.StaticMetaClassSite.call(StaticMetaClassSite.java:53)
	at org.codehaus.groovy.runtime.callsite.CallSiteArray.defaultCall(CallSiteArray.java:48)
	at org.codehaus.groovy.runtime.callsite.AbstractCallSite.call(AbstractCallSite.java:113)
	at org.codehaus.groovy.runtime.callsite.AbstractCallSite.call(AbstractCallSite.java:141)
	at Script1536300508619.run(Script1536300508619.groovy:24)
	at com.kms.katalon.core.main.ScriptEngine.run(ScriptEngine.java:183)
	at com.kms.katalon.core.main.ScriptEngine.runScriptAsRawText(ScriptEngine.java:108)
	at com.kms.katalon.core.main.TestCaseExecutor.runScript(TestCaseExecutor.java:294)
	at com.kms.katalon.core.main.TestCaseExecutor.doExecute(TestCaseExecutor.java:285)
	at com.kms.katalon.core.main.TestCaseExecutor.processExecutionPhase(TestCaseExecutor.java:264)
	at com.kms.katalon.core.main.TestCaseExecutor.accessMainPhase(TestCaseExecutor.java:256)
	at com.kms.katalon.core.main.TestCaseExecutor.execute(TestCaseExecutor.java:200)
	at com.kms.katalon.core.main.TestSuiteExecutor.accessTestCaseMainPhase(TestSuiteExecutor.java:129)
	at com.kms.katalon.core.main.TestSuiteExecutor.accessTestSuiteMainPhase(TestSuiteExecutor.java:112)
	at com.kms.katalon.core.main.TestSuiteExecutor.execute(TestSuiteExecutor.java:81)
	at com.kms.katalon.core.main.TestCaseMain.startTestSuite(TestCaseMain.java:142)
	at com.kms.katalon.core.main.TestCaseMain$startTestSuite$0.call(Unknown Source)
	at org.codehaus.groovy.runtime.callsite.CallSiteArray.defaultCall(CallSiteArray.java:48)
	at org.codehaus.groovy.runtime.callsite.AbstractCallSite.call(AbstractCallSite.java:113)
	at org.codehaus.groovy.runtime.callsite.AbstractCallSite.call(AbstractCallSite.java:141)
	at TempTestSuite1542874456978.run(TempTestSuite1542874456978.groovy:36)
	at groovy.lang.GroovyShell.runScriptOrMainOrTestOrRunnable(GroovyShell.java:263)
	at groovy.lang.GroovyShell.run(GroovyShell.java:518)
	at groovy.lang.GroovyShell.run(GroovyShell.java:507)
	at groovy.ui.GroovyMain.processOnce(GroovyMain.java:653)
	at groovy.ui.GroovyMain.run(GroovyMain.java:384)
	at groovy.ui.GroovyMain.process(GroovyMain.java:370)
	at groovy.ui.GroovyMain.processArgs(GroovyMain.java:129)
	at groovy.ui.GroovyMain.main(GroovyMain.java:109)
	at sun.reflect.NativeMethodAccessorImpl.invoke0(Native Method)
	at sun.reflect.NativeMethodAccessorImpl.invoke(NativeMethodAccessorImpl.java:62)
	at sun.reflect.DelegatingMethodAccessorImpl.invoke(DelegatingMethodAccessorImpl.java:43)
	at java.lang.reflect.Method.invoke(Method.java:498)
	at org.codehaus.groovy.tools.GroovyStarter.rootLoader(GroovyStarter.java:109)
	at org.codehaus.groovy.tools.GroovyStarter.main(GroovyStarter.java:131)
)

2018-11-23 01:27:40 - [TEST_STEP][PASSED] - openBrowser: Browser is opened with url: ''

2018-11-23 01:27:40 - [MESSAGE][WARNING] - A browser is already opened. Closing browser and opening a new one

2018-11-23 01:27:44 - [MESSAGE][PASSED] - Browser is opened with url: ''

2018-11-23 01:27:44 - [TEST_STEP][PASSED] - navigateToUrl: Navigate to 'https://assist2-uat.perkeso.gov.my/login' successfully

2018-11-23 01:27:45 - [MESSAGE][PASSED] - Navigate to 'https://assist2-uat.perkeso.gov.my/login' successfully

2018-11-23 01:27:45 - [TEST_STEP][PASSED] - delay: Delayed 5 second(s)

2018-11-23 01:27:50 - [MESSAGE][PASSED] - Delayed 5 second(s)

2018-11-23 01:27:50 - [TEST_STEP][PASSED] - setText: Text 'test@liferay.com' is set on object 'Object Repository/Final Object Repo/Login Page/Internal User/Email Address'

2018-11-23 01:27:51 - [MESSAGE][PASSED] - Text 'test@liferay.com' is set on object 'Object Repository/Final Object Repo/Login Page/Internal User/Email Address'

2018-11-23 01:27:51 - [TEST_STEP][PASSED] - click: Object: 'Object Repository/Final Object Repo/Login Page/Internal User/Next Button' is clicked on

2018-11-23 01:27:51 - [MESSAGE][PASSED] - Object: 'Object Repository/Final Object Repo/Login Page/Internal User/Next Button' is clicked on

2018-11-23 01:27:51 - [TEST_STEP][PASSED] - delay: Delayed 2 second(s)

2018-11-23 01:27:53 - [MESSAGE][PASSED] - Delayed 2 second(s)

2018-11-23 01:27:53 - [TEST_STEP][PASSED] - setText: Text 'test' is set on object 'Object Repository/Final Object Repo/Login Page/Internal User/Password'

2018-11-23 01:27:53 - [MESSAGE][PASSED] - Text 'test' is set on object 'Object Repository/Final Object Repo/Login Page/Internal User/Password'

2018-11-23 01:27:53 - [TEST_STEP][PASSED] - delay: Delayed 2 second(s)

2018-11-23 01:27:55 - [MESSAGE][PASSED] - Delayed 2 second(s)

2018-11-23 01:27:55 - [TEST_STEP][PASSED] - click: Object: 'Object Repository/Final Object Repo/Login Page/Internal User/Login Button' is clicked on

2018-11-23 01:27:55 - [MESSAGE][PASSED] - Object: 'Object Repository/Final Object Repo/Login Page/Internal User/Login Button' is clicked on

2018-11-23 01:27:55 - [TEST_STEP][FAILED] - Statement - Try: Delayed 2 second(s)

2018-11-23 01:27:55 - [TEST_STEP][PASSED] - Statement - Checker = false: null

2018-11-23 01:27:55 - [TEST_STEP][PASSED] - Statement - Checker = com.kms.katalon.core.webui.keyword.WebUiBuiltInKeywords.verifyElementHasAttribute(com.kms.katalon.core.testobject.ObjectRepository.findTestObject(Final Object Repo/Landing Page/BM Detecting), "href", 20, OPTIONAL): Unable to verify if object 'Object Repository/Final Object Repo/Landing Page/BM Detecting' has attribute 'href' (Root cause: org.openqa.selenium.StaleElementReferenceException: stale element reference: element is not attached to the page document
  (Session info: chrome=70.0.3538.102)
  (Driver info: chromedriver=2.43.600210 (68dcf5eebde37173d4027fa8635e332711d2874a),platform=Windows NT 6.1.7601 SP1 x86_64) (WARNING: The server did not provide any stacktrace information)
Command duration or timeout: 0 milliseconds
For documentation on this error, please visit: http://seleniumhq.org/exceptions/stale_element_reference.html
Build info: version: '3.7.1', revision: '8a0099a', time: '2017-11-06T21:07:36.161Z'
System info: host: 'WIN7TEST02', ip: '10.20.3.72', os.name: 'Windows 7', os.arch: 'amd64', os.version: '6.1', java.version: '1.8.0_181'
Driver info: com.kms.katalon.selenium.driver.CChromeDriver
Capabilities {acceptInsecureCerts: false, acceptSslCerts: false, applicationCacheEnabled: false, browserConnectionEnabled: false, browserName: chrome, chrome: {chromedriverVersion: 2.43.600210 (68dcf5eebde371..., userDataDir: C:\Users\Admin\AppData\Loca...}, cssSelectorsEnabled: true, databaseEnabled: false, goog:chromeOptions: {debuggerAddress: localhost:50867}, handlesAlerts: true, hasTouchScreen: false, javascriptEnabled: true, locationContextEnabled: true, mobileEmulationEnabled: false, nativeEvents: true, networkConnectionEnabled: false, pageLoadStrategy: normal, platform: XP, platformName: XP, rotatable: false, setWindowRect: true, takesHeapSnapshot: true, takesScreenshot: true, unexpectedAlertBehaviour: , unhandledPromptBehavior: , version: 70.0.3538.102, webStorageEnabled: true}
Session ID: 720621f6f551b62e9f156d7f392b154e)

2018-11-23 01:27:58 - [MESSAGE][WARNING] - Unable to verify if object 'Object Repository/Final Object Repo/Landing Page/BM Detecting' has attribute 'href' (Root cause: org.openqa.selenium.StaleElementReferenceException: stale element reference: element is not attached to the page document
  (Session info: chrome=70.0.3538.102)
  (Driver info: chromedriver=2.43.600210 (68dcf5eebde37173d4027fa8635e332711d2874a),platform=Windows NT 6.1.7601 SP1 x86_64) (WARNING: The server did not provide any stacktrace information)
Command duration or timeout: 0 milliseconds
For documentation on this error, please visit: http://seleniumhq.org/exceptions/stale_element_reference.html
Build info: version: '3.7.1', revision: '8a0099a', time: '2017-11-06T21:07:36.161Z'
System info: host: 'WIN7TEST02', ip: '10.20.3.72', os.name: 'Windows 7', os.arch: 'amd64', os.version: '6.1', java.version: '1.8.0_181'
Driver info: com.kms.katalon.selenium.driver.CChromeDriver
Capabilities {acceptInsecureCerts: false, acceptSslCerts: false, applicationCacheEnabled: false, browserConnectionEnabled: false, browserName: chrome, chrome: {chromedriverVersion: 2.43.600210 (68dcf5eebde371..., userDataDir: C:\Users\Admin\AppData\Loca...}, cssSelectorsEnabled: true, databaseEnabled: false, goog:chromeOptions: {debuggerAddress: localhost:50867}, handlesAlerts: true, hasTouchScreen: false, javascriptEnabled: true, locationContextEnabled: true, mobileEmulationEnabled: false, nativeEvents: true, networkConnectionEnabled: false, pageLoadStrategy: normal, platform: XP, platformName: XP, rotatable: false, setWindowRect: true, takesHeapSnapshot: true, takesScreenshot: true, unexpectedAlertBehaviour: , unhandledPromptBehavior: , version: 70.0.3538.102, webStorageEnabled: true}
Session ID: 720621f6f551b62e9f156d7f392b154e)
[[ATTACHMENT|C:\\Users\\Admin\\Desktop\\PKS\\Perkeso Phase A\\Reports\\Workflow\\Request SSN\\20181122_161416\\1542907677772.png]]

2018-11-23 01:27:58 - [TEST_STEP][PASSED] - Statement - out.println(Checker): null

2018-11-23 01:27:58 - [TEST_STEP][FAILED] - Statement - If (Checker == false): Unable to click on object 'Object Repository/Final Object Repo/Landing Page/Select to English' (Root cause: com.kms.katalon.core.webui.exception.WebElementNotFoundException: Web element with id: 'Object Repository/Final Object Repo/Landing Page/Select to English' located by 'By.xpath: //a[@class = 'taglib-language-list-text' and @lang = 'en-US' and (contains(text(), 'EN') or contains(., 'EN'))]' not found)

2018-11-23 01:27:58 - [TEST_STEP][FAILED] - click: Unable to click on object 'Object Repository/Final Object Repo/Landing Page/Select to English' (Root cause: com.kms.katalon.core.webui.exception.WebElementNotFoundException: Web element with id: 'Object Repository/Final Object Repo/Landing Page/Select to English' located by 'By.xpath: //a[@class = 'taglib-language-list-text' and @lang = 'en-US' and (contains(text(), 'EN') or contains(., 'EN'))]' not found)

2018-11-23 01:28:35 - [MESSAGE][FAILED] - Unable to click on object 'Object Repository/Final Object Repo/Landing Page/Select to English' (Root cause: com.kms.katalon.core.webui.exception.WebElementNotFoundException: Web element with id: 'Object Repository/Final Object Repo/Landing Page/Select to English' located by 'By.xpath: //a[@class = 'taglib-language-list-text' and @lang = 'en-US' and (contains(text(), 'EN') or contains(., 'EN'))]' not found)
[[ATTACHMENT|C:\\Users\\Admin\\Desktop\\PKS\\Perkeso Phase A\\Reports\\Workflow\\Request SSN\\20181122_161416\\1542907715382.png]]

2018-11-23 01:28:35 - [TEST_STEP][PASSED] - delay: Delayed 2 second(s)

2018-11-23 01:28:37 - [MESSAGE][PASSED] - Delayed 2 second(s)

2018-11-23 01:28:37 - [TEST_STEP][PASSED] - delay: Delayed 3 second(s)

2018-11-23 01:28:40 - [MESSAGE][PASSED] - Delayed 3 second(s)

2018-11-23 01:28:40 - [TEST_STEP][PASSED] - mouseOver: Object: 'Object Repository/Final Object Repo/Landing Page/WorkFlow Menu' is hovered

2018-11-23 01:28:40 - [MESSAGE][PASSED] - Object: 'Object Repository/Final Object Repo/Landing Page/WorkFlow Menu' is hovered

2018-11-23 01:28:40 - [TEST_STEP][PASSED] - delay: Delayed 2 second(s)

2018-11-23 01:28:42 - [MESSAGE][PASSED] - Delayed 2 second(s)

2018-11-23 01:28:42 - [TEST_STEP][PASSED] - click: Object: 'Object Repository/Final Object Repo/Landing Page/Select to Workflow Listing' is clicked on

2018-11-23 01:28:43 - [MESSAGE][PASSED] - Object: 'Object Repository/Final Object Repo/Landing Page/Select to Workflow Listing' is clicked on

2018-11-23 01:28:43 - [TEST_STEP][PASSED] - delay: Delayed 2 second(s)

2018-11-23 01:28:45 - [MESSAGE][PASSED] - Delayed 2 second(s)

2018-11-23 01:28:45 - [TEST_STEP][PASSED] - click: Object: 'Object Repository/Final Object Repo/WorkFlow Listing Page/Search Information - To Put Ref No' is clicked on

2018-11-23 01:28:46 - [MESSAGE][PASSED] - Object: 'Object Repository/Final Object Repo/WorkFlow Listing Page/Search Information - To Put Ref No' is clicked on

2018-11-23 01:28:46 - [TEST_STEP][PASSED] - delay: Delayed 2 second(s)

2018-11-23 01:28:48 - [MESSAGE][PASSED] - Delayed 2 second(s)

2018-11-23 01:28:48 - [TEST_STEP][PASSED] - callTestCase: Call Test Case 'Test Cases/Final Aug 2018 - PKS Automation/Common/Reference Number Getter' successfully

2018-11-23 01:28:48 - [TEST_CASE][PASSED] - Test Cases/Final Aug 2018 - PKS Automation/Common/Reference Number Getter: Test Cases/Final Aug 2018 - PKS Automation/Common/Reference Number Getter

2018-11-23 01:28:48 - [TEST_STEP][PASSED] - Statement - Try: null

2018-11-23 01:28:48 - [TEST_STEP][PASSED] - Statement - RefNo = new java.io.File(C://Users//Admin//Desktop//PKS//Automation Reference Point//KatalonReference.txt): null

2018-11-23 01:28:48 - [TEST_STEP][PASSED] - Statement - bufferread = new java.io.BufferedReader(new java.io.FileReader(RefNo)): null

2018-11-23 01:28:48 - [TEST_STEP][PASSED] - Statement - readedVal = bufferread.readLine(): null

2018-11-23 01:28:48 - [TEST_STEP][PASSED] - Statement - out.println(CaseReferenceNo): null

2018-11-23 01:28:48 - [TEST_STEP][PASSED] - Statement - out.println(readedVal): null

2018-11-23 01:28:48 - [TEST_STEP][PASSED] - Statement - CaseReferenceNo = "": null

2018-11-23 01:28:48 - [TEST_STEP][PASSED] - Statement - CaseReferenceNo = readedVal: null

2018-11-23 01:28:48 - [MESSAGE][PASSED] - Call Test Case 'Test Cases/Final Aug 2018 - PKS Automation/Common/Reference Number Getter' successfully

2018-11-23 01:28:48 - [TEST_STEP][PASSED] - setText: Text 'SSN11201800001135' is set on object 'Object Repository/Final Object Repo/WorkFlow Listing Page/Ref No Set Text'

2018-11-23 01:28:48 - [MESSAGE][PASSED] - Text 'SSN11201800001135' is set on object 'Object Repository/Final Object Repo/WorkFlow Listing Page/Ref No Set Text'

2018-11-23 01:28:48 - [TEST_STEP][PASSED] - delay: Delayed 2 second(s)

2018-11-23 01:28:50 - [MESSAGE][PASSED] - Delayed 2 second(s)

2018-11-23 01:28:50 - [TEST_STEP][PASSED] - click: Object: 'Object Repository/Final Object Repo/WorkFlow Listing Page/Search Ref No Search Button' is clicked on

2018-11-23 01:28:50 - [MESSAGE][PASSED] - Object: 'Object Repository/Final Object Repo/WorkFlow Listing Page/Search Ref No Search Button' is clicked on

2018-11-23 01:28:50 - [TEST_STEP][PASSED] - delay: Delayed 4 second(s)

2018-11-23 01:28:54 - [MESSAGE][PASSED] - Delayed 4 second(s)

2018-11-23 01:28:54 - [TEST_STEP][PASSED] - click: Object: 'Object Repository/Final Object Repo/WorkFlow Listing Page/Click Continue Tooltip' is clicked on

2018-11-23 01:28:55 - [MESSAGE][PASSED] - Object: 'Object Repository/Final Object Repo/WorkFlow Listing Page/Click Continue Tooltip' is clicked on

2018-11-23 01:28:55 - [TEST_STEP][PASSED] - delay: Delayed 5 second(s)

2018-11-23 01:29:00 - [MESSAGE][PASSED] - Delayed 5 second(s)

2018-11-23 01:29:00 - [TEST_STEP][PASSED] - doubleClick: Object: 'Object Repository/Final Object Repo/WorkFlow Listing Page/Workflow Found - Listing 1' is double clicked on

2018-11-23 01:29:00 - [MESSAGE][PASSED] - Object: 'Object Repository/Final Object Repo/WorkFlow Listing Page/Workflow Found - Listing 1' is double clicked on

2018-11-23 01:29:00 - [TEST_STEP][PASSED] - Statement - println(OwnerID): null

2018-11-23 01:29:00 - [TEST_STEP][PASSED] - Statement - OwnerID = com.kms.katalon.core.webui.keyword.WebUiBuiltInKeywords.getText(com.kms.katalon.core.testobject.ObjectRepository.findTestObject(Final Object Repo/WorkFlow Listing Page/Workflow Found - Listing 1), STOP_ON_FAILURE): Text of object 'Object Repository/Final Object Repo/WorkFlow Listing Page/Workflow Found - Listing 1' is: 'JOHORrio1'

2018-11-23 01:29:00 - [MESSAGE][PASSED] - Text of object 'Object Repository/Final Object Repo/WorkFlow Listing Page/Workflow Found - Listing 1' is: 'JOHORrio1'

2018-11-23 01:29:00 - [TEST_STEP][PASSED] - Statement - OwnerID = OwnerID.toLowerCase() + "@gmail.com": null

2018-11-23 01:29:00 - [TEST_STEP][PASSED] - Statement - println(OwnerID): null

2018-11-23 01:29:00 - [TEST_STEP][PASSED] - delay: Delayed 2 second(s)

2018-11-23 01:29:02 - [MESSAGE][PASSED] - Delayed 2 second(s)

2018-11-23 01:29:02 - [MESSAGE][FAILED] - Unable to call Test Case with id 'Test Cases/Final Aug 2018 - PKS Automation/Common/Workflow Owner Finder' (Root cause: Call Test Case 'Test Cases/Final Aug 2018 - PKS Automation/Common/Workflow Owner Finder' failed)

2018-11-23 01:29:02 - [MESSAGE][FAILED] - Unable to call Test Case with id 'Test Cases/Final Aug 2018 - PKS Automation/Registration Module/Workflow/Request SSN/Template/Request SSN RIO - RO (Approve and Using Current Employer Code)' (Root cause: Call Test Case 'Test Cases/Final Aug 2018 - PKS Automation/Registration Module/Workflow/Request SSN/Template/Request SSN RIO - RO (Approve and Using Current Employer Code)' failed)]]></system-out>
         <system-err><![CDATA[2018-11-23 01:24:40 - [TEST_CASE][FAILED] - Test Cases/Final Aug 2018 - PKS Automation/Registration Module/Workflow/Request SSN/PKRBO - RIO - RO (Approve): Test Cases/Final Aug 2018 - PKS Automation/Registration Module/Workflow/Request SSN/PKRBO - RIO - RO (Approve) FAILED because (of) (Stack trace: com.kms.katalon.core.exception.StepFailedException: Unable to click on object 'Object Repository/Final Object Repo/Landing Page/Select to English' (Root cause: com.kms.katalon.core.webui.exception.WebElementNotFoundException: Web element with id: 'Object Repository/Final Object Repo/Landing Page/Select to English' located by 'By.xpath: //a[@class = 'taglib-language-list-text' and @lang = 'en-US' and (contains(text(), 'EN') or contains(., 'EN'))]' not found)
	at com.kms.katalon.core.keyword.internal.KeywordMain.stepFailed(KeywordMain.groovy:32)
	at com.kms.katalon.core.webui.keyword.internal.WebUIKeywordMain.stepFailed(WebUIKeywordMain.groovy:65)
	at com.kms.katalon.core.webui.keyword.internal.WebUIKeywordMain.runKeyword(WebUIKeywordMain.groovy:27)
	at com.kms.katalon.core.webui.keyword.builtin.ClickKeyword.click(ClickKeyword.groovy:86)
	at com.kms.katalon.core.webui.keyword.builtin.ClickKeyword.execute(ClickKeyword.groovy:67)
	at com.kms.katalon.core.keyword.internal.KeywordExecutor.executeKeywordForPlatform(KeywordExecutor.groovy:53)
	at com.kms.katalon.core.webui.keyword.WebUiBuiltInKeywords.click(WebUiBuiltInKeywords.groovy:604)
	at com.kms.katalon.core.webui.keyword.WebUiBuiltInKeywords$click$13.call(Unknown Source)
	at Script1534407542420.run(Script1534407542420.groovy:57)
	at com.kms.katalon.core.main.ScriptEngine.run(ScriptEngine.java:183)
	at com.kms.katalon.core.main.ScriptEngine.runScriptAsRawText(ScriptEngine.java:108)
	at com.kms.katalon.core.main.TestCaseExecutor.runScript(TestCaseExecutor.java:294)
	at com.kms.katalon.core.main.TestCaseExecutor.doExecute(TestCaseExecutor.java:285)
	at com.kms.katalon.core.main.TestCaseExecutor.processExecutionPhase(TestCaseExecutor.java:264)
	at com.kms.katalon.core.main.TestCaseExecutor.accessMainPhase(TestCaseExecutor.java:256)
	at com.kms.katalon.core.main.TestCaseExecutor.execute(TestCaseExecutor.java:200)
	at com.kms.katalon.core.main.TestCaseMain.runTestCase(TestCaseMain.java:99)
	at com.kms.katalon.core.keyword.builtin.CallTestCaseKeyword$_callTestCase_closure1.doCall(CallTestCaseKeyword.groovy:60)
	at com.kms.katalon.core.keyword.builtin.CallTestCaseKeyword$_callTestCase_closure1.call(CallTestCaseKeyword.groovy)
	at com.kms.katalon.core.keyword.internal.KeywordMain.runKeyword(KeywordMain.groovy:54)
	at com.kms.katalon.core.keyword.builtin.CallTestCaseKeyword.callTestCase(CallTestCaseKeyword.groovy:81)
	at com.kms.katalon.core.keyword.builtin.CallTestCaseKeyword.execute(CallTestCaseKeyword.groovy:45)
	at com.kms.katalon.core.keyword.internal.KeywordExecutor.executeKeywordForPlatform(KeywordExecutor.groovy:53)
	at com.kms.katalon.core.keyword.BuiltinKeywords.callTestCase(BuiltinKeywords.groovy:334)
	at sun.reflect.GeneratedMethodAccessor13.invoke(Unknown Source)
	at sun.reflect.DelegatingMethodAccessorImpl.invoke(DelegatingMethodAccessorImpl.java:43)
	at java.lang.reflect.Method.invoke(Method.java:498)
	at org.codehaus.groovy.reflection.CachedMethod.invoke(CachedMethod.java:93)
	at groovy.lang.MetaMethod.doMethodInvoke(MetaMethod.java:325)
	at groovy.lang.MetaClassImpl.invokeStaticMethod(MetaClassImpl.java:1469)
	at org.codehaus.groovy.runtime.callsite.StaticMetaClassSite.call(StaticMetaClassSite.java:53)
	at org.codehaus.groovy.runtime.callsite.CallSiteArray.defaultCall(CallSiteArray.java:48)
	at org.codehaus.groovy.runtime.callsite.AbstractCallSite.call(AbstractCallSite.java:113)
	at org.codehaus.groovy.runtime.callsite.AbstractCallSite.call(AbstractCallSite.java:141)
	at Script1537866116409.run(Script1537866116409.groovy:30)
	at com.kms.katalon.core.main.ScriptEngine.run(ScriptEngine.java:183)
	at com.kms.katalon.core.main.ScriptEngine.runScriptAsRawText(ScriptEngine.java:108)
	at com.kms.katalon.core.main.TestCaseExecutor.runScript(TestCaseExecutor.java:294)
	at com.kms.katalon.core.main.TestCaseExecutor.doExecute(TestCaseExecutor.java:285)
	at com.kms.katalon.core.main.TestCaseExecutor.processExecutionPhase(TestCaseExecutor.java:264)
	at com.kms.katalon.core.main.TestCaseExecutor.accessMainPhase(TestCaseExecutor.java:256)
	at com.kms.katalon.core.main.TestCaseExecutor.execute(TestCaseExecutor.java:200)
	at com.kms.katalon.core.main.TestCaseMain.runTestCase(TestCaseMain.java:99)
	at com.kms.katalon.core.keyword.builtin.CallTestCaseKeyword$_callTestCase_closure1.doCall(CallTestCaseKeyword.groovy:60)
	at com.kms.katalon.core.keyword.builtin.CallTestCaseKeyword$_callTestCase_closure1.call(CallTestCaseKeyword.groovy)
	at com.kms.katalon.core.keyword.internal.KeywordMain.runKeyword(KeywordMain.groovy:54)
	at com.kms.katalon.core.keyword.builtin.CallTestCaseKeyword.callTestCase(CallTestCaseKeyword.groovy:81)
	at com.kms.katalon.core.keyword.builtin.CallTestCaseKeyword.execute(CallTestCaseKeyword.groovy:45)
	at com.kms.katalon.core.keyword.internal.KeywordExecutor.executeKeywordForPlatform(KeywordExecutor.groovy:53)
	at com.kms.katalon.core.keyword.BuiltinKeywords.callTestCase(BuiltinKeywords.groovy:334)
	at sun.reflect.GeneratedMethodAccessor13.invoke(Unknown Source)
	at sun.reflect.DelegatingMethodAccessorImpl.invoke(DelegatingMethodAccessorImpl.java:43)
	at java.lang.reflect.Method.invoke(Method.java:498)
	at org.codehaus.groovy.reflection.CachedMethod.invoke(CachedMethod.java:93)
	at groovy.lang.MetaMethod.doMethodInvoke(MetaMethod.java:325)
	at groovy.lang.MetaClassImpl.invokeStaticMethod(MetaClassImpl.java:1469)
	at org.codehaus.groovy.runtime.callsite.StaticMetaClassSite.call(StaticMetaClassSite.java:53)
	at org.codehaus.groovy.runtime.callsite.CallSiteArray.defaultCall(CallSiteArray.java:48)
	at org.codehaus.groovy.runtime.callsite.AbstractCallSite.call(AbstractCallSite.java:113)
	at org.codehaus.groovy.runtime.callsite.AbstractCallSite.call(AbstractCallSite.java:141)
	at Script1536300508619.run(Script1536300508619.groovy:24)
	at com.kms.katalon.core.main.ScriptEngine.run(ScriptEngine.java:183)
	at com.kms.katalon.core.main.ScriptEngine.runScriptAsRawText(ScriptEngine.java:108)
	at com.kms.katalon.core.main.TestCaseExecutor.runScript(TestCaseExecutor.java:294)
	at com.kms.katalon.core.main.TestCaseExecutor.doExecute(TestCaseExecutor.java:285)
	at com.kms.katalon.core.main.TestCaseExecutor.processExecutionPhase(TestCaseExecutor.java:264)
	at com.kms.katalon.core.main.TestCaseExecutor.accessMainPhase(TestCaseExecutor.java:256)
	at com.kms.katalon.core.main.TestCaseExecutor.execute(TestCaseExecutor.java:200)
	at com.kms.katalon.core.main.TestSuiteExecutor.accessTestCaseMainPhase(TestSuiteExecutor.java:129)
	at com.kms.katalon.core.main.TestSuiteExecutor.accessTestSuiteMainPhase(TestSuiteExecutor.java:112)
	at com.kms.katalon.core.main.TestSuiteExecutor.execute(TestSuiteExecutor.java:81)
	at com.kms.katalon.core.main.TestCaseMain.startTestSuite(TestCaseMain.java:142)
	at com.kms.katalon.core.main.TestCaseMain$startTestSuite$0.call(Unknown Source)
	at org.codehaus.groovy.runtime.callsite.CallSiteArray.defaultCall(CallSiteArray.java:48)
	at org.codehaus.groovy.runtime.callsite.AbstractCallSite.call(AbstractCallSite.java:113)
	at org.codehaus.groovy.runtime.callsite.AbstractCallSite.call(AbstractCallSite.java:141)
	at TempTestSuite1542874456978.run(TempTestSuite1542874456978.groovy:36)
	at groovy.lang.GroovyShell.runScriptOrMainOrTestOrRunnable(GroovyShell.java:263)
	at groovy.lang.GroovyShell.run(GroovyShell.java:518)
	at groovy.lang.GroovyShell.run(GroovyShell.java:507)
	at groovy.ui.GroovyMain.processOnce(GroovyMain.java:653)
	at groovy.ui.GroovyMain.run(GroovyMain.java:384)
	at groovy.ui.GroovyMain.process(GroovyMain.java:370)
	at groovy.ui.GroovyMain.processArgs(GroovyMain.java:129)
	at groovy.ui.GroovyMain.main(GroovyMain.java:109)
	at sun.reflect.NativeMethodAccessorImpl.invoke0(Native Method)
	at sun.reflect.NativeMethodAccessorImpl.invoke(NativeMethodAccessorImpl.java:62)
	at sun.reflect.DelegatingMethodAccessorImpl.invoke(DelegatingMethodAccessorImpl.java:43)
	at java.lang.reflect.Method.invoke(Method.java:498)
	at org.codehaus.groovy.tools.GroovyStarter.rootLoader(GroovyStarter.java:109)
	at org.codehaus.groovy.tools.GroovyStarter.main(GroovyStarter.java:131)
)]]></system-err>
      </testcase>
      <testcase name="Test Cases/Final Aug 2018 - PKS Automation/Registration Module/Workflow/Request SSN/PKRBO - RIO - RO (Query)" classname="Test Cases/Final Aug 2018 - PKS Automation/Registration Module/Workflow/Request SSN/PKRBO - RIO - RO (Query)" status="FAILED">
         <failure type="FAILED" message="(Stack trace: com.kms.katalon.core.exception.StepFailedException: Unable to click on object 'Object Repository/Final Object Repo/Landing Page/Select to English' (Root cause: com.kms.katalon.core.webui.exception.WebElementNotFoundException: Web element with id: 'Object Repository/Final Object Repo/Landing Page/Select to English' located by 'By.xpath: //a[@class = 'taglib-language-list-text' and @lang = 'en-US' and (contains(text(), 'EN') or contains(., 'EN'))]' not found)
	at com.kms.katalon.core.keyword.internal.KeywordMain.stepFailed(KeywordMain.groovy:32)
	at com.kms.katalon.core.webui.keyword.internal.WebUIKeywordMain.stepFailed(WebUIKeywordMain.groovy:65)
	at com.kms.katalon.core.webui.keyword.internal.WebUIKeywordMain.runKeyword(WebUIKeywordMain.groovy:27)
	at com.kms.katalon.core.webui.keyword.builtin.ClickKeyword.click(ClickKeyword.groovy:86)
	at com.kms.katalon.core.webui.keyword.builtin.ClickKeyword.execute(ClickKeyword.groovy:67)
	at com.kms.katalon.core.keyword.internal.KeywordExecutor.executeKeywordForPlatform(KeywordExecutor.groovy:53)
	at com.kms.katalon.core.webui.keyword.WebUiBuiltInKeywords.click(WebUiBuiltInKeywords.groovy:604)
	at com.kms.katalon.core.webui.keyword.WebUiBuiltInKeywords$click$13.call(Unknown Source)
	at Script1534407542420.run(Script1534407542420.groovy:57)
	at com.kms.katalon.core.main.ScriptEngine.run(ScriptEngine.java:183)
	at com.kms.katalon.core.main.ScriptEngine.runScriptAsRawText(ScriptEngine.java:108)
	at com.kms.katalon.core.main.TestCaseExecutor.runScript(TestCaseExecutor.java:294)
	at com.kms.katalon.core.main.TestCaseExecutor.doExecute(TestCaseExecutor.java:285)
	at com.kms.katalon.core.main.TestCaseExecutor.processExecutionPhase(TestCaseExecutor.java:264)
	at com.kms.katalon.core.main.TestCaseExecutor.accessMainPhase(TestCaseExecutor.java:256)
	at com.kms.katalon.core.main.TestCaseExecutor.execute(TestCaseExecutor.java:200)
	at com.kms.katalon.core.main.TestCaseMain.runTestCase(TestCaseMain.java:99)
	at com.kms.katalon.core.keyword.builtin.CallTestCaseKeyword$_callTestCase_closure1.doCall(CallTestCaseKeyword.groovy:60)
	at com.kms.katalon.core.keyword.builtin.CallTestCaseKeyword$_callTestCase_closure1.call(CallTestCaseKeyword.groovy)
	at com.kms.katalon.core.keyword.internal.KeywordMain.runKeyword(KeywordMain.groovy:54)
	at com.kms.katalon.core.keyword.builtin.CallTestCaseKeyword.callTestCase(CallTestCaseKeyword.groovy:81)
	at com.kms.katalon.core.keyword.builtin.CallTestCaseKeyword.execute(CallTestCaseKeyword.groovy:45)
	at com.kms.katalon.core.keyword.internal.KeywordExecutor.executeKeywordForPlatform(KeywordExecutor.groovy:53)
	at com.kms.katalon.core.keyword.BuiltinKeywords.callTestCase(BuiltinKeywords.groovy:334)
	at sun.reflect.GeneratedMethodAccessor13.invoke(Unknown Source)
	at sun.reflect.DelegatingMethodAccessorImpl.invoke(DelegatingMethodAccessorImpl.java:43)
	at java.lang.reflect.Method.invoke(Method.java:498)
	at org.codehaus.groovy.reflection.CachedMethod.invoke(CachedMethod.java:93)
	at groovy.lang.MetaMethod.doMethodInvoke(MetaMethod.java:325)
	at groovy.lang.MetaClassImpl.invokeStaticMethod(MetaClassImpl.java:1469)
	at org.codehaus.groovy.runtime.callsite.StaticMetaClassSite.call(StaticMetaClassSite.java:53)
	at org.codehaus.groovy.runtime.callsite.AbstractCallSite.call(AbstractCallSite.java:141)
	at Script1537866031818.run(Script1537866031818.groovy:33)
	at com.kms.katalon.core.main.ScriptEngine.run(ScriptEngine.java:183)
	at com.kms.katalon.core.main.ScriptEngine.runScriptAsRawText(ScriptEngine.java:108)
	at com.kms.katalon.core.main.TestCaseExecutor.runScript(TestCaseExecutor.java:294)
	at com.kms.katalon.core.main.TestCaseExecutor.doExecute(TestCaseExecutor.java:285)
	at com.kms.katalon.core.main.TestCaseExecutor.processExecutionPhase(TestCaseExecutor.java:264)
	at com.kms.katalon.core.main.TestCaseExecutor.accessMainPhase(TestCaseExecutor.java:256)
	at com.kms.katalon.core.main.TestCaseExecutor.execute(TestCaseExecutor.java:200)
	at com.kms.katalon.core.main.TestCaseMain.runTestCase(TestCaseMain.java:99)
	at com.kms.katalon.core.keyword.builtin.CallTestCaseKeyword$_callTestCase_closure1.doCall(CallTestCaseKeyword.groovy:60)
	at com.kms.katalon.core.keyword.builtin.CallTestCaseKeyword$_callTestCase_closure1.call(CallTestCaseKeyword.groovy)
	at com.kms.katalon.core.keyword.internal.KeywordMain.runKeyword(KeywordMain.groovy:54)
	at com.kms.katalon.core.keyword.builtin.CallTestCaseKeyword.callTestCase(CallTestCaseKeyword.groovy:81)
	at com.kms.katalon.core.keyword.builtin.CallTestCaseKeyword.execute(CallTestCaseKeyword.groovy:45)
	at com.kms.katalon.core.keyword.internal.KeywordExecutor.executeKeywordForPlatform(KeywordExecutor.groovy:53)
	at com.kms.katalon.core.keyword.BuiltinKeywords.callTestCase(BuiltinKeywords.groovy:334)
	at sun.reflect.GeneratedMethodAccessor13.invoke(Unknown Source)
	at sun.reflect.DelegatingMethodAccessorImpl.invoke(DelegatingMethodAccessorImpl.java:43)
	at java.lang.reflect.Method.invoke(Method.java:498)
	at org.codehaus.groovy.reflection.CachedMethod.invoke(CachedMethod.java:93)
	at groovy.lang.MetaMethod.doMethodInvoke(MetaMethod.java:325)
	at groovy.lang.MetaClassImpl.invokeStaticMethod(MetaClassImpl.java:1469)
	at org.codehaus.groovy.runtime.callsite.StaticMetaClassSite.call(StaticMetaClassSite.java:53)
	at org.codehaus.groovy.runtime.callsite.CallSiteArray.defaultCall(CallSiteArray.java:48)
	at org.codehaus.groovy.runtime.callsite.AbstractCallSite.call(AbstractCallSite.java:113)
	at org.codehaus.groovy.runtime.callsite.AbstractCallSite.call(AbstractCallSite.java:141)
	at Script1536300508627.run(Script1536300508627.groovy:24)
	at com.kms.katalon.core.main.ScriptEngine.run(ScriptEngine.java:183)
	at com.kms.katalon.core.main.ScriptEngine.runScriptAsRawText(ScriptEngine.java:108)
	at com.kms.katalon.core.main.TestCaseExecutor.runScript(TestCaseExecutor.java:294)
	at com.kms.katalon.core.main.TestCaseExecutor.doExecute(TestCaseExecutor.java:285)
	at com.kms.katalon.core.main.TestCaseExecutor.processExecutionPhase(TestCaseExecutor.java:264)
	at com.kms.katalon.core.main.TestCaseExecutor.accessMainPhase(TestCaseExecutor.java:256)
	at com.kms.katalon.core.main.TestCaseExecutor.execute(TestCaseExecutor.java:200)
	at com.kms.katalon.core.main.TestSuiteExecutor.accessTestCaseMainPhase(TestSuiteExecutor.java:129)
	at com.kms.katalon.core.main.TestSuiteExecutor.accessTestSuiteMainPhase(TestSuiteExecutor.java:112)
	at com.kms.katalon.core.main.TestSuiteExecutor.execute(TestSuiteExecutor.java:81)
	at com.kms.katalon.core.main.TestCaseMain.startTestSuite(TestCaseMain.java:142)
	at com.kms.katalon.core.main.TestCaseMain$startTestSuite$0.call(Unknown Source)
	at org.codehaus.groovy.runtime.callsite.CallSiteArray.defaultCall(CallSiteArray.java:48)
	at org.codehaus.groovy.runtime.callsite.AbstractCallSite.call(AbstractCallSite.java:113)
	at org.codehaus.groovy.runtime.callsite.AbstractCallSite.call(AbstractCallSite.java:141)
	at TempTestSuite1542874456978.run(TempTestSuite1542874456978.groovy:36)
	at groovy.lang.GroovyShell.runScriptOrMainOrTestOrRunnable(GroovyShell.java:263)
	at groovy.lang.GroovyShell.run(GroovyShell.java:518)
	at groovy.lang.GroovyShell.run(GroovyShell.java:507)
	at groovy.ui.GroovyMain.processOnce(GroovyMain.java:653)
	at groovy.ui.GroovyMain.run(GroovyMain.java:384)
	at groovy.ui.GroovyMain.process(GroovyMain.java:370)
	at groovy.ui.GroovyMain.processArgs(GroovyMain.java:129)
	at groovy.ui.GroovyMain.main(GroovyMain.java:109)
	at sun.reflect.NativeMethodAccessorImpl.invoke0(Native Method)
	at sun.reflect.NativeMethodAccessorImpl.invoke(NativeMethodAccessorImpl.java:62)
	at sun.reflect.DelegatingMethodAccessorImpl.invoke(DelegatingMethodAccessorImpl.java:43)
	at java.lang.reflect.Method.invoke(Method.java:498)
	at org.codehaus.groovy.tools.GroovyStarter.rootLoader(GroovyStarter.java:109)
	at org.codehaus.groovy.tools.GroovyStarter.main(GroovyStarter.java:131)
)"/>
         <system-out><![CDATA[2018-11-23 01:29:02 - [TEST_CASE][FAILED] - Test Cases/Final Aug 2018 - PKS Automation/Registration Module/Workflow/Request SSN/PKRBO - RIO - RO (Query): Test Cases/Final Aug 2018 - PKS Automation/Registration Module/Workflow/Request SSN/PKRBO - RIO - RO (Query) FAILED because (of) (Stack trace: com.kms.katalon.core.exception.StepFailedException: Unable to click on object 'Object Repository/Final Object Repo/Landing Page/Select to English' (Root cause: com.kms.katalon.core.webui.exception.WebElementNotFoundException: Web element with id: 'Object Repository/Final Object Repo/Landing Page/Select to English' located by 'By.xpath: //a[@class = 'taglib-language-list-text' and @lang = 'en-US' and (contains(text(), 'EN') or contains(., 'EN'))]' not found)
	at com.kms.katalon.core.keyword.internal.KeywordMain.stepFailed(KeywordMain.groovy:32)
	at com.kms.katalon.core.webui.keyword.internal.WebUIKeywordMain.stepFailed(WebUIKeywordMain.groovy:65)
	at com.kms.katalon.core.webui.keyword.internal.WebUIKeywordMain.runKeyword(WebUIKeywordMain.groovy:27)
	at com.kms.katalon.core.webui.keyword.builtin.ClickKeyword.click(ClickKeyword.groovy:86)
	at com.kms.katalon.core.webui.keyword.builtin.ClickKeyword.execute(ClickKeyword.groovy:67)
	at com.kms.katalon.core.keyword.internal.KeywordExecutor.executeKeywordForPlatform(KeywordExecutor.groovy:53)
	at com.kms.katalon.core.webui.keyword.WebUiBuiltInKeywords.click(WebUiBuiltInKeywords.groovy:604)
	at com.kms.katalon.core.webui.keyword.WebUiBuiltInKeywords$click$13.call(Unknown Source)
	at Script1534407542420.run(Script1534407542420.groovy:57)
	at com.kms.katalon.core.main.ScriptEngine.run(ScriptEngine.java:183)
	at com.kms.katalon.core.main.ScriptEngine.runScriptAsRawText(ScriptEngine.java:108)
	at com.kms.katalon.core.main.TestCaseExecutor.runScript(TestCaseExecutor.java:294)
	at com.kms.katalon.core.main.TestCaseExecutor.doExecute(TestCaseExecutor.java:285)
	at com.kms.katalon.core.main.TestCaseExecutor.processExecutionPhase(TestCaseExecutor.java:264)
	at com.kms.katalon.core.main.TestCaseExecutor.accessMainPhase(TestCaseExecutor.java:256)
	at com.kms.katalon.core.main.TestCaseExecutor.execute(TestCaseExecutor.java:200)
	at com.kms.katalon.core.main.TestCaseMain.runTestCase(TestCaseMain.java:99)
	at com.kms.katalon.core.keyword.builtin.CallTestCaseKeyword$_callTestCase_closure1.doCall(CallTestCaseKeyword.groovy:60)
	at com.kms.katalon.core.keyword.builtin.CallTestCaseKeyword$_callTestCase_closure1.call(CallTestCaseKeyword.groovy)
	at com.kms.katalon.core.keyword.internal.KeywordMain.runKeyword(KeywordMain.groovy:54)
	at com.kms.katalon.core.keyword.builtin.CallTestCaseKeyword.callTestCase(CallTestCaseKeyword.groovy:81)
	at com.kms.katalon.core.keyword.builtin.CallTestCaseKeyword.execute(CallTestCaseKeyword.groovy:45)
	at com.kms.katalon.core.keyword.internal.KeywordExecutor.executeKeywordForPlatform(KeywordExecutor.groovy:53)
	at com.kms.katalon.core.keyword.BuiltinKeywords.callTestCase(BuiltinKeywords.groovy:334)
	at sun.reflect.GeneratedMethodAccessor13.invoke(Unknown Source)
	at sun.reflect.DelegatingMethodAccessorImpl.invoke(DelegatingMethodAccessorImpl.java:43)
	at java.lang.reflect.Method.invoke(Method.java:498)
	at org.codehaus.groovy.reflection.CachedMethod.invoke(CachedMethod.java:93)
	at groovy.lang.MetaMethod.doMethodInvoke(MetaMethod.java:325)
	at groovy.lang.MetaClassImpl.invokeStaticMethod(MetaClassImpl.java:1469)
	at org.codehaus.groovy.runtime.callsite.StaticMetaClassSite.call(StaticMetaClassSite.java:53)
	at org.codehaus.groovy.runtime.callsite.AbstractCallSite.call(AbstractCallSite.java:141)
	at Script1537866031818.run(Script1537866031818.groovy:33)
	at com.kms.katalon.core.main.ScriptEngine.run(ScriptEngine.java:183)
	at com.kms.katalon.core.main.ScriptEngine.runScriptAsRawText(ScriptEngine.java:108)
	at com.kms.katalon.core.main.TestCaseExecutor.runScript(TestCaseExecutor.java:294)
	at com.kms.katalon.core.main.TestCaseExecutor.doExecute(TestCaseExecutor.java:285)
	at com.kms.katalon.core.main.TestCaseExecutor.processExecutionPhase(TestCaseExecutor.java:264)
	at com.kms.katalon.core.main.TestCaseExecutor.accessMainPhase(TestCaseExecutor.java:256)
	at com.kms.katalon.core.main.TestCaseExecutor.execute(TestCaseExecutor.java:200)
	at com.kms.katalon.core.main.TestCaseMain.runTestCase(TestCaseMain.java:99)
	at com.kms.katalon.core.keyword.builtin.CallTestCaseKeyword$_callTestCase_closure1.doCall(CallTestCaseKeyword.groovy:60)
	at com.kms.katalon.core.keyword.builtin.CallTestCaseKeyword$_callTestCase_closure1.call(CallTestCaseKeyword.groovy)
	at com.kms.katalon.core.keyword.internal.KeywordMain.runKeyword(KeywordMain.groovy:54)
	at com.kms.katalon.core.keyword.builtin.CallTestCaseKeyword.callTestCase(CallTestCaseKeyword.groovy:81)
	at com.kms.katalon.core.keyword.builtin.CallTestCaseKeyword.execute(CallTestCaseKeyword.groovy:45)
	at com.kms.katalon.core.keyword.internal.KeywordExecutor.executeKeywordForPlatform(KeywordExecutor.groovy:53)
	at com.kms.katalon.core.keyword.BuiltinKeywords.callTestCase(BuiltinKeywords.groovy:334)
	at sun.reflect.GeneratedMethodAccessor13.invoke(Unknown Source)
	at sun.reflect.DelegatingMethodAccessorImpl.invoke(DelegatingMethodAccessorImpl.java:43)
	at java.lang.reflect.Method.invoke(Method.java:498)
	at org.codehaus.groovy.reflection.CachedMethod.invoke(CachedMethod.java:93)
	at groovy.lang.MetaMethod.doMethodInvoke(MetaMethod.java:325)
	at groovy.lang.MetaClassImpl.invokeStaticMethod(MetaClassImpl.java:1469)
	at org.codehaus.groovy.runtime.callsite.StaticMetaClassSite.call(StaticMetaClassSite.java:53)
	at org.codehaus.groovy.runtime.callsite.CallSiteArray.defaultCall(CallSiteArray.java:48)
	at org.codehaus.groovy.runtime.callsite.AbstractCallSite.call(AbstractCallSite.java:113)
	at org.codehaus.groovy.runtime.callsite.AbstractCallSite.call(AbstractCallSite.java:141)
	at Script1536300508627.run(Script1536300508627.groovy:24)
	at com.kms.katalon.core.main.ScriptEngine.run(ScriptEngine.java:183)
	at com.kms.katalon.core.main.ScriptEngine.runScriptAsRawText(ScriptEngine.java:108)
	at com.kms.katalon.core.main.TestCaseExecutor.runScript(TestCaseExecutor.java:294)
	at com.kms.katalon.core.main.TestCaseExecutor.doExecute(TestCaseExecutor.java:285)
	at com.kms.katalon.core.main.TestCaseExecutor.processExecutionPhase(TestCaseExecutor.java:264)
	at com.kms.katalon.core.main.TestCaseExecutor.accessMainPhase(TestCaseExecutor.java:256)
	at com.kms.katalon.core.main.TestCaseExecutor.execute(TestCaseExecutor.java:200)
	at com.kms.katalon.core.main.TestSuiteExecutor.accessTestCaseMainPhase(TestSuiteExecutor.java:129)
	at com.kms.katalon.core.main.TestSuiteExecutor.accessTestSuiteMainPhase(TestSuiteExecutor.java:112)
	at com.kms.katalon.core.main.TestSuiteExecutor.execute(TestSuiteExecutor.java:81)
	at com.kms.katalon.core.main.TestCaseMain.startTestSuite(TestCaseMain.java:142)
	at com.kms.katalon.core.main.TestCaseMain$startTestSuite$0.call(Unknown Source)
	at org.codehaus.groovy.runtime.callsite.CallSiteArray.defaultCall(CallSiteArray.java:48)
	at org.codehaus.groovy.runtime.callsite.AbstractCallSite.call(AbstractCallSite.java:113)
	at org.codehaus.groovy.runtime.callsite.AbstractCallSite.call(AbstractCallSite.java:141)
	at TempTestSuite1542874456978.run(TempTestSuite1542874456978.groovy:36)
	at groovy.lang.GroovyShell.runScriptOrMainOrTestOrRunnable(GroovyShell.java:263)
	at groovy.lang.GroovyShell.run(GroovyShell.java:518)
	at groovy.lang.GroovyShell.run(GroovyShell.java:507)
	at groovy.ui.GroovyMain.processOnce(GroovyMain.java:653)
	at groovy.ui.GroovyMain.run(GroovyMain.java:384)
	at groovy.ui.GroovyMain.process(GroovyMain.java:370)
	at groovy.ui.GroovyMain.processArgs(GroovyMain.java:129)
	at groovy.ui.GroovyMain.main(GroovyMain.java:109)
	at sun.reflect.NativeMethodAccessorImpl.invoke0(Native Method)
	at sun.reflect.NativeMethodAccessorImpl.invoke(NativeMethodAccessorImpl.java:62)
	at sun.reflect.DelegatingMethodAccessorImpl.invoke(DelegatingMethodAccessorImpl.java:43)
	at java.lang.reflect.Method.invoke(Method.java:498)
	at org.codehaus.groovy.tools.GroovyStarter.rootLoader(GroovyStarter.java:109)
	at org.codehaus.groovy.tools.GroovyStarter.main(GroovyStarter.java:131)
)

2018-11-23 01:29:03 - [TEST_STEP][PASSED] - callTestCase: Call Test Case 'Test Cases/Final Aug 2018 - PKS Automation/Registration Module/Workflow/Request SSN/Template/Request SSN - PKRBO' successfully

2018-11-23 01:29:03 - [TEST_CASE][PASSED] - Test Cases/Final Aug 2018 - PKS Automation/Registration Module/Workflow/Request SSN/Template/Request SSN - PKRBO: Test Cases/Final Aug 2018 - PKS Automation/Registration Module/Workflow/Request SSN/Template/Request SSN - PKRBO

2018-11-23 01:29:03 - [TEST_STEP][PASSED] - openBrowser: Browser is opened with url: ''

2018-11-23 01:29:03 - [MESSAGE][WARNING] - A browser is already opened. Closing browser and opening a new one

2018-11-23 01:29:07 - [MESSAGE][PASSED] - Browser is opened with url: ''

2018-11-23 01:29:07 - [TEST_STEP][PASSED] - navigateToUrl: Navigate to 'https://assist2-uat.perkeso.gov.my/login' successfully

2018-11-23 01:29:08 - [MESSAGE][PASSED] - Navigate to 'https://assist2-uat.perkeso.gov.my/login' successfully

2018-11-23 01:29:08 - [TEST_STEP][PASSED] - setText: Text 'johorpkrbo1@gmail.com' is set on object 'Object Repository/Final Object Repo/Login Page/Internal User/Email Address'

2018-11-23 01:29:08 - [MESSAGE][PASSED] - Text 'johorpkrbo1@gmail.com' is set on object 'Object Repository/Final Object Repo/Login Page/Internal User/Email Address'

2018-11-23 01:29:08 - [TEST_STEP][PASSED] - click: Object: 'Object Repository/Final Object Repo/Login Page/Internal User/Next Button' is clicked on

2018-11-23 01:29:08 - [MESSAGE][PASSED] - Object: 'Object Repository/Final Object Repo/Login Page/Internal User/Next Button' is clicked on

2018-11-23 01:29:08 - [TEST_STEP][PASSED] - delay: Delayed 1 second(s)

2018-11-23 01:29:09 - [MESSAGE][PASSED] - Delayed 1 second(s)

2018-11-23 01:29:09 - [TEST_STEP][PASSED] - setEncryptedText: Text ****** has been set on object 'Object Repository/Final Object Repo/Login Page/Internal User/Password'

2018-11-23 01:29:09 - [MESSAGE][PASSED] - Text ****** has been set on object 'Object Repository/Final Object Repo/Login Page/Internal User/Password'

2018-11-23 01:29:09 - [TEST_STEP][PASSED] - click: Object: 'Object Repository/Final Object Repo/Login Page/Internal User/Login Button' is clicked on

2018-11-23 01:29:10 - [MESSAGE][PASSED] - Object: 'Object Repository/Final Object Repo/Login Page/Internal User/Login Button' is clicked on

2018-11-23 01:29:10 - [TEST_STEP][PASSED] - delay: Delayed 1 second(s)

2018-11-23 01:29:11 - [MESSAGE][PASSED] - Delayed 1 second(s)

2018-11-23 01:29:11 - [TEST_STEP][PASSED] - navigateToUrl: Navigate to 'https://assist2-uat.perkeso.gov.my/web/registration/request-ssn' successfully

2018-11-23 01:29:15 - [MESSAGE][PASSED] - Navigate to 'https://assist2-uat.perkeso.gov.my/web/registration/request-ssn' successfully

2018-11-23 01:29:15 - [TEST_STEP][PASSED] - setText: Text 'perkeso' is set on object 'Object Repository/Final Object Repo/Page_Request SSN - ASSIST/AI - Name'

2018-11-23 01:29:16 - [MESSAGE][PASSED] - Text 'perkeso' is set on object 'Object Repository/Final Object Repo/Page_Request SSN - ASSIST/AI - Name'

2018-11-23 01:29:16 - [TEST_STEP][PASSED] - click: Object: 'Object Repository/Final Object Repo/Page_Request SSN - ASSIST/AI - DOB' is clicked on

2018-11-23 01:29:16 - [MESSAGE][PASSED] - Object: 'Object Repository/Final Object Repo/Page_Request SSN - ASSIST/AI - DOB' is clicked on

2018-11-23 01:29:16 - [TEST_STEP][PASSED] - selectOptionByValue: All options with value '1995' are selected in object 'Object Repository/Final Object Repo/Page_Request SSN - ASSIST/AI - DOB - Year' 

2018-11-23 01:29:17 - [MESSAGE][PASSED] - All options with value '1995' are selected in object 'Object Repository/Final Object Repo/Page_Request SSN - ASSIST/AI - DOB - Year' 

2018-11-23 01:29:17 - [TEST_STEP][PASSED] - delay: Delayed 3 second(s)

2018-11-23 01:29:20 - [MESSAGE][PASSED] - Delayed 3 second(s)

2018-11-23 01:29:20 - [TEST_STEP][PASSED] - doubleClick: Object: 'Object Repository/Final Object Repo/Page_Request SSN - ASSIST/AI - DOB - Year - Date' is double clicked on

2018-11-23 01:29:20 - [MESSAGE][PASSED] - Object: 'Object Repository/Final Object Repo/Page_Request SSN - ASSIST/AI - DOB - Year - Date' is double clicked on

2018-11-23 01:29:20 - [TEST_STEP][PASSED] - click: Object: 'Object Repository/Final Object Repo/Page_Request SSN - ASSIST/AI - Male' is clicked on

2018-11-23 01:29:20 - [MESSAGE][PASSED] - Object: 'Object Repository/Final Object Repo/Page_Request SSN - ASSIST/AI - Male' is clicked on

2018-11-23 01:29:20 - [TEST_STEP][PASSED] - click: Object: 'Object Repository/Final Object Repo/Page_Request SSN - ASSIST/AI- Race' is clicked on

2018-11-23 01:29:20 - [MESSAGE][PASSED] - Object: 'Object Repository/Final Object Repo/Page_Request SSN - ASSIST/AI- Race' is clicked on

2018-11-23 01:29:20 - [TEST_STEP][PASSED] - click: Object: 'Object Repository/Final Object Repo/Page_Request SSN - ASSIST/AI - Race - Melayu' is clicked on

2018-11-23 01:29:21 - [MESSAGE][PASSED] - Object: 'Object Repository/Final Object Repo/Page_Request SSN - ASSIST/AI - Race - Melayu' is clicked on

2018-11-23 01:29:21 - [TEST_STEP][PASSED] - click: Object: 'Object Repository/Final Object Repo/Page_Request SSN - ASSIST/AI - Religion' is clicked on

2018-11-23 01:29:21 - [MESSAGE][PASSED] - Object: 'Object Repository/Final Object Repo/Page_Request SSN - ASSIST/AI - Religion' is clicked on

2018-11-23 01:29:21 - [TEST_STEP][PASSED] - click: Object: 'Object Repository/Final Object Repo/Page_Request SSN - ASSIST/AI - Religion - Islam' is clicked on

2018-11-23 01:29:21 - [MESSAGE][PASSED] - Object: 'Object Repository/Final Object Repo/Page_Request SSN - ASSIST/AI - Religion - Islam' is clicked on

2018-11-23 01:29:21 - [TEST_STEP][PASSED] - setText: Text '12345' is set on object 'Object Repository/Final Object Repo/Page_Request SSN - ASSIST/AI - Birth Certificate'

2018-11-23 01:29:22 - [MESSAGE][PASSED] - Text '12345' is set on object 'Object Repository/Final Object Repo/Page_Request SSN - ASSIST/AI - Birth Certificate'

2018-11-23 01:29:22 - [TEST_STEP][PASSED] - click: Object: 'Object Repository/Final Object Repo/Page_Request SSN - ASSIST/AI - Nationality' is clicked on

2018-11-23 01:29:22 - [MESSAGE][PASSED] - Object: 'Object Repository/Final Object Repo/Page_Request SSN - ASSIST/AI - Nationality' is clicked on

2018-11-23 01:29:22 - [TEST_STEP][PASSED] - click: Object: 'Object Repository/Final Object Repo/Page_Request SSN - ASSIST/AI - Nationality - Afghanistan' is clicked on

2018-11-23 01:29:22 - [MESSAGE][PASSED] - Object: 'Object Repository/Final Object Repo/Page_Request SSN - ASSIST/AI - Nationality - Afghanistan' is clicked on

2018-11-23 01:29:22 - [TEST_STEP][PASSED] - setText: Text 'PERKESO ADDRESS1' is set on object 'Object Repository/Final Object Repo/Page_Request SSN - ASSIST/AI - Address1'

2018-11-23 01:29:23 - [MESSAGE][PASSED] - Text 'PERKESO ADDRESS1' is set on object 'Object Repository/Final Object Repo/Page_Request SSN - ASSIST/AI - Address1'

2018-11-23 01:29:23 - [TEST_STEP][PASSED] - setText: Text 'PERKESO ADDRESS2' is set on object 'Object Repository/Final Object Repo/Page_Request SSN - ASSIST/AI - Address2'

2018-11-23 01:29:25 - [MESSAGE][PASSED] - Text 'PERKESO ADDRESS2' is set on object 'Object Repository/Final Object Repo/Page_Request SSN - ASSIST/AI - Address2'

2018-11-23 01:29:25 - [TEST_STEP][PASSED] - setText: Text 'PERKESO ADDRESS3' is set on object 'Object Repository/Final Object Repo/Page_Request SSN - ASSIST/AI - Address3'

2018-11-23 01:29:26 - [MESSAGE][PASSED] - Text 'PERKESO ADDRESS3' is set on object 'Object Repository/Final Object Repo/Page_Request SSN - ASSIST/AI - Address3'

2018-11-23 01:29:26 - [TEST_STEP][PASSED] - click: Object: 'Object Repository/Final Object Repo/Page_Request SSN - ASSIST/AI - State' is clicked on

2018-11-23 01:29:26 - [MESSAGE][PASSED] - Object: 'Object Repository/Final Object Repo/Page_Request SSN - ASSIST/AI - State' is clicked on

2018-11-23 01:29:26 - [TEST_STEP][PASSED] - click: Object: 'Object Repository/Final Object Repo/Page_Request SSN - ASSIST/AI - Current Employer State - Johor' is clicked on

2018-11-23 01:29:26 - [MESSAGE][PASSED] - Object: 'Object Repository/Final Object Repo/Page_Request SSN - ASSIST/AI - Current Employer State - Johor' is clicked on

2018-11-23 01:29:26 - [TEST_STEP][PASSED] - click: Object: 'Object Repository/Final Object Repo/Page_Request SSN - ASSIST/AI - City' is clicked on

2018-11-23 01:29:27 - [MESSAGE][PASSED] - Object: 'Object Repository/Final Object Repo/Page_Request SSN - ASSIST/AI - City' is clicked on

2018-11-23 01:29:27 - [TEST_STEP][PASSED] - setText: Text 'JOH' is set on object 'Object Repository/Final Object Repo/Page_Request SSN - ASSIST/AI - City - JOH'

2018-11-23 01:29:27 - [MESSAGE][PASSED] - Text 'JOH' is set on object 'Object Repository/Final Object Repo/Page_Request SSN - ASSIST/AI - City - JOH'

2018-11-23 01:29:27 - [TEST_STEP][PASSED] - delay: Delayed 3 second(s)

2018-11-23 01:29:30 - [MESSAGE][PASSED] - Delayed 3 second(s)

2018-11-23 01:29:30 - [TEST_STEP][PASSED] - click: Object: 'Object Repository/Final Object Repo/Page_Request SSN - ASSIST/AI - City - Johor Bharu' is clicked on

2018-11-23 01:29:30 - [MESSAGE][PASSED] - Object: 'Object Repository/Final Object Repo/Page_Request SSN - ASSIST/AI - City - Johor Bharu' is clicked on

2018-11-23 01:29:30 - [TEST_STEP][PASSED] - click: Object: 'Object Repository/Final Object Repo/Page_Request SSN - ASSIST/AI - Post Code' is clicked on

2018-11-23 01:29:31 - [MESSAGE][PASSED] - Object: 'Object Repository/Final Object Repo/Page_Request SSN - ASSIST/AI - Post Code' is clicked on

2018-11-23 01:29:31 - [TEST_STEP][PASSED] - setText: Text '810' is set on object 'Object Repository/Final Object Repo/Page_Request SSN - ASSIST/AI - City - JOH'

2018-11-23 01:29:31 - [MESSAGE][PASSED] - Text '810' is set on object 'Object Repository/Final Object Repo/Page_Request SSN - ASSIST/AI - City - JOH'

2018-11-23 01:29:31 - [TEST_STEP][PASSED] - delay: Delayed 3 second(s)

2018-11-23 01:29:34 - [MESSAGE][PASSED] - Delayed 3 second(s)

2018-11-23 01:29:34 - [TEST_STEP][PASSED] - click: Object: 'Object Repository/Final Object Repo/Page_Request SSN - ASSIST/AI - PostCode - 81000' is clicked on

2018-11-23 01:29:35 - [MESSAGE][PASSED] - Object: 'Object Repository/Final Object Repo/Page_Request SSN - ASSIST/AI - PostCode - 81000' is clicked on

2018-11-23 01:29:35 - [TEST_STEP][PASSED] - setText: Text '100' is set on object 'Object Repository/Final Object Repo/Page_Request SSN - ASSIST/P.O.BOX'

2018-11-23 01:29:35 - [MESSAGE][PASSED] - Text '100' is set on object 'Object Repository/Final Object Repo/Page_Request SSN - ASSIST/P.O.BOX'

2018-11-23 01:29:35 - [TEST_STEP][PASSED] - setText: Text '100' is set on object 'Object Repository/Final Object Repo/Page_Request SSN - ASSIST/Locked Bag No'

2018-11-23 01:29:35 - [MESSAGE][PASSED] - Text '100' is set on object 'Object Repository/Final Object Repo/Page_Request SSN - ASSIST/Locked Bag No'

2018-11-23 01:29:35 - [TEST_STEP][PASSED] - delay: Delayed 2 second(s)

2018-11-23 01:29:37 - [MESSAGE][PASSED] - Delayed 2 second(s)

2018-11-23 01:29:37 - [TEST_STEP][PASSED] - setText: Text '123456789' is set on object 'Object Repository/Final Object Repo/Page_Request SSN - ASSIST/AI - Telephone No'

2018-11-23 01:29:38 - [MESSAGE][PASSED] - Text '123456789' is set on object 'Object Repository/Final Object Repo/Page_Request SSN - ASSIST/AI - Telephone No'

2018-11-23 01:29:38 - [TEST_STEP][PASSED] - click: Object: 'Object Repository/Final Object Repo/Page_Request SSN - ASSIST/AI - Occupation' is clicked on

2018-11-23 01:29:39 - [MESSAGE][PASSED] - Object: 'Object Repository/Final Object Repo/Page_Request SSN - ASSIST/AI - Occupation' is clicked on

2018-11-23 01:29:39 - [TEST_STEP][PASSED] - click: Object: 'Object Repository/Final Object Repo/Page_Request SSN - ASSIST/AI - Occupation - NUMERICAL AND MATERIAL R' is clicked on

2018-11-23 01:29:39 - [MESSAGE][PASSED] - Object: 'Object Repository/Final Object Repo/Page_Request SSN - ASSIST/AI - Occupation - NUMERICAL AND MATERIAL R' is clicked on

2018-11-23 01:29:39 - [TEST_STEP][PASSED] - delay: Delayed 2 second(s)

2018-11-23 01:29:41 - [MESSAGE][PASSED] - Delayed 2 second(s)

2018-11-23 01:29:41 - [TEST_STEP][PASSED] - click: Object: 'Object Repository/Final Object Repo/Page_Request SSN - ASSIST/AI - Sub Occupation' is clicked on

2018-11-23 01:29:41 - [MESSAGE][PASSED] - Object: 'Object Repository/Final Object Repo/Page_Request SSN - ASSIST/AI - Sub Occupation' is clicked on

2018-11-23 01:29:41 - [TEST_STEP][PASSED] - click: Object: 'Object Repository/Final Object Repo/Page_Request SSN - ASSIST/AI - Sub Occupation - Stock Clerks' is clicked on

2018-11-23 01:29:41 - [MESSAGE][PASSED] - Object: 'Object Repository/Final Object Repo/Page_Request SSN - ASSIST/AI - Sub Occupation - Stock Clerks' is clicked on

2018-11-23 01:29:41 - [TEST_STEP][PASSED] - delay: Delayed 2 second(s)

2018-11-23 01:29:43 - [MESSAGE][PASSED] - Delayed 2 second(s)

2018-11-23 01:29:43 - [TEST_STEP][PASSED] - click: Object: 'Object Repository/Final Object Repo/Page_Request SSN - ASSIST/AI - Sub Occupation List' is clicked on

2018-11-23 01:29:43 - [MESSAGE][PASSED] - Object: 'Object Repository/Final Object Repo/Page_Request SSN - ASSIST/AI - Sub Occupation List' is clicked on

2018-11-23 01:29:43 - [TEST_STEP][PASSED] - click: Object: 'Object Repository/Final Object Repo/Page_Request SSN - ASSIST/AI - Sub Occupation List - Clerk raw material' is clicked on

2018-11-23 01:29:44 - [MESSAGE][PASSED] - Object: 'Object Repository/Final Object Repo/Page_Request SSN - ASSIST/AI - Sub Occupation List - Clerk raw material' is clicked on

2018-11-23 01:29:44 - [TEST_STEP][PASSED] - click: Object: 'Object Repository/Final Object Repo/Page_Request SSN - ASSIST/AI - Employment Start Date' is clicked on

2018-11-23 01:29:44 - [MESSAGE][PASSED] - Object: 'Object Repository/Final Object Repo/Page_Request SSN - ASSIST/AI - Employment Start Date' is clicked on

2018-11-23 01:29:44 - [TEST_STEP][PASSED] - click: Object: 'Object Repository/Final Object Repo/Page_Request SSN - ASSIST/AI - DOB - Year - Date' is clicked on

2018-11-23 01:29:44 - [MESSAGE][PASSED] - Object: 'Object Repository/Final Object Repo/Page_Request SSN - ASSIST/AI - DOB - Year - Date' is clicked on

2018-11-23 01:29:44 - [TEST_STEP][PASSED] - setText: Text 'perkeso' is set on object 'Object Repository/Final Object Repo/Page_Request SSN - ASSIST/AI - Current Employer Name'

2018-11-23 01:29:45 - [MESSAGE][PASSED] - Text 'perkeso' is set on object 'Object Repository/Final Object Repo/Page_Request SSN - ASSIST/AI - Current Employer Name'

2018-11-23 01:29:45 - [TEST_STEP][PASSED] - setText: Text 'perkeso1' is set on object 'Object Repository/Final Object Repo/Page_Request SSN - ASSIST/AI - Current Employer Address1'

2018-11-23 01:29:46 - [MESSAGE][PASSED] - Text 'perkeso1' is set on object 'Object Repository/Final Object Repo/Page_Request SSN - ASSIST/AI - Current Employer Address1'

2018-11-23 01:29:46 - [TEST_STEP][PASSED] - setText: Text 'perkeso2' is set on object 'Object Repository/Final Object Repo/Page_Request SSN - ASSIST/AI - Current Employer Address2'

2018-11-23 01:29:46 - [MESSAGE][PASSED] - Text 'perkeso2' is set on object 'Object Repository/Final Object Repo/Page_Request SSN - ASSIST/AI - Current Employer Address2'

2018-11-23 01:29:46 - [TEST_STEP][PASSED] - setText: Text 'perkeso3' is set on object 'Object Repository/Final Object Repo/Page_Request SSN - ASSIST/AI - Current Employer Address3'

2018-11-23 01:29:47 - [MESSAGE][PASSED] - Text 'perkeso3' is set on object 'Object Repository/Final Object Repo/Page_Request SSN - ASSIST/AI - Current Employer Address3'

2018-11-23 01:29:47 - [TEST_STEP][PASSED] - click: Object: 'Object Repository/Final Object Repo/Page_Request SSN - ASSIST/AI - Current Employer State' is clicked on

2018-11-23 01:29:47 - [MESSAGE][PASSED] - Object: 'Object Repository/Final Object Repo/Page_Request SSN - ASSIST/AI - Current Employer State' is clicked on

2018-11-23 01:29:47 - [TEST_STEP][PASSED] - click: Object: 'Object Repository/Final Object Repo/Page_Request SSN - ASSIST/AI - Current Employer State - Johor 1' is clicked on

2018-11-23 01:29:48 - [MESSAGE][PASSED] - Object: 'Object Repository/Final Object Repo/Page_Request SSN - ASSIST/AI - Current Employer State - Johor 1' is clicked on

2018-11-23 01:29:48 - [TEST_STEP][PASSED] - click: Object: 'Object Repository/Final Object Repo/Page_Request SSN - ASSIST/AI - Current Employer City' is clicked on

2018-11-23 01:29:48 - [MESSAGE][PASSED] - Object: 'Object Repository/Final Object Repo/Page_Request SSN - ASSIST/AI - Current Employer City' is clicked on

2018-11-23 01:29:48 - [TEST_STEP][PASSED] - setText: Text 'joh' is set on object 'Object Repository/Final Object Repo/Page_Request SSN - ASSIST/AI - City - JOH'

2018-11-23 01:29:48 - [MESSAGE][PASSED] - Text 'joh' is set on object 'Object Repository/Final Object Repo/Page_Request SSN - ASSIST/AI - City - JOH'

2018-11-23 01:29:48 - [TEST_STEP][PASSED] - delay: Delayed 2 second(s)

2018-11-23 01:29:50 - [MESSAGE][PASSED] - Delayed 2 second(s)

2018-11-23 01:29:50 - [TEST_STEP][PASSED] - click: Object: 'Object Repository/Final Object Repo/Page_Request SSN - ASSIST/AI - City - Johor Bharu' is clicked on

2018-11-23 01:29:51 - [MESSAGE][PASSED] - Object: 'Object Repository/Final Object Repo/Page_Request SSN - ASSIST/AI - City - Johor Bharu' is clicked on

2018-11-23 01:29:51 - [TEST_STEP][PASSED] - click: Object: 'Object Repository/Final Object Repo/Page_Request SSN - ASSIST/AI - Current Employer Postcode' is clicked on

2018-11-23 01:29:51 - [MESSAGE][PASSED] - Object: 'Object Repository/Final Object Repo/Page_Request SSN - ASSIST/AI - Current Employer Postcode' is clicked on

2018-11-23 01:29:51 - [TEST_STEP][PASSED] - setText: Text '810' is set on object 'Object Repository/Final Object Repo/Page_Request SSN - ASSIST/AI - City - JOH'

2018-11-23 01:29:51 - [MESSAGE][PASSED] - Text '810' is set on object 'Object Repository/Final Object Repo/Page_Request SSN - ASSIST/AI - City - JOH'

2018-11-23 01:29:51 - [TEST_STEP][PASSED] - delay: Delayed 2 second(s)

2018-11-23 01:29:53 - [MESSAGE][PASSED] - Delayed 2 second(s)

2018-11-23 01:29:53 - [TEST_STEP][PASSED] - click: Object: 'Object Repository/Final Object Repo/Page_Request SSN - ASSIST/AI - PostCode - 81000' is clicked on

2018-11-23 01:29:54 - [MESSAGE][PASSED] - Object: 'Object Repository/Final Object Repo/Page_Request SSN - ASSIST/AI - PostCode - 81000' is clicked on

2018-11-23 01:29:54 - [TEST_STEP][NOT_RUN] - setText: NOT_RUN: setText

2018-11-23 01:29:54 - [MESSAGE][NOT_RUN] - NOT_RUN: setText

2018-11-23 01:29:54 - [TEST_STEP][NOT_RUN] - setText: NOT_RUN: setText

2018-11-23 01:29:54 - [MESSAGE][NOT_RUN] - NOT_RUN: setText

2018-11-23 01:29:54 - [TEST_STEP][NOT_RUN] - click: NOT_RUN: click

2018-11-23 01:29:54 - [MESSAGE][NOT_RUN] - NOT_RUN: click

2018-11-23 01:29:54 - [TEST_STEP][NOT_RUN] - click: NOT_RUN: click

2018-11-23 01:29:54 - [MESSAGE][NOT_RUN] - NOT_RUN: click

2018-11-23 01:29:54 - [TEST_STEP][NOT_RUN] - setText: NOT_RUN: setText

2018-11-23 01:29:54 - [MESSAGE][NOT_RUN] - NOT_RUN: setText

2018-11-23 01:29:54 - [TEST_STEP][NOT_RUN] - click: NOT_RUN: click

2018-11-23 01:29:54 - [MESSAGE][NOT_RUN] - NOT_RUN: click

2018-11-23 01:29:54 - [TEST_STEP][NOT_RUN] - click: NOT_RUN: click

2018-11-23 01:29:54 - [MESSAGE][NOT_RUN] - NOT_RUN: click

2018-11-23 01:29:54 - [TEST_STEP][NOT_RUN] - click: NOT_RUN: click

2018-11-23 01:29:54 - [MESSAGE][NOT_RUN] - NOT_RUN: click

2018-11-23 01:29:54 - [TEST_STEP][NOT_RUN] - click: NOT_RUN: click

2018-11-23 01:29:54 - [MESSAGE][NOT_RUN] - NOT_RUN: click

2018-11-23 01:29:54 - [TEST_STEP][NOT_RUN] - click: NOT_RUN: click

2018-11-23 01:29:54 - [MESSAGE][NOT_RUN] - NOT_RUN: click

2018-11-23 01:29:54 - [TEST_STEP][NOT_RUN] - click: NOT_RUN: click

2018-11-23 01:29:54 - [MESSAGE][NOT_RUN] - NOT_RUN: click

2018-11-23 01:29:54 - [TEST_STEP][NOT_RUN] - setText: NOT_RUN: setText

2018-11-23 01:29:54 - [MESSAGE][NOT_RUN] - NOT_RUN: setText

2018-11-23 01:29:54 - [TEST_STEP][NOT_RUN] - setText: NOT_RUN: setText

2018-11-23 01:29:54 - [MESSAGE][NOT_RUN] - NOT_RUN: setText

2018-11-23 01:29:54 - [TEST_STEP][NOT_RUN] - setText: NOT_RUN: setText

2018-11-23 01:29:54 - [MESSAGE][NOT_RUN] - NOT_RUN: setText

2018-11-23 01:29:54 - [TEST_STEP][NOT_RUN] - click: NOT_RUN: click

2018-11-23 01:29:54 - [MESSAGE][NOT_RUN] - NOT_RUN: click

2018-11-23 01:29:54 - [TEST_STEP][NOT_RUN] - click: NOT_RUN: click

2018-11-23 01:29:54 - [MESSAGE][NOT_RUN] - NOT_RUN: click

2018-11-23 01:29:54 - [TEST_STEP][NOT_RUN] - click: NOT_RUN: click

2018-11-23 01:29:54 - [MESSAGE][NOT_RUN] - NOT_RUN: click

2018-11-23 01:29:54 - [TEST_STEP][NOT_RUN] - setText: NOT_RUN: setText

2018-11-23 01:29:54 - [MESSAGE][NOT_RUN] - NOT_RUN: setText

2018-11-23 01:29:54 - [TEST_STEP][NOT_RUN] - delay: NOT_RUN: delay

2018-11-23 01:29:54 - [MESSAGE][NOT_RUN] - NOT_RUN: delay

2018-11-23 01:29:54 - [TEST_STEP][NOT_RUN] - click: NOT_RUN: click

2018-11-23 01:29:54 - [MESSAGE][NOT_RUN] - NOT_RUN: click

2018-11-23 01:29:54 - [TEST_STEP][NOT_RUN] - click: NOT_RUN: click

2018-11-23 01:29:54 - [MESSAGE][NOT_RUN] - NOT_RUN: click

2018-11-23 01:29:54 - [TEST_STEP][NOT_RUN] - click: NOT_RUN: click

2018-11-23 01:29:54 - [MESSAGE][NOT_RUN] - NOT_RUN: click

2018-11-23 01:29:54 - [TEST_STEP][NOT_RUN] - setText: NOT_RUN: setText

2018-11-23 01:29:54 - [MESSAGE][NOT_RUN] - NOT_RUN: setText

2018-11-23 01:29:54 - [TEST_STEP][NOT_RUN] - delay: NOT_RUN: delay

2018-11-23 01:29:54 - [MESSAGE][NOT_RUN] - NOT_RUN: delay

2018-11-23 01:29:54 - [TEST_STEP][NOT_RUN] - click: NOT_RUN: click

2018-11-23 01:29:54 - [MESSAGE][NOT_RUN] - NOT_RUN: click

2018-11-23 01:29:54 - [TEST_STEP][NOT_RUN] - delay: NOT_RUN: delay

2018-11-23 01:29:54 - [MESSAGE][NOT_RUN] - NOT_RUN: delay

2018-11-23 01:29:54 - [TEST_STEP][NOT_RUN] - setText: NOT_RUN: setText

2018-11-23 01:29:54 - [MESSAGE][NOT_RUN] - NOT_RUN: setText

2018-11-23 01:29:54 - [TEST_STEP][NOT_RUN] - setText: NOT_RUN: setText

2018-11-23 01:29:54 - [MESSAGE][NOT_RUN] - NOT_RUN: setText

2018-11-23 01:29:54 - [TEST_STEP][NOT_RUN] - setText: NOT_RUN: setText

2018-11-23 01:29:54 - [MESSAGE][NOT_RUN] - NOT_RUN: setText

2018-11-23 01:29:54 - [TEST_STEP][NOT_RUN] - click: NOT_RUN: click

2018-11-23 01:29:54 - [MESSAGE][NOT_RUN] - NOT_RUN: click

2018-11-23 01:29:54 - [TEST_STEP][NOT_RUN] - click: NOT_RUN: click

2018-11-23 01:29:54 - [MESSAGE][NOT_RUN] - NOT_RUN: click

2018-11-23 01:29:54 - [TEST_STEP][NOT_RUN] - setText: NOT_RUN: setText

2018-11-23 01:29:54 - [MESSAGE][NOT_RUN] - NOT_RUN: setText

2018-11-23 01:29:54 - [TEST_STEP][NOT_RUN] - click: NOT_RUN: click

2018-11-23 01:29:54 - [MESSAGE][NOT_RUN] - NOT_RUN: click

2018-11-23 01:29:54 - [TEST_STEP][NOT_RUN] - click: NOT_RUN: click

2018-11-23 01:29:54 - [MESSAGE][NOT_RUN] - NOT_RUN: click

2018-11-23 01:29:54 - [TEST_STEP][NOT_RUN] - click: NOT_RUN: click

2018-11-23 01:29:54 - [MESSAGE][NOT_RUN] - NOT_RUN: click

2018-11-23 01:29:54 - [TEST_STEP][NOT_RUN] - click: NOT_RUN: click

2018-11-23 01:29:54 - [MESSAGE][NOT_RUN] - NOT_RUN: click

2018-11-23 01:29:54 - [TEST_STEP][NOT_RUN] - click: NOT_RUN: click

2018-11-23 01:29:54 - [MESSAGE][NOT_RUN] - NOT_RUN: click

2018-11-23 01:29:54 - [TEST_STEP][NOT_RUN] - click: NOT_RUN: click

2018-11-23 01:29:54 - [MESSAGE][NOT_RUN] - NOT_RUN: click

2018-11-23 01:29:54 - [TEST_STEP][NOT_RUN] - setText: NOT_RUN: setText

2018-11-23 01:29:54 - [MESSAGE][NOT_RUN] - NOT_RUN: setText

2018-11-23 01:29:54 - [TEST_STEP][NOT_RUN] - setText: NOT_RUN: setText

2018-11-23 01:29:54 - [MESSAGE][NOT_RUN] - NOT_RUN: setText

2018-11-23 01:29:54 - [TEST_STEP][NOT_RUN] - setText: NOT_RUN: setText

2018-11-23 01:29:54 - [MESSAGE][NOT_RUN] - NOT_RUN: setText

2018-11-23 01:29:54 - [TEST_STEP][NOT_RUN] - click: NOT_RUN: click

2018-11-23 01:29:54 - [MESSAGE][NOT_RUN] - NOT_RUN: click

2018-11-23 01:29:54 - [TEST_STEP][NOT_RUN] - click: NOT_RUN: click

2018-11-23 01:29:54 - [MESSAGE][NOT_RUN] - NOT_RUN: click

2018-11-23 01:29:54 - [TEST_STEP][NOT_RUN] - click: NOT_RUN: click

2018-11-23 01:29:54 - [MESSAGE][NOT_RUN] - NOT_RUN: click

2018-11-23 01:29:54 - [TEST_STEP][NOT_RUN] - delay: NOT_RUN: delay

2018-11-23 01:29:54 - [MESSAGE][NOT_RUN] - NOT_RUN: delay

2018-11-23 01:29:54 - [TEST_STEP][NOT_RUN] - setText: NOT_RUN: setText

2018-11-23 01:29:54 - [MESSAGE][NOT_RUN] - NOT_RUN: setText

2018-11-23 01:29:54 - [TEST_STEP][NOT_RUN] - delay: NOT_RUN: delay

2018-11-23 01:29:54 - [MESSAGE][NOT_RUN] - NOT_RUN: delay

2018-11-23 01:29:54 - [TEST_STEP][NOT_RUN] - click: NOT_RUN: click

2018-11-23 01:29:54 - [MESSAGE][NOT_RUN] - NOT_RUN: click

2018-11-23 01:29:54 - [TEST_STEP][NOT_RUN] - doubleClick: NOT_RUN: doubleClick

2018-11-23 01:29:54 - [MESSAGE][NOT_RUN] - NOT_RUN: doubleClick

2018-11-23 01:29:54 - [TEST_STEP][NOT_RUN] - click: NOT_RUN: click

2018-11-23 01:29:54 - [MESSAGE][NOT_RUN] - NOT_RUN: click

2018-11-23 01:29:54 - [TEST_STEP][NOT_RUN] - setText: NOT_RUN: setText

2018-11-23 01:29:54 - [MESSAGE][NOT_RUN] - NOT_RUN: setText

2018-11-23 01:29:54 - [TEST_STEP][NOT_RUN] - delay: NOT_RUN: delay

2018-11-23 01:29:54 - [MESSAGE][NOT_RUN] - NOT_RUN: delay

2018-11-23 01:29:54 - [TEST_STEP][NOT_RUN] - click: NOT_RUN: click

2018-11-23 01:29:54 - [MESSAGE][NOT_RUN] - NOT_RUN: click

2018-11-23 01:29:54 - [TEST_STEP][NOT_RUN] - delay: NOT_RUN: delay

2018-11-23 01:29:54 - [MESSAGE][NOT_RUN] - NOT_RUN: delay

2018-11-23 01:29:54 - [TEST_STEP][NOT_RUN] - setText: NOT_RUN: setText

2018-11-23 01:29:54 - [MESSAGE][NOT_RUN] - NOT_RUN: setText

2018-11-23 01:29:54 - [TEST_STEP][PASSED] - click: Object: 'Object Repository/Final Object Repo/Page_Request SSN - ASSIST/Save  Continue' is clicked on

2018-11-23 01:29:54 - [MESSAGE][PASSED] - Object: 'Object Repository/Final Object Repo/Page_Request SSN - ASSIST/Save  Continue' is clicked on

2018-11-23 01:29:54 - [TEST_STEP][PASSED] - delay: Delayed 3 second(s)

2018-11-23 01:29:57 - [MESSAGE][PASSED] - Delayed 3 second(s)

2018-11-23 01:29:57 - [TEST_STEP][PASSED] - Statement - CaseReferenceNo = com.kms.katalon.core.webui.keyword.WebUiBuiltInKeywords.getText(com.kms.katalon.core.testobject.ObjectRepository.findTestObject(Final Object Repo/Page_Request SSN - ASSIST/Reference Number in Uploading Page)): Text of object 'Object Repository/Final Object Repo/Page_Request SSN - ASSIST/Reference Number in Uploading Page' is: 'SSN11201800001137'

2018-11-23 01:29:57 - [MESSAGE][PASSED] - Text of object 'Object Repository/Final Object Repo/Page_Request SSN - ASSIST/Reference Number in Uploading Page' is: 'SSN11201800001137'

2018-11-23 01:29:57 - [TEST_STEP][PASSED] - callTestCase: Call Test Case 'Test Cases/Final Aug 2018 - PKS Automation/Common/Reference Number Setter' successfully

2018-11-23 01:29:57 - [TEST_CASE][PASSED] - Test Cases/Final Aug 2018 - PKS Automation/Common/Reference Number Setter: Test Cases/Final Aug 2018 - PKS Automation/Common/Reference Number Setter

2018-11-23 01:29:57 - [TEST_STEP][PASSED] - Statement - RefNoOldFile = new java.io.File(C://Users//Admin//Desktop//PKS//Automation Reference Point//KatalonReference.txt): null

2018-11-23 01:29:57 - [TEST_STEP][PASSED] - Statement - RefNoOldFile.delete(): null

2018-11-23 01:29:57 - [TEST_STEP][PASSED] - delay: Delayed 5 second(s)

2018-11-23 01:30:02 - [MESSAGE][PASSED] - Delayed 5 second(s)

2018-11-23 01:30:02 - [TEST_STEP][PASSED] - Statement - RefNo = new java.io.File(C://Users//Admin//Desktop//PKS//Automation Reference Point//KatalonReference.txt): null

2018-11-23 01:30:02 - [TEST_STEP][PASSED] - Statement - f2 = new java.io.FileWriter(RefNo, false): null

2018-11-23 01:30:02 - [TEST_STEP][PASSED] - Statement - f2.write(CaseReferenceNo): null

2018-11-23 01:30:02 - [TEST_STEP][PASSED] - Statement - f2.close(): null

2018-11-23 01:30:02 - [TEST_STEP][PASSED] - Statement - out.println("


" + CaseReferenceNo + "


"): null

2018-11-23 01:30:02 - [MESSAGE][PASSED] - Call Test Case 'Test Cases/Final Aug 2018 - PKS Automation/Common/Reference Number Setter' successfully

2018-11-23 01:30:02 - [TEST_STEP][PASSED] - click: Object: 'Object Repository/Final Object Repo/Page_Request SSN - ASSIST/Add Document Button' is clicked on

2018-11-23 01:30:03 - [MESSAGE][PASSED] - Object: 'Object Repository/Final Object Repo/Page_Request SSN - ASSIST/Add Document Button' is clicked on

2018-11-23 01:30:03 - [TEST_STEP][PASSED] - delay: Delayed 2 second(s)

2018-11-23 01:30:05 - [MESSAGE][PASSED] - Delayed 2 second(s)

2018-11-23 01:30:05 - [TEST_STEP][PASSED] - click: Object: 'Object Repository/Final Object Repo/Page_Request SSN - ASSIST/Document Type' is clicked on

2018-11-23 01:30:06 - [MESSAGE][PASSED] - Object: 'Object Repository/Final Object Repo/Page_Request SSN - ASSIST/Document Type' is clicked on

2018-11-23 01:30:06 - [TEST_STEP][PASSED] - click: Object: 'Object Repository/Final Object Repo/Page_Request SSN - ASSIST/Document Type - Birth Certificate' is clicked on

2018-11-23 01:30:06 - [MESSAGE][PASSED] - Object: 'Object Repository/Final Object Repo/Page_Request SSN - ASSIST/Document Type - Birth Certificate' is clicked on

2018-11-23 01:30:06 - [TEST_STEP][PASSED] - sendKeys: Keys 'C:\Users\Public\Pictures\Sample Pictures\Koala.jpg' sent to object: 'Object Repository/Final Object Repo/Page_Request SSN - ASSIST/Upload File'

2018-11-23 01:30:06 - [MESSAGE][PASSED] - Keys 'C:\Users\Public\Pictures\Sample Pictures\Koala.jpg' sent to object: 'Object Repository/Final Object Repo/Page_Request SSN - ASSIST/Upload File'

2018-11-23 01:30:06 - [TEST_STEP][PASSED] - click: Object: 'Object Repository/Final Object Repo/Page_Request SSN - ASSIST/Add Document' is clicked on

2018-11-23 01:30:06 - [MESSAGE][PASSED] - Object: 'Object Repository/Final Object Repo/Page_Request SSN - ASSIST/Add Document' is clicked on

2018-11-23 01:30:06 - [TEST_STEP][PASSED] - delay: Delayed 20 second(s)

2018-11-23 01:30:26 - [MESSAGE][PASSED] - Delayed 20 second(s)

2018-11-23 01:30:26 - [TEST_STEP][PASSED] - click: Object: 'Object Repository/Final Object Repo/Page_Request SSN - ASSIST/Save  Continue in Uploading Document Page' is clicked on

2018-11-23 01:30:26 - [MESSAGE][PASSED] - Object: 'Object Repository/Final Object Repo/Page_Request SSN - ASSIST/Save  Continue in Uploading Document Page' is clicked on

2018-11-23 01:30:26 - [TEST_STEP][PASSED] - delay: Delayed 2 second(s)

2018-11-23 01:30:28 - [MESSAGE][PASSED] - Delayed 2 second(s)

2018-11-23 01:30:28 - [TEST_STEP][PASSED] - click: Object: 'Object Repository/Final Object Repo/Page_Request SSN - ASSIST/Submit' is clicked on

2018-11-23 01:30:31 - [MESSAGE][PASSED] - Object: 'Object Repository/Final Object Repo/Page_Request SSN - ASSIST/Submit' is clicked on

2018-11-23 01:30:31 - [TEST_STEP][PASSED] - delay: Delayed 2 second(s)

2018-11-23 01:30:33 - [MESSAGE][PASSED] - Delayed 2 second(s)

2018-11-23 01:30:33 - [TEST_STEP][PASSED] - click: Object: 'Object Repository/Final Object Repo/Page_Request SSN - ASSIST/Confirm' is clicked on

2018-11-23 01:30:33 - [MESSAGE][PASSED] - Object: 'Object Repository/Final Object Repo/Page_Request SSN - ASSIST/Confirm' is clicked on

2018-11-23 01:30:33 - [TEST_STEP][PASSED] - delay: Delayed 2 second(s)

2018-11-23 01:30:35 - [MESSAGE][PASSED] - Delayed 2 second(s)

2018-11-23 01:30:35 - [TEST_STEP][PASSED] - verifyElementVisible: Object 'Object Repository/Final Object Repo/Page_Request SSN - ASSIST/Message This Case will be routed to RIO' is visible

2018-11-23 01:30:41 - [MESSAGE][PASSED] - Object 'Object Repository/Final Object Repo/Page_Request SSN - ASSIST/Message This Case will be routed to RIO' is visible

2018-11-23 01:30:41 - [TEST_STEP][PASSED] - delay: Delayed 2 second(s)

2018-11-23 01:30:43 - [MESSAGE][PASSED] - Delayed 2 second(s)

2018-11-23 01:30:43 - [TEST_STEP][PASSED] - verifyElementVisible: Object 'Object Repository/Final Object Repo/Page_Request SSN - ASSIST/Letter of acknowledgement' is visible

2018-11-23 01:30:43 - [MESSAGE][PASSED] - Object 'Object Repository/Final Object Repo/Page_Request SSN - ASSIST/Letter of acknowledgement' is visible

2018-11-23 01:30:43 - [MESSAGE][PASSED] - Call Test Case 'Test Cases/Final Aug 2018 - PKS Automation/Registration Module/Workflow/Request SSN/Template/Request SSN - PKRBO' successfully

2018-11-23 01:30:43 - [TEST_STEP][FAILED] - callTestCase: Unable to call Test Case with id 'Test Cases/Final Aug 2018 - PKS Automation/Registration Module/Workflow/Request SSN/Template/Request SSN RIO - RO (Query)' (Root cause: Call Test Case 'Test Cases/Final Aug 2018 - PKS Automation/Registration Module/Workflow/Request SSN/Template/Request SSN RIO - RO (Query)' failed)

2018-11-23 01:30:43 - [TEST_CASE][FAILED] - Test Cases/Final Aug 2018 - PKS Automation/Registration Module/Workflow/Request SSN/Template/Request SSN RIO - RO (Query): Test Cases/Final Aug 2018 - PKS Automation/Registration Module/Workflow/Request SSN/Template/Request SSN RIO - RO (Query) FAILED because (of) (Stack trace: com.kms.katalon.core.exception.StepFailedException: Unable to click on object 'Object Repository/Final Object Repo/Landing Page/Select to English' (Root cause: com.kms.katalon.core.webui.exception.WebElementNotFoundException: Web element with id: 'Object Repository/Final Object Repo/Landing Page/Select to English' located by 'By.xpath: //a[@class = 'taglib-language-list-text' and @lang = 'en-US' and (contains(text(), 'EN') or contains(., 'EN'))]' not found)
	at com.kms.katalon.core.keyword.internal.KeywordMain.stepFailed(KeywordMain.groovy:32)
	at com.kms.katalon.core.webui.keyword.internal.WebUIKeywordMain.stepFailed(WebUIKeywordMain.groovy:65)
	at com.kms.katalon.core.webui.keyword.internal.WebUIKeywordMain.runKeyword(WebUIKeywordMain.groovy:27)
	at com.kms.katalon.core.webui.keyword.builtin.ClickKeyword.click(ClickKeyword.groovy:86)
	at com.kms.katalon.core.webui.keyword.builtin.ClickKeyword.execute(ClickKeyword.groovy:67)
	at com.kms.katalon.core.keyword.internal.KeywordExecutor.executeKeywordForPlatform(KeywordExecutor.groovy:53)
	at com.kms.katalon.core.webui.keyword.WebUiBuiltInKeywords.click(WebUiBuiltInKeywords.groovy:604)
	at com.kms.katalon.core.webui.keyword.WebUiBuiltInKeywords$click$13.call(Unknown Source)
	at Script1534407542420.run(Script1534407542420.groovy:57)
	at com.kms.katalon.core.main.ScriptEngine.run(ScriptEngine.java:183)
	at com.kms.katalon.core.main.ScriptEngine.runScriptAsRawText(ScriptEngine.java:108)
	at com.kms.katalon.core.main.TestCaseExecutor.runScript(TestCaseExecutor.java:294)
	at com.kms.katalon.core.main.TestCaseExecutor.doExecute(TestCaseExecutor.java:285)
	at com.kms.katalon.core.main.TestCaseExecutor.processExecutionPhase(TestCaseExecutor.java:264)
	at com.kms.katalon.core.main.TestCaseExecutor.accessMainPhase(TestCaseExecutor.java:256)
	at com.kms.katalon.core.main.TestCaseExecutor.execute(TestCaseExecutor.java:200)
	at com.kms.katalon.core.main.TestCaseMain.runTestCase(TestCaseMain.java:99)
	at com.kms.katalon.core.keyword.builtin.CallTestCaseKeyword$_callTestCase_closure1.doCall(CallTestCaseKeyword.groovy:60)
	at com.kms.katalon.core.keyword.builtin.CallTestCaseKeyword$_callTestCase_closure1.call(CallTestCaseKeyword.groovy)
	at com.kms.katalon.core.keyword.internal.KeywordMain.runKeyword(KeywordMain.groovy:54)
	at com.kms.katalon.core.keyword.builtin.CallTestCaseKeyword.callTestCase(CallTestCaseKeyword.groovy:81)
	at com.kms.katalon.core.keyword.builtin.CallTestCaseKeyword.execute(CallTestCaseKeyword.groovy:45)
	at com.kms.katalon.core.keyword.internal.KeywordExecutor.executeKeywordForPlatform(KeywordExecutor.groovy:53)
	at com.kms.katalon.core.keyword.BuiltinKeywords.callTestCase(BuiltinKeywords.groovy:334)
	at sun.reflect.GeneratedMethodAccessor13.invoke(Unknown Source)
	at sun.reflect.DelegatingMethodAccessorImpl.invoke(DelegatingMethodAccessorImpl.java:43)
	at java.lang.reflect.Method.invoke(Method.java:498)
	at org.codehaus.groovy.reflection.CachedMethod.invoke(CachedMethod.java:93)
	at groovy.lang.MetaMethod.doMethodInvoke(MetaMethod.java:325)
	at groovy.lang.MetaClassImpl.invokeStaticMethod(MetaClassImpl.java:1469)
	at org.codehaus.groovy.runtime.callsite.StaticMetaClassSite.call(StaticMetaClassSite.java:53)
	at org.codehaus.groovy.runtime.callsite.AbstractCallSite.call(AbstractCallSite.java:141)
	at Script1537866031818.run(Script1537866031818.groovy:33)
	at com.kms.katalon.core.main.ScriptEngine.run(ScriptEngine.java:183)
	at com.kms.katalon.core.main.ScriptEngine.runScriptAsRawText(ScriptEngine.java:108)
	at com.kms.katalon.core.main.TestCaseExecutor.runScript(TestCaseExecutor.java:294)
	at com.kms.katalon.core.main.TestCaseExecutor.doExecute(TestCaseExecutor.java:285)
	at com.kms.katalon.core.main.TestCaseExecutor.processExecutionPhase(TestCaseExecutor.java:264)
	at com.kms.katalon.core.main.TestCaseExecutor.accessMainPhase(TestCaseExecutor.java:256)
	at com.kms.katalon.core.main.TestCaseExecutor.execute(TestCaseExecutor.java:200)
	at com.kms.katalon.core.main.TestCaseMain.runTestCase(TestCaseMain.java:99)
	at com.kms.katalon.core.keyword.builtin.CallTestCaseKeyword$_callTestCase_closure1.doCall(CallTestCaseKeyword.groovy:60)
	at com.kms.katalon.core.keyword.builtin.CallTestCaseKeyword$_callTestCase_closure1.call(CallTestCaseKeyword.groovy)
	at com.kms.katalon.core.keyword.internal.KeywordMain.runKeyword(KeywordMain.groovy:54)
	at com.kms.katalon.core.keyword.builtin.CallTestCaseKeyword.callTestCase(CallTestCaseKeyword.groovy:81)
	at com.kms.katalon.core.keyword.builtin.CallTestCaseKeyword.execute(CallTestCaseKeyword.groovy:45)
	at com.kms.katalon.core.keyword.internal.KeywordExecutor.executeKeywordForPlatform(KeywordExecutor.groovy:53)
	at com.kms.katalon.core.keyword.BuiltinKeywords.callTestCase(BuiltinKeywords.groovy:334)
	at sun.reflect.GeneratedMethodAccessor13.invoke(Unknown Source)
	at sun.reflect.DelegatingMethodAccessorImpl.invoke(DelegatingMethodAccessorImpl.java:43)
	at java.lang.reflect.Method.invoke(Method.java:498)
	at org.codehaus.groovy.reflection.CachedMethod.invoke(CachedMethod.java:93)
	at groovy.lang.MetaMethod.doMethodInvoke(MetaMethod.java:325)
	at groovy.lang.MetaClassImpl.invokeStaticMethod(MetaClassImpl.java:1469)
	at org.codehaus.groovy.runtime.callsite.StaticMetaClassSite.call(StaticMetaClassSite.java:53)
	at org.codehaus.groovy.runtime.callsite.CallSiteArray.defaultCall(CallSiteArray.java:48)
	at org.codehaus.groovy.runtime.callsite.AbstractCallSite.call(AbstractCallSite.java:113)
	at org.codehaus.groovy.runtime.callsite.AbstractCallSite.call(AbstractCallSite.java:141)
	at Script1536300508627.run(Script1536300508627.groovy:24)
	at com.kms.katalon.core.main.ScriptEngine.run(ScriptEngine.java:183)
	at com.kms.katalon.core.main.ScriptEngine.runScriptAsRawText(ScriptEngine.java:108)
	at com.kms.katalon.core.main.TestCaseExecutor.runScript(TestCaseExecutor.java:294)
	at com.kms.katalon.core.main.TestCaseExecutor.doExecute(TestCaseExecutor.java:285)
	at com.kms.katalon.core.main.TestCaseExecutor.processExecutionPhase(TestCaseExecutor.java:264)
	at com.kms.katalon.core.main.TestCaseExecutor.accessMainPhase(TestCaseExecutor.java:256)
	at com.kms.katalon.core.main.TestCaseExecutor.execute(TestCaseExecutor.java:200)
	at com.kms.katalon.core.main.TestSuiteExecutor.accessTestCaseMainPhase(TestSuiteExecutor.java:129)
	at com.kms.katalon.core.main.TestSuiteExecutor.accessTestSuiteMainPhase(TestSuiteExecutor.java:112)
	at com.kms.katalon.core.main.TestSuiteExecutor.execute(TestSuiteExecutor.java:81)
	at com.kms.katalon.core.main.TestCaseMain.startTestSuite(TestCaseMain.java:142)
	at com.kms.katalon.core.main.TestCaseMain$startTestSuite$0.call(Unknown Source)
	at org.codehaus.groovy.runtime.callsite.CallSiteArray.defaultCall(CallSiteArray.java:48)
	at org.codehaus.groovy.runtime.callsite.AbstractCallSite.call(AbstractCallSite.java:113)
	at org.codehaus.groovy.runtime.callsite.AbstractCallSite.call(AbstractCallSite.java:141)
	at TempTestSuite1542874456978.run(TempTestSuite1542874456978.groovy:36)
	at groovy.lang.GroovyShell.runScriptOrMainOrTestOrRunnable(GroovyShell.java:263)
	at groovy.lang.GroovyShell.run(GroovyShell.java:518)
	at groovy.lang.GroovyShell.run(GroovyShell.java:507)
	at groovy.ui.GroovyMain.processOnce(GroovyMain.java:653)
	at groovy.ui.GroovyMain.run(GroovyMain.java:384)
	at groovy.ui.GroovyMain.process(GroovyMain.java:370)
	at groovy.ui.GroovyMain.processArgs(GroovyMain.java:129)
	at groovy.ui.GroovyMain.main(GroovyMain.java:109)
	at sun.reflect.NativeMethodAccessorImpl.invoke0(Native Method)
	at sun.reflect.NativeMethodAccessorImpl.invoke(NativeMethodAccessorImpl.java:62)
	at sun.reflect.DelegatingMethodAccessorImpl.invoke(DelegatingMethodAccessorImpl.java:43)
	at java.lang.reflect.Method.invoke(Method.java:498)
	at org.codehaus.groovy.tools.GroovyStarter.rootLoader(GroovyStarter.java:109)
	at org.codehaus.groovy.tools.GroovyStarter.main(GroovyStarter.java:131)
)

2018-11-23 01:30:43 - [TEST_STEP][NOT_RUN] - callTestCase: NOT_RUN: callTestCase

2018-11-23 01:30:43 - [MESSAGE][NOT_RUN] - NOT_RUN: callTestCase

2018-11-23 01:30:43 - [TEST_STEP][PASSED] - delay: Delayed 2 second(s)

2018-11-23 01:30:45 - [MESSAGE][PASSED] - Delayed 2 second(s)

2018-11-23 01:30:45 - [TEST_STEP][PASSED] - navigateToUrl: Navigate to 'https://assist2-uat.perkeso.gov.my/c/portal/logout' successfully

2018-11-23 01:30:46 - [MESSAGE][PASSED] - Navigate to 'https://assist2-uat.perkeso.gov.my/c/portal/logout' successfully

2018-11-23 01:30:46 - [TEST_STEP][PASSED] - delay: Delayed 2 second(s)

2018-11-23 01:30:48 - [MESSAGE][PASSED] - Delayed 2 second(s)

2018-11-23 01:30:48 - [TEST_STEP][PASSED] - callTestCase: Call Test Case 'Test Cases/Final Aug 2018 - PKS Automation/Common/Reference Number Getter' successfully

2018-11-23 01:30:48 - [TEST_CASE][PASSED] - Test Cases/Final Aug 2018 - PKS Automation/Common/Reference Number Getter: Test Cases/Final Aug 2018 - PKS Automation/Common/Reference Number Getter

2018-11-23 01:30:48 - [TEST_STEP][PASSED] - Statement - Try: null

2018-11-23 01:30:48 - [TEST_STEP][PASSED] - Statement - RefNo = new java.io.File(C://Users//Admin//Desktop//PKS//Automation Reference Point//KatalonReference.txt): null

2018-11-23 01:30:48 - [TEST_STEP][PASSED] - Statement - bufferread = new java.io.BufferedReader(new java.io.FileReader(RefNo)): null

2018-11-23 01:30:48 - [TEST_STEP][PASSED] - Statement - readedVal = bufferread.readLine(): null

2018-11-23 01:30:48 - [TEST_STEP][PASSED] - Statement - out.println(CaseReferenceNo): null

2018-11-23 01:30:48 - [TEST_STEP][PASSED] - Statement - out.println(readedVal): null

2018-11-23 01:30:48 - [TEST_STEP][PASSED] - Statement - CaseReferenceNo = "": null

2018-11-23 01:30:48 - [TEST_STEP][PASSED] - Statement - CaseReferenceNo = readedVal: null

2018-11-23 01:30:48 - [MESSAGE][PASSED] - Call Test Case 'Test Cases/Final Aug 2018 - PKS Automation/Common/Reference Number Getter' successfully

2018-11-23 01:30:48 - [TEST_STEP][FAILED] - callTestCase: Unable to call Test Case with id 'Test Cases/Final Aug 2018 - PKS Automation/Common/Workflow Owner Finder' (Root cause: Call Test Case 'Test Cases/Final Aug 2018 - PKS Automation/Common/Workflow Owner Finder' failed)

2018-11-23 01:30:48 - [TEST_CASE][FAILED] - Test Cases/Final Aug 2018 - PKS Automation/Common/Workflow Owner Finder: Test Cases/Final Aug 2018 - PKS Automation/Common/Workflow Owner Finder FAILED because (of) (Stack trace: com.kms.katalon.core.exception.StepFailedException: Unable to click on object 'Object Repository/Final Object Repo/Landing Page/Select to English' (Root cause: com.kms.katalon.core.webui.exception.WebElementNotFoundException: Web element with id: 'Object Repository/Final Object Repo/Landing Page/Select to English' located by 'By.xpath: //a[@class = 'taglib-language-list-text' and @lang = 'en-US' and (contains(text(), 'EN') or contains(., 'EN'))]' not found)
	at com.kms.katalon.core.keyword.internal.KeywordMain.stepFailed(KeywordMain.groovy:32)
	at com.kms.katalon.core.webui.keyword.internal.WebUIKeywordMain.stepFailed(WebUIKeywordMain.groovy:65)
	at com.kms.katalon.core.webui.keyword.internal.WebUIKeywordMain.runKeyword(WebUIKeywordMain.groovy:27)
	at com.kms.katalon.core.webui.keyword.builtin.ClickKeyword.click(ClickKeyword.groovy:86)
	at com.kms.katalon.core.webui.keyword.builtin.ClickKeyword.execute(ClickKeyword.groovy:67)
	at com.kms.katalon.core.keyword.internal.KeywordExecutor.executeKeywordForPlatform(KeywordExecutor.groovy:53)
	at com.kms.katalon.core.webui.keyword.WebUiBuiltInKeywords.click(WebUiBuiltInKeywords.groovy:604)
	at com.kms.katalon.core.webui.keyword.WebUiBuiltInKeywords$click$13.call(Unknown Source)
	at Script1534407542420.run(Script1534407542420.groovy:57)
	at com.kms.katalon.core.main.ScriptEngine.run(ScriptEngine.java:183)
	at com.kms.katalon.core.main.ScriptEngine.runScriptAsRawText(ScriptEngine.java:108)
	at com.kms.katalon.core.main.TestCaseExecutor.runScript(TestCaseExecutor.java:294)
	at com.kms.katalon.core.main.TestCaseExecutor.doExecute(TestCaseExecutor.java:285)
	at com.kms.katalon.core.main.TestCaseExecutor.processExecutionPhase(TestCaseExecutor.java:264)
	at com.kms.katalon.core.main.TestCaseExecutor.accessMainPhase(TestCaseExecutor.java:256)
	at com.kms.katalon.core.main.TestCaseExecutor.execute(TestCaseExecutor.java:200)
	at com.kms.katalon.core.main.TestCaseMain.runTestCase(TestCaseMain.java:99)
	at com.kms.katalon.core.keyword.builtin.CallTestCaseKeyword$_callTestCase_closure1.doCall(CallTestCaseKeyword.groovy:60)
	at com.kms.katalon.core.keyword.builtin.CallTestCaseKeyword$_callTestCase_closure1.call(CallTestCaseKeyword.groovy)
	at com.kms.katalon.core.keyword.internal.KeywordMain.runKeyword(KeywordMain.groovy:54)
	at com.kms.katalon.core.keyword.builtin.CallTestCaseKeyword.callTestCase(CallTestCaseKeyword.groovy:81)
	at com.kms.katalon.core.keyword.builtin.CallTestCaseKeyword.execute(CallTestCaseKeyword.groovy:45)
	at com.kms.katalon.core.keyword.internal.KeywordExecutor.executeKeywordForPlatform(KeywordExecutor.groovy:53)
	at com.kms.katalon.core.keyword.BuiltinKeywords.callTestCase(BuiltinKeywords.groovy:334)
	at sun.reflect.GeneratedMethodAccessor13.invoke(Unknown Source)
	at sun.reflect.DelegatingMethodAccessorImpl.invoke(DelegatingMethodAccessorImpl.java:43)
	at java.lang.reflect.Method.invoke(Method.java:498)
	at org.codehaus.groovy.reflection.CachedMethod.invoke(CachedMethod.java:93)
	at groovy.lang.MetaMethod.doMethodInvoke(MetaMethod.java:325)
	at groovy.lang.MetaClassImpl.invokeStaticMethod(MetaClassImpl.java:1469)
	at org.codehaus.groovy.runtime.callsite.StaticMetaClassSite.call(StaticMetaClassSite.java:53)
	at org.codehaus.groovy.runtime.callsite.AbstractCallSite.call(AbstractCallSite.java:141)
	at Script1537866031818.run(Script1537866031818.groovy:33)
	at com.kms.katalon.core.main.ScriptEngine.run(ScriptEngine.java:183)
	at com.kms.katalon.core.main.ScriptEngine.runScriptAsRawText(ScriptEngine.java:108)
	at com.kms.katalon.core.main.TestCaseExecutor.runScript(TestCaseExecutor.java:294)
	at com.kms.katalon.core.main.TestCaseExecutor.doExecute(TestCaseExecutor.java:285)
	at com.kms.katalon.core.main.TestCaseExecutor.processExecutionPhase(TestCaseExecutor.java:264)
	at com.kms.katalon.core.main.TestCaseExecutor.accessMainPhase(TestCaseExecutor.java:256)
	at com.kms.katalon.core.main.TestCaseExecutor.execute(TestCaseExecutor.java:200)
	at com.kms.katalon.core.main.TestCaseMain.runTestCase(TestCaseMain.java:99)
	at com.kms.katalon.core.keyword.builtin.CallTestCaseKeyword$_callTestCase_closure1.doCall(CallTestCaseKeyword.groovy:60)
	at com.kms.katalon.core.keyword.builtin.CallTestCaseKeyword$_callTestCase_closure1.call(CallTestCaseKeyword.groovy)
	at com.kms.katalon.core.keyword.internal.KeywordMain.runKeyword(KeywordMain.groovy:54)
	at com.kms.katalon.core.keyword.builtin.CallTestCaseKeyword.callTestCase(CallTestCaseKeyword.groovy:81)
	at com.kms.katalon.core.keyword.builtin.CallTestCaseKeyword.execute(CallTestCaseKeyword.groovy:45)
	at com.kms.katalon.core.keyword.internal.KeywordExecutor.executeKeywordForPlatform(KeywordExecutor.groovy:53)
	at com.kms.katalon.core.keyword.BuiltinKeywords.callTestCase(BuiltinKeywords.groovy:334)
	at sun.reflect.GeneratedMethodAccessor13.invoke(Unknown Source)
	at sun.reflect.DelegatingMethodAccessorImpl.invoke(DelegatingMethodAccessorImpl.java:43)
	at java.lang.reflect.Method.invoke(Method.java:498)
	at org.codehaus.groovy.reflection.CachedMethod.invoke(CachedMethod.java:93)
	at groovy.lang.MetaMethod.doMethodInvoke(MetaMethod.java:325)
	at groovy.lang.MetaClassImpl.invokeStaticMethod(MetaClassImpl.java:1469)
	at org.codehaus.groovy.runtime.callsite.StaticMetaClassSite.call(StaticMetaClassSite.java:53)
	at org.codehaus.groovy.runtime.callsite.CallSiteArray.defaultCall(CallSiteArray.java:48)
	at org.codehaus.groovy.runtime.callsite.AbstractCallSite.call(AbstractCallSite.java:113)
	at org.codehaus.groovy.runtime.callsite.AbstractCallSite.call(AbstractCallSite.java:141)
	at Script1536300508627.run(Script1536300508627.groovy:24)
	at com.kms.katalon.core.main.ScriptEngine.run(ScriptEngine.java:183)
	at com.kms.katalon.core.main.ScriptEngine.runScriptAsRawText(ScriptEngine.java:108)
	at com.kms.katalon.core.main.TestCaseExecutor.runScript(TestCaseExecutor.java:294)
	at com.kms.katalon.core.main.TestCaseExecutor.doExecute(TestCaseExecutor.java:285)
	at com.kms.katalon.core.main.TestCaseExecutor.processExecutionPhase(TestCaseExecutor.java:264)
	at com.kms.katalon.core.main.TestCaseExecutor.accessMainPhase(TestCaseExecutor.java:256)
	at com.kms.katalon.core.main.TestCaseExecutor.execute(TestCaseExecutor.java:200)
	at com.kms.katalon.core.main.TestSuiteExecutor.accessTestCaseMainPhase(TestSuiteExecutor.java:129)
	at com.kms.katalon.core.main.TestSuiteExecutor.accessTestSuiteMainPhase(TestSuiteExecutor.java:112)
	at com.kms.katalon.core.main.TestSuiteExecutor.execute(TestSuiteExecutor.java:81)
	at com.kms.katalon.core.main.TestCaseMain.startTestSuite(TestCaseMain.java:142)
	at com.kms.katalon.core.main.TestCaseMain$startTestSuite$0.call(Unknown Source)
	at org.codehaus.groovy.runtime.callsite.CallSiteArray.defaultCall(CallSiteArray.java:48)
	at org.codehaus.groovy.runtime.callsite.AbstractCallSite.call(AbstractCallSite.java:113)
	at org.codehaus.groovy.runtime.callsite.AbstractCallSite.call(AbstractCallSite.java:141)
	at TempTestSuite1542874456978.run(TempTestSuite1542874456978.groovy:36)
	at groovy.lang.GroovyShell.runScriptOrMainOrTestOrRunnable(GroovyShell.java:263)
	at groovy.lang.GroovyShell.run(GroovyShell.java:518)
	at groovy.lang.GroovyShell.run(GroovyShell.java:507)
	at groovy.ui.GroovyMain.processOnce(GroovyMain.java:653)
	at groovy.ui.GroovyMain.run(GroovyMain.java:384)
	at groovy.ui.GroovyMain.process(GroovyMain.java:370)
	at groovy.ui.GroovyMain.processArgs(GroovyMain.java:129)
	at groovy.ui.GroovyMain.main(GroovyMain.java:109)
	at sun.reflect.NativeMethodAccessorImpl.invoke0(Native Method)
	at sun.reflect.NativeMethodAccessorImpl.invoke(NativeMethodAccessorImpl.java:62)
	at sun.reflect.DelegatingMethodAccessorImpl.invoke(DelegatingMethodAccessorImpl.java:43)
	at java.lang.reflect.Method.invoke(Method.java:498)
	at org.codehaus.groovy.tools.GroovyStarter.rootLoader(GroovyStarter.java:109)
	at org.codehaus.groovy.tools.GroovyStarter.main(GroovyStarter.java:131)
)

2018-11-23 01:30:48 - [TEST_STEP][PASSED] - openBrowser: Browser is opened with url: ''

2018-11-23 01:30:48 - [MESSAGE][WARNING] - A browser is already opened. Closing browser and opening a new one

2018-11-23 01:30:52 - [MESSAGE][PASSED] - Browser is opened with url: ''

2018-11-23 01:30:52 - [TEST_STEP][PASSED] - navigateToUrl: Navigate to 'https://assist2-uat.perkeso.gov.my/login' successfully

2018-11-23 01:30:53 - [MESSAGE][PASSED] - Navigate to 'https://assist2-uat.perkeso.gov.my/login' successfully

2018-11-23 01:30:53 - [TEST_STEP][PASSED] - delay: Delayed 5 second(s)

2018-11-23 01:30:58 - [MESSAGE][PASSED] - Delayed 5 second(s)

2018-11-23 01:30:58 - [TEST_STEP][PASSED] - setText: Text 'test@liferay.com' is set on object 'Object Repository/Final Object Repo/Login Page/Internal User/Email Address'

2018-11-23 01:30:59 - [MESSAGE][PASSED] - Text 'test@liferay.com' is set on object 'Object Repository/Final Object Repo/Login Page/Internal User/Email Address'

2018-11-23 01:30:59 - [TEST_STEP][PASSED] - click: Object: 'Object Repository/Final Object Repo/Login Page/Internal User/Next Button' is clicked on

2018-11-23 01:30:59 - [MESSAGE][PASSED] - Object: 'Object Repository/Final Object Repo/Login Page/Internal User/Next Button' is clicked on

2018-11-23 01:30:59 - [TEST_STEP][PASSED] - delay: Delayed 2 second(s)

2018-11-23 01:31:01 - [MESSAGE][PASSED] - Delayed 2 second(s)

2018-11-23 01:31:01 - [TEST_STEP][PASSED] - setText: Text 'test' is set on object 'Object Repository/Final Object Repo/Login Page/Internal User/Password'

2018-11-23 01:31:01 - [MESSAGE][PASSED] - Text 'test' is set on object 'Object Repository/Final Object Repo/Login Page/Internal User/Password'

2018-11-23 01:31:01 - [TEST_STEP][PASSED] - delay: Delayed 2 second(s)

2018-11-23 01:31:03 - [MESSAGE][PASSED] - Delayed 2 second(s)

2018-11-23 01:31:03 - [TEST_STEP][PASSED] - click: Object: 'Object Repository/Final Object Repo/Login Page/Internal User/Login Button' is clicked on

2018-11-23 01:31:03 - [MESSAGE][PASSED] - Object: 'Object Repository/Final Object Repo/Login Page/Internal User/Login Button' is clicked on

2018-11-23 01:31:03 - [TEST_STEP][FAILED] - Statement - Try: Delayed 2 second(s)

2018-11-23 01:31:03 - [TEST_STEP][PASSED] - Statement - Checker = false: null

2018-11-23 01:31:03 - [TEST_STEP][PASSED] - Statement - Checker = com.kms.katalon.core.webui.keyword.WebUiBuiltInKeywords.verifyElementHasAttribute(com.kms.katalon.core.testobject.ObjectRepository.findTestObject(Final Object Repo/Landing Page/BM Detecting), "href", 20, OPTIONAL): Unable to verify if object 'Object Repository/Final Object Repo/Landing Page/BM Detecting' has attribute 'href' (Root cause: org.openqa.selenium.StaleElementReferenceException: stale element reference: element is not attached to the page document
  (Session info: chrome=70.0.3538.102)
  (Driver info: chromedriver=2.43.600210 (68dcf5eebde37173d4027fa8635e332711d2874a),platform=Windows NT 6.1.7601 SP1 x86_64) (WARNING: The server did not provide any stacktrace information)
Command duration or timeout: 0 milliseconds
For documentation on this error, please visit: http://seleniumhq.org/exceptions/stale_element_reference.html
Build info: version: '3.7.1', revision: '8a0099a', time: '2017-11-06T21:07:36.161Z'
System info: host: 'WIN7TEST02', ip: '10.20.3.72', os.name: 'Windows 7', os.arch: 'amd64', os.version: '6.1', java.version: '1.8.0_181'
Driver info: com.kms.katalon.selenium.driver.CChromeDriver
Capabilities {acceptInsecureCerts: false, acceptSslCerts: false, applicationCacheEnabled: false, browserConnectionEnabled: false, browserName: chrome, chrome: {chromedriverVersion: 2.43.600210 (68dcf5eebde371..., userDataDir: C:\Users\Admin\AppData\Loca...}, cssSelectorsEnabled: true, databaseEnabled: false, goog:chromeOptions: {debuggerAddress: localhost:50936}, handlesAlerts: true, hasTouchScreen: false, javascriptEnabled: true, locationContextEnabled: true, mobileEmulationEnabled: false, nativeEvents: true, networkConnectionEnabled: false, pageLoadStrategy: normal, platform: XP, platformName: XP, rotatable: false, setWindowRect: true, takesHeapSnapshot: true, takesScreenshot: true, unexpectedAlertBehaviour: , unhandledPromptBehavior: , version: 70.0.3538.102, webStorageEnabled: true}
Session ID: 0f5e566ba35d5e5fbca4c646f0e5b911)

2018-11-23 01:31:05 - [MESSAGE][WARNING] - Unable to verify if object 'Object Repository/Final Object Repo/Landing Page/BM Detecting' has attribute 'href' (Root cause: org.openqa.selenium.StaleElementReferenceException: stale element reference: element is not attached to the page document
  (Session info: chrome=70.0.3538.102)
  (Driver info: chromedriver=2.43.600210 (68dcf5eebde37173d4027fa8635e332711d2874a),platform=Windows NT 6.1.7601 SP1 x86_64) (WARNING: The server did not provide any stacktrace information)
Command duration or timeout: 0 milliseconds
For documentation on this error, please visit: http://seleniumhq.org/exceptions/stale_element_reference.html
Build info: version: '3.7.1', revision: '8a0099a', time: '2017-11-06T21:07:36.161Z'
System info: host: 'WIN7TEST02', ip: '10.20.3.72', os.name: 'Windows 7', os.arch: 'amd64', os.version: '6.1', java.version: '1.8.0_181'
Driver info: com.kms.katalon.selenium.driver.CChromeDriver
Capabilities {acceptInsecureCerts: false, acceptSslCerts: false, applicationCacheEnabled: false, browserConnectionEnabled: false, browserName: chrome, chrome: {chromedriverVersion: 2.43.600210 (68dcf5eebde371..., userDataDir: C:\Users\Admin\AppData\Loca...}, cssSelectorsEnabled: true, databaseEnabled: false, goog:chromeOptions: {debuggerAddress: localhost:50936}, handlesAlerts: true, hasTouchScreen: false, javascriptEnabled: true, locationContextEnabled: true, mobileEmulationEnabled: false, nativeEvents: true, networkConnectionEnabled: false, pageLoadStrategy: normal, platform: XP, platformName: XP, rotatable: false, setWindowRect: true, takesHeapSnapshot: true, takesScreenshot: true, unexpectedAlertBehaviour: , unhandledPromptBehavior: , version: 70.0.3538.102, webStorageEnabled: true}
Session ID: 0f5e566ba35d5e5fbca4c646f0e5b911)
[[ATTACHMENT|C:\\Users\\Admin\\Desktop\\PKS\\Perkeso Phase A\\Reports\\Workflow\\Request SSN\\20181122_161416\\1542907865519.png]]

2018-11-23 01:31:05 - [TEST_STEP][PASSED] - Statement - out.println(Checker): null

2018-11-23 01:31:05 - [TEST_STEP][FAILED] - Statement - If (Checker == false): Unable to click on object 'Object Repository/Final Object Repo/Landing Page/Select to English' (Root cause: com.kms.katalon.core.webui.exception.WebElementNotFoundException: Web element with id: 'Object Repository/Final Object Repo/Landing Page/Select to English' located by 'By.xpath: //a[@class = 'taglib-language-list-text' and @lang = 'en-US' and (contains(text(), 'EN') or contains(., 'EN'))]' not found)

2018-11-23 01:31:05 - [TEST_STEP][FAILED] - click: Unable to click on object 'Object Repository/Final Object Repo/Landing Page/Select to English' (Root cause: com.kms.katalon.core.webui.exception.WebElementNotFoundException: Web element with id: 'Object Repository/Final Object Repo/Landing Page/Select to English' located by 'By.xpath: //a[@class = 'taglib-language-list-text' and @lang = 'en-US' and (contains(text(), 'EN') or contains(., 'EN'))]' not found)

2018-11-23 01:31:43 - [MESSAGE][FAILED] - Unable to click on object 'Object Repository/Final Object Repo/Landing Page/Select to English' (Root cause: com.kms.katalon.core.webui.exception.WebElementNotFoundException: Web element with id: 'Object Repository/Final Object Repo/Landing Page/Select to English' located by 'By.xpath: //a[@class = 'taglib-language-list-text' and @lang = 'en-US' and (contains(text(), 'EN') or contains(., 'EN'))]' not found)
[[ATTACHMENT|C:\\Users\\Admin\\Desktop\\PKS\\Perkeso Phase A\\Reports\\Workflow\\Request SSN\\20181122_161416\\1542907902985.png]]

2018-11-23 01:31:43 - [TEST_STEP][PASSED] - delay: Delayed 2 second(s)

2018-11-23 01:31:45 - [MESSAGE][PASSED] - Delayed 2 second(s)

2018-11-23 01:31:45 - [TEST_STEP][PASSED] - delay: Delayed 3 second(s)

2018-11-23 01:31:48 - [MESSAGE][PASSED] - Delayed 3 second(s)

2018-11-23 01:31:48 - [TEST_STEP][PASSED] - mouseOver: Object: 'Object Repository/Final Object Repo/Landing Page/WorkFlow Menu' is hovered

2018-11-23 01:31:48 - [MESSAGE][PASSED] - Object: 'Object Repository/Final Object Repo/Landing Page/WorkFlow Menu' is hovered

2018-11-23 01:31:48 - [TEST_STEP][PASSED] - delay: Delayed 2 second(s)

2018-11-23 01:31:50 - [MESSAGE][PASSED] - Delayed 2 second(s)

2018-11-23 01:31:50 - [TEST_STEP][PASSED] - click: Object: 'Object Repository/Final Object Repo/Landing Page/Select to Workflow Listing' is clicked on

2018-11-23 01:31:51 - [MESSAGE][PASSED] - Object: 'Object Repository/Final Object Repo/Landing Page/Select to Workflow Listing' is clicked on

2018-11-23 01:31:51 - [TEST_STEP][PASSED] - delay: Delayed 2 second(s)

2018-11-23 01:31:53 - [MESSAGE][PASSED] - Delayed 2 second(s)

2018-11-23 01:31:53 - [TEST_STEP][PASSED] - click: Object: 'Object Repository/Final Object Repo/WorkFlow Listing Page/Search Information - To Put Ref No' is clicked on

2018-11-23 01:31:53 - [MESSAGE][PASSED] - Object: 'Object Repository/Final Object Repo/WorkFlow Listing Page/Search Information - To Put Ref No' is clicked on

2018-11-23 01:31:53 - [TEST_STEP][PASSED] - delay: Delayed 2 second(s)

2018-11-23 01:31:55 - [MESSAGE][PASSED] - Delayed 2 second(s)

2018-11-23 01:31:55 - [TEST_STEP][PASSED] - callTestCase: Call Test Case 'Test Cases/Final Aug 2018 - PKS Automation/Common/Reference Number Getter' successfully

2018-11-23 01:31:55 - [TEST_CASE][PASSED] - Test Cases/Final Aug 2018 - PKS Automation/Common/Reference Number Getter: Test Cases/Final Aug 2018 - PKS Automation/Common/Reference Number Getter

2018-11-23 01:31:55 - [TEST_STEP][PASSED] - Statement - Try: null

2018-11-23 01:31:55 - [TEST_STEP][PASSED] - Statement - RefNo = new java.io.File(C://Users//Admin//Desktop//PKS//Automation Reference Point//KatalonReference.txt): null

2018-11-23 01:31:55 - [TEST_STEP][PASSED] - Statement - bufferread = new java.io.BufferedReader(new java.io.FileReader(RefNo)): null

2018-11-23 01:31:55 - [TEST_STEP][PASSED] - Statement - readedVal = bufferread.readLine(): null

2018-11-23 01:31:55 - [TEST_STEP][PASSED] - Statement - out.println(CaseReferenceNo): null

2018-11-23 01:31:55 - [TEST_STEP][PASSED] - Statement - out.println(readedVal): null

2018-11-23 01:31:55 - [TEST_STEP][PASSED] - Statement - CaseReferenceNo = "": null

2018-11-23 01:31:55 - [TEST_STEP][PASSED] - Statement - CaseReferenceNo = readedVal: null

2018-11-23 01:31:55 - [MESSAGE][PASSED] - Call Test Case 'Test Cases/Final Aug 2018 - PKS Automation/Common/Reference Number Getter' successfully

2018-11-23 01:31:55 - [TEST_STEP][PASSED] - setText: Text 'SSN11201800001137' is set on object 'Object Repository/Final Object Repo/WorkFlow Listing Page/Ref No Set Text'

2018-11-23 01:31:56 - [MESSAGE][PASSED] - Text 'SSN11201800001137' is set on object 'Object Repository/Final Object Repo/WorkFlow Listing Page/Ref No Set Text'

2018-11-23 01:31:56 - [TEST_STEP][PASSED] - delay: Delayed 2 second(s)

2018-11-23 01:31:58 - [MESSAGE][PASSED] - Delayed 2 second(s)

2018-11-23 01:31:58 - [TEST_STEP][PASSED] - click: Object: 'Object Repository/Final Object Repo/WorkFlow Listing Page/Search Ref No Search Button' is clicked on

2018-11-23 01:31:58 - [MESSAGE][PASSED] - Object: 'Object Repository/Final Object Repo/WorkFlow Listing Page/Search Ref No Search Button' is clicked on

2018-11-23 01:31:58 - [TEST_STEP][PASSED] - delay: Delayed 4 second(s)

2018-11-23 01:32:02 - [MESSAGE][PASSED] - Delayed 4 second(s)

2018-11-23 01:32:02 - [TEST_STEP][PASSED] - click: Object: 'Object Repository/Final Object Repo/WorkFlow Listing Page/Click Continue Tooltip' is clicked on

2018-11-23 01:32:03 - [MESSAGE][PASSED] - Object: 'Object Repository/Final Object Repo/WorkFlow Listing Page/Click Continue Tooltip' is clicked on

2018-11-23 01:32:03 - [TEST_STEP][PASSED] - delay: Delayed 5 second(s)

2018-11-23 01:32:08 - [MESSAGE][PASSED] - Delayed 5 second(s)

2018-11-23 01:32:08 - [TEST_STEP][PASSED] - doubleClick: Object: 'Object Repository/Final Object Repo/WorkFlow Listing Page/Workflow Found - Listing 1' is double clicked on

2018-11-23 01:32:08 - [MESSAGE][PASSED] - Object: 'Object Repository/Final Object Repo/WorkFlow Listing Page/Workflow Found - Listing 1' is double clicked on

2018-11-23 01:32:08 - [TEST_STEP][PASSED] - Statement - println(OwnerID): null

2018-11-23 01:32:08 - [TEST_STEP][PASSED] - Statement - OwnerID = com.kms.katalon.core.webui.keyword.WebUiBuiltInKeywords.getText(com.kms.katalon.core.testobject.ObjectRepository.findTestObject(Final Object Repo/WorkFlow Listing Page/Workflow Found - Listing 1), STOP_ON_FAILURE): Text of object 'Object Repository/Final Object Repo/WorkFlow Listing Page/Workflow Found - Listing 1' is: 'JOHORrio2'

2018-11-23 01:32:08 - [MESSAGE][PASSED] - Text of object 'Object Repository/Final Object Repo/WorkFlow Listing Page/Workflow Found - Listing 1' is: 'JOHORrio2'

2018-11-23 01:32:08 - [TEST_STEP][PASSED] - Statement - OwnerID = OwnerID.toLowerCase() + "@gmail.com": null

2018-11-23 01:32:08 - [TEST_STEP][PASSED] - Statement - println(OwnerID): null

2018-11-23 01:32:08 - [TEST_STEP][PASSED] - delay: Delayed 2 second(s)

2018-11-23 01:32:10 - [MESSAGE][PASSED] - Delayed 2 second(s)

2018-11-23 01:32:10 - [MESSAGE][FAILED] - Unable to call Test Case with id 'Test Cases/Final Aug 2018 - PKS Automation/Common/Workflow Owner Finder' (Root cause: Call Test Case 'Test Cases/Final Aug 2018 - PKS Automation/Common/Workflow Owner Finder' failed)

2018-11-23 01:32:10 - [MESSAGE][FAILED] - Unable to call Test Case with id 'Test Cases/Final Aug 2018 - PKS Automation/Registration Module/Workflow/Request SSN/Template/Request SSN RIO - RO (Query)' (Root cause: Call Test Case 'Test Cases/Final Aug 2018 - PKS Automation/Registration Module/Workflow/Request SSN/Template/Request SSN RIO - RO (Query)' failed)]]></system-out>
         <system-err><![CDATA[2018-11-23 01:29:02 - [TEST_CASE][FAILED] - Test Cases/Final Aug 2018 - PKS Automation/Registration Module/Workflow/Request SSN/PKRBO - RIO - RO (Query): Test Cases/Final Aug 2018 - PKS Automation/Registration Module/Workflow/Request SSN/PKRBO - RIO - RO (Query) FAILED because (of) (Stack trace: com.kms.katalon.core.exception.StepFailedException: Unable to click on object 'Object Repository/Final Object Repo/Landing Page/Select to English' (Root cause: com.kms.katalon.core.webui.exception.WebElementNotFoundException: Web element with id: 'Object Repository/Final Object Repo/Landing Page/Select to English' located by 'By.xpath: //a[@class = 'taglib-language-list-text' and @lang = 'en-US' and (contains(text(), 'EN') or contains(., 'EN'))]' not found)
	at com.kms.katalon.core.keyword.internal.KeywordMain.stepFailed(KeywordMain.groovy:32)
	at com.kms.katalon.core.webui.keyword.internal.WebUIKeywordMain.stepFailed(WebUIKeywordMain.groovy:65)
	at com.kms.katalon.core.webui.keyword.internal.WebUIKeywordMain.runKeyword(WebUIKeywordMain.groovy:27)
	at com.kms.katalon.core.webui.keyword.builtin.ClickKeyword.click(ClickKeyword.groovy:86)
	at com.kms.katalon.core.webui.keyword.builtin.ClickKeyword.execute(ClickKeyword.groovy:67)
	at com.kms.katalon.core.keyword.internal.KeywordExecutor.executeKeywordForPlatform(KeywordExecutor.groovy:53)
	at com.kms.katalon.core.webui.keyword.WebUiBuiltInKeywords.click(WebUiBuiltInKeywords.groovy:604)
	at com.kms.katalon.core.webui.keyword.WebUiBuiltInKeywords$click$13.call(Unknown Source)
	at Script1534407542420.run(Script1534407542420.groovy:57)
	at com.kms.katalon.core.main.ScriptEngine.run(ScriptEngine.java:183)
	at com.kms.katalon.core.main.ScriptEngine.runScriptAsRawText(ScriptEngine.java:108)
	at com.kms.katalon.core.main.TestCaseExecutor.runScript(TestCaseExecutor.java:294)
	at com.kms.katalon.core.main.TestCaseExecutor.doExecute(TestCaseExecutor.java:285)
	at com.kms.katalon.core.main.TestCaseExecutor.processExecutionPhase(TestCaseExecutor.java:264)
	at com.kms.katalon.core.main.TestCaseExecutor.accessMainPhase(TestCaseExecutor.java:256)
	at com.kms.katalon.core.main.TestCaseExecutor.execute(TestCaseExecutor.java:200)
	at com.kms.katalon.core.main.TestCaseMain.runTestCase(TestCaseMain.java:99)
	at com.kms.katalon.core.keyword.builtin.CallTestCaseKeyword$_callTestCase_closure1.doCall(CallTestCaseKeyword.groovy:60)
	at com.kms.katalon.core.keyword.builtin.CallTestCaseKeyword$_callTestCase_closure1.call(CallTestCaseKeyword.groovy)
	at com.kms.katalon.core.keyword.internal.KeywordMain.runKeyword(KeywordMain.groovy:54)
	at com.kms.katalon.core.keyword.builtin.CallTestCaseKeyword.callTestCase(CallTestCaseKeyword.groovy:81)
	at com.kms.katalon.core.keyword.builtin.CallTestCaseKeyword.execute(CallTestCaseKeyword.groovy:45)
	at com.kms.katalon.core.keyword.internal.KeywordExecutor.executeKeywordForPlatform(KeywordExecutor.groovy:53)
	at com.kms.katalon.core.keyword.BuiltinKeywords.callTestCase(BuiltinKeywords.groovy:334)
	at sun.reflect.GeneratedMethodAccessor13.invoke(Unknown Source)
	at sun.reflect.DelegatingMethodAccessorImpl.invoke(DelegatingMethodAccessorImpl.java:43)
	at java.lang.reflect.Method.invoke(Method.java:498)
	at org.codehaus.groovy.reflection.CachedMethod.invoke(CachedMethod.java:93)
	at groovy.lang.MetaMethod.doMethodInvoke(MetaMethod.java:325)
	at groovy.lang.MetaClassImpl.invokeStaticMethod(MetaClassImpl.java:1469)
	at org.codehaus.groovy.runtime.callsite.StaticMetaClassSite.call(StaticMetaClassSite.java:53)
	at org.codehaus.groovy.runtime.callsite.AbstractCallSite.call(AbstractCallSite.java:141)
	at Script1537866031818.run(Script1537866031818.groovy:33)
	at com.kms.katalon.core.main.ScriptEngine.run(ScriptEngine.java:183)
	at com.kms.katalon.core.main.ScriptEngine.runScriptAsRawText(ScriptEngine.java:108)
	at com.kms.katalon.core.main.TestCaseExecutor.runScript(TestCaseExecutor.java:294)
	at com.kms.katalon.core.main.TestCaseExecutor.doExecute(TestCaseExecutor.java:285)
	at com.kms.katalon.core.main.TestCaseExecutor.processExecutionPhase(TestCaseExecutor.java:264)
	at com.kms.katalon.core.main.TestCaseExecutor.accessMainPhase(TestCaseExecutor.java:256)
	at com.kms.katalon.core.main.TestCaseExecutor.execute(TestCaseExecutor.java:200)
	at com.kms.katalon.core.main.TestCaseMain.runTestCase(TestCaseMain.java:99)
	at com.kms.katalon.core.keyword.builtin.CallTestCaseKeyword$_callTestCase_closure1.doCall(CallTestCaseKeyword.groovy:60)
	at com.kms.katalon.core.keyword.builtin.CallTestCaseKeyword$_callTestCase_closure1.call(CallTestCaseKeyword.groovy)
	at com.kms.katalon.core.keyword.internal.KeywordMain.runKeyword(KeywordMain.groovy:54)
	at com.kms.katalon.core.keyword.builtin.CallTestCaseKeyword.callTestCase(CallTestCaseKeyword.groovy:81)
	at com.kms.katalon.core.keyword.builtin.CallTestCaseKeyword.execute(CallTestCaseKeyword.groovy:45)
	at com.kms.katalon.core.keyword.internal.KeywordExecutor.executeKeywordForPlatform(KeywordExecutor.groovy:53)
	at com.kms.katalon.core.keyword.BuiltinKeywords.callTestCase(BuiltinKeywords.groovy:334)
	at sun.reflect.GeneratedMethodAccessor13.invoke(Unknown Source)
	at sun.reflect.DelegatingMethodAccessorImpl.invoke(DelegatingMethodAccessorImpl.java:43)
	at java.lang.reflect.Method.invoke(Method.java:498)
	at org.codehaus.groovy.reflection.CachedMethod.invoke(CachedMethod.java:93)
	at groovy.lang.MetaMethod.doMethodInvoke(MetaMethod.java:325)
	at groovy.lang.MetaClassImpl.invokeStaticMethod(MetaClassImpl.java:1469)
	at org.codehaus.groovy.runtime.callsite.StaticMetaClassSite.call(StaticMetaClassSite.java:53)
	at org.codehaus.groovy.runtime.callsite.CallSiteArray.defaultCall(CallSiteArray.java:48)
	at org.codehaus.groovy.runtime.callsite.AbstractCallSite.call(AbstractCallSite.java:113)
	at org.codehaus.groovy.runtime.callsite.AbstractCallSite.call(AbstractCallSite.java:141)
	at Script1536300508627.run(Script1536300508627.groovy:24)
	at com.kms.katalon.core.main.ScriptEngine.run(ScriptEngine.java:183)
	at com.kms.katalon.core.main.ScriptEngine.runScriptAsRawText(ScriptEngine.java:108)
	at com.kms.katalon.core.main.TestCaseExecutor.runScript(TestCaseExecutor.java:294)
	at com.kms.katalon.core.main.TestCaseExecutor.doExecute(TestCaseExecutor.java:285)
	at com.kms.katalon.core.main.TestCaseExecutor.processExecutionPhase(TestCaseExecutor.java:264)
	at com.kms.katalon.core.main.TestCaseExecutor.accessMainPhase(TestCaseExecutor.java:256)
	at com.kms.katalon.core.main.TestCaseExecutor.execute(TestCaseExecutor.java:200)
	at com.kms.katalon.core.main.TestSuiteExecutor.accessTestCaseMainPhase(TestSuiteExecutor.java:129)
	at com.kms.katalon.core.main.TestSuiteExecutor.accessTestSuiteMainPhase(TestSuiteExecutor.java:112)
	at com.kms.katalon.core.main.TestSuiteExecutor.execute(TestSuiteExecutor.java:81)
	at com.kms.katalon.core.main.TestCaseMain.startTestSuite(TestCaseMain.java:142)
	at com.kms.katalon.core.main.TestCaseMain$startTestSuite$0.call(Unknown Source)
	at org.codehaus.groovy.runtime.callsite.CallSiteArray.defaultCall(CallSiteArray.java:48)
	at org.codehaus.groovy.runtime.callsite.AbstractCallSite.call(AbstractCallSite.java:113)
	at org.codehaus.groovy.runtime.callsite.AbstractCallSite.call(AbstractCallSite.java:141)
	at TempTestSuite1542874456978.run(TempTestSuite1542874456978.groovy:36)
	at groovy.lang.GroovyShell.runScriptOrMainOrTestOrRunnable(GroovyShell.java:263)
	at groovy.lang.GroovyShell.run(GroovyShell.java:518)
	at groovy.lang.GroovyShell.run(GroovyShell.java:507)
	at groovy.ui.GroovyMain.processOnce(GroovyMain.java:653)
	at groovy.ui.GroovyMain.run(GroovyMain.java:384)
	at groovy.ui.GroovyMain.process(GroovyMain.java:370)
	at groovy.ui.GroovyMain.processArgs(GroovyMain.java:129)
	at groovy.ui.GroovyMain.main(GroovyMain.java:109)
	at sun.reflect.NativeMethodAccessorImpl.invoke0(Native Method)
	at sun.reflect.NativeMethodAccessorImpl.invoke(NativeMethodAccessorImpl.java:62)
	at sun.reflect.DelegatingMethodAccessorImpl.invoke(DelegatingMethodAccessorImpl.java:43)
	at java.lang.reflect.Method.invoke(Method.java:498)
	at org.codehaus.groovy.tools.GroovyStarter.rootLoader(GroovyStarter.java:109)
	at org.codehaus.groovy.tools.GroovyStarter.main(GroovyStarter.java:131)
)]]></system-err>
      </testcase>
      <testcase name="Test Cases/Final Aug 2018 - PKS Automation/Registration Module/Workflow/Request SSN/PKRBO - RIO - RO (Under enforcement)" classname="Test Cases/Final Aug 2018 - PKS Automation/Registration Module/Workflow/Request SSN/PKRBO - RIO - RO (Under enforcement)" status="FAILED">
         <failure type="FAILED" message="(Stack trace: com.kms.katalon.core.exception.StepFailedException: Unable to click on object 'Object Repository/Final Object Repo/Landing Page/Select to English' (Root cause: com.kms.katalon.core.webui.exception.WebElementNotFoundException: Web element with id: 'Object Repository/Final Object Repo/Landing Page/Select to English' located by 'By.xpath: //a[@class = 'taglib-language-list-text' and @lang = 'en-US' and (contains(text(), 'EN') or contains(., 'EN'))]' not found)
	at com.kms.katalon.core.keyword.internal.KeywordMain.stepFailed(KeywordMain.groovy:32)
	at com.kms.katalon.core.webui.keyword.internal.WebUIKeywordMain.stepFailed(WebUIKeywordMain.groovy:65)
	at com.kms.katalon.core.webui.keyword.internal.WebUIKeywordMain.runKeyword(WebUIKeywordMain.groovy:27)
	at com.kms.katalon.core.webui.keyword.builtin.ClickKeyword.click(ClickKeyword.groovy:86)
	at com.kms.katalon.core.webui.keyword.builtin.ClickKeyword.execute(ClickKeyword.groovy:67)
	at com.kms.katalon.core.keyword.internal.KeywordExecutor.executeKeywordForPlatform(KeywordExecutor.groovy:53)
	at com.kms.katalon.core.webui.keyword.WebUiBuiltInKeywords.click(WebUiBuiltInKeywords.groovy:604)
	at com.kms.katalon.core.webui.keyword.WebUiBuiltInKeywords$click$13.call(Unknown Source)
	at Script1534407542420.run(Script1534407542420.groovy:57)
	at com.kms.katalon.core.main.ScriptEngine.run(ScriptEngine.java:183)
	at com.kms.katalon.core.main.ScriptEngine.runScriptAsRawText(ScriptEngine.java:108)
	at com.kms.katalon.core.main.TestCaseExecutor.runScript(TestCaseExecutor.java:294)
	at com.kms.katalon.core.main.TestCaseExecutor.doExecute(TestCaseExecutor.java:285)
	at com.kms.katalon.core.main.TestCaseExecutor.processExecutionPhase(TestCaseExecutor.java:264)
	at com.kms.katalon.core.main.TestCaseExecutor.accessMainPhase(TestCaseExecutor.java:256)
	at com.kms.katalon.core.main.TestCaseExecutor.execute(TestCaseExecutor.java:200)
	at com.kms.katalon.core.main.TestCaseMain.runTestCase(TestCaseMain.java:99)
	at com.kms.katalon.core.keyword.builtin.CallTestCaseKeyword$_callTestCase_closure1.doCall(CallTestCaseKeyword.groovy:60)
	at com.kms.katalon.core.keyword.builtin.CallTestCaseKeyword$_callTestCase_closure1.call(CallTestCaseKeyword.groovy)
	at com.kms.katalon.core.keyword.internal.KeywordMain.runKeyword(KeywordMain.groovy:54)
	at com.kms.katalon.core.keyword.builtin.CallTestCaseKeyword.callTestCase(CallTestCaseKeyword.groovy:81)
	at com.kms.katalon.core.keyword.builtin.CallTestCaseKeyword.execute(CallTestCaseKeyword.groovy:45)
	at com.kms.katalon.core.keyword.internal.KeywordExecutor.executeKeywordForPlatform(KeywordExecutor.groovy:53)
	at com.kms.katalon.core.keyword.BuiltinKeywords.callTestCase(BuiltinKeywords.groovy:334)
	at sun.reflect.GeneratedMethodAccessor13.invoke(Unknown Source)
	at sun.reflect.DelegatingMethodAccessorImpl.invoke(DelegatingMethodAccessorImpl.java:43)
	at java.lang.reflect.Method.invoke(Method.java:498)
	at org.codehaus.groovy.reflection.CachedMethod.invoke(CachedMethod.java:93)
	at groovy.lang.MetaMethod.doMethodInvoke(MetaMethod.java:325)
	at groovy.lang.MetaClassImpl.invokeStaticMethod(MetaClassImpl.java:1469)
	at org.codehaus.groovy.runtime.callsite.StaticMetaClassSite.call(StaticMetaClassSite.java:53)
	at org.codehaus.groovy.runtime.callsite.AbstractCallSite.call(AbstractCallSite.java:141)
	at Script1537866016330.run(Script1537866016330.groovy:33)
	at com.kms.katalon.core.main.ScriptEngine.run(ScriptEngine.java:183)
	at com.kms.katalon.core.main.ScriptEngine.runScriptAsRawText(ScriptEngine.java:108)
	at com.kms.katalon.core.main.TestCaseExecutor.runScript(TestCaseExecutor.java:294)
	at com.kms.katalon.core.main.TestCaseExecutor.doExecute(TestCaseExecutor.java:285)
	at com.kms.katalon.core.main.TestCaseExecutor.processExecutionPhase(TestCaseExecutor.java:264)
	at com.kms.katalon.core.main.TestCaseExecutor.accessMainPhase(TestCaseExecutor.java:256)
	at com.kms.katalon.core.main.TestCaseExecutor.execute(TestCaseExecutor.java:200)
	at com.kms.katalon.core.main.TestCaseMain.runTestCase(TestCaseMain.java:99)
	at com.kms.katalon.core.keyword.builtin.CallTestCaseKeyword$_callTestCase_closure1.doCall(CallTestCaseKeyword.groovy:60)
	at com.kms.katalon.core.keyword.builtin.CallTestCaseKeyword$_callTestCase_closure1.call(CallTestCaseKeyword.groovy)
	at com.kms.katalon.core.keyword.internal.KeywordMain.runKeyword(KeywordMain.groovy:54)
	at com.kms.katalon.core.keyword.builtin.CallTestCaseKeyword.callTestCase(CallTestCaseKeyword.groovy:81)
	at com.kms.katalon.core.keyword.builtin.CallTestCaseKeyword.execute(CallTestCaseKeyword.groovy:45)
	at com.kms.katalon.core.keyword.internal.KeywordExecutor.executeKeywordForPlatform(KeywordExecutor.groovy:53)
	at com.kms.katalon.core.keyword.BuiltinKeywords.callTestCase(BuiltinKeywords.groovy:334)
	at sun.reflect.GeneratedMethodAccessor13.invoke(Unknown Source)
	at sun.reflect.DelegatingMethodAccessorImpl.invoke(DelegatingMethodAccessorImpl.java:43)
	at java.lang.reflect.Method.invoke(Method.java:498)
	at org.codehaus.groovy.reflection.CachedMethod.invoke(CachedMethod.java:93)
	at groovy.lang.MetaMethod.doMethodInvoke(MetaMethod.java:325)
	at groovy.lang.MetaClassImpl.invokeStaticMethod(MetaClassImpl.java:1469)
	at org.codehaus.groovy.runtime.callsite.StaticMetaClassSite.call(StaticMetaClassSite.java:53)
	at org.codehaus.groovy.runtime.callsite.CallSiteArray.defaultCall(CallSiteArray.java:48)
	at org.codehaus.groovy.runtime.callsite.AbstractCallSite.call(AbstractCallSite.java:113)
	at org.codehaus.groovy.runtime.callsite.AbstractCallSite.call(AbstractCallSite.java:141)
	at Script1536300508633.run(Script1536300508633.groovy:24)
	at com.kms.katalon.core.main.ScriptEngine.run(ScriptEngine.java:183)
	at com.kms.katalon.core.main.ScriptEngine.runScriptAsRawText(ScriptEngine.java:108)
	at com.kms.katalon.core.main.TestCaseExecutor.runScript(TestCaseExecutor.java:294)
	at com.kms.katalon.core.main.TestCaseExecutor.doExecute(TestCaseExecutor.java:285)
	at com.kms.katalon.core.main.TestCaseExecutor.processExecutionPhase(TestCaseExecutor.java:264)
	at com.kms.katalon.core.main.TestCaseExecutor.accessMainPhase(TestCaseExecutor.java:256)
	at com.kms.katalon.core.main.TestCaseExecutor.execute(TestCaseExecutor.java:200)
	at com.kms.katalon.core.main.TestSuiteExecutor.accessTestCaseMainPhase(TestSuiteExecutor.java:129)
	at com.kms.katalon.core.main.TestSuiteExecutor.accessTestSuiteMainPhase(TestSuiteExecutor.java:112)
	at com.kms.katalon.core.main.TestSuiteExecutor.execute(TestSuiteExecutor.java:81)
	at com.kms.katalon.core.main.TestCaseMain.startTestSuite(TestCaseMain.java:142)
	at com.kms.katalon.core.main.TestCaseMain$startTestSuite$0.call(Unknown Source)
	at org.codehaus.groovy.runtime.callsite.CallSiteArray.defaultCall(CallSiteArray.java:48)
	at org.codehaus.groovy.runtime.callsite.AbstractCallSite.call(AbstractCallSite.java:113)
	at org.codehaus.groovy.runtime.callsite.AbstractCallSite.call(AbstractCallSite.java:141)
	at TempTestSuite1542874456978.run(TempTestSuite1542874456978.groovy:36)
	at groovy.lang.GroovyShell.runScriptOrMainOrTestOrRunnable(GroovyShell.java:263)
	at groovy.lang.GroovyShell.run(GroovyShell.java:518)
	at groovy.lang.GroovyShell.run(GroovyShell.java:507)
	at groovy.ui.GroovyMain.processOnce(GroovyMain.java:653)
	at groovy.ui.GroovyMain.run(GroovyMain.java:384)
	at groovy.ui.GroovyMain.process(GroovyMain.java:370)
	at groovy.ui.GroovyMain.processArgs(GroovyMain.java:129)
	at groovy.ui.GroovyMain.main(GroovyMain.java:109)
	at sun.reflect.NativeMethodAccessorImpl.invoke0(Native Method)
	at sun.reflect.NativeMethodAccessorImpl.invoke(NativeMethodAccessorImpl.java:62)
	at sun.reflect.DelegatingMethodAccessorImpl.invoke(DelegatingMethodAccessorImpl.java:43)
	at java.lang.reflect.Method.invoke(Method.java:498)
	at org.codehaus.groovy.tools.GroovyStarter.rootLoader(GroovyStarter.java:109)
	at org.codehaus.groovy.tools.GroovyStarter.main(GroovyStarter.java:131)
)"/>
         <system-out><![CDATA[2018-11-23 01:32:10 - [TEST_CASE][FAILED] - Test Cases/Final Aug 2018 - PKS Automation/Registration Module/Workflow/Request SSN/PKRBO - RIO - RO (Under enforcement): Test Cases/Final Aug 2018 - PKS Automation/Registration Module/Workflow/Request SSN/PKRBO - RIO - RO (Under enforcement) FAILED because (of) (Stack trace: com.kms.katalon.core.exception.StepFailedException: Unable to click on object 'Object Repository/Final Object Repo/Landing Page/Select to English' (Root cause: com.kms.katalon.core.webui.exception.WebElementNotFoundException: Web element with id: 'Object Repository/Final Object Repo/Landing Page/Select to English' located by 'By.xpath: //a[@class = 'taglib-language-list-text' and @lang = 'en-US' and (contains(text(), 'EN') or contains(., 'EN'))]' not found)
	at com.kms.katalon.core.keyword.internal.KeywordMain.stepFailed(KeywordMain.groovy:32)
	at com.kms.katalon.core.webui.keyword.internal.WebUIKeywordMain.stepFailed(WebUIKeywordMain.groovy:65)
	at com.kms.katalon.core.webui.keyword.internal.WebUIKeywordMain.runKeyword(WebUIKeywordMain.groovy:27)
	at com.kms.katalon.core.webui.keyword.builtin.ClickKeyword.click(ClickKeyword.groovy:86)
	at com.kms.katalon.core.webui.keyword.builtin.ClickKeyword.execute(ClickKeyword.groovy:67)
	at com.kms.katalon.core.keyword.internal.KeywordExecutor.executeKeywordForPlatform(KeywordExecutor.groovy:53)
	at com.kms.katalon.core.webui.keyword.WebUiBuiltInKeywords.click(WebUiBuiltInKeywords.groovy:604)
	at com.kms.katalon.core.webui.keyword.WebUiBuiltInKeywords$click$13.call(Unknown Source)
	at Script1534407542420.run(Script1534407542420.groovy:57)
	at com.kms.katalon.core.main.ScriptEngine.run(ScriptEngine.java:183)
	at com.kms.katalon.core.main.ScriptEngine.runScriptAsRawText(ScriptEngine.java:108)
	at com.kms.katalon.core.main.TestCaseExecutor.runScript(TestCaseExecutor.java:294)
	at com.kms.katalon.core.main.TestCaseExecutor.doExecute(TestCaseExecutor.java:285)
	at com.kms.katalon.core.main.TestCaseExecutor.processExecutionPhase(TestCaseExecutor.java:264)
	at com.kms.katalon.core.main.TestCaseExecutor.accessMainPhase(TestCaseExecutor.java:256)
	at com.kms.katalon.core.main.TestCaseExecutor.execute(TestCaseExecutor.java:200)
	at com.kms.katalon.core.main.TestCaseMain.runTestCase(TestCaseMain.java:99)
	at com.kms.katalon.core.keyword.builtin.CallTestCaseKeyword$_callTestCase_closure1.doCall(CallTestCaseKeyword.groovy:60)
	at com.kms.katalon.core.keyword.builtin.CallTestCaseKeyword$_callTestCase_closure1.call(CallTestCaseKeyword.groovy)
	at com.kms.katalon.core.keyword.internal.KeywordMain.runKeyword(KeywordMain.groovy:54)
	at com.kms.katalon.core.keyword.builtin.CallTestCaseKeyword.callTestCase(CallTestCaseKeyword.groovy:81)
	at com.kms.katalon.core.keyword.builtin.CallTestCaseKeyword.execute(CallTestCaseKeyword.groovy:45)
	at com.kms.katalon.core.keyword.internal.KeywordExecutor.executeKeywordForPlatform(KeywordExecutor.groovy:53)
	at com.kms.katalon.core.keyword.BuiltinKeywords.callTestCase(BuiltinKeywords.groovy:334)
	at sun.reflect.GeneratedMethodAccessor13.invoke(Unknown Source)
	at sun.reflect.DelegatingMethodAccessorImpl.invoke(DelegatingMethodAccessorImpl.java:43)
	at java.lang.reflect.Method.invoke(Method.java:498)
	at org.codehaus.groovy.reflection.CachedMethod.invoke(CachedMethod.java:93)
	at groovy.lang.MetaMethod.doMethodInvoke(MetaMethod.java:325)
	at groovy.lang.MetaClassImpl.invokeStaticMethod(MetaClassImpl.java:1469)
	at org.codehaus.groovy.runtime.callsite.StaticMetaClassSite.call(StaticMetaClassSite.java:53)
	at org.codehaus.groovy.runtime.callsite.AbstractCallSite.call(AbstractCallSite.java:141)
	at Script1537866016330.run(Script1537866016330.groovy:33)
	at com.kms.katalon.core.main.ScriptEngine.run(ScriptEngine.java:183)
	at com.kms.katalon.core.main.ScriptEngine.runScriptAsRawText(ScriptEngine.java:108)
	at com.kms.katalon.core.main.TestCaseExecutor.runScript(TestCaseExecutor.java:294)
	at com.kms.katalon.core.main.TestCaseExecutor.doExecute(TestCaseExecutor.java:285)
	at com.kms.katalon.core.main.TestCaseExecutor.processExecutionPhase(TestCaseExecutor.java:264)
	at com.kms.katalon.core.main.TestCaseExecutor.accessMainPhase(TestCaseExecutor.java:256)
	at com.kms.katalon.core.main.TestCaseExecutor.execute(TestCaseExecutor.java:200)
	at com.kms.katalon.core.main.TestCaseMain.runTestCase(TestCaseMain.java:99)
	at com.kms.katalon.core.keyword.builtin.CallTestCaseKeyword$_callTestCase_closure1.doCall(CallTestCaseKeyword.groovy:60)
	at com.kms.katalon.core.keyword.builtin.CallTestCaseKeyword$_callTestCase_closure1.call(CallTestCaseKeyword.groovy)
	at com.kms.katalon.core.keyword.internal.KeywordMain.runKeyword(KeywordMain.groovy:54)
	at com.kms.katalon.core.keyword.builtin.CallTestCaseKeyword.callTestCase(CallTestCaseKeyword.groovy:81)
	at com.kms.katalon.core.keyword.builtin.CallTestCaseKeyword.execute(CallTestCaseKeyword.groovy:45)
	at com.kms.katalon.core.keyword.internal.KeywordExecutor.executeKeywordForPlatform(KeywordExecutor.groovy:53)
	at com.kms.katalon.core.keyword.BuiltinKeywords.callTestCase(BuiltinKeywords.groovy:334)
	at sun.reflect.GeneratedMethodAccessor13.invoke(Unknown Source)
	at sun.reflect.DelegatingMethodAccessorImpl.invoke(DelegatingMethodAccessorImpl.java:43)
	at java.lang.reflect.Method.invoke(Method.java:498)
	at org.codehaus.groovy.reflection.CachedMethod.invoke(CachedMethod.java:93)
	at groovy.lang.MetaMethod.doMethodInvoke(MetaMethod.java:325)
	at groovy.lang.MetaClassImpl.invokeStaticMethod(MetaClassImpl.java:1469)
	at org.codehaus.groovy.runtime.callsite.StaticMetaClassSite.call(StaticMetaClassSite.java:53)
	at org.codehaus.groovy.runtime.callsite.CallSiteArray.defaultCall(CallSiteArray.java:48)
	at org.codehaus.groovy.runtime.callsite.AbstractCallSite.call(AbstractCallSite.java:113)
	at org.codehaus.groovy.runtime.callsite.AbstractCallSite.call(AbstractCallSite.java:141)
	at Script1536300508633.run(Script1536300508633.groovy:24)
	at com.kms.katalon.core.main.ScriptEngine.run(ScriptEngine.java:183)
	at com.kms.katalon.core.main.ScriptEngine.runScriptAsRawText(ScriptEngine.java:108)
	at com.kms.katalon.core.main.TestCaseExecutor.runScript(TestCaseExecutor.java:294)
	at com.kms.katalon.core.main.TestCaseExecutor.doExecute(TestCaseExecutor.java:285)
	at com.kms.katalon.core.main.TestCaseExecutor.processExecutionPhase(TestCaseExecutor.java:264)
	at com.kms.katalon.core.main.TestCaseExecutor.accessMainPhase(TestCaseExecutor.java:256)
	at com.kms.katalon.core.main.TestCaseExecutor.execute(TestCaseExecutor.java:200)
	at com.kms.katalon.core.main.TestSuiteExecutor.accessTestCaseMainPhase(TestSuiteExecutor.java:129)
	at com.kms.katalon.core.main.TestSuiteExecutor.accessTestSuiteMainPhase(TestSuiteExecutor.java:112)
	at com.kms.katalon.core.main.TestSuiteExecutor.execute(TestSuiteExecutor.java:81)
	at com.kms.katalon.core.main.TestCaseMain.startTestSuite(TestCaseMain.java:142)
	at com.kms.katalon.core.main.TestCaseMain$startTestSuite$0.call(Unknown Source)
	at org.codehaus.groovy.runtime.callsite.CallSiteArray.defaultCall(CallSiteArray.java:48)
	at org.codehaus.groovy.runtime.callsite.AbstractCallSite.call(AbstractCallSite.java:113)
	at org.codehaus.groovy.runtime.callsite.AbstractCallSite.call(AbstractCallSite.java:141)
	at TempTestSuite1542874456978.run(TempTestSuite1542874456978.groovy:36)
	at groovy.lang.GroovyShell.runScriptOrMainOrTestOrRunnable(GroovyShell.java:263)
	at groovy.lang.GroovyShell.run(GroovyShell.java:518)
	at groovy.lang.GroovyShell.run(GroovyShell.java:507)
	at groovy.ui.GroovyMain.processOnce(GroovyMain.java:653)
	at groovy.ui.GroovyMain.run(GroovyMain.java:384)
	at groovy.ui.GroovyMain.process(GroovyMain.java:370)
	at groovy.ui.GroovyMain.processArgs(GroovyMain.java:129)
	at groovy.ui.GroovyMain.main(GroovyMain.java:109)
	at sun.reflect.NativeMethodAccessorImpl.invoke0(Native Method)
	at sun.reflect.NativeMethodAccessorImpl.invoke(NativeMethodAccessorImpl.java:62)
	at sun.reflect.DelegatingMethodAccessorImpl.invoke(DelegatingMethodAccessorImpl.java:43)
	at java.lang.reflect.Method.invoke(Method.java:498)
	at org.codehaus.groovy.tools.GroovyStarter.rootLoader(GroovyStarter.java:109)
	at org.codehaus.groovy.tools.GroovyStarter.main(GroovyStarter.java:131)
)

2018-11-23 01:32:10 - [TEST_STEP][PASSED] - callTestCase: Call Test Case 'Test Cases/Final Aug 2018 - PKS Automation/Registration Module/Workflow/Request SSN/Template/Request SSN - PKRBO' successfully

2018-11-23 01:32:10 - [TEST_CASE][PASSED] - Test Cases/Final Aug 2018 - PKS Automation/Registration Module/Workflow/Request SSN/Template/Request SSN - PKRBO: Test Cases/Final Aug 2018 - PKS Automation/Registration Module/Workflow/Request SSN/Template/Request SSN - PKRBO

2018-11-23 01:32:10 - [TEST_STEP][PASSED] - openBrowser: Browser is opened with url: ''

2018-11-23 01:32:10 - [MESSAGE][WARNING] - A browser is already opened. Closing browser and opening a new one

2018-11-23 01:32:14 - [MESSAGE][PASSED] - Browser is opened with url: ''

2018-11-23 01:32:14 - [TEST_STEP][PASSED] - navigateToUrl: Navigate to 'https://assist2-uat.perkeso.gov.my/login' successfully

2018-11-23 01:32:15 - [MESSAGE][PASSED] - Navigate to 'https://assist2-uat.perkeso.gov.my/login' successfully

2018-11-23 01:32:15 - [TEST_STEP][PASSED] - setText: Text 'johorpkrbo1@gmail.com' is set on object 'Object Repository/Final Object Repo/Login Page/Internal User/Email Address'

2018-11-23 01:32:16 - [MESSAGE][PASSED] - Text 'johorpkrbo1@gmail.com' is set on object 'Object Repository/Final Object Repo/Login Page/Internal User/Email Address'

2018-11-23 01:32:16 - [TEST_STEP][PASSED] - click: Object: 'Object Repository/Final Object Repo/Login Page/Internal User/Next Button' is clicked on

2018-11-23 01:32:16 - [MESSAGE][PASSED] - Object: 'Object Repository/Final Object Repo/Login Page/Internal User/Next Button' is clicked on

2018-11-23 01:32:16 - [TEST_STEP][PASSED] - delay: Delayed 1 second(s)

2018-11-23 01:32:17 - [MESSAGE][PASSED] - Delayed 1 second(s)

2018-11-23 01:32:17 - [TEST_STEP][PASSED] - setEncryptedText: Text ****** has been set on object 'Object Repository/Final Object Repo/Login Page/Internal User/Password'

2018-11-23 01:32:17 - [MESSAGE][PASSED] - Text ****** has been set on object 'Object Repository/Final Object Repo/Login Page/Internal User/Password'

2018-11-23 01:32:17 - [TEST_STEP][PASSED] - click: Object: 'Object Repository/Final Object Repo/Login Page/Internal User/Login Button' is clicked on

2018-11-23 01:32:17 - [MESSAGE][PASSED] - Object: 'Object Repository/Final Object Repo/Login Page/Internal User/Login Button' is clicked on

2018-11-23 01:32:17 - [TEST_STEP][PASSED] - delay: Delayed 1 second(s)

2018-11-23 01:32:18 - [MESSAGE][PASSED] - Delayed 1 second(s)

2018-11-23 01:32:18 - [TEST_STEP][PASSED] - navigateToUrl: Navigate to 'https://assist2-uat.perkeso.gov.my/web/registration/request-ssn' successfully

2018-11-23 01:32:23 - [MESSAGE][PASSED] - Navigate to 'https://assist2-uat.perkeso.gov.my/web/registration/request-ssn' successfully

2018-11-23 01:32:23 - [TEST_STEP][PASSED] - setText: Text 'perkeso' is set on object 'Object Repository/Final Object Repo/Page_Request SSN - ASSIST/AI - Name'

2018-11-23 01:32:24 - [MESSAGE][PASSED] - Text 'perkeso' is set on object 'Object Repository/Final Object Repo/Page_Request SSN - ASSIST/AI - Name'

2018-11-23 01:32:24 - [TEST_STEP][PASSED] - click: Object: 'Object Repository/Final Object Repo/Page_Request SSN - ASSIST/AI - DOB' is clicked on

2018-11-23 01:32:24 - [MESSAGE][PASSED] - Object: 'Object Repository/Final Object Repo/Page_Request SSN - ASSIST/AI - DOB' is clicked on

2018-11-23 01:32:24 - [TEST_STEP][PASSED] - selectOptionByValue: All options with value '1995' are selected in object 'Object Repository/Final Object Repo/Page_Request SSN - ASSIST/AI - DOB - Year' 

2018-11-23 01:32:24 - [MESSAGE][PASSED] - All options with value '1995' are selected in object 'Object Repository/Final Object Repo/Page_Request SSN - ASSIST/AI - DOB - Year' 

2018-11-23 01:32:24 - [TEST_STEP][PASSED] - delay: Delayed 3 second(s)

2018-11-23 01:32:27 - [MESSAGE][PASSED] - Delayed 3 second(s)

2018-11-23 01:32:27 - [TEST_STEP][PASSED] - doubleClick: Object: 'Object Repository/Final Object Repo/Page_Request SSN - ASSIST/AI - DOB - Year - Date' is double clicked on

2018-11-23 01:32:28 - [MESSAGE][PASSED] - Object: 'Object Repository/Final Object Repo/Page_Request SSN - ASSIST/AI - DOB - Year - Date' is double clicked on

2018-11-23 01:32:28 - [TEST_STEP][PASSED] - click: Object: 'Object Repository/Final Object Repo/Page_Request SSN - ASSIST/AI - Male' is clicked on

2018-11-23 01:32:28 - [MESSAGE][PASSED] - Object: 'Object Repository/Final Object Repo/Page_Request SSN - ASSIST/AI - Male' is clicked on

2018-11-23 01:32:28 - [TEST_STEP][PASSED] - click: Object: 'Object Repository/Final Object Repo/Page_Request SSN - ASSIST/AI- Race' is clicked on

2018-11-23 01:32:28 - [MESSAGE][PASSED] - Object: 'Object Repository/Final Object Repo/Page_Request SSN - ASSIST/AI- Race' is clicked on

2018-11-23 01:32:28 - [TEST_STEP][PASSED] - click: Object: 'Object Repository/Final Object Repo/Page_Request SSN - ASSIST/AI - Race - Melayu' is clicked on

2018-11-23 01:32:28 - [MESSAGE][PASSED] - Object: 'Object Repository/Final Object Repo/Page_Request SSN - ASSIST/AI - Race - Melayu' is clicked on

2018-11-23 01:32:28 - [TEST_STEP][PASSED] - click: Object: 'Object Repository/Final Object Repo/Page_Request SSN - ASSIST/AI - Religion' is clicked on

2018-11-23 01:32:28 - [MESSAGE][PASSED] - Object: 'Object Repository/Final Object Repo/Page_Request SSN - ASSIST/AI - Religion' is clicked on

2018-11-23 01:32:28 - [TEST_STEP][PASSED] - click: Object: 'Object Repository/Final Object Repo/Page_Request SSN - ASSIST/AI - Religion - Islam' is clicked on

2018-11-23 01:32:29 - [MESSAGE][PASSED] - Object: 'Object Repository/Final Object Repo/Page_Request SSN - ASSIST/AI - Religion - Islam' is clicked on

2018-11-23 01:32:29 - [TEST_STEP][PASSED] - setText: Text '12345' is set on object 'Object Repository/Final Object Repo/Page_Request SSN - ASSIST/AI - Birth Certificate'

2018-11-23 01:32:29 - [MESSAGE][PASSED] - Text '12345' is set on object 'Object Repository/Final Object Repo/Page_Request SSN - ASSIST/AI - Birth Certificate'

2018-11-23 01:32:29 - [TEST_STEP][PASSED] - click: Object: 'Object Repository/Final Object Repo/Page_Request SSN - ASSIST/AI - Nationality' is clicked on

2018-11-23 01:32:30 - [MESSAGE][PASSED] - Object: 'Object Repository/Final Object Repo/Page_Request SSN - ASSIST/AI - Nationality' is clicked on

2018-11-23 01:32:30 - [TEST_STEP][PASSED] - click: Object: 'Object Repository/Final Object Repo/Page_Request SSN - ASSIST/AI - Nationality - Afghanistan' is clicked on

2018-11-23 01:32:30 - [MESSAGE][PASSED] - Object: 'Object Repository/Final Object Repo/Page_Request SSN - ASSIST/AI - Nationality - Afghanistan' is clicked on

2018-11-23 01:32:30 - [TEST_STEP][PASSED] - setText: Text 'PERKESO ADDRESS1' is set on object 'Object Repository/Final Object Repo/Page_Request SSN - ASSIST/AI - Address1'

2018-11-23 01:32:31 - [MESSAGE][PASSED] - Text 'PERKESO ADDRESS1' is set on object 'Object Repository/Final Object Repo/Page_Request SSN - ASSIST/AI - Address1'

2018-11-23 01:32:31 - [TEST_STEP][PASSED] - setText: Text 'PERKESO ADDRESS2' is set on object 'Object Repository/Final Object Repo/Page_Request SSN - ASSIST/AI - Address2'

2018-11-23 01:32:32 - [MESSAGE][PASSED] - Text 'PERKESO ADDRESS2' is set on object 'Object Repository/Final Object Repo/Page_Request SSN - ASSIST/AI - Address2'

2018-11-23 01:32:32 - [TEST_STEP][PASSED] - setText: Text 'PERKESO ADDRESS3' is set on object 'Object Repository/Final Object Repo/Page_Request SSN - ASSIST/AI - Address3'

2018-11-23 01:32:33 - [MESSAGE][PASSED] - Text 'PERKESO ADDRESS3' is set on object 'Object Repository/Final Object Repo/Page_Request SSN - ASSIST/AI - Address3'

2018-11-23 01:32:33 - [TEST_STEP][PASSED] - click: Object: 'Object Repository/Final Object Repo/Page_Request SSN - ASSIST/AI - State' is clicked on

2018-11-23 01:32:33 - [MESSAGE][PASSED] - Object: 'Object Repository/Final Object Repo/Page_Request SSN - ASSIST/AI - State' is clicked on

2018-11-23 01:32:33 - [TEST_STEP][PASSED] - click: Object: 'Object Repository/Final Object Repo/Page_Request SSN - ASSIST/AI - Current Employer State - Johor' is clicked on

2018-11-23 01:32:34 - [MESSAGE][PASSED] - Object: 'Object Repository/Final Object Repo/Page_Request SSN - ASSIST/AI - Current Employer State - Johor' is clicked on

2018-11-23 01:32:34 - [TEST_STEP][PASSED] - click: Object: 'Object Repository/Final Object Repo/Page_Request SSN - ASSIST/AI - City' is clicked on

2018-11-23 01:32:34 - [MESSAGE][PASSED] - Object: 'Object Repository/Final Object Repo/Page_Request SSN - ASSIST/AI - City' is clicked on

2018-11-23 01:32:34 - [TEST_STEP][PASSED] - setText: Text 'JOH' is set on object 'Object Repository/Final Object Repo/Page_Request SSN - ASSIST/AI - City - JOH'

2018-11-23 01:32:34 - [MESSAGE][PASSED] - Text 'JOH' is set on object 'Object Repository/Final Object Repo/Page_Request SSN - ASSIST/AI - City - JOH'

2018-11-23 01:32:34 - [TEST_STEP][PASSED] - delay: Delayed 3 second(s)

2018-11-23 01:32:37 - [MESSAGE][PASSED] - Delayed 3 second(s)

2018-11-23 01:32:37 - [TEST_STEP][PASSED] - click: Object: 'Object Repository/Final Object Repo/Page_Request SSN - ASSIST/AI - City - Johor Bharu' is clicked on

2018-11-23 01:32:38 - [MESSAGE][PASSED] - Object: 'Object Repository/Final Object Repo/Page_Request SSN - ASSIST/AI - City - Johor Bharu' is clicked on

2018-11-23 01:32:38 - [TEST_STEP][PASSED] - click: Object: 'Object Repository/Final Object Repo/Page_Request SSN - ASSIST/AI - Post Code' is clicked on

2018-11-23 01:32:38 - [MESSAGE][PASSED] - Object: 'Object Repository/Final Object Repo/Page_Request SSN - ASSIST/AI - Post Code' is clicked on

2018-11-23 01:32:38 - [TEST_STEP][PASSED] - setText: Text '810' is set on object 'Object Repository/Final Object Repo/Page_Request SSN - ASSIST/AI - City - JOH'

2018-11-23 01:32:39 - [MESSAGE][PASSED] - Text '810' is set on object 'Object Repository/Final Object Repo/Page_Request SSN - ASSIST/AI - City - JOH'

2018-11-23 01:32:39 - [TEST_STEP][PASSED] - delay: Delayed 3 second(s)

2018-11-23 01:32:42 - [MESSAGE][PASSED] - Delayed 3 second(s)

2018-11-23 01:32:42 - [TEST_STEP][PASSED] - click: Object: 'Object Repository/Final Object Repo/Page_Request SSN - ASSIST/AI - PostCode - 81000' is clicked on

2018-11-23 01:32:42 - [MESSAGE][PASSED] - Object: 'Object Repository/Final Object Repo/Page_Request SSN - ASSIST/AI - PostCode - 81000' is clicked on

2018-11-23 01:32:42 - [TEST_STEP][PASSED] - setText: Text '100' is set on object 'Object Repository/Final Object Repo/Page_Request SSN - ASSIST/P.O.BOX'

2018-11-23 01:32:42 - [MESSAGE][PASSED] - Text '100' is set on object 'Object Repository/Final Object Repo/Page_Request SSN - ASSIST/P.O.BOX'

2018-11-23 01:32:42 - [TEST_STEP][PASSED] - setText: Text '100' is set on object 'Object Repository/Final Object Repo/Page_Request SSN - ASSIST/Locked Bag No'

2018-11-23 01:32:43 - [MESSAGE][PASSED] - Text '100' is set on object 'Object Repository/Final Object Repo/Page_Request SSN - ASSIST/Locked Bag No'

2018-11-23 01:32:43 - [TEST_STEP][PASSED] - delay: Delayed 2 second(s)

2018-11-23 01:32:45 - [MESSAGE][PASSED] - Delayed 2 second(s)

2018-11-23 01:32:45 - [TEST_STEP][PASSED] - setText: Text '123456789' is set on object 'Object Repository/Final Object Repo/Page_Request SSN - ASSIST/AI - Telephone No'

2018-11-23 01:32:45 - [MESSAGE][PASSED] - Text '123456789' is set on object 'Object Repository/Final Object Repo/Page_Request SSN - ASSIST/AI - Telephone No'

2018-11-23 01:32:45 - [TEST_STEP][PASSED] - click: Object: 'Object Repository/Final Object Repo/Page_Request SSN - ASSIST/AI - Occupation' is clicked on

2018-11-23 01:32:46 - [MESSAGE][PASSED] - Object: 'Object Repository/Final Object Repo/Page_Request SSN - ASSIST/AI - Occupation' is clicked on

2018-11-23 01:32:46 - [TEST_STEP][PASSED] - click: Object: 'Object Repository/Final Object Repo/Page_Request SSN - ASSIST/AI - Occupation - NUMERICAL AND MATERIAL R' is clicked on

2018-11-23 01:32:46 - [MESSAGE][PASSED] - Object: 'Object Repository/Final Object Repo/Page_Request SSN - ASSIST/AI - Occupation - NUMERICAL AND MATERIAL R' is clicked on

2018-11-23 01:32:46 - [TEST_STEP][PASSED] - delay: Delayed 2 second(s)

2018-11-23 01:32:48 - [MESSAGE][PASSED] - Delayed 2 second(s)

2018-11-23 01:32:48 - [TEST_STEP][PASSED] - click: Object: 'Object Repository/Final Object Repo/Page_Request SSN - ASSIST/AI - Sub Occupation' is clicked on

2018-11-23 01:32:48 - [MESSAGE][PASSED] - Object: 'Object Repository/Final Object Repo/Page_Request SSN - ASSIST/AI - Sub Occupation' is clicked on

2018-11-23 01:32:48 - [TEST_STEP][PASSED] - click: Object: 'Object Repository/Final Object Repo/Page_Request SSN - ASSIST/AI - Sub Occupation - Stock Clerks' is clicked on

2018-11-23 01:32:48 - [MESSAGE][PASSED] - Object: 'Object Repository/Final Object Repo/Page_Request SSN - ASSIST/AI - Sub Occupation - Stock Clerks' is clicked on

2018-11-23 01:32:48 - [TEST_STEP][PASSED] - delay: Delayed 2 second(s)

2018-11-23 01:32:50 - [MESSAGE][PASSED] - Delayed 2 second(s)

2018-11-23 01:32:50 - [TEST_STEP][PASSED] - click: Object: 'Object Repository/Final Object Repo/Page_Request SSN - ASSIST/AI - Sub Occupation List' is clicked on

2018-11-23 01:32:51 - [MESSAGE][PASSED] - Object: 'Object Repository/Final Object Repo/Page_Request SSN - ASSIST/AI - Sub Occupation List' is clicked on

2018-11-23 01:32:51 - [TEST_STEP][PASSED] - click: Object: 'Object Repository/Final Object Repo/Page_Request SSN - ASSIST/AI - Sub Occupation List - Clerk raw material' is clicked on

2018-11-23 01:32:51 - [MESSAGE][PASSED] - Object: 'Object Repository/Final Object Repo/Page_Request SSN - ASSIST/AI - Sub Occupation List - Clerk raw material' is clicked on

2018-11-23 01:32:51 - [TEST_STEP][PASSED] - click: Object: 'Object Repository/Final Object Repo/Page_Request SSN - ASSIST/AI - Employment Start Date' is clicked on

2018-11-23 01:32:51 - [MESSAGE][PASSED] - Object: 'Object Repository/Final Object Repo/Page_Request SSN - ASSIST/AI - Employment Start Date' is clicked on

2018-11-23 01:32:51 - [TEST_STEP][PASSED] - click: Object: 'Object Repository/Final Object Repo/Page_Request SSN - ASSIST/AI - DOB - Year - Date' is clicked on

2018-11-23 01:32:51 - [MESSAGE][PASSED] - Object: 'Object Repository/Final Object Repo/Page_Request SSN - ASSIST/AI - DOB - Year - Date' is clicked on

2018-11-23 01:32:51 - [TEST_STEP][PASSED] - setText: Text 'perkeso' is set on object 'Object Repository/Final Object Repo/Page_Request SSN - ASSIST/AI - Current Employer Name'

2018-11-23 01:32:52 - [MESSAGE][PASSED] - Text 'perkeso' is set on object 'Object Repository/Final Object Repo/Page_Request SSN - ASSIST/AI - Current Employer Name'

2018-11-23 01:32:52 - [TEST_STEP][PASSED] - setText: Text 'perkeso1' is set on object 'Object Repository/Final Object Repo/Page_Request SSN - ASSIST/AI - Current Employer Address1'

2018-11-23 01:32:53 - [MESSAGE][PASSED] - Text 'perkeso1' is set on object 'Object Repository/Final Object Repo/Page_Request SSN - ASSIST/AI - Current Employer Address1'

2018-11-23 01:32:53 - [TEST_STEP][PASSED] - setText: Text 'perkeso2' is set on object 'Object Repository/Final Object Repo/Page_Request SSN - ASSIST/AI - Current Employer Address2'

2018-11-23 01:32:53 - [MESSAGE][PASSED] - Text 'perkeso2' is set on object 'Object Repository/Final Object Repo/Page_Request SSN - ASSIST/AI - Current Employer Address2'

2018-11-23 01:32:53 - [TEST_STEP][PASSED] - setText: Text 'perkeso3' is set on object 'Object Repository/Final Object Repo/Page_Request SSN - ASSIST/AI - Current Employer Address3'

2018-11-23 01:32:54 - [MESSAGE][PASSED] - Text 'perkeso3' is set on object 'Object Repository/Final Object Repo/Page_Request SSN - ASSIST/AI - Current Employer Address3'

2018-11-23 01:32:54 - [TEST_STEP][PASSED] - click: Object: 'Object Repository/Final Object Repo/Page_Request SSN - ASSIST/AI - Current Employer State' is clicked on

2018-11-23 01:32:54 - [MESSAGE][PASSED] - Object: 'Object Repository/Final Object Repo/Page_Request SSN - ASSIST/AI - Current Employer State' is clicked on

2018-11-23 01:32:54 - [TEST_STEP][PASSED] - click: Object: 'Object Repository/Final Object Repo/Page_Request SSN - ASSIST/AI - Current Employer State - Johor 1' is clicked on

2018-11-23 01:32:55 - [MESSAGE][PASSED] - Object: 'Object Repository/Final Object Repo/Page_Request SSN - ASSIST/AI - Current Employer State - Johor 1' is clicked on

2018-11-23 01:32:55 - [TEST_STEP][PASSED] - click: Object: 'Object Repository/Final Object Repo/Page_Request SSN - ASSIST/AI - Current Employer City' is clicked on

2018-11-23 01:32:55 - [MESSAGE][PASSED] - Object: 'Object Repository/Final Object Repo/Page_Request SSN - ASSIST/AI - Current Employer City' is clicked on

2018-11-23 01:32:55 - [TEST_STEP][PASSED] - setText: Text 'joh' is set on object 'Object Repository/Final Object Repo/Page_Request SSN - ASSIST/AI - City - JOH'

2018-11-23 01:32:55 - [MESSAGE][PASSED] - Text 'joh' is set on object 'Object Repository/Final Object Repo/Page_Request SSN - ASSIST/AI - City - JOH'

2018-11-23 01:32:55 - [TEST_STEP][PASSED] - delay: Delayed 2 second(s)

2018-11-23 01:32:57 - [MESSAGE][PASSED] - Delayed 2 second(s)

2018-11-23 01:32:57 - [TEST_STEP][PASSED] - click: Object: 'Object Repository/Final Object Repo/Page_Request SSN - ASSIST/AI - City - Johor Bharu' is clicked on

2018-11-23 01:32:58 - [MESSAGE][PASSED] - Object: 'Object Repository/Final Object Repo/Page_Request SSN - ASSIST/AI - City - Johor Bharu' is clicked on

2018-11-23 01:32:58 - [TEST_STEP][PASSED] - click: Object: 'Object Repository/Final Object Repo/Page_Request SSN - ASSIST/AI - Current Employer Postcode' is clicked on

2018-11-23 01:32:58 - [MESSAGE][PASSED] - Object: 'Object Repository/Final Object Repo/Page_Request SSN - ASSIST/AI - Current Employer Postcode' is clicked on

2018-11-23 01:32:58 - [TEST_STEP][PASSED] - setText: Text '810' is set on object 'Object Repository/Final Object Repo/Page_Request SSN - ASSIST/AI - City - JOH'

2018-11-23 01:32:58 - [MESSAGE][PASSED] - Text '810' is set on object 'Object Repository/Final Object Repo/Page_Request SSN - ASSIST/AI - City - JOH'

2018-11-23 01:32:58 - [TEST_STEP][PASSED] - delay: Delayed 2 second(s)

2018-11-23 01:33:00 - [MESSAGE][PASSED] - Delayed 2 second(s)

2018-11-23 01:33:00 - [TEST_STEP][PASSED] - click: Object: 'Object Repository/Final Object Repo/Page_Request SSN - ASSIST/AI - PostCode - 81000' is clicked on

2018-11-23 01:33:01 - [MESSAGE][PASSED] - Object: 'Object Repository/Final Object Repo/Page_Request SSN - ASSIST/AI - PostCode - 81000' is clicked on

2018-11-23 01:33:01 - [TEST_STEP][NOT_RUN] - setText: NOT_RUN: setText

2018-11-23 01:33:01 - [MESSAGE][NOT_RUN] - NOT_RUN: setText

2018-11-23 01:33:01 - [TEST_STEP][NOT_RUN] - setText: NOT_RUN: setText

2018-11-23 01:33:01 - [MESSAGE][NOT_RUN] - NOT_RUN: setText

2018-11-23 01:33:01 - [TEST_STEP][NOT_RUN] - click: NOT_RUN: click

2018-11-23 01:33:01 - [MESSAGE][NOT_RUN] - NOT_RUN: click

2018-11-23 01:33:01 - [TEST_STEP][NOT_RUN] - click: NOT_RUN: click

2018-11-23 01:33:01 - [MESSAGE][NOT_RUN] - NOT_RUN: click

2018-11-23 01:33:01 - [TEST_STEP][NOT_RUN] - setText: NOT_RUN: setText

2018-11-23 01:33:01 - [MESSAGE][NOT_RUN] - NOT_RUN: setText

2018-11-23 01:33:01 - [TEST_STEP][NOT_RUN] - click: NOT_RUN: click

2018-11-23 01:33:01 - [MESSAGE][NOT_RUN] - NOT_RUN: click

2018-11-23 01:33:01 - [TEST_STEP][NOT_RUN] - click: NOT_RUN: click

2018-11-23 01:33:01 - [MESSAGE][NOT_RUN] - NOT_RUN: click

2018-11-23 01:33:01 - [TEST_STEP][NOT_RUN] - click: NOT_RUN: click

2018-11-23 01:33:01 - [MESSAGE][NOT_RUN] - NOT_RUN: click

2018-11-23 01:33:01 - [TEST_STEP][NOT_RUN] - click: NOT_RUN: click

2018-11-23 01:33:01 - [MESSAGE][NOT_RUN] - NOT_RUN: click

2018-11-23 01:33:01 - [TEST_STEP][NOT_RUN] - click: NOT_RUN: click

2018-11-23 01:33:01 - [MESSAGE][NOT_RUN] - NOT_RUN: click

2018-11-23 01:33:01 - [TEST_STEP][NOT_RUN] - click: NOT_RUN: click

2018-11-23 01:33:01 - [MESSAGE][NOT_RUN] - NOT_RUN: click

2018-11-23 01:33:01 - [TEST_STEP][NOT_RUN] - setText: NOT_RUN: setText

2018-11-23 01:33:01 - [MESSAGE][NOT_RUN] - NOT_RUN: setText

2018-11-23 01:33:01 - [TEST_STEP][NOT_RUN] - setText: NOT_RUN: setText

2018-11-23 01:33:01 - [MESSAGE][NOT_RUN] - NOT_RUN: setText

2018-11-23 01:33:01 - [TEST_STEP][NOT_RUN] - setText: NOT_RUN: setText

2018-11-23 01:33:01 - [MESSAGE][NOT_RUN] - NOT_RUN: setText

2018-11-23 01:33:01 - [TEST_STEP][NOT_RUN] - click: NOT_RUN: click

2018-11-23 01:33:01 - [MESSAGE][NOT_RUN] - NOT_RUN: click

2018-11-23 01:33:01 - [TEST_STEP][NOT_RUN] - click: NOT_RUN: click

2018-11-23 01:33:01 - [MESSAGE][NOT_RUN] - NOT_RUN: click

2018-11-23 01:33:01 - [TEST_STEP][NOT_RUN] - click: NOT_RUN: click

2018-11-23 01:33:01 - [MESSAGE][NOT_RUN] - NOT_RUN: click

2018-11-23 01:33:01 - [TEST_STEP][NOT_RUN] - setText: NOT_RUN: setText

2018-11-23 01:33:01 - [MESSAGE][NOT_RUN] - NOT_RUN: setText

2018-11-23 01:33:01 - [TEST_STEP][NOT_RUN] - delay: NOT_RUN: delay

2018-11-23 01:33:01 - [MESSAGE][NOT_RUN] - NOT_RUN: delay

2018-11-23 01:33:01 - [TEST_STEP][NOT_RUN] - click: NOT_RUN: click

2018-11-23 01:33:01 - [MESSAGE][NOT_RUN] - NOT_RUN: click

2018-11-23 01:33:01 - [TEST_STEP][NOT_RUN] - click: NOT_RUN: click

2018-11-23 01:33:01 - [MESSAGE][NOT_RUN] - NOT_RUN: click

2018-11-23 01:33:01 - [TEST_STEP][NOT_RUN] - click: NOT_RUN: click

2018-11-23 01:33:01 - [MESSAGE][NOT_RUN] - NOT_RUN: click

2018-11-23 01:33:01 - [TEST_STEP][NOT_RUN] - setText: NOT_RUN: setText

2018-11-23 01:33:01 - [MESSAGE][NOT_RUN] - NOT_RUN: setText

2018-11-23 01:33:01 - [TEST_STEP][NOT_RUN] - delay: NOT_RUN: delay

2018-11-23 01:33:01 - [MESSAGE][NOT_RUN] - NOT_RUN: delay

2018-11-23 01:33:01 - [TEST_STEP][NOT_RUN] - click: NOT_RUN: click

2018-11-23 01:33:01 - [MESSAGE][NOT_RUN] - NOT_RUN: click

2018-11-23 01:33:01 - [TEST_STEP][NOT_RUN] - delay: NOT_RUN: delay

2018-11-23 01:33:01 - [MESSAGE][NOT_RUN] - NOT_RUN: delay

2018-11-23 01:33:01 - [TEST_STEP][NOT_RUN] - setText: NOT_RUN: setText

2018-11-23 01:33:01 - [MESSAGE][NOT_RUN] - NOT_RUN: setText

2018-11-23 01:33:01 - [TEST_STEP][NOT_RUN] - setText: NOT_RUN: setText

2018-11-23 01:33:01 - [MESSAGE][NOT_RUN] - NOT_RUN: setText

2018-11-23 01:33:01 - [TEST_STEP][NOT_RUN] - setText: NOT_RUN: setText

2018-11-23 01:33:01 - [MESSAGE][NOT_RUN] - NOT_RUN: setText

2018-11-23 01:33:01 - [TEST_STEP][NOT_RUN] - click: NOT_RUN: click

2018-11-23 01:33:01 - [MESSAGE][NOT_RUN] - NOT_RUN: click

2018-11-23 01:33:01 - [TEST_STEP][NOT_RUN] - click: NOT_RUN: click

2018-11-23 01:33:01 - [MESSAGE][NOT_RUN] - NOT_RUN: click

2018-11-23 01:33:01 - [TEST_STEP][NOT_RUN] - setText: NOT_RUN: setText

2018-11-23 01:33:01 - [MESSAGE][NOT_RUN] - NOT_RUN: setText

2018-11-23 01:33:01 - [TEST_STEP][NOT_RUN] - click: NOT_RUN: click

2018-11-23 01:33:01 - [MESSAGE][NOT_RUN] - NOT_RUN: click

2018-11-23 01:33:01 - [TEST_STEP][NOT_RUN] - click: NOT_RUN: click

2018-11-23 01:33:01 - [MESSAGE][NOT_RUN] - NOT_RUN: click

2018-11-23 01:33:01 - [TEST_STEP][NOT_RUN] - click: NOT_RUN: click

2018-11-23 01:33:01 - [MESSAGE][NOT_RUN] - NOT_RUN: click

2018-11-23 01:33:01 - [TEST_STEP][NOT_RUN] - click: NOT_RUN: click

2018-11-23 01:33:01 - [MESSAGE][NOT_RUN] - NOT_RUN: click

2018-11-23 01:33:01 - [TEST_STEP][NOT_RUN] - click: NOT_RUN: click

2018-11-23 01:33:01 - [MESSAGE][NOT_RUN] - NOT_RUN: click

2018-11-23 01:33:01 - [TEST_STEP][NOT_RUN] - click: NOT_RUN: click

2018-11-23 01:33:01 - [MESSAGE][NOT_RUN] - NOT_RUN: click

2018-11-23 01:33:01 - [TEST_STEP][NOT_RUN] - setText: NOT_RUN: setText

2018-11-23 01:33:01 - [MESSAGE][NOT_RUN] - NOT_RUN: setText

2018-11-23 01:33:01 - [TEST_STEP][NOT_RUN] - setText: NOT_RUN: setText

2018-11-23 01:33:01 - [MESSAGE][NOT_RUN] - NOT_RUN: setText

2018-11-23 01:33:01 - [TEST_STEP][NOT_RUN] - setText: NOT_RUN: setText

2018-11-23 01:33:01 - [MESSAGE][NOT_RUN] - NOT_RUN: setText

2018-11-23 01:33:01 - [TEST_STEP][NOT_RUN] - click: NOT_RUN: click

2018-11-23 01:33:01 - [MESSAGE][NOT_RUN] - NOT_RUN: click

2018-11-23 01:33:01 - [TEST_STEP][NOT_RUN] - click: NOT_RUN: click

2018-11-23 01:33:01 - [MESSAGE][NOT_RUN] - NOT_RUN: click

2018-11-23 01:33:01 - [TEST_STEP][NOT_RUN] - click: NOT_RUN: click

2018-11-23 01:33:01 - [MESSAGE][NOT_RUN] - NOT_RUN: click

2018-11-23 01:33:01 - [TEST_STEP][NOT_RUN] - delay: NOT_RUN: delay

2018-11-23 01:33:01 - [MESSAGE][NOT_RUN] - NOT_RUN: delay

2018-11-23 01:33:01 - [TEST_STEP][NOT_RUN] - setText: NOT_RUN: setText

2018-11-23 01:33:01 - [MESSAGE][NOT_RUN] - NOT_RUN: setText

2018-11-23 01:33:01 - [TEST_STEP][NOT_RUN] - delay: NOT_RUN: delay

2018-11-23 01:33:01 - [MESSAGE][NOT_RUN] - NOT_RUN: delay

2018-11-23 01:33:01 - [TEST_STEP][NOT_RUN] - click: NOT_RUN: click

2018-11-23 01:33:01 - [MESSAGE][NOT_RUN] - NOT_RUN: click

2018-11-23 01:33:01 - [TEST_STEP][NOT_RUN] - doubleClick: NOT_RUN: doubleClick

2018-11-23 01:33:01 - [MESSAGE][NOT_RUN] - NOT_RUN: doubleClick

2018-11-23 01:33:01 - [TEST_STEP][NOT_RUN] - click: NOT_RUN: click

2018-11-23 01:33:01 - [MESSAGE][NOT_RUN] - NOT_RUN: click

2018-11-23 01:33:01 - [TEST_STEP][NOT_RUN] - setText: NOT_RUN: setText

2018-11-23 01:33:01 - [MESSAGE][NOT_RUN] - NOT_RUN: setText

2018-11-23 01:33:01 - [TEST_STEP][NOT_RUN] - delay: NOT_RUN: delay

2018-11-23 01:33:01 - [MESSAGE][NOT_RUN] - NOT_RUN: delay

2018-11-23 01:33:01 - [TEST_STEP][NOT_RUN] - click: NOT_RUN: click

2018-11-23 01:33:01 - [MESSAGE][NOT_RUN] - NOT_RUN: click

2018-11-23 01:33:01 - [TEST_STEP][NOT_RUN] - delay: NOT_RUN: delay

2018-11-23 01:33:01 - [MESSAGE][NOT_RUN] - NOT_RUN: delay

2018-11-23 01:33:01 - [TEST_STEP][NOT_RUN] - setText: NOT_RUN: setText

2018-11-23 01:33:01 - [MESSAGE][NOT_RUN] - NOT_RUN: setText

2018-11-23 01:33:01 - [TEST_STEP][PASSED] - click: Object: 'Object Repository/Final Object Repo/Page_Request SSN - ASSIST/Save  Continue' is clicked on

2018-11-23 01:33:01 - [MESSAGE][PASSED] - Object: 'Object Repository/Final Object Repo/Page_Request SSN - ASSIST/Save  Continue' is clicked on

2018-11-23 01:33:01 - [TEST_STEP][PASSED] - delay: Delayed 3 second(s)

2018-11-23 01:33:04 - [MESSAGE][PASSED] - Delayed 3 second(s)

2018-11-23 01:33:04 - [TEST_STEP][PASSED] - Statement - CaseReferenceNo = com.kms.katalon.core.webui.keyword.WebUiBuiltInKeywords.getText(com.kms.katalon.core.testobject.ObjectRepository.findTestObject(Final Object Repo/Page_Request SSN - ASSIST/Reference Number in Uploading Page)): Text of object 'Object Repository/Final Object Repo/Page_Request SSN - ASSIST/Reference Number in Uploading Page' is: 'SSN11201800001138'

2018-11-23 01:33:04 - [MESSAGE][PASSED] - Text of object 'Object Repository/Final Object Repo/Page_Request SSN - ASSIST/Reference Number in Uploading Page' is: 'SSN11201800001138'

2018-11-23 01:33:04 - [TEST_STEP][PASSED] - callTestCase: Call Test Case 'Test Cases/Final Aug 2018 - PKS Automation/Common/Reference Number Setter' successfully

2018-11-23 01:33:04 - [TEST_CASE][PASSED] - Test Cases/Final Aug 2018 - PKS Automation/Common/Reference Number Setter: Test Cases/Final Aug 2018 - PKS Automation/Common/Reference Number Setter

2018-11-23 01:33:04 - [TEST_STEP][PASSED] - Statement - RefNoOldFile = new java.io.File(C://Users//Admin//Desktop//PKS//Automation Reference Point//KatalonReference.txt): null

2018-11-23 01:33:04 - [TEST_STEP][PASSED] - Statement - RefNoOldFile.delete(): null

2018-11-23 01:33:04 - [TEST_STEP][PASSED] - delay: Delayed 5 second(s)

2018-11-23 01:33:09 - [MESSAGE][PASSED] - Delayed 5 second(s)

2018-11-23 01:33:09 - [TEST_STEP][PASSED] - Statement - RefNo = new java.io.File(C://Users//Admin//Desktop//PKS//Automation Reference Point//KatalonReference.txt): null

2018-11-23 01:33:09 - [TEST_STEP][PASSED] - Statement - f2 = new java.io.FileWriter(RefNo, false): null

2018-11-23 01:33:09 - [TEST_STEP][PASSED] - Statement - f2.write(CaseReferenceNo): null

2018-11-23 01:33:09 - [TEST_STEP][PASSED] - Statement - f2.close(): null

2018-11-23 01:33:09 - [TEST_STEP][PASSED] - Statement - out.println("


" + CaseReferenceNo + "


"): null

2018-11-23 01:33:09 - [MESSAGE][PASSED] - Call Test Case 'Test Cases/Final Aug 2018 - PKS Automation/Common/Reference Number Setter' successfully

2018-11-23 01:33:09 - [TEST_STEP][PASSED] - click: Object: 'Object Repository/Final Object Repo/Page_Request SSN - ASSIST/Add Document Button' is clicked on

2018-11-23 01:33:10 - [MESSAGE][PASSED] - Object: 'Object Repository/Final Object Repo/Page_Request SSN - ASSIST/Add Document Button' is clicked on

2018-11-23 01:33:10 - [TEST_STEP][PASSED] - delay: Delayed 2 second(s)

2018-11-23 01:33:12 - [MESSAGE][PASSED] - Delayed 2 second(s)

2018-11-23 01:33:12 - [TEST_STEP][PASSED] - click: Object: 'Object Repository/Final Object Repo/Page_Request SSN - ASSIST/Document Type' is clicked on

2018-11-23 01:33:13 - [MESSAGE][PASSED] - Object: 'Object Repository/Final Object Repo/Page_Request SSN - ASSIST/Document Type' is clicked on

2018-11-23 01:33:13 - [TEST_STEP][PASSED] - click: Object: 'Object Repository/Final Object Repo/Page_Request SSN - ASSIST/Document Type - Birth Certificate' is clicked on

2018-11-23 01:33:13 - [MESSAGE][PASSED] - Object: 'Object Repository/Final Object Repo/Page_Request SSN - ASSIST/Document Type - Birth Certificate' is clicked on

2018-11-23 01:33:13 - [TEST_STEP][PASSED] - sendKeys: Keys 'C:\Users\Public\Pictures\Sample Pictures\Koala.jpg' sent to object: 'Object Repository/Final Object Repo/Page_Request SSN - ASSIST/Upload File'

2018-11-23 01:33:13 - [MESSAGE][PASSED] - Keys 'C:\Users\Public\Pictures\Sample Pictures\Koala.jpg' sent to object: 'Object Repository/Final Object Repo/Page_Request SSN - ASSIST/Upload File'

2018-11-23 01:33:13 - [TEST_STEP][PASSED] - click: Object: 'Object Repository/Final Object Repo/Page_Request SSN - ASSIST/Add Document' is clicked on

2018-11-23 01:33:13 - [MESSAGE][PASSED] - Object: 'Object Repository/Final Object Repo/Page_Request SSN - ASSIST/Add Document' is clicked on

2018-11-23 01:33:13 - [TEST_STEP][PASSED] - delay: Delayed 20 second(s)

2018-11-23 01:33:33 - [MESSAGE][PASSED] - Delayed 20 second(s)

2018-11-23 01:33:33 - [TEST_STEP][PASSED] - click: Object: 'Object Repository/Final Object Repo/Page_Request SSN - ASSIST/Save  Continue in Uploading Document Page' is clicked on

2018-11-23 01:33:34 - [MESSAGE][PASSED] - Object: 'Object Repository/Final Object Repo/Page_Request SSN - ASSIST/Save  Continue in Uploading Document Page' is clicked on

2018-11-23 01:33:34 - [TEST_STEP][PASSED] - delay: Delayed 2 second(s)

2018-11-23 01:33:36 - [MESSAGE][PASSED] - Delayed 2 second(s)

2018-11-23 01:33:36 - [TEST_STEP][PASSED] - click: Object: 'Object Repository/Final Object Repo/Page_Request SSN - ASSIST/Submit' is clicked on

2018-11-23 01:33:38 - [MESSAGE][PASSED] - Object: 'Object Repository/Final Object Repo/Page_Request SSN - ASSIST/Submit' is clicked on

2018-11-23 01:33:38 - [TEST_STEP][PASSED] - delay: Delayed 2 second(s)

2018-11-23 01:33:40 - [MESSAGE][PASSED] - Delayed 2 second(s)

2018-11-23 01:33:40 - [TEST_STEP][PASSED] - click: Object: 'Object Repository/Final Object Repo/Page_Request SSN - ASSIST/Confirm' is clicked on

2018-11-23 01:33:41 - [MESSAGE][PASSED] - Object: 'Object Repository/Final Object Repo/Page_Request SSN - ASSIST/Confirm' is clicked on

2018-11-23 01:33:41 - [TEST_STEP][PASSED] - delay: Delayed 2 second(s)

2018-11-23 01:33:43 - [MESSAGE][PASSED] - Delayed 2 second(s)

2018-11-23 01:33:43 - [TEST_STEP][PASSED] - verifyElementVisible: Object 'Object Repository/Final Object Repo/Page_Request SSN - ASSIST/Message This Case will be routed to RIO' is visible

2018-11-23 01:33:48 - [MESSAGE][PASSED] - Object 'Object Repository/Final Object Repo/Page_Request SSN - ASSIST/Message This Case will be routed to RIO' is visible

2018-11-23 01:33:48 - [TEST_STEP][PASSED] - delay: Delayed 2 second(s)

2018-11-23 01:33:50 - [MESSAGE][PASSED] - Delayed 2 second(s)

2018-11-23 01:33:50 - [TEST_STEP][PASSED] - verifyElementVisible: Object 'Object Repository/Final Object Repo/Page_Request SSN - ASSIST/Letter of acknowledgement' is visible

2018-11-23 01:33:50 - [MESSAGE][PASSED] - Object 'Object Repository/Final Object Repo/Page_Request SSN - ASSIST/Letter of acknowledgement' is visible

2018-11-23 01:33:50 - [MESSAGE][PASSED] - Call Test Case 'Test Cases/Final Aug 2018 - PKS Automation/Registration Module/Workflow/Request SSN/Template/Request SSN - PKRBO' successfully

2018-11-23 01:33:50 - [TEST_STEP][FAILED] - callTestCase: Unable to call Test Case with id 'Test Cases/Final Aug 2018 - PKS Automation/Registration Module/Workflow/Request SSN/Template/Request SSN RIO - RO (Under Enforcement)' (Root cause: Call Test Case 'Test Cases/Final Aug 2018 - PKS Automation/Registration Module/Workflow/Request SSN/Template/Request SSN RIO - RO (Under Enforcement)' failed)

2018-11-23 01:33:50 - [TEST_CASE][FAILED] - Test Cases/Final Aug 2018 - PKS Automation/Registration Module/Workflow/Request SSN/Template/Request SSN RIO - RO (Under Enforcement): Test Cases/Final Aug 2018 - PKS Automation/Registration Module/Workflow/Request SSN/Template/Request SSN RIO - RO (Under Enforcement) FAILED because (of) (Stack trace: com.kms.katalon.core.exception.StepFailedException: Unable to click on object 'Object Repository/Final Object Repo/Landing Page/Select to English' (Root cause: com.kms.katalon.core.webui.exception.WebElementNotFoundException: Web element with id: 'Object Repository/Final Object Repo/Landing Page/Select to English' located by 'By.xpath: //a[@class = 'taglib-language-list-text' and @lang = 'en-US' and (contains(text(), 'EN') or contains(., 'EN'))]' not found)
	at com.kms.katalon.core.keyword.internal.KeywordMain.stepFailed(KeywordMain.groovy:32)
	at com.kms.katalon.core.webui.keyword.internal.WebUIKeywordMain.stepFailed(WebUIKeywordMain.groovy:65)
	at com.kms.katalon.core.webui.keyword.internal.WebUIKeywordMain.runKeyword(WebUIKeywordMain.groovy:27)
	at com.kms.katalon.core.webui.keyword.builtin.ClickKeyword.click(ClickKeyword.groovy:86)
	at com.kms.katalon.core.webui.keyword.builtin.ClickKeyword.execute(ClickKeyword.groovy:67)
	at com.kms.katalon.core.keyword.internal.KeywordExecutor.executeKeywordForPlatform(KeywordExecutor.groovy:53)
	at com.kms.katalon.core.webui.keyword.WebUiBuiltInKeywords.click(WebUiBuiltInKeywords.groovy:604)
	at com.kms.katalon.core.webui.keyword.WebUiBuiltInKeywords$click$13.call(Unknown Source)
	at Script1534407542420.run(Script1534407542420.groovy:57)
	at com.kms.katalon.core.main.ScriptEngine.run(ScriptEngine.java:183)
	at com.kms.katalon.core.main.ScriptEngine.runScriptAsRawText(ScriptEngine.java:108)
	at com.kms.katalon.core.main.TestCaseExecutor.runScript(TestCaseExecutor.java:294)
	at com.kms.katalon.core.main.TestCaseExecutor.doExecute(TestCaseExecutor.java:285)
	at com.kms.katalon.core.main.TestCaseExecutor.processExecutionPhase(TestCaseExecutor.java:264)
	at com.kms.katalon.core.main.TestCaseExecutor.accessMainPhase(TestCaseExecutor.java:256)
	at com.kms.katalon.core.main.TestCaseExecutor.execute(TestCaseExecutor.java:200)
	at com.kms.katalon.core.main.TestCaseMain.runTestCase(TestCaseMain.java:99)
	at com.kms.katalon.core.keyword.builtin.CallTestCaseKeyword$_callTestCase_closure1.doCall(CallTestCaseKeyword.groovy:60)
	at com.kms.katalon.core.keyword.builtin.CallTestCaseKeyword$_callTestCase_closure1.call(CallTestCaseKeyword.groovy)
	at com.kms.katalon.core.keyword.internal.KeywordMain.runKeyword(KeywordMain.groovy:54)
	at com.kms.katalon.core.keyword.builtin.CallTestCaseKeyword.callTestCase(CallTestCaseKeyword.groovy:81)
	at com.kms.katalon.core.keyword.builtin.CallTestCaseKeyword.execute(CallTestCaseKeyword.groovy:45)
	at com.kms.katalon.core.keyword.internal.KeywordExecutor.executeKeywordForPlatform(KeywordExecutor.groovy:53)
	at com.kms.katalon.core.keyword.BuiltinKeywords.callTestCase(BuiltinKeywords.groovy:334)
	at sun.reflect.GeneratedMethodAccessor13.invoke(Unknown Source)
	at sun.reflect.DelegatingMethodAccessorImpl.invoke(DelegatingMethodAccessorImpl.java:43)
	at java.lang.reflect.Method.invoke(Method.java:498)
	at org.codehaus.groovy.reflection.CachedMethod.invoke(CachedMethod.java:93)
	at groovy.lang.MetaMethod.doMethodInvoke(MetaMethod.java:325)
	at groovy.lang.MetaClassImpl.invokeStaticMethod(MetaClassImpl.java:1469)
	at org.codehaus.groovy.runtime.callsite.StaticMetaClassSite.call(StaticMetaClassSite.java:53)
	at org.codehaus.groovy.runtime.callsite.AbstractCallSite.call(AbstractCallSite.java:141)
	at Script1537866016330.run(Script1537866016330.groovy:33)
	at com.kms.katalon.core.main.ScriptEngine.run(ScriptEngine.java:183)
	at com.kms.katalon.core.main.ScriptEngine.runScriptAsRawText(ScriptEngine.java:108)
	at com.kms.katalon.core.main.TestCaseExecutor.runScript(TestCaseExecutor.java:294)
	at com.kms.katalon.core.main.TestCaseExecutor.doExecute(TestCaseExecutor.java:285)
	at com.kms.katalon.core.main.TestCaseExecutor.processExecutionPhase(TestCaseExecutor.java:264)
	at com.kms.katalon.core.main.TestCaseExecutor.accessMainPhase(TestCaseExecutor.java:256)
	at com.kms.katalon.core.main.TestCaseExecutor.execute(TestCaseExecutor.java:200)
	at com.kms.katalon.core.main.TestCaseMain.runTestCase(TestCaseMain.java:99)
	at com.kms.katalon.core.keyword.builtin.CallTestCaseKeyword$_callTestCase_closure1.doCall(CallTestCaseKeyword.groovy:60)
	at com.kms.katalon.core.keyword.builtin.CallTestCaseKeyword$_callTestCase_closure1.call(CallTestCaseKeyword.groovy)
	at com.kms.katalon.core.keyword.internal.KeywordMain.runKeyword(KeywordMain.groovy:54)
	at com.kms.katalon.core.keyword.builtin.CallTestCaseKeyword.callTestCase(CallTestCaseKeyword.groovy:81)
	at com.kms.katalon.core.keyword.builtin.CallTestCaseKeyword.execute(CallTestCaseKeyword.groovy:45)
	at com.kms.katalon.core.keyword.internal.KeywordExecutor.executeKeywordForPlatform(KeywordExecutor.groovy:53)
	at com.kms.katalon.core.keyword.BuiltinKeywords.callTestCase(BuiltinKeywords.groovy:334)
	at sun.reflect.GeneratedMethodAccessor13.invoke(Unknown Source)
	at sun.reflect.DelegatingMethodAccessorImpl.invoke(DelegatingMethodAccessorImpl.java:43)
	at java.lang.reflect.Method.invoke(Method.java:498)
	at org.codehaus.groovy.reflection.CachedMethod.invoke(CachedMethod.java:93)
	at groovy.lang.MetaMethod.doMethodInvoke(MetaMethod.java:325)
	at groovy.lang.MetaClassImpl.invokeStaticMethod(MetaClassImpl.java:1469)
	at org.codehaus.groovy.runtime.callsite.StaticMetaClassSite.call(StaticMetaClassSite.java:53)
	at org.codehaus.groovy.runtime.callsite.CallSiteArray.defaultCall(CallSiteArray.java:48)
	at org.codehaus.groovy.runtime.callsite.AbstractCallSite.call(AbstractCallSite.java:113)
	at org.codehaus.groovy.runtime.callsite.AbstractCallSite.call(AbstractCallSite.java:141)
	at Script1536300508633.run(Script1536300508633.groovy:24)
	at com.kms.katalon.core.main.ScriptEngine.run(ScriptEngine.java:183)
	at com.kms.katalon.core.main.ScriptEngine.runScriptAsRawText(ScriptEngine.java:108)
	at com.kms.katalon.core.main.TestCaseExecutor.runScript(TestCaseExecutor.java:294)
	at com.kms.katalon.core.main.TestCaseExecutor.doExecute(TestCaseExecutor.java:285)
	at com.kms.katalon.core.main.TestCaseExecutor.processExecutionPhase(TestCaseExecutor.java:264)
	at com.kms.katalon.core.main.TestCaseExecutor.accessMainPhase(TestCaseExecutor.java:256)
	at com.kms.katalon.core.main.TestCaseExecutor.execute(TestCaseExecutor.java:200)
	at com.kms.katalon.core.main.TestSuiteExecutor.accessTestCaseMainPhase(TestSuiteExecutor.java:129)
	at com.kms.katalon.core.main.TestSuiteExecutor.accessTestSuiteMainPhase(TestSuiteExecutor.java:112)
	at com.kms.katalon.core.main.TestSuiteExecutor.execute(TestSuiteExecutor.java:81)
	at com.kms.katalon.core.main.TestCaseMain.startTestSuite(TestCaseMain.java:142)
	at com.kms.katalon.core.main.TestCaseMain$startTestSuite$0.call(Unknown Source)
	at org.codehaus.groovy.runtime.callsite.CallSiteArray.defaultCall(CallSiteArray.java:48)
	at org.codehaus.groovy.runtime.callsite.AbstractCallSite.call(AbstractCallSite.java:113)
	at org.codehaus.groovy.runtime.callsite.AbstractCallSite.call(AbstractCallSite.java:141)
	at TempTestSuite1542874456978.run(TempTestSuite1542874456978.groovy:36)
	at groovy.lang.GroovyShell.runScriptOrMainOrTestOrRunnable(GroovyShell.java:263)
	at groovy.lang.GroovyShell.run(GroovyShell.java:518)
	at groovy.lang.GroovyShell.run(GroovyShell.java:507)
	at groovy.ui.GroovyMain.processOnce(GroovyMain.java:653)
	at groovy.ui.GroovyMain.run(GroovyMain.java:384)
	at groovy.ui.GroovyMain.process(GroovyMain.java:370)
	at groovy.ui.GroovyMain.processArgs(GroovyMain.java:129)
	at groovy.ui.GroovyMain.main(GroovyMain.java:109)
	at sun.reflect.NativeMethodAccessorImpl.invoke0(Native Method)
	at sun.reflect.NativeMethodAccessorImpl.invoke(NativeMethodAccessorImpl.java:62)
	at sun.reflect.DelegatingMethodAccessorImpl.invoke(DelegatingMethodAccessorImpl.java:43)
	at java.lang.reflect.Method.invoke(Method.java:498)
	at org.codehaus.groovy.tools.GroovyStarter.rootLoader(GroovyStarter.java:109)
	at org.codehaus.groovy.tools.GroovyStarter.main(GroovyStarter.java:131)
)

2018-11-23 01:33:50 - [TEST_STEP][NOT_RUN] - callTestCase: NOT_RUN: callTestCase

2018-11-23 01:33:50 - [MESSAGE][NOT_RUN] - NOT_RUN: callTestCase

2018-11-23 01:33:50 - [TEST_STEP][PASSED] - delay: Delayed 2 second(s)

2018-11-23 01:33:52 - [MESSAGE][PASSED] - Delayed 2 second(s)

2018-11-23 01:33:52 - [TEST_STEP][PASSED] - navigateToUrl: Navigate to 'https://assist2-uat.perkeso.gov.my/c/portal/logout' successfully

2018-11-23 01:33:53 - [MESSAGE][PASSED] - Navigate to 'https://assist2-uat.perkeso.gov.my/c/portal/logout' successfully

2018-11-23 01:33:53 - [TEST_STEP][PASSED] - delay: Delayed 2 second(s)

2018-11-23 01:33:55 - [MESSAGE][PASSED] - Delayed 2 second(s)

2018-11-23 01:33:55 - [TEST_STEP][PASSED] - callTestCase: Call Test Case 'Test Cases/Final Aug 2018 - PKS Automation/Common/Reference Number Getter' successfully

2018-11-23 01:33:55 - [TEST_CASE][PASSED] - Test Cases/Final Aug 2018 - PKS Automation/Common/Reference Number Getter: Test Cases/Final Aug 2018 - PKS Automation/Common/Reference Number Getter

2018-11-23 01:33:55 - [TEST_STEP][PASSED] - Statement - Try: null

2018-11-23 01:33:55 - [TEST_STEP][PASSED] - Statement - RefNo = new java.io.File(C://Users//Admin//Desktop//PKS//Automation Reference Point//KatalonReference.txt): null

2018-11-23 01:33:55 - [TEST_STEP][PASSED] - Statement - bufferread = new java.io.BufferedReader(new java.io.FileReader(RefNo)): null

2018-11-23 01:33:55 - [TEST_STEP][PASSED] - Statement - readedVal = bufferread.readLine(): null

2018-11-23 01:33:55 - [TEST_STEP][PASSED] - Statement - out.println(CaseReferenceNo): null

2018-11-23 01:33:55 - [TEST_STEP][PASSED] - Statement - out.println(readedVal): null

2018-11-23 01:33:55 - [TEST_STEP][PASSED] - Statement - CaseReferenceNo = "": null

2018-11-23 01:33:55 - [TEST_STEP][PASSED] - Statement - CaseReferenceNo = readedVal: null

2018-11-23 01:33:55 - [MESSAGE][PASSED] - Call Test Case 'Test Cases/Final Aug 2018 - PKS Automation/Common/Reference Number Getter' successfully

2018-11-23 01:33:55 - [TEST_STEP][FAILED] - callTestCase: Unable to call Test Case with id 'Test Cases/Final Aug 2018 - PKS Automation/Common/Workflow Owner Finder' (Root cause: Call Test Case 'Test Cases/Final Aug 2018 - PKS Automation/Common/Workflow Owner Finder' failed)

2018-11-23 01:33:55 - [TEST_CASE][FAILED] - Test Cases/Final Aug 2018 - PKS Automation/Common/Workflow Owner Finder: Test Cases/Final Aug 2018 - PKS Automation/Common/Workflow Owner Finder FAILED because (of) (Stack trace: com.kms.katalon.core.exception.StepFailedException: Unable to click on object 'Object Repository/Final Object Repo/Landing Page/Select to English' (Root cause: com.kms.katalon.core.webui.exception.WebElementNotFoundException: Web element with id: 'Object Repository/Final Object Repo/Landing Page/Select to English' located by 'By.xpath: //a[@class = 'taglib-language-list-text' and @lang = 'en-US' and (contains(text(), 'EN') or contains(., 'EN'))]' not found)
	at com.kms.katalon.core.keyword.internal.KeywordMain.stepFailed(KeywordMain.groovy:32)
	at com.kms.katalon.core.webui.keyword.internal.WebUIKeywordMain.stepFailed(WebUIKeywordMain.groovy:65)
	at com.kms.katalon.core.webui.keyword.internal.WebUIKeywordMain.runKeyword(WebUIKeywordMain.groovy:27)
	at com.kms.katalon.core.webui.keyword.builtin.ClickKeyword.click(ClickKeyword.groovy:86)
	at com.kms.katalon.core.webui.keyword.builtin.ClickKeyword.execute(ClickKeyword.groovy:67)
	at com.kms.katalon.core.keyword.internal.KeywordExecutor.executeKeywordForPlatform(KeywordExecutor.groovy:53)
	at com.kms.katalon.core.webui.keyword.WebUiBuiltInKeywords.click(WebUiBuiltInKeywords.groovy:604)
	at com.kms.katalon.core.webui.keyword.WebUiBuiltInKeywords$click$13.call(Unknown Source)
	at Script1534407542420.run(Script1534407542420.groovy:57)
	at com.kms.katalon.core.main.ScriptEngine.run(ScriptEngine.java:183)
	at com.kms.katalon.core.main.ScriptEngine.runScriptAsRawText(ScriptEngine.java:108)
	at com.kms.katalon.core.main.TestCaseExecutor.runScript(TestCaseExecutor.java:294)
	at com.kms.katalon.core.main.TestCaseExecutor.doExecute(TestCaseExecutor.java:285)
	at com.kms.katalon.core.main.TestCaseExecutor.processExecutionPhase(TestCaseExecutor.java:264)
	at com.kms.katalon.core.main.TestCaseExecutor.accessMainPhase(TestCaseExecutor.java:256)
	at com.kms.katalon.core.main.TestCaseExecutor.execute(TestCaseExecutor.java:200)
	at com.kms.katalon.core.main.TestCaseMain.runTestCase(TestCaseMain.java:99)
	at com.kms.katalon.core.keyword.builtin.CallTestCaseKeyword$_callTestCase_closure1.doCall(CallTestCaseKeyword.groovy:60)
	at com.kms.katalon.core.keyword.builtin.CallTestCaseKeyword$_callTestCase_closure1.call(CallTestCaseKeyword.groovy)
	at com.kms.katalon.core.keyword.internal.KeywordMain.runKeyword(KeywordMain.groovy:54)
	at com.kms.katalon.core.keyword.builtin.CallTestCaseKeyword.callTestCase(CallTestCaseKeyword.groovy:81)
	at com.kms.katalon.core.keyword.builtin.CallTestCaseKeyword.execute(CallTestCaseKeyword.groovy:45)
	at com.kms.katalon.core.keyword.internal.KeywordExecutor.executeKeywordForPlatform(KeywordExecutor.groovy:53)
	at com.kms.katalon.core.keyword.BuiltinKeywords.callTestCase(BuiltinKeywords.groovy:334)
	at sun.reflect.GeneratedMethodAccessor13.invoke(Unknown Source)
	at sun.reflect.DelegatingMethodAccessorImpl.invoke(DelegatingMethodAccessorImpl.java:43)
	at java.lang.reflect.Method.invoke(Method.java:498)
	at org.codehaus.groovy.reflection.CachedMethod.invoke(CachedMethod.java:93)
	at groovy.lang.MetaMethod.doMethodInvoke(MetaMethod.java:325)
	at groovy.lang.MetaClassImpl.invokeStaticMethod(MetaClassImpl.java:1469)
	at org.codehaus.groovy.runtime.callsite.StaticMetaClassSite.call(StaticMetaClassSite.java:53)
	at org.codehaus.groovy.runtime.callsite.AbstractCallSite.call(AbstractCallSite.java:141)
	at Script1537866016330.run(Script1537866016330.groovy:33)
	at com.kms.katalon.core.main.ScriptEngine.run(ScriptEngine.java:183)
	at com.kms.katalon.core.main.ScriptEngine.runScriptAsRawText(ScriptEngine.java:108)
	at com.kms.katalon.core.main.TestCaseExecutor.runScript(TestCaseExecutor.java:294)
	at com.kms.katalon.core.main.TestCaseExecutor.doExecute(TestCaseExecutor.java:285)
	at com.kms.katalon.core.main.TestCaseExecutor.processExecutionPhase(TestCaseExecutor.java:264)
	at com.kms.katalon.core.main.TestCaseExecutor.accessMainPhase(TestCaseExecutor.java:256)
	at com.kms.katalon.core.main.TestCaseExecutor.execute(TestCaseExecutor.java:200)
	at com.kms.katalon.core.main.TestCaseMain.runTestCase(TestCaseMain.java:99)
	at com.kms.katalon.core.keyword.builtin.CallTestCaseKeyword$_callTestCase_closure1.doCall(CallTestCaseKeyword.groovy:60)
	at com.kms.katalon.core.keyword.builtin.CallTestCaseKeyword$_callTestCase_closure1.call(CallTestCaseKeyword.groovy)
	at com.kms.katalon.core.keyword.internal.KeywordMain.runKeyword(KeywordMain.groovy:54)
	at com.kms.katalon.core.keyword.builtin.CallTestCaseKeyword.callTestCase(CallTestCaseKeyword.groovy:81)
	at com.kms.katalon.core.keyword.builtin.CallTestCaseKeyword.execute(CallTestCaseKeyword.groovy:45)
	at com.kms.katalon.core.keyword.internal.KeywordExecutor.executeKeywordForPlatform(KeywordExecutor.groovy:53)
	at com.kms.katalon.core.keyword.BuiltinKeywords.callTestCase(BuiltinKeywords.groovy:334)
	at sun.reflect.GeneratedMethodAccessor13.invoke(Unknown Source)
	at sun.reflect.DelegatingMethodAccessorImpl.invoke(DelegatingMethodAccessorImpl.java:43)
	at java.lang.reflect.Method.invoke(Method.java:498)
	at org.codehaus.groovy.reflection.CachedMethod.invoke(CachedMethod.java:93)
	at groovy.lang.MetaMethod.doMethodInvoke(MetaMethod.java:325)
	at groovy.lang.MetaClassImpl.invokeStaticMethod(MetaClassImpl.java:1469)
	at org.codehaus.groovy.runtime.callsite.StaticMetaClassSite.call(StaticMetaClassSite.java:53)
	at org.codehaus.groovy.runtime.callsite.CallSiteArray.defaultCall(CallSiteArray.java:48)
	at org.codehaus.groovy.runtime.callsite.AbstractCallSite.call(AbstractCallSite.java:113)
	at org.codehaus.groovy.runtime.callsite.AbstractCallSite.call(AbstractCallSite.java:141)
	at Script1536300508633.run(Script1536300508633.groovy:24)
	at com.kms.katalon.core.main.ScriptEngine.run(ScriptEngine.java:183)
	at com.kms.katalon.core.main.ScriptEngine.runScriptAsRawText(ScriptEngine.java:108)
	at com.kms.katalon.core.main.TestCaseExecutor.runScript(TestCaseExecutor.java:294)
	at com.kms.katalon.core.main.TestCaseExecutor.doExecute(TestCaseExecutor.java:285)
	at com.kms.katalon.core.main.TestCaseExecutor.processExecutionPhase(TestCaseExecutor.java:264)
	at com.kms.katalon.core.main.TestCaseExecutor.accessMainPhase(TestCaseExecutor.java:256)
	at com.kms.katalon.core.main.TestCaseExecutor.execute(TestCaseExecutor.java:200)
	at com.kms.katalon.core.main.TestSuiteExecutor.accessTestCaseMainPhase(TestSuiteExecutor.java:129)
	at com.kms.katalon.core.main.TestSuiteExecutor.accessTestSuiteMainPhase(TestSuiteExecutor.java:112)
	at com.kms.katalon.core.main.TestSuiteExecutor.execute(TestSuiteExecutor.java:81)
	at com.kms.katalon.core.main.TestCaseMain.startTestSuite(TestCaseMain.java:142)
	at com.kms.katalon.core.main.TestCaseMain$startTestSuite$0.call(Unknown Source)
	at org.codehaus.groovy.runtime.callsite.CallSiteArray.defaultCall(CallSiteArray.java:48)
	at org.codehaus.groovy.runtime.callsite.AbstractCallSite.call(AbstractCallSite.java:113)
	at org.codehaus.groovy.runtime.callsite.AbstractCallSite.call(AbstractCallSite.java:141)
	at TempTestSuite1542874456978.run(TempTestSuite1542874456978.groovy:36)
	at groovy.lang.GroovyShell.runScriptOrMainOrTestOrRunnable(GroovyShell.java:263)
	at groovy.lang.GroovyShell.run(GroovyShell.java:518)
	at groovy.lang.GroovyShell.run(GroovyShell.java:507)
	at groovy.ui.GroovyMain.processOnce(GroovyMain.java:653)
	at groovy.ui.GroovyMain.run(GroovyMain.java:384)
	at groovy.ui.GroovyMain.process(GroovyMain.java:370)
	at groovy.ui.GroovyMain.processArgs(GroovyMain.java:129)
	at groovy.ui.GroovyMain.main(GroovyMain.java:109)
	at sun.reflect.NativeMethodAccessorImpl.invoke0(Native Method)
	at sun.reflect.NativeMethodAccessorImpl.invoke(NativeMethodAccessorImpl.java:62)
	at sun.reflect.DelegatingMethodAccessorImpl.invoke(DelegatingMethodAccessorImpl.java:43)
	at java.lang.reflect.Method.invoke(Method.java:498)
	at org.codehaus.groovy.tools.GroovyStarter.rootLoader(GroovyStarter.java:109)
	at org.codehaus.groovy.tools.GroovyStarter.main(GroovyStarter.java:131)
)

2018-11-23 01:33:55 - [TEST_STEP][PASSED] - openBrowser: Browser is opened with url: ''

2018-11-23 01:33:55 - [MESSAGE][WARNING] - A browser is already opened. Closing browser and opening a new one

2018-11-23 01:33:59 - [MESSAGE][PASSED] - Browser is opened with url: ''

2018-11-23 01:33:59 - [TEST_STEP][PASSED] - navigateToUrl: Navigate to 'https://assist2-uat.perkeso.gov.my/login' successfully

2018-11-23 01:34:00 - [MESSAGE][PASSED] - Navigate to 'https://assist2-uat.perkeso.gov.my/login' successfully

2018-11-23 01:34:00 - [TEST_STEP][PASSED] - delay: Delayed 5 second(s)

2018-11-23 01:34:05 - [MESSAGE][PASSED] - Delayed 5 second(s)

2018-11-23 01:34:05 - [TEST_STEP][PASSED] - setText: Text 'test@liferay.com' is set on object 'Object Repository/Final Object Repo/Login Page/Internal User/Email Address'

2018-11-23 01:34:06 - [MESSAGE][PASSED] - Text 'test@liferay.com' is set on object 'Object Repository/Final Object Repo/Login Page/Internal User/Email Address'

2018-11-23 01:34:06 - [TEST_STEP][PASSED] - click: Object: 'Object Repository/Final Object Repo/Login Page/Internal User/Next Button' is clicked on

2018-11-23 01:34:06 - [MESSAGE][PASSED] - Object: 'Object Repository/Final Object Repo/Login Page/Internal User/Next Button' is clicked on

2018-11-23 01:34:06 - [TEST_STEP][PASSED] - delay: Delayed 2 second(s)

2018-11-23 01:34:08 - [MESSAGE][PASSED] - Delayed 2 second(s)

2018-11-23 01:34:08 - [TEST_STEP][PASSED] - setText: Text 'test' is set on object 'Object Repository/Final Object Repo/Login Page/Internal User/Password'

2018-11-23 01:34:08 - [MESSAGE][PASSED] - Text 'test' is set on object 'Object Repository/Final Object Repo/Login Page/Internal User/Password'

2018-11-23 01:34:08 - [TEST_STEP][PASSED] - delay: Delayed 2 second(s)

2018-11-23 01:34:10 - [MESSAGE][PASSED] - Delayed 2 second(s)

2018-11-23 01:34:10 - [TEST_STEP][PASSED] - click: Object: 'Object Repository/Final Object Repo/Login Page/Internal User/Login Button' is clicked on

2018-11-23 01:34:10 - [MESSAGE][PASSED] - Object: 'Object Repository/Final Object Repo/Login Page/Internal User/Login Button' is clicked on

2018-11-23 01:34:10 - [TEST_STEP][FAILED] - Statement - Try: Delayed 2 second(s)

2018-11-23 01:34:10 - [TEST_STEP][PASSED] - Statement - Checker = false: null

2018-11-23 01:34:10 - [TEST_STEP][PASSED] - Statement - Checker = com.kms.katalon.core.webui.keyword.WebUiBuiltInKeywords.verifyElementHasAttribute(com.kms.katalon.core.testobject.ObjectRepository.findTestObject(Final Object Repo/Landing Page/BM Detecting), "href", 20, OPTIONAL): Unable to verify if object 'Object Repository/Final Object Repo/Landing Page/BM Detecting' has attribute 'href' (Root cause: org.openqa.selenium.StaleElementReferenceException: stale element reference: element is not attached to the page document
  (Session info: chrome=70.0.3538.102)
  (Driver info: chromedriver=2.43.600210 (68dcf5eebde37173d4027fa8635e332711d2874a),platform=Windows NT 6.1.7601 SP1 x86_64) (WARNING: The server did not provide any stacktrace information)
Command duration or timeout: 0 milliseconds
For documentation on this error, please visit: http://seleniumhq.org/exceptions/stale_element_reference.html
Build info: version: '3.7.1', revision: '8a0099a', time: '2017-11-06T21:07:36.161Z'
System info: host: 'WIN7TEST02', ip: '10.20.3.72', os.name: 'Windows 7', os.arch: 'amd64', os.version: '6.1', java.version: '1.8.0_181'
Driver info: com.kms.katalon.selenium.driver.CChromeDriver
Capabilities {acceptInsecureCerts: false, acceptSslCerts: false, applicationCacheEnabled: false, browserConnectionEnabled: false, browserName: chrome, chrome: {chromedriverVersion: 2.43.600210 (68dcf5eebde371..., userDataDir: C:\Users\Admin\AppData\Loca...}, cssSelectorsEnabled: true, databaseEnabled: false, goog:chromeOptions: {debuggerAddress: localhost:51009}, handlesAlerts: true, hasTouchScreen: false, javascriptEnabled: true, locationContextEnabled: true, mobileEmulationEnabled: false, nativeEvents: true, networkConnectionEnabled: false, pageLoadStrategy: normal, platform: XP, platformName: XP, rotatable: false, setWindowRect: true, takesHeapSnapshot: true, takesScreenshot: true, unexpectedAlertBehaviour: , unhandledPromptBehavior: , version: 70.0.3538.102, webStorageEnabled: true}
Session ID: d8be4384436ab526680d25c63bf84246)

2018-11-23 01:34:12 - [MESSAGE][WARNING] - Unable to verify if object 'Object Repository/Final Object Repo/Landing Page/BM Detecting' has attribute 'href' (Root cause: org.openqa.selenium.StaleElementReferenceException: stale element reference: element is not attached to the page document
  (Session info: chrome=70.0.3538.102)
  (Driver info: chromedriver=2.43.600210 (68dcf5eebde37173d4027fa8635e332711d2874a),platform=Windows NT 6.1.7601 SP1 x86_64) (WARNING: The server did not provide any stacktrace information)
Command duration or timeout: 0 milliseconds
For documentation on this error, please visit: http://seleniumhq.org/exceptions/stale_element_reference.html
Build info: version: '3.7.1', revision: '8a0099a', time: '2017-11-06T21:07:36.161Z'
System info: host: 'WIN7TEST02', ip: '10.20.3.72', os.name: 'Windows 7', os.arch: 'amd64', os.version: '6.1', java.version: '1.8.0_181'
Driver info: com.kms.katalon.selenium.driver.CChromeDriver
Capabilities {acceptInsecureCerts: false, acceptSslCerts: false, applicationCacheEnabled: false, browserConnectionEnabled: false, browserName: chrome, chrome: {chromedriverVersion: 2.43.600210 (68dcf5eebde371..., userDataDir: C:\Users\Admin\AppData\Loca...}, cssSelectorsEnabled: true, databaseEnabled: false, goog:chromeOptions: {debuggerAddress: localhost:51009}, handlesAlerts: true, hasTouchScreen: false, javascriptEnabled: true, locationContextEnabled: true, mobileEmulationEnabled: false, nativeEvents: true, networkConnectionEnabled: false, pageLoadStrategy: normal, platform: XP, platformName: XP, rotatable: false, setWindowRect: true, takesHeapSnapshot: true, takesScreenshot: true, unexpectedAlertBehaviour: , unhandledPromptBehavior: , version: 70.0.3538.102, webStorageEnabled: true}
Session ID: d8be4384436ab526680d25c63bf84246)
[[ATTACHMENT|C:\\Users\\Admin\\Desktop\\PKS\\Perkeso Phase A\\Reports\\Workflow\\Request SSN\\20181122_161416\\1542908052626.png]]

2018-11-23 01:34:12 - [TEST_STEP][PASSED] - Statement - out.println(Checker): null

2018-11-23 01:34:12 - [TEST_STEP][FAILED] - Statement - If (Checker == false): Unable to click on object 'Object Repository/Final Object Repo/Landing Page/Select to English' (Root cause: com.kms.katalon.core.webui.exception.WebElementNotFoundException: Web element with id: 'Object Repository/Final Object Repo/Landing Page/Select to English' located by 'By.xpath: //a[@class = 'taglib-language-list-text' and @lang = 'en-US' and (contains(text(), 'EN') or contains(., 'EN'))]' not found)

2018-11-23 01:34:12 - [TEST_STEP][FAILED] - click: Unable to click on object 'Object Repository/Final Object Repo/Landing Page/Select to English' (Root cause: com.kms.katalon.core.webui.exception.WebElementNotFoundException: Web element with id: 'Object Repository/Final Object Repo/Landing Page/Select to English' located by 'By.xpath: //a[@class = 'taglib-language-list-text' and @lang = 'en-US' and (contains(text(), 'EN') or contains(., 'EN'))]' not found)

2018-11-23 01:34:50 - [MESSAGE][FAILED] - Unable to click on object 'Object Repository/Final Object Repo/Landing Page/Select to English' (Root cause: com.kms.katalon.core.webui.exception.WebElementNotFoundException: Web element with id: 'Object Repository/Final Object Repo/Landing Page/Select to English' located by 'By.xpath: //a[@class = 'taglib-language-list-text' and @lang = 'en-US' and (contains(text(), 'EN') or contains(., 'EN'))]' not found)
[[ATTACHMENT|C:\\Users\\Admin\\Desktop\\PKS\\Perkeso Phase A\\Reports\\Workflow\\Request SSN\\20181122_161416\\1542908090073.png]]

2018-11-23 01:34:50 - [TEST_STEP][PASSED] - delay: Delayed 2 second(s)

2018-11-23 01:34:52 - [MESSAGE][PASSED] - Delayed 2 second(s)

2018-11-23 01:34:52 - [TEST_STEP][PASSED] - delay: Delayed 3 second(s)

2018-11-23 01:34:55 - [MESSAGE][PASSED] - Delayed 3 second(s)

2018-11-23 01:34:55 - [TEST_STEP][PASSED] - mouseOver: Object: 'Object Repository/Final Object Repo/Landing Page/WorkFlow Menu' is hovered

2018-11-23 01:34:55 - [MESSAGE][PASSED] - Object: 'Object Repository/Final Object Repo/Landing Page/WorkFlow Menu' is hovered

2018-11-23 01:34:55 - [TEST_STEP][PASSED] - delay: Delayed 2 second(s)

2018-11-23 01:34:57 - [MESSAGE][PASSED] - Delayed 2 second(s)

2018-11-23 01:34:57 - [TEST_STEP][PASSED] - click: Object: 'Object Repository/Final Object Repo/Landing Page/Select to Workflow Listing' is clicked on

2018-11-23 01:34:58 - [MESSAGE][PASSED] - Object: 'Object Repository/Final Object Repo/Landing Page/Select to Workflow Listing' is clicked on

2018-11-23 01:34:58 - [TEST_STEP][PASSED] - delay: Delayed 2 second(s)

2018-11-23 01:35:00 - [MESSAGE][PASSED] - Delayed 2 second(s)

2018-11-23 01:35:00 - [TEST_STEP][PASSED] - click: Object: 'Object Repository/Final Object Repo/WorkFlow Listing Page/Search Information - To Put Ref No' is clicked on

2018-11-23 01:35:00 - [MESSAGE][PASSED] - Object: 'Object Repository/Final Object Repo/WorkFlow Listing Page/Search Information - To Put Ref No' is clicked on

2018-11-23 01:35:00 - [TEST_STEP][PASSED] - delay: Delayed 2 second(s)

2018-11-23 01:35:02 - [MESSAGE][PASSED] - Delayed 2 second(s)

2018-11-23 01:35:02 - [TEST_STEP][PASSED] - callTestCase: Call Test Case 'Test Cases/Final Aug 2018 - PKS Automation/Common/Reference Number Getter' successfully

2018-11-23 01:35:02 - [TEST_CASE][PASSED] - Test Cases/Final Aug 2018 - PKS Automation/Common/Reference Number Getter: Test Cases/Final Aug 2018 - PKS Automation/Common/Reference Number Getter

2018-11-23 01:35:02 - [TEST_STEP][PASSED] - Statement - Try: null

2018-11-23 01:35:02 - [TEST_STEP][PASSED] - Statement - RefNo = new java.io.File(C://Users//Admin//Desktop//PKS//Automation Reference Point//KatalonReference.txt): null

2018-11-23 01:35:02 - [TEST_STEP][PASSED] - Statement - bufferread = new java.io.BufferedReader(new java.io.FileReader(RefNo)): null

2018-11-23 01:35:02 - [TEST_STEP][PASSED] - Statement - readedVal = bufferread.readLine(): null

2018-11-23 01:35:02 - [TEST_STEP][PASSED] - Statement - out.println(CaseReferenceNo): null

2018-11-23 01:35:02 - [TEST_STEP][PASSED] - Statement - out.println(readedVal): null

2018-11-23 01:35:02 - [TEST_STEP][PASSED] - Statement - CaseReferenceNo = "": null

2018-11-23 01:35:02 - [TEST_STEP][PASSED] - Statement - CaseReferenceNo = readedVal: null

2018-11-23 01:35:02 - [MESSAGE][PASSED] - Call Test Case 'Test Cases/Final Aug 2018 - PKS Automation/Common/Reference Number Getter' successfully

2018-11-23 01:35:02 - [TEST_STEP][PASSED] - setText: Text 'SSN11201800001138' is set on object 'Object Repository/Final Object Repo/WorkFlow Listing Page/Ref No Set Text'

2018-11-23 01:35:03 - [MESSAGE][PASSED] - Text 'SSN11201800001138' is set on object 'Object Repository/Final Object Repo/WorkFlow Listing Page/Ref No Set Text'

2018-11-23 01:35:03 - [TEST_STEP][PASSED] - delay: Delayed 2 second(s)

2018-11-23 01:35:05 - [MESSAGE][PASSED] - Delayed 2 second(s)

2018-11-23 01:35:05 - [TEST_STEP][PASSED] - click: Object: 'Object Repository/Final Object Repo/WorkFlow Listing Page/Search Ref No Search Button' is clicked on

2018-11-23 01:35:05 - [MESSAGE][PASSED] - Object: 'Object Repository/Final Object Repo/WorkFlow Listing Page/Search Ref No Search Button' is clicked on

2018-11-23 01:35:05 - [TEST_STEP][PASSED] - delay: Delayed 4 second(s)

2018-11-23 01:35:09 - [MESSAGE][PASSED] - Delayed 4 second(s)

2018-11-23 01:35:09 - [TEST_STEP][PASSED] - click: Object: 'Object Repository/Final Object Repo/WorkFlow Listing Page/Click Continue Tooltip' is clicked on

2018-11-23 01:35:10 - [MESSAGE][PASSED] - Object: 'Object Repository/Final Object Repo/WorkFlow Listing Page/Click Continue Tooltip' is clicked on

2018-11-23 01:35:10 - [TEST_STEP][PASSED] - delay: Delayed 5 second(s)

2018-11-23 01:35:15 - [MESSAGE][PASSED] - Delayed 5 second(s)

2018-11-23 01:35:15 - [TEST_STEP][PASSED] - doubleClick: Object: 'Object Repository/Final Object Repo/WorkFlow Listing Page/Workflow Found - Listing 1' is double clicked on

2018-11-23 01:35:15 - [MESSAGE][PASSED] - Object: 'Object Repository/Final Object Repo/WorkFlow Listing Page/Workflow Found - Listing 1' is double clicked on

2018-11-23 01:35:15 - [TEST_STEP][PASSED] - Statement - println(OwnerID): null

2018-11-23 01:35:15 - [TEST_STEP][PASSED] - Statement - OwnerID = com.kms.katalon.core.webui.keyword.WebUiBuiltInKeywords.getText(com.kms.katalon.core.testobject.ObjectRepository.findTestObject(Final Object Repo/WorkFlow Listing Page/Workflow Found - Listing 1), STOP_ON_FAILURE): Text of object 'Object Repository/Final Object Repo/WorkFlow Listing Page/Workflow Found - Listing 1' is: 'JOHORrio1'

2018-11-23 01:35:15 - [MESSAGE][PASSED] - Text of object 'Object Repository/Final Object Repo/WorkFlow Listing Page/Workflow Found - Listing 1' is: 'JOHORrio1'

2018-11-23 01:35:15 - [TEST_STEP][PASSED] - Statement - OwnerID = OwnerID.toLowerCase() + "@gmail.com": null

2018-11-23 01:35:15 - [TEST_STEP][PASSED] - Statement - println(OwnerID): null

2018-11-23 01:35:15 - [TEST_STEP][PASSED] - delay: Delayed 2 second(s)

2018-11-23 01:35:17 - [MESSAGE][PASSED] - Delayed 2 second(s)

2018-11-23 01:35:17 - [MESSAGE][FAILED] - Unable to call Test Case with id 'Test Cases/Final Aug 2018 - PKS Automation/Common/Workflow Owner Finder' (Root cause: Call Test Case 'Test Cases/Final Aug 2018 - PKS Automation/Common/Workflow Owner Finder' failed)

2018-11-23 01:35:17 - [MESSAGE][FAILED] - Unable to call Test Case with id 'Test Cases/Final Aug 2018 - PKS Automation/Registration Module/Workflow/Request SSN/Template/Request SSN RIO - RO (Under Enforcement)' (Root cause: Call Test Case 'Test Cases/Final Aug 2018 - PKS Automation/Registration Module/Workflow/Request SSN/Template/Request SSN RIO - RO (Under Enforcement)' failed)]]></system-out>
         <system-err><![CDATA[2018-11-23 01:32:10 - [TEST_CASE][FAILED] - Test Cases/Final Aug 2018 - PKS Automation/Registration Module/Workflow/Request SSN/PKRBO - RIO - RO (Under enforcement): Test Cases/Final Aug 2018 - PKS Automation/Registration Module/Workflow/Request SSN/PKRBO - RIO - RO (Under enforcement) FAILED because (of) (Stack trace: com.kms.katalon.core.exception.StepFailedException: Unable to click on object 'Object Repository/Final Object Repo/Landing Page/Select to English' (Root cause: com.kms.katalon.core.webui.exception.WebElementNotFoundException: Web element with id: 'Object Repository/Final Object Repo/Landing Page/Select to English' located by 'By.xpath: //a[@class = 'taglib-language-list-text' and @lang = 'en-US' and (contains(text(), 'EN') or contains(., 'EN'))]' not found)
	at com.kms.katalon.core.keyword.internal.KeywordMain.stepFailed(KeywordMain.groovy:32)
	at com.kms.katalon.core.webui.keyword.internal.WebUIKeywordMain.stepFailed(WebUIKeywordMain.groovy:65)
	at com.kms.katalon.core.webui.keyword.internal.WebUIKeywordMain.runKeyword(WebUIKeywordMain.groovy:27)
	at com.kms.katalon.core.webui.keyword.builtin.ClickKeyword.click(ClickKeyword.groovy:86)
	at com.kms.katalon.core.webui.keyword.builtin.ClickKeyword.execute(ClickKeyword.groovy:67)
	at com.kms.katalon.core.keyword.internal.KeywordExecutor.executeKeywordForPlatform(KeywordExecutor.groovy:53)
	at com.kms.katalon.core.webui.keyword.WebUiBuiltInKeywords.click(WebUiBuiltInKeywords.groovy:604)
	at com.kms.katalon.core.webui.keyword.WebUiBuiltInKeywords$click$13.call(Unknown Source)
	at Script1534407542420.run(Script1534407542420.groovy:57)
	at com.kms.katalon.core.main.ScriptEngine.run(ScriptEngine.java:183)
	at com.kms.katalon.core.main.ScriptEngine.runScriptAsRawText(ScriptEngine.java:108)
	at com.kms.katalon.core.main.TestCaseExecutor.runScript(TestCaseExecutor.java:294)
	at com.kms.katalon.core.main.TestCaseExecutor.doExecute(TestCaseExecutor.java:285)
	at com.kms.katalon.core.main.TestCaseExecutor.processExecutionPhase(TestCaseExecutor.java:264)
	at com.kms.katalon.core.main.TestCaseExecutor.accessMainPhase(TestCaseExecutor.java:256)
	at com.kms.katalon.core.main.TestCaseExecutor.execute(TestCaseExecutor.java:200)
	at com.kms.katalon.core.main.TestCaseMain.runTestCase(TestCaseMain.java:99)
	at com.kms.katalon.core.keyword.builtin.CallTestCaseKeyword$_callTestCase_closure1.doCall(CallTestCaseKeyword.groovy:60)
	at com.kms.katalon.core.keyword.builtin.CallTestCaseKeyword$_callTestCase_closure1.call(CallTestCaseKeyword.groovy)
	at com.kms.katalon.core.keyword.internal.KeywordMain.runKeyword(KeywordMain.groovy:54)
	at com.kms.katalon.core.keyword.builtin.CallTestCaseKeyword.callTestCase(CallTestCaseKeyword.groovy:81)
	at com.kms.katalon.core.keyword.builtin.CallTestCaseKeyword.execute(CallTestCaseKeyword.groovy:45)
	at com.kms.katalon.core.keyword.internal.KeywordExecutor.executeKeywordForPlatform(KeywordExecutor.groovy:53)
	at com.kms.katalon.core.keyword.BuiltinKeywords.callTestCase(BuiltinKeywords.groovy:334)
	at sun.reflect.GeneratedMethodAccessor13.invoke(Unknown Source)
	at sun.reflect.DelegatingMethodAccessorImpl.invoke(DelegatingMethodAccessorImpl.java:43)
	at java.lang.reflect.Method.invoke(Method.java:498)
	at org.codehaus.groovy.reflection.CachedMethod.invoke(CachedMethod.java:93)
	at groovy.lang.MetaMethod.doMethodInvoke(MetaMethod.java:325)
	at groovy.lang.MetaClassImpl.invokeStaticMethod(MetaClassImpl.java:1469)
	at org.codehaus.groovy.runtime.callsite.StaticMetaClassSite.call(StaticMetaClassSite.java:53)
	at org.codehaus.groovy.runtime.callsite.AbstractCallSite.call(AbstractCallSite.java:141)
	at Script1537866016330.run(Script1537866016330.groovy:33)
	at com.kms.katalon.core.main.ScriptEngine.run(ScriptEngine.java:183)
	at com.kms.katalon.core.main.ScriptEngine.runScriptAsRawText(ScriptEngine.java:108)
	at com.kms.katalon.core.main.TestCaseExecutor.runScript(TestCaseExecutor.java:294)
	at com.kms.katalon.core.main.TestCaseExecutor.doExecute(TestCaseExecutor.java:285)
	at com.kms.katalon.core.main.TestCaseExecutor.processExecutionPhase(TestCaseExecutor.java:264)
	at com.kms.katalon.core.main.TestCaseExecutor.accessMainPhase(TestCaseExecutor.java:256)
	at com.kms.katalon.core.main.TestCaseExecutor.execute(TestCaseExecutor.java:200)
	at com.kms.katalon.core.main.TestCaseMain.runTestCase(TestCaseMain.java:99)
	at com.kms.katalon.core.keyword.builtin.CallTestCaseKeyword$_callTestCase_closure1.doCall(CallTestCaseKeyword.groovy:60)
	at com.kms.katalon.core.keyword.builtin.CallTestCaseKeyword$_callTestCase_closure1.call(CallTestCaseKeyword.groovy)
	at com.kms.katalon.core.keyword.internal.KeywordMain.runKeyword(KeywordMain.groovy:54)
	at com.kms.katalon.core.keyword.builtin.CallTestCaseKeyword.callTestCase(CallTestCaseKeyword.groovy:81)
	at com.kms.katalon.core.keyword.builtin.CallTestCaseKeyword.execute(CallTestCaseKeyword.groovy:45)
	at com.kms.katalon.core.keyword.internal.KeywordExecutor.executeKeywordForPlatform(KeywordExecutor.groovy:53)
	at com.kms.katalon.core.keyword.BuiltinKeywords.callTestCase(BuiltinKeywords.groovy:334)
	at sun.reflect.GeneratedMethodAccessor13.invoke(Unknown Source)
	at sun.reflect.DelegatingMethodAccessorImpl.invoke(DelegatingMethodAccessorImpl.java:43)
	at java.lang.reflect.Method.invoke(Method.java:498)
	at org.codehaus.groovy.reflection.CachedMethod.invoke(CachedMethod.java:93)
	at groovy.lang.MetaMethod.doMethodInvoke(MetaMethod.java:325)
	at groovy.lang.MetaClassImpl.invokeStaticMethod(MetaClassImpl.java:1469)
	at org.codehaus.groovy.runtime.callsite.StaticMetaClassSite.call(StaticMetaClassSite.java:53)
	at org.codehaus.groovy.runtime.callsite.CallSiteArray.defaultCall(CallSiteArray.java:48)
	at org.codehaus.groovy.runtime.callsite.AbstractCallSite.call(AbstractCallSite.java:113)
	at org.codehaus.groovy.runtime.callsite.AbstractCallSite.call(AbstractCallSite.java:141)
	at Script1536300508633.run(Script1536300508633.groovy:24)
	at com.kms.katalon.core.main.ScriptEngine.run(ScriptEngine.java:183)
	at com.kms.katalon.core.main.ScriptEngine.runScriptAsRawText(ScriptEngine.java:108)
	at com.kms.katalon.core.main.TestCaseExecutor.runScript(TestCaseExecutor.java:294)
	at com.kms.katalon.core.main.TestCaseExecutor.doExecute(TestCaseExecutor.java:285)
	at com.kms.katalon.core.main.TestCaseExecutor.processExecutionPhase(TestCaseExecutor.java:264)
	at com.kms.katalon.core.main.TestCaseExecutor.accessMainPhase(TestCaseExecutor.java:256)
	at com.kms.katalon.core.main.TestCaseExecutor.execute(TestCaseExecutor.java:200)
	at com.kms.katalon.core.main.TestSuiteExecutor.accessTestCaseMainPhase(TestSuiteExecutor.java:129)
	at com.kms.katalon.core.main.TestSuiteExecutor.accessTestSuiteMainPhase(TestSuiteExecutor.java:112)
	at com.kms.katalon.core.main.TestSuiteExecutor.execute(TestSuiteExecutor.java:81)
	at com.kms.katalon.core.main.TestCaseMain.startTestSuite(TestCaseMain.java:142)
	at com.kms.katalon.core.main.TestCaseMain$startTestSuite$0.call(Unknown Source)
	at org.codehaus.groovy.runtime.callsite.CallSiteArray.defaultCall(CallSiteArray.java:48)
	at org.codehaus.groovy.runtime.callsite.AbstractCallSite.call(AbstractCallSite.java:113)
	at org.codehaus.groovy.runtime.callsite.AbstractCallSite.call(AbstractCallSite.java:141)
	at TempTestSuite1542874456978.run(TempTestSuite1542874456978.groovy:36)
	at groovy.lang.GroovyShell.runScriptOrMainOrTestOrRunnable(GroovyShell.java:263)
	at groovy.lang.GroovyShell.run(GroovyShell.java:518)
	at groovy.lang.GroovyShell.run(GroovyShell.java:507)
	at groovy.ui.GroovyMain.processOnce(GroovyMain.java:653)
	at groovy.ui.GroovyMain.run(GroovyMain.java:384)
	at groovy.ui.GroovyMain.process(GroovyMain.java:370)
	at groovy.ui.GroovyMain.processArgs(GroovyMain.java:129)
	at groovy.ui.GroovyMain.main(GroovyMain.java:109)
	at sun.reflect.NativeMethodAccessorImpl.invoke0(Native Method)
	at sun.reflect.NativeMethodAccessorImpl.invoke(NativeMethodAccessorImpl.java:62)
	at sun.reflect.DelegatingMethodAccessorImpl.invoke(DelegatingMethodAccessorImpl.java:43)
	at java.lang.reflect.Method.invoke(Method.java:498)
	at org.codehaus.groovy.tools.GroovyStarter.rootLoader(GroovyStarter.java:109)
	at org.codehaus.groovy.tools.GroovyStarter.main(GroovyStarter.java:131)
)]]></system-err>
      </testcase>
      <system-out><![CDATA[2018-11-23 01:16:28 - [TEST_SUITE][FAILED] - Request SSN: Test Cases/Final Aug 2018 - PKS Automation/Registration Module/Workflow/Request SSN/OTC - RIO - RO (Approve) FAILED because (of) (Stack trace: com.kms.katalon.core.exception.StepFailedException: Unable to set text 'null' of object 'Object Repository/Final Object Repo/WorkFlow Listing Page/Ref No Set Text' (Root cause: java.lang.IllegalArgumentException: Text is null)
	at com.kms.katalon.core.keyword.internal.KeywordMain.stepFailed(KeywordMain.groovy:32)
	at com.kms.katalon.core.webui.keyword.internal.WebUIKeywordMain.stepFailed(WebUIKeywordMain.groovy:65)
	at com.kms.katalon.core.webui.keyword.internal.WebUIKeywordMain.runKeyword(WebUIKeywordMain.groovy:27)
	at com.kms.katalon.core.webui.keyword.builtin.SetTextKeyword.setText(SetTextKeyword.groovy:65)
	at com.kms.katalon.core.webui.keyword.builtin.SetTextKeyword.execute(SetTextKeyword.groovy:37)
	at com.kms.katalon.core.keyword.internal.KeywordExecutor.executeKeywordForPlatform(KeywordExecutor.groovy:53)
	at com.kms.katalon.core.webui.keyword.WebUiBuiltInKeywords.setText(WebUiBuiltInKeywords.groovy:950)
	at com.kms.katalon.core.webui.keyword.WebUiBuiltInKeywords$setText$1.call(Unknown Source)
	at org.codehaus.groovy.runtime.callsite.CallSiteArray.defaultCall(CallSiteArray.java:48)
	at org.codehaus.groovy.runtime.callsite.AbstractCallSite.call(AbstractCallSite.java:113)
	at org.codehaus.groovy.runtime.callsite.AbstractCallSite.call(AbstractCallSite.java:133)
	at Script1534407542420.run(Script1534407542420.groovy:83)
	at com.kms.katalon.core.main.ScriptEngine.run(ScriptEngine.java:183)
	at com.kms.katalon.core.main.ScriptEngine.runScriptAsRawText(ScriptEngine.java:108)
	at com.kms.katalon.core.main.TestCaseExecutor.runScript(TestCaseExecutor.java:294)
	at com.kms.katalon.core.main.TestCaseExecutor.doExecute(TestCaseExecutor.java:285)
	at com.kms.katalon.core.main.TestCaseExecutor.processExecutionPhase(TestCaseExecutor.java:264)
	at com.kms.katalon.core.main.TestCaseExecutor.accessMainPhase(TestCaseExecutor.java:256)
	at com.kms.katalon.core.main.TestCaseExecutor.execute(TestCaseExecutor.java:200)
	at com.kms.katalon.core.main.TestCaseMain.runTestCase(TestCaseMain.java:99)
	at com.kms.katalon.core.keyword.builtin.CallTestCaseKeyword$_callTestCase_closure1.doCall(CallTestCaseKeyword.groovy:60)
	at com.kms.katalon.core.keyword.builtin.CallTestCaseKeyword$_callTestCase_closure1.call(CallTestCaseKeyword.groovy)
	at com.kms.katalon.core.keyword.internal.KeywordMain.runKeyword(KeywordMain.groovy:54)
	at com.kms.katalon.core.keyword.builtin.CallTestCaseKeyword.callTestCase(CallTestCaseKeyword.groovy:81)
	at com.kms.katalon.core.keyword.builtin.CallTestCaseKeyword.execute(CallTestCaseKeyword.groovy:45)
	at com.kms.katalon.core.keyword.internal.KeywordExecutor.executeKeywordForPlatform(KeywordExecutor.groovy:53)
	at com.kms.katalon.core.keyword.BuiltinKeywords.callTestCase(BuiltinKeywords.groovy:334)
	at sun.reflect.NativeMethodAccessorImpl.invoke0(Native Method)
	at sun.reflect.NativeMethodAccessorImpl.invoke(NativeMethodAccessorImpl.java:62)
	at sun.reflect.DelegatingMethodAccessorImpl.invoke(DelegatingMethodAccessorImpl.java:43)
	at java.lang.reflect.Method.invoke(Method.java:498)
	at org.codehaus.groovy.reflection.CachedMethod.invoke(CachedMethod.java:93)
	at groovy.lang.MetaMethod.doMethodInvoke(MetaMethod.java:325)
	at groovy.lang.MetaClassImpl.invokeStaticMethod(MetaClassImpl.java:1469)
	at org.codehaus.groovy.runtime.callsite.StaticMetaClassSite.call(StaticMetaClassSite.java:53)
	at org.codehaus.groovy.runtime.callsite.CallSiteArray.defaultCall(CallSiteArray.java:48)
	at org.codehaus.groovy.runtime.callsite.AbstractCallSite.call(AbstractCallSite.java:113)
	at org.codehaus.groovy.runtime.callsite.AbstractCallSite.call(AbstractCallSite.java:141)
	at Script1537865992110.run(Script1537865992110.groovy:30)
	at com.kms.katalon.core.main.ScriptEngine.run(ScriptEngine.java:183)
	at com.kms.katalon.core.main.ScriptEngine.runScriptAsRawText(ScriptEngine.java:108)
	at com.kms.katalon.core.main.TestCaseExecutor.runScript(TestCaseExecutor.java:294)
	at com.kms.katalon.core.main.TestCaseExecutor.doExecute(TestCaseExecutor.java:285)
	at com.kms.katalon.core.main.TestCaseExecutor.processExecutionPhase(TestCaseExecutor.java:264)
	at com.kms.katalon.core.main.TestCaseExecutor.accessMainPhase(TestCaseExecutor.java:256)
	at com.kms.katalon.core.main.TestCaseExecutor.execute(TestCaseExecutor.java:200)
	at com.kms.katalon.core.main.TestCaseMain.runTestCase(TestCaseMain.java:99)
	at com.kms.katalon.core.keyword.builtin.CallTestCaseKeyword$_callTestCase_closure1.doCall(CallTestCaseKeyword.groovy:60)
	at com.kms.katalon.core.keyword.builtin.CallTestCaseKeyword$_callTestCase_closure1.call(CallTestCaseKeyword.groovy)
	at com.kms.katalon.core.keyword.internal.KeywordMain.runKeyword(KeywordMain.groovy:54)
	at com.kms.katalon.core.keyword.builtin.CallTestCaseKeyword.callTestCase(CallTestCaseKeyword.groovy:81)
	at com.kms.katalon.core.keyword.builtin.CallTestCaseKeyword.execute(CallTestCaseKeyword.groovy:45)
	at com.kms.katalon.core.keyword.internal.KeywordExecutor.executeKeywordForPlatform(KeywordExecutor.groovy:53)
	at com.kms.katalon.core.keyword.BuiltinKeywords.callTestCase(BuiltinKeywords.groovy:334)
	at sun.reflect.NativeMethodAccessorImpl.invoke0(Native Method)
	at sun.reflect.NativeMethodAccessorImpl.invoke(NativeMethodAccessorImpl.java:62)
	at sun.reflect.DelegatingMethodAccessorImpl.invoke(DelegatingMethodAccessorImpl.java:43)
	at java.lang.reflect.Method.invoke(Method.java:498)
	at org.codehaus.groovy.reflection.CachedMethod.invoke(CachedMethod.java:93)
	at groovy.lang.MetaMethod.doMethodInvoke(MetaMethod.java:325)
	at groovy.lang.MetaClassImpl.invokeStaticMethod(MetaClassImpl.java:1469)
	at org.codehaus.groovy.runtime.callsite.StaticMetaClassSite.call(StaticMetaClassSite.java:53)
	at org.codehaus.groovy.runtime.callsite.CallSiteArray.defaultCall(CallSiteArray.java:48)
	at org.codehaus.groovy.runtime.callsite.AbstractCallSite.call(AbstractCallSite.java:113)
	at org.codehaus.groovy.runtime.callsite.AbstractCallSite.call(AbstractCallSite.java:141)
	at Script1536300508581.run(Script1536300508581.groovy:26)
	at com.kms.katalon.core.main.ScriptEngine.run(ScriptEngine.java:183)
	at com.kms.katalon.core.main.ScriptEngine.runScriptAsRawText(ScriptEngine.java:108)
	at com.kms.katalon.core.main.TestCaseExecutor.runScript(TestCaseExecutor.java:294)
	at com.kms.katalon.core.main.TestCaseExecutor.doExecute(TestCaseExecutor.java:285)
	at com.kms.katalon.core.main.TestCaseExecutor.processExecutionPhase(TestCaseExecutor.java:264)
	at com.kms.katalon.core.main.TestCaseExecutor.accessMainPhase(TestCaseExecutor.java:256)
	at com.kms.katalon.core.main.TestCaseExecutor.execute(TestCaseExecutor.java:200)
	at com.kms.katalon.core.main.TestSuiteExecutor.accessTestCaseMainPhase(TestSuiteExecutor.java:129)
	at com.kms.katalon.core.main.TestSuiteExecutor.accessTestSuiteMainPhase(TestSuiteExecutor.java:112)
	at com.kms.katalon.core.main.TestSuiteExecutor.execute(TestSuiteExecutor.java:81)
	at com.kms.katalon.core.main.TestCaseMain.startTestSuite(TestCaseMain.java:142)
	at com.kms.katalon.core.main.TestCaseMain$startTestSuite$0.call(Unknown Source)
	at org.codehaus.groovy.runtime.callsite.CallSiteArray.defaultCall(CallSiteArray.java:48)
	at org.codehaus.groovy.runtime.callsite.AbstractCallSite.call(AbstractCallSite.java:113)
	at org.codehaus.groovy.runtime.callsite.AbstractCallSite.call(AbstractCallSite.java:141)
	at TempTestSuite1542874456978.run(TempTestSuite1542874456978.groovy:36)
	at groovy.lang.GroovyShell.runScriptOrMainOrTestOrRunnable(GroovyShell.java:263)
	at groovy.lang.GroovyShell.run(GroovyShell.java:518)
	at groovy.lang.GroovyShell.run(GroovyShell.java:507)
	at groovy.ui.GroovyMain.processOnce(GroovyMain.java:653)
	at groovy.ui.GroovyMain.run(GroovyMain.java:384)
	at groovy.ui.GroovyMain.process(GroovyMain.java:370)
	at groovy.ui.GroovyMain.processArgs(GroovyMain.java:129)
	at groovy.ui.GroovyMain.main(GroovyMain.java:109)
	at sun.reflect.NativeMethodAccessorImpl.invoke0(Native Method)
	at sun.reflect.NativeMethodAccessorImpl.invoke(NativeMethodAccessorImpl.java:62)
	at sun.reflect.DelegatingMethodAccessorImpl.invoke(DelegatingMethodAccessorImpl.java:43)
	at java.lang.reflect.Method.invoke(Method.java:498)
	at org.codehaus.groovy.tools.GroovyStarter.rootLoader(GroovyStarter.java:109)
	at org.codehaus.groovy.tools.GroovyStarter.main(GroovyStarter.java:131)
)]]></system-out>
      <system-err><![CDATA[2018-11-23 01:16:28 - [TEST_SUITE][FAILED] - Request SSN: Test Cases/Final Aug 2018 - PKS Automation/Registration Module/Workflow/Request SSN/OTC - RIO - RO (Approve) FAILED because (of) (Stack trace: com.kms.katalon.core.exception.StepFailedException: Unable to set text 'null' of object 'Object Repository/Final Object Repo/WorkFlow Listing Page/Ref No Set Text' (Root cause: java.lang.IllegalArgumentException: Text is null)
	at com.kms.katalon.core.keyword.internal.KeywordMain.stepFailed(KeywordMain.groovy:32)
	at com.kms.katalon.core.webui.keyword.internal.WebUIKeywordMain.stepFailed(WebUIKeywordMain.groovy:65)
	at com.kms.katalon.core.webui.keyword.internal.WebUIKeywordMain.runKeyword(WebUIKeywordMain.groovy:27)
	at com.kms.katalon.core.webui.keyword.builtin.SetTextKeyword.setText(SetTextKeyword.groovy:65)
	at com.kms.katalon.core.webui.keyword.builtin.SetTextKeyword.execute(SetTextKeyword.groovy:37)
	at com.kms.katalon.core.keyword.internal.KeywordExecutor.executeKeywordForPlatform(KeywordExecutor.groovy:53)
	at com.kms.katalon.core.webui.keyword.WebUiBuiltInKeywords.setText(WebUiBuiltInKeywords.groovy:950)
	at com.kms.katalon.core.webui.keyword.WebUiBuiltInKeywords$setText$1.call(Unknown Source)
	at org.codehaus.groovy.runtime.callsite.CallSiteArray.defaultCall(CallSiteArray.java:48)
	at org.codehaus.groovy.runtime.callsite.AbstractCallSite.call(AbstractCallSite.java:113)
	at org.codehaus.groovy.runtime.callsite.AbstractCallSite.call(AbstractCallSite.java:133)
	at Script1534407542420.run(Script1534407542420.groovy:83)
	at com.kms.katalon.core.main.ScriptEngine.run(ScriptEngine.java:183)
	at com.kms.katalon.core.main.ScriptEngine.runScriptAsRawText(ScriptEngine.java:108)
	at com.kms.katalon.core.main.TestCaseExecutor.runScript(TestCaseExecutor.java:294)
	at com.kms.katalon.core.main.TestCaseExecutor.doExecute(TestCaseExecutor.java:285)
	at com.kms.katalon.core.main.TestCaseExecutor.processExecutionPhase(TestCaseExecutor.java:264)
	at com.kms.katalon.core.main.TestCaseExecutor.accessMainPhase(TestCaseExecutor.java:256)
	at com.kms.katalon.core.main.TestCaseExecutor.execute(TestCaseExecutor.java:200)
	at com.kms.katalon.core.main.TestCaseMain.runTestCase(TestCaseMain.java:99)
	at com.kms.katalon.core.keyword.builtin.CallTestCaseKeyword$_callTestCase_closure1.doCall(CallTestCaseKeyword.groovy:60)
	at com.kms.katalon.core.keyword.builtin.CallTestCaseKeyword$_callTestCase_closure1.call(CallTestCaseKeyword.groovy)
	at com.kms.katalon.core.keyword.internal.KeywordMain.runKeyword(KeywordMain.groovy:54)
	at com.kms.katalon.core.keyword.builtin.CallTestCaseKeyword.callTestCase(CallTestCaseKeyword.groovy:81)
	at com.kms.katalon.core.keyword.builtin.CallTestCaseKeyword.execute(CallTestCaseKeyword.groovy:45)
	at com.kms.katalon.core.keyword.internal.KeywordExecutor.executeKeywordForPlatform(KeywordExecutor.groovy:53)
	at com.kms.katalon.core.keyword.BuiltinKeywords.callTestCase(BuiltinKeywords.groovy:334)
	at sun.reflect.NativeMethodAccessorImpl.invoke0(Native Method)
	at sun.reflect.NativeMethodAccessorImpl.invoke(NativeMethodAccessorImpl.java:62)
	at sun.reflect.DelegatingMethodAccessorImpl.invoke(DelegatingMethodAccessorImpl.java:43)
	at java.lang.reflect.Method.invoke(Method.java:498)
	at org.codehaus.groovy.reflection.CachedMethod.invoke(CachedMethod.java:93)
	at groovy.lang.MetaMethod.doMethodInvoke(MetaMethod.java:325)
	at groovy.lang.MetaClassImpl.invokeStaticMethod(MetaClassImpl.java:1469)
	at org.codehaus.groovy.runtime.callsite.StaticMetaClassSite.call(StaticMetaClassSite.java:53)
	at org.codehaus.groovy.runtime.callsite.CallSiteArray.defaultCall(CallSiteArray.java:48)
	at org.codehaus.groovy.runtime.callsite.AbstractCallSite.call(AbstractCallSite.java:113)
	at org.codehaus.groovy.runtime.callsite.AbstractCallSite.call(AbstractCallSite.java:141)
	at Script1537865992110.run(Script1537865992110.groovy:30)
	at com.kms.katalon.core.main.ScriptEngine.run(ScriptEngine.java:183)
	at com.kms.katalon.core.main.ScriptEngine.runScriptAsRawText(ScriptEngine.java:108)
	at com.kms.katalon.core.main.TestCaseExecutor.runScript(TestCaseExecutor.java:294)
	at com.kms.katalon.core.main.TestCaseExecutor.doExecute(TestCaseExecutor.java:285)
	at com.kms.katalon.core.main.TestCaseExecutor.processExecutionPhase(TestCaseExecutor.java:264)
	at com.kms.katalon.core.main.TestCaseExecutor.accessMainPhase(TestCaseExecutor.java:256)
	at com.kms.katalon.core.main.TestCaseExecutor.execute(TestCaseExecutor.java:200)
	at com.kms.katalon.core.main.TestCaseMain.runTestCase(TestCaseMain.java:99)
	at com.kms.katalon.core.keyword.builtin.CallTestCaseKeyword$_callTestCase_closure1.doCall(CallTestCaseKeyword.groovy:60)
	at com.kms.katalon.core.keyword.builtin.CallTestCaseKeyword$_callTestCase_closure1.call(CallTestCaseKeyword.groovy)
	at com.kms.katalon.core.keyword.internal.KeywordMain.runKeyword(KeywordMain.groovy:54)
	at com.kms.katalon.core.keyword.builtin.CallTestCaseKeyword.callTestCase(CallTestCaseKeyword.groovy:81)
	at com.kms.katalon.core.keyword.builtin.CallTestCaseKeyword.execute(CallTestCaseKeyword.groovy:45)
	at com.kms.katalon.core.keyword.internal.KeywordExecutor.executeKeywordForPlatform(KeywordExecutor.groovy:53)
	at com.kms.katalon.core.keyword.BuiltinKeywords.callTestCase(BuiltinKeywords.groovy:334)
	at sun.reflect.NativeMethodAccessorImpl.invoke0(Native Method)
	at sun.reflect.NativeMethodAccessorImpl.invoke(NativeMethodAccessorImpl.java:62)
	at sun.reflect.DelegatingMethodAccessorImpl.invoke(DelegatingMethodAccessorImpl.java:43)
	at java.lang.reflect.Method.invoke(Method.java:498)
	at org.codehaus.groovy.reflection.CachedMethod.invoke(CachedMethod.java:93)
	at groovy.lang.MetaMethod.doMethodInvoke(MetaMethod.java:325)
	at groovy.lang.MetaClassImpl.invokeStaticMethod(MetaClassImpl.java:1469)
	at org.codehaus.groovy.runtime.callsite.StaticMetaClassSite.call(StaticMetaClassSite.java:53)
	at org.codehaus.groovy.runtime.callsite.CallSiteArray.defaultCall(CallSiteArray.java:48)
	at org.codehaus.groovy.runtime.callsite.AbstractCallSite.call(AbstractCallSite.java:113)
	at org.codehaus.groovy.runtime.callsite.AbstractCallSite.call(AbstractCallSite.java:141)
	at Script1536300508581.run(Script1536300508581.groovy:26)
	at com.kms.katalon.core.main.ScriptEngine.run(ScriptEngine.java:183)
	at com.kms.katalon.core.main.ScriptEngine.runScriptAsRawText(ScriptEngine.java:108)
	at com.kms.katalon.core.main.TestCaseExecutor.runScript(TestCaseExecutor.java:294)
	at com.kms.katalon.core.main.TestCaseExecutor.doExecute(TestCaseExecutor.java:285)
	at com.kms.katalon.core.main.TestCaseExecutor.processExecutionPhase(TestCaseExecutor.java:264)
	at com.kms.katalon.core.main.TestCaseExecutor.accessMainPhase(TestCaseExecutor.java:256)
	at com.kms.katalon.core.main.TestCaseExecutor.execute(TestCaseExecutor.java:200)
	at com.kms.katalon.core.main.TestSuiteExecutor.accessTestCaseMainPhase(TestSuiteExecutor.java:129)
	at com.kms.katalon.core.main.TestSuiteExecutor.accessTestSuiteMainPhase(TestSuiteExecutor.java:112)
	at com.kms.katalon.core.main.TestSuiteExecutor.execute(TestSuiteExecutor.java:81)
	at com.kms.katalon.core.main.TestCaseMain.startTestSuite(TestCaseMain.java:142)
	at com.kms.katalon.core.main.TestCaseMain$startTestSuite$0.call(Unknown Source)
	at org.codehaus.groovy.runtime.callsite.CallSiteArray.defaultCall(CallSiteArray.java:48)
	at org.codehaus.groovy.runtime.callsite.AbstractCallSite.call(AbstractCallSite.java:113)
	at org.codehaus.groovy.runtime.callsite.AbstractCallSite.call(AbstractCallSite.java:141)
	at TempTestSuite1542874456978.run(TempTestSuite1542874456978.groovy:36)
	at groovy.lang.GroovyShell.runScriptOrMainOrTestOrRunnable(GroovyShell.java:263)
	at groovy.lang.GroovyShell.run(GroovyShell.java:518)
	at groovy.lang.GroovyShell.run(GroovyShell.java:507)
	at groovy.ui.GroovyMain.processOnce(GroovyMain.java:653)
	at groovy.ui.GroovyMain.run(GroovyMain.java:384)
	at groovy.ui.GroovyMain.process(GroovyMain.java:370)
	at groovy.ui.GroovyMain.processArgs(GroovyMain.java:129)
	at groovy.ui.GroovyMain.main(GroovyMain.java:109)
	at sun.reflect.NativeMethodAccessorImpl.invoke0(Native Method)
	at sun.reflect.NativeMethodAccessorImpl.invoke(NativeMethodAccessorImpl.java:62)
	at sun.reflect.DelegatingMethodAccessorImpl.invoke(DelegatingMethodAccessorImpl.java:43)
	at java.lang.reflect.Method.invoke(Method.java:498)
	at org.codehaus.groovy.tools.GroovyStarter.rootLoader(GroovyStarter.java:109)
	at org.codehaus.groovy.tools.GroovyStarter.main(GroovyStarter.java:131)
)]]></system-err>
   </testsuite>
</testsuites>
