<?xml version="1.0" encoding="UTF-8"?>
<testsuites name="Form 1A - Cessation as Employer" time="6884" tests="0" failures="12" errors="0">
   <testsuite name="Form 1A - Cessation as Employer" tests="0" failures="12" errors="0" time="6884" timestamp="2018-10-19 11:30:59" hostname="Wei Zheng - 192.168.137.1" id="Test Suites/Workflow/Form 1A - Cessation as Employer">
      <properties>
         <property name="deviceName" value=""/>
         <property name="devicePlatform" value=""/>
         <property name="logFolder" value="C:\\Users\\LENOVO\\Katalon Studio\\Perkeso Phase A\\Reports\\Workflow\\Form 1A - Cessation as Employer\\20181019_094055"/>
         <property name="logFiles" value="C:\\Users\\LENOVO\\Katalon Studio\\Perkeso Phase A\\Reports\\Workflow\\Form 1A - Cessation as Employer\\20181019_094055\\execution0.log"/>
         <property name="attachments" value="C:\\Users\\LENOVO\\Katalon Studio\\Perkeso Phase A\\Reports\\Workflow\\Form 1A - Cessation as Employer\\20181019_094055\\1539920248425.png, C:\\Users\\LENOVO\\Katalon Studio\\Perkeso Phase A\\Reports\\Workflow\\Form 1A - Cessation as Employer\\20181019_094055\\1539920378160.png, C:\\Users\\LENOVO\\Katalon Studio\\Perkeso Phase A\\Reports\\Workflow\\Form 1A - Cessation as Employer\\20181019_094055\\1539920495730.png, C:\\Users\\LENOVO\\Katalon Studio\\Perkeso Phase A\\Reports\\Workflow\\Form 1A - Cessation as Employer\\20181019_094055\\1539920870384.png, C:\\Users\\LENOVO\\Katalon Studio\\Perkeso Phase A\\Reports\\Workflow\\Form 1A - Cessation as Employer\\20181019_094055\\1539921000486.png, C:\\Users\\LENOVO\\Katalon Studio\\Perkeso Phase A\\Reports\\Workflow\\Form 1A - Cessation as Employer\\20181019_094055\\1539921017153.png, C:\\Users\\LENOVO\\Katalon Studio\\Perkeso Phase A\\Reports\\Workflow\\Form 1A - Cessation as Employer\\20181019_094055\\1539921414214.png, C:\\Users\\LENOVO\\Katalon Studio\\Perkeso Phase A\\Reports\\Workflow\\Form 1A - Cessation as Employer\\20181019_094055\\1539921544181.png, C:\\Users\\LENOVO\\Katalon Studio\\Perkeso Phase A\\Reports\\Workflow\\Form 1A - Cessation as Employer\\20181019_094055\\1539921560409.png, C:\\Users\\LENOVO\\Katalon Studio\\Perkeso Phase A\\Reports\\Workflow\\Form 1A - Cessation as Employer\\20181019_094055\\1539921659814.png, C:\\Users\\LENOVO\\Katalon Studio\\Perkeso Phase A\\Reports\\Workflow\\Form 1A - Cessation as Employer\\20181019_094055\\1539921799203.png, C:\\Users\\LENOVO\\Katalon Studio\\Perkeso Phase A\\Reports\\Workflow\\Form 1A - Cessation as Employer\\20181019_094055\\1539921806817.png, C:\\Users\\LENOVO\\Katalon Studio\\Perkeso Phase A\\Reports\\Workflow\\Form 1A - Cessation as Employer\\20181019_094055\\1539921987802.png, C:\\Users\\LENOVO\\Katalon Studio\\Perkeso Phase A\\Reports\\Workflow\\Form 1A - Cessation as Employer\\20181019_094055\\1539922119186.png, C:\\Users\\LENOVO\\Katalon Studio\\Perkeso Phase A\\Reports\\Workflow\\Form 1A - Cessation as Employer\\20181019_094055\\1539922250915.png, C:\\Users\\LENOVO\\Katalon Studio\\Perkeso Phase A\\Reports\\Workflow\\Form 1A - Cessation as Employer\\20181019_094055\\1539922253262.png, C:\\Users\\LENOVO\\Katalon Studio\\Perkeso Phase A\\Reports\\Workflow\\Form 1A - Cessation as Employer\\20181019_094055\\1539922392354.png, C:\\Users\\LENOVO\\Katalon Studio\\Perkeso Phase A\\Reports\\Workflow\\Form 1A - Cessation as Employer\\20181019_094055\\1539922501800.png, C:\\Users\\LENOVO\\Katalon Studio\\Perkeso Phase A\\Reports\\Workflow\\Form 1A - Cessation as Employer\\20181019_094055\\1539922633123.png, C:\\Users\\LENOVO\\Katalon Studio\\Perkeso Phase A\\Reports\\Workflow\\Form 1A - Cessation as Employer\\20181019_094055\\1539922765777.png, C:\\Users\\LENOVO\\Katalon Studio\\Perkeso Phase A\\Reports\\Workflow\\Form 1A - Cessation as Employer\\20181019_094055\\1539922768182.png, C:\\Users\\LENOVO\\Katalon Studio\\Perkeso Phase A\\Reports\\Workflow\\Form 1A - Cessation as Employer\\20181019_094055\\1539922908495.png, C:\\Users\\LENOVO\\Katalon Studio\\Perkeso Phase A\\Reports\\Workflow\\Form 1A - Cessation as Employer\\20181019_094055\\1539923085256.png, C:\\Users\\LENOVO\\Katalon Studio\\Perkeso Phase A\\Reports\\Workflow\\Form 1A - Cessation as Employer\\20181019_094055\\1539923222700.png, C:\\Users\\LENOVO\\Katalon Studio\\Perkeso Phase A\\Reports\\Workflow\\Form 1A - Cessation as Employer\\20181019_094055\\1539923230289.png, C:\\Users\\LENOVO\\Katalon Studio\\Perkeso Phase A\\Reports\\Workflow\\Form 1A - Cessation as Employer\\20181019_094055\\1539923362333.png, C:\\Users\\LENOVO\\Katalon Studio\\Perkeso Phase A\\Reports\\Workflow\\Form 1A - Cessation as Employer\\20181019_094055\\1539923495007.png, C:\\Users\\LENOVO\\Katalon Studio\\Perkeso Phase A\\Reports\\Workflow\\Form 1A - Cessation as Employer\\20181019_094055\\1539923497406.png, C:\\Users\\LENOVO\\Katalon Studio\\Perkeso Phase A\\Reports\\Workflow\\Form 1A - Cessation as Employer\\20181019_094055\\1539923638243.png, C:\\Users\\LENOVO\\Katalon Studio\\Perkeso Phase A\\Reports\\Workflow\\Form 1A - Cessation as Employer\\20181019_094055\\1539923738238.png, C:\\Users\\LENOVO\\Katalon Studio\\Perkeso Phase A\\Reports\\Workflow\\Form 1A - Cessation as Employer\\20181019_094055\\1539923875513.png, C:\\Users\\LENOVO\\Katalon Studio\\Perkeso Phase A\\Reports\\Workflow\\Form 1A - Cessation as Employer\\20181019_094055\\1539923883090.png, C:\\Users\\LENOVO\\Katalon Studio\\Perkeso Phase A\\Reports\\Workflow\\Form 1A - Cessation as Employer\\20181019_094055\\1539924015283.png, C:\\Users\\LENOVO\\Katalon Studio\\Perkeso Phase A\\Reports\\Workflow\\Form 1A - Cessation as Employer\\20181019_094055\\1539924147862.png, C:\\Users\\LENOVO\\Katalon Studio\\Perkeso Phase A\\Reports\\Workflow\\Form 1A - Cessation as Employer\\20181019_094055\\1539924150284.png, C:\\Users\\LENOVO\\Katalon Studio\\Perkeso Phase A\\Reports\\Workflow\\Form 1A - Cessation as Employer\\20181019_094055\\1539924291008.png, C:\\Users\\LENOVO\\Katalon Studio\\Perkeso Phase A\\Reports\\Workflow\\Form 1A - Cessation as Employer\\20181019_094055\\1539924391317.png, C:\\Users\\LENOVO\\Katalon Studio\\Perkeso Phase A\\Reports\\Workflow\\Form 1A - Cessation as Employer\\20181019_094055\\1539924523374.png, C:\\Users\\LENOVO\\Katalon Studio\\Perkeso Phase A\\Reports\\Workflow\\Form 1A - Cessation as Employer\\20181019_094055\\1539924655962.png, C:\\Users\\LENOVO\\Katalon Studio\\Perkeso Phase A\\Reports\\Workflow\\Form 1A - Cessation as Employer\\20181019_094055\\1539924658375.png, C:\\Users\\LENOVO\\Katalon Studio\\Perkeso Phase A\\Reports\\Workflow\\Form 1A - Cessation as Employer\\20181019_094055\\1539924798724.png, C:\\Users\\LENOVO\\Katalon Studio\\Perkeso Phase A\\Reports\\Workflow\\Form 1A - Cessation as Employer\\20181019_094055\\1539924894833.png, C:\\Users\\LENOVO\\Katalon Studio\\Perkeso Phase A\\Reports\\Workflow\\Form 1A - Cessation as Employer\\20181019_094055\\1539925031090.png, C:\\Users\\LENOVO\\Katalon Studio\\Perkeso Phase A\\Reports\\Workflow\\Form 1A - Cessation as Employer\\20181019_094055\\1539925038633.png, C:\\Users\\LENOVO\\Katalon Studio\\Perkeso Phase A\\Reports\\Workflow\\Form 1A - Cessation as Employer\\20181019_094055\\1539925170127.png, C:\\Users\\LENOVO\\Katalon Studio\\Perkeso Phase A\\Reports\\Workflow\\Form 1A - Cessation as Employer\\20181019_094055\\1539925302344.png, C:\\Users\\LENOVO\\Katalon Studio\\Perkeso Phase A\\Reports\\Workflow\\Form 1A - Cessation as Employer\\20181019_094055\\1539925304698.png, C:\\Users\\LENOVO\\Katalon Studio\\Perkeso Phase A\\Reports\\Workflow\\Form 1A - Cessation as Employer\\20181019_094055\\1539925444958.png, C:\\Users\\LENOVO\\Katalon Studio\\Perkeso Phase A\\Reports\\Workflow\\Form 1A - Cessation as Employer\\20181019_094055\\1539925539735.png, C:\\Users\\LENOVO\\Katalon Studio\\Perkeso Phase A\\Reports\\Workflow\\Form 1A - Cessation as Employer\\20181019_094055\\1539925677183.png, C:\\Users\\LENOVO\\Katalon Studio\\Perkeso Phase A\\Reports\\Workflow\\Form 1A - Cessation as Employer\\20181019_094055\\1539925684783.png, C:\\Users\\LENOVO\\Katalon Studio\\Perkeso Phase A\\Reports\\Workflow\\Form 1A - Cessation as Employer\\20181019_094055\\1539925816848.png, C:\\Users\\LENOVO\\Katalon Studio\\Perkeso Phase A\\Reports\\Workflow\\Form 1A - Cessation as Employer\\20181019_094055\\1539925949293.png, C:\\Users\\LENOVO\\Katalon Studio\\Perkeso Phase A\\Reports\\Workflow\\Form 1A - Cessation as Employer\\20181019_094055\\1539925951721.png, C:\\Users\\LENOVO\\Katalon Studio\\Perkeso Phase A\\Reports\\Workflow\\Form 1A - Cessation as Employer\\20181019_094055\\1539926092564.png, C:\\Users\\LENOVO\\Katalon Studio\\Perkeso Phase A\\Reports\\Workflow\\Form 1A - Cessation as Employer\\20181019_094055\\1539926190125.png, C:\\Users\\LENOVO\\Katalon Studio\\Perkeso Phase A\\Reports\\Workflow\\Form 1A - Cessation as Employer\\20181019_094055\\1539926327311.png, C:\\Users\\LENOVO\\Katalon Studio\\Perkeso Phase A\\Reports\\Workflow\\Form 1A - Cessation as Employer\\20181019_094055\\1539926334839.png, C:\\Users\\LENOVO\\Katalon Studio\\Perkeso Phase A\\Reports\\Workflow\\Form 1A - Cessation as Employer\\20181019_094055\\1539926467031.png, C:\\Users\\LENOVO\\Katalon Studio\\Perkeso Phase A\\Reports\\Workflow\\Form 1A - Cessation as Employer\\20181019_094055\\1539926599478.png, C:\\Users\\LENOVO\\Katalon Studio\\Perkeso Phase A\\Reports\\Workflow\\Form 1A - Cessation as Employer\\20181019_094055\\1539926601907.png, C:\\Users\\LENOVO\\Katalon Studio\\Perkeso Phase A\\Reports\\Workflow\\Form 1A - Cessation as Employer\\20181019_094055\\1539926742760.png"/>
         <property name="hostName" value="Wei Zheng - 192.168.137.1"/>
         <property name="os" value="Windows 7 64bit"/>
         <property name="katalonVersion" value="5.7.1.1"/>
         <property name="browser" value="Chrome 69.0.3497.100"/>
         <property name="hostAddress" value="192.168.137.1"/>
         <property name="sessionId" value="0755382d577944a6c265f5c29c9cdc6d"/>
         <property name="seleniumVersion" value="3.7.1"/>
         <property name="proxyInformation" value="ProxyInformation{proxyOption=NO_PROXY, proxyServerType=HTTP, password=, proxyServerAddress=, proxyServerPort=0}"/>
         <property name="platform" value="Windows 7"/>
      </properties>
      <testcase name="Test Cases/Final Aug 2018 - PKS Automation/Registration Module/Workflow/Form 1A - Cessation As Employer/Employer to UO (Approve)" classname="Test Cases/Final Aug 2018 - PKS Automation/Registration Module/Workflow/Form 1A - Cessation As Employer/Employer to UO (Approve)" status="FAILED">
         <failure type="FAILED" message="(Stack trace: com.kms.katalon.core.exception.StepFailedException: Unable to click on object 'Object Repository/Final Object Repo/Page_Update Employer Information/Edit Button' (Root cause: org.openqa.selenium.StaleElementReferenceException: stale element reference: element is not attached to the page document
  (Session info: chrome=69.0.3497.100)
  (Driver info: chromedriver=2.35.528161 (5b82f2d2aae0ca24b877009200ced9065a772e73),platform=Windows NT 6.1.7601 SP1 x86_64) (WARNING: The server did not provide any stacktrace information)
Command duration or timeout: 0 milliseconds
For documentation on this error, please visit: http://seleniumhq.org/exceptions/stale_element_reference.html
Build info: version: '3.7.1', revision: '8a0099a', time: '2017-11-06T21:07:36.161Z'
System info: host: 'WEIZHENG', ip: '192.168.137.1', os.name: 'Windows 7', os.arch: 'amd64', os.version: '6.1', java.version: '1.8.0_181'
Driver info: com.kms.katalon.selenium.driver.CChromeDriver
Capabilities {acceptInsecureCerts: false, acceptSslCerts: false, applicationCacheEnabled: false, browserConnectionEnabled: false, browserName: chrome, chrome: {chromedriverVersion: 2.35.528161 (5b82f2d2aae0ca..., userDataDir: C:\Users\WEIZHE~1\AppData\L...}, cssSelectorsEnabled: true, databaseEnabled: false, handlesAlerts: true, hasTouchScreen: false, javascriptEnabled: true, locationContextEnabled: true, mobileEmulationEnabled: false, nativeEvents: true, networkConnectionEnabled: false, pageLoadStrategy: normal, platform: XP, platformName: XP, rotatable: false, setWindowRect: true, takesHeapSnapshot: true, takesScreenshot: true, unexpectedAlertBehaviour: , unhandledPromptBehavior: , version: 69.0.3497.100, webStorageEnabled: true}
Session ID: 16cacec359ac2f62ceb578759be01abc)
	at com.kms.katalon.core.keyword.internal.KeywordMain.stepFailed(KeywordMain.groovy:32)
	at com.kms.katalon.core.webui.keyword.internal.WebUIKeywordMain.stepFailed(WebUIKeywordMain.groovy:65)
	at com.kms.katalon.core.webui.keyword.internal.WebUIKeywordMain.runKeyword(WebUIKeywordMain.groovy:27)
	at com.kms.katalon.core.webui.keyword.builtin.ClickKeyword.click(ClickKeyword.groovy:86)
	at com.kms.katalon.core.webui.keyword.builtin.ClickKeyword.execute(ClickKeyword.groovy:67)
	at com.kms.katalon.core.keyword.internal.KeywordExecutor.executeKeywordForPlatform(KeywordExecutor.groovy:53)
	at com.kms.katalon.core.webui.keyword.WebUiBuiltInKeywords.click(WebUiBuiltInKeywords.groovy:616)
	at com.kms.katalon.core.webui.keyword.WebUiBuiltInKeywords$click$2.call(Unknown Source)
	at org.codehaus.groovy.runtime.callsite.CallSiteArray.defaultCall(CallSiteArray.java:48)
	at org.codehaus.groovy.runtime.callsite.AbstractCallSite.call(AbstractCallSite.java:113)
	at org.codehaus.groovy.runtime.callsite.AbstractCallSite.call(AbstractCallSite.java:125)
	at Script1536729355807.run(Script1536729355807.groovy:37)
	at com.kms.katalon.core.main.ScriptEngine.run(ScriptEngine.java:183)
	at com.kms.katalon.core.main.ScriptEngine.runScriptAsRawText(ScriptEngine.java:108)
	at com.kms.katalon.core.main.TestCaseExecutor.runScript(TestCaseExecutor.java:294)
	at com.kms.katalon.core.main.TestCaseExecutor.doExecute(TestCaseExecutor.java:285)
	at com.kms.katalon.core.main.TestCaseExecutor.processExecutionPhase(TestCaseExecutor.java:264)
	at com.kms.katalon.core.main.TestCaseExecutor.accessMainPhase(TestCaseExecutor.java:256)
	at com.kms.katalon.core.main.TestCaseExecutor.execute(TestCaseExecutor.java:200)
	at com.kms.katalon.core.main.TestCaseMain.runTestCase(TestCaseMain.java:99)
	at com.kms.katalon.core.keyword.builtin.CallTestCaseKeyword$_callTestCase_closure1.doCall(CallTestCaseKeyword.groovy:60)
	at com.kms.katalon.core.keyword.builtin.CallTestCaseKeyword$_callTestCase_closure1.call(CallTestCaseKeyword.groovy)
	at com.kms.katalon.core.keyword.internal.KeywordMain.runKeyword(KeywordMain.groovy:54)
	at com.kms.katalon.core.keyword.builtin.CallTestCaseKeyword.callTestCase(CallTestCaseKeyword.groovy:81)
	at com.kms.katalon.core.keyword.builtin.CallTestCaseKeyword.execute(CallTestCaseKeyword.groovy:45)
	at com.kms.katalon.core.keyword.internal.KeywordExecutor.executeKeywordForPlatform(KeywordExecutor.groovy:53)
	at com.kms.katalon.core.keyword.BuiltinKeywords.callTestCase(BuiltinKeywords.groovy:334)
	at sun.reflect.NativeMethodAccessorImpl.invoke0(Native Method)
	at sun.reflect.NativeMethodAccessorImpl.invoke(NativeMethodAccessorImpl.java:62)
	at sun.reflect.DelegatingMethodAccessorImpl.invoke(DelegatingMethodAccessorImpl.java:43)
	at java.lang.reflect.Method.invoke(Method.java:498)
	at org.codehaus.groovy.reflection.CachedMethod.invoke(CachedMethod.java:93)
	at groovy.lang.MetaMethod.doMethodInvoke(MetaMethod.java:325)
	at groovy.lang.MetaClassImpl.invokeStaticMethod(MetaClassImpl.java:1469)
	at org.codehaus.groovy.runtime.callsite.StaticMetaClassSite.call(StaticMetaClassSite.java:53)
	at org.codehaus.groovy.runtime.callsite.CallSiteArray.defaultCall(CallSiteArray.java:48)
	at org.codehaus.groovy.runtime.callsite.AbstractCallSite.call(AbstractCallSite.java:113)
	at org.codehaus.groovy.runtime.callsite.AbstractCallSite.call(AbstractCallSite.java:141)
	at Script1536729512789.run(Script1536729512789.groovy:23)
	at com.kms.katalon.core.main.ScriptEngine.run(ScriptEngine.java:183)
	at com.kms.katalon.core.main.ScriptEngine.runScriptAsRawText(ScriptEngine.java:108)
	at com.kms.katalon.core.main.TestCaseExecutor.runScript(TestCaseExecutor.java:294)
	at com.kms.katalon.core.main.TestCaseExecutor.doExecute(TestCaseExecutor.java:285)
	at com.kms.katalon.core.main.TestCaseExecutor.processExecutionPhase(TestCaseExecutor.java:264)
	at com.kms.katalon.core.main.TestCaseExecutor.accessMainPhase(TestCaseExecutor.java:256)
	at com.kms.katalon.core.main.TestCaseExecutor.execute(TestCaseExecutor.java:200)
	at com.kms.katalon.core.main.TestSuiteExecutor.accessTestCaseMainPhase(TestSuiteExecutor.java:129)
	at com.kms.katalon.core.main.TestSuiteExecutor.accessTestSuiteMainPhase(TestSuiteExecutor.java:112)
	at com.kms.katalon.core.main.TestSuiteExecutor.execute(TestSuiteExecutor.java:81)
	at com.kms.katalon.core.main.TestCaseMain.startTestSuite(TestCaseMain.java:142)
	at com.kms.katalon.core.main.TestCaseMain$startTestSuite$0.call(Unknown Source)
	at org.codehaus.groovy.runtime.callsite.CallSiteArray.defaultCall(CallSiteArray.java:48)
	at org.codehaus.groovy.runtime.callsite.AbstractCallSite.call(AbstractCallSite.java:113)
	at org.codehaus.groovy.runtime.callsite.AbstractCallSite.call(AbstractCallSite.java:141)
	at TempTestSuite1539913255508.run(TempTestSuite1539913255508.groovy:36)
	at groovy.lang.GroovyShell.runScriptOrMainOrTestOrRunnable(GroovyShell.java:263)
	at groovy.lang.GroovyShell.run(GroovyShell.java:518)
	at groovy.lang.GroovyShell.run(GroovyShell.java:507)
	at groovy.ui.GroovyMain.processOnce(GroovyMain.java:653)
	at groovy.ui.GroovyMain.run(GroovyMain.java:384)
	at groovy.ui.GroovyMain.process(GroovyMain.java:370)
	at groovy.ui.GroovyMain.processArgs(GroovyMain.java:129)
	at groovy.ui.GroovyMain.main(GroovyMain.java:109)
	at sun.reflect.NativeMethodAccessorImpl.invoke0(Native Method)
	at sun.reflect.NativeMethodAccessorImpl.invoke(NativeMethodAccessorImpl.java:62)
	at sun.reflect.DelegatingMethodAccessorImpl.invoke(DelegatingMethodAccessorImpl.java:43)
	at java.lang.reflect.Method.invoke(Method.java:498)
	at org.codehaus.groovy.tools.GroovyStarter.rootLoader(GroovyStarter.java:109)
	at org.codehaus.groovy.tools.GroovyStarter.main(GroovyStarter.java:131)
)"/>
         <system-out><![CDATA[2018-10-19 11:30:59 - [TEST_CASE][FAILED] - Test Cases/Final Aug 2018 - PKS Automation/Registration Module/Workflow/Form 1A - Cessation As Employer/Employer to UO (Approve): Test Cases/Final Aug 2018 - PKS Automation/Registration Module/Workflow/Form 1A - Cessation As Employer/Employer to UO (Approve) FAILED because (of) (Stack trace: com.kms.katalon.core.exception.StepFailedException: Unable to click on object 'Object Repository/Final Object Repo/Page_Update Employer Information/Edit Button' (Root cause: org.openqa.selenium.StaleElementReferenceException: stale element reference: element is not attached to the page document
  (Session info: chrome=69.0.3497.100)
  (Driver info: chromedriver=2.35.528161 (5b82f2d2aae0ca24b877009200ced9065a772e73),platform=Windows NT 6.1.7601 SP1 x86_64) (WARNING: The server did not provide any stacktrace information)
Command duration or timeout: 0 milliseconds
For documentation on this error, please visit: http://seleniumhq.org/exceptions/stale_element_reference.html
Build info: version: '3.7.1', revision: '8a0099a', time: '2017-11-06T21:07:36.161Z'
System info: host: 'WEIZHENG', ip: '192.168.137.1', os.name: 'Windows 7', os.arch: 'amd64', os.version: '6.1', java.version: '1.8.0_181'
Driver info: com.kms.katalon.selenium.driver.CChromeDriver
Capabilities {acceptInsecureCerts: false, acceptSslCerts: false, applicationCacheEnabled: false, browserConnectionEnabled: false, browserName: chrome, chrome: {chromedriverVersion: 2.35.528161 (5b82f2d2aae0ca..., userDataDir: C:\Users\WEIZHE~1\AppData\L...}, cssSelectorsEnabled: true, databaseEnabled: false, handlesAlerts: true, hasTouchScreen: false, javascriptEnabled: true, locationContextEnabled: true, mobileEmulationEnabled: false, nativeEvents: true, networkConnectionEnabled: false, pageLoadStrategy: normal, platform: XP, platformName: XP, rotatable: false, setWindowRect: true, takesHeapSnapshot: true, takesScreenshot: true, unexpectedAlertBehaviour: , unhandledPromptBehavior: , version: 69.0.3497.100, webStorageEnabled: true}
Session ID: 16cacec359ac2f62ceb578759be01abc)
	at com.kms.katalon.core.keyword.internal.KeywordMain.stepFailed(KeywordMain.groovy:32)
	at com.kms.katalon.core.webui.keyword.internal.WebUIKeywordMain.stepFailed(WebUIKeywordMain.groovy:65)
	at com.kms.katalon.core.webui.keyword.internal.WebUIKeywordMain.runKeyword(WebUIKeywordMain.groovy:27)
	at com.kms.katalon.core.webui.keyword.builtin.ClickKeyword.click(ClickKeyword.groovy:86)
	at com.kms.katalon.core.webui.keyword.builtin.ClickKeyword.execute(ClickKeyword.groovy:67)
	at com.kms.katalon.core.keyword.internal.KeywordExecutor.executeKeywordForPlatform(KeywordExecutor.groovy:53)
	at com.kms.katalon.core.webui.keyword.WebUiBuiltInKeywords.click(WebUiBuiltInKeywords.groovy:616)
	at com.kms.katalon.core.webui.keyword.WebUiBuiltInKeywords$click$2.call(Unknown Source)
	at org.codehaus.groovy.runtime.callsite.CallSiteArray.defaultCall(CallSiteArray.java:48)
	at org.codehaus.groovy.runtime.callsite.AbstractCallSite.call(AbstractCallSite.java:113)
	at org.codehaus.groovy.runtime.callsite.AbstractCallSite.call(AbstractCallSite.java:125)
	at Script1536729355807.run(Script1536729355807.groovy:37)
	at com.kms.katalon.core.main.ScriptEngine.run(ScriptEngine.java:183)
	at com.kms.katalon.core.main.ScriptEngine.runScriptAsRawText(ScriptEngine.java:108)
	at com.kms.katalon.core.main.TestCaseExecutor.runScript(TestCaseExecutor.java:294)
	at com.kms.katalon.core.main.TestCaseExecutor.doExecute(TestCaseExecutor.java:285)
	at com.kms.katalon.core.main.TestCaseExecutor.processExecutionPhase(TestCaseExecutor.java:264)
	at com.kms.katalon.core.main.TestCaseExecutor.accessMainPhase(TestCaseExecutor.java:256)
	at com.kms.katalon.core.main.TestCaseExecutor.execute(TestCaseExecutor.java:200)
	at com.kms.katalon.core.main.TestCaseMain.runTestCase(TestCaseMain.java:99)
	at com.kms.katalon.core.keyword.builtin.CallTestCaseKeyword$_callTestCase_closure1.doCall(CallTestCaseKeyword.groovy:60)
	at com.kms.katalon.core.keyword.builtin.CallTestCaseKeyword$_callTestCase_closure1.call(CallTestCaseKeyword.groovy)
	at com.kms.katalon.core.keyword.internal.KeywordMain.runKeyword(KeywordMain.groovy:54)
	at com.kms.katalon.core.keyword.builtin.CallTestCaseKeyword.callTestCase(CallTestCaseKeyword.groovy:81)
	at com.kms.katalon.core.keyword.builtin.CallTestCaseKeyword.execute(CallTestCaseKeyword.groovy:45)
	at com.kms.katalon.core.keyword.internal.KeywordExecutor.executeKeywordForPlatform(KeywordExecutor.groovy:53)
	at com.kms.katalon.core.keyword.BuiltinKeywords.callTestCase(BuiltinKeywords.groovy:334)
	at sun.reflect.NativeMethodAccessorImpl.invoke0(Native Method)
	at sun.reflect.NativeMethodAccessorImpl.invoke(NativeMethodAccessorImpl.java:62)
	at sun.reflect.DelegatingMethodAccessorImpl.invoke(DelegatingMethodAccessorImpl.java:43)
	at java.lang.reflect.Method.invoke(Method.java:498)
	at org.codehaus.groovy.reflection.CachedMethod.invoke(CachedMethod.java:93)
	at groovy.lang.MetaMethod.doMethodInvoke(MetaMethod.java:325)
	at groovy.lang.MetaClassImpl.invokeStaticMethod(MetaClassImpl.java:1469)
	at org.codehaus.groovy.runtime.callsite.StaticMetaClassSite.call(StaticMetaClassSite.java:53)
	at org.codehaus.groovy.runtime.callsite.CallSiteArray.defaultCall(CallSiteArray.java:48)
	at org.codehaus.groovy.runtime.callsite.AbstractCallSite.call(AbstractCallSite.java:113)
	at org.codehaus.groovy.runtime.callsite.AbstractCallSite.call(AbstractCallSite.java:141)
	at Script1536729512789.run(Script1536729512789.groovy:23)
	at com.kms.katalon.core.main.ScriptEngine.run(ScriptEngine.java:183)
	at com.kms.katalon.core.main.ScriptEngine.runScriptAsRawText(ScriptEngine.java:108)
	at com.kms.katalon.core.main.TestCaseExecutor.runScript(TestCaseExecutor.java:294)
	at com.kms.katalon.core.main.TestCaseExecutor.doExecute(TestCaseExecutor.java:285)
	at com.kms.katalon.core.main.TestCaseExecutor.processExecutionPhase(TestCaseExecutor.java:264)
	at com.kms.katalon.core.main.TestCaseExecutor.accessMainPhase(TestCaseExecutor.java:256)
	at com.kms.katalon.core.main.TestCaseExecutor.execute(TestCaseExecutor.java:200)
	at com.kms.katalon.core.main.TestSuiteExecutor.accessTestCaseMainPhase(TestSuiteExecutor.java:129)
	at com.kms.katalon.core.main.TestSuiteExecutor.accessTestSuiteMainPhase(TestSuiteExecutor.java:112)
	at com.kms.katalon.core.main.TestSuiteExecutor.execute(TestSuiteExecutor.java:81)
	at com.kms.katalon.core.main.TestCaseMain.startTestSuite(TestCaseMain.java:142)
	at com.kms.katalon.core.main.TestCaseMain$startTestSuite$0.call(Unknown Source)
	at org.codehaus.groovy.runtime.callsite.CallSiteArray.defaultCall(CallSiteArray.java:48)
	at org.codehaus.groovy.runtime.callsite.AbstractCallSite.call(AbstractCallSite.java:113)
	at org.codehaus.groovy.runtime.callsite.AbstractCallSite.call(AbstractCallSite.java:141)
	at TempTestSuite1539913255508.run(TempTestSuite1539913255508.groovy:36)
	at groovy.lang.GroovyShell.runScriptOrMainOrTestOrRunnable(GroovyShell.java:263)
	at groovy.lang.GroovyShell.run(GroovyShell.java:518)
	at groovy.lang.GroovyShell.run(GroovyShell.java:507)
	at groovy.ui.GroovyMain.processOnce(GroovyMain.java:653)
	at groovy.ui.GroovyMain.run(GroovyMain.java:384)
	at groovy.ui.GroovyMain.process(GroovyMain.java:370)
	at groovy.ui.GroovyMain.processArgs(GroovyMain.java:129)
	at groovy.ui.GroovyMain.main(GroovyMain.java:109)
	at sun.reflect.NativeMethodAccessorImpl.invoke0(Native Method)
	at sun.reflect.NativeMethodAccessorImpl.invoke(NativeMethodAccessorImpl.java:62)
	at sun.reflect.DelegatingMethodAccessorImpl.invoke(DelegatingMethodAccessorImpl.java:43)
	at java.lang.reflect.Method.invoke(Method.java:498)
	at org.codehaus.groovy.tools.GroovyStarter.rootLoader(GroovyStarter.java:109)
	at org.codehaus.groovy.tools.GroovyStarter.main(GroovyStarter.java:131)
)

2018-10-19 11:31:00 - [TEST_STEP][FAILED] - callTestCase: Unable to call Test Case with id 'Test Cases/Final Aug 2018 - PKS Automation/Registration Module/Workflow/Form 1A - Cessation As Employer/Template/Form 1 A - Cessation As Employer (Employer)' (Root cause: Call Test Case 'Test Cases/Final Aug 2018 - PKS Automation/Registration Module/Workflow/Form 1A - Cessation As Employer/Template/Form 1 A - Cessation As Employer (Employer)' failed)

2018-10-19 11:31:00 - [TEST_CASE][FAILED] - Test Cases/Final Aug 2018 - PKS Automation/Registration Module/Workflow/Form 1A - Cessation As Employer/Template/Form 1 A - Cessation As Employer (Employer): Test Cases/Final Aug 2018 - PKS Automation/Registration Module/Workflow/Form 1A - Cessation As Employer/Template/Form 1 A - Cessation As Employer (Employer) FAILED because (of) (Stack trace: com.kms.katalon.core.exception.StepFailedException: Unable to click on object 'Object Repository/Final Object Repo/Page_Update Employer Information/Edit Button' (Root cause: org.openqa.selenium.StaleElementReferenceException: stale element reference: element is not attached to the page document
  (Session info: chrome=69.0.3497.100)
  (Driver info: chromedriver=2.35.528161 (5b82f2d2aae0ca24b877009200ced9065a772e73),platform=Windows NT 6.1.7601 SP1 x86_64) (WARNING: The server did not provide any stacktrace information)
Command duration or timeout: 0 milliseconds
For documentation on this error, please visit: http://seleniumhq.org/exceptions/stale_element_reference.html
Build info: version: '3.7.1', revision: '8a0099a', time: '2017-11-06T21:07:36.161Z'
System info: host: 'WEIZHENG', ip: '192.168.137.1', os.name: 'Windows 7', os.arch: 'amd64', os.version: '6.1', java.version: '1.8.0_181'
Driver info: com.kms.katalon.selenium.driver.CChromeDriver
Capabilities {acceptInsecureCerts: false, acceptSslCerts: false, applicationCacheEnabled: false, browserConnectionEnabled: false, browserName: chrome, chrome: {chromedriverVersion: 2.35.528161 (5b82f2d2aae0ca..., userDataDir: C:\Users\WEIZHE~1\AppData\L...}, cssSelectorsEnabled: true, databaseEnabled: false, handlesAlerts: true, hasTouchScreen: false, javascriptEnabled: true, locationContextEnabled: true, mobileEmulationEnabled: false, nativeEvents: true, networkConnectionEnabled: false, pageLoadStrategy: normal, platform: XP, platformName: XP, rotatable: false, setWindowRect: true, takesHeapSnapshot: true, takesScreenshot: true, unexpectedAlertBehaviour: , unhandledPromptBehavior: , version: 69.0.3497.100, webStorageEnabled: true}
Session ID: 16cacec359ac2f62ceb578759be01abc)
	at com.kms.katalon.core.keyword.internal.KeywordMain.stepFailed(KeywordMain.groovy:32)
	at com.kms.katalon.core.webui.keyword.internal.WebUIKeywordMain.stepFailed(WebUIKeywordMain.groovy:65)
	at com.kms.katalon.core.webui.keyword.internal.WebUIKeywordMain.runKeyword(WebUIKeywordMain.groovy:27)
	at com.kms.katalon.core.webui.keyword.builtin.ClickKeyword.click(ClickKeyword.groovy:86)
	at com.kms.katalon.core.webui.keyword.builtin.ClickKeyword.execute(ClickKeyword.groovy:67)
	at com.kms.katalon.core.keyword.internal.KeywordExecutor.executeKeywordForPlatform(KeywordExecutor.groovy:53)
	at com.kms.katalon.core.webui.keyword.WebUiBuiltInKeywords.click(WebUiBuiltInKeywords.groovy:616)
	at com.kms.katalon.core.webui.keyword.WebUiBuiltInKeywords$click$2.call(Unknown Source)
	at org.codehaus.groovy.runtime.callsite.CallSiteArray.defaultCall(CallSiteArray.java:48)
	at org.codehaus.groovy.runtime.callsite.AbstractCallSite.call(AbstractCallSite.java:113)
	at org.codehaus.groovy.runtime.callsite.AbstractCallSite.call(AbstractCallSite.java:125)
	at Script1536729355807.run(Script1536729355807.groovy:37)
	at com.kms.katalon.core.main.ScriptEngine.run(ScriptEngine.java:183)
	at com.kms.katalon.core.main.ScriptEngine.runScriptAsRawText(ScriptEngine.java:108)
	at com.kms.katalon.core.main.TestCaseExecutor.runScript(TestCaseExecutor.java:294)
	at com.kms.katalon.core.main.TestCaseExecutor.doExecute(TestCaseExecutor.java:285)
	at com.kms.katalon.core.main.TestCaseExecutor.processExecutionPhase(TestCaseExecutor.java:264)
	at com.kms.katalon.core.main.TestCaseExecutor.accessMainPhase(TestCaseExecutor.java:256)
	at com.kms.katalon.core.main.TestCaseExecutor.execute(TestCaseExecutor.java:200)
	at com.kms.katalon.core.main.TestCaseMain.runTestCase(TestCaseMain.java:99)
	at com.kms.katalon.core.keyword.builtin.CallTestCaseKeyword$_callTestCase_closure1.doCall(CallTestCaseKeyword.groovy:60)
	at com.kms.katalon.core.keyword.builtin.CallTestCaseKeyword$_callTestCase_closure1.call(CallTestCaseKeyword.groovy)
	at com.kms.katalon.core.keyword.internal.KeywordMain.runKeyword(KeywordMain.groovy:54)
	at com.kms.katalon.core.keyword.builtin.CallTestCaseKeyword.callTestCase(CallTestCaseKeyword.groovy:81)
	at com.kms.katalon.core.keyword.builtin.CallTestCaseKeyword.execute(CallTestCaseKeyword.groovy:45)
	at com.kms.katalon.core.keyword.internal.KeywordExecutor.executeKeywordForPlatform(KeywordExecutor.groovy:53)
	at com.kms.katalon.core.keyword.BuiltinKeywords.callTestCase(BuiltinKeywords.groovy:334)
	at sun.reflect.NativeMethodAccessorImpl.invoke0(Native Method)
	at sun.reflect.NativeMethodAccessorImpl.invoke(NativeMethodAccessorImpl.java:62)
	at sun.reflect.DelegatingMethodAccessorImpl.invoke(DelegatingMethodAccessorImpl.java:43)
	at java.lang.reflect.Method.invoke(Method.java:498)
	at org.codehaus.groovy.reflection.CachedMethod.invoke(CachedMethod.java:93)
	at groovy.lang.MetaMethod.doMethodInvoke(MetaMethod.java:325)
	at groovy.lang.MetaClassImpl.invokeStaticMethod(MetaClassImpl.java:1469)
	at org.codehaus.groovy.runtime.callsite.StaticMetaClassSite.call(StaticMetaClassSite.java:53)
	at org.codehaus.groovy.runtime.callsite.CallSiteArray.defaultCall(CallSiteArray.java:48)
	at org.codehaus.groovy.runtime.callsite.AbstractCallSite.call(AbstractCallSite.java:113)
	at org.codehaus.groovy.runtime.callsite.AbstractCallSite.call(AbstractCallSite.java:141)
	at Script1536729512789.run(Script1536729512789.groovy:23)
	at com.kms.katalon.core.main.ScriptEngine.run(ScriptEngine.java:183)
	at com.kms.katalon.core.main.ScriptEngine.runScriptAsRawText(ScriptEngine.java:108)
	at com.kms.katalon.core.main.TestCaseExecutor.runScript(TestCaseExecutor.java:294)
	at com.kms.katalon.core.main.TestCaseExecutor.doExecute(TestCaseExecutor.java:285)
	at com.kms.katalon.core.main.TestCaseExecutor.processExecutionPhase(TestCaseExecutor.java:264)
	at com.kms.katalon.core.main.TestCaseExecutor.accessMainPhase(TestCaseExecutor.java:256)
	at com.kms.katalon.core.main.TestCaseExecutor.execute(TestCaseExecutor.java:200)
	at com.kms.katalon.core.main.TestSuiteExecutor.accessTestCaseMainPhase(TestSuiteExecutor.java:129)
	at com.kms.katalon.core.main.TestSuiteExecutor.accessTestSuiteMainPhase(TestSuiteExecutor.java:112)
	at com.kms.katalon.core.main.TestSuiteExecutor.execute(TestSuiteExecutor.java:81)
	at com.kms.katalon.core.main.TestCaseMain.startTestSuite(TestCaseMain.java:142)
	at com.kms.katalon.core.main.TestCaseMain$startTestSuite$0.call(Unknown Source)
	at org.codehaus.groovy.runtime.callsite.CallSiteArray.defaultCall(CallSiteArray.java:48)
	at org.codehaus.groovy.runtime.callsite.AbstractCallSite.call(AbstractCallSite.java:113)
	at org.codehaus.groovy.runtime.callsite.AbstractCallSite.call(AbstractCallSite.java:141)
	at TempTestSuite1539913255508.run(TempTestSuite1539913255508.groovy:36)
	at groovy.lang.GroovyShell.runScriptOrMainOrTestOrRunnable(GroovyShell.java:263)
	at groovy.lang.GroovyShell.run(GroovyShell.java:518)
	at groovy.lang.GroovyShell.run(GroovyShell.java:507)
	at groovy.ui.GroovyMain.processOnce(GroovyMain.java:653)
	at groovy.ui.GroovyMain.run(GroovyMain.java:384)
	at groovy.ui.GroovyMain.process(GroovyMain.java:370)
	at groovy.ui.GroovyMain.processArgs(GroovyMain.java:129)
	at groovy.ui.GroovyMain.main(GroovyMain.java:109)
	at sun.reflect.NativeMethodAccessorImpl.invoke0(Native Method)
	at sun.reflect.NativeMethodAccessorImpl.invoke(NativeMethodAccessorImpl.java:62)
	at sun.reflect.DelegatingMethodAccessorImpl.invoke(DelegatingMethodAccessorImpl.java:43)
	at java.lang.reflect.Method.invoke(Method.java:498)
	at org.codehaus.groovy.tools.GroovyStarter.rootLoader(GroovyStarter.java:109)
	at org.codehaus.groovy.tools.GroovyStarter.main(GroovyStarter.java:131)
)

2018-10-19 11:31:01 - [TEST_STEP][PASSED] - callTestCase: Call Test Case 'Test Cases/Final Aug 2018 - PKS Automation/Registration Module/Workflow/Update Add New Employee/Template/New Company for Update Add New - Employer' successfully

2018-10-19 11:31:01 - [TEST_CASE][PASSED] - Test Cases/Final Aug 2018 - PKS Automation/Registration Module/Workflow/Update Add New Employee/Template/New Company for Update Add New - Employer: Test Cases/Final Aug 2018 - PKS Automation/Registration Module/Workflow/Update Add New Employee/Template/New Company for Update Add New - Employer

2018-10-19 11:31:01 - [TEST_STEP][PASSED] - callTestCase: Call Test Case 'Test Cases/Final Aug 2018 - PKS Automation/Create Employer Acc/Create Employer Account' successfully

2018-10-19 11:31:01 - [TEST_CASE][PASSED] - Test Cases/Final Aug 2018 - PKS Automation/Create Employer Acc/Create Employer Account: Test Cases/Final Aug 2018 - PKS Automation/Create Employer Acc/Create Employer Account

2018-10-19 11:31:01 - [TEST_STEP][PASSED] - callTestCase: Call Test Case 'Test Cases/Final Aug 2018 - PKS Automation/Create Employer Acc/Template/Register Employer' successfully

2018-10-19 11:31:01 - [TEST_CASE][PASSED] - Test Cases/Final Aug 2018 - PKS Automation/Create Employer Acc/Template/Register Employer: Test Cases/Final Aug 2018 - PKS Automation/Create Employer Acc/Template/Register Employer

2018-10-19 11:31:02 - [TEST_STEP][PASSED] - openBrowser: Browser is opened with url: ''

2018-10-19 11:31:07 - [MESSAGE][PASSED] - Browser is opened with url: ''

2018-10-19 11:31:07 - [TEST_STEP][PASSED] - navigateToUrl: Navigate to 'https://assist2-uat.perkeso.gov.my/login' successfully

2018-10-19 11:31:10 - [MESSAGE][PASSED] - Navigate to 'https://assist2-uat.perkeso.gov.my/login' successfully

2018-10-19 11:31:10 - [TEST_STEP][PASSED] - setText: Text 'johorotc1@gmail.com' is set on object 'Object Repository/Final Object Repo/Login Page/Internal User/Email Address'

2018-10-19 11:31:11 - [MESSAGE][PASSED] - Text 'johorotc1@gmail.com' is set on object 'Object Repository/Final Object Repo/Login Page/Internal User/Email Address'

2018-10-19 11:31:11 - [TEST_STEP][PASSED] - click: Object: 'Object Repository/Final Object Repo/Login Page/Internal User/Next Button' is clicked on

2018-10-19 11:31:11 - [MESSAGE][PASSED] - Object: 'Object Repository/Final Object Repo/Login Page/Internal User/Next Button' is clicked on

2018-10-19 11:31:11 - [TEST_STEP][PASSED] - delay: Delayed 1 second(s)

2018-10-19 11:31:12 - [MESSAGE][PASSED] - Delayed 1 second(s)

2018-10-19 11:31:12 - [TEST_STEP][PASSED] - setEncryptedText: Text ****** has been set on object 'Object Repository/Final Object Repo/Login Page/Internal User/Password'

2018-10-19 11:31:13 - [MESSAGE][PASSED] - Text ****** has been set on object 'Object Repository/Final Object Repo/Login Page/Internal User/Password'

2018-10-19 11:31:13 - [TEST_STEP][PASSED] - click: Object: 'Object Repository/Final Object Repo/Login Page/Internal User/Login Button' is clicked on

2018-10-19 11:31:13 - [MESSAGE][PASSED] - Object: 'Object Repository/Final Object Repo/Login Page/Internal User/Login Button' is clicked on

2018-10-19 11:31:13 - [TEST_STEP][PASSED] - delay: Delayed 1 second(s)

2018-10-19 11:31:14 - [MESSAGE][PASSED] - Delayed 1 second(s)

2018-10-19 11:31:14 - [TEST_STEP][PASSED] - navigateToUrl: Navigate to 'https://assist2-uat.perkeso.gov.my/web/base/portal-id/registration' successfully

2018-10-19 11:31:17 - [MESSAGE][PASSED] - Navigate to 'https://assist2-uat.perkeso.gov.my/web/base/portal-id/registration' successfully

2018-10-19 11:31:17 - [TEST_STEP][PASSED] - setText: Text 'AUTOMATION EMPLOYER' is set on object 'Object Repository/Final Object Repo/Creating Employer Account/Page_Registration - ASSIST (Base)/Employer Name'

2018-10-19 11:31:18 - [MESSAGE][PASSED] - Text 'AUTOMATION EMPLOYER' is set on object 'Object Repository/Final Object Repo/Creating Employer Account/Page_Registration - ASSIST (Base)/Employer Name'

2018-10-19 11:31:18 - [TEST_STEP][PASSED] - delay: Delayed 2 second(s)

2018-10-19 11:31:20 - [MESSAGE][PASSED] - Delayed 2 second(s)

2018-10-19 11:31:20 - [TEST_STEP][PASSED] - click: Object: 'Object Repository/Final Object Repo/Creating Employer Account/Page_Registration - ASSIST (Base)/Registration Type' is clicked on

2018-10-19 11:31:20 - [MESSAGE][PASSED] - Object: 'Object Repository/Final Object Repo/Creating Employer Account/Page_Registration - ASSIST (Base)/Registration Type' is clicked on

2018-10-19 11:31:20 - [TEST_STEP][PASSED] - delay: Delayed 2 second(s)

2018-10-19 11:31:22 - [MESSAGE][PASSED] - Delayed 2 second(s)

2018-10-19 11:31:22 - [TEST_STEP][PASSED] - click: Object: 'Object Repository/Final Object Repo/Creating Employer Account/Page_Registration - ASSIST (Base)/Registration Type - Registration No' is clicked on

2018-10-19 11:31:22 - [MESSAGE][PASSED] - Object: 'Object Repository/Final Object Repo/Creating Employer Account/Page_Registration - ASSIST (Base)/Registration Type - Registration No' is clicked on

2018-10-19 11:31:22 - [TEST_STEP][PASSED] - delay: Delayed 2 second(s)

2018-10-19 11:31:24 - [MESSAGE][PASSED] - Delayed 2 second(s)

2018-10-19 11:31:24 - [TEST_STEP][PASSED] - setText: Text '1234567890' is set on object 'Object Repository/Final Object Repo/Creating Employer Account/Page_Registration - ASSIST (Base)/Registration Number'

2018-10-19 11:31:24 - [MESSAGE][PASSED] - Text '1234567890' is set on object 'Object Repository/Final Object Repo/Creating Employer Account/Page_Registration - ASSIST (Base)/Registration Number'

2018-10-19 11:31:24 - [TEST_STEP][PASSED] - delay: Delayed 2 second(s)

2018-10-19 11:31:26 - [MESSAGE][PASSED] - Delayed 2 second(s)

2018-10-19 11:31:26 - [TEST_STEP][PASSED] - setText: Text 'ADDRESS 1' is set on object 'Object Repository/Final Object Repo/Creating Employer Account/Page_Registration - ASSIST (Base)/Postal Address 1'

2018-10-19 11:31:27 - [MESSAGE][PASSED] - Text 'ADDRESS 1' is set on object 'Object Repository/Final Object Repo/Creating Employer Account/Page_Registration - ASSIST (Base)/Postal Address 1'

2018-10-19 11:31:27 - [TEST_STEP][PASSED] - setText: Text 'ADDRESS 2' is set on object 'Object Repository/Final Object Repo/Creating Employer Account/Page_Registration - ASSIST (Base)/Postal Address 2'

2018-10-19 11:31:27 - [MESSAGE][PASSED] - Text 'ADDRESS 2' is set on object 'Object Repository/Final Object Repo/Creating Employer Account/Page_Registration - ASSIST (Base)/Postal Address 2'

2018-10-19 11:31:27 - [TEST_STEP][PASSED] - click: Object: 'Object Repository/Final Object Repo/Creating Employer Account/Page_Registration - ASSIST (Base)/State' is clicked on

2018-10-19 11:31:27 - [MESSAGE][PASSED] - Object: 'Object Repository/Final Object Repo/Creating Employer Account/Page_Registration - ASSIST (Base)/State' is clicked on

2018-10-19 11:31:27 - [TEST_STEP][PASSED] - delay: Delayed 2 second(s)

2018-10-19 11:31:29 - [MESSAGE][PASSED] - Delayed 2 second(s)

2018-10-19 11:31:29 - [TEST_STEP][PASSED] - click: Object: 'Object Repository/Final Object Repo/Creating Employer Account/Page_Registration - ASSIST (Base)/State - Johor' is clicked on

2018-10-19 11:31:29 - [MESSAGE][PASSED] - Object: 'Object Repository/Final Object Repo/Creating Employer Account/Page_Registration - ASSIST (Base)/State - Johor' is clicked on

2018-10-19 11:31:29 - [TEST_STEP][PASSED] - delay: Delayed 2 second(s)

2018-10-19 11:31:31 - [MESSAGE][PASSED] - Delayed 2 second(s)

2018-10-19 11:31:31 - [TEST_STEP][PASSED] - click: Object: 'Object Repository/Final Object Repo/Creating Employer Account/Page_Registration - ASSIST (Base)/City' is clicked on

2018-10-19 11:31:31 - [MESSAGE][PASSED] - Object: 'Object Repository/Final Object Repo/Creating Employer Account/Page_Registration - ASSIST (Base)/City' is clicked on

2018-10-19 11:31:31 - [TEST_STEP][PASSED] - delay: Delayed 2 second(s)

2018-10-19 11:31:33 - [MESSAGE][PASSED] - Delayed 2 second(s)

2018-10-19 11:31:33 - [TEST_STEP][PASSED] - setText: Text 'joh' is set on object 'Object Repository/Final Object Repo/Creating Employer Account/Page_Registration - ASSIST (Base)/City - joh'

2018-10-19 11:31:34 - [MESSAGE][PASSED] - Text 'joh' is set on object 'Object Repository/Final Object Repo/Creating Employer Account/Page_Registration - ASSIST (Base)/City - joh'

2018-10-19 11:31:34 - [TEST_STEP][PASSED] - delay: Delayed 2 second(s)

2018-10-19 11:31:36 - [MESSAGE][PASSED] - Delayed 2 second(s)

2018-10-19 11:31:36 - [TEST_STEP][PASSED] - click: Object: 'Object Repository/Final Object Repo/Creating Employer Account/Page_Registration - ASSIST (Base)/City - Johor Bharu' is clicked on

2018-10-19 11:31:36 - [MESSAGE][PASSED] - Object: 'Object Repository/Final Object Repo/Creating Employer Account/Page_Registration - ASSIST (Base)/City - Johor Bharu' is clicked on

2018-10-19 11:31:36 - [TEST_STEP][PASSED] - delay: Delayed 2 second(s)

2018-10-19 11:31:38 - [MESSAGE][PASSED] - Delayed 2 second(s)

2018-10-19 11:31:38 - [TEST_STEP][PASSED] - click: Object: 'Object Repository/Final Object Repo/Creating Employer Account/Page_Registration - ASSIST (Base)/Post Code' is clicked on

2018-10-19 11:31:38 - [MESSAGE][PASSED] - Object: 'Object Repository/Final Object Repo/Creating Employer Account/Page_Registration - ASSIST (Base)/Post Code' is clicked on

2018-10-19 11:31:38 - [TEST_STEP][PASSED] - delay: Delayed 2 second(s)

2018-10-19 11:31:40 - [MESSAGE][PASSED] - Delayed 2 second(s)

2018-10-19 11:31:40 - [TEST_STEP][PASSED] - setText: Text '810' is set on object 'Object Repository/Final Object Repo/Creating Employer Account/Page_Registration - ASSIST (Base)/Post Code - 810'

2018-10-19 11:31:40 - [MESSAGE][PASSED] - Text '810' is set on object 'Object Repository/Final Object Repo/Creating Employer Account/Page_Registration - ASSIST (Base)/Post Code - 810'

2018-10-19 11:31:40 - [TEST_STEP][PASSED] - delay: Delayed 2 second(s)

2018-10-19 11:31:42 - [MESSAGE][PASSED] - Delayed 2 second(s)

2018-10-19 11:31:42 - [TEST_STEP][PASSED] - click: Object: 'Object Repository/Final Object Repo/Creating Employer Account/Page_Registration - ASSIST (Base)/Post Code - 81000' is clicked on

2018-10-19 11:31:43 - [MESSAGE][PASSED] - Object: 'Object Repository/Final Object Repo/Creating Employer Account/Page_Registration - ASSIST (Base)/Post Code - 81000' is clicked on

2018-10-19 11:31:43 - [TEST_STEP][PASSED] - delay: Delayed 2 second(s)

2018-10-19 11:31:45 - [MESSAGE][PASSED] - Delayed 2 second(s)

2018-10-19 11:31:45 - [TEST_STEP][PASSED] - setText: Text 'PERKESO' is set on object 'Object Repository/Final Object Repo/Creating Employer Account/Page_Registration - ASSIST (Base)/Full Name'

2018-10-19 11:31:45 - [MESSAGE][PASSED] - Text 'PERKESO' is set on object 'Object Repository/Final Object Repo/Creating Employer Account/Page_Registration - ASSIST (Base)/Full Name'

2018-10-19 11:31:45 - [TEST_STEP][PASSED] - Statement - rnd = new java.util.Random(): null

2018-10-19 11:31:45 - [TEST_STEP][PASSED] - Statement - snum = rnd.nextInt(899999 + 1) + 100000: null

2018-10-19 11:31:45 - [TEST_STEP][PASSED] - Statement - tnum = rnd.nextInt(899999 + 1) + 100000: null

2018-10-19 11:31:45 - [TEST_STEP][PASSED] - Statement - IC = java.lang.Integer.toString(snum) + java.lang.Integer.toString(tnum): null

2018-10-19 11:31:45 - [TEST_STEP][PASSED] - Statement - out.println(IC): null

2018-10-19 11:31:45 - [TEST_STEP][PASSED] - setText: Text '893896228111' is set on object 'Object Repository/Final Object Repo/Creating Employer Account/Page_Registration - ASSIST (Base)/Identification Number'

2018-10-19 11:31:45 - [MESSAGE][PASSED] - Text '893896228111' is set on object 'Object Repository/Final Object Repo/Creating Employer Account/Page_Registration - ASSIST (Base)/Identification Number'

2018-10-19 11:31:45 - [TEST_STEP][PASSED] - delay: Delayed 2 second(s)

2018-10-19 11:31:47 - [MESSAGE][PASSED] - Delayed 2 second(s)

2018-10-19 11:31:47 - [TEST_STEP][PASSED] - setText: Text '123456789012' is set on object 'Object Repository/Final Object Repo/Creating Employer Account/Page_Registration - ASSIST (Base)/Contact Number'

2018-10-19 11:31:47 - [MESSAGE][PASSED] - Text '123456789012' is set on object 'Object Repository/Final Object Repo/Creating Employer Account/Page_Registration - ASSIST (Base)/Contact Number'

2018-10-19 11:31:47 - [TEST_STEP][PASSED] - Statement - Email = "perkeso" + IC + "@gmail.com": null

2018-10-19 11:31:47 - [TEST_STEP][PASSED] - delay: Delayed 2 second(s)

2018-10-19 11:31:49 - [MESSAGE][PASSED] - Delayed 2 second(s)

2018-10-19 11:31:49 - [TEST_STEP][PASSED] - callTestCase: Call Test Case 'Test Cases/Final Aug 2018 - PKS Automation/Create Employer Acc/Template/Employer Email Settler' successfully

2018-10-19 11:31:50 - [TEST_CASE][PASSED] - Test Cases/Final Aug 2018 - PKS Automation/Create Employer Acc/Template/Employer Email Settler: Test Cases/Final Aug 2018 - PKS Automation/Create Employer Acc/Template/Employer Email Settler

2018-10-19 11:31:50 - [TEST_STEP][PASSED] - Statement - EmpEmailOld = new java.io.File(C://EmpEmail.txt): null

2018-10-19 11:31:50 - [TEST_STEP][PASSED] - Statement - EmpEmailOld.delete(): null

2018-10-19 11:31:50 - [TEST_STEP][PASSED] - Statement - EmpEmail = new java.io.File(C://EmpEmail.txt): null

2018-10-19 11:31:50 - [TEST_STEP][PASSED] - Statement - EmpEmail.append(Email): null

2018-10-19 11:31:50 - [TEST_STEP][PASSED] - Statement - out.println(Email): null

2018-10-19 11:31:50 - [MESSAGE][PASSED] - Call Test Case 'Test Cases/Final Aug 2018 - PKS Automation/Create Employer Acc/Template/Employer Email Settler' successfully

2018-10-19 11:31:50 - [TEST_STEP][PASSED] - delay: Delayed 2 second(s)

2018-10-19 11:31:52 - [MESSAGE][PASSED] - Delayed 2 second(s)

2018-10-19 11:31:52 - [TEST_STEP][PASSED] - setText: Text 'perkeso893896228111@gmail.com' is set on object 'Object Repository/Final Object Repo/Creating Employer Account/Page_Registration - ASSIST (Base)/Email'

2018-10-19 11:31:52 - [MESSAGE][PASSED] - Text 'perkeso893896228111@gmail.com' is set on object 'Object Repository/Final Object Repo/Creating Employer Account/Page_Registration - ASSIST (Base)/Email'

2018-10-19 11:31:52 - [TEST_STEP][PASSED] - setText: Text '123' is set on object 'Object Repository/Final Object Repo/Creating Employer Account/Page_Registration - ASSIST (Base)/Security Phase'

2018-10-19 11:31:53 - [MESSAGE][PASSED] - Text '123' is set on object 'Object Repository/Final Object Repo/Creating Employer Account/Page_Registration - ASSIST (Base)/Security Phase'

2018-10-19 11:31:53 - [TEST_STEP][PASSED] - click: Object: 'Object Repository/Final Object Repo/Creating Employer Account/Page_Registration - ASSIST (Base)/Save  Continue' is clicked on

2018-10-19 11:31:53 - [MESSAGE][PASSED] - Object: 'Object Repository/Final Object Repo/Creating Employer Account/Page_Registration - ASSIST (Base)/Save  Continue' is clicked on

2018-10-19 11:31:53 - [TEST_STEP][PASSED] - delay: Delayed 2 second(s)

2018-10-19 11:31:55 - [MESSAGE][PASSED] - Delayed 2 second(s)

2018-10-19 11:31:55 - [TEST_STEP][PASSED] - click: Object: 'Object Repository/Final Object Repo/Creating Employer Account/Page_Registration - ASSIST (Base)/Add Document' is clicked on

2018-10-19 11:31:55 - [MESSAGE][PASSED] - Object: 'Object Repository/Final Object Repo/Creating Employer Account/Page_Registration - ASSIST (Base)/Add Document' is clicked on

2018-10-19 11:31:55 - [TEST_STEP][PASSED] - delay: Delayed 2 second(s)

2018-10-19 11:31:57 - [MESSAGE][PASSED] - Delayed 2 second(s)

2018-10-19 11:31:57 - [TEST_STEP][PASSED] - click: Object: 'Object Repository/Final Object Repo/Creating Employer Account/Page_Registration - ASSIST (Base)/Document Type' is clicked on

2018-10-19 11:31:57 - [MESSAGE][PASSED] - Object: 'Object Repository/Final Object Repo/Creating Employer Account/Page_Registration - ASSIST (Base)/Document Type' is clicked on

2018-10-19 11:31:57 - [TEST_STEP][PASSED] - delay: Delayed 2 second(s)

2018-10-19 11:31:59 - [MESSAGE][PASSED] - Delayed 2 second(s)

2018-10-19 11:31:59 - [TEST_STEP][PASSED] - click: Object: 'Object Repository/Final Object Repo/Creating Employer Account/Page_Registration - ASSIST (Base)/Document Type - Letter of Authorization' is clicked on

2018-10-19 11:31:59 - [MESSAGE][PASSED] - Object: 'Object Repository/Final Object Repo/Creating Employer Account/Page_Registration - ASSIST (Base)/Document Type - Letter of Authorization' is clicked on

2018-10-19 11:31:59 - [TEST_STEP][PASSED] - delay: Delayed 2 second(s)

2018-10-19 11:32:01 - [MESSAGE][PASSED] - Delayed 2 second(s)

2018-10-19 11:32:01 - [TEST_STEP][PASSED] - sendKeys: Keys 'C:\Users\Public\Pictures\Sample Pictures\Act.jpg' sent to object: 'Object Repository/Final Object Repo/Creating Employer Account/Page_Registration - ASSIST (Base)/Uploading File'

2018-10-19 11:32:02 - [MESSAGE][PASSED] - Keys 'C:\Users\Public\Pictures\Sample Pictures\Act.jpg' sent to object: 'Object Repository/Final Object Repo/Creating Employer Account/Page_Registration - ASSIST (Base)/Uploading File'

2018-10-19 11:32:02 - [TEST_STEP][PASSED] - delay: Delayed 2 second(s)

2018-10-19 11:32:04 - [MESSAGE][PASSED] - Delayed 2 second(s)

2018-10-19 11:32:04 - [TEST_STEP][PASSED] - click: Object: 'Object Repository/Final Object Repo/Creating Employer Account/Page_Registration - ASSIST (Base)/Add Document in Uploading File' is clicked on

2018-10-19 11:32:04 - [MESSAGE][PASSED] - Object: 'Object Repository/Final Object Repo/Creating Employer Account/Page_Registration - ASSIST (Base)/Add Document in Uploading File' is clicked on

2018-10-19 11:32:04 - [TEST_STEP][PASSED] - delay: Delayed 2 second(s)

2018-10-19 11:32:06 - [MESSAGE][PASSED] - Delayed 2 second(s)

2018-10-19 11:32:06 - [TEST_STEP][PASSED] - click: Object: 'Object Repository/Final Object Repo/Creating Employer Account/Page_Registration - ASSIST (Base)/Save' is clicked on

2018-10-19 11:32:08 - [MESSAGE][PASSED] - Object: 'Object Repository/Final Object Repo/Creating Employer Account/Page_Registration - ASSIST (Base)/Save' is clicked on

2018-10-19 11:32:08 - [TEST_STEP][PASSED] - delay: Delayed 2 second(s)

2018-10-19 11:32:10 - [MESSAGE][PASSED] - Delayed 2 second(s)

2018-10-19 11:32:10 - [TEST_STEP][PASSED] - click: Object: 'Object Repository/Final Object Repo/Creating Employer Account/Page_Registration - ASSIST (Base)/Submit' is clicked on

2018-10-19 11:32:10 - [MESSAGE][PASSED] - Object: 'Object Repository/Final Object Repo/Creating Employer Account/Page_Registration - ASSIST (Base)/Submit' is clicked on

2018-10-19 11:32:10 - [TEST_STEP][PASSED] - delay: Delayed 2 second(s)

2018-10-19 11:32:12 - [MESSAGE][PASSED] - Delayed 2 second(s)

2018-10-19 11:32:12 - [TEST_STEP][PASSED] - click: Object: 'Object Repository/Final Object Repo/Creating Employer Account/Page_Registration - ASSIST (Base)/Confirm' is clicked on

2018-10-19 11:32:12 - [MESSAGE][PASSED] - Object: 'Object Repository/Final Object Repo/Creating Employer Account/Page_Registration - ASSIST (Base)/Confirm' is clicked on

2018-10-19 11:32:12 - [MESSAGE][PASSED] - Call Test Case 'Test Cases/Final Aug 2018 - PKS Automation/Create Employer Acc/Template/Register Employer' successfully

2018-10-19 11:32:12 - [TEST_STEP][PASSED] - delay: Delayed 1 second(s)

2018-10-19 11:32:13 - [MESSAGE][PASSED] - Delayed 1 second(s)

2018-10-19 11:32:13 - [TEST_STEP][PASSED] - navigateToUrl: Navigate to 'https://assist2-uat.perkeso.gov.my/c/portal/logout' successfully

2018-10-19 11:32:15 - [MESSAGE][PASSED] - Navigate to 'https://assist2-uat.perkeso.gov.my/c/portal/logout' successfully

2018-10-19 11:32:15 - [TEST_STEP][PASSED] - delay: Delayed 1 second(s)

2018-10-19 11:32:16 - [MESSAGE][PASSED] - Delayed 1 second(s)

2018-10-19 11:32:16 - [TEST_STEP][PASSED] - callTestCase: Call Test Case 'Test Cases/Final Aug 2018 - PKS Automation/Create Employer Acc/Template/Change Password of Employer' successfully

2018-10-19 11:32:16 - [TEST_CASE][PASSED] - Test Cases/Final Aug 2018 - PKS Automation/Create Employer Acc/Template/Change Password of Employer: Test Cases/Final Aug 2018 - PKS Automation/Create Employer Acc/Template/Change Password of Employer

2018-10-19 11:32:17 - [TEST_STEP][PASSED] - openBrowser: Browser is opened with url: ''

2018-10-19 11:32:17 - [MESSAGE][WARNING] - A browser is already opened. Closing browser and opening a new one

2018-10-19 11:32:20 - [MESSAGE][PASSED] - Browser is opened with url: ''

2018-10-19 11:32:20 - [TEST_STEP][PASSED] - navigateToUrl: Navigate to 'https://assist2-uat.perkeso.gov.my/login' successfully

2018-10-19 11:32:24 - [MESSAGE][PASSED] - Navigate to 'https://assist2-uat.perkeso.gov.my/login' successfully

2018-10-19 11:32:24 - [TEST_STEP][PASSED] - delay: Delayed 5 second(s)

2018-10-19 11:32:29 - [MESSAGE][PASSED] - Delayed 5 second(s)

2018-10-19 11:32:29 - [TEST_STEP][PASSED] - setText: Text 'test@liferay.com' is set on object 'Object Repository/Final Object Repo/Login Page/Internal User/Email Address'

2018-10-19 11:32:29 - [MESSAGE][PASSED] - Text 'test@liferay.com' is set on object 'Object Repository/Final Object Repo/Login Page/Internal User/Email Address'

2018-10-19 11:32:29 - [TEST_STEP][PASSED] - click: Object: 'Object Repository/Final Object Repo/Login Page/Internal User/Next Button' is clicked on

2018-10-19 11:32:29 - [MESSAGE][PASSED] - Object: 'Object Repository/Final Object Repo/Login Page/Internal User/Next Button' is clicked on

2018-10-19 11:32:29 - [TEST_STEP][PASSED] - delay: Delayed 2 second(s)

2018-10-19 11:32:31 - [MESSAGE][PASSED] - Delayed 2 second(s)

2018-10-19 11:32:31 - [TEST_STEP][PASSED] - setText: Text 'test' is set on object 'Object Repository/Final Object Repo/Login Page/Internal User/Password'

2018-10-19 11:32:31 - [MESSAGE][PASSED] - Text 'test' is set on object 'Object Repository/Final Object Repo/Login Page/Internal User/Password'

2018-10-19 11:32:31 - [TEST_STEP][PASSED] - delay: Delayed 2 second(s)

2018-10-19 11:32:33 - [MESSAGE][PASSED] - Delayed 2 second(s)

2018-10-19 11:32:33 - [TEST_STEP][PASSED] - click: Object: 'Object Repository/Final Object Repo/Login Page/Internal User/Login Button' is clicked on

2018-10-19 11:32:34 - [MESSAGE][PASSED] - Object: 'Object Repository/Final Object Repo/Login Page/Internal User/Login Button' is clicked on

2018-10-19 11:32:34 - [TEST_STEP][PASSED] - delay: Delayed 3 second(s)

2018-10-19 11:32:37 - [MESSAGE][PASSED] - Delayed 3 second(s)

2018-10-19 11:32:37 - [TEST_STEP][PASSED] - navigateToUrl: Navigate to 'https://assist2-uat.perkeso.gov.my/group/control_panel/manage?p_p_id=125&p_p_lifecycle=0&p_p_state=maximized&p_p_mode=view&refererPlid=20455&_125_usersListView=flat-users&_125_toolbarItem=view-all-users&_125_saveUsersListView=true&_125_struts_action=%2Fusers_admin%2Fview' successfully

2018-10-19 11:32:39 - [MESSAGE][PASSED] - Navigate to 'https://assist2-uat.perkeso.gov.my/group/control_panel/manage?p_p_id=125&p_p_lifecycle=0&p_p_state=maximized&p_p_mode=view&refererPlid=20455&_125_usersListView=flat-users&_125_toolbarItem=view-all-users&_125_saveUsersListView=true&_125_struts_action=%2Fusers_admin%2Fview' successfully

2018-10-19 11:32:39 - [TEST_STEP][PASSED] - delay: Delayed 3 second(s)

2018-10-19 11:32:42 - [MESSAGE][PASSED] - Delayed 3 second(s)

2018-10-19 11:32:42 - [TEST_STEP][PASSED] - setText: Text 'perkeso893896228111@gmail.com' is set on object 'Object Repository/Final Object Repo/Creating Employer Account/Page_Users and Organizations - ASSIST/Employer name'

2018-10-19 11:32:42 - [MESSAGE][PASSED] - Text 'perkeso893896228111@gmail.com' is set on object 'Object Repository/Final Object Repo/Creating Employer Account/Page_Users and Organizations - ASSIST/Employer name'

2018-10-19 11:32:42 - [TEST_STEP][PASSED] - delay: Delayed 3 second(s)

2018-10-19 11:32:45 - [MESSAGE][PASSED] - Delayed 3 second(s)

2018-10-19 11:32:45 - [TEST_STEP][PASSED] - click: Object: 'Object Repository/Final Object Repo/Creating Employer Account/Page_Users and Organizations - ASSIST/Search' is clicked on

2018-10-19 11:32:46 - [MESSAGE][PASSED] - Object: 'Object Repository/Final Object Repo/Creating Employer Account/Page_Users and Organizations - ASSIST/Search' is clicked on

2018-10-19 11:32:46 - [TEST_STEP][PASSED] - delay: Delayed 3 second(s)

2018-10-19 11:32:49 - [MESSAGE][PASSED] - Delayed 3 second(s)

2018-10-19 11:32:49 - [TEST_STEP][PASSED] - click: Object: 'Object Repository/Final Object Repo/Creating Employer Account/Page_Users and Organizations - ASSIST/Action' is clicked on

2018-10-19 11:32:49 - [MESSAGE][PASSED] - Object: 'Object Repository/Final Object Repo/Creating Employer Account/Page_Users and Organizations - ASSIST/Action' is clicked on

2018-10-19 11:32:49 - [TEST_STEP][PASSED] - delay: Delayed 3 second(s)

2018-10-19 11:32:52 - [MESSAGE][PASSED] - Delayed 3 second(s)

2018-10-19 11:32:52 - [TEST_STEP][PASSED] - click: Object: 'Object Repository/Final Object Repo/Creating Employer Account/Page_Users and Organizations - ASSIST/Edit' is clicked on

2018-10-19 11:32:53 - [MESSAGE][PASSED] - Object: 'Object Repository/Final Object Repo/Creating Employer Account/Page_Users and Organizations - ASSIST/Edit' is clicked on

2018-10-19 11:32:53 - [TEST_STEP][PASSED] - delay: Delayed 3 second(s)

2018-10-19 11:32:56 - [MESSAGE][PASSED] - Delayed 3 second(s)

2018-10-19 11:32:56 - [TEST_STEP][PASSED] - click: Object: 'Object Repository/Final Object Repo/Creating Employer Account/Page_PERKESO - Users and Organizati/a_Password (Modified)' is clicked on

2018-10-19 11:32:57 - [MESSAGE][PASSED] - Object: 'Object Repository/Final Object Repo/Creating Employer Account/Page_PERKESO - Users and Organizati/a_Password (Modified)' is clicked on

2018-10-19 11:32:57 - [TEST_STEP][PASSED] - delay: Delayed 3 second(s)

2018-10-19 11:33:00 - [MESSAGE][PASSED] - Delayed 3 second(s)

2018-10-19 11:33:00 - [TEST_STEP][PASSED] - setEncryptedText: Text ****** has been set on object 'Object Repository/Final Object Repo/Creating Employer Account/Page_PERKESO - Users and Organizati/input__125_password1'

2018-10-19 11:33:00 - [MESSAGE][PASSED] - Text ****** has been set on object 'Object Repository/Final Object Repo/Creating Employer Account/Page_PERKESO - Users and Organizati/input__125_password1'

2018-10-19 11:33:00 - [TEST_STEP][PASSED] - delay: Delayed 3 second(s)

2018-10-19 11:33:03 - [MESSAGE][PASSED] - Delayed 3 second(s)

2018-10-19 11:33:03 - [TEST_STEP][PASSED] - setEncryptedText: Text ****** has been set on object 'Object Repository/Final Object Repo/Creating Employer Account/Page_PERKESO - Users and Organizati/input__125_password2'

2018-10-19 11:33:03 - [MESSAGE][PASSED] - Text ****** has been set on object 'Object Repository/Final Object Repo/Creating Employer Account/Page_PERKESO - Users and Organizati/input__125_password2'

2018-10-19 11:33:03 - [TEST_STEP][PASSED] - delay: Delayed 3 second(s)

2018-10-19 11:33:06 - [MESSAGE][PASSED] - Delayed 3 second(s)

2018-10-19 11:33:06 - [TEST_STEP][PASSED] - click: Object: 'Object Repository/Final Object Repo/Creating Employer Account/Page_PERKESO - Users and Organizati/Save' is clicked on

2018-10-19 11:33:06 - [MESSAGE][PASSED] - Object: 'Object Repository/Final Object Repo/Creating Employer Account/Page_PERKESO - Users and Organizati/Save' is clicked on

2018-10-19 11:33:06 - [MESSAGE][PASSED] - Call Test Case 'Test Cases/Final Aug 2018 - PKS Automation/Create Employer Acc/Template/Change Password of Employer' successfully

2018-10-19 11:33:06 - [TEST_STEP][PASSED] - delay: Delayed 1 second(s)

2018-10-19 11:33:07 - [MESSAGE][PASSED] - Delayed 1 second(s)

2018-10-19 11:33:07 - [TEST_STEP][PASSED] - navigateToUrl: Navigate to 'https://assist2-uat.perkeso.gov.my/c/portal/logout' successfully

2018-10-19 11:33:09 - [MESSAGE][PASSED] - Navigate to 'https://assist2-uat.perkeso.gov.my/c/portal/logout' successfully

2018-10-19 11:33:09 - [TEST_STEP][PASSED] - delay: Delayed 1 second(s)

2018-10-19 11:33:10 - [MESSAGE][PASSED] - Delayed 1 second(s)

2018-10-19 11:33:10 - [TEST_STEP][PASSED] - callTestCase: Call Test Case 'Test Cases/Final Aug 2018 - PKS Automation/Create Employer Acc/Template/Login to Employer Account (First Time)' successfully

2018-10-19 11:33:10 - [TEST_CASE][PASSED] - Test Cases/Final Aug 2018 - PKS Automation/Create Employer Acc/Template/Login to Employer Account (First Time): Test Cases/Final Aug 2018 - PKS Automation/Create Employer Acc/Template/Login to Employer Account (First Time)

2018-10-19 11:33:10 - [TEST_STEP][PASSED] - openBrowser: Browser is opened with url: ''

2018-10-19 11:33:10 - [MESSAGE][WARNING] - A browser is already opened. Closing browser and opening a new one

2018-10-19 11:33:13 - [MESSAGE][PASSED] - Browser is opened with url: ''

2018-10-19 11:33:13 - [TEST_STEP][PASSED] - navigateToUrl: Navigate to 'https://assist2-uat.perkeso.gov.my/employer/login' successfully

2018-10-19 11:33:16 - [MESSAGE][PASSED] - Navigate to 'https://assist2-uat.perkeso.gov.my/employer/login' successfully

2018-10-19 11:33:16 - [TEST_STEP][PASSED] - delay: Delayed 3 second(s)

2018-10-19 11:33:19 - [MESSAGE][PASSED] - Delayed 3 second(s)

2018-10-19 11:33:19 - [TEST_STEP][PASSED] - callTestCase: Call Test Case 'Test Cases/Final Aug 2018 - PKS Automation/Create Employer Acc/Template/Employer Email Getter' successfully

2018-10-19 11:33:19 - [TEST_CASE][PASSED] - Test Cases/Final Aug 2018 - PKS Automation/Create Employer Acc/Template/Employer Email Getter: Test Cases/Final Aug 2018 - PKS Automation/Create Employer Acc/Template/Employer Email Getter

2018-10-19 11:33:19 - [TEST_STEP][PASSED] - Statement - Try: null

2018-10-19 11:33:19 - [TEST_STEP][PASSED] - Statement - EmpEmail = new java.io.File(C://EmpEmail.txt): null

2018-10-19 11:33:19 - [TEST_STEP][PASSED] - Statement - bufferread = new java.io.BufferedReader(new java.io.FileReader(EmpEmail)): null

2018-10-19 11:33:20 - [TEST_STEP][PASSED] - Statement - readedVal = bufferread.readLine(): null

2018-10-19 11:33:20 - [TEST_STEP][PASSED] - Statement - out.println(readedVal): null

2018-10-19 11:33:20 - [TEST_STEP][PASSED] - Statement - Email = readedVal: null

2018-10-19 11:33:20 - [MESSAGE][PASSED] - Call Test Case 'Test Cases/Final Aug 2018 - PKS Automation/Create Employer Acc/Template/Employer Email Getter' successfully

2018-10-19 11:33:20 - [TEST_STEP][PASSED] - setText: Text 'perkeso893896228111@gmail.com' is set on object 'Object Repository/Final Object Repo/Login Page/External Login Page/Email'

2018-10-19 11:33:20 - [MESSAGE][PASSED] - Text 'perkeso893896228111@gmail.com' is set on object 'Object Repository/Final Object Repo/Login Page/External Login Page/Email'

2018-10-19 11:33:20 - [TEST_STEP][PASSED] - click: Object: 'Object Repository/Final Object Repo/Login Page/External Login Page/Next' is clicked on

2018-10-19 11:33:20 - [MESSAGE][PASSED] - Object: 'Object Repository/Final Object Repo/Login Page/External Login Page/Next' is clicked on

2018-10-19 11:33:20 - [TEST_STEP][PASSED] - delay: Delayed 3 second(s)

2018-10-19 11:33:23 - [MESSAGE][PASSED] - Delayed 3 second(s)

2018-10-19 11:33:23 - [TEST_STEP][PASSED] - setEncryptedText: Text ****** has been set on object 'Object Repository/Final Object Repo/Login Page/External Login Page/Password'

2018-10-19 11:33:24 - [MESSAGE][PASSED] - Text ****** has been set on object 'Object Repository/Final Object Repo/Login Page/External Login Page/Password'

2018-10-19 11:33:24 - [TEST_STEP][PASSED] - click: Object: 'Object Repository/Final Object Repo/Login Page/External Login Page/Login' is clicked on

2018-10-19 11:33:24 - [MESSAGE][PASSED] - Object: 'Object Repository/Final Object Repo/Login Page/External Login Page/Login' is clicked on

2018-10-19 11:33:24 - [TEST_STEP][PASSED] - delay: Delayed 3 second(s)

2018-10-19 11:33:27 - [MESSAGE][PASSED] - Delayed 3 second(s)

2018-10-19 11:33:27 - [TEST_STEP][PASSED] - click: Object: 'Object Repository/Final Object Repo/Creating Employer Account/Page_Terms of Use - ASSIST/button_I Agree' is clicked on

2018-10-19 11:33:28 - [MESSAGE][PASSED] - Object: 'Object Repository/Final Object Repo/Creating Employer Account/Page_Terms of Use - ASSIST/button_I Agree' is clicked on

2018-10-19 11:33:28 - [TEST_STEP][PASSED] - delay: Delayed 2 second(s)

2018-10-19 11:33:30 - [MESSAGE][PASSED] - Delayed 2 second(s)

2018-10-19 11:33:30 - [TEST_STEP][PASSED] - setEncryptedText: Text ****** has been set on object 'Object Repository/Final Object Repo/Creating Employer Account/Page_New Password - ASSIST/input_password1'

2018-10-19 11:33:30 - [MESSAGE][PASSED] - Text ****** has been set on object 'Object Repository/Final Object Repo/Creating Employer Account/Page_New Password - ASSIST/input_password1'

2018-10-19 11:33:30 - [TEST_STEP][PASSED] - setEncryptedText: Text ****** has been set on object 'Object Repository/Final Object Repo/Creating Employer Account/Page_New Password - ASSIST/input_password2'

2018-10-19 11:33:30 - [MESSAGE][PASSED] - Text ****** has been set on object 'Object Repository/Final Object Repo/Creating Employer Account/Page_New Password - ASSIST/input_password2'

2018-10-19 11:33:30 - [TEST_STEP][PASSED] - delay: Delayed 2 second(s)

2018-10-19 11:33:32 - [MESSAGE][PASSED] - Delayed 2 second(s)

2018-10-19 11:33:32 - [TEST_STEP][PASSED] - click: Object: 'Object Repository/Final Object Repo/Creating Employer Account/Page_New Password - ASSIST/Save' is clicked on

2018-10-19 11:33:33 - [MESSAGE][PASSED] - Object: 'Object Repository/Final Object Repo/Creating Employer Account/Page_New Password - ASSIST/Save' is clicked on

2018-10-19 11:33:33 - [TEST_STEP][PASSED] - delay: Delayed 2 second(s)

2018-10-19 11:33:35 - [MESSAGE][PASSED] - Delayed 2 second(s)

2018-10-19 11:33:35 - [TEST_STEP][PASSED] - setText: Text 'test' is set on object 'Object Repository/Final Object Repo/Creating Employer Account/Page_Password Reminder - ASSIST/Reminder Query Answer'

2018-10-19 11:33:35 - [MESSAGE][PASSED] - Text 'test' is set on object 'Object Repository/Final Object Repo/Creating Employer Account/Page_Password Reminder - ASSIST/Reminder Query Answer'

2018-10-19 11:33:35 - [TEST_STEP][PASSED] - delay: Delayed 2 second(s)

2018-10-19 11:33:37 - [MESSAGE][PASSED] - Delayed 2 second(s)

2018-10-19 11:33:37 - [TEST_STEP][PASSED] - doubleClick: Object: 'Object Repository/Final Object Repo/Creating Employer Account/Page_Password Reminder - ASSIST/Save' is double clicked on

2018-10-19 11:33:41 - [MESSAGE][PASSED] - Object: 'Object Repository/Final Object Repo/Creating Employer Account/Page_Password Reminder - ASSIST/Save' is double clicked on

2018-10-19 11:33:41 - [MESSAGE][PASSED] - Call Test Case 'Test Cases/Final Aug 2018 - PKS Automation/Create Employer Acc/Template/Login to Employer Account (First Time)' successfully

2018-10-19 11:33:41 - [MESSAGE][PASSED] - Call Test Case 'Test Cases/Final Aug 2018 - PKS Automation/Create Employer Acc/Create Employer Account' successfully

2018-10-19 11:33:41 - [TEST_STEP][PASSED] - callTestCase: Call Test Case 'Test Cases/Final Aug 2018 - PKS Automation/Registration Module/Log Out/log out avoiding katalon tagging' successfully

2018-10-19 11:33:41 - [TEST_CASE][PASSED] - Test Cases/Final Aug 2018 - PKS Automation/Registration Module/Log Out/log out avoiding katalon tagging: Test Cases/Final Aug 2018 - PKS Automation/Registration Module/Log Out/log out avoiding katalon tagging

2018-10-19 11:33:41 - [TEST_STEP][PASSED] - navigateToUrl: Navigate to 'https://assist2-uat.perkeso.gov.my/c/portal/logout' successfully

2018-10-19 11:33:42 - [MESSAGE][PASSED] - Navigate to 'https://assist2-uat.perkeso.gov.my/c/portal/logout' successfully

2018-10-19 11:33:42 - [MESSAGE][PASSED] - Call Test Case 'Test Cases/Final Aug 2018 - PKS Automation/Registration Module/Log Out/log out avoiding katalon tagging' successfully

2018-10-19 11:33:42 - [TEST_STEP][PASSED] - callTestCase: Call Test Case 'Test Cases/Final Aug 2018 - PKS Automation/Create Employer Acc/Login to Employer Account (Second time)' successfully

2018-10-19 11:33:42 - [TEST_CASE][PASSED] - Test Cases/Final Aug 2018 - PKS Automation/Create Employer Acc/Login to Employer Account (Second time): Test Cases/Final Aug 2018 - PKS Automation/Create Employer Acc/Login to Employer Account (Second time)

2018-10-19 11:33:43 - [TEST_STEP][PASSED] - openBrowser: Browser is opened with url: ''

2018-10-19 11:33:43 - [MESSAGE][WARNING] - A browser is already opened. Closing browser and opening a new one

2018-10-19 11:33:46 - [MESSAGE][PASSED] - Browser is opened with url: ''

2018-10-19 11:33:46 - [TEST_STEP][PASSED] - navigateToUrl: Navigate to 'https://assist2-uat.perkeso.gov.my/employer/login' successfully

2018-10-19 11:33:48 - [MESSAGE][PASSED] - Navigate to 'https://assist2-uat.perkeso.gov.my/employer/login' successfully

2018-10-19 11:33:48 - [TEST_STEP][PASSED] - delay: Delayed 3 second(s)

2018-10-19 11:33:51 - [MESSAGE][PASSED] - Delayed 3 second(s)

2018-10-19 11:33:51 - [TEST_STEP][PASSED] - callTestCase: Call Test Case 'Test Cases/Final Aug 2018 - PKS Automation/Create Employer Acc/Template/Employer Email Getter' successfully

2018-10-19 11:33:51 - [TEST_CASE][PASSED] - Test Cases/Final Aug 2018 - PKS Automation/Create Employer Acc/Template/Employer Email Getter: Test Cases/Final Aug 2018 - PKS Automation/Create Employer Acc/Template/Employer Email Getter

2018-10-19 11:33:51 - [TEST_STEP][PASSED] - Statement - Try: null

2018-10-19 11:33:51 - [TEST_STEP][PASSED] - Statement - EmpEmail = new java.io.File(C://EmpEmail.txt): null

2018-10-19 11:33:51 - [TEST_STEP][PASSED] - Statement - bufferread = new java.io.BufferedReader(new java.io.FileReader(EmpEmail)): null

2018-10-19 11:33:51 - [TEST_STEP][PASSED] - Statement - readedVal = bufferread.readLine(): null

2018-10-19 11:33:51 - [TEST_STEP][PASSED] - Statement - out.println(readedVal): null

2018-10-19 11:33:51 - [TEST_STEP][PASSED] - Statement - Email = readedVal: null

2018-10-19 11:33:51 - [MESSAGE][PASSED] - Call Test Case 'Test Cases/Final Aug 2018 - PKS Automation/Create Employer Acc/Template/Employer Email Getter' successfully

2018-10-19 11:33:51 - [TEST_STEP][PASSED] - setText: Text 'perkeso893896228111@gmail.com' is set on object 'Object Repository/Final Object Repo/Login Page/External Login Page/Email'

2018-10-19 11:33:51 - [MESSAGE][PASSED] - Text 'perkeso893896228111@gmail.com' is set on object 'Object Repository/Final Object Repo/Login Page/External Login Page/Email'

2018-10-19 11:33:51 - [TEST_STEP][PASSED] - click: Object: 'Object Repository/Final Object Repo/Login Page/External Login Page/Next' is clicked on

2018-10-19 11:33:52 - [MESSAGE][PASSED] - Object: 'Object Repository/Final Object Repo/Login Page/External Login Page/Next' is clicked on

2018-10-19 11:33:52 - [TEST_STEP][PASSED] - delay: Delayed 3 second(s)

2018-10-19 11:33:55 - [MESSAGE][PASSED] - Delayed 3 second(s)

2018-10-19 11:33:55 - [TEST_STEP][PASSED] - setEncryptedText: Text ****** has been set on object 'Object Repository/Final Object Repo/Login Page/External Login Page/Password'

2018-10-19 11:33:55 - [MESSAGE][PASSED] - Text ****** has been set on object 'Object Repository/Final Object Repo/Login Page/External Login Page/Password'

2018-10-19 11:33:55 - [TEST_STEP][PASSED] - click: Object: 'Object Repository/Final Object Repo/Login Page/External Login Page/Login' is clicked on

2018-10-19 11:33:55 - [MESSAGE][PASSED] - Object: 'Object Repository/Final Object Repo/Login Page/External Login Page/Login' is clicked on

2018-10-19 11:33:55 - [TEST_STEP][PASSED] - delay: Delayed 5 second(s)

2018-10-19 11:34:00 - [MESSAGE][PASSED] - Delayed 5 second(s)

2018-10-19 11:34:00 - [MESSAGE][PASSED] - Call Test Case 'Test Cases/Final Aug 2018 - PKS Automation/Create Employer Acc/Login to Employer Account (Second time)' successfully

2018-10-19 11:34:00 - [TEST_STEP][PASSED] - Statement - Try: Delayed 2 second(s)

2018-10-19 11:34:00 - [TEST_STEP][PASSED] - Statement - Checker = false: null

2018-10-19 11:34:00 - [TEST_STEP][PASSED] - Statement - Checker = com.kms.katalon.core.webui.keyword.WebUiBuiltInKeywords.verifyElementHasAttribute(com.kms.katalon.core.testobject.ObjectRepository.findTestObject(Final Object Repo/Landing Page/BM Detecting), "href", 20, OPTIONAL): Object 'Object Repository/Final Object Repo/Landing Page/BM Detecting' has attribute 'href'

2018-10-19 11:34:01 - [MESSAGE][PASSED] - Object 'Object Repository/Final Object Repo/Landing Page/BM Detecting' has attribute 'href'

2018-10-19 11:34:01 - [TEST_STEP][PASSED] - Statement - out.println(Checker): null

2018-10-19 11:34:01 - [TEST_STEP][PASSED] - Statement - If (Checker == false): null

2018-10-19 11:34:01 - [TEST_STEP][PASSED] - Statement - Else: null

2018-10-19 11:34:01 - [TEST_STEP][PASSED] - delay: Delayed 2 second(s)

2018-10-19 11:34:03 - [MESSAGE][PASSED] - Delayed 2 second(s)

2018-10-19 11:34:03 - [TEST_STEP][PASSED] - delay: Delayed 4 second(s)

2018-10-19 11:34:07 - [MESSAGE][PASSED] - Delayed 4 second(s)

2018-10-19 11:34:07 - [TEST_STEP][PASSED] - click: Object: 'Object Repository/Final Object Repo/Landing Page/My Sites Drop Down' is clicked on

2018-10-19 11:34:07 - [MESSAGE][PASSED] - Object: 'Object Repository/Final Object Repo/Landing Page/My Sites Drop Down' is clicked on

2018-10-19 11:34:07 - [TEST_STEP][PASSED] - click: Object: 'Object Repository/Final Object Repo/Landing Page/Select to Registration Module' is clicked on

2018-10-19 11:34:11 - [MESSAGE][PASSED] - Object: 'Object Repository/Final Object Repo/Landing Page/Select to Registration Module' is clicked on

2018-10-19 11:34:11 - [TEST_STEP][PASSED] - click: Object: 'Object Repository/Final Object Repo/Landing Page/Registration Button' is clicked on

2018-10-19 11:34:13 - [MESSAGE][PASSED] - Object: 'Object Repository/Final Object Repo/Landing Page/Registration Button' is clicked on

2018-10-19 11:34:13 - [TEST_STEP][PASSED] - delay: Delayed 2 second(s)

2018-10-19 11:34:15 - [MESSAGE][PASSED] - Delayed 2 second(s)

2018-10-19 11:34:15 - [TEST_STEP][PASSED] - click: Object: 'Object Repository/Final Object Repo/New Registration - Registration Module Pages/New Reg - OTC to RO/Special Case - OTC - Form 1/AEC NO' is clicked on

2018-10-19 11:34:15 - [MESSAGE][PASSED] - Object: 'Object Repository/Final Object Repo/New Registration - Registration Module Pages/New Reg - OTC to RO/Special Case - OTC - Form 1/AEC NO' is clicked on

2018-10-19 11:34:15 - [TEST_STEP][PASSED] - click: Object: 'Object Repository/Final Object Repo/New Registration - Registration Module Pages/New Reg - OTC to RO/Special Case - OTC - Form 1/Business Entity - Please Select' is clicked on

2018-10-19 11:34:15 - [MESSAGE][PASSED] - Object: 'Object Repository/Final Object Repo/New Registration - Registration Module Pages/New Reg - OTC to RO/Special Case - OTC - Form 1/Business Entity - Please Select' is clicked on

2018-10-19 11:34:15 - [TEST_STEP][PASSED] - click: Object: 'Object Repository/Final Object Repo/New Registration - Registration Module Pages/New Reg - OTC to RO/Special Case - OTC - Form 1/Selected - Corporation' is clicked on

2018-10-19 11:34:16 - [MESSAGE][PASSED] - Object: 'Object Repository/Final Object Repo/New Registration - Registration Module Pages/New Reg - OTC to RO/Special Case - OTC - Form 1/Selected - Corporation' is clicked on

2018-10-19 11:34:16 - [TEST_STEP][PASSED] - delay: Delayed 2 second(s)

2018-10-19 11:34:18 - [MESSAGE][PASSED] - Delayed 2 second(s)

2018-10-19 11:34:18 - [TEST_STEP][PASSED] - click: Object: 'Object Repository/Final Object Repo/New Registration - Registration Module Pages/New Reg - OTC to RO/Special Case - OTC - Form 1/Sub Business Entity - Please Select' is clicked on

2018-10-19 11:34:18 - [MESSAGE][PASSED] - Object: 'Object Repository/Final Object Repo/New Registration - Registration Module Pages/New Reg - OTC to RO/Special Case - OTC - Form 1/Sub Business Entity - Please Select' is clicked on

2018-10-19 11:34:18 - [TEST_STEP][PASSED] - delay: Delayed 2 second(s)

2018-10-19 11:34:20 - [MESSAGE][PASSED] - Delayed 2 second(s)

2018-10-19 11:34:20 - [TEST_STEP][PASSED] - click: Object: 'Object Repository/Final Object Repo/New Registration - Registration Module Pages/New Reg - OTC to RO/Special Case - OTC - Form 1/Selected - Sendirian Berhad' is clicked on

2018-10-19 11:34:20 - [MESSAGE][PASSED] - Object: 'Object Repository/Final Object Repo/New Registration - Registration Module Pages/New Reg - OTC to RO/Special Case - OTC - Form 1/Selected - Sendirian Berhad' is clicked on

2018-10-19 11:34:20 - [TEST_STEP][PASSED] - setText: Text 'AUTOMATE001' is set on object 'Object Repository/Final Object Repo/New Registration - Registration Module Pages/New Reg - OTC to RO/Special Case - OTC - Form 1/Input BRN Number'

2018-10-19 11:34:21 - [MESSAGE][PASSED] - Text 'AUTOMATE001' is set on object 'Object Repository/Final Object Repo/New Registration - Registration Module Pages/New Reg - OTC to RO/Special Case - OTC - Form 1/Input BRN Number'

2018-10-19 11:34:21 - [TEST_STEP][PASSED] - delay: Delayed 2 second(s)

2018-10-19 11:34:23 - [MESSAGE][PASSED] - Delayed 2 second(s)

2018-10-19 11:34:23 - [TEST_STEP][PASSED] - click: Object: 'Object Repository/Final Object Repo/New Registration - Registration Module Pages/New Reg - OTC to RO/Special Case - OTC - Form 1/BRN Search' is clicked on

2018-10-19 11:34:23 - [MESSAGE][PASSED] - Object: 'Object Repository/Final Object Repo/New Registration - Registration Module Pages/New Reg - OTC to RO/Special Case - OTC - Form 1/BRN Search' is clicked on

2018-10-19 11:34:23 - [TEST_STEP][PASSED] - delay: Delayed 4 second(s)

2018-10-19 11:34:27 - [MESSAGE][PASSED] - Delayed 4 second(s)

2018-10-19 11:34:27 - [TEST_STEP][PASSED] - click: Object: 'Object Repository/Final Object Repo/New Registration - Registration Module Pages/New Reg - OTC to RO/Special Case - OTC - Form 1/Registered with SSM - After Feb 2017' is clicked on

2018-10-19 11:34:27 - [MESSAGE][PASSED] - Object: 'Object Repository/Final Object Repo/New Registration - Registration Module Pages/New Reg - OTC to RO/Special Case - OTC - Form 1/Registered with SSM - After Feb 2017' is clicked on

2018-10-19 11:34:27 - [TEST_STEP][PASSED] - delay: Delayed 2 second(s)

2018-10-19 11:34:29 - [MESSAGE][PASSED] - Delayed 2 second(s)

2018-10-19 11:34:29 - [TEST_STEP][PASSED] - click: Object: 'Object Repository/Final Object Repo/New Registration - Registration Module Pages/Form 1/Registered As a Branch - Yes' is clicked on

2018-10-19 11:34:29 - [MESSAGE][PASSED] - Object: 'Object Repository/Final Object Repo/New Registration - Registration Module Pages/Form 1/Registered As a Branch - Yes' is clicked on

2018-10-19 11:34:29 - [TEST_STEP][PASSED] - click: Object: 'Object Repository/Final Object Repo/New Registration - Registration Module Pages/New Reg - OTC to RO/Special Case - OTC - Form 1/Acknowledgement Ticked' is clicked on

2018-10-19 11:34:29 - [MESSAGE][PASSED] - Object: 'Object Repository/Final Object Repo/New Registration - Registration Module Pages/New Reg - OTC to RO/Special Case - OTC - Form 1/Acknowledgement Ticked' is clicked on

2018-10-19 11:34:29 - [TEST_STEP][PASSED] - setText: Text 'perkeso893896228111@gmail.com' is set on object 'Object Repository/Final Object Repo/New Registration - Registration Module Pages/Form 1/Email'

2018-10-19 11:34:30 - [MESSAGE][PASSED] - Text 'perkeso893896228111@gmail.com' is set on object 'Object Repository/Final Object Repo/New Registration - Registration Module Pages/Form 1/Email'

2018-10-19 11:34:30 - [TEST_STEP][PASSED] - click: Object: 'Object Repository/Final Object Repo/New Registration - Registration Module Pages/New Reg - OTC to RO/Special Case - OTC - Form 1/Submit Button' is clicked on

2018-10-19 11:34:30 - [MESSAGE][PASSED] - Object: 'Object Repository/Final Object Repo/New Registration - Registration Module Pages/New Reg - OTC to RO/Special Case - OTC - Form 1/Submit Button' is clicked on

2018-10-19 11:34:30 - [TEST_STEP][PASSED] - callTestCase: Call Test Case 'Test Cases/Final Aug 2018 - PKS Automation/Registration Module/New Registration/Form 2/Add 1 Eligible - Employer Account Use' successfully

2018-10-19 11:34:30 - [TEST_CASE][PASSED] - Test Cases/Final Aug 2018 - PKS Automation/Registration Module/New Registration/Form 2/Add 1 Eligible - Employer Account Use: Test Cases/Final Aug 2018 - PKS Automation/Registration Module/New Registration/Form 2/Add 1 Eligible - Employer Account Use

2018-10-19 11:34:31 - [TEST_STEP][PASSED] - delay: Delayed 2 second(s)

2018-10-19 11:34:33 - [MESSAGE][PASSED] - Delayed 2 second(s)

2018-10-19 11:34:33 - [TEST_STEP][PASSED] - callTestCase: Call Test Case 'Test Cases/Final Aug 2018 - PKS Automation/Registration Module/New Registration/Form 2/Date Updater' successfully

2018-10-19 11:34:33 - [TEST_CASE][PASSED] - Test Cases/Final Aug 2018 - PKS Automation/Registration Module/New Registration/Form 2/Date Updater: Test Cases/Final Aug 2018 - PKS Automation/Registration Module/New Registration/Form 2/Date Updater

2018-10-19 11:34:33 - [TEST_STEP][PASSED] - Statement - TodayDate = new java.util.Date(): null

2018-10-19 11:34:33 - [TEST_STEP][PASSED] - Statement - CurrentDateNoFilter = new java.text.SimpleDateFormat(): null

2018-10-19 11:34:33 - [TEST_STEP][PASSED] - Statement - CurrentDateNoFilter.applyPattern("dd"): null

2018-10-19 11:34:33 - [TEST_STEP][PASSED] - Statement - CurrentDate = CurrentDateNoFilter.format(TodayDate): null

2018-10-19 11:34:33 - [TEST_STEP][PASSED] - Statement - CurrentDate = java.lang.Integer.parseInt(CurrentDate): null

2018-10-19 11:34:33 - [TEST_STEP][PASSED] - Statement - CurrentDate = CurrentDate: null

2018-10-19 11:34:33 - [TEST_STEP][PASSED] - Statement - CurrentDay = java.lang.Integer.parseInt(CurrentDate): null

2018-10-19 11:34:33 - [TEST_STEP][PASSED] - Statement - aDayBefore = CurrentDay + 1: null

2018-10-19 11:34:33 - [TEST_STEP][PASSED] - Statement - DayBefore = aDayBefore.toString(): null

2018-10-19 11:34:33 - [TEST_STEP][PASSED] - Statement - OneDayBefore = DayBefore: null

2018-10-19 11:34:33 - [TEST_STEP][PASSED] - Statement - CurrentDateNoFilter.applyPattern("MM"): null

2018-10-19 11:34:33 - [TEST_STEP][PASSED] - Statement - monthContainerMatcher = java.lang.Integer.parseInt(CurrentDateNoFilter.format(TodayDate)): null

2018-10-19 11:34:33 - [TEST_STEP][PASSED] - Statement - monthContainerMatcher = monthContainerMatcher - 1: null

2018-10-19 11:34:33 - [TEST_STEP][PASSED] - Statement - CurrentMonth = monthContainerMatcher.toString(): null

2018-10-19 11:34:33 - [TEST_STEP][PASSED] - Statement - CurrentMonth = CurrentMonth: null

2018-10-19 11:34:33 - [TEST_STEP][PASSED] - Statement - CurrentDateNoFilter.applyPattern("yyyy"): null

2018-10-19 11:34:33 - [TEST_STEP][PASSED] - Statement - CurrentYear = CurrentDateNoFilter.format(TodayDate): null

2018-10-19 11:34:33 - [TEST_STEP][PASSED] - Statement - CurrentYear = CurrentYear: null

2018-10-19 11:34:33 - [TEST_STEP][PASSED] - Statement - intCurrentYear = java.lang.Integer.parseInt(CurrentDateNoFilter.format(TodayDate)): null

2018-10-19 11:34:33 - [TEST_STEP][PASSED] - Statement - eighteenYrsAgo = intCurrentYear - 18: null

2018-10-19 11:34:33 - [TEST_STEP][PASSED] - Statement - eighteenYrsBeforeThisYr = eighteenYrsAgo.toString(): null

2018-10-19 11:34:33 - [TEST_STEP][PASSED] - Statement - EighteenYrsBefore = eighteenYrsBeforeThisYr: null

2018-10-19 11:34:33 - [TEST_STEP][PASSED] - Statement - fiftysevenYrsAgo = intCurrentYear - 57: null

2018-10-19 11:34:33 - [TEST_STEP][PASSED] - Statement - fiftysevenYrsBeforeThisYr = fiftysevenYrsAgo.toString(): null

2018-10-19 11:34:33 - [TEST_STEP][PASSED] - Statement - FiftysevenYrsBefore = fiftysevenYrsBeforeThisYr: null

2018-10-19 11:34:33 - [MESSAGE][PASSED] - Call Test Case 'Test Cases/Final Aug 2018 - PKS Automation/Registration Module/New Registration/Form 2/Date Updater' successfully

2018-10-19 11:34:33 - [TEST_STEP][PASSED] - delay: Delayed 1 second(s)

2018-10-19 11:34:34 - [MESSAGE][PASSED] - Delayed 1 second(s)

2018-10-19 11:34:34 - [TEST_STEP][PASSED] - Statement - CaseReferenceNo = com.kms.katalon.core.webui.keyword.WebUiBuiltInKeywords.getText(com.kms.katalon.core.testobject.ObjectRepository.findTestObject(Final Object Repo/New Registration - Registration Module Pages/Form 2/RefNo Acquiring)): Text of object 'Object Repository/Final Object Repo/New Registration - Registration Module Pages/Form 2/RefNo Acquiring' is: 'CRN10201800122243'

2018-10-19 11:34:34 - [MESSAGE][PASSED] - Text of object 'Object Repository/Final Object Repo/New Registration - Registration Module Pages/Form 2/RefNo Acquiring' is: 'CRN10201800122243'

2018-10-19 11:34:34 - [TEST_STEP][PASSED] - delay: Delayed 1 second(s)

2018-10-19 11:34:35 - [MESSAGE][PASSED] - Delayed 1 second(s)

2018-10-19 11:34:35 - [TEST_STEP][PASSED] - click: Object: 'Object Repository/Final Object Repo/New Registration - Registration Module Pages/Form 2/Add Employee Button' is clicked on

2018-10-19 11:34:35 - [MESSAGE][PASSED] - Object: 'Object Repository/Final Object Repo/New Registration - Registration Module Pages/Form 2/Add Employee Button' is clicked on

2018-10-19 11:34:35 - [TEST_STEP][PASSED] - delay: Delayed 1 second(s)

2018-10-19 11:34:36 - [MESSAGE][PASSED] - Delayed 1 second(s)

2018-10-19 11:34:36 - [TEST_STEP][PASSED] - setText: Text '010903091948' is set on object 'Object Repository/Final Object Repo/New Registration - Registration Module Pages/Form 2/NRIC Input'

2018-10-19 11:34:37 - [MESSAGE][PASSED] - Text '010903091948' is set on object 'Object Repository/Final Object Repo/New Registration - Registration Module Pages/Form 2/NRIC Input'

2018-10-19 11:34:37 - [TEST_STEP][PASSED] - delay: Delayed 2 second(s)

2018-10-19 11:34:39 - [MESSAGE][PASSED] - Delayed 2 second(s)

2018-10-19 11:34:39 - [TEST_STEP][PASSED] - setText: Text 'Automate001 eligible 1' is set on object 'Object Repository/Final Object Repo/New Registration - Registration Module Pages/Form 2/Employee Name Input'

2018-10-19 11:34:39 - [MESSAGE][PASSED] - Text 'Automate001 eligible 1' is set on object 'Object Repository/Final Object Repo/New Registration - Registration Module Pages/Form 2/Employee Name Input'

2018-10-19 11:34:39 - [TEST_STEP][PASSED] - delay: Delayed 2 second(s)

2018-10-19 11:34:41 - [MESSAGE][PASSED] - Delayed 2 second(s)

2018-10-19 11:34:41 - [TEST_STEP][PASSED] - click: Object: 'Object Repository/Final Object Repo/New Registration - Registration Module Pages/Form 2/DatePicker Pop Up' is clicked on

2018-10-19 11:34:41 - [MESSAGE][PASSED] - Object: 'Object Repository/Final Object Repo/New Registration - Registration Module Pages/Form 2/DatePicker Pop Up' is clicked on

2018-10-19 11:34:41 - [TEST_STEP][PASSED] - click: Object: 'Object Repository/Final Object Repo/New Registration - Registration Module Pages/Form 2/DOB Month' is clicked on

2018-10-19 11:34:42 - [MESSAGE][PASSED] - Object: 'Object Repository/Final Object Repo/New Registration - Registration Module Pages/Form 2/DOB Month' is clicked on

2018-10-19 11:34:42 - [TEST_STEP][PASSED] - Statement - CurrentMonth = CurrentMonth: null

2018-10-19 11:34:42 - [TEST_STEP][PASSED] - Statement - selectMonth = new com.kms.katalon.core.testobject.TestObject(): null

2018-10-19 11:34:42 - [TEST_STEP][PASSED] - Statement - selectMonth.addProperty("xpath", EQUALS, "//body/div/div/div/select/option[@value='" + CurrentMonth + "']", true): null

2018-10-19 11:34:42 - [TEST_STEP][PASSED] - click: Object: '' is clicked on

2018-10-19 11:34:42 - [MESSAGE][PASSED] - Object: '' is clicked on

2018-10-19 11:34:42 - [TEST_STEP][PASSED] - click: Object: 'Object Repository/Final Object Repo/New Registration - Registration Module Pages/Form 2/DOB Year' is clicked on

2018-10-19 11:34:42 - [MESSAGE][PASSED] - Object: 'Object Repository/Final Object Repo/New Registration - Registration Module Pages/Form 2/DOB Year' is clicked on

2018-10-19 11:34:42 - [TEST_STEP][PASSED] - Statement - Eyearsbf = EighteenYrsBefore: null

2018-10-19 11:34:42 - [TEST_STEP][PASSED] - Statement - selectYear = new com.kms.katalon.core.testobject.TestObject(): null

2018-10-19 11:34:42 - [TEST_STEP][PASSED] - Statement - selectYear.addProperty("xpath", EQUALS, "//div/div/div/select/option[@value='" + Eyearsbf + "']", true): null

2018-10-19 11:34:42 - [TEST_STEP][PASSED] - click: Object: '' is clicked on

2018-10-19 11:34:42 - [MESSAGE][PASSED] - Object: '' is clicked on

2018-10-19 11:34:42 - [TEST_STEP][PASSED] - Statement - UpdatedSelectDate = com.kms.katalon.core.webui.keyword.WebUiBuiltInKeywords.modifyObjectProperty(com.kms.katalon.core.testobject.ObjectRepository.findTestObject(Final Object Repo/New Registration - Registration Module Pages/Form 2/DOB Date), "xpath", "equals", "//body/div/table/tbody/tr/td/a[text()="" + CurrentDate + ""]", true): Modify property of object successfully

2018-10-19 11:34:42 - [MESSAGE][PASSED] - Modify property of object successfully

2018-10-19 11:34:42 - [TEST_STEP][PASSED] - delay: Delayed 3 second(s)

2018-10-19 11:34:45 - [MESSAGE][PASSED] - Delayed 3 second(s)

2018-10-19 11:34:45 - [TEST_STEP][PASSED] - click: Object: 'Object Repository/Final Object Repo/New Registration - Registration Module Pages/Form 2/DOB Date' is clicked on

2018-10-19 11:34:46 - [MESSAGE][PASSED] - Object: 'Object Repository/Final Object Repo/New Registration - Registration Module Pages/Form 2/DOB Date' is clicked on

2018-10-19 11:34:46 - [TEST_STEP][PASSED] - delay: Delayed 2 second(s)

2018-10-19 11:34:48 - [MESSAGE][PASSED] - Delayed 2 second(s)

2018-10-19 11:34:48 - [TEST_STEP][PASSED] - click: Object: 'Object Repository/Final Object Repo/New Registration - Registration Module Pages/Form 2/EmploymentStartDate Pop Up' is clicked on

2018-10-19 11:34:48 - [MESSAGE][PASSED] - Object: 'Object Repository/Final Object Repo/New Registration - Registration Module Pages/Form 2/EmploymentStartDate Pop Up' is clicked on

2018-10-19 11:34:48 - [TEST_STEP][PASSED] - delay: Delayed 2 second(s)

2018-10-19 11:34:50 - [MESSAGE][PASSED] - Delayed 2 second(s)

2018-10-19 11:34:50 - [TEST_STEP][PASSED] - click: Object: 'Object Repository/Final Object Repo/New Registration - Registration Module Pages/Form 2/Socso Employment StartDate Month' is clicked on

2018-10-19 11:34:50 - [MESSAGE][PASSED] - Object: 'Object Repository/Final Object Repo/New Registration - Registration Module Pages/Form 2/Socso Employment StartDate Month' is clicked on

2018-10-19 11:34:50 - [TEST_STEP][PASSED] - delay: Delayed 1 second(s)

2018-10-19 11:34:51 - [MESSAGE][PASSED] - Delayed 1 second(s)

2018-10-19 11:34:51 - [TEST_STEP][PASSED] - click: Object: 'Object Repository/Final Object Repo/New Registration - Registration Module Pages/Form 2/Select Socso Employement Startdate Month' is clicked on

2018-10-19 11:34:51 - [MESSAGE][PASSED] - Object: 'Object Repository/Final Object Repo/New Registration - Registration Module Pages/Form 2/Select Socso Employement Startdate Month' is clicked on

2018-10-19 11:34:51 - [TEST_STEP][PASSED] - delay: Delayed 2 second(s)

2018-10-19 11:34:53 - [MESSAGE][PASSED] - Delayed 2 second(s)

2018-10-19 11:34:53 - [TEST_STEP][PASSED] - click: Object: 'Object Repository/Final Object Repo/New Registration - Registration Module Pages/Form 2/Socso Employment StartDate Year' is clicked on

2018-10-19 11:34:53 - [MESSAGE][PASSED] - Object: 'Object Repository/Final Object Repo/New Registration - Registration Module Pages/Form 2/Socso Employment StartDate Year' is clicked on

2018-10-19 11:34:53 - [TEST_STEP][PASSED] - delay: Delayed 1 second(s)

2018-10-19 11:34:54 - [MESSAGE][PASSED] - Delayed 1 second(s)

2018-10-19 11:34:54 - [TEST_STEP][PASSED] - click: Object: 'Object Repository/Final Object Repo/New Registration - Registration Module Pages/Form 2/Select Socso Employment Startdate Year' is clicked on

2018-10-19 11:34:55 - [MESSAGE][PASSED] - Object: 'Object Repository/Final Object Repo/New Registration - Registration Module Pages/Form 2/Select Socso Employment Startdate Year' is clicked on

2018-10-19 11:34:55 - [TEST_STEP][PASSED] - delay: Delayed 2 second(s)

2018-10-19 11:34:57 - [MESSAGE][PASSED] - Delayed 2 second(s)

2018-10-19 11:34:57 - [TEST_STEP][PASSED] - click: Object: 'Object Repository/Final Object Repo/New Registration - Registration Module Pages/Form 2/Socso Employment Start Date Day' is clicked on

2018-10-19 11:34:57 - [MESSAGE][PASSED] - Object: 'Object Repository/Final Object Repo/New Registration - Registration Module Pages/Form 2/Socso Employment Start Date Day' is clicked on

2018-10-19 11:34:57 - [TEST_STEP][PASSED] - delay: Delayed 2 second(s)

2018-10-19 11:34:59 - [MESSAGE][PASSED] - Delayed 2 second(s)

2018-10-19 11:34:59 - [TEST_STEP][PASSED] - click: Object: 'Object Repository/Final Object Repo/New Registration - Registration Module Pages/Form 2/Save Button for Add Employee' is clicked on

2018-10-19 11:34:59 - [MESSAGE][PASSED] - Object: 'Object Repository/Final Object Repo/New Registration - Registration Module Pages/Form 2/Save Button for Add Employee' is clicked on

2018-10-19 11:34:59 - [TEST_STEP][PASSED] - delay: Delayed 6 second(s)

2018-10-19 11:35:05 - [MESSAGE][PASSED] - Delayed 6 second(s)

2018-10-19 11:35:05 - [TEST_STEP][PASSED] - click: Object: 'Object Repository/Final Object Repo/New Registration - Registration Module Pages/Form 2/Save and Continue Form 2' is clicked on

2018-10-19 11:35:05 - [MESSAGE][PASSED] - Object: 'Object Repository/Final Object Repo/New Registration - Registration Module Pages/Form 2/Save and Continue Form 2' is clicked on

2018-10-19 11:35:05 - [MESSAGE][PASSED] - Call Test Case 'Test Cases/Final Aug 2018 - PKS Automation/Registration Module/New Registration/Form 2/Add 1 Eligible - Employer Account Use' successfully

2018-10-19 11:35:05 - [TEST_STEP][PASSED] - callTestCase: Call Test Case 'Test Cases/Final Aug 2018 - PKS Automation/Registration Module/New Registration/Flow of New Registration/Third Screen - Upload Supporting Doc - Preview' successfully

2018-10-19 11:35:05 - [TEST_CASE][PASSED] - Test Cases/Final Aug 2018 - PKS Automation/Registration Module/New Registration/Flow of New Registration/Third Screen - Upload Supporting Doc - Preview: Test Cases/Final Aug 2018 - PKS Automation/Registration Module/New Registration/Flow of New Registration/Third Screen - Upload Supporting Doc - Preview

2018-10-19 11:35:06 - [TEST_STEP][PASSED] - waitForPageLoad: Wait for page load successfully

2018-10-19 11:35:07 - [MESSAGE][PASSED] - Wait for page load successfully

2018-10-19 11:35:07 - [TEST_STEP][PASSED] - Statement - CaseReferenceNo = com.kms.katalon.core.webui.keyword.WebUiBuiltInKeywords.getText(com.kms.katalon.core.testobject.ObjectRepository.findTestObject(Final Object Repo/New Registration - Registration Module Pages/Third Screen - Upload Supporting Doc- Preview/RefNo Acquiring)): Text of object 'Object Repository/Final Object Repo/New Registration - Registration Module Pages/Third Screen - Upload Supporting Doc- Preview/RefNo Acquiring' is: 'CRN10201800122243'

2018-10-19 11:35:07 - [MESSAGE][PASSED] - Text of object 'Object Repository/Final Object Repo/New Registration - Registration Module Pages/Third Screen - Upload Supporting Doc- Preview/RefNo Acquiring' is: 'CRN10201800122243'

2018-10-19 11:35:07 - [TEST_STEP][PASSED] - delay: Delayed 2 second(s)

2018-10-19 11:35:09 - [MESSAGE][PASSED] - Delayed 2 second(s)

2018-10-19 11:35:09 - [TEST_STEP][PASSED] - callTestCase: Call Test Case 'Test Cases/Final Aug 2018 - PKS Automation/Common/Reference Number Setter' successfully

2018-10-19 11:35:09 - [TEST_CASE][PASSED] - Test Cases/Final Aug 2018 - PKS Automation/Common/Reference Number Setter: Test Cases/Final Aug 2018 - PKS Automation/Common/Reference Number Setter

2018-10-19 11:35:09 - [TEST_STEP][PASSED] - Statement - RefNoOldFile = new java.io.File(C://KatalonReference.txt): null

2018-10-19 11:35:09 - [TEST_STEP][PASSED] - Statement - RefNoOldFile.delete(): null

2018-10-19 11:35:09 - [TEST_STEP][PASSED] - Statement - RefNo = new java.io.File(C://KatalonReference.txt): null

2018-10-19 11:35:09 - [TEST_STEP][PASSED] - Statement - RefNo.append(CaseReferenceNo): null

2018-10-19 11:35:09 - [TEST_STEP][PASSED] - Statement - out.println("


" + CaseReferenceNo + "


"): null

2018-10-19 11:35:09 - [MESSAGE][PASSED] - Call Test Case 'Test Cases/Final Aug 2018 - PKS Automation/Common/Reference Number Setter' successfully

2018-10-19 11:35:09 - [TEST_STEP][PASSED] - waitForElementClickable: Object 'Object Repository/Final Object Repo/New Registration - Registration Module Pages/Third Screen - Upload Supporting Doc- Preview/Save n Continue in SIP Employee Listing Page' is clickable

2018-10-19 11:35:09 - [MESSAGE][PASSED] - Object 'Object Repository/Final Object Repo/New Registration - Registration Module Pages/Third Screen - Upload Supporting Doc- Preview/Save n Continue in SIP Employee Listing Page' is clickable

2018-10-19 11:35:09 - [TEST_STEP][PASSED] - click: Object: 'Object Repository/Final Object Repo/New Registration - Registration Module Pages/Third Screen - Upload Supporting Doc- Preview/Save n Continue in SIP Employee Listing Page' is clicked on

2018-10-19 11:35:15 - [MESSAGE][PASSED] - Object: 'Object Repository/Final Object Repo/New Registration - Registration Module Pages/Third Screen - Upload Supporting Doc- Preview/Save n Continue in SIP Employee Listing Page' is clicked on

2018-10-19 11:35:15 - [TEST_STEP][PASSED] - delay: Delayed 6 second(s)

2018-10-19 11:35:21 - [MESSAGE][PASSED] - Delayed 6 second(s)

2018-10-19 11:35:21 - [TEST_STEP][PASSED] - click: Object: 'Object Repository/Final Object Repo/New Registration - Registration Module Pages/Third Screen - Upload Supporting Doc- Preview/Add Document Button' is clicked on

2018-10-19 11:35:21 - [MESSAGE][PASSED] - Object: 'Object Repository/Final Object Repo/New Registration - Registration Module Pages/Third Screen - Upload Supporting Doc- Preview/Add Document Button' is clicked on

2018-10-19 11:35:21 - [TEST_STEP][PASSED] - waitForElementClickable: Object 'Object Repository/Final Object Repo/New Registration - Registration Module Pages/Third Screen - Upload Supporting Doc- Preview/Supporting Doc Please Select Drop Down' is clickable

2018-10-19 11:35:25 - [MESSAGE][PASSED] - Object 'Object Repository/Final Object Repo/New Registration - Registration Module Pages/Third Screen - Upload Supporting Doc- Preview/Supporting Doc Please Select Drop Down' is clickable

2018-10-19 11:35:25 - [TEST_STEP][PASSED] - click: Object: 'Object Repository/Final Object Repo/New Registration - Registration Module Pages/Third Screen - Upload Supporting Doc- Preview/Supporting Doc Please Select Drop Down' is clicked on

2018-10-19 11:35:25 - [MESSAGE][PASSED] - Object: 'Object Repository/Final Object Repo/New Registration - Registration Module Pages/Third Screen - Upload Supporting Doc- Preview/Supporting Doc Please Select Drop Down' is clicked on

2018-10-19 11:35:25 - [TEST_STEP][PASSED] - delay: Delayed 2 second(s)

2018-10-19 11:35:27 - [MESSAGE][PASSED] - Delayed 2 second(s)

2018-10-19 11:35:27 - [TEST_STEP][PASSED] - click: Object: 'Object Repository/Final Object Repo/New Registration - Registration Module Pages/Third Screen - Upload Supporting Doc- Preview/Select to Upload Form 1' is clicked on

2018-10-19 11:35:27 - [MESSAGE][PASSED] - Object: 'Object Repository/Final Object Repo/New Registration - Registration Module Pages/Third Screen - Upload Supporting Doc- Preview/Select to Upload Form 1' is clicked on

2018-10-19 11:35:27 - [TEST_STEP][PASSED] - delay: Delayed 2 second(s)

2018-10-19 11:35:29 - [MESSAGE][PASSED] - Delayed 2 second(s)

2018-10-19 11:35:29 - [TEST_STEP][PASSED] - uploadFile: File 'C:\Users\Public\Pictures\Sample Pictures\Act.jpg' sent to object: 'Object Repository/Final Object Repo/New Registration - Registration Module Pages/Third Screen - Upload Supporting Doc- Preview/Upload File Adding'

2018-10-19 11:35:29 - [MESSAGE][PASSED] - File 'C:\Users\Public\Pictures\Sample Pictures\Act.jpg' sent to object: 'Object Repository/Final Object Repo/New Registration - Registration Module Pages/Third Screen - Upload Supporting Doc- Preview/Upload File Adding'

2018-10-19 11:35:29 - [TEST_STEP][PASSED] - delay: Delayed 5 second(s)

2018-10-19 11:35:34 - [MESSAGE][PASSED] - Delayed 5 second(s)

2018-10-19 11:35:34 - [TEST_STEP][PASSED] - click: Object: 'Object Repository/Final Object Repo/New Registration - Registration Module Pages/Third Screen - Upload Supporting Doc- Preview/Inner Form Add Document Button' is clicked on

2018-10-19 11:35:35 - [MESSAGE][PASSED] - Object: 'Object Repository/Final Object Repo/New Registration - Registration Module Pages/Third Screen - Upload Supporting Doc- Preview/Inner Form Add Document Button' is clicked on

2018-10-19 11:35:35 - [TEST_STEP][PASSED] - delay: Delayed 3 second(s)

2018-10-19 11:35:38 - [MESSAGE][PASSED] - Delayed 3 second(s)

2018-10-19 11:35:38 - [TEST_STEP][PASSED] - click: Object: 'Object Repository/Final Object Repo/New Registration - Registration Module Pages/Third Screen - Upload Supporting Doc- Preview/Add Document Button' is clicked on

2018-10-19 11:35:40 - [MESSAGE][PASSED] - Object: 'Object Repository/Final Object Repo/New Registration - Registration Module Pages/Third Screen - Upload Supporting Doc- Preview/Add Document Button' is clicked on

2018-10-19 11:35:40 - [TEST_STEP][PASSED] - waitForElementClickable: Object 'Object Repository/Final Object Repo/New Registration - Registration Module Pages/Third Screen - Upload Supporting Doc- Preview/Supporting Doc Please Select Drop Down' is clickable

2018-10-19 11:35:43 - [MESSAGE][PASSED] - Object 'Object Repository/Final Object Repo/New Registration - Registration Module Pages/Third Screen - Upload Supporting Doc- Preview/Supporting Doc Please Select Drop Down' is clickable

2018-10-19 11:35:43 - [TEST_STEP][PASSED] - click: Object: 'Object Repository/Final Object Repo/New Registration - Registration Module Pages/Third Screen - Upload Supporting Doc- Preview/Supporting Doc Please Select Drop Down' is clicked on

2018-10-19 11:35:44 - [MESSAGE][PASSED] - Object: 'Object Repository/Final Object Repo/New Registration - Registration Module Pages/Third Screen - Upload Supporting Doc- Preview/Supporting Doc Please Select Drop Down' is clicked on

2018-10-19 11:35:44 - [TEST_STEP][PASSED] - delay: Delayed 2 second(s)

2018-10-19 11:35:46 - [MESSAGE][PASSED] - Delayed 2 second(s)

2018-10-19 11:35:46 - [TEST_STEP][PASSED] - click: Object: 'Object Repository/Final Object Repo/New Registration - Registration Module Pages/Third Screen - Upload Supporting Doc- Preview/Select to Upload Form 2' is clicked on

2018-10-19 11:35:46 - [MESSAGE][PASSED] - Object: 'Object Repository/Final Object Repo/New Registration - Registration Module Pages/Third Screen - Upload Supporting Doc- Preview/Select to Upload Form 2' is clicked on

2018-10-19 11:35:46 - [TEST_STEP][PASSED] - delay: Delayed 2 second(s)

2018-10-19 11:35:48 - [MESSAGE][PASSED] - Delayed 2 second(s)

2018-10-19 11:35:48 - [TEST_STEP][PASSED] - uploadFile: File 'C:\Users\Public\Pictures\Sample Pictures\Act.jpg' sent to object: 'Object Repository/Final Object Repo/New Registration - Registration Module Pages/Third Screen - Upload Supporting Doc- Preview/Upload File Adding'

2018-10-19 11:35:48 - [MESSAGE][PASSED] - File 'C:\Users\Public\Pictures\Sample Pictures\Act.jpg' sent to object: 'Object Repository/Final Object Repo/New Registration - Registration Module Pages/Third Screen - Upload Supporting Doc- Preview/Upload File Adding'

2018-10-19 11:35:48 - [TEST_STEP][PASSED] - click: Object: 'Object Repository/Final Object Repo/New Registration - Registration Module Pages/Third Screen - Upload Supporting Doc- Preview/Inner Form Add Document Button' is clicked on

2018-10-19 11:35:48 - [MESSAGE][PASSED] - Object: 'Object Repository/Final Object Repo/New Registration - Registration Module Pages/Third Screen - Upload Supporting Doc- Preview/Inner Form Add Document Button' is clicked on

2018-10-19 11:35:48 - [TEST_STEP][PASSED] - delay: Delayed 4 second(s)

2018-10-19 11:35:52 - [MESSAGE][PASSED] - Delayed 4 second(s)

2018-10-19 11:35:52 - [TEST_STEP][PASSED] - click: Object: 'Object Repository/Final Object Repo/New Registration - Registration Module Pages/Third Screen - Upload Supporting Doc- Preview/Add Document Button' is clicked on

2018-10-19 11:35:53 - [MESSAGE][PASSED] - Object: 'Object Repository/Final Object Repo/New Registration - Registration Module Pages/Third Screen - Upload Supporting Doc- Preview/Add Document Button' is clicked on

2018-10-19 11:35:53 - [TEST_STEP][PASSED] - waitForElementClickable: Object 'Object Repository/Final Object Repo/New Registration - Registration Module Pages/Third Screen - Upload Supporting Doc- Preview/Supporting Doc Please Select Drop Down' is clickable

2018-10-19 11:35:57 - [MESSAGE][PASSED] - Object 'Object Repository/Final Object Repo/New Registration - Registration Module Pages/Third Screen - Upload Supporting Doc- Preview/Supporting Doc Please Select Drop Down' is clickable

2018-10-19 11:35:57 - [TEST_STEP][PASSED] - click: Object: 'Object Repository/Final Object Repo/New Registration - Registration Module Pages/Third Screen - Upload Supporting Doc- Preview/Supporting Doc Please Select Drop Down' is clicked on

2018-10-19 11:35:57 - [MESSAGE][PASSED] - Object: 'Object Repository/Final Object Repo/New Registration - Registration Module Pages/Third Screen - Upload Supporting Doc- Preview/Supporting Doc Please Select Drop Down' is clicked on

2018-10-19 11:35:57 - [TEST_STEP][PASSED] - click: Object: 'Object Repository/Final Object Repo/New Registration - Registration Module Pages/Third Screen - Upload Supporting Doc- Preview/Select to Upload Borang SIP 1' is clicked on

2018-10-19 11:35:57 - [MESSAGE][PASSED] - Object: 'Object Repository/Final Object Repo/New Registration - Registration Module Pages/Third Screen - Upload Supporting Doc- Preview/Select to Upload Borang SIP 1' is clicked on

2018-10-19 11:35:57 - [TEST_STEP][PASSED] - delay: Delayed 2 second(s)

2018-10-19 11:35:59 - [MESSAGE][PASSED] - Delayed 2 second(s)

2018-10-19 11:35:59 - [TEST_STEP][PASSED] - uploadFile: File 'C:\Users\Public\Pictures\Sample Pictures\Act.jpg' sent to object: 'Object Repository/Final Object Repo/New Registration - Registration Module Pages/Third Screen - Upload Supporting Doc- Preview/Upload File Adding'

2018-10-19 11:35:59 - [MESSAGE][PASSED] - File 'C:\Users\Public\Pictures\Sample Pictures\Act.jpg' sent to object: 'Object Repository/Final Object Repo/New Registration - Registration Module Pages/Third Screen - Upload Supporting Doc- Preview/Upload File Adding'

2018-10-19 11:35:59 - [TEST_STEP][PASSED] - click: Object: 'Object Repository/Final Object Repo/New Registration - Registration Module Pages/Third Screen - Upload Supporting Doc- Preview/Inner Form Add Document Button' is clicked on

2018-10-19 11:35:59 - [MESSAGE][PASSED] - Object: 'Object Repository/Final Object Repo/New Registration - Registration Module Pages/Third Screen - Upload Supporting Doc- Preview/Inner Form Add Document Button' is clicked on

2018-10-19 11:35:59 - [TEST_STEP][PASSED] - delay: Delayed 5 second(s)

2018-10-19 11:36:04 - [MESSAGE][PASSED] - Delayed 5 second(s)

2018-10-19 11:36:04 - [TEST_STEP][PASSED] - click: Object: 'Object Repository/Final Object Repo/New Registration - Registration Module Pages/Third Screen - Upload Supporting Doc- Preview/Add Document Button' is clicked on

2018-10-19 11:36:05 - [MESSAGE][PASSED] - Object: 'Object Repository/Final Object Repo/New Registration - Registration Module Pages/Third Screen - Upload Supporting Doc- Preview/Add Document Button' is clicked on

2018-10-19 11:36:05 - [TEST_STEP][PASSED] - waitForElementClickable: Object 'Object Repository/Final Object Repo/New Registration - Registration Module Pages/Third Screen - Upload Supporting Doc- Preview/Supporting Doc Please Select Drop Down' is clickable

2018-10-19 11:36:08 - [MESSAGE][PASSED] - Object 'Object Repository/Final Object Repo/New Registration - Registration Module Pages/Third Screen - Upload Supporting Doc- Preview/Supporting Doc Please Select Drop Down' is clickable

2018-10-19 11:36:08 - [TEST_STEP][PASSED] - click: Object: 'Object Repository/Final Object Repo/New Registration - Registration Module Pages/Third Screen - Upload Supporting Doc- Preview/Supporting Doc Please Select Drop Down' is clicked on

2018-10-19 11:36:08 - [MESSAGE][PASSED] - Object: 'Object Repository/Final Object Repo/New Registration - Registration Module Pages/Third Screen - Upload Supporting Doc- Preview/Supporting Doc Please Select Drop Down' is clicked on

2018-10-19 11:36:08 - [TEST_STEP][PASSED] - delay: Delayed 3 second(s)

2018-10-19 11:36:11 - [MESSAGE][PASSED] - Delayed 3 second(s)

2018-10-19 11:36:11 - [TEST_STEP][PASSED] - click: Object: 'Object Repository/Final Object Repo/New Registration - Registration Module Pages/Third Screen - Upload Supporting Doc- Preview/Select to Upload Borang SIP 2' is clicked on

2018-10-19 11:36:11 - [MESSAGE][PASSED] - Object: 'Object Repository/Final Object Repo/New Registration - Registration Module Pages/Third Screen - Upload Supporting Doc- Preview/Select to Upload Borang SIP 2' is clicked on

2018-10-19 11:36:11 - [TEST_STEP][PASSED] - delay: Delayed 2 second(s)

2018-10-19 11:36:13 - [MESSAGE][PASSED] - Delayed 2 second(s)

2018-10-19 11:36:13 - [TEST_STEP][PASSED] - uploadFile: File 'C:\Users\Public\Pictures\Sample Pictures\Act.jpg' sent to object: 'Object Repository/Final Object Repo/New Registration - Registration Module Pages/Third Screen - Upload Supporting Doc- Preview/Upload File Adding'

2018-10-19 11:36:13 - [MESSAGE][PASSED] - File 'C:\Users\Public\Pictures\Sample Pictures\Act.jpg' sent to object: 'Object Repository/Final Object Repo/New Registration - Registration Module Pages/Third Screen - Upload Supporting Doc- Preview/Upload File Adding'

2018-10-19 11:36:13 - [TEST_STEP][PASSED] - delay: Delayed 5 second(s)

2018-10-19 11:36:18 - [MESSAGE][PASSED] - Delayed 5 second(s)

2018-10-19 11:36:18 - [TEST_STEP][PASSED] - click: Object: 'Object Repository/Final Object Repo/New Registration - Registration Module Pages/Third Screen - Upload Supporting Doc- Preview/Inner Form Add Document Button' is clicked on

2018-10-19 11:36:18 - [MESSAGE][PASSED] - Object: 'Object Repository/Final Object Repo/New Registration - Registration Module Pages/Third Screen - Upload Supporting Doc- Preview/Inner Form Add Document Button' is clicked on

2018-10-19 11:36:18 - [TEST_STEP][PASSED] - delay: Delayed 3 second(s)

2018-10-19 11:36:21 - [MESSAGE][PASSED] - Delayed 3 second(s)

2018-10-19 11:36:21 - [TEST_STEP][PASSED] - waitForElementClickable: Object 'Object Repository/Final Object Repo/New Registration - Registration Module Pages/Third Screen - Upload Supporting Doc- Preview/Save n Continue in Uploading Supporting Doc Page' is clickable

2018-10-19 11:36:24 - [MESSAGE][PASSED] - Object 'Object Repository/Final Object Repo/New Registration - Registration Module Pages/Third Screen - Upload Supporting Doc- Preview/Save n Continue in Uploading Supporting Doc Page' is clickable

2018-10-19 11:36:24 - [TEST_STEP][PASSED] - click: Object: 'Object Repository/Final Object Repo/New Registration - Registration Module Pages/Third Screen - Upload Supporting Doc- Preview/Save n Continue in Uploading Supporting Doc Page' is clicked on

2018-10-19 11:36:24 - [MESSAGE][PASSED] - Object: 'Object Repository/Final Object Repo/New Registration - Registration Module Pages/Third Screen - Upload Supporting Doc- Preview/Save n Continue in Uploading Supporting Doc Page' is clicked on

2018-10-19 11:36:24 - [MESSAGE][PASSED] - Call Test Case 'Test Cases/Final Aug 2018 - PKS Automation/Registration Module/New Registration/Flow of New Registration/Third Screen - Upload Supporting Doc - Preview' successfully

2018-10-19 11:36:24 - [TEST_STEP][PASSED] - setText: Text 'Tester' is set on object 'Object Repository/Final Object Repo/New Registration - Registration Module Pages/New Reg - OTC to RO/Special Case - All Related Objects/Employer Preview Name'

2018-10-19 11:36:29 - [MESSAGE][PASSED] - Text 'Tester' is set on object 'Object Repository/Final Object Repo/New Registration - Registration Module Pages/New Reg - OTC to RO/Special Case - All Related Objects/Employer Preview Name'

2018-10-19 11:36:29 - [TEST_STEP][PASSED] - click: Object: 'Object Repository/Final Object Repo/New Registration - Registration Module Pages/New Reg - OTC to RO/Special Case - All Related Objects/IC Type Drop Down' is clicked on

2018-10-19 11:36:29 - [MESSAGE][PASSED] - Object: 'Object Repository/Final Object Repo/New Registration - Registration Module Pages/New Reg - OTC to RO/Special Case - All Related Objects/IC Type Drop Down' is clicked on

2018-10-19 11:36:29 - [TEST_STEP][PASSED] - click: Object: 'Object Repository/Final Object Repo/New Registration - Registration Module Pages/New Reg - OTC to RO/Special Case - All Related Objects/Select to NRIC' is clicked on

2018-10-19 11:36:29 - [MESSAGE][PASSED] - Object: 'Object Repository/Final Object Repo/New Registration - Registration Module Pages/New Reg - OTC to RO/Special Case - All Related Objects/Select to NRIC' is clicked on

2018-10-19 11:36:29 - [TEST_STEP][PASSED] - setText: Text '133245561223' is set on object 'Object Repository/Final Object Repo/New Registration - Registration Module Pages/New Reg - OTC to RO/Special Case - All Related Objects/IC Value'

2018-10-19 11:36:30 - [MESSAGE][PASSED] - Text '133245561223' is set on object 'Object Repository/Final Object Repo/New Registration - Registration Module Pages/New Reg - OTC to RO/Special Case - All Related Objects/IC Value'

2018-10-19 11:36:30 - [TEST_STEP][PASSED] - setText: Text 'Auto' is set on object 'Object Repository/Final Object Repo/New Registration - Registration Module Pages/New Reg - OTC to RO/Special Case - All Related Objects/Designation'

2018-10-19 11:36:30 - [MESSAGE][PASSED] - Text 'Auto' is set on object 'Object Repository/Final Object Repo/New Registration - Registration Module Pages/New Reg - OTC to RO/Special Case - All Related Objects/Designation'

2018-10-19 11:36:30 - [TEST_STEP][PASSED] - callTestCase: Call Test Case 'Test Cases/Final Aug 2018 - PKS Automation/Registration Module/New Registration/Submit and Screenshot/Submit Registration and Screenshot - Copy' successfully

2018-10-19 11:36:30 - [TEST_CASE][PASSED] - Test Cases/Final Aug 2018 - PKS Automation/Registration Module/New Registration/Submit and Screenshot/Submit Registration and Screenshot - Copy: Test Cases/Final Aug 2018 - PKS Automation/Registration Module/New Registration/Submit and Screenshot/Submit Registration and Screenshot - Copy

2018-10-19 11:36:30 - [TEST_STEP][PASSED] - delay: Delayed 6 second(s)

2018-10-19 11:36:36 - [MESSAGE][PASSED] - Delayed 6 second(s)

2018-10-19 11:36:36 - [TEST_STEP][PASSED] - click: Object: 'Object Repository/Final Object Repo/New Registration - Registration Module Pages/Third Screen - Upload Supporting Doc- Preview/Preview Submit Button' is clicked on

2018-10-19 11:36:36 - [MESSAGE][PASSED] - Object: 'Object Repository/Final Object Repo/New Registration - Registration Module Pages/Third Screen - Upload Supporting Doc- Preview/Preview Submit Button' is clicked on

2018-10-19 11:36:36 - [TEST_STEP][PASSED] - delay: Delayed 2 second(s)

2018-10-19 11:36:38 - [MESSAGE][PASSED] - Delayed 2 second(s)

2018-10-19 11:36:38 - [TEST_STEP][PASSED] - click: Object: 'Object Repository/Final Object Repo/New Registration - Registration Module Pages/Third Screen - Upload Supporting Doc- Preview/Preview Submit - Confirm' is clicked on

2018-10-19 11:36:38 - [MESSAGE][PASSED] - Object: 'Object Repository/Final Object Repo/New Registration - Registration Module Pages/Third Screen - Upload Supporting Doc- Preview/Preview Submit - Confirm' is clicked on

2018-10-19 11:36:38 - [TEST_STEP][PASSED] - delay: Delayed 15 second(s)

2018-10-19 11:36:53 - [MESSAGE][PASSED] - Delayed 15 second(s)

2018-10-19 11:36:53 - [TEST_STEP][PASSED] - Statement - driver = com.kms.katalon.core.webui.driver.DriverFactory.getWebDriver(): null

2018-10-19 11:36:53 - [TEST_STEP][PASSED] - Statement - driver.manage().timeouts().implicitlyWait(10, SECONDS): null

2018-10-19 11:36:53 - [TEST_STEP][PASSED] - Statement - PresavePath = KatalonScreenshots: null

2018-10-19 11:36:53 - [TEST_STEP][PASSED] - Statement - pathPrefix = "C:\Users\Public\Pictures\Sample Pictures\Katalon Screenshots\Automate Ending Screen": null

2018-10-19 11:36:53 - [TEST_STEP][PASSED] - Statement - finalPath = <not implemented yet for class: org.codehaus.groovy.ast.expr.EmptyExpression>: null

2018-10-19 11:36:53 - [TEST_STEP][PASSED] - Statement - scrFile = driver.getScreenshotAs(FILE): null

2018-10-19 11:36:54 - [TEST_STEP][PASSED] - Statement - PreSaveFile = new java.io.File(PresavePath): null

2018-10-19 11:36:54 - [TEST_STEP][PASSED] - Statement - counter = 0: null

2018-10-19 11:36:54 - [TEST_STEP][PASSED] - Statement - If (PreSaveFile.exists()): null

2018-10-19 11:36:54 - [TEST_STEP][PASSED] - Statement - While (PreSaveFile.exists()): null

2018-10-19 11:36:54 - [TEST_STEP][PASSED] - Statement - counter = counter + 1: null

2018-10-19 11:36:54 - [TEST_STEP][PASSED] - Statement - PreSaveFile = new java.io.File(((pathPrefix + java.lang.Integer.toString(counter)) + .png)): null

2018-10-19 11:36:54 - [TEST_STEP][PASSED] - Statement - counter = counter + 1: null

2018-10-19 11:36:54 - [TEST_STEP][PASSED] - Statement - PreSaveFile = new java.io.File(((pathPrefix + java.lang.Integer.toString(counter)) + .png)): null

2018-10-19 11:36:54 - [TEST_STEP][PASSED] - Statement - counter = counter + 1: null

2018-10-19 11:36:54 - [TEST_STEP][PASSED] - Statement - PreSaveFile = new java.io.File(((pathPrefix + java.lang.Integer.toString(counter)) + .png)): null

2018-10-19 11:36:54 - [TEST_STEP][PASSED] - Statement - counter = counter + 1: null

2018-10-19 11:36:54 - [TEST_STEP][PASSED] - Statement - PreSaveFile = new java.io.File(((pathPrefix + java.lang.Integer.toString(counter)) + .png)): null

2018-10-19 11:36:54 - [TEST_STEP][PASSED] - Statement - counter = counter + 1: null

2018-10-19 11:36:54 - [TEST_STEP][PASSED] - Statement - PreSaveFile = new java.io.File(((pathPrefix + java.lang.Integer.toString(counter)) + .png)): null

2018-10-19 11:36:54 - [TEST_STEP][PASSED] - Statement - counter = counter + 1: null

2018-10-19 11:36:54 - [TEST_STEP][PASSED] - Statement - PreSaveFile = new java.io.File(((pathPrefix + java.lang.Integer.toString(counter)) + .png)): null

2018-10-19 11:36:54 - [TEST_STEP][PASSED] - Statement - counter = counter + 1: null

2018-10-19 11:36:54 - [TEST_STEP][PASSED] - Statement - PreSaveFile = new java.io.File(((pathPrefix + java.lang.Integer.toString(counter)) + .png)): null

2018-10-19 11:36:54 - [TEST_STEP][PASSED] - Statement - counter = counter + 1: null

2018-10-19 11:36:54 - [TEST_STEP][PASSED] - Statement - PreSaveFile = new java.io.File(((pathPrefix + java.lang.Integer.toString(counter)) + .png)): null

2018-10-19 11:36:54 - [TEST_STEP][PASSED] - Statement - counter = counter + 1: null

2018-10-19 11:36:54 - [TEST_STEP][PASSED] - Statement - PreSaveFile = new java.io.File(((pathPrefix + java.lang.Integer.toString(counter)) + .png)): null

2018-10-19 11:36:54 - [TEST_STEP][PASSED] - Statement - counter = counter + 1: null

2018-10-19 11:36:54 - [TEST_STEP][PASSED] - Statement - PreSaveFile = new java.io.File(((pathPrefix + java.lang.Integer.toString(counter)) + .png)): null

2018-10-19 11:36:54 - [TEST_STEP][PASSED] - Statement - counter = counter + 1: null

2018-10-19 11:36:54 - [TEST_STEP][PASSED] - Statement - PreSaveFile = new java.io.File(((pathPrefix + java.lang.Integer.toString(counter)) + .png)): null

2018-10-19 11:36:54 - [TEST_STEP][PASSED] - Statement - counter = counter + 1: null

2018-10-19 11:36:54 - [TEST_STEP][PASSED] - Statement - PreSaveFile = new java.io.File(((pathPrefix + java.lang.Integer.toString(counter)) + .png)): null

2018-10-19 11:36:54 - [TEST_STEP][PASSED] - Statement - counter = counter + 1: null

2018-10-19 11:36:54 - [TEST_STEP][PASSED] - Statement - PreSaveFile = new java.io.File(((pathPrefix + java.lang.Integer.toString(counter)) + .png)): null

2018-10-19 11:36:54 - [TEST_STEP][PASSED] - Statement - counter = counter + 1: null

2018-10-19 11:36:54 - [TEST_STEP][PASSED] - Statement - PreSaveFile = new java.io.File(((pathPrefix + java.lang.Integer.toString(counter)) + .png)): null

2018-10-19 11:36:54 - [TEST_STEP][PASSED] - Statement - counter = counter + 1: null

2018-10-19 11:36:54 - [TEST_STEP][PASSED] - Statement - PreSaveFile = new java.io.File(((pathPrefix + java.lang.Integer.toString(counter)) + .png)): null

2018-10-19 11:36:54 - [TEST_STEP][PASSED] - Statement - counter = counter + 1: null

2018-10-19 11:36:54 - [TEST_STEP][PASSED] - Statement - PreSaveFile = new java.io.File(((pathPrefix + java.lang.Integer.toString(counter)) + .png)): null

2018-10-19 11:36:54 - [TEST_STEP][PASSED] - Statement - counter = counter + 1: null

2018-10-19 11:36:54 - [TEST_STEP][PASSED] - Statement - PreSaveFile = new java.io.File(((pathPrefix + java.lang.Integer.toString(counter)) + .png)): null

2018-10-19 11:36:54 - [TEST_STEP][PASSED] - Statement - counter = counter + 1: null

2018-10-19 11:36:54 - [TEST_STEP][PASSED] - Statement - PreSaveFile = new java.io.File(((pathPrefix + java.lang.Integer.toString(counter)) + .png)): null

2018-10-19 11:36:54 - [TEST_STEP][PASSED] - Statement - counter = counter + 1: null

2018-10-19 11:36:54 - [TEST_STEP][PASSED] - Statement - PreSaveFile = new java.io.File(((pathPrefix + java.lang.Integer.toString(counter)) + .png)): null

2018-10-19 11:36:54 - [TEST_STEP][PASSED] - Statement - counter = counter + 1: null

2018-10-19 11:36:54 - [TEST_STEP][PASSED] - Statement - PreSaveFile = new java.io.File(((pathPrefix + java.lang.Integer.toString(counter)) + .png)): null

2018-10-19 11:36:54 - [TEST_STEP][PASSED] - Statement - counter = counter + 1: null

2018-10-19 11:36:54 - [TEST_STEP][PASSED] - Statement - PreSaveFile = new java.io.File(((pathPrefix + java.lang.Integer.toString(counter)) + .png)): null

2018-10-19 11:36:54 - [TEST_STEP][PASSED] - Statement - counter = counter + 1: null

2018-10-19 11:36:54 - [TEST_STEP][PASSED] - Statement - PreSaveFile = new java.io.File(((pathPrefix + java.lang.Integer.toString(counter)) + .png)): null

2018-10-19 11:36:54 - [TEST_STEP][PASSED] - Statement - counter = counter + 1: null

2018-10-19 11:36:54 - [TEST_STEP][PASSED] - Statement - PreSaveFile = new java.io.File(((pathPrefix + java.lang.Integer.toString(counter)) + .png)): null

2018-10-19 11:36:54 - [TEST_STEP][PASSED] - Statement - counter = counter + 1: null

2018-10-19 11:36:54 - [TEST_STEP][PASSED] - Statement - PreSaveFile = new java.io.File(((pathPrefix + java.lang.Integer.toString(counter)) + .png)): null

2018-10-19 11:36:54 - [TEST_STEP][PASSED] - Statement - counter = counter + 1: null

2018-10-19 11:36:54 - [TEST_STEP][PASSED] - Statement - PreSaveFile = new java.io.File(((pathPrefix + java.lang.Integer.toString(counter)) + .png)): null

2018-10-19 11:36:54 - [TEST_STEP][PASSED] - Statement - counter = counter + 1: null

2018-10-19 11:36:54 - [TEST_STEP][PASSED] - Statement - PreSaveFile = new java.io.File(((pathPrefix + java.lang.Integer.toString(counter)) + .png)): null

2018-10-19 11:36:54 - [TEST_STEP][PASSED] - Statement - counter = counter + 1: null

2018-10-19 11:36:54 - [TEST_STEP][PASSED] - Statement - PreSaveFile = new java.io.File(((pathPrefix + java.lang.Integer.toString(counter)) + .png)): null

2018-10-19 11:36:54 - [TEST_STEP][PASSED] - Statement - counter = counter + 1: null

2018-10-19 11:36:54 - [TEST_STEP][PASSED] - Statement - PreSaveFile = new java.io.File(((pathPrefix + java.lang.Integer.toString(counter)) + .png)): null

2018-10-19 11:36:54 - [TEST_STEP][PASSED] - Statement - counter = counter + 1: null

2018-10-19 11:36:54 - [TEST_STEP][PASSED] - Statement - PreSaveFile = new java.io.File(((pathPrefix + java.lang.Integer.toString(counter)) + .png)): null

2018-10-19 11:36:54 - [TEST_STEP][PASSED] - Statement - counter = counter + 1: null

2018-10-19 11:36:54 - [TEST_STEP][PASSED] - Statement - PreSaveFile = new java.io.File(((pathPrefix + java.lang.Integer.toString(counter)) + .png)): null

2018-10-19 11:36:54 - [TEST_STEP][PASSED] - Statement - counter = counter + 1: null

2018-10-19 11:36:54 - [TEST_STEP][PASSED] - Statement - PreSaveFile = new java.io.File(((pathPrefix + java.lang.Integer.toString(counter)) + .png)): null

2018-10-19 11:36:54 - [TEST_STEP][PASSED] - Statement - counter = counter + 1: null

2018-10-19 11:36:54 - [TEST_STEP][PASSED] - Statement - PreSaveFile = new java.io.File(((pathPrefix + java.lang.Integer.toString(counter)) + .png)): null

2018-10-19 11:36:54 - [TEST_STEP][PASSED] - Statement - counter = counter + 1: null

2018-10-19 11:36:54 - [TEST_STEP][PASSED] - Statement - PreSaveFile = new java.io.File(((pathPrefix + java.lang.Integer.toString(counter)) + .png)): null

2018-10-19 11:36:54 - [TEST_STEP][PASSED] - Statement - counter = counter + 1: null

2018-10-19 11:36:54 - [TEST_STEP][PASSED] - Statement - PreSaveFile = new java.io.File(((pathPrefix + java.lang.Integer.toString(counter)) + .png)): null

2018-10-19 11:36:54 - [TEST_STEP][PASSED] - Statement - counter = counter + 1: null

2018-10-19 11:36:54 - [TEST_STEP][PASSED] - Statement - PreSaveFile = new java.io.File(((pathPrefix + java.lang.Integer.toString(counter)) + .png)): null

2018-10-19 11:36:54 - [TEST_STEP][PASSED] - Statement - counter = counter + 1: null

2018-10-19 11:36:54 - [TEST_STEP][PASSED] - Statement - PreSaveFile = new java.io.File(((pathPrefix + java.lang.Integer.toString(counter)) + .png)): null

2018-10-19 11:36:54 - [TEST_STEP][PASSED] - Statement - counter = counter + 1: null

2018-10-19 11:36:54 - [TEST_STEP][PASSED] - Statement - PreSaveFile = new java.io.File(((pathPrefix + java.lang.Integer.toString(counter)) + .png)): null

2018-10-19 11:36:54 - [TEST_STEP][PASSED] - Statement - counter = counter + 1: null

2018-10-19 11:36:54 - [TEST_STEP][PASSED] - Statement - PreSaveFile = new java.io.File(((pathPrefix + java.lang.Integer.toString(counter)) + .png)): null

2018-10-19 11:36:54 - [TEST_STEP][PASSED] - Statement - counter = counter + 1: null

2018-10-19 11:36:54 - [TEST_STEP][PASSED] - Statement - PreSaveFile = new java.io.File(((pathPrefix + java.lang.Integer.toString(counter)) + .png)): null

2018-10-19 11:36:54 - [TEST_STEP][PASSED] - Statement - counter = counter + 1: null

2018-10-19 11:36:54 - [TEST_STEP][PASSED] - Statement - PreSaveFile = new java.io.File(((pathPrefix + java.lang.Integer.toString(counter)) + .png)): null

2018-10-19 11:36:54 - [TEST_STEP][PASSED] - Statement - counter = counter + 1: null

2018-10-19 11:36:54 - [TEST_STEP][PASSED] - Statement - PreSaveFile = new java.io.File(((pathPrefix + java.lang.Integer.toString(counter)) + .png)): null

2018-10-19 11:36:54 - [TEST_STEP][PASSED] - Statement - counter = counter + 1: null

2018-10-19 11:36:54 - [TEST_STEP][PASSED] - Statement - PreSaveFile = new java.io.File(((pathPrefix + java.lang.Integer.toString(counter)) + .png)): null

2018-10-19 11:36:54 - [TEST_STEP][PASSED] - Statement - counter = counter + 1: null

2018-10-19 11:36:54 - [TEST_STEP][PASSED] - Statement - PreSaveFile = new java.io.File(((pathPrefix + java.lang.Integer.toString(counter)) + .png)): null

2018-10-19 11:36:54 - [TEST_STEP][PASSED] - Statement - counter = counter + 1: null

2018-10-19 11:36:54 - [TEST_STEP][PASSED] - Statement - PreSaveFile = new java.io.File(((pathPrefix + java.lang.Integer.toString(counter)) + .png)): null

2018-10-19 11:36:54 - [TEST_STEP][PASSED] - Statement - counter = counter + 1: null

2018-10-19 11:36:54 - [TEST_STEP][PASSED] - Statement - PreSaveFile = new java.io.File(((pathPrefix + java.lang.Integer.toString(counter)) + .png)): null

2018-10-19 11:36:54 - [TEST_STEP][PASSED] - Statement - counter = counter + 1: null

2018-10-19 11:36:54 - [TEST_STEP][PASSED] - Statement - PreSaveFile = new java.io.File(((pathPrefix + java.lang.Integer.toString(counter)) + .png)): null

2018-10-19 11:36:54 - [TEST_STEP][PASSED] - Statement - counter = counter + 1: null

2018-10-19 11:36:54 - [TEST_STEP][PASSED] - Statement - PreSaveFile = new java.io.File(((pathPrefix + java.lang.Integer.toString(counter)) + .png)): null

2018-10-19 11:36:54 - [TEST_STEP][PASSED] - Statement - counter = counter + 1: null

2018-10-19 11:36:54 - [TEST_STEP][PASSED] - Statement - PreSaveFile = new java.io.File(((pathPrefix + java.lang.Integer.toString(counter)) + .png)): null

2018-10-19 11:36:54 - [TEST_STEP][PASSED] - Statement - counter = counter + 1: null

2018-10-19 11:36:54 - [TEST_STEP][PASSED] - Statement - PreSaveFile = new java.io.File(((pathPrefix + java.lang.Integer.toString(counter)) + .png)): null

2018-10-19 11:36:54 - [TEST_STEP][PASSED] - Statement - counter = counter + 1: null

2018-10-19 11:36:54 - [TEST_STEP][PASSED] - Statement - PreSaveFile = new java.io.File(((pathPrefix + java.lang.Integer.toString(counter)) + .png)): null

2018-10-19 11:36:54 - [TEST_STEP][PASSED] - Statement - counter = counter + 1: null

2018-10-19 11:36:54 - [TEST_STEP][PASSED] - Statement - PreSaveFile = new java.io.File(((pathPrefix + java.lang.Integer.toString(counter)) + .png)): null

2018-10-19 11:36:54 - [TEST_STEP][PASSED] - Statement - finalPath = pathPrefix + java.lang.Integer.toString(counter) + ".png": null

2018-10-19 11:36:54 - [TEST_STEP][PASSED] - Statement - SaveFile = new java.io.File(finalPath): null

2018-10-19 11:36:54 - [TEST_STEP][PASSED] - Statement - Try: null

2018-10-19 11:36:54 - [TEST_STEP][PASSED] - Statement - org.apache.commons.io.FileUtils.copyFile(scrFile, SaveFile): null

2018-10-19 11:36:54 - [TEST_STEP][PASSED] - Statement - out.println("file kept"): null

2018-10-19 11:36:54 - [TEST_STEP][PASSED] - delay: Delayed 10 second(s)

2018-10-19 11:37:04 - [MESSAGE][PASSED] - Delayed 10 second(s)

2018-10-19 11:37:04 - [MESSAGE][PASSED] - Call Test Case 'Test Cases/Final Aug 2018 - PKS Automation/Registration Module/New Registration/Submit and Screenshot/Submit Registration and Screenshot - Copy' successfully

2018-10-19 11:37:04 - [TEST_STEP][PASSED] - Statement - UpdateAddNewECode = com.kms.katalon.core.webui.keyword.WebUiBuiltInKeywords.getText(com.kms.katalon.core.testobject.ObjectRepository.findTestObject(Object Repository/Final Object Repo/Page_Update Add New Employee - ASSIST/getEmpCode)): Text of object 'Object Repository/Final Object Repo/Page_Update Add New Employee - ASSIST/getEmpCode' is: 'E1102070079V'

2018-10-19 11:37:04 - [MESSAGE][PASSED] - Text of object 'Object Repository/Final Object Repo/Page_Update Add New Employee - ASSIST/getEmpCode' is: 'E1102070079V'

2018-10-19 11:37:04 - [TEST_STEP][PASSED] - callTestCase: Call Test Case 'Test Cases/Final Aug 2018 - PKS Automation/Common/Emp Code Setter' successfully

2018-10-19 11:37:04 - [TEST_CASE][PASSED] - Test Cases/Final Aug 2018 - PKS Automation/Common/Emp Code Setter: Test Cases/Final Aug 2018 - PKS Automation/Common/Emp Code Setter

2018-10-19 11:37:04 - [TEST_STEP][PASSED] - Statement - EmpCodeOld = new java.io.File(C://EmpCode.txt): null

2018-10-19 11:37:04 - [TEST_STEP][PASSED] - Statement - EmpCodeOld.delete(): null

2018-10-19 11:37:04 - [TEST_STEP][PASSED] - Statement - EmpCode = new java.io.File(C://EmpCode.txt): null

2018-10-19 11:37:04 - [TEST_STEP][PASSED] - Statement - EmpCode.append(UpdateAddNewECode): null

2018-10-19 11:37:04 - [TEST_STEP][PASSED] - Statement - out.println("


" + UpdateAddNewECode + "


"): null

2018-10-19 11:37:04 - [MESSAGE][PASSED] - Call Test Case 'Test Cases/Final Aug 2018 - PKS Automation/Common/Emp Code Setter' successfully

2018-10-19 11:37:04 - [MESSAGE][PASSED] - Call Test Case 'Test Cases/Final Aug 2018 - PKS Automation/Registration Module/Workflow/Update Add New Employee/Template/New Company for Update Add New - Employer' successfully

2018-10-19 11:37:04 - [TEST_STEP][PASSED] - callTestCase: Call Test Case 'Test Cases/Final Aug 2018 - PKS Automation/Create Employer Acc/Login to Employer Account (Second time)' successfully

2018-10-19 11:37:04 - [TEST_CASE][PASSED] - Test Cases/Final Aug 2018 - PKS Automation/Create Employer Acc/Login to Employer Account (Second time): Test Cases/Final Aug 2018 - PKS Automation/Create Employer Acc/Login to Employer Account (Second time)

2018-10-19 11:37:04 - [TEST_STEP][PASSED] - openBrowser: Browser is opened with url: ''

2018-10-19 11:37:04 - [MESSAGE][WARNING] - A browser is already opened. Closing browser and opening a new one

2018-10-19 11:37:08 - [MESSAGE][PASSED] - Browser is opened with url: ''

2018-10-19 11:37:08 - [TEST_STEP][PASSED] - navigateToUrl: Navigate to 'https://assist2-uat.perkeso.gov.my/employer/login' successfully

2018-10-19 11:37:11 - [MESSAGE][PASSED] - Navigate to 'https://assist2-uat.perkeso.gov.my/employer/login' successfully

2018-10-19 11:37:11 - [TEST_STEP][PASSED] - delay: Delayed 3 second(s)

2018-10-19 11:37:14 - [MESSAGE][PASSED] - Delayed 3 second(s)

2018-10-19 11:37:14 - [TEST_STEP][PASSED] - callTestCase: Call Test Case 'Test Cases/Final Aug 2018 - PKS Automation/Create Employer Acc/Template/Employer Email Getter' successfully

2018-10-19 11:37:15 - [TEST_CASE][PASSED] - Test Cases/Final Aug 2018 - PKS Automation/Create Employer Acc/Template/Employer Email Getter: Test Cases/Final Aug 2018 - PKS Automation/Create Employer Acc/Template/Employer Email Getter

2018-10-19 11:37:15 - [TEST_STEP][PASSED] - Statement - Try: null

2018-10-19 11:37:15 - [TEST_STEP][PASSED] - Statement - EmpEmail = new java.io.File(C://EmpEmail.txt): null

2018-10-19 11:37:15 - [TEST_STEP][PASSED] - Statement - bufferread = new java.io.BufferedReader(new java.io.FileReader(EmpEmail)): null

2018-10-19 11:37:15 - [TEST_STEP][PASSED] - Statement - readedVal = bufferread.readLine(): null

2018-10-19 11:37:15 - [TEST_STEP][PASSED] - Statement - out.println(readedVal): null

2018-10-19 11:37:15 - [TEST_STEP][PASSED] - Statement - Email = readedVal: null

2018-10-19 11:37:15 - [MESSAGE][PASSED] - Call Test Case 'Test Cases/Final Aug 2018 - PKS Automation/Create Employer Acc/Template/Employer Email Getter' successfully

2018-10-19 11:37:15 - [TEST_STEP][PASSED] - setText: Text 'perkeso893896228111@gmail.com' is set on object 'Object Repository/Final Object Repo/Login Page/External Login Page/Email'

2018-10-19 11:37:15 - [MESSAGE][PASSED] - Text 'perkeso893896228111@gmail.com' is set on object 'Object Repository/Final Object Repo/Login Page/External Login Page/Email'

2018-10-19 11:37:15 - [TEST_STEP][PASSED] - click: Object: 'Object Repository/Final Object Repo/Login Page/External Login Page/Next' is clicked on

2018-10-19 11:37:15 - [MESSAGE][PASSED] - Object: 'Object Repository/Final Object Repo/Login Page/External Login Page/Next' is clicked on

2018-10-19 11:37:15 - [TEST_STEP][PASSED] - delay: Delayed 3 second(s)

2018-10-19 11:37:18 - [MESSAGE][PASSED] - Delayed 3 second(s)

2018-10-19 11:37:18 - [TEST_STEP][PASSED] - setEncryptedText: Text ****** has been set on object 'Object Repository/Final Object Repo/Login Page/External Login Page/Password'

2018-10-19 11:37:19 - [MESSAGE][PASSED] - Text ****** has been set on object 'Object Repository/Final Object Repo/Login Page/External Login Page/Password'

2018-10-19 11:37:19 - [TEST_STEP][PASSED] - click: Object: 'Object Repository/Final Object Repo/Login Page/External Login Page/Login' is clicked on

2018-10-19 11:37:19 - [MESSAGE][PASSED] - Object: 'Object Repository/Final Object Repo/Login Page/External Login Page/Login' is clicked on

2018-10-19 11:37:19 - [TEST_STEP][PASSED] - delay: Delayed 5 second(s)

2018-10-19 11:37:24 - [MESSAGE][PASSED] - Delayed 5 second(s)

2018-10-19 11:37:24 - [MESSAGE][PASSED] - Call Test Case 'Test Cases/Final Aug 2018 - PKS Automation/Create Employer Acc/Login to Employer Account (Second time)' successfully

2018-10-19 11:37:24 - [TEST_STEP][PASSED] - navigateToUrl: Navigate to 'https://assist2-uat.perkeso.gov.my/web/registration/update/form-1a-cessation-as-employer-discontinue-business-' successfully

2018-10-19 11:37:26 - [MESSAGE][PASSED] - Navigate to 'https://assist2-uat.perkeso.gov.my/web/registration/update/form-1a-cessation-as-employer-discontinue-business-' successfully

2018-10-19 11:37:26 - [TEST_STEP][PASSED] - callTestCase: Call Test Case 'Test Cases/Final Aug 2018 - PKS Automation/Common/Emp Code Getter' successfully

2018-10-19 11:37:26 - [TEST_CASE][PASSED] - Test Cases/Final Aug 2018 - PKS Automation/Common/Emp Code Getter: Test Cases/Final Aug 2018 - PKS Automation/Common/Emp Code Getter

2018-10-19 11:37:27 - [TEST_STEP][PASSED] - Statement - Try: null

2018-10-19 11:37:27 - [TEST_STEP][PASSED] - Statement - EmpCode = new java.io.File(C://EmpCode.txt): null

2018-10-19 11:37:27 - [TEST_STEP][PASSED] - Statement - bufferread = new java.io.BufferedReader(new java.io.FileReader(EmpCode)): null

2018-10-19 11:37:27 - [TEST_STEP][PASSED] - Statement - readedVal = bufferread.readLine(): null

2018-10-19 11:37:27 - [TEST_STEP][PASSED] - Statement - out.println(readedVal): null

2018-10-19 11:37:27 - [TEST_STEP][PASSED] - Statement - UpdateAddNewECode = readedVal: null

2018-10-19 11:37:27 - [MESSAGE][PASSED] - Call Test Case 'Test Cases/Final Aug 2018 - PKS Automation/Common/Emp Code Getter' successfully

2018-10-19 11:37:27 - [TEST_STEP][PASSED] - setText: Text 'E1102070079V' is set on object 'Object Repository/Final Object Repo/Page_Update Employer Information/Employer Code'

2018-10-19 11:37:27 - [MESSAGE][PASSED] - Text 'E1102070079V' is set on object 'Object Repository/Final Object Repo/Page_Update Employer Information/Employer Code'

2018-10-19 11:37:27 - [TEST_STEP][PASSED] - click: Object: 'Object Repository/Final Object Repo/Page_Update Employer Information/Search Button' is clicked on

2018-10-19 11:37:27 - [MESSAGE][PASSED] - Object: 'Object Repository/Final Object Repo/Page_Update Employer Information/Search Button' is clicked on

2018-10-19 11:37:27 - [TEST_STEP][FAILED] - click: Unable to click on object 'Object Repository/Final Object Repo/Page_Update Employer Information/Edit Button' (Root cause: org.openqa.selenium.StaleElementReferenceException: stale element reference: element is not attached to the page document
  (Session info: chrome=69.0.3497.100)
  (Driver info: chromedriver=2.35.528161 (5b82f2d2aae0ca24b877009200ced9065a772e73),platform=Windows NT 6.1.7601 SP1 x86_64) (WARNING: The server did not provide any stacktrace information)
Command duration or timeout: 0 milliseconds
For documentation on this error, please visit: http://seleniumhq.org/exceptions/stale_element_reference.html
Build info: version: '3.7.1', revision: '8a0099a', time: '2017-11-06T21:07:36.161Z'
System info: host: 'WEIZHENG', ip: '192.168.137.1', os.name: 'Windows 7', os.arch: 'amd64', os.version: '6.1', java.version: '1.8.0_181'
Driver info: com.kms.katalon.selenium.driver.CChromeDriver
Capabilities {acceptInsecureCerts: false, acceptSslCerts: false, applicationCacheEnabled: false, browserConnectionEnabled: false, browserName: chrome, chrome: {chromedriverVersion: 2.35.528161 (5b82f2d2aae0ca..., userDataDir: C:\Users\WEIZHE~1\AppData\L...}, cssSelectorsEnabled: true, databaseEnabled: false, handlesAlerts: true, hasTouchScreen: false, javascriptEnabled: true, locationContextEnabled: true, mobileEmulationEnabled: false, nativeEvents: true, networkConnectionEnabled: false, pageLoadStrategy: normal, platform: XP, platformName: XP, rotatable: false, setWindowRect: true, takesHeapSnapshot: true, takesScreenshot: true, unexpectedAlertBehaviour: , unhandledPromptBehavior: , version: 69.0.3497.100, webStorageEnabled: true}
Session ID: 16cacec359ac2f62ceb578759be01abc)

2018-10-19 11:37:28 - [MESSAGE][FAILED] - Unable to click on object 'Object Repository/Final Object Repo/Page_Update Employer Information/Edit Button' (Root cause: org.openqa.selenium.StaleElementReferenceException: stale element reference: element is not attached to the page document
  (Session info: chrome=69.0.3497.100)
  (Driver info: chromedriver=2.35.528161 (5b82f2d2aae0ca24b877009200ced9065a772e73),platform=Windows NT 6.1.7601 SP1 x86_64) (WARNING: The server did not provide any stacktrace information)
Command duration or timeout: 0 milliseconds
For documentation on this error, please visit: http://seleniumhq.org/exceptions/stale_element_reference.html
Build info: version: '3.7.1', revision: '8a0099a', time: '2017-11-06T21:07:36.161Z'
System info: host: 'WEIZHENG', ip: '192.168.137.1', os.name: 'Windows 7', os.arch: 'amd64', os.version: '6.1', java.version: '1.8.0_181'
Driver info: com.kms.katalon.selenium.driver.CChromeDriver
Capabilities {acceptInsecureCerts: false, acceptSslCerts: false, applicationCacheEnabled: false, browserConnectionEnabled: false, browserName: chrome, chrome: {chromedriverVersion: 2.35.528161 (5b82f2d2aae0ca..., userDataDir: C:\Users\WEIZHE~1\AppData\L...}, cssSelectorsEnabled: true, databaseEnabled: false, handlesAlerts: true, hasTouchScreen: false, javascriptEnabled: true, locationContextEnabled: true, mobileEmulationEnabled: false, nativeEvents: true, networkConnectionEnabled: false, pageLoadStrategy: normal, platform: XP, platformName: XP, rotatable: false, setWindowRect: true, takesHeapSnapshot: true, takesScreenshot: true, unexpectedAlertBehaviour: , unhandledPromptBehavior: , version: 69.0.3497.100, webStorageEnabled: true}
Session ID: 16cacec359ac2f62ceb578759be01abc)
[[ATTACHMENT|C:\\Users\\LENOVO\\Katalon Studio\\Perkeso Phase A\\Reports\\Workflow\\Form 1A - Cessation as Employer\\20181019_094055\\1539920248425.png]]

2018-10-19 11:37:28 - [TEST_STEP][FAILED] - Statement - abc = com.kms.katalon.core.webui.keyword.WebUiBuiltInKeywords.getAttribute(com.kms.katalon.core.testobject.ObjectRepository.findTestObject(Final Object Repo/Page_Form 1A - Cessation As Employer/Employer Status), "value"): Unable to get attribute 'value' of object 'Object Repository/Final Object Repo/Page_Form 1A - Cessation As Employer/Employer Status' (Root cause: com.kms.katalon.core.webui.exception.WebElementNotFoundException: Web element with id: 'Object Repository/Final Object Repo/Page_Form 1A - Cessation As Employer/Employer Status' located by 'By.xpath: //input[@type = 'text' and @id = '_searchforemployer_WAR_registrationportlet_dto.employerStatus' and @name = '_searchforemployer_WAR_registrationportlet_dto.employerStatus']' not found)

2018-10-19 11:39:38 - [MESSAGE][FAILED] - Unable to get attribute 'value' of object 'Object Repository/Final Object Repo/Page_Form 1A - Cessation As Employer/Employer Status' (Root cause: com.kms.katalon.core.webui.exception.WebElementNotFoundException: Web element with id: 'Object Repository/Final Object Repo/Page_Form 1A - Cessation As Employer/Employer Status' located by 'By.xpath: //input[@type = 'text' and @id = '_searchforemployer_WAR_registrationportlet_dto.employerStatus' and @name = '_searchforemployer_WAR_registrationportlet_dto.employerStatus']' not found)
[[ATTACHMENT|C:\\Users\\LENOVO\\Katalon Studio\\Perkeso Phase A\\Reports\\Workflow\\Form 1A - Cessation as Employer\\20181019_094055\\1539920378160.png]]

2018-10-19 11:39:38 - [TEST_STEP][PASSED] - Statement - out.println(abc): null

2018-10-19 11:39:38 - [TEST_STEP][PASSED] - Statement - If (abc == "Active"): null

2018-10-19 11:39:38 - [TEST_STEP][FAILED] - click: Unable to click on object 'Object Repository/Final Object Repo/Page_Form 1A - Cessation As Employer/Calender' (Root cause: org.openqa.selenium.ElementNotVisibleException: element not visible
  (Session info: chrome=69.0.3497.100)
  (Driver info: chromedriver=2.35.528161 (5b82f2d2aae0ca24b877009200ced9065a772e73),platform=Windows NT 6.1.7601 SP1 x86_64) (WARNING: The server did not provide any stacktrace information)
Command duration or timeout: 0 milliseconds
Build info: version: '3.7.1', revision: '8a0099a', time: '2017-11-06T21:07:36.161Z'
System info: host: 'WEIZHENG', ip: '192.168.137.1', os.name: 'Windows 7', os.arch: 'amd64', os.version: '6.1', java.version: '1.8.0_181'
Driver info: com.kms.katalon.selenium.driver.CChromeDriver
Capabilities {acceptInsecureCerts: false, acceptSslCerts: false, applicationCacheEnabled: false, browserConnectionEnabled: false, browserName: chrome, chrome: {chromedriverVersion: 2.35.528161 (5b82f2d2aae0ca..., userDataDir: C:\Users\WEIZHE~1\AppData\L...}, cssSelectorsEnabled: true, databaseEnabled: false, handlesAlerts: true, hasTouchScreen: false, javascriptEnabled: true, locationContextEnabled: true, mobileEmulationEnabled: false, nativeEvents: true, networkConnectionEnabled: false, pageLoadStrategy: normal, platform: XP, platformName: XP, rotatable: false, setWindowRect: true, takesHeapSnapshot: true, takesScreenshot: true, unexpectedAlertBehaviour: , unhandledPromptBehavior: , version: 69.0.3497.100, webStorageEnabled: true}
Session ID: 16cacec359ac2f62ceb578759be01abc)

2018-10-19 11:41:36 - [MESSAGE][FAILED] - Unable to click on object 'Object Repository/Final Object Repo/Page_Form 1A - Cessation As Employer/Calender' (Root cause: org.openqa.selenium.ElementNotVisibleException: element not visible
  (Session info: chrome=69.0.3497.100)
  (Driver info: chromedriver=2.35.528161 (5b82f2d2aae0ca24b877009200ced9065a772e73),platform=Windows NT 6.1.7601 SP1 x86_64) (WARNING: The server did not provide any stacktrace information)
Command duration or timeout: 0 milliseconds
Build info: version: '3.7.1', revision: '8a0099a', time: '2017-11-06T21:07:36.161Z'
System info: host: 'WEIZHENG', ip: '192.168.137.1', os.name: 'Windows 7', os.arch: 'amd64', os.version: '6.1', java.version: '1.8.0_181'
Driver info: com.kms.katalon.selenium.driver.CChromeDriver
Capabilities {acceptInsecureCerts: false, acceptSslCerts: false, applicationCacheEnabled: false, browserConnectionEnabled: false, browserName: chrome, chrome: {chromedriverVersion: 2.35.528161 (5b82f2d2aae0ca..., userDataDir: C:\Users\WEIZHE~1\AppData\L...}, cssSelectorsEnabled: true, databaseEnabled: false, handlesAlerts: true, hasTouchScreen: false, javascriptEnabled: true, locationContextEnabled: true, mobileEmulationEnabled: false, nativeEvents: true, networkConnectionEnabled: false, pageLoadStrategy: normal, platform: XP, platformName: XP, rotatable: false, setWindowRect: true, takesHeapSnapshot: true, takesScreenshot: true, unexpectedAlertBehaviour: , unhandledPromptBehavior: , version: 69.0.3497.100, webStorageEnabled: true}
Session ID: 16cacec359ac2f62ceb578759be01abc)
[[ATTACHMENT|C:\\Users\\LENOVO\\Katalon Studio\\Perkeso Phase A\\Reports\\Workflow\\Form 1A - Cessation as Employer\\20181019_094055\\1539920495730.png]]

2018-10-19 11:41:36 - [MESSAGE][FAILED] - Unable to call Test Case with id 'Test Cases/Final Aug 2018 - PKS Automation/Registration Module/Workflow/Form 1A - Cessation As Employer/Template/Form 1 A - Cessation As Employer (Employer)' (Root cause: Call Test Case 'Test Cases/Final Aug 2018 - PKS Automation/Registration Module/Workflow/Form 1A - Cessation As Employer/Template/Form 1 A - Cessation As Employer (Employer)' failed)]]></system-out>
         <system-err><![CDATA[2018-10-19 11:30:59 - [TEST_CASE][FAILED] - Test Cases/Final Aug 2018 - PKS Automation/Registration Module/Workflow/Form 1A - Cessation As Employer/Employer to UO (Approve): Test Cases/Final Aug 2018 - PKS Automation/Registration Module/Workflow/Form 1A - Cessation As Employer/Employer to UO (Approve) FAILED because (of) (Stack trace: com.kms.katalon.core.exception.StepFailedException: Unable to click on object 'Object Repository/Final Object Repo/Page_Update Employer Information/Edit Button' (Root cause: org.openqa.selenium.StaleElementReferenceException: stale element reference: element is not attached to the page document
  (Session info: chrome=69.0.3497.100)
  (Driver info: chromedriver=2.35.528161 (5b82f2d2aae0ca24b877009200ced9065a772e73),platform=Windows NT 6.1.7601 SP1 x86_64) (WARNING: The server did not provide any stacktrace information)
Command duration or timeout: 0 milliseconds
For documentation on this error, please visit: http://seleniumhq.org/exceptions/stale_element_reference.html
Build info: version: '3.7.1', revision: '8a0099a', time: '2017-11-06T21:07:36.161Z'
System info: host: 'WEIZHENG', ip: '192.168.137.1', os.name: 'Windows 7', os.arch: 'amd64', os.version: '6.1', java.version: '1.8.0_181'
Driver info: com.kms.katalon.selenium.driver.CChromeDriver
Capabilities {acceptInsecureCerts: false, acceptSslCerts: false, applicationCacheEnabled: false, browserConnectionEnabled: false, browserName: chrome, chrome: {chromedriverVersion: 2.35.528161 (5b82f2d2aae0ca..., userDataDir: C:\Users\WEIZHE~1\AppData\L...}, cssSelectorsEnabled: true, databaseEnabled: false, handlesAlerts: true, hasTouchScreen: false, javascriptEnabled: true, locationContextEnabled: true, mobileEmulationEnabled: false, nativeEvents: true, networkConnectionEnabled: false, pageLoadStrategy: normal, platform: XP, platformName: XP, rotatable: false, setWindowRect: true, takesHeapSnapshot: true, takesScreenshot: true, unexpectedAlertBehaviour: , unhandledPromptBehavior: , version: 69.0.3497.100, webStorageEnabled: true}
Session ID: 16cacec359ac2f62ceb578759be01abc)
	at com.kms.katalon.core.keyword.internal.KeywordMain.stepFailed(KeywordMain.groovy:32)
	at com.kms.katalon.core.webui.keyword.internal.WebUIKeywordMain.stepFailed(WebUIKeywordMain.groovy:65)
	at com.kms.katalon.core.webui.keyword.internal.WebUIKeywordMain.runKeyword(WebUIKeywordMain.groovy:27)
	at com.kms.katalon.core.webui.keyword.builtin.ClickKeyword.click(ClickKeyword.groovy:86)
	at com.kms.katalon.core.webui.keyword.builtin.ClickKeyword.execute(ClickKeyword.groovy:67)
	at com.kms.katalon.core.keyword.internal.KeywordExecutor.executeKeywordForPlatform(KeywordExecutor.groovy:53)
	at com.kms.katalon.core.webui.keyword.WebUiBuiltInKeywords.click(WebUiBuiltInKeywords.groovy:616)
	at com.kms.katalon.core.webui.keyword.WebUiBuiltInKeywords$click$2.call(Unknown Source)
	at org.codehaus.groovy.runtime.callsite.CallSiteArray.defaultCall(CallSiteArray.java:48)
	at org.codehaus.groovy.runtime.callsite.AbstractCallSite.call(AbstractCallSite.java:113)
	at org.codehaus.groovy.runtime.callsite.AbstractCallSite.call(AbstractCallSite.java:125)
	at Script1536729355807.run(Script1536729355807.groovy:37)
	at com.kms.katalon.core.main.ScriptEngine.run(ScriptEngine.java:183)
	at com.kms.katalon.core.main.ScriptEngine.runScriptAsRawText(ScriptEngine.java:108)
	at com.kms.katalon.core.main.TestCaseExecutor.runScript(TestCaseExecutor.java:294)
	at com.kms.katalon.core.main.TestCaseExecutor.doExecute(TestCaseExecutor.java:285)
	at com.kms.katalon.core.main.TestCaseExecutor.processExecutionPhase(TestCaseExecutor.java:264)
	at com.kms.katalon.core.main.TestCaseExecutor.accessMainPhase(TestCaseExecutor.java:256)
	at com.kms.katalon.core.main.TestCaseExecutor.execute(TestCaseExecutor.java:200)
	at com.kms.katalon.core.main.TestCaseMain.runTestCase(TestCaseMain.java:99)
	at com.kms.katalon.core.keyword.builtin.CallTestCaseKeyword$_callTestCase_closure1.doCall(CallTestCaseKeyword.groovy:60)
	at com.kms.katalon.core.keyword.builtin.CallTestCaseKeyword$_callTestCase_closure1.call(CallTestCaseKeyword.groovy)
	at com.kms.katalon.core.keyword.internal.KeywordMain.runKeyword(KeywordMain.groovy:54)
	at com.kms.katalon.core.keyword.builtin.CallTestCaseKeyword.callTestCase(CallTestCaseKeyword.groovy:81)
	at com.kms.katalon.core.keyword.builtin.CallTestCaseKeyword.execute(CallTestCaseKeyword.groovy:45)
	at com.kms.katalon.core.keyword.internal.KeywordExecutor.executeKeywordForPlatform(KeywordExecutor.groovy:53)
	at com.kms.katalon.core.keyword.BuiltinKeywords.callTestCase(BuiltinKeywords.groovy:334)
	at sun.reflect.NativeMethodAccessorImpl.invoke0(Native Method)
	at sun.reflect.NativeMethodAccessorImpl.invoke(NativeMethodAccessorImpl.java:62)
	at sun.reflect.DelegatingMethodAccessorImpl.invoke(DelegatingMethodAccessorImpl.java:43)
	at java.lang.reflect.Method.invoke(Method.java:498)
	at org.codehaus.groovy.reflection.CachedMethod.invoke(CachedMethod.java:93)
	at groovy.lang.MetaMethod.doMethodInvoke(MetaMethod.java:325)
	at groovy.lang.MetaClassImpl.invokeStaticMethod(MetaClassImpl.java:1469)
	at org.codehaus.groovy.runtime.callsite.StaticMetaClassSite.call(StaticMetaClassSite.java:53)
	at org.codehaus.groovy.runtime.callsite.CallSiteArray.defaultCall(CallSiteArray.java:48)
	at org.codehaus.groovy.runtime.callsite.AbstractCallSite.call(AbstractCallSite.java:113)
	at org.codehaus.groovy.runtime.callsite.AbstractCallSite.call(AbstractCallSite.java:141)
	at Script1536729512789.run(Script1536729512789.groovy:23)
	at com.kms.katalon.core.main.ScriptEngine.run(ScriptEngine.java:183)
	at com.kms.katalon.core.main.ScriptEngine.runScriptAsRawText(ScriptEngine.java:108)
	at com.kms.katalon.core.main.TestCaseExecutor.runScript(TestCaseExecutor.java:294)
	at com.kms.katalon.core.main.TestCaseExecutor.doExecute(TestCaseExecutor.java:285)
	at com.kms.katalon.core.main.TestCaseExecutor.processExecutionPhase(TestCaseExecutor.java:264)
	at com.kms.katalon.core.main.TestCaseExecutor.accessMainPhase(TestCaseExecutor.java:256)
	at com.kms.katalon.core.main.TestCaseExecutor.execute(TestCaseExecutor.java:200)
	at com.kms.katalon.core.main.TestSuiteExecutor.accessTestCaseMainPhase(TestSuiteExecutor.java:129)
	at com.kms.katalon.core.main.TestSuiteExecutor.accessTestSuiteMainPhase(TestSuiteExecutor.java:112)
	at com.kms.katalon.core.main.TestSuiteExecutor.execute(TestSuiteExecutor.java:81)
	at com.kms.katalon.core.main.TestCaseMain.startTestSuite(TestCaseMain.java:142)
	at com.kms.katalon.core.main.TestCaseMain$startTestSuite$0.call(Unknown Source)
	at org.codehaus.groovy.runtime.callsite.CallSiteArray.defaultCall(CallSiteArray.java:48)
	at org.codehaus.groovy.runtime.callsite.AbstractCallSite.call(AbstractCallSite.java:113)
	at org.codehaus.groovy.runtime.callsite.AbstractCallSite.call(AbstractCallSite.java:141)
	at TempTestSuite1539913255508.run(TempTestSuite1539913255508.groovy:36)
	at groovy.lang.GroovyShell.runScriptOrMainOrTestOrRunnable(GroovyShell.java:263)
	at groovy.lang.GroovyShell.run(GroovyShell.java:518)
	at groovy.lang.GroovyShell.run(GroovyShell.java:507)
	at groovy.ui.GroovyMain.processOnce(GroovyMain.java:653)
	at groovy.ui.GroovyMain.run(GroovyMain.java:384)
	at groovy.ui.GroovyMain.process(GroovyMain.java:370)
	at groovy.ui.GroovyMain.processArgs(GroovyMain.java:129)
	at groovy.ui.GroovyMain.main(GroovyMain.java:109)
	at sun.reflect.NativeMethodAccessorImpl.invoke0(Native Method)
	at sun.reflect.NativeMethodAccessorImpl.invoke(NativeMethodAccessorImpl.java:62)
	at sun.reflect.DelegatingMethodAccessorImpl.invoke(DelegatingMethodAccessorImpl.java:43)
	at java.lang.reflect.Method.invoke(Method.java:498)
	at org.codehaus.groovy.tools.GroovyStarter.rootLoader(GroovyStarter.java:109)
	at org.codehaus.groovy.tools.GroovyStarter.main(GroovyStarter.java:131)
)]]></system-err>
      </testcase>
      <testcase name="Test Cases/Final Aug 2018 - PKS Automation/Registration Module/Workflow/Form 1A - Cessation As Employer/Employer to UO (Query)" classname="Test Cases/Final Aug 2018 - PKS Automation/Registration Module/Workflow/Form 1A - Cessation As Employer/Employer to UO (Query)" status="FAILED">
         <failure type="FAILED" message="(Stack trace: com.kms.katalon.core.exception.StepFailedException: Unable to click on object 'Object Repository/Final Object Repo/Page_Update Employer Information/Edit Button' (Root cause: org.openqa.selenium.StaleElementReferenceException: stale element reference: element is not attached to the page document
  (Session info: chrome=69.0.3497.100)
  (Driver info: chromedriver=2.35.528161 (5b82f2d2aae0ca24b877009200ced9065a772e73),platform=Windows NT 6.1.7601 SP1 x86_64) (WARNING: The server did not provide any stacktrace information)
Command duration or timeout: 0 milliseconds
For documentation on this error, please visit: http://seleniumhq.org/exceptions/stale_element_reference.html
Build info: version: '3.7.1', revision: '8a0099a', time: '2017-11-06T21:07:36.161Z'
System info: host: 'WEIZHENG', ip: '192.168.137.1', os.name: 'Windows 7', os.arch: 'amd64', os.version: '6.1', java.version: '1.8.0_181'
Driver info: com.kms.katalon.selenium.driver.CChromeDriver
Capabilities {acceptInsecureCerts: false, acceptSslCerts: false, applicationCacheEnabled: false, browserConnectionEnabled: false, browserName: chrome, chrome: {chromedriverVersion: 2.35.528161 (5b82f2d2aae0ca..., userDataDir: C:\Users\WEIZHE~1\AppData\L...}, cssSelectorsEnabled: true, databaseEnabled: false, handlesAlerts: true, hasTouchScreen: false, javascriptEnabled: true, locationContextEnabled: true, mobileEmulationEnabled: false, nativeEvents: true, networkConnectionEnabled: false, pageLoadStrategy: normal, platform: XP, platformName: XP, rotatable: false, setWindowRect: true, takesHeapSnapshot: true, takesScreenshot: true, unexpectedAlertBehaviour: , unhandledPromptBehavior: , version: 69.0.3497.100, webStorageEnabled: true}
Session ID: e8784960f4d8fd47768914b153b32a5d)
	at com.kms.katalon.core.keyword.internal.KeywordMain.stepFailed(KeywordMain.groovy:32)
	at com.kms.katalon.core.webui.keyword.internal.WebUIKeywordMain.stepFailed(WebUIKeywordMain.groovy:65)
	at com.kms.katalon.core.webui.keyword.internal.WebUIKeywordMain.runKeyword(WebUIKeywordMain.groovy:27)
	at com.kms.katalon.core.webui.keyword.builtin.ClickKeyword.click(ClickKeyword.groovy:86)
	at com.kms.katalon.core.webui.keyword.builtin.ClickKeyword.execute(ClickKeyword.groovy:67)
	at com.kms.katalon.core.keyword.internal.KeywordExecutor.executeKeywordForPlatform(KeywordExecutor.groovy:53)
	at com.kms.katalon.core.webui.keyword.WebUiBuiltInKeywords.click(WebUiBuiltInKeywords.groovy:616)
	at com.kms.katalon.core.webui.keyword.WebUiBuiltInKeywords$click$2.call(Unknown Source)
	at Script1536729355807.run(Script1536729355807.groovy:37)
	at com.kms.katalon.core.main.ScriptEngine.run(ScriptEngine.java:183)
	at com.kms.katalon.core.main.ScriptEngine.runScriptAsRawText(ScriptEngine.java:108)
	at com.kms.katalon.core.main.TestCaseExecutor.runScript(TestCaseExecutor.java:294)
	at com.kms.katalon.core.main.TestCaseExecutor.doExecute(TestCaseExecutor.java:285)
	at com.kms.katalon.core.main.TestCaseExecutor.processExecutionPhase(TestCaseExecutor.java:264)
	at com.kms.katalon.core.main.TestCaseExecutor.accessMainPhase(TestCaseExecutor.java:256)
	at com.kms.katalon.core.main.TestCaseExecutor.execute(TestCaseExecutor.java:200)
	at com.kms.katalon.core.main.TestCaseMain.runTestCase(TestCaseMain.java:99)
	at com.kms.katalon.core.keyword.builtin.CallTestCaseKeyword$_callTestCase_closure1.doCall(CallTestCaseKeyword.groovy:60)
	at com.kms.katalon.core.keyword.builtin.CallTestCaseKeyword$_callTestCase_closure1.call(CallTestCaseKeyword.groovy)
	at com.kms.katalon.core.keyword.internal.KeywordMain.runKeyword(KeywordMain.groovy:54)
	at com.kms.katalon.core.keyword.builtin.CallTestCaseKeyword.callTestCase(CallTestCaseKeyword.groovy:81)
	at com.kms.katalon.core.keyword.builtin.CallTestCaseKeyword.execute(CallTestCaseKeyword.groovy:45)
	at com.kms.katalon.core.keyword.internal.KeywordExecutor.executeKeywordForPlatform(KeywordExecutor.groovy:53)
	at com.kms.katalon.core.keyword.BuiltinKeywords.callTestCase(BuiltinKeywords.groovy:334)
	at sun.reflect.GeneratedMethodAccessor13.invoke(Unknown Source)
	at sun.reflect.DelegatingMethodAccessorImpl.invoke(DelegatingMethodAccessorImpl.java:43)
	at java.lang.reflect.Method.invoke(Method.java:498)
	at org.codehaus.groovy.reflection.CachedMethod.invoke(CachedMethod.java:93)
	at groovy.lang.MetaMethod.doMethodInvoke(MetaMethod.java:325)
	at groovy.lang.MetaClassImpl.invokeStaticMethod(MetaClassImpl.java:1469)
	at org.codehaus.groovy.runtime.callsite.StaticMetaClassSite.call(StaticMetaClassSite.java:53)
	at org.codehaus.groovy.runtime.callsite.CallSiteArray.defaultCall(CallSiteArray.java:48)
	at org.codehaus.groovy.runtime.callsite.AbstractCallSite.call(AbstractCallSite.java:113)
	at org.codehaus.groovy.runtime.callsite.AbstractCallSite.call(AbstractCallSite.java:141)
	at Script1536729541693.run(Script1536729541693.groovy:22)
	at com.kms.katalon.core.main.ScriptEngine.run(ScriptEngine.java:183)
	at com.kms.katalon.core.main.ScriptEngine.runScriptAsRawText(ScriptEngine.java:108)
	at com.kms.katalon.core.main.TestCaseExecutor.runScript(TestCaseExecutor.java:294)
	at com.kms.katalon.core.main.TestCaseExecutor.doExecute(TestCaseExecutor.java:285)
	at com.kms.katalon.core.main.TestCaseExecutor.processExecutionPhase(TestCaseExecutor.java:264)
	at com.kms.katalon.core.main.TestCaseExecutor.accessMainPhase(TestCaseExecutor.java:256)
	at com.kms.katalon.core.main.TestCaseExecutor.execute(TestCaseExecutor.java:200)
	at com.kms.katalon.core.main.TestSuiteExecutor.accessTestCaseMainPhase(TestSuiteExecutor.java:129)
	at com.kms.katalon.core.main.TestSuiteExecutor.accessTestSuiteMainPhase(TestSuiteExecutor.java:112)
	at com.kms.katalon.core.main.TestSuiteExecutor.execute(TestSuiteExecutor.java:81)
	at com.kms.katalon.core.main.TestCaseMain.startTestSuite(TestCaseMain.java:142)
	at com.kms.katalon.core.main.TestCaseMain$startTestSuite$0.call(Unknown Source)
	at org.codehaus.groovy.runtime.callsite.CallSiteArray.defaultCall(CallSiteArray.java:48)
	at org.codehaus.groovy.runtime.callsite.AbstractCallSite.call(AbstractCallSite.java:113)
	at org.codehaus.groovy.runtime.callsite.AbstractCallSite.call(AbstractCallSite.java:141)
	at TempTestSuite1539913255508.run(TempTestSuite1539913255508.groovy:36)
	at groovy.lang.GroovyShell.runScriptOrMainOrTestOrRunnable(GroovyShell.java:263)
	at groovy.lang.GroovyShell.run(GroovyShell.java:518)
	at groovy.lang.GroovyShell.run(GroovyShell.java:507)
	at groovy.ui.GroovyMain.processOnce(GroovyMain.java:653)
	at groovy.ui.GroovyMain.run(GroovyMain.java:384)
	at groovy.ui.GroovyMain.process(GroovyMain.java:370)
	at groovy.ui.GroovyMain.processArgs(GroovyMain.java:129)
	at groovy.ui.GroovyMain.main(GroovyMain.java:109)
	at sun.reflect.NativeMethodAccessorImpl.invoke0(Native Method)
	at sun.reflect.NativeMethodAccessorImpl.invoke(NativeMethodAccessorImpl.java:62)
	at sun.reflect.DelegatingMethodAccessorImpl.invoke(DelegatingMethodAccessorImpl.java:43)
	at java.lang.reflect.Method.invoke(Method.java:498)
	at org.codehaus.groovy.tools.GroovyStarter.rootLoader(GroovyStarter.java:109)
	at org.codehaus.groovy.tools.GroovyStarter.main(GroovyStarter.java:131)
)"/>
         <system-out><![CDATA[2018-10-19 11:41:36 - [TEST_CASE][FAILED] - Test Cases/Final Aug 2018 - PKS Automation/Registration Module/Workflow/Form 1A - Cessation As Employer/Employer to UO (Query): Test Cases/Final Aug 2018 - PKS Automation/Registration Module/Workflow/Form 1A - Cessation As Employer/Employer to UO (Query) FAILED because (of) (Stack trace: com.kms.katalon.core.exception.StepFailedException: Unable to click on object 'Object Repository/Final Object Repo/Page_Update Employer Information/Edit Button' (Root cause: org.openqa.selenium.StaleElementReferenceException: stale element reference: element is not attached to the page document
  (Session info: chrome=69.0.3497.100)
  (Driver info: chromedriver=2.35.528161 (5b82f2d2aae0ca24b877009200ced9065a772e73),platform=Windows NT 6.1.7601 SP1 x86_64) (WARNING: The server did not provide any stacktrace information)
Command duration or timeout: 0 milliseconds
For documentation on this error, please visit: http://seleniumhq.org/exceptions/stale_element_reference.html
Build info: version: '3.7.1', revision: '8a0099a', time: '2017-11-06T21:07:36.161Z'
System info: host: 'WEIZHENG', ip: '192.168.137.1', os.name: 'Windows 7', os.arch: 'amd64', os.version: '6.1', java.version: '1.8.0_181'
Driver info: com.kms.katalon.selenium.driver.CChromeDriver
Capabilities {acceptInsecureCerts: false, acceptSslCerts: false, applicationCacheEnabled: false, browserConnectionEnabled: false, browserName: chrome, chrome: {chromedriverVersion: 2.35.528161 (5b82f2d2aae0ca..., userDataDir: C:\Users\WEIZHE~1\AppData\L...}, cssSelectorsEnabled: true, databaseEnabled: false, handlesAlerts: true, hasTouchScreen: false, javascriptEnabled: true, locationContextEnabled: true, mobileEmulationEnabled: false, nativeEvents: true, networkConnectionEnabled: false, pageLoadStrategy: normal, platform: XP, platformName: XP, rotatable: false, setWindowRect: true, takesHeapSnapshot: true, takesScreenshot: true, unexpectedAlertBehaviour: , unhandledPromptBehavior: , version: 69.0.3497.100, webStorageEnabled: true}
Session ID: e8784960f4d8fd47768914b153b32a5d)
	at com.kms.katalon.core.keyword.internal.KeywordMain.stepFailed(KeywordMain.groovy:32)
	at com.kms.katalon.core.webui.keyword.internal.WebUIKeywordMain.stepFailed(WebUIKeywordMain.groovy:65)
	at com.kms.katalon.core.webui.keyword.internal.WebUIKeywordMain.runKeyword(WebUIKeywordMain.groovy:27)
	at com.kms.katalon.core.webui.keyword.builtin.ClickKeyword.click(ClickKeyword.groovy:86)
	at com.kms.katalon.core.webui.keyword.builtin.ClickKeyword.execute(ClickKeyword.groovy:67)
	at com.kms.katalon.core.keyword.internal.KeywordExecutor.executeKeywordForPlatform(KeywordExecutor.groovy:53)
	at com.kms.katalon.core.webui.keyword.WebUiBuiltInKeywords.click(WebUiBuiltInKeywords.groovy:616)
	at com.kms.katalon.core.webui.keyword.WebUiBuiltInKeywords$click$2.call(Unknown Source)
	at Script1536729355807.run(Script1536729355807.groovy:37)
	at com.kms.katalon.core.main.ScriptEngine.run(ScriptEngine.java:183)
	at com.kms.katalon.core.main.ScriptEngine.runScriptAsRawText(ScriptEngine.java:108)
	at com.kms.katalon.core.main.TestCaseExecutor.runScript(TestCaseExecutor.java:294)
	at com.kms.katalon.core.main.TestCaseExecutor.doExecute(TestCaseExecutor.java:285)
	at com.kms.katalon.core.main.TestCaseExecutor.processExecutionPhase(TestCaseExecutor.java:264)
	at com.kms.katalon.core.main.TestCaseExecutor.accessMainPhase(TestCaseExecutor.java:256)
	at com.kms.katalon.core.main.TestCaseExecutor.execute(TestCaseExecutor.java:200)
	at com.kms.katalon.core.main.TestCaseMain.runTestCase(TestCaseMain.java:99)
	at com.kms.katalon.core.keyword.builtin.CallTestCaseKeyword$_callTestCase_closure1.doCall(CallTestCaseKeyword.groovy:60)
	at com.kms.katalon.core.keyword.builtin.CallTestCaseKeyword$_callTestCase_closure1.call(CallTestCaseKeyword.groovy)
	at com.kms.katalon.core.keyword.internal.KeywordMain.runKeyword(KeywordMain.groovy:54)
	at com.kms.katalon.core.keyword.builtin.CallTestCaseKeyword.callTestCase(CallTestCaseKeyword.groovy:81)
	at com.kms.katalon.core.keyword.builtin.CallTestCaseKeyword.execute(CallTestCaseKeyword.groovy:45)
	at com.kms.katalon.core.keyword.internal.KeywordExecutor.executeKeywordForPlatform(KeywordExecutor.groovy:53)
	at com.kms.katalon.core.keyword.BuiltinKeywords.callTestCase(BuiltinKeywords.groovy:334)
	at sun.reflect.GeneratedMethodAccessor13.invoke(Unknown Source)
	at sun.reflect.DelegatingMethodAccessorImpl.invoke(DelegatingMethodAccessorImpl.java:43)
	at java.lang.reflect.Method.invoke(Method.java:498)
	at org.codehaus.groovy.reflection.CachedMethod.invoke(CachedMethod.java:93)
	at groovy.lang.MetaMethod.doMethodInvoke(MetaMethod.java:325)
	at groovy.lang.MetaClassImpl.invokeStaticMethod(MetaClassImpl.java:1469)
	at org.codehaus.groovy.runtime.callsite.StaticMetaClassSite.call(StaticMetaClassSite.java:53)
	at org.codehaus.groovy.runtime.callsite.CallSiteArray.defaultCall(CallSiteArray.java:48)
	at org.codehaus.groovy.runtime.callsite.AbstractCallSite.call(AbstractCallSite.java:113)
	at org.codehaus.groovy.runtime.callsite.AbstractCallSite.call(AbstractCallSite.java:141)
	at Script1536729541693.run(Script1536729541693.groovy:22)
	at com.kms.katalon.core.main.ScriptEngine.run(ScriptEngine.java:183)
	at com.kms.katalon.core.main.ScriptEngine.runScriptAsRawText(ScriptEngine.java:108)
	at com.kms.katalon.core.main.TestCaseExecutor.runScript(TestCaseExecutor.java:294)
	at com.kms.katalon.core.main.TestCaseExecutor.doExecute(TestCaseExecutor.java:285)
	at com.kms.katalon.core.main.TestCaseExecutor.processExecutionPhase(TestCaseExecutor.java:264)
	at com.kms.katalon.core.main.TestCaseExecutor.accessMainPhase(TestCaseExecutor.java:256)
	at com.kms.katalon.core.main.TestCaseExecutor.execute(TestCaseExecutor.java:200)
	at com.kms.katalon.core.main.TestSuiteExecutor.accessTestCaseMainPhase(TestSuiteExecutor.java:129)
	at com.kms.katalon.core.main.TestSuiteExecutor.accessTestSuiteMainPhase(TestSuiteExecutor.java:112)
	at com.kms.katalon.core.main.TestSuiteExecutor.execute(TestSuiteExecutor.java:81)
	at com.kms.katalon.core.main.TestCaseMain.startTestSuite(TestCaseMain.java:142)
	at com.kms.katalon.core.main.TestCaseMain$startTestSuite$0.call(Unknown Source)
	at org.codehaus.groovy.runtime.callsite.CallSiteArray.defaultCall(CallSiteArray.java:48)
	at org.codehaus.groovy.runtime.callsite.AbstractCallSite.call(AbstractCallSite.java:113)
	at org.codehaus.groovy.runtime.callsite.AbstractCallSite.call(AbstractCallSite.java:141)
	at TempTestSuite1539913255508.run(TempTestSuite1539913255508.groovy:36)
	at groovy.lang.GroovyShell.runScriptOrMainOrTestOrRunnable(GroovyShell.java:263)
	at groovy.lang.GroovyShell.run(GroovyShell.java:518)
	at groovy.lang.GroovyShell.run(GroovyShell.java:507)
	at groovy.ui.GroovyMain.processOnce(GroovyMain.java:653)
	at groovy.ui.GroovyMain.run(GroovyMain.java:384)
	at groovy.ui.GroovyMain.process(GroovyMain.java:370)
	at groovy.ui.GroovyMain.processArgs(GroovyMain.java:129)
	at groovy.ui.GroovyMain.main(GroovyMain.java:109)
	at sun.reflect.NativeMethodAccessorImpl.invoke0(Native Method)
	at sun.reflect.NativeMethodAccessorImpl.invoke(NativeMethodAccessorImpl.java:62)
	at sun.reflect.DelegatingMethodAccessorImpl.invoke(DelegatingMethodAccessorImpl.java:43)
	at java.lang.reflect.Method.invoke(Method.java:498)
	at org.codehaus.groovy.tools.GroovyStarter.rootLoader(GroovyStarter.java:109)
	at org.codehaus.groovy.tools.GroovyStarter.main(GroovyStarter.java:131)
)

2018-10-19 11:41:36 - [TEST_STEP][FAILED] - callTestCase: Unable to call Test Case with id 'Test Cases/Final Aug 2018 - PKS Automation/Registration Module/Workflow/Form 1A - Cessation As Employer/Template/Form 1 A - Cessation As Employer (Employer)' (Root cause: Call Test Case 'Test Cases/Final Aug 2018 - PKS Automation/Registration Module/Workflow/Form 1A - Cessation As Employer/Template/Form 1 A - Cessation As Employer (Employer)' failed)

2018-10-19 11:41:36 - [TEST_CASE][FAILED] - Test Cases/Final Aug 2018 - PKS Automation/Registration Module/Workflow/Form 1A - Cessation As Employer/Template/Form 1 A - Cessation As Employer (Employer): Test Cases/Final Aug 2018 - PKS Automation/Registration Module/Workflow/Form 1A - Cessation As Employer/Template/Form 1 A - Cessation As Employer (Employer) FAILED because (of) (Stack trace: com.kms.katalon.core.exception.StepFailedException: Unable to click on object 'Object Repository/Final Object Repo/Page_Update Employer Information/Edit Button' (Root cause: org.openqa.selenium.StaleElementReferenceException: stale element reference: element is not attached to the page document
  (Session info: chrome=69.0.3497.100)
  (Driver info: chromedriver=2.35.528161 (5b82f2d2aae0ca24b877009200ced9065a772e73),platform=Windows NT 6.1.7601 SP1 x86_64) (WARNING: The server did not provide any stacktrace information)
Command duration or timeout: 0 milliseconds
For documentation on this error, please visit: http://seleniumhq.org/exceptions/stale_element_reference.html
Build info: version: '3.7.1', revision: '8a0099a', time: '2017-11-06T21:07:36.161Z'
System info: host: 'WEIZHENG', ip: '192.168.137.1', os.name: 'Windows 7', os.arch: 'amd64', os.version: '6.1', java.version: '1.8.0_181'
Driver info: com.kms.katalon.selenium.driver.CChromeDriver
Capabilities {acceptInsecureCerts: false, acceptSslCerts: false, applicationCacheEnabled: false, browserConnectionEnabled: false, browserName: chrome, chrome: {chromedriverVersion: 2.35.528161 (5b82f2d2aae0ca..., userDataDir: C:\Users\WEIZHE~1\AppData\L...}, cssSelectorsEnabled: true, databaseEnabled: false, handlesAlerts: true, hasTouchScreen: false, javascriptEnabled: true, locationContextEnabled: true, mobileEmulationEnabled: false, nativeEvents: true, networkConnectionEnabled: false, pageLoadStrategy: normal, platform: XP, platformName: XP, rotatable: false, setWindowRect: true, takesHeapSnapshot: true, takesScreenshot: true, unexpectedAlertBehaviour: , unhandledPromptBehavior: , version: 69.0.3497.100, webStorageEnabled: true}
Session ID: e8784960f4d8fd47768914b153b32a5d)
	at com.kms.katalon.core.keyword.internal.KeywordMain.stepFailed(KeywordMain.groovy:32)
	at com.kms.katalon.core.webui.keyword.internal.WebUIKeywordMain.stepFailed(WebUIKeywordMain.groovy:65)
	at com.kms.katalon.core.webui.keyword.internal.WebUIKeywordMain.runKeyword(WebUIKeywordMain.groovy:27)
	at com.kms.katalon.core.webui.keyword.builtin.ClickKeyword.click(ClickKeyword.groovy:86)
	at com.kms.katalon.core.webui.keyword.builtin.ClickKeyword.execute(ClickKeyword.groovy:67)
	at com.kms.katalon.core.keyword.internal.KeywordExecutor.executeKeywordForPlatform(KeywordExecutor.groovy:53)
	at com.kms.katalon.core.webui.keyword.WebUiBuiltInKeywords.click(WebUiBuiltInKeywords.groovy:616)
	at com.kms.katalon.core.webui.keyword.WebUiBuiltInKeywords$click$2.call(Unknown Source)
	at Script1536729355807.run(Script1536729355807.groovy:37)
	at com.kms.katalon.core.main.ScriptEngine.run(ScriptEngine.java:183)
	at com.kms.katalon.core.main.ScriptEngine.runScriptAsRawText(ScriptEngine.java:108)
	at com.kms.katalon.core.main.TestCaseExecutor.runScript(TestCaseExecutor.java:294)
	at com.kms.katalon.core.main.TestCaseExecutor.doExecute(TestCaseExecutor.java:285)
	at com.kms.katalon.core.main.TestCaseExecutor.processExecutionPhase(TestCaseExecutor.java:264)
	at com.kms.katalon.core.main.TestCaseExecutor.accessMainPhase(TestCaseExecutor.java:256)
	at com.kms.katalon.core.main.TestCaseExecutor.execute(TestCaseExecutor.java:200)
	at com.kms.katalon.core.main.TestCaseMain.runTestCase(TestCaseMain.java:99)
	at com.kms.katalon.core.keyword.builtin.CallTestCaseKeyword$_callTestCase_closure1.doCall(CallTestCaseKeyword.groovy:60)
	at com.kms.katalon.core.keyword.builtin.CallTestCaseKeyword$_callTestCase_closure1.call(CallTestCaseKeyword.groovy)
	at com.kms.katalon.core.keyword.internal.KeywordMain.runKeyword(KeywordMain.groovy:54)
	at com.kms.katalon.core.keyword.builtin.CallTestCaseKeyword.callTestCase(CallTestCaseKeyword.groovy:81)
	at com.kms.katalon.core.keyword.builtin.CallTestCaseKeyword.execute(CallTestCaseKeyword.groovy:45)
	at com.kms.katalon.core.keyword.internal.KeywordExecutor.executeKeywordForPlatform(KeywordExecutor.groovy:53)
	at com.kms.katalon.core.keyword.BuiltinKeywords.callTestCase(BuiltinKeywords.groovy:334)
	at sun.reflect.GeneratedMethodAccessor13.invoke(Unknown Source)
	at sun.reflect.DelegatingMethodAccessorImpl.invoke(DelegatingMethodAccessorImpl.java:43)
	at java.lang.reflect.Method.invoke(Method.java:498)
	at org.codehaus.groovy.reflection.CachedMethod.invoke(CachedMethod.java:93)
	at groovy.lang.MetaMethod.doMethodInvoke(MetaMethod.java:325)
	at groovy.lang.MetaClassImpl.invokeStaticMethod(MetaClassImpl.java:1469)
	at org.codehaus.groovy.runtime.callsite.StaticMetaClassSite.call(StaticMetaClassSite.java:53)
	at org.codehaus.groovy.runtime.callsite.CallSiteArray.defaultCall(CallSiteArray.java:48)
	at org.codehaus.groovy.runtime.callsite.AbstractCallSite.call(AbstractCallSite.java:113)
	at org.codehaus.groovy.runtime.callsite.AbstractCallSite.call(AbstractCallSite.java:141)
	at Script1536729541693.run(Script1536729541693.groovy:22)
	at com.kms.katalon.core.main.ScriptEngine.run(ScriptEngine.java:183)
	at com.kms.katalon.core.main.ScriptEngine.runScriptAsRawText(ScriptEngine.java:108)
	at com.kms.katalon.core.main.TestCaseExecutor.runScript(TestCaseExecutor.java:294)
	at com.kms.katalon.core.main.TestCaseExecutor.doExecute(TestCaseExecutor.java:285)
	at com.kms.katalon.core.main.TestCaseExecutor.processExecutionPhase(TestCaseExecutor.java:264)
	at com.kms.katalon.core.main.TestCaseExecutor.accessMainPhase(TestCaseExecutor.java:256)
	at com.kms.katalon.core.main.TestCaseExecutor.execute(TestCaseExecutor.java:200)
	at com.kms.katalon.core.main.TestSuiteExecutor.accessTestCaseMainPhase(TestSuiteExecutor.java:129)
	at com.kms.katalon.core.main.TestSuiteExecutor.accessTestSuiteMainPhase(TestSuiteExecutor.java:112)
	at com.kms.katalon.core.main.TestSuiteExecutor.execute(TestSuiteExecutor.java:81)
	at com.kms.katalon.core.main.TestCaseMain.startTestSuite(TestCaseMain.java:142)
	at com.kms.katalon.core.main.TestCaseMain$startTestSuite$0.call(Unknown Source)
	at org.codehaus.groovy.runtime.callsite.CallSiteArray.defaultCall(CallSiteArray.java:48)
	at org.codehaus.groovy.runtime.callsite.AbstractCallSite.call(AbstractCallSite.java:113)
	at org.codehaus.groovy.runtime.callsite.AbstractCallSite.call(AbstractCallSite.java:141)
	at TempTestSuite1539913255508.run(TempTestSuite1539913255508.groovy:36)
	at groovy.lang.GroovyShell.runScriptOrMainOrTestOrRunnable(GroovyShell.java:263)
	at groovy.lang.GroovyShell.run(GroovyShell.java:518)
	at groovy.lang.GroovyShell.run(GroovyShell.java:507)
	at groovy.ui.GroovyMain.processOnce(GroovyMain.java:653)
	at groovy.ui.GroovyMain.run(GroovyMain.java:384)
	at groovy.ui.GroovyMain.process(GroovyMain.java:370)
	at groovy.ui.GroovyMain.processArgs(GroovyMain.java:129)
	at groovy.ui.GroovyMain.main(GroovyMain.java:109)
	at sun.reflect.NativeMethodAccessorImpl.invoke0(Native Method)
	at sun.reflect.NativeMethodAccessorImpl.invoke(NativeMethodAccessorImpl.java:62)
	at sun.reflect.DelegatingMethodAccessorImpl.invoke(DelegatingMethodAccessorImpl.java:43)
	at java.lang.reflect.Method.invoke(Method.java:498)
	at org.codehaus.groovy.tools.GroovyStarter.rootLoader(GroovyStarter.java:109)
	at org.codehaus.groovy.tools.GroovyStarter.main(GroovyStarter.java:131)
)

2018-10-19 11:41:36 - [TEST_STEP][PASSED] - callTestCase: Call Test Case 'Test Cases/Final Aug 2018 - PKS Automation/Registration Module/Workflow/Update Add New Employee/Template/New Company for Update Add New - Employer' successfully

2018-10-19 11:41:36 - [TEST_CASE][PASSED] - Test Cases/Final Aug 2018 - PKS Automation/Registration Module/Workflow/Update Add New Employee/Template/New Company for Update Add New - Employer: Test Cases/Final Aug 2018 - PKS Automation/Registration Module/Workflow/Update Add New Employee/Template/New Company for Update Add New - Employer

2018-10-19 11:41:36 - [TEST_STEP][PASSED] - callTestCase: Call Test Case 'Test Cases/Final Aug 2018 - PKS Automation/Create Employer Acc/Create Employer Account' successfully

2018-10-19 11:41:36 - [TEST_CASE][PASSED] - Test Cases/Final Aug 2018 - PKS Automation/Create Employer Acc/Create Employer Account: Test Cases/Final Aug 2018 - PKS Automation/Create Employer Acc/Create Employer Account

2018-10-19 11:41:36 - [TEST_STEP][PASSED] - callTestCase: Call Test Case 'Test Cases/Final Aug 2018 - PKS Automation/Create Employer Acc/Template/Register Employer' successfully

2018-10-19 11:41:36 - [TEST_CASE][PASSED] - Test Cases/Final Aug 2018 - PKS Automation/Create Employer Acc/Template/Register Employer: Test Cases/Final Aug 2018 - PKS Automation/Create Employer Acc/Template/Register Employer

2018-10-19 11:41:36 - [TEST_STEP][PASSED] - openBrowser: Browser is opened with url: ''

2018-10-19 11:41:36 - [MESSAGE][WARNING] - A browser is already opened. Closing browser and opening a new one

2018-10-19 11:41:39 - [MESSAGE][PASSED] - Browser is opened with url: ''

2018-10-19 11:41:39 - [TEST_STEP][PASSED] - navigateToUrl: Navigate to 'https://assist2-uat.perkeso.gov.my/login' successfully

2018-10-19 11:41:41 - [MESSAGE][PASSED] - Navigate to 'https://assist2-uat.perkeso.gov.my/login' successfully

2018-10-19 11:41:41 - [TEST_STEP][PASSED] - setText: Text 'johorotc1@gmail.com' is set on object 'Object Repository/Final Object Repo/Login Page/Internal User/Email Address'

2018-10-19 11:41:42 - [MESSAGE][PASSED] - Text 'johorotc1@gmail.com' is set on object 'Object Repository/Final Object Repo/Login Page/Internal User/Email Address'

2018-10-19 11:41:42 - [TEST_STEP][PASSED] - click: Object: 'Object Repository/Final Object Repo/Login Page/Internal User/Next Button' is clicked on

2018-10-19 11:41:42 - [MESSAGE][PASSED] - Object: 'Object Repository/Final Object Repo/Login Page/Internal User/Next Button' is clicked on

2018-10-19 11:41:42 - [TEST_STEP][PASSED] - delay: Delayed 1 second(s)

2018-10-19 11:41:43 - [MESSAGE][PASSED] - Delayed 1 second(s)

2018-10-19 11:41:43 - [TEST_STEP][PASSED] - setEncryptedText: Text ****** has been set on object 'Object Repository/Final Object Repo/Login Page/Internal User/Password'

2018-10-19 11:41:43 - [MESSAGE][PASSED] - Text ****** has been set on object 'Object Repository/Final Object Repo/Login Page/Internal User/Password'

2018-10-19 11:41:43 - [TEST_STEP][PASSED] - click: Object: 'Object Repository/Final Object Repo/Login Page/Internal User/Login Button' is clicked on

2018-10-19 11:41:43 - [MESSAGE][PASSED] - Object: 'Object Repository/Final Object Repo/Login Page/Internal User/Login Button' is clicked on

2018-10-19 11:41:43 - [TEST_STEP][PASSED] - delay: Delayed 1 second(s)

2018-10-19 11:41:44 - [MESSAGE][PASSED] - Delayed 1 second(s)

2018-10-19 11:41:44 - [TEST_STEP][PASSED] - navigateToUrl: Navigate to 'https://assist2-uat.perkeso.gov.my/web/base/portal-id/registration' successfully

2018-10-19 11:41:47 - [MESSAGE][PASSED] - Navigate to 'https://assist2-uat.perkeso.gov.my/web/base/portal-id/registration' successfully

2018-10-19 11:41:47 - [TEST_STEP][PASSED] - setText: Text 'AUTOMATION EMPLOYER' is set on object 'Object Repository/Final Object Repo/Creating Employer Account/Page_Registration - ASSIST (Base)/Employer Name'

2018-10-19 11:41:48 - [MESSAGE][PASSED] - Text 'AUTOMATION EMPLOYER' is set on object 'Object Repository/Final Object Repo/Creating Employer Account/Page_Registration - ASSIST (Base)/Employer Name'

2018-10-19 11:41:48 - [TEST_STEP][PASSED] - delay: Delayed 2 second(s)

2018-10-19 11:41:50 - [MESSAGE][PASSED] - Delayed 2 second(s)

2018-10-19 11:41:50 - [TEST_STEP][PASSED] - click: Object: 'Object Repository/Final Object Repo/Creating Employer Account/Page_Registration - ASSIST (Base)/Registration Type' is clicked on

2018-10-19 11:41:50 - [MESSAGE][PASSED] - Object: 'Object Repository/Final Object Repo/Creating Employer Account/Page_Registration - ASSIST (Base)/Registration Type' is clicked on

2018-10-19 11:41:50 - [TEST_STEP][PASSED] - delay: Delayed 2 second(s)

2018-10-19 11:41:52 - [MESSAGE][PASSED] - Delayed 2 second(s)

2018-10-19 11:41:52 - [TEST_STEP][PASSED] - click: Object: 'Object Repository/Final Object Repo/Creating Employer Account/Page_Registration - ASSIST (Base)/Registration Type - Registration No' is clicked on

2018-10-19 11:41:52 - [MESSAGE][PASSED] - Object: 'Object Repository/Final Object Repo/Creating Employer Account/Page_Registration - ASSIST (Base)/Registration Type - Registration No' is clicked on

2018-10-19 11:41:52 - [TEST_STEP][PASSED] - delay: Delayed 2 second(s)

2018-10-19 11:41:54 - [MESSAGE][PASSED] - Delayed 2 second(s)

2018-10-19 11:41:54 - [TEST_STEP][PASSED] - setText: Text '1234567890' is set on object 'Object Repository/Final Object Repo/Creating Employer Account/Page_Registration - ASSIST (Base)/Registration Number'

2018-10-19 11:41:55 - [MESSAGE][PASSED] - Text '1234567890' is set on object 'Object Repository/Final Object Repo/Creating Employer Account/Page_Registration - ASSIST (Base)/Registration Number'

2018-10-19 11:41:55 - [TEST_STEP][PASSED] - delay: Delayed 2 second(s)

2018-10-19 11:41:57 - [MESSAGE][PASSED] - Delayed 2 second(s)

2018-10-19 11:41:57 - [TEST_STEP][PASSED] - setText: Text 'ADDRESS 1' is set on object 'Object Repository/Final Object Repo/Creating Employer Account/Page_Registration - ASSIST (Base)/Postal Address 1'

2018-10-19 11:41:57 - [MESSAGE][PASSED] - Text 'ADDRESS 1' is set on object 'Object Repository/Final Object Repo/Creating Employer Account/Page_Registration - ASSIST (Base)/Postal Address 1'

2018-10-19 11:41:57 - [TEST_STEP][PASSED] - setText: Text 'ADDRESS 2' is set on object 'Object Repository/Final Object Repo/Creating Employer Account/Page_Registration - ASSIST (Base)/Postal Address 2'

2018-10-19 11:41:57 - [MESSAGE][PASSED] - Text 'ADDRESS 2' is set on object 'Object Repository/Final Object Repo/Creating Employer Account/Page_Registration - ASSIST (Base)/Postal Address 2'

2018-10-19 11:41:57 - [TEST_STEP][PASSED] - click: Object: 'Object Repository/Final Object Repo/Creating Employer Account/Page_Registration - ASSIST (Base)/State' is clicked on

2018-10-19 11:41:57 - [MESSAGE][PASSED] - Object: 'Object Repository/Final Object Repo/Creating Employer Account/Page_Registration - ASSIST (Base)/State' is clicked on

2018-10-19 11:41:57 - [TEST_STEP][PASSED] - delay: Delayed 2 second(s)

2018-10-19 11:41:59 - [MESSAGE][PASSED] - Delayed 2 second(s)

2018-10-19 11:41:59 - [TEST_STEP][PASSED] - click: Object: 'Object Repository/Final Object Repo/Creating Employer Account/Page_Registration - ASSIST (Base)/State - Johor' is clicked on

2018-10-19 11:41:59 - [MESSAGE][PASSED] - Object: 'Object Repository/Final Object Repo/Creating Employer Account/Page_Registration - ASSIST (Base)/State - Johor' is clicked on

2018-10-19 11:41:59 - [TEST_STEP][PASSED] - delay: Delayed 2 second(s)

2018-10-19 11:42:01 - [MESSAGE][PASSED] - Delayed 2 second(s)

2018-10-19 11:42:01 - [TEST_STEP][PASSED] - click: Object: 'Object Repository/Final Object Repo/Creating Employer Account/Page_Registration - ASSIST (Base)/City' is clicked on

2018-10-19 11:42:02 - [MESSAGE][PASSED] - Object: 'Object Repository/Final Object Repo/Creating Employer Account/Page_Registration - ASSIST (Base)/City' is clicked on

2018-10-19 11:42:02 - [TEST_STEP][PASSED] - delay: Delayed 2 second(s)

2018-10-19 11:42:04 - [MESSAGE][PASSED] - Delayed 2 second(s)

2018-10-19 11:42:04 - [TEST_STEP][PASSED] - setText: Text 'joh' is set on object 'Object Repository/Final Object Repo/Creating Employer Account/Page_Registration - ASSIST (Base)/City - joh'

2018-10-19 11:42:04 - [MESSAGE][PASSED] - Text 'joh' is set on object 'Object Repository/Final Object Repo/Creating Employer Account/Page_Registration - ASSIST (Base)/City - joh'

2018-10-19 11:42:04 - [TEST_STEP][PASSED] - delay: Delayed 2 second(s)

2018-10-19 11:42:06 - [MESSAGE][PASSED] - Delayed 2 second(s)

2018-10-19 11:42:06 - [TEST_STEP][PASSED] - click: Object: 'Object Repository/Final Object Repo/Creating Employer Account/Page_Registration - ASSIST (Base)/City - Johor Bharu' is clicked on

2018-10-19 11:42:06 - [MESSAGE][PASSED] - Object: 'Object Repository/Final Object Repo/Creating Employer Account/Page_Registration - ASSIST (Base)/City - Johor Bharu' is clicked on

2018-10-19 11:42:06 - [TEST_STEP][PASSED] - delay: Delayed 2 second(s)

2018-10-19 11:42:08 - [MESSAGE][PASSED] - Delayed 2 second(s)

2018-10-19 11:42:08 - [TEST_STEP][PASSED] - click: Object: 'Object Repository/Final Object Repo/Creating Employer Account/Page_Registration - ASSIST (Base)/Post Code' is clicked on

2018-10-19 11:42:08 - [MESSAGE][PASSED] - Object: 'Object Repository/Final Object Repo/Creating Employer Account/Page_Registration - ASSIST (Base)/Post Code' is clicked on

2018-10-19 11:42:08 - [TEST_STEP][PASSED] - delay: Delayed 2 second(s)

2018-10-19 11:42:10 - [MESSAGE][PASSED] - Delayed 2 second(s)

2018-10-19 11:42:10 - [TEST_STEP][PASSED] - setText: Text '810' is set on object 'Object Repository/Final Object Repo/Creating Employer Account/Page_Registration - ASSIST (Base)/Post Code - 810'

2018-10-19 11:42:10 - [MESSAGE][PASSED] - Text '810' is set on object 'Object Repository/Final Object Repo/Creating Employer Account/Page_Registration - ASSIST (Base)/Post Code - 810'

2018-10-19 11:42:10 - [TEST_STEP][PASSED] - delay: Delayed 2 second(s)

2018-10-19 11:42:12 - [MESSAGE][PASSED] - Delayed 2 second(s)

2018-10-19 11:42:12 - [TEST_STEP][PASSED] - click: Object: 'Object Repository/Final Object Repo/Creating Employer Account/Page_Registration - ASSIST (Base)/Post Code - 81000' is clicked on

2018-10-19 11:42:13 - [MESSAGE][PASSED] - Object: 'Object Repository/Final Object Repo/Creating Employer Account/Page_Registration - ASSIST (Base)/Post Code - 81000' is clicked on

2018-10-19 11:42:13 - [TEST_STEP][PASSED] - delay: Delayed 2 second(s)

2018-10-19 11:42:15 - [MESSAGE][PASSED] - Delayed 2 second(s)

2018-10-19 11:42:15 - [TEST_STEP][PASSED] - setText: Text 'PERKESO' is set on object 'Object Repository/Final Object Repo/Creating Employer Account/Page_Registration - ASSIST (Base)/Full Name'

2018-10-19 11:42:15 - [MESSAGE][PASSED] - Text 'PERKESO' is set on object 'Object Repository/Final Object Repo/Creating Employer Account/Page_Registration - ASSIST (Base)/Full Name'

2018-10-19 11:42:15 - [TEST_STEP][PASSED] - Statement - rnd = new java.util.Random(): null

2018-10-19 11:42:15 - [TEST_STEP][PASSED] - Statement - snum = rnd.nextInt(899999 + 1) + 100000: null

2018-10-19 11:42:15 - [TEST_STEP][PASSED] - Statement - tnum = rnd.nextInt(899999 + 1) + 100000: null

2018-10-19 11:42:15 - [TEST_STEP][PASSED] - Statement - IC = java.lang.Integer.toString(snum) + java.lang.Integer.toString(tnum): null

2018-10-19 11:42:15 - [TEST_STEP][PASSED] - Statement - out.println(IC): null

2018-10-19 11:42:15 - [TEST_STEP][PASSED] - setText: Text '251524965627' is set on object 'Object Repository/Final Object Repo/Creating Employer Account/Page_Registration - ASSIST (Base)/Identification Number'

2018-10-19 11:42:15 - [MESSAGE][PASSED] - Text '251524965627' is set on object 'Object Repository/Final Object Repo/Creating Employer Account/Page_Registration - ASSIST (Base)/Identification Number'

2018-10-19 11:42:15 - [TEST_STEP][PASSED] - delay: Delayed 2 second(s)

2018-10-19 11:42:17 - [MESSAGE][PASSED] - Delayed 2 second(s)

2018-10-19 11:42:17 - [TEST_STEP][PASSED] - setText: Text '123456789012' is set on object 'Object Repository/Final Object Repo/Creating Employer Account/Page_Registration - ASSIST (Base)/Contact Number'

2018-10-19 11:42:18 - [MESSAGE][PASSED] - Text '123456789012' is set on object 'Object Repository/Final Object Repo/Creating Employer Account/Page_Registration - ASSIST (Base)/Contact Number'

2018-10-19 11:42:18 - [TEST_STEP][PASSED] - Statement - Email = "perkeso" + IC + "@gmail.com": null

2018-10-19 11:42:18 - [TEST_STEP][PASSED] - delay: Delayed 2 second(s)

2018-10-19 11:42:20 - [MESSAGE][PASSED] - Delayed 2 second(s)

2018-10-19 11:42:20 - [TEST_STEP][PASSED] - callTestCase: Call Test Case 'Test Cases/Final Aug 2018 - PKS Automation/Create Employer Acc/Template/Employer Email Settler' successfully

2018-10-19 11:42:20 - [TEST_CASE][PASSED] - Test Cases/Final Aug 2018 - PKS Automation/Create Employer Acc/Template/Employer Email Settler: Test Cases/Final Aug 2018 - PKS Automation/Create Employer Acc/Template/Employer Email Settler

2018-10-19 11:42:20 - [TEST_STEP][PASSED] - Statement - EmpEmailOld = new java.io.File(C://EmpEmail.txt): null

2018-10-19 11:42:20 - [TEST_STEP][PASSED] - Statement - EmpEmailOld.delete(): null

2018-10-19 11:42:20 - [TEST_STEP][PASSED] - Statement - EmpEmail = new java.io.File(C://EmpEmail.txt): null

2018-10-19 11:42:20 - [TEST_STEP][PASSED] - Statement - EmpEmail.append(Email): null

2018-10-19 11:42:20 - [TEST_STEP][PASSED] - Statement - out.println(Email): null

2018-10-19 11:42:20 - [MESSAGE][PASSED] - Call Test Case 'Test Cases/Final Aug 2018 - PKS Automation/Create Employer Acc/Template/Employer Email Settler' successfully

2018-10-19 11:42:20 - [TEST_STEP][PASSED] - delay: Delayed 2 second(s)

2018-10-19 11:42:22 - [MESSAGE][PASSED] - Delayed 2 second(s)

2018-10-19 11:42:22 - [TEST_STEP][PASSED] - setText: Text 'perkeso251524965627@gmail.com' is set on object 'Object Repository/Final Object Repo/Creating Employer Account/Page_Registration - ASSIST (Base)/Email'

2018-10-19 11:42:22 - [MESSAGE][PASSED] - Text 'perkeso251524965627@gmail.com' is set on object 'Object Repository/Final Object Repo/Creating Employer Account/Page_Registration - ASSIST (Base)/Email'

2018-10-19 11:42:22 - [TEST_STEP][PASSED] - setText: Text '123' is set on object 'Object Repository/Final Object Repo/Creating Employer Account/Page_Registration - ASSIST (Base)/Security Phase'

2018-10-19 11:42:22 - [MESSAGE][PASSED] - Text '123' is set on object 'Object Repository/Final Object Repo/Creating Employer Account/Page_Registration - ASSIST (Base)/Security Phase'

2018-10-19 11:42:22 - [TEST_STEP][PASSED] - click: Object: 'Object Repository/Final Object Repo/Creating Employer Account/Page_Registration - ASSIST (Base)/Save  Continue' is clicked on

2018-10-19 11:42:23 - [MESSAGE][PASSED] - Object: 'Object Repository/Final Object Repo/Creating Employer Account/Page_Registration - ASSIST (Base)/Save  Continue' is clicked on

2018-10-19 11:42:23 - [TEST_STEP][PASSED] - delay: Delayed 2 second(s)

2018-10-19 11:42:25 - [MESSAGE][PASSED] - Delayed 2 second(s)

2018-10-19 11:42:25 - [TEST_STEP][PASSED] - click: Object: 'Object Repository/Final Object Repo/Creating Employer Account/Page_Registration - ASSIST (Base)/Add Document' is clicked on

2018-10-19 11:42:25 - [MESSAGE][PASSED] - Object: 'Object Repository/Final Object Repo/Creating Employer Account/Page_Registration - ASSIST (Base)/Add Document' is clicked on

2018-10-19 11:42:25 - [TEST_STEP][PASSED] - delay: Delayed 2 second(s)

2018-10-19 11:42:27 - [MESSAGE][PASSED] - Delayed 2 second(s)

2018-10-19 11:42:27 - [TEST_STEP][PASSED] - click: Object: 'Object Repository/Final Object Repo/Creating Employer Account/Page_Registration - ASSIST (Base)/Document Type' is clicked on

2018-10-19 11:42:27 - [MESSAGE][PASSED] - Object: 'Object Repository/Final Object Repo/Creating Employer Account/Page_Registration - ASSIST (Base)/Document Type' is clicked on

2018-10-19 11:42:27 - [TEST_STEP][PASSED] - delay: Delayed 2 second(s)

2018-10-19 11:42:29 - [MESSAGE][PASSED] - Delayed 2 second(s)

2018-10-19 11:42:29 - [TEST_STEP][PASSED] - click: Object: 'Object Repository/Final Object Repo/Creating Employer Account/Page_Registration - ASSIST (Base)/Document Type - Letter of Authorization' is clicked on

2018-10-19 11:42:29 - [MESSAGE][PASSED] - Object: 'Object Repository/Final Object Repo/Creating Employer Account/Page_Registration - ASSIST (Base)/Document Type - Letter of Authorization' is clicked on

2018-10-19 11:42:29 - [TEST_STEP][PASSED] - delay: Delayed 2 second(s)

2018-10-19 11:42:31 - [MESSAGE][PASSED] - Delayed 2 second(s)

2018-10-19 11:42:31 - [TEST_STEP][PASSED] - sendKeys: Keys 'C:\Users\Public\Pictures\Sample Pictures\Act.jpg' sent to object: 'Object Repository/Final Object Repo/Creating Employer Account/Page_Registration - ASSIST (Base)/Uploading File'

2018-10-19 11:42:31 - [MESSAGE][PASSED] - Keys 'C:\Users\Public\Pictures\Sample Pictures\Act.jpg' sent to object: 'Object Repository/Final Object Repo/Creating Employer Account/Page_Registration - ASSIST (Base)/Uploading File'

2018-10-19 11:42:31 - [TEST_STEP][PASSED] - delay: Delayed 2 second(s)

2018-10-19 11:42:33 - [MESSAGE][PASSED] - Delayed 2 second(s)

2018-10-19 11:42:33 - [TEST_STEP][PASSED] - click: Object: 'Object Repository/Final Object Repo/Creating Employer Account/Page_Registration - ASSIST (Base)/Add Document in Uploading File' is clicked on

2018-10-19 11:42:33 - [MESSAGE][PASSED] - Object: 'Object Repository/Final Object Repo/Creating Employer Account/Page_Registration - ASSIST (Base)/Add Document in Uploading File' is clicked on

2018-10-19 11:42:33 - [TEST_STEP][PASSED] - delay: Delayed 2 second(s)

2018-10-19 11:42:35 - [MESSAGE][PASSED] - Delayed 2 second(s)

2018-10-19 11:42:35 - [TEST_STEP][PASSED] - click: Object: 'Object Repository/Final Object Repo/Creating Employer Account/Page_Registration - ASSIST (Base)/Save' is clicked on

2018-10-19 11:42:36 - [MESSAGE][PASSED] - Object: 'Object Repository/Final Object Repo/Creating Employer Account/Page_Registration - ASSIST (Base)/Save' is clicked on

2018-10-19 11:42:36 - [TEST_STEP][PASSED] - delay: Delayed 2 second(s)

2018-10-19 11:42:38 - [MESSAGE][PASSED] - Delayed 2 second(s)

2018-10-19 11:42:38 - [TEST_STEP][PASSED] - click: Object: 'Object Repository/Final Object Repo/Creating Employer Account/Page_Registration - ASSIST (Base)/Submit' is clicked on

2018-10-19 11:42:38 - [MESSAGE][PASSED] - Object: 'Object Repository/Final Object Repo/Creating Employer Account/Page_Registration - ASSIST (Base)/Submit' is clicked on

2018-10-19 11:42:38 - [TEST_STEP][PASSED] - delay: Delayed 2 second(s)

2018-10-19 11:42:40 - [MESSAGE][PASSED] - Delayed 2 second(s)

2018-10-19 11:42:40 - [TEST_STEP][PASSED] - click: Object: 'Object Repository/Final Object Repo/Creating Employer Account/Page_Registration - ASSIST (Base)/Confirm' is clicked on

2018-10-19 11:42:40 - [MESSAGE][PASSED] - Object: 'Object Repository/Final Object Repo/Creating Employer Account/Page_Registration - ASSIST (Base)/Confirm' is clicked on

2018-10-19 11:42:40 - [MESSAGE][PASSED] - Call Test Case 'Test Cases/Final Aug 2018 - PKS Automation/Create Employer Acc/Template/Register Employer' successfully

2018-10-19 11:42:40 - [TEST_STEP][PASSED] - delay: Delayed 1 second(s)

2018-10-19 11:42:41 - [MESSAGE][PASSED] - Delayed 1 second(s)

2018-10-19 11:42:41 - [TEST_STEP][PASSED] - navigateToUrl: Navigate to 'https://assist2-uat.perkeso.gov.my/c/portal/logout' successfully

2018-10-19 11:42:43 - [MESSAGE][PASSED] - Navigate to 'https://assist2-uat.perkeso.gov.my/c/portal/logout' successfully

2018-10-19 11:42:43 - [TEST_STEP][PASSED] - delay: Delayed 1 second(s)

2018-10-19 11:42:44 - [MESSAGE][PASSED] - Delayed 1 second(s)

2018-10-19 11:42:44 - [TEST_STEP][PASSED] - callTestCase: Call Test Case 'Test Cases/Final Aug 2018 - PKS Automation/Create Employer Acc/Template/Change Password of Employer' successfully

2018-10-19 11:42:44 - [TEST_CASE][PASSED] - Test Cases/Final Aug 2018 - PKS Automation/Create Employer Acc/Template/Change Password of Employer: Test Cases/Final Aug 2018 - PKS Automation/Create Employer Acc/Template/Change Password of Employer

2018-10-19 11:42:44 - [TEST_STEP][PASSED] - openBrowser: Browser is opened with url: ''

2018-10-19 11:42:44 - [MESSAGE][WARNING] - A browser is already opened. Closing browser and opening a new one

2018-10-19 11:42:47 - [MESSAGE][PASSED] - Browser is opened with url: ''

2018-10-19 11:42:47 - [TEST_STEP][PASSED] - navigateToUrl: Navigate to 'https://assist2-uat.perkeso.gov.my/login' successfully

2018-10-19 11:42:50 - [MESSAGE][PASSED] - Navigate to 'https://assist2-uat.perkeso.gov.my/login' successfully

2018-10-19 11:42:50 - [TEST_STEP][PASSED] - delay: Delayed 5 second(s)

2018-10-19 11:42:55 - [MESSAGE][PASSED] - Delayed 5 second(s)

2018-10-19 11:42:55 - [TEST_STEP][PASSED] - setText: Text 'test@liferay.com' is set on object 'Object Repository/Final Object Repo/Login Page/Internal User/Email Address'

2018-10-19 11:42:56 - [MESSAGE][PASSED] - Text 'test@liferay.com' is set on object 'Object Repository/Final Object Repo/Login Page/Internal User/Email Address'

2018-10-19 11:42:56 - [TEST_STEP][PASSED] - click: Object: 'Object Repository/Final Object Repo/Login Page/Internal User/Next Button' is clicked on

2018-10-19 11:42:56 - [MESSAGE][PASSED] - Object: 'Object Repository/Final Object Repo/Login Page/Internal User/Next Button' is clicked on

2018-10-19 11:42:56 - [TEST_STEP][PASSED] - delay: Delayed 2 second(s)

2018-10-19 11:42:58 - [MESSAGE][PASSED] - Delayed 2 second(s)

2018-10-19 11:42:58 - [TEST_STEP][PASSED] - setText: Text 'test' is set on object 'Object Repository/Final Object Repo/Login Page/Internal User/Password'

2018-10-19 11:42:58 - [MESSAGE][PASSED] - Text 'test' is set on object 'Object Repository/Final Object Repo/Login Page/Internal User/Password'

2018-10-19 11:42:58 - [TEST_STEP][PASSED] - delay: Delayed 2 second(s)

2018-10-19 11:43:00 - [MESSAGE][PASSED] - Delayed 2 second(s)

2018-10-19 11:43:00 - [TEST_STEP][PASSED] - click: Object: 'Object Repository/Final Object Repo/Login Page/Internal User/Login Button' is clicked on

2018-10-19 11:43:01 - [MESSAGE][PASSED] - Object: 'Object Repository/Final Object Repo/Login Page/Internal User/Login Button' is clicked on

2018-10-19 11:43:01 - [TEST_STEP][PASSED] - delay: Delayed 3 second(s)

2018-10-19 11:43:04 - [MESSAGE][PASSED] - Delayed 3 second(s)

2018-10-19 11:43:04 - [TEST_STEP][PASSED] - navigateToUrl: Navigate to 'https://assist2-uat.perkeso.gov.my/group/control_panel/manage?p_p_id=125&p_p_lifecycle=0&p_p_state=maximized&p_p_mode=view&refererPlid=20455&_125_usersListView=flat-users&_125_toolbarItem=view-all-users&_125_saveUsersListView=true&_125_struts_action=%2Fusers_admin%2Fview' successfully

2018-10-19 11:43:07 - [MESSAGE][PASSED] - Navigate to 'https://assist2-uat.perkeso.gov.my/group/control_panel/manage?p_p_id=125&p_p_lifecycle=0&p_p_state=maximized&p_p_mode=view&refererPlid=20455&_125_usersListView=flat-users&_125_toolbarItem=view-all-users&_125_saveUsersListView=true&_125_struts_action=%2Fusers_admin%2Fview' successfully

2018-10-19 11:43:07 - [TEST_STEP][PASSED] - delay: Delayed 3 second(s)

2018-10-19 11:43:10 - [MESSAGE][PASSED] - Delayed 3 second(s)

2018-10-19 11:43:10 - [TEST_STEP][PASSED] - setText: Text 'perkeso251524965627@gmail.com' is set on object 'Object Repository/Final Object Repo/Creating Employer Account/Page_Users and Organizations - ASSIST/Employer name'

2018-10-19 11:43:11 - [MESSAGE][PASSED] - Text 'perkeso251524965627@gmail.com' is set on object 'Object Repository/Final Object Repo/Creating Employer Account/Page_Users and Organizations - ASSIST/Employer name'

2018-10-19 11:43:11 - [TEST_STEP][PASSED] - delay: Delayed 3 second(s)

2018-10-19 11:43:14 - [MESSAGE][PASSED] - Delayed 3 second(s)

2018-10-19 11:43:14 - [TEST_STEP][PASSED] - click: Object: 'Object Repository/Final Object Repo/Creating Employer Account/Page_Users and Organizations - ASSIST/Search' is clicked on

2018-10-19 11:43:14 - [MESSAGE][PASSED] - Object: 'Object Repository/Final Object Repo/Creating Employer Account/Page_Users and Organizations - ASSIST/Search' is clicked on

2018-10-19 11:43:14 - [TEST_STEP][PASSED] - delay: Delayed 3 second(s)

2018-10-19 11:43:17 - [MESSAGE][PASSED] - Delayed 3 second(s)

2018-10-19 11:43:17 - [TEST_STEP][PASSED] - click: Object: 'Object Repository/Final Object Repo/Creating Employer Account/Page_Users and Organizations - ASSIST/Action' is clicked on

2018-10-19 11:43:17 - [MESSAGE][PASSED] - Object: 'Object Repository/Final Object Repo/Creating Employer Account/Page_Users and Organizations - ASSIST/Action' is clicked on

2018-10-19 11:43:17 - [TEST_STEP][PASSED] - delay: Delayed 3 second(s)

2018-10-19 11:43:20 - [MESSAGE][PASSED] - Delayed 3 second(s)

2018-10-19 11:43:20 - [TEST_STEP][PASSED] - click: Object: 'Object Repository/Final Object Repo/Creating Employer Account/Page_Users and Organizations - ASSIST/Edit' is clicked on

2018-10-19 11:43:21 - [MESSAGE][PASSED] - Object: 'Object Repository/Final Object Repo/Creating Employer Account/Page_Users and Organizations - ASSIST/Edit' is clicked on

2018-10-19 11:43:21 - [TEST_STEP][PASSED] - delay: Delayed 3 second(s)

2018-10-19 11:43:24 - [MESSAGE][PASSED] - Delayed 3 second(s)

2018-10-19 11:43:24 - [TEST_STEP][PASSED] - click: Object: 'Object Repository/Final Object Repo/Creating Employer Account/Page_PERKESO - Users and Organizati/a_Password (Modified)' is clicked on

2018-10-19 11:43:25 - [MESSAGE][PASSED] - Object: 'Object Repository/Final Object Repo/Creating Employer Account/Page_PERKESO - Users and Organizati/a_Password (Modified)' is clicked on

2018-10-19 11:43:25 - [TEST_STEP][PASSED] - delay: Delayed 3 second(s)

2018-10-19 11:43:28 - [MESSAGE][PASSED] - Delayed 3 second(s)

2018-10-19 11:43:28 - [TEST_STEP][PASSED] - setEncryptedText: Text ****** has been set on object 'Object Repository/Final Object Repo/Creating Employer Account/Page_PERKESO - Users and Organizati/input__125_password1'

2018-10-19 11:43:28 - [MESSAGE][PASSED] - Text ****** has been set on object 'Object Repository/Final Object Repo/Creating Employer Account/Page_PERKESO - Users and Organizati/input__125_password1'

2018-10-19 11:43:28 - [TEST_STEP][PASSED] - delay: Delayed 3 second(s)

2018-10-19 11:43:31 - [MESSAGE][PASSED] - Delayed 3 second(s)

2018-10-19 11:43:31 - [TEST_STEP][PASSED] - setEncryptedText: Text ****** has been set on object 'Object Repository/Final Object Repo/Creating Employer Account/Page_PERKESO - Users and Organizati/input__125_password2'

2018-10-19 11:43:31 - [MESSAGE][PASSED] - Text ****** has been set on object 'Object Repository/Final Object Repo/Creating Employer Account/Page_PERKESO - Users and Organizati/input__125_password2'

2018-10-19 11:43:31 - [TEST_STEP][PASSED] - delay: Delayed 3 second(s)

2018-10-19 11:43:34 - [MESSAGE][PASSED] - Delayed 3 second(s)

2018-10-19 11:43:34 - [TEST_STEP][PASSED] - click: Object: 'Object Repository/Final Object Repo/Creating Employer Account/Page_PERKESO - Users and Organizati/Save' is clicked on

2018-10-19 11:43:36 - [MESSAGE][PASSED] - Object: 'Object Repository/Final Object Repo/Creating Employer Account/Page_PERKESO - Users and Organizati/Save' is clicked on

2018-10-19 11:43:36 - [MESSAGE][PASSED] - Call Test Case 'Test Cases/Final Aug 2018 - PKS Automation/Create Employer Acc/Template/Change Password of Employer' successfully

2018-10-19 11:43:36 - [TEST_STEP][PASSED] - delay: Delayed 1 second(s)

2018-10-19 11:43:37 - [MESSAGE][PASSED] - Delayed 1 second(s)

2018-10-19 11:43:37 - [TEST_STEP][PASSED] - navigateToUrl: Navigate to 'https://assist2-uat.perkeso.gov.my/c/portal/logout' successfully

2018-10-19 11:43:38 - [MESSAGE][PASSED] - Navigate to 'https://assist2-uat.perkeso.gov.my/c/portal/logout' successfully

2018-10-19 11:43:38 - [TEST_STEP][PASSED] - delay: Delayed 1 second(s)

2018-10-19 11:43:39 - [MESSAGE][PASSED] - Delayed 1 second(s)

2018-10-19 11:43:39 - [TEST_STEP][PASSED] - callTestCase: Call Test Case 'Test Cases/Final Aug 2018 - PKS Automation/Create Employer Acc/Template/Login to Employer Account (First Time)' successfully

2018-10-19 11:43:39 - [TEST_CASE][PASSED] - Test Cases/Final Aug 2018 - PKS Automation/Create Employer Acc/Template/Login to Employer Account (First Time): Test Cases/Final Aug 2018 - PKS Automation/Create Employer Acc/Template/Login to Employer Account (First Time)

2018-10-19 11:43:39 - [TEST_STEP][PASSED] - openBrowser: Browser is opened with url: ''

2018-10-19 11:43:39 - [MESSAGE][WARNING] - A browser is already opened. Closing browser and opening a new one

2018-10-19 11:43:42 - [MESSAGE][PASSED] - Browser is opened with url: ''

2018-10-19 11:43:42 - [TEST_STEP][PASSED] - navigateToUrl: Navigate to 'https://assist2-uat.perkeso.gov.my/employer/login' successfully

2018-10-19 11:43:44 - [MESSAGE][PASSED] - Navigate to 'https://assist2-uat.perkeso.gov.my/employer/login' successfully

2018-10-19 11:43:44 - [TEST_STEP][PASSED] - delay: Delayed 3 second(s)

2018-10-19 11:43:47 - [MESSAGE][PASSED] - Delayed 3 second(s)

2018-10-19 11:43:47 - [TEST_STEP][PASSED] - callTestCase: Call Test Case 'Test Cases/Final Aug 2018 - PKS Automation/Create Employer Acc/Template/Employer Email Getter' successfully

2018-10-19 11:43:48 - [TEST_CASE][PASSED] - Test Cases/Final Aug 2018 - PKS Automation/Create Employer Acc/Template/Employer Email Getter: Test Cases/Final Aug 2018 - PKS Automation/Create Employer Acc/Template/Employer Email Getter

2018-10-19 11:43:48 - [TEST_STEP][PASSED] - Statement - Try: null

2018-10-19 11:43:48 - [TEST_STEP][PASSED] - Statement - EmpEmail = new java.io.File(C://EmpEmail.txt): null

2018-10-19 11:43:48 - [TEST_STEP][PASSED] - Statement - bufferread = new java.io.BufferedReader(new java.io.FileReader(EmpEmail)): null

2018-10-19 11:43:48 - [TEST_STEP][PASSED] - Statement - readedVal = bufferread.readLine(): null

2018-10-19 11:43:48 - [TEST_STEP][PASSED] - Statement - out.println(readedVal): null

2018-10-19 11:43:48 - [TEST_STEP][PASSED] - Statement - Email = readedVal: null

2018-10-19 11:43:48 - [MESSAGE][PASSED] - Call Test Case 'Test Cases/Final Aug 2018 - PKS Automation/Create Employer Acc/Template/Employer Email Getter' successfully

2018-10-19 11:43:48 - [TEST_STEP][PASSED] - setText: Text 'perkeso251524965627@gmail.com' is set on object 'Object Repository/Final Object Repo/Login Page/External Login Page/Email'

2018-10-19 11:43:48 - [MESSAGE][PASSED] - Text 'perkeso251524965627@gmail.com' is set on object 'Object Repository/Final Object Repo/Login Page/External Login Page/Email'

2018-10-19 11:43:48 - [TEST_STEP][PASSED] - click: Object: 'Object Repository/Final Object Repo/Login Page/External Login Page/Next' is clicked on

2018-10-19 11:43:48 - [MESSAGE][PASSED] - Object: 'Object Repository/Final Object Repo/Login Page/External Login Page/Next' is clicked on

2018-10-19 11:43:48 - [TEST_STEP][PASSED] - delay: Delayed 3 second(s)

2018-10-19 11:43:51 - [MESSAGE][PASSED] - Delayed 3 second(s)

2018-10-19 11:43:51 - [TEST_STEP][PASSED] - setEncryptedText: Text ****** has been set on object 'Object Repository/Final Object Repo/Login Page/External Login Page/Password'

2018-10-19 11:43:51 - [MESSAGE][PASSED] - Text ****** has been set on object 'Object Repository/Final Object Repo/Login Page/External Login Page/Password'

2018-10-19 11:43:51 - [TEST_STEP][PASSED] - click: Object: 'Object Repository/Final Object Repo/Login Page/External Login Page/Login' is clicked on

2018-10-19 11:43:52 - [MESSAGE][PASSED] - Object: 'Object Repository/Final Object Repo/Login Page/External Login Page/Login' is clicked on

2018-10-19 11:43:52 - [TEST_STEP][PASSED] - delay: Delayed 3 second(s)

2018-10-19 11:43:55 - [MESSAGE][PASSED] - Delayed 3 second(s)

2018-10-19 11:43:55 - [TEST_STEP][PASSED] - click: Object: 'Object Repository/Final Object Repo/Creating Employer Account/Page_Terms of Use - ASSIST/button_I Agree' is clicked on

2018-10-19 11:43:57 - [MESSAGE][PASSED] - Object: 'Object Repository/Final Object Repo/Creating Employer Account/Page_Terms of Use - ASSIST/button_I Agree' is clicked on

2018-10-19 11:43:57 - [TEST_STEP][PASSED] - delay: Delayed 2 second(s)

2018-10-19 11:43:59 - [MESSAGE][PASSED] - Delayed 2 second(s)

2018-10-19 11:43:59 - [TEST_STEP][PASSED] - setEncryptedText: Text ****** has been set on object 'Object Repository/Final Object Repo/Creating Employer Account/Page_New Password - ASSIST/input_password1'

2018-10-19 11:43:59 - [MESSAGE][PASSED] - Text ****** has been set on object 'Object Repository/Final Object Repo/Creating Employer Account/Page_New Password - ASSIST/input_password1'

2018-10-19 11:43:59 - [TEST_STEP][PASSED] - setEncryptedText: Text ****** has been set on object 'Object Repository/Final Object Repo/Creating Employer Account/Page_New Password - ASSIST/input_password2'

2018-10-19 11:43:59 - [MESSAGE][PASSED] - Text ****** has been set on object 'Object Repository/Final Object Repo/Creating Employer Account/Page_New Password - ASSIST/input_password2'

2018-10-19 11:43:59 - [TEST_STEP][PASSED] - delay: Delayed 2 second(s)

2018-10-19 11:44:01 - [MESSAGE][PASSED] - Delayed 2 second(s)

2018-10-19 11:44:01 - [TEST_STEP][PASSED] - click: Object: 'Object Repository/Final Object Repo/Creating Employer Account/Page_New Password - ASSIST/Save' is clicked on

2018-10-19 11:44:02 - [MESSAGE][PASSED] - Object: 'Object Repository/Final Object Repo/Creating Employer Account/Page_New Password - ASSIST/Save' is clicked on

2018-10-19 11:44:02 - [TEST_STEP][PASSED] - delay: Delayed 2 second(s)

2018-10-19 11:44:04 - [MESSAGE][PASSED] - Delayed 2 second(s)

2018-10-19 11:44:04 - [TEST_STEP][PASSED] - setText: Text 'test' is set on object 'Object Repository/Final Object Repo/Creating Employer Account/Page_Password Reminder - ASSIST/Reminder Query Answer'

2018-10-19 11:44:04 - [MESSAGE][PASSED] - Text 'test' is set on object 'Object Repository/Final Object Repo/Creating Employer Account/Page_Password Reminder - ASSIST/Reminder Query Answer'

2018-10-19 11:44:04 - [TEST_STEP][PASSED] - delay: Delayed 2 second(s)

2018-10-19 11:44:06 - [MESSAGE][PASSED] - Delayed 2 second(s)

2018-10-19 11:44:06 - [TEST_STEP][PASSED] - doubleClick: Object: 'Object Repository/Final Object Repo/Creating Employer Account/Page_Password Reminder - ASSIST/Save' is double clicked on

2018-10-19 11:44:09 - [MESSAGE][PASSED] - Object: 'Object Repository/Final Object Repo/Creating Employer Account/Page_Password Reminder - ASSIST/Save' is double clicked on

2018-10-19 11:44:09 - [MESSAGE][PASSED] - Call Test Case 'Test Cases/Final Aug 2018 - PKS Automation/Create Employer Acc/Template/Login to Employer Account (First Time)' successfully

2018-10-19 11:44:09 - [MESSAGE][PASSED] - Call Test Case 'Test Cases/Final Aug 2018 - PKS Automation/Create Employer Acc/Create Employer Account' successfully

2018-10-19 11:44:09 - [TEST_STEP][PASSED] - callTestCase: Call Test Case 'Test Cases/Final Aug 2018 - PKS Automation/Registration Module/Log Out/log out avoiding katalon tagging' successfully

2018-10-19 11:44:09 - [TEST_CASE][PASSED] - Test Cases/Final Aug 2018 - PKS Automation/Registration Module/Log Out/log out avoiding katalon tagging: Test Cases/Final Aug 2018 - PKS Automation/Registration Module/Log Out/log out avoiding katalon tagging

2018-10-19 11:44:09 - [TEST_STEP][PASSED] - navigateToUrl: Navigate to 'https://assist2-uat.perkeso.gov.my/c/portal/logout' successfully

2018-10-19 11:44:10 - [MESSAGE][PASSED] - Navigate to 'https://assist2-uat.perkeso.gov.my/c/portal/logout' successfully

2018-10-19 11:44:10 - [MESSAGE][PASSED] - Call Test Case 'Test Cases/Final Aug 2018 - PKS Automation/Registration Module/Log Out/log out avoiding katalon tagging' successfully

2018-10-19 11:44:10 - [TEST_STEP][PASSED] - callTestCase: Call Test Case 'Test Cases/Final Aug 2018 - PKS Automation/Create Employer Acc/Login to Employer Account (Second time)' successfully

2018-10-19 11:44:10 - [TEST_CASE][PASSED] - Test Cases/Final Aug 2018 - PKS Automation/Create Employer Acc/Login to Employer Account (Second time): Test Cases/Final Aug 2018 - PKS Automation/Create Employer Acc/Login to Employer Account (Second time)

2018-10-19 11:44:10 - [TEST_STEP][PASSED] - openBrowser: Browser is opened with url: ''

2018-10-19 11:44:10 - [MESSAGE][WARNING] - A browser is already opened. Closing browser and opening a new one

2018-10-19 11:44:13 - [MESSAGE][PASSED] - Browser is opened with url: ''

2018-10-19 11:44:13 - [TEST_STEP][PASSED] - navigateToUrl: Navigate to 'https://assist2-uat.perkeso.gov.my/employer/login' successfully

2018-10-19 11:44:15 - [MESSAGE][PASSED] - Navigate to 'https://assist2-uat.perkeso.gov.my/employer/login' successfully

2018-10-19 11:44:15 - [TEST_STEP][PASSED] - delay: Delayed 3 second(s)

2018-10-19 11:44:18 - [MESSAGE][PASSED] - Delayed 3 second(s)

2018-10-19 11:44:18 - [TEST_STEP][PASSED] - callTestCase: Call Test Case 'Test Cases/Final Aug 2018 - PKS Automation/Create Employer Acc/Template/Employer Email Getter' successfully

2018-10-19 11:44:18 - [TEST_CASE][PASSED] - Test Cases/Final Aug 2018 - PKS Automation/Create Employer Acc/Template/Employer Email Getter: Test Cases/Final Aug 2018 - PKS Automation/Create Employer Acc/Template/Employer Email Getter

2018-10-19 11:44:18 - [TEST_STEP][PASSED] - Statement - Try: null

2018-10-19 11:44:18 - [TEST_STEP][PASSED] - Statement - EmpEmail = new java.io.File(C://EmpEmail.txt): null

2018-10-19 11:44:19 - [TEST_STEP][PASSED] - Statement - bufferread = new java.io.BufferedReader(new java.io.FileReader(EmpEmail)): null

2018-10-19 11:44:19 - [TEST_STEP][PASSED] - Statement - readedVal = bufferread.readLine(): null

2018-10-19 11:44:19 - [TEST_STEP][PASSED] - Statement - out.println(readedVal): null

2018-10-19 11:44:19 - [TEST_STEP][PASSED] - Statement - Email = readedVal: null

2018-10-19 11:44:19 - [MESSAGE][PASSED] - Call Test Case 'Test Cases/Final Aug 2018 - PKS Automation/Create Employer Acc/Template/Employer Email Getter' successfully

2018-10-19 11:44:19 - [TEST_STEP][PASSED] - setText: Text 'perkeso251524965627@gmail.com' is set on object 'Object Repository/Final Object Repo/Login Page/External Login Page/Email'

2018-10-19 11:44:19 - [MESSAGE][PASSED] - Text 'perkeso251524965627@gmail.com' is set on object 'Object Repository/Final Object Repo/Login Page/External Login Page/Email'

2018-10-19 11:44:19 - [TEST_STEP][PASSED] - click: Object: 'Object Repository/Final Object Repo/Login Page/External Login Page/Next' is clicked on

2018-10-19 11:44:19 - [MESSAGE][PASSED] - Object: 'Object Repository/Final Object Repo/Login Page/External Login Page/Next' is clicked on

2018-10-19 11:44:19 - [TEST_STEP][PASSED] - delay: Delayed 3 second(s)

2018-10-19 11:44:22 - [MESSAGE][PASSED] - Delayed 3 second(s)

2018-10-19 11:44:22 - [TEST_STEP][PASSED] - setEncryptedText: Text ****** has been set on object 'Object Repository/Final Object Repo/Login Page/External Login Page/Password'

2018-10-19 11:44:22 - [MESSAGE][PASSED] - Text ****** has been set on object 'Object Repository/Final Object Repo/Login Page/External Login Page/Password'

2018-10-19 11:44:22 - [TEST_STEP][PASSED] - click: Object: 'Object Repository/Final Object Repo/Login Page/External Login Page/Login' is clicked on

2018-10-19 11:44:23 - [MESSAGE][PASSED] - Object: 'Object Repository/Final Object Repo/Login Page/External Login Page/Login' is clicked on

2018-10-19 11:44:23 - [TEST_STEP][PASSED] - delay: Delayed 5 second(s)

2018-10-19 11:44:28 - [MESSAGE][PASSED] - Delayed 5 second(s)

2018-10-19 11:44:28 - [MESSAGE][PASSED] - Call Test Case 'Test Cases/Final Aug 2018 - PKS Automation/Create Employer Acc/Login to Employer Account (Second time)' successfully

2018-10-19 11:44:28 - [TEST_STEP][PASSED] - Statement - Try: Delayed 2 second(s)

2018-10-19 11:44:28 - [TEST_STEP][PASSED] - Statement - Checker = false: null

2018-10-19 11:44:28 - [TEST_STEP][PASSED] - Statement - Checker = com.kms.katalon.core.webui.keyword.WebUiBuiltInKeywords.verifyElementHasAttribute(com.kms.katalon.core.testobject.ObjectRepository.findTestObject(Final Object Repo/Landing Page/BM Detecting), "href", 20, OPTIONAL): Object 'Object Repository/Final Object Repo/Landing Page/BM Detecting' has attribute 'href'

2018-10-19 11:44:28 - [MESSAGE][PASSED] - Object 'Object Repository/Final Object Repo/Landing Page/BM Detecting' has attribute 'href'

2018-10-19 11:44:28 - [TEST_STEP][PASSED] - Statement - out.println(Checker): null

2018-10-19 11:44:28 - [TEST_STEP][PASSED] - Statement - If (Checker == false): null

2018-10-19 11:44:28 - [TEST_STEP][PASSED] - Statement - Else: null

2018-10-19 11:44:28 - [TEST_STEP][PASSED] - delay: Delayed 2 second(s)

2018-10-19 11:44:30 - [MESSAGE][PASSED] - Delayed 2 second(s)

2018-10-19 11:44:30 - [TEST_STEP][PASSED] - delay: Delayed 4 second(s)

2018-10-19 11:44:34 - [MESSAGE][PASSED] - Delayed 4 second(s)

2018-10-19 11:44:34 - [TEST_STEP][PASSED] - click: Object: 'Object Repository/Final Object Repo/Landing Page/My Sites Drop Down' is clicked on

2018-10-19 11:44:34 - [MESSAGE][PASSED] - Object: 'Object Repository/Final Object Repo/Landing Page/My Sites Drop Down' is clicked on

2018-10-19 11:44:34 - [TEST_STEP][PASSED] - click: Object: 'Object Repository/Final Object Repo/Landing Page/Select to Registration Module' is clicked on

2018-10-19 11:44:37 - [MESSAGE][PASSED] - Object: 'Object Repository/Final Object Repo/Landing Page/Select to Registration Module' is clicked on

2018-10-19 11:44:37 - [TEST_STEP][PASSED] - click: Object: 'Object Repository/Final Object Repo/Landing Page/Registration Button' is clicked on

2018-10-19 11:44:39 - [MESSAGE][PASSED] - Object: 'Object Repository/Final Object Repo/Landing Page/Registration Button' is clicked on

2018-10-19 11:44:39 - [TEST_STEP][PASSED] - delay: Delayed 2 second(s)

2018-10-19 11:44:41 - [MESSAGE][PASSED] - Delayed 2 second(s)

2018-10-19 11:44:41 - [TEST_STEP][PASSED] - click: Object: 'Object Repository/Final Object Repo/New Registration - Registration Module Pages/New Reg - OTC to RO/Special Case - OTC - Form 1/AEC NO' is clicked on

2018-10-19 11:44:41 - [MESSAGE][PASSED] - Object: 'Object Repository/Final Object Repo/New Registration - Registration Module Pages/New Reg - OTC to RO/Special Case - OTC - Form 1/AEC NO' is clicked on

2018-10-19 11:44:41 - [TEST_STEP][PASSED] - click: Object: 'Object Repository/Final Object Repo/New Registration - Registration Module Pages/New Reg - OTC to RO/Special Case - OTC - Form 1/Business Entity - Please Select' is clicked on

2018-10-19 11:44:41 - [MESSAGE][PASSED] - Object: 'Object Repository/Final Object Repo/New Registration - Registration Module Pages/New Reg - OTC to RO/Special Case - OTC - Form 1/Business Entity - Please Select' is clicked on

2018-10-19 11:44:41 - [TEST_STEP][PASSED] - click: Object: 'Object Repository/Final Object Repo/New Registration - Registration Module Pages/New Reg - OTC to RO/Special Case - OTC - Form 1/Selected - Corporation' is clicked on

2018-10-19 11:44:41 - [MESSAGE][PASSED] - Object: 'Object Repository/Final Object Repo/New Registration - Registration Module Pages/New Reg - OTC to RO/Special Case - OTC - Form 1/Selected - Corporation' is clicked on

2018-10-19 11:44:41 - [TEST_STEP][PASSED] - delay: Delayed 2 second(s)

2018-10-19 11:44:43 - [MESSAGE][PASSED] - Delayed 2 second(s)

2018-10-19 11:44:43 - [TEST_STEP][PASSED] - click: Object: 'Object Repository/Final Object Repo/New Registration - Registration Module Pages/New Reg - OTC to RO/Special Case - OTC - Form 1/Sub Business Entity - Please Select' is clicked on

2018-10-19 11:44:43 - [MESSAGE][PASSED] - Object: 'Object Repository/Final Object Repo/New Registration - Registration Module Pages/New Reg - OTC to RO/Special Case - OTC - Form 1/Sub Business Entity - Please Select' is clicked on

2018-10-19 11:44:43 - [TEST_STEP][PASSED] - delay: Delayed 2 second(s)

2018-10-19 11:44:45 - [MESSAGE][PASSED] - Delayed 2 second(s)

2018-10-19 11:44:45 - [TEST_STEP][PASSED] - click: Object: 'Object Repository/Final Object Repo/New Registration - Registration Module Pages/New Reg - OTC to RO/Special Case - OTC - Form 1/Selected - Sendirian Berhad' is clicked on

2018-10-19 11:44:46 - [MESSAGE][PASSED] - Object: 'Object Repository/Final Object Repo/New Registration - Registration Module Pages/New Reg - OTC to RO/Special Case - OTC - Form 1/Selected - Sendirian Berhad' is clicked on

2018-10-19 11:44:46 - [TEST_STEP][PASSED] - setText: Text 'AUTOMATE001' is set on object 'Object Repository/Final Object Repo/New Registration - Registration Module Pages/New Reg - OTC to RO/Special Case - OTC - Form 1/Input BRN Number'

2018-10-19 11:44:46 - [MESSAGE][PASSED] - Text 'AUTOMATE001' is set on object 'Object Repository/Final Object Repo/New Registration - Registration Module Pages/New Reg - OTC to RO/Special Case - OTC - Form 1/Input BRN Number'

2018-10-19 11:44:46 - [TEST_STEP][PASSED] - delay: Delayed 2 second(s)

2018-10-19 11:44:48 - [MESSAGE][PASSED] - Delayed 2 second(s)

2018-10-19 11:44:48 - [TEST_STEP][PASSED] - click: Object: 'Object Repository/Final Object Repo/New Registration - Registration Module Pages/New Reg - OTC to RO/Special Case - OTC - Form 1/BRN Search' is clicked on

2018-10-19 11:44:48 - [MESSAGE][PASSED] - Object: 'Object Repository/Final Object Repo/New Registration - Registration Module Pages/New Reg - OTC to RO/Special Case - OTC - Form 1/BRN Search' is clicked on

2018-10-19 11:44:48 - [TEST_STEP][PASSED] - delay: Delayed 4 second(s)

2018-10-19 11:44:52 - [MESSAGE][PASSED] - Delayed 4 second(s)

2018-10-19 11:44:52 - [TEST_STEP][PASSED] - click: Object: 'Object Repository/Final Object Repo/New Registration - Registration Module Pages/New Reg - OTC to RO/Special Case - OTC - Form 1/Registered with SSM - After Feb 2017' is clicked on

2018-10-19 11:44:53 - [MESSAGE][PASSED] - Object: 'Object Repository/Final Object Repo/New Registration - Registration Module Pages/New Reg - OTC to RO/Special Case - OTC - Form 1/Registered with SSM - After Feb 2017' is clicked on

2018-10-19 11:44:53 - [TEST_STEP][PASSED] - delay: Delayed 2 second(s)

2018-10-19 11:44:55 - [MESSAGE][PASSED] - Delayed 2 second(s)

2018-10-19 11:44:55 - [TEST_STEP][PASSED] - click: Object: 'Object Repository/Final Object Repo/New Registration - Registration Module Pages/Form 1/Registered As a Branch - Yes' is clicked on

2018-10-19 11:44:55 - [MESSAGE][PASSED] - Object: 'Object Repository/Final Object Repo/New Registration - Registration Module Pages/Form 1/Registered As a Branch - Yes' is clicked on

2018-10-19 11:44:55 - [TEST_STEP][PASSED] - click: Object: 'Object Repository/Final Object Repo/New Registration - Registration Module Pages/New Reg - OTC to RO/Special Case - OTC - Form 1/Acknowledgement Ticked' is clicked on

2018-10-19 11:44:55 - [MESSAGE][PASSED] - Object: 'Object Repository/Final Object Repo/New Registration - Registration Module Pages/New Reg - OTC to RO/Special Case - OTC - Form 1/Acknowledgement Ticked' is clicked on

2018-10-19 11:44:55 - [TEST_STEP][PASSED] - setText: Text 'perkeso251524965627@gmail.com' is set on object 'Object Repository/Final Object Repo/New Registration - Registration Module Pages/Form 1/Email'

2018-10-19 11:44:56 - [MESSAGE][PASSED] - Text 'perkeso251524965627@gmail.com' is set on object 'Object Repository/Final Object Repo/New Registration - Registration Module Pages/Form 1/Email'

2018-10-19 11:44:56 - [TEST_STEP][PASSED] - click: Object: 'Object Repository/Final Object Repo/New Registration - Registration Module Pages/New Reg - OTC to RO/Special Case - OTC - Form 1/Submit Button' is clicked on

2018-10-19 11:44:56 - [MESSAGE][PASSED] - Object: 'Object Repository/Final Object Repo/New Registration - Registration Module Pages/New Reg - OTC to RO/Special Case - OTC - Form 1/Submit Button' is clicked on

2018-10-19 11:44:56 - [TEST_STEP][PASSED] - callTestCase: Call Test Case 'Test Cases/Final Aug 2018 - PKS Automation/Registration Module/New Registration/Form 2/Add 1 Eligible - Employer Account Use' successfully

2018-10-19 11:44:56 - [TEST_CASE][PASSED] - Test Cases/Final Aug 2018 - PKS Automation/Registration Module/New Registration/Form 2/Add 1 Eligible - Employer Account Use: Test Cases/Final Aug 2018 - PKS Automation/Registration Module/New Registration/Form 2/Add 1 Eligible - Employer Account Use

2018-10-19 11:44:56 - [TEST_STEP][PASSED] - delay: Delayed 2 second(s)

2018-10-19 11:44:58 - [MESSAGE][PASSED] - Delayed 2 second(s)

2018-10-19 11:44:58 - [TEST_STEP][PASSED] - callTestCase: Call Test Case 'Test Cases/Final Aug 2018 - PKS Automation/Registration Module/New Registration/Form 2/Date Updater' successfully

2018-10-19 11:44:58 - [TEST_CASE][PASSED] - Test Cases/Final Aug 2018 - PKS Automation/Registration Module/New Registration/Form 2/Date Updater: Test Cases/Final Aug 2018 - PKS Automation/Registration Module/New Registration/Form 2/Date Updater

2018-10-19 11:44:58 - [TEST_STEP][PASSED] - Statement - TodayDate = new java.util.Date(): null

2018-10-19 11:44:58 - [TEST_STEP][PASSED] - Statement - CurrentDateNoFilter = new java.text.SimpleDateFormat(): null

2018-10-19 11:44:58 - [TEST_STEP][PASSED] - Statement - CurrentDateNoFilter.applyPattern("dd"): null

2018-10-19 11:44:58 - [TEST_STEP][PASSED] - Statement - CurrentDate = CurrentDateNoFilter.format(TodayDate): null

2018-10-19 11:44:58 - [TEST_STEP][PASSED] - Statement - CurrentDate = java.lang.Integer.parseInt(CurrentDate): null

2018-10-19 11:44:58 - [TEST_STEP][PASSED] - Statement - CurrentDate = CurrentDate: null

2018-10-19 11:44:58 - [TEST_STEP][PASSED] - Statement - CurrentDay = java.lang.Integer.parseInt(CurrentDate): null

2018-10-19 11:44:58 - [TEST_STEP][PASSED] - Statement - aDayBefore = CurrentDay + 1: null

2018-10-19 11:44:58 - [TEST_STEP][PASSED] - Statement - DayBefore = aDayBefore.toString(): null

2018-10-19 11:44:58 - [TEST_STEP][PASSED] - Statement - OneDayBefore = DayBefore: null

2018-10-19 11:44:58 - [TEST_STEP][PASSED] - Statement - CurrentDateNoFilter.applyPattern("MM"): null

2018-10-19 11:44:58 - [TEST_STEP][PASSED] - Statement - monthContainerMatcher = java.lang.Integer.parseInt(CurrentDateNoFilter.format(TodayDate)): null

2018-10-19 11:44:58 - [TEST_STEP][PASSED] - Statement - monthContainerMatcher = monthContainerMatcher - 1: null

2018-10-19 11:44:58 - [TEST_STEP][PASSED] - Statement - CurrentMonth = monthContainerMatcher.toString(): null

2018-10-19 11:44:58 - [TEST_STEP][PASSED] - Statement - CurrentMonth = CurrentMonth: null

2018-10-19 11:44:58 - [TEST_STEP][PASSED] - Statement - CurrentDateNoFilter.applyPattern("yyyy"): null

2018-10-19 11:44:58 - [TEST_STEP][PASSED] - Statement - CurrentYear = CurrentDateNoFilter.format(TodayDate): null

2018-10-19 11:44:58 - [TEST_STEP][PASSED] - Statement - CurrentYear = CurrentYear: null

2018-10-19 11:44:58 - [TEST_STEP][PASSED] - Statement - intCurrentYear = java.lang.Integer.parseInt(CurrentDateNoFilter.format(TodayDate)): null

2018-10-19 11:44:58 - [TEST_STEP][PASSED] - Statement - eighteenYrsAgo = intCurrentYear - 18: null

2018-10-19 11:44:58 - [TEST_STEP][PASSED] - Statement - eighteenYrsBeforeThisYr = eighteenYrsAgo.toString(): null

2018-10-19 11:44:58 - [TEST_STEP][PASSED] - Statement - EighteenYrsBefore = eighteenYrsBeforeThisYr: null

2018-10-19 11:44:58 - [TEST_STEP][PASSED] - Statement - fiftysevenYrsAgo = intCurrentYear - 57: null

2018-10-19 11:44:58 - [TEST_STEP][PASSED] - Statement - fiftysevenYrsBeforeThisYr = fiftysevenYrsAgo.toString(): null

2018-10-19 11:44:58 - [TEST_STEP][PASSED] - Statement - FiftysevenYrsBefore = fiftysevenYrsBeforeThisYr: null

2018-10-19 11:44:58 - [MESSAGE][PASSED] - Call Test Case 'Test Cases/Final Aug 2018 - PKS Automation/Registration Module/New Registration/Form 2/Date Updater' successfully

2018-10-19 11:44:58 - [TEST_STEP][PASSED] - delay: Delayed 1 second(s)

2018-10-19 11:44:59 - [MESSAGE][PASSED] - Delayed 1 second(s)

2018-10-19 11:44:59 - [TEST_STEP][PASSED] - Statement - CaseReferenceNo = com.kms.katalon.core.webui.keyword.WebUiBuiltInKeywords.getText(com.kms.katalon.core.testobject.ObjectRepository.findTestObject(Final Object Repo/New Registration - Registration Module Pages/Form 2/RefNo Acquiring)): Text of object 'Object Repository/Final Object Repo/New Registration - Registration Module Pages/Form 2/RefNo Acquiring' is: 'CRN10201800122244'

2018-10-19 11:44:59 - [MESSAGE][PASSED] - Text of object 'Object Repository/Final Object Repo/New Registration - Registration Module Pages/Form 2/RefNo Acquiring' is: 'CRN10201800122244'

2018-10-19 11:44:59 - [TEST_STEP][PASSED] - delay: Delayed 1 second(s)

2018-10-19 11:45:00 - [MESSAGE][PASSED] - Delayed 1 second(s)

2018-10-19 11:45:00 - [TEST_STEP][PASSED] - click: Object: 'Object Repository/Final Object Repo/New Registration - Registration Module Pages/Form 2/Add Employee Button' is clicked on

2018-10-19 11:45:00 - [MESSAGE][PASSED] - Object: 'Object Repository/Final Object Repo/New Registration - Registration Module Pages/Form 2/Add Employee Button' is clicked on

2018-10-19 11:45:00 - [TEST_STEP][PASSED] - delay: Delayed 1 second(s)

2018-10-19 11:45:01 - [MESSAGE][PASSED] - Delayed 1 second(s)

2018-10-19 11:45:01 - [TEST_STEP][PASSED] - setText: Text '010903091948' is set on object 'Object Repository/Final Object Repo/New Registration - Registration Module Pages/Form 2/NRIC Input'

2018-10-19 11:45:02 - [MESSAGE][PASSED] - Text '010903091948' is set on object 'Object Repository/Final Object Repo/New Registration - Registration Module Pages/Form 2/NRIC Input'

2018-10-19 11:45:02 - [TEST_STEP][PASSED] - delay: Delayed 2 second(s)

2018-10-19 11:45:04 - [MESSAGE][PASSED] - Delayed 2 second(s)

2018-10-19 11:45:04 - [TEST_STEP][PASSED] - setText: Text 'Automate001 eligible 1' is set on object 'Object Repository/Final Object Repo/New Registration - Registration Module Pages/Form 2/Employee Name Input'

2018-10-19 11:45:04 - [MESSAGE][PASSED] - Text 'Automate001 eligible 1' is set on object 'Object Repository/Final Object Repo/New Registration - Registration Module Pages/Form 2/Employee Name Input'

2018-10-19 11:45:04 - [TEST_STEP][PASSED] - delay: Delayed 2 second(s)

2018-10-19 11:45:06 - [MESSAGE][PASSED] - Delayed 2 second(s)

2018-10-19 11:45:06 - [TEST_STEP][PASSED] - click: Object: 'Object Repository/Final Object Repo/New Registration - Registration Module Pages/Form 2/DatePicker Pop Up' is clicked on

2018-10-19 11:45:06 - [MESSAGE][PASSED] - Object: 'Object Repository/Final Object Repo/New Registration - Registration Module Pages/Form 2/DatePicker Pop Up' is clicked on

2018-10-19 11:45:06 - [TEST_STEP][PASSED] - click: Object: 'Object Repository/Final Object Repo/New Registration - Registration Module Pages/Form 2/DOB Month' is clicked on

2018-10-19 11:45:06 - [MESSAGE][PASSED] - Object: 'Object Repository/Final Object Repo/New Registration - Registration Module Pages/Form 2/DOB Month' is clicked on

2018-10-19 11:45:06 - [TEST_STEP][PASSED] - Statement - CurrentMonth = CurrentMonth: null

2018-10-19 11:45:06 - [TEST_STEP][PASSED] - Statement - selectMonth = new com.kms.katalon.core.testobject.TestObject(): null

2018-10-19 11:45:06 - [TEST_STEP][PASSED] - Statement - selectMonth.addProperty("xpath", EQUALS, "//body/div/div/div/select/option[@value='" + CurrentMonth + "']", true): null

2018-10-19 11:45:06 - [TEST_STEP][PASSED] - click: Object: '' is clicked on

2018-10-19 11:45:07 - [MESSAGE][PASSED] - Object: '' is clicked on

2018-10-19 11:45:07 - [TEST_STEP][PASSED] - click: Object: 'Object Repository/Final Object Repo/New Registration - Registration Module Pages/Form 2/DOB Year' is clicked on

2018-10-19 11:45:07 - [MESSAGE][PASSED] - Object: 'Object Repository/Final Object Repo/New Registration - Registration Module Pages/Form 2/DOB Year' is clicked on

2018-10-19 11:45:07 - [TEST_STEP][PASSED] - Statement - Eyearsbf = EighteenYrsBefore: null

2018-10-19 11:45:07 - [TEST_STEP][PASSED] - Statement - selectYear = new com.kms.katalon.core.testobject.TestObject(): null

2018-10-19 11:45:07 - [TEST_STEP][PASSED] - Statement - selectYear.addProperty("xpath", EQUALS, "//div/div/div/select/option[@value='" + Eyearsbf + "']", true): null

2018-10-19 11:45:07 - [TEST_STEP][PASSED] - click: Object: '' is clicked on

2018-10-19 11:45:07 - [MESSAGE][PASSED] - Object: '' is clicked on

2018-10-19 11:45:07 - [TEST_STEP][PASSED] - Statement - UpdatedSelectDate = com.kms.katalon.core.webui.keyword.WebUiBuiltInKeywords.modifyObjectProperty(com.kms.katalon.core.testobject.ObjectRepository.findTestObject(Final Object Repo/New Registration - Registration Module Pages/Form 2/DOB Date), "xpath", "equals", "//body/div/table/tbody/tr/td/a[text()="" + CurrentDate + ""]", true): Modify property of object successfully

2018-10-19 11:45:07 - [MESSAGE][PASSED] - Modify property of object successfully

2018-10-19 11:45:07 - [TEST_STEP][PASSED] - delay: Delayed 3 second(s)

2018-10-19 11:45:10 - [MESSAGE][PASSED] - Delayed 3 second(s)

2018-10-19 11:45:10 - [TEST_STEP][PASSED] - click: Object: 'Object Repository/Final Object Repo/New Registration - Registration Module Pages/Form 2/DOB Date' is clicked on

2018-10-19 11:45:10 - [MESSAGE][PASSED] - Object: 'Object Repository/Final Object Repo/New Registration - Registration Module Pages/Form 2/DOB Date' is clicked on

2018-10-19 11:45:10 - [TEST_STEP][PASSED] - delay: Delayed 2 second(s)

2018-10-19 11:45:12 - [MESSAGE][PASSED] - Delayed 2 second(s)

2018-10-19 11:45:12 - [TEST_STEP][PASSED] - click: Object: 'Object Repository/Final Object Repo/New Registration - Registration Module Pages/Form 2/EmploymentStartDate Pop Up' is clicked on

2018-10-19 11:45:12 - [MESSAGE][PASSED] - Object: 'Object Repository/Final Object Repo/New Registration - Registration Module Pages/Form 2/EmploymentStartDate Pop Up' is clicked on

2018-10-19 11:45:12 - [TEST_STEP][PASSED] - delay: Delayed 2 second(s)

2018-10-19 11:45:14 - [MESSAGE][PASSED] - Delayed 2 second(s)

2018-10-19 11:45:14 - [TEST_STEP][PASSED] - click: Object: 'Object Repository/Final Object Repo/New Registration - Registration Module Pages/Form 2/Socso Employment StartDate Month' is clicked on

2018-10-19 11:45:14 - [MESSAGE][PASSED] - Object: 'Object Repository/Final Object Repo/New Registration - Registration Module Pages/Form 2/Socso Employment StartDate Month' is clicked on

2018-10-19 11:45:14 - [TEST_STEP][PASSED] - delay: Delayed 1 second(s)

2018-10-19 11:45:16 - [MESSAGE][PASSED] - Delayed 1 second(s)

2018-10-19 11:45:16 - [TEST_STEP][PASSED] - click: Object: 'Object Repository/Final Object Repo/New Registration - Registration Module Pages/Form 2/Select Socso Employement Startdate Month' is clicked on

2018-10-19 11:45:16 - [MESSAGE][PASSED] - Object: 'Object Repository/Final Object Repo/New Registration - Registration Module Pages/Form 2/Select Socso Employement Startdate Month' is clicked on

2018-10-19 11:45:16 - [TEST_STEP][PASSED] - delay: Delayed 2 second(s)

2018-10-19 11:45:18 - [MESSAGE][PASSED] - Delayed 2 second(s)

2018-10-19 11:45:18 - [TEST_STEP][PASSED] - click: Object: 'Object Repository/Final Object Repo/New Registration - Registration Module Pages/Form 2/Socso Employment StartDate Year' is clicked on

2018-10-19 11:45:18 - [MESSAGE][PASSED] - Object: 'Object Repository/Final Object Repo/New Registration - Registration Module Pages/Form 2/Socso Employment StartDate Year' is clicked on

2018-10-19 11:45:18 - [TEST_STEP][PASSED] - delay: Delayed 1 second(s)

2018-10-19 11:45:19 - [MESSAGE][PASSED] - Delayed 1 second(s)

2018-10-19 11:45:19 - [TEST_STEP][PASSED] - click: Object: 'Object Repository/Final Object Repo/New Registration - Registration Module Pages/Form 2/Select Socso Employment Startdate Year' is clicked on

2018-10-19 11:45:19 - [MESSAGE][PASSED] - Object: 'Object Repository/Final Object Repo/New Registration - Registration Module Pages/Form 2/Select Socso Employment Startdate Year' is clicked on

2018-10-19 11:45:19 - [TEST_STEP][PASSED] - delay: Delayed 2 second(s)

2018-10-19 11:45:21 - [MESSAGE][PASSED] - Delayed 2 second(s)

2018-10-19 11:45:21 - [TEST_STEP][PASSED] - click: Object: 'Object Repository/Final Object Repo/New Registration - Registration Module Pages/Form 2/Socso Employment Start Date Day' is clicked on

2018-10-19 11:45:21 - [MESSAGE][PASSED] - Object: 'Object Repository/Final Object Repo/New Registration - Registration Module Pages/Form 2/Socso Employment Start Date Day' is clicked on

2018-10-19 11:45:21 - [TEST_STEP][PASSED] - delay: Delayed 2 second(s)

2018-10-19 11:45:23 - [MESSAGE][PASSED] - Delayed 2 second(s)

2018-10-19 11:45:23 - [TEST_STEP][PASSED] - click: Object: 'Object Repository/Final Object Repo/New Registration - Registration Module Pages/Form 2/Save Button for Add Employee' is clicked on

2018-10-19 11:45:23 - [MESSAGE][PASSED] - Object: 'Object Repository/Final Object Repo/New Registration - Registration Module Pages/Form 2/Save Button for Add Employee' is clicked on

2018-10-19 11:45:23 - [TEST_STEP][PASSED] - delay: Delayed 6 second(s)

2018-10-19 11:45:29 - [MESSAGE][PASSED] - Delayed 6 second(s)

2018-10-19 11:45:29 - [TEST_STEP][PASSED] - click: Object: 'Object Repository/Final Object Repo/New Registration - Registration Module Pages/Form 2/Save and Continue Form 2' is clicked on

2018-10-19 11:45:30 - [MESSAGE][PASSED] - Object: 'Object Repository/Final Object Repo/New Registration - Registration Module Pages/Form 2/Save and Continue Form 2' is clicked on

2018-10-19 11:45:30 - [MESSAGE][PASSED] - Call Test Case 'Test Cases/Final Aug 2018 - PKS Automation/Registration Module/New Registration/Form 2/Add 1 Eligible - Employer Account Use' successfully

2018-10-19 11:45:30 - [TEST_STEP][PASSED] - callTestCase: Call Test Case 'Test Cases/Final Aug 2018 - PKS Automation/Registration Module/New Registration/Flow of New Registration/Third Screen - Upload Supporting Doc - Preview' successfully

2018-10-19 11:45:30 - [TEST_CASE][PASSED] - Test Cases/Final Aug 2018 - PKS Automation/Registration Module/New Registration/Flow of New Registration/Third Screen - Upload Supporting Doc - Preview: Test Cases/Final Aug 2018 - PKS Automation/Registration Module/New Registration/Flow of New Registration/Third Screen - Upload Supporting Doc - Preview

2018-10-19 11:45:30 - [TEST_STEP][PASSED] - waitForPageLoad: Wait for page load successfully

2018-10-19 11:45:31 - [MESSAGE][PASSED] - Wait for page load successfully

2018-10-19 11:45:31 - [TEST_STEP][PASSED] - Statement - CaseReferenceNo = com.kms.katalon.core.webui.keyword.WebUiBuiltInKeywords.getText(com.kms.katalon.core.testobject.ObjectRepository.findTestObject(Final Object Repo/New Registration - Registration Module Pages/Third Screen - Upload Supporting Doc- Preview/RefNo Acquiring)): Text of object 'Object Repository/Final Object Repo/New Registration - Registration Module Pages/Third Screen - Upload Supporting Doc- Preview/RefNo Acquiring' is: 'CRN10201800122244'

2018-10-19 11:45:31 - [MESSAGE][PASSED] - Text of object 'Object Repository/Final Object Repo/New Registration - Registration Module Pages/Third Screen - Upload Supporting Doc- Preview/RefNo Acquiring' is: 'CRN10201800122244'

2018-10-19 11:45:31 - [TEST_STEP][PASSED] - delay: Delayed 2 second(s)

2018-10-19 11:45:33 - [MESSAGE][PASSED] - Delayed 2 second(s)

2018-10-19 11:45:33 - [TEST_STEP][PASSED] - callTestCase: Call Test Case 'Test Cases/Final Aug 2018 - PKS Automation/Common/Reference Number Setter' successfully

2018-10-19 11:45:33 - [TEST_CASE][PASSED] - Test Cases/Final Aug 2018 - PKS Automation/Common/Reference Number Setter: Test Cases/Final Aug 2018 - PKS Automation/Common/Reference Number Setter

2018-10-19 11:45:33 - [TEST_STEP][PASSED] - Statement - RefNoOldFile = new java.io.File(C://KatalonReference.txt): null

2018-10-19 11:45:33 - [TEST_STEP][PASSED] - Statement - RefNoOldFile.delete(): null

2018-10-19 11:45:33 - [TEST_STEP][PASSED] - Statement - RefNo = new java.io.File(C://KatalonReference.txt): null

2018-10-19 11:45:33 - [TEST_STEP][PASSED] - Statement - RefNo.append(CaseReferenceNo): null

2018-10-19 11:45:33 - [TEST_STEP][PASSED] - Statement - out.println("


" + CaseReferenceNo + "


"): null

2018-10-19 11:45:33 - [MESSAGE][PASSED] - Call Test Case 'Test Cases/Final Aug 2018 - PKS Automation/Common/Reference Number Setter' successfully

2018-10-19 11:45:33 - [TEST_STEP][PASSED] - waitForElementClickable: Object 'Object Repository/Final Object Repo/New Registration - Registration Module Pages/Third Screen - Upload Supporting Doc- Preview/Save n Continue in SIP Employee Listing Page' is clickable

2018-10-19 11:45:33 - [MESSAGE][PASSED] - Object 'Object Repository/Final Object Repo/New Registration - Registration Module Pages/Third Screen - Upload Supporting Doc- Preview/Save n Continue in SIP Employee Listing Page' is clickable

2018-10-19 11:45:33 - [TEST_STEP][PASSED] - click: Object: 'Object Repository/Final Object Repo/New Registration - Registration Module Pages/Third Screen - Upload Supporting Doc- Preview/Save n Continue in SIP Employee Listing Page' is clicked on

2018-10-19 11:45:39 - [MESSAGE][PASSED] - Object: 'Object Repository/Final Object Repo/New Registration - Registration Module Pages/Third Screen - Upload Supporting Doc- Preview/Save n Continue in SIP Employee Listing Page' is clicked on

2018-10-19 11:45:39 - [TEST_STEP][PASSED] - delay: Delayed 6 second(s)

2018-10-19 11:45:45 - [MESSAGE][PASSED] - Delayed 6 second(s)

2018-10-19 11:45:45 - [TEST_STEP][PASSED] - click: Object: 'Object Repository/Final Object Repo/New Registration - Registration Module Pages/Third Screen - Upload Supporting Doc- Preview/Add Document Button' is clicked on

2018-10-19 11:45:45 - [MESSAGE][PASSED] - Object: 'Object Repository/Final Object Repo/New Registration - Registration Module Pages/Third Screen - Upload Supporting Doc- Preview/Add Document Button' is clicked on

2018-10-19 11:45:45 - [TEST_STEP][PASSED] - waitForElementClickable: Object 'Object Repository/Final Object Repo/New Registration - Registration Module Pages/Third Screen - Upload Supporting Doc- Preview/Supporting Doc Please Select Drop Down' is clickable

2018-10-19 11:45:48 - [MESSAGE][PASSED] - Object 'Object Repository/Final Object Repo/New Registration - Registration Module Pages/Third Screen - Upload Supporting Doc- Preview/Supporting Doc Please Select Drop Down' is clickable

2018-10-19 11:45:48 - [TEST_STEP][PASSED] - click: Object: 'Object Repository/Final Object Repo/New Registration - Registration Module Pages/Third Screen - Upload Supporting Doc- Preview/Supporting Doc Please Select Drop Down' is clicked on

2018-10-19 11:45:49 - [MESSAGE][PASSED] - Object: 'Object Repository/Final Object Repo/New Registration - Registration Module Pages/Third Screen - Upload Supporting Doc- Preview/Supporting Doc Please Select Drop Down' is clicked on

2018-10-19 11:45:49 - [TEST_STEP][PASSED] - delay: Delayed 2 second(s)

2018-10-19 11:45:51 - [MESSAGE][PASSED] - Delayed 2 second(s)

2018-10-19 11:45:51 - [TEST_STEP][PASSED] - click: Object: 'Object Repository/Final Object Repo/New Registration - Registration Module Pages/Third Screen - Upload Supporting Doc- Preview/Select to Upload Form 1' is clicked on

2018-10-19 11:45:51 - [MESSAGE][PASSED] - Object: 'Object Repository/Final Object Repo/New Registration - Registration Module Pages/Third Screen - Upload Supporting Doc- Preview/Select to Upload Form 1' is clicked on

2018-10-19 11:45:51 - [TEST_STEP][PASSED] - delay: Delayed 2 second(s)

2018-10-19 11:45:53 - [MESSAGE][PASSED] - Delayed 2 second(s)

2018-10-19 11:45:53 - [TEST_STEP][PASSED] - uploadFile: File 'C:\Users\Public\Pictures\Sample Pictures\Act.jpg' sent to object: 'Object Repository/Final Object Repo/New Registration - Registration Module Pages/Third Screen - Upload Supporting Doc- Preview/Upload File Adding'

2018-10-19 11:45:53 - [MESSAGE][PASSED] - File 'C:\Users\Public\Pictures\Sample Pictures\Act.jpg' sent to object: 'Object Repository/Final Object Repo/New Registration - Registration Module Pages/Third Screen - Upload Supporting Doc- Preview/Upload File Adding'

2018-10-19 11:45:53 - [TEST_STEP][PASSED] - delay: Delayed 5 second(s)

2018-10-19 11:45:58 - [MESSAGE][PASSED] - Delayed 5 second(s)

2018-10-19 11:45:58 - [TEST_STEP][PASSED] - click: Object: 'Object Repository/Final Object Repo/New Registration - Registration Module Pages/Third Screen - Upload Supporting Doc- Preview/Inner Form Add Document Button' is clicked on

2018-10-19 11:45:58 - [MESSAGE][PASSED] - Object: 'Object Repository/Final Object Repo/New Registration - Registration Module Pages/Third Screen - Upload Supporting Doc- Preview/Inner Form Add Document Button' is clicked on

2018-10-19 11:45:58 - [TEST_STEP][PASSED] - delay: Delayed 3 second(s)

2018-10-19 11:46:01 - [MESSAGE][PASSED] - Delayed 3 second(s)

2018-10-19 11:46:01 - [TEST_STEP][PASSED] - click: Object: 'Object Repository/Final Object Repo/New Registration - Registration Module Pages/Third Screen - Upload Supporting Doc- Preview/Add Document Button' is clicked on

2018-10-19 11:46:03 - [MESSAGE][PASSED] - Object: 'Object Repository/Final Object Repo/New Registration - Registration Module Pages/Third Screen - Upload Supporting Doc- Preview/Add Document Button' is clicked on

2018-10-19 11:46:03 - [TEST_STEP][PASSED] - waitForElementClickable: Object 'Object Repository/Final Object Repo/New Registration - Registration Module Pages/Third Screen - Upload Supporting Doc- Preview/Supporting Doc Please Select Drop Down' is clickable

2018-10-19 11:46:06 - [MESSAGE][PASSED] - Object 'Object Repository/Final Object Repo/New Registration - Registration Module Pages/Third Screen - Upload Supporting Doc- Preview/Supporting Doc Please Select Drop Down' is clickable

2018-10-19 11:46:06 - [TEST_STEP][PASSED] - click: Object: 'Object Repository/Final Object Repo/New Registration - Registration Module Pages/Third Screen - Upload Supporting Doc- Preview/Supporting Doc Please Select Drop Down' is clicked on

2018-10-19 11:46:07 - [MESSAGE][PASSED] - Object: 'Object Repository/Final Object Repo/New Registration - Registration Module Pages/Third Screen - Upload Supporting Doc- Preview/Supporting Doc Please Select Drop Down' is clicked on

2018-10-19 11:46:07 - [TEST_STEP][PASSED] - delay: Delayed 2 second(s)

2018-10-19 11:46:09 - [MESSAGE][PASSED] - Delayed 2 second(s)

2018-10-19 11:46:09 - [TEST_STEP][PASSED] - click: Object: 'Object Repository/Final Object Repo/New Registration - Registration Module Pages/Third Screen - Upload Supporting Doc- Preview/Select to Upload Form 2' is clicked on

2018-10-19 11:46:09 - [MESSAGE][PASSED] - Object: 'Object Repository/Final Object Repo/New Registration - Registration Module Pages/Third Screen - Upload Supporting Doc- Preview/Select to Upload Form 2' is clicked on

2018-10-19 11:46:09 - [TEST_STEP][PASSED] - delay: Delayed 2 second(s)

2018-10-19 11:46:11 - [MESSAGE][PASSED] - Delayed 2 second(s)

2018-10-19 11:46:11 - [TEST_STEP][PASSED] - uploadFile: File 'C:\Users\Public\Pictures\Sample Pictures\Act.jpg' sent to object: 'Object Repository/Final Object Repo/New Registration - Registration Module Pages/Third Screen - Upload Supporting Doc- Preview/Upload File Adding'

2018-10-19 11:46:11 - [MESSAGE][PASSED] - File 'C:\Users\Public\Pictures\Sample Pictures\Act.jpg' sent to object: 'Object Repository/Final Object Repo/New Registration - Registration Module Pages/Third Screen - Upload Supporting Doc- Preview/Upload File Adding'

2018-10-19 11:46:11 - [TEST_STEP][PASSED] - click: Object: 'Object Repository/Final Object Repo/New Registration - Registration Module Pages/Third Screen - Upload Supporting Doc- Preview/Inner Form Add Document Button' is clicked on

2018-10-19 11:46:11 - [MESSAGE][PASSED] - Object: 'Object Repository/Final Object Repo/New Registration - Registration Module Pages/Third Screen - Upload Supporting Doc- Preview/Inner Form Add Document Button' is clicked on

2018-10-19 11:46:11 - [TEST_STEP][PASSED] - delay: Delayed 4 second(s)

2018-10-19 11:46:15 - [MESSAGE][PASSED] - Delayed 4 second(s)

2018-10-19 11:46:15 - [TEST_STEP][PASSED] - click: Object: 'Object Repository/Final Object Repo/New Registration - Registration Module Pages/Third Screen - Upload Supporting Doc- Preview/Add Document Button' is clicked on

2018-10-19 11:46:17 - [MESSAGE][PASSED] - Object: 'Object Repository/Final Object Repo/New Registration - Registration Module Pages/Third Screen - Upload Supporting Doc- Preview/Add Document Button' is clicked on

2018-10-19 11:46:17 - [TEST_STEP][PASSED] - waitForElementClickable: Object 'Object Repository/Final Object Repo/New Registration - Registration Module Pages/Third Screen - Upload Supporting Doc- Preview/Supporting Doc Please Select Drop Down' is clickable

2018-10-19 11:46:20 - [MESSAGE][PASSED] - Object 'Object Repository/Final Object Repo/New Registration - Registration Module Pages/Third Screen - Upload Supporting Doc- Preview/Supporting Doc Please Select Drop Down' is clickable

2018-10-19 11:46:20 - [TEST_STEP][PASSED] - click: Object: 'Object Repository/Final Object Repo/New Registration - Registration Module Pages/Third Screen - Upload Supporting Doc- Preview/Supporting Doc Please Select Drop Down' is clicked on

2018-10-19 11:46:20 - [MESSAGE][PASSED] - Object: 'Object Repository/Final Object Repo/New Registration - Registration Module Pages/Third Screen - Upload Supporting Doc- Preview/Supporting Doc Please Select Drop Down' is clicked on

2018-10-19 11:46:20 - [TEST_STEP][PASSED] - click: Object: 'Object Repository/Final Object Repo/New Registration - Registration Module Pages/Third Screen - Upload Supporting Doc- Preview/Select to Upload Borang SIP 1' is clicked on

2018-10-19 11:46:20 - [MESSAGE][PASSED] - Object: 'Object Repository/Final Object Repo/New Registration - Registration Module Pages/Third Screen - Upload Supporting Doc- Preview/Select to Upload Borang SIP 1' is clicked on

2018-10-19 11:46:20 - [TEST_STEP][PASSED] - delay: Delayed 2 second(s)

2018-10-19 11:46:22 - [MESSAGE][PASSED] - Delayed 2 second(s)

2018-10-19 11:46:22 - [TEST_STEP][PASSED] - uploadFile: File 'C:\Users\Public\Pictures\Sample Pictures\Act.jpg' sent to object: 'Object Repository/Final Object Repo/New Registration - Registration Module Pages/Third Screen - Upload Supporting Doc- Preview/Upload File Adding'

2018-10-19 11:46:22 - [MESSAGE][PASSED] - File 'C:\Users\Public\Pictures\Sample Pictures\Act.jpg' sent to object: 'Object Repository/Final Object Repo/New Registration - Registration Module Pages/Third Screen - Upload Supporting Doc- Preview/Upload File Adding'

2018-10-19 11:46:22 - [TEST_STEP][PASSED] - click: Object: 'Object Repository/Final Object Repo/New Registration - Registration Module Pages/Third Screen - Upload Supporting Doc- Preview/Inner Form Add Document Button' is clicked on

2018-10-19 11:46:23 - [MESSAGE][PASSED] - Object: 'Object Repository/Final Object Repo/New Registration - Registration Module Pages/Third Screen - Upload Supporting Doc- Preview/Inner Form Add Document Button' is clicked on

2018-10-19 11:46:23 - [TEST_STEP][PASSED] - delay: Delayed 5 second(s)

2018-10-19 11:46:28 - [MESSAGE][PASSED] - Delayed 5 second(s)

2018-10-19 11:46:28 - [TEST_STEP][PASSED] - click: Object: 'Object Repository/Final Object Repo/New Registration - Registration Module Pages/Third Screen - Upload Supporting Doc- Preview/Add Document Button' is clicked on

2018-10-19 11:46:28 - [MESSAGE][PASSED] - Object: 'Object Repository/Final Object Repo/New Registration - Registration Module Pages/Third Screen - Upload Supporting Doc- Preview/Add Document Button' is clicked on

2018-10-19 11:46:28 - [TEST_STEP][PASSED] - waitForElementClickable: Object 'Object Repository/Final Object Repo/New Registration - Registration Module Pages/Third Screen - Upload Supporting Doc- Preview/Supporting Doc Please Select Drop Down' is clickable

2018-10-19 11:46:31 - [MESSAGE][PASSED] - Object 'Object Repository/Final Object Repo/New Registration - Registration Module Pages/Third Screen - Upload Supporting Doc- Preview/Supporting Doc Please Select Drop Down' is clickable

2018-10-19 11:46:31 - [TEST_STEP][PASSED] - click: Object: 'Object Repository/Final Object Repo/New Registration - Registration Module Pages/Third Screen - Upload Supporting Doc- Preview/Supporting Doc Please Select Drop Down' is clicked on

2018-10-19 11:46:32 - [MESSAGE][PASSED] - Object: 'Object Repository/Final Object Repo/New Registration - Registration Module Pages/Third Screen - Upload Supporting Doc- Preview/Supporting Doc Please Select Drop Down' is clicked on

2018-10-19 11:46:32 - [TEST_STEP][PASSED] - delay: Delayed 3 second(s)

2018-10-19 11:46:35 - [MESSAGE][PASSED] - Delayed 3 second(s)

2018-10-19 11:46:35 - [TEST_STEP][PASSED] - click: Object: 'Object Repository/Final Object Repo/New Registration - Registration Module Pages/Third Screen - Upload Supporting Doc- Preview/Select to Upload Borang SIP 2' is clicked on

2018-10-19 11:46:35 - [MESSAGE][PASSED] - Object: 'Object Repository/Final Object Repo/New Registration - Registration Module Pages/Third Screen - Upload Supporting Doc- Preview/Select to Upload Borang SIP 2' is clicked on

2018-10-19 11:46:35 - [TEST_STEP][PASSED] - delay: Delayed 2 second(s)

2018-10-19 11:46:37 - [MESSAGE][PASSED] - Delayed 2 second(s)

2018-10-19 11:46:37 - [TEST_STEP][PASSED] - uploadFile: File 'C:\Users\Public\Pictures\Sample Pictures\Act.jpg' sent to object: 'Object Repository/Final Object Repo/New Registration - Registration Module Pages/Third Screen - Upload Supporting Doc- Preview/Upload File Adding'

2018-10-19 11:46:37 - [MESSAGE][PASSED] - File 'C:\Users\Public\Pictures\Sample Pictures\Act.jpg' sent to object: 'Object Repository/Final Object Repo/New Registration - Registration Module Pages/Third Screen - Upload Supporting Doc- Preview/Upload File Adding'

2018-10-19 11:46:37 - [TEST_STEP][PASSED] - delay: Delayed 5 second(s)

2018-10-19 11:46:42 - [MESSAGE][PASSED] - Delayed 5 second(s)

2018-10-19 11:46:42 - [TEST_STEP][PASSED] - click: Object: 'Object Repository/Final Object Repo/New Registration - Registration Module Pages/Third Screen - Upload Supporting Doc- Preview/Inner Form Add Document Button' is clicked on

2018-10-19 11:46:42 - [MESSAGE][PASSED] - Object: 'Object Repository/Final Object Repo/New Registration - Registration Module Pages/Third Screen - Upload Supporting Doc- Preview/Inner Form Add Document Button' is clicked on

2018-10-19 11:46:42 - [TEST_STEP][PASSED] - delay: Delayed 3 second(s)

2018-10-19 11:46:45 - [MESSAGE][PASSED] - Delayed 3 second(s)

2018-10-19 11:46:45 - [TEST_STEP][PASSED] - waitForElementClickable: Object 'Object Repository/Final Object Repo/New Registration - Registration Module Pages/Third Screen - Upload Supporting Doc- Preview/Save n Continue in Uploading Supporting Doc Page' is clickable

2018-10-19 11:46:47 - [MESSAGE][PASSED] - Object 'Object Repository/Final Object Repo/New Registration - Registration Module Pages/Third Screen - Upload Supporting Doc- Preview/Save n Continue in Uploading Supporting Doc Page' is clickable

2018-10-19 11:46:47 - [TEST_STEP][PASSED] - click: Object: 'Object Repository/Final Object Repo/New Registration - Registration Module Pages/Third Screen - Upload Supporting Doc- Preview/Save n Continue in Uploading Supporting Doc Page' is clicked on

2018-10-19 11:46:47 - [MESSAGE][PASSED] - Object: 'Object Repository/Final Object Repo/New Registration - Registration Module Pages/Third Screen - Upload Supporting Doc- Preview/Save n Continue in Uploading Supporting Doc Page' is clicked on

2018-10-19 11:46:47 - [MESSAGE][PASSED] - Call Test Case 'Test Cases/Final Aug 2018 - PKS Automation/Registration Module/New Registration/Flow of New Registration/Third Screen - Upload Supporting Doc - Preview' successfully

2018-10-19 11:46:47 - [TEST_STEP][PASSED] - setText: Text 'Tester' is set on object 'Object Repository/Final Object Repo/New Registration - Registration Module Pages/New Reg - OTC to RO/Special Case - All Related Objects/Employer Preview Name'

2018-10-19 11:46:52 - [MESSAGE][PASSED] - Text 'Tester' is set on object 'Object Repository/Final Object Repo/New Registration - Registration Module Pages/New Reg - OTC to RO/Special Case - All Related Objects/Employer Preview Name'

2018-10-19 11:46:52 - [TEST_STEP][PASSED] - click: Object: 'Object Repository/Final Object Repo/New Registration - Registration Module Pages/New Reg - OTC to RO/Special Case - All Related Objects/IC Type Drop Down' is clicked on

2018-10-19 11:46:52 - [MESSAGE][PASSED] - Object: 'Object Repository/Final Object Repo/New Registration - Registration Module Pages/New Reg - OTC to RO/Special Case - All Related Objects/IC Type Drop Down' is clicked on

2018-10-19 11:46:52 - [TEST_STEP][PASSED] - click: Object: 'Object Repository/Final Object Repo/New Registration - Registration Module Pages/New Reg - OTC to RO/Special Case - All Related Objects/Select to NRIC' is clicked on

2018-10-19 11:46:52 - [MESSAGE][PASSED] - Object: 'Object Repository/Final Object Repo/New Registration - Registration Module Pages/New Reg - OTC to RO/Special Case - All Related Objects/Select to NRIC' is clicked on

2018-10-19 11:46:52 - [TEST_STEP][PASSED] - setText: Text '133245561223' is set on object 'Object Repository/Final Object Repo/New Registration - Registration Module Pages/New Reg - OTC to RO/Special Case - All Related Objects/IC Value'

2018-10-19 11:46:53 - [MESSAGE][PASSED] - Text '133245561223' is set on object 'Object Repository/Final Object Repo/New Registration - Registration Module Pages/New Reg - OTC to RO/Special Case - All Related Objects/IC Value'

2018-10-19 11:46:53 - [TEST_STEP][PASSED] - setText: Text 'Auto' is set on object 'Object Repository/Final Object Repo/New Registration - Registration Module Pages/New Reg - OTC to RO/Special Case - All Related Objects/Designation'

2018-10-19 11:46:53 - [MESSAGE][PASSED] - Text 'Auto' is set on object 'Object Repository/Final Object Repo/New Registration - Registration Module Pages/New Reg - OTC to RO/Special Case - All Related Objects/Designation'

2018-10-19 11:46:53 - [TEST_STEP][PASSED] - callTestCase: Call Test Case 'Test Cases/Final Aug 2018 - PKS Automation/Registration Module/New Registration/Submit and Screenshot/Submit Registration and Screenshot - Copy' successfully

2018-10-19 11:46:53 - [TEST_CASE][PASSED] - Test Cases/Final Aug 2018 - PKS Automation/Registration Module/New Registration/Submit and Screenshot/Submit Registration and Screenshot - Copy: Test Cases/Final Aug 2018 - PKS Automation/Registration Module/New Registration/Submit and Screenshot/Submit Registration and Screenshot - Copy

2018-10-19 11:46:53 - [TEST_STEP][PASSED] - delay: Delayed 6 second(s)

2018-10-19 11:46:59 - [MESSAGE][PASSED] - Delayed 6 second(s)

2018-10-19 11:46:59 - [TEST_STEP][PASSED] - click: Object: 'Object Repository/Final Object Repo/New Registration - Registration Module Pages/Third Screen - Upload Supporting Doc- Preview/Preview Submit Button' is clicked on

2018-10-19 11:46:59 - [MESSAGE][PASSED] - Object: 'Object Repository/Final Object Repo/New Registration - Registration Module Pages/Third Screen - Upload Supporting Doc- Preview/Preview Submit Button' is clicked on

2018-10-19 11:46:59 - [TEST_STEP][PASSED] - delay: Delayed 2 second(s)

2018-10-19 11:47:01 - [MESSAGE][PASSED] - Delayed 2 second(s)

2018-10-19 11:47:01 - [TEST_STEP][PASSED] - click: Object: 'Object Repository/Final Object Repo/New Registration - Registration Module Pages/Third Screen - Upload Supporting Doc- Preview/Preview Submit - Confirm' is clicked on

2018-10-19 11:47:01 - [MESSAGE][PASSED] - Object: 'Object Repository/Final Object Repo/New Registration - Registration Module Pages/Third Screen - Upload Supporting Doc- Preview/Preview Submit - Confirm' is clicked on

2018-10-19 11:47:01 - [TEST_STEP][PASSED] - delay: Delayed 15 second(s)

2018-10-19 11:47:16 - [MESSAGE][PASSED] - Delayed 15 second(s)

2018-10-19 11:47:16 - [TEST_STEP][PASSED] - Statement - driver = com.kms.katalon.core.webui.driver.DriverFactory.getWebDriver(): null

2018-10-19 11:47:16 - [TEST_STEP][PASSED] - Statement - driver.manage().timeouts().implicitlyWait(10, SECONDS): null

2018-10-19 11:47:16 - [TEST_STEP][PASSED] - Statement - PresavePath = KatalonScreenshots: null

2018-10-19 11:47:16 - [TEST_STEP][PASSED] - Statement - pathPrefix = "C:\Users\Public\Pictures\Sample Pictures\Katalon Screenshots\Automate Ending Screen": null

2018-10-19 11:47:16 - [TEST_STEP][PASSED] - Statement - finalPath = <not implemented yet for class: org.codehaus.groovy.ast.expr.EmptyExpression>: null

2018-10-19 11:47:16 - [TEST_STEP][PASSED] - Statement - scrFile = driver.getScreenshotAs(FILE): null

2018-10-19 11:47:17 - [TEST_STEP][PASSED] - Statement - PreSaveFile = new java.io.File(PresavePath): null

2018-10-19 11:47:17 - [TEST_STEP][PASSED] - Statement - counter = 0: null

2018-10-19 11:47:17 - [TEST_STEP][PASSED] - Statement - If (PreSaveFile.exists()): null

2018-10-19 11:47:17 - [TEST_STEP][PASSED] - Statement - While (PreSaveFile.exists()): null

2018-10-19 11:47:17 - [TEST_STEP][PASSED] - Statement - counter = counter + 1: null

2018-10-19 11:47:17 - [TEST_STEP][PASSED] - Statement - PreSaveFile = new java.io.File(((pathPrefix + java.lang.Integer.toString(counter)) + .png)): null

2018-10-19 11:47:17 - [TEST_STEP][PASSED] - Statement - counter = counter + 1: null

2018-10-19 11:47:17 - [TEST_STEP][PASSED] - Statement - PreSaveFile = new java.io.File(((pathPrefix + java.lang.Integer.toString(counter)) + .png)): null

2018-10-19 11:47:17 - [TEST_STEP][PASSED] - Statement - counter = counter + 1: null

2018-10-19 11:47:17 - [TEST_STEP][PASSED] - Statement - PreSaveFile = new java.io.File(((pathPrefix + java.lang.Integer.toString(counter)) + .png)): null

2018-10-19 11:47:17 - [TEST_STEP][PASSED] - Statement - counter = counter + 1: null

2018-10-19 11:47:17 - [TEST_STEP][PASSED] - Statement - PreSaveFile = new java.io.File(((pathPrefix + java.lang.Integer.toString(counter)) + .png)): null

2018-10-19 11:47:17 - [TEST_STEP][PASSED] - Statement - counter = counter + 1: null

2018-10-19 11:47:17 - [TEST_STEP][PASSED] - Statement - PreSaveFile = new java.io.File(((pathPrefix + java.lang.Integer.toString(counter)) + .png)): null

2018-10-19 11:47:17 - [TEST_STEP][PASSED] - Statement - counter = counter + 1: null

2018-10-19 11:47:17 - [TEST_STEP][PASSED] - Statement - PreSaveFile = new java.io.File(((pathPrefix + java.lang.Integer.toString(counter)) + .png)): null

2018-10-19 11:47:17 - [TEST_STEP][PASSED] - Statement - counter = counter + 1: null

2018-10-19 11:47:17 - [TEST_STEP][PASSED] - Statement - PreSaveFile = new java.io.File(((pathPrefix + java.lang.Integer.toString(counter)) + .png)): null

2018-10-19 11:47:17 - [TEST_STEP][PASSED] - Statement - counter = counter + 1: null

2018-10-19 11:47:17 - [TEST_STEP][PASSED] - Statement - PreSaveFile = new java.io.File(((pathPrefix + java.lang.Integer.toString(counter)) + .png)): null

2018-10-19 11:47:17 - [TEST_STEP][PASSED] - Statement - counter = counter + 1: null

2018-10-19 11:47:17 - [TEST_STEP][PASSED] - Statement - PreSaveFile = new java.io.File(((pathPrefix + java.lang.Integer.toString(counter)) + .png)): null

2018-10-19 11:47:17 - [TEST_STEP][PASSED] - Statement - counter = counter + 1: null

2018-10-19 11:47:17 - [TEST_STEP][PASSED] - Statement - PreSaveFile = new java.io.File(((pathPrefix + java.lang.Integer.toString(counter)) + .png)): null

2018-10-19 11:47:17 - [TEST_STEP][PASSED] - Statement - counter = counter + 1: null

2018-10-19 11:47:17 - [TEST_STEP][PASSED] - Statement - PreSaveFile = new java.io.File(((pathPrefix + java.lang.Integer.toString(counter)) + .png)): null

2018-10-19 11:47:17 - [TEST_STEP][PASSED] - Statement - counter = counter + 1: null

2018-10-19 11:47:17 - [TEST_STEP][PASSED] - Statement - PreSaveFile = new java.io.File(((pathPrefix + java.lang.Integer.toString(counter)) + .png)): null

2018-10-19 11:47:17 - [TEST_STEP][PASSED] - Statement - counter = counter + 1: null

2018-10-19 11:47:17 - [TEST_STEP][PASSED] - Statement - PreSaveFile = new java.io.File(((pathPrefix + java.lang.Integer.toString(counter)) + .png)): null

2018-10-19 11:47:17 - [TEST_STEP][PASSED] - Statement - counter = counter + 1: null

2018-10-19 11:47:17 - [TEST_STEP][PASSED] - Statement - PreSaveFile = new java.io.File(((pathPrefix + java.lang.Integer.toString(counter)) + .png)): null

2018-10-19 11:47:17 - [TEST_STEP][PASSED] - Statement - counter = counter + 1: null

2018-10-19 11:47:17 - [TEST_STEP][PASSED] - Statement - PreSaveFile = new java.io.File(((pathPrefix + java.lang.Integer.toString(counter)) + .png)): null

2018-10-19 11:47:17 - [TEST_STEP][PASSED] - Statement - counter = counter + 1: null

2018-10-19 11:47:17 - [TEST_STEP][PASSED] - Statement - PreSaveFile = new java.io.File(((pathPrefix + java.lang.Integer.toString(counter)) + .png)): null

2018-10-19 11:47:17 - [TEST_STEP][PASSED] - Statement - counter = counter + 1: null

2018-10-19 11:47:17 - [TEST_STEP][PASSED] - Statement - PreSaveFile = new java.io.File(((pathPrefix + java.lang.Integer.toString(counter)) + .png)): null

2018-10-19 11:47:17 - [TEST_STEP][PASSED] - Statement - counter = counter + 1: null

2018-10-19 11:47:17 - [TEST_STEP][PASSED] - Statement - PreSaveFile = new java.io.File(((pathPrefix + java.lang.Integer.toString(counter)) + .png)): null

2018-10-19 11:47:17 - [TEST_STEP][PASSED] - Statement - counter = counter + 1: null

2018-10-19 11:47:17 - [TEST_STEP][PASSED] - Statement - PreSaveFile = new java.io.File(((pathPrefix + java.lang.Integer.toString(counter)) + .png)): null

2018-10-19 11:47:17 - [TEST_STEP][PASSED] - Statement - counter = counter + 1: null

2018-10-19 11:47:17 - [TEST_STEP][PASSED] - Statement - PreSaveFile = new java.io.File(((pathPrefix + java.lang.Integer.toString(counter)) + .png)): null

2018-10-19 11:47:17 - [TEST_STEP][PASSED] - Statement - counter = counter + 1: null

2018-10-19 11:47:17 - [TEST_STEP][PASSED] - Statement - PreSaveFile = new java.io.File(((pathPrefix + java.lang.Integer.toString(counter)) + .png)): null

2018-10-19 11:47:17 - [TEST_STEP][PASSED] - Statement - counter = counter + 1: null

2018-10-19 11:47:17 - [TEST_STEP][PASSED] - Statement - PreSaveFile = new java.io.File(((pathPrefix + java.lang.Integer.toString(counter)) + .png)): null

2018-10-19 11:47:17 - [TEST_STEP][PASSED] - Statement - counter = counter + 1: null

2018-10-19 11:47:17 - [TEST_STEP][PASSED] - Statement - PreSaveFile = new java.io.File(((pathPrefix + java.lang.Integer.toString(counter)) + .png)): null

2018-10-19 11:47:17 - [TEST_STEP][PASSED] - Statement - counter = counter + 1: null

2018-10-19 11:47:17 - [TEST_STEP][PASSED] - Statement - PreSaveFile = new java.io.File(((pathPrefix + java.lang.Integer.toString(counter)) + .png)): null

2018-10-19 11:47:17 - [TEST_STEP][PASSED] - Statement - counter = counter + 1: null

2018-10-19 11:47:17 - [TEST_STEP][PASSED] - Statement - PreSaveFile = new java.io.File(((pathPrefix + java.lang.Integer.toString(counter)) + .png)): null

2018-10-19 11:47:17 - [TEST_STEP][PASSED] - Statement - counter = counter + 1: null

2018-10-19 11:47:17 - [TEST_STEP][PASSED] - Statement - PreSaveFile = new java.io.File(((pathPrefix + java.lang.Integer.toString(counter)) + .png)): null

2018-10-19 11:47:17 - [TEST_STEP][PASSED] - Statement - counter = counter + 1: null

2018-10-19 11:47:17 - [TEST_STEP][PASSED] - Statement - PreSaveFile = new java.io.File(((pathPrefix + java.lang.Integer.toString(counter)) + .png)): null

2018-10-19 11:47:17 - [TEST_STEP][PASSED] - Statement - counter = counter + 1: null

2018-10-19 11:47:17 - [TEST_STEP][PASSED] - Statement - PreSaveFile = new java.io.File(((pathPrefix + java.lang.Integer.toString(counter)) + .png)): null

2018-10-19 11:47:17 - [TEST_STEP][PASSED] - Statement - counter = counter + 1: null

2018-10-19 11:47:17 - [TEST_STEP][PASSED] - Statement - PreSaveFile = new java.io.File(((pathPrefix + java.lang.Integer.toString(counter)) + .png)): null

2018-10-19 11:47:17 - [TEST_STEP][PASSED] - Statement - counter = counter + 1: null

2018-10-19 11:47:17 - [TEST_STEP][PASSED] - Statement - PreSaveFile = new java.io.File(((pathPrefix + java.lang.Integer.toString(counter)) + .png)): null

2018-10-19 11:47:17 - [TEST_STEP][PASSED] - Statement - counter = counter + 1: null

2018-10-19 11:47:17 - [TEST_STEP][PASSED] - Statement - PreSaveFile = new java.io.File(((pathPrefix + java.lang.Integer.toString(counter)) + .png)): null

2018-10-19 11:47:17 - [TEST_STEP][PASSED] - Statement - counter = counter + 1: null

2018-10-19 11:47:17 - [TEST_STEP][PASSED] - Statement - PreSaveFile = new java.io.File(((pathPrefix + java.lang.Integer.toString(counter)) + .png)): null

2018-10-19 11:47:17 - [TEST_STEP][PASSED] - Statement - counter = counter + 1: null

2018-10-19 11:47:17 - [TEST_STEP][PASSED] - Statement - PreSaveFile = new java.io.File(((pathPrefix + java.lang.Integer.toString(counter)) + .png)): null

2018-10-19 11:47:17 - [TEST_STEP][PASSED] - Statement - counter = counter + 1: null

2018-10-19 11:47:17 - [TEST_STEP][PASSED] - Statement - PreSaveFile = new java.io.File(((pathPrefix + java.lang.Integer.toString(counter)) + .png)): null

2018-10-19 11:47:17 - [TEST_STEP][PASSED] - Statement - counter = counter + 1: null

2018-10-19 11:47:17 - [TEST_STEP][PASSED] - Statement - PreSaveFile = new java.io.File(((pathPrefix + java.lang.Integer.toString(counter)) + .png)): null

2018-10-19 11:47:17 - [TEST_STEP][PASSED] - Statement - counter = counter + 1: null

2018-10-19 11:47:17 - [TEST_STEP][PASSED] - Statement - PreSaveFile = new java.io.File(((pathPrefix + java.lang.Integer.toString(counter)) + .png)): null

2018-10-19 11:47:17 - [TEST_STEP][PASSED] - Statement - counter = counter + 1: null

2018-10-19 11:47:17 - [TEST_STEP][PASSED] - Statement - PreSaveFile = new java.io.File(((pathPrefix + java.lang.Integer.toString(counter)) + .png)): null

2018-10-19 11:47:17 - [TEST_STEP][PASSED] - Statement - counter = counter + 1: null

2018-10-19 11:47:17 - [TEST_STEP][PASSED] - Statement - PreSaveFile = new java.io.File(((pathPrefix + java.lang.Integer.toString(counter)) + .png)): null

2018-10-19 11:47:17 - [TEST_STEP][PASSED] - Statement - counter = counter + 1: null

2018-10-19 11:47:17 - [TEST_STEP][PASSED] - Statement - PreSaveFile = new java.io.File(((pathPrefix + java.lang.Integer.toString(counter)) + .png)): null

2018-10-19 11:47:17 - [TEST_STEP][PASSED] - Statement - counter = counter + 1: null

2018-10-19 11:47:17 - [TEST_STEP][PASSED] - Statement - PreSaveFile = new java.io.File(((pathPrefix + java.lang.Integer.toString(counter)) + .png)): null

2018-10-19 11:47:17 - [TEST_STEP][PASSED] - Statement - counter = counter + 1: null

2018-10-19 11:47:17 - [TEST_STEP][PASSED] - Statement - PreSaveFile = new java.io.File(((pathPrefix + java.lang.Integer.toString(counter)) + .png)): null

2018-10-19 11:47:17 - [TEST_STEP][PASSED] - Statement - counter = counter + 1: null

2018-10-19 11:47:17 - [TEST_STEP][PASSED] - Statement - PreSaveFile = new java.io.File(((pathPrefix + java.lang.Integer.toString(counter)) + .png)): null

2018-10-19 11:47:17 - [TEST_STEP][PASSED] - Statement - counter = counter + 1: null

2018-10-19 11:47:17 - [TEST_STEP][PASSED] - Statement - PreSaveFile = new java.io.File(((pathPrefix + java.lang.Integer.toString(counter)) + .png)): null

2018-10-19 11:47:17 - [TEST_STEP][PASSED] - Statement - counter = counter + 1: null

2018-10-19 11:47:17 - [TEST_STEP][PASSED] - Statement - PreSaveFile = new java.io.File(((pathPrefix + java.lang.Integer.toString(counter)) + .png)): null

2018-10-19 11:47:17 - [TEST_STEP][PASSED] - Statement - counter = counter + 1: null

2018-10-19 11:47:17 - [TEST_STEP][PASSED] - Statement - PreSaveFile = new java.io.File(((pathPrefix + java.lang.Integer.toString(counter)) + .png)): null

2018-10-19 11:47:17 - [TEST_STEP][PASSED] - Statement - counter = counter + 1: null

2018-10-19 11:47:17 - [TEST_STEP][PASSED] - Statement - PreSaveFile = new java.io.File(((pathPrefix + java.lang.Integer.toString(counter)) + .png)): null

2018-10-19 11:47:17 - [TEST_STEP][PASSED] - Statement - counter = counter + 1: null

2018-10-19 11:47:17 - [TEST_STEP][PASSED] - Statement - PreSaveFile = new java.io.File(((pathPrefix + java.lang.Integer.toString(counter)) + .png)): null

2018-10-19 11:47:17 - [TEST_STEP][PASSED] - Statement - counter = counter + 1: null

2018-10-19 11:47:17 - [TEST_STEP][PASSED] - Statement - PreSaveFile = new java.io.File(((pathPrefix + java.lang.Integer.toString(counter)) + .png)): null

2018-10-19 11:47:17 - [TEST_STEP][PASSED] - Statement - counter = counter + 1: null

2018-10-19 11:47:17 - [TEST_STEP][PASSED] - Statement - PreSaveFile = new java.io.File(((pathPrefix + java.lang.Integer.toString(counter)) + .png)): null

2018-10-19 11:47:17 - [TEST_STEP][PASSED] - Statement - counter = counter + 1: null

2018-10-19 11:47:17 - [TEST_STEP][PASSED] - Statement - PreSaveFile = new java.io.File(((pathPrefix + java.lang.Integer.toString(counter)) + .png)): null

2018-10-19 11:47:17 - [TEST_STEP][PASSED] - Statement - counter = counter + 1: null

2018-10-19 11:47:17 - [TEST_STEP][PASSED] - Statement - PreSaveFile = new java.io.File(((pathPrefix + java.lang.Integer.toString(counter)) + .png)): null

2018-10-19 11:47:17 - [TEST_STEP][PASSED] - Statement - counter = counter + 1: null

2018-10-19 11:47:17 - [TEST_STEP][PASSED] - Statement - PreSaveFile = new java.io.File(((pathPrefix + java.lang.Integer.toString(counter)) + .png)): null

2018-10-19 11:47:17 - [TEST_STEP][PASSED] - Statement - finalPath = pathPrefix + java.lang.Integer.toString(counter) + ".png": null

2018-10-19 11:47:17 - [TEST_STEP][PASSED] - Statement - SaveFile = new java.io.File(finalPath): null

2018-10-19 11:47:17 - [TEST_STEP][PASSED] - Statement - Try: null

2018-10-19 11:47:17 - [TEST_STEP][PASSED] - Statement - org.apache.commons.io.FileUtils.copyFile(scrFile, SaveFile): null

2018-10-19 11:47:17 - [TEST_STEP][PASSED] - Statement - out.println("file kept"): null

2018-10-19 11:47:17 - [TEST_STEP][PASSED] - delay: Delayed 10 second(s)

2018-10-19 11:47:27 - [MESSAGE][PASSED] - Delayed 10 second(s)

2018-10-19 11:47:27 - [MESSAGE][PASSED] - Call Test Case 'Test Cases/Final Aug 2018 - PKS Automation/Registration Module/New Registration/Submit and Screenshot/Submit Registration and Screenshot - Copy' successfully

2018-10-19 11:47:27 - [TEST_STEP][PASSED] - Statement - UpdateAddNewECode = com.kms.katalon.core.webui.keyword.WebUiBuiltInKeywords.getText(com.kms.katalon.core.testobject.ObjectRepository.findTestObject(Object Repository/Final Object Repo/Page_Update Add New Employee - ASSIST/getEmpCode)): Text of object 'Object Repository/Final Object Repo/Page_Update Add New Employee - ASSIST/getEmpCode' is: 'E1102070080Y'

2018-10-19 11:47:27 - [MESSAGE][PASSED] - Text of object 'Object Repository/Final Object Repo/Page_Update Add New Employee - ASSIST/getEmpCode' is: 'E1102070080Y'

2018-10-19 11:47:27 - [TEST_STEP][PASSED] - callTestCase: Call Test Case 'Test Cases/Final Aug 2018 - PKS Automation/Common/Emp Code Setter' successfully

2018-10-19 11:47:27 - [TEST_CASE][PASSED] - Test Cases/Final Aug 2018 - PKS Automation/Common/Emp Code Setter: Test Cases/Final Aug 2018 - PKS Automation/Common/Emp Code Setter

2018-10-19 11:47:27 - [TEST_STEP][PASSED] - Statement - EmpCodeOld = new java.io.File(C://EmpCode.txt): null

2018-10-19 11:47:27 - [TEST_STEP][PASSED] - Statement - EmpCodeOld.delete(): null

2018-10-19 11:47:27 - [TEST_STEP][PASSED] - Statement - EmpCode = new java.io.File(C://EmpCode.txt): null

2018-10-19 11:47:27 - [TEST_STEP][PASSED] - Statement - EmpCode.append(UpdateAddNewECode): null

2018-10-19 11:47:27 - [TEST_STEP][PASSED] - Statement - out.println("


" + UpdateAddNewECode + "


"): null

2018-10-19 11:47:27 - [MESSAGE][PASSED] - Call Test Case 'Test Cases/Final Aug 2018 - PKS Automation/Common/Emp Code Setter' successfully

2018-10-19 11:47:27 - [MESSAGE][PASSED] - Call Test Case 'Test Cases/Final Aug 2018 - PKS Automation/Registration Module/Workflow/Update Add New Employee/Template/New Company for Update Add New - Employer' successfully

2018-10-19 11:47:27 - [TEST_STEP][PASSED] - callTestCase: Call Test Case 'Test Cases/Final Aug 2018 - PKS Automation/Create Employer Acc/Login to Employer Account (Second time)' successfully

2018-10-19 11:47:27 - [TEST_CASE][PASSED] - Test Cases/Final Aug 2018 - PKS Automation/Create Employer Acc/Login to Employer Account (Second time): Test Cases/Final Aug 2018 - PKS Automation/Create Employer Acc/Login to Employer Account (Second time)

2018-10-19 11:47:28 - [TEST_STEP][PASSED] - openBrowser: Browser is opened with url: ''

2018-10-19 11:47:28 - [MESSAGE][WARNING] - A browser is already opened. Closing browser and opening a new one

2018-10-19 11:47:31 - [MESSAGE][PASSED] - Browser is opened with url: ''

2018-10-19 11:47:31 - [TEST_STEP][PASSED] - navigateToUrl: Navigate to 'https://assist2-uat.perkeso.gov.my/employer/login' successfully

2018-10-19 11:47:33 - [MESSAGE][PASSED] - Navigate to 'https://assist2-uat.perkeso.gov.my/employer/login' successfully

2018-10-19 11:47:33 - [TEST_STEP][PASSED] - delay: Delayed 3 second(s)

2018-10-19 11:47:36 - [MESSAGE][PASSED] - Delayed 3 second(s)

2018-10-19 11:47:36 - [TEST_STEP][PASSED] - callTestCase: Call Test Case 'Test Cases/Final Aug 2018 - PKS Automation/Create Employer Acc/Template/Employer Email Getter' successfully

2018-10-19 11:47:36 - [TEST_CASE][PASSED] - Test Cases/Final Aug 2018 - PKS Automation/Create Employer Acc/Template/Employer Email Getter: Test Cases/Final Aug 2018 - PKS Automation/Create Employer Acc/Template/Employer Email Getter

2018-10-19 11:47:36 - [TEST_STEP][PASSED] - Statement - Try: null

2018-10-19 11:47:36 - [TEST_STEP][PASSED] - Statement - EmpEmail = new java.io.File(C://EmpEmail.txt): null

2018-10-19 11:47:36 - [TEST_STEP][PASSED] - Statement - bufferread = new java.io.BufferedReader(new java.io.FileReader(EmpEmail)): null

2018-10-19 11:47:36 - [TEST_STEP][PASSED] - Statement - readedVal = bufferread.readLine(): null

2018-10-19 11:47:36 - [TEST_STEP][PASSED] - Statement - out.println(readedVal): null

2018-10-19 11:47:36 - [TEST_STEP][PASSED] - Statement - Email = readedVal: null

2018-10-19 11:47:36 - [MESSAGE][PASSED] - Call Test Case 'Test Cases/Final Aug 2018 - PKS Automation/Create Employer Acc/Template/Employer Email Getter' successfully

2018-10-19 11:47:36 - [TEST_STEP][PASSED] - setText: Text 'perkeso251524965627@gmail.com' is set on object 'Object Repository/Final Object Repo/Login Page/External Login Page/Email'

2018-10-19 11:47:36 - [MESSAGE][PASSED] - Text 'perkeso251524965627@gmail.com' is set on object 'Object Repository/Final Object Repo/Login Page/External Login Page/Email'

2018-10-19 11:47:36 - [TEST_STEP][PASSED] - click: Object: 'Object Repository/Final Object Repo/Login Page/External Login Page/Next' is clicked on

2018-10-19 11:47:37 - [MESSAGE][PASSED] - Object: 'Object Repository/Final Object Repo/Login Page/External Login Page/Next' is clicked on

2018-10-19 11:47:37 - [TEST_STEP][PASSED] - delay: Delayed 3 second(s)

2018-10-19 11:47:40 - [MESSAGE][PASSED] - Delayed 3 second(s)

2018-10-19 11:47:40 - [TEST_STEP][PASSED] - setEncryptedText: Text ****** has been set on object 'Object Repository/Final Object Repo/Login Page/External Login Page/Password'

2018-10-19 11:47:40 - [MESSAGE][PASSED] - Text ****** has been set on object 'Object Repository/Final Object Repo/Login Page/External Login Page/Password'

2018-10-19 11:47:40 - [TEST_STEP][PASSED] - click: Object: 'Object Repository/Final Object Repo/Login Page/External Login Page/Login' is clicked on

2018-10-19 11:47:40 - [MESSAGE][PASSED] - Object: 'Object Repository/Final Object Repo/Login Page/External Login Page/Login' is clicked on

2018-10-19 11:47:40 - [TEST_STEP][PASSED] - delay: Delayed 5 second(s)

2018-10-19 11:47:45 - [MESSAGE][PASSED] - Delayed 5 second(s)

2018-10-19 11:47:45 - [MESSAGE][PASSED] - Call Test Case 'Test Cases/Final Aug 2018 - PKS Automation/Create Employer Acc/Login to Employer Account (Second time)' successfully

2018-10-19 11:47:45 - [TEST_STEP][PASSED] - navigateToUrl: Navigate to 'https://assist2-uat.perkeso.gov.my/web/registration/update/form-1a-cessation-as-employer-discontinue-business-' successfully

2018-10-19 11:47:49 - [MESSAGE][PASSED] - Navigate to 'https://assist2-uat.perkeso.gov.my/web/registration/update/form-1a-cessation-as-employer-discontinue-business-' successfully

2018-10-19 11:47:49 - [TEST_STEP][PASSED] - callTestCase: Call Test Case 'Test Cases/Final Aug 2018 - PKS Automation/Common/Emp Code Getter' successfully

2018-10-19 11:47:49 - [TEST_CASE][PASSED] - Test Cases/Final Aug 2018 - PKS Automation/Common/Emp Code Getter: Test Cases/Final Aug 2018 - PKS Automation/Common/Emp Code Getter

2018-10-19 11:47:49 - [TEST_STEP][PASSED] - Statement - Try: null

2018-10-19 11:47:49 - [TEST_STEP][PASSED] - Statement - EmpCode = new java.io.File(C://EmpCode.txt): null

2018-10-19 11:47:49 - [TEST_STEP][PASSED] - Statement - bufferread = new java.io.BufferedReader(new java.io.FileReader(EmpCode)): null

2018-10-19 11:47:49 - [TEST_STEP][PASSED] - Statement - readedVal = bufferread.readLine(): null

2018-10-19 11:47:49 - [TEST_STEP][PASSED] - Statement - out.println(readedVal): null

2018-10-19 11:47:49 - [TEST_STEP][PASSED] - Statement - UpdateAddNewECode = readedVal: null

2018-10-19 11:47:49 - [MESSAGE][PASSED] - Call Test Case 'Test Cases/Final Aug 2018 - PKS Automation/Common/Emp Code Getter' successfully

2018-10-19 11:47:49 - [TEST_STEP][PASSED] - setText: Text 'E1102070080Y' is set on object 'Object Repository/Final Object Repo/Page_Update Employer Information/Employer Code'

2018-10-19 11:47:49 - [MESSAGE][PASSED] - Text 'E1102070080Y' is set on object 'Object Repository/Final Object Repo/Page_Update Employer Information/Employer Code'

2018-10-19 11:47:49 - [TEST_STEP][PASSED] - click: Object: 'Object Repository/Final Object Repo/Page_Update Employer Information/Search Button' is clicked on

2018-10-19 11:47:49 - [MESSAGE][PASSED] - Object: 'Object Repository/Final Object Repo/Page_Update Employer Information/Search Button' is clicked on

2018-10-19 11:47:49 - [TEST_STEP][FAILED] - click: Unable to click on object 'Object Repository/Final Object Repo/Page_Update Employer Information/Edit Button' (Root cause: org.openqa.selenium.StaleElementReferenceException: stale element reference: element is not attached to the page document
  (Session info: chrome=69.0.3497.100)
  (Driver info: chromedriver=2.35.528161 (5b82f2d2aae0ca24b877009200ced9065a772e73),platform=Windows NT 6.1.7601 SP1 x86_64) (WARNING: The server did not provide any stacktrace information)
Command duration or timeout: 0 milliseconds
For documentation on this error, please visit: http://seleniumhq.org/exceptions/stale_element_reference.html
Build info: version: '3.7.1', revision: '8a0099a', time: '2017-11-06T21:07:36.161Z'
System info: host: 'WEIZHENG', ip: '192.168.137.1', os.name: 'Windows 7', os.arch: 'amd64', os.version: '6.1', java.version: '1.8.0_181'
Driver info: com.kms.katalon.selenium.driver.CChromeDriver
Capabilities {acceptInsecureCerts: false, acceptSslCerts: false, applicationCacheEnabled: false, browserConnectionEnabled: false, browserName: chrome, chrome: {chromedriverVersion: 2.35.528161 (5b82f2d2aae0ca..., userDataDir: C:\Users\WEIZHE~1\AppData\L...}, cssSelectorsEnabled: true, databaseEnabled: false, handlesAlerts: true, hasTouchScreen: false, javascriptEnabled: true, locationContextEnabled: true, mobileEmulationEnabled: false, nativeEvents: true, networkConnectionEnabled: false, pageLoadStrategy: normal, platform: XP, platformName: XP, rotatable: false, setWindowRect: true, takesHeapSnapshot: true, takesScreenshot: true, unexpectedAlertBehaviour: , unhandledPromptBehavior: , version: 69.0.3497.100, webStorageEnabled: true}
Session ID: e8784960f4d8fd47768914b153b32a5d)

2018-10-19 11:47:50 - [MESSAGE][FAILED] - Unable to click on object 'Object Repository/Final Object Repo/Page_Update Employer Information/Edit Button' (Root cause: org.openqa.selenium.StaleElementReferenceException: stale element reference: element is not attached to the page document
  (Session info: chrome=69.0.3497.100)
  (Driver info: chromedriver=2.35.528161 (5b82f2d2aae0ca24b877009200ced9065a772e73),platform=Windows NT 6.1.7601 SP1 x86_64) (WARNING: The server did not provide any stacktrace information)
Command duration or timeout: 0 milliseconds
For documentation on this error, please visit: http://seleniumhq.org/exceptions/stale_element_reference.html
Build info: version: '3.7.1', revision: '8a0099a', time: '2017-11-06T21:07:36.161Z'
System info: host: 'WEIZHENG', ip: '192.168.137.1', os.name: 'Windows 7', os.arch: 'amd64', os.version: '6.1', java.version: '1.8.0_181'
Driver info: com.kms.katalon.selenium.driver.CChromeDriver
Capabilities {acceptInsecureCerts: false, acceptSslCerts: false, applicationCacheEnabled: false, browserConnectionEnabled: false, browserName: chrome, chrome: {chromedriverVersion: 2.35.528161 (5b82f2d2aae0ca..., userDataDir: C:\Users\WEIZHE~1\AppData\L...}, cssSelectorsEnabled: true, databaseEnabled: false, handlesAlerts: true, hasTouchScreen: false, javascriptEnabled: true, locationContextEnabled: true, mobileEmulationEnabled: false, nativeEvents: true, networkConnectionEnabled: false, pageLoadStrategy: normal, platform: XP, platformName: XP, rotatable: false, setWindowRect: true, takesHeapSnapshot: true, takesScreenshot: true, unexpectedAlertBehaviour: , unhandledPromptBehavior: , version: 69.0.3497.100, webStorageEnabled: true}
Session ID: e8784960f4d8fd47768914b153b32a5d)
[[ATTACHMENT|C:\\Users\\LENOVO\\Katalon Studio\\Perkeso Phase A\\Reports\\Workflow\\Form 1A - Cessation as Employer\\20181019_094055\\1539920870384.png]]

2018-10-19 11:47:50 - [TEST_STEP][FAILED] - Statement - abc = com.kms.katalon.core.webui.keyword.WebUiBuiltInKeywords.getAttribute(com.kms.katalon.core.testobject.ObjectRepository.findTestObject(Final Object Repo/Page_Form 1A - Cessation As Employer/Employer Status), "value"): Unable to get attribute 'value' of object 'Object Repository/Final Object Repo/Page_Form 1A - Cessation As Employer/Employer Status' (Root cause: com.kms.katalon.core.webui.exception.WebElementNotFoundException: Web element with id: 'Object Repository/Final Object Repo/Page_Form 1A - Cessation As Employer/Employer Status' located by 'By.xpath: //input[@type = 'text' and @id = '_searchforemployer_WAR_registrationportlet_dto.employerStatus' and @name = '_searchforemployer_WAR_registrationportlet_dto.employerStatus']' not found)

2018-10-19 11:50:00 - [MESSAGE][FAILED] - Unable to get attribute 'value' of object 'Object Repository/Final Object Repo/Page_Form 1A - Cessation As Employer/Employer Status' (Root cause: com.kms.katalon.core.webui.exception.WebElementNotFoundException: Web element with id: 'Object Repository/Final Object Repo/Page_Form 1A - Cessation As Employer/Employer Status' located by 'By.xpath: //input[@type = 'text' and @id = '_searchforemployer_WAR_registrationportlet_dto.employerStatus' and @name = '_searchforemployer_WAR_registrationportlet_dto.employerStatus']' not found)
[[ATTACHMENT|C:\\Users\\LENOVO\\Katalon Studio\\Perkeso Phase A\\Reports\\Workflow\\Form 1A - Cessation as Employer\\20181019_094055\\1539921000486.png]]

2018-10-19 11:50:00 - [TEST_STEP][PASSED] - Statement - out.println(abc): null

2018-10-19 11:50:00 - [TEST_STEP][PASSED] - Statement - If (abc == "Active"): null

2018-10-19 11:50:00 - [TEST_STEP][FAILED] - click: Unable to click on object 'Object Repository/Final Object Repo/Page_Form 1A - Cessation As Employer/Calender' (Root cause: org.openqa.selenium.ElementNotVisibleException: element not visible
  (Session info: chrome=69.0.3497.100)
  (Driver info: chromedriver=2.35.528161 (5b82f2d2aae0ca24b877009200ced9065a772e73),platform=Windows NT 6.1.7601 SP1 x86_64) (WARNING: The server did not provide any stacktrace information)
Command duration or timeout: 0 milliseconds
Build info: version: '3.7.1', revision: '8a0099a', time: '2017-11-06T21:07:36.161Z'
System info: host: 'WEIZHENG', ip: '192.168.137.1', os.name: 'Windows 7', os.arch: 'amd64', os.version: '6.1', java.version: '1.8.0_181'
Driver info: com.kms.katalon.selenium.driver.CChromeDriver
Capabilities {acceptInsecureCerts: false, acceptSslCerts: false, applicationCacheEnabled: false, browserConnectionEnabled: false, browserName: chrome, chrome: {chromedriverVersion: 2.35.528161 (5b82f2d2aae0ca..., userDataDir: C:\Users\WEIZHE~1\AppData\L...}, cssSelectorsEnabled: true, databaseEnabled: false, handlesAlerts: true, hasTouchScreen: false, javascriptEnabled: true, locationContextEnabled: true, mobileEmulationEnabled: false, nativeEvents: true, networkConnectionEnabled: false, pageLoadStrategy: normal, platform: XP, platformName: XP, rotatable: false, setWindowRect: true, takesHeapSnapshot: true, takesScreenshot: true, unexpectedAlertBehaviour: , unhandledPromptBehavior: , version: 69.0.3497.100, webStorageEnabled: true}
Session ID: e8784960f4d8fd47768914b153b32a5d)

2018-10-19 11:50:17 - [MESSAGE][FAILED] - Unable to click on object 'Object Repository/Final Object Repo/Page_Form 1A - Cessation As Employer/Calender' (Root cause: org.openqa.selenium.ElementNotVisibleException: element not visible
  (Session info: chrome=69.0.3497.100)
  (Driver info: chromedriver=2.35.528161 (5b82f2d2aae0ca24b877009200ced9065a772e73),platform=Windows NT 6.1.7601 SP1 x86_64) (WARNING: The server did not provide any stacktrace information)
Command duration or timeout: 0 milliseconds
Build info: version: '3.7.1', revision: '8a0099a', time: '2017-11-06T21:07:36.161Z'
System info: host: 'WEIZHENG', ip: '192.168.137.1', os.name: 'Windows 7', os.arch: 'amd64', os.version: '6.1', java.version: '1.8.0_181'
Driver info: com.kms.katalon.selenium.driver.CChromeDriver
Capabilities {acceptInsecureCerts: false, acceptSslCerts: false, applicationCacheEnabled: false, browserConnectionEnabled: false, browserName: chrome, chrome: {chromedriverVersion: 2.35.528161 (5b82f2d2aae0ca..., userDataDir: C:\Users\WEIZHE~1\AppData\L...}, cssSelectorsEnabled: true, databaseEnabled: false, handlesAlerts: true, hasTouchScreen: false, javascriptEnabled: true, locationContextEnabled: true, mobileEmulationEnabled: false, nativeEvents: true, networkConnectionEnabled: false, pageLoadStrategy: normal, platform: XP, platformName: XP, rotatable: false, setWindowRect: true, takesHeapSnapshot: true, takesScreenshot: true, unexpectedAlertBehaviour: , unhandledPromptBehavior: , version: 69.0.3497.100, webStorageEnabled: true}
Session ID: e8784960f4d8fd47768914b153b32a5d)
[[ATTACHMENT|C:\\Users\\LENOVO\\Katalon Studio\\Perkeso Phase A\\Reports\\Workflow\\Form 1A - Cessation as Employer\\20181019_094055\\1539921017153.png]]

2018-10-19 11:50:17 - [MESSAGE][FAILED] - Unable to call Test Case with id 'Test Cases/Final Aug 2018 - PKS Automation/Registration Module/Workflow/Form 1A - Cessation As Employer/Template/Form 1 A - Cessation As Employer (Employer)' (Root cause: Call Test Case 'Test Cases/Final Aug 2018 - PKS Automation/Registration Module/Workflow/Form 1A - Cessation As Employer/Template/Form 1 A - Cessation As Employer (Employer)' failed)]]></system-out>
         <system-err><![CDATA[2018-10-19 11:41:36 - [TEST_CASE][FAILED] - Test Cases/Final Aug 2018 - PKS Automation/Registration Module/Workflow/Form 1A - Cessation As Employer/Employer to UO (Query): Test Cases/Final Aug 2018 - PKS Automation/Registration Module/Workflow/Form 1A - Cessation As Employer/Employer to UO (Query) FAILED because (of) (Stack trace: com.kms.katalon.core.exception.StepFailedException: Unable to click on object 'Object Repository/Final Object Repo/Page_Update Employer Information/Edit Button' (Root cause: org.openqa.selenium.StaleElementReferenceException: stale element reference: element is not attached to the page document
  (Session info: chrome=69.0.3497.100)
  (Driver info: chromedriver=2.35.528161 (5b82f2d2aae0ca24b877009200ced9065a772e73),platform=Windows NT 6.1.7601 SP1 x86_64) (WARNING: The server did not provide any stacktrace information)
Command duration or timeout: 0 milliseconds
For documentation on this error, please visit: http://seleniumhq.org/exceptions/stale_element_reference.html
Build info: version: '3.7.1', revision: '8a0099a', time: '2017-11-06T21:07:36.161Z'
System info: host: 'WEIZHENG', ip: '192.168.137.1', os.name: 'Windows 7', os.arch: 'amd64', os.version: '6.1', java.version: '1.8.0_181'
Driver info: com.kms.katalon.selenium.driver.CChromeDriver
Capabilities {acceptInsecureCerts: false, acceptSslCerts: false, applicationCacheEnabled: false, browserConnectionEnabled: false, browserName: chrome, chrome: {chromedriverVersion: 2.35.528161 (5b82f2d2aae0ca..., userDataDir: C:\Users\WEIZHE~1\AppData\L...}, cssSelectorsEnabled: true, databaseEnabled: false, handlesAlerts: true, hasTouchScreen: false, javascriptEnabled: true, locationContextEnabled: true, mobileEmulationEnabled: false, nativeEvents: true, networkConnectionEnabled: false, pageLoadStrategy: normal, platform: XP, platformName: XP, rotatable: false, setWindowRect: true, takesHeapSnapshot: true, takesScreenshot: true, unexpectedAlertBehaviour: , unhandledPromptBehavior: , version: 69.0.3497.100, webStorageEnabled: true}
Session ID: e8784960f4d8fd47768914b153b32a5d)
	at com.kms.katalon.core.keyword.internal.KeywordMain.stepFailed(KeywordMain.groovy:32)
	at com.kms.katalon.core.webui.keyword.internal.WebUIKeywordMain.stepFailed(WebUIKeywordMain.groovy:65)
	at com.kms.katalon.core.webui.keyword.internal.WebUIKeywordMain.runKeyword(WebUIKeywordMain.groovy:27)
	at com.kms.katalon.core.webui.keyword.builtin.ClickKeyword.click(ClickKeyword.groovy:86)
	at com.kms.katalon.core.webui.keyword.builtin.ClickKeyword.execute(ClickKeyword.groovy:67)
	at com.kms.katalon.core.keyword.internal.KeywordExecutor.executeKeywordForPlatform(KeywordExecutor.groovy:53)
	at com.kms.katalon.core.webui.keyword.WebUiBuiltInKeywords.click(WebUiBuiltInKeywords.groovy:616)
	at com.kms.katalon.core.webui.keyword.WebUiBuiltInKeywords$click$2.call(Unknown Source)
	at Script1536729355807.run(Script1536729355807.groovy:37)
	at com.kms.katalon.core.main.ScriptEngine.run(ScriptEngine.java:183)
	at com.kms.katalon.core.main.ScriptEngine.runScriptAsRawText(ScriptEngine.java:108)
	at com.kms.katalon.core.main.TestCaseExecutor.runScript(TestCaseExecutor.java:294)
	at com.kms.katalon.core.main.TestCaseExecutor.doExecute(TestCaseExecutor.java:285)
	at com.kms.katalon.core.main.TestCaseExecutor.processExecutionPhase(TestCaseExecutor.java:264)
	at com.kms.katalon.core.main.TestCaseExecutor.accessMainPhase(TestCaseExecutor.java:256)
	at com.kms.katalon.core.main.TestCaseExecutor.execute(TestCaseExecutor.java:200)
	at com.kms.katalon.core.main.TestCaseMain.runTestCase(TestCaseMain.java:99)
	at com.kms.katalon.core.keyword.builtin.CallTestCaseKeyword$_callTestCase_closure1.doCall(CallTestCaseKeyword.groovy:60)
	at com.kms.katalon.core.keyword.builtin.CallTestCaseKeyword$_callTestCase_closure1.call(CallTestCaseKeyword.groovy)
	at com.kms.katalon.core.keyword.internal.KeywordMain.runKeyword(KeywordMain.groovy:54)
	at com.kms.katalon.core.keyword.builtin.CallTestCaseKeyword.callTestCase(CallTestCaseKeyword.groovy:81)
	at com.kms.katalon.core.keyword.builtin.CallTestCaseKeyword.execute(CallTestCaseKeyword.groovy:45)
	at com.kms.katalon.core.keyword.internal.KeywordExecutor.executeKeywordForPlatform(KeywordExecutor.groovy:53)
	at com.kms.katalon.core.keyword.BuiltinKeywords.callTestCase(BuiltinKeywords.groovy:334)
	at sun.reflect.GeneratedMethodAccessor13.invoke(Unknown Source)
	at sun.reflect.DelegatingMethodAccessorImpl.invoke(DelegatingMethodAccessorImpl.java:43)
	at java.lang.reflect.Method.invoke(Method.java:498)
	at org.codehaus.groovy.reflection.CachedMethod.invoke(CachedMethod.java:93)
	at groovy.lang.MetaMethod.doMethodInvoke(MetaMethod.java:325)
	at groovy.lang.MetaClassImpl.invokeStaticMethod(MetaClassImpl.java:1469)
	at org.codehaus.groovy.runtime.callsite.StaticMetaClassSite.call(StaticMetaClassSite.java:53)
	at org.codehaus.groovy.runtime.callsite.CallSiteArray.defaultCall(CallSiteArray.java:48)
	at org.codehaus.groovy.runtime.callsite.AbstractCallSite.call(AbstractCallSite.java:113)
	at org.codehaus.groovy.runtime.callsite.AbstractCallSite.call(AbstractCallSite.java:141)
	at Script1536729541693.run(Script1536729541693.groovy:22)
	at com.kms.katalon.core.main.ScriptEngine.run(ScriptEngine.java:183)
	at com.kms.katalon.core.main.ScriptEngine.runScriptAsRawText(ScriptEngine.java:108)
	at com.kms.katalon.core.main.TestCaseExecutor.runScript(TestCaseExecutor.java:294)
	at com.kms.katalon.core.main.TestCaseExecutor.doExecute(TestCaseExecutor.java:285)
	at com.kms.katalon.core.main.TestCaseExecutor.processExecutionPhase(TestCaseExecutor.java:264)
	at com.kms.katalon.core.main.TestCaseExecutor.accessMainPhase(TestCaseExecutor.java:256)
	at com.kms.katalon.core.main.TestCaseExecutor.execute(TestCaseExecutor.java:200)
	at com.kms.katalon.core.main.TestSuiteExecutor.accessTestCaseMainPhase(TestSuiteExecutor.java:129)
	at com.kms.katalon.core.main.TestSuiteExecutor.accessTestSuiteMainPhase(TestSuiteExecutor.java:112)
	at com.kms.katalon.core.main.TestSuiteExecutor.execute(TestSuiteExecutor.java:81)
	at com.kms.katalon.core.main.TestCaseMain.startTestSuite(TestCaseMain.java:142)
	at com.kms.katalon.core.main.TestCaseMain$startTestSuite$0.call(Unknown Source)
	at org.codehaus.groovy.runtime.callsite.CallSiteArray.defaultCall(CallSiteArray.java:48)
	at org.codehaus.groovy.runtime.callsite.AbstractCallSite.call(AbstractCallSite.java:113)
	at org.codehaus.groovy.runtime.callsite.AbstractCallSite.call(AbstractCallSite.java:141)
	at TempTestSuite1539913255508.run(TempTestSuite1539913255508.groovy:36)
	at groovy.lang.GroovyShell.runScriptOrMainOrTestOrRunnable(GroovyShell.java:263)
	at groovy.lang.GroovyShell.run(GroovyShell.java:518)
	at groovy.lang.GroovyShell.run(GroovyShell.java:507)
	at groovy.ui.GroovyMain.processOnce(GroovyMain.java:653)
	at groovy.ui.GroovyMain.run(GroovyMain.java:384)
	at groovy.ui.GroovyMain.process(GroovyMain.java:370)
	at groovy.ui.GroovyMain.processArgs(GroovyMain.java:129)
	at groovy.ui.GroovyMain.main(GroovyMain.java:109)
	at sun.reflect.NativeMethodAccessorImpl.invoke0(Native Method)
	at sun.reflect.NativeMethodAccessorImpl.invoke(NativeMethodAccessorImpl.java:62)
	at sun.reflect.DelegatingMethodAccessorImpl.invoke(DelegatingMethodAccessorImpl.java:43)
	at java.lang.reflect.Method.invoke(Method.java:498)
	at org.codehaus.groovy.tools.GroovyStarter.rootLoader(GroovyStarter.java:109)
	at org.codehaus.groovy.tools.GroovyStarter.main(GroovyStarter.java:131)
)]]></system-err>
      </testcase>
      <testcase name="Test Cases/Final Aug 2018 - PKS Automation/Registration Module/Workflow/Form 1A - Cessation As Employer/Employer to UO (Reject)" classname="Test Cases/Final Aug 2018 - PKS Automation/Registration Module/Workflow/Form 1A - Cessation As Employer/Employer to UO (Reject)" status="FAILED">
         <failure type="FAILED" message="(Stack trace: com.kms.katalon.core.exception.StepFailedException: Unable to click on object 'Object Repository/Final Object Repo/Page_Update Employer Information/Edit Button' (Root cause: org.openqa.selenium.WebDriverException: unknown error: Element &lt;i class=&quot;icon-pencil&quot; data-toggle=&quot;tooltip&quot; title=&quot;&quot; data-original-title=&quot; Edit&quot;>&lt;/i> is not clickable at point (888, 514). Other element would receive the click: &lt;div class=&quot;blockUI blockOverlay&quot; style=&quot;z-index: 2000; border: none; margin: 0px; padding: 0px; width: 100%; height: 100%; top: 0px; left: 0px; background-color: rgb(0, 0, 0); opacity: 0.452712; cursor: wait; position: fixed;&quot;>&lt;/div>
  (Session info: chrome=69.0.3497.100)
  (Driver info: chromedriver=2.35.528161 (5b82f2d2aae0ca24b877009200ced9065a772e73),platform=Windows NT 6.1.7601 SP1 x86_64) (WARNING: The server did not provide any stacktrace information)
Command duration or timeout: 0 milliseconds
Build info: version: '3.7.1', revision: '8a0099a', time: '2017-11-06T21:07:36.161Z'
System info: host: 'WEIZHENG', ip: '192.168.137.1', os.name: 'Windows 7', os.arch: 'amd64', os.version: '6.1', java.version: '1.8.0_181'
Driver info: com.kms.katalon.selenium.driver.CChromeDriver
Capabilities {acceptInsecureCerts: false, acceptSslCerts: false, applicationCacheEnabled: false, browserConnectionEnabled: false, browserName: chrome, chrome: {chromedriverVersion: 2.35.528161 (5b82f2d2aae0ca..., userDataDir: C:\Users\WEIZHE~1\AppData\L...}, cssSelectorsEnabled: true, databaseEnabled: false, handlesAlerts: true, hasTouchScreen: false, javascriptEnabled: true, locationContextEnabled: true, mobileEmulationEnabled: false, nativeEvents: true, networkConnectionEnabled: false, pageLoadStrategy: normal, platform: XP, platformName: XP, rotatable: false, setWindowRect: true, takesHeapSnapshot: true, takesScreenshot: true, unexpectedAlertBehaviour: , unhandledPromptBehavior: , version: 69.0.3497.100, webStorageEnabled: true}
Session ID: a6a3adb882b39ceb58e835f90e43496b)
	at com.kms.katalon.core.keyword.internal.KeywordMain.stepFailed(KeywordMain.groovy:32)
	at com.kms.katalon.core.webui.keyword.internal.WebUIKeywordMain.stepFailed(WebUIKeywordMain.groovy:65)
	at com.kms.katalon.core.webui.keyword.internal.WebUIKeywordMain.runKeyword(WebUIKeywordMain.groovy:27)
	at com.kms.katalon.core.webui.keyword.builtin.ClickKeyword.click(ClickKeyword.groovy:86)
	at com.kms.katalon.core.webui.keyword.builtin.ClickKeyword.execute(ClickKeyword.groovy:67)
	at com.kms.katalon.core.keyword.internal.KeywordExecutor.executeKeywordForPlatform(KeywordExecutor.groovy:53)
	at com.kms.katalon.core.webui.keyword.WebUiBuiltInKeywords.click(WebUiBuiltInKeywords.groovy:616)
	at com.kms.katalon.core.webui.keyword.WebUiBuiltInKeywords$click$2.call(Unknown Source)
	at Script1536729355807.run(Script1536729355807.groovy:37)
	at com.kms.katalon.core.main.ScriptEngine.run(ScriptEngine.java:183)
	at com.kms.katalon.core.main.ScriptEngine.runScriptAsRawText(ScriptEngine.java:108)
	at com.kms.katalon.core.main.TestCaseExecutor.runScript(TestCaseExecutor.java:294)
	at com.kms.katalon.core.main.TestCaseExecutor.doExecute(TestCaseExecutor.java:285)
	at com.kms.katalon.core.main.TestCaseExecutor.processExecutionPhase(TestCaseExecutor.java:264)
	at com.kms.katalon.core.main.TestCaseExecutor.accessMainPhase(TestCaseExecutor.java:256)
	at com.kms.katalon.core.main.TestCaseExecutor.execute(TestCaseExecutor.java:200)
	at com.kms.katalon.core.main.TestCaseMain.runTestCase(TestCaseMain.java:99)
	at com.kms.katalon.core.keyword.builtin.CallTestCaseKeyword$_callTestCase_closure1.doCall(CallTestCaseKeyword.groovy:60)
	at com.kms.katalon.core.keyword.builtin.CallTestCaseKeyword$_callTestCase_closure1.call(CallTestCaseKeyword.groovy)
	at com.kms.katalon.core.keyword.internal.KeywordMain.runKeyword(KeywordMain.groovy:54)
	at com.kms.katalon.core.keyword.builtin.CallTestCaseKeyword.callTestCase(CallTestCaseKeyword.groovy:81)
	at com.kms.katalon.core.keyword.builtin.CallTestCaseKeyword.execute(CallTestCaseKeyword.groovy:45)
	at com.kms.katalon.core.keyword.internal.KeywordExecutor.executeKeywordForPlatform(KeywordExecutor.groovy:53)
	at com.kms.katalon.core.keyword.BuiltinKeywords.callTestCase(BuiltinKeywords.groovy:334)
	at sun.reflect.GeneratedMethodAccessor13.invoke(Unknown Source)
	at sun.reflect.DelegatingMethodAccessorImpl.invoke(DelegatingMethodAccessorImpl.java:43)
	at java.lang.reflect.Method.invoke(Method.java:498)
	at org.codehaus.groovy.reflection.CachedMethod.invoke(CachedMethod.java:93)
	at groovy.lang.MetaMethod.doMethodInvoke(MetaMethod.java:325)
	at groovy.lang.MetaClassImpl.invokeStaticMethod(MetaClassImpl.java:1469)
	at org.codehaus.groovy.runtime.callsite.StaticMetaClassSite.call(StaticMetaClassSite.java:53)
	at org.codehaus.groovy.runtime.callsite.CallSiteArray.defaultCall(CallSiteArray.java:48)
	at org.codehaus.groovy.runtime.callsite.AbstractCallSite.call(AbstractCallSite.java:113)
	at org.codehaus.groovy.runtime.callsite.AbstractCallSite.call(AbstractCallSite.java:141)
	at Script1536729583481.run(Script1536729583481.groovy:22)
	at com.kms.katalon.core.main.ScriptEngine.run(ScriptEngine.java:183)
	at com.kms.katalon.core.main.ScriptEngine.runScriptAsRawText(ScriptEngine.java:108)
	at com.kms.katalon.core.main.TestCaseExecutor.runScript(TestCaseExecutor.java:294)
	at com.kms.katalon.core.main.TestCaseExecutor.doExecute(TestCaseExecutor.java:285)
	at com.kms.katalon.core.main.TestCaseExecutor.processExecutionPhase(TestCaseExecutor.java:264)
	at com.kms.katalon.core.main.TestCaseExecutor.accessMainPhase(TestCaseExecutor.java:256)
	at com.kms.katalon.core.main.TestCaseExecutor.execute(TestCaseExecutor.java:200)
	at com.kms.katalon.core.main.TestSuiteExecutor.accessTestCaseMainPhase(TestSuiteExecutor.java:129)
	at com.kms.katalon.core.main.TestSuiteExecutor.accessTestSuiteMainPhase(TestSuiteExecutor.java:112)
	at com.kms.katalon.core.main.TestSuiteExecutor.execute(TestSuiteExecutor.java:81)
	at com.kms.katalon.core.main.TestCaseMain.startTestSuite(TestCaseMain.java:142)
	at com.kms.katalon.core.main.TestCaseMain$startTestSuite$0.call(Unknown Source)
	at org.codehaus.groovy.runtime.callsite.CallSiteArray.defaultCall(CallSiteArray.java:48)
	at org.codehaus.groovy.runtime.callsite.AbstractCallSite.call(AbstractCallSite.java:113)
	at org.codehaus.groovy.runtime.callsite.AbstractCallSite.call(AbstractCallSite.java:141)
	at TempTestSuite1539913255508.run(TempTestSuite1539913255508.groovy:36)
	at groovy.lang.GroovyShell.runScriptOrMainOrTestOrRunnable(GroovyShell.java:263)
	at groovy.lang.GroovyShell.run(GroovyShell.java:518)
	at groovy.lang.GroovyShell.run(GroovyShell.java:507)
	at groovy.ui.GroovyMain.processOnce(GroovyMain.java:653)
	at groovy.ui.GroovyMain.run(GroovyMain.java:384)
	at groovy.ui.GroovyMain.process(GroovyMain.java:370)
	at groovy.ui.GroovyMain.processArgs(GroovyMain.java:129)
	at groovy.ui.GroovyMain.main(GroovyMain.java:109)
	at sun.reflect.NativeMethodAccessorImpl.invoke0(Native Method)
	at sun.reflect.NativeMethodAccessorImpl.invoke(NativeMethodAccessorImpl.java:62)
	at sun.reflect.DelegatingMethodAccessorImpl.invoke(DelegatingMethodAccessorImpl.java:43)
	at java.lang.reflect.Method.invoke(Method.java:498)
	at org.codehaus.groovy.tools.GroovyStarter.rootLoader(GroovyStarter.java:109)
	at org.codehaus.groovy.tools.GroovyStarter.main(GroovyStarter.java:131)
)"/>
         <system-out><![CDATA[2018-10-19 11:50:17 - [TEST_CASE][FAILED] - Test Cases/Final Aug 2018 - PKS Automation/Registration Module/Workflow/Form 1A - Cessation As Employer/Employer to UO (Reject): Test Cases/Final Aug 2018 - PKS Automation/Registration Module/Workflow/Form 1A - Cessation As Employer/Employer to UO (Reject) FAILED because (of) (Stack trace: com.kms.katalon.core.exception.StepFailedException: Unable to click on object 'Object Repository/Final Object Repo/Page_Update Employer Information/Edit Button' (Root cause: org.openqa.selenium.WebDriverException: unknown error: Element <i class="icon-pencil" data-toggle="tooltip" title="" data-original-title=" Edit"></i> is not clickable at point (888, 514). Other element would receive the click: <div class="blockUI blockOverlay" style="z-index: 2000; border: none; margin: 0px; padding: 0px; width: 100%; height: 100%; top: 0px; left: 0px; background-color: rgb(0, 0, 0); opacity: 0.452712; cursor: wait; position: fixed;"></div>
  (Session info: chrome=69.0.3497.100)
  (Driver info: chromedriver=2.35.528161 (5b82f2d2aae0ca24b877009200ced9065a772e73),platform=Windows NT 6.1.7601 SP1 x86_64) (WARNING: The server did not provide any stacktrace information)
Command duration or timeout: 0 milliseconds
Build info: version: '3.7.1', revision: '8a0099a', time: '2017-11-06T21:07:36.161Z'
System info: host: 'WEIZHENG', ip: '192.168.137.1', os.name: 'Windows 7', os.arch: 'amd64', os.version: '6.1', java.version: '1.8.0_181'
Driver info: com.kms.katalon.selenium.driver.CChromeDriver
Capabilities {acceptInsecureCerts: false, acceptSslCerts: false, applicationCacheEnabled: false, browserConnectionEnabled: false, browserName: chrome, chrome: {chromedriverVersion: 2.35.528161 (5b82f2d2aae0ca..., userDataDir: C:\Users\WEIZHE~1\AppData\L...}, cssSelectorsEnabled: true, databaseEnabled: false, handlesAlerts: true, hasTouchScreen: false, javascriptEnabled: true, locationContextEnabled: true, mobileEmulationEnabled: false, nativeEvents: true, networkConnectionEnabled: false, pageLoadStrategy: normal, platform: XP, platformName: XP, rotatable: false, setWindowRect: true, takesHeapSnapshot: true, takesScreenshot: true, unexpectedAlertBehaviour: , unhandledPromptBehavior: , version: 69.0.3497.100, webStorageEnabled: true}
Session ID: a6a3adb882b39ceb58e835f90e43496b)
	at com.kms.katalon.core.keyword.internal.KeywordMain.stepFailed(KeywordMain.groovy:32)
	at com.kms.katalon.core.webui.keyword.internal.WebUIKeywordMain.stepFailed(WebUIKeywordMain.groovy:65)
	at com.kms.katalon.core.webui.keyword.internal.WebUIKeywordMain.runKeyword(WebUIKeywordMain.groovy:27)
	at com.kms.katalon.core.webui.keyword.builtin.ClickKeyword.click(ClickKeyword.groovy:86)
	at com.kms.katalon.core.webui.keyword.builtin.ClickKeyword.execute(ClickKeyword.groovy:67)
	at com.kms.katalon.core.keyword.internal.KeywordExecutor.executeKeywordForPlatform(KeywordExecutor.groovy:53)
	at com.kms.katalon.core.webui.keyword.WebUiBuiltInKeywords.click(WebUiBuiltInKeywords.groovy:616)
	at com.kms.katalon.core.webui.keyword.WebUiBuiltInKeywords$click$2.call(Unknown Source)
	at Script1536729355807.run(Script1536729355807.groovy:37)
	at com.kms.katalon.core.main.ScriptEngine.run(ScriptEngine.java:183)
	at com.kms.katalon.core.main.ScriptEngine.runScriptAsRawText(ScriptEngine.java:108)
	at com.kms.katalon.core.main.TestCaseExecutor.runScript(TestCaseExecutor.java:294)
	at com.kms.katalon.core.main.TestCaseExecutor.doExecute(TestCaseExecutor.java:285)
	at com.kms.katalon.core.main.TestCaseExecutor.processExecutionPhase(TestCaseExecutor.java:264)
	at com.kms.katalon.core.main.TestCaseExecutor.accessMainPhase(TestCaseExecutor.java:256)
	at com.kms.katalon.core.main.TestCaseExecutor.execute(TestCaseExecutor.java:200)
	at com.kms.katalon.core.main.TestCaseMain.runTestCase(TestCaseMain.java:99)
	at com.kms.katalon.core.keyword.builtin.CallTestCaseKeyword$_callTestCase_closure1.doCall(CallTestCaseKeyword.groovy:60)
	at com.kms.katalon.core.keyword.builtin.CallTestCaseKeyword$_callTestCase_closure1.call(CallTestCaseKeyword.groovy)
	at com.kms.katalon.core.keyword.internal.KeywordMain.runKeyword(KeywordMain.groovy:54)
	at com.kms.katalon.core.keyword.builtin.CallTestCaseKeyword.callTestCase(CallTestCaseKeyword.groovy:81)
	at com.kms.katalon.core.keyword.builtin.CallTestCaseKeyword.execute(CallTestCaseKeyword.groovy:45)
	at com.kms.katalon.core.keyword.internal.KeywordExecutor.executeKeywordForPlatform(KeywordExecutor.groovy:53)
	at com.kms.katalon.core.keyword.BuiltinKeywords.callTestCase(BuiltinKeywords.groovy:334)
	at sun.reflect.GeneratedMethodAccessor13.invoke(Unknown Source)
	at sun.reflect.DelegatingMethodAccessorImpl.invoke(DelegatingMethodAccessorImpl.java:43)
	at java.lang.reflect.Method.invoke(Method.java:498)
	at org.codehaus.groovy.reflection.CachedMethod.invoke(CachedMethod.java:93)
	at groovy.lang.MetaMethod.doMethodInvoke(MetaMethod.java:325)
	at groovy.lang.MetaClassImpl.invokeStaticMethod(MetaClassImpl.java:1469)
	at org.codehaus.groovy.runtime.callsite.StaticMetaClassSite.call(StaticMetaClassSite.java:53)
	at org.codehaus.groovy.runtime.callsite.CallSiteArray.defaultCall(CallSiteArray.java:48)
	at org.codehaus.groovy.runtime.callsite.AbstractCallSite.call(AbstractCallSite.java:113)
	at org.codehaus.groovy.runtime.callsite.AbstractCallSite.call(AbstractCallSite.java:141)
	at Script1536729583481.run(Script1536729583481.groovy:22)
	at com.kms.katalon.core.main.ScriptEngine.run(ScriptEngine.java:183)
	at com.kms.katalon.core.main.ScriptEngine.runScriptAsRawText(ScriptEngine.java:108)
	at com.kms.katalon.core.main.TestCaseExecutor.runScript(TestCaseExecutor.java:294)
	at com.kms.katalon.core.main.TestCaseExecutor.doExecute(TestCaseExecutor.java:285)
	at com.kms.katalon.core.main.TestCaseExecutor.processExecutionPhase(TestCaseExecutor.java:264)
	at com.kms.katalon.core.main.TestCaseExecutor.accessMainPhase(TestCaseExecutor.java:256)
	at com.kms.katalon.core.main.TestCaseExecutor.execute(TestCaseExecutor.java:200)
	at com.kms.katalon.core.main.TestSuiteExecutor.accessTestCaseMainPhase(TestSuiteExecutor.java:129)
	at com.kms.katalon.core.main.TestSuiteExecutor.accessTestSuiteMainPhase(TestSuiteExecutor.java:112)
	at com.kms.katalon.core.main.TestSuiteExecutor.execute(TestSuiteExecutor.java:81)
	at com.kms.katalon.core.main.TestCaseMain.startTestSuite(TestCaseMain.java:142)
	at com.kms.katalon.core.main.TestCaseMain$startTestSuite$0.call(Unknown Source)
	at org.codehaus.groovy.runtime.callsite.CallSiteArray.defaultCall(CallSiteArray.java:48)
	at org.codehaus.groovy.runtime.callsite.AbstractCallSite.call(AbstractCallSite.java:113)
	at org.codehaus.groovy.runtime.callsite.AbstractCallSite.call(AbstractCallSite.java:141)
	at TempTestSuite1539913255508.run(TempTestSuite1539913255508.groovy:36)
	at groovy.lang.GroovyShell.runScriptOrMainOrTestOrRunnable(GroovyShell.java:263)
	at groovy.lang.GroovyShell.run(GroovyShell.java:518)
	at groovy.lang.GroovyShell.run(GroovyShell.java:507)
	at groovy.ui.GroovyMain.processOnce(GroovyMain.java:653)
	at groovy.ui.GroovyMain.run(GroovyMain.java:384)
	at groovy.ui.GroovyMain.process(GroovyMain.java:370)
	at groovy.ui.GroovyMain.processArgs(GroovyMain.java:129)
	at groovy.ui.GroovyMain.main(GroovyMain.java:109)
	at sun.reflect.NativeMethodAccessorImpl.invoke0(Native Method)
	at sun.reflect.NativeMethodAccessorImpl.invoke(NativeMethodAccessorImpl.java:62)
	at sun.reflect.DelegatingMethodAccessorImpl.invoke(DelegatingMethodAccessorImpl.java:43)
	at java.lang.reflect.Method.invoke(Method.java:498)
	at org.codehaus.groovy.tools.GroovyStarter.rootLoader(GroovyStarter.java:109)
	at org.codehaus.groovy.tools.GroovyStarter.main(GroovyStarter.java:131)
)

2018-10-19 11:50:17 - [TEST_STEP][FAILED] - callTestCase: Unable to call Test Case with id 'Test Cases/Final Aug 2018 - PKS Automation/Registration Module/Workflow/Form 1A - Cessation As Employer/Template/Form 1 A - Cessation As Employer (Employer)' (Root cause: Call Test Case 'Test Cases/Final Aug 2018 - PKS Automation/Registration Module/Workflow/Form 1A - Cessation As Employer/Template/Form 1 A - Cessation As Employer (Employer)' failed)

2018-10-19 11:50:17 - [TEST_CASE][FAILED] - Test Cases/Final Aug 2018 - PKS Automation/Registration Module/Workflow/Form 1A - Cessation As Employer/Template/Form 1 A - Cessation As Employer (Employer): Test Cases/Final Aug 2018 - PKS Automation/Registration Module/Workflow/Form 1A - Cessation As Employer/Template/Form 1 A - Cessation As Employer (Employer) FAILED because (of) (Stack trace: com.kms.katalon.core.exception.StepFailedException: Unable to click on object 'Object Repository/Final Object Repo/Page_Update Employer Information/Edit Button' (Root cause: org.openqa.selenium.WebDriverException: unknown error: Element <i class="icon-pencil" data-toggle="tooltip" title="" data-original-title=" Edit"></i> is not clickable at point (888, 514). Other element would receive the click: <div class="blockUI blockOverlay" style="z-index: 2000; border: none; margin: 0px; padding: 0px; width: 100%; height: 100%; top: 0px; left: 0px; background-color: rgb(0, 0, 0); opacity: 0.452712; cursor: wait; position: fixed;"></div>
  (Session info: chrome=69.0.3497.100)
  (Driver info: chromedriver=2.35.528161 (5b82f2d2aae0ca24b877009200ced9065a772e73),platform=Windows NT 6.1.7601 SP1 x86_64) (WARNING: The server did not provide any stacktrace information)
Command duration or timeout: 0 milliseconds
Build info: version: '3.7.1', revision: '8a0099a', time: '2017-11-06T21:07:36.161Z'
System info: host: 'WEIZHENG', ip: '192.168.137.1', os.name: 'Windows 7', os.arch: 'amd64', os.version: '6.1', java.version: '1.8.0_181'
Driver info: com.kms.katalon.selenium.driver.CChromeDriver
Capabilities {acceptInsecureCerts: false, acceptSslCerts: false, applicationCacheEnabled: false, browserConnectionEnabled: false, browserName: chrome, chrome: {chromedriverVersion: 2.35.528161 (5b82f2d2aae0ca..., userDataDir: C:\Users\WEIZHE~1\AppData\L...}, cssSelectorsEnabled: true, databaseEnabled: false, handlesAlerts: true, hasTouchScreen: false, javascriptEnabled: true, locationContextEnabled: true, mobileEmulationEnabled: false, nativeEvents: true, networkConnectionEnabled: false, pageLoadStrategy: normal, platform: XP, platformName: XP, rotatable: false, setWindowRect: true, takesHeapSnapshot: true, takesScreenshot: true, unexpectedAlertBehaviour: , unhandledPromptBehavior: , version: 69.0.3497.100, webStorageEnabled: true}
Session ID: a6a3adb882b39ceb58e835f90e43496b)
	at com.kms.katalon.core.keyword.internal.KeywordMain.stepFailed(KeywordMain.groovy:32)
	at com.kms.katalon.core.webui.keyword.internal.WebUIKeywordMain.stepFailed(WebUIKeywordMain.groovy:65)
	at com.kms.katalon.core.webui.keyword.internal.WebUIKeywordMain.runKeyword(WebUIKeywordMain.groovy:27)
	at com.kms.katalon.core.webui.keyword.builtin.ClickKeyword.click(ClickKeyword.groovy:86)
	at com.kms.katalon.core.webui.keyword.builtin.ClickKeyword.execute(ClickKeyword.groovy:67)
	at com.kms.katalon.core.keyword.internal.KeywordExecutor.executeKeywordForPlatform(KeywordExecutor.groovy:53)
	at com.kms.katalon.core.webui.keyword.WebUiBuiltInKeywords.click(WebUiBuiltInKeywords.groovy:616)
	at com.kms.katalon.core.webui.keyword.WebUiBuiltInKeywords$click$2.call(Unknown Source)
	at Script1536729355807.run(Script1536729355807.groovy:37)
	at com.kms.katalon.core.main.ScriptEngine.run(ScriptEngine.java:183)
	at com.kms.katalon.core.main.ScriptEngine.runScriptAsRawText(ScriptEngine.java:108)
	at com.kms.katalon.core.main.TestCaseExecutor.runScript(TestCaseExecutor.java:294)
	at com.kms.katalon.core.main.TestCaseExecutor.doExecute(TestCaseExecutor.java:285)
	at com.kms.katalon.core.main.TestCaseExecutor.processExecutionPhase(TestCaseExecutor.java:264)
	at com.kms.katalon.core.main.TestCaseExecutor.accessMainPhase(TestCaseExecutor.java:256)
	at com.kms.katalon.core.main.TestCaseExecutor.execute(TestCaseExecutor.java:200)
	at com.kms.katalon.core.main.TestCaseMain.runTestCase(TestCaseMain.java:99)
	at com.kms.katalon.core.keyword.builtin.CallTestCaseKeyword$_callTestCase_closure1.doCall(CallTestCaseKeyword.groovy:60)
	at com.kms.katalon.core.keyword.builtin.CallTestCaseKeyword$_callTestCase_closure1.call(CallTestCaseKeyword.groovy)
	at com.kms.katalon.core.keyword.internal.KeywordMain.runKeyword(KeywordMain.groovy:54)
	at com.kms.katalon.core.keyword.builtin.CallTestCaseKeyword.callTestCase(CallTestCaseKeyword.groovy:81)
	at com.kms.katalon.core.keyword.builtin.CallTestCaseKeyword.execute(CallTestCaseKeyword.groovy:45)
	at com.kms.katalon.core.keyword.internal.KeywordExecutor.executeKeywordForPlatform(KeywordExecutor.groovy:53)
	at com.kms.katalon.core.keyword.BuiltinKeywords.callTestCase(BuiltinKeywords.groovy:334)
	at sun.reflect.GeneratedMethodAccessor13.invoke(Unknown Source)
	at sun.reflect.DelegatingMethodAccessorImpl.invoke(DelegatingMethodAccessorImpl.java:43)
	at java.lang.reflect.Method.invoke(Method.java:498)
	at org.codehaus.groovy.reflection.CachedMethod.invoke(CachedMethod.java:93)
	at groovy.lang.MetaMethod.doMethodInvoke(MetaMethod.java:325)
	at groovy.lang.MetaClassImpl.invokeStaticMethod(MetaClassImpl.java:1469)
	at org.codehaus.groovy.runtime.callsite.StaticMetaClassSite.call(StaticMetaClassSite.java:53)
	at org.codehaus.groovy.runtime.callsite.CallSiteArray.defaultCall(CallSiteArray.java:48)
	at org.codehaus.groovy.runtime.callsite.AbstractCallSite.call(AbstractCallSite.java:113)
	at org.codehaus.groovy.runtime.callsite.AbstractCallSite.call(AbstractCallSite.java:141)
	at Script1536729583481.run(Script1536729583481.groovy:22)
	at com.kms.katalon.core.main.ScriptEngine.run(ScriptEngine.java:183)
	at com.kms.katalon.core.main.ScriptEngine.runScriptAsRawText(ScriptEngine.java:108)
	at com.kms.katalon.core.main.TestCaseExecutor.runScript(TestCaseExecutor.java:294)
	at com.kms.katalon.core.main.TestCaseExecutor.doExecute(TestCaseExecutor.java:285)
	at com.kms.katalon.core.main.TestCaseExecutor.processExecutionPhase(TestCaseExecutor.java:264)
	at com.kms.katalon.core.main.TestCaseExecutor.accessMainPhase(TestCaseExecutor.java:256)
	at com.kms.katalon.core.main.TestCaseExecutor.execute(TestCaseExecutor.java:200)
	at com.kms.katalon.core.main.TestSuiteExecutor.accessTestCaseMainPhase(TestSuiteExecutor.java:129)
	at com.kms.katalon.core.main.TestSuiteExecutor.accessTestSuiteMainPhase(TestSuiteExecutor.java:112)
	at com.kms.katalon.core.main.TestSuiteExecutor.execute(TestSuiteExecutor.java:81)
	at com.kms.katalon.core.main.TestCaseMain.startTestSuite(TestCaseMain.java:142)
	at com.kms.katalon.core.main.TestCaseMain$startTestSuite$0.call(Unknown Source)
	at org.codehaus.groovy.runtime.callsite.CallSiteArray.defaultCall(CallSiteArray.java:48)
	at org.codehaus.groovy.runtime.callsite.AbstractCallSite.call(AbstractCallSite.java:113)
	at org.codehaus.groovy.runtime.callsite.AbstractCallSite.call(AbstractCallSite.java:141)
	at TempTestSuite1539913255508.run(TempTestSuite1539913255508.groovy:36)
	at groovy.lang.GroovyShell.runScriptOrMainOrTestOrRunnable(GroovyShell.java:263)
	at groovy.lang.GroovyShell.run(GroovyShell.java:518)
	at groovy.lang.GroovyShell.run(GroovyShell.java:507)
	at groovy.ui.GroovyMain.processOnce(GroovyMain.java:653)
	at groovy.ui.GroovyMain.run(GroovyMain.java:384)
	at groovy.ui.GroovyMain.process(GroovyMain.java:370)
	at groovy.ui.GroovyMain.processArgs(GroovyMain.java:129)
	at groovy.ui.GroovyMain.main(GroovyMain.java:109)
	at sun.reflect.NativeMethodAccessorImpl.invoke0(Native Method)
	at sun.reflect.NativeMethodAccessorImpl.invoke(NativeMethodAccessorImpl.java:62)
	at sun.reflect.DelegatingMethodAccessorImpl.invoke(DelegatingMethodAccessorImpl.java:43)
	at java.lang.reflect.Method.invoke(Method.java:498)
	at org.codehaus.groovy.tools.GroovyStarter.rootLoader(GroovyStarter.java:109)
	at org.codehaus.groovy.tools.GroovyStarter.main(GroovyStarter.java:131)
)

2018-10-19 11:50:17 - [TEST_STEP][PASSED] - callTestCase: Call Test Case 'Test Cases/Final Aug 2018 - PKS Automation/Registration Module/Workflow/Update Add New Employee/Template/New Company for Update Add New - Employer' successfully

2018-10-19 11:50:17 - [TEST_CASE][PASSED] - Test Cases/Final Aug 2018 - PKS Automation/Registration Module/Workflow/Update Add New Employee/Template/New Company for Update Add New - Employer: Test Cases/Final Aug 2018 - PKS Automation/Registration Module/Workflow/Update Add New Employee/Template/New Company for Update Add New - Employer

2018-10-19 11:50:17 - [TEST_STEP][PASSED] - callTestCase: Call Test Case 'Test Cases/Final Aug 2018 - PKS Automation/Create Employer Acc/Create Employer Account' successfully

2018-10-19 11:50:17 - [TEST_CASE][PASSED] - Test Cases/Final Aug 2018 - PKS Automation/Create Employer Acc/Create Employer Account: Test Cases/Final Aug 2018 - PKS Automation/Create Employer Acc/Create Employer Account

2018-10-19 11:50:17 - [TEST_STEP][PASSED] - callTestCase: Call Test Case 'Test Cases/Final Aug 2018 - PKS Automation/Create Employer Acc/Template/Register Employer' successfully

2018-10-19 11:50:17 - [TEST_CASE][PASSED] - Test Cases/Final Aug 2018 - PKS Automation/Create Employer Acc/Template/Register Employer: Test Cases/Final Aug 2018 - PKS Automation/Create Employer Acc/Template/Register Employer

2018-10-19 11:50:17 - [TEST_STEP][PASSED] - openBrowser: Browser is opened with url: ''

2018-10-19 11:50:17 - [MESSAGE][WARNING] - A browser is already opened. Closing browser and opening a new one

2018-10-19 11:50:20 - [MESSAGE][PASSED] - Browser is opened with url: ''

2018-10-19 11:50:20 - [TEST_STEP][PASSED] - navigateToUrl: Navigate to 'https://assist2-uat.perkeso.gov.my/login' successfully

2018-10-19 11:50:23 - [MESSAGE][PASSED] - Navigate to 'https://assist2-uat.perkeso.gov.my/login' successfully

2018-10-19 11:50:23 - [TEST_STEP][PASSED] - setText: Text 'johorotc1@gmail.com' is set on object 'Object Repository/Final Object Repo/Login Page/Internal User/Email Address'

2018-10-19 11:50:23 - [MESSAGE][PASSED] - Text 'johorotc1@gmail.com' is set on object 'Object Repository/Final Object Repo/Login Page/Internal User/Email Address'

2018-10-19 11:50:23 - [TEST_STEP][PASSED] - click: Object: 'Object Repository/Final Object Repo/Login Page/Internal User/Next Button' is clicked on

2018-10-19 11:50:24 - [MESSAGE][PASSED] - Object: 'Object Repository/Final Object Repo/Login Page/Internal User/Next Button' is clicked on

2018-10-19 11:50:24 - [TEST_STEP][PASSED] - delay: Delayed 1 second(s)

2018-10-19 11:50:25 - [MESSAGE][PASSED] - Delayed 1 second(s)

2018-10-19 11:50:25 - [TEST_STEP][PASSED] - setEncryptedText: Text ****** has been set on object 'Object Repository/Final Object Repo/Login Page/Internal User/Password'

2018-10-19 11:50:25 - [MESSAGE][PASSED] - Text ****** has been set on object 'Object Repository/Final Object Repo/Login Page/Internal User/Password'

2018-10-19 11:50:25 - [TEST_STEP][PASSED] - click: Object: 'Object Repository/Final Object Repo/Login Page/Internal User/Login Button' is clicked on

2018-10-19 11:50:25 - [MESSAGE][PASSED] - Object: 'Object Repository/Final Object Repo/Login Page/Internal User/Login Button' is clicked on

2018-10-19 11:50:25 - [TEST_STEP][PASSED] - delay: Delayed 1 second(s)

2018-10-19 11:50:26 - [MESSAGE][PASSED] - Delayed 1 second(s)

2018-10-19 11:50:26 - [TEST_STEP][PASSED] - navigateToUrl: Navigate to 'https://assist2-uat.perkeso.gov.my/web/base/portal-id/registration' successfully

2018-10-19 11:50:29 - [MESSAGE][PASSED] - Navigate to 'https://assist2-uat.perkeso.gov.my/web/base/portal-id/registration' successfully

2018-10-19 11:50:29 - [TEST_STEP][PASSED] - setText: Text 'AUTOMATION EMPLOYER' is set on object 'Object Repository/Final Object Repo/Creating Employer Account/Page_Registration - ASSIST (Base)/Employer Name'

2018-10-19 11:50:29 - [MESSAGE][PASSED] - Text 'AUTOMATION EMPLOYER' is set on object 'Object Repository/Final Object Repo/Creating Employer Account/Page_Registration - ASSIST (Base)/Employer Name'

2018-10-19 11:50:29 - [TEST_STEP][PASSED] - delay: Delayed 2 second(s)

2018-10-19 11:50:31 - [MESSAGE][PASSED] - Delayed 2 second(s)

2018-10-19 11:50:31 - [TEST_STEP][PASSED] - click: Object: 'Object Repository/Final Object Repo/Creating Employer Account/Page_Registration - ASSIST (Base)/Registration Type' is clicked on

2018-10-19 11:50:32 - [MESSAGE][PASSED] - Object: 'Object Repository/Final Object Repo/Creating Employer Account/Page_Registration - ASSIST (Base)/Registration Type' is clicked on

2018-10-19 11:50:32 - [TEST_STEP][PASSED] - delay: Delayed 2 second(s)

2018-10-19 11:50:34 - [MESSAGE][PASSED] - Delayed 2 second(s)

2018-10-19 11:50:34 - [TEST_STEP][PASSED] - click: Object: 'Object Repository/Final Object Repo/Creating Employer Account/Page_Registration - ASSIST (Base)/Registration Type - Registration No' is clicked on

2018-10-19 11:50:34 - [MESSAGE][PASSED] - Object: 'Object Repository/Final Object Repo/Creating Employer Account/Page_Registration - ASSIST (Base)/Registration Type - Registration No' is clicked on

2018-10-19 11:50:34 - [TEST_STEP][PASSED] - delay: Delayed 2 second(s)

2018-10-19 11:50:36 - [MESSAGE][PASSED] - Delayed 2 second(s)

2018-10-19 11:50:36 - [TEST_STEP][PASSED] - setText: Text '1234567890' is set on object 'Object Repository/Final Object Repo/Creating Employer Account/Page_Registration - ASSIST (Base)/Registration Number'

2018-10-19 11:50:36 - [MESSAGE][PASSED] - Text '1234567890' is set on object 'Object Repository/Final Object Repo/Creating Employer Account/Page_Registration - ASSIST (Base)/Registration Number'

2018-10-19 11:50:36 - [TEST_STEP][PASSED] - delay: Delayed 2 second(s)

2018-10-19 11:50:38 - [MESSAGE][PASSED] - Delayed 2 second(s)

2018-10-19 11:50:38 - [TEST_STEP][PASSED] - setText: Text 'ADDRESS 1' is set on object 'Object Repository/Final Object Repo/Creating Employer Account/Page_Registration - ASSIST (Base)/Postal Address 1'

2018-10-19 11:50:38 - [MESSAGE][PASSED] - Text 'ADDRESS 1' is set on object 'Object Repository/Final Object Repo/Creating Employer Account/Page_Registration - ASSIST (Base)/Postal Address 1'

2018-10-19 11:50:38 - [TEST_STEP][PASSED] - setText: Text 'ADDRESS 2' is set on object 'Object Repository/Final Object Repo/Creating Employer Account/Page_Registration - ASSIST (Base)/Postal Address 2'

2018-10-19 11:50:39 - [MESSAGE][PASSED] - Text 'ADDRESS 2' is set on object 'Object Repository/Final Object Repo/Creating Employer Account/Page_Registration - ASSIST (Base)/Postal Address 2'

2018-10-19 11:50:39 - [TEST_STEP][PASSED] - click: Object: 'Object Repository/Final Object Repo/Creating Employer Account/Page_Registration - ASSIST (Base)/State' is clicked on

2018-10-19 11:50:39 - [MESSAGE][PASSED] - Object: 'Object Repository/Final Object Repo/Creating Employer Account/Page_Registration - ASSIST (Base)/State' is clicked on

2018-10-19 11:50:39 - [TEST_STEP][PASSED] - delay: Delayed 2 second(s)

2018-10-19 11:50:41 - [MESSAGE][PASSED] - Delayed 2 second(s)

2018-10-19 11:50:41 - [TEST_STEP][PASSED] - click: Object: 'Object Repository/Final Object Repo/Creating Employer Account/Page_Registration - ASSIST (Base)/State - Johor' is clicked on

2018-10-19 11:50:41 - [MESSAGE][PASSED] - Object: 'Object Repository/Final Object Repo/Creating Employer Account/Page_Registration - ASSIST (Base)/State - Johor' is clicked on

2018-10-19 11:50:41 - [TEST_STEP][PASSED] - delay: Delayed 2 second(s)

2018-10-19 11:50:43 - [MESSAGE][PASSED] - Delayed 2 second(s)

2018-10-19 11:50:43 - [TEST_STEP][PASSED] - click: Object: 'Object Repository/Final Object Repo/Creating Employer Account/Page_Registration - ASSIST (Base)/City' is clicked on

2018-10-19 11:50:43 - [MESSAGE][PASSED] - Object: 'Object Repository/Final Object Repo/Creating Employer Account/Page_Registration - ASSIST (Base)/City' is clicked on

2018-10-19 11:50:43 - [TEST_STEP][PASSED] - delay: Delayed 2 second(s)

2018-10-19 11:50:45 - [MESSAGE][PASSED] - Delayed 2 second(s)

2018-10-19 11:50:45 - [TEST_STEP][PASSED] - setText: Text 'joh' is set on object 'Object Repository/Final Object Repo/Creating Employer Account/Page_Registration - ASSIST (Base)/City - joh'

2018-10-19 11:50:45 - [MESSAGE][PASSED] - Text 'joh' is set on object 'Object Repository/Final Object Repo/Creating Employer Account/Page_Registration - ASSIST (Base)/City - joh'

2018-10-19 11:50:45 - [TEST_STEP][PASSED] - delay: Delayed 2 second(s)

2018-10-19 11:50:47 - [MESSAGE][PASSED] - Delayed 2 second(s)

2018-10-19 11:50:47 - [TEST_STEP][PASSED] - click: Object: 'Object Repository/Final Object Repo/Creating Employer Account/Page_Registration - ASSIST (Base)/City - Johor Bharu' is clicked on

2018-10-19 11:50:48 - [MESSAGE][PASSED] - Object: 'Object Repository/Final Object Repo/Creating Employer Account/Page_Registration - ASSIST (Base)/City - Johor Bharu' is clicked on

2018-10-19 11:50:48 - [TEST_STEP][PASSED] - delay: Delayed 2 second(s)

2018-10-19 11:50:50 - [MESSAGE][PASSED] - Delayed 2 second(s)

2018-10-19 11:50:50 - [TEST_STEP][PASSED] - click: Object: 'Object Repository/Final Object Repo/Creating Employer Account/Page_Registration - ASSIST (Base)/Post Code' is clicked on

2018-10-19 11:50:50 - [MESSAGE][PASSED] - Object: 'Object Repository/Final Object Repo/Creating Employer Account/Page_Registration - ASSIST (Base)/Post Code' is clicked on

2018-10-19 11:50:50 - [TEST_STEP][PASSED] - delay: Delayed 2 second(s)

2018-10-19 11:50:52 - [MESSAGE][PASSED] - Delayed 2 second(s)

2018-10-19 11:50:52 - [TEST_STEP][PASSED] - setText: Text '810' is set on object 'Object Repository/Final Object Repo/Creating Employer Account/Page_Registration - ASSIST (Base)/Post Code - 810'

2018-10-19 11:50:52 - [MESSAGE][PASSED] - Text '810' is set on object 'Object Repository/Final Object Repo/Creating Employer Account/Page_Registration - ASSIST (Base)/Post Code - 810'

2018-10-19 11:50:52 - [TEST_STEP][PASSED] - delay: Delayed 2 second(s)

2018-10-19 11:50:54 - [MESSAGE][PASSED] - Delayed 2 second(s)

2018-10-19 11:50:54 - [TEST_STEP][PASSED] - click: Object: 'Object Repository/Final Object Repo/Creating Employer Account/Page_Registration - ASSIST (Base)/Post Code - 81000' is clicked on

2018-10-19 11:50:55 - [MESSAGE][PASSED] - Object: 'Object Repository/Final Object Repo/Creating Employer Account/Page_Registration - ASSIST (Base)/Post Code - 81000' is clicked on

2018-10-19 11:50:55 - [TEST_STEP][PASSED] - delay: Delayed 2 second(s)

2018-10-19 11:50:57 - [MESSAGE][PASSED] - Delayed 2 second(s)

2018-10-19 11:50:57 - [TEST_STEP][PASSED] - setText: Text 'PERKESO' is set on object 'Object Repository/Final Object Repo/Creating Employer Account/Page_Registration - ASSIST (Base)/Full Name'

2018-10-19 11:50:57 - [MESSAGE][PASSED] - Text 'PERKESO' is set on object 'Object Repository/Final Object Repo/Creating Employer Account/Page_Registration - ASSIST (Base)/Full Name'

2018-10-19 11:50:57 - [TEST_STEP][PASSED] - Statement - rnd = new java.util.Random(): null

2018-10-19 11:50:57 - [TEST_STEP][PASSED] - Statement - snum = rnd.nextInt(899999 + 1) + 100000: null

2018-10-19 11:50:57 - [TEST_STEP][PASSED] - Statement - tnum = rnd.nextInt(899999 + 1) + 100000: null

2018-10-19 11:50:57 - [TEST_STEP][PASSED] - Statement - IC = java.lang.Integer.toString(snum) + java.lang.Integer.toString(tnum): null

2018-10-19 11:50:57 - [TEST_STEP][PASSED] - Statement - out.println(IC): null

2018-10-19 11:50:57 - [TEST_STEP][PASSED] - setText: Text '317839556110' is set on object 'Object Repository/Final Object Repo/Creating Employer Account/Page_Registration - ASSIST (Base)/Identification Number'

2018-10-19 11:50:57 - [MESSAGE][PASSED] - Text '317839556110' is set on object 'Object Repository/Final Object Repo/Creating Employer Account/Page_Registration - ASSIST (Base)/Identification Number'

2018-10-19 11:50:57 - [TEST_STEP][PASSED] - delay: Delayed 2 second(s)

2018-10-19 11:50:59 - [MESSAGE][PASSED] - Delayed 2 second(s)

2018-10-19 11:50:59 - [TEST_STEP][PASSED] - setText: Text '123456789012' is set on object 'Object Repository/Final Object Repo/Creating Employer Account/Page_Registration - ASSIST (Base)/Contact Number'

2018-10-19 11:51:00 - [MESSAGE][PASSED] - Text '123456789012' is set on object 'Object Repository/Final Object Repo/Creating Employer Account/Page_Registration - ASSIST (Base)/Contact Number'

2018-10-19 11:51:00 - [TEST_STEP][PASSED] - Statement - Email = "perkeso" + IC + "@gmail.com": null

2018-10-19 11:51:00 - [TEST_STEP][PASSED] - delay: Delayed 2 second(s)

2018-10-19 11:51:02 - [MESSAGE][PASSED] - Delayed 2 second(s)

2018-10-19 11:51:02 - [TEST_STEP][PASSED] - callTestCase: Call Test Case 'Test Cases/Final Aug 2018 - PKS Automation/Create Employer Acc/Template/Employer Email Settler' successfully

2018-10-19 11:51:02 - [TEST_CASE][PASSED] - Test Cases/Final Aug 2018 - PKS Automation/Create Employer Acc/Template/Employer Email Settler: Test Cases/Final Aug 2018 - PKS Automation/Create Employer Acc/Template/Employer Email Settler

2018-10-19 11:51:02 - [TEST_STEP][PASSED] - Statement - EmpEmailOld = new java.io.File(C://EmpEmail.txt): null

2018-10-19 11:51:02 - [TEST_STEP][PASSED] - Statement - EmpEmailOld.delete(): null

2018-10-19 11:51:02 - [TEST_STEP][PASSED] - Statement - EmpEmail = new java.io.File(C://EmpEmail.txt): null

2018-10-19 11:51:02 - [TEST_STEP][PASSED] - Statement - EmpEmail.append(Email): null

2018-10-19 11:51:02 - [TEST_STEP][PASSED] - Statement - out.println(Email): null

2018-10-19 11:51:02 - [MESSAGE][PASSED] - Call Test Case 'Test Cases/Final Aug 2018 - PKS Automation/Create Employer Acc/Template/Employer Email Settler' successfully

2018-10-19 11:51:02 - [TEST_STEP][PASSED] - delay: Delayed 2 second(s)

2018-10-19 11:51:04 - [MESSAGE][PASSED] - Delayed 2 second(s)

2018-10-19 11:51:04 - [TEST_STEP][PASSED] - setText: Text 'perkeso317839556110@gmail.com' is set on object 'Object Repository/Final Object Repo/Creating Employer Account/Page_Registration - ASSIST (Base)/Email'

2018-10-19 11:51:04 - [MESSAGE][PASSED] - Text 'perkeso317839556110@gmail.com' is set on object 'Object Repository/Final Object Repo/Creating Employer Account/Page_Registration - ASSIST (Base)/Email'

2018-10-19 11:51:04 - [TEST_STEP][PASSED] - setText: Text '123' is set on object 'Object Repository/Final Object Repo/Creating Employer Account/Page_Registration - ASSIST (Base)/Security Phase'

2018-10-19 11:51:05 - [MESSAGE][PASSED] - Text '123' is set on object 'Object Repository/Final Object Repo/Creating Employer Account/Page_Registration - ASSIST (Base)/Security Phase'

2018-10-19 11:51:05 - [TEST_STEP][PASSED] - click: Object: 'Object Repository/Final Object Repo/Creating Employer Account/Page_Registration - ASSIST (Base)/Save  Continue' is clicked on

2018-10-19 11:51:05 - [MESSAGE][PASSED] - Object: 'Object Repository/Final Object Repo/Creating Employer Account/Page_Registration - ASSIST (Base)/Save  Continue' is clicked on

2018-10-19 11:51:05 - [TEST_STEP][PASSED] - delay: Delayed 2 second(s)

2018-10-19 11:51:07 - [MESSAGE][PASSED] - Delayed 2 second(s)

2018-10-19 11:51:07 - [TEST_STEP][PASSED] - click: Object: 'Object Repository/Final Object Repo/Creating Employer Account/Page_Registration - ASSIST (Base)/Add Document' is clicked on

2018-10-19 11:51:07 - [MESSAGE][PASSED] - Object: 'Object Repository/Final Object Repo/Creating Employer Account/Page_Registration - ASSIST (Base)/Add Document' is clicked on

2018-10-19 11:51:07 - [TEST_STEP][PASSED] - delay: Delayed 2 second(s)

2018-10-19 11:51:09 - [MESSAGE][PASSED] - Delayed 2 second(s)

2018-10-19 11:51:09 - [TEST_STEP][PASSED] - click: Object: 'Object Repository/Final Object Repo/Creating Employer Account/Page_Registration - ASSIST (Base)/Document Type' is clicked on

2018-10-19 11:51:09 - [MESSAGE][PASSED] - Object: 'Object Repository/Final Object Repo/Creating Employer Account/Page_Registration - ASSIST (Base)/Document Type' is clicked on

2018-10-19 11:51:09 - [TEST_STEP][PASSED] - delay: Delayed 2 second(s)

2018-10-19 11:51:11 - [MESSAGE][PASSED] - Delayed 2 second(s)

2018-10-19 11:51:11 - [TEST_STEP][PASSED] - click: Object: 'Object Repository/Final Object Repo/Creating Employer Account/Page_Registration - ASSIST (Base)/Document Type - Letter of Authorization' is clicked on

2018-10-19 11:51:11 - [MESSAGE][PASSED] - Object: 'Object Repository/Final Object Repo/Creating Employer Account/Page_Registration - ASSIST (Base)/Document Type - Letter of Authorization' is clicked on

2018-10-19 11:51:11 - [TEST_STEP][PASSED] - delay: Delayed 2 second(s)

2018-10-19 11:51:13 - [MESSAGE][PASSED] - Delayed 2 second(s)

2018-10-19 11:51:13 - [TEST_STEP][PASSED] - sendKeys: Keys 'C:\Users\Public\Pictures\Sample Pictures\Act.jpg' sent to object: 'Object Repository/Final Object Repo/Creating Employer Account/Page_Registration - ASSIST (Base)/Uploading File'

2018-10-19 11:51:13 - [MESSAGE][PASSED] - Keys 'C:\Users\Public\Pictures\Sample Pictures\Act.jpg' sent to object: 'Object Repository/Final Object Repo/Creating Employer Account/Page_Registration - ASSIST (Base)/Uploading File'

2018-10-19 11:51:13 - [TEST_STEP][PASSED] - delay: Delayed 2 second(s)

2018-10-19 11:51:15 - [MESSAGE][PASSED] - Delayed 2 second(s)

2018-10-19 11:51:15 - [TEST_STEP][PASSED] - click: Object: 'Object Repository/Final Object Repo/Creating Employer Account/Page_Registration - ASSIST (Base)/Add Document in Uploading File' is clicked on

2018-10-19 11:51:16 - [MESSAGE][PASSED] - Object: 'Object Repository/Final Object Repo/Creating Employer Account/Page_Registration - ASSIST (Base)/Add Document in Uploading File' is clicked on

2018-10-19 11:51:16 - [TEST_STEP][PASSED] - delay: Delayed 2 second(s)

2018-10-19 11:51:18 - [MESSAGE][PASSED] - Delayed 2 second(s)

2018-10-19 11:51:18 - [TEST_STEP][PASSED] - click: Object: 'Object Repository/Final Object Repo/Creating Employer Account/Page_Registration - ASSIST (Base)/Save' is clicked on

2018-10-19 11:51:18 - [MESSAGE][PASSED] - Object: 'Object Repository/Final Object Repo/Creating Employer Account/Page_Registration - ASSIST (Base)/Save' is clicked on

2018-10-19 11:51:18 - [TEST_STEP][PASSED] - delay: Delayed 2 second(s)

2018-10-19 11:51:20 - [MESSAGE][PASSED] - Delayed 2 second(s)

2018-10-19 11:51:20 - [TEST_STEP][PASSED] - click: Object: 'Object Repository/Final Object Repo/Creating Employer Account/Page_Registration - ASSIST (Base)/Submit' is clicked on

2018-10-19 11:51:20 - [MESSAGE][PASSED] - Object: 'Object Repository/Final Object Repo/Creating Employer Account/Page_Registration - ASSIST (Base)/Submit' is clicked on

2018-10-19 11:51:20 - [TEST_STEP][PASSED] - delay: Delayed 2 second(s)

2018-10-19 11:51:22 - [MESSAGE][PASSED] - Delayed 2 second(s)

2018-10-19 11:51:22 - [TEST_STEP][PASSED] - click: Object: 'Object Repository/Final Object Repo/Creating Employer Account/Page_Registration - ASSIST (Base)/Confirm' is clicked on

2018-10-19 11:51:22 - [MESSAGE][PASSED] - Object: 'Object Repository/Final Object Repo/Creating Employer Account/Page_Registration - ASSIST (Base)/Confirm' is clicked on

2018-10-19 11:51:22 - [MESSAGE][PASSED] - Call Test Case 'Test Cases/Final Aug 2018 - PKS Automation/Create Employer Acc/Template/Register Employer' successfully

2018-10-19 11:51:22 - [TEST_STEP][PASSED] - delay: Delayed 1 second(s)

2018-10-19 11:51:23 - [MESSAGE][PASSED] - Delayed 1 second(s)

2018-10-19 11:51:23 - [TEST_STEP][PASSED] - navigateToUrl: Navigate to 'https://assist2-uat.perkeso.gov.my/c/portal/logout' successfully

2018-10-19 11:51:25 - [MESSAGE][PASSED] - Navigate to 'https://assist2-uat.perkeso.gov.my/c/portal/logout' successfully

2018-10-19 11:51:25 - [TEST_STEP][PASSED] - delay: Delayed 1 second(s)

2018-10-19 11:51:26 - [MESSAGE][PASSED] - Delayed 1 second(s)

2018-10-19 11:51:26 - [TEST_STEP][PASSED] - callTestCase: Call Test Case 'Test Cases/Final Aug 2018 - PKS Automation/Create Employer Acc/Template/Change Password of Employer' successfully

2018-10-19 11:51:26 - [TEST_CASE][PASSED] - Test Cases/Final Aug 2018 - PKS Automation/Create Employer Acc/Template/Change Password of Employer: Test Cases/Final Aug 2018 - PKS Automation/Create Employer Acc/Template/Change Password of Employer

2018-10-19 11:51:26 - [TEST_STEP][PASSED] - openBrowser: Browser is opened with url: ''

2018-10-19 11:51:26 - [MESSAGE][WARNING] - A browser is already opened. Closing browser and opening a new one

2018-10-19 11:51:29 - [MESSAGE][PASSED] - Browser is opened with url: ''

2018-10-19 11:51:29 - [TEST_STEP][PASSED] - navigateToUrl: Navigate to 'https://assist2-uat.perkeso.gov.my/login' successfully

2018-10-19 11:51:31 - [MESSAGE][PASSED] - Navigate to 'https://assist2-uat.perkeso.gov.my/login' successfully

2018-10-19 11:51:31 - [TEST_STEP][PASSED] - delay: Delayed 5 second(s)

2018-10-19 11:51:36 - [MESSAGE][PASSED] - Delayed 5 second(s)

2018-10-19 11:51:36 - [TEST_STEP][PASSED] - setText: Text 'test@liferay.com' is set on object 'Object Repository/Final Object Repo/Login Page/Internal User/Email Address'

2018-10-19 11:51:37 - [MESSAGE][PASSED] - Text 'test@liferay.com' is set on object 'Object Repository/Final Object Repo/Login Page/Internal User/Email Address'

2018-10-19 11:51:37 - [TEST_STEP][PASSED] - click: Object: 'Object Repository/Final Object Repo/Login Page/Internal User/Next Button' is clicked on

2018-10-19 11:51:37 - [MESSAGE][PASSED] - Object: 'Object Repository/Final Object Repo/Login Page/Internal User/Next Button' is clicked on

2018-10-19 11:51:37 - [TEST_STEP][PASSED] - delay: Delayed 2 second(s)

2018-10-19 11:51:39 - [MESSAGE][PASSED] - Delayed 2 second(s)

2018-10-19 11:51:39 - [TEST_STEP][PASSED] - setText: Text 'test' is set on object 'Object Repository/Final Object Repo/Login Page/Internal User/Password'

2018-10-19 11:51:39 - [MESSAGE][PASSED] - Text 'test' is set on object 'Object Repository/Final Object Repo/Login Page/Internal User/Password'

2018-10-19 11:51:39 - [TEST_STEP][PASSED] - delay: Delayed 2 second(s)

2018-10-19 11:51:41 - [MESSAGE][PASSED] - Delayed 2 second(s)

2018-10-19 11:51:41 - [TEST_STEP][PASSED] - click: Object: 'Object Repository/Final Object Repo/Login Page/Internal User/Login Button' is clicked on

2018-10-19 11:51:41 - [MESSAGE][PASSED] - Object: 'Object Repository/Final Object Repo/Login Page/Internal User/Login Button' is clicked on

2018-10-19 11:51:41 - [TEST_STEP][PASSED] - delay: Delayed 3 second(s)

2018-10-19 11:51:44 - [MESSAGE][PASSED] - Delayed 3 second(s)

2018-10-19 11:51:44 - [TEST_STEP][PASSED] - navigateToUrl: Navigate to 'https://assist2-uat.perkeso.gov.my/group/control_panel/manage?p_p_id=125&p_p_lifecycle=0&p_p_state=maximized&p_p_mode=view&refererPlid=20455&_125_usersListView=flat-users&_125_toolbarItem=view-all-users&_125_saveUsersListView=true&_125_struts_action=%2Fusers_admin%2Fview' successfully

2018-10-19 11:51:48 - [MESSAGE][PASSED] - Navigate to 'https://assist2-uat.perkeso.gov.my/group/control_panel/manage?p_p_id=125&p_p_lifecycle=0&p_p_state=maximized&p_p_mode=view&refererPlid=20455&_125_usersListView=flat-users&_125_toolbarItem=view-all-users&_125_saveUsersListView=true&_125_struts_action=%2Fusers_admin%2Fview' successfully

2018-10-19 11:51:48 - [TEST_STEP][PASSED] - delay: Delayed 3 second(s)

2018-10-19 11:51:51 - [MESSAGE][PASSED] - Delayed 3 second(s)

2018-10-19 11:51:51 - [TEST_STEP][PASSED] - setText: Text 'perkeso317839556110@gmail.com' is set on object 'Object Repository/Final Object Repo/Creating Employer Account/Page_Users and Organizations - ASSIST/Employer name'

2018-10-19 11:51:51 - [MESSAGE][PASSED] - Text 'perkeso317839556110@gmail.com' is set on object 'Object Repository/Final Object Repo/Creating Employer Account/Page_Users and Organizations - ASSIST/Employer name'

2018-10-19 11:51:51 - [TEST_STEP][PASSED] - delay: Delayed 3 second(s)

2018-10-19 11:51:54 - [MESSAGE][PASSED] - Delayed 3 second(s)

2018-10-19 11:51:54 - [TEST_STEP][PASSED] - click: Object: 'Object Repository/Final Object Repo/Creating Employer Account/Page_Users and Organizations - ASSIST/Search' is clicked on

2018-10-19 11:51:55 - [MESSAGE][PASSED] - Object: 'Object Repository/Final Object Repo/Creating Employer Account/Page_Users and Organizations - ASSIST/Search' is clicked on

2018-10-19 11:51:55 - [TEST_STEP][PASSED] - delay: Delayed 3 second(s)

2018-10-19 11:51:58 - [MESSAGE][PASSED] - Delayed 3 second(s)

2018-10-19 11:51:58 - [TEST_STEP][PASSED] - click: Object: 'Object Repository/Final Object Repo/Creating Employer Account/Page_Users and Organizations - ASSIST/Action' is clicked on

2018-10-19 11:51:58 - [MESSAGE][PASSED] - Object: 'Object Repository/Final Object Repo/Creating Employer Account/Page_Users and Organizations - ASSIST/Action' is clicked on

2018-10-19 11:51:58 - [TEST_STEP][PASSED] - delay: Delayed 3 second(s)

2018-10-19 11:52:01 - [MESSAGE][PASSED] - Delayed 3 second(s)

2018-10-19 11:52:01 - [TEST_STEP][PASSED] - click: Object: 'Object Repository/Final Object Repo/Creating Employer Account/Page_Users and Organizations - ASSIST/Edit' is clicked on

2018-10-19 11:52:02 - [MESSAGE][PASSED] - Object: 'Object Repository/Final Object Repo/Creating Employer Account/Page_Users and Organizations - ASSIST/Edit' is clicked on

2018-10-19 11:52:02 - [TEST_STEP][PASSED] - delay: Delayed 3 second(s)

2018-10-19 11:52:05 - [MESSAGE][PASSED] - Delayed 3 second(s)

2018-10-19 11:52:05 - [TEST_STEP][PASSED] - click: Object: 'Object Repository/Final Object Repo/Creating Employer Account/Page_PERKESO - Users and Organizati/a_Password (Modified)' is clicked on

2018-10-19 11:52:05 - [MESSAGE][PASSED] - Object: 'Object Repository/Final Object Repo/Creating Employer Account/Page_PERKESO - Users and Organizati/a_Password (Modified)' is clicked on

2018-10-19 11:52:05 - [TEST_STEP][PASSED] - delay: Delayed 3 second(s)

2018-10-19 11:52:08 - [MESSAGE][PASSED] - Delayed 3 second(s)

2018-10-19 11:52:08 - [TEST_STEP][PASSED] - setEncryptedText: Text ****** has been set on object 'Object Repository/Final Object Repo/Creating Employer Account/Page_PERKESO - Users and Organizati/input__125_password1'

2018-10-19 11:52:09 - [MESSAGE][PASSED] - Text ****** has been set on object 'Object Repository/Final Object Repo/Creating Employer Account/Page_PERKESO - Users and Organizati/input__125_password1'

2018-10-19 11:52:09 - [TEST_STEP][PASSED] - delay: Delayed 3 second(s)

2018-10-19 11:52:12 - [MESSAGE][PASSED] - Delayed 3 second(s)

2018-10-19 11:52:12 - [TEST_STEP][PASSED] - setEncryptedText: Text ****** has been set on object 'Object Repository/Final Object Repo/Creating Employer Account/Page_PERKESO - Users and Organizati/input__125_password2'

2018-10-19 11:52:12 - [MESSAGE][PASSED] - Text ****** has been set on object 'Object Repository/Final Object Repo/Creating Employer Account/Page_PERKESO - Users and Organizati/input__125_password2'

2018-10-19 11:52:12 - [TEST_STEP][PASSED] - delay: Delayed 3 second(s)

2018-10-19 11:52:15 - [MESSAGE][PASSED] - Delayed 3 second(s)

2018-10-19 11:52:15 - [TEST_STEP][PASSED] - click: Object: 'Object Repository/Final Object Repo/Creating Employer Account/Page_PERKESO - Users and Organizati/Save' is clicked on

2018-10-19 11:52:17 - [MESSAGE][PASSED] - Object: 'Object Repository/Final Object Repo/Creating Employer Account/Page_PERKESO - Users and Organizati/Save' is clicked on

2018-10-19 11:52:17 - [MESSAGE][PASSED] - Call Test Case 'Test Cases/Final Aug 2018 - PKS Automation/Create Employer Acc/Template/Change Password of Employer' successfully

2018-10-19 11:52:17 - [TEST_STEP][PASSED] - delay: Delayed 1 second(s)

2018-10-19 11:52:18 - [MESSAGE][PASSED] - Delayed 1 second(s)

2018-10-19 11:52:18 - [TEST_STEP][PASSED] - navigateToUrl: Navigate to 'https://assist2-uat.perkeso.gov.my/c/portal/logout' successfully

2018-10-19 11:52:19 - [MESSAGE][PASSED] - Navigate to 'https://assist2-uat.perkeso.gov.my/c/portal/logout' successfully

2018-10-19 11:52:19 - [TEST_STEP][PASSED] - delay: Delayed 1 second(s)

2018-10-19 11:52:20 - [MESSAGE][PASSED] - Delayed 1 second(s)

2018-10-19 11:52:20 - [TEST_STEP][PASSED] - callTestCase: Call Test Case 'Test Cases/Final Aug 2018 - PKS Automation/Create Employer Acc/Template/Login to Employer Account (First Time)' successfully

2018-10-19 11:52:20 - [TEST_CASE][PASSED] - Test Cases/Final Aug 2018 - PKS Automation/Create Employer Acc/Template/Login to Employer Account (First Time): Test Cases/Final Aug 2018 - PKS Automation/Create Employer Acc/Template/Login to Employer Account (First Time)

2018-10-19 11:52:20 - [TEST_STEP][PASSED] - openBrowser: Browser is opened with url: ''

2018-10-19 11:52:20 - [MESSAGE][WARNING] - A browser is already opened. Closing browser and opening a new one

2018-10-19 11:52:23 - [MESSAGE][PASSED] - Browser is opened with url: ''

2018-10-19 11:52:23 - [TEST_STEP][PASSED] - navigateToUrl: Navigate to 'https://assist2-uat.perkeso.gov.my/employer/login' successfully

2018-10-19 11:52:26 - [MESSAGE][PASSED] - Navigate to 'https://assist2-uat.perkeso.gov.my/employer/login' successfully

2018-10-19 11:52:26 - [TEST_STEP][PASSED] - delay: Delayed 3 second(s)

2018-10-19 11:52:29 - [MESSAGE][PASSED] - Delayed 3 second(s)

2018-10-19 11:52:29 - [TEST_STEP][PASSED] - callTestCase: Call Test Case 'Test Cases/Final Aug 2018 - PKS Automation/Create Employer Acc/Template/Employer Email Getter' successfully

2018-10-19 11:52:29 - [TEST_CASE][PASSED] - Test Cases/Final Aug 2018 - PKS Automation/Create Employer Acc/Template/Employer Email Getter: Test Cases/Final Aug 2018 - PKS Automation/Create Employer Acc/Template/Employer Email Getter

2018-10-19 11:52:29 - [TEST_STEP][PASSED] - Statement - Try: null

2018-10-19 11:52:29 - [TEST_STEP][PASSED] - Statement - EmpEmail = new java.io.File(C://EmpEmail.txt): null

2018-10-19 11:52:29 - [TEST_STEP][PASSED] - Statement - bufferread = new java.io.BufferedReader(new java.io.FileReader(EmpEmail)): null

2018-10-19 11:52:29 - [TEST_STEP][PASSED] - Statement - readedVal = bufferread.readLine(): null

2018-10-19 11:52:29 - [TEST_STEP][PASSED] - Statement - out.println(readedVal): null

2018-10-19 11:52:29 - [TEST_STEP][PASSED] - Statement - Email = readedVal: null

2018-10-19 11:52:29 - [MESSAGE][PASSED] - Call Test Case 'Test Cases/Final Aug 2018 - PKS Automation/Create Employer Acc/Template/Employer Email Getter' successfully

2018-10-19 11:52:29 - [TEST_STEP][PASSED] - setText: Text 'perkeso251524965627@gmail.comperkeso317839556110@gmail.com' is set on object 'Object Repository/Final Object Repo/Login Page/External Login Page/Email'

2018-10-19 11:52:30 - [MESSAGE][PASSED] - Text 'perkeso251524965627@gmail.comperkeso317839556110@gmail.com' is set on object 'Object Repository/Final Object Repo/Login Page/External Login Page/Email'

2018-10-19 11:52:30 - [TEST_STEP][PASSED] - click: Object: 'Object Repository/Final Object Repo/Login Page/External Login Page/Next' is clicked on

2018-10-19 11:52:30 - [MESSAGE][PASSED] - Object: 'Object Repository/Final Object Repo/Login Page/External Login Page/Next' is clicked on

2018-10-19 11:52:30 - [TEST_STEP][PASSED] - delay: Delayed 3 second(s)

2018-10-19 11:52:33 - [MESSAGE][PASSED] - Delayed 3 second(s)

2018-10-19 11:52:33 - [TEST_STEP][PASSED] - setEncryptedText: Text ****** has been set on object 'Object Repository/Final Object Repo/Login Page/External Login Page/Password'

2018-10-19 11:52:46 - [MESSAGE][PASSED] - Text ****** has been set on object 'Object Repository/Final Object Repo/Login Page/External Login Page/Password'

2018-10-19 11:52:46 - [TEST_STEP][PASSED] - click: Object: 'Object Repository/Final Object Repo/Login Page/External Login Page/Login' is clicked on

2018-10-19 11:52:46 - [MESSAGE][PASSED] - Object: 'Object Repository/Final Object Repo/Login Page/External Login Page/Login' is clicked on

2018-10-19 11:52:46 - [TEST_STEP][PASSED] - delay: Delayed 3 second(s)

2018-10-19 11:52:49 - [MESSAGE][PASSED] - Delayed 3 second(s)

2018-10-19 11:52:49 - [TEST_STEP][PASSED] - click: Object: 'Object Repository/Final Object Repo/Creating Employer Account/Page_Terms of Use - ASSIST/button_I Agree' is clicked on

2018-10-19 11:52:50 - [MESSAGE][PASSED] - Object: 'Object Repository/Final Object Repo/Creating Employer Account/Page_Terms of Use - ASSIST/button_I Agree' is clicked on

2018-10-19 11:52:50 - [TEST_STEP][PASSED] - delay: Delayed 2 second(s)

2018-10-19 11:52:52 - [MESSAGE][PASSED] - Delayed 2 second(s)

2018-10-19 11:52:52 - [TEST_STEP][PASSED] - setEncryptedText: Text ****** has been set on object 'Object Repository/Final Object Repo/Creating Employer Account/Page_New Password - ASSIST/input_password1'

2018-10-19 11:52:52 - [MESSAGE][PASSED] - Text ****** has been set on object 'Object Repository/Final Object Repo/Creating Employer Account/Page_New Password - ASSIST/input_password1'

2018-10-19 11:52:52 - [TEST_STEP][PASSED] - setEncryptedText: Text ****** has been set on object 'Object Repository/Final Object Repo/Creating Employer Account/Page_New Password - ASSIST/input_password2'

2018-10-19 11:52:53 - [MESSAGE][PASSED] - Text ****** has been set on object 'Object Repository/Final Object Repo/Creating Employer Account/Page_New Password - ASSIST/input_password2'

2018-10-19 11:52:53 - [TEST_STEP][PASSED] - delay: Delayed 2 second(s)

2018-10-19 11:52:55 - [MESSAGE][PASSED] - Delayed 2 second(s)

2018-10-19 11:52:55 - [TEST_STEP][PASSED] - click: Object: 'Object Repository/Final Object Repo/Creating Employer Account/Page_New Password - ASSIST/Save' is clicked on

2018-10-19 11:52:55 - [MESSAGE][PASSED] - Object: 'Object Repository/Final Object Repo/Creating Employer Account/Page_New Password - ASSIST/Save' is clicked on

2018-10-19 11:52:55 - [TEST_STEP][PASSED] - delay: Delayed 2 second(s)

2018-10-19 11:52:57 - [MESSAGE][PASSED] - Delayed 2 second(s)

2018-10-19 11:52:57 - [TEST_STEP][PASSED] - setText: Text 'test' is set on object 'Object Repository/Final Object Repo/Creating Employer Account/Page_Password Reminder - ASSIST/Reminder Query Answer'

2018-10-19 11:52:57 - [MESSAGE][PASSED] - Text 'test' is set on object 'Object Repository/Final Object Repo/Creating Employer Account/Page_Password Reminder - ASSIST/Reminder Query Answer'

2018-10-19 11:52:57 - [TEST_STEP][PASSED] - delay: Delayed 2 second(s)

2018-10-19 11:52:59 - [MESSAGE][PASSED] - Delayed 2 second(s)

2018-10-19 11:52:59 - [TEST_STEP][PASSED] - doubleClick: Object: 'Object Repository/Final Object Repo/Creating Employer Account/Page_Password Reminder - ASSIST/Save' is double clicked on

2018-10-19 11:53:02 - [MESSAGE][PASSED] - Object: 'Object Repository/Final Object Repo/Creating Employer Account/Page_Password Reminder - ASSIST/Save' is double clicked on

2018-10-19 11:53:02 - [MESSAGE][PASSED] - Call Test Case 'Test Cases/Final Aug 2018 - PKS Automation/Create Employer Acc/Template/Login to Employer Account (First Time)' successfully

2018-10-19 11:53:02 - [MESSAGE][PASSED] - Call Test Case 'Test Cases/Final Aug 2018 - PKS Automation/Create Employer Acc/Create Employer Account' successfully

2018-10-19 11:53:02 - [TEST_STEP][PASSED] - callTestCase: Call Test Case 'Test Cases/Final Aug 2018 - PKS Automation/Registration Module/Log Out/log out avoiding katalon tagging' successfully

2018-10-19 11:53:02 - [TEST_CASE][PASSED] - Test Cases/Final Aug 2018 - PKS Automation/Registration Module/Log Out/log out avoiding katalon tagging: Test Cases/Final Aug 2018 - PKS Automation/Registration Module/Log Out/log out avoiding katalon tagging

2018-10-19 11:53:02 - [TEST_STEP][PASSED] - navigateToUrl: Navigate to 'https://assist2-uat.perkeso.gov.my/c/portal/logout' successfully

2018-10-19 11:53:03 - [MESSAGE][PASSED] - Navigate to 'https://assist2-uat.perkeso.gov.my/c/portal/logout' successfully

2018-10-19 11:53:03 - [MESSAGE][PASSED] - Call Test Case 'Test Cases/Final Aug 2018 - PKS Automation/Registration Module/Log Out/log out avoiding katalon tagging' successfully

2018-10-19 11:53:03 - [TEST_STEP][PASSED] - callTestCase: Call Test Case 'Test Cases/Final Aug 2018 - PKS Automation/Create Employer Acc/Login to Employer Account (Second time)' successfully

2018-10-19 11:53:03 - [TEST_CASE][PASSED] - Test Cases/Final Aug 2018 - PKS Automation/Create Employer Acc/Login to Employer Account (Second time): Test Cases/Final Aug 2018 - PKS Automation/Create Employer Acc/Login to Employer Account (Second time)

2018-10-19 11:53:03 - [TEST_STEP][PASSED] - openBrowser: Browser is opened with url: ''

2018-10-19 11:53:03 - [MESSAGE][WARNING] - A browser is already opened. Closing browser and opening a new one

2018-10-19 11:53:06 - [MESSAGE][PASSED] - Browser is opened with url: ''

2018-10-19 11:53:06 - [TEST_STEP][PASSED] - navigateToUrl: Navigate to 'https://assist2-uat.perkeso.gov.my/employer/login' successfully

2018-10-19 11:53:08 - [MESSAGE][PASSED] - Navigate to 'https://assist2-uat.perkeso.gov.my/employer/login' successfully

2018-10-19 11:53:08 - [TEST_STEP][PASSED] - delay: Delayed 3 second(s)

2018-10-19 11:53:11 - [MESSAGE][PASSED] - Delayed 3 second(s)

2018-10-19 11:53:11 - [TEST_STEP][PASSED] - callTestCase: Call Test Case 'Test Cases/Final Aug 2018 - PKS Automation/Create Employer Acc/Template/Employer Email Getter' successfully

2018-10-19 11:53:11 - [TEST_CASE][PASSED] - Test Cases/Final Aug 2018 - PKS Automation/Create Employer Acc/Template/Employer Email Getter: Test Cases/Final Aug 2018 - PKS Automation/Create Employer Acc/Template/Employer Email Getter

2018-10-19 11:53:11 - [TEST_STEP][PASSED] - Statement - Try: null

2018-10-19 11:53:11 - [TEST_STEP][PASSED] - Statement - EmpEmail = new java.io.File(C://EmpEmail.txt): null

2018-10-19 11:53:11 - [TEST_STEP][PASSED] - Statement - bufferread = new java.io.BufferedReader(new java.io.FileReader(EmpEmail)): null

2018-10-19 11:53:11 - [TEST_STEP][PASSED] - Statement - readedVal = bufferread.readLine(): null

2018-10-19 11:53:11 - [TEST_STEP][PASSED] - Statement - out.println(readedVal): null

2018-10-19 11:53:11 - [TEST_STEP][PASSED] - Statement - Email = readedVal: null

2018-10-19 11:53:11 - [MESSAGE][PASSED] - Call Test Case 'Test Cases/Final Aug 2018 - PKS Automation/Create Employer Acc/Template/Employer Email Getter' successfully

2018-10-19 11:53:11 - [TEST_STEP][PASSED] - setText: Text 'perkeso251524965627@gmail.comperkeso317839556110@gmail.com' is set on object 'Object Repository/Final Object Repo/Login Page/External Login Page/Email'

2018-10-19 11:53:12 - [MESSAGE][PASSED] - Text 'perkeso251524965627@gmail.comperkeso317839556110@gmail.com' is set on object 'Object Repository/Final Object Repo/Login Page/External Login Page/Email'

2018-10-19 11:53:12 - [TEST_STEP][PASSED] - click: Object: 'Object Repository/Final Object Repo/Login Page/External Login Page/Next' is clicked on

2018-10-19 11:53:12 - [MESSAGE][PASSED] - Object: 'Object Repository/Final Object Repo/Login Page/External Login Page/Next' is clicked on

2018-10-19 11:53:12 - [TEST_STEP][PASSED] - delay: Delayed 3 second(s)

2018-10-19 11:53:15 - [MESSAGE][PASSED] - Delayed 3 second(s)

2018-10-19 11:53:15 - [TEST_STEP][PASSED] - setEncryptedText: Text ****** has been set on object 'Object Repository/Final Object Repo/Login Page/External Login Page/Password'

2018-10-19 11:53:18 - [MESSAGE][PASSED] - Text ****** has been set on object 'Object Repository/Final Object Repo/Login Page/External Login Page/Password'

2018-10-19 11:53:18 - [TEST_STEP][PASSED] - click: Object: 'Object Repository/Final Object Repo/Login Page/External Login Page/Login' is clicked on

2018-10-19 11:53:18 - [MESSAGE][PASSED] - Object: 'Object Repository/Final Object Repo/Login Page/External Login Page/Login' is clicked on

2018-10-19 11:53:18 - [TEST_STEP][PASSED] - delay: Delayed 5 second(s)

2018-10-19 11:53:23 - [MESSAGE][PASSED] - Delayed 5 second(s)

2018-10-19 11:53:23 - [MESSAGE][PASSED] - Call Test Case 'Test Cases/Final Aug 2018 - PKS Automation/Create Employer Acc/Login to Employer Account (Second time)' successfully

2018-10-19 11:53:23 - [TEST_STEP][PASSED] - Statement - Try: Delayed 2 second(s)

2018-10-19 11:53:23 - [TEST_STEP][PASSED] - Statement - Checker = false: null

2018-10-19 11:53:23 - [TEST_STEP][PASSED] - Statement - Checker = com.kms.katalon.core.webui.keyword.WebUiBuiltInKeywords.verifyElementHasAttribute(com.kms.katalon.core.testobject.ObjectRepository.findTestObject(Final Object Repo/Landing Page/BM Detecting), "href", 20, OPTIONAL): Object 'Object Repository/Final Object Repo/Landing Page/BM Detecting' has attribute 'href'

2018-10-19 11:53:23 - [MESSAGE][PASSED] - Object 'Object Repository/Final Object Repo/Landing Page/BM Detecting' has attribute 'href'

2018-10-19 11:53:23 - [TEST_STEP][PASSED] - Statement - out.println(Checker): null

2018-10-19 11:53:23 - [TEST_STEP][PASSED] - Statement - If (Checker == false): null

2018-10-19 11:53:23 - [TEST_STEP][PASSED] - Statement - Else: null

2018-10-19 11:53:23 - [TEST_STEP][PASSED] - delay: Delayed 2 second(s)

2018-10-19 11:53:25 - [MESSAGE][PASSED] - Delayed 2 second(s)

2018-10-19 11:53:25 - [TEST_STEP][PASSED] - delay: Delayed 4 second(s)

2018-10-19 11:53:29 - [MESSAGE][PASSED] - Delayed 4 second(s)

2018-10-19 11:53:29 - [TEST_STEP][PASSED] - click: Object: 'Object Repository/Final Object Repo/Landing Page/My Sites Drop Down' is clicked on

2018-10-19 11:53:30 - [MESSAGE][PASSED] - Object: 'Object Repository/Final Object Repo/Landing Page/My Sites Drop Down' is clicked on

2018-10-19 11:53:30 - [TEST_STEP][PASSED] - click: Object: 'Object Repository/Final Object Repo/Landing Page/Select to Registration Module' is clicked on

2018-10-19 11:53:33 - [MESSAGE][PASSED] - Object: 'Object Repository/Final Object Repo/Landing Page/Select to Registration Module' is clicked on

2018-10-19 11:53:33 - [TEST_STEP][PASSED] - click: Object: 'Object Repository/Final Object Repo/Landing Page/Registration Button' is clicked on

2018-10-19 11:53:34 - [MESSAGE][PASSED] - Object: 'Object Repository/Final Object Repo/Landing Page/Registration Button' is clicked on

2018-10-19 11:53:34 - [TEST_STEP][PASSED] - delay: Delayed 2 second(s)

2018-10-19 11:53:36 - [MESSAGE][PASSED] - Delayed 2 second(s)

2018-10-19 11:53:36 - [TEST_STEP][PASSED] - click: Object: 'Object Repository/Final Object Repo/New Registration - Registration Module Pages/New Reg - OTC to RO/Special Case - OTC - Form 1/AEC NO' is clicked on

2018-10-19 11:53:37 - [MESSAGE][PASSED] - Object: 'Object Repository/Final Object Repo/New Registration - Registration Module Pages/New Reg - OTC to RO/Special Case - OTC - Form 1/AEC NO' is clicked on

2018-10-19 11:53:37 - [TEST_STEP][PASSED] - click: Object: 'Object Repository/Final Object Repo/New Registration - Registration Module Pages/New Reg - OTC to RO/Special Case - OTC - Form 1/Business Entity - Please Select' is clicked on

2018-10-19 11:53:37 - [MESSAGE][PASSED] - Object: 'Object Repository/Final Object Repo/New Registration - Registration Module Pages/New Reg - OTC to RO/Special Case - OTC - Form 1/Business Entity - Please Select' is clicked on

2018-10-19 11:53:37 - [TEST_STEP][PASSED] - click: Object: 'Object Repository/Final Object Repo/New Registration - Registration Module Pages/New Reg - OTC to RO/Special Case - OTC - Form 1/Selected - Corporation' is clicked on

2018-10-19 11:53:37 - [MESSAGE][PASSED] - Object: 'Object Repository/Final Object Repo/New Registration - Registration Module Pages/New Reg - OTC to RO/Special Case - OTC - Form 1/Selected - Corporation' is clicked on

2018-10-19 11:53:37 - [TEST_STEP][PASSED] - delay: Delayed 2 second(s)

2018-10-19 11:53:39 - [MESSAGE][PASSED] - Delayed 2 second(s)

2018-10-19 11:53:39 - [TEST_STEP][PASSED] - click: Object: 'Object Repository/Final Object Repo/New Registration - Registration Module Pages/New Reg - OTC to RO/Special Case - OTC - Form 1/Sub Business Entity - Please Select' is clicked on

2018-10-19 11:53:39 - [MESSAGE][PASSED] - Object: 'Object Repository/Final Object Repo/New Registration - Registration Module Pages/New Reg - OTC to RO/Special Case - OTC - Form 1/Sub Business Entity - Please Select' is clicked on

2018-10-19 11:53:39 - [TEST_STEP][PASSED] - delay: Delayed 2 second(s)

2018-10-19 11:53:41 - [MESSAGE][PASSED] - Delayed 2 second(s)

2018-10-19 11:53:41 - [TEST_STEP][PASSED] - click: Object: 'Object Repository/Final Object Repo/New Registration - Registration Module Pages/New Reg - OTC to RO/Special Case - OTC - Form 1/Selected - Sendirian Berhad' is clicked on

2018-10-19 11:53:42 - [MESSAGE][PASSED] - Object: 'Object Repository/Final Object Repo/New Registration - Registration Module Pages/New Reg - OTC to RO/Special Case - OTC - Form 1/Selected - Sendirian Berhad' is clicked on

2018-10-19 11:53:42 - [TEST_STEP][PASSED] - setText: Text 'AUTOMATE001' is set on object 'Object Repository/Final Object Repo/New Registration - Registration Module Pages/New Reg - OTC to RO/Special Case - OTC - Form 1/Input BRN Number'

2018-10-19 11:53:42 - [MESSAGE][PASSED] - Text 'AUTOMATE001' is set on object 'Object Repository/Final Object Repo/New Registration - Registration Module Pages/New Reg - OTC to RO/Special Case - OTC - Form 1/Input BRN Number'

2018-10-19 11:53:42 - [TEST_STEP][PASSED] - delay: Delayed 2 second(s)

2018-10-19 11:53:44 - [MESSAGE][PASSED] - Delayed 2 second(s)

2018-10-19 11:53:44 - [TEST_STEP][PASSED] - click: Object: 'Object Repository/Final Object Repo/New Registration - Registration Module Pages/New Reg - OTC to RO/Special Case - OTC - Form 1/BRN Search' is clicked on

2018-10-19 11:53:44 - [MESSAGE][PASSED] - Object: 'Object Repository/Final Object Repo/New Registration - Registration Module Pages/New Reg - OTC to RO/Special Case - OTC - Form 1/BRN Search' is clicked on

2018-10-19 11:53:44 - [TEST_STEP][PASSED] - delay: Delayed 4 second(s)

2018-10-19 11:53:48 - [MESSAGE][PASSED] - Delayed 4 second(s)

2018-10-19 11:53:48 - [TEST_STEP][PASSED] - click: Object: 'Object Repository/Final Object Repo/New Registration - Registration Module Pages/New Reg - OTC to RO/Special Case - OTC - Form 1/Registered with SSM - After Feb 2017' is clicked on

2018-10-19 11:53:49 - [MESSAGE][PASSED] - Object: 'Object Repository/Final Object Repo/New Registration - Registration Module Pages/New Reg - OTC to RO/Special Case - OTC - Form 1/Registered with SSM - After Feb 2017' is clicked on

2018-10-19 11:53:49 - [TEST_STEP][PASSED] - delay: Delayed 2 second(s)

2018-10-19 11:53:51 - [MESSAGE][PASSED] - Delayed 2 second(s)

2018-10-19 11:53:51 - [TEST_STEP][PASSED] - click: Object: 'Object Repository/Final Object Repo/New Registration - Registration Module Pages/Form 1/Registered As a Branch - Yes' is clicked on

2018-10-19 11:53:51 - [MESSAGE][PASSED] - Object: 'Object Repository/Final Object Repo/New Registration - Registration Module Pages/Form 1/Registered As a Branch - Yes' is clicked on

2018-10-19 11:53:51 - [TEST_STEP][PASSED] - click: Object: 'Object Repository/Final Object Repo/New Registration - Registration Module Pages/New Reg - OTC to RO/Special Case - OTC - Form 1/Acknowledgement Ticked' is clicked on

2018-10-19 11:53:51 - [MESSAGE][PASSED] - Object: 'Object Repository/Final Object Repo/New Registration - Registration Module Pages/New Reg - OTC to RO/Special Case - OTC - Form 1/Acknowledgement Ticked' is clicked on

2018-10-19 11:53:51 - [TEST_STEP][PASSED] - setText: Text 'perkeso251524965627@gmail.comperkeso317839556110@gmail.com' is set on object 'Object Repository/Final Object Repo/New Registration - Registration Module Pages/Form 1/Email'

2018-10-19 11:53:52 - [MESSAGE][PASSED] - Text 'perkeso251524965627@gmail.comperkeso317839556110@gmail.com' is set on object 'Object Repository/Final Object Repo/New Registration - Registration Module Pages/Form 1/Email'

2018-10-19 11:53:52 - [TEST_STEP][PASSED] - click: Object: 'Object Repository/Final Object Repo/New Registration - Registration Module Pages/New Reg - OTC to RO/Special Case - OTC - Form 1/Submit Button' is clicked on

2018-10-19 11:53:52 - [MESSAGE][PASSED] - Object: 'Object Repository/Final Object Repo/New Registration - Registration Module Pages/New Reg - OTC to RO/Special Case - OTC - Form 1/Submit Button' is clicked on

2018-10-19 11:53:52 - [TEST_STEP][PASSED] - callTestCase: Call Test Case 'Test Cases/Final Aug 2018 - PKS Automation/Registration Module/New Registration/Form 2/Add 1 Eligible - Employer Account Use' successfully

2018-10-19 11:53:52 - [TEST_CASE][PASSED] - Test Cases/Final Aug 2018 - PKS Automation/Registration Module/New Registration/Form 2/Add 1 Eligible - Employer Account Use: Test Cases/Final Aug 2018 - PKS Automation/Registration Module/New Registration/Form 2/Add 1 Eligible - Employer Account Use

2018-10-19 11:53:52 - [TEST_STEP][PASSED] - delay: Delayed 2 second(s)

2018-10-19 11:53:54 - [MESSAGE][PASSED] - Delayed 2 second(s)

2018-10-19 11:53:54 - [TEST_STEP][PASSED] - callTestCase: Call Test Case 'Test Cases/Final Aug 2018 - PKS Automation/Registration Module/New Registration/Form 2/Date Updater' successfully

2018-10-19 11:53:54 - [TEST_CASE][PASSED] - Test Cases/Final Aug 2018 - PKS Automation/Registration Module/New Registration/Form 2/Date Updater: Test Cases/Final Aug 2018 - PKS Automation/Registration Module/New Registration/Form 2/Date Updater

2018-10-19 11:53:55 - [TEST_STEP][PASSED] - Statement - TodayDate = new java.util.Date(): null

2018-10-19 11:53:55 - [TEST_STEP][PASSED] - Statement - CurrentDateNoFilter = new java.text.SimpleDateFormat(): null

2018-10-19 11:53:55 - [TEST_STEP][PASSED] - Statement - CurrentDateNoFilter.applyPattern("dd"): null

2018-10-19 11:53:55 - [TEST_STEP][PASSED] - Statement - CurrentDate = CurrentDateNoFilter.format(TodayDate): null

2018-10-19 11:53:55 - [TEST_STEP][PASSED] - Statement - CurrentDate = java.lang.Integer.parseInt(CurrentDate): null

2018-10-19 11:53:55 - [TEST_STEP][PASSED] - Statement - CurrentDate = CurrentDate: null

2018-10-19 11:53:55 - [TEST_STEP][PASSED] - Statement - CurrentDay = java.lang.Integer.parseInt(CurrentDate): null

2018-10-19 11:53:55 - [TEST_STEP][PASSED] - Statement - aDayBefore = CurrentDay + 1: null

2018-10-19 11:53:55 - [TEST_STEP][PASSED] - Statement - DayBefore = aDayBefore.toString(): null

2018-10-19 11:53:55 - [TEST_STEP][PASSED] - Statement - OneDayBefore = DayBefore: null

2018-10-19 11:53:55 - [TEST_STEP][PASSED] - Statement - CurrentDateNoFilter.applyPattern("MM"): null

2018-10-19 11:53:55 - [TEST_STEP][PASSED] - Statement - monthContainerMatcher = java.lang.Integer.parseInt(CurrentDateNoFilter.format(TodayDate)): null

2018-10-19 11:53:55 - [TEST_STEP][PASSED] - Statement - monthContainerMatcher = monthContainerMatcher - 1: null

2018-10-19 11:53:55 - [TEST_STEP][PASSED] - Statement - CurrentMonth = monthContainerMatcher.toString(): null

2018-10-19 11:53:55 - [TEST_STEP][PASSED] - Statement - CurrentMonth = CurrentMonth: null

2018-10-19 11:53:55 - [TEST_STEP][PASSED] - Statement - CurrentDateNoFilter.applyPattern("yyyy"): null

2018-10-19 11:53:55 - [TEST_STEP][PASSED] - Statement - CurrentYear = CurrentDateNoFilter.format(TodayDate): null

2018-10-19 11:53:55 - [TEST_STEP][PASSED] - Statement - CurrentYear = CurrentYear: null

2018-10-19 11:53:55 - [TEST_STEP][PASSED] - Statement - intCurrentYear = java.lang.Integer.parseInt(CurrentDateNoFilter.format(TodayDate)): null

2018-10-19 11:53:55 - [TEST_STEP][PASSED] - Statement - eighteenYrsAgo = intCurrentYear - 18: null

2018-10-19 11:53:55 - [TEST_STEP][PASSED] - Statement - eighteenYrsBeforeThisYr = eighteenYrsAgo.toString(): null

2018-10-19 11:53:55 - [TEST_STEP][PASSED] - Statement - EighteenYrsBefore = eighteenYrsBeforeThisYr: null

2018-10-19 11:53:55 - [TEST_STEP][PASSED] - Statement - fiftysevenYrsAgo = intCurrentYear - 57: null

2018-10-19 11:53:55 - [TEST_STEP][PASSED] - Statement - fiftysevenYrsBeforeThisYr = fiftysevenYrsAgo.toString(): null

2018-10-19 11:53:55 - [TEST_STEP][PASSED] - Statement - FiftysevenYrsBefore = fiftysevenYrsBeforeThisYr: null

2018-10-19 11:53:55 - [MESSAGE][PASSED] - Call Test Case 'Test Cases/Final Aug 2018 - PKS Automation/Registration Module/New Registration/Form 2/Date Updater' successfully

2018-10-19 11:53:55 - [TEST_STEP][PASSED] - delay: Delayed 1 second(s)

2018-10-19 11:53:56 - [MESSAGE][PASSED] - Delayed 1 second(s)

2018-10-19 11:53:56 - [TEST_STEP][PASSED] - Statement - CaseReferenceNo = com.kms.katalon.core.webui.keyword.WebUiBuiltInKeywords.getText(com.kms.katalon.core.testobject.ObjectRepository.findTestObject(Final Object Repo/New Registration - Registration Module Pages/Form 2/RefNo Acquiring)): Text of object 'Object Repository/Final Object Repo/New Registration - Registration Module Pages/Form 2/RefNo Acquiring' is: 'CRN10201800122245'

2018-10-19 11:54:04 - [MESSAGE][PASSED] - Text of object 'Object Repository/Final Object Repo/New Registration - Registration Module Pages/Form 2/RefNo Acquiring' is: 'CRN10201800122245'

2018-10-19 11:54:04 - [TEST_STEP][PASSED] - delay: Delayed 1 second(s)

2018-10-19 11:54:05 - [MESSAGE][PASSED] - Delayed 1 second(s)

2018-10-19 11:54:05 - [TEST_STEP][PASSED] - click: Object: 'Object Repository/Final Object Repo/New Registration - Registration Module Pages/Form 2/Add Employee Button' is clicked on

2018-10-19 11:54:05 - [MESSAGE][PASSED] - Object: 'Object Repository/Final Object Repo/New Registration - Registration Module Pages/Form 2/Add Employee Button' is clicked on

2018-10-19 11:54:05 - [TEST_STEP][PASSED] - delay: Delayed 1 second(s)

2018-10-19 11:54:06 - [MESSAGE][PASSED] - Delayed 1 second(s)

2018-10-19 11:54:06 - [TEST_STEP][PASSED] - setText: Text '010903091948' is set on object 'Object Repository/Final Object Repo/New Registration - Registration Module Pages/Form 2/NRIC Input'

2018-10-19 11:54:06 - [MESSAGE][PASSED] - Text '010903091948' is set on object 'Object Repository/Final Object Repo/New Registration - Registration Module Pages/Form 2/NRIC Input'

2018-10-19 11:54:06 - [TEST_STEP][PASSED] - delay: Delayed 2 second(s)

2018-10-19 11:54:08 - [MESSAGE][PASSED] - Delayed 2 second(s)

2018-10-19 11:54:08 - [TEST_STEP][PASSED] - setText: Text 'Automate001 eligible 1' is set on object 'Object Repository/Final Object Repo/New Registration - Registration Module Pages/Form 2/Employee Name Input'

2018-10-19 11:54:09 - [MESSAGE][PASSED] - Text 'Automate001 eligible 1' is set on object 'Object Repository/Final Object Repo/New Registration - Registration Module Pages/Form 2/Employee Name Input'

2018-10-19 11:54:09 - [TEST_STEP][PASSED] - delay: Delayed 2 second(s)

2018-10-19 11:54:11 - [MESSAGE][PASSED] - Delayed 2 second(s)

2018-10-19 11:54:11 - [TEST_STEP][PASSED] - click: Object: 'Object Repository/Final Object Repo/New Registration - Registration Module Pages/Form 2/DatePicker Pop Up' is clicked on

2018-10-19 11:54:11 - [MESSAGE][PASSED] - Object: 'Object Repository/Final Object Repo/New Registration - Registration Module Pages/Form 2/DatePicker Pop Up' is clicked on

2018-10-19 11:54:11 - [TEST_STEP][PASSED] - click: Object: 'Object Repository/Final Object Repo/New Registration - Registration Module Pages/Form 2/DOB Month' is clicked on

2018-10-19 11:54:11 - [MESSAGE][PASSED] - Object: 'Object Repository/Final Object Repo/New Registration - Registration Module Pages/Form 2/DOB Month' is clicked on

2018-10-19 11:54:11 - [TEST_STEP][PASSED] - Statement - CurrentMonth = CurrentMonth: null

2018-10-19 11:54:11 - [TEST_STEP][PASSED] - Statement - selectMonth = new com.kms.katalon.core.testobject.TestObject(): null

2018-10-19 11:54:11 - [TEST_STEP][PASSED] - Statement - selectMonth.addProperty("xpath", EQUALS, "//body/div/div/div/select/option[@value='" + CurrentMonth + "']", true): null

2018-10-19 11:54:11 - [TEST_STEP][PASSED] - click: Object: '' is clicked on

2018-10-19 11:54:11 - [MESSAGE][PASSED] - Object: '' is clicked on

2018-10-19 11:54:11 - [TEST_STEP][PASSED] - click: Object: 'Object Repository/Final Object Repo/New Registration - Registration Module Pages/Form 2/DOB Year' is clicked on

2018-10-19 11:54:11 - [MESSAGE][PASSED] - Object: 'Object Repository/Final Object Repo/New Registration - Registration Module Pages/Form 2/DOB Year' is clicked on

2018-10-19 11:54:11 - [TEST_STEP][PASSED] - Statement - Eyearsbf = EighteenYrsBefore: null

2018-10-19 11:54:11 - [TEST_STEP][PASSED] - Statement - selectYear = new com.kms.katalon.core.testobject.TestObject(): null

2018-10-19 11:54:11 - [TEST_STEP][PASSED] - Statement - selectYear.addProperty("xpath", EQUALS, "//div/div/div/select/option[@value='" + Eyearsbf + "']", true): null

2018-10-19 11:54:11 - [TEST_STEP][PASSED] - click: Object: '' is clicked on

2018-10-19 11:54:11 - [MESSAGE][PASSED] - Object: '' is clicked on

2018-10-19 11:54:11 - [TEST_STEP][PASSED] - Statement - UpdatedSelectDate = com.kms.katalon.core.webui.keyword.WebUiBuiltInKeywords.modifyObjectProperty(com.kms.katalon.core.testobject.ObjectRepository.findTestObject(Final Object Repo/New Registration - Registration Module Pages/Form 2/DOB Date), "xpath", "equals", "//body/div/table/tbody/tr/td/a[text()="" + CurrentDate + ""]", true): Modify property of object successfully

2018-10-19 11:54:11 - [MESSAGE][PASSED] - Modify property of object successfully

2018-10-19 11:54:11 - [TEST_STEP][PASSED] - delay: Delayed 3 second(s)

2018-10-19 11:54:14 - [MESSAGE][PASSED] - Delayed 3 second(s)

2018-10-19 11:54:14 - [TEST_STEP][PASSED] - click: Object: 'Object Repository/Final Object Repo/New Registration - Registration Module Pages/Form 2/DOB Date' is clicked on

2018-10-19 11:54:15 - [MESSAGE][PASSED] - Object: 'Object Repository/Final Object Repo/New Registration - Registration Module Pages/Form 2/DOB Date' is clicked on

2018-10-19 11:54:15 - [TEST_STEP][PASSED] - delay: Delayed 2 second(s)

2018-10-19 11:54:17 - [MESSAGE][PASSED] - Delayed 2 second(s)

2018-10-19 11:54:17 - [TEST_STEP][PASSED] - click: Object: 'Object Repository/Final Object Repo/New Registration - Registration Module Pages/Form 2/EmploymentStartDate Pop Up' is clicked on

2018-10-19 11:54:17 - [MESSAGE][PASSED] - Object: 'Object Repository/Final Object Repo/New Registration - Registration Module Pages/Form 2/EmploymentStartDate Pop Up' is clicked on

2018-10-19 11:54:17 - [TEST_STEP][PASSED] - delay: Delayed 2 second(s)

2018-10-19 11:54:19 - [MESSAGE][PASSED] - Delayed 2 second(s)

2018-10-19 11:54:19 - [TEST_STEP][PASSED] - click: Object: 'Object Repository/Final Object Repo/New Registration - Registration Module Pages/Form 2/Socso Employment StartDate Month' is clicked on

2018-10-19 11:54:19 - [MESSAGE][PASSED] - Object: 'Object Repository/Final Object Repo/New Registration - Registration Module Pages/Form 2/Socso Employment StartDate Month' is clicked on

2018-10-19 11:54:19 - [TEST_STEP][PASSED] - delay: Delayed 1 second(s)

2018-10-19 11:54:20 - [MESSAGE][PASSED] - Delayed 1 second(s)

2018-10-19 11:54:20 - [TEST_STEP][PASSED] - click: Object: 'Object Repository/Final Object Repo/New Registration - Registration Module Pages/Form 2/Select Socso Employement Startdate Month' is clicked on

2018-10-19 11:54:20 - [MESSAGE][PASSED] - Object: 'Object Repository/Final Object Repo/New Registration - Registration Module Pages/Form 2/Select Socso Employement Startdate Month' is clicked on

2018-10-19 11:54:20 - [TEST_STEP][PASSED] - delay: Delayed 2 second(s)

2018-10-19 11:54:22 - [MESSAGE][PASSED] - Delayed 2 second(s)

2018-10-19 11:54:22 - [TEST_STEP][PASSED] - click: Object: 'Object Repository/Final Object Repo/New Registration - Registration Module Pages/Form 2/Socso Employment StartDate Year' is clicked on

2018-10-19 11:54:22 - [MESSAGE][PASSED] - Object: 'Object Repository/Final Object Repo/New Registration - Registration Module Pages/Form 2/Socso Employment StartDate Year' is clicked on

2018-10-19 11:54:22 - [TEST_STEP][PASSED] - delay: Delayed 1 second(s)

2018-10-19 11:54:23 - [MESSAGE][PASSED] - Delayed 1 second(s)

2018-10-19 11:54:23 - [TEST_STEP][PASSED] - click: Object: 'Object Repository/Final Object Repo/New Registration - Registration Module Pages/Form 2/Select Socso Employment Startdate Year' is clicked on

2018-10-19 11:54:24 - [MESSAGE][PASSED] - Object: 'Object Repository/Final Object Repo/New Registration - Registration Module Pages/Form 2/Select Socso Employment Startdate Year' is clicked on

2018-10-19 11:54:24 - [TEST_STEP][PASSED] - delay: Delayed 2 second(s)

2018-10-19 11:54:26 - [MESSAGE][PASSED] - Delayed 2 second(s)

2018-10-19 11:54:26 - [TEST_STEP][PASSED] - click: Object: 'Object Repository/Final Object Repo/New Registration - Registration Module Pages/Form 2/Socso Employment Start Date Day' is clicked on

2018-10-19 11:54:26 - [MESSAGE][PASSED] - Object: 'Object Repository/Final Object Repo/New Registration - Registration Module Pages/Form 2/Socso Employment Start Date Day' is clicked on

2018-10-19 11:54:26 - [TEST_STEP][PASSED] - delay: Delayed 2 second(s)

2018-10-19 11:54:28 - [MESSAGE][PASSED] - Delayed 2 second(s)

2018-10-19 11:54:28 - [TEST_STEP][PASSED] - click: Object: 'Object Repository/Final Object Repo/New Registration - Registration Module Pages/Form 2/Save Button for Add Employee' is clicked on

2018-10-19 11:54:28 - [MESSAGE][PASSED] - Object: 'Object Repository/Final Object Repo/New Registration - Registration Module Pages/Form 2/Save Button for Add Employee' is clicked on

2018-10-19 11:54:28 - [TEST_STEP][PASSED] - delay: Delayed 6 second(s)

2018-10-19 11:54:34 - [MESSAGE][PASSED] - Delayed 6 second(s)

2018-10-19 11:54:34 - [TEST_STEP][PASSED] - click: Object: 'Object Repository/Final Object Repo/New Registration - Registration Module Pages/Form 2/Save and Continue Form 2' is clicked on

2018-10-19 11:54:34 - [MESSAGE][PASSED] - Object: 'Object Repository/Final Object Repo/New Registration - Registration Module Pages/Form 2/Save and Continue Form 2' is clicked on

2018-10-19 11:54:34 - [MESSAGE][PASSED] - Call Test Case 'Test Cases/Final Aug 2018 - PKS Automation/Registration Module/New Registration/Form 2/Add 1 Eligible - Employer Account Use' successfully

2018-10-19 11:54:34 - [TEST_STEP][PASSED] - callTestCase: Call Test Case 'Test Cases/Final Aug 2018 - PKS Automation/Registration Module/New Registration/Flow of New Registration/Third Screen - Upload Supporting Doc - Preview' successfully

2018-10-19 11:54:34 - [TEST_CASE][PASSED] - Test Cases/Final Aug 2018 - PKS Automation/Registration Module/New Registration/Flow of New Registration/Third Screen - Upload Supporting Doc - Preview: Test Cases/Final Aug 2018 - PKS Automation/Registration Module/New Registration/Flow of New Registration/Third Screen - Upload Supporting Doc - Preview

2018-10-19 11:54:34 - [TEST_STEP][PASSED] - waitForPageLoad: Wait for page load successfully

2018-10-19 11:54:35 - [MESSAGE][PASSED] - Wait for page load successfully

2018-10-19 11:54:35 - [TEST_STEP][PASSED] - Statement - CaseReferenceNo = com.kms.katalon.core.webui.keyword.WebUiBuiltInKeywords.getText(com.kms.katalon.core.testobject.ObjectRepository.findTestObject(Final Object Repo/New Registration - Registration Module Pages/Third Screen - Upload Supporting Doc- Preview/RefNo Acquiring)): Text of object 'Object Repository/Final Object Repo/New Registration - Registration Module Pages/Third Screen - Upload Supporting Doc- Preview/RefNo Acquiring' is: 'CRN10201800122245'

2018-10-19 11:54:35 - [MESSAGE][PASSED] - Text of object 'Object Repository/Final Object Repo/New Registration - Registration Module Pages/Third Screen - Upload Supporting Doc- Preview/RefNo Acquiring' is: 'CRN10201800122245'

2018-10-19 11:54:35 - [TEST_STEP][PASSED] - delay: Delayed 2 second(s)

2018-10-19 11:54:37 - [MESSAGE][PASSED] - Delayed 2 second(s)

2018-10-19 11:54:37 - [TEST_STEP][PASSED] - callTestCase: Call Test Case 'Test Cases/Final Aug 2018 - PKS Automation/Common/Reference Number Setter' successfully

2018-10-19 11:54:37 - [TEST_CASE][PASSED] - Test Cases/Final Aug 2018 - PKS Automation/Common/Reference Number Setter: Test Cases/Final Aug 2018 - PKS Automation/Common/Reference Number Setter

2018-10-19 11:54:38 - [TEST_STEP][PASSED] - Statement - RefNoOldFile = new java.io.File(C://KatalonReference.txt): null

2018-10-19 11:54:38 - [TEST_STEP][PASSED] - Statement - RefNoOldFile.delete(): null

2018-10-19 11:54:38 - [TEST_STEP][PASSED] - Statement - RefNo = new java.io.File(C://KatalonReference.txt): null

2018-10-19 11:54:38 - [TEST_STEP][PASSED] - Statement - RefNo.append(CaseReferenceNo): null

2018-10-19 11:54:38 - [TEST_STEP][PASSED] - Statement - out.println("


" + CaseReferenceNo + "


"): null

2018-10-19 11:54:38 - [MESSAGE][PASSED] - Call Test Case 'Test Cases/Final Aug 2018 - PKS Automation/Common/Reference Number Setter' successfully

2018-10-19 11:54:38 - [TEST_STEP][PASSED] - waitForElementClickable: Object 'Object Repository/Final Object Repo/New Registration - Registration Module Pages/Third Screen - Upload Supporting Doc- Preview/Save n Continue in SIP Employee Listing Page' is clickable

2018-10-19 11:54:38 - [MESSAGE][PASSED] - Object 'Object Repository/Final Object Repo/New Registration - Registration Module Pages/Third Screen - Upload Supporting Doc- Preview/Save n Continue in SIP Employee Listing Page' is clickable

2018-10-19 11:54:38 - [TEST_STEP][PASSED] - click: Object: 'Object Repository/Final Object Repo/New Registration - Registration Module Pages/Third Screen - Upload Supporting Doc- Preview/Save n Continue in SIP Employee Listing Page' is clicked on

2018-10-19 11:54:44 - [MESSAGE][PASSED] - Object: 'Object Repository/Final Object Repo/New Registration - Registration Module Pages/Third Screen - Upload Supporting Doc- Preview/Save n Continue in SIP Employee Listing Page' is clicked on

2018-10-19 11:54:44 - [TEST_STEP][PASSED] - delay: Delayed 6 second(s)

2018-10-19 11:54:50 - [MESSAGE][PASSED] - Delayed 6 second(s)

2018-10-19 11:54:50 - [TEST_STEP][PASSED] - click: Object: 'Object Repository/Final Object Repo/New Registration - Registration Module Pages/Third Screen - Upload Supporting Doc- Preview/Add Document Button' is clicked on

2018-10-19 11:54:50 - [MESSAGE][PASSED] - Object: 'Object Repository/Final Object Repo/New Registration - Registration Module Pages/Third Screen - Upload Supporting Doc- Preview/Add Document Button' is clicked on

2018-10-19 11:54:50 - [TEST_STEP][PASSED] - waitForElementClickable: Object 'Object Repository/Final Object Repo/New Registration - Registration Module Pages/Third Screen - Upload Supporting Doc- Preview/Supporting Doc Please Select Drop Down' is clickable

2018-10-19 11:54:54 - [MESSAGE][PASSED] - Object 'Object Repository/Final Object Repo/New Registration - Registration Module Pages/Third Screen - Upload Supporting Doc- Preview/Supporting Doc Please Select Drop Down' is clickable

2018-10-19 11:54:54 - [TEST_STEP][PASSED] - click: Object: 'Object Repository/Final Object Repo/New Registration - Registration Module Pages/Third Screen - Upload Supporting Doc- Preview/Supporting Doc Please Select Drop Down' is clicked on

2018-10-19 11:54:54 - [MESSAGE][PASSED] - Object: 'Object Repository/Final Object Repo/New Registration - Registration Module Pages/Third Screen - Upload Supporting Doc- Preview/Supporting Doc Please Select Drop Down' is clicked on

2018-10-19 11:54:54 - [TEST_STEP][PASSED] - delay: Delayed 2 second(s)

2018-10-19 11:54:56 - [MESSAGE][PASSED] - Delayed 2 second(s)

2018-10-19 11:54:56 - [TEST_STEP][PASSED] - click: Object: 'Object Repository/Final Object Repo/New Registration - Registration Module Pages/Third Screen - Upload Supporting Doc- Preview/Select to Upload Form 1' is clicked on

2018-10-19 11:54:56 - [MESSAGE][PASSED] - Object: 'Object Repository/Final Object Repo/New Registration - Registration Module Pages/Third Screen - Upload Supporting Doc- Preview/Select to Upload Form 1' is clicked on

2018-10-19 11:54:56 - [TEST_STEP][PASSED] - delay: Delayed 2 second(s)

2018-10-19 11:54:58 - [MESSAGE][PASSED] - Delayed 2 second(s)

2018-10-19 11:54:58 - [TEST_STEP][PASSED] - uploadFile: File 'C:\Users\Public\Pictures\Sample Pictures\Act.jpg' sent to object: 'Object Repository/Final Object Repo/New Registration - Registration Module Pages/Third Screen - Upload Supporting Doc- Preview/Upload File Adding'

2018-10-19 11:54:58 - [MESSAGE][PASSED] - File 'C:\Users\Public\Pictures\Sample Pictures\Act.jpg' sent to object: 'Object Repository/Final Object Repo/New Registration - Registration Module Pages/Third Screen - Upload Supporting Doc- Preview/Upload File Adding'

2018-10-19 11:54:58 - [TEST_STEP][PASSED] - delay: Delayed 5 second(s)

2018-10-19 11:55:03 - [MESSAGE][PASSED] - Delayed 5 second(s)

2018-10-19 11:55:03 - [TEST_STEP][PASSED] - click: Object: 'Object Repository/Final Object Repo/New Registration - Registration Module Pages/Third Screen - Upload Supporting Doc- Preview/Inner Form Add Document Button' is clicked on

2018-10-19 11:55:03 - [MESSAGE][PASSED] - Object: 'Object Repository/Final Object Repo/New Registration - Registration Module Pages/Third Screen - Upload Supporting Doc- Preview/Inner Form Add Document Button' is clicked on

2018-10-19 11:55:03 - [TEST_STEP][PASSED] - delay: Delayed 3 second(s)

2018-10-19 11:55:06 - [MESSAGE][PASSED] - Delayed 3 second(s)

2018-10-19 11:55:06 - [TEST_STEP][PASSED] - click: Object: 'Object Repository/Final Object Repo/New Registration - Registration Module Pages/Third Screen - Upload Supporting Doc- Preview/Add Document Button' is clicked on

2018-10-19 11:55:08 - [MESSAGE][PASSED] - Object: 'Object Repository/Final Object Repo/New Registration - Registration Module Pages/Third Screen - Upload Supporting Doc- Preview/Add Document Button' is clicked on

2018-10-19 11:55:08 - [TEST_STEP][PASSED] - waitForElementClickable: Object 'Object Repository/Final Object Repo/New Registration - Registration Module Pages/Third Screen - Upload Supporting Doc- Preview/Supporting Doc Please Select Drop Down' is clickable

2018-10-19 11:55:12 - [MESSAGE][PASSED] - Object 'Object Repository/Final Object Repo/New Registration - Registration Module Pages/Third Screen - Upload Supporting Doc- Preview/Supporting Doc Please Select Drop Down' is clickable

2018-10-19 11:55:12 - [TEST_STEP][PASSED] - click: Object: 'Object Repository/Final Object Repo/New Registration - Registration Module Pages/Third Screen - Upload Supporting Doc- Preview/Supporting Doc Please Select Drop Down' is clicked on

2018-10-19 11:55:12 - [MESSAGE][PASSED] - Object: 'Object Repository/Final Object Repo/New Registration - Registration Module Pages/Third Screen - Upload Supporting Doc- Preview/Supporting Doc Please Select Drop Down' is clicked on

2018-10-19 11:55:12 - [TEST_STEP][PASSED] - delay: Delayed 2 second(s)

2018-10-19 11:55:14 - [MESSAGE][PASSED] - Delayed 2 second(s)

2018-10-19 11:55:14 - [TEST_STEP][PASSED] - click: Object: 'Object Repository/Final Object Repo/New Registration - Registration Module Pages/Third Screen - Upload Supporting Doc- Preview/Select to Upload Form 2' is clicked on

2018-10-19 11:55:14 - [MESSAGE][PASSED] - Object: 'Object Repository/Final Object Repo/New Registration - Registration Module Pages/Third Screen - Upload Supporting Doc- Preview/Select to Upload Form 2' is clicked on

2018-10-19 11:55:14 - [TEST_STEP][PASSED] - delay: Delayed 2 second(s)

2018-10-19 11:55:16 - [MESSAGE][PASSED] - Delayed 2 second(s)

2018-10-19 11:55:16 - [TEST_STEP][PASSED] - uploadFile: File 'C:\Users\Public\Pictures\Sample Pictures\Act.jpg' sent to object: 'Object Repository/Final Object Repo/New Registration - Registration Module Pages/Third Screen - Upload Supporting Doc- Preview/Upload File Adding'

2018-10-19 11:55:16 - [MESSAGE][PASSED] - File 'C:\Users\Public\Pictures\Sample Pictures\Act.jpg' sent to object: 'Object Repository/Final Object Repo/New Registration - Registration Module Pages/Third Screen - Upload Supporting Doc- Preview/Upload File Adding'

2018-10-19 11:55:16 - [TEST_STEP][PASSED] - click: Object: 'Object Repository/Final Object Repo/New Registration - Registration Module Pages/Third Screen - Upload Supporting Doc- Preview/Inner Form Add Document Button' is clicked on

2018-10-19 11:55:16 - [MESSAGE][PASSED] - Object: 'Object Repository/Final Object Repo/New Registration - Registration Module Pages/Third Screen - Upload Supporting Doc- Preview/Inner Form Add Document Button' is clicked on

2018-10-19 11:55:16 - [TEST_STEP][PASSED] - delay: Delayed 4 second(s)

2018-10-19 11:55:20 - [MESSAGE][PASSED] - Delayed 4 second(s)

2018-10-19 11:55:20 - [TEST_STEP][PASSED] - click: Object: 'Object Repository/Final Object Repo/New Registration - Registration Module Pages/Third Screen - Upload Supporting Doc- Preview/Add Document Button' is clicked on

2018-10-19 11:55:22 - [MESSAGE][PASSED] - Object: 'Object Repository/Final Object Repo/New Registration - Registration Module Pages/Third Screen - Upload Supporting Doc- Preview/Add Document Button' is clicked on

2018-10-19 11:55:22 - [TEST_STEP][PASSED] - waitForElementClickable: Object 'Object Repository/Final Object Repo/New Registration - Registration Module Pages/Third Screen - Upload Supporting Doc- Preview/Supporting Doc Please Select Drop Down' is clickable

2018-10-19 11:55:25 - [MESSAGE][PASSED] - Object 'Object Repository/Final Object Repo/New Registration - Registration Module Pages/Third Screen - Upload Supporting Doc- Preview/Supporting Doc Please Select Drop Down' is clickable

2018-10-19 11:55:25 - [TEST_STEP][PASSED] - click: Object: 'Object Repository/Final Object Repo/New Registration - Registration Module Pages/Third Screen - Upload Supporting Doc- Preview/Supporting Doc Please Select Drop Down' is clicked on

2018-10-19 11:55:25 - [MESSAGE][PASSED] - Object: 'Object Repository/Final Object Repo/New Registration - Registration Module Pages/Third Screen - Upload Supporting Doc- Preview/Supporting Doc Please Select Drop Down' is clicked on

2018-10-19 11:55:25 - [TEST_STEP][PASSED] - click: Object: 'Object Repository/Final Object Repo/New Registration - Registration Module Pages/Third Screen - Upload Supporting Doc- Preview/Select to Upload Borang SIP 1' is clicked on

2018-10-19 11:55:25 - [MESSAGE][PASSED] - Object: 'Object Repository/Final Object Repo/New Registration - Registration Module Pages/Third Screen - Upload Supporting Doc- Preview/Select to Upload Borang SIP 1' is clicked on

2018-10-19 11:55:25 - [TEST_STEP][PASSED] - delay: Delayed 2 second(s)

2018-10-19 11:55:27 - [MESSAGE][PASSED] - Delayed 2 second(s)

2018-10-19 11:55:27 - [TEST_STEP][PASSED] - uploadFile: File 'C:\Users\Public\Pictures\Sample Pictures\Act.jpg' sent to object: 'Object Repository/Final Object Repo/New Registration - Registration Module Pages/Third Screen - Upload Supporting Doc- Preview/Upload File Adding'

2018-10-19 11:55:27 - [MESSAGE][PASSED] - File 'C:\Users\Public\Pictures\Sample Pictures\Act.jpg' sent to object: 'Object Repository/Final Object Repo/New Registration - Registration Module Pages/Third Screen - Upload Supporting Doc- Preview/Upload File Adding'

2018-10-19 11:55:27 - [TEST_STEP][PASSED] - click: Object: 'Object Repository/Final Object Repo/New Registration - Registration Module Pages/Third Screen - Upload Supporting Doc- Preview/Inner Form Add Document Button' is clicked on

2018-10-19 11:55:28 - [MESSAGE][PASSED] - Object: 'Object Repository/Final Object Repo/New Registration - Registration Module Pages/Third Screen - Upload Supporting Doc- Preview/Inner Form Add Document Button' is clicked on

2018-10-19 11:55:28 - [TEST_STEP][PASSED] - delay: Delayed 5 second(s)

2018-10-19 11:55:33 - [MESSAGE][PASSED] - Delayed 5 second(s)

2018-10-19 11:55:33 - [TEST_STEP][PASSED] - click: Object: 'Object Repository/Final Object Repo/New Registration - Registration Module Pages/Third Screen - Upload Supporting Doc- Preview/Add Document Button' is clicked on

2018-10-19 11:55:33 - [MESSAGE][PASSED] - Object: 'Object Repository/Final Object Repo/New Registration - Registration Module Pages/Third Screen - Upload Supporting Doc- Preview/Add Document Button' is clicked on

2018-10-19 11:55:33 - [TEST_STEP][PASSED] - waitForElementClickable: Object 'Object Repository/Final Object Repo/New Registration - Registration Module Pages/Third Screen - Upload Supporting Doc- Preview/Supporting Doc Please Select Drop Down' is clickable

2018-10-19 11:55:37 - [MESSAGE][PASSED] - Object 'Object Repository/Final Object Repo/New Registration - Registration Module Pages/Third Screen - Upload Supporting Doc- Preview/Supporting Doc Please Select Drop Down' is clickable

2018-10-19 11:55:37 - [TEST_STEP][PASSED] - click: Object: 'Object Repository/Final Object Repo/New Registration - Registration Module Pages/Third Screen - Upload Supporting Doc- Preview/Supporting Doc Please Select Drop Down' is clicked on

2018-10-19 11:55:37 - [MESSAGE][PASSED] - Object: 'Object Repository/Final Object Repo/New Registration - Registration Module Pages/Third Screen - Upload Supporting Doc- Preview/Supporting Doc Please Select Drop Down' is clicked on

2018-10-19 11:55:37 - [TEST_STEP][PASSED] - delay: Delayed 3 second(s)

2018-10-19 11:55:40 - [MESSAGE][PASSED] - Delayed 3 second(s)

2018-10-19 11:55:40 - [TEST_STEP][PASSED] - click: Object: 'Object Repository/Final Object Repo/New Registration - Registration Module Pages/Third Screen - Upload Supporting Doc- Preview/Select to Upload Borang SIP 2' is clicked on

2018-10-19 11:55:40 - [MESSAGE][PASSED] - Object: 'Object Repository/Final Object Repo/New Registration - Registration Module Pages/Third Screen - Upload Supporting Doc- Preview/Select to Upload Borang SIP 2' is clicked on

2018-10-19 11:55:40 - [TEST_STEP][PASSED] - delay: Delayed 2 second(s)

2018-10-19 11:55:42 - [MESSAGE][PASSED] - Delayed 2 second(s)

2018-10-19 11:55:42 - [TEST_STEP][PASSED] - uploadFile: File 'C:\Users\Public\Pictures\Sample Pictures\Act.jpg' sent to object: 'Object Repository/Final Object Repo/New Registration - Registration Module Pages/Third Screen - Upload Supporting Doc- Preview/Upload File Adding'

2018-10-19 11:55:43 - [MESSAGE][PASSED] - File 'C:\Users\Public\Pictures\Sample Pictures\Act.jpg' sent to object: 'Object Repository/Final Object Repo/New Registration - Registration Module Pages/Third Screen - Upload Supporting Doc- Preview/Upload File Adding'

2018-10-19 11:55:43 - [TEST_STEP][PASSED] - delay: Delayed 5 second(s)

2018-10-19 11:55:48 - [MESSAGE][PASSED] - Delayed 5 second(s)

2018-10-19 11:55:48 - [TEST_STEP][PASSED] - click: Object: 'Object Repository/Final Object Repo/New Registration - Registration Module Pages/Third Screen - Upload Supporting Doc- Preview/Inner Form Add Document Button' is clicked on

2018-10-19 11:55:48 - [MESSAGE][PASSED] - Object: 'Object Repository/Final Object Repo/New Registration - Registration Module Pages/Third Screen - Upload Supporting Doc- Preview/Inner Form Add Document Button' is clicked on

2018-10-19 11:55:48 - [TEST_STEP][PASSED] - delay: Delayed 3 second(s)

2018-10-19 11:55:51 - [MESSAGE][PASSED] - Delayed 3 second(s)

2018-10-19 11:55:51 - [TEST_STEP][PASSED] - waitForElementClickable: Object 'Object Repository/Final Object Repo/New Registration - Registration Module Pages/Third Screen - Upload Supporting Doc- Preview/Save n Continue in Uploading Supporting Doc Page' is clickable

2018-10-19 11:55:53 - [MESSAGE][PASSED] - Object 'Object Repository/Final Object Repo/New Registration - Registration Module Pages/Third Screen - Upload Supporting Doc- Preview/Save n Continue in Uploading Supporting Doc Page' is clickable

2018-10-19 11:55:53 - [TEST_STEP][PASSED] - click: Object: 'Object Repository/Final Object Repo/New Registration - Registration Module Pages/Third Screen - Upload Supporting Doc- Preview/Save n Continue in Uploading Supporting Doc Page' is clicked on

2018-10-19 11:55:53 - [MESSAGE][PASSED] - Object: 'Object Repository/Final Object Repo/New Registration - Registration Module Pages/Third Screen - Upload Supporting Doc- Preview/Save n Continue in Uploading Supporting Doc Page' is clicked on

2018-10-19 11:55:53 - [MESSAGE][PASSED] - Call Test Case 'Test Cases/Final Aug 2018 - PKS Automation/Registration Module/New Registration/Flow of New Registration/Third Screen - Upload Supporting Doc - Preview' successfully

2018-10-19 11:55:53 - [TEST_STEP][PASSED] - setText: Text 'Tester' is set on object 'Object Repository/Final Object Repo/New Registration - Registration Module Pages/New Reg - OTC to RO/Special Case - All Related Objects/Employer Preview Name'

2018-10-19 11:55:58 - [MESSAGE][PASSED] - Text 'Tester' is set on object 'Object Repository/Final Object Repo/New Registration - Registration Module Pages/New Reg - OTC to RO/Special Case - All Related Objects/Employer Preview Name'

2018-10-19 11:55:58 - [TEST_STEP][PASSED] - click: Object: 'Object Repository/Final Object Repo/New Registration - Registration Module Pages/New Reg - OTC to RO/Special Case - All Related Objects/IC Type Drop Down' is clicked on

2018-10-19 11:55:58 - [MESSAGE][PASSED] - Object: 'Object Repository/Final Object Repo/New Registration - Registration Module Pages/New Reg - OTC to RO/Special Case - All Related Objects/IC Type Drop Down' is clicked on

2018-10-19 11:55:58 - [TEST_STEP][PASSED] - click: Object: 'Object Repository/Final Object Repo/New Registration - Registration Module Pages/New Reg - OTC to RO/Special Case - All Related Objects/Select to NRIC' is clicked on

2018-10-19 11:55:58 - [MESSAGE][PASSED] - Object: 'Object Repository/Final Object Repo/New Registration - Registration Module Pages/New Reg - OTC to RO/Special Case - All Related Objects/Select to NRIC' is clicked on

2018-10-19 11:55:58 - [TEST_STEP][PASSED] - setText: Text '133245561223' is set on object 'Object Repository/Final Object Repo/New Registration - Registration Module Pages/New Reg - OTC to RO/Special Case - All Related Objects/IC Value'

2018-10-19 11:55:59 - [MESSAGE][PASSED] - Text '133245561223' is set on object 'Object Repository/Final Object Repo/New Registration - Registration Module Pages/New Reg - OTC to RO/Special Case - All Related Objects/IC Value'

2018-10-19 11:55:59 - [TEST_STEP][PASSED] - setText: Text 'Auto' is set on object 'Object Repository/Final Object Repo/New Registration - Registration Module Pages/New Reg - OTC to RO/Special Case - All Related Objects/Designation'

2018-10-19 11:55:59 - [MESSAGE][PASSED] - Text 'Auto' is set on object 'Object Repository/Final Object Repo/New Registration - Registration Module Pages/New Reg - OTC to RO/Special Case - All Related Objects/Designation'

2018-10-19 11:55:59 - [TEST_STEP][PASSED] - callTestCase: Call Test Case 'Test Cases/Final Aug 2018 - PKS Automation/Registration Module/New Registration/Submit and Screenshot/Submit Registration and Screenshot - Copy' successfully

2018-10-19 11:55:59 - [TEST_CASE][PASSED] - Test Cases/Final Aug 2018 - PKS Automation/Registration Module/New Registration/Submit and Screenshot/Submit Registration and Screenshot - Copy: Test Cases/Final Aug 2018 - PKS Automation/Registration Module/New Registration/Submit and Screenshot/Submit Registration and Screenshot - Copy

2018-10-19 11:55:59 - [TEST_STEP][PASSED] - delay: Delayed 6 second(s)

2018-10-19 11:56:05 - [MESSAGE][PASSED] - Delayed 6 second(s)

2018-10-19 11:56:05 - [TEST_STEP][PASSED] - click: Object: 'Object Repository/Final Object Repo/New Registration - Registration Module Pages/Third Screen - Upload Supporting Doc- Preview/Preview Submit Button' is clicked on

2018-10-19 11:56:05 - [MESSAGE][PASSED] - Object: 'Object Repository/Final Object Repo/New Registration - Registration Module Pages/Third Screen - Upload Supporting Doc- Preview/Preview Submit Button' is clicked on

2018-10-19 11:56:05 - [TEST_STEP][PASSED] - delay: Delayed 2 second(s)

2018-10-19 11:56:07 - [MESSAGE][PASSED] - Delayed 2 second(s)

2018-10-19 11:56:07 - [TEST_STEP][PASSED] - click: Object: 'Object Repository/Final Object Repo/New Registration - Registration Module Pages/Third Screen - Upload Supporting Doc- Preview/Preview Submit - Confirm' is clicked on

2018-10-19 11:56:07 - [MESSAGE][PASSED] - Object: 'Object Repository/Final Object Repo/New Registration - Registration Module Pages/Third Screen - Upload Supporting Doc- Preview/Preview Submit - Confirm' is clicked on

2018-10-19 11:56:07 - [TEST_STEP][PASSED] - delay: Delayed 15 second(s)

2018-10-19 11:56:22 - [MESSAGE][PASSED] - Delayed 15 second(s)

2018-10-19 11:56:22 - [TEST_STEP][PASSED] - Statement - driver = com.kms.katalon.core.webui.driver.DriverFactory.getWebDriver(): null

2018-10-19 11:56:22 - [TEST_STEP][PASSED] - Statement - driver.manage().timeouts().implicitlyWait(10, SECONDS): null

2018-10-19 11:56:22 - [TEST_STEP][PASSED] - Statement - PresavePath = KatalonScreenshots: null

2018-10-19 11:56:22 - [TEST_STEP][PASSED] - Statement - pathPrefix = "C:\Users\Public\Pictures\Sample Pictures\Katalon Screenshots\Automate Ending Screen": null

2018-10-19 11:56:22 - [TEST_STEP][PASSED] - Statement - finalPath = <not implemented yet for class: org.codehaus.groovy.ast.expr.EmptyExpression>: null

2018-10-19 11:56:22 - [TEST_STEP][PASSED] - Statement - scrFile = driver.getScreenshotAs(FILE): null

2018-10-19 11:56:23 - [TEST_STEP][PASSED] - Statement - PreSaveFile = new java.io.File(PresavePath): null

2018-10-19 11:56:23 - [TEST_STEP][PASSED] - Statement - counter = 0: null

2018-10-19 11:56:23 - [TEST_STEP][PASSED] - Statement - If (PreSaveFile.exists()): null

2018-10-19 11:56:23 - [TEST_STEP][PASSED] - Statement - While (PreSaveFile.exists()): null

2018-10-19 11:56:23 - [TEST_STEP][PASSED] - Statement - counter = counter + 1: null

2018-10-19 11:56:23 - [TEST_STEP][PASSED] - Statement - PreSaveFile = new java.io.File(((pathPrefix + java.lang.Integer.toString(counter)) + .png)): null

2018-10-19 11:56:23 - [TEST_STEP][PASSED] - Statement - counter = counter + 1: null

2018-10-19 11:56:23 - [TEST_STEP][PASSED] - Statement - PreSaveFile = new java.io.File(((pathPrefix + java.lang.Integer.toString(counter)) + .png)): null

2018-10-19 11:56:23 - [TEST_STEP][PASSED] - Statement - counter = counter + 1: null

2018-10-19 11:56:23 - [TEST_STEP][PASSED] - Statement - PreSaveFile = new java.io.File(((pathPrefix + java.lang.Integer.toString(counter)) + .png)): null

2018-10-19 11:56:23 - [TEST_STEP][PASSED] - Statement - counter = counter + 1: null

2018-10-19 11:56:23 - [TEST_STEP][PASSED] - Statement - PreSaveFile = new java.io.File(((pathPrefix + java.lang.Integer.toString(counter)) + .png)): null

2018-10-19 11:56:23 - [TEST_STEP][PASSED] - Statement - counter = counter + 1: null

2018-10-19 11:56:23 - [TEST_STEP][PASSED] - Statement - PreSaveFile = new java.io.File(((pathPrefix + java.lang.Integer.toString(counter)) + .png)): null

2018-10-19 11:56:23 - [TEST_STEP][PASSED] - Statement - counter = counter + 1: null

2018-10-19 11:56:23 - [TEST_STEP][PASSED] - Statement - PreSaveFile = new java.io.File(((pathPrefix + java.lang.Integer.toString(counter)) + .png)): null

2018-10-19 11:56:23 - [TEST_STEP][PASSED] - Statement - counter = counter + 1: null

2018-10-19 11:56:23 - [TEST_STEP][PASSED] - Statement - PreSaveFile = new java.io.File(((pathPrefix + java.lang.Integer.toString(counter)) + .png)): null

2018-10-19 11:56:23 - [TEST_STEP][PASSED] - Statement - counter = counter + 1: null

2018-10-19 11:56:23 - [TEST_STEP][PASSED] - Statement - PreSaveFile = new java.io.File(((pathPrefix + java.lang.Integer.toString(counter)) + .png)): null

2018-10-19 11:56:23 - [TEST_STEP][PASSED] - Statement - counter = counter + 1: null

2018-10-19 11:56:23 - [TEST_STEP][PASSED] - Statement - PreSaveFile = new java.io.File(((pathPrefix + java.lang.Integer.toString(counter)) + .png)): null

2018-10-19 11:56:23 - [TEST_STEP][PASSED] - Statement - counter = counter + 1: null

2018-10-19 11:56:23 - [TEST_STEP][PASSED] - Statement - PreSaveFile = new java.io.File(((pathPrefix + java.lang.Integer.toString(counter)) + .png)): null

2018-10-19 11:56:23 - [TEST_STEP][PASSED] - Statement - counter = counter + 1: null

2018-10-19 11:56:23 - [TEST_STEP][PASSED] - Statement - PreSaveFile = new java.io.File(((pathPrefix + java.lang.Integer.toString(counter)) + .png)): null

2018-10-19 11:56:23 - [TEST_STEP][PASSED] - Statement - counter = counter + 1: null

2018-10-19 11:56:23 - [TEST_STEP][PASSED] - Statement - PreSaveFile = new java.io.File(((pathPrefix + java.lang.Integer.toString(counter)) + .png)): null

2018-10-19 11:56:23 - [TEST_STEP][PASSED] - Statement - counter = counter + 1: null

2018-10-19 11:56:23 - [TEST_STEP][PASSED] - Statement - PreSaveFile = new java.io.File(((pathPrefix + java.lang.Integer.toString(counter)) + .png)): null

2018-10-19 11:56:23 - [TEST_STEP][PASSED] - Statement - counter = counter + 1: null

2018-10-19 11:56:23 - [TEST_STEP][PASSED] - Statement - PreSaveFile = new java.io.File(((pathPrefix + java.lang.Integer.toString(counter)) + .png)): null

2018-10-19 11:56:23 - [TEST_STEP][PASSED] - Statement - counter = counter + 1: null

2018-10-19 11:56:23 - [TEST_STEP][PASSED] - Statement - PreSaveFile = new java.io.File(((pathPrefix + java.lang.Integer.toString(counter)) + .png)): null

2018-10-19 11:56:23 - [TEST_STEP][PASSED] - Statement - counter = counter + 1: null

2018-10-19 11:56:23 - [TEST_STEP][PASSED] - Statement - PreSaveFile = new java.io.File(((pathPrefix + java.lang.Integer.toString(counter)) + .png)): null

2018-10-19 11:56:23 - [TEST_STEP][PASSED] - Statement - counter = counter + 1: null

2018-10-19 11:56:23 - [TEST_STEP][PASSED] - Statement - PreSaveFile = new java.io.File(((pathPrefix + java.lang.Integer.toString(counter)) + .png)): null

2018-10-19 11:56:23 - [TEST_STEP][PASSED] - Statement - counter = counter + 1: null

2018-10-19 11:56:23 - [TEST_STEP][PASSED] - Statement - PreSaveFile = new java.io.File(((pathPrefix + java.lang.Integer.toString(counter)) + .png)): null

2018-10-19 11:56:23 - [TEST_STEP][PASSED] - Statement - counter = counter + 1: null

2018-10-19 11:56:23 - [TEST_STEP][PASSED] - Statement - PreSaveFile = new java.io.File(((pathPrefix + java.lang.Integer.toString(counter)) + .png)): null

2018-10-19 11:56:23 - [TEST_STEP][PASSED] - Statement - counter = counter + 1: null

2018-10-19 11:56:23 - [TEST_STEP][PASSED] - Statement - PreSaveFile = new java.io.File(((pathPrefix + java.lang.Integer.toString(counter)) + .png)): null

2018-10-19 11:56:23 - [TEST_STEP][PASSED] - Statement - counter = counter + 1: null

2018-10-19 11:56:23 - [TEST_STEP][PASSED] - Statement - PreSaveFile = new java.io.File(((pathPrefix + java.lang.Integer.toString(counter)) + .png)): null

2018-10-19 11:56:23 - [TEST_STEP][PASSED] - Statement - counter = counter + 1: null

2018-10-19 11:56:23 - [TEST_STEP][PASSED] - Statement - PreSaveFile = new java.io.File(((pathPrefix + java.lang.Integer.toString(counter)) + .png)): null

2018-10-19 11:56:23 - [TEST_STEP][PASSED] - Statement - counter = counter + 1: null

2018-10-19 11:56:23 - [TEST_STEP][PASSED] - Statement - PreSaveFile = new java.io.File(((pathPrefix + java.lang.Integer.toString(counter)) + .png)): null

2018-10-19 11:56:23 - [TEST_STEP][PASSED] - Statement - counter = counter + 1: null

2018-10-19 11:56:23 - [TEST_STEP][PASSED] - Statement - PreSaveFile = new java.io.File(((pathPrefix + java.lang.Integer.toString(counter)) + .png)): null

2018-10-19 11:56:23 - [TEST_STEP][PASSED] - Statement - counter = counter + 1: null

2018-10-19 11:56:23 - [TEST_STEP][PASSED] - Statement - PreSaveFile = new java.io.File(((pathPrefix + java.lang.Integer.toString(counter)) + .png)): null

2018-10-19 11:56:23 - [TEST_STEP][PASSED] - Statement - counter = counter + 1: null

2018-10-19 11:56:23 - [TEST_STEP][PASSED] - Statement - PreSaveFile = new java.io.File(((pathPrefix + java.lang.Integer.toString(counter)) + .png)): null

2018-10-19 11:56:23 - [TEST_STEP][PASSED] - Statement - counter = counter + 1: null

2018-10-19 11:56:23 - [TEST_STEP][PASSED] - Statement - PreSaveFile = new java.io.File(((pathPrefix + java.lang.Integer.toString(counter)) + .png)): null

2018-10-19 11:56:23 - [TEST_STEP][PASSED] - Statement - counter = counter + 1: null

2018-10-19 11:56:23 - [TEST_STEP][PASSED] - Statement - PreSaveFile = new java.io.File(((pathPrefix + java.lang.Integer.toString(counter)) + .png)): null

2018-10-19 11:56:23 - [TEST_STEP][PASSED] - Statement - counter = counter + 1: null

2018-10-19 11:56:23 - [TEST_STEP][PASSED] - Statement - PreSaveFile = new java.io.File(((pathPrefix + java.lang.Integer.toString(counter)) + .png)): null

2018-10-19 11:56:23 - [TEST_STEP][PASSED] - Statement - counter = counter + 1: null

2018-10-19 11:56:23 - [TEST_STEP][PASSED] - Statement - PreSaveFile = new java.io.File(((pathPrefix + java.lang.Integer.toString(counter)) + .png)): null

2018-10-19 11:56:23 - [TEST_STEP][PASSED] - Statement - counter = counter + 1: null

2018-10-19 11:56:23 - [TEST_STEP][PASSED] - Statement - PreSaveFile = new java.io.File(((pathPrefix + java.lang.Integer.toString(counter)) + .png)): null

2018-10-19 11:56:23 - [TEST_STEP][PASSED] - Statement - counter = counter + 1: null

2018-10-19 11:56:23 - [TEST_STEP][PASSED] - Statement - PreSaveFile = new java.io.File(((pathPrefix + java.lang.Integer.toString(counter)) + .png)): null

2018-10-19 11:56:23 - [TEST_STEP][PASSED] - Statement - counter = counter + 1: null

2018-10-19 11:56:23 - [TEST_STEP][PASSED] - Statement - PreSaveFile = new java.io.File(((pathPrefix + java.lang.Integer.toString(counter)) + .png)): null

2018-10-19 11:56:23 - [TEST_STEP][PASSED] - Statement - counter = counter + 1: null

2018-10-19 11:56:23 - [TEST_STEP][PASSED] - Statement - PreSaveFile = new java.io.File(((pathPrefix + java.lang.Integer.toString(counter)) + .png)): null

2018-10-19 11:56:23 - [TEST_STEP][PASSED] - Statement - counter = counter + 1: null

2018-10-19 11:56:23 - [TEST_STEP][PASSED] - Statement - PreSaveFile = new java.io.File(((pathPrefix + java.lang.Integer.toString(counter)) + .png)): null

2018-10-19 11:56:23 - [TEST_STEP][PASSED] - Statement - counter = counter + 1: null

2018-10-19 11:56:23 - [TEST_STEP][PASSED] - Statement - PreSaveFile = new java.io.File(((pathPrefix + java.lang.Integer.toString(counter)) + .png)): null

2018-10-19 11:56:23 - [TEST_STEP][PASSED] - Statement - counter = counter + 1: null

2018-10-19 11:56:23 - [TEST_STEP][PASSED] - Statement - PreSaveFile = new java.io.File(((pathPrefix + java.lang.Integer.toString(counter)) + .png)): null

2018-10-19 11:56:23 - [TEST_STEP][PASSED] - Statement - counter = counter + 1: null

2018-10-19 11:56:23 - [TEST_STEP][PASSED] - Statement - PreSaveFile = new java.io.File(((pathPrefix + java.lang.Integer.toString(counter)) + .png)): null

2018-10-19 11:56:23 - [TEST_STEP][PASSED] - Statement - counter = counter + 1: null

2018-10-19 11:56:23 - [TEST_STEP][PASSED] - Statement - PreSaveFile = new java.io.File(((pathPrefix + java.lang.Integer.toString(counter)) + .png)): null

2018-10-19 11:56:23 - [TEST_STEP][PASSED] - Statement - counter = counter + 1: null

2018-10-19 11:56:23 - [TEST_STEP][PASSED] - Statement - PreSaveFile = new java.io.File(((pathPrefix + java.lang.Integer.toString(counter)) + .png)): null

2018-10-19 11:56:23 - [TEST_STEP][PASSED] - Statement - counter = counter + 1: null

2018-10-19 11:56:23 - [TEST_STEP][PASSED] - Statement - PreSaveFile = new java.io.File(((pathPrefix + java.lang.Integer.toString(counter)) + .png)): null

2018-10-19 11:56:23 - [TEST_STEP][PASSED] - Statement - counter = counter + 1: null

2018-10-19 11:56:23 - [TEST_STEP][PASSED] - Statement - PreSaveFile = new java.io.File(((pathPrefix + java.lang.Integer.toString(counter)) + .png)): null

2018-10-19 11:56:23 - [TEST_STEP][PASSED] - Statement - counter = counter + 1: null

2018-10-19 11:56:23 - [TEST_STEP][PASSED] - Statement - PreSaveFile = new java.io.File(((pathPrefix + java.lang.Integer.toString(counter)) + .png)): null

2018-10-19 11:56:23 - [TEST_STEP][PASSED] - Statement - counter = counter + 1: null

2018-10-19 11:56:23 - [TEST_STEP][PASSED] - Statement - PreSaveFile = new java.io.File(((pathPrefix + java.lang.Integer.toString(counter)) + .png)): null

2018-10-19 11:56:23 - [TEST_STEP][PASSED] - Statement - counter = counter + 1: null

2018-10-19 11:56:23 - [TEST_STEP][PASSED] - Statement - PreSaveFile = new java.io.File(((pathPrefix + java.lang.Integer.toString(counter)) + .png)): null

2018-10-19 11:56:23 - [TEST_STEP][PASSED] - Statement - counter = counter + 1: null

2018-10-19 11:56:23 - [TEST_STEP][PASSED] - Statement - PreSaveFile = new java.io.File(((pathPrefix + java.lang.Integer.toString(counter)) + .png)): null

2018-10-19 11:56:23 - [TEST_STEP][PASSED] - Statement - counter = counter + 1: null

2018-10-19 11:56:23 - [TEST_STEP][PASSED] - Statement - PreSaveFile = new java.io.File(((pathPrefix + java.lang.Integer.toString(counter)) + .png)): null

2018-10-19 11:56:23 - [TEST_STEP][PASSED] - Statement - counter = counter + 1: null

2018-10-19 11:56:23 - [TEST_STEP][PASSED] - Statement - PreSaveFile = new java.io.File(((pathPrefix + java.lang.Integer.toString(counter)) + .png)): null

2018-10-19 11:56:23 - [TEST_STEP][PASSED] - Statement - counter = counter + 1: null

2018-10-19 11:56:23 - [TEST_STEP][PASSED] - Statement - PreSaveFile = new java.io.File(((pathPrefix + java.lang.Integer.toString(counter)) + .png)): null

2018-10-19 11:56:23 - [TEST_STEP][PASSED] - Statement - counter = counter + 1: null

2018-10-19 11:56:23 - [TEST_STEP][PASSED] - Statement - PreSaveFile = new java.io.File(((pathPrefix + java.lang.Integer.toString(counter)) + .png)): null

2018-10-19 11:56:23 - [TEST_STEP][PASSED] - Statement - counter = counter + 1: null

2018-10-19 11:56:23 - [TEST_STEP][PASSED] - Statement - PreSaveFile = new java.io.File(((pathPrefix + java.lang.Integer.toString(counter)) + .png)): null

2018-10-19 11:56:23 - [TEST_STEP][PASSED] - Statement - counter = counter + 1: null

2018-10-19 11:56:23 - [TEST_STEP][PASSED] - Statement - PreSaveFile = new java.io.File(((pathPrefix + java.lang.Integer.toString(counter)) + .png)): null

2018-10-19 11:56:23 - [TEST_STEP][PASSED] - Statement - counter = counter + 1: null

2018-10-19 11:56:23 - [TEST_STEP][PASSED] - Statement - PreSaveFile = new java.io.File(((pathPrefix + java.lang.Integer.toString(counter)) + .png)): null

2018-10-19 11:56:23 - [TEST_STEP][PASSED] - Statement - finalPath = pathPrefix + java.lang.Integer.toString(counter) + ".png": null

2018-10-19 11:56:23 - [TEST_STEP][PASSED] - Statement - SaveFile = new java.io.File(finalPath): null

2018-10-19 11:56:23 - [TEST_STEP][PASSED] - Statement - Try: null

2018-10-19 11:56:23 - [TEST_STEP][PASSED] - Statement - org.apache.commons.io.FileUtils.copyFile(scrFile, SaveFile): null

2018-10-19 11:56:23 - [TEST_STEP][PASSED] - Statement - out.println("file kept"): null

2018-10-19 11:56:23 - [TEST_STEP][PASSED] - delay: Delayed 10 second(s)

2018-10-19 11:56:33 - [MESSAGE][PASSED] - Delayed 10 second(s)

2018-10-19 11:56:33 - [MESSAGE][PASSED] - Call Test Case 'Test Cases/Final Aug 2018 - PKS Automation/Registration Module/New Registration/Submit and Screenshot/Submit Registration and Screenshot - Copy' successfully

2018-10-19 11:56:33 - [TEST_STEP][PASSED] - Statement - UpdateAddNewECode = com.kms.katalon.core.webui.keyword.WebUiBuiltInKeywords.getText(com.kms.katalon.core.testobject.ObjectRepository.findTestObject(Object Repository/Final Object Repo/Page_Update Add New Employee - ASSIST/getEmpCode)): Text of object 'Object Repository/Final Object Repo/Page_Update Add New Employee - ASSIST/getEmpCode' is: 'E1102070081W'

2018-10-19 11:56:33 - [MESSAGE][PASSED] - Text of object 'Object Repository/Final Object Repo/Page_Update Add New Employee - ASSIST/getEmpCode' is: 'E1102070081W'

2018-10-19 11:56:33 - [TEST_STEP][PASSED] - callTestCase: Call Test Case 'Test Cases/Final Aug 2018 - PKS Automation/Common/Emp Code Setter' successfully

2018-10-19 11:56:33 - [TEST_CASE][PASSED] - Test Cases/Final Aug 2018 - PKS Automation/Common/Emp Code Setter: Test Cases/Final Aug 2018 - PKS Automation/Common/Emp Code Setter

2018-10-19 11:56:33 - [TEST_STEP][PASSED] - Statement - EmpCodeOld = new java.io.File(C://EmpCode.txt): null

2018-10-19 11:56:33 - [TEST_STEP][PASSED] - Statement - EmpCodeOld.delete(): null

2018-10-19 11:56:33 - [TEST_STEP][PASSED] - Statement - EmpCode = new java.io.File(C://EmpCode.txt): null

2018-10-19 11:56:33 - [TEST_STEP][PASSED] - Statement - EmpCode.append(UpdateAddNewECode): null

2018-10-19 11:56:33 - [TEST_STEP][PASSED] - Statement - out.println("


" + UpdateAddNewECode + "


"): null

2018-10-19 11:56:33 - [MESSAGE][PASSED] - Call Test Case 'Test Cases/Final Aug 2018 - PKS Automation/Common/Emp Code Setter' successfully

2018-10-19 11:56:33 - [MESSAGE][PASSED] - Call Test Case 'Test Cases/Final Aug 2018 - PKS Automation/Registration Module/Workflow/Update Add New Employee/Template/New Company for Update Add New - Employer' successfully

2018-10-19 11:56:33 - [TEST_STEP][PASSED] - callTestCase: Call Test Case 'Test Cases/Final Aug 2018 - PKS Automation/Create Employer Acc/Login to Employer Account (Second time)' successfully

2018-10-19 11:56:33 - [TEST_CASE][PASSED] - Test Cases/Final Aug 2018 - PKS Automation/Create Employer Acc/Login to Employer Account (Second time): Test Cases/Final Aug 2018 - PKS Automation/Create Employer Acc/Login to Employer Account (Second time)

2018-10-19 11:56:33 - [TEST_STEP][PASSED] - openBrowser: Browser is opened with url: ''

2018-10-19 11:56:33 - [MESSAGE][WARNING] - A browser is already opened. Closing browser and opening a new one

2018-10-19 11:56:36 - [MESSAGE][PASSED] - Browser is opened with url: ''

2018-10-19 11:56:36 - [TEST_STEP][PASSED] - navigateToUrl: Navigate to 'https://assist2-uat.perkeso.gov.my/employer/login' successfully

2018-10-19 11:56:38 - [MESSAGE][PASSED] - Navigate to 'https://assist2-uat.perkeso.gov.my/employer/login' successfully

2018-10-19 11:56:38 - [TEST_STEP][PASSED] - delay: Delayed 3 second(s)

2018-10-19 11:56:41 - [MESSAGE][PASSED] - Delayed 3 second(s)

2018-10-19 11:56:41 - [TEST_STEP][PASSED] - callTestCase: Call Test Case 'Test Cases/Final Aug 2018 - PKS Automation/Create Employer Acc/Template/Employer Email Getter' successfully

2018-10-19 11:56:41 - [TEST_CASE][PASSED] - Test Cases/Final Aug 2018 - PKS Automation/Create Employer Acc/Template/Employer Email Getter: Test Cases/Final Aug 2018 - PKS Automation/Create Employer Acc/Template/Employer Email Getter

2018-10-19 11:56:41 - [TEST_STEP][PASSED] - Statement - Try: null

2018-10-19 11:56:41 - [TEST_STEP][PASSED] - Statement - EmpEmail = new java.io.File(C://EmpEmail.txt): null

2018-10-19 11:56:41 - [TEST_STEP][PASSED] - Statement - bufferread = new java.io.BufferedReader(new java.io.FileReader(EmpEmail)): null

2018-10-19 11:56:41 - [TEST_STEP][PASSED] - Statement - readedVal = bufferread.readLine(): null

2018-10-19 11:56:41 - [TEST_STEP][PASSED] - Statement - out.println(readedVal): null

2018-10-19 11:56:41 - [TEST_STEP][PASSED] - Statement - Email = readedVal: null

2018-10-19 11:56:41 - [MESSAGE][PASSED] - Call Test Case 'Test Cases/Final Aug 2018 - PKS Automation/Create Employer Acc/Template/Employer Email Getter' successfully

2018-10-19 11:56:41 - [TEST_STEP][PASSED] - setText: Text 'perkeso317839556110@gmail.com' is set on object 'Object Repository/Final Object Repo/Login Page/External Login Page/Email'

2018-10-19 11:56:42 - [MESSAGE][PASSED] - Text 'perkeso317839556110@gmail.com' is set on object 'Object Repository/Final Object Repo/Login Page/External Login Page/Email'

2018-10-19 11:56:42 - [TEST_STEP][PASSED] - click: Object: 'Object Repository/Final Object Repo/Login Page/External Login Page/Next' is clicked on

2018-10-19 11:56:42 - [MESSAGE][PASSED] - Object: 'Object Repository/Final Object Repo/Login Page/External Login Page/Next' is clicked on

2018-10-19 11:56:42 - [TEST_STEP][PASSED] - delay: Delayed 3 second(s)

2018-10-19 11:56:45 - [MESSAGE][PASSED] - Delayed 3 second(s)

2018-10-19 11:56:45 - [TEST_STEP][PASSED] - setEncryptedText: Text ****** has been set on object 'Object Repository/Final Object Repo/Login Page/External Login Page/Password'

2018-10-19 11:56:45 - [MESSAGE][PASSED] - Text ****** has been set on object 'Object Repository/Final Object Repo/Login Page/External Login Page/Password'

2018-10-19 11:56:45 - [TEST_STEP][PASSED] - click: Object: 'Object Repository/Final Object Repo/Login Page/External Login Page/Login' is clicked on

2018-10-19 11:56:46 - [MESSAGE][PASSED] - Object: 'Object Repository/Final Object Repo/Login Page/External Login Page/Login' is clicked on

2018-10-19 11:56:46 - [TEST_STEP][PASSED] - delay: Delayed 5 second(s)

2018-10-19 11:56:51 - [MESSAGE][PASSED] - Delayed 5 second(s)

2018-10-19 11:56:51 - [MESSAGE][PASSED] - Call Test Case 'Test Cases/Final Aug 2018 - PKS Automation/Create Employer Acc/Login to Employer Account (Second time)' successfully

2018-10-19 11:56:51 - [TEST_STEP][PASSED] - navigateToUrl: Navigate to 'https://assist2-uat.perkeso.gov.my/web/registration/update/form-1a-cessation-as-employer-discontinue-business-' successfully

2018-10-19 11:56:53 - [MESSAGE][PASSED] - Navigate to 'https://assist2-uat.perkeso.gov.my/web/registration/update/form-1a-cessation-as-employer-discontinue-business-' successfully

2018-10-19 11:56:53 - [TEST_STEP][PASSED] - callTestCase: Call Test Case 'Test Cases/Final Aug 2018 - PKS Automation/Common/Emp Code Getter' successfully

2018-10-19 11:56:53 - [TEST_CASE][PASSED] - Test Cases/Final Aug 2018 - PKS Automation/Common/Emp Code Getter: Test Cases/Final Aug 2018 - PKS Automation/Common/Emp Code Getter

2018-10-19 11:56:53 - [TEST_STEP][PASSED] - Statement - Try: null

2018-10-19 11:56:53 - [TEST_STEP][PASSED] - Statement - EmpCode = new java.io.File(C://EmpCode.txt): null

2018-10-19 11:56:53 - [TEST_STEP][PASSED] - Statement - bufferread = new java.io.BufferedReader(new java.io.FileReader(EmpCode)): null

2018-10-19 11:56:53 - [TEST_STEP][PASSED] - Statement - readedVal = bufferread.readLine(): null

2018-10-19 11:56:53 - [TEST_STEP][PASSED] - Statement - out.println(readedVal): null

2018-10-19 11:56:53 - [TEST_STEP][PASSED] - Statement - UpdateAddNewECode = readedVal: null

2018-10-19 11:56:53 - [MESSAGE][PASSED] - Call Test Case 'Test Cases/Final Aug 2018 - PKS Automation/Common/Emp Code Getter' successfully

2018-10-19 11:56:53 - [TEST_STEP][PASSED] - setText: Text 'E1102070081W' is set on object 'Object Repository/Final Object Repo/Page_Update Employer Information/Employer Code'

2018-10-19 11:56:53 - [MESSAGE][PASSED] - Text 'E1102070081W' is set on object 'Object Repository/Final Object Repo/Page_Update Employer Information/Employer Code'

2018-10-19 11:56:53 - [TEST_STEP][PASSED] - click: Object: 'Object Repository/Final Object Repo/Page_Update Employer Information/Search Button' is clicked on

2018-10-19 11:56:54 - [MESSAGE][PASSED] - Object: 'Object Repository/Final Object Repo/Page_Update Employer Information/Search Button' is clicked on

2018-10-19 11:56:54 - [TEST_STEP][FAILED] - click: Unable to click on object 'Object Repository/Final Object Repo/Page_Update Employer Information/Edit Button' (Root cause: org.openqa.selenium.WebDriverException: unknown error: Element <i class="icon-pencil" data-toggle="tooltip" title="" data-original-title=" Edit"></i> is not clickable at point (888, 514). Other element would receive the click: <div class="blockUI blockOverlay" style="z-index: 2000; border: none; margin: 0px; padding: 0px; width: 100%; height: 100%; top: 0px; left: 0px; background-color: rgb(0, 0, 0); opacity: 0.452712; cursor: wait; position: fixed;"></div>
  (Session info: chrome=69.0.3497.100)
  (Driver info: chromedriver=2.35.528161 (5b82f2d2aae0ca24b877009200ced9065a772e73),platform=Windows NT 6.1.7601 SP1 x86_64) (WARNING: The server did not provide any stacktrace information)
Command duration or timeout: 0 milliseconds
Build info: version: '3.7.1', revision: '8a0099a', time: '2017-11-06T21:07:36.161Z'
System info: host: 'WEIZHENG', ip: '192.168.137.1', os.name: 'Windows 7', os.arch: 'amd64', os.version: '6.1', java.version: '1.8.0_181'
Driver info: com.kms.katalon.selenium.driver.CChromeDriver
Capabilities {acceptInsecureCerts: false, acceptSslCerts: false, applicationCacheEnabled: false, browserConnectionEnabled: false, browserName: chrome, chrome: {chromedriverVersion: 2.35.528161 (5b82f2d2aae0ca..., userDataDir: C:\Users\WEIZHE~1\AppData\L...}, cssSelectorsEnabled: true, databaseEnabled: false, handlesAlerts: true, hasTouchScreen: false, javascriptEnabled: true, locationContextEnabled: true, mobileEmulationEnabled: false, nativeEvents: true, networkConnectionEnabled: false, pageLoadStrategy: normal, platform: XP, platformName: XP, rotatable: false, setWindowRect: true, takesHeapSnapshot: true, takesScreenshot: true, unexpectedAlertBehaviour: , unhandledPromptBehavior: , version: 69.0.3497.100, webStorageEnabled: true}
Session ID: a6a3adb882b39ceb58e835f90e43496b)

2018-10-19 11:56:55 - [MESSAGE][FAILED] - Unable to click on object 'Object Repository/Final Object Repo/Page_Update Employer Information/Edit Button' (Root cause: org.openqa.selenium.WebDriverException: unknown error: Element <i class="icon-pencil" data-toggle="tooltip" title="" data-original-title=" Edit"></i> is not clickable at point (888, 514). Other element would receive the click: <div class="blockUI blockOverlay" style="z-index: 2000; border: none; margin: 0px; padding: 0px; width: 100%; height: 100%; top: 0px; left: 0px; background-color: rgb(0, 0, 0); opacity: 0.452712; cursor: wait; position: fixed;"></div>
  (Session info: chrome=69.0.3497.100)
  (Driver info: chromedriver=2.35.528161 (5b82f2d2aae0ca24b877009200ced9065a772e73),platform=Windows NT 6.1.7601 SP1 x86_64) (WARNING: The server did not provide any stacktrace information)
Command duration or timeout: 0 milliseconds
Build info: version: '3.7.1', revision: '8a0099a', time: '2017-11-06T21:07:36.161Z'
System info: host: 'WEIZHENG', ip: '192.168.137.1', os.name: 'Windows 7', os.arch: 'amd64', os.version: '6.1', java.version: '1.8.0_181'
Driver info: com.kms.katalon.selenium.driver.CChromeDriver
Capabilities {acceptInsecureCerts: false, acceptSslCerts: false, applicationCacheEnabled: false, browserConnectionEnabled: false, browserName: chrome, chrome: {chromedriverVersion: 2.35.528161 (5b82f2d2aae0ca..., userDataDir: C:\Users\WEIZHE~1\AppData\L...}, cssSelectorsEnabled: true, databaseEnabled: false, handlesAlerts: true, hasTouchScreen: false, javascriptEnabled: true, locationContextEnabled: true, mobileEmulationEnabled: false, nativeEvents: true, networkConnectionEnabled: false, pageLoadStrategy: normal, platform: XP, platformName: XP, rotatable: false, setWindowRect: true, takesHeapSnapshot: true, takesScreenshot: true, unexpectedAlertBehaviour: , unhandledPromptBehavior: , version: 69.0.3497.100, webStorageEnabled: true}
Session ID: a6a3adb882b39ceb58e835f90e43496b)
[[ATTACHMENT|C:\\Users\\LENOVO\\Katalon Studio\\Perkeso Phase A\\Reports\\Workflow\\Form 1A - Cessation as Employer\\20181019_094055\\1539921414214.png]]

2018-10-19 11:56:55 - [TEST_STEP][FAILED] - Statement - abc = com.kms.katalon.core.webui.keyword.WebUiBuiltInKeywords.getAttribute(com.kms.katalon.core.testobject.ObjectRepository.findTestObject(Final Object Repo/Page_Form 1A - Cessation As Employer/Employer Status), "value"): Unable to get attribute 'value' of object 'Object Repository/Final Object Repo/Page_Form 1A - Cessation As Employer/Employer Status' (Root cause: com.kms.katalon.core.webui.exception.WebElementNotFoundException: Web element with id: 'Object Repository/Final Object Repo/Page_Form 1A - Cessation As Employer/Employer Status' located by 'By.xpath: //input[@type = 'text' and @id = '_searchforemployer_WAR_registrationportlet_dto.employerStatus' and @name = '_searchforemployer_WAR_registrationportlet_dto.employerStatus']' not found)

2018-10-19 11:59:04 - [MESSAGE][FAILED] - Unable to get attribute 'value' of object 'Object Repository/Final Object Repo/Page_Form 1A - Cessation As Employer/Employer Status' (Root cause: com.kms.katalon.core.webui.exception.WebElementNotFoundException: Web element with id: 'Object Repository/Final Object Repo/Page_Form 1A - Cessation As Employer/Employer Status' located by 'By.xpath: //input[@type = 'text' and @id = '_searchforemployer_WAR_registrationportlet_dto.employerStatus' and @name = '_searchforemployer_WAR_registrationportlet_dto.employerStatus']' not found)
[[ATTACHMENT|C:\\Users\\LENOVO\\Katalon Studio\\Perkeso Phase A\\Reports\\Workflow\\Form 1A - Cessation as Employer\\20181019_094055\\1539921544181.png]]

2018-10-19 11:59:04 - [TEST_STEP][PASSED] - Statement - out.println(abc): null

2018-10-19 11:59:04 - [TEST_STEP][PASSED] - Statement - If (abc == "Active"): null

2018-10-19 11:59:04 - [TEST_STEP][FAILED] - click: Unable to click on object 'Object Repository/Final Object Repo/Page_Form 1A - Cessation As Employer/Calender' (Root cause: org.openqa.selenium.ElementNotVisibleException: element not visible
  (Session info: chrome=69.0.3497.100)
  (Driver info: chromedriver=2.35.528161 (5b82f2d2aae0ca24b877009200ced9065a772e73),platform=Windows NT 6.1.7601 SP1 x86_64) (WARNING: The server did not provide any stacktrace information)
Command duration or timeout: 0 milliseconds
Build info: version: '3.7.1', revision: '8a0099a', time: '2017-11-06T21:07:36.161Z'
System info: host: 'WEIZHENG', ip: '192.168.137.1', os.name: 'Windows 7', os.arch: 'amd64', os.version: '6.1', java.version: '1.8.0_181'
Driver info: com.kms.katalon.selenium.driver.CChromeDriver
Capabilities {acceptInsecureCerts: false, acceptSslCerts: false, applicationCacheEnabled: false, browserConnectionEnabled: false, browserName: chrome, chrome: {chromedriverVersion: 2.35.528161 (5b82f2d2aae0ca..., userDataDir: C:\Users\WEIZHE~1\AppData\L...}, cssSelectorsEnabled: true, databaseEnabled: false, handlesAlerts: true, hasTouchScreen: false, javascriptEnabled: true, locationContextEnabled: true, mobileEmulationEnabled: false, nativeEvents: true, networkConnectionEnabled: false, pageLoadStrategy: normal, platform: XP, platformName: XP, rotatable: false, setWindowRect: true, takesHeapSnapshot: true, takesScreenshot: true, unexpectedAlertBehaviour: , unhandledPromptBehavior: , version: 69.0.3497.100, webStorageEnabled: true}
Session ID: a6a3adb882b39ceb58e835f90e43496b)

2018-10-19 11:59:20 - [MESSAGE][FAILED] - Unable to click on object 'Object Repository/Final Object Repo/Page_Form 1A - Cessation As Employer/Calender' (Root cause: org.openqa.selenium.ElementNotVisibleException: element not visible
  (Session info: chrome=69.0.3497.100)
  (Driver info: chromedriver=2.35.528161 (5b82f2d2aae0ca24b877009200ced9065a772e73),platform=Windows NT 6.1.7601 SP1 x86_64) (WARNING: The server did not provide any stacktrace information)
Command duration or timeout: 0 milliseconds
Build info: version: '3.7.1', revision: '8a0099a', time: '2017-11-06T21:07:36.161Z'
System info: host: 'WEIZHENG', ip: '192.168.137.1', os.name: 'Windows 7', os.arch: 'amd64', os.version: '6.1', java.version: '1.8.0_181'
Driver info: com.kms.katalon.selenium.driver.CChromeDriver
Capabilities {acceptInsecureCerts: false, acceptSslCerts: false, applicationCacheEnabled: false, browserConnectionEnabled: false, browserName: chrome, chrome: {chromedriverVersion: 2.35.528161 (5b82f2d2aae0ca..., userDataDir: C:\Users\WEIZHE~1\AppData\L...}, cssSelectorsEnabled: true, databaseEnabled: false, handlesAlerts: true, hasTouchScreen: false, javascriptEnabled: true, locationContextEnabled: true, mobileEmulationEnabled: false, nativeEvents: true, networkConnectionEnabled: false, pageLoadStrategy: normal, platform: XP, platformName: XP, rotatable: false, setWindowRect: true, takesHeapSnapshot: true, takesScreenshot: true, unexpectedAlertBehaviour: , unhandledPromptBehavior: , version: 69.0.3497.100, webStorageEnabled: true}
Session ID: a6a3adb882b39ceb58e835f90e43496b)
[[ATTACHMENT|C:\\Users\\LENOVO\\Katalon Studio\\Perkeso Phase A\\Reports\\Workflow\\Form 1A - Cessation as Employer\\20181019_094055\\1539921560409.png]]

2018-10-19 11:59:20 - [MESSAGE][FAILED] - Unable to call Test Case with id 'Test Cases/Final Aug 2018 - PKS Automation/Registration Module/Workflow/Form 1A - Cessation As Employer/Template/Form 1 A - Cessation As Employer (Employer)' (Root cause: Call Test Case 'Test Cases/Final Aug 2018 - PKS Automation/Registration Module/Workflow/Form 1A - Cessation As Employer/Template/Form 1 A - Cessation As Employer (Employer)' failed)]]></system-out>
         <system-err><![CDATA[2018-10-19 11:50:17 - [TEST_CASE][FAILED] - Test Cases/Final Aug 2018 - PKS Automation/Registration Module/Workflow/Form 1A - Cessation As Employer/Employer to UO (Reject): Test Cases/Final Aug 2018 - PKS Automation/Registration Module/Workflow/Form 1A - Cessation As Employer/Employer to UO (Reject) FAILED because (of) (Stack trace: com.kms.katalon.core.exception.StepFailedException: Unable to click on object 'Object Repository/Final Object Repo/Page_Update Employer Information/Edit Button' (Root cause: org.openqa.selenium.WebDriverException: unknown error: Element <i class="icon-pencil" data-toggle="tooltip" title="" data-original-title=" Edit"></i> is not clickable at point (888, 514). Other element would receive the click: <div class="blockUI blockOverlay" style="z-index: 2000; border: none; margin: 0px; padding: 0px; width: 100%; height: 100%; top: 0px; left: 0px; background-color: rgb(0, 0, 0); opacity: 0.452712; cursor: wait; position: fixed;"></div>
  (Session info: chrome=69.0.3497.100)
  (Driver info: chromedriver=2.35.528161 (5b82f2d2aae0ca24b877009200ced9065a772e73),platform=Windows NT 6.1.7601 SP1 x86_64) (WARNING: The server did not provide any stacktrace information)
Command duration or timeout: 0 milliseconds
Build info: version: '3.7.1', revision: '8a0099a', time: '2017-11-06T21:07:36.161Z'
System info: host: 'WEIZHENG', ip: '192.168.137.1', os.name: 'Windows 7', os.arch: 'amd64', os.version: '6.1', java.version: '1.8.0_181'
Driver info: com.kms.katalon.selenium.driver.CChromeDriver
Capabilities {acceptInsecureCerts: false, acceptSslCerts: false, applicationCacheEnabled: false, browserConnectionEnabled: false, browserName: chrome, chrome: {chromedriverVersion: 2.35.528161 (5b82f2d2aae0ca..., userDataDir: C:\Users\WEIZHE~1\AppData\L...}, cssSelectorsEnabled: true, databaseEnabled: false, handlesAlerts: true, hasTouchScreen: false, javascriptEnabled: true, locationContextEnabled: true, mobileEmulationEnabled: false, nativeEvents: true, networkConnectionEnabled: false, pageLoadStrategy: normal, platform: XP, platformName: XP, rotatable: false, setWindowRect: true, takesHeapSnapshot: true, takesScreenshot: true, unexpectedAlertBehaviour: , unhandledPromptBehavior: , version: 69.0.3497.100, webStorageEnabled: true}
Session ID: a6a3adb882b39ceb58e835f90e43496b)
	at com.kms.katalon.core.keyword.internal.KeywordMain.stepFailed(KeywordMain.groovy:32)
	at com.kms.katalon.core.webui.keyword.internal.WebUIKeywordMain.stepFailed(WebUIKeywordMain.groovy:65)
	at com.kms.katalon.core.webui.keyword.internal.WebUIKeywordMain.runKeyword(WebUIKeywordMain.groovy:27)
	at com.kms.katalon.core.webui.keyword.builtin.ClickKeyword.click(ClickKeyword.groovy:86)
	at com.kms.katalon.core.webui.keyword.builtin.ClickKeyword.execute(ClickKeyword.groovy:67)
	at com.kms.katalon.core.keyword.internal.KeywordExecutor.executeKeywordForPlatform(KeywordExecutor.groovy:53)
	at com.kms.katalon.core.webui.keyword.WebUiBuiltInKeywords.click(WebUiBuiltInKeywords.groovy:616)
	at com.kms.katalon.core.webui.keyword.WebUiBuiltInKeywords$click$2.call(Unknown Source)
	at Script1536729355807.run(Script1536729355807.groovy:37)
	at com.kms.katalon.core.main.ScriptEngine.run(ScriptEngine.java:183)
	at com.kms.katalon.core.main.ScriptEngine.runScriptAsRawText(ScriptEngine.java:108)
	at com.kms.katalon.core.main.TestCaseExecutor.runScript(TestCaseExecutor.java:294)
	at com.kms.katalon.core.main.TestCaseExecutor.doExecute(TestCaseExecutor.java:285)
	at com.kms.katalon.core.main.TestCaseExecutor.processExecutionPhase(TestCaseExecutor.java:264)
	at com.kms.katalon.core.main.TestCaseExecutor.accessMainPhase(TestCaseExecutor.java:256)
	at com.kms.katalon.core.main.TestCaseExecutor.execute(TestCaseExecutor.java:200)
	at com.kms.katalon.core.main.TestCaseMain.runTestCase(TestCaseMain.java:99)
	at com.kms.katalon.core.keyword.builtin.CallTestCaseKeyword$_callTestCase_closure1.doCall(CallTestCaseKeyword.groovy:60)
	at com.kms.katalon.core.keyword.builtin.CallTestCaseKeyword$_callTestCase_closure1.call(CallTestCaseKeyword.groovy)
	at com.kms.katalon.core.keyword.internal.KeywordMain.runKeyword(KeywordMain.groovy:54)
	at com.kms.katalon.core.keyword.builtin.CallTestCaseKeyword.callTestCase(CallTestCaseKeyword.groovy:81)
	at com.kms.katalon.core.keyword.builtin.CallTestCaseKeyword.execute(CallTestCaseKeyword.groovy:45)
	at com.kms.katalon.core.keyword.internal.KeywordExecutor.executeKeywordForPlatform(KeywordExecutor.groovy:53)
	at com.kms.katalon.core.keyword.BuiltinKeywords.callTestCase(BuiltinKeywords.groovy:334)
	at sun.reflect.GeneratedMethodAccessor13.invoke(Unknown Source)
	at sun.reflect.DelegatingMethodAccessorImpl.invoke(DelegatingMethodAccessorImpl.java:43)
	at java.lang.reflect.Method.invoke(Method.java:498)
	at org.codehaus.groovy.reflection.CachedMethod.invoke(CachedMethod.java:93)
	at groovy.lang.MetaMethod.doMethodInvoke(MetaMethod.java:325)
	at groovy.lang.MetaClassImpl.invokeStaticMethod(MetaClassImpl.java:1469)
	at org.codehaus.groovy.runtime.callsite.StaticMetaClassSite.call(StaticMetaClassSite.java:53)
	at org.codehaus.groovy.runtime.callsite.CallSiteArray.defaultCall(CallSiteArray.java:48)
	at org.codehaus.groovy.runtime.callsite.AbstractCallSite.call(AbstractCallSite.java:113)
	at org.codehaus.groovy.runtime.callsite.AbstractCallSite.call(AbstractCallSite.java:141)
	at Script1536729583481.run(Script1536729583481.groovy:22)
	at com.kms.katalon.core.main.ScriptEngine.run(ScriptEngine.java:183)
	at com.kms.katalon.core.main.ScriptEngine.runScriptAsRawText(ScriptEngine.java:108)
	at com.kms.katalon.core.main.TestCaseExecutor.runScript(TestCaseExecutor.java:294)
	at com.kms.katalon.core.main.TestCaseExecutor.doExecute(TestCaseExecutor.java:285)
	at com.kms.katalon.core.main.TestCaseExecutor.processExecutionPhase(TestCaseExecutor.java:264)
	at com.kms.katalon.core.main.TestCaseExecutor.accessMainPhase(TestCaseExecutor.java:256)
	at com.kms.katalon.core.main.TestCaseExecutor.execute(TestCaseExecutor.java:200)
	at com.kms.katalon.core.main.TestSuiteExecutor.accessTestCaseMainPhase(TestSuiteExecutor.java:129)
	at com.kms.katalon.core.main.TestSuiteExecutor.accessTestSuiteMainPhase(TestSuiteExecutor.java:112)
	at com.kms.katalon.core.main.TestSuiteExecutor.execute(TestSuiteExecutor.java:81)
	at com.kms.katalon.core.main.TestCaseMain.startTestSuite(TestCaseMain.java:142)
	at com.kms.katalon.core.main.TestCaseMain$startTestSuite$0.call(Unknown Source)
	at org.codehaus.groovy.runtime.callsite.CallSiteArray.defaultCall(CallSiteArray.java:48)
	at org.codehaus.groovy.runtime.callsite.AbstractCallSite.call(AbstractCallSite.java:113)
	at org.codehaus.groovy.runtime.callsite.AbstractCallSite.call(AbstractCallSite.java:141)
	at TempTestSuite1539913255508.run(TempTestSuite1539913255508.groovy:36)
	at groovy.lang.GroovyShell.runScriptOrMainOrTestOrRunnable(GroovyShell.java:263)
	at groovy.lang.GroovyShell.run(GroovyShell.java:518)
	at groovy.lang.GroovyShell.run(GroovyShell.java:507)
	at groovy.ui.GroovyMain.processOnce(GroovyMain.java:653)
	at groovy.ui.GroovyMain.run(GroovyMain.java:384)
	at groovy.ui.GroovyMain.process(GroovyMain.java:370)
	at groovy.ui.GroovyMain.processArgs(GroovyMain.java:129)
	at groovy.ui.GroovyMain.main(GroovyMain.java:109)
	at sun.reflect.NativeMethodAccessorImpl.invoke0(Native Method)
	at sun.reflect.NativeMethodAccessorImpl.invoke(NativeMethodAccessorImpl.java:62)
	at sun.reflect.DelegatingMethodAccessorImpl.invoke(DelegatingMethodAccessorImpl.java:43)
	at java.lang.reflect.Method.invoke(Method.java:498)
	at org.codehaus.groovy.tools.GroovyStarter.rootLoader(GroovyStarter.java:109)
	at org.codehaus.groovy.tools.GroovyStarter.main(GroovyStarter.java:131)
)]]></system-err>
      </testcase>
      <testcase name="Test Cases/Final Aug 2018 - PKS Automation/Registration Module/Workflow/Form 1A - Cessation As Employer/Employer to UO (Under enforcement)" classname="Test Cases/Final Aug 2018 - PKS Automation/Registration Module/Workflow/Form 1A - Cessation As Employer/Employer to UO (Under enforcement)" status="FAILED">
         <failure type="FAILED" message="(Stack trace: com.kms.katalon.core.exception.StepFailedException: Unable to click on object 'Object Repository/Final Object Repo/Landing Page/Select to English' (Root cause: com.kms.katalon.core.webui.exception.WebElementNotFoundException: Web element with id: 'Object Repository/Final Object Repo/Landing Page/Select to English' located by 'By.xpath: //a[@class = 'taglib-language-list-text' and @lang = 'en-US' and (contains(text(), 'EN') or contains(., 'EN'))]' not found)
	at com.kms.katalon.core.keyword.internal.KeywordMain.stepFailed(KeywordMain.groovy:32)
	at com.kms.katalon.core.webui.keyword.internal.WebUIKeywordMain.stepFailed(WebUIKeywordMain.groovy:65)
	at com.kms.katalon.core.webui.keyword.internal.WebUIKeywordMain.runKeyword(WebUIKeywordMain.groovy:27)
	at com.kms.katalon.core.webui.keyword.builtin.ClickKeyword.click(ClickKeyword.groovy:86)
	at com.kms.katalon.core.webui.keyword.builtin.ClickKeyword.execute(ClickKeyword.groovy:67)
	at com.kms.katalon.core.keyword.internal.KeywordExecutor.executeKeywordForPlatform(KeywordExecutor.groovy:53)
	at com.kms.katalon.core.webui.keyword.WebUiBuiltInKeywords.click(WebUiBuiltInKeywords.groovy:604)
	at com.kms.katalon.core.webui.keyword.WebUiBuiltInKeywords$click$8.call(Unknown Source)
	at org.codehaus.groovy.runtime.callsite.CallSiteArray.defaultCall(CallSiteArray.java:48)
	at org.codehaus.groovy.runtime.callsite.AbstractCallSite.call(AbstractCallSite.java:113)
	at org.codehaus.groovy.runtime.callsite.AbstractCallSite.call(AbstractCallSite.java:133)
	at Script1534407542420.run(Script1534407542420.groovy:57)
	at com.kms.katalon.core.main.ScriptEngine.run(ScriptEngine.java:183)
	at com.kms.katalon.core.main.ScriptEngine.runScriptAsRawText(ScriptEngine.java:108)
	at com.kms.katalon.core.main.TestCaseExecutor.runScript(TestCaseExecutor.java:294)
	at com.kms.katalon.core.main.TestCaseExecutor.doExecute(TestCaseExecutor.java:285)
	at com.kms.katalon.core.main.TestCaseExecutor.processExecutionPhase(TestCaseExecutor.java:264)
	at com.kms.katalon.core.main.TestCaseExecutor.accessMainPhase(TestCaseExecutor.java:256)
	at com.kms.katalon.core.main.TestCaseExecutor.execute(TestCaseExecutor.java:200)
	at com.kms.katalon.core.main.TestCaseMain.runTestCase(TestCaseMain.java:99)
	at com.kms.katalon.core.keyword.builtin.CallTestCaseKeyword$_callTestCase_closure1.doCall(CallTestCaseKeyword.groovy:60)
	at com.kms.katalon.core.keyword.builtin.CallTestCaseKeyword$_callTestCase_closure1.call(CallTestCaseKeyword.groovy)
	at com.kms.katalon.core.keyword.internal.KeywordMain.runKeyword(KeywordMain.groovy:54)
	at com.kms.katalon.core.keyword.builtin.CallTestCaseKeyword.callTestCase(CallTestCaseKeyword.groovy:81)
	at com.kms.katalon.core.keyword.builtin.CallTestCaseKeyword.execute(CallTestCaseKeyword.groovy:45)
	at com.kms.katalon.core.keyword.internal.KeywordExecutor.executeKeywordForPlatform(KeywordExecutor.groovy:53)
	at com.kms.katalon.core.keyword.BuiltinKeywords.callTestCase(BuiltinKeywords.groovy:334)
	at sun.reflect.GeneratedMethodAccessor13.invoke(Unknown Source)
	at sun.reflect.DelegatingMethodAccessorImpl.invoke(DelegatingMethodAccessorImpl.java:43)
	at java.lang.reflect.Method.invoke(Method.java:498)
	at org.codehaus.groovy.reflection.CachedMethod.invoke(CachedMethod.java:93)
	at groovy.lang.MetaMethod.doMethodInvoke(MetaMethod.java:325)
	at groovy.lang.MetaClassImpl.invokeStaticMethod(MetaClassImpl.java:1469)
	at org.codehaus.groovy.runtime.callsite.StaticMetaClassSite.call(StaticMetaClassSite.java:53)
	at org.codehaus.groovy.runtime.callsite.CallSiteArray.defaultCall(CallSiteArray.java:48)
	at org.codehaus.groovy.runtime.callsite.AbstractCallSite.call(AbstractCallSite.java:113)
	at org.codehaus.groovy.runtime.callsite.AbstractCallSite.call(AbstractCallSite.java:141)
	at Script1535963367907.run(Script1535963367907.groovy:33)
	at com.kms.katalon.core.main.ScriptEngine.run(ScriptEngine.java:183)
	at com.kms.katalon.core.main.ScriptEngine.runScriptAsRawText(ScriptEngine.java:108)
	at com.kms.katalon.core.main.TestCaseExecutor.runScript(TestCaseExecutor.java:294)
	at com.kms.katalon.core.main.TestCaseExecutor.doExecute(TestCaseExecutor.java:285)
	at com.kms.katalon.core.main.TestCaseExecutor.processExecutionPhase(TestCaseExecutor.java:264)
	at com.kms.katalon.core.main.TestCaseExecutor.accessMainPhase(TestCaseExecutor.java:256)
	at com.kms.katalon.core.main.TestCaseExecutor.execute(TestCaseExecutor.java:200)
	at com.kms.katalon.core.main.TestCaseMain.runTestCase(TestCaseMain.java:99)
	at com.kms.katalon.core.keyword.builtin.CallTestCaseKeyword$_callTestCase_closure1.doCall(CallTestCaseKeyword.groovy:60)
	at com.kms.katalon.core.keyword.builtin.CallTestCaseKeyword$_callTestCase_closure1.call(CallTestCaseKeyword.groovy)
	at com.kms.katalon.core.keyword.internal.KeywordMain.runKeyword(KeywordMain.groovy:54)
	at com.kms.katalon.core.keyword.builtin.CallTestCaseKeyword.callTestCase(CallTestCaseKeyword.groovy:81)
	at com.kms.katalon.core.keyword.builtin.CallTestCaseKeyword.execute(CallTestCaseKeyword.groovy:45)
	at com.kms.katalon.core.keyword.internal.KeywordExecutor.executeKeywordForPlatform(KeywordExecutor.groovy:53)
	at com.kms.katalon.core.keyword.BuiltinKeywords.callTestCase(BuiltinKeywords.groovy:334)
	at sun.reflect.GeneratedMethodAccessor13.invoke(Unknown Source)
	at sun.reflect.DelegatingMethodAccessorImpl.invoke(DelegatingMethodAccessorImpl.java:43)
	at java.lang.reflect.Method.invoke(Method.java:498)
	at org.codehaus.groovy.reflection.CachedMethod.invoke(CachedMethod.java:93)
	at groovy.lang.MetaMethod.doMethodInvoke(MetaMethod.java:325)
	at groovy.lang.MetaClassImpl.invokeStaticMethod(MetaClassImpl.java:1469)
	at org.codehaus.groovy.runtime.callsite.StaticMetaClassSite.call(StaticMetaClassSite.java:53)
	at org.codehaus.groovy.runtime.callsite.CallSiteArray.defaultCall(CallSiteArray.java:48)
	at org.codehaus.groovy.runtime.callsite.AbstractCallSite.call(AbstractCallSite.java:113)
	at org.codehaus.groovy.runtime.callsite.AbstractCallSite.call(AbstractCallSite.java:141)
	at Script1536729619206.run(Script1536729619206.groovy:25)
	at com.kms.katalon.core.main.ScriptEngine.run(ScriptEngine.java:183)
	at com.kms.katalon.core.main.ScriptEngine.runScriptAsRawText(ScriptEngine.java:108)
	at com.kms.katalon.core.main.TestCaseExecutor.runScript(TestCaseExecutor.java:294)
	at com.kms.katalon.core.main.TestCaseExecutor.doExecute(TestCaseExecutor.java:285)
	at com.kms.katalon.core.main.TestCaseExecutor.processExecutionPhase(TestCaseExecutor.java:264)
	at com.kms.katalon.core.main.TestCaseExecutor.accessMainPhase(TestCaseExecutor.java:256)
	at com.kms.katalon.core.main.TestCaseExecutor.execute(TestCaseExecutor.java:200)
	at com.kms.katalon.core.main.TestSuiteExecutor.accessTestCaseMainPhase(TestSuiteExecutor.java:129)
	at com.kms.katalon.core.main.TestSuiteExecutor.accessTestSuiteMainPhase(TestSuiteExecutor.java:112)
	at com.kms.katalon.core.main.TestSuiteExecutor.execute(TestSuiteExecutor.java:81)
	at com.kms.katalon.core.main.TestCaseMain.startTestSuite(TestCaseMain.java:142)
	at com.kms.katalon.core.main.TestCaseMain$startTestSuite$0.call(Unknown Source)
	at org.codehaus.groovy.runtime.callsite.CallSiteArray.defaultCall(CallSiteArray.java:48)
	at org.codehaus.groovy.runtime.callsite.AbstractCallSite.call(AbstractCallSite.java:113)
	at org.codehaus.groovy.runtime.callsite.AbstractCallSite.call(AbstractCallSite.java:141)
	at TempTestSuite1539913255508.run(TempTestSuite1539913255508.groovy:36)
	at groovy.lang.GroovyShell.runScriptOrMainOrTestOrRunnable(GroovyShell.java:263)
	at groovy.lang.GroovyShell.run(GroovyShell.java:518)
	at groovy.lang.GroovyShell.run(GroovyShell.java:507)
	at groovy.ui.GroovyMain.processOnce(GroovyMain.java:653)
	at groovy.ui.GroovyMain.run(GroovyMain.java:384)
	at groovy.ui.GroovyMain.process(GroovyMain.java:370)
	at groovy.ui.GroovyMain.processArgs(GroovyMain.java:129)
	at groovy.ui.GroovyMain.main(GroovyMain.java:109)
	at sun.reflect.NativeMethodAccessorImpl.invoke0(Native Method)
	at sun.reflect.NativeMethodAccessorImpl.invoke(NativeMethodAccessorImpl.java:62)
	at sun.reflect.DelegatingMethodAccessorImpl.invoke(DelegatingMethodAccessorImpl.java:43)
	at java.lang.reflect.Method.invoke(Method.java:498)
	at org.codehaus.groovy.tools.GroovyStarter.rootLoader(GroovyStarter.java:109)
	at org.codehaus.groovy.tools.GroovyStarter.main(GroovyStarter.java:131)
)"/>
         <system-out><![CDATA[2018-10-19 11:59:20 - [TEST_CASE][FAILED] - Test Cases/Final Aug 2018 - PKS Automation/Registration Module/Workflow/Form 1A - Cessation As Employer/Employer to UO (Under enforcement): Test Cases/Final Aug 2018 - PKS Automation/Registration Module/Workflow/Form 1A - Cessation As Employer/Employer to UO (Under enforcement) FAILED because (of) (Stack trace: com.kms.katalon.core.exception.StepFailedException: Unable to click on object 'Object Repository/Final Object Repo/Landing Page/Select to English' (Root cause: com.kms.katalon.core.webui.exception.WebElementNotFoundException: Web element with id: 'Object Repository/Final Object Repo/Landing Page/Select to English' located by 'By.xpath: //a[@class = 'taglib-language-list-text' and @lang = 'en-US' and (contains(text(), 'EN') or contains(., 'EN'))]' not found)
	at com.kms.katalon.core.keyword.internal.KeywordMain.stepFailed(KeywordMain.groovy:32)
	at com.kms.katalon.core.webui.keyword.internal.WebUIKeywordMain.stepFailed(WebUIKeywordMain.groovy:65)
	at com.kms.katalon.core.webui.keyword.internal.WebUIKeywordMain.runKeyword(WebUIKeywordMain.groovy:27)
	at com.kms.katalon.core.webui.keyword.builtin.ClickKeyword.click(ClickKeyword.groovy:86)
	at com.kms.katalon.core.webui.keyword.builtin.ClickKeyword.execute(ClickKeyword.groovy:67)
	at com.kms.katalon.core.keyword.internal.KeywordExecutor.executeKeywordForPlatform(KeywordExecutor.groovy:53)
	at com.kms.katalon.core.webui.keyword.WebUiBuiltInKeywords.click(WebUiBuiltInKeywords.groovy:604)
	at com.kms.katalon.core.webui.keyword.WebUiBuiltInKeywords$click$8.call(Unknown Source)
	at org.codehaus.groovy.runtime.callsite.CallSiteArray.defaultCall(CallSiteArray.java:48)
	at org.codehaus.groovy.runtime.callsite.AbstractCallSite.call(AbstractCallSite.java:113)
	at org.codehaus.groovy.runtime.callsite.AbstractCallSite.call(AbstractCallSite.java:133)
	at Script1534407542420.run(Script1534407542420.groovy:57)
	at com.kms.katalon.core.main.ScriptEngine.run(ScriptEngine.java:183)
	at com.kms.katalon.core.main.ScriptEngine.runScriptAsRawText(ScriptEngine.java:108)
	at com.kms.katalon.core.main.TestCaseExecutor.runScript(TestCaseExecutor.java:294)
	at com.kms.katalon.core.main.TestCaseExecutor.doExecute(TestCaseExecutor.java:285)
	at com.kms.katalon.core.main.TestCaseExecutor.processExecutionPhase(TestCaseExecutor.java:264)
	at com.kms.katalon.core.main.TestCaseExecutor.accessMainPhase(TestCaseExecutor.java:256)
	at com.kms.katalon.core.main.TestCaseExecutor.execute(TestCaseExecutor.java:200)
	at com.kms.katalon.core.main.TestCaseMain.runTestCase(TestCaseMain.java:99)
	at com.kms.katalon.core.keyword.builtin.CallTestCaseKeyword$_callTestCase_closure1.doCall(CallTestCaseKeyword.groovy:60)
	at com.kms.katalon.core.keyword.builtin.CallTestCaseKeyword$_callTestCase_closure1.call(CallTestCaseKeyword.groovy)
	at com.kms.katalon.core.keyword.internal.KeywordMain.runKeyword(KeywordMain.groovy:54)
	at com.kms.katalon.core.keyword.builtin.CallTestCaseKeyword.callTestCase(CallTestCaseKeyword.groovy:81)
	at com.kms.katalon.core.keyword.builtin.CallTestCaseKeyword.execute(CallTestCaseKeyword.groovy:45)
	at com.kms.katalon.core.keyword.internal.KeywordExecutor.executeKeywordForPlatform(KeywordExecutor.groovy:53)
	at com.kms.katalon.core.keyword.BuiltinKeywords.callTestCase(BuiltinKeywords.groovy:334)
	at sun.reflect.GeneratedMethodAccessor13.invoke(Unknown Source)
	at sun.reflect.DelegatingMethodAccessorImpl.invoke(DelegatingMethodAccessorImpl.java:43)
	at java.lang.reflect.Method.invoke(Method.java:498)
	at org.codehaus.groovy.reflection.CachedMethod.invoke(CachedMethod.java:93)
	at groovy.lang.MetaMethod.doMethodInvoke(MetaMethod.java:325)
	at groovy.lang.MetaClassImpl.invokeStaticMethod(MetaClassImpl.java:1469)
	at org.codehaus.groovy.runtime.callsite.StaticMetaClassSite.call(StaticMetaClassSite.java:53)
	at org.codehaus.groovy.runtime.callsite.CallSiteArray.defaultCall(CallSiteArray.java:48)
	at org.codehaus.groovy.runtime.callsite.AbstractCallSite.call(AbstractCallSite.java:113)
	at org.codehaus.groovy.runtime.callsite.AbstractCallSite.call(AbstractCallSite.java:141)
	at Script1535963367907.run(Script1535963367907.groovy:33)
	at com.kms.katalon.core.main.ScriptEngine.run(ScriptEngine.java:183)
	at com.kms.katalon.core.main.ScriptEngine.runScriptAsRawText(ScriptEngine.java:108)
	at com.kms.katalon.core.main.TestCaseExecutor.runScript(TestCaseExecutor.java:294)
	at com.kms.katalon.core.main.TestCaseExecutor.doExecute(TestCaseExecutor.java:285)
	at com.kms.katalon.core.main.TestCaseExecutor.processExecutionPhase(TestCaseExecutor.java:264)
	at com.kms.katalon.core.main.TestCaseExecutor.accessMainPhase(TestCaseExecutor.java:256)
	at com.kms.katalon.core.main.TestCaseExecutor.execute(TestCaseExecutor.java:200)
	at com.kms.katalon.core.main.TestCaseMain.runTestCase(TestCaseMain.java:99)
	at com.kms.katalon.core.keyword.builtin.CallTestCaseKeyword$_callTestCase_closure1.doCall(CallTestCaseKeyword.groovy:60)
	at com.kms.katalon.core.keyword.builtin.CallTestCaseKeyword$_callTestCase_closure1.call(CallTestCaseKeyword.groovy)
	at com.kms.katalon.core.keyword.internal.KeywordMain.runKeyword(KeywordMain.groovy:54)
	at com.kms.katalon.core.keyword.builtin.CallTestCaseKeyword.callTestCase(CallTestCaseKeyword.groovy:81)
	at com.kms.katalon.core.keyword.builtin.CallTestCaseKeyword.execute(CallTestCaseKeyword.groovy:45)
	at com.kms.katalon.core.keyword.internal.KeywordExecutor.executeKeywordForPlatform(KeywordExecutor.groovy:53)
	at com.kms.katalon.core.keyword.BuiltinKeywords.callTestCase(BuiltinKeywords.groovy:334)
	at sun.reflect.GeneratedMethodAccessor13.invoke(Unknown Source)
	at sun.reflect.DelegatingMethodAccessorImpl.invoke(DelegatingMethodAccessorImpl.java:43)
	at java.lang.reflect.Method.invoke(Method.java:498)
	at org.codehaus.groovy.reflection.CachedMethod.invoke(CachedMethod.java:93)
	at groovy.lang.MetaMethod.doMethodInvoke(MetaMethod.java:325)
	at groovy.lang.MetaClassImpl.invokeStaticMethod(MetaClassImpl.java:1469)
	at org.codehaus.groovy.runtime.callsite.StaticMetaClassSite.call(StaticMetaClassSite.java:53)
	at org.codehaus.groovy.runtime.callsite.CallSiteArray.defaultCall(CallSiteArray.java:48)
	at org.codehaus.groovy.runtime.callsite.AbstractCallSite.call(AbstractCallSite.java:113)
	at org.codehaus.groovy.runtime.callsite.AbstractCallSite.call(AbstractCallSite.java:141)
	at Script1536729619206.run(Script1536729619206.groovy:25)
	at com.kms.katalon.core.main.ScriptEngine.run(ScriptEngine.java:183)
	at com.kms.katalon.core.main.ScriptEngine.runScriptAsRawText(ScriptEngine.java:108)
	at com.kms.katalon.core.main.TestCaseExecutor.runScript(TestCaseExecutor.java:294)
	at com.kms.katalon.core.main.TestCaseExecutor.doExecute(TestCaseExecutor.java:285)
	at com.kms.katalon.core.main.TestCaseExecutor.processExecutionPhase(TestCaseExecutor.java:264)
	at com.kms.katalon.core.main.TestCaseExecutor.accessMainPhase(TestCaseExecutor.java:256)
	at com.kms.katalon.core.main.TestCaseExecutor.execute(TestCaseExecutor.java:200)
	at com.kms.katalon.core.main.TestSuiteExecutor.accessTestCaseMainPhase(TestSuiteExecutor.java:129)
	at com.kms.katalon.core.main.TestSuiteExecutor.accessTestSuiteMainPhase(TestSuiteExecutor.java:112)
	at com.kms.katalon.core.main.TestSuiteExecutor.execute(TestSuiteExecutor.java:81)
	at com.kms.katalon.core.main.TestCaseMain.startTestSuite(TestCaseMain.java:142)
	at com.kms.katalon.core.main.TestCaseMain$startTestSuite$0.call(Unknown Source)
	at org.codehaus.groovy.runtime.callsite.CallSiteArray.defaultCall(CallSiteArray.java:48)
	at org.codehaus.groovy.runtime.callsite.AbstractCallSite.call(AbstractCallSite.java:113)
	at org.codehaus.groovy.runtime.callsite.AbstractCallSite.call(AbstractCallSite.java:141)
	at TempTestSuite1539913255508.run(TempTestSuite1539913255508.groovy:36)
	at groovy.lang.GroovyShell.runScriptOrMainOrTestOrRunnable(GroovyShell.java:263)
	at groovy.lang.GroovyShell.run(GroovyShell.java:518)
	at groovy.lang.GroovyShell.run(GroovyShell.java:507)
	at groovy.ui.GroovyMain.processOnce(GroovyMain.java:653)
	at groovy.ui.GroovyMain.run(GroovyMain.java:384)
	at groovy.ui.GroovyMain.process(GroovyMain.java:370)
	at groovy.ui.GroovyMain.processArgs(GroovyMain.java:129)
	at groovy.ui.GroovyMain.main(GroovyMain.java:109)
	at sun.reflect.NativeMethodAccessorImpl.invoke0(Native Method)
	at sun.reflect.NativeMethodAccessorImpl.invoke(NativeMethodAccessorImpl.java:62)
	at sun.reflect.DelegatingMethodAccessorImpl.invoke(DelegatingMethodAccessorImpl.java:43)
	at java.lang.reflect.Method.invoke(Method.java:498)
	at org.codehaus.groovy.tools.GroovyStarter.rootLoader(GroovyStarter.java:109)
	at org.codehaus.groovy.tools.GroovyStarter.main(GroovyStarter.java:131)
)

2018-10-19 11:59:20 - [TEST_STEP][PASSED] - callTestCase: Call Test Case 'Test Cases/Final Aug 2018 - PKS Automation/Registration Module/Workflow/Form 1A - Cessation As Employer/Template/Form 1 A - Cessation As Employer (OTC)' successfully

2018-10-19 11:59:20 - [TEST_CASE][PASSED] - Test Cases/Final Aug 2018 - PKS Automation/Registration Module/Workflow/Form 1A - Cessation As Employer/Template/Form 1 A - Cessation As Employer (OTC): Test Cases/Final Aug 2018 - PKS Automation/Registration Module/Workflow/Form 1A - Cessation As Employer/Template/Form 1 A - Cessation As Employer (OTC)

2018-10-19 11:59:21 - [TEST_STEP][PASSED] - openBrowser: Browser is opened with url: ''

2018-10-19 11:59:21 - [MESSAGE][WARNING] - A browser is already opened. Closing browser and opening a new one

2018-10-19 11:59:24 - [MESSAGE][PASSED] - Browser is opened with url: ''

2018-10-19 11:59:24 - [TEST_STEP][PASSED] - navigateToUrl: Navigate to 'https://assist2-uat.perkeso.gov.my/login' successfully

2018-10-19 11:59:26 - [MESSAGE][PASSED] - Navigate to 'https://assist2-uat.perkeso.gov.my/login' successfully

2018-10-19 11:59:26 - [TEST_STEP][PASSED] - setText: Text 'johorotc1@gmail.com' is set on object 'Object Repository/Final Object Repo/Login Page/Internal User/Email Address'

2018-10-19 11:59:26 - [MESSAGE][PASSED] - Text 'johorotc1@gmail.com' is set on object 'Object Repository/Final Object Repo/Login Page/Internal User/Email Address'

2018-10-19 11:59:26 - [TEST_STEP][PASSED] - click: Object: 'Object Repository/Final Object Repo/Login Page/Internal User/Next Button' is clicked on

2018-10-19 11:59:27 - [MESSAGE][PASSED] - Object: 'Object Repository/Final Object Repo/Login Page/Internal User/Next Button' is clicked on

2018-10-19 11:59:27 - [TEST_STEP][PASSED] - delay: Delayed 1 second(s)

2018-10-19 11:59:28 - [MESSAGE][PASSED] - Delayed 1 second(s)

2018-10-19 11:59:28 - [TEST_STEP][PASSED] - setEncryptedText: Text ****** has been set on object 'Object Repository/Final Object Repo/Login Page/Internal User/Password'

2018-10-19 11:59:28 - [MESSAGE][PASSED] - Text ****** has been set on object 'Object Repository/Final Object Repo/Login Page/Internal User/Password'

2018-10-19 11:59:28 - [TEST_STEP][PASSED] - click: Object: 'Object Repository/Final Object Repo/Login Page/Internal User/Login Button' is clicked on

2018-10-19 11:59:28 - [MESSAGE][PASSED] - Object: 'Object Repository/Final Object Repo/Login Page/Internal User/Login Button' is clicked on

2018-10-19 11:59:28 - [TEST_STEP][PASSED] - delay: Delayed 1 second(s)

2018-10-19 11:59:29 - [MESSAGE][PASSED] - Delayed 1 second(s)

2018-10-19 11:59:29 - [TEST_STEP][PASSED] - Statement - Try: Delayed 2 second(s)

2018-10-19 11:59:29 - [TEST_STEP][PASSED] - Statement - Checker = false: null

2018-10-19 11:59:29 - [TEST_STEP][PASSED] - Statement - Checker = com.kms.katalon.core.webui.keyword.WebUiBuiltInKeywords.verifyElementHasAttribute(com.kms.katalon.core.testobject.ObjectRepository.findTestObject(Final Object Repo/Landing Page/BM Detecting), "href", 20, OPTIONAL): Object 'Object Repository/Final Object Repo/Landing Page/BM Detecting' has attribute 'href'

2018-10-19 11:59:31 - [MESSAGE][PASSED] - Object 'Object Repository/Final Object Repo/Landing Page/BM Detecting' has attribute 'href'

2018-10-19 11:59:31 - [TEST_STEP][PASSED] - Statement - out.println(Checker): null

2018-10-19 11:59:31 - [TEST_STEP][PASSED] - Statement - If (Checker == false): null

2018-10-19 11:59:31 - [TEST_STEP][PASSED] - Statement - Else: null

2018-10-19 11:59:31 - [TEST_STEP][PASSED] - delay: Delayed 2 second(s)

2018-10-19 11:59:33 - [MESSAGE][PASSED] - Delayed 2 second(s)

2018-10-19 11:59:33 - [TEST_STEP][PASSED] - navigateToUrl: Navigate to 'https://assist2-uat.perkeso.gov.my/web/registration/update/form-1a-cessation-as-employer-discontinue-business-' successfully

2018-10-19 11:59:34 - [MESSAGE][PASSED] - Navigate to 'https://assist2-uat.perkeso.gov.my/web/registration/update/form-1a-cessation-as-employer-discontinue-business-' successfully

2018-10-19 11:59:34 - [TEST_STEP][PASSED] - setText: Text 'E1102069770Z' is set on object 'Object Repository/Final Object Repo/Page_Update Employer Information/Employer Code'

2018-10-19 11:59:34 - [MESSAGE][PASSED] - Text 'E1102069770Z' is set on object 'Object Repository/Final Object Repo/Page_Update Employer Information/Employer Code'

2018-10-19 11:59:34 - [TEST_STEP][PASSED] - click: Object: 'Object Repository/Final Object Repo/Page_Update Employer Information/Search Button' is clicked on

2018-10-19 11:59:35 - [MESSAGE][PASSED] - Object: 'Object Repository/Final Object Repo/Page_Update Employer Information/Search Button' is clicked on

2018-10-19 11:59:35 - [TEST_STEP][PASSED] - click: Object: 'Object Repository/Final Object Repo/Page_Update Employer Information/Edit Button' is clicked on

2018-10-19 11:59:37 - [MESSAGE][PASSED] - Object: 'Object Repository/Final Object Repo/Page_Update Employer Information/Edit Button' is clicked on

2018-10-19 11:59:37 - [TEST_STEP][PASSED] - Statement - abc = com.kms.katalon.core.webui.keyword.WebUiBuiltInKeywords.getAttribute(com.kms.katalon.core.testobject.ObjectRepository.findTestObject(Final Object Repo/Page_Form 1A - Cessation As Employer/Employer Status), "value"): Attribute 'value' of object 'Object Repository/Final Object Repo/Page_Form 1A - Cessation As Employer/Employer Status' is: 'Dormant'

2018-10-19 11:59:37 - [MESSAGE][PASSED] - Attribute 'value' of object 'Object Repository/Final Object Repo/Page_Form 1A - Cessation As Employer/Employer Status' is: 'Dormant'

2018-10-19 11:59:37 - [TEST_STEP][PASSED] - Statement - out.println(abc): null

2018-10-19 11:59:37 - [TEST_STEP][PASSED] - Statement - If (abc == "Active"): null

2018-10-19 11:59:37 - [TEST_STEP][PASSED] - Statement - Else If (abc == "Cancel"): null

2018-10-19 11:59:37 - [TEST_STEP][PASSED] - Statement - Else If (abc == "Dormant"): Object: 'Object Repository/Final Object Repo/Page_Form 1A - Cessation As Employer/Change Employer Status to - Dormant' is clicked on

2018-10-19 11:59:37 - [TEST_STEP][PASSED] - click: Object: 'Object Repository/Final Object Repo/Page_Form 1A - Cessation As Employer/Change Employer Status to' is clicked on

2018-10-19 11:59:38 - [MESSAGE][PASSED] - Object: 'Object Repository/Final Object Repo/Page_Form 1A - Cessation As Employer/Change Employer Status to' is clicked on

2018-10-19 11:59:38 - [TEST_STEP][PASSED] - click: Object: 'Object Repository/Final Object Repo/Page_Form 1A - Cessation As Employer/Change Employer Status to - Dormant' is clicked on

2018-10-19 11:59:38 - [MESSAGE][PASSED] - Object: 'Object Repository/Final Object Repo/Page_Form 1A - Cessation As Employer/Change Employer Status to - Dormant' is clicked on

2018-10-19 11:59:38 - [TEST_STEP][PASSED] - click: Object: 'Object Repository/Final Object Repo/Page_Form 1A - Cessation As Employer/Calender' is clicked on

2018-10-19 11:59:38 - [MESSAGE][PASSED] - Object: 'Object Repository/Final Object Repo/Page_Form 1A - Cessation As Employer/Calender' is clicked on

2018-10-19 11:59:38 - [TEST_STEP][PASSED] - click: Object: 'Object Repository/Final Object Repo/Page_Form 1A - Cessation As Employer/Calender - Date' is clicked on

2018-10-19 11:59:38 - [MESSAGE][PASSED] - Object: 'Object Repository/Final Object Repo/Page_Form 1A - Cessation As Employer/Calender - Date' is clicked on

2018-10-19 11:59:38 - [TEST_STEP][PASSED] - delay: Delayed 2 second(s)

2018-10-19 11:59:40 - [MESSAGE][PASSED] - Delayed 2 second(s)

2018-10-19 11:59:40 - [TEST_STEP][PASSED] - click: Object: 'Object Repository/Final Object Repo/Page_Form 1A - Cessation As Employer/Save  Continue in Form 1A Page' is clicked on

2018-10-19 11:59:41 - [MESSAGE][PASSED] - Object: 'Object Repository/Final Object Repo/Page_Form 1A - Cessation As Employer/Save  Continue in Form 1A Page' is clicked on

2018-10-19 11:59:41 - [TEST_STEP][PASSED] - delay: Delayed 2 second(s)

2018-10-19 11:59:43 - [MESSAGE][PASSED] - Delayed 2 second(s)

2018-10-19 11:59:43 - [TEST_STEP][PASSED] - click: Object: 'Object Repository/Final Object Repo/Page_Form 1A - Cessation As Employer/Employment Resign Date' is clicked on

2018-10-19 11:59:43 - [MESSAGE][PASSED] - Object: 'Object Repository/Final Object Repo/Page_Form 1A - Cessation As Employer/Employment Resign Date' is clicked on

2018-10-19 11:59:43 - [TEST_STEP][PASSED] - delay: Delayed 1 second(s)

2018-10-19 11:59:44 - [MESSAGE][PASSED] - Delayed 1 second(s)

2018-10-19 11:59:44 - [TEST_STEP][PASSED] - Statement - CaseReferenceNo = com.kms.katalon.core.webui.keyword.WebUiBuiltInKeywords.getText(com.kms.katalon.core.testobject.ObjectRepository.findTestObject(Final Object Repo/Page_Update Employer Information/Reference Number in Update Employee Information Page)): Text of object 'Object Repository/Final Object Repo/Page_Update Employer Information/Reference Number in Update Employee Information Page' is: 'CUN102018C200001426'

2018-10-19 11:59:44 - [MESSAGE][PASSED] - Text of object 'Object Repository/Final Object Repo/Page_Update Employer Information/Reference Number in Update Employee Information Page' is: 'CUN102018C200001426'

2018-10-19 11:59:44 - [TEST_STEP][PASSED] - callTestCase: Call Test Case 'Test Cases/Final Aug 2018 - PKS Automation/Common/Reference Number Setter' successfully

2018-10-19 11:59:44 - [TEST_CASE][PASSED] - Test Cases/Final Aug 2018 - PKS Automation/Common/Reference Number Setter: Test Cases/Final Aug 2018 - PKS Automation/Common/Reference Number Setter

2018-10-19 11:59:44 - [TEST_STEP][PASSED] - Statement - RefNoOldFile = new java.io.File(C://KatalonReference.txt): null

2018-10-19 11:59:44 - [TEST_STEP][PASSED] - Statement - RefNoOldFile.delete(): null

2018-10-19 11:59:44 - [TEST_STEP][PASSED] - Statement - RefNo = new java.io.File(C://KatalonReference.txt): null

2018-10-19 11:59:44 - [TEST_STEP][PASSED] - Statement - RefNo.append(CaseReferenceNo): null

2018-10-19 11:59:44 - [TEST_STEP][PASSED] - Statement - out.println("


" + CaseReferenceNo + "


"): null

2018-10-19 11:59:44 - [MESSAGE][PASSED] - Call Test Case 'Test Cases/Final Aug 2018 - PKS Automation/Common/Reference Number Setter' successfully

2018-10-19 11:59:44 - [TEST_STEP][PASSED] - selectOptionByValue: All options with value '2030' are selected in object 'Object Repository/Final Object Repo/Page_Form 1A - Cessation As Employer/Employment Resign Date - Year' 

2018-10-19 11:59:44 - [MESSAGE][PASSED] - All options with value '2030' are selected in object 'Object Repository/Final Object Repo/Page_Form 1A - Cessation As Employer/Employment Resign Date - Year' 

2018-10-19 11:59:44 - [TEST_STEP][PASSED] - delay: Delayed 1 second(s)

2018-10-19 11:59:45 - [MESSAGE][PASSED] - Delayed 1 second(s)

2018-10-19 11:59:45 - [TEST_STEP][PASSED] - click: Object: 'Object Repository/Final Object Repo/Page_Form 1A - Cessation As Employer/Employment Resign Date - Year - Date' is clicked on

2018-10-19 11:59:46 - [MESSAGE][PASSED] - Object: 'Object Repository/Final Object Repo/Page_Form 1A - Cessation As Employer/Employment Resign Date - Year - Date' is clicked on

2018-10-19 11:59:46 - [TEST_STEP][PASSED] - delay: Delayed 2 second(s)

2018-10-19 11:59:48 - [MESSAGE][PASSED] - Delayed 2 second(s)

2018-10-19 11:59:48 - [TEST_STEP][PASSED] - click: Object: 'Object Repository/Final Object Repo/Page_Form 1A - Cessation As Employer/Save  Continue in Update Add Employee Resigned Date Page' is clicked on

2018-10-19 11:59:48 - [MESSAGE][PASSED] - Object: 'Object Repository/Final Object Repo/Page_Form 1A - Cessation As Employer/Save  Continue in Update Add Employee Resigned Date Page' is clicked on

2018-10-19 11:59:48 - [TEST_STEP][PASSED] - delay: Delayed 2 second(s)

2018-10-19 11:59:50 - [MESSAGE][PASSED] - Delayed 2 second(s)

2018-10-19 11:59:50 - [TEST_STEP][PASSED] - click: Object: 'Object Repository/Final Object Repo/Page_Form 1A - Cessation As Employer/Add Document' is clicked on

2018-10-19 11:59:51 - [MESSAGE][PASSED] - Object: 'Object Repository/Final Object Repo/Page_Form 1A - Cessation As Employer/Add Document' is clicked on

2018-10-19 11:59:51 - [TEST_STEP][PASSED] - delay: Delayed 2 second(s)

2018-10-19 11:59:53 - [MESSAGE][PASSED] - Delayed 2 second(s)

2018-10-19 11:59:53 - [TEST_STEP][PASSED] - click: Object: 'Object Repository/Final Object Repo/Page_Form 1A - Cessation As Employer/Document Type' is clicked on

2018-10-19 11:59:54 - [MESSAGE][PASSED] - Object: 'Object Repository/Final Object Repo/Page_Form 1A - Cessation As Employer/Document Type' is clicked on

2018-10-19 11:59:54 - [TEST_STEP][PASSED] - delay: Delayed 2 second(s)

2018-10-19 11:59:56 - [MESSAGE][PASSED] - Delayed 2 second(s)

2018-10-19 11:59:56 - [TEST_STEP][PASSED] - click: Object: 'Object Repository/Final Object Repo/Page_Form 1A - Cessation As Employer/Document Type - Supporting Document For Cessation' is clicked on

2018-10-19 11:59:57 - [MESSAGE][PASSED] - Object: 'Object Repository/Final Object Repo/Page_Form 1A - Cessation As Employer/Document Type - Supporting Document For Cessation' is clicked on

2018-10-19 11:59:57 - [TEST_STEP][PASSED] - delay: Delayed 2 second(s)

2018-10-19 11:59:59 - [MESSAGE][PASSED] - Delayed 2 second(s)

2018-10-19 11:59:59 - [TEST_STEP][PASSED] - sendKeys: Keys 'C:\Users\Public\Pictures\Sample Pictures\Act.jpg' sent to object: 'Object Repository/Final Object Repo/Page_Form 1A - Cessation As Employer/Uploading File'

2018-10-19 11:59:59 - [MESSAGE][PASSED] - Keys 'C:\Users\Public\Pictures\Sample Pictures\Act.jpg' sent to object: 'Object Repository/Final Object Repo/Page_Form 1A - Cessation As Employer/Uploading File'

2018-10-19 11:59:59 - [TEST_STEP][PASSED] - delay: Delayed 2 second(s)

2018-10-19 12:00:01 - [MESSAGE][PASSED] - Delayed 2 second(s)

2018-10-19 12:00:01 - [TEST_STEP][PASSED] - click: Object: 'Object Repository/Final Object Repo/Page_Form 1A - Cessation As Employer/Add Document in Uploading Page' is clicked on

2018-10-19 12:00:01 - [MESSAGE][PASSED] - Object: 'Object Repository/Final Object Repo/Page_Form 1A - Cessation As Employer/Add Document in Uploading Page' is clicked on

2018-10-19 12:00:01 - [TEST_STEP][PASSED] - delay: Delayed 20 second(s)

2018-10-19 12:00:21 - [MESSAGE][PASSED] - Delayed 20 second(s)

2018-10-19 12:00:21 - [TEST_STEP][PASSED] - click: Object: 'Object Repository/Final Object Repo/Page_Form 1A - Cessation As Employer/Save  Continue in Uploading Page' is clicked on

2018-10-19 12:00:21 - [MESSAGE][PASSED] - Object: 'Object Repository/Final Object Repo/Page_Form 1A - Cessation As Employer/Save  Continue in Uploading Page' is clicked on

2018-10-19 12:00:21 - [TEST_STEP][PASSED] - delay: Delayed 2 second(s)

2018-10-19 12:00:23 - [MESSAGE][PASSED] - Delayed 2 second(s)

2018-10-19 12:00:23 - [TEST_STEP][PASSED] - click: Object: 'Object Repository/Final Object Repo/Page_Form 1A - Cessation As Employer/Submit2' is clicked on

2018-10-19 12:00:27 - [MESSAGE][PASSED] - Object: 'Object Repository/Final Object Repo/Page_Form 1A - Cessation As Employer/Submit2' is clicked on

2018-10-19 12:00:27 - [TEST_STEP][PASSED] - delay: Delayed 2 second(s)

2018-10-19 12:00:29 - [MESSAGE][PASSED] - Delayed 2 second(s)

2018-10-19 12:00:29 - [TEST_STEP][PASSED] - click: Object: 'Object Repository/Final Object Repo/Page_Form 1A - Cessation As Employer/Confirm' is clicked on

2018-10-19 12:00:29 - [MESSAGE][PASSED] - Object: 'Object Repository/Final Object Repo/Page_Form 1A - Cessation As Employer/Confirm' is clicked on

2018-10-19 12:00:29 - [TEST_STEP][PASSED] - delay: Delayed 2 second(s)

2018-10-19 12:00:31 - [MESSAGE][PASSED] - Delayed 2 second(s)

2018-10-19 12:00:31 - [TEST_STEP][PASSED] - verifyElementVisible: Object 'Object Repository/Final Object Repo/Page_Form 1A - Cessation As Employer/Message Your Request will be routed to UO' is visible

2018-10-19 12:00:35 - [MESSAGE][PASSED] - Object 'Object Repository/Final Object Repo/Page_Form 1A - Cessation As Employer/Message Your Request will be routed to UO' is visible

2018-10-19 12:00:35 - [TEST_STEP][PASSED] - delay: Delayed 1 second(s)

2018-10-19 12:00:36 - [MESSAGE][PASSED] - Delayed 1 second(s)

2018-10-19 12:00:36 - [TEST_STEP][PASSED] - verifyElementVisible: Object 'Object Repository/Final Object Repo/Page_Form 1A - Cessation As Employer/Letter of acknowledgement' is visible

2018-10-19 12:00:36 - [MESSAGE][PASSED] - Object 'Object Repository/Final Object Repo/Page_Form 1A - Cessation As Employer/Letter of acknowledgement' is visible

2018-10-19 12:00:36 - [MESSAGE][PASSED] - Call Test Case 'Test Cases/Final Aug 2018 - PKS Automation/Registration Module/Workflow/Form 1A - Cessation As Employer/Template/Form 1 A - Cessation As Employer (OTC)' successfully

2018-10-19 12:00:36 - [TEST_STEP][FAILED] - callTestCase: Unable to call Test Case with id 'Test Cases/Final Aug 2018 - PKS Automation/Registration Module/Workflow/Form 1A - Cessation As Employer/Template/Form 1 A - Cessation As Employer (Under enforcement)' (Root cause: Call Test Case 'Test Cases/Final Aug 2018 - PKS Automation/Registration Module/Workflow/Form 1A - Cessation As Employer/Template/Form 1 A - Cessation As Employer (Under enforcement)' failed)

2018-10-19 12:00:36 - [TEST_CASE][FAILED] - Test Cases/Final Aug 2018 - PKS Automation/Registration Module/Workflow/Form 1A - Cessation As Employer/Template/Form 1 A - Cessation As Employer (Under enforcement): Test Cases/Final Aug 2018 - PKS Automation/Registration Module/Workflow/Form 1A - Cessation As Employer/Template/Form 1 A - Cessation As Employer (Under enforcement) FAILED because (of) (Stack trace: com.kms.katalon.core.exception.StepFailedException: Unable to click on object 'Object Repository/Final Object Repo/Landing Page/Select to English' (Root cause: com.kms.katalon.core.webui.exception.WebElementNotFoundException: Web element with id: 'Object Repository/Final Object Repo/Landing Page/Select to English' located by 'By.xpath: //a[@class = 'taglib-language-list-text' and @lang = 'en-US' and (contains(text(), 'EN') or contains(., 'EN'))]' not found)
	at com.kms.katalon.core.keyword.internal.KeywordMain.stepFailed(KeywordMain.groovy:32)
	at com.kms.katalon.core.webui.keyword.internal.WebUIKeywordMain.stepFailed(WebUIKeywordMain.groovy:65)
	at com.kms.katalon.core.webui.keyword.internal.WebUIKeywordMain.runKeyword(WebUIKeywordMain.groovy:27)
	at com.kms.katalon.core.webui.keyword.builtin.ClickKeyword.click(ClickKeyword.groovy:86)
	at com.kms.katalon.core.webui.keyword.builtin.ClickKeyword.execute(ClickKeyword.groovy:67)
	at com.kms.katalon.core.keyword.internal.KeywordExecutor.executeKeywordForPlatform(KeywordExecutor.groovy:53)
	at com.kms.katalon.core.webui.keyword.WebUiBuiltInKeywords.click(WebUiBuiltInKeywords.groovy:604)
	at com.kms.katalon.core.webui.keyword.WebUiBuiltInKeywords$click$8.call(Unknown Source)
	at org.codehaus.groovy.runtime.callsite.CallSiteArray.defaultCall(CallSiteArray.java:48)
	at org.codehaus.groovy.runtime.callsite.AbstractCallSite.call(AbstractCallSite.java:113)
	at org.codehaus.groovy.runtime.callsite.AbstractCallSite.call(AbstractCallSite.java:133)
	at Script1534407542420.run(Script1534407542420.groovy:57)
	at com.kms.katalon.core.main.ScriptEngine.run(ScriptEngine.java:183)
	at com.kms.katalon.core.main.ScriptEngine.runScriptAsRawText(ScriptEngine.java:108)
	at com.kms.katalon.core.main.TestCaseExecutor.runScript(TestCaseExecutor.java:294)
	at com.kms.katalon.core.main.TestCaseExecutor.doExecute(TestCaseExecutor.java:285)
	at com.kms.katalon.core.main.TestCaseExecutor.processExecutionPhase(TestCaseExecutor.java:264)
	at com.kms.katalon.core.main.TestCaseExecutor.accessMainPhase(TestCaseExecutor.java:256)
	at com.kms.katalon.core.main.TestCaseExecutor.execute(TestCaseExecutor.java:200)
	at com.kms.katalon.core.main.TestCaseMain.runTestCase(TestCaseMain.java:99)
	at com.kms.katalon.core.keyword.builtin.CallTestCaseKeyword$_callTestCase_closure1.doCall(CallTestCaseKeyword.groovy:60)
	at com.kms.katalon.core.keyword.builtin.CallTestCaseKeyword$_callTestCase_closure1.call(CallTestCaseKeyword.groovy)
	at com.kms.katalon.core.keyword.internal.KeywordMain.runKeyword(KeywordMain.groovy:54)
	at com.kms.katalon.core.keyword.builtin.CallTestCaseKeyword.callTestCase(CallTestCaseKeyword.groovy:81)
	at com.kms.katalon.core.keyword.builtin.CallTestCaseKeyword.execute(CallTestCaseKeyword.groovy:45)
	at com.kms.katalon.core.keyword.internal.KeywordExecutor.executeKeywordForPlatform(KeywordExecutor.groovy:53)
	at com.kms.katalon.core.keyword.BuiltinKeywords.callTestCase(BuiltinKeywords.groovy:334)
	at sun.reflect.GeneratedMethodAccessor13.invoke(Unknown Source)
	at sun.reflect.DelegatingMethodAccessorImpl.invoke(DelegatingMethodAccessorImpl.java:43)
	at java.lang.reflect.Method.invoke(Method.java:498)
	at org.codehaus.groovy.reflection.CachedMethod.invoke(CachedMethod.java:93)
	at groovy.lang.MetaMethod.doMethodInvoke(MetaMethod.java:325)
	at groovy.lang.MetaClassImpl.invokeStaticMethod(MetaClassImpl.java:1469)
	at org.codehaus.groovy.runtime.callsite.StaticMetaClassSite.call(StaticMetaClassSite.java:53)
	at org.codehaus.groovy.runtime.callsite.CallSiteArray.defaultCall(CallSiteArray.java:48)
	at org.codehaus.groovy.runtime.callsite.AbstractCallSite.call(AbstractCallSite.java:113)
	at org.codehaus.groovy.runtime.callsite.AbstractCallSite.call(AbstractCallSite.java:141)
	at Script1535963367907.run(Script1535963367907.groovy:33)
	at com.kms.katalon.core.main.ScriptEngine.run(ScriptEngine.java:183)
	at com.kms.katalon.core.main.ScriptEngine.runScriptAsRawText(ScriptEngine.java:108)
	at com.kms.katalon.core.main.TestCaseExecutor.runScript(TestCaseExecutor.java:294)
	at com.kms.katalon.core.main.TestCaseExecutor.doExecute(TestCaseExecutor.java:285)
	at com.kms.katalon.core.main.TestCaseExecutor.processExecutionPhase(TestCaseExecutor.java:264)
	at com.kms.katalon.core.main.TestCaseExecutor.accessMainPhase(TestCaseExecutor.java:256)
	at com.kms.katalon.core.main.TestCaseExecutor.execute(TestCaseExecutor.java:200)
	at com.kms.katalon.core.main.TestCaseMain.runTestCase(TestCaseMain.java:99)
	at com.kms.katalon.core.keyword.builtin.CallTestCaseKeyword$_callTestCase_closure1.doCall(CallTestCaseKeyword.groovy:60)
	at com.kms.katalon.core.keyword.builtin.CallTestCaseKeyword$_callTestCase_closure1.call(CallTestCaseKeyword.groovy)
	at com.kms.katalon.core.keyword.internal.KeywordMain.runKeyword(KeywordMain.groovy:54)
	at com.kms.katalon.core.keyword.builtin.CallTestCaseKeyword.callTestCase(CallTestCaseKeyword.groovy:81)
	at com.kms.katalon.core.keyword.builtin.CallTestCaseKeyword.execute(CallTestCaseKeyword.groovy:45)
	at com.kms.katalon.core.keyword.internal.KeywordExecutor.executeKeywordForPlatform(KeywordExecutor.groovy:53)
	at com.kms.katalon.core.keyword.BuiltinKeywords.callTestCase(BuiltinKeywords.groovy:334)
	at sun.reflect.GeneratedMethodAccessor13.invoke(Unknown Source)
	at sun.reflect.DelegatingMethodAccessorImpl.invoke(DelegatingMethodAccessorImpl.java:43)
	at java.lang.reflect.Method.invoke(Method.java:498)
	at org.codehaus.groovy.reflection.CachedMethod.invoke(CachedMethod.java:93)
	at groovy.lang.MetaMethod.doMethodInvoke(MetaMethod.java:325)
	at groovy.lang.MetaClassImpl.invokeStaticMethod(MetaClassImpl.java:1469)
	at org.codehaus.groovy.runtime.callsite.StaticMetaClassSite.call(StaticMetaClassSite.java:53)
	at org.codehaus.groovy.runtime.callsite.CallSiteArray.defaultCall(CallSiteArray.java:48)
	at org.codehaus.groovy.runtime.callsite.AbstractCallSite.call(AbstractCallSite.java:113)
	at org.codehaus.groovy.runtime.callsite.AbstractCallSite.call(AbstractCallSite.java:141)
	at Script1536729619206.run(Script1536729619206.groovy:25)
	at com.kms.katalon.core.main.ScriptEngine.run(ScriptEngine.java:183)
	at com.kms.katalon.core.main.ScriptEngine.runScriptAsRawText(ScriptEngine.java:108)
	at com.kms.katalon.core.main.TestCaseExecutor.runScript(TestCaseExecutor.java:294)
	at com.kms.katalon.core.main.TestCaseExecutor.doExecute(TestCaseExecutor.java:285)
	at com.kms.katalon.core.main.TestCaseExecutor.processExecutionPhase(TestCaseExecutor.java:264)
	at com.kms.katalon.core.main.TestCaseExecutor.accessMainPhase(TestCaseExecutor.java:256)
	at com.kms.katalon.core.main.TestCaseExecutor.execute(TestCaseExecutor.java:200)
	at com.kms.katalon.core.main.TestSuiteExecutor.accessTestCaseMainPhase(TestSuiteExecutor.java:129)
	at com.kms.katalon.core.main.TestSuiteExecutor.accessTestSuiteMainPhase(TestSuiteExecutor.java:112)
	at com.kms.katalon.core.main.TestSuiteExecutor.execute(TestSuiteExecutor.java:81)
	at com.kms.katalon.core.main.TestCaseMain.startTestSuite(TestCaseMain.java:142)
	at com.kms.katalon.core.main.TestCaseMain$startTestSuite$0.call(Unknown Source)
	at org.codehaus.groovy.runtime.callsite.CallSiteArray.defaultCall(CallSiteArray.java:48)
	at org.codehaus.groovy.runtime.callsite.AbstractCallSite.call(AbstractCallSite.java:113)
	at org.codehaus.groovy.runtime.callsite.AbstractCallSite.call(AbstractCallSite.java:141)
	at TempTestSuite1539913255508.run(TempTestSuite1539913255508.groovy:36)
	at groovy.lang.GroovyShell.runScriptOrMainOrTestOrRunnable(GroovyShell.java:263)
	at groovy.lang.GroovyShell.run(GroovyShell.java:518)
	at groovy.lang.GroovyShell.run(GroovyShell.java:507)
	at groovy.ui.GroovyMain.processOnce(GroovyMain.java:653)
	at groovy.ui.GroovyMain.run(GroovyMain.java:384)
	at groovy.ui.GroovyMain.process(GroovyMain.java:370)
	at groovy.ui.GroovyMain.processArgs(GroovyMain.java:129)
	at groovy.ui.GroovyMain.main(GroovyMain.java:109)
	at sun.reflect.NativeMethodAccessorImpl.invoke0(Native Method)
	at sun.reflect.NativeMethodAccessorImpl.invoke(NativeMethodAccessorImpl.java:62)
	at sun.reflect.DelegatingMethodAccessorImpl.invoke(DelegatingMethodAccessorImpl.java:43)
	at java.lang.reflect.Method.invoke(Method.java:498)
	at org.codehaus.groovy.tools.GroovyStarter.rootLoader(GroovyStarter.java:109)
	at org.codehaus.groovy.tools.GroovyStarter.main(GroovyStarter.java:131)
)

2018-10-19 12:00:37 - [TEST_STEP][NOT_RUN] - callTestCase: NOT_RUN: callTestCase

2018-10-19 12:00:37 - [MESSAGE][NOT_RUN] - NOT_RUN: callTestCase

2018-10-19 12:00:37 - [TEST_STEP][PASSED] - delay: Delayed 1 second(s)

2018-10-19 12:00:38 - [MESSAGE][PASSED] - Delayed 1 second(s)

2018-10-19 12:00:38 - [TEST_STEP][PASSED] - navigateToUrl: Navigate to 'https://assist2-uat.perkeso.gov.my/c/portal/logout' successfully

2018-10-19 12:00:38 - [MESSAGE][PASSED] - Navigate to 'https://assist2-uat.perkeso.gov.my/c/portal/logout' successfully

2018-10-19 12:00:38 - [TEST_STEP][PASSED] - delay: Delayed 1 second(s)

2018-10-19 12:00:39 - [MESSAGE][PASSED] - Delayed 1 second(s)

2018-10-19 12:00:39 - [TEST_STEP][PASSED] - callTestCase: Call Test Case 'Test Cases/Final Aug 2018 - PKS Automation/Common/Reference Number Getter' successfully

2018-10-19 12:00:39 - [TEST_CASE][PASSED] - Test Cases/Final Aug 2018 - PKS Automation/Common/Reference Number Getter: Test Cases/Final Aug 2018 - PKS Automation/Common/Reference Number Getter

2018-10-19 12:00:40 - [TEST_STEP][PASSED] - Statement - Try: null

2018-10-19 12:00:40 - [TEST_STEP][PASSED] - Statement - RefNo = new java.io.File(C://KatalonReference.txt): null

2018-10-19 12:00:40 - [TEST_STEP][PASSED] - Statement - bufferread = new java.io.BufferedReader(new java.io.FileReader(RefNo)): null

2018-10-19 12:00:40 - [TEST_STEP][PASSED] - Statement - readedVal = bufferread.readLine(): null

2018-10-19 12:00:40 - [TEST_STEP][PASSED] - Statement - out.println(CaseReferenceNo): null

2018-10-19 12:00:40 - [TEST_STEP][PASSED] - Statement - out.println(readedVal): null

2018-10-19 12:00:40 - [TEST_STEP][PASSED] - Statement - CaseReferenceNo = readedVal: null

2018-10-19 12:00:40 - [MESSAGE][PASSED] - Call Test Case 'Test Cases/Final Aug 2018 - PKS Automation/Common/Reference Number Getter' successfully

2018-10-19 12:00:40 - [TEST_STEP][FAILED] - callTestCase: Unable to call Test Case with id 'Test Cases/Final Aug 2018 - PKS Automation/Common/Workflow Owner Finder' (Root cause: Call Test Case 'Test Cases/Final Aug 2018 - PKS Automation/Common/Workflow Owner Finder' failed)

2018-10-19 12:00:40 - [TEST_CASE][FAILED] - Test Cases/Final Aug 2018 - PKS Automation/Common/Workflow Owner Finder: Test Cases/Final Aug 2018 - PKS Automation/Common/Workflow Owner Finder FAILED because (of) (Stack trace: com.kms.katalon.core.exception.StepFailedException: Unable to click on object 'Object Repository/Final Object Repo/Landing Page/Select to English' (Root cause: com.kms.katalon.core.webui.exception.WebElementNotFoundException: Web element with id: 'Object Repository/Final Object Repo/Landing Page/Select to English' located by 'By.xpath: //a[@class = 'taglib-language-list-text' and @lang = 'en-US' and (contains(text(), 'EN') or contains(., 'EN'))]' not found)
	at com.kms.katalon.core.keyword.internal.KeywordMain.stepFailed(KeywordMain.groovy:32)
	at com.kms.katalon.core.webui.keyword.internal.WebUIKeywordMain.stepFailed(WebUIKeywordMain.groovy:65)
	at com.kms.katalon.core.webui.keyword.internal.WebUIKeywordMain.runKeyword(WebUIKeywordMain.groovy:27)
	at com.kms.katalon.core.webui.keyword.builtin.ClickKeyword.click(ClickKeyword.groovy:86)
	at com.kms.katalon.core.webui.keyword.builtin.ClickKeyword.execute(ClickKeyword.groovy:67)
	at com.kms.katalon.core.keyword.internal.KeywordExecutor.executeKeywordForPlatform(KeywordExecutor.groovy:53)
	at com.kms.katalon.core.webui.keyword.WebUiBuiltInKeywords.click(WebUiBuiltInKeywords.groovy:604)
	at com.kms.katalon.core.webui.keyword.WebUiBuiltInKeywords$click$8.call(Unknown Source)
	at org.codehaus.groovy.runtime.callsite.CallSiteArray.defaultCall(CallSiteArray.java:48)
	at org.codehaus.groovy.runtime.callsite.AbstractCallSite.call(AbstractCallSite.java:113)
	at org.codehaus.groovy.runtime.callsite.AbstractCallSite.call(AbstractCallSite.java:133)
	at Script1534407542420.run(Script1534407542420.groovy:57)
	at com.kms.katalon.core.main.ScriptEngine.run(ScriptEngine.java:183)
	at com.kms.katalon.core.main.ScriptEngine.runScriptAsRawText(ScriptEngine.java:108)
	at com.kms.katalon.core.main.TestCaseExecutor.runScript(TestCaseExecutor.java:294)
	at com.kms.katalon.core.main.TestCaseExecutor.doExecute(TestCaseExecutor.java:285)
	at com.kms.katalon.core.main.TestCaseExecutor.processExecutionPhase(TestCaseExecutor.java:264)
	at com.kms.katalon.core.main.TestCaseExecutor.accessMainPhase(TestCaseExecutor.java:256)
	at com.kms.katalon.core.main.TestCaseExecutor.execute(TestCaseExecutor.java:200)
	at com.kms.katalon.core.main.TestCaseMain.runTestCase(TestCaseMain.java:99)
	at com.kms.katalon.core.keyword.builtin.CallTestCaseKeyword$_callTestCase_closure1.doCall(CallTestCaseKeyword.groovy:60)
	at com.kms.katalon.core.keyword.builtin.CallTestCaseKeyword$_callTestCase_closure1.call(CallTestCaseKeyword.groovy)
	at com.kms.katalon.core.keyword.internal.KeywordMain.runKeyword(KeywordMain.groovy:54)
	at com.kms.katalon.core.keyword.builtin.CallTestCaseKeyword.callTestCase(CallTestCaseKeyword.groovy:81)
	at com.kms.katalon.core.keyword.builtin.CallTestCaseKeyword.execute(CallTestCaseKeyword.groovy:45)
	at com.kms.katalon.core.keyword.internal.KeywordExecutor.executeKeywordForPlatform(KeywordExecutor.groovy:53)
	at com.kms.katalon.core.keyword.BuiltinKeywords.callTestCase(BuiltinKeywords.groovy:334)
	at sun.reflect.GeneratedMethodAccessor13.invoke(Unknown Source)
	at sun.reflect.DelegatingMethodAccessorImpl.invoke(DelegatingMethodAccessorImpl.java:43)
	at java.lang.reflect.Method.invoke(Method.java:498)
	at org.codehaus.groovy.reflection.CachedMethod.invoke(CachedMethod.java:93)
	at groovy.lang.MetaMethod.doMethodInvoke(MetaMethod.java:325)
	at groovy.lang.MetaClassImpl.invokeStaticMethod(MetaClassImpl.java:1469)
	at org.codehaus.groovy.runtime.callsite.StaticMetaClassSite.call(StaticMetaClassSite.java:53)
	at org.codehaus.groovy.runtime.callsite.CallSiteArray.defaultCall(CallSiteArray.java:48)
	at org.codehaus.groovy.runtime.callsite.AbstractCallSite.call(AbstractCallSite.java:113)
	at org.codehaus.groovy.runtime.callsite.AbstractCallSite.call(AbstractCallSite.java:141)
	at Script1535963367907.run(Script1535963367907.groovy:33)
	at com.kms.katalon.core.main.ScriptEngine.run(ScriptEngine.java:183)
	at com.kms.katalon.core.main.ScriptEngine.runScriptAsRawText(ScriptEngine.java:108)
	at com.kms.katalon.core.main.TestCaseExecutor.runScript(TestCaseExecutor.java:294)
	at com.kms.katalon.core.main.TestCaseExecutor.doExecute(TestCaseExecutor.java:285)
	at com.kms.katalon.core.main.TestCaseExecutor.processExecutionPhase(TestCaseExecutor.java:264)
	at com.kms.katalon.core.main.TestCaseExecutor.accessMainPhase(TestCaseExecutor.java:256)
	at com.kms.katalon.core.main.TestCaseExecutor.execute(TestCaseExecutor.java:200)
	at com.kms.katalon.core.main.TestCaseMain.runTestCase(TestCaseMain.java:99)
	at com.kms.katalon.core.keyword.builtin.CallTestCaseKeyword$_callTestCase_closure1.doCall(CallTestCaseKeyword.groovy:60)
	at com.kms.katalon.core.keyword.builtin.CallTestCaseKeyword$_callTestCase_closure1.call(CallTestCaseKeyword.groovy)
	at com.kms.katalon.core.keyword.internal.KeywordMain.runKeyword(KeywordMain.groovy:54)
	at com.kms.katalon.core.keyword.builtin.CallTestCaseKeyword.callTestCase(CallTestCaseKeyword.groovy:81)
	at com.kms.katalon.core.keyword.builtin.CallTestCaseKeyword.execute(CallTestCaseKeyword.groovy:45)
	at com.kms.katalon.core.keyword.internal.KeywordExecutor.executeKeywordForPlatform(KeywordExecutor.groovy:53)
	at com.kms.katalon.core.keyword.BuiltinKeywords.callTestCase(BuiltinKeywords.groovy:334)
	at sun.reflect.GeneratedMethodAccessor13.invoke(Unknown Source)
	at sun.reflect.DelegatingMethodAccessorImpl.invoke(DelegatingMethodAccessorImpl.java:43)
	at java.lang.reflect.Method.invoke(Method.java:498)
	at org.codehaus.groovy.reflection.CachedMethod.invoke(CachedMethod.java:93)
	at groovy.lang.MetaMethod.doMethodInvoke(MetaMethod.java:325)
	at groovy.lang.MetaClassImpl.invokeStaticMethod(MetaClassImpl.java:1469)
	at org.codehaus.groovy.runtime.callsite.StaticMetaClassSite.call(StaticMetaClassSite.java:53)
	at org.codehaus.groovy.runtime.callsite.CallSiteArray.defaultCall(CallSiteArray.java:48)
	at org.codehaus.groovy.runtime.callsite.AbstractCallSite.call(AbstractCallSite.java:113)
	at org.codehaus.groovy.runtime.callsite.AbstractCallSite.call(AbstractCallSite.java:141)
	at Script1536729619206.run(Script1536729619206.groovy:25)
	at com.kms.katalon.core.main.ScriptEngine.run(ScriptEngine.java:183)
	at com.kms.katalon.core.main.ScriptEngine.runScriptAsRawText(ScriptEngine.java:108)
	at com.kms.katalon.core.main.TestCaseExecutor.runScript(TestCaseExecutor.java:294)
	at com.kms.katalon.core.main.TestCaseExecutor.doExecute(TestCaseExecutor.java:285)
	at com.kms.katalon.core.main.TestCaseExecutor.processExecutionPhase(TestCaseExecutor.java:264)
	at com.kms.katalon.core.main.TestCaseExecutor.accessMainPhase(TestCaseExecutor.java:256)
	at com.kms.katalon.core.main.TestCaseExecutor.execute(TestCaseExecutor.java:200)
	at com.kms.katalon.core.main.TestSuiteExecutor.accessTestCaseMainPhase(TestSuiteExecutor.java:129)
	at com.kms.katalon.core.main.TestSuiteExecutor.accessTestSuiteMainPhase(TestSuiteExecutor.java:112)
	at com.kms.katalon.core.main.TestSuiteExecutor.execute(TestSuiteExecutor.java:81)
	at com.kms.katalon.core.main.TestCaseMain.startTestSuite(TestCaseMain.java:142)
	at com.kms.katalon.core.main.TestCaseMain$startTestSuite$0.call(Unknown Source)
	at org.codehaus.groovy.runtime.callsite.CallSiteArray.defaultCall(CallSiteArray.java:48)
	at org.codehaus.groovy.runtime.callsite.AbstractCallSite.call(AbstractCallSite.java:113)
	at org.codehaus.groovy.runtime.callsite.AbstractCallSite.call(AbstractCallSite.java:141)
	at TempTestSuite1539913255508.run(TempTestSuite1539913255508.groovy:36)
	at groovy.lang.GroovyShell.runScriptOrMainOrTestOrRunnable(GroovyShell.java:263)
	at groovy.lang.GroovyShell.run(GroovyShell.java:518)
	at groovy.lang.GroovyShell.run(GroovyShell.java:507)
	at groovy.ui.GroovyMain.processOnce(GroovyMain.java:653)
	at groovy.ui.GroovyMain.run(GroovyMain.java:384)
	at groovy.ui.GroovyMain.process(GroovyMain.java:370)
	at groovy.ui.GroovyMain.processArgs(GroovyMain.java:129)
	at groovy.ui.GroovyMain.main(GroovyMain.java:109)
	at sun.reflect.NativeMethodAccessorImpl.invoke0(Native Method)
	at sun.reflect.NativeMethodAccessorImpl.invoke(NativeMethodAccessorImpl.java:62)
	at sun.reflect.DelegatingMethodAccessorImpl.invoke(DelegatingMethodAccessorImpl.java:43)
	at java.lang.reflect.Method.invoke(Method.java:498)
	at org.codehaus.groovy.tools.GroovyStarter.rootLoader(GroovyStarter.java:109)
	at org.codehaus.groovy.tools.GroovyStarter.main(GroovyStarter.java:131)
)

2018-10-19 12:00:40 - [TEST_STEP][PASSED] - openBrowser: Browser is opened with url: ''

2018-10-19 12:00:40 - [MESSAGE][WARNING] - A browser is already opened. Closing browser and opening a new one

2018-10-19 12:00:43 - [MESSAGE][PASSED] - Browser is opened with url: ''

2018-10-19 12:00:43 - [TEST_STEP][PASSED] - navigateToUrl: Navigate to 'https://assist2-uat.perkeso.gov.my/login' successfully

2018-10-19 12:00:46 - [MESSAGE][PASSED] - Navigate to 'https://assist2-uat.perkeso.gov.my/login' successfully

2018-10-19 12:00:46 - [TEST_STEP][PASSED] - delay: Delayed 5 second(s)

2018-10-19 12:00:51 - [MESSAGE][PASSED] - Delayed 5 second(s)

2018-10-19 12:00:51 - [TEST_STEP][PASSED] - setText: Text 'test@liferay.com' is set on object 'Object Repository/Final Object Repo/Login Page/Internal User/Email Address'

2018-10-19 12:00:52 - [MESSAGE][PASSED] - Text 'test@liferay.com' is set on object 'Object Repository/Final Object Repo/Login Page/Internal User/Email Address'

2018-10-19 12:00:52 - [TEST_STEP][PASSED] - click: Object: 'Object Repository/Final Object Repo/Login Page/Internal User/Next Button' is clicked on

2018-10-19 12:00:52 - [MESSAGE][PASSED] - Object: 'Object Repository/Final Object Repo/Login Page/Internal User/Next Button' is clicked on

2018-10-19 12:00:52 - [TEST_STEP][PASSED] - delay: Delayed 2 second(s)

2018-10-19 12:00:54 - [MESSAGE][PASSED] - Delayed 2 second(s)

2018-10-19 12:00:54 - [TEST_STEP][PASSED] - setText: Text 'test' is set on object 'Object Repository/Final Object Repo/Login Page/Internal User/Password'

2018-10-19 12:00:54 - [MESSAGE][PASSED] - Text 'test' is set on object 'Object Repository/Final Object Repo/Login Page/Internal User/Password'

2018-10-19 12:00:54 - [TEST_STEP][PASSED] - delay: Delayed 2 second(s)

2018-10-19 12:00:56 - [MESSAGE][PASSED] - Delayed 2 second(s)

2018-10-19 12:00:56 - [TEST_STEP][PASSED] - click: Object: 'Object Repository/Final Object Repo/Login Page/Internal User/Login Button' is clicked on

2018-10-19 12:00:56 - [MESSAGE][PASSED] - Object: 'Object Repository/Final Object Repo/Login Page/Internal User/Login Button' is clicked on

2018-10-19 12:00:56 - [TEST_STEP][FAILED] - Statement - Try: Delayed 2 second(s)

2018-10-19 12:00:56 - [TEST_STEP][PASSED] - Statement - Checker = false: null

2018-10-19 12:00:56 - [TEST_STEP][PASSED] - Statement - Checker = com.kms.katalon.core.webui.keyword.WebUiBuiltInKeywords.verifyElementHasAttribute(com.kms.katalon.core.testobject.ObjectRepository.findTestObject(Final Object Repo/Landing Page/BM Detecting), "href", 20, OPTIONAL): Unable to verify if object 'Object Repository/Final Object Repo/Landing Page/BM Detecting' has attribute 'href' (Root cause: org.openqa.selenium.StaleElementReferenceException: stale element reference: element is not attached to the page document
  (Session info: chrome=69.0.3497.100)
  (Driver info: chromedriver=2.35.528161 (5b82f2d2aae0ca24b877009200ced9065a772e73),platform=Windows NT 6.1.7601 SP1 x86_64) (WARNING: The server did not provide any stacktrace information)
Command duration or timeout: 0 milliseconds
For documentation on this error, please visit: http://seleniumhq.org/exceptions/stale_element_reference.html
Build info: version: '3.7.1', revision: '8a0099a', time: '2017-11-06T21:07:36.161Z'
System info: host: 'WEIZHENG', ip: '192.168.137.1', os.name: 'Windows 7', os.arch: 'amd64', os.version: '6.1', java.version: '1.8.0_181'
Driver info: com.kms.katalon.selenium.driver.CChromeDriver
Capabilities {acceptInsecureCerts: false, acceptSslCerts: false, applicationCacheEnabled: false, browserConnectionEnabled: false, browserName: chrome, chrome: {chromedriverVersion: 2.35.528161 (5b82f2d2aae0ca..., userDataDir: C:\Users\WEIZHE~1\AppData\L...}, cssSelectorsEnabled: true, databaseEnabled: false, handlesAlerts: true, hasTouchScreen: false, javascriptEnabled: true, locationContextEnabled: true, mobileEmulationEnabled: false, nativeEvents: true, networkConnectionEnabled: false, pageLoadStrategy: normal, platform: XP, platformName: XP, rotatable: false, setWindowRect: true, takesHeapSnapshot: true, takesScreenshot: true, unexpectedAlertBehaviour: , unhandledPromptBehavior: , version: 69.0.3497.100, webStorageEnabled: true}
Session ID: 540e02b20c4ca91e7a59e09ee883ae19)

2018-10-19 12:01:00 - [MESSAGE][WARNING] - Unable to verify if object 'Object Repository/Final Object Repo/Landing Page/BM Detecting' has attribute 'href' (Root cause: org.openqa.selenium.StaleElementReferenceException: stale element reference: element is not attached to the page document
  (Session info: chrome=69.0.3497.100)
  (Driver info: chromedriver=2.35.528161 (5b82f2d2aae0ca24b877009200ced9065a772e73),platform=Windows NT 6.1.7601 SP1 x86_64) (WARNING: The server did not provide any stacktrace information)
Command duration or timeout: 0 milliseconds
For documentation on this error, please visit: http://seleniumhq.org/exceptions/stale_element_reference.html
Build info: version: '3.7.1', revision: '8a0099a', time: '2017-11-06T21:07:36.161Z'
System info: host: 'WEIZHENG', ip: '192.168.137.1', os.name: 'Windows 7', os.arch: 'amd64', os.version: '6.1', java.version: '1.8.0_181'
Driver info: com.kms.katalon.selenium.driver.CChromeDriver
Capabilities {acceptInsecureCerts: false, acceptSslCerts: false, applicationCacheEnabled: false, browserConnectionEnabled: false, browserName: chrome, chrome: {chromedriverVersion: 2.35.528161 (5b82f2d2aae0ca..., userDataDir: C:\Users\WEIZHE~1\AppData\L...}, cssSelectorsEnabled: true, databaseEnabled: false, handlesAlerts: true, hasTouchScreen: false, javascriptEnabled: true, locationContextEnabled: true, mobileEmulationEnabled: false, nativeEvents: true, networkConnectionEnabled: false, pageLoadStrategy: normal, platform: XP, platformName: XP, rotatable: false, setWindowRect: true, takesHeapSnapshot: true, takesScreenshot: true, unexpectedAlertBehaviour: , unhandledPromptBehavior: , version: 69.0.3497.100, webStorageEnabled: true}
Session ID: 540e02b20c4ca91e7a59e09ee883ae19)
[[ATTACHMENT|C:\\Users\\LENOVO\\Katalon Studio\\Perkeso Phase A\\Reports\\Workflow\\Form 1A - Cessation as Employer\\20181019_094055\\1539921659814.png]]

2018-10-19 12:01:00 - [TEST_STEP][PASSED] - Statement - out.println(Checker): null

2018-10-19 12:01:00 - [TEST_STEP][FAILED] - Statement - If (Checker == false): Unable to click on object 'Object Repository/Final Object Repo/Landing Page/Select to English' (Root cause: com.kms.katalon.core.webui.exception.WebElementNotFoundException: Web element with id: 'Object Repository/Final Object Repo/Landing Page/Select to English' located by 'By.xpath: //a[@class = 'taglib-language-list-text' and @lang = 'en-US' and (contains(text(), 'EN') or contains(., 'EN'))]' not found)

2018-10-19 12:01:00 - [TEST_STEP][FAILED] - click: Unable to click on object 'Object Repository/Final Object Repo/Landing Page/Select to English' (Root cause: com.kms.katalon.core.webui.exception.WebElementNotFoundException: Web element with id: 'Object Repository/Final Object Repo/Landing Page/Select to English' located by 'By.xpath: //a[@class = 'taglib-language-list-text' and @lang = 'en-US' and (contains(text(), 'EN') or contains(., 'EN'))]' not found)

2018-10-19 12:03:19 - [MESSAGE][FAILED] - Unable to click on object 'Object Repository/Final Object Repo/Landing Page/Select to English' (Root cause: com.kms.katalon.core.webui.exception.WebElementNotFoundException: Web element with id: 'Object Repository/Final Object Repo/Landing Page/Select to English' located by 'By.xpath: //a[@class = 'taglib-language-list-text' and @lang = 'en-US' and (contains(text(), 'EN') or contains(., 'EN'))]' not found)
[[ATTACHMENT|C:\\Users\\LENOVO\\Katalon Studio\\Perkeso Phase A\\Reports\\Workflow\\Form 1A - Cessation as Employer\\20181019_094055\\1539921799203.png]]

2018-10-19 12:03:19 - [TEST_STEP][PASSED] - delay: Delayed 2 second(s)

2018-10-19 12:03:21 - [MESSAGE][PASSED] - Delayed 2 second(s)

2018-10-19 12:03:21 - [TEST_STEP][PASSED] - delay: Delayed 3 second(s)

2018-10-19 12:03:24 - [MESSAGE][PASSED] - Delayed 3 second(s)

2018-10-19 12:03:24 - [TEST_STEP][PASSED] - click: Object: 'Object Repository/Final Object Repo/Landing Page/WorkFlow Menu' is clicked on

2018-10-19 12:03:24 - [MESSAGE][PASSED] - Object: 'Object Repository/Final Object Repo/Landing Page/WorkFlow Menu' is clicked on

2018-10-19 12:03:24 - [TEST_STEP][PASSED] - delay: Delayed 2 second(s)

2018-10-19 12:03:26 - [MESSAGE][PASSED] - Delayed 2 second(s)

2018-10-19 12:03:26 - [TEST_STEP][FAILED] - click: Unable to click on object 'Object Repository/Final Object Repo/Landing Page/Select to Workflow Listing' (Root cause: org.openqa.selenium.ElementNotVisibleException: element not visible
  (Session info: chrome=69.0.3497.100)
  (Driver info: chromedriver=2.35.528161 (5b82f2d2aae0ca24b877009200ced9065a772e73),platform=Windows NT 6.1.7601 SP1 x86_64) (WARNING: The server did not provide any stacktrace information)
Command duration or timeout: 0 milliseconds
Build info: version: '3.7.1', revision: '8a0099a', time: '2017-11-06T21:07:36.161Z'
System info: host: 'WEIZHENG', ip: '192.168.137.1', os.name: 'Windows 7', os.arch: 'amd64', os.version: '6.1', java.version: '1.8.0_181'
Driver info: com.kms.katalon.selenium.driver.CChromeDriver
Capabilities {acceptInsecureCerts: false, acceptSslCerts: false, applicationCacheEnabled: false, browserConnectionEnabled: false, browserName: chrome, chrome: {chromedriverVersion: 2.35.528161 (5b82f2d2aae0ca..., userDataDir: C:\Users\WEIZHE~1\AppData\L...}, cssSelectorsEnabled: true, databaseEnabled: false, handlesAlerts: true, hasTouchScreen: false, javascriptEnabled: true, locationContextEnabled: true, mobileEmulationEnabled: false, nativeEvents: true, networkConnectionEnabled: false, pageLoadStrategy: normal, platform: XP, platformName: XP, rotatable: false, setWindowRect: true, takesHeapSnapshot: true, takesScreenshot: true, unexpectedAlertBehaviour: , unhandledPromptBehavior: , version: 69.0.3497.100, webStorageEnabled: true}
Session ID: 540e02b20c4ca91e7a59e09ee883ae19)

2018-10-19 12:03:27 - [MESSAGE][FAILED] - Unable to click on object 'Object Repository/Final Object Repo/Landing Page/Select to Workflow Listing' (Root cause: org.openqa.selenium.ElementNotVisibleException: element not visible
  (Session info: chrome=69.0.3497.100)
  (Driver info: chromedriver=2.35.528161 (5b82f2d2aae0ca24b877009200ced9065a772e73),platform=Windows NT 6.1.7601 SP1 x86_64) (WARNING: The server did not provide any stacktrace information)
Command duration or timeout: 0 milliseconds
Build info: version: '3.7.1', revision: '8a0099a', time: '2017-11-06T21:07:36.161Z'
System info: host: 'WEIZHENG', ip: '192.168.137.1', os.name: 'Windows 7', os.arch: 'amd64', os.version: '6.1', java.version: '1.8.0_181'
Driver info: com.kms.katalon.selenium.driver.CChromeDriver
Capabilities {acceptInsecureCerts: false, acceptSslCerts: false, applicationCacheEnabled: false, browserConnectionEnabled: false, browserName: chrome, chrome: {chromedriverVersion: 2.35.528161 (5b82f2d2aae0ca..., userDataDir: C:\Users\WEIZHE~1\AppData\L...}, cssSelectorsEnabled: true, databaseEnabled: false, handlesAlerts: true, hasTouchScreen: false, javascriptEnabled: true, locationContextEnabled: true, mobileEmulationEnabled: false, nativeEvents: true, networkConnectionEnabled: false, pageLoadStrategy: normal, platform: XP, platformName: XP, rotatable: false, setWindowRect: true, takesHeapSnapshot: true, takesScreenshot: true, unexpectedAlertBehaviour: , unhandledPromptBehavior: , version: 69.0.3497.100, webStorageEnabled: true}
Session ID: 540e02b20c4ca91e7a59e09ee883ae19)
[[ATTACHMENT|C:\\Users\\LENOVO\\Katalon Studio\\Perkeso Phase A\\Reports\\Workflow\\Form 1A - Cessation as Employer\\20181019_094055\\1539921806817.png]]

2018-10-19 12:03:27 - [TEST_STEP][PASSED] - delay: Delayed 2 second(s)

2018-10-19 12:03:29 - [MESSAGE][PASSED] - Delayed 2 second(s)

2018-10-19 12:03:29 - [TEST_STEP][PASSED] - click: Object: 'Object Repository/Final Object Repo/WorkFlow Listing Page/Search Information - To Put Ref No' is clicked on

2018-10-19 12:04:22 - [MESSAGE][PASSED] - Object: 'Object Repository/Final Object Repo/WorkFlow Listing Page/Search Information - To Put Ref No' is clicked on

2018-10-19 12:04:22 - [TEST_STEP][PASSED] - delay: Delayed 2 second(s)

2018-10-19 12:04:24 - [MESSAGE][PASSED] - Delayed 2 second(s)

2018-10-19 12:04:24 - [TEST_STEP][PASSED] - callTestCase: Call Test Case 'Test Cases/Final Aug 2018 - PKS Automation/Common/Reference Number Getter' successfully

2018-10-19 12:04:24 - [TEST_CASE][PASSED] - Test Cases/Final Aug 2018 - PKS Automation/Common/Reference Number Getter: Test Cases/Final Aug 2018 - PKS Automation/Common/Reference Number Getter

2018-10-19 12:04:24 - [TEST_STEP][PASSED] - Statement - Try: null

2018-10-19 12:04:24 - [TEST_STEP][PASSED] - Statement - RefNo = new java.io.File(C://KatalonReference.txt): null

2018-10-19 12:04:24 - [TEST_STEP][PASSED] - Statement - bufferread = new java.io.BufferedReader(new java.io.FileReader(RefNo)): null

2018-10-19 12:04:24 - [TEST_STEP][PASSED] - Statement - readedVal = bufferread.readLine(): null

2018-10-19 12:04:24 - [TEST_STEP][PASSED] - Statement - out.println(CaseReferenceNo): null

2018-10-19 12:04:24 - [TEST_STEP][PASSED] - Statement - out.println(readedVal): null

2018-10-19 12:04:24 - [TEST_STEP][PASSED] - Statement - CaseReferenceNo = readedVal: null

2018-10-19 12:04:24 - [MESSAGE][PASSED] - Call Test Case 'Test Cases/Final Aug 2018 - PKS Automation/Common/Reference Number Getter' successfully

2018-10-19 12:04:24 - [TEST_STEP][PASSED] - setText: Text 'CUN102018C200001426' is set on object 'Object Repository/Final Object Repo/WorkFlow Listing Page/Ref No Set Text'

2018-10-19 12:04:25 - [MESSAGE][PASSED] - Text 'CUN102018C200001426' is set on object 'Object Repository/Final Object Repo/WorkFlow Listing Page/Ref No Set Text'

2018-10-19 12:04:25 - [TEST_STEP][PASSED] - delay: Delayed 2 second(s)

2018-10-19 12:04:27 - [MESSAGE][PASSED] - Delayed 2 second(s)

2018-10-19 12:04:27 - [TEST_STEP][PASSED] - click: Object: 'Object Repository/Final Object Repo/WorkFlow Listing Page/Search Ref No Search Button' is clicked on

2018-10-19 12:04:27 - [MESSAGE][PASSED] - Object: 'Object Repository/Final Object Repo/WorkFlow Listing Page/Search Ref No Search Button' is clicked on

2018-10-19 12:04:27 - [TEST_STEP][PASSED] - delay: Delayed 4 second(s)

2018-10-19 12:04:31 - [MESSAGE][PASSED] - Delayed 4 second(s)

2018-10-19 12:04:31 - [TEST_STEP][PASSED] - click: Object: 'Object Repository/Final Object Repo/WorkFlow Listing Page/Click Continue Tooltip' is clicked on

2018-10-19 12:04:32 - [MESSAGE][PASSED] - Object: 'Object Repository/Final Object Repo/WorkFlow Listing Page/Click Continue Tooltip' is clicked on

2018-10-19 12:04:32 - [TEST_STEP][PASSED] - delay: Delayed 5 second(s)

2018-10-19 12:04:37 - [MESSAGE][PASSED] - Delayed 5 second(s)

2018-10-19 12:04:37 - [TEST_STEP][PASSED] - doubleClick: Object: 'Object Repository/Final Object Repo/WorkFlow Listing Page/Workflow Found - Listing 1' is double clicked on

2018-10-19 12:04:38 - [MESSAGE][PASSED] - Object: 'Object Repository/Final Object Repo/WorkFlow Listing Page/Workflow Found - Listing 1' is double clicked on

2018-10-19 12:04:38 - [TEST_STEP][PASSED] - Statement - println(OwnerID): null

2018-10-19 12:04:38 - [TEST_STEP][PASSED] - Statement - OwnerID = com.kms.katalon.core.webui.keyword.WebUiBuiltInKeywords.getText(com.kms.katalon.core.testobject.ObjectRepository.findTestObject(Final Object Repo/WorkFlow Listing Page/Workflow Found - Listing 1), STOP_ON_FAILURE): Text of object 'Object Repository/Final Object Repo/WorkFlow Listing Page/Workflow Found - Listing 1' is: 'JOHORuo2'

2018-10-19 12:04:38 - [MESSAGE][PASSED] - Text of object 'Object Repository/Final Object Repo/WorkFlow Listing Page/Workflow Found - Listing 1' is: 'JOHORuo2'

2018-10-19 12:04:38 - [TEST_STEP][PASSED] - Statement - OwnerID = OwnerID.toLowerCase() + "@gmail.com": null

2018-10-19 12:04:38 - [TEST_STEP][PASSED] - Statement - println(OwnerID): null

2018-10-19 12:04:38 - [TEST_STEP][PASSED] - delay: Delayed 2 second(s)

2018-10-19 12:04:40 - [MESSAGE][PASSED] - Delayed 2 second(s)

2018-10-19 12:04:40 - [MESSAGE][FAILED] - Unable to call Test Case with id 'Test Cases/Final Aug 2018 - PKS Automation/Common/Workflow Owner Finder' (Root cause: Call Test Case 'Test Cases/Final Aug 2018 - PKS Automation/Common/Workflow Owner Finder' failed)

2018-10-19 12:04:40 - [MESSAGE][FAILED] - Unable to call Test Case with id 'Test Cases/Final Aug 2018 - PKS Automation/Registration Module/Workflow/Form 1A - Cessation As Employer/Template/Form 1 A - Cessation As Employer (Under enforcement)' (Root cause: Call Test Case 'Test Cases/Final Aug 2018 - PKS Automation/Registration Module/Workflow/Form 1A - Cessation As Employer/Template/Form 1 A - Cessation As Employer (Under enforcement)' failed)]]></system-out>
         <system-err><![CDATA[2018-10-19 11:59:20 - [TEST_CASE][FAILED] - Test Cases/Final Aug 2018 - PKS Automation/Registration Module/Workflow/Form 1A - Cessation As Employer/Employer to UO (Under enforcement): Test Cases/Final Aug 2018 - PKS Automation/Registration Module/Workflow/Form 1A - Cessation As Employer/Employer to UO (Under enforcement) FAILED because (of) (Stack trace: com.kms.katalon.core.exception.StepFailedException: Unable to click on object 'Object Repository/Final Object Repo/Landing Page/Select to English' (Root cause: com.kms.katalon.core.webui.exception.WebElementNotFoundException: Web element with id: 'Object Repository/Final Object Repo/Landing Page/Select to English' located by 'By.xpath: //a[@class = 'taglib-language-list-text' and @lang = 'en-US' and (contains(text(), 'EN') or contains(., 'EN'))]' not found)
	at com.kms.katalon.core.keyword.internal.KeywordMain.stepFailed(KeywordMain.groovy:32)
	at com.kms.katalon.core.webui.keyword.internal.WebUIKeywordMain.stepFailed(WebUIKeywordMain.groovy:65)
	at com.kms.katalon.core.webui.keyword.internal.WebUIKeywordMain.runKeyword(WebUIKeywordMain.groovy:27)
	at com.kms.katalon.core.webui.keyword.builtin.ClickKeyword.click(ClickKeyword.groovy:86)
	at com.kms.katalon.core.webui.keyword.builtin.ClickKeyword.execute(ClickKeyword.groovy:67)
	at com.kms.katalon.core.keyword.internal.KeywordExecutor.executeKeywordForPlatform(KeywordExecutor.groovy:53)
	at com.kms.katalon.core.webui.keyword.WebUiBuiltInKeywords.click(WebUiBuiltInKeywords.groovy:604)
	at com.kms.katalon.core.webui.keyword.WebUiBuiltInKeywords$click$8.call(Unknown Source)
	at org.codehaus.groovy.runtime.callsite.CallSiteArray.defaultCall(CallSiteArray.java:48)
	at org.codehaus.groovy.runtime.callsite.AbstractCallSite.call(AbstractCallSite.java:113)
	at org.codehaus.groovy.runtime.callsite.AbstractCallSite.call(AbstractCallSite.java:133)
	at Script1534407542420.run(Script1534407542420.groovy:57)
	at com.kms.katalon.core.main.ScriptEngine.run(ScriptEngine.java:183)
	at com.kms.katalon.core.main.ScriptEngine.runScriptAsRawText(ScriptEngine.java:108)
	at com.kms.katalon.core.main.TestCaseExecutor.runScript(TestCaseExecutor.java:294)
	at com.kms.katalon.core.main.TestCaseExecutor.doExecute(TestCaseExecutor.java:285)
	at com.kms.katalon.core.main.TestCaseExecutor.processExecutionPhase(TestCaseExecutor.java:264)
	at com.kms.katalon.core.main.TestCaseExecutor.accessMainPhase(TestCaseExecutor.java:256)
	at com.kms.katalon.core.main.TestCaseExecutor.execute(TestCaseExecutor.java:200)
	at com.kms.katalon.core.main.TestCaseMain.runTestCase(TestCaseMain.java:99)
	at com.kms.katalon.core.keyword.builtin.CallTestCaseKeyword$_callTestCase_closure1.doCall(CallTestCaseKeyword.groovy:60)
	at com.kms.katalon.core.keyword.builtin.CallTestCaseKeyword$_callTestCase_closure1.call(CallTestCaseKeyword.groovy)
	at com.kms.katalon.core.keyword.internal.KeywordMain.runKeyword(KeywordMain.groovy:54)
	at com.kms.katalon.core.keyword.builtin.CallTestCaseKeyword.callTestCase(CallTestCaseKeyword.groovy:81)
	at com.kms.katalon.core.keyword.builtin.CallTestCaseKeyword.execute(CallTestCaseKeyword.groovy:45)
	at com.kms.katalon.core.keyword.internal.KeywordExecutor.executeKeywordForPlatform(KeywordExecutor.groovy:53)
	at com.kms.katalon.core.keyword.BuiltinKeywords.callTestCase(BuiltinKeywords.groovy:334)
	at sun.reflect.GeneratedMethodAccessor13.invoke(Unknown Source)
	at sun.reflect.DelegatingMethodAccessorImpl.invoke(DelegatingMethodAccessorImpl.java:43)
	at java.lang.reflect.Method.invoke(Method.java:498)
	at org.codehaus.groovy.reflection.CachedMethod.invoke(CachedMethod.java:93)
	at groovy.lang.MetaMethod.doMethodInvoke(MetaMethod.java:325)
	at groovy.lang.MetaClassImpl.invokeStaticMethod(MetaClassImpl.java:1469)
	at org.codehaus.groovy.runtime.callsite.StaticMetaClassSite.call(StaticMetaClassSite.java:53)
	at org.codehaus.groovy.runtime.callsite.CallSiteArray.defaultCall(CallSiteArray.java:48)
	at org.codehaus.groovy.runtime.callsite.AbstractCallSite.call(AbstractCallSite.java:113)
	at org.codehaus.groovy.runtime.callsite.AbstractCallSite.call(AbstractCallSite.java:141)
	at Script1535963367907.run(Script1535963367907.groovy:33)
	at com.kms.katalon.core.main.ScriptEngine.run(ScriptEngine.java:183)
	at com.kms.katalon.core.main.ScriptEngine.runScriptAsRawText(ScriptEngine.java:108)
	at com.kms.katalon.core.main.TestCaseExecutor.runScript(TestCaseExecutor.java:294)
	at com.kms.katalon.core.main.TestCaseExecutor.doExecute(TestCaseExecutor.java:285)
	at com.kms.katalon.core.main.TestCaseExecutor.processExecutionPhase(TestCaseExecutor.java:264)
	at com.kms.katalon.core.main.TestCaseExecutor.accessMainPhase(TestCaseExecutor.java:256)
	at com.kms.katalon.core.main.TestCaseExecutor.execute(TestCaseExecutor.java:200)
	at com.kms.katalon.core.main.TestCaseMain.runTestCase(TestCaseMain.java:99)
	at com.kms.katalon.core.keyword.builtin.CallTestCaseKeyword$_callTestCase_closure1.doCall(CallTestCaseKeyword.groovy:60)
	at com.kms.katalon.core.keyword.builtin.CallTestCaseKeyword$_callTestCase_closure1.call(CallTestCaseKeyword.groovy)
	at com.kms.katalon.core.keyword.internal.KeywordMain.runKeyword(KeywordMain.groovy:54)
	at com.kms.katalon.core.keyword.builtin.CallTestCaseKeyword.callTestCase(CallTestCaseKeyword.groovy:81)
	at com.kms.katalon.core.keyword.builtin.CallTestCaseKeyword.execute(CallTestCaseKeyword.groovy:45)
	at com.kms.katalon.core.keyword.internal.KeywordExecutor.executeKeywordForPlatform(KeywordExecutor.groovy:53)
	at com.kms.katalon.core.keyword.BuiltinKeywords.callTestCase(BuiltinKeywords.groovy:334)
	at sun.reflect.GeneratedMethodAccessor13.invoke(Unknown Source)
	at sun.reflect.DelegatingMethodAccessorImpl.invoke(DelegatingMethodAccessorImpl.java:43)
	at java.lang.reflect.Method.invoke(Method.java:498)
	at org.codehaus.groovy.reflection.CachedMethod.invoke(CachedMethod.java:93)
	at groovy.lang.MetaMethod.doMethodInvoke(MetaMethod.java:325)
	at groovy.lang.MetaClassImpl.invokeStaticMethod(MetaClassImpl.java:1469)
	at org.codehaus.groovy.runtime.callsite.StaticMetaClassSite.call(StaticMetaClassSite.java:53)
	at org.codehaus.groovy.runtime.callsite.CallSiteArray.defaultCall(CallSiteArray.java:48)
	at org.codehaus.groovy.runtime.callsite.AbstractCallSite.call(AbstractCallSite.java:113)
	at org.codehaus.groovy.runtime.callsite.AbstractCallSite.call(AbstractCallSite.java:141)
	at Script1536729619206.run(Script1536729619206.groovy:25)
	at com.kms.katalon.core.main.ScriptEngine.run(ScriptEngine.java:183)
	at com.kms.katalon.core.main.ScriptEngine.runScriptAsRawText(ScriptEngine.java:108)
	at com.kms.katalon.core.main.TestCaseExecutor.runScript(TestCaseExecutor.java:294)
	at com.kms.katalon.core.main.TestCaseExecutor.doExecute(TestCaseExecutor.java:285)
	at com.kms.katalon.core.main.TestCaseExecutor.processExecutionPhase(TestCaseExecutor.java:264)
	at com.kms.katalon.core.main.TestCaseExecutor.accessMainPhase(TestCaseExecutor.java:256)
	at com.kms.katalon.core.main.TestCaseExecutor.execute(TestCaseExecutor.java:200)
	at com.kms.katalon.core.main.TestSuiteExecutor.accessTestCaseMainPhase(TestSuiteExecutor.java:129)
	at com.kms.katalon.core.main.TestSuiteExecutor.accessTestSuiteMainPhase(TestSuiteExecutor.java:112)
	at com.kms.katalon.core.main.TestSuiteExecutor.execute(TestSuiteExecutor.java:81)
	at com.kms.katalon.core.main.TestCaseMain.startTestSuite(TestCaseMain.java:142)
	at com.kms.katalon.core.main.TestCaseMain$startTestSuite$0.call(Unknown Source)
	at org.codehaus.groovy.runtime.callsite.CallSiteArray.defaultCall(CallSiteArray.java:48)
	at org.codehaus.groovy.runtime.callsite.AbstractCallSite.call(AbstractCallSite.java:113)
	at org.codehaus.groovy.runtime.callsite.AbstractCallSite.call(AbstractCallSite.java:141)
	at TempTestSuite1539913255508.run(TempTestSuite1539913255508.groovy:36)
	at groovy.lang.GroovyShell.runScriptOrMainOrTestOrRunnable(GroovyShell.java:263)
	at groovy.lang.GroovyShell.run(GroovyShell.java:518)
	at groovy.lang.GroovyShell.run(GroovyShell.java:507)
	at groovy.ui.GroovyMain.processOnce(GroovyMain.java:653)
	at groovy.ui.GroovyMain.run(GroovyMain.java:384)
	at groovy.ui.GroovyMain.process(GroovyMain.java:370)
	at groovy.ui.GroovyMain.processArgs(GroovyMain.java:129)
	at groovy.ui.GroovyMain.main(GroovyMain.java:109)
	at sun.reflect.NativeMethodAccessorImpl.invoke0(Native Method)
	at sun.reflect.NativeMethodAccessorImpl.invoke(NativeMethodAccessorImpl.java:62)
	at sun.reflect.DelegatingMethodAccessorImpl.invoke(DelegatingMethodAccessorImpl.java:43)
	at java.lang.reflect.Method.invoke(Method.java:498)
	at org.codehaus.groovy.tools.GroovyStarter.rootLoader(GroovyStarter.java:109)
	at org.codehaus.groovy.tools.GroovyStarter.main(GroovyStarter.java:131)
)]]></system-err>
      </testcase>
      <testcase name="Test Cases/Final Aug 2018 - PKS Automation/Registration Module/Workflow/Form 1A - Cessation As Employer/OTC to UO (Approve)" classname="Test Cases/Final Aug 2018 - PKS Automation/Registration Module/Workflow/Form 1A - Cessation As Employer/OTC to UO (Approve)" status="FAILED">
         <failure type="FAILED" message="(Stack trace: com.kms.katalon.core.exception.StepFailedException: Unable to click on object 'Object Repository/Final Object Repo/Landing Page/Select to Workflow Listing' (Root cause: org.openqa.selenium.ElementNotVisibleException: element not visible
  (Session info: chrome=69.0.3497.100)
  (Driver info: chromedriver=2.35.528161 (5b82f2d2aae0ca24b877009200ced9065a772e73),platform=Windows NT 6.1.7601 SP1 x86_64) (WARNING: The server did not provide any stacktrace information)
Command duration or timeout: 0 milliseconds
Build info: version: '3.7.1', revision: '8a0099a', time: '2017-11-06T21:07:36.161Z'
System info: host: 'WEIZHENG', ip: '192.168.137.1', os.name: 'Windows 7', os.arch: 'amd64', os.version: '6.1', java.version: '1.8.0_181'
Driver info: com.kms.katalon.selenium.driver.CChromeDriver
Capabilities {acceptInsecureCerts: false, acceptSslCerts: false, applicationCacheEnabled: false, browserConnectionEnabled: false, browserName: chrome, chrome: {chromedriverVersion: 2.35.528161 (5b82f2d2aae0ca..., userDataDir: C:\Users\WEIZHE~1\AppData\L...}, cssSelectorsEnabled: true, databaseEnabled: false, handlesAlerts: true, hasTouchScreen: false, javascriptEnabled: true, locationContextEnabled: true, mobileEmulationEnabled: false, nativeEvents: true, networkConnectionEnabled: false, pageLoadStrategy: normal, platform: XP, platformName: XP, rotatable: false, setWindowRect: true, takesHeapSnapshot: true, takesScreenshot: true, unexpectedAlertBehaviour: , unhandledPromptBehavior: , version: 69.0.3497.100, webStorageEnabled: true}
Session ID: 6e030cd2eaaffc1e9dc574b15fabba5b)
	at com.kms.katalon.core.keyword.internal.KeywordMain.stepFailed(KeywordMain.groovy:32)
	at com.kms.katalon.core.webui.keyword.internal.WebUIKeywordMain.stepFailed(WebUIKeywordMain.groovy:65)
	at com.kms.katalon.core.webui.keyword.internal.WebUIKeywordMain.runKeyword(WebUIKeywordMain.groovy:27)
	at com.kms.katalon.core.webui.keyword.builtin.ClickKeyword.click(ClickKeyword.groovy:86)
	at com.kms.katalon.core.webui.keyword.builtin.ClickKeyword.execute(ClickKeyword.groovy:67)
	at com.kms.katalon.core.keyword.internal.KeywordExecutor.executeKeywordForPlatform(KeywordExecutor.groovy:53)
	at com.kms.katalon.core.webui.keyword.WebUiBuiltInKeywords.click(WebUiBuiltInKeywords.groovy:616)
	at com.kms.katalon.core.webui.keyword.WebUiBuiltInKeywords$click$2.call(Unknown Source)
	at Script1534407542420.run(Script1534407542420.groovy:73)
	at com.kms.katalon.core.main.ScriptEngine.run(ScriptEngine.java:183)
	at com.kms.katalon.core.main.ScriptEngine.runScriptAsRawText(ScriptEngine.java:108)
	at com.kms.katalon.core.main.TestCaseExecutor.runScript(TestCaseExecutor.java:294)
	at com.kms.katalon.core.main.TestCaseExecutor.doExecute(TestCaseExecutor.java:285)
	at com.kms.katalon.core.main.TestCaseExecutor.processExecutionPhase(TestCaseExecutor.java:264)
	at com.kms.katalon.core.main.TestCaseExecutor.accessMainPhase(TestCaseExecutor.java:256)
	at com.kms.katalon.core.main.TestCaseExecutor.execute(TestCaseExecutor.java:200)
	at com.kms.katalon.core.main.TestCaseMain.runTestCase(TestCaseMain.java:99)
	at com.kms.katalon.core.keyword.builtin.CallTestCaseKeyword$_callTestCase_closure1.doCall(CallTestCaseKeyword.groovy:60)
	at com.kms.katalon.core.keyword.builtin.CallTestCaseKeyword$_callTestCase_closure1.call(CallTestCaseKeyword.groovy)
	at com.kms.katalon.core.keyword.internal.KeywordMain.runKeyword(KeywordMain.groovy:54)
	at com.kms.katalon.core.keyword.builtin.CallTestCaseKeyword.callTestCase(CallTestCaseKeyword.groovy:81)
	at com.kms.katalon.core.keyword.builtin.CallTestCaseKeyword.execute(CallTestCaseKeyword.groovy:45)
	at com.kms.katalon.core.keyword.internal.KeywordExecutor.executeKeywordForPlatform(KeywordExecutor.groovy:53)
	at com.kms.katalon.core.keyword.BuiltinKeywords.callTestCase(BuiltinKeywords.groovy:334)
	at sun.reflect.GeneratedMethodAccessor13.invoke(Unknown Source)
	at sun.reflect.DelegatingMethodAccessorImpl.invoke(DelegatingMethodAccessorImpl.java:43)
	at java.lang.reflect.Method.invoke(Method.java:498)
	at org.codehaus.groovy.reflection.CachedMethod.invoke(CachedMethod.java:93)
	at groovy.lang.MetaMethod.doMethodInvoke(MetaMethod.java:325)
	at groovy.lang.MetaClassImpl.invokeStaticMethod(MetaClassImpl.java:1469)
	at org.codehaus.groovy.runtime.callsite.StaticMetaClassSite.call(StaticMetaClassSite.java:53)
	at org.codehaus.groovy.runtime.callsite.CallSiteArray.defaultCall(CallSiteArray.java:48)
	at org.codehaus.groovy.runtime.callsite.AbstractCallSite.call(AbstractCallSite.java:113)
	at org.codehaus.groovy.runtime.callsite.AbstractCallSite.call(AbstractCallSite.java:141)
	at Script1536137459454.run(Script1536137459454.groovy:34)
	at com.kms.katalon.core.main.ScriptEngine.run(ScriptEngine.java:183)
	at com.kms.katalon.core.main.ScriptEngine.runScriptAsRawText(ScriptEngine.java:108)
	at com.kms.katalon.core.main.TestCaseExecutor.runScript(TestCaseExecutor.java:294)
	at com.kms.katalon.core.main.TestCaseExecutor.doExecute(TestCaseExecutor.java:285)
	at com.kms.katalon.core.main.TestCaseExecutor.processExecutionPhase(TestCaseExecutor.java:264)
	at com.kms.katalon.core.main.TestCaseExecutor.accessMainPhase(TestCaseExecutor.java:256)
	at com.kms.katalon.core.main.TestCaseExecutor.execute(TestCaseExecutor.java:200)
	at com.kms.katalon.core.main.TestCaseMain.runTestCase(TestCaseMain.java:99)
	at com.kms.katalon.core.keyword.builtin.CallTestCaseKeyword$_callTestCase_closure1.doCall(CallTestCaseKeyword.groovy:60)
	at com.kms.katalon.core.keyword.builtin.CallTestCaseKeyword$_callTestCase_closure1.call(CallTestCaseKeyword.groovy)
	at com.kms.katalon.core.keyword.internal.KeywordMain.runKeyword(KeywordMain.groovy:54)
	at com.kms.katalon.core.keyword.builtin.CallTestCaseKeyword.callTestCase(CallTestCaseKeyword.groovy:81)
	at com.kms.katalon.core.keyword.builtin.CallTestCaseKeyword.execute(CallTestCaseKeyword.groovy:45)
	at com.kms.katalon.core.keyword.internal.KeywordExecutor.executeKeywordForPlatform(KeywordExecutor.groovy:53)
	at com.kms.katalon.core.keyword.BuiltinKeywords.callTestCase(BuiltinKeywords.groovy:334)
	at sun.reflect.GeneratedMethodAccessor13.invoke(Unknown Source)
	at sun.reflect.DelegatingMethodAccessorImpl.invoke(DelegatingMethodAccessorImpl.java:43)
	at java.lang.reflect.Method.invoke(Method.java:498)
	at org.codehaus.groovy.reflection.CachedMethod.invoke(CachedMethod.java:93)
	at groovy.lang.MetaMethod.doMethodInvoke(MetaMethod.java:325)
	at groovy.lang.MetaClassImpl.invokeStaticMethod(MetaClassImpl.java:1469)
	at org.codehaus.groovy.runtime.callsite.StaticMetaClassSite.call(StaticMetaClassSite.java:53)
	at org.codehaus.groovy.runtime.callsite.CallSiteArray.defaultCall(CallSiteArray.java:48)
	at org.codehaus.groovy.runtime.callsite.AbstractCallSite.call(AbstractCallSite.java:113)
	at org.codehaus.groovy.runtime.callsite.AbstractCallSite.call(AbstractCallSite.java:141)
	at Script1536137547619.run(Script1536137547619.groovy:25)
	at com.kms.katalon.core.main.ScriptEngine.run(ScriptEngine.java:183)
	at com.kms.katalon.core.main.ScriptEngine.runScriptAsRawText(ScriptEngine.java:108)
	at com.kms.katalon.core.main.TestCaseExecutor.runScript(TestCaseExecutor.java:294)
	at com.kms.katalon.core.main.TestCaseExecutor.doExecute(TestCaseExecutor.java:285)
	at com.kms.katalon.core.main.TestCaseExecutor.processExecutionPhase(TestCaseExecutor.java:264)
	at com.kms.katalon.core.main.TestCaseExecutor.accessMainPhase(TestCaseExecutor.java:256)
	at com.kms.katalon.core.main.TestCaseExecutor.execute(TestCaseExecutor.java:200)
	at com.kms.katalon.core.main.TestSuiteExecutor.accessTestCaseMainPhase(TestSuiteExecutor.java:129)
	at com.kms.katalon.core.main.TestSuiteExecutor.accessTestSuiteMainPhase(TestSuiteExecutor.java:112)
	at com.kms.katalon.core.main.TestSuiteExecutor.execute(TestSuiteExecutor.java:81)
	at com.kms.katalon.core.main.TestCaseMain.startTestSuite(TestCaseMain.java:142)
	at com.kms.katalon.core.main.TestCaseMain$startTestSuite$0.call(Unknown Source)
	at org.codehaus.groovy.runtime.callsite.CallSiteArray.defaultCall(CallSiteArray.java:48)
	at org.codehaus.groovy.runtime.callsite.AbstractCallSite.call(AbstractCallSite.java:113)
	at org.codehaus.groovy.runtime.callsite.AbstractCallSite.call(AbstractCallSite.java:141)
	at TempTestSuite1539913255508.run(TempTestSuite1539913255508.groovy:36)
	at groovy.lang.GroovyShell.runScriptOrMainOrTestOrRunnable(GroovyShell.java:263)
	at groovy.lang.GroovyShell.run(GroovyShell.java:518)
	at groovy.lang.GroovyShell.run(GroovyShell.java:507)
	at groovy.ui.GroovyMain.processOnce(GroovyMain.java:653)
	at groovy.ui.GroovyMain.run(GroovyMain.java:384)
	at groovy.ui.GroovyMain.process(GroovyMain.java:370)
	at groovy.ui.GroovyMain.processArgs(GroovyMain.java:129)
	at groovy.ui.GroovyMain.main(GroovyMain.java:109)
	at sun.reflect.NativeMethodAccessorImpl.invoke0(Native Method)
	at sun.reflect.NativeMethodAccessorImpl.invoke(NativeMethodAccessorImpl.java:62)
	at sun.reflect.DelegatingMethodAccessorImpl.invoke(DelegatingMethodAccessorImpl.java:43)
	at java.lang.reflect.Method.invoke(Method.java:498)
	at org.codehaus.groovy.tools.GroovyStarter.rootLoader(GroovyStarter.java:109)
	at org.codehaus.groovy.tools.GroovyStarter.main(GroovyStarter.java:131)
)"/>
         <system-out><![CDATA[2018-10-19 12:04:40 - [TEST_CASE][FAILED] - Test Cases/Final Aug 2018 - PKS Automation/Registration Module/Workflow/Form 1A - Cessation As Employer/OTC to UO (Approve): Test Cases/Final Aug 2018 - PKS Automation/Registration Module/Workflow/Form 1A - Cessation As Employer/OTC to UO (Approve) FAILED because (of) (Stack trace: com.kms.katalon.core.exception.StepFailedException: Unable to click on object 'Object Repository/Final Object Repo/Landing Page/Select to Workflow Listing' (Root cause: org.openqa.selenium.ElementNotVisibleException: element not visible
  (Session info: chrome=69.0.3497.100)
  (Driver info: chromedriver=2.35.528161 (5b82f2d2aae0ca24b877009200ced9065a772e73),platform=Windows NT 6.1.7601 SP1 x86_64) (WARNING: The server did not provide any stacktrace information)
Command duration or timeout: 0 milliseconds
Build info: version: '3.7.1', revision: '8a0099a', time: '2017-11-06T21:07:36.161Z'
System info: host: 'WEIZHENG', ip: '192.168.137.1', os.name: 'Windows 7', os.arch: 'amd64', os.version: '6.1', java.version: '1.8.0_181'
Driver info: com.kms.katalon.selenium.driver.CChromeDriver
Capabilities {acceptInsecureCerts: false, acceptSslCerts: false, applicationCacheEnabled: false, browserConnectionEnabled: false, browserName: chrome, chrome: {chromedriverVersion: 2.35.528161 (5b82f2d2aae0ca..., userDataDir: C:\Users\WEIZHE~1\AppData\L...}, cssSelectorsEnabled: true, databaseEnabled: false, handlesAlerts: true, hasTouchScreen: false, javascriptEnabled: true, locationContextEnabled: true, mobileEmulationEnabled: false, nativeEvents: true, networkConnectionEnabled: false, pageLoadStrategy: normal, platform: XP, platformName: XP, rotatable: false, setWindowRect: true, takesHeapSnapshot: true, takesScreenshot: true, unexpectedAlertBehaviour: , unhandledPromptBehavior: , version: 69.0.3497.100, webStorageEnabled: true}
Session ID: 6e030cd2eaaffc1e9dc574b15fabba5b)
	at com.kms.katalon.core.keyword.internal.KeywordMain.stepFailed(KeywordMain.groovy:32)
	at com.kms.katalon.core.webui.keyword.internal.WebUIKeywordMain.stepFailed(WebUIKeywordMain.groovy:65)
	at com.kms.katalon.core.webui.keyword.internal.WebUIKeywordMain.runKeyword(WebUIKeywordMain.groovy:27)
	at com.kms.katalon.core.webui.keyword.builtin.ClickKeyword.click(ClickKeyword.groovy:86)
	at com.kms.katalon.core.webui.keyword.builtin.ClickKeyword.execute(ClickKeyword.groovy:67)
	at com.kms.katalon.core.keyword.internal.KeywordExecutor.executeKeywordForPlatform(KeywordExecutor.groovy:53)
	at com.kms.katalon.core.webui.keyword.WebUiBuiltInKeywords.click(WebUiBuiltInKeywords.groovy:616)
	at com.kms.katalon.core.webui.keyword.WebUiBuiltInKeywords$click$2.call(Unknown Source)
	at Script1534407542420.run(Script1534407542420.groovy:73)
	at com.kms.katalon.core.main.ScriptEngine.run(ScriptEngine.java:183)
	at com.kms.katalon.core.main.ScriptEngine.runScriptAsRawText(ScriptEngine.java:108)
	at com.kms.katalon.core.main.TestCaseExecutor.runScript(TestCaseExecutor.java:294)
	at com.kms.katalon.core.main.TestCaseExecutor.doExecute(TestCaseExecutor.java:285)
	at com.kms.katalon.core.main.TestCaseExecutor.processExecutionPhase(TestCaseExecutor.java:264)
	at com.kms.katalon.core.main.TestCaseExecutor.accessMainPhase(TestCaseExecutor.java:256)
	at com.kms.katalon.core.main.TestCaseExecutor.execute(TestCaseExecutor.java:200)
	at com.kms.katalon.core.main.TestCaseMain.runTestCase(TestCaseMain.java:99)
	at com.kms.katalon.core.keyword.builtin.CallTestCaseKeyword$_callTestCase_closure1.doCall(CallTestCaseKeyword.groovy:60)
	at com.kms.katalon.core.keyword.builtin.CallTestCaseKeyword$_callTestCase_closure1.call(CallTestCaseKeyword.groovy)
	at com.kms.katalon.core.keyword.internal.KeywordMain.runKeyword(KeywordMain.groovy:54)
	at com.kms.katalon.core.keyword.builtin.CallTestCaseKeyword.callTestCase(CallTestCaseKeyword.groovy:81)
	at com.kms.katalon.core.keyword.builtin.CallTestCaseKeyword.execute(CallTestCaseKeyword.groovy:45)
	at com.kms.katalon.core.keyword.internal.KeywordExecutor.executeKeywordForPlatform(KeywordExecutor.groovy:53)
	at com.kms.katalon.core.keyword.BuiltinKeywords.callTestCase(BuiltinKeywords.groovy:334)
	at sun.reflect.GeneratedMethodAccessor13.invoke(Unknown Source)
	at sun.reflect.DelegatingMethodAccessorImpl.invoke(DelegatingMethodAccessorImpl.java:43)
	at java.lang.reflect.Method.invoke(Method.java:498)
	at org.codehaus.groovy.reflection.CachedMethod.invoke(CachedMethod.java:93)
	at groovy.lang.MetaMethod.doMethodInvoke(MetaMethod.java:325)
	at groovy.lang.MetaClassImpl.invokeStaticMethod(MetaClassImpl.java:1469)
	at org.codehaus.groovy.runtime.callsite.StaticMetaClassSite.call(StaticMetaClassSite.java:53)
	at org.codehaus.groovy.runtime.callsite.CallSiteArray.defaultCall(CallSiteArray.java:48)
	at org.codehaus.groovy.runtime.callsite.AbstractCallSite.call(AbstractCallSite.java:113)
	at org.codehaus.groovy.runtime.callsite.AbstractCallSite.call(AbstractCallSite.java:141)
	at Script1536137459454.run(Script1536137459454.groovy:34)
	at com.kms.katalon.core.main.ScriptEngine.run(ScriptEngine.java:183)
	at com.kms.katalon.core.main.ScriptEngine.runScriptAsRawText(ScriptEngine.java:108)
	at com.kms.katalon.core.main.TestCaseExecutor.runScript(TestCaseExecutor.java:294)
	at com.kms.katalon.core.main.TestCaseExecutor.doExecute(TestCaseExecutor.java:285)
	at com.kms.katalon.core.main.TestCaseExecutor.processExecutionPhase(TestCaseExecutor.java:264)
	at com.kms.katalon.core.main.TestCaseExecutor.accessMainPhase(TestCaseExecutor.java:256)
	at com.kms.katalon.core.main.TestCaseExecutor.execute(TestCaseExecutor.java:200)
	at com.kms.katalon.core.main.TestCaseMain.runTestCase(TestCaseMain.java:99)
	at com.kms.katalon.core.keyword.builtin.CallTestCaseKeyword$_callTestCase_closure1.doCall(CallTestCaseKeyword.groovy:60)
	at com.kms.katalon.core.keyword.builtin.CallTestCaseKeyword$_callTestCase_closure1.call(CallTestCaseKeyword.groovy)
	at com.kms.katalon.core.keyword.internal.KeywordMain.runKeyword(KeywordMain.groovy:54)
	at com.kms.katalon.core.keyword.builtin.CallTestCaseKeyword.callTestCase(CallTestCaseKeyword.groovy:81)
	at com.kms.katalon.core.keyword.builtin.CallTestCaseKeyword.execute(CallTestCaseKeyword.groovy:45)
	at com.kms.katalon.core.keyword.internal.KeywordExecutor.executeKeywordForPlatform(KeywordExecutor.groovy:53)
	at com.kms.katalon.core.keyword.BuiltinKeywords.callTestCase(BuiltinKeywords.groovy:334)
	at sun.reflect.GeneratedMethodAccessor13.invoke(Unknown Source)
	at sun.reflect.DelegatingMethodAccessorImpl.invoke(DelegatingMethodAccessorImpl.java:43)
	at java.lang.reflect.Method.invoke(Method.java:498)
	at org.codehaus.groovy.reflection.CachedMethod.invoke(CachedMethod.java:93)
	at groovy.lang.MetaMethod.doMethodInvoke(MetaMethod.java:325)
	at groovy.lang.MetaClassImpl.invokeStaticMethod(MetaClassImpl.java:1469)
	at org.codehaus.groovy.runtime.callsite.StaticMetaClassSite.call(StaticMetaClassSite.java:53)
	at org.codehaus.groovy.runtime.callsite.CallSiteArray.defaultCall(CallSiteArray.java:48)
	at org.codehaus.groovy.runtime.callsite.AbstractCallSite.call(AbstractCallSite.java:113)
	at org.codehaus.groovy.runtime.callsite.AbstractCallSite.call(AbstractCallSite.java:141)
	at Script1536137547619.run(Script1536137547619.groovy:25)
	at com.kms.katalon.core.main.ScriptEngine.run(ScriptEngine.java:183)
	at com.kms.katalon.core.main.ScriptEngine.runScriptAsRawText(ScriptEngine.java:108)
	at com.kms.katalon.core.main.TestCaseExecutor.runScript(TestCaseExecutor.java:294)
	at com.kms.katalon.core.main.TestCaseExecutor.doExecute(TestCaseExecutor.java:285)
	at com.kms.katalon.core.main.TestCaseExecutor.processExecutionPhase(TestCaseExecutor.java:264)
	at com.kms.katalon.core.main.TestCaseExecutor.accessMainPhase(TestCaseExecutor.java:256)
	at com.kms.katalon.core.main.TestCaseExecutor.execute(TestCaseExecutor.java:200)
	at com.kms.katalon.core.main.TestSuiteExecutor.accessTestCaseMainPhase(TestSuiteExecutor.java:129)
	at com.kms.katalon.core.main.TestSuiteExecutor.accessTestSuiteMainPhase(TestSuiteExecutor.java:112)
	at com.kms.katalon.core.main.TestSuiteExecutor.execute(TestSuiteExecutor.java:81)
	at com.kms.katalon.core.main.TestCaseMain.startTestSuite(TestCaseMain.java:142)
	at com.kms.katalon.core.main.TestCaseMain$startTestSuite$0.call(Unknown Source)
	at org.codehaus.groovy.runtime.callsite.CallSiteArray.defaultCall(CallSiteArray.java:48)
	at org.codehaus.groovy.runtime.callsite.AbstractCallSite.call(AbstractCallSite.java:113)
	at org.codehaus.groovy.runtime.callsite.AbstractCallSite.call(AbstractCallSite.java:141)
	at TempTestSuite1539913255508.run(TempTestSuite1539913255508.groovy:36)
	at groovy.lang.GroovyShell.runScriptOrMainOrTestOrRunnable(GroovyShell.java:263)
	at groovy.lang.GroovyShell.run(GroovyShell.java:518)
	at groovy.lang.GroovyShell.run(GroovyShell.java:507)
	at groovy.ui.GroovyMain.processOnce(GroovyMain.java:653)
	at groovy.ui.GroovyMain.run(GroovyMain.java:384)
	at groovy.ui.GroovyMain.process(GroovyMain.java:370)
	at groovy.ui.GroovyMain.processArgs(GroovyMain.java:129)
	at groovy.ui.GroovyMain.main(GroovyMain.java:109)
	at sun.reflect.NativeMethodAccessorImpl.invoke0(Native Method)
	at sun.reflect.NativeMethodAccessorImpl.invoke(NativeMethodAccessorImpl.java:62)
	at sun.reflect.DelegatingMethodAccessorImpl.invoke(DelegatingMethodAccessorImpl.java:43)
	at java.lang.reflect.Method.invoke(Method.java:498)
	at org.codehaus.groovy.tools.GroovyStarter.rootLoader(GroovyStarter.java:109)
	at org.codehaus.groovy.tools.GroovyStarter.main(GroovyStarter.java:131)
)

2018-10-19 12:04:40 - [TEST_STEP][PASSED] - callTestCase: Call Test Case 'Test Cases/Final Aug 2018 - PKS Automation/Registration Module/Workflow/Form 1A - Cessation As Employer/Template/Form 1 A - Cessation As Employer (OTC)' successfully

2018-10-19 12:04:40 - [TEST_CASE][PASSED] - Test Cases/Final Aug 2018 - PKS Automation/Registration Module/Workflow/Form 1A - Cessation As Employer/Template/Form 1 A - Cessation As Employer (OTC): Test Cases/Final Aug 2018 - PKS Automation/Registration Module/Workflow/Form 1A - Cessation As Employer/Template/Form 1 A - Cessation As Employer (OTC)

2018-10-19 12:04:40 - [TEST_STEP][PASSED] - openBrowser: Browser is opened with url: ''

2018-10-19 12:04:40 - [MESSAGE][WARNING] - A browser is already opened. Closing browser and opening a new one

2018-10-19 12:04:43 - [MESSAGE][PASSED] - Browser is opened with url: ''

2018-10-19 12:04:43 - [TEST_STEP][PASSED] - navigateToUrl: Navigate to 'https://assist2-uat.perkeso.gov.my/login' successfully

2018-10-19 12:04:46 - [MESSAGE][PASSED] - Navigate to 'https://assist2-uat.perkeso.gov.my/login' successfully

2018-10-19 12:04:46 - [TEST_STEP][PASSED] - setText: Text 'johorotc1@gmail.com' is set on object 'Object Repository/Final Object Repo/Login Page/Internal User/Email Address'

2018-10-19 12:04:46 - [MESSAGE][PASSED] - Text 'johorotc1@gmail.com' is set on object 'Object Repository/Final Object Repo/Login Page/Internal User/Email Address'

2018-10-19 12:04:46 - [TEST_STEP][PASSED] - click: Object: 'Object Repository/Final Object Repo/Login Page/Internal User/Next Button' is clicked on

2018-10-19 12:04:46 - [MESSAGE][PASSED] - Object: 'Object Repository/Final Object Repo/Login Page/Internal User/Next Button' is clicked on

2018-10-19 12:04:46 - [TEST_STEP][PASSED] - delay: Delayed 1 second(s)

2018-10-19 12:04:47 - [MESSAGE][PASSED] - Delayed 1 second(s)

2018-10-19 12:04:47 - [TEST_STEP][PASSED] - setEncryptedText: Text ****** has been set on object 'Object Repository/Final Object Repo/Login Page/Internal User/Password'

2018-10-19 12:04:48 - [MESSAGE][PASSED] - Text ****** has been set on object 'Object Repository/Final Object Repo/Login Page/Internal User/Password'

2018-10-19 12:04:48 - [TEST_STEP][PASSED] - click: Object: 'Object Repository/Final Object Repo/Login Page/Internal User/Login Button' is clicked on

2018-10-19 12:04:48 - [MESSAGE][PASSED] - Object: 'Object Repository/Final Object Repo/Login Page/Internal User/Login Button' is clicked on

2018-10-19 12:04:48 - [TEST_STEP][PASSED] - delay: Delayed 1 second(s)

2018-10-19 12:04:49 - [MESSAGE][PASSED] - Delayed 1 second(s)

2018-10-19 12:04:49 - [TEST_STEP][PASSED] - Statement - Try: Delayed 2 second(s)

2018-10-19 12:04:49 - [TEST_STEP][PASSED] - Statement - Checker = false: null

2018-10-19 12:04:49 - [TEST_STEP][PASSED] - Statement - Checker = com.kms.katalon.core.webui.keyword.WebUiBuiltInKeywords.verifyElementHasAttribute(com.kms.katalon.core.testobject.ObjectRepository.findTestObject(Final Object Repo/Landing Page/BM Detecting), "href", 20, OPTIONAL): Object 'Object Repository/Final Object Repo/Landing Page/BM Detecting' has attribute 'href'

2018-10-19 12:04:51 - [MESSAGE][PASSED] - Object 'Object Repository/Final Object Repo/Landing Page/BM Detecting' has attribute 'href'

2018-10-19 12:04:51 - [TEST_STEP][PASSED] - Statement - out.println(Checker): null

2018-10-19 12:04:51 - [TEST_STEP][PASSED] - Statement - If (Checker == false): null

2018-10-19 12:04:51 - [TEST_STEP][PASSED] - Statement - Else: null

2018-10-19 12:04:51 - [TEST_STEP][PASSED] - delay: Delayed 2 second(s)

2018-10-19 12:04:53 - [MESSAGE][PASSED] - Delayed 2 second(s)

2018-10-19 12:04:53 - [TEST_STEP][PASSED] - navigateToUrl: Navigate to 'https://assist2-uat.perkeso.gov.my/web/registration/update/form-1a-cessation-as-employer-discontinue-business-' successfully

2018-10-19 12:04:54 - [MESSAGE][PASSED] - Navigate to 'https://assist2-uat.perkeso.gov.my/web/registration/update/form-1a-cessation-as-employer-discontinue-business-' successfully

2018-10-19 12:04:54 - [TEST_STEP][PASSED] - setText: Text 'E1102069770Z' is set on object 'Object Repository/Final Object Repo/Page_Update Employer Information/Employer Code'

2018-10-19 12:04:54 - [MESSAGE][PASSED] - Text 'E1102069770Z' is set on object 'Object Repository/Final Object Repo/Page_Update Employer Information/Employer Code'

2018-10-19 12:04:54 - [TEST_STEP][PASSED] - click: Object: 'Object Repository/Final Object Repo/Page_Update Employer Information/Search Button' is clicked on

2018-10-19 12:04:55 - [MESSAGE][PASSED] - Object: 'Object Repository/Final Object Repo/Page_Update Employer Information/Search Button' is clicked on

2018-10-19 12:04:55 - [TEST_STEP][PASSED] - click: Object: 'Object Repository/Final Object Repo/Page_Update Employer Information/Edit Button' is clicked on

2018-10-19 12:04:58 - [MESSAGE][PASSED] - Object: 'Object Repository/Final Object Repo/Page_Update Employer Information/Edit Button' is clicked on

2018-10-19 12:04:58 - [TEST_STEP][PASSED] - Statement - abc = com.kms.katalon.core.webui.keyword.WebUiBuiltInKeywords.getAttribute(com.kms.katalon.core.testobject.ObjectRepository.findTestObject(Final Object Repo/Page_Form 1A - Cessation As Employer/Employer Status), "value"): Attribute 'value' of object 'Object Repository/Final Object Repo/Page_Form 1A - Cessation As Employer/Employer Status' is: 'Dormant'

2018-10-19 12:04:58 - [MESSAGE][PASSED] - Attribute 'value' of object 'Object Repository/Final Object Repo/Page_Form 1A - Cessation As Employer/Employer Status' is: 'Dormant'

2018-10-19 12:04:58 - [TEST_STEP][PASSED] - Statement - out.println(abc): null

2018-10-19 12:04:58 - [TEST_STEP][PASSED] - Statement - If (abc == "Active"): null

2018-10-19 12:04:58 - [TEST_STEP][PASSED] - Statement - Else If (abc == "Cancel"): null

2018-10-19 12:04:58 - [TEST_STEP][PASSED] - Statement - Else If (abc == "Dormant"): Object: 'Object Repository/Final Object Repo/Page_Form 1A - Cessation As Employer/Change Employer Status to - Dormant' is clicked on

2018-10-19 12:04:58 - [TEST_STEP][PASSED] - click: Object: 'Object Repository/Final Object Repo/Page_Form 1A - Cessation As Employer/Change Employer Status to' is clicked on

2018-10-19 12:04:58 - [MESSAGE][PASSED] - Object: 'Object Repository/Final Object Repo/Page_Form 1A - Cessation As Employer/Change Employer Status to' is clicked on

2018-10-19 12:04:58 - [TEST_STEP][PASSED] - click: Object: 'Object Repository/Final Object Repo/Page_Form 1A - Cessation As Employer/Change Employer Status to - Dormant' is clicked on

2018-10-19 12:04:58 - [MESSAGE][PASSED] - Object: 'Object Repository/Final Object Repo/Page_Form 1A - Cessation As Employer/Change Employer Status to - Dormant' is clicked on

2018-10-19 12:04:58 - [TEST_STEP][PASSED] - click: Object: 'Object Repository/Final Object Repo/Page_Form 1A - Cessation As Employer/Calender' is clicked on

2018-10-19 12:04:58 - [MESSAGE][PASSED] - Object: 'Object Repository/Final Object Repo/Page_Form 1A - Cessation As Employer/Calender' is clicked on

2018-10-19 12:04:58 - [TEST_STEP][PASSED] - click: Object: 'Object Repository/Final Object Repo/Page_Form 1A - Cessation As Employer/Calender - Date' is clicked on

2018-10-19 12:04:59 - [MESSAGE][PASSED] - Object: 'Object Repository/Final Object Repo/Page_Form 1A - Cessation As Employer/Calender - Date' is clicked on

2018-10-19 12:04:59 - [TEST_STEP][PASSED] - delay: Delayed 2 second(s)

2018-10-19 12:05:01 - [MESSAGE][PASSED] - Delayed 2 second(s)

2018-10-19 12:05:01 - [TEST_STEP][PASSED] - click: Object: 'Object Repository/Final Object Repo/Page_Form 1A - Cessation As Employer/Save  Continue in Form 1A Page' is clicked on

2018-10-19 12:05:01 - [MESSAGE][PASSED] - Object: 'Object Repository/Final Object Repo/Page_Form 1A - Cessation As Employer/Save  Continue in Form 1A Page' is clicked on

2018-10-19 12:05:01 - [TEST_STEP][PASSED] - delay: Delayed 2 second(s)

2018-10-19 12:05:03 - [MESSAGE][PASSED] - Delayed 2 second(s)

2018-10-19 12:05:03 - [TEST_STEP][PASSED] - click: Object: 'Object Repository/Final Object Repo/Page_Form 1A - Cessation As Employer/Employment Resign Date' is clicked on

2018-10-19 12:05:04 - [MESSAGE][PASSED] - Object: 'Object Repository/Final Object Repo/Page_Form 1A - Cessation As Employer/Employment Resign Date' is clicked on

2018-10-19 12:05:04 - [TEST_STEP][PASSED] - delay: Delayed 1 second(s)

2018-10-19 12:05:05 - [MESSAGE][PASSED] - Delayed 1 second(s)

2018-10-19 12:05:05 - [TEST_STEP][PASSED] - Statement - CaseReferenceNo = com.kms.katalon.core.webui.keyword.WebUiBuiltInKeywords.getText(com.kms.katalon.core.testobject.ObjectRepository.findTestObject(Final Object Repo/Page_Update Employer Information/Reference Number in Update Employee Information Page)): Text of object 'Object Repository/Final Object Repo/Page_Update Employer Information/Reference Number in Update Employee Information Page' is: 'CUN102018C200001427'

2018-10-19 12:05:05 - [MESSAGE][PASSED] - Text of object 'Object Repository/Final Object Repo/Page_Update Employer Information/Reference Number in Update Employee Information Page' is: 'CUN102018C200001427'

2018-10-19 12:05:05 - [TEST_STEP][PASSED] - callTestCase: Call Test Case 'Test Cases/Final Aug 2018 - PKS Automation/Common/Reference Number Setter' successfully

2018-10-19 12:05:05 - [TEST_CASE][PASSED] - Test Cases/Final Aug 2018 - PKS Automation/Common/Reference Number Setter: Test Cases/Final Aug 2018 - PKS Automation/Common/Reference Number Setter

2018-10-19 12:05:05 - [TEST_STEP][PASSED] - Statement - RefNoOldFile = new java.io.File(C://KatalonReference.txt): null

2018-10-19 12:05:05 - [TEST_STEP][PASSED] - Statement - RefNoOldFile.delete(): null

2018-10-19 12:05:05 - [TEST_STEP][PASSED] - Statement - RefNo = new java.io.File(C://KatalonReference.txt): null

2018-10-19 12:05:05 - [TEST_STEP][PASSED] - Statement - RefNo.append(CaseReferenceNo): null

2018-10-19 12:05:05 - [TEST_STEP][PASSED] - Statement - out.println("


" + CaseReferenceNo + "


"): null

2018-10-19 12:05:05 - [MESSAGE][PASSED] - Call Test Case 'Test Cases/Final Aug 2018 - PKS Automation/Common/Reference Number Setter' successfully

2018-10-19 12:05:05 - [TEST_STEP][PASSED] - selectOptionByValue: All options with value '2030' are selected in object 'Object Repository/Final Object Repo/Page_Form 1A - Cessation As Employer/Employment Resign Date - Year' 

2018-10-19 12:05:06 - [MESSAGE][PASSED] - All options with value '2030' are selected in object 'Object Repository/Final Object Repo/Page_Form 1A - Cessation As Employer/Employment Resign Date - Year' 

2018-10-19 12:05:06 - [TEST_STEP][PASSED] - delay: Delayed 1 second(s)

2018-10-19 12:05:07 - [MESSAGE][PASSED] - Delayed 1 second(s)

2018-10-19 12:05:07 - [TEST_STEP][PASSED] - click: Object: 'Object Repository/Final Object Repo/Page_Form 1A - Cessation As Employer/Employment Resign Date - Year - Date' is clicked on

2018-10-19 12:05:07 - [MESSAGE][PASSED] - Object: 'Object Repository/Final Object Repo/Page_Form 1A - Cessation As Employer/Employment Resign Date - Year - Date' is clicked on

2018-10-19 12:05:07 - [TEST_STEP][PASSED] - delay: Delayed 2 second(s)

2018-10-19 12:05:09 - [MESSAGE][PASSED] - Delayed 2 second(s)

2018-10-19 12:05:09 - [TEST_STEP][PASSED] - click: Object: 'Object Repository/Final Object Repo/Page_Form 1A - Cessation As Employer/Save  Continue in Update Add Employee Resigned Date Page' is clicked on

2018-10-19 12:05:09 - [MESSAGE][PASSED] - Object: 'Object Repository/Final Object Repo/Page_Form 1A - Cessation As Employer/Save  Continue in Update Add Employee Resigned Date Page' is clicked on

2018-10-19 12:05:09 - [TEST_STEP][PASSED] - delay: Delayed 2 second(s)

2018-10-19 12:05:11 - [MESSAGE][PASSED] - Delayed 2 second(s)

2018-10-19 12:05:11 - [TEST_STEP][PASSED] - click: Object: 'Object Repository/Final Object Repo/Page_Form 1A - Cessation As Employer/Add Document' is clicked on

2018-10-19 12:05:12 - [MESSAGE][PASSED] - Object: 'Object Repository/Final Object Repo/Page_Form 1A - Cessation As Employer/Add Document' is clicked on

2018-10-19 12:05:12 - [TEST_STEP][PASSED] - delay: Delayed 2 second(s)

2018-10-19 12:05:14 - [MESSAGE][PASSED] - Delayed 2 second(s)

2018-10-19 12:05:14 - [TEST_STEP][PASSED] - click: Object: 'Object Repository/Final Object Repo/Page_Form 1A - Cessation As Employer/Document Type' is clicked on

2018-10-19 12:05:16 - [MESSAGE][PASSED] - Object: 'Object Repository/Final Object Repo/Page_Form 1A - Cessation As Employer/Document Type' is clicked on

2018-10-19 12:05:16 - [TEST_STEP][PASSED] - delay: Delayed 2 second(s)

2018-10-19 12:05:18 - [MESSAGE][PASSED] - Delayed 2 second(s)

2018-10-19 12:05:18 - [TEST_STEP][PASSED] - click: Object: 'Object Repository/Final Object Repo/Page_Form 1A - Cessation As Employer/Document Type - Supporting Document For Cessation' is clicked on

2018-10-19 12:05:18 - [MESSAGE][PASSED] - Object: 'Object Repository/Final Object Repo/Page_Form 1A - Cessation As Employer/Document Type - Supporting Document For Cessation' is clicked on

2018-10-19 12:05:18 - [TEST_STEP][PASSED] - delay: Delayed 2 second(s)

2018-10-19 12:05:20 - [MESSAGE][PASSED] - Delayed 2 second(s)

2018-10-19 12:05:20 - [TEST_STEP][PASSED] - sendKeys: Keys 'C:\Users\Public\Pictures\Sample Pictures\Act.jpg' sent to object: 'Object Repository/Final Object Repo/Page_Form 1A - Cessation As Employer/Uploading File'

2018-10-19 12:05:20 - [MESSAGE][PASSED] - Keys 'C:\Users\Public\Pictures\Sample Pictures\Act.jpg' sent to object: 'Object Repository/Final Object Repo/Page_Form 1A - Cessation As Employer/Uploading File'

2018-10-19 12:05:20 - [TEST_STEP][PASSED] - delay: Delayed 2 second(s)

2018-10-19 12:05:22 - [MESSAGE][PASSED] - Delayed 2 second(s)

2018-10-19 12:05:22 - [TEST_STEP][PASSED] - click: Object: 'Object Repository/Final Object Repo/Page_Form 1A - Cessation As Employer/Add Document in Uploading Page' is clicked on

2018-10-19 12:05:22 - [MESSAGE][PASSED] - Object: 'Object Repository/Final Object Repo/Page_Form 1A - Cessation As Employer/Add Document in Uploading Page' is clicked on

2018-10-19 12:05:22 - [TEST_STEP][PASSED] - delay: Delayed 20 second(s)

2018-10-19 12:05:42 - [MESSAGE][PASSED] - Delayed 20 second(s)

2018-10-19 12:05:42 - [TEST_STEP][PASSED] - click: Object: 'Object Repository/Final Object Repo/Page_Form 1A - Cessation As Employer/Save  Continue in Uploading Page' is clicked on

2018-10-19 12:05:43 - [MESSAGE][PASSED] - Object: 'Object Repository/Final Object Repo/Page_Form 1A - Cessation As Employer/Save  Continue in Uploading Page' is clicked on

2018-10-19 12:05:43 - [TEST_STEP][PASSED] - delay: Delayed 2 second(s)

2018-10-19 12:05:45 - [MESSAGE][PASSED] - Delayed 2 second(s)

2018-10-19 12:05:45 - [TEST_STEP][PASSED] - click: Object: 'Object Repository/Final Object Repo/Page_Form 1A - Cessation As Employer/Submit2' is clicked on

2018-10-19 12:05:49 - [MESSAGE][PASSED] - Object: 'Object Repository/Final Object Repo/Page_Form 1A - Cessation As Employer/Submit2' is clicked on

2018-10-19 12:05:49 - [TEST_STEP][PASSED] - delay: Delayed 2 second(s)

2018-10-19 12:05:51 - [MESSAGE][PASSED] - Delayed 2 second(s)

2018-10-19 12:05:51 - [TEST_STEP][PASSED] - click: Object: 'Object Repository/Final Object Repo/Page_Form 1A - Cessation As Employer/Confirm' is clicked on

2018-10-19 12:05:51 - [MESSAGE][PASSED] - Object: 'Object Repository/Final Object Repo/Page_Form 1A - Cessation As Employer/Confirm' is clicked on

2018-10-19 12:05:51 - [TEST_STEP][PASSED] - delay: Delayed 2 second(s)

2018-10-19 12:05:53 - [MESSAGE][PASSED] - Delayed 2 second(s)

2018-10-19 12:05:53 - [TEST_STEP][PASSED] - verifyElementVisible: Object 'Object Repository/Final Object Repo/Page_Form 1A - Cessation As Employer/Message Your Request will be routed to UO' is visible

2018-10-19 12:05:57 - [MESSAGE][PASSED] - Object 'Object Repository/Final Object Repo/Page_Form 1A - Cessation As Employer/Message Your Request will be routed to UO' is visible

2018-10-19 12:05:57 - [TEST_STEP][PASSED] - delay: Delayed 1 second(s)

2018-10-19 12:05:58 - [MESSAGE][PASSED] - Delayed 1 second(s)

2018-10-19 12:05:58 - [TEST_STEP][PASSED] - verifyElementVisible: Object 'Object Repository/Final Object Repo/Page_Form 1A - Cessation As Employer/Letter of acknowledgement' is visible

2018-10-19 12:05:58 - [MESSAGE][PASSED] - Object 'Object Repository/Final Object Repo/Page_Form 1A - Cessation As Employer/Letter of acknowledgement' is visible

2018-10-19 12:05:58 - [MESSAGE][PASSED] - Call Test Case 'Test Cases/Final Aug 2018 - PKS Automation/Registration Module/Workflow/Form 1A - Cessation As Employer/Template/Form 1 A - Cessation As Employer (OTC)' successfully

2018-10-19 12:05:58 - [TEST_STEP][FAILED] - callTestCase: Unable to call Test Case with id 'Test Cases/Final Aug 2018 - PKS Automation/Registration Module/Workflow/Form 1A - Cessation As Employer/Template/Form 1 A - Cessation As Employer (Approve)' (Root cause: Call Test Case 'Test Cases/Final Aug 2018 - PKS Automation/Registration Module/Workflow/Form 1A - Cessation As Employer/Template/Form 1 A - Cessation As Employer (Approve)' failed)

2018-10-19 12:05:58 - [TEST_CASE][FAILED] - Test Cases/Final Aug 2018 - PKS Automation/Registration Module/Workflow/Form 1A - Cessation As Employer/Template/Form 1 A - Cessation As Employer (Approve): Test Cases/Final Aug 2018 - PKS Automation/Registration Module/Workflow/Form 1A - Cessation As Employer/Template/Form 1 A - Cessation As Employer (Approve) FAILED because (of) (Stack trace: com.kms.katalon.core.exception.StepFailedException: Unable to click on object 'Object Repository/Final Object Repo/Landing Page/Select to Workflow Listing' (Root cause: org.openqa.selenium.ElementNotVisibleException: element not visible
  (Session info: chrome=69.0.3497.100)
  (Driver info: chromedriver=2.35.528161 (5b82f2d2aae0ca24b877009200ced9065a772e73),platform=Windows NT 6.1.7601 SP1 x86_64) (WARNING: The server did not provide any stacktrace information)
Command duration or timeout: 0 milliseconds
Build info: version: '3.7.1', revision: '8a0099a', time: '2017-11-06T21:07:36.161Z'
System info: host: 'WEIZHENG', ip: '192.168.137.1', os.name: 'Windows 7', os.arch: 'amd64', os.version: '6.1', java.version: '1.8.0_181'
Driver info: com.kms.katalon.selenium.driver.CChromeDriver
Capabilities {acceptInsecureCerts: false, acceptSslCerts: false, applicationCacheEnabled: false, browserConnectionEnabled: false, browserName: chrome, chrome: {chromedriverVersion: 2.35.528161 (5b82f2d2aae0ca..., userDataDir: C:\Users\WEIZHE~1\AppData\L...}, cssSelectorsEnabled: true, databaseEnabled: false, handlesAlerts: true, hasTouchScreen: false, javascriptEnabled: true, locationContextEnabled: true, mobileEmulationEnabled: false, nativeEvents: true, networkConnectionEnabled: false, pageLoadStrategy: normal, platform: XP, platformName: XP, rotatable: false, setWindowRect: true, takesHeapSnapshot: true, takesScreenshot: true, unexpectedAlertBehaviour: , unhandledPromptBehavior: , version: 69.0.3497.100, webStorageEnabled: true}
Session ID: 6e030cd2eaaffc1e9dc574b15fabba5b)
	at com.kms.katalon.core.keyword.internal.KeywordMain.stepFailed(KeywordMain.groovy:32)
	at com.kms.katalon.core.webui.keyword.internal.WebUIKeywordMain.stepFailed(WebUIKeywordMain.groovy:65)
	at com.kms.katalon.core.webui.keyword.internal.WebUIKeywordMain.runKeyword(WebUIKeywordMain.groovy:27)
	at com.kms.katalon.core.webui.keyword.builtin.ClickKeyword.click(ClickKeyword.groovy:86)
	at com.kms.katalon.core.webui.keyword.builtin.ClickKeyword.execute(ClickKeyword.groovy:67)
	at com.kms.katalon.core.keyword.internal.KeywordExecutor.executeKeywordForPlatform(KeywordExecutor.groovy:53)
	at com.kms.katalon.core.webui.keyword.WebUiBuiltInKeywords.click(WebUiBuiltInKeywords.groovy:616)
	at com.kms.katalon.core.webui.keyword.WebUiBuiltInKeywords$click$2.call(Unknown Source)
	at Script1534407542420.run(Script1534407542420.groovy:73)
	at com.kms.katalon.core.main.ScriptEngine.run(ScriptEngine.java:183)
	at com.kms.katalon.core.main.ScriptEngine.runScriptAsRawText(ScriptEngine.java:108)
	at com.kms.katalon.core.main.TestCaseExecutor.runScript(TestCaseExecutor.java:294)
	at com.kms.katalon.core.main.TestCaseExecutor.doExecute(TestCaseExecutor.java:285)
	at com.kms.katalon.core.main.TestCaseExecutor.processExecutionPhase(TestCaseExecutor.java:264)
	at com.kms.katalon.core.main.TestCaseExecutor.accessMainPhase(TestCaseExecutor.java:256)
	at com.kms.katalon.core.main.TestCaseExecutor.execute(TestCaseExecutor.java:200)
	at com.kms.katalon.core.main.TestCaseMain.runTestCase(TestCaseMain.java:99)
	at com.kms.katalon.core.keyword.builtin.CallTestCaseKeyword$_callTestCase_closure1.doCall(CallTestCaseKeyword.groovy:60)
	at com.kms.katalon.core.keyword.builtin.CallTestCaseKeyword$_callTestCase_closure1.call(CallTestCaseKeyword.groovy)
	at com.kms.katalon.core.keyword.internal.KeywordMain.runKeyword(KeywordMain.groovy:54)
	at com.kms.katalon.core.keyword.builtin.CallTestCaseKeyword.callTestCase(CallTestCaseKeyword.groovy:81)
	at com.kms.katalon.core.keyword.builtin.CallTestCaseKeyword.execute(CallTestCaseKeyword.groovy:45)
	at com.kms.katalon.core.keyword.internal.KeywordExecutor.executeKeywordForPlatform(KeywordExecutor.groovy:53)
	at com.kms.katalon.core.keyword.BuiltinKeywords.callTestCase(BuiltinKeywords.groovy:334)
	at sun.reflect.GeneratedMethodAccessor13.invoke(Unknown Source)
	at sun.reflect.DelegatingMethodAccessorImpl.invoke(DelegatingMethodAccessorImpl.java:43)
	at java.lang.reflect.Method.invoke(Method.java:498)
	at org.codehaus.groovy.reflection.CachedMethod.invoke(CachedMethod.java:93)
	at groovy.lang.MetaMethod.doMethodInvoke(MetaMethod.java:325)
	at groovy.lang.MetaClassImpl.invokeStaticMethod(MetaClassImpl.java:1469)
	at org.codehaus.groovy.runtime.callsite.StaticMetaClassSite.call(StaticMetaClassSite.java:53)
	at org.codehaus.groovy.runtime.callsite.CallSiteArray.defaultCall(CallSiteArray.java:48)
	at org.codehaus.groovy.runtime.callsite.AbstractCallSite.call(AbstractCallSite.java:113)
	at org.codehaus.groovy.runtime.callsite.AbstractCallSite.call(AbstractCallSite.java:141)
	at Script1536137459454.run(Script1536137459454.groovy:34)
	at com.kms.katalon.core.main.ScriptEngine.run(ScriptEngine.java:183)
	at com.kms.katalon.core.main.ScriptEngine.runScriptAsRawText(ScriptEngine.java:108)
	at com.kms.katalon.core.main.TestCaseExecutor.runScript(TestCaseExecutor.java:294)
	at com.kms.katalon.core.main.TestCaseExecutor.doExecute(TestCaseExecutor.java:285)
	at com.kms.katalon.core.main.TestCaseExecutor.processExecutionPhase(TestCaseExecutor.java:264)
	at com.kms.katalon.core.main.TestCaseExecutor.accessMainPhase(TestCaseExecutor.java:256)
	at com.kms.katalon.core.main.TestCaseExecutor.execute(TestCaseExecutor.java:200)
	at com.kms.katalon.core.main.TestCaseMain.runTestCase(TestCaseMain.java:99)
	at com.kms.katalon.core.keyword.builtin.CallTestCaseKeyword$_callTestCase_closure1.doCall(CallTestCaseKeyword.groovy:60)
	at com.kms.katalon.core.keyword.builtin.CallTestCaseKeyword$_callTestCase_closure1.call(CallTestCaseKeyword.groovy)
	at com.kms.katalon.core.keyword.internal.KeywordMain.runKeyword(KeywordMain.groovy:54)
	at com.kms.katalon.core.keyword.builtin.CallTestCaseKeyword.callTestCase(CallTestCaseKeyword.groovy:81)
	at com.kms.katalon.core.keyword.builtin.CallTestCaseKeyword.execute(CallTestCaseKeyword.groovy:45)
	at com.kms.katalon.core.keyword.internal.KeywordExecutor.executeKeywordForPlatform(KeywordExecutor.groovy:53)
	at com.kms.katalon.core.keyword.BuiltinKeywords.callTestCase(BuiltinKeywords.groovy:334)
	at sun.reflect.GeneratedMethodAccessor13.invoke(Unknown Source)
	at sun.reflect.DelegatingMethodAccessorImpl.invoke(DelegatingMethodAccessorImpl.java:43)
	at java.lang.reflect.Method.invoke(Method.java:498)
	at org.codehaus.groovy.reflection.CachedMethod.invoke(CachedMethod.java:93)
	at groovy.lang.MetaMethod.doMethodInvoke(MetaMethod.java:325)
	at groovy.lang.MetaClassImpl.invokeStaticMethod(MetaClassImpl.java:1469)
	at org.codehaus.groovy.runtime.callsite.StaticMetaClassSite.call(StaticMetaClassSite.java:53)
	at org.codehaus.groovy.runtime.callsite.CallSiteArray.defaultCall(CallSiteArray.java:48)
	at org.codehaus.groovy.runtime.callsite.AbstractCallSite.call(AbstractCallSite.java:113)
	at org.codehaus.groovy.runtime.callsite.AbstractCallSite.call(AbstractCallSite.java:141)
	at Script1536137547619.run(Script1536137547619.groovy:25)
	at com.kms.katalon.core.main.ScriptEngine.run(ScriptEngine.java:183)
	at com.kms.katalon.core.main.ScriptEngine.runScriptAsRawText(ScriptEngine.java:108)
	at com.kms.katalon.core.main.TestCaseExecutor.runScript(TestCaseExecutor.java:294)
	at com.kms.katalon.core.main.TestCaseExecutor.doExecute(TestCaseExecutor.java:285)
	at com.kms.katalon.core.main.TestCaseExecutor.processExecutionPhase(TestCaseExecutor.java:264)
	at com.kms.katalon.core.main.TestCaseExecutor.accessMainPhase(TestCaseExecutor.java:256)
	at com.kms.katalon.core.main.TestCaseExecutor.execute(TestCaseExecutor.java:200)
	at com.kms.katalon.core.main.TestSuiteExecutor.accessTestCaseMainPhase(TestSuiteExecutor.java:129)
	at com.kms.katalon.core.main.TestSuiteExecutor.accessTestSuiteMainPhase(TestSuiteExecutor.java:112)
	at com.kms.katalon.core.main.TestSuiteExecutor.execute(TestSuiteExecutor.java:81)
	at com.kms.katalon.core.main.TestCaseMain.startTestSuite(TestCaseMain.java:142)
	at com.kms.katalon.core.main.TestCaseMain$startTestSuite$0.call(Unknown Source)
	at org.codehaus.groovy.runtime.callsite.CallSiteArray.defaultCall(CallSiteArray.java:48)
	at org.codehaus.groovy.runtime.callsite.AbstractCallSite.call(AbstractCallSite.java:113)
	at org.codehaus.groovy.runtime.callsite.AbstractCallSite.call(AbstractCallSite.java:141)
	at TempTestSuite1539913255508.run(TempTestSuite1539913255508.groovy:36)
	at groovy.lang.GroovyShell.runScriptOrMainOrTestOrRunnable(GroovyShell.java:263)
	at groovy.lang.GroovyShell.run(GroovyShell.java:518)
	at groovy.lang.GroovyShell.run(GroovyShell.java:507)
	at groovy.ui.GroovyMain.processOnce(GroovyMain.java:653)
	at groovy.ui.GroovyMain.run(GroovyMain.java:384)
	at groovy.ui.GroovyMain.process(GroovyMain.java:370)
	at groovy.ui.GroovyMain.processArgs(GroovyMain.java:129)
	at groovy.ui.GroovyMain.main(GroovyMain.java:109)
	at sun.reflect.NativeMethodAccessorImpl.invoke0(Native Method)
	at sun.reflect.NativeMethodAccessorImpl.invoke(NativeMethodAccessorImpl.java:62)
	at sun.reflect.DelegatingMethodAccessorImpl.invoke(DelegatingMethodAccessorImpl.java:43)
	at java.lang.reflect.Method.invoke(Method.java:498)
	at org.codehaus.groovy.tools.GroovyStarter.rootLoader(GroovyStarter.java:109)
	at org.codehaus.groovy.tools.GroovyStarter.main(GroovyStarter.java:131)
)

2018-10-19 12:05:58 - [TEST_STEP][NOT_RUN] - callTestCase: NOT_RUN: callTestCase

2018-10-19 12:05:58 - [MESSAGE][NOT_RUN] - NOT_RUN: callTestCase

2018-10-19 12:05:58 - [TEST_STEP][PASSED] - delay: Delayed 1 second(s)

2018-10-19 12:05:59 - [MESSAGE][PASSED] - Delayed 1 second(s)

2018-10-19 12:05:59 - [TEST_STEP][PASSED] - navigateToUrl: Navigate to 'https://assist2-uat.perkeso.gov.my/c/portal/logout' successfully

2018-10-19 12:06:00 - [MESSAGE][PASSED] - Navigate to 'https://assist2-uat.perkeso.gov.my/c/portal/logout' successfully

2018-10-19 12:06:00 - [TEST_STEP][PASSED] - delay: Delayed 1 second(s)

2018-10-19 12:06:01 - [MESSAGE][PASSED] - Delayed 1 second(s)

2018-10-19 12:06:01 - [TEST_STEP][PASSED] - callTestCase: Call Test Case 'Test Cases/Final Aug 2018 - PKS Automation/Common/Reference Number Getter' successfully

2018-10-19 12:06:01 - [TEST_CASE][PASSED] - Test Cases/Final Aug 2018 - PKS Automation/Common/Reference Number Getter: Test Cases/Final Aug 2018 - PKS Automation/Common/Reference Number Getter

2018-10-19 12:06:01 - [TEST_STEP][PASSED] - Statement - Try: null

2018-10-19 12:06:01 - [TEST_STEP][PASSED] - Statement - RefNo = new java.io.File(C://KatalonReference.txt): null

2018-10-19 12:06:01 - [TEST_STEP][PASSED] - Statement - bufferread = new java.io.BufferedReader(new java.io.FileReader(RefNo)): null

2018-10-19 12:06:01 - [TEST_STEP][PASSED] - Statement - readedVal = bufferread.readLine(): null

2018-10-19 12:06:01 - [TEST_STEP][PASSED] - Statement - out.println(CaseReferenceNo): null

2018-10-19 12:06:01 - [TEST_STEP][PASSED] - Statement - out.println(readedVal): null

2018-10-19 12:06:01 - [TEST_STEP][PASSED] - Statement - CaseReferenceNo = readedVal: null

2018-10-19 12:06:01 - [MESSAGE][PASSED] - Call Test Case 'Test Cases/Final Aug 2018 - PKS Automation/Common/Reference Number Getter' successfully

2018-10-19 12:06:01 - [TEST_STEP][FAILED] - callTestCase: Unable to call Test Case with id 'Test Cases/Final Aug 2018 - PKS Automation/Common/Workflow Owner Finder' (Root cause: Call Test Case 'Test Cases/Final Aug 2018 - PKS Automation/Common/Workflow Owner Finder' failed)

2018-10-19 12:06:01 - [TEST_CASE][FAILED] - Test Cases/Final Aug 2018 - PKS Automation/Common/Workflow Owner Finder: Test Cases/Final Aug 2018 - PKS Automation/Common/Workflow Owner Finder FAILED because (of) (Stack trace: com.kms.katalon.core.exception.StepFailedException: Unable to click on object 'Object Repository/Final Object Repo/Landing Page/Select to Workflow Listing' (Root cause: org.openqa.selenium.ElementNotVisibleException: element not visible
  (Session info: chrome=69.0.3497.100)
  (Driver info: chromedriver=2.35.528161 (5b82f2d2aae0ca24b877009200ced9065a772e73),platform=Windows NT 6.1.7601 SP1 x86_64) (WARNING: The server did not provide any stacktrace information)
Command duration or timeout: 0 milliseconds
Build info: version: '3.7.1', revision: '8a0099a', time: '2017-11-06T21:07:36.161Z'
System info: host: 'WEIZHENG', ip: '192.168.137.1', os.name: 'Windows 7', os.arch: 'amd64', os.version: '6.1', java.version: '1.8.0_181'
Driver info: com.kms.katalon.selenium.driver.CChromeDriver
Capabilities {acceptInsecureCerts: false, acceptSslCerts: false, applicationCacheEnabled: false, browserConnectionEnabled: false, browserName: chrome, chrome: {chromedriverVersion: 2.35.528161 (5b82f2d2aae0ca..., userDataDir: C:\Users\WEIZHE~1\AppData\L...}, cssSelectorsEnabled: true, databaseEnabled: false, handlesAlerts: true, hasTouchScreen: false, javascriptEnabled: true, locationContextEnabled: true, mobileEmulationEnabled: false, nativeEvents: true, networkConnectionEnabled: false, pageLoadStrategy: normal, platform: XP, platformName: XP, rotatable: false, setWindowRect: true, takesHeapSnapshot: true, takesScreenshot: true, unexpectedAlertBehaviour: , unhandledPromptBehavior: , version: 69.0.3497.100, webStorageEnabled: true}
Session ID: 6e030cd2eaaffc1e9dc574b15fabba5b)
	at com.kms.katalon.core.keyword.internal.KeywordMain.stepFailed(KeywordMain.groovy:32)
	at com.kms.katalon.core.webui.keyword.internal.WebUIKeywordMain.stepFailed(WebUIKeywordMain.groovy:65)
	at com.kms.katalon.core.webui.keyword.internal.WebUIKeywordMain.runKeyword(WebUIKeywordMain.groovy:27)
	at com.kms.katalon.core.webui.keyword.builtin.ClickKeyword.click(ClickKeyword.groovy:86)
	at com.kms.katalon.core.webui.keyword.builtin.ClickKeyword.execute(ClickKeyword.groovy:67)
	at com.kms.katalon.core.keyword.internal.KeywordExecutor.executeKeywordForPlatform(KeywordExecutor.groovy:53)
	at com.kms.katalon.core.webui.keyword.WebUiBuiltInKeywords.click(WebUiBuiltInKeywords.groovy:616)
	at com.kms.katalon.core.webui.keyword.WebUiBuiltInKeywords$click$2.call(Unknown Source)
	at Script1534407542420.run(Script1534407542420.groovy:73)
	at com.kms.katalon.core.main.ScriptEngine.run(ScriptEngine.java:183)
	at com.kms.katalon.core.main.ScriptEngine.runScriptAsRawText(ScriptEngine.java:108)
	at com.kms.katalon.core.main.TestCaseExecutor.runScript(TestCaseExecutor.java:294)
	at com.kms.katalon.core.main.TestCaseExecutor.doExecute(TestCaseExecutor.java:285)
	at com.kms.katalon.core.main.TestCaseExecutor.processExecutionPhase(TestCaseExecutor.java:264)
	at com.kms.katalon.core.main.TestCaseExecutor.accessMainPhase(TestCaseExecutor.java:256)
	at com.kms.katalon.core.main.TestCaseExecutor.execute(TestCaseExecutor.java:200)
	at com.kms.katalon.core.main.TestCaseMain.runTestCase(TestCaseMain.java:99)
	at com.kms.katalon.core.keyword.builtin.CallTestCaseKeyword$_callTestCase_closure1.doCall(CallTestCaseKeyword.groovy:60)
	at com.kms.katalon.core.keyword.builtin.CallTestCaseKeyword$_callTestCase_closure1.call(CallTestCaseKeyword.groovy)
	at com.kms.katalon.core.keyword.internal.KeywordMain.runKeyword(KeywordMain.groovy:54)
	at com.kms.katalon.core.keyword.builtin.CallTestCaseKeyword.callTestCase(CallTestCaseKeyword.groovy:81)
	at com.kms.katalon.core.keyword.builtin.CallTestCaseKeyword.execute(CallTestCaseKeyword.groovy:45)
	at com.kms.katalon.core.keyword.internal.KeywordExecutor.executeKeywordForPlatform(KeywordExecutor.groovy:53)
	at com.kms.katalon.core.keyword.BuiltinKeywords.callTestCase(BuiltinKeywords.groovy:334)
	at sun.reflect.GeneratedMethodAccessor13.invoke(Unknown Source)
	at sun.reflect.DelegatingMethodAccessorImpl.invoke(DelegatingMethodAccessorImpl.java:43)
	at java.lang.reflect.Method.invoke(Method.java:498)
	at org.codehaus.groovy.reflection.CachedMethod.invoke(CachedMethod.java:93)
	at groovy.lang.MetaMethod.doMethodInvoke(MetaMethod.java:325)
	at groovy.lang.MetaClassImpl.invokeStaticMethod(MetaClassImpl.java:1469)
	at org.codehaus.groovy.runtime.callsite.StaticMetaClassSite.call(StaticMetaClassSite.java:53)
	at org.codehaus.groovy.runtime.callsite.CallSiteArray.defaultCall(CallSiteArray.java:48)
	at org.codehaus.groovy.runtime.callsite.AbstractCallSite.call(AbstractCallSite.java:113)
	at org.codehaus.groovy.runtime.callsite.AbstractCallSite.call(AbstractCallSite.java:141)
	at Script1536137459454.run(Script1536137459454.groovy:34)
	at com.kms.katalon.core.main.ScriptEngine.run(ScriptEngine.java:183)
	at com.kms.katalon.core.main.ScriptEngine.runScriptAsRawText(ScriptEngine.java:108)
	at com.kms.katalon.core.main.TestCaseExecutor.runScript(TestCaseExecutor.java:294)
	at com.kms.katalon.core.main.TestCaseExecutor.doExecute(TestCaseExecutor.java:285)
	at com.kms.katalon.core.main.TestCaseExecutor.processExecutionPhase(TestCaseExecutor.java:264)
	at com.kms.katalon.core.main.TestCaseExecutor.accessMainPhase(TestCaseExecutor.java:256)
	at com.kms.katalon.core.main.TestCaseExecutor.execute(TestCaseExecutor.java:200)
	at com.kms.katalon.core.main.TestCaseMain.runTestCase(TestCaseMain.java:99)
	at com.kms.katalon.core.keyword.builtin.CallTestCaseKeyword$_callTestCase_closure1.doCall(CallTestCaseKeyword.groovy:60)
	at com.kms.katalon.core.keyword.builtin.CallTestCaseKeyword$_callTestCase_closure1.call(CallTestCaseKeyword.groovy)
	at com.kms.katalon.core.keyword.internal.KeywordMain.runKeyword(KeywordMain.groovy:54)
	at com.kms.katalon.core.keyword.builtin.CallTestCaseKeyword.callTestCase(CallTestCaseKeyword.groovy:81)
	at com.kms.katalon.core.keyword.builtin.CallTestCaseKeyword.execute(CallTestCaseKeyword.groovy:45)
	at com.kms.katalon.core.keyword.internal.KeywordExecutor.executeKeywordForPlatform(KeywordExecutor.groovy:53)
	at com.kms.katalon.core.keyword.BuiltinKeywords.callTestCase(BuiltinKeywords.groovy:334)
	at sun.reflect.GeneratedMethodAccessor13.invoke(Unknown Source)
	at sun.reflect.DelegatingMethodAccessorImpl.invoke(DelegatingMethodAccessorImpl.java:43)
	at java.lang.reflect.Method.invoke(Method.java:498)
	at org.codehaus.groovy.reflection.CachedMethod.invoke(CachedMethod.java:93)
	at groovy.lang.MetaMethod.doMethodInvoke(MetaMethod.java:325)
	at groovy.lang.MetaClassImpl.invokeStaticMethod(MetaClassImpl.java:1469)
	at org.codehaus.groovy.runtime.callsite.StaticMetaClassSite.call(StaticMetaClassSite.java:53)
	at org.codehaus.groovy.runtime.callsite.CallSiteArray.defaultCall(CallSiteArray.java:48)
	at org.codehaus.groovy.runtime.callsite.AbstractCallSite.call(AbstractCallSite.java:113)
	at org.codehaus.groovy.runtime.callsite.AbstractCallSite.call(AbstractCallSite.java:141)
	at Script1536137547619.run(Script1536137547619.groovy:25)
	at com.kms.katalon.core.main.ScriptEngine.run(ScriptEngine.java:183)
	at com.kms.katalon.core.main.ScriptEngine.runScriptAsRawText(ScriptEngine.java:108)
	at com.kms.katalon.core.main.TestCaseExecutor.runScript(TestCaseExecutor.java:294)
	at com.kms.katalon.core.main.TestCaseExecutor.doExecute(TestCaseExecutor.java:285)
	at com.kms.katalon.core.main.TestCaseExecutor.processExecutionPhase(TestCaseExecutor.java:264)
	at com.kms.katalon.core.main.TestCaseExecutor.accessMainPhase(TestCaseExecutor.java:256)
	at com.kms.katalon.core.main.TestCaseExecutor.execute(TestCaseExecutor.java:200)
	at com.kms.katalon.core.main.TestSuiteExecutor.accessTestCaseMainPhase(TestSuiteExecutor.java:129)
	at com.kms.katalon.core.main.TestSuiteExecutor.accessTestSuiteMainPhase(TestSuiteExecutor.java:112)
	at com.kms.katalon.core.main.TestSuiteExecutor.execute(TestSuiteExecutor.java:81)
	at com.kms.katalon.core.main.TestCaseMain.startTestSuite(TestCaseMain.java:142)
	at com.kms.katalon.core.main.TestCaseMain$startTestSuite$0.call(Unknown Source)
	at org.codehaus.groovy.runtime.callsite.CallSiteArray.defaultCall(CallSiteArray.java:48)
	at org.codehaus.groovy.runtime.callsite.AbstractCallSite.call(AbstractCallSite.java:113)
	at org.codehaus.groovy.runtime.callsite.AbstractCallSite.call(AbstractCallSite.java:141)
	at TempTestSuite1539913255508.run(TempTestSuite1539913255508.groovy:36)
	at groovy.lang.GroovyShell.runScriptOrMainOrTestOrRunnable(GroovyShell.java:263)
	at groovy.lang.GroovyShell.run(GroovyShell.java:518)
	at groovy.lang.GroovyShell.run(GroovyShell.java:507)
	at groovy.ui.GroovyMain.processOnce(GroovyMain.java:653)
	at groovy.ui.GroovyMain.run(GroovyMain.java:384)
	at groovy.ui.GroovyMain.process(GroovyMain.java:370)
	at groovy.ui.GroovyMain.processArgs(GroovyMain.java:129)
	at groovy.ui.GroovyMain.main(GroovyMain.java:109)
	at sun.reflect.NativeMethodAccessorImpl.invoke0(Native Method)
	at sun.reflect.NativeMethodAccessorImpl.invoke(NativeMethodAccessorImpl.java:62)
	at sun.reflect.DelegatingMethodAccessorImpl.invoke(DelegatingMethodAccessorImpl.java:43)
	at java.lang.reflect.Method.invoke(Method.java:498)
	at org.codehaus.groovy.tools.GroovyStarter.rootLoader(GroovyStarter.java:109)
	at org.codehaus.groovy.tools.GroovyStarter.main(GroovyStarter.java:131)
)

2018-10-19 12:06:01 - [TEST_STEP][PASSED] - openBrowser: Browser is opened with url: ''

2018-10-19 12:06:01 - [MESSAGE][WARNING] - A browser is already opened. Closing browser and opening a new one

2018-10-19 12:06:04 - [MESSAGE][PASSED] - Browser is opened with url: ''

2018-10-19 12:06:04 - [TEST_STEP][PASSED] - navigateToUrl: Navigate to 'https://assist2-uat.perkeso.gov.my/login' successfully

2018-10-19 12:06:07 - [MESSAGE][PASSED] - Navigate to 'https://assist2-uat.perkeso.gov.my/login' successfully

2018-10-19 12:06:07 - [TEST_STEP][PASSED] - delay: Delayed 5 second(s)

2018-10-19 12:06:12 - [MESSAGE][PASSED] - Delayed 5 second(s)

2018-10-19 12:06:12 - [TEST_STEP][PASSED] - setText: Text 'test@liferay.com' is set on object 'Object Repository/Final Object Repo/Login Page/Internal User/Email Address'

2018-10-19 12:06:12 - [MESSAGE][PASSED] - Text 'test@liferay.com' is set on object 'Object Repository/Final Object Repo/Login Page/Internal User/Email Address'

2018-10-19 12:06:12 - [TEST_STEP][PASSED] - click: Object: 'Object Repository/Final Object Repo/Login Page/Internal User/Next Button' is clicked on

2018-10-19 12:06:12 - [MESSAGE][PASSED] - Object: 'Object Repository/Final Object Repo/Login Page/Internal User/Next Button' is clicked on

2018-10-19 12:06:12 - [TEST_STEP][PASSED] - delay: Delayed 2 second(s)

2018-10-19 12:06:14 - [MESSAGE][PASSED] - Delayed 2 second(s)

2018-10-19 12:06:14 - [TEST_STEP][PASSED] - setText: Text 'test' is set on object 'Object Repository/Final Object Repo/Login Page/Internal User/Password'

2018-10-19 12:06:15 - [MESSAGE][PASSED] - Text 'test' is set on object 'Object Repository/Final Object Repo/Login Page/Internal User/Password'

2018-10-19 12:06:15 - [TEST_STEP][PASSED] - delay: Delayed 2 second(s)

2018-10-19 12:06:17 - [MESSAGE][PASSED] - Delayed 2 second(s)

2018-10-19 12:06:17 - [TEST_STEP][PASSED] - click: Object: 'Object Repository/Final Object Repo/Login Page/Internal User/Login Button' is clicked on

2018-10-19 12:06:17 - [MESSAGE][PASSED] - Object: 'Object Repository/Final Object Repo/Login Page/Internal User/Login Button' is clicked on

2018-10-19 12:06:17 - [TEST_STEP][PASSED] - Statement - Try: Delayed 2 second(s)

2018-10-19 12:06:17 - [TEST_STEP][PASSED] - Statement - Checker = false: null

2018-10-19 12:06:17 - [TEST_STEP][PASSED] - Statement - Checker = com.kms.katalon.core.webui.keyword.WebUiBuiltInKeywords.verifyElementHasAttribute(com.kms.katalon.core.testobject.ObjectRepository.findTestObject(Final Object Repo/Landing Page/BM Detecting), "href", 20, OPTIONAL): Object 'Object Repository/Final Object Repo/Landing Page/BM Detecting' has attribute 'href'

2018-10-19 12:06:20 - [MESSAGE][PASSED] - Object 'Object Repository/Final Object Repo/Landing Page/BM Detecting' has attribute 'href'

2018-10-19 12:06:20 - [TEST_STEP][PASSED] - Statement - out.println(Checker): null

2018-10-19 12:06:20 - [TEST_STEP][PASSED] - Statement - If (Checker == false): null

2018-10-19 12:06:20 - [TEST_STEP][PASSED] - Statement - Else: null

2018-10-19 12:06:20 - [TEST_STEP][PASSED] - delay: Delayed 2 second(s)

2018-10-19 12:06:22 - [MESSAGE][PASSED] - Delayed 2 second(s)

2018-10-19 12:06:22 - [TEST_STEP][PASSED] - delay: Delayed 3 second(s)

2018-10-19 12:06:25 - [MESSAGE][PASSED] - Delayed 3 second(s)

2018-10-19 12:06:25 - [TEST_STEP][PASSED] - click: Object: 'Object Repository/Final Object Repo/Landing Page/WorkFlow Menu' is clicked on

2018-10-19 12:06:25 - [MESSAGE][PASSED] - Object: 'Object Repository/Final Object Repo/Landing Page/WorkFlow Menu' is clicked on

2018-10-19 12:06:25 - [TEST_STEP][PASSED] - delay: Delayed 2 second(s)

2018-10-19 12:06:27 - [MESSAGE][PASSED] - Delayed 2 second(s)

2018-10-19 12:06:27 - [TEST_STEP][FAILED] - click: Unable to click on object 'Object Repository/Final Object Repo/Landing Page/Select to Workflow Listing' (Root cause: org.openqa.selenium.ElementNotVisibleException: element not visible
  (Session info: chrome=69.0.3497.100)
  (Driver info: chromedriver=2.35.528161 (5b82f2d2aae0ca24b877009200ced9065a772e73),platform=Windows NT 6.1.7601 SP1 x86_64) (WARNING: The server did not provide any stacktrace information)
Command duration or timeout: 0 milliseconds
Build info: version: '3.7.1', revision: '8a0099a', time: '2017-11-06T21:07:36.161Z'
System info: host: 'WEIZHENG', ip: '192.168.137.1', os.name: 'Windows 7', os.arch: 'amd64', os.version: '6.1', java.version: '1.8.0_181'
Driver info: com.kms.katalon.selenium.driver.CChromeDriver
Capabilities {acceptInsecureCerts: false, acceptSslCerts: false, applicationCacheEnabled: false, browserConnectionEnabled: false, browserName: chrome, chrome: {chromedriverVersion: 2.35.528161 (5b82f2d2aae0ca..., userDataDir: C:\Users\WEIZHE~1\AppData\L...}, cssSelectorsEnabled: true, databaseEnabled: false, handlesAlerts: true, hasTouchScreen: false, javascriptEnabled: true, locationContextEnabled: true, mobileEmulationEnabled: false, nativeEvents: true, networkConnectionEnabled: false, pageLoadStrategy: normal, platform: XP, platformName: XP, rotatable: false, setWindowRect: true, takesHeapSnapshot: true, takesScreenshot: true, unexpectedAlertBehaviour: , unhandledPromptBehavior: , version: 69.0.3497.100, webStorageEnabled: true}
Session ID: 6e030cd2eaaffc1e9dc574b15fabba5b)

2018-10-19 12:06:28 - [MESSAGE][FAILED] - Unable to click on object 'Object Repository/Final Object Repo/Landing Page/Select to Workflow Listing' (Root cause: org.openqa.selenium.ElementNotVisibleException: element not visible
  (Session info: chrome=69.0.3497.100)
  (Driver info: chromedriver=2.35.528161 (5b82f2d2aae0ca24b877009200ced9065a772e73),platform=Windows NT 6.1.7601 SP1 x86_64) (WARNING: The server did not provide any stacktrace information)
Command duration or timeout: 0 milliseconds
Build info: version: '3.7.1', revision: '8a0099a', time: '2017-11-06T21:07:36.161Z'
System info: host: 'WEIZHENG', ip: '192.168.137.1', os.name: 'Windows 7', os.arch: 'amd64', os.version: '6.1', java.version: '1.8.0_181'
Driver info: com.kms.katalon.selenium.driver.CChromeDriver
Capabilities {acceptInsecureCerts: false, acceptSslCerts: false, applicationCacheEnabled: false, browserConnectionEnabled: false, browserName: chrome, chrome: {chromedriverVersion: 2.35.528161 (5b82f2d2aae0ca..., userDataDir: C:\Users\WEIZHE~1\AppData\L...}, cssSelectorsEnabled: true, databaseEnabled: false, handlesAlerts: true, hasTouchScreen: false, javascriptEnabled: true, locationContextEnabled: true, mobileEmulationEnabled: false, nativeEvents: true, networkConnectionEnabled: false, pageLoadStrategy: normal, platform: XP, platformName: XP, rotatable: false, setWindowRect: true, takesHeapSnapshot: true, takesScreenshot: true, unexpectedAlertBehaviour: , unhandledPromptBehavior: , version: 69.0.3497.100, webStorageEnabled: true}
Session ID: 6e030cd2eaaffc1e9dc574b15fabba5b)
[[ATTACHMENT|C:\\Users\\LENOVO\\Katalon Studio\\Perkeso Phase A\\Reports\\Workflow\\Form 1A - Cessation as Employer\\20181019_094055\\1539921987802.png]]

2018-10-19 12:06:28 - [TEST_STEP][PASSED] - delay: Delayed 2 second(s)

2018-10-19 12:06:30 - [MESSAGE][PASSED] - Delayed 2 second(s)

2018-10-19 12:06:30 - [TEST_STEP][FAILED] - click: Unable to click on object 'Object Repository/Final Object Repo/WorkFlow Listing Page/Search Information - To Put Ref No' (Root cause: com.kms.katalon.core.webui.exception.WebElementNotFoundException: Web element with id: 'Object Repository/Final Object Repo/WorkFlow Listing Page/Search Information - To Put Ref No' located by 'By.xpath: //h2[@data-target = '#_workflowlisting_WAR_baseportlet_searchDiv' and (text() = 'Search Information' or . = 'Search Information')]' not found)

2018-10-19 12:08:39 - [MESSAGE][FAILED] - Unable to click on object 'Object Repository/Final Object Repo/WorkFlow Listing Page/Search Information - To Put Ref No' (Root cause: com.kms.katalon.core.webui.exception.WebElementNotFoundException: Web element with id: 'Object Repository/Final Object Repo/WorkFlow Listing Page/Search Information - To Put Ref No' located by 'By.xpath: //h2[@data-target = '#_workflowlisting_WAR_baseportlet_searchDiv' and (text() = 'Search Information' or . = 'Search Information')]' not found)
[[ATTACHMENT|C:\\Users\\LENOVO\\Katalon Studio\\Perkeso Phase A\\Reports\\Workflow\\Form 1A - Cessation as Employer\\20181019_094055\\1539922119186.png]]

2018-10-19 12:08:39 - [TEST_STEP][PASSED] - delay: Delayed 2 second(s)

2018-10-19 12:08:41 - [MESSAGE][PASSED] - Delayed 2 second(s)

2018-10-19 12:08:41 - [TEST_STEP][PASSED] - callTestCase: Call Test Case 'Test Cases/Final Aug 2018 - PKS Automation/Common/Reference Number Getter' successfully

2018-10-19 12:08:41 - [TEST_CASE][PASSED] - Test Cases/Final Aug 2018 - PKS Automation/Common/Reference Number Getter: Test Cases/Final Aug 2018 - PKS Automation/Common/Reference Number Getter

2018-10-19 12:08:41 - [TEST_STEP][PASSED] - Statement - Try: null

2018-10-19 12:08:41 - [TEST_STEP][PASSED] - Statement - RefNo = new java.io.File(C://KatalonReference.txt): null

2018-10-19 12:08:41 - [TEST_STEP][PASSED] - Statement - bufferread = new java.io.BufferedReader(new java.io.FileReader(RefNo)): null

2018-10-19 12:08:41 - [TEST_STEP][PASSED] - Statement - readedVal = bufferread.readLine(): null

2018-10-19 12:08:41 - [TEST_STEP][PASSED] - Statement - out.println(CaseReferenceNo): null

2018-10-19 12:08:41 - [TEST_STEP][PASSED] - Statement - out.println(readedVal): null

2018-10-19 12:08:41 - [TEST_STEP][PASSED] - Statement - CaseReferenceNo = readedVal: null

2018-10-19 12:08:41 - [MESSAGE][PASSED] - Call Test Case 'Test Cases/Final Aug 2018 - PKS Automation/Common/Reference Number Getter' successfully

2018-10-19 12:08:41 - [TEST_STEP][FAILED] - setText: Unable to set text 'CUN102018C200001426CUN102018C200001427' of object 'Object Repository/Final Object Repo/WorkFlow Listing Page/Ref No Set Text' (Root cause: com.kms.katalon.core.webui.exception.WebElementNotFoundException: Web element with id: 'Object Repository/Final Object Repo/WorkFlow Listing Page/Ref No Set Text' located by 'By.xpath: //input[@id = '_workflowlisting_WAR_baseportlet_dto.trxReferenceNum' and @name = '_workflowlisting_WAR_baseportlet_dto.trxReferenceNum' and @type = 'text']' not found)

2018-10-19 12:10:51 - [MESSAGE][FAILED] - Unable to set text 'CUN102018C200001426CUN102018C200001427' of object 'Object Repository/Final Object Repo/WorkFlow Listing Page/Ref No Set Text' (Root cause: com.kms.katalon.core.webui.exception.WebElementNotFoundException: Web element with id: 'Object Repository/Final Object Repo/WorkFlow Listing Page/Ref No Set Text' located by 'By.xpath: //input[@id = '_workflowlisting_WAR_baseportlet_dto.trxReferenceNum' and @name = '_workflowlisting_WAR_baseportlet_dto.trxReferenceNum' and @type = 'text']' not found)
[[ATTACHMENT|C:\\Users\\LENOVO\\Katalon Studio\\Perkeso Phase A\\Reports\\Workflow\\Form 1A - Cessation as Employer\\20181019_094055\\1539922250915.png]]

2018-10-19 12:10:51 - [TEST_STEP][PASSED] - delay: Delayed 2 second(s)

2018-10-19 12:10:53 - [MESSAGE][PASSED] - Delayed 2 second(s)

2018-10-19 12:10:53 - [TEST_STEP][FAILED] - click: Unable to click on object 'Object Repository/Final Object Repo/WorkFlow Listing Page/Search Ref No Search Button' (Root cause: org.openqa.selenium.ElementNotVisibleException: element not visible
  (Session info: chrome=69.0.3497.100)
  (Driver info: chromedriver=2.35.528161 (5b82f2d2aae0ca24b877009200ced9065a772e73),platform=Windows NT 6.1.7601 SP1 x86_64) (WARNING: The server did not provide any stacktrace information)
Command duration or timeout: 0 milliseconds
Build info: version: '3.7.1', revision: '8a0099a', time: '2017-11-06T21:07:36.161Z'
System info: host: 'WEIZHENG', ip: '192.168.137.1', os.name: 'Windows 7', os.arch: 'amd64', os.version: '6.1', java.version: '1.8.0_181'
Driver info: com.kms.katalon.selenium.driver.CChromeDriver
Capabilities {acceptInsecureCerts: false, acceptSslCerts: false, applicationCacheEnabled: false, browserConnectionEnabled: false, browserName: chrome, chrome: {chromedriverVersion: 2.35.528161 (5b82f2d2aae0ca..., userDataDir: C:\Users\WEIZHE~1\AppData\L...}, cssSelectorsEnabled: true, databaseEnabled: false, handlesAlerts: true, hasTouchScreen: false, javascriptEnabled: true, locationContextEnabled: true, mobileEmulationEnabled: false, nativeEvents: true, networkConnectionEnabled: false, pageLoadStrategy: normal, platform: XP, platformName: XP, rotatable: false, setWindowRect: true, takesHeapSnapshot: true, takesScreenshot: true, unexpectedAlertBehaviour: , unhandledPromptBehavior: , version: 69.0.3497.100, webStorageEnabled: true}
Session ID: 6e030cd2eaaffc1e9dc574b15fabba5b)

2018-10-19 12:10:53 - [MESSAGE][FAILED] - Unable to click on object 'Object Repository/Final Object Repo/WorkFlow Listing Page/Search Ref No Search Button' (Root cause: org.openqa.selenium.ElementNotVisibleException: element not visible
  (Session info: chrome=69.0.3497.100)
  (Driver info: chromedriver=2.35.528161 (5b82f2d2aae0ca24b877009200ced9065a772e73),platform=Windows NT 6.1.7601 SP1 x86_64) (WARNING: The server did not provide any stacktrace information)
Command duration or timeout: 0 milliseconds
Build info: version: '3.7.1', revision: '8a0099a', time: '2017-11-06T21:07:36.161Z'
System info: host: 'WEIZHENG', ip: '192.168.137.1', os.name: 'Windows 7', os.arch: 'amd64', os.version: '6.1', java.version: '1.8.0_181'
Driver info: com.kms.katalon.selenium.driver.CChromeDriver
Capabilities {acceptInsecureCerts: false, acceptSslCerts: false, applicationCacheEnabled: false, browserConnectionEnabled: false, browserName: chrome, chrome: {chromedriverVersion: 2.35.528161 (5b82f2d2aae0ca..., userDataDir: C:\Users\WEIZHE~1\AppData\L...}, cssSelectorsEnabled: true, databaseEnabled: false, handlesAlerts: true, hasTouchScreen: false, javascriptEnabled: true, locationContextEnabled: true, mobileEmulationEnabled: false, nativeEvents: true, networkConnectionEnabled: false, pageLoadStrategy: normal, platform: XP, platformName: XP, rotatable: false, setWindowRect: true, takesHeapSnapshot: true, takesScreenshot: true, unexpectedAlertBehaviour: , unhandledPromptBehavior: , version: 69.0.3497.100, webStorageEnabled: true}
Session ID: 6e030cd2eaaffc1e9dc574b15fabba5b)
[[ATTACHMENT|C:\\Users\\LENOVO\\Katalon Studio\\Perkeso Phase A\\Reports\\Workflow\\Form 1A - Cessation as Employer\\20181019_094055\\1539922253262.png]]

2018-10-19 12:10:53 - [TEST_STEP][PASSED] - delay: Delayed 4 second(s)

2018-10-19 12:10:57 - [MESSAGE][PASSED] - Delayed 4 second(s)

2018-10-19 12:10:57 - [TEST_STEP][PASSED] - click: Object: 'Object Repository/Final Object Repo/WorkFlow Listing Page/Click Continue Tooltip' is clicked on

2018-10-19 12:10:59 - [MESSAGE][PASSED] - Object: 'Object Repository/Final Object Repo/WorkFlow Listing Page/Click Continue Tooltip' is clicked on

2018-10-19 12:10:59 - [TEST_STEP][PASSED] - delay: Delayed 5 second(s)

2018-10-19 12:11:04 - [MESSAGE][PASSED] - Delayed 5 second(s)

2018-10-19 12:11:04 - [TEST_STEP][FAILED] - doubleClick: Unable to double click on object 'Object Repository/Final Object Repo/WorkFlow Listing Page/Workflow Found - Listing 1' (Root cause: com.kms.katalon.core.webui.exception.WebElementNotFoundException: Web element with id: 'Object Repository/Final Object Repo/WorkFlow Listing Page/Workflow Found - Listing 1' located by 'By.xpath: //body/div/div/div/div/div/div/div/div/div/div/div/div/div/div/div/div/table/tbody/tr/td[@class='table-cell  first']/following-sibling::td[1]' not found)

2018-10-19 12:13:12 - [MESSAGE][FAILED] - Unable to double click on object 'Object Repository/Final Object Repo/WorkFlow Listing Page/Workflow Found - Listing 1' (Root cause: com.kms.katalon.core.webui.exception.WebElementNotFoundException: Web element with id: 'Object Repository/Final Object Repo/WorkFlow Listing Page/Workflow Found - Listing 1' located by 'By.xpath: //body/div/div/div/div/div/div/div/div/div/div/div/div/div/div/div/div/table/tbody/tr/td[@class='table-cell  first']/following-sibling::td[1]' not found)
[[ATTACHMENT|C:\\Users\\LENOVO\\Katalon Studio\\Perkeso Phase A\\Reports\\Workflow\\Form 1A - Cessation as Employer\\20181019_094055\\1539922392354.png]]

2018-10-19 12:13:12 - [MESSAGE][FAILED] - Unable to call Test Case with id 'Test Cases/Final Aug 2018 - PKS Automation/Common/Workflow Owner Finder' (Root cause: Call Test Case 'Test Cases/Final Aug 2018 - PKS Automation/Common/Workflow Owner Finder' failed)

2018-10-19 12:13:12 - [MESSAGE][FAILED] - Unable to call Test Case with id 'Test Cases/Final Aug 2018 - PKS Automation/Registration Module/Workflow/Form 1A - Cessation As Employer/Template/Form 1 A - Cessation As Employer (Approve)' (Root cause: Call Test Case 'Test Cases/Final Aug 2018 - PKS Automation/Registration Module/Workflow/Form 1A - Cessation As Employer/Template/Form 1 A - Cessation As Employer (Approve)' failed)]]></system-out>
         <system-err><![CDATA[2018-10-19 12:04:40 - [TEST_CASE][FAILED] - Test Cases/Final Aug 2018 - PKS Automation/Registration Module/Workflow/Form 1A - Cessation As Employer/OTC to UO (Approve): Test Cases/Final Aug 2018 - PKS Automation/Registration Module/Workflow/Form 1A - Cessation As Employer/OTC to UO (Approve) FAILED because (of) (Stack trace: com.kms.katalon.core.exception.StepFailedException: Unable to click on object 'Object Repository/Final Object Repo/Landing Page/Select to Workflow Listing' (Root cause: org.openqa.selenium.ElementNotVisibleException: element not visible
  (Session info: chrome=69.0.3497.100)
  (Driver info: chromedriver=2.35.528161 (5b82f2d2aae0ca24b877009200ced9065a772e73),platform=Windows NT 6.1.7601 SP1 x86_64) (WARNING: The server did not provide any stacktrace information)
Command duration or timeout: 0 milliseconds
Build info: version: '3.7.1', revision: '8a0099a', time: '2017-11-06T21:07:36.161Z'
System info: host: 'WEIZHENG', ip: '192.168.137.1', os.name: 'Windows 7', os.arch: 'amd64', os.version: '6.1', java.version: '1.8.0_181'
Driver info: com.kms.katalon.selenium.driver.CChromeDriver
Capabilities {acceptInsecureCerts: false, acceptSslCerts: false, applicationCacheEnabled: false, browserConnectionEnabled: false, browserName: chrome, chrome: {chromedriverVersion: 2.35.528161 (5b82f2d2aae0ca..., userDataDir: C:\Users\WEIZHE~1\AppData\L...}, cssSelectorsEnabled: true, databaseEnabled: false, handlesAlerts: true, hasTouchScreen: false, javascriptEnabled: true, locationContextEnabled: true, mobileEmulationEnabled: false, nativeEvents: true, networkConnectionEnabled: false, pageLoadStrategy: normal, platform: XP, platformName: XP, rotatable: false, setWindowRect: true, takesHeapSnapshot: true, takesScreenshot: true, unexpectedAlertBehaviour: , unhandledPromptBehavior: , version: 69.0.3497.100, webStorageEnabled: true}
Session ID: 6e030cd2eaaffc1e9dc574b15fabba5b)
	at com.kms.katalon.core.keyword.internal.KeywordMain.stepFailed(KeywordMain.groovy:32)
	at com.kms.katalon.core.webui.keyword.internal.WebUIKeywordMain.stepFailed(WebUIKeywordMain.groovy:65)
	at com.kms.katalon.core.webui.keyword.internal.WebUIKeywordMain.runKeyword(WebUIKeywordMain.groovy:27)
	at com.kms.katalon.core.webui.keyword.builtin.ClickKeyword.click(ClickKeyword.groovy:86)
	at com.kms.katalon.core.webui.keyword.builtin.ClickKeyword.execute(ClickKeyword.groovy:67)
	at com.kms.katalon.core.keyword.internal.KeywordExecutor.executeKeywordForPlatform(KeywordExecutor.groovy:53)
	at com.kms.katalon.core.webui.keyword.WebUiBuiltInKeywords.click(WebUiBuiltInKeywords.groovy:616)
	at com.kms.katalon.core.webui.keyword.WebUiBuiltInKeywords$click$2.call(Unknown Source)
	at Script1534407542420.run(Script1534407542420.groovy:73)
	at com.kms.katalon.core.main.ScriptEngine.run(ScriptEngine.java:183)
	at com.kms.katalon.core.main.ScriptEngine.runScriptAsRawText(ScriptEngine.java:108)
	at com.kms.katalon.core.main.TestCaseExecutor.runScript(TestCaseExecutor.java:294)
	at com.kms.katalon.core.main.TestCaseExecutor.doExecute(TestCaseExecutor.java:285)
	at com.kms.katalon.core.main.TestCaseExecutor.processExecutionPhase(TestCaseExecutor.java:264)
	at com.kms.katalon.core.main.TestCaseExecutor.accessMainPhase(TestCaseExecutor.java:256)
	at com.kms.katalon.core.main.TestCaseExecutor.execute(TestCaseExecutor.java:200)
	at com.kms.katalon.core.main.TestCaseMain.runTestCase(TestCaseMain.java:99)
	at com.kms.katalon.core.keyword.builtin.CallTestCaseKeyword$_callTestCase_closure1.doCall(CallTestCaseKeyword.groovy:60)
	at com.kms.katalon.core.keyword.builtin.CallTestCaseKeyword$_callTestCase_closure1.call(CallTestCaseKeyword.groovy)
	at com.kms.katalon.core.keyword.internal.KeywordMain.runKeyword(KeywordMain.groovy:54)
	at com.kms.katalon.core.keyword.builtin.CallTestCaseKeyword.callTestCase(CallTestCaseKeyword.groovy:81)
	at com.kms.katalon.core.keyword.builtin.CallTestCaseKeyword.execute(CallTestCaseKeyword.groovy:45)
	at com.kms.katalon.core.keyword.internal.KeywordExecutor.executeKeywordForPlatform(KeywordExecutor.groovy:53)
	at com.kms.katalon.core.keyword.BuiltinKeywords.callTestCase(BuiltinKeywords.groovy:334)
	at sun.reflect.GeneratedMethodAccessor13.invoke(Unknown Source)
	at sun.reflect.DelegatingMethodAccessorImpl.invoke(DelegatingMethodAccessorImpl.java:43)
	at java.lang.reflect.Method.invoke(Method.java:498)
	at org.codehaus.groovy.reflection.CachedMethod.invoke(CachedMethod.java:93)
	at groovy.lang.MetaMethod.doMethodInvoke(MetaMethod.java:325)
	at groovy.lang.MetaClassImpl.invokeStaticMethod(MetaClassImpl.java:1469)
	at org.codehaus.groovy.runtime.callsite.StaticMetaClassSite.call(StaticMetaClassSite.java:53)
	at org.codehaus.groovy.runtime.callsite.CallSiteArray.defaultCall(CallSiteArray.java:48)
	at org.codehaus.groovy.runtime.callsite.AbstractCallSite.call(AbstractCallSite.java:113)
	at org.codehaus.groovy.runtime.callsite.AbstractCallSite.call(AbstractCallSite.java:141)
	at Script1536137459454.run(Script1536137459454.groovy:34)
	at com.kms.katalon.core.main.ScriptEngine.run(ScriptEngine.java:183)
	at com.kms.katalon.core.main.ScriptEngine.runScriptAsRawText(ScriptEngine.java:108)
	at com.kms.katalon.core.main.TestCaseExecutor.runScript(TestCaseExecutor.java:294)
	at com.kms.katalon.core.main.TestCaseExecutor.doExecute(TestCaseExecutor.java:285)
	at com.kms.katalon.core.main.TestCaseExecutor.processExecutionPhase(TestCaseExecutor.java:264)
	at com.kms.katalon.core.main.TestCaseExecutor.accessMainPhase(TestCaseExecutor.java:256)
	at com.kms.katalon.core.main.TestCaseExecutor.execute(TestCaseExecutor.java:200)
	at com.kms.katalon.core.main.TestCaseMain.runTestCase(TestCaseMain.java:99)
	at com.kms.katalon.core.keyword.builtin.CallTestCaseKeyword$_callTestCase_closure1.doCall(CallTestCaseKeyword.groovy:60)
	at com.kms.katalon.core.keyword.builtin.CallTestCaseKeyword$_callTestCase_closure1.call(CallTestCaseKeyword.groovy)
	at com.kms.katalon.core.keyword.internal.KeywordMain.runKeyword(KeywordMain.groovy:54)
	at com.kms.katalon.core.keyword.builtin.CallTestCaseKeyword.callTestCase(CallTestCaseKeyword.groovy:81)
	at com.kms.katalon.core.keyword.builtin.CallTestCaseKeyword.execute(CallTestCaseKeyword.groovy:45)
	at com.kms.katalon.core.keyword.internal.KeywordExecutor.executeKeywordForPlatform(KeywordExecutor.groovy:53)
	at com.kms.katalon.core.keyword.BuiltinKeywords.callTestCase(BuiltinKeywords.groovy:334)
	at sun.reflect.GeneratedMethodAccessor13.invoke(Unknown Source)
	at sun.reflect.DelegatingMethodAccessorImpl.invoke(DelegatingMethodAccessorImpl.java:43)
	at java.lang.reflect.Method.invoke(Method.java:498)
	at org.codehaus.groovy.reflection.CachedMethod.invoke(CachedMethod.java:93)
	at groovy.lang.MetaMethod.doMethodInvoke(MetaMethod.java:325)
	at groovy.lang.MetaClassImpl.invokeStaticMethod(MetaClassImpl.java:1469)
	at org.codehaus.groovy.runtime.callsite.StaticMetaClassSite.call(StaticMetaClassSite.java:53)
	at org.codehaus.groovy.runtime.callsite.CallSiteArray.defaultCall(CallSiteArray.java:48)
	at org.codehaus.groovy.runtime.callsite.AbstractCallSite.call(AbstractCallSite.java:113)
	at org.codehaus.groovy.runtime.callsite.AbstractCallSite.call(AbstractCallSite.java:141)
	at Script1536137547619.run(Script1536137547619.groovy:25)
	at com.kms.katalon.core.main.ScriptEngine.run(ScriptEngine.java:183)
	at com.kms.katalon.core.main.ScriptEngine.runScriptAsRawText(ScriptEngine.java:108)
	at com.kms.katalon.core.main.TestCaseExecutor.runScript(TestCaseExecutor.java:294)
	at com.kms.katalon.core.main.TestCaseExecutor.doExecute(TestCaseExecutor.java:285)
	at com.kms.katalon.core.main.TestCaseExecutor.processExecutionPhase(TestCaseExecutor.java:264)
	at com.kms.katalon.core.main.TestCaseExecutor.accessMainPhase(TestCaseExecutor.java:256)
	at com.kms.katalon.core.main.TestCaseExecutor.execute(TestCaseExecutor.java:200)
	at com.kms.katalon.core.main.TestSuiteExecutor.accessTestCaseMainPhase(TestSuiteExecutor.java:129)
	at com.kms.katalon.core.main.TestSuiteExecutor.accessTestSuiteMainPhase(TestSuiteExecutor.java:112)
	at com.kms.katalon.core.main.TestSuiteExecutor.execute(TestSuiteExecutor.java:81)
	at com.kms.katalon.core.main.TestCaseMain.startTestSuite(TestCaseMain.java:142)
	at com.kms.katalon.core.main.TestCaseMain$startTestSuite$0.call(Unknown Source)
	at org.codehaus.groovy.runtime.callsite.CallSiteArray.defaultCall(CallSiteArray.java:48)
	at org.codehaus.groovy.runtime.callsite.AbstractCallSite.call(AbstractCallSite.java:113)
	at org.codehaus.groovy.runtime.callsite.AbstractCallSite.call(AbstractCallSite.java:141)
	at TempTestSuite1539913255508.run(TempTestSuite1539913255508.groovy:36)
	at groovy.lang.GroovyShell.runScriptOrMainOrTestOrRunnable(GroovyShell.java:263)
	at groovy.lang.GroovyShell.run(GroovyShell.java:518)
	at groovy.lang.GroovyShell.run(GroovyShell.java:507)
	at groovy.ui.GroovyMain.processOnce(GroovyMain.java:653)
	at groovy.ui.GroovyMain.run(GroovyMain.java:384)
	at groovy.ui.GroovyMain.process(GroovyMain.java:370)
	at groovy.ui.GroovyMain.processArgs(GroovyMain.java:129)
	at groovy.ui.GroovyMain.main(GroovyMain.java:109)
	at sun.reflect.NativeMethodAccessorImpl.invoke0(Native Method)
	at sun.reflect.NativeMethodAccessorImpl.invoke(NativeMethodAccessorImpl.java:62)
	at sun.reflect.DelegatingMethodAccessorImpl.invoke(DelegatingMethodAccessorImpl.java:43)
	at java.lang.reflect.Method.invoke(Method.java:498)
	at org.codehaus.groovy.tools.GroovyStarter.rootLoader(GroovyStarter.java:109)
	at org.codehaus.groovy.tools.GroovyStarter.main(GroovyStarter.java:131)
)]]></system-err>
      </testcase>
      <testcase name="Test Cases/Final Aug 2018 - PKS Automation/Registration Module/Workflow/Form 1A - Cessation As Employer/OTC to UO (Query)" classname="Test Cases/Final Aug 2018 - PKS Automation/Registration Module/Workflow/Form 1A - Cessation As Employer/OTC to UO (Query)" status="FAILED">
         <failure type="FAILED" message="(Stack trace: com.kms.katalon.core.exception.StepFailedException: Unable to click on object 'Object Repository/Final Object Repo/Landing Page/Select to Workflow Listing' (Root cause: org.openqa.selenium.ElementNotVisibleException: element not visible
  (Session info: chrome=69.0.3497.100)
  (Driver info: chromedriver=2.35.528161 (5b82f2d2aae0ca24b877009200ced9065a772e73),platform=Windows NT 6.1.7601 SP1 x86_64) (WARNING: The server did not provide any stacktrace information)
Command duration or timeout: 0 milliseconds
Build info: version: '3.7.1', revision: '8a0099a', time: '2017-11-06T21:07:36.161Z'
System info: host: 'WEIZHENG', ip: '192.168.137.1', os.name: 'Windows 7', os.arch: 'amd64', os.version: '6.1', java.version: '1.8.0_181'
Driver info: com.kms.katalon.selenium.driver.CChromeDriver
Capabilities {acceptInsecureCerts: false, acceptSslCerts: false, applicationCacheEnabled: false, browserConnectionEnabled: false, browserName: chrome, chrome: {chromedriverVersion: 2.35.528161 (5b82f2d2aae0ca..., userDataDir: C:\Users\WEIZHE~1\AppData\L...}, cssSelectorsEnabled: true, databaseEnabled: false, handlesAlerts: true, hasTouchScreen: false, javascriptEnabled: true, locationContextEnabled: true, mobileEmulationEnabled: false, nativeEvents: true, networkConnectionEnabled: false, pageLoadStrategy: normal, platform: XP, platformName: XP, rotatable: false, setWindowRect: true, takesHeapSnapshot: true, takesScreenshot: true, unexpectedAlertBehaviour: , unhandledPromptBehavior: , version: 69.0.3497.100, webStorageEnabled: true}
Session ID: 7efe2daddd310eda4c2d9c7e788df114)
	at com.kms.katalon.core.keyword.internal.KeywordMain.stepFailed(KeywordMain.groovy:32)
	at com.kms.katalon.core.webui.keyword.internal.WebUIKeywordMain.stepFailed(WebUIKeywordMain.groovy:65)
	at com.kms.katalon.core.webui.keyword.internal.WebUIKeywordMain.runKeyword(WebUIKeywordMain.groovy:27)
	at com.kms.katalon.core.webui.keyword.builtin.ClickKeyword.click(ClickKeyword.groovy:86)
	at com.kms.katalon.core.webui.keyword.builtin.ClickKeyword.execute(ClickKeyword.groovy:67)
	at com.kms.katalon.core.keyword.internal.KeywordExecutor.executeKeywordForPlatform(KeywordExecutor.groovy:53)
	at com.kms.katalon.core.webui.keyword.WebUiBuiltInKeywords.click(WebUiBuiltInKeywords.groovy:616)
	at com.kms.katalon.core.webui.keyword.WebUiBuiltInKeywords$click$2.call(Unknown Source)
	at Script1534407542420.run(Script1534407542420.groovy:73)
	at com.kms.katalon.core.main.ScriptEngine.run(ScriptEngine.java:183)
	at com.kms.katalon.core.main.ScriptEngine.runScriptAsRawText(ScriptEngine.java:108)
	at com.kms.katalon.core.main.TestCaseExecutor.runScript(TestCaseExecutor.java:294)
	at com.kms.katalon.core.main.TestCaseExecutor.doExecute(TestCaseExecutor.java:285)
	at com.kms.katalon.core.main.TestCaseExecutor.processExecutionPhase(TestCaseExecutor.java:264)
	at com.kms.katalon.core.main.TestCaseExecutor.accessMainPhase(TestCaseExecutor.java:256)
	at com.kms.katalon.core.main.TestCaseExecutor.execute(TestCaseExecutor.java:200)
	at com.kms.katalon.core.main.TestCaseMain.runTestCase(TestCaseMain.java:99)
	at com.kms.katalon.core.keyword.builtin.CallTestCaseKeyword$_callTestCase_closure1.doCall(CallTestCaseKeyword.groovy:60)
	at com.kms.katalon.core.keyword.builtin.CallTestCaseKeyword$_callTestCase_closure1.call(CallTestCaseKeyword.groovy)
	at com.kms.katalon.core.keyword.internal.KeywordMain.runKeyword(KeywordMain.groovy:54)
	at com.kms.katalon.core.keyword.builtin.CallTestCaseKeyword.callTestCase(CallTestCaseKeyword.groovy:81)
	at com.kms.katalon.core.keyword.builtin.CallTestCaseKeyword.execute(CallTestCaseKeyword.groovy:45)
	at com.kms.katalon.core.keyword.internal.KeywordExecutor.executeKeywordForPlatform(KeywordExecutor.groovy:53)
	at com.kms.katalon.core.keyword.BuiltinKeywords.callTestCase(BuiltinKeywords.groovy:334)
	at sun.reflect.GeneratedMethodAccessor13.invoke(Unknown Source)
	at sun.reflect.DelegatingMethodAccessorImpl.invoke(DelegatingMethodAccessorImpl.java:43)
	at java.lang.reflect.Method.invoke(Method.java:498)
	at org.codehaus.groovy.reflection.CachedMethod.invoke(CachedMethod.java:93)
	at groovy.lang.MetaMethod.doMethodInvoke(MetaMethod.java:325)
	at groovy.lang.MetaClassImpl.invokeStaticMethod(MetaClassImpl.java:1469)
	at org.codehaus.groovy.runtime.callsite.StaticMetaClassSite.call(StaticMetaClassSite.java:53)
	at org.codehaus.groovy.runtime.callsite.CallSiteArray.defaultCall(CallSiteArray.java:48)
	at org.codehaus.groovy.runtime.callsite.AbstractCallSite.call(AbstractCallSite.java:113)
	at org.codehaus.groovy.runtime.callsite.AbstractCallSite.call(AbstractCallSite.java:141)
	at Script1535963377509.run(Script1535963377509.groovy:33)
	at com.kms.katalon.core.main.ScriptEngine.run(ScriptEngine.java:183)
	at com.kms.katalon.core.main.ScriptEngine.runScriptAsRawText(ScriptEngine.java:108)
	at com.kms.katalon.core.main.TestCaseExecutor.runScript(TestCaseExecutor.java:294)
	at com.kms.katalon.core.main.TestCaseExecutor.doExecute(TestCaseExecutor.java:285)
	at com.kms.katalon.core.main.TestCaseExecutor.processExecutionPhase(TestCaseExecutor.java:264)
	at com.kms.katalon.core.main.TestCaseExecutor.accessMainPhase(TestCaseExecutor.java:256)
	at com.kms.katalon.core.main.TestCaseExecutor.execute(TestCaseExecutor.java:200)
	at com.kms.katalon.core.main.TestCaseMain.runTestCase(TestCaseMain.java:99)
	at com.kms.katalon.core.keyword.builtin.CallTestCaseKeyword$_callTestCase_closure1.doCall(CallTestCaseKeyword.groovy:60)
	at com.kms.katalon.core.keyword.builtin.CallTestCaseKeyword$_callTestCase_closure1.call(CallTestCaseKeyword.groovy)
	at com.kms.katalon.core.keyword.internal.KeywordMain.runKeyword(KeywordMain.groovy:54)
	at com.kms.katalon.core.keyword.builtin.CallTestCaseKeyword.callTestCase(CallTestCaseKeyword.groovy:81)
	at com.kms.katalon.core.keyword.builtin.CallTestCaseKeyword.execute(CallTestCaseKeyword.groovy:45)
	at com.kms.katalon.core.keyword.internal.KeywordExecutor.executeKeywordForPlatform(KeywordExecutor.groovy:53)
	at com.kms.katalon.core.keyword.BuiltinKeywords.callTestCase(BuiltinKeywords.groovy:334)
	at sun.reflect.GeneratedMethodAccessor13.invoke(Unknown Source)
	at sun.reflect.DelegatingMethodAccessorImpl.invoke(DelegatingMethodAccessorImpl.java:43)
	at java.lang.reflect.Method.invoke(Method.java:498)
	at org.codehaus.groovy.reflection.CachedMethod.invoke(CachedMethod.java:93)
	at groovy.lang.MetaMethod.doMethodInvoke(MetaMethod.java:325)
	at groovy.lang.MetaClassImpl.invokeStaticMethod(MetaClassImpl.java:1469)
	at org.codehaus.groovy.runtime.callsite.StaticMetaClassSite.call(StaticMetaClassSite.java:53)
	at org.codehaus.groovy.runtime.callsite.CallSiteArray.defaultCall(CallSiteArray.java:48)
	at org.codehaus.groovy.runtime.callsite.AbstractCallSite.call(AbstractCallSite.java:113)
	at org.codehaus.groovy.runtime.callsite.AbstractCallSite.call(AbstractCallSite.java:141)
	at Script1536137820751.run(Script1536137820751.groovy:25)
	at com.kms.katalon.core.main.ScriptEngine.run(ScriptEngine.java:183)
	at com.kms.katalon.core.main.ScriptEngine.runScriptAsRawText(ScriptEngine.java:108)
	at com.kms.katalon.core.main.TestCaseExecutor.runScript(TestCaseExecutor.java:294)
	at com.kms.katalon.core.main.TestCaseExecutor.doExecute(TestCaseExecutor.java:285)
	at com.kms.katalon.core.main.TestCaseExecutor.processExecutionPhase(TestCaseExecutor.java:264)
	at com.kms.katalon.core.main.TestCaseExecutor.accessMainPhase(TestCaseExecutor.java:256)
	at com.kms.katalon.core.main.TestCaseExecutor.execute(TestCaseExecutor.java:200)
	at com.kms.katalon.core.main.TestSuiteExecutor.accessTestCaseMainPhase(TestSuiteExecutor.java:129)
	at com.kms.katalon.core.main.TestSuiteExecutor.accessTestSuiteMainPhase(TestSuiteExecutor.java:112)
	at com.kms.katalon.core.main.TestSuiteExecutor.execute(TestSuiteExecutor.java:81)
	at com.kms.katalon.core.main.TestCaseMain.startTestSuite(TestCaseMain.java:142)
	at com.kms.katalon.core.main.TestCaseMain$startTestSuite$0.call(Unknown Source)
	at org.codehaus.groovy.runtime.callsite.CallSiteArray.defaultCall(CallSiteArray.java:48)
	at org.codehaus.groovy.runtime.callsite.AbstractCallSite.call(AbstractCallSite.java:113)
	at org.codehaus.groovy.runtime.callsite.AbstractCallSite.call(AbstractCallSite.java:141)
	at TempTestSuite1539913255508.run(TempTestSuite1539913255508.groovy:36)
	at groovy.lang.GroovyShell.runScriptOrMainOrTestOrRunnable(GroovyShell.java:263)
	at groovy.lang.GroovyShell.run(GroovyShell.java:518)
	at groovy.lang.GroovyShell.run(GroovyShell.java:507)
	at groovy.ui.GroovyMain.processOnce(GroovyMain.java:653)
	at groovy.ui.GroovyMain.run(GroovyMain.java:384)
	at groovy.ui.GroovyMain.process(GroovyMain.java:370)
	at groovy.ui.GroovyMain.processArgs(GroovyMain.java:129)
	at groovy.ui.GroovyMain.main(GroovyMain.java:109)
	at sun.reflect.NativeMethodAccessorImpl.invoke0(Native Method)
	at sun.reflect.NativeMethodAccessorImpl.invoke(NativeMethodAccessorImpl.java:62)
	at sun.reflect.DelegatingMethodAccessorImpl.invoke(DelegatingMethodAccessorImpl.java:43)
	at java.lang.reflect.Method.invoke(Method.java:498)
	at org.codehaus.groovy.tools.GroovyStarter.rootLoader(GroovyStarter.java:109)
	at org.codehaus.groovy.tools.GroovyStarter.main(GroovyStarter.java:131)
)"/>
         <system-out><![CDATA[2018-10-19 12:13:12 - [TEST_CASE][FAILED] - Test Cases/Final Aug 2018 - PKS Automation/Registration Module/Workflow/Form 1A - Cessation As Employer/OTC to UO (Query): Test Cases/Final Aug 2018 - PKS Automation/Registration Module/Workflow/Form 1A - Cessation As Employer/OTC to UO (Query) FAILED because (of) (Stack trace: com.kms.katalon.core.exception.StepFailedException: Unable to click on object 'Object Repository/Final Object Repo/Landing Page/Select to Workflow Listing' (Root cause: org.openqa.selenium.ElementNotVisibleException: element not visible
  (Session info: chrome=69.0.3497.100)
  (Driver info: chromedriver=2.35.528161 (5b82f2d2aae0ca24b877009200ced9065a772e73),platform=Windows NT 6.1.7601 SP1 x86_64) (WARNING: The server did not provide any stacktrace information)
Command duration or timeout: 0 milliseconds
Build info: version: '3.7.1', revision: '8a0099a', time: '2017-11-06T21:07:36.161Z'
System info: host: 'WEIZHENG', ip: '192.168.137.1', os.name: 'Windows 7', os.arch: 'amd64', os.version: '6.1', java.version: '1.8.0_181'
Driver info: com.kms.katalon.selenium.driver.CChromeDriver
Capabilities {acceptInsecureCerts: false, acceptSslCerts: false, applicationCacheEnabled: false, browserConnectionEnabled: false, browserName: chrome, chrome: {chromedriverVersion: 2.35.528161 (5b82f2d2aae0ca..., userDataDir: C:\Users\WEIZHE~1\AppData\L...}, cssSelectorsEnabled: true, databaseEnabled: false, handlesAlerts: true, hasTouchScreen: false, javascriptEnabled: true, locationContextEnabled: true, mobileEmulationEnabled: false, nativeEvents: true, networkConnectionEnabled: false, pageLoadStrategy: normal, platform: XP, platformName: XP, rotatable: false, setWindowRect: true, takesHeapSnapshot: true, takesScreenshot: true, unexpectedAlertBehaviour: , unhandledPromptBehavior: , version: 69.0.3497.100, webStorageEnabled: true}
Session ID: 7efe2daddd310eda4c2d9c7e788df114)
	at com.kms.katalon.core.keyword.internal.KeywordMain.stepFailed(KeywordMain.groovy:32)
	at com.kms.katalon.core.webui.keyword.internal.WebUIKeywordMain.stepFailed(WebUIKeywordMain.groovy:65)
	at com.kms.katalon.core.webui.keyword.internal.WebUIKeywordMain.runKeyword(WebUIKeywordMain.groovy:27)
	at com.kms.katalon.core.webui.keyword.builtin.ClickKeyword.click(ClickKeyword.groovy:86)
	at com.kms.katalon.core.webui.keyword.builtin.ClickKeyword.execute(ClickKeyword.groovy:67)
	at com.kms.katalon.core.keyword.internal.KeywordExecutor.executeKeywordForPlatform(KeywordExecutor.groovy:53)
	at com.kms.katalon.core.webui.keyword.WebUiBuiltInKeywords.click(WebUiBuiltInKeywords.groovy:616)
	at com.kms.katalon.core.webui.keyword.WebUiBuiltInKeywords$click$2.call(Unknown Source)
	at Script1534407542420.run(Script1534407542420.groovy:73)
	at com.kms.katalon.core.main.ScriptEngine.run(ScriptEngine.java:183)
	at com.kms.katalon.core.main.ScriptEngine.runScriptAsRawText(ScriptEngine.java:108)
	at com.kms.katalon.core.main.TestCaseExecutor.runScript(TestCaseExecutor.java:294)
	at com.kms.katalon.core.main.TestCaseExecutor.doExecute(TestCaseExecutor.java:285)
	at com.kms.katalon.core.main.TestCaseExecutor.processExecutionPhase(TestCaseExecutor.java:264)
	at com.kms.katalon.core.main.TestCaseExecutor.accessMainPhase(TestCaseExecutor.java:256)
	at com.kms.katalon.core.main.TestCaseExecutor.execute(TestCaseExecutor.java:200)
	at com.kms.katalon.core.main.TestCaseMain.runTestCase(TestCaseMain.java:99)
	at com.kms.katalon.core.keyword.builtin.CallTestCaseKeyword$_callTestCase_closure1.doCall(CallTestCaseKeyword.groovy:60)
	at com.kms.katalon.core.keyword.builtin.CallTestCaseKeyword$_callTestCase_closure1.call(CallTestCaseKeyword.groovy)
	at com.kms.katalon.core.keyword.internal.KeywordMain.runKeyword(KeywordMain.groovy:54)
	at com.kms.katalon.core.keyword.builtin.CallTestCaseKeyword.callTestCase(CallTestCaseKeyword.groovy:81)
	at com.kms.katalon.core.keyword.builtin.CallTestCaseKeyword.execute(CallTestCaseKeyword.groovy:45)
	at com.kms.katalon.core.keyword.internal.KeywordExecutor.executeKeywordForPlatform(KeywordExecutor.groovy:53)
	at com.kms.katalon.core.keyword.BuiltinKeywords.callTestCase(BuiltinKeywords.groovy:334)
	at sun.reflect.GeneratedMethodAccessor13.invoke(Unknown Source)
	at sun.reflect.DelegatingMethodAccessorImpl.invoke(DelegatingMethodAccessorImpl.java:43)
	at java.lang.reflect.Method.invoke(Method.java:498)
	at org.codehaus.groovy.reflection.CachedMethod.invoke(CachedMethod.java:93)
	at groovy.lang.MetaMethod.doMethodInvoke(MetaMethod.java:325)
	at groovy.lang.MetaClassImpl.invokeStaticMethod(MetaClassImpl.java:1469)
	at org.codehaus.groovy.runtime.callsite.StaticMetaClassSite.call(StaticMetaClassSite.java:53)
	at org.codehaus.groovy.runtime.callsite.CallSiteArray.defaultCall(CallSiteArray.java:48)
	at org.codehaus.groovy.runtime.callsite.AbstractCallSite.call(AbstractCallSite.java:113)
	at org.codehaus.groovy.runtime.callsite.AbstractCallSite.call(AbstractCallSite.java:141)
	at Script1535963377509.run(Script1535963377509.groovy:33)
	at com.kms.katalon.core.main.ScriptEngine.run(ScriptEngine.java:183)
	at com.kms.katalon.core.main.ScriptEngine.runScriptAsRawText(ScriptEngine.java:108)
	at com.kms.katalon.core.main.TestCaseExecutor.runScript(TestCaseExecutor.java:294)
	at com.kms.katalon.core.main.TestCaseExecutor.doExecute(TestCaseExecutor.java:285)
	at com.kms.katalon.core.main.TestCaseExecutor.processExecutionPhase(TestCaseExecutor.java:264)
	at com.kms.katalon.core.main.TestCaseExecutor.accessMainPhase(TestCaseExecutor.java:256)
	at com.kms.katalon.core.main.TestCaseExecutor.execute(TestCaseExecutor.java:200)
	at com.kms.katalon.core.main.TestCaseMain.runTestCase(TestCaseMain.java:99)
	at com.kms.katalon.core.keyword.builtin.CallTestCaseKeyword$_callTestCase_closure1.doCall(CallTestCaseKeyword.groovy:60)
	at com.kms.katalon.core.keyword.builtin.CallTestCaseKeyword$_callTestCase_closure1.call(CallTestCaseKeyword.groovy)
	at com.kms.katalon.core.keyword.internal.KeywordMain.runKeyword(KeywordMain.groovy:54)
	at com.kms.katalon.core.keyword.builtin.CallTestCaseKeyword.callTestCase(CallTestCaseKeyword.groovy:81)
	at com.kms.katalon.core.keyword.builtin.CallTestCaseKeyword.execute(CallTestCaseKeyword.groovy:45)
	at com.kms.katalon.core.keyword.internal.KeywordExecutor.executeKeywordForPlatform(KeywordExecutor.groovy:53)
	at com.kms.katalon.core.keyword.BuiltinKeywords.callTestCase(BuiltinKeywords.groovy:334)
	at sun.reflect.GeneratedMethodAccessor13.invoke(Unknown Source)
	at sun.reflect.DelegatingMethodAccessorImpl.invoke(DelegatingMethodAccessorImpl.java:43)
	at java.lang.reflect.Method.invoke(Method.java:498)
	at org.codehaus.groovy.reflection.CachedMethod.invoke(CachedMethod.java:93)
	at groovy.lang.MetaMethod.doMethodInvoke(MetaMethod.java:325)
	at groovy.lang.MetaClassImpl.invokeStaticMethod(MetaClassImpl.java:1469)
	at org.codehaus.groovy.runtime.callsite.StaticMetaClassSite.call(StaticMetaClassSite.java:53)
	at org.codehaus.groovy.runtime.callsite.CallSiteArray.defaultCall(CallSiteArray.java:48)
	at org.codehaus.groovy.runtime.callsite.AbstractCallSite.call(AbstractCallSite.java:113)
	at org.codehaus.groovy.runtime.callsite.AbstractCallSite.call(AbstractCallSite.java:141)
	at Script1536137820751.run(Script1536137820751.groovy:25)
	at com.kms.katalon.core.main.ScriptEngine.run(ScriptEngine.java:183)
	at com.kms.katalon.core.main.ScriptEngine.runScriptAsRawText(ScriptEngine.java:108)
	at com.kms.katalon.core.main.TestCaseExecutor.runScript(TestCaseExecutor.java:294)
	at com.kms.katalon.core.main.TestCaseExecutor.doExecute(TestCaseExecutor.java:285)
	at com.kms.katalon.core.main.TestCaseExecutor.processExecutionPhase(TestCaseExecutor.java:264)
	at com.kms.katalon.core.main.TestCaseExecutor.accessMainPhase(TestCaseExecutor.java:256)
	at com.kms.katalon.core.main.TestCaseExecutor.execute(TestCaseExecutor.java:200)
	at com.kms.katalon.core.main.TestSuiteExecutor.accessTestCaseMainPhase(TestSuiteExecutor.java:129)
	at com.kms.katalon.core.main.TestSuiteExecutor.accessTestSuiteMainPhase(TestSuiteExecutor.java:112)
	at com.kms.katalon.core.main.TestSuiteExecutor.execute(TestSuiteExecutor.java:81)
	at com.kms.katalon.core.main.TestCaseMain.startTestSuite(TestCaseMain.java:142)
	at com.kms.katalon.core.main.TestCaseMain$startTestSuite$0.call(Unknown Source)
	at org.codehaus.groovy.runtime.callsite.CallSiteArray.defaultCall(CallSiteArray.java:48)
	at org.codehaus.groovy.runtime.callsite.AbstractCallSite.call(AbstractCallSite.java:113)
	at org.codehaus.groovy.runtime.callsite.AbstractCallSite.call(AbstractCallSite.java:141)
	at TempTestSuite1539913255508.run(TempTestSuite1539913255508.groovy:36)
	at groovy.lang.GroovyShell.runScriptOrMainOrTestOrRunnable(GroovyShell.java:263)
	at groovy.lang.GroovyShell.run(GroovyShell.java:518)
	at groovy.lang.GroovyShell.run(GroovyShell.java:507)
	at groovy.ui.GroovyMain.processOnce(GroovyMain.java:653)
	at groovy.ui.GroovyMain.run(GroovyMain.java:384)
	at groovy.ui.GroovyMain.process(GroovyMain.java:370)
	at groovy.ui.GroovyMain.processArgs(GroovyMain.java:129)
	at groovy.ui.GroovyMain.main(GroovyMain.java:109)
	at sun.reflect.NativeMethodAccessorImpl.invoke0(Native Method)
	at sun.reflect.NativeMethodAccessorImpl.invoke(NativeMethodAccessorImpl.java:62)
	at sun.reflect.DelegatingMethodAccessorImpl.invoke(DelegatingMethodAccessorImpl.java:43)
	at java.lang.reflect.Method.invoke(Method.java:498)
	at org.codehaus.groovy.tools.GroovyStarter.rootLoader(GroovyStarter.java:109)
	at org.codehaus.groovy.tools.GroovyStarter.main(GroovyStarter.java:131)
)

2018-10-19 12:13:12 - [TEST_STEP][PASSED] - callTestCase: Call Test Case 'Test Cases/Final Aug 2018 - PKS Automation/Registration Module/Workflow/Form 1A - Cessation As Employer/Template/Form 1 A - Cessation As Employer (OTC)' successfully

2018-10-19 12:13:13 - [TEST_CASE][PASSED] - Test Cases/Final Aug 2018 - PKS Automation/Registration Module/Workflow/Form 1A - Cessation As Employer/Template/Form 1 A - Cessation As Employer (OTC): Test Cases/Final Aug 2018 - PKS Automation/Registration Module/Workflow/Form 1A - Cessation As Employer/Template/Form 1 A - Cessation As Employer (OTC)

2018-10-19 12:13:13 - [TEST_STEP][PASSED] - openBrowser: Browser is opened with url: ''

2018-10-19 12:13:13 - [MESSAGE][WARNING] - A browser is already opened. Closing browser and opening a new one

2018-10-19 12:13:16 - [MESSAGE][PASSED] - Browser is opened with url: ''

2018-10-19 12:13:16 - [TEST_STEP][PASSED] - navigateToUrl: Navigate to 'https://assist2-uat.perkeso.gov.my/login' successfully

2018-10-19 12:13:18 - [MESSAGE][PASSED] - Navigate to 'https://assist2-uat.perkeso.gov.my/login' successfully

2018-10-19 12:13:18 - [TEST_STEP][PASSED] - setText: Text 'johorotc1@gmail.com' is set on object 'Object Repository/Final Object Repo/Login Page/Internal User/Email Address'

2018-10-19 12:13:18 - [MESSAGE][PASSED] - Text 'johorotc1@gmail.com' is set on object 'Object Repository/Final Object Repo/Login Page/Internal User/Email Address'

2018-10-19 12:13:18 - [TEST_STEP][PASSED] - click: Object: 'Object Repository/Final Object Repo/Login Page/Internal User/Next Button' is clicked on

2018-10-19 12:13:19 - [MESSAGE][PASSED] - Object: 'Object Repository/Final Object Repo/Login Page/Internal User/Next Button' is clicked on

2018-10-19 12:13:19 - [TEST_STEP][PASSED] - delay: Delayed 1 second(s)

2018-10-19 12:13:20 - [MESSAGE][PASSED] - Delayed 1 second(s)

2018-10-19 12:13:20 - [TEST_STEP][PASSED] - setEncryptedText: Text ****** has been set on object 'Object Repository/Final Object Repo/Login Page/Internal User/Password'

2018-10-19 12:13:20 - [MESSAGE][PASSED] - Text ****** has been set on object 'Object Repository/Final Object Repo/Login Page/Internal User/Password'

2018-10-19 12:13:20 - [TEST_STEP][PASSED] - click: Object: 'Object Repository/Final Object Repo/Login Page/Internal User/Login Button' is clicked on

2018-10-19 12:13:20 - [MESSAGE][PASSED] - Object: 'Object Repository/Final Object Repo/Login Page/Internal User/Login Button' is clicked on

2018-10-19 12:13:20 - [TEST_STEP][PASSED] - delay: Delayed 1 second(s)

2018-10-19 12:13:21 - [MESSAGE][PASSED] - Delayed 1 second(s)

2018-10-19 12:13:21 - [TEST_STEP][PASSED] - Statement - Try: Delayed 2 second(s)

2018-10-19 12:13:21 - [TEST_STEP][PASSED] - Statement - Checker = false: null

2018-10-19 12:13:21 - [TEST_STEP][PASSED] - Statement - Checker = com.kms.katalon.core.webui.keyword.WebUiBuiltInKeywords.verifyElementHasAttribute(com.kms.katalon.core.testobject.ObjectRepository.findTestObject(Final Object Repo/Landing Page/BM Detecting), "href", 20, OPTIONAL): Object 'Object Repository/Final Object Repo/Landing Page/BM Detecting' has attribute 'href'

2018-10-19 12:13:24 - [MESSAGE][PASSED] - Object 'Object Repository/Final Object Repo/Landing Page/BM Detecting' has attribute 'href'

2018-10-19 12:13:24 - [TEST_STEP][PASSED] - Statement - out.println(Checker): null

2018-10-19 12:13:24 - [TEST_STEP][PASSED] - Statement - If (Checker == false): null

2018-10-19 12:13:24 - [TEST_STEP][PASSED] - Statement - Else: null

2018-10-19 12:13:24 - [TEST_STEP][PASSED] - delay: Delayed 2 second(s)

2018-10-19 12:13:26 - [MESSAGE][PASSED] - Delayed 2 second(s)

2018-10-19 12:13:26 - [TEST_STEP][PASSED] - navigateToUrl: Navigate to 'https://assist2-uat.perkeso.gov.my/web/registration/update/form-1a-cessation-as-employer-discontinue-business-' successfully

2018-10-19 12:13:27 - [MESSAGE][PASSED] - Navigate to 'https://assist2-uat.perkeso.gov.my/web/registration/update/form-1a-cessation-as-employer-discontinue-business-' successfully

2018-10-19 12:13:27 - [TEST_STEP][PASSED] - setText: Text 'E1102069770Z' is set on object 'Object Repository/Final Object Repo/Page_Update Employer Information/Employer Code'

2018-10-19 12:13:27 - [MESSAGE][PASSED] - Text 'E1102069770Z' is set on object 'Object Repository/Final Object Repo/Page_Update Employer Information/Employer Code'

2018-10-19 12:13:27 - [TEST_STEP][PASSED] - click: Object: 'Object Repository/Final Object Repo/Page_Update Employer Information/Search Button' is clicked on

2018-10-19 12:13:28 - [MESSAGE][PASSED] - Object: 'Object Repository/Final Object Repo/Page_Update Employer Information/Search Button' is clicked on

2018-10-19 12:13:28 - [TEST_STEP][PASSED] - click: Object: 'Object Repository/Final Object Repo/Page_Update Employer Information/Edit Button' is clicked on

2018-10-19 12:13:30 - [MESSAGE][PASSED] - Object: 'Object Repository/Final Object Repo/Page_Update Employer Information/Edit Button' is clicked on

2018-10-19 12:13:30 - [TEST_STEP][PASSED] - Statement - abc = com.kms.katalon.core.webui.keyword.WebUiBuiltInKeywords.getAttribute(com.kms.katalon.core.testobject.ObjectRepository.findTestObject(Final Object Repo/Page_Form 1A - Cessation As Employer/Employer Status), "value"): Attribute 'value' of object 'Object Repository/Final Object Repo/Page_Form 1A - Cessation As Employer/Employer Status' is: 'Dormant'

2018-10-19 12:13:30 - [MESSAGE][PASSED] - Attribute 'value' of object 'Object Repository/Final Object Repo/Page_Form 1A - Cessation As Employer/Employer Status' is: 'Dormant'

2018-10-19 12:13:30 - [TEST_STEP][PASSED] - Statement - out.println(abc): null

2018-10-19 12:13:30 - [TEST_STEP][PASSED] - Statement - If (abc == "Active"): null

2018-10-19 12:13:30 - [TEST_STEP][PASSED] - Statement - Else If (abc == "Cancel"): null

2018-10-19 12:13:30 - [TEST_STEP][PASSED] - Statement - Else If (abc == "Dormant"): Object: 'Object Repository/Final Object Repo/Page_Form 1A - Cessation As Employer/Change Employer Status to - Dormant' is clicked on

2018-10-19 12:13:30 - [TEST_STEP][PASSED] - click: Object: 'Object Repository/Final Object Repo/Page_Form 1A - Cessation As Employer/Change Employer Status to' is clicked on

2018-10-19 12:13:30 - [MESSAGE][PASSED] - Object: 'Object Repository/Final Object Repo/Page_Form 1A - Cessation As Employer/Change Employer Status to' is clicked on

2018-10-19 12:13:30 - [TEST_STEP][PASSED] - click: Object: 'Object Repository/Final Object Repo/Page_Form 1A - Cessation As Employer/Change Employer Status to - Dormant' is clicked on

2018-10-19 12:13:31 - [MESSAGE][PASSED] - Object: 'Object Repository/Final Object Repo/Page_Form 1A - Cessation As Employer/Change Employer Status to - Dormant' is clicked on

2018-10-19 12:13:31 - [TEST_STEP][PASSED] - click: Object: 'Object Repository/Final Object Repo/Page_Form 1A - Cessation As Employer/Calender' is clicked on

2018-10-19 12:13:31 - [MESSAGE][PASSED] - Object: 'Object Repository/Final Object Repo/Page_Form 1A - Cessation As Employer/Calender' is clicked on

2018-10-19 12:13:31 - [TEST_STEP][PASSED] - click: Object: 'Object Repository/Final Object Repo/Page_Form 1A - Cessation As Employer/Calender - Date' is clicked on

2018-10-19 12:13:31 - [MESSAGE][PASSED] - Object: 'Object Repository/Final Object Repo/Page_Form 1A - Cessation As Employer/Calender - Date' is clicked on

2018-10-19 12:13:31 - [TEST_STEP][PASSED] - delay: Delayed 2 second(s)

2018-10-19 12:13:33 - [MESSAGE][PASSED] - Delayed 2 second(s)

2018-10-19 12:13:33 - [TEST_STEP][PASSED] - click: Object: 'Object Repository/Final Object Repo/Page_Form 1A - Cessation As Employer/Save  Continue in Form 1A Page' is clicked on

2018-10-19 12:13:33 - [MESSAGE][PASSED] - Object: 'Object Repository/Final Object Repo/Page_Form 1A - Cessation As Employer/Save  Continue in Form 1A Page' is clicked on

2018-10-19 12:13:33 - [TEST_STEP][PASSED] - delay: Delayed 2 second(s)

2018-10-19 12:13:35 - [MESSAGE][PASSED] - Delayed 2 second(s)

2018-10-19 12:13:35 - [TEST_STEP][PASSED] - click: Object: 'Object Repository/Final Object Repo/Page_Form 1A - Cessation As Employer/Employment Resign Date' is clicked on

2018-10-19 12:13:36 - [MESSAGE][PASSED] - Object: 'Object Repository/Final Object Repo/Page_Form 1A - Cessation As Employer/Employment Resign Date' is clicked on

2018-10-19 12:13:36 - [TEST_STEP][PASSED] - delay: Delayed 1 second(s)

2018-10-19 12:13:37 - [MESSAGE][PASSED] - Delayed 1 second(s)

2018-10-19 12:13:37 - [TEST_STEP][PASSED] - Statement - CaseReferenceNo = com.kms.katalon.core.webui.keyword.WebUiBuiltInKeywords.getText(com.kms.katalon.core.testobject.ObjectRepository.findTestObject(Final Object Repo/Page_Update Employer Information/Reference Number in Update Employee Information Page)): Text of object 'Object Repository/Final Object Repo/Page_Update Employer Information/Reference Number in Update Employee Information Page' is: 'CUN102018C200001428'

2018-10-19 12:13:37 - [MESSAGE][PASSED] - Text of object 'Object Repository/Final Object Repo/Page_Update Employer Information/Reference Number in Update Employee Information Page' is: 'CUN102018C200001428'

2018-10-19 12:13:37 - [TEST_STEP][PASSED] - callTestCase: Call Test Case 'Test Cases/Final Aug 2018 - PKS Automation/Common/Reference Number Setter' successfully

2018-10-19 12:13:37 - [TEST_CASE][PASSED] - Test Cases/Final Aug 2018 - PKS Automation/Common/Reference Number Setter: Test Cases/Final Aug 2018 - PKS Automation/Common/Reference Number Setter

2018-10-19 12:13:37 - [TEST_STEP][PASSED] - Statement - RefNoOldFile = new java.io.File(C://KatalonReference.txt): null

2018-10-19 12:13:37 - [TEST_STEP][PASSED] - Statement - RefNoOldFile.delete(): null

2018-10-19 12:13:37 - [TEST_STEP][PASSED] - Statement - RefNo = new java.io.File(C://KatalonReference.txt): null

2018-10-19 12:13:37 - [TEST_STEP][PASSED] - Statement - RefNo.append(CaseReferenceNo): null

2018-10-19 12:13:37 - [TEST_STEP][PASSED] - Statement - out.println("


" + CaseReferenceNo + "


"): null

2018-10-19 12:13:37 - [MESSAGE][PASSED] - Call Test Case 'Test Cases/Final Aug 2018 - PKS Automation/Common/Reference Number Setter' successfully

2018-10-19 12:13:37 - [TEST_STEP][PASSED] - selectOptionByValue: All options with value '2030' are selected in object 'Object Repository/Final Object Repo/Page_Form 1A - Cessation As Employer/Employment Resign Date - Year' 

2018-10-19 12:13:37 - [MESSAGE][PASSED] - All options with value '2030' are selected in object 'Object Repository/Final Object Repo/Page_Form 1A - Cessation As Employer/Employment Resign Date - Year' 

2018-10-19 12:13:37 - [TEST_STEP][PASSED] - delay: Delayed 1 second(s)

2018-10-19 12:13:38 - [MESSAGE][PASSED] - Delayed 1 second(s)

2018-10-19 12:13:38 - [TEST_STEP][PASSED] - click: Object: 'Object Repository/Final Object Repo/Page_Form 1A - Cessation As Employer/Employment Resign Date - Year - Date' is clicked on

2018-10-19 12:13:39 - [MESSAGE][PASSED] - Object: 'Object Repository/Final Object Repo/Page_Form 1A - Cessation As Employer/Employment Resign Date - Year - Date' is clicked on

2018-10-19 12:13:39 - [TEST_STEP][PASSED] - delay: Delayed 2 second(s)

2018-10-19 12:13:41 - [MESSAGE][PASSED] - Delayed 2 second(s)

2018-10-19 12:13:41 - [TEST_STEP][PASSED] - click: Object: 'Object Repository/Final Object Repo/Page_Form 1A - Cessation As Employer/Save  Continue in Update Add Employee Resigned Date Page' is clicked on

2018-10-19 12:13:41 - [MESSAGE][PASSED] - Object: 'Object Repository/Final Object Repo/Page_Form 1A - Cessation As Employer/Save  Continue in Update Add Employee Resigned Date Page' is clicked on

2018-10-19 12:13:41 - [TEST_STEP][PASSED] - delay: Delayed 2 second(s)

2018-10-19 12:13:43 - [MESSAGE][PASSED] - Delayed 2 second(s)

2018-10-19 12:13:43 - [TEST_STEP][PASSED] - click: Object: 'Object Repository/Final Object Repo/Page_Form 1A - Cessation As Employer/Add Document' is clicked on

2018-10-19 12:13:44 - [MESSAGE][PASSED] - Object: 'Object Repository/Final Object Repo/Page_Form 1A - Cessation As Employer/Add Document' is clicked on

2018-10-19 12:13:44 - [TEST_STEP][PASSED] - delay: Delayed 2 second(s)

2018-10-19 12:13:46 - [MESSAGE][PASSED] - Delayed 2 second(s)

2018-10-19 12:13:46 - [TEST_STEP][PASSED] - click: Object: 'Object Repository/Final Object Repo/Page_Form 1A - Cessation As Employer/Document Type' is clicked on

2018-10-19 12:13:48 - [MESSAGE][PASSED] - Object: 'Object Repository/Final Object Repo/Page_Form 1A - Cessation As Employer/Document Type' is clicked on

2018-10-19 12:13:48 - [TEST_STEP][PASSED] - delay: Delayed 2 second(s)

2018-10-19 12:13:50 - [MESSAGE][PASSED] - Delayed 2 second(s)

2018-10-19 12:13:50 - [TEST_STEP][PASSED] - click: Object: 'Object Repository/Final Object Repo/Page_Form 1A - Cessation As Employer/Document Type - Supporting Document For Cessation' is clicked on

2018-10-19 12:13:50 - [MESSAGE][PASSED] - Object: 'Object Repository/Final Object Repo/Page_Form 1A - Cessation As Employer/Document Type - Supporting Document For Cessation' is clicked on

2018-10-19 12:13:50 - [TEST_STEP][PASSED] - delay: Delayed 2 second(s)

2018-10-19 12:13:52 - [MESSAGE][PASSED] - Delayed 2 second(s)

2018-10-19 12:13:52 - [TEST_STEP][PASSED] - sendKeys: Keys 'C:\Users\Public\Pictures\Sample Pictures\Act.jpg' sent to object: 'Object Repository/Final Object Repo/Page_Form 1A - Cessation As Employer/Uploading File'

2018-10-19 12:13:52 - [MESSAGE][PASSED] - Keys 'C:\Users\Public\Pictures\Sample Pictures\Act.jpg' sent to object: 'Object Repository/Final Object Repo/Page_Form 1A - Cessation As Employer/Uploading File'

2018-10-19 12:13:52 - [TEST_STEP][PASSED] - delay: Delayed 2 second(s)

2018-10-19 12:13:54 - [MESSAGE][PASSED] - Delayed 2 second(s)

2018-10-19 12:13:54 - [TEST_STEP][PASSED] - click: Object: 'Object Repository/Final Object Repo/Page_Form 1A - Cessation As Employer/Add Document in Uploading Page' is clicked on

2018-10-19 12:13:54 - [MESSAGE][PASSED] - Object: 'Object Repository/Final Object Repo/Page_Form 1A - Cessation As Employer/Add Document in Uploading Page' is clicked on

2018-10-19 12:13:54 - [TEST_STEP][PASSED] - delay: Delayed 20 second(s)

2018-10-19 12:14:14 - [MESSAGE][PASSED] - Delayed 20 second(s)

2018-10-19 12:14:14 - [TEST_STEP][PASSED] - click: Object: 'Object Repository/Final Object Repo/Page_Form 1A - Cessation As Employer/Save  Continue in Uploading Page' is clicked on

2018-10-19 12:14:14 - [MESSAGE][PASSED] - Object: 'Object Repository/Final Object Repo/Page_Form 1A - Cessation As Employer/Save  Continue in Uploading Page' is clicked on

2018-10-19 12:14:14 - [TEST_STEP][PASSED] - delay: Delayed 2 second(s)

2018-10-19 12:14:16 - [MESSAGE][PASSED] - Delayed 2 second(s)

2018-10-19 12:14:16 - [TEST_STEP][PASSED] - click: Object: 'Object Repository/Final Object Repo/Page_Form 1A - Cessation As Employer/Submit2' is clicked on

2018-10-19 12:14:20 - [MESSAGE][PASSED] - Object: 'Object Repository/Final Object Repo/Page_Form 1A - Cessation As Employer/Submit2' is clicked on

2018-10-19 12:14:20 - [TEST_STEP][PASSED] - delay: Delayed 2 second(s)

2018-10-19 12:14:22 - [MESSAGE][PASSED] - Delayed 2 second(s)

2018-10-19 12:14:22 - [TEST_STEP][PASSED] - click: Object: 'Object Repository/Final Object Repo/Page_Form 1A - Cessation As Employer/Confirm' is clicked on

2018-10-19 12:14:22 - [MESSAGE][PASSED] - Object: 'Object Repository/Final Object Repo/Page_Form 1A - Cessation As Employer/Confirm' is clicked on

2018-10-19 12:14:22 - [TEST_STEP][PASSED] - delay: Delayed 2 second(s)

2018-10-19 12:14:24 - [MESSAGE][PASSED] - Delayed 2 second(s)

2018-10-19 12:14:24 - [TEST_STEP][PASSED] - verifyElementVisible: Object 'Object Repository/Final Object Repo/Page_Form 1A - Cessation As Employer/Message Your Request will be routed to UO' is visible

2018-10-19 12:14:28 - [MESSAGE][PASSED] - Object 'Object Repository/Final Object Repo/Page_Form 1A - Cessation As Employer/Message Your Request will be routed to UO' is visible

2018-10-19 12:14:28 - [TEST_STEP][PASSED] - delay: Delayed 1 second(s)

2018-10-19 12:14:29 - [MESSAGE][PASSED] - Delayed 1 second(s)

2018-10-19 12:14:29 - [TEST_STEP][PASSED] - verifyElementVisible: Object 'Object Repository/Final Object Repo/Page_Form 1A - Cessation As Employer/Letter of acknowledgement' is visible

2018-10-19 12:14:30 - [MESSAGE][PASSED] - Object 'Object Repository/Final Object Repo/Page_Form 1A - Cessation As Employer/Letter of acknowledgement' is visible

2018-10-19 12:14:30 - [MESSAGE][PASSED] - Call Test Case 'Test Cases/Final Aug 2018 - PKS Automation/Registration Module/Workflow/Form 1A - Cessation As Employer/Template/Form 1 A - Cessation As Employer (OTC)' successfully

2018-10-19 12:14:30 - [TEST_STEP][FAILED] - callTestCase: Unable to call Test Case with id 'Test Cases/Final Aug 2018 - PKS Automation/Registration Module/Workflow/Form 1A - Cessation As Employer/Template/Form 1 A - Cessation As Employer (Query)' (Root cause: Call Test Case 'Test Cases/Final Aug 2018 - PKS Automation/Registration Module/Workflow/Form 1A - Cessation As Employer/Template/Form 1 A - Cessation As Employer (Query)' failed)

2018-10-19 12:14:30 - [TEST_CASE][FAILED] - Test Cases/Final Aug 2018 - PKS Automation/Registration Module/Workflow/Form 1A - Cessation As Employer/Template/Form 1 A - Cessation As Employer (Query): Test Cases/Final Aug 2018 - PKS Automation/Registration Module/Workflow/Form 1A - Cessation As Employer/Template/Form 1 A - Cessation As Employer (Query) FAILED because (of) (Stack trace: com.kms.katalon.core.exception.StepFailedException: Unable to click on object 'Object Repository/Final Object Repo/Landing Page/Select to Workflow Listing' (Root cause: org.openqa.selenium.ElementNotVisibleException: element not visible
  (Session info: chrome=69.0.3497.100)
  (Driver info: chromedriver=2.35.528161 (5b82f2d2aae0ca24b877009200ced9065a772e73),platform=Windows NT 6.1.7601 SP1 x86_64) (WARNING: The server did not provide any stacktrace information)
Command duration or timeout: 0 milliseconds
Build info: version: '3.7.1', revision: '8a0099a', time: '2017-11-06T21:07:36.161Z'
System info: host: 'WEIZHENG', ip: '192.168.137.1', os.name: 'Windows 7', os.arch: 'amd64', os.version: '6.1', java.version: '1.8.0_181'
Driver info: com.kms.katalon.selenium.driver.CChromeDriver
Capabilities {acceptInsecureCerts: false, acceptSslCerts: false, applicationCacheEnabled: false, browserConnectionEnabled: false, browserName: chrome, chrome: {chromedriverVersion: 2.35.528161 (5b82f2d2aae0ca..., userDataDir: C:\Users\WEIZHE~1\AppData\L...}, cssSelectorsEnabled: true, databaseEnabled: false, handlesAlerts: true, hasTouchScreen: false, javascriptEnabled: true, locationContextEnabled: true, mobileEmulationEnabled: false, nativeEvents: true, networkConnectionEnabled: false, pageLoadStrategy: normal, platform: XP, platformName: XP, rotatable: false, setWindowRect: true, takesHeapSnapshot: true, takesScreenshot: true, unexpectedAlertBehaviour: , unhandledPromptBehavior: , version: 69.0.3497.100, webStorageEnabled: true}
Session ID: 7efe2daddd310eda4c2d9c7e788df114)
	at com.kms.katalon.core.keyword.internal.KeywordMain.stepFailed(KeywordMain.groovy:32)
	at com.kms.katalon.core.webui.keyword.internal.WebUIKeywordMain.stepFailed(WebUIKeywordMain.groovy:65)
	at com.kms.katalon.core.webui.keyword.internal.WebUIKeywordMain.runKeyword(WebUIKeywordMain.groovy:27)
	at com.kms.katalon.core.webui.keyword.builtin.ClickKeyword.click(ClickKeyword.groovy:86)
	at com.kms.katalon.core.webui.keyword.builtin.ClickKeyword.execute(ClickKeyword.groovy:67)
	at com.kms.katalon.core.keyword.internal.KeywordExecutor.executeKeywordForPlatform(KeywordExecutor.groovy:53)
	at com.kms.katalon.core.webui.keyword.WebUiBuiltInKeywords.click(WebUiBuiltInKeywords.groovy:616)
	at com.kms.katalon.core.webui.keyword.WebUiBuiltInKeywords$click$2.call(Unknown Source)
	at Script1534407542420.run(Script1534407542420.groovy:73)
	at com.kms.katalon.core.main.ScriptEngine.run(ScriptEngine.java:183)
	at com.kms.katalon.core.main.ScriptEngine.runScriptAsRawText(ScriptEngine.java:108)
	at com.kms.katalon.core.main.TestCaseExecutor.runScript(TestCaseExecutor.java:294)
	at com.kms.katalon.core.main.TestCaseExecutor.doExecute(TestCaseExecutor.java:285)
	at com.kms.katalon.core.main.TestCaseExecutor.processExecutionPhase(TestCaseExecutor.java:264)
	at com.kms.katalon.core.main.TestCaseExecutor.accessMainPhase(TestCaseExecutor.java:256)
	at com.kms.katalon.core.main.TestCaseExecutor.execute(TestCaseExecutor.java:200)
	at com.kms.katalon.core.main.TestCaseMain.runTestCase(TestCaseMain.java:99)
	at com.kms.katalon.core.keyword.builtin.CallTestCaseKeyword$_callTestCase_closure1.doCall(CallTestCaseKeyword.groovy:60)
	at com.kms.katalon.core.keyword.builtin.CallTestCaseKeyword$_callTestCase_closure1.call(CallTestCaseKeyword.groovy)
	at com.kms.katalon.core.keyword.internal.KeywordMain.runKeyword(KeywordMain.groovy:54)
	at com.kms.katalon.core.keyword.builtin.CallTestCaseKeyword.callTestCase(CallTestCaseKeyword.groovy:81)
	at com.kms.katalon.core.keyword.builtin.CallTestCaseKeyword.execute(CallTestCaseKeyword.groovy:45)
	at com.kms.katalon.core.keyword.internal.KeywordExecutor.executeKeywordForPlatform(KeywordExecutor.groovy:53)
	at com.kms.katalon.core.keyword.BuiltinKeywords.callTestCase(BuiltinKeywords.groovy:334)
	at sun.reflect.GeneratedMethodAccessor13.invoke(Unknown Source)
	at sun.reflect.DelegatingMethodAccessorImpl.invoke(DelegatingMethodAccessorImpl.java:43)
	at java.lang.reflect.Method.invoke(Method.java:498)
	at org.codehaus.groovy.reflection.CachedMethod.invoke(CachedMethod.java:93)
	at groovy.lang.MetaMethod.doMethodInvoke(MetaMethod.java:325)
	at groovy.lang.MetaClassImpl.invokeStaticMethod(MetaClassImpl.java:1469)
	at org.codehaus.groovy.runtime.callsite.StaticMetaClassSite.call(StaticMetaClassSite.java:53)
	at org.codehaus.groovy.runtime.callsite.CallSiteArray.defaultCall(CallSiteArray.java:48)
	at org.codehaus.groovy.runtime.callsite.AbstractCallSite.call(AbstractCallSite.java:113)
	at org.codehaus.groovy.runtime.callsite.AbstractCallSite.call(AbstractCallSite.java:141)
	at Script1535963377509.run(Script1535963377509.groovy:33)
	at com.kms.katalon.core.main.ScriptEngine.run(ScriptEngine.java:183)
	at com.kms.katalon.core.main.ScriptEngine.runScriptAsRawText(ScriptEngine.java:108)
	at com.kms.katalon.core.main.TestCaseExecutor.runScript(TestCaseExecutor.java:294)
	at com.kms.katalon.core.main.TestCaseExecutor.doExecute(TestCaseExecutor.java:285)
	at com.kms.katalon.core.main.TestCaseExecutor.processExecutionPhase(TestCaseExecutor.java:264)
	at com.kms.katalon.core.main.TestCaseExecutor.accessMainPhase(TestCaseExecutor.java:256)
	at com.kms.katalon.core.main.TestCaseExecutor.execute(TestCaseExecutor.java:200)
	at com.kms.katalon.core.main.TestCaseMain.runTestCase(TestCaseMain.java:99)
	at com.kms.katalon.core.keyword.builtin.CallTestCaseKeyword$_callTestCase_closure1.doCall(CallTestCaseKeyword.groovy:60)
	at com.kms.katalon.core.keyword.builtin.CallTestCaseKeyword$_callTestCase_closure1.call(CallTestCaseKeyword.groovy)
	at com.kms.katalon.core.keyword.internal.KeywordMain.runKeyword(KeywordMain.groovy:54)
	at com.kms.katalon.core.keyword.builtin.CallTestCaseKeyword.callTestCase(CallTestCaseKeyword.groovy:81)
	at com.kms.katalon.core.keyword.builtin.CallTestCaseKeyword.execute(CallTestCaseKeyword.groovy:45)
	at com.kms.katalon.core.keyword.internal.KeywordExecutor.executeKeywordForPlatform(KeywordExecutor.groovy:53)
	at com.kms.katalon.core.keyword.BuiltinKeywords.callTestCase(BuiltinKeywords.groovy:334)
	at sun.reflect.GeneratedMethodAccessor13.invoke(Unknown Source)
	at sun.reflect.DelegatingMethodAccessorImpl.invoke(DelegatingMethodAccessorImpl.java:43)
	at java.lang.reflect.Method.invoke(Method.java:498)
	at org.codehaus.groovy.reflection.CachedMethod.invoke(CachedMethod.java:93)
	at groovy.lang.MetaMethod.doMethodInvoke(MetaMethod.java:325)
	at groovy.lang.MetaClassImpl.invokeStaticMethod(MetaClassImpl.java:1469)
	at org.codehaus.groovy.runtime.callsite.StaticMetaClassSite.call(StaticMetaClassSite.java:53)
	at org.codehaus.groovy.runtime.callsite.CallSiteArray.defaultCall(CallSiteArray.java:48)
	at org.codehaus.groovy.runtime.callsite.AbstractCallSite.call(AbstractCallSite.java:113)
	at org.codehaus.groovy.runtime.callsite.AbstractCallSite.call(AbstractCallSite.java:141)
	at Script1536137820751.run(Script1536137820751.groovy:25)
	at com.kms.katalon.core.main.ScriptEngine.run(ScriptEngine.java:183)
	at com.kms.katalon.core.main.ScriptEngine.runScriptAsRawText(ScriptEngine.java:108)
	at com.kms.katalon.core.main.TestCaseExecutor.runScript(TestCaseExecutor.java:294)
	at com.kms.katalon.core.main.TestCaseExecutor.doExecute(TestCaseExecutor.java:285)
	at com.kms.katalon.core.main.TestCaseExecutor.processExecutionPhase(TestCaseExecutor.java:264)
	at com.kms.katalon.core.main.TestCaseExecutor.accessMainPhase(TestCaseExecutor.java:256)
	at com.kms.katalon.core.main.TestCaseExecutor.execute(TestCaseExecutor.java:200)
	at com.kms.katalon.core.main.TestSuiteExecutor.accessTestCaseMainPhase(TestSuiteExecutor.java:129)
	at com.kms.katalon.core.main.TestSuiteExecutor.accessTestSuiteMainPhase(TestSuiteExecutor.java:112)
	at com.kms.katalon.core.main.TestSuiteExecutor.execute(TestSuiteExecutor.java:81)
	at com.kms.katalon.core.main.TestCaseMain.startTestSuite(TestCaseMain.java:142)
	at com.kms.katalon.core.main.TestCaseMain$startTestSuite$0.call(Unknown Source)
	at org.codehaus.groovy.runtime.callsite.CallSiteArray.defaultCall(CallSiteArray.java:48)
	at org.codehaus.groovy.runtime.callsite.AbstractCallSite.call(AbstractCallSite.java:113)
	at org.codehaus.groovy.runtime.callsite.AbstractCallSite.call(AbstractCallSite.java:141)
	at TempTestSuite1539913255508.run(TempTestSuite1539913255508.groovy:36)
	at groovy.lang.GroovyShell.runScriptOrMainOrTestOrRunnable(GroovyShell.java:263)
	at groovy.lang.GroovyShell.run(GroovyShell.java:518)
	at groovy.lang.GroovyShell.run(GroovyShell.java:507)
	at groovy.ui.GroovyMain.processOnce(GroovyMain.java:653)
	at groovy.ui.GroovyMain.run(GroovyMain.java:384)
	at groovy.ui.GroovyMain.process(GroovyMain.java:370)
	at groovy.ui.GroovyMain.processArgs(GroovyMain.java:129)
	at groovy.ui.GroovyMain.main(GroovyMain.java:109)
	at sun.reflect.NativeMethodAccessorImpl.invoke0(Native Method)
	at sun.reflect.NativeMethodAccessorImpl.invoke(NativeMethodAccessorImpl.java:62)
	at sun.reflect.DelegatingMethodAccessorImpl.invoke(DelegatingMethodAccessorImpl.java:43)
	at java.lang.reflect.Method.invoke(Method.java:498)
	at org.codehaus.groovy.tools.GroovyStarter.rootLoader(GroovyStarter.java:109)
	at org.codehaus.groovy.tools.GroovyStarter.main(GroovyStarter.java:131)
)

2018-10-19 12:14:30 - [TEST_STEP][NOT_RUN] - callTestCase: NOT_RUN: callTestCase

2018-10-19 12:14:30 - [MESSAGE][NOT_RUN] - NOT_RUN: callTestCase

2018-10-19 12:14:30 - [TEST_STEP][PASSED] - delay: Delayed 1 second(s)

2018-10-19 12:14:31 - [MESSAGE][PASSED] - Delayed 1 second(s)

2018-10-19 12:14:31 - [TEST_STEP][PASSED] - navigateToUrl: Navigate to 'https://assist2-uat.perkeso.gov.my/c/portal/logout' successfully

2018-10-19 12:14:33 - [MESSAGE][PASSED] - Navigate to 'https://assist2-uat.perkeso.gov.my/c/portal/logout' successfully

2018-10-19 12:14:33 - [TEST_STEP][PASSED] - delay: Delayed 1 second(s)

2018-10-19 12:14:34 - [MESSAGE][PASSED] - Delayed 1 second(s)

2018-10-19 12:14:34 - [TEST_STEP][PASSED] - callTestCase: Call Test Case 'Test Cases/Final Aug 2018 - PKS Automation/Common/Reference Number Getter' successfully

2018-10-19 12:14:34 - [TEST_CASE][PASSED] - Test Cases/Final Aug 2018 - PKS Automation/Common/Reference Number Getter: Test Cases/Final Aug 2018 - PKS Automation/Common/Reference Number Getter

2018-10-19 12:14:34 - [TEST_STEP][PASSED] - Statement - Try: null

2018-10-19 12:14:34 - [TEST_STEP][PASSED] - Statement - RefNo = new java.io.File(C://KatalonReference.txt): null

2018-10-19 12:14:34 - [TEST_STEP][PASSED] - Statement - bufferread = new java.io.BufferedReader(new java.io.FileReader(RefNo)): null

2018-10-19 12:14:34 - [TEST_STEP][PASSED] - Statement - readedVal = bufferread.readLine(): null

2018-10-19 12:14:34 - [TEST_STEP][PASSED] - Statement - out.println(CaseReferenceNo): null

2018-10-19 12:14:34 - [TEST_STEP][PASSED] - Statement - out.println(readedVal): null

2018-10-19 12:14:34 - [TEST_STEP][PASSED] - Statement - CaseReferenceNo = readedVal: null

2018-10-19 12:14:34 - [MESSAGE][PASSED] - Call Test Case 'Test Cases/Final Aug 2018 - PKS Automation/Common/Reference Number Getter' successfully

2018-10-19 12:14:34 - [TEST_STEP][FAILED] - callTestCase: Unable to call Test Case with id 'Test Cases/Final Aug 2018 - PKS Automation/Common/Workflow Owner Finder' (Root cause: Call Test Case 'Test Cases/Final Aug 2018 - PKS Automation/Common/Workflow Owner Finder' failed)

2018-10-19 12:14:34 - [TEST_CASE][FAILED] - Test Cases/Final Aug 2018 - PKS Automation/Common/Workflow Owner Finder: Test Cases/Final Aug 2018 - PKS Automation/Common/Workflow Owner Finder FAILED because (of) (Stack trace: com.kms.katalon.core.exception.StepFailedException: Unable to click on object 'Object Repository/Final Object Repo/Landing Page/Select to Workflow Listing' (Root cause: org.openqa.selenium.ElementNotVisibleException: element not visible
  (Session info: chrome=69.0.3497.100)
  (Driver info: chromedriver=2.35.528161 (5b82f2d2aae0ca24b877009200ced9065a772e73),platform=Windows NT 6.1.7601 SP1 x86_64) (WARNING: The server did not provide any stacktrace information)
Command duration or timeout: 0 milliseconds
Build info: version: '3.7.1', revision: '8a0099a', time: '2017-11-06T21:07:36.161Z'
System info: host: 'WEIZHENG', ip: '192.168.137.1', os.name: 'Windows 7', os.arch: 'amd64', os.version: '6.1', java.version: '1.8.0_181'
Driver info: com.kms.katalon.selenium.driver.CChromeDriver
Capabilities {acceptInsecureCerts: false, acceptSslCerts: false, applicationCacheEnabled: false, browserConnectionEnabled: false, browserName: chrome, chrome: {chromedriverVersion: 2.35.528161 (5b82f2d2aae0ca..., userDataDir: C:\Users\WEIZHE~1\AppData\L...}, cssSelectorsEnabled: true, databaseEnabled: false, handlesAlerts: true, hasTouchScreen: false, javascriptEnabled: true, locationContextEnabled: true, mobileEmulationEnabled: false, nativeEvents: true, networkConnectionEnabled: false, pageLoadStrategy: normal, platform: XP, platformName: XP, rotatable: false, setWindowRect: true, takesHeapSnapshot: true, takesScreenshot: true, unexpectedAlertBehaviour: , unhandledPromptBehavior: , version: 69.0.3497.100, webStorageEnabled: true}
Session ID: 7efe2daddd310eda4c2d9c7e788df114)
	at com.kms.katalon.core.keyword.internal.KeywordMain.stepFailed(KeywordMain.groovy:32)
	at com.kms.katalon.core.webui.keyword.internal.WebUIKeywordMain.stepFailed(WebUIKeywordMain.groovy:65)
	at com.kms.katalon.core.webui.keyword.internal.WebUIKeywordMain.runKeyword(WebUIKeywordMain.groovy:27)
	at com.kms.katalon.core.webui.keyword.builtin.ClickKeyword.click(ClickKeyword.groovy:86)
	at com.kms.katalon.core.webui.keyword.builtin.ClickKeyword.execute(ClickKeyword.groovy:67)
	at com.kms.katalon.core.keyword.internal.KeywordExecutor.executeKeywordForPlatform(KeywordExecutor.groovy:53)
	at com.kms.katalon.core.webui.keyword.WebUiBuiltInKeywords.click(WebUiBuiltInKeywords.groovy:616)
	at com.kms.katalon.core.webui.keyword.WebUiBuiltInKeywords$click$2.call(Unknown Source)
	at Script1534407542420.run(Script1534407542420.groovy:73)
	at com.kms.katalon.core.main.ScriptEngine.run(ScriptEngine.java:183)
	at com.kms.katalon.core.main.ScriptEngine.runScriptAsRawText(ScriptEngine.java:108)
	at com.kms.katalon.core.main.TestCaseExecutor.runScript(TestCaseExecutor.java:294)
	at com.kms.katalon.core.main.TestCaseExecutor.doExecute(TestCaseExecutor.java:285)
	at com.kms.katalon.core.main.TestCaseExecutor.processExecutionPhase(TestCaseExecutor.java:264)
	at com.kms.katalon.core.main.TestCaseExecutor.accessMainPhase(TestCaseExecutor.java:256)
	at com.kms.katalon.core.main.TestCaseExecutor.execute(TestCaseExecutor.java:200)
	at com.kms.katalon.core.main.TestCaseMain.runTestCase(TestCaseMain.java:99)
	at com.kms.katalon.core.keyword.builtin.CallTestCaseKeyword$_callTestCase_closure1.doCall(CallTestCaseKeyword.groovy:60)
	at com.kms.katalon.core.keyword.builtin.CallTestCaseKeyword$_callTestCase_closure1.call(CallTestCaseKeyword.groovy)
	at com.kms.katalon.core.keyword.internal.KeywordMain.runKeyword(KeywordMain.groovy:54)
	at com.kms.katalon.core.keyword.builtin.CallTestCaseKeyword.callTestCase(CallTestCaseKeyword.groovy:81)
	at com.kms.katalon.core.keyword.builtin.CallTestCaseKeyword.execute(CallTestCaseKeyword.groovy:45)
	at com.kms.katalon.core.keyword.internal.KeywordExecutor.executeKeywordForPlatform(KeywordExecutor.groovy:53)
	at com.kms.katalon.core.keyword.BuiltinKeywords.callTestCase(BuiltinKeywords.groovy:334)
	at sun.reflect.GeneratedMethodAccessor13.invoke(Unknown Source)
	at sun.reflect.DelegatingMethodAccessorImpl.invoke(DelegatingMethodAccessorImpl.java:43)
	at java.lang.reflect.Method.invoke(Method.java:498)
	at org.codehaus.groovy.reflection.CachedMethod.invoke(CachedMethod.java:93)
	at groovy.lang.MetaMethod.doMethodInvoke(MetaMethod.java:325)
	at groovy.lang.MetaClassImpl.invokeStaticMethod(MetaClassImpl.java:1469)
	at org.codehaus.groovy.runtime.callsite.StaticMetaClassSite.call(StaticMetaClassSite.java:53)
	at org.codehaus.groovy.runtime.callsite.CallSiteArray.defaultCall(CallSiteArray.java:48)
	at org.codehaus.groovy.runtime.callsite.AbstractCallSite.call(AbstractCallSite.java:113)
	at org.codehaus.groovy.runtime.callsite.AbstractCallSite.call(AbstractCallSite.java:141)
	at Script1535963377509.run(Script1535963377509.groovy:33)
	at com.kms.katalon.core.main.ScriptEngine.run(ScriptEngine.java:183)
	at com.kms.katalon.core.main.ScriptEngine.runScriptAsRawText(ScriptEngine.java:108)
	at com.kms.katalon.core.main.TestCaseExecutor.runScript(TestCaseExecutor.java:294)
	at com.kms.katalon.core.main.TestCaseExecutor.doExecute(TestCaseExecutor.java:285)
	at com.kms.katalon.core.main.TestCaseExecutor.processExecutionPhase(TestCaseExecutor.java:264)
	at com.kms.katalon.core.main.TestCaseExecutor.accessMainPhase(TestCaseExecutor.java:256)
	at com.kms.katalon.core.main.TestCaseExecutor.execute(TestCaseExecutor.java:200)
	at com.kms.katalon.core.main.TestCaseMain.runTestCase(TestCaseMain.java:99)
	at com.kms.katalon.core.keyword.builtin.CallTestCaseKeyword$_callTestCase_closure1.doCall(CallTestCaseKeyword.groovy:60)
	at com.kms.katalon.core.keyword.builtin.CallTestCaseKeyword$_callTestCase_closure1.call(CallTestCaseKeyword.groovy)
	at com.kms.katalon.core.keyword.internal.KeywordMain.runKeyword(KeywordMain.groovy:54)
	at com.kms.katalon.core.keyword.builtin.CallTestCaseKeyword.callTestCase(CallTestCaseKeyword.groovy:81)
	at com.kms.katalon.core.keyword.builtin.CallTestCaseKeyword.execute(CallTestCaseKeyword.groovy:45)
	at com.kms.katalon.core.keyword.internal.KeywordExecutor.executeKeywordForPlatform(KeywordExecutor.groovy:53)
	at com.kms.katalon.core.keyword.BuiltinKeywords.callTestCase(BuiltinKeywords.groovy:334)
	at sun.reflect.GeneratedMethodAccessor13.invoke(Unknown Source)
	at sun.reflect.DelegatingMethodAccessorImpl.invoke(DelegatingMethodAccessorImpl.java:43)
	at java.lang.reflect.Method.invoke(Method.java:498)
	at org.codehaus.groovy.reflection.CachedMethod.invoke(CachedMethod.java:93)
	at groovy.lang.MetaMethod.doMethodInvoke(MetaMethod.java:325)
	at groovy.lang.MetaClassImpl.invokeStaticMethod(MetaClassImpl.java:1469)
	at org.codehaus.groovy.runtime.callsite.StaticMetaClassSite.call(StaticMetaClassSite.java:53)
	at org.codehaus.groovy.runtime.callsite.CallSiteArray.defaultCall(CallSiteArray.java:48)
	at org.codehaus.groovy.runtime.callsite.AbstractCallSite.call(AbstractCallSite.java:113)
	at org.codehaus.groovy.runtime.callsite.AbstractCallSite.call(AbstractCallSite.java:141)
	at Script1536137820751.run(Script1536137820751.groovy:25)
	at com.kms.katalon.core.main.ScriptEngine.run(ScriptEngine.java:183)
	at com.kms.katalon.core.main.ScriptEngine.runScriptAsRawText(ScriptEngine.java:108)
	at com.kms.katalon.core.main.TestCaseExecutor.runScript(TestCaseExecutor.java:294)
	at com.kms.katalon.core.main.TestCaseExecutor.doExecute(TestCaseExecutor.java:285)
	at com.kms.katalon.core.main.TestCaseExecutor.processExecutionPhase(TestCaseExecutor.java:264)
	at com.kms.katalon.core.main.TestCaseExecutor.accessMainPhase(TestCaseExecutor.java:256)
	at com.kms.katalon.core.main.TestCaseExecutor.execute(TestCaseExecutor.java:200)
	at com.kms.katalon.core.main.TestSuiteExecutor.accessTestCaseMainPhase(TestSuiteExecutor.java:129)
	at com.kms.katalon.core.main.TestSuiteExecutor.accessTestSuiteMainPhase(TestSuiteExecutor.java:112)
	at com.kms.katalon.core.main.TestSuiteExecutor.execute(TestSuiteExecutor.java:81)
	at com.kms.katalon.core.main.TestCaseMain.startTestSuite(TestCaseMain.java:142)
	at com.kms.katalon.core.main.TestCaseMain$startTestSuite$0.call(Unknown Source)
	at org.codehaus.groovy.runtime.callsite.CallSiteArray.defaultCall(CallSiteArray.java:48)
	at org.codehaus.groovy.runtime.callsite.AbstractCallSite.call(AbstractCallSite.java:113)
	at org.codehaus.groovy.runtime.callsite.AbstractCallSite.call(AbstractCallSite.java:141)
	at TempTestSuite1539913255508.run(TempTestSuite1539913255508.groovy:36)
	at groovy.lang.GroovyShell.runScriptOrMainOrTestOrRunnable(GroovyShell.java:263)
	at groovy.lang.GroovyShell.run(GroovyShell.java:518)
	at groovy.lang.GroovyShell.run(GroovyShell.java:507)
	at groovy.ui.GroovyMain.processOnce(GroovyMain.java:653)
	at groovy.ui.GroovyMain.run(GroovyMain.java:384)
	at groovy.ui.GroovyMain.process(GroovyMain.java:370)
	at groovy.ui.GroovyMain.processArgs(GroovyMain.java:129)
	at groovy.ui.GroovyMain.main(GroovyMain.java:109)
	at sun.reflect.NativeMethodAccessorImpl.invoke0(Native Method)
	at sun.reflect.NativeMethodAccessorImpl.invoke(NativeMethodAccessorImpl.java:62)
	at sun.reflect.DelegatingMethodAccessorImpl.invoke(DelegatingMethodAccessorImpl.java:43)
	at java.lang.reflect.Method.invoke(Method.java:498)
	at org.codehaus.groovy.tools.GroovyStarter.rootLoader(GroovyStarter.java:109)
	at org.codehaus.groovy.tools.GroovyStarter.main(GroovyStarter.java:131)
)

2018-10-19 12:14:34 - [TEST_STEP][PASSED] - openBrowser: Browser is opened with url: ''

2018-10-19 12:14:34 - [MESSAGE][WARNING] - A browser is already opened. Closing browser and opening a new one

2018-10-19 12:14:37 - [MESSAGE][PASSED] - Browser is opened with url: ''

2018-10-19 12:14:37 - [TEST_STEP][PASSED] - navigateToUrl: Navigate to 'https://assist2-uat.perkeso.gov.my/login' successfully

2018-10-19 12:14:40 - [MESSAGE][PASSED] - Navigate to 'https://assist2-uat.perkeso.gov.my/login' successfully

2018-10-19 12:14:40 - [TEST_STEP][PASSED] - delay: Delayed 5 second(s)

2018-10-19 12:14:45 - [MESSAGE][PASSED] - Delayed 5 second(s)

2018-10-19 12:14:45 - [TEST_STEP][PASSED] - setText: Text 'test@liferay.com' is set on object 'Object Repository/Final Object Repo/Login Page/Internal User/Email Address'

2018-10-19 12:14:46 - [MESSAGE][PASSED] - Text 'test@liferay.com' is set on object 'Object Repository/Final Object Repo/Login Page/Internal User/Email Address'

2018-10-19 12:14:46 - [TEST_STEP][PASSED] - click: Object: 'Object Repository/Final Object Repo/Login Page/Internal User/Next Button' is clicked on

2018-10-19 12:14:46 - [MESSAGE][PASSED] - Object: 'Object Repository/Final Object Repo/Login Page/Internal User/Next Button' is clicked on

2018-10-19 12:14:46 - [TEST_STEP][PASSED] - delay: Delayed 2 second(s)

2018-10-19 12:14:48 - [MESSAGE][PASSED] - Delayed 2 second(s)

2018-10-19 12:14:48 - [TEST_STEP][PASSED] - setText: Text 'test' is set on object 'Object Repository/Final Object Repo/Login Page/Internal User/Password'

2018-10-19 12:14:48 - [MESSAGE][PASSED] - Text 'test' is set on object 'Object Repository/Final Object Repo/Login Page/Internal User/Password'

2018-10-19 12:14:48 - [TEST_STEP][PASSED] - delay: Delayed 2 second(s)

2018-10-19 12:14:50 - [MESSAGE][PASSED] - Delayed 2 second(s)

2018-10-19 12:14:50 - [TEST_STEP][PASSED] - click: Object: 'Object Repository/Final Object Repo/Login Page/Internal User/Login Button' is clicked on

2018-10-19 12:14:50 - [MESSAGE][PASSED] - Object: 'Object Repository/Final Object Repo/Login Page/Internal User/Login Button' is clicked on

2018-10-19 12:14:50 - [TEST_STEP][PASSED] - Statement - Try: Delayed 2 second(s)

2018-10-19 12:14:50 - [TEST_STEP][PASSED] - Statement - Checker = false: null

2018-10-19 12:14:50 - [TEST_STEP][PASSED] - Statement - Checker = com.kms.katalon.core.webui.keyword.WebUiBuiltInKeywords.verifyElementHasAttribute(com.kms.katalon.core.testobject.ObjectRepository.findTestObject(Final Object Repo/Landing Page/BM Detecting), "href", 20, OPTIONAL): Object 'Object Repository/Final Object Repo/Landing Page/BM Detecting' has attribute 'href'

2018-10-19 12:14:54 - [MESSAGE][PASSED] - Object 'Object Repository/Final Object Repo/Landing Page/BM Detecting' has attribute 'href'

2018-10-19 12:14:54 - [TEST_STEP][PASSED] - Statement - out.println(Checker): null

2018-10-19 12:14:54 - [TEST_STEP][PASSED] - Statement - If (Checker == false): null

2018-10-19 12:14:54 - [TEST_STEP][PASSED] - Statement - Else: null

2018-10-19 12:14:54 - [TEST_STEP][PASSED] - delay: Delayed 2 second(s)

2018-10-19 12:14:56 - [MESSAGE][PASSED] - Delayed 2 second(s)

2018-10-19 12:14:56 - [TEST_STEP][PASSED] - delay: Delayed 3 second(s)

2018-10-19 12:14:59 - [MESSAGE][PASSED] - Delayed 3 second(s)

2018-10-19 12:14:59 - [TEST_STEP][PASSED] - click: Object: 'Object Repository/Final Object Repo/Landing Page/WorkFlow Menu' is clicked on

2018-10-19 12:14:59 - [MESSAGE][PASSED] - Object: 'Object Repository/Final Object Repo/Landing Page/WorkFlow Menu' is clicked on

2018-10-19 12:14:59 - [TEST_STEP][PASSED] - delay: Delayed 2 second(s)

2018-10-19 12:15:01 - [MESSAGE][PASSED] - Delayed 2 second(s)

2018-10-19 12:15:01 - [TEST_STEP][FAILED] - click: Unable to click on object 'Object Repository/Final Object Repo/Landing Page/Select to Workflow Listing' (Root cause: org.openqa.selenium.ElementNotVisibleException: element not visible
  (Session info: chrome=69.0.3497.100)
  (Driver info: chromedriver=2.35.528161 (5b82f2d2aae0ca24b877009200ced9065a772e73),platform=Windows NT 6.1.7601 SP1 x86_64) (WARNING: The server did not provide any stacktrace information)
Command duration or timeout: 0 milliseconds
Build info: version: '3.7.1', revision: '8a0099a', time: '2017-11-06T21:07:36.161Z'
System info: host: 'WEIZHENG', ip: '192.168.137.1', os.name: 'Windows 7', os.arch: 'amd64', os.version: '6.1', java.version: '1.8.0_181'
Driver info: com.kms.katalon.selenium.driver.CChromeDriver
Capabilities {acceptInsecureCerts: false, acceptSslCerts: false, applicationCacheEnabled: false, browserConnectionEnabled: false, browserName: chrome, chrome: {chromedriverVersion: 2.35.528161 (5b82f2d2aae0ca..., userDataDir: C:\Users\WEIZHE~1\AppData\L...}, cssSelectorsEnabled: true, databaseEnabled: false, handlesAlerts: true, hasTouchScreen: false, javascriptEnabled: true, locationContextEnabled: true, mobileEmulationEnabled: false, nativeEvents: true, networkConnectionEnabled: false, pageLoadStrategy: normal, platform: XP, platformName: XP, rotatable: false, setWindowRect: true, takesHeapSnapshot: true, takesScreenshot: true, unexpectedAlertBehaviour: , unhandledPromptBehavior: , version: 69.0.3497.100, webStorageEnabled: true}
Session ID: 7efe2daddd310eda4c2d9c7e788df114)

2018-10-19 12:15:02 - [MESSAGE][FAILED] - Unable to click on object 'Object Repository/Final Object Repo/Landing Page/Select to Workflow Listing' (Root cause: org.openqa.selenium.ElementNotVisibleException: element not visible
  (Session info: chrome=69.0.3497.100)
  (Driver info: chromedriver=2.35.528161 (5b82f2d2aae0ca24b877009200ced9065a772e73),platform=Windows NT 6.1.7601 SP1 x86_64) (WARNING: The server did not provide any stacktrace information)
Command duration or timeout: 0 milliseconds
Build info: version: '3.7.1', revision: '8a0099a', time: '2017-11-06T21:07:36.161Z'
System info: host: 'WEIZHENG', ip: '192.168.137.1', os.name: 'Windows 7', os.arch: 'amd64', os.version: '6.1', java.version: '1.8.0_181'
Driver info: com.kms.katalon.selenium.driver.CChromeDriver
Capabilities {acceptInsecureCerts: false, acceptSslCerts: false, applicationCacheEnabled: false, browserConnectionEnabled: false, browserName: chrome, chrome: {chromedriverVersion: 2.35.528161 (5b82f2d2aae0ca..., userDataDir: C:\Users\WEIZHE~1\AppData\L...}, cssSelectorsEnabled: true, databaseEnabled: false, handlesAlerts: true, hasTouchScreen: false, javascriptEnabled: true, locationContextEnabled: true, mobileEmulationEnabled: false, nativeEvents: true, networkConnectionEnabled: false, pageLoadStrategy: normal, platform: XP, platformName: XP, rotatable: false, setWindowRect: true, takesHeapSnapshot: true, takesScreenshot: true, unexpectedAlertBehaviour: , unhandledPromptBehavior: , version: 69.0.3497.100, webStorageEnabled: true}
Session ID: 7efe2daddd310eda4c2d9c7e788df114)
[[ATTACHMENT|C:\\Users\\LENOVO\\Katalon Studio\\Perkeso Phase A\\Reports\\Workflow\\Form 1A - Cessation as Employer\\20181019_094055\\1539922501800.png]]

2018-10-19 12:15:02 - [TEST_STEP][PASSED] - delay: Delayed 2 second(s)

2018-10-19 12:15:04 - [MESSAGE][PASSED] - Delayed 2 second(s)

2018-10-19 12:15:04 - [TEST_STEP][FAILED] - click: Unable to click on object 'Object Repository/Final Object Repo/WorkFlow Listing Page/Search Information - To Put Ref No' (Root cause: com.kms.katalon.core.webui.exception.WebElementNotFoundException: Web element with id: 'Object Repository/Final Object Repo/WorkFlow Listing Page/Search Information - To Put Ref No' located by 'By.xpath: //h2[@data-target = '#_workflowlisting_WAR_baseportlet_searchDiv' and (text() = 'Search Information' or . = 'Search Information')]' not found)

2018-10-19 12:17:13 - [MESSAGE][FAILED] - Unable to click on object 'Object Repository/Final Object Repo/WorkFlow Listing Page/Search Information - To Put Ref No' (Root cause: com.kms.katalon.core.webui.exception.WebElementNotFoundException: Web element with id: 'Object Repository/Final Object Repo/WorkFlow Listing Page/Search Information - To Put Ref No' located by 'By.xpath: //h2[@data-target = '#_workflowlisting_WAR_baseportlet_searchDiv' and (text() = 'Search Information' or . = 'Search Information')]' not found)
[[ATTACHMENT|C:\\Users\\LENOVO\\Katalon Studio\\Perkeso Phase A\\Reports\\Workflow\\Form 1A - Cessation as Employer\\20181019_094055\\1539922633123.png]]

2018-10-19 12:17:13 - [TEST_STEP][PASSED] - delay: Delayed 2 second(s)

2018-10-19 12:17:15 - [MESSAGE][PASSED] - Delayed 2 second(s)

2018-10-19 12:17:15 - [TEST_STEP][PASSED] - callTestCase: Call Test Case 'Test Cases/Final Aug 2018 - PKS Automation/Common/Reference Number Getter' successfully

2018-10-19 12:17:15 - [TEST_CASE][PASSED] - Test Cases/Final Aug 2018 - PKS Automation/Common/Reference Number Getter: Test Cases/Final Aug 2018 - PKS Automation/Common/Reference Number Getter

2018-10-19 12:17:15 - [TEST_STEP][PASSED] - Statement - Try: null

2018-10-19 12:17:15 - [TEST_STEP][PASSED] - Statement - RefNo = new java.io.File(C://KatalonReference.txt): null

2018-10-19 12:17:15 - [TEST_STEP][PASSED] - Statement - bufferread = new java.io.BufferedReader(new java.io.FileReader(RefNo)): null

2018-10-19 12:17:15 - [TEST_STEP][PASSED] - Statement - readedVal = bufferread.readLine(): null

2018-10-19 12:17:15 - [TEST_STEP][PASSED] - Statement - out.println(CaseReferenceNo): null

2018-10-19 12:17:15 - [TEST_STEP][PASSED] - Statement - out.println(readedVal): null

2018-10-19 12:17:15 - [TEST_STEP][PASSED] - Statement - CaseReferenceNo = readedVal: null

2018-10-19 12:17:15 - [MESSAGE][PASSED] - Call Test Case 'Test Cases/Final Aug 2018 - PKS Automation/Common/Reference Number Getter' successfully

2018-10-19 12:17:15 - [TEST_STEP][FAILED] - setText: Unable to set text 'CUN102018C200001428' of object 'Object Repository/Final Object Repo/WorkFlow Listing Page/Ref No Set Text' (Root cause: com.kms.katalon.core.webui.exception.WebElementNotFoundException: Web element with id: 'Object Repository/Final Object Repo/WorkFlow Listing Page/Ref No Set Text' located by 'By.xpath: //input[@id = '_workflowlisting_WAR_baseportlet_dto.trxReferenceNum' and @name = '_workflowlisting_WAR_baseportlet_dto.trxReferenceNum' and @type = 'text']' not found)

2018-10-19 12:19:26 - [MESSAGE][FAILED] - Unable to set text 'CUN102018C200001428' of object 'Object Repository/Final Object Repo/WorkFlow Listing Page/Ref No Set Text' (Root cause: com.kms.katalon.core.webui.exception.WebElementNotFoundException: Web element with id: 'Object Repository/Final Object Repo/WorkFlow Listing Page/Ref No Set Text' located by 'By.xpath: //input[@id = '_workflowlisting_WAR_baseportlet_dto.trxReferenceNum' and @name = '_workflowlisting_WAR_baseportlet_dto.trxReferenceNum' and @type = 'text']' not found)
[[ATTACHMENT|C:\\Users\\LENOVO\\Katalon Studio\\Perkeso Phase A\\Reports\\Workflow\\Form 1A - Cessation as Employer\\20181019_094055\\1539922765777.png]]

2018-10-19 12:19:26 - [TEST_STEP][PASSED] - delay: Delayed 2 second(s)

2018-10-19 12:19:28 - [MESSAGE][PASSED] - Delayed 2 second(s)

2018-10-19 12:19:28 - [TEST_STEP][FAILED] - click: Unable to click on object 'Object Repository/Final Object Repo/WorkFlow Listing Page/Search Ref No Search Button' (Root cause: org.openqa.selenium.ElementNotVisibleException: element not visible
  (Session info: chrome=69.0.3497.100)
  (Driver info: chromedriver=2.35.528161 (5b82f2d2aae0ca24b877009200ced9065a772e73),platform=Windows NT 6.1.7601 SP1 x86_64) (WARNING: The server did not provide any stacktrace information)
Command duration or timeout: 0 milliseconds
Build info: version: '3.7.1', revision: '8a0099a', time: '2017-11-06T21:07:36.161Z'
System info: host: 'WEIZHENG', ip: '192.168.137.1', os.name: 'Windows 7', os.arch: 'amd64', os.version: '6.1', java.version: '1.8.0_181'
Driver info: com.kms.katalon.selenium.driver.CChromeDriver
Capabilities {acceptInsecureCerts: false, acceptSslCerts: false, applicationCacheEnabled: false, browserConnectionEnabled: false, browserName: chrome, chrome: {chromedriverVersion: 2.35.528161 (5b82f2d2aae0ca..., userDataDir: C:\Users\WEIZHE~1\AppData\L...}, cssSelectorsEnabled: true, databaseEnabled: false, handlesAlerts: true, hasTouchScreen: false, javascriptEnabled: true, locationContextEnabled: true, mobileEmulationEnabled: false, nativeEvents: true, networkConnectionEnabled: false, pageLoadStrategy: normal, platform: XP, platformName: XP, rotatable: false, setWindowRect: true, takesHeapSnapshot: true, takesScreenshot: true, unexpectedAlertBehaviour: , unhandledPromptBehavior: , version: 69.0.3497.100, webStorageEnabled: true}
Session ID: 7efe2daddd310eda4c2d9c7e788df114)

2018-10-19 12:19:28 - [MESSAGE][FAILED] - Unable to click on object 'Object Repository/Final Object Repo/WorkFlow Listing Page/Search Ref No Search Button' (Root cause: org.openqa.selenium.ElementNotVisibleException: element not visible
  (Session info: chrome=69.0.3497.100)
  (Driver info: chromedriver=2.35.528161 (5b82f2d2aae0ca24b877009200ced9065a772e73),platform=Windows NT 6.1.7601 SP1 x86_64) (WARNING: The server did not provide any stacktrace information)
Command duration or timeout: 0 milliseconds
Build info: version: '3.7.1', revision: '8a0099a', time: '2017-11-06T21:07:36.161Z'
System info: host: 'WEIZHENG', ip: '192.168.137.1', os.name: 'Windows 7', os.arch: 'amd64', os.version: '6.1', java.version: '1.8.0_181'
Driver info: com.kms.katalon.selenium.driver.CChromeDriver
Capabilities {acceptInsecureCerts: false, acceptSslCerts: false, applicationCacheEnabled: false, browserConnectionEnabled: false, browserName: chrome, chrome: {chromedriverVersion: 2.35.528161 (5b82f2d2aae0ca..., userDataDir: C:\Users\WEIZHE~1\AppData\L...}, cssSelectorsEnabled: true, databaseEnabled: false, handlesAlerts: true, hasTouchScreen: false, javascriptEnabled: true, locationContextEnabled: true, mobileEmulationEnabled: false, nativeEvents: true, networkConnectionEnabled: false, pageLoadStrategy: normal, platform: XP, platformName: XP, rotatable: false, setWindowRect: true, takesHeapSnapshot: true, takesScreenshot: true, unexpectedAlertBehaviour: , unhandledPromptBehavior: , version: 69.0.3497.100, webStorageEnabled: true}
Session ID: 7efe2daddd310eda4c2d9c7e788df114)
[[ATTACHMENT|C:\\Users\\LENOVO\\Katalon Studio\\Perkeso Phase A\\Reports\\Workflow\\Form 1A - Cessation as Employer\\20181019_094055\\1539922768182.png]]

2018-10-19 12:19:28 - [TEST_STEP][PASSED] - delay: Delayed 4 second(s)

2018-10-19 12:19:32 - [MESSAGE][PASSED] - Delayed 4 second(s)

2018-10-19 12:19:32 - [TEST_STEP][PASSED] - click: Object: 'Object Repository/Final Object Repo/WorkFlow Listing Page/Click Continue Tooltip' is clicked on

2018-10-19 12:19:34 - [MESSAGE][PASSED] - Object: 'Object Repository/Final Object Repo/WorkFlow Listing Page/Click Continue Tooltip' is clicked on

2018-10-19 12:19:34 - [TEST_STEP][PASSED] - delay: Delayed 5 second(s)

2018-10-19 12:19:39 - [MESSAGE][PASSED] - Delayed 5 second(s)

2018-10-19 12:19:39 - [TEST_STEP][FAILED] - doubleClick: Unable to double click on object 'Object Repository/Final Object Repo/WorkFlow Listing Page/Workflow Found - Listing 1' (Root cause: com.kms.katalon.core.webui.exception.WebElementNotFoundException: Web element with id: 'Object Repository/Final Object Repo/WorkFlow Listing Page/Workflow Found - Listing 1' located by 'By.xpath: //body/div/div/div/div/div/div/div/div/div/div/div/div/div/div/div/div/table/tbody/tr/td[@class='table-cell  first']/following-sibling::td[1]' not found)

2018-10-19 12:21:48 - [MESSAGE][FAILED] - Unable to double click on object 'Object Repository/Final Object Repo/WorkFlow Listing Page/Workflow Found - Listing 1' (Root cause: com.kms.katalon.core.webui.exception.WebElementNotFoundException: Web element with id: 'Object Repository/Final Object Repo/WorkFlow Listing Page/Workflow Found - Listing 1' located by 'By.xpath: //body/div/div/div/div/div/div/div/div/div/div/div/div/div/div/div/div/table/tbody/tr/td[@class='table-cell  first']/following-sibling::td[1]' not found)
[[ATTACHMENT|C:\\Users\\LENOVO\\Katalon Studio\\Perkeso Phase A\\Reports\\Workflow\\Form 1A - Cessation as Employer\\20181019_094055\\1539922908495.png]]

2018-10-19 12:21:48 - [MESSAGE][FAILED] - Unable to call Test Case with id 'Test Cases/Final Aug 2018 - PKS Automation/Common/Workflow Owner Finder' (Root cause: Call Test Case 'Test Cases/Final Aug 2018 - PKS Automation/Common/Workflow Owner Finder' failed)

2018-10-19 12:21:48 - [MESSAGE][FAILED] - Unable to call Test Case with id 'Test Cases/Final Aug 2018 - PKS Automation/Registration Module/Workflow/Form 1A - Cessation As Employer/Template/Form 1 A - Cessation As Employer (Query)' (Root cause: Call Test Case 'Test Cases/Final Aug 2018 - PKS Automation/Registration Module/Workflow/Form 1A - Cessation As Employer/Template/Form 1 A - Cessation As Employer (Query)' failed)]]></system-out>
         <system-err><![CDATA[2018-10-19 12:13:12 - [TEST_CASE][FAILED] - Test Cases/Final Aug 2018 - PKS Automation/Registration Module/Workflow/Form 1A - Cessation As Employer/OTC to UO (Query): Test Cases/Final Aug 2018 - PKS Automation/Registration Module/Workflow/Form 1A - Cessation As Employer/OTC to UO (Query) FAILED because (of) (Stack trace: com.kms.katalon.core.exception.StepFailedException: Unable to click on object 'Object Repository/Final Object Repo/Landing Page/Select to Workflow Listing' (Root cause: org.openqa.selenium.ElementNotVisibleException: element not visible
  (Session info: chrome=69.0.3497.100)
  (Driver info: chromedriver=2.35.528161 (5b82f2d2aae0ca24b877009200ced9065a772e73),platform=Windows NT 6.1.7601 SP1 x86_64) (WARNING: The server did not provide any stacktrace information)
Command duration or timeout: 0 milliseconds
Build info: version: '3.7.1', revision: '8a0099a', time: '2017-11-06T21:07:36.161Z'
System info: host: 'WEIZHENG', ip: '192.168.137.1', os.name: 'Windows 7', os.arch: 'amd64', os.version: '6.1', java.version: '1.8.0_181'
Driver info: com.kms.katalon.selenium.driver.CChromeDriver
Capabilities {acceptInsecureCerts: false, acceptSslCerts: false, applicationCacheEnabled: false, browserConnectionEnabled: false, browserName: chrome, chrome: {chromedriverVersion: 2.35.528161 (5b82f2d2aae0ca..., userDataDir: C:\Users\WEIZHE~1\AppData\L...}, cssSelectorsEnabled: true, databaseEnabled: false, handlesAlerts: true, hasTouchScreen: false, javascriptEnabled: true, locationContextEnabled: true, mobileEmulationEnabled: false, nativeEvents: true, networkConnectionEnabled: false, pageLoadStrategy: normal, platform: XP, platformName: XP, rotatable: false, setWindowRect: true, takesHeapSnapshot: true, takesScreenshot: true, unexpectedAlertBehaviour: , unhandledPromptBehavior: , version: 69.0.3497.100, webStorageEnabled: true}
Session ID: 7efe2daddd310eda4c2d9c7e788df114)
	at com.kms.katalon.core.keyword.internal.KeywordMain.stepFailed(KeywordMain.groovy:32)
	at com.kms.katalon.core.webui.keyword.internal.WebUIKeywordMain.stepFailed(WebUIKeywordMain.groovy:65)
	at com.kms.katalon.core.webui.keyword.internal.WebUIKeywordMain.runKeyword(WebUIKeywordMain.groovy:27)
	at com.kms.katalon.core.webui.keyword.builtin.ClickKeyword.click(ClickKeyword.groovy:86)
	at com.kms.katalon.core.webui.keyword.builtin.ClickKeyword.execute(ClickKeyword.groovy:67)
	at com.kms.katalon.core.keyword.internal.KeywordExecutor.executeKeywordForPlatform(KeywordExecutor.groovy:53)
	at com.kms.katalon.core.webui.keyword.WebUiBuiltInKeywords.click(WebUiBuiltInKeywords.groovy:616)
	at com.kms.katalon.core.webui.keyword.WebUiBuiltInKeywords$click$2.call(Unknown Source)
	at Script1534407542420.run(Script1534407542420.groovy:73)
	at com.kms.katalon.core.main.ScriptEngine.run(ScriptEngine.java:183)
	at com.kms.katalon.core.main.ScriptEngine.runScriptAsRawText(ScriptEngine.java:108)
	at com.kms.katalon.core.main.TestCaseExecutor.runScript(TestCaseExecutor.java:294)
	at com.kms.katalon.core.main.TestCaseExecutor.doExecute(TestCaseExecutor.java:285)
	at com.kms.katalon.core.main.TestCaseExecutor.processExecutionPhase(TestCaseExecutor.java:264)
	at com.kms.katalon.core.main.TestCaseExecutor.accessMainPhase(TestCaseExecutor.java:256)
	at com.kms.katalon.core.main.TestCaseExecutor.execute(TestCaseExecutor.java:200)
	at com.kms.katalon.core.main.TestCaseMain.runTestCase(TestCaseMain.java:99)
	at com.kms.katalon.core.keyword.builtin.CallTestCaseKeyword$_callTestCase_closure1.doCall(CallTestCaseKeyword.groovy:60)
	at com.kms.katalon.core.keyword.builtin.CallTestCaseKeyword$_callTestCase_closure1.call(CallTestCaseKeyword.groovy)
	at com.kms.katalon.core.keyword.internal.KeywordMain.runKeyword(KeywordMain.groovy:54)
	at com.kms.katalon.core.keyword.builtin.CallTestCaseKeyword.callTestCase(CallTestCaseKeyword.groovy:81)
	at com.kms.katalon.core.keyword.builtin.CallTestCaseKeyword.execute(CallTestCaseKeyword.groovy:45)
	at com.kms.katalon.core.keyword.internal.KeywordExecutor.executeKeywordForPlatform(KeywordExecutor.groovy:53)
	at com.kms.katalon.core.keyword.BuiltinKeywords.callTestCase(BuiltinKeywords.groovy:334)
	at sun.reflect.GeneratedMethodAccessor13.invoke(Unknown Source)
	at sun.reflect.DelegatingMethodAccessorImpl.invoke(DelegatingMethodAccessorImpl.java:43)
	at java.lang.reflect.Method.invoke(Method.java:498)
	at org.codehaus.groovy.reflection.CachedMethod.invoke(CachedMethod.java:93)
	at groovy.lang.MetaMethod.doMethodInvoke(MetaMethod.java:325)
	at groovy.lang.MetaClassImpl.invokeStaticMethod(MetaClassImpl.java:1469)
	at org.codehaus.groovy.runtime.callsite.StaticMetaClassSite.call(StaticMetaClassSite.java:53)
	at org.codehaus.groovy.runtime.callsite.CallSiteArray.defaultCall(CallSiteArray.java:48)
	at org.codehaus.groovy.runtime.callsite.AbstractCallSite.call(AbstractCallSite.java:113)
	at org.codehaus.groovy.runtime.callsite.AbstractCallSite.call(AbstractCallSite.java:141)
	at Script1535963377509.run(Script1535963377509.groovy:33)
	at com.kms.katalon.core.main.ScriptEngine.run(ScriptEngine.java:183)
	at com.kms.katalon.core.main.ScriptEngine.runScriptAsRawText(ScriptEngine.java:108)
	at com.kms.katalon.core.main.TestCaseExecutor.runScript(TestCaseExecutor.java:294)
	at com.kms.katalon.core.main.TestCaseExecutor.doExecute(TestCaseExecutor.java:285)
	at com.kms.katalon.core.main.TestCaseExecutor.processExecutionPhase(TestCaseExecutor.java:264)
	at com.kms.katalon.core.main.TestCaseExecutor.accessMainPhase(TestCaseExecutor.java:256)
	at com.kms.katalon.core.main.TestCaseExecutor.execute(TestCaseExecutor.java:200)
	at com.kms.katalon.core.main.TestCaseMain.runTestCase(TestCaseMain.java:99)
	at com.kms.katalon.core.keyword.builtin.CallTestCaseKeyword$_callTestCase_closure1.doCall(CallTestCaseKeyword.groovy:60)
	at com.kms.katalon.core.keyword.builtin.CallTestCaseKeyword$_callTestCase_closure1.call(CallTestCaseKeyword.groovy)
	at com.kms.katalon.core.keyword.internal.KeywordMain.runKeyword(KeywordMain.groovy:54)
	at com.kms.katalon.core.keyword.builtin.CallTestCaseKeyword.callTestCase(CallTestCaseKeyword.groovy:81)
	at com.kms.katalon.core.keyword.builtin.CallTestCaseKeyword.execute(CallTestCaseKeyword.groovy:45)
	at com.kms.katalon.core.keyword.internal.KeywordExecutor.executeKeywordForPlatform(KeywordExecutor.groovy:53)
	at com.kms.katalon.core.keyword.BuiltinKeywords.callTestCase(BuiltinKeywords.groovy:334)
	at sun.reflect.GeneratedMethodAccessor13.invoke(Unknown Source)
	at sun.reflect.DelegatingMethodAccessorImpl.invoke(DelegatingMethodAccessorImpl.java:43)
	at java.lang.reflect.Method.invoke(Method.java:498)
	at org.codehaus.groovy.reflection.CachedMethod.invoke(CachedMethod.java:93)
	at groovy.lang.MetaMethod.doMethodInvoke(MetaMethod.java:325)
	at groovy.lang.MetaClassImpl.invokeStaticMethod(MetaClassImpl.java:1469)
	at org.codehaus.groovy.runtime.callsite.StaticMetaClassSite.call(StaticMetaClassSite.java:53)
	at org.codehaus.groovy.runtime.callsite.CallSiteArray.defaultCall(CallSiteArray.java:48)
	at org.codehaus.groovy.runtime.callsite.AbstractCallSite.call(AbstractCallSite.java:113)
	at org.codehaus.groovy.runtime.callsite.AbstractCallSite.call(AbstractCallSite.java:141)
	at Script1536137820751.run(Script1536137820751.groovy:25)
	at com.kms.katalon.core.main.ScriptEngine.run(ScriptEngine.java:183)
	at com.kms.katalon.core.main.ScriptEngine.runScriptAsRawText(ScriptEngine.java:108)
	at com.kms.katalon.core.main.TestCaseExecutor.runScript(TestCaseExecutor.java:294)
	at com.kms.katalon.core.main.TestCaseExecutor.doExecute(TestCaseExecutor.java:285)
	at com.kms.katalon.core.main.TestCaseExecutor.processExecutionPhase(TestCaseExecutor.java:264)
	at com.kms.katalon.core.main.TestCaseExecutor.accessMainPhase(TestCaseExecutor.java:256)
	at com.kms.katalon.core.main.TestCaseExecutor.execute(TestCaseExecutor.java:200)
	at com.kms.katalon.core.main.TestSuiteExecutor.accessTestCaseMainPhase(TestSuiteExecutor.java:129)
	at com.kms.katalon.core.main.TestSuiteExecutor.accessTestSuiteMainPhase(TestSuiteExecutor.java:112)
	at com.kms.katalon.core.main.TestSuiteExecutor.execute(TestSuiteExecutor.java:81)
	at com.kms.katalon.core.main.TestCaseMain.startTestSuite(TestCaseMain.java:142)
	at com.kms.katalon.core.main.TestCaseMain$startTestSuite$0.call(Unknown Source)
	at org.codehaus.groovy.runtime.callsite.CallSiteArray.defaultCall(CallSiteArray.java:48)
	at org.codehaus.groovy.runtime.callsite.AbstractCallSite.call(AbstractCallSite.java:113)
	at org.codehaus.groovy.runtime.callsite.AbstractCallSite.call(AbstractCallSite.java:141)
	at TempTestSuite1539913255508.run(TempTestSuite1539913255508.groovy:36)
	at groovy.lang.GroovyShell.runScriptOrMainOrTestOrRunnable(GroovyShell.java:263)
	at groovy.lang.GroovyShell.run(GroovyShell.java:518)
	at groovy.lang.GroovyShell.run(GroovyShell.java:507)
	at groovy.ui.GroovyMain.processOnce(GroovyMain.java:653)
	at groovy.ui.GroovyMain.run(GroovyMain.java:384)
	at groovy.ui.GroovyMain.process(GroovyMain.java:370)
	at groovy.ui.GroovyMain.processArgs(GroovyMain.java:129)
	at groovy.ui.GroovyMain.main(GroovyMain.java:109)
	at sun.reflect.NativeMethodAccessorImpl.invoke0(Native Method)
	at sun.reflect.NativeMethodAccessorImpl.invoke(NativeMethodAccessorImpl.java:62)
	at sun.reflect.DelegatingMethodAccessorImpl.invoke(DelegatingMethodAccessorImpl.java:43)
	at java.lang.reflect.Method.invoke(Method.java:498)
	at org.codehaus.groovy.tools.GroovyStarter.rootLoader(GroovyStarter.java:109)
	at org.codehaus.groovy.tools.GroovyStarter.main(GroovyStarter.java:131)
)]]></system-err>
      </testcase>
      <testcase name="Test Cases/Final Aug 2018 - PKS Automation/Registration Module/Workflow/Form 1A - Cessation As Employer/OTC to UO (Reject)" classname="Test Cases/Final Aug 2018 - PKS Automation/Registration Module/Workflow/Form 1A - Cessation As Employer/OTC to UO (Reject)" status="FAILED">
         <failure type="FAILED" message="(Stack trace: com.kms.katalon.core.exception.StepFailedException: Unable to click on object 'Object Repository/Final Object Repo/Landing Page/Select to English' (Root cause: com.kms.katalon.core.webui.exception.WebElementNotFoundException: Web element with id: 'Object Repository/Final Object Repo/Landing Page/Select to English' located by 'By.xpath: //a[@class = 'taglib-language-list-text' and @lang = 'en-US' and (contains(text(), 'EN') or contains(., 'EN'))]' not found)
	at com.kms.katalon.core.keyword.internal.KeywordMain.stepFailed(KeywordMain.groovy:32)
	at com.kms.katalon.core.webui.keyword.internal.WebUIKeywordMain.stepFailed(WebUIKeywordMain.groovy:65)
	at com.kms.katalon.core.webui.keyword.internal.WebUIKeywordMain.runKeyword(WebUIKeywordMain.groovy:27)
	at com.kms.katalon.core.webui.keyword.builtin.ClickKeyword.click(ClickKeyword.groovy:86)
	at com.kms.katalon.core.webui.keyword.builtin.ClickKeyword.execute(ClickKeyword.groovy:67)
	at com.kms.katalon.core.keyword.internal.KeywordExecutor.executeKeywordForPlatform(KeywordExecutor.groovy:53)
	at com.kms.katalon.core.webui.keyword.WebUiBuiltInKeywords.click(WebUiBuiltInKeywords.groovy:604)
	at com.kms.katalon.core.webui.keyword.WebUiBuiltInKeywords$click$8.call(Unknown Source)
	at Script1534407542420.run(Script1534407542420.groovy:57)
	at com.kms.katalon.core.main.ScriptEngine.run(ScriptEngine.java:183)
	at com.kms.katalon.core.main.ScriptEngine.runScriptAsRawText(ScriptEngine.java:108)
	at com.kms.katalon.core.main.TestCaseExecutor.runScript(TestCaseExecutor.java:294)
	at com.kms.katalon.core.main.TestCaseExecutor.doExecute(TestCaseExecutor.java:285)
	at com.kms.katalon.core.main.TestCaseExecutor.processExecutionPhase(TestCaseExecutor.java:264)
	at com.kms.katalon.core.main.TestCaseExecutor.accessMainPhase(TestCaseExecutor.java:256)
	at com.kms.katalon.core.main.TestCaseExecutor.execute(TestCaseExecutor.java:200)
	at com.kms.katalon.core.main.TestCaseMain.runTestCase(TestCaseMain.java:99)
	at com.kms.katalon.core.keyword.builtin.CallTestCaseKeyword$_callTestCase_closure1.doCall(CallTestCaseKeyword.groovy:60)
	at com.kms.katalon.core.keyword.builtin.CallTestCaseKeyword$_callTestCase_closure1.call(CallTestCaseKeyword.groovy)
	at com.kms.katalon.core.keyword.internal.KeywordMain.runKeyword(KeywordMain.groovy:54)
	at com.kms.katalon.core.keyword.builtin.CallTestCaseKeyword.callTestCase(CallTestCaseKeyword.groovy:81)
	at com.kms.katalon.core.keyword.builtin.CallTestCaseKeyword.execute(CallTestCaseKeyword.groovy:45)
	at com.kms.katalon.core.keyword.internal.KeywordExecutor.executeKeywordForPlatform(KeywordExecutor.groovy:53)
	at com.kms.katalon.core.keyword.BuiltinKeywords.callTestCase(BuiltinKeywords.groovy:334)
	at sun.reflect.GeneratedMethodAccessor13.invoke(Unknown Source)
	at sun.reflect.DelegatingMethodAccessorImpl.invoke(DelegatingMethodAccessorImpl.java:43)
	at java.lang.reflect.Method.invoke(Method.java:498)
	at org.codehaus.groovy.reflection.CachedMethod.invoke(CachedMethod.java:93)
	at groovy.lang.MetaMethod.doMethodInvoke(MetaMethod.java:325)
	at groovy.lang.MetaClassImpl.invokeStaticMethod(MetaClassImpl.java:1469)
	at org.codehaus.groovy.runtime.callsite.StaticMetaClassSite.call(StaticMetaClassSite.java:53)
	at org.codehaus.groovy.runtime.callsite.CallSiteArray.defaultCall(CallSiteArray.java:48)
	at org.codehaus.groovy.runtime.callsite.AbstractCallSite.call(AbstractCallSite.java:113)
	at org.codehaus.groovy.runtime.callsite.AbstractCallSite.call(AbstractCallSite.java:141)
	at Script1535961073924.run(Script1535961073924.groovy:33)
	at com.kms.katalon.core.main.ScriptEngine.run(ScriptEngine.java:183)
	at com.kms.katalon.core.main.ScriptEngine.runScriptAsRawText(ScriptEngine.java:108)
	at com.kms.katalon.core.main.TestCaseExecutor.runScript(TestCaseExecutor.java:294)
	at com.kms.katalon.core.main.TestCaseExecutor.doExecute(TestCaseExecutor.java:285)
	at com.kms.katalon.core.main.TestCaseExecutor.processExecutionPhase(TestCaseExecutor.java:264)
	at com.kms.katalon.core.main.TestCaseExecutor.accessMainPhase(TestCaseExecutor.java:256)
	at com.kms.katalon.core.main.TestCaseExecutor.execute(TestCaseExecutor.java:200)
	at com.kms.katalon.core.main.TestCaseMain.runTestCase(TestCaseMain.java:99)
	at com.kms.katalon.core.keyword.builtin.CallTestCaseKeyword$_callTestCase_closure1.doCall(CallTestCaseKeyword.groovy:60)
	at com.kms.katalon.core.keyword.builtin.CallTestCaseKeyword$_callTestCase_closure1.call(CallTestCaseKeyword.groovy)
	at com.kms.katalon.core.keyword.internal.KeywordMain.runKeyword(KeywordMain.groovy:54)
	at com.kms.katalon.core.keyword.builtin.CallTestCaseKeyword.callTestCase(CallTestCaseKeyword.groovy:81)
	at com.kms.katalon.core.keyword.builtin.CallTestCaseKeyword.execute(CallTestCaseKeyword.groovy:45)
	at com.kms.katalon.core.keyword.internal.KeywordExecutor.executeKeywordForPlatform(KeywordExecutor.groovy:53)
	at com.kms.katalon.core.keyword.BuiltinKeywords.callTestCase(BuiltinKeywords.groovy:334)
	at sun.reflect.GeneratedMethodAccessor13.invoke(Unknown Source)
	at sun.reflect.DelegatingMethodAccessorImpl.invoke(DelegatingMethodAccessorImpl.java:43)
	at java.lang.reflect.Method.invoke(Method.java:498)
	at org.codehaus.groovy.reflection.CachedMethod.invoke(CachedMethod.java:93)
	at groovy.lang.MetaMethod.doMethodInvoke(MetaMethod.java:325)
	at groovy.lang.MetaClassImpl.invokeStaticMethod(MetaClassImpl.java:1469)
	at org.codehaus.groovy.runtime.callsite.StaticMetaClassSite.call(StaticMetaClassSite.java:53)
	at org.codehaus.groovy.runtime.callsite.CallSiteArray.defaultCall(CallSiteArray.java:48)
	at org.codehaus.groovy.runtime.callsite.AbstractCallSite.call(AbstractCallSite.java:113)
	at org.codehaus.groovy.runtime.callsite.AbstractCallSite.call(AbstractCallSite.java:141)
	at Script1536137656747.run(Script1536137656747.groovy:25)
	at com.kms.katalon.core.main.ScriptEngine.run(ScriptEngine.java:183)
	at com.kms.katalon.core.main.ScriptEngine.runScriptAsRawText(ScriptEngine.java:108)
	at com.kms.katalon.core.main.TestCaseExecutor.runScript(TestCaseExecutor.java:294)
	at com.kms.katalon.core.main.TestCaseExecutor.doExecute(TestCaseExecutor.java:285)
	at com.kms.katalon.core.main.TestCaseExecutor.processExecutionPhase(TestCaseExecutor.java:264)
	at com.kms.katalon.core.main.TestCaseExecutor.accessMainPhase(TestCaseExecutor.java:256)
	at com.kms.katalon.core.main.TestCaseExecutor.execute(TestCaseExecutor.java:200)
	at com.kms.katalon.core.main.TestSuiteExecutor.accessTestCaseMainPhase(TestSuiteExecutor.java:129)
	at com.kms.katalon.core.main.TestSuiteExecutor.accessTestSuiteMainPhase(TestSuiteExecutor.java:112)
	at com.kms.katalon.core.main.TestSuiteExecutor.execute(TestSuiteExecutor.java:81)
	at com.kms.katalon.core.main.TestCaseMain.startTestSuite(TestCaseMain.java:142)
	at com.kms.katalon.core.main.TestCaseMain$startTestSuite$0.call(Unknown Source)
	at org.codehaus.groovy.runtime.callsite.CallSiteArray.defaultCall(CallSiteArray.java:48)
	at org.codehaus.groovy.runtime.callsite.AbstractCallSite.call(AbstractCallSite.java:113)
	at org.codehaus.groovy.runtime.callsite.AbstractCallSite.call(AbstractCallSite.java:141)
	at TempTestSuite1539913255508.run(TempTestSuite1539913255508.groovy:36)
	at groovy.lang.GroovyShell.runScriptOrMainOrTestOrRunnable(GroovyShell.java:263)
	at groovy.lang.GroovyShell.run(GroovyShell.java:518)
	at groovy.lang.GroovyShell.run(GroovyShell.java:507)
	at groovy.ui.GroovyMain.processOnce(GroovyMain.java:653)
	at groovy.ui.GroovyMain.run(GroovyMain.java:384)
	at groovy.ui.GroovyMain.process(GroovyMain.java:370)
	at groovy.ui.GroovyMain.processArgs(GroovyMain.java:129)
	at groovy.ui.GroovyMain.main(GroovyMain.java:109)
	at sun.reflect.NativeMethodAccessorImpl.invoke0(Native Method)
	at sun.reflect.NativeMethodAccessorImpl.invoke(NativeMethodAccessorImpl.java:62)
	at sun.reflect.DelegatingMethodAccessorImpl.invoke(DelegatingMethodAccessorImpl.java:43)
	at java.lang.reflect.Method.invoke(Method.java:498)
	at org.codehaus.groovy.tools.GroovyStarter.rootLoader(GroovyStarter.java:109)
	at org.codehaus.groovy.tools.GroovyStarter.main(GroovyStarter.java:131)
)"/>
         <system-out><![CDATA[2018-10-19 12:21:48 - [TEST_CASE][FAILED] - Test Cases/Final Aug 2018 - PKS Automation/Registration Module/Workflow/Form 1A - Cessation As Employer/OTC to UO (Reject): Test Cases/Final Aug 2018 - PKS Automation/Registration Module/Workflow/Form 1A - Cessation As Employer/OTC to UO (Reject) FAILED because (of) (Stack trace: com.kms.katalon.core.exception.StepFailedException: Unable to click on object 'Object Repository/Final Object Repo/Landing Page/Select to English' (Root cause: com.kms.katalon.core.webui.exception.WebElementNotFoundException: Web element with id: 'Object Repository/Final Object Repo/Landing Page/Select to English' located by 'By.xpath: //a[@class = 'taglib-language-list-text' and @lang = 'en-US' and (contains(text(), 'EN') or contains(., 'EN'))]' not found)
	at com.kms.katalon.core.keyword.internal.KeywordMain.stepFailed(KeywordMain.groovy:32)
	at com.kms.katalon.core.webui.keyword.internal.WebUIKeywordMain.stepFailed(WebUIKeywordMain.groovy:65)
	at com.kms.katalon.core.webui.keyword.internal.WebUIKeywordMain.runKeyword(WebUIKeywordMain.groovy:27)
	at com.kms.katalon.core.webui.keyword.builtin.ClickKeyword.click(ClickKeyword.groovy:86)
	at com.kms.katalon.core.webui.keyword.builtin.ClickKeyword.execute(ClickKeyword.groovy:67)
	at com.kms.katalon.core.keyword.internal.KeywordExecutor.executeKeywordForPlatform(KeywordExecutor.groovy:53)
	at com.kms.katalon.core.webui.keyword.WebUiBuiltInKeywords.click(WebUiBuiltInKeywords.groovy:604)
	at com.kms.katalon.core.webui.keyword.WebUiBuiltInKeywords$click$8.call(Unknown Source)
	at Script1534407542420.run(Script1534407542420.groovy:57)
	at com.kms.katalon.core.main.ScriptEngine.run(ScriptEngine.java:183)
	at com.kms.katalon.core.main.ScriptEngine.runScriptAsRawText(ScriptEngine.java:108)
	at com.kms.katalon.core.main.TestCaseExecutor.runScript(TestCaseExecutor.java:294)
	at com.kms.katalon.core.main.TestCaseExecutor.doExecute(TestCaseExecutor.java:285)
	at com.kms.katalon.core.main.TestCaseExecutor.processExecutionPhase(TestCaseExecutor.java:264)
	at com.kms.katalon.core.main.TestCaseExecutor.accessMainPhase(TestCaseExecutor.java:256)
	at com.kms.katalon.core.main.TestCaseExecutor.execute(TestCaseExecutor.java:200)
	at com.kms.katalon.core.main.TestCaseMain.runTestCase(TestCaseMain.java:99)
	at com.kms.katalon.core.keyword.builtin.CallTestCaseKeyword$_callTestCase_closure1.doCall(CallTestCaseKeyword.groovy:60)
	at com.kms.katalon.core.keyword.builtin.CallTestCaseKeyword$_callTestCase_closure1.call(CallTestCaseKeyword.groovy)
	at com.kms.katalon.core.keyword.internal.KeywordMain.runKeyword(KeywordMain.groovy:54)
	at com.kms.katalon.core.keyword.builtin.CallTestCaseKeyword.callTestCase(CallTestCaseKeyword.groovy:81)
	at com.kms.katalon.core.keyword.builtin.CallTestCaseKeyword.execute(CallTestCaseKeyword.groovy:45)
	at com.kms.katalon.core.keyword.internal.KeywordExecutor.executeKeywordForPlatform(KeywordExecutor.groovy:53)
	at com.kms.katalon.core.keyword.BuiltinKeywords.callTestCase(BuiltinKeywords.groovy:334)
	at sun.reflect.GeneratedMethodAccessor13.invoke(Unknown Source)
	at sun.reflect.DelegatingMethodAccessorImpl.invoke(DelegatingMethodAccessorImpl.java:43)
	at java.lang.reflect.Method.invoke(Method.java:498)
	at org.codehaus.groovy.reflection.CachedMethod.invoke(CachedMethod.java:93)
	at groovy.lang.MetaMethod.doMethodInvoke(MetaMethod.java:325)
	at groovy.lang.MetaClassImpl.invokeStaticMethod(MetaClassImpl.java:1469)
	at org.codehaus.groovy.runtime.callsite.StaticMetaClassSite.call(StaticMetaClassSite.java:53)
	at org.codehaus.groovy.runtime.callsite.CallSiteArray.defaultCall(CallSiteArray.java:48)
	at org.codehaus.groovy.runtime.callsite.AbstractCallSite.call(AbstractCallSite.java:113)
	at org.codehaus.groovy.runtime.callsite.AbstractCallSite.call(AbstractCallSite.java:141)
	at Script1535961073924.run(Script1535961073924.groovy:33)
	at com.kms.katalon.core.main.ScriptEngine.run(ScriptEngine.java:183)
	at com.kms.katalon.core.main.ScriptEngine.runScriptAsRawText(ScriptEngine.java:108)
	at com.kms.katalon.core.main.TestCaseExecutor.runScript(TestCaseExecutor.java:294)
	at com.kms.katalon.core.main.TestCaseExecutor.doExecute(TestCaseExecutor.java:285)
	at com.kms.katalon.core.main.TestCaseExecutor.processExecutionPhase(TestCaseExecutor.java:264)
	at com.kms.katalon.core.main.TestCaseExecutor.accessMainPhase(TestCaseExecutor.java:256)
	at com.kms.katalon.core.main.TestCaseExecutor.execute(TestCaseExecutor.java:200)
	at com.kms.katalon.core.main.TestCaseMain.runTestCase(TestCaseMain.java:99)
	at com.kms.katalon.core.keyword.builtin.CallTestCaseKeyword$_callTestCase_closure1.doCall(CallTestCaseKeyword.groovy:60)
	at com.kms.katalon.core.keyword.builtin.CallTestCaseKeyword$_callTestCase_closure1.call(CallTestCaseKeyword.groovy)
	at com.kms.katalon.core.keyword.internal.KeywordMain.runKeyword(KeywordMain.groovy:54)
	at com.kms.katalon.core.keyword.builtin.CallTestCaseKeyword.callTestCase(CallTestCaseKeyword.groovy:81)
	at com.kms.katalon.core.keyword.builtin.CallTestCaseKeyword.execute(CallTestCaseKeyword.groovy:45)
	at com.kms.katalon.core.keyword.internal.KeywordExecutor.executeKeywordForPlatform(KeywordExecutor.groovy:53)
	at com.kms.katalon.core.keyword.BuiltinKeywords.callTestCase(BuiltinKeywords.groovy:334)
	at sun.reflect.GeneratedMethodAccessor13.invoke(Unknown Source)
	at sun.reflect.DelegatingMethodAccessorImpl.invoke(DelegatingMethodAccessorImpl.java:43)
	at java.lang.reflect.Method.invoke(Method.java:498)
	at org.codehaus.groovy.reflection.CachedMethod.invoke(CachedMethod.java:93)
	at groovy.lang.MetaMethod.doMethodInvoke(MetaMethod.java:325)
	at groovy.lang.MetaClassImpl.invokeStaticMethod(MetaClassImpl.java:1469)
	at org.codehaus.groovy.runtime.callsite.StaticMetaClassSite.call(StaticMetaClassSite.java:53)
	at org.codehaus.groovy.runtime.callsite.CallSiteArray.defaultCall(CallSiteArray.java:48)
	at org.codehaus.groovy.runtime.callsite.AbstractCallSite.call(AbstractCallSite.java:113)
	at org.codehaus.groovy.runtime.callsite.AbstractCallSite.call(AbstractCallSite.java:141)
	at Script1536137656747.run(Script1536137656747.groovy:25)
	at com.kms.katalon.core.main.ScriptEngine.run(ScriptEngine.java:183)
	at com.kms.katalon.core.main.ScriptEngine.runScriptAsRawText(ScriptEngine.java:108)
	at com.kms.katalon.core.main.TestCaseExecutor.runScript(TestCaseExecutor.java:294)
	at com.kms.katalon.core.main.TestCaseExecutor.doExecute(TestCaseExecutor.java:285)
	at com.kms.katalon.core.main.TestCaseExecutor.processExecutionPhase(TestCaseExecutor.java:264)
	at com.kms.katalon.core.main.TestCaseExecutor.accessMainPhase(TestCaseExecutor.java:256)
	at com.kms.katalon.core.main.TestCaseExecutor.execute(TestCaseExecutor.java:200)
	at com.kms.katalon.core.main.TestSuiteExecutor.accessTestCaseMainPhase(TestSuiteExecutor.java:129)
	at com.kms.katalon.core.main.TestSuiteExecutor.accessTestSuiteMainPhase(TestSuiteExecutor.java:112)
	at com.kms.katalon.core.main.TestSuiteExecutor.execute(TestSuiteExecutor.java:81)
	at com.kms.katalon.core.main.TestCaseMain.startTestSuite(TestCaseMain.java:142)
	at com.kms.katalon.core.main.TestCaseMain$startTestSuite$0.call(Unknown Source)
	at org.codehaus.groovy.runtime.callsite.CallSiteArray.defaultCall(CallSiteArray.java:48)
	at org.codehaus.groovy.runtime.callsite.AbstractCallSite.call(AbstractCallSite.java:113)
	at org.codehaus.groovy.runtime.callsite.AbstractCallSite.call(AbstractCallSite.java:141)
	at TempTestSuite1539913255508.run(TempTestSuite1539913255508.groovy:36)
	at groovy.lang.GroovyShell.runScriptOrMainOrTestOrRunnable(GroovyShell.java:263)
	at groovy.lang.GroovyShell.run(GroovyShell.java:518)
	at groovy.lang.GroovyShell.run(GroovyShell.java:507)
	at groovy.ui.GroovyMain.processOnce(GroovyMain.java:653)
	at groovy.ui.GroovyMain.run(GroovyMain.java:384)
	at groovy.ui.GroovyMain.process(GroovyMain.java:370)
	at groovy.ui.GroovyMain.processArgs(GroovyMain.java:129)
	at groovy.ui.GroovyMain.main(GroovyMain.java:109)
	at sun.reflect.NativeMethodAccessorImpl.invoke0(Native Method)
	at sun.reflect.NativeMethodAccessorImpl.invoke(NativeMethodAccessorImpl.java:62)
	at sun.reflect.DelegatingMethodAccessorImpl.invoke(DelegatingMethodAccessorImpl.java:43)
	at java.lang.reflect.Method.invoke(Method.java:498)
	at org.codehaus.groovy.tools.GroovyStarter.rootLoader(GroovyStarter.java:109)
	at org.codehaus.groovy.tools.GroovyStarter.main(GroovyStarter.java:131)
)

2018-10-19 12:21:48 - [TEST_STEP][PASSED] - callTestCase: Call Test Case 'Test Cases/Final Aug 2018 - PKS Automation/Registration Module/Workflow/Form 1A - Cessation As Employer/Template/Form 1 A - Cessation As Employer (OTC)' successfully

2018-10-19 12:21:49 - [TEST_CASE][PASSED] - Test Cases/Final Aug 2018 - PKS Automation/Registration Module/Workflow/Form 1A - Cessation As Employer/Template/Form 1 A - Cessation As Employer (OTC): Test Cases/Final Aug 2018 - PKS Automation/Registration Module/Workflow/Form 1A - Cessation As Employer/Template/Form 1 A - Cessation As Employer (OTC)

2018-10-19 12:21:49 - [TEST_STEP][PASSED] - openBrowser: Browser is opened with url: ''

2018-10-19 12:21:49 - [MESSAGE][WARNING] - A browser is already opened. Closing browser and opening a new one

2018-10-19 12:21:53 - [MESSAGE][PASSED] - Browser is opened with url: ''

2018-10-19 12:21:53 - [TEST_STEP][PASSED] - navigateToUrl: Navigate to 'https://assist2-uat.perkeso.gov.my/login' successfully

2018-10-19 12:21:55 - [MESSAGE][PASSED] - Navigate to 'https://assist2-uat.perkeso.gov.my/login' successfully

2018-10-19 12:21:55 - [TEST_STEP][PASSED] - setText: Text 'johorotc1@gmail.com' is set on object 'Object Repository/Final Object Repo/Login Page/Internal User/Email Address'

2018-10-19 12:21:55 - [MESSAGE][PASSED] - Text 'johorotc1@gmail.com' is set on object 'Object Repository/Final Object Repo/Login Page/Internal User/Email Address'

2018-10-19 12:21:55 - [TEST_STEP][PASSED] - click: Object: 'Object Repository/Final Object Repo/Login Page/Internal User/Next Button' is clicked on

2018-10-19 12:21:55 - [MESSAGE][PASSED] - Object: 'Object Repository/Final Object Repo/Login Page/Internal User/Next Button' is clicked on

2018-10-19 12:21:55 - [TEST_STEP][PASSED] - delay: Delayed 1 second(s)

2018-10-19 12:21:56 - [MESSAGE][PASSED] - Delayed 1 second(s)

2018-10-19 12:21:56 - [TEST_STEP][PASSED] - setEncryptedText: Text ****** has been set on object 'Object Repository/Final Object Repo/Login Page/Internal User/Password'

2018-10-19 12:21:57 - [MESSAGE][PASSED] - Text ****** has been set on object 'Object Repository/Final Object Repo/Login Page/Internal User/Password'

2018-10-19 12:21:57 - [TEST_STEP][PASSED] - click: Object: 'Object Repository/Final Object Repo/Login Page/Internal User/Login Button' is clicked on

2018-10-19 12:21:57 - [MESSAGE][PASSED] - Object: 'Object Repository/Final Object Repo/Login Page/Internal User/Login Button' is clicked on

2018-10-19 12:21:57 - [TEST_STEP][PASSED] - delay: Delayed 1 second(s)

2018-10-19 12:21:58 - [MESSAGE][PASSED] - Delayed 1 second(s)

2018-10-19 12:21:58 - [TEST_STEP][PASSED] - Statement - Try: Delayed 2 second(s)

2018-10-19 12:21:58 - [TEST_STEP][PASSED] - Statement - Checker = false: null

2018-10-19 12:21:58 - [TEST_STEP][PASSED] - Statement - Checker = com.kms.katalon.core.webui.keyword.WebUiBuiltInKeywords.verifyElementHasAttribute(com.kms.katalon.core.testobject.ObjectRepository.findTestObject(Final Object Repo/Landing Page/BM Detecting), "href", 20, OPTIONAL): Object 'Object Repository/Final Object Repo/Landing Page/BM Detecting' has attribute 'href'

2018-10-19 12:22:00 - [MESSAGE][PASSED] - Object 'Object Repository/Final Object Repo/Landing Page/BM Detecting' has attribute 'href'

2018-10-19 12:22:00 - [TEST_STEP][PASSED] - Statement - out.println(Checker): null

2018-10-19 12:22:00 - [TEST_STEP][PASSED] - Statement - If (Checker == false): null

2018-10-19 12:22:00 - [TEST_STEP][PASSED] - Statement - Else: null

2018-10-19 12:22:00 - [TEST_STEP][PASSED] - delay: Delayed 2 second(s)

2018-10-19 12:22:02 - [MESSAGE][PASSED] - Delayed 2 second(s)

2018-10-19 12:22:02 - [TEST_STEP][PASSED] - navigateToUrl: Navigate to 'https://assist2-uat.perkeso.gov.my/web/registration/update/form-1a-cessation-as-employer-discontinue-business-' successfully

2018-10-19 12:22:03 - [MESSAGE][PASSED] - Navigate to 'https://assist2-uat.perkeso.gov.my/web/registration/update/form-1a-cessation-as-employer-discontinue-business-' successfully

2018-10-19 12:22:03 - [TEST_STEP][PASSED] - setText: Text 'E1102069770Z' is set on object 'Object Repository/Final Object Repo/Page_Update Employer Information/Employer Code'

2018-10-19 12:22:03 - [MESSAGE][PASSED] - Text 'E1102069770Z' is set on object 'Object Repository/Final Object Repo/Page_Update Employer Information/Employer Code'

2018-10-19 12:22:03 - [TEST_STEP][PASSED] - click: Object: 'Object Repository/Final Object Repo/Page_Update Employer Information/Search Button' is clicked on

2018-10-19 12:22:03 - [MESSAGE][PASSED] - Object: 'Object Repository/Final Object Repo/Page_Update Employer Information/Search Button' is clicked on

2018-10-19 12:22:03 - [TEST_STEP][PASSED] - click: Object: 'Object Repository/Final Object Repo/Page_Update Employer Information/Edit Button' is clicked on

2018-10-19 12:22:06 - [MESSAGE][PASSED] - Object: 'Object Repository/Final Object Repo/Page_Update Employer Information/Edit Button' is clicked on

2018-10-19 12:22:06 - [TEST_STEP][PASSED] - Statement - abc = com.kms.katalon.core.webui.keyword.WebUiBuiltInKeywords.getAttribute(com.kms.katalon.core.testobject.ObjectRepository.findTestObject(Final Object Repo/Page_Form 1A - Cessation As Employer/Employer Status), "value"): Attribute 'value' of object 'Object Repository/Final Object Repo/Page_Form 1A - Cessation As Employer/Employer Status' is: 'Dormant'

2018-10-19 12:22:06 - [MESSAGE][PASSED] - Attribute 'value' of object 'Object Repository/Final Object Repo/Page_Form 1A - Cessation As Employer/Employer Status' is: 'Dormant'

2018-10-19 12:22:06 - [TEST_STEP][PASSED] - Statement - out.println(abc): null

2018-10-19 12:22:06 - [TEST_STEP][PASSED] - Statement - If (abc == "Active"): null

2018-10-19 12:22:06 - [TEST_STEP][PASSED] - Statement - Else If (abc == "Cancel"): null

2018-10-19 12:22:06 - [TEST_STEP][PASSED] - Statement - Else If (abc == "Dormant"): Object: 'Object Repository/Final Object Repo/Page_Form 1A - Cessation As Employer/Change Employer Status to - Dormant' is clicked on

2018-10-19 12:22:06 - [TEST_STEP][PASSED] - click: Object: 'Object Repository/Final Object Repo/Page_Form 1A - Cessation As Employer/Change Employer Status to' is clicked on

2018-10-19 12:22:06 - [MESSAGE][PASSED] - Object: 'Object Repository/Final Object Repo/Page_Form 1A - Cessation As Employer/Change Employer Status to' is clicked on

2018-10-19 12:22:06 - [TEST_STEP][PASSED] - click: Object: 'Object Repository/Final Object Repo/Page_Form 1A - Cessation As Employer/Change Employer Status to - Dormant' is clicked on

2018-10-19 12:22:07 - [MESSAGE][PASSED] - Object: 'Object Repository/Final Object Repo/Page_Form 1A - Cessation As Employer/Change Employer Status to - Dormant' is clicked on

2018-10-19 12:22:07 - [TEST_STEP][PASSED] - click: Object: 'Object Repository/Final Object Repo/Page_Form 1A - Cessation As Employer/Calender' is clicked on

2018-10-19 12:22:07 - [MESSAGE][PASSED] - Object: 'Object Repository/Final Object Repo/Page_Form 1A - Cessation As Employer/Calender' is clicked on

2018-10-19 12:22:07 - [TEST_STEP][PASSED] - click: Object: 'Object Repository/Final Object Repo/Page_Form 1A - Cessation As Employer/Calender - Date' is clicked on

2018-10-19 12:22:07 - [MESSAGE][PASSED] - Object: 'Object Repository/Final Object Repo/Page_Form 1A - Cessation As Employer/Calender - Date' is clicked on

2018-10-19 12:22:07 - [TEST_STEP][PASSED] - delay: Delayed 2 second(s)

2018-10-19 12:22:09 - [MESSAGE][PASSED] - Delayed 2 second(s)

2018-10-19 12:22:09 - [TEST_STEP][PASSED] - click: Object: 'Object Repository/Final Object Repo/Page_Form 1A - Cessation As Employer/Save  Continue in Form 1A Page' is clicked on

2018-10-19 12:22:09 - [MESSAGE][PASSED] - Object: 'Object Repository/Final Object Repo/Page_Form 1A - Cessation As Employer/Save  Continue in Form 1A Page' is clicked on

2018-10-19 12:22:09 - [TEST_STEP][PASSED] - delay: Delayed 2 second(s)

2018-10-19 12:22:11 - [MESSAGE][PASSED] - Delayed 2 second(s)

2018-10-19 12:22:11 - [TEST_STEP][PASSED] - click: Object: 'Object Repository/Final Object Repo/Page_Form 1A - Cessation As Employer/Employment Resign Date' is clicked on

2018-10-19 12:22:12 - [MESSAGE][PASSED] - Object: 'Object Repository/Final Object Repo/Page_Form 1A - Cessation As Employer/Employment Resign Date' is clicked on

2018-10-19 12:22:12 - [TEST_STEP][PASSED] - delay: Delayed 1 second(s)

2018-10-19 12:22:13 - [MESSAGE][PASSED] - Delayed 1 second(s)

2018-10-19 12:22:13 - [TEST_STEP][PASSED] - Statement - CaseReferenceNo = com.kms.katalon.core.webui.keyword.WebUiBuiltInKeywords.getText(com.kms.katalon.core.testobject.ObjectRepository.findTestObject(Final Object Repo/Page_Update Employer Information/Reference Number in Update Employee Information Page)): Text of object 'Object Repository/Final Object Repo/Page_Update Employer Information/Reference Number in Update Employee Information Page' is: 'CUN102018C200001429'

2018-10-19 12:22:13 - [MESSAGE][PASSED] - Text of object 'Object Repository/Final Object Repo/Page_Update Employer Information/Reference Number in Update Employee Information Page' is: 'CUN102018C200001429'

2018-10-19 12:22:13 - [TEST_STEP][PASSED] - callTestCase: Call Test Case 'Test Cases/Final Aug 2018 - PKS Automation/Common/Reference Number Setter' successfully

2018-10-19 12:22:13 - [TEST_CASE][PASSED] - Test Cases/Final Aug 2018 - PKS Automation/Common/Reference Number Setter: Test Cases/Final Aug 2018 - PKS Automation/Common/Reference Number Setter

2018-10-19 12:22:13 - [TEST_STEP][PASSED] - Statement - RefNoOldFile = new java.io.File(C://KatalonReference.txt): null

2018-10-19 12:22:13 - [TEST_STEP][PASSED] - Statement - RefNoOldFile.delete(): null

2018-10-19 12:22:13 - [TEST_STEP][PASSED] - Statement - RefNo = new java.io.File(C://KatalonReference.txt): null

2018-10-19 12:22:13 - [TEST_STEP][PASSED] - Statement - RefNo.append(CaseReferenceNo): null

2018-10-19 12:22:13 - [TEST_STEP][PASSED] - Statement - out.println("


" + CaseReferenceNo + "


"): null

2018-10-19 12:22:13 - [MESSAGE][PASSED] - Call Test Case 'Test Cases/Final Aug 2018 - PKS Automation/Common/Reference Number Setter' successfully

2018-10-19 12:22:13 - [TEST_STEP][PASSED] - selectOptionByValue: All options with value '2030' are selected in object 'Object Repository/Final Object Repo/Page_Form 1A - Cessation As Employer/Employment Resign Date - Year' 

2018-10-19 12:22:13 - [MESSAGE][PASSED] - All options with value '2030' are selected in object 'Object Repository/Final Object Repo/Page_Form 1A - Cessation As Employer/Employment Resign Date - Year' 

2018-10-19 12:22:13 - [TEST_STEP][PASSED] - delay: Delayed 1 second(s)

2018-10-19 12:22:14 - [MESSAGE][PASSED] - Delayed 1 second(s)

2018-10-19 12:22:14 - [TEST_STEP][PASSED] - click: Object: 'Object Repository/Final Object Repo/Page_Form 1A - Cessation As Employer/Employment Resign Date - Year - Date' is clicked on

2018-10-19 12:22:14 - [MESSAGE][PASSED] - Object: 'Object Repository/Final Object Repo/Page_Form 1A - Cessation As Employer/Employment Resign Date - Year - Date' is clicked on

2018-10-19 12:22:14 - [TEST_STEP][PASSED] - delay: Delayed 2 second(s)

2018-10-19 12:22:16 - [MESSAGE][PASSED] - Delayed 2 second(s)

2018-10-19 12:22:16 - [TEST_STEP][PASSED] - click: Object: 'Object Repository/Final Object Repo/Page_Form 1A - Cessation As Employer/Save  Continue in Update Add Employee Resigned Date Page' is clicked on

2018-10-19 12:22:16 - [MESSAGE][PASSED] - Object: 'Object Repository/Final Object Repo/Page_Form 1A - Cessation As Employer/Save  Continue in Update Add Employee Resigned Date Page' is clicked on

2018-10-19 12:22:16 - [TEST_STEP][PASSED] - delay: Delayed 2 second(s)

2018-10-19 12:22:18 - [MESSAGE][PASSED] - Delayed 2 second(s)

2018-10-19 12:22:18 - [TEST_STEP][PASSED] - click: Object: 'Object Repository/Final Object Repo/Page_Form 1A - Cessation As Employer/Add Document' is clicked on

2018-10-19 12:22:20 - [MESSAGE][PASSED] - Object: 'Object Repository/Final Object Repo/Page_Form 1A - Cessation As Employer/Add Document' is clicked on

2018-10-19 12:22:20 - [TEST_STEP][PASSED] - delay: Delayed 2 second(s)

2018-10-19 12:22:22 - [MESSAGE][PASSED] - Delayed 2 second(s)

2018-10-19 12:22:22 - [TEST_STEP][PASSED] - click: Object: 'Object Repository/Final Object Repo/Page_Form 1A - Cessation As Employer/Document Type' is clicked on

2018-10-19 12:22:24 - [MESSAGE][PASSED] - Object: 'Object Repository/Final Object Repo/Page_Form 1A - Cessation As Employer/Document Type' is clicked on

2018-10-19 12:22:24 - [TEST_STEP][PASSED] - delay: Delayed 2 second(s)

2018-10-19 12:22:26 - [MESSAGE][PASSED] - Delayed 2 second(s)

2018-10-19 12:22:26 - [TEST_STEP][PASSED] - click: Object: 'Object Repository/Final Object Repo/Page_Form 1A - Cessation As Employer/Document Type - Supporting Document For Cessation' is clicked on

2018-10-19 12:22:26 - [MESSAGE][PASSED] - Object: 'Object Repository/Final Object Repo/Page_Form 1A - Cessation As Employer/Document Type - Supporting Document For Cessation' is clicked on

2018-10-19 12:22:26 - [TEST_STEP][PASSED] - delay: Delayed 2 second(s)

2018-10-19 12:22:28 - [MESSAGE][PASSED] - Delayed 2 second(s)

2018-10-19 12:22:28 - [TEST_STEP][PASSED] - sendKeys: Keys 'C:\Users\Public\Pictures\Sample Pictures\Act.jpg' sent to object: 'Object Repository/Final Object Repo/Page_Form 1A - Cessation As Employer/Uploading File'

2018-10-19 12:22:28 - [MESSAGE][PASSED] - Keys 'C:\Users\Public\Pictures\Sample Pictures\Act.jpg' sent to object: 'Object Repository/Final Object Repo/Page_Form 1A - Cessation As Employer/Uploading File'

2018-10-19 12:22:28 - [TEST_STEP][PASSED] - delay: Delayed 2 second(s)

2018-10-19 12:22:30 - [MESSAGE][PASSED] - Delayed 2 second(s)

2018-10-19 12:22:30 - [TEST_STEP][PASSED] - click: Object: 'Object Repository/Final Object Repo/Page_Form 1A - Cessation As Employer/Add Document in Uploading Page' is clicked on

2018-10-19 12:22:30 - [MESSAGE][PASSED] - Object: 'Object Repository/Final Object Repo/Page_Form 1A - Cessation As Employer/Add Document in Uploading Page' is clicked on

2018-10-19 12:22:30 - [TEST_STEP][PASSED] - delay: Delayed 20 second(s)

2018-10-19 12:22:50 - [MESSAGE][PASSED] - Delayed 20 second(s)

2018-10-19 12:22:50 - [TEST_STEP][PASSED] - click: Object: 'Object Repository/Final Object Repo/Page_Form 1A - Cessation As Employer/Save  Continue in Uploading Page' is clicked on

2018-10-19 12:22:51 - [MESSAGE][PASSED] - Object: 'Object Repository/Final Object Repo/Page_Form 1A - Cessation As Employer/Save  Continue in Uploading Page' is clicked on

2018-10-19 12:22:51 - [TEST_STEP][PASSED] - delay: Delayed 2 second(s)

2018-10-19 12:22:53 - [MESSAGE][PASSED] - Delayed 2 second(s)

2018-10-19 12:22:53 - [TEST_STEP][PASSED] - click: Object: 'Object Repository/Final Object Repo/Page_Form 1A - Cessation As Employer/Submit2' is clicked on

2018-10-19 12:22:56 - [MESSAGE][PASSED] - Object: 'Object Repository/Final Object Repo/Page_Form 1A - Cessation As Employer/Submit2' is clicked on

2018-10-19 12:22:56 - [TEST_STEP][PASSED] - delay: Delayed 2 second(s)

2018-10-19 12:22:58 - [MESSAGE][PASSED] - Delayed 2 second(s)

2018-10-19 12:22:58 - [TEST_STEP][PASSED] - click: Object: 'Object Repository/Final Object Repo/Page_Form 1A - Cessation As Employer/Confirm' is clicked on

2018-10-19 12:22:59 - [MESSAGE][PASSED] - Object: 'Object Repository/Final Object Repo/Page_Form 1A - Cessation As Employer/Confirm' is clicked on

2018-10-19 12:22:59 - [TEST_STEP][PASSED] - delay: Delayed 2 second(s)

2018-10-19 12:23:01 - [MESSAGE][PASSED] - Delayed 2 second(s)

2018-10-19 12:23:01 - [TEST_STEP][PASSED] - verifyElementVisible: Object 'Object Repository/Final Object Repo/Page_Form 1A - Cessation As Employer/Message Your Request will be routed to UO' is visible

2018-10-19 12:23:05 - [MESSAGE][PASSED] - Object 'Object Repository/Final Object Repo/Page_Form 1A - Cessation As Employer/Message Your Request will be routed to UO' is visible

2018-10-19 12:23:05 - [TEST_STEP][PASSED] - delay: Delayed 1 second(s)

2018-10-19 12:23:06 - [MESSAGE][PASSED] - Delayed 1 second(s)

2018-10-19 12:23:06 - [TEST_STEP][PASSED] - verifyElementVisible: Object 'Object Repository/Final Object Repo/Page_Form 1A - Cessation As Employer/Letter of acknowledgement' is visible

2018-10-19 12:23:06 - [MESSAGE][PASSED] - Object 'Object Repository/Final Object Repo/Page_Form 1A - Cessation As Employer/Letter of acknowledgement' is visible

2018-10-19 12:23:06 - [MESSAGE][PASSED] - Call Test Case 'Test Cases/Final Aug 2018 - PKS Automation/Registration Module/Workflow/Form 1A - Cessation As Employer/Template/Form 1 A - Cessation As Employer (OTC)' successfully

2018-10-19 12:23:06 - [TEST_STEP][FAILED] - callTestCase: Unable to call Test Case with id 'Test Cases/Final Aug 2018 - PKS Automation/Registration Module/Workflow/Form 1A - Cessation As Employer/Template/Form 1 A - Cessation As Employer (Reject)' (Root cause: Call Test Case 'Test Cases/Final Aug 2018 - PKS Automation/Registration Module/Workflow/Form 1A - Cessation As Employer/Template/Form 1 A - Cessation As Employer (Reject)' failed)

2018-10-19 12:23:06 - [TEST_CASE][FAILED] - Test Cases/Final Aug 2018 - PKS Automation/Registration Module/Workflow/Form 1A - Cessation As Employer/Template/Form 1 A - Cessation As Employer (Reject): Test Cases/Final Aug 2018 - PKS Automation/Registration Module/Workflow/Form 1A - Cessation As Employer/Template/Form 1 A - Cessation As Employer (Reject) FAILED because (of) (Stack trace: com.kms.katalon.core.exception.StepFailedException: Unable to click on object 'Object Repository/Final Object Repo/Landing Page/Select to English' (Root cause: com.kms.katalon.core.webui.exception.WebElementNotFoundException: Web element with id: 'Object Repository/Final Object Repo/Landing Page/Select to English' located by 'By.xpath: //a[@class = 'taglib-language-list-text' and @lang = 'en-US' and (contains(text(), 'EN') or contains(., 'EN'))]' not found)
	at com.kms.katalon.core.keyword.internal.KeywordMain.stepFailed(KeywordMain.groovy:32)
	at com.kms.katalon.core.webui.keyword.internal.WebUIKeywordMain.stepFailed(WebUIKeywordMain.groovy:65)
	at com.kms.katalon.core.webui.keyword.internal.WebUIKeywordMain.runKeyword(WebUIKeywordMain.groovy:27)
	at com.kms.katalon.core.webui.keyword.builtin.ClickKeyword.click(ClickKeyword.groovy:86)
	at com.kms.katalon.core.webui.keyword.builtin.ClickKeyword.execute(ClickKeyword.groovy:67)
	at com.kms.katalon.core.keyword.internal.KeywordExecutor.executeKeywordForPlatform(KeywordExecutor.groovy:53)
	at com.kms.katalon.core.webui.keyword.WebUiBuiltInKeywords.click(WebUiBuiltInKeywords.groovy:604)
	at com.kms.katalon.core.webui.keyword.WebUiBuiltInKeywords$click$8.call(Unknown Source)
	at Script1534407542420.run(Script1534407542420.groovy:57)
	at com.kms.katalon.core.main.ScriptEngine.run(ScriptEngine.java:183)
	at com.kms.katalon.core.main.ScriptEngine.runScriptAsRawText(ScriptEngine.java:108)
	at com.kms.katalon.core.main.TestCaseExecutor.runScript(TestCaseExecutor.java:294)
	at com.kms.katalon.core.main.TestCaseExecutor.doExecute(TestCaseExecutor.java:285)
	at com.kms.katalon.core.main.TestCaseExecutor.processExecutionPhase(TestCaseExecutor.java:264)
	at com.kms.katalon.core.main.TestCaseExecutor.accessMainPhase(TestCaseExecutor.java:256)
	at com.kms.katalon.core.main.TestCaseExecutor.execute(TestCaseExecutor.java:200)
	at com.kms.katalon.core.main.TestCaseMain.runTestCase(TestCaseMain.java:99)
	at com.kms.katalon.core.keyword.builtin.CallTestCaseKeyword$_callTestCase_closure1.doCall(CallTestCaseKeyword.groovy:60)
	at com.kms.katalon.core.keyword.builtin.CallTestCaseKeyword$_callTestCase_closure1.call(CallTestCaseKeyword.groovy)
	at com.kms.katalon.core.keyword.internal.KeywordMain.runKeyword(KeywordMain.groovy:54)
	at com.kms.katalon.core.keyword.builtin.CallTestCaseKeyword.callTestCase(CallTestCaseKeyword.groovy:81)
	at com.kms.katalon.core.keyword.builtin.CallTestCaseKeyword.execute(CallTestCaseKeyword.groovy:45)
	at com.kms.katalon.core.keyword.internal.KeywordExecutor.executeKeywordForPlatform(KeywordExecutor.groovy:53)
	at com.kms.katalon.core.keyword.BuiltinKeywords.callTestCase(BuiltinKeywords.groovy:334)
	at sun.reflect.GeneratedMethodAccessor13.invoke(Unknown Source)
	at sun.reflect.DelegatingMethodAccessorImpl.invoke(DelegatingMethodAccessorImpl.java:43)
	at java.lang.reflect.Method.invoke(Method.java:498)
	at org.codehaus.groovy.reflection.CachedMethod.invoke(CachedMethod.java:93)
	at groovy.lang.MetaMethod.doMethodInvoke(MetaMethod.java:325)
	at groovy.lang.MetaClassImpl.invokeStaticMethod(MetaClassImpl.java:1469)
	at org.codehaus.groovy.runtime.callsite.StaticMetaClassSite.call(StaticMetaClassSite.java:53)
	at org.codehaus.groovy.runtime.callsite.CallSiteArray.defaultCall(CallSiteArray.java:48)
	at org.codehaus.groovy.runtime.callsite.AbstractCallSite.call(AbstractCallSite.java:113)
	at org.codehaus.groovy.runtime.callsite.AbstractCallSite.call(AbstractCallSite.java:141)
	at Script1535961073924.run(Script1535961073924.groovy:33)
	at com.kms.katalon.core.main.ScriptEngine.run(ScriptEngine.java:183)
	at com.kms.katalon.core.main.ScriptEngine.runScriptAsRawText(ScriptEngine.java:108)
	at com.kms.katalon.core.main.TestCaseExecutor.runScript(TestCaseExecutor.java:294)
	at com.kms.katalon.core.main.TestCaseExecutor.doExecute(TestCaseExecutor.java:285)
	at com.kms.katalon.core.main.TestCaseExecutor.processExecutionPhase(TestCaseExecutor.java:264)
	at com.kms.katalon.core.main.TestCaseExecutor.accessMainPhase(TestCaseExecutor.java:256)
	at com.kms.katalon.core.main.TestCaseExecutor.execute(TestCaseExecutor.java:200)
	at com.kms.katalon.core.main.TestCaseMain.runTestCase(TestCaseMain.java:99)
	at com.kms.katalon.core.keyword.builtin.CallTestCaseKeyword$_callTestCase_closure1.doCall(CallTestCaseKeyword.groovy:60)
	at com.kms.katalon.core.keyword.builtin.CallTestCaseKeyword$_callTestCase_closure1.call(CallTestCaseKeyword.groovy)
	at com.kms.katalon.core.keyword.internal.KeywordMain.runKeyword(KeywordMain.groovy:54)
	at com.kms.katalon.core.keyword.builtin.CallTestCaseKeyword.callTestCase(CallTestCaseKeyword.groovy:81)
	at com.kms.katalon.core.keyword.builtin.CallTestCaseKeyword.execute(CallTestCaseKeyword.groovy:45)
	at com.kms.katalon.core.keyword.internal.KeywordExecutor.executeKeywordForPlatform(KeywordExecutor.groovy:53)
	at com.kms.katalon.core.keyword.BuiltinKeywords.callTestCase(BuiltinKeywords.groovy:334)
	at sun.reflect.GeneratedMethodAccessor13.invoke(Unknown Source)
	at sun.reflect.DelegatingMethodAccessorImpl.invoke(DelegatingMethodAccessorImpl.java:43)
	at java.lang.reflect.Method.invoke(Method.java:498)
	at org.codehaus.groovy.reflection.CachedMethod.invoke(CachedMethod.java:93)
	at groovy.lang.MetaMethod.doMethodInvoke(MetaMethod.java:325)
	at groovy.lang.MetaClassImpl.invokeStaticMethod(MetaClassImpl.java:1469)
	at org.codehaus.groovy.runtime.callsite.StaticMetaClassSite.call(StaticMetaClassSite.java:53)
	at org.codehaus.groovy.runtime.callsite.CallSiteArray.defaultCall(CallSiteArray.java:48)
	at org.codehaus.groovy.runtime.callsite.AbstractCallSite.call(AbstractCallSite.java:113)
	at org.codehaus.groovy.runtime.callsite.AbstractCallSite.call(AbstractCallSite.java:141)
	at Script1536137656747.run(Script1536137656747.groovy:25)
	at com.kms.katalon.core.main.ScriptEngine.run(ScriptEngine.java:183)
	at com.kms.katalon.core.main.ScriptEngine.runScriptAsRawText(ScriptEngine.java:108)
	at com.kms.katalon.core.main.TestCaseExecutor.runScript(TestCaseExecutor.java:294)
	at com.kms.katalon.core.main.TestCaseExecutor.doExecute(TestCaseExecutor.java:285)
	at com.kms.katalon.core.main.TestCaseExecutor.processExecutionPhase(TestCaseExecutor.java:264)
	at com.kms.katalon.core.main.TestCaseExecutor.accessMainPhase(TestCaseExecutor.java:256)
	at com.kms.katalon.core.main.TestCaseExecutor.execute(TestCaseExecutor.java:200)
	at com.kms.katalon.core.main.TestSuiteExecutor.accessTestCaseMainPhase(TestSuiteExecutor.java:129)
	at com.kms.katalon.core.main.TestSuiteExecutor.accessTestSuiteMainPhase(TestSuiteExecutor.java:112)
	at com.kms.katalon.core.main.TestSuiteExecutor.execute(TestSuiteExecutor.java:81)
	at com.kms.katalon.core.main.TestCaseMain.startTestSuite(TestCaseMain.java:142)
	at com.kms.katalon.core.main.TestCaseMain$startTestSuite$0.call(Unknown Source)
	at org.codehaus.groovy.runtime.callsite.CallSiteArray.defaultCall(CallSiteArray.java:48)
	at org.codehaus.groovy.runtime.callsite.AbstractCallSite.call(AbstractCallSite.java:113)
	at org.codehaus.groovy.runtime.callsite.AbstractCallSite.call(AbstractCallSite.java:141)
	at TempTestSuite1539913255508.run(TempTestSuite1539913255508.groovy:36)
	at groovy.lang.GroovyShell.runScriptOrMainOrTestOrRunnable(GroovyShell.java:263)
	at groovy.lang.GroovyShell.run(GroovyShell.java:518)
	at groovy.lang.GroovyShell.run(GroovyShell.java:507)
	at groovy.ui.GroovyMain.processOnce(GroovyMain.java:653)
	at groovy.ui.GroovyMain.run(GroovyMain.java:384)
	at groovy.ui.GroovyMain.process(GroovyMain.java:370)
	at groovy.ui.GroovyMain.processArgs(GroovyMain.java:129)
	at groovy.ui.GroovyMain.main(GroovyMain.java:109)
	at sun.reflect.NativeMethodAccessorImpl.invoke0(Native Method)
	at sun.reflect.NativeMethodAccessorImpl.invoke(NativeMethodAccessorImpl.java:62)
	at sun.reflect.DelegatingMethodAccessorImpl.invoke(DelegatingMethodAccessorImpl.java:43)
	at java.lang.reflect.Method.invoke(Method.java:498)
	at org.codehaus.groovy.tools.GroovyStarter.rootLoader(GroovyStarter.java:109)
	at org.codehaus.groovy.tools.GroovyStarter.main(GroovyStarter.java:131)
)

2018-10-19 12:23:06 - [TEST_STEP][PASSED] - callTestCase: Call Test Case 'Test Cases/Final Aug 2018 - PKS Automation/Registration Module/Workflow/Form 1A - Cessation As Employer/Template/Form 1 A - Cessation As Employer (OTC)' successfully

2018-10-19 12:23:06 - [TEST_CASE][PASSED] - Test Cases/Final Aug 2018 - PKS Automation/Registration Module/Workflow/Form 1A - Cessation As Employer/Template/Form 1 A - Cessation As Employer (OTC): Test Cases/Final Aug 2018 - PKS Automation/Registration Module/Workflow/Form 1A - Cessation As Employer/Template/Form 1 A - Cessation As Employer (OTC)

2018-10-19 12:23:06 - [TEST_STEP][PASSED] - openBrowser: Browser is opened with url: ''

2018-10-19 12:23:06 - [MESSAGE][WARNING] - A browser is already opened. Closing browser and opening a new one

2018-10-19 12:23:10 - [MESSAGE][PASSED] - Browser is opened with url: ''

2018-10-19 12:23:10 - [TEST_STEP][PASSED] - navigateToUrl: Navigate to 'https://assist2-uat.perkeso.gov.my/login' successfully

2018-10-19 12:23:12 - [MESSAGE][PASSED] - Navigate to 'https://assist2-uat.perkeso.gov.my/login' successfully

2018-10-19 12:23:12 - [TEST_STEP][PASSED] - setText: Text 'johorotc1@gmail.com' is set on object 'Object Repository/Final Object Repo/Login Page/Internal User/Email Address'

2018-10-19 12:23:13 - [MESSAGE][PASSED] - Text 'johorotc1@gmail.com' is set on object 'Object Repository/Final Object Repo/Login Page/Internal User/Email Address'

2018-10-19 12:23:13 - [TEST_STEP][PASSED] - click: Object: 'Object Repository/Final Object Repo/Login Page/Internal User/Next Button' is clicked on

2018-10-19 12:23:13 - [MESSAGE][PASSED] - Object: 'Object Repository/Final Object Repo/Login Page/Internal User/Next Button' is clicked on

2018-10-19 12:23:13 - [TEST_STEP][PASSED] - delay: Delayed 1 second(s)

2018-10-19 12:23:14 - [MESSAGE][PASSED] - Delayed 1 second(s)

2018-10-19 12:23:14 - [TEST_STEP][PASSED] - setEncryptedText: Text ****** has been set on object 'Object Repository/Final Object Repo/Login Page/Internal User/Password'

2018-10-19 12:23:14 - [MESSAGE][PASSED] - Text ****** has been set on object 'Object Repository/Final Object Repo/Login Page/Internal User/Password'

2018-10-19 12:23:14 - [TEST_STEP][PASSED] - click: Object: 'Object Repository/Final Object Repo/Login Page/Internal User/Login Button' is clicked on

2018-10-19 12:23:14 - [MESSAGE][PASSED] - Object: 'Object Repository/Final Object Repo/Login Page/Internal User/Login Button' is clicked on

2018-10-19 12:23:14 - [TEST_STEP][PASSED] - delay: Delayed 1 second(s)

2018-10-19 12:23:15 - [MESSAGE][PASSED] - Delayed 1 second(s)

2018-10-19 12:23:15 - [TEST_STEP][PASSED] - Statement - Try: Delayed 2 second(s)

2018-10-19 12:23:15 - [TEST_STEP][PASSED] - Statement - Checker = false: null

2018-10-19 12:23:15 - [TEST_STEP][PASSED] - Statement - Checker = com.kms.katalon.core.webui.keyword.WebUiBuiltInKeywords.verifyElementHasAttribute(com.kms.katalon.core.testobject.ObjectRepository.findTestObject(Final Object Repo/Landing Page/BM Detecting), "href", 20, OPTIONAL): Object 'Object Repository/Final Object Repo/Landing Page/BM Detecting' has attribute 'href'

2018-10-19 12:23:17 - [MESSAGE][PASSED] - Object 'Object Repository/Final Object Repo/Landing Page/BM Detecting' has attribute 'href'

2018-10-19 12:23:17 - [TEST_STEP][PASSED] - Statement - out.println(Checker): null

2018-10-19 12:23:17 - [TEST_STEP][PASSED] - Statement - If (Checker == false): null

2018-10-19 12:23:17 - [TEST_STEP][PASSED] - Statement - Else: null

2018-10-19 12:23:17 - [TEST_STEP][PASSED] - delay: Delayed 2 second(s)

2018-10-19 12:23:19 - [MESSAGE][PASSED] - Delayed 2 second(s)

2018-10-19 12:23:19 - [TEST_STEP][PASSED] - navigateToUrl: Navigate to 'https://assist2-uat.perkeso.gov.my/web/registration/update/form-1a-cessation-as-employer-discontinue-business-' successfully

2018-10-19 12:23:20 - [MESSAGE][PASSED] - Navigate to 'https://assist2-uat.perkeso.gov.my/web/registration/update/form-1a-cessation-as-employer-discontinue-business-' successfully

2018-10-19 12:23:20 - [TEST_STEP][PASSED] - setText: Text 'E1102069770Z' is set on object 'Object Repository/Final Object Repo/Page_Update Employer Information/Employer Code'

2018-10-19 12:23:21 - [MESSAGE][PASSED] - Text 'E1102069770Z' is set on object 'Object Repository/Final Object Repo/Page_Update Employer Information/Employer Code'

2018-10-19 12:23:21 - [TEST_STEP][PASSED] - click: Object: 'Object Repository/Final Object Repo/Page_Update Employer Information/Search Button' is clicked on

2018-10-19 12:23:21 - [MESSAGE][PASSED] - Object: 'Object Repository/Final Object Repo/Page_Update Employer Information/Search Button' is clicked on

2018-10-19 12:23:21 - [TEST_STEP][PASSED] - click: Object: 'Object Repository/Final Object Repo/Page_Update Employer Information/Edit Button' is clicked on

2018-10-19 12:23:23 - [MESSAGE][PASSED] - Object: 'Object Repository/Final Object Repo/Page_Update Employer Information/Edit Button' is clicked on

2018-10-19 12:23:23 - [TEST_STEP][PASSED] - Statement - abc = com.kms.katalon.core.webui.keyword.WebUiBuiltInKeywords.getAttribute(com.kms.katalon.core.testobject.ObjectRepository.findTestObject(Final Object Repo/Page_Form 1A - Cessation As Employer/Employer Status), "value"): Attribute 'value' of object 'Object Repository/Final Object Repo/Page_Form 1A - Cessation As Employer/Employer Status' is: 'Dormant'

2018-10-19 12:23:23 - [MESSAGE][PASSED] - Attribute 'value' of object 'Object Repository/Final Object Repo/Page_Form 1A - Cessation As Employer/Employer Status' is: 'Dormant'

2018-10-19 12:23:23 - [TEST_STEP][PASSED] - Statement - out.println(abc): null

2018-10-19 12:23:23 - [TEST_STEP][PASSED] - Statement - If (abc == "Active"): null

2018-10-19 12:23:23 - [TEST_STEP][PASSED] - Statement - Else If (abc == "Cancel"): null

2018-10-19 12:23:23 - [TEST_STEP][PASSED] - Statement - Else If (abc == "Dormant"): Object: 'Object Repository/Final Object Repo/Page_Form 1A - Cessation As Employer/Change Employer Status to - Dormant' is clicked on

2018-10-19 12:23:23 - [TEST_STEP][PASSED] - click: Object: 'Object Repository/Final Object Repo/Page_Form 1A - Cessation As Employer/Change Employer Status to' is clicked on

2018-10-19 12:23:24 - [MESSAGE][PASSED] - Object: 'Object Repository/Final Object Repo/Page_Form 1A - Cessation As Employer/Change Employer Status to' is clicked on

2018-10-19 12:23:24 - [TEST_STEP][PASSED] - click: Object: 'Object Repository/Final Object Repo/Page_Form 1A - Cessation As Employer/Change Employer Status to - Dormant' is clicked on

2018-10-19 12:23:24 - [MESSAGE][PASSED] - Object: 'Object Repository/Final Object Repo/Page_Form 1A - Cessation As Employer/Change Employer Status to - Dormant' is clicked on

2018-10-19 12:23:24 - [TEST_STEP][PASSED] - click: Object: 'Object Repository/Final Object Repo/Page_Form 1A - Cessation As Employer/Calender' is clicked on

2018-10-19 12:23:24 - [MESSAGE][PASSED] - Object: 'Object Repository/Final Object Repo/Page_Form 1A - Cessation As Employer/Calender' is clicked on

2018-10-19 12:23:24 - [TEST_STEP][PASSED] - click: Object: 'Object Repository/Final Object Repo/Page_Form 1A - Cessation As Employer/Calender - Date' is clicked on

2018-10-19 12:23:24 - [MESSAGE][PASSED] - Object: 'Object Repository/Final Object Repo/Page_Form 1A - Cessation As Employer/Calender - Date' is clicked on

2018-10-19 12:23:24 - [TEST_STEP][PASSED] - delay: Delayed 2 second(s)

2018-10-19 12:23:26 - [MESSAGE][PASSED] - Delayed 2 second(s)

2018-10-19 12:23:26 - [TEST_STEP][PASSED] - click: Object: 'Object Repository/Final Object Repo/Page_Form 1A - Cessation As Employer/Save  Continue in Form 1A Page' is clicked on

2018-10-19 12:23:27 - [MESSAGE][PASSED] - Object: 'Object Repository/Final Object Repo/Page_Form 1A - Cessation As Employer/Save  Continue in Form 1A Page' is clicked on

2018-10-19 12:23:27 - [TEST_STEP][PASSED] - delay: Delayed 2 second(s)

2018-10-19 12:23:29 - [MESSAGE][PASSED] - Delayed 2 second(s)

2018-10-19 12:23:29 - [TEST_STEP][PASSED] - click: Object: 'Object Repository/Final Object Repo/Page_Form 1A - Cessation As Employer/Employment Resign Date' is clicked on

2018-10-19 12:23:29 - [MESSAGE][PASSED] - Object: 'Object Repository/Final Object Repo/Page_Form 1A - Cessation As Employer/Employment Resign Date' is clicked on

2018-10-19 12:23:29 - [TEST_STEP][PASSED] - delay: Delayed 1 second(s)

2018-10-19 12:23:30 - [MESSAGE][PASSED] - Delayed 1 second(s)

2018-10-19 12:23:30 - [TEST_STEP][PASSED] - Statement - CaseReferenceNo = com.kms.katalon.core.webui.keyword.WebUiBuiltInKeywords.getText(com.kms.katalon.core.testobject.ObjectRepository.findTestObject(Final Object Repo/Page_Update Employer Information/Reference Number in Update Employee Information Page)): Text of object 'Object Repository/Final Object Repo/Page_Update Employer Information/Reference Number in Update Employee Information Page' is: 'CUN102018C200001430'

2018-10-19 12:23:30 - [MESSAGE][PASSED] - Text of object 'Object Repository/Final Object Repo/Page_Update Employer Information/Reference Number in Update Employee Information Page' is: 'CUN102018C200001430'

2018-10-19 12:23:30 - [TEST_STEP][PASSED] - callTestCase: Call Test Case 'Test Cases/Final Aug 2018 - PKS Automation/Common/Reference Number Setter' successfully

2018-10-19 12:23:30 - [TEST_CASE][PASSED] - Test Cases/Final Aug 2018 - PKS Automation/Common/Reference Number Setter: Test Cases/Final Aug 2018 - PKS Automation/Common/Reference Number Setter

2018-10-19 12:23:30 - [TEST_STEP][PASSED] - Statement - RefNoOldFile = new java.io.File(C://KatalonReference.txt): null

2018-10-19 12:23:30 - [TEST_STEP][PASSED] - Statement - RefNoOldFile.delete(): null

2018-10-19 12:23:30 - [TEST_STEP][PASSED] - Statement - RefNo = new java.io.File(C://KatalonReference.txt): null

2018-10-19 12:23:30 - [TEST_STEP][PASSED] - Statement - RefNo.append(CaseReferenceNo): null

2018-10-19 12:23:30 - [TEST_STEP][PASSED] - Statement - out.println("


" + CaseReferenceNo + "


"): null

2018-10-19 12:23:30 - [MESSAGE][PASSED] - Call Test Case 'Test Cases/Final Aug 2018 - PKS Automation/Common/Reference Number Setter' successfully

2018-10-19 12:23:30 - [TEST_STEP][PASSED] - selectOptionByValue: All options with value '2030' are selected in object 'Object Repository/Final Object Repo/Page_Form 1A - Cessation As Employer/Employment Resign Date - Year' 

2018-10-19 12:23:30 - [MESSAGE][PASSED] - All options with value '2030' are selected in object 'Object Repository/Final Object Repo/Page_Form 1A - Cessation As Employer/Employment Resign Date - Year' 

2018-10-19 12:23:30 - [TEST_STEP][PASSED] - delay: Delayed 1 second(s)

2018-10-19 12:23:31 - [MESSAGE][PASSED] - Delayed 1 second(s)

2018-10-19 12:23:31 - [TEST_STEP][PASSED] - click: Object: 'Object Repository/Final Object Repo/Page_Form 1A - Cessation As Employer/Employment Resign Date - Year - Date' is clicked on

2018-10-19 12:23:32 - [MESSAGE][PASSED] - Object: 'Object Repository/Final Object Repo/Page_Form 1A - Cessation As Employer/Employment Resign Date - Year - Date' is clicked on

2018-10-19 12:23:32 - [TEST_STEP][PASSED] - delay: Delayed 2 second(s)

2018-10-19 12:23:34 - [MESSAGE][PASSED] - Delayed 2 second(s)

2018-10-19 12:23:34 - [TEST_STEP][PASSED] - click: Object: 'Object Repository/Final Object Repo/Page_Form 1A - Cessation As Employer/Save  Continue in Update Add Employee Resigned Date Page' is clicked on

2018-10-19 12:23:34 - [MESSAGE][PASSED] - Object: 'Object Repository/Final Object Repo/Page_Form 1A - Cessation As Employer/Save  Continue in Update Add Employee Resigned Date Page' is clicked on

2018-10-19 12:23:34 - [TEST_STEP][PASSED] - delay: Delayed 2 second(s)

2018-10-19 12:23:36 - [MESSAGE][PASSED] - Delayed 2 second(s)

2018-10-19 12:23:36 - [TEST_STEP][PASSED] - click: Object: 'Object Repository/Final Object Repo/Page_Form 1A - Cessation As Employer/Add Document' is clicked on

2018-10-19 12:23:37 - [MESSAGE][PASSED] - Object: 'Object Repository/Final Object Repo/Page_Form 1A - Cessation As Employer/Add Document' is clicked on

2018-10-19 12:23:37 - [TEST_STEP][PASSED] - delay: Delayed 2 second(s)

2018-10-19 12:23:39 - [MESSAGE][PASSED] - Delayed 2 second(s)

2018-10-19 12:23:39 - [TEST_STEP][PASSED] - click: Object: 'Object Repository/Final Object Repo/Page_Form 1A - Cessation As Employer/Document Type' is clicked on

2018-10-19 12:23:41 - [MESSAGE][PASSED] - Object: 'Object Repository/Final Object Repo/Page_Form 1A - Cessation As Employer/Document Type' is clicked on

2018-10-19 12:23:41 - [TEST_STEP][PASSED] - delay: Delayed 2 second(s)

2018-10-19 12:23:43 - [MESSAGE][PASSED] - Delayed 2 second(s)

2018-10-19 12:23:43 - [TEST_STEP][PASSED] - click: Object: 'Object Repository/Final Object Repo/Page_Form 1A - Cessation As Employer/Document Type - Supporting Document For Cessation' is clicked on

2018-10-19 12:23:43 - [MESSAGE][PASSED] - Object: 'Object Repository/Final Object Repo/Page_Form 1A - Cessation As Employer/Document Type - Supporting Document For Cessation' is clicked on

2018-10-19 12:23:43 - [TEST_STEP][PASSED] - delay: Delayed 2 second(s)

2018-10-19 12:23:45 - [MESSAGE][PASSED] - Delayed 2 second(s)

2018-10-19 12:23:45 - [TEST_STEP][PASSED] - sendKeys: Keys 'C:\Users\Public\Pictures\Sample Pictures\Act.jpg' sent to object: 'Object Repository/Final Object Repo/Page_Form 1A - Cessation As Employer/Uploading File'

2018-10-19 12:23:45 - [MESSAGE][PASSED] - Keys 'C:\Users\Public\Pictures\Sample Pictures\Act.jpg' sent to object: 'Object Repository/Final Object Repo/Page_Form 1A - Cessation As Employer/Uploading File'

2018-10-19 12:23:45 - [TEST_STEP][PASSED] - delay: Delayed 2 second(s)

2018-10-19 12:23:47 - [MESSAGE][PASSED] - Delayed 2 second(s)

2018-10-19 12:23:47 - [TEST_STEP][PASSED] - click: Object: 'Object Repository/Final Object Repo/Page_Form 1A - Cessation As Employer/Add Document in Uploading Page' is clicked on

2018-10-19 12:23:48 - [MESSAGE][PASSED] - Object: 'Object Repository/Final Object Repo/Page_Form 1A - Cessation As Employer/Add Document in Uploading Page' is clicked on

2018-10-19 12:23:48 - [TEST_STEP][PASSED] - delay: Delayed 20 second(s)

2018-10-19 12:24:08 - [MESSAGE][PASSED] - Delayed 20 second(s)

2018-10-19 12:24:08 - [TEST_STEP][PASSED] - click: Object: 'Object Repository/Final Object Repo/Page_Form 1A - Cessation As Employer/Save  Continue in Uploading Page' is clicked on

2018-10-19 12:24:08 - [MESSAGE][PASSED] - Object: 'Object Repository/Final Object Repo/Page_Form 1A - Cessation As Employer/Save  Continue in Uploading Page' is clicked on

2018-10-19 12:24:08 - [TEST_STEP][PASSED] - delay: Delayed 2 second(s)

2018-10-19 12:24:10 - [MESSAGE][PASSED] - Delayed 2 second(s)

2018-10-19 12:24:10 - [TEST_STEP][PASSED] - click: Object: 'Object Repository/Final Object Repo/Page_Form 1A - Cessation As Employer/Submit2' is clicked on

2018-10-19 12:24:13 - [MESSAGE][PASSED] - Object: 'Object Repository/Final Object Repo/Page_Form 1A - Cessation As Employer/Submit2' is clicked on

2018-10-19 12:24:13 - [TEST_STEP][PASSED] - delay: Delayed 2 second(s)

2018-10-19 12:24:15 - [MESSAGE][PASSED] - Delayed 2 second(s)

2018-10-19 12:24:15 - [TEST_STEP][PASSED] - click: Object: 'Object Repository/Final Object Repo/Page_Form 1A - Cessation As Employer/Confirm' is clicked on

2018-10-19 12:24:15 - [MESSAGE][PASSED] - Object: 'Object Repository/Final Object Repo/Page_Form 1A - Cessation As Employer/Confirm' is clicked on

2018-10-19 12:24:15 - [TEST_STEP][PASSED] - delay: Delayed 2 second(s)

2018-10-19 12:24:17 - [MESSAGE][PASSED] - Delayed 2 second(s)

2018-10-19 12:24:17 - [TEST_STEP][PASSED] - verifyElementVisible: Object 'Object Repository/Final Object Repo/Page_Form 1A - Cessation As Employer/Message Your Request will be routed to UO' is visible

2018-10-19 12:24:22 - [MESSAGE][PASSED] - Object 'Object Repository/Final Object Repo/Page_Form 1A - Cessation As Employer/Message Your Request will be routed to UO' is visible

2018-10-19 12:24:22 - [TEST_STEP][PASSED] - delay: Delayed 1 second(s)

2018-10-19 12:24:23 - [MESSAGE][PASSED] - Delayed 1 second(s)

2018-10-19 12:24:23 - [TEST_STEP][PASSED] - verifyElementVisible: Object 'Object Repository/Final Object Repo/Page_Form 1A - Cessation As Employer/Letter of acknowledgement' is visible

2018-10-19 12:24:23 - [MESSAGE][PASSED] - Object 'Object Repository/Final Object Repo/Page_Form 1A - Cessation As Employer/Letter of acknowledgement' is visible

2018-10-19 12:24:23 - [MESSAGE][PASSED] - Call Test Case 'Test Cases/Final Aug 2018 - PKS Automation/Registration Module/Workflow/Form 1A - Cessation As Employer/Template/Form 1 A - Cessation As Employer (OTC)' successfully

2018-10-19 12:24:23 - [TEST_STEP][PASSED] - delay: Delayed 1 second(s)

2018-10-19 12:24:24 - [MESSAGE][PASSED] - Delayed 1 second(s)

2018-10-19 12:24:24 - [TEST_STEP][PASSED] - navigateToUrl: Navigate to 'https://assist2-uat.perkeso.gov.my/c/portal/logout' successfully

2018-10-19 12:24:25 - [MESSAGE][PASSED] - Navigate to 'https://assist2-uat.perkeso.gov.my/c/portal/logout' successfully

2018-10-19 12:24:25 - [TEST_STEP][PASSED] - delay: Delayed 1 second(s)

2018-10-19 12:24:26 - [MESSAGE][PASSED] - Delayed 1 second(s)

2018-10-19 12:24:26 - [TEST_STEP][PASSED] - callTestCase: Call Test Case 'Test Cases/Final Aug 2018 - PKS Automation/Common/Reference Number Getter' successfully

2018-10-19 12:24:26 - [TEST_CASE][PASSED] - Test Cases/Final Aug 2018 - PKS Automation/Common/Reference Number Getter: Test Cases/Final Aug 2018 - PKS Automation/Common/Reference Number Getter

2018-10-19 12:24:26 - [TEST_STEP][PASSED] - Statement - Try: null

2018-10-19 12:24:26 - [TEST_STEP][PASSED] - Statement - RefNo = new java.io.File(C://KatalonReference.txt): null

2018-10-19 12:24:26 - [TEST_STEP][PASSED] - Statement - bufferread = new java.io.BufferedReader(new java.io.FileReader(RefNo)): null

2018-10-19 12:24:26 - [TEST_STEP][PASSED] - Statement - readedVal = bufferread.readLine(): null

2018-10-19 12:24:26 - [TEST_STEP][PASSED] - Statement - out.println(CaseReferenceNo): null

2018-10-19 12:24:26 - [TEST_STEP][PASSED] - Statement - out.println(readedVal): null

2018-10-19 12:24:26 - [TEST_STEP][PASSED] - Statement - CaseReferenceNo = readedVal: null

2018-10-19 12:24:26 - [MESSAGE][PASSED] - Call Test Case 'Test Cases/Final Aug 2018 - PKS Automation/Common/Reference Number Getter' successfully

2018-10-19 12:24:26 - [TEST_STEP][FAILED] - callTestCase: Unable to call Test Case with id 'Test Cases/Final Aug 2018 - PKS Automation/Common/Workflow Owner Finder' (Root cause: Call Test Case 'Test Cases/Final Aug 2018 - PKS Automation/Common/Workflow Owner Finder' failed)

2018-10-19 12:24:26 - [TEST_CASE][FAILED] - Test Cases/Final Aug 2018 - PKS Automation/Common/Workflow Owner Finder: Test Cases/Final Aug 2018 - PKS Automation/Common/Workflow Owner Finder FAILED because (of) (Stack trace: com.kms.katalon.core.exception.StepFailedException: Unable to click on object 'Object Repository/Final Object Repo/Landing Page/Select to English' (Root cause: com.kms.katalon.core.webui.exception.WebElementNotFoundException: Web element with id: 'Object Repository/Final Object Repo/Landing Page/Select to English' located by 'By.xpath: //a[@class = 'taglib-language-list-text' and @lang = 'en-US' and (contains(text(), 'EN') or contains(., 'EN'))]' not found)
	at com.kms.katalon.core.keyword.internal.KeywordMain.stepFailed(KeywordMain.groovy:32)
	at com.kms.katalon.core.webui.keyword.internal.WebUIKeywordMain.stepFailed(WebUIKeywordMain.groovy:65)
	at com.kms.katalon.core.webui.keyword.internal.WebUIKeywordMain.runKeyword(WebUIKeywordMain.groovy:27)
	at com.kms.katalon.core.webui.keyword.builtin.ClickKeyword.click(ClickKeyword.groovy:86)
	at com.kms.katalon.core.webui.keyword.builtin.ClickKeyword.execute(ClickKeyword.groovy:67)
	at com.kms.katalon.core.keyword.internal.KeywordExecutor.executeKeywordForPlatform(KeywordExecutor.groovy:53)
	at com.kms.katalon.core.webui.keyword.WebUiBuiltInKeywords.click(WebUiBuiltInKeywords.groovy:604)
	at com.kms.katalon.core.webui.keyword.WebUiBuiltInKeywords$click$8.call(Unknown Source)
	at Script1534407542420.run(Script1534407542420.groovy:57)
	at com.kms.katalon.core.main.ScriptEngine.run(ScriptEngine.java:183)
	at com.kms.katalon.core.main.ScriptEngine.runScriptAsRawText(ScriptEngine.java:108)
	at com.kms.katalon.core.main.TestCaseExecutor.runScript(TestCaseExecutor.java:294)
	at com.kms.katalon.core.main.TestCaseExecutor.doExecute(TestCaseExecutor.java:285)
	at com.kms.katalon.core.main.TestCaseExecutor.processExecutionPhase(TestCaseExecutor.java:264)
	at com.kms.katalon.core.main.TestCaseExecutor.accessMainPhase(TestCaseExecutor.java:256)
	at com.kms.katalon.core.main.TestCaseExecutor.execute(TestCaseExecutor.java:200)
	at com.kms.katalon.core.main.TestCaseMain.runTestCase(TestCaseMain.java:99)
	at com.kms.katalon.core.keyword.builtin.CallTestCaseKeyword$_callTestCase_closure1.doCall(CallTestCaseKeyword.groovy:60)
	at com.kms.katalon.core.keyword.builtin.CallTestCaseKeyword$_callTestCase_closure1.call(CallTestCaseKeyword.groovy)
	at com.kms.katalon.core.keyword.internal.KeywordMain.runKeyword(KeywordMain.groovy:54)
	at com.kms.katalon.core.keyword.builtin.CallTestCaseKeyword.callTestCase(CallTestCaseKeyword.groovy:81)
	at com.kms.katalon.core.keyword.builtin.CallTestCaseKeyword.execute(CallTestCaseKeyword.groovy:45)
	at com.kms.katalon.core.keyword.internal.KeywordExecutor.executeKeywordForPlatform(KeywordExecutor.groovy:53)
	at com.kms.katalon.core.keyword.BuiltinKeywords.callTestCase(BuiltinKeywords.groovy:334)
	at sun.reflect.GeneratedMethodAccessor13.invoke(Unknown Source)
	at sun.reflect.DelegatingMethodAccessorImpl.invoke(DelegatingMethodAccessorImpl.java:43)
	at java.lang.reflect.Method.invoke(Method.java:498)
	at org.codehaus.groovy.reflection.CachedMethod.invoke(CachedMethod.java:93)
	at groovy.lang.MetaMethod.doMethodInvoke(MetaMethod.java:325)
	at groovy.lang.MetaClassImpl.invokeStaticMethod(MetaClassImpl.java:1469)
	at org.codehaus.groovy.runtime.callsite.StaticMetaClassSite.call(StaticMetaClassSite.java:53)
	at org.codehaus.groovy.runtime.callsite.CallSiteArray.defaultCall(CallSiteArray.java:48)
	at org.codehaus.groovy.runtime.callsite.AbstractCallSite.call(AbstractCallSite.java:113)
	at org.codehaus.groovy.runtime.callsite.AbstractCallSite.call(AbstractCallSite.java:141)
	at Script1535961073924.run(Script1535961073924.groovy:33)
	at com.kms.katalon.core.main.ScriptEngine.run(ScriptEngine.java:183)
	at com.kms.katalon.core.main.ScriptEngine.runScriptAsRawText(ScriptEngine.java:108)
	at com.kms.katalon.core.main.TestCaseExecutor.runScript(TestCaseExecutor.java:294)
	at com.kms.katalon.core.main.TestCaseExecutor.doExecute(TestCaseExecutor.java:285)
	at com.kms.katalon.core.main.TestCaseExecutor.processExecutionPhase(TestCaseExecutor.java:264)
	at com.kms.katalon.core.main.TestCaseExecutor.accessMainPhase(TestCaseExecutor.java:256)
	at com.kms.katalon.core.main.TestCaseExecutor.execute(TestCaseExecutor.java:200)
	at com.kms.katalon.core.main.TestCaseMain.runTestCase(TestCaseMain.java:99)
	at com.kms.katalon.core.keyword.builtin.CallTestCaseKeyword$_callTestCase_closure1.doCall(CallTestCaseKeyword.groovy:60)
	at com.kms.katalon.core.keyword.builtin.CallTestCaseKeyword$_callTestCase_closure1.call(CallTestCaseKeyword.groovy)
	at com.kms.katalon.core.keyword.internal.KeywordMain.runKeyword(KeywordMain.groovy:54)
	at com.kms.katalon.core.keyword.builtin.CallTestCaseKeyword.callTestCase(CallTestCaseKeyword.groovy:81)
	at com.kms.katalon.core.keyword.builtin.CallTestCaseKeyword.execute(CallTestCaseKeyword.groovy:45)
	at com.kms.katalon.core.keyword.internal.KeywordExecutor.executeKeywordForPlatform(KeywordExecutor.groovy:53)
	at com.kms.katalon.core.keyword.BuiltinKeywords.callTestCase(BuiltinKeywords.groovy:334)
	at sun.reflect.GeneratedMethodAccessor13.invoke(Unknown Source)
	at sun.reflect.DelegatingMethodAccessorImpl.invoke(DelegatingMethodAccessorImpl.java:43)
	at java.lang.reflect.Method.invoke(Method.java:498)
	at org.codehaus.groovy.reflection.CachedMethod.invoke(CachedMethod.java:93)
	at groovy.lang.MetaMethod.doMethodInvoke(MetaMethod.java:325)
	at groovy.lang.MetaClassImpl.invokeStaticMethod(MetaClassImpl.java:1469)
	at org.codehaus.groovy.runtime.callsite.StaticMetaClassSite.call(StaticMetaClassSite.java:53)
	at org.codehaus.groovy.runtime.callsite.CallSiteArray.defaultCall(CallSiteArray.java:48)
	at org.codehaus.groovy.runtime.callsite.AbstractCallSite.call(AbstractCallSite.java:113)
	at org.codehaus.groovy.runtime.callsite.AbstractCallSite.call(AbstractCallSite.java:141)
	at Script1536137656747.run(Script1536137656747.groovy:25)
	at com.kms.katalon.core.main.ScriptEngine.run(ScriptEngine.java:183)
	at com.kms.katalon.core.main.ScriptEngine.runScriptAsRawText(ScriptEngine.java:108)
	at com.kms.katalon.core.main.TestCaseExecutor.runScript(TestCaseExecutor.java:294)
	at com.kms.katalon.core.main.TestCaseExecutor.doExecute(TestCaseExecutor.java:285)
	at com.kms.katalon.core.main.TestCaseExecutor.processExecutionPhase(TestCaseExecutor.java:264)
	at com.kms.katalon.core.main.TestCaseExecutor.accessMainPhase(TestCaseExecutor.java:256)
	at com.kms.katalon.core.main.TestCaseExecutor.execute(TestCaseExecutor.java:200)
	at com.kms.katalon.core.main.TestSuiteExecutor.accessTestCaseMainPhase(TestSuiteExecutor.java:129)
	at com.kms.katalon.core.main.TestSuiteExecutor.accessTestSuiteMainPhase(TestSuiteExecutor.java:112)
	at com.kms.katalon.core.main.TestSuiteExecutor.execute(TestSuiteExecutor.java:81)
	at com.kms.katalon.core.main.TestCaseMain.startTestSuite(TestCaseMain.java:142)
	at com.kms.katalon.core.main.TestCaseMain$startTestSuite$0.call(Unknown Source)
	at org.codehaus.groovy.runtime.callsite.CallSiteArray.defaultCall(CallSiteArray.java:48)
	at org.codehaus.groovy.runtime.callsite.AbstractCallSite.call(AbstractCallSite.java:113)
	at org.codehaus.groovy.runtime.callsite.AbstractCallSite.call(AbstractCallSite.java:141)
	at TempTestSuite1539913255508.run(TempTestSuite1539913255508.groovy:36)
	at groovy.lang.GroovyShell.runScriptOrMainOrTestOrRunnable(GroovyShell.java:263)
	at groovy.lang.GroovyShell.run(GroovyShell.java:518)
	at groovy.lang.GroovyShell.run(GroovyShell.java:507)
	at groovy.ui.GroovyMain.processOnce(GroovyMain.java:653)
	at groovy.ui.GroovyMain.run(GroovyMain.java:384)
	at groovy.ui.GroovyMain.process(GroovyMain.java:370)
	at groovy.ui.GroovyMain.processArgs(GroovyMain.java:129)
	at groovy.ui.GroovyMain.main(GroovyMain.java:109)
	at sun.reflect.NativeMethodAccessorImpl.invoke0(Native Method)
	at sun.reflect.NativeMethodAccessorImpl.invoke(NativeMethodAccessorImpl.java:62)
	at sun.reflect.DelegatingMethodAccessorImpl.invoke(DelegatingMethodAccessorImpl.java:43)
	at java.lang.reflect.Method.invoke(Method.java:498)
	at org.codehaus.groovy.tools.GroovyStarter.rootLoader(GroovyStarter.java:109)
	at org.codehaus.groovy.tools.GroovyStarter.main(GroovyStarter.java:131)
)

2018-10-19 12:24:26 - [TEST_STEP][PASSED] - openBrowser: Browser is opened with url: ''

2018-10-19 12:24:26 - [MESSAGE][WARNING] - A browser is already opened. Closing browser and opening a new one

2018-10-19 12:24:30 - [MESSAGE][PASSED] - Browser is opened with url: ''

2018-10-19 12:24:30 - [TEST_STEP][PASSED] - navigateToUrl: Navigate to 'https://assist2-uat.perkeso.gov.my/login' successfully

2018-10-19 12:24:32 - [MESSAGE][PASSED] - Navigate to 'https://assist2-uat.perkeso.gov.my/login' successfully

2018-10-19 12:24:32 - [TEST_STEP][PASSED] - delay: Delayed 5 second(s)

2018-10-19 12:24:37 - [MESSAGE][PASSED] - Delayed 5 second(s)

2018-10-19 12:24:37 - [TEST_STEP][PASSED] - setText: Text 'test@liferay.com' is set on object 'Object Repository/Final Object Repo/Login Page/Internal User/Email Address'

2018-10-19 12:24:37 - [MESSAGE][PASSED] - Text 'test@liferay.com' is set on object 'Object Repository/Final Object Repo/Login Page/Internal User/Email Address'

2018-10-19 12:24:37 - [TEST_STEP][PASSED] - click: Object: 'Object Repository/Final Object Repo/Login Page/Internal User/Next Button' is clicked on

2018-10-19 12:24:38 - [MESSAGE][PASSED] - Object: 'Object Repository/Final Object Repo/Login Page/Internal User/Next Button' is clicked on

2018-10-19 12:24:38 - [TEST_STEP][PASSED] - delay: Delayed 2 second(s)

2018-10-19 12:24:40 - [MESSAGE][PASSED] - Delayed 2 second(s)

2018-10-19 12:24:40 - [TEST_STEP][PASSED] - setText: Text 'test' is set on object 'Object Repository/Final Object Repo/Login Page/Internal User/Password'

2018-10-19 12:24:40 - [MESSAGE][PASSED] - Text 'test' is set on object 'Object Repository/Final Object Repo/Login Page/Internal User/Password'

2018-10-19 12:24:40 - [TEST_STEP][PASSED] - delay: Delayed 2 second(s)

2018-10-19 12:24:42 - [MESSAGE][PASSED] - Delayed 2 second(s)

2018-10-19 12:24:42 - [TEST_STEP][PASSED] - click: Object: 'Object Repository/Final Object Repo/Login Page/Internal User/Login Button' is clicked on

2018-10-19 12:24:42 - [MESSAGE][PASSED] - Object: 'Object Repository/Final Object Repo/Login Page/Internal User/Login Button' is clicked on

2018-10-19 12:24:42 - [TEST_STEP][FAILED] - Statement - Try: Delayed 2 second(s)

2018-10-19 12:24:42 - [TEST_STEP][PASSED] - Statement - Checker = false: null

2018-10-19 12:24:42 - [TEST_STEP][PASSED] - Statement - Checker = com.kms.katalon.core.webui.keyword.WebUiBuiltInKeywords.verifyElementHasAttribute(com.kms.katalon.core.testobject.ObjectRepository.findTestObject(Final Object Repo/Landing Page/BM Detecting), "href", 20, OPTIONAL): Unable to verify if object 'Object Repository/Final Object Repo/Landing Page/BM Detecting' has attribute 'href' (Root cause: org.openqa.selenium.StaleElementReferenceException: stale element reference: element is not attached to the page document
  (Session info: chrome=69.0.3497.100)
  (Driver info: chromedriver=2.35.528161 (5b82f2d2aae0ca24b877009200ced9065a772e73),platform=Windows NT 6.1.7601 SP1 x86_64) (WARNING: The server did not provide any stacktrace information)
Command duration or timeout: 0 milliseconds
For documentation on this error, please visit: http://seleniumhq.org/exceptions/stale_element_reference.html
Build info: version: '3.7.1', revision: '8a0099a', time: '2017-11-06T21:07:36.161Z'
System info: host: 'WEIZHENG', ip: '192.168.137.1', os.name: 'Windows 7', os.arch: 'amd64', os.version: '6.1', java.version: '1.8.0_181'
Driver info: com.kms.katalon.selenium.driver.CChromeDriver
Capabilities {acceptInsecureCerts: false, acceptSslCerts: false, applicationCacheEnabled: false, browserConnectionEnabled: false, browserName: chrome, chrome: {chromedriverVersion: 2.35.528161 (5b82f2d2aae0ca..., userDataDir: C:\Users\WEIZHE~1\AppData\L...}, cssSelectorsEnabled: true, databaseEnabled: false, handlesAlerts: true, hasTouchScreen: false, javascriptEnabled: true, locationContextEnabled: true, mobileEmulationEnabled: false, nativeEvents: true, networkConnectionEnabled: false, pageLoadStrategy: normal, platform: XP, platformName: XP, rotatable: false, setWindowRect: true, takesHeapSnapshot: true, takesScreenshot: true, unexpectedAlertBehaviour: , unhandledPromptBehavior: , version: 69.0.3497.100, webStorageEnabled: true}
Session ID: 1f8f42907abd531db97c7c83e41e039b)

2018-10-19 12:24:45 - [MESSAGE][WARNING] - Unable to verify if object 'Object Repository/Final Object Repo/Landing Page/BM Detecting' has attribute 'href' (Root cause: org.openqa.selenium.StaleElementReferenceException: stale element reference: element is not attached to the page document
  (Session info: chrome=69.0.3497.100)
  (Driver info: chromedriver=2.35.528161 (5b82f2d2aae0ca24b877009200ced9065a772e73),platform=Windows NT 6.1.7601 SP1 x86_64) (WARNING: The server did not provide any stacktrace information)
Command duration or timeout: 0 milliseconds
For documentation on this error, please visit: http://seleniumhq.org/exceptions/stale_element_reference.html
Build info: version: '3.7.1', revision: '8a0099a', time: '2017-11-06T21:07:36.161Z'
System info: host: 'WEIZHENG', ip: '192.168.137.1', os.name: 'Windows 7', os.arch: 'amd64', os.version: '6.1', java.version: '1.8.0_181'
Driver info: com.kms.katalon.selenium.driver.CChromeDriver
Capabilities {acceptInsecureCerts: false, acceptSslCerts: false, applicationCacheEnabled: false, browserConnectionEnabled: false, browserName: chrome, chrome: {chromedriverVersion: 2.35.528161 (5b82f2d2aae0ca..., userDataDir: C:\Users\WEIZHE~1\AppData\L...}, cssSelectorsEnabled: true, databaseEnabled: false, handlesAlerts: true, hasTouchScreen: false, javascriptEnabled: true, locationContextEnabled: true, mobileEmulationEnabled: false, nativeEvents: true, networkConnectionEnabled: false, pageLoadStrategy: normal, platform: XP, platformName: XP, rotatable: false, setWindowRect: true, takesHeapSnapshot: true, takesScreenshot: true, unexpectedAlertBehaviour: , unhandledPromptBehavior: , version: 69.0.3497.100, webStorageEnabled: true}
Session ID: 1f8f42907abd531db97c7c83e41e039b)
[[ATTACHMENT|C:\\Users\\LENOVO\\Katalon Studio\\Perkeso Phase A\\Reports\\Workflow\\Form 1A - Cessation as Employer\\20181019_094055\\1539923085256.png]]

2018-10-19 12:24:45 - [TEST_STEP][PASSED] - Statement - out.println(Checker): null

2018-10-19 12:24:45 - [TEST_STEP][FAILED] - Statement - If (Checker == false): Unable to click on object 'Object Repository/Final Object Repo/Landing Page/Select to English' (Root cause: com.kms.katalon.core.webui.exception.WebElementNotFoundException: Web element with id: 'Object Repository/Final Object Repo/Landing Page/Select to English' located by 'By.xpath: //a[@class = 'taglib-language-list-text' and @lang = 'en-US' and (contains(text(), 'EN') or contains(., 'EN'))]' not found)

2018-10-19 12:24:45 - [TEST_STEP][FAILED] - click: Unable to click on object 'Object Repository/Final Object Repo/Landing Page/Select to English' (Root cause: com.kms.katalon.core.webui.exception.WebElementNotFoundException: Web element with id: 'Object Repository/Final Object Repo/Landing Page/Select to English' located by 'By.xpath: //a[@class = 'taglib-language-list-text' and @lang = 'en-US' and (contains(text(), 'EN') or contains(., 'EN'))]' not found)

2018-10-19 12:27:03 - [MESSAGE][FAILED] - Unable to click on object 'Object Repository/Final Object Repo/Landing Page/Select to English' (Root cause: com.kms.katalon.core.webui.exception.WebElementNotFoundException: Web element with id: 'Object Repository/Final Object Repo/Landing Page/Select to English' located by 'By.xpath: //a[@class = 'taglib-language-list-text' and @lang = 'en-US' and (contains(text(), 'EN') or contains(., 'EN'))]' not found)
[[ATTACHMENT|C:\\Users\\LENOVO\\Katalon Studio\\Perkeso Phase A\\Reports\\Workflow\\Form 1A - Cessation as Employer\\20181019_094055\\1539923222700.png]]

2018-10-19 12:27:03 - [TEST_STEP][PASSED] - delay: Delayed 2 second(s)

2018-10-19 12:27:05 - [MESSAGE][PASSED] - Delayed 2 second(s)

2018-10-19 12:27:05 - [TEST_STEP][PASSED] - delay: Delayed 3 second(s)

2018-10-19 12:27:08 - [MESSAGE][PASSED] - Delayed 3 second(s)

2018-10-19 12:27:08 - [TEST_STEP][PASSED] - click: Object: 'Object Repository/Final Object Repo/Landing Page/WorkFlow Menu' is clicked on

2018-10-19 12:27:08 - [MESSAGE][PASSED] - Object: 'Object Repository/Final Object Repo/Landing Page/WorkFlow Menu' is clicked on

2018-10-19 12:27:08 - [TEST_STEP][PASSED] - delay: Delayed 2 second(s)

2018-10-19 12:27:10 - [MESSAGE][PASSED] - Delayed 2 second(s)

2018-10-19 12:27:10 - [TEST_STEP][FAILED] - click: Unable to click on object 'Object Repository/Final Object Repo/Landing Page/Select to Workflow Listing' (Root cause: org.openqa.selenium.ElementNotVisibleException: element not visible
  (Session info: chrome=69.0.3497.100)
  (Driver info: chromedriver=2.35.528161 (5b82f2d2aae0ca24b877009200ced9065a772e73),platform=Windows NT 6.1.7601 SP1 x86_64) (WARNING: The server did not provide any stacktrace information)
Command duration or timeout: 0 milliseconds
Build info: version: '3.7.1', revision: '8a0099a', time: '2017-11-06T21:07:36.161Z'
System info: host: 'WEIZHENG', ip: '192.168.137.1', os.name: 'Windows 7', os.arch: 'amd64', os.version: '6.1', java.version: '1.8.0_181'
Driver info: com.kms.katalon.selenium.driver.CChromeDriver
Capabilities {acceptInsecureCerts: false, acceptSslCerts: false, applicationCacheEnabled: false, browserConnectionEnabled: false, browserName: chrome, chrome: {chromedriverVersion: 2.35.528161 (5b82f2d2aae0ca..., userDataDir: C:\Users\WEIZHE~1\AppData\L...}, cssSelectorsEnabled: true, databaseEnabled: false, handlesAlerts: true, hasTouchScreen: false, javascriptEnabled: true, locationContextEnabled: true, mobileEmulationEnabled: false, nativeEvents: true, networkConnectionEnabled: false, pageLoadStrategy: normal, platform: XP, platformName: XP, rotatable: false, setWindowRect: true, takesHeapSnapshot: true, takesScreenshot: true, unexpectedAlertBehaviour: , unhandledPromptBehavior: , version: 69.0.3497.100, webStorageEnabled: true}
Session ID: 1f8f42907abd531db97c7c83e41e039b)

2018-10-19 12:27:10 - [MESSAGE][FAILED] - Unable to click on object 'Object Repository/Final Object Repo/Landing Page/Select to Workflow Listing' (Root cause: org.openqa.selenium.ElementNotVisibleException: element not visible
  (Session info: chrome=69.0.3497.100)
  (Driver info: chromedriver=2.35.528161 (5b82f2d2aae0ca24b877009200ced9065a772e73),platform=Windows NT 6.1.7601 SP1 x86_64) (WARNING: The server did not provide any stacktrace information)
Command duration or timeout: 0 milliseconds
Build info: version: '3.7.1', revision: '8a0099a', time: '2017-11-06T21:07:36.161Z'
System info: host: 'WEIZHENG', ip: '192.168.137.1', os.name: 'Windows 7', os.arch: 'amd64', os.version: '6.1', java.version: '1.8.0_181'
Driver info: com.kms.katalon.selenium.driver.CChromeDriver
Capabilities {acceptInsecureCerts: false, acceptSslCerts: false, applicationCacheEnabled: false, browserConnectionEnabled: false, browserName: chrome, chrome: {chromedriverVersion: 2.35.528161 (5b82f2d2aae0ca..., userDataDir: C:\Users\WEIZHE~1\AppData\L...}, cssSelectorsEnabled: true, databaseEnabled: false, handlesAlerts: true, hasTouchScreen: false, javascriptEnabled: true, locationContextEnabled: true, mobileEmulationEnabled: false, nativeEvents: true, networkConnectionEnabled: false, pageLoadStrategy: normal, platform: XP, platformName: XP, rotatable: false, setWindowRect: true, takesHeapSnapshot: true, takesScreenshot: true, unexpectedAlertBehaviour: , unhandledPromptBehavior: , version: 69.0.3497.100, webStorageEnabled: true}
Session ID: 1f8f42907abd531db97c7c83e41e039b)
[[ATTACHMENT|C:\\Users\\LENOVO\\Katalon Studio\\Perkeso Phase A\\Reports\\Workflow\\Form 1A - Cessation as Employer\\20181019_094055\\1539923230289.png]]

2018-10-19 12:27:10 - [TEST_STEP][PASSED] - delay: Delayed 2 second(s)

2018-10-19 12:27:12 - [MESSAGE][PASSED] - Delayed 2 second(s)

2018-10-19 12:27:12 - [TEST_STEP][FAILED] - click: Unable to click on object 'Object Repository/Final Object Repo/WorkFlow Listing Page/Search Information - To Put Ref No' (Root cause: com.kms.katalon.core.webui.exception.WebElementNotFoundException: Web element with id: 'Object Repository/Final Object Repo/WorkFlow Listing Page/Search Information - To Put Ref No' located by 'By.xpath: //h2[@data-target = '#_workflowlisting_WAR_baseportlet_searchDiv' and (text() = 'Search Information' or . = 'Search Information')]' not found)

2018-10-19 12:29:22 - [MESSAGE][FAILED] - Unable to click on object 'Object Repository/Final Object Repo/WorkFlow Listing Page/Search Information - To Put Ref No' (Root cause: com.kms.katalon.core.webui.exception.WebElementNotFoundException: Web element with id: 'Object Repository/Final Object Repo/WorkFlow Listing Page/Search Information - To Put Ref No' located by 'By.xpath: //h2[@data-target = '#_workflowlisting_WAR_baseportlet_searchDiv' and (text() = 'Search Information' or . = 'Search Information')]' not found)
[[ATTACHMENT|C:\\Users\\LENOVO\\Katalon Studio\\Perkeso Phase A\\Reports\\Workflow\\Form 1A - Cessation as Employer\\20181019_094055\\1539923362333.png]]

2018-10-19 12:29:22 - [TEST_STEP][PASSED] - delay: Delayed 2 second(s)

2018-10-19 12:29:24 - [MESSAGE][PASSED] - Delayed 2 second(s)

2018-10-19 12:29:24 - [TEST_STEP][PASSED] - callTestCase: Call Test Case 'Test Cases/Final Aug 2018 - PKS Automation/Common/Reference Number Getter' successfully

2018-10-19 12:29:24 - [TEST_CASE][PASSED] - Test Cases/Final Aug 2018 - PKS Automation/Common/Reference Number Getter: Test Cases/Final Aug 2018 - PKS Automation/Common/Reference Number Getter

2018-10-19 12:29:24 - [TEST_STEP][PASSED] - Statement - Try: null

2018-10-19 12:29:24 - [TEST_STEP][PASSED] - Statement - RefNo = new java.io.File(C://KatalonReference.txt): null

2018-10-19 12:29:24 - [TEST_STEP][PASSED] - Statement - bufferread = new java.io.BufferedReader(new java.io.FileReader(RefNo)): null

2018-10-19 12:29:24 - [TEST_STEP][PASSED] - Statement - readedVal = bufferread.readLine(): null

2018-10-19 12:29:24 - [TEST_STEP][PASSED] - Statement - out.println(CaseReferenceNo): null

2018-10-19 12:29:24 - [TEST_STEP][PASSED] - Statement - out.println(readedVal): null

2018-10-19 12:29:24 - [TEST_STEP][PASSED] - Statement - CaseReferenceNo = readedVal: null

2018-10-19 12:29:24 - [MESSAGE][PASSED] - Call Test Case 'Test Cases/Final Aug 2018 - PKS Automation/Common/Reference Number Getter' successfully

2018-10-19 12:29:24 - [TEST_STEP][FAILED] - setText: Unable to set text 'CUN102018C200001430' of object 'Object Repository/Final Object Repo/WorkFlow Listing Page/Ref No Set Text' (Root cause: com.kms.katalon.core.webui.exception.WebElementNotFoundException: Web element with id: 'Object Repository/Final Object Repo/WorkFlow Listing Page/Ref No Set Text' located by 'By.xpath: //input[@id = '_workflowlisting_WAR_baseportlet_dto.trxReferenceNum' and @name = '_workflowlisting_WAR_baseportlet_dto.trxReferenceNum' and @type = 'text']' not found)

2018-10-19 12:31:35 - [MESSAGE][FAILED] - Unable to set text 'CUN102018C200001430' of object 'Object Repository/Final Object Repo/WorkFlow Listing Page/Ref No Set Text' (Root cause: com.kms.katalon.core.webui.exception.WebElementNotFoundException: Web element with id: 'Object Repository/Final Object Repo/WorkFlow Listing Page/Ref No Set Text' located by 'By.xpath: //input[@id = '_workflowlisting_WAR_baseportlet_dto.trxReferenceNum' and @name = '_workflowlisting_WAR_baseportlet_dto.trxReferenceNum' and @type = 'text']' not found)
[[ATTACHMENT|C:\\Users\\LENOVO\\Katalon Studio\\Perkeso Phase A\\Reports\\Workflow\\Form 1A - Cessation as Employer\\20181019_094055\\1539923495007.png]]

2018-10-19 12:31:35 - [TEST_STEP][PASSED] - delay: Delayed 2 second(s)

2018-10-19 12:31:37 - [MESSAGE][PASSED] - Delayed 2 second(s)

2018-10-19 12:31:37 - [TEST_STEP][FAILED] - click: Unable to click on object 'Object Repository/Final Object Repo/WorkFlow Listing Page/Search Ref No Search Button' (Root cause: org.openqa.selenium.ElementNotVisibleException: element not visible
  (Session info: chrome=69.0.3497.100)
  (Driver info: chromedriver=2.35.528161 (5b82f2d2aae0ca24b877009200ced9065a772e73),platform=Windows NT 6.1.7601 SP1 x86_64) (WARNING: The server did not provide any stacktrace information)
Command duration or timeout: 0 milliseconds
Build info: version: '3.7.1', revision: '8a0099a', time: '2017-11-06T21:07:36.161Z'
System info: host: 'WEIZHENG', ip: '192.168.137.1', os.name: 'Windows 7', os.arch: 'amd64', os.version: '6.1', java.version: '1.8.0_181'
Driver info: com.kms.katalon.selenium.driver.CChromeDriver
Capabilities {acceptInsecureCerts: false, acceptSslCerts: false, applicationCacheEnabled: false, browserConnectionEnabled: false, browserName: chrome, chrome: {chromedriverVersion: 2.35.528161 (5b82f2d2aae0ca..., userDataDir: C:\Users\WEIZHE~1\AppData\L...}, cssSelectorsEnabled: true, databaseEnabled: false, handlesAlerts: true, hasTouchScreen: false, javascriptEnabled: true, locationContextEnabled: true, mobileEmulationEnabled: false, nativeEvents: true, networkConnectionEnabled: false, pageLoadStrategy: normal, platform: XP, platformName: XP, rotatable: false, setWindowRect: true, takesHeapSnapshot: true, takesScreenshot: true, unexpectedAlertBehaviour: , unhandledPromptBehavior: , version: 69.0.3497.100, webStorageEnabled: true}
Session ID: 1f8f42907abd531db97c7c83e41e039b)

2018-10-19 12:31:37 - [MESSAGE][FAILED] - Unable to click on object 'Object Repository/Final Object Repo/WorkFlow Listing Page/Search Ref No Search Button' (Root cause: org.openqa.selenium.ElementNotVisibleException: element not visible
  (Session info: chrome=69.0.3497.100)
  (Driver info: chromedriver=2.35.528161 (5b82f2d2aae0ca24b877009200ced9065a772e73),platform=Windows NT 6.1.7601 SP1 x86_64) (WARNING: The server did not provide any stacktrace information)
Command duration or timeout: 0 milliseconds
Build info: version: '3.7.1', revision: '8a0099a', time: '2017-11-06T21:07:36.161Z'
System info: host: 'WEIZHENG', ip: '192.168.137.1', os.name: 'Windows 7', os.arch: 'amd64', os.version: '6.1', java.version: '1.8.0_181'
Driver info: com.kms.katalon.selenium.driver.CChromeDriver
Capabilities {acceptInsecureCerts: false, acceptSslCerts: false, applicationCacheEnabled: false, browserConnectionEnabled: false, browserName: chrome, chrome: {chromedriverVersion: 2.35.528161 (5b82f2d2aae0ca..., userDataDir: C:\Users\WEIZHE~1\AppData\L...}, cssSelectorsEnabled: true, databaseEnabled: false, handlesAlerts: true, hasTouchScreen: false, javascriptEnabled: true, locationContextEnabled: true, mobileEmulationEnabled: false, nativeEvents: true, networkConnectionEnabled: false, pageLoadStrategy: normal, platform: XP, platformName: XP, rotatable: false, setWindowRect: true, takesHeapSnapshot: true, takesScreenshot: true, unexpectedAlertBehaviour: , unhandledPromptBehavior: , version: 69.0.3497.100, webStorageEnabled: true}
Session ID: 1f8f42907abd531db97c7c83e41e039b)
[[ATTACHMENT|C:\\Users\\LENOVO\\Katalon Studio\\Perkeso Phase A\\Reports\\Workflow\\Form 1A - Cessation as Employer\\20181019_094055\\1539923497406.png]]

2018-10-19 12:31:37 - [TEST_STEP][PASSED] - delay: Delayed 4 second(s)

2018-10-19 12:31:41 - [MESSAGE][PASSED] - Delayed 4 second(s)

2018-10-19 12:31:41 - [TEST_STEP][PASSED] - click: Object: 'Object Repository/Final Object Repo/WorkFlow Listing Page/Click Continue Tooltip' is clicked on

2018-10-19 12:31:43 - [MESSAGE][PASSED] - Object: 'Object Repository/Final Object Repo/WorkFlow Listing Page/Click Continue Tooltip' is clicked on

2018-10-19 12:31:43 - [TEST_STEP][PASSED] - delay: Delayed 5 second(s)

2018-10-19 12:31:48 - [MESSAGE][PASSED] - Delayed 5 second(s)

2018-10-19 12:31:48 - [TEST_STEP][FAILED] - doubleClick: Unable to double click on object 'Object Repository/Final Object Repo/WorkFlow Listing Page/Workflow Found - Listing 1' (Root cause: com.kms.katalon.core.webui.exception.WebElementNotFoundException: Web element with id: 'Object Repository/Final Object Repo/WorkFlow Listing Page/Workflow Found - Listing 1' located by 'By.xpath: //body/div/div/div/div/div/div/div/div/div/div/div/div/div/div/div/div/table/tbody/tr/td[@class='table-cell  first']/following-sibling::td[1]' not found)

2018-10-19 12:33:58 - [MESSAGE][FAILED] - Unable to double click on object 'Object Repository/Final Object Repo/WorkFlow Listing Page/Workflow Found - Listing 1' (Root cause: com.kms.katalon.core.webui.exception.WebElementNotFoundException: Web element with id: 'Object Repository/Final Object Repo/WorkFlow Listing Page/Workflow Found - Listing 1' located by 'By.xpath: //body/div/div/div/div/div/div/div/div/div/div/div/div/div/div/div/div/table/tbody/tr/td[@class='table-cell  first']/following-sibling::td[1]' not found)
[[ATTACHMENT|C:\\Users\\LENOVO\\Katalon Studio\\Perkeso Phase A\\Reports\\Workflow\\Form 1A - Cessation as Employer\\20181019_094055\\1539923638243.png]]

2018-10-19 12:33:58 - [MESSAGE][FAILED] - Unable to call Test Case with id 'Test Cases/Final Aug 2018 - PKS Automation/Common/Workflow Owner Finder' (Root cause: Call Test Case 'Test Cases/Final Aug 2018 - PKS Automation/Common/Workflow Owner Finder' failed)

2018-10-19 12:33:58 - [MESSAGE][FAILED] - Unable to call Test Case with id 'Test Cases/Final Aug 2018 - PKS Automation/Registration Module/Workflow/Form 1A - Cessation As Employer/Template/Form 1 A - Cessation As Employer (Reject)' (Root cause: Call Test Case 'Test Cases/Final Aug 2018 - PKS Automation/Registration Module/Workflow/Form 1A - Cessation As Employer/Template/Form 1 A - Cessation As Employer (Reject)' failed)]]></system-out>
         <system-err><![CDATA[2018-10-19 12:21:48 - [TEST_CASE][FAILED] - Test Cases/Final Aug 2018 - PKS Automation/Registration Module/Workflow/Form 1A - Cessation As Employer/OTC to UO (Reject): Test Cases/Final Aug 2018 - PKS Automation/Registration Module/Workflow/Form 1A - Cessation As Employer/OTC to UO (Reject) FAILED because (of) (Stack trace: com.kms.katalon.core.exception.StepFailedException: Unable to click on object 'Object Repository/Final Object Repo/Landing Page/Select to English' (Root cause: com.kms.katalon.core.webui.exception.WebElementNotFoundException: Web element with id: 'Object Repository/Final Object Repo/Landing Page/Select to English' located by 'By.xpath: //a[@class = 'taglib-language-list-text' and @lang = 'en-US' and (contains(text(), 'EN') or contains(., 'EN'))]' not found)
	at com.kms.katalon.core.keyword.internal.KeywordMain.stepFailed(KeywordMain.groovy:32)
	at com.kms.katalon.core.webui.keyword.internal.WebUIKeywordMain.stepFailed(WebUIKeywordMain.groovy:65)
	at com.kms.katalon.core.webui.keyword.internal.WebUIKeywordMain.runKeyword(WebUIKeywordMain.groovy:27)
	at com.kms.katalon.core.webui.keyword.builtin.ClickKeyword.click(ClickKeyword.groovy:86)
	at com.kms.katalon.core.webui.keyword.builtin.ClickKeyword.execute(ClickKeyword.groovy:67)
	at com.kms.katalon.core.keyword.internal.KeywordExecutor.executeKeywordForPlatform(KeywordExecutor.groovy:53)
	at com.kms.katalon.core.webui.keyword.WebUiBuiltInKeywords.click(WebUiBuiltInKeywords.groovy:604)
	at com.kms.katalon.core.webui.keyword.WebUiBuiltInKeywords$click$8.call(Unknown Source)
	at Script1534407542420.run(Script1534407542420.groovy:57)
	at com.kms.katalon.core.main.ScriptEngine.run(ScriptEngine.java:183)
	at com.kms.katalon.core.main.ScriptEngine.runScriptAsRawText(ScriptEngine.java:108)
	at com.kms.katalon.core.main.TestCaseExecutor.runScript(TestCaseExecutor.java:294)
	at com.kms.katalon.core.main.TestCaseExecutor.doExecute(TestCaseExecutor.java:285)
	at com.kms.katalon.core.main.TestCaseExecutor.processExecutionPhase(TestCaseExecutor.java:264)
	at com.kms.katalon.core.main.TestCaseExecutor.accessMainPhase(TestCaseExecutor.java:256)
	at com.kms.katalon.core.main.TestCaseExecutor.execute(TestCaseExecutor.java:200)
	at com.kms.katalon.core.main.TestCaseMain.runTestCase(TestCaseMain.java:99)
	at com.kms.katalon.core.keyword.builtin.CallTestCaseKeyword$_callTestCase_closure1.doCall(CallTestCaseKeyword.groovy:60)
	at com.kms.katalon.core.keyword.builtin.CallTestCaseKeyword$_callTestCase_closure1.call(CallTestCaseKeyword.groovy)
	at com.kms.katalon.core.keyword.internal.KeywordMain.runKeyword(KeywordMain.groovy:54)
	at com.kms.katalon.core.keyword.builtin.CallTestCaseKeyword.callTestCase(CallTestCaseKeyword.groovy:81)
	at com.kms.katalon.core.keyword.builtin.CallTestCaseKeyword.execute(CallTestCaseKeyword.groovy:45)
	at com.kms.katalon.core.keyword.internal.KeywordExecutor.executeKeywordForPlatform(KeywordExecutor.groovy:53)
	at com.kms.katalon.core.keyword.BuiltinKeywords.callTestCase(BuiltinKeywords.groovy:334)
	at sun.reflect.GeneratedMethodAccessor13.invoke(Unknown Source)
	at sun.reflect.DelegatingMethodAccessorImpl.invoke(DelegatingMethodAccessorImpl.java:43)
	at java.lang.reflect.Method.invoke(Method.java:498)
	at org.codehaus.groovy.reflection.CachedMethod.invoke(CachedMethod.java:93)
	at groovy.lang.MetaMethod.doMethodInvoke(MetaMethod.java:325)
	at groovy.lang.MetaClassImpl.invokeStaticMethod(MetaClassImpl.java:1469)
	at org.codehaus.groovy.runtime.callsite.StaticMetaClassSite.call(StaticMetaClassSite.java:53)
	at org.codehaus.groovy.runtime.callsite.CallSiteArray.defaultCall(CallSiteArray.java:48)
	at org.codehaus.groovy.runtime.callsite.AbstractCallSite.call(AbstractCallSite.java:113)
	at org.codehaus.groovy.runtime.callsite.AbstractCallSite.call(AbstractCallSite.java:141)
	at Script1535961073924.run(Script1535961073924.groovy:33)
	at com.kms.katalon.core.main.ScriptEngine.run(ScriptEngine.java:183)
	at com.kms.katalon.core.main.ScriptEngine.runScriptAsRawText(ScriptEngine.java:108)
	at com.kms.katalon.core.main.TestCaseExecutor.runScript(TestCaseExecutor.java:294)
	at com.kms.katalon.core.main.TestCaseExecutor.doExecute(TestCaseExecutor.java:285)
	at com.kms.katalon.core.main.TestCaseExecutor.processExecutionPhase(TestCaseExecutor.java:264)
	at com.kms.katalon.core.main.TestCaseExecutor.accessMainPhase(TestCaseExecutor.java:256)
	at com.kms.katalon.core.main.TestCaseExecutor.execute(TestCaseExecutor.java:200)
	at com.kms.katalon.core.main.TestCaseMain.runTestCase(TestCaseMain.java:99)
	at com.kms.katalon.core.keyword.builtin.CallTestCaseKeyword$_callTestCase_closure1.doCall(CallTestCaseKeyword.groovy:60)
	at com.kms.katalon.core.keyword.builtin.CallTestCaseKeyword$_callTestCase_closure1.call(CallTestCaseKeyword.groovy)
	at com.kms.katalon.core.keyword.internal.KeywordMain.runKeyword(KeywordMain.groovy:54)
	at com.kms.katalon.core.keyword.builtin.CallTestCaseKeyword.callTestCase(CallTestCaseKeyword.groovy:81)
	at com.kms.katalon.core.keyword.builtin.CallTestCaseKeyword.execute(CallTestCaseKeyword.groovy:45)
	at com.kms.katalon.core.keyword.internal.KeywordExecutor.executeKeywordForPlatform(KeywordExecutor.groovy:53)
	at com.kms.katalon.core.keyword.BuiltinKeywords.callTestCase(BuiltinKeywords.groovy:334)
	at sun.reflect.GeneratedMethodAccessor13.invoke(Unknown Source)
	at sun.reflect.DelegatingMethodAccessorImpl.invoke(DelegatingMethodAccessorImpl.java:43)
	at java.lang.reflect.Method.invoke(Method.java:498)
	at org.codehaus.groovy.reflection.CachedMethod.invoke(CachedMethod.java:93)
	at groovy.lang.MetaMethod.doMethodInvoke(MetaMethod.java:325)
	at groovy.lang.MetaClassImpl.invokeStaticMethod(MetaClassImpl.java:1469)
	at org.codehaus.groovy.runtime.callsite.StaticMetaClassSite.call(StaticMetaClassSite.java:53)
	at org.codehaus.groovy.runtime.callsite.CallSiteArray.defaultCall(CallSiteArray.java:48)
	at org.codehaus.groovy.runtime.callsite.AbstractCallSite.call(AbstractCallSite.java:113)
	at org.codehaus.groovy.runtime.callsite.AbstractCallSite.call(AbstractCallSite.java:141)
	at Script1536137656747.run(Script1536137656747.groovy:25)
	at com.kms.katalon.core.main.ScriptEngine.run(ScriptEngine.java:183)
	at com.kms.katalon.core.main.ScriptEngine.runScriptAsRawText(ScriptEngine.java:108)
	at com.kms.katalon.core.main.TestCaseExecutor.runScript(TestCaseExecutor.java:294)
	at com.kms.katalon.core.main.TestCaseExecutor.doExecute(TestCaseExecutor.java:285)
	at com.kms.katalon.core.main.TestCaseExecutor.processExecutionPhase(TestCaseExecutor.java:264)
	at com.kms.katalon.core.main.TestCaseExecutor.accessMainPhase(TestCaseExecutor.java:256)
	at com.kms.katalon.core.main.TestCaseExecutor.execute(TestCaseExecutor.java:200)
	at com.kms.katalon.core.main.TestSuiteExecutor.accessTestCaseMainPhase(TestSuiteExecutor.java:129)
	at com.kms.katalon.core.main.TestSuiteExecutor.accessTestSuiteMainPhase(TestSuiteExecutor.java:112)
	at com.kms.katalon.core.main.TestSuiteExecutor.execute(TestSuiteExecutor.java:81)
	at com.kms.katalon.core.main.TestCaseMain.startTestSuite(TestCaseMain.java:142)
	at com.kms.katalon.core.main.TestCaseMain$startTestSuite$0.call(Unknown Source)
	at org.codehaus.groovy.runtime.callsite.CallSiteArray.defaultCall(CallSiteArray.java:48)
	at org.codehaus.groovy.runtime.callsite.AbstractCallSite.call(AbstractCallSite.java:113)
	at org.codehaus.groovy.runtime.callsite.AbstractCallSite.call(AbstractCallSite.java:141)
	at TempTestSuite1539913255508.run(TempTestSuite1539913255508.groovy:36)
	at groovy.lang.GroovyShell.runScriptOrMainOrTestOrRunnable(GroovyShell.java:263)
	at groovy.lang.GroovyShell.run(GroovyShell.java:518)
	at groovy.lang.GroovyShell.run(GroovyShell.java:507)
	at groovy.ui.GroovyMain.processOnce(GroovyMain.java:653)
	at groovy.ui.GroovyMain.run(GroovyMain.java:384)
	at groovy.ui.GroovyMain.process(GroovyMain.java:370)
	at groovy.ui.GroovyMain.processArgs(GroovyMain.java:129)
	at groovy.ui.GroovyMain.main(GroovyMain.java:109)
	at sun.reflect.NativeMethodAccessorImpl.invoke0(Native Method)
	at sun.reflect.NativeMethodAccessorImpl.invoke(NativeMethodAccessorImpl.java:62)
	at sun.reflect.DelegatingMethodAccessorImpl.invoke(DelegatingMethodAccessorImpl.java:43)
	at java.lang.reflect.Method.invoke(Method.java:498)
	at org.codehaus.groovy.tools.GroovyStarter.rootLoader(GroovyStarter.java:109)
	at org.codehaus.groovy.tools.GroovyStarter.main(GroovyStarter.java:131)
)]]></system-err>
      </testcase>
      <testcase name="Test Cases/Final Aug 2018 - PKS Automation/Registration Module/Workflow/Form 1A - Cessation As Employer/OTC to UO (Under enforcement)" classname="Test Cases/Final Aug 2018 - PKS Automation/Registration Module/Workflow/Form 1A - Cessation As Employer/OTC to UO (Under enforcement)" status="FAILED">
         <failure type="FAILED" message="(Stack trace: com.kms.katalon.core.exception.StepFailedException: Unable to click on object 'Object Repository/Final Object Repo/Landing Page/Select to English' (Root cause: com.kms.katalon.core.webui.exception.WebElementNotFoundException: Web element with id: 'Object Repository/Final Object Repo/Landing Page/Select to English' located by 'By.xpath: //a[@class = 'taglib-language-list-text' and @lang = 'en-US' and (contains(text(), 'EN') or contains(., 'EN'))]' not found)
	at com.kms.katalon.core.keyword.internal.KeywordMain.stepFailed(KeywordMain.groovy:32)
	at com.kms.katalon.core.webui.keyword.internal.WebUIKeywordMain.stepFailed(WebUIKeywordMain.groovy:65)
	at com.kms.katalon.core.webui.keyword.internal.WebUIKeywordMain.runKeyword(WebUIKeywordMain.groovy:27)
	at com.kms.katalon.core.webui.keyword.builtin.ClickKeyword.click(ClickKeyword.groovy:86)
	at com.kms.katalon.core.webui.keyword.builtin.ClickKeyword.execute(ClickKeyword.groovy:67)
	at com.kms.katalon.core.keyword.internal.KeywordExecutor.executeKeywordForPlatform(KeywordExecutor.groovy:53)
	at com.kms.katalon.core.webui.keyword.WebUiBuiltInKeywords.click(WebUiBuiltInKeywords.groovy:604)
	at com.kms.katalon.core.webui.keyword.WebUiBuiltInKeywords$click$8.call(Unknown Source)
	at Script1534407542420.run(Script1534407542420.groovy:57)
	at com.kms.katalon.core.main.ScriptEngine.run(ScriptEngine.java:183)
	at com.kms.katalon.core.main.ScriptEngine.runScriptAsRawText(ScriptEngine.java:108)
	at com.kms.katalon.core.main.TestCaseExecutor.runScript(TestCaseExecutor.java:294)
	at com.kms.katalon.core.main.TestCaseExecutor.doExecute(TestCaseExecutor.java:285)
	at com.kms.katalon.core.main.TestCaseExecutor.processExecutionPhase(TestCaseExecutor.java:264)
	at com.kms.katalon.core.main.TestCaseExecutor.accessMainPhase(TestCaseExecutor.java:256)
	at com.kms.katalon.core.main.TestCaseExecutor.execute(TestCaseExecutor.java:200)
	at com.kms.katalon.core.main.TestCaseMain.runTestCase(TestCaseMain.java:99)
	at com.kms.katalon.core.keyword.builtin.CallTestCaseKeyword$_callTestCase_closure1.doCall(CallTestCaseKeyword.groovy:60)
	at com.kms.katalon.core.keyword.builtin.CallTestCaseKeyword$_callTestCase_closure1.call(CallTestCaseKeyword.groovy)
	at com.kms.katalon.core.keyword.internal.KeywordMain.runKeyword(KeywordMain.groovy:54)
	at com.kms.katalon.core.keyword.builtin.CallTestCaseKeyword.callTestCase(CallTestCaseKeyword.groovy:81)
	at com.kms.katalon.core.keyword.builtin.CallTestCaseKeyword.execute(CallTestCaseKeyword.groovy:45)
	at com.kms.katalon.core.keyword.internal.KeywordExecutor.executeKeywordForPlatform(KeywordExecutor.groovy:53)
	at com.kms.katalon.core.keyword.BuiltinKeywords.callTestCase(BuiltinKeywords.groovy:334)
	at sun.reflect.GeneratedMethodAccessor13.invoke(Unknown Source)
	at sun.reflect.DelegatingMethodAccessorImpl.invoke(DelegatingMethodAccessorImpl.java:43)
	at java.lang.reflect.Method.invoke(Method.java:498)
	at org.codehaus.groovy.reflection.CachedMethod.invoke(CachedMethod.java:93)
	at groovy.lang.MetaMethod.doMethodInvoke(MetaMethod.java:325)
	at groovy.lang.MetaClassImpl.invokeStaticMethod(MetaClassImpl.java:1469)
	at org.codehaus.groovy.runtime.callsite.StaticMetaClassSite.call(StaticMetaClassSite.java:53)
	at org.codehaus.groovy.runtime.callsite.AbstractCallSite.call(AbstractCallSite.java:141)
	at Script1535963367907.run(Script1535963367907.groovy:33)
	at com.kms.katalon.core.main.ScriptEngine.run(ScriptEngine.java:183)
	at com.kms.katalon.core.main.ScriptEngine.runScriptAsRawText(ScriptEngine.java:108)
	at com.kms.katalon.core.main.TestCaseExecutor.runScript(TestCaseExecutor.java:294)
	at com.kms.katalon.core.main.TestCaseExecutor.doExecute(TestCaseExecutor.java:285)
	at com.kms.katalon.core.main.TestCaseExecutor.processExecutionPhase(TestCaseExecutor.java:264)
	at com.kms.katalon.core.main.TestCaseExecutor.accessMainPhase(TestCaseExecutor.java:256)
	at com.kms.katalon.core.main.TestCaseExecutor.execute(TestCaseExecutor.java:200)
	at com.kms.katalon.core.main.TestCaseMain.runTestCase(TestCaseMain.java:99)
	at com.kms.katalon.core.keyword.builtin.CallTestCaseKeyword$_callTestCase_closure1.doCall(CallTestCaseKeyword.groovy:60)
	at com.kms.katalon.core.keyword.builtin.CallTestCaseKeyword$_callTestCase_closure1.call(CallTestCaseKeyword.groovy)
	at com.kms.katalon.core.keyword.internal.KeywordMain.runKeyword(KeywordMain.groovy:54)
	at com.kms.katalon.core.keyword.builtin.CallTestCaseKeyword.callTestCase(CallTestCaseKeyword.groovy:81)
	at com.kms.katalon.core.keyword.builtin.CallTestCaseKeyword.execute(CallTestCaseKeyword.groovy:45)
	at com.kms.katalon.core.keyword.internal.KeywordExecutor.executeKeywordForPlatform(KeywordExecutor.groovy:53)
	at com.kms.katalon.core.keyword.BuiltinKeywords.callTestCase(BuiltinKeywords.groovy:334)
	at sun.reflect.GeneratedMethodAccessor13.invoke(Unknown Source)
	at sun.reflect.DelegatingMethodAccessorImpl.invoke(DelegatingMethodAccessorImpl.java:43)
	at java.lang.reflect.Method.invoke(Method.java:498)
	at org.codehaus.groovy.reflection.CachedMethod.invoke(CachedMethod.java:93)
	at groovy.lang.MetaMethod.doMethodInvoke(MetaMethod.java:325)
	at groovy.lang.MetaClassImpl.invokeStaticMethod(MetaClassImpl.java:1469)
	at org.codehaus.groovy.runtime.callsite.StaticMetaClassSite.call(StaticMetaClassSite.java:53)
	at org.codehaus.groovy.runtime.callsite.CallSiteArray.defaultCall(CallSiteArray.java:48)
	at org.codehaus.groovy.runtime.callsite.AbstractCallSite.call(AbstractCallSite.java:113)
	at org.codehaus.groovy.runtime.callsite.AbstractCallSite.call(AbstractCallSite.java:141)
	at Script1536137757694.run(Script1536137757694.groovy:25)
	at com.kms.katalon.core.main.ScriptEngine.run(ScriptEngine.java:183)
	at com.kms.katalon.core.main.ScriptEngine.runScriptAsRawText(ScriptEngine.java:108)
	at com.kms.katalon.core.main.TestCaseExecutor.runScript(TestCaseExecutor.java:294)
	at com.kms.katalon.core.main.TestCaseExecutor.doExecute(TestCaseExecutor.java:285)
	at com.kms.katalon.core.main.TestCaseExecutor.processExecutionPhase(TestCaseExecutor.java:264)
	at com.kms.katalon.core.main.TestCaseExecutor.accessMainPhase(TestCaseExecutor.java:256)
	at com.kms.katalon.core.main.TestCaseExecutor.execute(TestCaseExecutor.java:200)
	at com.kms.katalon.core.main.TestSuiteExecutor.accessTestCaseMainPhase(TestSuiteExecutor.java:129)
	at com.kms.katalon.core.main.TestSuiteExecutor.accessTestSuiteMainPhase(TestSuiteExecutor.java:112)
	at com.kms.katalon.core.main.TestSuiteExecutor.execute(TestSuiteExecutor.java:81)
	at com.kms.katalon.core.main.TestCaseMain.startTestSuite(TestCaseMain.java:142)
	at com.kms.katalon.core.main.TestCaseMain$startTestSuite$0.call(Unknown Source)
	at org.codehaus.groovy.runtime.callsite.CallSiteArray.defaultCall(CallSiteArray.java:48)
	at org.codehaus.groovy.runtime.callsite.AbstractCallSite.call(AbstractCallSite.java:113)
	at org.codehaus.groovy.runtime.callsite.AbstractCallSite.call(AbstractCallSite.java:141)
	at TempTestSuite1539913255508.run(TempTestSuite1539913255508.groovy:36)
	at groovy.lang.GroovyShell.runScriptOrMainOrTestOrRunnable(GroovyShell.java:263)
	at groovy.lang.GroovyShell.run(GroovyShell.java:518)
	at groovy.lang.GroovyShell.run(GroovyShell.java:507)
	at groovy.ui.GroovyMain.processOnce(GroovyMain.java:653)
	at groovy.ui.GroovyMain.run(GroovyMain.java:384)
	at groovy.ui.GroovyMain.process(GroovyMain.java:370)
	at groovy.ui.GroovyMain.processArgs(GroovyMain.java:129)
	at groovy.ui.GroovyMain.main(GroovyMain.java:109)
	at sun.reflect.NativeMethodAccessorImpl.invoke0(Native Method)
	at sun.reflect.NativeMethodAccessorImpl.invoke(NativeMethodAccessorImpl.java:62)
	at sun.reflect.DelegatingMethodAccessorImpl.invoke(DelegatingMethodAccessorImpl.java:43)
	at java.lang.reflect.Method.invoke(Method.java:498)
	at org.codehaus.groovy.tools.GroovyStarter.rootLoader(GroovyStarter.java:109)
	at org.codehaus.groovy.tools.GroovyStarter.main(GroovyStarter.java:131)
)"/>
         <system-out><![CDATA[2018-10-19 12:33:58 - [TEST_CASE][FAILED] - Test Cases/Final Aug 2018 - PKS Automation/Registration Module/Workflow/Form 1A - Cessation As Employer/OTC to UO (Under enforcement): Test Cases/Final Aug 2018 - PKS Automation/Registration Module/Workflow/Form 1A - Cessation As Employer/OTC to UO (Under enforcement) FAILED because (of) (Stack trace: com.kms.katalon.core.exception.StepFailedException: Unable to click on object 'Object Repository/Final Object Repo/Landing Page/Select to English' (Root cause: com.kms.katalon.core.webui.exception.WebElementNotFoundException: Web element with id: 'Object Repository/Final Object Repo/Landing Page/Select to English' located by 'By.xpath: //a[@class = 'taglib-language-list-text' and @lang = 'en-US' and (contains(text(), 'EN') or contains(., 'EN'))]' not found)
	at com.kms.katalon.core.keyword.internal.KeywordMain.stepFailed(KeywordMain.groovy:32)
	at com.kms.katalon.core.webui.keyword.internal.WebUIKeywordMain.stepFailed(WebUIKeywordMain.groovy:65)
	at com.kms.katalon.core.webui.keyword.internal.WebUIKeywordMain.runKeyword(WebUIKeywordMain.groovy:27)
	at com.kms.katalon.core.webui.keyword.builtin.ClickKeyword.click(ClickKeyword.groovy:86)
	at com.kms.katalon.core.webui.keyword.builtin.ClickKeyword.execute(ClickKeyword.groovy:67)
	at com.kms.katalon.core.keyword.internal.KeywordExecutor.executeKeywordForPlatform(KeywordExecutor.groovy:53)
	at com.kms.katalon.core.webui.keyword.WebUiBuiltInKeywords.click(WebUiBuiltInKeywords.groovy:604)
	at com.kms.katalon.core.webui.keyword.WebUiBuiltInKeywords$click$8.call(Unknown Source)
	at Script1534407542420.run(Script1534407542420.groovy:57)
	at com.kms.katalon.core.main.ScriptEngine.run(ScriptEngine.java:183)
	at com.kms.katalon.core.main.ScriptEngine.runScriptAsRawText(ScriptEngine.java:108)
	at com.kms.katalon.core.main.TestCaseExecutor.runScript(TestCaseExecutor.java:294)
	at com.kms.katalon.core.main.TestCaseExecutor.doExecute(TestCaseExecutor.java:285)
	at com.kms.katalon.core.main.TestCaseExecutor.processExecutionPhase(TestCaseExecutor.java:264)
	at com.kms.katalon.core.main.TestCaseExecutor.accessMainPhase(TestCaseExecutor.java:256)
	at com.kms.katalon.core.main.TestCaseExecutor.execute(TestCaseExecutor.java:200)
	at com.kms.katalon.core.main.TestCaseMain.runTestCase(TestCaseMain.java:99)
	at com.kms.katalon.core.keyword.builtin.CallTestCaseKeyword$_callTestCase_closure1.doCall(CallTestCaseKeyword.groovy:60)
	at com.kms.katalon.core.keyword.builtin.CallTestCaseKeyword$_callTestCase_closure1.call(CallTestCaseKeyword.groovy)
	at com.kms.katalon.core.keyword.internal.KeywordMain.runKeyword(KeywordMain.groovy:54)
	at com.kms.katalon.core.keyword.builtin.CallTestCaseKeyword.callTestCase(CallTestCaseKeyword.groovy:81)
	at com.kms.katalon.core.keyword.builtin.CallTestCaseKeyword.execute(CallTestCaseKeyword.groovy:45)
	at com.kms.katalon.core.keyword.internal.KeywordExecutor.executeKeywordForPlatform(KeywordExecutor.groovy:53)
	at com.kms.katalon.core.keyword.BuiltinKeywords.callTestCase(BuiltinKeywords.groovy:334)
	at sun.reflect.GeneratedMethodAccessor13.invoke(Unknown Source)
	at sun.reflect.DelegatingMethodAccessorImpl.invoke(DelegatingMethodAccessorImpl.java:43)
	at java.lang.reflect.Method.invoke(Method.java:498)
	at org.codehaus.groovy.reflection.CachedMethod.invoke(CachedMethod.java:93)
	at groovy.lang.MetaMethod.doMethodInvoke(MetaMethod.java:325)
	at groovy.lang.MetaClassImpl.invokeStaticMethod(MetaClassImpl.java:1469)
	at org.codehaus.groovy.runtime.callsite.StaticMetaClassSite.call(StaticMetaClassSite.java:53)
	at org.codehaus.groovy.runtime.callsite.AbstractCallSite.call(AbstractCallSite.java:141)
	at Script1535963367907.run(Script1535963367907.groovy:33)
	at com.kms.katalon.core.main.ScriptEngine.run(ScriptEngine.java:183)
	at com.kms.katalon.core.main.ScriptEngine.runScriptAsRawText(ScriptEngine.java:108)
	at com.kms.katalon.core.main.TestCaseExecutor.runScript(TestCaseExecutor.java:294)
	at com.kms.katalon.core.main.TestCaseExecutor.doExecute(TestCaseExecutor.java:285)
	at com.kms.katalon.core.main.TestCaseExecutor.processExecutionPhase(TestCaseExecutor.java:264)
	at com.kms.katalon.core.main.TestCaseExecutor.accessMainPhase(TestCaseExecutor.java:256)
	at com.kms.katalon.core.main.TestCaseExecutor.execute(TestCaseExecutor.java:200)
	at com.kms.katalon.core.main.TestCaseMain.runTestCase(TestCaseMain.java:99)
	at com.kms.katalon.core.keyword.builtin.CallTestCaseKeyword$_callTestCase_closure1.doCall(CallTestCaseKeyword.groovy:60)
	at com.kms.katalon.core.keyword.builtin.CallTestCaseKeyword$_callTestCase_closure1.call(CallTestCaseKeyword.groovy)
	at com.kms.katalon.core.keyword.internal.KeywordMain.runKeyword(KeywordMain.groovy:54)
	at com.kms.katalon.core.keyword.builtin.CallTestCaseKeyword.callTestCase(CallTestCaseKeyword.groovy:81)
	at com.kms.katalon.core.keyword.builtin.CallTestCaseKeyword.execute(CallTestCaseKeyword.groovy:45)
	at com.kms.katalon.core.keyword.internal.KeywordExecutor.executeKeywordForPlatform(KeywordExecutor.groovy:53)
	at com.kms.katalon.core.keyword.BuiltinKeywords.callTestCase(BuiltinKeywords.groovy:334)
	at sun.reflect.GeneratedMethodAccessor13.invoke(Unknown Source)
	at sun.reflect.DelegatingMethodAccessorImpl.invoke(DelegatingMethodAccessorImpl.java:43)
	at java.lang.reflect.Method.invoke(Method.java:498)
	at org.codehaus.groovy.reflection.CachedMethod.invoke(CachedMethod.java:93)
	at groovy.lang.MetaMethod.doMethodInvoke(MetaMethod.java:325)
	at groovy.lang.MetaClassImpl.invokeStaticMethod(MetaClassImpl.java:1469)
	at org.codehaus.groovy.runtime.callsite.StaticMetaClassSite.call(StaticMetaClassSite.java:53)
	at org.codehaus.groovy.runtime.callsite.CallSiteArray.defaultCall(CallSiteArray.java:48)
	at org.codehaus.groovy.runtime.callsite.AbstractCallSite.call(AbstractCallSite.java:113)
	at org.codehaus.groovy.runtime.callsite.AbstractCallSite.call(AbstractCallSite.java:141)
	at Script1536137757694.run(Script1536137757694.groovy:25)
	at com.kms.katalon.core.main.ScriptEngine.run(ScriptEngine.java:183)
	at com.kms.katalon.core.main.ScriptEngine.runScriptAsRawText(ScriptEngine.java:108)
	at com.kms.katalon.core.main.TestCaseExecutor.runScript(TestCaseExecutor.java:294)
	at com.kms.katalon.core.main.TestCaseExecutor.doExecute(TestCaseExecutor.java:285)
	at com.kms.katalon.core.main.TestCaseExecutor.processExecutionPhase(TestCaseExecutor.java:264)
	at com.kms.katalon.core.main.TestCaseExecutor.accessMainPhase(TestCaseExecutor.java:256)
	at com.kms.katalon.core.main.TestCaseExecutor.execute(TestCaseExecutor.java:200)
	at com.kms.katalon.core.main.TestSuiteExecutor.accessTestCaseMainPhase(TestSuiteExecutor.java:129)
	at com.kms.katalon.core.main.TestSuiteExecutor.accessTestSuiteMainPhase(TestSuiteExecutor.java:112)
	at com.kms.katalon.core.main.TestSuiteExecutor.execute(TestSuiteExecutor.java:81)
	at com.kms.katalon.core.main.TestCaseMain.startTestSuite(TestCaseMain.java:142)
	at com.kms.katalon.core.main.TestCaseMain$startTestSuite$0.call(Unknown Source)
	at org.codehaus.groovy.runtime.callsite.CallSiteArray.defaultCall(CallSiteArray.java:48)
	at org.codehaus.groovy.runtime.callsite.AbstractCallSite.call(AbstractCallSite.java:113)
	at org.codehaus.groovy.runtime.callsite.AbstractCallSite.call(AbstractCallSite.java:141)
	at TempTestSuite1539913255508.run(TempTestSuite1539913255508.groovy:36)
	at groovy.lang.GroovyShell.runScriptOrMainOrTestOrRunnable(GroovyShell.java:263)
	at groovy.lang.GroovyShell.run(GroovyShell.java:518)
	at groovy.lang.GroovyShell.run(GroovyShell.java:507)
	at groovy.ui.GroovyMain.processOnce(GroovyMain.java:653)
	at groovy.ui.GroovyMain.run(GroovyMain.java:384)
	at groovy.ui.GroovyMain.process(GroovyMain.java:370)
	at groovy.ui.GroovyMain.processArgs(GroovyMain.java:129)
	at groovy.ui.GroovyMain.main(GroovyMain.java:109)
	at sun.reflect.NativeMethodAccessorImpl.invoke0(Native Method)
	at sun.reflect.NativeMethodAccessorImpl.invoke(NativeMethodAccessorImpl.java:62)
	at sun.reflect.DelegatingMethodAccessorImpl.invoke(DelegatingMethodAccessorImpl.java:43)
	at java.lang.reflect.Method.invoke(Method.java:498)
	at org.codehaus.groovy.tools.GroovyStarter.rootLoader(GroovyStarter.java:109)
	at org.codehaus.groovy.tools.GroovyStarter.main(GroovyStarter.java:131)
)

2018-10-19 12:33:58 - [TEST_STEP][PASSED] - callTestCase: Call Test Case 'Test Cases/Final Aug 2018 - PKS Automation/Registration Module/Workflow/Form 1A - Cessation As Employer/Template/Form 1 A - Cessation As Employer (OTC)' successfully

2018-10-19 12:33:58 - [TEST_CASE][PASSED] - Test Cases/Final Aug 2018 - PKS Automation/Registration Module/Workflow/Form 1A - Cessation As Employer/Template/Form 1 A - Cessation As Employer (OTC): Test Cases/Final Aug 2018 - PKS Automation/Registration Module/Workflow/Form 1A - Cessation As Employer/Template/Form 1 A - Cessation As Employer (OTC)

2018-10-19 12:33:58 - [TEST_STEP][PASSED] - openBrowser: Browser is opened with url: ''

2018-10-19 12:33:58 - [MESSAGE][WARNING] - A browser is already opened. Closing browser and opening a new one

2018-10-19 12:34:02 - [MESSAGE][PASSED] - Browser is opened with url: ''

2018-10-19 12:34:02 - [TEST_STEP][PASSED] - navigateToUrl: Navigate to 'https://assist2-uat.perkeso.gov.my/login' successfully

2018-10-19 12:34:05 - [MESSAGE][PASSED] - Navigate to 'https://assist2-uat.perkeso.gov.my/login' successfully

2018-10-19 12:34:05 - [TEST_STEP][PASSED] - setText: Text 'johorotc1@gmail.com' is set on object 'Object Repository/Final Object Repo/Login Page/Internal User/Email Address'

2018-10-19 12:34:05 - [MESSAGE][PASSED] - Text 'johorotc1@gmail.com' is set on object 'Object Repository/Final Object Repo/Login Page/Internal User/Email Address'

2018-10-19 12:34:05 - [TEST_STEP][PASSED] - click: Object: 'Object Repository/Final Object Repo/Login Page/Internal User/Next Button' is clicked on

2018-10-19 12:34:05 - [MESSAGE][PASSED] - Object: 'Object Repository/Final Object Repo/Login Page/Internal User/Next Button' is clicked on

2018-10-19 12:34:05 - [TEST_STEP][PASSED] - delay: Delayed 1 second(s)

2018-10-19 12:34:06 - [MESSAGE][PASSED] - Delayed 1 second(s)

2018-10-19 12:34:06 - [TEST_STEP][PASSED] - setEncryptedText: Text ****** has been set on object 'Object Repository/Final Object Repo/Login Page/Internal User/Password'

2018-10-19 12:34:06 - [MESSAGE][PASSED] - Text ****** has been set on object 'Object Repository/Final Object Repo/Login Page/Internal User/Password'

2018-10-19 12:34:06 - [TEST_STEP][PASSED] - click: Object: 'Object Repository/Final Object Repo/Login Page/Internal User/Login Button' is clicked on

2018-10-19 12:34:07 - [MESSAGE][PASSED] - Object: 'Object Repository/Final Object Repo/Login Page/Internal User/Login Button' is clicked on

2018-10-19 12:34:07 - [TEST_STEP][PASSED] - delay: Delayed 1 second(s)

2018-10-19 12:34:08 - [MESSAGE][PASSED] - Delayed 1 second(s)

2018-10-19 12:34:08 - [TEST_STEP][PASSED] - Statement - Try: Delayed 2 second(s)

2018-10-19 12:34:08 - [TEST_STEP][PASSED] - Statement - Checker = false: null

2018-10-19 12:34:08 - [TEST_STEP][PASSED] - Statement - Checker = com.kms.katalon.core.webui.keyword.WebUiBuiltInKeywords.verifyElementHasAttribute(com.kms.katalon.core.testobject.ObjectRepository.findTestObject(Final Object Repo/Landing Page/BM Detecting), "href", 20, OPTIONAL): Object 'Object Repository/Final Object Repo/Landing Page/BM Detecting' has attribute 'href'

2018-10-19 12:34:10 - [MESSAGE][PASSED] - Object 'Object Repository/Final Object Repo/Landing Page/BM Detecting' has attribute 'href'

2018-10-19 12:34:10 - [TEST_STEP][PASSED] - Statement - out.println(Checker): null

2018-10-19 12:34:10 - [TEST_STEP][PASSED] - Statement - If (Checker == false): null

2018-10-19 12:34:10 - [TEST_STEP][PASSED] - Statement - Else: null

2018-10-19 12:34:10 - [TEST_STEP][PASSED] - delay: Delayed 2 second(s)

2018-10-19 12:34:12 - [MESSAGE][PASSED] - Delayed 2 second(s)

2018-10-19 12:34:12 - [TEST_STEP][PASSED] - navigateToUrl: Navigate to 'https://assist2-uat.perkeso.gov.my/web/registration/update/form-1a-cessation-as-employer-discontinue-business-' successfully

2018-10-19 12:34:13 - [MESSAGE][PASSED] - Navigate to 'https://assist2-uat.perkeso.gov.my/web/registration/update/form-1a-cessation-as-employer-discontinue-business-' successfully

2018-10-19 12:34:13 - [TEST_STEP][PASSED] - setText: Text 'E1102069770Z' is set on object 'Object Repository/Final Object Repo/Page_Update Employer Information/Employer Code'

2018-10-19 12:34:13 - [MESSAGE][PASSED] - Text 'E1102069770Z' is set on object 'Object Repository/Final Object Repo/Page_Update Employer Information/Employer Code'

2018-10-19 12:34:13 - [TEST_STEP][PASSED] - click: Object: 'Object Repository/Final Object Repo/Page_Update Employer Information/Search Button' is clicked on

2018-10-19 12:34:13 - [MESSAGE][PASSED] - Object: 'Object Repository/Final Object Repo/Page_Update Employer Information/Search Button' is clicked on

2018-10-19 12:34:13 - [TEST_STEP][PASSED] - click: Object: 'Object Repository/Final Object Repo/Page_Update Employer Information/Edit Button' is clicked on

2018-10-19 12:34:16 - [MESSAGE][PASSED] - Object: 'Object Repository/Final Object Repo/Page_Update Employer Information/Edit Button' is clicked on

2018-10-19 12:34:16 - [TEST_STEP][PASSED] - Statement - abc = com.kms.katalon.core.webui.keyword.WebUiBuiltInKeywords.getAttribute(com.kms.katalon.core.testobject.ObjectRepository.findTestObject(Final Object Repo/Page_Form 1A - Cessation As Employer/Employer Status), "value"): Attribute 'value' of object 'Object Repository/Final Object Repo/Page_Form 1A - Cessation As Employer/Employer Status' is: 'Dormant'

2018-10-19 12:34:16 - [MESSAGE][PASSED] - Attribute 'value' of object 'Object Repository/Final Object Repo/Page_Form 1A - Cessation As Employer/Employer Status' is: 'Dormant'

2018-10-19 12:34:16 - [TEST_STEP][PASSED] - Statement - out.println(abc): null

2018-10-19 12:34:16 - [TEST_STEP][PASSED] - Statement - If (abc == "Active"): null

2018-10-19 12:34:16 - [TEST_STEP][PASSED] - Statement - Else If (abc == "Cancel"): null

2018-10-19 12:34:16 - [TEST_STEP][PASSED] - Statement - Else If (abc == "Dormant"): Object: 'Object Repository/Final Object Repo/Page_Form 1A - Cessation As Employer/Change Employer Status to - Dormant' is clicked on

2018-10-19 12:34:16 - [TEST_STEP][PASSED] - click: Object: 'Object Repository/Final Object Repo/Page_Form 1A - Cessation As Employer/Change Employer Status to' is clicked on

2018-10-19 12:34:16 - [MESSAGE][PASSED] - Object: 'Object Repository/Final Object Repo/Page_Form 1A - Cessation As Employer/Change Employer Status to' is clicked on

2018-10-19 12:34:16 - [TEST_STEP][PASSED] - click: Object: 'Object Repository/Final Object Repo/Page_Form 1A - Cessation As Employer/Change Employer Status to - Dormant' is clicked on

2018-10-19 12:34:17 - [MESSAGE][PASSED] - Object: 'Object Repository/Final Object Repo/Page_Form 1A - Cessation As Employer/Change Employer Status to - Dormant' is clicked on

2018-10-19 12:34:17 - [TEST_STEP][PASSED] - click: Object: 'Object Repository/Final Object Repo/Page_Form 1A - Cessation As Employer/Calender' is clicked on

2018-10-19 12:34:17 - [MESSAGE][PASSED] - Object: 'Object Repository/Final Object Repo/Page_Form 1A - Cessation As Employer/Calender' is clicked on

2018-10-19 12:34:17 - [TEST_STEP][PASSED] - click: Object: 'Object Repository/Final Object Repo/Page_Form 1A - Cessation As Employer/Calender - Date' is clicked on

2018-10-19 12:34:17 - [MESSAGE][PASSED] - Object: 'Object Repository/Final Object Repo/Page_Form 1A - Cessation As Employer/Calender - Date' is clicked on

2018-10-19 12:34:17 - [TEST_STEP][PASSED] - delay: Delayed 2 second(s)

2018-10-19 12:34:19 - [MESSAGE][PASSED] - Delayed 2 second(s)

2018-10-19 12:34:19 - [TEST_STEP][PASSED] - click: Object: 'Object Repository/Final Object Repo/Page_Form 1A - Cessation As Employer/Save  Continue in Form 1A Page' is clicked on

2018-10-19 12:34:19 - [MESSAGE][PASSED] - Object: 'Object Repository/Final Object Repo/Page_Form 1A - Cessation As Employer/Save  Continue in Form 1A Page' is clicked on

2018-10-19 12:34:19 - [TEST_STEP][PASSED] - delay: Delayed 2 second(s)

2018-10-19 12:34:21 - [MESSAGE][PASSED] - Delayed 2 second(s)

2018-10-19 12:34:21 - [TEST_STEP][PASSED] - click: Object: 'Object Repository/Final Object Repo/Page_Form 1A - Cessation As Employer/Employment Resign Date' is clicked on

2018-10-19 12:34:22 - [MESSAGE][PASSED] - Object: 'Object Repository/Final Object Repo/Page_Form 1A - Cessation As Employer/Employment Resign Date' is clicked on

2018-10-19 12:34:22 - [TEST_STEP][PASSED] - delay: Delayed 1 second(s)

2018-10-19 12:34:23 - [MESSAGE][PASSED] - Delayed 1 second(s)

2018-10-19 12:34:23 - [TEST_STEP][PASSED] - Statement - CaseReferenceNo = com.kms.katalon.core.webui.keyword.WebUiBuiltInKeywords.getText(com.kms.katalon.core.testobject.ObjectRepository.findTestObject(Final Object Repo/Page_Update Employer Information/Reference Number in Update Employee Information Page)): Text of object 'Object Repository/Final Object Repo/Page_Update Employer Information/Reference Number in Update Employee Information Page' is: 'CUN102018C200001431'

2018-10-19 12:34:23 - [MESSAGE][PASSED] - Text of object 'Object Repository/Final Object Repo/Page_Update Employer Information/Reference Number in Update Employee Information Page' is: 'CUN102018C200001431'

2018-10-19 12:34:23 - [TEST_STEP][PASSED] - callTestCase: Call Test Case 'Test Cases/Final Aug 2018 - PKS Automation/Common/Reference Number Setter' successfully

2018-10-19 12:34:23 - [TEST_CASE][PASSED] - Test Cases/Final Aug 2018 - PKS Automation/Common/Reference Number Setter: Test Cases/Final Aug 2018 - PKS Automation/Common/Reference Number Setter

2018-10-19 12:34:23 - [TEST_STEP][PASSED] - Statement - RefNoOldFile = new java.io.File(C://KatalonReference.txt): null

2018-10-19 12:34:23 - [TEST_STEP][PASSED] - Statement - RefNoOldFile.delete(): null

2018-10-19 12:34:23 - [TEST_STEP][PASSED] - Statement - RefNo = new java.io.File(C://KatalonReference.txt): null

2018-10-19 12:34:23 - [TEST_STEP][PASSED] - Statement - RefNo.append(CaseReferenceNo): null

2018-10-19 12:34:23 - [TEST_STEP][PASSED] - Statement - out.println("


" + CaseReferenceNo + "


"): null

2018-10-19 12:34:23 - [MESSAGE][PASSED] - Call Test Case 'Test Cases/Final Aug 2018 - PKS Automation/Common/Reference Number Setter' successfully

2018-10-19 12:34:23 - [TEST_STEP][PASSED] - selectOptionByValue: All options with value '2030' are selected in object 'Object Repository/Final Object Repo/Page_Form 1A - Cessation As Employer/Employment Resign Date - Year' 

2018-10-19 12:34:23 - [MESSAGE][PASSED] - All options with value '2030' are selected in object 'Object Repository/Final Object Repo/Page_Form 1A - Cessation As Employer/Employment Resign Date - Year' 

2018-10-19 12:34:23 - [TEST_STEP][PASSED] - delay: Delayed 1 second(s)

2018-10-19 12:34:24 - [MESSAGE][PASSED] - Delayed 1 second(s)

2018-10-19 12:34:24 - [TEST_STEP][PASSED] - click: Object: 'Object Repository/Final Object Repo/Page_Form 1A - Cessation As Employer/Employment Resign Date - Year - Date' is clicked on

2018-10-19 12:34:24 - [MESSAGE][PASSED] - Object: 'Object Repository/Final Object Repo/Page_Form 1A - Cessation As Employer/Employment Resign Date - Year - Date' is clicked on

2018-10-19 12:34:24 - [TEST_STEP][PASSED] - delay: Delayed 2 second(s)

2018-10-19 12:34:26 - [MESSAGE][PASSED] - Delayed 2 second(s)

2018-10-19 12:34:26 - [TEST_STEP][PASSED] - click: Object: 'Object Repository/Final Object Repo/Page_Form 1A - Cessation As Employer/Save  Continue in Update Add Employee Resigned Date Page' is clicked on

2018-10-19 12:34:26 - [MESSAGE][PASSED] - Object: 'Object Repository/Final Object Repo/Page_Form 1A - Cessation As Employer/Save  Continue in Update Add Employee Resigned Date Page' is clicked on

2018-10-19 12:34:26 - [TEST_STEP][PASSED] - delay: Delayed 2 second(s)

2018-10-19 12:34:28 - [MESSAGE][PASSED] - Delayed 2 second(s)

2018-10-19 12:34:28 - [TEST_STEP][PASSED] - click: Object: 'Object Repository/Final Object Repo/Page_Form 1A - Cessation As Employer/Add Document' is clicked on

2018-10-19 12:34:30 - [MESSAGE][PASSED] - Object: 'Object Repository/Final Object Repo/Page_Form 1A - Cessation As Employer/Add Document' is clicked on

2018-10-19 12:34:30 - [TEST_STEP][PASSED] - delay: Delayed 2 second(s)

2018-10-19 12:34:32 - [MESSAGE][PASSED] - Delayed 2 second(s)

2018-10-19 12:34:32 - [TEST_STEP][PASSED] - click: Object: 'Object Repository/Final Object Repo/Page_Form 1A - Cessation As Employer/Document Type' is clicked on

2018-10-19 12:34:33 - [MESSAGE][PASSED] - Object: 'Object Repository/Final Object Repo/Page_Form 1A - Cessation As Employer/Document Type' is clicked on

2018-10-19 12:34:33 - [TEST_STEP][PASSED] - delay: Delayed 2 second(s)

2018-10-19 12:34:35 - [MESSAGE][PASSED] - Delayed 2 second(s)

2018-10-19 12:34:35 - [TEST_STEP][PASSED] - click: Object: 'Object Repository/Final Object Repo/Page_Form 1A - Cessation As Employer/Document Type - Supporting Document For Cessation' is clicked on

2018-10-19 12:34:35 - [MESSAGE][PASSED] - Object: 'Object Repository/Final Object Repo/Page_Form 1A - Cessation As Employer/Document Type - Supporting Document For Cessation' is clicked on

2018-10-19 12:34:35 - [TEST_STEP][PASSED] - delay: Delayed 2 second(s)

2018-10-19 12:34:37 - [MESSAGE][PASSED] - Delayed 2 second(s)

2018-10-19 12:34:37 - [TEST_STEP][PASSED] - sendKeys: Keys 'C:\Users\Public\Pictures\Sample Pictures\Act.jpg' sent to object: 'Object Repository/Final Object Repo/Page_Form 1A - Cessation As Employer/Uploading File'

2018-10-19 12:34:37 - [MESSAGE][PASSED] - Keys 'C:\Users\Public\Pictures\Sample Pictures\Act.jpg' sent to object: 'Object Repository/Final Object Repo/Page_Form 1A - Cessation As Employer/Uploading File'

2018-10-19 12:34:37 - [TEST_STEP][PASSED] - delay: Delayed 2 second(s)

2018-10-19 12:34:39 - [MESSAGE][PASSED] - Delayed 2 second(s)

2018-10-19 12:34:39 - [TEST_STEP][PASSED] - click: Object: 'Object Repository/Final Object Repo/Page_Form 1A - Cessation As Employer/Add Document in Uploading Page' is clicked on

2018-10-19 12:34:40 - [MESSAGE][PASSED] - Object: 'Object Repository/Final Object Repo/Page_Form 1A - Cessation As Employer/Add Document in Uploading Page' is clicked on

2018-10-19 12:34:40 - [TEST_STEP][PASSED] - delay: Delayed 20 second(s)

2018-10-19 12:35:00 - [MESSAGE][PASSED] - Delayed 20 second(s)

2018-10-19 12:35:00 - [TEST_STEP][PASSED] - click: Object: 'Object Repository/Final Object Repo/Page_Form 1A - Cessation As Employer/Save  Continue in Uploading Page' is clicked on

2018-10-19 12:35:00 - [MESSAGE][PASSED] - Object: 'Object Repository/Final Object Repo/Page_Form 1A - Cessation As Employer/Save  Continue in Uploading Page' is clicked on

2018-10-19 12:35:00 - [TEST_STEP][PASSED] - delay: Delayed 2 second(s)

2018-10-19 12:35:02 - [MESSAGE][PASSED] - Delayed 2 second(s)

2018-10-19 12:35:02 - [TEST_STEP][PASSED] - click: Object: 'Object Repository/Final Object Repo/Page_Form 1A - Cessation As Employer/Submit2' is clicked on

2018-10-19 12:35:06 - [MESSAGE][PASSED] - Object: 'Object Repository/Final Object Repo/Page_Form 1A - Cessation As Employer/Submit2' is clicked on

2018-10-19 12:35:06 - [TEST_STEP][PASSED] - delay: Delayed 2 second(s)

2018-10-19 12:35:08 - [MESSAGE][PASSED] - Delayed 2 second(s)

2018-10-19 12:35:08 - [TEST_STEP][PASSED] - click: Object: 'Object Repository/Final Object Repo/Page_Form 1A - Cessation As Employer/Confirm' is clicked on

2018-10-19 12:35:08 - [MESSAGE][PASSED] - Object: 'Object Repository/Final Object Repo/Page_Form 1A - Cessation As Employer/Confirm' is clicked on

2018-10-19 12:35:08 - [TEST_STEP][PASSED] - delay: Delayed 2 second(s)

2018-10-19 12:35:10 - [MESSAGE][PASSED] - Delayed 2 second(s)

2018-10-19 12:35:10 - [TEST_STEP][PASSED] - verifyElementVisible: Object 'Object Repository/Final Object Repo/Page_Form 1A - Cessation As Employer/Message Your Request will be routed to UO' is visible

2018-10-19 12:35:14 - [MESSAGE][PASSED] - Object 'Object Repository/Final Object Repo/Page_Form 1A - Cessation As Employer/Message Your Request will be routed to UO' is visible

2018-10-19 12:35:14 - [TEST_STEP][PASSED] - delay: Delayed 1 second(s)

2018-10-19 12:35:15 - [MESSAGE][PASSED] - Delayed 1 second(s)

2018-10-19 12:35:15 - [TEST_STEP][PASSED] - verifyElementVisible: Object 'Object Repository/Final Object Repo/Page_Form 1A - Cessation As Employer/Letter of acknowledgement' is visible

2018-10-19 12:35:15 - [MESSAGE][PASSED] - Object 'Object Repository/Final Object Repo/Page_Form 1A - Cessation As Employer/Letter of acknowledgement' is visible

2018-10-19 12:35:15 - [MESSAGE][PASSED] - Call Test Case 'Test Cases/Final Aug 2018 - PKS Automation/Registration Module/Workflow/Form 1A - Cessation As Employer/Template/Form 1 A - Cessation As Employer (OTC)' successfully

2018-10-19 12:35:15 - [TEST_STEP][FAILED] - callTestCase: Unable to call Test Case with id 'Test Cases/Final Aug 2018 - PKS Automation/Registration Module/Workflow/Form 1A - Cessation As Employer/Template/Form 1 A - Cessation As Employer (Under enforcement)' (Root cause: Call Test Case 'Test Cases/Final Aug 2018 - PKS Automation/Registration Module/Workflow/Form 1A - Cessation As Employer/Template/Form 1 A - Cessation As Employer (Under enforcement)' failed)

2018-10-19 12:35:15 - [TEST_CASE][FAILED] - Test Cases/Final Aug 2018 - PKS Automation/Registration Module/Workflow/Form 1A - Cessation As Employer/Template/Form 1 A - Cessation As Employer (Under enforcement): Test Cases/Final Aug 2018 - PKS Automation/Registration Module/Workflow/Form 1A - Cessation As Employer/Template/Form 1 A - Cessation As Employer (Under enforcement) FAILED because (of) (Stack trace: com.kms.katalon.core.exception.StepFailedException: Unable to click on object 'Object Repository/Final Object Repo/Landing Page/Select to English' (Root cause: com.kms.katalon.core.webui.exception.WebElementNotFoundException: Web element with id: 'Object Repository/Final Object Repo/Landing Page/Select to English' located by 'By.xpath: //a[@class = 'taglib-language-list-text' and @lang = 'en-US' and (contains(text(), 'EN') or contains(., 'EN'))]' not found)
	at com.kms.katalon.core.keyword.internal.KeywordMain.stepFailed(KeywordMain.groovy:32)
	at com.kms.katalon.core.webui.keyword.internal.WebUIKeywordMain.stepFailed(WebUIKeywordMain.groovy:65)
	at com.kms.katalon.core.webui.keyword.internal.WebUIKeywordMain.runKeyword(WebUIKeywordMain.groovy:27)
	at com.kms.katalon.core.webui.keyword.builtin.ClickKeyword.click(ClickKeyword.groovy:86)
	at com.kms.katalon.core.webui.keyword.builtin.ClickKeyword.execute(ClickKeyword.groovy:67)
	at com.kms.katalon.core.keyword.internal.KeywordExecutor.executeKeywordForPlatform(KeywordExecutor.groovy:53)
	at com.kms.katalon.core.webui.keyword.WebUiBuiltInKeywords.click(WebUiBuiltInKeywords.groovy:604)
	at com.kms.katalon.core.webui.keyword.WebUiBuiltInKeywords$click$8.call(Unknown Source)
	at Script1534407542420.run(Script1534407542420.groovy:57)
	at com.kms.katalon.core.main.ScriptEngine.run(ScriptEngine.java:183)
	at com.kms.katalon.core.main.ScriptEngine.runScriptAsRawText(ScriptEngine.java:108)
	at com.kms.katalon.core.main.TestCaseExecutor.runScript(TestCaseExecutor.java:294)
	at com.kms.katalon.core.main.TestCaseExecutor.doExecute(TestCaseExecutor.java:285)
	at com.kms.katalon.core.main.TestCaseExecutor.processExecutionPhase(TestCaseExecutor.java:264)
	at com.kms.katalon.core.main.TestCaseExecutor.accessMainPhase(TestCaseExecutor.java:256)
	at com.kms.katalon.core.main.TestCaseExecutor.execute(TestCaseExecutor.java:200)
	at com.kms.katalon.core.main.TestCaseMain.runTestCase(TestCaseMain.java:99)
	at com.kms.katalon.core.keyword.builtin.CallTestCaseKeyword$_callTestCase_closure1.doCall(CallTestCaseKeyword.groovy:60)
	at com.kms.katalon.core.keyword.builtin.CallTestCaseKeyword$_callTestCase_closure1.call(CallTestCaseKeyword.groovy)
	at com.kms.katalon.core.keyword.internal.KeywordMain.runKeyword(KeywordMain.groovy:54)
	at com.kms.katalon.core.keyword.builtin.CallTestCaseKeyword.callTestCase(CallTestCaseKeyword.groovy:81)
	at com.kms.katalon.core.keyword.builtin.CallTestCaseKeyword.execute(CallTestCaseKeyword.groovy:45)
	at com.kms.katalon.core.keyword.internal.KeywordExecutor.executeKeywordForPlatform(KeywordExecutor.groovy:53)
	at com.kms.katalon.core.keyword.BuiltinKeywords.callTestCase(BuiltinKeywords.groovy:334)
	at sun.reflect.GeneratedMethodAccessor13.invoke(Unknown Source)
	at sun.reflect.DelegatingMethodAccessorImpl.invoke(DelegatingMethodAccessorImpl.java:43)
	at java.lang.reflect.Method.invoke(Method.java:498)
	at org.codehaus.groovy.reflection.CachedMethod.invoke(CachedMethod.java:93)
	at groovy.lang.MetaMethod.doMethodInvoke(MetaMethod.java:325)
	at groovy.lang.MetaClassImpl.invokeStaticMethod(MetaClassImpl.java:1469)
	at org.codehaus.groovy.runtime.callsite.StaticMetaClassSite.call(StaticMetaClassSite.java:53)
	at org.codehaus.groovy.runtime.callsite.AbstractCallSite.call(AbstractCallSite.java:141)
	at Script1535963367907.run(Script1535963367907.groovy:33)
	at com.kms.katalon.core.main.ScriptEngine.run(ScriptEngine.java:183)
	at com.kms.katalon.core.main.ScriptEngine.runScriptAsRawText(ScriptEngine.java:108)
	at com.kms.katalon.core.main.TestCaseExecutor.runScript(TestCaseExecutor.java:294)
	at com.kms.katalon.core.main.TestCaseExecutor.doExecute(TestCaseExecutor.java:285)
	at com.kms.katalon.core.main.TestCaseExecutor.processExecutionPhase(TestCaseExecutor.java:264)
	at com.kms.katalon.core.main.TestCaseExecutor.accessMainPhase(TestCaseExecutor.java:256)
	at com.kms.katalon.core.main.TestCaseExecutor.execute(TestCaseExecutor.java:200)
	at com.kms.katalon.core.main.TestCaseMain.runTestCase(TestCaseMain.java:99)
	at com.kms.katalon.core.keyword.builtin.CallTestCaseKeyword$_callTestCase_closure1.doCall(CallTestCaseKeyword.groovy:60)
	at com.kms.katalon.core.keyword.builtin.CallTestCaseKeyword$_callTestCase_closure1.call(CallTestCaseKeyword.groovy)
	at com.kms.katalon.core.keyword.internal.KeywordMain.runKeyword(KeywordMain.groovy:54)
	at com.kms.katalon.core.keyword.builtin.CallTestCaseKeyword.callTestCase(CallTestCaseKeyword.groovy:81)
	at com.kms.katalon.core.keyword.builtin.CallTestCaseKeyword.execute(CallTestCaseKeyword.groovy:45)
	at com.kms.katalon.core.keyword.internal.KeywordExecutor.executeKeywordForPlatform(KeywordExecutor.groovy:53)
	at com.kms.katalon.core.keyword.BuiltinKeywords.callTestCase(BuiltinKeywords.groovy:334)
	at sun.reflect.GeneratedMethodAccessor13.invoke(Unknown Source)
	at sun.reflect.DelegatingMethodAccessorImpl.invoke(DelegatingMethodAccessorImpl.java:43)
	at java.lang.reflect.Method.invoke(Method.java:498)
	at org.codehaus.groovy.reflection.CachedMethod.invoke(CachedMethod.java:93)
	at groovy.lang.MetaMethod.doMethodInvoke(MetaMethod.java:325)
	at groovy.lang.MetaClassImpl.invokeStaticMethod(MetaClassImpl.java:1469)
	at org.codehaus.groovy.runtime.callsite.StaticMetaClassSite.call(StaticMetaClassSite.java:53)
	at org.codehaus.groovy.runtime.callsite.CallSiteArray.defaultCall(CallSiteArray.java:48)
	at org.codehaus.groovy.runtime.callsite.AbstractCallSite.call(AbstractCallSite.java:113)
	at org.codehaus.groovy.runtime.callsite.AbstractCallSite.call(AbstractCallSite.java:141)
	at Script1536137757694.run(Script1536137757694.groovy:25)
	at com.kms.katalon.core.main.ScriptEngine.run(ScriptEngine.java:183)
	at com.kms.katalon.core.main.ScriptEngine.runScriptAsRawText(ScriptEngine.java:108)
	at com.kms.katalon.core.main.TestCaseExecutor.runScript(TestCaseExecutor.java:294)
	at com.kms.katalon.core.main.TestCaseExecutor.doExecute(TestCaseExecutor.java:285)
	at com.kms.katalon.core.main.TestCaseExecutor.processExecutionPhase(TestCaseExecutor.java:264)
	at com.kms.katalon.core.main.TestCaseExecutor.accessMainPhase(TestCaseExecutor.java:256)
	at com.kms.katalon.core.main.TestCaseExecutor.execute(TestCaseExecutor.java:200)
	at com.kms.katalon.core.main.TestSuiteExecutor.accessTestCaseMainPhase(TestSuiteExecutor.java:129)
	at com.kms.katalon.core.main.TestSuiteExecutor.accessTestSuiteMainPhase(TestSuiteExecutor.java:112)
	at com.kms.katalon.core.main.TestSuiteExecutor.execute(TestSuiteExecutor.java:81)
	at com.kms.katalon.core.main.TestCaseMain.startTestSuite(TestCaseMain.java:142)
	at com.kms.katalon.core.main.TestCaseMain$startTestSuite$0.call(Unknown Source)
	at org.codehaus.groovy.runtime.callsite.CallSiteArray.defaultCall(CallSiteArray.java:48)
	at org.codehaus.groovy.runtime.callsite.AbstractCallSite.call(AbstractCallSite.java:113)
	at org.codehaus.groovy.runtime.callsite.AbstractCallSite.call(AbstractCallSite.java:141)
	at TempTestSuite1539913255508.run(TempTestSuite1539913255508.groovy:36)
	at groovy.lang.GroovyShell.runScriptOrMainOrTestOrRunnable(GroovyShell.java:263)
	at groovy.lang.GroovyShell.run(GroovyShell.java:518)
	at groovy.lang.GroovyShell.run(GroovyShell.java:507)
	at groovy.ui.GroovyMain.processOnce(GroovyMain.java:653)
	at groovy.ui.GroovyMain.run(GroovyMain.java:384)
	at groovy.ui.GroovyMain.process(GroovyMain.java:370)
	at groovy.ui.GroovyMain.processArgs(GroovyMain.java:129)
	at groovy.ui.GroovyMain.main(GroovyMain.java:109)
	at sun.reflect.NativeMethodAccessorImpl.invoke0(Native Method)
	at sun.reflect.NativeMethodAccessorImpl.invoke(NativeMethodAccessorImpl.java:62)
	at sun.reflect.DelegatingMethodAccessorImpl.invoke(DelegatingMethodAccessorImpl.java:43)
	at java.lang.reflect.Method.invoke(Method.java:498)
	at org.codehaus.groovy.tools.GroovyStarter.rootLoader(GroovyStarter.java:109)
	at org.codehaus.groovy.tools.GroovyStarter.main(GroovyStarter.java:131)
)

2018-10-19 12:35:15 - [TEST_STEP][NOT_RUN] - callTestCase: NOT_RUN: callTestCase

2018-10-19 12:35:15 - [MESSAGE][NOT_RUN] - NOT_RUN: callTestCase

2018-10-19 12:35:15 - [TEST_STEP][PASSED] - delay: Delayed 1 second(s)

2018-10-19 12:35:16 - [MESSAGE][PASSED] - Delayed 1 second(s)

2018-10-19 12:35:16 - [TEST_STEP][PASSED] - navigateToUrl: Navigate to 'https://assist2-uat.perkeso.gov.my/c/portal/logout' successfully

2018-10-19 12:35:17 - [MESSAGE][PASSED] - Navigate to 'https://assist2-uat.perkeso.gov.my/c/portal/logout' successfully

2018-10-19 12:35:17 - [TEST_STEP][PASSED] - delay: Delayed 1 second(s)

2018-10-19 12:35:18 - [MESSAGE][PASSED] - Delayed 1 second(s)

2018-10-19 12:35:18 - [TEST_STEP][PASSED] - callTestCase: Call Test Case 'Test Cases/Final Aug 2018 - PKS Automation/Common/Reference Number Getter' successfully

2018-10-19 12:35:18 - [TEST_CASE][PASSED] - Test Cases/Final Aug 2018 - PKS Automation/Common/Reference Number Getter: Test Cases/Final Aug 2018 - PKS Automation/Common/Reference Number Getter

2018-10-19 12:35:18 - [TEST_STEP][PASSED] - Statement - Try: null

2018-10-19 12:35:18 - [TEST_STEP][PASSED] - Statement - RefNo = new java.io.File(C://KatalonReference.txt): null

2018-10-19 12:35:18 - [TEST_STEP][PASSED] - Statement - bufferread = new java.io.BufferedReader(new java.io.FileReader(RefNo)): null

2018-10-19 12:35:18 - [TEST_STEP][PASSED] - Statement - readedVal = bufferread.readLine(): null

2018-10-19 12:35:18 - [TEST_STEP][PASSED] - Statement - out.println(CaseReferenceNo): null

2018-10-19 12:35:18 - [TEST_STEP][PASSED] - Statement - out.println(readedVal): null

2018-10-19 12:35:18 - [TEST_STEP][PASSED] - Statement - CaseReferenceNo = readedVal: null

2018-10-19 12:35:18 - [MESSAGE][PASSED] - Call Test Case 'Test Cases/Final Aug 2018 - PKS Automation/Common/Reference Number Getter' successfully

2018-10-19 12:35:18 - [TEST_STEP][FAILED] - callTestCase: Unable to call Test Case with id 'Test Cases/Final Aug 2018 - PKS Automation/Common/Workflow Owner Finder' (Root cause: Call Test Case 'Test Cases/Final Aug 2018 - PKS Automation/Common/Workflow Owner Finder' failed)

2018-10-19 12:35:18 - [TEST_CASE][FAILED] - Test Cases/Final Aug 2018 - PKS Automation/Common/Workflow Owner Finder: Test Cases/Final Aug 2018 - PKS Automation/Common/Workflow Owner Finder FAILED because (of) (Stack trace: com.kms.katalon.core.exception.StepFailedException: Unable to click on object 'Object Repository/Final Object Repo/Landing Page/Select to English' (Root cause: com.kms.katalon.core.webui.exception.WebElementNotFoundException: Web element with id: 'Object Repository/Final Object Repo/Landing Page/Select to English' located by 'By.xpath: //a[@class = 'taglib-language-list-text' and @lang = 'en-US' and (contains(text(), 'EN') or contains(., 'EN'))]' not found)
	at com.kms.katalon.core.keyword.internal.KeywordMain.stepFailed(KeywordMain.groovy:32)
	at com.kms.katalon.core.webui.keyword.internal.WebUIKeywordMain.stepFailed(WebUIKeywordMain.groovy:65)
	at com.kms.katalon.core.webui.keyword.internal.WebUIKeywordMain.runKeyword(WebUIKeywordMain.groovy:27)
	at com.kms.katalon.core.webui.keyword.builtin.ClickKeyword.click(ClickKeyword.groovy:86)
	at com.kms.katalon.core.webui.keyword.builtin.ClickKeyword.execute(ClickKeyword.groovy:67)
	at com.kms.katalon.core.keyword.internal.KeywordExecutor.executeKeywordForPlatform(KeywordExecutor.groovy:53)
	at com.kms.katalon.core.webui.keyword.WebUiBuiltInKeywords.click(WebUiBuiltInKeywords.groovy:604)
	at com.kms.katalon.core.webui.keyword.WebUiBuiltInKeywords$click$8.call(Unknown Source)
	at Script1534407542420.run(Script1534407542420.groovy:57)
	at com.kms.katalon.core.main.ScriptEngine.run(ScriptEngine.java:183)
	at com.kms.katalon.core.main.ScriptEngine.runScriptAsRawText(ScriptEngine.java:108)
	at com.kms.katalon.core.main.TestCaseExecutor.runScript(TestCaseExecutor.java:294)
	at com.kms.katalon.core.main.TestCaseExecutor.doExecute(TestCaseExecutor.java:285)
	at com.kms.katalon.core.main.TestCaseExecutor.processExecutionPhase(TestCaseExecutor.java:264)
	at com.kms.katalon.core.main.TestCaseExecutor.accessMainPhase(TestCaseExecutor.java:256)
	at com.kms.katalon.core.main.TestCaseExecutor.execute(TestCaseExecutor.java:200)
	at com.kms.katalon.core.main.TestCaseMain.runTestCase(TestCaseMain.java:99)
	at com.kms.katalon.core.keyword.builtin.CallTestCaseKeyword$_callTestCase_closure1.doCall(CallTestCaseKeyword.groovy:60)
	at com.kms.katalon.core.keyword.builtin.CallTestCaseKeyword$_callTestCase_closure1.call(CallTestCaseKeyword.groovy)
	at com.kms.katalon.core.keyword.internal.KeywordMain.runKeyword(KeywordMain.groovy:54)
	at com.kms.katalon.core.keyword.builtin.CallTestCaseKeyword.callTestCase(CallTestCaseKeyword.groovy:81)
	at com.kms.katalon.core.keyword.builtin.CallTestCaseKeyword.execute(CallTestCaseKeyword.groovy:45)
	at com.kms.katalon.core.keyword.internal.KeywordExecutor.executeKeywordForPlatform(KeywordExecutor.groovy:53)
	at com.kms.katalon.core.keyword.BuiltinKeywords.callTestCase(BuiltinKeywords.groovy:334)
	at sun.reflect.GeneratedMethodAccessor13.invoke(Unknown Source)
	at sun.reflect.DelegatingMethodAccessorImpl.invoke(DelegatingMethodAccessorImpl.java:43)
	at java.lang.reflect.Method.invoke(Method.java:498)
	at org.codehaus.groovy.reflection.CachedMethod.invoke(CachedMethod.java:93)
	at groovy.lang.MetaMethod.doMethodInvoke(MetaMethod.java:325)
	at groovy.lang.MetaClassImpl.invokeStaticMethod(MetaClassImpl.java:1469)
	at org.codehaus.groovy.runtime.callsite.StaticMetaClassSite.call(StaticMetaClassSite.java:53)
	at org.codehaus.groovy.runtime.callsite.AbstractCallSite.call(AbstractCallSite.java:141)
	at Script1535963367907.run(Script1535963367907.groovy:33)
	at com.kms.katalon.core.main.ScriptEngine.run(ScriptEngine.java:183)
	at com.kms.katalon.core.main.ScriptEngine.runScriptAsRawText(ScriptEngine.java:108)
	at com.kms.katalon.core.main.TestCaseExecutor.runScript(TestCaseExecutor.java:294)
	at com.kms.katalon.core.main.TestCaseExecutor.doExecute(TestCaseExecutor.java:285)
	at com.kms.katalon.core.main.TestCaseExecutor.processExecutionPhase(TestCaseExecutor.java:264)
	at com.kms.katalon.core.main.TestCaseExecutor.accessMainPhase(TestCaseExecutor.java:256)
	at com.kms.katalon.core.main.TestCaseExecutor.execute(TestCaseExecutor.java:200)
	at com.kms.katalon.core.main.TestCaseMain.runTestCase(TestCaseMain.java:99)
	at com.kms.katalon.core.keyword.builtin.CallTestCaseKeyword$_callTestCase_closure1.doCall(CallTestCaseKeyword.groovy:60)
	at com.kms.katalon.core.keyword.builtin.CallTestCaseKeyword$_callTestCase_closure1.call(CallTestCaseKeyword.groovy)
	at com.kms.katalon.core.keyword.internal.KeywordMain.runKeyword(KeywordMain.groovy:54)
	at com.kms.katalon.core.keyword.builtin.CallTestCaseKeyword.callTestCase(CallTestCaseKeyword.groovy:81)
	at com.kms.katalon.core.keyword.builtin.CallTestCaseKeyword.execute(CallTestCaseKeyword.groovy:45)
	at com.kms.katalon.core.keyword.internal.KeywordExecutor.executeKeywordForPlatform(KeywordExecutor.groovy:53)
	at com.kms.katalon.core.keyword.BuiltinKeywords.callTestCase(BuiltinKeywords.groovy:334)
	at sun.reflect.GeneratedMethodAccessor13.invoke(Unknown Source)
	at sun.reflect.DelegatingMethodAccessorImpl.invoke(DelegatingMethodAccessorImpl.java:43)
	at java.lang.reflect.Method.invoke(Method.java:498)
	at org.codehaus.groovy.reflection.CachedMethod.invoke(CachedMethod.java:93)
	at groovy.lang.MetaMethod.doMethodInvoke(MetaMethod.java:325)
	at groovy.lang.MetaClassImpl.invokeStaticMethod(MetaClassImpl.java:1469)
	at org.codehaus.groovy.runtime.callsite.StaticMetaClassSite.call(StaticMetaClassSite.java:53)
	at org.codehaus.groovy.runtime.callsite.CallSiteArray.defaultCall(CallSiteArray.java:48)
	at org.codehaus.groovy.runtime.callsite.AbstractCallSite.call(AbstractCallSite.java:113)
	at org.codehaus.groovy.runtime.callsite.AbstractCallSite.call(AbstractCallSite.java:141)
	at Script1536137757694.run(Script1536137757694.groovy:25)
	at com.kms.katalon.core.main.ScriptEngine.run(ScriptEngine.java:183)
	at com.kms.katalon.core.main.ScriptEngine.runScriptAsRawText(ScriptEngine.java:108)
	at com.kms.katalon.core.main.TestCaseExecutor.runScript(TestCaseExecutor.java:294)
	at com.kms.katalon.core.main.TestCaseExecutor.doExecute(TestCaseExecutor.java:285)
	at com.kms.katalon.core.main.TestCaseExecutor.processExecutionPhase(TestCaseExecutor.java:264)
	at com.kms.katalon.core.main.TestCaseExecutor.accessMainPhase(TestCaseExecutor.java:256)
	at com.kms.katalon.core.main.TestCaseExecutor.execute(TestCaseExecutor.java:200)
	at com.kms.katalon.core.main.TestSuiteExecutor.accessTestCaseMainPhase(TestSuiteExecutor.java:129)
	at com.kms.katalon.core.main.TestSuiteExecutor.accessTestSuiteMainPhase(TestSuiteExecutor.java:112)
	at com.kms.katalon.core.main.TestSuiteExecutor.execute(TestSuiteExecutor.java:81)
	at com.kms.katalon.core.main.TestCaseMain.startTestSuite(TestCaseMain.java:142)
	at com.kms.katalon.core.main.TestCaseMain$startTestSuite$0.call(Unknown Source)
	at org.codehaus.groovy.runtime.callsite.CallSiteArray.defaultCall(CallSiteArray.java:48)
	at org.codehaus.groovy.runtime.callsite.AbstractCallSite.call(AbstractCallSite.java:113)
	at org.codehaus.groovy.runtime.callsite.AbstractCallSite.call(AbstractCallSite.java:141)
	at TempTestSuite1539913255508.run(TempTestSuite1539913255508.groovy:36)
	at groovy.lang.GroovyShell.runScriptOrMainOrTestOrRunnable(GroovyShell.java:263)
	at groovy.lang.GroovyShell.run(GroovyShell.java:518)
	at groovy.lang.GroovyShell.run(GroovyShell.java:507)
	at groovy.ui.GroovyMain.processOnce(GroovyMain.java:653)
	at groovy.ui.GroovyMain.run(GroovyMain.java:384)
	at groovy.ui.GroovyMain.process(GroovyMain.java:370)
	at groovy.ui.GroovyMain.processArgs(GroovyMain.java:129)
	at groovy.ui.GroovyMain.main(GroovyMain.java:109)
	at sun.reflect.NativeMethodAccessorImpl.invoke0(Native Method)
	at sun.reflect.NativeMethodAccessorImpl.invoke(NativeMethodAccessorImpl.java:62)
	at sun.reflect.DelegatingMethodAccessorImpl.invoke(DelegatingMethodAccessorImpl.java:43)
	at java.lang.reflect.Method.invoke(Method.java:498)
	at org.codehaus.groovy.tools.GroovyStarter.rootLoader(GroovyStarter.java:109)
	at org.codehaus.groovy.tools.GroovyStarter.main(GroovyStarter.java:131)
)

2018-10-19 12:35:18 - [TEST_STEP][PASSED] - openBrowser: Browser is opened with url: ''

2018-10-19 12:35:18 - [MESSAGE][WARNING] - A browser is already opened. Closing browser and opening a new one

2018-10-19 12:35:22 - [MESSAGE][PASSED] - Browser is opened with url: ''

2018-10-19 12:35:22 - [TEST_STEP][PASSED] - navigateToUrl: Navigate to 'https://assist2-uat.perkeso.gov.my/login' successfully

2018-10-19 12:35:24 - [MESSAGE][PASSED] - Navigate to 'https://assist2-uat.perkeso.gov.my/login' successfully

2018-10-19 12:35:24 - [TEST_STEP][PASSED] - delay: Delayed 5 second(s)

2018-10-19 12:35:29 - [MESSAGE][PASSED] - Delayed 5 second(s)

2018-10-19 12:35:29 - [TEST_STEP][PASSED] - setText: Text 'test@liferay.com' is set on object 'Object Repository/Final Object Repo/Login Page/Internal User/Email Address'

2018-10-19 12:35:30 - [MESSAGE][PASSED] - Text 'test@liferay.com' is set on object 'Object Repository/Final Object Repo/Login Page/Internal User/Email Address'

2018-10-19 12:35:30 - [TEST_STEP][PASSED] - click: Object: 'Object Repository/Final Object Repo/Login Page/Internal User/Next Button' is clicked on

2018-10-19 12:35:30 - [MESSAGE][PASSED] - Object: 'Object Repository/Final Object Repo/Login Page/Internal User/Next Button' is clicked on

2018-10-19 12:35:30 - [TEST_STEP][PASSED] - delay: Delayed 2 second(s)

2018-10-19 12:35:32 - [MESSAGE][PASSED] - Delayed 2 second(s)

2018-10-19 12:35:32 - [TEST_STEP][PASSED] - setText: Text 'test' is set on object 'Object Repository/Final Object Repo/Login Page/Internal User/Password'

2018-10-19 12:35:32 - [MESSAGE][PASSED] - Text 'test' is set on object 'Object Repository/Final Object Repo/Login Page/Internal User/Password'

2018-10-19 12:35:32 - [TEST_STEP][PASSED] - delay: Delayed 2 second(s)

2018-10-19 12:35:34 - [MESSAGE][PASSED] - Delayed 2 second(s)

2018-10-19 12:35:34 - [TEST_STEP][PASSED] - click: Object: 'Object Repository/Final Object Repo/Login Page/Internal User/Login Button' is clicked on

2018-10-19 12:35:35 - [MESSAGE][PASSED] - Object: 'Object Repository/Final Object Repo/Login Page/Internal User/Login Button' is clicked on

2018-10-19 12:35:35 - [TEST_STEP][FAILED] - Statement - Try: Delayed 2 second(s)

2018-10-19 12:35:35 - [TEST_STEP][PASSED] - Statement - Checker = false: null

2018-10-19 12:35:35 - [TEST_STEP][PASSED] - Statement - Checker = com.kms.katalon.core.webui.keyword.WebUiBuiltInKeywords.verifyElementHasAttribute(com.kms.katalon.core.testobject.ObjectRepository.findTestObject(Final Object Repo/Landing Page/BM Detecting), "href", 20, OPTIONAL): Unable to verify if object 'Object Repository/Final Object Repo/Landing Page/BM Detecting' has attribute 'href' (Root cause: org.openqa.selenium.StaleElementReferenceException: stale element reference: element is not attached to the page document
  (Session info: chrome=69.0.3497.100)
  (Driver info: chromedriver=2.35.528161 (5b82f2d2aae0ca24b877009200ced9065a772e73),platform=Windows NT 6.1.7601 SP1 x86_64) (WARNING: The server did not provide any stacktrace information)
Command duration or timeout: 0 milliseconds
For documentation on this error, please visit: http://seleniumhq.org/exceptions/stale_element_reference.html
Build info: version: '3.7.1', revision: '8a0099a', time: '2017-11-06T21:07:36.161Z'
System info: host: 'WEIZHENG', ip: '192.168.137.1', os.name: 'Windows 7', os.arch: 'amd64', os.version: '6.1', java.version: '1.8.0_181'
Driver info: com.kms.katalon.selenium.driver.CChromeDriver
Capabilities {acceptInsecureCerts: false, acceptSslCerts: false, applicationCacheEnabled: false, browserConnectionEnabled: false, browserName: chrome, chrome: {chromedriverVersion: 2.35.528161 (5b82f2d2aae0ca..., userDataDir: C:\Users\WEIZHE~1\AppData\L...}, cssSelectorsEnabled: true, databaseEnabled: false, handlesAlerts: true, hasTouchScreen: false, javascriptEnabled: true, locationContextEnabled: true, mobileEmulationEnabled: false, nativeEvents: true, networkConnectionEnabled: false, pageLoadStrategy: normal, platform: XP, platformName: XP, rotatable: false, setWindowRect: true, takesHeapSnapshot: true, takesScreenshot: true, unexpectedAlertBehaviour: , unhandledPromptBehavior: , version: 69.0.3497.100, webStorageEnabled: true}
Session ID: 8ca429707af2166608f5e5625a5c569c)

2018-10-19 12:35:38 - [MESSAGE][WARNING] - Unable to verify if object 'Object Repository/Final Object Repo/Landing Page/BM Detecting' has attribute 'href' (Root cause: org.openqa.selenium.StaleElementReferenceException: stale element reference: element is not attached to the page document
  (Session info: chrome=69.0.3497.100)
  (Driver info: chromedriver=2.35.528161 (5b82f2d2aae0ca24b877009200ced9065a772e73),platform=Windows NT 6.1.7601 SP1 x86_64) (WARNING: The server did not provide any stacktrace information)
Command duration or timeout: 0 milliseconds
For documentation on this error, please visit: http://seleniumhq.org/exceptions/stale_element_reference.html
Build info: version: '3.7.1', revision: '8a0099a', time: '2017-11-06T21:07:36.161Z'
System info: host: 'WEIZHENG', ip: '192.168.137.1', os.name: 'Windows 7', os.arch: 'amd64', os.version: '6.1', java.version: '1.8.0_181'
Driver info: com.kms.katalon.selenium.driver.CChromeDriver
Capabilities {acceptInsecureCerts: false, acceptSslCerts: false, applicationCacheEnabled: false, browserConnectionEnabled: false, browserName: chrome, chrome: {chromedriverVersion: 2.35.528161 (5b82f2d2aae0ca..., userDataDir: C:\Users\WEIZHE~1\AppData\L...}, cssSelectorsEnabled: true, databaseEnabled: false, handlesAlerts: true, hasTouchScreen: false, javascriptEnabled: true, locationContextEnabled: true, mobileEmulationEnabled: false, nativeEvents: true, networkConnectionEnabled: false, pageLoadStrategy: normal, platform: XP, platformName: XP, rotatable: false, setWindowRect: true, takesHeapSnapshot: true, takesScreenshot: true, unexpectedAlertBehaviour: , unhandledPromptBehavior: , version: 69.0.3497.100, webStorageEnabled: true}
Session ID: 8ca429707af2166608f5e5625a5c569c)
[[ATTACHMENT|C:\\Users\\LENOVO\\Katalon Studio\\Perkeso Phase A\\Reports\\Workflow\\Form 1A - Cessation as Employer\\20181019_094055\\1539923738238.png]]

2018-10-19 12:35:38 - [TEST_STEP][PASSED] - Statement - out.println(Checker): null

2018-10-19 12:35:38 - [TEST_STEP][FAILED] - Statement - If (Checker == false): Unable to click on object 'Object Repository/Final Object Repo/Landing Page/Select to English' (Root cause: com.kms.katalon.core.webui.exception.WebElementNotFoundException: Web element with id: 'Object Repository/Final Object Repo/Landing Page/Select to English' located by 'By.xpath: //a[@class = 'taglib-language-list-text' and @lang = 'en-US' and (contains(text(), 'EN') or contains(., 'EN'))]' not found)

2018-10-19 12:35:38 - [TEST_STEP][FAILED] - click: Unable to click on object 'Object Repository/Final Object Repo/Landing Page/Select to English' (Root cause: com.kms.katalon.core.webui.exception.WebElementNotFoundException: Web element with id: 'Object Repository/Final Object Repo/Landing Page/Select to English' located by 'By.xpath: //a[@class = 'taglib-language-list-text' and @lang = 'en-US' and (contains(text(), 'EN') or contains(., 'EN'))]' not found)

2018-10-19 12:37:55 - [MESSAGE][FAILED] - Unable to click on object 'Object Repository/Final Object Repo/Landing Page/Select to English' (Root cause: com.kms.katalon.core.webui.exception.WebElementNotFoundException: Web element with id: 'Object Repository/Final Object Repo/Landing Page/Select to English' located by 'By.xpath: //a[@class = 'taglib-language-list-text' and @lang = 'en-US' and (contains(text(), 'EN') or contains(., 'EN'))]' not found)
[[ATTACHMENT|C:\\Users\\LENOVO\\Katalon Studio\\Perkeso Phase A\\Reports\\Workflow\\Form 1A - Cessation as Employer\\20181019_094055\\1539923875513.png]]

2018-10-19 12:37:55 - [TEST_STEP][PASSED] - delay: Delayed 2 second(s)

2018-10-19 12:37:57 - [MESSAGE][PASSED] - Delayed 2 second(s)

2018-10-19 12:37:57 - [TEST_STEP][PASSED] - delay: Delayed 3 second(s)

2018-10-19 12:38:00 - [MESSAGE][PASSED] - Delayed 3 second(s)

2018-10-19 12:38:00 - [TEST_STEP][PASSED] - click: Object: 'Object Repository/Final Object Repo/Landing Page/WorkFlow Menu' is clicked on

2018-10-19 12:38:01 - [MESSAGE][PASSED] - Object: 'Object Repository/Final Object Repo/Landing Page/WorkFlow Menu' is clicked on

2018-10-19 12:38:01 - [TEST_STEP][PASSED] - delay: Delayed 2 second(s)

2018-10-19 12:38:03 - [MESSAGE][PASSED] - Delayed 2 second(s)

2018-10-19 12:38:03 - [TEST_STEP][FAILED] - click: Unable to click on object 'Object Repository/Final Object Repo/Landing Page/Select to Workflow Listing' (Root cause: org.openqa.selenium.ElementNotVisibleException: element not visible
  (Session info: chrome=69.0.3497.100)
  (Driver info: chromedriver=2.35.528161 (5b82f2d2aae0ca24b877009200ced9065a772e73),platform=Windows NT 6.1.7601 SP1 x86_64) (WARNING: The server did not provide any stacktrace information)
Command duration or timeout: 0 milliseconds
Build info: version: '3.7.1', revision: '8a0099a', time: '2017-11-06T21:07:36.161Z'
System info: host: 'WEIZHENG', ip: '192.168.137.1', os.name: 'Windows 7', os.arch: 'amd64', os.version: '6.1', java.version: '1.8.0_181'
Driver info: com.kms.katalon.selenium.driver.CChromeDriver
Capabilities {acceptInsecureCerts: false, acceptSslCerts: false, applicationCacheEnabled: false, browserConnectionEnabled: false, browserName: chrome, chrome: {chromedriverVersion: 2.35.528161 (5b82f2d2aae0ca..., userDataDir: C:\Users\WEIZHE~1\AppData\L...}, cssSelectorsEnabled: true, databaseEnabled: false, handlesAlerts: true, hasTouchScreen: false, javascriptEnabled: true, locationContextEnabled: true, mobileEmulationEnabled: false, nativeEvents: true, networkConnectionEnabled: false, pageLoadStrategy: normal, platform: XP, platformName: XP, rotatable: false, setWindowRect: true, takesHeapSnapshot: true, takesScreenshot: true, unexpectedAlertBehaviour: , unhandledPromptBehavior: , version: 69.0.3497.100, webStorageEnabled: true}
Session ID: 8ca429707af2166608f5e5625a5c569c)

2018-10-19 12:38:03 - [MESSAGE][FAILED] - Unable to click on object 'Object Repository/Final Object Repo/Landing Page/Select to Workflow Listing' (Root cause: org.openqa.selenium.ElementNotVisibleException: element not visible
  (Session info: chrome=69.0.3497.100)
  (Driver info: chromedriver=2.35.528161 (5b82f2d2aae0ca24b877009200ced9065a772e73),platform=Windows NT 6.1.7601 SP1 x86_64) (WARNING: The server did not provide any stacktrace information)
Command duration or timeout: 0 milliseconds
Build info: version: '3.7.1', revision: '8a0099a', time: '2017-11-06T21:07:36.161Z'
System info: host: 'WEIZHENG', ip: '192.168.137.1', os.name: 'Windows 7', os.arch: 'amd64', os.version: '6.1', java.version: '1.8.0_181'
Driver info: com.kms.katalon.selenium.driver.CChromeDriver
Capabilities {acceptInsecureCerts: false, acceptSslCerts: false, applicationCacheEnabled: false, browserConnectionEnabled: false, browserName: chrome, chrome: {chromedriverVersion: 2.35.528161 (5b82f2d2aae0ca..., userDataDir: C:\Users\WEIZHE~1\AppData\L...}, cssSelectorsEnabled: true, databaseEnabled: false, handlesAlerts: true, hasTouchScreen: false, javascriptEnabled: true, locationContextEnabled: true, mobileEmulationEnabled: false, nativeEvents: true, networkConnectionEnabled: false, pageLoadStrategy: normal, platform: XP, platformName: XP, rotatable: false, setWindowRect: true, takesHeapSnapshot: true, takesScreenshot: true, unexpectedAlertBehaviour: , unhandledPromptBehavior: , version: 69.0.3497.100, webStorageEnabled: true}
Session ID: 8ca429707af2166608f5e5625a5c569c)
[[ATTACHMENT|C:\\Users\\LENOVO\\Katalon Studio\\Perkeso Phase A\\Reports\\Workflow\\Form 1A - Cessation as Employer\\20181019_094055\\1539923883090.png]]

2018-10-19 12:38:03 - [TEST_STEP][PASSED] - delay: Delayed 2 second(s)

2018-10-19 12:38:05 - [MESSAGE][PASSED] - Delayed 2 second(s)

2018-10-19 12:38:05 - [TEST_STEP][FAILED] - click: Unable to click on object 'Object Repository/Final Object Repo/WorkFlow Listing Page/Search Information - To Put Ref No' (Root cause: com.kms.katalon.core.webui.exception.WebElementNotFoundException: Web element with id: 'Object Repository/Final Object Repo/WorkFlow Listing Page/Search Information - To Put Ref No' located by 'By.xpath: //h2[@data-target = '#_workflowlisting_WAR_baseportlet_searchDiv' and (text() = 'Search Information' or . = 'Search Information')]' not found)

2018-10-19 12:40:15 - [MESSAGE][FAILED] - Unable to click on object 'Object Repository/Final Object Repo/WorkFlow Listing Page/Search Information - To Put Ref No' (Root cause: com.kms.katalon.core.webui.exception.WebElementNotFoundException: Web element with id: 'Object Repository/Final Object Repo/WorkFlow Listing Page/Search Information - To Put Ref No' located by 'By.xpath: //h2[@data-target = '#_workflowlisting_WAR_baseportlet_searchDiv' and (text() = 'Search Information' or . = 'Search Information')]' not found)
[[ATTACHMENT|C:\\Users\\LENOVO\\Katalon Studio\\Perkeso Phase A\\Reports\\Workflow\\Form 1A - Cessation as Employer\\20181019_094055\\1539924015283.png]]

2018-10-19 12:40:15 - [TEST_STEP][PASSED] - delay: Delayed 2 second(s)

2018-10-19 12:40:17 - [MESSAGE][PASSED] - Delayed 2 second(s)

2018-10-19 12:40:17 - [TEST_STEP][PASSED] - callTestCase: Call Test Case 'Test Cases/Final Aug 2018 - PKS Automation/Common/Reference Number Getter' successfully

2018-10-19 12:40:17 - [TEST_CASE][PASSED] - Test Cases/Final Aug 2018 - PKS Automation/Common/Reference Number Getter: Test Cases/Final Aug 2018 - PKS Automation/Common/Reference Number Getter

2018-10-19 12:40:17 - [TEST_STEP][PASSED] - Statement - Try: null

2018-10-19 12:40:17 - [TEST_STEP][PASSED] - Statement - RefNo = new java.io.File(C://KatalonReference.txt): null

2018-10-19 12:40:17 - [TEST_STEP][PASSED] - Statement - bufferread = new java.io.BufferedReader(new java.io.FileReader(RefNo)): null

2018-10-19 12:40:17 - [TEST_STEP][PASSED] - Statement - readedVal = bufferread.readLine(): null

2018-10-19 12:40:17 - [TEST_STEP][PASSED] - Statement - out.println(CaseReferenceNo): null

2018-10-19 12:40:17 - [TEST_STEP][PASSED] - Statement - out.println(readedVal): null

2018-10-19 12:40:17 - [TEST_STEP][PASSED] - Statement - CaseReferenceNo = readedVal: null

2018-10-19 12:40:17 - [MESSAGE][PASSED] - Call Test Case 'Test Cases/Final Aug 2018 - PKS Automation/Common/Reference Number Getter' successfully

2018-10-19 12:40:17 - [TEST_STEP][FAILED] - setText: Unable to set text 'CUN102018C200001430CUN102018C200001431' of object 'Object Repository/Final Object Repo/WorkFlow Listing Page/Ref No Set Text' (Root cause: com.kms.katalon.core.webui.exception.WebElementNotFoundException: Web element with id: 'Object Repository/Final Object Repo/WorkFlow Listing Page/Ref No Set Text' located by 'By.xpath: //input[@id = '_workflowlisting_WAR_baseportlet_dto.trxReferenceNum' and @name = '_workflowlisting_WAR_baseportlet_dto.trxReferenceNum' and @type = 'text']' not found)

2018-10-19 12:42:28 - [MESSAGE][FAILED] - Unable to set text 'CUN102018C200001430CUN102018C200001431' of object 'Object Repository/Final Object Repo/WorkFlow Listing Page/Ref No Set Text' (Root cause: com.kms.katalon.core.webui.exception.WebElementNotFoundException: Web element with id: 'Object Repository/Final Object Repo/WorkFlow Listing Page/Ref No Set Text' located by 'By.xpath: //input[@id = '_workflowlisting_WAR_baseportlet_dto.trxReferenceNum' and @name = '_workflowlisting_WAR_baseportlet_dto.trxReferenceNum' and @type = 'text']' not found)
[[ATTACHMENT|C:\\Users\\LENOVO\\Katalon Studio\\Perkeso Phase A\\Reports\\Workflow\\Form 1A - Cessation as Employer\\20181019_094055\\1539924147862.png]]

2018-10-19 12:42:28 - [TEST_STEP][PASSED] - delay: Delayed 2 second(s)

2018-10-19 12:42:30 - [MESSAGE][PASSED] - Delayed 2 second(s)

2018-10-19 12:42:30 - [TEST_STEP][FAILED] - click: Unable to click on object 'Object Repository/Final Object Repo/WorkFlow Listing Page/Search Ref No Search Button' (Root cause: org.openqa.selenium.ElementNotVisibleException: element not visible
  (Session info: chrome=69.0.3497.100)
  (Driver info: chromedriver=2.35.528161 (5b82f2d2aae0ca24b877009200ced9065a772e73),platform=Windows NT 6.1.7601 SP1 x86_64) (WARNING: The server did not provide any stacktrace information)
Command duration or timeout: 0 milliseconds
Build info: version: '3.7.1', revision: '8a0099a', time: '2017-11-06T21:07:36.161Z'
System info: host: 'WEIZHENG', ip: '192.168.137.1', os.name: 'Windows 7', os.arch: 'amd64', os.version: '6.1', java.version: '1.8.0_181'
Driver info: com.kms.katalon.selenium.driver.CChromeDriver
Capabilities {acceptInsecureCerts: false, acceptSslCerts: false, applicationCacheEnabled: false, browserConnectionEnabled: false, browserName: chrome, chrome: {chromedriverVersion: 2.35.528161 (5b82f2d2aae0ca..., userDataDir: C:\Users\WEIZHE~1\AppData\L...}, cssSelectorsEnabled: true, databaseEnabled: false, handlesAlerts: true, hasTouchScreen: false, javascriptEnabled: true, locationContextEnabled: true, mobileEmulationEnabled: false, nativeEvents: true, networkConnectionEnabled: false, pageLoadStrategy: normal, platform: XP, platformName: XP, rotatable: false, setWindowRect: true, takesHeapSnapshot: true, takesScreenshot: true, unexpectedAlertBehaviour: , unhandledPromptBehavior: , version: 69.0.3497.100, webStorageEnabled: true}
Session ID: 8ca429707af2166608f5e5625a5c569c)

2018-10-19 12:42:30 - [MESSAGE][FAILED] - Unable to click on object 'Object Repository/Final Object Repo/WorkFlow Listing Page/Search Ref No Search Button' (Root cause: org.openqa.selenium.ElementNotVisibleException: element not visible
  (Session info: chrome=69.0.3497.100)
  (Driver info: chromedriver=2.35.528161 (5b82f2d2aae0ca24b877009200ced9065a772e73),platform=Windows NT 6.1.7601 SP1 x86_64) (WARNING: The server did not provide any stacktrace information)
Command duration or timeout: 0 milliseconds
Build info: version: '3.7.1', revision: '8a0099a', time: '2017-11-06T21:07:36.161Z'
System info: host: 'WEIZHENG', ip: '192.168.137.1', os.name: 'Windows 7', os.arch: 'amd64', os.version: '6.1', java.version: '1.8.0_181'
Driver info: com.kms.katalon.selenium.driver.CChromeDriver
Capabilities {acceptInsecureCerts: false, acceptSslCerts: false, applicationCacheEnabled: false, browserConnectionEnabled: false, browserName: chrome, chrome: {chromedriverVersion: 2.35.528161 (5b82f2d2aae0ca..., userDataDir: C:\Users\WEIZHE~1\AppData\L...}, cssSelectorsEnabled: true, databaseEnabled: false, handlesAlerts: true, hasTouchScreen: false, javascriptEnabled: true, locationContextEnabled: true, mobileEmulationEnabled: false, nativeEvents: true, networkConnectionEnabled: false, pageLoadStrategy: normal, platform: XP, platformName: XP, rotatable: false, setWindowRect: true, takesHeapSnapshot: true, takesScreenshot: true, unexpectedAlertBehaviour: , unhandledPromptBehavior: , version: 69.0.3497.100, webStorageEnabled: true}
Session ID: 8ca429707af2166608f5e5625a5c569c)
[[ATTACHMENT|C:\\Users\\LENOVO\\Katalon Studio\\Perkeso Phase A\\Reports\\Workflow\\Form 1A - Cessation as Employer\\20181019_094055\\1539924150284.png]]

2018-10-19 12:42:30 - [TEST_STEP][PASSED] - delay: Delayed 4 second(s)

2018-10-19 12:42:34 - [MESSAGE][PASSED] - Delayed 4 second(s)

2018-10-19 12:42:34 - [TEST_STEP][PASSED] - click: Object: 'Object Repository/Final Object Repo/WorkFlow Listing Page/Click Continue Tooltip' is clicked on

2018-10-19 12:42:36 - [MESSAGE][PASSED] - Object: 'Object Repository/Final Object Repo/WorkFlow Listing Page/Click Continue Tooltip' is clicked on

2018-10-19 12:42:36 - [TEST_STEP][PASSED] - delay: Delayed 5 second(s)

2018-10-19 12:42:41 - [MESSAGE][PASSED] - Delayed 5 second(s)

2018-10-19 12:42:41 - [TEST_STEP][FAILED] - doubleClick: Unable to double click on object 'Object Repository/Final Object Repo/WorkFlow Listing Page/Workflow Found - Listing 1' (Root cause: com.kms.katalon.core.webui.exception.WebElementNotFoundException: Web element with id: 'Object Repository/Final Object Repo/WorkFlow Listing Page/Workflow Found - Listing 1' located by 'By.xpath: //body/div/div/div/div/div/div/div/div/div/div/div/div/div/div/div/div/table/tbody/tr/td[@class='table-cell  first']/following-sibling::td[1]' not found)

2018-10-19 12:44:51 - [MESSAGE][FAILED] - Unable to double click on object 'Object Repository/Final Object Repo/WorkFlow Listing Page/Workflow Found - Listing 1' (Root cause: com.kms.katalon.core.webui.exception.WebElementNotFoundException: Web element with id: 'Object Repository/Final Object Repo/WorkFlow Listing Page/Workflow Found - Listing 1' located by 'By.xpath: //body/div/div/div/div/div/div/div/div/div/div/div/div/div/div/div/div/table/tbody/tr/td[@class='table-cell  first']/following-sibling::td[1]' not found)
[[ATTACHMENT|C:\\Users\\LENOVO\\Katalon Studio\\Perkeso Phase A\\Reports\\Workflow\\Form 1A - Cessation as Employer\\20181019_094055\\1539924291008.png]]

2018-10-19 12:44:51 - [MESSAGE][FAILED] - Unable to call Test Case with id 'Test Cases/Final Aug 2018 - PKS Automation/Common/Workflow Owner Finder' (Root cause: Call Test Case 'Test Cases/Final Aug 2018 - PKS Automation/Common/Workflow Owner Finder' failed)

2018-10-19 12:44:51 - [MESSAGE][FAILED] - Unable to call Test Case with id 'Test Cases/Final Aug 2018 - PKS Automation/Registration Module/Workflow/Form 1A - Cessation As Employer/Template/Form 1 A - Cessation As Employer (Under enforcement)' (Root cause: Call Test Case 'Test Cases/Final Aug 2018 - PKS Automation/Registration Module/Workflow/Form 1A - Cessation As Employer/Template/Form 1 A - Cessation As Employer (Under enforcement)' failed)]]></system-out>
         <system-err><![CDATA[2018-10-19 12:33:58 - [TEST_CASE][FAILED] - Test Cases/Final Aug 2018 - PKS Automation/Registration Module/Workflow/Form 1A - Cessation As Employer/OTC to UO (Under enforcement): Test Cases/Final Aug 2018 - PKS Automation/Registration Module/Workflow/Form 1A - Cessation As Employer/OTC to UO (Under enforcement) FAILED because (of) (Stack trace: com.kms.katalon.core.exception.StepFailedException: Unable to click on object 'Object Repository/Final Object Repo/Landing Page/Select to English' (Root cause: com.kms.katalon.core.webui.exception.WebElementNotFoundException: Web element with id: 'Object Repository/Final Object Repo/Landing Page/Select to English' located by 'By.xpath: //a[@class = 'taglib-language-list-text' and @lang = 'en-US' and (contains(text(), 'EN') or contains(., 'EN'))]' not found)
	at com.kms.katalon.core.keyword.internal.KeywordMain.stepFailed(KeywordMain.groovy:32)
	at com.kms.katalon.core.webui.keyword.internal.WebUIKeywordMain.stepFailed(WebUIKeywordMain.groovy:65)
	at com.kms.katalon.core.webui.keyword.internal.WebUIKeywordMain.runKeyword(WebUIKeywordMain.groovy:27)
	at com.kms.katalon.core.webui.keyword.builtin.ClickKeyword.click(ClickKeyword.groovy:86)
	at com.kms.katalon.core.webui.keyword.builtin.ClickKeyword.execute(ClickKeyword.groovy:67)
	at com.kms.katalon.core.keyword.internal.KeywordExecutor.executeKeywordForPlatform(KeywordExecutor.groovy:53)
	at com.kms.katalon.core.webui.keyword.WebUiBuiltInKeywords.click(WebUiBuiltInKeywords.groovy:604)
	at com.kms.katalon.core.webui.keyword.WebUiBuiltInKeywords$click$8.call(Unknown Source)
	at Script1534407542420.run(Script1534407542420.groovy:57)
	at com.kms.katalon.core.main.ScriptEngine.run(ScriptEngine.java:183)
	at com.kms.katalon.core.main.ScriptEngine.runScriptAsRawText(ScriptEngine.java:108)
	at com.kms.katalon.core.main.TestCaseExecutor.runScript(TestCaseExecutor.java:294)
	at com.kms.katalon.core.main.TestCaseExecutor.doExecute(TestCaseExecutor.java:285)
	at com.kms.katalon.core.main.TestCaseExecutor.processExecutionPhase(TestCaseExecutor.java:264)
	at com.kms.katalon.core.main.TestCaseExecutor.accessMainPhase(TestCaseExecutor.java:256)
	at com.kms.katalon.core.main.TestCaseExecutor.execute(TestCaseExecutor.java:200)
	at com.kms.katalon.core.main.TestCaseMain.runTestCase(TestCaseMain.java:99)
	at com.kms.katalon.core.keyword.builtin.CallTestCaseKeyword$_callTestCase_closure1.doCall(CallTestCaseKeyword.groovy:60)
	at com.kms.katalon.core.keyword.builtin.CallTestCaseKeyword$_callTestCase_closure1.call(CallTestCaseKeyword.groovy)
	at com.kms.katalon.core.keyword.internal.KeywordMain.runKeyword(KeywordMain.groovy:54)
	at com.kms.katalon.core.keyword.builtin.CallTestCaseKeyword.callTestCase(CallTestCaseKeyword.groovy:81)
	at com.kms.katalon.core.keyword.builtin.CallTestCaseKeyword.execute(CallTestCaseKeyword.groovy:45)
	at com.kms.katalon.core.keyword.internal.KeywordExecutor.executeKeywordForPlatform(KeywordExecutor.groovy:53)
	at com.kms.katalon.core.keyword.BuiltinKeywords.callTestCase(BuiltinKeywords.groovy:334)
	at sun.reflect.GeneratedMethodAccessor13.invoke(Unknown Source)
	at sun.reflect.DelegatingMethodAccessorImpl.invoke(DelegatingMethodAccessorImpl.java:43)
	at java.lang.reflect.Method.invoke(Method.java:498)
	at org.codehaus.groovy.reflection.CachedMethod.invoke(CachedMethod.java:93)
	at groovy.lang.MetaMethod.doMethodInvoke(MetaMethod.java:325)
	at groovy.lang.MetaClassImpl.invokeStaticMethod(MetaClassImpl.java:1469)
	at org.codehaus.groovy.runtime.callsite.StaticMetaClassSite.call(StaticMetaClassSite.java:53)
	at org.codehaus.groovy.runtime.callsite.AbstractCallSite.call(AbstractCallSite.java:141)
	at Script1535963367907.run(Script1535963367907.groovy:33)
	at com.kms.katalon.core.main.ScriptEngine.run(ScriptEngine.java:183)
	at com.kms.katalon.core.main.ScriptEngine.runScriptAsRawText(ScriptEngine.java:108)
	at com.kms.katalon.core.main.TestCaseExecutor.runScript(TestCaseExecutor.java:294)
	at com.kms.katalon.core.main.TestCaseExecutor.doExecute(TestCaseExecutor.java:285)
	at com.kms.katalon.core.main.TestCaseExecutor.processExecutionPhase(TestCaseExecutor.java:264)
	at com.kms.katalon.core.main.TestCaseExecutor.accessMainPhase(TestCaseExecutor.java:256)
	at com.kms.katalon.core.main.TestCaseExecutor.execute(TestCaseExecutor.java:200)
	at com.kms.katalon.core.main.TestCaseMain.runTestCase(TestCaseMain.java:99)
	at com.kms.katalon.core.keyword.builtin.CallTestCaseKeyword$_callTestCase_closure1.doCall(CallTestCaseKeyword.groovy:60)
	at com.kms.katalon.core.keyword.builtin.CallTestCaseKeyword$_callTestCase_closure1.call(CallTestCaseKeyword.groovy)
	at com.kms.katalon.core.keyword.internal.KeywordMain.runKeyword(KeywordMain.groovy:54)
	at com.kms.katalon.core.keyword.builtin.CallTestCaseKeyword.callTestCase(CallTestCaseKeyword.groovy:81)
	at com.kms.katalon.core.keyword.builtin.CallTestCaseKeyword.execute(CallTestCaseKeyword.groovy:45)
	at com.kms.katalon.core.keyword.internal.KeywordExecutor.executeKeywordForPlatform(KeywordExecutor.groovy:53)
	at com.kms.katalon.core.keyword.BuiltinKeywords.callTestCase(BuiltinKeywords.groovy:334)
	at sun.reflect.GeneratedMethodAccessor13.invoke(Unknown Source)
	at sun.reflect.DelegatingMethodAccessorImpl.invoke(DelegatingMethodAccessorImpl.java:43)
	at java.lang.reflect.Method.invoke(Method.java:498)
	at org.codehaus.groovy.reflection.CachedMethod.invoke(CachedMethod.java:93)
	at groovy.lang.MetaMethod.doMethodInvoke(MetaMethod.java:325)
	at groovy.lang.MetaClassImpl.invokeStaticMethod(MetaClassImpl.java:1469)
	at org.codehaus.groovy.runtime.callsite.StaticMetaClassSite.call(StaticMetaClassSite.java:53)
	at org.codehaus.groovy.runtime.callsite.CallSiteArray.defaultCall(CallSiteArray.java:48)
	at org.codehaus.groovy.runtime.callsite.AbstractCallSite.call(AbstractCallSite.java:113)
	at org.codehaus.groovy.runtime.callsite.AbstractCallSite.call(AbstractCallSite.java:141)
	at Script1536137757694.run(Script1536137757694.groovy:25)
	at com.kms.katalon.core.main.ScriptEngine.run(ScriptEngine.java:183)
	at com.kms.katalon.core.main.ScriptEngine.runScriptAsRawText(ScriptEngine.java:108)
	at com.kms.katalon.core.main.TestCaseExecutor.runScript(TestCaseExecutor.java:294)
	at com.kms.katalon.core.main.TestCaseExecutor.doExecute(TestCaseExecutor.java:285)
	at com.kms.katalon.core.main.TestCaseExecutor.processExecutionPhase(TestCaseExecutor.java:264)
	at com.kms.katalon.core.main.TestCaseExecutor.accessMainPhase(TestCaseExecutor.java:256)
	at com.kms.katalon.core.main.TestCaseExecutor.execute(TestCaseExecutor.java:200)
	at com.kms.katalon.core.main.TestSuiteExecutor.accessTestCaseMainPhase(TestSuiteExecutor.java:129)
	at com.kms.katalon.core.main.TestSuiteExecutor.accessTestSuiteMainPhase(TestSuiteExecutor.java:112)
	at com.kms.katalon.core.main.TestSuiteExecutor.execute(TestSuiteExecutor.java:81)
	at com.kms.katalon.core.main.TestCaseMain.startTestSuite(TestCaseMain.java:142)
	at com.kms.katalon.core.main.TestCaseMain$startTestSuite$0.call(Unknown Source)
	at org.codehaus.groovy.runtime.callsite.CallSiteArray.defaultCall(CallSiteArray.java:48)
	at org.codehaus.groovy.runtime.callsite.AbstractCallSite.call(AbstractCallSite.java:113)
	at org.codehaus.groovy.runtime.callsite.AbstractCallSite.call(AbstractCallSite.java:141)
	at TempTestSuite1539913255508.run(TempTestSuite1539913255508.groovy:36)
	at groovy.lang.GroovyShell.runScriptOrMainOrTestOrRunnable(GroovyShell.java:263)
	at groovy.lang.GroovyShell.run(GroovyShell.java:518)
	at groovy.lang.GroovyShell.run(GroovyShell.java:507)
	at groovy.ui.GroovyMain.processOnce(GroovyMain.java:653)
	at groovy.ui.GroovyMain.run(GroovyMain.java:384)
	at groovy.ui.GroovyMain.process(GroovyMain.java:370)
	at groovy.ui.GroovyMain.processArgs(GroovyMain.java:129)
	at groovy.ui.GroovyMain.main(GroovyMain.java:109)
	at sun.reflect.NativeMethodAccessorImpl.invoke0(Native Method)
	at sun.reflect.NativeMethodAccessorImpl.invoke(NativeMethodAccessorImpl.java:62)
	at sun.reflect.DelegatingMethodAccessorImpl.invoke(DelegatingMethodAccessorImpl.java:43)
	at java.lang.reflect.Method.invoke(Method.java:498)
	at org.codehaus.groovy.tools.GroovyStarter.rootLoader(GroovyStarter.java:109)
	at org.codehaus.groovy.tools.GroovyStarter.main(GroovyStarter.java:131)
)]]></system-err>
      </testcase>
      <testcase name="Test Cases/Final Aug 2018 - PKS Automation/Registration Module/Workflow/Form 1A - Cessation As Employer/PKRBO to UO (Approve)" classname="Test Cases/Final Aug 2018 - PKS Automation/Registration Module/Workflow/Form 1A - Cessation As Employer/PKRBO to UO (Approve)" status="FAILED">
         <failure type="FAILED" message="(Stack trace: com.kms.katalon.core.exception.StepFailedException: Unable to click on object 'Object Repository/Final Object Repo/Landing Page/Select to Workflow Listing' (Root cause: org.openqa.selenium.ElementNotVisibleException: element not visible
  (Session info: chrome=69.0.3497.100)
  (Driver info: chromedriver=2.35.528161 (5b82f2d2aae0ca24b877009200ced9065a772e73),platform=Windows NT 6.1.7601 SP1 x86_64) (WARNING: The server did not provide any stacktrace information)
Command duration or timeout: 0 milliseconds
Build info: version: '3.7.1', revision: '8a0099a', time: '2017-11-06T21:07:36.161Z'
System info: host: 'WEIZHENG', ip: '192.168.137.1', os.name: 'Windows 7', os.arch: 'amd64', os.version: '6.1', java.version: '1.8.0_181'
Driver info: com.kms.katalon.selenium.driver.CChromeDriver
Capabilities {acceptInsecureCerts: false, acceptSslCerts: false, applicationCacheEnabled: false, browserConnectionEnabled: false, browserName: chrome, chrome: {chromedriverVersion: 2.35.528161 (5b82f2d2aae0ca..., userDataDir: C:\Users\WEIZHE~1\AppData\L...}, cssSelectorsEnabled: true, databaseEnabled: false, handlesAlerts: true, hasTouchScreen: false, javascriptEnabled: true, locationContextEnabled: true, mobileEmulationEnabled: false, nativeEvents: true, networkConnectionEnabled: false, pageLoadStrategy: normal, platform: XP, platformName: XP, rotatable: false, setWindowRect: true, takesHeapSnapshot: true, takesScreenshot: true, unexpectedAlertBehaviour: , unhandledPromptBehavior: , version: 69.0.3497.100, webStorageEnabled: true}
Session ID: 46db1736b45985352049cedf94d5b1e6)
	at com.kms.katalon.core.keyword.internal.KeywordMain.stepFailed(KeywordMain.groovy:32)
	at com.kms.katalon.core.webui.keyword.internal.WebUIKeywordMain.stepFailed(WebUIKeywordMain.groovy:65)
	at com.kms.katalon.core.webui.keyword.internal.WebUIKeywordMain.runKeyword(WebUIKeywordMain.groovy:27)
	at com.kms.katalon.core.webui.keyword.builtin.ClickKeyword.click(ClickKeyword.groovy:86)
	at com.kms.katalon.core.webui.keyword.builtin.ClickKeyword.execute(ClickKeyword.groovy:67)
	at com.kms.katalon.core.keyword.internal.KeywordExecutor.executeKeywordForPlatform(KeywordExecutor.groovy:53)
	at com.kms.katalon.core.webui.keyword.WebUiBuiltInKeywords.click(WebUiBuiltInKeywords.groovy:616)
	at com.kms.katalon.core.webui.keyword.WebUiBuiltInKeywords$click$2.call(Unknown Source)
	at Script1534407542420.run(Script1534407542420.groovy:73)
	at com.kms.katalon.core.main.ScriptEngine.run(ScriptEngine.java:183)
	at com.kms.katalon.core.main.ScriptEngine.runScriptAsRawText(ScriptEngine.java:108)
	at com.kms.katalon.core.main.TestCaseExecutor.runScript(TestCaseExecutor.java:294)
	at com.kms.katalon.core.main.TestCaseExecutor.doExecute(TestCaseExecutor.java:285)
	at com.kms.katalon.core.main.TestCaseExecutor.processExecutionPhase(TestCaseExecutor.java:264)
	at com.kms.katalon.core.main.TestCaseExecutor.accessMainPhase(TestCaseExecutor.java:256)
	at com.kms.katalon.core.main.TestCaseExecutor.execute(TestCaseExecutor.java:200)
	at com.kms.katalon.core.main.TestCaseMain.runTestCase(TestCaseMain.java:99)
	at com.kms.katalon.core.keyword.builtin.CallTestCaseKeyword$_callTestCase_closure1.doCall(CallTestCaseKeyword.groovy:60)
	at com.kms.katalon.core.keyword.builtin.CallTestCaseKeyword$_callTestCase_closure1.call(CallTestCaseKeyword.groovy)
	at com.kms.katalon.core.keyword.internal.KeywordMain.runKeyword(KeywordMain.groovy:54)
	at com.kms.katalon.core.keyword.builtin.CallTestCaseKeyword.callTestCase(CallTestCaseKeyword.groovy:81)
	at com.kms.katalon.core.keyword.builtin.CallTestCaseKeyword.execute(CallTestCaseKeyword.groovy:45)
	at com.kms.katalon.core.keyword.internal.KeywordExecutor.executeKeywordForPlatform(KeywordExecutor.groovy:53)
	at com.kms.katalon.core.keyword.BuiltinKeywords.callTestCase(BuiltinKeywords.groovy:334)
	at sun.reflect.GeneratedMethodAccessor13.invoke(Unknown Source)
	at sun.reflect.DelegatingMethodAccessorImpl.invoke(DelegatingMethodAccessorImpl.java:43)
	at java.lang.reflect.Method.invoke(Method.java:498)
	at org.codehaus.groovy.reflection.CachedMethod.invoke(CachedMethod.java:93)
	at groovy.lang.MetaMethod.doMethodInvoke(MetaMethod.java:325)
	at groovy.lang.MetaClassImpl.invokeStaticMethod(MetaClassImpl.java:1469)
	at org.codehaus.groovy.runtime.callsite.StaticMetaClassSite.call(StaticMetaClassSite.java:53)
	at org.codehaus.groovy.runtime.callsite.AbstractCallSite.call(AbstractCallSite.java:141)
	at Script1536137459454.run(Script1536137459454.groovy:34)
	at com.kms.katalon.core.main.ScriptEngine.run(ScriptEngine.java:183)
	at com.kms.katalon.core.main.ScriptEngine.runScriptAsRawText(ScriptEngine.java:108)
	at com.kms.katalon.core.main.TestCaseExecutor.runScript(TestCaseExecutor.java:294)
	at com.kms.katalon.core.main.TestCaseExecutor.doExecute(TestCaseExecutor.java:285)
	at com.kms.katalon.core.main.TestCaseExecutor.processExecutionPhase(TestCaseExecutor.java:264)
	at com.kms.katalon.core.main.TestCaseExecutor.accessMainPhase(TestCaseExecutor.java:256)
	at com.kms.katalon.core.main.TestCaseExecutor.execute(TestCaseExecutor.java:200)
	at com.kms.katalon.core.main.TestCaseMain.runTestCase(TestCaseMain.java:99)
	at com.kms.katalon.core.keyword.builtin.CallTestCaseKeyword$_callTestCase_closure1.doCall(CallTestCaseKeyword.groovy:60)
	at com.kms.katalon.core.keyword.builtin.CallTestCaseKeyword$_callTestCase_closure1.call(CallTestCaseKeyword.groovy)
	at com.kms.katalon.core.keyword.internal.KeywordMain.runKeyword(KeywordMain.groovy:54)
	at com.kms.katalon.core.keyword.builtin.CallTestCaseKeyword.callTestCase(CallTestCaseKeyword.groovy:81)
	at com.kms.katalon.core.keyword.builtin.CallTestCaseKeyword.execute(CallTestCaseKeyword.groovy:45)
	at com.kms.katalon.core.keyword.internal.KeywordExecutor.executeKeywordForPlatform(KeywordExecutor.groovy:53)
	at com.kms.katalon.core.keyword.BuiltinKeywords.callTestCase(BuiltinKeywords.groovy:334)
	at sun.reflect.GeneratedMethodAccessor13.invoke(Unknown Source)
	at sun.reflect.DelegatingMethodAccessorImpl.invoke(DelegatingMethodAccessorImpl.java:43)
	at java.lang.reflect.Method.invoke(Method.java:498)
	at org.codehaus.groovy.reflection.CachedMethod.invoke(CachedMethod.java:93)
	at groovy.lang.MetaMethod.doMethodInvoke(MetaMethod.java:325)
	at groovy.lang.MetaClassImpl.invokeStaticMethod(MetaClassImpl.java:1469)
	at org.codehaus.groovy.runtime.callsite.StaticMetaClassSite.call(StaticMetaClassSite.java:53)
	at org.codehaus.groovy.runtime.callsite.CallSiteArray.defaultCall(CallSiteArray.java:48)
	at org.codehaus.groovy.runtime.callsite.AbstractCallSite.call(AbstractCallSite.java:113)
	at org.codehaus.groovy.runtime.callsite.AbstractCallSite.call(AbstractCallSite.java:141)
	at Script1536138881588.run(Script1536138881588.groovy:25)
	at com.kms.katalon.core.main.ScriptEngine.run(ScriptEngine.java:183)
	at com.kms.katalon.core.main.ScriptEngine.runScriptAsRawText(ScriptEngine.java:108)
	at com.kms.katalon.core.main.TestCaseExecutor.runScript(TestCaseExecutor.java:294)
	at com.kms.katalon.core.main.TestCaseExecutor.doExecute(TestCaseExecutor.java:285)
	at com.kms.katalon.core.main.TestCaseExecutor.processExecutionPhase(TestCaseExecutor.java:264)
	at com.kms.katalon.core.main.TestCaseExecutor.accessMainPhase(TestCaseExecutor.java:256)
	at com.kms.katalon.core.main.TestCaseExecutor.execute(TestCaseExecutor.java:200)
	at com.kms.katalon.core.main.TestSuiteExecutor.accessTestCaseMainPhase(TestSuiteExecutor.java:129)
	at com.kms.katalon.core.main.TestSuiteExecutor.accessTestSuiteMainPhase(TestSuiteExecutor.java:112)
	at com.kms.katalon.core.main.TestSuiteExecutor.execute(TestSuiteExecutor.java:81)
	at com.kms.katalon.core.main.TestCaseMain.startTestSuite(TestCaseMain.java:142)
	at com.kms.katalon.core.main.TestCaseMain$startTestSuite$0.call(Unknown Source)
	at org.codehaus.groovy.runtime.callsite.CallSiteArray.defaultCall(CallSiteArray.java:48)
	at org.codehaus.groovy.runtime.callsite.AbstractCallSite.call(AbstractCallSite.java:113)
	at org.codehaus.groovy.runtime.callsite.AbstractCallSite.call(AbstractCallSite.java:141)
	at TempTestSuite1539913255508.run(TempTestSuite1539913255508.groovy:36)
	at groovy.lang.GroovyShell.runScriptOrMainOrTestOrRunnable(GroovyShell.java:263)
	at groovy.lang.GroovyShell.run(GroovyShell.java:518)
	at groovy.lang.GroovyShell.run(GroovyShell.java:507)
	at groovy.ui.GroovyMain.processOnce(GroovyMain.java:653)
	at groovy.ui.GroovyMain.run(GroovyMain.java:384)
	at groovy.ui.GroovyMain.process(GroovyMain.java:370)
	at groovy.ui.GroovyMain.processArgs(GroovyMain.java:129)
	at groovy.ui.GroovyMain.main(GroovyMain.java:109)
	at sun.reflect.NativeMethodAccessorImpl.invoke0(Native Method)
	at sun.reflect.NativeMethodAccessorImpl.invoke(NativeMethodAccessorImpl.java:62)
	at sun.reflect.DelegatingMethodAccessorImpl.invoke(DelegatingMethodAccessorImpl.java:43)
	at java.lang.reflect.Method.invoke(Method.java:498)
	at org.codehaus.groovy.tools.GroovyStarter.rootLoader(GroovyStarter.java:109)
	at org.codehaus.groovy.tools.GroovyStarter.main(GroovyStarter.java:131)
)"/>
         <system-out><![CDATA[2018-10-19 12:44:51 - [TEST_CASE][FAILED] - Test Cases/Final Aug 2018 - PKS Automation/Registration Module/Workflow/Form 1A - Cessation As Employer/PKRBO to UO (Approve): Test Cases/Final Aug 2018 - PKS Automation/Registration Module/Workflow/Form 1A - Cessation As Employer/PKRBO to UO (Approve) FAILED because (of) (Stack trace: com.kms.katalon.core.exception.StepFailedException: Unable to click on object 'Object Repository/Final Object Repo/Landing Page/Select to Workflow Listing' (Root cause: org.openqa.selenium.ElementNotVisibleException: element not visible
  (Session info: chrome=69.0.3497.100)
  (Driver info: chromedriver=2.35.528161 (5b82f2d2aae0ca24b877009200ced9065a772e73),platform=Windows NT 6.1.7601 SP1 x86_64) (WARNING: The server did not provide any stacktrace information)
Command duration or timeout: 0 milliseconds
Build info: version: '3.7.1', revision: '8a0099a', time: '2017-11-06T21:07:36.161Z'
System info: host: 'WEIZHENG', ip: '192.168.137.1', os.name: 'Windows 7', os.arch: 'amd64', os.version: '6.1', java.version: '1.8.0_181'
Driver info: com.kms.katalon.selenium.driver.CChromeDriver
Capabilities {acceptInsecureCerts: false, acceptSslCerts: false, applicationCacheEnabled: false, browserConnectionEnabled: false, browserName: chrome, chrome: {chromedriverVersion: 2.35.528161 (5b82f2d2aae0ca..., userDataDir: C:\Users\WEIZHE~1\AppData\L...}, cssSelectorsEnabled: true, databaseEnabled: false, handlesAlerts: true, hasTouchScreen: false, javascriptEnabled: true, locationContextEnabled: true, mobileEmulationEnabled: false, nativeEvents: true, networkConnectionEnabled: false, pageLoadStrategy: normal, platform: XP, platformName: XP, rotatable: false, setWindowRect: true, takesHeapSnapshot: true, takesScreenshot: true, unexpectedAlertBehaviour: , unhandledPromptBehavior: , version: 69.0.3497.100, webStorageEnabled: true}
Session ID: 46db1736b45985352049cedf94d5b1e6)
	at com.kms.katalon.core.keyword.internal.KeywordMain.stepFailed(KeywordMain.groovy:32)
	at com.kms.katalon.core.webui.keyword.internal.WebUIKeywordMain.stepFailed(WebUIKeywordMain.groovy:65)
	at com.kms.katalon.core.webui.keyword.internal.WebUIKeywordMain.runKeyword(WebUIKeywordMain.groovy:27)
	at com.kms.katalon.core.webui.keyword.builtin.ClickKeyword.click(ClickKeyword.groovy:86)
	at com.kms.katalon.core.webui.keyword.builtin.ClickKeyword.execute(ClickKeyword.groovy:67)
	at com.kms.katalon.core.keyword.internal.KeywordExecutor.executeKeywordForPlatform(KeywordExecutor.groovy:53)
	at com.kms.katalon.core.webui.keyword.WebUiBuiltInKeywords.click(WebUiBuiltInKeywords.groovy:616)
	at com.kms.katalon.core.webui.keyword.WebUiBuiltInKeywords$click$2.call(Unknown Source)
	at Script1534407542420.run(Script1534407542420.groovy:73)
	at com.kms.katalon.core.main.ScriptEngine.run(ScriptEngine.java:183)
	at com.kms.katalon.core.main.ScriptEngine.runScriptAsRawText(ScriptEngine.java:108)
	at com.kms.katalon.core.main.TestCaseExecutor.runScript(TestCaseExecutor.java:294)
	at com.kms.katalon.core.main.TestCaseExecutor.doExecute(TestCaseExecutor.java:285)
	at com.kms.katalon.core.main.TestCaseExecutor.processExecutionPhase(TestCaseExecutor.java:264)
	at com.kms.katalon.core.main.TestCaseExecutor.accessMainPhase(TestCaseExecutor.java:256)
	at com.kms.katalon.core.main.TestCaseExecutor.execute(TestCaseExecutor.java:200)
	at com.kms.katalon.core.main.TestCaseMain.runTestCase(TestCaseMain.java:99)
	at com.kms.katalon.core.keyword.builtin.CallTestCaseKeyword$_callTestCase_closure1.doCall(CallTestCaseKeyword.groovy:60)
	at com.kms.katalon.core.keyword.builtin.CallTestCaseKeyword$_callTestCase_closure1.call(CallTestCaseKeyword.groovy)
	at com.kms.katalon.core.keyword.internal.KeywordMain.runKeyword(KeywordMain.groovy:54)
	at com.kms.katalon.core.keyword.builtin.CallTestCaseKeyword.callTestCase(CallTestCaseKeyword.groovy:81)
	at com.kms.katalon.core.keyword.builtin.CallTestCaseKeyword.execute(CallTestCaseKeyword.groovy:45)
	at com.kms.katalon.core.keyword.internal.KeywordExecutor.executeKeywordForPlatform(KeywordExecutor.groovy:53)
	at com.kms.katalon.core.keyword.BuiltinKeywords.callTestCase(BuiltinKeywords.groovy:334)
	at sun.reflect.GeneratedMethodAccessor13.invoke(Unknown Source)
	at sun.reflect.DelegatingMethodAccessorImpl.invoke(DelegatingMethodAccessorImpl.java:43)
	at java.lang.reflect.Method.invoke(Method.java:498)
	at org.codehaus.groovy.reflection.CachedMethod.invoke(CachedMethod.java:93)
	at groovy.lang.MetaMethod.doMethodInvoke(MetaMethod.java:325)
	at groovy.lang.MetaClassImpl.invokeStaticMethod(MetaClassImpl.java:1469)
	at org.codehaus.groovy.runtime.callsite.StaticMetaClassSite.call(StaticMetaClassSite.java:53)
	at org.codehaus.groovy.runtime.callsite.AbstractCallSite.call(AbstractCallSite.java:141)
	at Script1536137459454.run(Script1536137459454.groovy:34)
	at com.kms.katalon.core.main.ScriptEngine.run(ScriptEngine.java:183)
	at com.kms.katalon.core.main.ScriptEngine.runScriptAsRawText(ScriptEngine.java:108)
	at com.kms.katalon.core.main.TestCaseExecutor.runScript(TestCaseExecutor.java:294)
	at com.kms.katalon.core.main.TestCaseExecutor.doExecute(TestCaseExecutor.java:285)
	at com.kms.katalon.core.main.TestCaseExecutor.processExecutionPhase(TestCaseExecutor.java:264)
	at com.kms.katalon.core.main.TestCaseExecutor.accessMainPhase(TestCaseExecutor.java:256)
	at com.kms.katalon.core.main.TestCaseExecutor.execute(TestCaseExecutor.java:200)
	at com.kms.katalon.core.main.TestCaseMain.runTestCase(TestCaseMain.java:99)
	at com.kms.katalon.core.keyword.builtin.CallTestCaseKeyword$_callTestCase_closure1.doCall(CallTestCaseKeyword.groovy:60)
	at com.kms.katalon.core.keyword.builtin.CallTestCaseKeyword$_callTestCase_closure1.call(CallTestCaseKeyword.groovy)
	at com.kms.katalon.core.keyword.internal.KeywordMain.runKeyword(KeywordMain.groovy:54)
	at com.kms.katalon.core.keyword.builtin.CallTestCaseKeyword.callTestCase(CallTestCaseKeyword.groovy:81)
	at com.kms.katalon.core.keyword.builtin.CallTestCaseKeyword.execute(CallTestCaseKeyword.groovy:45)
	at com.kms.katalon.core.keyword.internal.KeywordExecutor.executeKeywordForPlatform(KeywordExecutor.groovy:53)
	at com.kms.katalon.core.keyword.BuiltinKeywords.callTestCase(BuiltinKeywords.groovy:334)
	at sun.reflect.GeneratedMethodAccessor13.invoke(Unknown Source)
	at sun.reflect.DelegatingMethodAccessorImpl.invoke(DelegatingMethodAccessorImpl.java:43)
	at java.lang.reflect.Method.invoke(Method.java:498)
	at org.codehaus.groovy.reflection.CachedMethod.invoke(CachedMethod.java:93)
	at groovy.lang.MetaMethod.doMethodInvoke(MetaMethod.java:325)
	at groovy.lang.MetaClassImpl.invokeStaticMethod(MetaClassImpl.java:1469)
	at org.codehaus.groovy.runtime.callsite.StaticMetaClassSite.call(StaticMetaClassSite.java:53)
	at org.codehaus.groovy.runtime.callsite.CallSiteArray.defaultCall(CallSiteArray.java:48)
	at org.codehaus.groovy.runtime.callsite.AbstractCallSite.call(AbstractCallSite.java:113)
	at org.codehaus.groovy.runtime.callsite.AbstractCallSite.call(AbstractCallSite.java:141)
	at Script1536138881588.run(Script1536138881588.groovy:25)
	at com.kms.katalon.core.main.ScriptEngine.run(ScriptEngine.java:183)
	at com.kms.katalon.core.main.ScriptEngine.runScriptAsRawText(ScriptEngine.java:108)
	at com.kms.katalon.core.main.TestCaseExecutor.runScript(TestCaseExecutor.java:294)
	at com.kms.katalon.core.main.TestCaseExecutor.doExecute(TestCaseExecutor.java:285)
	at com.kms.katalon.core.main.TestCaseExecutor.processExecutionPhase(TestCaseExecutor.java:264)
	at com.kms.katalon.core.main.TestCaseExecutor.accessMainPhase(TestCaseExecutor.java:256)
	at com.kms.katalon.core.main.TestCaseExecutor.execute(TestCaseExecutor.java:200)
	at com.kms.katalon.core.main.TestSuiteExecutor.accessTestCaseMainPhase(TestSuiteExecutor.java:129)
	at com.kms.katalon.core.main.TestSuiteExecutor.accessTestSuiteMainPhase(TestSuiteExecutor.java:112)
	at com.kms.katalon.core.main.TestSuiteExecutor.execute(TestSuiteExecutor.java:81)
	at com.kms.katalon.core.main.TestCaseMain.startTestSuite(TestCaseMain.java:142)
	at com.kms.katalon.core.main.TestCaseMain$startTestSuite$0.call(Unknown Source)
	at org.codehaus.groovy.runtime.callsite.CallSiteArray.defaultCall(CallSiteArray.java:48)
	at org.codehaus.groovy.runtime.callsite.AbstractCallSite.call(AbstractCallSite.java:113)
	at org.codehaus.groovy.runtime.callsite.AbstractCallSite.call(AbstractCallSite.java:141)
	at TempTestSuite1539913255508.run(TempTestSuite1539913255508.groovy:36)
	at groovy.lang.GroovyShell.runScriptOrMainOrTestOrRunnable(GroovyShell.java:263)
	at groovy.lang.GroovyShell.run(GroovyShell.java:518)
	at groovy.lang.GroovyShell.run(GroovyShell.java:507)
	at groovy.ui.GroovyMain.processOnce(GroovyMain.java:653)
	at groovy.ui.GroovyMain.run(GroovyMain.java:384)
	at groovy.ui.GroovyMain.process(GroovyMain.java:370)
	at groovy.ui.GroovyMain.processArgs(GroovyMain.java:129)
	at groovy.ui.GroovyMain.main(GroovyMain.java:109)
	at sun.reflect.NativeMethodAccessorImpl.invoke0(Native Method)
	at sun.reflect.NativeMethodAccessorImpl.invoke(NativeMethodAccessorImpl.java:62)
	at sun.reflect.DelegatingMethodAccessorImpl.invoke(DelegatingMethodAccessorImpl.java:43)
	at java.lang.reflect.Method.invoke(Method.java:498)
	at org.codehaus.groovy.tools.GroovyStarter.rootLoader(GroovyStarter.java:109)
	at org.codehaus.groovy.tools.GroovyStarter.main(GroovyStarter.java:131)
)

2018-10-19 12:44:51 - [TEST_STEP][PASSED] - callTestCase: Call Test Case 'Test Cases/Final Aug 2018 - PKS Automation/Registration Module/Workflow/Form 1A - Cessation As Employer/Template/Form 1 A - Cessation As Employer (PKRBO)' successfully

2018-10-19 12:44:51 - [TEST_CASE][PASSED] - Test Cases/Final Aug 2018 - PKS Automation/Registration Module/Workflow/Form 1A - Cessation As Employer/Template/Form 1 A - Cessation As Employer (PKRBO): Test Cases/Final Aug 2018 - PKS Automation/Registration Module/Workflow/Form 1A - Cessation As Employer/Template/Form 1 A - Cessation As Employer (PKRBO)

2018-10-19 12:44:51 - [TEST_STEP][PASSED] - openBrowser: Browser is opened with url: ''

2018-10-19 12:44:51 - [MESSAGE][WARNING] - A browser is already opened. Closing browser and opening a new one

2018-10-19 12:44:55 - [MESSAGE][PASSED] - Browser is opened with url: ''

2018-10-19 12:44:55 - [TEST_STEP][PASSED] - navigateToUrl: Navigate to 'https://assist2-uat.perkeso.gov.my/login' successfully

2018-10-19 12:44:58 - [MESSAGE][PASSED] - Navigate to 'https://assist2-uat.perkeso.gov.my/login' successfully

2018-10-19 12:44:58 - [TEST_STEP][PASSED] - setText: Text 'johorpkrbo1@gmail.com' is set on object 'Object Repository/Final Object Repo/Login Page/Internal User/Email Address'

2018-10-19 12:44:58 - [MESSAGE][PASSED] - Text 'johorpkrbo1@gmail.com' is set on object 'Object Repository/Final Object Repo/Login Page/Internal User/Email Address'

2018-10-19 12:44:58 - [TEST_STEP][PASSED] - click: Object: 'Object Repository/Final Object Repo/Login Page/Internal User/Next Button' is clicked on

2018-10-19 12:44:58 - [MESSAGE][PASSED] - Object: 'Object Repository/Final Object Repo/Login Page/Internal User/Next Button' is clicked on

2018-10-19 12:44:58 - [TEST_STEP][PASSED] - delay: Delayed 1 second(s)

2018-10-19 12:44:59 - [MESSAGE][PASSED] - Delayed 1 second(s)

2018-10-19 12:44:59 - [TEST_STEP][PASSED] - setEncryptedText: Text ****** has been set on object 'Object Repository/Final Object Repo/Login Page/Internal User/Password'

2018-10-19 12:45:00 - [MESSAGE][PASSED] - Text ****** has been set on object 'Object Repository/Final Object Repo/Login Page/Internal User/Password'

2018-10-19 12:45:00 - [TEST_STEP][PASSED] - click: Object: 'Object Repository/Final Object Repo/Login Page/Internal User/Login Button' is clicked on

2018-10-19 12:45:00 - [MESSAGE][PASSED] - Object: 'Object Repository/Final Object Repo/Login Page/Internal User/Login Button' is clicked on

2018-10-19 12:45:00 - [TEST_STEP][PASSED] - delay: Delayed 1 second(s)

2018-10-19 12:45:01 - [MESSAGE][PASSED] - Delayed 1 second(s)

2018-10-19 12:45:01 - [TEST_STEP][PASSED] - Statement - Try: Delayed 2 second(s)

2018-10-19 12:45:01 - [TEST_STEP][PASSED] - Statement - Checker = false: null

2018-10-19 12:45:01 - [TEST_STEP][PASSED] - Statement - Checker = com.kms.katalon.core.webui.keyword.WebUiBuiltInKeywords.verifyElementHasAttribute(com.kms.katalon.core.testobject.ObjectRepository.findTestObject(Final Object Repo/Landing Page/BM Detecting), "href", 20, OPTIONAL): Object 'Object Repository/Final Object Repo/Landing Page/BM Detecting' has attribute 'href'

2018-10-19 12:45:03 - [MESSAGE][PASSED] - Object 'Object Repository/Final Object Repo/Landing Page/BM Detecting' has attribute 'href'

2018-10-19 12:45:03 - [TEST_STEP][PASSED] - Statement - out.println(Checker): null

2018-10-19 12:45:03 - [TEST_STEP][PASSED] - Statement - If (Checker == false): null

2018-10-19 12:45:03 - [TEST_STEP][PASSED] - Statement - Else: null

2018-10-19 12:45:03 - [TEST_STEP][PASSED] - delay: Delayed 2 second(s)

2018-10-19 12:45:05 - [MESSAGE][PASSED] - Delayed 2 second(s)

2018-10-19 12:45:05 - [TEST_STEP][PASSED] - navigateToUrl: Navigate to 'https://assist2-uat.perkeso.gov.my/web/registration/update/form-1a-cessation-as-employer-discontinue-business-' successfully

2018-10-19 12:45:06 - [MESSAGE][PASSED] - Navigate to 'https://assist2-uat.perkeso.gov.my/web/registration/update/form-1a-cessation-as-employer-discontinue-business-' successfully

2018-10-19 12:45:06 - [TEST_STEP][PASSED] - setText: Text 'E1102069770Z' is set on object 'Object Repository/Final Object Repo/Page_Update Employer Information/Employer Code'

2018-10-19 12:45:06 - [MESSAGE][PASSED] - Text 'E1102069770Z' is set on object 'Object Repository/Final Object Repo/Page_Update Employer Information/Employer Code'

2018-10-19 12:45:06 - [TEST_STEP][PASSED] - click: Object: 'Object Repository/Final Object Repo/Page_Update Employer Information/Search Button' is clicked on

2018-10-19 12:45:06 - [MESSAGE][PASSED] - Object: 'Object Repository/Final Object Repo/Page_Update Employer Information/Search Button' is clicked on

2018-10-19 12:45:06 - [TEST_STEP][PASSED] - click: Object: 'Object Repository/Final Object Repo/Page_Update Employer Information/Edit Button' is clicked on

2018-10-19 12:45:09 - [MESSAGE][PASSED] - Object: 'Object Repository/Final Object Repo/Page_Update Employer Information/Edit Button' is clicked on

2018-10-19 12:45:09 - [TEST_STEP][PASSED] - Statement - abc = com.kms.katalon.core.webui.keyword.WebUiBuiltInKeywords.getAttribute(com.kms.katalon.core.testobject.ObjectRepository.findTestObject(Final Object Repo/Page_Form 1A - Cessation As Employer/Employer Status), "value"): Attribute 'value' of object 'Object Repository/Final Object Repo/Page_Form 1A - Cessation As Employer/Employer Status' is: 'Dormant'

2018-10-19 12:45:09 - [MESSAGE][PASSED] - Attribute 'value' of object 'Object Repository/Final Object Repo/Page_Form 1A - Cessation As Employer/Employer Status' is: 'Dormant'

2018-10-19 12:45:09 - [TEST_STEP][PASSED] - Statement - out.println(abc): null

2018-10-19 12:45:09 - [TEST_STEP][PASSED] - Statement - If (abc == "Active"): null

2018-10-19 12:45:09 - [TEST_STEP][PASSED] - Statement - Else If (abc == "Cancel"): null

2018-10-19 12:45:09 - [TEST_STEP][PASSED] - Statement - Else If (abc == "Dormant"): Object: 'Object Repository/Final Object Repo/Page_Form 1A - Cessation As Employer/Change Employer Status to - Dormant' is clicked on

2018-10-19 12:45:09 - [TEST_STEP][PASSED] - click: Object: 'Object Repository/Final Object Repo/Page_Form 1A - Cessation As Employer/Change Employer Status to' is clicked on

2018-10-19 12:45:09 - [MESSAGE][PASSED] - Object: 'Object Repository/Final Object Repo/Page_Form 1A - Cessation As Employer/Change Employer Status to' is clicked on

2018-10-19 12:45:09 - [TEST_STEP][PASSED] - click: Object: 'Object Repository/Final Object Repo/Page_Form 1A - Cessation As Employer/Change Employer Status to - Dormant' is clicked on

2018-10-19 12:45:10 - [MESSAGE][PASSED] - Object: 'Object Repository/Final Object Repo/Page_Form 1A - Cessation As Employer/Change Employer Status to - Dormant' is clicked on

2018-10-19 12:45:10 - [TEST_STEP][PASSED] - click: Object: 'Object Repository/Final Object Repo/Page_Form 1A - Cessation As Employer/Calender' is clicked on

2018-10-19 12:45:10 - [MESSAGE][PASSED] - Object: 'Object Repository/Final Object Repo/Page_Form 1A - Cessation As Employer/Calender' is clicked on

2018-10-19 12:45:10 - [TEST_STEP][PASSED] - click: Object: 'Object Repository/Final Object Repo/Page_Form 1A - Cessation As Employer/Calender - Date' is clicked on

2018-10-19 12:45:10 - [MESSAGE][PASSED] - Object: 'Object Repository/Final Object Repo/Page_Form 1A - Cessation As Employer/Calender - Date' is clicked on

2018-10-19 12:45:10 - [TEST_STEP][PASSED] - delay: Delayed 2 second(s)

2018-10-19 12:45:12 - [MESSAGE][PASSED] - Delayed 2 second(s)

2018-10-19 12:45:12 - [TEST_STEP][PASSED] - click: Object: 'Object Repository/Final Object Repo/Page_Form 1A - Cessation As Employer/Save  Continue in Form 1A Page' is clicked on

2018-10-19 12:45:12 - [MESSAGE][PASSED] - Object: 'Object Repository/Final Object Repo/Page_Form 1A - Cessation As Employer/Save  Continue in Form 1A Page' is clicked on

2018-10-19 12:45:12 - [TEST_STEP][PASSED] - delay: Delayed 2 second(s)

2018-10-19 12:45:14 - [MESSAGE][PASSED] - Delayed 2 second(s)

2018-10-19 12:45:14 - [TEST_STEP][PASSED] - click: Object: 'Object Repository/Final Object Repo/Page_Form 1A - Cessation As Employer/Employment Resign Date' is clicked on

2018-10-19 12:45:15 - [MESSAGE][PASSED] - Object: 'Object Repository/Final Object Repo/Page_Form 1A - Cessation As Employer/Employment Resign Date' is clicked on

2018-10-19 12:45:15 - [TEST_STEP][PASSED] - delay: Delayed 1 second(s)

2018-10-19 12:45:16 - [MESSAGE][PASSED] - Delayed 1 second(s)

2018-10-19 12:45:16 - [TEST_STEP][PASSED] - Statement - CaseReferenceNo = com.kms.katalon.core.webui.keyword.WebUiBuiltInKeywords.getText(com.kms.katalon.core.testobject.ObjectRepository.findTestObject(Final Object Repo/Page_Update Employer Information/Reference Number in Update Employee Information Page)): Text of object 'Object Repository/Final Object Repo/Page_Update Employer Information/Reference Number in Update Employee Information Page' is: 'CUN102018C200001432'

2018-10-19 12:45:16 - [MESSAGE][PASSED] - Text of object 'Object Repository/Final Object Repo/Page_Update Employer Information/Reference Number in Update Employee Information Page' is: 'CUN102018C200001432'

2018-10-19 12:45:16 - [TEST_STEP][PASSED] - Statement - out.println(CaseReferenceNo): null

2018-10-19 12:45:16 - [TEST_STEP][PASSED] - callTestCase: Call Test Case 'Test Cases/Final Aug 2018 - PKS Automation/Common/Reference Number Setter' successfully

2018-10-19 12:45:16 - [TEST_CASE][PASSED] - Test Cases/Final Aug 2018 - PKS Automation/Common/Reference Number Setter: Test Cases/Final Aug 2018 - PKS Automation/Common/Reference Number Setter

2018-10-19 12:45:16 - [TEST_STEP][PASSED] - Statement - RefNoOldFile = new java.io.File(C://KatalonReference.txt): null

2018-10-19 12:45:16 - [TEST_STEP][PASSED] - Statement - RefNoOldFile.delete(): null

2018-10-19 12:45:16 - [TEST_STEP][PASSED] - Statement - RefNo = new java.io.File(C://KatalonReference.txt): null

2018-10-19 12:45:16 - [TEST_STEP][PASSED] - Statement - RefNo.append(CaseReferenceNo): null

2018-10-19 12:45:16 - [TEST_STEP][PASSED] - Statement - out.println("


" + CaseReferenceNo + "


"): null

2018-10-19 12:45:16 - [MESSAGE][PASSED] - Call Test Case 'Test Cases/Final Aug 2018 - PKS Automation/Common/Reference Number Setter' successfully

2018-10-19 12:45:16 - [TEST_STEP][PASSED] - selectOptionByValue: All options with value '2030' are selected in object 'Object Repository/Final Object Repo/Page_Form 1A - Cessation As Employer/Employment Resign Date - Year' 

2018-10-19 12:45:16 - [MESSAGE][PASSED] - All options with value '2030' are selected in object 'Object Repository/Final Object Repo/Page_Form 1A - Cessation As Employer/Employment Resign Date - Year' 

2018-10-19 12:45:16 - [TEST_STEP][PASSED] - delay: Delayed 1 second(s)

2018-10-19 12:45:17 - [MESSAGE][PASSED] - Delayed 1 second(s)

2018-10-19 12:45:17 - [TEST_STEP][PASSED] - click: Object: 'Object Repository/Final Object Repo/Page_Form 1A - Cessation As Employer/Employment Resign Date - Year - Date' is clicked on

2018-10-19 12:45:18 - [MESSAGE][PASSED] - Object: 'Object Repository/Final Object Repo/Page_Form 1A - Cessation As Employer/Employment Resign Date - Year - Date' is clicked on

2018-10-19 12:45:18 - [TEST_STEP][PASSED] - delay: Delayed 2 second(s)

2018-10-19 12:45:20 - [MESSAGE][PASSED] - Delayed 2 second(s)

2018-10-19 12:45:20 - [TEST_STEP][PASSED] - click: Object: 'Object Repository/Final Object Repo/Page_Form 1A - Cessation As Employer/Save  Continue in Update Add Employee Resigned Date Page' is clicked on

2018-10-19 12:45:20 - [MESSAGE][PASSED] - Object: 'Object Repository/Final Object Repo/Page_Form 1A - Cessation As Employer/Save  Continue in Update Add Employee Resigned Date Page' is clicked on

2018-10-19 12:45:20 - [TEST_STEP][PASSED] - delay: Delayed 2 second(s)

2018-10-19 12:45:22 - [MESSAGE][PASSED] - Delayed 2 second(s)

2018-10-19 12:45:22 - [TEST_STEP][PASSED] - click: Object: 'Object Repository/Final Object Repo/Page_Form 1A - Cessation As Employer/Add Document' is clicked on

2018-10-19 12:45:23 - [MESSAGE][PASSED] - Object: 'Object Repository/Final Object Repo/Page_Form 1A - Cessation As Employer/Add Document' is clicked on

2018-10-19 12:45:23 - [TEST_STEP][PASSED] - delay: Delayed 2 second(s)

2018-10-19 12:45:25 - [MESSAGE][PASSED] - Delayed 2 second(s)

2018-10-19 12:45:25 - [TEST_STEP][PASSED] - click: Object: 'Object Repository/Final Object Repo/Page_Form 1A - Cessation As Employer/Document Type' is clicked on

2018-10-19 12:45:27 - [MESSAGE][PASSED] - Object: 'Object Repository/Final Object Repo/Page_Form 1A - Cessation As Employer/Document Type' is clicked on

2018-10-19 12:45:27 - [TEST_STEP][PASSED] - delay: Delayed 2 second(s)

2018-10-19 12:45:29 - [MESSAGE][PASSED] - Delayed 2 second(s)

2018-10-19 12:45:29 - [TEST_STEP][PASSED] - click: Object: 'Object Repository/Final Object Repo/Page_Form 1A - Cessation As Employer/Document Type - Supporting Document For Cessation' is clicked on

2018-10-19 12:45:29 - [MESSAGE][PASSED] - Object: 'Object Repository/Final Object Repo/Page_Form 1A - Cessation As Employer/Document Type - Supporting Document For Cessation' is clicked on

2018-10-19 12:45:29 - [TEST_STEP][PASSED] - delay: Delayed 2 second(s)

2018-10-19 12:45:31 - [MESSAGE][PASSED] - Delayed 2 second(s)

2018-10-19 12:45:31 - [TEST_STEP][PASSED] - sendKeys: Keys 'C:\Users\Public\Pictures\Sample Pictures\Act.jpg' sent to object: 'Object Repository/Final Object Repo/Page_Form 1A - Cessation As Employer/Uploading File'

2018-10-19 12:45:31 - [MESSAGE][PASSED] - Keys 'C:\Users\Public\Pictures\Sample Pictures\Act.jpg' sent to object: 'Object Repository/Final Object Repo/Page_Form 1A - Cessation As Employer/Uploading File'

2018-10-19 12:45:31 - [TEST_STEP][PASSED] - delay: Delayed 2 second(s)

2018-10-19 12:45:33 - [MESSAGE][PASSED] - Delayed 2 second(s)

2018-10-19 12:45:33 - [TEST_STEP][PASSED] - click: Object: 'Object Repository/Final Object Repo/Page_Form 1A - Cessation As Employer/Add Document in Uploading Page' is clicked on

2018-10-19 12:45:34 - [MESSAGE][PASSED] - Object: 'Object Repository/Final Object Repo/Page_Form 1A - Cessation As Employer/Add Document in Uploading Page' is clicked on

2018-10-19 12:45:34 - [TEST_STEP][PASSED] - delay: Delayed 15 second(s)

2018-10-19 12:45:49 - [MESSAGE][PASSED] - Delayed 15 second(s)

2018-10-19 12:45:49 - [TEST_STEP][PASSED] - click: Object: 'Object Repository/Final Object Repo/Page_Form 1A - Cessation As Employer/Save  Continue in Uploading Page' is clicked on

2018-10-19 12:45:49 - [MESSAGE][PASSED] - Object: 'Object Repository/Final Object Repo/Page_Form 1A - Cessation As Employer/Save  Continue in Uploading Page' is clicked on

2018-10-19 12:45:49 - [TEST_STEP][PASSED] - delay: Delayed 2 second(s)

2018-10-19 12:45:51 - [MESSAGE][PASSED] - Delayed 2 second(s)

2018-10-19 12:45:51 - [TEST_STEP][PASSED] - click: Object: 'Object Repository/Final Object Repo/Page_Form 1A - Cessation As Employer/Submit2' is clicked on

2018-10-19 12:45:54 - [MESSAGE][PASSED] - Object: 'Object Repository/Final Object Repo/Page_Form 1A - Cessation As Employer/Submit2' is clicked on

2018-10-19 12:45:54 - [TEST_STEP][PASSED] - delay: Delayed 2 second(s)

2018-10-19 12:45:56 - [MESSAGE][PASSED] - Delayed 2 second(s)

2018-10-19 12:45:56 - [TEST_STEP][PASSED] - click: Object: 'Object Repository/Final Object Repo/Page_Form 1A - Cessation As Employer/Confirm' is clicked on

2018-10-19 12:45:57 - [MESSAGE][PASSED] - Object: 'Object Repository/Final Object Repo/Page_Form 1A - Cessation As Employer/Confirm' is clicked on

2018-10-19 12:45:57 - [TEST_STEP][PASSED] - delay: Delayed 2 second(s)

2018-10-19 12:45:59 - [MESSAGE][PASSED] - Delayed 2 second(s)

2018-10-19 12:45:59 - [TEST_STEP][PASSED] - verifyElementVisible: Object 'Object Repository/Final Object Repo/Page_Form 1A - Cessation As Employer/Message Your Request will be routed to UO' is visible

2018-10-19 12:46:03 - [MESSAGE][PASSED] - Object 'Object Repository/Final Object Repo/Page_Form 1A - Cessation As Employer/Message Your Request will be routed to UO' is visible

2018-10-19 12:46:03 - [TEST_STEP][PASSED] - delay: Delayed 1 second(s)

2018-10-19 12:46:04 - [MESSAGE][PASSED] - Delayed 1 second(s)

2018-10-19 12:46:04 - [TEST_STEP][PASSED] - verifyElementVisible: Object 'Object Repository/Final Object Repo/Page_Form 1A - Cessation As Employer/Letter of acknowledgement' is visible

2018-10-19 12:46:04 - [MESSAGE][PASSED] - Object 'Object Repository/Final Object Repo/Page_Form 1A - Cessation As Employer/Letter of acknowledgement' is visible

2018-10-19 12:46:04 - [MESSAGE][PASSED] - Call Test Case 'Test Cases/Final Aug 2018 - PKS Automation/Registration Module/Workflow/Form 1A - Cessation As Employer/Template/Form 1 A - Cessation As Employer (PKRBO)' successfully

2018-10-19 12:46:04 - [TEST_STEP][FAILED] - callTestCase: Unable to call Test Case with id 'Test Cases/Final Aug 2018 - PKS Automation/Registration Module/Workflow/Form 1A - Cessation As Employer/Template/Form 1 A - Cessation As Employer (Approve)' (Root cause: Call Test Case 'Test Cases/Final Aug 2018 - PKS Automation/Registration Module/Workflow/Form 1A - Cessation As Employer/Template/Form 1 A - Cessation As Employer (Approve)' failed)

2018-10-19 12:46:04 - [TEST_CASE][FAILED] - Test Cases/Final Aug 2018 - PKS Automation/Registration Module/Workflow/Form 1A - Cessation As Employer/Template/Form 1 A - Cessation As Employer (Approve): Test Cases/Final Aug 2018 - PKS Automation/Registration Module/Workflow/Form 1A - Cessation As Employer/Template/Form 1 A - Cessation As Employer (Approve) FAILED because (of) (Stack trace: com.kms.katalon.core.exception.StepFailedException: Unable to click on object 'Object Repository/Final Object Repo/Landing Page/Select to Workflow Listing' (Root cause: org.openqa.selenium.ElementNotVisibleException: element not visible
  (Session info: chrome=69.0.3497.100)
  (Driver info: chromedriver=2.35.528161 (5b82f2d2aae0ca24b877009200ced9065a772e73),platform=Windows NT 6.1.7601 SP1 x86_64) (WARNING: The server did not provide any stacktrace information)
Command duration or timeout: 0 milliseconds
Build info: version: '3.7.1', revision: '8a0099a', time: '2017-11-06T21:07:36.161Z'
System info: host: 'WEIZHENG', ip: '192.168.137.1', os.name: 'Windows 7', os.arch: 'amd64', os.version: '6.1', java.version: '1.8.0_181'
Driver info: com.kms.katalon.selenium.driver.CChromeDriver
Capabilities {acceptInsecureCerts: false, acceptSslCerts: false, applicationCacheEnabled: false, browserConnectionEnabled: false, browserName: chrome, chrome: {chromedriverVersion: 2.35.528161 (5b82f2d2aae0ca..., userDataDir: C:\Users\WEIZHE~1\AppData\L...}, cssSelectorsEnabled: true, databaseEnabled: false, handlesAlerts: true, hasTouchScreen: false, javascriptEnabled: true, locationContextEnabled: true, mobileEmulationEnabled: false, nativeEvents: true, networkConnectionEnabled: false, pageLoadStrategy: normal, platform: XP, platformName: XP, rotatable: false, setWindowRect: true, takesHeapSnapshot: true, takesScreenshot: true, unexpectedAlertBehaviour: , unhandledPromptBehavior: , version: 69.0.3497.100, webStorageEnabled: true}
Session ID: 46db1736b45985352049cedf94d5b1e6)
	at com.kms.katalon.core.keyword.internal.KeywordMain.stepFailed(KeywordMain.groovy:32)
	at com.kms.katalon.core.webui.keyword.internal.WebUIKeywordMain.stepFailed(WebUIKeywordMain.groovy:65)
	at com.kms.katalon.core.webui.keyword.internal.WebUIKeywordMain.runKeyword(WebUIKeywordMain.groovy:27)
	at com.kms.katalon.core.webui.keyword.builtin.ClickKeyword.click(ClickKeyword.groovy:86)
	at com.kms.katalon.core.webui.keyword.builtin.ClickKeyword.execute(ClickKeyword.groovy:67)
	at com.kms.katalon.core.keyword.internal.KeywordExecutor.executeKeywordForPlatform(KeywordExecutor.groovy:53)
	at com.kms.katalon.core.webui.keyword.WebUiBuiltInKeywords.click(WebUiBuiltInKeywords.groovy:616)
	at com.kms.katalon.core.webui.keyword.WebUiBuiltInKeywords$click$2.call(Unknown Source)
	at Script1534407542420.run(Script1534407542420.groovy:73)
	at com.kms.katalon.core.main.ScriptEngine.run(ScriptEngine.java:183)
	at com.kms.katalon.core.main.ScriptEngine.runScriptAsRawText(ScriptEngine.java:108)
	at com.kms.katalon.core.main.TestCaseExecutor.runScript(TestCaseExecutor.java:294)
	at com.kms.katalon.core.main.TestCaseExecutor.doExecute(TestCaseExecutor.java:285)
	at com.kms.katalon.core.main.TestCaseExecutor.processExecutionPhase(TestCaseExecutor.java:264)
	at com.kms.katalon.core.main.TestCaseExecutor.accessMainPhase(TestCaseExecutor.java:256)
	at com.kms.katalon.core.main.TestCaseExecutor.execute(TestCaseExecutor.java:200)
	at com.kms.katalon.core.main.TestCaseMain.runTestCase(TestCaseMain.java:99)
	at com.kms.katalon.core.keyword.builtin.CallTestCaseKeyword$_callTestCase_closure1.doCall(CallTestCaseKeyword.groovy:60)
	at com.kms.katalon.core.keyword.builtin.CallTestCaseKeyword$_callTestCase_closure1.call(CallTestCaseKeyword.groovy)
	at com.kms.katalon.core.keyword.internal.KeywordMain.runKeyword(KeywordMain.groovy:54)
	at com.kms.katalon.core.keyword.builtin.CallTestCaseKeyword.callTestCase(CallTestCaseKeyword.groovy:81)
	at com.kms.katalon.core.keyword.builtin.CallTestCaseKeyword.execute(CallTestCaseKeyword.groovy:45)
	at com.kms.katalon.core.keyword.internal.KeywordExecutor.executeKeywordForPlatform(KeywordExecutor.groovy:53)
	at com.kms.katalon.core.keyword.BuiltinKeywords.callTestCase(BuiltinKeywords.groovy:334)
	at sun.reflect.GeneratedMethodAccessor13.invoke(Unknown Source)
	at sun.reflect.DelegatingMethodAccessorImpl.invoke(DelegatingMethodAccessorImpl.java:43)
	at java.lang.reflect.Method.invoke(Method.java:498)
	at org.codehaus.groovy.reflection.CachedMethod.invoke(CachedMethod.java:93)
	at groovy.lang.MetaMethod.doMethodInvoke(MetaMethod.java:325)
	at groovy.lang.MetaClassImpl.invokeStaticMethod(MetaClassImpl.java:1469)
	at org.codehaus.groovy.runtime.callsite.StaticMetaClassSite.call(StaticMetaClassSite.java:53)
	at org.codehaus.groovy.runtime.callsite.AbstractCallSite.call(AbstractCallSite.java:141)
	at Script1536137459454.run(Script1536137459454.groovy:34)
	at com.kms.katalon.core.main.ScriptEngine.run(ScriptEngine.java:183)
	at com.kms.katalon.core.main.ScriptEngine.runScriptAsRawText(ScriptEngine.java:108)
	at com.kms.katalon.core.main.TestCaseExecutor.runScript(TestCaseExecutor.java:294)
	at com.kms.katalon.core.main.TestCaseExecutor.doExecute(TestCaseExecutor.java:285)
	at com.kms.katalon.core.main.TestCaseExecutor.processExecutionPhase(TestCaseExecutor.java:264)
	at com.kms.katalon.core.main.TestCaseExecutor.accessMainPhase(TestCaseExecutor.java:256)
	at com.kms.katalon.core.main.TestCaseExecutor.execute(TestCaseExecutor.java:200)
	at com.kms.katalon.core.main.TestCaseMain.runTestCase(TestCaseMain.java:99)
	at com.kms.katalon.core.keyword.builtin.CallTestCaseKeyword$_callTestCase_closure1.doCall(CallTestCaseKeyword.groovy:60)
	at com.kms.katalon.core.keyword.builtin.CallTestCaseKeyword$_callTestCase_closure1.call(CallTestCaseKeyword.groovy)
	at com.kms.katalon.core.keyword.internal.KeywordMain.runKeyword(KeywordMain.groovy:54)
	at com.kms.katalon.core.keyword.builtin.CallTestCaseKeyword.callTestCase(CallTestCaseKeyword.groovy:81)
	at com.kms.katalon.core.keyword.builtin.CallTestCaseKeyword.execute(CallTestCaseKeyword.groovy:45)
	at com.kms.katalon.core.keyword.internal.KeywordExecutor.executeKeywordForPlatform(KeywordExecutor.groovy:53)
	at com.kms.katalon.core.keyword.BuiltinKeywords.callTestCase(BuiltinKeywords.groovy:334)
	at sun.reflect.GeneratedMethodAccessor13.invoke(Unknown Source)
	at sun.reflect.DelegatingMethodAccessorImpl.invoke(DelegatingMethodAccessorImpl.java:43)
	at java.lang.reflect.Method.invoke(Method.java:498)
	at org.codehaus.groovy.reflection.CachedMethod.invoke(CachedMethod.java:93)
	at groovy.lang.MetaMethod.doMethodInvoke(MetaMethod.java:325)
	at groovy.lang.MetaClassImpl.invokeStaticMethod(MetaClassImpl.java:1469)
	at org.codehaus.groovy.runtime.callsite.StaticMetaClassSite.call(StaticMetaClassSite.java:53)
	at org.codehaus.groovy.runtime.callsite.CallSiteArray.defaultCall(CallSiteArray.java:48)
	at org.codehaus.groovy.runtime.callsite.AbstractCallSite.call(AbstractCallSite.java:113)
	at org.codehaus.groovy.runtime.callsite.AbstractCallSite.call(AbstractCallSite.java:141)
	at Script1536138881588.run(Script1536138881588.groovy:25)
	at com.kms.katalon.core.main.ScriptEngine.run(ScriptEngine.java:183)
	at com.kms.katalon.core.main.ScriptEngine.runScriptAsRawText(ScriptEngine.java:108)
	at com.kms.katalon.core.main.TestCaseExecutor.runScript(TestCaseExecutor.java:294)
	at com.kms.katalon.core.main.TestCaseExecutor.doExecute(TestCaseExecutor.java:285)
	at com.kms.katalon.core.main.TestCaseExecutor.processExecutionPhase(TestCaseExecutor.java:264)
	at com.kms.katalon.core.main.TestCaseExecutor.accessMainPhase(TestCaseExecutor.java:256)
	at com.kms.katalon.core.main.TestCaseExecutor.execute(TestCaseExecutor.java:200)
	at com.kms.katalon.core.main.TestSuiteExecutor.accessTestCaseMainPhase(TestSuiteExecutor.java:129)
	at com.kms.katalon.core.main.TestSuiteExecutor.accessTestSuiteMainPhase(TestSuiteExecutor.java:112)
	at com.kms.katalon.core.main.TestSuiteExecutor.execute(TestSuiteExecutor.java:81)
	at com.kms.katalon.core.main.TestCaseMain.startTestSuite(TestCaseMain.java:142)
	at com.kms.katalon.core.main.TestCaseMain$startTestSuite$0.call(Unknown Source)
	at org.codehaus.groovy.runtime.callsite.CallSiteArray.defaultCall(CallSiteArray.java:48)
	at org.codehaus.groovy.runtime.callsite.AbstractCallSite.call(AbstractCallSite.java:113)
	at org.codehaus.groovy.runtime.callsite.AbstractCallSite.call(AbstractCallSite.java:141)
	at TempTestSuite1539913255508.run(TempTestSuite1539913255508.groovy:36)
	at groovy.lang.GroovyShell.runScriptOrMainOrTestOrRunnable(GroovyShell.java:263)
	at groovy.lang.GroovyShell.run(GroovyShell.java:518)
	at groovy.lang.GroovyShell.run(GroovyShell.java:507)
	at groovy.ui.GroovyMain.processOnce(GroovyMain.java:653)
	at groovy.ui.GroovyMain.run(GroovyMain.java:384)
	at groovy.ui.GroovyMain.process(GroovyMain.java:370)
	at groovy.ui.GroovyMain.processArgs(GroovyMain.java:129)
	at groovy.ui.GroovyMain.main(GroovyMain.java:109)
	at sun.reflect.NativeMethodAccessorImpl.invoke0(Native Method)
	at sun.reflect.NativeMethodAccessorImpl.invoke(NativeMethodAccessorImpl.java:62)
	at sun.reflect.DelegatingMethodAccessorImpl.invoke(DelegatingMethodAccessorImpl.java:43)
	at java.lang.reflect.Method.invoke(Method.java:498)
	at org.codehaus.groovy.tools.GroovyStarter.rootLoader(GroovyStarter.java:109)
	at org.codehaus.groovy.tools.GroovyStarter.main(GroovyStarter.java:131)
)

2018-10-19 12:46:04 - [TEST_STEP][NOT_RUN] - callTestCase: NOT_RUN: callTestCase

2018-10-19 12:46:04 - [MESSAGE][NOT_RUN] - NOT_RUN: callTestCase

2018-10-19 12:46:04 - [TEST_STEP][PASSED] - delay: Delayed 1 second(s)

2018-10-19 12:46:05 - [MESSAGE][PASSED] - Delayed 1 second(s)

2018-10-19 12:46:05 - [TEST_STEP][PASSED] - navigateToUrl: Navigate to 'https://assist2-uat.perkeso.gov.my/c/portal/logout' successfully

2018-10-19 12:46:06 - [MESSAGE][PASSED] - Navigate to 'https://assist2-uat.perkeso.gov.my/c/portal/logout' successfully

2018-10-19 12:46:06 - [TEST_STEP][PASSED] - delay: Delayed 1 second(s)

2018-10-19 12:46:07 - [MESSAGE][PASSED] - Delayed 1 second(s)

2018-10-19 12:46:07 - [TEST_STEP][PASSED] - callTestCase: Call Test Case 'Test Cases/Final Aug 2018 - PKS Automation/Common/Reference Number Getter' successfully

2018-10-19 12:46:07 - [TEST_CASE][PASSED] - Test Cases/Final Aug 2018 - PKS Automation/Common/Reference Number Getter: Test Cases/Final Aug 2018 - PKS Automation/Common/Reference Number Getter

2018-10-19 12:46:07 - [TEST_STEP][PASSED] - Statement - Try: null

2018-10-19 12:46:07 - [TEST_STEP][PASSED] - Statement - RefNo = new java.io.File(C://KatalonReference.txt): null

2018-10-19 12:46:07 - [TEST_STEP][PASSED] - Statement - bufferread = new java.io.BufferedReader(new java.io.FileReader(RefNo)): null

2018-10-19 12:46:07 - [TEST_STEP][PASSED] - Statement - readedVal = bufferread.readLine(): null

2018-10-19 12:46:07 - [TEST_STEP][PASSED] - Statement - out.println(CaseReferenceNo): null

2018-10-19 12:46:07 - [TEST_STEP][PASSED] - Statement - out.println(readedVal): null

2018-10-19 12:46:07 - [TEST_STEP][PASSED] - Statement - CaseReferenceNo = readedVal: null

2018-10-19 12:46:07 - [MESSAGE][PASSED] - Call Test Case 'Test Cases/Final Aug 2018 - PKS Automation/Common/Reference Number Getter' successfully

2018-10-19 12:46:07 - [TEST_STEP][FAILED] - callTestCase: Unable to call Test Case with id 'Test Cases/Final Aug 2018 - PKS Automation/Common/Workflow Owner Finder' (Root cause: Call Test Case 'Test Cases/Final Aug 2018 - PKS Automation/Common/Workflow Owner Finder' failed)

2018-10-19 12:46:07 - [TEST_CASE][FAILED] - Test Cases/Final Aug 2018 - PKS Automation/Common/Workflow Owner Finder: Test Cases/Final Aug 2018 - PKS Automation/Common/Workflow Owner Finder FAILED because (of) (Stack trace: com.kms.katalon.core.exception.StepFailedException: Unable to click on object 'Object Repository/Final Object Repo/Landing Page/Select to Workflow Listing' (Root cause: org.openqa.selenium.ElementNotVisibleException: element not visible
  (Session info: chrome=69.0.3497.100)
  (Driver info: chromedriver=2.35.528161 (5b82f2d2aae0ca24b877009200ced9065a772e73),platform=Windows NT 6.1.7601 SP1 x86_64) (WARNING: The server did not provide any stacktrace information)
Command duration or timeout: 0 milliseconds
Build info: version: '3.7.1', revision: '8a0099a', time: '2017-11-06T21:07:36.161Z'
System info: host: 'WEIZHENG', ip: '192.168.137.1', os.name: 'Windows 7', os.arch: 'amd64', os.version: '6.1', java.version: '1.8.0_181'
Driver info: com.kms.katalon.selenium.driver.CChromeDriver
Capabilities {acceptInsecureCerts: false, acceptSslCerts: false, applicationCacheEnabled: false, browserConnectionEnabled: false, browserName: chrome, chrome: {chromedriverVersion: 2.35.528161 (5b82f2d2aae0ca..., userDataDir: C:\Users\WEIZHE~1\AppData\L...}, cssSelectorsEnabled: true, databaseEnabled: false, handlesAlerts: true, hasTouchScreen: false, javascriptEnabled: true, locationContextEnabled: true, mobileEmulationEnabled: false, nativeEvents: true, networkConnectionEnabled: false, pageLoadStrategy: normal, platform: XP, platformName: XP, rotatable: false, setWindowRect: true, takesHeapSnapshot: true, takesScreenshot: true, unexpectedAlertBehaviour: , unhandledPromptBehavior: , version: 69.0.3497.100, webStorageEnabled: true}
Session ID: 46db1736b45985352049cedf94d5b1e6)
	at com.kms.katalon.core.keyword.internal.KeywordMain.stepFailed(KeywordMain.groovy:32)
	at com.kms.katalon.core.webui.keyword.internal.WebUIKeywordMain.stepFailed(WebUIKeywordMain.groovy:65)
	at com.kms.katalon.core.webui.keyword.internal.WebUIKeywordMain.runKeyword(WebUIKeywordMain.groovy:27)
	at com.kms.katalon.core.webui.keyword.builtin.ClickKeyword.click(ClickKeyword.groovy:86)
	at com.kms.katalon.core.webui.keyword.builtin.ClickKeyword.execute(ClickKeyword.groovy:67)
	at com.kms.katalon.core.keyword.internal.KeywordExecutor.executeKeywordForPlatform(KeywordExecutor.groovy:53)
	at com.kms.katalon.core.webui.keyword.WebUiBuiltInKeywords.click(WebUiBuiltInKeywords.groovy:616)
	at com.kms.katalon.core.webui.keyword.WebUiBuiltInKeywords$click$2.call(Unknown Source)
	at Script1534407542420.run(Script1534407542420.groovy:73)
	at com.kms.katalon.core.main.ScriptEngine.run(ScriptEngine.java:183)
	at com.kms.katalon.core.main.ScriptEngine.runScriptAsRawText(ScriptEngine.java:108)
	at com.kms.katalon.core.main.TestCaseExecutor.runScript(TestCaseExecutor.java:294)
	at com.kms.katalon.core.main.TestCaseExecutor.doExecute(TestCaseExecutor.java:285)
	at com.kms.katalon.core.main.TestCaseExecutor.processExecutionPhase(TestCaseExecutor.java:264)
	at com.kms.katalon.core.main.TestCaseExecutor.accessMainPhase(TestCaseExecutor.java:256)
	at com.kms.katalon.core.main.TestCaseExecutor.execute(TestCaseExecutor.java:200)
	at com.kms.katalon.core.main.TestCaseMain.runTestCase(TestCaseMain.java:99)
	at com.kms.katalon.core.keyword.builtin.CallTestCaseKeyword$_callTestCase_closure1.doCall(CallTestCaseKeyword.groovy:60)
	at com.kms.katalon.core.keyword.builtin.CallTestCaseKeyword$_callTestCase_closure1.call(CallTestCaseKeyword.groovy)
	at com.kms.katalon.core.keyword.internal.KeywordMain.runKeyword(KeywordMain.groovy:54)
	at com.kms.katalon.core.keyword.builtin.CallTestCaseKeyword.callTestCase(CallTestCaseKeyword.groovy:81)
	at com.kms.katalon.core.keyword.builtin.CallTestCaseKeyword.execute(CallTestCaseKeyword.groovy:45)
	at com.kms.katalon.core.keyword.internal.KeywordExecutor.executeKeywordForPlatform(KeywordExecutor.groovy:53)
	at com.kms.katalon.core.keyword.BuiltinKeywords.callTestCase(BuiltinKeywords.groovy:334)
	at sun.reflect.GeneratedMethodAccessor13.invoke(Unknown Source)
	at sun.reflect.DelegatingMethodAccessorImpl.invoke(DelegatingMethodAccessorImpl.java:43)
	at java.lang.reflect.Method.invoke(Method.java:498)
	at org.codehaus.groovy.reflection.CachedMethod.invoke(CachedMethod.java:93)
	at groovy.lang.MetaMethod.doMethodInvoke(MetaMethod.java:325)
	at groovy.lang.MetaClassImpl.invokeStaticMethod(MetaClassImpl.java:1469)
	at org.codehaus.groovy.runtime.callsite.StaticMetaClassSite.call(StaticMetaClassSite.java:53)
	at org.codehaus.groovy.runtime.callsite.AbstractCallSite.call(AbstractCallSite.java:141)
	at Script1536137459454.run(Script1536137459454.groovy:34)
	at com.kms.katalon.core.main.ScriptEngine.run(ScriptEngine.java:183)
	at com.kms.katalon.core.main.ScriptEngine.runScriptAsRawText(ScriptEngine.java:108)
	at com.kms.katalon.core.main.TestCaseExecutor.runScript(TestCaseExecutor.java:294)
	at com.kms.katalon.core.main.TestCaseExecutor.doExecute(TestCaseExecutor.java:285)
	at com.kms.katalon.core.main.TestCaseExecutor.processExecutionPhase(TestCaseExecutor.java:264)
	at com.kms.katalon.core.main.TestCaseExecutor.accessMainPhase(TestCaseExecutor.java:256)
	at com.kms.katalon.core.main.TestCaseExecutor.execute(TestCaseExecutor.java:200)
	at com.kms.katalon.core.main.TestCaseMain.runTestCase(TestCaseMain.java:99)
	at com.kms.katalon.core.keyword.builtin.CallTestCaseKeyword$_callTestCase_closure1.doCall(CallTestCaseKeyword.groovy:60)
	at com.kms.katalon.core.keyword.builtin.CallTestCaseKeyword$_callTestCase_closure1.call(CallTestCaseKeyword.groovy)
	at com.kms.katalon.core.keyword.internal.KeywordMain.runKeyword(KeywordMain.groovy:54)
	at com.kms.katalon.core.keyword.builtin.CallTestCaseKeyword.callTestCase(CallTestCaseKeyword.groovy:81)
	at com.kms.katalon.core.keyword.builtin.CallTestCaseKeyword.execute(CallTestCaseKeyword.groovy:45)
	at com.kms.katalon.core.keyword.internal.KeywordExecutor.executeKeywordForPlatform(KeywordExecutor.groovy:53)
	at com.kms.katalon.core.keyword.BuiltinKeywords.callTestCase(BuiltinKeywords.groovy:334)
	at sun.reflect.GeneratedMethodAccessor13.invoke(Unknown Source)
	at sun.reflect.DelegatingMethodAccessorImpl.invoke(DelegatingMethodAccessorImpl.java:43)
	at java.lang.reflect.Method.invoke(Method.java:498)
	at org.codehaus.groovy.reflection.CachedMethod.invoke(CachedMethod.java:93)
	at groovy.lang.MetaMethod.doMethodInvoke(MetaMethod.java:325)
	at groovy.lang.MetaClassImpl.invokeStaticMethod(MetaClassImpl.java:1469)
	at org.codehaus.groovy.runtime.callsite.StaticMetaClassSite.call(StaticMetaClassSite.java:53)
	at org.codehaus.groovy.runtime.callsite.CallSiteArray.defaultCall(CallSiteArray.java:48)
	at org.codehaus.groovy.runtime.callsite.AbstractCallSite.call(AbstractCallSite.java:113)
	at org.codehaus.groovy.runtime.callsite.AbstractCallSite.call(AbstractCallSite.java:141)
	at Script1536138881588.run(Script1536138881588.groovy:25)
	at com.kms.katalon.core.main.ScriptEngine.run(ScriptEngine.java:183)
	at com.kms.katalon.core.main.ScriptEngine.runScriptAsRawText(ScriptEngine.java:108)
	at com.kms.katalon.core.main.TestCaseExecutor.runScript(TestCaseExecutor.java:294)
	at com.kms.katalon.core.main.TestCaseExecutor.doExecute(TestCaseExecutor.java:285)
	at com.kms.katalon.core.main.TestCaseExecutor.processExecutionPhase(TestCaseExecutor.java:264)
	at com.kms.katalon.core.main.TestCaseExecutor.accessMainPhase(TestCaseExecutor.java:256)
	at com.kms.katalon.core.main.TestCaseExecutor.execute(TestCaseExecutor.java:200)
	at com.kms.katalon.core.main.TestSuiteExecutor.accessTestCaseMainPhase(TestSuiteExecutor.java:129)
	at com.kms.katalon.core.main.TestSuiteExecutor.accessTestSuiteMainPhase(TestSuiteExecutor.java:112)
	at com.kms.katalon.core.main.TestSuiteExecutor.execute(TestSuiteExecutor.java:81)
	at com.kms.katalon.core.main.TestCaseMain.startTestSuite(TestCaseMain.java:142)
	at com.kms.katalon.core.main.TestCaseMain$startTestSuite$0.call(Unknown Source)
	at org.codehaus.groovy.runtime.callsite.CallSiteArray.defaultCall(CallSiteArray.java:48)
	at org.codehaus.groovy.runtime.callsite.AbstractCallSite.call(AbstractCallSite.java:113)
	at org.codehaus.groovy.runtime.callsite.AbstractCallSite.call(AbstractCallSite.java:141)
	at TempTestSuite1539913255508.run(TempTestSuite1539913255508.groovy:36)
	at groovy.lang.GroovyShell.runScriptOrMainOrTestOrRunnable(GroovyShell.java:263)
	at groovy.lang.GroovyShell.run(GroovyShell.java:518)
	at groovy.lang.GroovyShell.run(GroovyShell.java:507)
	at groovy.ui.GroovyMain.processOnce(GroovyMain.java:653)
	at groovy.ui.GroovyMain.run(GroovyMain.java:384)
	at groovy.ui.GroovyMain.process(GroovyMain.java:370)
	at groovy.ui.GroovyMain.processArgs(GroovyMain.java:129)
	at groovy.ui.GroovyMain.main(GroovyMain.java:109)
	at sun.reflect.NativeMethodAccessorImpl.invoke0(Native Method)
	at sun.reflect.NativeMethodAccessorImpl.invoke(NativeMethodAccessorImpl.java:62)
	at sun.reflect.DelegatingMethodAccessorImpl.invoke(DelegatingMethodAccessorImpl.java:43)
	at java.lang.reflect.Method.invoke(Method.java:498)
	at org.codehaus.groovy.tools.GroovyStarter.rootLoader(GroovyStarter.java:109)
	at org.codehaus.groovy.tools.GroovyStarter.main(GroovyStarter.java:131)
)

2018-10-19 12:46:07 - [TEST_STEP][PASSED] - openBrowser: Browser is opened with url: ''

2018-10-19 12:46:07 - [MESSAGE][WARNING] - A browser is already opened. Closing browser and opening a new one

2018-10-19 12:46:11 - [MESSAGE][PASSED] - Browser is opened with url: ''

2018-10-19 12:46:11 - [TEST_STEP][PASSED] - navigateToUrl: Navigate to 'https://assist2-uat.perkeso.gov.my/login' successfully

2018-10-19 12:46:13 - [MESSAGE][PASSED] - Navigate to 'https://assist2-uat.perkeso.gov.my/login' successfully

2018-10-19 12:46:13 - [TEST_STEP][PASSED] - delay: Delayed 5 second(s)

2018-10-19 12:46:18 - [MESSAGE][PASSED] - Delayed 5 second(s)

2018-10-19 12:46:18 - [TEST_STEP][PASSED] - setText: Text 'test@liferay.com' is set on object 'Object Repository/Final Object Repo/Login Page/Internal User/Email Address'

2018-10-19 12:46:19 - [MESSAGE][PASSED] - Text 'test@liferay.com' is set on object 'Object Repository/Final Object Repo/Login Page/Internal User/Email Address'

2018-10-19 12:46:19 - [TEST_STEP][PASSED] - click: Object: 'Object Repository/Final Object Repo/Login Page/Internal User/Next Button' is clicked on

2018-10-19 12:46:19 - [MESSAGE][PASSED] - Object: 'Object Repository/Final Object Repo/Login Page/Internal User/Next Button' is clicked on

2018-10-19 12:46:19 - [TEST_STEP][PASSED] - delay: Delayed 2 second(s)

2018-10-19 12:46:21 - [MESSAGE][PASSED] - Delayed 2 second(s)

2018-10-19 12:46:21 - [TEST_STEP][PASSED] - setText: Text 'test' is set on object 'Object Repository/Final Object Repo/Login Page/Internal User/Password'

2018-10-19 12:46:21 - [MESSAGE][PASSED] - Text 'test' is set on object 'Object Repository/Final Object Repo/Login Page/Internal User/Password'

2018-10-19 12:46:21 - [TEST_STEP][PASSED] - delay: Delayed 2 second(s)

2018-10-19 12:46:23 - [MESSAGE][PASSED] - Delayed 2 second(s)

2018-10-19 12:46:23 - [TEST_STEP][PASSED] - click: Object: 'Object Repository/Final Object Repo/Login Page/Internal User/Login Button' is clicked on

2018-10-19 12:46:23 - [MESSAGE][PASSED] - Object: 'Object Repository/Final Object Repo/Login Page/Internal User/Login Button' is clicked on

2018-10-19 12:46:23 - [TEST_STEP][PASSED] - Statement - Try: Delayed 2 second(s)

2018-10-19 12:46:23 - [TEST_STEP][PASSED] - Statement - Checker = false: null

2018-10-19 12:46:23 - [TEST_STEP][PASSED] - Statement - Checker = com.kms.katalon.core.webui.keyword.WebUiBuiltInKeywords.verifyElementHasAttribute(com.kms.katalon.core.testobject.ObjectRepository.findTestObject(Final Object Repo/Landing Page/BM Detecting), "href", 20, OPTIONAL): Object 'Object Repository/Final Object Repo/Landing Page/BM Detecting' has attribute 'href'

2018-10-19 12:46:24 - [MESSAGE][PASSED] - Object 'Object Repository/Final Object Repo/Landing Page/BM Detecting' has attribute 'href'

2018-10-19 12:46:24 - [TEST_STEP][PASSED] - Statement - out.println(Checker): null

2018-10-19 12:46:24 - [TEST_STEP][PASSED] - Statement - If (Checker == false): null

2018-10-19 12:46:24 - [TEST_STEP][PASSED] - Statement - Else: null

2018-10-19 12:46:24 - [TEST_STEP][PASSED] - delay: Delayed 2 second(s)

2018-10-19 12:46:26 - [MESSAGE][PASSED] - Delayed 2 second(s)

2018-10-19 12:46:26 - [TEST_STEP][PASSED] - delay: Delayed 3 second(s)

2018-10-19 12:46:29 - [MESSAGE][PASSED] - Delayed 3 second(s)

2018-10-19 12:46:29 - [TEST_STEP][PASSED] - click: Object: 'Object Repository/Final Object Repo/Landing Page/WorkFlow Menu' is clicked on

2018-10-19 12:46:29 - [MESSAGE][PASSED] - Object: 'Object Repository/Final Object Repo/Landing Page/WorkFlow Menu' is clicked on

2018-10-19 12:46:29 - [TEST_STEP][PASSED] - delay: Delayed 2 second(s)

2018-10-19 12:46:31 - [MESSAGE][PASSED] - Delayed 2 second(s)

2018-10-19 12:46:31 - [TEST_STEP][FAILED] - click: Unable to click on object 'Object Repository/Final Object Repo/Landing Page/Select to Workflow Listing' (Root cause: org.openqa.selenium.ElementNotVisibleException: element not visible
  (Session info: chrome=69.0.3497.100)
  (Driver info: chromedriver=2.35.528161 (5b82f2d2aae0ca24b877009200ced9065a772e73),platform=Windows NT 6.1.7601 SP1 x86_64) (WARNING: The server did not provide any stacktrace information)
Command duration or timeout: 0 milliseconds
Build info: version: '3.7.1', revision: '8a0099a', time: '2017-11-06T21:07:36.161Z'
System info: host: 'WEIZHENG', ip: '192.168.137.1', os.name: 'Windows 7', os.arch: 'amd64', os.version: '6.1', java.version: '1.8.0_181'
Driver info: com.kms.katalon.selenium.driver.CChromeDriver
Capabilities {acceptInsecureCerts: false, acceptSslCerts: false, applicationCacheEnabled: false, browserConnectionEnabled: false, browserName: chrome, chrome: {chromedriverVersion: 2.35.528161 (5b82f2d2aae0ca..., userDataDir: C:\Users\WEIZHE~1\AppData\L...}, cssSelectorsEnabled: true, databaseEnabled: false, handlesAlerts: true, hasTouchScreen: false, javascriptEnabled: true, locationContextEnabled: true, mobileEmulationEnabled: false, nativeEvents: true, networkConnectionEnabled: false, pageLoadStrategy: normal, platform: XP, platformName: XP, rotatable: false, setWindowRect: true, takesHeapSnapshot: true, takesScreenshot: true, unexpectedAlertBehaviour: , unhandledPromptBehavior: , version: 69.0.3497.100, webStorageEnabled: true}
Session ID: 46db1736b45985352049cedf94d5b1e6)

2018-10-19 12:46:31 - [MESSAGE][FAILED] - Unable to click on object 'Object Repository/Final Object Repo/Landing Page/Select to Workflow Listing' (Root cause: org.openqa.selenium.ElementNotVisibleException: element not visible
  (Session info: chrome=69.0.3497.100)
  (Driver info: chromedriver=2.35.528161 (5b82f2d2aae0ca24b877009200ced9065a772e73),platform=Windows NT 6.1.7601 SP1 x86_64) (WARNING: The server did not provide any stacktrace information)
Command duration or timeout: 0 milliseconds
Build info: version: '3.7.1', revision: '8a0099a', time: '2017-11-06T21:07:36.161Z'
System info: host: 'WEIZHENG', ip: '192.168.137.1', os.name: 'Windows 7', os.arch: 'amd64', os.version: '6.1', java.version: '1.8.0_181'
Driver info: com.kms.katalon.selenium.driver.CChromeDriver
Capabilities {acceptInsecureCerts: false, acceptSslCerts: false, applicationCacheEnabled: false, browserConnectionEnabled: false, browserName: chrome, chrome: {chromedriverVersion: 2.35.528161 (5b82f2d2aae0ca..., userDataDir: C:\Users\WEIZHE~1\AppData\L...}, cssSelectorsEnabled: true, databaseEnabled: false, handlesAlerts: true, hasTouchScreen: false, javascriptEnabled: true, locationContextEnabled: true, mobileEmulationEnabled: false, nativeEvents: true, networkConnectionEnabled: false, pageLoadStrategy: normal, platform: XP, platformName: XP, rotatable: false, setWindowRect: true, takesHeapSnapshot: true, takesScreenshot: true, unexpectedAlertBehaviour: , unhandledPromptBehavior: , version: 69.0.3497.100, webStorageEnabled: true}
Session ID: 46db1736b45985352049cedf94d5b1e6)
[[ATTACHMENT|C:\\Users\\LENOVO\\Katalon Studio\\Perkeso Phase A\\Reports\\Workflow\\Form 1A - Cessation as Employer\\20181019_094055\\1539924391317.png]]

2018-10-19 12:46:31 - [TEST_STEP][PASSED] - delay: Delayed 2 second(s)

2018-10-19 12:46:33 - [MESSAGE][PASSED] - Delayed 2 second(s)

2018-10-19 12:46:33 - [TEST_STEP][FAILED] - click: Unable to click on object 'Object Repository/Final Object Repo/WorkFlow Listing Page/Search Information - To Put Ref No' (Root cause: com.kms.katalon.core.webui.exception.WebElementNotFoundException: Web element with id: 'Object Repository/Final Object Repo/WorkFlow Listing Page/Search Information - To Put Ref No' located by 'By.xpath: //h2[@data-target = '#_workflowlisting_WAR_baseportlet_searchDiv' and (text() = 'Search Information' or . = 'Search Information')]' not found)

2018-10-19 12:48:43 - [MESSAGE][FAILED] - Unable to click on object 'Object Repository/Final Object Repo/WorkFlow Listing Page/Search Information - To Put Ref No' (Root cause: com.kms.katalon.core.webui.exception.WebElementNotFoundException: Web element with id: 'Object Repository/Final Object Repo/WorkFlow Listing Page/Search Information - To Put Ref No' located by 'By.xpath: //h2[@data-target = '#_workflowlisting_WAR_baseportlet_searchDiv' and (text() = 'Search Information' or . = 'Search Information')]' not found)
[[ATTACHMENT|C:\\Users\\LENOVO\\Katalon Studio\\Perkeso Phase A\\Reports\\Workflow\\Form 1A - Cessation as Employer\\20181019_094055\\1539924523374.png]]

2018-10-19 12:48:43 - [TEST_STEP][PASSED] - delay: Delayed 2 second(s)

2018-10-19 12:48:45 - [MESSAGE][PASSED] - Delayed 2 second(s)

2018-10-19 12:48:45 - [TEST_STEP][PASSED] - callTestCase: Call Test Case 'Test Cases/Final Aug 2018 - PKS Automation/Common/Reference Number Getter' successfully

2018-10-19 12:48:45 - [TEST_CASE][PASSED] - Test Cases/Final Aug 2018 - PKS Automation/Common/Reference Number Getter: Test Cases/Final Aug 2018 - PKS Automation/Common/Reference Number Getter

2018-10-19 12:48:45 - [TEST_STEP][PASSED] - Statement - Try: null

2018-10-19 12:48:45 - [TEST_STEP][PASSED] - Statement - RefNo = new java.io.File(C://KatalonReference.txt): null

2018-10-19 12:48:45 - [TEST_STEP][PASSED] - Statement - bufferread = new java.io.BufferedReader(new java.io.FileReader(RefNo)): null

2018-10-19 12:48:45 - [TEST_STEP][PASSED] - Statement - readedVal = bufferread.readLine(): null

2018-10-19 12:48:45 - [TEST_STEP][PASSED] - Statement - out.println(CaseReferenceNo): null

2018-10-19 12:48:45 - [TEST_STEP][PASSED] - Statement - out.println(readedVal): null

2018-10-19 12:48:45 - [TEST_STEP][PASSED] - Statement - CaseReferenceNo = readedVal: null

2018-10-19 12:48:45 - [MESSAGE][PASSED] - Call Test Case 'Test Cases/Final Aug 2018 - PKS Automation/Common/Reference Number Getter' successfully

2018-10-19 12:48:45 - [TEST_STEP][FAILED] - setText: Unable to set text 'CUN102018C200001430CUN102018C200001431CUN102018C200001432' of object 'Object Repository/Final Object Repo/WorkFlow Listing Page/Ref No Set Text' (Root cause: com.kms.katalon.core.webui.exception.WebElementNotFoundException: Web element with id: 'Object Repository/Final Object Repo/WorkFlow Listing Page/Ref No Set Text' located by 'By.xpath: //input[@id = '_workflowlisting_WAR_baseportlet_dto.trxReferenceNum' and @name = '_workflowlisting_WAR_baseportlet_dto.trxReferenceNum' and @type = 'text']' not found)

2018-10-19 12:50:56 - [MESSAGE][FAILED] - Unable to set text 'CUN102018C200001430CUN102018C200001431CUN102018C200001432' of object 'Object Repository/Final Object Repo/WorkFlow Listing Page/Ref No Set Text' (Root cause: com.kms.katalon.core.webui.exception.WebElementNotFoundException: Web element with id: 'Object Repository/Final Object Repo/WorkFlow Listing Page/Ref No Set Text' located by 'By.xpath: //input[@id = '_workflowlisting_WAR_baseportlet_dto.trxReferenceNum' and @name = '_workflowlisting_WAR_baseportlet_dto.trxReferenceNum' and @type = 'text']' not found)
[[ATTACHMENT|C:\\Users\\LENOVO\\Katalon Studio\\Perkeso Phase A\\Reports\\Workflow\\Form 1A - Cessation as Employer\\20181019_094055\\1539924655962.png]]

2018-10-19 12:50:56 - [TEST_STEP][PASSED] - delay: Delayed 2 second(s)

2018-10-19 12:50:58 - [MESSAGE][PASSED] - Delayed 2 second(s)

2018-10-19 12:50:58 - [TEST_STEP][FAILED] - click: Unable to click on object 'Object Repository/Final Object Repo/WorkFlow Listing Page/Search Ref No Search Button' (Root cause: org.openqa.selenium.ElementNotVisibleException: element not visible
  (Session info: chrome=69.0.3497.100)
  (Driver info: chromedriver=2.35.528161 (5b82f2d2aae0ca24b877009200ced9065a772e73),platform=Windows NT 6.1.7601 SP1 x86_64) (WARNING: The server did not provide any stacktrace information)
Command duration or timeout: 0 milliseconds
Build info: version: '3.7.1', revision: '8a0099a', time: '2017-11-06T21:07:36.161Z'
System info: host: 'WEIZHENG', ip: '192.168.137.1', os.name: 'Windows 7', os.arch: 'amd64', os.version: '6.1', java.version: '1.8.0_181'
Driver info: com.kms.katalon.selenium.driver.CChromeDriver
Capabilities {acceptInsecureCerts: false, acceptSslCerts: false, applicationCacheEnabled: false, browserConnectionEnabled: false, browserName: chrome, chrome: {chromedriverVersion: 2.35.528161 (5b82f2d2aae0ca..., userDataDir: C:\Users\WEIZHE~1\AppData\L...}, cssSelectorsEnabled: true, databaseEnabled: false, handlesAlerts: true, hasTouchScreen: false, javascriptEnabled: true, locationContextEnabled: true, mobileEmulationEnabled: false, nativeEvents: true, networkConnectionEnabled: false, pageLoadStrategy: normal, platform: XP, platformName: XP, rotatable: false, setWindowRect: true, takesHeapSnapshot: true, takesScreenshot: true, unexpectedAlertBehaviour: , unhandledPromptBehavior: , version: 69.0.3497.100, webStorageEnabled: true}
Session ID: 46db1736b45985352049cedf94d5b1e6)

2018-10-19 12:50:58 - [MESSAGE][FAILED] - Unable to click on object 'Object Repository/Final Object Repo/WorkFlow Listing Page/Search Ref No Search Button' (Root cause: org.openqa.selenium.ElementNotVisibleException: element not visible
  (Session info: chrome=69.0.3497.100)
  (Driver info: chromedriver=2.35.528161 (5b82f2d2aae0ca24b877009200ced9065a772e73),platform=Windows NT 6.1.7601 SP1 x86_64) (WARNING: The server did not provide any stacktrace information)
Command duration or timeout: 0 milliseconds
Build info: version: '3.7.1', revision: '8a0099a', time: '2017-11-06T21:07:36.161Z'
System info: host: 'WEIZHENG', ip: '192.168.137.1', os.name: 'Windows 7', os.arch: 'amd64', os.version: '6.1', java.version: '1.8.0_181'
Driver info: com.kms.katalon.selenium.driver.CChromeDriver
Capabilities {acceptInsecureCerts: false, acceptSslCerts: false, applicationCacheEnabled: false, browserConnectionEnabled: false, browserName: chrome, chrome: {chromedriverVersion: 2.35.528161 (5b82f2d2aae0ca..., userDataDir: C:\Users\WEIZHE~1\AppData\L...}, cssSelectorsEnabled: true, databaseEnabled: false, handlesAlerts: true, hasTouchScreen: false, javascriptEnabled: true, locationContextEnabled: true, mobileEmulationEnabled: false, nativeEvents: true, networkConnectionEnabled: false, pageLoadStrategy: normal, platform: XP, platformName: XP, rotatable: false, setWindowRect: true, takesHeapSnapshot: true, takesScreenshot: true, unexpectedAlertBehaviour: , unhandledPromptBehavior: , version: 69.0.3497.100, webStorageEnabled: true}
Session ID: 46db1736b45985352049cedf94d5b1e6)
[[ATTACHMENT|C:\\Users\\LENOVO\\Katalon Studio\\Perkeso Phase A\\Reports\\Workflow\\Form 1A - Cessation as Employer\\20181019_094055\\1539924658375.png]]

2018-10-19 12:50:58 - [TEST_STEP][PASSED] - delay: Delayed 4 second(s)

2018-10-19 12:51:02 - [MESSAGE][PASSED] - Delayed 4 second(s)

2018-10-19 12:51:02 - [TEST_STEP][PASSED] - click: Object: 'Object Repository/Final Object Repo/WorkFlow Listing Page/Click Continue Tooltip' is clicked on

2018-10-19 12:51:04 - [MESSAGE][PASSED] - Object: 'Object Repository/Final Object Repo/WorkFlow Listing Page/Click Continue Tooltip' is clicked on

2018-10-19 12:51:04 - [TEST_STEP][PASSED] - delay: Delayed 5 second(s)

2018-10-19 12:51:09 - [MESSAGE][PASSED] - Delayed 5 second(s)

2018-10-19 12:51:09 - [TEST_STEP][FAILED] - doubleClick: Unable to double click on object 'Object Repository/Final Object Repo/WorkFlow Listing Page/Workflow Found - Listing 1' (Root cause: com.kms.katalon.core.webui.exception.WebElementNotFoundException: Web element with id: 'Object Repository/Final Object Repo/WorkFlow Listing Page/Workflow Found - Listing 1' located by 'By.xpath: //body/div/div/div/div/div/div/div/div/div/div/div/div/div/div/div/div/table/tbody/tr/td[@class='table-cell  first']/following-sibling::td[1]' not found)

2018-10-19 12:53:19 - [MESSAGE][FAILED] - Unable to double click on object 'Object Repository/Final Object Repo/WorkFlow Listing Page/Workflow Found - Listing 1' (Root cause: com.kms.katalon.core.webui.exception.WebElementNotFoundException: Web element with id: 'Object Repository/Final Object Repo/WorkFlow Listing Page/Workflow Found - Listing 1' located by 'By.xpath: //body/div/div/div/div/div/div/div/div/div/div/div/div/div/div/div/div/table/tbody/tr/td[@class='table-cell  first']/following-sibling::td[1]' not found)
[[ATTACHMENT|C:\\Users\\LENOVO\\Katalon Studio\\Perkeso Phase A\\Reports\\Workflow\\Form 1A - Cessation as Employer\\20181019_094055\\1539924798724.png]]

2018-10-19 12:53:19 - [MESSAGE][FAILED] - Unable to call Test Case with id 'Test Cases/Final Aug 2018 - PKS Automation/Common/Workflow Owner Finder' (Root cause: Call Test Case 'Test Cases/Final Aug 2018 - PKS Automation/Common/Workflow Owner Finder' failed)

2018-10-19 12:53:19 - [MESSAGE][FAILED] - Unable to call Test Case with id 'Test Cases/Final Aug 2018 - PKS Automation/Registration Module/Workflow/Form 1A - Cessation As Employer/Template/Form 1 A - Cessation As Employer (Approve)' (Root cause: Call Test Case 'Test Cases/Final Aug 2018 - PKS Automation/Registration Module/Workflow/Form 1A - Cessation As Employer/Template/Form 1 A - Cessation As Employer (Approve)' failed)]]></system-out>
         <system-err><![CDATA[2018-10-19 12:44:51 - [TEST_CASE][FAILED] - Test Cases/Final Aug 2018 - PKS Automation/Registration Module/Workflow/Form 1A - Cessation As Employer/PKRBO to UO (Approve): Test Cases/Final Aug 2018 - PKS Automation/Registration Module/Workflow/Form 1A - Cessation As Employer/PKRBO to UO (Approve) FAILED because (of) (Stack trace: com.kms.katalon.core.exception.StepFailedException: Unable to click on object 'Object Repository/Final Object Repo/Landing Page/Select to Workflow Listing' (Root cause: org.openqa.selenium.ElementNotVisibleException: element not visible
  (Session info: chrome=69.0.3497.100)
  (Driver info: chromedriver=2.35.528161 (5b82f2d2aae0ca24b877009200ced9065a772e73),platform=Windows NT 6.1.7601 SP1 x86_64) (WARNING: The server did not provide any stacktrace information)
Command duration or timeout: 0 milliseconds
Build info: version: '3.7.1', revision: '8a0099a', time: '2017-11-06T21:07:36.161Z'
System info: host: 'WEIZHENG', ip: '192.168.137.1', os.name: 'Windows 7', os.arch: 'amd64', os.version: '6.1', java.version: '1.8.0_181'
Driver info: com.kms.katalon.selenium.driver.CChromeDriver
Capabilities {acceptInsecureCerts: false, acceptSslCerts: false, applicationCacheEnabled: false, browserConnectionEnabled: false, browserName: chrome, chrome: {chromedriverVersion: 2.35.528161 (5b82f2d2aae0ca..., userDataDir: C:\Users\WEIZHE~1\AppData\L...}, cssSelectorsEnabled: true, databaseEnabled: false, handlesAlerts: true, hasTouchScreen: false, javascriptEnabled: true, locationContextEnabled: true, mobileEmulationEnabled: false, nativeEvents: true, networkConnectionEnabled: false, pageLoadStrategy: normal, platform: XP, platformName: XP, rotatable: false, setWindowRect: true, takesHeapSnapshot: true, takesScreenshot: true, unexpectedAlertBehaviour: , unhandledPromptBehavior: , version: 69.0.3497.100, webStorageEnabled: true}
Session ID: 46db1736b45985352049cedf94d5b1e6)
	at com.kms.katalon.core.keyword.internal.KeywordMain.stepFailed(KeywordMain.groovy:32)
	at com.kms.katalon.core.webui.keyword.internal.WebUIKeywordMain.stepFailed(WebUIKeywordMain.groovy:65)
	at com.kms.katalon.core.webui.keyword.internal.WebUIKeywordMain.runKeyword(WebUIKeywordMain.groovy:27)
	at com.kms.katalon.core.webui.keyword.builtin.ClickKeyword.click(ClickKeyword.groovy:86)
	at com.kms.katalon.core.webui.keyword.builtin.ClickKeyword.execute(ClickKeyword.groovy:67)
	at com.kms.katalon.core.keyword.internal.KeywordExecutor.executeKeywordForPlatform(KeywordExecutor.groovy:53)
	at com.kms.katalon.core.webui.keyword.WebUiBuiltInKeywords.click(WebUiBuiltInKeywords.groovy:616)
	at com.kms.katalon.core.webui.keyword.WebUiBuiltInKeywords$click$2.call(Unknown Source)
	at Script1534407542420.run(Script1534407542420.groovy:73)
	at com.kms.katalon.core.main.ScriptEngine.run(ScriptEngine.java:183)
	at com.kms.katalon.core.main.ScriptEngine.runScriptAsRawText(ScriptEngine.java:108)
	at com.kms.katalon.core.main.TestCaseExecutor.runScript(TestCaseExecutor.java:294)
	at com.kms.katalon.core.main.TestCaseExecutor.doExecute(TestCaseExecutor.java:285)
	at com.kms.katalon.core.main.TestCaseExecutor.processExecutionPhase(TestCaseExecutor.java:264)
	at com.kms.katalon.core.main.TestCaseExecutor.accessMainPhase(TestCaseExecutor.java:256)
	at com.kms.katalon.core.main.TestCaseExecutor.execute(TestCaseExecutor.java:200)
	at com.kms.katalon.core.main.TestCaseMain.runTestCase(TestCaseMain.java:99)
	at com.kms.katalon.core.keyword.builtin.CallTestCaseKeyword$_callTestCase_closure1.doCall(CallTestCaseKeyword.groovy:60)
	at com.kms.katalon.core.keyword.builtin.CallTestCaseKeyword$_callTestCase_closure1.call(CallTestCaseKeyword.groovy)
	at com.kms.katalon.core.keyword.internal.KeywordMain.runKeyword(KeywordMain.groovy:54)
	at com.kms.katalon.core.keyword.builtin.CallTestCaseKeyword.callTestCase(CallTestCaseKeyword.groovy:81)
	at com.kms.katalon.core.keyword.builtin.CallTestCaseKeyword.execute(CallTestCaseKeyword.groovy:45)
	at com.kms.katalon.core.keyword.internal.KeywordExecutor.executeKeywordForPlatform(KeywordExecutor.groovy:53)
	at com.kms.katalon.core.keyword.BuiltinKeywords.callTestCase(BuiltinKeywords.groovy:334)
	at sun.reflect.GeneratedMethodAccessor13.invoke(Unknown Source)
	at sun.reflect.DelegatingMethodAccessorImpl.invoke(DelegatingMethodAccessorImpl.java:43)
	at java.lang.reflect.Method.invoke(Method.java:498)
	at org.codehaus.groovy.reflection.CachedMethod.invoke(CachedMethod.java:93)
	at groovy.lang.MetaMethod.doMethodInvoke(MetaMethod.java:325)
	at groovy.lang.MetaClassImpl.invokeStaticMethod(MetaClassImpl.java:1469)
	at org.codehaus.groovy.runtime.callsite.StaticMetaClassSite.call(StaticMetaClassSite.java:53)
	at org.codehaus.groovy.runtime.callsite.AbstractCallSite.call(AbstractCallSite.java:141)
	at Script1536137459454.run(Script1536137459454.groovy:34)
	at com.kms.katalon.core.main.ScriptEngine.run(ScriptEngine.java:183)
	at com.kms.katalon.core.main.ScriptEngine.runScriptAsRawText(ScriptEngine.java:108)
	at com.kms.katalon.core.main.TestCaseExecutor.runScript(TestCaseExecutor.java:294)
	at com.kms.katalon.core.main.TestCaseExecutor.doExecute(TestCaseExecutor.java:285)
	at com.kms.katalon.core.main.TestCaseExecutor.processExecutionPhase(TestCaseExecutor.java:264)
	at com.kms.katalon.core.main.TestCaseExecutor.accessMainPhase(TestCaseExecutor.java:256)
	at com.kms.katalon.core.main.TestCaseExecutor.execute(TestCaseExecutor.java:200)
	at com.kms.katalon.core.main.TestCaseMain.runTestCase(TestCaseMain.java:99)
	at com.kms.katalon.core.keyword.builtin.CallTestCaseKeyword$_callTestCase_closure1.doCall(CallTestCaseKeyword.groovy:60)
	at com.kms.katalon.core.keyword.builtin.CallTestCaseKeyword$_callTestCase_closure1.call(CallTestCaseKeyword.groovy)
	at com.kms.katalon.core.keyword.internal.KeywordMain.runKeyword(KeywordMain.groovy:54)
	at com.kms.katalon.core.keyword.builtin.CallTestCaseKeyword.callTestCase(CallTestCaseKeyword.groovy:81)
	at com.kms.katalon.core.keyword.builtin.CallTestCaseKeyword.execute(CallTestCaseKeyword.groovy:45)
	at com.kms.katalon.core.keyword.internal.KeywordExecutor.executeKeywordForPlatform(KeywordExecutor.groovy:53)
	at com.kms.katalon.core.keyword.BuiltinKeywords.callTestCase(BuiltinKeywords.groovy:334)
	at sun.reflect.GeneratedMethodAccessor13.invoke(Unknown Source)
	at sun.reflect.DelegatingMethodAccessorImpl.invoke(DelegatingMethodAccessorImpl.java:43)
	at java.lang.reflect.Method.invoke(Method.java:498)
	at org.codehaus.groovy.reflection.CachedMethod.invoke(CachedMethod.java:93)
	at groovy.lang.MetaMethod.doMethodInvoke(MetaMethod.java:325)
	at groovy.lang.MetaClassImpl.invokeStaticMethod(MetaClassImpl.java:1469)
	at org.codehaus.groovy.runtime.callsite.StaticMetaClassSite.call(StaticMetaClassSite.java:53)
	at org.codehaus.groovy.runtime.callsite.CallSiteArray.defaultCall(CallSiteArray.java:48)
	at org.codehaus.groovy.runtime.callsite.AbstractCallSite.call(AbstractCallSite.java:113)
	at org.codehaus.groovy.runtime.callsite.AbstractCallSite.call(AbstractCallSite.java:141)
	at Script1536138881588.run(Script1536138881588.groovy:25)
	at com.kms.katalon.core.main.ScriptEngine.run(ScriptEngine.java:183)
	at com.kms.katalon.core.main.ScriptEngine.runScriptAsRawText(ScriptEngine.java:108)
	at com.kms.katalon.core.main.TestCaseExecutor.runScript(TestCaseExecutor.java:294)
	at com.kms.katalon.core.main.TestCaseExecutor.doExecute(TestCaseExecutor.java:285)
	at com.kms.katalon.core.main.TestCaseExecutor.processExecutionPhase(TestCaseExecutor.java:264)
	at com.kms.katalon.core.main.TestCaseExecutor.accessMainPhase(TestCaseExecutor.java:256)
	at com.kms.katalon.core.main.TestCaseExecutor.execute(TestCaseExecutor.java:200)
	at com.kms.katalon.core.main.TestSuiteExecutor.accessTestCaseMainPhase(TestSuiteExecutor.java:129)
	at com.kms.katalon.core.main.TestSuiteExecutor.accessTestSuiteMainPhase(TestSuiteExecutor.java:112)
	at com.kms.katalon.core.main.TestSuiteExecutor.execute(TestSuiteExecutor.java:81)
	at com.kms.katalon.core.main.TestCaseMain.startTestSuite(TestCaseMain.java:142)
	at com.kms.katalon.core.main.TestCaseMain$startTestSuite$0.call(Unknown Source)
	at org.codehaus.groovy.runtime.callsite.CallSiteArray.defaultCall(CallSiteArray.java:48)
	at org.codehaus.groovy.runtime.callsite.AbstractCallSite.call(AbstractCallSite.java:113)
	at org.codehaus.groovy.runtime.callsite.AbstractCallSite.call(AbstractCallSite.java:141)
	at TempTestSuite1539913255508.run(TempTestSuite1539913255508.groovy:36)
	at groovy.lang.GroovyShell.runScriptOrMainOrTestOrRunnable(GroovyShell.java:263)
	at groovy.lang.GroovyShell.run(GroovyShell.java:518)
	at groovy.lang.GroovyShell.run(GroovyShell.java:507)
	at groovy.ui.GroovyMain.processOnce(GroovyMain.java:653)
	at groovy.ui.GroovyMain.run(GroovyMain.java:384)
	at groovy.ui.GroovyMain.process(GroovyMain.java:370)
	at groovy.ui.GroovyMain.processArgs(GroovyMain.java:129)
	at groovy.ui.GroovyMain.main(GroovyMain.java:109)
	at sun.reflect.NativeMethodAccessorImpl.invoke0(Native Method)
	at sun.reflect.NativeMethodAccessorImpl.invoke(NativeMethodAccessorImpl.java:62)
	at sun.reflect.DelegatingMethodAccessorImpl.invoke(DelegatingMethodAccessorImpl.java:43)
	at java.lang.reflect.Method.invoke(Method.java:498)
	at org.codehaus.groovy.tools.GroovyStarter.rootLoader(GroovyStarter.java:109)
	at org.codehaus.groovy.tools.GroovyStarter.main(GroovyStarter.java:131)
)]]></system-err>
      </testcase>
      <testcase name="Test Cases/Final Aug 2018 - PKS Automation/Registration Module/Workflow/Form 1A - Cessation As Employer/PKRBO to UO (Query)" classname="Test Cases/Final Aug 2018 - PKS Automation/Registration Module/Workflow/Form 1A - Cessation As Employer/PKRBO to UO (Query)" status="FAILED">
         <failure type="FAILED" message="(Stack trace: com.kms.katalon.core.exception.StepFailedException: Unable to click on object 'Object Repository/Final Object Repo/Landing Page/Select to English' (Root cause: com.kms.katalon.core.webui.exception.WebElementNotFoundException: Web element with id: 'Object Repository/Final Object Repo/Landing Page/Select to English' located by 'By.xpath: //a[@class = 'taglib-language-list-text' and @lang = 'en-US' and (contains(text(), 'EN') or contains(., 'EN'))]' not found)
	at com.kms.katalon.core.keyword.internal.KeywordMain.stepFailed(KeywordMain.groovy:32)
	at com.kms.katalon.core.webui.keyword.internal.WebUIKeywordMain.stepFailed(WebUIKeywordMain.groovy:65)
	at com.kms.katalon.core.webui.keyword.internal.WebUIKeywordMain.runKeyword(WebUIKeywordMain.groovy:27)
	at com.kms.katalon.core.webui.keyword.builtin.ClickKeyword.click(ClickKeyword.groovy:86)
	at com.kms.katalon.core.webui.keyword.builtin.ClickKeyword.execute(ClickKeyword.groovy:67)
	at com.kms.katalon.core.keyword.internal.KeywordExecutor.executeKeywordForPlatform(KeywordExecutor.groovy:53)
	at com.kms.katalon.core.webui.keyword.WebUiBuiltInKeywords.click(WebUiBuiltInKeywords.groovy:604)
	at com.kms.katalon.core.webui.keyword.WebUiBuiltInKeywords$click$8.call(Unknown Source)
	at Script1534407542420.run(Script1534407542420.groovy:57)
	at com.kms.katalon.core.main.ScriptEngine.run(ScriptEngine.java:183)
	at com.kms.katalon.core.main.ScriptEngine.runScriptAsRawText(ScriptEngine.java:108)
	at com.kms.katalon.core.main.TestCaseExecutor.runScript(TestCaseExecutor.java:294)
	at com.kms.katalon.core.main.TestCaseExecutor.doExecute(TestCaseExecutor.java:285)
	at com.kms.katalon.core.main.TestCaseExecutor.processExecutionPhase(TestCaseExecutor.java:264)
	at com.kms.katalon.core.main.TestCaseExecutor.accessMainPhase(TestCaseExecutor.java:256)
	at com.kms.katalon.core.main.TestCaseExecutor.execute(TestCaseExecutor.java:200)
	at com.kms.katalon.core.main.TestCaseMain.runTestCase(TestCaseMain.java:99)
	at com.kms.katalon.core.keyword.builtin.CallTestCaseKeyword$_callTestCase_closure1.doCall(CallTestCaseKeyword.groovy:60)
	at com.kms.katalon.core.keyword.builtin.CallTestCaseKeyword$_callTestCase_closure1.call(CallTestCaseKeyword.groovy)
	at com.kms.katalon.core.keyword.internal.KeywordMain.runKeyword(KeywordMain.groovy:54)
	at com.kms.katalon.core.keyword.builtin.CallTestCaseKeyword.callTestCase(CallTestCaseKeyword.groovy:81)
	at com.kms.katalon.core.keyword.builtin.CallTestCaseKeyword.execute(CallTestCaseKeyword.groovy:45)
	at com.kms.katalon.core.keyword.internal.KeywordExecutor.executeKeywordForPlatform(KeywordExecutor.groovy:53)
	at com.kms.katalon.core.keyword.BuiltinKeywords.callTestCase(BuiltinKeywords.groovy:334)
	at sun.reflect.GeneratedMethodAccessor13.invoke(Unknown Source)
	at sun.reflect.DelegatingMethodAccessorImpl.invoke(DelegatingMethodAccessorImpl.java:43)
	at java.lang.reflect.Method.invoke(Method.java:498)
	at org.codehaus.groovy.reflection.CachedMethod.invoke(CachedMethod.java:93)
	at groovy.lang.MetaMethod.doMethodInvoke(MetaMethod.java:325)
	at groovy.lang.MetaClassImpl.invokeStaticMethod(MetaClassImpl.java:1469)
	at org.codehaus.groovy.runtime.callsite.StaticMetaClassSite.call(StaticMetaClassSite.java:53)
	at org.codehaus.groovy.runtime.callsite.AbstractCallSite.call(AbstractCallSite.java:141)
	at Script1535963377509.run(Script1535963377509.groovy:33)
	at com.kms.katalon.core.main.ScriptEngine.run(ScriptEngine.java:183)
	at com.kms.katalon.core.main.ScriptEngine.runScriptAsRawText(ScriptEngine.java:108)
	at com.kms.katalon.core.main.TestCaseExecutor.runScript(TestCaseExecutor.java:294)
	at com.kms.katalon.core.main.TestCaseExecutor.doExecute(TestCaseExecutor.java:285)
	at com.kms.katalon.core.main.TestCaseExecutor.processExecutionPhase(TestCaseExecutor.java:264)
	at com.kms.katalon.core.main.TestCaseExecutor.accessMainPhase(TestCaseExecutor.java:256)
	at com.kms.katalon.core.main.TestCaseExecutor.execute(TestCaseExecutor.java:200)
	at com.kms.katalon.core.main.TestCaseMain.runTestCase(TestCaseMain.java:99)
	at com.kms.katalon.core.keyword.builtin.CallTestCaseKeyword$_callTestCase_closure1.doCall(CallTestCaseKeyword.groovy:60)
	at com.kms.katalon.core.keyword.builtin.CallTestCaseKeyword$_callTestCase_closure1.call(CallTestCaseKeyword.groovy)
	at com.kms.katalon.core.keyword.internal.KeywordMain.runKeyword(KeywordMain.groovy:54)
	at com.kms.katalon.core.keyword.builtin.CallTestCaseKeyword.callTestCase(CallTestCaseKeyword.groovy:81)
	at com.kms.katalon.core.keyword.builtin.CallTestCaseKeyword.execute(CallTestCaseKeyword.groovy:45)
	at com.kms.katalon.core.keyword.internal.KeywordExecutor.executeKeywordForPlatform(KeywordExecutor.groovy:53)
	at com.kms.katalon.core.keyword.BuiltinKeywords.callTestCase(BuiltinKeywords.groovy:334)
	at sun.reflect.GeneratedMethodAccessor13.invoke(Unknown Source)
	at sun.reflect.DelegatingMethodAccessorImpl.invoke(DelegatingMethodAccessorImpl.java:43)
	at java.lang.reflect.Method.invoke(Method.java:498)
	at org.codehaus.groovy.reflection.CachedMethod.invoke(CachedMethod.java:93)
	at groovy.lang.MetaMethod.doMethodInvoke(MetaMethod.java:325)
	at groovy.lang.MetaClassImpl.invokeStaticMethod(MetaClassImpl.java:1469)
	at org.codehaus.groovy.runtime.callsite.StaticMetaClassSite.call(StaticMetaClassSite.java:53)
	at org.codehaus.groovy.runtime.callsite.CallSiteArray.defaultCall(CallSiteArray.java:48)
	at org.codehaus.groovy.runtime.callsite.AbstractCallSite.call(AbstractCallSite.java:113)
	at org.codehaus.groovy.runtime.callsite.AbstractCallSite.call(AbstractCallSite.java:141)
	at Script1536201092101.run(Script1536201092101.groovy:25)
	at com.kms.katalon.core.main.ScriptEngine.run(ScriptEngine.java:183)
	at com.kms.katalon.core.main.ScriptEngine.runScriptAsRawText(ScriptEngine.java:108)
	at com.kms.katalon.core.main.TestCaseExecutor.runScript(TestCaseExecutor.java:294)
	at com.kms.katalon.core.main.TestCaseExecutor.doExecute(TestCaseExecutor.java:285)
	at com.kms.katalon.core.main.TestCaseExecutor.processExecutionPhase(TestCaseExecutor.java:264)
	at com.kms.katalon.core.main.TestCaseExecutor.accessMainPhase(TestCaseExecutor.java:256)
	at com.kms.katalon.core.main.TestCaseExecutor.execute(TestCaseExecutor.java:200)
	at com.kms.katalon.core.main.TestSuiteExecutor.accessTestCaseMainPhase(TestSuiteExecutor.java:129)
	at com.kms.katalon.core.main.TestSuiteExecutor.accessTestSuiteMainPhase(TestSuiteExecutor.java:112)
	at com.kms.katalon.core.main.TestSuiteExecutor.execute(TestSuiteExecutor.java:81)
	at com.kms.katalon.core.main.TestCaseMain.startTestSuite(TestCaseMain.java:142)
	at com.kms.katalon.core.main.TestCaseMain$startTestSuite$0.call(Unknown Source)
	at org.codehaus.groovy.runtime.callsite.CallSiteArray.defaultCall(CallSiteArray.java:48)
	at org.codehaus.groovy.runtime.callsite.AbstractCallSite.call(AbstractCallSite.java:113)
	at org.codehaus.groovy.runtime.callsite.AbstractCallSite.call(AbstractCallSite.java:141)
	at TempTestSuite1539913255508.run(TempTestSuite1539913255508.groovy:36)
	at groovy.lang.GroovyShell.runScriptOrMainOrTestOrRunnable(GroovyShell.java:263)
	at groovy.lang.GroovyShell.run(GroovyShell.java:518)
	at groovy.lang.GroovyShell.run(GroovyShell.java:507)
	at groovy.ui.GroovyMain.processOnce(GroovyMain.java:653)
	at groovy.ui.GroovyMain.run(GroovyMain.java:384)
	at groovy.ui.GroovyMain.process(GroovyMain.java:370)
	at groovy.ui.GroovyMain.processArgs(GroovyMain.java:129)
	at groovy.ui.GroovyMain.main(GroovyMain.java:109)
	at sun.reflect.NativeMethodAccessorImpl.invoke0(Native Method)
	at sun.reflect.NativeMethodAccessorImpl.invoke(NativeMethodAccessorImpl.java:62)
	at sun.reflect.DelegatingMethodAccessorImpl.invoke(DelegatingMethodAccessorImpl.java:43)
	at java.lang.reflect.Method.invoke(Method.java:498)
	at org.codehaus.groovy.tools.GroovyStarter.rootLoader(GroovyStarter.java:109)
	at org.codehaus.groovy.tools.GroovyStarter.main(GroovyStarter.java:131)
)"/>
         <system-out><![CDATA[2018-10-19 12:53:19 - [TEST_CASE][FAILED] - Test Cases/Final Aug 2018 - PKS Automation/Registration Module/Workflow/Form 1A - Cessation As Employer/PKRBO to UO (Query): Test Cases/Final Aug 2018 - PKS Automation/Registration Module/Workflow/Form 1A - Cessation As Employer/PKRBO to UO (Query) FAILED because (of) (Stack trace: com.kms.katalon.core.exception.StepFailedException: Unable to click on object 'Object Repository/Final Object Repo/Landing Page/Select to English' (Root cause: com.kms.katalon.core.webui.exception.WebElementNotFoundException: Web element with id: 'Object Repository/Final Object Repo/Landing Page/Select to English' located by 'By.xpath: //a[@class = 'taglib-language-list-text' and @lang = 'en-US' and (contains(text(), 'EN') or contains(., 'EN'))]' not found)
	at com.kms.katalon.core.keyword.internal.KeywordMain.stepFailed(KeywordMain.groovy:32)
	at com.kms.katalon.core.webui.keyword.internal.WebUIKeywordMain.stepFailed(WebUIKeywordMain.groovy:65)
	at com.kms.katalon.core.webui.keyword.internal.WebUIKeywordMain.runKeyword(WebUIKeywordMain.groovy:27)
	at com.kms.katalon.core.webui.keyword.builtin.ClickKeyword.click(ClickKeyword.groovy:86)
	at com.kms.katalon.core.webui.keyword.builtin.ClickKeyword.execute(ClickKeyword.groovy:67)
	at com.kms.katalon.core.keyword.internal.KeywordExecutor.executeKeywordForPlatform(KeywordExecutor.groovy:53)
	at com.kms.katalon.core.webui.keyword.WebUiBuiltInKeywords.click(WebUiBuiltInKeywords.groovy:604)
	at com.kms.katalon.core.webui.keyword.WebUiBuiltInKeywords$click$8.call(Unknown Source)
	at Script1534407542420.run(Script1534407542420.groovy:57)
	at com.kms.katalon.core.main.ScriptEngine.run(ScriptEngine.java:183)
	at com.kms.katalon.core.main.ScriptEngine.runScriptAsRawText(ScriptEngine.java:108)
	at com.kms.katalon.core.main.TestCaseExecutor.runScript(TestCaseExecutor.java:294)
	at com.kms.katalon.core.main.TestCaseExecutor.doExecute(TestCaseExecutor.java:285)
	at com.kms.katalon.core.main.TestCaseExecutor.processExecutionPhase(TestCaseExecutor.java:264)
	at com.kms.katalon.core.main.TestCaseExecutor.accessMainPhase(TestCaseExecutor.java:256)
	at com.kms.katalon.core.main.TestCaseExecutor.execute(TestCaseExecutor.java:200)
	at com.kms.katalon.core.main.TestCaseMain.runTestCase(TestCaseMain.java:99)
	at com.kms.katalon.core.keyword.builtin.CallTestCaseKeyword$_callTestCase_closure1.doCall(CallTestCaseKeyword.groovy:60)
	at com.kms.katalon.core.keyword.builtin.CallTestCaseKeyword$_callTestCase_closure1.call(CallTestCaseKeyword.groovy)
	at com.kms.katalon.core.keyword.internal.KeywordMain.runKeyword(KeywordMain.groovy:54)
	at com.kms.katalon.core.keyword.builtin.CallTestCaseKeyword.callTestCase(CallTestCaseKeyword.groovy:81)
	at com.kms.katalon.core.keyword.builtin.CallTestCaseKeyword.execute(CallTestCaseKeyword.groovy:45)
	at com.kms.katalon.core.keyword.internal.KeywordExecutor.executeKeywordForPlatform(KeywordExecutor.groovy:53)
	at com.kms.katalon.core.keyword.BuiltinKeywords.callTestCase(BuiltinKeywords.groovy:334)
	at sun.reflect.GeneratedMethodAccessor13.invoke(Unknown Source)
	at sun.reflect.DelegatingMethodAccessorImpl.invoke(DelegatingMethodAccessorImpl.java:43)
	at java.lang.reflect.Method.invoke(Method.java:498)
	at org.codehaus.groovy.reflection.CachedMethod.invoke(CachedMethod.java:93)
	at groovy.lang.MetaMethod.doMethodInvoke(MetaMethod.java:325)
	at groovy.lang.MetaClassImpl.invokeStaticMethod(MetaClassImpl.java:1469)
	at org.codehaus.groovy.runtime.callsite.StaticMetaClassSite.call(StaticMetaClassSite.java:53)
	at org.codehaus.groovy.runtime.callsite.AbstractCallSite.call(AbstractCallSite.java:141)
	at Script1535963377509.run(Script1535963377509.groovy:33)
	at com.kms.katalon.core.main.ScriptEngine.run(ScriptEngine.java:183)
	at com.kms.katalon.core.main.ScriptEngine.runScriptAsRawText(ScriptEngine.java:108)
	at com.kms.katalon.core.main.TestCaseExecutor.runScript(TestCaseExecutor.java:294)
	at com.kms.katalon.core.main.TestCaseExecutor.doExecute(TestCaseExecutor.java:285)
	at com.kms.katalon.core.main.TestCaseExecutor.processExecutionPhase(TestCaseExecutor.java:264)
	at com.kms.katalon.core.main.TestCaseExecutor.accessMainPhase(TestCaseExecutor.java:256)
	at com.kms.katalon.core.main.TestCaseExecutor.execute(TestCaseExecutor.java:200)
	at com.kms.katalon.core.main.TestCaseMain.runTestCase(TestCaseMain.java:99)
	at com.kms.katalon.core.keyword.builtin.CallTestCaseKeyword$_callTestCase_closure1.doCall(CallTestCaseKeyword.groovy:60)
	at com.kms.katalon.core.keyword.builtin.CallTestCaseKeyword$_callTestCase_closure1.call(CallTestCaseKeyword.groovy)
	at com.kms.katalon.core.keyword.internal.KeywordMain.runKeyword(KeywordMain.groovy:54)
	at com.kms.katalon.core.keyword.builtin.CallTestCaseKeyword.callTestCase(CallTestCaseKeyword.groovy:81)
	at com.kms.katalon.core.keyword.builtin.CallTestCaseKeyword.execute(CallTestCaseKeyword.groovy:45)
	at com.kms.katalon.core.keyword.internal.KeywordExecutor.executeKeywordForPlatform(KeywordExecutor.groovy:53)
	at com.kms.katalon.core.keyword.BuiltinKeywords.callTestCase(BuiltinKeywords.groovy:334)
	at sun.reflect.GeneratedMethodAccessor13.invoke(Unknown Source)
	at sun.reflect.DelegatingMethodAccessorImpl.invoke(DelegatingMethodAccessorImpl.java:43)
	at java.lang.reflect.Method.invoke(Method.java:498)
	at org.codehaus.groovy.reflection.CachedMethod.invoke(CachedMethod.java:93)
	at groovy.lang.MetaMethod.doMethodInvoke(MetaMethod.java:325)
	at groovy.lang.MetaClassImpl.invokeStaticMethod(MetaClassImpl.java:1469)
	at org.codehaus.groovy.runtime.callsite.StaticMetaClassSite.call(StaticMetaClassSite.java:53)
	at org.codehaus.groovy.runtime.callsite.CallSiteArray.defaultCall(CallSiteArray.java:48)
	at org.codehaus.groovy.runtime.callsite.AbstractCallSite.call(AbstractCallSite.java:113)
	at org.codehaus.groovy.runtime.callsite.AbstractCallSite.call(AbstractCallSite.java:141)
	at Script1536201092101.run(Script1536201092101.groovy:25)
	at com.kms.katalon.core.main.ScriptEngine.run(ScriptEngine.java:183)
	at com.kms.katalon.core.main.ScriptEngine.runScriptAsRawText(ScriptEngine.java:108)
	at com.kms.katalon.core.main.TestCaseExecutor.runScript(TestCaseExecutor.java:294)
	at com.kms.katalon.core.main.TestCaseExecutor.doExecute(TestCaseExecutor.java:285)
	at com.kms.katalon.core.main.TestCaseExecutor.processExecutionPhase(TestCaseExecutor.java:264)
	at com.kms.katalon.core.main.TestCaseExecutor.accessMainPhase(TestCaseExecutor.java:256)
	at com.kms.katalon.core.main.TestCaseExecutor.execute(TestCaseExecutor.java:200)
	at com.kms.katalon.core.main.TestSuiteExecutor.accessTestCaseMainPhase(TestSuiteExecutor.java:129)
	at com.kms.katalon.core.main.TestSuiteExecutor.accessTestSuiteMainPhase(TestSuiteExecutor.java:112)
	at com.kms.katalon.core.main.TestSuiteExecutor.execute(TestSuiteExecutor.java:81)
	at com.kms.katalon.core.main.TestCaseMain.startTestSuite(TestCaseMain.java:142)
	at com.kms.katalon.core.main.TestCaseMain$startTestSuite$0.call(Unknown Source)
	at org.codehaus.groovy.runtime.callsite.CallSiteArray.defaultCall(CallSiteArray.java:48)
	at org.codehaus.groovy.runtime.callsite.AbstractCallSite.call(AbstractCallSite.java:113)
	at org.codehaus.groovy.runtime.callsite.AbstractCallSite.call(AbstractCallSite.java:141)
	at TempTestSuite1539913255508.run(TempTestSuite1539913255508.groovy:36)
	at groovy.lang.GroovyShell.runScriptOrMainOrTestOrRunnable(GroovyShell.java:263)
	at groovy.lang.GroovyShell.run(GroovyShell.java:518)
	at groovy.lang.GroovyShell.run(GroovyShell.java:507)
	at groovy.ui.GroovyMain.processOnce(GroovyMain.java:653)
	at groovy.ui.GroovyMain.run(GroovyMain.java:384)
	at groovy.ui.GroovyMain.process(GroovyMain.java:370)
	at groovy.ui.GroovyMain.processArgs(GroovyMain.java:129)
	at groovy.ui.GroovyMain.main(GroovyMain.java:109)
	at sun.reflect.NativeMethodAccessorImpl.invoke0(Native Method)
	at sun.reflect.NativeMethodAccessorImpl.invoke(NativeMethodAccessorImpl.java:62)
	at sun.reflect.DelegatingMethodAccessorImpl.invoke(DelegatingMethodAccessorImpl.java:43)
	at java.lang.reflect.Method.invoke(Method.java:498)
	at org.codehaus.groovy.tools.GroovyStarter.rootLoader(GroovyStarter.java:109)
	at org.codehaus.groovy.tools.GroovyStarter.main(GroovyStarter.java:131)
)

2018-10-19 12:53:19 - [TEST_STEP][PASSED] - callTestCase: Call Test Case 'Test Cases/Final Aug 2018 - PKS Automation/Registration Module/Workflow/Form 1A - Cessation As Employer/Template/Form 1 A - Cessation As Employer (PKRBO)' successfully

2018-10-19 12:53:19 - [TEST_CASE][PASSED] - Test Cases/Final Aug 2018 - PKS Automation/Registration Module/Workflow/Form 1A - Cessation As Employer/Template/Form 1 A - Cessation As Employer (PKRBO): Test Cases/Final Aug 2018 - PKS Automation/Registration Module/Workflow/Form 1A - Cessation As Employer/Template/Form 1 A - Cessation As Employer (PKRBO)

2018-10-19 12:53:19 - [TEST_STEP][PASSED] - openBrowser: Browser is opened with url: ''

2018-10-19 12:53:19 - [MESSAGE][WARNING] - A browser is already opened. Closing browser and opening a new one

2018-10-19 12:53:23 - [MESSAGE][PASSED] - Browser is opened with url: ''

2018-10-19 12:53:23 - [TEST_STEP][PASSED] - navigateToUrl: Navigate to 'https://assist2-uat.perkeso.gov.my/login' successfully

2018-10-19 12:53:27 - [MESSAGE][PASSED] - Navigate to 'https://assist2-uat.perkeso.gov.my/login' successfully

2018-10-19 12:53:27 - [TEST_STEP][PASSED] - setText: Text 'johorpkrbo1@gmail.com' is set on object 'Object Repository/Final Object Repo/Login Page/Internal User/Email Address'

2018-10-19 12:53:27 - [MESSAGE][PASSED] - Text 'johorpkrbo1@gmail.com' is set on object 'Object Repository/Final Object Repo/Login Page/Internal User/Email Address'

2018-10-19 12:53:27 - [TEST_STEP][PASSED] - click: Object: 'Object Repository/Final Object Repo/Login Page/Internal User/Next Button' is clicked on

2018-10-19 12:53:28 - [MESSAGE][PASSED] - Object: 'Object Repository/Final Object Repo/Login Page/Internal User/Next Button' is clicked on

2018-10-19 12:53:28 - [TEST_STEP][PASSED] - delay: Delayed 1 second(s)

2018-10-19 12:53:29 - [MESSAGE][PASSED] - Delayed 1 second(s)

2018-10-19 12:53:29 - [TEST_STEP][PASSED] - setEncryptedText: Text ****** has been set on object 'Object Repository/Final Object Repo/Login Page/Internal User/Password'

2018-10-19 12:53:29 - [MESSAGE][PASSED] - Text ****** has been set on object 'Object Repository/Final Object Repo/Login Page/Internal User/Password'

2018-10-19 12:53:29 - [TEST_STEP][PASSED] - click: Object: 'Object Repository/Final Object Repo/Login Page/Internal User/Login Button' is clicked on

2018-10-19 12:53:29 - [MESSAGE][PASSED] - Object: 'Object Repository/Final Object Repo/Login Page/Internal User/Login Button' is clicked on

2018-10-19 12:53:29 - [TEST_STEP][PASSED] - delay: Delayed 1 second(s)

2018-10-19 12:53:30 - [MESSAGE][PASSED] - Delayed 1 second(s)

2018-10-19 12:53:30 - [TEST_STEP][PASSED] - Statement - Try: Delayed 2 second(s)

2018-10-19 12:53:30 - [TEST_STEP][PASSED] - Statement - Checker = false: null

2018-10-19 12:53:30 - [TEST_STEP][PASSED] - Statement - Checker = com.kms.katalon.core.webui.keyword.WebUiBuiltInKeywords.verifyElementHasAttribute(com.kms.katalon.core.testobject.ObjectRepository.findTestObject(Final Object Repo/Landing Page/BM Detecting), "href", 20, OPTIONAL): Object 'Object Repository/Final Object Repo/Landing Page/BM Detecting' has attribute 'href'

2018-10-19 12:53:32 - [MESSAGE][PASSED] - Object 'Object Repository/Final Object Repo/Landing Page/BM Detecting' has attribute 'href'

2018-10-19 12:53:32 - [TEST_STEP][PASSED] - Statement - out.println(Checker): null

2018-10-19 12:53:32 - [TEST_STEP][PASSED] - Statement - If (Checker == false): null

2018-10-19 12:53:32 - [TEST_STEP][PASSED] - Statement - Else: null

2018-10-19 12:53:32 - [TEST_STEP][PASSED] - delay: Delayed 2 second(s)

2018-10-19 12:53:34 - [MESSAGE][PASSED] - Delayed 2 second(s)

2018-10-19 12:53:34 - [TEST_STEP][PASSED] - navigateToUrl: Navigate to 'https://assist2-uat.perkeso.gov.my/web/registration/update/form-1a-cessation-as-employer-discontinue-business-' successfully

2018-10-19 12:53:35 - [MESSAGE][PASSED] - Navigate to 'https://assist2-uat.perkeso.gov.my/web/registration/update/form-1a-cessation-as-employer-discontinue-business-' successfully

2018-10-19 12:53:35 - [TEST_STEP][PASSED] - setText: Text 'E1102069770Z' is set on object 'Object Repository/Final Object Repo/Page_Update Employer Information/Employer Code'

2018-10-19 12:53:35 - [MESSAGE][PASSED] - Text 'E1102069770Z' is set on object 'Object Repository/Final Object Repo/Page_Update Employer Information/Employer Code'

2018-10-19 12:53:35 - [TEST_STEP][PASSED] - click: Object: 'Object Repository/Final Object Repo/Page_Update Employer Information/Search Button' is clicked on

2018-10-19 12:53:35 - [MESSAGE][PASSED] - Object: 'Object Repository/Final Object Repo/Page_Update Employer Information/Search Button' is clicked on

2018-10-19 12:53:35 - [TEST_STEP][PASSED] - click: Object: 'Object Repository/Final Object Repo/Page_Update Employer Information/Edit Button' is clicked on

2018-10-19 12:53:38 - [MESSAGE][PASSED] - Object: 'Object Repository/Final Object Repo/Page_Update Employer Information/Edit Button' is clicked on

2018-10-19 12:53:38 - [TEST_STEP][PASSED] - Statement - abc = com.kms.katalon.core.webui.keyword.WebUiBuiltInKeywords.getAttribute(com.kms.katalon.core.testobject.ObjectRepository.findTestObject(Final Object Repo/Page_Form 1A - Cessation As Employer/Employer Status), "value"): Attribute 'value' of object 'Object Repository/Final Object Repo/Page_Form 1A - Cessation As Employer/Employer Status' is: 'Dormant'

2018-10-19 12:53:38 - [MESSAGE][PASSED] - Attribute 'value' of object 'Object Repository/Final Object Repo/Page_Form 1A - Cessation As Employer/Employer Status' is: 'Dormant'

2018-10-19 12:53:38 - [TEST_STEP][PASSED] - Statement - out.println(abc): null

2018-10-19 12:53:38 - [TEST_STEP][PASSED] - Statement - If (abc == "Active"): null

2018-10-19 12:53:38 - [TEST_STEP][PASSED] - Statement - Else If (abc == "Cancel"): null

2018-10-19 12:53:38 - [TEST_STEP][PASSED] - Statement - Else If (abc == "Dormant"): Object: 'Object Repository/Final Object Repo/Page_Form 1A - Cessation As Employer/Change Employer Status to - Dormant' is clicked on

2018-10-19 12:53:38 - [TEST_STEP][PASSED] - click: Object: 'Object Repository/Final Object Repo/Page_Form 1A - Cessation As Employer/Change Employer Status to' is clicked on

2018-10-19 12:53:38 - [MESSAGE][PASSED] - Object: 'Object Repository/Final Object Repo/Page_Form 1A - Cessation As Employer/Change Employer Status to' is clicked on

2018-10-19 12:53:38 - [TEST_STEP][PASSED] - click: Object: 'Object Repository/Final Object Repo/Page_Form 1A - Cessation As Employer/Change Employer Status to - Dormant' is clicked on

2018-10-19 12:53:38 - [MESSAGE][PASSED] - Object: 'Object Repository/Final Object Repo/Page_Form 1A - Cessation As Employer/Change Employer Status to - Dormant' is clicked on

2018-10-19 12:53:38 - [TEST_STEP][PASSED] - click: Object: 'Object Repository/Final Object Repo/Page_Form 1A - Cessation As Employer/Calender' is clicked on

2018-10-19 12:53:38 - [MESSAGE][PASSED] - Object: 'Object Repository/Final Object Repo/Page_Form 1A - Cessation As Employer/Calender' is clicked on

2018-10-19 12:53:38 - [TEST_STEP][PASSED] - click: Object: 'Object Repository/Final Object Repo/Page_Form 1A - Cessation As Employer/Calender - Date' is clicked on

2018-10-19 12:53:38 - [MESSAGE][PASSED] - Object: 'Object Repository/Final Object Repo/Page_Form 1A - Cessation As Employer/Calender - Date' is clicked on

2018-10-19 12:53:38 - [TEST_STEP][PASSED] - delay: Delayed 2 second(s)

2018-10-19 12:53:40 - [MESSAGE][PASSED] - Delayed 2 second(s)

2018-10-19 12:53:40 - [TEST_STEP][PASSED] - click: Object: 'Object Repository/Final Object Repo/Page_Form 1A - Cessation As Employer/Save  Continue in Form 1A Page' is clicked on

2018-10-19 12:53:41 - [MESSAGE][PASSED] - Object: 'Object Repository/Final Object Repo/Page_Form 1A - Cessation As Employer/Save  Continue in Form 1A Page' is clicked on

2018-10-19 12:53:41 - [TEST_STEP][PASSED] - delay: Delayed 2 second(s)

2018-10-19 12:53:43 - [MESSAGE][PASSED] - Delayed 2 second(s)

2018-10-19 12:53:43 - [TEST_STEP][PASSED] - click: Object: 'Object Repository/Final Object Repo/Page_Form 1A - Cessation As Employer/Employment Resign Date' is clicked on

2018-10-19 12:53:43 - [MESSAGE][PASSED] - Object: 'Object Repository/Final Object Repo/Page_Form 1A - Cessation As Employer/Employment Resign Date' is clicked on

2018-10-19 12:53:43 - [TEST_STEP][PASSED] - delay: Delayed 1 second(s)

2018-10-19 12:53:44 - [MESSAGE][PASSED] - Delayed 1 second(s)

2018-10-19 12:53:44 - [TEST_STEP][PASSED] - Statement - CaseReferenceNo = com.kms.katalon.core.webui.keyword.WebUiBuiltInKeywords.getText(com.kms.katalon.core.testobject.ObjectRepository.findTestObject(Final Object Repo/Page_Update Employer Information/Reference Number in Update Employee Information Page)): Text of object 'Object Repository/Final Object Repo/Page_Update Employer Information/Reference Number in Update Employee Information Page' is: 'CUN102018C200001433'

2018-10-19 12:53:44 - [MESSAGE][PASSED] - Text of object 'Object Repository/Final Object Repo/Page_Update Employer Information/Reference Number in Update Employee Information Page' is: 'CUN102018C200001433'

2018-10-19 12:53:44 - [TEST_STEP][PASSED] - Statement - out.println(CaseReferenceNo): null

2018-10-19 12:53:44 - [TEST_STEP][PASSED] - callTestCase: Call Test Case 'Test Cases/Final Aug 2018 - PKS Automation/Common/Reference Number Setter' successfully

2018-10-19 12:53:45 - [TEST_CASE][PASSED] - Test Cases/Final Aug 2018 - PKS Automation/Common/Reference Number Setter: Test Cases/Final Aug 2018 - PKS Automation/Common/Reference Number Setter

2018-10-19 12:53:45 - [TEST_STEP][PASSED] - Statement - RefNoOldFile = new java.io.File(C://KatalonReference.txt): null

2018-10-19 12:53:45 - [TEST_STEP][PASSED] - Statement - RefNoOldFile.delete(): null

2018-10-19 12:53:45 - [TEST_STEP][PASSED] - Statement - RefNo = new java.io.File(C://KatalonReference.txt): null

2018-10-19 12:53:45 - [TEST_STEP][PASSED] - Statement - RefNo.append(CaseReferenceNo): null

2018-10-19 12:53:45 - [TEST_STEP][PASSED] - Statement - out.println("


" + CaseReferenceNo + "


"): null

2018-10-19 12:53:45 - [MESSAGE][PASSED] - Call Test Case 'Test Cases/Final Aug 2018 - PKS Automation/Common/Reference Number Setter' successfully

2018-10-19 12:53:45 - [TEST_STEP][PASSED] - selectOptionByValue: All options with value '2030' are selected in object 'Object Repository/Final Object Repo/Page_Form 1A - Cessation As Employer/Employment Resign Date - Year' 

2018-10-19 12:53:45 - [MESSAGE][PASSED] - All options with value '2030' are selected in object 'Object Repository/Final Object Repo/Page_Form 1A - Cessation As Employer/Employment Resign Date - Year' 

2018-10-19 12:53:45 - [TEST_STEP][PASSED] - delay: Delayed 1 second(s)

2018-10-19 12:53:46 - [MESSAGE][PASSED] - Delayed 1 second(s)

2018-10-19 12:53:46 - [TEST_STEP][PASSED] - click: Object: 'Object Repository/Final Object Repo/Page_Form 1A - Cessation As Employer/Employment Resign Date - Year - Date' is clicked on

2018-10-19 12:53:46 - [MESSAGE][PASSED] - Object: 'Object Repository/Final Object Repo/Page_Form 1A - Cessation As Employer/Employment Resign Date - Year - Date' is clicked on

2018-10-19 12:53:46 - [TEST_STEP][PASSED] - delay: Delayed 2 second(s)

2018-10-19 12:53:48 - [MESSAGE][PASSED] - Delayed 2 second(s)

2018-10-19 12:53:48 - [TEST_STEP][PASSED] - click: Object: 'Object Repository/Final Object Repo/Page_Form 1A - Cessation As Employer/Save  Continue in Update Add Employee Resigned Date Page' is clicked on

2018-10-19 12:53:48 - [MESSAGE][PASSED] - Object: 'Object Repository/Final Object Repo/Page_Form 1A - Cessation As Employer/Save  Continue in Update Add Employee Resigned Date Page' is clicked on

2018-10-19 12:53:48 - [TEST_STEP][PASSED] - delay: Delayed 2 second(s)

2018-10-19 12:53:50 - [MESSAGE][PASSED] - Delayed 2 second(s)

2018-10-19 12:53:50 - [TEST_STEP][PASSED] - click: Object: 'Object Repository/Final Object Repo/Page_Form 1A - Cessation As Employer/Add Document' is clicked on

2018-10-19 12:53:52 - [MESSAGE][PASSED] - Object: 'Object Repository/Final Object Repo/Page_Form 1A - Cessation As Employer/Add Document' is clicked on

2018-10-19 12:53:52 - [TEST_STEP][PASSED] - delay: Delayed 2 second(s)

2018-10-19 12:53:54 - [MESSAGE][PASSED] - Delayed 2 second(s)

2018-10-19 12:53:54 - [TEST_STEP][PASSED] - click: Object: 'Object Repository/Final Object Repo/Page_Form 1A - Cessation As Employer/Document Type' is clicked on

2018-10-19 12:53:55 - [MESSAGE][PASSED] - Object: 'Object Repository/Final Object Repo/Page_Form 1A - Cessation As Employer/Document Type' is clicked on

2018-10-19 12:53:55 - [TEST_STEP][PASSED] - delay: Delayed 2 second(s)

2018-10-19 12:53:57 - [MESSAGE][PASSED] - Delayed 2 second(s)

2018-10-19 12:53:57 - [TEST_STEP][PASSED] - click: Object: 'Object Repository/Final Object Repo/Page_Form 1A - Cessation As Employer/Document Type - Supporting Document For Cessation' is clicked on

2018-10-19 12:53:57 - [MESSAGE][PASSED] - Object: 'Object Repository/Final Object Repo/Page_Form 1A - Cessation As Employer/Document Type - Supporting Document For Cessation' is clicked on

2018-10-19 12:53:57 - [TEST_STEP][PASSED] - delay: Delayed 2 second(s)

2018-10-19 12:53:59 - [MESSAGE][PASSED] - Delayed 2 second(s)

2018-10-19 12:53:59 - [TEST_STEP][PASSED] - sendKeys: Keys 'C:\Users\Public\Pictures\Sample Pictures\Act.jpg' sent to object: 'Object Repository/Final Object Repo/Page_Form 1A - Cessation As Employer/Uploading File'

2018-10-19 12:53:59 - [MESSAGE][PASSED] - Keys 'C:\Users\Public\Pictures\Sample Pictures\Act.jpg' sent to object: 'Object Repository/Final Object Repo/Page_Form 1A - Cessation As Employer/Uploading File'

2018-10-19 12:53:59 - [TEST_STEP][PASSED] - delay: Delayed 2 second(s)

2018-10-19 12:54:01 - [MESSAGE][PASSED] - Delayed 2 second(s)

2018-10-19 12:54:01 - [TEST_STEP][PASSED] - click: Object: 'Object Repository/Final Object Repo/Page_Form 1A - Cessation As Employer/Add Document in Uploading Page' is clicked on

2018-10-19 12:54:01 - [MESSAGE][PASSED] - Object: 'Object Repository/Final Object Repo/Page_Form 1A - Cessation As Employer/Add Document in Uploading Page' is clicked on

2018-10-19 12:54:01 - [TEST_STEP][PASSED] - delay: Delayed 15 second(s)

2018-10-19 12:54:16 - [MESSAGE][PASSED] - Delayed 15 second(s)

2018-10-19 12:54:16 - [TEST_STEP][PASSED] - click: Object: 'Object Repository/Final Object Repo/Page_Form 1A - Cessation As Employer/Save  Continue in Uploading Page' is clicked on

2018-10-19 12:54:17 - [MESSAGE][PASSED] - Object: 'Object Repository/Final Object Repo/Page_Form 1A - Cessation As Employer/Save  Continue in Uploading Page' is clicked on

2018-10-19 12:54:17 - [TEST_STEP][PASSED] - delay: Delayed 2 second(s)

2018-10-19 12:54:19 - [MESSAGE][PASSED] - Delayed 2 second(s)

2018-10-19 12:54:19 - [TEST_STEP][PASSED] - click: Object: 'Object Repository/Final Object Repo/Page_Form 1A - Cessation As Employer/Submit2' is clicked on

2018-10-19 12:54:22 - [MESSAGE][PASSED] - Object: 'Object Repository/Final Object Repo/Page_Form 1A - Cessation As Employer/Submit2' is clicked on

2018-10-19 12:54:22 - [TEST_STEP][PASSED] - delay: Delayed 2 second(s)

2018-10-19 12:54:24 - [MESSAGE][PASSED] - Delayed 2 second(s)

2018-10-19 12:54:24 - [TEST_STEP][PASSED] - click: Object: 'Object Repository/Final Object Repo/Page_Form 1A - Cessation As Employer/Confirm' is clicked on

2018-10-19 12:54:24 - [MESSAGE][PASSED] - Object: 'Object Repository/Final Object Repo/Page_Form 1A - Cessation As Employer/Confirm' is clicked on

2018-10-19 12:54:24 - [TEST_STEP][PASSED] - delay: Delayed 2 second(s)

2018-10-19 12:54:26 - [MESSAGE][PASSED] - Delayed 2 second(s)

2018-10-19 12:54:26 - [TEST_STEP][PASSED] - verifyElementVisible: Object 'Object Repository/Final Object Repo/Page_Form 1A - Cessation As Employer/Message Your Request will be routed to UO' is visible

2018-10-19 12:54:31 - [MESSAGE][PASSED] - Object 'Object Repository/Final Object Repo/Page_Form 1A - Cessation As Employer/Message Your Request will be routed to UO' is visible

2018-10-19 12:54:31 - [TEST_STEP][PASSED] - delay: Delayed 1 second(s)

2018-10-19 12:54:32 - [MESSAGE][PASSED] - Delayed 1 second(s)

2018-10-19 12:54:32 - [TEST_STEP][PASSED] - verifyElementVisible: Object 'Object Repository/Final Object Repo/Page_Form 1A - Cessation As Employer/Letter of acknowledgement' is visible

2018-10-19 12:54:32 - [MESSAGE][PASSED] - Object 'Object Repository/Final Object Repo/Page_Form 1A - Cessation As Employer/Letter of acknowledgement' is visible

2018-10-19 12:54:32 - [MESSAGE][PASSED] - Call Test Case 'Test Cases/Final Aug 2018 - PKS Automation/Registration Module/Workflow/Form 1A - Cessation As Employer/Template/Form 1 A - Cessation As Employer (PKRBO)' successfully

2018-10-19 12:54:32 - [TEST_STEP][FAILED] - callTestCase: Unable to call Test Case with id 'Test Cases/Final Aug 2018 - PKS Automation/Registration Module/Workflow/Form 1A - Cessation As Employer/Template/Form 1 A - Cessation As Employer (Query)' (Root cause: Call Test Case 'Test Cases/Final Aug 2018 - PKS Automation/Registration Module/Workflow/Form 1A - Cessation As Employer/Template/Form 1 A - Cessation As Employer (Query)' failed)

2018-10-19 12:54:32 - [TEST_CASE][FAILED] - Test Cases/Final Aug 2018 - PKS Automation/Registration Module/Workflow/Form 1A - Cessation As Employer/Template/Form 1 A - Cessation As Employer (Query): Test Cases/Final Aug 2018 - PKS Automation/Registration Module/Workflow/Form 1A - Cessation As Employer/Template/Form 1 A - Cessation As Employer (Query) FAILED because (of) (Stack trace: com.kms.katalon.core.exception.StepFailedException: Unable to click on object 'Object Repository/Final Object Repo/Landing Page/Select to English' (Root cause: com.kms.katalon.core.webui.exception.WebElementNotFoundException: Web element with id: 'Object Repository/Final Object Repo/Landing Page/Select to English' located by 'By.xpath: //a[@class = 'taglib-language-list-text' and @lang = 'en-US' and (contains(text(), 'EN') or contains(., 'EN'))]' not found)
	at com.kms.katalon.core.keyword.internal.KeywordMain.stepFailed(KeywordMain.groovy:32)
	at com.kms.katalon.core.webui.keyword.internal.WebUIKeywordMain.stepFailed(WebUIKeywordMain.groovy:65)
	at com.kms.katalon.core.webui.keyword.internal.WebUIKeywordMain.runKeyword(WebUIKeywordMain.groovy:27)
	at com.kms.katalon.core.webui.keyword.builtin.ClickKeyword.click(ClickKeyword.groovy:86)
	at com.kms.katalon.core.webui.keyword.builtin.ClickKeyword.execute(ClickKeyword.groovy:67)
	at com.kms.katalon.core.keyword.internal.KeywordExecutor.executeKeywordForPlatform(KeywordExecutor.groovy:53)
	at com.kms.katalon.core.webui.keyword.WebUiBuiltInKeywords.click(WebUiBuiltInKeywords.groovy:604)
	at com.kms.katalon.core.webui.keyword.WebUiBuiltInKeywords$click$8.call(Unknown Source)
	at Script1534407542420.run(Script1534407542420.groovy:57)
	at com.kms.katalon.core.main.ScriptEngine.run(ScriptEngine.java:183)
	at com.kms.katalon.core.main.ScriptEngine.runScriptAsRawText(ScriptEngine.java:108)
	at com.kms.katalon.core.main.TestCaseExecutor.runScript(TestCaseExecutor.java:294)
	at com.kms.katalon.core.main.TestCaseExecutor.doExecute(TestCaseExecutor.java:285)
	at com.kms.katalon.core.main.TestCaseExecutor.processExecutionPhase(TestCaseExecutor.java:264)
	at com.kms.katalon.core.main.TestCaseExecutor.accessMainPhase(TestCaseExecutor.java:256)
	at com.kms.katalon.core.main.TestCaseExecutor.execute(TestCaseExecutor.java:200)
	at com.kms.katalon.core.main.TestCaseMain.runTestCase(TestCaseMain.java:99)
	at com.kms.katalon.core.keyword.builtin.CallTestCaseKeyword$_callTestCase_closure1.doCall(CallTestCaseKeyword.groovy:60)
	at com.kms.katalon.core.keyword.builtin.CallTestCaseKeyword$_callTestCase_closure1.call(CallTestCaseKeyword.groovy)
	at com.kms.katalon.core.keyword.internal.KeywordMain.runKeyword(KeywordMain.groovy:54)
	at com.kms.katalon.core.keyword.builtin.CallTestCaseKeyword.callTestCase(CallTestCaseKeyword.groovy:81)
	at com.kms.katalon.core.keyword.builtin.CallTestCaseKeyword.execute(CallTestCaseKeyword.groovy:45)
	at com.kms.katalon.core.keyword.internal.KeywordExecutor.executeKeywordForPlatform(KeywordExecutor.groovy:53)
	at com.kms.katalon.core.keyword.BuiltinKeywords.callTestCase(BuiltinKeywords.groovy:334)
	at sun.reflect.GeneratedMethodAccessor13.invoke(Unknown Source)
	at sun.reflect.DelegatingMethodAccessorImpl.invoke(DelegatingMethodAccessorImpl.java:43)
	at java.lang.reflect.Method.invoke(Method.java:498)
	at org.codehaus.groovy.reflection.CachedMethod.invoke(CachedMethod.java:93)
	at groovy.lang.MetaMethod.doMethodInvoke(MetaMethod.java:325)
	at groovy.lang.MetaClassImpl.invokeStaticMethod(MetaClassImpl.java:1469)
	at org.codehaus.groovy.runtime.callsite.StaticMetaClassSite.call(StaticMetaClassSite.java:53)
	at org.codehaus.groovy.runtime.callsite.AbstractCallSite.call(AbstractCallSite.java:141)
	at Script1535963377509.run(Script1535963377509.groovy:33)
	at com.kms.katalon.core.main.ScriptEngine.run(ScriptEngine.java:183)
	at com.kms.katalon.core.main.ScriptEngine.runScriptAsRawText(ScriptEngine.java:108)
	at com.kms.katalon.core.main.TestCaseExecutor.runScript(TestCaseExecutor.java:294)
	at com.kms.katalon.core.main.TestCaseExecutor.doExecute(TestCaseExecutor.java:285)
	at com.kms.katalon.core.main.TestCaseExecutor.processExecutionPhase(TestCaseExecutor.java:264)
	at com.kms.katalon.core.main.TestCaseExecutor.accessMainPhase(TestCaseExecutor.java:256)
	at com.kms.katalon.core.main.TestCaseExecutor.execute(TestCaseExecutor.java:200)
	at com.kms.katalon.core.main.TestCaseMain.runTestCase(TestCaseMain.java:99)
	at com.kms.katalon.core.keyword.builtin.CallTestCaseKeyword$_callTestCase_closure1.doCall(CallTestCaseKeyword.groovy:60)
	at com.kms.katalon.core.keyword.builtin.CallTestCaseKeyword$_callTestCase_closure1.call(CallTestCaseKeyword.groovy)
	at com.kms.katalon.core.keyword.internal.KeywordMain.runKeyword(KeywordMain.groovy:54)
	at com.kms.katalon.core.keyword.builtin.CallTestCaseKeyword.callTestCase(CallTestCaseKeyword.groovy:81)
	at com.kms.katalon.core.keyword.builtin.CallTestCaseKeyword.execute(CallTestCaseKeyword.groovy:45)
	at com.kms.katalon.core.keyword.internal.KeywordExecutor.executeKeywordForPlatform(KeywordExecutor.groovy:53)
	at com.kms.katalon.core.keyword.BuiltinKeywords.callTestCase(BuiltinKeywords.groovy:334)
	at sun.reflect.GeneratedMethodAccessor13.invoke(Unknown Source)
	at sun.reflect.DelegatingMethodAccessorImpl.invoke(DelegatingMethodAccessorImpl.java:43)
	at java.lang.reflect.Method.invoke(Method.java:498)
	at org.codehaus.groovy.reflection.CachedMethod.invoke(CachedMethod.java:93)
	at groovy.lang.MetaMethod.doMethodInvoke(MetaMethod.java:325)
	at groovy.lang.MetaClassImpl.invokeStaticMethod(MetaClassImpl.java:1469)
	at org.codehaus.groovy.runtime.callsite.StaticMetaClassSite.call(StaticMetaClassSite.java:53)
	at org.codehaus.groovy.runtime.callsite.CallSiteArray.defaultCall(CallSiteArray.java:48)
	at org.codehaus.groovy.runtime.callsite.AbstractCallSite.call(AbstractCallSite.java:113)
	at org.codehaus.groovy.runtime.callsite.AbstractCallSite.call(AbstractCallSite.java:141)
	at Script1536201092101.run(Script1536201092101.groovy:25)
	at com.kms.katalon.core.main.ScriptEngine.run(ScriptEngine.java:183)
	at com.kms.katalon.core.main.ScriptEngine.runScriptAsRawText(ScriptEngine.java:108)
	at com.kms.katalon.core.main.TestCaseExecutor.runScript(TestCaseExecutor.java:294)
	at com.kms.katalon.core.main.TestCaseExecutor.doExecute(TestCaseExecutor.java:285)
	at com.kms.katalon.core.main.TestCaseExecutor.processExecutionPhase(TestCaseExecutor.java:264)
	at com.kms.katalon.core.main.TestCaseExecutor.accessMainPhase(TestCaseExecutor.java:256)
	at com.kms.katalon.core.main.TestCaseExecutor.execute(TestCaseExecutor.java:200)
	at com.kms.katalon.core.main.TestSuiteExecutor.accessTestCaseMainPhase(TestSuiteExecutor.java:129)
	at com.kms.katalon.core.main.TestSuiteExecutor.accessTestSuiteMainPhase(TestSuiteExecutor.java:112)
	at com.kms.katalon.core.main.TestSuiteExecutor.execute(TestSuiteExecutor.java:81)
	at com.kms.katalon.core.main.TestCaseMain.startTestSuite(TestCaseMain.java:142)
	at com.kms.katalon.core.main.TestCaseMain$startTestSuite$0.call(Unknown Source)
	at org.codehaus.groovy.runtime.callsite.CallSiteArray.defaultCall(CallSiteArray.java:48)
	at org.codehaus.groovy.runtime.callsite.AbstractCallSite.call(AbstractCallSite.java:113)
	at org.codehaus.groovy.runtime.callsite.AbstractCallSite.call(AbstractCallSite.java:141)
	at TempTestSuite1539913255508.run(TempTestSuite1539913255508.groovy:36)
	at groovy.lang.GroovyShell.runScriptOrMainOrTestOrRunnable(GroovyShell.java:263)
	at groovy.lang.GroovyShell.run(GroovyShell.java:518)
	at groovy.lang.GroovyShell.run(GroovyShell.java:507)
	at groovy.ui.GroovyMain.processOnce(GroovyMain.java:653)
	at groovy.ui.GroovyMain.run(GroovyMain.java:384)
	at groovy.ui.GroovyMain.process(GroovyMain.java:370)
	at groovy.ui.GroovyMain.processArgs(GroovyMain.java:129)
	at groovy.ui.GroovyMain.main(GroovyMain.java:109)
	at sun.reflect.NativeMethodAccessorImpl.invoke0(Native Method)
	at sun.reflect.NativeMethodAccessorImpl.invoke(NativeMethodAccessorImpl.java:62)
	at sun.reflect.DelegatingMethodAccessorImpl.invoke(DelegatingMethodAccessorImpl.java:43)
	at java.lang.reflect.Method.invoke(Method.java:498)
	at org.codehaus.groovy.tools.GroovyStarter.rootLoader(GroovyStarter.java:109)
	at org.codehaus.groovy.tools.GroovyStarter.main(GroovyStarter.java:131)
)

2018-10-19 12:54:32 - [TEST_STEP][NOT_RUN] - callTestCase: NOT_RUN: callTestCase

2018-10-19 12:54:32 - [MESSAGE][NOT_RUN] - NOT_RUN: callTestCase

2018-10-19 12:54:32 - [TEST_STEP][PASSED] - delay: Delayed 1 second(s)

2018-10-19 12:54:33 - [MESSAGE][PASSED] - Delayed 1 second(s)

2018-10-19 12:54:33 - [TEST_STEP][PASSED] - navigateToUrl: Navigate to 'https://assist2-uat.perkeso.gov.my/c/portal/logout' successfully

2018-10-19 12:54:34 - [MESSAGE][PASSED] - Navigate to 'https://assist2-uat.perkeso.gov.my/c/portal/logout' successfully

2018-10-19 12:54:34 - [TEST_STEP][PASSED] - delay: Delayed 1 second(s)

2018-10-19 12:54:35 - [MESSAGE][PASSED] - Delayed 1 second(s)

2018-10-19 12:54:35 - [TEST_STEP][PASSED] - callTestCase: Call Test Case 'Test Cases/Final Aug 2018 - PKS Automation/Common/Reference Number Getter' successfully

2018-10-19 12:54:35 - [TEST_CASE][PASSED] - Test Cases/Final Aug 2018 - PKS Automation/Common/Reference Number Getter: Test Cases/Final Aug 2018 - PKS Automation/Common/Reference Number Getter

2018-10-19 12:54:35 - [TEST_STEP][PASSED] - Statement - Try: null

2018-10-19 12:54:35 - [TEST_STEP][PASSED] - Statement - RefNo = new java.io.File(C://KatalonReference.txt): null

2018-10-19 12:54:35 - [TEST_STEP][PASSED] - Statement - bufferread = new java.io.BufferedReader(new java.io.FileReader(RefNo)): null

2018-10-19 12:54:35 - [TEST_STEP][PASSED] - Statement - readedVal = bufferread.readLine(): null

2018-10-19 12:54:35 - [TEST_STEP][PASSED] - Statement - out.println(CaseReferenceNo): null

2018-10-19 12:54:35 - [TEST_STEP][PASSED] - Statement - out.println(readedVal): null

2018-10-19 12:54:35 - [TEST_STEP][PASSED] - Statement - CaseReferenceNo = readedVal: null

2018-10-19 12:54:35 - [MESSAGE][PASSED] - Call Test Case 'Test Cases/Final Aug 2018 - PKS Automation/Common/Reference Number Getter' successfully

2018-10-19 12:54:35 - [TEST_STEP][FAILED] - callTestCase: Unable to call Test Case with id 'Test Cases/Final Aug 2018 - PKS Automation/Common/Workflow Owner Finder' (Root cause: Call Test Case 'Test Cases/Final Aug 2018 - PKS Automation/Common/Workflow Owner Finder' failed)

2018-10-19 12:54:35 - [TEST_CASE][FAILED] - Test Cases/Final Aug 2018 - PKS Automation/Common/Workflow Owner Finder: Test Cases/Final Aug 2018 - PKS Automation/Common/Workflow Owner Finder FAILED because (of) (Stack trace: com.kms.katalon.core.exception.StepFailedException: Unable to click on object 'Object Repository/Final Object Repo/Landing Page/Select to English' (Root cause: com.kms.katalon.core.webui.exception.WebElementNotFoundException: Web element with id: 'Object Repository/Final Object Repo/Landing Page/Select to English' located by 'By.xpath: //a[@class = 'taglib-language-list-text' and @lang = 'en-US' and (contains(text(), 'EN') or contains(., 'EN'))]' not found)
	at com.kms.katalon.core.keyword.internal.KeywordMain.stepFailed(KeywordMain.groovy:32)
	at com.kms.katalon.core.webui.keyword.internal.WebUIKeywordMain.stepFailed(WebUIKeywordMain.groovy:65)
	at com.kms.katalon.core.webui.keyword.internal.WebUIKeywordMain.runKeyword(WebUIKeywordMain.groovy:27)
	at com.kms.katalon.core.webui.keyword.builtin.ClickKeyword.click(ClickKeyword.groovy:86)
	at com.kms.katalon.core.webui.keyword.builtin.ClickKeyword.execute(ClickKeyword.groovy:67)
	at com.kms.katalon.core.keyword.internal.KeywordExecutor.executeKeywordForPlatform(KeywordExecutor.groovy:53)
	at com.kms.katalon.core.webui.keyword.WebUiBuiltInKeywords.click(WebUiBuiltInKeywords.groovy:604)
	at com.kms.katalon.core.webui.keyword.WebUiBuiltInKeywords$click$8.call(Unknown Source)
	at Script1534407542420.run(Script1534407542420.groovy:57)
	at com.kms.katalon.core.main.ScriptEngine.run(ScriptEngine.java:183)
	at com.kms.katalon.core.main.ScriptEngine.runScriptAsRawText(ScriptEngine.java:108)
	at com.kms.katalon.core.main.TestCaseExecutor.runScript(TestCaseExecutor.java:294)
	at com.kms.katalon.core.main.TestCaseExecutor.doExecute(TestCaseExecutor.java:285)
	at com.kms.katalon.core.main.TestCaseExecutor.processExecutionPhase(TestCaseExecutor.java:264)
	at com.kms.katalon.core.main.TestCaseExecutor.accessMainPhase(TestCaseExecutor.java:256)
	at com.kms.katalon.core.main.TestCaseExecutor.execute(TestCaseExecutor.java:200)
	at com.kms.katalon.core.main.TestCaseMain.runTestCase(TestCaseMain.java:99)
	at com.kms.katalon.core.keyword.builtin.CallTestCaseKeyword$_callTestCase_closure1.doCall(CallTestCaseKeyword.groovy:60)
	at com.kms.katalon.core.keyword.builtin.CallTestCaseKeyword$_callTestCase_closure1.call(CallTestCaseKeyword.groovy)
	at com.kms.katalon.core.keyword.internal.KeywordMain.runKeyword(KeywordMain.groovy:54)
	at com.kms.katalon.core.keyword.builtin.CallTestCaseKeyword.callTestCase(CallTestCaseKeyword.groovy:81)
	at com.kms.katalon.core.keyword.builtin.CallTestCaseKeyword.execute(CallTestCaseKeyword.groovy:45)
	at com.kms.katalon.core.keyword.internal.KeywordExecutor.executeKeywordForPlatform(KeywordExecutor.groovy:53)
	at com.kms.katalon.core.keyword.BuiltinKeywords.callTestCase(BuiltinKeywords.groovy:334)
	at sun.reflect.GeneratedMethodAccessor13.invoke(Unknown Source)
	at sun.reflect.DelegatingMethodAccessorImpl.invoke(DelegatingMethodAccessorImpl.java:43)
	at java.lang.reflect.Method.invoke(Method.java:498)
	at org.codehaus.groovy.reflection.CachedMethod.invoke(CachedMethod.java:93)
	at groovy.lang.MetaMethod.doMethodInvoke(MetaMethod.java:325)
	at groovy.lang.MetaClassImpl.invokeStaticMethod(MetaClassImpl.java:1469)
	at org.codehaus.groovy.runtime.callsite.StaticMetaClassSite.call(StaticMetaClassSite.java:53)
	at org.codehaus.groovy.runtime.callsite.AbstractCallSite.call(AbstractCallSite.java:141)
	at Script1535963377509.run(Script1535963377509.groovy:33)
	at com.kms.katalon.core.main.ScriptEngine.run(ScriptEngine.java:183)
	at com.kms.katalon.core.main.ScriptEngine.runScriptAsRawText(ScriptEngine.java:108)
	at com.kms.katalon.core.main.TestCaseExecutor.runScript(TestCaseExecutor.java:294)
	at com.kms.katalon.core.main.TestCaseExecutor.doExecute(TestCaseExecutor.java:285)
	at com.kms.katalon.core.main.TestCaseExecutor.processExecutionPhase(TestCaseExecutor.java:264)
	at com.kms.katalon.core.main.TestCaseExecutor.accessMainPhase(TestCaseExecutor.java:256)
	at com.kms.katalon.core.main.TestCaseExecutor.execute(TestCaseExecutor.java:200)
	at com.kms.katalon.core.main.TestCaseMain.runTestCase(TestCaseMain.java:99)
	at com.kms.katalon.core.keyword.builtin.CallTestCaseKeyword$_callTestCase_closure1.doCall(CallTestCaseKeyword.groovy:60)
	at com.kms.katalon.core.keyword.builtin.CallTestCaseKeyword$_callTestCase_closure1.call(CallTestCaseKeyword.groovy)
	at com.kms.katalon.core.keyword.internal.KeywordMain.runKeyword(KeywordMain.groovy:54)
	at com.kms.katalon.core.keyword.builtin.CallTestCaseKeyword.callTestCase(CallTestCaseKeyword.groovy:81)
	at com.kms.katalon.core.keyword.builtin.CallTestCaseKeyword.execute(CallTestCaseKeyword.groovy:45)
	at com.kms.katalon.core.keyword.internal.KeywordExecutor.executeKeywordForPlatform(KeywordExecutor.groovy:53)
	at com.kms.katalon.core.keyword.BuiltinKeywords.callTestCase(BuiltinKeywords.groovy:334)
	at sun.reflect.GeneratedMethodAccessor13.invoke(Unknown Source)
	at sun.reflect.DelegatingMethodAccessorImpl.invoke(DelegatingMethodAccessorImpl.java:43)
	at java.lang.reflect.Method.invoke(Method.java:498)
	at org.codehaus.groovy.reflection.CachedMethod.invoke(CachedMethod.java:93)
	at groovy.lang.MetaMethod.doMethodInvoke(MetaMethod.java:325)
	at groovy.lang.MetaClassImpl.invokeStaticMethod(MetaClassImpl.java:1469)
	at org.codehaus.groovy.runtime.callsite.StaticMetaClassSite.call(StaticMetaClassSite.java:53)
	at org.codehaus.groovy.runtime.callsite.CallSiteArray.defaultCall(CallSiteArray.java:48)
	at org.codehaus.groovy.runtime.callsite.AbstractCallSite.call(AbstractCallSite.java:113)
	at org.codehaus.groovy.runtime.callsite.AbstractCallSite.call(AbstractCallSite.java:141)
	at Script1536201092101.run(Script1536201092101.groovy:25)
	at com.kms.katalon.core.main.ScriptEngine.run(ScriptEngine.java:183)
	at com.kms.katalon.core.main.ScriptEngine.runScriptAsRawText(ScriptEngine.java:108)
	at com.kms.katalon.core.main.TestCaseExecutor.runScript(TestCaseExecutor.java:294)
	at com.kms.katalon.core.main.TestCaseExecutor.doExecute(TestCaseExecutor.java:285)
	at com.kms.katalon.core.main.TestCaseExecutor.processExecutionPhase(TestCaseExecutor.java:264)
	at com.kms.katalon.core.main.TestCaseExecutor.accessMainPhase(TestCaseExecutor.java:256)
	at com.kms.katalon.core.main.TestCaseExecutor.execute(TestCaseExecutor.java:200)
	at com.kms.katalon.core.main.TestSuiteExecutor.accessTestCaseMainPhase(TestSuiteExecutor.java:129)
	at com.kms.katalon.core.main.TestSuiteExecutor.accessTestSuiteMainPhase(TestSuiteExecutor.java:112)
	at com.kms.katalon.core.main.TestSuiteExecutor.execute(TestSuiteExecutor.java:81)
	at com.kms.katalon.core.main.TestCaseMain.startTestSuite(TestCaseMain.java:142)
	at com.kms.katalon.core.main.TestCaseMain$startTestSuite$0.call(Unknown Source)
	at org.codehaus.groovy.runtime.callsite.CallSiteArray.defaultCall(CallSiteArray.java:48)
	at org.codehaus.groovy.runtime.callsite.AbstractCallSite.call(AbstractCallSite.java:113)
	at org.codehaus.groovy.runtime.callsite.AbstractCallSite.call(AbstractCallSite.java:141)
	at TempTestSuite1539913255508.run(TempTestSuite1539913255508.groovy:36)
	at groovy.lang.GroovyShell.runScriptOrMainOrTestOrRunnable(GroovyShell.java:263)
	at groovy.lang.GroovyShell.run(GroovyShell.java:518)
	at groovy.lang.GroovyShell.run(GroovyShell.java:507)
	at groovy.ui.GroovyMain.processOnce(GroovyMain.java:653)
	at groovy.ui.GroovyMain.run(GroovyMain.java:384)
	at groovy.ui.GroovyMain.process(GroovyMain.java:370)
	at groovy.ui.GroovyMain.processArgs(GroovyMain.java:129)
	at groovy.ui.GroovyMain.main(GroovyMain.java:109)
	at sun.reflect.NativeMethodAccessorImpl.invoke0(Native Method)
	at sun.reflect.NativeMethodAccessorImpl.invoke(NativeMethodAccessorImpl.java:62)
	at sun.reflect.DelegatingMethodAccessorImpl.invoke(DelegatingMethodAccessorImpl.java:43)
	at java.lang.reflect.Method.invoke(Method.java:498)
	at org.codehaus.groovy.tools.GroovyStarter.rootLoader(GroovyStarter.java:109)
	at org.codehaus.groovy.tools.GroovyStarter.main(GroovyStarter.java:131)
)

2018-10-19 12:54:35 - [TEST_STEP][PASSED] - openBrowser: Browser is opened with url: ''

2018-10-19 12:54:35 - [MESSAGE][WARNING] - A browser is already opened. Closing browser and opening a new one

2018-10-19 12:54:39 - [MESSAGE][PASSED] - Browser is opened with url: ''

2018-10-19 12:54:39 - [TEST_STEP][PASSED] - navigateToUrl: Navigate to 'https://assist2-uat.perkeso.gov.my/login' successfully

2018-10-19 12:54:41 - [MESSAGE][PASSED] - Navigate to 'https://assist2-uat.perkeso.gov.my/login' successfully

2018-10-19 12:54:41 - [TEST_STEP][PASSED] - delay: Delayed 5 second(s)

2018-10-19 12:54:46 - [MESSAGE][PASSED] - Delayed 5 second(s)

2018-10-19 12:54:46 - [TEST_STEP][PASSED] - setText: Text 'test@liferay.com' is set on object 'Object Repository/Final Object Repo/Login Page/Internal User/Email Address'

2018-10-19 12:54:47 - [MESSAGE][PASSED] - Text 'test@liferay.com' is set on object 'Object Repository/Final Object Repo/Login Page/Internal User/Email Address'

2018-10-19 12:54:47 - [TEST_STEP][PASSED] - click: Object: 'Object Repository/Final Object Repo/Login Page/Internal User/Next Button' is clicked on

2018-10-19 12:54:47 - [MESSAGE][PASSED] - Object: 'Object Repository/Final Object Repo/Login Page/Internal User/Next Button' is clicked on

2018-10-19 12:54:47 - [TEST_STEP][PASSED] - delay: Delayed 2 second(s)

2018-10-19 12:54:49 - [MESSAGE][PASSED] - Delayed 2 second(s)

2018-10-19 12:54:49 - [TEST_STEP][PASSED] - setText: Text 'test' is set on object 'Object Repository/Final Object Repo/Login Page/Internal User/Password'

2018-10-19 12:54:49 - [MESSAGE][PASSED] - Text 'test' is set on object 'Object Repository/Final Object Repo/Login Page/Internal User/Password'

2018-10-19 12:54:49 - [TEST_STEP][PASSED] - delay: Delayed 2 second(s)

2018-10-19 12:54:51 - [MESSAGE][PASSED] - Delayed 2 second(s)

2018-10-19 12:54:51 - [TEST_STEP][PASSED] - click: Object: 'Object Repository/Final Object Repo/Login Page/Internal User/Login Button' is clicked on

2018-10-19 12:54:51 - [MESSAGE][PASSED] - Object: 'Object Repository/Final Object Repo/Login Page/Internal User/Login Button' is clicked on

2018-10-19 12:54:51 - [TEST_STEP][FAILED] - Statement - Try: Delayed 2 second(s)

2018-10-19 12:54:51 - [TEST_STEP][PASSED] - Statement - Checker = false: null

2018-10-19 12:54:51 - [TEST_STEP][PASSED] - Statement - Checker = com.kms.katalon.core.webui.keyword.WebUiBuiltInKeywords.verifyElementHasAttribute(com.kms.katalon.core.testobject.ObjectRepository.findTestObject(Final Object Repo/Landing Page/BM Detecting), "href", 20, OPTIONAL): Unable to verify if object 'Object Repository/Final Object Repo/Landing Page/BM Detecting' has attribute 'href' (Root cause: org.openqa.selenium.StaleElementReferenceException: stale element reference: element is not attached to the page document
  (Session info: chrome=69.0.3497.100)
  (Driver info: chromedriver=2.35.528161 (5b82f2d2aae0ca24b877009200ced9065a772e73),platform=Windows NT 6.1.7601 SP1 x86_64) (WARNING: The server did not provide any stacktrace information)
Command duration or timeout: 0 milliseconds
For documentation on this error, please visit: http://seleniumhq.org/exceptions/stale_element_reference.html
Build info: version: '3.7.1', revision: '8a0099a', time: '2017-11-06T21:07:36.161Z'
System info: host: 'WEIZHENG', ip: '192.168.137.1', os.name: 'Windows 7', os.arch: 'amd64', os.version: '6.1', java.version: '1.8.0_181'
Driver info: com.kms.katalon.selenium.driver.CChromeDriver
Capabilities {acceptInsecureCerts: false, acceptSslCerts: false, applicationCacheEnabled: false, browserConnectionEnabled: false, browserName: chrome, chrome: {chromedriverVersion: 2.35.528161 (5b82f2d2aae0ca..., userDataDir: C:\Users\WEIZHE~1\AppData\L...}, cssSelectorsEnabled: true, databaseEnabled: false, handlesAlerts: true, hasTouchScreen: false, javascriptEnabled: true, locationContextEnabled: true, mobileEmulationEnabled: false, nativeEvents: true, networkConnectionEnabled: false, pageLoadStrategy: normal, platform: XP, platformName: XP, rotatable: false, setWindowRect: true, takesHeapSnapshot: true, takesScreenshot: true, unexpectedAlertBehaviour: , unhandledPromptBehavior: , version: 69.0.3497.100, webStorageEnabled: true}
Session ID: d1bf2b88dc54d77408cf3e740817b89f)

2018-10-19 12:54:55 - [MESSAGE][WARNING] - Unable to verify if object 'Object Repository/Final Object Repo/Landing Page/BM Detecting' has attribute 'href' (Root cause: org.openqa.selenium.StaleElementReferenceException: stale element reference: element is not attached to the page document
  (Session info: chrome=69.0.3497.100)
  (Driver info: chromedriver=2.35.528161 (5b82f2d2aae0ca24b877009200ced9065a772e73),platform=Windows NT 6.1.7601 SP1 x86_64) (WARNING: The server did not provide any stacktrace information)
Command duration or timeout: 0 milliseconds
For documentation on this error, please visit: http://seleniumhq.org/exceptions/stale_element_reference.html
Build info: version: '3.7.1', revision: '8a0099a', time: '2017-11-06T21:07:36.161Z'
System info: host: 'WEIZHENG', ip: '192.168.137.1', os.name: 'Windows 7', os.arch: 'amd64', os.version: '6.1', java.version: '1.8.0_181'
Driver info: com.kms.katalon.selenium.driver.CChromeDriver
Capabilities {acceptInsecureCerts: false, acceptSslCerts: false, applicationCacheEnabled: false, browserConnectionEnabled: false, browserName: chrome, chrome: {chromedriverVersion: 2.35.528161 (5b82f2d2aae0ca..., userDataDir: C:\Users\WEIZHE~1\AppData\L...}, cssSelectorsEnabled: true, databaseEnabled: false, handlesAlerts: true, hasTouchScreen: false, javascriptEnabled: true, locationContextEnabled: true, mobileEmulationEnabled: false, nativeEvents: true, networkConnectionEnabled: false, pageLoadStrategy: normal, platform: XP, platformName: XP, rotatable: false, setWindowRect: true, takesHeapSnapshot: true, takesScreenshot: true, unexpectedAlertBehaviour: , unhandledPromptBehavior: , version: 69.0.3497.100, webStorageEnabled: true}
Session ID: d1bf2b88dc54d77408cf3e740817b89f)
[[ATTACHMENT|C:\\Users\\LENOVO\\Katalon Studio\\Perkeso Phase A\\Reports\\Workflow\\Form 1A - Cessation as Employer\\20181019_094055\\1539924894833.png]]

2018-10-19 12:54:55 - [TEST_STEP][PASSED] - Statement - out.println(Checker): null

2018-10-19 12:54:55 - [TEST_STEP][FAILED] - Statement - If (Checker == false): Unable to click on object 'Object Repository/Final Object Repo/Landing Page/Select to English' (Root cause: com.kms.katalon.core.webui.exception.WebElementNotFoundException: Web element with id: 'Object Repository/Final Object Repo/Landing Page/Select to English' located by 'By.xpath: //a[@class = 'taglib-language-list-text' and @lang = 'en-US' and (contains(text(), 'EN') or contains(., 'EN'))]' not found)

2018-10-19 12:54:55 - [TEST_STEP][FAILED] - click: Unable to click on object 'Object Repository/Final Object Repo/Landing Page/Select to English' (Root cause: com.kms.katalon.core.webui.exception.WebElementNotFoundException: Web element with id: 'Object Repository/Final Object Repo/Landing Page/Select to English' located by 'By.xpath: //a[@class = 'taglib-language-list-text' and @lang = 'en-US' and (contains(text(), 'EN') or contains(., 'EN'))]' not found)

2018-10-19 12:57:11 - [MESSAGE][FAILED] - Unable to click on object 'Object Repository/Final Object Repo/Landing Page/Select to English' (Root cause: com.kms.katalon.core.webui.exception.WebElementNotFoundException: Web element with id: 'Object Repository/Final Object Repo/Landing Page/Select to English' located by 'By.xpath: //a[@class = 'taglib-language-list-text' and @lang = 'en-US' and (contains(text(), 'EN') or contains(., 'EN'))]' not found)
[[ATTACHMENT|C:\\Users\\LENOVO\\Katalon Studio\\Perkeso Phase A\\Reports\\Workflow\\Form 1A - Cessation as Employer\\20181019_094055\\1539925031090.png]]

2018-10-19 12:57:11 - [TEST_STEP][PASSED] - delay: Delayed 2 second(s)

2018-10-19 12:57:13 - [MESSAGE][PASSED] - Delayed 2 second(s)

2018-10-19 12:57:13 - [TEST_STEP][PASSED] - delay: Delayed 3 second(s)

2018-10-19 12:57:16 - [MESSAGE][PASSED] - Delayed 3 second(s)

2018-10-19 12:57:16 - [TEST_STEP][PASSED] - click: Object: 'Object Repository/Final Object Repo/Landing Page/WorkFlow Menu' is clicked on

2018-10-19 12:57:16 - [MESSAGE][PASSED] - Object: 'Object Repository/Final Object Repo/Landing Page/WorkFlow Menu' is clicked on

2018-10-19 12:57:16 - [TEST_STEP][PASSED] - delay: Delayed 2 second(s)

2018-10-19 12:57:18 - [MESSAGE][PASSED] - Delayed 2 second(s)

2018-10-19 12:57:18 - [TEST_STEP][FAILED] - click: Unable to click on object 'Object Repository/Final Object Repo/Landing Page/Select to Workflow Listing' (Root cause: org.openqa.selenium.ElementNotVisibleException: element not visible
  (Session info: chrome=69.0.3497.100)
  (Driver info: chromedriver=2.35.528161 (5b82f2d2aae0ca24b877009200ced9065a772e73),platform=Windows NT 6.1.7601 SP1 x86_64) (WARNING: The server did not provide any stacktrace information)
Command duration or timeout: 0 milliseconds
Build info: version: '3.7.1', revision: '8a0099a', time: '2017-11-06T21:07:36.161Z'
System info: host: 'WEIZHENG', ip: '192.168.137.1', os.name: 'Windows 7', os.arch: 'amd64', os.version: '6.1', java.version: '1.8.0_181'
Driver info: com.kms.katalon.selenium.driver.CChromeDriver
Capabilities {acceptInsecureCerts: false, acceptSslCerts: false, applicationCacheEnabled: false, browserConnectionEnabled: false, browserName: chrome, chrome: {chromedriverVersion: 2.35.528161 (5b82f2d2aae0ca..., userDataDir: C:\Users\WEIZHE~1\AppData\L...}, cssSelectorsEnabled: true, databaseEnabled: false, handlesAlerts: true, hasTouchScreen: false, javascriptEnabled: true, locationContextEnabled: true, mobileEmulationEnabled: false, nativeEvents: true, networkConnectionEnabled: false, pageLoadStrategy: normal, platform: XP, platformName: XP, rotatable: false, setWindowRect: true, takesHeapSnapshot: true, takesScreenshot: true, unexpectedAlertBehaviour: , unhandledPromptBehavior: , version: 69.0.3497.100, webStorageEnabled: true}
Session ID: d1bf2b88dc54d77408cf3e740817b89f)

2018-10-19 12:57:18 - [MESSAGE][FAILED] - Unable to click on object 'Object Repository/Final Object Repo/Landing Page/Select to Workflow Listing' (Root cause: org.openqa.selenium.ElementNotVisibleException: element not visible
  (Session info: chrome=69.0.3497.100)
  (Driver info: chromedriver=2.35.528161 (5b82f2d2aae0ca24b877009200ced9065a772e73),platform=Windows NT 6.1.7601 SP1 x86_64) (WARNING: The server did not provide any stacktrace information)
Command duration or timeout: 0 milliseconds
Build info: version: '3.7.1', revision: '8a0099a', time: '2017-11-06T21:07:36.161Z'
System info: host: 'WEIZHENG', ip: '192.168.137.1', os.name: 'Windows 7', os.arch: 'amd64', os.version: '6.1', java.version: '1.8.0_181'
Driver info: com.kms.katalon.selenium.driver.CChromeDriver
Capabilities {acceptInsecureCerts: false, acceptSslCerts: false, applicationCacheEnabled: false, browserConnectionEnabled: false, browserName: chrome, chrome: {chromedriverVersion: 2.35.528161 (5b82f2d2aae0ca..., userDataDir: C:\Users\WEIZHE~1\AppData\L...}, cssSelectorsEnabled: true, databaseEnabled: false, handlesAlerts: true, hasTouchScreen: false, javascriptEnabled: true, locationContextEnabled: true, mobileEmulationEnabled: false, nativeEvents: true, networkConnectionEnabled: false, pageLoadStrategy: normal, platform: XP, platformName: XP, rotatable: false, setWindowRect: true, takesHeapSnapshot: true, takesScreenshot: true, unexpectedAlertBehaviour: , unhandledPromptBehavior: , version: 69.0.3497.100, webStorageEnabled: true}
Session ID: d1bf2b88dc54d77408cf3e740817b89f)
[[ATTACHMENT|C:\\Users\\LENOVO\\Katalon Studio\\Perkeso Phase A\\Reports\\Workflow\\Form 1A - Cessation as Employer\\20181019_094055\\1539925038633.png]]

2018-10-19 12:57:18 - [TEST_STEP][PASSED] - delay: Delayed 2 second(s)

2018-10-19 12:57:20 - [MESSAGE][PASSED] - Delayed 2 second(s)

2018-10-19 12:57:20 - [TEST_STEP][FAILED] - click: Unable to click on object 'Object Repository/Final Object Repo/WorkFlow Listing Page/Search Information - To Put Ref No' (Root cause: com.kms.katalon.core.webui.exception.WebElementNotFoundException: Web element with id: 'Object Repository/Final Object Repo/WorkFlow Listing Page/Search Information - To Put Ref No' located by 'By.xpath: //h2[@data-target = '#_workflowlisting_WAR_baseportlet_searchDiv' and (text() = 'Search Information' or . = 'Search Information')]' not found)

2018-10-19 12:59:30 - [MESSAGE][FAILED] - Unable to click on object 'Object Repository/Final Object Repo/WorkFlow Listing Page/Search Information - To Put Ref No' (Root cause: com.kms.katalon.core.webui.exception.WebElementNotFoundException: Web element with id: 'Object Repository/Final Object Repo/WorkFlow Listing Page/Search Information - To Put Ref No' located by 'By.xpath: //h2[@data-target = '#_workflowlisting_WAR_baseportlet_searchDiv' and (text() = 'Search Information' or . = 'Search Information')]' not found)
[[ATTACHMENT|C:\\Users\\LENOVO\\Katalon Studio\\Perkeso Phase A\\Reports\\Workflow\\Form 1A - Cessation as Employer\\20181019_094055\\1539925170127.png]]

2018-10-19 12:59:30 - [TEST_STEP][PASSED] - delay: Delayed 2 second(s)

2018-10-19 12:59:32 - [MESSAGE][PASSED] - Delayed 2 second(s)

2018-10-19 12:59:32 - [TEST_STEP][PASSED] - callTestCase: Call Test Case 'Test Cases/Final Aug 2018 - PKS Automation/Common/Reference Number Getter' successfully

2018-10-19 12:59:32 - [TEST_CASE][PASSED] - Test Cases/Final Aug 2018 - PKS Automation/Common/Reference Number Getter: Test Cases/Final Aug 2018 - PKS Automation/Common/Reference Number Getter

2018-10-19 12:59:32 - [TEST_STEP][PASSED] - Statement - Try: null

2018-10-19 12:59:32 - [TEST_STEP][PASSED] - Statement - RefNo = new java.io.File(C://KatalonReference.txt): null

2018-10-19 12:59:32 - [TEST_STEP][PASSED] - Statement - bufferread = new java.io.BufferedReader(new java.io.FileReader(RefNo)): null

2018-10-19 12:59:32 - [TEST_STEP][PASSED] - Statement - readedVal = bufferread.readLine(): null

2018-10-19 12:59:32 - [TEST_STEP][PASSED] - Statement - out.println(CaseReferenceNo): null

2018-10-19 12:59:32 - [TEST_STEP][PASSED] - Statement - out.println(readedVal): null

2018-10-19 12:59:32 - [TEST_STEP][PASSED] - Statement - CaseReferenceNo = readedVal: null

2018-10-19 12:59:32 - [MESSAGE][PASSED] - Call Test Case 'Test Cases/Final Aug 2018 - PKS Automation/Common/Reference Number Getter' successfully

2018-10-19 12:59:32 - [TEST_STEP][FAILED] - setText: Unable to set text 'CUN102018C200001433' of object 'Object Repository/Final Object Repo/WorkFlow Listing Page/Ref No Set Text' (Root cause: com.kms.katalon.core.webui.exception.WebElementNotFoundException: Web element with id: 'Object Repository/Final Object Repo/WorkFlow Listing Page/Ref No Set Text' located by 'By.xpath: //input[@id = '_workflowlisting_WAR_baseportlet_dto.trxReferenceNum' and @name = '_workflowlisting_WAR_baseportlet_dto.trxReferenceNum' and @type = 'text']' not found)

2018-10-19 13:01:42 - [MESSAGE][FAILED] - Unable to set text 'CUN102018C200001433' of object 'Object Repository/Final Object Repo/WorkFlow Listing Page/Ref No Set Text' (Root cause: com.kms.katalon.core.webui.exception.WebElementNotFoundException: Web element with id: 'Object Repository/Final Object Repo/WorkFlow Listing Page/Ref No Set Text' located by 'By.xpath: //input[@id = '_workflowlisting_WAR_baseportlet_dto.trxReferenceNum' and @name = '_workflowlisting_WAR_baseportlet_dto.trxReferenceNum' and @type = 'text']' not found)
[[ATTACHMENT|C:\\Users\\LENOVO\\Katalon Studio\\Perkeso Phase A\\Reports\\Workflow\\Form 1A - Cessation as Employer\\20181019_094055\\1539925302344.png]]

2018-10-19 13:01:42 - [TEST_STEP][PASSED] - delay: Delayed 2 second(s)

2018-10-19 13:01:44 - [MESSAGE][PASSED] - Delayed 2 second(s)

2018-10-19 13:01:44 - [TEST_STEP][FAILED] - click: Unable to click on object 'Object Repository/Final Object Repo/WorkFlow Listing Page/Search Ref No Search Button' (Root cause: org.openqa.selenium.ElementNotVisibleException: element not visible
  (Session info: chrome=69.0.3497.100)
  (Driver info: chromedriver=2.35.528161 (5b82f2d2aae0ca24b877009200ced9065a772e73),platform=Windows NT 6.1.7601 SP1 x86_64) (WARNING: The server did not provide any stacktrace information)
Command duration or timeout: 0 milliseconds
Build info: version: '3.7.1', revision: '8a0099a', time: '2017-11-06T21:07:36.161Z'
System info: host: 'WEIZHENG', ip: '192.168.137.1', os.name: 'Windows 7', os.arch: 'amd64', os.version: '6.1', java.version: '1.8.0_181'
Driver info: com.kms.katalon.selenium.driver.CChromeDriver
Capabilities {acceptInsecureCerts: false, acceptSslCerts: false, applicationCacheEnabled: false, browserConnectionEnabled: false, browserName: chrome, chrome: {chromedriverVersion: 2.35.528161 (5b82f2d2aae0ca..., userDataDir: C:\Users\WEIZHE~1\AppData\L...}, cssSelectorsEnabled: true, databaseEnabled: false, handlesAlerts: true, hasTouchScreen: false, javascriptEnabled: true, locationContextEnabled: true, mobileEmulationEnabled: false, nativeEvents: true, networkConnectionEnabled: false, pageLoadStrategy: normal, platform: XP, platformName: XP, rotatable: false, setWindowRect: true, takesHeapSnapshot: true, takesScreenshot: true, unexpectedAlertBehaviour: , unhandledPromptBehavior: , version: 69.0.3497.100, webStorageEnabled: true}
Session ID: d1bf2b88dc54d77408cf3e740817b89f)

2018-10-19 13:01:45 - [MESSAGE][FAILED] - Unable to click on object 'Object Repository/Final Object Repo/WorkFlow Listing Page/Search Ref No Search Button' (Root cause: org.openqa.selenium.ElementNotVisibleException: element not visible
  (Session info: chrome=69.0.3497.100)
  (Driver info: chromedriver=2.35.528161 (5b82f2d2aae0ca24b877009200ced9065a772e73),platform=Windows NT 6.1.7601 SP1 x86_64) (WARNING: The server did not provide any stacktrace information)
Command duration or timeout: 0 milliseconds
Build info: version: '3.7.1', revision: '8a0099a', time: '2017-11-06T21:07:36.161Z'
System info: host: 'WEIZHENG', ip: '192.168.137.1', os.name: 'Windows 7', os.arch: 'amd64', os.version: '6.1', java.version: '1.8.0_181'
Driver info: com.kms.katalon.selenium.driver.CChromeDriver
Capabilities {acceptInsecureCerts: false, acceptSslCerts: false, applicationCacheEnabled: false, browserConnectionEnabled: false, browserName: chrome, chrome: {chromedriverVersion: 2.35.528161 (5b82f2d2aae0ca..., userDataDir: C:\Users\WEIZHE~1\AppData\L...}, cssSelectorsEnabled: true, databaseEnabled: false, handlesAlerts: true, hasTouchScreen: false, javascriptEnabled: true, locationContextEnabled: true, mobileEmulationEnabled: false, nativeEvents: true, networkConnectionEnabled: false, pageLoadStrategy: normal, platform: XP, platformName: XP, rotatable: false, setWindowRect: true, takesHeapSnapshot: true, takesScreenshot: true, unexpectedAlertBehaviour: , unhandledPromptBehavior: , version: 69.0.3497.100, webStorageEnabled: true}
Session ID: d1bf2b88dc54d77408cf3e740817b89f)
[[ATTACHMENT|C:\\Users\\LENOVO\\Katalon Studio\\Perkeso Phase A\\Reports\\Workflow\\Form 1A - Cessation as Employer\\20181019_094055\\1539925304698.png]]

2018-10-19 13:01:45 - [TEST_STEP][PASSED] - delay: Delayed 4 second(s)

2018-10-19 13:01:49 - [MESSAGE][PASSED] - Delayed 4 second(s)

2018-10-19 13:01:49 - [TEST_STEP][PASSED] - click: Object: 'Object Repository/Final Object Repo/WorkFlow Listing Page/Click Continue Tooltip' is clicked on

2018-10-19 13:01:50 - [MESSAGE][PASSED] - Object: 'Object Repository/Final Object Repo/WorkFlow Listing Page/Click Continue Tooltip' is clicked on

2018-10-19 13:01:50 - [TEST_STEP][PASSED] - delay: Delayed 5 second(s)

2018-10-19 13:01:55 - [MESSAGE][PASSED] - Delayed 5 second(s)

2018-10-19 13:01:55 - [TEST_STEP][FAILED] - doubleClick: Unable to double click on object 'Object Repository/Final Object Repo/WorkFlow Listing Page/Workflow Found - Listing 1' (Root cause: com.kms.katalon.core.webui.exception.WebElementNotFoundException: Web element with id: 'Object Repository/Final Object Repo/WorkFlow Listing Page/Workflow Found - Listing 1' located by 'By.xpath: //body/div/div/div/div/div/div/div/div/div/div/div/div/div/div/div/div/table/tbody/tr/td[@class='table-cell  first']/following-sibling::td[1]' not found)

2018-10-19 13:04:05 - [MESSAGE][FAILED] - Unable to double click on object 'Object Repository/Final Object Repo/WorkFlow Listing Page/Workflow Found - Listing 1' (Root cause: com.kms.katalon.core.webui.exception.WebElementNotFoundException: Web element with id: 'Object Repository/Final Object Repo/WorkFlow Listing Page/Workflow Found - Listing 1' located by 'By.xpath: //body/div/div/div/div/div/div/div/div/div/div/div/div/div/div/div/div/table/tbody/tr/td[@class='table-cell  first']/following-sibling::td[1]' not found)
[[ATTACHMENT|C:\\Users\\LENOVO\\Katalon Studio\\Perkeso Phase A\\Reports\\Workflow\\Form 1A - Cessation as Employer\\20181019_094055\\1539925444958.png]]

2018-10-19 13:04:05 - [MESSAGE][FAILED] - Unable to call Test Case with id 'Test Cases/Final Aug 2018 - PKS Automation/Common/Workflow Owner Finder' (Root cause: Call Test Case 'Test Cases/Final Aug 2018 - PKS Automation/Common/Workflow Owner Finder' failed)

2018-10-19 13:04:05 - [MESSAGE][FAILED] - Unable to call Test Case with id 'Test Cases/Final Aug 2018 - PKS Automation/Registration Module/Workflow/Form 1A - Cessation As Employer/Template/Form 1 A - Cessation As Employer (Query)' (Root cause: Call Test Case 'Test Cases/Final Aug 2018 - PKS Automation/Registration Module/Workflow/Form 1A - Cessation As Employer/Template/Form 1 A - Cessation As Employer (Query)' failed)]]></system-out>
         <system-err><![CDATA[2018-10-19 12:53:19 - [TEST_CASE][FAILED] - Test Cases/Final Aug 2018 - PKS Automation/Registration Module/Workflow/Form 1A - Cessation As Employer/PKRBO to UO (Query): Test Cases/Final Aug 2018 - PKS Automation/Registration Module/Workflow/Form 1A - Cessation As Employer/PKRBO to UO (Query) FAILED because (of) (Stack trace: com.kms.katalon.core.exception.StepFailedException: Unable to click on object 'Object Repository/Final Object Repo/Landing Page/Select to English' (Root cause: com.kms.katalon.core.webui.exception.WebElementNotFoundException: Web element with id: 'Object Repository/Final Object Repo/Landing Page/Select to English' located by 'By.xpath: //a[@class = 'taglib-language-list-text' and @lang = 'en-US' and (contains(text(), 'EN') or contains(., 'EN'))]' not found)
	at com.kms.katalon.core.keyword.internal.KeywordMain.stepFailed(KeywordMain.groovy:32)
	at com.kms.katalon.core.webui.keyword.internal.WebUIKeywordMain.stepFailed(WebUIKeywordMain.groovy:65)
	at com.kms.katalon.core.webui.keyword.internal.WebUIKeywordMain.runKeyword(WebUIKeywordMain.groovy:27)
	at com.kms.katalon.core.webui.keyword.builtin.ClickKeyword.click(ClickKeyword.groovy:86)
	at com.kms.katalon.core.webui.keyword.builtin.ClickKeyword.execute(ClickKeyword.groovy:67)
	at com.kms.katalon.core.keyword.internal.KeywordExecutor.executeKeywordForPlatform(KeywordExecutor.groovy:53)
	at com.kms.katalon.core.webui.keyword.WebUiBuiltInKeywords.click(WebUiBuiltInKeywords.groovy:604)
	at com.kms.katalon.core.webui.keyword.WebUiBuiltInKeywords$click$8.call(Unknown Source)
	at Script1534407542420.run(Script1534407542420.groovy:57)
	at com.kms.katalon.core.main.ScriptEngine.run(ScriptEngine.java:183)
	at com.kms.katalon.core.main.ScriptEngine.runScriptAsRawText(ScriptEngine.java:108)
	at com.kms.katalon.core.main.TestCaseExecutor.runScript(TestCaseExecutor.java:294)
	at com.kms.katalon.core.main.TestCaseExecutor.doExecute(TestCaseExecutor.java:285)
	at com.kms.katalon.core.main.TestCaseExecutor.processExecutionPhase(TestCaseExecutor.java:264)
	at com.kms.katalon.core.main.TestCaseExecutor.accessMainPhase(TestCaseExecutor.java:256)
	at com.kms.katalon.core.main.TestCaseExecutor.execute(TestCaseExecutor.java:200)
	at com.kms.katalon.core.main.TestCaseMain.runTestCase(TestCaseMain.java:99)
	at com.kms.katalon.core.keyword.builtin.CallTestCaseKeyword$_callTestCase_closure1.doCall(CallTestCaseKeyword.groovy:60)
	at com.kms.katalon.core.keyword.builtin.CallTestCaseKeyword$_callTestCase_closure1.call(CallTestCaseKeyword.groovy)
	at com.kms.katalon.core.keyword.internal.KeywordMain.runKeyword(KeywordMain.groovy:54)
	at com.kms.katalon.core.keyword.builtin.CallTestCaseKeyword.callTestCase(CallTestCaseKeyword.groovy:81)
	at com.kms.katalon.core.keyword.builtin.CallTestCaseKeyword.execute(CallTestCaseKeyword.groovy:45)
	at com.kms.katalon.core.keyword.internal.KeywordExecutor.executeKeywordForPlatform(KeywordExecutor.groovy:53)
	at com.kms.katalon.core.keyword.BuiltinKeywords.callTestCase(BuiltinKeywords.groovy:334)
	at sun.reflect.GeneratedMethodAccessor13.invoke(Unknown Source)
	at sun.reflect.DelegatingMethodAccessorImpl.invoke(DelegatingMethodAccessorImpl.java:43)
	at java.lang.reflect.Method.invoke(Method.java:498)
	at org.codehaus.groovy.reflection.CachedMethod.invoke(CachedMethod.java:93)
	at groovy.lang.MetaMethod.doMethodInvoke(MetaMethod.java:325)
	at groovy.lang.MetaClassImpl.invokeStaticMethod(MetaClassImpl.java:1469)
	at org.codehaus.groovy.runtime.callsite.StaticMetaClassSite.call(StaticMetaClassSite.java:53)
	at org.codehaus.groovy.runtime.callsite.AbstractCallSite.call(AbstractCallSite.java:141)
	at Script1535963377509.run(Script1535963377509.groovy:33)
	at com.kms.katalon.core.main.ScriptEngine.run(ScriptEngine.java:183)
	at com.kms.katalon.core.main.ScriptEngine.runScriptAsRawText(ScriptEngine.java:108)
	at com.kms.katalon.core.main.TestCaseExecutor.runScript(TestCaseExecutor.java:294)
	at com.kms.katalon.core.main.TestCaseExecutor.doExecute(TestCaseExecutor.java:285)
	at com.kms.katalon.core.main.TestCaseExecutor.processExecutionPhase(TestCaseExecutor.java:264)
	at com.kms.katalon.core.main.TestCaseExecutor.accessMainPhase(TestCaseExecutor.java:256)
	at com.kms.katalon.core.main.TestCaseExecutor.execute(TestCaseExecutor.java:200)
	at com.kms.katalon.core.main.TestCaseMain.runTestCase(TestCaseMain.java:99)
	at com.kms.katalon.core.keyword.builtin.CallTestCaseKeyword$_callTestCase_closure1.doCall(CallTestCaseKeyword.groovy:60)
	at com.kms.katalon.core.keyword.builtin.CallTestCaseKeyword$_callTestCase_closure1.call(CallTestCaseKeyword.groovy)
	at com.kms.katalon.core.keyword.internal.KeywordMain.runKeyword(KeywordMain.groovy:54)
	at com.kms.katalon.core.keyword.builtin.CallTestCaseKeyword.callTestCase(CallTestCaseKeyword.groovy:81)
	at com.kms.katalon.core.keyword.builtin.CallTestCaseKeyword.execute(CallTestCaseKeyword.groovy:45)
	at com.kms.katalon.core.keyword.internal.KeywordExecutor.executeKeywordForPlatform(KeywordExecutor.groovy:53)
	at com.kms.katalon.core.keyword.BuiltinKeywords.callTestCase(BuiltinKeywords.groovy:334)
	at sun.reflect.GeneratedMethodAccessor13.invoke(Unknown Source)
	at sun.reflect.DelegatingMethodAccessorImpl.invoke(DelegatingMethodAccessorImpl.java:43)
	at java.lang.reflect.Method.invoke(Method.java:498)
	at org.codehaus.groovy.reflection.CachedMethod.invoke(CachedMethod.java:93)
	at groovy.lang.MetaMethod.doMethodInvoke(MetaMethod.java:325)
	at groovy.lang.MetaClassImpl.invokeStaticMethod(MetaClassImpl.java:1469)
	at org.codehaus.groovy.runtime.callsite.StaticMetaClassSite.call(StaticMetaClassSite.java:53)
	at org.codehaus.groovy.runtime.callsite.CallSiteArray.defaultCall(CallSiteArray.java:48)
	at org.codehaus.groovy.runtime.callsite.AbstractCallSite.call(AbstractCallSite.java:113)
	at org.codehaus.groovy.runtime.callsite.AbstractCallSite.call(AbstractCallSite.java:141)
	at Script1536201092101.run(Script1536201092101.groovy:25)
	at com.kms.katalon.core.main.ScriptEngine.run(ScriptEngine.java:183)
	at com.kms.katalon.core.main.ScriptEngine.runScriptAsRawText(ScriptEngine.java:108)
	at com.kms.katalon.core.main.TestCaseExecutor.runScript(TestCaseExecutor.java:294)
	at com.kms.katalon.core.main.TestCaseExecutor.doExecute(TestCaseExecutor.java:285)
	at com.kms.katalon.core.main.TestCaseExecutor.processExecutionPhase(TestCaseExecutor.java:264)
	at com.kms.katalon.core.main.TestCaseExecutor.accessMainPhase(TestCaseExecutor.java:256)
	at com.kms.katalon.core.main.TestCaseExecutor.execute(TestCaseExecutor.java:200)
	at com.kms.katalon.core.main.TestSuiteExecutor.accessTestCaseMainPhase(TestSuiteExecutor.java:129)
	at com.kms.katalon.core.main.TestSuiteExecutor.accessTestSuiteMainPhase(TestSuiteExecutor.java:112)
	at com.kms.katalon.core.main.TestSuiteExecutor.execute(TestSuiteExecutor.java:81)
	at com.kms.katalon.core.main.TestCaseMain.startTestSuite(TestCaseMain.java:142)
	at com.kms.katalon.core.main.TestCaseMain$startTestSuite$0.call(Unknown Source)
	at org.codehaus.groovy.runtime.callsite.CallSiteArray.defaultCall(CallSiteArray.java:48)
	at org.codehaus.groovy.runtime.callsite.AbstractCallSite.call(AbstractCallSite.java:113)
	at org.codehaus.groovy.runtime.callsite.AbstractCallSite.call(AbstractCallSite.java:141)
	at TempTestSuite1539913255508.run(TempTestSuite1539913255508.groovy:36)
	at groovy.lang.GroovyShell.runScriptOrMainOrTestOrRunnable(GroovyShell.java:263)
	at groovy.lang.GroovyShell.run(GroovyShell.java:518)
	at groovy.lang.GroovyShell.run(GroovyShell.java:507)
	at groovy.ui.GroovyMain.processOnce(GroovyMain.java:653)
	at groovy.ui.GroovyMain.run(GroovyMain.java:384)
	at groovy.ui.GroovyMain.process(GroovyMain.java:370)
	at groovy.ui.GroovyMain.processArgs(GroovyMain.java:129)
	at groovy.ui.GroovyMain.main(GroovyMain.java:109)
	at sun.reflect.NativeMethodAccessorImpl.invoke0(Native Method)
	at sun.reflect.NativeMethodAccessorImpl.invoke(NativeMethodAccessorImpl.java:62)
	at sun.reflect.DelegatingMethodAccessorImpl.invoke(DelegatingMethodAccessorImpl.java:43)
	at java.lang.reflect.Method.invoke(Method.java:498)
	at org.codehaus.groovy.tools.GroovyStarter.rootLoader(GroovyStarter.java:109)
	at org.codehaus.groovy.tools.GroovyStarter.main(GroovyStarter.java:131)
)]]></system-err>
      </testcase>
      <testcase name="Test Cases/Final Aug 2018 - PKS Automation/Registration Module/Workflow/Form 1A - Cessation As Employer/PKRBO to UO (Reject)" classname="Test Cases/Final Aug 2018 - PKS Automation/Registration Module/Workflow/Form 1A - Cessation As Employer/PKRBO to UO (Reject)" status="FAILED">
         <failure type="FAILED" message="(Stack trace: com.kms.katalon.core.exception.StepFailedException: Unable to click on object 'Object Repository/Final Object Repo/Landing Page/Select to English' (Root cause: com.kms.katalon.core.webui.exception.WebElementNotFoundException: Web element with id: 'Object Repository/Final Object Repo/Landing Page/Select to English' located by 'By.xpath: //a[@class = 'taglib-language-list-text' and @lang = 'en-US' and (contains(text(), 'EN') or contains(., 'EN'))]' not found)
	at com.kms.katalon.core.keyword.internal.KeywordMain.stepFailed(KeywordMain.groovy:32)
	at com.kms.katalon.core.webui.keyword.internal.WebUIKeywordMain.stepFailed(WebUIKeywordMain.groovy:65)
	at com.kms.katalon.core.webui.keyword.internal.WebUIKeywordMain.runKeyword(WebUIKeywordMain.groovy:27)
	at com.kms.katalon.core.webui.keyword.builtin.ClickKeyword.click(ClickKeyword.groovy:86)
	at com.kms.katalon.core.webui.keyword.builtin.ClickKeyword.execute(ClickKeyword.groovy:67)
	at com.kms.katalon.core.keyword.internal.KeywordExecutor.executeKeywordForPlatform(KeywordExecutor.groovy:53)
	at com.kms.katalon.core.webui.keyword.WebUiBuiltInKeywords.click(WebUiBuiltInKeywords.groovy:604)
	at com.kms.katalon.core.webui.keyword.WebUiBuiltInKeywords$click$8.call(Unknown Source)
	at Script1534407542420.run(Script1534407542420.groovy:57)
	at com.kms.katalon.core.main.ScriptEngine.run(ScriptEngine.java:183)
	at com.kms.katalon.core.main.ScriptEngine.runScriptAsRawText(ScriptEngine.java:108)
	at com.kms.katalon.core.main.TestCaseExecutor.runScript(TestCaseExecutor.java:294)
	at com.kms.katalon.core.main.TestCaseExecutor.doExecute(TestCaseExecutor.java:285)
	at com.kms.katalon.core.main.TestCaseExecutor.processExecutionPhase(TestCaseExecutor.java:264)
	at com.kms.katalon.core.main.TestCaseExecutor.accessMainPhase(TestCaseExecutor.java:256)
	at com.kms.katalon.core.main.TestCaseExecutor.execute(TestCaseExecutor.java:200)
	at com.kms.katalon.core.main.TestCaseMain.runTestCase(TestCaseMain.java:99)
	at com.kms.katalon.core.keyword.builtin.CallTestCaseKeyword$_callTestCase_closure1.doCall(CallTestCaseKeyword.groovy:60)
	at com.kms.katalon.core.keyword.builtin.CallTestCaseKeyword$_callTestCase_closure1.call(CallTestCaseKeyword.groovy)
	at com.kms.katalon.core.keyword.internal.KeywordMain.runKeyword(KeywordMain.groovy:54)
	at com.kms.katalon.core.keyword.builtin.CallTestCaseKeyword.callTestCase(CallTestCaseKeyword.groovy:81)
	at com.kms.katalon.core.keyword.builtin.CallTestCaseKeyword.execute(CallTestCaseKeyword.groovy:45)
	at com.kms.katalon.core.keyword.internal.KeywordExecutor.executeKeywordForPlatform(KeywordExecutor.groovy:53)
	at com.kms.katalon.core.keyword.BuiltinKeywords.callTestCase(BuiltinKeywords.groovy:334)
	at sun.reflect.GeneratedMethodAccessor13.invoke(Unknown Source)
	at sun.reflect.DelegatingMethodAccessorImpl.invoke(DelegatingMethodAccessorImpl.java:43)
	at java.lang.reflect.Method.invoke(Method.java:498)
	at org.codehaus.groovy.reflection.CachedMethod.invoke(CachedMethod.java:93)
	at groovy.lang.MetaMethod.doMethodInvoke(MetaMethod.java:325)
	at groovy.lang.MetaClassImpl.invokeStaticMethod(MetaClassImpl.java:1469)
	at org.codehaus.groovy.runtime.callsite.StaticMetaClassSite.call(StaticMetaClassSite.java:53)
	at org.codehaus.groovy.runtime.callsite.AbstractCallSite.call(AbstractCallSite.java:141)
	at Script1536137459454.run(Script1536137459454.groovy:34)
	at com.kms.katalon.core.main.ScriptEngine.run(ScriptEngine.java:183)
	at com.kms.katalon.core.main.ScriptEngine.runScriptAsRawText(ScriptEngine.java:108)
	at com.kms.katalon.core.main.TestCaseExecutor.runScript(TestCaseExecutor.java:294)
	at com.kms.katalon.core.main.TestCaseExecutor.doExecute(TestCaseExecutor.java:285)
	at com.kms.katalon.core.main.TestCaseExecutor.processExecutionPhase(TestCaseExecutor.java:264)
	at com.kms.katalon.core.main.TestCaseExecutor.accessMainPhase(TestCaseExecutor.java:256)
	at com.kms.katalon.core.main.TestCaseExecutor.execute(TestCaseExecutor.java:200)
	at com.kms.katalon.core.main.TestCaseMain.runTestCase(TestCaseMain.java:99)
	at com.kms.katalon.core.keyword.builtin.CallTestCaseKeyword$_callTestCase_closure1.doCall(CallTestCaseKeyword.groovy:60)
	at com.kms.katalon.core.keyword.builtin.CallTestCaseKeyword$_callTestCase_closure1.call(CallTestCaseKeyword.groovy)
	at com.kms.katalon.core.keyword.internal.KeywordMain.runKeyword(KeywordMain.groovy:54)
	at com.kms.katalon.core.keyword.builtin.CallTestCaseKeyword.callTestCase(CallTestCaseKeyword.groovy:81)
	at com.kms.katalon.core.keyword.builtin.CallTestCaseKeyword.execute(CallTestCaseKeyword.groovy:45)
	at com.kms.katalon.core.keyword.internal.KeywordExecutor.executeKeywordForPlatform(KeywordExecutor.groovy:53)
	at com.kms.katalon.core.keyword.BuiltinKeywords.callTestCase(BuiltinKeywords.groovy:334)
	at sun.reflect.GeneratedMethodAccessor13.invoke(Unknown Source)
	at sun.reflect.DelegatingMethodAccessorImpl.invoke(DelegatingMethodAccessorImpl.java:43)
	at java.lang.reflect.Method.invoke(Method.java:498)
	at org.codehaus.groovy.reflection.CachedMethod.invoke(CachedMethod.java:93)
	at groovy.lang.MetaMethod.doMethodInvoke(MetaMethod.java:325)
	at groovy.lang.MetaClassImpl.invokeStaticMethod(MetaClassImpl.java:1469)
	at org.codehaus.groovy.runtime.callsite.StaticMetaClassSite.call(StaticMetaClassSite.java:53)
	at org.codehaus.groovy.runtime.callsite.CallSiteArray.defaultCall(CallSiteArray.java:48)
	at org.codehaus.groovy.runtime.callsite.AbstractCallSite.call(AbstractCallSite.java:113)
	at org.codehaus.groovy.runtime.callsite.AbstractCallSite.call(AbstractCallSite.java:141)
	at Script1536138955713.run(Script1536138955713.groovy:25)
	at com.kms.katalon.core.main.ScriptEngine.run(ScriptEngine.java:183)
	at com.kms.katalon.core.main.ScriptEngine.runScriptAsRawText(ScriptEngine.java:108)
	at com.kms.katalon.core.main.TestCaseExecutor.runScript(TestCaseExecutor.java:294)
	at com.kms.katalon.core.main.TestCaseExecutor.doExecute(TestCaseExecutor.java:285)
	at com.kms.katalon.core.main.TestCaseExecutor.processExecutionPhase(TestCaseExecutor.java:264)
	at com.kms.katalon.core.main.TestCaseExecutor.accessMainPhase(TestCaseExecutor.java:256)
	at com.kms.katalon.core.main.TestCaseExecutor.execute(TestCaseExecutor.java:200)
	at com.kms.katalon.core.main.TestSuiteExecutor.accessTestCaseMainPhase(TestSuiteExecutor.java:129)
	at com.kms.katalon.core.main.TestSuiteExecutor.accessTestSuiteMainPhase(TestSuiteExecutor.java:112)
	at com.kms.katalon.core.main.TestSuiteExecutor.execute(TestSuiteExecutor.java:81)
	at com.kms.katalon.core.main.TestCaseMain.startTestSuite(TestCaseMain.java:142)
	at com.kms.katalon.core.main.TestCaseMain$startTestSuite$0.call(Unknown Source)
	at org.codehaus.groovy.runtime.callsite.CallSiteArray.defaultCall(CallSiteArray.java:48)
	at org.codehaus.groovy.runtime.callsite.AbstractCallSite.call(AbstractCallSite.java:113)
	at org.codehaus.groovy.runtime.callsite.AbstractCallSite.call(AbstractCallSite.java:141)
	at TempTestSuite1539913255508.run(TempTestSuite1539913255508.groovy:36)
	at groovy.lang.GroovyShell.runScriptOrMainOrTestOrRunnable(GroovyShell.java:263)
	at groovy.lang.GroovyShell.run(GroovyShell.java:518)
	at groovy.lang.GroovyShell.run(GroovyShell.java:507)
	at groovy.ui.GroovyMain.processOnce(GroovyMain.java:653)
	at groovy.ui.GroovyMain.run(GroovyMain.java:384)
	at groovy.ui.GroovyMain.process(GroovyMain.java:370)
	at groovy.ui.GroovyMain.processArgs(GroovyMain.java:129)
	at groovy.ui.GroovyMain.main(GroovyMain.java:109)
	at sun.reflect.NativeMethodAccessorImpl.invoke0(Native Method)
	at sun.reflect.NativeMethodAccessorImpl.invoke(NativeMethodAccessorImpl.java:62)
	at sun.reflect.DelegatingMethodAccessorImpl.invoke(DelegatingMethodAccessorImpl.java:43)
	at java.lang.reflect.Method.invoke(Method.java:498)
	at org.codehaus.groovy.tools.GroovyStarter.rootLoader(GroovyStarter.java:109)
	at org.codehaus.groovy.tools.GroovyStarter.main(GroovyStarter.java:131)
)"/>
         <system-out><![CDATA[2018-10-19 13:04:05 - [TEST_CASE][FAILED] - Test Cases/Final Aug 2018 - PKS Automation/Registration Module/Workflow/Form 1A - Cessation As Employer/PKRBO to UO (Reject): Test Cases/Final Aug 2018 - PKS Automation/Registration Module/Workflow/Form 1A - Cessation As Employer/PKRBO to UO (Reject) FAILED because (of) (Stack trace: com.kms.katalon.core.exception.StepFailedException: Unable to click on object 'Object Repository/Final Object Repo/Landing Page/Select to English' (Root cause: com.kms.katalon.core.webui.exception.WebElementNotFoundException: Web element with id: 'Object Repository/Final Object Repo/Landing Page/Select to English' located by 'By.xpath: //a[@class = 'taglib-language-list-text' and @lang = 'en-US' and (contains(text(), 'EN') or contains(., 'EN'))]' not found)
	at com.kms.katalon.core.keyword.internal.KeywordMain.stepFailed(KeywordMain.groovy:32)
	at com.kms.katalon.core.webui.keyword.internal.WebUIKeywordMain.stepFailed(WebUIKeywordMain.groovy:65)
	at com.kms.katalon.core.webui.keyword.internal.WebUIKeywordMain.runKeyword(WebUIKeywordMain.groovy:27)
	at com.kms.katalon.core.webui.keyword.builtin.ClickKeyword.click(ClickKeyword.groovy:86)
	at com.kms.katalon.core.webui.keyword.builtin.ClickKeyword.execute(ClickKeyword.groovy:67)
	at com.kms.katalon.core.keyword.internal.KeywordExecutor.executeKeywordForPlatform(KeywordExecutor.groovy:53)
	at com.kms.katalon.core.webui.keyword.WebUiBuiltInKeywords.click(WebUiBuiltInKeywords.groovy:604)
	at com.kms.katalon.core.webui.keyword.WebUiBuiltInKeywords$click$8.call(Unknown Source)
	at Script1534407542420.run(Script1534407542420.groovy:57)
	at com.kms.katalon.core.main.ScriptEngine.run(ScriptEngine.java:183)
	at com.kms.katalon.core.main.ScriptEngine.runScriptAsRawText(ScriptEngine.java:108)
	at com.kms.katalon.core.main.TestCaseExecutor.runScript(TestCaseExecutor.java:294)
	at com.kms.katalon.core.main.TestCaseExecutor.doExecute(TestCaseExecutor.java:285)
	at com.kms.katalon.core.main.TestCaseExecutor.processExecutionPhase(TestCaseExecutor.java:264)
	at com.kms.katalon.core.main.TestCaseExecutor.accessMainPhase(TestCaseExecutor.java:256)
	at com.kms.katalon.core.main.TestCaseExecutor.execute(TestCaseExecutor.java:200)
	at com.kms.katalon.core.main.TestCaseMain.runTestCase(TestCaseMain.java:99)
	at com.kms.katalon.core.keyword.builtin.CallTestCaseKeyword$_callTestCase_closure1.doCall(CallTestCaseKeyword.groovy:60)
	at com.kms.katalon.core.keyword.builtin.CallTestCaseKeyword$_callTestCase_closure1.call(CallTestCaseKeyword.groovy)
	at com.kms.katalon.core.keyword.internal.KeywordMain.runKeyword(KeywordMain.groovy:54)
	at com.kms.katalon.core.keyword.builtin.CallTestCaseKeyword.callTestCase(CallTestCaseKeyword.groovy:81)
	at com.kms.katalon.core.keyword.builtin.CallTestCaseKeyword.execute(CallTestCaseKeyword.groovy:45)
	at com.kms.katalon.core.keyword.internal.KeywordExecutor.executeKeywordForPlatform(KeywordExecutor.groovy:53)
	at com.kms.katalon.core.keyword.BuiltinKeywords.callTestCase(BuiltinKeywords.groovy:334)
	at sun.reflect.GeneratedMethodAccessor13.invoke(Unknown Source)
	at sun.reflect.DelegatingMethodAccessorImpl.invoke(DelegatingMethodAccessorImpl.java:43)
	at java.lang.reflect.Method.invoke(Method.java:498)
	at org.codehaus.groovy.reflection.CachedMethod.invoke(CachedMethod.java:93)
	at groovy.lang.MetaMethod.doMethodInvoke(MetaMethod.java:325)
	at groovy.lang.MetaClassImpl.invokeStaticMethod(MetaClassImpl.java:1469)
	at org.codehaus.groovy.runtime.callsite.StaticMetaClassSite.call(StaticMetaClassSite.java:53)
	at org.codehaus.groovy.runtime.callsite.AbstractCallSite.call(AbstractCallSite.java:141)
	at Script1536137459454.run(Script1536137459454.groovy:34)
	at com.kms.katalon.core.main.ScriptEngine.run(ScriptEngine.java:183)
	at com.kms.katalon.core.main.ScriptEngine.runScriptAsRawText(ScriptEngine.java:108)
	at com.kms.katalon.core.main.TestCaseExecutor.runScript(TestCaseExecutor.java:294)
	at com.kms.katalon.core.main.TestCaseExecutor.doExecute(TestCaseExecutor.java:285)
	at com.kms.katalon.core.main.TestCaseExecutor.processExecutionPhase(TestCaseExecutor.java:264)
	at com.kms.katalon.core.main.TestCaseExecutor.accessMainPhase(TestCaseExecutor.java:256)
	at com.kms.katalon.core.main.TestCaseExecutor.execute(TestCaseExecutor.java:200)
	at com.kms.katalon.core.main.TestCaseMain.runTestCase(TestCaseMain.java:99)
	at com.kms.katalon.core.keyword.builtin.CallTestCaseKeyword$_callTestCase_closure1.doCall(CallTestCaseKeyword.groovy:60)
	at com.kms.katalon.core.keyword.builtin.CallTestCaseKeyword$_callTestCase_closure1.call(CallTestCaseKeyword.groovy)
	at com.kms.katalon.core.keyword.internal.KeywordMain.runKeyword(KeywordMain.groovy:54)
	at com.kms.katalon.core.keyword.builtin.CallTestCaseKeyword.callTestCase(CallTestCaseKeyword.groovy:81)
	at com.kms.katalon.core.keyword.builtin.CallTestCaseKeyword.execute(CallTestCaseKeyword.groovy:45)
	at com.kms.katalon.core.keyword.internal.KeywordExecutor.executeKeywordForPlatform(KeywordExecutor.groovy:53)
	at com.kms.katalon.core.keyword.BuiltinKeywords.callTestCase(BuiltinKeywords.groovy:334)
	at sun.reflect.GeneratedMethodAccessor13.invoke(Unknown Source)
	at sun.reflect.DelegatingMethodAccessorImpl.invoke(DelegatingMethodAccessorImpl.java:43)
	at java.lang.reflect.Method.invoke(Method.java:498)
	at org.codehaus.groovy.reflection.CachedMethod.invoke(CachedMethod.java:93)
	at groovy.lang.MetaMethod.doMethodInvoke(MetaMethod.java:325)
	at groovy.lang.MetaClassImpl.invokeStaticMethod(MetaClassImpl.java:1469)
	at org.codehaus.groovy.runtime.callsite.StaticMetaClassSite.call(StaticMetaClassSite.java:53)
	at org.codehaus.groovy.runtime.callsite.CallSiteArray.defaultCall(CallSiteArray.java:48)
	at org.codehaus.groovy.runtime.callsite.AbstractCallSite.call(AbstractCallSite.java:113)
	at org.codehaus.groovy.runtime.callsite.AbstractCallSite.call(AbstractCallSite.java:141)
	at Script1536138955713.run(Script1536138955713.groovy:25)
	at com.kms.katalon.core.main.ScriptEngine.run(ScriptEngine.java:183)
	at com.kms.katalon.core.main.ScriptEngine.runScriptAsRawText(ScriptEngine.java:108)
	at com.kms.katalon.core.main.TestCaseExecutor.runScript(TestCaseExecutor.java:294)
	at com.kms.katalon.core.main.TestCaseExecutor.doExecute(TestCaseExecutor.java:285)
	at com.kms.katalon.core.main.TestCaseExecutor.processExecutionPhase(TestCaseExecutor.java:264)
	at com.kms.katalon.core.main.TestCaseExecutor.accessMainPhase(TestCaseExecutor.java:256)
	at com.kms.katalon.core.main.TestCaseExecutor.execute(TestCaseExecutor.java:200)
	at com.kms.katalon.core.main.TestSuiteExecutor.accessTestCaseMainPhase(TestSuiteExecutor.java:129)
	at com.kms.katalon.core.main.TestSuiteExecutor.accessTestSuiteMainPhase(TestSuiteExecutor.java:112)
	at com.kms.katalon.core.main.TestSuiteExecutor.execute(TestSuiteExecutor.java:81)
	at com.kms.katalon.core.main.TestCaseMain.startTestSuite(TestCaseMain.java:142)
	at com.kms.katalon.core.main.TestCaseMain$startTestSuite$0.call(Unknown Source)
	at org.codehaus.groovy.runtime.callsite.CallSiteArray.defaultCall(CallSiteArray.java:48)
	at org.codehaus.groovy.runtime.callsite.AbstractCallSite.call(AbstractCallSite.java:113)
	at org.codehaus.groovy.runtime.callsite.AbstractCallSite.call(AbstractCallSite.java:141)
	at TempTestSuite1539913255508.run(TempTestSuite1539913255508.groovy:36)
	at groovy.lang.GroovyShell.runScriptOrMainOrTestOrRunnable(GroovyShell.java:263)
	at groovy.lang.GroovyShell.run(GroovyShell.java:518)
	at groovy.lang.GroovyShell.run(GroovyShell.java:507)
	at groovy.ui.GroovyMain.processOnce(GroovyMain.java:653)
	at groovy.ui.GroovyMain.run(GroovyMain.java:384)
	at groovy.ui.GroovyMain.process(GroovyMain.java:370)
	at groovy.ui.GroovyMain.processArgs(GroovyMain.java:129)
	at groovy.ui.GroovyMain.main(GroovyMain.java:109)
	at sun.reflect.NativeMethodAccessorImpl.invoke0(Native Method)
	at sun.reflect.NativeMethodAccessorImpl.invoke(NativeMethodAccessorImpl.java:62)
	at sun.reflect.DelegatingMethodAccessorImpl.invoke(DelegatingMethodAccessorImpl.java:43)
	at java.lang.reflect.Method.invoke(Method.java:498)
	at org.codehaus.groovy.tools.GroovyStarter.rootLoader(GroovyStarter.java:109)
	at org.codehaus.groovy.tools.GroovyStarter.main(GroovyStarter.java:131)
)

2018-10-19 13:04:05 - [TEST_STEP][PASSED] - callTestCase: Call Test Case 'Test Cases/Final Aug 2018 - PKS Automation/Registration Module/Workflow/Form 1A - Cessation As Employer/Template/Form 1 A - Cessation As Employer (PKRBO)' successfully

2018-10-19 13:04:05 - [TEST_CASE][PASSED] - Test Cases/Final Aug 2018 - PKS Automation/Registration Module/Workflow/Form 1A - Cessation As Employer/Template/Form 1 A - Cessation As Employer (PKRBO): Test Cases/Final Aug 2018 - PKS Automation/Registration Module/Workflow/Form 1A - Cessation As Employer/Template/Form 1 A - Cessation As Employer (PKRBO)

2018-10-19 13:04:05 - [TEST_STEP][PASSED] - openBrowser: Browser is opened with url: ''

2018-10-19 13:04:05 - [MESSAGE][WARNING] - A browser is already opened. Closing browser and opening a new one

2018-10-19 13:04:09 - [MESSAGE][PASSED] - Browser is opened with url: ''

2018-10-19 13:04:09 - [TEST_STEP][PASSED] - navigateToUrl: Navigate to 'https://assist2-uat.perkeso.gov.my/login' successfully

2018-10-19 13:04:11 - [MESSAGE][PASSED] - Navigate to 'https://assist2-uat.perkeso.gov.my/login' successfully

2018-10-19 13:04:11 - [TEST_STEP][PASSED] - setText: Text 'johorpkrbo1@gmail.com' is set on object 'Object Repository/Final Object Repo/Login Page/Internal User/Email Address'

2018-10-19 13:04:12 - [MESSAGE][PASSED] - Text 'johorpkrbo1@gmail.com' is set on object 'Object Repository/Final Object Repo/Login Page/Internal User/Email Address'

2018-10-19 13:04:12 - [TEST_STEP][PASSED] - click: Object: 'Object Repository/Final Object Repo/Login Page/Internal User/Next Button' is clicked on

2018-10-19 13:04:12 - [MESSAGE][PASSED] - Object: 'Object Repository/Final Object Repo/Login Page/Internal User/Next Button' is clicked on

2018-10-19 13:04:12 - [TEST_STEP][PASSED] - delay: Delayed 1 second(s)

2018-10-19 13:04:13 - [MESSAGE][PASSED] - Delayed 1 second(s)

2018-10-19 13:04:13 - [TEST_STEP][PASSED] - setEncryptedText: Text ****** has been set on object 'Object Repository/Final Object Repo/Login Page/Internal User/Password'

2018-10-19 13:04:13 - [MESSAGE][PASSED] - Text ****** has been set on object 'Object Repository/Final Object Repo/Login Page/Internal User/Password'

2018-10-19 13:04:13 - [TEST_STEP][PASSED] - click: Object: 'Object Repository/Final Object Repo/Login Page/Internal User/Login Button' is clicked on

2018-10-19 13:04:13 - [MESSAGE][PASSED] - Object: 'Object Repository/Final Object Repo/Login Page/Internal User/Login Button' is clicked on

2018-10-19 13:04:13 - [TEST_STEP][PASSED] - delay: Delayed 1 second(s)

2018-10-19 13:04:14 - [MESSAGE][PASSED] - Delayed 1 second(s)

2018-10-19 13:04:14 - [TEST_STEP][PASSED] - Statement - Try: Delayed 2 second(s)

2018-10-19 13:04:14 - [TEST_STEP][PASSED] - Statement - Checker = false: null

2018-10-19 13:04:14 - [TEST_STEP][PASSED] - Statement - Checker = com.kms.katalon.core.webui.keyword.WebUiBuiltInKeywords.verifyElementHasAttribute(com.kms.katalon.core.testobject.ObjectRepository.findTestObject(Final Object Repo/Landing Page/BM Detecting), "href", 20, OPTIONAL): Object 'Object Repository/Final Object Repo/Landing Page/BM Detecting' has attribute 'href'

2018-10-19 13:04:16 - [MESSAGE][PASSED] - Object 'Object Repository/Final Object Repo/Landing Page/BM Detecting' has attribute 'href'

2018-10-19 13:04:16 - [TEST_STEP][PASSED] - Statement - out.println(Checker): null

2018-10-19 13:04:16 - [TEST_STEP][PASSED] - Statement - If (Checker == false): null

2018-10-19 13:04:16 - [TEST_STEP][PASSED] - Statement - Else: null

2018-10-19 13:04:16 - [TEST_STEP][PASSED] - delay: Delayed 2 second(s)

2018-10-19 13:04:18 - [MESSAGE][PASSED] - Delayed 2 second(s)

2018-10-19 13:04:18 - [TEST_STEP][PASSED] - navigateToUrl: Navigate to 'https://assist2-uat.perkeso.gov.my/web/registration/update/form-1a-cessation-as-employer-discontinue-business-' successfully

2018-10-19 13:04:20 - [MESSAGE][PASSED] - Navigate to 'https://assist2-uat.perkeso.gov.my/web/registration/update/form-1a-cessation-as-employer-discontinue-business-' successfully

2018-10-19 13:04:20 - [TEST_STEP][PASSED] - setText: Text 'E1102069770Z' is set on object 'Object Repository/Final Object Repo/Page_Update Employer Information/Employer Code'

2018-10-19 13:04:20 - [MESSAGE][PASSED] - Text 'E1102069770Z' is set on object 'Object Repository/Final Object Repo/Page_Update Employer Information/Employer Code'

2018-10-19 13:04:20 - [TEST_STEP][PASSED] - click: Object: 'Object Repository/Final Object Repo/Page_Update Employer Information/Search Button' is clicked on

2018-10-19 13:04:20 - [MESSAGE][PASSED] - Object: 'Object Repository/Final Object Repo/Page_Update Employer Information/Search Button' is clicked on

2018-10-19 13:04:20 - [TEST_STEP][PASSED] - click: Object: 'Object Repository/Final Object Repo/Page_Update Employer Information/Edit Button' is clicked on

2018-10-19 13:04:22 - [MESSAGE][PASSED] - Object: 'Object Repository/Final Object Repo/Page_Update Employer Information/Edit Button' is clicked on

2018-10-19 13:04:22 - [TEST_STEP][PASSED] - Statement - abc = com.kms.katalon.core.webui.keyword.WebUiBuiltInKeywords.getAttribute(com.kms.katalon.core.testobject.ObjectRepository.findTestObject(Final Object Repo/Page_Form 1A - Cessation As Employer/Employer Status), "value"): Attribute 'value' of object 'Object Repository/Final Object Repo/Page_Form 1A - Cessation As Employer/Employer Status' is: 'Dormant'

2018-10-19 13:04:22 - [MESSAGE][PASSED] - Attribute 'value' of object 'Object Repository/Final Object Repo/Page_Form 1A - Cessation As Employer/Employer Status' is: 'Dormant'

2018-10-19 13:04:22 - [TEST_STEP][PASSED] - Statement - out.println(abc): null

2018-10-19 13:04:22 - [TEST_STEP][PASSED] - Statement - If (abc == "Active"): null

2018-10-19 13:04:22 - [TEST_STEP][PASSED] - Statement - Else If (abc == "Cancel"): null

2018-10-19 13:04:22 - [TEST_STEP][PASSED] - Statement - Else If (abc == "Dormant"): Object: 'Object Repository/Final Object Repo/Page_Form 1A - Cessation As Employer/Change Employer Status to - Dormant' is clicked on

2018-10-19 13:04:22 - [TEST_STEP][PASSED] - click: Object: 'Object Repository/Final Object Repo/Page_Form 1A - Cessation As Employer/Change Employer Status to' is clicked on

2018-10-19 13:04:22 - [MESSAGE][PASSED] - Object: 'Object Repository/Final Object Repo/Page_Form 1A - Cessation As Employer/Change Employer Status to' is clicked on

2018-10-19 13:04:22 - [TEST_STEP][PASSED] - click: Object: 'Object Repository/Final Object Repo/Page_Form 1A - Cessation As Employer/Change Employer Status to - Dormant' is clicked on

2018-10-19 13:04:23 - [MESSAGE][PASSED] - Object: 'Object Repository/Final Object Repo/Page_Form 1A - Cessation As Employer/Change Employer Status to - Dormant' is clicked on

2018-10-19 13:04:23 - [TEST_STEP][PASSED] - click: Object: 'Object Repository/Final Object Repo/Page_Form 1A - Cessation As Employer/Calender' is clicked on

2018-10-19 13:04:23 - [MESSAGE][PASSED] - Object: 'Object Repository/Final Object Repo/Page_Form 1A - Cessation As Employer/Calender' is clicked on

2018-10-19 13:04:23 - [TEST_STEP][PASSED] - click: Object: 'Object Repository/Final Object Repo/Page_Form 1A - Cessation As Employer/Calender - Date' is clicked on

2018-10-19 13:04:23 - [MESSAGE][PASSED] - Object: 'Object Repository/Final Object Repo/Page_Form 1A - Cessation As Employer/Calender - Date' is clicked on

2018-10-19 13:04:23 - [TEST_STEP][PASSED] - delay: Delayed 2 second(s)

2018-10-19 13:04:25 - [MESSAGE][PASSED] - Delayed 2 second(s)

2018-10-19 13:04:25 - [TEST_STEP][PASSED] - click: Object: 'Object Repository/Final Object Repo/Page_Form 1A - Cessation As Employer/Save  Continue in Form 1A Page' is clicked on

2018-10-19 13:04:25 - [MESSAGE][PASSED] - Object: 'Object Repository/Final Object Repo/Page_Form 1A - Cessation As Employer/Save  Continue in Form 1A Page' is clicked on

2018-10-19 13:04:25 - [TEST_STEP][PASSED] - delay: Delayed 2 second(s)

2018-10-19 13:04:27 - [MESSAGE][PASSED] - Delayed 2 second(s)

2018-10-19 13:04:27 - [TEST_STEP][PASSED] - click: Object: 'Object Repository/Final Object Repo/Page_Form 1A - Cessation As Employer/Employment Resign Date' is clicked on

2018-10-19 13:04:28 - [MESSAGE][PASSED] - Object: 'Object Repository/Final Object Repo/Page_Form 1A - Cessation As Employer/Employment Resign Date' is clicked on

2018-10-19 13:04:28 - [TEST_STEP][PASSED] - delay: Delayed 1 second(s)

2018-10-19 13:04:29 - [MESSAGE][PASSED] - Delayed 1 second(s)

2018-10-19 13:04:29 - [TEST_STEP][PASSED] - Statement - CaseReferenceNo = com.kms.katalon.core.webui.keyword.WebUiBuiltInKeywords.getText(com.kms.katalon.core.testobject.ObjectRepository.findTestObject(Final Object Repo/Page_Update Employer Information/Reference Number in Update Employee Information Page)): Text of object 'Object Repository/Final Object Repo/Page_Update Employer Information/Reference Number in Update Employee Information Page' is: 'CUN102018C200001434'

2018-10-19 13:04:29 - [MESSAGE][PASSED] - Text of object 'Object Repository/Final Object Repo/Page_Update Employer Information/Reference Number in Update Employee Information Page' is: 'CUN102018C200001434'

2018-10-19 13:04:29 - [TEST_STEP][PASSED] - Statement - out.println(CaseReferenceNo): null

2018-10-19 13:04:29 - [TEST_STEP][PASSED] - callTestCase: Call Test Case 'Test Cases/Final Aug 2018 - PKS Automation/Common/Reference Number Setter' successfully

2018-10-19 13:04:29 - [TEST_CASE][PASSED] - Test Cases/Final Aug 2018 - PKS Automation/Common/Reference Number Setter: Test Cases/Final Aug 2018 - PKS Automation/Common/Reference Number Setter

2018-10-19 13:04:29 - [TEST_STEP][PASSED] - Statement - RefNoOldFile = new java.io.File(C://KatalonReference.txt): null

2018-10-19 13:04:29 - [TEST_STEP][PASSED] - Statement - RefNoOldFile.delete(): null

2018-10-19 13:04:29 - [TEST_STEP][PASSED] - Statement - RefNo = new java.io.File(C://KatalonReference.txt): null

2018-10-19 13:04:29 - [TEST_STEP][PASSED] - Statement - RefNo.append(CaseReferenceNo): null

2018-10-19 13:04:29 - [TEST_STEP][PASSED] - Statement - out.println("


" + CaseReferenceNo + "


"): null

2018-10-19 13:04:29 - [MESSAGE][PASSED] - Call Test Case 'Test Cases/Final Aug 2018 - PKS Automation/Common/Reference Number Setter' successfully

2018-10-19 13:04:29 - [TEST_STEP][PASSED] - selectOptionByValue: All options with value '2030' are selected in object 'Object Repository/Final Object Repo/Page_Form 1A - Cessation As Employer/Employment Resign Date - Year' 

2018-10-19 13:04:30 - [MESSAGE][PASSED] - All options with value '2030' are selected in object 'Object Repository/Final Object Repo/Page_Form 1A - Cessation As Employer/Employment Resign Date - Year' 

2018-10-19 13:04:30 - [TEST_STEP][PASSED] - delay: Delayed 1 second(s)

2018-10-19 13:04:31 - [MESSAGE][PASSED] - Delayed 1 second(s)

2018-10-19 13:04:31 - [TEST_STEP][PASSED] - click: Object: 'Object Repository/Final Object Repo/Page_Form 1A - Cessation As Employer/Employment Resign Date - Year - Date' is clicked on

2018-10-19 13:04:31 - [MESSAGE][PASSED] - Object: 'Object Repository/Final Object Repo/Page_Form 1A - Cessation As Employer/Employment Resign Date - Year - Date' is clicked on

2018-10-19 13:04:31 - [TEST_STEP][PASSED] - delay: Delayed 2 second(s)

2018-10-19 13:04:33 - [MESSAGE][PASSED] - Delayed 2 second(s)

2018-10-19 13:04:33 - [TEST_STEP][PASSED] - click: Object: 'Object Repository/Final Object Repo/Page_Form 1A - Cessation As Employer/Save  Continue in Update Add Employee Resigned Date Page' is clicked on

2018-10-19 13:04:33 - [MESSAGE][PASSED] - Object: 'Object Repository/Final Object Repo/Page_Form 1A - Cessation As Employer/Save  Continue in Update Add Employee Resigned Date Page' is clicked on

2018-10-19 13:04:33 - [TEST_STEP][PASSED] - delay: Delayed 2 second(s)

2018-10-19 13:04:35 - [MESSAGE][PASSED] - Delayed 2 second(s)

2018-10-19 13:04:35 - [TEST_STEP][PASSED] - click: Object: 'Object Repository/Final Object Repo/Page_Form 1A - Cessation As Employer/Add Document' is clicked on

2018-10-19 13:04:36 - [MESSAGE][PASSED] - Object: 'Object Repository/Final Object Repo/Page_Form 1A - Cessation As Employer/Add Document' is clicked on

2018-10-19 13:04:36 - [TEST_STEP][PASSED] - delay: Delayed 2 second(s)

2018-10-19 13:04:38 - [MESSAGE][PASSED] - Delayed 2 second(s)

2018-10-19 13:04:38 - [TEST_STEP][PASSED] - click: Object: 'Object Repository/Final Object Repo/Page_Form 1A - Cessation As Employer/Document Type' is clicked on

2018-10-19 13:04:40 - [MESSAGE][PASSED] - Object: 'Object Repository/Final Object Repo/Page_Form 1A - Cessation As Employer/Document Type' is clicked on

2018-10-19 13:04:40 - [TEST_STEP][PASSED] - delay: Delayed 2 second(s)

2018-10-19 13:04:42 - [MESSAGE][PASSED] - Delayed 2 second(s)

2018-10-19 13:04:42 - [TEST_STEP][PASSED] - click: Object: 'Object Repository/Final Object Repo/Page_Form 1A - Cessation As Employer/Document Type - Supporting Document For Cessation' is clicked on

2018-10-19 13:04:42 - [MESSAGE][PASSED] - Object: 'Object Repository/Final Object Repo/Page_Form 1A - Cessation As Employer/Document Type - Supporting Document For Cessation' is clicked on

2018-10-19 13:04:42 - [TEST_STEP][PASSED] - delay: Delayed 2 second(s)

2018-10-19 13:04:44 - [MESSAGE][PASSED] - Delayed 2 second(s)

2018-10-19 13:04:44 - [TEST_STEP][PASSED] - sendKeys: Keys 'C:\Users\Public\Pictures\Sample Pictures\Act.jpg' sent to object: 'Object Repository/Final Object Repo/Page_Form 1A - Cessation As Employer/Uploading File'

2018-10-19 13:04:44 - [MESSAGE][PASSED] - Keys 'C:\Users\Public\Pictures\Sample Pictures\Act.jpg' sent to object: 'Object Repository/Final Object Repo/Page_Form 1A - Cessation As Employer/Uploading File'

2018-10-19 13:04:44 - [TEST_STEP][PASSED] - delay: Delayed 2 second(s)

2018-10-19 13:04:46 - [MESSAGE][PASSED] - Delayed 2 second(s)

2018-10-19 13:04:46 - [TEST_STEP][PASSED] - click: Object: 'Object Repository/Final Object Repo/Page_Form 1A - Cessation As Employer/Add Document in Uploading Page' is clicked on

2018-10-19 13:04:46 - [MESSAGE][PASSED] - Object: 'Object Repository/Final Object Repo/Page_Form 1A - Cessation As Employer/Add Document in Uploading Page' is clicked on

2018-10-19 13:04:46 - [TEST_STEP][PASSED] - delay: Delayed 15 second(s)

2018-10-19 13:05:01 - [MESSAGE][PASSED] - Delayed 15 second(s)

2018-10-19 13:05:01 - [TEST_STEP][PASSED] - click: Object: 'Object Repository/Final Object Repo/Page_Form 1A - Cessation As Employer/Save  Continue in Uploading Page' is clicked on

2018-10-19 13:05:01 - [MESSAGE][PASSED] - Object: 'Object Repository/Final Object Repo/Page_Form 1A - Cessation As Employer/Save  Continue in Uploading Page' is clicked on

2018-10-19 13:05:01 - [TEST_STEP][PASSED] - delay: Delayed 2 second(s)

2018-10-19 13:05:03 - [MESSAGE][PASSED] - Delayed 2 second(s)

2018-10-19 13:05:03 - [TEST_STEP][PASSED] - click: Object: 'Object Repository/Final Object Repo/Page_Form 1A - Cessation As Employer/Submit2' is clicked on

2018-10-19 13:05:07 - [MESSAGE][PASSED] - Object: 'Object Repository/Final Object Repo/Page_Form 1A - Cessation As Employer/Submit2' is clicked on

2018-10-19 13:05:07 - [TEST_STEP][PASSED] - delay: Delayed 2 second(s)

2018-10-19 13:05:09 - [MESSAGE][PASSED] - Delayed 2 second(s)

2018-10-19 13:05:09 - [TEST_STEP][PASSED] - click: Object: 'Object Repository/Final Object Repo/Page_Form 1A - Cessation As Employer/Confirm' is clicked on

2018-10-19 13:05:09 - [MESSAGE][PASSED] - Object: 'Object Repository/Final Object Repo/Page_Form 1A - Cessation As Employer/Confirm' is clicked on

2018-10-19 13:05:09 - [TEST_STEP][PASSED] - delay: Delayed 2 second(s)

2018-10-19 13:05:11 - [MESSAGE][PASSED] - Delayed 2 second(s)

2018-10-19 13:05:11 - [TEST_STEP][PASSED] - verifyElementVisible: Object 'Object Repository/Final Object Repo/Page_Form 1A - Cessation As Employer/Message Your Request will be routed to UO' is visible

2018-10-19 13:05:16 - [MESSAGE][PASSED] - Object 'Object Repository/Final Object Repo/Page_Form 1A - Cessation As Employer/Message Your Request will be routed to UO' is visible

2018-10-19 13:05:16 - [TEST_STEP][PASSED] - delay: Delayed 1 second(s)

2018-10-19 13:05:17 - [MESSAGE][PASSED] - Delayed 1 second(s)

2018-10-19 13:05:17 - [TEST_STEP][PASSED] - verifyElementVisible: Object 'Object Repository/Final Object Repo/Page_Form 1A - Cessation As Employer/Letter of acknowledgement' is visible

2018-10-19 13:05:17 - [MESSAGE][PASSED] - Object 'Object Repository/Final Object Repo/Page_Form 1A - Cessation As Employer/Letter of acknowledgement' is visible

2018-10-19 13:05:17 - [MESSAGE][PASSED] - Call Test Case 'Test Cases/Final Aug 2018 - PKS Automation/Registration Module/Workflow/Form 1A - Cessation As Employer/Template/Form 1 A - Cessation As Employer (PKRBO)' successfully

2018-10-19 13:05:17 - [TEST_STEP][FAILED] - callTestCase: Unable to call Test Case with id 'Test Cases/Final Aug 2018 - PKS Automation/Registration Module/Workflow/Form 1A - Cessation As Employer/Template/Form 1 A - Cessation As Employer (Approve)' (Root cause: Call Test Case 'Test Cases/Final Aug 2018 - PKS Automation/Registration Module/Workflow/Form 1A - Cessation As Employer/Template/Form 1 A - Cessation As Employer (Approve)' failed)

2018-10-19 13:05:17 - [TEST_CASE][FAILED] - Test Cases/Final Aug 2018 - PKS Automation/Registration Module/Workflow/Form 1A - Cessation As Employer/Template/Form 1 A - Cessation As Employer (Approve): Test Cases/Final Aug 2018 - PKS Automation/Registration Module/Workflow/Form 1A - Cessation As Employer/Template/Form 1 A - Cessation As Employer (Approve) FAILED because (of) (Stack trace: com.kms.katalon.core.exception.StepFailedException: Unable to click on object 'Object Repository/Final Object Repo/Landing Page/Select to English' (Root cause: com.kms.katalon.core.webui.exception.WebElementNotFoundException: Web element with id: 'Object Repository/Final Object Repo/Landing Page/Select to English' located by 'By.xpath: //a[@class = 'taglib-language-list-text' and @lang = 'en-US' and (contains(text(), 'EN') or contains(., 'EN'))]' not found)
	at com.kms.katalon.core.keyword.internal.KeywordMain.stepFailed(KeywordMain.groovy:32)
	at com.kms.katalon.core.webui.keyword.internal.WebUIKeywordMain.stepFailed(WebUIKeywordMain.groovy:65)
	at com.kms.katalon.core.webui.keyword.internal.WebUIKeywordMain.runKeyword(WebUIKeywordMain.groovy:27)
	at com.kms.katalon.core.webui.keyword.builtin.ClickKeyword.click(ClickKeyword.groovy:86)
	at com.kms.katalon.core.webui.keyword.builtin.ClickKeyword.execute(ClickKeyword.groovy:67)
	at com.kms.katalon.core.keyword.internal.KeywordExecutor.executeKeywordForPlatform(KeywordExecutor.groovy:53)
	at com.kms.katalon.core.webui.keyword.WebUiBuiltInKeywords.click(WebUiBuiltInKeywords.groovy:604)
	at com.kms.katalon.core.webui.keyword.WebUiBuiltInKeywords$click$8.call(Unknown Source)
	at Script1534407542420.run(Script1534407542420.groovy:57)
	at com.kms.katalon.core.main.ScriptEngine.run(ScriptEngine.java:183)
	at com.kms.katalon.core.main.ScriptEngine.runScriptAsRawText(ScriptEngine.java:108)
	at com.kms.katalon.core.main.TestCaseExecutor.runScript(TestCaseExecutor.java:294)
	at com.kms.katalon.core.main.TestCaseExecutor.doExecute(TestCaseExecutor.java:285)
	at com.kms.katalon.core.main.TestCaseExecutor.processExecutionPhase(TestCaseExecutor.java:264)
	at com.kms.katalon.core.main.TestCaseExecutor.accessMainPhase(TestCaseExecutor.java:256)
	at com.kms.katalon.core.main.TestCaseExecutor.execute(TestCaseExecutor.java:200)
	at com.kms.katalon.core.main.TestCaseMain.runTestCase(TestCaseMain.java:99)
	at com.kms.katalon.core.keyword.builtin.CallTestCaseKeyword$_callTestCase_closure1.doCall(CallTestCaseKeyword.groovy:60)
	at com.kms.katalon.core.keyword.builtin.CallTestCaseKeyword$_callTestCase_closure1.call(CallTestCaseKeyword.groovy)
	at com.kms.katalon.core.keyword.internal.KeywordMain.runKeyword(KeywordMain.groovy:54)
	at com.kms.katalon.core.keyword.builtin.CallTestCaseKeyword.callTestCase(CallTestCaseKeyword.groovy:81)
	at com.kms.katalon.core.keyword.builtin.CallTestCaseKeyword.execute(CallTestCaseKeyword.groovy:45)
	at com.kms.katalon.core.keyword.internal.KeywordExecutor.executeKeywordForPlatform(KeywordExecutor.groovy:53)
	at com.kms.katalon.core.keyword.BuiltinKeywords.callTestCase(BuiltinKeywords.groovy:334)
	at sun.reflect.GeneratedMethodAccessor13.invoke(Unknown Source)
	at sun.reflect.DelegatingMethodAccessorImpl.invoke(DelegatingMethodAccessorImpl.java:43)
	at java.lang.reflect.Method.invoke(Method.java:498)
	at org.codehaus.groovy.reflection.CachedMethod.invoke(CachedMethod.java:93)
	at groovy.lang.MetaMethod.doMethodInvoke(MetaMethod.java:325)
	at groovy.lang.MetaClassImpl.invokeStaticMethod(MetaClassImpl.java:1469)
	at org.codehaus.groovy.runtime.callsite.StaticMetaClassSite.call(StaticMetaClassSite.java:53)
	at org.codehaus.groovy.runtime.callsite.AbstractCallSite.call(AbstractCallSite.java:141)
	at Script1536137459454.run(Script1536137459454.groovy:34)
	at com.kms.katalon.core.main.ScriptEngine.run(ScriptEngine.java:183)
	at com.kms.katalon.core.main.ScriptEngine.runScriptAsRawText(ScriptEngine.java:108)
	at com.kms.katalon.core.main.TestCaseExecutor.runScript(TestCaseExecutor.java:294)
	at com.kms.katalon.core.main.TestCaseExecutor.doExecute(TestCaseExecutor.java:285)
	at com.kms.katalon.core.main.TestCaseExecutor.processExecutionPhase(TestCaseExecutor.java:264)
	at com.kms.katalon.core.main.TestCaseExecutor.accessMainPhase(TestCaseExecutor.java:256)
	at com.kms.katalon.core.main.TestCaseExecutor.execute(TestCaseExecutor.java:200)
	at com.kms.katalon.core.main.TestCaseMain.runTestCase(TestCaseMain.java:99)
	at com.kms.katalon.core.keyword.builtin.CallTestCaseKeyword$_callTestCase_closure1.doCall(CallTestCaseKeyword.groovy:60)
	at com.kms.katalon.core.keyword.builtin.CallTestCaseKeyword$_callTestCase_closure1.call(CallTestCaseKeyword.groovy)
	at com.kms.katalon.core.keyword.internal.KeywordMain.runKeyword(KeywordMain.groovy:54)
	at com.kms.katalon.core.keyword.builtin.CallTestCaseKeyword.callTestCase(CallTestCaseKeyword.groovy:81)
	at com.kms.katalon.core.keyword.builtin.CallTestCaseKeyword.execute(CallTestCaseKeyword.groovy:45)
	at com.kms.katalon.core.keyword.internal.KeywordExecutor.executeKeywordForPlatform(KeywordExecutor.groovy:53)
	at com.kms.katalon.core.keyword.BuiltinKeywords.callTestCase(BuiltinKeywords.groovy:334)
	at sun.reflect.GeneratedMethodAccessor13.invoke(Unknown Source)
	at sun.reflect.DelegatingMethodAccessorImpl.invoke(DelegatingMethodAccessorImpl.java:43)
	at java.lang.reflect.Method.invoke(Method.java:498)
	at org.codehaus.groovy.reflection.CachedMethod.invoke(CachedMethod.java:93)
	at groovy.lang.MetaMethod.doMethodInvoke(MetaMethod.java:325)
	at groovy.lang.MetaClassImpl.invokeStaticMethod(MetaClassImpl.java:1469)
	at org.codehaus.groovy.runtime.callsite.StaticMetaClassSite.call(StaticMetaClassSite.java:53)
	at org.codehaus.groovy.runtime.callsite.CallSiteArray.defaultCall(CallSiteArray.java:48)
	at org.codehaus.groovy.runtime.callsite.AbstractCallSite.call(AbstractCallSite.java:113)
	at org.codehaus.groovy.runtime.callsite.AbstractCallSite.call(AbstractCallSite.java:141)
	at Script1536138955713.run(Script1536138955713.groovy:25)
	at com.kms.katalon.core.main.ScriptEngine.run(ScriptEngine.java:183)
	at com.kms.katalon.core.main.ScriptEngine.runScriptAsRawText(ScriptEngine.java:108)
	at com.kms.katalon.core.main.TestCaseExecutor.runScript(TestCaseExecutor.java:294)
	at com.kms.katalon.core.main.TestCaseExecutor.doExecute(TestCaseExecutor.java:285)
	at com.kms.katalon.core.main.TestCaseExecutor.processExecutionPhase(TestCaseExecutor.java:264)
	at com.kms.katalon.core.main.TestCaseExecutor.accessMainPhase(TestCaseExecutor.java:256)
	at com.kms.katalon.core.main.TestCaseExecutor.execute(TestCaseExecutor.java:200)
	at com.kms.katalon.core.main.TestSuiteExecutor.accessTestCaseMainPhase(TestSuiteExecutor.java:129)
	at com.kms.katalon.core.main.TestSuiteExecutor.accessTestSuiteMainPhase(TestSuiteExecutor.java:112)
	at com.kms.katalon.core.main.TestSuiteExecutor.execute(TestSuiteExecutor.java:81)
	at com.kms.katalon.core.main.TestCaseMain.startTestSuite(TestCaseMain.java:142)
	at com.kms.katalon.core.main.TestCaseMain$startTestSuite$0.call(Unknown Source)
	at org.codehaus.groovy.runtime.callsite.CallSiteArray.defaultCall(CallSiteArray.java:48)
	at org.codehaus.groovy.runtime.callsite.AbstractCallSite.call(AbstractCallSite.java:113)
	at org.codehaus.groovy.runtime.callsite.AbstractCallSite.call(AbstractCallSite.java:141)
	at TempTestSuite1539913255508.run(TempTestSuite1539913255508.groovy:36)
	at groovy.lang.GroovyShell.runScriptOrMainOrTestOrRunnable(GroovyShell.java:263)
	at groovy.lang.GroovyShell.run(GroovyShell.java:518)
	at groovy.lang.GroovyShell.run(GroovyShell.java:507)
	at groovy.ui.GroovyMain.processOnce(GroovyMain.java:653)
	at groovy.ui.GroovyMain.run(GroovyMain.java:384)
	at groovy.ui.GroovyMain.process(GroovyMain.java:370)
	at groovy.ui.GroovyMain.processArgs(GroovyMain.java:129)
	at groovy.ui.GroovyMain.main(GroovyMain.java:109)
	at sun.reflect.NativeMethodAccessorImpl.invoke0(Native Method)
	at sun.reflect.NativeMethodAccessorImpl.invoke(NativeMethodAccessorImpl.java:62)
	at sun.reflect.DelegatingMethodAccessorImpl.invoke(DelegatingMethodAccessorImpl.java:43)
	at java.lang.reflect.Method.invoke(Method.java:498)
	at org.codehaus.groovy.tools.GroovyStarter.rootLoader(GroovyStarter.java:109)
	at org.codehaus.groovy.tools.GroovyStarter.main(GroovyStarter.java:131)
)

2018-10-19 13:05:17 - [TEST_STEP][NOT_RUN] - callTestCase: NOT_RUN: callTestCase

2018-10-19 13:05:17 - [MESSAGE][NOT_RUN] - NOT_RUN: callTestCase

2018-10-19 13:05:17 - [TEST_STEP][PASSED] - delay: Delayed 1 second(s)

2018-10-19 13:05:18 - [MESSAGE][PASSED] - Delayed 1 second(s)

2018-10-19 13:05:18 - [TEST_STEP][PASSED] - navigateToUrl: Navigate to 'https://assist2-uat.perkeso.gov.my/c/portal/logout' successfully

2018-10-19 13:05:19 - [MESSAGE][PASSED] - Navigate to 'https://assist2-uat.perkeso.gov.my/c/portal/logout' successfully

2018-10-19 13:05:19 - [TEST_STEP][PASSED] - delay: Delayed 1 second(s)

2018-10-19 13:05:20 - [MESSAGE][PASSED] - Delayed 1 second(s)

2018-10-19 13:05:20 - [TEST_STEP][PASSED] - callTestCase: Call Test Case 'Test Cases/Final Aug 2018 - PKS Automation/Common/Reference Number Getter' successfully

2018-10-19 13:05:20 - [TEST_CASE][PASSED] - Test Cases/Final Aug 2018 - PKS Automation/Common/Reference Number Getter: Test Cases/Final Aug 2018 - PKS Automation/Common/Reference Number Getter

2018-10-19 13:05:20 - [TEST_STEP][PASSED] - Statement - Try: null

2018-10-19 13:05:20 - [TEST_STEP][PASSED] - Statement - RefNo = new java.io.File(C://KatalonReference.txt): null

2018-10-19 13:05:20 - [TEST_STEP][PASSED] - Statement - bufferread = new java.io.BufferedReader(new java.io.FileReader(RefNo)): null

2018-10-19 13:05:20 - [TEST_STEP][PASSED] - Statement - readedVal = bufferread.readLine(): null

2018-10-19 13:05:20 - [TEST_STEP][PASSED] - Statement - out.println(CaseReferenceNo): null

2018-10-19 13:05:20 - [TEST_STEP][PASSED] - Statement - out.println(readedVal): null

2018-10-19 13:05:20 - [TEST_STEP][PASSED] - Statement - CaseReferenceNo = readedVal: null

2018-10-19 13:05:20 - [MESSAGE][PASSED] - Call Test Case 'Test Cases/Final Aug 2018 - PKS Automation/Common/Reference Number Getter' successfully

2018-10-19 13:05:20 - [TEST_STEP][FAILED] - callTestCase: Unable to call Test Case with id 'Test Cases/Final Aug 2018 - PKS Automation/Common/Workflow Owner Finder' (Root cause: Call Test Case 'Test Cases/Final Aug 2018 - PKS Automation/Common/Workflow Owner Finder' failed)

2018-10-19 13:05:20 - [TEST_CASE][FAILED] - Test Cases/Final Aug 2018 - PKS Automation/Common/Workflow Owner Finder: Test Cases/Final Aug 2018 - PKS Automation/Common/Workflow Owner Finder FAILED because (of) (Stack trace: com.kms.katalon.core.exception.StepFailedException: Unable to click on object 'Object Repository/Final Object Repo/Landing Page/Select to English' (Root cause: com.kms.katalon.core.webui.exception.WebElementNotFoundException: Web element with id: 'Object Repository/Final Object Repo/Landing Page/Select to English' located by 'By.xpath: //a[@class = 'taglib-language-list-text' and @lang = 'en-US' and (contains(text(), 'EN') or contains(., 'EN'))]' not found)
	at com.kms.katalon.core.keyword.internal.KeywordMain.stepFailed(KeywordMain.groovy:32)
	at com.kms.katalon.core.webui.keyword.internal.WebUIKeywordMain.stepFailed(WebUIKeywordMain.groovy:65)
	at com.kms.katalon.core.webui.keyword.internal.WebUIKeywordMain.runKeyword(WebUIKeywordMain.groovy:27)
	at com.kms.katalon.core.webui.keyword.builtin.ClickKeyword.click(ClickKeyword.groovy:86)
	at com.kms.katalon.core.webui.keyword.builtin.ClickKeyword.execute(ClickKeyword.groovy:67)
	at com.kms.katalon.core.keyword.internal.KeywordExecutor.executeKeywordForPlatform(KeywordExecutor.groovy:53)
	at com.kms.katalon.core.webui.keyword.WebUiBuiltInKeywords.click(WebUiBuiltInKeywords.groovy:604)
	at com.kms.katalon.core.webui.keyword.WebUiBuiltInKeywords$click$8.call(Unknown Source)
	at Script1534407542420.run(Script1534407542420.groovy:57)
	at com.kms.katalon.core.main.ScriptEngine.run(ScriptEngine.java:183)
	at com.kms.katalon.core.main.ScriptEngine.runScriptAsRawText(ScriptEngine.java:108)
	at com.kms.katalon.core.main.TestCaseExecutor.runScript(TestCaseExecutor.java:294)
	at com.kms.katalon.core.main.TestCaseExecutor.doExecute(TestCaseExecutor.java:285)
	at com.kms.katalon.core.main.TestCaseExecutor.processExecutionPhase(TestCaseExecutor.java:264)
	at com.kms.katalon.core.main.TestCaseExecutor.accessMainPhase(TestCaseExecutor.java:256)
	at com.kms.katalon.core.main.TestCaseExecutor.execute(TestCaseExecutor.java:200)
	at com.kms.katalon.core.main.TestCaseMain.runTestCase(TestCaseMain.java:99)
	at com.kms.katalon.core.keyword.builtin.CallTestCaseKeyword$_callTestCase_closure1.doCall(CallTestCaseKeyword.groovy:60)
	at com.kms.katalon.core.keyword.builtin.CallTestCaseKeyword$_callTestCase_closure1.call(CallTestCaseKeyword.groovy)
	at com.kms.katalon.core.keyword.internal.KeywordMain.runKeyword(KeywordMain.groovy:54)
	at com.kms.katalon.core.keyword.builtin.CallTestCaseKeyword.callTestCase(CallTestCaseKeyword.groovy:81)
	at com.kms.katalon.core.keyword.builtin.CallTestCaseKeyword.execute(CallTestCaseKeyword.groovy:45)
	at com.kms.katalon.core.keyword.internal.KeywordExecutor.executeKeywordForPlatform(KeywordExecutor.groovy:53)
	at com.kms.katalon.core.keyword.BuiltinKeywords.callTestCase(BuiltinKeywords.groovy:334)
	at sun.reflect.GeneratedMethodAccessor13.invoke(Unknown Source)
	at sun.reflect.DelegatingMethodAccessorImpl.invoke(DelegatingMethodAccessorImpl.java:43)
	at java.lang.reflect.Method.invoke(Method.java:498)
	at org.codehaus.groovy.reflection.CachedMethod.invoke(CachedMethod.java:93)
	at groovy.lang.MetaMethod.doMethodInvoke(MetaMethod.java:325)
	at groovy.lang.MetaClassImpl.invokeStaticMethod(MetaClassImpl.java:1469)
	at org.codehaus.groovy.runtime.callsite.StaticMetaClassSite.call(StaticMetaClassSite.java:53)
	at org.codehaus.groovy.runtime.callsite.AbstractCallSite.call(AbstractCallSite.java:141)
	at Script1536137459454.run(Script1536137459454.groovy:34)
	at com.kms.katalon.core.main.ScriptEngine.run(ScriptEngine.java:183)
	at com.kms.katalon.core.main.ScriptEngine.runScriptAsRawText(ScriptEngine.java:108)
	at com.kms.katalon.core.main.TestCaseExecutor.runScript(TestCaseExecutor.java:294)
	at com.kms.katalon.core.main.TestCaseExecutor.doExecute(TestCaseExecutor.java:285)
	at com.kms.katalon.core.main.TestCaseExecutor.processExecutionPhase(TestCaseExecutor.java:264)
	at com.kms.katalon.core.main.TestCaseExecutor.accessMainPhase(TestCaseExecutor.java:256)
	at com.kms.katalon.core.main.TestCaseExecutor.execute(TestCaseExecutor.java:200)
	at com.kms.katalon.core.main.TestCaseMain.runTestCase(TestCaseMain.java:99)
	at com.kms.katalon.core.keyword.builtin.CallTestCaseKeyword$_callTestCase_closure1.doCall(CallTestCaseKeyword.groovy:60)
	at com.kms.katalon.core.keyword.builtin.CallTestCaseKeyword$_callTestCase_closure1.call(CallTestCaseKeyword.groovy)
	at com.kms.katalon.core.keyword.internal.KeywordMain.runKeyword(KeywordMain.groovy:54)
	at com.kms.katalon.core.keyword.builtin.CallTestCaseKeyword.callTestCase(CallTestCaseKeyword.groovy:81)
	at com.kms.katalon.core.keyword.builtin.CallTestCaseKeyword.execute(CallTestCaseKeyword.groovy:45)
	at com.kms.katalon.core.keyword.internal.KeywordExecutor.executeKeywordForPlatform(KeywordExecutor.groovy:53)
	at com.kms.katalon.core.keyword.BuiltinKeywords.callTestCase(BuiltinKeywords.groovy:334)
	at sun.reflect.GeneratedMethodAccessor13.invoke(Unknown Source)
	at sun.reflect.DelegatingMethodAccessorImpl.invoke(DelegatingMethodAccessorImpl.java:43)
	at java.lang.reflect.Method.invoke(Method.java:498)
	at org.codehaus.groovy.reflection.CachedMethod.invoke(CachedMethod.java:93)
	at groovy.lang.MetaMethod.doMethodInvoke(MetaMethod.java:325)
	at groovy.lang.MetaClassImpl.invokeStaticMethod(MetaClassImpl.java:1469)
	at org.codehaus.groovy.runtime.callsite.StaticMetaClassSite.call(StaticMetaClassSite.java:53)
	at org.codehaus.groovy.runtime.callsite.CallSiteArray.defaultCall(CallSiteArray.java:48)
	at org.codehaus.groovy.runtime.callsite.AbstractCallSite.call(AbstractCallSite.java:113)
	at org.codehaus.groovy.runtime.callsite.AbstractCallSite.call(AbstractCallSite.java:141)
	at Script1536138955713.run(Script1536138955713.groovy:25)
	at com.kms.katalon.core.main.ScriptEngine.run(ScriptEngine.java:183)
	at com.kms.katalon.core.main.ScriptEngine.runScriptAsRawText(ScriptEngine.java:108)
	at com.kms.katalon.core.main.TestCaseExecutor.runScript(TestCaseExecutor.java:294)
	at com.kms.katalon.core.main.TestCaseExecutor.doExecute(TestCaseExecutor.java:285)
	at com.kms.katalon.core.main.TestCaseExecutor.processExecutionPhase(TestCaseExecutor.java:264)
	at com.kms.katalon.core.main.TestCaseExecutor.accessMainPhase(TestCaseExecutor.java:256)
	at com.kms.katalon.core.main.TestCaseExecutor.execute(TestCaseExecutor.java:200)
	at com.kms.katalon.core.main.TestSuiteExecutor.accessTestCaseMainPhase(TestSuiteExecutor.java:129)
	at com.kms.katalon.core.main.TestSuiteExecutor.accessTestSuiteMainPhase(TestSuiteExecutor.java:112)
	at com.kms.katalon.core.main.TestSuiteExecutor.execute(TestSuiteExecutor.java:81)
	at com.kms.katalon.core.main.TestCaseMain.startTestSuite(TestCaseMain.java:142)
	at com.kms.katalon.core.main.TestCaseMain$startTestSuite$0.call(Unknown Source)
	at org.codehaus.groovy.runtime.callsite.CallSiteArray.defaultCall(CallSiteArray.java:48)
	at org.codehaus.groovy.runtime.callsite.AbstractCallSite.call(AbstractCallSite.java:113)
	at org.codehaus.groovy.runtime.callsite.AbstractCallSite.call(AbstractCallSite.java:141)
	at TempTestSuite1539913255508.run(TempTestSuite1539913255508.groovy:36)
	at groovy.lang.GroovyShell.runScriptOrMainOrTestOrRunnable(GroovyShell.java:263)
	at groovy.lang.GroovyShell.run(GroovyShell.java:518)
	at groovy.lang.GroovyShell.run(GroovyShell.java:507)
	at groovy.ui.GroovyMain.processOnce(GroovyMain.java:653)
	at groovy.ui.GroovyMain.run(GroovyMain.java:384)
	at groovy.ui.GroovyMain.process(GroovyMain.java:370)
	at groovy.ui.GroovyMain.processArgs(GroovyMain.java:129)
	at groovy.ui.GroovyMain.main(GroovyMain.java:109)
	at sun.reflect.NativeMethodAccessorImpl.invoke0(Native Method)
	at sun.reflect.NativeMethodAccessorImpl.invoke(NativeMethodAccessorImpl.java:62)
	at sun.reflect.DelegatingMethodAccessorImpl.invoke(DelegatingMethodAccessorImpl.java:43)
	at java.lang.reflect.Method.invoke(Method.java:498)
	at org.codehaus.groovy.tools.GroovyStarter.rootLoader(GroovyStarter.java:109)
	at org.codehaus.groovy.tools.GroovyStarter.main(GroovyStarter.java:131)
)

2018-10-19 13:05:20 - [TEST_STEP][PASSED] - openBrowser: Browser is opened with url: ''

2018-10-19 13:05:20 - [MESSAGE][WARNING] - A browser is already opened. Closing browser and opening a new one

2018-10-19 13:05:24 - [MESSAGE][PASSED] - Browser is opened with url: ''

2018-10-19 13:05:24 - [TEST_STEP][PASSED] - navigateToUrl: Navigate to 'https://assist2-uat.perkeso.gov.my/login' successfully

2018-10-19 13:05:26 - [MESSAGE][PASSED] - Navigate to 'https://assist2-uat.perkeso.gov.my/login' successfully

2018-10-19 13:05:26 - [TEST_STEP][PASSED] - delay: Delayed 5 second(s)

2018-10-19 13:05:31 - [MESSAGE][PASSED] - Delayed 5 second(s)

2018-10-19 13:05:31 - [TEST_STEP][PASSED] - setText: Text 'test@liferay.com' is set on object 'Object Repository/Final Object Repo/Login Page/Internal User/Email Address'

2018-10-19 13:05:32 - [MESSAGE][PASSED] - Text 'test@liferay.com' is set on object 'Object Repository/Final Object Repo/Login Page/Internal User/Email Address'

2018-10-19 13:05:32 - [TEST_STEP][PASSED] - click: Object: 'Object Repository/Final Object Repo/Login Page/Internal User/Next Button' is clicked on

2018-10-19 13:05:32 - [MESSAGE][PASSED] - Object: 'Object Repository/Final Object Repo/Login Page/Internal User/Next Button' is clicked on

2018-10-19 13:05:32 - [TEST_STEP][PASSED] - delay: Delayed 2 second(s)

2018-10-19 13:05:34 - [MESSAGE][PASSED] - Delayed 2 second(s)

2018-10-19 13:05:34 - [TEST_STEP][PASSED] - setText: Text 'test' is set on object 'Object Repository/Final Object Repo/Login Page/Internal User/Password'

2018-10-19 13:05:34 - [MESSAGE][PASSED] - Text 'test' is set on object 'Object Repository/Final Object Repo/Login Page/Internal User/Password'

2018-10-19 13:05:34 - [TEST_STEP][PASSED] - delay: Delayed 2 second(s)

2018-10-19 13:05:36 - [MESSAGE][PASSED] - Delayed 2 second(s)

2018-10-19 13:05:36 - [TEST_STEP][PASSED] - click: Object: 'Object Repository/Final Object Repo/Login Page/Internal User/Login Button' is clicked on

2018-10-19 13:05:36 - [MESSAGE][PASSED] - Object: 'Object Repository/Final Object Repo/Login Page/Internal User/Login Button' is clicked on

2018-10-19 13:05:36 - [TEST_STEP][FAILED] - Statement - Try: Delayed 2 second(s)

2018-10-19 13:05:36 - [TEST_STEP][PASSED] - Statement - Checker = false: null

2018-10-19 13:05:36 - [TEST_STEP][PASSED] - Statement - Checker = com.kms.katalon.core.webui.keyword.WebUiBuiltInKeywords.verifyElementHasAttribute(com.kms.katalon.core.testobject.ObjectRepository.findTestObject(Final Object Repo/Landing Page/BM Detecting), "href", 20, OPTIONAL): Unable to verify if object 'Object Repository/Final Object Repo/Landing Page/BM Detecting' has attribute 'href' (Root cause: org.openqa.selenium.StaleElementReferenceException: stale element reference: element is not attached to the page document
  (Session info: chrome=69.0.3497.100)
  (Driver info: chromedriver=2.35.528161 (5b82f2d2aae0ca24b877009200ced9065a772e73),platform=Windows NT 6.1.7601 SP1 x86_64) (WARNING: The server did not provide any stacktrace information)
Command duration or timeout: 0 milliseconds
For documentation on this error, please visit: http://seleniumhq.org/exceptions/stale_element_reference.html
Build info: version: '3.7.1', revision: '8a0099a', time: '2017-11-06T21:07:36.161Z'
System info: host: 'WEIZHENG', ip: '192.168.137.1', os.name: 'Windows 7', os.arch: 'amd64', os.version: '6.1', java.version: '1.8.0_181'
Driver info: com.kms.katalon.selenium.driver.CChromeDriver
Capabilities {acceptInsecureCerts: false, acceptSslCerts: false, applicationCacheEnabled: false, browserConnectionEnabled: false, browserName: chrome, chrome: {chromedriverVersion: 2.35.528161 (5b82f2d2aae0ca..., userDataDir: C:\Users\WEIZHE~1\AppData\L...}, cssSelectorsEnabled: true, databaseEnabled: false, handlesAlerts: true, hasTouchScreen: false, javascriptEnabled: true, locationContextEnabled: true, mobileEmulationEnabled: false, nativeEvents: true, networkConnectionEnabled: false, pageLoadStrategy: normal, platform: XP, platformName: XP, rotatable: false, setWindowRect: true, takesHeapSnapshot: true, takesScreenshot: true, unexpectedAlertBehaviour: , unhandledPromptBehavior: , version: 69.0.3497.100, webStorageEnabled: true}
Session ID: 2586e49c4f6ee82a98c3b514f31c8c17)

2018-10-19 13:05:40 - [MESSAGE][WARNING] - Unable to verify if object 'Object Repository/Final Object Repo/Landing Page/BM Detecting' has attribute 'href' (Root cause: org.openqa.selenium.StaleElementReferenceException: stale element reference: element is not attached to the page document
  (Session info: chrome=69.0.3497.100)
  (Driver info: chromedriver=2.35.528161 (5b82f2d2aae0ca24b877009200ced9065a772e73),platform=Windows NT 6.1.7601 SP1 x86_64) (WARNING: The server did not provide any stacktrace information)
Command duration or timeout: 0 milliseconds
For documentation on this error, please visit: http://seleniumhq.org/exceptions/stale_element_reference.html
Build info: version: '3.7.1', revision: '8a0099a', time: '2017-11-06T21:07:36.161Z'
System info: host: 'WEIZHENG', ip: '192.168.137.1', os.name: 'Windows 7', os.arch: 'amd64', os.version: '6.1', java.version: '1.8.0_181'
Driver info: com.kms.katalon.selenium.driver.CChromeDriver
Capabilities {acceptInsecureCerts: false, acceptSslCerts: false, applicationCacheEnabled: false, browserConnectionEnabled: false, browserName: chrome, chrome: {chromedriverVersion: 2.35.528161 (5b82f2d2aae0ca..., userDataDir: C:\Users\WEIZHE~1\AppData\L...}, cssSelectorsEnabled: true, databaseEnabled: false, handlesAlerts: true, hasTouchScreen: false, javascriptEnabled: true, locationContextEnabled: true, mobileEmulationEnabled: false, nativeEvents: true, networkConnectionEnabled: false, pageLoadStrategy: normal, platform: XP, platformName: XP, rotatable: false, setWindowRect: true, takesHeapSnapshot: true, takesScreenshot: true, unexpectedAlertBehaviour: , unhandledPromptBehavior: , version: 69.0.3497.100, webStorageEnabled: true}
Session ID: 2586e49c4f6ee82a98c3b514f31c8c17)
[[ATTACHMENT|C:\\Users\\LENOVO\\Katalon Studio\\Perkeso Phase A\\Reports\\Workflow\\Form 1A - Cessation as Employer\\20181019_094055\\1539925539735.png]]

2018-10-19 13:05:40 - [TEST_STEP][PASSED] - Statement - out.println(Checker): null

2018-10-19 13:05:40 - [TEST_STEP][FAILED] - Statement - If (Checker == false): Unable to click on object 'Object Repository/Final Object Repo/Landing Page/Select to English' (Root cause: com.kms.katalon.core.webui.exception.WebElementNotFoundException: Web element with id: 'Object Repository/Final Object Repo/Landing Page/Select to English' located by 'By.xpath: //a[@class = 'taglib-language-list-text' and @lang = 'en-US' and (contains(text(), 'EN') or contains(., 'EN'))]' not found)

2018-10-19 13:05:40 - [TEST_STEP][FAILED] - click: Unable to click on object 'Object Repository/Final Object Repo/Landing Page/Select to English' (Root cause: com.kms.katalon.core.webui.exception.WebElementNotFoundException: Web element with id: 'Object Repository/Final Object Repo/Landing Page/Select to English' located by 'By.xpath: //a[@class = 'taglib-language-list-text' and @lang = 'en-US' and (contains(text(), 'EN') or contains(., 'EN'))]' not found)

2018-10-19 13:07:57 - [MESSAGE][FAILED] - Unable to click on object 'Object Repository/Final Object Repo/Landing Page/Select to English' (Root cause: com.kms.katalon.core.webui.exception.WebElementNotFoundException: Web element with id: 'Object Repository/Final Object Repo/Landing Page/Select to English' located by 'By.xpath: //a[@class = 'taglib-language-list-text' and @lang = 'en-US' and (contains(text(), 'EN') or contains(., 'EN'))]' not found)
[[ATTACHMENT|C:\\Users\\LENOVO\\Katalon Studio\\Perkeso Phase A\\Reports\\Workflow\\Form 1A - Cessation as Employer\\20181019_094055\\1539925677183.png]]

2018-10-19 13:07:57 - [TEST_STEP][PASSED] - delay: Delayed 2 second(s)

2018-10-19 13:07:59 - [MESSAGE][PASSED] - Delayed 2 second(s)

2018-10-19 13:07:59 - [TEST_STEP][PASSED] - delay: Delayed 3 second(s)

2018-10-19 13:08:02 - [MESSAGE][PASSED] - Delayed 3 second(s)

2018-10-19 13:08:02 - [TEST_STEP][PASSED] - click: Object: 'Object Repository/Final Object Repo/Landing Page/WorkFlow Menu' is clicked on

2018-10-19 13:08:02 - [MESSAGE][PASSED] - Object: 'Object Repository/Final Object Repo/Landing Page/WorkFlow Menu' is clicked on

2018-10-19 13:08:02 - [TEST_STEP][PASSED] - delay: Delayed 2 second(s)

2018-10-19 13:08:04 - [MESSAGE][PASSED] - Delayed 2 second(s)

2018-10-19 13:08:04 - [TEST_STEP][FAILED] - click: Unable to click on object 'Object Repository/Final Object Repo/Landing Page/Select to Workflow Listing' (Root cause: org.openqa.selenium.ElementNotVisibleException: element not visible
  (Session info: chrome=69.0.3497.100)
  (Driver info: chromedriver=2.35.528161 (5b82f2d2aae0ca24b877009200ced9065a772e73),platform=Windows NT 6.1.7601 SP1 x86_64) (WARNING: The server did not provide any stacktrace information)
Command duration or timeout: 0 milliseconds
Build info: version: '3.7.1', revision: '8a0099a', time: '2017-11-06T21:07:36.161Z'
System info: host: 'WEIZHENG', ip: '192.168.137.1', os.name: 'Windows 7', os.arch: 'amd64', os.version: '6.1', java.version: '1.8.0_181'
Driver info: com.kms.katalon.selenium.driver.CChromeDriver
Capabilities {acceptInsecureCerts: false, acceptSslCerts: false, applicationCacheEnabled: false, browserConnectionEnabled: false, browserName: chrome, chrome: {chromedriverVersion: 2.35.528161 (5b82f2d2aae0ca..., userDataDir: C:\Users\WEIZHE~1\AppData\L...}, cssSelectorsEnabled: true, databaseEnabled: false, handlesAlerts: true, hasTouchScreen: false, javascriptEnabled: true, locationContextEnabled: true, mobileEmulationEnabled: false, nativeEvents: true, networkConnectionEnabled: false, pageLoadStrategy: normal, platform: XP, platformName: XP, rotatable: false, setWindowRect: true, takesHeapSnapshot: true, takesScreenshot: true, unexpectedAlertBehaviour: , unhandledPromptBehavior: , version: 69.0.3497.100, webStorageEnabled: true}
Session ID: 2586e49c4f6ee82a98c3b514f31c8c17)

2018-10-19 13:08:05 - [MESSAGE][FAILED] - Unable to click on object 'Object Repository/Final Object Repo/Landing Page/Select to Workflow Listing' (Root cause: org.openqa.selenium.ElementNotVisibleException: element not visible
  (Session info: chrome=69.0.3497.100)
  (Driver info: chromedriver=2.35.528161 (5b82f2d2aae0ca24b877009200ced9065a772e73),platform=Windows NT 6.1.7601 SP1 x86_64) (WARNING: The server did not provide any stacktrace information)
Command duration or timeout: 0 milliseconds
Build info: version: '3.7.1', revision: '8a0099a', time: '2017-11-06T21:07:36.161Z'
System info: host: 'WEIZHENG', ip: '192.168.137.1', os.name: 'Windows 7', os.arch: 'amd64', os.version: '6.1', java.version: '1.8.0_181'
Driver info: com.kms.katalon.selenium.driver.CChromeDriver
Capabilities {acceptInsecureCerts: false, acceptSslCerts: false, applicationCacheEnabled: false, browserConnectionEnabled: false, browserName: chrome, chrome: {chromedriverVersion: 2.35.528161 (5b82f2d2aae0ca..., userDataDir: C:\Users\WEIZHE~1\AppData\L...}, cssSelectorsEnabled: true, databaseEnabled: false, handlesAlerts: true, hasTouchScreen: false, javascriptEnabled: true, locationContextEnabled: true, mobileEmulationEnabled: false, nativeEvents: true, networkConnectionEnabled: false, pageLoadStrategy: normal, platform: XP, platformName: XP, rotatable: false, setWindowRect: true, takesHeapSnapshot: true, takesScreenshot: true, unexpectedAlertBehaviour: , unhandledPromptBehavior: , version: 69.0.3497.100, webStorageEnabled: true}
Session ID: 2586e49c4f6ee82a98c3b514f31c8c17)
[[ATTACHMENT|C:\\Users\\LENOVO\\Katalon Studio\\Perkeso Phase A\\Reports\\Workflow\\Form 1A - Cessation as Employer\\20181019_094055\\1539925684783.png]]

2018-10-19 13:08:05 - [TEST_STEP][PASSED] - delay: Delayed 2 second(s)

2018-10-19 13:08:07 - [MESSAGE][PASSED] - Delayed 2 second(s)

2018-10-19 13:08:07 - [TEST_STEP][FAILED] - click: Unable to click on object 'Object Repository/Final Object Repo/WorkFlow Listing Page/Search Information - To Put Ref No' (Root cause: com.kms.katalon.core.webui.exception.WebElementNotFoundException: Web element with id: 'Object Repository/Final Object Repo/WorkFlow Listing Page/Search Information - To Put Ref No' located by 'By.xpath: //h2[@data-target = '#_workflowlisting_WAR_baseportlet_searchDiv' and (text() = 'Search Information' or . = 'Search Information')]' not found)

2018-10-19 13:10:17 - [MESSAGE][FAILED] - Unable to click on object 'Object Repository/Final Object Repo/WorkFlow Listing Page/Search Information - To Put Ref No' (Root cause: com.kms.katalon.core.webui.exception.WebElementNotFoundException: Web element with id: 'Object Repository/Final Object Repo/WorkFlow Listing Page/Search Information - To Put Ref No' located by 'By.xpath: //h2[@data-target = '#_workflowlisting_WAR_baseportlet_searchDiv' and (text() = 'Search Information' or . = 'Search Information')]' not found)
[[ATTACHMENT|C:\\Users\\LENOVO\\Katalon Studio\\Perkeso Phase A\\Reports\\Workflow\\Form 1A - Cessation as Employer\\20181019_094055\\1539925816848.png]]

2018-10-19 13:10:17 - [TEST_STEP][PASSED] - delay: Delayed 2 second(s)

2018-10-19 13:10:19 - [MESSAGE][PASSED] - Delayed 2 second(s)

2018-10-19 13:10:19 - [TEST_STEP][PASSED] - callTestCase: Call Test Case 'Test Cases/Final Aug 2018 - PKS Automation/Common/Reference Number Getter' successfully

2018-10-19 13:10:19 - [TEST_CASE][PASSED] - Test Cases/Final Aug 2018 - PKS Automation/Common/Reference Number Getter: Test Cases/Final Aug 2018 - PKS Automation/Common/Reference Number Getter

2018-10-19 13:10:19 - [TEST_STEP][PASSED] - Statement - Try: null

2018-10-19 13:10:19 - [TEST_STEP][PASSED] - Statement - RefNo = new java.io.File(C://KatalonReference.txt): null

2018-10-19 13:10:19 - [TEST_STEP][PASSED] - Statement - bufferread = new java.io.BufferedReader(new java.io.FileReader(RefNo)): null

2018-10-19 13:10:19 - [TEST_STEP][PASSED] - Statement - readedVal = bufferread.readLine(): null

2018-10-19 13:10:19 - [TEST_STEP][PASSED] - Statement - out.println(CaseReferenceNo): null

2018-10-19 13:10:19 - [TEST_STEP][PASSED] - Statement - out.println(readedVal): null

2018-10-19 13:10:19 - [TEST_STEP][PASSED] - Statement - CaseReferenceNo = readedVal: null

2018-10-19 13:10:19 - [MESSAGE][PASSED] - Call Test Case 'Test Cases/Final Aug 2018 - PKS Automation/Common/Reference Number Getter' successfully

2018-10-19 13:10:19 - [TEST_STEP][FAILED] - setText: Unable to set text 'CUN102018C200001433CUN102018C200001434' of object 'Object Repository/Final Object Repo/WorkFlow Listing Page/Ref No Set Text' (Root cause: com.kms.katalon.core.webui.exception.WebElementNotFoundException: Web element with id: 'Object Repository/Final Object Repo/WorkFlow Listing Page/Ref No Set Text' located by 'By.xpath: //input[@id = '_workflowlisting_WAR_baseportlet_dto.trxReferenceNum' and @name = '_workflowlisting_WAR_baseportlet_dto.trxReferenceNum' and @type = 'text']' not found)

2018-10-19 13:12:29 - [MESSAGE][FAILED] - Unable to set text 'CUN102018C200001433CUN102018C200001434' of object 'Object Repository/Final Object Repo/WorkFlow Listing Page/Ref No Set Text' (Root cause: com.kms.katalon.core.webui.exception.WebElementNotFoundException: Web element with id: 'Object Repository/Final Object Repo/WorkFlow Listing Page/Ref No Set Text' located by 'By.xpath: //input[@id = '_workflowlisting_WAR_baseportlet_dto.trxReferenceNum' and @name = '_workflowlisting_WAR_baseportlet_dto.trxReferenceNum' and @type = 'text']' not found)
[[ATTACHMENT|C:\\Users\\LENOVO\\Katalon Studio\\Perkeso Phase A\\Reports\\Workflow\\Form 1A - Cessation as Employer\\20181019_094055\\1539925949293.png]]

2018-10-19 13:12:29 - [TEST_STEP][PASSED] - delay: Delayed 2 second(s)

2018-10-19 13:12:31 - [MESSAGE][PASSED] - Delayed 2 second(s)

2018-10-19 13:12:31 - [TEST_STEP][FAILED] - click: Unable to click on object 'Object Repository/Final Object Repo/WorkFlow Listing Page/Search Ref No Search Button' (Root cause: org.openqa.selenium.ElementNotVisibleException: element not visible
  (Session info: chrome=69.0.3497.100)
  (Driver info: chromedriver=2.35.528161 (5b82f2d2aae0ca24b877009200ced9065a772e73),platform=Windows NT 6.1.7601 SP1 x86_64) (WARNING: The server did not provide any stacktrace information)
Command duration or timeout: 0 milliseconds
Build info: version: '3.7.1', revision: '8a0099a', time: '2017-11-06T21:07:36.161Z'
System info: host: 'WEIZHENG', ip: '192.168.137.1', os.name: 'Windows 7', os.arch: 'amd64', os.version: '6.1', java.version: '1.8.0_181'
Driver info: com.kms.katalon.selenium.driver.CChromeDriver
Capabilities {acceptInsecureCerts: false, acceptSslCerts: false, applicationCacheEnabled: false, browserConnectionEnabled: false, browserName: chrome, chrome: {chromedriverVersion: 2.35.528161 (5b82f2d2aae0ca..., userDataDir: C:\Users\WEIZHE~1\AppData\L...}, cssSelectorsEnabled: true, databaseEnabled: false, handlesAlerts: true, hasTouchScreen: false, javascriptEnabled: true, locationContextEnabled: true, mobileEmulationEnabled: false, nativeEvents: true, networkConnectionEnabled: false, pageLoadStrategy: normal, platform: XP, platformName: XP, rotatable: false, setWindowRect: true, takesHeapSnapshot: true, takesScreenshot: true, unexpectedAlertBehaviour: , unhandledPromptBehavior: , version: 69.0.3497.100, webStorageEnabled: true}
Session ID: 2586e49c4f6ee82a98c3b514f31c8c17)

2018-10-19 13:12:32 - [MESSAGE][FAILED] - Unable to click on object 'Object Repository/Final Object Repo/WorkFlow Listing Page/Search Ref No Search Button' (Root cause: org.openqa.selenium.ElementNotVisibleException: element not visible
  (Session info: chrome=69.0.3497.100)
  (Driver info: chromedriver=2.35.528161 (5b82f2d2aae0ca24b877009200ced9065a772e73),platform=Windows NT 6.1.7601 SP1 x86_64) (WARNING: The server did not provide any stacktrace information)
Command duration or timeout: 0 milliseconds
Build info: version: '3.7.1', revision: '8a0099a', time: '2017-11-06T21:07:36.161Z'
System info: host: 'WEIZHENG', ip: '192.168.137.1', os.name: 'Windows 7', os.arch: 'amd64', os.version: '6.1', java.version: '1.8.0_181'
Driver info: com.kms.katalon.selenium.driver.CChromeDriver
Capabilities {acceptInsecureCerts: false, acceptSslCerts: false, applicationCacheEnabled: false, browserConnectionEnabled: false, browserName: chrome, chrome: {chromedriverVersion: 2.35.528161 (5b82f2d2aae0ca..., userDataDir: C:\Users\WEIZHE~1\AppData\L...}, cssSelectorsEnabled: true, databaseEnabled: false, handlesAlerts: true, hasTouchScreen: false, javascriptEnabled: true, locationContextEnabled: true, mobileEmulationEnabled: false, nativeEvents: true, networkConnectionEnabled: false, pageLoadStrategy: normal, platform: XP, platformName: XP, rotatable: false, setWindowRect: true, takesHeapSnapshot: true, takesScreenshot: true, unexpectedAlertBehaviour: , unhandledPromptBehavior: , version: 69.0.3497.100, webStorageEnabled: true}
Session ID: 2586e49c4f6ee82a98c3b514f31c8c17)
[[ATTACHMENT|C:\\Users\\LENOVO\\Katalon Studio\\Perkeso Phase A\\Reports\\Workflow\\Form 1A - Cessation as Employer\\20181019_094055\\1539925951721.png]]

2018-10-19 13:12:32 - [TEST_STEP][PASSED] - delay: Delayed 4 second(s)

2018-10-19 13:12:36 - [MESSAGE][PASSED] - Delayed 4 second(s)

2018-10-19 13:12:36 - [TEST_STEP][PASSED] - click: Object: 'Object Repository/Final Object Repo/WorkFlow Listing Page/Click Continue Tooltip' is clicked on

2018-10-19 13:12:38 - [MESSAGE][PASSED] - Object: 'Object Repository/Final Object Repo/WorkFlow Listing Page/Click Continue Tooltip' is clicked on

2018-10-19 13:12:38 - [TEST_STEP][PASSED] - delay: Delayed 5 second(s)

2018-10-19 13:12:43 - [MESSAGE][PASSED] - Delayed 5 second(s)

2018-10-19 13:12:43 - [TEST_STEP][FAILED] - doubleClick: Unable to double click on object 'Object Repository/Final Object Repo/WorkFlow Listing Page/Workflow Found - Listing 1' (Root cause: com.kms.katalon.core.webui.exception.WebElementNotFoundException: Web element with id: 'Object Repository/Final Object Repo/WorkFlow Listing Page/Workflow Found - Listing 1' located by 'By.xpath: //body/div/div/div/div/div/div/div/div/div/div/div/div/div/div/div/div/table/tbody/tr/td[@class='table-cell  first']/following-sibling::td[1]' not found)

2018-10-19 13:14:52 - [MESSAGE][FAILED] - Unable to double click on object 'Object Repository/Final Object Repo/WorkFlow Listing Page/Workflow Found - Listing 1' (Root cause: com.kms.katalon.core.webui.exception.WebElementNotFoundException: Web element with id: 'Object Repository/Final Object Repo/WorkFlow Listing Page/Workflow Found - Listing 1' located by 'By.xpath: //body/div/div/div/div/div/div/div/div/div/div/div/div/div/div/div/div/table/tbody/tr/td[@class='table-cell  first']/following-sibling::td[1]' not found)
[[ATTACHMENT|C:\\Users\\LENOVO\\Katalon Studio\\Perkeso Phase A\\Reports\\Workflow\\Form 1A - Cessation as Employer\\20181019_094055\\1539926092564.png]]

2018-10-19 13:14:52 - [MESSAGE][FAILED] - Unable to call Test Case with id 'Test Cases/Final Aug 2018 - PKS Automation/Common/Workflow Owner Finder' (Root cause: Call Test Case 'Test Cases/Final Aug 2018 - PKS Automation/Common/Workflow Owner Finder' failed)

2018-10-19 13:14:52 - [MESSAGE][FAILED] - Unable to call Test Case with id 'Test Cases/Final Aug 2018 - PKS Automation/Registration Module/Workflow/Form 1A - Cessation As Employer/Template/Form 1 A - Cessation As Employer (Approve)' (Root cause: Call Test Case 'Test Cases/Final Aug 2018 - PKS Automation/Registration Module/Workflow/Form 1A - Cessation As Employer/Template/Form 1 A - Cessation As Employer (Approve)' failed)]]></system-out>
         <system-err><![CDATA[2018-10-19 13:04:05 - [TEST_CASE][FAILED] - Test Cases/Final Aug 2018 - PKS Automation/Registration Module/Workflow/Form 1A - Cessation As Employer/PKRBO to UO (Reject): Test Cases/Final Aug 2018 - PKS Automation/Registration Module/Workflow/Form 1A - Cessation As Employer/PKRBO to UO (Reject) FAILED because (of) (Stack trace: com.kms.katalon.core.exception.StepFailedException: Unable to click on object 'Object Repository/Final Object Repo/Landing Page/Select to English' (Root cause: com.kms.katalon.core.webui.exception.WebElementNotFoundException: Web element with id: 'Object Repository/Final Object Repo/Landing Page/Select to English' located by 'By.xpath: //a[@class = 'taglib-language-list-text' and @lang = 'en-US' and (contains(text(), 'EN') or contains(., 'EN'))]' not found)
	at com.kms.katalon.core.keyword.internal.KeywordMain.stepFailed(KeywordMain.groovy:32)
	at com.kms.katalon.core.webui.keyword.internal.WebUIKeywordMain.stepFailed(WebUIKeywordMain.groovy:65)
	at com.kms.katalon.core.webui.keyword.internal.WebUIKeywordMain.runKeyword(WebUIKeywordMain.groovy:27)
	at com.kms.katalon.core.webui.keyword.builtin.ClickKeyword.click(ClickKeyword.groovy:86)
	at com.kms.katalon.core.webui.keyword.builtin.ClickKeyword.execute(ClickKeyword.groovy:67)
	at com.kms.katalon.core.keyword.internal.KeywordExecutor.executeKeywordForPlatform(KeywordExecutor.groovy:53)
	at com.kms.katalon.core.webui.keyword.WebUiBuiltInKeywords.click(WebUiBuiltInKeywords.groovy:604)
	at com.kms.katalon.core.webui.keyword.WebUiBuiltInKeywords$click$8.call(Unknown Source)
	at Script1534407542420.run(Script1534407542420.groovy:57)
	at com.kms.katalon.core.main.ScriptEngine.run(ScriptEngine.java:183)
	at com.kms.katalon.core.main.ScriptEngine.runScriptAsRawText(ScriptEngine.java:108)
	at com.kms.katalon.core.main.TestCaseExecutor.runScript(TestCaseExecutor.java:294)
	at com.kms.katalon.core.main.TestCaseExecutor.doExecute(TestCaseExecutor.java:285)
	at com.kms.katalon.core.main.TestCaseExecutor.processExecutionPhase(TestCaseExecutor.java:264)
	at com.kms.katalon.core.main.TestCaseExecutor.accessMainPhase(TestCaseExecutor.java:256)
	at com.kms.katalon.core.main.TestCaseExecutor.execute(TestCaseExecutor.java:200)
	at com.kms.katalon.core.main.TestCaseMain.runTestCase(TestCaseMain.java:99)
	at com.kms.katalon.core.keyword.builtin.CallTestCaseKeyword$_callTestCase_closure1.doCall(CallTestCaseKeyword.groovy:60)
	at com.kms.katalon.core.keyword.builtin.CallTestCaseKeyword$_callTestCase_closure1.call(CallTestCaseKeyword.groovy)
	at com.kms.katalon.core.keyword.internal.KeywordMain.runKeyword(KeywordMain.groovy:54)
	at com.kms.katalon.core.keyword.builtin.CallTestCaseKeyword.callTestCase(CallTestCaseKeyword.groovy:81)
	at com.kms.katalon.core.keyword.builtin.CallTestCaseKeyword.execute(CallTestCaseKeyword.groovy:45)
	at com.kms.katalon.core.keyword.internal.KeywordExecutor.executeKeywordForPlatform(KeywordExecutor.groovy:53)
	at com.kms.katalon.core.keyword.BuiltinKeywords.callTestCase(BuiltinKeywords.groovy:334)
	at sun.reflect.GeneratedMethodAccessor13.invoke(Unknown Source)
	at sun.reflect.DelegatingMethodAccessorImpl.invoke(DelegatingMethodAccessorImpl.java:43)
	at java.lang.reflect.Method.invoke(Method.java:498)
	at org.codehaus.groovy.reflection.CachedMethod.invoke(CachedMethod.java:93)
	at groovy.lang.MetaMethod.doMethodInvoke(MetaMethod.java:325)
	at groovy.lang.MetaClassImpl.invokeStaticMethod(MetaClassImpl.java:1469)
	at org.codehaus.groovy.runtime.callsite.StaticMetaClassSite.call(StaticMetaClassSite.java:53)
	at org.codehaus.groovy.runtime.callsite.AbstractCallSite.call(AbstractCallSite.java:141)
	at Script1536137459454.run(Script1536137459454.groovy:34)
	at com.kms.katalon.core.main.ScriptEngine.run(ScriptEngine.java:183)
	at com.kms.katalon.core.main.ScriptEngine.runScriptAsRawText(ScriptEngine.java:108)
	at com.kms.katalon.core.main.TestCaseExecutor.runScript(TestCaseExecutor.java:294)
	at com.kms.katalon.core.main.TestCaseExecutor.doExecute(TestCaseExecutor.java:285)
	at com.kms.katalon.core.main.TestCaseExecutor.processExecutionPhase(TestCaseExecutor.java:264)
	at com.kms.katalon.core.main.TestCaseExecutor.accessMainPhase(TestCaseExecutor.java:256)
	at com.kms.katalon.core.main.TestCaseExecutor.execute(TestCaseExecutor.java:200)
	at com.kms.katalon.core.main.TestCaseMain.runTestCase(TestCaseMain.java:99)
	at com.kms.katalon.core.keyword.builtin.CallTestCaseKeyword$_callTestCase_closure1.doCall(CallTestCaseKeyword.groovy:60)
	at com.kms.katalon.core.keyword.builtin.CallTestCaseKeyword$_callTestCase_closure1.call(CallTestCaseKeyword.groovy)
	at com.kms.katalon.core.keyword.internal.KeywordMain.runKeyword(KeywordMain.groovy:54)
	at com.kms.katalon.core.keyword.builtin.CallTestCaseKeyword.callTestCase(CallTestCaseKeyword.groovy:81)
	at com.kms.katalon.core.keyword.builtin.CallTestCaseKeyword.execute(CallTestCaseKeyword.groovy:45)
	at com.kms.katalon.core.keyword.internal.KeywordExecutor.executeKeywordForPlatform(KeywordExecutor.groovy:53)
	at com.kms.katalon.core.keyword.BuiltinKeywords.callTestCase(BuiltinKeywords.groovy:334)
	at sun.reflect.GeneratedMethodAccessor13.invoke(Unknown Source)
	at sun.reflect.DelegatingMethodAccessorImpl.invoke(DelegatingMethodAccessorImpl.java:43)
	at java.lang.reflect.Method.invoke(Method.java:498)
	at org.codehaus.groovy.reflection.CachedMethod.invoke(CachedMethod.java:93)
	at groovy.lang.MetaMethod.doMethodInvoke(MetaMethod.java:325)
	at groovy.lang.MetaClassImpl.invokeStaticMethod(MetaClassImpl.java:1469)
	at org.codehaus.groovy.runtime.callsite.StaticMetaClassSite.call(StaticMetaClassSite.java:53)
	at org.codehaus.groovy.runtime.callsite.CallSiteArray.defaultCall(CallSiteArray.java:48)
	at org.codehaus.groovy.runtime.callsite.AbstractCallSite.call(AbstractCallSite.java:113)
	at org.codehaus.groovy.runtime.callsite.AbstractCallSite.call(AbstractCallSite.java:141)
	at Script1536138955713.run(Script1536138955713.groovy:25)
	at com.kms.katalon.core.main.ScriptEngine.run(ScriptEngine.java:183)
	at com.kms.katalon.core.main.ScriptEngine.runScriptAsRawText(ScriptEngine.java:108)
	at com.kms.katalon.core.main.TestCaseExecutor.runScript(TestCaseExecutor.java:294)
	at com.kms.katalon.core.main.TestCaseExecutor.doExecute(TestCaseExecutor.java:285)
	at com.kms.katalon.core.main.TestCaseExecutor.processExecutionPhase(TestCaseExecutor.java:264)
	at com.kms.katalon.core.main.TestCaseExecutor.accessMainPhase(TestCaseExecutor.java:256)
	at com.kms.katalon.core.main.TestCaseExecutor.execute(TestCaseExecutor.java:200)
	at com.kms.katalon.core.main.TestSuiteExecutor.accessTestCaseMainPhase(TestSuiteExecutor.java:129)
	at com.kms.katalon.core.main.TestSuiteExecutor.accessTestSuiteMainPhase(TestSuiteExecutor.java:112)
	at com.kms.katalon.core.main.TestSuiteExecutor.execute(TestSuiteExecutor.java:81)
	at com.kms.katalon.core.main.TestCaseMain.startTestSuite(TestCaseMain.java:142)
	at com.kms.katalon.core.main.TestCaseMain$startTestSuite$0.call(Unknown Source)
	at org.codehaus.groovy.runtime.callsite.CallSiteArray.defaultCall(CallSiteArray.java:48)
	at org.codehaus.groovy.runtime.callsite.AbstractCallSite.call(AbstractCallSite.java:113)
	at org.codehaus.groovy.runtime.callsite.AbstractCallSite.call(AbstractCallSite.java:141)
	at TempTestSuite1539913255508.run(TempTestSuite1539913255508.groovy:36)
	at groovy.lang.GroovyShell.runScriptOrMainOrTestOrRunnable(GroovyShell.java:263)
	at groovy.lang.GroovyShell.run(GroovyShell.java:518)
	at groovy.lang.GroovyShell.run(GroovyShell.java:507)
	at groovy.ui.GroovyMain.processOnce(GroovyMain.java:653)
	at groovy.ui.GroovyMain.run(GroovyMain.java:384)
	at groovy.ui.GroovyMain.process(GroovyMain.java:370)
	at groovy.ui.GroovyMain.processArgs(GroovyMain.java:129)
	at groovy.ui.GroovyMain.main(GroovyMain.java:109)
	at sun.reflect.NativeMethodAccessorImpl.invoke0(Native Method)
	at sun.reflect.NativeMethodAccessorImpl.invoke(NativeMethodAccessorImpl.java:62)
	at sun.reflect.DelegatingMethodAccessorImpl.invoke(DelegatingMethodAccessorImpl.java:43)
	at java.lang.reflect.Method.invoke(Method.java:498)
	at org.codehaus.groovy.tools.GroovyStarter.rootLoader(GroovyStarter.java:109)
	at org.codehaus.groovy.tools.GroovyStarter.main(GroovyStarter.java:131)
)]]></system-err>
      </testcase>
      <testcase name="Test Cases/Final Aug 2018 - PKS Automation/Registration Module/Workflow/Form 1A - Cessation As Employer/PKRBO to UO (Under enforcement)" classname="Test Cases/Final Aug 2018 - PKS Automation/Registration Module/Workflow/Form 1A - Cessation As Employer/PKRBO to UO (Under enforcement)" status="FAILED">
         <failure type="FAILED" message="(Stack trace: com.kms.katalon.core.exception.StepFailedException: Unable to click on object 'Object Repository/Final Object Repo/Landing Page/Select to English' (Root cause: com.kms.katalon.core.webui.exception.WebElementNotFoundException: Web element with id: 'Object Repository/Final Object Repo/Landing Page/Select to English' located by 'By.xpath: //a[@class = 'taglib-language-list-text' and @lang = 'en-US' and (contains(text(), 'EN') or contains(., 'EN'))]' not found)
	at com.kms.katalon.core.keyword.internal.KeywordMain.stepFailed(KeywordMain.groovy:32)
	at com.kms.katalon.core.webui.keyword.internal.WebUIKeywordMain.stepFailed(WebUIKeywordMain.groovy:65)
	at com.kms.katalon.core.webui.keyword.internal.WebUIKeywordMain.runKeyword(WebUIKeywordMain.groovy:27)
	at com.kms.katalon.core.webui.keyword.builtin.ClickKeyword.click(ClickKeyword.groovy:86)
	at com.kms.katalon.core.webui.keyword.builtin.ClickKeyword.execute(ClickKeyword.groovy:67)
	at com.kms.katalon.core.keyword.internal.KeywordExecutor.executeKeywordForPlatform(KeywordExecutor.groovy:53)
	at com.kms.katalon.core.webui.keyword.WebUiBuiltInKeywords.click(WebUiBuiltInKeywords.groovy:604)
	at com.kms.katalon.core.webui.keyword.WebUiBuiltInKeywords$click$8.call(Unknown Source)
	at Script1534407542420.run(Script1534407542420.groovy:57)
	at com.kms.katalon.core.main.ScriptEngine.run(ScriptEngine.java:183)
	at com.kms.katalon.core.main.ScriptEngine.runScriptAsRawText(ScriptEngine.java:108)
	at com.kms.katalon.core.main.TestCaseExecutor.runScript(TestCaseExecutor.java:294)
	at com.kms.katalon.core.main.TestCaseExecutor.doExecute(TestCaseExecutor.java:285)
	at com.kms.katalon.core.main.TestCaseExecutor.processExecutionPhase(TestCaseExecutor.java:264)
	at com.kms.katalon.core.main.TestCaseExecutor.accessMainPhase(TestCaseExecutor.java:256)
	at com.kms.katalon.core.main.TestCaseExecutor.execute(TestCaseExecutor.java:200)
	at com.kms.katalon.core.main.TestCaseMain.runTestCase(TestCaseMain.java:99)
	at com.kms.katalon.core.keyword.builtin.CallTestCaseKeyword$_callTestCase_closure1.doCall(CallTestCaseKeyword.groovy:60)
	at com.kms.katalon.core.keyword.builtin.CallTestCaseKeyword$_callTestCase_closure1.call(CallTestCaseKeyword.groovy)
	at com.kms.katalon.core.keyword.internal.KeywordMain.runKeyword(KeywordMain.groovy:54)
	at com.kms.katalon.core.keyword.builtin.CallTestCaseKeyword.callTestCase(CallTestCaseKeyword.groovy:81)
	at com.kms.katalon.core.keyword.builtin.CallTestCaseKeyword.execute(CallTestCaseKeyword.groovy:45)
	at com.kms.katalon.core.keyword.internal.KeywordExecutor.executeKeywordForPlatform(KeywordExecutor.groovy:53)
	at com.kms.katalon.core.keyword.BuiltinKeywords.callTestCase(BuiltinKeywords.groovy:334)
	at sun.reflect.GeneratedMethodAccessor13.invoke(Unknown Source)
	at sun.reflect.DelegatingMethodAccessorImpl.invoke(DelegatingMethodAccessorImpl.java:43)
	at java.lang.reflect.Method.invoke(Method.java:498)
	at org.codehaus.groovy.reflection.CachedMethod.invoke(CachedMethod.java:93)
	at groovy.lang.MetaMethod.doMethodInvoke(MetaMethod.java:325)
	at groovy.lang.MetaClassImpl.invokeStaticMethod(MetaClassImpl.java:1469)
	at org.codehaus.groovy.runtime.callsite.StaticMetaClassSite.call(StaticMetaClassSite.java:53)
	at org.codehaus.groovy.runtime.callsite.AbstractCallSite.call(AbstractCallSite.java:141)
	at Script1535963367907.run(Script1535963367907.groovy:33)
	at com.kms.katalon.core.main.ScriptEngine.run(ScriptEngine.java:183)
	at com.kms.katalon.core.main.ScriptEngine.runScriptAsRawText(ScriptEngine.java:108)
	at com.kms.katalon.core.main.TestCaseExecutor.runScript(TestCaseExecutor.java:294)
	at com.kms.katalon.core.main.TestCaseExecutor.doExecute(TestCaseExecutor.java:285)
	at com.kms.katalon.core.main.TestCaseExecutor.processExecutionPhase(TestCaseExecutor.java:264)
	at com.kms.katalon.core.main.TestCaseExecutor.accessMainPhase(TestCaseExecutor.java:256)
	at com.kms.katalon.core.main.TestCaseExecutor.execute(TestCaseExecutor.java:200)
	at com.kms.katalon.core.main.TestCaseMain.runTestCase(TestCaseMain.java:99)
	at com.kms.katalon.core.keyword.builtin.CallTestCaseKeyword$_callTestCase_closure1.doCall(CallTestCaseKeyword.groovy:60)
	at com.kms.katalon.core.keyword.builtin.CallTestCaseKeyword$_callTestCase_closure1.call(CallTestCaseKeyword.groovy)
	at com.kms.katalon.core.keyword.internal.KeywordMain.runKeyword(KeywordMain.groovy:54)
	at com.kms.katalon.core.keyword.builtin.CallTestCaseKeyword.callTestCase(CallTestCaseKeyword.groovy:81)
	at com.kms.katalon.core.keyword.builtin.CallTestCaseKeyword.execute(CallTestCaseKeyword.groovy:45)
	at com.kms.katalon.core.keyword.internal.KeywordExecutor.executeKeywordForPlatform(KeywordExecutor.groovy:53)
	at com.kms.katalon.core.keyword.BuiltinKeywords.callTestCase(BuiltinKeywords.groovy:334)
	at sun.reflect.GeneratedMethodAccessor13.invoke(Unknown Source)
	at sun.reflect.DelegatingMethodAccessorImpl.invoke(DelegatingMethodAccessorImpl.java:43)
	at java.lang.reflect.Method.invoke(Method.java:498)
	at org.codehaus.groovy.reflection.CachedMethod.invoke(CachedMethod.java:93)
	at groovy.lang.MetaMethod.doMethodInvoke(MetaMethod.java:325)
	at groovy.lang.MetaClassImpl.invokeStaticMethod(MetaClassImpl.java:1469)
	at org.codehaus.groovy.runtime.callsite.StaticMetaClassSite.call(StaticMetaClassSite.java:53)
	at org.codehaus.groovy.runtime.callsite.CallSiteArray.defaultCall(CallSiteArray.java:48)
	at org.codehaus.groovy.runtime.callsite.AbstractCallSite.call(AbstractCallSite.java:113)
	at org.codehaus.groovy.runtime.callsite.AbstractCallSite.call(AbstractCallSite.java:141)
	at Script1536139032579.run(Script1536139032579.groovy:25)
	at com.kms.katalon.core.main.ScriptEngine.run(ScriptEngine.java:183)
	at com.kms.katalon.core.main.ScriptEngine.runScriptAsRawText(ScriptEngine.java:108)
	at com.kms.katalon.core.main.TestCaseExecutor.runScript(TestCaseExecutor.java:294)
	at com.kms.katalon.core.main.TestCaseExecutor.doExecute(TestCaseExecutor.java:285)
	at com.kms.katalon.core.main.TestCaseExecutor.processExecutionPhase(TestCaseExecutor.java:264)
	at com.kms.katalon.core.main.TestCaseExecutor.accessMainPhase(TestCaseExecutor.java:256)
	at com.kms.katalon.core.main.TestCaseExecutor.execute(TestCaseExecutor.java:200)
	at com.kms.katalon.core.main.TestSuiteExecutor.accessTestCaseMainPhase(TestSuiteExecutor.java:129)
	at com.kms.katalon.core.main.TestSuiteExecutor.accessTestSuiteMainPhase(TestSuiteExecutor.java:112)
	at com.kms.katalon.core.main.TestSuiteExecutor.execute(TestSuiteExecutor.java:81)
	at com.kms.katalon.core.main.TestCaseMain.startTestSuite(TestCaseMain.java:142)
	at com.kms.katalon.core.main.TestCaseMain$startTestSuite$0.call(Unknown Source)
	at org.codehaus.groovy.runtime.callsite.CallSiteArray.defaultCall(CallSiteArray.java:48)
	at org.codehaus.groovy.runtime.callsite.AbstractCallSite.call(AbstractCallSite.java:113)
	at org.codehaus.groovy.runtime.callsite.AbstractCallSite.call(AbstractCallSite.java:141)
	at TempTestSuite1539913255508.run(TempTestSuite1539913255508.groovy:36)
	at groovy.lang.GroovyShell.runScriptOrMainOrTestOrRunnable(GroovyShell.java:263)
	at groovy.lang.GroovyShell.run(GroovyShell.java:518)
	at groovy.lang.GroovyShell.run(GroovyShell.java:507)
	at groovy.ui.GroovyMain.processOnce(GroovyMain.java:653)
	at groovy.ui.GroovyMain.run(GroovyMain.java:384)
	at groovy.ui.GroovyMain.process(GroovyMain.java:370)
	at groovy.ui.GroovyMain.processArgs(GroovyMain.java:129)
	at groovy.ui.GroovyMain.main(GroovyMain.java:109)
	at sun.reflect.NativeMethodAccessorImpl.invoke0(Native Method)
	at sun.reflect.NativeMethodAccessorImpl.invoke(NativeMethodAccessorImpl.java:62)
	at sun.reflect.DelegatingMethodAccessorImpl.invoke(DelegatingMethodAccessorImpl.java:43)
	at java.lang.reflect.Method.invoke(Method.java:498)
	at org.codehaus.groovy.tools.GroovyStarter.rootLoader(GroovyStarter.java:109)
	at org.codehaus.groovy.tools.GroovyStarter.main(GroovyStarter.java:131)
)"/>
         <system-out><![CDATA[2018-10-19 13:14:52 - [TEST_CASE][FAILED] - Test Cases/Final Aug 2018 - PKS Automation/Registration Module/Workflow/Form 1A - Cessation As Employer/PKRBO to UO (Under enforcement): Test Cases/Final Aug 2018 - PKS Automation/Registration Module/Workflow/Form 1A - Cessation As Employer/PKRBO to UO (Under enforcement) FAILED because (of) (Stack trace: com.kms.katalon.core.exception.StepFailedException: Unable to click on object 'Object Repository/Final Object Repo/Landing Page/Select to English' (Root cause: com.kms.katalon.core.webui.exception.WebElementNotFoundException: Web element with id: 'Object Repository/Final Object Repo/Landing Page/Select to English' located by 'By.xpath: //a[@class = 'taglib-language-list-text' and @lang = 'en-US' and (contains(text(), 'EN') or contains(., 'EN'))]' not found)
	at com.kms.katalon.core.keyword.internal.KeywordMain.stepFailed(KeywordMain.groovy:32)
	at com.kms.katalon.core.webui.keyword.internal.WebUIKeywordMain.stepFailed(WebUIKeywordMain.groovy:65)
	at com.kms.katalon.core.webui.keyword.internal.WebUIKeywordMain.runKeyword(WebUIKeywordMain.groovy:27)
	at com.kms.katalon.core.webui.keyword.builtin.ClickKeyword.click(ClickKeyword.groovy:86)
	at com.kms.katalon.core.webui.keyword.builtin.ClickKeyword.execute(ClickKeyword.groovy:67)
	at com.kms.katalon.core.keyword.internal.KeywordExecutor.executeKeywordForPlatform(KeywordExecutor.groovy:53)
	at com.kms.katalon.core.webui.keyword.WebUiBuiltInKeywords.click(WebUiBuiltInKeywords.groovy:604)
	at com.kms.katalon.core.webui.keyword.WebUiBuiltInKeywords$click$8.call(Unknown Source)
	at Script1534407542420.run(Script1534407542420.groovy:57)
	at com.kms.katalon.core.main.ScriptEngine.run(ScriptEngine.java:183)
	at com.kms.katalon.core.main.ScriptEngine.runScriptAsRawText(ScriptEngine.java:108)
	at com.kms.katalon.core.main.TestCaseExecutor.runScript(TestCaseExecutor.java:294)
	at com.kms.katalon.core.main.TestCaseExecutor.doExecute(TestCaseExecutor.java:285)
	at com.kms.katalon.core.main.TestCaseExecutor.processExecutionPhase(TestCaseExecutor.java:264)
	at com.kms.katalon.core.main.TestCaseExecutor.accessMainPhase(TestCaseExecutor.java:256)
	at com.kms.katalon.core.main.TestCaseExecutor.execute(TestCaseExecutor.java:200)
	at com.kms.katalon.core.main.TestCaseMain.runTestCase(TestCaseMain.java:99)
	at com.kms.katalon.core.keyword.builtin.CallTestCaseKeyword$_callTestCase_closure1.doCall(CallTestCaseKeyword.groovy:60)
	at com.kms.katalon.core.keyword.builtin.CallTestCaseKeyword$_callTestCase_closure1.call(CallTestCaseKeyword.groovy)
	at com.kms.katalon.core.keyword.internal.KeywordMain.runKeyword(KeywordMain.groovy:54)
	at com.kms.katalon.core.keyword.builtin.CallTestCaseKeyword.callTestCase(CallTestCaseKeyword.groovy:81)
	at com.kms.katalon.core.keyword.builtin.CallTestCaseKeyword.execute(CallTestCaseKeyword.groovy:45)
	at com.kms.katalon.core.keyword.internal.KeywordExecutor.executeKeywordForPlatform(KeywordExecutor.groovy:53)
	at com.kms.katalon.core.keyword.BuiltinKeywords.callTestCase(BuiltinKeywords.groovy:334)
	at sun.reflect.GeneratedMethodAccessor13.invoke(Unknown Source)
	at sun.reflect.DelegatingMethodAccessorImpl.invoke(DelegatingMethodAccessorImpl.java:43)
	at java.lang.reflect.Method.invoke(Method.java:498)
	at org.codehaus.groovy.reflection.CachedMethod.invoke(CachedMethod.java:93)
	at groovy.lang.MetaMethod.doMethodInvoke(MetaMethod.java:325)
	at groovy.lang.MetaClassImpl.invokeStaticMethod(MetaClassImpl.java:1469)
	at org.codehaus.groovy.runtime.callsite.StaticMetaClassSite.call(StaticMetaClassSite.java:53)
	at org.codehaus.groovy.runtime.callsite.AbstractCallSite.call(AbstractCallSite.java:141)
	at Script1535963367907.run(Script1535963367907.groovy:33)
	at com.kms.katalon.core.main.ScriptEngine.run(ScriptEngine.java:183)
	at com.kms.katalon.core.main.ScriptEngine.runScriptAsRawText(ScriptEngine.java:108)
	at com.kms.katalon.core.main.TestCaseExecutor.runScript(TestCaseExecutor.java:294)
	at com.kms.katalon.core.main.TestCaseExecutor.doExecute(TestCaseExecutor.java:285)
	at com.kms.katalon.core.main.TestCaseExecutor.processExecutionPhase(TestCaseExecutor.java:264)
	at com.kms.katalon.core.main.TestCaseExecutor.accessMainPhase(TestCaseExecutor.java:256)
	at com.kms.katalon.core.main.TestCaseExecutor.execute(TestCaseExecutor.java:200)
	at com.kms.katalon.core.main.TestCaseMain.runTestCase(TestCaseMain.java:99)
	at com.kms.katalon.core.keyword.builtin.CallTestCaseKeyword$_callTestCase_closure1.doCall(CallTestCaseKeyword.groovy:60)
	at com.kms.katalon.core.keyword.builtin.CallTestCaseKeyword$_callTestCase_closure1.call(CallTestCaseKeyword.groovy)
	at com.kms.katalon.core.keyword.internal.KeywordMain.runKeyword(KeywordMain.groovy:54)
	at com.kms.katalon.core.keyword.builtin.CallTestCaseKeyword.callTestCase(CallTestCaseKeyword.groovy:81)
	at com.kms.katalon.core.keyword.builtin.CallTestCaseKeyword.execute(CallTestCaseKeyword.groovy:45)
	at com.kms.katalon.core.keyword.internal.KeywordExecutor.executeKeywordForPlatform(KeywordExecutor.groovy:53)
	at com.kms.katalon.core.keyword.BuiltinKeywords.callTestCase(BuiltinKeywords.groovy:334)
	at sun.reflect.GeneratedMethodAccessor13.invoke(Unknown Source)
	at sun.reflect.DelegatingMethodAccessorImpl.invoke(DelegatingMethodAccessorImpl.java:43)
	at java.lang.reflect.Method.invoke(Method.java:498)
	at org.codehaus.groovy.reflection.CachedMethod.invoke(CachedMethod.java:93)
	at groovy.lang.MetaMethod.doMethodInvoke(MetaMethod.java:325)
	at groovy.lang.MetaClassImpl.invokeStaticMethod(MetaClassImpl.java:1469)
	at org.codehaus.groovy.runtime.callsite.StaticMetaClassSite.call(StaticMetaClassSite.java:53)
	at org.codehaus.groovy.runtime.callsite.CallSiteArray.defaultCall(CallSiteArray.java:48)
	at org.codehaus.groovy.runtime.callsite.AbstractCallSite.call(AbstractCallSite.java:113)
	at org.codehaus.groovy.runtime.callsite.AbstractCallSite.call(AbstractCallSite.java:141)
	at Script1536139032579.run(Script1536139032579.groovy:25)
	at com.kms.katalon.core.main.ScriptEngine.run(ScriptEngine.java:183)
	at com.kms.katalon.core.main.ScriptEngine.runScriptAsRawText(ScriptEngine.java:108)
	at com.kms.katalon.core.main.TestCaseExecutor.runScript(TestCaseExecutor.java:294)
	at com.kms.katalon.core.main.TestCaseExecutor.doExecute(TestCaseExecutor.java:285)
	at com.kms.katalon.core.main.TestCaseExecutor.processExecutionPhase(TestCaseExecutor.java:264)
	at com.kms.katalon.core.main.TestCaseExecutor.accessMainPhase(TestCaseExecutor.java:256)
	at com.kms.katalon.core.main.TestCaseExecutor.execute(TestCaseExecutor.java:200)
	at com.kms.katalon.core.main.TestSuiteExecutor.accessTestCaseMainPhase(TestSuiteExecutor.java:129)
	at com.kms.katalon.core.main.TestSuiteExecutor.accessTestSuiteMainPhase(TestSuiteExecutor.java:112)
	at com.kms.katalon.core.main.TestSuiteExecutor.execute(TestSuiteExecutor.java:81)
	at com.kms.katalon.core.main.TestCaseMain.startTestSuite(TestCaseMain.java:142)
	at com.kms.katalon.core.main.TestCaseMain$startTestSuite$0.call(Unknown Source)
	at org.codehaus.groovy.runtime.callsite.CallSiteArray.defaultCall(CallSiteArray.java:48)
	at org.codehaus.groovy.runtime.callsite.AbstractCallSite.call(AbstractCallSite.java:113)
	at org.codehaus.groovy.runtime.callsite.AbstractCallSite.call(AbstractCallSite.java:141)
	at TempTestSuite1539913255508.run(TempTestSuite1539913255508.groovy:36)
	at groovy.lang.GroovyShell.runScriptOrMainOrTestOrRunnable(GroovyShell.java:263)
	at groovy.lang.GroovyShell.run(GroovyShell.java:518)
	at groovy.lang.GroovyShell.run(GroovyShell.java:507)
	at groovy.ui.GroovyMain.processOnce(GroovyMain.java:653)
	at groovy.ui.GroovyMain.run(GroovyMain.java:384)
	at groovy.ui.GroovyMain.process(GroovyMain.java:370)
	at groovy.ui.GroovyMain.processArgs(GroovyMain.java:129)
	at groovy.ui.GroovyMain.main(GroovyMain.java:109)
	at sun.reflect.NativeMethodAccessorImpl.invoke0(Native Method)
	at sun.reflect.NativeMethodAccessorImpl.invoke(NativeMethodAccessorImpl.java:62)
	at sun.reflect.DelegatingMethodAccessorImpl.invoke(DelegatingMethodAccessorImpl.java:43)
	at java.lang.reflect.Method.invoke(Method.java:498)
	at org.codehaus.groovy.tools.GroovyStarter.rootLoader(GroovyStarter.java:109)
	at org.codehaus.groovy.tools.GroovyStarter.main(GroovyStarter.java:131)
)

2018-10-19 13:14:53 - [TEST_STEP][PASSED] - callTestCase: Call Test Case 'Test Cases/Final Aug 2018 - PKS Automation/Registration Module/Workflow/Form 1A - Cessation As Employer/Template/Form 1 A - Cessation As Employer (PKRBO)' successfully

2018-10-19 13:14:53 - [TEST_CASE][PASSED] - Test Cases/Final Aug 2018 - PKS Automation/Registration Module/Workflow/Form 1A - Cessation As Employer/Template/Form 1 A - Cessation As Employer (PKRBO): Test Cases/Final Aug 2018 - PKS Automation/Registration Module/Workflow/Form 1A - Cessation As Employer/Template/Form 1 A - Cessation As Employer (PKRBO)

2018-10-19 13:14:53 - [TEST_STEP][PASSED] - openBrowser: Browser is opened with url: ''

2018-10-19 13:14:53 - [MESSAGE][WARNING] - A browser is already opened. Closing browser and opening a new one

2018-10-19 13:14:57 - [MESSAGE][PASSED] - Browser is opened with url: ''

2018-10-19 13:14:57 - [TEST_STEP][PASSED] - navigateToUrl: Navigate to 'https://assist2-uat.perkeso.gov.my/login' successfully

2018-10-19 13:15:00 - [MESSAGE][PASSED] - Navigate to 'https://assist2-uat.perkeso.gov.my/login' successfully

2018-10-19 13:15:00 - [TEST_STEP][PASSED] - setText: Text 'johorpkrbo1@gmail.com' is set on object 'Object Repository/Final Object Repo/Login Page/Internal User/Email Address'

2018-10-19 13:15:00 - [MESSAGE][PASSED] - Text 'johorpkrbo1@gmail.com' is set on object 'Object Repository/Final Object Repo/Login Page/Internal User/Email Address'

2018-10-19 13:15:00 - [TEST_STEP][PASSED] - click: Object: 'Object Repository/Final Object Repo/Login Page/Internal User/Next Button' is clicked on

2018-10-19 13:15:00 - [MESSAGE][PASSED] - Object: 'Object Repository/Final Object Repo/Login Page/Internal User/Next Button' is clicked on

2018-10-19 13:15:00 - [TEST_STEP][PASSED] - delay: Delayed 1 second(s)

2018-10-19 13:15:01 - [MESSAGE][PASSED] - Delayed 1 second(s)

2018-10-19 13:15:01 - [TEST_STEP][PASSED] - setEncryptedText: Text ****** has been set on object 'Object Repository/Final Object Repo/Login Page/Internal User/Password'

2018-10-19 13:15:01 - [MESSAGE][PASSED] - Text ****** has been set on object 'Object Repository/Final Object Repo/Login Page/Internal User/Password'

2018-10-19 13:15:01 - [TEST_STEP][PASSED] - click: Object: 'Object Repository/Final Object Repo/Login Page/Internal User/Login Button' is clicked on

2018-10-19 13:15:02 - [MESSAGE][PASSED] - Object: 'Object Repository/Final Object Repo/Login Page/Internal User/Login Button' is clicked on

2018-10-19 13:15:02 - [TEST_STEP][PASSED] - delay: Delayed 1 second(s)

2018-10-19 13:15:03 - [MESSAGE][PASSED] - Delayed 1 second(s)

2018-10-19 13:15:03 - [TEST_STEP][PASSED] - Statement - Try: Delayed 2 second(s)

2018-10-19 13:15:03 - [TEST_STEP][PASSED] - Statement - Checker = false: null

2018-10-19 13:15:03 - [TEST_STEP][PASSED] - Statement - Checker = com.kms.katalon.core.webui.keyword.WebUiBuiltInKeywords.verifyElementHasAttribute(com.kms.katalon.core.testobject.ObjectRepository.findTestObject(Final Object Repo/Landing Page/BM Detecting), "href", 20, OPTIONAL): Object 'Object Repository/Final Object Repo/Landing Page/BM Detecting' has attribute 'href'

2018-10-19 13:15:06 - [MESSAGE][PASSED] - Object 'Object Repository/Final Object Repo/Landing Page/BM Detecting' has attribute 'href'

2018-10-19 13:15:06 - [TEST_STEP][PASSED] - Statement - out.println(Checker): null

2018-10-19 13:15:06 - [TEST_STEP][PASSED] - Statement - If (Checker == false): null

2018-10-19 13:15:06 - [TEST_STEP][PASSED] - Statement - Else: null

2018-10-19 13:15:06 - [TEST_STEP][PASSED] - delay: Delayed 2 second(s)

2018-10-19 13:15:08 - [MESSAGE][PASSED] - Delayed 2 second(s)

2018-10-19 13:15:08 - [TEST_STEP][PASSED] - navigateToUrl: Navigate to 'https://assist2-uat.perkeso.gov.my/web/registration/update/form-1a-cessation-as-employer-discontinue-business-' successfully

2018-10-19 13:15:10 - [MESSAGE][PASSED] - Navigate to 'https://assist2-uat.perkeso.gov.my/web/registration/update/form-1a-cessation-as-employer-discontinue-business-' successfully

2018-10-19 13:15:10 - [TEST_STEP][PASSED] - setText: Text 'E1102069770Z' is set on object 'Object Repository/Final Object Repo/Page_Update Employer Information/Employer Code'

2018-10-19 13:15:10 - [MESSAGE][PASSED] - Text 'E1102069770Z' is set on object 'Object Repository/Final Object Repo/Page_Update Employer Information/Employer Code'

2018-10-19 13:15:10 - [TEST_STEP][PASSED] - click: Object: 'Object Repository/Final Object Repo/Page_Update Employer Information/Search Button' is clicked on

2018-10-19 13:15:10 - [MESSAGE][PASSED] - Object: 'Object Repository/Final Object Repo/Page_Update Employer Information/Search Button' is clicked on

2018-10-19 13:15:10 - [TEST_STEP][PASSED] - click: Object: 'Object Repository/Final Object Repo/Page_Update Employer Information/Edit Button' is clicked on

2018-10-19 13:15:13 - [MESSAGE][PASSED] - Object: 'Object Repository/Final Object Repo/Page_Update Employer Information/Edit Button' is clicked on

2018-10-19 13:15:13 - [TEST_STEP][PASSED] - Statement - abc = com.kms.katalon.core.webui.keyword.WebUiBuiltInKeywords.getAttribute(com.kms.katalon.core.testobject.ObjectRepository.findTestObject(Final Object Repo/Page_Form 1A - Cessation As Employer/Employer Status), "value"): Attribute 'value' of object 'Object Repository/Final Object Repo/Page_Form 1A - Cessation As Employer/Employer Status' is: 'Dormant'

2018-10-19 13:15:13 - [MESSAGE][PASSED] - Attribute 'value' of object 'Object Repository/Final Object Repo/Page_Form 1A - Cessation As Employer/Employer Status' is: 'Dormant'

2018-10-19 13:15:13 - [TEST_STEP][PASSED] - Statement - out.println(abc): null

2018-10-19 13:15:13 - [TEST_STEP][PASSED] - Statement - If (abc == "Active"): null

2018-10-19 13:15:13 - [TEST_STEP][PASSED] - Statement - Else If (abc == "Cancel"): null

2018-10-19 13:15:13 - [TEST_STEP][PASSED] - Statement - Else If (abc == "Dormant"): Object: 'Object Repository/Final Object Repo/Page_Form 1A - Cessation As Employer/Change Employer Status to - Dormant' is clicked on

2018-10-19 13:15:13 - [TEST_STEP][PASSED] - click: Object: 'Object Repository/Final Object Repo/Page_Form 1A - Cessation As Employer/Change Employer Status to' is clicked on

2018-10-19 13:15:13 - [MESSAGE][PASSED] - Object: 'Object Repository/Final Object Repo/Page_Form 1A - Cessation As Employer/Change Employer Status to' is clicked on

2018-10-19 13:15:13 - [TEST_STEP][PASSED] - click: Object: 'Object Repository/Final Object Repo/Page_Form 1A - Cessation As Employer/Change Employer Status to - Dormant' is clicked on

2018-10-19 13:15:14 - [MESSAGE][PASSED] - Object: 'Object Repository/Final Object Repo/Page_Form 1A - Cessation As Employer/Change Employer Status to - Dormant' is clicked on

2018-10-19 13:15:14 - [TEST_STEP][PASSED] - click: Object: 'Object Repository/Final Object Repo/Page_Form 1A - Cessation As Employer/Calender' is clicked on

2018-10-19 13:15:14 - [MESSAGE][PASSED] - Object: 'Object Repository/Final Object Repo/Page_Form 1A - Cessation As Employer/Calender' is clicked on

2018-10-19 13:15:14 - [TEST_STEP][PASSED] - click: Object: 'Object Repository/Final Object Repo/Page_Form 1A - Cessation As Employer/Calender - Date' is clicked on

2018-10-19 13:15:14 - [MESSAGE][PASSED] - Object: 'Object Repository/Final Object Repo/Page_Form 1A - Cessation As Employer/Calender - Date' is clicked on

2018-10-19 13:15:14 - [TEST_STEP][PASSED] - delay: Delayed 2 second(s)

2018-10-19 13:15:16 - [MESSAGE][PASSED] - Delayed 2 second(s)

2018-10-19 13:15:16 - [TEST_STEP][PASSED] - click: Object: 'Object Repository/Final Object Repo/Page_Form 1A - Cessation As Employer/Save  Continue in Form 1A Page' is clicked on

2018-10-19 13:15:16 - [MESSAGE][PASSED] - Object: 'Object Repository/Final Object Repo/Page_Form 1A - Cessation As Employer/Save  Continue in Form 1A Page' is clicked on

2018-10-19 13:15:16 - [TEST_STEP][PASSED] - delay: Delayed 2 second(s)

2018-10-19 13:15:18 - [MESSAGE][PASSED] - Delayed 2 second(s)

2018-10-19 13:15:18 - [TEST_STEP][PASSED] - click: Object: 'Object Repository/Final Object Repo/Page_Form 1A - Cessation As Employer/Employment Resign Date' is clicked on

2018-10-19 13:15:19 - [MESSAGE][PASSED] - Object: 'Object Repository/Final Object Repo/Page_Form 1A - Cessation As Employer/Employment Resign Date' is clicked on

2018-10-19 13:15:19 - [TEST_STEP][PASSED] - delay: Delayed 1 second(s)

2018-10-19 13:15:20 - [MESSAGE][PASSED] - Delayed 1 second(s)

2018-10-19 13:15:20 - [TEST_STEP][PASSED] - Statement - CaseReferenceNo = com.kms.katalon.core.webui.keyword.WebUiBuiltInKeywords.getText(com.kms.katalon.core.testobject.ObjectRepository.findTestObject(Final Object Repo/Page_Update Employer Information/Reference Number in Update Employee Information Page)): Text of object 'Object Repository/Final Object Repo/Page_Update Employer Information/Reference Number in Update Employee Information Page' is: 'CUN102018C200001435'

2018-10-19 13:15:20 - [MESSAGE][PASSED] - Text of object 'Object Repository/Final Object Repo/Page_Update Employer Information/Reference Number in Update Employee Information Page' is: 'CUN102018C200001435'

2018-10-19 13:15:20 - [TEST_STEP][PASSED] - Statement - out.println(CaseReferenceNo): null

2018-10-19 13:15:20 - [TEST_STEP][PASSED] - callTestCase: Call Test Case 'Test Cases/Final Aug 2018 - PKS Automation/Common/Reference Number Setter' successfully

2018-10-19 13:15:20 - [TEST_CASE][PASSED] - Test Cases/Final Aug 2018 - PKS Automation/Common/Reference Number Setter: Test Cases/Final Aug 2018 - PKS Automation/Common/Reference Number Setter

2018-10-19 13:15:20 - [TEST_STEP][PASSED] - Statement - RefNoOldFile = new java.io.File(C://KatalonReference.txt): null

2018-10-19 13:15:20 - [TEST_STEP][PASSED] - Statement - RefNoOldFile.delete(): null

2018-10-19 13:15:20 - [TEST_STEP][PASSED] - Statement - RefNo = new java.io.File(C://KatalonReference.txt): null

2018-10-19 13:15:20 - [TEST_STEP][PASSED] - Statement - RefNo.append(CaseReferenceNo): null

2018-10-19 13:15:20 - [TEST_STEP][PASSED] - Statement - out.println("


" + CaseReferenceNo + "


"): null

2018-10-19 13:15:20 - [MESSAGE][PASSED] - Call Test Case 'Test Cases/Final Aug 2018 - PKS Automation/Common/Reference Number Setter' successfully

2018-10-19 13:15:20 - [TEST_STEP][PASSED] - selectOptionByValue: All options with value '2030' are selected in object 'Object Repository/Final Object Repo/Page_Form 1A - Cessation As Employer/Employment Resign Date - Year' 

2018-10-19 13:15:20 - [MESSAGE][PASSED] - All options with value '2030' are selected in object 'Object Repository/Final Object Repo/Page_Form 1A - Cessation As Employer/Employment Resign Date - Year' 

2018-10-19 13:15:20 - [TEST_STEP][PASSED] - delay: Delayed 1 second(s)

2018-10-19 13:15:21 - [MESSAGE][PASSED] - Delayed 1 second(s)

2018-10-19 13:15:21 - [TEST_STEP][PASSED] - click: Object: 'Object Repository/Final Object Repo/Page_Form 1A - Cessation As Employer/Employment Resign Date - Year - Date' is clicked on

2018-10-19 13:15:21 - [MESSAGE][PASSED] - Object: 'Object Repository/Final Object Repo/Page_Form 1A - Cessation As Employer/Employment Resign Date - Year - Date' is clicked on

2018-10-19 13:15:21 - [TEST_STEP][PASSED] - delay: Delayed 2 second(s)

2018-10-19 13:15:23 - [MESSAGE][PASSED] - Delayed 2 second(s)

2018-10-19 13:15:23 - [TEST_STEP][PASSED] - click: Object: 'Object Repository/Final Object Repo/Page_Form 1A - Cessation As Employer/Save  Continue in Update Add Employee Resigned Date Page' is clicked on

2018-10-19 13:15:23 - [MESSAGE][PASSED] - Object: 'Object Repository/Final Object Repo/Page_Form 1A - Cessation As Employer/Save  Continue in Update Add Employee Resigned Date Page' is clicked on

2018-10-19 13:15:23 - [TEST_STEP][PASSED] - delay: Delayed 2 second(s)

2018-10-19 13:15:25 - [MESSAGE][PASSED] - Delayed 2 second(s)

2018-10-19 13:15:25 - [TEST_STEP][PASSED] - click: Object: 'Object Repository/Final Object Repo/Page_Form 1A - Cessation As Employer/Add Document' is clicked on

2018-10-19 13:15:27 - [MESSAGE][PASSED] - Object: 'Object Repository/Final Object Repo/Page_Form 1A - Cessation As Employer/Add Document' is clicked on

2018-10-19 13:15:27 - [TEST_STEP][PASSED] - delay: Delayed 2 second(s)

2018-10-19 13:15:29 - [MESSAGE][PASSED] - Delayed 2 second(s)

2018-10-19 13:15:29 - [TEST_STEP][PASSED] - click: Object: 'Object Repository/Final Object Repo/Page_Form 1A - Cessation As Employer/Document Type' is clicked on

2018-10-19 13:15:30 - [MESSAGE][PASSED] - Object: 'Object Repository/Final Object Repo/Page_Form 1A - Cessation As Employer/Document Type' is clicked on

2018-10-19 13:15:30 - [TEST_STEP][PASSED] - delay: Delayed 2 second(s)

2018-10-19 13:15:32 - [MESSAGE][PASSED] - Delayed 2 second(s)

2018-10-19 13:15:32 - [TEST_STEP][PASSED] - click: Object: 'Object Repository/Final Object Repo/Page_Form 1A - Cessation As Employer/Document Type - Supporting Document For Cessation' is clicked on

2018-10-19 13:15:32 - [MESSAGE][PASSED] - Object: 'Object Repository/Final Object Repo/Page_Form 1A - Cessation As Employer/Document Type - Supporting Document For Cessation' is clicked on

2018-10-19 13:15:32 - [TEST_STEP][PASSED] - delay: Delayed 2 second(s)

2018-10-19 13:15:34 - [MESSAGE][PASSED] - Delayed 2 second(s)

2018-10-19 13:15:34 - [TEST_STEP][PASSED] - sendKeys: Keys 'C:\Users\Public\Pictures\Sample Pictures\Act.jpg' sent to object: 'Object Repository/Final Object Repo/Page_Form 1A - Cessation As Employer/Uploading File'

2018-10-19 13:15:35 - [MESSAGE][PASSED] - Keys 'C:\Users\Public\Pictures\Sample Pictures\Act.jpg' sent to object: 'Object Repository/Final Object Repo/Page_Form 1A - Cessation As Employer/Uploading File'

2018-10-19 13:15:35 - [TEST_STEP][PASSED] - delay: Delayed 2 second(s)

2018-10-19 13:15:37 - [MESSAGE][PASSED] - Delayed 2 second(s)

2018-10-19 13:15:37 - [TEST_STEP][PASSED] - click: Object: 'Object Repository/Final Object Repo/Page_Form 1A - Cessation As Employer/Add Document in Uploading Page' is clicked on

2018-10-19 13:15:37 - [MESSAGE][PASSED] - Object: 'Object Repository/Final Object Repo/Page_Form 1A - Cessation As Employer/Add Document in Uploading Page' is clicked on

2018-10-19 13:15:37 - [TEST_STEP][PASSED] - delay: Delayed 15 second(s)

2018-10-19 13:15:52 - [MESSAGE][PASSED] - Delayed 15 second(s)

2018-10-19 13:15:52 - [TEST_STEP][PASSED] - click: Object: 'Object Repository/Final Object Repo/Page_Form 1A - Cessation As Employer/Save  Continue in Uploading Page' is clicked on

2018-10-19 13:15:52 - [MESSAGE][PASSED] - Object: 'Object Repository/Final Object Repo/Page_Form 1A - Cessation As Employer/Save  Continue in Uploading Page' is clicked on

2018-10-19 13:15:52 - [TEST_STEP][PASSED] - delay: Delayed 2 second(s)

2018-10-19 13:15:54 - [MESSAGE][PASSED] - Delayed 2 second(s)

2018-10-19 13:15:54 - [TEST_STEP][PASSED] - click: Object: 'Object Repository/Final Object Repo/Page_Form 1A - Cessation As Employer/Submit2' is clicked on

2018-10-19 13:15:58 - [MESSAGE][PASSED] - Object: 'Object Repository/Final Object Repo/Page_Form 1A - Cessation As Employer/Submit2' is clicked on

2018-10-19 13:15:58 - [TEST_STEP][PASSED] - delay: Delayed 2 second(s)

2018-10-19 13:16:00 - [MESSAGE][PASSED] - Delayed 2 second(s)

2018-10-19 13:16:00 - [TEST_STEP][PASSED] - click: Object: 'Object Repository/Final Object Repo/Page_Form 1A - Cessation As Employer/Confirm' is clicked on

2018-10-19 13:16:00 - [MESSAGE][PASSED] - Object: 'Object Repository/Final Object Repo/Page_Form 1A - Cessation As Employer/Confirm' is clicked on

2018-10-19 13:16:00 - [TEST_STEP][PASSED] - delay: Delayed 2 second(s)

2018-10-19 13:16:02 - [MESSAGE][PASSED] - Delayed 2 second(s)

2018-10-19 13:16:02 - [TEST_STEP][PASSED] - verifyElementVisible: Object 'Object Repository/Final Object Repo/Page_Form 1A - Cessation As Employer/Message Your Request will be routed to UO' is visible

2018-10-19 13:16:06 - [MESSAGE][PASSED] - Object 'Object Repository/Final Object Repo/Page_Form 1A - Cessation As Employer/Message Your Request will be routed to UO' is visible

2018-10-19 13:16:06 - [TEST_STEP][PASSED] - delay: Delayed 1 second(s)

2018-10-19 13:16:07 - [MESSAGE][PASSED] - Delayed 1 second(s)

2018-10-19 13:16:07 - [TEST_STEP][PASSED] - verifyElementVisible: Object 'Object Repository/Final Object Repo/Page_Form 1A - Cessation As Employer/Letter of acknowledgement' is visible

2018-10-19 13:16:07 - [MESSAGE][PASSED] - Object 'Object Repository/Final Object Repo/Page_Form 1A - Cessation As Employer/Letter of acknowledgement' is visible

2018-10-19 13:16:07 - [MESSAGE][PASSED] - Call Test Case 'Test Cases/Final Aug 2018 - PKS Automation/Registration Module/Workflow/Form 1A - Cessation As Employer/Template/Form 1 A - Cessation As Employer (PKRBO)' successfully

2018-10-19 13:16:07 - [TEST_STEP][FAILED] - callTestCase: Unable to call Test Case with id 'Test Cases/Final Aug 2018 - PKS Automation/Registration Module/Workflow/Form 1A - Cessation As Employer/Template/Form 1 A - Cessation As Employer (Under enforcement)' (Root cause: Call Test Case 'Test Cases/Final Aug 2018 - PKS Automation/Registration Module/Workflow/Form 1A - Cessation As Employer/Template/Form 1 A - Cessation As Employer (Under enforcement)' failed)

2018-10-19 13:16:07 - [TEST_CASE][FAILED] - Test Cases/Final Aug 2018 - PKS Automation/Registration Module/Workflow/Form 1A - Cessation As Employer/Template/Form 1 A - Cessation As Employer (Under enforcement): Test Cases/Final Aug 2018 - PKS Automation/Registration Module/Workflow/Form 1A - Cessation As Employer/Template/Form 1 A - Cessation As Employer (Under enforcement) FAILED because (of) (Stack trace: com.kms.katalon.core.exception.StepFailedException: Unable to click on object 'Object Repository/Final Object Repo/Landing Page/Select to English' (Root cause: com.kms.katalon.core.webui.exception.WebElementNotFoundException: Web element with id: 'Object Repository/Final Object Repo/Landing Page/Select to English' located by 'By.xpath: //a[@class = 'taglib-language-list-text' and @lang = 'en-US' and (contains(text(), 'EN') or contains(., 'EN'))]' not found)
	at com.kms.katalon.core.keyword.internal.KeywordMain.stepFailed(KeywordMain.groovy:32)
	at com.kms.katalon.core.webui.keyword.internal.WebUIKeywordMain.stepFailed(WebUIKeywordMain.groovy:65)
	at com.kms.katalon.core.webui.keyword.internal.WebUIKeywordMain.runKeyword(WebUIKeywordMain.groovy:27)
	at com.kms.katalon.core.webui.keyword.builtin.ClickKeyword.click(ClickKeyword.groovy:86)
	at com.kms.katalon.core.webui.keyword.builtin.ClickKeyword.execute(ClickKeyword.groovy:67)
	at com.kms.katalon.core.keyword.internal.KeywordExecutor.executeKeywordForPlatform(KeywordExecutor.groovy:53)
	at com.kms.katalon.core.webui.keyword.WebUiBuiltInKeywords.click(WebUiBuiltInKeywords.groovy:604)
	at com.kms.katalon.core.webui.keyword.WebUiBuiltInKeywords$click$8.call(Unknown Source)
	at Script1534407542420.run(Script1534407542420.groovy:57)
	at com.kms.katalon.core.main.ScriptEngine.run(ScriptEngine.java:183)
	at com.kms.katalon.core.main.ScriptEngine.runScriptAsRawText(ScriptEngine.java:108)
	at com.kms.katalon.core.main.TestCaseExecutor.runScript(TestCaseExecutor.java:294)
	at com.kms.katalon.core.main.TestCaseExecutor.doExecute(TestCaseExecutor.java:285)
	at com.kms.katalon.core.main.TestCaseExecutor.processExecutionPhase(TestCaseExecutor.java:264)
	at com.kms.katalon.core.main.TestCaseExecutor.accessMainPhase(TestCaseExecutor.java:256)
	at com.kms.katalon.core.main.TestCaseExecutor.execute(TestCaseExecutor.java:200)
	at com.kms.katalon.core.main.TestCaseMain.runTestCase(TestCaseMain.java:99)
	at com.kms.katalon.core.keyword.builtin.CallTestCaseKeyword$_callTestCase_closure1.doCall(CallTestCaseKeyword.groovy:60)
	at com.kms.katalon.core.keyword.builtin.CallTestCaseKeyword$_callTestCase_closure1.call(CallTestCaseKeyword.groovy)
	at com.kms.katalon.core.keyword.internal.KeywordMain.runKeyword(KeywordMain.groovy:54)
	at com.kms.katalon.core.keyword.builtin.CallTestCaseKeyword.callTestCase(CallTestCaseKeyword.groovy:81)
	at com.kms.katalon.core.keyword.builtin.CallTestCaseKeyword.execute(CallTestCaseKeyword.groovy:45)
	at com.kms.katalon.core.keyword.internal.KeywordExecutor.executeKeywordForPlatform(KeywordExecutor.groovy:53)
	at com.kms.katalon.core.keyword.BuiltinKeywords.callTestCase(BuiltinKeywords.groovy:334)
	at sun.reflect.GeneratedMethodAccessor13.invoke(Unknown Source)
	at sun.reflect.DelegatingMethodAccessorImpl.invoke(DelegatingMethodAccessorImpl.java:43)
	at java.lang.reflect.Method.invoke(Method.java:498)
	at org.codehaus.groovy.reflection.CachedMethod.invoke(CachedMethod.java:93)
	at groovy.lang.MetaMethod.doMethodInvoke(MetaMethod.java:325)
	at groovy.lang.MetaClassImpl.invokeStaticMethod(MetaClassImpl.java:1469)
	at org.codehaus.groovy.runtime.callsite.StaticMetaClassSite.call(StaticMetaClassSite.java:53)
	at org.codehaus.groovy.runtime.callsite.AbstractCallSite.call(AbstractCallSite.java:141)
	at Script1535963367907.run(Script1535963367907.groovy:33)
	at com.kms.katalon.core.main.ScriptEngine.run(ScriptEngine.java:183)
	at com.kms.katalon.core.main.ScriptEngine.runScriptAsRawText(ScriptEngine.java:108)
	at com.kms.katalon.core.main.TestCaseExecutor.runScript(TestCaseExecutor.java:294)
	at com.kms.katalon.core.main.TestCaseExecutor.doExecute(TestCaseExecutor.java:285)
	at com.kms.katalon.core.main.TestCaseExecutor.processExecutionPhase(TestCaseExecutor.java:264)
	at com.kms.katalon.core.main.TestCaseExecutor.accessMainPhase(TestCaseExecutor.java:256)
	at com.kms.katalon.core.main.TestCaseExecutor.execute(TestCaseExecutor.java:200)
	at com.kms.katalon.core.main.TestCaseMain.runTestCase(TestCaseMain.java:99)
	at com.kms.katalon.core.keyword.builtin.CallTestCaseKeyword$_callTestCase_closure1.doCall(CallTestCaseKeyword.groovy:60)
	at com.kms.katalon.core.keyword.builtin.CallTestCaseKeyword$_callTestCase_closure1.call(CallTestCaseKeyword.groovy)
	at com.kms.katalon.core.keyword.internal.KeywordMain.runKeyword(KeywordMain.groovy:54)
	at com.kms.katalon.core.keyword.builtin.CallTestCaseKeyword.callTestCase(CallTestCaseKeyword.groovy:81)
	at com.kms.katalon.core.keyword.builtin.CallTestCaseKeyword.execute(CallTestCaseKeyword.groovy:45)
	at com.kms.katalon.core.keyword.internal.KeywordExecutor.executeKeywordForPlatform(KeywordExecutor.groovy:53)
	at com.kms.katalon.core.keyword.BuiltinKeywords.callTestCase(BuiltinKeywords.groovy:334)
	at sun.reflect.GeneratedMethodAccessor13.invoke(Unknown Source)
	at sun.reflect.DelegatingMethodAccessorImpl.invoke(DelegatingMethodAccessorImpl.java:43)
	at java.lang.reflect.Method.invoke(Method.java:498)
	at org.codehaus.groovy.reflection.CachedMethod.invoke(CachedMethod.java:93)
	at groovy.lang.MetaMethod.doMethodInvoke(MetaMethod.java:325)
	at groovy.lang.MetaClassImpl.invokeStaticMethod(MetaClassImpl.java:1469)
	at org.codehaus.groovy.runtime.callsite.StaticMetaClassSite.call(StaticMetaClassSite.java:53)
	at org.codehaus.groovy.runtime.callsite.CallSiteArray.defaultCall(CallSiteArray.java:48)
	at org.codehaus.groovy.runtime.callsite.AbstractCallSite.call(AbstractCallSite.java:113)
	at org.codehaus.groovy.runtime.callsite.AbstractCallSite.call(AbstractCallSite.java:141)
	at Script1536139032579.run(Script1536139032579.groovy:25)
	at com.kms.katalon.core.main.ScriptEngine.run(ScriptEngine.java:183)
	at com.kms.katalon.core.main.ScriptEngine.runScriptAsRawText(ScriptEngine.java:108)
	at com.kms.katalon.core.main.TestCaseExecutor.runScript(TestCaseExecutor.java:294)
	at com.kms.katalon.core.main.TestCaseExecutor.doExecute(TestCaseExecutor.java:285)
	at com.kms.katalon.core.main.TestCaseExecutor.processExecutionPhase(TestCaseExecutor.java:264)
	at com.kms.katalon.core.main.TestCaseExecutor.accessMainPhase(TestCaseExecutor.java:256)
	at com.kms.katalon.core.main.TestCaseExecutor.execute(TestCaseExecutor.java:200)
	at com.kms.katalon.core.main.TestSuiteExecutor.accessTestCaseMainPhase(TestSuiteExecutor.java:129)
	at com.kms.katalon.core.main.TestSuiteExecutor.accessTestSuiteMainPhase(TestSuiteExecutor.java:112)
	at com.kms.katalon.core.main.TestSuiteExecutor.execute(TestSuiteExecutor.java:81)
	at com.kms.katalon.core.main.TestCaseMain.startTestSuite(TestCaseMain.java:142)
	at com.kms.katalon.core.main.TestCaseMain$startTestSuite$0.call(Unknown Source)
	at org.codehaus.groovy.runtime.callsite.CallSiteArray.defaultCall(CallSiteArray.java:48)
	at org.codehaus.groovy.runtime.callsite.AbstractCallSite.call(AbstractCallSite.java:113)
	at org.codehaus.groovy.runtime.callsite.AbstractCallSite.call(AbstractCallSite.java:141)
	at TempTestSuite1539913255508.run(TempTestSuite1539913255508.groovy:36)
	at groovy.lang.GroovyShell.runScriptOrMainOrTestOrRunnable(GroovyShell.java:263)
	at groovy.lang.GroovyShell.run(GroovyShell.java:518)
	at groovy.lang.GroovyShell.run(GroovyShell.java:507)
	at groovy.ui.GroovyMain.processOnce(GroovyMain.java:653)
	at groovy.ui.GroovyMain.run(GroovyMain.java:384)
	at groovy.ui.GroovyMain.process(GroovyMain.java:370)
	at groovy.ui.GroovyMain.processArgs(GroovyMain.java:129)
	at groovy.ui.GroovyMain.main(GroovyMain.java:109)
	at sun.reflect.NativeMethodAccessorImpl.invoke0(Native Method)
	at sun.reflect.NativeMethodAccessorImpl.invoke(NativeMethodAccessorImpl.java:62)
	at sun.reflect.DelegatingMethodAccessorImpl.invoke(DelegatingMethodAccessorImpl.java:43)
	at java.lang.reflect.Method.invoke(Method.java:498)
	at org.codehaus.groovy.tools.GroovyStarter.rootLoader(GroovyStarter.java:109)
	at org.codehaus.groovy.tools.GroovyStarter.main(GroovyStarter.java:131)
)

2018-10-19 13:16:07 - [TEST_STEP][NOT_RUN] - callTestCase: NOT_RUN: callTestCase

2018-10-19 13:16:07 - [MESSAGE][NOT_RUN] - NOT_RUN: callTestCase

2018-10-19 13:16:07 - [TEST_STEP][PASSED] - delay: Delayed 1 second(s)

2018-10-19 13:16:08 - [MESSAGE][PASSED] - Delayed 1 second(s)

2018-10-19 13:16:08 - [TEST_STEP][PASSED] - navigateToUrl: Navigate to 'https://assist2-uat.perkeso.gov.my/c/portal/logout' successfully

2018-10-19 13:16:09 - [MESSAGE][PASSED] - Navigate to 'https://assist2-uat.perkeso.gov.my/c/portal/logout' successfully

2018-10-19 13:16:09 - [TEST_STEP][PASSED] - delay: Delayed 1 second(s)

2018-10-19 13:16:10 - [MESSAGE][PASSED] - Delayed 1 second(s)

2018-10-19 13:16:10 - [TEST_STEP][PASSED] - callTestCase: Call Test Case 'Test Cases/Final Aug 2018 - PKS Automation/Common/Reference Number Getter' successfully

2018-10-19 13:16:10 - [TEST_CASE][PASSED] - Test Cases/Final Aug 2018 - PKS Automation/Common/Reference Number Getter: Test Cases/Final Aug 2018 - PKS Automation/Common/Reference Number Getter

2018-10-19 13:16:10 - [TEST_STEP][PASSED] - Statement - Try: null

2018-10-19 13:16:10 - [TEST_STEP][PASSED] - Statement - RefNo = new java.io.File(C://KatalonReference.txt): null

2018-10-19 13:16:10 - [TEST_STEP][PASSED] - Statement - bufferread = new java.io.BufferedReader(new java.io.FileReader(RefNo)): null

2018-10-19 13:16:10 - [TEST_STEP][PASSED] - Statement - readedVal = bufferread.readLine(): null

2018-10-19 13:16:10 - [TEST_STEP][PASSED] - Statement - out.println(CaseReferenceNo): null

2018-10-19 13:16:10 - [TEST_STEP][PASSED] - Statement - out.println(readedVal): null

2018-10-19 13:16:10 - [TEST_STEP][PASSED] - Statement - CaseReferenceNo = readedVal: null

2018-10-19 13:16:10 - [MESSAGE][PASSED] - Call Test Case 'Test Cases/Final Aug 2018 - PKS Automation/Common/Reference Number Getter' successfully

2018-10-19 13:16:10 - [TEST_STEP][FAILED] - callTestCase: Unable to call Test Case with id 'Test Cases/Final Aug 2018 - PKS Automation/Common/Workflow Owner Finder' (Root cause: Call Test Case 'Test Cases/Final Aug 2018 - PKS Automation/Common/Workflow Owner Finder' failed)

2018-10-19 13:16:10 - [TEST_CASE][FAILED] - Test Cases/Final Aug 2018 - PKS Automation/Common/Workflow Owner Finder: Test Cases/Final Aug 2018 - PKS Automation/Common/Workflow Owner Finder FAILED because (of) (Stack trace: com.kms.katalon.core.exception.StepFailedException: Unable to click on object 'Object Repository/Final Object Repo/Landing Page/Select to English' (Root cause: com.kms.katalon.core.webui.exception.WebElementNotFoundException: Web element with id: 'Object Repository/Final Object Repo/Landing Page/Select to English' located by 'By.xpath: //a[@class = 'taglib-language-list-text' and @lang = 'en-US' and (contains(text(), 'EN') or contains(., 'EN'))]' not found)
	at com.kms.katalon.core.keyword.internal.KeywordMain.stepFailed(KeywordMain.groovy:32)
	at com.kms.katalon.core.webui.keyword.internal.WebUIKeywordMain.stepFailed(WebUIKeywordMain.groovy:65)
	at com.kms.katalon.core.webui.keyword.internal.WebUIKeywordMain.runKeyword(WebUIKeywordMain.groovy:27)
	at com.kms.katalon.core.webui.keyword.builtin.ClickKeyword.click(ClickKeyword.groovy:86)
	at com.kms.katalon.core.webui.keyword.builtin.ClickKeyword.execute(ClickKeyword.groovy:67)
	at com.kms.katalon.core.keyword.internal.KeywordExecutor.executeKeywordForPlatform(KeywordExecutor.groovy:53)
	at com.kms.katalon.core.webui.keyword.WebUiBuiltInKeywords.click(WebUiBuiltInKeywords.groovy:604)
	at com.kms.katalon.core.webui.keyword.WebUiBuiltInKeywords$click$8.call(Unknown Source)
	at Script1534407542420.run(Script1534407542420.groovy:57)
	at com.kms.katalon.core.main.ScriptEngine.run(ScriptEngine.java:183)
	at com.kms.katalon.core.main.ScriptEngine.runScriptAsRawText(ScriptEngine.java:108)
	at com.kms.katalon.core.main.TestCaseExecutor.runScript(TestCaseExecutor.java:294)
	at com.kms.katalon.core.main.TestCaseExecutor.doExecute(TestCaseExecutor.java:285)
	at com.kms.katalon.core.main.TestCaseExecutor.processExecutionPhase(TestCaseExecutor.java:264)
	at com.kms.katalon.core.main.TestCaseExecutor.accessMainPhase(TestCaseExecutor.java:256)
	at com.kms.katalon.core.main.TestCaseExecutor.execute(TestCaseExecutor.java:200)
	at com.kms.katalon.core.main.TestCaseMain.runTestCase(TestCaseMain.java:99)
	at com.kms.katalon.core.keyword.builtin.CallTestCaseKeyword$_callTestCase_closure1.doCall(CallTestCaseKeyword.groovy:60)
	at com.kms.katalon.core.keyword.builtin.CallTestCaseKeyword$_callTestCase_closure1.call(CallTestCaseKeyword.groovy)
	at com.kms.katalon.core.keyword.internal.KeywordMain.runKeyword(KeywordMain.groovy:54)
	at com.kms.katalon.core.keyword.builtin.CallTestCaseKeyword.callTestCase(CallTestCaseKeyword.groovy:81)
	at com.kms.katalon.core.keyword.builtin.CallTestCaseKeyword.execute(CallTestCaseKeyword.groovy:45)
	at com.kms.katalon.core.keyword.internal.KeywordExecutor.executeKeywordForPlatform(KeywordExecutor.groovy:53)
	at com.kms.katalon.core.keyword.BuiltinKeywords.callTestCase(BuiltinKeywords.groovy:334)
	at sun.reflect.GeneratedMethodAccessor13.invoke(Unknown Source)
	at sun.reflect.DelegatingMethodAccessorImpl.invoke(DelegatingMethodAccessorImpl.java:43)
	at java.lang.reflect.Method.invoke(Method.java:498)
	at org.codehaus.groovy.reflection.CachedMethod.invoke(CachedMethod.java:93)
	at groovy.lang.MetaMethod.doMethodInvoke(MetaMethod.java:325)
	at groovy.lang.MetaClassImpl.invokeStaticMethod(MetaClassImpl.java:1469)
	at org.codehaus.groovy.runtime.callsite.StaticMetaClassSite.call(StaticMetaClassSite.java:53)
	at org.codehaus.groovy.runtime.callsite.AbstractCallSite.call(AbstractCallSite.java:141)
	at Script1535963367907.run(Script1535963367907.groovy:33)
	at com.kms.katalon.core.main.ScriptEngine.run(ScriptEngine.java:183)
	at com.kms.katalon.core.main.ScriptEngine.runScriptAsRawText(ScriptEngine.java:108)
	at com.kms.katalon.core.main.TestCaseExecutor.runScript(TestCaseExecutor.java:294)
	at com.kms.katalon.core.main.TestCaseExecutor.doExecute(TestCaseExecutor.java:285)
	at com.kms.katalon.core.main.TestCaseExecutor.processExecutionPhase(TestCaseExecutor.java:264)
	at com.kms.katalon.core.main.TestCaseExecutor.accessMainPhase(TestCaseExecutor.java:256)
	at com.kms.katalon.core.main.TestCaseExecutor.execute(TestCaseExecutor.java:200)
	at com.kms.katalon.core.main.TestCaseMain.runTestCase(TestCaseMain.java:99)
	at com.kms.katalon.core.keyword.builtin.CallTestCaseKeyword$_callTestCase_closure1.doCall(CallTestCaseKeyword.groovy:60)
	at com.kms.katalon.core.keyword.builtin.CallTestCaseKeyword$_callTestCase_closure1.call(CallTestCaseKeyword.groovy)
	at com.kms.katalon.core.keyword.internal.KeywordMain.runKeyword(KeywordMain.groovy:54)
	at com.kms.katalon.core.keyword.builtin.CallTestCaseKeyword.callTestCase(CallTestCaseKeyword.groovy:81)
	at com.kms.katalon.core.keyword.builtin.CallTestCaseKeyword.execute(CallTestCaseKeyword.groovy:45)
	at com.kms.katalon.core.keyword.internal.KeywordExecutor.executeKeywordForPlatform(KeywordExecutor.groovy:53)
	at com.kms.katalon.core.keyword.BuiltinKeywords.callTestCase(BuiltinKeywords.groovy:334)
	at sun.reflect.GeneratedMethodAccessor13.invoke(Unknown Source)
	at sun.reflect.DelegatingMethodAccessorImpl.invoke(DelegatingMethodAccessorImpl.java:43)
	at java.lang.reflect.Method.invoke(Method.java:498)
	at org.codehaus.groovy.reflection.CachedMethod.invoke(CachedMethod.java:93)
	at groovy.lang.MetaMethod.doMethodInvoke(MetaMethod.java:325)
	at groovy.lang.MetaClassImpl.invokeStaticMethod(MetaClassImpl.java:1469)
	at org.codehaus.groovy.runtime.callsite.StaticMetaClassSite.call(StaticMetaClassSite.java:53)
	at org.codehaus.groovy.runtime.callsite.CallSiteArray.defaultCall(CallSiteArray.java:48)
	at org.codehaus.groovy.runtime.callsite.AbstractCallSite.call(AbstractCallSite.java:113)
	at org.codehaus.groovy.runtime.callsite.AbstractCallSite.call(AbstractCallSite.java:141)
	at Script1536139032579.run(Script1536139032579.groovy:25)
	at com.kms.katalon.core.main.ScriptEngine.run(ScriptEngine.java:183)
	at com.kms.katalon.core.main.ScriptEngine.runScriptAsRawText(ScriptEngine.java:108)
	at com.kms.katalon.core.main.TestCaseExecutor.runScript(TestCaseExecutor.java:294)
	at com.kms.katalon.core.main.TestCaseExecutor.doExecute(TestCaseExecutor.java:285)
	at com.kms.katalon.core.main.TestCaseExecutor.processExecutionPhase(TestCaseExecutor.java:264)
	at com.kms.katalon.core.main.TestCaseExecutor.accessMainPhase(TestCaseExecutor.java:256)
	at com.kms.katalon.core.main.TestCaseExecutor.execute(TestCaseExecutor.java:200)
	at com.kms.katalon.core.main.TestSuiteExecutor.accessTestCaseMainPhase(TestSuiteExecutor.java:129)
	at com.kms.katalon.core.main.TestSuiteExecutor.accessTestSuiteMainPhase(TestSuiteExecutor.java:112)
	at com.kms.katalon.core.main.TestSuiteExecutor.execute(TestSuiteExecutor.java:81)
	at com.kms.katalon.core.main.TestCaseMain.startTestSuite(TestCaseMain.java:142)
	at com.kms.katalon.core.main.TestCaseMain$startTestSuite$0.call(Unknown Source)
	at org.codehaus.groovy.runtime.callsite.CallSiteArray.defaultCall(CallSiteArray.java:48)
	at org.codehaus.groovy.runtime.callsite.AbstractCallSite.call(AbstractCallSite.java:113)
	at org.codehaus.groovy.runtime.callsite.AbstractCallSite.call(AbstractCallSite.java:141)
	at TempTestSuite1539913255508.run(TempTestSuite1539913255508.groovy:36)
	at groovy.lang.GroovyShell.runScriptOrMainOrTestOrRunnable(GroovyShell.java:263)
	at groovy.lang.GroovyShell.run(GroovyShell.java:518)
	at groovy.lang.GroovyShell.run(GroovyShell.java:507)
	at groovy.ui.GroovyMain.processOnce(GroovyMain.java:653)
	at groovy.ui.GroovyMain.run(GroovyMain.java:384)
	at groovy.ui.GroovyMain.process(GroovyMain.java:370)
	at groovy.ui.GroovyMain.processArgs(GroovyMain.java:129)
	at groovy.ui.GroovyMain.main(GroovyMain.java:109)
	at sun.reflect.NativeMethodAccessorImpl.invoke0(Native Method)
	at sun.reflect.NativeMethodAccessorImpl.invoke(NativeMethodAccessorImpl.java:62)
	at sun.reflect.DelegatingMethodAccessorImpl.invoke(DelegatingMethodAccessorImpl.java:43)
	at java.lang.reflect.Method.invoke(Method.java:498)
	at org.codehaus.groovy.tools.GroovyStarter.rootLoader(GroovyStarter.java:109)
	at org.codehaus.groovy.tools.GroovyStarter.main(GroovyStarter.java:131)
)

2018-10-19 13:16:10 - [TEST_STEP][PASSED] - openBrowser: Browser is opened with url: ''

2018-10-19 13:16:10 - [MESSAGE][WARNING] - A browser is already opened. Closing browser and opening a new one

2018-10-19 13:16:14 - [MESSAGE][PASSED] - Browser is opened with url: ''

2018-10-19 13:16:14 - [TEST_STEP][PASSED] - navigateToUrl: Navigate to 'https://assist2-uat.perkeso.gov.my/login' successfully

2018-10-19 13:16:17 - [MESSAGE][PASSED] - Navigate to 'https://assist2-uat.perkeso.gov.my/login' successfully

2018-10-19 13:16:17 - [TEST_STEP][PASSED] - delay: Delayed 5 second(s)

2018-10-19 13:16:22 - [MESSAGE][PASSED] - Delayed 5 second(s)

2018-10-19 13:16:22 - [TEST_STEP][PASSED] - setText: Text 'test@liferay.com' is set on object 'Object Repository/Final Object Repo/Login Page/Internal User/Email Address'

2018-10-19 13:16:22 - [MESSAGE][PASSED] - Text 'test@liferay.com' is set on object 'Object Repository/Final Object Repo/Login Page/Internal User/Email Address'

2018-10-19 13:16:22 - [TEST_STEP][PASSED] - click: Object: 'Object Repository/Final Object Repo/Login Page/Internal User/Next Button' is clicked on

2018-10-19 13:16:22 - [MESSAGE][PASSED] - Object: 'Object Repository/Final Object Repo/Login Page/Internal User/Next Button' is clicked on

2018-10-19 13:16:22 - [TEST_STEP][PASSED] - delay: Delayed 2 second(s)

2018-10-19 13:16:24 - [MESSAGE][PASSED] - Delayed 2 second(s)

2018-10-19 13:16:24 - [TEST_STEP][PASSED] - setText: Text 'test' is set on object 'Object Repository/Final Object Repo/Login Page/Internal User/Password'

2018-10-19 13:16:25 - [MESSAGE][PASSED] - Text 'test' is set on object 'Object Repository/Final Object Repo/Login Page/Internal User/Password'

2018-10-19 13:16:25 - [TEST_STEP][PASSED] - delay: Delayed 2 second(s)

2018-10-19 13:16:27 - [MESSAGE][PASSED] - Delayed 2 second(s)

2018-10-19 13:16:27 - [TEST_STEP][PASSED] - click: Object: 'Object Repository/Final Object Repo/Login Page/Internal User/Login Button' is clicked on

2018-10-19 13:16:27 - [MESSAGE][PASSED] - Object: 'Object Repository/Final Object Repo/Login Page/Internal User/Login Button' is clicked on

2018-10-19 13:16:27 - [TEST_STEP][FAILED] - Statement - Try: Delayed 2 second(s)

2018-10-19 13:16:27 - [TEST_STEP][PASSED] - Statement - Checker = false: null

2018-10-19 13:16:27 - [TEST_STEP][PASSED] - Statement - Checker = com.kms.katalon.core.webui.keyword.WebUiBuiltInKeywords.verifyElementHasAttribute(com.kms.katalon.core.testobject.ObjectRepository.findTestObject(Final Object Repo/Landing Page/BM Detecting), "href", 20, OPTIONAL): Unable to verify if object 'Object Repository/Final Object Repo/Landing Page/BM Detecting' has attribute 'href' (Root cause: org.openqa.selenium.StaleElementReferenceException: stale element reference: element is not attached to the page document
  (Session info: chrome=69.0.3497.100)
  (Driver info: chromedriver=2.35.528161 (5b82f2d2aae0ca24b877009200ced9065a772e73),platform=Windows NT 6.1.7601 SP1 x86_64) (WARNING: The server did not provide any stacktrace information)
Command duration or timeout: 0 milliseconds
For documentation on this error, please visit: http://seleniumhq.org/exceptions/stale_element_reference.html
Build info: version: '3.7.1', revision: '8a0099a', time: '2017-11-06T21:07:36.161Z'
System info: host: 'WEIZHENG', ip: '192.168.137.1', os.name: 'Windows 7', os.arch: 'amd64', os.version: '6.1', java.version: '1.8.0_181'
Driver info: com.kms.katalon.selenium.driver.CChromeDriver
Capabilities {acceptInsecureCerts: false, acceptSslCerts: false, applicationCacheEnabled: false, browserConnectionEnabled: false, browserName: chrome, chrome: {chromedriverVersion: 2.35.528161 (5b82f2d2aae0ca..., userDataDir: C:\Users\WEIZHE~1\AppData\L...}, cssSelectorsEnabled: true, databaseEnabled: false, handlesAlerts: true, hasTouchScreen: false, javascriptEnabled: true, locationContextEnabled: true, mobileEmulationEnabled: false, nativeEvents: true, networkConnectionEnabled: false, pageLoadStrategy: normal, platform: XP, platformName: XP, rotatable: false, setWindowRect: true, takesHeapSnapshot: true, takesScreenshot: true, unexpectedAlertBehaviour: , unhandledPromptBehavior: , version: 69.0.3497.100, webStorageEnabled: true}
Session ID: 0755382d577944a6c265f5c29c9cdc6d)

2018-10-19 13:16:30 - [MESSAGE][WARNING] - Unable to verify if object 'Object Repository/Final Object Repo/Landing Page/BM Detecting' has attribute 'href' (Root cause: org.openqa.selenium.StaleElementReferenceException: stale element reference: element is not attached to the page document
  (Session info: chrome=69.0.3497.100)
  (Driver info: chromedriver=2.35.528161 (5b82f2d2aae0ca24b877009200ced9065a772e73),platform=Windows NT 6.1.7601 SP1 x86_64) (WARNING: The server did not provide any stacktrace information)
Command duration or timeout: 0 milliseconds
For documentation on this error, please visit: http://seleniumhq.org/exceptions/stale_element_reference.html
Build info: version: '3.7.1', revision: '8a0099a', time: '2017-11-06T21:07:36.161Z'
System info: host: 'WEIZHENG', ip: '192.168.137.1', os.name: 'Windows 7', os.arch: 'amd64', os.version: '6.1', java.version: '1.8.0_181'
Driver info: com.kms.katalon.selenium.driver.CChromeDriver
Capabilities {acceptInsecureCerts: false, acceptSslCerts: false, applicationCacheEnabled: false, browserConnectionEnabled: false, browserName: chrome, chrome: {chromedriverVersion: 2.35.528161 (5b82f2d2aae0ca..., userDataDir: C:\Users\WEIZHE~1\AppData\L...}, cssSelectorsEnabled: true, databaseEnabled: false, handlesAlerts: true, hasTouchScreen: false, javascriptEnabled: true, locationContextEnabled: true, mobileEmulationEnabled: false, nativeEvents: true, networkConnectionEnabled: false, pageLoadStrategy: normal, platform: XP, platformName: XP, rotatable: false, setWindowRect: true, takesHeapSnapshot: true, takesScreenshot: true, unexpectedAlertBehaviour: , unhandledPromptBehavior: , version: 69.0.3497.100, webStorageEnabled: true}
Session ID: 0755382d577944a6c265f5c29c9cdc6d)
[[ATTACHMENT|C:\\Users\\LENOVO\\Katalon Studio\\Perkeso Phase A\\Reports\\Workflow\\Form 1A - Cessation as Employer\\20181019_094055\\1539926190125.png]]

2018-10-19 13:16:30 - [TEST_STEP][PASSED] - Statement - out.println(Checker): null

2018-10-19 13:16:30 - [TEST_STEP][FAILED] - Statement - If (Checker == false): Unable to click on object 'Object Repository/Final Object Repo/Landing Page/Select to English' (Root cause: com.kms.katalon.core.webui.exception.WebElementNotFoundException: Web element with id: 'Object Repository/Final Object Repo/Landing Page/Select to English' located by 'By.xpath: //a[@class = 'taglib-language-list-text' and @lang = 'en-US' and (contains(text(), 'EN') or contains(., 'EN'))]' not found)

2018-10-19 13:16:30 - [TEST_STEP][FAILED] - click: Unable to click on object 'Object Repository/Final Object Repo/Landing Page/Select to English' (Root cause: com.kms.katalon.core.webui.exception.WebElementNotFoundException: Web element with id: 'Object Repository/Final Object Repo/Landing Page/Select to English' located by 'By.xpath: //a[@class = 'taglib-language-list-text' and @lang = 'en-US' and (contains(text(), 'EN') or contains(., 'EN'))]' not found)

2018-10-19 13:18:47 - [MESSAGE][FAILED] - Unable to click on object 'Object Repository/Final Object Repo/Landing Page/Select to English' (Root cause: com.kms.katalon.core.webui.exception.WebElementNotFoundException: Web element with id: 'Object Repository/Final Object Repo/Landing Page/Select to English' located by 'By.xpath: //a[@class = 'taglib-language-list-text' and @lang = 'en-US' and (contains(text(), 'EN') or contains(., 'EN'))]' not found)
[[ATTACHMENT|C:\\Users\\LENOVO\\Katalon Studio\\Perkeso Phase A\\Reports\\Workflow\\Form 1A - Cessation as Employer\\20181019_094055\\1539926327311.png]]

2018-10-19 13:18:47 - [TEST_STEP][PASSED] - delay: Delayed 2 second(s)

2018-10-19 13:18:49 - [MESSAGE][PASSED] - Delayed 2 second(s)

2018-10-19 13:18:49 - [TEST_STEP][PASSED] - delay: Delayed 3 second(s)

2018-10-19 13:18:52 - [MESSAGE][PASSED] - Delayed 3 second(s)

2018-10-19 13:18:52 - [TEST_STEP][PASSED] - click: Object: 'Object Repository/Final Object Repo/Landing Page/WorkFlow Menu' is clicked on

2018-10-19 13:18:52 - [MESSAGE][PASSED] - Object: 'Object Repository/Final Object Repo/Landing Page/WorkFlow Menu' is clicked on

2018-10-19 13:18:52 - [TEST_STEP][PASSED] - delay: Delayed 2 second(s)

2018-10-19 13:18:54 - [MESSAGE][PASSED] - Delayed 2 second(s)

2018-10-19 13:18:54 - [TEST_STEP][FAILED] - click: Unable to click on object 'Object Repository/Final Object Repo/Landing Page/Select to Workflow Listing' (Root cause: org.openqa.selenium.ElementNotVisibleException: element not visible
  (Session info: chrome=69.0.3497.100)
  (Driver info: chromedriver=2.35.528161 (5b82f2d2aae0ca24b877009200ced9065a772e73),platform=Windows NT 6.1.7601 SP1 x86_64) (WARNING: The server did not provide any stacktrace information)
Command duration or timeout: 0 milliseconds
Build info: version: '3.7.1', revision: '8a0099a', time: '2017-11-06T21:07:36.161Z'
System info: host: 'WEIZHENG', ip: '192.168.137.1', os.name: 'Windows 7', os.arch: 'amd64', os.version: '6.1', java.version: '1.8.0_181'
Driver info: com.kms.katalon.selenium.driver.CChromeDriver
Capabilities {acceptInsecureCerts: false, acceptSslCerts: false, applicationCacheEnabled: false, browserConnectionEnabled: false, browserName: chrome, chrome: {chromedriverVersion: 2.35.528161 (5b82f2d2aae0ca..., userDataDir: C:\Users\WEIZHE~1\AppData\L...}, cssSelectorsEnabled: true, databaseEnabled: false, handlesAlerts: true, hasTouchScreen: false, javascriptEnabled: true, locationContextEnabled: true, mobileEmulationEnabled: false, nativeEvents: true, networkConnectionEnabled: false, pageLoadStrategy: normal, platform: XP, platformName: XP, rotatable: false, setWindowRect: true, takesHeapSnapshot: true, takesScreenshot: true, unexpectedAlertBehaviour: , unhandledPromptBehavior: , version: 69.0.3497.100, webStorageEnabled: true}
Session ID: 0755382d577944a6c265f5c29c9cdc6d)

2018-10-19 13:18:55 - [MESSAGE][FAILED] - Unable to click on object 'Object Repository/Final Object Repo/Landing Page/Select to Workflow Listing' (Root cause: org.openqa.selenium.ElementNotVisibleException: element not visible
  (Session info: chrome=69.0.3497.100)
  (Driver info: chromedriver=2.35.528161 (5b82f2d2aae0ca24b877009200ced9065a772e73),platform=Windows NT 6.1.7601 SP1 x86_64) (WARNING: The server did not provide any stacktrace information)
Command duration or timeout: 0 milliseconds
Build info: version: '3.7.1', revision: '8a0099a', time: '2017-11-06T21:07:36.161Z'
System info: host: 'WEIZHENG', ip: '192.168.137.1', os.name: 'Windows 7', os.arch: 'amd64', os.version: '6.1', java.version: '1.8.0_181'
Driver info: com.kms.katalon.selenium.driver.CChromeDriver
Capabilities {acceptInsecureCerts: false, acceptSslCerts: false, applicationCacheEnabled: false, browserConnectionEnabled: false, browserName: chrome, chrome: {chromedriverVersion: 2.35.528161 (5b82f2d2aae0ca..., userDataDir: C:\Users\WEIZHE~1\AppData\L...}, cssSelectorsEnabled: true, databaseEnabled: false, handlesAlerts: true, hasTouchScreen: false, javascriptEnabled: true, locationContextEnabled: true, mobileEmulationEnabled: false, nativeEvents: true, networkConnectionEnabled: false, pageLoadStrategy: normal, platform: XP, platformName: XP, rotatable: false, setWindowRect: true, takesHeapSnapshot: true, takesScreenshot: true, unexpectedAlertBehaviour: , unhandledPromptBehavior: , version: 69.0.3497.100, webStorageEnabled: true}
Session ID: 0755382d577944a6c265f5c29c9cdc6d)
[[ATTACHMENT|C:\\Users\\LENOVO\\Katalon Studio\\Perkeso Phase A\\Reports\\Workflow\\Form 1A - Cessation as Employer\\20181019_094055\\1539926334839.png]]

2018-10-19 13:18:55 - [TEST_STEP][PASSED] - delay: Delayed 2 second(s)

2018-10-19 13:18:57 - [MESSAGE][PASSED] - Delayed 2 second(s)

2018-10-19 13:18:57 - [TEST_STEP][FAILED] - click: Unable to click on object 'Object Repository/Final Object Repo/WorkFlow Listing Page/Search Information - To Put Ref No' (Root cause: com.kms.katalon.core.webui.exception.WebElementNotFoundException: Web element with id: 'Object Repository/Final Object Repo/WorkFlow Listing Page/Search Information - To Put Ref No' located by 'By.xpath: //h2[@data-target = '#_workflowlisting_WAR_baseportlet_searchDiv' and (text() = 'Search Information' or . = 'Search Information')]' not found)

2018-10-19 13:21:07 - [MESSAGE][FAILED] - Unable to click on object 'Object Repository/Final Object Repo/WorkFlow Listing Page/Search Information - To Put Ref No' (Root cause: com.kms.katalon.core.webui.exception.WebElementNotFoundException: Web element with id: 'Object Repository/Final Object Repo/WorkFlow Listing Page/Search Information - To Put Ref No' located by 'By.xpath: //h2[@data-target = '#_workflowlisting_WAR_baseportlet_searchDiv' and (text() = 'Search Information' or . = 'Search Information')]' not found)
[[ATTACHMENT|C:\\Users\\LENOVO\\Katalon Studio\\Perkeso Phase A\\Reports\\Workflow\\Form 1A - Cessation as Employer\\20181019_094055\\1539926467031.png]]

2018-10-19 13:21:07 - [TEST_STEP][PASSED] - delay: Delayed 2 second(s)

2018-10-19 13:21:09 - [MESSAGE][PASSED] - Delayed 2 second(s)

2018-10-19 13:21:09 - [TEST_STEP][PASSED] - callTestCase: Call Test Case 'Test Cases/Final Aug 2018 - PKS Automation/Common/Reference Number Getter' successfully

2018-10-19 13:21:09 - [TEST_CASE][PASSED] - Test Cases/Final Aug 2018 - PKS Automation/Common/Reference Number Getter: Test Cases/Final Aug 2018 - PKS Automation/Common/Reference Number Getter

2018-10-19 13:21:09 - [TEST_STEP][PASSED] - Statement - Try: null

2018-10-19 13:21:09 - [TEST_STEP][PASSED] - Statement - RefNo = new java.io.File(C://KatalonReference.txt): null

2018-10-19 13:21:09 - [TEST_STEP][PASSED] - Statement - bufferread = new java.io.BufferedReader(new java.io.FileReader(RefNo)): null

2018-10-19 13:21:09 - [TEST_STEP][PASSED] - Statement - readedVal = bufferread.readLine(): null

2018-10-19 13:21:09 - [TEST_STEP][PASSED] - Statement - out.println(CaseReferenceNo): null

2018-10-19 13:21:09 - [TEST_STEP][PASSED] - Statement - out.println(readedVal): null

2018-10-19 13:21:09 - [TEST_STEP][PASSED] - Statement - CaseReferenceNo = readedVal: null

2018-10-19 13:21:09 - [MESSAGE][PASSED] - Call Test Case 'Test Cases/Final Aug 2018 - PKS Automation/Common/Reference Number Getter' successfully

2018-10-19 13:21:09 - [TEST_STEP][FAILED] - setText: Unable to set text 'CUN102018C200001433CUN102018C200001434CUN102018C200001435' of object 'Object Repository/Final Object Repo/WorkFlow Listing Page/Ref No Set Text' (Root cause: com.kms.katalon.core.webui.exception.WebElementNotFoundException: Web element with id: 'Object Repository/Final Object Repo/WorkFlow Listing Page/Ref No Set Text' located by 'By.xpath: //input[@id = '_workflowlisting_WAR_baseportlet_dto.trxReferenceNum' and @name = '_workflowlisting_WAR_baseportlet_dto.trxReferenceNum' and @type = 'text']' not found)

2018-10-19 13:23:19 - [MESSAGE][FAILED] - Unable to set text 'CUN102018C200001433CUN102018C200001434CUN102018C200001435' of object 'Object Repository/Final Object Repo/WorkFlow Listing Page/Ref No Set Text' (Root cause: com.kms.katalon.core.webui.exception.WebElementNotFoundException: Web element with id: 'Object Repository/Final Object Repo/WorkFlow Listing Page/Ref No Set Text' located by 'By.xpath: //input[@id = '_workflowlisting_WAR_baseportlet_dto.trxReferenceNum' and @name = '_workflowlisting_WAR_baseportlet_dto.trxReferenceNum' and @type = 'text']' not found)
[[ATTACHMENT|C:\\Users\\LENOVO\\Katalon Studio\\Perkeso Phase A\\Reports\\Workflow\\Form 1A - Cessation as Employer\\20181019_094055\\1539926599478.png]]

2018-10-19 13:23:19 - [TEST_STEP][PASSED] - delay: Delayed 2 second(s)

2018-10-19 13:23:21 - [MESSAGE][PASSED] - Delayed 2 second(s)

2018-10-19 13:23:21 - [TEST_STEP][FAILED] - click: Unable to click on object 'Object Repository/Final Object Repo/WorkFlow Listing Page/Search Ref No Search Button' (Root cause: org.openqa.selenium.ElementNotVisibleException: element not visible
  (Session info: chrome=69.0.3497.100)
  (Driver info: chromedriver=2.35.528161 (5b82f2d2aae0ca24b877009200ced9065a772e73),platform=Windows NT 6.1.7601 SP1 x86_64) (WARNING: The server did not provide any stacktrace information)
Command duration or timeout: 0 milliseconds
Build info: version: '3.7.1', revision: '8a0099a', time: '2017-11-06T21:07:36.161Z'
System info: host: 'WEIZHENG', ip: '192.168.137.1', os.name: 'Windows 7', os.arch: 'amd64', os.version: '6.1', java.version: '1.8.0_181'
Driver info: com.kms.katalon.selenium.driver.CChromeDriver
Capabilities {acceptInsecureCerts: false, acceptSslCerts: false, applicationCacheEnabled: false, browserConnectionEnabled: false, browserName: chrome, chrome: {chromedriverVersion: 2.35.528161 (5b82f2d2aae0ca..., userDataDir: C:\Users\WEIZHE~1\AppData\L...}, cssSelectorsEnabled: true, databaseEnabled: false, handlesAlerts: true, hasTouchScreen: false, javascriptEnabled: true, locationContextEnabled: true, mobileEmulationEnabled: false, nativeEvents: true, networkConnectionEnabled: false, pageLoadStrategy: normal, platform: XP, platformName: XP, rotatable: false, setWindowRect: true, takesHeapSnapshot: true, takesScreenshot: true, unexpectedAlertBehaviour: , unhandledPromptBehavior: , version: 69.0.3497.100, webStorageEnabled: true}
Session ID: 0755382d577944a6c265f5c29c9cdc6d)

2018-10-19 13:23:22 - [MESSAGE][FAILED] - Unable to click on object 'Object Repository/Final Object Repo/WorkFlow Listing Page/Search Ref No Search Button' (Root cause: org.openqa.selenium.ElementNotVisibleException: element not visible
  (Session info: chrome=69.0.3497.100)
  (Driver info: chromedriver=2.35.528161 (5b82f2d2aae0ca24b877009200ced9065a772e73),platform=Windows NT 6.1.7601 SP1 x86_64) (WARNING: The server did not provide any stacktrace information)
Command duration or timeout: 0 milliseconds
Build info: version: '3.7.1', revision: '8a0099a', time: '2017-11-06T21:07:36.161Z'
System info: host: 'WEIZHENG', ip: '192.168.137.1', os.name: 'Windows 7', os.arch: 'amd64', os.version: '6.1', java.version: '1.8.0_181'
Driver info: com.kms.katalon.selenium.driver.CChromeDriver
Capabilities {acceptInsecureCerts: false, acceptSslCerts: false, applicationCacheEnabled: false, browserConnectionEnabled: false, browserName: chrome, chrome: {chromedriverVersion: 2.35.528161 (5b82f2d2aae0ca..., userDataDir: C:\Users\WEIZHE~1\AppData\L...}, cssSelectorsEnabled: true, databaseEnabled: false, handlesAlerts: true, hasTouchScreen: false, javascriptEnabled: true, locationContextEnabled: true, mobileEmulationEnabled: false, nativeEvents: true, networkConnectionEnabled: false, pageLoadStrategy: normal, platform: XP, platformName: XP, rotatable: false, setWindowRect: true, takesHeapSnapshot: true, takesScreenshot: true, unexpectedAlertBehaviour: , unhandledPromptBehavior: , version: 69.0.3497.100, webStorageEnabled: true}
Session ID: 0755382d577944a6c265f5c29c9cdc6d)
[[ATTACHMENT|C:\\Users\\LENOVO\\Katalon Studio\\Perkeso Phase A\\Reports\\Workflow\\Form 1A - Cessation as Employer\\20181019_094055\\1539926601907.png]]

2018-10-19 13:23:22 - [TEST_STEP][PASSED] - delay: Delayed 4 second(s)

2018-10-19 13:23:26 - [MESSAGE][PASSED] - Delayed 4 second(s)

2018-10-19 13:23:26 - [TEST_STEP][PASSED] - click: Object: 'Object Repository/Final Object Repo/WorkFlow Listing Page/Click Continue Tooltip' is clicked on

2018-10-19 13:23:28 - [MESSAGE][PASSED] - Object: 'Object Repository/Final Object Repo/WorkFlow Listing Page/Click Continue Tooltip' is clicked on

2018-10-19 13:23:28 - [TEST_STEP][PASSED] - delay: Delayed 5 second(s)

2018-10-19 13:23:33 - [MESSAGE][PASSED] - Delayed 5 second(s)

2018-10-19 13:23:33 - [TEST_STEP][FAILED] - doubleClick: Unable to double click on object 'Object Repository/Final Object Repo/WorkFlow Listing Page/Workflow Found - Listing 1' (Root cause: com.kms.katalon.core.webui.exception.WebElementNotFoundException: Web element with id: 'Object Repository/Final Object Repo/WorkFlow Listing Page/Workflow Found - Listing 1' located by 'By.xpath: //body/div/div/div/div/div/div/div/div/div/div/div/div/div/div/div/div/table/tbody/tr/td[@class='table-cell  first']/following-sibling::td[1]' not found)

2018-10-19 13:25:43 - [MESSAGE][FAILED] - Unable to double click on object 'Object Repository/Final Object Repo/WorkFlow Listing Page/Workflow Found - Listing 1' (Root cause: com.kms.katalon.core.webui.exception.WebElementNotFoundException: Web element with id: 'Object Repository/Final Object Repo/WorkFlow Listing Page/Workflow Found - Listing 1' located by 'By.xpath: //body/div/div/div/div/div/div/div/div/div/div/div/div/div/div/div/div/table/tbody/tr/td[@class='table-cell  first']/following-sibling::td[1]' not found)
[[ATTACHMENT|C:\\Users\\LENOVO\\Katalon Studio\\Perkeso Phase A\\Reports\\Workflow\\Form 1A - Cessation as Employer\\20181019_094055\\1539926742760.png]]

2018-10-19 13:25:43 - [MESSAGE][FAILED] - Unable to call Test Case with id 'Test Cases/Final Aug 2018 - PKS Automation/Common/Workflow Owner Finder' (Root cause: Call Test Case 'Test Cases/Final Aug 2018 - PKS Automation/Common/Workflow Owner Finder' failed)

2018-10-19 13:25:43 - [MESSAGE][FAILED] - Unable to call Test Case with id 'Test Cases/Final Aug 2018 - PKS Automation/Registration Module/Workflow/Form 1A - Cessation As Employer/Template/Form 1 A - Cessation As Employer (Under enforcement)' (Root cause: Call Test Case 'Test Cases/Final Aug 2018 - PKS Automation/Registration Module/Workflow/Form 1A - Cessation As Employer/Template/Form 1 A - Cessation As Employer (Under enforcement)' failed)]]></system-out>
         <system-err><![CDATA[2018-10-19 13:14:52 - [TEST_CASE][FAILED] - Test Cases/Final Aug 2018 - PKS Automation/Registration Module/Workflow/Form 1A - Cessation As Employer/PKRBO to UO (Under enforcement): Test Cases/Final Aug 2018 - PKS Automation/Registration Module/Workflow/Form 1A - Cessation As Employer/PKRBO to UO (Under enforcement) FAILED because (of) (Stack trace: com.kms.katalon.core.exception.StepFailedException: Unable to click on object 'Object Repository/Final Object Repo/Landing Page/Select to English' (Root cause: com.kms.katalon.core.webui.exception.WebElementNotFoundException: Web element with id: 'Object Repository/Final Object Repo/Landing Page/Select to English' located by 'By.xpath: //a[@class = 'taglib-language-list-text' and @lang = 'en-US' and (contains(text(), 'EN') or contains(., 'EN'))]' not found)
	at com.kms.katalon.core.keyword.internal.KeywordMain.stepFailed(KeywordMain.groovy:32)
	at com.kms.katalon.core.webui.keyword.internal.WebUIKeywordMain.stepFailed(WebUIKeywordMain.groovy:65)
	at com.kms.katalon.core.webui.keyword.internal.WebUIKeywordMain.runKeyword(WebUIKeywordMain.groovy:27)
	at com.kms.katalon.core.webui.keyword.builtin.ClickKeyword.click(ClickKeyword.groovy:86)
	at com.kms.katalon.core.webui.keyword.builtin.ClickKeyword.execute(ClickKeyword.groovy:67)
	at com.kms.katalon.core.keyword.internal.KeywordExecutor.executeKeywordForPlatform(KeywordExecutor.groovy:53)
	at com.kms.katalon.core.webui.keyword.WebUiBuiltInKeywords.click(WebUiBuiltInKeywords.groovy:604)
	at com.kms.katalon.core.webui.keyword.WebUiBuiltInKeywords$click$8.call(Unknown Source)
	at Script1534407542420.run(Script1534407542420.groovy:57)
	at com.kms.katalon.core.main.ScriptEngine.run(ScriptEngine.java:183)
	at com.kms.katalon.core.main.ScriptEngine.runScriptAsRawText(ScriptEngine.java:108)
	at com.kms.katalon.core.main.TestCaseExecutor.runScript(TestCaseExecutor.java:294)
	at com.kms.katalon.core.main.TestCaseExecutor.doExecute(TestCaseExecutor.java:285)
	at com.kms.katalon.core.main.TestCaseExecutor.processExecutionPhase(TestCaseExecutor.java:264)
	at com.kms.katalon.core.main.TestCaseExecutor.accessMainPhase(TestCaseExecutor.java:256)
	at com.kms.katalon.core.main.TestCaseExecutor.execute(TestCaseExecutor.java:200)
	at com.kms.katalon.core.main.TestCaseMain.runTestCase(TestCaseMain.java:99)
	at com.kms.katalon.core.keyword.builtin.CallTestCaseKeyword$_callTestCase_closure1.doCall(CallTestCaseKeyword.groovy:60)
	at com.kms.katalon.core.keyword.builtin.CallTestCaseKeyword$_callTestCase_closure1.call(CallTestCaseKeyword.groovy)
	at com.kms.katalon.core.keyword.internal.KeywordMain.runKeyword(KeywordMain.groovy:54)
	at com.kms.katalon.core.keyword.builtin.CallTestCaseKeyword.callTestCase(CallTestCaseKeyword.groovy:81)
	at com.kms.katalon.core.keyword.builtin.CallTestCaseKeyword.execute(CallTestCaseKeyword.groovy:45)
	at com.kms.katalon.core.keyword.internal.KeywordExecutor.executeKeywordForPlatform(KeywordExecutor.groovy:53)
	at com.kms.katalon.core.keyword.BuiltinKeywords.callTestCase(BuiltinKeywords.groovy:334)
	at sun.reflect.GeneratedMethodAccessor13.invoke(Unknown Source)
	at sun.reflect.DelegatingMethodAccessorImpl.invoke(DelegatingMethodAccessorImpl.java:43)
	at java.lang.reflect.Method.invoke(Method.java:498)
	at org.codehaus.groovy.reflection.CachedMethod.invoke(CachedMethod.java:93)
	at groovy.lang.MetaMethod.doMethodInvoke(MetaMethod.java:325)
	at groovy.lang.MetaClassImpl.invokeStaticMethod(MetaClassImpl.java:1469)
	at org.codehaus.groovy.runtime.callsite.StaticMetaClassSite.call(StaticMetaClassSite.java:53)
	at org.codehaus.groovy.runtime.callsite.AbstractCallSite.call(AbstractCallSite.java:141)
	at Script1535963367907.run(Script1535963367907.groovy:33)
	at com.kms.katalon.core.main.ScriptEngine.run(ScriptEngine.java:183)
	at com.kms.katalon.core.main.ScriptEngine.runScriptAsRawText(ScriptEngine.java:108)
	at com.kms.katalon.core.main.TestCaseExecutor.runScript(TestCaseExecutor.java:294)
	at com.kms.katalon.core.main.TestCaseExecutor.doExecute(TestCaseExecutor.java:285)
	at com.kms.katalon.core.main.TestCaseExecutor.processExecutionPhase(TestCaseExecutor.java:264)
	at com.kms.katalon.core.main.TestCaseExecutor.accessMainPhase(TestCaseExecutor.java:256)
	at com.kms.katalon.core.main.TestCaseExecutor.execute(TestCaseExecutor.java:200)
	at com.kms.katalon.core.main.TestCaseMain.runTestCase(TestCaseMain.java:99)
	at com.kms.katalon.core.keyword.builtin.CallTestCaseKeyword$_callTestCase_closure1.doCall(CallTestCaseKeyword.groovy:60)
	at com.kms.katalon.core.keyword.builtin.CallTestCaseKeyword$_callTestCase_closure1.call(CallTestCaseKeyword.groovy)
	at com.kms.katalon.core.keyword.internal.KeywordMain.runKeyword(KeywordMain.groovy:54)
	at com.kms.katalon.core.keyword.builtin.CallTestCaseKeyword.callTestCase(CallTestCaseKeyword.groovy:81)
	at com.kms.katalon.core.keyword.builtin.CallTestCaseKeyword.execute(CallTestCaseKeyword.groovy:45)
	at com.kms.katalon.core.keyword.internal.KeywordExecutor.executeKeywordForPlatform(KeywordExecutor.groovy:53)
	at com.kms.katalon.core.keyword.BuiltinKeywords.callTestCase(BuiltinKeywords.groovy:334)
	at sun.reflect.GeneratedMethodAccessor13.invoke(Unknown Source)
	at sun.reflect.DelegatingMethodAccessorImpl.invoke(DelegatingMethodAccessorImpl.java:43)
	at java.lang.reflect.Method.invoke(Method.java:498)
	at org.codehaus.groovy.reflection.CachedMethod.invoke(CachedMethod.java:93)
	at groovy.lang.MetaMethod.doMethodInvoke(MetaMethod.java:325)
	at groovy.lang.MetaClassImpl.invokeStaticMethod(MetaClassImpl.java:1469)
	at org.codehaus.groovy.runtime.callsite.StaticMetaClassSite.call(StaticMetaClassSite.java:53)
	at org.codehaus.groovy.runtime.callsite.CallSiteArray.defaultCall(CallSiteArray.java:48)
	at org.codehaus.groovy.runtime.callsite.AbstractCallSite.call(AbstractCallSite.java:113)
	at org.codehaus.groovy.runtime.callsite.AbstractCallSite.call(AbstractCallSite.java:141)
	at Script1536139032579.run(Script1536139032579.groovy:25)
	at com.kms.katalon.core.main.ScriptEngine.run(ScriptEngine.java:183)
	at com.kms.katalon.core.main.ScriptEngine.runScriptAsRawText(ScriptEngine.java:108)
	at com.kms.katalon.core.main.TestCaseExecutor.runScript(TestCaseExecutor.java:294)
	at com.kms.katalon.core.main.TestCaseExecutor.doExecute(TestCaseExecutor.java:285)
	at com.kms.katalon.core.main.TestCaseExecutor.processExecutionPhase(TestCaseExecutor.java:264)
	at com.kms.katalon.core.main.TestCaseExecutor.accessMainPhase(TestCaseExecutor.java:256)
	at com.kms.katalon.core.main.TestCaseExecutor.execute(TestCaseExecutor.java:200)
	at com.kms.katalon.core.main.TestSuiteExecutor.accessTestCaseMainPhase(TestSuiteExecutor.java:129)
	at com.kms.katalon.core.main.TestSuiteExecutor.accessTestSuiteMainPhase(TestSuiteExecutor.java:112)
	at com.kms.katalon.core.main.TestSuiteExecutor.execute(TestSuiteExecutor.java:81)
	at com.kms.katalon.core.main.TestCaseMain.startTestSuite(TestCaseMain.java:142)
	at com.kms.katalon.core.main.TestCaseMain$startTestSuite$0.call(Unknown Source)
	at org.codehaus.groovy.runtime.callsite.CallSiteArray.defaultCall(CallSiteArray.java:48)
	at org.codehaus.groovy.runtime.callsite.AbstractCallSite.call(AbstractCallSite.java:113)
	at org.codehaus.groovy.runtime.callsite.AbstractCallSite.call(AbstractCallSite.java:141)
	at TempTestSuite1539913255508.run(TempTestSuite1539913255508.groovy:36)
	at groovy.lang.GroovyShell.runScriptOrMainOrTestOrRunnable(GroovyShell.java:263)
	at groovy.lang.GroovyShell.run(GroovyShell.java:518)
	at groovy.lang.GroovyShell.run(GroovyShell.java:507)
	at groovy.ui.GroovyMain.processOnce(GroovyMain.java:653)
	at groovy.ui.GroovyMain.run(GroovyMain.java:384)
	at groovy.ui.GroovyMain.process(GroovyMain.java:370)
	at groovy.ui.GroovyMain.processArgs(GroovyMain.java:129)
	at groovy.ui.GroovyMain.main(GroovyMain.java:109)
	at sun.reflect.NativeMethodAccessorImpl.invoke0(Native Method)
	at sun.reflect.NativeMethodAccessorImpl.invoke(NativeMethodAccessorImpl.java:62)
	at sun.reflect.DelegatingMethodAccessorImpl.invoke(DelegatingMethodAccessorImpl.java:43)
	at java.lang.reflect.Method.invoke(Method.java:498)
	at org.codehaus.groovy.tools.GroovyStarter.rootLoader(GroovyStarter.java:109)
	at org.codehaus.groovy.tools.GroovyStarter.main(GroovyStarter.java:131)
)]]></system-err>
      </testcase>
      <system-out><![CDATA[2018-10-19 11:30:59 - [TEST_SUITE][FAILED] - Form 1A - Cessation as Employer: Test Cases/Final Aug 2018 - PKS Automation/Registration Module/Workflow/Form 1A - Cessation As Employer/Employer to UO (Approve) FAILED because (of) (Stack trace: com.kms.katalon.core.exception.StepFailedException: Unable to click on object 'Object Repository/Final Object Repo/Page_Update Employer Information/Edit Button' (Root cause: org.openqa.selenium.StaleElementReferenceException: stale element reference: element is not attached to the page document
  (Session info: chrome=69.0.3497.100)
  (Driver info: chromedriver=2.35.528161 (5b82f2d2aae0ca24b877009200ced9065a772e73),platform=Windows NT 6.1.7601 SP1 x86_64) (WARNING: The server did not provide any stacktrace information)
Command duration or timeout: 0 milliseconds
For documentation on this error, please visit: http://seleniumhq.org/exceptions/stale_element_reference.html
Build info: version: '3.7.1', revision: '8a0099a', time: '2017-11-06T21:07:36.161Z'
System info: host: 'WEIZHENG', ip: '192.168.137.1', os.name: 'Windows 7', os.arch: 'amd64', os.version: '6.1', java.version: '1.8.0_181'
Driver info: com.kms.katalon.selenium.driver.CChromeDriver
Capabilities {acceptInsecureCerts: false, acceptSslCerts: false, applicationCacheEnabled: false, browserConnectionEnabled: false, browserName: chrome, chrome: {chromedriverVersion: 2.35.528161 (5b82f2d2aae0ca..., userDataDir: C:\Users\WEIZHE~1\AppData\L...}, cssSelectorsEnabled: true, databaseEnabled: false, handlesAlerts: true, hasTouchScreen: false, javascriptEnabled: true, locationContextEnabled: true, mobileEmulationEnabled: false, nativeEvents: true, networkConnectionEnabled: false, pageLoadStrategy: normal, platform: XP, platformName: XP, rotatable: false, setWindowRect: true, takesHeapSnapshot: true, takesScreenshot: true, unexpectedAlertBehaviour: , unhandledPromptBehavior: , version: 69.0.3497.100, webStorageEnabled: true}
Session ID: 16cacec359ac2f62ceb578759be01abc)
	at com.kms.katalon.core.keyword.internal.KeywordMain.stepFailed(KeywordMain.groovy:32)
	at com.kms.katalon.core.webui.keyword.internal.WebUIKeywordMain.stepFailed(WebUIKeywordMain.groovy:65)
	at com.kms.katalon.core.webui.keyword.internal.WebUIKeywordMain.runKeyword(WebUIKeywordMain.groovy:27)
	at com.kms.katalon.core.webui.keyword.builtin.ClickKeyword.click(ClickKeyword.groovy:86)
	at com.kms.katalon.core.webui.keyword.builtin.ClickKeyword.execute(ClickKeyword.groovy:67)
	at com.kms.katalon.core.keyword.internal.KeywordExecutor.executeKeywordForPlatform(KeywordExecutor.groovy:53)
	at com.kms.katalon.core.webui.keyword.WebUiBuiltInKeywords.click(WebUiBuiltInKeywords.groovy:616)
	at com.kms.katalon.core.webui.keyword.WebUiBuiltInKeywords$click$2.call(Unknown Source)
	at org.codehaus.groovy.runtime.callsite.CallSiteArray.defaultCall(CallSiteArray.java:48)
	at org.codehaus.groovy.runtime.callsite.AbstractCallSite.call(AbstractCallSite.java:113)
	at org.codehaus.groovy.runtime.callsite.AbstractCallSite.call(AbstractCallSite.java:125)
	at Script1536729355807.run(Script1536729355807.groovy:37)
	at com.kms.katalon.core.main.ScriptEngine.run(ScriptEngine.java:183)
	at com.kms.katalon.core.main.ScriptEngine.runScriptAsRawText(ScriptEngine.java:108)
	at com.kms.katalon.core.main.TestCaseExecutor.runScript(TestCaseExecutor.java:294)
	at com.kms.katalon.core.main.TestCaseExecutor.doExecute(TestCaseExecutor.java:285)
	at com.kms.katalon.core.main.TestCaseExecutor.processExecutionPhase(TestCaseExecutor.java:264)
	at com.kms.katalon.core.main.TestCaseExecutor.accessMainPhase(TestCaseExecutor.java:256)
	at com.kms.katalon.core.main.TestCaseExecutor.execute(TestCaseExecutor.java:200)
	at com.kms.katalon.core.main.TestCaseMain.runTestCase(TestCaseMain.java:99)
	at com.kms.katalon.core.keyword.builtin.CallTestCaseKeyword$_callTestCase_closure1.doCall(CallTestCaseKeyword.groovy:60)
	at com.kms.katalon.core.keyword.builtin.CallTestCaseKeyword$_callTestCase_closure1.call(CallTestCaseKeyword.groovy)
	at com.kms.katalon.core.keyword.internal.KeywordMain.runKeyword(KeywordMain.groovy:54)
	at com.kms.katalon.core.keyword.builtin.CallTestCaseKeyword.callTestCase(CallTestCaseKeyword.groovy:81)
	at com.kms.katalon.core.keyword.builtin.CallTestCaseKeyword.execute(CallTestCaseKeyword.groovy:45)
	at com.kms.katalon.core.keyword.internal.KeywordExecutor.executeKeywordForPlatform(KeywordExecutor.groovy:53)
	at com.kms.katalon.core.keyword.BuiltinKeywords.callTestCase(BuiltinKeywords.groovy:334)
	at sun.reflect.NativeMethodAccessorImpl.invoke0(Native Method)
	at sun.reflect.NativeMethodAccessorImpl.invoke(NativeMethodAccessorImpl.java:62)
	at sun.reflect.DelegatingMethodAccessorImpl.invoke(DelegatingMethodAccessorImpl.java:43)
	at java.lang.reflect.Method.invoke(Method.java:498)
	at org.codehaus.groovy.reflection.CachedMethod.invoke(CachedMethod.java:93)
	at groovy.lang.MetaMethod.doMethodInvoke(MetaMethod.java:325)
	at groovy.lang.MetaClassImpl.invokeStaticMethod(MetaClassImpl.java:1469)
	at org.codehaus.groovy.runtime.callsite.StaticMetaClassSite.call(StaticMetaClassSite.java:53)
	at org.codehaus.groovy.runtime.callsite.CallSiteArray.defaultCall(CallSiteArray.java:48)
	at org.codehaus.groovy.runtime.callsite.AbstractCallSite.call(AbstractCallSite.java:113)
	at org.codehaus.groovy.runtime.callsite.AbstractCallSite.call(AbstractCallSite.java:141)
	at Script1536729512789.run(Script1536729512789.groovy:23)
	at com.kms.katalon.core.main.ScriptEngine.run(ScriptEngine.java:183)
	at com.kms.katalon.core.main.ScriptEngine.runScriptAsRawText(ScriptEngine.java:108)
	at com.kms.katalon.core.main.TestCaseExecutor.runScript(TestCaseExecutor.java:294)
	at com.kms.katalon.core.main.TestCaseExecutor.doExecute(TestCaseExecutor.java:285)
	at com.kms.katalon.core.main.TestCaseExecutor.processExecutionPhase(TestCaseExecutor.java:264)
	at com.kms.katalon.core.main.TestCaseExecutor.accessMainPhase(TestCaseExecutor.java:256)
	at com.kms.katalon.core.main.TestCaseExecutor.execute(TestCaseExecutor.java:200)
	at com.kms.katalon.core.main.TestSuiteExecutor.accessTestCaseMainPhase(TestSuiteExecutor.java:129)
	at com.kms.katalon.core.main.TestSuiteExecutor.accessTestSuiteMainPhase(TestSuiteExecutor.java:112)
	at com.kms.katalon.core.main.TestSuiteExecutor.execute(TestSuiteExecutor.java:81)
	at com.kms.katalon.core.main.TestCaseMain.startTestSuite(TestCaseMain.java:142)
	at com.kms.katalon.core.main.TestCaseMain$startTestSuite$0.call(Unknown Source)
	at org.codehaus.groovy.runtime.callsite.CallSiteArray.defaultCall(CallSiteArray.java:48)
	at org.codehaus.groovy.runtime.callsite.AbstractCallSite.call(AbstractCallSite.java:113)
	at org.codehaus.groovy.runtime.callsite.AbstractCallSite.call(AbstractCallSite.java:141)
	at TempTestSuite1539913255508.run(TempTestSuite1539913255508.groovy:36)
	at groovy.lang.GroovyShell.runScriptOrMainOrTestOrRunnable(GroovyShell.java:263)
	at groovy.lang.GroovyShell.run(GroovyShell.java:518)
	at groovy.lang.GroovyShell.run(GroovyShell.java:507)
	at groovy.ui.GroovyMain.processOnce(GroovyMain.java:653)
	at groovy.ui.GroovyMain.run(GroovyMain.java:384)
	at groovy.ui.GroovyMain.process(GroovyMain.java:370)
	at groovy.ui.GroovyMain.processArgs(GroovyMain.java:129)
	at groovy.ui.GroovyMain.main(GroovyMain.java:109)
	at sun.reflect.NativeMethodAccessorImpl.invoke0(Native Method)
	at sun.reflect.NativeMethodAccessorImpl.invoke(NativeMethodAccessorImpl.java:62)
	at sun.reflect.DelegatingMethodAccessorImpl.invoke(DelegatingMethodAccessorImpl.java:43)
	at java.lang.reflect.Method.invoke(Method.java:498)
	at org.codehaus.groovy.tools.GroovyStarter.rootLoader(GroovyStarter.java:109)
	at org.codehaus.groovy.tools.GroovyStarter.main(GroovyStarter.java:131)
)]]></system-out>
      <system-err><![CDATA[2018-10-19 11:30:59 - [TEST_SUITE][FAILED] - Form 1A - Cessation as Employer: Test Cases/Final Aug 2018 - PKS Automation/Registration Module/Workflow/Form 1A - Cessation As Employer/Employer to UO (Approve) FAILED because (of) (Stack trace: com.kms.katalon.core.exception.StepFailedException: Unable to click on object 'Object Repository/Final Object Repo/Page_Update Employer Information/Edit Button' (Root cause: org.openqa.selenium.StaleElementReferenceException: stale element reference: element is not attached to the page document
  (Session info: chrome=69.0.3497.100)
  (Driver info: chromedriver=2.35.528161 (5b82f2d2aae0ca24b877009200ced9065a772e73),platform=Windows NT 6.1.7601 SP1 x86_64) (WARNING: The server did not provide any stacktrace information)
Command duration or timeout: 0 milliseconds
For documentation on this error, please visit: http://seleniumhq.org/exceptions/stale_element_reference.html
Build info: version: '3.7.1', revision: '8a0099a', time: '2017-11-06T21:07:36.161Z'
System info: host: 'WEIZHENG', ip: '192.168.137.1', os.name: 'Windows 7', os.arch: 'amd64', os.version: '6.1', java.version: '1.8.0_181'
Driver info: com.kms.katalon.selenium.driver.CChromeDriver
Capabilities {acceptInsecureCerts: false, acceptSslCerts: false, applicationCacheEnabled: false, browserConnectionEnabled: false, browserName: chrome, chrome: {chromedriverVersion: 2.35.528161 (5b82f2d2aae0ca..., userDataDir: C:\Users\WEIZHE~1\AppData\L...}, cssSelectorsEnabled: true, databaseEnabled: false, handlesAlerts: true, hasTouchScreen: false, javascriptEnabled: true, locationContextEnabled: true, mobileEmulationEnabled: false, nativeEvents: true, networkConnectionEnabled: false, pageLoadStrategy: normal, platform: XP, platformName: XP, rotatable: false, setWindowRect: true, takesHeapSnapshot: true, takesScreenshot: true, unexpectedAlertBehaviour: , unhandledPromptBehavior: , version: 69.0.3497.100, webStorageEnabled: true}
Session ID: 16cacec359ac2f62ceb578759be01abc)
	at com.kms.katalon.core.keyword.internal.KeywordMain.stepFailed(KeywordMain.groovy:32)
	at com.kms.katalon.core.webui.keyword.internal.WebUIKeywordMain.stepFailed(WebUIKeywordMain.groovy:65)
	at com.kms.katalon.core.webui.keyword.internal.WebUIKeywordMain.runKeyword(WebUIKeywordMain.groovy:27)
	at com.kms.katalon.core.webui.keyword.builtin.ClickKeyword.click(ClickKeyword.groovy:86)
	at com.kms.katalon.core.webui.keyword.builtin.ClickKeyword.execute(ClickKeyword.groovy:67)
	at com.kms.katalon.core.keyword.internal.KeywordExecutor.executeKeywordForPlatform(KeywordExecutor.groovy:53)
	at com.kms.katalon.core.webui.keyword.WebUiBuiltInKeywords.click(WebUiBuiltInKeywords.groovy:616)
	at com.kms.katalon.core.webui.keyword.WebUiBuiltInKeywords$click$2.call(Unknown Source)
	at org.codehaus.groovy.runtime.callsite.CallSiteArray.defaultCall(CallSiteArray.java:48)
	at org.codehaus.groovy.runtime.callsite.AbstractCallSite.call(AbstractCallSite.java:113)
	at org.codehaus.groovy.runtime.callsite.AbstractCallSite.call(AbstractCallSite.java:125)
	at Script1536729355807.run(Script1536729355807.groovy:37)
	at com.kms.katalon.core.main.ScriptEngine.run(ScriptEngine.java:183)
	at com.kms.katalon.core.main.ScriptEngine.runScriptAsRawText(ScriptEngine.java:108)
	at com.kms.katalon.core.main.TestCaseExecutor.runScript(TestCaseExecutor.java:294)
	at com.kms.katalon.core.main.TestCaseExecutor.doExecute(TestCaseExecutor.java:285)
	at com.kms.katalon.core.main.TestCaseExecutor.processExecutionPhase(TestCaseExecutor.java:264)
	at com.kms.katalon.core.main.TestCaseExecutor.accessMainPhase(TestCaseExecutor.java:256)
	at com.kms.katalon.core.main.TestCaseExecutor.execute(TestCaseExecutor.java:200)
	at com.kms.katalon.core.main.TestCaseMain.runTestCase(TestCaseMain.java:99)
	at com.kms.katalon.core.keyword.builtin.CallTestCaseKeyword$_callTestCase_closure1.doCall(CallTestCaseKeyword.groovy:60)
	at com.kms.katalon.core.keyword.builtin.CallTestCaseKeyword$_callTestCase_closure1.call(CallTestCaseKeyword.groovy)
	at com.kms.katalon.core.keyword.internal.KeywordMain.runKeyword(KeywordMain.groovy:54)
	at com.kms.katalon.core.keyword.builtin.CallTestCaseKeyword.callTestCase(CallTestCaseKeyword.groovy:81)
	at com.kms.katalon.core.keyword.builtin.CallTestCaseKeyword.execute(CallTestCaseKeyword.groovy:45)
	at com.kms.katalon.core.keyword.internal.KeywordExecutor.executeKeywordForPlatform(KeywordExecutor.groovy:53)
	at com.kms.katalon.core.keyword.BuiltinKeywords.callTestCase(BuiltinKeywords.groovy:334)
	at sun.reflect.NativeMethodAccessorImpl.invoke0(Native Method)
	at sun.reflect.NativeMethodAccessorImpl.invoke(NativeMethodAccessorImpl.java:62)
	at sun.reflect.DelegatingMethodAccessorImpl.invoke(DelegatingMethodAccessorImpl.java:43)
	at java.lang.reflect.Method.invoke(Method.java:498)
	at org.codehaus.groovy.reflection.CachedMethod.invoke(CachedMethod.java:93)
	at groovy.lang.MetaMethod.doMethodInvoke(MetaMethod.java:325)
	at groovy.lang.MetaClassImpl.invokeStaticMethod(MetaClassImpl.java:1469)
	at org.codehaus.groovy.runtime.callsite.StaticMetaClassSite.call(StaticMetaClassSite.java:53)
	at org.codehaus.groovy.runtime.callsite.CallSiteArray.defaultCall(CallSiteArray.java:48)
	at org.codehaus.groovy.runtime.callsite.AbstractCallSite.call(AbstractCallSite.java:113)
	at org.codehaus.groovy.runtime.callsite.AbstractCallSite.call(AbstractCallSite.java:141)
	at Script1536729512789.run(Script1536729512789.groovy:23)
	at com.kms.katalon.core.main.ScriptEngine.run(ScriptEngine.java:183)
	at com.kms.katalon.core.main.ScriptEngine.runScriptAsRawText(ScriptEngine.java:108)
	at com.kms.katalon.core.main.TestCaseExecutor.runScript(TestCaseExecutor.java:294)
	at com.kms.katalon.core.main.TestCaseExecutor.doExecute(TestCaseExecutor.java:285)
	at com.kms.katalon.core.main.TestCaseExecutor.processExecutionPhase(TestCaseExecutor.java:264)
	at com.kms.katalon.core.main.TestCaseExecutor.accessMainPhase(TestCaseExecutor.java:256)
	at com.kms.katalon.core.main.TestCaseExecutor.execute(TestCaseExecutor.java:200)
	at com.kms.katalon.core.main.TestSuiteExecutor.accessTestCaseMainPhase(TestSuiteExecutor.java:129)
	at com.kms.katalon.core.main.TestSuiteExecutor.accessTestSuiteMainPhase(TestSuiteExecutor.java:112)
	at com.kms.katalon.core.main.TestSuiteExecutor.execute(TestSuiteExecutor.java:81)
	at com.kms.katalon.core.main.TestCaseMain.startTestSuite(TestCaseMain.java:142)
	at com.kms.katalon.core.main.TestCaseMain$startTestSuite$0.call(Unknown Source)
	at org.codehaus.groovy.runtime.callsite.CallSiteArray.defaultCall(CallSiteArray.java:48)
	at org.codehaus.groovy.runtime.callsite.AbstractCallSite.call(AbstractCallSite.java:113)
	at org.codehaus.groovy.runtime.callsite.AbstractCallSite.call(AbstractCallSite.java:141)
	at TempTestSuite1539913255508.run(TempTestSuite1539913255508.groovy:36)
	at groovy.lang.GroovyShell.runScriptOrMainOrTestOrRunnable(GroovyShell.java:263)
	at groovy.lang.GroovyShell.run(GroovyShell.java:518)
	at groovy.lang.GroovyShell.run(GroovyShell.java:507)
	at groovy.ui.GroovyMain.processOnce(GroovyMain.java:653)
	at groovy.ui.GroovyMain.run(GroovyMain.java:384)
	at groovy.ui.GroovyMain.process(GroovyMain.java:370)
	at groovy.ui.GroovyMain.processArgs(GroovyMain.java:129)
	at groovy.ui.GroovyMain.main(GroovyMain.java:109)
	at sun.reflect.NativeMethodAccessorImpl.invoke0(Native Method)
	at sun.reflect.NativeMethodAccessorImpl.invoke(NativeMethodAccessorImpl.java:62)
	at sun.reflect.DelegatingMethodAccessorImpl.invoke(DelegatingMethodAccessorImpl.java:43)
	at java.lang.reflect.Method.invoke(Method.java:498)
	at org.codehaus.groovy.tools.GroovyStarter.rootLoader(GroovyStarter.java:109)
	at org.codehaus.groovy.tools.GroovyStarter.main(GroovyStarter.java:131)
)]]></system-err>
   </testsuite>
</testsuites>
