<?xml version="1.0" encoding="UTF-8"?>
<testsuites name="Update Add New Employee" time="8392" tests="0" failures="13" errors="0">
   <testsuite name="Update Add New Employee" tests="0" failures="13" errors="0" time="8392" timestamp="2018-11-22 21:20:55" hostname="Admin - Win7Test02" id="Test Suites/Workflow/Update Add New Employee">
      <properties>
         <property name="deviceName" value=""/>
         <property name="devicePlatform" value=""/>
         <property name="logFolder" value="C:\\Users\\Admin\\Desktop\\PKS\\Perkeso Phase A\\Reports\\Workflow\\Update Add New Employee\\20181122_161416"/>
         <property name="logFiles" value="C:\\Users\\Admin\\Desktop\\PKS\\Perkeso Phase A\\Reports\\Workflow\\Update Add New Employee\\20181122_161416\\execution0.log, C:\\Users\\Admin\\Desktop\\PKS\\Perkeso Phase A\\Reports\\Workflow\\Update Add New Employee\\20181122_161416\\execution1.log, C:\\Users\\Admin\\Desktop\\PKS\\Perkeso Phase A\\Reports\\Workflow\\Update Add New Employee\\20181122_161416\\execution2.log"/>
         <property name="attachments" value="C:\\Users\\Admin\\Desktop\\PKS\\Perkeso Phase A\\Reports\\Workflow\\Update Add New Employee\\20181122_161416\\1542892908998.png, C:\\Users\\Admin\\Desktop\\PKS\\Perkeso Phase A\\Reports\\Workflow\\Update Add New Employee\\20181122_161416\\1542892960315.png, C:\\Users\\Admin\\Desktop\\PKS\\Perkeso Phase A\\Reports\\Workflow\\Update Add New Employee\\20181122_161416\\1542893010567.png, C:\\Users\\Admin\\Desktop\\PKS\\Perkeso Phase A\\Reports\\Workflow\\Update Add New Employee\\20181122_161416\\1542893060723.png, C:\\Users\\Admin\\Desktop\\PKS\\Perkeso Phase A\\Reports\\Workflow\\Update Add New Employee\\20181122_161416\\1542893191149.png, C:\\Users\\Admin\\Desktop\\PKS\\Perkeso Phase A\\Reports\\Workflow\\Update Add New Employee\\20181122_161416\\1542893229114.png, C:\\Users\\Admin\\Desktop\\PKS\\Perkeso Phase A\\Reports\\Workflow\\Update Add New Employee\\20181122_161416\\1542893901091.png, C:\\Users\\Admin\\Desktop\\PKS\\Perkeso Phase A\\Reports\\Workflow\\Update Add New Employee\\20181122_161416\\1542893938643.png, C:\\Users\\Admin\\Desktop\\PKS\\Perkeso Phase A\\Reports\\Workflow\\Update Add New Employee\\20181122_161416\\1542894594922.png, C:\\Users\\Admin\\Desktop\\PKS\\Perkeso Phase A\\Reports\\Workflow\\Update Add New Employee\\20181122_161416\\1542894632307.png, C:\\Users\\Admin\\Desktop\\PKS\\Perkeso Phase A\\Reports\\Workflow\\Update Add New Employee\\20181122_161416\\1542895304194.png, C:\\Users\\Admin\\Desktop\\PKS\\Perkeso Phase A\\Reports\\Workflow\\Update Add New Employee\\20181122_161416\\1542895341693.png, C:\\Users\\Admin\\Desktop\\PKS\\Perkeso Phase A\\Reports\\Workflow\\Update Add New Employee\\20181122_161416\\1542895967755.png, C:\\Users\\Admin\\Desktop\\PKS\\Perkeso Phase A\\Reports\\Workflow\\Update Add New Employee\\20181122_161416\\1542896005285.png, C:\\Users\\Admin\\Desktop\\PKS\\Perkeso Phase A\\Reports\\Workflow\\Update Add New Employee\\20181122_161416\\1542896629083.png, C:\\Users\\Admin\\Desktop\\PKS\\Perkeso Phase A\\Reports\\Workflow\\Update Add New Employee\\20181122_161416\\1542896666633.png, C:\\Users\\Admin\\Desktop\\PKS\\Perkeso Phase A\\Reports\\Workflow\\Update Add New Employee\\20181122_161416\\1542897275518.png, C:\\Users\\Admin\\Desktop\\PKS\\Perkeso Phase A\\Reports\\Workflow\\Update Add New Employee\\20181122_161416\\1542897313074.png, C:\\Users\\Admin\\Desktop\\PKS\\Perkeso Phase A\\Reports\\Workflow\\Update Add New Employee\\20181122_161416\\1542897928110.png, C:\\Users\\Admin\\Desktop\\PKS\\Perkeso Phase A\\Reports\\Workflow\\Update Add New Employee\\20181122_161416\\1542897965367.png, C:\\Users\\Admin\\Desktop\\PKS\\Perkeso Phase A\\Reports\\Workflow\\Update Add New Employee\\20181122_161416\\1542898572342.png, C:\\Users\\Admin\\Desktop\\PKS\\Perkeso Phase A\\Reports\\Workflow\\Update Add New Employee\\20181122_161416\\1542898609700.png, C:\\Users\\Admin\\Desktop\\PKS\\Perkeso Phase A\\Reports\\Workflow\\Update Add New Employee\\20181122_161416\\1542899227237.png, C:\\Users\\Admin\\Desktop\\PKS\\Perkeso Phase A\\Reports\\Workflow\\Update Add New Employee\\20181122_161416\\1542899264535.png, C:\\Users\\Admin\\Desktop\\PKS\\Perkeso Phase A\\Reports\\Workflow\\Update Add New Employee\\20181122_161416\\1542899882163.png, C:\\Users\\Admin\\Desktop\\PKS\\Perkeso Phase A\\Reports\\Workflow\\Update Add New Employee\\20181122_161416\\1542899919679.png, C:\\Users\\Admin\\Desktop\\PKS\\Perkeso Phase A\\Reports\\Workflow\\Update Add New Employee\\20181122_161416\\1542900528449.png, C:\\Users\\Admin\\Desktop\\PKS\\Perkeso Phase A\\Reports\\Workflow\\Update Add New Employee\\20181122_161416\\1542900565834.png, C:\\Users\\Admin\\Desktop\\PKS\\Perkeso Phase A\\Reports\\Workflow\\Update Add New Employee\\20181122_161416\\1542901183074.png, C:\\Users\\Admin\\Desktop\\PKS\\Perkeso Phase A\\Reports\\Workflow\\Update Add New Employee\\20181122_161416\\1542901220309.png"/>
         <property name="hostName" value="Admin - Win7Test02"/>
         <property name="os" value="Windows 7 64bit"/>
         <property name="katalonVersion" value="5.8.6.1"/>
         <property name="browser" value="Chrome 70.0.3538.102"/>
         <property name="hostAddress" value="10.20.3.72"/>
         <property name="sessionId" value="ff460e4d56ce55e284a3c9f77015def1"/>
         <property name="seleniumVersion" value="3.7.1"/>
         <property name="proxyInformation" value="ProxyInformation{proxyOption=NO_PROXY, proxyServerType=HTTP, password=, proxyServerAddress=, proxyServerPort=0}"/>
         <property name="platform" value="Windows 7"/>
      </properties>
      <testcase name="Test Cases/Final Aug 2018 - PKS Automation/Registration Module/Workflow/Update Add New Employee/Add Employee and Set Incomplete ( OTC - PKRBO)" classname="Test Cases/Final Aug 2018 - PKS Automation/Registration Module/Workflow/Update Add New Employee/Add Employee and Set Incomplete ( OTC - PKRBO)" status="FAILED">
         <failure type="FAILED" message="(Stack trace: com.kms.katalon.core.exception.StepFailedException: Unable to click on object 'Object Repository/Final Object Repo/Landing Page/Select to English' (Root cause: com.kms.katalon.core.webui.exception.WebElementNotFoundException: Web element with id: 'Object Repository/Final Object Repo/Landing Page/Select to English' located by 'By.xpath: //a[@class = 'taglib-language-list-text' and @lang = 'en-US' and (contains(text(), 'EN') or contains(., 'EN'))]' not found)
	at com.kms.katalon.core.keyword.internal.KeywordMain.stepFailed(KeywordMain.groovy:32)
	at com.kms.katalon.core.webui.keyword.internal.WebUIKeywordMain.stepFailed(WebUIKeywordMain.groovy:65)
	at com.kms.katalon.core.webui.keyword.internal.WebUIKeywordMain.runKeyword(WebUIKeywordMain.groovy:27)
	at com.kms.katalon.core.webui.keyword.builtin.ClickKeyword.click(ClickKeyword.groovy:86)
	at com.kms.katalon.core.webui.keyword.builtin.ClickKeyword.execute(ClickKeyword.groovy:67)
	at com.kms.katalon.core.keyword.internal.KeywordExecutor.executeKeywordForPlatform(KeywordExecutor.groovy:53)
	at com.kms.katalon.core.webui.keyword.WebUiBuiltInKeywords.click(WebUiBuiltInKeywords.groovy:604)
	at com.kms.katalon.core.webui.keyword.WebUiBuiltInKeywords$click$6.call(Unknown Source)
	at org.codehaus.groovy.runtime.callsite.CallSiteArray.defaultCall(CallSiteArray.java:48)
	at org.codehaus.groovy.runtime.callsite.AbstractCallSite.call(AbstractCallSite.java:113)
	at org.codehaus.groovy.runtime.callsite.AbstractCallSite.call(AbstractCallSite.java:133)
	at Script1534407542420.run(Script1534407542420.groovy:57)
	at com.kms.katalon.core.main.ScriptEngine.run(ScriptEngine.java:183)
	at com.kms.katalon.core.main.ScriptEngine.runScriptAsRawText(ScriptEngine.java:108)
	at com.kms.katalon.core.main.TestCaseExecutor.runScript(TestCaseExecutor.java:294)
	at com.kms.katalon.core.main.TestCaseExecutor.doExecute(TestCaseExecutor.java:285)
	at com.kms.katalon.core.main.TestCaseExecutor.processExecutionPhase(TestCaseExecutor.java:264)
	at com.kms.katalon.core.main.TestCaseExecutor.accessMainPhase(TestCaseExecutor.java:256)
	at com.kms.katalon.core.main.TestCaseExecutor.execute(TestCaseExecutor.java:200)
	at com.kms.katalon.core.main.TestCaseMain.runTestCase(TestCaseMain.java:99)
	at com.kms.katalon.core.keyword.builtin.CallTestCaseKeyword$_callTestCase_closure1.doCall(CallTestCaseKeyword.groovy:60)
	at com.kms.katalon.core.keyword.builtin.CallTestCaseKeyword$_callTestCase_closure1.call(CallTestCaseKeyword.groovy)
	at com.kms.katalon.core.keyword.internal.KeywordMain.runKeyword(KeywordMain.groovy:54)
	at com.kms.katalon.core.keyword.builtin.CallTestCaseKeyword.callTestCase(CallTestCaseKeyword.groovy:81)
	at com.kms.katalon.core.keyword.builtin.CallTestCaseKeyword.execute(CallTestCaseKeyword.groovy:45)
	at com.kms.katalon.core.keyword.internal.KeywordExecutor.executeKeywordForPlatform(KeywordExecutor.groovy:53)
	at com.kms.katalon.core.keyword.BuiltinKeywords.callTestCase(BuiltinKeywords.groovy:334)
	at sun.reflect.NativeMethodAccessorImpl.invoke0(Native Method)
	at sun.reflect.NativeMethodAccessorImpl.invoke(NativeMethodAccessorImpl.java:62)
	at sun.reflect.DelegatingMethodAccessorImpl.invoke(DelegatingMethodAccessorImpl.java:43)
	at java.lang.reflect.Method.invoke(Method.java:498)
	at org.codehaus.groovy.reflection.CachedMethod.invoke(CachedMethod.java:93)
	at groovy.lang.MetaMethod.doMethodInvoke(MetaMethod.java:325)
	at groovy.lang.MetaClassImpl.invokeStaticMethod(MetaClassImpl.java:1469)
	at org.codehaus.groovy.runtime.callsite.StaticMetaClassSite.call(StaticMetaClassSite.java:53)
	at org.codehaus.groovy.runtime.callsite.CallSiteArray.defaultCall(CallSiteArray.java:48)
	at org.codehaus.groovy.runtime.callsite.AbstractCallSite.call(AbstractCallSite.java:113)
	at org.codehaus.groovy.runtime.callsite.AbstractCallSite.call(AbstractCallSite.java:141)
	at Script1535947244917.run(Script1535947244917.groovy:131)
	at com.kms.katalon.core.main.ScriptEngine.run(ScriptEngine.java:183)
	at com.kms.katalon.core.main.ScriptEngine.runScriptAsRawText(ScriptEngine.java:108)
	at com.kms.katalon.core.main.TestCaseExecutor.runScript(TestCaseExecutor.java:294)
	at com.kms.katalon.core.main.TestCaseExecutor.doExecute(TestCaseExecutor.java:285)
	at com.kms.katalon.core.main.TestCaseExecutor.processExecutionPhase(TestCaseExecutor.java:264)
	at com.kms.katalon.core.main.TestCaseExecutor.accessMainPhase(TestCaseExecutor.java:256)
	at com.kms.katalon.core.main.TestCaseExecutor.execute(TestCaseExecutor.java:200)
	at com.kms.katalon.core.main.TestSuiteExecutor.accessTestCaseMainPhase(TestSuiteExecutor.java:129)
	at com.kms.katalon.core.main.TestSuiteExecutor.accessTestSuiteMainPhase(TestSuiteExecutor.java:112)
	at com.kms.katalon.core.main.TestSuiteExecutor.execute(TestSuiteExecutor.java:81)
	at com.kms.katalon.core.main.TestCaseMain.startTestSuite(TestCaseMain.java:142)
	at com.kms.katalon.core.main.TestCaseMain$startTestSuite$0.call(Unknown Source)
	at org.codehaus.groovy.runtime.callsite.CallSiteArray.defaultCall(CallSiteArray.java:48)
	at org.codehaus.groovy.runtime.callsite.AbstractCallSite.call(AbstractCallSite.java:113)
	at org.codehaus.groovy.runtime.callsite.AbstractCallSite.call(AbstractCallSite.java:141)
	at TempTestSuite1542874456666.run(TempTestSuite1542874456666.groovy:36)
	at groovy.lang.GroovyShell.runScriptOrMainOrTestOrRunnable(GroovyShell.java:263)
	at groovy.lang.GroovyShell.run(GroovyShell.java:518)
	at groovy.lang.GroovyShell.run(GroovyShell.java:507)
	at groovy.ui.GroovyMain.processOnce(GroovyMain.java:653)
	at groovy.ui.GroovyMain.run(GroovyMain.java:384)
	at groovy.ui.GroovyMain.process(GroovyMain.java:370)
	at groovy.ui.GroovyMain.processArgs(GroovyMain.java:129)
	at groovy.ui.GroovyMain.main(GroovyMain.java:109)
	at sun.reflect.NativeMethodAccessorImpl.invoke0(Native Method)
	at sun.reflect.NativeMethodAccessorImpl.invoke(NativeMethodAccessorImpl.java:62)
	at sun.reflect.DelegatingMethodAccessorImpl.invoke(DelegatingMethodAccessorImpl.java:43)
	at java.lang.reflect.Method.invoke(Method.java:498)
	at org.codehaus.groovy.tools.GroovyStarter.rootLoader(GroovyStarter.java:109)
	at org.codehaus.groovy.tools.GroovyStarter.main(GroovyStarter.java:131)
)"/>
         <system-out><![CDATA[2018-11-22 21:20:55 - [TEST_CASE][FAILED] - Test Cases/Final Aug 2018 - PKS Automation/Registration Module/Workflow/Update Add New Employee/Add Employee and Set Incomplete ( OTC - PKRBO): Test Cases/Final Aug 2018 - PKS Automation/Registration Module/Workflow/Update Add New Employee/Add Employee and Set Incomplete ( OTC - PKRBO) FAILED because (of) (Stack trace: com.kms.katalon.core.exception.StepFailedException: Unable to click on object 'Object Repository/Final Object Repo/Landing Page/Select to English' (Root cause: com.kms.katalon.core.webui.exception.WebElementNotFoundException: Web element with id: 'Object Repository/Final Object Repo/Landing Page/Select to English' located by 'By.xpath: //a[@class = 'taglib-language-list-text' and @lang = 'en-US' and (contains(text(), 'EN') or contains(., 'EN'))]' not found)
	at com.kms.katalon.core.keyword.internal.KeywordMain.stepFailed(KeywordMain.groovy:32)
	at com.kms.katalon.core.webui.keyword.internal.WebUIKeywordMain.stepFailed(WebUIKeywordMain.groovy:65)
	at com.kms.katalon.core.webui.keyword.internal.WebUIKeywordMain.runKeyword(WebUIKeywordMain.groovy:27)
	at com.kms.katalon.core.webui.keyword.builtin.ClickKeyword.click(ClickKeyword.groovy:86)
	at com.kms.katalon.core.webui.keyword.builtin.ClickKeyword.execute(ClickKeyword.groovy:67)
	at com.kms.katalon.core.keyword.internal.KeywordExecutor.executeKeywordForPlatform(KeywordExecutor.groovy:53)
	at com.kms.katalon.core.webui.keyword.WebUiBuiltInKeywords.click(WebUiBuiltInKeywords.groovy:604)
	at com.kms.katalon.core.webui.keyword.WebUiBuiltInKeywords$click$6.call(Unknown Source)
	at org.codehaus.groovy.runtime.callsite.CallSiteArray.defaultCall(CallSiteArray.java:48)
	at org.codehaus.groovy.runtime.callsite.AbstractCallSite.call(AbstractCallSite.java:113)
	at org.codehaus.groovy.runtime.callsite.AbstractCallSite.call(AbstractCallSite.java:133)
	at Script1534407542420.run(Script1534407542420.groovy:57)
	at com.kms.katalon.core.main.ScriptEngine.run(ScriptEngine.java:183)
	at com.kms.katalon.core.main.ScriptEngine.runScriptAsRawText(ScriptEngine.java:108)
	at com.kms.katalon.core.main.TestCaseExecutor.runScript(TestCaseExecutor.java:294)
	at com.kms.katalon.core.main.TestCaseExecutor.doExecute(TestCaseExecutor.java:285)
	at com.kms.katalon.core.main.TestCaseExecutor.processExecutionPhase(TestCaseExecutor.java:264)
	at com.kms.katalon.core.main.TestCaseExecutor.accessMainPhase(TestCaseExecutor.java:256)
	at com.kms.katalon.core.main.TestCaseExecutor.execute(TestCaseExecutor.java:200)
	at com.kms.katalon.core.main.TestCaseMain.runTestCase(TestCaseMain.java:99)
	at com.kms.katalon.core.keyword.builtin.CallTestCaseKeyword$_callTestCase_closure1.doCall(CallTestCaseKeyword.groovy:60)
	at com.kms.katalon.core.keyword.builtin.CallTestCaseKeyword$_callTestCase_closure1.call(CallTestCaseKeyword.groovy)
	at com.kms.katalon.core.keyword.internal.KeywordMain.runKeyword(KeywordMain.groovy:54)
	at com.kms.katalon.core.keyword.builtin.CallTestCaseKeyword.callTestCase(CallTestCaseKeyword.groovy:81)
	at com.kms.katalon.core.keyword.builtin.CallTestCaseKeyword.execute(CallTestCaseKeyword.groovy:45)
	at com.kms.katalon.core.keyword.internal.KeywordExecutor.executeKeywordForPlatform(KeywordExecutor.groovy:53)
	at com.kms.katalon.core.keyword.BuiltinKeywords.callTestCase(BuiltinKeywords.groovy:334)
	at sun.reflect.NativeMethodAccessorImpl.invoke0(Native Method)
	at sun.reflect.NativeMethodAccessorImpl.invoke(NativeMethodAccessorImpl.java:62)
	at sun.reflect.DelegatingMethodAccessorImpl.invoke(DelegatingMethodAccessorImpl.java:43)
	at java.lang.reflect.Method.invoke(Method.java:498)
	at org.codehaus.groovy.reflection.CachedMethod.invoke(CachedMethod.java:93)
	at groovy.lang.MetaMethod.doMethodInvoke(MetaMethod.java:325)
	at groovy.lang.MetaClassImpl.invokeStaticMethod(MetaClassImpl.java:1469)
	at org.codehaus.groovy.runtime.callsite.StaticMetaClassSite.call(StaticMetaClassSite.java:53)
	at org.codehaus.groovy.runtime.callsite.CallSiteArray.defaultCall(CallSiteArray.java:48)
	at org.codehaus.groovy.runtime.callsite.AbstractCallSite.call(AbstractCallSite.java:113)
	at org.codehaus.groovy.runtime.callsite.AbstractCallSite.call(AbstractCallSite.java:141)
	at Script1535947244917.run(Script1535947244917.groovy:131)
	at com.kms.katalon.core.main.ScriptEngine.run(ScriptEngine.java:183)
	at com.kms.katalon.core.main.ScriptEngine.runScriptAsRawText(ScriptEngine.java:108)
	at com.kms.katalon.core.main.TestCaseExecutor.runScript(TestCaseExecutor.java:294)
	at com.kms.katalon.core.main.TestCaseExecutor.doExecute(TestCaseExecutor.java:285)
	at com.kms.katalon.core.main.TestCaseExecutor.processExecutionPhase(TestCaseExecutor.java:264)
	at com.kms.katalon.core.main.TestCaseExecutor.accessMainPhase(TestCaseExecutor.java:256)
	at com.kms.katalon.core.main.TestCaseExecutor.execute(TestCaseExecutor.java:200)
	at com.kms.katalon.core.main.TestSuiteExecutor.accessTestCaseMainPhase(TestSuiteExecutor.java:129)
	at com.kms.katalon.core.main.TestSuiteExecutor.accessTestSuiteMainPhase(TestSuiteExecutor.java:112)
	at com.kms.katalon.core.main.TestSuiteExecutor.execute(TestSuiteExecutor.java:81)
	at com.kms.katalon.core.main.TestCaseMain.startTestSuite(TestCaseMain.java:142)
	at com.kms.katalon.core.main.TestCaseMain$startTestSuite$0.call(Unknown Source)
	at org.codehaus.groovy.runtime.callsite.CallSiteArray.defaultCall(CallSiteArray.java:48)
	at org.codehaus.groovy.runtime.callsite.AbstractCallSite.call(AbstractCallSite.java:113)
	at org.codehaus.groovy.runtime.callsite.AbstractCallSite.call(AbstractCallSite.java:141)
	at TempTestSuite1542874456666.run(TempTestSuite1542874456666.groovy:36)
	at groovy.lang.GroovyShell.runScriptOrMainOrTestOrRunnable(GroovyShell.java:263)
	at groovy.lang.GroovyShell.run(GroovyShell.java:518)
	at groovy.lang.GroovyShell.run(GroovyShell.java:507)
	at groovy.ui.GroovyMain.processOnce(GroovyMain.java:653)
	at groovy.ui.GroovyMain.run(GroovyMain.java:384)
	at groovy.ui.GroovyMain.process(GroovyMain.java:370)
	at groovy.ui.GroovyMain.processArgs(GroovyMain.java:129)
	at groovy.ui.GroovyMain.main(GroovyMain.java:109)
	at sun.reflect.NativeMethodAccessorImpl.invoke0(Native Method)
	at sun.reflect.NativeMethodAccessorImpl.invoke(NativeMethodAccessorImpl.java:62)
	at sun.reflect.DelegatingMethodAccessorImpl.invoke(DelegatingMethodAccessorImpl.java:43)
	at java.lang.reflect.Method.invoke(Method.java:498)
	at org.codehaus.groovy.tools.GroovyStarter.rootLoader(GroovyStarter.java:109)
	at org.codehaus.groovy.tools.GroovyStarter.main(GroovyStarter.java:131)
)

2018-11-22 21:20:56 - [TEST_STEP][PASSED] - openBrowser: Browser is opened with url: ''

2018-11-22 21:21:01 - [MESSAGE][PASSED] - Browser is opened with url: ''

2018-11-22 21:21:01 - [TEST_STEP][PASSED] - navigateToUrl: Navigate to 'https://assist2-uat.perkeso.gov.my/login' successfully

2018-11-22 21:21:02 - [MESSAGE][PASSED] - Navigate to 'https://assist2-uat.perkeso.gov.my/login' successfully

2018-11-22 21:21:02 - [TEST_STEP][PASSED] - callTestCase: Call Test Case 'Test Cases/Final Aug 2018 - PKS Automation/Registration Module/New Registration/Form 2/Date Updater' successfully

2018-11-22 21:21:02 - [TEST_CASE][PASSED] - Test Cases/Final Aug 2018 - PKS Automation/Registration Module/New Registration/Form 2/Date Updater: Test Cases/Final Aug 2018 - PKS Automation/Registration Module/New Registration/Form 2/Date Updater

2018-11-22 21:21:02 - [TEST_STEP][PASSED] - Statement - TodayDate = new java.util.Date(): null

2018-11-22 21:21:02 - [TEST_STEP][PASSED] - Statement - CurrentDateNoFilter = new java.text.SimpleDateFormat(): null

2018-11-22 21:21:02 - [TEST_STEP][PASSED] - Statement - CurrentDateNoFilter.applyPattern("dd"): null

2018-11-22 21:21:02 - [TEST_STEP][PASSED] - Statement - CurrentDate = CurrentDateNoFilter.format(TodayDate): null

2018-11-22 21:21:02 - [TEST_STEP][PASSED] - Statement - CurrentDate = java.lang.Integer.parseInt(CurrentDate): null

2018-11-22 21:21:02 - [TEST_STEP][PASSED] - Statement - CurrentDate = CurrentDate: null

2018-11-22 21:21:02 - [TEST_STEP][PASSED] - Statement - CurrentDay = java.lang.Integer.parseInt(CurrentDate): null

2018-11-22 21:21:02 - [TEST_STEP][PASSED] - Statement - aDayBefore = CurrentDay + 1: null

2018-11-22 21:21:02 - [TEST_STEP][PASSED] - Statement - DayBefore = aDayBefore.toString(): null

2018-11-22 21:21:02 - [TEST_STEP][PASSED] - Statement - OneDayBefore = DayBefore: null

2018-11-22 21:21:02 - [TEST_STEP][PASSED] - Statement - CurrentDateNoFilter.applyPattern("MM"): null

2018-11-22 21:21:02 - [TEST_STEP][PASSED] - Statement - monthContainerMatcher = java.lang.Integer.parseInt(CurrentDateNoFilter.format(TodayDate)): null

2018-11-22 21:21:02 - [TEST_STEP][PASSED] - Statement - monthContainerMatcher = monthContainerMatcher - 1: null

2018-11-22 21:21:02 - [TEST_STEP][PASSED] - Statement - CurrentMonth = monthContainerMatcher.toString(): null

2018-11-22 21:21:02 - [TEST_STEP][PASSED] - Statement - CurrentMonth = CurrentMonth: null

2018-11-22 21:21:02 - [TEST_STEP][PASSED] - Statement - CurrentDateNoFilter.applyPattern("yyyy"): null

2018-11-22 21:21:02 - [TEST_STEP][PASSED] - Statement - CurrentYear = CurrentDateNoFilter.format(TodayDate): null

2018-11-22 21:21:02 - [TEST_STEP][PASSED] - Statement - CurrentYear = CurrentYear: null

2018-11-22 21:21:02 - [TEST_STEP][PASSED] - Statement - intCurrentYear = java.lang.Integer.parseInt(CurrentDateNoFilter.format(TodayDate)): null

2018-11-22 21:21:02 - [TEST_STEP][PASSED] - Statement - eighteenYrsAgo = intCurrentYear - 18: null

2018-11-22 21:21:02 - [TEST_STEP][PASSED] - Statement - eighteenYrsBeforeThisYr = eighteenYrsAgo.toString(): null

2018-11-22 21:21:02 - [TEST_STEP][PASSED] - Statement - EighteenYrsBefore = eighteenYrsBeforeThisYr: null

2018-11-22 21:21:02 - [TEST_STEP][PASSED] - Statement - fiftysevenYrsAgo = intCurrentYear - 57: null

2018-11-22 21:21:02 - [TEST_STEP][PASSED] - Statement - fiftysevenYrsBeforeThisYr = fiftysevenYrsAgo.toString(): null

2018-11-22 21:21:02 - [TEST_STEP][PASSED] - Statement - FiftysevenYrsBefore = fiftysevenYrsBeforeThisYr: null

2018-11-22 21:21:02 - [MESSAGE][PASSED] - Call Test Case 'Test Cases/Final Aug 2018 - PKS Automation/Registration Module/New Registration/Form 2/Date Updater' successfully

2018-11-22 21:21:02 - [TEST_STEP][PASSED] - delay: Delayed 2 second(s)

2018-11-22 21:21:04 - [MESSAGE][PASSED] - Delayed 2 second(s)

2018-11-22 21:21:04 - [TEST_STEP][PASSED] - setText: Text 'klotc2@gmail.com' is set on object 'Object Repository/Final Object Repo/Page_Update Add New Employee - ASSIST/Email TextBox'

2018-11-22 21:21:05 - [MESSAGE][PASSED] - Text 'klotc2@gmail.com' is set on object 'Object Repository/Final Object Repo/Page_Update Add New Employee - ASSIST/Email TextBox'

2018-11-22 21:21:05 - [TEST_STEP][PASSED] - click: Object: 'Object Repository/Final Object Repo/Page_Update Add New Employee - ASSIST/Next Button' is clicked on

2018-11-22 21:21:05 - [MESSAGE][PASSED] - Object: 'Object Repository/Final Object Repo/Page_Update Add New Employee - ASSIST/Next Button' is clicked on

2018-11-22 21:21:05 - [TEST_STEP][PASSED] - delay: Delayed 2 second(s)

2018-11-22 21:21:07 - [MESSAGE][PASSED] - Delayed 2 second(s)

2018-11-22 21:21:07 - [TEST_STEP][PASSED] - setText: Text 'Test1@3456789' is set on object 'Object Repository/Final Object Repo/Page_Update Add New Employee - ASSIST/Password TextBox'

2018-11-22 21:21:07 - [MESSAGE][PASSED] - Text 'Test1@3456789' is set on object 'Object Repository/Final Object Repo/Page_Update Add New Employee - ASSIST/Password TextBox'

2018-11-22 21:21:07 - [TEST_STEP][PASSED] - delay: Delayed 2 second(s)

2018-11-22 21:21:09 - [MESSAGE][PASSED] - Delayed 2 second(s)

2018-11-22 21:21:09 - [TEST_STEP][PASSED] - click: Object: 'Object Repository/Final Object Repo/Page_Update Add New Employee - ASSIST/Login Button' is clicked on

2018-11-22 21:21:10 - [MESSAGE][PASSED] - Object: 'Object Repository/Final Object Repo/Page_Update Add New Employee - ASSIST/Login Button' is clicked on

2018-11-22 21:21:10 - [TEST_STEP][PASSED] - delay: Delayed 4 second(s)

2018-11-22 21:21:14 - [MESSAGE][PASSED] - Delayed 4 second(s)

2018-11-22 21:21:14 - [TEST_STEP][PASSED] - Statement - Try: Delayed 2 second(s)

2018-11-22 21:21:14 - [TEST_STEP][PASSED] - Statement - Checker = false: null

2018-11-22 21:21:14 - [TEST_STEP][PASSED] - Statement - Checker = com.kms.katalon.core.webui.keyword.WebUiBuiltInKeywords.verifyElementHasAttribute(com.kms.katalon.core.testobject.ObjectRepository.findTestObject(Final Object Repo/Landing Page/BM Detecting), "href", 20, OPTIONAL): Object 'Object Repository/Final Object Repo/Landing Page/BM Detecting' has attribute 'href'

2018-11-22 21:21:14 - [MESSAGE][PASSED] - Object 'Object Repository/Final Object Repo/Landing Page/BM Detecting' has attribute 'href'

2018-11-22 21:21:14 - [TEST_STEP][PASSED] - Statement - out.println(Checker): null

2018-11-22 21:21:14 - [TEST_STEP][PASSED] - Statement - If (Checker == false): null

2018-11-22 21:21:14 - [TEST_STEP][PASSED] - Statement - Else: null

2018-11-22 21:21:14 - [TEST_STEP][PASSED] - delay: Delayed 2 second(s)

2018-11-22 21:21:16 - [MESSAGE][PASSED] - Delayed 2 second(s)

2018-11-22 21:21:16 - [TEST_STEP][PASSED] - delay: Delayed 4 second(s)

2018-11-22 21:21:20 - [MESSAGE][PASSED] - Delayed 4 second(s)

2018-11-22 21:21:20 - [TEST_STEP][PASSED] - click: Object: 'Object Repository/Final Object Repo/Page_Update Add New Employee - ASSIST/My Sites Drop Down' is clicked on

2018-11-22 21:21:20 - [MESSAGE][PASSED] - Object: 'Object Repository/Final Object Repo/Page_Update Add New Employee - ASSIST/My Sites Drop Down' is clicked on

2018-11-22 21:21:20 - [TEST_STEP][PASSED] - click: Object: 'Object Repository/Final Object Repo/Page_Update Add New Employee - ASSIST/Select to Registration Module' is clicked on

2018-11-22 21:21:21 - [MESSAGE][PASSED] - Object: 'Object Repository/Final Object Repo/Page_Update Add New Employee - ASSIST/Select to Registration Module' is clicked on

2018-11-22 21:21:21 - [TEST_STEP][PASSED] - navigateToUrl: Navigate to 'https://assist2-uat.perkeso.gov.my/web/registration/myassist' successfully

2018-11-22 21:21:22 - [MESSAGE][PASSED] - Navigate to 'https://assist2-uat.perkeso.gov.my/web/registration/myassist' successfully

2018-11-22 21:21:22 - [TEST_STEP][PASSED] - mouseOver: Object: 'Object Repository/Final Object Repo/Page_Update Add New Employee - ASSIST/Select to Update Akta 4 Tab' is hovered

2018-11-22 21:21:22 - [MESSAGE][PASSED] - Object: 'Object Repository/Final Object Repo/Page_Update Add New Employee - ASSIST/Select to Update Akta 4 Tab' is hovered

2018-11-22 21:21:22 - [TEST_STEP][PASSED] - delay: Delayed 2 second(s)

2018-11-22 21:21:24 - [MESSAGE][PASSED] - Delayed 2 second(s)

2018-11-22 21:21:24 - [TEST_STEP][PASSED] - click: Object: 'Object Repository/Final Object Repo/Page_Update Add New Employee - ASSIST/Select to Update Add New Employee' is clicked on

2018-11-22 21:21:25 - [MESSAGE][PASSED] - Object: 'Object Repository/Final Object Repo/Page_Update Add New Employee - ASSIST/Select to Update Add New Employee' is clicked on

2018-11-22 21:21:25 - [TEST_STEP][PASSED] - delay: Delayed 2 second(s)

2018-11-22 21:21:27 - [MESSAGE][PASSED] - Delayed 2 second(s)

2018-11-22 21:21:27 - [TEST_STEP][PASSED] - setText: Text 'E1102069801V' is set on object 'Object Repository/Final Object Repo/Page_Update Add New Employee - ASSIST/Employer Code input textbox'

2018-11-22 21:21:27 - [MESSAGE][PASSED] - Text 'E1102069801V' is set on object 'Object Repository/Final Object Repo/Page_Update Add New Employee - ASSIST/Employer Code input textbox'

2018-11-22 21:21:27 - [TEST_STEP][PASSED] - delay: Delayed 2 second(s)

2018-11-22 21:21:29 - [MESSAGE][PASSED] - Delayed 2 second(s)

2018-11-22 21:21:29 - [TEST_STEP][PASSED] - click: Object: 'Object Repository/Final Object Repo/Page_Update Add New Employee - ASSIST/Search Button for Employer Code' is clicked on

2018-11-22 21:21:29 - [MESSAGE][PASSED] - Object: 'Object Repository/Final Object Repo/Page_Update Add New Employee - ASSIST/Search Button for Employer Code' is clicked on

2018-11-22 21:21:29 - [TEST_STEP][PASSED] - delay: Delayed 4 second(s)

2018-11-22 21:21:33 - [MESSAGE][PASSED] - Delayed 4 second(s)

2018-11-22 21:21:33 - [TEST_STEP][PASSED] - click: Object: 'Object Repository/Final Object Repo/Page_Update Add New Employee - ASSIST/Click to Edit Case' is clicked on

2018-11-22 21:21:36 - [MESSAGE][PASSED] - Object: 'Object Repository/Final Object Repo/Page_Update Add New Employee - ASSIST/Click to Edit Case' is clicked on

2018-11-22 21:21:36 - [TEST_STEP][PASSED] - callTestCase: Call Test Case 'Test Cases/Final Aug 2018 - PKS Automation/Registration Module/Workflow/Update Add New Employee/Template/Employee Adding/Employee Adding Action No Repeat IC' successfully

2018-11-22 21:21:36 - [TEST_CASE][PASSED] - Test Cases/Final Aug 2018 - PKS Automation/Registration Module/Workflow/Update Add New Employee/Template/Employee Adding/Employee Adding Action No Repeat IC: Test Cases/Final Aug 2018 - PKS Automation/Registration Module/Workflow/Update Add New Employee/Template/Employee Adding/Employee Adding Action No Repeat IC

2018-11-22 21:21:36 - [TEST_STEP][PASSED] - delay: Delayed 4 second(s)

2018-11-22 21:21:40 - [MESSAGE][PASSED] - Delayed 4 second(s)

2018-11-22 21:21:40 - [TEST_STEP][PASSED] - click: Object: 'Object Repository/Final Object Repo/Page_Update Add New Employee - ASSIST/Add Employee Button' is clicked on

2018-11-22 21:21:40 - [MESSAGE][PASSED] - Object: 'Object Repository/Final Object Repo/Page_Update Add New Employee - ASSIST/Add Employee Button' is clicked on

2018-11-22 21:21:40 - [TEST_STEP][PASSED] - delay: Delayed 3 second(s)

2018-11-22 21:21:43 - [MESSAGE][PASSED] - Delayed 3 second(s)

2018-11-22 21:21:43 - [TEST_STEP][PASSED] - Statement - While (com.kms.katalon.core.webui.keyword.WebUiBuiltInKeywords.verifyElementNotVisible(com.kms.katalon.core.testobject.ObjectRepository.findTestObject(Final Object Repo/Page_Update Add New Employee - ASSIST/No Duplicate Employee Cross), OPTIONAL)): Object 'Object Repository/Final Object Repo/Page_Update Add New Employee - ASSIST/No Duplicate Employee Cross' is visible

2018-11-22 21:21:43 - [MESSAGE][PASSED] - Object 'Object Repository/Final Object Repo/Page_Update Add New Employee - ASSIST/No Duplicate Employee Cross' is NOT visible

2018-11-22 21:21:43 - [TEST_STEP][PASSED] - callTestCase: Call Test Case 'Test Cases/Final Aug 2018 - PKS Automation/Common/IC Generator' successfully

2018-11-22 21:21:44 - [TEST_CASE][PASSED] - Test Cases/Final Aug 2018 - PKS Automation/Common/IC Generator: Test Cases/Final Aug 2018 - PKS Automation/Common/IC Generator

2018-11-22 21:21:44 - [TEST_STEP][PASSED] - Statement - rnd = new java.util.Random(): null

2018-11-22 21:21:44 - [TEST_STEP][PASSED] - Statement - snum = rnd.nextInt(899999 + 1) + 100000: null

2018-11-22 21:21:44 - [TEST_STEP][PASSED] - Statement - tnum = rnd.nextInt(899999 + 1) + 100000: null

2018-11-22 21:21:44 - [TEST_STEP][PASSED] - Statement - IC = java.lang.Integer.toString(snum) + java.lang.Integer.toString(tnum): null

2018-11-22 21:21:44 - [TEST_STEP][PASSED] - Statement - ICtoAdd = IC: null

2018-11-22 21:21:44 - [TEST_STEP][PASSED] - Statement - out.println(ICtoAdd): null

2018-11-22 21:21:44 - [MESSAGE][PASSED] - Call Test Case 'Test Cases/Final Aug 2018 - PKS Automation/Common/IC Generator' successfully

2018-11-22 21:21:44 - [TEST_STEP][PASSED] - delay: Delayed 1 second(s)

2018-11-22 21:21:45 - [MESSAGE][PASSED] - Delayed 1 second(s)

2018-11-22 21:21:45 - [TEST_STEP][PASSED] - setText: Text '758662368559' is set on object 'Object Repository/Final Object Repo/Page_Update Add New Employee - ASSIST/NRIC Input'

2018-11-22 21:21:45 - [MESSAGE][PASSED] - Text '758662368559' is set on object 'Object Repository/Final Object Repo/Page_Update Add New Employee - ASSIST/NRIC Input'

2018-11-22 21:21:45 - [TEST_STEP][PASSED] - delay: Delayed 2 second(s)

2018-11-22 21:21:47 - [MESSAGE][PASSED] - Delayed 2 second(s)

2018-11-22 21:21:47 - [TEST_STEP][PASSED] - click: Object: 'Object Repository/Final Object Repo/Page_Update Add New Employee - ASSIST/button for search for IC' is clicked on

2018-11-22 21:21:47 - [MESSAGE][PASSED] - Object: 'Object Repository/Final Object Repo/Page_Update Add New Employee - ASSIST/button for search for IC' is clicked on

2018-11-22 21:21:47 - [TEST_STEP][PASSED] - delay: Object 'Object Repository/Final Object Repo/Page_Update Add New Employee - ASSIST/No Duplicate Employee Cross' is visible

2018-11-22 21:21:48 - [MESSAGE][PASSED] - Delayed 1 second(s)

2018-11-22 21:21:49 - [MESSAGE][WARNING] - Object 'Object Repository/Final Object Repo/Page_Update Add New Employee - ASSIST/No Duplicate Employee Cross' is visible
[[ATTACHMENT|C:\\Users\\Admin\\Desktop\\PKS\\Perkeso Phase A\\Reports\\Workflow\\Update Add New Employee\\20181122_161416\\1542892908998.png]]

2018-11-22 21:21:49 - [TEST_STEP][PASSED] - delay: Delayed 2 second(s)

2018-11-22 21:21:51 - [MESSAGE][PASSED] - Delayed 2 second(s)

2018-11-22 21:21:51 - [TEST_STEP][PASSED] - setText: Text 'Automate002 eligible 1' is set on object 'Object Repository/Final Object Repo/Page_Update Add New Employee - ASSIST/Employee Name Input'

2018-11-22 21:21:51 - [MESSAGE][PASSED] - Text 'Automate002 eligible 1' is set on object 'Object Repository/Final Object Repo/Page_Update Add New Employee - ASSIST/Employee Name Input'

2018-11-22 21:21:51 - [TEST_STEP][PASSED] - delay: Delayed 2 second(s)

2018-11-22 21:21:53 - [MESSAGE][PASSED] - Delayed 2 second(s)

2018-11-22 21:21:53 - [TEST_STEP][PASSED] - click: Object: 'Object Repository/Final Object Repo/Page_Update Add New Employee - ASSIST/DatePicker Pop Up' is clicked on

2018-11-22 21:21:54 - [MESSAGE][PASSED] - Object: 'Object Repository/Final Object Repo/Page_Update Add New Employee - ASSIST/DatePicker Pop Up' is clicked on

2018-11-22 21:21:54 - [TEST_STEP][PASSED] - click: Object: 'Object Repository/Final Object Repo/Page_Update Add New Employee - ASSIST/DOB Month' is clicked on

2018-11-22 21:21:54 - [MESSAGE][PASSED] - Object: 'Object Repository/Final Object Repo/Page_Update Add New Employee - ASSIST/DOB Month' is clicked on

2018-11-22 21:21:54 - [TEST_STEP][PASSED] - Statement - CurrentMonth = CurrentMonth: null

2018-11-22 21:21:54 - [TEST_STEP][PASSED] - Statement - selectMonth = new com.kms.katalon.core.testobject.TestObject(): null

2018-11-22 21:21:54 - [TEST_STEP][PASSED] - Statement - selectMonth.addProperty("xpath", EQUALS, "//body/div/div/div/select/option[@value='" + CurrentMonth + "']", true): null

2018-11-22 21:21:54 - [TEST_STEP][PASSED] - click: Object: '' is clicked on

2018-11-22 21:21:54 - [MESSAGE][PASSED] - Object: '' is clicked on

2018-11-22 21:21:54 - [TEST_STEP][PASSED] - click: Object: 'Object Repository/Final Object Repo/Page_Update Add New Employee - ASSIST/DOB Year' is clicked on

2018-11-22 21:21:54 - [MESSAGE][PASSED] - Object: 'Object Repository/Final Object Repo/Page_Update Add New Employee - ASSIST/DOB Year' is clicked on

2018-11-22 21:21:54 - [TEST_STEP][PASSED] - Statement - Eyearsbf = EighteenYrsBefore: null

2018-11-22 21:21:54 - [TEST_STEP][PASSED] - Statement - selectYear = new com.kms.katalon.core.testobject.TestObject(): null

2018-11-22 21:21:54 - [TEST_STEP][PASSED] - Statement - selectYear.addProperty("xpath", EQUALS, "//div/div/div/select/option[@value='" + Eyearsbf + "']", true): null

2018-11-22 21:21:54 - [TEST_STEP][PASSED] - click: Object: '' is clicked on

2018-11-22 21:21:54 - [MESSAGE][PASSED] - Object: '' is clicked on

2018-11-22 21:21:54 - [TEST_STEP][PASSED] - Statement - UpdatedSelectDate = com.kms.katalon.core.webui.keyword.WebUiBuiltInKeywords.modifyObjectProperty(com.kms.katalon.core.testobject.ObjectRepository.findTestObject(Final Object Repo/Page_Update Add New Employee - ASSIST/DOB Date), "xpath", "equals", "//body/div/table/tbody/tr/td/a[text()="" + CurrentDate + ""]", true): Modify property of object successfully

2018-11-22 21:21:54 - [MESSAGE][PASSED] - Modify property of object successfully

2018-11-22 21:21:54 - [TEST_STEP][PASSED] - delay: Delayed 3 second(s)

2018-11-22 21:21:57 - [MESSAGE][PASSED] - Delayed 3 second(s)

2018-11-22 21:21:57 - [TEST_STEP][PASSED] - click: Object: 'Object Repository/Final Object Repo/Page_Update Add New Employee - ASSIST/DOB Date' is clicked on

2018-11-22 21:21:58 - [MESSAGE][PASSED] - Object: 'Object Repository/Final Object Repo/Page_Update Add New Employee - ASSIST/DOB Date' is clicked on

2018-11-22 21:21:58 - [TEST_STEP][PASSED] - delay: Delayed 2 second(s)

2018-11-22 21:22:00 - [MESSAGE][PASSED] - Delayed 2 second(s)

2018-11-22 21:22:00 - [TEST_STEP][PASSED] - click: Object: 'Object Repository/Final Object Repo/Page_Update Add New Employee - ASSIST/EmploymentStartDate Pop Up' is clicked on

2018-11-22 21:22:00 - [MESSAGE][PASSED] - Object: 'Object Repository/Final Object Repo/Page_Update Add New Employee - ASSIST/EmploymentStartDate Pop Up' is clicked on

2018-11-22 21:22:00 - [TEST_STEP][PASSED] - delay: Delayed 2 second(s)

2018-11-22 21:22:02 - [MESSAGE][PASSED] - Delayed 2 second(s)

2018-11-22 21:22:02 - [TEST_STEP][PASSED] - click: Object: 'Object Repository/Final Object Repo/Page_Update Add New Employee - ASSIST/Socso Employment StartDate Month' is clicked on

2018-11-22 21:22:02 - [MESSAGE][PASSED] - Object: 'Object Repository/Final Object Repo/Page_Update Add New Employee - ASSIST/Socso Employment StartDate Month' is clicked on

2018-11-22 21:22:02 - [TEST_STEP][PASSED] - delay: Delayed 1 second(s)

2018-11-22 21:22:03 - [MESSAGE][PASSED] - Delayed 1 second(s)

2018-11-22 21:22:03 - [TEST_STEP][PASSED] - click: Object: 'Object Repository/Final Object Repo/Page_Update Add New Employee - ASSIST/Select Socso Employement Startdate Month' is clicked on

2018-11-22 21:22:03 - [MESSAGE][PASSED] - Object: 'Object Repository/Final Object Repo/Page_Update Add New Employee - ASSIST/Select Socso Employement Startdate Month' is clicked on

2018-11-22 21:22:03 - [TEST_STEP][PASSED] - delay: Delayed 2 second(s)

2018-11-22 21:22:05 - [MESSAGE][PASSED] - Delayed 2 second(s)

2018-11-22 21:22:05 - [TEST_STEP][PASSED] - click: Object: 'Object Repository/Final Object Repo/Page_Update Add New Employee - ASSIST/Socso Employment StartDate Year' is clicked on

2018-11-22 21:22:05 - [MESSAGE][PASSED] - Object: 'Object Repository/Final Object Repo/Page_Update Add New Employee - ASSIST/Socso Employment StartDate Year' is clicked on

2018-11-22 21:22:05 - [TEST_STEP][PASSED] - delay: Delayed 1 second(s)

2018-11-22 21:22:06 - [MESSAGE][PASSED] - Delayed 1 second(s)

2018-11-22 21:22:06 - [TEST_STEP][PASSED] - click: Object: 'Object Repository/Final Object Repo/Page_Update Add New Employee - ASSIST/Select Socso Employment Startdate Year' is clicked on

2018-11-22 21:22:06 - [MESSAGE][PASSED] - Object: 'Object Repository/Final Object Repo/Page_Update Add New Employee - ASSIST/Select Socso Employment Startdate Year' is clicked on

2018-11-22 21:22:06 - [TEST_STEP][PASSED] - delay: Delayed 2 second(s)

2018-11-22 21:22:08 - [MESSAGE][PASSED] - Delayed 2 second(s)

2018-11-22 21:22:08 - [TEST_STEP][PASSED] - click: Object: 'Object Repository/Final Object Repo/Page_Update Add New Employee - ASSIST/Socso Employment Start Date Day' is clicked on

2018-11-22 21:22:09 - [MESSAGE][PASSED] - Object: 'Object Repository/Final Object Repo/Page_Update Add New Employee - ASSIST/Socso Employment Start Date Day' is clicked on

2018-11-22 21:22:09 - [TEST_STEP][PASSED] - delay: Delayed 2 second(s)

2018-11-22 21:22:11 - [MESSAGE][PASSED] - Delayed 2 second(s)

2018-11-22 21:22:11 - [TEST_STEP][PASSED] - click: Object: 'Object Repository/Final Object Repo/Page_Update Add New Employee - ASSIST/Save Button for Add Employee' is clicked on

2018-11-22 21:22:11 - [MESSAGE][PASSED] - Object: 'Object Repository/Final Object Repo/Page_Update Add New Employee - ASSIST/Save Button for Add Employee' is clicked on

2018-11-22 21:22:11 - [TEST_STEP][PASSED] - delay: Delayed 20 second(s)

2018-11-22 21:22:31 - [MESSAGE][PASSED] - Delayed 20 second(s)

2018-11-22 21:22:31 - [TEST_STEP][PASSED] - click: Object: 'Object Repository/Final Object Repo/Page_Update Add New Employee - ASSIST/Add Employee Button' is clicked on

2018-11-22 21:22:31 - [MESSAGE][PASSED] - Object: 'Object Repository/Final Object Repo/Page_Update Add New Employee - ASSIST/Add Employee Button' is clicked on

2018-11-22 21:22:31 - [TEST_STEP][PASSED] - delay: Delayed 4 second(s)

2018-11-22 21:22:35 - [MESSAGE][PASSED] - Delayed 4 second(s)

2018-11-22 21:22:35 - [TEST_STEP][PASSED] - Statement - While (com.kms.katalon.core.webui.keyword.WebUiBuiltInKeywords.verifyElementNotVisible(com.kms.katalon.core.testobject.ObjectRepository.findTestObject(Final Object Repo/Page_Update Add New Employee - ASSIST/No Duplicate Employee Cross), OPTIONAL)): Object 'Object Repository/Final Object Repo/Page_Update Add New Employee - ASSIST/No Duplicate Employee Cross' is visible

2018-11-22 21:22:35 - [MESSAGE][PASSED] - Object 'Object Repository/Final Object Repo/Page_Update Add New Employee - ASSIST/No Duplicate Employee Cross' is NOT visible

2018-11-22 21:22:35 - [TEST_STEP][PASSED] - callTestCase: Call Test Case 'Test Cases/Final Aug 2018 - PKS Automation/Common/IC Generator' successfully

2018-11-22 21:22:35 - [TEST_CASE][PASSED] - Test Cases/Final Aug 2018 - PKS Automation/Common/IC Generator: Test Cases/Final Aug 2018 - PKS Automation/Common/IC Generator

2018-11-22 21:22:35 - [TEST_STEP][PASSED] - Statement - rnd = new java.util.Random(): null

2018-11-22 21:22:35 - [TEST_STEP][PASSED] - Statement - snum = rnd.nextInt(899999 + 1) + 100000: null

2018-11-22 21:22:35 - [TEST_STEP][PASSED] - Statement - tnum = rnd.nextInt(899999 + 1) + 100000: null

2018-11-22 21:22:35 - [TEST_STEP][PASSED] - Statement - IC = java.lang.Integer.toString(snum) + java.lang.Integer.toString(tnum): null

2018-11-22 21:22:35 - [TEST_STEP][PASSED] - Statement - ICtoAdd = IC: null

2018-11-22 21:22:35 - [TEST_STEP][PASSED] - Statement - out.println(ICtoAdd): null

2018-11-22 21:22:35 - [MESSAGE][PASSED] - Call Test Case 'Test Cases/Final Aug 2018 - PKS Automation/Common/IC Generator' successfully

2018-11-22 21:22:35 - [TEST_STEP][PASSED] - delay: Delayed 1 second(s)

2018-11-22 21:22:36 - [MESSAGE][PASSED] - Delayed 1 second(s)

2018-11-22 21:22:36 - [TEST_STEP][PASSED] - setText: Text '712111202801' is set on object 'Object Repository/Final Object Repo/Page_Update Add New Employee - ASSIST/NRIC Input'

2018-11-22 21:22:37 - [MESSAGE][PASSED] - Text '712111202801' is set on object 'Object Repository/Final Object Repo/Page_Update Add New Employee - ASSIST/NRIC Input'

2018-11-22 21:22:37 - [TEST_STEP][PASSED] - delay: Delayed 2 second(s)

2018-11-22 21:22:39 - [MESSAGE][PASSED] - Delayed 2 second(s)

2018-11-22 21:22:39 - [TEST_STEP][PASSED] - click: Object: 'Object Repository/Final Object Repo/Page_Update Add New Employee - ASSIST/button for search for IC' is clicked on

2018-11-22 21:22:39 - [MESSAGE][PASSED] - Object: 'Object Repository/Final Object Repo/Page_Update Add New Employee - ASSIST/button for search for IC' is clicked on

2018-11-22 21:22:39 - [TEST_STEP][PASSED] - delay: Object 'Object Repository/Final Object Repo/Page_Update Add New Employee - ASSIST/No Duplicate Employee Cross' is visible

2018-11-22 21:22:40 - [MESSAGE][PASSED] - Delayed 1 second(s)

2018-11-22 21:22:40 - [MESSAGE][WARNING] - Object 'Object Repository/Final Object Repo/Page_Update Add New Employee - ASSIST/No Duplicate Employee Cross' is visible
[[ATTACHMENT|C:\\Users\\Admin\\Desktop\\PKS\\Perkeso Phase A\\Reports\\Workflow\\Update Add New Employee\\20181122_161416\\1542892960315.png]]

2018-11-22 21:22:40 - [TEST_STEP][PASSED] - delay: Delayed 2 second(s)

2018-11-22 21:22:42 - [MESSAGE][PASSED] - Delayed 2 second(s)

2018-11-22 21:22:42 - [TEST_STEP][PASSED] - setText: Text 'Automate002 eligible 2' is set on object 'Object Repository/Final Object Repo/Page_Update Add New Employee - ASSIST/Employee Name Input'

2018-11-22 21:22:43 - [MESSAGE][PASSED] - Text 'Automate002 eligible 2' is set on object 'Object Repository/Final Object Repo/Page_Update Add New Employee - ASSIST/Employee Name Input'

2018-11-22 21:22:43 - [TEST_STEP][PASSED] - delay: Delayed 2 second(s)

2018-11-22 21:22:45 - [MESSAGE][PASSED] - Delayed 2 second(s)

2018-11-22 21:22:45 - [TEST_STEP][PASSED] - click: Object: 'Object Repository/Final Object Repo/Page_Update Add New Employee - ASSIST/DatePicker Pop Up' is clicked on

2018-11-22 21:22:45 - [MESSAGE][PASSED] - Object: 'Object Repository/Final Object Repo/Page_Update Add New Employee - ASSIST/DatePicker Pop Up' is clicked on

2018-11-22 21:22:45 - [TEST_STEP][PASSED] - delay: Delayed 2 second(s)

2018-11-22 21:22:47 - [MESSAGE][PASSED] - Delayed 2 second(s)

2018-11-22 21:22:47 - [TEST_STEP][PASSED] - click: Object: 'Object Repository/Final Object Repo/Page_Update Add New Employee - ASSIST/DOB Month' is clicked on

2018-11-22 21:22:47 - [MESSAGE][PASSED] - Object: 'Object Repository/Final Object Repo/Page_Update Add New Employee - ASSIST/DOB Month' is clicked on

2018-11-22 21:22:47 - [TEST_STEP][PASSED] - Statement - selectMonth = com.kms.katalon.core.webui.keyword.WebUiBuiltInKeywords.modifyObjectProperty(selectMonth, "xpath", "equals", "//body/div/div/div/select/option[@value="" + CurrentMonth + ""]", true): Modify property of object successfully

2018-11-22 21:22:47 - [MESSAGE][PASSED] - Modify property of object successfully

2018-11-22 21:22:47 - [TEST_STEP][PASSED] - click: Object: '' is clicked on

2018-11-22 21:22:47 - [MESSAGE][PASSED] - Object: '' is clicked on

2018-11-22 21:22:47 - [TEST_STEP][PASSED] - click: Object: 'Object Repository/Final Object Repo/Page_Update Add New Employee - ASSIST/DOB Year' is clicked on

2018-11-22 21:22:47 - [MESSAGE][PASSED] - Object: 'Object Repository/Final Object Repo/Page_Update Add New Employee - ASSIST/DOB Year' is clicked on

2018-11-22 21:22:47 - [TEST_STEP][PASSED] - Statement - selectYear = com.kms.katalon.core.webui.keyword.WebUiBuiltInKeywords.modifyObjectProperty(selectYear, "xpath", "equals", "//div/div/div/select/option[@value="" + FiftysevenYrsBefore + ""]", true): Modify property of object successfully

2018-11-22 21:22:47 - [MESSAGE][PASSED] - Modify property of object successfully

2018-11-22 21:22:47 - [TEST_STEP][PASSED] - click: Object: '' is clicked on

2018-11-22 21:22:47 - [MESSAGE][PASSED] - Object: '' is clicked on

2018-11-22 21:22:48 - [TEST_STEP][PASSED] - Statement - UpdatedSelectDate = com.kms.katalon.core.webui.keyword.WebUiBuiltInKeywords.modifyObjectProperty(com.kms.katalon.core.testobject.ObjectRepository.findTestObject(Final Object Repo/Page_Update Add New Employee - ASSIST/DOB Date), "xpath", "equals", "//body/div/table/tbody/tr/td/a[text()="" + OneDayBefore + ""]", true): Modify property of object successfully

2018-11-22 21:22:48 - [MESSAGE][PASSED] - Modify property of object successfully

2018-11-22 21:22:48 - [TEST_STEP][PASSED] - click: Object: 'Object Repository/Final Object Repo/Page_Update Add New Employee - ASSIST/DOB Date' is clicked on

2018-11-22 21:22:48 - [MESSAGE][PASSED] - Object: 'Object Repository/Final Object Repo/Page_Update Add New Employee - ASSIST/DOB Date' is clicked on

2018-11-22 21:22:48 - [TEST_STEP][PASSED] - delay: Delayed 2 second(s)

2018-11-22 21:22:50 - [MESSAGE][PASSED] - Delayed 2 second(s)

2018-11-22 21:22:50 - [TEST_STEP][PASSED] - click: Object: 'Object Repository/Final Object Repo/Page_Update Add New Employee - ASSIST/EmploymentStartDate Pop Up' is clicked on

2018-11-22 21:22:50 - [MESSAGE][PASSED] - Object: 'Object Repository/Final Object Repo/Page_Update Add New Employee - ASSIST/EmploymentStartDate Pop Up' is clicked on

2018-11-22 21:22:50 - [TEST_STEP][PASSED] - delay: Delayed 2 second(s)

2018-11-22 21:22:52 - [MESSAGE][PASSED] - Delayed 2 second(s)

2018-11-22 21:22:52 - [TEST_STEP][PASSED] - click: Object: 'Object Repository/Final Object Repo/Page_Update Add New Employee - ASSIST/Socso Employment StartDate Month' is clicked on

2018-11-22 21:22:52 - [MESSAGE][PASSED] - Object: 'Object Repository/Final Object Repo/Page_Update Add New Employee - ASSIST/Socso Employment StartDate Month' is clicked on

2018-11-22 21:22:52 - [TEST_STEP][PASSED] - delay: Delayed 1 second(s)

2018-11-22 21:22:53 - [MESSAGE][PASSED] - Delayed 1 second(s)

2018-11-22 21:22:53 - [TEST_STEP][PASSED] - click: Object: 'Object Repository/Final Object Repo/Page_Update Add New Employee - ASSIST/Select Socso Employement Startdate Month' is clicked on

2018-11-22 21:22:53 - [MESSAGE][PASSED] - Object: 'Object Repository/Final Object Repo/Page_Update Add New Employee - ASSIST/Select Socso Employement Startdate Month' is clicked on

2018-11-22 21:22:53 - [TEST_STEP][PASSED] - delay: Delayed 2 second(s)

2018-11-22 21:22:55 - [MESSAGE][PASSED] - Delayed 2 second(s)

2018-11-22 21:22:55 - [TEST_STEP][PASSED] - click: Object: 'Object Repository/Final Object Repo/Page_Update Add New Employee - ASSIST/Socso Employment StartDate Year' is clicked on

2018-11-22 21:22:55 - [MESSAGE][PASSED] - Object: 'Object Repository/Final Object Repo/Page_Update Add New Employee - ASSIST/Socso Employment StartDate Year' is clicked on

2018-11-22 21:22:55 - [TEST_STEP][PASSED] - delay: Delayed 1 second(s)

2018-11-22 21:22:56 - [MESSAGE][PASSED] - Delayed 1 second(s)

2018-11-22 21:22:56 - [TEST_STEP][PASSED] - click: Object: 'Object Repository/Final Object Repo/Page_Update Add New Employee - ASSIST/Select Socso Employment Startdate Year' is clicked on

2018-11-22 21:22:57 - [MESSAGE][PASSED] - Object: 'Object Repository/Final Object Repo/Page_Update Add New Employee - ASSIST/Select Socso Employment Startdate Year' is clicked on

2018-11-22 21:22:57 - [TEST_STEP][PASSED] - delay: Delayed 2 second(s)

2018-11-22 21:22:59 - [MESSAGE][PASSED] - Delayed 2 second(s)

2018-11-22 21:22:59 - [TEST_STEP][PASSED] - click: Object: 'Object Repository/Final Object Repo/Page_Update Add New Employee - ASSIST/Socso Employment Start Date Day' is clicked on

2018-11-22 21:22:59 - [MESSAGE][PASSED] - Object: 'Object Repository/Final Object Repo/Page_Update Add New Employee - ASSIST/Socso Employment Start Date Day' is clicked on

2018-11-22 21:22:59 - [TEST_STEP][PASSED] - delay: Delayed 2 second(s)

2018-11-22 21:23:01 - [MESSAGE][PASSED] - Delayed 2 second(s)

2018-11-22 21:23:01 - [TEST_STEP][PASSED] - click: Object: 'Object Repository/Final Object Repo/Page_Update Add New Employee - ASSIST/Save Button for Add Employee' is clicked on

2018-11-22 21:23:01 - [MESSAGE][PASSED] - Object: 'Object Repository/Final Object Repo/Page_Update Add New Employee - ASSIST/Save Button for Add Employee' is clicked on

2018-11-22 21:23:01 - [TEST_STEP][PASSED] - delay: Delayed 20 second(s)

2018-11-22 21:23:21 - [MESSAGE][PASSED] - Delayed 20 second(s)

2018-11-22 21:23:21 - [TEST_STEP][PASSED] - waitForElementClickable: Object 'Object Repository/Final Object Repo/Page_Update Add New Employee - ASSIST/Add Employee Button' is clickable

2018-11-22 21:23:21 - [MESSAGE][PASSED] - Object 'Object Repository/Final Object Repo/Page_Update Add New Employee - ASSIST/Add Employee Button' is clickable

2018-11-22 21:23:21 - [TEST_STEP][PASSED] - click: Object: 'Object Repository/Final Object Repo/Page_Update Add New Employee - ASSIST/Add Employee Button' is clicked on

2018-11-22 21:23:21 - [MESSAGE][PASSED] - Object: 'Object Repository/Final Object Repo/Page_Update Add New Employee - ASSIST/Add Employee Button' is clicked on

2018-11-22 21:23:21 - [TEST_STEP][PASSED] - delay: Delayed 4 second(s)

2018-11-22 21:23:25 - [MESSAGE][PASSED] - Delayed 4 second(s)

2018-11-22 21:23:25 - [TEST_STEP][PASSED] - Statement - While (com.kms.katalon.core.webui.keyword.WebUiBuiltInKeywords.verifyElementNotVisible(com.kms.katalon.core.testobject.ObjectRepository.findTestObject(Final Object Repo/Page_Update Add New Employee - ASSIST/No Duplicate Employee Cross), OPTIONAL)): Object 'Object Repository/Final Object Repo/Page_Update Add New Employee - ASSIST/No Duplicate Employee Cross' is visible

2018-11-22 21:23:25 - [MESSAGE][PASSED] - Object 'Object Repository/Final Object Repo/Page_Update Add New Employee - ASSIST/No Duplicate Employee Cross' is NOT visible

2018-11-22 21:23:25 - [TEST_STEP][PASSED] - callTestCase: Call Test Case 'Test Cases/Final Aug 2018 - PKS Automation/Common/IC Generator' successfully

2018-11-22 21:23:25 - [TEST_CASE][PASSED] - Test Cases/Final Aug 2018 - PKS Automation/Common/IC Generator: Test Cases/Final Aug 2018 - PKS Automation/Common/IC Generator

2018-11-22 21:23:25 - [TEST_STEP][PASSED] - Statement - rnd = new java.util.Random(): null

2018-11-22 21:23:25 - [TEST_STEP][PASSED] - Statement - snum = rnd.nextInt(899999 + 1) + 100000: null

2018-11-22 21:23:25 - [TEST_STEP][PASSED] - Statement - tnum = rnd.nextInt(899999 + 1) + 100000: null

2018-11-22 21:23:25 - [TEST_STEP][PASSED] - Statement - IC = java.lang.Integer.toString(snum) + java.lang.Integer.toString(tnum): null

2018-11-22 21:23:25 - [TEST_STEP][PASSED] - Statement - ICtoAdd = IC: null

2018-11-22 21:23:25 - [TEST_STEP][PASSED] - Statement - out.println(ICtoAdd): null

2018-11-22 21:23:25 - [MESSAGE][PASSED] - Call Test Case 'Test Cases/Final Aug 2018 - PKS Automation/Common/IC Generator' successfully

2018-11-22 21:23:25 - [TEST_STEP][PASSED] - delay: Delayed 1 second(s)

2018-11-22 21:23:26 - [MESSAGE][PASSED] - Delayed 1 second(s)

2018-11-22 21:23:26 - [TEST_STEP][PASSED] - setText: Text '802987288135' is set on object 'Object Repository/Final Object Repo/Page_Update Add New Employee - ASSIST/NRIC Input'

2018-11-22 21:23:27 - [MESSAGE][PASSED] - Text '802987288135' is set on object 'Object Repository/Final Object Repo/Page_Update Add New Employee - ASSIST/NRIC Input'

2018-11-22 21:23:27 - [TEST_STEP][PASSED] - delay: Delayed 2 second(s)

2018-11-22 21:23:29 - [MESSAGE][PASSED] - Delayed 2 second(s)

2018-11-22 21:23:29 - [TEST_STEP][PASSED] - click: Object: 'Object Repository/Final Object Repo/Page_Update Add New Employee - ASSIST/button for search for IC' is clicked on

2018-11-22 21:23:29 - [MESSAGE][PASSED] - Object: 'Object Repository/Final Object Repo/Page_Update Add New Employee - ASSIST/button for search for IC' is clicked on

2018-11-22 21:23:29 - [TEST_STEP][PASSED] - delay: Object 'Object Repository/Final Object Repo/Page_Update Add New Employee - ASSIST/No Duplicate Employee Cross' is visible

2018-11-22 21:23:30 - [MESSAGE][PASSED] - Delayed 1 second(s)

2018-11-22 21:23:30 - [MESSAGE][WARNING] - Object 'Object Repository/Final Object Repo/Page_Update Add New Employee - ASSIST/No Duplicate Employee Cross' is visible
[[ATTACHMENT|C:\\Users\\Admin\\Desktop\\PKS\\Perkeso Phase A\\Reports\\Workflow\\Update Add New Employee\\20181122_161416\\1542893010567.png]]

2018-11-22 21:23:30 - [TEST_STEP][PASSED] - delay: Delayed 2 second(s)

2018-11-22 21:23:32 - [MESSAGE][PASSED] - Delayed 2 second(s)

2018-11-22 21:23:32 - [TEST_STEP][PASSED] - setText: Text 'Automate002 not eligible 1' is set on object 'Object Repository/Final Object Repo/Page_Update Add New Employee - ASSIST/Employee Name Input'

2018-11-22 21:23:33 - [MESSAGE][PASSED] - Text 'Automate002 not eligible 1' is set on object 'Object Repository/Final Object Repo/Page_Update Add New Employee - ASSIST/Employee Name Input'

2018-11-22 21:23:33 - [TEST_STEP][PASSED] - delay: Delayed 2 second(s)

2018-11-22 21:23:35 - [MESSAGE][PASSED] - Delayed 2 second(s)

2018-11-22 21:23:35 - [TEST_STEP][PASSED] - click: Object: 'Object Repository/Final Object Repo/Page_Update Add New Employee - ASSIST/DatePicker Pop Up' is clicked on

2018-11-22 21:23:35 - [MESSAGE][PASSED] - Object: 'Object Repository/Final Object Repo/Page_Update Add New Employee - ASSIST/DatePicker Pop Up' is clicked on

2018-11-22 21:23:35 - [TEST_STEP][PASSED] - delay: Delayed 2 second(s)

2018-11-22 21:23:37 - [MESSAGE][PASSED] - Delayed 2 second(s)

2018-11-22 21:23:37 - [TEST_STEP][PASSED] - click: Object: 'Object Repository/Final Object Repo/Page_Update Add New Employee - ASSIST/DOB Month' is clicked on

2018-11-22 21:23:37 - [MESSAGE][PASSED] - Object: 'Object Repository/Final Object Repo/Page_Update Add New Employee - ASSIST/DOB Month' is clicked on

2018-11-22 21:23:37 - [TEST_STEP][PASSED] - Statement - selectMonth = com.kms.katalon.core.webui.keyword.WebUiBuiltInKeywords.modifyObjectProperty(selectMonth, "xpath", "equals", "//body/div/div/div/select/option[@value="" + CurrentMonth + ""]", true): Modify property of object successfully

2018-11-22 21:23:37 - [MESSAGE][PASSED] - Modify property of object successfully

2018-11-22 21:23:37 - [TEST_STEP][PASSED] - click: Object: '' is clicked on

2018-11-22 21:23:37 - [MESSAGE][PASSED] - Object: '' is clicked on

2018-11-22 21:23:37 - [TEST_STEP][PASSED] - click: Object: 'Object Repository/Final Object Repo/Page_Update Add New Employee - ASSIST/DOB Year' is clicked on

2018-11-22 21:23:38 - [MESSAGE][PASSED] - Object: 'Object Repository/Final Object Repo/Page_Update Add New Employee - ASSIST/DOB Year' is clicked on

2018-11-22 21:23:38 - [TEST_STEP][PASSED] - Statement - selectYear = com.kms.katalon.core.webui.keyword.WebUiBuiltInKeywords.modifyObjectProperty(selectYear, "xpath", "equals", "//div/div/div/select/option[@value="" + EighteenYrsBefore + ""]", true): Modify property of object successfully

2018-11-22 21:23:38 - [MESSAGE][PASSED] - Modify property of object successfully

2018-11-22 21:23:38 - [TEST_STEP][PASSED] - click: Object: '' is clicked on

2018-11-22 21:23:38 - [MESSAGE][PASSED] - Object: '' is clicked on

2018-11-22 21:23:38 - [TEST_STEP][PASSED] - Statement - UpdatedSelectDate = com.kms.katalon.core.webui.keyword.WebUiBuiltInKeywords.modifyObjectProperty(com.kms.katalon.core.testobject.ObjectRepository.findTestObject(Final Object Repo/Page_Update Add New Employee - ASSIST/DOB Date), "xpath", "equals", "//body/div/table/tbody/tr/td/a[text()="" + OneDayBefore + ""]", true): Modify property of object successfully

2018-11-22 21:23:38 - [MESSAGE][PASSED] - Modify property of object successfully

2018-11-22 21:23:38 - [TEST_STEP][PASSED] - click: Object: 'Object Repository/Final Object Repo/Page_Update Add New Employee - ASSIST/DOB Date' is clicked on

2018-11-22 21:23:38 - [MESSAGE][PASSED] - Object: 'Object Repository/Final Object Repo/Page_Update Add New Employee - ASSIST/DOB Date' is clicked on

2018-11-22 21:23:38 - [TEST_STEP][PASSED] - delay: Delayed 2 second(s)

2018-11-22 21:23:40 - [MESSAGE][PASSED] - Delayed 2 second(s)

2018-11-22 21:23:40 - [TEST_STEP][PASSED] - click: Object: 'Object Repository/Final Object Repo/Page_Update Add New Employee - ASSIST/EmploymentStartDate Pop Up' is clicked on

2018-11-22 21:23:40 - [MESSAGE][PASSED] - Object: 'Object Repository/Final Object Repo/Page_Update Add New Employee - ASSIST/EmploymentStartDate Pop Up' is clicked on

2018-11-22 21:23:40 - [TEST_STEP][PASSED] - delay: Delayed 2 second(s)

2018-11-22 21:23:42 - [MESSAGE][PASSED] - Delayed 2 second(s)

2018-11-22 21:23:42 - [TEST_STEP][PASSED] - click: Object: 'Object Repository/Final Object Repo/Page_Update Add New Employee - ASSIST/Socso Employment StartDate Month' is clicked on

2018-11-22 21:23:42 - [MESSAGE][PASSED] - Object: 'Object Repository/Final Object Repo/Page_Update Add New Employee - ASSIST/Socso Employment StartDate Month' is clicked on

2018-11-22 21:23:42 - [TEST_STEP][PASSED] - delay: Delayed 1 second(s)

2018-11-22 21:23:43 - [MESSAGE][PASSED] - Delayed 1 second(s)

2018-11-22 21:23:43 - [TEST_STEP][PASSED] - click: Object: 'Object Repository/Final Object Repo/Page_Update Add New Employee - ASSIST/Select Socso Employement Startdate Month' is clicked on

2018-11-22 21:23:44 - [MESSAGE][PASSED] - Object: 'Object Repository/Final Object Repo/Page_Update Add New Employee - ASSIST/Select Socso Employement Startdate Month' is clicked on

2018-11-22 21:23:44 - [TEST_STEP][PASSED] - delay: Delayed 2 second(s)

2018-11-22 21:23:46 - [MESSAGE][PASSED] - Delayed 2 second(s)

2018-11-22 21:23:46 - [TEST_STEP][PASSED] - click: Object: 'Object Repository/Final Object Repo/Page_Update Add New Employee - ASSIST/Socso Employment StartDate Year' is clicked on

2018-11-22 21:23:46 - [MESSAGE][PASSED] - Object: 'Object Repository/Final Object Repo/Page_Update Add New Employee - ASSIST/Socso Employment StartDate Year' is clicked on

2018-11-22 21:23:46 - [TEST_STEP][PASSED] - delay: Delayed 1 second(s)

2018-11-22 21:23:47 - [MESSAGE][PASSED] - Delayed 1 second(s)

2018-11-22 21:23:47 - [TEST_STEP][PASSED] - click: Object: 'Object Repository/Final Object Repo/Page_Update Add New Employee - ASSIST/Select Socso Employment Startdate Year' is clicked on

2018-11-22 21:23:47 - [MESSAGE][PASSED] - Object: 'Object Repository/Final Object Repo/Page_Update Add New Employee - ASSIST/Select Socso Employment Startdate Year' is clicked on

2018-11-22 21:23:47 - [TEST_STEP][PASSED] - delay: Delayed 2 second(s)

2018-11-22 21:23:49 - [MESSAGE][PASSED] - Delayed 2 second(s)

2018-11-22 21:23:49 - [TEST_STEP][PASSED] - click: Object: 'Object Repository/Final Object Repo/Page_Update Add New Employee - ASSIST/Socso Employment Start Date Day' is clicked on

2018-11-22 21:23:49 - [MESSAGE][PASSED] - Object: 'Object Repository/Final Object Repo/Page_Update Add New Employee - ASSIST/Socso Employment Start Date Day' is clicked on

2018-11-22 21:23:49 - [TEST_STEP][PASSED] - delay: Delayed 2 second(s)

2018-11-22 21:23:51 - [MESSAGE][PASSED] - Delayed 2 second(s)

2018-11-22 21:23:51 - [TEST_STEP][PASSED] - click: Object: 'Object Repository/Final Object Repo/Page_Update Add New Employee - ASSIST/Save Button for Add Employee' is clicked on

2018-11-22 21:23:51 - [MESSAGE][PASSED] - Object: 'Object Repository/Final Object Repo/Page_Update Add New Employee - ASSIST/Save Button for Add Employee' is clicked on

2018-11-22 21:23:51 - [TEST_STEP][PASSED] - delay: Delayed 20 second(s)

2018-11-22 21:24:11 - [MESSAGE][PASSED] - Delayed 20 second(s)

2018-11-22 21:24:11 - [TEST_STEP][PASSED] - click: Object: 'Object Repository/Final Object Repo/Page_Update Add New Employee - ASSIST/Add Employee Button' is clicked on

2018-11-22 21:24:11 - [MESSAGE][PASSED] - Object: 'Object Repository/Final Object Repo/Page_Update Add New Employee - ASSIST/Add Employee Button' is clicked on

2018-11-22 21:24:11 - [TEST_STEP][PASSED] - delay: Delayed 4 second(s)

2018-11-22 21:24:15 - [MESSAGE][PASSED] - Delayed 4 second(s)

2018-11-22 21:24:15 - [TEST_STEP][PASSED] - Statement - While (com.kms.katalon.core.webui.keyword.WebUiBuiltInKeywords.verifyElementNotVisible(com.kms.katalon.core.testobject.ObjectRepository.findTestObject(Final Object Repo/Page_Update Add New Employee - ASSIST/No Duplicate Employee Cross), OPTIONAL)): Object 'Object Repository/Final Object Repo/Page_Update Add New Employee - ASSIST/No Duplicate Employee Cross' is visible

2018-11-22 21:24:16 - [MESSAGE][PASSED] - Object 'Object Repository/Final Object Repo/Page_Update Add New Employee - ASSIST/No Duplicate Employee Cross' is NOT visible

2018-11-22 21:24:16 - [TEST_STEP][PASSED] - callTestCase: Call Test Case 'Test Cases/Final Aug 2018 - PKS Automation/Common/IC Generator' successfully

2018-11-22 21:24:16 - [TEST_CASE][PASSED] - Test Cases/Final Aug 2018 - PKS Automation/Common/IC Generator: Test Cases/Final Aug 2018 - PKS Automation/Common/IC Generator

2018-11-22 21:24:16 - [TEST_STEP][PASSED] - Statement - rnd = new java.util.Random(): null

2018-11-22 21:24:16 - [TEST_STEP][PASSED] - Statement - snum = rnd.nextInt(899999 + 1) + 100000: null

2018-11-22 21:24:16 - [TEST_STEP][PASSED] - Statement - tnum = rnd.nextInt(899999 + 1) + 100000: null

2018-11-22 21:24:16 - [TEST_STEP][PASSED] - Statement - IC = java.lang.Integer.toString(snum) + java.lang.Integer.toString(tnum): null

2018-11-22 21:24:16 - [TEST_STEP][PASSED] - Statement - ICtoAdd = IC: null

2018-11-22 21:24:16 - [TEST_STEP][PASSED] - Statement - out.println(ICtoAdd): null

2018-11-22 21:24:16 - [MESSAGE][PASSED] - Call Test Case 'Test Cases/Final Aug 2018 - PKS Automation/Common/IC Generator' successfully

2018-11-22 21:24:16 - [TEST_STEP][PASSED] - delay: Delayed 1 second(s)

2018-11-22 21:24:17 - [MESSAGE][PASSED] - Delayed 1 second(s)

2018-11-22 21:24:17 - [TEST_STEP][PASSED] - setText: Text '472005104671' is set on object 'Object Repository/Final Object Repo/Page_Update Add New Employee - ASSIST/NRIC Input'

2018-11-22 21:24:17 - [MESSAGE][PASSED] - Text '472005104671' is set on object 'Object Repository/Final Object Repo/Page_Update Add New Employee - ASSIST/NRIC Input'

2018-11-22 21:24:17 - [TEST_STEP][PASSED] - delay: Delayed 2 second(s)

2018-11-22 21:24:19 - [MESSAGE][PASSED] - Delayed 2 second(s)

2018-11-22 21:24:19 - [TEST_STEP][PASSED] - click: Object: 'Object Repository/Final Object Repo/Page_Update Add New Employee - ASSIST/button for search for IC' is clicked on

2018-11-22 21:24:19 - [MESSAGE][PASSED] - Object: 'Object Repository/Final Object Repo/Page_Update Add New Employee - ASSIST/button for search for IC' is clicked on

2018-11-22 21:24:19 - [TEST_STEP][PASSED] - delay: Object 'Object Repository/Final Object Repo/Page_Update Add New Employee - ASSIST/No Duplicate Employee Cross' is visible

2018-11-22 21:24:20 - [MESSAGE][PASSED] - Delayed 1 second(s)

2018-11-22 21:24:21 - [MESSAGE][WARNING] - Object 'Object Repository/Final Object Repo/Page_Update Add New Employee - ASSIST/No Duplicate Employee Cross' is visible
[[ATTACHMENT|C:\\Users\\Admin\\Desktop\\PKS\\Perkeso Phase A\\Reports\\Workflow\\Update Add New Employee\\20181122_161416\\1542893060723.png]]

2018-11-22 21:24:21 - [TEST_STEP][PASSED] - delay: Delayed 2 second(s)

2018-11-22 21:24:23 - [MESSAGE][PASSED] - Delayed 2 second(s)

2018-11-22 21:24:23 - [TEST_STEP][PASSED] - setText: Text 'Automate002 not eligible 2' is set on object 'Object Repository/Final Object Repo/Page_Update Add New Employee - ASSIST/Employee Name Input'

2018-11-22 21:24:23 - [MESSAGE][PASSED] - Text 'Automate002 not eligible 2' is set on object 'Object Repository/Final Object Repo/Page_Update Add New Employee - ASSIST/Employee Name Input'

2018-11-22 21:24:23 - [TEST_STEP][PASSED] - delay: Delayed 2 second(s)

2018-11-22 21:24:25 - [MESSAGE][PASSED] - Delayed 2 second(s)

2018-11-22 21:24:25 - [TEST_STEP][PASSED] - click: Object: 'Object Repository/Final Object Repo/Page_Update Add New Employee - ASSIST/DatePicker Pop Up' is clicked on

2018-11-22 21:24:25 - [MESSAGE][PASSED] - Object: 'Object Repository/Final Object Repo/Page_Update Add New Employee - ASSIST/DatePicker Pop Up' is clicked on

2018-11-22 21:24:25 - [TEST_STEP][PASSED] - delay: Delayed 2 second(s)

2018-11-22 21:24:27 - [MESSAGE][PASSED] - Delayed 2 second(s)

2018-11-22 21:24:27 - [TEST_STEP][PASSED] - click: Object: 'Object Repository/Final Object Repo/Page_Update Add New Employee - ASSIST/DOB Month' is clicked on

2018-11-22 21:24:28 - [MESSAGE][PASSED] - Object: 'Object Repository/Final Object Repo/Page_Update Add New Employee - ASSIST/DOB Month' is clicked on

2018-11-22 21:24:28 - [TEST_STEP][PASSED] - Statement - selectMonth = com.kms.katalon.core.webui.keyword.WebUiBuiltInKeywords.modifyObjectProperty(selectMonth, "xpath", "equals", "//body/div/div/div/select/option[@value="" + CurrentMonth + ""]", true): Modify property of object successfully

2018-11-22 21:24:28 - [MESSAGE][PASSED] - Modify property of object successfully

2018-11-22 21:24:28 - [TEST_STEP][PASSED] - click: Object: '' is clicked on

2018-11-22 21:24:28 - [MESSAGE][PASSED] - Object: '' is clicked on

2018-11-22 21:24:28 - [TEST_STEP][PASSED] - click: Object: 'Object Repository/Final Object Repo/Page_Update Add New Employee - ASSIST/DOB Year' is clicked on

2018-11-22 21:24:28 - [MESSAGE][PASSED] - Object: 'Object Repository/Final Object Repo/Page_Update Add New Employee - ASSIST/DOB Year' is clicked on

2018-11-22 21:24:28 - [TEST_STEP][PASSED] - Statement - selectYear = com.kms.katalon.core.webui.keyword.WebUiBuiltInKeywords.modifyObjectProperty(selectYear, "xpath", "equals", "//div/div/div/select/option[@value="" + FiftysevenYrsBefore + ""]", true): Modify property of object successfully

2018-11-22 21:24:28 - [MESSAGE][PASSED] - Modify property of object successfully

2018-11-22 21:24:28 - [TEST_STEP][PASSED] - click: Object: '' is clicked on

2018-11-22 21:24:28 - [MESSAGE][PASSED] - Object: '' is clicked on

2018-11-22 21:24:28 - [TEST_STEP][PASSED] - Statement - UpdatedSelectDate = com.kms.katalon.core.webui.keyword.WebUiBuiltInKeywords.modifyObjectProperty(com.kms.katalon.core.testobject.ObjectRepository.findTestObject(Final Object Repo/Page_Update Add New Employee - ASSIST/DOB Date), "xpath", "equals", "//body/div/table/tbody/tr/td/a[text()="" + CurrentDate + ""]", true): Modify property of object successfully

2018-11-22 21:24:28 - [MESSAGE][PASSED] - Modify property of object successfully

2018-11-22 21:24:28 - [TEST_STEP][PASSED] - click: Object: 'Object Repository/Final Object Repo/Page_Update Add New Employee - ASSIST/DOB Date' is clicked on

2018-11-22 21:24:28 - [MESSAGE][PASSED] - Object: 'Object Repository/Final Object Repo/Page_Update Add New Employee - ASSIST/DOB Date' is clicked on

2018-11-22 21:24:28 - [TEST_STEP][PASSED] - click: Object: 'Object Repository/Final Object Repo/Page_Update Add New Employee - ASSIST/EmploymentStartDate Pop Up' is clicked on

2018-11-22 21:24:28 - [MESSAGE][PASSED] - Object: 'Object Repository/Final Object Repo/Page_Update Add New Employee - ASSIST/EmploymentStartDate Pop Up' is clicked on

2018-11-22 21:24:28 - [TEST_STEP][PASSED] - delay: Delayed 2 second(s)

2018-11-22 21:24:30 - [MESSAGE][PASSED] - Delayed 2 second(s)

2018-11-22 21:24:30 - [TEST_STEP][PASSED] - click: Object: 'Object Repository/Final Object Repo/Page_Update Add New Employee - ASSIST/Socso Employment StartDate Month' is clicked on

2018-11-22 21:24:31 - [MESSAGE][PASSED] - Object: 'Object Repository/Final Object Repo/Page_Update Add New Employee - ASSIST/Socso Employment StartDate Month' is clicked on

2018-11-22 21:24:31 - [TEST_STEP][PASSED] - delay: Delayed 1 second(s)

2018-11-22 21:24:32 - [MESSAGE][PASSED] - Delayed 1 second(s)

2018-11-22 21:24:32 - [TEST_STEP][PASSED] - click: Object: 'Object Repository/Final Object Repo/Page_Update Add New Employee - ASSIST/Select Socso Employement Startdate Month' is clicked on

2018-11-22 21:24:32 - [MESSAGE][PASSED] - Object: 'Object Repository/Final Object Repo/Page_Update Add New Employee - ASSIST/Select Socso Employement Startdate Month' is clicked on

2018-11-22 21:24:32 - [TEST_STEP][PASSED] - delay: Delayed 2 second(s)

2018-11-22 21:24:34 - [MESSAGE][PASSED] - Delayed 2 second(s)

2018-11-22 21:24:34 - [TEST_STEP][PASSED] - click: Object: 'Object Repository/Final Object Repo/Page_Update Add New Employee - ASSIST/Socso Employment StartDate Year' is clicked on

2018-11-22 21:24:34 - [MESSAGE][PASSED] - Object: 'Object Repository/Final Object Repo/Page_Update Add New Employee - ASSIST/Socso Employment StartDate Year' is clicked on

2018-11-22 21:24:34 - [TEST_STEP][PASSED] - delay: Delayed 1 second(s)

2018-11-22 21:24:35 - [MESSAGE][PASSED] - Delayed 1 second(s)

2018-11-22 21:24:35 - [TEST_STEP][PASSED] - click: Object: 'Object Repository/Final Object Repo/Page_Update Add New Employee - ASSIST/Select Socso Employment Startdate Year' is clicked on

2018-11-22 21:24:35 - [MESSAGE][PASSED] - Object: 'Object Repository/Final Object Repo/Page_Update Add New Employee - ASSIST/Select Socso Employment Startdate Year' is clicked on

2018-11-22 21:24:35 - [TEST_STEP][PASSED] - delay: Delayed 2 second(s)

2018-11-22 21:24:37 - [MESSAGE][PASSED] - Delayed 2 second(s)

2018-11-22 21:24:37 - [TEST_STEP][PASSED] - click: Object: 'Object Repository/Final Object Repo/Page_Update Add New Employee - ASSIST/Socso Employment Start Date Day' is clicked on

2018-11-22 21:24:37 - [MESSAGE][PASSED] - Object: 'Object Repository/Final Object Repo/Page_Update Add New Employee - ASSIST/Socso Employment Start Date Day' is clicked on

2018-11-22 21:24:37 - [TEST_STEP][PASSED] - delay: Delayed 2 second(s)

2018-11-22 21:24:39 - [MESSAGE][PASSED] - Delayed 2 second(s)

2018-11-22 21:24:39 - [TEST_STEP][PASSED] - click: Object: 'Object Repository/Final Object Repo/Page_Update Add New Employee - ASSIST/Save Button for Add Employee' is clicked on

2018-11-22 21:24:39 - [MESSAGE][PASSED] - Object: 'Object Repository/Final Object Repo/Page_Update Add New Employee - ASSIST/Save Button for Add Employee' is clicked on

2018-11-22 21:24:39 - [MESSAGE][PASSED] - Call Test Case 'Test Cases/Final Aug 2018 - PKS Automation/Registration Module/Workflow/Update Add New Employee/Template/Employee Adding/Employee Adding Action No Repeat IC' successfully

2018-11-22 21:24:39 - [TEST_STEP][PASSED] - delay: Delayed 4 second(s)

2018-11-22 21:24:43 - [MESSAGE][PASSED] - Delayed 4 second(s)

2018-11-22 21:24:43 - [TEST_STEP][PASSED] - Statement - CaseReferenceNo = com.kms.katalon.core.webui.keyword.WebUiBuiltInKeywords.getText(com.kms.katalon.core.testobject.ObjectRepository.findTestObject(Final Object Repo/Page_Update Add New Employee - ASSIST/RefNo)): Text of object 'Object Repository/Final Object Repo/Page_Update Add New Employee - ASSIST/RefNo' is: 'CAN11201800002158'

2018-11-22 21:24:44 - [MESSAGE][PASSED] - Text of object 'Object Repository/Final Object Repo/Page_Update Add New Employee - ASSIST/RefNo' is: 'CAN11201800002158'

2018-11-22 21:24:44 - [TEST_STEP][PASSED] - callTestCase: Call Test Case 'Test Cases/Final Aug 2018 - PKS Automation/Common/Reference Number Setter' successfully

2018-11-22 21:24:44 - [TEST_CASE][PASSED] - Test Cases/Final Aug 2018 - PKS Automation/Common/Reference Number Setter: Test Cases/Final Aug 2018 - PKS Automation/Common/Reference Number Setter

2018-11-22 21:24:44 - [TEST_STEP][PASSED] - Statement - RefNoOldFile = new java.io.File(C://Users//Admin//Desktop//PKS//Automation Reference Point//KatalonReference.txt): null

2018-11-22 21:24:44 - [TEST_STEP][PASSED] - Statement - RefNoOldFile.delete(): null

2018-11-22 21:24:44 - [TEST_STEP][PASSED] - delay: Delayed 5 second(s)

2018-11-22 21:24:49 - [MESSAGE][PASSED] - Delayed 5 second(s)

2018-11-22 21:24:49 - [TEST_STEP][PASSED] - Statement - RefNo = new java.io.File(C://Users//Admin//Desktop//PKS//Automation Reference Point//KatalonReference.txt): null

2018-11-22 21:24:49 - [TEST_STEP][PASSED] - Statement - f2 = new java.io.FileWriter(RefNo, false): null

2018-11-22 21:24:49 - [TEST_STEP][PASSED] - Statement - f2.write(CaseReferenceNo): null

2018-11-22 21:24:49 - [TEST_STEP][PASSED] - Statement - f2.close(): null

2018-11-22 21:24:49 - [TEST_STEP][PASSED] - Statement - out.println("


" + CaseReferenceNo + "


"): null

2018-11-22 21:24:49 - [MESSAGE][PASSED] - Call Test Case 'Test Cases/Final Aug 2018 - PKS Automation/Common/Reference Number Setter' successfully

2018-11-22 21:24:49 - [TEST_STEP][PASSED] - delay: Delayed 5 second(s)

2018-11-22 21:24:54 - [MESSAGE][PASSED] - Delayed 5 second(s)

2018-11-22 21:24:54 - [TEST_STEP][PASSED] - click: Object: 'Object Repository/Final Object Repo/Page_Update Add New Employee - ASSIST/Incomplete Checkbox' is clicked on

2018-11-22 21:24:54 - [MESSAGE][PASSED] - Object: 'Object Repository/Final Object Repo/Page_Update Add New Employee - ASSIST/Incomplete Checkbox' is clicked on

2018-11-22 21:24:54 - [TEST_STEP][PASSED] - delay: Delayed 2 second(s)

2018-11-22 21:24:56 - [MESSAGE][PASSED] - Delayed 2 second(s)

2018-11-22 21:24:56 - [TEST_STEP][PASSED] - click: Object: 'Object Repository/Final Object Repo/Page_Update Add New Employee - ASSIST/Save  Continue Button' is clicked on

2018-11-22 21:24:56 - [MESSAGE][PASSED] - Object: 'Object Repository/Final Object Repo/Page_Update Add New Employee - ASSIST/Save  Continue Button' is clicked on

2018-11-22 21:24:56 - [TEST_STEP][PASSED] - delay: Delayed 4 second(s)

2018-11-22 21:25:00 - [MESSAGE][PASSED] - Delayed 4 second(s)

2018-11-22 21:25:00 - [TEST_STEP][PASSED] - click: Object: 'Object Repository/Final Object Repo/Page_Update Add New Employee - ASSIST/Save  Continue Third Screen' is clicked on

2018-11-22 21:25:03 - [MESSAGE][PASSED] - Object: 'Object Repository/Final Object Repo/Page_Update Add New Employee - ASSIST/Save  Continue Third Screen' is clicked on

2018-11-22 21:25:03 - [TEST_STEP][PASSED] - delay: Delayed 4 second(s)

2018-11-22 21:25:07 - [MESSAGE][PASSED] - Delayed 4 second(s)

2018-11-22 21:25:07 - [TEST_STEP][PASSED] - click: Object: 'Object Repository/Final Object Repo/Page_Update Add New Employee - ASSIST/Save   Continue Supporting Doc Page' is clicked on

2018-11-22 21:25:08 - [MESSAGE][PASSED] - Object: 'Object Repository/Final Object Repo/Page_Update Add New Employee - ASSIST/Save   Continue Supporting Doc Page' is clicked on

2018-11-22 21:25:08 - [TEST_STEP][PASSED] - delay: Delayed 4 second(s)

2018-11-22 21:25:12 - [MESSAGE][PASSED] - Delayed 4 second(s)

2018-11-22 21:25:12 - [TEST_STEP][PASSED] - click: Object: 'Object Repository/Final Object Repo/Page_Update Add New Employee - ASSIST/Submit Button' is clicked on

2018-11-22 21:25:12 - [MESSAGE][PASSED] - Object: 'Object Repository/Final Object Repo/Page_Update Add New Employee - ASSIST/Submit Button' is clicked on

2018-11-22 21:25:12 - [TEST_STEP][PASSED] - delay: Delayed 4 second(s)

2018-11-22 21:25:16 - [MESSAGE][PASSED] - Delayed 4 second(s)

2018-11-22 21:25:16 - [TEST_STEP][PASSED] - click: Object: 'Object Repository/Final Object Repo/Page_Update Add New Employee - ASSIST/Confirm Submit Button' is clicked on

2018-11-22 21:25:16 - [MESSAGE][PASSED] - Object: 'Object Repository/Final Object Repo/Page_Update Add New Employee - ASSIST/Confirm Submit Button' is clicked on

2018-11-22 21:25:16 - [TEST_STEP][PASSED] - delay: Delayed 30 second(s)

2018-11-22 21:25:46 - [MESSAGE][PASSED] - Delayed 30 second(s)

2018-11-22 21:25:46 - [TEST_STEP][PASSED] - callTestCase: Call Test Case 'Test Cases/Final Aug 2018 - PKS Automation/Common/Screenshoting tool' successfully

2018-11-22 21:25:46 - [TEST_CASE][PASSED] - Test Cases/Final Aug 2018 - PKS Automation/Common/Screenshoting tool: Test Cases/Final Aug 2018 - PKS Automation/Common/Screenshoting tool

2018-11-22 21:25:47 - [TEST_STEP][PASSED] - delay: Delayed 15 second(s)

2018-11-22 21:26:02 - [MESSAGE][PASSED] - Delayed 15 second(s)

2018-11-22 21:26:02 - [TEST_STEP][PASSED] - Statement - driver = com.kms.katalon.core.webui.driver.DriverFactory.getWebDriver(): null

2018-11-22 21:26:02 - [TEST_STEP][PASSED] - Statement - driver.manage().timeouts().implicitlyWait(10, SECONDS): null

2018-11-22 21:26:02 - [TEST_STEP][PASSED] - Statement - PresavePath = KatalonScreenshots: null

2018-11-22 21:26:02 - [TEST_STEP][PASSED] - Statement - pathPrefix = "C:\Users\Public\Pictures\Sample Pictures\Katalon Screenshots\Automate Ending Screen": null

2018-11-22 21:26:02 - [TEST_STEP][PASSED] - Statement - finalPath = <not implemented yet for class: org.codehaus.groovy.ast.expr.EmptyExpression>: null

2018-11-22 21:26:02 - [TEST_STEP][PASSED] - Statement - scrFile = driver.getScreenshotAs(FILE): null

2018-11-22 21:26:02 - [TEST_STEP][PASSED] - Statement - PreSaveFile = new java.io.File(PresavePath): null

2018-11-22 21:26:02 - [TEST_STEP][PASSED] - Statement - counter = 0: null

2018-11-22 21:26:02 - [TEST_STEP][PASSED] - Statement - If (PreSaveFile.exists()): null

2018-11-22 21:26:02 - [TEST_STEP][PASSED] - Statement - While (PreSaveFile.exists()): null

2018-11-22 21:26:02 - [TEST_STEP][PASSED] - Statement - counter = counter + 1: null

2018-11-22 21:26:02 - [TEST_STEP][PASSED] - Statement - PreSaveFile = new java.io.File(((pathPrefix + java.lang.Integer.toString(counter)) + .png)): null

2018-11-22 21:26:02 - [TEST_STEP][PASSED] - Statement - counter = counter + 1: null

2018-11-22 21:26:02 - [TEST_STEP][PASSED] - Statement - PreSaveFile = new java.io.File(((pathPrefix + java.lang.Integer.toString(counter)) + .png)): null

2018-11-22 21:26:02 - [TEST_STEP][PASSED] - Statement - counter = counter + 1: null

2018-11-22 21:26:02 - [TEST_STEP][PASSED] - Statement - PreSaveFile = new java.io.File(((pathPrefix + java.lang.Integer.toString(counter)) + .png)): null

2018-11-22 21:26:02 - [TEST_STEP][PASSED] - Statement - counter = counter + 1: null

2018-11-22 21:26:02 - [TEST_STEP][PASSED] - Statement - PreSaveFile = new java.io.File(((pathPrefix + java.lang.Integer.toString(counter)) + .png)): null

2018-11-22 21:26:02 - [TEST_STEP][PASSED] - Statement - counter = counter + 1: null

2018-11-22 21:26:02 - [TEST_STEP][PASSED] - Statement - PreSaveFile = new java.io.File(((pathPrefix + java.lang.Integer.toString(counter)) + .png)): null

2018-11-22 21:26:02 - [TEST_STEP][PASSED] - Statement - counter = counter + 1: null

2018-11-22 21:26:02 - [TEST_STEP][PASSED] - Statement - PreSaveFile = new java.io.File(((pathPrefix + java.lang.Integer.toString(counter)) + .png)): null

2018-11-22 21:26:02 - [TEST_STEP][PASSED] - Statement - counter = counter + 1: null

2018-11-22 21:26:02 - [TEST_STEP][PASSED] - Statement - PreSaveFile = new java.io.File(((pathPrefix + java.lang.Integer.toString(counter)) + .png)): null

2018-11-22 21:26:02 - [TEST_STEP][PASSED] - Statement - counter = counter + 1: null

2018-11-22 21:26:02 - [TEST_STEP][PASSED] - Statement - PreSaveFile = new java.io.File(((pathPrefix + java.lang.Integer.toString(counter)) + .png)): null

2018-11-22 21:26:02 - [TEST_STEP][PASSED] - Statement - counter = counter + 1: null

2018-11-22 21:26:02 - [TEST_STEP][PASSED] - Statement - PreSaveFile = new java.io.File(((pathPrefix + java.lang.Integer.toString(counter)) + .png)): null

2018-11-22 21:26:02 - [TEST_STEP][PASSED] - Statement - counter = counter + 1: null

2018-11-22 21:26:02 - [TEST_STEP][PASSED] - Statement - PreSaveFile = new java.io.File(((pathPrefix + java.lang.Integer.toString(counter)) + .png)): null

2018-11-22 21:26:02 - [TEST_STEP][PASSED] - Statement - counter = counter + 1: null

2018-11-22 21:26:02 - [TEST_STEP][PASSED] - Statement - PreSaveFile = new java.io.File(((pathPrefix + java.lang.Integer.toString(counter)) + .png)): null

2018-11-22 21:26:02 - [TEST_STEP][PASSED] - Statement - counter = counter + 1: null

2018-11-22 21:26:02 - [TEST_STEP][PASSED] - Statement - PreSaveFile = new java.io.File(((pathPrefix + java.lang.Integer.toString(counter)) + .png)): null

2018-11-22 21:26:02 - [TEST_STEP][PASSED] - Statement - counter = counter + 1: null

2018-11-22 21:26:02 - [TEST_STEP][PASSED] - Statement - PreSaveFile = new java.io.File(((pathPrefix + java.lang.Integer.toString(counter)) + .png)): null

2018-11-22 21:26:02 - [TEST_STEP][PASSED] - Statement - counter = counter + 1: null

2018-11-22 21:26:02 - [TEST_STEP][PASSED] - Statement - PreSaveFile = new java.io.File(((pathPrefix + java.lang.Integer.toString(counter)) + .png)): null

2018-11-22 21:26:02 - [TEST_STEP][PASSED] - Statement - counter = counter + 1: null

2018-11-22 21:26:02 - [TEST_STEP][PASSED] - Statement - PreSaveFile = new java.io.File(((pathPrefix + java.lang.Integer.toString(counter)) + .png)): null

2018-11-22 21:26:02 - [TEST_STEP][PASSED] - Statement - counter = counter + 1: null

2018-11-22 21:26:02 - [TEST_STEP][PASSED] - Statement - PreSaveFile = new java.io.File(((pathPrefix + java.lang.Integer.toString(counter)) + .png)): null

2018-11-22 21:26:02 - [TEST_STEP][PASSED] - Statement - counter = counter + 1: null

2018-11-22 21:26:02 - [TEST_STEP][PASSED] - Statement - PreSaveFile = new java.io.File(((pathPrefix + java.lang.Integer.toString(counter)) + .png)): null

2018-11-22 21:26:02 - [TEST_STEP][PASSED] - Statement - counter = counter + 1: null

2018-11-22 21:26:02 - [TEST_STEP][PASSED] - Statement - PreSaveFile = new java.io.File(((pathPrefix + java.lang.Integer.toString(counter)) + .png)): null

2018-11-22 21:26:02 - [TEST_STEP][PASSED] - Statement - counter = counter + 1: null

2018-11-22 21:26:02 - [TEST_STEP][PASSED] - Statement - PreSaveFile = new java.io.File(((pathPrefix + java.lang.Integer.toString(counter)) + .png)): null

2018-11-22 21:26:02 - [TEST_STEP][PASSED] - Statement - counter = counter + 1: null

2018-11-22 21:26:02 - [TEST_STEP][PASSED] - Statement - PreSaveFile = new java.io.File(((pathPrefix + java.lang.Integer.toString(counter)) + .png)): null

2018-11-22 21:26:02 - [TEST_STEP][PASSED] - Statement - counter = counter + 1: null

2018-11-22 21:26:02 - [TEST_STEP][PASSED] - Statement - PreSaveFile = new java.io.File(((pathPrefix + java.lang.Integer.toString(counter)) + .png)): null

2018-11-22 21:26:02 - [TEST_STEP][PASSED] - Statement - counter = counter + 1: null

2018-11-22 21:26:02 - [TEST_STEP][PASSED] - Statement - PreSaveFile = new java.io.File(((pathPrefix + java.lang.Integer.toString(counter)) + .png)): null

2018-11-22 21:26:02 - [TEST_STEP][PASSED] - Statement - counter = counter + 1: null

2018-11-22 21:26:02 - [TEST_STEP][PASSED] - Statement - PreSaveFile = new java.io.File(((pathPrefix + java.lang.Integer.toString(counter)) + .png)): null

2018-11-22 21:26:02 - [TEST_STEP][PASSED] - Statement - counter = counter + 1: null

2018-11-22 21:26:02 - [TEST_STEP][PASSED] - Statement - PreSaveFile = new java.io.File(((pathPrefix + java.lang.Integer.toString(counter)) + .png)): null

2018-11-22 21:26:02 - [TEST_STEP][PASSED] - Statement - counter = counter + 1: null

2018-11-22 21:26:02 - [TEST_STEP][PASSED] - Statement - PreSaveFile = new java.io.File(((pathPrefix + java.lang.Integer.toString(counter)) + .png)): null

2018-11-22 21:26:02 - [TEST_STEP][PASSED] - Statement - counter = counter + 1: null

2018-11-22 21:26:02 - [TEST_STEP][PASSED] - Statement - PreSaveFile = new java.io.File(((pathPrefix + java.lang.Integer.toString(counter)) + .png)): null

2018-11-22 21:26:02 - [TEST_STEP][PASSED] - Statement - counter = counter + 1: null

2018-11-22 21:26:02 - [TEST_STEP][PASSED] - Statement - PreSaveFile = new java.io.File(((pathPrefix + java.lang.Integer.toString(counter)) + .png)): null

2018-11-22 21:26:02 - [TEST_STEP][PASSED] - Statement - counter = counter + 1: null

2018-11-22 21:26:02 - [TEST_STEP][PASSED] - Statement - PreSaveFile = new java.io.File(((pathPrefix + java.lang.Integer.toString(counter)) + .png)): null

2018-11-22 21:26:02 - [TEST_STEP][PASSED] - Statement - counter = counter + 1: null

2018-11-22 21:26:02 - [TEST_STEP][PASSED] - Statement - PreSaveFile = new java.io.File(((pathPrefix + java.lang.Integer.toString(counter)) + .png)): null

2018-11-22 21:26:02 - [TEST_STEP][PASSED] - Statement - counter = counter + 1: null

2018-11-22 21:26:02 - [TEST_STEP][PASSED] - Statement - PreSaveFile = new java.io.File(((pathPrefix + java.lang.Integer.toString(counter)) + .png)): null

2018-11-22 21:26:02 - [TEST_STEP][PASSED] - Statement - counter = counter + 1: null

2018-11-22 21:26:02 - [TEST_STEP][PASSED] - Statement - PreSaveFile = new java.io.File(((pathPrefix + java.lang.Integer.toString(counter)) + .png)): null

2018-11-22 21:26:02 - [TEST_STEP][PASSED] - Statement - counter = counter + 1: null

2018-11-22 21:26:02 - [TEST_STEP][PASSED] - Statement - PreSaveFile = new java.io.File(((pathPrefix + java.lang.Integer.toString(counter)) + .png)): null

2018-11-22 21:26:02 - [TEST_STEP][PASSED] - Statement - counter = counter + 1: null

2018-11-22 21:26:02 - [TEST_STEP][PASSED] - Statement - PreSaveFile = new java.io.File(((pathPrefix + java.lang.Integer.toString(counter)) + .png)): null

2018-11-22 21:26:02 - [TEST_STEP][PASSED] - Statement - counter = counter + 1: null

2018-11-22 21:26:02 - [TEST_STEP][PASSED] - Statement - PreSaveFile = new java.io.File(((pathPrefix + java.lang.Integer.toString(counter)) + .png)): null

2018-11-22 21:26:02 - [TEST_STEP][PASSED] - Statement - counter = counter + 1: null

2018-11-22 21:26:02 - [TEST_STEP][PASSED] - Statement - PreSaveFile = new java.io.File(((pathPrefix + java.lang.Integer.toString(counter)) + .png)): null

2018-11-22 21:26:02 - [TEST_STEP][PASSED] - Statement - counter = counter + 1: null

2018-11-22 21:26:02 - [TEST_STEP][PASSED] - Statement - PreSaveFile = new java.io.File(((pathPrefix + java.lang.Integer.toString(counter)) + .png)): null

2018-11-22 21:26:02 - [TEST_STEP][PASSED] - Statement - counter = counter + 1: null

2018-11-22 21:26:02 - [TEST_STEP][PASSED] - Statement - PreSaveFile = new java.io.File(((pathPrefix + java.lang.Integer.toString(counter)) + .png)): null

2018-11-22 21:26:02 - [TEST_STEP][PASSED] - Statement - counter = counter + 1: null

2018-11-22 21:26:02 - [TEST_STEP][PASSED] - Statement - PreSaveFile = new java.io.File(((pathPrefix + java.lang.Integer.toString(counter)) + .png)): null

2018-11-22 21:26:02 - [TEST_STEP][PASSED] - Statement - counter = counter + 1: null

2018-11-22 21:26:02 - [TEST_STEP][PASSED] - Statement - PreSaveFile = new java.io.File(((pathPrefix + java.lang.Integer.toString(counter)) + .png)): null

2018-11-22 21:26:02 - [TEST_STEP][PASSED] - Statement - counter = counter + 1: null

2018-11-22 21:26:02 - [TEST_STEP][PASSED] - Statement - PreSaveFile = new java.io.File(((pathPrefix + java.lang.Integer.toString(counter)) + .png)): null

2018-11-22 21:26:02 - [TEST_STEP][PASSED] - Statement - counter = counter + 1: null

2018-11-22 21:26:02 - [TEST_STEP][PASSED] - Statement - PreSaveFile = new java.io.File(((pathPrefix + java.lang.Integer.toString(counter)) + .png)): null

2018-11-22 21:26:02 - [TEST_STEP][PASSED] - Statement - counter = counter + 1: null

2018-11-22 21:26:02 - [TEST_STEP][PASSED] - Statement - PreSaveFile = new java.io.File(((pathPrefix + java.lang.Integer.toString(counter)) + .png)): null

2018-11-22 21:26:02 - [TEST_STEP][PASSED] - Statement - counter = counter + 1: null

2018-11-22 21:26:02 - [TEST_STEP][PASSED] - Statement - PreSaveFile = new java.io.File(((pathPrefix + java.lang.Integer.toString(counter)) + .png)): null

2018-11-22 21:26:02 - [TEST_STEP][PASSED] - Statement - counter = counter + 1: null

2018-11-22 21:26:02 - [TEST_STEP][PASSED] - Statement - PreSaveFile = new java.io.File(((pathPrefix + java.lang.Integer.toString(counter)) + .png)): null

2018-11-22 21:26:02 - [TEST_STEP][PASSED] - Statement - counter = counter + 1: null

2018-11-22 21:26:02 - [TEST_STEP][PASSED] - Statement - PreSaveFile = new java.io.File(((pathPrefix + java.lang.Integer.toString(counter)) + .png)): null

2018-11-22 21:26:02 - [TEST_STEP][PASSED] - Statement - counter = counter + 1: null

2018-11-22 21:26:02 - [TEST_STEP][PASSED] - Statement - PreSaveFile = new java.io.File(((pathPrefix + java.lang.Integer.toString(counter)) + .png)): null

2018-11-22 21:26:02 - [TEST_STEP][PASSED] - Statement - counter = counter + 1: null

2018-11-22 21:26:02 - [TEST_STEP][PASSED] - Statement - PreSaveFile = new java.io.File(((pathPrefix + java.lang.Integer.toString(counter)) + .png)): null

2018-11-22 21:26:02 - [TEST_STEP][PASSED] - Statement - counter = counter + 1: null

2018-11-22 21:26:02 - [TEST_STEP][PASSED] - Statement - PreSaveFile = new java.io.File(((pathPrefix + java.lang.Integer.toString(counter)) + .png)): null

2018-11-22 21:26:02 - [TEST_STEP][PASSED] - Statement - counter = counter + 1: null

2018-11-22 21:26:02 - [TEST_STEP][PASSED] - Statement - PreSaveFile = new java.io.File(((pathPrefix + java.lang.Integer.toString(counter)) + .png)): null

2018-11-22 21:26:02 - [TEST_STEP][PASSED] - Statement - counter = counter + 1: null

2018-11-22 21:26:02 - [TEST_STEP][PASSED] - Statement - PreSaveFile = new java.io.File(((pathPrefix + java.lang.Integer.toString(counter)) + .png)): null

2018-11-22 21:26:02 - [TEST_STEP][PASSED] - Statement - counter = counter + 1: null

2018-11-22 21:26:02 - [TEST_STEP][PASSED] - Statement - PreSaveFile = new java.io.File(((pathPrefix + java.lang.Integer.toString(counter)) + .png)): null

2018-11-22 21:26:02 - [TEST_STEP][PASSED] - Statement - counter = counter + 1: null

2018-11-22 21:26:02 - [TEST_STEP][PASSED] - Statement - PreSaveFile = new java.io.File(((pathPrefix + java.lang.Integer.toString(counter)) + .png)): null

2018-11-22 21:26:02 - [TEST_STEP][PASSED] - Statement - counter = counter + 1: null

2018-11-22 21:26:02 - [TEST_STEP][PASSED] - Statement - PreSaveFile = new java.io.File(((pathPrefix + java.lang.Integer.toString(counter)) + .png)): null

2018-11-22 21:26:02 - [TEST_STEP][PASSED] - Statement - counter = counter + 1: null

2018-11-22 21:26:02 - [TEST_STEP][PASSED] - Statement - PreSaveFile = new java.io.File(((pathPrefix + java.lang.Integer.toString(counter)) + .png)): null

2018-11-22 21:26:02 - [TEST_STEP][PASSED] - Statement - counter = counter + 1: null

2018-11-22 21:26:02 - [TEST_STEP][PASSED] - Statement - PreSaveFile = new java.io.File(((pathPrefix + java.lang.Integer.toString(counter)) + .png)): null

2018-11-22 21:26:02 - [TEST_STEP][PASSED] - Statement - counter = counter + 1: null

2018-11-22 21:26:02 - [TEST_STEP][PASSED] - Statement - PreSaveFile = new java.io.File(((pathPrefix + java.lang.Integer.toString(counter)) + .png)): null

2018-11-22 21:26:02 - [TEST_STEP][PASSED] - Statement - counter = counter + 1: null

2018-11-22 21:26:02 - [TEST_STEP][PASSED] - Statement - PreSaveFile = new java.io.File(((pathPrefix + java.lang.Integer.toString(counter)) + .png)): null

2018-11-22 21:26:02 - [TEST_STEP][PASSED] - Statement - counter = counter + 1: null

2018-11-22 21:26:02 - [TEST_STEP][PASSED] - Statement - PreSaveFile = new java.io.File(((pathPrefix + java.lang.Integer.toString(counter)) + .png)): null

2018-11-22 21:26:02 - [TEST_STEP][PASSED] - Statement - counter = counter + 1: null

2018-11-22 21:26:02 - [TEST_STEP][PASSED] - Statement - PreSaveFile = new java.io.File(((pathPrefix + java.lang.Integer.toString(counter)) + .png)): null

2018-11-22 21:26:02 - [TEST_STEP][PASSED] - Statement - counter = counter + 1: null

2018-11-22 21:26:02 - [TEST_STEP][PASSED] - Statement - PreSaveFile = new java.io.File(((pathPrefix + java.lang.Integer.toString(counter)) + .png)): null

2018-11-22 21:26:02 - [TEST_STEP][PASSED] - Statement - finalPath = pathPrefix + java.lang.Integer.toString(counter) + ".png": null

2018-11-22 21:26:02 - [TEST_STEP][PASSED] - Statement - SaveFile = new java.io.File(finalPath): null

2018-11-22 21:26:02 - [TEST_STEP][PASSED] - Statement - Try: null

2018-11-22 21:26:02 - [TEST_STEP][PASSED] - Statement - org.apache.commons.io.FileUtils.copyFile(scrFile, SaveFile): null

2018-11-22 21:26:02 - [TEST_STEP][PASSED] - Statement - out.println("file kept"): null

2018-11-22 21:26:02 - [TEST_STEP][PASSED] - delay: Delayed 10 second(s)

2018-11-22 21:26:12 - [MESSAGE][PASSED] - Delayed 10 second(s)

2018-11-22 21:26:12 - [MESSAGE][PASSED] - Call Test Case 'Test Cases/Final Aug 2018 - PKS Automation/Common/Screenshoting tool' successfully

2018-11-22 21:26:12 - [TEST_STEP][PASSED] - callTestCase: Call Test Case 'Test Cases/Final Aug 2018 - PKS Automation/Registration Module/Log Out/log out avoiding katalon tagging' successfully

2018-11-22 21:26:12 - [TEST_CASE][PASSED] - Test Cases/Final Aug 2018 - PKS Automation/Registration Module/Log Out/log out avoiding katalon tagging: Test Cases/Final Aug 2018 - PKS Automation/Registration Module/Log Out/log out avoiding katalon tagging

2018-11-22 21:26:12 - [TEST_STEP][PASSED] - navigateToUrl: Navigate to 'https://assist2-uat.perkeso.gov.my/c/portal/logout' successfully

2018-11-22 21:26:13 - [MESSAGE][PASSED] - Navigate to 'https://assist2-uat.perkeso.gov.my/c/portal/logout' successfully

2018-11-22 21:26:13 - [MESSAGE][PASSED] - Call Test Case 'Test Cases/Final Aug 2018 - PKS Automation/Registration Module/Log Out/log out avoiding katalon tagging' successfully

2018-11-22 21:26:13 - [TEST_STEP][FAILED] - callTestCase: Unable to call Test Case with id 'Test Cases/Final Aug 2018 - PKS Automation/Common/Workflow Owner Finder' (Root cause: Call Test Case 'Test Cases/Final Aug 2018 - PKS Automation/Common/Workflow Owner Finder' failed)

2018-11-22 21:26:13 - [TEST_CASE][FAILED] - Test Cases/Final Aug 2018 - PKS Automation/Common/Workflow Owner Finder: Test Cases/Final Aug 2018 - PKS Automation/Common/Workflow Owner Finder FAILED because (of) (Stack trace: com.kms.katalon.core.exception.StepFailedException: Unable to click on object 'Object Repository/Final Object Repo/Landing Page/Select to English' (Root cause: com.kms.katalon.core.webui.exception.WebElementNotFoundException: Web element with id: 'Object Repository/Final Object Repo/Landing Page/Select to English' located by 'By.xpath: //a[@class = 'taglib-language-list-text' and @lang = 'en-US' and (contains(text(), 'EN') or contains(., 'EN'))]' not found)
	at com.kms.katalon.core.keyword.internal.KeywordMain.stepFailed(KeywordMain.groovy:32)
	at com.kms.katalon.core.webui.keyword.internal.WebUIKeywordMain.stepFailed(WebUIKeywordMain.groovy:65)
	at com.kms.katalon.core.webui.keyword.internal.WebUIKeywordMain.runKeyword(WebUIKeywordMain.groovy:27)
	at com.kms.katalon.core.webui.keyword.builtin.ClickKeyword.click(ClickKeyword.groovy:86)
	at com.kms.katalon.core.webui.keyword.builtin.ClickKeyword.execute(ClickKeyword.groovy:67)
	at com.kms.katalon.core.keyword.internal.KeywordExecutor.executeKeywordForPlatform(KeywordExecutor.groovy:53)
	at com.kms.katalon.core.webui.keyword.WebUiBuiltInKeywords.click(WebUiBuiltInKeywords.groovy:604)
	at com.kms.katalon.core.webui.keyword.WebUiBuiltInKeywords$click$6.call(Unknown Source)
	at org.codehaus.groovy.runtime.callsite.CallSiteArray.defaultCall(CallSiteArray.java:48)
	at org.codehaus.groovy.runtime.callsite.AbstractCallSite.call(AbstractCallSite.java:113)
	at org.codehaus.groovy.runtime.callsite.AbstractCallSite.call(AbstractCallSite.java:133)
	at Script1534407542420.run(Script1534407542420.groovy:57)
	at com.kms.katalon.core.main.ScriptEngine.run(ScriptEngine.java:183)
	at com.kms.katalon.core.main.ScriptEngine.runScriptAsRawText(ScriptEngine.java:108)
	at com.kms.katalon.core.main.TestCaseExecutor.runScript(TestCaseExecutor.java:294)
	at com.kms.katalon.core.main.TestCaseExecutor.doExecute(TestCaseExecutor.java:285)
	at com.kms.katalon.core.main.TestCaseExecutor.processExecutionPhase(TestCaseExecutor.java:264)
	at com.kms.katalon.core.main.TestCaseExecutor.accessMainPhase(TestCaseExecutor.java:256)
	at com.kms.katalon.core.main.TestCaseExecutor.execute(TestCaseExecutor.java:200)
	at com.kms.katalon.core.main.TestCaseMain.runTestCase(TestCaseMain.java:99)
	at com.kms.katalon.core.keyword.builtin.CallTestCaseKeyword$_callTestCase_closure1.doCall(CallTestCaseKeyword.groovy:60)
	at com.kms.katalon.core.keyword.builtin.CallTestCaseKeyword$_callTestCase_closure1.call(CallTestCaseKeyword.groovy)
	at com.kms.katalon.core.keyword.internal.KeywordMain.runKeyword(KeywordMain.groovy:54)
	at com.kms.katalon.core.keyword.builtin.CallTestCaseKeyword.callTestCase(CallTestCaseKeyword.groovy:81)
	at com.kms.katalon.core.keyword.builtin.CallTestCaseKeyword.execute(CallTestCaseKeyword.groovy:45)
	at com.kms.katalon.core.keyword.internal.KeywordExecutor.executeKeywordForPlatform(KeywordExecutor.groovy:53)
	at com.kms.katalon.core.keyword.BuiltinKeywords.callTestCase(BuiltinKeywords.groovy:334)
	at sun.reflect.NativeMethodAccessorImpl.invoke0(Native Method)
	at sun.reflect.NativeMethodAccessorImpl.invoke(NativeMethodAccessorImpl.java:62)
	at sun.reflect.DelegatingMethodAccessorImpl.invoke(DelegatingMethodAccessorImpl.java:43)
	at java.lang.reflect.Method.invoke(Method.java:498)
	at org.codehaus.groovy.reflection.CachedMethod.invoke(CachedMethod.java:93)
	at groovy.lang.MetaMethod.doMethodInvoke(MetaMethod.java:325)
	at groovy.lang.MetaClassImpl.invokeStaticMethod(MetaClassImpl.java:1469)
	at org.codehaus.groovy.runtime.callsite.StaticMetaClassSite.call(StaticMetaClassSite.java:53)
	at org.codehaus.groovy.runtime.callsite.CallSiteArray.defaultCall(CallSiteArray.java:48)
	at org.codehaus.groovy.runtime.callsite.AbstractCallSite.call(AbstractCallSite.java:113)
	at org.codehaus.groovy.runtime.callsite.AbstractCallSite.call(AbstractCallSite.java:141)
	at Script1535947244917.run(Script1535947244917.groovy:131)
	at com.kms.katalon.core.main.ScriptEngine.run(ScriptEngine.java:183)
	at com.kms.katalon.core.main.ScriptEngine.runScriptAsRawText(ScriptEngine.java:108)
	at com.kms.katalon.core.main.TestCaseExecutor.runScript(TestCaseExecutor.java:294)
	at com.kms.katalon.core.main.TestCaseExecutor.doExecute(TestCaseExecutor.java:285)
	at com.kms.katalon.core.main.TestCaseExecutor.processExecutionPhase(TestCaseExecutor.java:264)
	at com.kms.katalon.core.main.TestCaseExecutor.accessMainPhase(TestCaseExecutor.java:256)
	at com.kms.katalon.core.main.TestCaseExecutor.execute(TestCaseExecutor.java:200)
	at com.kms.katalon.core.main.TestSuiteExecutor.accessTestCaseMainPhase(TestSuiteExecutor.java:129)
	at com.kms.katalon.core.main.TestSuiteExecutor.accessTestSuiteMainPhase(TestSuiteExecutor.java:112)
	at com.kms.katalon.core.main.TestSuiteExecutor.execute(TestSuiteExecutor.java:81)
	at com.kms.katalon.core.main.TestCaseMain.startTestSuite(TestCaseMain.java:142)
	at com.kms.katalon.core.main.TestCaseMain$startTestSuite$0.call(Unknown Source)
	at org.codehaus.groovy.runtime.callsite.CallSiteArray.defaultCall(CallSiteArray.java:48)
	at org.codehaus.groovy.runtime.callsite.AbstractCallSite.call(AbstractCallSite.java:113)
	at org.codehaus.groovy.runtime.callsite.AbstractCallSite.call(AbstractCallSite.java:141)
	at TempTestSuite1542874456666.run(TempTestSuite1542874456666.groovy:36)
	at groovy.lang.GroovyShell.runScriptOrMainOrTestOrRunnable(GroovyShell.java:263)
	at groovy.lang.GroovyShell.run(GroovyShell.java:518)
	at groovy.lang.GroovyShell.run(GroovyShell.java:507)
	at groovy.ui.GroovyMain.processOnce(GroovyMain.java:653)
	at groovy.ui.GroovyMain.run(GroovyMain.java:384)
	at groovy.ui.GroovyMain.process(GroovyMain.java:370)
	at groovy.ui.GroovyMain.processArgs(GroovyMain.java:129)
	at groovy.ui.GroovyMain.main(GroovyMain.java:109)
	at sun.reflect.NativeMethodAccessorImpl.invoke0(Native Method)
	at sun.reflect.NativeMethodAccessorImpl.invoke(NativeMethodAccessorImpl.java:62)
	at sun.reflect.DelegatingMethodAccessorImpl.invoke(DelegatingMethodAccessorImpl.java:43)
	at java.lang.reflect.Method.invoke(Method.java:498)
	at org.codehaus.groovy.tools.GroovyStarter.rootLoader(GroovyStarter.java:109)
	at org.codehaus.groovy.tools.GroovyStarter.main(GroovyStarter.java:131)
)

2018-11-22 21:26:14 - [TEST_STEP][PASSED] - openBrowser: Browser is opened with url: ''

2018-11-22 21:26:14 - [MESSAGE][WARNING] - A browser is already opened. Closing browser and opening a new one

2018-11-22 21:26:18 - [MESSAGE][PASSED] - Browser is opened with url: ''

2018-11-22 21:26:18 - [TEST_STEP][PASSED] - navigateToUrl: Navigate to 'https://assist2-uat.perkeso.gov.my/login' successfully

2018-11-22 21:26:19 - [MESSAGE][PASSED] - Navigate to 'https://assist2-uat.perkeso.gov.my/login' successfully

2018-11-22 21:26:19 - [TEST_STEP][PASSED] - delay: Delayed 5 second(s)

2018-11-22 21:26:24 - [MESSAGE][PASSED] - Delayed 5 second(s)

2018-11-22 21:26:24 - [TEST_STEP][PASSED] - setText: Text 'test@liferay.com' is set on object 'Object Repository/Final Object Repo/Login Page/Internal User/Email Address'

2018-11-22 21:26:24 - [MESSAGE][PASSED] - Text 'test@liferay.com' is set on object 'Object Repository/Final Object Repo/Login Page/Internal User/Email Address'

2018-11-22 21:26:24 - [TEST_STEP][PASSED] - click: Object: 'Object Repository/Final Object Repo/Login Page/Internal User/Next Button' is clicked on

2018-11-22 21:26:24 - [MESSAGE][PASSED] - Object: 'Object Repository/Final Object Repo/Login Page/Internal User/Next Button' is clicked on

2018-11-22 21:26:24 - [TEST_STEP][PASSED] - delay: Delayed 2 second(s)

2018-11-22 21:26:26 - [MESSAGE][PASSED] - Delayed 2 second(s)

2018-11-22 21:26:26 - [TEST_STEP][PASSED] - setText: Text 'test' is set on object 'Object Repository/Final Object Repo/Login Page/Internal User/Password'

2018-11-22 21:26:27 - [MESSAGE][PASSED] - Text 'test' is set on object 'Object Repository/Final Object Repo/Login Page/Internal User/Password'

2018-11-22 21:26:27 - [TEST_STEP][PASSED] - delay: Delayed 2 second(s)

2018-11-22 21:26:29 - [MESSAGE][PASSED] - Delayed 2 second(s)

2018-11-22 21:26:29 - [TEST_STEP][PASSED] - click: Object: 'Object Repository/Final Object Repo/Login Page/Internal User/Login Button' is clicked on

2018-11-22 21:26:29 - [MESSAGE][PASSED] - Object: 'Object Repository/Final Object Repo/Login Page/Internal User/Login Button' is clicked on

2018-11-22 21:26:29 - [TEST_STEP][FAILED] - Statement - Try: Delayed 2 second(s)

2018-11-22 21:26:29 - [TEST_STEP][PASSED] - Statement - Checker = false: null

2018-11-22 21:26:29 - [TEST_STEP][PASSED] - Statement - Checker = com.kms.katalon.core.webui.keyword.WebUiBuiltInKeywords.verifyElementHasAttribute(com.kms.katalon.core.testobject.ObjectRepository.findTestObject(Final Object Repo/Landing Page/BM Detecting), "href", 20, OPTIONAL): Unable to verify if object 'Object Repository/Final Object Repo/Landing Page/BM Detecting' has attribute 'href' (Root cause: org.openqa.selenium.StaleElementReferenceException: stale element reference: element is not attached to the page document
  (Session info: chrome=70.0.3538.102)
  (Driver info: chromedriver=2.43.600210 (68dcf5eebde37173d4027fa8635e332711d2874a),platform=Windows NT 6.1.7601 SP1 x86_64) (WARNING: The server did not provide any stacktrace information)
Command duration or timeout: 0 milliseconds
For documentation on this error, please visit: http://seleniumhq.org/exceptions/stale_element_reference.html
Build info: version: '3.7.1', revision: '8a0099a', time: '2017-11-06T21:07:36.161Z'
System info: host: 'WIN7TEST02', ip: '10.20.3.72', os.name: 'Windows 7', os.arch: 'amd64', os.version: '6.1', java.version: '1.8.0_181'
Driver info: com.kms.katalon.selenium.driver.CChromeDriver
Capabilities {acceptInsecureCerts: false, acceptSslCerts: false, applicationCacheEnabled: false, browserConnectionEnabled: false, browserName: chrome, chrome: {chromedriverVersion: 2.43.600210 (68dcf5eebde371..., userDataDir: C:\Users\Admin\AppData\Loca...}, cssSelectorsEnabled: true, databaseEnabled: false, goog:chromeOptions: {debuggerAddress: localhost:63191}, handlesAlerts: true, hasTouchScreen: false, javascriptEnabled: true, locationContextEnabled: true, mobileEmulationEnabled: false, nativeEvents: true, networkConnectionEnabled: false, pageLoadStrategy: normal, platform: XP, platformName: XP, rotatable: false, setWindowRect: true, takesHeapSnapshot: true, takesScreenshot: true, unexpectedAlertBehaviour: , unhandledPromptBehavior: , version: 70.0.3538.102, webStorageEnabled: true}
Session ID: 5ff398a0ed5b50cf46bc415329849a98)

2018-11-22 21:26:31 - [MESSAGE][WARNING] - Unable to verify if object 'Object Repository/Final Object Repo/Landing Page/BM Detecting' has attribute 'href' (Root cause: org.openqa.selenium.StaleElementReferenceException: stale element reference: element is not attached to the page document
  (Session info: chrome=70.0.3538.102)
  (Driver info: chromedriver=2.43.600210 (68dcf5eebde37173d4027fa8635e332711d2874a),platform=Windows NT 6.1.7601 SP1 x86_64) (WARNING: The server did not provide any stacktrace information)
Command duration or timeout: 0 milliseconds
For documentation on this error, please visit: http://seleniumhq.org/exceptions/stale_element_reference.html
Build info: version: '3.7.1', revision: '8a0099a', time: '2017-11-06T21:07:36.161Z'
System info: host: 'WIN7TEST02', ip: '10.20.3.72', os.name: 'Windows 7', os.arch: 'amd64', os.version: '6.1', java.version: '1.8.0_181'
Driver info: com.kms.katalon.selenium.driver.CChromeDriver
Capabilities {acceptInsecureCerts: false, acceptSslCerts: false, applicationCacheEnabled: false, browserConnectionEnabled: false, browserName: chrome, chrome: {chromedriverVersion: 2.43.600210 (68dcf5eebde371..., userDataDir: C:\Users\Admin\AppData\Loca...}, cssSelectorsEnabled: true, databaseEnabled: false, goog:chromeOptions: {debuggerAddress: localhost:63191}, handlesAlerts: true, hasTouchScreen: false, javascriptEnabled: true, locationContextEnabled: true, mobileEmulationEnabled: false, nativeEvents: true, networkConnectionEnabled: false, pageLoadStrategy: normal, platform: XP, platformName: XP, rotatable: false, setWindowRect: true, takesHeapSnapshot: true, takesScreenshot: true, unexpectedAlertBehaviour: , unhandledPromptBehavior: , version: 70.0.3538.102, webStorageEnabled: true}
Session ID: 5ff398a0ed5b50cf46bc415329849a98)
[[ATTACHMENT|C:\\Users\\Admin\\Desktop\\PKS\\Perkeso Phase A\\Reports\\Workflow\\Update Add New Employee\\20181122_161416\\1542893191149.png]]

2018-11-22 21:26:31 - [TEST_STEP][PASSED] - Statement - out.println(Checker): null

2018-11-22 21:26:31 - [TEST_STEP][FAILED] - Statement - If (Checker == false): Unable to click on object 'Object Repository/Final Object Repo/Landing Page/Select to English' (Root cause: com.kms.katalon.core.webui.exception.WebElementNotFoundException: Web element with id: 'Object Repository/Final Object Repo/Landing Page/Select to English' located by 'By.xpath: //a[@class = 'taglib-language-list-text' and @lang = 'en-US' and (contains(text(), 'EN') or contains(., 'EN'))]' not found)

2018-11-22 21:26:31 - [TEST_STEP][FAILED] - click: Unable to click on object 'Object Repository/Final Object Repo/Landing Page/Select to English' (Root cause: com.kms.katalon.core.webui.exception.WebElementNotFoundException: Web element with id: 'Object Repository/Final Object Repo/Landing Page/Select to English' located by 'By.xpath: //a[@class = 'taglib-language-list-text' and @lang = 'en-US' and (contains(text(), 'EN') or contains(., 'EN'))]' not found)

2018-11-22 21:27:09 - [MESSAGE][FAILED] - Unable to click on object 'Object Repository/Final Object Repo/Landing Page/Select to English' (Root cause: com.kms.katalon.core.webui.exception.WebElementNotFoundException: Web element with id: 'Object Repository/Final Object Repo/Landing Page/Select to English' located by 'By.xpath: //a[@class = 'taglib-language-list-text' and @lang = 'en-US' and (contains(text(), 'EN') or contains(., 'EN'))]' not found)
[[ATTACHMENT|C:\\Users\\Admin\\Desktop\\PKS\\Perkeso Phase A\\Reports\\Workflow\\Update Add New Employee\\20181122_161416\\1542893229114.png]]

2018-11-22 21:27:09 - [TEST_STEP][PASSED] - delay: Delayed 2 second(s)

2018-11-22 21:27:11 - [MESSAGE][PASSED] - Delayed 2 second(s)

2018-11-22 21:27:11 - [TEST_STEP][PASSED] - delay: Delayed 3 second(s)

2018-11-22 21:27:14 - [MESSAGE][PASSED] - Delayed 3 second(s)

2018-11-22 21:27:14 - [TEST_STEP][PASSED] - mouseOver: Object: 'Object Repository/Final Object Repo/Landing Page/WorkFlow Menu' is hovered

2018-11-22 21:27:14 - [MESSAGE][PASSED] - Object: 'Object Repository/Final Object Repo/Landing Page/WorkFlow Menu' is hovered

2018-11-22 21:27:14 - [TEST_STEP][PASSED] - delay: Delayed 2 second(s)

2018-11-22 21:27:16 - [MESSAGE][PASSED] - Delayed 2 second(s)

2018-11-22 21:27:16 - [TEST_STEP][PASSED] - click: Object: 'Object Repository/Final Object Repo/Landing Page/Select to Workflow Listing' is clicked on

2018-11-22 21:27:17 - [MESSAGE][PASSED] - Object: 'Object Repository/Final Object Repo/Landing Page/Select to Workflow Listing' is clicked on

2018-11-22 21:27:17 - [TEST_STEP][PASSED] - delay: Delayed 2 second(s)

2018-11-22 21:27:19 - [MESSAGE][PASSED] - Delayed 2 second(s)

2018-11-22 21:27:19 - [TEST_STEP][PASSED] - click: Object: 'Object Repository/Final Object Repo/WorkFlow Listing Page/Search Information - To Put Ref No' is clicked on

2018-11-22 21:27:19 - [MESSAGE][PASSED] - Object: 'Object Repository/Final Object Repo/WorkFlow Listing Page/Search Information - To Put Ref No' is clicked on

2018-11-22 21:27:19 - [TEST_STEP][PASSED] - delay: Delayed 2 second(s)

2018-11-22 21:27:21 - [MESSAGE][PASSED] - Delayed 2 second(s)

2018-11-22 21:27:21 - [TEST_STEP][PASSED] - callTestCase: Call Test Case 'Test Cases/Final Aug 2018 - PKS Automation/Common/Reference Number Getter' successfully

2018-11-22 21:27:21 - [TEST_CASE][PASSED] - Test Cases/Final Aug 2018 - PKS Automation/Common/Reference Number Getter: Test Cases/Final Aug 2018 - PKS Automation/Common/Reference Number Getter

2018-11-22 21:27:22 - [TEST_STEP][PASSED] - Statement - Try: null

2018-11-22 21:27:22 - [TEST_STEP][PASSED] - Statement - RefNo = new java.io.File(C://Users//Admin//Desktop//PKS//Automation Reference Point//KatalonReference.txt): null

2018-11-22 21:27:22 - [TEST_STEP][PASSED] - Statement - bufferread = new java.io.BufferedReader(new java.io.FileReader(RefNo)): null

2018-11-22 21:27:22 - [TEST_STEP][PASSED] - Statement - readedVal = bufferread.readLine(): null

2018-11-22 21:27:22 - [TEST_STEP][PASSED] - Statement - out.println(CaseReferenceNo): null

2018-11-22 21:27:22 - [TEST_STEP][PASSED] - Statement - out.println(readedVal): null

2018-11-22 21:27:22 - [TEST_STEP][PASSED] - Statement - CaseReferenceNo = "": null

2018-11-22 21:27:22 - [TEST_STEP][PASSED] - Statement - CaseReferenceNo = readedVal: null

2018-11-22 21:27:22 - [MESSAGE][PASSED] - Call Test Case 'Test Cases/Final Aug 2018 - PKS Automation/Common/Reference Number Getter' successfully

2018-11-22 21:27:22 - [TEST_STEP][PASSED] - setText: Text 'CAN11201800002158' is set on object 'Object Repository/Final Object Repo/WorkFlow Listing Page/Ref No Set Text'

2018-11-22 21:27:22 - [MESSAGE][PASSED] - Text 'CAN11201800002158' is set on object 'Object Repository/Final Object Repo/WorkFlow Listing Page/Ref No Set Text'

2018-11-22 21:27:22 - [TEST_STEP][PASSED] - delay: Delayed 2 second(s)

2018-11-22 21:27:24 - [MESSAGE][PASSED] - Delayed 2 second(s)

2018-11-22 21:27:24 - [TEST_STEP][PASSED] - click: Object: 'Object Repository/Final Object Repo/WorkFlow Listing Page/Search Ref No Search Button' is clicked on

2018-11-22 21:27:24 - [MESSAGE][PASSED] - Object: 'Object Repository/Final Object Repo/WorkFlow Listing Page/Search Ref No Search Button' is clicked on

2018-11-22 21:27:24 - [TEST_STEP][PASSED] - delay: Delayed 4 second(s)

2018-11-22 21:27:28 - [MESSAGE][PASSED] - Delayed 4 second(s)

2018-11-22 21:27:28 - [TEST_STEP][PASSED] - click: Object: 'Object Repository/Final Object Repo/WorkFlow Listing Page/Click Continue Tooltip' is clicked on

2018-11-22 21:27:29 - [MESSAGE][PASSED] - Object: 'Object Repository/Final Object Repo/WorkFlow Listing Page/Click Continue Tooltip' is clicked on

2018-11-22 21:27:29 - [TEST_STEP][PASSED] - delay: Delayed 5 second(s)

2018-11-22 21:27:34 - [MESSAGE][PASSED] - Delayed 5 second(s)

2018-11-22 21:27:34 - [TEST_STEP][PASSED] - doubleClick: Object: 'Object Repository/Final Object Repo/WorkFlow Listing Page/Workflow Found - Listing 1' is double clicked on

2018-11-22 21:27:34 - [MESSAGE][PASSED] - Object: 'Object Repository/Final Object Repo/WorkFlow Listing Page/Workflow Found - Listing 1' is double clicked on

2018-11-22 21:27:34 - [TEST_STEP][PASSED] - Statement - println(OwnerID): null

2018-11-22 21:27:34 - [TEST_STEP][PASSED] - Statement - OwnerID = com.kms.katalon.core.webui.keyword.WebUiBuiltInKeywords.getText(com.kms.katalon.core.testobject.ObjectRepository.findTestObject(Final Object Repo/WorkFlow Listing Page/Workflow Found - Listing 1), STOP_ON_FAILURE): Text of object 'Object Repository/Final Object Repo/WorkFlow Listing Page/Workflow Found - Listing 1' is: 'KLpkrbo2'

2018-11-22 21:27:34 - [MESSAGE][PASSED] - Text of object 'Object Repository/Final Object Repo/WorkFlow Listing Page/Workflow Found - Listing 1' is: 'KLpkrbo2'

2018-11-22 21:27:34 - [TEST_STEP][PASSED] - Statement - OwnerID = OwnerID.toLowerCase() + "@gmail.com": null

2018-11-22 21:27:34 - [TEST_STEP][PASSED] - Statement - println(OwnerID): null

2018-11-22 21:27:34 - [TEST_STEP][PASSED] - delay: Delayed 2 second(s)

2018-11-22 21:27:37 - [MESSAGE][PASSED] - Delayed 2 second(s)

2018-11-22 21:27:37 - [MESSAGE][FAILED] - Unable to call Test Case with id 'Test Cases/Final Aug 2018 - PKS Automation/Common/Workflow Owner Finder' (Root cause: Call Test Case 'Test Cases/Final Aug 2018 - PKS Automation/Common/Workflow Owner Finder' failed)]]></system-out>
         <system-err><![CDATA[2018-11-22 21:20:55 - [TEST_CASE][FAILED] - Test Cases/Final Aug 2018 - PKS Automation/Registration Module/Workflow/Update Add New Employee/Add Employee and Set Incomplete ( OTC - PKRBO): Test Cases/Final Aug 2018 - PKS Automation/Registration Module/Workflow/Update Add New Employee/Add Employee and Set Incomplete ( OTC - PKRBO) FAILED because (of) (Stack trace: com.kms.katalon.core.exception.StepFailedException: Unable to click on object 'Object Repository/Final Object Repo/Landing Page/Select to English' (Root cause: com.kms.katalon.core.webui.exception.WebElementNotFoundException: Web element with id: 'Object Repository/Final Object Repo/Landing Page/Select to English' located by 'By.xpath: //a[@class = 'taglib-language-list-text' and @lang = 'en-US' and (contains(text(), 'EN') or contains(., 'EN'))]' not found)
	at com.kms.katalon.core.keyword.internal.KeywordMain.stepFailed(KeywordMain.groovy:32)
	at com.kms.katalon.core.webui.keyword.internal.WebUIKeywordMain.stepFailed(WebUIKeywordMain.groovy:65)
	at com.kms.katalon.core.webui.keyword.internal.WebUIKeywordMain.runKeyword(WebUIKeywordMain.groovy:27)
	at com.kms.katalon.core.webui.keyword.builtin.ClickKeyword.click(ClickKeyword.groovy:86)
	at com.kms.katalon.core.webui.keyword.builtin.ClickKeyword.execute(ClickKeyword.groovy:67)
	at com.kms.katalon.core.keyword.internal.KeywordExecutor.executeKeywordForPlatform(KeywordExecutor.groovy:53)
	at com.kms.katalon.core.webui.keyword.WebUiBuiltInKeywords.click(WebUiBuiltInKeywords.groovy:604)
	at com.kms.katalon.core.webui.keyword.WebUiBuiltInKeywords$click$6.call(Unknown Source)
	at org.codehaus.groovy.runtime.callsite.CallSiteArray.defaultCall(CallSiteArray.java:48)
	at org.codehaus.groovy.runtime.callsite.AbstractCallSite.call(AbstractCallSite.java:113)
	at org.codehaus.groovy.runtime.callsite.AbstractCallSite.call(AbstractCallSite.java:133)
	at Script1534407542420.run(Script1534407542420.groovy:57)
	at com.kms.katalon.core.main.ScriptEngine.run(ScriptEngine.java:183)
	at com.kms.katalon.core.main.ScriptEngine.runScriptAsRawText(ScriptEngine.java:108)
	at com.kms.katalon.core.main.TestCaseExecutor.runScript(TestCaseExecutor.java:294)
	at com.kms.katalon.core.main.TestCaseExecutor.doExecute(TestCaseExecutor.java:285)
	at com.kms.katalon.core.main.TestCaseExecutor.processExecutionPhase(TestCaseExecutor.java:264)
	at com.kms.katalon.core.main.TestCaseExecutor.accessMainPhase(TestCaseExecutor.java:256)
	at com.kms.katalon.core.main.TestCaseExecutor.execute(TestCaseExecutor.java:200)
	at com.kms.katalon.core.main.TestCaseMain.runTestCase(TestCaseMain.java:99)
	at com.kms.katalon.core.keyword.builtin.CallTestCaseKeyword$_callTestCase_closure1.doCall(CallTestCaseKeyword.groovy:60)
	at com.kms.katalon.core.keyword.builtin.CallTestCaseKeyword$_callTestCase_closure1.call(CallTestCaseKeyword.groovy)
	at com.kms.katalon.core.keyword.internal.KeywordMain.runKeyword(KeywordMain.groovy:54)
	at com.kms.katalon.core.keyword.builtin.CallTestCaseKeyword.callTestCase(CallTestCaseKeyword.groovy:81)
	at com.kms.katalon.core.keyword.builtin.CallTestCaseKeyword.execute(CallTestCaseKeyword.groovy:45)
	at com.kms.katalon.core.keyword.internal.KeywordExecutor.executeKeywordForPlatform(KeywordExecutor.groovy:53)
	at com.kms.katalon.core.keyword.BuiltinKeywords.callTestCase(BuiltinKeywords.groovy:334)
	at sun.reflect.NativeMethodAccessorImpl.invoke0(Native Method)
	at sun.reflect.NativeMethodAccessorImpl.invoke(NativeMethodAccessorImpl.java:62)
	at sun.reflect.DelegatingMethodAccessorImpl.invoke(DelegatingMethodAccessorImpl.java:43)
	at java.lang.reflect.Method.invoke(Method.java:498)
	at org.codehaus.groovy.reflection.CachedMethod.invoke(CachedMethod.java:93)
	at groovy.lang.MetaMethod.doMethodInvoke(MetaMethod.java:325)
	at groovy.lang.MetaClassImpl.invokeStaticMethod(MetaClassImpl.java:1469)
	at org.codehaus.groovy.runtime.callsite.StaticMetaClassSite.call(StaticMetaClassSite.java:53)
	at org.codehaus.groovy.runtime.callsite.CallSiteArray.defaultCall(CallSiteArray.java:48)
	at org.codehaus.groovy.runtime.callsite.AbstractCallSite.call(AbstractCallSite.java:113)
	at org.codehaus.groovy.runtime.callsite.AbstractCallSite.call(AbstractCallSite.java:141)
	at Script1535947244917.run(Script1535947244917.groovy:131)
	at com.kms.katalon.core.main.ScriptEngine.run(ScriptEngine.java:183)
	at com.kms.katalon.core.main.ScriptEngine.runScriptAsRawText(ScriptEngine.java:108)
	at com.kms.katalon.core.main.TestCaseExecutor.runScript(TestCaseExecutor.java:294)
	at com.kms.katalon.core.main.TestCaseExecutor.doExecute(TestCaseExecutor.java:285)
	at com.kms.katalon.core.main.TestCaseExecutor.processExecutionPhase(TestCaseExecutor.java:264)
	at com.kms.katalon.core.main.TestCaseExecutor.accessMainPhase(TestCaseExecutor.java:256)
	at com.kms.katalon.core.main.TestCaseExecutor.execute(TestCaseExecutor.java:200)
	at com.kms.katalon.core.main.TestSuiteExecutor.accessTestCaseMainPhase(TestSuiteExecutor.java:129)
	at com.kms.katalon.core.main.TestSuiteExecutor.accessTestSuiteMainPhase(TestSuiteExecutor.java:112)
	at com.kms.katalon.core.main.TestSuiteExecutor.execute(TestSuiteExecutor.java:81)
	at com.kms.katalon.core.main.TestCaseMain.startTestSuite(TestCaseMain.java:142)
	at com.kms.katalon.core.main.TestCaseMain$startTestSuite$0.call(Unknown Source)
	at org.codehaus.groovy.runtime.callsite.CallSiteArray.defaultCall(CallSiteArray.java:48)
	at org.codehaus.groovy.runtime.callsite.AbstractCallSite.call(AbstractCallSite.java:113)
	at org.codehaus.groovy.runtime.callsite.AbstractCallSite.call(AbstractCallSite.java:141)
	at TempTestSuite1542874456666.run(TempTestSuite1542874456666.groovy:36)
	at groovy.lang.GroovyShell.runScriptOrMainOrTestOrRunnable(GroovyShell.java:263)
	at groovy.lang.GroovyShell.run(GroovyShell.java:518)
	at groovy.lang.GroovyShell.run(GroovyShell.java:507)
	at groovy.ui.GroovyMain.processOnce(GroovyMain.java:653)
	at groovy.ui.GroovyMain.run(GroovyMain.java:384)
	at groovy.ui.GroovyMain.process(GroovyMain.java:370)
	at groovy.ui.GroovyMain.processArgs(GroovyMain.java:129)
	at groovy.ui.GroovyMain.main(GroovyMain.java:109)
	at sun.reflect.NativeMethodAccessorImpl.invoke0(Native Method)
	at sun.reflect.NativeMethodAccessorImpl.invoke(NativeMethodAccessorImpl.java:62)
	at sun.reflect.DelegatingMethodAccessorImpl.invoke(DelegatingMethodAccessorImpl.java:43)
	at java.lang.reflect.Method.invoke(Method.java:498)
	at org.codehaus.groovy.tools.GroovyStarter.rootLoader(GroovyStarter.java:109)
	at org.codehaus.groovy.tools.GroovyStarter.main(GroovyStarter.java:131)
)]]></system-err>
      </testcase>
      <testcase name="Test Cases/Final Aug 2018 - PKS Automation/Registration Module/Workflow/Update Add New Employee/Special Case (Employer - RO Approve)" classname="Test Cases/Final Aug 2018 - PKS Automation/Registration Module/Workflow/Update Add New Employee/Special Case (Employer - RO Approve)" status="FAILED">
         <failure type="FAILED" message="(Stack trace: com.kms.katalon.core.exception.StepFailedException: Unable to click on object 'Object Repository/Final Object Repo/Landing Page/Select to English' (Root cause: com.kms.katalon.core.webui.exception.WebElementNotFoundException: Web element with id: 'Object Repository/Final Object Repo/Landing Page/Select to English' located by 'By.xpath: //a[@class = 'taglib-language-list-text' and @lang = 'en-US' and (contains(text(), 'EN') or contains(., 'EN'))]' not found)
	at com.kms.katalon.core.keyword.internal.KeywordMain.stepFailed(KeywordMain.groovy:32)
	at com.kms.katalon.core.webui.keyword.internal.WebUIKeywordMain.stepFailed(WebUIKeywordMain.groovy:65)
	at com.kms.katalon.core.webui.keyword.internal.WebUIKeywordMain.runKeyword(WebUIKeywordMain.groovy:27)
	at com.kms.katalon.core.webui.keyword.builtin.ClickKeyword.click(ClickKeyword.groovy:86)
	at com.kms.katalon.core.webui.keyword.builtin.ClickKeyword.execute(ClickKeyword.groovy:67)
	at com.kms.katalon.core.keyword.internal.KeywordExecutor.executeKeywordForPlatform(KeywordExecutor.groovy:53)
	at com.kms.katalon.core.webui.keyword.WebUiBuiltInKeywords.click(WebUiBuiltInKeywords.groovy:604)
	at com.kms.katalon.core.webui.keyword.WebUiBuiltInKeywords$click$6.call(Unknown Source)
	at Script1534407542420.run(Script1534407542420.groovy:57)
	at com.kms.katalon.core.main.ScriptEngine.run(ScriptEngine.java:183)
	at com.kms.katalon.core.main.ScriptEngine.runScriptAsRawText(ScriptEngine.java:108)
	at com.kms.katalon.core.main.TestCaseExecutor.runScript(TestCaseExecutor.java:294)
	at com.kms.katalon.core.main.TestCaseExecutor.doExecute(TestCaseExecutor.java:285)
	at com.kms.katalon.core.main.TestCaseExecutor.processExecutionPhase(TestCaseExecutor.java:264)
	at com.kms.katalon.core.main.TestCaseExecutor.accessMainPhase(TestCaseExecutor.java:256)
	at com.kms.katalon.core.main.TestCaseExecutor.execute(TestCaseExecutor.java:200)
	at com.kms.katalon.core.main.TestCaseMain.runTestCase(TestCaseMain.java:99)
	at com.kms.katalon.core.keyword.builtin.CallTestCaseKeyword$_callTestCase_closure1.doCall(CallTestCaseKeyword.groovy:60)
	at com.kms.katalon.core.keyword.builtin.CallTestCaseKeyword$_callTestCase_closure1.call(CallTestCaseKeyword.groovy)
	at com.kms.katalon.core.keyword.internal.KeywordMain.runKeyword(KeywordMain.groovy:54)
	at com.kms.katalon.core.keyword.builtin.CallTestCaseKeyword.callTestCase(CallTestCaseKeyword.groovy:81)
	at com.kms.katalon.core.keyword.builtin.CallTestCaseKeyword.execute(CallTestCaseKeyword.groovy:45)
	at com.kms.katalon.core.keyword.internal.KeywordExecutor.executeKeywordForPlatform(KeywordExecutor.groovy:53)
	at com.kms.katalon.core.keyword.BuiltinKeywords.callTestCase(BuiltinKeywords.groovy:334)
	at sun.reflect.GeneratedMethodAccessor13.invoke(Unknown Source)
	at sun.reflect.DelegatingMethodAccessorImpl.invoke(DelegatingMethodAccessorImpl.java:43)
	at java.lang.reflect.Method.invoke(Method.java:498)
	at org.codehaus.groovy.reflection.CachedMethod.invoke(CachedMethod.java:93)
	at groovy.lang.MetaMethod.doMethodInvoke(MetaMethod.java:325)
	at groovy.lang.MetaClassImpl.invokeStaticMethod(MetaClassImpl.java:1469)
	at org.codehaus.groovy.runtime.callsite.StaticMetaClassSite.call(StaticMetaClassSite.java:53)
	at org.codehaus.groovy.runtime.callsite.CallSiteArray.defaultCall(CallSiteArray.java:48)
	at org.codehaus.groovy.runtime.callsite.AbstractCallSite.call(AbstractCallSite.java:113)
	at org.codehaus.groovy.runtime.callsite.AbstractCallSite.call(AbstractCallSite.java:141)
	at Script1537255642276.run(Script1537255642276.groovy:113)
	at com.kms.katalon.core.main.ScriptEngine.run(ScriptEngine.java:183)
	at com.kms.katalon.core.main.ScriptEngine.runScriptAsRawText(ScriptEngine.java:108)
	at com.kms.katalon.core.main.TestCaseExecutor.runScript(TestCaseExecutor.java:294)
	at com.kms.katalon.core.main.TestCaseExecutor.doExecute(TestCaseExecutor.java:285)
	at com.kms.katalon.core.main.TestCaseExecutor.processExecutionPhase(TestCaseExecutor.java:264)
	at com.kms.katalon.core.main.TestCaseExecutor.accessMainPhase(TestCaseExecutor.java:256)
	at com.kms.katalon.core.main.TestCaseExecutor.execute(TestCaseExecutor.java:200)
	at com.kms.katalon.core.main.TestSuiteExecutor.accessTestCaseMainPhase(TestSuiteExecutor.java:129)
	at com.kms.katalon.core.main.TestSuiteExecutor.accessTestSuiteMainPhase(TestSuiteExecutor.java:112)
	at com.kms.katalon.core.main.TestSuiteExecutor.execute(TestSuiteExecutor.java:81)
	at com.kms.katalon.core.main.TestCaseMain.startTestSuite(TestCaseMain.java:142)
	at com.kms.katalon.core.main.TestCaseMain$startTestSuite$0.call(Unknown Source)
	at org.codehaus.groovy.runtime.callsite.CallSiteArray.defaultCall(CallSiteArray.java:48)
	at org.codehaus.groovy.runtime.callsite.AbstractCallSite.call(AbstractCallSite.java:113)
	at org.codehaus.groovy.runtime.callsite.AbstractCallSite.call(AbstractCallSite.java:141)
	at TempTestSuite1542874456666.run(TempTestSuite1542874456666.groovy:36)
	at groovy.lang.GroovyShell.runScriptOrMainOrTestOrRunnable(GroovyShell.java:263)
	at groovy.lang.GroovyShell.run(GroovyShell.java:518)
	at groovy.lang.GroovyShell.run(GroovyShell.java:507)
	at groovy.ui.GroovyMain.processOnce(GroovyMain.java:653)
	at groovy.ui.GroovyMain.run(GroovyMain.java:384)
	at groovy.ui.GroovyMain.process(GroovyMain.java:370)
	at groovy.ui.GroovyMain.processArgs(GroovyMain.java:129)
	at groovy.ui.GroovyMain.main(GroovyMain.java:109)
	at sun.reflect.NativeMethodAccessorImpl.invoke0(Native Method)
	at sun.reflect.NativeMethodAccessorImpl.invoke(NativeMethodAccessorImpl.java:62)
	at sun.reflect.DelegatingMethodAccessorImpl.invoke(DelegatingMethodAccessorImpl.java:43)
	at java.lang.reflect.Method.invoke(Method.java:498)
	at org.codehaus.groovy.tools.GroovyStarter.rootLoader(GroovyStarter.java:109)
	at org.codehaus.groovy.tools.GroovyStarter.main(GroovyStarter.java:131)
)"/>
         <system-out><![CDATA[2018-11-22 21:27:37 - [TEST_CASE][FAILED] - Test Cases/Final Aug 2018 - PKS Automation/Registration Module/Workflow/Update Add New Employee/Special Case (Employer - RO Approve): Test Cases/Final Aug 2018 - PKS Automation/Registration Module/Workflow/Update Add New Employee/Special Case (Employer - RO Approve) FAILED because (of) (Stack trace: com.kms.katalon.core.exception.StepFailedException: Unable to click on object 'Object Repository/Final Object Repo/Landing Page/Select to English' (Root cause: com.kms.katalon.core.webui.exception.WebElementNotFoundException: Web element with id: 'Object Repository/Final Object Repo/Landing Page/Select to English' located by 'By.xpath: //a[@class = 'taglib-language-list-text' and @lang = 'en-US' and (contains(text(), 'EN') or contains(., 'EN'))]' not found)
	at com.kms.katalon.core.keyword.internal.KeywordMain.stepFailed(KeywordMain.groovy:32)
	at com.kms.katalon.core.webui.keyword.internal.WebUIKeywordMain.stepFailed(WebUIKeywordMain.groovy:65)
	at com.kms.katalon.core.webui.keyword.internal.WebUIKeywordMain.runKeyword(WebUIKeywordMain.groovy:27)
	at com.kms.katalon.core.webui.keyword.builtin.ClickKeyword.click(ClickKeyword.groovy:86)
	at com.kms.katalon.core.webui.keyword.builtin.ClickKeyword.execute(ClickKeyword.groovy:67)
	at com.kms.katalon.core.keyword.internal.KeywordExecutor.executeKeywordForPlatform(KeywordExecutor.groovy:53)
	at com.kms.katalon.core.webui.keyword.WebUiBuiltInKeywords.click(WebUiBuiltInKeywords.groovy:604)
	at com.kms.katalon.core.webui.keyword.WebUiBuiltInKeywords$click$6.call(Unknown Source)
	at Script1534407542420.run(Script1534407542420.groovy:57)
	at com.kms.katalon.core.main.ScriptEngine.run(ScriptEngine.java:183)
	at com.kms.katalon.core.main.ScriptEngine.runScriptAsRawText(ScriptEngine.java:108)
	at com.kms.katalon.core.main.TestCaseExecutor.runScript(TestCaseExecutor.java:294)
	at com.kms.katalon.core.main.TestCaseExecutor.doExecute(TestCaseExecutor.java:285)
	at com.kms.katalon.core.main.TestCaseExecutor.processExecutionPhase(TestCaseExecutor.java:264)
	at com.kms.katalon.core.main.TestCaseExecutor.accessMainPhase(TestCaseExecutor.java:256)
	at com.kms.katalon.core.main.TestCaseExecutor.execute(TestCaseExecutor.java:200)
	at com.kms.katalon.core.main.TestCaseMain.runTestCase(TestCaseMain.java:99)
	at com.kms.katalon.core.keyword.builtin.CallTestCaseKeyword$_callTestCase_closure1.doCall(CallTestCaseKeyword.groovy:60)
	at com.kms.katalon.core.keyword.builtin.CallTestCaseKeyword$_callTestCase_closure1.call(CallTestCaseKeyword.groovy)
	at com.kms.katalon.core.keyword.internal.KeywordMain.runKeyword(KeywordMain.groovy:54)
	at com.kms.katalon.core.keyword.builtin.CallTestCaseKeyword.callTestCase(CallTestCaseKeyword.groovy:81)
	at com.kms.katalon.core.keyword.builtin.CallTestCaseKeyword.execute(CallTestCaseKeyword.groovy:45)
	at com.kms.katalon.core.keyword.internal.KeywordExecutor.executeKeywordForPlatform(KeywordExecutor.groovy:53)
	at com.kms.katalon.core.keyword.BuiltinKeywords.callTestCase(BuiltinKeywords.groovy:334)
	at sun.reflect.GeneratedMethodAccessor13.invoke(Unknown Source)
	at sun.reflect.DelegatingMethodAccessorImpl.invoke(DelegatingMethodAccessorImpl.java:43)
	at java.lang.reflect.Method.invoke(Method.java:498)
	at org.codehaus.groovy.reflection.CachedMethod.invoke(CachedMethod.java:93)
	at groovy.lang.MetaMethod.doMethodInvoke(MetaMethod.java:325)
	at groovy.lang.MetaClassImpl.invokeStaticMethod(MetaClassImpl.java:1469)
	at org.codehaus.groovy.runtime.callsite.StaticMetaClassSite.call(StaticMetaClassSite.java:53)
	at org.codehaus.groovy.runtime.callsite.CallSiteArray.defaultCall(CallSiteArray.java:48)
	at org.codehaus.groovy.runtime.callsite.AbstractCallSite.call(AbstractCallSite.java:113)
	at org.codehaus.groovy.runtime.callsite.AbstractCallSite.call(AbstractCallSite.java:141)
	at Script1537255642276.run(Script1537255642276.groovy:113)
	at com.kms.katalon.core.main.ScriptEngine.run(ScriptEngine.java:183)
	at com.kms.katalon.core.main.ScriptEngine.runScriptAsRawText(ScriptEngine.java:108)
	at com.kms.katalon.core.main.TestCaseExecutor.runScript(TestCaseExecutor.java:294)
	at com.kms.katalon.core.main.TestCaseExecutor.doExecute(TestCaseExecutor.java:285)
	at com.kms.katalon.core.main.TestCaseExecutor.processExecutionPhase(TestCaseExecutor.java:264)
	at com.kms.katalon.core.main.TestCaseExecutor.accessMainPhase(TestCaseExecutor.java:256)
	at com.kms.katalon.core.main.TestCaseExecutor.execute(TestCaseExecutor.java:200)
	at com.kms.katalon.core.main.TestSuiteExecutor.accessTestCaseMainPhase(TestSuiteExecutor.java:129)
	at com.kms.katalon.core.main.TestSuiteExecutor.accessTestSuiteMainPhase(TestSuiteExecutor.java:112)
	at com.kms.katalon.core.main.TestSuiteExecutor.execute(TestSuiteExecutor.java:81)
	at com.kms.katalon.core.main.TestCaseMain.startTestSuite(TestCaseMain.java:142)
	at com.kms.katalon.core.main.TestCaseMain$startTestSuite$0.call(Unknown Source)
	at org.codehaus.groovy.runtime.callsite.CallSiteArray.defaultCall(CallSiteArray.java:48)
	at org.codehaus.groovy.runtime.callsite.AbstractCallSite.call(AbstractCallSite.java:113)
	at org.codehaus.groovy.runtime.callsite.AbstractCallSite.call(AbstractCallSite.java:141)
	at TempTestSuite1542874456666.run(TempTestSuite1542874456666.groovy:36)
	at groovy.lang.GroovyShell.runScriptOrMainOrTestOrRunnable(GroovyShell.java:263)
	at groovy.lang.GroovyShell.run(GroovyShell.java:518)
	at groovy.lang.GroovyShell.run(GroovyShell.java:507)
	at groovy.ui.GroovyMain.processOnce(GroovyMain.java:653)
	at groovy.ui.GroovyMain.run(GroovyMain.java:384)
	at groovy.ui.GroovyMain.process(GroovyMain.java:370)
	at groovy.ui.GroovyMain.processArgs(GroovyMain.java:129)
	at groovy.ui.GroovyMain.main(GroovyMain.java:109)
	at sun.reflect.NativeMethodAccessorImpl.invoke0(Native Method)
	at sun.reflect.NativeMethodAccessorImpl.invoke(NativeMethodAccessorImpl.java:62)
	at sun.reflect.DelegatingMethodAccessorImpl.invoke(DelegatingMethodAccessorImpl.java:43)
	at java.lang.reflect.Method.invoke(Method.java:498)
	at org.codehaus.groovy.tools.GroovyStarter.rootLoader(GroovyStarter.java:109)
	at org.codehaus.groovy.tools.GroovyStarter.main(GroovyStarter.java:131)
)

2018-11-22 21:27:37 - [TEST_STEP][PASSED] - callTestCase: Call Test Case 'Test Cases/Final Aug 2018 - PKS Automation/Registration Module/Workflow/Update Add New Employee/Template/New Company for Update Add New - Employer' successfully

2018-11-22 21:27:37 - [TEST_CASE][PASSED] - Test Cases/Final Aug 2018 - PKS Automation/Registration Module/Workflow/Update Add New Employee/Template/New Company for Update Add New - Employer: Test Cases/Final Aug 2018 - PKS Automation/Registration Module/Workflow/Update Add New Employee/Template/New Company for Update Add New - Employer

2018-11-22 21:27:37 - [TEST_STEP][PASSED] - callTestCase: Call Test Case 'Test Cases/Final Aug 2018 - PKS Automation/Create Employer Acc/Create Employer Account' successfully

2018-11-22 21:27:37 - [TEST_CASE][PASSED] - Test Cases/Final Aug 2018 - PKS Automation/Create Employer Acc/Create Employer Account: Test Cases/Final Aug 2018 - PKS Automation/Create Employer Acc/Create Employer Account

2018-11-22 21:27:37 - [TEST_STEP][PASSED] - callTestCase: Call Test Case 'Test Cases/Final Aug 2018 - PKS Automation/Create Employer Acc/Template/Register Employer' successfully

2018-11-22 21:27:38 - [TEST_CASE][PASSED] - Test Cases/Final Aug 2018 - PKS Automation/Create Employer Acc/Template/Register Employer: Test Cases/Final Aug 2018 - PKS Automation/Create Employer Acc/Template/Register Employer

2018-11-22 21:27:38 - [TEST_STEP][PASSED] - openBrowser: Browser is opened with url: ''

2018-11-22 21:27:38 - [MESSAGE][WARNING] - A browser is already opened. Closing browser and opening a new one

2018-11-22 21:27:42 - [MESSAGE][PASSED] - Browser is opened with url: ''

2018-11-22 21:27:42 - [TEST_STEP][PASSED] - navigateToUrl: Navigate to 'https://assist2-uat.perkeso.gov.my/login' successfully

2018-11-22 21:27:43 - [MESSAGE][PASSED] - Navigate to 'https://assist2-uat.perkeso.gov.my/login' successfully

2018-11-22 21:27:43 - [TEST_STEP][PASSED] - setText: Text 'johorotc1@gmail.com' is set on object 'Object Repository/Final Object Repo/Login Page/Internal User/Email Address'

2018-11-22 21:27:43 - [MESSAGE][PASSED] - Text 'johorotc1@gmail.com' is set on object 'Object Repository/Final Object Repo/Login Page/Internal User/Email Address'

2018-11-22 21:27:43 - [TEST_STEP][PASSED] - click: Object: 'Object Repository/Final Object Repo/Login Page/Internal User/Next Button' is clicked on

2018-11-22 21:27:43 - [MESSAGE][PASSED] - Object: 'Object Repository/Final Object Repo/Login Page/Internal User/Next Button' is clicked on

2018-11-22 21:27:43 - [TEST_STEP][PASSED] - delay: Delayed 1 second(s)

2018-11-22 21:27:44 - [MESSAGE][PASSED] - Delayed 1 second(s)

2018-11-22 21:27:44 - [TEST_STEP][PASSED] - setEncryptedText: Text ****** has been set on object 'Object Repository/Final Object Repo/Login Page/Internal User/Password'

2018-11-22 21:27:45 - [MESSAGE][PASSED] - Text ****** has been set on object 'Object Repository/Final Object Repo/Login Page/Internal User/Password'

2018-11-22 21:27:45 - [TEST_STEP][PASSED] - click: Object: 'Object Repository/Final Object Repo/Login Page/Internal User/Login Button' is clicked on

2018-11-22 21:27:45 - [MESSAGE][PASSED] - Object: 'Object Repository/Final Object Repo/Login Page/Internal User/Login Button' is clicked on

2018-11-22 21:27:45 - [TEST_STEP][PASSED] - delay: Delayed 1 second(s)

2018-11-22 21:27:46 - [MESSAGE][PASSED] - Delayed 1 second(s)

2018-11-22 21:27:46 - [TEST_STEP][PASSED] - navigateToUrl: Navigate to 'https://assist2-uat.perkeso.gov.my/web/base/portal-id/registration' successfully

2018-11-22 21:27:48 - [MESSAGE][PASSED] - Navigate to 'https://assist2-uat.perkeso.gov.my/web/base/portal-id/registration' successfully

2018-11-22 21:27:48 - [TEST_STEP][PASSED] - setText: Text 'AUTOMATION EMPLOYER' is set on object 'Object Repository/Final Object Repo/Creating Employer Account/Page_Registration - ASSIST (Base)/Employer Name'

2018-11-22 21:27:48 - [MESSAGE][PASSED] - Text 'AUTOMATION EMPLOYER' is set on object 'Object Repository/Final Object Repo/Creating Employer Account/Page_Registration - ASSIST (Base)/Employer Name'

2018-11-22 21:27:48 - [TEST_STEP][PASSED] - delay: Delayed 2 second(s)

2018-11-22 21:27:50 - [MESSAGE][PASSED] - Delayed 2 second(s)

2018-11-22 21:27:50 - [TEST_STEP][PASSED] - click: Object: 'Object Repository/Final Object Repo/Creating Employer Account/Page_Registration - ASSIST (Base)/Registration Type' is clicked on

2018-11-22 21:27:51 - [MESSAGE][PASSED] - Object: 'Object Repository/Final Object Repo/Creating Employer Account/Page_Registration - ASSIST (Base)/Registration Type' is clicked on

2018-11-22 21:27:51 - [TEST_STEP][PASSED] - delay: Delayed 2 second(s)

2018-11-22 21:27:53 - [MESSAGE][PASSED] - Delayed 2 second(s)

2018-11-22 21:27:53 - [TEST_STEP][PASSED] - click: Object: 'Object Repository/Final Object Repo/Creating Employer Account/Page_Registration - ASSIST (Base)/Registration Type - Registration No' is clicked on

2018-11-22 21:27:53 - [MESSAGE][PASSED] - Object: 'Object Repository/Final Object Repo/Creating Employer Account/Page_Registration - ASSIST (Base)/Registration Type - Registration No' is clicked on

2018-11-22 21:27:53 - [TEST_STEP][PASSED] - delay: Delayed 2 second(s)

2018-11-22 21:27:55 - [MESSAGE][PASSED] - Delayed 2 second(s)

2018-11-22 21:27:55 - [TEST_STEP][PASSED] - setText: Text '1234567890' is set on object 'Object Repository/Final Object Repo/Creating Employer Account/Page_Registration - ASSIST (Base)/Registration Number'

2018-11-22 21:27:55 - [MESSAGE][PASSED] - Text '1234567890' is set on object 'Object Repository/Final Object Repo/Creating Employer Account/Page_Registration - ASSIST (Base)/Registration Number'

2018-11-22 21:27:55 - [TEST_STEP][PASSED] - delay: Delayed 2 second(s)

2018-11-22 21:27:57 - [MESSAGE][PASSED] - Delayed 2 second(s)

2018-11-22 21:27:57 - [TEST_STEP][PASSED] - setText: Text 'ADDRESS 1' is set on object 'Object Repository/Final Object Repo/Creating Employer Account/Page_Registration - ASSIST (Base)/Postal Address 1'

2018-11-22 21:27:57 - [MESSAGE][PASSED] - Text 'ADDRESS 1' is set on object 'Object Repository/Final Object Repo/Creating Employer Account/Page_Registration - ASSIST (Base)/Postal Address 1'

2018-11-22 21:27:57 - [TEST_STEP][PASSED] - setText: Text 'ADDRESS 2' is set on object 'Object Repository/Final Object Repo/Creating Employer Account/Page_Registration - ASSIST (Base)/Postal Address 2'

2018-11-22 21:27:58 - [MESSAGE][PASSED] - Text 'ADDRESS 2' is set on object 'Object Repository/Final Object Repo/Creating Employer Account/Page_Registration - ASSIST (Base)/Postal Address 2'

2018-11-22 21:27:58 - [TEST_STEP][PASSED] - click: Object: 'Object Repository/Final Object Repo/Creating Employer Account/Page_Registration - ASSIST (Base)/State' is clicked on

2018-11-22 21:27:58 - [MESSAGE][PASSED] - Object: 'Object Repository/Final Object Repo/Creating Employer Account/Page_Registration - ASSIST (Base)/State' is clicked on

2018-11-22 21:27:58 - [TEST_STEP][PASSED] - delay: Delayed 2 second(s)

2018-11-22 21:28:00 - [MESSAGE][PASSED] - Delayed 2 second(s)

2018-11-22 21:28:00 - [TEST_STEP][PASSED] - click: Object: 'Object Repository/Final Object Repo/Creating Employer Account/Page_Registration - ASSIST (Base)/State - Johor' is clicked on

2018-11-22 21:28:00 - [MESSAGE][PASSED] - Object: 'Object Repository/Final Object Repo/Creating Employer Account/Page_Registration - ASSIST (Base)/State - Johor' is clicked on

2018-11-22 21:28:00 - [TEST_STEP][PASSED] - delay: Delayed 2 second(s)

2018-11-22 21:28:02 - [MESSAGE][PASSED] - Delayed 2 second(s)

2018-11-22 21:28:02 - [TEST_STEP][PASSED] - click: Object: 'Object Repository/Final Object Repo/Creating Employer Account/Page_Registration - ASSIST (Base)/City' is clicked on

2018-11-22 21:28:02 - [MESSAGE][PASSED] - Object: 'Object Repository/Final Object Repo/Creating Employer Account/Page_Registration - ASSIST (Base)/City' is clicked on

2018-11-22 21:28:02 - [TEST_STEP][PASSED] - delay: Delayed 2 second(s)

2018-11-22 21:28:04 - [MESSAGE][PASSED] - Delayed 2 second(s)

2018-11-22 21:28:04 - [TEST_STEP][PASSED] - setText: Text 'joh' is set on object 'Object Repository/Final Object Repo/Creating Employer Account/Page_Registration - ASSIST (Base)/City - joh'

2018-11-22 21:28:05 - [MESSAGE][PASSED] - Text 'joh' is set on object 'Object Repository/Final Object Repo/Creating Employer Account/Page_Registration - ASSIST (Base)/City - joh'

2018-11-22 21:28:05 - [TEST_STEP][PASSED] - delay: Delayed 2 second(s)

2018-11-22 21:28:07 - [MESSAGE][PASSED] - Delayed 2 second(s)

2018-11-22 21:28:07 - [TEST_STEP][PASSED] - click: Object: 'Object Repository/Final Object Repo/Creating Employer Account/Page_Registration - ASSIST (Base)/City - Johor Bharu' is clicked on

2018-11-22 21:28:07 - [MESSAGE][PASSED] - Object: 'Object Repository/Final Object Repo/Creating Employer Account/Page_Registration - ASSIST (Base)/City - Johor Bharu' is clicked on

2018-11-22 21:28:07 - [TEST_STEP][PASSED] - delay: Delayed 2 second(s)

2018-11-22 21:28:09 - [MESSAGE][PASSED] - Delayed 2 second(s)

2018-11-22 21:28:09 - [TEST_STEP][PASSED] - click: Object: 'Object Repository/Final Object Repo/Creating Employer Account/Page_Registration - ASSIST (Base)/Post Code' is clicked on

2018-11-22 21:28:09 - [MESSAGE][PASSED] - Object: 'Object Repository/Final Object Repo/Creating Employer Account/Page_Registration - ASSIST (Base)/Post Code' is clicked on

2018-11-22 21:28:09 - [TEST_STEP][PASSED] - delay: Delayed 2 second(s)

2018-11-22 21:28:11 - [MESSAGE][PASSED] - Delayed 2 second(s)

2018-11-22 21:28:11 - [TEST_STEP][PASSED] - setText: Text '810' is set on object 'Object Repository/Final Object Repo/Creating Employer Account/Page_Registration - ASSIST (Base)/Post Code - 810'

2018-11-22 21:28:11 - [MESSAGE][PASSED] - Text '810' is set on object 'Object Repository/Final Object Repo/Creating Employer Account/Page_Registration - ASSIST (Base)/Post Code - 810'

2018-11-22 21:28:11 - [TEST_STEP][PASSED] - delay: Delayed 2 second(s)

2018-11-22 21:28:13 - [MESSAGE][PASSED] - Delayed 2 second(s)

2018-11-22 21:28:13 - [TEST_STEP][PASSED] - click: Object: 'Object Repository/Final Object Repo/Creating Employer Account/Page_Registration - ASSIST (Base)/Post Code - 81000' is clicked on

2018-11-22 21:28:13 - [MESSAGE][PASSED] - Object: 'Object Repository/Final Object Repo/Creating Employer Account/Page_Registration - ASSIST (Base)/Post Code - 81000' is clicked on

2018-11-22 21:28:13 - [TEST_STEP][PASSED] - delay: Delayed 2 second(s)

2018-11-22 21:28:15 - [MESSAGE][PASSED] - Delayed 2 second(s)

2018-11-22 21:28:15 - [TEST_STEP][PASSED] - setText: Text 'PERKESO' is set on object 'Object Repository/Final Object Repo/Creating Employer Account/Page_Registration - ASSIST (Base)/Full Name'

2018-11-22 21:28:16 - [MESSAGE][PASSED] - Text 'PERKESO' is set on object 'Object Repository/Final Object Repo/Creating Employer Account/Page_Registration - ASSIST (Base)/Full Name'

2018-11-22 21:28:16 - [TEST_STEP][PASSED] - Statement - rnd = new java.util.Random(): null

2018-11-22 21:28:16 - [TEST_STEP][PASSED] - Statement - snum = rnd.nextInt(899999 + 1) + 100000: null

2018-11-22 21:28:16 - [TEST_STEP][PASSED] - Statement - tnum = rnd.nextInt(899999 + 1) + 100000: null

2018-11-22 21:28:16 - [TEST_STEP][PASSED] - Statement - IC = java.lang.Integer.toString(snum) + java.lang.Integer.toString(tnum): null

2018-11-22 21:28:16 - [TEST_STEP][PASSED] - Statement - out.println(IC): null

2018-11-22 21:28:16 - [TEST_STEP][PASSED] - setText: Text '604381870872' is set on object 'Object Repository/Final Object Repo/Creating Employer Account/Page_Registration - ASSIST (Base)/Identification Number'

2018-11-22 21:28:16 - [MESSAGE][PASSED] - Text '604381870872' is set on object 'Object Repository/Final Object Repo/Creating Employer Account/Page_Registration - ASSIST (Base)/Identification Number'

2018-11-22 21:28:16 - [TEST_STEP][PASSED] - delay: Delayed 2 second(s)

2018-11-22 21:28:18 - [MESSAGE][PASSED] - Delayed 2 second(s)

2018-11-22 21:28:18 - [TEST_STEP][PASSED] - setText: Text '123456789012' is set on object 'Object Repository/Final Object Repo/Creating Employer Account/Page_Registration - ASSIST (Base)/Contact Number'

2018-11-22 21:28:18 - [MESSAGE][PASSED] - Text '123456789012' is set on object 'Object Repository/Final Object Repo/Creating Employer Account/Page_Registration - ASSIST (Base)/Contact Number'

2018-11-22 21:28:18 - [TEST_STEP][PASSED] - Statement - Email = "perkeso" + IC + "@gmail.com": null

2018-11-22 21:28:18 - [TEST_STEP][PASSED] - delay: Delayed 2 second(s)

2018-11-22 21:28:20 - [MESSAGE][PASSED] - Delayed 2 second(s)

2018-11-22 21:28:20 - [TEST_STEP][PASSED] - callTestCase: Call Test Case 'Test Cases/Final Aug 2018 - PKS Automation/Create Employer Acc/Template/Employer Email Settler' successfully

2018-11-22 21:28:20 - [TEST_CASE][PASSED] - Test Cases/Final Aug 2018 - PKS Automation/Create Employer Acc/Template/Employer Email Settler: Test Cases/Final Aug 2018 - PKS Automation/Create Employer Acc/Template/Employer Email Settler

2018-11-22 21:28:21 - [TEST_STEP][PASSED] - Statement - EmpEmailOld = new java.io.File(C://Users//Admin//Desktop//PKS//Automation Reference Point//EmpEmail.txt): null

2018-11-22 21:28:21 - [TEST_STEP][PASSED] - Statement - EmpEmailOld.delete(): null

2018-11-22 21:28:21 - [TEST_STEP][PASSED] - Statement - EmpEmail = new java.io.File(C://Users//Admin//Desktop//PKS//Automation Reference Point//EmpEmail.txt): null

2018-11-22 21:28:21 - [TEST_STEP][PASSED] - Statement - EmpEmail.append(Email): null

2018-11-22 21:28:21 - [TEST_STEP][PASSED] - Statement - out.println(Email): null

2018-11-22 21:28:21 - [MESSAGE][PASSED] - Call Test Case 'Test Cases/Final Aug 2018 - PKS Automation/Create Employer Acc/Template/Employer Email Settler' successfully

2018-11-22 21:28:21 - [TEST_STEP][PASSED] - delay: Delayed 2 second(s)

2018-11-22 21:28:23 - [MESSAGE][PASSED] - Delayed 2 second(s)

2018-11-22 21:28:23 - [TEST_STEP][PASSED] - setText: Text 'perkeso604381870872@gmail.com' is set on object 'Object Repository/Final Object Repo/Creating Employer Account/Page_Registration - ASSIST (Base)/Email'

2018-11-22 21:28:23 - [MESSAGE][PASSED] - Text 'perkeso604381870872@gmail.com' is set on object 'Object Repository/Final Object Repo/Creating Employer Account/Page_Registration - ASSIST (Base)/Email'

2018-11-22 21:28:23 - [TEST_STEP][PASSED] - setText: Text '123' is set on object 'Object Repository/Final Object Repo/Creating Employer Account/Page_Registration - ASSIST (Base)/Security Phase'

2018-11-22 21:28:23 - [MESSAGE][PASSED] - Text '123' is set on object 'Object Repository/Final Object Repo/Creating Employer Account/Page_Registration - ASSIST (Base)/Security Phase'

2018-11-22 21:28:23 - [TEST_STEP][PASSED] - click: Object: 'Object Repository/Final Object Repo/Creating Employer Account/Page_Registration - ASSIST (Base)/Save  Continue' is clicked on

2018-11-22 21:28:24 - [MESSAGE][PASSED] - Object: 'Object Repository/Final Object Repo/Creating Employer Account/Page_Registration - ASSIST (Base)/Save  Continue' is clicked on

2018-11-22 21:28:24 - [TEST_STEP][PASSED] - delay: Delayed 2 second(s)

2018-11-22 21:28:26 - [MESSAGE][PASSED] - Delayed 2 second(s)

2018-11-22 21:28:26 - [TEST_STEP][PASSED] - click: Object: 'Object Repository/Final Object Repo/Creating Employer Account/Page_Registration - ASSIST (Base)/Add Document' is clicked on

2018-11-22 21:28:26 - [MESSAGE][PASSED] - Object: 'Object Repository/Final Object Repo/Creating Employer Account/Page_Registration - ASSIST (Base)/Add Document' is clicked on

2018-11-22 21:28:26 - [TEST_STEP][PASSED] - delay: Delayed 2 second(s)

2018-11-22 21:28:28 - [MESSAGE][PASSED] - Delayed 2 second(s)

2018-11-22 21:28:28 - [TEST_STEP][PASSED] - click: Object: 'Object Repository/Final Object Repo/Creating Employer Account/Page_Registration - ASSIST (Base)/Document Type' is clicked on

2018-11-22 21:28:28 - [MESSAGE][PASSED] - Object: 'Object Repository/Final Object Repo/Creating Employer Account/Page_Registration - ASSIST (Base)/Document Type' is clicked on

2018-11-22 21:28:28 - [TEST_STEP][PASSED] - delay: Delayed 2 second(s)

2018-11-22 21:28:30 - [MESSAGE][PASSED] - Delayed 2 second(s)

2018-11-22 21:28:30 - [TEST_STEP][PASSED] - click: Object: 'Object Repository/Final Object Repo/Creating Employer Account/Page_Registration - ASSIST (Base)/Document Type - Letter of Authorization' is clicked on

2018-11-22 21:28:30 - [MESSAGE][PASSED] - Object: 'Object Repository/Final Object Repo/Creating Employer Account/Page_Registration - ASSIST (Base)/Document Type - Letter of Authorization' is clicked on

2018-11-22 21:28:30 - [TEST_STEP][PASSED] - delay: Delayed 2 second(s)

2018-11-22 21:28:32 - [MESSAGE][PASSED] - Delayed 2 second(s)

2018-11-22 21:28:32 - [TEST_STEP][PASSED] - sendKeys: Keys 'C:\Users\Public\Pictures\Sample Pictures\Koala.jpg' sent to object: 'Object Repository/Final Object Repo/Creating Employer Account/Page_Registration - ASSIST (Base)/Uploading File'

2018-11-22 21:28:32 - [MESSAGE][PASSED] - Keys 'C:\Users\Public\Pictures\Sample Pictures\Koala.jpg' sent to object: 'Object Repository/Final Object Repo/Creating Employer Account/Page_Registration - ASSIST (Base)/Uploading File'

2018-11-22 21:28:32 - [TEST_STEP][PASSED] - delay: Delayed 2 second(s)

2018-11-22 21:28:34 - [MESSAGE][PASSED] - Delayed 2 second(s)

2018-11-22 21:28:34 - [TEST_STEP][PASSED] - click: Object: 'Object Repository/Final Object Repo/Creating Employer Account/Page_Registration - ASSIST (Base)/Add Document in Uploading File' is clicked on

2018-11-22 21:28:34 - [MESSAGE][PASSED] - Object: 'Object Repository/Final Object Repo/Creating Employer Account/Page_Registration - ASSIST (Base)/Add Document in Uploading File' is clicked on

2018-11-22 21:28:34 - [TEST_STEP][PASSED] - delay: Delayed 2 second(s)

2018-11-22 21:28:36 - [MESSAGE][PASSED] - Delayed 2 second(s)

2018-11-22 21:28:36 - [TEST_STEP][PASSED] - click: Object: 'Object Repository/Final Object Repo/Creating Employer Account/Page_Registration - ASSIST (Base)/Save' is clicked on

2018-11-22 21:28:37 - [MESSAGE][PASSED] - Object: 'Object Repository/Final Object Repo/Creating Employer Account/Page_Registration - ASSIST (Base)/Save' is clicked on

2018-11-22 21:28:37 - [TEST_STEP][PASSED] - delay: Delayed 2 second(s)

2018-11-22 21:28:39 - [MESSAGE][PASSED] - Delayed 2 second(s)

2018-11-22 21:28:39 - [TEST_STEP][PASSED] - click: Object: 'Object Repository/Final Object Repo/Creating Employer Account/Page_Registration - ASSIST (Base)/Submit' is clicked on

2018-11-22 21:28:39 - [MESSAGE][PASSED] - Object: 'Object Repository/Final Object Repo/Creating Employer Account/Page_Registration - ASSIST (Base)/Submit' is clicked on

2018-11-22 21:28:39 - [TEST_STEP][PASSED] - delay: Delayed 2 second(s)

2018-11-22 21:28:41 - [MESSAGE][PASSED] - Delayed 2 second(s)

2018-11-22 21:28:41 - [TEST_STEP][PASSED] - click: Object: 'Object Repository/Final Object Repo/Creating Employer Account/Page_Registration - ASSIST (Base)/Confirm' is clicked on

2018-11-22 21:28:41 - [MESSAGE][PASSED] - Object: 'Object Repository/Final Object Repo/Creating Employer Account/Page_Registration - ASSIST (Base)/Confirm' is clicked on

2018-11-22 21:28:41 - [MESSAGE][PASSED] - Call Test Case 'Test Cases/Final Aug 2018 - PKS Automation/Create Employer Acc/Template/Register Employer' successfully

2018-11-22 21:28:41 - [TEST_STEP][PASSED] - delay: Delayed 1 second(s)

2018-11-22 21:28:42 - [MESSAGE][PASSED] - Delayed 1 second(s)

2018-11-22 21:28:42 - [TEST_STEP][PASSED] - navigateToUrl: Navigate to 'https://assist2-uat.perkeso.gov.my/c/portal/logout' successfully

2018-11-22 21:28:44 - [MESSAGE][PASSED] - Navigate to 'https://assist2-uat.perkeso.gov.my/c/portal/logout' successfully

2018-11-22 21:28:44 - [TEST_STEP][PASSED] - delay: Delayed 1 second(s)

2018-11-22 21:28:45 - [MESSAGE][PASSED] - Delayed 1 second(s)

2018-11-22 21:28:45 - [TEST_STEP][PASSED] - callTestCase: Call Test Case 'Test Cases/Final Aug 2018 - PKS Automation/Create Employer Acc/Template/Change Password of Employer' successfully

2018-11-22 21:28:45 - [TEST_CASE][PASSED] - Test Cases/Final Aug 2018 - PKS Automation/Create Employer Acc/Template/Change Password of Employer: Test Cases/Final Aug 2018 - PKS Automation/Create Employer Acc/Template/Change Password of Employer

2018-11-22 21:28:45 - [TEST_STEP][PASSED] - openBrowser: Browser is opened with url: ''

2018-11-22 21:28:45 - [MESSAGE][WARNING] - A browser is already opened. Closing browser and opening a new one

2018-11-22 21:28:49 - [MESSAGE][PASSED] - Browser is opened with url: ''

2018-11-22 21:28:49 - [TEST_STEP][PASSED] - navigateToUrl: Navigate to 'https://assist2-uat.perkeso.gov.my/login' successfully

2018-11-22 21:28:50 - [MESSAGE][PASSED] - Navigate to 'https://assist2-uat.perkeso.gov.my/login' successfully

2018-11-22 21:28:50 - [TEST_STEP][PASSED] - delay: Delayed 5 second(s)

2018-11-22 21:28:55 - [MESSAGE][PASSED] - Delayed 5 second(s)

2018-11-22 21:28:55 - [TEST_STEP][PASSED] - setText: Text 'test@liferay.com' is set on object 'Object Repository/Final Object Repo/Login Page/Internal User/Email Address'

2018-11-22 21:28:55 - [MESSAGE][PASSED] - Text 'test@liferay.com' is set on object 'Object Repository/Final Object Repo/Login Page/Internal User/Email Address'

2018-11-22 21:28:55 - [TEST_STEP][PASSED] - click: Object: 'Object Repository/Final Object Repo/Login Page/Internal User/Next Button' is clicked on

2018-11-22 21:28:56 - [MESSAGE][PASSED] - Object: 'Object Repository/Final Object Repo/Login Page/Internal User/Next Button' is clicked on

2018-11-22 21:28:56 - [TEST_STEP][PASSED] - delay: Delayed 2 second(s)

2018-11-22 21:28:58 - [MESSAGE][PASSED] - Delayed 2 second(s)

2018-11-22 21:28:58 - [TEST_STEP][PASSED] - setText: Text 'test' is set on object 'Object Repository/Final Object Repo/Login Page/Internal User/Password'

2018-11-22 21:28:58 - [MESSAGE][PASSED] - Text 'test' is set on object 'Object Repository/Final Object Repo/Login Page/Internal User/Password'

2018-11-22 21:28:58 - [TEST_STEP][PASSED] - delay: Delayed 2 second(s)

2018-11-22 21:29:00 - [MESSAGE][PASSED] - Delayed 2 second(s)

2018-11-22 21:29:00 - [TEST_STEP][PASSED] - click: Object: 'Object Repository/Final Object Repo/Login Page/Internal User/Login Button' is clicked on

2018-11-22 21:29:00 - [MESSAGE][PASSED] - Object: 'Object Repository/Final Object Repo/Login Page/Internal User/Login Button' is clicked on

2018-11-22 21:29:00 - [TEST_STEP][PASSED] - delay: Delayed 3 second(s)

2018-11-22 21:29:03 - [MESSAGE][PASSED] - Delayed 3 second(s)

2018-11-22 21:29:03 - [TEST_STEP][PASSED] - navigateToUrl: Navigate to 'https://assist2-uat.perkeso.gov.my/group/control_panel/manage?p_p_id=125&p_p_lifecycle=0&p_p_state=maximized&p_p_mode=view&refererPlid=20455&_125_usersListView=flat-users&_125_toolbarItem=view-all-users&_125_saveUsersListView=true&_125_struts_action=%2Fusers_admin%2Fview' successfully

2018-11-22 21:29:05 - [MESSAGE][PASSED] - Navigate to 'https://assist2-uat.perkeso.gov.my/group/control_panel/manage?p_p_id=125&p_p_lifecycle=0&p_p_state=maximized&p_p_mode=view&refererPlid=20455&_125_usersListView=flat-users&_125_toolbarItem=view-all-users&_125_saveUsersListView=true&_125_struts_action=%2Fusers_admin%2Fview' successfully

2018-11-22 21:29:05 - [TEST_STEP][PASSED] - delay: Delayed 3 second(s)

2018-11-22 21:29:08 - [MESSAGE][PASSED] - Delayed 3 second(s)

2018-11-22 21:29:08 - [TEST_STEP][PASSED] - setText: Text 'perkeso604381870872@gmail.com' is set on object 'Object Repository/Final Object Repo/Creating Employer Account/Page_Users and Organizations - ASSIST/Employer name'

2018-11-22 21:29:08 - [MESSAGE][PASSED] - Text 'perkeso604381870872@gmail.com' is set on object 'Object Repository/Final Object Repo/Creating Employer Account/Page_Users and Organizations - ASSIST/Employer name'

2018-11-22 21:29:08 - [TEST_STEP][PASSED] - delay: Delayed 3 second(s)

2018-11-22 21:29:11 - [MESSAGE][PASSED] - Delayed 3 second(s)

2018-11-22 21:29:11 - [TEST_STEP][PASSED] - click: Object: 'Object Repository/Final Object Repo/Creating Employer Account/Page_Users and Organizations - ASSIST/Search' is clicked on

2018-11-22 21:29:11 - [MESSAGE][PASSED] - Object: 'Object Repository/Final Object Repo/Creating Employer Account/Page_Users and Organizations - ASSIST/Search' is clicked on

2018-11-22 21:29:11 - [TEST_STEP][PASSED] - delay: Delayed 3 second(s)

2018-11-22 21:29:14 - [MESSAGE][PASSED] - Delayed 3 second(s)

2018-11-22 21:29:14 - [TEST_STEP][PASSED] - click: Object: 'Object Repository/Final Object Repo/Creating Employer Account/Page_Users and Organizations - ASSIST/Action' is clicked on

2018-11-22 21:29:15 - [MESSAGE][PASSED] - Object: 'Object Repository/Final Object Repo/Creating Employer Account/Page_Users and Organizations - ASSIST/Action' is clicked on

2018-11-22 21:29:15 - [TEST_STEP][PASSED] - delay: Delayed 3 second(s)

2018-11-22 21:29:18 - [MESSAGE][PASSED] - Delayed 3 second(s)

2018-11-22 21:29:18 - [TEST_STEP][PASSED] - click: Object: 'Object Repository/Final Object Repo/Creating Employer Account/Page_Users and Organizations - ASSIST/Edit' is clicked on

2018-11-22 21:29:19 - [MESSAGE][PASSED] - Object: 'Object Repository/Final Object Repo/Creating Employer Account/Page_Users and Organizations - ASSIST/Edit' is clicked on

2018-11-22 21:29:19 - [TEST_STEP][PASSED] - delay: Delayed 3 second(s)

2018-11-22 21:29:22 - [MESSAGE][PASSED] - Delayed 3 second(s)

2018-11-22 21:29:22 - [TEST_STEP][PASSED] - click: Object: 'Object Repository/Final Object Repo/Creating Employer Account/Page_PERKESO - Users and Organizati/a_Password (Modified)' is clicked on

2018-11-22 21:29:22 - [MESSAGE][PASSED] - Object: 'Object Repository/Final Object Repo/Creating Employer Account/Page_PERKESO - Users and Organizati/a_Password (Modified)' is clicked on

2018-11-22 21:29:22 - [TEST_STEP][PASSED] - delay: Delayed 3 second(s)

2018-11-22 21:29:25 - [MESSAGE][PASSED] - Delayed 3 second(s)

2018-11-22 21:29:25 - [TEST_STEP][PASSED] - setEncryptedText: Text ****** has been set on object 'Object Repository/Final Object Repo/Creating Employer Account/Page_PERKESO - Users and Organizati/input__125_password1'

2018-11-22 21:29:25 - [MESSAGE][PASSED] - Text ****** has been set on object 'Object Repository/Final Object Repo/Creating Employer Account/Page_PERKESO - Users and Organizati/input__125_password1'

2018-11-22 21:29:25 - [TEST_STEP][PASSED] - delay: Delayed 3 second(s)

2018-11-22 21:29:28 - [MESSAGE][PASSED] - Delayed 3 second(s)

2018-11-22 21:29:28 - [TEST_STEP][PASSED] - setEncryptedText: Text ****** has been set on object 'Object Repository/Final Object Repo/Creating Employer Account/Page_PERKESO - Users and Organizati/input__125_password2'

2018-11-22 21:29:29 - [MESSAGE][PASSED] - Text ****** has been set on object 'Object Repository/Final Object Repo/Creating Employer Account/Page_PERKESO - Users and Organizati/input__125_password2'

2018-11-22 21:29:29 - [TEST_STEP][PASSED] - delay: Delayed 3 second(s)

2018-11-22 21:29:32 - [MESSAGE][PASSED] - Delayed 3 second(s)

2018-11-22 21:29:32 - [TEST_STEP][PASSED] - click: Object: 'Object Repository/Final Object Repo/Creating Employer Account/Page_PERKESO - Users and Organizati/Save' is clicked on

2018-11-22 21:29:33 - [MESSAGE][PASSED] - Object: 'Object Repository/Final Object Repo/Creating Employer Account/Page_PERKESO - Users and Organizati/Save' is clicked on

2018-11-22 21:29:33 - [MESSAGE][PASSED] - Call Test Case 'Test Cases/Final Aug 2018 - PKS Automation/Create Employer Acc/Template/Change Password of Employer' successfully

2018-11-22 21:29:33 - [TEST_STEP][PASSED] - delay: Delayed 1 second(s)

2018-11-22 21:29:34 - [MESSAGE][PASSED] - Delayed 1 second(s)

2018-11-22 21:29:34 - [TEST_STEP][PASSED] - navigateToUrl: Navigate to 'https://assist2-uat.perkeso.gov.my/c/portal/logout' successfully

2018-11-22 21:29:35 - [MESSAGE][PASSED] - Navigate to 'https://assist2-uat.perkeso.gov.my/c/portal/logout' successfully

2018-11-22 21:29:35 - [TEST_STEP][PASSED] - delay: Delayed 1 second(s)

2018-11-22 21:29:36 - [MESSAGE][PASSED] - Delayed 1 second(s)

2018-11-22 21:29:36 - [TEST_STEP][PASSED] - callTestCase: Call Test Case 'Test Cases/Final Aug 2018 - PKS Automation/Create Employer Acc/Template/Login to Employer Account (First Time)' successfully

2018-11-22 21:29:36 - [TEST_CASE][PASSED] - Test Cases/Final Aug 2018 - PKS Automation/Create Employer Acc/Template/Login to Employer Account (First Time): Test Cases/Final Aug 2018 - PKS Automation/Create Employer Acc/Template/Login to Employer Account (First Time)

2018-11-22 21:29:37 - [TEST_STEP][PASSED] - openBrowser: Browser is opened with url: ''

2018-11-22 21:29:37 - [MESSAGE][WARNING] - A browser is already opened. Closing browser and opening a new one

2018-11-22 21:29:41 - [MESSAGE][PASSED] - Browser is opened with url: ''

2018-11-22 21:29:41 - [TEST_STEP][PASSED] - navigateToUrl: Navigate to 'https://assist2-uat.perkeso.gov.my/employer/login' successfully

2018-11-22 21:29:42 - [MESSAGE][PASSED] - Navigate to 'https://assist2-uat.perkeso.gov.my/employer/login' successfully

2018-11-22 21:29:42 - [TEST_STEP][PASSED] - delay: Delayed 3 second(s)

2018-11-22 21:29:45 - [MESSAGE][PASSED] - Delayed 3 second(s)

2018-11-22 21:29:45 - [TEST_STEP][PASSED] - callTestCase: Call Test Case 'Test Cases/Final Aug 2018 - PKS Automation/Create Employer Acc/Template/Employer Email Getter' successfully

2018-11-22 21:29:45 - [TEST_CASE][PASSED] - Test Cases/Final Aug 2018 - PKS Automation/Create Employer Acc/Template/Employer Email Getter: Test Cases/Final Aug 2018 - PKS Automation/Create Employer Acc/Template/Employer Email Getter

2018-11-22 21:29:45 - [TEST_STEP][PASSED] - Statement - Try: null

2018-11-22 21:29:45 - [TEST_STEP][PASSED] - Statement - EmpEmail = new java.io.File(C://Users//Admin//Desktop//PKS//Automation Reference Point//EmpEmail.txt): null

2018-11-22 21:29:45 - [TEST_STEP][PASSED] - Statement - bufferread = new java.io.BufferedReader(new java.io.FileReader(EmpEmail)): null

2018-11-22 21:29:45 - [TEST_STEP][PASSED] - Statement - readedVal = bufferread.readLine(): null

2018-11-22 21:29:45 - [TEST_STEP][PASSED] - Statement - out.println(readedVal): null

2018-11-22 21:29:45 - [TEST_STEP][PASSED] - Statement - Email = readedVal: null

2018-11-22 21:29:45 - [MESSAGE][PASSED] - Call Test Case 'Test Cases/Final Aug 2018 - PKS Automation/Create Employer Acc/Template/Employer Email Getter' successfully

2018-11-22 21:29:45 - [TEST_STEP][PASSED] - setText: Text 'perkeso604381870872@gmail.com' is set on object 'Object Repository/Final Object Repo/Login Page/External Login Page/Email'

2018-11-22 21:29:45 - [MESSAGE][PASSED] - Text 'perkeso604381870872@gmail.com' is set on object 'Object Repository/Final Object Repo/Login Page/External Login Page/Email'

2018-11-22 21:29:45 - [TEST_STEP][PASSED] - click: Object: 'Object Repository/Final Object Repo/Login Page/External Login Page/Next' is clicked on

2018-11-22 21:29:45 - [MESSAGE][PASSED] - Object: 'Object Repository/Final Object Repo/Login Page/External Login Page/Next' is clicked on

2018-11-22 21:29:45 - [TEST_STEP][PASSED] - delay: Delayed 3 second(s)

2018-11-22 21:29:48 - [MESSAGE][PASSED] - Delayed 3 second(s)

2018-11-22 21:29:48 - [TEST_STEP][PASSED] - setEncryptedText: Text ****** has been set on object 'Object Repository/Final Object Repo/Login Page/External Login Page/Password'

2018-11-22 21:29:49 - [MESSAGE][PASSED] - Text ****** has been set on object 'Object Repository/Final Object Repo/Login Page/External Login Page/Password'

2018-11-22 21:29:49 - [TEST_STEP][PASSED] - click: Object: 'Object Repository/Final Object Repo/Login Page/External Login Page/Login' is clicked on

2018-11-22 21:29:49 - [MESSAGE][PASSED] - Object: 'Object Repository/Final Object Repo/Login Page/External Login Page/Login' is clicked on

2018-11-22 21:29:49 - [TEST_STEP][PASSED] - delay: Delayed 3 second(s)

2018-11-22 21:29:52 - [MESSAGE][PASSED] - Delayed 3 second(s)

2018-11-22 21:29:52 - [TEST_STEP][PASSED] - click: Object: 'Object Repository/Final Object Repo/Creating Employer Account/Page_Terms of Use - ASSIST/button_I Agree' is clicked on

2018-11-22 21:29:53 - [MESSAGE][PASSED] - Object: 'Object Repository/Final Object Repo/Creating Employer Account/Page_Terms of Use - ASSIST/button_I Agree' is clicked on

2018-11-22 21:29:53 - [TEST_STEP][PASSED] - delay: Delayed 2 second(s)

2018-11-22 21:29:55 - [MESSAGE][PASSED] - Delayed 2 second(s)

2018-11-22 21:29:55 - [TEST_STEP][PASSED] - setEncryptedText: Text ****** has been set on object 'Object Repository/Final Object Repo/Creating Employer Account/Page_New Password - ASSIST/input_password1'

2018-11-22 21:29:55 - [MESSAGE][PASSED] - Text ****** has been set on object 'Object Repository/Final Object Repo/Creating Employer Account/Page_New Password - ASSIST/input_password1'

2018-11-22 21:29:55 - [TEST_STEP][PASSED] - setEncryptedText: Text ****** has been set on object 'Object Repository/Final Object Repo/Creating Employer Account/Page_New Password - ASSIST/input_password2'

2018-11-22 21:29:55 - [MESSAGE][PASSED] - Text ****** has been set on object 'Object Repository/Final Object Repo/Creating Employer Account/Page_New Password - ASSIST/input_password2'

2018-11-22 21:29:55 - [TEST_STEP][PASSED] - delay: Delayed 2 second(s)

2018-11-22 21:29:57 - [MESSAGE][PASSED] - Delayed 2 second(s)

2018-11-22 21:29:57 - [TEST_STEP][PASSED] - click: Object: 'Object Repository/Final Object Repo/Creating Employer Account/Page_New Password - ASSIST/Save' is clicked on

2018-11-22 21:29:57 - [MESSAGE][PASSED] - Object: 'Object Repository/Final Object Repo/Creating Employer Account/Page_New Password - ASSIST/Save' is clicked on

2018-11-22 21:29:57 - [TEST_STEP][PASSED] - delay: Delayed 2 second(s)

2018-11-22 21:29:59 - [MESSAGE][PASSED] - Delayed 2 second(s)

2018-11-22 21:29:59 - [TEST_STEP][PASSED] - setText: Text 'test' is set on object 'Object Repository/Final Object Repo/Creating Employer Account/Page_Password Reminder - ASSIST/Reminder Query Answer'

2018-11-22 21:29:59 - [MESSAGE][PASSED] - Text 'test' is set on object 'Object Repository/Final Object Repo/Creating Employer Account/Page_Password Reminder - ASSIST/Reminder Query Answer'

2018-11-22 21:29:59 - [TEST_STEP][PASSED] - delay: Delayed 2 second(s)

2018-11-22 21:30:01 - [MESSAGE][PASSED] - Delayed 2 second(s)

2018-11-22 21:30:01 - [TEST_STEP][PASSED] - doubleClick: Object: 'Object Repository/Final Object Repo/Creating Employer Account/Page_Password Reminder - ASSIST/Save' is double clicked on

2018-11-22 21:30:02 - [MESSAGE][PASSED] - Object: 'Object Repository/Final Object Repo/Creating Employer Account/Page_Password Reminder - ASSIST/Save' is double clicked on

2018-11-22 21:30:02 - [MESSAGE][PASSED] - Call Test Case 'Test Cases/Final Aug 2018 - PKS Automation/Create Employer Acc/Template/Login to Employer Account (First Time)' successfully

2018-11-22 21:30:02 - [MESSAGE][PASSED] - Call Test Case 'Test Cases/Final Aug 2018 - PKS Automation/Create Employer Acc/Create Employer Account' successfully

2018-11-22 21:30:02 - [TEST_STEP][PASSED] - callTestCase: Call Test Case 'Test Cases/Final Aug 2018 - PKS Automation/Registration Module/Log Out/log out avoiding katalon tagging' successfully

2018-11-22 21:30:02 - [TEST_CASE][PASSED] - Test Cases/Final Aug 2018 - PKS Automation/Registration Module/Log Out/log out avoiding katalon tagging: Test Cases/Final Aug 2018 - PKS Automation/Registration Module/Log Out/log out avoiding katalon tagging

2018-11-22 21:30:02 - [TEST_STEP][PASSED] - navigateToUrl: Navigate to 'https://assist2-uat.perkeso.gov.my/c/portal/logout' successfully

2018-11-22 21:30:05 - [MESSAGE][PASSED] - Navigate to 'https://assist2-uat.perkeso.gov.my/c/portal/logout' successfully

2018-11-22 21:30:05 - [MESSAGE][PASSED] - Call Test Case 'Test Cases/Final Aug 2018 - PKS Automation/Registration Module/Log Out/log out avoiding katalon tagging' successfully

2018-11-22 21:30:05 - [TEST_STEP][PASSED] - callTestCase: Call Test Case 'Test Cases/Final Aug 2018 - PKS Automation/Create Employer Acc/Login to Employer Account (Second time)' successfully

2018-11-22 21:30:05 - [TEST_CASE][PASSED] - Test Cases/Final Aug 2018 - PKS Automation/Create Employer Acc/Login to Employer Account (Second time): Test Cases/Final Aug 2018 - PKS Automation/Create Employer Acc/Login to Employer Account (Second time)

2018-11-22 21:30:05 - [TEST_STEP][PASSED] - openBrowser: Browser is opened with url: ''

2018-11-22 21:30:05 - [MESSAGE][WARNING] - A browser is already opened. Closing browser and opening a new one

2018-11-22 21:30:09 - [MESSAGE][PASSED] - Browser is opened with url: ''

2018-11-22 21:30:09 - [TEST_STEP][PASSED] - navigateToUrl: Navigate to 'https://assist2-uat.perkeso.gov.my/employer/login' successfully

2018-11-22 21:30:10 - [MESSAGE][PASSED] - Navigate to 'https://assist2-uat.perkeso.gov.my/employer/login' successfully

2018-11-22 21:30:10 - [TEST_STEP][PASSED] - delay: Delayed 3 second(s)

2018-11-22 21:30:13 - [MESSAGE][PASSED] - Delayed 3 second(s)

2018-11-22 21:30:13 - [TEST_STEP][PASSED] - callTestCase: Call Test Case 'Test Cases/Final Aug 2018 - PKS Automation/Create Employer Acc/Template/Employer Email Getter' successfully

2018-11-22 21:30:13 - [TEST_CASE][PASSED] - Test Cases/Final Aug 2018 - PKS Automation/Create Employer Acc/Template/Employer Email Getter: Test Cases/Final Aug 2018 - PKS Automation/Create Employer Acc/Template/Employer Email Getter

2018-11-22 21:30:13 - [TEST_STEP][PASSED] - Statement - Try: null

2018-11-22 21:30:13 - [TEST_STEP][PASSED] - Statement - EmpEmail = new java.io.File(C://Users//Admin//Desktop//PKS//Automation Reference Point//EmpEmail.txt): null

2018-11-22 21:30:13 - [TEST_STEP][PASSED] - Statement - bufferread = new java.io.BufferedReader(new java.io.FileReader(EmpEmail)): null

2018-11-22 21:30:13 - [TEST_STEP][PASSED] - Statement - readedVal = bufferread.readLine(): null

2018-11-22 21:30:13 - [TEST_STEP][PASSED] - Statement - out.println(readedVal): null

2018-11-22 21:30:13 - [TEST_STEP][PASSED] - Statement - Email = readedVal: null

2018-11-22 21:30:13 - [MESSAGE][PASSED] - Call Test Case 'Test Cases/Final Aug 2018 - PKS Automation/Create Employer Acc/Template/Employer Email Getter' successfully

2018-11-22 21:30:13 - [TEST_STEP][PASSED] - setText: Text 'perkeso604381870872@gmail.com' is set on object 'Object Repository/Final Object Repo/Login Page/External Login Page/Email'

2018-11-22 21:30:13 - [MESSAGE][PASSED] - Text 'perkeso604381870872@gmail.com' is set on object 'Object Repository/Final Object Repo/Login Page/External Login Page/Email'

2018-11-22 21:30:13 - [TEST_STEP][PASSED] - click: Object: 'Object Repository/Final Object Repo/Login Page/External Login Page/Next' is clicked on

2018-11-22 21:30:14 - [MESSAGE][PASSED] - Object: 'Object Repository/Final Object Repo/Login Page/External Login Page/Next' is clicked on

2018-11-22 21:30:14 - [TEST_STEP][PASSED] - delay: Delayed 3 second(s)

2018-11-22 21:30:17 - [MESSAGE][PASSED] - Delayed 3 second(s)

2018-11-22 21:30:17 - [TEST_STEP][PASSED] - setEncryptedText: Text ****** has been set on object 'Object Repository/Final Object Repo/Login Page/External Login Page/Password'

2018-11-22 21:30:17 - [MESSAGE][PASSED] - Text ****** has been set on object 'Object Repository/Final Object Repo/Login Page/External Login Page/Password'

2018-11-22 21:30:17 - [TEST_STEP][PASSED] - click: Object: 'Object Repository/Final Object Repo/Login Page/External Login Page/Login' is clicked on

2018-11-22 21:30:17 - [MESSAGE][PASSED] - Object: 'Object Repository/Final Object Repo/Login Page/External Login Page/Login' is clicked on

2018-11-22 21:30:17 - [TEST_STEP][PASSED] - delay: Delayed 5 second(s)

2018-11-22 21:30:22 - [MESSAGE][PASSED] - Delayed 5 second(s)

2018-11-22 21:30:22 - [MESSAGE][PASSED] - Call Test Case 'Test Cases/Final Aug 2018 - PKS Automation/Create Employer Acc/Login to Employer Account (Second time)' successfully

2018-11-22 21:30:22 - [TEST_STEP][PASSED] - delay: Delayed 4 second(s)

2018-11-22 21:30:26 - [MESSAGE][PASSED] - Delayed 4 second(s)

2018-11-22 21:30:26 - [TEST_STEP][PASSED] - Statement - Try: Delayed 2 second(s)

2018-11-22 21:30:26 - [TEST_STEP][PASSED] - Statement - Checker = false: null

2018-11-22 21:30:26 - [TEST_STEP][PASSED] - Statement - Checker = com.kms.katalon.core.webui.keyword.WebUiBuiltInKeywords.verifyElementHasAttribute(com.kms.katalon.core.testobject.ObjectRepository.findTestObject(Final Object Repo/Landing Page/BM Detecting), "href", 20, OPTIONAL): Object 'Object Repository/Final Object Repo/Landing Page/BM Detecting' has attribute 'href'

2018-11-22 21:30:26 - [MESSAGE][PASSED] - Object 'Object Repository/Final Object Repo/Landing Page/BM Detecting' has attribute 'href'

2018-11-22 21:30:26 - [TEST_STEP][PASSED] - Statement - out.println(Checker): null

2018-11-22 21:30:26 - [TEST_STEP][PASSED] - Statement - If (Checker == false): null

2018-11-22 21:30:26 - [TEST_STEP][PASSED] - Statement - Else: null

2018-11-22 21:30:26 - [TEST_STEP][PASSED] - delay: Delayed 2 second(s)

2018-11-22 21:30:28 - [MESSAGE][PASSED] - Delayed 2 second(s)

2018-11-22 21:30:28 - [TEST_STEP][PASSED] - delay: Delayed 4 second(s)

2018-11-22 21:30:32 - [MESSAGE][PASSED] - Delayed 4 second(s)

2018-11-22 21:30:32 - [TEST_STEP][PASSED] - click: Object: 'Object Repository/Final Object Repo/Landing Page/My Sites Drop Down' is clicked on

2018-11-22 21:30:32 - [MESSAGE][PASSED] - Object: 'Object Repository/Final Object Repo/Landing Page/My Sites Drop Down' is clicked on

2018-11-22 21:30:32 - [TEST_STEP][PASSED] - click: Object: 'Object Repository/Final Object Repo/Landing Page/Select to Registration Module' is clicked on

2018-11-22 21:30:35 - [MESSAGE][PASSED] - Object: 'Object Repository/Final Object Repo/Landing Page/Select to Registration Module' is clicked on

2018-11-22 21:30:35 - [TEST_STEP][PASSED] - click: Object: 'Object Repository/Final Object Repo/Landing Page/Registration Button' is clicked on

2018-11-22 21:30:36 - [MESSAGE][PASSED] - Object: 'Object Repository/Final Object Repo/Landing Page/Registration Button' is clicked on

2018-11-22 21:30:36 - [TEST_STEP][PASSED] - delay: Delayed 2 second(s)

2018-11-22 21:30:38 - [MESSAGE][PASSED] - Delayed 2 second(s)

2018-11-22 21:30:38 - [TEST_STEP][PASSED] - click: Object: 'Object Repository/Final Object Repo/New Registration - Registration Module Pages/New Reg - OTC to RO/Special Case - OTC - Form 1/AEC NO' is clicked on

2018-11-22 21:30:39 - [MESSAGE][PASSED] - Object: 'Object Repository/Final Object Repo/New Registration - Registration Module Pages/New Reg - OTC to RO/Special Case - OTC - Form 1/AEC NO' is clicked on

2018-11-22 21:30:39 - [TEST_STEP][PASSED] - click: Object: 'Object Repository/Final Object Repo/New Registration - Registration Module Pages/New Reg - OTC to RO/Special Case - OTC - Form 1/Business Entity - Please Select' is clicked on

2018-11-22 21:30:39 - [MESSAGE][PASSED] - Object: 'Object Repository/Final Object Repo/New Registration - Registration Module Pages/New Reg - OTC to RO/Special Case - OTC - Form 1/Business Entity - Please Select' is clicked on

2018-11-22 21:30:39 - [TEST_STEP][PASSED] - click: Object: 'Object Repository/Final Object Repo/New Registration - Registration Module Pages/New Reg - OTC to RO/Special Case - OTC - Form 1/Selected - Corporation' is clicked on

2018-11-22 21:30:39 - [MESSAGE][PASSED] - Object: 'Object Repository/Final Object Repo/New Registration - Registration Module Pages/New Reg - OTC to RO/Special Case - OTC - Form 1/Selected - Corporation' is clicked on

2018-11-22 21:30:39 - [TEST_STEP][PASSED] - delay: Delayed 2 second(s)

2018-11-22 21:30:41 - [MESSAGE][PASSED] - Delayed 2 second(s)

2018-11-22 21:30:41 - [TEST_STEP][PASSED] - click: Object: 'Object Repository/Final Object Repo/New Registration - Registration Module Pages/New Reg - OTC to RO/Special Case - OTC - Form 1/Sub Business Entity - Please Select' is clicked on

2018-11-22 21:30:41 - [MESSAGE][PASSED] - Object: 'Object Repository/Final Object Repo/New Registration - Registration Module Pages/New Reg - OTC to RO/Special Case - OTC - Form 1/Sub Business Entity - Please Select' is clicked on

2018-11-22 21:30:41 - [TEST_STEP][PASSED] - delay: Delayed 2 second(s)

2018-11-22 21:30:43 - [MESSAGE][PASSED] - Delayed 2 second(s)

2018-11-22 21:30:43 - [TEST_STEP][PASSED] - click: Object: 'Object Repository/Final Object Repo/New Registration - Registration Module Pages/New Reg - OTC to RO/Special Case - OTC - Form 1/Selected - Sendirian Berhad' is clicked on

2018-11-22 21:30:43 - [MESSAGE][PASSED] - Object: 'Object Repository/Final Object Repo/New Registration - Registration Module Pages/New Reg - OTC to RO/Special Case - OTC - Form 1/Selected - Sendirian Berhad' is clicked on

2018-11-22 21:30:43 - [TEST_STEP][PASSED] - setText: Text 'AUTOMATE001' is set on object 'Object Repository/Final Object Repo/New Registration - Registration Module Pages/New Reg - OTC to RO/Special Case - OTC - Form 1/Input BRN Number'

2018-11-22 21:30:44 - [MESSAGE][PASSED] - Text 'AUTOMATE001' is set on object 'Object Repository/Final Object Repo/New Registration - Registration Module Pages/New Reg - OTC to RO/Special Case - OTC - Form 1/Input BRN Number'

2018-11-22 21:30:44 - [TEST_STEP][PASSED] - delay: Delayed 2 second(s)

2018-11-22 21:30:46 - [MESSAGE][PASSED] - Delayed 2 second(s)

2018-11-22 21:30:46 - [TEST_STEP][PASSED] - click: Object: 'Object Repository/Final Object Repo/New Registration - Registration Module Pages/New Reg - OTC to RO/Special Case - OTC - Form 1/BRN Search' is clicked on

2018-11-22 21:30:46 - [MESSAGE][PASSED] - Object: 'Object Repository/Final Object Repo/New Registration - Registration Module Pages/New Reg - OTC to RO/Special Case - OTC - Form 1/BRN Search' is clicked on

2018-11-22 21:30:46 - [TEST_STEP][PASSED] - delay: Delayed 4 second(s)

2018-11-22 21:30:50 - [MESSAGE][PASSED] - Delayed 4 second(s)

2018-11-22 21:30:50 - [TEST_STEP][PASSED] - click: Object: 'Object Repository/Final Object Repo/New Registration - Registration Module Pages/New Reg - OTC to RO/Special Case - OTC - Form 1/Registered with SSM - After Feb 2017' is clicked on

2018-11-22 21:30:50 - [MESSAGE][PASSED] - Object: 'Object Repository/Final Object Repo/New Registration - Registration Module Pages/New Reg - OTC to RO/Special Case - OTC - Form 1/Registered with SSM - After Feb 2017' is clicked on

2018-11-22 21:30:50 - [TEST_STEP][PASSED] - delay: Delayed 2 second(s)

2018-11-22 21:30:52 - [MESSAGE][PASSED] - Delayed 2 second(s)

2018-11-22 21:30:52 - [TEST_STEP][PASSED] - click: Object: 'Object Repository/Final Object Repo/New Registration - Registration Module Pages/Form 1/Registered As a Branch - Yes' is clicked on

2018-11-22 21:30:52 - [MESSAGE][PASSED] - Object: 'Object Repository/Final Object Repo/New Registration - Registration Module Pages/Form 1/Registered As a Branch - Yes' is clicked on

2018-11-22 21:30:52 - [TEST_STEP][PASSED] - click: Object: 'Object Repository/Final Object Repo/New Registration - Registration Module Pages/New Reg - OTC to RO/Special Case - OTC - Form 1/Acknowledgement Ticked' is clicked on

2018-11-22 21:30:53 - [MESSAGE][PASSED] - Object: 'Object Repository/Final Object Repo/New Registration - Registration Module Pages/New Reg - OTC to RO/Special Case - OTC - Form 1/Acknowledgement Ticked' is clicked on

2018-11-22 21:30:53 - [TEST_STEP][PASSED] - setText: Text 'perkeso604381870872@gmail.com' is set on object 'Object Repository/Final Object Repo/New Registration - Registration Module Pages/Form 1/Email'

2018-11-22 21:30:53 - [MESSAGE][PASSED] - Text 'perkeso604381870872@gmail.com' is set on object 'Object Repository/Final Object Repo/New Registration - Registration Module Pages/Form 1/Email'

2018-11-22 21:30:53 - [TEST_STEP][PASSED] - click: Object: 'Object Repository/Final Object Repo/New Registration - Registration Module Pages/New Reg - OTC to RO/Special Case - OTC - Form 1/Submit Button' is clicked on

2018-11-22 21:30:54 - [MESSAGE][PASSED] - Object: 'Object Repository/Final Object Repo/New Registration - Registration Module Pages/New Reg - OTC to RO/Special Case - OTC - Form 1/Submit Button' is clicked on

2018-11-22 21:30:54 - [TEST_STEP][PASSED] - callTestCase: Call Test Case 'Test Cases/Final Aug 2018 - PKS Automation/Registration Module/New Registration/Form 2/Add 1 Eligible - Employer Account Use' successfully

2018-11-22 21:30:54 - [TEST_CASE][PASSED] - Test Cases/Final Aug 2018 - PKS Automation/Registration Module/New Registration/Form 2/Add 1 Eligible - Employer Account Use: Test Cases/Final Aug 2018 - PKS Automation/Registration Module/New Registration/Form 2/Add 1 Eligible - Employer Account Use

2018-11-22 21:30:54 - [TEST_STEP][PASSED] - delay: Delayed 2 second(s)

2018-11-22 21:30:56 - [MESSAGE][PASSED] - Delayed 2 second(s)

2018-11-22 21:30:56 - [TEST_STEP][PASSED] - callTestCase: Call Test Case 'Test Cases/Final Aug 2018 - PKS Automation/Registration Module/New Registration/Form 2/Date Updater' successfully

2018-11-22 21:30:56 - [TEST_CASE][PASSED] - Test Cases/Final Aug 2018 - PKS Automation/Registration Module/New Registration/Form 2/Date Updater: Test Cases/Final Aug 2018 - PKS Automation/Registration Module/New Registration/Form 2/Date Updater

2018-11-22 21:30:56 - [TEST_STEP][PASSED] - Statement - TodayDate = new java.util.Date(): null

2018-11-22 21:30:56 - [TEST_STEP][PASSED] - Statement - CurrentDateNoFilter = new java.text.SimpleDateFormat(): null

2018-11-22 21:30:56 - [TEST_STEP][PASSED] - Statement - CurrentDateNoFilter.applyPattern("dd"): null

2018-11-22 21:30:56 - [TEST_STEP][PASSED] - Statement - CurrentDate = CurrentDateNoFilter.format(TodayDate): null

2018-11-22 21:30:56 - [TEST_STEP][PASSED] - Statement - CurrentDate = java.lang.Integer.parseInt(CurrentDate): null

2018-11-22 21:30:56 - [TEST_STEP][PASSED] - Statement - CurrentDate = CurrentDate: null

2018-11-22 21:30:56 - [TEST_STEP][PASSED] - Statement - CurrentDay = java.lang.Integer.parseInt(CurrentDate): null

2018-11-22 21:30:56 - [TEST_STEP][PASSED] - Statement - aDayBefore = CurrentDay + 1: null

2018-11-22 21:30:56 - [TEST_STEP][PASSED] - Statement - DayBefore = aDayBefore.toString(): null

2018-11-22 21:30:56 - [TEST_STEP][PASSED] - Statement - OneDayBefore = DayBefore: null

2018-11-22 21:30:56 - [TEST_STEP][PASSED] - Statement - CurrentDateNoFilter.applyPattern("MM"): null

2018-11-22 21:30:56 - [TEST_STEP][PASSED] - Statement - monthContainerMatcher = java.lang.Integer.parseInt(CurrentDateNoFilter.format(TodayDate)): null

2018-11-22 21:30:56 - [TEST_STEP][PASSED] - Statement - monthContainerMatcher = monthContainerMatcher - 1: null

2018-11-22 21:30:56 - [TEST_STEP][PASSED] - Statement - CurrentMonth = monthContainerMatcher.toString(): null

2018-11-22 21:30:56 - [TEST_STEP][PASSED] - Statement - CurrentMonth = CurrentMonth: null

2018-11-22 21:30:56 - [TEST_STEP][PASSED] - Statement - CurrentDateNoFilter.applyPattern("yyyy"): null

2018-11-22 21:30:56 - [TEST_STEP][PASSED] - Statement - CurrentYear = CurrentDateNoFilter.format(TodayDate): null

2018-11-22 21:30:56 - [TEST_STEP][PASSED] - Statement - CurrentYear = CurrentYear: null

2018-11-22 21:30:56 - [TEST_STEP][PASSED] - Statement - intCurrentYear = java.lang.Integer.parseInt(CurrentDateNoFilter.format(TodayDate)): null

2018-11-22 21:30:56 - [TEST_STEP][PASSED] - Statement - eighteenYrsAgo = intCurrentYear - 18: null

2018-11-22 21:30:56 - [TEST_STEP][PASSED] - Statement - eighteenYrsBeforeThisYr = eighteenYrsAgo.toString(): null

2018-11-22 21:30:56 - [TEST_STEP][PASSED] - Statement - EighteenYrsBefore = eighteenYrsBeforeThisYr: null

2018-11-22 21:30:56 - [TEST_STEP][PASSED] - Statement - fiftysevenYrsAgo = intCurrentYear - 57: null

2018-11-22 21:30:56 - [TEST_STEP][PASSED] - Statement - fiftysevenYrsBeforeThisYr = fiftysevenYrsAgo.toString(): null

2018-11-22 21:30:56 - [TEST_STEP][PASSED] - Statement - FiftysevenYrsBefore = fiftysevenYrsBeforeThisYr: null

2018-11-22 21:30:56 - [MESSAGE][PASSED] - Call Test Case 'Test Cases/Final Aug 2018 - PKS Automation/Registration Module/New Registration/Form 2/Date Updater' successfully

2018-11-22 21:30:56 - [TEST_STEP][PASSED] - delay: Delayed 1 second(s)

2018-11-22 21:30:57 - [MESSAGE][PASSED] - Delayed 1 second(s)

2018-11-22 21:30:57 - [TEST_STEP][PASSED] - Statement - CaseReferenceNo = com.kms.katalon.core.webui.keyword.WebUiBuiltInKeywords.getText(com.kms.katalon.core.testobject.ObjectRepository.findTestObject(Final Object Repo/New Registration - Registration Module Pages/Form 2/RefNo Acquiring)): Text of object 'Object Repository/Final Object Repo/New Registration - Registration Module Pages/Form 2/RefNo Acquiring' is: 'CRN11201800122698'

2018-11-22 21:30:57 - [MESSAGE][PASSED] - Text of object 'Object Repository/Final Object Repo/New Registration - Registration Module Pages/Form 2/RefNo Acquiring' is: 'CRN11201800122698'

2018-11-22 21:30:57 - [TEST_STEP][PASSED] - delay: Delayed 1 second(s)

2018-11-22 21:30:58 - [MESSAGE][PASSED] - Delayed 1 second(s)

2018-11-22 21:30:58 - [TEST_STEP][PASSED] - click: Object: 'Object Repository/Final Object Repo/New Registration - Registration Module Pages/Form 2/Add Employee Button' is clicked on

2018-11-22 21:30:58 - [MESSAGE][PASSED] - Object: 'Object Repository/Final Object Repo/New Registration - Registration Module Pages/Form 2/Add Employee Button' is clicked on

2018-11-22 21:30:58 - [TEST_STEP][PASSED] - delay: Delayed 1 second(s)

2018-11-22 21:30:59 - [MESSAGE][PASSED] - Delayed 1 second(s)

2018-11-22 21:30:59 - [TEST_STEP][PASSED] - setText: Text '010903091948' is set on object 'Object Repository/Final Object Repo/New Registration - Registration Module Pages/Form 2/NRIC Input'

2018-11-22 21:31:00 - [MESSAGE][PASSED] - Text '010903091948' is set on object 'Object Repository/Final Object Repo/New Registration - Registration Module Pages/Form 2/NRIC Input'

2018-11-22 21:31:00 - [TEST_STEP][PASSED] - delay: Delayed 2 second(s)

2018-11-22 21:31:02 - [MESSAGE][PASSED] - Delayed 2 second(s)

2018-11-22 21:31:02 - [TEST_STEP][PASSED] - setText: Text 'Automate001 eligible 1' is set on object 'Object Repository/Final Object Repo/New Registration - Registration Module Pages/Form 2/Employee Name Input'

2018-11-22 21:31:02 - [MESSAGE][PASSED] - Text 'Automate001 eligible 1' is set on object 'Object Repository/Final Object Repo/New Registration - Registration Module Pages/Form 2/Employee Name Input'

2018-11-22 21:31:02 - [TEST_STEP][PASSED] - delay: Delayed 2 second(s)

2018-11-22 21:31:04 - [MESSAGE][PASSED] - Delayed 2 second(s)

2018-11-22 21:31:04 - [TEST_STEP][PASSED] - click: Object: 'Object Repository/Final Object Repo/New Registration - Registration Module Pages/Form 2/DatePicker Pop Up' is clicked on

2018-11-22 21:31:04 - [MESSAGE][PASSED] - Object: 'Object Repository/Final Object Repo/New Registration - Registration Module Pages/Form 2/DatePicker Pop Up' is clicked on

2018-11-22 21:31:04 - [TEST_STEP][PASSED] - click: Object: 'Object Repository/Final Object Repo/New Registration - Registration Module Pages/Form 2/DOB Month' is clicked on

2018-11-22 21:31:04 - [MESSAGE][PASSED] - Object: 'Object Repository/Final Object Repo/New Registration - Registration Module Pages/Form 2/DOB Month' is clicked on

2018-11-22 21:31:04 - [TEST_STEP][PASSED] - Statement - CurrentMonth = CurrentMonth: null

2018-11-22 21:31:04 - [TEST_STEP][PASSED] - Statement - selectMonth = new com.kms.katalon.core.testobject.TestObject(): null

2018-11-22 21:31:04 - [TEST_STEP][PASSED] - Statement - selectMonth.addProperty("xpath", EQUALS, "//body/div/div/div/select/option[@value='" + CurrentMonth + "']", true): null

2018-11-22 21:31:04 - [TEST_STEP][PASSED] - click: Object: '' is clicked on

2018-11-22 21:31:05 - [MESSAGE][PASSED] - Object: '' is clicked on

2018-11-22 21:31:05 - [TEST_STEP][PASSED] - click: Object: 'Object Repository/Final Object Repo/New Registration - Registration Module Pages/Form 2/DOB Year' is clicked on

2018-11-22 21:31:05 - [MESSAGE][PASSED] - Object: 'Object Repository/Final Object Repo/New Registration - Registration Module Pages/Form 2/DOB Year' is clicked on

2018-11-22 21:31:05 - [TEST_STEP][PASSED] - Statement - Eyearsbf = EighteenYrsBefore: null

2018-11-22 21:31:05 - [TEST_STEP][PASSED] - Statement - selectYear = new com.kms.katalon.core.testobject.TestObject(): null

2018-11-22 21:31:05 - [TEST_STEP][PASSED] - Statement - selectYear.addProperty("xpath", EQUALS, "//div/div/div/select/option[@value='" + Eyearsbf + "']", true): null

2018-11-22 21:31:05 - [TEST_STEP][PASSED] - click: Object: '' is clicked on

2018-11-22 21:31:05 - [MESSAGE][PASSED] - Object: '' is clicked on

2018-11-22 21:31:05 - [TEST_STEP][PASSED] - Statement - UpdatedSelectDate = com.kms.katalon.core.webui.keyword.WebUiBuiltInKeywords.modifyObjectProperty(com.kms.katalon.core.testobject.ObjectRepository.findTestObject(Final Object Repo/New Registration - Registration Module Pages/Form 2/DOB Date), "xpath", "equals", "//body/div/table/tbody/tr/td/a[text()="" + CurrentDate + ""]", true): Modify property of object successfully

2018-11-22 21:31:05 - [MESSAGE][PASSED] - Modify property of object successfully

2018-11-22 21:31:05 - [TEST_STEP][PASSED] - delay: Delayed 3 second(s)

2018-11-22 21:31:08 - [MESSAGE][PASSED] - Delayed 3 second(s)

2018-11-22 21:31:08 - [TEST_STEP][PASSED] - click: Object: 'Object Repository/Final Object Repo/New Registration - Registration Module Pages/Form 2/DOB Date' is clicked on

2018-11-22 21:31:08 - [MESSAGE][PASSED] - Object: 'Object Repository/Final Object Repo/New Registration - Registration Module Pages/Form 2/DOB Date' is clicked on

2018-11-22 21:31:08 - [TEST_STEP][PASSED] - delay: Delayed 2 second(s)

2018-11-22 21:31:10 - [MESSAGE][PASSED] - Delayed 2 second(s)

2018-11-22 21:31:10 - [TEST_STEP][PASSED] - click: Object: 'Object Repository/Final Object Repo/New Registration - Registration Module Pages/Form 2/EmploymentStartDate Pop Up' is clicked on

2018-11-22 21:31:10 - [MESSAGE][PASSED] - Object: 'Object Repository/Final Object Repo/New Registration - Registration Module Pages/Form 2/EmploymentStartDate Pop Up' is clicked on

2018-11-22 21:31:10 - [TEST_STEP][PASSED] - delay: Delayed 2 second(s)

2018-11-22 21:31:12 - [MESSAGE][PASSED] - Delayed 2 second(s)

2018-11-22 21:31:12 - [TEST_STEP][PASSED] - click: Object: 'Object Repository/Final Object Repo/New Registration - Registration Module Pages/Form 2/Socso Employment StartDate Month' is clicked on

2018-11-22 21:31:12 - [MESSAGE][PASSED] - Object: 'Object Repository/Final Object Repo/New Registration - Registration Module Pages/Form 2/Socso Employment StartDate Month' is clicked on

2018-11-22 21:31:12 - [TEST_STEP][PASSED] - delay: Delayed 1 second(s)

2018-11-22 21:31:13 - [MESSAGE][PASSED] - Delayed 1 second(s)

2018-11-22 21:31:13 - [TEST_STEP][PASSED] - click: Object: 'Object Repository/Final Object Repo/New Registration - Registration Module Pages/Form 2/Select Socso Employement Startdate Month' is clicked on

2018-11-22 21:31:14 - [MESSAGE][PASSED] - Object: 'Object Repository/Final Object Repo/New Registration - Registration Module Pages/Form 2/Select Socso Employement Startdate Month' is clicked on

2018-11-22 21:31:14 - [TEST_STEP][PASSED] - delay: Delayed 2 second(s)

2018-11-22 21:31:16 - [MESSAGE][PASSED] - Delayed 2 second(s)

2018-11-22 21:31:16 - [TEST_STEP][PASSED] - click: Object: 'Object Repository/Final Object Repo/New Registration - Registration Module Pages/Form 2/Socso Employment StartDate Year' is clicked on

2018-11-22 21:31:16 - [MESSAGE][PASSED] - Object: 'Object Repository/Final Object Repo/New Registration - Registration Module Pages/Form 2/Socso Employment StartDate Year' is clicked on

2018-11-22 21:31:16 - [TEST_STEP][PASSED] - delay: Delayed 1 second(s)

2018-11-22 21:31:17 - [MESSAGE][PASSED] - Delayed 1 second(s)

2018-11-22 21:31:17 - [TEST_STEP][PASSED] - click: Object: 'Object Repository/Final Object Repo/New Registration - Registration Module Pages/Form 2/Select Socso Employment Startdate Year' is clicked on

2018-11-22 21:31:17 - [MESSAGE][PASSED] - Object: 'Object Repository/Final Object Repo/New Registration - Registration Module Pages/Form 2/Select Socso Employment Startdate Year' is clicked on

2018-11-22 21:31:17 - [TEST_STEP][PASSED] - delay: Delayed 2 second(s)

2018-11-22 21:31:19 - [MESSAGE][PASSED] - Delayed 2 second(s)

2018-11-22 21:31:19 - [TEST_STEP][PASSED] - click: Object: 'Object Repository/Final Object Repo/New Registration - Registration Module Pages/Form 2/Socso Employment Start Date Day' is clicked on

2018-11-22 21:31:19 - [MESSAGE][PASSED] - Object: 'Object Repository/Final Object Repo/New Registration - Registration Module Pages/Form 2/Socso Employment Start Date Day' is clicked on

2018-11-22 21:31:19 - [TEST_STEP][PASSED] - delay: Delayed 2 second(s)

2018-11-22 21:31:21 - [MESSAGE][PASSED] - Delayed 2 second(s)

2018-11-22 21:31:21 - [TEST_STEP][PASSED] - click: Object: 'Object Repository/Final Object Repo/New Registration - Registration Module Pages/Form 2/Save Button for Add Employee' is clicked on

2018-11-22 21:31:21 - [MESSAGE][PASSED] - Object: 'Object Repository/Final Object Repo/New Registration - Registration Module Pages/Form 2/Save Button for Add Employee' is clicked on

2018-11-22 21:31:21 - [TEST_STEP][PASSED] - delay: Delayed 6 second(s)

2018-11-22 21:31:27 - [MESSAGE][PASSED] - Delayed 6 second(s)

2018-11-22 21:31:27 - [TEST_STEP][PASSED] - click: Object: 'Object Repository/Final Object Repo/New Registration - Registration Module Pages/Form 2/Save and Continue Form 2' is clicked on

2018-11-22 21:31:28 - [MESSAGE][PASSED] - Object: 'Object Repository/Final Object Repo/New Registration - Registration Module Pages/Form 2/Save and Continue Form 2' is clicked on

2018-11-22 21:31:28 - [MESSAGE][PASSED] - Call Test Case 'Test Cases/Final Aug 2018 - PKS Automation/Registration Module/New Registration/Form 2/Add 1 Eligible - Employer Account Use' successfully

2018-11-22 21:31:28 - [TEST_STEP][PASSED] - callTestCase: Call Test Case 'Test Cases/Final Aug 2018 - PKS Automation/Registration Module/New Registration/Flow of New Registration/Third Screen - Upload Supporting Doc - Preview' successfully

2018-11-22 21:31:28 - [TEST_CASE][PASSED] - Test Cases/Final Aug 2018 - PKS Automation/Registration Module/New Registration/Flow of New Registration/Third Screen - Upload Supporting Doc - Preview: Test Cases/Final Aug 2018 - PKS Automation/Registration Module/New Registration/Flow of New Registration/Third Screen - Upload Supporting Doc - Preview

2018-11-22 21:31:28 - [TEST_STEP][PASSED] - waitForPageLoad: Wait for page load successfully

2018-11-22 21:31:28 - [MESSAGE][PASSED] - Wait for page load successfully

2018-11-22 21:31:28 - [TEST_STEP][PASSED] - Statement - CaseReferenceNo = com.kms.katalon.core.webui.keyword.WebUiBuiltInKeywords.getText(com.kms.katalon.core.testobject.ObjectRepository.findTestObject(Final Object Repo/New Registration - Registration Module Pages/Third Screen - Upload Supporting Doc- Preview/RefNo Acquiring)): Text of object 'Object Repository/Final Object Repo/New Registration - Registration Module Pages/Third Screen - Upload Supporting Doc- Preview/RefNo Acquiring' is: 'CRN11201800122698'

2018-11-22 21:31:28 - [MESSAGE][PASSED] - Text of object 'Object Repository/Final Object Repo/New Registration - Registration Module Pages/Third Screen - Upload Supporting Doc- Preview/RefNo Acquiring' is: 'CRN11201800122698'

2018-11-22 21:31:28 - [TEST_STEP][PASSED] - delay: Delayed 2 second(s)

2018-11-22 21:31:30 - [MESSAGE][PASSED] - Delayed 2 second(s)

2018-11-22 21:31:30 - [TEST_STEP][PASSED] - callTestCase: Call Test Case 'Test Cases/Final Aug 2018 - PKS Automation/Common/Reference Number Setter' successfully

2018-11-22 21:31:30 - [TEST_CASE][PASSED] - Test Cases/Final Aug 2018 - PKS Automation/Common/Reference Number Setter: Test Cases/Final Aug 2018 - PKS Automation/Common/Reference Number Setter

2018-11-22 21:31:30 - [TEST_STEP][PASSED] - Statement - RefNoOldFile = new java.io.File(C://Users//Admin//Desktop//PKS//Automation Reference Point//KatalonReference.txt): null

2018-11-22 21:31:30 - [TEST_STEP][PASSED] - Statement - RefNoOldFile.delete(): null

2018-11-22 21:31:30 - [TEST_STEP][PASSED] - delay: Delayed 5 second(s)

2018-11-22 21:31:35 - [MESSAGE][PASSED] - Delayed 5 second(s)

2018-11-22 21:31:35 - [TEST_STEP][PASSED] - Statement - RefNo = new java.io.File(C://Users//Admin//Desktop//PKS//Automation Reference Point//KatalonReference.txt): null

2018-11-22 21:31:35 - [TEST_STEP][PASSED] - Statement - f2 = new java.io.FileWriter(RefNo, false): null

2018-11-22 21:31:35 - [TEST_STEP][PASSED] - Statement - f2.write(CaseReferenceNo): null

2018-11-22 21:31:35 - [TEST_STEP][PASSED] - Statement - f2.close(): null

2018-11-22 21:31:35 - [TEST_STEP][PASSED] - Statement - out.println("


" + CaseReferenceNo + "


"): null

2018-11-22 21:31:35 - [MESSAGE][PASSED] - Call Test Case 'Test Cases/Final Aug 2018 - PKS Automation/Common/Reference Number Setter' successfully

2018-11-22 21:31:35 - [TEST_STEP][PASSED] - waitForElementClickable: Object 'Object Repository/Final Object Repo/New Registration - Registration Module Pages/Third Screen - Upload Supporting Doc- Preview/Save n Continue in SIP Employee Listing Page' is clickable

2018-11-22 21:31:36 - [MESSAGE][PASSED] - Object 'Object Repository/Final Object Repo/New Registration - Registration Module Pages/Third Screen - Upload Supporting Doc- Preview/Save n Continue in SIP Employee Listing Page' is clickable

2018-11-22 21:31:36 - [TEST_STEP][PASSED] - click: Object: 'Object Repository/Final Object Repo/New Registration - Registration Module Pages/Third Screen - Upload Supporting Doc- Preview/Save n Continue in SIP Employee Listing Page' is clicked on

2018-11-22 21:31:41 - [MESSAGE][PASSED] - Object: 'Object Repository/Final Object Repo/New Registration - Registration Module Pages/Third Screen - Upload Supporting Doc- Preview/Save n Continue in SIP Employee Listing Page' is clicked on

2018-11-22 21:31:41 - [TEST_STEP][PASSED] - delay: Delayed 7 second(s)

2018-11-22 21:31:48 - [MESSAGE][PASSED] - Delayed 7 second(s)

2018-11-22 21:31:48 - [TEST_STEP][PASSED] - click: Object: 'Object Repository/Final Object Repo/New Registration - Registration Module Pages/Third Screen - Upload Supporting Doc- Preview/Add Document Button' is clicked on

2018-11-22 21:31:48 - [MESSAGE][PASSED] - Object: 'Object Repository/Final Object Repo/New Registration - Registration Module Pages/Third Screen - Upload Supporting Doc- Preview/Add Document Button' is clicked on

2018-11-22 21:31:48 - [TEST_STEP][PASSED] - delay: Delayed 30 second(s)

2018-11-22 21:32:18 - [MESSAGE][PASSED] - Delayed 30 second(s)

2018-11-22 21:32:18 - [TEST_STEP][PASSED] - click: Object: 'Object Repository/Final Object Repo/New Registration - Registration Module Pages/Third Screen - Upload Supporting Doc- Preview/Supporting Doc Please Select Drop Down' is clicked on

2018-11-22 21:32:18 - [MESSAGE][PASSED] - Object: 'Object Repository/Final Object Repo/New Registration - Registration Module Pages/Third Screen - Upload Supporting Doc- Preview/Supporting Doc Please Select Drop Down' is clicked on

2018-11-22 21:32:18 - [TEST_STEP][PASSED] - delay: Delayed 2 second(s)

2018-11-22 21:32:20 - [MESSAGE][PASSED] - Delayed 2 second(s)

2018-11-22 21:32:20 - [TEST_STEP][PASSED] - click: Object: 'Object Repository/Final Object Repo/New Registration - Registration Module Pages/Third Screen - Upload Supporting Doc- Preview/Select to Upload Form 1' is clicked on

2018-11-22 21:32:20 - [MESSAGE][PASSED] - Object: 'Object Repository/Final Object Repo/New Registration - Registration Module Pages/Third Screen - Upload Supporting Doc- Preview/Select to Upload Form 1' is clicked on

2018-11-22 21:32:20 - [TEST_STEP][PASSED] - delay: Delayed 2 second(s)

2018-11-22 21:32:22 - [MESSAGE][PASSED] - Delayed 2 second(s)

2018-11-22 21:32:22 - [TEST_STEP][PASSED] - uploadFile: File 'C:\Users\Public\Pictures\Sample Pictures\Koala.jpg' sent to object: 'Object Repository/Final Object Repo/New Registration - Registration Module Pages/Third Screen - Upload Supporting Doc- Preview/Upload File Adding'

2018-11-22 21:32:22 - [MESSAGE][PASSED] - File 'C:\Users\Public\Pictures\Sample Pictures\Koala.jpg' sent to object: 'Object Repository/Final Object Repo/New Registration - Registration Module Pages/Third Screen - Upload Supporting Doc- Preview/Upload File Adding'

2018-11-22 21:32:22 - [TEST_STEP][PASSED] - delay: Delayed 5 second(s)

2018-11-22 21:32:27 - [MESSAGE][PASSED] - Delayed 5 second(s)

2018-11-22 21:32:27 - [TEST_STEP][PASSED] - click: Object: 'Object Repository/Final Object Repo/New Registration - Registration Module Pages/Third Screen - Upload Supporting Doc- Preview/Inner Form Add Document Button' is clicked on

2018-11-22 21:32:28 - [MESSAGE][PASSED] - Object: 'Object Repository/Final Object Repo/New Registration - Registration Module Pages/Third Screen - Upload Supporting Doc- Preview/Inner Form Add Document Button' is clicked on

2018-11-22 21:32:28 - [TEST_STEP][PASSED] - delay: Delayed 3 second(s)

2018-11-22 21:32:31 - [MESSAGE][PASSED] - Delayed 3 second(s)

2018-11-22 21:32:31 - [TEST_STEP][PASSED] - click: Object: 'Object Repository/Final Object Repo/New Registration - Registration Module Pages/Third Screen - Upload Supporting Doc- Preview/Add Document Button' is clicked on

2018-11-22 21:32:32 - [MESSAGE][PASSED] - Object: 'Object Repository/Final Object Repo/New Registration - Registration Module Pages/Third Screen - Upload Supporting Doc- Preview/Add Document Button' is clicked on

2018-11-22 21:32:32 - [TEST_STEP][PASSED] - delay: Delayed 30 second(s)

2018-11-22 21:33:02 - [MESSAGE][PASSED] - Delayed 30 second(s)

2018-11-22 21:33:02 - [TEST_STEP][PASSED] - click: Object: 'Object Repository/Final Object Repo/New Registration - Registration Module Pages/Third Screen - Upload Supporting Doc- Preview/Supporting Doc Please Select Drop Down' is clicked on

2018-11-22 21:33:02 - [MESSAGE][PASSED] - Object: 'Object Repository/Final Object Repo/New Registration - Registration Module Pages/Third Screen - Upload Supporting Doc- Preview/Supporting Doc Please Select Drop Down' is clicked on

2018-11-22 21:33:02 - [TEST_STEP][PASSED] - delay: Delayed 2 second(s)

2018-11-22 21:33:04 - [MESSAGE][PASSED] - Delayed 2 second(s)

2018-11-22 21:33:04 - [TEST_STEP][PASSED] - click: Object: 'Object Repository/Final Object Repo/New Registration - Registration Module Pages/Third Screen - Upload Supporting Doc- Preview/Select to Upload Form 2' is clicked on

2018-11-22 21:33:04 - [MESSAGE][PASSED] - Object: 'Object Repository/Final Object Repo/New Registration - Registration Module Pages/Third Screen - Upload Supporting Doc- Preview/Select to Upload Form 2' is clicked on

2018-11-22 21:33:04 - [TEST_STEP][PASSED] - delay: Delayed 2 second(s)

2018-11-22 21:33:06 - [MESSAGE][PASSED] - Delayed 2 second(s)

2018-11-22 21:33:06 - [TEST_STEP][PASSED] - uploadFile: File 'C:\Users\Public\Pictures\Sample Pictures\Koala.jpg' sent to object: 'Object Repository/Final Object Repo/New Registration - Registration Module Pages/Third Screen - Upload Supporting Doc- Preview/Upload File Adding'

2018-11-22 21:33:06 - [MESSAGE][PASSED] - File 'C:\Users\Public\Pictures\Sample Pictures\Koala.jpg' sent to object: 'Object Repository/Final Object Repo/New Registration - Registration Module Pages/Third Screen - Upload Supporting Doc- Preview/Upload File Adding'

2018-11-22 21:33:06 - [TEST_STEP][PASSED] - click: Object: 'Object Repository/Final Object Repo/New Registration - Registration Module Pages/Third Screen - Upload Supporting Doc- Preview/Inner Form Add Document Button' is clicked on

2018-11-22 21:33:06 - [MESSAGE][PASSED] - Object: 'Object Repository/Final Object Repo/New Registration - Registration Module Pages/Third Screen - Upload Supporting Doc- Preview/Inner Form Add Document Button' is clicked on

2018-11-22 21:33:06 - [TEST_STEP][PASSED] - delay: Delayed 5 second(s)

2018-11-22 21:33:11 - [MESSAGE][PASSED] - Delayed 5 second(s)

2018-11-22 21:33:11 - [TEST_STEP][PASSED] - click: Object: 'Object Repository/Final Object Repo/New Registration - Registration Module Pages/Third Screen - Upload Supporting Doc- Preview/Add Document Button' is clicked on

2018-11-22 21:33:12 - [MESSAGE][PASSED] - Object: 'Object Repository/Final Object Repo/New Registration - Registration Module Pages/Third Screen - Upload Supporting Doc- Preview/Add Document Button' is clicked on

2018-11-22 21:33:12 - [TEST_STEP][PASSED] - delay: Delayed 30 second(s)

2018-11-22 21:33:42 - [MESSAGE][PASSED] - Delayed 30 second(s)

2018-11-22 21:33:42 - [TEST_STEP][PASSED] - click: Object: 'Object Repository/Final Object Repo/New Registration - Registration Module Pages/Third Screen - Upload Supporting Doc- Preview/Supporting Doc Please Select Drop Down' is clicked on

2018-11-22 21:33:42 - [MESSAGE][PASSED] - Object: 'Object Repository/Final Object Repo/New Registration - Registration Module Pages/Third Screen - Upload Supporting Doc- Preview/Supporting Doc Please Select Drop Down' is clicked on

2018-11-22 21:33:42 - [TEST_STEP][PASSED] - click: Object: 'Object Repository/Final Object Repo/New Registration - Registration Module Pages/Third Screen - Upload Supporting Doc- Preview/Select to Upload Borang SIP 1' is clicked on

2018-11-22 21:33:42 - [MESSAGE][PASSED] - Object: 'Object Repository/Final Object Repo/New Registration - Registration Module Pages/Third Screen - Upload Supporting Doc- Preview/Select to Upload Borang SIP 1' is clicked on

2018-11-22 21:33:42 - [TEST_STEP][PASSED] - delay: Delayed 2 second(s)

2018-11-22 21:33:44 - [MESSAGE][PASSED] - Delayed 2 second(s)

2018-11-22 21:33:44 - [TEST_STEP][PASSED] - uploadFile: File 'C:\Users\Public\Pictures\Sample Pictures\Koala.jpg' sent to object: 'Object Repository/Final Object Repo/New Registration - Registration Module Pages/Third Screen - Upload Supporting Doc- Preview/Upload File Adding'

2018-11-22 21:33:44 - [MESSAGE][PASSED] - File 'C:\Users\Public\Pictures\Sample Pictures\Koala.jpg' sent to object: 'Object Repository/Final Object Repo/New Registration - Registration Module Pages/Third Screen - Upload Supporting Doc- Preview/Upload File Adding'

2018-11-22 21:33:44 - [TEST_STEP][PASSED] - click: Object: 'Object Repository/Final Object Repo/New Registration - Registration Module Pages/Third Screen - Upload Supporting Doc- Preview/Inner Form Add Document Button' is clicked on

2018-11-22 21:33:44 - [MESSAGE][PASSED] - Object: 'Object Repository/Final Object Repo/New Registration - Registration Module Pages/Third Screen - Upload Supporting Doc- Preview/Inner Form Add Document Button' is clicked on

2018-11-22 21:33:44 - [TEST_STEP][PASSED] - delay: Delayed 5 second(s)

2018-11-22 21:33:49 - [MESSAGE][PASSED] - Delayed 5 second(s)

2018-11-22 21:33:49 - [TEST_STEP][PASSED] - click: Object: 'Object Repository/Final Object Repo/New Registration - Registration Module Pages/Third Screen - Upload Supporting Doc- Preview/Add Document Button' is clicked on

2018-11-22 21:33:49 - [MESSAGE][PASSED] - Object: 'Object Repository/Final Object Repo/New Registration - Registration Module Pages/Third Screen - Upload Supporting Doc- Preview/Add Document Button' is clicked on

2018-11-22 21:33:49 - [TEST_STEP][PASSED] - delay: Delayed 30 second(s)

2018-11-22 21:34:19 - [MESSAGE][PASSED] - Delayed 30 second(s)

2018-11-22 21:34:19 - [TEST_STEP][PASSED] - click: Object: 'Object Repository/Final Object Repo/New Registration - Registration Module Pages/Third Screen - Upload Supporting Doc- Preview/Supporting Doc Please Select Drop Down' is clicked on

2018-11-22 21:34:20 - [MESSAGE][PASSED] - Object: 'Object Repository/Final Object Repo/New Registration - Registration Module Pages/Third Screen - Upload Supporting Doc- Preview/Supporting Doc Please Select Drop Down' is clicked on

2018-11-22 21:34:20 - [TEST_STEP][PASSED] - delay: Delayed 3 second(s)

2018-11-22 21:34:23 - [MESSAGE][PASSED] - Delayed 3 second(s)

2018-11-22 21:34:23 - [TEST_STEP][PASSED] - click: Object: 'Object Repository/Final Object Repo/New Registration - Registration Module Pages/Third Screen - Upload Supporting Doc- Preview/Select to Upload Borang SIP 2' is clicked on

2018-11-22 21:34:23 - [MESSAGE][PASSED] - Object: 'Object Repository/Final Object Repo/New Registration - Registration Module Pages/Third Screen - Upload Supporting Doc- Preview/Select to Upload Borang SIP 2' is clicked on

2018-11-22 21:34:23 - [TEST_STEP][PASSED] - delay: Delayed 2 second(s)

2018-11-22 21:34:25 - [MESSAGE][PASSED] - Delayed 2 second(s)

2018-11-22 21:34:25 - [TEST_STEP][PASSED] - uploadFile: File 'C:\Users\Public\Pictures\Sample Pictures\Koala.jpg' sent to object: 'Object Repository/Final Object Repo/New Registration - Registration Module Pages/Third Screen - Upload Supporting Doc- Preview/Upload File Adding'

2018-11-22 21:34:25 - [MESSAGE][PASSED] - File 'C:\Users\Public\Pictures\Sample Pictures\Koala.jpg' sent to object: 'Object Repository/Final Object Repo/New Registration - Registration Module Pages/Third Screen - Upload Supporting Doc- Preview/Upload File Adding'

2018-11-22 21:34:25 - [TEST_STEP][PASSED] - delay: Delayed 5 second(s)

2018-11-22 21:34:30 - [MESSAGE][PASSED] - Delayed 5 second(s)

2018-11-22 21:34:30 - [TEST_STEP][PASSED] - click: Object: 'Object Repository/Final Object Repo/New Registration - Registration Module Pages/Third Screen - Upload Supporting Doc- Preview/Inner Form Add Document Button' is clicked on

2018-11-22 21:34:30 - [MESSAGE][PASSED] - Object: 'Object Repository/Final Object Repo/New Registration - Registration Module Pages/Third Screen - Upload Supporting Doc- Preview/Inner Form Add Document Button' is clicked on

2018-11-22 21:34:30 - [TEST_STEP][PASSED] - delay: Delayed 3 second(s)

2018-11-22 21:34:33 - [MESSAGE][PASSED] - Delayed 3 second(s)

2018-11-22 21:34:33 - [TEST_STEP][PASSED] - waitForElementClickable: Object 'Object Repository/Final Object Repo/New Registration - Registration Module Pages/Third Screen - Upload Supporting Doc- Preview/Save n Continue in Uploading Supporting Doc Page' is clickable

2018-11-22 21:34:35 - [MESSAGE][PASSED] - Object 'Object Repository/Final Object Repo/New Registration - Registration Module Pages/Third Screen - Upload Supporting Doc- Preview/Save n Continue in Uploading Supporting Doc Page' is clickable

2018-11-22 21:34:35 - [TEST_STEP][PASSED] - click: Object: 'Object Repository/Final Object Repo/New Registration - Registration Module Pages/Third Screen - Upload Supporting Doc- Preview/Save n Continue in Uploading Supporting Doc Page' is clicked on

2018-11-22 21:34:35 - [MESSAGE][PASSED] - Object: 'Object Repository/Final Object Repo/New Registration - Registration Module Pages/Third Screen - Upload Supporting Doc- Preview/Save n Continue in Uploading Supporting Doc Page' is clicked on

2018-11-22 21:34:35 - [MESSAGE][PASSED] - Call Test Case 'Test Cases/Final Aug 2018 - PKS Automation/Registration Module/New Registration/Flow of New Registration/Third Screen - Upload Supporting Doc - Preview' successfully

2018-11-22 21:34:35 - [TEST_STEP][PASSED] - setText: Text 'Tester' is set on object 'Object Repository/Final Object Repo/New Registration - Registration Module Pages/New Reg - OTC to RO/Special Case - All Related Objects/Employer Preview Name'

2018-11-22 21:34:39 - [MESSAGE][PASSED] - Text 'Tester' is set on object 'Object Repository/Final Object Repo/New Registration - Registration Module Pages/New Reg - OTC to RO/Special Case - All Related Objects/Employer Preview Name'

2018-11-22 21:34:39 - [TEST_STEP][PASSED] - click: Object: 'Object Repository/Final Object Repo/New Registration - Registration Module Pages/New Reg - OTC to RO/Special Case - All Related Objects/IC Type Drop Down' is clicked on

2018-11-22 21:34:39 - [MESSAGE][PASSED] - Object: 'Object Repository/Final Object Repo/New Registration - Registration Module Pages/New Reg - OTC to RO/Special Case - All Related Objects/IC Type Drop Down' is clicked on

2018-11-22 21:34:39 - [TEST_STEP][PASSED] - click: Object: 'Object Repository/Final Object Repo/New Registration - Registration Module Pages/New Reg - OTC to RO/Special Case - All Related Objects/Select to NRIC' is clicked on

2018-11-22 21:34:39 - [MESSAGE][PASSED] - Object: 'Object Repository/Final Object Repo/New Registration - Registration Module Pages/New Reg - OTC to RO/Special Case - All Related Objects/Select to NRIC' is clicked on

2018-11-22 21:34:39 - [TEST_STEP][PASSED] - setText: Text '133245561223' is set on object 'Object Repository/Final Object Repo/New Registration - Registration Module Pages/New Reg - OTC to RO/Special Case - All Related Objects/IC Value'

2018-11-22 21:34:40 - [MESSAGE][PASSED] - Text '133245561223' is set on object 'Object Repository/Final Object Repo/New Registration - Registration Module Pages/New Reg - OTC to RO/Special Case - All Related Objects/IC Value'

2018-11-22 21:34:40 - [TEST_STEP][PASSED] - setText: Text 'Auto' is set on object 'Object Repository/Final Object Repo/New Registration - Registration Module Pages/New Reg - OTC to RO/Special Case - All Related Objects/Designation'

2018-11-22 21:34:40 - [MESSAGE][PASSED] - Text 'Auto' is set on object 'Object Repository/Final Object Repo/New Registration - Registration Module Pages/New Reg - OTC to RO/Special Case - All Related Objects/Designation'

2018-11-22 21:34:40 - [TEST_STEP][PASSED] - callTestCase: Call Test Case 'Test Cases/Final Aug 2018 - PKS Automation/Registration Module/New Registration/Submit and Screenshot/Submit Registration and Screenshot - Copy' successfully

2018-11-22 21:34:40 - [TEST_CASE][PASSED] - Test Cases/Final Aug 2018 - PKS Automation/Registration Module/New Registration/Submit and Screenshot/Submit Registration and Screenshot - Copy: Test Cases/Final Aug 2018 - PKS Automation/Registration Module/New Registration/Submit and Screenshot/Submit Registration and Screenshot - Copy

2018-11-22 21:34:40 - [TEST_STEP][PASSED] - delay: Delayed 6 second(s)

2018-11-22 21:34:46 - [MESSAGE][PASSED] - Delayed 6 second(s)

2018-11-22 21:34:46 - [TEST_STEP][PASSED] - click: Object: 'Object Repository/Final Object Repo/New Registration - Registration Module Pages/Third Screen - Upload Supporting Doc- Preview/Preview Submit Button' is clicked on

2018-11-22 21:34:46 - [MESSAGE][PASSED] - Object: 'Object Repository/Final Object Repo/New Registration - Registration Module Pages/Third Screen - Upload Supporting Doc- Preview/Preview Submit Button' is clicked on

2018-11-22 21:34:46 - [TEST_STEP][PASSED] - delay: Delayed 2 second(s)

2018-11-22 21:34:48 - [MESSAGE][PASSED] - Delayed 2 second(s)

2018-11-22 21:34:48 - [TEST_STEP][PASSED] - click: Object: 'Object Repository/Final Object Repo/New Registration - Registration Module Pages/Third Screen - Upload Supporting Doc- Preview/Preview Submit - Confirm' is clicked on

2018-11-22 21:34:49 - [MESSAGE][PASSED] - Object: 'Object Repository/Final Object Repo/New Registration - Registration Module Pages/Third Screen - Upload Supporting Doc- Preview/Preview Submit - Confirm' is clicked on

2018-11-22 21:34:49 - [TEST_STEP][PASSED] - delay: Delayed 15 second(s)

2018-11-22 21:35:04 - [MESSAGE][PASSED] - Delayed 15 second(s)

2018-11-22 21:35:04 - [TEST_STEP][PASSED] - Statement - driver = com.kms.katalon.core.webui.driver.DriverFactory.getWebDriver(): null

2018-11-22 21:35:04 - [TEST_STEP][PASSED] - Statement - driver.manage().timeouts().implicitlyWait(10, SECONDS): null

2018-11-22 21:35:04 - [TEST_STEP][PASSED] - Statement - PresavePath = KatalonScreenshots: null

2018-11-22 21:35:04 - [TEST_STEP][PASSED] - Statement - pathPrefix = "C:\Users\Public\Pictures\Sample Pictures\Katalon Screenshots\Automate Ending Screen": null

2018-11-22 21:35:04 - [TEST_STEP][PASSED] - Statement - finalPath = <not implemented yet for class: org.codehaus.groovy.ast.expr.EmptyExpression>: null

2018-11-22 21:35:04 - [TEST_STEP][PASSED] - Statement - scrFile = driver.getScreenshotAs(FILE): null

2018-11-22 21:35:04 - [TEST_STEP][PASSED] - Statement - PreSaveFile = new java.io.File(PresavePath): null

2018-11-22 21:35:04 - [TEST_STEP][PASSED] - Statement - counter = 0: null

2018-11-22 21:35:04 - [TEST_STEP][PASSED] - Statement - If (PreSaveFile.exists()): null

2018-11-22 21:35:04 - [TEST_STEP][PASSED] - Statement - While (PreSaveFile.exists()): null

2018-11-22 21:35:04 - [TEST_STEP][PASSED] - Statement - counter = counter + 1: null

2018-11-22 21:35:04 - [TEST_STEP][PASSED] - Statement - PreSaveFile = new java.io.File(((pathPrefix + java.lang.Integer.toString(counter)) + .png)): null

2018-11-22 21:35:04 - [TEST_STEP][PASSED] - Statement - counter = counter + 1: null

2018-11-22 21:35:04 - [TEST_STEP][PASSED] - Statement - PreSaveFile = new java.io.File(((pathPrefix + java.lang.Integer.toString(counter)) + .png)): null

2018-11-22 21:35:04 - [TEST_STEP][PASSED] - Statement - counter = counter + 1: null

2018-11-22 21:35:04 - [TEST_STEP][PASSED] - Statement - PreSaveFile = new java.io.File(((pathPrefix + java.lang.Integer.toString(counter)) + .png)): null

2018-11-22 21:35:04 - [TEST_STEP][PASSED] - Statement - counter = counter + 1: null

2018-11-22 21:35:04 - [TEST_STEP][PASSED] - Statement - PreSaveFile = new java.io.File(((pathPrefix + java.lang.Integer.toString(counter)) + .png)): null

2018-11-22 21:35:04 - [TEST_STEP][PASSED] - Statement - counter = counter + 1: null

2018-11-22 21:35:04 - [TEST_STEP][PASSED] - Statement - PreSaveFile = new java.io.File(((pathPrefix + java.lang.Integer.toString(counter)) + .png)): null

2018-11-22 21:35:04 - [TEST_STEP][PASSED] - Statement - counter = counter + 1: null

2018-11-22 21:35:04 - [TEST_STEP][PASSED] - Statement - PreSaveFile = new java.io.File(((pathPrefix + java.lang.Integer.toString(counter)) + .png)): null

2018-11-22 21:35:04 - [TEST_STEP][PASSED] - Statement - counter = counter + 1: null

2018-11-22 21:35:04 - [TEST_STEP][PASSED] - Statement - PreSaveFile = new java.io.File(((pathPrefix + java.lang.Integer.toString(counter)) + .png)): null

2018-11-22 21:35:04 - [TEST_STEP][PASSED] - Statement - counter = counter + 1: null

2018-11-22 21:35:04 - [TEST_STEP][PASSED] - Statement - PreSaveFile = new java.io.File(((pathPrefix + java.lang.Integer.toString(counter)) + .png)): null

2018-11-22 21:35:04 - [TEST_STEP][PASSED] - Statement - counter = counter + 1: null

2018-11-22 21:35:04 - [TEST_STEP][PASSED] - Statement - PreSaveFile = new java.io.File(((pathPrefix + java.lang.Integer.toString(counter)) + .png)): null

2018-11-22 21:35:04 - [TEST_STEP][PASSED] - Statement - counter = counter + 1: null

2018-11-22 21:35:04 - [TEST_STEP][PASSED] - Statement - PreSaveFile = new java.io.File(((pathPrefix + java.lang.Integer.toString(counter)) + .png)): null

2018-11-22 21:35:04 - [TEST_STEP][PASSED] - Statement - counter = counter + 1: null

2018-11-22 21:35:04 - [TEST_STEP][PASSED] - Statement - PreSaveFile = new java.io.File(((pathPrefix + java.lang.Integer.toString(counter)) + .png)): null

2018-11-22 21:35:04 - [TEST_STEP][PASSED] - Statement - counter = counter + 1: null

2018-11-22 21:35:04 - [TEST_STEP][PASSED] - Statement - PreSaveFile = new java.io.File(((pathPrefix + java.lang.Integer.toString(counter)) + .png)): null

2018-11-22 21:35:04 - [TEST_STEP][PASSED] - Statement - counter = counter + 1: null

2018-11-22 21:35:04 - [TEST_STEP][PASSED] - Statement - PreSaveFile = new java.io.File(((pathPrefix + java.lang.Integer.toString(counter)) + .png)): null

2018-11-22 21:35:04 - [TEST_STEP][PASSED] - Statement - counter = counter + 1: null

2018-11-22 21:35:04 - [TEST_STEP][PASSED] - Statement - PreSaveFile = new java.io.File(((pathPrefix + java.lang.Integer.toString(counter)) + .png)): null

2018-11-22 21:35:04 - [TEST_STEP][PASSED] - Statement - counter = counter + 1: null

2018-11-22 21:35:04 - [TEST_STEP][PASSED] - Statement - PreSaveFile = new java.io.File(((pathPrefix + java.lang.Integer.toString(counter)) + .png)): null

2018-11-22 21:35:04 - [TEST_STEP][PASSED] - Statement - counter = counter + 1: null

2018-11-22 21:35:04 - [TEST_STEP][PASSED] - Statement - PreSaveFile = new java.io.File(((pathPrefix + java.lang.Integer.toString(counter)) + .png)): null

2018-11-22 21:35:04 - [TEST_STEP][PASSED] - Statement - counter = counter + 1: null

2018-11-22 21:35:04 - [TEST_STEP][PASSED] - Statement - PreSaveFile = new java.io.File(((pathPrefix + java.lang.Integer.toString(counter)) + .png)): null

2018-11-22 21:35:04 - [TEST_STEP][PASSED] - Statement - counter = counter + 1: null

2018-11-22 21:35:04 - [TEST_STEP][PASSED] - Statement - PreSaveFile = new java.io.File(((pathPrefix + java.lang.Integer.toString(counter)) + .png)): null

2018-11-22 21:35:04 - [TEST_STEP][PASSED] - Statement - counter = counter + 1: null

2018-11-22 21:35:04 - [TEST_STEP][PASSED] - Statement - PreSaveFile = new java.io.File(((pathPrefix + java.lang.Integer.toString(counter)) + .png)): null

2018-11-22 21:35:04 - [TEST_STEP][PASSED] - Statement - counter = counter + 1: null

2018-11-22 21:35:04 - [TEST_STEP][PASSED] - Statement - PreSaveFile = new java.io.File(((pathPrefix + java.lang.Integer.toString(counter)) + .png)): null

2018-11-22 21:35:04 - [TEST_STEP][PASSED] - Statement - counter = counter + 1: null

2018-11-22 21:35:04 - [TEST_STEP][PASSED] - Statement - PreSaveFile = new java.io.File(((pathPrefix + java.lang.Integer.toString(counter)) + .png)): null

2018-11-22 21:35:04 - [TEST_STEP][PASSED] - Statement - counter = counter + 1: null

2018-11-22 21:35:04 - [TEST_STEP][PASSED] - Statement - PreSaveFile = new java.io.File(((pathPrefix + java.lang.Integer.toString(counter)) + .png)): null

2018-11-22 21:35:04 - [TEST_STEP][PASSED] - Statement - counter = counter + 1: null

2018-11-22 21:35:04 - [TEST_STEP][PASSED] - Statement - PreSaveFile = new java.io.File(((pathPrefix + java.lang.Integer.toString(counter)) + .png)): null

2018-11-22 21:35:04 - [TEST_STEP][PASSED] - Statement - counter = counter + 1: null

2018-11-22 21:35:04 - [TEST_STEP][PASSED] - Statement - PreSaveFile = new java.io.File(((pathPrefix + java.lang.Integer.toString(counter)) + .png)): null

2018-11-22 21:35:04 - [TEST_STEP][PASSED] - Statement - counter = counter + 1: null

2018-11-22 21:35:04 - [TEST_STEP][PASSED] - Statement - PreSaveFile = new java.io.File(((pathPrefix + java.lang.Integer.toString(counter)) + .png)): null

2018-11-22 21:35:04 - [TEST_STEP][PASSED] - Statement - counter = counter + 1: null

2018-11-22 21:35:04 - [TEST_STEP][PASSED] - Statement - PreSaveFile = new java.io.File(((pathPrefix + java.lang.Integer.toString(counter)) + .png)): null

2018-11-22 21:35:04 - [TEST_STEP][PASSED] - Statement - counter = counter + 1: null

2018-11-22 21:35:04 - [TEST_STEP][PASSED] - Statement - PreSaveFile = new java.io.File(((pathPrefix + java.lang.Integer.toString(counter)) + .png)): null

2018-11-22 21:35:04 - [TEST_STEP][PASSED] - Statement - counter = counter + 1: null

2018-11-22 21:35:04 - [TEST_STEP][PASSED] - Statement - PreSaveFile = new java.io.File(((pathPrefix + java.lang.Integer.toString(counter)) + .png)): null

2018-11-22 21:35:04 - [TEST_STEP][PASSED] - Statement - counter = counter + 1: null

2018-11-22 21:35:04 - [TEST_STEP][PASSED] - Statement - PreSaveFile = new java.io.File(((pathPrefix + java.lang.Integer.toString(counter)) + .png)): null

2018-11-22 21:35:04 - [TEST_STEP][PASSED] - Statement - counter = counter + 1: null

2018-11-22 21:35:04 - [TEST_STEP][PASSED] - Statement - PreSaveFile = new java.io.File(((pathPrefix + java.lang.Integer.toString(counter)) + .png)): null

2018-11-22 21:35:04 - [TEST_STEP][PASSED] - Statement - counter = counter + 1: null

2018-11-22 21:35:04 - [TEST_STEP][PASSED] - Statement - PreSaveFile = new java.io.File(((pathPrefix + java.lang.Integer.toString(counter)) + .png)): null

2018-11-22 21:35:04 - [TEST_STEP][PASSED] - Statement - counter = counter + 1: null

2018-11-22 21:35:04 - [TEST_STEP][PASSED] - Statement - PreSaveFile = new java.io.File(((pathPrefix + java.lang.Integer.toString(counter)) + .png)): null

2018-11-22 21:35:04 - [TEST_STEP][PASSED] - Statement - counter = counter + 1: null

2018-11-22 21:35:04 - [TEST_STEP][PASSED] - Statement - PreSaveFile = new java.io.File(((pathPrefix + java.lang.Integer.toString(counter)) + .png)): null

2018-11-22 21:35:04 - [TEST_STEP][PASSED] - Statement - counter = counter + 1: null

2018-11-22 21:35:04 - [TEST_STEP][PASSED] - Statement - PreSaveFile = new java.io.File(((pathPrefix + java.lang.Integer.toString(counter)) + .png)): null

2018-11-22 21:35:04 - [TEST_STEP][PASSED] - Statement - counter = counter + 1: null

2018-11-22 21:35:04 - [TEST_STEP][PASSED] - Statement - PreSaveFile = new java.io.File(((pathPrefix + java.lang.Integer.toString(counter)) + .png)): null

2018-11-22 21:35:04 - [TEST_STEP][PASSED] - Statement - counter = counter + 1: null

2018-11-22 21:35:04 - [TEST_STEP][PASSED] - Statement - PreSaveFile = new java.io.File(((pathPrefix + java.lang.Integer.toString(counter)) + .png)): null

2018-11-22 21:35:04 - [TEST_STEP][PASSED] - Statement - counter = counter + 1: null

2018-11-22 21:35:04 - [TEST_STEP][PASSED] - Statement - PreSaveFile = new java.io.File(((pathPrefix + java.lang.Integer.toString(counter)) + .png)): null

2018-11-22 21:35:04 - [TEST_STEP][PASSED] - Statement - counter = counter + 1: null

2018-11-22 21:35:04 - [TEST_STEP][PASSED] - Statement - PreSaveFile = new java.io.File(((pathPrefix + java.lang.Integer.toString(counter)) + .png)): null

2018-11-22 21:35:04 - [TEST_STEP][PASSED] - Statement - counter = counter + 1: null

2018-11-22 21:35:04 - [TEST_STEP][PASSED] - Statement - PreSaveFile = new java.io.File(((pathPrefix + java.lang.Integer.toString(counter)) + .png)): null

2018-11-22 21:35:04 - [TEST_STEP][PASSED] - Statement - counter = counter + 1: null

2018-11-22 21:35:04 - [TEST_STEP][PASSED] - Statement - PreSaveFile = new java.io.File(((pathPrefix + java.lang.Integer.toString(counter)) + .png)): null

2018-11-22 21:35:04 - [TEST_STEP][PASSED] - Statement - counter = counter + 1: null

2018-11-22 21:35:04 - [TEST_STEP][PASSED] - Statement - PreSaveFile = new java.io.File(((pathPrefix + java.lang.Integer.toString(counter)) + .png)): null

2018-11-22 21:35:04 - [TEST_STEP][PASSED] - Statement - counter = counter + 1: null

2018-11-22 21:35:04 - [TEST_STEP][PASSED] - Statement - PreSaveFile = new java.io.File(((pathPrefix + java.lang.Integer.toString(counter)) + .png)): null

2018-11-22 21:35:04 - [TEST_STEP][PASSED] - Statement - counter = counter + 1: null

2018-11-22 21:35:04 - [TEST_STEP][PASSED] - Statement - PreSaveFile = new java.io.File(((pathPrefix + java.lang.Integer.toString(counter)) + .png)): null

2018-11-22 21:35:04 - [TEST_STEP][PASSED] - Statement - counter = counter + 1: null

2018-11-22 21:35:04 - [TEST_STEP][PASSED] - Statement - PreSaveFile = new java.io.File(((pathPrefix + java.lang.Integer.toString(counter)) + .png)): null

2018-11-22 21:35:04 - [TEST_STEP][PASSED] - Statement - counter = counter + 1: null

2018-11-22 21:35:04 - [TEST_STEP][PASSED] - Statement - PreSaveFile = new java.io.File(((pathPrefix + java.lang.Integer.toString(counter)) + .png)): null

2018-11-22 21:35:04 - [TEST_STEP][PASSED] - Statement - counter = counter + 1: null

2018-11-22 21:35:04 - [TEST_STEP][PASSED] - Statement - PreSaveFile = new java.io.File(((pathPrefix + java.lang.Integer.toString(counter)) + .png)): null

2018-11-22 21:35:04 - [TEST_STEP][PASSED] - Statement - counter = counter + 1: null

2018-11-22 21:35:04 - [TEST_STEP][PASSED] - Statement - PreSaveFile = new java.io.File(((pathPrefix + java.lang.Integer.toString(counter)) + .png)): null

2018-11-22 21:35:04 - [TEST_STEP][PASSED] - Statement - counter = counter + 1: null

2018-11-22 21:35:04 - [TEST_STEP][PASSED] - Statement - PreSaveFile = new java.io.File(((pathPrefix + java.lang.Integer.toString(counter)) + .png)): null

2018-11-22 21:35:04 - [TEST_STEP][PASSED] - Statement - counter = counter + 1: null

2018-11-22 21:35:04 - [TEST_STEP][PASSED] - Statement - PreSaveFile = new java.io.File(((pathPrefix + java.lang.Integer.toString(counter)) + .png)): null

2018-11-22 21:35:04 - [TEST_STEP][PASSED] - Statement - counter = counter + 1: null

2018-11-22 21:35:04 - [TEST_STEP][PASSED] - Statement - PreSaveFile = new java.io.File(((pathPrefix + java.lang.Integer.toString(counter)) + .png)): null

2018-11-22 21:35:04 - [TEST_STEP][PASSED] - Statement - counter = counter + 1: null

2018-11-22 21:35:04 - [TEST_STEP][PASSED] - Statement - PreSaveFile = new java.io.File(((pathPrefix + java.lang.Integer.toString(counter)) + .png)): null

2018-11-22 21:35:04 - [TEST_STEP][PASSED] - Statement - counter = counter + 1: null

2018-11-22 21:35:04 - [TEST_STEP][PASSED] - Statement - PreSaveFile = new java.io.File(((pathPrefix + java.lang.Integer.toString(counter)) + .png)): null

2018-11-22 21:35:04 - [TEST_STEP][PASSED] - Statement - counter = counter + 1: null

2018-11-22 21:35:04 - [TEST_STEP][PASSED] - Statement - PreSaveFile = new java.io.File(((pathPrefix + java.lang.Integer.toString(counter)) + .png)): null

2018-11-22 21:35:04 - [TEST_STEP][PASSED] - Statement - counter = counter + 1: null

2018-11-22 21:35:04 - [TEST_STEP][PASSED] - Statement - PreSaveFile = new java.io.File(((pathPrefix + java.lang.Integer.toString(counter)) + .png)): null

2018-11-22 21:35:04 - [TEST_STEP][PASSED] - Statement - counter = counter + 1: null

2018-11-22 21:35:04 - [TEST_STEP][PASSED] - Statement - PreSaveFile = new java.io.File(((pathPrefix + java.lang.Integer.toString(counter)) + .png)): null

2018-11-22 21:35:04 - [TEST_STEP][PASSED] - Statement - counter = counter + 1: null

2018-11-22 21:35:04 - [TEST_STEP][PASSED] - Statement - PreSaveFile = new java.io.File(((pathPrefix + java.lang.Integer.toString(counter)) + .png)): null

2018-11-22 21:35:04 - [TEST_STEP][PASSED] - Statement - counter = counter + 1: null

2018-11-22 21:35:04 - [TEST_STEP][PASSED] - Statement - PreSaveFile = new java.io.File(((pathPrefix + java.lang.Integer.toString(counter)) + .png)): null

2018-11-22 21:35:04 - [TEST_STEP][PASSED] - Statement - counter = counter + 1: null

2018-11-22 21:35:04 - [TEST_STEP][PASSED] - Statement - PreSaveFile = new java.io.File(((pathPrefix + java.lang.Integer.toString(counter)) + .png)): null

2018-11-22 21:35:04 - [TEST_STEP][PASSED] - Statement - counter = counter + 1: null

2018-11-22 21:35:04 - [TEST_STEP][PASSED] - Statement - PreSaveFile = new java.io.File(((pathPrefix + java.lang.Integer.toString(counter)) + .png)): null

2018-11-22 21:35:04 - [TEST_STEP][PASSED] - Statement - counter = counter + 1: null

2018-11-22 21:35:04 - [TEST_STEP][PASSED] - Statement - PreSaveFile = new java.io.File(((pathPrefix + java.lang.Integer.toString(counter)) + .png)): null

2018-11-22 21:35:04 - [TEST_STEP][PASSED] - Statement - counter = counter + 1: null

2018-11-22 21:35:04 - [TEST_STEP][PASSED] - Statement - PreSaveFile = new java.io.File(((pathPrefix + java.lang.Integer.toString(counter)) + .png)): null

2018-11-22 21:35:04 - [TEST_STEP][PASSED] - Statement - finalPath = pathPrefix + java.lang.Integer.toString(counter) + ".png": null

2018-11-22 21:35:04 - [TEST_STEP][PASSED] - Statement - SaveFile = new java.io.File(finalPath): null

2018-11-22 21:35:04 - [TEST_STEP][PASSED] - Statement - Try: null

2018-11-22 21:35:04 - [TEST_STEP][PASSED] - Statement - org.apache.commons.io.FileUtils.copyFile(scrFile, SaveFile): null

2018-11-22 21:35:04 - [TEST_STEP][PASSED] - Statement - out.println("file kept"): null

2018-11-22 21:35:04 - [TEST_STEP][PASSED] - delay: Delayed 10 second(s)

2018-11-22 21:35:14 - [MESSAGE][PASSED] - Delayed 10 second(s)

2018-11-22 21:35:14 - [MESSAGE][PASSED] - Call Test Case 'Test Cases/Final Aug 2018 - PKS Automation/Registration Module/New Registration/Submit and Screenshot/Submit Registration and Screenshot - Copy' successfully

2018-11-22 21:35:14 - [TEST_STEP][PASSED] - Statement - UpdateAddNewECode = com.kms.katalon.core.webui.keyword.WebUiBuiltInKeywords.getText(com.kms.katalon.core.testobject.ObjectRepository.findTestObject(Object Repository/Final Object Repo/Page_Update Add New Employee - ASSIST/getEmpCode)): Text of object 'Object Repository/Final Object Repo/Page_Update Add New Employee - ASSIST/getEmpCode' is: 'E1102070350X'

2018-11-22 21:35:14 - [MESSAGE][PASSED] - Text of object 'Object Repository/Final Object Repo/Page_Update Add New Employee - ASSIST/getEmpCode' is: 'E1102070350X'

2018-11-22 21:35:14 - [TEST_STEP][PASSED] - callTestCase: Call Test Case 'Test Cases/Final Aug 2018 - PKS Automation/Common/Emp Code Setter' successfully

2018-11-22 21:35:14 - [TEST_CASE][PASSED] - Test Cases/Final Aug 2018 - PKS Automation/Common/Emp Code Setter: Test Cases/Final Aug 2018 - PKS Automation/Common/Emp Code Setter

2018-11-22 21:35:15 - [TEST_STEP][PASSED] - Statement - EmpCodeOld = new java.io.File(C://Users//Admin//Desktop//PKS//Automation Reference Point//EmpCode.txt): null

2018-11-22 21:35:15 - [TEST_STEP][PASSED] - Statement - EmpCodeOld.delete(): null

2018-11-22 21:35:15 - [TEST_STEP][PASSED] - Statement - EmpCode = new java.io.File(C://Users//Admin//Desktop//PKS//Automation Reference Point//EmpCode.txt): null

2018-11-22 21:35:15 - [TEST_STEP][PASSED] - Statement - EmpCode.append(UpdateAddNewECode): null

2018-11-22 21:35:15 - [TEST_STEP][PASSED] - Statement - out.println("


" + UpdateAddNewECode + "


"): null

2018-11-22 21:35:15 - [MESSAGE][PASSED] - Call Test Case 'Test Cases/Final Aug 2018 - PKS Automation/Common/Emp Code Setter' successfully

2018-11-22 21:35:15 - [MESSAGE][PASSED] - Call Test Case 'Test Cases/Final Aug 2018 - PKS Automation/Registration Module/Workflow/Update Add New Employee/Template/New Company for Update Add New - Employer' successfully

2018-11-22 21:35:15 - [TEST_STEP][PASSED] - callTestCase: Call Test Case 'Test Cases/Final Aug 2018 - PKS Automation/Registration Module/Log Out/log out avoiding katalon tagging' successfully

2018-11-22 21:35:15 - [TEST_CASE][PASSED] - Test Cases/Final Aug 2018 - PKS Automation/Registration Module/Log Out/log out avoiding katalon tagging: Test Cases/Final Aug 2018 - PKS Automation/Registration Module/Log Out/log out avoiding katalon tagging

2018-11-22 21:35:15 - [TEST_STEP][PASSED] - navigateToUrl: Navigate to 'https://assist2-uat.perkeso.gov.my/c/portal/logout' successfully

2018-11-22 21:35:16 - [MESSAGE][PASSED] - Navigate to 'https://assist2-uat.perkeso.gov.my/c/portal/logout' successfully

2018-11-22 21:35:16 - [MESSAGE][PASSED] - Call Test Case 'Test Cases/Final Aug 2018 - PKS Automation/Registration Module/Log Out/log out avoiding katalon tagging' successfully

2018-11-22 21:35:16 - [TEST_STEP][PASSED] - callTestCase: Call Test Case 'Test Cases/Final Aug 2018 - PKS Automation/Registration Module/New Registration/Form 2/Date Updater' successfully

2018-11-22 21:35:16 - [TEST_CASE][PASSED] - Test Cases/Final Aug 2018 - PKS Automation/Registration Module/New Registration/Form 2/Date Updater: Test Cases/Final Aug 2018 - PKS Automation/Registration Module/New Registration/Form 2/Date Updater

2018-11-22 21:35:16 - [TEST_STEP][PASSED] - Statement - TodayDate = new java.util.Date(): null

2018-11-22 21:35:16 - [TEST_STEP][PASSED] - Statement - CurrentDateNoFilter = new java.text.SimpleDateFormat(): null

2018-11-22 21:35:16 - [TEST_STEP][PASSED] - Statement - CurrentDateNoFilter.applyPattern("dd"): null

2018-11-22 21:35:16 - [TEST_STEP][PASSED] - Statement - CurrentDate = CurrentDateNoFilter.format(TodayDate): null

2018-11-22 21:35:16 - [TEST_STEP][PASSED] - Statement - CurrentDate = java.lang.Integer.parseInt(CurrentDate): null

2018-11-22 21:35:16 - [TEST_STEP][PASSED] - Statement - CurrentDate = CurrentDate: null

2018-11-22 21:35:16 - [TEST_STEP][PASSED] - Statement - CurrentDay = java.lang.Integer.parseInt(CurrentDate): null

2018-11-22 21:35:16 - [TEST_STEP][PASSED] - Statement - aDayBefore = CurrentDay + 1: null

2018-11-22 21:35:16 - [TEST_STEP][PASSED] - Statement - DayBefore = aDayBefore.toString(): null

2018-11-22 21:35:16 - [TEST_STEP][PASSED] - Statement - OneDayBefore = DayBefore: null

2018-11-22 21:35:16 - [TEST_STEP][PASSED] - Statement - CurrentDateNoFilter.applyPattern("MM"): null

2018-11-22 21:35:16 - [TEST_STEP][PASSED] - Statement - monthContainerMatcher = java.lang.Integer.parseInt(CurrentDateNoFilter.format(TodayDate)): null

2018-11-22 21:35:16 - [TEST_STEP][PASSED] - Statement - monthContainerMatcher = monthContainerMatcher - 1: null

2018-11-22 21:35:16 - [TEST_STEP][PASSED] - Statement - CurrentMonth = monthContainerMatcher.toString(): null

2018-11-22 21:35:16 - [TEST_STEP][PASSED] - Statement - CurrentMonth = CurrentMonth: null

2018-11-22 21:35:16 - [TEST_STEP][PASSED] - Statement - CurrentDateNoFilter.applyPattern("yyyy"): null

2018-11-22 21:35:16 - [TEST_STEP][PASSED] - Statement - CurrentYear = CurrentDateNoFilter.format(TodayDate): null

2018-11-22 21:35:16 - [TEST_STEP][PASSED] - Statement - CurrentYear = CurrentYear: null

2018-11-22 21:35:16 - [TEST_STEP][PASSED] - Statement - intCurrentYear = java.lang.Integer.parseInt(CurrentDateNoFilter.format(TodayDate)): null

2018-11-22 21:35:16 - [TEST_STEP][PASSED] - Statement - eighteenYrsAgo = intCurrentYear - 18: null

2018-11-22 21:35:16 - [TEST_STEP][PASSED] - Statement - eighteenYrsBeforeThisYr = eighteenYrsAgo.toString(): null

2018-11-22 21:35:16 - [TEST_STEP][PASSED] - Statement - EighteenYrsBefore = eighteenYrsBeforeThisYr: null

2018-11-22 21:35:16 - [TEST_STEP][PASSED] - Statement - fiftysevenYrsAgo = intCurrentYear - 57: null

2018-11-22 21:35:16 - [TEST_STEP][PASSED] - Statement - fiftysevenYrsBeforeThisYr = fiftysevenYrsAgo.toString(): null

2018-11-22 21:35:16 - [TEST_STEP][PASSED] - Statement - FiftysevenYrsBefore = fiftysevenYrsBeforeThisYr: null

2018-11-22 21:35:16 - [MESSAGE][PASSED] - Call Test Case 'Test Cases/Final Aug 2018 - PKS Automation/Registration Module/New Registration/Form 2/Date Updater' successfully

2018-11-22 21:35:16 - [TEST_STEP][PASSED] - delay: Delayed 2 second(s)

2018-11-22 21:35:18 - [MESSAGE][PASSED] - Delayed 2 second(s)

2018-11-22 21:35:18 - [TEST_STEP][PASSED] - callTestCase: Call Test Case 'Test Cases/Final Aug 2018 - PKS Automation/Create Employer Acc/Login to Employer Account (Second time)' successfully

2018-11-22 21:35:18 - [TEST_CASE][PASSED] - Test Cases/Final Aug 2018 - PKS Automation/Create Employer Acc/Login to Employer Account (Second time): Test Cases/Final Aug 2018 - PKS Automation/Create Employer Acc/Login to Employer Account (Second time)

2018-11-22 21:35:18 - [TEST_STEP][PASSED] - openBrowser: Browser is opened with url: ''

2018-11-22 21:35:18 - [MESSAGE][WARNING] - A browser is already opened. Closing browser and opening a new one

2018-11-22 21:35:22 - [MESSAGE][PASSED] - Browser is opened with url: ''

2018-11-22 21:35:22 - [TEST_STEP][PASSED] - navigateToUrl: Navigate to 'https://assist2-uat.perkeso.gov.my/employer/login' successfully

2018-11-22 21:35:23 - [MESSAGE][PASSED] - Navigate to 'https://assist2-uat.perkeso.gov.my/employer/login' successfully

2018-11-22 21:35:23 - [TEST_STEP][PASSED] - delay: Delayed 3 second(s)

2018-11-22 21:35:26 - [MESSAGE][PASSED] - Delayed 3 second(s)

2018-11-22 21:35:26 - [TEST_STEP][PASSED] - callTestCase: Call Test Case 'Test Cases/Final Aug 2018 - PKS Automation/Create Employer Acc/Template/Employer Email Getter' successfully

2018-11-22 21:35:26 - [TEST_CASE][PASSED] - Test Cases/Final Aug 2018 - PKS Automation/Create Employer Acc/Template/Employer Email Getter: Test Cases/Final Aug 2018 - PKS Automation/Create Employer Acc/Template/Employer Email Getter

2018-11-22 21:35:26 - [TEST_STEP][PASSED] - Statement - Try: null

2018-11-22 21:35:26 - [TEST_STEP][PASSED] - Statement - EmpEmail = new java.io.File(C://Users//Admin//Desktop//PKS//Automation Reference Point//EmpEmail.txt): null

2018-11-22 21:35:26 - [TEST_STEP][PASSED] - Statement - bufferread = new java.io.BufferedReader(new java.io.FileReader(EmpEmail)): null

2018-11-22 21:35:26 - [TEST_STEP][PASSED] - Statement - readedVal = bufferread.readLine(): null

2018-11-22 21:35:26 - [TEST_STEP][PASSED] - Statement - out.println(readedVal): null

2018-11-22 21:35:26 - [TEST_STEP][PASSED] - Statement - Email = readedVal: null

2018-11-22 21:35:26 - [MESSAGE][PASSED] - Call Test Case 'Test Cases/Final Aug 2018 - PKS Automation/Create Employer Acc/Template/Employer Email Getter' successfully

2018-11-22 21:35:26 - [TEST_STEP][PASSED] - setText: Text 'perkeso604381870872@gmail.com' is set on object 'Object Repository/Final Object Repo/Login Page/External Login Page/Email'

2018-11-22 21:35:26 - [MESSAGE][PASSED] - Text 'perkeso604381870872@gmail.com' is set on object 'Object Repository/Final Object Repo/Login Page/External Login Page/Email'

2018-11-22 21:35:26 - [TEST_STEP][PASSED] - click: Object: 'Object Repository/Final Object Repo/Login Page/External Login Page/Next' is clicked on

2018-11-22 21:35:26 - [MESSAGE][PASSED] - Object: 'Object Repository/Final Object Repo/Login Page/External Login Page/Next' is clicked on

2018-11-22 21:35:26 - [TEST_STEP][PASSED] - delay: Delayed 3 second(s)

2018-11-22 21:35:29 - [MESSAGE][PASSED] - Delayed 3 second(s)

2018-11-22 21:35:29 - [TEST_STEP][PASSED] - setEncryptedText: Text ****** has been set on object 'Object Repository/Final Object Repo/Login Page/External Login Page/Password'

2018-11-22 21:35:30 - [MESSAGE][PASSED] - Text ****** has been set on object 'Object Repository/Final Object Repo/Login Page/External Login Page/Password'

2018-11-22 21:35:30 - [TEST_STEP][PASSED] - click: Object: 'Object Repository/Final Object Repo/Login Page/External Login Page/Login' is clicked on

2018-11-22 21:35:30 - [MESSAGE][PASSED] - Object: 'Object Repository/Final Object Repo/Login Page/External Login Page/Login' is clicked on

2018-11-22 21:35:30 - [TEST_STEP][PASSED] - delay: Delayed 5 second(s)

2018-11-22 21:35:35 - [MESSAGE][PASSED] - Delayed 5 second(s)

2018-11-22 21:35:35 - [MESSAGE][PASSED] - Call Test Case 'Test Cases/Final Aug 2018 - PKS Automation/Create Employer Acc/Login to Employer Account (Second time)' successfully

2018-11-22 21:35:35 - [TEST_STEP][PASSED] - delay: Delayed 4 second(s)

2018-11-22 21:35:39 - [MESSAGE][PASSED] - Delayed 4 second(s)

2018-11-22 21:35:39 - [TEST_STEP][PASSED] - Statement - Try: Delayed 2 second(s)

2018-11-22 21:35:39 - [TEST_STEP][PASSED] - Statement - Checker = false: null

2018-11-22 21:35:39 - [TEST_STEP][PASSED] - Statement - Checker = com.kms.katalon.core.webui.keyword.WebUiBuiltInKeywords.verifyElementHasAttribute(com.kms.katalon.core.testobject.ObjectRepository.findTestObject(Final Object Repo/Landing Page/BM Detecting), "href", 20, OPTIONAL): Object 'Object Repository/Final Object Repo/Landing Page/BM Detecting' has attribute 'href'

2018-11-22 21:35:39 - [MESSAGE][PASSED] - Object 'Object Repository/Final Object Repo/Landing Page/BM Detecting' has attribute 'href'

2018-11-22 21:35:39 - [TEST_STEP][PASSED] - Statement - out.println(Checker): null

2018-11-22 21:35:39 - [TEST_STEP][PASSED] - Statement - If (Checker == false): null

2018-11-22 21:35:39 - [TEST_STEP][PASSED] - Statement - Else: null

2018-11-22 21:35:39 - [TEST_STEP][PASSED] - delay: Delayed 2 second(s)

2018-11-22 21:35:41 - [MESSAGE][PASSED] - Delayed 2 second(s)

2018-11-22 21:35:41 - [TEST_STEP][PASSED] - delay: Delayed 4 second(s)

2018-11-22 21:35:45 - [MESSAGE][PASSED] - Delayed 4 second(s)

2018-11-22 21:35:45 - [TEST_STEP][PASSED] - click: Object: 'Object Repository/Final Object Repo/Page_Update Add New Employee - ASSIST/My Sites Drop Down' is clicked on

2018-11-22 21:35:45 - [MESSAGE][PASSED] - Object: 'Object Repository/Final Object Repo/Page_Update Add New Employee - ASSIST/My Sites Drop Down' is clicked on

2018-11-22 21:35:45 - [TEST_STEP][PASSED] - click: Object: 'Object Repository/Final Object Repo/Page_Update Add New Employee - ASSIST/Select to Registration Module' is clicked on

2018-11-22 21:35:49 - [MESSAGE][PASSED] - Object: 'Object Repository/Final Object Repo/Page_Update Add New Employee - ASSIST/Select to Registration Module' is clicked on

2018-11-22 21:35:49 - [TEST_STEP][NOT_RUN] - navigateToUrl: NOT_RUN: navigateToUrl

2018-11-22 21:35:49 - [MESSAGE][NOT_RUN] - NOT_RUN: navigateToUrl

2018-11-22 21:35:49 - [TEST_STEP][PASSED] - mouseOver: Object: 'Object Repository/Final Object Repo/Page_Update Add New Employee - ASSIST/Select to Update Akta 4 Tab' is hovered

2018-11-22 21:35:50 - [MESSAGE][PASSED] - Object: 'Object Repository/Final Object Repo/Page_Update Add New Employee - ASSIST/Select to Update Akta 4 Tab' is hovered

2018-11-22 21:35:50 - [TEST_STEP][PASSED] - delay: Delayed 2 second(s)

2018-11-22 21:35:52 - [MESSAGE][PASSED] - Delayed 2 second(s)

2018-11-22 21:35:52 - [TEST_STEP][PASSED] - click: Object: 'Object Repository/Final Object Repo/Page_Update Add New Employee - ASSIST/Select to Update Add New Employee' is clicked on

2018-11-22 21:35:52 - [MESSAGE][PASSED] - Object: 'Object Repository/Final Object Repo/Page_Update Add New Employee - ASSIST/Select to Update Add New Employee' is clicked on

2018-11-22 21:35:52 - [TEST_STEP][PASSED] - delay: Delayed 2 second(s)

2018-11-22 21:35:54 - [MESSAGE][PASSED] - Delayed 2 second(s)

2018-11-22 21:35:54 - [TEST_STEP][PASSED] - setText: Text 'E1102070350X' is set on object 'Object Repository/Final Object Repo/Page_Update Add New Employee - ASSIST/Employer Code input textbox'

2018-11-22 21:35:55 - [MESSAGE][PASSED] - Text 'E1102070350X' is set on object 'Object Repository/Final Object Repo/Page_Update Add New Employee - ASSIST/Employer Code input textbox'

2018-11-22 21:35:55 - [TEST_STEP][PASSED] - delay: Delayed 2 second(s)

2018-11-22 21:35:57 - [MESSAGE][PASSED] - Delayed 2 second(s)

2018-11-22 21:35:57 - [TEST_STEP][PASSED] - click: Object: 'Object Repository/Final Object Repo/Page_Update Add New Employee - ASSIST/Search Button for Employer Code' is clicked on

2018-11-22 21:35:57 - [MESSAGE][PASSED] - Object: 'Object Repository/Final Object Repo/Page_Update Add New Employee - ASSIST/Search Button for Employer Code' is clicked on

2018-11-22 21:35:57 - [TEST_STEP][PASSED] - delay: Delayed 4 second(s)

2018-11-22 21:36:01 - [MESSAGE][PASSED] - Delayed 4 second(s)

2018-11-22 21:36:01 - [TEST_STEP][PASSED] - click: Object: 'Object Repository/Final Object Repo/Page_Update Add New Employee - ASSIST/Click to Edit Case' is clicked on

2018-11-22 21:36:03 - [MESSAGE][PASSED] - Object: 'Object Repository/Final Object Repo/Page_Update Add New Employee - ASSIST/Click to Edit Case' is clicked on

2018-11-22 21:36:03 - [TEST_STEP][PASSED] - callTestCase: Call Test Case 'Test Cases/Final Aug 2018 - PKS Automation/Registration Module/Workflow/Update Add New Employee/Template/Employee Adding/Employee Adding Action liability date change - Employer Access' successfully

2018-11-22 21:36:03 - [TEST_CASE][PASSED] - Test Cases/Final Aug 2018 - PKS Automation/Registration Module/Workflow/Update Add New Employee/Template/Employee Adding/Employee Adding Action liability date change - Employer Access: Test Cases/Final Aug 2018 - PKS Automation/Registration Module/Workflow/Update Add New Employee/Template/Employee Adding/Employee Adding Action liability date change - Employer Access

2018-11-22 21:36:04 - [TEST_STEP][PASSED] - delay: Delayed 4 second(s)

2018-11-22 21:36:08 - [MESSAGE][PASSED] - Delayed 4 second(s)

2018-11-22 21:36:08 - [TEST_STEP][PASSED] - click: Object: 'Object Repository/Final Object Repo/Page_Update Add New Employee - ASSIST/Add Employee Button' is clicked on

2018-11-22 21:36:08 - [MESSAGE][PASSED] - Object: 'Object Repository/Final Object Repo/Page_Update Add New Employee - ASSIST/Add Employee Button' is clicked on

2018-11-22 21:36:08 - [TEST_STEP][PASSED] - delay: Delayed 3 second(s)

2018-11-22 21:36:11 - [MESSAGE][PASSED] - Delayed 3 second(s)

2018-11-22 21:36:11 - [TEST_STEP][PASSED] - setText: Text '830081009219' is set on object 'Object Repository/Final Object Repo/Page_Update Add New Employee - ASSIST/NRIC Input'

2018-11-22 21:36:11 - [MESSAGE][PASSED] - Text '830081009219' is set on object 'Object Repository/Final Object Repo/Page_Update Add New Employee - ASSIST/NRIC Input'

2018-11-22 21:36:11 - [TEST_STEP][PASSED] - delay: Delayed 2 second(s)

2018-11-22 21:36:13 - [MESSAGE][PASSED] - Delayed 2 second(s)

2018-11-22 21:36:13 - [TEST_STEP][PASSED] - setText: Text 'Automate002 Employee eligible 1' is set on object 'Object Repository/Final Object Repo/Page_Update Add New Employee - ASSIST/Employee Name Input'

2018-11-22 21:36:14 - [MESSAGE][PASSED] - Text 'Automate002 Employee eligible 1' is set on object 'Object Repository/Final Object Repo/Page_Update Add New Employee - ASSIST/Employee Name Input'

2018-11-22 21:36:14 - [TEST_STEP][PASSED] - delay: Delayed 2 second(s)

2018-11-22 21:36:16 - [MESSAGE][PASSED] - Delayed 2 second(s)

2018-11-22 21:36:16 - [TEST_STEP][PASSED] - click: Object: 'Object Repository/Final Object Repo/Page_Update Add New Employee - ASSIST/DatePicker Pop Up' is clicked on

2018-11-22 21:36:16 - [MESSAGE][PASSED] - Object: 'Object Repository/Final Object Repo/Page_Update Add New Employee - ASSIST/DatePicker Pop Up' is clicked on

2018-11-22 21:36:16 - [TEST_STEP][PASSED] - click: Object: 'Object Repository/Final Object Repo/Page_Update Add New Employee - ASSIST/DOB Month' is clicked on

2018-11-22 21:36:16 - [MESSAGE][PASSED] - Object: 'Object Repository/Final Object Repo/Page_Update Add New Employee - ASSIST/DOB Month' is clicked on

2018-11-22 21:36:16 - [TEST_STEP][PASSED] - Statement - CurrentMonth = CurrentMonth: null

2018-11-22 21:36:16 - [TEST_STEP][PASSED] - Statement - selectMonth = new com.kms.katalon.core.testobject.TestObject(): null

2018-11-22 21:36:16 - [TEST_STEP][PASSED] - Statement - selectMonth.addProperty("xpath", EQUALS, "//body/div/div/div/select/option[@value='" + CurrentMonth + "']", true): null

2018-11-22 21:36:16 - [TEST_STEP][PASSED] - click: Object: '' is clicked on

2018-11-22 21:36:16 - [MESSAGE][PASSED] - Object: '' is clicked on

2018-11-22 21:36:16 - [TEST_STEP][PASSED] - click: Object: 'Object Repository/Final Object Repo/Page_Update Add New Employee - ASSIST/DOB Year' is clicked on

2018-11-22 21:36:16 - [MESSAGE][PASSED] - Object: 'Object Repository/Final Object Repo/Page_Update Add New Employee - ASSIST/DOB Year' is clicked on

2018-11-22 21:36:16 - [TEST_STEP][PASSED] - Statement - Eyearsbf = EighteenYrsBefore: null

2018-11-22 21:36:16 - [TEST_STEP][PASSED] - Statement - selectYear = new com.kms.katalon.core.testobject.TestObject(): null

2018-11-22 21:36:16 - [TEST_STEP][PASSED] - Statement - selectYear.addProperty("xpath", EQUALS, "//div/div/div/select/option[@value='" + Eyearsbf + "']", true): null

2018-11-22 21:36:16 - [TEST_STEP][PASSED] - click: Object: '' is clicked on

2018-11-22 21:36:17 - [MESSAGE][PASSED] - Object: '' is clicked on

2018-11-22 21:36:17 - [TEST_STEP][PASSED] - Statement - UpdatedSelectDate = com.kms.katalon.core.webui.keyword.WebUiBuiltInKeywords.modifyObjectProperty(com.kms.katalon.core.testobject.ObjectRepository.findTestObject(Final Object Repo/Page_Update Add New Employee - ASSIST/DOB Date), "xpath", "equals", "//body/div/table/tbody/tr/td/a[text()="" + CurrentDate + ""]", true): Modify property of object successfully

2018-11-22 21:36:17 - [MESSAGE][PASSED] - Modify property of object successfully

2018-11-22 21:36:17 - [TEST_STEP][PASSED] - delay: Delayed 3 second(s)

2018-11-22 21:36:20 - [MESSAGE][PASSED] - Delayed 3 second(s)

2018-11-22 21:36:20 - [TEST_STEP][PASSED] - click: Object: 'Object Repository/Final Object Repo/Page_Update Add New Employee - ASSIST/DOB Date' is clicked on

2018-11-22 21:36:20 - [MESSAGE][PASSED] - Object: 'Object Repository/Final Object Repo/Page_Update Add New Employee - ASSIST/DOB Date' is clicked on

2018-11-22 21:36:20 - [TEST_STEP][PASSED] - delay: Delayed 2 second(s)

2018-11-22 21:36:22 - [MESSAGE][PASSED] - Delayed 2 second(s)

2018-11-22 21:36:22 - [TEST_STEP][PASSED] - click: Object: 'Object Repository/Final Object Repo/Page_Update Add New Employee - ASSIST/EmploymentStartDate Pop Up' is clicked on

2018-11-22 21:36:22 - [MESSAGE][PASSED] - Object: 'Object Repository/Final Object Repo/Page_Update Add New Employee - ASSIST/EmploymentStartDate Pop Up' is clicked on

2018-11-22 21:36:22 - [TEST_STEP][PASSED] - delay: Delayed 2 second(s)

2018-11-22 21:36:24 - [MESSAGE][PASSED] - Delayed 2 second(s)

2018-11-22 21:36:24 - [TEST_STEP][PASSED] - click: Object: 'Object Repository/Final Object Repo/Page_Update Add New Employee - ASSIST/Socso Employment StartDate Month' is clicked on

2018-11-22 21:36:24 - [MESSAGE][PASSED] - Object: 'Object Repository/Final Object Repo/Page_Update Add New Employee - ASSIST/Socso Employment StartDate Month' is clicked on

2018-11-22 21:36:24 - [TEST_STEP][PASSED] - delay: Delayed 1 second(s)

2018-11-22 21:36:25 - [MESSAGE][PASSED] - Delayed 1 second(s)

2018-11-22 21:36:25 - [TEST_STEP][PASSED] - click: Object: 'Object Repository/Final Object Repo/Page_Update Add New Employee - ASSIST/Select Socso Employement Startdate Month' is clicked on

2018-11-22 21:36:25 - [MESSAGE][PASSED] - Object: 'Object Repository/Final Object Repo/Page_Update Add New Employee - ASSIST/Select Socso Employement Startdate Month' is clicked on

2018-11-22 21:36:25 - [TEST_STEP][PASSED] - delay: Delayed 2 second(s)

2018-11-22 21:36:27 - [MESSAGE][PASSED] - Delayed 2 second(s)

2018-11-22 21:36:27 - [TEST_STEP][PASSED] - click: Object: 'Object Repository/Final Object Repo/Page_Update Add New Employee - ASSIST/Socso Employment StartDate Year' is clicked on

2018-11-22 21:36:27 - [MESSAGE][PASSED] - Object: 'Object Repository/Final Object Repo/Page_Update Add New Employee - ASSIST/Socso Employment StartDate Year' is clicked on

2018-11-22 21:36:27 - [TEST_STEP][PASSED] - delay: Delayed 1 second(s)

2018-11-22 21:36:28 - [MESSAGE][PASSED] - Delayed 1 second(s)

2018-11-22 21:36:28 - [TEST_STEP][PASSED] - click: Object: 'Object Repository/Final Object Repo/Page_Update Add New Employee - ASSIST/Select Socso Employment Startdate Year - Emp Update Add New' is clicked on

2018-11-22 21:36:29 - [MESSAGE][PASSED] - Object: 'Object Repository/Final Object Repo/Page_Update Add New Employee - ASSIST/Select Socso Employment Startdate Year - Emp Update Add New' is clicked on

2018-11-22 21:36:29 - [TEST_STEP][PASSED] - delay: Delayed 2 second(s)

2018-11-22 21:36:31 - [MESSAGE][PASSED] - Delayed 2 second(s)

2018-11-22 21:36:31 - [TEST_STEP][PASSED] - click: Object: 'Object Repository/Final Object Repo/Page_Update Add New Employee - ASSIST/Socso Employment Start Date Day' is clicked on

2018-11-22 21:36:31 - [MESSAGE][PASSED] - Object: 'Object Repository/Final Object Repo/Page_Update Add New Employee - ASSIST/Socso Employment Start Date Day' is clicked on

2018-11-22 21:36:31 - [TEST_STEP][PASSED] - delay: Delayed 2 second(s)

2018-11-22 21:36:33 - [MESSAGE][PASSED] - Delayed 2 second(s)

2018-11-22 21:36:33 - [TEST_STEP][PASSED] - click: Object: 'Object Repository/Final Object Repo/Page_Update Add New Employee - ASSIST/Save Button for Add Employee' is clicked on

2018-11-22 21:36:33 - [MESSAGE][PASSED] - Object: 'Object Repository/Final Object Repo/Page_Update Add New Employee - ASSIST/Save Button for Add Employee' is clicked on

2018-11-22 21:36:33 - [MESSAGE][PASSED] - Call Test Case 'Test Cases/Final Aug 2018 - PKS Automation/Registration Module/Workflow/Update Add New Employee/Template/Employee Adding/Employee Adding Action liability date change - Employer Access' successfully

2018-11-22 21:36:33 - [TEST_STEP][PASSED] - delay: Delayed 4 second(s)

2018-11-22 21:36:37 - [MESSAGE][PASSED] - Delayed 4 second(s)

2018-11-22 21:36:37 - [TEST_STEP][PASSED] - Statement - CaseReferenceNo = com.kms.katalon.core.webui.keyword.WebUiBuiltInKeywords.getText(com.kms.katalon.core.testobject.ObjectRepository.findTestObject(Final Object Repo/Page_Update Add New Employee - ASSIST/RefNo)): Text of object 'Object Repository/Final Object Repo/Page_Update Add New Employee - ASSIST/RefNo' is: 'CAN11201800002159'

2018-11-22 21:36:37 - [MESSAGE][PASSED] - Text of object 'Object Repository/Final Object Repo/Page_Update Add New Employee - ASSIST/RefNo' is: 'CAN11201800002159'

2018-11-22 21:36:37 - [TEST_STEP][PASSED] - callTestCase: Call Test Case 'Test Cases/Final Aug 2018 - PKS Automation/Common/Reference Number Setter' successfully

2018-11-22 21:36:37 - [TEST_CASE][PASSED] - Test Cases/Final Aug 2018 - PKS Automation/Common/Reference Number Setter: Test Cases/Final Aug 2018 - PKS Automation/Common/Reference Number Setter

2018-11-22 21:36:37 - [TEST_STEP][PASSED] - Statement - RefNoOldFile = new java.io.File(C://Users//Admin//Desktop//PKS//Automation Reference Point//KatalonReference.txt): null

2018-11-22 21:36:37 - [TEST_STEP][PASSED] - Statement - RefNoOldFile.delete(): null

2018-11-22 21:36:37 - [TEST_STEP][PASSED] - delay: Delayed 5 second(s)

2018-11-22 21:36:42 - [MESSAGE][PASSED] - Delayed 5 second(s)

2018-11-22 21:36:42 - [TEST_STEP][PASSED] - Statement - RefNo = new java.io.File(C://Users//Admin//Desktop//PKS//Automation Reference Point//KatalonReference.txt): null

2018-11-22 21:36:42 - [TEST_STEP][PASSED] - Statement - f2 = new java.io.FileWriter(RefNo, false): null

2018-11-22 21:36:42 - [TEST_STEP][PASSED] - Statement - f2.write(CaseReferenceNo): null

2018-11-22 21:36:42 - [TEST_STEP][PASSED] - Statement - f2.close(): null

2018-11-22 21:36:42 - [TEST_STEP][PASSED] - Statement - out.println("


" + CaseReferenceNo + "


"): null

2018-11-22 21:36:42 - [MESSAGE][PASSED] - Call Test Case 'Test Cases/Final Aug 2018 - PKS Automation/Common/Reference Number Setter' successfully

2018-11-22 21:36:42 - [TEST_STEP][PASSED] - delay: Delayed 5 second(s)

2018-11-22 21:36:47 - [MESSAGE][PASSED] - Delayed 5 second(s)

2018-11-22 21:36:47 - [TEST_STEP][PASSED] - click: Object: 'Object Repository/Final Object Repo/Page_Update Add New Employee - ASSIST/Save  Continue Button' is clicked on

2018-11-22 21:36:47 - [MESSAGE][PASSED] - Object: 'Object Repository/Final Object Repo/Page_Update Add New Employee - ASSIST/Save  Continue Button' is clicked on

2018-11-22 21:36:47 - [TEST_STEP][PASSED] - delay: Delayed 4 second(s)

2018-11-22 21:36:51 - [MESSAGE][PASSED] - Delayed 4 second(s)

2018-11-22 21:36:51 - [TEST_STEP][PASSED] - click: Object: 'Object Repository/Final Object Repo/Page_Update Add New Employee - ASSIST/Save  Continue Third Screen' is clicked on

2018-11-22 21:36:55 - [MESSAGE][PASSED] - Object: 'Object Repository/Final Object Repo/Page_Update Add New Employee - ASSIST/Save  Continue Third Screen' is clicked on

2018-11-22 21:36:55 - [TEST_STEP][PASSED] - delay: Delayed 4 second(s)

2018-11-22 21:36:59 - [MESSAGE][PASSED] - Delayed 4 second(s)

2018-11-22 21:36:59 - [TEST_STEP][PASSED] - click: Object: 'Object Repository/Final Object Repo/Page_Update Add New Employee - ASSIST/Save   Continue Supporting Doc Page' is clicked on

2018-11-22 21:36:59 - [MESSAGE][PASSED] - Object: 'Object Repository/Final Object Repo/Page_Update Add New Employee - ASSIST/Save   Continue Supporting Doc Page' is clicked on

2018-11-22 21:36:59 - [TEST_STEP][PASSED] - delay: Delayed 4 second(s)

2018-11-22 21:37:03 - [MESSAGE][PASSED] - Delayed 4 second(s)

2018-11-22 21:37:03 - [TEST_STEP][PASSED] - click: Object: 'Object Repository/Final Object Repo/Page_Update Add New Employee - ASSIST/Submit Button' is clicked on

2018-11-22 21:37:03 - [MESSAGE][PASSED] - Object: 'Object Repository/Final Object Repo/Page_Update Add New Employee - ASSIST/Submit Button' is clicked on

2018-11-22 21:37:03 - [TEST_STEP][PASSED] - delay: Delayed 4 second(s)

2018-11-22 21:37:07 - [MESSAGE][PASSED] - Delayed 4 second(s)

2018-11-22 21:37:07 - [TEST_STEP][PASSED] - click: Object: 'Object Repository/Final Object Repo/Page_Update Add New Employee - ASSIST/Confirm Submit Button' is clicked on

2018-11-22 21:37:07 - [MESSAGE][PASSED] - Object: 'Object Repository/Final Object Repo/Page_Update Add New Employee - ASSIST/Confirm Submit Button' is clicked on

2018-11-22 21:37:07 - [TEST_STEP][PASSED] - delay: Delayed 30 second(s)

2018-11-22 21:37:37 - [MESSAGE][PASSED] - Delayed 30 second(s)

2018-11-22 21:37:37 - [TEST_STEP][PASSED] - callTestCase: Call Test Case 'Test Cases/Final Aug 2018 - PKS Automation/Common/Screenshoting tool' successfully

2018-11-22 21:37:37 - [TEST_CASE][PASSED] - Test Cases/Final Aug 2018 - PKS Automation/Common/Screenshoting tool: Test Cases/Final Aug 2018 - PKS Automation/Common/Screenshoting tool

2018-11-22 21:37:37 - [TEST_STEP][PASSED] - delay: Delayed 15 second(s)

2018-11-22 21:37:52 - [MESSAGE][PASSED] - Delayed 15 second(s)

2018-11-22 21:37:52 - [TEST_STEP][PASSED] - Statement - driver = com.kms.katalon.core.webui.driver.DriverFactory.getWebDriver(): null

2018-11-22 21:37:52 - [TEST_STEP][PASSED] - Statement - driver.manage().timeouts().implicitlyWait(10, SECONDS): null

2018-11-22 21:37:52 - [TEST_STEP][PASSED] - Statement - PresavePath = KatalonScreenshots: null

2018-11-22 21:37:52 - [TEST_STEP][PASSED] - Statement - pathPrefix = "C:\Users\Public\Pictures\Sample Pictures\Katalon Screenshots\Automate Ending Screen": null

2018-11-22 21:37:52 - [TEST_STEP][PASSED] - Statement - finalPath = <not implemented yet for class: org.codehaus.groovy.ast.expr.EmptyExpression>: null

2018-11-22 21:37:52 - [TEST_STEP][PASSED] - Statement - scrFile = driver.getScreenshotAs(FILE): null

2018-11-22 21:37:53 - [TEST_STEP][PASSED] - Statement - PreSaveFile = new java.io.File(PresavePath): null

2018-11-22 21:37:53 - [TEST_STEP][PASSED] - Statement - counter = 0: null

2018-11-22 21:37:53 - [TEST_STEP][PASSED] - Statement - If (PreSaveFile.exists()): null

2018-11-22 21:37:53 - [TEST_STEP][PASSED] - Statement - While (PreSaveFile.exists()): null

2018-11-22 21:37:53 - [TEST_STEP][PASSED] - Statement - counter = counter + 1: null

2018-11-22 21:37:53 - [TEST_STEP][PASSED] - Statement - PreSaveFile = new java.io.File(((pathPrefix + java.lang.Integer.toString(counter)) + .png)): null

2018-11-22 21:37:53 - [TEST_STEP][PASSED] - Statement - counter = counter + 1: null

2018-11-22 21:37:53 - [TEST_STEP][PASSED] - Statement - PreSaveFile = new java.io.File(((pathPrefix + java.lang.Integer.toString(counter)) + .png)): null

2018-11-22 21:37:53 - [TEST_STEP][PASSED] - Statement - counter = counter + 1: null

2018-11-22 21:37:53 - [TEST_STEP][PASSED] - Statement - PreSaveFile = new java.io.File(((pathPrefix + java.lang.Integer.toString(counter)) + .png)): null

2018-11-22 21:37:53 - [TEST_STEP][PASSED] - Statement - counter = counter + 1: null

2018-11-22 21:37:53 - [TEST_STEP][PASSED] - Statement - PreSaveFile = new java.io.File(((pathPrefix + java.lang.Integer.toString(counter)) + .png)): null

2018-11-22 21:37:53 - [TEST_STEP][PASSED] - Statement - counter = counter + 1: null

2018-11-22 21:37:53 - [TEST_STEP][PASSED] - Statement - PreSaveFile = new java.io.File(((pathPrefix + java.lang.Integer.toString(counter)) + .png)): null

2018-11-22 21:37:53 - [TEST_STEP][PASSED] - Statement - counter = counter + 1: null

2018-11-22 21:37:53 - [TEST_STEP][PASSED] - Statement - PreSaveFile = new java.io.File(((pathPrefix + java.lang.Integer.toString(counter)) + .png)): null

2018-11-22 21:37:53 - [TEST_STEP][PASSED] - Statement - counter = counter + 1: null

2018-11-22 21:37:53 - [TEST_STEP][PASSED] - Statement - PreSaveFile = new java.io.File(((pathPrefix + java.lang.Integer.toString(counter)) + .png)): null

2018-11-22 21:37:53 - [TEST_STEP][PASSED] - Statement - counter = counter + 1: null

2018-11-22 21:37:53 - [TEST_STEP][PASSED] - Statement - PreSaveFile = new java.io.File(((pathPrefix + java.lang.Integer.toString(counter)) + .png)): null

2018-11-22 21:37:53 - [TEST_STEP][PASSED] - Statement - counter = counter + 1: null

2018-11-22 21:37:53 - [TEST_STEP][PASSED] - Statement - PreSaveFile = new java.io.File(((pathPrefix + java.lang.Integer.toString(counter)) + .png)): null

2018-11-22 21:37:53 - [TEST_STEP][PASSED] - Statement - counter = counter + 1: null

2018-11-22 21:37:53 - [TEST_STEP][PASSED] - Statement - PreSaveFile = new java.io.File(((pathPrefix + java.lang.Integer.toString(counter)) + .png)): null

2018-11-22 21:37:53 - [TEST_STEP][PASSED] - Statement - counter = counter + 1: null

2018-11-22 21:37:53 - [TEST_STEP][PASSED] - Statement - PreSaveFile = new java.io.File(((pathPrefix + java.lang.Integer.toString(counter)) + .png)): null

2018-11-22 21:37:53 - [TEST_STEP][PASSED] - Statement - counter = counter + 1: null

2018-11-22 21:37:53 - [TEST_STEP][PASSED] - Statement - PreSaveFile = new java.io.File(((pathPrefix + java.lang.Integer.toString(counter)) + .png)): null

2018-11-22 21:37:53 - [TEST_STEP][PASSED] - Statement - counter = counter + 1: null

2018-11-22 21:37:53 - [TEST_STEP][PASSED] - Statement - PreSaveFile = new java.io.File(((pathPrefix + java.lang.Integer.toString(counter)) + .png)): null

2018-11-22 21:37:53 - [TEST_STEP][PASSED] - Statement - counter = counter + 1: null

2018-11-22 21:37:53 - [TEST_STEP][PASSED] - Statement - PreSaveFile = new java.io.File(((pathPrefix + java.lang.Integer.toString(counter)) + .png)): null

2018-11-22 21:37:53 - [TEST_STEP][PASSED] - Statement - counter = counter + 1: null

2018-11-22 21:37:53 - [TEST_STEP][PASSED] - Statement - PreSaveFile = new java.io.File(((pathPrefix + java.lang.Integer.toString(counter)) + .png)): null

2018-11-22 21:37:53 - [TEST_STEP][PASSED] - Statement - counter = counter + 1: null

2018-11-22 21:37:53 - [TEST_STEP][PASSED] - Statement - PreSaveFile = new java.io.File(((pathPrefix + java.lang.Integer.toString(counter)) + .png)): null

2018-11-22 21:37:53 - [TEST_STEP][PASSED] - Statement - counter = counter + 1: null

2018-11-22 21:37:53 - [TEST_STEP][PASSED] - Statement - PreSaveFile = new java.io.File(((pathPrefix + java.lang.Integer.toString(counter)) + .png)): null

2018-11-22 21:37:53 - [TEST_STEP][PASSED] - Statement - counter = counter + 1: null

2018-11-22 21:37:53 - [TEST_STEP][PASSED] - Statement - PreSaveFile = new java.io.File(((pathPrefix + java.lang.Integer.toString(counter)) + .png)): null

2018-11-22 21:37:53 - [TEST_STEP][PASSED] - Statement - counter = counter + 1: null

2018-11-22 21:37:53 - [TEST_STEP][PASSED] - Statement - PreSaveFile = new java.io.File(((pathPrefix + java.lang.Integer.toString(counter)) + .png)): null

2018-11-22 21:37:53 - [TEST_STEP][PASSED] - Statement - counter = counter + 1: null

2018-11-22 21:37:53 - [TEST_STEP][PASSED] - Statement - PreSaveFile = new java.io.File(((pathPrefix + java.lang.Integer.toString(counter)) + .png)): null

2018-11-22 21:37:53 - [TEST_STEP][PASSED] - Statement - counter = counter + 1: null

2018-11-22 21:37:53 - [TEST_STEP][PASSED] - Statement - PreSaveFile = new java.io.File(((pathPrefix + java.lang.Integer.toString(counter)) + .png)): null

2018-11-22 21:37:53 - [TEST_STEP][PASSED] - Statement - counter = counter + 1: null

2018-11-22 21:37:53 - [TEST_STEP][PASSED] - Statement - PreSaveFile = new java.io.File(((pathPrefix + java.lang.Integer.toString(counter)) + .png)): null

2018-11-22 21:37:53 - [TEST_STEP][PASSED] - Statement - counter = counter + 1: null

2018-11-22 21:37:53 - [TEST_STEP][PASSED] - Statement - PreSaveFile = new java.io.File(((pathPrefix + java.lang.Integer.toString(counter)) + .png)): null

2018-11-22 21:37:53 - [TEST_STEP][PASSED] - Statement - counter = counter + 1: null

2018-11-22 21:37:53 - [TEST_STEP][PASSED] - Statement - PreSaveFile = new java.io.File(((pathPrefix + java.lang.Integer.toString(counter)) + .png)): null

2018-11-22 21:37:53 - [TEST_STEP][PASSED] - Statement - counter = counter + 1: null

2018-11-22 21:37:53 - [TEST_STEP][PASSED] - Statement - PreSaveFile = new java.io.File(((pathPrefix + java.lang.Integer.toString(counter)) + .png)): null

2018-11-22 21:37:53 - [TEST_STEP][PASSED] - Statement - counter = counter + 1: null

2018-11-22 21:37:53 - [TEST_STEP][PASSED] - Statement - PreSaveFile = new java.io.File(((pathPrefix + java.lang.Integer.toString(counter)) + .png)): null

2018-11-22 21:37:53 - [TEST_STEP][PASSED] - Statement - counter = counter + 1: null

2018-11-22 21:37:53 - [TEST_STEP][PASSED] - Statement - PreSaveFile = new java.io.File(((pathPrefix + java.lang.Integer.toString(counter)) + .png)): null

2018-11-22 21:37:53 - [TEST_STEP][PASSED] - Statement - counter = counter + 1: null

2018-11-22 21:37:53 - [TEST_STEP][PASSED] - Statement - PreSaveFile = new java.io.File(((pathPrefix + java.lang.Integer.toString(counter)) + .png)): null

2018-11-22 21:37:53 - [TEST_STEP][PASSED] - Statement - counter = counter + 1: null

2018-11-22 21:37:53 - [TEST_STEP][PASSED] - Statement - PreSaveFile = new java.io.File(((pathPrefix + java.lang.Integer.toString(counter)) + .png)): null

2018-11-22 21:37:53 - [TEST_STEP][PASSED] - Statement - counter = counter + 1: null

2018-11-22 21:37:53 - [TEST_STEP][PASSED] - Statement - PreSaveFile = new java.io.File(((pathPrefix + java.lang.Integer.toString(counter)) + .png)): null

2018-11-22 21:37:53 - [TEST_STEP][PASSED] - Statement - counter = counter + 1: null

2018-11-22 21:37:53 - [TEST_STEP][PASSED] - Statement - PreSaveFile = new java.io.File(((pathPrefix + java.lang.Integer.toString(counter)) + .png)): null

2018-11-22 21:37:53 - [TEST_STEP][PASSED] - Statement - counter = counter + 1: null

2018-11-22 21:37:53 - [TEST_STEP][PASSED] - Statement - PreSaveFile = new java.io.File(((pathPrefix + java.lang.Integer.toString(counter)) + .png)): null

2018-11-22 21:37:53 - [TEST_STEP][PASSED] - Statement - counter = counter + 1: null

2018-11-22 21:37:53 - [TEST_STEP][PASSED] - Statement - PreSaveFile = new java.io.File(((pathPrefix + java.lang.Integer.toString(counter)) + .png)): null

2018-11-22 21:37:53 - [TEST_STEP][PASSED] - Statement - counter = counter + 1: null

2018-11-22 21:37:53 - [TEST_STEP][PASSED] - Statement - PreSaveFile = new java.io.File(((pathPrefix + java.lang.Integer.toString(counter)) + .png)): null

2018-11-22 21:37:53 - [TEST_STEP][PASSED] - Statement - counter = counter + 1: null

2018-11-22 21:37:53 - [TEST_STEP][PASSED] - Statement - PreSaveFile = new java.io.File(((pathPrefix + java.lang.Integer.toString(counter)) + .png)): null

2018-11-22 21:37:53 - [TEST_STEP][PASSED] - Statement - counter = counter + 1: null

2018-11-22 21:37:53 - [TEST_STEP][PASSED] - Statement - PreSaveFile = new java.io.File(((pathPrefix + java.lang.Integer.toString(counter)) + .png)): null

2018-11-22 21:37:53 - [TEST_STEP][PASSED] - Statement - counter = counter + 1: null

2018-11-22 21:37:53 - [TEST_STEP][PASSED] - Statement - PreSaveFile = new java.io.File(((pathPrefix + java.lang.Integer.toString(counter)) + .png)): null

2018-11-22 21:37:53 - [TEST_STEP][PASSED] - Statement - counter = counter + 1: null

2018-11-22 21:37:53 - [TEST_STEP][PASSED] - Statement - PreSaveFile = new java.io.File(((pathPrefix + java.lang.Integer.toString(counter)) + .png)): null

2018-11-22 21:37:53 - [TEST_STEP][PASSED] - Statement - counter = counter + 1: null

2018-11-22 21:37:53 - [TEST_STEP][PASSED] - Statement - PreSaveFile = new java.io.File(((pathPrefix + java.lang.Integer.toString(counter)) + .png)): null

2018-11-22 21:37:53 - [TEST_STEP][PASSED] - Statement - counter = counter + 1: null

2018-11-22 21:37:53 - [TEST_STEP][PASSED] - Statement - PreSaveFile = new java.io.File(((pathPrefix + java.lang.Integer.toString(counter)) + .png)): null

2018-11-22 21:37:53 - [TEST_STEP][PASSED] - Statement - counter = counter + 1: null

2018-11-22 21:37:53 - [TEST_STEP][PASSED] - Statement - PreSaveFile = new java.io.File(((pathPrefix + java.lang.Integer.toString(counter)) + .png)): null

2018-11-22 21:37:53 - [TEST_STEP][PASSED] - Statement - counter = counter + 1: null

2018-11-22 21:37:53 - [TEST_STEP][PASSED] - Statement - PreSaveFile = new java.io.File(((pathPrefix + java.lang.Integer.toString(counter)) + .png)): null

2018-11-22 21:37:53 - [TEST_STEP][PASSED] - Statement - counter = counter + 1: null

2018-11-22 21:37:53 - [TEST_STEP][PASSED] - Statement - PreSaveFile = new java.io.File(((pathPrefix + java.lang.Integer.toString(counter)) + .png)): null

2018-11-22 21:37:53 - [TEST_STEP][PASSED] - Statement - counter = counter + 1: null

2018-11-22 21:37:53 - [TEST_STEP][PASSED] - Statement - PreSaveFile = new java.io.File(((pathPrefix + java.lang.Integer.toString(counter)) + .png)): null

2018-11-22 21:37:53 - [TEST_STEP][PASSED] - Statement - counter = counter + 1: null

2018-11-22 21:37:53 - [TEST_STEP][PASSED] - Statement - PreSaveFile = new java.io.File(((pathPrefix + java.lang.Integer.toString(counter)) + .png)): null

2018-11-22 21:37:53 - [TEST_STEP][PASSED] - Statement - counter = counter + 1: null

2018-11-22 21:37:53 - [TEST_STEP][PASSED] - Statement - PreSaveFile = new java.io.File(((pathPrefix + java.lang.Integer.toString(counter)) + .png)): null

2018-11-22 21:37:53 - [TEST_STEP][PASSED] - Statement - counter = counter + 1: null

2018-11-22 21:37:53 - [TEST_STEP][PASSED] - Statement - PreSaveFile = new java.io.File(((pathPrefix + java.lang.Integer.toString(counter)) + .png)): null

2018-11-22 21:37:53 - [TEST_STEP][PASSED] - Statement - counter = counter + 1: null

2018-11-22 21:37:53 - [TEST_STEP][PASSED] - Statement - PreSaveFile = new java.io.File(((pathPrefix + java.lang.Integer.toString(counter)) + .png)): null

2018-11-22 21:37:53 - [TEST_STEP][PASSED] - Statement - counter = counter + 1: null

2018-11-22 21:37:53 - [TEST_STEP][PASSED] - Statement - PreSaveFile = new java.io.File(((pathPrefix + java.lang.Integer.toString(counter)) + .png)): null

2018-11-22 21:37:53 - [TEST_STEP][PASSED] - Statement - counter = counter + 1: null

2018-11-22 21:37:53 - [TEST_STEP][PASSED] - Statement - PreSaveFile = new java.io.File(((pathPrefix + java.lang.Integer.toString(counter)) + .png)): null

2018-11-22 21:37:53 - [TEST_STEP][PASSED] - Statement - counter = counter + 1: null

2018-11-22 21:37:53 - [TEST_STEP][PASSED] - Statement - PreSaveFile = new java.io.File(((pathPrefix + java.lang.Integer.toString(counter)) + .png)): null

2018-11-22 21:37:53 - [TEST_STEP][PASSED] - Statement - counter = counter + 1: null

2018-11-22 21:37:53 - [TEST_STEP][PASSED] - Statement - PreSaveFile = new java.io.File(((pathPrefix + java.lang.Integer.toString(counter)) + .png)): null

2018-11-22 21:37:53 - [TEST_STEP][PASSED] - Statement - counter = counter + 1: null

2018-11-22 21:37:53 - [TEST_STEP][PASSED] - Statement - PreSaveFile = new java.io.File(((pathPrefix + java.lang.Integer.toString(counter)) + .png)): null

2018-11-22 21:37:53 - [TEST_STEP][PASSED] - Statement - counter = counter + 1: null

2018-11-22 21:37:53 - [TEST_STEP][PASSED] - Statement - PreSaveFile = new java.io.File(((pathPrefix + java.lang.Integer.toString(counter)) + .png)): null

2018-11-22 21:37:53 - [TEST_STEP][PASSED] - Statement - counter = counter + 1: null

2018-11-22 21:37:53 - [TEST_STEP][PASSED] - Statement - PreSaveFile = new java.io.File(((pathPrefix + java.lang.Integer.toString(counter)) + .png)): null

2018-11-22 21:37:53 - [TEST_STEP][PASSED] - Statement - counter = counter + 1: null

2018-11-22 21:37:53 - [TEST_STEP][PASSED] - Statement - PreSaveFile = new java.io.File(((pathPrefix + java.lang.Integer.toString(counter)) + .png)): null

2018-11-22 21:37:53 - [TEST_STEP][PASSED] - Statement - counter = counter + 1: null

2018-11-22 21:37:53 - [TEST_STEP][PASSED] - Statement - PreSaveFile = new java.io.File(((pathPrefix + java.lang.Integer.toString(counter)) + .png)): null

2018-11-22 21:37:53 - [TEST_STEP][PASSED] - Statement - counter = counter + 1: null

2018-11-22 21:37:53 - [TEST_STEP][PASSED] - Statement - PreSaveFile = new java.io.File(((pathPrefix + java.lang.Integer.toString(counter)) + .png)): null

2018-11-22 21:37:53 - [TEST_STEP][PASSED] - Statement - counter = counter + 1: null

2018-11-22 21:37:53 - [TEST_STEP][PASSED] - Statement - PreSaveFile = new java.io.File(((pathPrefix + java.lang.Integer.toString(counter)) + .png)): null

2018-11-22 21:37:53 - [TEST_STEP][PASSED] - Statement - counter = counter + 1: null

2018-11-22 21:37:53 - [TEST_STEP][PASSED] - Statement - PreSaveFile = new java.io.File(((pathPrefix + java.lang.Integer.toString(counter)) + .png)): null

2018-11-22 21:37:53 - [TEST_STEP][PASSED] - Statement - counter = counter + 1: null

2018-11-22 21:37:53 - [TEST_STEP][PASSED] - Statement - PreSaveFile = new java.io.File(((pathPrefix + java.lang.Integer.toString(counter)) + .png)): null

2018-11-22 21:37:53 - [TEST_STEP][PASSED] - Statement - counter = counter + 1: null

2018-11-22 21:37:53 - [TEST_STEP][PASSED] - Statement - PreSaveFile = new java.io.File(((pathPrefix + java.lang.Integer.toString(counter)) + .png)): null

2018-11-22 21:37:53 - [TEST_STEP][PASSED] - Statement - finalPath = pathPrefix + java.lang.Integer.toString(counter) + ".png": null

2018-11-22 21:37:53 - [TEST_STEP][PASSED] - Statement - SaveFile = new java.io.File(finalPath): null

2018-11-22 21:37:53 - [TEST_STEP][PASSED] - Statement - Try: null

2018-11-22 21:37:53 - [TEST_STEP][PASSED] - Statement - org.apache.commons.io.FileUtils.copyFile(scrFile, SaveFile): null

2018-11-22 21:37:53 - [TEST_STEP][PASSED] - Statement - out.println("file kept"): null

2018-11-22 21:37:53 - [TEST_STEP][PASSED] - delay: Delayed 10 second(s)

2018-11-22 21:38:03 - [MESSAGE][PASSED] - Delayed 10 second(s)

2018-11-22 21:38:03 - [MESSAGE][PASSED] - Call Test Case 'Test Cases/Final Aug 2018 - PKS Automation/Common/Screenshoting tool' successfully

2018-11-22 21:38:03 - [TEST_STEP][PASSED] - callTestCase: Call Test Case 'Test Cases/Final Aug 2018 - PKS Automation/Registration Module/Log Out/log out avoiding katalon tagging' successfully

2018-11-22 21:38:03 - [TEST_CASE][PASSED] - Test Cases/Final Aug 2018 - PKS Automation/Registration Module/Log Out/log out avoiding katalon tagging: Test Cases/Final Aug 2018 - PKS Automation/Registration Module/Log Out/log out avoiding katalon tagging

2018-11-22 21:38:03 - [TEST_STEP][PASSED] - navigateToUrl: Navigate to 'https://assist2-uat.perkeso.gov.my/c/portal/logout' successfully

2018-11-22 21:38:04 - [MESSAGE][PASSED] - Navigate to 'https://assist2-uat.perkeso.gov.my/c/portal/logout' successfully

2018-11-22 21:38:04 - [MESSAGE][PASSED] - Call Test Case 'Test Cases/Final Aug 2018 - PKS Automation/Registration Module/Log Out/log out avoiding katalon tagging' successfully

2018-11-22 21:38:04 - [TEST_STEP][FAILED] - callTestCase: Unable to call Test Case with id 'Test Cases/Final Aug 2018 - PKS Automation/Common/Workflow Owner Finder' (Root cause: Call Test Case 'Test Cases/Final Aug 2018 - PKS Automation/Common/Workflow Owner Finder' failed)

2018-11-22 21:38:04 - [TEST_CASE][FAILED] - Test Cases/Final Aug 2018 - PKS Automation/Common/Workflow Owner Finder: Test Cases/Final Aug 2018 - PKS Automation/Common/Workflow Owner Finder FAILED because (of) (Stack trace: com.kms.katalon.core.exception.StepFailedException: Unable to click on object 'Object Repository/Final Object Repo/Landing Page/Select to English' (Root cause: com.kms.katalon.core.webui.exception.WebElementNotFoundException: Web element with id: 'Object Repository/Final Object Repo/Landing Page/Select to English' located by 'By.xpath: //a[@class = 'taglib-language-list-text' and @lang = 'en-US' and (contains(text(), 'EN') or contains(., 'EN'))]' not found)
	at com.kms.katalon.core.keyword.internal.KeywordMain.stepFailed(KeywordMain.groovy:32)
	at com.kms.katalon.core.webui.keyword.internal.WebUIKeywordMain.stepFailed(WebUIKeywordMain.groovy:65)
	at com.kms.katalon.core.webui.keyword.internal.WebUIKeywordMain.runKeyword(WebUIKeywordMain.groovy:27)
	at com.kms.katalon.core.webui.keyword.builtin.ClickKeyword.click(ClickKeyword.groovy:86)
	at com.kms.katalon.core.webui.keyword.builtin.ClickKeyword.execute(ClickKeyword.groovy:67)
	at com.kms.katalon.core.keyword.internal.KeywordExecutor.executeKeywordForPlatform(KeywordExecutor.groovy:53)
	at com.kms.katalon.core.webui.keyword.WebUiBuiltInKeywords.click(WebUiBuiltInKeywords.groovy:604)
	at com.kms.katalon.core.webui.keyword.WebUiBuiltInKeywords$click$6.call(Unknown Source)
	at Script1534407542420.run(Script1534407542420.groovy:57)
	at com.kms.katalon.core.main.ScriptEngine.run(ScriptEngine.java:183)
	at com.kms.katalon.core.main.ScriptEngine.runScriptAsRawText(ScriptEngine.java:108)
	at com.kms.katalon.core.main.TestCaseExecutor.runScript(TestCaseExecutor.java:294)
	at com.kms.katalon.core.main.TestCaseExecutor.doExecute(TestCaseExecutor.java:285)
	at com.kms.katalon.core.main.TestCaseExecutor.processExecutionPhase(TestCaseExecutor.java:264)
	at com.kms.katalon.core.main.TestCaseExecutor.accessMainPhase(TestCaseExecutor.java:256)
	at com.kms.katalon.core.main.TestCaseExecutor.execute(TestCaseExecutor.java:200)
	at com.kms.katalon.core.main.TestCaseMain.runTestCase(TestCaseMain.java:99)
	at com.kms.katalon.core.keyword.builtin.CallTestCaseKeyword$_callTestCase_closure1.doCall(CallTestCaseKeyword.groovy:60)
	at com.kms.katalon.core.keyword.builtin.CallTestCaseKeyword$_callTestCase_closure1.call(CallTestCaseKeyword.groovy)
	at com.kms.katalon.core.keyword.internal.KeywordMain.runKeyword(KeywordMain.groovy:54)
	at com.kms.katalon.core.keyword.builtin.CallTestCaseKeyword.callTestCase(CallTestCaseKeyword.groovy:81)
	at com.kms.katalon.core.keyword.builtin.CallTestCaseKeyword.execute(CallTestCaseKeyword.groovy:45)
	at com.kms.katalon.core.keyword.internal.KeywordExecutor.executeKeywordForPlatform(KeywordExecutor.groovy:53)
	at com.kms.katalon.core.keyword.BuiltinKeywords.callTestCase(BuiltinKeywords.groovy:334)
	at sun.reflect.GeneratedMethodAccessor13.invoke(Unknown Source)
	at sun.reflect.DelegatingMethodAccessorImpl.invoke(DelegatingMethodAccessorImpl.java:43)
	at java.lang.reflect.Method.invoke(Method.java:498)
	at org.codehaus.groovy.reflection.CachedMethod.invoke(CachedMethod.java:93)
	at groovy.lang.MetaMethod.doMethodInvoke(MetaMethod.java:325)
	at groovy.lang.MetaClassImpl.invokeStaticMethod(MetaClassImpl.java:1469)
	at org.codehaus.groovy.runtime.callsite.StaticMetaClassSite.call(StaticMetaClassSite.java:53)
	at org.codehaus.groovy.runtime.callsite.CallSiteArray.defaultCall(CallSiteArray.java:48)
	at org.codehaus.groovy.runtime.callsite.AbstractCallSite.call(AbstractCallSite.java:113)
	at org.codehaus.groovy.runtime.callsite.AbstractCallSite.call(AbstractCallSite.java:141)
	at Script1537255642276.run(Script1537255642276.groovy:113)
	at com.kms.katalon.core.main.ScriptEngine.run(ScriptEngine.java:183)
	at com.kms.katalon.core.main.ScriptEngine.runScriptAsRawText(ScriptEngine.java:108)
	at com.kms.katalon.core.main.TestCaseExecutor.runScript(TestCaseExecutor.java:294)
	at com.kms.katalon.core.main.TestCaseExecutor.doExecute(TestCaseExecutor.java:285)
	at com.kms.katalon.core.main.TestCaseExecutor.processExecutionPhase(TestCaseExecutor.java:264)
	at com.kms.katalon.core.main.TestCaseExecutor.accessMainPhase(TestCaseExecutor.java:256)
	at com.kms.katalon.core.main.TestCaseExecutor.execute(TestCaseExecutor.java:200)
	at com.kms.katalon.core.main.TestSuiteExecutor.accessTestCaseMainPhase(TestSuiteExecutor.java:129)
	at com.kms.katalon.core.main.TestSuiteExecutor.accessTestSuiteMainPhase(TestSuiteExecutor.java:112)
	at com.kms.katalon.core.main.TestSuiteExecutor.execute(TestSuiteExecutor.java:81)
	at com.kms.katalon.core.main.TestCaseMain.startTestSuite(TestCaseMain.java:142)
	at com.kms.katalon.core.main.TestCaseMain$startTestSuite$0.call(Unknown Source)
	at org.codehaus.groovy.runtime.callsite.CallSiteArray.defaultCall(CallSiteArray.java:48)
	at org.codehaus.groovy.runtime.callsite.AbstractCallSite.call(AbstractCallSite.java:113)
	at org.codehaus.groovy.runtime.callsite.AbstractCallSite.call(AbstractCallSite.java:141)
	at TempTestSuite1542874456666.run(TempTestSuite1542874456666.groovy:36)
	at groovy.lang.GroovyShell.runScriptOrMainOrTestOrRunnable(GroovyShell.java:263)
	at groovy.lang.GroovyShell.run(GroovyShell.java:518)
	at groovy.lang.GroovyShell.run(GroovyShell.java:507)
	at groovy.ui.GroovyMain.processOnce(GroovyMain.java:653)
	at groovy.ui.GroovyMain.run(GroovyMain.java:384)
	at groovy.ui.GroovyMain.process(GroovyMain.java:370)
	at groovy.ui.GroovyMain.processArgs(GroovyMain.java:129)
	at groovy.ui.GroovyMain.main(GroovyMain.java:109)
	at sun.reflect.NativeMethodAccessorImpl.invoke0(Native Method)
	at sun.reflect.NativeMethodAccessorImpl.invoke(NativeMethodAccessorImpl.java:62)
	at sun.reflect.DelegatingMethodAccessorImpl.invoke(DelegatingMethodAccessorImpl.java:43)
	at java.lang.reflect.Method.invoke(Method.java:498)
	at org.codehaus.groovy.tools.GroovyStarter.rootLoader(GroovyStarter.java:109)
	at org.codehaus.groovy.tools.GroovyStarter.main(GroovyStarter.java:131)
)

2018-11-22 21:38:04 - [TEST_STEP][PASSED] - openBrowser: Browser is opened with url: ''

2018-11-22 21:38:04 - [MESSAGE][WARNING] - A browser is already opened. Closing browser and opening a new one

2018-11-22 21:38:08 - [MESSAGE][PASSED] - Browser is opened with url: ''

2018-11-22 21:38:08 - [TEST_STEP][PASSED] - navigateToUrl: Navigate to 'https://assist2-uat.perkeso.gov.my/login' successfully

2018-11-22 21:38:09 - [MESSAGE][PASSED] - Navigate to 'https://assist2-uat.perkeso.gov.my/login' successfully

2018-11-22 21:38:09 - [TEST_STEP][PASSED] - delay: Delayed 5 second(s)

2018-11-22 21:38:14 - [MESSAGE][PASSED] - Delayed 5 second(s)

2018-11-22 21:38:14 - [TEST_STEP][PASSED] - setText: Text 'test@liferay.com' is set on object 'Object Repository/Final Object Repo/Login Page/Internal User/Email Address'

2018-11-22 21:38:14 - [MESSAGE][PASSED] - Text 'test@liferay.com' is set on object 'Object Repository/Final Object Repo/Login Page/Internal User/Email Address'

2018-11-22 21:38:14 - [TEST_STEP][PASSED] - click: Object: 'Object Repository/Final Object Repo/Login Page/Internal User/Next Button' is clicked on

2018-11-22 21:38:14 - [MESSAGE][PASSED] - Object: 'Object Repository/Final Object Repo/Login Page/Internal User/Next Button' is clicked on

2018-11-22 21:38:14 - [TEST_STEP][PASSED] - delay: Delayed 2 second(s)

2018-11-22 21:38:16 - [MESSAGE][PASSED] - Delayed 2 second(s)

2018-11-22 21:38:16 - [TEST_STEP][PASSED] - setText: Text 'test' is set on object 'Object Repository/Final Object Repo/Login Page/Internal User/Password'

2018-11-22 21:38:17 - [MESSAGE][PASSED] - Text 'test' is set on object 'Object Repository/Final Object Repo/Login Page/Internal User/Password'

2018-11-22 21:38:17 - [TEST_STEP][PASSED] - delay: Delayed 2 second(s)

2018-11-22 21:38:19 - [MESSAGE][PASSED] - Delayed 2 second(s)

2018-11-22 21:38:19 - [TEST_STEP][PASSED] - click: Object: 'Object Repository/Final Object Repo/Login Page/Internal User/Login Button' is clicked on

2018-11-22 21:38:19 - [MESSAGE][PASSED] - Object: 'Object Repository/Final Object Repo/Login Page/Internal User/Login Button' is clicked on

2018-11-22 21:38:19 - [TEST_STEP][FAILED] - Statement - Try: Delayed 2 second(s)

2018-11-22 21:38:19 - [TEST_STEP][PASSED] - Statement - Checker = false: null

2018-11-22 21:38:19 - [TEST_STEP][PASSED] - Statement - Checker = com.kms.katalon.core.webui.keyword.WebUiBuiltInKeywords.verifyElementHasAttribute(com.kms.katalon.core.testobject.ObjectRepository.findTestObject(Final Object Repo/Landing Page/BM Detecting), "href", 20, OPTIONAL): Unable to verify if object 'Object Repository/Final Object Repo/Landing Page/BM Detecting' has attribute 'href' (Root cause: org.openqa.selenium.StaleElementReferenceException: stale element reference: element is not attached to the page document
  (Session info: chrome=70.0.3538.102)
  (Driver info: chromedriver=2.43.600210 (68dcf5eebde37173d4027fa8635e332711d2874a),platform=Windows NT 6.1.7601 SP1 x86_64) (WARNING: The server did not provide any stacktrace information)
Command duration or timeout: 0 milliseconds
For documentation on this error, please visit: http://seleniumhq.org/exceptions/stale_element_reference.html
Build info: version: '3.7.1', revision: '8a0099a', time: '2017-11-06T21:07:36.161Z'
System info: host: 'WIN7TEST02', ip: '10.20.3.72', os.name: 'Windows 7', os.arch: 'amd64', os.version: '6.1', java.version: '1.8.0_181'
Driver info: com.kms.katalon.selenium.driver.CChromeDriver
Capabilities {acceptInsecureCerts: false, acceptSslCerts: false, applicationCacheEnabled: false, browserConnectionEnabled: false, browserName: chrome, chrome: {chromedriverVersion: 2.43.600210 (68dcf5eebde371..., userDataDir: C:\Users\Admin\AppData\Loca...}, cssSelectorsEnabled: true, databaseEnabled: false, goog:chromeOptions: {debuggerAddress: localhost:63426}, handlesAlerts: true, hasTouchScreen: false, javascriptEnabled: true, locationContextEnabled: true, mobileEmulationEnabled: false, nativeEvents: true, networkConnectionEnabled: false, pageLoadStrategy: normal, platform: XP, platformName: XP, rotatable: false, setWindowRect: true, takesHeapSnapshot: true, takesScreenshot: true, unexpectedAlertBehaviour: , unhandledPromptBehavior: , version: 70.0.3538.102, webStorageEnabled: true}
Session ID: e40e152876fb0c70f89133538a10413b)

2018-11-22 21:38:21 - [MESSAGE][WARNING] - Unable to verify if object 'Object Repository/Final Object Repo/Landing Page/BM Detecting' has attribute 'href' (Root cause: org.openqa.selenium.StaleElementReferenceException: stale element reference: element is not attached to the page document
  (Session info: chrome=70.0.3538.102)
  (Driver info: chromedriver=2.43.600210 (68dcf5eebde37173d4027fa8635e332711d2874a),platform=Windows NT 6.1.7601 SP1 x86_64) (WARNING: The server did not provide any stacktrace information)
Command duration or timeout: 0 milliseconds
For documentation on this error, please visit: http://seleniumhq.org/exceptions/stale_element_reference.html
Build info: version: '3.7.1', revision: '8a0099a', time: '2017-11-06T21:07:36.161Z'
System info: host: 'WIN7TEST02', ip: '10.20.3.72', os.name: 'Windows 7', os.arch: 'amd64', os.version: '6.1', java.version: '1.8.0_181'
Driver info: com.kms.katalon.selenium.driver.CChromeDriver
Capabilities {acceptInsecureCerts: false, acceptSslCerts: false, applicationCacheEnabled: false, browserConnectionEnabled: false, browserName: chrome, chrome: {chromedriverVersion: 2.43.600210 (68dcf5eebde371..., userDataDir: C:\Users\Admin\AppData\Loca...}, cssSelectorsEnabled: true, databaseEnabled: false, goog:chromeOptions: {debuggerAddress: localhost:63426}, handlesAlerts: true, hasTouchScreen: false, javascriptEnabled: true, locationContextEnabled: true, mobileEmulationEnabled: false, nativeEvents: true, networkConnectionEnabled: false, pageLoadStrategy: normal, platform: XP, platformName: XP, rotatable: false, setWindowRect: true, takesHeapSnapshot: true, takesScreenshot: true, unexpectedAlertBehaviour: , unhandledPromptBehavior: , version: 70.0.3538.102, webStorageEnabled: true}
Session ID: e40e152876fb0c70f89133538a10413b)
[[ATTACHMENT|C:\\Users\\Admin\\Desktop\\PKS\\Perkeso Phase A\\Reports\\Workflow\\Update Add New Employee\\20181122_161416\\1542893901091.png]]

2018-11-22 21:38:21 - [TEST_STEP][PASSED] - Statement - out.println(Checker): null

2018-11-22 21:38:21 - [TEST_STEP][FAILED] - Statement - If (Checker == false): Unable to click on object 'Object Repository/Final Object Repo/Landing Page/Select to English' (Root cause: com.kms.katalon.core.webui.exception.WebElementNotFoundException: Web element with id: 'Object Repository/Final Object Repo/Landing Page/Select to English' located by 'By.xpath: //a[@class = 'taglib-language-list-text' and @lang = 'en-US' and (contains(text(), 'EN') or contains(., 'EN'))]' not found)

2018-11-22 21:38:21 - [TEST_STEP][FAILED] - click: Unable to click on object 'Object Repository/Final Object Repo/Landing Page/Select to English' (Root cause: com.kms.katalon.core.webui.exception.WebElementNotFoundException: Web element with id: 'Object Repository/Final Object Repo/Landing Page/Select to English' located by 'By.xpath: //a[@class = 'taglib-language-list-text' and @lang = 'en-US' and (contains(text(), 'EN') or contains(., 'EN'))]' not found)

2018-11-22 21:38:58 - [MESSAGE][FAILED] - Unable to click on object 'Object Repository/Final Object Repo/Landing Page/Select to English' (Root cause: com.kms.katalon.core.webui.exception.WebElementNotFoundException: Web element with id: 'Object Repository/Final Object Repo/Landing Page/Select to English' located by 'By.xpath: //a[@class = 'taglib-language-list-text' and @lang = 'en-US' and (contains(text(), 'EN') or contains(., 'EN'))]' not found)
[[ATTACHMENT|C:\\Users\\Admin\\Desktop\\PKS\\Perkeso Phase A\\Reports\\Workflow\\Update Add New Employee\\20181122_161416\\1542893938643.png]]

2018-11-22 21:38:58 - [TEST_STEP][PASSED] - delay: Delayed 2 second(s)

2018-11-22 21:39:00 - [MESSAGE][PASSED] - Delayed 2 second(s)

2018-11-22 21:39:00 - [TEST_STEP][PASSED] - delay: Delayed 3 second(s)

2018-11-22 21:39:03 - [MESSAGE][PASSED] - Delayed 3 second(s)

2018-11-22 21:39:03 - [TEST_STEP][PASSED] - mouseOver: Object: 'Object Repository/Final Object Repo/Landing Page/WorkFlow Menu' is hovered

2018-11-22 21:39:04 - [MESSAGE][PASSED] - Object: 'Object Repository/Final Object Repo/Landing Page/WorkFlow Menu' is hovered

2018-11-22 21:39:04 - [TEST_STEP][PASSED] - delay: Delayed 2 second(s)

2018-11-22 21:39:06 - [MESSAGE][PASSED] - Delayed 2 second(s)

2018-11-22 21:39:06 - [TEST_STEP][PASSED] - click: Object: 'Object Repository/Final Object Repo/Landing Page/Select to Workflow Listing' is clicked on

2018-11-22 21:39:07 - [MESSAGE][PASSED] - Object: 'Object Repository/Final Object Repo/Landing Page/Select to Workflow Listing' is clicked on

2018-11-22 21:39:07 - [TEST_STEP][PASSED] - delay: Delayed 2 second(s)

2018-11-22 21:39:09 - [MESSAGE][PASSED] - Delayed 2 second(s)

2018-11-22 21:39:09 - [TEST_STEP][PASSED] - click: Object: 'Object Repository/Final Object Repo/WorkFlow Listing Page/Search Information - To Put Ref No' is clicked on

2018-11-22 21:39:09 - [MESSAGE][PASSED] - Object: 'Object Repository/Final Object Repo/WorkFlow Listing Page/Search Information - To Put Ref No' is clicked on

2018-11-22 21:39:09 - [TEST_STEP][PASSED] - delay: Delayed 2 second(s)

2018-11-22 21:39:11 - [MESSAGE][PASSED] - Delayed 2 second(s)

2018-11-22 21:39:11 - [TEST_STEP][PASSED] - callTestCase: Call Test Case 'Test Cases/Final Aug 2018 - PKS Automation/Common/Reference Number Getter' successfully

2018-11-22 21:39:11 - [TEST_CASE][PASSED] - Test Cases/Final Aug 2018 - PKS Automation/Common/Reference Number Getter: Test Cases/Final Aug 2018 - PKS Automation/Common/Reference Number Getter

2018-11-22 21:39:11 - [TEST_STEP][PASSED] - Statement - Try: null

2018-11-22 21:39:11 - [TEST_STEP][PASSED] - Statement - RefNo = new java.io.File(C://Users//Admin//Desktop//PKS//Automation Reference Point//KatalonReference.txt): null

2018-11-22 21:39:11 - [TEST_STEP][PASSED] - Statement - bufferread = new java.io.BufferedReader(new java.io.FileReader(RefNo)): null

2018-11-22 21:39:11 - [TEST_STEP][PASSED] - Statement - readedVal = bufferread.readLine(): null

2018-11-22 21:39:11 - [TEST_STEP][PASSED] - Statement - out.println(CaseReferenceNo): null

2018-11-22 21:39:11 - [TEST_STEP][PASSED] - Statement - out.println(readedVal): null

2018-11-22 21:39:11 - [TEST_STEP][PASSED] - Statement - CaseReferenceNo = "": null

2018-11-22 21:39:11 - [TEST_STEP][PASSED] - Statement - CaseReferenceNo = readedVal: null

2018-11-22 21:39:11 - [MESSAGE][PASSED] - Call Test Case 'Test Cases/Final Aug 2018 - PKS Automation/Common/Reference Number Getter' successfully

2018-11-22 21:39:11 - [TEST_STEP][PASSED] - setText: Text 'CAN11201800002159' is set on object 'Object Repository/Final Object Repo/WorkFlow Listing Page/Ref No Set Text'

2018-11-22 21:39:12 - [MESSAGE][PASSED] - Text 'CAN11201800002159' is set on object 'Object Repository/Final Object Repo/WorkFlow Listing Page/Ref No Set Text'

2018-11-22 21:39:12 - [TEST_STEP][PASSED] - delay: Delayed 2 second(s)

2018-11-22 21:39:14 - [MESSAGE][PASSED] - Delayed 2 second(s)

2018-11-22 21:39:14 - [TEST_STEP][PASSED] - click: Object: 'Object Repository/Final Object Repo/WorkFlow Listing Page/Search Ref No Search Button' is clicked on

2018-11-22 21:39:14 - [MESSAGE][PASSED] - Object: 'Object Repository/Final Object Repo/WorkFlow Listing Page/Search Ref No Search Button' is clicked on

2018-11-22 21:39:14 - [TEST_STEP][PASSED] - delay: Delayed 4 second(s)

2018-11-22 21:39:18 - [MESSAGE][PASSED] - Delayed 4 second(s)

2018-11-22 21:39:18 - [TEST_STEP][PASSED] - click: Object: 'Object Repository/Final Object Repo/WorkFlow Listing Page/Click Continue Tooltip' is clicked on

2018-11-22 21:39:19 - [MESSAGE][PASSED] - Object: 'Object Repository/Final Object Repo/WorkFlow Listing Page/Click Continue Tooltip' is clicked on

2018-11-22 21:39:19 - [TEST_STEP][PASSED] - delay: Delayed 5 second(s)

2018-11-22 21:39:24 - [MESSAGE][PASSED] - Delayed 5 second(s)

2018-11-22 21:39:24 - [TEST_STEP][PASSED] - doubleClick: Object: 'Object Repository/Final Object Repo/WorkFlow Listing Page/Workflow Found - Listing 1' is double clicked on

2018-11-22 21:39:24 - [MESSAGE][PASSED] - Object: 'Object Repository/Final Object Repo/WorkFlow Listing Page/Workflow Found - Listing 1' is double clicked on

2018-11-22 21:39:24 - [TEST_STEP][PASSED] - Statement - println(OwnerID): null

2018-11-22 21:39:24 - [TEST_STEP][PASSED] - Statement - OwnerID = com.kms.katalon.core.webui.keyword.WebUiBuiltInKeywords.getText(com.kms.katalon.core.testobject.ObjectRepository.findTestObject(Final Object Repo/WorkFlow Listing Page/Workflow Found - Listing 1), STOP_ON_FAILURE): Text of object 'Object Repository/Final Object Repo/WorkFlow Listing Page/Workflow Found - Listing 1' is: 'JOHORro1'

2018-11-22 21:39:24 - [MESSAGE][PASSED] - Text of object 'Object Repository/Final Object Repo/WorkFlow Listing Page/Workflow Found - Listing 1' is: 'JOHORro1'

2018-11-22 21:39:24 - [TEST_STEP][PASSED] - Statement - OwnerID = OwnerID.toLowerCase() + "@gmail.com": null

2018-11-22 21:39:24 - [TEST_STEP][PASSED] - Statement - println(OwnerID): null

2018-11-22 21:39:24 - [TEST_STEP][PASSED] - delay: Delayed 2 second(s)

2018-11-22 21:39:26 - [MESSAGE][PASSED] - Delayed 2 second(s)

2018-11-22 21:39:26 - [MESSAGE][FAILED] - Unable to call Test Case with id 'Test Cases/Final Aug 2018 - PKS Automation/Common/Workflow Owner Finder' (Root cause: Call Test Case 'Test Cases/Final Aug 2018 - PKS Automation/Common/Workflow Owner Finder' failed)]]></system-out>
         <system-err><![CDATA[2018-11-22 21:27:37 - [TEST_CASE][FAILED] - Test Cases/Final Aug 2018 - PKS Automation/Registration Module/Workflow/Update Add New Employee/Special Case (Employer - RO Approve): Test Cases/Final Aug 2018 - PKS Automation/Registration Module/Workflow/Update Add New Employee/Special Case (Employer - RO Approve) FAILED because (of) (Stack trace: com.kms.katalon.core.exception.StepFailedException: Unable to click on object 'Object Repository/Final Object Repo/Landing Page/Select to English' (Root cause: com.kms.katalon.core.webui.exception.WebElementNotFoundException: Web element with id: 'Object Repository/Final Object Repo/Landing Page/Select to English' located by 'By.xpath: //a[@class = 'taglib-language-list-text' and @lang = 'en-US' and (contains(text(), 'EN') or contains(., 'EN'))]' not found)
	at com.kms.katalon.core.keyword.internal.KeywordMain.stepFailed(KeywordMain.groovy:32)
	at com.kms.katalon.core.webui.keyword.internal.WebUIKeywordMain.stepFailed(WebUIKeywordMain.groovy:65)
	at com.kms.katalon.core.webui.keyword.internal.WebUIKeywordMain.runKeyword(WebUIKeywordMain.groovy:27)
	at com.kms.katalon.core.webui.keyword.builtin.ClickKeyword.click(ClickKeyword.groovy:86)
	at com.kms.katalon.core.webui.keyword.builtin.ClickKeyword.execute(ClickKeyword.groovy:67)
	at com.kms.katalon.core.keyword.internal.KeywordExecutor.executeKeywordForPlatform(KeywordExecutor.groovy:53)
	at com.kms.katalon.core.webui.keyword.WebUiBuiltInKeywords.click(WebUiBuiltInKeywords.groovy:604)
	at com.kms.katalon.core.webui.keyword.WebUiBuiltInKeywords$click$6.call(Unknown Source)
	at Script1534407542420.run(Script1534407542420.groovy:57)
	at com.kms.katalon.core.main.ScriptEngine.run(ScriptEngine.java:183)
	at com.kms.katalon.core.main.ScriptEngine.runScriptAsRawText(ScriptEngine.java:108)
	at com.kms.katalon.core.main.TestCaseExecutor.runScript(TestCaseExecutor.java:294)
	at com.kms.katalon.core.main.TestCaseExecutor.doExecute(TestCaseExecutor.java:285)
	at com.kms.katalon.core.main.TestCaseExecutor.processExecutionPhase(TestCaseExecutor.java:264)
	at com.kms.katalon.core.main.TestCaseExecutor.accessMainPhase(TestCaseExecutor.java:256)
	at com.kms.katalon.core.main.TestCaseExecutor.execute(TestCaseExecutor.java:200)
	at com.kms.katalon.core.main.TestCaseMain.runTestCase(TestCaseMain.java:99)
	at com.kms.katalon.core.keyword.builtin.CallTestCaseKeyword$_callTestCase_closure1.doCall(CallTestCaseKeyword.groovy:60)
	at com.kms.katalon.core.keyword.builtin.CallTestCaseKeyword$_callTestCase_closure1.call(CallTestCaseKeyword.groovy)
	at com.kms.katalon.core.keyword.internal.KeywordMain.runKeyword(KeywordMain.groovy:54)
	at com.kms.katalon.core.keyword.builtin.CallTestCaseKeyword.callTestCase(CallTestCaseKeyword.groovy:81)
	at com.kms.katalon.core.keyword.builtin.CallTestCaseKeyword.execute(CallTestCaseKeyword.groovy:45)
	at com.kms.katalon.core.keyword.internal.KeywordExecutor.executeKeywordForPlatform(KeywordExecutor.groovy:53)
	at com.kms.katalon.core.keyword.BuiltinKeywords.callTestCase(BuiltinKeywords.groovy:334)
	at sun.reflect.GeneratedMethodAccessor13.invoke(Unknown Source)
	at sun.reflect.DelegatingMethodAccessorImpl.invoke(DelegatingMethodAccessorImpl.java:43)
	at java.lang.reflect.Method.invoke(Method.java:498)
	at org.codehaus.groovy.reflection.CachedMethod.invoke(CachedMethod.java:93)
	at groovy.lang.MetaMethod.doMethodInvoke(MetaMethod.java:325)
	at groovy.lang.MetaClassImpl.invokeStaticMethod(MetaClassImpl.java:1469)
	at org.codehaus.groovy.runtime.callsite.StaticMetaClassSite.call(StaticMetaClassSite.java:53)
	at org.codehaus.groovy.runtime.callsite.CallSiteArray.defaultCall(CallSiteArray.java:48)
	at org.codehaus.groovy.runtime.callsite.AbstractCallSite.call(AbstractCallSite.java:113)
	at org.codehaus.groovy.runtime.callsite.AbstractCallSite.call(AbstractCallSite.java:141)
	at Script1537255642276.run(Script1537255642276.groovy:113)
	at com.kms.katalon.core.main.ScriptEngine.run(ScriptEngine.java:183)
	at com.kms.katalon.core.main.ScriptEngine.runScriptAsRawText(ScriptEngine.java:108)
	at com.kms.katalon.core.main.TestCaseExecutor.runScript(TestCaseExecutor.java:294)
	at com.kms.katalon.core.main.TestCaseExecutor.doExecute(TestCaseExecutor.java:285)
	at com.kms.katalon.core.main.TestCaseExecutor.processExecutionPhase(TestCaseExecutor.java:264)
	at com.kms.katalon.core.main.TestCaseExecutor.accessMainPhase(TestCaseExecutor.java:256)
	at com.kms.katalon.core.main.TestCaseExecutor.execute(TestCaseExecutor.java:200)
	at com.kms.katalon.core.main.TestSuiteExecutor.accessTestCaseMainPhase(TestSuiteExecutor.java:129)
	at com.kms.katalon.core.main.TestSuiteExecutor.accessTestSuiteMainPhase(TestSuiteExecutor.java:112)
	at com.kms.katalon.core.main.TestSuiteExecutor.execute(TestSuiteExecutor.java:81)
	at com.kms.katalon.core.main.TestCaseMain.startTestSuite(TestCaseMain.java:142)
	at com.kms.katalon.core.main.TestCaseMain$startTestSuite$0.call(Unknown Source)
	at org.codehaus.groovy.runtime.callsite.CallSiteArray.defaultCall(CallSiteArray.java:48)
	at org.codehaus.groovy.runtime.callsite.AbstractCallSite.call(AbstractCallSite.java:113)
	at org.codehaus.groovy.runtime.callsite.AbstractCallSite.call(AbstractCallSite.java:141)
	at TempTestSuite1542874456666.run(TempTestSuite1542874456666.groovy:36)
	at groovy.lang.GroovyShell.runScriptOrMainOrTestOrRunnable(GroovyShell.java:263)
	at groovy.lang.GroovyShell.run(GroovyShell.java:518)
	at groovy.lang.GroovyShell.run(GroovyShell.java:507)
	at groovy.ui.GroovyMain.processOnce(GroovyMain.java:653)
	at groovy.ui.GroovyMain.run(GroovyMain.java:384)
	at groovy.ui.GroovyMain.process(GroovyMain.java:370)
	at groovy.ui.GroovyMain.processArgs(GroovyMain.java:129)
	at groovy.ui.GroovyMain.main(GroovyMain.java:109)
	at sun.reflect.NativeMethodAccessorImpl.invoke0(Native Method)
	at sun.reflect.NativeMethodAccessorImpl.invoke(NativeMethodAccessorImpl.java:62)
	at sun.reflect.DelegatingMethodAccessorImpl.invoke(DelegatingMethodAccessorImpl.java:43)
	at java.lang.reflect.Method.invoke(Method.java:498)
	at org.codehaus.groovy.tools.GroovyStarter.rootLoader(GroovyStarter.java:109)
	at org.codehaus.groovy.tools.GroovyStarter.main(GroovyStarter.java:131)
)]]></system-err>
      </testcase>
      <testcase name="Test Cases/Final Aug 2018 - PKS Automation/Registration Module/Workflow/Update Add New Employee/Special Case (Employer - RO Query - OTC Upload Pending Case - RO Approve)" classname="Test Cases/Final Aug 2018 - PKS Automation/Registration Module/Workflow/Update Add New Employee/Special Case (Employer - RO Query - OTC Upload Pending Case - RO Approve)" status="FAILED">
         <failure type="FAILED" message="(Stack trace: com.kms.katalon.core.exception.StepFailedException: Unable to click on object 'Object Repository/Final Object Repo/Landing Page/Select to English' (Root cause: com.kms.katalon.core.webui.exception.WebElementNotFoundException: Web element with id: 'Object Repository/Final Object Repo/Landing Page/Select to English' located by 'By.xpath: //a[@class = 'taglib-language-list-text' and @lang = 'en-US' and (contains(text(), 'EN') or contains(., 'EN'))]' not found)
	at com.kms.katalon.core.keyword.internal.KeywordMain.stepFailed(KeywordMain.groovy:32)
	at com.kms.katalon.core.webui.keyword.internal.WebUIKeywordMain.stepFailed(WebUIKeywordMain.groovy:65)
	at com.kms.katalon.core.webui.keyword.internal.WebUIKeywordMain.runKeyword(WebUIKeywordMain.groovy:27)
	at com.kms.katalon.core.webui.keyword.builtin.ClickKeyword.click(ClickKeyword.groovy:86)
	at com.kms.katalon.core.webui.keyword.builtin.ClickKeyword.execute(ClickKeyword.groovy:67)
	at com.kms.katalon.core.keyword.internal.KeywordExecutor.executeKeywordForPlatform(KeywordExecutor.groovy:53)
	at com.kms.katalon.core.webui.keyword.WebUiBuiltInKeywords.click(WebUiBuiltInKeywords.groovy:604)
	at com.kms.katalon.core.webui.keyword.WebUiBuiltInKeywords$click$6.call(Unknown Source)
	at Script1534407542420.run(Script1534407542420.groovy:57)
	at com.kms.katalon.core.main.ScriptEngine.run(ScriptEngine.java:183)
	at com.kms.katalon.core.main.ScriptEngine.runScriptAsRawText(ScriptEngine.java:108)
	at com.kms.katalon.core.main.TestCaseExecutor.runScript(TestCaseExecutor.java:294)
	at com.kms.katalon.core.main.TestCaseExecutor.doExecute(TestCaseExecutor.java:285)
	at com.kms.katalon.core.main.TestCaseExecutor.processExecutionPhase(TestCaseExecutor.java:264)
	at com.kms.katalon.core.main.TestCaseExecutor.accessMainPhase(TestCaseExecutor.java:256)
	at com.kms.katalon.core.main.TestCaseExecutor.execute(TestCaseExecutor.java:200)
	at com.kms.katalon.core.main.TestCaseMain.runTestCase(TestCaseMain.java:99)
	at com.kms.katalon.core.keyword.builtin.CallTestCaseKeyword$_callTestCase_closure1.doCall(CallTestCaseKeyword.groovy:60)
	at com.kms.katalon.core.keyword.builtin.CallTestCaseKeyword$_callTestCase_closure1.call(CallTestCaseKeyword.groovy)
	at com.kms.katalon.core.keyword.internal.KeywordMain.runKeyword(KeywordMain.groovy:54)
	at com.kms.katalon.core.keyword.builtin.CallTestCaseKeyword.callTestCase(CallTestCaseKeyword.groovy:81)
	at com.kms.katalon.core.keyword.builtin.CallTestCaseKeyword.execute(CallTestCaseKeyword.groovy:45)
	at com.kms.katalon.core.keyword.internal.KeywordExecutor.executeKeywordForPlatform(KeywordExecutor.groovy:53)
	at com.kms.katalon.core.keyword.BuiltinKeywords.callTestCase(BuiltinKeywords.groovy:334)
	at sun.reflect.GeneratedMethodAccessor13.invoke(Unknown Source)
	at sun.reflect.DelegatingMethodAccessorImpl.invoke(DelegatingMethodAccessorImpl.java:43)
	at java.lang.reflect.Method.invoke(Method.java:498)
	at org.codehaus.groovy.reflection.CachedMethod.invoke(CachedMethod.java:93)
	at groovy.lang.MetaMethod.doMethodInvoke(MetaMethod.java:325)
	at groovy.lang.MetaClassImpl.invokeStaticMethod(MetaClassImpl.java:1469)
	at org.codehaus.groovy.runtime.callsite.StaticMetaClassSite.call(StaticMetaClassSite.java:53)
	at org.codehaus.groovy.runtime.callsite.CallSiteArray.defaultCall(CallSiteArray.java:48)
	at org.codehaus.groovy.runtime.callsite.AbstractCallSite.call(AbstractCallSite.java:113)
	at org.codehaus.groovy.runtime.callsite.AbstractCallSite.call(AbstractCallSite.java:141)
	at Script1537330388665.run(Script1537330388665.groovy:115)
	at com.kms.katalon.core.main.ScriptEngine.run(ScriptEngine.java:183)
	at com.kms.katalon.core.main.ScriptEngine.runScriptAsRawText(ScriptEngine.java:108)
	at com.kms.katalon.core.main.TestCaseExecutor.runScript(TestCaseExecutor.java:294)
	at com.kms.katalon.core.main.TestCaseExecutor.doExecute(TestCaseExecutor.java:285)
	at com.kms.katalon.core.main.TestCaseExecutor.processExecutionPhase(TestCaseExecutor.java:264)
	at com.kms.katalon.core.main.TestCaseExecutor.accessMainPhase(TestCaseExecutor.java:256)
	at com.kms.katalon.core.main.TestCaseExecutor.execute(TestCaseExecutor.java:200)
	at com.kms.katalon.core.main.TestSuiteExecutor.accessTestCaseMainPhase(TestSuiteExecutor.java:129)
	at com.kms.katalon.core.main.TestSuiteExecutor.accessTestSuiteMainPhase(TestSuiteExecutor.java:112)
	at com.kms.katalon.core.main.TestSuiteExecutor.execute(TestSuiteExecutor.java:81)
	at com.kms.katalon.core.main.TestCaseMain.startTestSuite(TestCaseMain.java:142)
	at com.kms.katalon.core.main.TestCaseMain$startTestSuite$0.call(Unknown Source)
	at org.codehaus.groovy.runtime.callsite.CallSiteArray.defaultCall(CallSiteArray.java:48)
	at org.codehaus.groovy.runtime.callsite.AbstractCallSite.call(AbstractCallSite.java:113)
	at org.codehaus.groovy.runtime.callsite.AbstractCallSite.call(AbstractCallSite.java:141)
	at TempTestSuite1542874456666.run(TempTestSuite1542874456666.groovy:36)
	at groovy.lang.GroovyShell.runScriptOrMainOrTestOrRunnable(GroovyShell.java:263)
	at groovy.lang.GroovyShell.run(GroovyShell.java:518)
	at groovy.lang.GroovyShell.run(GroovyShell.java:507)
	at groovy.ui.GroovyMain.processOnce(GroovyMain.java:653)
	at groovy.ui.GroovyMain.run(GroovyMain.java:384)
	at groovy.ui.GroovyMain.process(GroovyMain.java:370)
	at groovy.ui.GroovyMain.processArgs(GroovyMain.java:129)
	at groovy.ui.GroovyMain.main(GroovyMain.java:109)
	at sun.reflect.NativeMethodAccessorImpl.invoke0(Native Method)
	at sun.reflect.NativeMethodAccessorImpl.invoke(NativeMethodAccessorImpl.java:62)
	at sun.reflect.DelegatingMethodAccessorImpl.invoke(DelegatingMethodAccessorImpl.java:43)
	at java.lang.reflect.Method.invoke(Method.java:498)
	at org.codehaus.groovy.tools.GroovyStarter.rootLoader(GroovyStarter.java:109)
	at org.codehaus.groovy.tools.GroovyStarter.main(GroovyStarter.java:131)
)"/>
         <system-out><![CDATA[2018-11-22 21:39:26 - [TEST_CASE][FAILED] - Test Cases/Final Aug 2018 - PKS Automation/Registration Module/Workflow/Update Add New Employee/Special Case (Employer - RO Query - OTC Upload Pending Case - RO Approve): Test Cases/Final Aug 2018 - PKS Automation/Registration Module/Workflow/Update Add New Employee/Special Case (Employer - RO Query - OTC Upload Pending Case - RO Approve) FAILED because (of) (Stack trace: com.kms.katalon.core.exception.StepFailedException: Unable to click on object 'Object Repository/Final Object Repo/Landing Page/Select to English' (Root cause: com.kms.katalon.core.webui.exception.WebElementNotFoundException: Web element with id: 'Object Repository/Final Object Repo/Landing Page/Select to English' located by 'By.xpath: //a[@class = 'taglib-language-list-text' and @lang = 'en-US' and (contains(text(), 'EN') or contains(., 'EN'))]' not found)
	at com.kms.katalon.core.keyword.internal.KeywordMain.stepFailed(KeywordMain.groovy:32)
	at com.kms.katalon.core.webui.keyword.internal.WebUIKeywordMain.stepFailed(WebUIKeywordMain.groovy:65)
	at com.kms.katalon.core.webui.keyword.internal.WebUIKeywordMain.runKeyword(WebUIKeywordMain.groovy:27)
	at com.kms.katalon.core.webui.keyword.builtin.ClickKeyword.click(ClickKeyword.groovy:86)
	at com.kms.katalon.core.webui.keyword.builtin.ClickKeyword.execute(ClickKeyword.groovy:67)
	at com.kms.katalon.core.keyword.internal.KeywordExecutor.executeKeywordForPlatform(KeywordExecutor.groovy:53)
	at com.kms.katalon.core.webui.keyword.WebUiBuiltInKeywords.click(WebUiBuiltInKeywords.groovy:604)
	at com.kms.katalon.core.webui.keyword.WebUiBuiltInKeywords$click$6.call(Unknown Source)
	at Script1534407542420.run(Script1534407542420.groovy:57)
	at com.kms.katalon.core.main.ScriptEngine.run(ScriptEngine.java:183)
	at com.kms.katalon.core.main.ScriptEngine.runScriptAsRawText(ScriptEngine.java:108)
	at com.kms.katalon.core.main.TestCaseExecutor.runScript(TestCaseExecutor.java:294)
	at com.kms.katalon.core.main.TestCaseExecutor.doExecute(TestCaseExecutor.java:285)
	at com.kms.katalon.core.main.TestCaseExecutor.processExecutionPhase(TestCaseExecutor.java:264)
	at com.kms.katalon.core.main.TestCaseExecutor.accessMainPhase(TestCaseExecutor.java:256)
	at com.kms.katalon.core.main.TestCaseExecutor.execute(TestCaseExecutor.java:200)
	at com.kms.katalon.core.main.TestCaseMain.runTestCase(TestCaseMain.java:99)
	at com.kms.katalon.core.keyword.builtin.CallTestCaseKeyword$_callTestCase_closure1.doCall(CallTestCaseKeyword.groovy:60)
	at com.kms.katalon.core.keyword.builtin.CallTestCaseKeyword$_callTestCase_closure1.call(CallTestCaseKeyword.groovy)
	at com.kms.katalon.core.keyword.internal.KeywordMain.runKeyword(KeywordMain.groovy:54)
	at com.kms.katalon.core.keyword.builtin.CallTestCaseKeyword.callTestCase(CallTestCaseKeyword.groovy:81)
	at com.kms.katalon.core.keyword.builtin.CallTestCaseKeyword.execute(CallTestCaseKeyword.groovy:45)
	at com.kms.katalon.core.keyword.internal.KeywordExecutor.executeKeywordForPlatform(KeywordExecutor.groovy:53)
	at com.kms.katalon.core.keyword.BuiltinKeywords.callTestCase(BuiltinKeywords.groovy:334)
	at sun.reflect.GeneratedMethodAccessor13.invoke(Unknown Source)
	at sun.reflect.DelegatingMethodAccessorImpl.invoke(DelegatingMethodAccessorImpl.java:43)
	at java.lang.reflect.Method.invoke(Method.java:498)
	at org.codehaus.groovy.reflection.CachedMethod.invoke(CachedMethod.java:93)
	at groovy.lang.MetaMethod.doMethodInvoke(MetaMethod.java:325)
	at groovy.lang.MetaClassImpl.invokeStaticMethod(MetaClassImpl.java:1469)
	at org.codehaus.groovy.runtime.callsite.StaticMetaClassSite.call(StaticMetaClassSite.java:53)
	at org.codehaus.groovy.runtime.callsite.CallSiteArray.defaultCall(CallSiteArray.java:48)
	at org.codehaus.groovy.runtime.callsite.AbstractCallSite.call(AbstractCallSite.java:113)
	at org.codehaus.groovy.runtime.callsite.AbstractCallSite.call(AbstractCallSite.java:141)
	at Script1537330388665.run(Script1537330388665.groovy:115)
	at com.kms.katalon.core.main.ScriptEngine.run(ScriptEngine.java:183)
	at com.kms.katalon.core.main.ScriptEngine.runScriptAsRawText(ScriptEngine.java:108)
	at com.kms.katalon.core.main.TestCaseExecutor.runScript(TestCaseExecutor.java:294)
	at com.kms.katalon.core.main.TestCaseExecutor.doExecute(TestCaseExecutor.java:285)
	at com.kms.katalon.core.main.TestCaseExecutor.processExecutionPhase(TestCaseExecutor.java:264)
	at com.kms.katalon.core.main.TestCaseExecutor.accessMainPhase(TestCaseExecutor.java:256)
	at com.kms.katalon.core.main.TestCaseExecutor.execute(TestCaseExecutor.java:200)
	at com.kms.katalon.core.main.TestSuiteExecutor.accessTestCaseMainPhase(TestSuiteExecutor.java:129)
	at com.kms.katalon.core.main.TestSuiteExecutor.accessTestSuiteMainPhase(TestSuiteExecutor.java:112)
	at com.kms.katalon.core.main.TestSuiteExecutor.execute(TestSuiteExecutor.java:81)
	at com.kms.katalon.core.main.TestCaseMain.startTestSuite(TestCaseMain.java:142)
	at com.kms.katalon.core.main.TestCaseMain$startTestSuite$0.call(Unknown Source)
	at org.codehaus.groovy.runtime.callsite.CallSiteArray.defaultCall(CallSiteArray.java:48)
	at org.codehaus.groovy.runtime.callsite.AbstractCallSite.call(AbstractCallSite.java:113)
	at org.codehaus.groovy.runtime.callsite.AbstractCallSite.call(AbstractCallSite.java:141)
	at TempTestSuite1542874456666.run(TempTestSuite1542874456666.groovy:36)
	at groovy.lang.GroovyShell.runScriptOrMainOrTestOrRunnable(GroovyShell.java:263)
	at groovy.lang.GroovyShell.run(GroovyShell.java:518)
	at groovy.lang.GroovyShell.run(GroovyShell.java:507)
	at groovy.ui.GroovyMain.processOnce(GroovyMain.java:653)
	at groovy.ui.GroovyMain.run(GroovyMain.java:384)
	at groovy.ui.GroovyMain.process(GroovyMain.java:370)
	at groovy.ui.GroovyMain.processArgs(GroovyMain.java:129)
	at groovy.ui.GroovyMain.main(GroovyMain.java:109)
	at sun.reflect.NativeMethodAccessorImpl.invoke0(Native Method)
	at sun.reflect.NativeMethodAccessorImpl.invoke(NativeMethodAccessorImpl.java:62)
	at sun.reflect.DelegatingMethodAccessorImpl.invoke(DelegatingMethodAccessorImpl.java:43)
	at java.lang.reflect.Method.invoke(Method.java:498)
	at org.codehaus.groovy.tools.GroovyStarter.rootLoader(GroovyStarter.java:109)
	at org.codehaus.groovy.tools.GroovyStarter.main(GroovyStarter.java:131)
)

2018-11-22 21:39:26 - [TEST_STEP][PASSED] - callTestCase: Call Test Case 'Test Cases/Final Aug 2018 - PKS Automation/Registration Module/Workflow/Update Add New Employee/Template/New Company for Update Add New - Employer' successfully

2018-11-22 21:39:26 - [TEST_CASE][PASSED] - Test Cases/Final Aug 2018 - PKS Automation/Registration Module/Workflow/Update Add New Employee/Template/New Company for Update Add New - Employer: Test Cases/Final Aug 2018 - PKS Automation/Registration Module/Workflow/Update Add New Employee/Template/New Company for Update Add New - Employer

2018-11-22 21:39:26 - [TEST_STEP][PASSED] - callTestCase: Call Test Case 'Test Cases/Final Aug 2018 - PKS Automation/Create Employer Acc/Create Employer Account' successfully

2018-11-22 21:39:26 - [TEST_CASE][PASSED] - Test Cases/Final Aug 2018 - PKS Automation/Create Employer Acc/Create Employer Account: Test Cases/Final Aug 2018 - PKS Automation/Create Employer Acc/Create Employer Account

2018-11-22 21:39:26 - [TEST_STEP][PASSED] - callTestCase: Call Test Case 'Test Cases/Final Aug 2018 - PKS Automation/Create Employer Acc/Template/Register Employer' successfully

2018-11-22 21:39:26 - [TEST_CASE][PASSED] - Test Cases/Final Aug 2018 - PKS Automation/Create Employer Acc/Template/Register Employer: Test Cases/Final Aug 2018 - PKS Automation/Create Employer Acc/Template/Register Employer

2018-11-22 21:39:26 - [TEST_STEP][PASSED] - openBrowser: Browser is opened with url: ''

2018-11-22 21:39:26 - [MESSAGE][WARNING] - A browser is already opened. Closing browser and opening a new one

2018-11-22 21:39:30 - [MESSAGE][PASSED] - Browser is opened with url: ''

2018-11-22 21:39:30 - [TEST_STEP][PASSED] - navigateToUrl: Navigate to 'https://assist2-uat.perkeso.gov.my/login' successfully

2018-11-22 21:39:31 - [MESSAGE][PASSED] - Navigate to 'https://assist2-uat.perkeso.gov.my/login' successfully

2018-11-22 21:39:31 - [TEST_STEP][PASSED] - setText: Text 'johorotc1@gmail.com' is set on object 'Object Repository/Final Object Repo/Login Page/Internal User/Email Address'

2018-11-22 21:39:32 - [MESSAGE][PASSED] - Text 'johorotc1@gmail.com' is set on object 'Object Repository/Final Object Repo/Login Page/Internal User/Email Address'

2018-11-22 21:39:32 - [TEST_STEP][PASSED] - click: Object: 'Object Repository/Final Object Repo/Login Page/Internal User/Next Button' is clicked on

2018-11-22 21:39:32 - [MESSAGE][PASSED] - Object: 'Object Repository/Final Object Repo/Login Page/Internal User/Next Button' is clicked on

2018-11-22 21:39:32 - [TEST_STEP][PASSED] - delay: Delayed 1 second(s)

2018-11-22 21:39:33 - [MESSAGE][PASSED] - Delayed 1 second(s)

2018-11-22 21:39:33 - [TEST_STEP][PASSED] - setEncryptedText: Text ****** has been set on object 'Object Repository/Final Object Repo/Login Page/Internal User/Password'

2018-11-22 21:39:33 - [MESSAGE][PASSED] - Text ****** has been set on object 'Object Repository/Final Object Repo/Login Page/Internal User/Password'

2018-11-22 21:39:33 - [TEST_STEP][PASSED] - click: Object: 'Object Repository/Final Object Repo/Login Page/Internal User/Login Button' is clicked on

2018-11-22 21:39:33 - [MESSAGE][PASSED] - Object: 'Object Repository/Final Object Repo/Login Page/Internal User/Login Button' is clicked on

2018-11-22 21:39:33 - [TEST_STEP][PASSED] - delay: Delayed 1 second(s)

2018-11-22 21:39:34 - [MESSAGE][PASSED] - Delayed 1 second(s)

2018-11-22 21:39:34 - [TEST_STEP][PASSED] - navigateToUrl: Navigate to 'https://assist2-uat.perkeso.gov.my/web/base/portal-id/registration' successfully

2018-11-22 21:39:36 - [MESSAGE][PASSED] - Navigate to 'https://assist2-uat.perkeso.gov.my/web/base/portal-id/registration' successfully

2018-11-22 21:39:36 - [TEST_STEP][PASSED] - setText: Text 'AUTOMATION EMPLOYER' is set on object 'Object Repository/Final Object Repo/Creating Employer Account/Page_Registration - ASSIST (Base)/Employer Name'

2018-11-22 21:39:37 - [MESSAGE][PASSED] - Text 'AUTOMATION EMPLOYER' is set on object 'Object Repository/Final Object Repo/Creating Employer Account/Page_Registration - ASSIST (Base)/Employer Name'

2018-11-22 21:39:37 - [TEST_STEP][PASSED] - delay: Delayed 2 second(s)

2018-11-22 21:39:39 - [MESSAGE][PASSED] - Delayed 2 second(s)

2018-11-22 21:39:39 - [TEST_STEP][PASSED] - click: Object: 'Object Repository/Final Object Repo/Creating Employer Account/Page_Registration - ASSIST (Base)/Registration Type' is clicked on

2018-11-22 21:39:39 - [MESSAGE][PASSED] - Object: 'Object Repository/Final Object Repo/Creating Employer Account/Page_Registration - ASSIST (Base)/Registration Type' is clicked on

2018-11-22 21:39:39 - [TEST_STEP][PASSED] - delay: Delayed 2 second(s)

2018-11-22 21:39:41 - [MESSAGE][PASSED] - Delayed 2 second(s)

2018-11-22 21:39:41 - [TEST_STEP][PASSED] - click: Object: 'Object Repository/Final Object Repo/Creating Employer Account/Page_Registration - ASSIST (Base)/Registration Type - Registration No' is clicked on

2018-11-22 21:39:41 - [MESSAGE][PASSED] - Object: 'Object Repository/Final Object Repo/Creating Employer Account/Page_Registration - ASSIST (Base)/Registration Type - Registration No' is clicked on

2018-11-22 21:39:41 - [TEST_STEP][PASSED] - delay: Delayed 2 second(s)

2018-11-22 21:39:43 - [MESSAGE][PASSED] - Delayed 2 second(s)

2018-11-22 21:39:43 - [TEST_STEP][PASSED] - setText: Text '1234567890' is set on object 'Object Repository/Final Object Repo/Creating Employer Account/Page_Registration - ASSIST (Base)/Registration Number'

2018-11-22 21:39:44 - [MESSAGE][PASSED] - Text '1234567890' is set on object 'Object Repository/Final Object Repo/Creating Employer Account/Page_Registration - ASSIST (Base)/Registration Number'

2018-11-22 21:39:44 - [TEST_STEP][PASSED] - delay: Delayed 2 second(s)

2018-11-22 21:39:46 - [MESSAGE][PASSED] - Delayed 2 second(s)

2018-11-22 21:39:46 - [TEST_STEP][PASSED] - setText: Text 'ADDRESS 1' is set on object 'Object Repository/Final Object Repo/Creating Employer Account/Page_Registration - ASSIST (Base)/Postal Address 1'

2018-11-22 21:39:46 - [MESSAGE][PASSED] - Text 'ADDRESS 1' is set on object 'Object Repository/Final Object Repo/Creating Employer Account/Page_Registration - ASSIST (Base)/Postal Address 1'

2018-11-22 21:39:46 - [TEST_STEP][PASSED] - setText: Text 'ADDRESS 2' is set on object 'Object Repository/Final Object Repo/Creating Employer Account/Page_Registration - ASSIST (Base)/Postal Address 2'

2018-11-22 21:39:46 - [MESSAGE][PASSED] - Text 'ADDRESS 2' is set on object 'Object Repository/Final Object Repo/Creating Employer Account/Page_Registration - ASSIST (Base)/Postal Address 2'

2018-11-22 21:39:46 - [TEST_STEP][PASSED] - click: Object: 'Object Repository/Final Object Repo/Creating Employer Account/Page_Registration - ASSIST (Base)/State' is clicked on

2018-11-22 21:39:46 - [MESSAGE][PASSED] - Object: 'Object Repository/Final Object Repo/Creating Employer Account/Page_Registration - ASSIST (Base)/State' is clicked on

2018-11-22 21:39:46 - [TEST_STEP][PASSED] - delay: Delayed 2 second(s)

2018-11-22 21:39:48 - [MESSAGE][PASSED] - Delayed 2 second(s)

2018-11-22 21:39:48 - [TEST_STEP][PASSED] - click: Object: 'Object Repository/Final Object Repo/Creating Employer Account/Page_Registration - ASSIST (Base)/State - Johor' is clicked on

2018-11-22 21:39:48 - [MESSAGE][PASSED] - Object: 'Object Repository/Final Object Repo/Creating Employer Account/Page_Registration - ASSIST (Base)/State - Johor' is clicked on

2018-11-22 21:39:49 - [TEST_STEP][PASSED] - delay: Delayed 2 second(s)

2018-11-22 21:39:51 - [MESSAGE][PASSED] - Delayed 2 second(s)

2018-11-22 21:39:51 - [TEST_STEP][PASSED] - click: Object: 'Object Repository/Final Object Repo/Creating Employer Account/Page_Registration - ASSIST (Base)/City' is clicked on

2018-11-22 21:39:51 - [MESSAGE][PASSED] - Object: 'Object Repository/Final Object Repo/Creating Employer Account/Page_Registration - ASSIST (Base)/City' is clicked on

2018-11-22 21:39:51 - [TEST_STEP][PASSED] - delay: Delayed 2 second(s)

2018-11-22 21:39:53 - [MESSAGE][PASSED] - Delayed 2 second(s)

2018-11-22 21:39:53 - [TEST_STEP][PASSED] - setText: Text 'joh' is set on object 'Object Repository/Final Object Repo/Creating Employer Account/Page_Registration - ASSIST (Base)/City - joh'

2018-11-22 21:39:53 - [MESSAGE][PASSED] - Text 'joh' is set on object 'Object Repository/Final Object Repo/Creating Employer Account/Page_Registration - ASSIST (Base)/City - joh'

2018-11-22 21:39:53 - [TEST_STEP][PASSED] - delay: Delayed 2 second(s)

2018-11-22 21:39:55 - [MESSAGE][PASSED] - Delayed 2 second(s)

2018-11-22 21:39:55 - [TEST_STEP][PASSED] - click: Object: 'Object Repository/Final Object Repo/Creating Employer Account/Page_Registration - ASSIST (Base)/City - Johor Bharu' is clicked on

2018-11-22 21:39:55 - [MESSAGE][PASSED] - Object: 'Object Repository/Final Object Repo/Creating Employer Account/Page_Registration - ASSIST (Base)/City - Johor Bharu' is clicked on

2018-11-22 21:39:55 - [TEST_STEP][PASSED] - delay: Delayed 2 second(s)

2018-11-22 21:39:57 - [MESSAGE][PASSED] - Delayed 2 second(s)

2018-11-22 21:39:57 - [TEST_STEP][PASSED] - click: Object: 'Object Repository/Final Object Repo/Creating Employer Account/Page_Registration - ASSIST (Base)/Post Code' is clicked on

2018-11-22 21:39:57 - [MESSAGE][PASSED] - Object: 'Object Repository/Final Object Repo/Creating Employer Account/Page_Registration - ASSIST (Base)/Post Code' is clicked on

2018-11-22 21:39:57 - [TEST_STEP][PASSED] - delay: Delayed 2 second(s)

2018-11-22 21:39:59 - [MESSAGE][PASSED] - Delayed 2 second(s)

2018-11-22 21:39:59 - [TEST_STEP][PASSED] - setText: Text '810' is set on object 'Object Repository/Final Object Repo/Creating Employer Account/Page_Registration - ASSIST (Base)/Post Code - 810'

2018-11-22 21:39:59 - [MESSAGE][PASSED] - Text '810' is set on object 'Object Repository/Final Object Repo/Creating Employer Account/Page_Registration - ASSIST (Base)/Post Code - 810'

2018-11-22 21:39:59 - [TEST_STEP][PASSED] - delay: Delayed 2 second(s)

2018-11-22 21:40:01 - [MESSAGE][PASSED] - Delayed 2 second(s)

2018-11-22 21:40:01 - [TEST_STEP][PASSED] - click: Object: 'Object Repository/Final Object Repo/Creating Employer Account/Page_Registration - ASSIST (Base)/Post Code - 81000' is clicked on

2018-11-22 21:40:02 - [MESSAGE][PASSED] - Object: 'Object Repository/Final Object Repo/Creating Employer Account/Page_Registration - ASSIST (Base)/Post Code - 81000' is clicked on

2018-11-22 21:40:02 - [TEST_STEP][PASSED] - delay: Delayed 2 second(s)

2018-11-22 21:40:04 - [MESSAGE][PASSED] - Delayed 2 second(s)

2018-11-22 21:40:04 - [TEST_STEP][PASSED] - setText: Text 'PERKESO' is set on object 'Object Repository/Final Object Repo/Creating Employer Account/Page_Registration - ASSIST (Base)/Full Name'

2018-11-22 21:40:04 - [MESSAGE][PASSED] - Text 'PERKESO' is set on object 'Object Repository/Final Object Repo/Creating Employer Account/Page_Registration - ASSIST (Base)/Full Name'

2018-11-22 21:40:04 - [TEST_STEP][PASSED] - Statement - rnd = new java.util.Random(): null

2018-11-22 21:40:04 - [TEST_STEP][PASSED] - Statement - snum = rnd.nextInt(899999 + 1) + 100000: null

2018-11-22 21:40:04 - [TEST_STEP][PASSED] - Statement - tnum = rnd.nextInt(899999 + 1) + 100000: null

2018-11-22 21:40:04 - [TEST_STEP][PASSED] - Statement - IC = java.lang.Integer.toString(snum) + java.lang.Integer.toString(tnum): null

2018-11-22 21:40:04 - [TEST_STEP][PASSED] - Statement - out.println(IC): null

2018-11-22 21:40:04 - [TEST_STEP][PASSED] - setText: Text '204187810612' is set on object 'Object Repository/Final Object Repo/Creating Employer Account/Page_Registration - ASSIST (Base)/Identification Number'

2018-11-22 21:40:04 - [MESSAGE][PASSED] - Text '204187810612' is set on object 'Object Repository/Final Object Repo/Creating Employer Account/Page_Registration - ASSIST (Base)/Identification Number'

2018-11-22 21:40:04 - [TEST_STEP][PASSED] - delay: Delayed 2 second(s)

2018-11-22 21:40:06 - [MESSAGE][PASSED] - Delayed 2 second(s)

2018-11-22 21:40:06 - [TEST_STEP][PASSED] - setText: Text '123456789012' is set on object 'Object Repository/Final Object Repo/Creating Employer Account/Page_Registration - ASSIST (Base)/Contact Number'

2018-11-22 21:40:07 - [MESSAGE][PASSED] - Text '123456789012' is set on object 'Object Repository/Final Object Repo/Creating Employer Account/Page_Registration - ASSIST (Base)/Contact Number'

2018-11-22 21:40:07 - [TEST_STEP][PASSED] - Statement - Email = "perkeso" + IC + "@gmail.com": null

2018-11-22 21:40:07 - [TEST_STEP][PASSED] - delay: Delayed 2 second(s)

2018-11-22 21:40:09 - [MESSAGE][PASSED] - Delayed 2 second(s)

2018-11-22 21:40:09 - [TEST_STEP][PASSED] - callTestCase: Call Test Case 'Test Cases/Final Aug 2018 - PKS Automation/Create Employer Acc/Template/Employer Email Settler' successfully

2018-11-22 21:40:09 - [TEST_CASE][PASSED] - Test Cases/Final Aug 2018 - PKS Automation/Create Employer Acc/Template/Employer Email Settler: Test Cases/Final Aug 2018 - PKS Automation/Create Employer Acc/Template/Employer Email Settler

2018-11-22 21:40:09 - [TEST_STEP][PASSED] - Statement - EmpEmailOld = new java.io.File(C://Users//Admin//Desktop//PKS//Automation Reference Point//EmpEmail.txt): null

2018-11-22 21:40:09 - [TEST_STEP][PASSED] - Statement - EmpEmailOld.delete(): null

2018-11-22 21:40:09 - [TEST_STEP][PASSED] - Statement - EmpEmail = new java.io.File(C://Users//Admin//Desktop//PKS//Automation Reference Point//EmpEmail.txt): null

2018-11-22 21:40:09 - [TEST_STEP][PASSED] - Statement - EmpEmail.append(Email): null

2018-11-22 21:40:09 - [TEST_STEP][PASSED] - Statement - out.println(Email): null

2018-11-22 21:40:09 - [MESSAGE][PASSED] - Call Test Case 'Test Cases/Final Aug 2018 - PKS Automation/Create Employer Acc/Template/Employer Email Settler' successfully

2018-11-22 21:40:09 - [TEST_STEP][PASSED] - delay: Delayed 2 second(s)

2018-11-22 21:40:11 - [MESSAGE][PASSED] - Delayed 2 second(s)

2018-11-22 21:40:11 - [TEST_STEP][PASSED] - setText: Text 'perkeso204187810612@gmail.com' is set on object 'Object Repository/Final Object Repo/Creating Employer Account/Page_Registration - ASSIST (Base)/Email'

2018-11-22 21:40:11 - [MESSAGE][PASSED] - Text 'perkeso204187810612@gmail.com' is set on object 'Object Repository/Final Object Repo/Creating Employer Account/Page_Registration - ASSIST (Base)/Email'

2018-11-22 21:40:11 - [TEST_STEP][PASSED] - setText: Text '123' is set on object 'Object Repository/Final Object Repo/Creating Employer Account/Page_Registration - ASSIST (Base)/Security Phase'

2018-11-22 21:40:11 - [MESSAGE][PASSED] - Text '123' is set on object 'Object Repository/Final Object Repo/Creating Employer Account/Page_Registration - ASSIST (Base)/Security Phase'

2018-11-22 21:40:11 - [TEST_STEP][PASSED] - click: Object: 'Object Repository/Final Object Repo/Creating Employer Account/Page_Registration - ASSIST (Base)/Save  Continue' is clicked on

2018-11-22 21:40:12 - [MESSAGE][PASSED] - Object: 'Object Repository/Final Object Repo/Creating Employer Account/Page_Registration - ASSIST (Base)/Save  Continue' is clicked on

2018-11-22 21:40:12 - [TEST_STEP][PASSED] - delay: Delayed 2 second(s)

2018-11-22 21:40:14 - [MESSAGE][PASSED] - Delayed 2 second(s)

2018-11-22 21:40:14 - [TEST_STEP][PASSED] - click: Object: 'Object Repository/Final Object Repo/Creating Employer Account/Page_Registration - ASSIST (Base)/Add Document' is clicked on

2018-11-22 21:40:14 - [MESSAGE][PASSED] - Object: 'Object Repository/Final Object Repo/Creating Employer Account/Page_Registration - ASSIST (Base)/Add Document' is clicked on

2018-11-22 21:40:14 - [TEST_STEP][PASSED] - delay: Delayed 2 second(s)

2018-11-22 21:40:16 - [MESSAGE][PASSED] - Delayed 2 second(s)

2018-11-22 21:40:16 - [TEST_STEP][PASSED] - click: Object: 'Object Repository/Final Object Repo/Creating Employer Account/Page_Registration - ASSIST (Base)/Document Type' is clicked on

2018-11-22 21:40:16 - [MESSAGE][PASSED] - Object: 'Object Repository/Final Object Repo/Creating Employer Account/Page_Registration - ASSIST (Base)/Document Type' is clicked on

2018-11-22 21:40:16 - [TEST_STEP][PASSED] - delay: Delayed 2 second(s)

2018-11-22 21:40:18 - [MESSAGE][PASSED] - Delayed 2 second(s)

2018-11-22 21:40:18 - [TEST_STEP][PASSED] - click: Object: 'Object Repository/Final Object Repo/Creating Employer Account/Page_Registration - ASSIST (Base)/Document Type - Letter of Authorization' is clicked on

2018-11-22 21:40:18 - [MESSAGE][PASSED] - Object: 'Object Repository/Final Object Repo/Creating Employer Account/Page_Registration - ASSIST (Base)/Document Type - Letter of Authorization' is clicked on

2018-11-22 21:40:18 - [TEST_STEP][PASSED] - delay: Delayed 2 second(s)

2018-11-22 21:40:20 - [MESSAGE][PASSED] - Delayed 2 second(s)

2018-11-22 21:40:20 - [TEST_STEP][PASSED] - sendKeys: Keys 'C:\Users\Public\Pictures\Sample Pictures\Koala.jpg' sent to object: 'Object Repository/Final Object Repo/Creating Employer Account/Page_Registration - ASSIST (Base)/Uploading File'

2018-11-22 21:40:20 - [MESSAGE][PASSED] - Keys 'C:\Users\Public\Pictures\Sample Pictures\Koala.jpg' sent to object: 'Object Repository/Final Object Repo/Creating Employer Account/Page_Registration - ASSIST (Base)/Uploading File'

2018-11-22 21:40:20 - [TEST_STEP][PASSED] - delay: Delayed 2 second(s)

2018-11-22 21:40:22 - [MESSAGE][PASSED] - Delayed 2 second(s)

2018-11-22 21:40:22 - [TEST_STEP][PASSED] - click: Object: 'Object Repository/Final Object Repo/Creating Employer Account/Page_Registration - ASSIST (Base)/Add Document in Uploading File' is clicked on

2018-11-22 21:40:22 - [MESSAGE][PASSED] - Object: 'Object Repository/Final Object Repo/Creating Employer Account/Page_Registration - ASSIST (Base)/Add Document in Uploading File' is clicked on

2018-11-22 21:40:22 - [TEST_STEP][PASSED] - delay: Delayed 2 second(s)

2018-11-22 21:40:24 - [MESSAGE][PASSED] - Delayed 2 second(s)

2018-11-22 21:40:24 - [TEST_STEP][PASSED] - click: Object: 'Object Repository/Final Object Repo/Creating Employer Account/Page_Registration - ASSIST (Base)/Save' is clicked on

2018-11-22 21:40:25 - [MESSAGE][PASSED] - Object: 'Object Repository/Final Object Repo/Creating Employer Account/Page_Registration - ASSIST (Base)/Save' is clicked on

2018-11-22 21:40:25 - [TEST_STEP][PASSED] - delay: Delayed 2 second(s)

2018-11-22 21:40:27 - [MESSAGE][PASSED] - Delayed 2 second(s)

2018-11-22 21:40:27 - [TEST_STEP][PASSED] - click: Object: 'Object Repository/Final Object Repo/Creating Employer Account/Page_Registration - ASSIST (Base)/Submit' is clicked on

2018-11-22 21:40:27 - [MESSAGE][PASSED] - Object: 'Object Repository/Final Object Repo/Creating Employer Account/Page_Registration - ASSIST (Base)/Submit' is clicked on

2018-11-22 21:40:27 - [TEST_STEP][PASSED] - delay: Delayed 2 second(s)

2018-11-22 21:40:29 - [MESSAGE][PASSED] - Delayed 2 second(s)

2018-11-22 21:40:29 - [TEST_STEP][PASSED] - click: Object: 'Object Repository/Final Object Repo/Creating Employer Account/Page_Registration - ASSIST (Base)/Confirm' is clicked on

2018-11-22 21:40:29 - [MESSAGE][PASSED] - Object: 'Object Repository/Final Object Repo/Creating Employer Account/Page_Registration - ASSIST (Base)/Confirm' is clicked on

2018-11-22 21:40:29 - [MESSAGE][PASSED] - Call Test Case 'Test Cases/Final Aug 2018 - PKS Automation/Create Employer Acc/Template/Register Employer' successfully

2018-11-22 21:40:29 - [TEST_STEP][PASSED] - delay: Delayed 1 second(s)

2018-11-22 21:40:30 - [MESSAGE][PASSED] - Delayed 1 second(s)

2018-11-22 21:40:30 - [TEST_STEP][PASSED] - navigateToUrl: Navigate to 'https://assist2-uat.perkeso.gov.my/c/portal/logout' successfully

2018-11-22 21:40:32 - [MESSAGE][PASSED] - Navigate to 'https://assist2-uat.perkeso.gov.my/c/portal/logout' successfully

2018-11-22 21:40:32 - [TEST_STEP][PASSED] - delay: Delayed 1 second(s)

2018-11-22 21:40:33 - [MESSAGE][PASSED] - Delayed 1 second(s)

2018-11-22 21:40:33 - [TEST_STEP][PASSED] - callTestCase: Call Test Case 'Test Cases/Final Aug 2018 - PKS Automation/Create Employer Acc/Template/Change Password of Employer' successfully

2018-11-22 21:40:33 - [TEST_CASE][PASSED] - Test Cases/Final Aug 2018 - PKS Automation/Create Employer Acc/Template/Change Password of Employer: Test Cases/Final Aug 2018 - PKS Automation/Create Employer Acc/Template/Change Password of Employer

2018-11-22 21:40:33 - [TEST_STEP][PASSED] - openBrowser: Browser is opened with url: ''

2018-11-22 21:40:33 - [MESSAGE][WARNING] - A browser is already opened. Closing browser and opening a new one

2018-11-22 21:40:37 - [MESSAGE][PASSED] - Browser is opened with url: ''

2018-11-22 21:40:37 - [TEST_STEP][PASSED] - navigateToUrl: Navigate to 'https://assist2-uat.perkeso.gov.my/login' successfully

2018-11-22 21:40:38 - [MESSAGE][PASSED] - Navigate to 'https://assist2-uat.perkeso.gov.my/login' successfully

2018-11-22 21:40:38 - [TEST_STEP][PASSED] - delay: Delayed 5 second(s)

2018-11-22 21:40:43 - [MESSAGE][PASSED] - Delayed 5 second(s)

2018-11-22 21:40:43 - [TEST_STEP][PASSED] - setText: Text 'test@liferay.com' is set on object 'Object Repository/Final Object Repo/Login Page/Internal User/Email Address'

2018-11-22 21:40:43 - [MESSAGE][PASSED] - Text 'test@liferay.com' is set on object 'Object Repository/Final Object Repo/Login Page/Internal User/Email Address'

2018-11-22 21:40:43 - [TEST_STEP][PASSED] - click: Object: 'Object Repository/Final Object Repo/Login Page/Internal User/Next Button' is clicked on

2018-11-22 21:40:43 - [MESSAGE][PASSED] - Object: 'Object Repository/Final Object Repo/Login Page/Internal User/Next Button' is clicked on

2018-11-22 21:40:43 - [TEST_STEP][PASSED] - delay: Delayed 2 second(s)

2018-11-22 21:40:45 - [MESSAGE][PASSED] - Delayed 2 second(s)

2018-11-22 21:40:45 - [TEST_STEP][PASSED] - setText: Text 'test' is set on object 'Object Repository/Final Object Repo/Login Page/Internal User/Password'

2018-11-22 21:40:45 - [MESSAGE][PASSED] - Text 'test' is set on object 'Object Repository/Final Object Repo/Login Page/Internal User/Password'

2018-11-22 21:40:45 - [TEST_STEP][PASSED] - delay: Delayed 2 second(s)

2018-11-22 21:40:47 - [MESSAGE][PASSED] - Delayed 2 second(s)

2018-11-22 21:40:47 - [TEST_STEP][PASSED] - click: Object: 'Object Repository/Final Object Repo/Login Page/Internal User/Login Button' is clicked on

2018-11-22 21:40:47 - [MESSAGE][PASSED] - Object: 'Object Repository/Final Object Repo/Login Page/Internal User/Login Button' is clicked on

2018-11-22 21:40:47 - [TEST_STEP][PASSED] - delay: Delayed 3 second(s)

2018-11-22 21:40:50 - [MESSAGE][PASSED] - Delayed 3 second(s)

2018-11-22 21:40:50 - [TEST_STEP][PASSED] - navigateToUrl: Navigate to 'https://assist2-uat.perkeso.gov.my/group/control_panel/manage?p_p_id=125&p_p_lifecycle=0&p_p_state=maximized&p_p_mode=view&refererPlid=20455&_125_usersListView=flat-users&_125_toolbarItem=view-all-users&_125_saveUsersListView=true&_125_struts_action=%2Fusers_admin%2Fview' successfully

2018-11-22 21:40:52 - [MESSAGE][PASSED] - Navigate to 'https://assist2-uat.perkeso.gov.my/group/control_panel/manage?p_p_id=125&p_p_lifecycle=0&p_p_state=maximized&p_p_mode=view&refererPlid=20455&_125_usersListView=flat-users&_125_toolbarItem=view-all-users&_125_saveUsersListView=true&_125_struts_action=%2Fusers_admin%2Fview' successfully

2018-11-22 21:40:52 - [TEST_STEP][PASSED] - delay: Delayed 3 second(s)

2018-11-22 21:40:55 - [MESSAGE][PASSED] - Delayed 3 second(s)

2018-11-22 21:40:55 - [TEST_STEP][PASSED] - setText: Text 'perkeso204187810612@gmail.com' is set on object 'Object Repository/Final Object Repo/Creating Employer Account/Page_Users and Organizations - ASSIST/Employer name'

2018-11-22 21:40:56 - [MESSAGE][PASSED] - Text 'perkeso204187810612@gmail.com' is set on object 'Object Repository/Final Object Repo/Creating Employer Account/Page_Users and Organizations - ASSIST/Employer name'

2018-11-22 21:40:56 - [TEST_STEP][PASSED] - delay: Delayed 3 second(s)

2018-11-22 21:40:59 - [MESSAGE][PASSED] - Delayed 3 second(s)

2018-11-22 21:40:59 - [TEST_STEP][PASSED] - click: Object: 'Object Repository/Final Object Repo/Creating Employer Account/Page_Users and Organizations - ASSIST/Search' is clicked on

2018-11-22 21:40:59 - [MESSAGE][PASSED] - Object: 'Object Repository/Final Object Repo/Creating Employer Account/Page_Users and Organizations - ASSIST/Search' is clicked on

2018-11-22 21:40:59 - [TEST_STEP][PASSED] - delay: Delayed 3 second(s)

2018-11-22 21:41:02 - [MESSAGE][PASSED] - Delayed 3 second(s)

2018-11-22 21:41:02 - [TEST_STEP][PASSED] - click: Object: 'Object Repository/Final Object Repo/Creating Employer Account/Page_Users and Organizations - ASSIST/Action' is clicked on

2018-11-22 21:41:02 - [MESSAGE][PASSED] - Object: 'Object Repository/Final Object Repo/Creating Employer Account/Page_Users and Organizations - ASSIST/Action' is clicked on

2018-11-22 21:41:02 - [TEST_STEP][PASSED] - delay: Delayed 3 second(s)

2018-11-22 21:41:05 - [MESSAGE][PASSED] - Delayed 3 second(s)

2018-11-22 21:41:05 - [TEST_STEP][PASSED] - click: Object: 'Object Repository/Final Object Repo/Creating Employer Account/Page_Users and Organizations - ASSIST/Edit' is clicked on

2018-11-22 21:41:06 - [MESSAGE][PASSED] - Object: 'Object Repository/Final Object Repo/Creating Employer Account/Page_Users and Organizations - ASSIST/Edit' is clicked on

2018-11-22 21:41:06 - [TEST_STEP][PASSED] - delay: Delayed 3 second(s)

2018-11-22 21:41:09 - [MESSAGE][PASSED] - Delayed 3 second(s)

2018-11-22 21:41:09 - [TEST_STEP][PASSED] - click: Object: 'Object Repository/Final Object Repo/Creating Employer Account/Page_PERKESO - Users and Organizati/a_Password (Modified)' is clicked on

2018-11-22 21:41:09 - [MESSAGE][PASSED] - Object: 'Object Repository/Final Object Repo/Creating Employer Account/Page_PERKESO - Users and Organizati/a_Password (Modified)' is clicked on

2018-11-22 21:41:09 - [TEST_STEP][PASSED] - delay: Delayed 3 second(s)

2018-11-22 21:41:12 - [MESSAGE][PASSED] - Delayed 3 second(s)

2018-11-22 21:41:12 - [TEST_STEP][PASSED] - setEncryptedText: Text ****** has been set on object 'Object Repository/Final Object Repo/Creating Employer Account/Page_PERKESO - Users and Organizati/input__125_password1'

2018-11-22 21:41:13 - [MESSAGE][PASSED] - Text ****** has been set on object 'Object Repository/Final Object Repo/Creating Employer Account/Page_PERKESO - Users and Organizati/input__125_password1'

2018-11-22 21:41:13 - [TEST_STEP][PASSED] - delay: Delayed 3 second(s)

2018-11-22 21:41:16 - [MESSAGE][PASSED] - Delayed 3 second(s)

2018-11-22 21:41:16 - [TEST_STEP][PASSED] - setEncryptedText: Text ****** has been set on object 'Object Repository/Final Object Repo/Creating Employer Account/Page_PERKESO - Users and Organizati/input__125_password2'

2018-11-22 21:41:16 - [MESSAGE][PASSED] - Text ****** has been set on object 'Object Repository/Final Object Repo/Creating Employer Account/Page_PERKESO - Users and Organizati/input__125_password2'

2018-11-22 21:41:16 - [TEST_STEP][PASSED] - delay: Delayed 3 second(s)

2018-11-22 21:41:19 - [MESSAGE][PASSED] - Delayed 3 second(s)

2018-11-22 21:41:19 - [TEST_STEP][PASSED] - click: Object: 'Object Repository/Final Object Repo/Creating Employer Account/Page_PERKESO - Users and Organizati/Save' is clicked on

2018-11-22 21:41:19 - [MESSAGE][PASSED] - Object: 'Object Repository/Final Object Repo/Creating Employer Account/Page_PERKESO - Users and Organizati/Save' is clicked on

2018-11-22 21:41:19 - [MESSAGE][PASSED] - Call Test Case 'Test Cases/Final Aug 2018 - PKS Automation/Create Employer Acc/Template/Change Password of Employer' successfully

2018-11-22 21:41:19 - [TEST_STEP][PASSED] - delay: Delayed 1 second(s)

2018-11-22 21:41:20 - [MESSAGE][PASSED] - Delayed 1 second(s)

2018-11-22 21:41:20 - [TEST_STEP][PASSED] - navigateToUrl: Navigate to 'https://assist2-uat.perkeso.gov.my/c/portal/logout' successfully

2018-11-22 21:41:21 - [MESSAGE][PASSED] - Navigate to 'https://assist2-uat.perkeso.gov.my/c/portal/logout' successfully

2018-11-22 21:41:21 - [TEST_STEP][PASSED] - delay: Delayed 1 second(s)

2018-11-22 21:41:22 - [MESSAGE][PASSED] - Delayed 1 second(s)

2018-11-22 21:41:22 - [TEST_STEP][PASSED] - callTestCase: Call Test Case 'Test Cases/Final Aug 2018 - PKS Automation/Create Employer Acc/Template/Login to Employer Account (First Time)' successfully

2018-11-22 21:41:22 - [TEST_CASE][PASSED] - Test Cases/Final Aug 2018 - PKS Automation/Create Employer Acc/Template/Login to Employer Account (First Time): Test Cases/Final Aug 2018 - PKS Automation/Create Employer Acc/Template/Login to Employer Account (First Time)

2018-11-22 21:41:22 - [TEST_STEP][PASSED] - openBrowser: Browser is opened with url: ''

2018-11-22 21:41:22 - [MESSAGE][WARNING] - A browser is already opened. Closing browser and opening a new one

2018-11-22 21:41:26 - [MESSAGE][PASSED] - Browser is opened with url: ''

2018-11-22 21:41:26 - [TEST_STEP][PASSED] - navigateToUrl: Navigate to 'https://assist2-uat.perkeso.gov.my/employer/login' successfully

2018-11-22 21:41:27 - [MESSAGE][PASSED] - Navigate to 'https://assist2-uat.perkeso.gov.my/employer/login' successfully

2018-11-22 21:41:27 - [TEST_STEP][PASSED] - delay: Delayed 3 second(s)

2018-11-22 21:41:30 - [MESSAGE][PASSED] - Delayed 3 second(s)

2018-11-22 21:41:30 - [TEST_STEP][PASSED] - callTestCase: Call Test Case 'Test Cases/Final Aug 2018 - PKS Automation/Create Employer Acc/Template/Employer Email Getter' successfully

2018-11-22 21:41:30 - [TEST_CASE][PASSED] - Test Cases/Final Aug 2018 - PKS Automation/Create Employer Acc/Template/Employer Email Getter: Test Cases/Final Aug 2018 - PKS Automation/Create Employer Acc/Template/Employer Email Getter

2018-11-22 21:41:30 - [TEST_STEP][PASSED] - Statement - Try: null

2018-11-22 21:41:30 - [TEST_STEP][PASSED] - Statement - EmpEmail = new java.io.File(C://Users//Admin//Desktop//PKS//Automation Reference Point//EmpEmail.txt): null

2018-11-22 21:41:30 - [TEST_STEP][PASSED] - Statement - bufferread = new java.io.BufferedReader(new java.io.FileReader(EmpEmail)): null

2018-11-22 21:41:30 - [TEST_STEP][PASSED] - Statement - readedVal = bufferread.readLine(): null

2018-11-22 21:41:30 - [TEST_STEP][PASSED] - Statement - out.println(readedVal): null

2018-11-22 21:41:30 - [TEST_STEP][PASSED] - Statement - Email = readedVal: null

2018-11-22 21:41:30 - [MESSAGE][PASSED] - Call Test Case 'Test Cases/Final Aug 2018 - PKS Automation/Create Employer Acc/Template/Employer Email Getter' successfully

2018-11-22 21:41:30 - [TEST_STEP][PASSED] - setText: Text 'perkeso204187810612@gmail.com' is set on object 'Object Repository/Final Object Repo/Login Page/External Login Page/Email'

2018-11-22 21:41:31 - [MESSAGE][PASSED] - Text 'perkeso204187810612@gmail.com' is set on object 'Object Repository/Final Object Repo/Login Page/External Login Page/Email'

2018-11-22 21:41:31 - [TEST_STEP][PASSED] - click: Object: 'Object Repository/Final Object Repo/Login Page/External Login Page/Next' is clicked on

2018-11-22 21:41:31 - [MESSAGE][PASSED] - Object: 'Object Repository/Final Object Repo/Login Page/External Login Page/Next' is clicked on

2018-11-22 21:41:31 - [TEST_STEP][PASSED] - delay: Delayed 3 second(s)

2018-11-22 21:41:34 - [MESSAGE][PASSED] - Delayed 3 second(s)

2018-11-22 21:41:34 - [TEST_STEP][PASSED] - setEncryptedText: Text ****** has been set on object 'Object Repository/Final Object Repo/Login Page/External Login Page/Password'

2018-11-22 21:41:34 - [MESSAGE][PASSED] - Text ****** has been set on object 'Object Repository/Final Object Repo/Login Page/External Login Page/Password'

2018-11-22 21:41:34 - [TEST_STEP][PASSED] - click: Object: 'Object Repository/Final Object Repo/Login Page/External Login Page/Login' is clicked on

2018-11-22 21:41:34 - [MESSAGE][PASSED] - Object: 'Object Repository/Final Object Repo/Login Page/External Login Page/Login' is clicked on

2018-11-22 21:41:34 - [TEST_STEP][PASSED] - delay: Delayed 3 second(s)

2018-11-22 21:41:37 - [MESSAGE][PASSED] - Delayed 3 second(s)

2018-11-22 21:41:37 - [TEST_STEP][PASSED] - click: Object: 'Object Repository/Final Object Repo/Creating Employer Account/Page_Terms of Use - ASSIST/button_I Agree' is clicked on

2018-11-22 21:41:38 - [MESSAGE][PASSED] - Object: 'Object Repository/Final Object Repo/Creating Employer Account/Page_Terms of Use - ASSIST/button_I Agree' is clicked on

2018-11-22 21:41:38 - [TEST_STEP][PASSED] - delay: Delayed 2 second(s)

2018-11-22 21:41:40 - [MESSAGE][PASSED] - Delayed 2 second(s)

2018-11-22 21:41:40 - [TEST_STEP][PASSED] - setEncryptedText: Text ****** has been set on object 'Object Repository/Final Object Repo/Creating Employer Account/Page_New Password - ASSIST/input_password1'

2018-11-22 21:41:40 - [MESSAGE][PASSED] - Text ****** has been set on object 'Object Repository/Final Object Repo/Creating Employer Account/Page_New Password - ASSIST/input_password1'

2018-11-22 21:41:40 - [TEST_STEP][PASSED] - setEncryptedText: Text ****** has been set on object 'Object Repository/Final Object Repo/Creating Employer Account/Page_New Password - ASSIST/input_password2'

2018-11-22 21:41:40 - [MESSAGE][PASSED] - Text ****** has been set on object 'Object Repository/Final Object Repo/Creating Employer Account/Page_New Password - ASSIST/input_password2'

2018-11-22 21:41:40 - [TEST_STEP][PASSED] - delay: Delayed 2 second(s)

2018-11-22 21:41:42 - [MESSAGE][PASSED] - Delayed 2 second(s)

2018-11-22 21:41:42 - [TEST_STEP][PASSED] - click: Object: 'Object Repository/Final Object Repo/Creating Employer Account/Page_New Password - ASSIST/Save' is clicked on

2018-11-22 21:41:42 - [MESSAGE][PASSED] - Object: 'Object Repository/Final Object Repo/Creating Employer Account/Page_New Password - ASSIST/Save' is clicked on

2018-11-22 21:41:42 - [TEST_STEP][PASSED] - delay: Delayed 2 second(s)

2018-11-22 21:41:44 - [MESSAGE][PASSED] - Delayed 2 second(s)

2018-11-22 21:41:44 - [TEST_STEP][PASSED] - setText: Text 'test' is set on object 'Object Repository/Final Object Repo/Creating Employer Account/Page_Password Reminder - ASSIST/Reminder Query Answer'

2018-11-22 21:41:44 - [MESSAGE][PASSED] - Text 'test' is set on object 'Object Repository/Final Object Repo/Creating Employer Account/Page_Password Reminder - ASSIST/Reminder Query Answer'

2018-11-22 21:41:44 - [TEST_STEP][PASSED] - delay: Delayed 2 second(s)

2018-11-22 21:41:46 - [MESSAGE][PASSED] - Delayed 2 second(s)

2018-11-22 21:41:46 - [TEST_STEP][PASSED] - doubleClick: Object: 'Object Repository/Final Object Repo/Creating Employer Account/Page_Password Reminder - ASSIST/Save' is double clicked on

2018-11-22 21:41:49 - [MESSAGE][PASSED] - Object: 'Object Repository/Final Object Repo/Creating Employer Account/Page_Password Reminder - ASSIST/Save' is double clicked on

2018-11-22 21:41:49 - [MESSAGE][PASSED] - Call Test Case 'Test Cases/Final Aug 2018 - PKS Automation/Create Employer Acc/Template/Login to Employer Account (First Time)' successfully

2018-11-22 21:41:49 - [MESSAGE][PASSED] - Call Test Case 'Test Cases/Final Aug 2018 - PKS Automation/Create Employer Acc/Create Employer Account' successfully

2018-11-22 21:41:49 - [TEST_STEP][PASSED] - callTestCase: Call Test Case 'Test Cases/Final Aug 2018 - PKS Automation/Registration Module/Log Out/log out avoiding katalon tagging' successfully

2018-11-22 21:41:49 - [TEST_CASE][PASSED] - Test Cases/Final Aug 2018 - PKS Automation/Registration Module/Log Out/log out avoiding katalon tagging: Test Cases/Final Aug 2018 - PKS Automation/Registration Module/Log Out/log out avoiding katalon tagging

2018-11-22 21:41:49 - [TEST_STEP][PASSED] - navigateToUrl: Navigate to 'https://assist2-uat.perkeso.gov.my/c/portal/logout' successfully

2018-11-22 21:41:50 - [MESSAGE][PASSED] - Navigate to 'https://assist2-uat.perkeso.gov.my/c/portal/logout' successfully

2018-11-22 21:41:50 - [MESSAGE][PASSED] - Call Test Case 'Test Cases/Final Aug 2018 - PKS Automation/Registration Module/Log Out/log out avoiding katalon tagging' successfully

2018-11-22 21:41:50 - [TEST_STEP][PASSED] - callTestCase: Call Test Case 'Test Cases/Final Aug 2018 - PKS Automation/Create Employer Acc/Login to Employer Account (Second time)' successfully

2018-11-22 21:41:50 - [TEST_CASE][PASSED] - Test Cases/Final Aug 2018 - PKS Automation/Create Employer Acc/Login to Employer Account (Second time): Test Cases/Final Aug 2018 - PKS Automation/Create Employer Acc/Login to Employer Account (Second time)

2018-11-22 21:41:50 - [TEST_STEP][PASSED] - openBrowser: Browser is opened with url: ''

2018-11-22 21:41:50 - [MESSAGE][WARNING] - A browser is already opened. Closing browser and opening a new one

2018-11-22 21:41:54 - [MESSAGE][PASSED] - Browser is opened with url: ''

2018-11-22 21:41:54 - [TEST_STEP][PASSED] - navigateToUrl: Navigate to 'https://assist2-uat.perkeso.gov.my/employer/login' successfully

2018-11-22 21:41:55 - [MESSAGE][PASSED] - Navigate to 'https://assist2-uat.perkeso.gov.my/employer/login' successfully

2018-11-22 21:41:55 - [TEST_STEP][PASSED] - delay: Delayed 3 second(s)

2018-11-22 21:41:58 - [MESSAGE][PASSED] - Delayed 3 second(s)

2018-11-22 21:41:58 - [TEST_STEP][PASSED] - callTestCase: Call Test Case 'Test Cases/Final Aug 2018 - PKS Automation/Create Employer Acc/Template/Employer Email Getter' successfully

2018-11-22 21:41:58 - [TEST_CASE][PASSED] - Test Cases/Final Aug 2018 - PKS Automation/Create Employer Acc/Template/Employer Email Getter: Test Cases/Final Aug 2018 - PKS Automation/Create Employer Acc/Template/Employer Email Getter

2018-11-22 21:41:58 - [TEST_STEP][PASSED] - Statement - Try: null

2018-11-22 21:41:58 - [TEST_STEP][PASSED] - Statement - EmpEmail = new java.io.File(C://Users//Admin//Desktop//PKS//Automation Reference Point//EmpEmail.txt): null

2018-11-22 21:41:58 - [TEST_STEP][PASSED] - Statement - bufferread = new java.io.BufferedReader(new java.io.FileReader(EmpEmail)): null

2018-11-22 21:41:58 - [TEST_STEP][PASSED] - Statement - readedVal = bufferread.readLine(): null

2018-11-22 21:41:58 - [TEST_STEP][PASSED] - Statement - out.println(readedVal): null

2018-11-22 21:41:58 - [TEST_STEP][PASSED] - Statement - Email = readedVal: null

2018-11-22 21:41:58 - [MESSAGE][PASSED] - Call Test Case 'Test Cases/Final Aug 2018 - PKS Automation/Create Employer Acc/Template/Employer Email Getter' successfully

2018-11-22 21:41:58 - [TEST_STEP][PASSED] - setText: Text 'perkeso204187810612@gmail.com' is set on object 'Object Repository/Final Object Repo/Login Page/External Login Page/Email'

2018-11-22 21:41:58 - [MESSAGE][PASSED] - Text 'perkeso204187810612@gmail.com' is set on object 'Object Repository/Final Object Repo/Login Page/External Login Page/Email'

2018-11-22 21:41:58 - [TEST_STEP][PASSED] - click: Object: 'Object Repository/Final Object Repo/Login Page/External Login Page/Next' is clicked on

2018-11-22 21:41:59 - [MESSAGE][PASSED] - Object: 'Object Repository/Final Object Repo/Login Page/External Login Page/Next' is clicked on

2018-11-22 21:41:59 - [TEST_STEP][PASSED] - delay: Delayed 3 second(s)

2018-11-22 21:42:02 - [MESSAGE][PASSED] - Delayed 3 second(s)

2018-11-22 21:42:02 - [TEST_STEP][PASSED] - setEncryptedText: Text ****** has been set on object 'Object Repository/Final Object Repo/Login Page/External Login Page/Password'

2018-11-22 21:42:02 - [MESSAGE][PASSED] - Text ****** has been set on object 'Object Repository/Final Object Repo/Login Page/External Login Page/Password'

2018-11-22 21:42:02 - [TEST_STEP][PASSED] - click: Object: 'Object Repository/Final Object Repo/Login Page/External Login Page/Login' is clicked on

2018-11-22 21:42:02 - [MESSAGE][PASSED] - Object: 'Object Repository/Final Object Repo/Login Page/External Login Page/Login' is clicked on

2018-11-22 21:42:02 - [TEST_STEP][PASSED] - delay: Delayed 5 second(s)

2018-11-22 21:42:07 - [MESSAGE][PASSED] - Delayed 5 second(s)

2018-11-22 21:42:07 - [MESSAGE][PASSED] - Call Test Case 'Test Cases/Final Aug 2018 - PKS Automation/Create Employer Acc/Login to Employer Account (Second time)' successfully

2018-11-22 21:42:07 - [TEST_STEP][PASSED] - delay: Delayed 4 second(s)

2018-11-22 21:42:11 - [MESSAGE][PASSED] - Delayed 4 second(s)

2018-11-22 21:42:11 - [TEST_STEP][PASSED] - Statement - Try: Delayed 2 second(s)

2018-11-22 21:42:11 - [TEST_STEP][PASSED] - Statement - Checker = false: null

2018-11-22 21:42:11 - [TEST_STEP][PASSED] - Statement - Checker = com.kms.katalon.core.webui.keyword.WebUiBuiltInKeywords.verifyElementHasAttribute(com.kms.katalon.core.testobject.ObjectRepository.findTestObject(Final Object Repo/Landing Page/BM Detecting), "href", 20, OPTIONAL): Object 'Object Repository/Final Object Repo/Landing Page/BM Detecting' has attribute 'href'

2018-11-22 21:42:11 - [MESSAGE][PASSED] - Object 'Object Repository/Final Object Repo/Landing Page/BM Detecting' has attribute 'href'

2018-11-22 21:42:11 - [TEST_STEP][PASSED] - Statement - out.println(Checker): null

2018-11-22 21:42:11 - [TEST_STEP][PASSED] - Statement - If (Checker == false): null

2018-11-22 21:42:11 - [TEST_STEP][PASSED] - Statement - Else: null

2018-11-22 21:42:11 - [TEST_STEP][PASSED] - delay: Delayed 2 second(s)

2018-11-22 21:42:13 - [MESSAGE][PASSED] - Delayed 2 second(s)

2018-11-22 21:42:13 - [TEST_STEP][PASSED] - delay: Delayed 4 second(s)

2018-11-22 21:42:17 - [MESSAGE][PASSED] - Delayed 4 second(s)

2018-11-22 21:42:17 - [TEST_STEP][PASSED] - click: Object: 'Object Repository/Final Object Repo/Landing Page/My Sites Drop Down' is clicked on

2018-11-22 21:42:17 - [MESSAGE][PASSED] - Object: 'Object Repository/Final Object Repo/Landing Page/My Sites Drop Down' is clicked on

2018-11-22 21:42:17 - [TEST_STEP][PASSED] - click: Object: 'Object Repository/Final Object Repo/Landing Page/Select to Registration Module' is clicked on

2018-11-22 21:42:20 - [MESSAGE][PASSED] - Object: 'Object Repository/Final Object Repo/Landing Page/Select to Registration Module' is clicked on

2018-11-22 21:42:20 - [TEST_STEP][PASSED] - click: Object: 'Object Repository/Final Object Repo/Landing Page/Registration Button' is clicked on

2018-11-22 21:42:21 - [MESSAGE][PASSED] - Object: 'Object Repository/Final Object Repo/Landing Page/Registration Button' is clicked on

2018-11-22 21:42:21 - [TEST_STEP][PASSED] - delay: Delayed 2 second(s)

2018-11-22 21:42:23 - [MESSAGE][PASSED] - Delayed 2 second(s)

2018-11-22 21:42:23 - [TEST_STEP][PASSED] - click: Object: 'Object Repository/Final Object Repo/New Registration - Registration Module Pages/New Reg - OTC to RO/Special Case - OTC - Form 1/AEC NO' is clicked on

2018-11-22 21:42:23 - [MESSAGE][PASSED] - Object: 'Object Repository/Final Object Repo/New Registration - Registration Module Pages/New Reg - OTC to RO/Special Case - OTC - Form 1/AEC NO' is clicked on

2018-11-22 21:42:23 - [TEST_STEP][PASSED] - click: Object: 'Object Repository/Final Object Repo/New Registration - Registration Module Pages/New Reg - OTC to RO/Special Case - OTC - Form 1/Business Entity - Please Select' is clicked on

2018-11-22 21:42:24 - [MESSAGE][PASSED] - Object: 'Object Repository/Final Object Repo/New Registration - Registration Module Pages/New Reg - OTC to RO/Special Case - OTC - Form 1/Business Entity - Please Select' is clicked on

2018-11-22 21:42:24 - [TEST_STEP][PASSED] - click: Object: 'Object Repository/Final Object Repo/New Registration - Registration Module Pages/New Reg - OTC to RO/Special Case - OTC - Form 1/Selected - Corporation' is clicked on

2018-11-22 21:42:24 - [MESSAGE][PASSED] - Object: 'Object Repository/Final Object Repo/New Registration - Registration Module Pages/New Reg - OTC to RO/Special Case - OTC - Form 1/Selected - Corporation' is clicked on

2018-11-22 21:42:24 - [TEST_STEP][PASSED] - delay: Delayed 2 second(s)

2018-11-22 21:42:26 - [MESSAGE][PASSED] - Delayed 2 second(s)

2018-11-22 21:42:26 - [TEST_STEP][PASSED] - click: Object: 'Object Repository/Final Object Repo/New Registration - Registration Module Pages/New Reg - OTC to RO/Special Case - OTC - Form 1/Sub Business Entity - Please Select' is clicked on

2018-11-22 21:42:26 - [MESSAGE][PASSED] - Object: 'Object Repository/Final Object Repo/New Registration - Registration Module Pages/New Reg - OTC to RO/Special Case - OTC - Form 1/Sub Business Entity - Please Select' is clicked on

2018-11-22 21:42:26 - [TEST_STEP][PASSED] - delay: Delayed 2 second(s)

2018-11-22 21:42:28 - [MESSAGE][PASSED] - Delayed 2 second(s)

2018-11-22 21:42:28 - [TEST_STEP][PASSED] - click: Object: 'Object Repository/Final Object Repo/New Registration - Registration Module Pages/New Reg - OTC to RO/Special Case - OTC - Form 1/Selected - Sendirian Berhad' is clicked on

2018-11-22 21:42:28 - [MESSAGE][PASSED] - Object: 'Object Repository/Final Object Repo/New Registration - Registration Module Pages/New Reg - OTC to RO/Special Case - OTC - Form 1/Selected - Sendirian Berhad' is clicked on

2018-11-22 21:42:28 - [TEST_STEP][PASSED] - setText: Text 'AUTOMATE001' is set on object 'Object Repository/Final Object Repo/New Registration - Registration Module Pages/New Reg - OTC to RO/Special Case - OTC - Form 1/Input BRN Number'

2018-11-22 21:42:29 - [MESSAGE][PASSED] - Text 'AUTOMATE001' is set on object 'Object Repository/Final Object Repo/New Registration - Registration Module Pages/New Reg - OTC to RO/Special Case - OTC - Form 1/Input BRN Number'

2018-11-22 21:42:29 - [TEST_STEP][PASSED] - delay: Delayed 2 second(s)

2018-11-22 21:42:31 - [MESSAGE][PASSED] - Delayed 2 second(s)

2018-11-22 21:42:31 - [TEST_STEP][PASSED] - click: Object: 'Object Repository/Final Object Repo/New Registration - Registration Module Pages/New Reg - OTC to RO/Special Case - OTC - Form 1/BRN Search' is clicked on

2018-11-22 21:42:31 - [MESSAGE][PASSED] - Object: 'Object Repository/Final Object Repo/New Registration - Registration Module Pages/New Reg - OTC to RO/Special Case - OTC - Form 1/BRN Search' is clicked on

2018-11-22 21:42:31 - [TEST_STEP][PASSED] - delay: Delayed 4 second(s)

2018-11-22 21:42:35 - [MESSAGE][PASSED] - Delayed 4 second(s)

2018-11-22 21:42:35 - [TEST_STEP][PASSED] - click: Object: 'Object Repository/Final Object Repo/New Registration - Registration Module Pages/New Reg - OTC to RO/Special Case - OTC - Form 1/Registered with SSM - After Feb 2017' is clicked on

2018-11-22 21:42:35 - [MESSAGE][PASSED] - Object: 'Object Repository/Final Object Repo/New Registration - Registration Module Pages/New Reg - OTC to RO/Special Case - OTC - Form 1/Registered with SSM - After Feb 2017' is clicked on

2018-11-22 21:42:35 - [TEST_STEP][PASSED] - delay: Delayed 2 second(s)

2018-11-22 21:42:37 - [MESSAGE][PASSED] - Delayed 2 second(s)

2018-11-22 21:42:37 - [TEST_STEP][PASSED] - click: Object: 'Object Repository/Final Object Repo/New Registration - Registration Module Pages/Form 1/Registered As a Branch - Yes' is clicked on

2018-11-22 21:42:37 - [MESSAGE][PASSED] - Object: 'Object Repository/Final Object Repo/New Registration - Registration Module Pages/Form 1/Registered As a Branch - Yes' is clicked on

2018-11-22 21:42:37 - [TEST_STEP][PASSED] - click: Object: 'Object Repository/Final Object Repo/New Registration - Registration Module Pages/New Reg - OTC to RO/Special Case - OTC - Form 1/Acknowledgement Ticked' is clicked on

2018-11-22 21:42:37 - [MESSAGE][PASSED] - Object: 'Object Repository/Final Object Repo/New Registration - Registration Module Pages/New Reg - OTC to RO/Special Case - OTC - Form 1/Acknowledgement Ticked' is clicked on

2018-11-22 21:42:37 - [TEST_STEP][PASSED] - setText: Text 'perkeso204187810612@gmail.com' is set on object 'Object Repository/Final Object Repo/New Registration - Registration Module Pages/Form 1/Email'

2018-11-22 21:42:38 - [MESSAGE][PASSED] - Text 'perkeso204187810612@gmail.com' is set on object 'Object Repository/Final Object Repo/New Registration - Registration Module Pages/Form 1/Email'

2018-11-22 21:42:38 - [TEST_STEP][PASSED] - click: Object: 'Object Repository/Final Object Repo/New Registration - Registration Module Pages/New Reg - OTC to RO/Special Case - OTC - Form 1/Submit Button' is clicked on

2018-11-22 21:42:38 - [MESSAGE][PASSED] - Object: 'Object Repository/Final Object Repo/New Registration - Registration Module Pages/New Reg - OTC to RO/Special Case - OTC - Form 1/Submit Button' is clicked on

2018-11-22 21:42:38 - [TEST_STEP][PASSED] - callTestCase: Call Test Case 'Test Cases/Final Aug 2018 - PKS Automation/Registration Module/New Registration/Form 2/Add 1 Eligible - Employer Account Use' successfully

2018-11-22 21:42:38 - [TEST_CASE][PASSED] - Test Cases/Final Aug 2018 - PKS Automation/Registration Module/New Registration/Form 2/Add 1 Eligible - Employer Account Use: Test Cases/Final Aug 2018 - PKS Automation/Registration Module/New Registration/Form 2/Add 1 Eligible - Employer Account Use

2018-11-22 21:42:38 - [TEST_STEP][PASSED] - delay: Delayed 2 second(s)

2018-11-22 21:42:40 - [MESSAGE][PASSED] - Delayed 2 second(s)

2018-11-22 21:42:40 - [TEST_STEP][PASSED] - callTestCase: Call Test Case 'Test Cases/Final Aug 2018 - PKS Automation/Registration Module/New Registration/Form 2/Date Updater' successfully

2018-11-22 21:42:40 - [TEST_CASE][PASSED] - Test Cases/Final Aug 2018 - PKS Automation/Registration Module/New Registration/Form 2/Date Updater: Test Cases/Final Aug 2018 - PKS Automation/Registration Module/New Registration/Form 2/Date Updater

2018-11-22 21:42:40 - [TEST_STEP][PASSED] - Statement - TodayDate = new java.util.Date(): null

2018-11-22 21:42:40 - [TEST_STEP][PASSED] - Statement - CurrentDateNoFilter = new java.text.SimpleDateFormat(): null

2018-11-22 21:42:40 - [TEST_STEP][PASSED] - Statement - CurrentDateNoFilter.applyPattern("dd"): null

2018-11-22 21:42:40 - [TEST_STEP][PASSED] - Statement - CurrentDate = CurrentDateNoFilter.format(TodayDate): null

2018-11-22 21:42:40 - [TEST_STEP][PASSED] - Statement - CurrentDate = java.lang.Integer.parseInt(CurrentDate): null

2018-11-22 21:42:40 - [TEST_STEP][PASSED] - Statement - CurrentDate = CurrentDate: null

2018-11-22 21:42:40 - [TEST_STEP][PASSED] - Statement - CurrentDay = java.lang.Integer.parseInt(CurrentDate): null

2018-11-22 21:42:40 - [TEST_STEP][PASSED] - Statement - aDayBefore = CurrentDay + 1: null

2018-11-22 21:42:40 - [TEST_STEP][PASSED] - Statement - DayBefore = aDayBefore.toString(): null

2018-11-22 21:42:40 - [TEST_STEP][PASSED] - Statement - OneDayBefore = DayBefore: null

2018-11-22 21:42:40 - [TEST_STEP][PASSED] - Statement - CurrentDateNoFilter.applyPattern("MM"): null

2018-11-22 21:42:40 - [TEST_STEP][PASSED] - Statement - monthContainerMatcher = java.lang.Integer.parseInt(CurrentDateNoFilter.format(TodayDate)): null

2018-11-22 21:42:40 - [TEST_STEP][PASSED] - Statement - monthContainerMatcher = monthContainerMatcher - 1: null

2018-11-22 21:42:40 - [TEST_STEP][PASSED] - Statement - CurrentMonth = monthContainerMatcher.toString(): null

2018-11-22 21:42:40 - [TEST_STEP][PASSED] - Statement - CurrentMonth = CurrentMonth: null

2018-11-22 21:42:40 - [TEST_STEP][PASSED] - Statement - CurrentDateNoFilter.applyPattern("yyyy"): null

2018-11-22 21:42:40 - [TEST_STEP][PASSED] - Statement - CurrentYear = CurrentDateNoFilter.format(TodayDate): null

2018-11-22 21:42:40 - [TEST_STEP][PASSED] - Statement - CurrentYear = CurrentYear: null

2018-11-22 21:42:40 - [TEST_STEP][PASSED] - Statement - intCurrentYear = java.lang.Integer.parseInt(CurrentDateNoFilter.format(TodayDate)): null

2018-11-22 21:42:40 - [TEST_STEP][PASSED] - Statement - eighteenYrsAgo = intCurrentYear - 18: null

2018-11-22 21:42:40 - [TEST_STEP][PASSED] - Statement - eighteenYrsBeforeThisYr = eighteenYrsAgo.toString(): null

2018-11-22 21:42:40 - [TEST_STEP][PASSED] - Statement - EighteenYrsBefore = eighteenYrsBeforeThisYr: null

2018-11-22 21:42:40 - [TEST_STEP][PASSED] - Statement - fiftysevenYrsAgo = intCurrentYear - 57: null

2018-11-22 21:42:40 - [TEST_STEP][PASSED] - Statement - fiftysevenYrsBeforeThisYr = fiftysevenYrsAgo.toString(): null

2018-11-22 21:42:40 - [TEST_STEP][PASSED] - Statement - FiftysevenYrsBefore = fiftysevenYrsBeforeThisYr: null

2018-11-22 21:42:41 - [MESSAGE][PASSED] - Call Test Case 'Test Cases/Final Aug 2018 - PKS Automation/Registration Module/New Registration/Form 2/Date Updater' successfully

2018-11-22 21:42:41 - [TEST_STEP][PASSED] - delay: Delayed 1 second(s)

2018-11-22 21:42:42 - [MESSAGE][PASSED] - Delayed 1 second(s)

2018-11-22 21:42:42 - [TEST_STEP][PASSED] - Statement - CaseReferenceNo = com.kms.katalon.core.webui.keyword.WebUiBuiltInKeywords.getText(com.kms.katalon.core.testobject.ObjectRepository.findTestObject(Final Object Repo/New Registration - Registration Module Pages/Form 2/RefNo Acquiring)): Text of object 'Object Repository/Final Object Repo/New Registration - Registration Module Pages/Form 2/RefNo Acquiring' is: 'CRN11201800122699'

2018-11-22 21:42:42 - [MESSAGE][PASSED] - Text of object 'Object Repository/Final Object Repo/New Registration - Registration Module Pages/Form 2/RefNo Acquiring' is: 'CRN11201800122699'

2018-11-22 21:42:42 - [TEST_STEP][PASSED] - delay: Delayed 1 second(s)

2018-11-22 21:42:43 - [MESSAGE][PASSED] - Delayed 1 second(s)

2018-11-22 21:42:43 - [TEST_STEP][PASSED] - click: Object: 'Object Repository/Final Object Repo/New Registration - Registration Module Pages/Form 2/Add Employee Button' is clicked on

2018-11-22 21:42:43 - [MESSAGE][PASSED] - Object: 'Object Repository/Final Object Repo/New Registration - Registration Module Pages/Form 2/Add Employee Button' is clicked on

2018-11-22 21:42:43 - [TEST_STEP][PASSED] - delay: Delayed 1 second(s)

2018-11-22 21:42:44 - [MESSAGE][PASSED] - Delayed 1 second(s)

2018-11-22 21:42:44 - [TEST_STEP][PASSED] - setText: Text '010903091948' is set on object 'Object Repository/Final Object Repo/New Registration - Registration Module Pages/Form 2/NRIC Input'

2018-11-22 21:42:44 - [MESSAGE][PASSED] - Text '010903091948' is set on object 'Object Repository/Final Object Repo/New Registration - Registration Module Pages/Form 2/NRIC Input'

2018-11-22 21:42:44 - [TEST_STEP][PASSED] - delay: Delayed 2 second(s)

2018-11-22 21:42:46 - [MESSAGE][PASSED] - Delayed 2 second(s)

2018-11-22 21:42:46 - [TEST_STEP][PASSED] - setText: Text 'Automate001 eligible 1' is set on object 'Object Repository/Final Object Repo/New Registration - Registration Module Pages/Form 2/Employee Name Input'

2018-11-22 21:42:47 - [MESSAGE][PASSED] - Text 'Automate001 eligible 1' is set on object 'Object Repository/Final Object Repo/New Registration - Registration Module Pages/Form 2/Employee Name Input'

2018-11-22 21:42:47 - [TEST_STEP][PASSED] - delay: Delayed 2 second(s)

2018-11-22 21:42:49 - [MESSAGE][PASSED] - Delayed 2 second(s)

2018-11-22 21:42:49 - [TEST_STEP][PASSED] - click: Object: 'Object Repository/Final Object Repo/New Registration - Registration Module Pages/Form 2/DatePicker Pop Up' is clicked on

2018-11-22 21:42:49 - [MESSAGE][PASSED] - Object: 'Object Repository/Final Object Repo/New Registration - Registration Module Pages/Form 2/DatePicker Pop Up' is clicked on

2018-11-22 21:42:49 - [TEST_STEP][PASSED] - click: Object: 'Object Repository/Final Object Repo/New Registration - Registration Module Pages/Form 2/DOB Month' is clicked on

2018-11-22 21:42:49 - [MESSAGE][PASSED] - Object: 'Object Repository/Final Object Repo/New Registration - Registration Module Pages/Form 2/DOB Month' is clicked on

2018-11-22 21:42:49 - [TEST_STEP][PASSED] - Statement - CurrentMonth = CurrentMonth: null

2018-11-22 21:42:49 - [TEST_STEP][PASSED] - Statement - selectMonth = new com.kms.katalon.core.testobject.TestObject(): null

2018-11-22 21:42:49 - [TEST_STEP][PASSED] - Statement - selectMonth.addProperty("xpath", EQUALS, "//body/div/div/div/select/option[@value='" + CurrentMonth + "']", true): null

2018-11-22 21:42:49 - [TEST_STEP][PASSED] - click: Object: '' is clicked on

2018-11-22 21:42:49 - [MESSAGE][PASSED] - Object: '' is clicked on

2018-11-22 21:42:49 - [TEST_STEP][PASSED] - click: Object: 'Object Repository/Final Object Repo/New Registration - Registration Module Pages/Form 2/DOB Year' is clicked on

2018-11-22 21:42:49 - [MESSAGE][PASSED] - Object: 'Object Repository/Final Object Repo/New Registration - Registration Module Pages/Form 2/DOB Year' is clicked on

2018-11-22 21:42:49 - [TEST_STEP][PASSED] - Statement - Eyearsbf = EighteenYrsBefore: null

2018-11-22 21:42:49 - [TEST_STEP][PASSED] - Statement - selectYear = new com.kms.katalon.core.testobject.TestObject(): null

2018-11-22 21:42:49 - [TEST_STEP][PASSED] - Statement - selectYear.addProperty("xpath", EQUALS, "//div/div/div/select/option[@value='" + Eyearsbf + "']", true): null

2018-11-22 21:42:49 - [TEST_STEP][PASSED] - click: Object: '' is clicked on

2018-11-22 21:42:49 - [MESSAGE][PASSED] - Object: '' is clicked on

2018-11-22 21:42:49 - [TEST_STEP][PASSED] - Statement - UpdatedSelectDate = com.kms.katalon.core.webui.keyword.WebUiBuiltInKeywords.modifyObjectProperty(com.kms.katalon.core.testobject.ObjectRepository.findTestObject(Final Object Repo/New Registration - Registration Module Pages/Form 2/DOB Date), "xpath", "equals", "//body/div/table/tbody/tr/td/a[text()="" + CurrentDate + ""]", true): Modify property of object successfully

2018-11-22 21:42:49 - [MESSAGE][PASSED] - Modify property of object successfully

2018-11-22 21:42:49 - [TEST_STEP][PASSED] - delay: Delayed 3 second(s)

2018-11-22 21:42:52 - [MESSAGE][PASSED] - Delayed 3 second(s)

2018-11-22 21:42:52 - [TEST_STEP][PASSED] - click: Object: 'Object Repository/Final Object Repo/New Registration - Registration Module Pages/Form 2/DOB Date' is clicked on

2018-11-22 21:42:53 - [MESSAGE][PASSED] - Object: 'Object Repository/Final Object Repo/New Registration - Registration Module Pages/Form 2/DOB Date' is clicked on

2018-11-22 21:42:53 - [TEST_STEP][PASSED] - delay: Delayed 2 second(s)

2018-11-22 21:42:55 - [MESSAGE][PASSED] - Delayed 2 second(s)

2018-11-22 21:42:55 - [TEST_STEP][PASSED] - click: Object: 'Object Repository/Final Object Repo/New Registration - Registration Module Pages/Form 2/EmploymentStartDate Pop Up' is clicked on

2018-11-22 21:42:55 - [MESSAGE][PASSED] - Object: 'Object Repository/Final Object Repo/New Registration - Registration Module Pages/Form 2/EmploymentStartDate Pop Up' is clicked on

2018-11-22 21:42:55 - [TEST_STEP][PASSED] - delay: Delayed 2 second(s)

2018-11-22 21:42:57 - [MESSAGE][PASSED] - Delayed 2 second(s)

2018-11-22 21:42:57 - [TEST_STEP][PASSED] - click: Object: 'Object Repository/Final Object Repo/New Registration - Registration Module Pages/Form 2/Socso Employment StartDate Month' is clicked on

2018-11-22 21:42:57 - [MESSAGE][PASSED] - Object: 'Object Repository/Final Object Repo/New Registration - Registration Module Pages/Form 2/Socso Employment StartDate Month' is clicked on

2018-11-22 21:42:57 - [TEST_STEP][PASSED] - delay: Delayed 1 second(s)

2018-11-22 21:42:58 - [MESSAGE][PASSED] - Delayed 1 second(s)

2018-11-22 21:42:58 - [TEST_STEP][PASSED] - click: Object: 'Object Repository/Final Object Repo/New Registration - Registration Module Pages/Form 2/Select Socso Employement Startdate Month' is clicked on

2018-11-22 21:42:58 - [MESSAGE][PASSED] - Object: 'Object Repository/Final Object Repo/New Registration - Registration Module Pages/Form 2/Select Socso Employement Startdate Month' is clicked on

2018-11-22 21:42:58 - [TEST_STEP][PASSED] - delay: Delayed 2 second(s)

2018-11-22 21:43:00 - [MESSAGE][PASSED] - Delayed 2 second(s)

2018-11-22 21:43:00 - [TEST_STEP][PASSED] - click: Object: 'Object Repository/Final Object Repo/New Registration - Registration Module Pages/Form 2/Socso Employment StartDate Year' is clicked on

2018-11-22 21:43:00 - [MESSAGE][PASSED] - Object: 'Object Repository/Final Object Repo/New Registration - Registration Module Pages/Form 2/Socso Employment StartDate Year' is clicked on

2018-11-22 21:43:00 - [TEST_STEP][PASSED] - delay: Delayed 1 second(s)

2018-11-22 21:43:01 - [MESSAGE][PASSED] - Delayed 1 second(s)

2018-11-22 21:43:01 - [TEST_STEP][PASSED] - click: Object: 'Object Repository/Final Object Repo/New Registration - Registration Module Pages/Form 2/Select Socso Employment Startdate Year' is clicked on

2018-11-22 21:43:01 - [MESSAGE][PASSED] - Object: 'Object Repository/Final Object Repo/New Registration - Registration Module Pages/Form 2/Select Socso Employment Startdate Year' is clicked on

2018-11-22 21:43:01 - [TEST_STEP][PASSED] - delay: Delayed 2 second(s)

2018-11-22 21:43:03 - [MESSAGE][PASSED] - Delayed 2 second(s)

2018-11-22 21:43:03 - [TEST_STEP][PASSED] - click: Object: 'Object Repository/Final Object Repo/New Registration - Registration Module Pages/Form 2/Socso Employment Start Date Day' is clicked on

2018-11-22 21:43:04 - [MESSAGE][PASSED] - Object: 'Object Repository/Final Object Repo/New Registration - Registration Module Pages/Form 2/Socso Employment Start Date Day' is clicked on

2018-11-22 21:43:04 - [TEST_STEP][PASSED] - delay: Delayed 2 second(s)

2018-11-22 21:43:06 - [MESSAGE][PASSED] - Delayed 2 second(s)

2018-11-22 21:43:06 - [TEST_STEP][PASSED] - click: Object: 'Object Repository/Final Object Repo/New Registration - Registration Module Pages/Form 2/Save Button for Add Employee' is clicked on

2018-11-22 21:43:06 - [MESSAGE][PASSED] - Object: 'Object Repository/Final Object Repo/New Registration - Registration Module Pages/Form 2/Save Button for Add Employee' is clicked on

2018-11-22 21:43:06 - [TEST_STEP][PASSED] - delay: Delayed 6 second(s)

2018-11-22 21:43:12 - [MESSAGE][PASSED] - Delayed 6 second(s)

2018-11-22 21:43:12 - [TEST_STEP][PASSED] - click: Object: 'Object Repository/Final Object Repo/New Registration - Registration Module Pages/Form 2/Save and Continue Form 2' is clicked on

2018-11-22 21:43:12 - [MESSAGE][PASSED] - Object: 'Object Repository/Final Object Repo/New Registration - Registration Module Pages/Form 2/Save and Continue Form 2' is clicked on

2018-11-22 21:43:12 - [MESSAGE][PASSED] - Call Test Case 'Test Cases/Final Aug 2018 - PKS Automation/Registration Module/New Registration/Form 2/Add 1 Eligible - Employer Account Use' successfully

2018-11-22 21:43:12 - [TEST_STEP][PASSED] - callTestCase: Call Test Case 'Test Cases/Final Aug 2018 - PKS Automation/Registration Module/New Registration/Flow of New Registration/Third Screen - Upload Supporting Doc - Preview' successfully

2018-11-22 21:43:12 - [TEST_CASE][PASSED] - Test Cases/Final Aug 2018 - PKS Automation/Registration Module/New Registration/Flow of New Registration/Third Screen - Upload Supporting Doc - Preview: Test Cases/Final Aug 2018 - PKS Automation/Registration Module/New Registration/Flow of New Registration/Third Screen - Upload Supporting Doc - Preview

2018-11-22 21:43:12 - [TEST_STEP][PASSED] - waitForPageLoad: Wait for page load successfully

2018-11-22 21:43:13 - [MESSAGE][PASSED] - Wait for page load successfully

2018-11-22 21:43:13 - [TEST_STEP][PASSED] - Statement - CaseReferenceNo = com.kms.katalon.core.webui.keyword.WebUiBuiltInKeywords.getText(com.kms.katalon.core.testobject.ObjectRepository.findTestObject(Final Object Repo/New Registration - Registration Module Pages/Third Screen - Upload Supporting Doc- Preview/RefNo Acquiring)): Text of object 'Object Repository/Final Object Repo/New Registration - Registration Module Pages/Third Screen - Upload Supporting Doc- Preview/RefNo Acquiring' is: 'CRN11201800122699'

2018-11-22 21:43:13 - [MESSAGE][PASSED] - Text of object 'Object Repository/Final Object Repo/New Registration - Registration Module Pages/Third Screen - Upload Supporting Doc- Preview/RefNo Acquiring' is: 'CRN11201800122699'

2018-11-22 21:43:13 - [TEST_STEP][PASSED] - delay: Delayed 2 second(s)

2018-11-22 21:43:15 - [MESSAGE][PASSED] - Delayed 2 second(s)

2018-11-22 21:43:15 - [TEST_STEP][PASSED] - callTestCase: Call Test Case 'Test Cases/Final Aug 2018 - PKS Automation/Common/Reference Number Setter' successfully

2018-11-22 21:43:15 - [TEST_CASE][PASSED] - Test Cases/Final Aug 2018 - PKS Automation/Common/Reference Number Setter: Test Cases/Final Aug 2018 - PKS Automation/Common/Reference Number Setter

2018-11-22 21:43:15 - [TEST_STEP][PASSED] - Statement - RefNoOldFile = new java.io.File(C://Users//Admin//Desktop//PKS//Automation Reference Point//KatalonReference.txt): null

2018-11-22 21:43:15 - [TEST_STEP][PASSED] - Statement - RefNoOldFile.delete(): null

2018-11-22 21:43:15 - [TEST_STEP][PASSED] - delay: Delayed 5 second(s)

2018-11-22 21:43:20 - [MESSAGE][PASSED] - Delayed 5 second(s)

2018-11-22 21:43:20 - [TEST_STEP][PASSED] - Statement - RefNo = new java.io.File(C://Users//Admin//Desktop//PKS//Automation Reference Point//KatalonReference.txt): null

2018-11-22 21:43:20 - [TEST_STEP][PASSED] - Statement - f2 = new java.io.FileWriter(RefNo, false): null

2018-11-22 21:43:20 - [TEST_STEP][PASSED] - Statement - f2.write(CaseReferenceNo): null

2018-11-22 21:43:20 - [TEST_STEP][PASSED] - Statement - f2.close(): null

2018-11-22 21:43:20 - [TEST_STEP][PASSED] - Statement - out.println("


" + CaseReferenceNo + "


"): null

2018-11-22 21:43:20 - [MESSAGE][PASSED] - Call Test Case 'Test Cases/Final Aug 2018 - PKS Automation/Common/Reference Number Setter' successfully

2018-11-22 21:43:20 - [TEST_STEP][PASSED] - waitForElementClickable: Object 'Object Repository/Final Object Repo/New Registration - Registration Module Pages/Third Screen - Upload Supporting Doc- Preview/Save n Continue in SIP Employee Listing Page' is clickable

2018-11-22 21:43:20 - [MESSAGE][PASSED] - Object 'Object Repository/Final Object Repo/New Registration - Registration Module Pages/Third Screen - Upload Supporting Doc- Preview/Save n Continue in SIP Employee Listing Page' is clickable

2018-11-22 21:43:20 - [TEST_STEP][PASSED] - click: Object: 'Object Repository/Final Object Repo/New Registration - Registration Module Pages/Third Screen - Upload Supporting Doc- Preview/Save n Continue in SIP Employee Listing Page' is clicked on

2018-11-22 21:43:26 - [MESSAGE][PASSED] - Object: 'Object Repository/Final Object Repo/New Registration - Registration Module Pages/Third Screen - Upload Supporting Doc- Preview/Save n Continue in SIP Employee Listing Page' is clicked on

2018-11-22 21:43:26 - [TEST_STEP][PASSED] - delay: Delayed 7 second(s)

2018-11-22 21:43:33 - [MESSAGE][PASSED] - Delayed 7 second(s)

2018-11-22 21:43:33 - [TEST_STEP][PASSED] - click: Object: 'Object Repository/Final Object Repo/New Registration - Registration Module Pages/Third Screen - Upload Supporting Doc- Preview/Add Document Button' is clicked on

2018-11-22 21:43:33 - [MESSAGE][PASSED] - Object: 'Object Repository/Final Object Repo/New Registration - Registration Module Pages/Third Screen - Upload Supporting Doc- Preview/Add Document Button' is clicked on

2018-11-22 21:43:33 - [TEST_STEP][PASSED] - delay: Delayed 30 second(s)

2018-11-22 21:44:03 - [MESSAGE][PASSED] - Delayed 30 second(s)

2018-11-22 21:44:03 - [TEST_STEP][PASSED] - click: Object: 'Object Repository/Final Object Repo/New Registration - Registration Module Pages/Third Screen - Upload Supporting Doc- Preview/Supporting Doc Please Select Drop Down' is clicked on

2018-11-22 21:44:03 - [MESSAGE][PASSED] - Object: 'Object Repository/Final Object Repo/New Registration - Registration Module Pages/Third Screen - Upload Supporting Doc- Preview/Supporting Doc Please Select Drop Down' is clicked on

2018-11-22 21:44:03 - [TEST_STEP][PASSED] - delay: Delayed 2 second(s)

2018-11-22 21:44:05 - [MESSAGE][PASSED] - Delayed 2 second(s)

2018-11-22 21:44:05 - [TEST_STEP][PASSED] - click: Object: 'Object Repository/Final Object Repo/New Registration - Registration Module Pages/Third Screen - Upload Supporting Doc- Preview/Select to Upload Form 1' is clicked on

2018-11-22 21:44:05 - [MESSAGE][PASSED] - Object: 'Object Repository/Final Object Repo/New Registration - Registration Module Pages/Third Screen - Upload Supporting Doc- Preview/Select to Upload Form 1' is clicked on

2018-11-22 21:44:05 - [TEST_STEP][PASSED] - delay: Delayed 2 second(s)

2018-11-22 21:44:07 - [MESSAGE][PASSED] - Delayed 2 second(s)

2018-11-22 21:44:07 - [TEST_STEP][PASSED] - uploadFile: File 'C:\Users\Public\Pictures\Sample Pictures\Koala.jpg' sent to object: 'Object Repository/Final Object Repo/New Registration - Registration Module Pages/Third Screen - Upload Supporting Doc- Preview/Upload File Adding'

2018-11-22 21:44:07 - [MESSAGE][PASSED] - File 'C:\Users\Public\Pictures\Sample Pictures\Koala.jpg' sent to object: 'Object Repository/Final Object Repo/New Registration - Registration Module Pages/Third Screen - Upload Supporting Doc- Preview/Upload File Adding'

2018-11-22 21:44:07 - [TEST_STEP][PASSED] - delay: Delayed 5 second(s)

2018-11-22 21:44:12 - [MESSAGE][PASSED] - Delayed 5 second(s)

2018-11-22 21:44:12 - [TEST_STEP][PASSED] - click: Object: 'Object Repository/Final Object Repo/New Registration - Registration Module Pages/Third Screen - Upload Supporting Doc- Preview/Inner Form Add Document Button' is clicked on

2018-11-22 21:44:12 - [MESSAGE][PASSED] - Object: 'Object Repository/Final Object Repo/New Registration - Registration Module Pages/Third Screen - Upload Supporting Doc- Preview/Inner Form Add Document Button' is clicked on

2018-11-22 21:44:12 - [TEST_STEP][PASSED] - delay: Delayed 3 second(s)

2018-11-22 21:44:15 - [MESSAGE][PASSED] - Delayed 3 second(s)

2018-11-22 21:44:15 - [TEST_STEP][PASSED] - click: Object: 'Object Repository/Final Object Repo/New Registration - Registration Module Pages/Third Screen - Upload Supporting Doc- Preview/Add Document Button' is clicked on

2018-11-22 21:44:17 - [MESSAGE][PASSED] - Object: 'Object Repository/Final Object Repo/New Registration - Registration Module Pages/Third Screen - Upload Supporting Doc- Preview/Add Document Button' is clicked on

2018-11-22 21:44:17 - [TEST_STEP][PASSED] - delay: Delayed 30 second(s)

2018-11-22 21:44:47 - [MESSAGE][PASSED] - Delayed 30 second(s)

2018-11-22 21:44:47 - [TEST_STEP][PASSED] - click: Object: 'Object Repository/Final Object Repo/New Registration - Registration Module Pages/Third Screen - Upload Supporting Doc- Preview/Supporting Doc Please Select Drop Down' is clicked on

2018-11-22 21:44:47 - [MESSAGE][PASSED] - Object: 'Object Repository/Final Object Repo/New Registration - Registration Module Pages/Third Screen - Upload Supporting Doc- Preview/Supporting Doc Please Select Drop Down' is clicked on

2018-11-22 21:44:47 - [TEST_STEP][PASSED] - delay: Delayed 2 second(s)

2018-11-22 21:44:49 - [MESSAGE][PASSED] - Delayed 2 second(s)

2018-11-22 21:44:49 - [TEST_STEP][PASSED] - click: Object: 'Object Repository/Final Object Repo/New Registration - Registration Module Pages/Third Screen - Upload Supporting Doc- Preview/Select to Upload Form 2' is clicked on

2018-11-22 21:44:49 - [MESSAGE][PASSED] - Object: 'Object Repository/Final Object Repo/New Registration - Registration Module Pages/Third Screen - Upload Supporting Doc- Preview/Select to Upload Form 2' is clicked on

2018-11-22 21:44:49 - [TEST_STEP][PASSED] - delay: Delayed 2 second(s)

2018-11-22 21:44:51 - [MESSAGE][PASSED] - Delayed 2 second(s)

2018-11-22 21:44:51 - [TEST_STEP][PASSED] - uploadFile: File 'C:\Users\Public\Pictures\Sample Pictures\Koala.jpg' sent to object: 'Object Repository/Final Object Repo/New Registration - Registration Module Pages/Third Screen - Upload Supporting Doc- Preview/Upload File Adding'

2018-11-22 21:44:51 - [MESSAGE][PASSED] - File 'C:\Users\Public\Pictures\Sample Pictures\Koala.jpg' sent to object: 'Object Repository/Final Object Repo/New Registration - Registration Module Pages/Third Screen - Upload Supporting Doc- Preview/Upload File Adding'

2018-11-22 21:44:51 - [TEST_STEP][PASSED] - click: Object: 'Object Repository/Final Object Repo/New Registration - Registration Module Pages/Third Screen - Upload Supporting Doc- Preview/Inner Form Add Document Button' is clicked on

2018-11-22 21:44:51 - [MESSAGE][PASSED] - Object: 'Object Repository/Final Object Repo/New Registration - Registration Module Pages/Third Screen - Upload Supporting Doc- Preview/Inner Form Add Document Button' is clicked on

2018-11-22 21:44:51 - [TEST_STEP][PASSED] - delay: Delayed 5 second(s)

2018-11-22 21:44:56 - [MESSAGE][PASSED] - Delayed 5 second(s)

2018-11-22 21:44:56 - [TEST_STEP][PASSED] - click: Object: 'Object Repository/Final Object Repo/New Registration - Registration Module Pages/Third Screen - Upload Supporting Doc- Preview/Add Document Button' is clicked on

2018-11-22 21:44:57 - [MESSAGE][PASSED] - Object: 'Object Repository/Final Object Repo/New Registration - Registration Module Pages/Third Screen - Upload Supporting Doc- Preview/Add Document Button' is clicked on

2018-11-22 21:44:57 - [TEST_STEP][PASSED] - delay: Delayed 30 second(s)

2018-11-22 21:45:27 - [MESSAGE][PASSED] - Delayed 30 second(s)

2018-11-22 21:45:27 - [TEST_STEP][PASSED] - click: Object: 'Object Repository/Final Object Repo/New Registration - Registration Module Pages/Third Screen - Upload Supporting Doc- Preview/Supporting Doc Please Select Drop Down' is clicked on

2018-11-22 21:45:27 - [MESSAGE][PASSED] - Object: 'Object Repository/Final Object Repo/New Registration - Registration Module Pages/Third Screen - Upload Supporting Doc- Preview/Supporting Doc Please Select Drop Down' is clicked on

2018-11-22 21:45:27 - [TEST_STEP][PASSED] - click: Object: 'Object Repository/Final Object Repo/New Registration - Registration Module Pages/Third Screen - Upload Supporting Doc- Preview/Select to Upload Borang SIP 1' is clicked on

2018-11-22 21:45:27 - [MESSAGE][PASSED] - Object: 'Object Repository/Final Object Repo/New Registration - Registration Module Pages/Third Screen - Upload Supporting Doc- Preview/Select to Upload Borang SIP 1' is clicked on

2018-11-22 21:45:27 - [TEST_STEP][PASSED] - delay: Delayed 2 second(s)

2018-11-22 21:45:29 - [MESSAGE][PASSED] - Delayed 2 second(s)

2018-11-22 21:45:29 - [TEST_STEP][PASSED] - uploadFile: File 'C:\Users\Public\Pictures\Sample Pictures\Koala.jpg' sent to object: 'Object Repository/Final Object Repo/New Registration - Registration Module Pages/Third Screen - Upload Supporting Doc- Preview/Upload File Adding'

2018-11-22 21:45:29 - [MESSAGE][PASSED] - File 'C:\Users\Public\Pictures\Sample Pictures\Koala.jpg' sent to object: 'Object Repository/Final Object Repo/New Registration - Registration Module Pages/Third Screen - Upload Supporting Doc- Preview/Upload File Adding'

2018-11-22 21:45:29 - [TEST_STEP][PASSED] - click: Object: 'Object Repository/Final Object Repo/New Registration - Registration Module Pages/Third Screen - Upload Supporting Doc- Preview/Inner Form Add Document Button' is clicked on

2018-11-22 21:45:29 - [MESSAGE][PASSED] - Object: 'Object Repository/Final Object Repo/New Registration - Registration Module Pages/Third Screen - Upload Supporting Doc- Preview/Inner Form Add Document Button' is clicked on

2018-11-22 21:45:29 - [TEST_STEP][PASSED] - delay: Delayed 5 second(s)

2018-11-22 21:45:34 - [MESSAGE][PASSED] - Delayed 5 second(s)

2018-11-22 21:45:34 - [TEST_STEP][PASSED] - click: Object: 'Object Repository/Final Object Repo/New Registration - Registration Module Pages/Third Screen - Upload Supporting Doc- Preview/Add Document Button' is clicked on

2018-11-22 21:45:34 - [MESSAGE][PASSED] - Object: 'Object Repository/Final Object Repo/New Registration - Registration Module Pages/Third Screen - Upload Supporting Doc- Preview/Add Document Button' is clicked on

2018-11-22 21:45:34 - [TEST_STEP][PASSED] - delay: Delayed 30 second(s)

2018-11-22 21:46:04 - [MESSAGE][PASSED] - Delayed 30 second(s)

2018-11-22 21:46:04 - [TEST_STEP][PASSED] - click: Object: 'Object Repository/Final Object Repo/New Registration - Registration Module Pages/Third Screen - Upload Supporting Doc- Preview/Supporting Doc Please Select Drop Down' is clicked on

2018-11-22 21:46:05 - [MESSAGE][PASSED] - Object: 'Object Repository/Final Object Repo/New Registration - Registration Module Pages/Third Screen - Upload Supporting Doc- Preview/Supporting Doc Please Select Drop Down' is clicked on

2018-11-22 21:46:05 - [TEST_STEP][PASSED] - delay: Delayed 3 second(s)

2018-11-22 21:46:08 - [MESSAGE][PASSED] - Delayed 3 second(s)

2018-11-22 21:46:08 - [TEST_STEP][PASSED] - click: Object: 'Object Repository/Final Object Repo/New Registration - Registration Module Pages/Third Screen - Upload Supporting Doc- Preview/Select to Upload Borang SIP 2' is clicked on

2018-11-22 21:46:08 - [MESSAGE][PASSED] - Object: 'Object Repository/Final Object Repo/New Registration - Registration Module Pages/Third Screen - Upload Supporting Doc- Preview/Select to Upload Borang SIP 2' is clicked on

2018-11-22 21:46:08 - [TEST_STEP][PASSED] - delay: Delayed 2 second(s)

2018-11-22 21:46:10 - [MESSAGE][PASSED] - Delayed 2 second(s)

2018-11-22 21:46:10 - [TEST_STEP][PASSED] - uploadFile: File 'C:\Users\Public\Pictures\Sample Pictures\Koala.jpg' sent to object: 'Object Repository/Final Object Repo/New Registration - Registration Module Pages/Third Screen - Upload Supporting Doc- Preview/Upload File Adding'

2018-11-22 21:46:10 - [MESSAGE][PASSED] - File 'C:\Users\Public\Pictures\Sample Pictures\Koala.jpg' sent to object: 'Object Repository/Final Object Repo/New Registration - Registration Module Pages/Third Screen - Upload Supporting Doc- Preview/Upload File Adding'

2018-11-22 21:46:10 - [TEST_STEP][PASSED] - delay: Delayed 5 second(s)

2018-11-22 21:46:15 - [MESSAGE][PASSED] - Delayed 5 second(s)

2018-11-22 21:46:15 - [TEST_STEP][PASSED] - click: Object: 'Object Repository/Final Object Repo/New Registration - Registration Module Pages/Third Screen - Upload Supporting Doc- Preview/Inner Form Add Document Button' is clicked on

2018-11-22 21:46:15 - [MESSAGE][PASSED] - Object: 'Object Repository/Final Object Repo/New Registration - Registration Module Pages/Third Screen - Upload Supporting Doc- Preview/Inner Form Add Document Button' is clicked on

2018-11-22 21:46:15 - [TEST_STEP][PASSED] - delay: Delayed 3 second(s)

2018-11-22 21:46:18 - [MESSAGE][PASSED] - Delayed 3 second(s)

2018-11-22 21:46:18 - [TEST_STEP][PASSED] - waitForElementClickable: Object 'Object Repository/Final Object Repo/New Registration - Registration Module Pages/Third Screen - Upload Supporting Doc- Preview/Save n Continue in Uploading Supporting Doc Page' is clickable

2018-11-22 21:46:19 - [MESSAGE][PASSED] - Object 'Object Repository/Final Object Repo/New Registration - Registration Module Pages/Third Screen - Upload Supporting Doc- Preview/Save n Continue in Uploading Supporting Doc Page' is clickable

2018-11-22 21:46:19 - [TEST_STEP][PASSED] - click: Object: 'Object Repository/Final Object Repo/New Registration - Registration Module Pages/Third Screen - Upload Supporting Doc- Preview/Save n Continue in Uploading Supporting Doc Page' is clicked on

2018-11-22 21:46:19 - [MESSAGE][PASSED] - Object: 'Object Repository/Final Object Repo/New Registration - Registration Module Pages/Third Screen - Upload Supporting Doc- Preview/Save n Continue in Uploading Supporting Doc Page' is clicked on

2018-11-22 21:46:19 - [MESSAGE][PASSED] - Call Test Case 'Test Cases/Final Aug 2018 - PKS Automation/Registration Module/New Registration/Flow of New Registration/Third Screen - Upload Supporting Doc - Preview' successfully

2018-11-22 21:46:19 - [TEST_STEP][PASSED] - setText: Text 'Tester' is set on object 'Object Repository/Final Object Repo/New Registration - Registration Module Pages/New Reg - OTC to RO/Special Case - All Related Objects/Employer Preview Name'

2018-11-22 21:46:24 - [MESSAGE][PASSED] - Text 'Tester' is set on object 'Object Repository/Final Object Repo/New Registration - Registration Module Pages/New Reg - OTC to RO/Special Case - All Related Objects/Employer Preview Name'

2018-11-22 21:46:24 - [TEST_STEP][PASSED] - click: Object: 'Object Repository/Final Object Repo/New Registration - Registration Module Pages/New Reg - OTC to RO/Special Case - All Related Objects/IC Type Drop Down' is clicked on

2018-11-22 21:46:24 - [MESSAGE][PASSED] - Object: 'Object Repository/Final Object Repo/New Registration - Registration Module Pages/New Reg - OTC to RO/Special Case - All Related Objects/IC Type Drop Down' is clicked on

2018-11-22 21:46:24 - [TEST_STEP][PASSED] - click: Object: 'Object Repository/Final Object Repo/New Registration - Registration Module Pages/New Reg - OTC to RO/Special Case - All Related Objects/Select to NRIC' is clicked on

2018-11-22 21:46:24 - [MESSAGE][PASSED] - Object: 'Object Repository/Final Object Repo/New Registration - Registration Module Pages/New Reg - OTC to RO/Special Case - All Related Objects/Select to NRIC' is clicked on

2018-11-22 21:46:24 - [TEST_STEP][PASSED] - setText: Text '133245561223' is set on object 'Object Repository/Final Object Repo/New Registration - Registration Module Pages/New Reg - OTC to RO/Special Case - All Related Objects/IC Value'

2018-11-22 21:46:24 - [MESSAGE][PASSED] - Text '133245561223' is set on object 'Object Repository/Final Object Repo/New Registration - Registration Module Pages/New Reg - OTC to RO/Special Case - All Related Objects/IC Value'

2018-11-22 21:46:24 - [TEST_STEP][PASSED] - setText: Text 'Auto' is set on object 'Object Repository/Final Object Repo/New Registration - Registration Module Pages/New Reg - OTC to RO/Special Case - All Related Objects/Designation'

2018-11-22 21:46:25 - [MESSAGE][PASSED] - Text 'Auto' is set on object 'Object Repository/Final Object Repo/New Registration - Registration Module Pages/New Reg - OTC to RO/Special Case - All Related Objects/Designation'

2018-11-22 21:46:25 - [TEST_STEP][PASSED] - callTestCase: Call Test Case 'Test Cases/Final Aug 2018 - PKS Automation/Registration Module/New Registration/Submit and Screenshot/Submit Registration and Screenshot - Copy' successfully

2018-11-22 21:46:25 - [TEST_CASE][PASSED] - Test Cases/Final Aug 2018 - PKS Automation/Registration Module/New Registration/Submit and Screenshot/Submit Registration and Screenshot - Copy: Test Cases/Final Aug 2018 - PKS Automation/Registration Module/New Registration/Submit and Screenshot/Submit Registration and Screenshot - Copy

2018-11-22 21:46:25 - [TEST_STEP][PASSED] - delay: Delayed 6 second(s)

2018-11-22 21:46:31 - [MESSAGE][PASSED] - Delayed 6 second(s)

2018-11-22 21:46:31 - [TEST_STEP][PASSED] - click: Object: 'Object Repository/Final Object Repo/New Registration - Registration Module Pages/Third Screen - Upload Supporting Doc- Preview/Preview Submit Button' is clicked on

2018-11-22 21:46:31 - [MESSAGE][PASSED] - Object: 'Object Repository/Final Object Repo/New Registration - Registration Module Pages/Third Screen - Upload Supporting Doc- Preview/Preview Submit Button' is clicked on

2018-11-22 21:46:31 - [TEST_STEP][PASSED] - delay: Delayed 2 second(s)

2018-11-22 21:46:33 - [MESSAGE][PASSED] - Delayed 2 second(s)

2018-11-22 21:46:33 - [TEST_STEP][PASSED] - click: Object: 'Object Repository/Final Object Repo/New Registration - Registration Module Pages/Third Screen - Upload Supporting Doc- Preview/Preview Submit - Confirm' is clicked on

2018-11-22 21:46:33 - [MESSAGE][PASSED] - Object: 'Object Repository/Final Object Repo/New Registration - Registration Module Pages/Third Screen - Upload Supporting Doc- Preview/Preview Submit - Confirm' is clicked on

2018-11-22 21:46:33 - [TEST_STEP][PASSED] - delay: Delayed 15 second(s)

2018-11-22 21:46:48 - [MESSAGE][PASSED] - Delayed 15 second(s)

2018-11-22 21:46:48 - [TEST_STEP][PASSED] - Statement - driver = com.kms.katalon.core.webui.driver.DriverFactory.getWebDriver(): null

2018-11-22 21:46:48 - [TEST_STEP][PASSED] - Statement - driver.manage().timeouts().implicitlyWait(10, SECONDS): null

2018-11-22 21:46:48 - [TEST_STEP][PASSED] - Statement - PresavePath = KatalonScreenshots: null

2018-11-22 21:46:48 - [TEST_STEP][PASSED] - Statement - pathPrefix = "C:\Users\Public\Pictures\Sample Pictures\Katalon Screenshots\Automate Ending Screen": null

2018-11-22 21:46:48 - [TEST_STEP][PASSED] - Statement - finalPath = <not implemented yet for class: org.codehaus.groovy.ast.expr.EmptyExpression>: null

2018-11-22 21:46:48 - [TEST_STEP][PASSED] - Statement - scrFile = driver.getScreenshotAs(FILE): null

2018-11-22 21:46:48 - [TEST_STEP][PASSED] - Statement - PreSaveFile = new java.io.File(PresavePath): null

2018-11-22 21:46:48 - [TEST_STEP][PASSED] - Statement - counter = 0: null

2018-11-22 21:46:48 - [TEST_STEP][PASSED] - Statement - If (PreSaveFile.exists()): null

2018-11-22 21:46:48 - [TEST_STEP][PASSED] - Statement - While (PreSaveFile.exists()): null

2018-11-22 21:46:48 - [TEST_STEP][PASSED] - Statement - counter = counter + 1: null

2018-11-22 21:46:48 - [TEST_STEP][PASSED] - Statement - PreSaveFile = new java.io.File(((pathPrefix + java.lang.Integer.toString(counter)) + .png)): null

2018-11-22 21:46:48 - [TEST_STEP][PASSED] - Statement - counter = counter + 1: null

2018-11-22 21:46:48 - [TEST_STEP][PASSED] - Statement - PreSaveFile = new java.io.File(((pathPrefix + java.lang.Integer.toString(counter)) + .png)): null

2018-11-22 21:46:48 - [TEST_STEP][PASSED] - Statement - counter = counter + 1: null

2018-11-22 21:46:48 - [TEST_STEP][PASSED] - Statement - PreSaveFile = new java.io.File(((pathPrefix + java.lang.Integer.toString(counter)) + .png)): null

2018-11-22 21:46:48 - [TEST_STEP][PASSED] - Statement - counter = counter + 1: null

2018-11-22 21:46:48 - [TEST_STEP][PASSED] - Statement - PreSaveFile = new java.io.File(((pathPrefix + java.lang.Integer.toString(counter)) + .png)): null

2018-11-22 21:46:48 - [TEST_STEP][PASSED] - Statement - counter = counter + 1: null

2018-11-22 21:46:48 - [TEST_STEP][PASSED] - Statement - PreSaveFile = new java.io.File(((pathPrefix + java.lang.Integer.toString(counter)) + .png)): null

2018-11-22 21:46:48 - [TEST_STEP][PASSED] - Statement - counter = counter + 1: null

2018-11-22 21:46:48 - [TEST_STEP][PASSED] - Statement - PreSaveFile = new java.io.File(((pathPrefix + java.lang.Integer.toString(counter)) + .png)): null

2018-11-22 21:46:48 - [TEST_STEP][PASSED] - Statement - counter = counter + 1: null

2018-11-22 21:46:48 - [TEST_STEP][PASSED] - Statement - PreSaveFile = new java.io.File(((pathPrefix + java.lang.Integer.toString(counter)) + .png)): null

2018-11-22 21:46:48 - [TEST_STEP][PASSED] - Statement - counter = counter + 1: null

2018-11-22 21:46:48 - [TEST_STEP][PASSED] - Statement - PreSaveFile = new java.io.File(((pathPrefix + java.lang.Integer.toString(counter)) + .png)): null

2018-11-22 21:46:48 - [TEST_STEP][PASSED] - Statement - counter = counter + 1: null

2018-11-22 21:46:48 - [TEST_STEP][PASSED] - Statement - PreSaveFile = new java.io.File(((pathPrefix + java.lang.Integer.toString(counter)) + .png)): null

2018-11-22 21:46:48 - [TEST_STEP][PASSED] - Statement - counter = counter + 1: null

2018-11-22 21:46:48 - [TEST_STEP][PASSED] - Statement - PreSaveFile = new java.io.File(((pathPrefix + java.lang.Integer.toString(counter)) + .png)): null

2018-11-22 21:46:48 - [TEST_STEP][PASSED] - Statement - counter = counter + 1: null

2018-11-22 21:46:48 - [TEST_STEP][PASSED] - Statement - PreSaveFile = new java.io.File(((pathPrefix + java.lang.Integer.toString(counter)) + .png)): null

2018-11-22 21:46:48 - [TEST_STEP][PASSED] - Statement - counter = counter + 1: null

2018-11-22 21:46:48 - [TEST_STEP][PASSED] - Statement - PreSaveFile = new java.io.File(((pathPrefix + java.lang.Integer.toString(counter)) + .png)): null

2018-11-22 21:46:48 - [TEST_STEP][PASSED] - Statement - counter = counter + 1: null

2018-11-22 21:46:48 - [TEST_STEP][PASSED] - Statement - PreSaveFile = new java.io.File(((pathPrefix + java.lang.Integer.toString(counter)) + .png)): null

2018-11-22 21:46:48 - [TEST_STEP][PASSED] - Statement - counter = counter + 1: null

2018-11-22 21:46:48 - [TEST_STEP][PASSED] - Statement - PreSaveFile = new java.io.File(((pathPrefix + java.lang.Integer.toString(counter)) + .png)): null

2018-11-22 21:46:48 - [TEST_STEP][PASSED] - Statement - counter = counter + 1: null

2018-11-22 21:46:48 - [TEST_STEP][PASSED] - Statement - PreSaveFile = new java.io.File(((pathPrefix + java.lang.Integer.toString(counter)) + .png)): null

2018-11-22 21:46:48 - [TEST_STEP][PASSED] - Statement - counter = counter + 1: null

2018-11-22 21:46:48 - [TEST_STEP][PASSED] - Statement - PreSaveFile = new java.io.File(((pathPrefix + java.lang.Integer.toString(counter)) + .png)): null

2018-11-22 21:46:48 - [TEST_STEP][PASSED] - Statement - counter = counter + 1: null

2018-11-22 21:46:48 - [TEST_STEP][PASSED] - Statement - PreSaveFile = new java.io.File(((pathPrefix + java.lang.Integer.toString(counter)) + .png)): null

2018-11-22 21:46:48 - [TEST_STEP][PASSED] - Statement - counter = counter + 1: null

2018-11-22 21:46:48 - [TEST_STEP][PASSED] - Statement - PreSaveFile = new java.io.File(((pathPrefix + java.lang.Integer.toString(counter)) + .png)): null

2018-11-22 21:46:48 - [TEST_STEP][PASSED] - Statement - counter = counter + 1: null

2018-11-22 21:46:48 - [TEST_STEP][PASSED] - Statement - PreSaveFile = new java.io.File(((pathPrefix + java.lang.Integer.toString(counter)) + .png)): null

2018-11-22 21:46:48 - [TEST_STEP][PASSED] - Statement - counter = counter + 1: null

2018-11-22 21:46:48 - [TEST_STEP][PASSED] - Statement - PreSaveFile = new java.io.File(((pathPrefix + java.lang.Integer.toString(counter)) + .png)): null

2018-11-22 21:46:48 - [TEST_STEP][PASSED] - Statement - counter = counter + 1: null

2018-11-22 21:46:48 - [TEST_STEP][PASSED] - Statement - PreSaveFile = new java.io.File(((pathPrefix + java.lang.Integer.toString(counter)) + .png)): null

2018-11-22 21:46:48 - [TEST_STEP][PASSED] - Statement - counter = counter + 1: null

2018-11-22 21:46:48 - [TEST_STEP][PASSED] - Statement - PreSaveFile = new java.io.File(((pathPrefix + java.lang.Integer.toString(counter)) + .png)): null

2018-11-22 21:46:48 - [TEST_STEP][PASSED] - Statement - counter = counter + 1: null

2018-11-22 21:46:48 - [TEST_STEP][PASSED] - Statement - PreSaveFile = new java.io.File(((pathPrefix + java.lang.Integer.toString(counter)) + .png)): null

2018-11-22 21:46:48 - [TEST_STEP][PASSED] - Statement - counter = counter + 1: null

2018-11-22 21:46:48 - [TEST_STEP][PASSED] - Statement - PreSaveFile = new java.io.File(((pathPrefix + java.lang.Integer.toString(counter)) + .png)): null

2018-11-22 21:46:48 - [TEST_STEP][PASSED] - Statement - counter = counter + 1: null

2018-11-22 21:46:48 - [TEST_STEP][PASSED] - Statement - PreSaveFile = new java.io.File(((pathPrefix + java.lang.Integer.toString(counter)) + .png)): null

2018-11-22 21:46:48 - [TEST_STEP][PASSED] - Statement - counter = counter + 1: null

2018-11-22 21:46:48 - [TEST_STEP][PASSED] - Statement - PreSaveFile = new java.io.File(((pathPrefix + java.lang.Integer.toString(counter)) + .png)): null

2018-11-22 21:46:48 - [TEST_STEP][PASSED] - Statement - counter = counter + 1: null

2018-11-22 21:46:48 - [TEST_STEP][PASSED] - Statement - PreSaveFile = new java.io.File(((pathPrefix + java.lang.Integer.toString(counter)) + .png)): null

2018-11-22 21:46:48 - [TEST_STEP][PASSED] - Statement - counter = counter + 1: null

2018-11-22 21:46:48 - [TEST_STEP][PASSED] - Statement - PreSaveFile = new java.io.File(((pathPrefix + java.lang.Integer.toString(counter)) + .png)): null

2018-11-22 21:46:48 - [TEST_STEP][PASSED] - Statement - counter = counter + 1: null

2018-11-22 21:46:48 - [TEST_STEP][PASSED] - Statement - PreSaveFile = new java.io.File(((pathPrefix + java.lang.Integer.toString(counter)) + .png)): null

2018-11-22 21:46:48 - [TEST_STEP][PASSED] - Statement - counter = counter + 1: null

2018-11-22 21:46:48 - [TEST_STEP][PASSED] - Statement - PreSaveFile = new java.io.File(((pathPrefix + java.lang.Integer.toString(counter)) + .png)): null

2018-11-22 21:46:48 - [TEST_STEP][PASSED] - Statement - counter = counter + 1: null

2018-11-22 21:46:48 - [TEST_STEP][PASSED] - Statement - PreSaveFile = new java.io.File(((pathPrefix + java.lang.Integer.toString(counter)) + .png)): null

2018-11-22 21:46:48 - [TEST_STEP][PASSED] - Statement - counter = counter + 1: null

2018-11-22 21:46:48 - [TEST_STEP][PASSED] - Statement - PreSaveFile = new java.io.File(((pathPrefix + java.lang.Integer.toString(counter)) + .png)): null

2018-11-22 21:46:48 - [TEST_STEP][PASSED] - Statement - counter = counter + 1: null

2018-11-22 21:46:48 - [TEST_STEP][PASSED] - Statement - PreSaveFile = new java.io.File(((pathPrefix + java.lang.Integer.toString(counter)) + .png)): null

2018-11-22 21:46:48 - [TEST_STEP][PASSED] - Statement - counter = counter + 1: null

2018-11-22 21:46:48 - [TEST_STEP][PASSED] - Statement - PreSaveFile = new java.io.File(((pathPrefix + java.lang.Integer.toString(counter)) + .png)): null

2018-11-22 21:46:48 - [TEST_STEP][PASSED] - Statement - counter = counter + 1: null

2018-11-22 21:46:48 - [TEST_STEP][PASSED] - Statement - PreSaveFile = new java.io.File(((pathPrefix + java.lang.Integer.toString(counter)) + .png)): null

2018-11-22 21:46:48 - [TEST_STEP][PASSED] - Statement - counter = counter + 1: null

2018-11-22 21:46:48 - [TEST_STEP][PASSED] - Statement - PreSaveFile = new java.io.File(((pathPrefix + java.lang.Integer.toString(counter)) + .png)): null

2018-11-22 21:46:48 - [TEST_STEP][PASSED] - Statement - counter = counter + 1: null

2018-11-22 21:46:48 - [TEST_STEP][PASSED] - Statement - PreSaveFile = new java.io.File(((pathPrefix + java.lang.Integer.toString(counter)) + .png)): null

2018-11-22 21:46:48 - [TEST_STEP][PASSED] - Statement - counter = counter + 1: null

2018-11-22 21:46:48 - [TEST_STEP][PASSED] - Statement - PreSaveFile = new java.io.File(((pathPrefix + java.lang.Integer.toString(counter)) + .png)): null

2018-11-22 21:46:48 - [TEST_STEP][PASSED] - Statement - counter = counter + 1: null

2018-11-22 21:46:48 - [TEST_STEP][PASSED] - Statement - PreSaveFile = new java.io.File(((pathPrefix + java.lang.Integer.toString(counter)) + .png)): null

2018-11-22 21:46:48 - [TEST_STEP][PASSED] - Statement - counter = counter + 1: null

2018-11-22 21:46:48 - [TEST_STEP][PASSED] - Statement - PreSaveFile = new java.io.File(((pathPrefix + java.lang.Integer.toString(counter)) + .png)): null

2018-11-22 21:46:48 - [TEST_STEP][PASSED] - Statement - counter = counter + 1: null

2018-11-22 21:46:48 - [TEST_STEP][PASSED] - Statement - PreSaveFile = new java.io.File(((pathPrefix + java.lang.Integer.toString(counter)) + .png)): null

2018-11-22 21:46:48 - [TEST_STEP][PASSED] - Statement - counter = counter + 1: null

2018-11-22 21:46:48 - [TEST_STEP][PASSED] - Statement - PreSaveFile = new java.io.File(((pathPrefix + java.lang.Integer.toString(counter)) + .png)): null

2018-11-22 21:46:48 - [TEST_STEP][PASSED] - Statement - counter = counter + 1: null

2018-11-22 21:46:48 - [TEST_STEP][PASSED] - Statement - PreSaveFile = new java.io.File(((pathPrefix + java.lang.Integer.toString(counter)) + .png)): null

2018-11-22 21:46:48 - [TEST_STEP][PASSED] - Statement - counter = counter + 1: null

2018-11-22 21:46:48 - [TEST_STEP][PASSED] - Statement - PreSaveFile = new java.io.File(((pathPrefix + java.lang.Integer.toString(counter)) + .png)): null

2018-11-22 21:46:49 - [TEST_STEP][PASSED] - Statement - counter = counter + 1: null

2018-11-22 21:46:49 - [TEST_STEP][PASSED] - Statement - PreSaveFile = new java.io.File(((pathPrefix + java.lang.Integer.toString(counter)) + .png)): null

2018-11-22 21:46:49 - [TEST_STEP][PASSED] - Statement - counter = counter + 1: null

2018-11-22 21:46:49 - [TEST_STEP][PASSED] - Statement - PreSaveFile = new java.io.File(((pathPrefix + java.lang.Integer.toString(counter)) + .png)): null

2018-11-22 21:46:49 - [TEST_STEP][PASSED] - Statement - counter = counter + 1: null

2018-11-22 21:46:49 - [TEST_STEP][PASSED] - Statement - PreSaveFile = new java.io.File(((pathPrefix + java.lang.Integer.toString(counter)) + .png)): null

2018-11-22 21:46:49 - [TEST_STEP][PASSED] - Statement - counter = counter + 1: null

2018-11-22 21:46:49 - [TEST_STEP][PASSED] - Statement - PreSaveFile = new java.io.File(((pathPrefix + java.lang.Integer.toString(counter)) + .png)): null

2018-11-22 21:46:49 - [TEST_STEP][PASSED] - Statement - counter = counter + 1: null

2018-11-22 21:46:49 - [TEST_STEP][PASSED] - Statement - PreSaveFile = new java.io.File(((pathPrefix + java.lang.Integer.toString(counter)) + .png)): null

2018-11-22 21:46:49 - [TEST_STEP][PASSED] - Statement - counter = counter + 1: null

2018-11-22 21:46:49 - [TEST_STEP][PASSED] - Statement - PreSaveFile = new java.io.File(((pathPrefix + java.lang.Integer.toString(counter)) + .png)): null

2018-11-22 21:46:49 - [TEST_STEP][PASSED] - Statement - counter = counter + 1: null

2018-11-22 21:46:49 - [TEST_STEP][PASSED] - Statement - PreSaveFile = new java.io.File(((pathPrefix + java.lang.Integer.toString(counter)) + .png)): null

2018-11-22 21:46:49 - [TEST_STEP][PASSED] - Statement - counter = counter + 1: null

2018-11-22 21:46:49 - [TEST_STEP][PASSED] - Statement - PreSaveFile = new java.io.File(((pathPrefix + java.lang.Integer.toString(counter)) + .png)): null

2018-11-22 21:46:49 - [TEST_STEP][PASSED] - Statement - counter = counter + 1: null

2018-11-22 21:46:49 - [TEST_STEP][PASSED] - Statement - PreSaveFile = new java.io.File(((pathPrefix + java.lang.Integer.toString(counter)) + .png)): null

2018-11-22 21:46:49 - [TEST_STEP][PASSED] - Statement - counter = counter + 1: null

2018-11-22 21:46:49 - [TEST_STEP][PASSED] - Statement - PreSaveFile = new java.io.File(((pathPrefix + java.lang.Integer.toString(counter)) + .png)): null

2018-11-22 21:46:49 - [TEST_STEP][PASSED] - Statement - counter = counter + 1: null

2018-11-22 21:46:49 - [TEST_STEP][PASSED] - Statement - PreSaveFile = new java.io.File(((pathPrefix + java.lang.Integer.toString(counter)) + .png)): null

2018-11-22 21:46:49 - [TEST_STEP][PASSED] - Statement - counter = counter + 1: null

2018-11-22 21:46:49 - [TEST_STEP][PASSED] - Statement - PreSaveFile = new java.io.File(((pathPrefix + java.lang.Integer.toString(counter)) + .png)): null

2018-11-22 21:46:49 - [TEST_STEP][PASSED] - Statement - counter = counter + 1: null

2018-11-22 21:46:49 - [TEST_STEP][PASSED] - Statement - PreSaveFile = new java.io.File(((pathPrefix + java.lang.Integer.toString(counter)) + .png)): null

2018-11-22 21:46:49 - [TEST_STEP][PASSED] - Statement - counter = counter + 1: null

2018-11-22 21:46:49 - [TEST_STEP][PASSED] - Statement - PreSaveFile = new java.io.File(((pathPrefix + java.lang.Integer.toString(counter)) + .png)): null

2018-11-22 21:46:49 - [TEST_STEP][PASSED] - Statement - counter = counter + 1: null

2018-11-22 21:46:49 - [TEST_STEP][PASSED] - Statement - PreSaveFile = new java.io.File(((pathPrefix + java.lang.Integer.toString(counter)) + .png)): null

2018-11-22 21:46:49 - [TEST_STEP][PASSED] - Statement - counter = counter + 1: null

2018-11-22 21:46:49 - [TEST_STEP][PASSED] - Statement - PreSaveFile = new java.io.File(((pathPrefix + java.lang.Integer.toString(counter)) + .png)): null

2018-11-22 21:46:49 - [TEST_STEP][PASSED] - Statement - counter = counter + 1: null

2018-11-22 21:46:49 - [TEST_STEP][PASSED] - Statement - PreSaveFile = new java.io.File(((pathPrefix + java.lang.Integer.toString(counter)) + .png)): null

2018-11-22 21:46:49 - [TEST_STEP][PASSED] - Statement - counter = counter + 1: null

2018-11-22 21:46:49 - [TEST_STEP][PASSED] - Statement - PreSaveFile = new java.io.File(((pathPrefix + java.lang.Integer.toString(counter)) + .png)): null

2018-11-22 21:46:49 - [TEST_STEP][PASSED] - Statement - counter = counter + 1: null

2018-11-22 21:46:49 - [TEST_STEP][PASSED] - Statement - PreSaveFile = new java.io.File(((pathPrefix + java.lang.Integer.toString(counter)) + .png)): null

2018-11-22 21:46:49 - [TEST_STEP][PASSED] - Statement - finalPath = pathPrefix + java.lang.Integer.toString(counter) + ".png": null

2018-11-22 21:46:49 - [TEST_STEP][PASSED] - Statement - SaveFile = new java.io.File(finalPath): null

2018-11-22 21:46:49 - [TEST_STEP][PASSED] - Statement - Try: null

2018-11-22 21:46:49 - [TEST_STEP][PASSED] - Statement - org.apache.commons.io.FileUtils.copyFile(scrFile, SaveFile): null

2018-11-22 21:46:49 - [TEST_STEP][PASSED] - Statement - out.println("file kept"): null

2018-11-22 21:46:49 - [TEST_STEP][PASSED] - delay: Delayed 10 second(s)

2018-11-22 21:46:59 - [MESSAGE][PASSED] - Delayed 10 second(s)

2018-11-22 21:46:59 - [MESSAGE][PASSED] - Call Test Case 'Test Cases/Final Aug 2018 - PKS Automation/Registration Module/New Registration/Submit and Screenshot/Submit Registration and Screenshot - Copy' successfully

2018-11-22 21:46:59 - [TEST_STEP][PASSED] - Statement - UpdateAddNewECode = com.kms.katalon.core.webui.keyword.WebUiBuiltInKeywords.getText(com.kms.katalon.core.testobject.ObjectRepository.findTestObject(Object Repository/Final Object Repo/Page_Update Add New Employee - ASSIST/getEmpCode)): Text of object 'Object Repository/Final Object Repo/Page_Update Add New Employee - ASSIST/getEmpCode' is: 'E1102070351V'

2018-11-22 21:46:59 - [MESSAGE][PASSED] - Text of object 'Object Repository/Final Object Repo/Page_Update Add New Employee - ASSIST/getEmpCode' is: 'E1102070351V'

2018-11-22 21:46:59 - [TEST_STEP][PASSED] - callTestCase: Call Test Case 'Test Cases/Final Aug 2018 - PKS Automation/Common/Emp Code Setter' successfully

2018-11-22 21:46:59 - [TEST_CASE][PASSED] - Test Cases/Final Aug 2018 - PKS Automation/Common/Emp Code Setter: Test Cases/Final Aug 2018 - PKS Automation/Common/Emp Code Setter

2018-11-22 21:46:59 - [TEST_STEP][PASSED] - Statement - EmpCodeOld = new java.io.File(C://Users//Admin//Desktop//PKS//Automation Reference Point//EmpCode.txt): null

2018-11-22 21:46:59 - [TEST_STEP][PASSED] - Statement - EmpCodeOld.delete(): null

2018-11-22 21:46:59 - [TEST_STEP][PASSED] - Statement - EmpCode = new java.io.File(C://Users//Admin//Desktop//PKS//Automation Reference Point//EmpCode.txt): null

2018-11-22 21:46:59 - [TEST_STEP][PASSED] - Statement - EmpCode.append(UpdateAddNewECode): null

2018-11-22 21:46:59 - [TEST_STEP][PASSED] - Statement - out.println("


" + UpdateAddNewECode + "


"): null

2018-11-22 21:46:59 - [MESSAGE][PASSED] - Call Test Case 'Test Cases/Final Aug 2018 - PKS Automation/Common/Emp Code Setter' successfully

2018-11-22 21:46:59 - [MESSAGE][PASSED] - Call Test Case 'Test Cases/Final Aug 2018 - PKS Automation/Registration Module/Workflow/Update Add New Employee/Template/New Company for Update Add New - Employer' successfully

2018-11-22 21:46:59 - [TEST_STEP][PASSED] - callTestCase: Call Test Case 'Test Cases/Final Aug 2018 - PKS Automation/Registration Module/Log Out/log out avoiding katalon tagging' successfully

2018-11-22 21:46:59 - [TEST_CASE][PASSED] - Test Cases/Final Aug 2018 - PKS Automation/Registration Module/Log Out/log out avoiding katalon tagging: Test Cases/Final Aug 2018 - PKS Automation/Registration Module/Log Out/log out avoiding katalon tagging

2018-11-22 21:46:59 - [TEST_STEP][PASSED] - navigateToUrl: Navigate to 'https://assist2-uat.perkeso.gov.my/c/portal/logout' successfully

2018-11-22 21:47:00 - [MESSAGE][PASSED] - Navigate to 'https://assist2-uat.perkeso.gov.my/c/portal/logout' successfully

2018-11-22 21:47:00 - [MESSAGE][PASSED] - Call Test Case 'Test Cases/Final Aug 2018 - PKS Automation/Registration Module/Log Out/log out avoiding katalon tagging' successfully

2018-11-22 21:47:00 - [TEST_STEP][PASSED] - callTestCase: Call Test Case 'Test Cases/Final Aug 2018 - PKS Automation/Registration Module/New Registration/Form 2/Date Updater' successfully

2018-11-22 21:47:00 - [TEST_CASE][PASSED] - Test Cases/Final Aug 2018 - PKS Automation/Registration Module/New Registration/Form 2/Date Updater: Test Cases/Final Aug 2018 - PKS Automation/Registration Module/New Registration/Form 2/Date Updater

2018-11-22 21:47:00 - [TEST_STEP][PASSED] - Statement - TodayDate = new java.util.Date(): null

2018-11-22 21:47:00 - [TEST_STEP][PASSED] - Statement - CurrentDateNoFilter = new java.text.SimpleDateFormat(): null

2018-11-22 21:47:00 - [TEST_STEP][PASSED] - Statement - CurrentDateNoFilter.applyPattern("dd"): null

2018-11-22 21:47:00 - [TEST_STEP][PASSED] - Statement - CurrentDate = CurrentDateNoFilter.format(TodayDate): null

2018-11-22 21:47:00 - [TEST_STEP][PASSED] - Statement - CurrentDate = java.lang.Integer.parseInt(CurrentDate): null

2018-11-22 21:47:00 - [TEST_STEP][PASSED] - Statement - CurrentDate = CurrentDate: null

2018-11-22 21:47:00 - [TEST_STEP][PASSED] - Statement - CurrentDay = java.lang.Integer.parseInt(CurrentDate): null

2018-11-22 21:47:00 - [TEST_STEP][PASSED] - Statement - aDayBefore = CurrentDay + 1: null

2018-11-22 21:47:00 - [TEST_STEP][PASSED] - Statement - DayBefore = aDayBefore.toString(): null

2018-11-22 21:47:00 - [TEST_STEP][PASSED] - Statement - OneDayBefore = DayBefore: null

2018-11-22 21:47:00 - [TEST_STEP][PASSED] - Statement - CurrentDateNoFilter.applyPattern("MM"): null

2018-11-22 21:47:00 - [TEST_STEP][PASSED] - Statement - monthContainerMatcher = java.lang.Integer.parseInt(CurrentDateNoFilter.format(TodayDate)): null

2018-11-22 21:47:00 - [TEST_STEP][PASSED] - Statement - monthContainerMatcher = monthContainerMatcher - 1: null

2018-11-22 21:47:00 - [TEST_STEP][PASSED] - Statement - CurrentMonth = monthContainerMatcher.toString(): null

2018-11-22 21:47:00 - [TEST_STEP][PASSED] - Statement - CurrentMonth = CurrentMonth: null

2018-11-22 21:47:00 - [TEST_STEP][PASSED] - Statement - CurrentDateNoFilter.applyPattern("yyyy"): null

2018-11-22 21:47:00 - [TEST_STEP][PASSED] - Statement - CurrentYear = CurrentDateNoFilter.format(TodayDate): null

2018-11-22 21:47:00 - [TEST_STEP][PASSED] - Statement - CurrentYear = CurrentYear: null

2018-11-22 21:47:00 - [TEST_STEP][PASSED] - Statement - intCurrentYear = java.lang.Integer.parseInt(CurrentDateNoFilter.format(TodayDate)): null

2018-11-22 21:47:00 - [TEST_STEP][PASSED] - Statement - eighteenYrsAgo = intCurrentYear - 18: null

2018-11-22 21:47:00 - [TEST_STEP][PASSED] - Statement - eighteenYrsBeforeThisYr = eighteenYrsAgo.toString(): null

2018-11-22 21:47:00 - [TEST_STEP][PASSED] - Statement - EighteenYrsBefore = eighteenYrsBeforeThisYr: null

2018-11-22 21:47:00 - [TEST_STEP][PASSED] - Statement - fiftysevenYrsAgo = intCurrentYear - 57: null

2018-11-22 21:47:00 - [TEST_STEP][PASSED] - Statement - fiftysevenYrsBeforeThisYr = fiftysevenYrsAgo.toString(): null

2018-11-22 21:47:00 - [TEST_STEP][PASSED] - Statement - FiftysevenYrsBefore = fiftysevenYrsBeforeThisYr: null

2018-11-22 21:47:00 - [MESSAGE][PASSED] - Call Test Case 'Test Cases/Final Aug 2018 - PKS Automation/Registration Module/New Registration/Form 2/Date Updater' successfully

2018-11-22 21:47:00 - [TEST_STEP][PASSED] - delay: Delayed 2 second(s)

2018-11-22 21:47:02 - [MESSAGE][PASSED] - Delayed 2 second(s)

2018-11-22 21:47:02 - [TEST_STEP][PASSED] - callTestCase: Call Test Case 'Test Cases/Final Aug 2018 - PKS Automation/Create Employer Acc/Login to Employer Account (Second time)' successfully

2018-11-22 21:47:02 - [TEST_CASE][PASSED] - Test Cases/Final Aug 2018 - PKS Automation/Create Employer Acc/Login to Employer Account (Second time): Test Cases/Final Aug 2018 - PKS Automation/Create Employer Acc/Login to Employer Account (Second time)

2018-11-22 21:47:02 - [TEST_STEP][PASSED] - openBrowser: Browser is opened with url: ''

2018-11-22 21:47:02 - [MESSAGE][WARNING] - A browser is already opened. Closing browser and opening a new one

2018-11-22 21:47:06 - [MESSAGE][PASSED] - Browser is opened with url: ''

2018-11-22 21:47:06 - [TEST_STEP][PASSED] - navigateToUrl: Navigate to 'https://assist2-uat.perkeso.gov.my/employer/login' successfully

2018-11-22 21:47:07 - [MESSAGE][PASSED] - Navigate to 'https://assist2-uat.perkeso.gov.my/employer/login' successfully

2018-11-22 21:47:07 - [TEST_STEP][PASSED] - delay: Delayed 3 second(s)

2018-11-22 21:47:10 - [MESSAGE][PASSED] - Delayed 3 second(s)

2018-11-22 21:47:10 - [TEST_STEP][PASSED] - callTestCase: Call Test Case 'Test Cases/Final Aug 2018 - PKS Automation/Create Employer Acc/Template/Employer Email Getter' successfully

2018-11-22 21:47:10 - [TEST_CASE][PASSED] - Test Cases/Final Aug 2018 - PKS Automation/Create Employer Acc/Template/Employer Email Getter: Test Cases/Final Aug 2018 - PKS Automation/Create Employer Acc/Template/Employer Email Getter

2018-11-22 21:47:10 - [TEST_STEP][PASSED] - Statement - Try: null

2018-11-22 21:47:10 - [TEST_STEP][PASSED] - Statement - EmpEmail = new java.io.File(C://Users//Admin//Desktop//PKS//Automation Reference Point//EmpEmail.txt): null

2018-11-22 21:47:10 - [TEST_STEP][PASSED] - Statement - bufferread = new java.io.BufferedReader(new java.io.FileReader(EmpEmail)): null

2018-11-22 21:47:10 - [TEST_STEP][PASSED] - Statement - readedVal = bufferread.readLine(): null

2018-11-22 21:47:10 - [TEST_STEP][PASSED] - Statement - out.println(readedVal): null

2018-11-22 21:47:10 - [TEST_STEP][PASSED] - Statement - Email = readedVal: null

2018-11-22 21:47:10 - [MESSAGE][PASSED] - Call Test Case 'Test Cases/Final Aug 2018 - PKS Automation/Create Employer Acc/Template/Employer Email Getter' successfully

2018-11-22 21:47:10 - [TEST_STEP][PASSED] - setText: Text 'perkeso204187810612@gmail.com' is set on object 'Object Repository/Final Object Repo/Login Page/External Login Page/Email'

2018-11-22 21:47:10 - [MESSAGE][PASSED] - Text 'perkeso204187810612@gmail.com' is set on object 'Object Repository/Final Object Repo/Login Page/External Login Page/Email'

2018-11-22 21:47:10 - [TEST_STEP][PASSED] - click: Object: 'Object Repository/Final Object Repo/Login Page/External Login Page/Next' is clicked on

2018-11-22 21:47:11 - [MESSAGE][PASSED] - Object: 'Object Repository/Final Object Repo/Login Page/External Login Page/Next' is clicked on

2018-11-22 21:47:11 - [TEST_STEP][PASSED] - delay: Delayed 3 second(s)

2018-11-22 21:47:14 - [MESSAGE][PASSED] - Delayed 3 second(s)

2018-11-22 21:47:14 - [TEST_STEP][PASSED] - setEncryptedText: Text ****** has been set on object 'Object Repository/Final Object Repo/Login Page/External Login Page/Password'

2018-11-22 21:47:14 - [MESSAGE][PASSED] - Text ****** has been set on object 'Object Repository/Final Object Repo/Login Page/External Login Page/Password'

2018-11-22 21:47:14 - [TEST_STEP][PASSED] - click: Object: 'Object Repository/Final Object Repo/Login Page/External Login Page/Login' is clicked on

2018-11-22 21:47:14 - [MESSAGE][PASSED] - Object: 'Object Repository/Final Object Repo/Login Page/External Login Page/Login' is clicked on

2018-11-22 21:47:14 - [TEST_STEP][PASSED] - delay: Delayed 5 second(s)

2018-11-22 21:47:19 - [MESSAGE][PASSED] - Delayed 5 second(s)

2018-11-22 21:47:19 - [MESSAGE][PASSED] - Call Test Case 'Test Cases/Final Aug 2018 - PKS Automation/Create Employer Acc/Login to Employer Account (Second time)' successfully

2018-11-22 21:47:19 - [TEST_STEP][PASSED] - delay: Delayed 4 second(s)

2018-11-22 21:47:23 - [MESSAGE][PASSED] - Delayed 4 second(s)

2018-11-22 21:47:23 - [TEST_STEP][PASSED] - Statement - Try: Delayed 2 second(s)

2018-11-22 21:47:23 - [TEST_STEP][PASSED] - Statement - Checker = false: null

2018-11-22 21:47:23 - [TEST_STEP][PASSED] - Statement - Checker = com.kms.katalon.core.webui.keyword.WebUiBuiltInKeywords.verifyElementHasAttribute(com.kms.katalon.core.testobject.ObjectRepository.findTestObject(Final Object Repo/Landing Page/BM Detecting), "href", 20, OPTIONAL): Object 'Object Repository/Final Object Repo/Landing Page/BM Detecting' has attribute 'href'

2018-11-22 21:47:23 - [MESSAGE][PASSED] - Object 'Object Repository/Final Object Repo/Landing Page/BM Detecting' has attribute 'href'

2018-11-22 21:47:23 - [TEST_STEP][PASSED] - Statement - out.println(Checker): null

2018-11-22 21:47:23 - [TEST_STEP][PASSED] - Statement - If (Checker == false): null

2018-11-22 21:47:23 - [TEST_STEP][PASSED] - Statement - Else: null

2018-11-22 21:47:23 - [TEST_STEP][PASSED] - delay: Delayed 2 second(s)

2018-11-22 21:47:25 - [MESSAGE][PASSED] - Delayed 2 second(s)

2018-11-22 21:47:25 - [TEST_STEP][PASSED] - delay: Delayed 4 second(s)

2018-11-22 21:47:29 - [MESSAGE][PASSED] - Delayed 4 second(s)

2018-11-22 21:47:29 - [TEST_STEP][PASSED] - click: Object: 'Object Repository/Final Object Repo/Page_Update Add New Employee - ASSIST/My Sites Drop Down' is clicked on

2018-11-22 21:47:29 - [MESSAGE][PASSED] - Object: 'Object Repository/Final Object Repo/Page_Update Add New Employee - ASSIST/My Sites Drop Down' is clicked on

2018-11-22 21:47:29 - [TEST_STEP][PASSED] - click: Object: 'Object Repository/Final Object Repo/Page_Update Add New Employee - ASSIST/Select to Registration Module' is clicked on

2018-11-22 21:47:34 - [MESSAGE][PASSED] - Object: 'Object Repository/Final Object Repo/Page_Update Add New Employee - ASSIST/Select to Registration Module' is clicked on

2018-11-22 21:47:34 - [TEST_STEP][NOT_RUN] - navigateToUrl: NOT_RUN: navigateToUrl

2018-11-22 21:47:34 - [MESSAGE][NOT_RUN] - NOT_RUN: navigateToUrl

2018-11-22 21:47:34 - [TEST_STEP][PASSED] - mouseOver: Object: 'Object Repository/Final Object Repo/Page_Update Add New Employee - ASSIST/Select to Update Akta 4 Tab' is hovered

2018-11-22 21:47:34 - [MESSAGE][PASSED] - Object: 'Object Repository/Final Object Repo/Page_Update Add New Employee - ASSIST/Select to Update Akta 4 Tab' is hovered

2018-11-22 21:47:34 - [TEST_STEP][PASSED] - delay: Delayed 2 second(s)

2018-11-22 21:47:36 - [MESSAGE][PASSED] - Delayed 2 second(s)

2018-11-22 21:47:36 - [TEST_STEP][PASSED] - click: Object: 'Object Repository/Final Object Repo/Page_Update Add New Employee - ASSIST/Select to Update Add New Employee' is clicked on

2018-11-22 21:47:37 - [MESSAGE][PASSED] - Object: 'Object Repository/Final Object Repo/Page_Update Add New Employee - ASSIST/Select to Update Add New Employee' is clicked on

2018-11-22 21:47:37 - [TEST_STEP][PASSED] - delay: Delayed 2 second(s)

2018-11-22 21:47:39 - [MESSAGE][PASSED] - Delayed 2 second(s)

2018-11-22 21:47:39 - [TEST_STEP][PASSED] - setText: Text 'E1102070351V' is set on object 'Object Repository/Final Object Repo/Page_Update Add New Employee - ASSIST/Employer Code input textbox'

2018-11-22 21:47:39 - [MESSAGE][PASSED] - Text 'E1102070351V' is set on object 'Object Repository/Final Object Repo/Page_Update Add New Employee - ASSIST/Employer Code input textbox'

2018-11-22 21:47:39 - [TEST_STEP][PASSED] - delay: Delayed 2 second(s)

2018-11-22 21:47:41 - [MESSAGE][PASSED] - Delayed 2 second(s)

2018-11-22 21:47:41 - [TEST_STEP][PASSED] - click: Object: 'Object Repository/Final Object Repo/Page_Update Add New Employee - ASSIST/Search Button for Employer Code' is clicked on

2018-11-22 21:47:41 - [MESSAGE][PASSED] - Object: 'Object Repository/Final Object Repo/Page_Update Add New Employee - ASSIST/Search Button for Employer Code' is clicked on

2018-11-22 21:47:41 - [TEST_STEP][PASSED] - delay: Delayed 4 second(s)

2018-11-22 21:47:45 - [MESSAGE][PASSED] - Delayed 4 second(s)

2018-11-22 21:47:45 - [TEST_STEP][PASSED] - click: Object: 'Object Repository/Final Object Repo/Page_Update Add New Employee - ASSIST/Click to Edit Case' is clicked on

2018-11-22 21:47:47 - [MESSAGE][PASSED] - Object: 'Object Repository/Final Object Repo/Page_Update Add New Employee - ASSIST/Click to Edit Case' is clicked on

2018-11-22 21:47:47 - [TEST_STEP][PASSED] - callTestCase: Call Test Case 'Test Cases/Final Aug 2018 - PKS Automation/Registration Module/Workflow/Update Add New Employee/Template/Employee Adding/Employee Adding Action liability date change - Employer Access' successfully

2018-11-22 21:47:47 - [TEST_CASE][PASSED] - Test Cases/Final Aug 2018 - PKS Automation/Registration Module/Workflow/Update Add New Employee/Template/Employee Adding/Employee Adding Action liability date change - Employer Access: Test Cases/Final Aug 2018 - PKS Automation/Registration Module/Workflow/Update Add New Employee/Template/Employee Adding/Employee Adding Action liability date change - Employer Access

2018-11-22 21:47:47 - [TEST_STEP][PASSED] - delay: Delayed 4 second(s)

2018-11-22 21:47:51 - [MESSAGE][PASSED] - Delayed 4 second(s)

2018-11-22 21:47:51 - [TEST_STEP][PASSED] - click: Object: 'Object Repository/Final Object Repo/Page_Update Add New Employee - ASSIST/Add Employee Button' is clicked on

2018-11-22 21:47:52 - [MESSAGE][PASSED] - Object: 'Object Repository/Final Object Repo/Page_Update Add New Employee - ASSIST/Add Employee Button' is clicked on

2018-11-22 21:47:52 - [TEST_STEP][PASSED] - delay: Delayed 3 second(s)

2018-11-22 21:47:55 - [MESSAGE][PASSED] - Delayed 3 second(s)

2018-11-22 21:47:55 - [TEST_STEP][PASSED] - setText: Text '830081009219' is set on object 'Object Repository/Final Object Repo/Page_Update Add New Employee - ASSIST/NRIC Input'

2018-11-22 21:47:55 - [MESSAGE][PASSED] - Text '830081009219' is set on object 'Object Repository/Final Object Repo/Page_Update Add New Employee - ASSIST/NRIC Input'

2018-11-22 21:47:55 - [TEST_STEP][PASSED] - delay: Delayed 2 second(s)

2018-11-22 21:47:57 - [MESSAGE][PASSED] - Delayed 2 second(s)

2018-11-22 21:47:57 - [TEST_STEP][PASSED] - setText: Text 'Automate002 Employee eligible 1' is set on object 'Object Repository/Final Object Repo/Page_Update Add New Employee - ASSIST/Employee Name Input'

2018-11-22 21:47:57 - [MESSAGE][PASSED] - Text 'Automate002 Employee eligible 1' is set on object 'Object Repository/Final Object Repo/Page_Update Add New Employee - ASSIST/Employee Name Input'

2018-11-22 21:47:57 - [TEST_STEP][PASSED] - delay: Delayed 2 second(s)

2018-11-22 21:47:59 - [MESSAGE][PASSED] - Delayed 2 second(s)

2018-11-22 21:47:59 - [TEST_STEP][PASSED] - click: Object: 'Object Repository/Final Object Repo/Page_Update Add New Employee - ASSIST/DatePicker Pop Up' is clicked on

2018-11-22 21:48:00 - [MESSAGE][PASSED] - Object: 'Object Repository/Final Object Repo/Page_Update Add New Employee - ASSIST/DatePicker Pop Up' is clicked on

2018-11-22 21:48:00 - [TEST_STEP][PASSED] - click: Object: 'Object Repository/Final Object Repo/Page_Update Add New Employee - ASSIST/DOB Month' is clicked on

2018-11-22 21:48:00 - [MESSAGE][PASSED] - Object: 'Object Repository/Final Object Repo/Page_Update Add New Employee - ASSIST/DOB Month' is clicked on

2018-11-22 21:48:00 - [TEST_STEP][PASSED] - Statement - CurrentMonth = CurrentMonth: null

2018-11-22 21:48:00 - [TEST_STEP][PASSED] - Statement - selectMonth = new com.kms.katalon.core.testobject.TestObject(): null

2018-11-22 21:48:00 - [TEST_STEP][PASSED] - Statement - selectMonth.addProperty("xpath", EQUALS, "//body/div/div/div/select/option[@value='" + CurrentMonth + "']", true): null

2018-11-22 21:48:00 - [TEST_STEP][PASSED] - click: Object: '' is clicked on

2018-11-22 21:48:00 - [MESSAGE][PASSED] - Object: '' is clicked on

2018-11-22 21:48:00 - [TEST_STEP][PASSED] - click: Object: 'Object Repository/Final Object Repo/Page_Update Add New Employee - ASSIST/DOB Year' is clicked on

2018-11-22 21:48:00 - [MESSAGE][PASSED] - Object: 'Object Repository/Final Object Repo/Page_Update Add New Employee - ASSIST/DOB Year' is clicked on

2018-11-22 21:48:00 - [TEST_STEP][PASSED] - Statement - Eyearsbf = EighteenYrsBefore: null

2018-11-22 21:48:00 - [TEST_STEP][PASSED] - Statement - selectYear = new com.kms.katalon.core.testobject.TestObject(): null

2018-11-22 21:48:00 - [TEST_STEP][PASSED] - Statement - selectYear.addProperty("xpath", EQUALS, "//div/div/div/select/option[@value='" + Eyearsbf + "']", true): null

2018-11-22 21:48:00 - [TEST_STEP][PASSED] - click: Object: '' is clicked on

2018-11-22 21:48:00 - [MESSAGE][PASSED] - Object: '' is clicked on

2018-11-22 21:48:00 - [TEST_STEP][PASSED] - Statement - UpdatedSelectDate = com.kms.katalon.core.webui.keyword.WebUiBuiltInKeywords.modifyObjectProperty(com.kms.katalon.core.testobject.ObjectRepository.findTestObject(Final Object Repo/Page_Update Add New Employee - ASSIST/DOB Date), "xpath", "equals", "//body/div/table/tbody/tr/td/a[text()="" + CurrentDate + ""]", true): Modify property of object successfully

2018-11-22 21:48:00 - [MESSAGE][PASSED] - Modify property of object successfully

2018-11-22 21:48:00 - [TEST_STEP][PASSED] - delay: Delayed 3 second(s)

2018-11-22 21:48:03 - [MESSAGE][PASSED] - Delayed 3 second(s)

2018-11-22 21:48:03 - [TEST_STEP][PASSED] - click: Object: 'Object Repository/Final Object Repo/Page_Update Add New Employee - ASSIST/DOB Date' is clicked on

2018-11-22 21:48:04 - [MESSAGE][PASSED] - Object: 'Object Repository/Final Object Repo/Page_Update Add New Employee - ASSIST/DOB Date' is clicked on

2018-11-22 21:48:04 - [TEST_STEP][PASSED] - delay: Delayed 2 second(s)

2018-11-22 21:48:06 - [MESSAGE][PASSED] - Delayed 2 second(s)

2018-11-22 21:48:06 - [TEST_STEP][PASSED] - click: Object: 'Object Repository/Final Object Repo/Page_Update Add New Employee - ASSIST/EmploymentStartDate Pop Up' is clicked on

2018-11-22 21:48:06 - [MESSAGE][PASSED] - Object: 'Object Repository/Final Object Repo/Page_Update Add New Employee - ASSIST/EmploymentStartDate Pop Up' is clicked on

2018-11-22 21:48:06 - [TEST_STEP][PASSED] - delay: Delayed 2 second(s)

2018-11-22 21:48:08 - [MESSAGE][PASSED] - Delayed 2 second(s)

2018-11-22 21:48:08 - [TEST_STEP][PASSED] - click: Object: 'Object Repository/Final Object Repo/Page_Update Add New Employee - ASSIST/Socso Employment StartDate Month' is clicked on

2018-11-22 21:48:08 - [MESSAGE][PASSED] - Object: 'Object Repository/Final Object Repo/Page_Update Add New Employee - ASSIST/Socso Employment StartDate Month' is clicked on

2018-11-22 21:48:08 - [TEST_STEP][PASSED] - delay: Delayed 1 second(s)

2018-11-22 21:48:09 - [MESSAGE][PASSED] - Delayed 1 second(s)

2018-11-22 21:48:09 - [TEST_STEP][PASSED] - click: Object: 'Object Repository/Final Object Repo/Page_Update Add New Employee - ASSIST/Select Socso Employement Startdate Month' is clicked on

2018-11-22 21:48:09 - [MESSAGE][PASSED] - Object: 'Object Repository/Final Object Repo/Page_Update Add New Employee - ASSIST/Select Socso Employement Startdate Month' is clicked on

2018-11-22 21:48:09 - [TEST_STEP][PASSED] - delay: Delayed 2 second(s)

2018-11-22 21:48:11 - [MESSAGE][PASSED] - Delayed 2 second(s)

2018-11-22 21:48:11 - [TEST_STEP][PASSED] - click: Object: 'Object Repository/Final Object Repo/Page_Update Add New Employee - ASSIST/Socso Employment StartDate Year' is clicked on

2018-11-22 21:48:11 - [MESSAGE][PASSED] - Object: 'Object Repository/Final Object Repo/Page_Update Add New Employee - ASSIST/Socso Employment StartDate Year' is clicked on

2018-11-22 21:48:11 - [TEST_STEP][PASSED] - delay: Delayed 1 second(s)

2018-11-22 21:48:12 - [MESSAGE][PASSED] - Delayed 1 second(s)

2018-11-22 21:48:12 - [TEST_STEP][PASSED] - click: Object: 'Object Repository/Final Object Repo/Page_Update Add New Employee - ASSIST/Select Socso Employment Startdate Year - Emp Update Add New' is clicked on

2018-11-22 21:48:12 - [MESSAGE][PASSED] - Object: 'Object Repository/Final Object Repo/Page_Update Add New Employee - ASSIST/Select Socso Employment Startdate Year - Emp Update Add New' is clicked on

2018-11-22 21:48:12 - [TEST_STEP][PASSED] - delay: Delayed 2 second(s)

2018-11-22 21:48:14 - [MESSAGE][PASSED] - Delayed 2 second(s)

2018-11-22 21:48:14 - [TEST_STEP][PASSED] - click: Object: 'Object Repository/Final Object Repo/Page_Update Add New Employee - ASSIST/Socso Employment Start Date Day' is clicked on

2018-11-22 21:48:15 - [MESSAGE][PASSED] - Object: 'Object Repository/Final Object Repo/Page_Update Add New Employee - ASSIST/Socso Employment Start Date Day' is clicked on

2018-11-22 21:48:15 - [TEST_STEP][PASSED] - delay: Delayed 2 second(s)

2018-11-22 21:48:17 - [MESSAGE][PASSED] - Delayed 2 second(s)

2018-11-22 21:48:17 - [TEST_STEP][PASSED] - click: Object: 'Object Repository/Final Object Repo/Page_Update Add New Employee - ASSIST/Save Button for Add Employee' is clicked on

2018-11-22 21:48:17 - [MESSAGE][PASSED] - Object: 'Object Repository/Final Object Repo/Page_Update Add New Employee - ASSIST/Save Button for Add Employee' is clicked on

2018-11-22 21:48:17 - [MESSAGE][PASSED] - Call Test Case 'Test Cases/Final Aug 2018 - PKS Automation/Registration Module/Workflow/Update Add New Employee/Template/Employee Adding/Employee Adding Action liability date change - Employer Access' successfully

2018-11-22 21:48:17 - [TEST_STEP][PASSED] - delay: Delayed 4 second(s)

2018-11-22 21:48:21 - [MESSAGE][PASSED] - Delayed 4 second(s)

2018-11-22 21:48:21 - [TEST_STEP][PASSED] - Statement - CaseReferenceNo = com.kms.katalon.core.webui.keyword.WebUiBuiltInKeywords.getText(com.kms.katalon.core.testobject.ObjectRepository.findTestObject(Final Object Repo/Page_Update Add New Employee - ASSIST/RefNo)): Text of object 'Object Repository/Final Object Repo/Page_Update Add New Employee - ASSIST/RefNo' is: 'CAN11201800002160'

2018-11-22 21:48:21 - [MESSAGE][PASSED] - Text of object 'Object Repository/Final Object Repo/Page_Update Add New Employee - ASSIST/RefNo' is: 'CAN11201800002160'

2018-11-22 21:48:21 - [TEST_STEP][PASSED] - callTestCase: Call Test Case 'Test Cases/Final Aug 2018 - PKS Automation/Common/Reference Number Setter' successfully

2018-11-22 21:48:21 - [TEST_CASE][PASSED] - Test Cases/Final Aug 2018 - PKS Automation/Common/Reference Number Setter: Test Cases/Final Aug 2018 - PKS Automation/Common/Reference Number Setter

2018-11-22 21:48:21 - [TEST_STEP][PASSED] - Statement - RefNoOldFile = new java.io.File(C://Users//Admin//Desktop//PKS//Automation Reference Point//KatalonReference.txt): null

2018-11-22 21:48:21 - [TEST_STEP][PASSED] - Statement - RefNoOldFile.delete(): null

2018-11-22 21:48:21 - [TEST_STEP][PASSED] - delay: Delayed 5 second(s)

2018-11-22 21:48:26 - [MESSAGE][PASSED] - Delayed 5 second(s)

2018-11-22 21:48:26 - [TEST_STEP][PASSED] - Statement - RefNo = new java.io.File(C://Users//Admin//Desktop//PKS//Automation Reference Point//KatalonReference.txt): null

2018-11-22 21:48:26 - [TEST_STEP][PASSED] - Statement - f2 = new java.io.FileWriter(RefNo, false): null

2018-11-22 21:48:26 - [TEST_STEP][PASSED] - Statement - f2.write(CaseReferenceNo): null

2018-11-22 21:48:26 - [TEST_STEP][PASSED] - Statement - f2.close(): null

2018-11-22 21:48:26 - [TEST_STEP][PASSED] - Statement - out.println("


" + CaseReferenceNo + "


"): null

2018-11-22 21:48:26 - [MESSAGE][PASSED] - Call Test Case 'Test Cases/Final Aug 2018 - PKS Automation/Common/Reference Number Setter' successfully

2018-11-22 21:48:26 - [TEST_STEP][PASSED] - delay: Delayed 5 second(s)

2018-11-22 21:48:31 - [MESSAGE][PASSED] - Delayed 5 second(s)

2018-11-22 21:48:31 - [TEST_STEP][PASSED] - click: Object: 'Object Repository/Final Object Repo/Page_Update Add New Employee - ASSIST/Save  Continue Button' is clicked on

2018-11-22 21:48:31 - [MESSAGE][PASSED] - Object: 'Object Repository/Final Object Repo/Page_Update Add New Employee - ASSIST/Save  Continue Button' is clicked on

2018-11-22 21:48:31 - [TEST_STEP][PASSED] - delay: Delayed 4 second(s)

2018-11-22 21:48:35 - [MESSAGE][PASSED] - Delayed 4 second(s)

2018-11-22 21:48:35 - [TEST_STEP][PASSED] - callTestCase: Call Test Case 'Test Cases/Final Aug 2018 - PKS Automation/Common/Reference Number Getter' successfully

2018-11-22 21:48:35 - [TEST_CASE][PASSED] - Test Cases/Final Aug 2018 - PKS Automation/Common/Reference Number Getter: Test Cases/Final Aug 2018 - PKS Automation/Common/Reference Number Getter

2018-11-22 21:48:35 - [TEST_STEP][PASSED] - Statement - Try: null

2018-11-22 21:48:35 - [TEST_STEP][PASSED] - Statement - RefNo = new java.io.File(C://Users//Admin//Desktop//PKS//Automation Reference Point//KatalonReference.txt): null

2018-11-22 21:48:35 - [TEST_STEP][PASSED] - Statement - bufferread = new java.io.BufferedReader(new java.io.FileReader(RefNo)): null

2018-11-22 21:48:35 - [TEST_STEP][PASSED] - Statement - readedVal = bufferread.readLine(): null

2018-11-22 21:48:35 - [TEST_STEP][PASSED] - Statement - out.println(CaseReferenceNo): null

2018-11-22 21:48:35 - [TEST_STEP][PASSED] - Statement - out.println(readedVal): null

2018-11-22 21:48:35 - [TEST_STEP][PASSED] - Statement - CaseReferenceNo = "": null

2018-11-22 21:48:35 - [TEST_STEP][PASSED] - Statement - CaseReferenceNo = readedVal: null

2018-11-22 21:48:35 - [MESSAGE][PASSED] - Call Test Case 'Test Cases/Final Aug 2018 - PKS Automation/Common/Reference Number Getter' successfully

2018-11-22 21:48:35 - [TEST_STEP][PASSED] - click: Object: 'Object Repository/Final Object Repo/Page_Update Add New Employee - ASSIST/Save  Continue Third Screen' is clicked on

2018-11-22 21:48:38 - [MESSAGE][PASSED] - Object: 'Object Repository/Final Object Repo/Page_Update Add New Employee - ASSIST/Save  Continue Third Screen' is clicked on

2018-11-22 21:48:38 - [TEST_STEP][PASSED] - delay: Delayed 4 second(s)

2018-11-22 21:48:42 - [MESSAGE][PASSED] - Delayed 4 second(s)

2018-11-22 21:48:42 - [TEST_STEP][PASSED] - click: Object: 'Object Repository/Final Object Repo/Page_Update Add New Employee - ASSIST/Save   Continue Supporting Doc Page' is clicked on

2018-11-22 21:48:43 - [MESSAGE][PASSED] - Object: 'Object Repository/Final Object Repo/Page_Update Add New Employee - ASSIST/Save   Continue Supporting Doc Page' is clicked on

2018-11-22 21:48:43 - [TEST_STEP][PASSED] - delay: Delayed 4 second(s)

2018-11-22 21:48:47 - [MESSAGE][PASSED] - Delayed 4 second(s)

2018-11-22 21:48:47 - [TEST_STEP][PASSED] - click: Object: 'Object Repository/Final Object Repo/Page_Update Add New Employee - ASSIST/Submit Button' is clicked on

2018-11-22 21:48:47 - [MESSAGE][PASSED] - Object: 'Object Repository/Final Object Repo/Page_Update Add New Employee - ASSIST/Submit Button' is clicked on

2018-11-22 21:48:47 - [TEST_STEP][PASSED] - delay: Delayed 4 second(s)

2018-11-22 21:48:51 - [MESSAGE][PASSED] - Delayed 4 second(s)

2018-11-22 21:48:51 - [TEST_STEP][PASSED] - click: Object: 'Object Repository/Final Object Repo/Page_Update Add New Employee - ASSIST/Confirm Submit Button' is clicked on

2018-11-22 21:48:51 - [MESSAGE][PASSED] - Object: 'Object Repository/Final Object Repo/Page_Update Add New Employee - ASSIST/Confirm Submit Button' is clicked on

2018-11-22 21:48:51 - [TEST_STEP][PASSED] - delay: Delayed 20 second(s)

2018-11-22 21:49:11 - [MESSAGE][PASSED] - Delayed 20 second(s)

2018-11-22 21:49:11 - [TEST_STEP][PASSED] - callTestCase: Call Test Case 'Test Cases/Final Aug 2018 - PKS Automation/Common/Screenshoting tool' successfully

2018-11-22 21:49:11 - [TEST_CASE][PASSED] - Test Cases/Final Aug 2018 - PKS Automation/Common/Screenshoting tool: Test Cases/Final Aug 2018 - PKS Automation/Common/Screenshoting tool

2018-11-22 21:49:11 - [TEST_STEP][PASSED] - delay: Delayed 15 second(s)

2018-11-22 21:49:26 - [MESSAGE][PASSED] - Delayed 15 second(s)

2018-11-22 21:49:26 - [TEST_STEP][PASSED] - Statement - driver = com.kms.katalon.core.webui.driver.DriverFactory.getWebDriver(): null

2018-11-22 21:49:26 - [TEST_STEP][PASSED] - Statement - driver.manage().timeouts().implicitlyWait(10, SECONDS): null

2018-11-22 21:49:26 - [TEST_STEP][PASSED] - Statement - PresavePath = KatalonScreenshots: null

2018-11-22 21:49:26 - [TEST_STEP][PASSED] - Statement - pathPrefix = "C:\Users\Public\Pictures\Sample Pictures\Katalon Screenshots\Automate Ending Screen": null

2018-11-22 21:49:26 - [TEST_STEP][PASSED] - Statement - finalPath = <not implemented yet for class: org.codehaus.groovy.ast.expr.EmptyExpression>: null

2018-11-22 21:49:26 - [TEST_STEP][PASSED] - Statement - scrFile = driver.getScreenshotAs(FILE): null

2018-11-22 21:49:26 - [TEST_STEP][PASSED] - Statement - PreSaveFile = new java.io.File(PresavePath): null

2018-11-22 21:49:26 - [TEST_STEP][PASSED] - Statement - counter = 0: null

2018-11-22 21:49:26 - [TEST_STEP][PASSED] - Statement - If (PreSaveFile.exists()): null

2018-11-22 21:49:26 - [TEST_STEP][PASSED] - Statement - While (PreSaveFile.exists()): null

2018-11-22 21:49:26 - [TEST_STEP][PASSED] - Statement - counter = counter + 1: null

2018-11-22 21:49:26 - [TEST_STEP][PASSED] - Statement - PreSaveFile = new java.io.File(((pathPrefix + java.lang.Integer.toString(counter)) + .png)): null

2018-11-22 21:49:26 - [TEST_STEP][PASSED] - Statement - counter = counter + 1: null

2018-11-22 21:49:26 - [TEST_STEP][PASSED] - Statement - PreSaveFile = new java.io.File(((pathPrefix + java.lang.Integer.toString(counter)) + .png)): null

2018-11-22 21:49:26 - [TEST_STEP][PASSED] - Statement - counter = counter + 1: null

2018-11-22 21:49:26 - [TEST_STEP][PASSED] - Statement - PreSaveFile = new java.io.File(((pathPrefix + java.lang.Integer.toString(counter)) + .png)): null

2018-11-22 21:49:26 - [TEST_STEP][PASSED] - Statement - counter = counter + 1: null

2018-11-22 21:49:26 - [TEST_STEP][PASSED] - Statement - PreSaveFile = new java.io.File(((pathPrefix + java.lang.Integer.toString(counter)) + .png)): null

2018-11-22 21:49:26 - [TEST_STEP][PASSED] - Statement - counter = counter + 1: null

2018-11-22 21:49:26 - [TEST_STEP][PASSED] - Statement - PreSaveFile = new java.io.File(((pathPrefix + java.lang.Integer.toString(counter)) + .png)): null

2018-11-22 21:49:26 - [TEST_STEP][PASSED] - Statement - counter = counter + 1: null

2018-11-22 21:49:26 - [TEST_STEP][PASSED] - Statement - PreSaveFile = new java.io.File(((pathPrefix + java.lang.Integer.toString(counter)) + .png)): null

2018-11-22 21:49:26 - [TEST_STEP][PASSED] - Statement - counter = counter + 1: null

2018-11-22 21:49:26 - [TEST_STEP][PASSED] - Statement - PreSaveFile = new java.io.File(((pathPrefix + java.lang.Integer.toString(counter)) + .png)): null

2018-11-22 21:49:26 - [TEST_STEP][PASSED] - Statement - counter = counter + 1: null

2018-11-22 21:49:26 - [TEST_STEP][PASSED] - Statement - PreSaveFile = new java.io.File(((pathPrefix + java.lang.Integer.toString(counter)) + .png)): null

2018-11-22 21:49:26 - [TEST_STEP][PASSED] - Statement - counter = counter + 1: null

2018-11-22 21:49:26 - [TEST_STEP][PASSED] - Statement - PreSaveFile = new java.io.File(((pathPrefix + java.lang.Integer.toString(counter)) + .png)): null

2018-11-22 21:49:26 - [TEST_STEP][PASSED] - Statement - counter = counter + 1: null

2018-11-22 21:49:26 - [TEST_STEP][PASSED] - Statement - PreSaveFile = new java.io.File(((pathPrefix + java.lang.Integer.toString(counter)) + .png)): null

2018-11-22 21:49:26 - [TEST_STEP][PASSED] - Statement - counter = counter + 1: null

2018-11-22 21:49:26 - [TEST_STEP][PASSED] - Statement - PreSaveFile = new java.io.File(((pathPrefix + java.lang.Integer.toString(counter)) + .png)): null

2018-11-22 21:49:26 - [TEST_STEP][PASSED] - Statement - counter = counter + 1: null

2018-11-22 21:49:26 - [TEST_STEP][PASSED] - Statement - PreSaveFile = new java.io.File(((pathPrefix + java.lang.Integer.toString(counter)) + .png)): null

2018-11-22 21:49:26 - [TEST_STEP][PASSED] - Statement - counter = counter + 1: null

2018-11-22 21:49:26 - [TEST_STEP][PASSED] - Statement - PreSaveFile = new java.io.File(((pathPrefix + java.lang.Integer.toString(counter)) + .png)): null

2018-11-22 21:49:26 - [TEST_STEP][PASSED] - Statement - counter = counter + 1: null

2018-11-22 21:49:26 - [TEST_STEP][PASSED] - Statement - PreSaveFile = new java.io.File(((pathPrefix + java.lang.Integer.toString(counter)) + .png)): null

2018-11-22 21:49:26 - [TEST_STEP][PASSED] - Statement - counter = counter + 1: null

2018-11-22 21:49:26 - [TEST_STEP][PASSED] - Statement - PreSaveFile = new java.io.File(((pathPrefix + java.lang.Integer.toString(counter)) + .png)): null

2018-11-22 21:49:26 - [TEST_STEP][PASSED] - Statement - counter = counter + 1: null

2018-11-22 21:49:26 - [TEST_STEP][PASSED] - Statement - PreSaveFile = new java.io.File(((pathPrefix + java.lang.Integer.toString(counter)) + .png)): null

2018-11-22 21:49:26 - [TEST_STEP][PASSED] - Statement - counter = counter + 1: null

2018-11-22 21:49:26 - [TEST_STEP][PASSED] - Statement - PreSaveFile = new java.io.File(((pathPrefix + java.lang.Integer.toString(counter)) + .png)): null

2018-11-22 21:49:26 - [TEST_STEP][PASSED] - Statement - counter = counter + 1: null

2018-11-22 21:49:26 - [TEST_STEP][PASSED] - Statement - PreSaveFile = new java.io.File(((pathPrefix + java.lang.Integer.toString(counter)) + .png)): null

2018-11-22 21:49:26 - [TEST_STEP][PASSED] - Statement - counter = counter + 1: null

2018-11-22 21:49:26 - [TEST_STEP][PASSED] - Statement - PreSaveFile = new java.io.File(((pathPrefix + java.lang.Integer.toString(counter)) + .png)): null

2018-11-22 21:49:26 - [TEST_STEP][PASSED] - Statement - counter = counter + 1: null

2018-11-22 21:49:26 - [TEST_STEP][PASSED] - Statement - PreSaveFile = new java.io.File(((pathPrefix + java.lang.Integer.toString(counter)) + .png)): null

2018-11-22 21:49:26 - [TEST_STEP][PASSED] - Statement - counter = counter + 1: null

2018-11-22 21:49:26 - [TEST_STEP][PASSED] - Statement - PreSaveFile = new java.io.File(((pathPrefix + java.lang.Integer.toString(counter)) + .png)): null

2018-11-22 21:49:26 - [TEST_STEP][PASSED] - Statement - counter = counter + 1: null

2018-11-22 21:49:26 - [TEST_STEP][PASSED] - Statement - PreSaveFile = new java.io.File(((pathPrefix + java.lang.Integer.toString(counter)) + .png)): null

2018-11-22 21:49:26 - [TEST_STEP][PASSED] - Statement - counter = counter + 1: null

2018-11-22 21:49:26 - [TEST_STEP][PASSED] - Statement - PreSaveFile = new java.io.File(((pathPrefix + java.lang.Integer.toString(counter)) + .png)): null

2018-11-22 21:49:26 - [TEST_STEP][PASSED] - Statement - counter = counter + 1: null

2018-11-22 21:49:26 - [TEST_STEP][PASSED] - Statement - PreSaveFile = new java.io.File(((pathPrefix + java.lang.Integer.toString(counter)) + .png)): null

2018-11-22 21:49:26 - [TEST_STEP][PASSED] - Statement - counter = counter + 1: null

2018-11-22 21:49:26 - [TEST_STEP][PASSED] - Statement - PreSaveFile = new java.io.File(((pathPrefix + java.lang.Integer.toString(counter)) + .png)): null

2018-11-22 21:49:26 - [TEST_STEP][PASSED] - Statement - counter = counter + 1: null

2018-11-22 21:49:26 - [TEST_STEP][PASSED] - Statement - PreSaveFile = new java.io.File(((pathPrefix + java.lang.Integer.toString(counter)) + .png)): null

2018-11-22 21:49:26 - [TEST_STEP][PASSED] - Statement - counter = counter + 1: null

2018-11-22 21:49:26 - [TEST_STEP][PASSED] - Statement - PreSaveFile = new java.io.File(((pathPrefix + java.lang.Integer.toString(counter)) + .png)): null

2018-11-22 21:49:26 - [TEST_STEP][PASSED] - Statement - counter = counter + 1: null

2018-11-22 21:49:26 - [TEST_STEP][PASSED] - Statement - PreSaveFile = new java.io.File(((pathPrefix + java.lang.Integer.toString(counter)) + .png)): null

2018-11-22 21:49:26 - [TEST_STEP][PASSED] - Statement - counter = counter + 1: null

2018-11-22 21:49:26 - [TEST_STEP][PASSED] - Statement - PreSaveFile = new java.io.File(((pathPrefix + java.lang.Integer.toString(counter)) + .png)): null

2018-11-22 21:49:26 - [TEST_STEP][PASSED] - Statement - counter = counter + 1: null

2018-11-22 21:49:26 - [TEST_STEP][PASSED] - Statement - PreSaveFile = new java.io.File(((pathPrefix + java.lang.Integer.toString(counter)) + .png)): null

2018-11-22 21:49:26 - [TEST_STEP][PASSED] - Statement - counter = counter + 1: null

2018-11-22 21:49:26 - [TEST_STEP][PASSED] - Statement - PreSaveFile = new java.io.File(((pathPrefix + java.lang.Integer.toString(counter)) + .png)): null

2018-11-22 21:49:26 - [TEST_STEP][PASSED] - Statement - counter = counter + 1: null

2018-11-22 21:49:26 - [TEST_STEP][PASSED] - Statement - PreSaveFile = new java.io.File(((pathPrefix + java.lang.Integer.toString(counter)) + .png)): null

2018-11-22 21:49:26 - [TEST_STEP][PASSED] - Statement - counter = counter + 1: null

2018-11-22 21:49:26 - [TEST_STEP][PASSED] - Statement - PreSaveFile = new java.io.File(((pathPrefix + java.lang.Integer.toString(counter)) + .png)): null

2018-11-22 21:49:26 - [TEST_STEP][PASSED] - Statement - counter = counter + 1: null

2018-11-22 21:49:26 - [TEST_STEP][PASSED] - Statement - PreSaveFile = new java.io.File(((pathPrefix + java.lang.Integer.toString(counter)) + .png)): null

2018-11-22 21:49:26 - [TEST_STEP][PASSED] - Statement - counter = counter + 1: null

2018-11-22 21:49:26 - [TEST_STEP][PASSED] - Statement - PreSaveFile = new java.io.File(((pathPrefix + java.lang.Integer.toString(counter)) + .png)): null

2018-11-22 21:49:26 - [TEST_STEP][PASSED] - Statement - counter = counter + 1: null

2018-11-22 21:49:26 - [TEST_STEP][PASSED] - Statement - PreSaveFile = new java.io.File(((pathPrefix + java.lang.Integer.toString(counter)) + .png)): null

2018-11-22 21:49:26 - [TEST_STEP][PASSED] - Statement - counter = counter + 1: null

2018-11-22 21:49:26 - [TEST_STEP][PASSED] - Statement - PreSaveFile = new java.io.File(((pathPrefix + java.lang.Integer.toString(counter)) + .png)): null

2018-11-22 21:49:26 - [TEST_STEP][PASSED] - Statement - counter = counter + 1: null

2018-11-22 21:49:26 - [TEST_STEP][PASSED] - Statement - PreSaveFile = new java.io.File(((pathPrefix + java.lang.Integer.toString(counter)) + .png)): null

2018-11-22 21:49:26 - [TEST_STEP][PASSED] - Statement - counter = counter + 1: null

2018-11-22 21:49:26 - [TEST_STEP][PASSED] - Statement - PreSaveFile = new java.io.File(((pathPrefix + java.lang.Integer.toString(counter)) + .png)): null

2018-11-22 21:49:26 - [TEST_STEP][PASSED] - Statement - counter = counter + 1: null

2018-11-22 21:49:26 - [TEST_STEP][PASSED] - Statement - PreSaveFile = new java.io.File(((pathPrefix + java.lang.Integer.toString(counter)) + .png)): null

2018-11-22 21:49:26 - [TEST_STEP][PASSED] - Statement - counter = counter + 1: null

2018-11-22 21:49:26 - [TEST_STEP][PASSED] - Statement - PreSaveFile = new java.io.File(((pathPrefix + java.lang.Integer.toString(counter)) + .png)): null

2018-11-22 21:49:26 - [TEST_STEP][PASSED] - Statement - counter = counter + 1: null

2018-11-22 21:49:26 - [TEST_STEP][PASSED] - Statement - PreSaveFile = new java.io.File(((pathPrefix + java.lang.Integer.toString(counter)) + .png)): null

2018-11-22 21:49:26 - [TEST_STEP][PASSED] - Statement - counter = counter + 1: null

2018-11-22 21:49:26 - [TEST_STEP][PASSED] - Statement - PreSaveFile = new java.io.File(((pathPrefix + java.lang.Integer.toString(counter)) + .png)): null

2018-11-22 21:49:26 - [TEST_STEP][PASSED] - Statement - counter = counter + 1: null

2018-11-22 21:49:26 - [TEST_STEP][PASSED] - Statement - PreSaveFile = new java.io.File(((pathPrefix + java.lang.Integer.toString(counter)) + .png)): null

2018-11-22 21:49:26 - [TEST_STEP][PASSED] - Statement - counter = counter + 1: null

2018-11-22 21:49:26 - [TEST_STEP][PASSED] - Statement - PreSaveFile = new java.io.File(((pathPrefix + java.lang.Integer.toString(counter)) + .png)): null

2018-11-22 21:49:26 - [TEST_STEP][PASSED] - Statement - counter = counter + 1: null

2018-11-22 21:49:26 - [TEST_STEP][PASSED] - Statement - PreSaveFile = new java.io.File(((pathPrefix + java.lang.Integer.toString(counter)) + .png)): null

2018-11-22 21:49:26 - [TEST_STEP][PASSED] - Statement - counter = counter + 1: null

2018-11-22 21:49:26 - [TEST_STEP][PASSED] - Statement - PreSaveFile = new java.io.File(((pathPrefix + java.lang.Integer.toString(counter)) + .png)): null

2018-11-22 21:49:26 - [TEST_STEP][PASSED] - Statement - counter = counter + 1: null

2018-11-22 21:49:26 - [TEST_STEP][PASSED] - Statement - PreSaveFile = new java.io.File(((pathPrefix + java.lang.Integer.toString(counter)) + .png)): null

2018-11-22 21:49:26 - [TEST_STEP][PASSED] - Statement - counter = counter + 1: null

2018-11-22 21:49:26 - [TEST_STEP][PASSED] - Statement - PreSaveFile = new java.io.File(((pathPrefix + java.lang.Integer.toString(counter)) + .png)): null

2018-11-22 21:49:26 - [TEST_STEP][PASSED] - Statement - counter = counter + 1: null

2018-11-22 21:49:26 - [TEST_STEP][PASSED] - Statement - PreSaveFile = new java.io.File(((pathPrefix + java.lang.Integer.toString(counter)) + .png)): null

2018-11-22 21:49:26 - [TEST_STEP][PASSED] - Statement - counter = counter + 1: null

2018-11-22 21:49:26 - [TEST_STEP][PASSED] - Statement - PreSaveFile = new java.io.File(((pathPrefix + java.lang.Integer.toString(counter)) + .png)): null

2018-11-22 21:49:26 - [TEST_STEP][PASSED] - Statement - counter = counter + 1: null

2018-11-22 21:49:26 - [TEST_STEP][PASSED] - Statement - PreSaveFile = new java.io.File(((pathPrefix + java.lang.Integer.toString(counter)) + .png)): null

2018-11-22 21:49:26 - [TEST_STEP][PASSED] - Statement - counter = counter + 1: null

2018-11-22 21:49:26 - [TEST_STEP][PASSED] - Statement - PreSaveFile = new java.io.File(((pathPrefix + java.lang.Integer.toString(counter)) + .png)): null

2018-11-22 21:49:26 - [TEST_STEP][PASSED] - Statement - counter = counter + 1: null

2018-11-22 21:49:26 - [TEST_STEP][PASSED] - Statement - PreSaveFile = new java.io.File(((pathPrefix + java.lang.Integer.toString(counter)) + .png)): null

2018-11-22 21:49:26 - [TEST_STEP][PASSED] - Statement - counter = counter + 1: null

2018-11-22 21:49:26 - [TEST_STEP][PASSED] - Statement - PreSaveFile = new java.io.File(((pathPrefix + java.lang.Integer.toString(counter)) + .png)): null

2018-11-22 21:49:26 - [TEST_STEP][PASSED] - Statement - counter = counter + 1: null

2018-11-22 21:49:26 - [TEST_STEP][PASSED] - Statement - PreSaveFile = new java.io.File(((pathPrefix + java.lang.Integer.toString(counter)) + .png)): null

2018-11-22 21:49:26 - [TEST_STEP][PASSED] - Statement - counter = counter + 1: null

2018-11-22 21:49:26 - [TEST_STEP][PASSED] - Statement - PreSaveFile = new java.io.File(((pathPrefix + java.lang.Integer.toString(counter)) + .png)): null

2018-11-22 21:49:26 - [TEST_STEP][PASSED] - Statement - counter = counter + 1: null

2018-11-22 21:49:26 - [TEST_STEP][PASSED] - Statement - PreSaveFile = new java.io.File(((pathPrefix + java.lang.Integer.toString(counter)) + .png)): null

2018-11-22 21:49:26 - [TEST_STEP][PASSED] - Statement - counter = counter + 1: null

2018-11-22 21:49:26 - [TEST_STEP][PASSED] - Statement - PreSaveFile = new java.io.File(((pathPrefix + java.lang.Integer.toString(counter)) + .png)): null

2018-11-22 21:49:26 - [TEST_STEP][PASSED] - Statement - counter = counter + 1: null

2018-11-22 21:49:26 - [TEST_STEP][PASSED] - Statement - PreSaveFile = new java.io.File(((pathPrefix + java.lang.Integer.toString(counter)) + .png)): null

2018-11-22 21:49:26 - [TEST_STEP][PASSED] - Statement - counter = counter + 1: null

2018-11-22 21:49:26 - [TEST_STEP][PASSED] - Statement - PreSaveFile = new java.io.File(((pathPrefix + java.lang.Integer.toString(counter)) + .png)): null

2018-11-22 21:49:26 - [TEST_STEP][PASSED] - Statement - counter = counter + 1: null

2018-11-22 21:49:26 - [TEST_STEP][PASSED] - Statement - PreSaveFile = new java.io.File(((pathPrefix + java.lang.Integer.toString(counter)) + .png)): null

2018-11-22 21:49:26 - [TEST_STEP][PASSED] - Statement - counter = counter + 1: null

2018-11-22 21:49:26 - [TEST_STEP][PASSED] - Statement - PreSaveFile = new java.io.File(((pathPrefix + java.lang.Integer.toString(counter)) + .png)): null

2018-11-22 21:49:26 - [TEST_STEP][PASSED] - Statement - counter = counter + 1: null

2018-11-22 21:49:26 - [TEST_STEP][PASSED] - Statement - PreSaveFile = new java.io.File(((pathPrefix + java.lang.Integer.toString(counter)) + .png)): null

2018-11-22 21:49:26 - [TEST_STEP][PASSED] - Statement - finalPath = pathPrefix + java.lang.Integer.toString(counter) + ".png": null

2018-11-22 21:49:26 - [TEST_STEP][PASSED] - Statement - SaveFile = new java.io.File(finalPath): null

2018-11-22 21:49:26 - [TEST_STEP][PASSED] - Statement - Try: null

2018-11-22 21:49:26 - [TEST_STEP][PASSED] - Statement - org.apache.commons.io.FileUtils.copyFile(scrFile, SaveFile): null

2018-11-22 21:49:26 - [TEST_STEP][PASSED] - Statement - out.println("file kept"): null

2018-11-22 21:49:26 - [TEST_STEP][PASSED] - delay: Delayed 10 second(s)

2018-11-22 21:49:36 - [MESSAGE][PASSED] - Delayed 10 second(s)

2018-11-22 21:49:36 - [MESSAGE][PASSED] - Call Test Case 'Test Cases/Final Aug 2018 - PKS Automation/Common/Screenshoting tool' successfully

2018-11-22 21:49:36 - [TEST_STEP][PASSED] - callTestCase: Call Test Case 'Test Cases/Final Aug 2018 - PKS Automation/Registration Module/Log Out/log out avoiding katalon tagging' successfully

2018-11-22 21:49:36 - [TEST_CASE][PASSED] - Test Cases/Final Aug 2018 - PKS Automation/Registration Module/Log Out/log out avoiding katalon tagging: Test Cases/Final Aug 2018 - PKS Automation/Registration Module/Log Out/log out avoiding katalon tagging

2018-11-22 21:49:37 - [TEST_STEP][PASSED] - navigateToUrl: Navigate to 'https://assist2-uat.perkeso.gov.my/c/portal/logout' successfully

2018-11-22 21:49:37 - [MESSAGE][PASSED] - Navigate to 'https://assist2-uat.perkeso.gov.my/c/portal/logout' successfully

2018-11-22 21:49:37 - [MESSAGE][PASSED] - Call Test Case 'Test Cases/Final Aug 2018 - PKS Automation/Registration Module/Log Out/log out avoiding katalon tagging' successfully

2018-11-22 21:49:37 - [TEST_STEP][FAILED] - callTestCase: Unable to call Test Case with id 'Test Cases/Final Aug 2018 - PKS Automation/Common/Workflow Owner Finder' (Root cause: Call Test Case 'Test Cases/Final Aug 2018 - PKS Automation/Common/Workflow Owner Finder' failed)

2018-11-22 21:49:38 - [TEST_CASE][FAILED] - Test Cases/Final Aug 2018 - PKS Automation/Common/Workflow Owner Finder: Test Cases/Final Aug 2018 - PKS Automation/Common/Workflow Owner Finder FAILED because (of) (Stack trace: com.kms.katalon.core.exception.StepFailedException: Unable to click on object 'Object Repository/Final Object Repo/Landing Page/Select to English' (Root cause: com.kms.katalon.core.webui.exception.WebElementNotFoundException: Web element with id: 'Object Repository/Final Object Repo/Landing Page/Select to English' located by 'By.xpath: //a[@class = 'taglib-language-list-text' and @lang = 'en-US' and (contains(text(), 'EN') or contains(., 'EN'))]' not found)
	at com.kms.katalon.core.keyword.internal.KeywordMain.stepFailed(KeywordMain.groovy:32)
	at com.kms.katalon.core.webui.keyword.internal.WebUIKeywordMain.stepFailed(WebUIKeywordMain.groovy:65)
	at com.kms.katalon.core.webui.keyword.internal.WebUIKeywordMain.runKeyword(WebUIKeywordMain.groovy:27)
	at com.kms.katalon.core.webui.keyword.builtin.ClickKeyword.click(ClickKeyword.groovy:86)
	at com.kms.katalon.core.webui.keyword.builtin.ClickKeyword.execute(ClickKeyword.groovy:67)
	at com.kms.katalon.core.keyword.internal.KeywordExecutor.executeKeywordForPlatform(KeywordExecutor.groovy:53)
	at com.kms.katalon.core.webui.keyword.WebUiBuiltInKeywords.click(WebUiBuiltInKeywords.groovy:604)
	at com.kms.katalon.core.webui.keyword.WebUiBuiltInKeywords$click$6.call(Unknown Source)
	at Script1534407542420.run(Script1534407542420.groovy:57)
	at com.kms.katalon.core.main.ScriptEngine.run(ScriptEngine.java:183)
	at com.kms.katalon.core.main.ScriptEngine.runScriptAsRawText(ScriptEngine.java:108)
	at com.kms.katalon.core.main.TestCaseExecutor.runScript(TestCaseExecutor.java:294)
	at com.kms.katalon.core.main.TestCaseExecutor.doExecute(TestCaseExecutor.java:285)
	at com.kms.katalon.core.main.TestCaseExecutor.processExecutionPhase(TestCaseExecutor.java:264)
	at com.kms.katalon.core.main.TestCaseExecutor.accessMainPhase(TestCaseExecutor.java:256)
	at com.kms.katalon.core.main.TestCaseExecutor.execute(TestCaseExecutor.java:200)
	at com.kms.katalon.core.main.TestCaseMain.runTestCase(TestCaseMain.java:99)
	at com.kms.katalon.core.keyword.builtin.CallTestCaseKeyword$_callTestCase_closure1.doCall(CallTestCaseKeyword.groovy:60)
	at com.kms.katalon.core.keyword.builtin.CallTestCaseKeyword$_callTestCase_closure1.call(CallTestCaseKeyword.groovy)
	at com.kms.katalon.core.keyword.internal.KeywordMain.runKeyword(KeywordMain.groovy:54)
	at com.kms.katalon.core.keyword.builtin.CallTestCaseKeyword.callTestCase(CallTestCaseKeyword.groovy:81)
	at com.kms.katalon.core.keyword.builtin.CallTestCaseKeyword.execute(CallTestCaseKeyword.groovy:45)
	at com.kms.katalon.core.keyword.internal.KeywordExecutor.executeKeywordForPlatform(KeywordExecutor.groovy:53)
	at com.kms.katalon.core.keyword.BuiltinKeywords.callTestCase(BuiltinKeywords.groovy:334)
	at sun.reflect.GeneratedMethodAccessor13.invoke(Unknown Source)
	at sun.reflect.DelegatingMethodAccessorImpl.invoke(DelegatingMethodAccessorImpl.java:43)
	at java.lang.reflect.Method.invoke(Method.java:498)
	at org.codehaus.groovy.reflection.CachedMethod.invoke(CachedMethod.java:93)
	at groovy.lang.MetaMethod.doMethodInvoke(MetaMethod.java:325)
	at groovy.lang.MetaClassImpl.invokeStaticMethod(MetaClassImpl.java:1469)
	at org.codehaus.groovy.runtime.callsite.StaticMetaClassSite.call(StaticMetaClassSite.java:53)
	at org.codehaus.groovy.runtime.callsite.CallSiteArray.defaultCall(CallSiteArray.java:48)
	at org.codehaus.groovy.runtime.callsite.AbstractCallSite.call(AbstractCallSite.java:113)
	at org.codehaus.groovy.runtime.callsite.AbstractCallSite.call(AbstractCallSite.java:141)
	at Script1537330388665.run(Script1537330388665.groovy:115)
	at com.kms.katalon.core.main.ScriptEngine.run(ScriptEngine.java:183)
	at com.kms.katalon.core.main.ScriptEngine.runScriptAsRawText(ScriptEngine.java:108)
	at com.kms.katalon.core.main.TestCaseExecutor.runScript(TestCaseExecutor.java:294)
	at com.kms.katalon.core.main.TestCaseExecutor.doExecute(TestCaseExecutor.java:285)
	at com.kms.katalon.core.main.TestCaseExecutor.processExecutionPhase(TestCaseExecutor.java:264)
	at com.kms.katalon.core.main.TestCaseExecutor.accessMainPhase(TestCaseExecutor.java:256)
	at com.kms.katalon.core.main.TestCaseExecutor.execute(TestCaseExecutor.java:200)
	at com.kms.katalon.core.main.TestSuiteExecutor.accessTestCaseMainPhase(TestSuiteExecutor.java:129)
	at com.kms.katalon.core.main.TestSuiteExecutor.accessTestSuiteMainPhase(TestSuiteExecutor.java:112)
	at com.kms.katalon.core.main.TestSuiteExecutor.execute(TestSuiteExecutor.java:81)
	at com.kms.katalon.core.main.TestCaseMain.startTestSuite(TestCaseMain.java:142)
	at com.kms.katalon.core.main.TestCaseMain$startTestSuite$0.call(Unknown Source)
	at org.codehaus.groovy.runtime.callsite.CallSiteArray.defaultCall(CallSiteArray.java:48)
	at org.codehaus.groovy.runtime.callsite.AbstractCallSite.call(AbstractCallSite.java:113)
	at org.codehaus.groovy.runtime.callsite.AbstractCallSite.call(AbstractCallSite.java:141)
	at TempTestSuite1542874456666.run(TempTestSuite1542874456666.groovy:36)
	at groovy.lang.GroovyShell.runScriptOrMainOrTestOrRunnable(GroovyShell.java:263)
	at groovy.lang.GroovyShell.run(GroovyShell.java:518)
	at groovy.lang.GroovyShell.run(GroovyShell.java:507)
	at groovy.ui.GroovyMain.processOnce(GroovyMain.java:653)
	at groovy.ui.GroovyMain.run(GroovyMain.java:384)
	at groovy.ui.GroovyMain.process(GroovyMain.java:370)
	at groovy.ui.GroovyMain.processArgs(GroovyMain.java:129)
	at groovy.ui.GroovyMain.main(GroovyMain.java:109)
	at sun.reflect.NativeMethodAccessorImpl.invoke0(Native Method)
	at sun.reflect.NativeMethodAccessorImpl.invoke(NativeMethodAccessorImpl.java:62)
	at sun.reflect.DelegatingMethodAccessorImpl.invoke(DelegatingMethodAccessorImpl.java:43)
	at java.lang.reflect.Method.invoke(Method.java:498)
	at org.codehaus.groovy.tools.GroovyStarter.rootLoader(GroovyStarter.java:109)
	at org.codehaus.groovy.tools.GroovyStarter.main(GroovyStarter.java:131)
)

2018-11-22 21:49:38 - [TEST_STEP][PASSED] - openBrowser: Browser is opened with url: ''

2018-11-22 21:49:38 - [MESSAGE][WARNING] - A browser is already opened. Closing browser and opening a new one

2018-11-22 21:49:41 - [MESSAGE][PASSED] - Browser is opened with url: ''

2018-11-22 21:49:41 - [TEST_STEP][PASSED] - navigateToUrl: Navigate to 'https://assist2-uat.perkeso.gov.my/login' successfully

2018-11-22 21:49:42 - [MESSAGE][PASSED] - Navigate to 'https://assist2-uat.perkeso.gov.my/login' successfully

2018-11-22 21:49:42 - [TEST_STEP][PASSED] - delay: Delayed 5 second(s)

2018-11-22 21:49:47 - [MESSAGE][PASSED] - Delayed 5 second(s)

2018-11-22 21:49:47 - [TEST_STEP][PASSED] - setText: Text 'test@liferay.com' is set on object 'Object Repository/Final Object Repo/Login Page/Internal User/Email Address'

2018-11-22 21:49:48 - [MESSAGE][PASSED] - Text 'test@liferay.com' is set on object 'Object Repository/Final Object Repo/Login Page/Internal User/Email Address'

2018-11-22 21:49:48 - [TEST_STEP][PASSED] - click: Object: 'Object Repository/Final Object Repo/Login Page/Internal User/Next Button' is clicked on

2018-11-22 21:49:48 - [MESSAGE][PASSED] - Object: 'Object Repository/Final Object Repo/Login Page/Internal User/Next Button' is clicked on

2018-11-22 21:49:48 - [TEST_STEP][PASSED] - delay: Delayed 2 second(s)

2018-11-22 21:49:50 - [MESSAGE][PASSED] - Delayed 2 second(s)

2018-11-22 21:49:50 - [TEST_STEP][PASSED] - setText: Text 'test' is set on object 'Object Repository/Final Object Repo/Login Page/Internal User/Password'

2018-11-22 21:49:50 - [MESSAGE][PASSED] - Text 'test' is set on object 'Object Repository/Final Object Repo/Login Page/Internal User/Password'

2018-11-22 21:49:50 - [TEST_STEP][PASSED] - delay: Delayed 2 second(s)

2018-11-22 21:49:52 - [MESSAGE][PASSED] - Delayed 2 second(s)

2018-11-22 21:49:52 - [TEST_STEP][PASSED] - click: Object: 'Object Repository/Final Object Repo/Login Page/Internal User/Login Button' is clicked on

2018-11-22 21:49:52 - [MESSAGE][PASSED] - Object: 'Object Repository/Final Object Repo/Login Page/Internal User/Login Button' is clicked on

2018-11-22 21:49:52 - [TEST_STEP][FAILED] - Statement - Try: Delayed 2 second(s)

2018-11-22 21:49:52 - [TEST_STEP][PASSED] - Statement - Checker = false: null

2018-11-22 21:49:52 - [TEST_STEP][PASSED] - Statement - Checker = com.kms.katalon.core.webui.keyword.WebUiBuiltInKeywords.verifyElementHasAttribute(com.kms.katalon.core.testobject.ObjectRepository.findTestObject(Final Object Repo/Landing Page/BM Detecting), "href", 20, OPTIONAL): Unable to verify if object 'Object Repository/Final Object Repo/Landing Page/BM Detecting' has attribute 'href' (Root cause: org.openqa.selenium.StaleElementReferenceException: stale element reference: element is not attached to the page document
  (Session info: chrome=70.0.3538.102)
  (Driver info: chromedriver=2.43.600210 (68dcf5eebde37173d4027fa8635e332711d2874a),platform=Windows NT 6.1.7601 SP1 x86_64) (WARNING: The server did not provide any stacktrace information)
Command duration or timeout: 0 milliseconds
For documentation on this error, please visit: http://seleniumhq.org/exceptions/stale_element_reference.html
Build info: version: '3.7.1', revision: '8a0099a', time: '2017-11-06T21:07:36.161Z'
System info: host: 'WIN7TEST02', ip: '10.20.3.72', os.name: 'Windows 7', os.arch: 'amd64', os.version: '6.1', java.version: '1.8.0_181'
Driver info: com.kms.katalon.selenium.driver.CChromeDriver
Capabilities {acceptInsecureCerts: false, acceptSslCerts: false, applicationCacheEnabled: false, browserConnectionEnabled: false, browserName: chrome, chrome: {chromedriverVersion: 2.43.600210 (68dcf5eebde371..., userDataDir: C:\Users\Admin\AppData\Loca...}, cssSelectorsEnabled: true, databaseEnabled: false, goog:chromeOptions: {debuggerAddress: localhost:63662}, handlesAlerts: true, hasTouchScreen: false, javascriptEnabled: true, locationContextEnabled: true, mobileEmulationEnabled: false, nativeEvents: true, networkConnectionEnabled: false, pageLoadStrategy: normal, platform: XP, platformName: XP, rotatable: false, setWindowRect: true, takesHeapSnapshot: true, takesScreenshot: true, unexpectedAlertBehaviour: , unhandledPromptBehavior: , version: 70.0.3538.102, webStorageEnabled: true}
Session ID: 055c9ced43b4092d82369fc80d646669)

2018-11-22 21:49:55 - [MESSAGE][WARNING] - Unable to verify if object 'Object Repository/Final Object Repo/Landing Page/BM Detecting' has attribute 'href' (Root cause: org.openqa.selenium.StaleElementReferenceException: stale element reference: element is not attached to the page document
  (Session info: chrome=70.0.3538.102)
  (Driver info: chromedriver=2.43.600210 (68dcf5eebde37173d4027fa8635e332711d2874a),platform=Windows NT 6.1.7601 SP1 x86_64) (WARNING: The server did not provide any stacktrace information)
Command duration or timeout: 0 milliseconds
For documentation on this error, please visit: http://seleniumhq.org/exceptions/stale_element_reference.html
Build info: version: '3.7.1', revision: '8a0099a', time: '2017-11-06T21:07:36.161Z'
System info: host: 'WIN7TEST02', ip: '10.20.3.72', os.name: 'Windows 7', os.arch: 'amd64', os.version: '6.1', java.version: '1.8.0_181'
Driver info: com.kms.katalon.selenium.driver.CChromeDriver
Capabilities {acceptInsecureCerts: false, acceptSslCerts: false, applicationCacheEnabled: false, browserConnectionEnabled: false, browserName: chrome, chrome: {chromedriverVersion: 2.43.600210 (68dcf5eebde371..., userDataDir: C:\Users\Admin\AppData\Loca...}, cssSelectorsEnabled: true, databaseEnabled: false, goog:chromeOptions: {debuggerAddress: localhost:63662}, handlesAlerts: true, hasTouchScreen: false, javascriptEnabled: true, locationContextEnabled: true, mobileEmulationEnabled: false, nativeEvents: true, networkConnectionEnabled: false, pageLoadStrategy: normal, platform: XP, platformName: XP, rotatable: false, setWindowRect: true, takesHeapSnapshot: true, takesScreenshot: true, unexpectedAlertBehaviour: , unhandledPromptBehavior: , version: 70.0.3538.102, webStorageEnabled: true}
Session ID: 055c9ced43b4092d82369fc80d646669)
[[ATTACHMENT|C:\\Users\\Admin\\Desktop\\PKS\\Perkeso Phase A\\Reports\\Workflow\\Update Add New Employee\\20181122_161416\\1542894594922.png]]

2018-11-22 21:49:55 - [TEST_STEP][PASSED] - Statement - out.println(Checker): null

2018-11-22 21:49:55 - [TEST_STEP][FAILED] - Statement - If (Checker == false): Unable to click on object 'Object Repository/Final Object Repo/Landing Page/Select to English' (Root cause: com.kms.katalon.core.webui.exception.WebElementNotFoundException: Web element with id: 'Object Repository/Final Object Repo/Landing Page/Select to English' located by 'By.xpath: //a[@class = 'taglib-language-list-text' and @lang = 'en-US' and (contains(text(), 'EN') or contains(., 'EN'))]' not found)

2018-11-22 21:49:55 - [TEST_STEP][FAILED] - click: Unable to click on object 'Object Repository/Final Object Repo/Landing Page/Select to English' (Root cause: com.kms.katalon.core.webui.exception.WebElementNotFoundException: Web element with id: 'Object Repository/Final Object Repo/Landing Page/Select to English' located by 'By.xpath: //a[@class = 'taglib-language-list-text' and @lang = 'en-US' and (contains(text(), 'EN') or contains(., 'EN'))]' not found)

2018-11-22 21:50:32 - [MESSAGE][FAILED] - Unable to click on object 'Object Repository/Final Object Repo/Landing Page/Select to English' (Root cause: com.kms.katalon.core.webui.exception.WebElementNotFoundException: Web element with id: 'Object Repository/Final Object Repo/Landing Page/Select to English' located by 'By.xpath: //a[@class = 'taglib-language-list-text' and @lang = 'en-US' and (contains(text(), 'EN') or contains(., 'EN'))]' not found)
[[ATTACHMENT|C:\\Users\\Admin\\Desktop\\PKS\\Perkeso Phase A\\Reports\\Workflow\\Update Add New Employee\\20181122_161416\\1542894632307.png]]

2018-11-22 21:50:32 - [TEST_STEP][PASSED] - delay: Delayed 2 second(s)

2018-11-22 21:50:34 - [MESSAGE][PASSED] - Delayed 2 second(s)

2018-11-22 21:50:34 - [TEST_STEP][PASSED] - delay: Delayed 3 second(s)

2018-11-22 21:50:37 - [MESSAGE][PASSED] - Delayed 3 second(s)

2018-11-22 21:50:37 - [TEST_STEP][PASSED] - mouseOver: Object: 'Object Repository/Final Object Repo/Landing Page/WorkFlow Menu' is hovered

2018-11-22 21:50:37 - [MESSAGE][PASSED] - Object: 'Object Repository/Final Object Repo/Landing Page/WorkFlow Menu' is hovered

2018-11-22 21:50:37 - [TEST_STEP][PASSED] - delay: Delayed 2 second(s)

2018-11-22 21:50:39 - [MESSAGE][PASSED] - Delayed 2 second(s)

2018-11-22 21:50:39 - [TEST_STEP][PASSED] - click: Object: 'Object Repository/Final Object Repo/Landing Page/Select to Workflow Listing' is clicked on

2018-11-22 21:50:41 - [MESSAGE][PASSED] - Object: 'Object Repository/Final Object Repo/Landing Page/Select to Workflow Listing' is clicked on

2018-11-22 21:50:41 - [TEST_STEP][PASSED] - delay: Delayed 2 second(s)

2018-11-22 21:50:43 - [MESSAGE][PASSED] - Delayed 2 second(s)

2018-11-22 21:50:43 - [TEST_STEP][PASSED] - click: Object: 'Object Repository/Final Object Repo/WorkFlow Listing Page/Search Information - To Put Ref No' is clicked on

2018-11-22 21:50:43 - [MESSAGE][PASSED] - Object: 'Object Repository/Final Object Repo/WorkFlow Listing Page/Search Information - To Put Ref No' is clicked on

2018-11-22 21:50:43 - [TEST_STEP][PASSED] - delay: Delayed 2 second(s)

2018-11-22 21:50:45 - [MESSAGE][PASSED] - Delayed 2 second(s)

2018-11-22 21:50:45 - [TEST_STEP][PASSED] - callTestCase: Call Test Case 'Test Cases/Final Aug 2018 - PKS Automation/Common/Reference Number Getter' successfully

2018-11-22 21:50:45 - [TEST_CASE][PASSED] - Test Cases/Final Aug 2018 - PKS Automation/Common/Reference Number Getter: Test Cases/Final Aug 2018 - PKS Automation/Common/Reference Number Getter

2018-11-22 21:50:45 - [TEST_STEP][PASSED] - Statement - Try: null

2018-11-22 21:50:45 - [TEST_STEP][PASSED] - Statement - RefNo = new java.io.File(C://Users//Admin//Desktop//PKS//Automation Reference Point//KatalonReference.txt): null

2018-11-22 21:50:45 - [TEST_STEP][PASSED] - Statement - bufferread = new java.io.BufferedReader(new java.io.FileReader(RefNo)): null

2018-11-22 21:50:45 - [TEST_STEP][PASSED] - Statement - readedVal = bufferread.readLine(): null

2018-11-22 21:50:45 - [TEST_STEP][PASSED] - Statement - out.println(CaseReferenceNo): null

2018-11-22 21:50:45 - [TEST_STEP][PASSED] - Statement - out.println(readedVal): null

2018-11-22 21:50:45 - [TEST_STEP][PASSED] - Statement - CaseReferenceNo = "": null

2018-11-22 21:50:45 - [TEST_STEP][PASSED] - Statement - CaseReferenceNo = readedVal: null

2018-11-22 21:50:45 - [MESSAGE][PASSED] - Call Test Case 'Test Cases/Final Aug 2018 - PKS Automation/Common/Reference Number Getter' successfully

2018-11-22 21:50:45 - [TEST_STEP][PASSED] - setText: Text 'CAN11201800002160' is set on object 'Object Repository/Final Object Repo/WorkFlow Listing Page/Ref No Set Text'

2018-11-22 21:50:45 - [MESSAGE][PASSED] - Text 'CAN11201800002160' is set on object 'Object Repository/Final Object Repo/WorkFlow Listing Page/Ref No Set Text'

2018-11-22 21:50:45 - [TEST_STEP][PASSED] - delay: Delayed 2 second(s)

2018-11-22 21:50:47 - [MESSAGE][PASSED] - Delayed 2 second(s)

2018-11-22 21:50:47 - [TEST_STEP][PASSED] - click: Object: 'Object Repository/Final Object Repo/WorkFlow Listing Page/Search Ref No Search Button' is clicked on

2018-11-22 21:50:48 - [MESSAGE][PASSED] - Object: 'Object Repository/Final Object Repo/WorkFlow Listing Page/Search Ref No Search Button' is clicked on

2018-11-22 21:50:48 - [TEST_STEP][PASSED] - delay: Delayed 4 second(s)

2018-11-22 21:50:52 - [MESSAGE][PASSED] - Delayed 4 second(s)

2018-11-22 21:50:52 - [TEST_STEP][PASSED] - click: Object: 'Object Repository/Final Object Repo/WorkFlow Listing Page/Click Continue Tooltip' is clicked on

2018-11-22 21:50:52 - [MESSAGE][PASSED] - Object: 'Object Repository/Final Object Repo/WorkFlow Listing Page/Click Continue Tooltip' is clicked on

2018-11-22 21:50:52 - [TEST_STEP][PASSED] - delay: Delayed 5 second(s)

2018-11-22 21:50:57 - [MESSAGE][PASSED] - Delayed 5 second(s)

2018-11-22 21:50:57 - [TEST_STEP][PASSED] - doubleClick: Object: 'Object Repository/Final Object Repo/WorkFlow Listing Page/Workflow Found - Listing 1' is double clicked on

2018-11-22 21:50:58 - [MESSAGE][PASSED] - Object: 'Object Repository/Final Object Repo/WorkFlow Listing Page/Workflow Found - Listing 1' is double clicked on

2018-11-22 21:50:58 - [TEST_STEP][PASSED] - Statement - println(OwnerID): null

2018-11-22 21:50:58 - [TEST_STEP][PASSED] - Statement - OwnerID = com.kms.katalon.core.webui.keyword.WebUiBuiltInKeywords.getText(com.kms.katalon.core.testobject.ObjectRepository.findTestObject(Final Object Repo/WorkFlow Listing Page/Workflow Found - Listing 1), STOP_ON_FAILURE): Text of object 'Object Repository/Final Object Repo/WorkFlow Listing Page/Workflow Found - Listing 1' is: 'JOHORro2'

2018-11-22 21:50:58 - [MESSAGE][PASSED] - Text of object 'Object Repository/Final Object Repo/WorkFlow Listing Page/Workflow Found - Listing 1' is: 'JOHORro2'

2018-11-22 21:50:58 - [TEST_STEP][PASSED] - Statement - OwnerID = OwnerID.toLowerCase() + "@gmail.com": null

2018-11-22 21:50:58 - [TEST_STEP][PASSED] - Statement - println(OwnerID): null

2018-11-22 21:50:58 - [TEST_STEP][PASSED] - delay: Delayed 2 second(s)

2018-11-22 21:51:00 - [MESSAGE][PASSED] - Delayed 2 second(s)

2018-11-22 21:51:00 - [MESSAGE][FAILED] - Unable to call Test Case with id 'Test Cases/Final Aug 2018 - PKS Automation/Common/Workflow Owner Finder' (Root cause: Call Test Case 'Test Cases/Final Aug 2018 - PKS Automation/Common/Workflow Owner Finder' failed)]]></system-out>
         <system-err><![CDATA[2018-11-22 21:39:26 - [TEST_CASE][FAILED] - Test Cases/Final Aug 2018 - PKS Automation/Registration Module/Workflow/Update Add New Employee/Special Case (Employer - RO Query - OTC Upload Pending Case - RO Approve): Test Cases/Final Aug 2018 - PKS Automation/Registration Module/Workflow/Update Add New Employee/Special Case (Employer - RO Query - OTC Upload Pending Case - RO Approve) FAILED because (of) (Stack trace: com.kms.katalon.core.exception.StepFailedException: Unable to click on object 'Object Repository/Final Object Repo/Landing Page/Select to English' (Root cause: com.kms.katalon.core.webui.exception.WebElementNotFoundException: Web element with id: 'Object Repository/Final Object Repo/Landing Page/Select to English' located by 'By.xpath: //a[@class = 'taglib-language-list-text' and @lang = 'en-US' and (contains(text(), 'EN') or contains(., 'EN'))]' not found)
	at com.kms.katalon.core.keyword.internal.KeywordMain.stepFailed(KeywordMain.groovy:32)
	at com.kms.katalon.core.webui.keyword.internal.WebUIKeywordMain.stepFailed(WebUIKeywordMain.groovy:65)
	at com.kms.katalon.core.webui.keyword.internal.WebUIKeywordMain.runKeyword(WebUIKeywordMain.groovy:27)
	at com.kms.katalon.core.webui.keyword.builtin.ClickKeyword.click(ClickKeyword.groovy:86)
	at com.kms.katalon.core.webui.keyword.builtin.ClickKeyword.execute(ClickKeyword.groovy:67)
	at com.kms.katalon.core.keyword.internal.KeywordExecutor.executeKeywordForPlatform(KeywordExecutor.groovy:53)
	at com.kms.katalon.core.webui.keyword.WebUiBuiltInKeywords.click(WebUiBuiltInKeywords.groovy:604)
	at com.kms.katalon.core.webui.keyword.WebUiBuiltInKeywords$click$6.call(Unknown Source)
	at Script1534407542420.run(Script1534407542420.groovy:57)
	at com.kms.katalon.core.main.ScriptEngine.run(ScriptEngine.java:183)
	at com.kms.katalon.core.main.ScriptEngine.runScriptAsRawText(ScriptEngine.java:108)
	at com.kms.katalon.core.main.TestCaseExecutor.runScript(TestCaseExecutor.java:294)
	at com.kms.katalon.core.main.TestCaseExecutor.doExecute(TestCaseExecutor.java:285)
	at com.kms.katalon.core.main.TestCaseExecutor.processExecutionPhase(TestCaseExecutor.java:264)
	at com.kms.katalon.core.main.TestCaseExecutor.accessMainPhase(TestCaseExecutor.java:256)
	at com.kms.katalon.core.main.TestCaseExecutor.execute(TestCaseExecutor.java:200)
	at com.kms.katalon.core.main.TestCaseMain.runTestCase(TestCaseMain.java:99)
	at com.kms.katalon.core.keyword.builtin.CallTestCaseKeyword$_callTestCase_closure1.doCall(CallTestCaseKeyword.groovy:60)
	at com.kms.katalon.core.keyword.builtin.CallTestCaseKeyword$_callTestCase_closure1.call(CallTestCaseKeyword.groovy)
	at com.kms.katalon.core.keyword.internal.KeywordMain.runKeyword(KeywordMain.groovy:54)
	at com.kms.katalon.core.keyword.builtin.CallTestCaseKeyword.callTestCase(CallTestCaseKeyword.groovy:81)
	at com.kms.katalon.core.keyword.builtin.CallTestCaseKeyword.execute(CallTestCaseKeyword.groovy:45)
	at com.kms.katalon.core.keyword.internal.KeywordExecutor.executeKeywordForPlatform(KeywordExecutor.groovy:53)
	at com.kms.katalon.core.keyword.BuiltinKeywords.callTestCase(BuiltinKeywords.groovy:334)
	at sun.reflect.GeneratedMethodAccessor13.invoke(Unknown Source)
	at sun.reflect.DelegatingMethodAccessorImpl.invoke(DelegatingMethodAccessorImpl.java:43)
	at java.lang.reflect.Method.invoke(Method.java:498)
	at org.codehaus.groovy.reflection.CachedMethod.invoke(CachedMethod.java:93)
	at groovy.lang.MetaMethod.doMethodInvoke(MetaMethod.java:325)
	at groovy.lang.MetaClassImpl.invokeStaticMethod(MetaClassImpl.java:1469)
	at org.codehaus.groovy.runtime.callsite.StaticMetaClassSite.call(StaticMetaClassSite.java:53)
	at org.codehaus.groovy.runtime.callsite.CallSiteArray.defaultCall(CallSiteArray.java:48)
	at org.codehaus.groovy.runtime.callsite.AbstractCallSite.call(AbstractCallSite.java:113)
	at org.codehaus.groovy.runtime.callsite.AbstractCallSite.call(AbstractCallSite.java:141)
	at Script1537330388665.run(Script1537330388665.groovy:115)
	at com.kms.katalon.core.main.ScriptEngine.run(ScriptEngine.java:183)
	at com.kms.katalon.core.main.ScriptEngine.runScriptAsRawText(ScriptEngine.java:108)
	at com.kms.katalon.core.main.TestCaseExecutor.runScript(TestCaseExecutor.java:294)
	at com.kms.katalon.core.main.TestCaseExecutor.doExecute(TestCaseExecutor.java:285)
	at com.kms.katalon.core.main.TestCaseExecutor.processExecutionPhase(TestCaseExecutor.java:264)
	at com.kms.katalon.core.main.TestCaseExecutor.accessMainPhase(TestCaseExecutor.java:256)
	at com.kms.katalon.core.main.TestCaseExecutor.execute(TestCaseExecutor.java:200)
	at com.kms.katalon.core.main.TestSuiteExecutor.accessTestCaseMainPhase(TestSuiteExecutor.java:129)
	at com.kms.katalon.core.main.TestSuiteExecutor.accessTestSuiteMainPhase(TestSuiteExecutor.java:112)
	at com.kms.katalon.core.main.TestSuiteExecutor.execute(TestSuiteExecutor.java:81)
	at com.kms.katalon.core.main.TestCaseMain.startTestSuite(TestCaseMain.java:142)
	at com.kms.katalon.core.main.TestCaseMain$startTestSuite$0.call(Unknown Source)
	at org.codehaus.groovy.runtime.callsite.CallSiteArray.defaultCall(CallSiteArray.java:48)
	at org.codehaus.groovy.runtime.callsite.AbstractCallSite.call(AbstractCallSite.java:113)
	at org.codehaus.groovy.runtime.callsite.AbstractCallSite.call(AbstractCallSite.java:141)
	at TempTestSuite1542874456666.run(TempTestSuite1542874456666.groovy:36)
	at groovy.lang.GroovyShell.runScriptOrMainOrTestOrRunnable(GroovyShell.java:263)
	at groovy.lang.GroovyShell.run(GroovyShell.java:518)
	at groovy.lang.GroovyShell.run(GroovyShell.java:507)
	at groovy.ui.GroovyMain.processOnce(GroovyMain.java:653)
	at groovy.ui.GroovyMain.run(GroovyMain.java:384)
	at groovy.ui.GroovyMain.process(GroovyMain.java:370)
	at groovy.ui.GroovyMain.processArgs(GroovyMain.java:129)
	at groovy.ui.GroovyMain.main(GroovyMain.java:109)
	at sun.reflect.NativeMethodAccessorImpl.invoke0(Native Method)
	at sun.reflect.NativeMethodAccessorImpl.invoke(NativeMethodAccessorImpl.java:62)
	at sun.reflect.DelegatingMethodAccessorImpl.invoke(DelegatingMethodAccessorImpl.java:43)
	at java.lang.reflect.Method.invoke(Method.java:498)
	at org.codehaus.groovy.tools.GroovyStarter.rootLoader(GroovyStarter.java:109)
	at org.codehaus.groovy.tools.GroovyStarter.main(GroovyStarter.java:131)
)]]></system-err>
      </testcase>
      <testcase name="Test Cases/Final Aug 2018 - PKS Automation/Registration Module/Workflow/Update Add New Employee/Special Case (Employer - RO Under Enforcement)" classname="Test Cases/Final Aug 2018 - PKS Automation/Registration Module/Workflow/Update Add New Employee/Special Case (Employer - RO Under Enforcement)" status="FAILED">
         <failure type="FAILED" message="(Stack trace: com.kms.katalon.core.exception.StepFailedException: Unable to click on object 'Object Repository/Final Object Repo/Landing Page/Select to English' (Root cause: com.kms.katalon.core.webui.exception.WebElementNotFoundException: Web element with id: 'Object Repository/Final Object Repo/Landing Page/Select to English' located by 'By.xpath: //a[@class = 'taglib-language-list-text' and @lang = 'en-US' and (contains(text(), 'EN') or contains(., 'EN'))]' not found)
	at com.kms.katalon.core.keyword.internal.KeywordMain.stepFailed(KeywordMain.groovy:32)
	at com.kms.katalon.core.webui.keyword.internal.WebUIKeywordMain.stepFailed(WebUIKeywordMain.groovy:65)
	at com.kms.katalon.core.webui.keyword.internal.WebUIKeywordMain.runKeyword(WebUIKeywordMain.groovy:27)
	at com.kms.katalon.core.webui.keyword.builtin.ClickKeyword.click(ClickKeyword.groovy:86)
	at com.kms.katalon.core.webui.keyword.builtin.ClickKeyword.execute(ClickKeyword.groovy:67)
	at com.kms.katalon.core.keyword.internal.KeywordExecutor.executeKeywordForPlatform(KeywordExecutor.groovy:53)
	at com.kms.katalon.core.webui.keyword.WebUiBuiltInKeywords.click(WebUiBuiltInKeywords.groovy:604)
	at com.kms.katalon.core.webui.keyword.WebUiBuiltInKeywords$click$6.call(Unknown Source)
	at Script1534407542420.run(Script1534407542420.groovy:57)
	at com.kms.katalon.core.main.ScriptEngine.run(ScriptEngine.java:183)
	at com.kms.katalon.core.main.ScriptEngine.runScriptAsRawText(ScriptEngine.java:108)
	at com.kms.katalon.core.main.TestCaseExecutor.runScript(TestCaseExecutor.java:294)
	at com.kms.katalon.core.main.TestCaseExecutor.doExecute(TestCaseExecutor.java:285)
	at com.kms.katalon.core.main.TestCaseExecutor.processExecutionPhase(TestCaseExecutor.java:264)
	at com.kms.katalon.core.main.TestCaseExecutor.accessMainPhase(TestCaseExecutor.java:256)
	at com.kms.katalon.core.main.TestCaseExecutor.execute(TestCaseExecutor.java:200)
	at com.kms.katalon.core.main.TestCaseMain.runTestCase(TestCaseMain.java:99)
	at com.kms.katalon.core.keyword.builtin.CallTestCaseKeyword$_callTestCase_closure1.doCall(CallTestCaseKeyword.groovy:60)
	at com.kms.katalon.core.keyword.builtin.CallTestCaseKeyword$_callTestCase_closure1.call(CallTestCaseKeyword.groovy)
	at com.kms.katalon.core.keyword.internal.KeywordMain.runKeyword(KeywordMain.groovy:54)
	at com.kms.katalon.core.keyword.builtin.CallTestCaseKeyword.callTestCase(CallTestCaseKeyword.groovy:81)
	at com.kms.katalon.core.keyword.builtin.CallTestCaseKeyword.execute(CallTestCaseKeyword.groovy:45)
	at com.kms.katalon.core.keyword.internal.KeywordExecutor.executeKeywordForPlatform(KeywordExecutor.groovy:53)
	at com.kms.katalon.core.keyword.BuiltinKeywords.callTestCase(BuiltinKeywords.groovy:334)
	at sun.reflect.GeneratedMethodAccessor13.invoke(Unknown Source)
	at sun.reflect.DelegatingMethodAccessorImpl.invoke(DelegatingMethodAccessorImpl.java:43)
	at java.lang.reflect.Method.invoke(Method.java:498)
	at org.codehaus.groovy.reflection.CachedMethod.invoke(CachedMethod.java:93)
	at groovy.lang.MetaMethod.doMethodInvoke(MetaMethod.java:325)
	at groovy.lang.MetaClassImpl.invokeStaticMethod(MetaClassImpl.java:1469)
	at org.codehaus.groovy.runtime.callsite.StaticMetaClassSite.call(StaticMetaClassSite.java:53)
	at org.codehaus.groovy.runtime.callsite.CallSiteArray.defaultCall(CallSiteArray.java:48)
	at org.codehaus.groovy.runtime.callsite.AbstractCallSite.call(AbstractCallSite.java:113)
	at org.codehaus.groovy.runtime.callsite.AbstractCallSite.call(AbstractCallSite.java:141)
	at Script1537333843549.run(Script1537333843549.groovy:112)
	at com.kms.katalon.core.main.ScriptEngine.run(ScriptEngine.java:183)
	at com.kms.katalon.core.main.ScriptEngine.runScriptAsRawText(ScriptEngine.java:108)
	at com.kms.katalon.core.main.TestCaseExecutor.runScript(TestCaseExecutor.java:294)
	at com.kms.katalon.core.main.TestCaseExecutor.doExecute(TestCaseExecutor.java:285)
	at com.kms.katalon.core.main.TestCaseExecutor.processExecutionPhase(TestCaseExecutor.java:264)
	at com.kms.katalon.core.main.TestCaseExecutor.accessMainPhase(TestCaseExecutor.java:256)
	at com.kms.katalon.core.main.TestCaseExecutor.execute(TestCaseExecutor.java:200)
	at com.kms.katalon.core.main.TestSuiteExecutor.accessTestCaseMainPhase(TestSuiteExecutor.java:129)
	at com.kms.katalon.core.main.TestSuiteExecutor.accessTestSuiteMainPhase(TestSuiteExecutor.java:112)
	at com.kms.katalon.core.main.TestSuiteExecutor.execute(TestSuiteExecutor.java:81)
	at com.kms.katalon.core.main.TestCaseMain.startTestSuite(TestCaseMain.java:142)
	at com.kms.katalon.core.main.TestCaseMain$startTestSuite$0.call(Unknown Source)
	at org.codehaus.groovy.runtime.callsite.CallSiteArray.defaultCall(CallSiteArray.java:48)
	at org.codehaus.groovy.runtime.callsite.AbstractCallSite.call(AbstractCallSite.java:113)
	at org.codehaus.groovy.runtime.callsite.AbstractCallSite.call(AbstractCallSite.java:141)
	at TempTestSuite1542874456666.run(TempTestSuite1542874456666.groovy:36)
	at groovy.lang.GroovyShell.runScriptOrMainOrTestOrRunnable(GroovyShell.java:263)
	at groovy.lang.GroovyShell.run(GroovyShell.java:518)
	at groovy.lang.GroovyShell.run(GroovyShell.java:507)
	at groovy.ui.GroovyMain.processOnce(GroovyMain.java:653)
	at groovy.ui.GroovyMain.run(GroovyMain.java:384)
	at groovy.ui.GroovyMain.process(GroovyMain.java:370)
	at groovy.ui.GroovyMain.processArgs(GroovyMain.java:129)
	at groovy.ui.GroovyMain.main(GroovyMain.java:109)
	at sun.reflect.NativeMethodAccessorImpl.invoke0(Native Method)
	at sun.reflect.NativeMethodAccessorImpl.invoke(NativeMethodAccessorImpl.java:62)
	at sun.reflect.DelegatingMethodAccessorImpl.invoke(DelegatingMethodAccessorImpl.java:43)
	at java.lang.reflect.Method.invoke(Method.java:498)
	at org.codehaus.groovy.tools.GroovyStarter.rootLoader(GroovyStarter.java:109)
	at org.codehaus.groovy.tools.GroovyStarter.main(GroovyStarter.java:131)
)"/>
         <system-out><![CDATA[2018-11-22 21:51:00 - [TEST_CASE][FAILED] - Test Cases/Final Aug 2018 - PKS Automation/Registration Module/Workflow/Update Add New Employee/Special Case (Employer - RO Under Enforcement): Test Cases/Final Aug 2018 - PKS Automation/Registration Module/Workflow/Update Add New Employee/Special Case (Employer - RO Under Enforcement) FAILED because (of) (Stack trace: com.kms.katalon.core.exception.StepFailedException: Unable to click on object 'Object Repository/Final Object Repo/Landing Page/Select to English' (Root cause: com.kms.katalon.core.webui.exception.WebElementNotFoundException: Web element with id: 'Object Repository/Final Object Repo/Landing Page/Select to English' located by 'By.xpath: //a[@class = 'taglib-language-list-text' and @lang = 'en-US' and (contains(text(), 'EN') or contains(., 'EN'))]' not found)
	at com.kms.katalon.core.keyword.internal.KeywordMain.stepFailed(KeywordMain.groovy:32)
	at com.kms.katalon.core.webui.keyword.internal.WebUIKeywordMain.stepFailed(WebUIKeywordMain.groovy:65)
	at com.kms.katalon.core.webui.keyword.internal.WebUIKeywordMain.runKeyword(WebUIKeywordMain.groovy:27)
	at com.kms.katalon.core.webui.keyword.builtin.ClickKeyword.click(ClickKeyword.groovy:86)
	at com.kms.katalon.core.webui.keyword.builtin.ClickKeyword.execute(ClickKeyword.groovy:67)
	at com.kms.katalon.core.keyword.internal.KeywordExecutor.executeKeywordForPlatform(KeywordExecutor.groovy:53)
	at com.kms.katalon.core.webui.keyword.WebUiBuiltInKeywords.click(WebUiBuiltInKeywords.groovy:604)
	at com.kms.katalon.core.webui.keyword.WebUiBuiltInKeywords$click$6.call(Unknown Source)
	at Script1534407542420.run(Script1534407542420.groovy:57)
	at com.kms.katalon.core.main.ScriptEngine.run(ScriptEngine.java:183)
	at com.kms.katalon.core.main.ScriptEngine.runScriptAsRawText(ScriptEngine.java:108)
	at com.kms.katalon.core.main.TestCaseExecutor.runScript(TestCaseExecutor.java:294)
	at com.kms.katalon.core.main.TestCaseExecutor.doExecute(TestCaseExecutor.java:285)
	at com.kms.katalon.core.main.TestCaseExecutor.processExecutionPhase(TestCaseExecutor.java:264)
	at com.kms.katalon.core.main.TestCaseExecutor.accessMainPhase(TestCaseExecutor.java:256)
	at com.kms.katalon.core.main.TestCaseExecutor.execute(TestCaseExecutor.java:200)
	at com.kms.katalon.core.main.TestCaseMain.runTestCase(TestCaseMain.java:99)
	at com.kms.katalon.core.keyword.builtin.CallTestCaseKeyword$_callTestCase_closure1.doCall(CallTestCaseKeyword.groovy:60)
	at com.kms.katalon.core.keyword.builtin.CallTestCaseKeyword$_callTestCase_closure1.call(CallTestCaseKeyword.groovy)
	at com.kms.katalon.core.keyword.internal.KeywordMain.runKeyword(KeywordMain.groovy:54)
	at com.kms.katalon.core.keyword.builtin.CallTestCaseKeyword.callTestCase(CallTestCaseKeyword.groovy:81)
	at com.kms.katalon.core.keyword.builtin.CallTestCaseKeyword.execute(CallTestCaseKeyword.groovy:45)
	at com.kms.katalon.core.keyword.internal.KeywordExecutor.executeKeywordForPlatform(KeywordExecutor.groovy:53)
	at com.kms.katalon.core.keyword.BuiltinKeywords.callTestCase(BuiltinKeywords.groovy:334)
	at sun.reflect.GeneratedMethodAccessor13.invoke(Unknown Source)
	at sun.reflect.DelegatingMethodAccessorImpl.invoke(DelegatingMethodAccessorImpl.java:43)
	at java.lang.reflect.Method.invoke(Method.java:498)
	at org.codehaus.groovy.reflection.CachedMethod.invoke(CachedMethod.java:93)
	at groovy.lang.MetaMethod.doMethodInvoke(MetaMethod.java:325)
	at groovy.lang.MetaClassImpl.invokeStaticMethod(MetaClassImpl.java:1469)
	at org.codehaus.groovy.runtime.callsite.StaticMetaClassSite.call(StaticMetaClassSite.java:53)
	at org.codehaus.groovy.runtime.callsite.CallSiteArray.defaultCall(CallSiteArray.java:48)
	at org.codehaus.groovy.runtime.callsite.AbstractCallSite.call(AbstractCallSite.java:113)
	at org.codehaus.groovy.runtime.callsite.AbstractCallSite.call(AbstractCallSite.java:141)
	at Script1537333843549.run(Script1537333843549.groovy:112)
	at com.kms.katalon.core.main.ScriptEngine.run(ScriptEngine.java:183)
	at com.kms.katalon.core.main.ScriptEngine.runScriptAsRawText(ScriptEngine.java:108)
	at com.kms.katalon.core.main.TestCaseExecutor.runScript(TestCaseExecutor.java:294)
	at com.kms.katalon.core.main.TestCaseExecutor.doExecute(TestCaseExecutor.java:285)
	at com.kms.katalon.core.main.TestCaseExecutor.processExecutionPhase(TestCaseExecutor.java:264)
	at com.kms.katalon.core.main.TestCaseExecutor.accessMainPhase(TestCaseExecutor.java:256)
	at com.kms.katalon.core.main.TestCaseExecutor.execute(TestCaseExecutor.java:200)
	at com.kms.katalon.core.main.TestSuiteExecutor.accessTestCaseMainPhase(TestSuiteExecutor.java:129)
	at com.kms.katalon.core.main.TestSuiteExecutor.accessTestSuiteMainPhase(TestSuiteExecutor.java:112)
	at com.kms.katalon.core.main.TestSuiteExecutor.execute(TestSuiteExecutor.java:81)
	at com.kms.katalon.core.main.TestCaseMain.startTestSuite(TestCaseMain.java:142)
	at com.kms.katalon.core.main.TestCaseMain$startTestSuite$0.call(Unknown Source)
	at org.codehaus.groovy.runtime.callsite.CallSiteArray.defaultCall(CallSiteArray.java:48)
	at org.codehaus.groovy.runtime.callsite.AbstractCallSite.call(AbstractCallSite.java:113)
	at org.codehaus.groovy.runtime.callsite.AbstractCallSite.call(AbstractCallSite.java:141)
	at TempTestSuite1542874456666.run(TempTestSuite1542874456666.groovy:36)
	at groovy.lang.GroovyShell.runScriptOrMainOrTestOrRunnable(GroovyShell.java:263)
	at groovy.lang.GroovyShell.run(GroovyShell.java:518)
	at groovy.lang.GroovyShell.run(GroovyShell.java:507)
	at groovy.ui.GroovyMain.processOnce(GroovyMain.java:653)
	at groovy.ui.GroovyMain.run(GroovyMain.java:384)
	at groovy.ui.GroovyMain.process(GroovyMain.java:370)
	at groovy.ui.GroovyMain.processArgs(GroovyMain.java:129)
	at groovy.ui.GroovyMain.main(GroovyMain.java:109)
	at sun.reflect.NativeMethodAccessorImpl.invoke0(Native Method)
	at sun.reflect.NativeMethodAccessorImpl.invoke(NativeMethodAccessorImpl.java:62)
	at sun.reflect.DelegatingMethodAccessorImpl.invoke(DelegatingMethodAccessorImpl.java:43)
	at java.lang.reflect.Method.invoke(Method.java:498)
	at org.codehaus.groovy.tools.GroovyStarter.rootLoader(GroovyStarter.java:109)
	at org.codehaus.groovy.tools.GroovyStarter.main(GroovyStarter.java:131)
)

2018-11-22 21:51:00 - [TEST_STEP][PASSED] - callTestCase: Call Test Case 'Test Cases/Final Aug 2018 - PKS Automation/Registration Module/Workflow/Update Add New Employee/Template/New Company for Update Add New - Employer' successfully

2018-11-22 21:51:00 - [TEST_CASE][PASSED] - Test Cases/Final Aug 2018 - PKS Automation/Registration Module/Workflow/Update Add New Employee/Template/New Company for Update Add New - Employer: Test Cases/Final Aug 2018 - PKS Automation/Registration Module/Workflow/Update Add New Employee/Template/New Company for Update Add New - Employer

2018-11-22 21:51:00 - [TEST_STEP][PASSED] - callTestCase: Call Test Case 'Test Cases/Final Aug 2018 - PKS Automation/Create Employer Acc/Create Employer Account' successfully

2018-11-22 21:51:00 - [TEST_CASE][PASSED] - Test Cases/Final Aug 2018 - PKS Automation/Create Employer Acc/Create Employer Account: Test Cases/Final Aug 2018 - PKS Automation/Create Employer Acc/Create Employer Account

2018-11-22 21:51:00 - [TEST_STEP][PASSED] - callTestCase: Call Test Case 'Test Cases/Final Aug 2018 - PKS Automation/Create Employer Acc/Template/Register Employer' successfully

2018-11-22 21:51:00 - [TEST_CASE][PASSED] - Test Cases/Final Aug 2018 - PKS Automation/Create Employer Acc/Template/Register Employer: Test Cases/Final Aug 2018 - PKS Automation/Create Employer Acc/Template/Register Employer

2018-11-22 21:51:00 - [TEST_STEP][PASSED] - openBrowser: Browser is opened with url: ''

2018-11-22 21:51:00 - [MESSAGE][WARNING] - A browser is already opened. Closing browser and opening a new one

2018-11-22 21:51:04 - [MESSAGE][PASSED] - Browser is opened with url: ''

2018-11-22 21:51:04 - [TEST_STEP][PASSED] - navigateToUrl: Navigate to 'https://assist2-uat.perkeso.gov.my/login' successfully

2018-11-22 21:51:05 - [MESSAGE][PASSED] - Navigate to 'https://assist2-uat.perkeso.gov.my/login' successfully

2018-11-22 21:51:05 - [TEST_STEP][PASSED] - setText: Text 'johorotc1@gmail.com' is set on object 'Object Repository/Final Object Repo/Login Page/Internal User/Email Address'

2018-11-22 21:51:05 - [MESSAGE][PASSED] - Text 'johorotc1@gmail.com' is set on object 'Object Repository/Final Object Repo/Login Page/Internal User/Email Address'

2018-11-22 21:51:05 - [TEST_STEP][PASSED] - click: Object: 'Object Repository/Final Object Repo/Login Page/Internal User/Next Button' is clicked on

2018-11-22 21:51:06 - [MESSAGE][PASSED] - Object: 'Object Repository/Final Object Repo/Login Page/Internal User/Next Button' is clicked on

2018-11-22 21:51:06 - [TEST_STEP][PASSED] - delay: Delayed 1 second(s)

2018-11-22 21:51:07 - [MESSAGE][PASSED] - Delayed 1 second(s)

2018-11-22 21:51:07 - [TEST_STEP][PASSED] - setEncryptedText: Text ****** has been set on object 'Object Repository/Final Object Repo/Login Page/Internal User/Password'

2018-11-22 21:51:07 - [MESSAGE][PASSED] - Text ****** has been set on object 'Object Repository/Final Object Repo/Login Page/Internal User/Password'

2018-11-22 21:51:07 - [TEST_STEP][PASSED] - click: Object: 'Object Repository/Final Object Repo/Login Page/Internal User/Login Button' is clicked on

2018-11-22 21:51:07 - [MESSAGE][PASSED] - Object: 'Object Repository/Final Object Repo/Login Page/Internal User/Login Button' is clicked on

2018-11-22 21:51:07 - [TEST_STEP][PASSED] - delay: Delayed 1 second(s)

2018-11-22 21:51:08 - [MESSAGE][PASSED] - Delayed 1 second(s)

2018-11-22 21:51:08 - [TEST_STEP][PASSED] - navigateToUrl: Navigate to 'https://assist2-uat.perkeso.gov.my/web/base/portal-id/registration' successfully

2018-11-22 21:51:10 - [MESSAGE][PASSED] - Navigate to 'https://assist2-uat.perkeso.gov.my/web/base/portal-id/registration' successfully

2018-11-22 21:51:10 - [TEST_STEP][PASSED] - setText: Text 'AUTOMATION EMPLOYER' is set on object 'Object Repository/Final Object Repo/Creating Employer Account/Page_Registration - ASSIST (Base)/Employer Name'

2018-11-22 21:51:10 - [MESSAGE][PASSED] - Text 'AUTOMATION EMPLOYER' is set on object 'Object Repository/Final Object Repo/Creating Employer Account/Page_Registration - ASSIST (Base)/Employer Name'

2018-11-22 21:51:10 - [TEST_STEP][PASSED] - delay: Delayed 2 second(s)

2018-11-22 21:51:12 - [MESSAGE][PASSED] - Delayed 2 second(s)

2018-11-22 21:51:12 - [TEST_STEP][PASSED] - click: Object: 'Object Repository/Final Object Repo/Creating Employer Account/Page_Registration - ASSIST (Base)/Registration Type' is clicked on

2018-11-22 21:51:12 - [MESSAGE][PASSED] - Object: 'Object Repository/Final Object Repo/Creating Employer Account/Page_Registration - ASSIST (Base)/Registration Type' is clicked on

2018-11-22 21:51:12 - [TEST_STEP][PASSED] - delay: Delayed 2 second(s)

2018-11-22 21:51:14 - [MESSAGE][PASSED] - Delayed 2 second(s)

2018-11-22 21:51:14 - [TEST_STEP][PASSED] - click: Object: 'Object Repository/Final Object Repo/Creating Employer Account/Page_Registration - ASSIST (Base)/Registration Type - Registration No' is clicked on

2018-11-22 21:51:14 - [MESSAGE][PASSED] - Object: 'Object Repository/Final Object Repo/Creating Employer Account/Page_Registration - ASSIST (Base)/Registration Type - Registration No' is clicked on

2018-11-22 21:51:14 - [TEST_STEP][PASSED] - delay: Delayed 2 second(s)

2018-11-22 21:51:16 - [MESSAGE][PASSED] - Delayed 2 second(s)

2018-11-22 21:51:16 - [TEST_STEP][PASSED] - setText: Text '1234567890' is set on object 'Object Repository/Final Object Repo/Creating Employer Account/Page_Registration - ASSIST (Base)/Registration Number'

2018-11-22 21:51:17 - [MESSAGE][PASSED] - Text '1234567890' is set on object 'Object Repository/Final Object Repo/Creating Employer Account/Page_Registration - ASSIST (Base)/Registration Number'

2018-11-22 21:51:17 - [TEST_STEP][PASSED] - delay: Delayed 2 second(s)

2018-11-22 21:51:19 - [MESSAGE][PASSED] - Delayed 2 second(s)

2018-11-22 21:51:19 - [TEST_STEP][PASSED] - setText: Text 'ADDRESS 1' is set on object 'Object Repository/Final Object Repo/Creating Employer Account/Page_Registration - ASSIST (Base)/Postal Address 1'

2018-11-22 21:51:19 - [MESSAGE][PASSED] - Text 'ADDRESS 1' is set on object 'Object Repository/Final Object Repo/Creating Employer Account/Page_Registration - ASSIST (Base)/Postal Address 1'

2018-11-22 21:51:19 - [TEST_STEP][PASSED] - setText: Text 'ADDRESS 2' is set on object 'Object Repository/Final Object Repo/Creating Employer Account/Page_Registration - ASSIST (Base)/Postal Address 2'

2018-11-22 21:51:19 - [MESSAGE][PASSED] - Text 'ADDRESS 2' is set on object 'Object Repository/Final Object Repo/Creating Employer Account/Page_Registration - ASSIST (Base)/Postal Address 2'

2018-11-22 21:51:19 - [TEST_STEP][PASSED] - click: Object: 'Object Repository/Final Object Repo/Creating Employer Account/Page_Registration - ASSIST (Base)/State' is clicked on

2018-11-22 21:51:20 - [MESSAGE][PASSED] - Object: 'Object Repository/Final Object Repo/Creating Employer Account/Page_Registration - ASSIST (Base)/State' is clicked on

2018-11-22 21:51:20 - [TEST_STEP][PASSED] - delay: Delayed 2 second(s)

2018-11-22 21:51:22 - [MESSAGE][PASSED] - Delayed 2 second(s)

2018-11-22 21:51:22 - [TEST_STEP][PASSED] - click: Object: 'Object Repository/Final Object Repo/Creating Employer Account/Page_Registration - ASSIST (Base)/State - Johor' is clicked on

2018-11-22 21:51:22 - [MESSAGE][PASSED] - Object: 'Object Repository/Final Object Repo/Creating Employer Account/Page_Registration - ASSIST (Base)/State - Johor' is clicked on

2018-11-22 21:51:22 - [TEST_STEP][PASSED] - delay: Delayed 2 second(s)

2018-11-22 21:51:24 - [MESSAGE][PASSED] - Delayed 2 second(s)

2018-11-22 21:51:24 - [TEST_STEP][PASSED] - click: Object: 'Object Repository/Final Object Repo/Creating Employer Account/Page_Registration - ASSIST (Base)/City' is clicked on

2018-11-22 21:51:24 - [MESSAGE][PASSED] - Object: 'Object Repository/Final Object Repo/Creating Employer Account/Page_Registration - ASSIST (Base)/City' is clicked on

2018-11-22 21:51:24 - [TEST_STEP][PASSED] - delay: Delayed 2 second(s)

2018-11-22 21:51:26 - [MESSAGE][PASSED] - Delayed 2 second(s)

2018-11-22 21:51:26 - [TEST_STEP][PASSED] - setText: Text 'joh' is set on object 'Object Repository/Final Object Repo/Creating Employer Account/Page_Registration - ASSIST (Base)/City - joh'

2018-11-22 21:51:26 - [MESSAGE][PASSED] - Text 'joh' is set on object 'Object Repository/Final Object Repo/Creating Employer Account/Page_Registration - ASSIST (Base)/City - joh'

2018-11-22 21:51:26 - [TEST_STEP][PASSED] - delay: Delayed 2 second(s)

2018-11-22 21:51:28 - [MESSAGE][PASSED] - Delayed 2 second(s)

2018-11-22 21:51:28 - [TEST_STEP][PASSED] - click: Object: 'Object Repository/Final Object Repo/Creating Employer Account/Page_Registration - ASSIST (Base)/City - Johor Bharu' is clicked on

2018-11-22 21:51:28 - [MESSAGE][PASSED] - Object: 'Object Repository/Final Object Repo/Creating Employer Account/Page_Registration - ASSIST (Base)/City - Johor Bharu' is clicked on

2018-11-22 21:51:28 - [TEST_STEP][PASSED] - delay: Delayed 2 second(s)

2018-11-22 21:51:30 - [MESSAGE][PASSED] - Delayed 2 second(s)

2018-11-22 21:51:30 - [TEST_STEP][PASSED] - click: Object: 'Object Repository/Final Object Repo/Creating Employer Account/Page_Registration - ASSIST (Base)/Post Code' is clicked on

2018-11-22 21:51:30 - [MESSAGE][PASSED] - Object: 'Object Repository/Final Object Repo/Creating Employer Account/Page_Registration - ASSIST (Base)/Post Code' is clicked on

2018-11-22 21:51:30 - [TEST_STEP][PASSED] - delay: Delayed 2 second(s)

2018-11-22 21:51:32 - [MESSAGE][PASSED] - Delayed 2 second(s)

2018-11-22 21:51:32 - [TEST_STEP][PASSED] - setText: Text '810' is set on object 'Object Repository/Final Object Repo/Creating Employer Account/Page_Registration - ASSIST (Base)/Post Code - 810'

2018-11-22 21:51:33 - [MESSAGE][PASSED] - Text '810' is set on object 'Object Repository/Final Object Repo/Creating Employer Account/Page_Registration - ASSIST (Base)/Post Code - 810'

2018-11-22 21:51:33 - [TEST_STEP][PASSED] - delay: Delayed 2 second(s)

2018-11-22 21:51:35 - [MESSAGE][PASSED] - Delayed 2 second(s)

2018-11-22 21:51:35 - [TEST_STEP][PASSED] - click: Object: 'Object Repository/Final Object Repo/Creating Employer Account/Page_Registration - ASSIST (Base)/Post Code - 81000' is clicked on

2018-11-22 21:51:35 - [MESSAGE][PASSED] - Object: 'Object Repository/Final Object Repo/Creating Employer Account/Page_Registration - ASSIST (Base)/Post Code - 81000' is clicked on

2018-11-22 21:51:35 - [TEST_STEP][PASSED] - delay: Delayed 2 second(s)

2018-11-22 21:51:37 - [MESSAGE][PASSED] - Delayed 2 second(s)

2018-11-22 21:51:37 - [TEST_STEP][PASSED] - setText: Text 'PERKESO' is set on object 'Object Repository/Final Object Repo/Creating Employer Account/Page_Registration - ASSIST (Base)/Full Name'

2018-11-22 21:51:37 - [MESSAGE][PASSED] - Text 'PERKESO' is set on object 'Object Repository/Final Object Repo/Creating Employer Account/Page_Registration - ASSIST (Base)/Full Name'

2018-11-22 21:51:37 - [TEST_STEP][PASSED] - Statement - rnd = new java.util.Random(): null

2018-11-22 21:51:37 - [TEST_STEP][PASSED] - Statement - snum = rnd.nextInt(899999 + 1) + 100000: null

2018-11-22 21:51:37 - [TEST_STEP][PASSED] - Statement - tnum = rnd.nextInt(899999 + 1) + 100000: null

2018-11-22 21:51:37 - [TEST_STEP][PASSED] - Statement - IC = java.lang.Integer.toString(snum) + java.lang.Integer.toString(tnum): null

2018-11-22 21:51:37 - [TEST_STEP][PASSED] - Statement - out.println(IC): null

2018-11-22 21:51:37 - [TEST_STEP][PASSED] - setText: Text '456454999144' is set on object 'Object Repository/Final Object Repo/Creating Employer Account/Page_Registration - ASSIST (Base)/Identification Number'

2018-11-22 21:51:37 - [MESSAGE][PASSED] - Text '456454999144' is set on object 'Object Repository/Final Object Repo/Creating Employer Account/Page_Registration - ASSIST (Base)/Identification Number'

2018-11-22 21:51:37 - [TEST_STEP][PASSED] - delay: Delayed 2 second(s)

2018-11-22 21:51:39 - [MESSAGE][PASSED] - Delayed 2 second(s)

2018-11-22 21:51:39 - [TEST_STEP][PASSED] - setText: Text '123456789012' is set on object 'Object Repository/Final Object Repo/Creating Employer Account/Page_Registration - ASSIST (Base)/Contact Number'

2018-11-22 21:51:40 - [MESSAGE][PASSED] - Text '123456789012' is set on object 'Object Repository/Final Object Repo/Creating Employer Account/Page_Registration - ASSIST (Base)/Contact Number'

2018-11-22 21:51:40 - [TEST_STEP][PASSED] - Statement - Email = "perkeso" + IC + "@gmail.com": null

2018-11-22 21:51:40 - [TEST_STEP][PASSED] - delay: Delayed 2 second(s)

2018-11-22 21:51:42 - [MESSAGE][PASSED] - Delayed 2 second(s)

2018-11-22 21:51:42 - [TEST_STEP][PASSED] - callTestCase: Call Test Case 'Test Cases/Final Aug 2018 - PKS Automation/Create Employer Acc/Template/Employer Email Settler' successfully

2018-11-22 21:51:42 - [TEST_CASE][PASSED] - Test Cases/Final Aug 2018 - PKS Automation/Create Employer Acc/Template/Employer Email Settler: Test Cases/Final Aug 2018 - PKS Automation/Create Employer Acc/Template/Employer Email Settler

2018-11-22 21:51:42 - [TEST_STEP][PASSED] - Statement - EmpEmailOld = new java.io.File(C://Users//Admin//Desktop//PKS//Automation Reference Point//EmpEmail.txt): null

2018-11-22 21:51:42 - [TEST_STEP][PASSED] - Statement - EmpEmailOld.delete(): null

2018-11-22 21:51:42 - [TEST_STEP][PASSED] - Statement - EmpEmail = new java.io.File(C://Users//Admin//Desktop//PKS//Automation Reference Point//EmpEmail.txt): null

2018-11-22 21:51:42 - [TEST_STEP][PASSED] - Statement - EmpEmail.append(Email): null

2018-11-22 21:51:42 - [TEST_STEP][PASSED] - Statement - out.println(Email): null

2018-11-22 21:51:42 - [MESSAGE][PASSED] - Call Test Case 'Test Cases/Final Aug 2018 - PKS Automation/Create Employer Acc/Template/Employer Email Settler' successfully

2018-11-22 21:51:42 - [TEST_STEP][PASSED] - delay: Delayed 2 second(s)

2018-11-22 21:51:44 - [MESSAGE][PASSED] - Delayed 2 second(s)

2018-11-22 21:51:44 - [TEST_STEP][PASSED] - setText: Text 'perkeso456454999144@gmail.com' is set on object 'Object Repository/Final Object Repo/Creating Employer Account/Page_Registration - ASSIST (Base)/Email'

2018-11-22 21:51:44 - [MESSAGE][PASSED] - Text 'perkeso456454999144@gmail.com' is set on object 'Object Repository/Final Object Repo/Creating Employer Account/Page_Registration - ASSIST (Base)/Email'

2018-11-22 21:51:44 - [TEST_STEP][PASSED] - setText: Text '123' is set on object 'Object Repository/Final Object Repo/Creating Employer Account/Page_Registration - ASSIST (Base)/Security Phase'

2018-11-22 21:51:44 - [MESSAGE][PASSED] - Text '123' is set on object 'Object Repository/Final Object Repo/Creating Employer Account/Page_Registration - ASSIST (Base)/Security Phase'

2018-11-22 21:51:44 - [TEST_STEP][PASSED] - click: Object: 'Object Repository/Final Object Repo/Creating Employer Account/Page_Registration - ASSIST (Base)/Save  Continue' is clicked on

2018-11-22 21:51:45 - [MESSAGE][PASSED] - Object: 'Object Repository/Final Object Repo/Creating Employer Account/Page_Registration - ASSIST (Base)/Save  Continue' is clicked on

2018-11-22 21:51:45 - [TEST_STEP][PASSED] - delay: Delayed 2 second(s)

2018-11-22 21:51:47 - [MESSAGE][PASSED] - Delayed 2 second(s)

2018-11-22 21:51:47 - [TEST_STEP][PASSED] - click: Object: 'Object Repository/Final Object Repo/Creating Employer Account/Page_Registration - ASSIST (Base)/Add Document' is clicked on

2018-11-22 21:51:47 - [MESSAGE][PASSED] - Object: 'Object Repository/Final Object Repo/Creating Employer Account/Page_Registration - ASSIST (Base)/Add Document' is clicked on

2018-11-22 21:51:47 - [TEST_STEP][PASSED] - delay: Delayed 2 second(s)

2018-11-22 21:51:49 - [MESSAGE][PASSED] - Delayed 2 second(s)

2018-11-22 21:51:49 - [TEST_STEP][PASSED] - click: Object: 'Object Repository/Final Object Repo/Creating Employer Account/Page_Registration - ASSIST (Base)/Document Type' is clicked on

2018-11-22 21:51:49 - [MESSAGE][PASSED] - Object: 'Object Repository/Final Object Repo/Creating Employer Account/Page_Registration - ASSIST (Base)/Document Type' is clicked on

2018-11-22 21:51:49 - [TEST_STEP][PASSED] - delay: Delayed 2 second(s)

2018-11-22 21:51:51 - [MESSAGE][PASSED] - Delayed 2 second(s)

2018-11-22 21:51:51 - [TEST_STEP][PASSED] - click: Object: 'Object Repository/Final Object Repo/Creating Employer Account/Page_Registration - ASSIST (Base)/Document Type - Letter of Authorization' is clicked on

2018-11-22 21:51:51 - [MESSAGE][PASSED] - Object: 'Object Repository/Final Object Repo/Creating Employer Account/Page_Registration - ASSIST (Base)/Document Type - Letter of Authorization' is clicked on

2018-11-22 21:51:51 - [TEST_STEP][PASSED] - delay: Delayed 2 second(s)

2018-11-22 21:51:53 - [MESSAGE][PASSED] - Delayed 2 second(s)

2018-11-22 21:51:53 - [TEST_STEP][PASSED] - sendKeys: Keys 'C:\Users\Public\Pictures\Sample Pictures\Koala.jpg' sent to object: 'Object Repository/Final Object Repo/Creating Employer Account/Page_Registration - ASSIST (Base)/Uploading File'

2018-11-22 21:51:53 - [MESSAGE][PASSED] - Keys 'C:\Users\Public\Pictures\Sample Pictures\Koala.jpg' sent to object: 'Object Repository/Final Object Repo/Creating Employer Account/Page_Registration - ASSIST (Base)/Uploading File'

2018-11-22 21:51:53 - [TEST_STEP][PASSED] - delay: Delayed 2 second(s)

2018-11-22 21:51:55 - [MESSAGE][PASSED] - Delayed 2 second(s)

2018-11-22 21:51:55 - [TEST_STEP][PASSED] - click: Object: 'Object Repository/Final Object Repo/Creating Employer Account/Page_Registration - ASSIST (Base)/Add Document in Uploading File' is clicked on

2018-11-22 21:51:55 - [MESSAGE][PASSED] - Object: 'Object Repository/Final Object Repo/Creating Employer Account/Page_Registration - ASSIST (Base)/Add Document in Uploading File' is clicked on

2018-11-22 21:51:55 - [TEST_STEP][PASSED] - delay: Delayed 2 second(s)

2018-11-22 21:51:57 - [MESSAGE][PASSED] - Delayed 2 second(s)

2018-11-22 21:51:57 - [TEST_STEP][PASSED] - click: Object: 'Object Repository/Final Object Repo/Creating Employer Account/Page_Registration - ASSIST (Base)/Save' is clicked on

2018-11-22 21:51:58 - [MESSAGE][PASSED] - Object: 'Object Repository/Final Object Repo/Creating Employer Account/Page_Registration - ASSIST (Base)/Save' is clicked on

2018-11-22 21:51:58 - [TEST_STEP][PASSED] - delay: Delayed 2 second(s)

2018-11-22 21:52:00 - [MESSAGE][PASSED] - Delayed 2 second(s)

2018-11-22 21:52:00 - [TEST_STEP][PASSED] - click: Object: 'Object Repository/Final Object Repo/Creating Employer Account/Page_Registration - ASSIST (Base)/Submit' is clicked on

2018-11-22 21:52:00 - [MESSAGE][PASSED] - Object: 'Object Repository/Final Object Repo/Creating Employer Account/Page_Registration - ASSIST (Base)/Submit' is clicked on

2018-11-22 21:52:00 - [TEST_STEP][PASSED] - delay: Delayed 2 second(s)

2018-11-22 21:52:02 - [MESSAGE][PASSED] - Delayed 2 second(s)

2018-11-22 21:52:02 - [TEST_STEP][PASSED] - click: Object: 'Object Repository/Final Object Repo/Creating Employer Account/Page_Registration - ASSIST (Base)/Confirm' is clicked on

2018-11-22 21:52:02 - [MESSAGE][PASSED] - Object: 'Object Repository/Final Object Repo/Creating Employer Account/Page_Registration - ASSIST (Base)/Confirm' is clicked on

2018-11-22 21:52:02 - [MESSAGE][PASSED] - Call Test Case 'Test Cases/Final Aug 2018 - PKS Automation/Create Employer Acc/Template/Register Employer' successfully

2018-11-22 21:52:02 - [TEST_STEP][PASSED] - delay: Delayed 1 second(s)

2018-11-22 21:52:03 - [MESSAGE][PASSED] - Delayed 1 second(s)

2018-11-22 21:52:03 - [TEST_STEP][PASSED] - navigateToUrl: Navigate to 'https://assist2-uat.perkeso.gov.my/c/portal/logout' successfully

2018-11-22 21:52:05 - [MESSAGE][PASSED] - Navigate to 'https://assist2-uat.perkeso.gov.my/c/portal/logout' successfully

2018-11-22 21:52:05 - [TEST_STEP][PASSED] - delay: Delayed 1 second(s)

2018-11-22 21:52:06 - [MESSAGE][PASSED] - Delayed 1 second(s)

2018-11-22 21:52:06 - [TEST_STEP][PASSED] - callTestCase: Call Test Case 'Test Cases/Final Aug 2018 - PKS Automation/Create Employer Acc/Template/Change Password of Employer' successfully

2018-11-22 21:52:06 - [TEST_CASE][PASSED] - Test Cases/Final Aug 2018 - PKS Automation/Create Employer Acc/Template/Change Password of Employer: Test Cases/Final Aug 2018 - PKS Automation/Create Employer Acc/Template/Change Password of Employer

2018-11-22 21:52:06 - [TEST_STEP][PASSED] - openBrowser: Browser is opened with url: ''

2018-11-22 21:52:06 - [MESSAGE][WARNING] - A browser is already opened. Closing browser and opening a new one

2018-11-22 21:52:10 - [MESSAGE][PASSED] - Browser is opened with url: ''

2018-11-22 21:52:10 - [TEST_STEP][PASSED] - navigateToUrl: Navigate to 'https://assist2-uat.perkeso.gov.my/login' successfully

2018-11-22 21:52:11 - [MESSAGE][PASSED] - Navigate to 'https://assist2-uat.perkeso.gov.my/login' successfully

2018-11-22 21:52:11 - [TEST_STEP][PASSED] - delay: Delayed 5 second(s)

2018-11-22 21:52:16 - [MESSAGE][PASSED] - Delayed 5 second(s)

2018-11-22 21:52:16 - [TEST_STEP][PASSED] - setText: Text 'test@liferay.com' is set on object 'Object Repository/Final Object Repo/Login Page/Internal User/Email Address'

2018-11-22 21:52:16 - [MESSAGE][PASSED] - Text 'test@liferay.com' is set on object 'Object Repository/Final Object Repo/Login Page/Internal User/Email Address'

2018-11-22 21:52:16 - [TEST_STEP][PASSED] - click: Object: 'Object Repository/Final Object Repo/Login Page/Internal User/Next Button' is clicked on

2018-11-22 21:52:16 - [MESSAGE][PASSED] - Object: 'Object Repository/Final Object Repo/Login Page/Internal User/Next Button' is clicked on

2018-11-22 21:52:16 - [TEST_STEP][PASSED] - delay: Delayed 2 second(s)

2018-11-22 21:52:18 - [MESSAGE][PASSED] - Delayed 2 second(s)

2018-11-22 21:52:18 - [TEST_STEP][PASSED] - setText: Text 'test' is set on object 'Object Repository/Final Object Repo/Login Page/Internal User/Password'

2018-11-22 21:52:18 - [MESSAGE][PASSED] - Text 'test' is set on object 'Object Repository/Final Object Repo/Login Page/Internal User/Password'

2018-11-22 21:52:18 - [TEST_STEP][PASSED] - delay: Delayed 2 second(s)

2018-11-22 21:52:20 - [MESSAGE][PASSED] - Delayed 2 second(s)

2018-11-22 21:52:20 - [TEST_STEP][PASSED] - click: Object: 'Object Repository/Final Object Repo/Login Page/Internal User/Login Button' is clicked on

2018-11-22 21:52:21 - [MESSAGE][PASSED] - Object: 'Object Repository/Final Object Repo/Login Page/Internal User/Login Button' is clicked on

2018-11-22 21:52:21 - [TEST_STEP][PASSED] - delay: Delayed 3 second(s)

2018-11-22 21:52:24 - [MESSAGE][PASSED] - Delayed 3 second(s)

2018-11-22 21:52:24 - [TEST_STEP][PASSED] - navigateToUrl: Navigate to 'https://assist2-uat.perkeso.gov.my/group/control_panel/manage?p_p_id=125&p_p_lifecycle=0&p_p_state=maximized&p_p_mode=view&refererPlid=20455&_125_usersListView=flat-users&_125_toolbarItem=view-all-users&_125_saveUsersListView=true&_125_struts_action=%2Fusers_admin%2Fview' successfully

2018-11-22 21:52:25 - [MESSAGE][PASSED] - Navigate to 'https://assist2-uat.perkeso.gov.my/group/control_panel/manage?p_p_id=125&p_p_lifecycle=0&p_p_state=maximized&p_p_mode=view&refererPlid=20455&_125_usersListView=flat-users&_125_toolbarItem=view-all-users&_125_saveUsersListView=true&_125_struts_action=%2Fusers_admin%2Fview' successfully

2018-11-22 21:52:25 - [TEST_STEP][PASSED] - delay: Delayed 3 second(s)

2018-11-22 21:52:28 - [MESSAGE][PASSED] - Delayed 3 second(s)

2018-11-22 21:52:28 - [TEST_STEP][PASSED] - setText: Text 'perkeso456454999144@gmail.com' is set on object 'Object Repository/Final Object Repo/Creating Employer Account/Page_Users and Organizations - ASSIST/Employer name'

2018-11-22 21:52:29 - [MESSAGE][PASSED] - Text 'perkeso456454999144@gmail.com' is set on object 'Object Repository/Final Object Repo/Creating Employer Account/Page_Users and Organizations - ASSIST/Employer name'

2018-11-22 21:52:29 - [TEST_STEP][PASSED] - delay: Delayed 3 second(s)

2018-11-22 21:52:32 - [MESSAGE][PASSED] - Delayed 3 second(s)

2018-11-22 21:52:32 - [TEST_STEP][PASSED] - click: Object: 'Object Repository/Final Object Repo/Creating Employer Account/Page_Users and Organizations - ASSIST/Search' is clicked on

2018-11-22 21:52:32 - [MESSAGE][PASSED] - Object: 'Object Repository/Final Object Repo/Creating Employer Account/Page_Users and Organizations - ASSIST/Search' is clicked on

2018-11-22 21:52:32 - [TEST_STEP][PASSED] - delay: Delayed 3 second(s)

2018-11-22 21:52:35 - [MESSAGE][PASSED] - Delayed 3 second(s)

2018-11-22 21:52:35 - [TEST_STEP][PASSED] - click: Object: 'Object Repository/Final Object Repo/Creating Employer Account/Page_Users and Organizations - ASSIST/Action' is clicked on

2018-11-22 21:52:35 - [MESSAGE][PASSED] - Object: 'Object Repository/Final Object Repo/Creating Employer Account/Page_Users and Organizations - ASSIST/Action' is clicked on

2018-11-22 21:52:35 - [TEST_STEP][PASSED] - delay: Delayed 3 second(s)

2018-11-22 21:52:38 - [MESSAGE][PASSED] - Delayed 3 second(s)

2018-11-22 21:52:38 - [TEST_STEP][PASSED] - click: Object: 'Object Repository/Final Object Repo/Creating Employer Account/Page_Users and Organizations - ASSIST/Edit' is clicked on

2018-11-22 21:52:39 - [MESSAGE][PASSED] - Object: 'Object Repository/Final Object Repo/Creating Employer Account/Page_Users and Organizations - ASSIST/Edit' is clicked on

2018-11-22 21:52:39 - [TEST_STEP][PASSED] - delay: Delayed 3 second(s)

2018-11-22 21:52:42 - [MESSAGE][PASSED] - Delayed 3 second(s)

2018-11-22 21:52:42 - [TEST_STEP][PASSED] - click: Object: 'Object Repository/Final Object Repo/Creating Employer Account/Page_PERKESO - Users and Organizati/a_Password (Modified)' is clicked on

2018-11-22 21:52:42 - [MESSAGE][PASSED] - Object: 'Object Repository/Final Object Repo/Creating Employer Account/Page_PERKESO - Users and Organizati/a_Password (Modified)' is clicked on

2018-11-22 21:52:42 - [TEST_STEP][PASSED] - delay: Delayed 3 second(s)

2018-11-22 21:52:45 - [MESSAGE][PASSED] - Delayed 3 second(s)

2018-11-22 21:52:45 - [TEST_STEP][PASSED] - setEncryptedText: Text ****** has been set on object 'Object Repository/Final Object Repo/Creating Employer Account/Page_PERKESO - Users and Organizati/input__125_password1'

2018-11-22 21:52:46 - [MESSAGE][PASSED] - Text ****** has been set on object 'Object Repository/Final Object Repo/Creating Employer Account/Page_PERKESO - Users and Organizati/input__125_password1'

2018-11-22 21:52:46 - [TEST_STEP][PASSED] - delay: Delayed 3 second(s)

2018-11-22 21:52:49 - [MESSAGE][PASSED] - Delayed 3 second(s)

2018-11-22 21:52:49 - [TEST_STEP][PASSED] - setEncryptedText: Text ****** has been set on object 'Object Repository/Final Object Repo/Creating Employer Account/Page_PERKESO - Users and Organizati/input__125_password2'

2018-11-22 21:52:49 - [MESSAGE][PASSED] - Text ****** has been set on object 'Object Repository/Final Object Repo/Creating Employer Account/Page_PERKESO - Users and Organizati/input__125_password2'

2018-11-22 21:52:49 - [TEST_STEP][PASSED] - delay: Delayed 3 second(s)

2018-11-22 21:52:52 - [MESSAGE][PASSED] - Delayed 3 second(s)

2018-11-22 21:52:52 - [TEST_STEP][PASSED] - click: Object: 'Object Repository/Final Object Repo/Creating Employer Account/Page_PERKESO - Users and Organizati/Save' is clicked on

2018-11-22 21:52:54 - [MESSAGE][PASSED] - Object: 'Object Repository/Final Object Repo/Creating Employer Account/Page_PERKESO - Users and Organizati/Save' is clicked on

2018-11-22 21:52:54 - [MESSAGE][PASSED] - Call Test Case 'Test Cases/Final Aug 2018 - PKS Automation/Create Employer Acc/Template/Change Password of Employer' successfully

2018-11-22 21:52:54 - [TEST_STEP][PASSED] - delay: Delayed 1 second(s)

2018-11-22 21:52:55 - [MESSAGE][PASSED] - Delayed 1 second(s)

2018-11-22 21:52:55 - [TEST_STEP][PASSED] - navigateToUrl: Navigate to 'https://assist2-uat.perkeso.gov.my/c/portal/logout' successfully

2018-11-22 21:52:56 - [MESSAGE][PASSED] - Navigate to 'https://assist2-uat.perkeso.gov.my/c/portal/logout' successfully

2018-11-22 21:52:56 - [TEST_STEP][PASSED] - delay: Delayed 1 second(s)

2018-11-22 21:52:57 - [MESSAGE][PASSED] - Delayed 1 second(s)

2018-11-22 21:52:57 - [TEST_STEP][PASSED] - callTestCase: Call Test Case 'Test Cases/Final Aug 2018 - PKS Automation/Create Employer Acc/Template/Login to Employer Account (First Time)' successfully

2018-11-22 21:52:57 - [TEST_CASE][PASSED] - Test Cases/Final Aug 2018 - PKS Automation/Create Employer Acc/Template/Login to Employer Account (First Time): Test Cases/Final Aug 2018 - PKS Automation/Create Employer Acc/Template/Login to Employer Account (First Time)

2018-11-22 21:52:57 - [TEST_STEP][PASSED] - openBrowser: Browser is opened with url: ''

2018-11-22 21:52:57 - [MESSAGE][WARNING] - A browser is already opened. Closing browser and opening a new one

2018-11-22 21:53:01 - [MESSAGE][PASSED] - Browser is opened with url: ''

2018-11-22 21:53:01 - [TEST_STEP][PASSED] - navigateToUrl: Navigate to 'https://assist2-uat.perkeso.gov.my/employer/login' successfully

2018-11-22 21:53:02 - [MESSAGE][PASSED] - Navigate to 'https://assist2-uat.perkeso.gov.my/employer/login' successfully

2018-11-22 21:53:02 - [TEST_STEP][PASSED] - delay: Delayed 3 second(s)

2018-11-22 21:53:05 - [MESSAGE][PASSED] - Delayed 3 second(s)

2018-11-22 21:53:05 - [TEST_STEP][PASSED] - callTestCase: Call Test Case 'Test Cases/Final Aug 2018 - PKS Automation/Create Employer Acc/Template/Employer Email Getter' successfully

2018-11-22 21:53:05 - [TEST_CASE][PASSED] - Test Cases/Final Aug 2018 - PKS Automation/Create Employer Acc/Template/Employer Email Getter: Test Cases/Final Aug 2018 - PKS Automation/Create Employer Acc/Template/Employer Email Getter

2018-11-22 21:53:05 - [TEST_STEP][PASSED] - Statement - Try: null

2018-11-22 21:53:05 - [TEST_STEP][PASSED] - Statement - EmpEmail = new java.io.File(C://Users//Admin//Desktop//PKS//Automation Reference Point//EmpEmail.txt): null

2018-11-22 21:53:05 - [TEST_STEP][PASSED] - Statement - bufferread = new java.io.BufferedReader(new java.io.FileReader(EmpEmail)): null

2018-11-22 21:53:05 - [TEST_STEP][PASSED] - Statement - readedVal = bufferread.readLine(): null

2018-11-22 21:53:05 - [TEST_STEP][PASSED] - Statement - out.println(readedVal): null

2018-11-22 21:53:05 - [TEST_STEP][PASSED] - Statement - Email = readedVal: null

2018-11-22 21:53:05 - [MESSAGE][PASSED] - Call Test Case 'Test Cases/Final Aug 2018 - PKS Automation/Create Employer Acc/Template/Employer Email Getter' successfully

2018-11-22 21:53:05 - [TEST_STEP][PASSED] - setText: Text 'perkeso456454999144@gmail.com' is set on object 'Object Repository/Final Object Repo/Login Page/External Login Page/Email'

2018-11-22 21:53:05 - [MESSAGE][PASSED] - Text 'perkeso456454999144@gmail.com' is set on object 'Object Repository/Final Object Repo/Login Page/External Login Page/Email'

2018-11-22 21:53:05 - [TEST_STEP][PASSED] - click: Object: 'Object Repository/Final Object Repo/Login Page/External Login Page/Next' is clicked on

2018-11-22 21:53:05 - [MESSAGE][PASSED] - Object: 'Object Repository/Final Object Repo/Login Page/External Login Page/Next' is clicked on

2018-11-22 21:53:05 - [TEST_STEP][PASSED] - delay: Delayed 3 second(s)

2018-11-22 21:53:08 - [MESSAGE][PASSED] - Delayed 3 second(s)

2018-11-22 21:53:08 - [TEST_STEP][PASSED] - setEncryptedText: Text ****** has been set on object 'Object Repository/Final Object Repo/Login Page/External Login Page/Password'

2018-11-22 21:53:09 - [MESSAGE][PASSED] - Text ****** has been set on object 'Object Repository/Final Object Repo/Login Page/External Login Page/Password'

2018-11-22 21:53:09 - [TEST_STEP][PASSED] - click: Object: 'Object Repository/Final Object Repo/Login Page/External Login Page/Login' is clicked on

2018-11-22 21:53:09 - [MESSAGE][PASSED] - Object: 'Object Repository/Final Object Repo/Login Page/External Login Page/Login' is clicked on

2018-11-22 21:53:09 - [TEST_STEP][PASSED] - delay: Delayed 3 second(s)

2018-11-22 21:53:12 - [MESSAGE][PASSED] - Delayed 3 second(s)

2018-11-22 21:53:12 - [TEST_STEP][PASSED] - click: Object: 'Object Repository/Final Object Repo/Creating Employer Account/Page_Terms of Use - ASSIST/button_I Agree' is clicked on

2018-11-22 21:53:12 - [MESSAGE][PASSED] - Object: 'Object Repository/Final Object Repo/Creating Employer Account/Page_Terms of Use - ASSIST/button_I Agree' is clicked on

2018-11-22 21:53:12 - [TEST_STEP][PASSED] - delay: Delayed 2 second(s)

2018-11-22 21:53:14 - [MESSAGE][PASSED] - Delayed 2 second(s)

2018-11-22 21:53:14 - [TEST_STEP][PASSED] - setEncryptedText: Text ****** has been set on object 'Object Repository/Final Object Repo/Creating Employer Account/Page_New Password - ASSIST/input_password1'

2018-11-22 21:53:14 - [MESSAGE][PASSED] - Text ****** has been set on object 'Object Repository/Final Object Repo/Creating Employer Account/Page_New Password - ASSIST/input_password1'

2018-11-22 21:53:14 - [TEST_STEP][PASSED] - setEncryptedText: Text ****** has been set on object 'Object Repository/Final Object Repo/Creating Employer Account/Page_New Password - ASSIST/input_password2'

2018-11-22 21:53:14 - [MESSAGE][PASSED] - Text ****** has been set on object 'Object Repository/Final Object Repo/Creating Employer Account/Page_New Password - ASSIST/input_password2'

2018-11-22 21:53:14 - [TEST_STEP][PASSED] - delay: Delayed 2 second(s)

2018-11-22 21:53:16 - [MESSAGE][PASSED] - Delayed 2 second(s)

2018-11-22 21:53:16 - [TEST_STEP][PASSED] - click: Object: 'Object Repository/Final Object Repo/Creating Employer Account/Page_New Password - ASSIST/Save' is clicked on

2018-11-22 21:53:17 - [MESSAGE][PASSED] - Object: 'Object Repository/Final Object Repo/Creating Employer Account/Page_New Password - ASSIST/Save' is clicked on

2018-11-22 21:53:17 - [TEST_STEP][PASSED] - delay: Delayed 2 second(s)

2018-11-22 21:53:19 - [MESSAGE][PASSED] - Delayed 2 second(s)

2018-11-22 21:53:19 - [TEST_STEP][PASSED] - setText: Text 'test' is set on object 'Object Repository/Final Object Repo/Creating Employer Account/Page_Password Reminder - ASSIST/Reminder Query Answer'

2018-11-22 21:53:19 - [MESSAGE][PASSED] - Text 'test' is set on object 'Object Repository/Final Object Repo/Creating Employer Account/Page_Password Reminder - ASSIST/Reminder Query Answer'

2018-11-22 21:53:19 - [TEST_STEP][PASSED] - delay: Delayed 2 second(s)

2018-11-22 21:53:21 - [MESSAGE][PASSED] - Delayed 2 second(s)

2018-11-22 21:53:21 - [TEST_STEP][PASSED] - doubleClick: Object: 'Object Repository/Final Object Repo/Creating Employer Account/Page_Password Reminder - ASSIST/Save' is double clicked on

2018-11-22 21:53:21 - [MESSAGE][PASSED] - Object: 'Object Repository/Final Object Repo/Creating Employer Account/Page_Password Reminder - ASSIST/Save' is double clicked on

2018-11-22 21:53:21 - [MESSAGE][PASSED] - Call Test Case 'Test Cases/Final Aug 2018 - PKS Automation/Create Employer Acc/Template/Login to Employer Account (First Time)' successfully

2018-11-22 21:53:21 - [MESSAGE][PASSED] - Call Test Case 'Test Cases/Final Aug 2018 - PKS Automation/Create Employer Acc/Create Employer Account' successfully

2018-11-22 21:53:21 - [TEST_STEP][PASSED] - callTestCase: Call Test Case 'Test Cases/Final Aug 2018 - PKS Automation/Registration Module/Log Out/log out avoiding katalon tagging' successfully

2018-11-22 21:53:21 - [TEST_CASE][PASSED] - Test Cases/Final Aug 2018 - PKS Automation/Registration Module/Log Out/log out avoiding katalon tagging: Test Cases/Final Aug 2018 - PKS Automation/Registration Module/Log Out/log out avoiding katalon tagging

2018-11-22 21:53:21 - [TEST_STEP][PASSED] - navigateToUrl: Navigate to 'https://assist2-uat.perkeso.gov.my/c/portal/logout' successfully

2018-11-22 21:53:24 - [MESSAGE][PASSED] - Navigate to 'https://assist2-uat.perkeso.gov.my/c/portal/logout' successfully

2018-11-22 21:53:24 - [MESSAGE][PASSED] - Call Test Case 'Test Cases/Final Aug 2018 - PKS Automation/Registration Module/Log Out/log out avoiding katalon tagging' successfully

2018-11-22 21:53:24 - [TEST_STEP][PASSED] - callTestCase: Call Test Case 'Test Cases/Final Aug 2018 - PKS Automation/Create Employer Acc/Login to Employer Account (Second time)' successfully

2018-11-22 21:53:24 - [TEST_CASE][PASSED] - Test Cases/Final Aug 2018 - PKS Automation/Create Employer Acc/Login to Employer Account (Second time): Test Cases/Final Aug 2018 - PKS Automation/Create Employer Acc/Login to Employer Account (Second time)

2018-11-22 21:53:24 - [TEST_STEP][PASSED] - openBrowser: Browser is opened with url: ''

2018-11-22 21:53:24 - [MESSAGE][WARNING] - A browser is already opened. Closing browser and opening a new one

2018-11-22 21:53:28 - [MESSAGE][PASSED] - Browser is opened with url: ''

2018-11-22 21:53:28 - [TEST_STEP][PASSED] - navigateToUrl: Navigate to 'https://assist2-uat.perkeso.gov.my/employer/login' successfully

2018-11-22 21:53:29 - [MESSAGE][PASSED] - Navigate to 'https://assist2-uat.perkeso.gov.my/employer/login' successfully

2018-11-22 21:53:29 - [TEST_STEP][PASSED] - delay: Delayed 3 second(s)

2018-11-22 21:53:32 - [MESSAGE][PASSED] - Delayed 3 second(s)

2018-11-22 21:53:32 - [TEST_STEP][PASSED] - callTestCase: Call Test Case 'Test Cases/Final Aug 2018 - PKS Automation/Create Employer Acc/Template/Employer Email Getter' successfully

2018-11-22 21:53:32 - [TEST_CASE][PASSED] - Test Cases/Final Aug 2018 - PKS Automation/Create Employer Acc/Template/Employer Email Getter: Test Cases/Final Aug 2018 - PKS Automation/Create Employer Acc/Template/Employer Email Getter

2018-11-22 21:53:32 - [TEST_STEP][PASSED] - Statement - Try: null

2018-11-22 21:53:32 - [TEST_STEP][PASSED] - Statement - EmpEmail = new java.io.File(C://Users//Admin//Desktop//PKS//Automation Reference Point//EmpEmail.txt): null

2018-11-22 21:53:32 - [TEST_STEP][PASSED] - Statement - bufferread = new java.io.BufferedReader(new java.io.FileReader(EmpEmail)): null

2018-11-22 21:53:32 - [TEST_STEP][PASSED] - Statement - readedVal = bufferread.readLine(): null

2018-11-22 21:53:32 - [TEST_STEP][PASSED] - Statement - out.println(readedVal): null

2018-11-22 21:53:32 - [TEST_STEP][PASSED] - Statement - Email = readedVal: null

2018-11-22 21:53:32 - [MESSAGE][PASSED] - Call Test Case 'Test Cases/Final Aug 2018 - PKS Automation/Create Employer Acc/Template/Employer Email Getter' successfully

2018-11-22 21:53:32 - [TEST_STEP][PASSED] - setText: Text 'perkeso456454999144@gmail.com' is set on object 'Object Repository/Final Object Repo/Login Page/External Login Page/Email'

2018-11-22 21:53:32 - [MESSAGE][PASSED] - Text 'perkeso456454999144@gmail.com' is set on object 'Object Repository/Final Object Repo/Login Page/External Login Page/Email'

2018-11-22 21:53:32 - [TEST_STEP][PASSED] - click: Object: 'Object Repository/Final Object Repo/Login Page/External Login Page/Next' is clicked on

2018-11-22 21:53:33 - [MESSAGE][PASSED] - Object: 'Object Repository/Final Object Repo/Login Page/External Login Page/Next' is clicked on

2018-11-22 21:53:33 - [TEST_STEP][PASSED] - delay: Delayed 3 second(s)

2018-11-22 21:53:36 - [MESSAGE][PASSED] - Delayed 3 second(s)

2018-11-22 21:53:36 - [TEST_STEP][PASSED] - setEncryptedText: Text ****** has been set on object 'Object Repository/Final Object Repo/Login Page/External Login Page/Password'

2018-11-22 21:53:36 - [MESSAGE][PASSED] - Text ****** has been set on object 'Object Repository/Final Object Repo/Login Page/External Login Page/Password'

2018-11-22 21:53:36 - [TEST_STEP][PASSED] - click: Object: 'Object Repository/Final Object Repo/Login Page/External Login Page/Login' is clicked on

2018-11-22 21:53:36 - [MESSAGE][PASSED] - Object: 'Object Repository/Final Object Repo/Login Page/External Login Page/Login' is clicked on

2018-11-22 21:53:36 - [TEST_STEP][PASSED] - delay: Delayed 5 second(s)

2018-11-22 21:53:41 - [MESSAGE][PASSED] - Delayed 5 second(s)

2018-11-22 21:53:41 - [MESSAGE][PASSED] - Call Test Case 'Test Cases/Final Aug 2018 - PKS Automation/Create Employer Acc/Login to Employer Account (Second time)' successfully

2018-11-22 21:53:41 - [TEST_STEP][PASSED] - delay: Delayed 4 second(s)

2018-11-22 21:53:45 - [MESSAGE][PASSED] - Delayed 4 second(s)

2018-11-22 21:53:45 - [TEST_STEP][PASSED] - Statement - Try: Delayed 2 second(s)

2018-11-22 21:53:45 - [TEST_STEP][PASSED] - Statement - Checker = false: null

2018-11-22 21:53:45 - [TEST_STEP][PASSED] - Statement - Checker = com.kms.katalon.core.webui.keyword.WebUiBuiltInKeywords.verifyElementHasAttribute(com.kms.katalon.core.testobject.ObjectRepository.findTestObject(Final Object Repo/Landing Page/BM Detecting), "href", 20, OPTIONAL): Object 'Object Repository/Final Object Repo/Landing Page/BM Detecting' has attribute 'href'

2018-11-22 21:53:45 - [MESSAGE][PASSED] - Object 'Object Repository/Final Object Repo/Landing Page/BM Detecting' has attribute 'href'

2018-11-22 21:53:45 - [TEST_STEP][PASSED] - Statement - out.println(Checker): null

2018-11-22 21:53:45 - [TEST_STEP][PASSED] - Statement - If (Checker == false): null

2018-11-22 21:53:45 - [TEST_STEP][PASSED] - Statement - Else: null

2018-11-22 21:53:45 - [TEST_STEP][PASSED] - delay: Delayed 2 second(s)

2018-11-22 21:53:47 - [MESSAGE][PASSED] - Delayed 2 second(s)

2018-11-22 21:53:47 - [TEST_STEP][PASSED] - delay: Delayed 4 second(s)

2018-11-22 21:53:51 - [MESSAGE][PASSED] - Delayed 4 second(s)

2018-11-22 21:53:51 - [TEST_STEP][PASSED] - click: Object: 'Object Repository/Final Object Repo/Landing Page/My Sites Drop Down' is clicked on

2018-11-22 21:53:51 - [MESSAGE][PASSED] - Object: 'Object Repository/Final Object Repo/Landing Page/My Sites Drop Down' is clicked on

2018-11-22 21:53:51 - [TEST_STEP][PASSED] - click: Object: 'Object Repository/Final Object Repo/Landing Page/Select to Registration Module' is clicked on

2018-11-22 21:53:54 - [MESSAGE][PASSED] - Object: 'Object Repository/Final Object Repo/Landing Page/Select to Registration Module' is clicked on

2018-11-22 21:53:54 - [TEST_STEP][PASSED] - click: Object: 'Object Repository/Final Object Repo/Landing Page/Registration Button' is clicked on

2018-11-22 21:53:55 - [MESSAGE][PASSED] - Object: 'Object Repository/Final Object Repo/Landing Page/Registration Button' is clicked on

2018-11-22 21:53:55 - [TEST_STEP][PASSED] - delay: Delayed 2 second(s)

2018-11-22 21:53:57 - [MESSAGE][PASSED] - Delayed 2 second(s)

2018-11-22 21:53:57 - [TEST_STEP][PASSED] - click: Object: 'Object Repository/Final Object Repo/New Registration - Registration Module Pages/New Reg - OTC to RO/Special Case - OTC - Form 1/AEC NO' is clicked on

2018-11-22 21:53:57 - [MESSAGE][PASSED] - Object: 'Object Repository/Final Object Repo/New Registration - Registration Module Pages/New Reg - OTC to RO/Special Case - OTC - Form 1/AEC NO' is clicked on

2018-11-22 21:53:57 - [TEST_STEP][PASSED] - click: Object: 'Object Repository/Final Object Repo/New Registration - Registration Module Pages/New Reg - OTC to RO/Special Case - OTC - Form 1/Business Entity - Please Select' is clicked on

2018-11-22 21:53:57 - [MESSAGE][PASSED] - Object: 'Object Repository/Final Object Repo/New Registration - Registration Module Pages/New Reg - OTC to RO/Special Case - OTC - Form 1/Business Entity - Please Select' is clicked on

2018-11-22 21:53:57 - [TEST_STEP][PASSED] - click: Object: 'Object Repository/Final Object Repo/New Registration - Registration Module Pages/New Reg - OTC to RO/Special Case - OTC - Form 1/Selected - Corporation' is clicked on

2018-11-22 21:53:58 - [MESSAGE][PASSED] - Object: 'Object Repository/Final Object Repo/New Registration - Registration Module Pages/New Reg - OTC to RO/Special Case - OTC - Form 1/Selected - Corporation' is clicked on

2018-11-22 21:53:58 - [TEST_STEP][PASSED] - delay: Delayed 2 second(s)

2018-11-22 21:54:00 - [MESSAGE][PASSED] - Delayed 2 second(s)

2018-11-22 21:54:00 - [TEST_STEP][PASSED] - click: Object: 'Object Repository/Final Object Repo/New Registration - Registration Module Pages/New Reg - OTC to RO/Special Case - OTC - Form 1/Sub Business Entity - Please Select' is clicked on

2018-11-22 21:54:00 - [MESSAGE][PASSED] - Object: 'Object Repository/Final Object Repo/New Registration - Registration Module Pages/New Reg - OTC to RO/Special Case - OTC - Form 1/Sub Business Entity - Please Select' is clicked on

2018-11-22 21:54:00 - [TEST_STEP][PASSED] - delay: Delayed 2 second(s)

2018-11-22 21:54:02 - [MESSAGE][PASSED] - Delayed 2 second(s)

2018-11-22 21:54:02 - [TEST_STEP][PASSED] - click: Object: 'Object Repository/Final Object Repo/New Registration - Registration Module Pages/New Reg - OTC to RO/Special Case - OTC - Form 1/Selected - Sendirian Berhad' is clicked on

2018-11-22 21:54:02 - [MESSAGE][PASSED] - Object: 'Object Repository/Final Object Repo/New Registration - Registration Module Pages/New Reg - OTC to RO/Special Case - OTC - Form 1/Selected - Sendirian Berhad' is clicked on

2018-11-22 21:54:02 - [TEST_STEP][PASSED] - setText: Text 'AUTOMATE001' is set on object 'Object Repository/Final Object Repo/New Registration - Registration Module Pages/New Reg - OTC to RO/Special Case - OTC - Form 1/Input BRN Number'

2018-11-22 21:54:02 - [MESSAGE][PASSED] - Text 'AUTOMATE001' is set on object 'Object Repository/Final Object Repo/New Registration - Registration Module Pages/New Reg - OTC to RO/Special Case - OTC - Form 1/Input BRN Number'

2018-11-22 21:54:02 - [TEST_STEP][PASSED] - delay: Delayed 2 second(s)

2018-11-22 21:54:04 - [MESSAGE][PASSED] - Delayed 2 second(s)

2018-11-22 21:54:04 - [TEST_STEP][PASSED] - click: Object: 'Object Repository/Final Object Repo/New Registration - Registration Module Pages/New Reg - OTC to RO/Special Case - OTC - Form 1/BRN Search' is clicked on

2018-11-22 21:54:05 - [MESSAGE][PASSED] - Object: 'Object Repository/Final Object Repo/New Registration - Registration Module Pages/New Reg - OTC to RO/Special Case - OTC - Form 1/BRN Search' is clicked on

2018-11-22 21:54:05 - [TEST_STEP][PASSED] - delay: Delayed 4 second(s)

2018-11-22 21:54:09 - [MESSAGE][PASSED] - Delayed 4 second(s)

2018-11-22 21:54:09 - [TEST_STEP][PASSED] - click: Object: 'Object Repository/Final Object Repo/New Registration - Registration Module Pages/New Reg - OTC to RO/Special Case - OTC - Form 1/Registered with SSM - After Feb 2017' is clicked on

2018-11-22 21:54:09 - [MESSAGE][PASSED] - Object: 'Object Repository/Final Object Repo/New Registration - Registration Module Pages/New Reg - OTC to RO/Special Case - OTC - Form 1/Registered with SSM - After Feb 2017' is clicked on

2018-11-22 21:54:09 - [TEST_STEP][PASSED] - delay: Delayed 2 second(s)

2018-11-22 21:54:11 - [MESSAGE][PASSED] - Delayed 2 second(s)

2018-11-22 21:54:11 - [TEST_STEP][PASSED] - click: Object: 'Object Repository/Final Object Repo/New Registration - Registration Module Pages/Form 1/Registered As a Branch - Yes' is clicked on

2018-11-22 21:54:11 - [MESSAGE][PASSED] - Object: 'Object Repository/Final Object Repo/New Registration - Registration Module Pages/Form 1/Registered As a Branch - Yes' is clicked on

2018-11-22 21:54:11 - [TEST_STEP][PASSED] - click: Object: 'Object Repository/Final Object Repo/New Registration - Registration Module Pages/New Reg - OTC to RO/Special Case - OTC - Form 1/Acknowledgement Ticked' is clicked on

2018-11-22 21:54:11 - [MESSAGE][PASSED] - Object: 'Object Repository/Final Object Repo/New Registration - Registration Module Pages/New Reg - OTC to RO/Special Case - OTC - Form 1/Acknowledgement Ticked' is clicked on

2018-11-22 21:54:11 - [TEST_STEP][PASSED] - setText: Text 'perkeso456454999144@gmail.com' is set on object 'Object Repository/Final Object Repo/New Registration - Registration Module Pages/Form 1/Email'

2018-11-22 21:54:12 - [MESSAGE][PASSED] - Text 'perkeso456454999144@gmail.com' is set on object 'Object Repository/Final Object Repo/New Registration - Registration Module Pages/Form 1/Email'

2018-11-22 21:54:12 - [TEST_STEP][PASSED] - click: Object: 'Object Repository/Final Object Repo/New Registration - Registration Module Pages/New Reg - OTC to RO/Special Case - OTC - Form 1/Submit Button' is clicked on

2018-11-22 21:54:12 - [MESSAGE][PASSED] - Object: 'Object Repository/Final Object Repo/New Registration - Registration Module Pages/New Reg - OTC to RO/Special Case - OTC - Form 1/Submit Button' is clicked on

2018-11-22 21:54:12 - [TEST_STEP][PASSED] - callTestCase: Call Test Case 'Test Cases/Final Aug 2018 - PKS Automation/Registration Module/New Registration/Form 2/Add 1 Eligible - Employer Account Use' successfully

2018-11-22 21:54:12 - [TEST_CASE][PASSED] - Test Cases/Final Aug 2018 - PKS Automation/Registration Module/New Registration/Form 2/Add 1 Eligible - Employer Account Use: Test Cases/Final Aug 2018 - PKS Automation/Registration Module/New Registration/Form 2/Add 1 Eligible - Employer Account Use

2018-11-22 21:54:12 - [TEST_STEP][PASSED] - delay: Delayed 2 second(s)

2018-11-22 21:54:14 - [MESSAGE][PASSED] - Delayed 2 second(s)

2018-11-22 21:54:14 - [TEST_STEP][PASSED] - callTestCase: Call Test Case 'Test Cases/Final Aug 2018 - PKS Automation/Registration Module/New Registration/Form 2/Date Updater' successfully

2018-11-22 21:54:14 - [TEST_CASE][PASSED] - Test Cases/Final Aug 2018 - PKS Automation/Registration Module/New Registration/Form 2/Date Updater: Test Cases/Final Aug 2018 - PKS Automation/Registration Module/New Registration/Form 2/Date Updater

2018-11-22 21:54:14 - [TEST_STEP][PASSED] - Statement - TodayDate = new java.util.Date(): null

2018-11-22 21:54:14 - [TEST_STEP][PASSED] - Statement - CurrentDateNoFilter = new java.text.SimpleDateFormat(): null

2018-11-22 21:54:14 - [TEST_STEP][PASSED] - Statement - CurrentDateNoFilter.applyPattern("dd"): null

2018-11-22 21:54:14 - [TEST_STEP][PASSED] - Statement - CurrentDate = CurrentDateNoFilter.format(TodayDate): null

2018-11-22 21:54:14 - [TEST_STEP][PASSED] - Statement - CurrentDate = java.lang.Integer.parseInt(CurrentDate): null

2018-11-22 21:54:14 - [TEST_STEP][PASSED] - Statement - CurrentDate = CurrentDate: null

2018-11-22 21:54:14 - [TEST_STEP][PASSED] - Statement - CurrentDay = java.lang.Integer.parseInt(CurrentDate): null

2018-11-22 21:54:14 - [TEST_STEP][PASSED] - Statement - aDayBefore = CurrentDay + 1: null

2018-11-22 21:54:14 - [TEST_STEP][PASSED] - Statement - DayBefore = aDayBefore.toString(): null

2018-11-22 21:54:14 - [TEST_STEP][PASSED] - Statement - OneDayBefore = DayBefore: null

2018-11-22 21:54:14 - [TEST_STEP][PASSED] - Statement - CurrentDateNoFilter.applyPattern("MM"): null

2018-11-22 21:54:14 - [TEST_STEP][PASSED] - Statement - monthContainerMatcher = java.lang.Integer.parseInt(CurrentDateNoFilter.format(TodayDate)): null

2018-11-22 21:54:14 - [TEST_STEP][PASSED] - Statement - monthContainerMatcher = monthContainerMatcher - 1: null

2018-11-22 21:54:14 - [TEST_STEP][PASSED] - Statement - CurrentMonth = monthContainerMatcher.toString(): null

2018-11-22 21:54:14 - [TEST_STEP][PASSED] - Statement - CurrentMonth = CurrentMonth: null

2018-11-22 21:54:14 - [TEST_STEP][PASSED] - Statement - CurrentDateNoFilter.applyPattern("yyyy"): null

2018-11-22 21:54:14 - [TEST_STEP][PASSED] - Statement - CurrentYear = CurrentDateNoFilter.format(TodayDate): null

2018-11-22 21:54:14 - [TEST_STEP][PASSED] - Statement - CurrentYear = CurrentYear: null

2018-11-22 21:54:14 - [TEST_STEP][PASSED] - Statement - intCurrentYear = java.lang.Integer.parseInt(CurrentDateNoFilter.format(TodayDate)): null

2018-11-22 21:54:14 - [TEST_STEP][PASSED] - Statement - eighteenYrsAgo = intCurrentYear - 18: null

2018-11-22 21:54:14 - [TEST_STEP][PASSED] - Statement - eighteenYrsBeforeThisYr = eighteenYrsAgo.toString(): null

2018-11-22 21:54:14 - [TEST_STEP][PASSED] - Statement - EighteenYrsBefore = eighteenYrsBeforeThisYr: null

2018-11-22 21:54:14 - [TEST_STEP][PASSED] - Statement - fiftysevenYrsAgo = intCurrentYear - 57: null

2018-11-22 21:54:14 - [TEST_STEP][PASSED] - Statement - fiftysevenYrsBeforeThisYr = fiftysevenYrsAgo.toString(): null

2018-11-22 21:54:14 - [TEST_STEP][PASSED] - Statement - FiftysevenYrsBefore = fiftysevenYrsBeforeThisYr: null

2018-11-22 21:54:14 - [MESSAGE][PASSED] - Call Test Case 'Test Cases/Final Aug 2018 - PKS Automation/Registration Module/New Registration/Form 2/Date Updater' successfully

2018-11-22 21:54:14 - [TEST_STEP][PASSED] - delay: Delayed 1 second(s)

2018-11-22 21:54:15 - [MESSAGE][PASSED] - Delayed 1 second(s)

2018-11-22 21:54:15 - [TEST_STEP][PASSED] - Statement - CaseReferenceNo = com.kms.katalon.core.webui.keyword.WebUiBuiltInKeywords.getText(com.kms.katalon.core.testobject.ObjectRepository.findTestObject(Final Object Repo/New Registration - Registration Module Pages/Form 2/RefNo Acquiring)): Text of object 'Object Repository/Final Object Repo/New Registration - Registration Module Pages/Form 2/RefNo Acquiring' is: 'CRN11201800122700'

2018-11-22 21:54:15 - [MESSAGE][PASSED] - Text of object 'Object Repository/Final Object Repo/New Registration - Registration Module Pages/Form 2/RefNo Acquiring' is: 'CRN11201800122700'

2018-11-22 21:54:15 - [TEST_STEP][PASSED] - delay: Delayed 1 second(s)

2018-11-22 21:54:16 - [MESSAGE][PASSED] - Delayed 1 second(s)

2018-11-22 21:54:16 - [TEST_STEP][PASSED] - click: Object: 'Object Repository/Final Object Repo/New Registration - Registration Module Pages/Form 2/Add Employee Button' is clicked on

2018-11-22 21:54:16 - [MESSAGE][PASSED] - Object: 'Object Repository/Final Object Repo/New Registration - Registration Module Pages/Form 2/Add Employee Button' is clicked on

2018-11-22 21:54:16 - [TEST_STEP][PASSED] - delay: Delayed 1 second(s)

2018-11-22 21:54:17 - [MESSAGE][PASSED] - Delayed 1 second(s)

2018-11-22 21:54:17 - [TEST_STEP][PASSED] - setText: Text '010903091948' is set on object 'Object Repository/Final Object Repo/New Registration - Registration Module Pages/Form 2/NRIC Input'

2018-11-22 21:54:18 - [MESSAGE][PASSED] - Text '010903091948' is set on object 'Object Repository/Final Object Repo/New Registration - Registration Module Pages/Form 2/NRIC Input'

2018-11-22 21:54:18 - [TEST_STEP][PASSED] - delay: Delayed 2 second(s)

2018-11-22 21:54:20 - [MESSAGE][PASSED] - Delayed 2 second(s)

2018-11-22 21:54:20 - [TEST_STEP][PASSED] - setText: Text 'Automate001 eligible 1' is set on object 'Object Repository/Final Object Repo/New Registration - Registration Module Pages/Form 2/Employee Name Input'

2018-11-22 21:54:20 - [MESSAGE][PASSED] - Text 'Automate001 eligible 1' is set on object 'Object Repository/Final Object Repo/New Registration - Registration Module Pages/Form 2/Employee Name Input'

2018-11-22 21:54:20 - [TEST_STEP][PASSED] - delay: Delayed 2 second(s)

2018-11-22 21:54:22 - [MESSAGE][PASSED] - Delayed 2 second(s)

2018-11-22 21:54:22 - [TEST_STEP][PASSED] - click: Object: 'Object Repository/Final Object Repo/New Registration - Registration Module Pages/Form 2/DatePicker Pop Up' is clicked on

2018-11-22 21:54:22 - [MESSAGE][PASSED] - Object: 'Object Repository/Final Object Repo/New Registration - Registration Module Pages/Form 2/DatePicker Pop Up' is clicked on

2018-11-22 21:54:22 - [TEST_STEP][PASSED] - click: Object: 'Object Repository/Final Object Repo/New Registration - Registration Module Pages/Form 2/DOB Month' is clicked on

2018-11-22 21:54:23 - [MESSAGE][PASSED] - Object: 'Object Repository/Final Object Repo/New Registration - Registration Module Pages/Form 2/DOB Month' is clicked on

2018-11-22 21:54:23 - [TEST_STEP][PASSED] - Statement - CurrentMonth = CurrentMonth: null

2018-11-22 21:54:23 - [TEST_STEP][PASSED] - Statement - selectMonth = new com.kms.katalon.core.testobject.TestObject(): null

2018-11-22 21:54:23 - [TEST_STEP][PASSED] - Statement - selectMonth.addProperty("xpath", EQUALS, "//body/div/div/div/select/option[@value='" + CurrentMonth + "']", true): null

2018-11-22 21:54:23 - [TEST_STEP][PASSED] - click: Object: '' is clicked on

2018-11-22 21:54:23 - [MESSAGE][PASSED] - Object: '' is clicked on

2018-11-22 21:54:23 - [TEST_STEP][PASSED] - click: Object: 'Object Repository/Final Object Repo/New Registration - Registration Module Pages/Form 2/DOB Year' is clicked on

2018-11-22 21:54:23 - [MESSAGE][PASSED] - Object: 'Object Repository/Final Object Repo/New Registration - Registration Module Pages/Form 2/DOB Year' is clicked on

2018-11-22 21:54:23 - [TEST_STEP][PASSED] - Statement - Eyearsbf = EighteenYrsBefore: null

2018-11-22 21:54:23 - [TEST_STEP][PASSED] - Statement - selectYear = new com.kms.katalon.core.testobject.TestObject(): null

2018-11-22 21:54:23 - [TEST_STEP][PASSED] - Statement - selectYear.addProperty("xpath", EQUALS, "//div/div/div/select/option[@value='" + Eyearsbf + "']", true): null

2018-11-22 21:54:23 - [TEST_STEP][PASSED] - click: Object: '' is clicked on

2018-11-22 21:54:23 - [MESSAGE][PASSED] - Object: '' is clicked on

2018-11-22 21:54:23 - [TEST_STEP][PASSED] - Statement - UpdatedSelectDate = com.kms.katalon.core.webui.keyword.WebUiBuiltInKeywords.modifyObjectProperty(com.kms.katalon.core.testobject.ObjectRepository.findTestObject(Final Object Repo/New Registration - Registration Module Pages/Form 2/DOB Date), "xpath", "equals", "//body/div/table/tbody/tr/td/a[text()="" + CurrentDate + ""]", true): Modify property of object successfully

2018-11-22 21:54:23 - [MESSAGE][PASSED] - Modify property of object successfully

2018-11-22 21:54:23 - [TEST_STEP][PASSED] - delay: Delayed 3 second(s)

2018-11-22 21:54:26 - [MESSAGE][PASSED] - Delayed 3 second(s)

2018-11-22 21:54:26 - [TEST_STEP][PASSED] - click: Object: 'Object Repository/Final Object Repo/New Registration - Registration Module Pages/Form 2/DOB Date' is clicked on

2018-11-22 21:54:26 - [MESSAGE][PASSED] - Object: 'Object Repository/Final Object Repo/New Registration - Registration Module Pages/Form 2/DOB Date' is clicked on

2018-11-22 21:54:26 - [TEST_STEP][PASSED] - delay: Delayed 2 second(s)

2018-11-22 21:54:28 - [MESSAGE][PASSED] - Delayed 2 second(s)

2018-11-22 21:54:28 - [TEST_STEP][PASSED] - click: Object: 'Object Repository/Final Object Repo/New Registration - Registration Module Pages/Form 2/EmploymentStartDate Pop Up' is clicked on

2018-11-22 21:54:28 - [MESSAGE][PASSED] - Object: 'Object Repository/Final Object Repo/New Registration - Registration Module Pages/Form 2/EmploymentStartDate Pop Up' is clicked on

2018-11-22 21:54:28 - [TEST_STEP][PASSED] - delay: Delayed 2 second(s)

2018-11-22 21:54:30 - [MESSAGE][PASSED] - Delayed 2 second(s)

2018-11-22 21:54:30 - [TEST_STEP][PASSED] - click: Object: 'Object Repository/Final Object Repo/New Registration - Registration Module Pages/Form 2/Socso Employment StartDate Month' is clicked on

2018-11-22 21:54:30 - [MESSAGE][PASSED] - Object: 'Object Repository/Final Object Repo/New Registration - Registration Module Pages/Form 2/Socso Employment StartDate Month' is clicked on

2018-11-22 21:54:30 - [TEST_STEP][PASSED] - delay: Delayed 1 second(s)

2018-11-22 21:54:31 - [MESSAGE][PASSED] - Delayed 1 second(s)

2018-11-22 21:54:31 - [TEST_STEP][PASSED] - click: Object: 'Object Repository/Final Object Repo/New Registration - Registration Module Pages/Form 2/Select Socso Employement Startdate Month' is clicked on

2018-11-22 21:54:32 - [MESSAGE][PASSED] - Object: 'Object Repository/Final Object Repo/New Registration - Registration Module Pages/Form 2/Select Socso Employement Startdate Month' is clicked on

2018-11-22 21:54:32 - [TEST_STEP][PASSED] - delay: Delayed 2 second(s)

2018-11-22 21:54:34 - [MESSAGE][PASSED] - Delayed 2 second(s)

2018-11-22 21:54:34 - [TEST_STEP][PASSED] - click: Object: 'Object Repository/Final Object Repo/New Registration - Registration Module Pages/Form 2/Socso Employment StartDate Year' is clicked on

2018-11-22 21:54:34 - [MESSAGE][PASSED] - Object: 'Object Repository/Final Object Repo/New Registration - Registration Module Pages/Form 2/Socso Employment StartDate Year' is clicked on

2018-11-22 21:54:34 - [TEST_STEP][PASSED] - delay: Delayed 1 second(s)

2018-11-22 21:54:35 - [MESSAGE][PASSED] - Delayed 1 second(s)

2018-11-22 21:54:35 - [TEST_STEP][PASSED] - click: Object: 'Object Repository/Final Object Repo/New Registration - Registration Module Pages/Form 2/Select Socso Employment Startdate Year' is clicked on

2018-11-22 21:54:35 - [MESSAGE][PASSED] - Object: 'Object Repository/Final Object Repo/New Registration - Registration Module Pages/Form 2/Select Socso Employment Startdate Year' is clicked on

2018-11-22 21:54:35 - [TEST_STEP][PASSED] - delay: Delayed 2 second(s)

2018-11-22 21:54:37 - [MESSAGE][PASSED] - Delayed 2 second(s)

2018-11-22 21:54:37 - [TEST_STEP][PASSED] - click: Object: 'Object Repository/Final Object Repo/New Registration - Registration Module Pages/Form 2/Socso Employment Start Date Day' is clicked on

2018-11-22 21:54:37 - [MESSAGE][PASSED] - Object: 'Object Repository/Final Object Repo/New Registration - Registration Module Pages/Form 2/Socso Employment Start Date Day' is clicked on

2018-11-22 21:54:37 - [TEST_STEP][PASSED] - delay: Delayed 2 second(s)

2018-11-22 21:54:39 - [MESSAGE][PASSED] - Delayed 2 second(s)

2018-11-22 21:54:39 - [TEST_STEP][PASSED] - click: Object: 'Object Repository/Final Object Repo/New Registration - Registration Module Pages/Form 2/Save Button for Add Employee' is clicked on

2018-11-22 21:54:39 - [MESSAGE][PASSED] - Object: 'Object Repository/Final Object Repo/New Registration - Registration Module Pages/Form 2/Save Button for Add Employee' is clicked on

2018-11-22 21:54:39 - [TEST_STEP][PASSED] - delay: Delayed 6 second(s)

2018-11-22 21:54:45 - [MESSAGE][PASSED] - Delayed 6 second(s)

2018-11-22 21:54:45 - [TEST_STEP][PASSED] - click: Object: 'Object Repository/Final Object Repo/New Registration - Registration Module Pages/Form 2/Save and Continue Form 2' is clicked on

2018-11-22 21:54:46 - [MESSAGE][PASSED] - Object: 'Object Repository/Final Object Repo/New Registration - Registration Module Pages/Form 2/Save and Continue Form 2' is clicked on

2018-11-22 21:54:46 - [MESSAGE][PASSED] - Call Test Case 'Test Cases/Final Aug 2018 - PKS Automation/Registration Module/New Registration/Form 2/Add 1 Eligible - Employer Account Use' successfully

2018-11-22 21:54:46 - [TEST_STEP][PASSED] - callTestCase: Call Test Case 'Test Cases/Final Aug 2018 - PKS Automation/Registration Module/New Registration/Flow of New Registration/Third Screen - Upload Supporting Doc - Preview' successfully

2018-11-22 21:54:46 - [TEST_CASE][PASSED] - Test Cases/Final Aug 2018 - PKS Automation/Registration Module/New Registration/Flow of New Registration/Third Screen - Upload Supporting Doc - Preview: Test Cases/Final Aug 2018 - PKS Automation/Registration Module/New Registration/Flow of New Registration/Third Screen - Upload Supporting Doc - Preview

2018-11-22 21:54:46 - [TEST_STEP][PASSED] - waitForPageLoad: Wait for page load successfully

2018-11-22 21:54:46 - [MESSAGE][PASSED] - Wait for page load successfully

2018-11-22 21:54:46 - [TEST_STEP][PASSED] - Statement - CaseReferenceNo = com.kms.katalon.core.webui.keyword.WebUiBuiltInKeywords.getText(com.kms.katalon.core.testobject.ObjectRepository.findTestObject(Final Object Repo/New Registration - Registration Module Pages/Third Screen - Upload Supporting Doc- Preview/RefNo Acquiring)): Text of object 'Object Repository/Final Object Repo/New Registration - Registration Module Pages/Third Screen - Upload Supporting Doc- Preview/RefNo Acquiring' is: 'CRN11201800122700'

2018-11-22 21:54:46 - [MESSAGE][PASSED] - Text of object 'Object Repository/Final Object Repo/New Registration - Registration Module Pages/Third Screen - Upload Supporting Doc- Preview/RefNo Acquiring' is: 'CRN11201800122700'

2018-11-22 21:54:46 - [TEST_STEP][PASSED] - delay: Delayed 2 second(s)

2018-11-22 21:54:48 - [MESSAGE][PASSED] - Delayed 2 second(s)

2018-11-22 21:54:48 - [TEST_STEP][PASSED] - callTestCase: Call Test Case 'Test Cases/Final Aug 2018 - PKS Automation/Common/Reference Number Setter' successfully

2018-11-22 21:54:48 - [TEST_CASE][PASSED] - Test Cases/Final Aug 2018 - PKS Automation/Common/Reference Number Setter: Test Cases/Final Aug 2018 - PKS Automation/Common/Reference Number Setter

2018-11-22 21:54:48 - [TEST_STEP][PASSED] - Statement - RefNoOldFile = new java.io.File(C://Users//Admin//Desktop//PKS//Automation Reference Point//KatalonReference.txt): null

2018-11-22 21:54:48 - [TEST_STEP][PASSED] - Statement - RefNoOldFile.delete(): null

2018-11-22 21:54:48 - [TEST_STEP][PASSED] - delay: Delayed 5 second(s)

2018-11-22 21:54:53 - [MESSAGE][PASSED] - Delayed 5 second(s)

2018-11-22 21:54:53 - [TEST_STEP][PASSED] - Statement - RefNo = new java.io.File(C://Users//Admin//Desktop//PKS//Automation Reference Point//KatalonReference.txt): null

2018-11-22 21:54:53 - [TEST_STEP][PASSED] - Statement - f2 = new java.io.FileWriter(RefNo, false): null

2018-11-22 21:54:53 - [TEST_STEP][PASSED] - Statement - f2.write(CaseReferenceNo): null

2018-11-22 21:54:53 - [TEST_STEP][PASSED] - Statement - f2.close(): null

2018-11-22 21:54:53 - [TEST_STEP][PASSED] - Statement - out.println("


" + CaseReferenceNo + "


"): null

2018-11-22 21:54:53 - [MESSAGE][PASSED] - Call Test Case 'Test Cases/Final Aug 2018 - PKS Automation/Common/Reference Number Setter' successfully

2018-11-22 21:54:53 - [TEST_STEP][PASSED] - waitForElementClickable: Object 'Object Repository/Final Object Repo/New Registration - Registration Module Pages/Third Screen - Upload Supporting Doc- Preview/Save n Continue in SIP Employee Listing Page' is clickable

2018-11-22 21:54:53 - [MESSAGE][PASSED] - Object 'Object Repository/Final Object Repo/New Registration - Registration Module Pages/Third Screen - Upload Supporting Doc- Preview/Save n Continue in SIP Employee Listing Page' is clickable

2018-11-22 21:54:53 - [TEST_STEP][PASSED] - click: Object: 'Object Repository/Final Object Repo/New Registration - Registration Module Pages/Third Screen - Upload Supporting Doc- Preview/Save n Continue in SIP Employee Listing Page' is clicked on

2018-11-22 21:54:59 - [MESSAGE][PASSED] - Object: 'Object Repository/Final Object Repo/New Registration - Registration Module Pages/Third Screen - Upload Supporting Doc- Preview/Save n Continue in SIP Employee Listing Page' is clicked on

2018-11-22 21:54:59 - [TEST_STEP][PASSED] - delay: Delayed 7 second(s)

2018-11-22 21:55:06 - [MESSAGE][PASSED] - Delayed 7 second(s)

2018-11-22 21:55:06 - [TEST_STEP][PASSED] - click: Object: 'Object Repository/Final Object Repo/New Registration - Registration Module Pages/Third Screen - Upload Supporting Doc- Preview/Add Document Button' is clicked on

2018-11-22 21:55:06 - [MESSAGE][PASSED] - Object: 'Object Repository/Final Object Repo/New Registration - Registration Module Pages/Third Screen - Upload Supporting Doc- Preview/Add Document Button' is clicked on

2018-11-22 21:55:06 - [TEST_STEP][PASSED] - delay: Delayed 30 second(s)

2018-11-22 21:55:36 - [MESSAGE][PASSED] - Delayed 30 second(s)

2018-11-22 21:55:36 - [TEST_STEP][PASSED] - click: Object: 'Object Repository/Final Object Repo/New Registration - Registration Module Pages/Third Screen - Upload Supporting Doc- Preview/Supporting Doc Please Select Drop Down' is clicked on

2018-11-22 21:55:37 - [MESSAGE][PASSED] - Object: 'Object Repository/Final Object Repo/New Registration - Registration Module Pages/Third Screen - Upload Supporting Doc- Preview/Supporting Doc Please Select Drop Down' is clicked on

2018-11-22 21:55:37 - [TEST_STEP][PASSED] - delay: Delayed 2 second(s)

2018-11-22 21:55:39 - [MESSAGE][PASSED] - Delayed 2 second(s)

2018-11-22 21:55:39 - [TEST_STEP][PASSED] - click: Object: 'Object Repository/Final Object Repo/New Registration - Registration Module Pages/Third Screen - Upload Supporting Doc- Preview/Select to Upload Form 1' is clicked on

2018-11-22 21:55:39 - [MESSAGE][PASSED] - Object: 'Object Repository/Final Object Repo/New Registration - Registration Module Pages/Third Screen - Upload Supporting Doc- Preview/Select to Upload Form 1' is clicked on

2018-11-22 21:55:39 - [TEST_STEP][PASSED] - delay: Delayed 2 second(s)

2018-11-22 21:55:41 - [MESSAGE][PASSED] - Delayed 2 second(s)

2018-11-22 21:55:41 - [TEST_STEP][PASSED] - uploadFile: File 'C:\Users\Public\Pictures\Sample Pictures\Koala.jpg' sent to object: 'Object Repository/Final Object Repo/New Registration - Registration Module Pages/Third Screen - Upload Supporting Doc- Preview/Upload File Adding'

2018-11-22 21:55:41 - [MESSAGE][PASSED] - File 'C:\Users\Public\Pictures\Sample Pictures\Koala.jpg' sent to object: 'Object Repository/Final Object Repo/New Registration - Registration Module Pages/Third Screen - Upload Supporting Doc- Preview/Upload File Adding'

2018-11-22 21:55:41 - [TEST_STEP][PASSED] - delay: Delayed 5 second(s)

2018-11-22 21:55:46 - [MESSAGE][PASSED] - Delayed 5 second(s)

2018-11-22 21:55:46 - [TEST_STEP][PASSED] - click: Object: 'Object Repository/Final Object Repo/New Registration - Registration Module Pages/Third Screen - Upload Supporting Doc- Preview/Inner Form Add Document Button' is clicked on

2018-11-22 21:55:46 - [MESSAGE][PASSED] - Object: 'Object Repository/Final Object Repo/New Registration - Registration Module Pages/Third Screen - Upload Supporting Doc- Preview/Inner Form Add Document Button' is clicked on

2018-11-22 21:55:46 - [TEST_STEP][PASSED] - delay: Delayed 3 second(s)

2018-11-22 21:55:49 - [MESSAGE][PASSED] - Delayed 3 second(s)

2018-11-22 21:55:49 - [TEST_STEP][PASSED] - click: Object: 'Object Repository/Final Object Repo/New Registration - Registration Module Pages/Third Screen - Upload Supporting Doc- Preview/Add Document Button' is clicked on

2018-11-22 21:55:50 - [MESSAGE][PASSED] - Object: 'Object Repository/Final Object Repo/New Registration - Registration Module Pages/Third Screen - Upload Supporting Doc- Preview/Add Document Button' is clicked on

2018-11-22 21:55:50 - [TEST_STEP][PASSED] - delay: Delayed 30 second(s)

2018-11-22 21:56:20 - [MESSAGE][PASSED] - Delayed 30 second(s)

2018-11-22 21:56:20 - [TEST_STEP][PASSED] - click: Object: 'Object Repository/Final Object Repo/New Registration - Registration Module Pages/Third Screen - Upload Supporting Doc- Preview/Supporting Doc Please Select Drop Down' is clicked on

2018-11-22 21:56:21 - [MESSAGE][PASSED] - Object: 'Object Repository/Final Object Repo/New Registration - Registration Module Pages/Third Screen - Upload Supporting Doc- Preview/Supporting Doc Please Select Drop Down' is clicked on

2018-11-22 21:56:21 - [TEST_STEP][PASSED] - delay: Delayed 2 second(s)

2018-11-22 21:56:23 - [MESSAGE][PASSED] - Delayed 2 second(s)

2018-11-22 21:56:23 - [TEST_STEP][PASSED] - click: Object: 'Object Repository/Final Object Repo/New Registration - Registration Module Pages/Third Screen - Upload Supporting Doc- Preview/Select to Upload Form 2' is clicked on

2018-11-22 21:56:23 - [MESSAGE][PASSED] - Object: 'Object Repository/Final Object Repo/New Registration - Registration Module Pages/Third Screen - Upload Supporting Doc- Preview/Select to Upload Form 2' is clicked on

2018-11-22 21:56:23 - [TEST_STEP][PASSED] - delay: Delayed 2 second(s)

2018-11-22 21:56:25 - [MESSAGE][PASSED] - Delayed 2 second(s)

2018-11-22 21:56:25 - [TEST_STEP][PASSED] - uploadFile: File 'C:\Users\Public\Pictures\Sample Pictures\Koala.jpg' sent to object: 'Object Repository/Final Object Repo/New Registration - Registration Module Pages/Third Screen - Upload Supporting Doc- Preview/Upload File Adding'

2018-11-22 21:56:25 - [MESSAGE][PASSED] - File 'C:\Users\Public\Pictures\Sample Pictures\Koala.jpg' sent to object: 'Object Repository/Final Object Repo/New Registration - Registration Module Pages/Third Screen - Upload Supporting Doc- Preview/Upload File Adding'

2018-11-22 21:56:25 - [TEST_STEP][PASSED] - click: Object: 'Object Repository/Final Object Repo/New Registration - Registration Module Pages/Third Screen - Upload Supporting Doc- Preview/Inner Form Add Document Button' is clicked on

2018-11-22 21:56:25 - [MESSAGE][PASSED] - Object: 'Object Repository/Final Object Repo/New Registration - Registration Module Pages/Third Screen - Upload Supporting Doc- Preview/Inner Form Add Document Button' is clicked on

2018-11-22 21:56:25 - [TEST_STEP][PASSED] - delay: Delayed 5 second(s)

2018-11-22 21:56:30 - [MESSAGE][PASSED] - Delayed 5 second(s)

2018-11-22 21:56:30 - [TEST_STEP][PASSED] - click: Object: 'Object Repository/Final Object Repo/New Registration - Registration Module Pages/Third Screen - Upload Supporting Doc- Preview/Add Document Button' is clicked on

2018-11-22 21:56:30 - [MESSAGE][PASSED] - Object: 'Object Repository/Final Object Repo/New Registration - Registration Module Pages/Third Screen - Upload Supporting Doc- Preview/Add Document Button' is clicked on

2018-11-22 21:56:30 - [TEST_STEP][PASSED] - delay: Delayed 30 second(s)

2018-11-22 21:57:00 - [MESSAGE][PASSED] - Delayed 30 second(s)

2018-11-22 21:57:00 - [TEST_STEP][PASSED] - click: Object: 'Object Repository/Final Object Repo/New Registration - Registration Module Pages/Third Screen - Upload Supporting Doc- Preview/Supporting Doc Please Select Drop Down' is clicked on

2018-11-22 21:57:00 - [MESSAGE][PASSED] - Object: 'Object Repository/Final Object Repo/New Registration - Registration Module Pages/Third Screen - Upload Supporting Doc- Preview/Supporting Doc Please Select Drop Down' is clicked on

2018-11-22 21:57:00 - [TEST_STEP][PASSED] - click: Object: 'Object Repository/Final Object Repo/New Registration - Registration Module Pages/Third Screen - Upload Supporting Doc- Preview/Select to Upload Borang SIP 1' is clicked on

2018-11-22 21:57:01 - [MESSAGE][PASSED] - Object: 'Object Repository/Final Object Repo/New Registration - Registration Module Pages/Third Screen - Upload Supporting Doc- Preview/Select to Upload Borang SIP 1' is clicked on

2018-11-22 21:57:01 - [TEST_STEP][PASSED] - delay: Delayed 2 second(s)

2018-11-22 21:57:03 - [MESSAGE][PASSED] - Delayed 2 second(s)

2018-11-22 21:57:03 - [TEST_STEP][PASSED] - uploadFile: File 'C:\Users\Public\Pictures\Sample Pictures\Koala.jpg' sent to object: 'Object Repository/Final Object Repo/New Registration - Registration Module Pages/Third Screen - Upload Supporting Doc- Preview/Upload File Adding'

2018-11-22 21:57:03 - [MESSAGE][PASSED] - File 'C:\Users\Public\Pictures\Sample Pictures\Koala.jpg' sent to object: 'Object Repository/Final Object Repo/New Registration - Registration Module Pages/Third Screen - Upload Supporting Doc- Preview/Upload File Adding'

2018-11-22 21:57:03 - [TEST_STEP][PASSED] - click: Object: 'Object Repository/Final Object Repo/New Registration - Registration Module Pages/Third Screen - Upload Supporting Doc- Preview/Inner Form Add Document Button' is clicked on

2018-11-22 21:57:03 - [MESSAGE][PASSED] - Object: 'Object Repository/Final Object Repo/New Registration - Registration Module Pages/Third Screen - Upload Supporting Doc- Preview/Inner Form Add Document Button' is clicked on

2018-11-22 21:57:03 - [TEST_STEP][PASSED] - delay: Delayed 5 second(s)

2018-11-22 21:57:08 - [MESSAGE][PASSED] - Delayed 5 second(s)

2018-11-22 21:57:08 - [TEST_STEP][PASSED] - click: Object: 'Object Repository/Final Object Repo/New Registration - Registration Module Pages/Third Screen - Upload Supporting Doc- Preview/Add Document Button' is clicked on

2018-11-22 21:57:08 - [MESSAGE][PASSED] - Object: 'Object Repository/Final Object Repo/New Registration - Registration Module Pages/Third Screen - Upload Supporting Doc- Preview/Add Document Button' is clicked on

2018-11-22 21:57:08 - [TEST_STEP][PASSED] - delay: Delayed 30 second(s)

2018-11-22 21:57:38 - [MESSAGE][PASSED] - Delayed 30 second(s)

2018-11-22 21:57:38 - [TEST_STEP][PASSED] - click: Object: 'Object Repository/Final Object Repo/New Registration - Registration Module Pages/Third Screen - Upload Supporting Doc- Preview/Supporting Doc Please Select Drop Down' is clicked on

2018-11-22 21:57:38 - [MESSAGE][PASSED] - Object: 'Object Repository/Final Object Repo/New Registration - Registration Module Pages/Third Screen - Upload Supporting Doc- Preview/Supporting Doc Please Select Drop Down' is clicked on

2018-11-22 21:57:38 - [TEST_STEP][PASSED] - delay: Delayed 3 second(s)

2018-11-22 21:57:41 - [MESSAGE][PASSED] - Delayed 3 second(s)

2018-11-22 21:57:41 - [TEST_STEP][PASSED] - click: Object: 'Object Repository/Final Object Repo/New Registration - Registration Module Pages/Third Screen - Upload Supporting Doc- Preview/Select to Upload Borang SIP 2' is clicked on

2018-11-22 21:57:41 - [MESSAGE][PASSED] - Object: 'Object Repository/Final Object Repo/New Registration - Registration Module Pages/Third Screen - Upload Supporting Doc- Preview/Select to Upload Borang SIP 2' is clicked on

2018-11-22 21:57:41 - [TEST_STEP][PASSED] - delay: Delayed 2 second(s)

2018-11-22 21:57:43 - [MESSAGE][PASSED] - Delayed 2 second(s)

2018-11-22 21:57:43 - [TEST_STEP][PASSED] - uploadFile: File 'C:\Users\Public\Pictures\Sample Pictures\Koala.jpg' sent to object: 'Object Repository/Final Object Repo/New Registration - Registration Module Pages/Third Screen - Upload Supporting Doc- Preview/Upload File Adding'

2018-11-22 21:57:44 - [MESSAGE][PASSED] - File 'C:\Users\Public\Pictures\Sample Pictures\Koala.jpg' sent to object: 'Object Repository/Final Object Repo/New Registration - Registration Module Pages/Third Screen - Upload Supporting Doc- Preview/Upload File Adding'

2018-11-22 21:57:44 - [TEST_STEP][PASSED] - delay: Delayed 5 second(s)

2018-11-22 21:57:49 - [MESSAGE][PASSED] - Delayed 5 second(s)

2018-11-22 21:57:49 - [TEST_STEP][PASSED] - click: Object: 'Object Repository/Final Object Repo/New Registration - Registration Module Pages/Third Screen - Upload Supporting Doc- Preview/Inner Form Add Document Button' is clicked on

2018-11-22 21:57:49 - [MESSAGE][PASSED] - Object: 'Object Repository/Final Object Repo/New Registration - Registration Module Pages/Third Screen - Upload Supporting Doc- Preview/Inner Form Add Document Button' is clicked on

2018-11-22 21:57:49 - [TEST_STEP][PASSED] - delay: Delayed 3 second(s)

2018-11-22 21:57:52 - [MESSAGE][PASSED] - Delayed 3 second(s)

2018-11-22 21:57:52 - [TEST_STEP][PASSED] - waitForElementClickable: Object 'Object Repository/Final Object Repo/New Registration - Registration Module Pages/Third Screen - Upload Supporting Doc- Preview/Save n Continue in Uploading Supporting Doc Page' is clickable

2018-11-22 21:57:53 - [MESSAGE][PASSED] - Object 'Object Repository/Final Object Repo/New Registration - Registration Module Pages/Third Screen - Upload Supporting Doc- Preview/Save n Continue in Uploading Supporting Doc Page' is clickable

2018-11-22 21:57:53 - [TEST_STEP][PASSED] - click: Object: 'Object Repository/Final Object Repo/New Registration - Registration Module Pages/Third Screen - Upload Supporting Doc- Preview/Save n Continue in Uploading Supporting Doc Page' is clicked on

2018-11-22 21:57:53 - [MESSAGE][PASSED] - Object: 'Object Repository/Final Object Repo/New Registration - Registration Module Pages/Third Screen - Upload Supporting Doc- Preview/Save n Continue in Uploading Supporting Doc Page' is clicked on

2018-11-22 21:57:53 - [MESSAGE][PASSED] - Call Test Case 'Test Cases/Final Aug 2018 - PKS Automation/Registration Module/New Registration/Flow of New Registration/Third Screen - Upload Supporting Doc - Preview' successfully

2018-11-22 21:57:53 - [TEST_STEP][PASSED] - setText: Text 'Tester' is set on object 'Object Repository/Final Object Repo/New Registration - Registration Module Pages/New Reg - OTC to RO/Special Case - All Related Objects/Employer Preview Name'

2018-11-22 21:57:58 - [MESSAGE][PASSED] - Text 'Tester' is set on object 'Object Repository/Final Object Repo/New Registration - Registration Module Pages/New Reg - OTC to RO/Special Case - All Related Objects/Employer Preview Name'

2018-11-22 21:57:58 - [TEST_STEP][PASSED] - click: Object: 'Object Repository/Final Object Repo/New Registration - Registration Module Pages/New Reg - OTC to RO/Special Case - All Related Objects/IC Type Drop Down' is clicked on

2018-11-22 21:57:58 - [MESSAGE][PASSED] - Object: 'Object Repository/Final Object Repo/New Registration - Registration Module Pages/New Reg - OTC to RO/Special Case - All Related Objects/IC Type Drop Down' is clicked on

2018-11-22 21:57:58 - [TEST_STEP][PASSED] - click: Object: 'Object Repository/Final Object Repo/New Registration - Registration Module Pages/New Reg - OTC to RO/Special Case - All Related Objects/Select to NRIC' is clicked on

2018-11-22 21:57:58 - [MESSAGE][PASSED] - Object: 'Object Repository/Final Object Repo/New Registration - Registration Module Pages/New Reg - OTC to RO/Special Case - All Related Objects/Select to NRIC' is clicked on

2018-11-22 21:57:58 - [TEST_STEP][PASSED] - setText: Text '133245561223' is set on object 'Object Repository/Final Object Repo/New Registration - Registration Module Pages/New Reg - OTC to RO/Special Case - All Related Objects/IC Value'

2018-11-22 21:57:59 - [MESSAGE][PASSED] - Text '133245561223' is set on object 'Object Repository/Final Object Repo/New Registration - Registration Module Pages/New Reg - OTC to RO/Special Case - All Related Objects/IC Value'

2018-11-22 21:57:59 - [TEST_STEP][PASSED] - setText: Text 'Auto' is set on object 'Object Repository/Final Object Repo/New Registration - Registration Module Pages/New Reg - OTC to RO/Special Case - All Related Objects/Designation'

2018-11-22 21:57:59 - [MESSAGE][PASSED] - Text 'Auto' is set on object 'Object Repository/Final Object Repo/New Registration - Registration Module Pages/New Reg - OTC to RO/Special Case - All Related Objects/Designation'

2018-11-22 21:57:59 - [TEST_STEP][PASSED] - callTestCase: Call Test Case 'Test Cases/Final Aug 2018 - PKS Automation/Registration Module/New Registration/Submit and Screenshot/Submit Registration and Screenshot - Copy' successfully

2018-11-22 21:57:59 - [TEST_CASE][PASSED] - Test Cases/Final Aug 2018 - PKS Automation/Registration Module/New Registration/Submit and Screenshot/Submit Registration and Screenshot - Copy: Test Cases/Final Aug 2018 - PKS Automation/Registration Module/New Registration/Submit and Screenshot/Submit Registration and Screenshot - Copy

2018-11-22 21:57:59 - [TEST_STEP][PASSED] - delay: Delayed 6 second(s)

2018-11-22 21:58:05 - [MESSAGE][PASSED] - Delayed 6 second(s)

2018-11-22 21:58:05 - [TEST_STEP][PASSED] - click: Object: 'Object Repository/Final Object Repo/New Registration - Registration Module Pages/Third Screen - Upload Supporting Doc- Preview/Preview Submit Button' is clicked on

2018-11-22 21:58:05 - [MESSAGE][PASSED] - Object: 'Object Repository/Final Object Repo/New Registration - Registration Module Pages/Third Screen - Upload Supporting Doc- Preview/Preview Submit Button' is clicked on

2018-11-22 21:58:05 - [TEST_STEP][PASSED] - delay: Delayed 2 second(s)

2018-11-22 21:58:07 - [MESSAGE][PASSED] - Delayed 2 second(s)

2018-11-22 21:58:07 - [TEST_STEP][PASSED] - click: Object: 'Object Repository/Final Object Repo/New Registration - Registration Module Pages/Third Screen - Upload Supporting Doc- Preview/Preview Submit - Confirm' is clicked on

2018-11-22 21:58:07 - [MESSAGE][PASSED] - Object: 'Object Repository/Final Object Repo/New Registration - Registration Module Pages/Third Screen - Upload Supporting Doc- Preview/Preview Submit - Confirm' is clicked on

2018-11-22 21:58:07 - [TEST_STEP][PASSED] - delay: Delayed 15 second(s)

2018-11-22 21:58:22 - [MESSAGE][PASSED] - Delayed 15 second(s)

2018-11-22 21:58:22 - [TEST_STEP][PASSED] - Statement - driver = com.kms.katalon.core.webui.driver.DriverFactory.getWebDriver(): null

2018-11-22 21:58:22 - [TEST_STEP][PASSED] - Statement - driver.manage().timeouts().implicitlyWait(10, SECONDS): null

2018-11-22 21:58:22 - [TEST_STEP][PASSED] - Statement - PresavePath = KatalonScreenshots: null

2018-11-22 21:58:22 - [TEST_STEP][PASSED] - Statement - pathPrefix = "C:\Users\Public\Pictures\Sample Pictures\Katalon Screenshots\Automate Ending Screen": null

2018-11-22 21:58:22 - [TEST_STEP][PASSED] - Statement - finalPath = <not implemented yet for class: org.codehaus.groovy.ast.expr.EmptyExpression>: null

2018-11-22 21:58:22 - [TEST_STEP][PASSED] - Statement - scrFile = driver.getScreenshotAs(FILE): null

2018-11-22 21:58:22 - [TEST_STEP][PASSED] - Statement - PreSaveFile = new java.io.File(PresavePath): null

2018-11-22 21:58:22 - [TEST_STEP][PASSED] - Statement - counter = 0: null

2018-11-22 21:58:22 - [TEST_STEP][PASSED] - Statement - If (PreSaveFile.exists()): null

2018-11-22 21:58:22 - [TEST_STEP][PASSED] - Statement - While (PreSaveFile.exists()): null

2018-11-22 21:58:22 - [TEST_STEP][PASSED] - Statement - counter = counter + 1: null

2018-11-22 21:58:22 - [TEST_STEP][PASSED] - Statement - PreSaveFile = new java.io.File(((pathPrefix + java.lang.Integer.toString(counter)) + .png)): null

2018-11-22 21:58:22 - [TEST_STEP][PASSED] - Statement - counter = counter + 1: null

2018-11-22 21:58:22 - [TEST_STEP][PASSED] - Statement - PreSaveFile = new java.io.File(((pathPrefix + java.lang.Integer.toString(counter)) + .png)): null

2018-11-22 21:58:22 - [TEST_STEP][PASSED] - Statement - counter = counter + 1: null

2018-11-22 21:58:22 - [TEST_STEP][PASSED] - Statement - PreSaveFile = new java.io.File(((pathPrefix + java.lang.Integer.toString(counter)) + .png)): null

2018-11-22 21:58:22 - [TEST_STEP][PASSED] - Statement - counter = counter + 1: null

2018-11-22 21:58:22 - [TEST_STEP][PASSED] - Statement - PreSaveFile = new java.io.File(((pathPrefix + java.lang.Integer.toString(counter)) + .png)): null

2018-11-22 21:58:22 - [TEST_STEP][PASSED] - Statement - counter = counter + 1: null

2018-11-22 21:58:22 - [TEST_STEP][PASSED] - Statement - PreSaveFile = new java.io.File(((pathPrefix + java.lang.Integer.toString(counter)) + .png)): null

2018-11-22 21:58:22 - [TEST_STEP][PASSED] - Statement - counter = counter + 1: null

2018-11-22 21:58:22 - [TEST_STEP][PASSED] - Statement - PreSaveFile = new java.io.File(((pathPrefix + java.lang.Integer.toString(counter)) + .png)): null

2018-11-22 21:58:22 - [TEST_STEP][PASSED] - Statement - counter = counter + 1: null

2018-11-22 21:58:22 - [TEST_STEP][PASSED] - Statement - PreSaveFile = new java.io.File(((pathPrefix + java.lang.Integer.toString(counter)) + .png)): null

2018-11-22 21:58:22 - [TEST_STEP][PASSED] - Statement - counter = counter + 1: null

2018-11-22 21:58:23 - [TEST_STEP][PASSED] - Statement - PreSaveFile = new java.io.File(((pathPrefix + java.lang.Integer.toString(counter)) + .png)): null

2018-11-22 21:58:23 - [TEST_STEP][PASSED] - Statement - counter = counter + 1: null

2018-11-22 21:58:23 - [TEST_STEP][PASSED] - Statement - PreSaveFile = new java.io.File(((pathPrefix + java.lang.Integer.toString(counter)) + .png)): null

2018-11-22 21:58:23 - [TEST_STEP][PASSED] - Statement - counter = counter + 1: null

2018-11-22 21:58:23 - [TEST_STEP][PASSED] - Statement - PreSaveFile = new java.io.File(((pathPrefix + java.lang.Integer.toString(counter)) + .png)): null

2018-11-22 21:58:23 - [TEST_STEP][PASSED] - Statement - counter = counter + 1: null

2018-11-22 21:58:23 - [TEST_STEP][PASSED] - Statement - PreSaveFile = new java.io.File(((pathPrefix + java.lang.Integer.toString(counter)) + .png)): null

2018-11-22 21:58:23 - [TEST_STEP][PASSED] - Statement - counter = counter + 1: null

2018-11-22 21:58:23 - [TEST_STEP][PASSED] - Statement - PreSaveFile = new java.io.File(((pathPrefix + java.lang.Integer.toString(counter)) + .png)): null

2018-11-22 21:58:23 - [TEST_STEP][PASSED] - Statement - counter = counter + 1: null

2018-11-22 21:58:23 - [TEST_STEP][PASSED] - Statement - PreSaveFile = new java.io.File(((pathPrefix + java.lang.Integer.toString(counter)) + .png)): null

2018-11-22 21:58:23 - [TEST_STEP][PASSED] - Statement - counter = counter + 1: null

2018-11-22 21:58:23 - [TEST_STEP][PASSED] - Statement - PreSaveFile = new java.io.File(((pathPrefix + java.lang.Integer.toString(counter)) + .png)): null

2018-11-22 21:58:23 - [TEST_STEP][PASSED] - Statement - counter = counter + 1: null

2018-11-22 21:58:23 - [TEST_STEP][PASSED] - Statement - PreSaveFile = new java.io.File(((pathPrefix + java.lang.Integer.toString(counter)) + .png)): null

2018-11-22 21:58:23 - [TEST_STEP][PASSED] - Statement - counter = counter + 1: null

2018-11-22 21:58:23 - [TEST_STEP][PASSED] - Statement - PreSaveFile = new java.io.File(((pathPrefix + java.lang.Integer.toString(counter)) + .png)): null

2018-11-22 21:58:23 - [TEST_STEP][PASSED] - Statement - counter = counter + 1: null

2018-11-22 21:58:23 - [TEST_STEP][PASSED] - Statement - PreSaveFile = new java.io.File(((pathPrefix + java.lang.Integer.toString(counter)) + .png)): null

2018-11-22 21:58:23 - [TEST_STEP][PASSED] - Statement - counter = counter + 1: null

2018-11-22 21:58:23 - [TEST_STEP][PASSED] - Statement - PreSaveFile = new java.io.File(((pathPrefix + java.lang.Integer.toString(counter)) + .png)): null

2018-11-22 21:58:23 - [TEST_STEP][PASSED] - Statement - counter = counter + 1: null

2018-11-22 21:58:23 - [TEST_STEP][PASSED] - Statement - PreSaveFile = new java.io.File(((pathPrefix + java.lang.Integer.toString(counter)) + .png)): null

2018-11-22 21:58:23 - [TEST_STEP][PASSED] - Statement - counter = counter + 1: null

2018-11-22 21:58:23 - [TEST_STEP][PASSED] - Statement - PreSaveFile = new java.io.File(((pathPrefix + java.lang.Integer.toString(counter)) + .png)): null

2018-11-22 21:58:23 - [TEST_STEP][PASSED] - Statement - counter = counter + 1: null

2018-11-22 21:58:23 - [TEST_STEP][PASSED] - Statement - PreSaveFile = new java.io.File(((pathPrefix + java.lang.Integer.toString(counter)) + .png)): null

2018-11-22 21:58:23 - [TEST_STEP][PASSED] - Statement - counter = counter + 1: null

2018-11-22 21:58:23 - [TEST_STEP][PASSED] - Statement - PreSaveFile = new java.io.File(((pathPrefix + java.lang.Integer.toString(counter)) + .png)): null

2018-11-22 21:58:23 - [TEST_STEP][PASSED] - Statement - counter = counter + 1: null

2018-11-22 21:58:23 - [TEST_STEP][PASSED] - Statement - PreSaveFile = new java.io.File(((pathPrefix + java.lang.Integer.toString(counter)) + .png)): null

2018-11-22 21:58:23 - [TEST_STEP][PASSED] - Statement - counter = counter + 1: null

2018-11-22 21:58:23 - [TEST_STEP][PASSED] - Statement - PreSaveFile = new java.io.File(((pathPrefix + java.lang.Integer.toString(counter)) + .png)): null

2018-11-22 21:58:23 - [TEST_STEP][PASSED] - Statement - counter = counter + 1: null

2018-11-22 21:58:23 - [TEST_STEP][PASSED] - Statement - PreSaveFile = new java.io.File(((pathPrefix + java.lang.Integer.toString(counter)) + .png)): null

2018-11-22 21:58:23 - [TEST_STEP][PASSED] - Statement - counter = counter + 1: null

2018-11-22 21:58:23 - [TEST_STEP][PASSED] - Statement - PreSaveFile = new java.io.File(((pathPrefix + java.lang.Integer.toString(counter)) + .png)): null

2018-11-22 21:58:23 - [TEST_STEP][PASSED] - Statement - counter = counter + 1: null

2018-11-22 21:58:23 - [TEST_STEP][PASSED] - Statement - PreSaveFile = new java.io.File(((pathPrefix + java.lang.Integer.toString(counter)) + .png)): null

2018-11-22 21:58:23 - [TEST_STEP][PASSED] - Statement - counter = counter + 1: null

2018-11-22 21:58:23 - [TEST_STEP][PASSED] - Statement - PreSaveFile = new java.io.File(((pathPrefix + java.lang.Integer.toString(counter)) + .png)): null

2018-11-22 21:58:23 - [TEST_STEP][PASSED] - Statement - counter = counter + 1: null

2018-11-22 21:58:23 - [TEST_STEP][PASSED] - Statement - PreSaveFile = new java.io.File(((pathPrefix + java.lang.Integer.toString(counter)) + .png)): null

2018-11-22 21:58:23 - [TEST_STEP][PASSED] - Statement - counter = counter + 1: null

2018-11-22 21:58:23 - [TEST_STEP][PASSED] - Statement - PreSaveFile = new java.io.File(((pathPrefix + java.lang.Integer.toString(counter)) + .png)): null

2018-11-22 21:58:23 - [TEST_STEP][PASSED] - Statement - counter = counter + 1: null

2018-11-22 21:58:23 - [TEST_STEP][PASSED] - Statement - PreSaveFile = new java.io.File(((pathPrefix + java.lang.Integer.toString(counter)) + .png)): null

2018-11-22 21:58:23 - [TEST_STEP][PASSED] - Statement - counter = counter + 1: null

2018-11-22 21:58:23 - [TEST_STEP][PASSED] - Statement - PreSaveFile = new java.io.File(((pathPrefix + java.lang.Integer.toString(counter)) + .png)): null

2018-11-22 21:58:23 - [TEST_STEP][PASSED] - Statement - counter = counter + 1: null

2018-11-22 21:58:23 - [TEST_STEP][PASSED] - Statement - PreSaveFile = new java.io.File(((pathPrefix + java.lang.Integer.toString(counter)) + .png)): null

2018-11-22 21:58:23 - [TEST_STEP][PASSED] - Statement - counter = counter + 1: null

2018-11-22 21:58:23 - [TEST_STEP][PASSED] - Statement - PreSaveFile = new java.io.File(((pathPrefix + java.lang.Integer.toString(counter)) + .png)): null

2018-11-22 21:58:23 - [TEST_STEP][PASSED] - Statement - counter = counter + 1: null

2018-11-22 21:58:23 - [TEST_STEP][PASSED] - Statement - PreSaveFile = new java.io.File(((pathPrefix + java.lang.Integer.toString(counter)) + .png)): null

2018-11-22 21:58:23 - [TEST_STEP][PASSED] - Statement - counter = counter + 1: null

2018-11-22 21:58:23 - [TEST_STEP][PASSED] - Statement - PreSaveFile = new java.io.File(((pathPrefix + java.lang.Integer.toString(counter)) + .png)): null

2018-11-22 21:58:23 - [TEST_STEP][PASSED] - Statement - counter = counter + 1: null

2018-11-22 21:58:23 - [TEST_STEP][PASSED] - Statement - PreSaveFile = new java.io.File(((pathPrefix + java.lang.Integer.toString(counter)) + .png)): null

2018-11-22 21:58:23 - [TEST_STEP][PASSED] - Statement - counter = counter + 1: null

2018-11-22 21:58:23 - [TEST_STEP][PASSED] - Statement - PreSaveFile = new java.io.File(((pathPrefix + java.lang.Integer.toString(counter)) + .png)): null

2018-11-22 21:58:23 - [TEST_STEP][PASSED] - Statement - counter = counter + 1: null

2018-11-22 21:58:23 - [TEST_STEP][PASSED] - Statement - PreSaveFile = new java.io.File(((pathPrefix + java.lang.Integer.toString(counter)) + .png)): null

2018-11-22 21:58:23 - [TEST_STEP][PASSED] - Statement - counter = counter + 1: null

2018-11-22 21:58:23 - [TEST_STEP][PASSED] - Statement - PreSaveFile = new java.io.File(((pathPrefix + java.lang.Integer.toString(counter)) + .png)): null

2018-11-22 21:58:23 - [TEST_STEP][PASSED] - Statement - counter = counter + 1: null

2018-11-22 21:58:23 - [TEST_STEP][PASSED] - Statement - PreSaveFile = new java.io.File(((pathPrefix + java.lang.Integer.toString(counter)) + .png)): null

2018-11-22 21:58:23 - [TEST_STEP][PASSED] - Statement - counter = counter + 1: null

2018-11-22 21:58:23 - [TEST_STEP][PASSED] - Statement - PreSaveFile = new java.io.File(((pathPrefix + java.lang.Integer.toString(counter)) + .png)): null

2018-11-22 21:58:23 - [TEST_STEP][PASSED] - Statement - counter = counter + 1: null

2018-11-22 21:58:23 - [TEST_STEP][PASSED] - Statement - PreSaveFile = new java.io.File(((pathPrefix + java.lang.Integer.toString(counter)) + .png)): null

2018-11-22 21:58:23 - [TEST_STEP][PASSED] - Statement - counter = counter + 1: null

2018-11-22 21:58:23 - [TEST_STEP][PASSED] - Statement - PreSaveFile = new java.io.File(((pathPrefix + java.lang.Integer.toString(counter)) + .png)): null

2018-11-22 21:58:23 - [TEST_STEP][PASSED] - Statement - counter = counter + 1: null

2018-11-22 21:58:23 - [TEST_STEP][PASSED] - Statement - PreSaveFile = new java.io.File(((pathPrefix + java.lang.Integer.toString(counter)) + .png)): null

2018-11-22 21:58:23 - [TEST_STEP][PASSED] - Statement - counter = counter + 1: null

2018-11-22 21:58:23 - [TEST_STEP][PASSED] - Statement - PreSaveFile = new java.io.File(((pathPrefix + java.lang.Integer.toString(counter)) + .png)): null

2018-11-22 21:58:23 - [TEST_STEP][PASSED] - Statement - counter = counter + 1: null

2018-11-22 21:58:23 - [TEST_STEP][PASSED] - Statement - PreSaveFile = new java.io.File(((pathPrefix + java.lang.Integer.toString(counter)) + .png)): null

2018-11-22 21:58:23 - [TEST_STEP][PASSED] - Statement - counter = counter + 1: null

2018-11-22 21:58:23 - [TEST_STEP][PASSED] - Statement - PreSaveFile = new java.io.File(((pathPrefix + java.lang.Integer.toString(counter)) + .png)): null

2018-11-22 21:58:23 - [TEST_STEP][PASSED] - Statement - counter = counter + 1: null

2018-11-22 21:58:23 - [TEST_STEP][PASSED] - Statement - PreSaveFile = new java.io.File(((pathPrefix + java.lang.Integer.toString(counter)) + .png)): null

2018-11-22 21:58:23 - [TEST_STEP][PASSED] - Statement - counter = counter + 1: null

2018-11-22 21:58:23 - [TEST_STEP][PASSED] - Statement - PreSaveFile = new java.io.File(((pathPrefix + java.lang.Integer.toString(counter)) + .png)): null

2018-11-22 21:58:23 - [TEST_STEP][PASSED] - Statement - counter = counter + 1: null

2018-11-22 21:58:23 - [TEST_STEP][PASSED] - Statement - PreSaveFile = new java.io.File(((pathPrefix + java.lang.Integer.toString(counter)) + .png)): null

2018-11-22 21:58:23 - [TEST_STEP][PASSED] - Statement - counter = counter + 1: null

2018-11-22 21:58:23 - [TEST_STEP][PASSED] - Statement - PreSaveFile = new java.io.File(((pathPrefix + java.lang.Integer.toString(counter)) + .png)): null

2018-11-22 21:58:23 - [TEST_STEP][PASSED] - Statement - counter = counter + 1: null

2018-11-22 21:58:23 - [TEST_STEP][PASSED] - Statement - PreSaveFile = new java.io.File(((pathPrefix + java.lang.Integer.toString(counter)) + .png)): null

2018-11-22 21:58:23 - [TEST_STEP][PASSED] - Statement - counter = counter + 1: null

2018-11-22 21:58:23 - [TEST_STEP][PASSED] - Statement - PreSaveFile = new java.io.File(((pathPrefix + java.lang.Integer.toString(counter)) + .png)): null

2018-11-22 21:58:23 - [TEST_STEP][PASSED] - Statement - counter = counter + 1: null

2018-11-22 21:58:23 - [TEST_STEP][PASSED] - Statement - PreSaveFile = new java.io.File(((pathPrefix + java.lang.Integer.toString(counter)) + .png)): null

2018-11-22 21:58:23 - [TEST_STEP][PASSED] - Statement - counter = counter + 1: null

2018-11-22 21:58:23 - [TEST_STEP][PASSED] - Statement - PreSaveFile = new java.io.File(((pathPrefix + java.lang.Integer.toString(counter)) + .png)): null

2018-11-22 21:58:23 - [TEST_STEP][PASSED] - Statement - counter = counter + 1: null

2018-11-22 21:58:23 - [TEST_STEP][PASSED] - Statement - PreSaveFile = new java.io.File(((pathPrefix + java.lang.Integer.toString(counter)) + .png)): null

2018-11-22 21:58:23 - [TEST_STEP][PASSED] - Statement - counter = counter + 1: null

2018-11-22 21:58:23 - [TEST_STEP][PASSED] - Statement - PreSaveFile = new java.io.File(((pathPrefix + java.lang.Integer.toString(counter)) + .png)): null

2018-11-22 21:58:23 - [TEST_STEP][PASSED] - Statement - counter = counter + 1: null

2018-11-22 21:58:23 - [TEST_STEP][PASSED] - Statement - PreSaveFile = new java.io.File(((pathPrefix + java.lang.Integer.toString(counter)) + .png)): null

2018-11-22 21:58:23 - [TEST_STEP][PASSED] - Statement - counter = counter + 1: null

2018-11-22 21:58:23 - [TEST_STEP][PASSED] - Statement - PreSaveFile = new java.io.File(((pathPrefix + java.lang.Integer.toString(counter)) + .png)): null

2018-11-22 21:58:23 - [TEST_STEP][PASSED] - Statement - counter = counter + 1: null

2018-11-22 21:58:23 - [TEST_STEP][PASSED] - Statement - PreSaveFile = new java.io.File(((pathPrefix + java.lang.Integer.toString(counter)) + .png)): null

2018-11-22 21:58:23 - [TEST_STEP][PASSED] - Statement - counter = counter + 1: null

2018-11-22 21:58:23 - [TEST_STEP][PASSED] - Statement - PreSaveFile = new java.io.File(((pathPrefix + java.lang.Integer.toString(counter)) + .png)): null

2018-11-22 21:58:23 - [TEST_STEP][PASSED] - Statement - counter = counter + 1: null

2018-11-22 21:58:23 - [TEST_STEP][PASSED] - Statement - PreSaveFile = new java.io.File(((pathPrefix + java.lang.Integer.toString(counter)) + .png)): null

2018-11-22 21:58:23 - [TEST_STEP][PASSED] - Statement - counter = counter + 1: null

2018-11-22 21:58:23 - [TEST_STEP][PASSED] - Statement - PreSaveFile = new java.io.File(((pathPrefix + java.lang.Integer.toString(counter)) + .png)): null

2018-11-22 21:58:23 - [TEST_STEP][PASSED] - Statement - counter = counter + 1: null

2018-11-22 21:58:23 - [TEST_STEP][PASSED] - Statement - PreSaveFile = new java.io.File(((pathPrefix + java.lang.Integer.toString(counter)) + .png)): null

2018-11-22 21:58:23 - [TEST_STEP][PASSED] - Statement - finalPath = pathPrefix + java.lang.Integer.toString(counter) + ".png": null

2018-11-22 21:58:23 - [TEST_STEP][PASSED] - Statement - SaveFile = new java.io.File(finalPath): null

2018-11-22 21:58:23 - [TEST_STEP][PASSED] - Statement - Try: null

2018-11-22 21:58:23 - [TEST_STEP][PASSED] - Statement - org.apache.commons.io.FileUtils.copyFile(scrFile, SaveFile): null

2018-11-22 21:58:23 - [TEST_STEP][PASSED] - Statement - out.println("file kept"): null

2018-11-22 21:58:23 - [TEST_STEP][PASSED] - delay: Delayed 10 second(s)

2018-11-22 21:58:33 - [MESSAGE][PASSED] - Delayed 10 second(s)

2018-11-22 21:58:33 - [MESSAGE][PASSED] - Call Test Case 'Test Cases/Final Aug 2018 - PKS Automation/Registration Module/New Registration/Submit and Screenshot/Submit Registration and Screenshot - Copy' successfully

2018-11-22 21:58:33 - [TEST_STEP][PASSED] - Statement - UpdateAddNewECode = com.kms.katalon.core.webui.keyword.WebUiBuiltInKeywords.getText(com.kms.katalon.core.testobject.ObjectRepository.findTestObject(Object Repository/Final Object Repo/Page_Update Add New Employee - ASSIST/getEmpCode)): Text of object 'Object Repository/Final Object Repo/Page_Update Add New Employee - ASSIST/getEmpCode' is: 'E1102070352M'

2018-11-22 21:58:33 - [MESSAGE][PASSED] - Text of object 'Object Repository/Final Object Repo/Page_Update Add New Employee - ASSIST/getEmpCode' is: 'E1102070352M'

2018-11-22 21:58:33 - [TEST_STEP][PASSED] - callTestCase: Call Test Case 'Test Cases/Final Aug 2018 - PKS Automation/Common/Emp Code Setter' successfully

2018-11-22 21:58:33 - [TEST_CASE][PASSED] - Test Cases/Final Aug 2018 - PKS Automation/Common/Emp Code Setter: Test Cases/Final Aug 2018 - PKS Automation/Common/Emp Code Setter

2018-11-22 21:58:33 - [TEST_STEP][PASSED] - Statement - EmpCodeOld = new java.io.File(C://Users//Admin//Desktop//PKS//Automation Reference Point//EmpCode.txt): null

2018-11-22 21:58:33 - [TEST_STEP][PASSED] - Statement - EmpCodeOld.delete(): null

2018-11-22 21:58:33 - [TEST_STEP][PASSED] - Statement - EmpCode = new java.io.File(C://Users//Admin//Desktop//PKS//Automation Reference Point//EmpCode.txt): null

2018-11-22 21:58:33 - [TEST_STEP][PASSED] - Statement - EmpCode.append(UpdateAddNewECode): null

2018-11-22 21:58:33 - [TEST_STEP][PASSED] - Statement - out.println("


" + UpdateAddNewECode + "


"): null

2018-11-22 21:58:33 - [MESSAGE][PASSED] - Call Test Case 'Test Cases/Final Aug 2018 - PKS Automation/Common/Emp Code Setter' successfully

2018-11-22 21:58:33 - [MESSAGE][PASSED] - Call Test Case 'Test Cases/Final Aug 2018 - PKS Automation/Registration Module/Workflow/Update Add New Employee/Template/New Company for Update Add New - Employer' successfully

2018-11-22 21:58:33 - [TEST_STEP][PASSED] - callTestCase: Call Test Case 'Test Cases/Final Aug 2018 - PKS Automation/Registration Module/Log Out/log out avoiding katalon tagging' successfully

2018-11-22 21:58:33 - [TEST_CASE][PASSED] - Test Cases/Final Aug 2018 - PKS Automation/Registration Module/Log Out/log out avoiding katalon tagging: Test Cases/Final Aug 2018 - PKS Automation/Registration Module/Log Out/log out avoiding katalon tagging

2018-11-22 21:58:33 - [TEST_STEP][PASSED] - navigateToUrl: Navigate to 'https://assist2-uat.perkeso.gov.my/c/portal/logout' successfully

2018-11-22 21:58:34 - [MESSAGE][PASSED] - Navigate to 'https://assist2-uat.perkeso.gov.my/c/portal/logout' successfully

2018-11-22 21:58:34 - [MESSAGE][PASSED] - Call Test Case 'Test Cases/Final Aug 2018 - PKS Automation/Registration Module/Log Out/log out avoiding katalon tagging' successfully

2018-11-22 21:58:34 - [TEST_STEP][PASSED] - callTestCase: Call Test Case 'Test Cases/Final Aug 2018 - PKS Automation/Registration Module/New Registration/Form 2/Date Updater' successfully

2018-11-22 21:58:34 - [TEST_CASE][PASSED] - Test Cases/Final Aug 2018 - PKS Automation/Registration Module/New Registration/Form 2/Date Updater: Test Cases/Final Aug 2018 - PKS Automation/Registration Module/New Registration/Form 2/Date Updater

2018-11-22 21:58:34 - [TEST_STEP][PASSED] - Statement - TodayDate = new java.util.Date(): null

2018-11-22 21:58:34 - [TEST_STEP][PASSED] - Statement - CurrentDateNoFilter = new java.text.SimpleDateFormat(): null

2018-11-22 21:58:34 - [TEST_STEP][PASSED] - Statement - CurrentDateNoFilter.applyPattern("dd"): null

2018-11-22 21:58:34 - [TEST_STEP][PASSED] - Statement - CurrentDate = CurrentDateNoFilter.format(TodayDate): null

2018-11-22 21:58:34 - [TEST_STEP][PASSED] - Statement - CurrentDate = java.lang.Integer.parseInt(CurrentDate): null

2018-11-22 21:58:34 - [TEST_STEP][PASSED] - Statement - CurrentDate = CurrentDate: null

2018-11-22 21:58:34 - [TEST_STEP][PASSED] - Statement - CurrentDay = java.lang.Integer.parseInt(CurrentDate): null

2018-11-22 21:58:34 - [TEST_STEP][PASSED] - Statement - aDayBefore = CurrentDay + 1: null

2018-11-22 21:58:34 - [TEST_STEP][PASSED] - Statement - DayBefore = aDayBefore.toString(): null

2018-11-22 21:58:34 - [TEST_STEP][PASSED] - Statement - OneDayBefore = DayBefore: null

2018-11-22 21:58:34 - [TEST_STEP][PASSED] - Statement - CurrentDateNoFilter.applyPattern("MM"): null

2018-11-22 21:58:34 - [TEST_STEP][PASSED] - Statement - monthContainerMatcher = java.lang.Integer.parseInt(CurrentDateNoFilter.format(TodayDate)): null

2018-11-22 21:58:34 - [TEST_STEP][PASSED] - Statement - monthContainerMatcher = monthContainerMatcher - 1: null

2018-11-22 21:58:34 - [TEST_STEP][PASSED] - Statement - CurrentMonth = monthContainerMatcher.toString(): null

2018-11-22 21:58:34 - [TEST_STEP][PASSED] - Statement - CurrentMonth = CurrentMonth: null

2018-11-22 21:58:34 - [TEST_STEP][PASSED] - Statement - CurrentDateNoFilter.applyPattern("yyyy"): null

2018-11-22 21:58:34 - [TEST_STEP][PASSED] - Statement - CurrentYear = CurrentDateNoFilter.format(TodayDate): null

2018-11-22 21:58:34 - [TEST_STEP][PASSED] - Statement - CurrentYear = CurrentYear: null

2018-11-22 21:58:34 - [TEST_STEP][PASSED] - Statement - intCurrentYear = java.lang.Integer.parseInt(CurrentDateNoFilter.format(TodayDate)): null

2018-11-22 21:58:34 - [TEST_STEP][PASSED] - Statement - eighteenYrsAgo = intCurrentYear - 18: null

2018-11-22 21:58:34 - [TEST_STEP][PASSED] - Statement - eighteenYrsBeforeThisYr = eighteenYrsAgo.toString(): null

2018-11-22 21:58:34 - [TEST_STEP][PASSED] - Statement - EighteenYrsBefore = eighteenYrsBeforeThisYr: null

2018-11-22 21:58:34 - [TEST_STEP][PASSED] - Statement - fiftysevenYrsAgo = intCurrentYear - 57: null

2018-11-22 21:58:34 - [TEST_STEP][PASSED] - Statement - fiftysevenYrsBeforeThisYr = fiftysevenYrsAgo.toString(): null

2018-11-22 21:58:34 - [TEST_STEP][PASSED] - Statement - FiftysevenYrsBefore = fiftysevenYrsBeforeThisYr: null

2018-11-22 21:58:34 - [MESSAGE][PASSED] - Call Test Case 'Test Cases/Final Aug 2018 - PKS Automation/Registration Module/New Registration/Form 2/Date Updater' successfully

2018-11-22 21:58:34 - [TEST_STEP][PASSED] - delay: Delayed 2 second(s)

2018-11-22 21:58:36 - [MESSAGE][PASSED] - Delayed 2 second(s)

2018-11-22 21:58:36 - [TEST_STEP][PASSED] - callTestCase: Call Test Case 'Test Cases/Final Aug 2018 - PKS Automation/Create Employer Acc/Login to Employer Account (Second time)' successfully

2018-11-22 21:58:36 - [TEST_CASE][PASSED] - Test Cases/Final Aug 2018 - PKS Automation/Create Employer Acc/Login to Employer Account (Second time): Test Cases/Final Aug 2018 - PKS Automation/Create Employer Acc/Login to Employer Account (Second time)

2018-11-22 21:58:36 - [TEST_STEP][PASSED] - openBrowser: Browser is opened with url: ''

2018-11-22 21:58:36 - [MESSAGE][WARNING] - A browser is already opened. Closing browser and opening a new one

2018-11-22 21:58:40 - [MESSAGE][PASSED] - Browser is opened with url: ''

2018-11-22 21:58:40 - [TEST_STEP][PASSED] - navigateToUrl: Navigate to 'https://assist2-uat.perkeso.gov.my/employer/login' successfully

2018-11-22 21:58:41 - [MESSAGE][PASSED] - Navigate to 'https://assist2-uat.perkeso.gov.my/employer/login' successfully

2018-11-22 21:58:41 - [TEST_STEP][PASSED] - delay: Delayed 3 second(s)

2018-11-22 21:58:44 - [MESSAGE][PASSED] - Delayed 3 second(s)

2018-11-22 21:58:44 - [TEST_STEP][PASSED] - callTestCase: Call Test Case 'Test Cases/Final Aug 2018 - PKS Automation/Create Employer Acc/Template/Employer Email Getter' successfully

2018-11-22 21:58:44 - [TEST_CASE][PASSED] - Test Cases/Final Aug 2018 - PKS Automation/Create Employer Acc/Template/Employer Email Getter: Test Cases/Final Aug 2018 - PKS Automation/Create Employer Acc/Template/Employer Email Getter

2018-11-22 21:58:44 - [TEST_STEP][PASSED] - Statement - Try: null

2018-11-22 21:58:44 - [TEST_STEP][PASSED] - Statement - EmpEmail = new java.io.File(C://Users//Admin//Desktop//PKS//Automation Reference Point//EmpEmail.txt): null

2018-11-22 21:58:44 - [TEST_STEP][PASSED] - Statement - bufferread = new java.io.BufferedReader(new java.io.FileReader(EmpEmail)): null

2018-11-22 21:58:44 - [TEST_STEP][PASSED] - Statement - readedVal = bufferread.readLine(): null

2018-11-22 21:58:44 - [TEST_STEP][PASSED] - Statement - out.println(readedVal): null

2018-11-22 21:58:44 - [TEST_STEP][PASSED] - Statement - Email = readedVal: null

2018-11-22 21:58:44 - [MESSAGE][PASSED] - Call Test Case 'Test Cases/Final Aug 2018 - PKS Automation/Create Employer Acc/Template/Employer Email Getter' successfully

2018-11-22 21:58:44 - [TEST_STEP][PASSED] - setText: Text 'perkeso456454999144@gmail.com' is set on object 'Object Repository/Final Object Repo/Login Page/External Login Page/Email'

2018-11-22 21:58:44 - [MESSAGE][PASSED] - Text 'perkeso456454999144@gmail.com' is set on object 'Object Repository/Final Object Repo/Login Page/External Login Page/Email'

2018-11-22 21:58:44 - [TEST_STEP][PASSED] - click: Object: 'Object Repository/Final Object Repo/Login Page/External Login Page/Next' is clicked on

2018-11-22 21:58:44 - [MESSAGE][PASSED] - Object: 'Object Repository/Final Object Repo/Login Page/External Login Page/Next' is clicked on

2018-11-22 21:58:44 - [TEST_STEP][PASSED] - delay: Delayed 3 second(s)

2018-11-22 21:58:47 - [MESSAGE][PASSED] - Delayed 3 second(s)

2018-11-22 21:58:47 - [TEST_STEP][PASSED] - setEncryptedText: Text ****** has been set on object 'Object Repository/Final Object Repo/Login Page/External Login Page/Password'

2018-11-22 21:58:48 - [MESSAGE][PASSED] - Text ****** has been set on object 'Object Repository/Final Object Repo/Login Page/External Login Page/Password'

2018-11-22 21:58:48 - [TEST_STEP][PASSED] - click: Object: 'Object Repository/Final Object Repo/Login Page/External Login Page/Login' is clicked on

2018-11-22 21:58:48 - [MESSAGE][PASSED] - Object: 'Object Repository/Final Object Repo/Login Page/External Login Page/Login' is clicked on

2018-11-22 21:58:48 - [TEST_STEP][PASSED] - delay: Delayed 5 second(s)

2018-11-22 21:58:53 - [MESSAGE][PASSED] - Delayed 5 second(s)

2018-11-22 21:58:53 - [MESSAGE][PASSED] - Call Test Case 'Test Cases/Final Aug 2018 - PKS Automation/Create Employer Acc/Login to Employer Account (Second time)' successfully

2018-11-22 21:58:53 - [TEST_STEP][PASSED] - delay: Delayed 4 second(s)

2018-11-22 21:58:57 - [MESSAGE][PASSED] - Delayed 4 second(s)

2018-11-22 21:58:57 - [TEST_STEP][PASSED] - Statement - Try: Delayed 2 second(s)

2018-11-22 21:58:57 - [TEST_STEP][PASSED] - Statement - Checker = false: null

2018-11-22 21:58:57 - [TEST_STEP][PASSED] - Statement - Checker = com.kms.katalon.core.webui.keyword.WebUiBuiltInKeywords.verifyElementHasAttribute(com.kms.katalon.core.testobject.ObjectRepository.findTestObject(Final Object Repo/Landing Page/BM Detecting), "href", 20, OPTIONAL): Object 'Object Repository/Final Object Repo/Landing Page/BM Detecting' has attribute 'href'

2018-11-22 21:58:57 - [MESSAGE][PASSED] - Object 'Object Repository/Final Object Repo/Landing Page/BM Detecting' has attribute 'href'

2018-11-22 21:58:57 - [TEST_STEP][PASSED] - Statement - out.println(Checker): null

2018-11-22 21:58:57 - [TEST_STEP][PASSED] - Statement - If (Checker == false): null

2018-11-22 21:58:57 - [TEST_STEP][PASSED] - Statement - Else: null

2018-11-22 21:58:57 - [TEST_STEP][PASSED] - delay: Delayed 2 second(s)

2018-11-22 21:58:59 - [MESSAGE][PASSED] - Delayed 2 second(s)

2018-11-22 21:58:59 - [TEST_STEP][PASSED] - delay: Delayed 4 second(s)

2018-11-22 21:59:03 - [MESSAGE][PASSED] - Delayed 4 second(s)

2018-11-22 21:59:03 - [TEST_STEP][PASSED] - click: Object: 'Object Repository/Final Object Repo/Page_Update Add New Employee - ASSIST/My Sites Drop Down' is clicked on

2018-11-22 21:59:03 - [MESSAGE][PASSED] - Object: 'Object Repository/Final Object Repo/Page_Update Add New Employee - ASSIST/My Sites Drop Down' is clicked on

2018-11-22 21:59:03 - [TEST_STEP][PASSED] - click: Object: 'Object Repository/Final Object Repo/Page_Update Add New Employee - ASSIST/Select to Registration Module' is clicked on

2018-11-22 21:59:08 - [MESSAGE][PASSED] - Object: 'Object Repository/Final Object Repo/Page_Update Add New Employee - ASSIST/Select to Registration Module' is clicked on

2018-11-22 21:59:08 - [TEST_STEP][PASSED] - navigateToUrl: Navigate to 'https://assist2-uat.perkeso.gov.my/web/registration/myassist' successfully

2018-11-22 21:59:12 - [MESSAGE][PASSED] - Navigate to 'https://assist2-uat.perkeso.gov.my/web/registration/myassist' successfully

2018-11-22 21:59:12 - [TEST_STEP][PASSED] - mouseOver: Object: 'Object Repository/Final Object Repo/Page_Update Add New Employee - ASSIST/Select to Update Akta 4 Tab' is hovered

2018-11-22 21:59:12 - [MESSAGE][PASSED] - Object: 'Object Repository/Final Object Repo/Page_Update Add New Employee - ASSIST/Select to Update Akta 4 Tab' is hovered

2018-11-22 21:59:12 - [TEST_STEP][PASSED] - delay: Delayed 2 second(s)

2018-11-22 21:59:14 - [MESSAGE][PASSED] - Delayed 2 second(s)

2018-11-22 21:59:14 - [TEST_STEP][PASSED] - click: Object: 'Object Repository/Final Object Repo/Page_Update Add New Employee - ASSIST/Select to Update Add New Employee' is clicked on

2018-11-22 21:59:15 - [MESSAGE][PASSED] - Object: 'Object Repository/Final Object Repo/Page_Update Add New Employee - ASSIST/Select to Update Add New Employee' is clicked on

2018-11-22 21:59:15 - [TEST_STEP][PASSED] - delay: Delayed 2 second(s)

2018-11-22 21:59:17 - [MESSAGE][PASSED] - Delayed 2 second(s)

2018-11-22 21:59:17 - [TEST_STEP][PASSED] - setText: Text 'E1102070352M' is set on object 'Object Repository/Final Object Repo/Page_Update Add New Employee - ASSIST/Employer Code input textbox'

2018-11-22 21:59:17 - [MESSAGE][PASSED] - Text 'E1102070352M' is set on object 'Object Repository/Final Object Repo/Page_Update Add New Employee - ASSIST/Employer Code input textbox'

2018-11-22 21:59:17 - [TEST_STEP][PASSED] - delay: Delayed 2 second(s)

2018-11-22 21:59:19 - [MESSAGE][PASSED] - Delayed 2 second(s)

2018-11-22 21:59:19 - [TEST_STEP][PASSED] - click: Object: 'Object Repository/Final Object Repo/Page_Update Add New Employee - ASSIST/Search Button for Employer Code' is clicked on

2018-11-22 21:59:19 - [MESSAGE][PASSED] - Object: 'Object Repository/Final Object Repo/Page_Update Add New Employee - ASSIST/Search Button for Employer Code' is clicked on

2018-11-22 21:59:19 - [TEST_STEP][PASSED] - delay: Delayed 4 second(s)

2018-11-22 21:59:23 - [MESSAGE][PASSED] - Delayed 4 second(s)

2018-11-22 21:59:23 - [TEST_STEP][PASSED] - click: Object: 'Object Repository/Final Object Repo/Page_Update Add New Employee - ASSIST/Click to Edit Case' is clicked on

2018-11-22 21:59:26 - [MESSAGE][PASSED] - Object: 'Object Repository/Final Object Repo/Page_Update Add New Employee - ASSIST/Click to Edit Case' is clicked on

2018-11-22 21:59:26 - [TEST_STEP][PASSED] - callTestCase: Call Test Case 'Test Cases/Final Aug 2018 - PKS Automation/Registration Module/Workflow/Update Add New Employee/Template/Employee Adding/Employee Adding Action liability date change - Employer Access' successfully

2018-11-22 21:59:26 - [TEST_CASE][PASSED] - Test Cases/Final Aug 2018 - PKS Automation/Registration Module/Workflow/Update Add New Employee/Template/Employee Adding/Employee Adding Action liability date change - Employer Access: Test Cases/Final Aug 2018 - PKS Automation/Registration Module/Workflow/Update Add New Employee/Template/Employee Adding/Employee Adding Action liability date change - Employer Access

2018-11-22 21:59:26 - [TEST_STEP][PASSED] - delay: Delayed 4 second(s)

2018-11-22 21:59:30 - [MESSAGE][PASSED] - Delayed 4 second(s)

2018-11-22 21:59:30 - [TEST_STEP][PASSED] - click: Object: 'Object Repository/Final Object Repo/Page_Update Add New Employee - ASSIST/Add Employee Button' is clicked on

2018-11-22 21:59:30 - [MESSAGE][PASSED] - Object: 'Object Repository/Final Object Repo/Page_Update Add New Employee - ASSIST/Add Employee Button' is clicked on

2018-11-22 21:59:30 - [TEST_STEP][PASSED] - delay: Delayed 3 second(s)

2018-11-22 21:59:33 - [MESSAGE][PASSED] - Delayed 3 second(s)

2018-11-22 21:59:33 - [TEST_STEP][PASSED] - setText: Text '830081009219' is set on object 'Object Repository/Final Object Repo/Page_Update Add New Employee - ASSIST/NRIC Input'

2018-11-22 21:59:33 - [MESSAGE][PASSED] - Text '830081009219' is set on object 'Object Repository/Final Object Repo/Page_Update Add New Employee - ASSIST/NRIC Input'

2018-11-22 21:59:33 - [TEST_STEP][PASSED] - delay: Delayed 2 second(s)

2018-11-22 21:59:35 - [MESSAGE][PASSED] - Delayed 2 second(s)

2018-11-22 21:59:35 - [TEST_STEP][PASSED] - setText: Text 'Automate002 Employee eligible 1' is set on object 'Object Repository/Final Object Repo/Page_Update Add New Employee - ASSIST/Employee Name Input'

2018-11-22 21:59:36 - [MESSAGE][PASSED] - Text 'Automate002 Employee eligible 1' is set on object 'Object Repository/Final Object Repo/Page_Update Add New Employee - ASSIST/Employee Name Input'

2018-11-22 21:59:36 - [TEST_STEP][PASSED] - delay: Delayed 2 second(s)

2018-11-22 21:59:38 - [MESSAGE][PASSED] - Delayed 2 second(s)

2018-11-22 21:59:38 - [TEST_STEP][PASSED] - click: Object: 'Object Repository/Final Object Repo/Page_Update Add New Employee - ASSIST/DatePicker Pop Up' is clicked on

2018-11-22 21:59:38 - [MESSAGE][PASSED] - Object: 'Object Repository/Final Object Repo/Page_Update Add New Employee - ASSIST/DatePicker Pop Up' is clicked on

2018-11-22 21:59:38 - [TEST_STEP][PASSED] - click: Object: 'Object Repository/Final Object Repo/Page_Update Add New Employee - ASSIST/DOB Month' is clicked on

2018-11-22 21:59:38 - [MESSAGE][PASSED] - Object: 'Object Repository/Final Object Repo/Page_Update Add New Employee - ASSIST/DOB Month' is clicked on

2018-11-22 21:59:38 - [TEST_STEP][PASSED] - Statement - CurrentMonth = CurrentMonth: null

2018-11-22 21:59:38 - [TEST_STEP][PASSED] - Statement - selectMonth = new com.kms.katalon.core.testobject.TestObject(): null

2018-11-22 21:59:38 - [TEST_STEP][PASSED] - Statement - selectMonth.addProperty("xpath", EQUALS, "//body/div/div/div/select/option[@value='" + CurrentMonth + "']", true): null

2018-11-22 21:59:38 - [TEST_STEP][PASSED] - click: Object: '' is clicked on

2018-11-22 21:59:39 - [MESSAGE][PASSED] - Object: '' is clicked on

2018-11-22 21:59:39 - [TEST_STEP][PASSED] - click: Object: 'Object Repository/Final Object Repo/Page_Update Add New Employee - ASSIST/DOB Year' is clicked on

2018-11-22 21:59:39 - [MESSAGE][PASSED] - Object: 'Object Repository/Final Object Repo/Page_Update Add New Employee - ASSIST/DOB Year' is clicked on

2018-11-22 21:59:39 - [TEST_STEP][PASSED] - Statement - Eyearsbf = EighteenYrsBefore: null

2018-11-22 21:59:39 - [TEST_STEP][PASSED] - Statement - selectYear = new com.kms.katalon.core.testobject.TestObject(): null

2018-11-22 21:59:39 - [TEST_STEP][PASSED] - Statement - selectYear.addProperty("xpath", EQUALS, "//div/div/div/select/option[@value='" + Eyearsbf + "']", true): null

2018-11-22 21:59:39 - [TEST_STEP][PASSED] - click: Object: '' is clicked on

2018-11-22 21:59:39 - [MESSAGE][PASSED] - Object: '' is clicked on

2018-11-22 21:59:39 - [TEST_STEP][PASSED] - Statement - UpdatedSelectDate = com.kms.katalon.core.webui.keyword.WebUiBuiltInKeywords.modifyObjectProperty(com.kms.katalon.core.testobject.ObjectRepository.findTestObject(Final Object Repo/Page_Update Add New Employee - ASSIST/DOB Date), "xpath", "equals", "//body/div/table/tbody/tr/td/a[text()="" + CurrentDate + ""]", true): Modify property of object successfully

2018-11-22 21:59:39 - [MESSAGE][PASSED] - Modify property of object successfully

2018-11-22 21:59:39 - [TEST_STEP][PASSED] - delay: Delayed 3 second(s)

2018-11-22 21:59:42 - [MESSAGE][PASSED] - Delayed 3 second(s)

2018-11-22 21:59:42 - [TEST_STEP][PASSED] - click: Object: 'Object Repository/Final Object Repo/Page_Update Add New Employee - ASSIST/DOB Date' is clicked on

2018-11-22 21:59:42 - [MESSAGE][PASSED] - Object: 'Object Repository/Final Object Repo/Page_Update Add New Employee - ASSIST/DOB Date' is clicked on

2018-11-22 21:59:42 - [TEST_STEP][PASSED] - delay: Delayed 2 second(s)

2018-11-22 21:59:44 - [MESSAGE][PASSED] - Delayed 2 second(s)

2018-11-22 21:59:44 - [TEST_STEP][PASSED] - click: Object: 'Object Repository/Final Object Repo/Page_Update Add New Employee - ASSIST/EmploymentStartDate Pop Up' is clicked on

2018-11-22 21:59:44 - [MESSAGE][PASSED] - Object: 'Object Repository/Final Object Repo/Page_Update Add New Employee - ASSIST/EmploymentStartDate Pop Up' is clicked on

2018-11-22 21:59:44 - [TEST_STEP][PASSED] - delay: Delayed 2 second(s)

2018-11-22 21:59:46 - [MESSAGE][PASSED] - Delayed 2 second(s)

2018-11-22 21:59:46 - [TEST_STEP][PASSED] - click: Object: 'Object Repository/Final Object Repo/Page_Update Add New Employee - ASSIST/Socso Employment StartDate Month' is clicked on

2018-11-22 21:59:46 - [MESSAGE][PASSED] - Object: 'Object Repository/Final Object Repo/Page_Update Add New Employee - ASSIST/Socso Employment StartDate Month' is clicked on

2018-11-22 21:59:46 - [TEST_STEP][PASSED] - delay: Delayed 1 second(s)

2018-11-22 21:59:47 - [MESSAGE][PASSED] - Delayed 1 second(s)

2018-11-22 21:59:47 - [TEST_STEP][PASSED] - click: Object: 'Object Repository/Final Object Repo/Page_Update Add New Employee - ASSIST/Select Socso Employement Startdate Month' is clicked on

2018-11-22 21:59:48 - [MESSAGE][PASSED] - Object: 'Object Repository/Final Object Repo/Page_Update Add New Employee - ASSIST/Select Socso Employement Startdate Month' is clicked on

2018-11-22 21:59:48 - [TEST_STEP][PASSED] - delay: Delayed 2 second(s)

2018-11-22 21:59:50 - [MESSAGE][PASSED] - Delayed 2 second(s)

2018-11-22 21:59:50 - [TEST_STEP][PASSED] - click: Object: 'Object Repository/Final Object Repo/Page_Update Add New Employee - ASSIST/Socso Employment StartDate Year' is clicked on

2018-11-22 21:59:50 - [MESSAGE][PASSED] - Object: 'Object Repository/Final Object Repo/Page_Update Add New Employee - ASSIST/Socso Employment StartDate Year' is clicked on

2018-11-22 21:59:50 - [TEST_STEP][PASSED] - delay: Delayed 1 second(s)

2018-11-22 21:59:51 - [MESSAGE][PASSED] - Delayed 1 second(s)

2018-11-22 21:59:51 - [TEST_STEP][PASSED] - click: Object: 'Object Repository/Final Object Repo/Page_Update Add New Employee - ASSIST/Select Socso Employment Startdate Year - Emp Update Add New' is clicked on

2018-11-22 21:59:51 - [MESSAGE][PASSED] - Object: 'Object Repository/Final Object Repo/Page_Update Add New Employee - ASSIST/Select Socso Employment Startdate Year - Emp Update Add New' is clicked on

2018-11-22 21:59:51 - [TEST_STEP][PASSED] - delay: Delayed 2 second(s)

2018-11-22 21:59:53 - [MESSAGE][PASSED] - Delayed 2 second(s)

2018-11-22 21:59:53 - [TEST_STEP][PASSED] - click: Object: 'Object Repository/Final Object Repo/Page_Update Add New Employee - ASSIST/Socso Employment Start Date Day' is clicked on

2018-11-22 21:59:53 - [MESSAGE][PASSED] - Object: 'Object Repository/Final Object Repo/Page_Update Add New Employee - ASSIST/Socso Employment Start Date Day' is clicked on

2018-11-22 21:59:53 - [TEST_STEP][PASSED] - delay: Delayed 2 second(s)

2018-11-22 21:59:55 - [MESSAGE][PASSED] - Delayed 2 second(s)

2018-11-22 21:59:55 - [TEST_STEP][PASSED] - click: Object: 'Object Repository/Final Object Repo/Page_Update Add New Employee - ASSIST/Save Button for Add Employee' is clicked on

2018-11-22 21:59:55 - [MESSAGE][PASSED] - Object: 'Object Repository/Final Object Repo/Page_Update Add New Employee - ASSIST/Save Button for Add Employee' is clicked on

2018-11-22 21:59:55 - [MESSAGE][PASSED] - Call Test Case 'Test Cases/Final Aug 2018 - PKS Automation/Registration Module/Workflow/Update Add New Employee/Template/Employee Adding/Employee Adding Action liability date change - Employer Access' successfully

2018-11-22 21:59:55 - [TEST_STEP][PASSED] - delay: Delayed 4 second(s)

2018-11-22 21:59:59 - [MESSAGE][PASSED] - Delayed 4 second(s)

2018-11-22 21:59:59 - [TEST_STEP][PASSED] - Statement - CaseReferenceNo = com.kms.katalon.core.webui.keyword.WebUiBuiltInKeywords.getText(com.kms.katalon.core.testobject.ObjectRepository.findTestObject(Final Object Repo/Page_Update Add New Employee - ASSIST/RefNo)): Text of object 'Object Repository/Final Object Repo/Page_Update Add New Employee - ASSIST/RefNo' is: 'CAN11201800002161'

2018-11-22 21:59:59 - [MESSAGE][PASSED] - Text of object 'Object Repository/Final Object Repo/Page_Update Add New Employee - ASSIST/RefNo' is: 'CAN11201800002161'

2018-11-22 21:59:59 - [TEST_STEP][PASSED] - callTestCase: Call Test Case 'Test Cases/Final Aug 2018 - PKS Automation/Common/Reference Number Setter' successfully

2018-11-22 21:59:59 - [TEST_CASE][PASSED] - Test Cases/Final Aug 2018 - PKS Automation/Common/Reference Number Setter: Test Cases/Final Aug 2018 - PKS Automation/Common/Reference Number Setter

2018-11-22 21:59:59 - [TEST_STEP][PASSED] - Statement - RefNoOldFile = new java.io.File(C://Users//Admin//Desktop//PKS//Automation Reference Point//KatalonReference.txt): null

2018-11-22 21:59:59 - [TEST_STEP][PASSED] - Statement - RefNoOldFile.delete(): null

2018-11-22 21:59:59 - [TEST_STEP][PASSED] - delay: Delayed 5 second(s)

2018-11-22 22:00:04 - [MESSAGE][PASSED] - Delayed 5 second(s)

2018-11-22 22:00:04 - [TEST_STEP][PASSED] - Statement - RefNo = new java.io.File(C://Users//Admin//Desktop//PKS//Automation Reference Point//KatalonReference.txt): null

2018-11-22 22:00:04 - [TEST_STEP][PASSED] - Statement - f2 = new java.io.FileWriter(RefNo, false): null

2018-11-22 22:00:04 - [TEST_STEP][PASSED] - Statement - f2.write(CaseReferenceNo): null

2018-11-22 22:00:04 - [TEST_STEP][PASSED] - Statement - f2.close(): null

2018-11-22 22:00:04 - [TEST_STEP][PASSED] - Statement - out.println("


" + CaseReferenceNo + "


"): null

2018-11-22 22:00:04 - [MESSAGE][PASSED] - Call Test Case 'Test Cases/Final Aug 2018 - PKS Automation/Common/Reference Number Setter' successfully

2018-11-22 22:00:04 - [TEST_STEP][PASSED] - delay: Delayed 5 second(s)

2018-11-22 22:00:09 - [MESSAGE][PASSED] - Delayed 5 second(s)

2018-11-22 22:00:09 - [TEST_STEP][PASSED] - click: Object: 'Object Repository/Final Object Repo/Page_Update Add New Employee - ASSIST/Save  Continue Button' is clicked on

2018-11-22 22:00:10 - [MESSAGE][PASSED] - Object: 'Object Repository/Final Object Repo/Page_Update Add New Employee - ASSIST/Save  Continue Button' is clicked on

2018-11-22 22:00:10 - [TEST_STEP][PASSED] - delay: Delayed 5 second(s)

2018-11-22 22:00:15 - [MESSAGE][PASSED] - Delayed 5 second(s)

2018-11-22 22:00:15 - [TEST_STEP][PASSED] - click: Object: 'Object Repository/Final Object Repo/Page_Update Add New Employee - ASSIST/Save  Continue Third Screen' is clicked on

2018-11-22 22:00:18 - [MESSAGE][PASSED] - Object: 'Object Repository/Final Object Repo/Page_Update Add New Employee - ASSIST/Save  Continue Third Screen' is clicked on

2018-11-22 22:00:18 - [TEST_STEP][PASSED] - delay: Delayed 4 second(s)

2018-11-22 22:00:22 - [MESSAGE][PASSED] - Delayed 4 second(s)

2018-11-22 22:00:22 - [TEST_STEP][PASSED] - click: Object: 'Object Repository/Final Object Repo/Page_Update Add New Employee - ASSIST/Save   Continue Supporting Doc Page' is clicked on

2018-11-22 22:00:22 - [MESSAGE][PASSED] - Object: 'Object Repository/Final Object Repo/Page_Update Add New Employee - ASSIST/Save   Continue Supporting Doc Page' is clicked on

2018-11-22 22:00:22 - [TEST_STEP][PASSED] - delay: Delayed 4 second(s)

2018-11-22 22:00:26 - [MESSAGE][PASSED] - Delayed 4 second(s)

2018-11-22 22:00:26 - [TEST_STEP][PASSED] - click: Object: 'Object Repository/Final Object Repo/Page_Update Add New Employee - ASSIST/Submit Button' is clicked on

2018-11-22 22:00:26 - [MESSAGE][PASSED] - Object: 'Object Repository/Final Object Repo/Page_Update Add New Employee - ASSIST/Submit Button' is clicked on

2018-11-22 22:00:26 - [TEST_STEP][PASSED] - delay: Delayed 4 second(s)

2018-11-22 22:00:30 - [MESSAGE][PASSED] - Delayed 4 second(s)

2018-11-22 22:00:30 - [TEST_STEP][PASSED] - click: Object: 'Object Repository/Final Object Repo/Page_Update Add New Employee - ASSIST/Confirm Submit Button' is clicked on

2018-11-22 22:00:30 - [MESSAGE][PASSED] - Object: 'Object Repository/Final Object Repo/Page_Update Add New Employee - ASSIST/Confirm Submit Button' is clicked on

2018-11-22 22:00:30 - [TEST_STEP][PASSED] - delay: Delayed 30 second(s)

2018-11-22 22:01:00 - [MESSAGE][PASSED] - Delayed 30 second(s)

2018-11-22 22:01:00 - [TEST_STEP][PASSED] - callTestCase: Call Test Case 'Test Cases/Final Aug 2018 - PKS Automation/Common/Screenshoting tool' successfully

2018-11-22 22:01:00 - [TEST_CASE][PASSED] - Test Cases/Final Aug 2018 - PKS Automation/Common/Screenshoting tool: Test Cases/Final Aug 2018 - PKS Automation/Common/Screenshoting tool

2018-11-22 22:01:00 - [TEST_STEP][PASSED] - delay: Delayed 15 second(s)

2018-11-22 22:01:15 - [MESSAGE][PASSED] - Delayed 15 second(s)

2018-11-22 22:01:15 - [TEST_STEP][PASSED] - Statement - driver = com.kms.katalon.core.webui.driver.DriverFactory.getWebDriver(): null

2018-11-22 22:01:15 - [TEST_STEP][PASSED] - Statement - driver.manage().timeouts().implicitlyWait(10, SECONDS): null

2018-11-22 22:01:15 - [TEST_STEP][PASSED] - Statement - PresavePath = KatalonScreenshots: null

2018-11-22 22:01:15 - [TEST_STEP][PASSED] - Statement - pathPrefix = "C:\Users\Public\Pictures\Sample Pictures\Katalon Screenshots\Automate Ending Screen": null

2018-11-22 22:01:15 - [TEST_STEP][PASSED] - Statement - finalPath = <not implemented yet for class: org.codehaus.groovy.ast.expr.EmptyExpression>: null

2018-11-22 22:01:15 - [TEST_STEP][PASSED] - Statement - scrFile = driver.getScreenshotAs(FILE): null

2018-11-22 22:01:16 - [TEST_STEP][PASSED] - Statement - PreSaveFile = new java.io.File(PresavePath): null

2018-11-22 22:01:16 - [TEST_STEP][PASSED] - Statement - counter = 0: null

2018-11-22 22:01:16 - [TEST_STEP][PASSED] - Statement - If (PreSaveFile.exists()): null

2018-11-22 22:01:16 - [TEST_STEP][PASSED] - Statement - While (PreSaveFile.exists()): null

2018-11-22 22:01:16 - [TEST_STEP][PASSED] - Statement - counter = counter + 1: null

2018-11-22 22:01:16 - [TEST_STEP][PASSED] - Statement - PreSaveFile = new java.io.File(((pathPrefix + java.lang.Integer.toString(counter)) + .png)): null

2018-11-22 22:01:16 - [TEST_STEP][PASSED] - Statement - counter = counter + 1: null

2018-11-22 22:01:16 - [TEST_STEP][PASSED] - Statement - PreSaveFile = new java.io.File(((pathPrefix + java.lang.Integer.toString(counter)) + .png)): null

2018-11-22 22:01:16 - [TEST_STEP][PASSED] - Statement - counter = counter + 1: null

2018-11-22 22:01:16 - [TEST_STEP][PASSED] - Statement - PreSaveFile = new java.io.File(((pathPrefix + java.lang.Integer.toString(counter)) + .png)): null

2018-11-22 22:01:16 - [TEST_STEP][PASSED] - Statement - counter = counter + 1: null

2018-11-22 22:01:16 - [TEST_STEP][PASSED] - Statement - PreSaveFile = new java.io.File(((pathPrefix + java.lang.Integer.toString(counter)) + .png)): null

2018-11-22 22:01:16 - [TEST_STEP][PASSED] - Statement - counter = counter + 1: null

2018-11-22 22:01:16 - [TEST_STEP][PASSED] - Statement - PreSaveFile = new java.io.File(((pathPrefix + java.lang.Integer.toString(counter)) + .png)): null

2018-11-22 22:01:16 - [TEST_STEP][PASSED] - Statement - counter = counter + 1: null

2018-11-22 22:01:16 - [TEST_STEP][PASSED] - Statement - PreSaveFile = new java.io.File(((pathPrefix + java.lang.Integer.toString(counter)) + .png)): null

2018-11-22 22:01:16 - [TEST_STEP][PASSED] - Statement - counter = counter + 1: null

2018-11-22 22:01:16 - [TEST_STEP][PASSED] - Statement - PreSaveFile = new java.io.File(((pathPrefix + java.lang.Integer.toString(counter)) + .png)): null

2018-11-22 22:01:16 - [TEST_STEP][PASSED] - Statement - counter = counter + 1: null

2018-11-22 22:01:16 - [TEST_STEP][PASSED] - Statement - PreSaveFile = new java.io.File(((pathPrefix + java.lang.Integer.toString(counter)) + .png)): null

2018-11-22 22:01:16 - [TEST_STEP][PASSED] - Statement - counter = counter + 1: null

2018-11-22 22:01:16 - [TEST_STEP][PASSED] - Statement - PreSaveFile = new java.io.File(((pathPrefix + java.lang.Integer.toString(counter)) + .png)): null

2018-11-22 22:01:16 - [TEST_STEP][PASSED] - Statement - counter = counter + 1: null

2018-11-22 22:01:16 - [TEST_STEP][PASSED] - Statement - PreSaveFile = new java.io.File(((pathPrefix + java.lang.Integer.toString(counter)) + .png)): null

2018-11-22 22:01:16 - [TEST_STEP][PASSED] - Statement - counter = counter + 1: null

2018-11-22 22:01:16 - [TEST_STEP][PASSED] - Statement - PreSaveFile = new java.io.File(((pathPrefix + java.lang.Integer.toString(counter)) + .png)): null

2018-11-22 22:01:16 - [TEST_STEP][PASSED] - Statement - counter = counter + 1: null

2018-11-22 22:01:16 - [TEST_STEP][PASSED] - Statement - PreSaveFile = new java.io.File(((pathPrefix + java.lang.Integer.toString(counter)) + .png)): null

2018-11-22 22:01:16 - [TEST_STEP][PASSED] - Statement - counter = counter + 1: null

2018-11-22 22:01:16 - [TEST_STEP][PASSED] - Statement - PreSaveFile = new java.io.File(((pathPrefix + java.lang.Integer.toString(counter)) + .png)): null

2018-11-22 22:01:16 - [TEST_STEP][PASSED] - Statement - counter = counter + 1: null

2018-11-22 22:01:16 - [TEST_STEP][PASSED] - Statement - PreSaveFile = new java.io.File(((pathPrefix + java.lang.Integer.toString(counter)) + .png)): null

2018-11-22 22:01:16 - [TEST_STEP][PASSED] - Statement - counter = counter + 1: null

2018-11-22 22:01:16 - [TEST_STEP][PASSED] - Statement - PreSaveFile = new java.io.File(((pathPrefix + java.lang.Integer.toString(counter)) + .png)): null

2018-11-22 22:01:16 - [TEST_STEP][PASSED] - Statement - counter = counter + 1: null

2018-11-22 22:01:16 - [TEST_STEP][PASSED] - Statement - PreSaveFile = new java.io.File(((pathPrefix + java.lang.Integer.toString(counter)) + .png)): null

2018-11-22 22:01:16 - [TEST_STEP][PASSED] - Statement - counter = counter + 1: null

2018-11-22 22:01:16 - [TEST_STEP][PASSED] - Statement - PreSaveFile = new java.io.File(((pathPrefix + java.lang.Integer.toString(counter)) + .png)): null

2018-11-22 22:01:16 - [TEST_STEP][PASSED] - Statement - counter = counter + 1: null

2018-11-22 22:01:16 - [TEST_STEP][PASSED] - Statement - PreSaveFile = new java.io.File(((pathPrefix + java.lang.Integer.toString(counter)) + .png)): null

2018-11-22 22:01:16 - [TEST_STEP][PASSED] - Statement - counter = counter + 1: null

2018-11-22 22:01:16 - [TEST_STEP][PASSED] - Statement - PreSaveFile = new java.io.File(((pathPrefix + java.lang.Integer.toString(counter)) + .png)): null

2018-11-22 22:01:16 - [TEST_STEP][PASSED] - Statement - counter = counter + 1: null

2018-11-22 22:01:16 - [TEST_STEP][PASSED] - Statement - PreSaveFile = new java.io.File(((pathPrefix + java.lang.Integer.toString(counter)) + .png)): null

2018-11-22 22:01:16 - [TEST_STEP][PASSED] - Statement - counter = counter + 1: null

2018-11-22 22:01:16 - [TEST_STEP][PASSED] - Statement - PreSaveFile = new java.io.File(((pathPrefix + java.lang.Integer.toString(counter)) + .png)): null

2018-11-22 22:01:16 - [TEST_STEP][PASSED] - Statement - counter = counter + 1: null

2018-11-22 22:01:16 - [TEST_STEP][PASSED] - Statement - PreSaveFile = new java.io.File(((pathPrefix + java.lang.Integer.toString(counter)) + .png)): null

2018-11-22 22:01:16 - [TEST_STEP][PASSED] - Statement - counter = counter + 1: null

2018-11-22 22:01:16 - [TEST_STEP][PASSED] - Statement - PreSaveFile = new java.io.File(((pathPrefix + java.lang.Integer.toString(counter)) + .png)): null

2018-11-22 22:01:16 - [TEST_STEP][PASSED] - Statement - counter = counter + 1: null

2018-11-22 22:01:16 - [TEST_STEP][PASSED] - Statement - PreSaveFile = new java.io.File(((pathPrefix + java.lang.Integer.toString(counter)) + .png)): null

2018-11-22 22:01:16 - [TEST_STEP][PASSED] - Statement - counter = counter + 1: null

2018-11-22 22:01:16 - [TEST_STEP][PASSED] - Statement - PreSaveFile = new java.io.File(((pathPrefix + java.lang.Integer.toString(counter)) + .png)): null

2018-11-22 22:01:16 - [TEST_STEP][PASSED] - Statement - counter = counter + 1: null

2018-11-22 22:01:16 - [TEST_STEP][PASSED] - Statement - PreSaveFile = new java.io.File(((pathPrefix + java.lang.Integer.toString(counter)) + .png)): null

2018-11-22 22:01:16 - [TEST_STEP][PASSED] - Statement - counter = counter + 1: null

2018-11-22 22:01:16 - [TEST_STEP][PASSED] - Statement - PreSaveFile = new java.io.File(((pathPrefix + java.lang.Integer.toString(counter)) + .png)): null

2018-11-22 22:01:16 - [TEST_STEP][PASSED] - Statement - counter = counter + 1: null

2018-11-22 22:01:16 - [TEST_STEP][PASSED] - Statement - PreSaveFile = new java.io.File(((pathPrefix + java.lang.Integer.toString(counter)) + .png)): null

2018-11-22 22:01:16 - [TEST_STEP][PASSED] - Statement - counter = counter + 1: null

2018-11-22 22:01:16 - [TEST_STEP][PASSED] - Statement - PreSaveFile = new java.io.File(((pathPrefix + java.lang.Integer.toString(counter)) + .png)): null

2018-11-22 22:01:16 - [TEST_STEP][PASSED] - Statement - counter = counter + 1: null

2018-11-22 22:01:16 - [TEST_STEP][PASSED] - Statement - PreSaveFile = new java.io.File(((pathPrefix + java.lang.Integer.toString(counter)) + .png)): null

2018-11-22 22:01:16 - [TEST_STEP][PASSED] - Statement - counter = counter + 1: null

2018-11-22 22:01:16 - [TEST_STEP][PASSED] - Statement - PreSaveFile = new java.io.File(((pathPrefix + java.lang.Integer.toString(counter)) + .png)): null

2018-11-22 22:01:16 - [TEST_STEP][PASSED] - Statement - counter = counter + 1: null

2018-11-22 22:01:16 - [TEST_STEP][PASSED] - Statement - PreSaveFile = new java.io.File(((pathPrefix + java.lang.Integer.toString(counter)) + .png)): null

2018-11-22 22:01:16 - [TEST_STEP][PASSED] - Statement - counter = counter + 1: null

2018-11-22 22:01:16 - [TEST_STEP][PASSED] - Statement - PreSaveFile = new java.io.File(((pathPrefix + java.lang.Integer.toString(counter)) + .png)): null

2018-11-22 22:01:16 - [TEST_STEP][PASSED] - Statement - counter = counter + 1: null

2018-11-22 22:01:16 - [TEST_STEP][PASSED] - Statement - PreSaveFile = new java.io.File(((pathPrefix + java.lang.Integer.toString(counter)) + .png)): null

2018-11-22 22:01:16 - [TEST_STEP][PASSED] - Statement - counter = counter + 1: null

2018-11-22 22:01:16 - [TEST_STEP][PASSED] - Statement - PreSaveFile = new java.io.File(((pathPrefix + java.lang.Integer.toString(counter)) + .png)): null

2018-11-22 22:01:16 - [TEST_STEP][PASSED] - Statement - counter = counter + 1: null

2018-11-22 22:01:16 - [TEST_STEP][PASSED] - Statement - PreSaveFile = new java.io.File(((pathPrefix + java.lang.Integer.toString(counter)) + .png)): null

2018-11-22 22:01:16 - [TEST_STEP][PASSED] - Statement - counter = counter + 1: null

2018-11-22 22:01:16 - [TEST_STEP][PASSED] - Statement - PreSaveFile = new java.io.File(((pathPrefix + java.lang.Integer.toString(counter)) + .png)): null

2018-11-22 22:01:16 - [TEST_STEP][PASSED] - Statement - counter = counter + 1: null

2018-11-22 22:01:16 - [TEST_STEP][PASSED] - Statement - PreSaveFile = new java.io.File(((pathPrefix + java.lang.Integer.toString(counter)) + .png)): null

2018-11-22 22:01:16 - [TEST_STEP][PASSED] - Statement - counter = counter + 1: null

2018-11-22 22:01:16 - [TEST_STEP][PASSED] - Statement - PreSaveFile = new java.io.File(((pathPrefix + java.lang.Integer.toString(counter)) + .png)): null

2018-11-22 22:01:16 - [TEST_STEP][PASSED] - Statement - counter = counter + 1: null

2018-11-22 22:01:16 - [TEST_STEP][PASSED] - Statement - PreSaveFile = new java.io.File(((pathPrefix + java.lang.Integer.toString(counter)) + .png)): null

2018-11-22 22:01:16 - [TEST_STEP][PASSED] - Statement - counter = counter + 1: null

2018-11-22 22:01:16 - [TEST_STEP][PASSED] - Statement - PreSaveFile = new java.io.File(((pathPrefix + java.lang.Integer.toString(counter)) + .png)): null

2018-11-22 22:01:16 - [TEST_STEP][PASSED] - Statement - counter = counter + 1: null

2018-11-22 22:01:16 - [TEST_STEP][PASSED] - Statement - PreSaveFile = new java.io.File(((pathPrefix + java.lang.Integer.toString(counter)) + .png)): null

2018-11-22 22:01:16 - [TEST_STEP][PASSED] - Statement - counter = counter + 1: null

2018-11-22 22:01:16 - [TEST_STEP][PASSED] - Statement - PreSaveFile = new java.io.File(((pathPrefix + java.lang.Integer.toString(counter)) + .png)): null

2018-11-22 22:01:16 - [TEST_STEP][PASSED] - Statement - counter = counter + 1: null

2018-11-22 22:01:16 - [TEST_STEP][PASSED] - Statement - PreSaveFile = new java.io.File(((pathPrefix + java.lang.Integer.toString(counter)) + .png)): null

2018-11-22 22:01:16 - [TEST_STEP][PASSED] - Statement - counter = counter + 1: null

2018-11-22 22:01:16 - [TEST_STEP][PASSED] - Statement - PreSaveFile = new java.io.File(((pathPrefix + java.lang.Integer.toString(counter)) + .png)): null

2018-11-22 22:01:16 - [TEST_STEP][PASSED] - Statement - counter = counter + 1: null

2018-11-22 22:01:16 - [TEST_STEP][PASSED] - Statement - PreSaveFile = new java.io.File(((pathPrefix + java.lang.Integer.toString(counter)) + .png)): null

2018-11-22 22:01:16 - [TEST_STEP][PASSED] - Statement - counter = counter + 1: null

2018-11-22 22:01:16 - [TEST_STEP][PASSED] - Statement - PreSaveFile = new java.io.File(((pathPrefix + java.lang.Integer.toString(counter)) + .png)): null

2018-11-22 22:01:16 - [TEST_STEP][PASSED] - Statement - counter = counter + 1: null

2018-11-22 22:01:16 - [TEST_STEP][PASSED] - Statement - PreSaveFile = new java.io.File(((pathPrefix + java.lang.Integer.toString(counter)) + .png)): null

2018-11-22 22:01:16 - [TEST_STEP][PASSED] - Statement - counter = counter + 1: null

2018-11-22 22:01:16 - [TEST_STEP][PASSED] - Statement - PreSaveFile = new java.io.File(((pathPrefix + java.lang.Integer.toString(counter)) + .png)): null

2018-11-22 22:01:16 - [TEST_STEP][PASSED] - Statement - counter = counter + 1: null

2018-11-22 22:01:16 - [TEST_STEP][PASSED] - Statement - PreSaveFile = new java.io.File(((pathPrefix + java.lang.Integer.toString(counter)) + .png)): null

2018-11-22 22:01:16 - [TEST_STEP][PASSED] - Statement - counter = counter + 1: null

2018-11-22 22:01:16 - [TEST_STEP][PASSED] - Statement - PreSaveFile = new java.io.File(((pathPrefix + java.lang.Integer.toString(counter)) + .png)): null

2018-11-22 22:01:16 - [TEST_STEP][PASSED] - Statement - counter = counter + 1: null

2018-11-22 22:01:16 - [TEST_STEP][PASSED] - Statement - PreSaveFile = new java.io.File(((pathPrefix + java.lang.Integer.toString(counter)) + .png)): null

2018-11-22 22:01:16 - [TEST_STEP][PASSED] - Statement - counter = counter + 1: null

2018-11-22 22:01:16 - [TEST_STEP][PASSED] - Statement - PreSaveFile = new java.io.File(((pathPrefix + java.lang.Integer.toString(counter)) + .png)): null

2018-11-22 22:01:16 - [TEST_STEP][PASSED] - Statement - counter = counter + 1: null

2018-11-22 22:01:16 - [TEST_STEP][PASSED] - Statement - PreSaveFile = new java.io.File(((pathPrefix + java.lang.Integer.toString(counter)) + .png)): null

2018-11-22 22:01:16 - [TEST_STEP][PASSED] - Statement - counter = counter + 1: null

2018-11-22 22:01:16 - [TEST_STEP][PASSED] - Statement - PreSaveFile = new java.io.File(((pathPrefix + java.lang.Integer.toString(counter)) + .png)): null

2018-11-22 22:01:16 - [TEST_STEP][PASSED] - Statement - counter = counter + 1: null

2018-11-22 22:01:16 - [TEST_STEP][PASSED] - Statement - PreSaveFile = new java.io.File(((pathPrefix + java.lang.Integer.toString(counter)) + .png)): null

2018-11-22 22:01:16 - [TEST_STEP][PASSED] - Statement - counter = counter + 1: null

2018-11-22 22:01:16 - [TEST_STEP][PASSED] - Statement - PreSaveFile = new java.io.File(((pathPrefix + java.lang.Integer.toString(counter)) + .png)): null

2018-11-22 22:01:16 - [TEST_STEP][PASSED] - Statement - counter = counter + 1: null

2018-11-22 22:01:16 - [TEST_STEP][PASSED] - Statement - PreSaveFile = new java.io.File(((pathPrefix + java.lang.Integer.toString(counter)) + .png)): null

2018-11-22 22:01:16 - [TEST_STEP][PASSED] - Statement - counter = counter + 1: null

2018-11-22 22:01:16 - [TEST_STEP][PASSED] - Statement - PreSaveFile = new java.io.File(((pathPrefix + java.lang.Integer.toString(counter)) + .png)): null

2018-11-22 22:01:16 - [TEST_STEP][PASSED] - Statement - counter = counter + 1: null

2018-11-22 22:01:16 - [TEST_STEP][PASSED] - Statement - PreSaveFile = new java.io.File(((pathPrefix + java.lang.Integer.toString(counter)) + .png)): null

2018-11-22 22:01:16 - [TEST_STEP][PASSED] - Statement - counter = counter + 1: null

2018-11-22 22:01:16 - [TEST_STEP][PASSED] - Statement - PreSaveFile = new java.io.File(((pathPrefix + java.lang.Integer.toString(counter)) + .png)): null

2018-11-22 22:01:16 - [TEST_STEP][PASSED] - Statement - counter = counter + 1: null

2018-11-22 22:01:16 - [TEST_STEP][PASSED] - Statement - PreSaveFile = new java.io.File(((pathPrefix + java.lang.Integer.toString(counter)) + .png)): null

2018-11-22 22:01:16 - [TEST_STEP][PASSED] - Statement - counter = counter + 1: null

2018-11-22 22:01:16 - [TEST_STEP][PASSED] - Statement - PreSaveFile = new java.io.File(((pathPrefix + java.lang.Integer.toString(counter)) + .png)): null

2018-11-22 22:01:16 - [TEST_STEP][PASSED] - Statement - counter = counter + 1: null

2018-11-22 22:01:16 - [TEST_STEP][PASSED] - Statement - PreSaveFile = new java.io.File(((pathPrefix + java.lang.Integer.toString(counter)) + .png)): null

2018-11-22 22:01:16 - [TEST_STEP][PASSED] - Statement - counter = counter + 1: null

2018-11-22 22:01:16 - [TEST_STEP][PASSED] - Statement - PreSaveFile = new java.io.File(((pathPrefix + java.lang.Integer.toString(counter)) + .png)): null

2018-11-22 22:01:16 - [TEST_STEP][PASSED] - Statement - counter = counter + 1: null

2018-11-22 22:01:16 - [TEST_STEP][PASSED] - Statement - PreSaveFile = new java.io.File(((pathPrefix + java.lang.Integer.toString(counter)) + .png)): null

2018-11-22 22:01:16 - [TEST_STEP][PASSED] - Statement - finalPath = pathPrefix + java.lang.Integer.toString(counter) + ".png": null

2018-11-22 22:01:16 - [TEST_STEP][PASSED] - Statement - SaveFile = new java.io.File(finalPath): null

2018-11-22 22:01:16 - [TEST_STEP][PASSED] - Statement - Try: null

2018-11-22 22:01:16 - [TEST_STEP][PASSED] - Statement - org.apache.commons.io.FileUtils.copyFile(scrFile, SaveFile): null

2018-11-22 22:01:16 - [TEST_STEP][PASSED] - Statement - out.println("file kept"): null

2018-11-22 22:01:16 - [TEST_STEP][PASSED] - delay: Delayed 10 second(s)

2018-11-22 22:01:26 - [MESSAGE][PASSED] - Delayed 10 second(s)

2018-11-22 22:01:26 - [MESSAGE][PASSED] - Call Test Case 'Test Cases/Final Aug 2018 - PKS Automation/Common/Screenshoting tool' successfully

2018-11-22 22:01:26 - [TEST_STEP][PASSED] - callTestCase: Call Test Case 'Test Cases/Final Aug 2018 - PKS Automation/Registration Module/Log Out/log out avoiding katalon tagging' successfully

2018-11-22 22:01:26 - [TEST_CASE][PASSED] - Test Cases/Final Aug 2018 - PKS Automation/Registration Module/Log Out/log out avoiding katalon tagging: Test Cases/Final Aug 2018 - PKS Automation/Registration Module/Log Out/log out avoiding katalon tagging

2018-11-22 22:01:26 - [TEST_STEP][PASSED] - navigateToUrl: Navigate to 'https://assist2-uat.perkeso.gov.my/c/portal/logout' successfully

2018-11-22 22:01:27 - [MESSAGE][PASSED] - Navigate to 'https://assist2-uat.perkeso.gov.my/c/portal/logout' successfully

2018-11-22 22:01:27 - [MESSAGE][PASSED] - Call Test Case 'Test Cases/Final Aug 2018 - PKS Automation/Registration Module/Log Out/log out avoiding katalon tagging' successfully

2018-11-22 22:01:27 - [TEST_STEP][FAILED] - callTestCase: Unable to call Test Case with id 'Test Cases/Final Aug 2018 - PKS Automation/Common/Workflow Owner Finder' (Root cause: Call Test Case 'Test Cases/Final Aug 2018 - PKS Automation/Common/Workflow Owner Finder' failed)

2018-11-22 22:01:27 - [TEST_CASE][FAILED] - Test Cases/Final Aug 2018 - PKS Automation/Common/Workflow Owner Finder: Test Cases/Final Aug 2018 - PKS Automation/Common/Workflow Owner Finder FAILED because (of) (Stack trace: com.kms.katalon.core.exception.StepFailedException: Unable to click on object 'Object Repository/Final Object Repo/Landing Page/Select to English' (Root cause: com.kms.katalon.core.webui.exception.WebElementNotFoundException: Web element with id: 'Object Repository/Final Object Repo/Landing Page/Select to English' located by 'By.xpath: //a[@class = 'taglib-language-list-text' and @lang = 'en-US' and (contains(text(), 'EN') or contains(., 'EN'))]' not found)
	at com.kms.katalon.core.keyword.internal.KeywordMain.stepFailed(KeywordMain.groovy:32)
	at com.kms.katalon.core.webui.keyword.internal.WebUIKeywordMain.stepFailed(WebUIKeywordMain.groovy:65)
	at com.kms.katalon.core.webui.keyword.internal.WebUIKeywordMain.runKeyword(WebUIKeywordMain.groovy:27)
	at com.kms.katalon.core.webui.keyword.builtin.ClickKeyword.click(ClickKeyword.groovy:86)
	at com.kms.katalon.core.webui.keyword.builtin.ClickKeyword.execute(ClickKeyword.groovy:67)
	at com.kms.katalon.core.keyword.internal.KeywordExecutor.executeKeywordForPlatform(KeywordExecutor.groovy:53)
	at com.kms.katalon.core.webui.keyword.WebUiBuiltInKeywords.click(WebUiBuiltInKeywords.groovy:604)
	at com.kms.katalon.core.webui.keyword.WebUiBuiltInKeywords$click$6.call(Unknown Source)
	at Script1534407542420.run(Script1534407542420.groovy:57)
	at com.kms.katalon.core.main.ScriptEngine.run(ScriptEngine.java:183)
	at com.kms.katalon.core.main.ScriptEngine.runScriptAsRawText(ScriptEngine.java:108)
	at com.kms.katalon.core.main.TestCaseExecutor.runScript(TestCaseExecutor.java:294)
	at com.kms.katalon.core.main.TestCaseExecutor.doExecute(TestCaseExecutor.java:285)
	at com.kms.katalon.core.main.TestCaseExecutor.processExecutionPhase(TestCaseExecutor.java:264)
	at com.kms.katalon.core.main.TestCaseExecutor.accessMainPhase(TestCaseExecutor.java:256)
	at com.kms.katalon.core.main.TestCaseExecutor.execute(TestCaseExecutor.java:200)
	at com.kms.katalon.core.main.TestCaseMain.runTestCase(TestCaseMain.java:99)
	at com.kms.katalon.core.keyword.builtin.CallTestCaseKeyword$_callTestCase_closure1.doCall(CallTestCaseKeyword.groovy:60)
	at com.kms.katalon.core.keyword.builtin.CallTestCaseKeyword$_callTestCase_closure1.call(CallTestCaseKeyword.groovy)
	at com.kms.katalon.core.keyword.internal.KeywordMain.runKeyword(KeywordMain.groovy:54)
	at com.kms.katalon.core.keyword.builtin.CallTestCaseKeyword.callTestCase(CallTestCaseKeyword.groovy:81)
	at com.kms.katalon.core.keyword.builtin.CallTestCaseKeyword.execute(CallTestCaseKeyword.groovy:45)
	at com.kms.katalon.core.keyword.internal.KeywordExecutor.executeKeywordForPlatform(KeywordExecutor.groovy:53)
	at com.kms.katalon.core.keyword.BuiltinKeywords.callTestCase(BuiltinKeywords.groovy:334)
	at sun.reflect.GeneratedMethodAccessor13.invoke(Unknown Source)
	at sun.reflect.DelegatingMethodAccessorImpl.invoke(DelegatingMethodAccessorImpl.java:43)
	at java.lang.reflect.Method.invoke(Method.java:498)
	at org.codehaus.groovy.reflection.CachedMethod.invoke(CachedMethod.java:93)
	at groovy.lang.MetaMethod.doMethodInvoke(MetaMethod.java:325)
	at groovy.lang.MetaClassImpl.invokeStaticMethod(MetaClassImpl.java:1469)
	at org.codehaus.groovy.runtime.callsite.StaticMetaClassSite.call(StaticMetaClassSite.java:53)
	at org.codehaus.groovy.runtime.callsite.CallSiteArray.defaultCall(CallSiteArray.java:48)
	at org.codehaus.groovy.runtime.callsite.AbstractCallSite.call(AbstractCallSite.java:113)
	at org.codehaus.groovy.runtime.callsite.AbstractCallSite.call(AbstractCallSite.java:141)
	at Script1537333843549.run(Script1537333843549.groovy:112)
	at com.kms.katalon.core.main.ScriptEngine.run(ScriptEngine.java:183)
	at com.kms.katalon.core.main.ScriptEngine.runScriptAsRawText(ScriptEngine.java:108)
	at com.kms.katalon.core.main.TestCaseExecutor.runScript(TestCaseExecutor.java:294)
	at com.kms.katalon.core.main.TestCaseExecutor.doExecute(TestCaseExecutor.java:285)
	at com.kms.katalon.core.main.TestCaseExecutor.processExecutionPhase(TestCaseExecutor.java:264)
	at com.kms.katalon.core.main.TestCaseExecutor.accessMainPhase(TestCaseExecutor.java:256)
	at com.kms.katalon.core.main.TestCaseExecutor.execute(TestCaseExecutor.java:200)
	at com.kms.katalon.core.main.TestSuiteExecutor.accessTestCaseMainPhase(TestSuiteExecutor.java:129)
	at com.kms.katalon.core.main.TestSuiteExecutor.accessTestSuiteMainPhase(TestSuiteExecutor.java:112)
	at com.kms.katalon.core.main.TestSuiteExecutor.execute(TestSuiteExecutor.java:81)
	at com.kms.katalon.core.main.TestCaseMain.startTestSuite(TestCaseMain.java:142)
	at com.kms.katalon.core.main.TestCaseMain$startTestSuite$0.call(Unknown Source)
	at org.codehaus.groovy.runtime.callsite.CallSiteArray.defaultCall(CallSiteArray.java:48)
	at org.codehaus.groovy.runtime.callsite.AbstractCallSite.call(AbstractCallSite.java:113)
	at org.codehaus.groovy.runtime.callsite.AbstractCallSite.call(AbstractCallSite.java:141)
	at TempTestSuite1542874456666.run(TempTestSuite1542874456666.groovy:36)
	at groovy.lang.GroovyShell.runScriptOrMainOrTestOrRunnable(GroovyShell.java:263)
	at groovy.lang.GroovyShell.run(GroovyShell.java:518)
	at groovy.lang.GroovyShell.run(GroovyShell.java:507)
	at groovy.ui.GroovyMain.processOnce(GroovyMain.java:653)
	at groovy.ui.GroovyMain.run(GroovyMain.java:384)
	at groovy.ui.GroovyMain.process(GroovyMain.java:370)
	at groovy.ui.GroovyMain.processArgs(GroovyMain.java:129)
	at groovy.ui.GroovyMain.main(GroovyMain.java:109)
	at sun.reflect.NativeMethodAccessorImpl.invoke0(Native Method)
	at sun.reflect.NativeMethodAccessorImpl.invoke(NativeMethodAccessorImpl.java:62)
	at sun.reflect.DelegatingMethodAccessorImpl.invoke(DelegatingMethodAccessorImpl.java:43)
	at java.lang.reflect.Method.invoke(Method.java:498)
	at org.codehaus.groovy.tools.GroovyStarter.rootLoader(GroovyStarter.java:109)
	at org.codehaus.groovy.tools.GroovyStarter.main(GroovyStarter.java:131)
)

2018-11-22 22:01:27 - [TEST_STEP][PASSED] - openBrowser: Browser is opened with url: ''

2018-11-22 22:01:27 - [MESSAGE][WARNING] - A browser is already opened. Closing browser and opening a new one

2018-11-22 22:01:31 - [MESSAGE][PASSED] - Browser is opened with url: ''

2018-11-22 22:01:31 - [TEST_STEP][PASSED] - navigateToUrl: Navigate to 'https://assist2-uat.perkeso.gov.my/login' successfully

2018-11-22 22:01:32 - [MESSAGE][PASSED] - Navigate to 'https://assist2-uat.perkeso.gov.my/login' successfully

2018-11-22 22:01:32 - [TEST_STEP][PASSED] - delay: Delayed 5 second(s)

2018-11-22 22:01:37 - [MESSAGE][PASSED] - Delayed 5 second(s)

2018-11-22 22:01:37 - [TEST_STEP][PASSED] - setText: Text 'test@liferay.com' is set on object 'Object Repository/Final Object Repo/Login Page/Internal User/Email Address'

2018-11-22 22:01:37 - [MESSAGE][PASSED] - Text 'test@liferay.com' is set on object 'Object Repository/Final Object Repo/Login Page/Internal User/Email Address'

2018-11-22 22:01:37 - [TEST_STEP][PASSED] - click: Object: 'Object Repository/Final Object Repo/Login Page/Internal User/Next Button' is clicked on

2018-11-22 22:01:37 - [MESSAGE][PASSED] - Object: 'Object Repository/Final Object Repo/Login Page/Internal User/Next Button' is clicked on

2018-11-22 22:01:37 - [TEST_STEP][PASSED] - delay: Delayed 2 second(s)

2018-11-22 22:01:39 - [MESSAGE][PASSED] - Delayed 2 second(s)

2018-11-22 22:01:39 - [TEST_STEP][PASSED] - setText: Text 'test' is set on object 'Object Repository/Final Object Repo/Login Page/Internal User/Password'

2018-11-22 22:01:40 - [MESSAGE][PASSED] - Text 'test' is set on object 'Object Repository/Final Object Repo/Login Page/Internal User/Password'

2018-11-22 22:01:40 - [TEST_STEP][PASSED] - delay: Delayed 2 second(s)

2018-11-22 22:01:42 - [MESSAGE][PASSED] - Delayed 2 second(s)

2018-11-22 22:01:42 - [TEST_STEP][PASSED] - click: Object: 'Object Repository/Final Object Repo/Login Page/Internal User/Login Button' is clicked on

2018-11-22 22:01:42 - [MESSAGE][PASSED] - Object: 'Object Repository/Final Object Repo/Login Page/Internal User/Login Button' is clicked on

2018-11-22 22:01:42 - [TEST_STEP][FAILED] - Statement - Try: Delayed 2 second(s)

2018-11-22 22:01:42 - [TEST_STEP][PASSED] - Statement - Checker = false: null

2018-11-22 22:01:42 - [TEST_STEP][PASSED] - Statement - Checker = com.kms.katalon.core.webui.keyword.WebUiBuiltInKeywords.verifyElementHasAttribute(com.kms.katalon.core.testobject.ObjectRepository.findTestObject(Final Object Repo/Landing Page/BM Detecting), "href", 20, OPTIONAL): Unable to verify if object 'Object Repository/Final Object Repo/Landing Page/BM Detecting' has attribute 'href' (Root cause: org.openqa.selenium.StaleElementReferenceException: stale element reference: element is not attached to the page document
  (Session info: chrome=70.0.3538.102)
  (Driver info: chromedriver=2.43.600210 (68dcf5eebde37173d4027fa8635e332711d2874a),platform=Windows NT 6.1.7601 SP1 x86_64) (WARNING: The server did not provide any stacktrace information)
Command duration or timeout: 0 milliseconds
For documentation on this error, please visit: http://seleniumhq.org/exceptions/stale_element_reference.html
Build info: version: '3.7.1', revision: '8a0099a', time: '2017-11-06T21:07:36.161Z'
System info: host: 'WIN7TEST02', ip: '10.20.3.72', os.name: 'Windows 7', os.arch: 'amd64', os.version: '6.1', java.version: '1.8.0_181'
Driver info: com.kms.katalon.selenium.driver.CChromeDriver
Capabilities {acceptInsecureCerts: false, acceptSslCerts: false, applicationCacheEnabled: false, browserConnectionEnabled: false, browserName: chrome, chrome: {chromedriverVersion: 2.43.600210 (68dcf5eebde371..., userDataDir: C:\Users\Admin\AppData\Loca...}, cssSelectorsEnabled: true, databaseEnabled: false, goog:chromeOptions: {debuggerAddress: localhost:63897}, handlesAlerts: true, hasTouchScreen: false, javascriptEnabled: true, locationContextEnabled: true, mobileEmulationEnabled: false, nativeEvents: true, networkConnectionEnabled: false, pageLoadStrategy: normal, platform: XP, platformName: XP, rotatable: false, setWindowRect: true, takesHeapSnapshot: true, takesScreenshot: true, unexpectedAlertBehaviour: , unhandledPromptBehavior: , version: 70.0.3538.102, webStorageEnabled: true}
Session ID: cc2f7dcb369a88a021b3b85ec4f1fa45)

2018-11-22 22:01:44 - [MESSAGE][WARNING] - Unable to verify if object 'Object Repository/Final Object Repo/Landing Page/BM Detecting' has attribute 'href' (Root cause: org.openqa.selenium.StaleElementReferenceException: stale element reference: element is not attached to the page document
  (Session info: chrome=70.0.3538.102)
  (Driver info: chromedriver=2.43.600210 (68dcf5eebde37173d4027fa8635e332711d2874a),platform=Windows NT 6.1.7601 SP1 x86_64) (WARNING: The server did not provide any stacktrace information)
Command duration or timeout: 0 milliseconds
For documentation on this error, please visit: http://seleniumhq.org/exceptions/stale_element_reference.html
Build info: version: '3.7.1', revision: '8a0099a', time: '2017-11-06T21:07:36.161Z'
System info: host: 'WIN7TEST02', ip: '10.20.3.72', os.name: 'Windows 7', os.arch: 'amd64', os.version: '6.1', java.version: '1.8.0_181'
Driver info: com.kms.katalon.selenium.driver.CChromeDriver
Capabilities {acceptInsecureCerts: false, acceptSslCerts: false, applicationCacheEnabled: false, browserConnectionEnabled: false, browserName: chrome, chrome: {chromedriverVersion: 2.43.600210 (68dcf5eebde371..., userDataDir: C:\Users\Admin\AppData\Loca...}, cssSelectorsEnabled: true, databaseEnabled: false, goog:chromeOptions: {debuggerAddress: localhost:63897}, handlesAlerts: true, hasTouchScreen: false, javascriptEnabled: true, locationContextEnabled: true, mobileEmulationEnabled: false, nativeEvents: true, networkConnectionEnabled: false, pageLoadStrategy: normal, platform: XP, platformName: XP, rotatable: false, setWindowRect: true, takesHeapSnapshot: true, takesScreenshot: true, unexpectedAlertBehaviour: , unhandledPromptBehavior: , version: 70.0.3538.102, webStorageEnabled: true}
Session ID: cc2f7dcb369a88a021b3b85ec4f1fa45)
[[ATTACHMENT|C:\\Users\\Admin\\Desktop\\PKS\\Perkeso Phase A\\Reports\\Workflow\\Update Add New Employee\\20181122_161416\\1542895304194.png]]

2018-11-22 22:01:44 - [TEST_STEP][PASSED] - Statement - out.println(Checker): null

2018-11-22 22:01:44 - [TEST_STEP][FAILED] - Statement - If (Checker == false): Unable to click on object 'Object Repository/Final Object Repo/Landing Page/Select to English' (Root cause: com.kms.katalon.core.webui.exception.WebElementNotFoundException: Web element with id: 'Object Repository/Final Object Repo/Landing Page/Select to English' located by 'By.xpath: //a[@class = 'taglib-language-list-text' and @lang = 'en-US' and (contains(text(), 'EN') or contains(., 'EN'))]' not found)

2018-11-22 22:01:44 - [TEST_STEP][FAILED] - click: Unable to click on object 'Object Repository/Final Object Repo/Landing Page/Select to English' (Root cause: com.kms.katalon.core.webui.exception.WebElementNotFoundException: Web element with id: 'Object Repository/Final Object Repo/Landing Page/Select to English' located by 'By.xpath: //a[@class = 'taglib-language-list-text' and @lang = 'en-US' and (contains(text(), 'EN') or contains(., 'EN'))]' not found)

2018-11-22 22:02:21 - [MESSAGE][FAILED] - Unable to click on object 'Object Repository/Final Object Repo/Landing Page/Select to English' (Root cause: com.kms.katalon.core.webui.exception.WebElementNotFoundException: Web element with id: 'Object Repository/Final Object Repo/Landing Page/Select to English' located by 'By.xpath: //a[@class = 'taglib-language-list-text' and @lang = 'en-US' and (contains(text(), 'EN') or contains(., 'EN'))]' not found)
[[ATTACHMENT|C:\\Users\\Admin\\Desktop\\PKS\\Perkeso Phase A\\Reports\\Workflow\\Update Add New Employee\\20181122_161416\\1542895341693.png]]

2018-11-22 22:02:21 - [TEST_STEP][PASSED] - delay: Delayed 2 second(s)

2018-11-22 22:02:23 - [MESSAGE][PASSED] - Delayed 2 second(s)

2018-11-22 22:02:23 - [TEST_STEP][PASSED] - delay: Delayed 3 second(s)

2018-11-22 22:02:26 - [MESSAGE][PASSED] - Delayed 3 second(s)

2018-11-22 22:02:26 - [TEST_STEP][PASSED] - mouseOver: Object: 'Object Repository/Final Object Repo/Landing Page/WorkFlow Menu' is hovered

2018-11-22 22:02:27 - [MESSAGE][PASSED] - Object: 'Object Repository/Final Object Repo/Landing Page/WorkFlow Menu' is hovered

2018-11-22 22:02:27 - [TEST_STEP][PASSED] - delay: Delayed 2 second(s)

2018-11-22 22:02:29 - [MESSAGE][PASSED] - Delayed 2 second(s)

2018-11-22 22:02:29 - [TEST_STEP][PASSED] - click: Object: 'Object Repository/Final Object Repo/Landing Page/Select to Workflow Listing' is clicked on

2018-11-22 22:02:30 - [MESSAGE][PASSED] - Object: 'Object Repository/Final Object Repo/Landing Page/Select to Workflow Listing' is clicked on

2018-11-22 22:02:30 - [TEST_STEP][PASSED] - delay: Delayed 2 second(s)

2018-11-22 22:02:32 - [MESSAGE][PASSED] - Delayed 2 second(s)

2018-11-22 22:02:32 - [TEST_STEP][PASSED] - click: Object: 'Object Repository/Final Object Repo/WorkFlow Listing Page/Search Information - To Put Ref No' is clicked on

2018-11-22 22:02:32 - [MESSAGE][PASSED] - Object: 'Object Repository/Final Object Repo/WorkFlow Listing Page/Search Information - To Put Ref No' is clicked on

2018-11-22 22:02:32 - [TEST_STEP][PASSED] - delay: Delayed 2 second(s)

2018-11-22 22:02:34 - [MESSAGE][PASSED] - Delayed 2 second(s)

2018-11-22 22:02:34 - [TEST_STEP][PASSED] - callTestCase: Call Test Case 'Test Cases/Final Aug 2018 - PKS Automation/Common/Reference Number Getter' successfully

2018-11-22 22:02:34 - [TEST_CASE][PASSED] - Test Cases/Final Aug 2018 - PKS Automation/Common/Reference Number Getter: Test Cases/Final Aug 2018 - PKS Automation/Common/Reference Number Getter

2018-11-22 22:02:34 - [TEST_STEP][PASSED] - Statement - Try: null

2018-11-22 22:02:34 - [TEST_STEP][PASSED] - Statement - RefNo = new java.io.File(C://Users//Admin//Desktop//PKS//Automation Reference Point//KatalonReference.txt): null

2018-11-22 22:02:34 - [TEST_STEP][PASSED] - Statement - bufferread = new java.io.BufferedReader(new java.io.FileReader(RefNo)): null

2018-11-22 22:02:34 - [TEST_STEP][PASSED] - Statement - readedVal = bufferread.readLine(): null

2018-11-22 22:02:34 - [TEST_STEP][PASSED] - Statement - out.println(CaseReferenceNo): null

2018-11-22 22:02:34 - [TEST_STEP][PASSED] - Statement - out.println(readedVal): null

2018-11-22 22:02:34 - [TEST_STEP][PASSED] - Statement - CaseReferenceNo = "": null

2018-11-22 22:02:34 - [TEST_STEP][PASSED] - Statement - CaseReferenceNo = readedVal: null

2018-11-22 22:02:34 - [MESSAGE][PASSED] - Call Test Case 'Test Cases/Final Aug 2018 - PKS Automation/Common/Reference Number Getter' successfully

2018-11-22 22:02:34 - [TEST_STEP][PASSED] - setText: Text 'CAN11201800002161' is set on object 'Object Repository/Final Object Repo/WorkFlow Listing Page/Ref No Set Text'

2018-11-22 22:02:34 - [MESSAGE][PASSED] - Text 'CAN11201800002161' is set on object 'Object Repository/Final Object Repo/WorkFlow Listing Page/Ref No Set Text'

2018-11-22 22:02:34 - [TEST_STEP][PASSED] - delay: Delayed 2 second(s)

2018-11-22 22:02:36 - [MESSAGE][PASSED] - Delayed 2 second(s)

2018-11-22 22:02:36 - [TEST_STEP][PASSED] - click: Object: 'Object Repository/Final Object Repo/WorkFlow Listing Page/Search Ref No Search Button' is clicked on

2018-11-22 22:02:37 - [MESSAGE][PASSED] - Object: 'Object Repository/Final Object Repo/WorkFlow Listing Page/Search Ref No Search Button' is clicked on

2018-11-22 22:02:37 - [TEST_STEP][PASSED] - delay: Delayed 4 second(s)

2018-11-22 22:02:41 - [MESSAGE][PASSED] - Delayed 4 second(s)

2018-11-22 22:02:41 - [TEST_STEP][PASSED] - click: Object: 'Object Repository/Final Object Repo/WorkFlow Listing Page/Click Continue Tooltip' is clicked on

2018-11-22 22:02:41 - [MESSAGE][PASSED] - Object: 'Object Repository/Final Object Repo/WorkFlow Listing Page/Click Continue Tooltip' is clicked on

2018-11-22 22:02:41 - [TEST_STEP][PASSED] - delay: Delayed 5 second(s)

2018-11-22 22:02:46 - [MESSAGE][PASSED] - Delayed 5 second(s)

2018-11-22 22:02:46 - [TEST_STEP][PASSED] - doubleClick: Object: 'Object Repository/Final Object Repo/WorkFlow Listing Page/Workflow Found - Listing 1' is double clicked on

2018-11-22 22:02:47 - [MESSAGE][PASSED] - Object: 'Object Repository/Final Object Repo/WorkFlow Listing Page/Workflow Found - Listing 1' is double clicked on

2018-11-22 22:02:47 - [TEST_STEP][PASSED] - Statement - println(OwnerID): null

2018-11-22 22:02:47 - [TEST_STEP][PASSED] - Statement - OwnerID = com.kms.katalon.core.webui.keyword.WebUiBuiltInKeywords.getText(com.kms.katalon.core.testobject.ObjectRepository.findTestObject(Final Object Repo/WorkFlow Listing Page/Workflow Found - Listing 1), STOP_ON_FAILURE): Text of object 'Object Repository/Final Object Repo/WorkFlow Listing Page/Workflow Found - Listing 1' is: 'JOHORro3'

2018-11-22 22:02:47 - [MESSAGE][PASSED] - Text of object 'Object Repository/Final Object Repo/WorkFlow Listing Page/Workflow Found - Listing 1' is: 'JOHORro3'

2018-11-22 22:02:47 - [TEST_STEP][PASSED] - Statement - OwnerID = OwnerID.toLowerCase() + "@gmail.com": null

2018-11-22 22:02:47 - [TEST_STEP][PASSED] - Statement - println(OwnerID): null

2018-11-22 22:02:47 - [TEST_STEP][PASSED] - delay: Delayed 2 second(s)

2018-11-22 22:02:49 - [MESSAGE][PASSED] - Delayed 2 second(s)

2018-11-22 22:02:49 - [MESSAGE][FAILED] - Unable to call Test Case with id 'Test Cases/Final Aug 2018 - PKS Automation/Common/Workflow Owner Finder' (Root cause: Call Test Case 'Test Cases/Final Aug 2018 - PKS Automation/Common/Workflow Owner Finder' failed)]]></system-out>
         <system-err><![CDATA[2018-11-22 21:51:00 - [TEST_CASE][FAILED] - Test Cases/Final Aug 2018 - PKS Automation/Registration Module/Workflow/Update Add New Employee/Special Case (Employer - RO Under Enforcement): Test Cases/Final Aug 2018 - PKS Automation/Registration Module/Workflow/Update Add New Employee/Special Case (Employer - RO Under Enforcement) FAILED because (of) (Stack trace: com.kms.katalon.core.exception.StepFailedException: Unable to click on object 'Object Repository/Final Object Repo/Landing Page/Select to English' (Root cause: com.kms.katalon.core.webui.exception.WebElementNotFoundException: Web element with id: 'Object Repository/Final Object Repo/Landing Page/Select to English' located by 'By.xpath: //a[@class = 'taglib-language-list-text' and @lang = 'en-US' and (contains(text(), 'EN') or contains(., 'EN'))]' not found)
	at com.kms.katalon.core.keyword.internal.KeywordMain.stepFailed(KeywordMain.groovy:32)
	at com.kms.katalon.core.webui.keyword.internal.WebUIKeywordMain.stepFailed(WebUIKeywordMain.groovy:65)
	at com.kms.katalon.core.webui.keyword.internal.WebUIKeywordMain.runKeyword(WebUIKeywordMain.groovy:27)
	at com.kms.katalon.core.webui.keyword.builtin.ClickKeyword.click(ClickKeyword.groovy:86)
	at com.kms.katalon.core.webui.keyword.builtin.ClickKeyword.execute(ClickKeyword.groovy:67)
	at com.kms.katalon.core.keyword.internal.KeywordExecutor.executeKeywordForPlatform(KeywordExecutor.groovy:53)
	at com.kms.katalon.core.webui.keyword.WebUiBuiltInKeywords.click(WebUiBuiltInKeywords.groovy:604)
	at com.kms.katalon.core.webui.keyword.WebUiBuiltInKeywords$click$6.call(Unknown Source)
	at Script1534407542420.run(Script1534407542420.groovy:57)
	at com.kms.katalon.core.main.ScriptEngine.run(ScriptEngine.java:183)
	at com.kms.katalon.core.main.ScriptEngine.runScriptAsRawText(ScriptEngine.java:108)
	at com.kms.katalon.core.main.TestCaseExecutor.runScript(TestCaseExecutor.java:294)
	at com.kms.katalon.core.main.TestCaseExecutor.doExecute(TestCaseExecutor.java:285)
	at com.kms.katalon.core.main.TestCaseExecutor.processExecutionPhase(TestCaseExecutor.java:264)
	at com.kms.katalon.core.main.TestCaseExecutor.accessMainPhase(TestCaseExecutor.java:256)
	at com.kms.katalon.core.main.TestCaseExecutor.execute(TestCaseExecutor.java:200)
	at com.kms.katalon.core.main.TestCaseMain.runTestCase(TestCaseMain.java:99)
	at com.kms.katalon.core.keyword.builtin.CallTestCaseKeyword$_callTestCase_closure1.doCall(CallTestCaseKeyword.groovy:60)
	at com.kms.katalon.core.keyword.builtin.CallTestCaseKeyword$_callTestCase_closure1.call(CallTestCaseKeyword.groovy)
	at com.kms.katalon.core.keyword.internal.KeywordMain.runKeyword(KeywordMain.groovy:54)
	at com.kms.katalon.core.keyword.builtin.CallTestCaseKeyword.callTestCase(CallTestCaseKeyword.groovy:81)
	at com.kms.katalon.core.keyword.builtin.CallTestCaseKeyword.execute(CallTestCaseKeyword.groovy:45)
	at com.kms.katalon.core.keyword.internal.KeywordExecutor.executeKeywordForPlatform(KeywordExecutor.groovy:53)
	at com.kms.katalon.core.keyword.BuiltinKeywords.callTestCase(BuiltinKeywords.groovy:334)
	at sun.reflect.GeneratedMethodAccessor13.invoke(Unknown Source)
	at sun.reflect.DelegatingMethodAccessorImpl.invoke(DelegatingMethodAccessorImpl.java:43)
	at java.lang.reflect.Method.invoke(Method.java:498)
	at org.codehaus.groovy.reflection.CachedMethod.invoke(CachedMethod.java:93)
	at groovy.lang.MetaMethod.doMethodInvoke(MetaMethod.java:325)
	at groovy.lang.MetaClassImpl.invokeStaticMethod(MetaClassImpl.java:1469)
	at org.codehaus.groovy.runtime.callsite.StaticMetaClassSite.call(StaticMetaClassSite.java:53)
	at org.codehaus.groovy.runtime.callsite.CallSiteArray.defaultCall(CallSiteArray.java:48)
	at org.codehaus.groovy.runtime.callsite.AbstractCallSite.call(AbstractCallSite.java:113)
	at org.codehaus.groovy.runtime.callsite.AbstractCallSite.call(AbstractCallSite.java:141)
	at Script1537333843549.run(Script1537333843549.groovy:112)
	at com.kms.katalon.core.main.ScriptEngine.run(ScriptEngine.java:183)
	at com.kms.katalon.core.main.ScriptEngine.runScriptAsRawText(ScriptEngine.java:108)
	at com.kms.katalon.core.main.TestCaseExecutor.runScript(TestCaseExecutor.java:294)
	at com.kms.katalon.core.main.TestCaseExecutor.doExecute(TestCaseExecutor.java:285)
	at com.kms.katalon.core.main.TestCaseExecutor.processExecutionPhase(TestCaseExecutor.java:264)
	at com.kms.katalon.core.main.TestCaseExecutor.accessMainPhase(TestCaseExecutor.java:256)
	at com.kms.katalon.core.main.TestCaseExecutor.execute(TestCaseExecutor.java:200)
	at com.kms.katalon.core.main.TestSuiteExecutor.accessTestCaseMainPhase(TestSuiteExecutor.java:129)
	at com.kms.katalon.core.main.TestSuiteExecutor.accessTestSuiteMainPhase(TestSuiteExecutor.java:112)
	at com.kms.katalon.core.main.TestSuiteExecutor.execute(TestSuiteExecutor.java:81)
	at com.kms.katalon.core.main.TestCaseMain.startTestSuite(TestCaseMain.java:142)
	at com.kms.katalon.core.main.TestCaseMain$startTestSuite$0.call(Unknown Source)
	at org.codehaus.groovy.runtime.callsite.CallSiteArray.defaultCall(CallSiteArray.java:48)
	at org.codehaus.groovy.runtime.callsite.AbstractCallSite.call(AbstractCallSite.java:113)
	at org.codehaus.groovy.runtime.callsite.AbstractCallSite.call(AbstractCallSite.java:141)
	at TempTestSuite1542874456666.run(TempTestSuite1542874456666.groovy:36)
	at groovy.lang.GroovyShell.runScriptOrMainOrTestOrRunnable(GroovyShell.java:263)
	at groovy.lang.GroovyShell.run(GroovyShell.java:518)
	at groovy.lang.GroovyShell.run(GroovyShell.java:507)
	at groovy.ui.GroovyMain.processOnce(GroovyMain.java:653)
	at groovy.ui.GroovyMain.run(GroovyMain.java:384)
	at groovy.ui.GroovyMain.process(GroovyMain.java:370)
	at groovy.ui.GroovyMain.processArgs(GroovyMain.java:129)
	at groovy.ui.GroovyMain.main(GroovyMain.java:109)
	at sun.reflect.NativeMethodAccessorImpl.invoke0(Native Method)
	at sun.reflect.NativeMethodAccessorImpl.invoke(NativeMethodAccessorImpl.java:62)
	at sun.reflect.DelegatingMethodAccessorImpl.invoke(DelegatingMethodAccessorImpl.java:43)
	at java.lang.reflect.Method.invoke(Method.java:498)
	at org.codehaus.groovy.tools.GroovyStarter.rootLoader(GroovyStarter.java:109)
	at org.codehaus.groovy.tools.GroovyStarter.main(GroovyStarter.java:131)
)]]></system-err>
      </testcase>
      <testcase name="Test Cases/Final Aug 2018 - PKS Automation/Registration Module/Workflow/Update Add New Employee/Special Case (OTC - PKR BO -  RO Approve)" classname="Test Cases/Final Aug 2018 - PKS Automation/Registration Module/Workflow/Update Add New Employee/Special Case (OTC - PKR BO -  RO Approve)" status="FAILED">
         <failure type="FAILED" message="(Stack trace: com.kms.katalon.core.exception.StepFailedException: Unable to click on object 'Object Repository/Final Object Repo/Landing Page/Select to English' (Root cause: com.kms.katalon.core.webui.exception.WebElementNotFoundException: Web element with id: 'Object Repository/Final Object Repo/Landing Page/Select to English' located by 'By.xpath: //a[@class = 'taglib-language-list-text' and @lang = 'en-US' and (contains(text(), 'EN') or contains(., 'EN'))]' not found)
	at com.kms.katalon.core.keyword.internal.KeywordMain.stepFailed(KeywordMain.groovy:32)
	at com.kms.katalon.core.webui.keyword.internal.WebUIKeywordMain.stepFailed(WebUIKeywordMain.groovy:65)
	at com.kms.katalon.core.webui.keyword.internal.WebUIKeywordMain.runKeyword(WebUIKeywordMain.groovy:27)
	at com.kms.katalon.core.webui.keyword.builtin.ClickKeyword.click(ClickKeyword.groovy:86)
	at com.kms.katalon.core.webui.keyword.builtin.ClickKeyword.execute(ClickKeyword.groovy:67)
	at com.kms.katalon.core.keyword.internal.KeywordExecutor.executeKeywordForPlatform(KeywordExecutor.groovy:53)
	at com.kms.katalon.core.webui.keyword.WebUiBuiltInKeywords.click(WebUiBuiltInKeywords.groovy:604)
	at com.kms.katalon.core.webui.keyword.WebUiBuiltInKeywords$click$6.call(Unknown Source)
	at Script1534407542420.run(Script1534407542420.groovy:57)
	at com.kms.katalon.core.main.ScriptEngine.run(ScriptEngine.java:183)
	at com.kms.katalon.core.main.ScriptEngine.runScriptAsRawText(ScriptEngine.java:108)
	at com.kms.katalon.core.main.TestCaseExecutor.runScript(TestCaseExecutor.java:294)
	at com.kms.katalon.core.main.TestCaseExecutor.doExecute(TestCaseExecutor.java:285)
	at com.kms.katalon.core.main.TestCaseExecutor.processExecutionPhase(TestCaseExecutor.java:264)
	at com.kms.katalon.core.main.TestCaseExecutor.accessMainPhase(TestCaseExecutor.java:256)
	at com.kms.katalon.core.main.TestCaseExecutor.execute(TestCaseExecutor.java:200)
	at com.kms.katalon.core.main.TestCaseMain.runTestCase(TestCaseMain.java:99)
	at com.kms.katalon.core.keyword.builtin.CallTestCaseKeyword$_callTestCase_closure1.doCall(CallTestCaseKeyword.groovy:60)
	at com.kms.katalon.core.keyword.builtin.CallTestCaseKeyword$_callTestCase_closure1.call(CallTestCaseKeyword.groovy)
	at com.kms.katalon.core.keyword.internal.KeywordMain.runKeyword(KeywordMain.groovy:54)
	at com.kms.katalon.core.keyword.builtin.CallTestCaseKeyword.callTestCase(CallTestCaseKeyword.groovy:81)
	at com.kms.katalon.core.keyword.builtin.CallTestCaseKeyword.execute(CallTestCaseKeyword.groovy:45)
	at com.kms.katalon.core.keyword.internal.KeywordExecutor.executeKeywordForPlatform(KeywordExecutor.groovy:53)
	at com.kms.katalon.core.keyword.BuiltinKeywords.callTestCase(BuiltinKeywords.groovy:334)
	at sun.reflect.GeneratedMethodAccessor13.invoke(Unknown Source)
	at sun.reflect.DelegatingMethodAccessorImpl.invoke(DelegatingMethodAccessorImpl.java:43)
	at java.lang.reflect.Method.invoke(Method.java:498)
	at org.codehaus.groovy.reflection.CachedMethod.invoke(CachedMethod.java:93)
	at groovy.lang.MetaMethod.doMethodInvoke(MetaMethod.java:325)
	at groovy.lang.MetaClassImpl.invokeStaticMethod(MetaClassImpl.java:1469)
	at org.codehaus.groovy.runtime.callsite.StaticMetaClassSite.call(StaticMetaClassSite.java:53)
	at org.codehaus.groovy.runtime.callsite.CallSiteArray.defaultCall(CallSiteArray.java:48)
	at org.codehaus.groovy.runtime.callsite.AbstractCallSite.call(AbstractCallSite.java:113)
	at org.codehaus.groovy.runtime.callsite.AbstractCallSite.call(AbstractCallSite.java:141)
	at Script1536290785236.run(Script1536290785236.groovy:125)
	at com.kms.katalon.core.main.ScriptEngine.run(ScriptEngine.java:183)
	at com.kms.katalon.core.main.ScriptEngine.runScriptAsRawText(ScriptEngine.java:108)
	at com.kms.katalon.core.main.TestCaseExecutor.runScript(TestCaseExecutor.java:294)
	at com.kms.katalon.core.main.TestCaseExecutor.doExecute(TestCaseExecutor.java:285)
	at com.kms.katalon.core.main.TestCaseExecutor.processExecutionPhase(TestCaseExecutor.java:264)
	at com.kms.katalon.core.main.TestCaseExecutor.accessMainPhase(TestCaseExecutor.java:256)
	at com.kms.katalon.core.main.TestCaseExecutor.execute(TestCaseExecutor.java:200)
	at com.kms.katalon.core.main.TestSuiteExecutor.accessTestCaseMainPhase(TestSuiteExecutor.java:129)
	at com.kms.katalon.core.main.TestSuiteExecutor.accessTestSuiteMainPhase(TestSuiteExecutor.java:112)
	at com.kms.katalon.core.main.TestSuiteExecutor.execute(TestSuiteExecutor.java:81)
	at com.kms.katalon.core.main.TestCaseMain.startTestSuite(TestCaseMain.java:142)
	at com.kms.katalon.core.main.TestCaseMain$startTestSuite$0.call(Unknown Source)
	at org.codehaus.groovy.runtime.callsite.CallSiteArray.defaultCall(CallSiteArray.java:48)
	at org.codehaus.groovy.runtime.callsite.AbstractCallSite.call(AbstractCallSite.java:113)
	at org.codehaus.groovy.runtime.callsite.AbstractCallSite.call(AbstractCallSite.java:141)
	at TempTestSuite1542874456666.run(TempTestSuite1542874456666.groovy:36)
	at groovy.lang.GroovyShell.runScriptOrMainOrTestOrRunnable(GroovyShell.java:263)
	at groovy.lang.GroovyShell.run(GroovyShell.java:518)
	at groovy.lang.GroovyShell.run(GroovyShell.java:507)
	at groovy.ui.GroovyMain.processOnce(GroovyMain.java:653)
	at groovy.ui.GroovyMain.run(GroovyMain.java:384)
	at groovy.ui.GroovyMain.process(GroovyMain.java:370)
	at groovy.ui.GroovyMain.processArgs(GroovyMain.java:129)
	at groovy.ui.GroovyMain.main(GroovyMain.java:109)
	at sun.reflect.NativeMethodAccessorImpl.invoke0(Native Method)
	at sun.reflect.NativeMethodAccessorImpl.invoke(NativeMethodAccessorImpl.java:62)
	at sun.reflect.DelegatingMethodAccessorImpl.invoke(DelegatingMethodAccessorImpl.java:43)
	at java.lang.reflect.Method.invoke(Method.java:498)
	at org.codehaus.groovy.tools.GroovyStarter.rootLoader(GroovyStarter.java:109)
	at org.codehaus.groovy.tools.GroovyStarter.main(GroovyStarter.java:131)
)"/>
         <system-out><![CDATA[2018-11-22 22:02:49 - [TEST_CASE][FAILED] - Test Cases/Final Aug 2018 - PKS Automation/Registration Module/Workflow/Update Add New Employee/Special Case (OTC - PKR BO -  RO Approve): Test Cases/Final Aug 2018 - PKS Automation/Registration Module/Workflow/Update Add New Employee/Special Case (OTC - PKR BO -  RO Approve) FAILED because (of) (Stack trace: com.kms.katalon.core.exception.StepFailedException: Unable to click on object 'Object Repository/Final Object Repo/Landing Page/Select to English' (Root cause: com.kms.katalon.core.webui.exception.WebElementNotFoundException: Web element with id: 'Object Repository/Final Object Repo/Landing Page/Select to English' located by 'By.xpath: //a[@class = 'taglib-language-list-text' and @lang = 'en-US' and (contains(text(), 'EN') or contains(., 'EN'))]' not found)
	at com.kms.katalon.core.keyword.internal.KeywordMain.stepFailed(KeywordMain.groovy:32)
	at com.kms.katalon.core.webui.keyword.internal.WebUIKeywordMain.stepFailed(WebUIKeywordMain.groovy:65)
	at com.kms.katalon.core.webui.keyword.internal.WebUIKeywordMain.runKeyword(WebUIKeywordMain.groovy:27)
	at com.kms.katalon.core.webui.keyword.builtin.ClickKeyword.click(ClickKeyword.groovy:86)
	at com.kms.katalon.core.webui.keyword.builtin.ClickKeyword.execute(ClickKeyword.groovy:67)
	at com.kms.katalon.core.keyword.internal.KeywordExecutor.executeKeywordForPlatform(KeywordExecutor.groovy:53)
	at com.kms.katalon.core.webui.keyword.WebUiBuiltInKeywords.click(WebUiBuiltInKeywords.groovy:604)
	at com.kms.katalon.core.webui.keyword.WebUiBuiltInKeywords$click$6.call(Unknown Source)
	at Script1534407542420.run(Script1534407542420.groovy:57)
	at com.kms.katalon.core.main.ScriptEngine.run(ScriptEngine.java:183)
	at com.kms.katalon.core.main.ScriptEngine.runScriptAsRawText(ScriptEngine.java:108)
	at com.kms.katalon.core.main.TestCaseExecutor.runScript(TestCaseExecutor.java:294)
	at com.kms.katalon.core.main.TestCaseExecutor.doExecute(TestCaseExecutor.java:285)
	at com.kms.katalon.core.main.TestCaseExecutor.processExecutionPhase(TestCaseExecutor.java:264)
	at com.kms.katalon.core.main.TestCaseExecutor.accessMainPhase(TestCaseExecutor.java:256)
	at com.kms.katalon.core.main.TestCaseExecutor.execute(TestCaseExecutor.java:200)
	at com.kms.katalon.core.main.TestCaseMain.runTestCase(TestCaseMain.java:99)
	at com.kms.katalon.core.keyword.builtin.CallTestCaseKeyword$_callTestCase_closure1.doCall(CallTestCaseKeyword.groovy:60)
	at com.kms.katalon.core.keyword.builtin.CallTestCaseKeyword$_callTestCase_closure1.call(CallTestCaseKeyword.groovy)
	at com.kms.katalon.core.keyword.internal.KeywordMain.runKeyword(KeywordMain.groovy:54)
	at com.kms.katalon.core.keyword.builtin.CallTestCaseKeyword.callTestCase(CallTestCaseKeyword.groovy:81)
	at com.kms.katalon.core.keyword.builtin.CallTestCaseKeyword.execute(CallTestCaseKeyword.groovy:45)
	at com.kms.katalon.core.keyword.internal.KeywordExecutor.executeKeywordForPlatform(KeywordExecutor.groovy:53)
	at com.kms.katalon.core.keyword.BuiltinKeywords.callTestCase(BuiltinKeywords.groovy:334)
	at sun.reflect.GeneratedMethodAccessor13.invoke(Unknown Source)
	at sun.reflect.DelegatingMethodAccessorImpl.invoke(DelegatingMethodAccessorImpl.java:43)
	at java.lang.reflect.Method.invoke(Method.java:498)
	at org.codehaus.groovy.reflection.CachedMethod.invoke(CachedMethod.java:93)
	at groovy.lang.MetaMethod.doMethodInvoke(MetaMethod.java:325)
	at groovy.lang.MetaClassImpl.invokeStaticMethod(MetaClassImpl.java:1469)
	at org.codehaus.groovy.runtime.callsite.StaticMetaClassSite.call(StaticMetaClassSite.java:53)
	at org.codehaus.groovy.runtime.callsite.CallSiteArray.defaultCall(CallSiteArray.java:48)
	at org.codehaus.groovy.runtime.callsite.AbstractCallSite.call(AbstractCallSite.java:113)
	at org.codehaus.groovy.runtime.callsite.AbstractCallSite.call(AbstractCallSite.java:141)
	at Script1536290785236.run(Script1536290785236.groovy:125)
	at com.kms.katalon.core.main.ScriptEngine.run(ScriptEngine.java:183)
	at com.kms.katalon.core.main.ScriptEngine.runScriptAsRawText(ScriptEngine.java:108)
	at com.kms.katalon.core.main.TestCaseExecutor.runScript(TestCaseExecutor.java:294)
	at com.kms.katalon.core.main.TestCaseExecutor.doExecute(TestCaseExecutor.java:285)
	at com.kms.katalon.core.main.TestCaseExecutor.processExecutionPhase(TestCaseExecutor.java:264)
	at com.kms.katalon.core.main.TestCaseExecutor.accessMainPhase(TestCaseExecutor.java:256)
	at com.kms.katalon.core.main.TestCaseExecutor.execute(TestCaseExecutor.java:200)
	at com.kms.katalon.core.main.TestSuiteExecutor.accessTestCaseMainPhase(TestSuiteExecutor.java:129)
	at com.kms.katalon.core.main.TestSuiteExecutor.accessTestSuiteMainPhase(TestSuiteExecutor.java:112)
	at com.kms.katalon.core.main.TestSuiteExecutor.execute(TestSuiteExecutor.java:81)
	at com.kms.katalon.core.main.TestCaseMain.startTestSuite(TestCaseMain.java:142)
	at com.kms.katalon.core.main.TestCaseMain$startTestSuite$0.call(Unknown Source)
	at org.codehaus.groovy.runtime.callsite.CallSiteArray.defaultCall(CallSiteArray.java:48)
	at org.codehaus.groovy.runtime.callsite.AbstractCallSite.call(AbstractCallSite.java:113)
	at org.codehaus.groovy.runtime.callsite.AbstractCallSite.call(AbstractCallSite.java:141)
	at TempTestSuite1542874456666.run(TempTestSuite1542874456666.groovy:36)
	at groovy.lang.GroovyShell.runScriptOrMainOrTestOrRunnable(GroovyShell.java:263)
	at groovy.lang.GroovyShell.run(GroovyShell.java:518)
	at groovy.lang.GroovyShell.run(GroovyShell.java:507)
	at groovy.ui.GroovyMain.processOnce(GroovyMain.java:653)
	at groovy.ui.GroovyMain.run(GroovyMain.java:384)
	at groovy.ui.GroovyMain.process(GroovyMain.java:370)
	at groovy.ui.GroovyMain.processArgs(GroovyMain.java:129)
	at groovy.ui.GroovyMain.main(GroovyMain.java:109)
	at sun.reflect.NativeMethodAccessorImpl.invoke0(Native Method)
	at sun.reflect.NativeMethodAccessorImpl.invoke(NativeMethodAccessorImpl.java:62)
	at sun.reflect.DelegatingMethodAccessorImpl.invoke(DelegatingMethodAccessorImpl.java:43)
	at java.lang.reflect.Method.invoke(Method.java:498)
	at org.codehaus.groovy.tools.GroovyStarter.rootLoader(GroovyStarter.java:109)
	at org.codehaus.groovy.tools.GroovyStarter.main(GroovyStarter.java:131)
)

2018-11-22 22:02:49 - [TEST_STEP][PASSED] - callTestCase: Call Test Case 'Test Cases/Final Aug 2018 - PKS Automation/Registration Module/Workflow/Update Add New Employee/Template/New Company for Update Add New' successfully

2018-11-22 22:02:49 - [TEST_CASE][PASSED] - Test Cases/Final Aug 2018 - PKS Automation/Registration Module/Workflow/Update Add New Employee/Template/New Company for Update Add New: Test Cases/Final Aug 2018 - PKS Automation/Registration Module/Workflow/Update Add New Employee/Template/New Company for Update Add New

2018-11-22 22:02:49 - [TEST_STEP][PASSED] - callTestCase: Call Test Case 'Test Cases/Final Aug 2018 - PKS Automation/Registration Module/New Registration/Form 1/Form 1 - Corporation - BHD' successfully

2018-11-22 22:02:49 - [TEST_CASE][PASSED] - Test Cases/Final Aug 2018 - PKS Automation/Registration Module/New Registration/Form 1/Form 1 - Corporation - BHD: Test Cases/Final Aug 2018 - PKS Automation/Registration Module/New Registration/Form 1/Form 1 - Corporation - BHD

2018-11-22 22:02:50 - [TEST_STEP][PASSED] - openBrowser: Browser is opened with url: ''

2018-11-22 22:02:50 - [MESSAGE][WARNING] - A browser is already opened. Closing browser and opening a new one

2018-11-22 22:02:53 - [MESSAGE][PASSED] - Browser is opened with url: ''

2018-11-22 22:02:53 - [TEST_STEP][PASSED] - navigateToUrl: Navigate to 'https://assist2-uat.perkeso.gov.my/login' successfully

2018-11-22 22:02:54 - [MESSAGE][PASSED] - Navigate to 'https://assist2-uat.perkeso.gov.my/login' successfully

2018-11-22 22:02:54 - [TEST_STEP][PASSED] - setText: Text 'johorotc1@gmail.com' is set on object 'Object Repository/Final Object Repo/Login Page/Internal User/Email Address'

2018-11-22 22:02:55 - [MESSAGE][PASSED] - Text 'johorotc1@gmail.com' is set on object 'Object Repository/Final Object Repo/Login Page/Internal User/Email Address'

2018-11-22 22:02:55 - [TEST_STEP][PASSED] - click: Object: 'Object Repository/Final Object Repo/Login Page/Internal User/Next Button' is clicked on

2018-11-22 22:02:55 - [MESSAGE][PASSED] - Object: 'Object Repository/Final Object Repo/Login Page/Internal User/Next Button' is clicked on

2018-11-22 22:02:55 - [TEST_STEP][PASSED] - delay: Delayed 1 second(s)

2018-11-22 22:02:56 - [MESSAGE][PASSED] - Delayed 1 second(s)

2018-11-22 22:02:56 - [TEST_STEP][PASSED] - setEncryptedText: Text ****** has been set on object 'Object Repository/Final Object Repo/Login Page/Internal User/Password'

2018-11-22 22:02:56 - [MESSAGE][PASSED] - Text ****** has been set on object 'Object Repository/Final Object Repo/Login Page/Internal User/Password'

2018-11-22 22:02:56 - [TEST_STEP][PASSED] - click: Object: 'Object Repository/Final Object Repo/Login Page/Internal User/Login Button' is clicked on

2018-11-22 22:02:56 - [MESSAGE][PASSED] - Object: 'Object Repository/Final Object Repo/Login Page/Internal User/Login Button' is clicked on

2018-11-22 22:02:56 - [TEST_STEP][PASSED] - delay: Delayed 1 second(s)

2018-11-22 22:02:57 - [MESSAGE][PASSED] - Delayed 1 second(s)

2018-11-22 22:02:57 - [TEST_STEP][PASSED] - Statement - Try: Delayed 2 second(s)

2018-11-22 22:02:57 - [TEST_STEP][PASSED] - Statement - Checker = false: null

2018-11-22 22:02:57 - [TEST_STEP][PASSED] - Statement - Checker = com.kms.katalon.core.webui.keyword.WebUiBuiltInKeywords.verifyElementHasAttribute(com.kms.katalon.core.testobject.ObjectRepository.findTestObject(Final Object Repo/Landing Page/BM Detecting), "href", 20, OPTIONAL): Object 'Object Repository/Final Object Repo/Landing Page/BM Detecting' has attribute 'href'

2018-11-22 22:02:58 - [MESSAGE][PASSED] - Object 'Object Repository/Final Object Repo/Landing Page/BM Detecting' has attribute 'href'

2018-11-22 22:02:58 - [TEST_STEP][PASSED] - Statement - out.println(Checker): null

2018-11-22 22:02:58 - [TEST_STEP][PASSED] - Statement - If (Checker == false): null

2018-11-22 22:02:58 - [TEST_STEP][PASSED] - Statement - Else: null

2018-11-22 22:02:58 - [TEST_STEP][PASSED] - delay: Delayed 2 second(s)

2018-11-22 22:03:00 - [MESSAGE][PASSED] - Delayed 2 second(s)

2018-11-22 22:03:00 - [TEST_STEP][PASSED] - navigateToUrl: Navigate to 'https://assist2-uat.perkeso.gov.my/web/registration/registration' successfully

2018-11-22 22:03:02 - [MESSAGE][PASSED] - Navigate to 'https://assist2-uat.perkeso.gov.my/web/registration/registration' successfully

2018-11-22 22:03:02 - [TEST_STEP][PASSED] - click: Object: 'Object Repository/Final Object Repo/New Registration - Registration Module Pages/Form 1/AEC - No' is clicked on

2018-11-22 22:03:02 - [MESSAGE][PASSED] - Object: 'Object Repository/Final Object Repo/New Registration - Registration Module Pages/Form 1/AEC - No' is clicked on

2018-11-22 22:03:02 - [TEST_STEP][PASSED] - click: Object: 'Object Repository/Final Object Repo/New Registration - Registration Module Pages/Form 1/Business Entity' is clicked on

2018-11-22 22:03:02 - [MESSAGE][PASSED] - Object: 'Object Repository/Final Object Repo/New Registration - Registration Module Pages/Form 1/Business Entity' is clicked on

2018-11-22 22:03:02 - [TEST_STEP][PASSED] - click: Object: 'Object Repository/Final Object Repo/New Registration - Registration Module Pages/Form 1/Businees Entity - Corporation' is clicked on

2018-11-22 22:03:03 - [MESSAGE][PASSED] - Object: 'Object Repository/Final Object Repo/New Registration - Registration Module Pages/Form 1/Businees Entity - Corporation' is clicked on

2018-11-22 22:03:03 - [TEST_STEP][PASSED] - delay: Delayed 1 second(s)

2018-11-22 22:03:04 - [MESSAGE][PASSED] - Delayed 1 second(s)

2018-11-22 22:03:04 - [TEST_STEP][PASSED] - click: Object: 'Object Repository/Final Object Repo/New Registration - Registration Module Pages/Form 1/Sub Business Entity' is clicked on

2018-11-22 22:03:04 - [MESSAGE][PASSED] - Object: 'Object Repository/Final Object Repo/New Registration - Registration Module Pages/Form 1/Sub Business Entity' is clicked on

2018-11-22 22:03:04 - [TEST_STEP][PASSED] - click: Object: 'Object Repository/Final Object Repo/New Registration - Registration Module Pages/Form 1/Sub Business Entity - Berhad' is clicked on

2018-11-22 22:03:04 - [MESSAGE][PASSED] - Object: 'Object Repository/Final Object Repo/New Registration - Registration Module Pages/Form 1/Sub Business Entity - Berhad' is clicked on

2018-11-22 22:03:04 - [TEST_STEP][PASSED] - delay: Delayed 1 second(s)

2018-11-22 22:03:05 - [MESSAGE][PASSED] - Delayed 1 second(s)

2018-11-22 22:03:05 - [TEST_STEP][PASSED] - setText: Text '123' is set on object 'Object Repository/Final Object Repo/New Registration - Registration Module Pages/Form 1/Registration Number'

2018-11-22 22:03:05 - [MESSAGE][PASSED] - Text '123' is set on object 'Object Repository/Final Object Repo/New Registration - Registration Module Pages/Form 1/Registration Number'

2018-11-22 22:03:05 - [TEST_STEP][PASSED] - click: Object: 'Object Repository/Final Object Repo/New Registration - Registration Module Pages/Form 1/Registred with SSM - Before Feb' is clicked on

2018-11-22 22:03:05 - [MESSAGE][PASSED] - Object: 'Object Repository/Final Object Repo/New Registration - Registration Module Pages/Form 1/Registred with SSM - Before Feb' is clicked on

2018-11-22 22:03:05 - [TEST_STEP][PASSED] - click: Object: 'Object Repository/Final Object Repo/New Registration - Registration Module Pages/Form 1/Registered As a Branch - Yes' is clicked on

2018-11-22 22:03:06 - [MESSAGE][PASSED] - Object: 'Object Repository/Final Object Repo/New Registration - Registration Module Pages/Form 1/Registered As a Branch - Yes' is clicked on

2018-11-22 22:03:06 - [TEST_STEP][PASSED] - click: Object: 'Object Repository/Final Object Repo/New Registration - Registration Module Pages/Form 1/Acknowledgement' is clicked on

2018-11-22 22:03:06 - [MESSAGE][PASSED] - Object: 'Object Repository/Final Object Repo/New Registration - Registration Module Pages/Form 1/Acknowledgement' is clicked on

2018-11-22 22:03:06 - [TEST_STEP][PASSED] - setText: Text 'perkeso' is set on object 'Object Repository/Final Object Repo/New Registration - Registration Module Pages/Form 1/Industry name'

2018-11-22 22:03:06 - [MESSAGE][PASSED] - Text 'perkeso' is set on object 'Object Repository/Final Object Repo/New Registration - Registration Module Pages/Form 1/Industry name'

2018-11-22 22:03:06 - [TEST_STEP][PASSED] - setText: Text 'perkeso1' is set on object 'Object Repository/Final Object Repo/New Registration - Registration Module Pages/Form 1/Postal Address1'

2018-11-22 22:03:06 - [MESSAGE][PASSED] - Text 'perkeso1' is set on object 'Object Repository/Final Object Repo/New Registration - Registration Module Pages/Form 1/Postal Address1'

2018-11-22 22:03:06 - [TEST_STEP][PASSED] - setText: Text 'perkeso2' is set on object 'Object Repository/Final Object Repo/New Registration - Registration Module Pages/Form 1/Postal Address2'

2018-11-22 22:03:07 - [MESSAGE][PASSED] - Text 'perkeso2' is set on object 'Object Repository/Final Object Repo/New Registration - Registration Module Pages/Form 1/Postal Address2'

2018-11-22 22:03:07 - [TEST_STEP][PASSED] - setText: Text 'perkeso3' is set on object 'Object Repository/Final Object Repo/New Registration - Registration Module Pages/Form 1/Postal Address3'

2018-11-22 22:03:07 - [MESSAGE][PASSED] - Text 'perkeso3' is set on object 'Object Repository/Final Object Repo/New Registration - Registration Module Pages/Form 1/Postal Address3'

2018-11-22 22:03:07 - [TEST_STEP][PASSED] - click: Object: 'Object Repository/Final Object Repo/New Registration - Registration Module Pages/Form 1/State' is clicked on

2018-11-22 22:03:07 - [MESSAGE][PASSED] - Object: 'Object Repository/Final Object Repo/New Registration - Registration Module Pages/Form 1/State' is clicked on

2018-11-22 22:03:07 - [TEST_STEP][PASSED] - click: Object: 'Object Repository/Final Object Repo/New Registration - Registration Module Pages/Form 1/State - Johor' is clicked on

2018-11-22 22:03:08 - [MESSAGE][PASSED] - Object: 'Object Repository/Final Object Repo/New Registration - Registration Module Pages/Form 1/State - Johor' is clicked on

2018-11-22 22:03:08 - [TEST_STEP][PASSED] - delay: Delayed 1 second(s)

2018-11-22 22:03:09 - [MESSAGE][PASSED] - Delayed 1 second(s)

2018-11-22 22:03:09 - [TEST_STEP][PASSED] - click: Object: 'Object Repository/Final Object Repo/New Registration - Registration Module Pages/Form 1/City' is clicked on

2018-11-22 22:03:09 - [MESSAGE][PASSED] - Object: 'Object Repository/Final Object Repo/New Registration - Registration Module Pages/Form 1/City' is clicked on

2018-11-22 22:03:09 - [TEST_STEP][PASSED] - setText: Text 'joh' is set on object 'Object Repository/Final Object Repo/New Registration - Registration Module Pages/Form 1/Postcode - 810'

2018-11-22 22:03:09 - [MESSAGE][PASSED] - Text 'joh' is set on object 'Object Repository/Final Object Repo/New Registration - Registration Module Pages/Form 1/Postcode - 810'

2018-11-22 22:03:09 - [TEST_STEP][PASSED] - delay: Delayed 1 second(s)

2018-11-22 22:03:10 - [MESSAGE][PASSED] - Delayed 1 second(s)

2018-11-22 22:03:10 - [TEST_STEP][PASSED] - click: Object: 'Object Repository/Final Object Repo/New Registration - Registration Module Pages/Form 1/City - Johor Bharu' is clicked on

2018-11-22 22:03:10 - [MESSAGE][PASSED] - Object: 'Object Repository/Final Object Repo/New Registration - Registration Module Pages/Form 1/City - Johor Bharu' is clicked on

2018-11-22 22:03:10 - [TEST_STEP][PASSED] - delay: Delayed 1 second(s)

2018-11-22 22:03:11 - [MESSAGE][PASSED] - Delayed 1 second(s)

2018-11-22 22:03:11 - [TEST_STEP][PASSED] - click: Object: 'Object Repository/Final Object Repo/New Registration - Registration Module Pages/Form 1/Postcode' is clicked on

2018-11-22 22:03:11 - [MESSAGE][PASSED] - Object: 'Object Repository/Final Object Repo/New Registration - Registration Module Pages/Form 1/Postcode' is clicked on

2018-11-22 22:03:11 - [TEST_STEP][PASSED] - delay: Delayed 1 second(s)

2018-11-22 22:03:12 - [MESSAGE][PASSED] - Delayed 1 second(s)

2018-11-22 22:03:12 - [TEST_STEP][PASSED] - setText: Text '810' is set on object 'Object Repository/Final Object Repo/New Registration - Registration Module Pages/Form 1/Postcode - 810'

2018-11-22 22:03:12 - [MESSAGE][PASSED] - Text '810' is set on object 'Object Repository/Final Object Repo/New Registration - Registration Module Pages/Form 1/Postcode - 810'

2018-11-22 22:03:12 - [TEST_STEP][PASSED] - delay: Delayed 3 second(s)

2018-11-22 22:03:15 - [MESSAGE][PASSED] - Delayed 3 second(s)

2018-11-22 22:03:15 - [TEST_STEP][PASSED] - click: Object: 'Object Repository/Final Object Repo/New Registration - Registration Module Pages/Form 1/Postcode - 81000' is clicked on

2018-11-22 22:03:16 - [MESSAGE][PASSED] - Object: 'Object Repository/Final Object Repo/New Registration - Registration Module Pages/Form 1/Postcode - 81000' is clicked on

2018-11-22 22:03:16 - [TEST_STEP][PASSED] - delay: Delayed 1 second(s)

2018-11-22 22:03:17 - [MESSAGE][PASSED] - Delayed 1 second(s)

2018-11-22 22:03:17 - [TEST_STEP][PASSED] - setText: Text '100' is set on object 'Object Repository/Final Object Repo/New Registration - Registration Module Pages/Form 1/P.O.BOX'

2018-11-22 22:03:17 - [MESSAGE][PASSED] - Text '100' is set on object 'Object Repository/Final Object Repo/New Registration - Registration Module Pages/Form 1/P.O.BOX'

2018-11-22 22:03:17 - [TEST_STEP][PASSED] - setText: Text '100' is set on object 'Object Repository/Final Object Repo/New Registration - Registration Module Pages/Form 1/Locked Bag No'

2018-11-22 22:03:17 - [MESSAGE][PASSED] - Text '100' is set on object 'Object Repository/Final Object Repo/New Registration - Registration Module Pages/Form 1/Locked Bag No'

2018-11-22 22:03:17 - [TEST_STEP][PASSED] - click: Object: 'Object Repository/Final Object Repo/New Registration - Registration Module Pages/Form 1/SOCSO Office Location' is clicked on

2018-11-22 22:03:17 - [MESSAGE][PASSED] - Object: 'Object Repository/Final Object Repo/New Registration - Registration Module Pages/Form 1/SOCSO Office Location' is clicked on

2018-11-22 22:03:17 - [TEST_STEP][PASSED] - click: Object: 'Object Repository/Final Object Repo/New Registration - Registration Module Pages/Form 1/SOCSO Office Location - Pejabat PERKESO Negeri Johor' is clicked on

2018-11-22 22:03:18 - [MESSAGE][PASSED] - Object: 'Object Repository/Final Object Repo/New Registration - Registration Module Pages/Form 1/SOCSO Office Location - Pejabat PERKESO Negeri Johor' is clicked on

2018-11-22 22:03:18 - [TEST_STEP][PASSED] - delay: Delayed 1 second(s)

2018-11-22 22:03:19 - [MESSAGE][PASSED] - Delayed 1 second(s)

2018-11-22 22:03:19 - [TEST_STEP][PASSED] - check: Object 'Object Repository/Final Object Repo/New Registration - Registration Module Pages/Form 1/Indusrty Address Same As Postal Address' is checked

2018-11-22 22:03:19 - [MESSAGE][PASSED] - Object 'Object Repository/Final Object Repo/New Registration - Registration Module Pages/Form 1/Indusrty Address Same As Postal Address' is checked

2018-11-22 22:03:19 - [TEST_STEP][PASSED] - delay: Delayed 3 second(s)

2018-11-22 22:03:22 - [MESSAGE][PASSED] - Delayed 3 second(s)

2018-11-22 22:03:22 - [TEST_STEP][PASSED] - click: Object: 'Object Repository/Final Object Repo/New Registration - Registration Module Pages/Form 1/Indusry Address Same As Postal Address False' is clicked on

2018-11-22 22:03:22 - [MESSAGE][PASSED] - Object: 'Object Repository/Final Object Repo/New Registration - Registration Module Pages/Form 1/Indusry Address Same As Postal Address False' is clicked on

2018-11-22 22:03:22 - [TEST_STEP][PASSED] - delay: Delayed 1 second(s)

2018-11-22 22:03:23 - [MESSAGE][PASSED] - Delayed 1 second(s)

2018-11-22 22:03:23 - [TEST_STEP][PASSED] - setText: Text 'perkeso1' is set on object 'Object Repository/Final Object Repo/New Registration - Registration Module Pages/Form 1/Industry Address1'

2018-11-22 22:03:23 - [MESSAGE][PASSED] - Text 'perkeso1' is set on object 'Object Repository/Final Object Repo/New Registration - Registration Module Pages/Form 1/Industry Address1'

2018-11-22 22:03:23 - [TEST_STEP][PASSED] - setText: Text 'perkeso2' is set on object 'Object Repository/Final Object Repo/New Registration - Registration Module Pages/Form 1/Industry Address2'

2018-11-22 22:03:24 - [MESSAGE][PASSED] - Text 'perkeso2' is set on object 'Object Repository/Final Object Repo/New Registration - Registration Module Pages/Form 1/Industry Address2'

2018-11-22 22:03:24 - [TEST_STEP][PASSED] - setText: Text 'perkeso3' is set on object 'Object Repository/Final Object Repo/New Registration - Registration Module Pages/Form 1/Industry Address3'

2018-11-22 22:03:24 - [MESSAGE][PASSED] - Text 'perkeso3' is set on object 'Object Repository/Final Object Repo/New Registration - Registration Module Pages/Form 1/Industry Address3'

2018-11-22 22:03:24 - [TEST_STEP][PASSED] - click: Object: 'Object Repository/Final Object Repo/New Registration - Registration Module Pages/Form 1/Industry State' is clicked on

2018-11-22 22:03:24 - [MESSAGE][PASSED] - Object: 'Object Repository/Final Object Repo/New Registration - Registration Module Pages/Form 1/Industry State' is clicked on

2018-11-22 22:03:24 - [TEST_STEP][PASSED] - delay: Delayed 2 second(s)

2018-11-22 22:03:26 - [MESSAGE][PASSED] - Delayed 2 second(s)

2018-11-22 22:03:26 - [TEST_STEP][PASSED] - click: Object: 'Object Repository/Final Object Repo/New Registration - Registration Module Pages/Form 1/Industry State - Johor' is clicked on

2018-11-22 22:03:26 - [MESSAGE][PASSED] - Object: 'Object Repository/Final Object Repo/New Registration - Registration Module Pages/Form 1/Industry State - Johor' is clicked on

2018-11-22 22:03:26 - [TEST_STEP][PASSED] - delay: Delayed 2 second(s)

2018-11-22 22:03:28 - [MESSAGE][PASSED] - Delayed 2 second(s)

2018-11-22 22:03:28 - [TEST_STEP][PASSED] - click: Object: 'Object Repository/Final Object Repo/New Registration - Registration Module Pages/Form 1/Industry Ciry' is clicked on

2018-11-22 22:03:29 - [MESSAGE][PASSED] - Object: 'Object Repository/Final Object Repo/New Registration - Registration Module Pages/Form 1/Industry Ciry' is clicked on

2018-11-22 22:03:29 - [TEST_STEP][PASSED] - setText: Text 'joh' is set on object 'Object Repository/Final Object Repo/New Registration - Registration Module Pages/Form 1/Industry Ciry - joh'

2018-11-22 22:03:29 - [MESSAGE][PASSED] - Text 'joh' is set on object 'Object Repository/Final Object Repo/New Registration - Registration Module Pages/Form 1/Industry Ciry - joh'

2018-11-22 22:03:29 - [TEST_STEP][PASSED] - delay: Delayed 2 second(s)

2018-11-22 22:03:31 - [MESSAGE][PASSED] - Delayed 2 second(s)

2018-11-22 22:03:31 - [TEST_STEP][PASSED] - click: Object: 'Object Repository/Final Object Repo/New Registration - Registration Module Pages/Form 1/Industy State - Johor Bharu' is clicked on

2018-11-22 22:03:31 - [MESSAGE][PASSED] - Object: 'Object Repository/Final Object Repo/New Registration - Registration Module Pages/Form 1/Industy State - Johor Bharu' is clicked on

2018-11-22 22:03:31 - [TEST_STEP][PASSED] - delay: Delayed 1 second(s)

2018-11-22 22:03:32 - [MESSAGE][PASSED] - Delayed 1 second(s)

2018-11-22 22:03:32 - [TEST_STEP][PASSED] - click: Object: 'Object Repository/Final Object Repo/New Registration - Registration Module Pages/Form 1/Indusry PostCode' is clicked on

2018-11-22 22:03:32 - [MESSAGE][PASSED] - Object: 'Object Repository/Final Object Repo/New Registration - Registration Module Pages/Form 1/Indusry PostCode' is clicked on

2018-11-22 22:03:32 - [TEST_STEP][PASSED] - delay: Delayed 1 second(s)

2018-11-22 22:03:33 - [MESSAGE][PASSED] - Delayed 1 second(s)

2018-11-22 22:03:33 - [TEST_STEP][PASSED] - setText: Text '810' is set on object 'Object Repository/Final Object Repo/New Registration - Registration Module Pages/Form 1/Insutry Post Code - 810'

2018-11-22 22:03:33 - [MESSAGE][PASSED] - Text '810' is set on object 'Object Repository/Final Object Repo/New Registration - Registration Module Pages/Form 1/Insutry Post Code - 810'

2018-11-22 22:03:33 - [TEST_STEP][PASSED] - delay: Delayed 1 second(s)

2018-11-22 22:03:34 - [MESSAGE][PASSED] - Delayed 1 second(s)

2018-11-22 22:03:34 - [TEST_STEP][PASSED] - click: Object: 'Object Repository/Final Object Repo/New Registration - Registration Module Pages/Form 1/Insutry Post Code - 81000' is clicked on

2018-11-22 22:03:35 - [MESSAGE][PASSED] - Object: 'Object Repository/Final Object Repo/New Registration - Registration Module Pages/Form 1/Insutry Post Code - 81000' is clicked on

2018-11-22 22:03:35 - [TEST_STEP][PASSED] - delay: Delayed 1 second(s)

2018-11-22 22:03:36 - [MESSAGE][PASSED] - Delayed 1 second(s)

2018-11-22 22:03:36 - [TEST_STEP][PASSED] - setText: Text '100' is set on object 'Object Repository/Final Object Repo/New Registration - Registration Module Pages/Form 1/Industry P.O.BOX'

2018-11-22 22:03:36 - [MESSAGE][PASSED] - Text '100' is set on object 'Object Repository/Final Object Repo/New Registration - Registration Module Pages/Form 1/Industry P.O.BOX'

2018-11-22 22:03:36 - [TEST_STEP][PASSED] - setText: Text '100' is set on object 'Object Repository/Final Object Repo/New Registration - Registration Module Pages/Form 1/Industry Locked Bag No'

2018-11-22 22:03:36 - [MESSAGE][PASSED] - Text '100' is set on object 'Object Repository/Final Object Repo/New Registration - Registration Module Pages/Form 1/Industry Locked Bag No'

2018-11-22 22:03:36 - [TEST_STEP][PASSED] - setText: Text '123456789' is set on object 'Object Repository/Final Object Repo/New Registration - Registration Module Pages/Form 1/Telephone No'

2018-11-22 22:03:37 - [MESSAGE][PASSED] - Text '123456789' is set on object 'Object Repository/Final Object Repo/New Registration - Registration Module Pages/Form 1/Telephone No'

2018-11-22 22:03:37 - [TEST_STEP][PASSED] - setText: Text '123456789' is set on object 'Object Repository/Final Object Repo/New Registration - Registration Module Pages/Form 1/Mobile No'

2018-11-22 22:03:37 - [MESSAGE][PASSED] - Text '123456789' is set on object 'Object Repository/Final Object Repo/New Registration - Registration Module Pages/Form 1/Mobile No'

2018-11-22 22:03:37 - [TEST_STEP][PASSED] - setText: Text '123456789' is set on object 'Object Repository/Final Object Repo/New Registration - Registration Module Pages/Form 1/Fax No'

2018-11-22 22:03:37 - [MESSAGE][PASSED] - Text '123456789' is set on object 'Object Repository/Final Object Repo/New Registration - Registration Module Pages/Form 1/Fax No'

2018-11-22 22:03:37 - [TEST_STEP][PASSED] - click: Object: 'Object Repository/Final Object Repo/New Registration - Registration Module Pages/Form 1/Industry Code' is clicked on

2018-11-22 22:03:38 - [MESSAGE][PASSED] - Object: 'Object Repository/Final Object Repo/New Registration - Registration Module Pages/Form 1/Industry Code' is clicked on

2018-11-22 22:03:38 - [TEST_STEP][PASSED] - click: Object: 'Object Repository/Final Object Repo/New Registration - Registration Module Pages/Form 1/Indudustry Code - Crops and Animal' is clicked on

2018-11-22 22:03:38 - [MESSAGE][PASSED] - Object: 'Object Repository/Final Object Repo/New Registration - Registration Module Pages/Form 1/Indudustry Code - Crops and Animal' is clicked on

2018-11-22 22:03:38 - [TEST_STEP][PASSED] - delay: Delayed 1 second(s)

2018-11-22 22:03:39 - [MESSAGE][PASSED] - Delayed 1 second(s)

2018-11-22 22:03:39 - [TEST_STEP][PASSED] - click: Object: 'Object Repository/Final Object Repo/New Registration - Registration Module Pages/Form 1/Sub Industry Code List' is clicked on

2018-11-22 22:03:39 - [MESSAGE][PASSED] - Object: 'Object Repository/Final Object Repo/New Registration - Registration Module Pages/Form 1/Sub Industry Code List' is clicked on

2018-11-22 22:03:39 - [TEST_STEP][PASSED] - click: Object: 'Object Repository/Final Object Repo/New Registration - Registration Module Pages/Form 1/Sub Industry Code List - Growing of Maize' is clicked on

2018-11-22 22:03:39 - [MESSAGE][PASSED] - Object: 'Object Repository/Final Object Repo/New Registration - Registration Module Pages/Form 1/Sub Industry Code List - Growing of Maize' is clicked on

2018-11-22 22:03:39 - [TEST_STEP][PASSED] - setText: Text 'perkeso123@gmail.com' is set on object 'Object Repository/Final Object Repo/New Registration - Registration Module Pages/Form 1/Email'

2018-11-22 22:03:40 - [MESSAGE][PASSED] - Text 'perkeso123@gmail.com' is set on object 'Object Repository/Final Object Repo/New Registration - Registration Module Pages/Form 1/Email'

2018-11-22 22:03:40 - [TEST_STEP][PASSED] - click: Object: 'Object Repository/Final Object Repo/New Registration - Registration Module Pages/Form 1/Method of Contribution Payment' is clicked on

2018-11-22 22:03:40 - [MESSAGE][PASSED] - Object: 'Object Repository/Final Object Repo/New Registration - Registration Module Pages/Form 1/Method of Contribution Payment' is clicked on

2018-11-22 22:03:40 - [TEST_STEP][PASSED] - click: Object: 'Object Repository/Final Object Repo/New Registration - Registration Module Pages/Form 1/Method of Contribution Payment - Portal' is clicked on

2018-11-22 22:03:40 - [MESSAGE][PASSED] - Object: 'Object Repository/Final Object Repo/New Registration - Registration Module Pages/Form 1/Method of Contribution Payment - Portal' is clicked on

2018-11-22 22:03:40 - [TEST_STEP][PASSED] - click: Object: 'Object Repository/Final Object Repo/New Registration - Registration Module Pages/Form 1/Servide Type' is clicked on

2018-11-22 22:03:40 - [MESSAGE][PASSED] - Object: 'Object Repository/Final Object Repo/New Registration - Registration Module Pages/Form 1/Servide Type' is clicked on

2018-11-22 22:03:40 - [TEST_STEP][PASSED] - click: Object: 'Object Repository/Final Object Repo/New Registration - Registration Module Pages/Form 1/Servide Type - Professional Bodies' is clicked on

2018-11-22 22:03:41 - [MESSAGE][PASSED] - Object: 'Object Repository/Final Object Repo/New Registration - Registration Module Pages/Form 1/Servide Type - Professional Bodies' is clicked on

2018-11-22 22:03:41 - [TEST_STEP][PASSED] - click: Object: 'Object Repository/Final Object Repo/New Registration - Registration Module Pages/Form 1/Industry Venue' is clicked on

2018-11-22 22:03:41 - [MESSAGE][PASSED] - Object: 'Object Repository/Final Object Repo/New Registration - Registration Module Pages/Form 1/Industry Venue' is clicked on

2018-11-22 22:03:41 - [TEST_STEP][PASSED] - click: Object: 'Object Repository/Final Object Repo/New Registration - Registration Module Pages/Form 1/Industry Venue -  PPN JOHOR' is clicked on

2018-11-22 22:03:41 - [MESSAGE][PASSED] - Object: 'Object Repository/Final Object Repo/New Registration - Registration Module Pages/Form 1/Industry Venue -  PPN JOHOR' is clicked on

2018-11-22 22:03:41 - [TEST_STEP][PASSED] - click: Object: 'Object Repository/Final Object Repo/New Registration - Registration Module Pages/Form 1/Save  Continue' is clicked on

2018-11-22 22:03:41 - [MESSAGE][PASSED] - Object: 'Object Repository/Final Object Repo/New Registration - Registration Module Pages/Form 1/Save  Continue' is clicked on

2018-11-22 22:03:41 - [MESSAGE][PASSED] - Call Test Case 'Test Cases/Final Aug 2018 - PKS Automation/Registration Module/New Registration/Form 1/Form 1 - Corporation - BHD' successfully

2018-11-22 22:03:41 - [TEST_STEP][PASSED] - callTestCase: Call Test Case 'Test Cases/Final Aug 2018 - PKS Automation/Registration Module/New Registration/Form 2/Add 1 Eligible' successfully

2018-11-22 22:03:41 - [TEST_CASE][PASSED] - Test Cases/Final Aug 2018 - PKS Automation/Registration Module/New Registration/Form 2/Add 1 Eligible: Test Cases/Final Aug 2018 - PKS Automation/Registration Module/New Registration/Form 2/Add 1 Eligible

2018-11-22 22:03:42 - [TEST_STEP][PASSED] - delay: Delayed 2 second(s)

2018-11-22 22:03:44 - [MESSAGE][PASSED] - Delayed 2 second(s)

2018-11-22 22:03:44 - [TEST_STEP][PASSED] - callTestCase: Call Test Case 'Test Cases/Final Aug 2018 - PKS Automation/Registration Module/New Registration/Form 2/Date Updater' successfully

2018-11-22 22:03:44 - [TEST_CASE][PASSED] - Test Cases/Final Aug 2018 - PKS Automation/Registration Module/New Registration/Form 2/Date Updater: Test Cases/Final Aug 2018 - PKS Automation/Registration Module/New Registration/Form 2/Date Updater

2018-11-22 22:03:44 - [TEST_STEP][PASSED] - Statement - TodayDate = new java.util.Date(): null

2018-11-22 22:03:44 - [TEST_STEP][PASSED] - Statement - CurrentDateNoFilter = new java.text.SimpleDateFormat(): null

2018-11-22 22:03:44 - [TEST_STEP][PASSED] - Statement - CurrentDateNoFilter.applyPattern("dd"): null

2018-11-22 22:03:44 - [TEST_STEP][PASSED] - Statement - CurrentDate = CurrentDateNoFilter.format(TodayDate): null

2018-11-22 22:03:44 - [TEST_STEP][PASSED] - Statement - CurrentDate = java.lang.Integer.parseInt(CurrentDate): null

2018-11-22 22:03:44 - [TEST_STEP][PASSED] - Statement - CurrentDate = CurrentDate: null

2018-11-22 22:03:44 - [TEST_STEP][PASSED] - Statement - CurrentDay = java.lang.Integer.parseInt(CurrentDate): null

2018-11-22 22:03:44 - [TEST_STEP][PASSED] - Statement - aDayBefore = CurrentDay + 1: null

2018-11-22 22:03:44 - [TEST_STEP][PASSED] - Statement - DayBefore = aDayBefore.toString(): null

2018-11-22 22:03:44 - [TEST_STEP][PASSED] - Statement - OneDayBefore = DayBefore: null

2018-11-22 22:03:44 - [TEST_STEP][PASSED] - Statement - CurrentDateNoFilter.applyPattern("MM"): null

2018-11-22 22:03:44 - [TEST_STEP][PASSED] - Statement - monthContainerMatcher = java.lang.Integer.parseInt(CurrentDateNoFilter.format(TodayDate)): null

2018-11-22 22:03:44 - [TEST_STEP][PASSED] - Statement - monthContainerMatcher = monthContainerMatcher - 1: null

2018-11-22 22:03:44 - [TEST_STEP][PASSED] - Statement - CurrentMonth = monthContainerMatcher.toString(): null

2018-11-22 22:03:44 - [TEST_STEP][PASSED] - Statement - CurrentMonth = CurrentMonth: null

2018-11-22 22:03:44 - [TEST_STEP][PASSED] - Statement - CurrentDateNoFilter.applyPattern("yyyy"): null

2018-11-22 22:03:44 - [TEST_STEP][PASSED] - Statement - CurrentYear = CurrentDateNoFilter.format(TodayDate): null

2018-11-22 22:03:44 - [TEST_STEP][PASSED] - Statement - CurrentYear = CurrentYear: null

2018-11-22 22:03:44 - [TEST_STEP][PASSED] - Statement - intCurrentYear = java.lang.Integer.parseInt(CurrentDateNoFilter.format(TodayDate)): null

2018-11-22 22:03:44 - [TEST_STEP][PASSED] - Statement - eighteenYrsAgo = intCurrentYear - 18: null

2018-11-22 22:03:44 - [TEST_STEP][PASSED] - Statement - eighteenYrsBeforeThisYr = eighteenYrsAgo.toString(): null

2018-11-22 22:03:44 - [TEST_STEP][PASSED] - Statement - EighteenYrsBefore = eighteenYrsBeforeThisYr: null

2018-11-22 22:03:44 - [TEST_STEP][PASSED] - Statement - fiftysevenYrsAgo = intCurrentYear - 57: null

2018-11-22 22:03:44 - [TEST_STEP][PASSED] - Statement - fiftysevenYrsBeforeThisYr = fiftysevenYrsAgo.toString(): null

2018-11-22 22:03:44 - [TEST_STEP][PASSED] - Statement - FiftysevenYrsBefore = fiftysevenYrsBeforeThisYr: null

2018-11-22 22:03:44 - [MESSAGE][PASSED] - Call Test Case 'Test Cases/Final Aug 2018 - PKS Automation/Registration Module/New Registration/Form 2/Date Updater' successfully

2018-11-22 22:03:44 - [TEST_STEP][PASSED] - delay: Delayed 1 second(s)

2018-11-22 22:03:45 - [MESSAGE][PASSED] - Delayed 1 second(s)

2018-11-22 22:03:45 - [TEST_STEP][PASSED] - Statement - CaseReferenceNo = com.kms.katalon.core.webui.keyword.WebUiBuiltInKeywords.getText(com.kms.katalon.core.testobject.ObjectRepository.findTestObject(Final Object Repo/New Registration - Registration Module Pages/Form 2/RefNo Acquiring)): Text of object 'Object Repository/Final Object Repo/New Registration - Registration Module Pages/Form 2/RefNo Acquiring' is: 'CRN11201800122701'

2018-11-22 22:03:45 - [MESSAGE][PASSED] - Text of object 'Object Repository/Final Object Repo/New Registration - Registration Module Pages/Form 2/RefNo Acquiring' is: 'CRN11201800122701'

2018-11-22 22:03:45 - [TEST_STEP][PASSED] - delay: Delayed 1 second(s)

2018-11-22 22:03:46 - [MESSAGE][PASSED] - Delayed 1 second(s)

2018-11-22 22:03:46 - [TEST_STEP][PASSED] - click: Object: 'Object Repository/Final Object Repo/New Registration - Registration Module Pages/Form 2/Add Employee Button' is clicked on

2018-11-22 22:03:46 - [MESSAGE][PASSED] - Object: 'Object Repository/Final Object Repo/New Registration - Registration Module Pages/Form 2/Add Employee Button' is clicked on

2018-11-22 22:03:46 - [TEST_STEP][PASSED] - delay: Delayed 1 second(s)

2018-11-22 22:03:47 - [MESSAGE][PASSED] - Delayed 1 second(s)

2018-11-22 22:03:47 - [TEST_STEP][PASSED] - setText: Text '010903091963' is set on object 'Object Repository/Final Object Repo/New Registration - Registration Module Pages/Form 2/NRIC Input'

2018-11-22 22:03:47 - [MESSAGE][PASSED] - Text '010903091963' is set on object 'Object Repository/Final Object Repo/New Registration - Registration Module Pages/Form 2/NRIC Input'

2018-11-22 22:03:47 - [TEST_STEP][PASSED] - click: Object: 'Object Repository/Final Object Repo/New Registration - Registration Module Pages/Form 2/button for search for IC' is clicked on

2018-11-22 22:03:47 - [MESSAGE][PASSED] - Object: 'Object Repository/Final Object Repo/New Registration - Registration Module Pages/Form 2/button for search for IC' is clicked on

2018-11-22 22:03:47 - [TEST_STEP][PASSED] - delay: Delayed 2 second(s)

2018-11-22 22:03:49 - [MESSAGE][PASSED] - Delayed 2 second(s)

2018-11-22 22:03:49 - [TEST_STEP][PASSED] - setText: Text 'Automate001 eligible 1' is set on object 'Object Repository/Final Object Repo/New Registration - Registration Module Pages/Form 2/Employee Name Input'

2018-11-22 22:03:50 - [MESSAGE][PASSED] - Text 'Automate001 eligible 1' is set on object 'Object Repository/Final Object Repo/New Registration - Registration Module Pages/Form 2/Employee Name Input'

2018-11-22 22:03:50 - [TEST_STEP][PASSED] - delay: Delayed 2 second(s)

2018-11-22 22:03:52 - [MESSAGE][PASSED] - Delayed 2 second(s)

2018-11-22 22:03:52 - [TEST_STEP][PASSED] - click: Object: 'Object Repository/Final Object Repo/New Registration - Registration Module Pages/Form 2/DatePicker Pop Up' is clicked on

2018-11-22 22:03:52 - [MESSAGE][PASSED] - Object: 'Object Repository/Final Object Repo/New Registration - Registration Module Pages/Form 2/DatePicker Pop Up' is clicked on

2018-11-22 22:03:52 - [TEST_STEP][PASSED] - click: Object: 'Object Repository/Final Object Repo/New Registration - Registration Module Pages/Form 2/DOB Month' is clicked on

2018-11-22 22:03:52 - [MESSAGE][PASSED] - Object: 'Object Repository/Final Object Repo/New Registration - Registration Module Pages/Form 2/DOB Month' is clicked on

2018-11-22 22:03:52 - [TEST_STEP][PASSED] - Statement - CurrentMonth = CurrentMonth: null

2018-11-22 22:03:52 - [TEST_STEP][PASSED] - Statement - selectMonth = new com.kms.katalon.core.testobject.TestObject(): null

2018-11-22 22:03:52 - [TEST_STEP][PASSED] - Statement - selectMonth.addProperty("xpath", EQUALS, "//body/div/div/div/select/option[@value='" + CurrentMonth + "']", true): null

2018-11-22 22:03:52 - [TEST_STEP][PASSED] - click: Object: '' is clicked on

2018-11-22 22:03:52 - [MESSAGE][PASSED] - Object: '' is clicked on

2018-11-22 22:03:52 - [TEST_STEP][PASSED] - click: Object: 'Object Repository/Final Object Repo/New Registration - Registration Module Pages/Form 2/DOB Year' is clicked on

2018-11-22 22:03:53 - [MESSAGE][PASSED] - Object: 'Object Repository/Final Object Repo/New Registration - Registration Module Pages/Form 2/DOB Year' is clicked on

2018-11-22 22:03:53 - [TEST_STEP][PASSED] - Statement - Eyearsbf = EighteenYrsBefore: null

2018-11-22 22:03:53 - [TEST_STEP][PASSED] - Statement - selectYear = new com.kms.katalon.core.testobject.TestObject(): null

2018-11-22 22:03:53 - [TEST_STEP][PASSED] - Statement - selectYear.addProperty("xpath", EQUALS, "//div/div/div/select/option[@value='" + Eyearsbf + "']", true): null

2018-11-22 22:03:53 - [TEST_STEP][PASSED] - click: Object: '' is clicked on

2018-11-22 22:03:53 - [MESSAGE][PASSED] - Object: '' is clicked on

2018-11-22 22:03:53 - [TEST_STEP][PASSED] - Statement - UpdatedSelectDate = com.kms.katalon.core.webui.keyword.WebUiBuiltInKeywords.modifyObjectProperty(com.kms.katalon.core.testobject.ObjectRepository.findTestObject(Final Object Repo/New Registration - Registration Module Pages/Form 2/DOB Date), "xpath", "equals", "//body/div/table/tbody/tr/td/a[text()="" + CurrentDate + ""]", true): Modify property of object successfully

2018-11-22 22:03:53 - [MESSAGE][PASSED] - Modify property of object successfully

2018-11-22 22:03:53 - [TEST_STEP][PASSED] - delay: Delayed 3 second(s)

2018-11-22 22:03:56 - [MESSAGE][PASSED] - Delayed 3 second(s)

2018-11-22 22:03:56 - [TEST_STEP][PASSED] - click: Object: 'Object Repository/Final Object Repo/New Registration - Registration Module Pages/Form 2/DOB Date' is clicked on

2018-11-22 22:03:56 - [MESSAGE][PASSED] - Object: 'Object Repository/Final Object Repo/New Registration - Registration Module Pages/Form 2/DOB Date' is clicked on

2018-11-22 22:03:56 - [TEST_STEP][PASSED] - delay: Delayed 2 second(s)

2018-11-22 22:03:58 - [MESSAGE][PASSED] - Delayed 2 second(s)

2018-11-22 22:03:58 - [TEST_STEP][PASSED] - click: Object: 'Object Repository/Final Object Repo/New Registration - Registration Module Pages/Form 2/EmploymentStartDate Pop Up' is clicked on

2018-11-22 22:03:58 - [MESSAGE][PASSED] - Object: 'Object Repository/Final Object Repo/New Registration - Registration Module Pages/Form 2/EmploymentStartDate Pop Up' is clicked on

2018-11-22 22:03:58 - [TEST_STEP][PASSED] - delay: Delayed 2 second(s)

2018-11-22 22:04:00 - [MESSAGE][PASSED] - Delayed 2 second(s)

2018-11-22 22:04:00 - [TEST_STEP][PASSED] - click: Object: 'Object Repository/Final Object Repo/New Registration - Registration Module Pages/Form 2/Socso Employment StartDate Month' is clicked on

2018-11-22 22:04:00 - [MESSAGE][PASSED] - Object: 'Object Repository/Final Object Repo/New Registration - Registration Module Pages/Form 2/Socso Employment StartDate Month' is clicked on

2018-11-22 22:04:00 - [TEST_STEP][PASSED] - delay: Delayed 1 second(s)

2018-11-22 22:04:01 - [MESSAGE][PASSED] - Delayed 1 second(s)

2018-11-22 22:04:01 - [TEST_STEP][PASSED] - click: Object: 'Object Repository/Final Object Repo/New Registration - Registration Module Pages/Form 2/Select Socso Employement Startdate Month' is clicked on

2018-11-22 22:04:01 - [MESSAGE][PASSED] - Object: 'Object Repository/Final Object Repo/New Registration - Registration Module Pages/Form 2/Select Socso Employement Startdate Month' is clicked on

2018-11-22 22:04:01 - [TEST_STEP][PASSED] - delay: Delayed 2 second(s)

2018-11-22 22:04:03 - [MESSAGE][PASSED] - Delayed 2 second(s)

2018-11-22 22:04:03 - [TEST_STEP][PASSED] - click: Object: 'Object Repository/Final Object Repo/New Registration - Registration Module Pages/Form 2/Socso Employment StartDate Year' is clicked on

2018-11-22 22:04:04 - [MESSAGE][PASSED] - Object: 'Object Repository/Final Object Repo/New Registration - Registration Module Pages/Form 2/Socso Employment StartDate Year' is clicked on

2018-11-22 22:04:04 - [TEST_STEP][PASSED] - delay: Delayed 1 second(s)

2018-11-22 22:04:05 - [MESSAGE][PASSED] - Delayed 1 second(s)

2018-11-22 22:04:05 - [TEST_STEP][PASSED] - click: Object: 'Object Repository/Final Object Repo/New Registration - Registration Module Pages/Form 2/Select Socso Employment Startdate Year' is clicked on

2018-11-22 22:04:05 - [MESSAGE][PASSED] - Object: 'Object Repository/Final Object Repo/New Registration - Registration Module Pages/Form 2/Select Socso Employment Startdate Year' is clicked on

2018-11-22 22:04:05 - [TEST_STEP][PASSED] - delay: Delayed 2 second(s)

2018-11-22 22:04:07 - [MESSAGE][PASSED] - Delayed 2 second(s)

2018-11-22 22:04:07 - [TEST_STEP][PASSED] - click: Object: 'Object Repository/Final Object Repo/New Registration - Registration Module Pages/Form 2/Socso Employment Start Date Day' is clicked on

2018-11-22 22:04:07 - [MESSAGE][PASSED] - Object: 'Object Repository/Final Object Repo/New Registration - Registration Module Pages/Form 2/Socso Employment Start Date Day' is clicked on

2018-11-22 22:04:07 - [TEST_STEP][PASSED] - delay: Delayed 2 second(s)

2018-11-22 22:04:09 - [MESSAGE][PASSED] - Delayed 2 second(s)

2018-11-22 22:04:09 - [TEST_STEP][PASSED] - click: Object: 'Object Repository/Final Object Repo/New Registration - Registration Module Pages/Form 2/Save Button for Add Employee' is clicked on

2018-11-22 22:04:09 - [MESSAGE][PASSED] - Object: 'Object Repository/Final Object Repo/New Registration - Registration Module Pages/Form 2/Save Button for Add Employee' is clicked on

2018-11-22 22:04:09 - [TEST_STEP][PASSED] - delay: Delayed 6 second(s)

2018-11-22 22:04:15 - [MESSAGE][PASSED] - Delayed 6 second(s)

2018-11-22 22:04:15 - [TEST_STEP][PASSED] - click: Object: 'Object Repository/Final Object Repo/New Registration - Registration Module Pages/Form 2/Save and Continue Form 2' is clicked on

2018-11-22 22:04:15 - [MESSAGE][PASSED] - Object: 'Object Repository/Final Object Repo/New Registration - Registration Module Pages/Form 2/Save and Continue Form 2' is clicked on

2018-11-22 22:04:15 - [MESSAGE][PASSED] - Call Test Case 'Test Cases/Final Aug 2018 - PKS Automation/Registration Module/New Registration/Form 2/Add 1 Eligible' successfully

2018-11-22 22:04:15 - [TEST_STEP][PASSED] - callTestCase: Call Test Case 'Test Cases/Final Aug 2018 - PKS Automation/Registration Module/New Registration/Flow of New Registration/Third Screen - Upload Supporting Doc - Preview' successfully

2018-11-22 22:04:15 - [TEST_CASE][PASSED] - Test Cases/Final Aug 2018 - PKS Automation/Registration Module/New Registration/Flow of New Registration/Third Screen - Upload Supporting Doc - Preview: Test Cases/Final Aug 2018 - PKS Automation/Registration Module/New Registration/Flow of New Registration/Third Screen - Upload Supporting Doc - Preview

2018-11-22 22:04:15 - [TEST_STEP][PASSED] - waitForPageLoad: Wait for page load successfully

2018-11-22 22:04:16 - [MESSAGE][PASSED] - Wait for page load successfully

2018-11-22 22:04:16 - [TEST_STEP][PASSED] - Statement - CaseReferenceNo = com.kms.katalon.core.webui.keyword.WebUiBuiltInKeywords.getText(com.kms.katalon.core.testobject.ObjectRepository.findTestObject(Final Object Repo/New Registration - Registration Module Pages/Third Screen - Upload Supporting Doc- Preview/RefNo Acquiring)): Text of object 'Object Repository/Final Object Repo/New Registration - Registration Module Pages/Third Screen - Upload Supporting Doc- Preview/RefNo Acquiring' is: 'CRN11201800122701'

2018-11-22 22:04:16 - [MESSAGE][PASSED] - Text of object 'Object Repository/Final Object Repo/New Registration - Registration Module Pages/Third Screen - Upload Supporting Doc- Preview/RefNo Acquiring' is: 'CRN11201800122701'

2018-11-22 22:04:16 - [TEST_STEP][PASSED] - delay: Delayed 2 second(s)

2018-11-22 22:04:18 - [MESSAGE][PASSED] - Delayed 2 second(s)

2018-11-22 22:04:18 - [TEST_STEP][PASSED] - callTestCase: Call Test Case 'Test Cases/Final Aug 2018 - PKS Automation/Common/Reference Number Setter' successfully

2018-11-22 22:04:18 - [TEST_CASE][PASSED] - Test Cases/Final Aug 2018 - PKS Automation/Common/Reference Number Setter: Test Cases/Final Aug 2018 - PKS Automation/Common/Reference Number Setter

2018-11-22 22:04:18 - [TEST_STEP][PASSED] - Statement - RefNoOldFile = new java.io.File(C://Users//Admin//Desktop//PKS//Automation Reference Point//KatalonReference.txt): null

2018-11-22 22:04:18 - [TEST_STEP][PASSED] - Statement - RefNoOldFile.delete(): null

2018-11-22 22:04:18 - [TEST_STEP][PASSED] - delay: Delayed 5 second(s)

2018-11-22 22:04:23 - [MESSAGE][PASSED] - Delayed 5 second(s)

2018-11-22 22:04:23 - [TEST_STEP][PASSED] - Statement - RefNo = new java.io.File(C://Users//Admin//Desktop//PKS//Automation Reference Point//KatalonReference.txt): null

2018-11-22 22:04:23 - [TEST_STEP][PASSED] - Statement - f2 = new java.io.FileWriter(RefNo, false): null

2018-11-22 22:04:23 - [TEST_STEP][PASSED] - Statement - f2.write(CaseReferenceNo): null

2018-11-22 22:04:23 - [TEST_STEP][PASSED] - Statement - f2.close(): null

2018-11-22 22:04:23 - [TEST_STEP][PASSED] - Statement - out.println("


" + CaseReferenceNo + "


"): null

2018-11-22 22:04:23 - [MESSAGE][PASSED] - Call Test Case 'Test Cases/Final Aug 2018 - PKS Automation/Common/Reference Number Setter' successfully

2018-11-22 22:04:23 - [TEST_STEP][PASSED] - waitForElementClickable: Object 'Object Repository/Final Object Repo/New Registration - Registration Module Pages/Third Screen - Upload Supporting Doc- Preview/Save n Continue in SIP Employee Listing Page' is clickable

2018-11-22 22:04:23 - [MESSAGE][PASSED] - Object 'Object Repository/Final Object Repo/New Registration - Registration Module Pages/Third Screen - Upload Supporting Doc- Preview/Save n Continue in SIP Employee Listing Page' is clickable

2018-11-22 22:04:23 - [TEST_STEP][PASSED] - click: Object: 'Object Repository/Final Object Repo/New Registration - Registration Module Pages/Third Screen - Upload Supporting Doc- Preview/Save n Continue in SIP Employee Listing Page' is clicked on

2018-11-22 22:04:29 - [MESSAGE][PASSED] - Object: 'Object Repository/Final Object Repo/New Registration - Registration Module Pages/Third Screen - Upload Supporting Doc- Preview/Save n Continue in SIP Employee Listing Page' is clicked on

2018-11-22 22:04:29 - [TEST_STEP][PASSED] - delay: Delayed 7 second(s)

2018-11-22 22:04:36 - [MESSAGE][PASSED] - Delayed 7 second(s)

2018-11-22 22:04:36 - [TEST_STEP][PASSED] - click: Object: 'Object Repository/Final Object Repo/New Registration - Registration Module Pages/Third Screen - Upload Supporting Doc- Preview/Add Document Button' is clicked on

2018-11-22 22:04:36 - [MESSAGE][PASSED] - Object: 'Object Repository/Final Object Repo/New Registration - Registration Module Pages/Third Screen - Upload Supporting Doc- Preview/Add Document Button' is clicked on

2018-11-22 22:04:36 - [TEST_STEP][PASSED] - delay: Delayed 30 second(s)

2018-11-22 22:05:06 - [MESSAGE][PASSED] - Delayed 30 second(s)

2018-11-22 22:05:06 - [TEST_STEP][PASSED] - click: Object: 'Object Repository/Final Object Repo/New Registration - Registration Module Pages/Third Screen - Upload Supporting Doc- Preview/Supporting Doc Please Select Drop Down' is clicked on

2018-11-22 22:05:06 - [MESSAGE][PASSED] - Object: 'Object Repository/Final Object Repo/New Registration - Registration Module Pages/Third Screen - Upload Supporting Doc- Preview/Supporting Doc Please Select Drop Down' is clicked on

2018-11-22 22:05:06 - [TEST_STEP][PASSED] - delay: Delayed 2 second(s)

2018-11-22 22:05:08 - [MESSAGE][PASSED] - Delayed 2 second(s)

2018-11-22 22:05:08 - [TEST_STEP][PASSED] - click: Object: 'Object Repository/Final Object Repo/New Registration - Registration Module Pages/Third Screen - Upload Supporting Doc- Preview/Select to Upload Form 1' is clicked on

2018-11-22 22:05:08 - [MESSAGE][PASSED] - Object: 'Object Repository/Final Object Repo/New Registration - Registration Module Pages/Third Screen - Upload Supporting Doc- Preview/Select to Upload Form 1' is clicked on

2018-11-22 22:05:08 - [TEST_STEP][PASSED] - delay: Delayed 2 second(s)

2018-11-22 22:05:10 - [MESSAGE][PASSED] - Delayed 2 second(s)

2018-11-22 22:05:10 - [TEST_STEP][PASSED] - uploadFile: File 'C:\Users\Public\Pictures\Sample Pictures\Koala.jpg' sent to object: 'Object Repository/Final Object Repo/New Registration - Registration Module Pages/Third Screen - Upload Supporting Doc- Preview/Upload File Adding'

2018-11-22 22:05:10 - [MESSAGE][PASSED] - File 'C:\Users\Public\Pictures\Sample Pictures\Koala.jpg' sent to object: 'Object Repository/Final Object Repo/New Registration - Registration Module Pages/Third Screen - Upload Supporting Doc- Preview/Upload File Adding'

2018-11-22 22:05:10 - [TEST_STEP][PASSED] - delay: Delayed 5 second(s)

2018-11-22 22:05:15 - [MESSAGE][PASSED] - Delayed 5 second(s)

2018-11-22 22:05:15 - [TEST_STEP][PASSED] - click: Object: 'Object Repository/Final Object Repo/New Registration - Registration Module Pages/Third Screen - Upload Supporting Doc- Preview/Inner Form Add Document Button' is clicked on

2018-11-22 22:05:15 - [MESSAGE][PASSED] - Object: 'Object Repository/Final Object Repo/New Registration - Registration Module Pages/Third Screen - Upload Supporting Doc- Preview/Inner Form Add Document Button' is clicked on

2018-11-22 22:05:15 - [TEST_STEP][PASSED] - delay: Delayed 3 second(s)

2018-11-22 22:05:18 - [MESSAGE][PASSED] - Delayed 3 second(s)

2018-11-22 22:05:18 - [TEST_STEP][PASSED] - click: Object: 'Object Repository/Final Object Repo/New Registration - Registration Module Pages/Third Screen - Upload Supporting Doc- Preview/Add Document Button' is clicked on

2018-11-22 22:05:20 - [MESSAGE][PASSED] - Object: 'Object Repository/Final Object Repo/New Registration - Registration Module Pages/Third Screen - Upload Supporting Doc- Preview/Add Document Button' is clicked on

2018-11-22 22:05:20 - [TEST_STEP][PASSED] - delay: Delayed 30 second(s)

2018-11-22 22:05:50 - [MESSAGE][PASSED] - Delayed 30 second(s)

2018-11-22 22:05:50 - [TEST_STEP][PASSED] - click: Object: 'Object Repository/Final Object Repo/New Registration - Registration Module Pages/Third Screen - Upload Supporting Doc- Preview/Supporting Doc Please Select Drop Down' is clicked on

2018-11-22 22:05:50 - [MESSAGE][PASSED] - Object: 'Object Repository/Final Object Repo/New Registration - Registration Module Pages/Third Screen - Upload Supporting Doc- Preview/Supporting Doc Please Select Drop Down' is clicked on

2018-11-22 22:05:50 - [TEST_STEP][PASSED] - delay: Delayed 2 second(s)

2018-11-22 22:05:52 - [MESSAGE][PASSED] - Delayed 2 second(s)

2018-11-22 22:05:52 - [TEST_STEP][PASSED] - click: Object: 'Object Repository/Final Object Repo/New Registration - Registration Module Pages/Third Screen - Upload Supporting Doc- Preview/Select to Upload Form 2' is clicked on

2018-11-22 22:05:52 - [MESSAGE][PASSED] - Object: 'Object Repository/Final Object Repo/New Registration - Registration Module Pages/Third Screen - Upload Supporting Doc- Preview/Select to Upload Form 2' is clicked on

2018-11-22 22:05:52 - [TEST_STEP][PASSED] - delay: Delayed 2 second(s)

2018-11-22 22:05:54 - [MESSAGE][PASSED] - Delayed 2 second(s)

2018-11-22 22:05:54 - [TEST_STEP][PASSED] - uploadFile: File 'C:\Users\Public\Pictures\Sample Pictures\Koala.jpg' sent to object: 'Object Repository/Final Object Repo/New Registration - Registration Module Pages/Third Screen - Upload Supporting Doc- Preview/Upload File Adding'

2018-11-22 22:05:54 - [MESSAGE][PASSED] - File 'C:\Users\Public\Pictures\Sample Pictures\Koala.jpg' sent to object: 'Object Repository/Final Object Repo/New Registration - Registration Module Pages/Third Screen - Upload Supporting Doc- Preview/Upload File Adding'

2018-11-22 22:05:54 - [TEST_STEP][PASSED] - click: Object: 'Object Repository/Final Object Repo/New Registration - Registration Module Pages/Third Screen - Upload Supporting Doc- Preview/Inner Form Add Document Button' is clicked on

2018-11-22 22:05:54 - [MESSAGE][PASSED] - Object: 'Object Repository/Final Object Repo/New Registration - Registration Module Pages/Third Screen - Upload Supporting Doc- Preview/Inner Form Add Document Button' is clicked on

2018-11-22 22:05:54 - [TEST_STEP][PASSED] - delay: Delayed 5 second(s)

2018-11-22 22:05:59 - [MESSAGE][PASSED] - Delayed 5 second(s)

2018-11-22 22:05:59 - [TEST_STEP][PASSED] - click: Object: 'Object Repository/Final Object Repo/New Registration - Registration Module Pages/Third Screen - Upload Supporting Doc- Preview/Add Document Button' is clicked on

2018-11-22 22:06:00 - [MESSAGE][PASSED] - Object: 'Object Repository/Final Object Repo/New Registration - Registration Module Pages/Third Screen - Upload Supporting Doc- Preview/Add Document Button' is clicked on

2018-11-22 22:06:00 - [TEST_STEP][PASSED] - delay: Delayed 30 second(s)

2018-11-22 22:06:30 - [MESSAGE][PASSED] - Delayed 30 second(s)

2018-11-22 22:06:30 - [TEST_STEP][PASSED] - click: Object: 'Object Repository/Final Object Repo/New Registration - Registration Module Pages/Third Screen - Upload Supporting Doc- Preview/Supporting Doc Please Select Drop Down' is clicked on

2018-11-22 22:06:30 - [MESSAGE][PASSED] - Object: 'Object Repository/Final Object Repo/New Registration - Registration Module Pages/Third Screen - Upload Supporting Doc- Preview/Supporting Doc Please Select Drop Down' is clicked on

2018-11-22 22:06:30 - [TEST_STEP][PASSED] - click: Object: 'Object Repository/Final Object Repo/New Registration - Registration Module Pages/Third Screen - Upload Supporting Doc- Preview/Select to Upload Borang SIP 1' is clicked on

2018-11-22 22:06:30 - [MESSAGE][PASSED] - Object: 'Object Repository/Final Object Repo/New Registration - Registration Module Pages/Third Screen - Upload Supporting Doc- Preview/Select to Upload Borang SIP 1' is clicked on

2018-11-22 22:06:30 - [TEST_STEP][PASSED] - delay: Delayed 2 second(s)

2018-11-22 22:06:32 - [MESSAGE][PASSED] - Delayed 2 second(s)

2018-11-22 22:06:32 - [TEST_STEP][PASSED] - uploadFile: File 'C:\Users\Public\Pictures\Sample Pictures\Koala.jpg' sent to object: 'Object Repository/Final Object Repo/New Registration - Registration Module Pages/Third Screen - Upload Supporting Doc- Preview/Upload File Adding'

2018-11-22 22:06:32 - [MESSAGE][PASSED] - File 'C:\Users\Public\Pictures\Sample Pictures\Koala.jpg' sent to object: 'Object Repository/Final Object Repo/New Registration - Registration Module Pages/Third Screen - Upload Supporting Doc- Preview/Upload File Adding'

2018-11-22 22:06:32 - [TEST_STEP][PASSED] - click: Object: 'Object Repository/Final Object Repo/New Registration - Registration Module Pages/Third Screen - Upload Supporting Doc- Preview/Inner Form Add Document Button' is clicked on

2018-11-22 22:06:32 - [MESSAGE][PASSED] - Object: 'Object Repository/Final Object Repo/New Registration - Registration Module Pages/Third Screen - Upload Supporting Doc- Preview/Inner Form Add Document Button' is clicked on

2018-11-22 22:06:32 - [TEST_STEP][PASSED] - delay: Delayed 5 second(s)

2018-11-22 22:06:37 - [MESSAGE][PASSED] - Delayed 5 second(s)

2018-11-22 22:06:37 - [TEST_STEP][PASSED] - click: Object: 'Object Repository/Final Object Repo/New Registration - Registration Module Pages/Third Screen - Upload Supporting Doc- Preview/Add Document Button' is clicked on

2018-11-22 22:06:37 - [MESSAGE][PASSED] - Object: 'Object Repository/Final Object Repo/New Registration - Registration Module Pages/Third Screen - Upload Supporting Doc- Preview/Add Document Button' is clicked on

2018-11-22 22:06:37 - [TEST_STEP][PASSED] - delay: Delayed 30 second(s)

2018-11-22 22:07:07 - [MESSAGE][PASSED] - Delayed 30 second(s)

2018-11-22 22:07:07 - [TEST_STEP][PASSED] - click: Object: 'Object Repository/Final Object Repo/New Registration - Registration Module Pages/Third Screen - Upload Supporting Doc- Preview/Supporting Doc Please Select Drop Down' is clicked on

2018-11-22 22:07:08 - [MESSAGE][PASSED] - Object: 'Object Repository/Final Object Repo/New Registration - Registration Module Pages/Third Screen - Upload Supporting Doc- Preview/Supporting Doc Please Select Drop Down' is clicked on

2018-11-22 22:07:08 - [TEST_STEP][PASSED] - delay: Delayed 3 second(s)

2018-11-22 22:07:11 - [MESSAGE][PASSED] - Delayed 3 second(s)

2018-11-22 22:07:11 - [TEST_STEP][PASSED] - click: Object: 'Object Repository/Final Object Repo/New Registration - Registration Module Pages/Third Screen - Upload Supporting Doc- Preview/Select to Upload Borang SIP 2' is clicked on

2018-11-22 22:07:11 - [MESSAGE][PASSED] - Object: 'Object Repository/Final Object Repo/New Registration - Registration Module Pages/Third Screen - Upload Supporting Doc- Preview/Select to Upload Borang SIP 2' is clicked on

2018-11-22 22:07:11 - [TEST_STEP][PASSED] - delay: Delayed 2 second(s)

2018-11-22 22:07:13 - [MESSAGE][PASSED] - Delayed 2 second(s)

2018-11-22 22:07:13 - [TEST_STEP][PASSED] - uploadFile: File 'C:\Users\Public\Pictures\Sample Pictures\Koala.jpg' sent to object: 'Object Repository/Final Object Repo/New Registration - Registration Module Pages/Third Screen - Upload Supporting Doc- Preview/Upload File Adding'

2018-11-22 22:07:13 - [MESSAGE][PASSED] - File 'C:\Users\Public\Pictures\Sample Pictures\Koala.jpg' sent to object: 'Object Repository/Final Object Repo/New Registration - Registration Module Pages/Third Screen - Upload Supporting Doc- Preview/Upload File Adding'

2018-11-22 22:07:13 - [TEST_STEP][PASSED] - delay: Delayed 5 second(s)

2018-11-22 22:07:18 - [MESSAGE][PASSED] - Delayed 5 second(s)

2018-11-22 22:07:18 - [TEST_STEP][PASSED] - click: Object: 'Object Repository/Final Object Repo/New Registration - Registration Module Pages/Third Screen - Upload Supporting Doc- Preview/Inner Form Add Document Button' is clicked on

2018-11-22 22:07:18 - [MESSAGE][PASSED] - Object: 'Object Repository/Final Object Repo/New Registration - Registration Module Pages/Third Screen - Upload Supporting Doc- Preview/Inner Form Add Document Button' is clicked on

2018-11-22 22:07:18 - [TEST_STEP][PASSED] - delay: Delayed 3 second(s)

2018-11-22 22:07:21 - [MESSAGE][PASSED] - Delayed 3 second(s)

2018-11-22 22:07:21 - [TEST_STEP][PASSED] - waitForElementClickable: Object 'Object Repository/Final Object Repo/New Registration - Registration Module Pages/Third Screen - Upload Supporting Doc- Preview/Save n Continue in Uploading Supporting Doc Page' is clickable

2018-11-22 22:07:22 - [MESSAGE][PASSED] - Object 'Object Repository/Final Object Repo/New Registration - Registration Module Pages/Third Screen - Upload Supporting Doc- Preview/Save n Continue in Uploading Supporting Doc Page' is clickable

2018-11-22 22:07:22 - [TEST_STEP][PASSED] - click: Object: 'Object Repository/Final Object Repo/New Registration - Registration Module Pages/Third Screen - Upload Supporting Doc- Preview/Save n Continue in Uploading Supporting Doc Page' is clicked on

2018-11-22 22:07:23 - [MESSAGE][PASSED] - Object: 'Object Repository/Final Object Repo/New Registration - Registration Module Pages/Third Screen - Upload Supporting Doc- Preview/Save n Continue in Uploading Supporting Doc Page' is clicked on

2018-11-22 22:07:23 - [MESSAGE][PASSED] - Call Test Case 'Test Cases/Final Aug 2018 - PKS Automation/Registration Module/New Registration/Flow of New Registration/Third Screen - Upload Supporting Doc - Preview' successfully

2018-11-22 22:07:23 - [TEST_STEP][PASSED] - callTestCase: Call Test Case 'Test Cases/Final Aug 2018 - PKS Automation/Registration Module/New Registration/Submit and Screenshot/Submit Registration and Screenshot - Copy' successfully

2018-11-22 22:07:23 - [TEST_CASE][PASSED] - Test Cases/Final Aug 2018 - PKS Automation/Registration Module/New Registration/Submit and Screenshot/Submit Registration and Screenshot - Copy: Test Cases/Final Aug 2018 - PKS Automation/Registration Module/New Registration/Submit and Screenshot/Submit Registration and Screenshot - Copy

2018-11-22 22:07:23 - [TEST_STEP][PASSED] - delay: Delayed 6 second(s)

2018-11-22 22:07:29 - [MESSAGE][PASSED] - Delayed 6 second(s)

2018-11-22 22:07:29 - [TEST_STEP][PASSED] - click: Object: 'Object Repository/Final Object Repo/New Registration - Registration Module Pages/Third Screen - Upload Supporting Doc- Preview/Preview Submit Button' is clicked on

2018-11-22 22:07:29 - [MESSAGE][PASSED] - Object: 'Object Repository/Final Object Repo/New Registration - Registration Module Pages/Third Screen - Upload Supporting Doc- Preview/Preview Submit Button' is clicked on

2018-11-22 22:07:29 - [TEST_STEP][PASSED] - delay: Delayed 2 second(s)

2018-11-22 22:07:31 - [MESSAGE][PASSED] - Delayed 2 second(s)

2018-11-22 22:07:31 - [TEST_STEP][PASSED] - click: Object: 'Object Repository/Final Object Repo/New Registration - Registration Module Pages/Third Screen - Upload Supporting Doc- Preview/Preview Submit - Confirm' is clicked on

2018-11-22 22:07:31 - [MESSAGE][PASSED] - Object: 'Object Repository/Final Object Repo/New Registration - Registration Module Pages/Third Screen - Upload Supporting Doc- Preview/Preview Submit - Confirm' is clicked on

2018-11-22 22:07:31 - [TEST_STEP][PASSED] - delay: Delayed 15 second(s)

2018-11-22 22:07:46 - [MESSAGE][PASSED] - Delayed 15 second(s)

2018-11-22 22:07:46 - [TEST_STEP][PASSED] - Statement - driver = com.kms.katalon.core.webui.driver.DriverFactory.getWebDriver(): null

2018-11-22 22:07:46 - [TEST_STEP][PASSED] - Statement - driver.manage().timeouts().implicitlyWait(10, SECONDS): null

2018-11-22 22:07:46 - [TEST_STEP][PASSED] - Statement - PresavePath = KatalonScreenshots: null

2018-11-22 22:07:46 - [TEST_STEP][PASSED] - Statement - pathPrefix = "C:\Users\Public\Pictures\Sample Pictures\Katalon Screenshots\Automate Ending Screen": null

2018-11-22 22:07:46 - [TEST_STEP][PASSED] - Statement - finalPath = <not implemented yet for class: org.codehaus.groovy.ast.expr.EmptyExpression>: null

2018-11-22 22:07:46 - [TEST_STEP][PASSED] - Statement - scrFile = driver.getScreenshotAs(FILE): null

2018-11-22 22:07:46 - [TEST_STEP][PASSED] - Statement - PreSaveFile = new java.io.File(PresavePath): null

2018-11-22 22:07:46 - [TEST_STEP][PASSED] - Statement - counter = 0: null

2018-11-22 22:07:46 - [TEST_STEP][PASSED] - Statement - If (PreSaveFile.exists()): null

2018-11-22 22:07:46 - [TEST_STEP][PASSED] - Statement - While (PreSaveFile.exists()): null

2018-11-22 22:07:46 - [TEST_STEP][PASSED] - Statement - counter = counter + 1: null

2018-11-22 22:07:46 - [TEST_STEP][PASSED] - Statement - PreSaveFile = new java.io.File(((pathPrefix + java.lang.Integer.toString(counter)) + .png)): null

2018-11-22 22:07:46 - [TEST_STEP][PASSED] - Statement - counter = counter + 1: null

2018-11-22 22:07:46 - [TEST_STEP][PASSED] - Statement - PreSaveFile = new java.io.File(((pathPrefix + java.lang.Integer.toString(counter)) + .png)): null

2018-11-22 22:07:46 - [TEST_STEP][PASSED] - Statement - counter = counter + 1: null

2018-11-22 22:07:46 - [TEST_STEP][PASSED] - Statement - PreSaveFile = new java.io.File(((pathPrefix + java.lang.Integer.toString(counter)) + .png)): null

2018-11-22 22:07:46 - [TEST_STEP][PASSED] - Statement - counter = counter + 1: null

2018-11-22 22:07:46 - [TEST_STEP][PASSED] - Statement - PreSaveFile = new java.io.File(((pathPrefix + java.lang.Integer.toString(counter)) + .png)): null

2018-11-22 22:07:46 - [TEST_STEP][PASSED] - Statement - counter = counter + 1: null

2018-11-22 22:07:46 - [TEST_STEP][PASSED] - Statement - PreSaveFile = new java.io.File(((pathPrefix + java.lang.Integer.toString(counter)) + .png)): null

2018-11-22 22:07:46 - [TEST_STEP][PASSED] - Statement - counter = counter + 1: null

2018-11-22 22:07:46 - [TEST_STEP][PASSED] - Statement - PreSaveFile = new java.io.File(((pathPrefix + java.lang.Integer.toString(counter)) + .png)): null

2018-11-22 22:07:46 - [TEST_STEP][PASSED] - Statement - counter = counter + 1: null

2018-11-22 22:07:46 - [TEST_STEP][PASSED] - Statement - PreSaveFile = new java.io.File(((pathPrefix + java.lang.Integer.toString(counter)) + .png)): null

2018-11-22 22:07:46 - [TEST_STEP][PASSED] - Statement - counter = counter + 1: null

2018-11-22 22:07:46 - [TEST_STEP][PASSED] - Statement - PreSaveFile = new java.io.File(((pathPrefix + java.lang.Integer.toString(counter)) + .png)): null

2018-11-22 22:07:46 - [TEST_STEP][PASSED] - Statement - counter = counter + 1: null

2018-11-22 22:07:46 - [TEST_STEP][PASSED] - Statement - PreSaveFile = new java.io.File(((pathPrefix + java.lang.Integer.toString(counter)) + .png)): null

2018-11-22 22:07:46 - [TEST_STEP][PASSED] - Statement - counter = counter + 1: null

2018-11-22 22:07:46 - [TEST_STEP][PASSED] - Statement - PreSaveFile = new java.io.File(((pathPrefix + java.lang.Integer.toString(counter)) + .png)): null

2018-11-22 22:07:46 - [TEST_STEP][PASSED] - Statement - counter = counter + 1: null

2018-11-22 22:07:46 - [TEST_STEP][PASSED] - Statement - PreSaveFile = new java.io.File(((pathPrefix + java.lang.Integer.toString(counter)) + .png)): null

2018-11-22 22:07:46 - [TEST_STEP][PASSED] - Statement - counter = counter + 1: null

2018-11-22 22:07:46 - [TEST_STEP][PASSED] - Statement - PreSaveFile = new java.io.File(((pathPrefix + java.lang.Integer.toString(counter)) + .png)): null

2018-11-22 22:07:46 - [TEST_STEP][PASSED] - Statement - counter = counter + 1: null

2018-11-22 22:07:46 - [TEST_STEP][PASSED] - Statement - PreSaveFile = new java.io.File(((pathPrefix + java.lang.Integer.toString(counter)) + .png)): null

2018-11-22 22:07:46 - [TEST_STEP][PASSED] - Statement - counter = counter + 1: null

2018-11-22 22:07:46 - [TEST_STEP][PASSED] - Statement - PreSaveFile = new java.io.File(((pathPrefix + java.lang.Integer.toString(counter)) + .png)): null

2018-11-22 22:07:46 - [TEST_STEP][PASSED] - Statement - counter = counter + 1: null

2018-11-22 22:07:46 - [TEST_STEP][PASSED] - Statement - PreSaveFile = new java.io.File(((pathPrefix + java.lang.Integer.toString(counter)) + .png)): null

2018-11-22 22:07:46 - [TEST_STEP][PASSED] - Statement - counter = counter + 1: null

2018-11-22 22:07:46 - [TEST_STEP][PASSED] - Statement - PreSaveFile = new java.io.File(((pathPrefix + java.lang.Integer.toString(counter)) + .png)): null

2018-11-22 22:07:46 - [TEST_STEP][PASSED] - Statement - counter = counter + 1: null

2018-11-22 22:07:46 - [TEST_STEP][PASSED] - Statement - PreSaveFile = new java.io.File(((pathPrefix + java.lang.Integer.toString(counter)) + .png)): null

2018-11-22 22:07:46 - [TEST_STEP][PASSED] - Statement - counter = counter + 1: null

2018-11-22 22:07:46 - [TEST_STEP][PASSED] - Statement - PreSaveFile = new java.io.File(((pathPrefix + java.lang.Integer.toString(counter)) + .png)): null

2018-11-22 22:07:46 - [TEST_STEP][PASSED] - Statement - counter = counter + 1: null

2018-11-22 22:07:46 - [TEST_STEP][PASSED] - Statement - PreSaveFile = new java.io.File(((pathPrefix + java.lang.Integer.toString(counter)) + .png)): null

2018-11-22 22:07:46 - [TEST_STEP][PASSED] - Statement - counter = counter + 1: null

2018-11-22 22:07:46 - [TEST_STEP][PASSED] - Statement - PreSaveFile = new java.io.File(((pathPrefix + java.lang.Integer.toString(counter)) + .png)): null

2018-11-22 22:07:46 - [TEST_STEP][PASSED] - Statement - counter = counter + 1: null

2018-11-22 22:07:46 - [TEST_STEP][PASSED] - Statement - PreSaveFile = new java.io.File(((pathPrefix + java.lang.Integer.toString(counter)) + .png)): null

2018-11-22 22:07:46 - [TEST_STEP][PASSED] - Statement - counter = counter + 1: null

2018-11-22 22:07:46 - [TEST_STEP][PASSED] - Statement - PreSaveFile = new java.io.File(((pathPrefix + java.lang.Integer.toString(counter)) + .png)): null

2018-11-22 22:07:46 - [TEST_STEP][PASSED] - Statement - counter = counter + 1: null

2018-11-22 22:07:46 - [TEST_STEP][PASSED] - Statement - PreSaveFile = new java.io.File(((pathPrefix + java.lang.Integer.toString(counter)) + .png)): null

2018-11-22 22:07:46 - [TEST_STEP][PASSED] - Statement - counter = counter + 1: null

2018-11-22 22:07:46 - [TEST_STEP][PASSED] - Statement - PreSaveFile = new java.io.File(((pathPrefix + java.lang.Integer.toString(counter)) + .png)): null

2018-11-22 22:07:46 - [TEST_STEP][PASSED] - Statement - counter = counter + 1: null

2018-11-22 22:07:46 - [TEST_STEP][PASSED] - Statement - PreSaveFile = new java.io.File(((pathPrefix + java.lang.Integer.toString(counter)) + .png)): null

2018-11-22 22:07:46 - [TEST_STEP][PASSED] - Statement - counter = counter + 1: null

2018-11-22 22:07:46 - [TEST_STEP][PASSED] - Statement - PreSaveFile = new java.io.File(((pathPrefix + java.lang.Integer.toString(counter)) + .png)): null

2018-11-22 22:07:46 - [TEST_STEP][PASSED] - Statement - counter = counter + 1: null

2018-11-22 22:07:46 - [TEST_STEP][PASSED] - Statement - PreSaveFile = new java.io.File(((pathPrefix + java.lang.Integer.toString(counter)) + .png)): null

2018-11-22 22:07:46 - [TEST_STEP][PASSED] - Statement - counter = counter + 1: null

2018-11-22 22:07:46 - [TEST_STEP][PASSED] - Statement - PreSaveFile = new java.io.File(((pathPrefix + java.lang.Integer.toString(counter)) + .png)): null

2018-11-22 22:07:46 - [TEST_STEP][PASSED] - Statement - counter = counter + 1: null

2018-11-22 22:07:46 - [TEST_STEP][PASSED] - Statement - PreSaveFile = new java.io.File(((pathPrefix + java.lang.Integer.toString(counter)) + .png)): null

2018-11-22 22:07:46 - [TEST_STEP][PASSED] - Statement - counter = counter + 1: null

2018-11-22 22:07:46 - [TEST_STEP][PASSED] - Statement - PreSaveFile = new java.io.File(((pathPrefix + java.lang.Integer.toString(counter)) + .png)): null

2018-11-22 22:07:46 - [TEST_STEP][PASSED] - Statement - counter = counter + 1: null

2018-11-22 22:07:46 - [TEST_STEP][PASSED] - Statement - PreSaveFile = new java.io.File(((pathPrefix + java.lang.Integer.toString(counter)) + .png)): null

2018-11-22 22:07:46 - [TEST_STEP][PASSED] - Statement - counter = counter + 1: null

2018-11-22 22:07:46 - [TEST_STEP][PASSED] - Statement - PreSaveFile = new java.io.File(((pathPrefix + java.lang.Integer.toString(counter)) + .png)): null

2018-11-22 22:07:46 - [TEST_STEP][PASSED] - Statement - counter = counter + 1: null

2018-11-22 22:07:46 - [TEST_STEP][PASSED] - Statement - PreSaveFile = new java.io.File(((pathPrefix + java.lang.Integer.toString(counter)) + .png)): null

2018-11-22 22:07:46 - [TEST_STEP][PASSED] - Statement - counter = counter + 1: null

2018-11-22 22:07:46 - [TEST_STEP][PASSED] - Statement - PreSaveFile = new java.io.File(((pathPrefix + java.lang.Integer.toString(counter)) + .png)): null

2018-11-22 22:07:46 - [TEST_STEP][PASSED] - Statement - counter = counter + 1: null

2018-11-22 22:07:46 - [TEST_STEP][PASSED] - Statement - PreSaveFile = new java.io.File(((pathPrefix + java.lang.Integer.toString(counter)) + .png)): null

2018-11-22 22:07:46 - [TEST_STEP][PASSED] - Statement - counter = counter + 1: null

2018-11-22 22:07:46 - [TEST_STEP][PASSED] - Statement - PreSaveFile = new java.io.File(((pathPrefix + java.lang.Integer.toString(counter)) + .png)): null

2018-11-22 22:07:46 - [TEST_STEP][PASSED] - Statement - counter = counter + 1: null

2018-11-22 22:07:46 - [TEST_STEP][PASSED] - Statement - PreSaveFile = new java.io.File(((pathPrefix + java.lang.Integer.toString(counter)) + .png)): null

2018-11-22 22:07:46 - [TEST_STEP][PASSED] - Statement - counter = counter + 1: null

2018-11-22 22:07:46 - [TEST_STEP][PASSED] - Statement - PreSaveFile = new java.io.File(((pathPrefix + java.lang.Integer.toString(counter)) + .png)): null

2018-11-22 22:07:46 - [TEST_STEP][PASSED] - Statement - counter = counter + 1: null

2018-11-22 22:07:46 - [TEST_STEP][PASSED] - Statement - PreSaveFile = new java.io.File(((pathPrefix + java.lang.Integer.toString(counter)) + .png)): null

2018-11-22 22:07:46 - [TEST_STEP][PASSED] - Statement - counter = counter + 1: null

2018-11-22 22:07:46 - [TEST_STEP][PASSED] - Statement - PreSaveFile = new java.io.File(((pathPrefix + java.lang.Integer.toString(counter)) + .png)): null

2018-11-22 22:07:46 - [TEST_STEP][PASSED] - Statement - counter = counter + 1: null

2018-11-22 22:07:46 - [TEST_STEP][PASSED] - Statement - PreSaveFile = new java.io.File(((pathPrefix + java.lang.Integer.toString(counter)) + .png)): null

2018-11-22 22:07:46 - [TEST_STEP][PASSED] - Statement - counter = counter + 1: null

2018-11-22 22:07:46 - [TEST_STEP][PASSED] - Statement - PreSaveFile = new java.io.File(((pathPrefix + java.lang.Integer.toString(counter)) + .png)): null

2018-11-22 22:07:46 - [TEST_STEP][PASSED] - Statement - counter = counter + 1: null

2018-11-22 22:07:46 - [TEST_STEP][PASSED] - Statement - PreSaveFile = new java.io.File(((pathPrefix + java.lang.Integer.toString(counter)) + .png)): null

2018-11-22 22:07:46 - [TEST_STEP][PASSED] - Statement - counter = counter + 1: null

2018-11-22 22:07:46 - [TEST_STEP][PASSED] - Statement - PreSaveFile = new java.io.File(((pathPrefix + java.lang.Integer.toString(counter)) + .png)): null

2018-11-22 22:07:46 - [TEST_STEP][PASSED] - Statement - counter = counter + 1: null

2018-11-22 22:07:46 - [TEST_STEP][PASSED] - Statement - PreSaveFile = new java.io.File(((pathPrefix + java.lang.Integer.toString(counter)) + .png)): null

2018-11-22 22:07:46 - [TEST_STEP][PASSED] - Statement - counter = counter + 1: null

2018-11-22 22:07:46 - [TEST_STEP][PASSED] - Statement - PreSaveFile = new java.io.File(((pathPrefix + java.lang.Integer.toString(counter)) + .png)): null

2018-11-22 22:07:46 - [TEST_STEP][PASSED] - Statement - counter = counter + 1: null

2018-11-22 22:07:46 - [TEST_STEP][PASSED] - Statement - PreSaveFile = new java.io.File(((pathPrefix + java.lang.Integer.toString(counter)) + .png)): null

2018-11-22 22:07:46 - [TEST_STEP][PASSED] - Statement - counter = counter + 1: null

2018-11-22 22:07:46 - [TEST_STEP][PASSED] - Statement - PreSaveFile = new java.io.File(((pathPrefix + java.lang.Integer.toString(counter)) + .png)): null

2018-11-22 22:07:46 - [TEST_STEP][PASSED] - Statement - counter = counter + 1: null

2018-11-22 22:07:46 - [TEST_STEP][PASSED] - Statement - PreSaveFile = new java.io.File(((pathPrefix + java.lang.Integer.toString(counter)) + .png)): null

2018-11-22 22:07:46 - [TEST_STEP][PASSED] - Statement - counter = counter + 1: null

2018-11-22 22:07:46 - [TEST_STEP][PASSED] - Statement - PreSaveFile = new java.io.File(((pathPrefix + java.lang.Integer.toString(counter)) + .png)): null

2018-11-22 22:07:46 - [TEST_STEP][PASSED] - Statement - counter = counter + 1: null

2018-11-22 22:07:46 - [TEST_STEP][PASSED] - Statement - PreSaveFile = new java.io.File(((pathPrefix + java.lang.Integer.toString(counter)) + .png)): null

2018-11-22 22:07:46 - [TEST_STEP][PASSED] - Statement - counter = counter + 1: null

2018-11-22 22:07:46 - [TEST_STEP][PASSED] - Statement - PreSaveFile = new java.io.File(((pathPrefix + java.lang.Integer.toString(counter)) + .png)): null

2018-11-22 22:07:46 - [TEST_STEP][PASSED] - Statement - counter = counter + 1: null

2018-11-22 22:07:46 - [TEST_STEP][PASSED] - Statement - PreSaveFile = new java.io.File(((pathPrefix + java.lang.Integer.toString(counter)) + .png)): null

2018-11-22 22:07:46 - [TEST_STEP][PASSED] - Statement - counter = counter + 1: null

2018-11-22 22:07:46 - [TEST_STEP][PASSED] - Statement - PreSaveFile = new java.io.File(((pathPrefix + java.lang.Integer.toString(counter)) + .png)): null

2018-11-22 22:07:46 - [TEST_STEP][PASSED] - Statement - counter = counter + 1: null

2018-11-22 22:07:46 - [TEST_STEP][PASSED] - Statement - PreSaveFile = new java.io.File(((pathPrefix + java.lang.Integer.toString(counter)) + .png)): null

2018-11-22 22:07:46 - [TEST_STEP][PASSED] - Statement - counter = counter + 1: null

2018-11-22 22:07:46 - [TEST_STEP][PASSED] - Statement - PreSaveFile = new java.io.File(((pathPrefix + java.lang.Integer.toString(counter)) + .png)): null

2018-11-22 22:07:46 - [TEST_STEP][PASSED] - Statement - counter = counter + 1: null

2018-11-22 22:07:46 - [TEST_STEP][PASSED] - Statement - PreSaveFile = new java.io.File(((pathPrefix + java.lang.Integer.toString(counter)) + .png)): null

2018-11-22 22:07:46 - [TEST_STEP][PASSED] - Statement - counter = counter + 1: null

2018-11-22 22:07:46 - [TEST_STEP][PASSED] - Statement - PreSaveFile = new java.io.File(((pathPrefix + java.lang.Integer.toString(counter)) + .png)): null

2018-11-22 22:07:46 - [TEST_STEP][PASSED] - Statement - counter = counter + 1: null

2018-11-22 22:07:46 - [TEST_STEP][PASSED] - Statement - PreSaveFile = new java.io.File(((pathPrefix + java.lang.Integer.toString(counter)) + .png)): null

2018-11-22 22:07:46 - [TEST_STEP][PASSED] - Statement - counter = counter + 1: null

2018-11-22 22:07:46 - [TEST_STEP][PASSED] - Statement - PreSaveFile = new java.io.File(((pathPrefix + java.lang.Integer.toString(counter)) + .png)): null

2018-11-22 22:07:46 - [TEST_STEP][PASSED] - Statement - counter = counter + 1: null

2018-11-22 22:07:46 - [TEST_STEP][PASSED] - Statement - PreSaveFile = new java.io.File(((pathPrefix + java.lang.Integer.toString(counter)) + .png)): null

2018-11-22 22:07:46 - [TEST_STEP][PASSED] - Statement - counter = counter + 1: null

2018-11-22 22:07:46 - [TEST_STEP][PASSED] - Statement - PreSaveFile = new java.io.File(((pathPrefix + java.lang.Integer.toString(counter)) + .png)): null

2018-11-22 22:07:46 - [TEST_STEP][PASSED] - Statement - counter = counter + 1: null

2018-11-22 22:07:46 - [TEST_STEP][PASSED] - Statement - PreSaveFile = new java.io.File(((pathPrefix + java.lang.Integer.toString(counter)) + .png)): null

2018-11-22 22:07:46 - [TEST_STEP][PASSED] - Statement - counter = counter + 1: null

2018-11-22 22:07:46 - [TEST_STEP][PASSED] - Statement - PreSaveFile = new java.io.File(((pathPrefix + java.lang.Integer.toString(counter)) + .png)): null

2018-11-22 22:07:46 - [TEST_STEP][PASSED] - Statement - counter = counter + 1: null

2018-11-22 22:07:46 - [TEST_STEP][PASSED] - Statement - PreSaveFile = new java.io.File(((pathPrefix + java.lang.Integer.toString(counter)) + .png)): null

2018-11-22 22:07:46 - [TEST_STEP][PASSED] - Statement - counter = counter + 1: null

2018-11-22 22:07:46 - [TEST_STEP][PASSED] - Statement - PreSaveFile = new java.io.File(((pathPrefix + java.lang.Integer.toString(counter)) + .png)): null

2018-11-22 22:07:46 - [TEST_STEP][PASSED] - Statement - counter = counter + 1: null

2018-11-22 22:07:46 - [TEST_STEP][PASSED] - Statement - PreSaveFile = new java.io.File(((pathPrefix + java.lang.Integer.toString(counter)) + .png)): null

2018-11-22 22:07:46 - [TEST_STEP][PASSED] - Statement - finalPath = pathPrefix + java.lang.Integer.toString(counter) + ".png": null

2018-11-22 22:07:46 - [TEST_STEP][PASSED] - Statement - SaveFile = new java.io.File(finalPath): null

2018-11-22 22:07:46 - [TEST_STEP][PASSED] - Statement - Try: null

2018-11-22 22:07:46 - [TEST_STEP][PASSED] - Statement - org.apache.commons.io.FileUtils.copyFile(scrFile, SaveFile): null

2018-11-22 22:07:46 - [TEST_STEP][PASSED] - Statement - out.println("file kept"): null

2018-11-22 22:07:46 - [TEST_STEP][PASSED] - delay: Delayed 10 second(s)

2018-11-22 22:07:56 - [MESSAGE][PASSED] - Delayed 10 second(s)

2018-11-22 22:07:56 - [MESSAGE][PASSED] - Call Test Case 'Test Cases/Final Aug 2018 - PKS Automation/Registration Module/New Registration/Submit and Screenshot/Submit Registration and Screenshot - Copy' successfully

2018-11-22 22:07:56 - [TEST_STEP][PASSED] - Statement - UpdateAddNewECode = com.kms.katalon.core.webui.keyword.WebUiBuiltInKeywords.getText(com.kms.katalon.core.testobject.ObjectRepository.findTestObject(Object Repository/Final Object Repo/Page_Update Add New Employee - ASSIST/getEmpCode)): Text of object 'Object Repository/Final Object Repo/Page_Update Add New Employee - ASSIST/getEmpCode' is: 'E1102070353F'

2018-11-22 22:07:57 - [MESSAGE][PASSED] - Text of object 'Object Repository/Final Object Repo/Page_Update Add New Employee - ASSIST/getEmpCode' is: 'E1102070353F'

2018-11-22 22:07:57 - [TEST_STEP][PASSED] - callTestCase: Call Test Case 'Test Cases/Final Aug 2018 - PKS Automation/Common/Emp Code Setter' successfully

2018-11-22 22:07:57 - [TEST_CASE][PASSED] - Test Cases/Final Aug 2018 - PKS Automation/Common/Emp Code Setter: Test Cases/Final Aug 2018 - PKS Automation/Common/Emp Code Setter

2018-11-22 22:07:57 - [TEST_STEP][PASSED] - Statement - EmpCodeOld = new java.io.File(C://Users//Admin//Desktop//PKS//Automation Reference Point//EmpCode.txt): null

2018-11-22 22:07:57 - [TEST_STEP][PASSED] - Statement - EmpCodeOld.delete(): null

2018-11-22 22:07:57 - [TEST_STEP][PASSED] - Statement - EmpCode = new java.io.File(C://Users//Admin//Desktop//PKS//Automation Reference Point//EmpCode.txt): null

2018-11-22 22:07:57 - [TEST_STEP][PASSED] - Statement - EmpCode.append(UpdateAddNewECode): null

2018-11-22 22:07:57 - [TEST_STEP][PASSED] - Statement - out.println("


" + UpdateAddNewECode + "


"): null

2018-11-22 22:07:57 - [MESSAGE][PASSED] - Call Test Case 'Test Cases/Final Aug 2018 - PKS Automation/Common/Emp Code Setter' successfully

2018-11-22 22:07:57 - [MESSAGE][PASSED] - Call Test Case 'Test Cases/Final Aug 2018 - PKS Automation/Registration Module/Workflow/Update Add New Employee/Template/New Company for Update Add New' successfully

2018-11-22 22:07:57 - [TEST_STEP][PASSED] - callTestCase: Call Test Case 'Test Cases/Final Aug 2018 - PKS Automation/Registration Module/Log Out/log out avoiding katalon tagging' successfully

2018-11-22 22:07:57 - [TEST_CASE][PASSED] - Test Cases/Final Aug 2018 - PKS Automation/Registration Module/Log Out/log out avoiding katalon tagging: Test Cases/Final Aug 2018 - PKS Automation/Registration Module/Log Out/log out avoiding katalon tagging

2018-11-22 22:07:57 - [TEST_STEP][PASSED] - navigateToUrl: Navigate to 'https://assist2-uat.perkeso.gov.my/c/portal/logout' successfully

2018-11-22 22:07:58 - [MESSAGE][PASSED] - Navigate to 'https://assist2-uat.perkeso.gov.my/c/portal/logout' successfully

2018-11-22 22:07:58 - [MESSAGE][PASSED] - Call Test Case 'Test Cases/Final Aug 2018 - PKS Automation/Registration Module/Log Out/log out avoiding katalon tagging' successfully

2018-11-22 22:07:58 - [TEST_STEP][PASSED] - callTestCase: Call Test Case 'Test Cases/Final Aug 2018 - PKS Automation/Registration Module/New Registration/Form 2/Date Updater' successfully

2018-11-22 22:07:58 - [TEST_CASE][PASSED] - Test Cases/Final Aug 2018 - PKS Automation/Registration Module/New Registration/Form 2/Date Updater: Test Cases/Final Aug 2018 - PKS Automation/Registration Module/New Registration/Form 2/Date Updater

2018-11-22 22:07:58 - [TEST_STEP][PASSED] - Statement - TodayDate = new java.util.Date(): null

2018-11-22 22:07:58 - [TEST_STEP][PASSED] - Statement - CurrentDateNoFilter = new java.text.SimpleDateFormat(): null

2018-11-22 22:07:58 - [TEST_STEP][PASSED] - Statement - CurrentDateNoFilter.applyPattern("dd"): null

2018-11-22 22:07:58 - [TEST_STEP][PASSED] - Statement - CurrentDate = CurrentDateNoFilter.format(TodayDate): null

2018-11-22 22:07:58 - [TEST_STEP][PASSED] - Statement - CurrentDate = java.lang.Integer.parseInt(CurrentDate): null

2018-11-22 22:07:58 - [TEST_STEP][PASSED] - Statement - CurrentDate = CurrentDate: null

2018-11-22 22:07:58 - [TEST_STEP][PASSED] - Statement - CurrentDay = java.lang.Integer.parseInt(CurrentDate): null

2018-11-22 22:07:58 - [TEST_STEP][PASSED] - Statement - aDayBefore = CurrentDay + 1: null

2018-11-22 22:07:58 - [TEST_STEP][PASSED] - Statement - DayBefore = aDayBefore.toString(): null

2018-11-22 22:07:58 - [TEST_STEP][PASSED] - Statement - OneDayBefore = DayBefore: null

2018-11-22 22:07:58 - [TEST_STEP][PASSED] - Statement - CurrentDateNoFilter.applyPattern("MM"): null

2018-11-22 22:07:58 - [TEST_STEP][PASSED] - Statement - monthContainerMatcher = java.lang.Integer.parseInt(CurrentDateNoFilter.format(TodayDate)): null

2018-11-22 22:07:58 - [TEST_STEP][PASSED] - Statement - monthContainerMatcher = monthContainerMatcher - 1: null

2018-11-22 22:07:58 - [TEST_STEP][PASSED] - Statement - CurrentMonth = monthContainerMatcher.toString(): null

2018-11-22 22:07:58 - [TEST_STEP][PASSED] - Statement - CurrentMonth = CurrentMonth: null

2018-11-22 22:07:58 - [TEST_STEP][PASSED] - Statement - CurrentDateNoFilter.applyPattern("yyyy"): null

2018-11-22 22:07:58 - [TEST_STEP][PASSED] - Statement - CurrentYear = CurrentDateNoFilter.format(TodayDate): null

2018-11-22 22:07:58 - [TEST_STEP][PASSED] - Statement - CurrentYear = CurrentYear: null

2018-11-22 22:07:58 - [TEST_STEP][PASSED] - Statement - intCurrentYear = java.lang.Integer.parseInt(CurrentDateNoFilter.format(TodayDate)): null

2018-11-22 22:07:58 - [TEST_STEP][PASSED] - Statement - eighteenYrsAgo = intCurrentYear - 18: null

2018-11-22 22:07:58 - [TEST_STEP][PASSED] - Statement - eighteenYrsBeforeThisYr = eighteenYrsAgo.toString(): null

2018-11-22 22:07:58 - [TEST_STEP][PASSED] - Statement - EighteenYrsBefore = eighteenYrsBeforeThisYr: null

2018-11-22 22:07:58 - [TEST_STEP][PASSED] - Statement - fiftysevenYrsAgo = intCurrentYear - 57: null

2018-11-22 22:07:58 - [TEST_STEP][PASSED] - Statement - fiftysevenYrsBeforeThisYr = fiftysevenYrsAgo.toString(): null

2018-11-22 22:07:58 - [TEST_STEP][PASSED] - Statement - FiftysevenYrsBefore = fiftysevenYrsBeforeThisYr: null

2018-11-22 22:07:58 - [MESSAGE][PASSED] - Call Test Case 'Test Cases/Final Aug 2018 - PKS Automation/Registration Module/New Registration/Form 2/Date Updater' successfully

2018-11-22 22:07:58 - [TEST_STEP][PASSED] - delay: Delayed 2 second(s)

2018-11-22 22:08:00 - [MESSAGE][PASSED] - Delayed 2 second(s)

2018-11-22 22:08:00 - [TEST_STEP][PASSED] - setText: Text 'klotc2@gmail.com' is set on object 'Object Repository/Final Object Repo/Page_Update Add New Employee - ASSIST/Email TextBox'

2018-11-22 22:08:00 - [MESSAGE][PASSED] - Text 'klotc2@gmail.com' is set on object 'Object Repository/Final Object Repo/Page_Update Add New Employee - ASSIST/Email TextBox'

2018-11-22 22:08:00 - [TEST_STEP][PASSED] - click: Object: 'Object Repository/Final Object Repo/Page_Update Add New Employee - ASSIST/Next Button' is clicked on

2018-11-22 22:08:00 - [MESSAGE][PASSED] - Object: 'Object Repository/Final Object Repo/Page_Update Add New Employee - ASSIST/Next Button' is clicked on

2018-11-22 22:08:00 - [TEST_STEP][PASSED] - delay: Delayed 2 second(s)

2018-11-22 22:08:02 - [MESSAGE][PASSED] - Delayed 2 second(s)

2018-11-22 22:08:02 - [TEST_STEP][PASSED] - setText: Text 'Test1@3456789' is set on object 'Object Repository/Final Object Repo/Page_Update Add New Employee - ASSIST/Password TextBox'

2018-11-22 22:08:03 - [MESSAGE][PASSED] - Text 'Test1@3456789' is set on object 'Object Repository/Final Object Repo/Page_Update Add New Employee - ASSIST/Password TextBox'

2018-11-22 22:08:03 - [TEST_STEP][PASSED] - delay: Delayed 2 second(s)

2018-11-22 22:08:05 - [MESSAGE][PASSED] - Delayed 2 second(s)

2018-11-22 22:08:05 - [TEST_STEP][PASSED] - click: Object: 'Object Repository/Final Object Repo/Page_Update Add New Employee - ASSIST/Login Button' is clicked on

2018-11-22 22:08:05 - [MESSAGE][PASSED] - Object: 'Object Repository/Final Object Repo/Page_Update Add New Employee - ASSIST/Login Button' is clicked on

2018-11-22 22:08:05 - [TEST_STEP][PASSED] - delay: Delayed 4 second(s)

2018-11-22 22:08:09 - [MESSAGE][PASSED] - Delayed 4 second(s)

2018-11-22 22:08:09 - [TEST_STEP][PASSED] - Statement - Try: Delayed 2 second(s)

2018-11-22 22:08:09 - [TEST_STEP][PASSED] - Statement - Checker = false: null

2018-11-22 22:08:09 - [TEST_STEP][PASSED] - Statement - Checker = com.kms.katalon.core.webui.keyword.WebUiBuiltInKeywords.verifyElementHasAttribute(com.kms.katalon.core.testobject.ObjectRepository.findTestObject(Final Object Repo/Landing Page/BM Detecting), "href", 20, OPTIONAL): Object 'Object Repository/Final Object Repo/Landing Page/BM Detecting' has attribute 'href'

2018-11-22 22:08:09 - [MESSAGE][PASSED] - Object 'Object Repository/Final Object Repo/Landing Page/BM Detecting' has attribute 'href'

2018-11-22 22:08:09 - [TEST_STEP][PASSED] - Statement - out.println(Checker): null

2018-11-22 22:08:09 - [TEST_STEP][PASSED] - Statement - If (Checker == false): null

2018-11-22 22:08:09 - [TEST_STEP][PASSED] - Statement - Else: null

2018-11-22 22:08:09 - [TEST_STEP][PASSED] - delay: Delayed 2 second(s)

2018-11-22 22:08:11 - [MESSAGE][PASSED] - Delayed 2 second(s)

2018-11-22 22:08:11 - [TEST_STEP][PASSED] - delay: Delayed 4 second(s)

2018-11-22 22:08:15 - [MESSAGE][PASSED] - Delayed 4 second(s)

2018-11-22 22:08:15 - [TEST_STEP][PASSED] - click: Object: 'Object Repository/Final Object Repo/Page_Update Add New Employee - ASSIST/My Sites Drop Down' is clicked on

2018-11-22 22:08:15 - [MESSAGE][PASSED] - Object: 'Object Repository/Final Object Repo/Page_Update Add New Employee - ASSIST/My Sites Drop Down' is clicked on

2018-11-22 22:08:15 - [TEST_STEP][PASSED] - click: Object: 'Object Repository/Final Object Repo/Page_Update Add New Employee - ASSIST/Select to Registration Module' is clicked on

2018-11-22 22:08:16 - [MESSAGE][PASSED] - Object: 'Object Repository/Final Object Repo/Page_Update Add New Employee - ASSIST/Select to Registration Module' is clicked on

2018-11-22 22:08:16 - [TEST_STEP][PASSED] - navigateToUrl: Navigate to 'https://assist2-uat.perkeso.gov.my/web/registration/myassist' successfully

2018-11-22 22:08:16 - [MESSAGE][PASSED] - Navigate to 'https://assist2-uat.perkeso.gov.my/web/registration/myassist' successfully

2018-11-22 22:08:16 - [TEST_STEP][PASSED] - mouseOver: Object: 'Object Repository/Final Object Repo/Page_Update Add New Employee - ASSIST/Select to Update Akta 4 Tab' is hovered

2018-11-22 22:08:16 - [MESSAGE][PASSED] - Object: 'Object Repository/Final Object Repo/Page_Update Add New Employee - ASSIST/Select to Update Akta 4 Tab' is hovered

2018-11-22 22:08:16 - [TEST_STEP][PASSED] - delay: Delayed 2 second(s)

2018-11-22 22:08:18 - [MESSAGE][PASSED] - Delayed 2 second(s)

2018-11-22 22:08:18 - [TEST_STEP][PASSED] - click: Object: 'Object Repository/Final Object Repo/Page_Update Add New Employee - ASSIST/Select to Update Add New Employee' is clicked on

2018-11-22 22:08:19 - [MESSAGE][PASSED] - Object: 'Object Repository/Final Object Repo/Page_Update Add New Employee - ASSIST/Select to Update Add New Employee' is clicked on

2018-11-22 22:08:19 - [TEST_STEP][PASSED] - delay: Delayed 2 second(s)

2018-11-22 22:08:21 - [MESSAGE][PASSED] - Delayed 2 second(s)

2018-11-22 22:08:21 - [TEST_STEP][PASSED] - setText: Text 'E1102070353F' is set on object 'Object Repository/Final Object Repo/Page_Update Add New Employee - ASSIST/Employer Code input textbox'

2018-11-22 22:08:22 - [MESSAGE][PASSED] - Text 'E1102070353F' is set on object 'Object Repository/Final Object Repo/Page_Update Add New Employee - ASSIST/Employer Code input textbox'

2018-11-22 22:08:22 - [TEST_STEP][PASSED] - delay: Delayed 2 second(s)

2018-11-22 22:08:24 - [MESSAGE][PASSED] - Delayed 2 second(s)

2018-11-22 22:08:24 - [TEST_STEP][PASSED] - click: Object: 'Object Repository/Final Object Repo/Page_Update Add New Employee - ASSIST/Search Button for Employer Code' is clicked on

2018-11-22 22:08:24 - [MESSAGE][PASSED] - Object: 'Object Repository/Final Object Repo/Page_Update Add New Employee - ASSIST/Search Button for Employer Code' is clicked on

2018-11-22 22:08:24 - [TEST_STEP][PASSED] - delay: Delayed 4 second(s)

2018-11-22 22:08:28 - [MESSAGE][PASSED] - Delayed 4 second(s)

2018-11-22 22:08:28 - [TEST_STEP][PASSED] - click: Object: 'Object Repository/Final Object Repo/Page_Update Add New Employee - ASSIST/Click to Edit Case' is clicked on

2018-11-22 22:08:30 - [MESSAGE][PASSED] - Object: 'Object Repository/Final Object Repo/Page_Update Add New Employee - ASSIST/Click to Edit Case' is clicked on

2018-11-22 22:08:30 - [TEST_STEP][PASSED] - callTestCase: Call Test Case 'Test Cases/Final Aug 2018 - PKS Automation/Registration Module/Workflow/Update Add New Employee/Template/Employee Adding/Employee Set Decider' successfully

2018-11-22 22:08:30 - [TEST_CASE][PASSED] - Test Cases/Final Aug 2018 - PKS Automation/Registration Module/Workflow/Update Add New Employee/Template/Employee Adding/Employee Set Decider: Test Cases/Final Aug 2018 - PKS Automation/Registration Module/Workflow/Update Add New Employee/Template/Employee Adding/Employee Set Decider

2018-11-22 22:08:31 - [TEST_STEP][PASSED] - delay: Delayed 4 second(s)

2018-11-22 22:08:35 - [MESSAGE][PASSED] - Delayed 4 second(s)

2018-11-22 22:08:35 - [TEST_STEP][PASSED] - click: Object: 'Object Repository/Final Object Repo/Page_Update Add New Employee - ASSIST/Add Employee Button' is clicked on

2018-11-22 22:08:35 - [MESSAGE][PASSED] - Object: 'Object Repository/Final Object Repo/Page_Update Add New Employee - ASSIST/Add Employee Button' is clicked on

2018-11-22 22:08:35 - [TEST_STEP][PASSED] - delay: Delayed 3 second(s)

2018-11-22 22:08:38 - [MESSAGE][PASSED] - Delayed 3 second(s)

2018-11-22 22:08:38 - [TEST_STEP][PASSED] - setText: Text '010903091920' is set on object 'Object Repository/Final Object Repo/Page_Update Add New Employee - ASSIST/NRIC Input'

2018-11-22 22:08:38 - [MESSAGE][PASSED] - Text '010903091920' is set on object 'Object Repository/Final Object Repo/Page_Update Add New Employee - ASSIST/NRIC Input'

2018-11-22 22:08:38 - [TEST_STEP][PASSED] - click: Object: 'Object Repository/Final Object Repo/Page_Update Add New Employee - ASSIST/button for search for IC' is clicked on

2018-11-22 22:08:38 - [MESSAGE][PASSED] - Object: 'Object Repository/Final Object Repo/Page_Update Add New Employee - ASSIST/button for search for IC' is clicked on

2018-11-22 22:08:38 - [TEST_STEP][PASSED] - delay: Delayed 2 second(s)

2018-11-22 22:08:40 - [MESSAGE][PASSED] - Delayed 2 second(s)

2018-11-22 22:08:40 - [TEST_STEP][PASSED] - sendKeys: Keys 'CONTROL + a' sent to object: 'Object Repository/Final Object Repo/Page_Update Add New Employee - ASSIST/Employee Name Input'

2018-11-22 22:08:40 - [MESSAGE][PASSED] - Keys 'CONTROL + a' sent to object: 'Object Repository/Final Object Repo/Page_Update Add New Employee - ASSIST/Employee Name Input'

2018-11-22 22:08:40 - [TEST_STEP][PASSED] - sendKeys: Keys 'CONTROL + c' sent to object: 'Object Repository/Final Object Repo/Page_Update Add New Employee - ASSIST/Employee Name Input'

2018-11-22 22:08:41 - [MESSAGE][PASSED] - Keys 'CONTROL + c' sent to object: 'Object Repository/Final Object Repo/Page_Update Add New Employee - ASSIST/Employee Name Input'

2018-11-22 22:08:41 - [TEST_STEP][PASSED] - Statement - toolkit = java.awt.Toolkit.getDefaultToolkit(): null

2018-11-22 22:08:41 - [TEST_STEP][PASSED] - Statement - clipboard = toolkit.getSystemClipboard(): null

2018-11-22 22:08:41 - [TEST_STEP][PASSED] - Statement - CurrentName = clipboard.getData(stringFlavor): null

2018-11-22 22:08:41 - [TEST_STEP][PASSED] - Statement - out.println("String from Clipboard:" + CurrentName): null

2018-11-22 22:08:41 - [TEST_STEP][PASSED] - Statement - If (CurrentName == "AUTOMATE002 ELIGIBLE 1"): null

2018-11-22 22:08:41 - [TEST_STEP][PASSED] - Statement - Else If (CurrentName == "AUTOMATE003 ELIGIBLE 1"): Call Test Case 'Test Cases/Final Aug 2018 - PKS Automation/Registration Module/Workflow/Update Add New Employee/Template/Employee Adding/Employee Adding Action Repeat IC - set 2' successfully

2018-11-22 22:08:41 - [TEST_STEP][PASSED] - callTestCase: Call Test Case 'Test Cases/Final Aug 2018 - PKS Automation/Registration Module/Workflow/Update Add New Employee/Template/Employee Adding/Employee Adding Action Repeat IC - set 2' successfully

2018-11-22 22:08:41 - [TEST_CASE][PASSED] - Test Cases/Final Aug 2018 - PKS Automation/Registration Module/Workflow/Update Add New Employee/Template/Employee Adding/Employee Adding Action Repeat IC - set 2: Test Cases/Final Aug 2018 - PKS Automation/Registration Module/Workflow/Update Add New Employee/Template/Employee Adding/Employee Adding Action Repeat IC - set 2

2018-11-22 22:08:41 - [TEST_STEP][PASSED] - setText: Text 'Automate002 eligible 1' is set on object 'Object Repository/Final Object Repo/Page_Update Add New Employee - ASSIST/Employee Name Input'

2018-11-22 22:08:42 - [MESSAGE][PASSED] - Text 'Automate002 eligible 1' is set on object 'Object Repository/Final Object Repo/Page_Update Add New Employee - ASSIST/Employee Name Input'

2018-11-22 22:08:42 - [TEST_STEP][PASSED] - delay: Delayed 2 second(s)

2018-11-22 22:08:44 - [MESSAGE][PASSED] - Delayed 2 second(s)

2018-11-22 22:08:44 - [TEST_STEP][PASSED] - click: Object: 'Object Repository/Final Object Repo/Page_Update Add New Employee - ASSIST/DatePicker Pop Up' is clicked on

2018-11-22 22:08:44 - [MESSAGE][PASSED] - Object: 'Object Repository/Final Object Repo/Page_Update Add New Employee - ASSIST/DatePicker Pop Up' is clicked on

2018-11-22 22:08:44 - [TEST_STEP][PASSED] - click: Object: 'Object Repository/Final Object Repo/Page_Update Add New Employee - ASSIST/DOB Month' is clicked on

2018-11-22 22:08:44 - [MESSAGE][PASSED] - Object: 'Object Repository/Final Object Repo/Page_Update Add New Employee - ASSIST/DOB Month' is clicked on

2018-11-22 22:08:44 - [TEST_STEP][PASSED] - Statement - CurrentMonth = CurrentMonth: null

2018-11-22 22:08:44 - [TEST_STEP][PASSED] - Statement - selectMonth = new com.kms.katalon.core.testobject.TestObject(): null

2018-11-22 22:08:44 - [TEST_STEP][PASSED] - Statement - selectMonth.addProperty("xpath", EQUALS, "//body/div/div/div/select/option[@value='" + CurrentMonth + "']", true): null

2018-11-22 22:08:44 - [TEST_STEP][PASSED] - click: Object: '' is clicked on

2018-11-22 22:08:44 - [MESSAGE][PASSED] - Object: '' is clicked on

2018-11-22 22:08:44 - [TEST_STEP][PASSED] - click: Object: 'Object Repository/Final Object Repo/Page_Update Add New Employee - ASSIST/DOB Year' is clicked on

2018-11-22 22:08:44 - [MESSAGE][PASSED] - Object: 'Object Repository/Final Object Repo/Page_Update Add New Employee - ASSIST/DOB Year' is clicked on

2018-11-22 22:08:44 - [TEST_STEP][PASSED] - Statement - Eyearsbf = EighteenYrsBefore: null

2018-11-22 22:08:44 - [TEST_STEP][PASSED] - Statement - selectYear = new com.kms.katalon.core.testobject.TestObject(): null

2018-11-22 22:08:44 - [TEST_STEP][PASSED] - Statement - selectYear.addProperty("xpath", EQUALS, "//div/div/div/select/option[@value='" + Eyearsbf + "']", true): null

2018-11-22 22:08:44 - [TEST_STEP][PASSED] - click: Object: '' is clicked on

2018-11-22 22:08:45 - [MESSAGE][PASSED] - Object: '' is clicked on

2018-11-22 22:08:45 - [TEST_STEP][PASSED] - Statement - UpdatedSelectDate = com.kms.katalon.core.webui.keyword.WebUiBuiltInKeywords.modifyObjectProperty(com.kms.katalon.core.testobject.ObjectRepository.findTestObject(Final Object Repo/Page_Update Add New Employee - ASSIST/DOB Date), "xpath", "equals", "//body/div/table/tbody/tr/td/a[text()="" + CurrentDate + ""]", true): Modify property of object successfully

2018-11-22 22:08:45 - [MESSAGE][PASSED] - Modify property of object successfully

2018-11-22 22:08:45 - [TEST_STEP][PASSED] - delay: Delayed 3 second(s)

2018-11-22 22:08:48 - [MESSAGE][PASSED] - Delayed 3 second(s)

2018-11-22 22:08:48 - [TEST_STEP][PASSED] - click: Object: 'Object Repository/Final Object Repo/Page_Update Add New Employee - ASSIST/DOB Date' is clicked on

2018-11-22 22:08:48 - [MESSAGE][PASSED] - Object: 'Object Repository/Final Object Repo/Page_Update Add New Employee - ASSIST/DOB Date' is clicked on

2018-11-22 22:08:48 - [TEST_STEP][PASSED] - delay: Delayed 2 second(s)

2018-11-22 22:08:50 - [MESSAGE][PASSED] - Delayed 2 second(s)

2018-11-22 22:08:50 - [TEST_STEP][PASSED] - click: Object: 'Object Repository/Final Object Repo/Page_Update Add New Employee - ASSIST/EmploymentStartDate Pop Up' is clicked on

2018-11-22 22:08:50 - [MESSAGE][PASSED] - Object: 'Object Repository/Final Object Repo/Page_Update Add New Employee - ASSIST/EmploymentStartDate Pop Up' is clicked on

2018-11-22 22:08:50 - [TEST_STEP][PASSED] - delay: Delayed 2 second(s)

2018-11-22 22:08:52 - [MESSAGE][PASSED] - Delayed 2 second(s)

2018-11-22 22:08:52 - [TEST_STEP][PASSED] - click: Object: 'Object Repository/Final Object Repo/Page_Update Add New Employee - ASSIST/Socso Employment StartDate Month' is clicked on

2018-11-22 22:08:52 - [MESSAGE][PASSED] - Object: 'Object Repository/Final Object Repo/Page_Update Add New Employee - ASSIST/Socso Employment StartDate Month' is clicked on

2018-11-22 22:08:52 - [TEST_STEP][PASSED] - delay: Delayed 1 second(s)

2018-11-22 22:08:53 - [MESSAGE][PASSED] - Delayed 1 second(s)

2018-11-22 22:08:53 - [TEST_STEP][PASSED] - click: Object: 'Object Repository/Final Object Repo/Page_Update Add New Employee - ASSIST/Select Socso Employement Startdate Month' is clicked on

2018-11-22 22:08:53 - [MESSAGE][PASSED] - Object: 'Object Repository/Final Object Repo/Page_Update Add New Employee - ASSIST/Select Socso Employement Startdate Month' is clicked on

2018-11-22 22:08:53 - [TEST_STEP][PASSED] - delay: Delayed 2 second(s)

2018-11-22 22:08:55 - [MESSAGE][PASSED] - Delayed 2 second(s)

2018-11-22 22:08:55 - [TEST_STEP][PASSED] - click: Object: 'Object Repository/Final Object Repo/Page_Update Add New Employee - ASSIST/Socso Employment StartDate Year' is clicked on

2018-11-22 22:08:55 - [MESSAGE][PASSED] - Object: 'Object Repository/Final Object Repo/Page_Update Add New Employee - ASSIST/Socso Employment StartDate Year' is clicked on

2018-11-22 22:08:55 - [TEST_STEP][PASSED] - delay: Delayed 1 second(s)

2018-11-22 22:08:56 - [MESSAGE][PASSED] - Delayed 1 second(s)

2018-11-22 22:08:56 - [TEST_STEP][PASSED] - click: Object: 'Object Repository/Final Object Repo/Page_Update Add New Employee - ASSIST/Select Socso Employment Startdate Year' is clicked on

2018-11-22 22:08:57 - [MESSAGE][PASSED] - Object: 'Object Repository/Final Object Repo/Page_Update Add New Employee - ASSIST/Select Socso Employment Startdate Year' is clicked on

2018-11-22 22:08:57 - [TEST_STEP][PASSED] - delay: Delayed 2 second(s)

2018-11-22 22:08:59 - [MESSAGE][PASSED] - Delayed 2 second(s)

2018-11-22 22:08:59 - [TEST_STEP][PASSED] - click: Object: 'Object Repository/Final Object Repo/Page_Update Add New Employee - ASSIST/Socso Employment Start Date Day' is clicked on

2018-11-22 22:08:59 - [MESSAGE][PASSED] - Object: 'Object Repository/Final Object Repo/Page_Update Add New Employee - ASSIST/Socso Employment Start Date Day' is clicked on

2018-11-22 22:08:59 - [TEST_STEP][PASSED] - delay: Delayed 2 second(s)

2018-11-22 22:09:01 - [MESSAGE][PASSED] - Delayed 2 second(s)

2018-11-22 22:09:01 - [TEST_STEP][PASSED] - click: Object: 'Object Repository/Final Object Repo/Page_Update Add New Employee - ASSIST/Save Button for Add Employee' is clicked on

2018-11-22 22:09:01 - [MESSAGE][PASSED] - Object: 'Object Repository/Final Object Repo/Page_Update Add New Employee - ASSIST/Save Button for Add Employee' is clicked on

2018-11-22 22:09:01 - [TEST_STEP][PASSED] - delay: Delayed 10 second(s)

2018-11-22 22:09:11 - [MESSAGE][PASSED] - Delayed 10 second(s)

2018-11-22 22:09:11 - [TEST_STEP][PASSED] - click: Object: 'Object Repository/Final Object Repo/Page_Update Add New Employee - ASSIST/Add Employee Button' is clicked on

2018-11-22 22:09:11 - [MESSAGE][PASSED] - Object: 'Object Repository/Final Object Repo/Page_Update Add New Employee - ASSIST/Add Employee Button' is clicked on

2018-11-22 22:09:11 - [TEST_STEP][PASSED] - delay: Delayed 6 second(s)

2018-11-22 22:09:17 - [MESSAGE][PASSED] - Delayed 6 second(s)

2018-11-22 22:09:17 - [TEST_STEP][PASSED] - setText: Text '620904059600' is set on object 'Object Repository/Final Object Repo/Page_Update Add New Employee - ASSIST/NRIC Input'

2018-11-22 22:09:18 - [MESSAGE][PASSED] - Text '620904059600' is set on object 'Object Repository/Final Object Repo/Page_Update Add New Employee - ASSIST/NRIC Input'

2018-11-22 22:09:18 - [TEST_STEP][PASSED] - click: Object: 'Object Repository/Final Object Repo/Page_Update Add New Employee - ASSIST/button for search for IC' is clicked on

2018-11-22 22:09:18 - [MESSAGE][PASSED] - Object: 'Object Repository/Final Object Repo/Page_Update Add New Employee - ASSIST/button for search for IC' is clicked on

2018-11-22 22:09:18 - [TEST_STEP][PASSED] - delay: Delayed 2 second(s)

2018-11-22 22:09:20 - [MESSAGE][PASSED] - Delayed 2 second(s)

2018-11-22 22:09:20 - [TEST_STEP][PASSED] - setText: Text 'Automate002 eligible 2' is set on object 'Object Repository/Final Object Repo/Page_Update Add New Employee - ASSIST/Employee Name Input'

2018-11-22 22:09:20 - [MESSAGE][PASSED] - Text 'Automate002 eligible 2' is set on object 'Object Repository/Final Object Repo/Page_Update Add New Employee - ASSIST/Employee Name Input'

2018-11-22 22:09:20 - [TEST_STEP][PASSED] - delay: Delayed 2 second(s)

2018-11-22 22:09:22 - [MESSAGE][PASSED] - Delayed 2 second(s)

2018-11-22 22:09:22 - [TEST_STEP][PASSED] - click: Object: 'Object Repository/Final Object Repo/Page_Update Add New Employee - ASSIST/DatePicker Pop Up' is clicked on

2018-11-22 22:09:22 - [MESSAGE][PASSED] - Object: 'Object Repository/Final Object Repo/Page_Update Add New Employee - ASSIST/DatePicker Pop Up' is clicked on

2018-11-22 22:09:22 - [TEST_STEP][PASSED] - delay: Delayed 2 second(s)

2018-11-22 22:09:24 - [MESSAGE][PASSED] - Delayed 2 second(s)

2018-11-22 22:09:24 - [TEST_STEP][PASSED] - click: Object: 'Object Repository/Final Object Repo/Page_Update Add New Employee - ASSIST/DOB Month' is clicked on

2018-11-22 22:09:25 - [MESSAGE][PASSED] - Object: 'Object Repository/Final Object Repo/Page_Update Add New Employee - ASSIST/DOB Month' is clicked on

2018-11-22 22:09:25 - [TEST_STEP][PASSED] - Statement - selectMonth = com.kms.katalon.core.webui.keyword.WebUiBuiltInKeywords.modifyObjectProperty(selectMonth, "xpath", "equals", "//body/div/div/div/select/option[@value="" + CurrentMonth + ""]", true): Modify property of object successfully

2018-11-22 22:09:25 - [MESSAGE][PASSED] - Modify property of object successfully

2018-11-22 22:09:25 - [TEST_STEP][PASSED] - click: Object: '' is clicked on

2018-11-22 22:09:25 - [MESSAGE][PASSED] - Object: '' is clicked on

2018-11-22 22:09:25 - [TEST_STEP][PASSED] - click: Object: 'Object Repository/Final Object Repo/Page_Update Add New Employee - ASSIST/DOB Year' is clicked on

2018-11-22 22:09:25 - [MESSAGE][PASSED] - Object: 'Object Repository/Final Object Repo/Page_Update Add New Employee - ASSIST/DOB Year' is clicked on

2018-11-22 22:09:25 - [TEST_STEP][PASSED] - Statement - selectYear = com.kms.katalon.core.webui.keyword.WebUiBuiltInKeywords.modifyObjectProperty(selectYear, "xpath", "equals", "//div/div/div/select/option[@value="" + FiftysevenYrsBefore + ""]", true): Modify property of object successfully

2018-11-22 22:09:25 - [MESSAGE][PASSED] - Modify property of object successfully

2018-11-22 22:09:25 - [TEST_STEP][PASSED] - click: Object: '' is clicked on

2018-11-22 22:09:25 - [MESSAGE][PASSED] - Object: '' is clicked on

2018-11-22 22:09:25 - [TEST_STEP][PASSED] - Statement - UpdatedSelectDate = com.kms.katalon.core.webui.keyword.WebUiBuiltInKeywords.modifyObjectProperty(com.kms.katalon.core.testobject.ObjectRepository.findTestObject(Final Object Repo/Page_Update Add New Employee - ASSIST/DOB Date), "xpath", "equals", "//body/div/table/tbody/tr/td/a[text()="" + OneDayBefore + ""]", true): Modify property of object successfully

2018-11-22 22:09:25 - [MESSAGE][PASSED] - Modify property of object successfully

2018-11-22 22:09:25 - [TEST_STEP][PASSED] - click: Object: 'Object Repository/Final Object Repo/Page_Update Add New Employee - ASSIST/DOB Date' is clicked on

2018-11-22 22:09:25 - [MESSAGE][PASSED] - Object: 'Object Repository/Final Object Repo/Page_Update Add New Employee - ASSIST/DOB Date' is clicked on

2018-11-22 22:09:25 - [TEST_STEP][PASSED] - delay: Delayed 2 second(s)

2018-11-22 22:09:27 - [MESSAGE][PASSED] - Delayed 2 second(s)

2018-11-22 22:09:27 - [TEST_STEP][PASSED] - click: Object: 'Object Repository/Final Object Repo/Page_Update Add New Employee - ASSIST/EmploymentStartDate Pop Up' is clicked on

2018-11-22 22:09:27 - [MESSAGE][PASSED] - Object: 'Object Repository/Final Object Repo/Page_Update Add New Employee - ASSIST/EmploymentStartDate Pop Up' is clicked on

2018-11-22 22:09:27 - [TEST_STEP][PASSED] - delay: Delayed 2 second(s)

2018-11-22 22:09:30 - [MESSAGE][PASSED] - Delayed 2 second(s)

2018-11-22 22:09:30 - [TEST_STEP][PASSED] - click: Object: 'Object Repository/Final Object Repo/Page_Update Add New Employee - ASSIST/Socso Employment StartDate Month' is clicked on

2018-11-22 22:09:30 - [MESSAGE][PASSED] - Object: 'Object Repository/Final Object Repo/Page_Update Add New Employee - ASSIST/Socso Employment StartDate Month' is clicked on

2018-11-22 22:09:30 - [TEST_STEP][PASSED] - delay: Delayed 1 second(s)

2018-11-22 22:09:31 - [MESSAGE][PASSED] - Delayed 1 second(s)

2018-11-22 22:09:31 - [TEST_STEP][PASSED] - click: Object: 'Object Repository/Final Object Repo/Page_Update Add New Employee - ASSIST/Select Socso Employement Startdate Month' is clicked on

2018-11-22 22:09:31 - [MESSAGE][PASSED] - Object: 'Object Repository/Final Object Repo/Page_Update Add New Employee - ASSIST/Select Socso Employement Startdate Month' is clicked on

2018-11-22 22:09:31 - [TEST_STEP][PASSED] - delay: Delayed 2 second(s)

2018-11-22 22:09:33 - [MESSAGE][PASSED] - Delayed 2 second(s)

2018-11-22 22:09:33 - [TEST_STEP][PASSED] - click: Object: 'Object Repository/Final Object Repo/Page_Update Add New Employee - ASSIST/Socso Employment StartDate Year' is clicked on

2018-11-22 22:09:33 - [MESSAGE][PASSED] - Object: 'Object Repository/Final Object Repo/Page_Update Add New Employee - ASSIST/Socso Employment StartDate Year' is clicked on

2018-11-22 22:09:33 - [TEST_STEP][PASSED] - delay: Delayed 1 second(s)

2018-11-22 22:09:34 - [MESSAGE][PASSED] - Delayed 1 second(s)

2018-11-22 22:09:34 - [TEST_STEP][PASSED] - click: Object: 'Object Repository/Final Object Repo/Page_Update Add New Employee - ASSIST/Select Socso Employment Startdate Year' is clicked on

2018-11-22 22:09:34 - [MESSAGE][PASSED] - Object: 'Object Repository/Final Object Repo/Page_Update Add New Employee - ASSIST/Select Socso Employment Startdate Year' is clicked on

2018-11-22 22:09:34 - [TEST_STEP][PASSED] - delay: Delayed 2 second(s)

2018-11-22 22:09:36 - [MESSAGE][PASSED] - Delayed 2 second(s)

2018-11-22 22:09:36 - [TEST_STEP][PASSED] - click: Object: 'Object Repository/Final Object Repo/Page_Update Add New Employee - ASSIST/Socso Employment Start Date Day' is clicked on

2018-11-22 22:09:36 - [MESSAGE][PASSED] - Object: 'Object Repository/Final Object Repo/Page_Update Add New Employee - ASSIST/Socso Employment Start Date Day' is clicked on

2018-11-22 22:09:36 - [TEST_STEP][PASSED] - delay: Delayed 2 second(s)

2018-11-22 22:09:38 - [MESSAGE][PASSED] - Delayed 2 second(s)

2018-11-22 22:09:38 - [TEST_STEP][PASSED] - click: Object: 'Object Repository/Final Object Repo/Page_Update Add New Employee - ASSIST/Save Button for Add Employee' is clicked on

2018-11-22 22:09:39 - [MESSAGE][PASSED] - Object: 'Object Repository/Final Object Repo/Page_Update Add New Employee - ASSIST/Save Button for Add Employee' is clicked on

2018-11-22 22:09:39 - [TEST_STEP][PASSED] - delay: Delayed 5 second(s)

2018-11-22 22:09:44 - [MESSAGE][PASSED] - Delayed 5 second(s)

2018-11-22 22:09:44 - [TEST_STEP][PASSED] - waitForElementClickable: Object 'Object Repository/Final Object Repo/Page_Update Add New Employee - ASSIST/Add Employee Button' is clickable

2018-11-22 22:09:44 - [MESSAGE][PASSED] - Object 'Object Repository/Final Object Repo/Page_Update Add New Employee - ASSIST/Add Employee Button' is clickable

2018-11-22 22:09:44 - [TEST_STEP][PASSED] - click: Object: 'Object Repository/Final Object Repo/Page_Update Add New Employee - ASSIST/Add Employee Button' is clicked on

2018-11-22 22:09:44 - [MESSAGE][PASSED] - Object: 'Object Repository/Final Object Repo/Page_Update Add New Employee - ASSIST/Add Employee Button' is clicked on

2018-11-22 22:09:44 - [TEST_STEP][PASSED] - delay: Delayed 4 second(s)

2018-11-22 22:09:48 - [MESSAGE][PASSED] - Delayed 4 second(s)

2018-11-22 22:09:48 - [TEST_STEP][PASSED] - setText: Text '000209039100' is set on object 'Object Repository/Final Object Repo/Page_Update Add New Employee - ASSIST/NRIC Input'

2018-11-22 22:09:48 - [MESSAGE][PASSED] - Text '000209039100' is set on object 'Object Repository/Final Object Repo/Page_Update Add New Employee - ASSIST/NRIC Input'

2018-11-22 22:09:48 - [TEST_STEP][PASSED] - click: Object: 'Object Repository/Final Object Repo/Page_Update Add New Employee - ASSIST/button for search for IC' is clicked on

2018-11-22 22:09:48 - [MESSAGE][PASSED] - Object: 'Object Repository/Final Object Repo/Page_Update Add New Employee - ASSIST/button for search for IC' is clicked on

2018-11-22 22:09:48 - [TEST_STEP][PASSED] - delay: Delayed 2 second(s)

2018-11-22 22:09:50 - [MESSAGE][PASSED] - Delayed 2 second(s)

2018-11-22 22:09:50 - [TEST_STEP][PASSED] - setText: Text 'Automate002 not eligible 1' is set on object 'Object Repository/Final Object Repo/Page_Update Add New Employee - ASSIST/Employee Name Input'

2018-11-22 22:09:51 - [MESSAGE][PASSED] - Text 'Automate002 not eligible 1' is set on object 'Object Repository/Final Object Repo/Page_Update Add New Employee - ASSIST/Employee Name Input'

2018-11-22 22:09:51 - [TEST_STEP][PASSED] - delay: Delayed 2 second(s)

2018-11-22 22:09:53 - [MESSAGE][PASSED] - Delayed 2 second(s)

2018-11-22 22:09:53 - [TEST_STEP][PASSED] - click: Object: 'Object Repository/Final Object Repo/Page_Update Add New Employee - ASSIST/DatePicker Pop Up' is clicked on

2018-11-22 22:09:53 - [MESSAGE][PASSED] - Object: 'Object Repository/Final Object Repo/Page_Update Add New Employee - ASSIST/DatePicker Pop Up' is clicked on

2018-11-22 22:09:53 - [TEST_STEP][PASSED] - delay: Delayed 2 second(s)

2018-11-22 22:09:55 - [MESSAGE][PASSED] - Delayed 2 second(s)

2018-11-22 22:09:55 - [TEST_STEP][PASSED] - click: Object: 'Object Repository/Final Object Repo/Page_Update Add New Employee - ASSIST/DOB Month' is clicked on

2018-11-22 22:09:55 - [MESSAGE][PASSED] - Object: 'Object Repository/Final Object Repo/Page_Update Add New Employee - ASSIST/DOB Month' is clicked on

2018-11-22 22:09:55 - [TEST_STEP][PASSED] - Statement - selectMonth = com.kms.katalon.core.webui.keyword.WebUiBuiltInKeywords.modifyObjectProperty(selectMonth, "xpath", "equals", "//body/div/div/div/select/option[@value="" + CurrentMonth + ""]", true): Modify property of object successfully

2018-11-22 22:09:55 - [MESSAGE][PASSED] - Modify property of object successfully

2018-11-22 22:09:55 - [TEST_STEP][PASSED] - click: Object: '' is clicked on

2018-11-22 22:09:55 - [MESSAGE][PASSED] - Object: '' is clicked on

2018-11-22 22:09:55 - [TEST_STEP][PASSED] - click: Object: 'Object Repository/Final Object Repo/Page_Update Add New Employee - ASSIST/DOB Year' is clicked on

2018-11-22 22:09:56 - [MESSAGE][PASSED] - Object: 'Object Repository/Final Object Repo/Page_Update Add New Employee - ASSIST/DOB Year' is clicked on

2018-11-22 22:09:56 - [TEST_STEP][PASSED] - Statement - selectYear = com.kms.katalon.core.webui.keyword.WebUiBuiltInKeywords.modifyObjectProperty(selectYear, "xpath", "equals", "//div/div/div/select/option[@value="" + EighteenYrsBefore + ""]", true): Modify property of object successfully

2018-11-22 22:09:56 - [MESSAGE][PASSED] - Modify property of object successfully

2018-11-22 22:09:56 - [TEST_STEP][PASSED] - click: Object: '' is clicked on

2018-11-22 22:09:56 - [MESSAGE][PASSED] - Object: '' is clicked on

2018-11-22 22:09:56 - [TEST_STEP][PASSED] - Statement - UpdatedSelectDate = com.kms.katalon.core.webui.keyword.WebUiBuiltInKeywords.modifyObjectProperty(com.kms.katalon.core.testobject.ObjectRepository.findTestObject(Final Object Repo/Page_Update Add New Employee - ASSIST/DOB Date), "xpath", "equals", "//body/div/table/tbody/tr/td/a[text()="" + OneDayBefore + ""]", true): Modify property of object successfully

2018-11-22 22:09:56 - [MESSAGE][PASSED] - Modify property of object successfully

2018-11-22 22:09:56 - [TEST_STEP][PASSED] - click: Object: 'Object Repository/Final Object Repo/Page_Update Add New Employee - ASSIST/DOB Date' is clicked on

2018-11-22 22:09:56 - [MESSAGE][PASSED] - Object: 'Object Repository/Final Object Repo/Page_Update Add New Employee - ASSIST/DOB Date' is clicked on

2018-11-22 22:09:56 - [TEST_STEP][PASSED] - delay: Delayed 2 second(s)

2018-11-22 22:09:58 - [MESSAGE][PASSED] - Delayed 2 second(s)

2018-11-22 22:09:58 - [TEST_STEP][PASSED] - click: Object: 'Object Repository/Final Object Repo/Page_Update Add New Employee - ASSIST/EmploymentStartDate Pop Up' is clicked on

2018-11-22 22:09:58 - [MESSAGE][PASSED] - Object: 'Object Repository/Final Object Repo/Page_Update Add New Employee - ASSIST/EmploymentStartDate Pop Up' is clicked on

2018-11-22 22:09:58 - [TEST_STEP][PASSED] - delay: Delayed 2 second(s)

2018-11-22 22:10:00 - [MESSAGE][PASSED] - Delayed 2 second(s)

2018-11-22 22:10:00 - [TEST_STEP][PASSED] - click: Object: 'Object Repository/Final Object Repo/Page_Update Add New Employee - ASSIST/Socso Employment StartDate Month' is clicked on

2018-11-22 22:10:00 - [MESSAGE][PASSED] - Object: 'Object Repository/Final Object Repo/Page_Update Add New Employee - ASSIST/Socso Employment StartDate Month' is clicked on

2018-11-22 22:10:00 - [TEST_STEP][PASSED] - delay: Delayed 1 second(s)

2018-11-22 22:10:01 - [MESSAGE][PASSED] - Delayed 1 second(s)

2018-11-22 22:10:01 - [TEST_STEP][PASSED] - click: Object: 'Object Repository/Final Object Repo/Page_Update Add New Employee - ASSIST/Select Socso Employement Startdate Month' is clicked on

2018-11-22 22:10:01 - [MESSAGE][PASSED] - Object: 'Object Repository/Final Object Repo/Page_Update Add New Employee - ASSIST/Select Socso Employement Startdate Month' is clicked on

2018-11-22 22:10:01 - [TEST_STEP][PASSED] - delay: Delayed 2 second(s)

2018-11-22 22:10:03 - [MESSAGE][PASSED] - Delayed 2 second(s)

2018-11-22 22:10:03 - [TEST_STEP][PASSED] - click: Object: 'Object Repository/Final Object Repo/Page_Update Add New Employee - ASSIST/Socso Employment StartDate Year' is clicked on

2018-11-22 22:10:04 - [MESSAGE][PASSED] - Object: 'Object Repository/Final Object Repo/Page_Update Add New Employee - ASSIST/Socso Employment StartDate Year' is clicked on

2018-11-22 22:10:04 - [TEST_STEP][PASSED] - delay: Delayed 1 second(s)

2018-11-22 22:10:05 - [MESSAGE][PASSED] - Delayed 1 second(s)

2018-11-22 22:10:05 - [TEST_STEP][PASSED] - click: Object: 'Object Repository/Final Object Repo/Page_Update Add New Employee - ASSIST/Select Socso Employment Startdate Year' is clicked on

2018-11-22 22:10:05 - [MESSAGE][PASSED] - Object: 'Object Repository/Final Object Repo/Page_Update Add New Employee - ASSIST/Select Socso Employment Startdate Year' is clicked on

2018-11-22 22:10:05 - [TEST_STEP][PASSED] - delay: Delayed 2 second(s)

2018-11-22 22:10:07 - [MESSAGE][PASSED] - Delayed 2 second(s)

2018-11-22 22:10:07 - [TEST_STEP][PASSED] - click: Object: 'Object Repository/Final Object Repo/Page_Update Add New Employee - ASSIST/Socso Employment Start Date Day' is clicked on

2018-11-22 22:10:07 - [MESSAGE][PASSED] - Object: 'Object Repository/Final Object Repo/Page_Update Add New Employee - ASSIST/Socso Employment Start Date Day' is clicked on

2018-11-22 22:10:07 - [TEST_STEP][PASSED] - delay: Delayed 2 second(s)

2018-11-22 22:10:09 - [MESSAGE][PASSED] - Delayed 2 second(s)

2018-11-22 22:10:09 - [TEST_STEP][PASSED] - click: Object: 'Object Repository/Final Object Repo/Page_Update Add New Employee - ASSIST/Save Button for Add Employee' is clicked on

2018-11-22 22:10:09 - [MESSAGE][PASSED] - Object: 'Object Repository/Final Object Repo/Page_Update Add New Employee - ASSIST/Save Button for Add Employee' is clicked on

2018-11-22 22:10:09 - [TEST_STEP][PASSED] - delay: Delayed 20 second(s)

2018-11-22 22:10:29 - [MESSAGE][PASSED] - Delayed 20 second(s)

2018-11-22 22:10:29 - [TEST_STEP][PASSED] - click: Object: 'Object Repository/Final Object Repo/Page_Update Add New Employee - ASSIST/Add Employee Button' is clicked on

2018-11-22 22:10:29 - [MESSAGE][PASSED] - Object: 'Object Repository/Final Object Repo/Page_Update Add New Employee - ASSIST/Add Employee Button' is clicked on

2018-11-22 22:10:29 - [TEST_STEP][PASSED] - delay: Delayed 4 second(s)

2018-11-22 22:10:33 - [MESSAGE][PASSED] - Delayed 4 second(s)

2018-11-22 22:10:33 - [TEST_STEP][PASSED] - setText: Text '600203039104' is set on object 'Object Repository/Final Object Repo/Page_Update Add New Employee - ASSIST/NRIC Input'

2018-11-22 22:10:34 - [MESSAGE][PASSED] - Text '600203039104' is set on object 'Object Repository/Final Object Repo/Page_Update Add New Employee - ASSIST/NRIC Input'

2018-11-22 22:10:34 - [TEST_STEP][PASSED] - click: Object: 'Object Repository/Final Object Repo/Page_Update Add New Employee - ASSIST/button for search for IC' is clicked on

2018-11-22 22:10:34 - [MESSAGE][PASSED] - Object: 'Object Repository/Final Object Repo/Page_Update Add New Employee - ASSIST/button for search for IC' is clicked on

2018-11-22 22:10:34 - [TEST_STEP][PASSED] - delay: Delayed 2 second(s)

2018-11-22 22:10:36 - [MESSAGE][PASSED] - Delayed 2 second(s)

2018-11-22 22:10:36 - [TEST_STEP][PASSED] - setText: Text 'Automate002 not eligible 2' is set on object 'Object Repository/Final Object Repo/Page_Update Add New Employee - ASSIST/Employee Name Input'

2018-11-22 22:10:36 - [MESSAGE][PASSED] - Text 'Automate002 not eligible 2' is set on object 'Object Repository/Final Object Repo/Page_Update Add New Employee - ASSIST/Employee Name Input'

2018-11-22 22:10:36 - [TEST_STEP][PASSED] - delay: Delayed 2 second(s)

2018-11-22 22:10:38 - [MESSAGE][PASSED] - Delayed 2 second(s)

2018-11-22 22:10:38 - [TEST_STEP][PASSED] - click: Object: 'Object Repository/Final Object Repo/Page_Update Add New Employee - ASSIST/DatePicker Pop Up' is clicked on

2018-11-22 22:10:39 - [MESSAGE][PASSED] - Object: 'Object Repository/Final Object Repo/Page_Update Add New Employee - ASSIST/DatePicker Pop Up' is clicked on

2018-11-22 22:10:39 - [TEST_STEP][PASSED] - delay: Delayed 2 second(s)

2018-11-22 22:10:41 - [MESSAGE][PASSED] - Delayed 2 second(s)

2018-11-22 22:10:41 - [TEST_STEP][PASSED] - click: Object: 'Object Repository/Final Object Repo/Page_Update Add New Employee - ASSIST/DOB Month' is clicked on

2018-11-22 22:10:41 - [MESSAGE][PASSED] - Object: 'Object Repository/Final Object Repo/Page_Update Add New Employee - ASSIST/DOB Month' is clicked on

2018-11-22 22:10:41 - [TEST_STEP][PASSED] - Statement - selectMonth = com.kms.katalon.core.webui.keyword.WebUiBuiltInKeywords.modifyObjectProperty(selectMonth, "xpath", "equals", "//body/div/div/div/select/option[@value="" + CurrentMonth + ""]", true): Modify property of object successfully

2018-11-22 22:10:41 - [MESSAGE][PASSED] - Modify property of object successfully

2018-11-22 22:10:41 - [TEST_STEP][PASSED] - click: Object: '' is clicked on

2018-11-22 22:10:41 - [MESSAGE][PASSED] - Object: '' is clicked on

2018-11-22 22:10:41 - [TEST_STEP][PASSED] - click: Object: 'Object Repository/Final Object Repo/Page_Update Add New Employee - ASSIST/DOB Year' is clicked on

2018-11-22 22:10:41 - [MESSAGE][PASSED] - Object: 'Object Repository/Final Object Repo/Page_Update Add New Employee - ASSIST/DOB Year' is clicked on

2018-11-22 22:10:41 - [TEST_STEP][PASSED] - Statement - selectYear = com.kms.katalon.core.webui.keyword.WebUiBuiltInKeywords.modifyObjectProperty(selectYear, "xpath", "equals", "//div/div/div/select/option[@value="" + FiftysevenYrsBefore + ""]", true): Modify property of object successfully

2018-11-22 22:10:41 - [MESSAGE][PASSED] - Modify property of object successfully

2018-11-22 22:10:41 - [TEST_STEP][PASSED] - click: Object: '' is clicked on

2018-11-22 22:10:41 - [MESSAGE][PASSED] - Object: '' is clicked on

2018-11-22 22:10:41 - [TEST_STEP][PASSED] - Statement - UpdatedSelectDate = com.kms.katalon.core.webui.keyword.WebUiBuiltInKeywords.modifyObjectProperty(com.kms.katalon.core.testobject.ObjectRepository.findTestObject(Final Object Repo/Page_Update Add New Employee - ASSIST/DOB Date), "xpath", "equals", "//body/div/table/tbody/tr/td/a[text()="" + CurrentDate + ""]", true): Modify property of object successfully

2018-11-22 22:10:41 - [MESSAGE][PASSED] - Modify property of object successfully

2018-11-22 22:10:41 - [TEST_STEP][PASSED] - click: Object: 'Object Repository/Final Object Repo/Page_Update Add New Employee - ASSIST/DOB Date' is clicked on

2018-11-22 22:10:41 - [MESSAGE][PASSED] - Object: 'Object Repository/Final Object Repo/Page_Update Add New Employee - ASSIST/DOB Date' is clicked on

2018-11-22 22:10:41 - [TEST_STEP][PASSED] - click: Object: 'Object Repository/Final Object Repo/Page_Update Add New Employee - ASSIST/EmploymentStartDate Pop Up' is clicked on

2018-11-22 22:10:42 - [MESSAGE][PASSED] - Object: 'Object Repository/Final Object Repo/Page_Update Add New Employee - ASSIST/EmploymentStartDate Pop Up' is clicked on

2018-11-22 22:10:42 - [TEST_STEP][PASSED] - delay: Delayed 2 second(s)

2018-11-22 22:10:44 - [MESSAGE][PASSED] - Delayed 2 second(s)

2018-11-22 22:10:44 - [TEST_STEP][PASSED] - click: Object: 'Object Repository/Final Object Repo/Page_Update Add New Employee - ASSIST/Socso Employment StartDate Month' is clicked on

2018-11-22 22:10:44 - [MESSAGE][PASSED] - Object: 'Object Repository/Final Object Repo/Page_Update Add New Employee - ASSIST/Socso Employment StartDate Month' is clicked on

2018-11-22 22:10:44 - [TEST_STEP][PASSED] - delay: Delayed 1 second(s)

2018-11-22 22:10:45 - [MESSAGE][PASSED] - Delayed 1 second(s)

2018-11-22 22:10:45 - [TEST_STEP][PASSED] - click: Object: 'Object Repository/Final Object Repo/Page_Update Add New Employee - ASSIST/Select Socso Employement Startdate Month' is clicked on

2018-11-22 22:10:45 - [MESSAGE][PASSED] - Object: 'Object Repository/Final Object Repo/Page_Update Add New Employee - ASSIST/Select Socso Employement Startdate Month' is clicked on

2018-11-22 22:10:45 - [TEST_STEP][PASSED] - delay: Delayed 2 second(s)

2018-11-22 22:10:47 - [MESSAGE][PASSED] - Delayed 2 second(s)

2018-11-22 22:10:47 - [TEST_STEP][PASSED] - click: Object: 'Object Repository/Final Object Repo/Page_Update Add New Employee - ASSIST/Socso Employment StartDate Year' is clicked on

2018-11-22 22:10:47 - [MESSAGE][PASSED] - Object: 'Object Repository/Final Object Repo/Page_Update Add New Employee - ASSIST/Socso Employment StartDate Year' is clicked on

2018-11-22 22:10:47 - [TEST_STEP][PASSED] - delay: Delayed 1 second(s)

2018-11-22 22:10:48 - [MESSAGE][PASSED] - Delayed 1 second(s)

2018-11-22 22:10:48 - [TEST_STEP][PASSED] - click: Object: 'Object Repository/Final Object Repo/Page_Update Add New Employee - ASSIST/Select Socso Employment Startdate Year' is clicked on

2018-11-22 22:10:48 - [MESSAGE][PASSED] - Object: 'Object Repository/Final Object Repo/Page_Update Add New Employee - ASSIST/Select Socso Employment Startdate Year' is clicked on

2018-11-22 22:10:48 - [TEST_STEP][PASSED] - delay: Delayed 2 second(s)

2018-11-22 22:10:50 - [MESSAGE][PASSED] - Delayed 2 second(s)

2018-11-22 22:10:50 - [TEST_STEP][PASSED] - click: Object: 'Object Repository/Final Object Repo/Page_Update Add New Employee - ASSIST/Socso Employment Start Date Day' is clicked on

2018-11-22 22:10:50 - [MESSAGE][PASSED] - Object: 'Object Repository/Final Object Repo/Page_Update Add New Employee - ASSIST/Socso Employment Start Date Day' is clicked on

2018-11-22 22:10:50 - [TEST_STEP][PASSED] - delay: Delayed 2 second(s)

2018-11-22 22:10:52 - [MESSAGE][PASSED] - Delayed 2 second(s)

2018-11-22 22:10:52 - [TEST_STEP][PASSED] - click: Object: 'Object Repository/Final Object Repo/Page_Update Add New Employee - ASSIST/Save Button for Add Employee' is clicked on

2018-11-22 22:10:53 - [MESSAGE][PASSED] - Object: 'Object Repository/Final Object Repo/Page_Update Add New Employee - ASSIST/Save Button for Add Employee' is clicked on

2018-11-22 22:10:53 - [MESSAGE][PASSED] - Call Test Case 'Test Cases/Final Aug 2018 - PKS Automation/Registration Module/Workflow/Update Add New Employee/Template/Employee Adding/Employee Adding Action Repeat IC - set 2' successfully

2018-11-22 22:10:53 - [MESSAGE][PASSED] - Call Test Case 'Test Cases/Final Aug 2018 - PKS Automation/Registration Module/Workflow/Update Add New Employee/Template/Employee Adding/Employee Set Decider' successfully

2018-11-22 22:10:53 - [TEST_STEP][PASSED] - delay: Delayed 4 second(s)

2018-11-22 22:10:57 - [MESSAGE][PASSED] - Delayed 4 second(s)

2018-11-22 22:10:57 - [TEST_STEP][PASSED] - Statement - CaseReferenceNo = com.kms.katalon.core.webui.keyword.WebUiBuiltInKeywords.getText(com.kms.katalon.core.testobject.ObjectRepository.findTestObject(Final Object Repo/Page_Update Add New Employee - ASSIST/RefNo)): Text of object 'Object Repository/Final Object Repo/Page_Update Add New Employee - ASSIST/RefNo' is: 'CAN11201800002162'

2018-11-22 22:10:57 - [MESSAGE][PASSED] - Text of object 'Object Repository/Final Object Repo/Page_Update Add New Employee - ASSIST/RefNo' is: 'CAN11201800002162'

2018-11-22 22:10:57 - [TEST_STEP][PASSED] - callTestCase: Call Test Case 'Test Cases/Final Aug 2018 - PKS Automation/Common/Reference Number Setter' successfully

2018-11-22 22:10:57 - [TEST_CASE][PASSED] - Test Cases/Final Aug 2018 - PKS Automation/Common/Reference Number Setter: Test Cases/Final Aug 2018 - PKS Automation/Common/Reference Number Setter

2018-11-22 22:10:57 - [TEST_STEP][PASSED] - Statement - RefNoOldFile = new java.io.File(C://Users//Admin//Desktop//PKS//Automation Reference Point//KatalonReference.txt): null

2018-11-22 22:10:57 - [TEST_STEP][PASSED] - Statement - RefNoOldFile.delete(): null

2018-11-22 22:10:57 - [TEST_STEP][PASSED] - delay: Delayed 5 second(s)

2018-11-22 22:11:02 - [MESSAGE][PASSED] - Delayed 5 second(s)

2018-11-22 22:11:02 - [TEST_STEP][PASSED] - Statement - RefNo = new java.io.File(C://Users//Admin//Desktop//PKS//Automation Reference Point//KatalonReference.txt): null

2018-11-22 22:11:02 - [TEST_STEP][PASSED] - Statement - f2 = new java.io.FileWriter(RefNo, false): null

2018-11-22 22:11:02 - [TEST_STEP][PASSED] - Statement - f2.write(CaseReferenceNo): null

2018-11-22 22:11:02 - [TEST_STEP][PASSED] - Statement - f2.close(): null

2018-11-22 22:11:02 - [TEST_STEP][PASSED] - Statement - out.println("


" + CaseReferenceNo + "


"): null

2018-11-22 22:11:02 - [MESSAGE][PASSED] - Call Test Case 'Test Cases/Final Aug 2018 - PKS Automation/Common/Reference Number Setter' successfully

2018-11-22 22:11:02 - [TEST_STEP][PASSED] - delay: Delayed 5 second(s)

2018-11-22 22:11:07 - [MESSAGE][PASSED] - Delayed 5 second(s)

2018-11-22 22:11:07 - [TEST_STEP][PASSED] - click: Object: 'Object Repository/Final Object Repo/Page_Update Add New Employee - ASSIST/Incomplete Checkbox' is clicked on

2018-11-22 22:11:07 - [MESSAGE][PASSED] - Object: 'Object Repository/Final Object Repo/Page_Update Add New Employee - ASSIST/Incomplete Checkbox' is clicked on

2018-11-22 22:11:07 - [TEST_STEP][PASSED] - delay: Delayed 5 second(s)

2018-11-22 22:11:12 - [MESSAGE][PASSED] - Delayed 5 second(s)

2018-11-22 22:11:12 - [TEST_STEP][PASSED] - click: Object: 'Object Repository/Final Object Repo/Page_Update Add New Employee - ASSIST/Save  Continue Button' is clicked on

2018-11-22 22:11:12 - [MESSAGE][PASSED] - Object: 'Object Repository/Final Object Repo/Page_Update Add New Employee - ASSIST/Save  Continue Button' is clicked on

2018-11-22 22:11:12 - [TEST_STEP][PASSED] - delay: Delayed 6 second(s)

2018-11-22 22:11:18 - [MESSAGE][PASSED] - Delayed 6 second(s)

2018-11-22 22:11:18 - [TEST_STEP][PASSED] - click: Object: 'Object Repository/Final Object Repo/Page_Update Add New Employee - ASSIST/Save  Continue Third Screen' is clicked on

2018-11-22 22:11:21 - [MESSAGE][PASSED] - Object: 'Object Repository/Final Object Repo/Page_Update Add New Employee - ASSIST/Save  Continue Third Screen' is clicked on

2018-11-22 22:11:21 - [TEST_STEP][PASSED] - delay: Delayed 4 second(s)

2018-11-22 22:11:25 - [MESSAGE][PASSED] - Delayed 4 second(s)

2018-11-22 22:11:25 - [TEST_STEP][PASSED] - click: Object: 'Object Repository/Final Object Repo/Page_Update Add New Employee - ASSIST/Save   Continue Supporting Doc Page' is clicked on

2018-11-22 22:11:25 - [MESSAGE][PASSED] - Object: 'Object Repository/Final Object Repo/Page_Update Add New Employee - ASSIST/Save   Continue Supporting Doc Page' is clicked on

2018-11-22 22:11:25 - [TEST_STEP][PASSED] - delay: Delayed 4 second(s)

2018-11-22 22:11:30 - [MESSAGE][PASSED] - Delayed 4 second(s)

2018-11-22 22:11:30 - [TEST_STEP][PASSED] - click: Object: 'Object Repository/Final Object Repo/Page_Update Add New Employee - ASSIST/Submit Button' is clicked on

2018-11-22 22:11:30 - [MESSAGE][PASSED] - Object: 'Object Repository/Final Object Repo/Page_Update Add New Employee - ASSIST/Submit Button' is clicked on

2018-11-22 22:11:30 - [TEST_STEP][PASSED] - delay: Delayed 4 second(s)

2018-11-22 22:11:34 - [MESSAGE][PASSED] - Delayed 4 second(s)

2018-11-22 22:11:34 - [TEST_STEP][PASSED] - click: Object: 'Object Repository/Final Object Repo/Page_Update Add New Employee - ASSIST/Confirm Submit Button' is clicked on

2018-11-22 22:11:34 - [MESSAGE][PASSED] - Object: 'Object Repository/Final Object Repo/Page_Update Add New Employee - ASSIST/Confirm Submit Button' is clicked on

2018-11-22 22:11:34 - [TEST_STEP][PASSED] - delay: Delayed 30 second(s)

2018-11-22 22:12:04 - [MESSAGE][PASSED] - Delayed 30 second(s)

2018-11-22 22:12:04 - [TEST_STEP][PASSED] - callTestCase: Call Test Case 'Test Cases/Final Aug 2018 - PKS Automation/Common/Screenshoting tool' successfully

2018-11-22 22:12:04 - [TEST_CASE][PASSED] - Test Cases/Final Aug 2018 - PKS Automation/Common/Screenshoting tool: Test Cases/Final Aug 2018 - PKS Automation/Common/Screenshoting tool

2018-11-22 22:12:04 - [TEST_STEP][PASSED] - delay: Delayed 15 second(s)

2018-11-22 22:12:19 - [MESSAGE][PASSED] - Delayed 15 second(s)

2018-11-22 22:12:19 - [TEST_STEP][PASSED] - Statement - driver = com.kms.katalon.core.webui.driver.DriverFactory.getWebDriver(): null

2018-11-22 22:12:19 - [TEST_STEP][PASSED] - Statement - driver.manage().timeouts().implicitlyWait(10, SECONDS): null

2018-11-22 22:12:19 - [TEST_STEP][PASSED] - Statement - PresavePath = KatalonScreenshots: null

2018-11-22 22:12:19 - [TEST_STEP][PASSED] - Statement - pathPrefix = "C:\Users\Public\Pictures\Sample Pictures\Katalon Screenshots\Automate Ending Screen": null

2018-11-22 22:12:19 - [TEST_STEP][PASSED] - Statement - finalPath = <not implemented yet for class: org.codehaus.groovy.ast.expr.EmptyExpression>: null

2018-11-22 22:12:19 - [TEST_STEP][PASSED] - Statement - scrFile = driver.getScreenshotAs(FILE): null

2018-11-22 22:12:19 - [TEST_STEP][PASSED] - Statement - PreSaveFile = new java.io.File(PresavePath): null

2018-11-22 22:12:19 - [TEST_STEP][PASSED] - Statement - counter = 0: null

2018-11-22 22:12:19 - [TEST_STEP][PASSED] - Statement - If (PreSaveFile.exists()): null

2018-11-22 22:12:19 - [TEST_STEP][PASSED] - Statement - While (PreSaveFile.exists()): null

2018-11-22 22:12:19 - [TEST_STEP][PASSED] - Statement - counter = counter + 1: null

2018-11-22 22:12:19 - [TEST_STEP][PASSED] - Statement - PreSaveFile = new java.io.File(((pathPrefix + java.lang.Integer.toString(counter)) + .png)): null

2018-11-22 22:12:19 - [TEST_STEP][PASSED] - Statement - counter = counter + 1: null

2018-11-22 22:12:19 - [TEST_STEP][PASSED] - Statement - PreSaveFile = new java.io.File(((pathPrefix + java.lang.Integer.toString(counter)) + .png)): null

2018-11-22 22:12:19 - [TEST_STEP][PASSED] - Statement - counter = counter + 1: null

2018-11-22 22:12:19 - [TEST_STEP][PASSED] - Statement - PreSaveFile = new java.io.File(((pathPrefix + java.lang.Integer.toString(counter)) + .png)): null

2018-11-22 22:12:19 - [TEST_STEP][PASSED] - Statement - counter = counter + 1: null

2018-11-22 22:12:19 - [TEST_STEP][PASSED] - Statement - PreSaveFile = new java.io.File(((pathPrefix + java.lang.Integer.toString(counter)) + .png)): null

2018-11-22 22:12:19 - [TEST_STEP][PASSED] - Statement - counter = counter + 1: null

2018-11-22 22:12:19 - [TEST_STEP][PASSED] - Statement - PreSaveFile = new java.io.File(((pathPrefix + java.lang.Integer.toString(counter)) + .png)): null

2018-11-22 22:12:19 - [TEST_STEP][PASSED] - Statement - counter = counter + 1: null

2018-11-22 22:12:19 - [TEST_STEP][PASSED] - Statement - PreSaveFile = new java.io.File(((pathPrefix + java.lang.Integer.toString(counter)) + .png)): null

2018-11-22 22:12:19 - [TEST_STEP][PASSED] - Statement - counter = counter + 1: null

2018-11-22 22:12:19 - [TEST_STEP][PASSED] - Statement - PreSaveFile = new java.io.File(((pathPrefix + java.lang.Integer.toString(counter)) + .png)): null

2018-11-22 22:12:19 - [TEST_STEP][PASSED] - Statement - counter = counter + 1: null

2018-11-22 22:12:19 - [TEST_STEP][PASSED] - Statement - PreSaveFile = new java.io.File(((pathPrefix + java.lang.Integer.toString(counter)) + .png)): null

2018-11-22 22:12:19 - [TEST_STEP][PASSED] - Statement - counter = counter + 1: null

2018-11-22 22:12:19 - [TEST_STEP][PASSED] - Statement - PreSaveFile = new java.io.File(((pathPrefix + java.lang.Integer.toString(counter)) + .png)): null

2018-11-22 22:12:19 - [TEST_STEP][PASSED] - Statement - counter = counter + 1: null

2018-11-22 22:12:19 - [TEST_STEP][PASSED] - Statement - PreSaveFile = new java.io.File(((pathPrefix + java.lang.Integer.toString(counter)) + .png)): null

2018-11-22 22:12:19 - [TEST_STEP][PASSED] - Statement - counter = counter + 1: null

2018-11-22 22:12:19 - [TEST_STEP][PASSED] - Statement - PreSaveFile = new java.io.File(((pathPrefix + java.lang.Integer.toString(counter)) + .png)): null

2018-11-22 22:12:19 - [TEST_STEP][PASSED] - Statement - counter = counter + 1: null

2018-11-22 22:12:19 - [TEST_STEP][PASSED] - Statement - PreSaveFile = new java.io.File(((pathPrefix + java.lang.Integer.toString(counter)) + .png)): null

2018-11-22 22:12:19 - [TEST_STEP][PASSED] - Statement - counter = counter + 1: null

2018-11-22 22:12:19 - [TEST_STEP][PASSED] - Statement - PreSaveFile = new java.io.File(((pathPrefix + java.lang.Integer.toString(counter)) + .png)): null

2018-11-22 22:12:19 - [TEST_STEP][PASSED] - Statement - counter = counter + 1: null

2018-11-22 22:12:19 - [TEST_STEP][PASSED] - Statement - PreSaveFile = new java.io.File(((pathPrefix + java.lang.Integer.toString(counter)) + .png)): null

2018-11-22 22:12:19 - [TEST_STEP][PASSED] - Statement - counter = counter + 1: null

2018-11-22 22:12:19 - [TEST_STEP][PASSED] - Statement - PreSaveFile = new java.io.File(((pathPrefix + java.lang.Integer.toString(counter)) + .png)): null

2018-11-22 22:12:19 - [TEST_STEP][PASSED] - Statement - counter = counter + 1: null

2018-11-22 22:12:19 - [TEST_STEP][PASSED] - Statement - PreSaveFile = new java.io.File(((pathPrefix + java.lang.Integer.toString(counter)) + .png)): null

2018-11-22 22:12:19 - [TEST_STEP][PASSED] - Statement - counter = counter + 1: null

2018-11-22 22:12:19 - [TEST_STEP][PASSED] - Statement - PreSaveFile = new java.io.File(((pathPrefix + java.lang.Integer.toString(counter)) + .png)): null

2018-11-22 22:12:19 - [TEST_STEP][PASSED] - Statement - counter = counter + 1: null

2018-11-22 22:12:19 - [TEST_STEP][PASSED] - Statement - PreSaveFile = new java.io.File(((pathPrefix + java.lang.Integer.toString(counter)) + .png)): null

2018-11-22 22:12:19 - [TEST_STEP][PASSED] - Statement - counter = counter + 1: null

2018-11-22 22:12:19 - [TEST_STEP][PASSED] - Statement - PreSaveFile = new java.io.File(((pathPrefix + java.lang.Integer.toString(counter)) + .png)): null

2018-11-22 22:12:19 - [TEST_STEP][PASSED] - Statement - counter = counter + 1: null

2018-11-22 22:12:19 - [TEST_STEP][PASSED] - Statement - PreSaveFile = new java.io.File(((pathPrefix + java.lang.Integer.toString(counter)) + .png)): null

2018-11-22 22:12:19 - [TEST_STEP][PASSED] - Statement - counter = counter + 1: null

2018-11-22 22:12:19 - [TEST_STEP][PASSED] - Statement - PreSaveFile = new java.io.File(((pathPrefix + java.lang.Integer.toString(counter)) + .png)): null

2018-11-22 22:12:19 - [TEST_STEP][PASSED] - Statement - counter = counter + 1: null

2018-11-22 22:12:19 - [TEST_STEP][PASSED] - Statement - PreSaveFile = new java.io.File(((pathPrefix + java.lang.Integer.toString(counter)) + .png)): null

2018-11-22 22:12:19 - [TEST_STEP][PASSED] - Statement - counter = counter + 1: null

2018-11-22 22:12:19 - [TEST_STEP][PASSED] - Statement - PreSaveFile = new java.io.File(((pathPrefix + java.lang.Integer.toString(counter)) + .png)): null

2018-11-22 22:12:19 - [TEST_STEP][PASSED] - Statement - counter = counter + 1: null

2018-11-22 22:12:19 - [TEST_STEP][PASSED] - Statement - PreSaveFile = new java.io.File(((pathPrefix + java.lang.Integer.toString(counter)) + .png)): null

2018-11-22 22:12:19 - [TEST_STEP][PASSED] - Statement - counter = counter + 1: null

2018-11-22 22:12:19 - [TEST_STEP][PASSED] - Statement - PreSaveFile = new java.io.File(((pathPrefix + java.lang.Integer.toString(counter)) + .png)): null

2018-11-22 22:12:19 - [TEST_STEP][PASSED] - Statement - counter = counter + 1: null

2018-11-22 22:12:19 - [TEST_STEP][PASSED] - Statement - PreSaveFile = new java.io.File(((pathPrefix + java.lang.Integer.toString(counter)) + .png)): null

2018-11-22 22:12:19 - [TEST_STEP][PASSED] - Statement - counter = counter + 1: null

2018-11-22 22:12:19 - [TEST_STEP][PASSED] - Statement - PreSaveFile = new java.io.File(((pathPrefix + java.lang.Integer.toString(counter)) + .png)): null

2018-11-22 22:12:19 - [TEST_STEP][PASSED] - Statement - counter = counter + 1: null

2018-11-22 22:12:19 - [TEST_STEP][PASSED] - Statement - PreSaveFile = new java.io.File(((pathPrefix + java.lang.Integer.toString(counter)) + .png)): null

2018-11-22 22:12:19 - [TEST_STEP][PASSED] - Statement - counter = counter + 1: null

2018-11-22 22:12:19 - [TEST_STEP][PASSED] - Statement - PreSaveFile = new java.io.File(((pathPrefix + java.lang.Integer.toString(counter)) + .png)): null

2018-11-22 22:12:19 - [TEST_STEP][PASSED] - Statement - counter = counter + 1: null

2018-11-22 22:12:19 - [TEST_STEP][PASSED] - Statement - PreSaveFile = new java.io.File(((pathPrefix + java.lang.Integer.toString(counter)) + .png)): null

2018-11-22 22:12:19 - [TEST_STEP][PASSED] - Statement - counter = counter + 1: null

2018-11-22 22:12:19 - [TEST_STEP][PASSED] - Statement - PreSaveFile = new java.io.File(((pathPrefix + java.lang.Integer.toString(counter)) + .png)): null

2018-11-22 22:12:19 - [TEST_STEP][PASSED] - Statement - counter = counter + 1: null

2018-11-22 22:12:19 - [TEST_STEP][PASSED] - Statement - PreSaveFile = new java.io.File(((pathPrefix + java.lang.Integer.toString(counter)) + .png)): null

2018-11-22 22:12:19 - [TEST_STEP][PASSED] - Statement - counter = counter + 1: null

2018-11-22 22:12:19 - [TEST_STEP][PASSED] - Statement - PreSaveFile = new java.io.File(((pathPrefix + java.lang.Integer.toString(counter)) + .png)): null

2018-11-22 22:12:19 - [TEST_STEP][PASSED] - Statement - counter = counter + 1: null

2018-11-22 22:12:19 - [TEST_STEP][PASSED] - Statement - PreSaveFile = new java.io.File(((pathPrefix + java.lang.Integer.toString(counter)) + .png)): null

2018-11-22 22:12:19 - [TEST_STEP][PASSED] - Statement - counter = counter + 1: null

2018-11-22 22:12:19 - [TEST_STEP][PASSED] - Statement - PreSaveFile = new java.io.File(((pathPrefix + java.lang.Integer.toString(counter)) + .png)): null

2018-11-22 22:12:19 - [TEST_STEP][PASSED] - Statement - counter = counter + 1: null

2018-11-22 22:12:19 - [TEST_STEP][PASSED] - Statement - PreSaveFile = new java.io.File(((pathPrefix + java.lang.Integer.toString(counter)) + .png)): null

2018-11-22 22:12:19 - [TEST_STEP][PASSED] - Statement - counter = counter + 1: null

2018-11-22 22:12:19 - [TEST_STEP][PASSED] - Statement - PreSaveFile = new java.io.File(((pathPrefix + java.lang.Integer.toString(counter)) + .png)): null

2018-11-22 22:12:19 - [TEST_STEP][PASSED] - Statement - counter = counter + 1: null

2018-11-22 22:12:19 - [TEST_STEP][PASSED] - Statement - PreSaveFile = new java.io.File(((pathPrefix + java.lang.Integer.toString(counter)) + .png)): null

2018-11-22 22:12:19 - [TEST_STEP][PASSED] - Statement - counter = counter + 1: null

2018-11-22 22:12:19 - [TEST_STEP][PASSED] - Statement - PreSaveFile = new java.io.File(((pathPrefix + java.lang.Integer.toString(counter)) + .png)): null

2018-11-22 22:12:19 - [TEST_STEP][PASSED] - Statement - counter = counter + 1: null

2018-11-22 22:12:19 - [TEST_STEP][PASSED] - Statement - PreSaveFile = new java.io.File(((pathPrefix + java.lang.Integer.toString(counter)) + .png)): null

2018-11-22 22:12:19 - [TEST_STEP][PASSED] - Statement - counter = counter + 1: null

2018-11-22 22:12:19 - [TEST_STEP][PASSED] - Statement - PreSaveFile = new java.io.File(((pathPrefix + java.lang.Integer.toString(counter)) + .png)): null

2018-11-22 22:12:19 - [TEST_STEP][PASSED] - Statement - counter = counter + 1: null

2018-11-22 22:12:19 - [TEST_STEP][PASSED] - Statement - PreSaveFile = new java.io.File(((pathPrefix + java.lang.Integer.toString(counter)) + .png)): null

2018-11-22 22:12:19 - [TEST_STEP][PASSED] - Statement - counter = counter + 1: null

2018-11-22 22:12:19 - [TEST_STEP][PASSED] - Statement - PreSaveFile = new java.io.File(((pathPrefix + java.lang.Integer.toString(counter)) + .png)): null

2018-11-22 22:12:19 - [TEST_STEP][PASSED] - Statement - counter = counter + 1: null

2018-11-22 22:12:19 - [TEST_STEP][PASSED] - Statement - PreSaveFile = new java.io.File(((pathPrefix + java.lang.Integer.toString(counter)) + .png)): null

2018-11-22 22:12:19 - [TEST_STEP][PASSED] - Statement - counter = counter + 1: null

2018-11-22 22:12:19 - [TEST_STEP][PASSED] - Statement - PreSaveFile = new java.io.File(((pathPrefix + java.lang.Integer.toString(counter)) + .png)): null

2018-11-22 22:12:19 - [TEST_STEP][PASSED] - Statement - counter = counter + 1: null

2018-11-22 22:12:19 - [TEST_STEP][PASSED] - Statement - PreSaveFile = new java.io.File(((pathPrefix + java.lang.Integer.toString(counter)) + .png)): null

2018-11-22 22:12:19 - [TEST_STEP][PASSED] - Statement - counter = counter + 1: null

2018-11-22 22:12:19 - [TEST_STEP][PASSED] - Statement - PreSaveFile = new java.io.File(((pathPrefix + java.lang.Integer.toString(counter)) + .png)): null

2018-11-22 22:12:19 - [TEST_STEP][PASSED] - Statement - counter = counter + 1: null

2018-11-22 22:12:19 - [TEST_STEP][PASSED] - Statement - PreSaveFile = new java.io.File(((pathPrefix + java.lang.Integer.toString(counter)) + .png)): null

2018-11-22 22:12:19 - [TEST_STEP][PASSED] - Statement - counter = counter + 1: null

2018-11-22 22:12:19 - [TEST_STEP][PASSED] - Statement - PreSaveFile = new java.io.File(((pathPrefix + java.lang.Integer.toString(counter)) + .png)): null

2018-11-22 22:12:19 - [TEST_STEP][PASSED] - Statement - counter = counter + 1: null

2018-11-22 22:12:19 - [TEST_STEP][PASSED] - Statement - PreSaveFile = new java.io.File(((pathPrefix + java.lang.Integer.toString(counter)) + .png)): null

2018-11-22 22:12:19 - [TEST_STEP][PASSED] - Statement - counter = counter + 1: null

2018-11-22 22:12:19 - [TEST_STEP][PASSED] - Statement - PreSaveFile = new java.io.File(((pathPrefix + java.lang.Integer.toString(counter)) + .png)): null

2018-11-22 22:12:19 - [TEST_STEP][PASSED] - Statement - counter = counter + 1: null

2018-11-22 22:12:19 - [TEST_STEP][PASSED] - Statement - PreSaveFile = new java.io.File(((pathPrefix + java.lang.Integer.toString(counter)) + .png)): null

2018-11-22 22:12:19 - [TEST_STEP][PASSED] - Statement - counter = counter + 1: null

2018-11-22 22:12:19 - [TEST_STEP][PASSED] - Statement - PreSaveFile = new java.io.File(((pathPrefix + java.lang.Integer.toString(counter)) + .png)): null

2018-11-22 22:12:19 - [TEST_STEP][PASSED] - Statement - counter = counter + 1: null

2018-11-22 22:12:19 - [TEST_STEP][PASSED] - Statement - PreSaveFile = new java.io.File(((pathPrefix + java.lang.Integer.toString(counter)) + .png)): null

2018-11-22 22:12:19 - [TEST_STEP][PASSED] - Statement - counter = counter + 1: null

2018-11-22 22:12:19 - [TEST_STEP][PASSED] - Statement - PreSaveFile = new java.io.File(((pathPrefix + java.lang.Integer.toString(counter)) + .png)): null

2018-11-22 22:12:19 - [TEST_STEP][PASSED] - Statement - counter = counter + 1: null

2018-11-22 22:12:19 - [TEST_STEP][PASSED] - Statement - PreSaveFile = new java.io.File(((pathPrefix + java.lang.Integer.toString(counter)) + .png)): null

2018-11-22 22:12:19 - [TEST_STEP][PASSED] - Statement - counter = counter + 1: null

2018-11-22 22:12:19 - [TEST_STEP][PASSED] - Statement - PreSaveFile = new java.io.File(((pathPrefix + java.lang.Integer.toString(counter)) + .png)): null

2018-11-22 22:12:19 - [TEST_STEP][PASSED] - Statement - counter = counter + 1: null

2018-11-22 22:12:19 - [TEST_STEP][PASSED] - Statement - PreSaveFile = new java.io.File(((pathPrefix + java.lang.Integer.toString(counter)) + .png)): null

2018-11-22 22:12:19 - [TEST_STEP][PASSED] - Statement - counter = counter + 1: null

2018-11-22 22:12:19 - [TEST_STEP][PASSED] - Statement - PreSaveFile = new java.io.File(((pathPrefix + java.lang.Integer.toString(counter)) + .png)): null

2018-11-22 22:12:19 - [TEST_STEP][PASSED] - Statement - counter = counter + 1: null

2018-11-22 22:12:19 - [TEST_STEP][PASSED] - Statement - PreSaveFile = new java.io.File(((pathPrefix + java.lang.Integer.toString(counter)) + .png)): null

2018-11-22 22:12:19 - [TEST_STEP][PASSED] - Statement - counter = counter + 1: null

2018-11-22 22:12:19 - [TEST_STEP][PASSED] - Statement - PreSaveFile = new java.io.File(((pathPrefix + java.lang.Integer.toString(counter)) + .png)): null

2018-11-22 22:12:19 - [TEST_STEP][PASSED] - Statement - counter = counter + 1: null

2018-11-22 22:12:19 - [TEST_STEP][PASSED] - Statement - PreSaveFile = new java.io.File(((pathPrefix + java.lang.Integer.toString(counter)) + .png)): null

2018-11-22 22:12:19 - [TEST_STEP][PASSED] - Statement - counter = counter + 1: null

2018-11-22 22:12:19 - [TEST_STEP][PASSED] - Statement - PreSaveFile = new java.io.File(((pathPrefix + java.lang.Integer.toString(counter)) + .png)): null

2018-11-22 22:12:19 - [TEST_STEP][PASSED] - Statement - counter = counter + 1: null

2018-11-22 22:12:19 - [TEST_STEP][PASSED] - Statement - PreSaveFile = new java.io.File(((pathPrefix + java.lang.Integer.toString(counter)) + .png)): null

2018-11-22 22:12:19 - [TEST_STEP][PASSED] - Statement - counter = counter + 1: null

2018-11-22 22:12:19 - [TEST_STEP][PASSED] - Statement - PreSaveFile = new java.io.File(((pathPrefix + java.lang.Integer.toString(counter)) + .png)): null

2018-11-22 22:12:19 - [TEST_STEP][PASSED] - Statement - counter = counter + 1: null

2018-11-22 22:12:19 - [TEST_STEP][PASSED] - Statement - PreSaveFile = new java.io.File(((pathPrefix + java.lang.Integer.toString(counter)) + .png)): null

2018-11-22 22:12:19 - [TEST_STEP][PASSED] - Statement - counter = counter + 1: null

2018-11-22 22:12:19 - [TEST_STEP][PASSED] - Statement - PreSaveFile = new java.io.File(((pathPrefix + java.lang.Integer.toString(counter)) + .png)): null

2018-11-22 22:12:19 - [TEST_STEP][PASSED] - Statement - counter = counter + 1: null

2018-11-22 22:12:19 - [TEST_STEP][PASSED] - Statement - PreSaveFile = new java.io.File(((pathPrefix + java.lang.Integer.toString(counter)) + .png)): null

2018-11-22 22:12:19 - [TEST_STEP][PASSED] - Statement - finalPath = pathPrefix + java.lang.Integer.toString(counter) + ".png": null

2018-11-22 22:12:19 - [TEST_STEP][PASSED] - Statement - SaveFile = new java.io.File(finalPath): null

2018-11-22 22:12:19 - [TEST_STEP][PASSED] - Statement - Try: null

2018-11-22 22:12:19 - [TEST_STEP][PASSED] - Statement - org.apache.commons.io.FileUtils.copyFile(scrFile, SaveFile): null

2018-11-22 22:12:19 - [TEST_STEP][PASSED] - Statement - out.println("file kept"): null

2018-11-22 22:12:19 - [TEST_STEP][PASSED] - delay: Delayed 10 second(s)

2018-11-22 22:12:29 - [MESSAGE][PASSED] - Delayed 10 second(s)

2018-11-22 22:12:29 - [MESSAGE][PASSED] - Call Test Case 'Test Cases/Final Aug 2018 - PKS Automation/Common/Screenshoting tool' successfully

2018-11-22 22:12:29 - [TEST_STEP][PASSED] - callTestCase: Call Test Case 'Test Cases/Final Aug 2018 - PKS Automation/Registration Module/Log Out/log out avoiding katalon tagging' successfully

2018-11-22 22:12:29 - [TEST_CASE][PASSED] - Test Cases/Final Aug 2018 - PKS Automation/Registration Module/Log Out/log out avoiding katalon tagging: Test Cases/Final Aug 2018 - PKS Automation/Registration Module/Log Out/log out avoiding katalon tagging

2018-11-22 22:12:29 - [TEST_STEP][PASSED] - navigateToUrl: Navigate to 'https://assist2-uat.perkeso.gov.my/c/portal/logout' successfully

2018-11-22 22:12:30 - [MESSAGE][PASSED] - Navigate to 'https://assist2-uat.perkeso.gov.my/c/portal/logout' successfully

2018-11-22 22:12:30 - [MESSAGE][PASSED] - Call Test Case 'Test Cases/Final Aug 2018 - PKS Automation/Registration Module/Log Out/log out avoiding katalon tagging' successfully

2018-11-22 22:12:30 - [TEST_STEP][FAILED] - callTestCase: Unable to call Test Case with id 'Test Cases/Final Aug 2018 - PKS Automation/Common/Workflow Owner Finder' (Root cause: Call Test Case 'Test Cases/Final Aug 2018 - PKS Automation/Common/Workflow Owner Finder' failed)

2018-11-22 22:12:30 - [TEST_CASE][FAILED] - Test Cases/Final Aug 2018 - PKS Automation/Common/Workflow Owner Finder: Test Cases/Final Aug 2018 - PKS Automation/Common/Workflow Owner Finder FAILED because (of) (Stack trace: com.kms.katalon.core.exception.StepFailedException: Unable to click on object 'Object Repository/Final Object Repo/Landing Page/Select to English' (Root cause: com.kms.katalon.core.webui.exception.WebElementNotFoundException: Web element with id: 'Object Repository/Final Object Repo/Landing Page/Select to English' located by 'By.xpath: //a[@class = 'taglib-language-list-text' and @lang = 'en-US' and (contains(text(), 'EN') or contains(., 'EN'))]' not found)
	at com.kms.katalon.core.keyword.internal.KeywordMain.stepFailed(KeywordMain.groovy:32)
	at com.kms.katalon.core.webui.keyword.internal.WebUIKeywordMain.stepFailed(WebUIKeywordMain.groovy:65)
	at com.kms.katalon.core.webui.keyword.internal.WebUIKeywordMain.runKeyword(WebUIKeywordMain.groovy:27)
	at com.kms.katalon.core.webui.keyword.builtin.ClickKeyword.click(ClickKeyword.groovy:86)
	at com.kms.katalon.core.webui.keyword.builtin.ClickKeyword.execute(ClickKeyword.groovy:67)
	at com.kms.katalon.core.keyword.internal.KeywordExecutor.executeKeywordForPlatform(KeywordExecutor.groovy:53)
	at com.kms.katalon.core.webui.keyword.WebUiBuiltInKeywords.click(WebUiBuiltInKeywords.groovy:604)
	at com.kms.katalon.core.webui.keyword.WebUiBuiltInKeywords$click$6.call(Unknown Source)
	at Script1534407542420.run(Script1534407542420.groovy:57)
	at com.kms.katalon.core.main.ScriptEngine.run(ScriptEngine.java:183)
	at com.kms.katalon.core.main.ScriptEngine.runScriptAsRawText(ScriptEngine.java:108)
	at com.kms.katalon.core.main.TestCaseExecutor.runScript(TestCaseExecutor.java:294)
	at com.kms.katalon.core.main.TestCaseExecutor.doExecute(TestCaseExecutor.java:285)
	at com.kms.katalon.core.main.TestCaseExecutor.processExecutionPhase(TestCaseExecutor.java:264)
	at com.kms.katalon.core.main.TestCaseExecutor.accessMainPhase(TestCaseExecutor.java:256)
	at com.kms.katalon.core.main.TestCaseExecutor.execute(TestCaseExecutor.java:200)
	at com.kms.katalon.core.main.TestCaseMain.runTestCase(TestCaseMain.java:99)
	at com.kms.katalon.core.keyword.builtin.CallTestCaseKeyword$_callTestCase_closure1.doCall(CallTestCaseKeyword.groovy:60)
	at com.kms.katalon.core.keyword.builtin.CallTestCaseKeyword$_callTestCase_closure1.call(CallTestCaseKeyword.groovy)
	at com.kms.katalon.core.keyword.internal.KeywordMain.runKeyword(KeywordMain.groovy:54)
	at com.kms.katalon.core.keyword.builtin.CallTestCaseKeyword.callTestCase(CallTestCaseKeyword.groovy:81)
	at com.kms.katalon.core.keyword.builtin.CallTestCaseKeyword.execute(CallTestCaseKeyword.groovy:45)
	at com.kms.katalon.core.keyword.internal.KeywordExecutor.executeKeywordForPlatform(KeywordExecutor.groovy:53)
	at com.kms.katalon.core.keyword.BuiltinKeywords.callTestCase(BuiltinKeywords.groovy:334)
	at sun.reflect.GeneratedMethodAccessor13.invoke(Unknown Source)
	at sun.reflect.DelegatingMethodAccessorImpl.invoke(DelegatingMethodAccessorImpl.java:43)
	at java.lang.reflect.Method.invoke(Method.java:498)
	at org.codehaus.groovy.reflection.CachedMethod.invoke(CachedMethod.java:93)
	at groovy.lang.MetaMethod.doMethodInvoke(MetaMethod.java:325)
	at groovy.lang.MetaClassImpl.invokeStaticMethod(MetaClassImpl.java:1469)
	at org.codehaus.groovy.runtime.callsite.StaticMetaClassSite.call(StaticMetaClassSite.java:53)
	at org.codehaus.groovy.runtime.callsite.CallSiteArray.defaultCall(CallSiteArray.java:48)
	at org.codehaus.groovy.runtime.callsite.AbstractCallSite.call(AbstractCallSite.java:113)
	at org.codehaus.groovy.runtime.callsite.AbstractCallSite.call(AbstractCallSite.java:141)
	at Script1536290785236.run(Script1536290785236.groovy:125)
	at com.kms.katalon.core.main.ScriptEngine.run(ScriptEngine.java:183)
	at com.kms.katalon.core.main.ScriptEngine.runScriptAsRawText(ScriptEngine.java:108)
	at com.kms.katalon.core.main.TestCaseExecutor.runScript(TestCaseExecutor.java:294)
	at com.kms.katalon.core.main.TestCaseExecutor.doExecute(TestCaseExecutor.java:285)
	at com.kms.katalon.core.main.TestCaseExecutor.processExecutionPhase(TestCaseExecutor.java:264)
	at com.kms.katalon.core.main.TestCaseExecutor.accessMainPhase(TestCaseExecutor.java:256)
	at com.kms.katalon.core.main.TestCaseExecutor.execute(TestCaseExecutor.java:200)
	at com.kms.katalon.core.main.TestSuiteExecutor.accessTestCaseMainPhase(TestSuiteExecutor.java:129)
	at com.kms.katalon.core.main.TestSuiteExecutor.accessTestSuiteMainPhase(TestSuiteExecutor.java:112)
	at com.kms.katalon.core.main.TestSuiteExecutor.execute(TestSuiteExecutor.java:81)
	at com.kms.katalon.core.main.TestCaseMain.startTestSuite(TestCaseMain.java:142)
	at com.kms.katalon.core.main.TestCaseMain$startTestSuite$0.call(Unknown Source)
	at org.codehaus.groovy.runtime.callsite.CallSiteArray.defaultCall(CallSiteArray.java:48)
	at org.codehaus.groovy.runtime.callsite.AbstractCallSite.call(AbstractCallSite.java:113)
	at org.codehaus.groovy.runtime.callsite.AbstractCallSite.call(AbstractCallSite.java:141)
	at TempTestSuite1542874456666.run(TempTestSuite1542874456666.groovy:36)
	at groovy.lang.GroovyShell.runScriptOrMainOrTestOrRunnable(GroovyShell.java:263)
	at groovy.lang.GroovyShell.run(GroovyShell.java:518)
	at groovy.lang.GroovyShell.run(GroovyShell.java:507)
	at groovy.ui.GroovyMain.processOnce(GroovyMain.java:653)
	at groovy.ui.GroovyMain.run(GroovyMain.java:384)
	at groovy.ui.GroovyMain.process(GroovyMain.java:370)
	at groovy.ui.GroovyMain.processArgs(GroovyMain.java:129)
	at groovy.ui.GroovyMain.main(GroovyMain.java:109)
	at sun.reflect.NativeMethodAccessorImpl.invoke0(Native Method)
	at sun.reflect.NativeMethodAccessorImpl.invoke(NativeMethodAccessorImpl.java:62)
	at sun.reflect.DelegatingMethodAccessorImpl.invoke(DelegatingMethodAccessorImpl.java:43)
	at java.lang.reflect.Method.invoke(Method.java:498)
	at org.codehaus.groovy.tools.GroovyStarter.rootLoader(GroovyStarter.java:109)
	at org.codehaus.groovy.tools.GroovyStarter.main(GroovyStarter.java:131)
)

2018-11-22 22:12:30 - [TEST_STEP][PASSED] - openBrowser: Browser is opened with url: ''

2018-11-22 22:12:30 - [MESSAGE][WARNING] - A browser is already opened. Closing browser and opening a new one

2018-11-22 22:12:34 - [MESSAGE][PASSED] - Browser is opened with url: ''

2018-11-22 22:12:34 - [TEST_STEP][PASSED] - navigateToUrl: Navigate to 'https://assist2-uat.perkeso.gov.my/login' successfully

2018-11-22 22:12:35 - [MESSAGE][PASSED] - Navigate to 'https://assist2-uat.perkeso.gov.my/login' successfully

2018-11-22 22:12:35 - [TEST_STEP][PASSED] - delay: Delayed 5 second(s)

2018-11-22 22:12:40 - [MESSAGE][PASSED] - Delayed 5 second(s)

2018-11-22 22:12:40 - [TEST_STEP][PASSED] - setText: Text 'test@liferay.com' is set on object 'Object Repository/Final Object Repo/Login Page/Internal User/Email Address'

2018-11-22 22:12:41 - [MESSAGE][PASSED] - Text 'test@liferay.com' is set on object 'Object Repository/Final Object Repo/Login Page/Internal User/Email Address'

2018-11-22 22:12:41 - [TEST_STEP][PASSED] - click: Object: 'Object Repository/Final Object Repo/Login Page/Internal User/Next Button' is clicked on

2018-11-22 22:12:41 - [MESSAGE][PASSED] - Object: 'Object Repository/Final Object Repo/Login Page/Internal User/Next Button' is clicked on

2018-11-22 22:12:41 - [TEST_STEP][PASSED] - delay: Delayed 2 second(s)

2018-11-22 22:12:43 - [MESSAGE][PASSED] - Delayed 2 second(s)

2018-11-22 22:12:43 - [TEST_STEP][PASSED] - setText: Text 'test' is set on object 'Object Repository/Final Object Repo/Login Page/Internal User/Password'

2018-11-22 22:12:43 - [MESSAGE][PASSED] - Text 'test' is set on object 'Object Repository/Final Object Repo/Login Page/Internal User/Password'

2018-11-22 22:12:43 - [TEST_STEP][PASSED] - delay: Delayed 2 second(s)

2018-11-22 22:12:45 - [MESSAGE][PASSED] - Delayed 2 second(s)

2018-11-22 22:12:45 - [TEST_STEP][PASSED] - click: Object: 'Object Repository/Final Object Repo/Login Page/Internal User/Login Button' is clicked on

2018-11-22 22:12:45 - [MESSAGE][PASSED] - Object: 'Object Repository/Final Object Repo/Login Page/Internal User/Login Button' is clicked on

2018-11-22 22:12:45 - [TEST_STEP][FAILED] - Statement - Try: Delayed 2 second(s)

2018-11-22 22:12:45 - [TEST_STEP][PASSED] - Statement - Checker = false: null

2018-11-22 22:12:45 - [TEST_STEP][PASSED] - Statement - Checker = com.kms.katalon.core.webui.keyword.WebUiBuiltInKeywords.verifyElementHasAttribute(com.kms.katalon.core.testobject.ObjectRepository.findTestObject(Final Object Repo/Landing Page/BM Detecting), "href", 20, OPTIONAL): Unable to verify if object 'Object Repository/Final Object Repo/Landing Page/BM Detecting' has attribute 'href' (Root cause: org.openqa.selenium.StaleElementReferenceException: stale element reference: element is not attached to the page document
  (Session info: chrome=70.0.3538.102)
  (Driver info: chromedriver=2.43.600210 (68dcf5eebde37173d4027fa8635e332711d2874a),platform=Windows NT 6.1.7601 SP1 x86_64) (WARNING: The server did not provide any stacktrace information)
Command duration or timeout: 0 milliseconds
For documentation on this error, please visit: http://seleniumhq.org/exceptions/stale_element_reference.html
Build info: version: '3.7.1', revision: '8a0099a', time: '2017-11-06T21:07:36.161Z'
System info: host: 'WIN7TEST02', ip: '10.20.3.72', os.name: 'Windows 7', os.arch: 'amd64', os.version: '6.1', java.version: '1.8.0_181'
Driver info: com.kms.katalon.selenium.driver.CChromeDriver
Capabilities {acceptInsecureCerts: false, acceptSslCerts: false, applicationCacheEnabled: false, browserConnectionEnabled: false, browserName: chrome, chrome: {chromedriverVersion: 2.43.600210 (68dcf5eebde371..., userDataDir: C:\Users\Admin\AppData\Loca...}, cssSelectorsEnabled: true, databaseEnabled: false, goog:chromeOptions: {debuggerAddress: localhost:64009}, handlesAlerts: true, hasTouchScreen: false, javascriptEnabled: true, locationContextEnabled: true, mobileEmulationEnabled: false, nativeEvents: true, networkConnectionEnabled: false, pageLoadStrategy: normal, platform: XP, platformName: XP, rotatable: false, setWindowRect: true, takesHeapSnapshot: true, takesScreenshot: true, unexpectedAlertBehaviour: , unhandledPromptBehavior: , version: 70.0.3538.102, webStorageEnabled: true}
Session ID: f99db26f61b29a2962c2af0c6f351210)

2018-11-22 22:12:48 - [MESSAGE][WARNING] - Unable to verify if object 'Object Repository/Final Object Repo/Landing Page/BM Detecting' has attribute 'href' (Root cause: org.openqa.selenium.StaleElementReferenceException: stale element reference: element is not attached to the page document
  (Session info: chrome=70.0.3538.102)
  (Driver info: chromedriver=2.43.600210 (68dcf5eebde37173d4027fa8635e332711d2874a),platform=Windows NT 6.1.7601 SP1 x86_64) (WARNING: The server did not provide any stacktrace information)
Command duration or timeout: 0 milliseconds
For documentation on this error, please visit: http://seleniumhq.org/exceptions/stale_element_reference.html
Build info: version: '3.7.1', revision: '8a0099a', time: '2017-11-06T21:07:36.161Z'
System info: host: 'WIN7TEST02', ip: '10.20.3.72', os.name: 'Windows 7', os.arch: 'amd64', os.version: '6.1', java.version: '1.8.0_181'
Driver info: com.kms.katalon.selenium.driver.CChromeDriver
Capabilities {acceptInsecureCerts: false, acceptSslCerts: false, applicationCacheEnabled: false, browserConnectionEnabled: false, browserName: chrome, chrome: {chromedriverVersion: 2.43.600210 (68dcf5eebde371..., userDataDir: C:\Users\Admin\AppData\Loca...}, cssSelectorsEnabled: true, databaseEnabled: false, goog:chromeOptions: {debuggerAddress: localhost:64009}, handlesAlerts: true, hasTouchScreen: false, javascriptEnabled: true, locationContextEnabled: true, mobileEmulationEnabled: false, nativeEvents: true, networkConnectionEnabled: false, pageLoadStrategy: normal, platform: XP, platformName: XP, rotatable: false, setWindowRect: true, takesHeapSnapshot: true, takesScreenshot: true, unexpectedAlertBehaviour: , unhandledPromptBehavior: , version: 70.0.3538.102, webStorageEnabled: true}
Session ID: f99db26f61b29a2962c2af0c6f351210)
[[ATTACHMENT|C:\\Users\\Admin\\Desktop\\PKS\\Perkeso Phase A\\Reports\\Workflow\\Update Add New Employee\\20181122_161416\\1542895967755.png]]

2018-11-22 22:12:48 - [TEST_STEP][PASSED] - Statement - out.println(Checker): null

2018-11-22 22:12:48 - [TEST_STEP][FAILED] - Statement - If (Checker == false): Unable to click on object 'Object Repository/Final Object Repo/Landing Page/Select to English' (Root cause: com.kms.katalon.core.webui.exception.WebElementNotFoundException: Web element with id: 'Object Repository/Final Object Repo/Landing Page/Select to English' located by 'By.xpath: //a[@class = 'taglib-language-list-text' and @lang = 'en-US' and (contains(text(), 'EN') or contains(., 'EN'))]' not found)

2018-11-22 22:12:48 - [TEST_STEP][FAILED] - click: Unable to click on object 'Object Repository/Final Object Repo/Landing Page/Select to English' (Root cause: com.kms.katalon.core.webui.exception.WebElementNotFoundException: Web element with id: 'Object Repository/Final Object Repo/Landing Page/Select to English' located by 'By.xpath: //a[@class = 'taglib-language-list-text' and @lang = 'en-US' and (contains(text(), 'EN') or contains(., 'EN'))]' not found)

2018-11-22 22:13:25 - [MESSAGE][FAILED] - Unable to click on object 'Object Repository/Final Object Repo/Landing Page/Select to English' (Root cause: com.kms.katalon.core.webui.exception.WebElementNotFoundException: Web element with id: 'Object Repository/Final Object Repo/Landing Page/Select to English' located by 'By.xpath: //a[@class = 'taglib-language-list-text' and @lang = 'en-US' and (contains(text(), 'EN') or contains(., 'EN'))]' not found)
[[ATTACHMENT|C:\\Users\\Admin\\Desktop\\PKS\\Perkeso Phase A\\Reports\\Workflow\\Update Add New Employee\\20181122_161416\\1542896005285.png]]

2018-11-22 22:13:25 - [TEST_STEP][PASSED] - delay: Delayed 2 second(s)

2018-11-22 22:13:27 - [MESSAGE][PASSED] - Delayed 2 second(s)

2018-11-22 22:13:27 - [TEST_STEP][PASSED] - delay: Delayed 3 second(s)

2018-11-22 22:13:30 - [MESSAGE][PASSED] - Delayed 3 second(s)

2018-11-22 22:13:30 - [TEST_STEP][PASSED] - mouseOver: Object: 'Object Repository/Final Object Repo/Landing Page/WorkFlow Menu' is hovered

2018-11-22 22:13:30 - [MESSAGE][PASSED] - Object: 'Object Repository/Final Object Repo/Landing Page/WorkFlow Menu' is hovered

2018-11-22 22:13:30 - [TEST_STEP][PASSED] - delay: Delayed 2 second(s)

2018-11-22 22:13:32 - [MESSAGE][PASSED] - Delayed 2 second(s)

2018-11-22 22:13:32 - [TEST_STEP][PASSED] - click: Object: 'Object Repository/Final Object Repo/Landing Page/Select to Workflow Listing' is clicked on

2018-11-22 22:13:34 - [MESSAGE][PASSED] - Object: 'Object Repository/Final Object Repo/Landing Page/Select to Workflow Listing' is clicked on

2018-11-22 22:13:34 - [TEST_STEP][PASSED] - delay: Delayed 2 second(s)

2018-11-22 22:13:36 - [MESSAGE][PASSED] - Delayed 2 second(s)

2018-11-22 22:13:36 - [TEST_STEP][PASSED] - click: Object: 'Object Repository/Final Object Repo/WorkFlow Listing Page/Search Information - To Put Ref No' is clicked on

2018-11-22 22:13:36 - [MESSAGE][PASSED] - Object: 'Object Repository/Final Object Repo/WorkFlow Listing Page/Search Information - To Put Ref No' is clicked on

2018-11-22 22:13:36 - [TEST_STEP][PASSED] - delay: Delayed 2 second(s)

2018-11-22 22:13:38 - [MESSAGE][PASSED] - Delayed 2 second(s)

2018-11-22 22:13:38 - [TEST_STEP][PASSED] - callTestCase: Call Test Case 'Test Cases/Final Aug 2018 - PKS Automation/Common/Reference Number Getter' successfully

2018-11-22 22:13:38 - [TEST_CASE][PASSED] - Test Cases/Final Aug 2018 - PKS Automation/Common/Reference Number Getter: Test Cases/Final Aug 2018 - PKS Automation/Common/Reference Number Getter

2018-11-22 22:13:38 - [TEST_STEP][PASSED] - Statement - Try: null

2018-11-22 22:13:38 - [TEST_STEP][PASSED] - Statement - RefNo = new java.io.File(C://Users//Admin//Desktop//PKS//Automation Reference Point//KatalonReference.txt): null

2018-11-22 22:13:38 - [TEST_STEP][PASSED] - Statement - bufferread = new java.io.BufferedReader(new java.io.FileReader(RefNo)): null

2018-11-22 22:13:38 - [TEST_STEP][PASSED] - Statement - readedVal = bufferread.readLine(): null

2018-11-22 22:13:38 - [TEST_STEP][PASSED] - Statement - out.println(CaseReferenceNo): null

2018-11-22 22:13:38 - [TEST_STEP][PASSED] - Statement - out.println(readedVal): null

2018-11-22 22:13:38 - [TEST_STEP][PASSED] - Statement - CaseReferenceNo = "": null

2018-11-22 22:13:38 - [TEST_STEP][PASSED] - Statement - CaseReferenceNo = readedVal: null

2018-11-22 22:13:38 - [MESSAGE][PASSED] - Call Test Case 'Test Cases/Final Aug 2018 - PKS Automation/Common/Reference Number Getter' successfully

2018-11-22 22:13:38 - [TEST_STEP][PASSED] - setText: Text 'CAN11201800002162' is set on object 'Object Repository/Final Object Repo/WorkFlow Listing Page/Ref No Set Text'

2018-11-22 22:13:38 - [MESSAGE][PASSED] - Text 'CAN11201800002162' is set on object 'Object Repository/Final Object Repo/WorkFlow Listing Page/Ref No Set Text'

2018-11-22 22:13:38 - [TEST_STEP][PASSED] - delay: Delayed 2 second(s)

2018-11-22 22:13:40 - [MESSAGE][PASSED] - Delayed 2 second(s)

2018-11-22 22:13:40 - [TEST_STEP][PASSED] - click: Object: 'Object Repository/Final Object Repo/WorkFlow Listing Page/Search Ref No Search Button' is clicked on

2018-11-22 22:13:40 - [MESSAGE][PASSED] - Object: 'Object Repository/Final Object Repo/WorkFlow Listing Page/Search Ref No Search Button' is clicked on

2018-11-22 22:13:40 - [TEST_STEP][PASSED] - delay: Delayed 4 second(s)

2018-11-22 22:13:44 - [MESSAGE][PASSED] - Delayed 4 second(s)

2018-11-22 22:13:44 - [TEST_STEP][PASSED] - click: Object: 'Object Repository/Final Object Repo/WorkFlow Listing Page/Click Continue Tooltip' is clicked on

2018-11-22 22:13:45 - [MESSAGE][PASSED] - Object: 'Object Repository/Final Object Repo/WorkFlow Listing Page/Click Continue Tooltip' is clicked on

2018-11-22 22:13:45 - [TEST_STEP][PASSED] - delay: Delayed 5 second(s)

2018-11-22 22:13:50 - [MESSAGE][PASSED] - Delayed 5 second(s)

2018-11-22 22:13:50 - [TEST_STEP][PASSED] - doubleClick: Object: 'Object Repository/Final Object Repo/WorkFlow Listing Page/Workflow Found - Listing 1' is double clicked on

2018-11-22 22:13:50 - [MESSAGE][PASSED] - Object: 'Object Repository/Final Object Repo/WorkFlow Listing Page/Workflow Found - Listing 1' is double clicked on

2018-11-22 22:13:50 - [TEST_STEP][PASSED] - Statement - println(OwnerID): null

2018-11-22 22:13:50 - [TEST_STEP][PASSED] - Statement - OwnerID = com.kms.katalon.core.webui.keyword.WebUiBuiltInKeywords.getText(com.kms.katalon.core.testobject.ObjectRepository.findTestObject(Final Object Repo/WorkFlow Listing Page/Workflow Found - Listing 1), STOP_ON_FAILURE): Text of object 'Object Repository/Final Object Repo/WorkFlow Listing Page/Workflow Found - Listing 1' is: 'KLpkrbo3'

2018-11-22 22:13:50 - [MESSAGE][PASSED] - Text of object 'Object Repository/Final Object Repo/WorkFlow Listing Page/Workflow Found - Listing 1' is: 'KLpkrbo3'

2018-11-22 22:13:50 - [TEST_STEP][PASSED] - Statement - OwnerID = OwnerID.toLowerCase() + "@gmail.com": null

2018-11-22 22:13:50 - [TEST_STEP][PASSED] - Statement - println(OwnerID): null

2018-11-22 22:13:50 - [TEST_STEP][PASSED] - delay: Delayed 2 second(s)

2018-11-22 22:13:52 - [MESSAGE][PASSED] - Delayed 2 second(s)

2018-11-22 22:13:52 - [MESSAGE][FAILED] - Unable to call Test Case with id 'Test Cases/Final Aug 2018 - PKS Automation/Common/Workflow Owner Finder' (Root cause: Call Test Case 'Test Cases/Final Aug 2018 - PKS Automation/Common/Workflow Owner Finder' failed)]]></system-out>
         <system-err><![CDATA[2018-11-22 22:02:49 - [TEST_CASE][FAILED] - Test Cases/Final Aug 2018 - PKS Automation/Registration Module/Workflow/Update Add New Employee/Special Case (OTC - PKR BO -  RO Approve): Test Cases/Final Aug 2018 - PKS Automation/Registration Module/Workflow/Update Add New Employee/Special Case (OTC - PKR BO -  RO Approve) FAILED because (of) (Stack trace: com.kms.katalon.core.exception.StepFailedException: Unable to click on object 'Object Repository/Final Object Repo/Landing Page/Select to English' (Root cause: com.kms.katalon.core.webui.exception.WebElementNotFoundException: Web element with id: 'Object Repository/Final Object Repo/Landing Page/Select to English' located by 'By.xpath: //a[@class = 'taglib-language-list-text' and @lang = 'en-US' and (contains(text(), 'EN') or contains(., 'EN'))]' not found)
	at com.kms.katalon.core.keyword.internal.KeywordMain.stepFailed(KeywordMain.groovy:32)
	at com.kms.katalon.core.webui.keyword.internal.WebUIKeywordMain.stepFailed(WebUIKeywordMain.groovy:65)
	at com.kms.katalon.core.webui.keyword.internal.WebUIKeywordMain.runKeyword(WebUIKeywordMain.groovy:27)
	at com.kms.katalon.core.webui.keyword.builtin.ClickKeyword.click(ClickKeyword.groovy:86)
	at com.kms.katalon.core.webui.keyword.builtin.ClickKeyword.execute(ClickKeyword.groovy:67)
	at com.kms.katalon.core.keyword.internal.KeywordExecutor.executeKeywordForPlatform(KeywordExecutor.groovy:53)
	at com.kms.katalon.core.webui.keyword.WebUiBuiltInKeywords.click(WebUiBuiltInKeywords.groovy:604)
	at com.kms.katalon.core.webui.keyword.WebUiBuiltInKeywords$click$6.call(Unknown Source)
	at Script1534407542420.run(Script1534407542420.groovy:57)
	at com.kms.katalon.core.main.ScriptEngine.run(ScriptEngine.java:183)
	at com.kms.katalon.core.main.ScriptEngine.runScriptAsRawText(ScriptEngine.java:108)
	at com.kms.katalon.core.main.TestCaseExecutor.runScript(TestCaseExecutor.java:294)
	at com.kms.katalon.core.main.TestCaseExecutor.doExecute(TestCaseExecutor.java:285)
	at com.kms.katalon.core.main.TestCaseExecutor.processExecutionPhase(TestCaseExecutor.java:264)
	at com.kms.katalon.core.main.TestCaseExecutor.accessMainPhase(TestCaseExecutor.java:256)
	at com.kms.katalon.core.main.TestCaseExecutor.execute(TestCaseExecutor.java:200)
	at com.kms.katalon.core.main.TestCaseMain.runTestCase(TestCaseMain.java:99)
	at com.kms.katalon.core.keyword.builtin.CallTestCaseKeyword$_callTestCase_closure1.doCall(CallTestCaseKeyword.groovy:60)
	at com.kms.katalon.core.keyword.builtin.CallTestCaseKeyword$_callTestCase_closure1.call(CallTestCaseKeyword.groovy)
	at com.kms.katalon.core.keyword.internal.KeywordMain.runKeyword(KeywordMain.groovy:54)
	at com.kms.katalon.core.keyword.builtin.CallTestCaseKeyword.callTestCase(CallTestCaseKeyword.groovy:81)
	at com.kms.katalon.core.keyword.builtin.CallTestCaseKeyword.execute(CallTestCaseKeyword.groovy:45)
	at com.kms.katalon.core.keyword.internal.KeywordExecutor.executeKeywordForPlatform(KeywordExecutor.groovy:53)
	at com.kms.katalon.core.keyword.BuiltinKeywords.callTestCase(BuiltinKeywords.groovy:334)
	at sun.reflect.GeneratedMethodAccessor13.invoke(Unknown Source)
	at sun.reflect.DelegatingMethodAccessorImpl.invoke(DelegatingMethodAccessorImpl.java:43)
	at java.lang.reflect.Method.invoke(Method.java:498)
	at org.codehaus.groovy.reflection.CachedMethod.invoke(CachedMethod.java:93)
	at groovy.lang.MetaMethod.doMethodInvoke(MetaMethod.java:325)
	at groovy.lang.MetaClassImpl.invokeStaticMethod(MetaClassImpl.java:1469)
	at org.codehaus.groovy.runtime.callsite.StaticMetaClassSite.call(StaticMetaClassSite.java:53)
	at org.codehaus.groovy.runtime.callsite.CallSiteArray.defaultCall(CallSiteArray.java:48)
	at org.codehaus.groovy.runtime.callsite.AbstractCallSite.call(AbstractCallSite.java:113)
	at org.codehaus.groovy.runtime.callsite.AbstractCallSite.call(AbstractCallSite.java:141)
	at Script1536290785236.run(Script1536290785236.groovy:125)
	at com.kms.katalon.core.main.ScriptEngine.run(ScriptEngine.java:183)
	at com.kms.katalon.core.main.ScriptEngine.runScriptAsRawText(ScriptEngine.java:108)
	at com.kms.katalon.core.main.TestCaseExecutor.runScript(TestCaseExecutor.java:294)
	at com.kms.katalon.core.main.TestCaseExecutor.doExecute(TestCaseExecutor.java:285)
	at com.kms.katalon.core.main.TestCaseExecutor.processExecutionPhase(TestCaseExecutor.java:264)
	at com.kms.katalon.core.main.TestCaseExecutor.accessMainPhase(TestCaseExecutor.java:256)
	at com.kms.katalon.core.main.TestCaseExecutor.execute(TestCaseExecutor.java:200)
	at com.kms.katalon.core.main.TestSuiteExecutor.accessTestCaseMainPhase(TestSuiteExecutor.java:129)
	at com.kms.katalon.core.main.TestSuiteExecutor.accessTestSuiteMainPhase(TestSuiteExecutor.java:112)
	at com.kms.katalon.core.main.TestSuiteExecutor.execute(TestSuiteExecutor.java:81)
	at com.kms.katalon.core.main.TestCaseMain.startTestSuite(TestCaseMain.java:142)
	at com.kms.katalon.core.main.TestCaseMain$startTestSuite$0.call(Unknown Source)
	at org.codehaus.groovy.runtime.callsite.CallSiteArray.defaultCall(CallSiteArray.java:48)
	at org.codehaus.groovy.runtime.callsite.AbstractCallSite.call(AbstractCallSite.java:113)
	at org.codehaus.groovy.runtime.callsite.AbstractCallSite.call(AbstractCallSite.java:141)
	at TempTestSuite1542874456666.run(TempTestSuite1542874456666.groovy:36)
	at groovy.lang.GroovyShell.runScriptOrMainOrTestOrRunnable(GroovyShell.java:263)
	at groovy.lang.GroovyShell.run(GroovyShell.java:518)
	at groovy.lang.GroovyShell.run(GroovyShell.java:507)
	at groovy.ui.GroovyMain.processOnce(GroovyMain.java:653)
	at groovy.ui.GroovyMain.run(GroovyMain.java:384)
	at groovy.ui.GroovyMain.process(GroovyMain.java:370)
	at groovy.ui.GroovyMain.processArgs(GroovyMain.java:129)
	at groovy.ui.GroovyMain.main(GroovyMain.java:109)
	at sun.reflect.NativeMethodAccessorImpl.invoke0(Native Method)
	at sun.reflect.NativeMethodAccessorImpl.invoke(NativeMethodAccessorImpl.java:62)
	at sun.reflect.DelegatingMethodAccessorImpl.invoke(DelegatingMethodAccessorImpl.java:43)
	at java.lang.reflect.Method.invoke(Method.java:498)
	at org.codehaus.groovy.tools.GroovyStarter.rootLoader(GroovyStarter.java:109)
	at org.codehaus.groovy.tools.GroovyStarter.main(GroovyStarter.java:131)
)]]></system-err>
      </testcase>
      <testcase name="Test Cases/Final Aug 2018 - PKS Automation/Registration Module/Workflow/Update Add New Employee/Special Case (OTC - PKR BO -  RO Under Enforcement)" classname="Test Cases/Final Aug 2018 - PKS Automation/Registration Module/Workflow/Update Add New Employee/Special Case (OTC - PKR BO -  RO Under Enforcement)" status="FAILED">
         <failure type="FAILED" message="(Stack trace: com.kms.katalon.core.exception.StepFailedException: Unable to click on object 'Object Repository/Final Object Repo/Landing Page/Select to English' (Root cause: com.kms.katalon.core.webui.exception.WebElementNotFoundException: Web element with id: 'Object Repository/Final Object Repo/Landing Page/Select to English' located by 'By.xpath: //a[@class = 'taglib-language-list-text' and @lang = 'en-US' and (contains(text(), 'EN') or contains(., 'EN'))]' not found)
	at com.kms.katalon.core.keyword.internal.KeywordMain.stepFailed(KeywordMain.groovy:32)
	at com.kms.katalon.core.webui.keyword.internal.WebUIKeywordMain.stepFailed(WebUIKeywordMain.groovy:65)
	at com.kms.katalon.core.webui.keyword.internal.WebUIKeywordMain.runKeyword(WebUIKeywordMain.groovy:27)
	at com.kms.katalon.core.webui.keyword.builtin.ClickKeyword.click(ClickKeyword.groovy:86)
	at com.kms.katalon.core.webui.keyword.builtin.ClickKeyword.execute(ClickKeyword.groovy:67)
	at com.kms.katalon.core.keyword.internal.KeywordExecutor.executeKeywordForPlatform(KeywordExecutor.groovy:53)
	at com.kms.katalon.core.webui.keyword.WebUiBuiltInKeywords.click(WebUiBuiltInKeywords.groovy:604)
	at com.kms.katalon.core.webui.keyword.WebUiBuiltInKeywords$click$6.call(Unknown Source)
	at Script1534407542420.run(Script1534407542420.groovy:57)
	at com.kms.katalon.core.main.ScriptEngine.run(ScriptEngine.java:183)
	at com.kms.katalon.core.main.ScriptEngine.runScriptAsRawText(ScriptEngine.java:108)
	at com.kms.katalon.core.main.TestCaseExecutor.runScript(TestCaseExecutor.java:294)
	at com.kms.katalon.core.main.TestCaseExecutor.doExecute(TestCaseExecutor.java:285)
	at com.kms.katalon.core.main.TestCaseExecutor.processExecutionPhase(TestCaseExecutor.java:264)
	at com.kms.katalon.core.main.TestCaseExecutor.accessMainPhase(TestCaseExecutor.java:256)
	at com.kms.katalon.core.main.TestCaseExecutor.execute(TestCaseExecutor.java:200)
	at com.kms.katalon.core.main.TestCaseMain.runTestCase(TestCaseMain.java:99)
	at com.kms.katalon.core.keyword.builtin.CallTestCaseKeyword$_callTestCase_closure1.doCall(CallTestCaseKeyword.groovy:60)
	at com.kms.katalon.core.keyword.builtin.CallTestCaseKeyword$_callTestCase_closure1.call(CallTestCaseKeyword.groovy)
	at com.kms.katalon.core.keyword.internal.KeywordMain.runKeyword(KeywordMain.groovy:54)
	at com.kms.katalon.core.keyword.builtin.CallTestCaseKeyword.callTestCase(CallTestCaseKeyword.groovy:81)
	at com.kms.katalon.core.keyword.builtin.CallTestCaseKeyword.execute(CallTestCaseKeyword.groovy:45)
	at com.kms.katalon.core.keyword.internal.KeywordExecutor.executeKeywordForPlatform(KeywordExecutor.groovy:53)
	at com.kms.katalon.core.keyword.BuiltinKeywords.callTestCase(BuiltinKeywords.groovy:334)
	at sun.reflect.GeneratedMethodAccessor13.invoke(Unknown Source)
	at sun.reflect.DelegatingMethodAccessorImpl.invoke(DelegatingMethodAccessorImpl.java:43)
	at java.lang.reflect.Method.invoke(Method.java:498)
	at org.codehaus.groovy.reflection.CachedMethod.invoke(CachedMethod.java:93)
	at groovy.lang.MetaMethod.doMethodInvoke(MetaMethod.java:325)
	at groovy.lang.MetaClassImpl.invokeStaticMethod(MetaClassImpl.java:1469)
	at org.codehaus.groovy.runtime.callsite.StaticMetaClassSite.call(StaticMetaClassSite.java:53)
	at org.codehaus.groovy.runtime.callsite.CallSiteArray.defaultCall(CallSiteArray.java:48)
	at org.codehaus.groovy.runtime.callsite.AbstractCallSite.call(AbstractCallSite.java:113)
	at org.codehaus.groovy.runtime.callsite.AbstractCallSite.call(AbstractCallSite.java:141)
	at Script1536307034674.run(Script1536307034674.groovy:125)
	at com.kms.katalon.core.main.ScriptEngine.run(ScriptEngine.java:183)
	at com.kms.katalon.core.main.ScriptEngine.runScriptAsRawText(ScriptEngine.java:108)
	at com.kms.katalon.core.main.TestCaseExecutor.runScript(TestCaseExecutor.java:294)
	at com.kms.katalon.core.main.TestCaseExecutor.doExecute(TestCaseExecutor.java:285)
	at com.kms.katalon.core.main.TestCaseExecutor.processExecutionPhase(TestCaseExecutor.java:264)
	at com.kms.katalon.core.main.TestCaseExecutor.accessMainPhase(TestCaseExecutor.java:256)
	at com.kms.katalon.core.main.TestCaseExecutor.execute(TestCaseExecutor.java:200)
	at com.kms.katalon.core.main.TestSuiteExecutor.accessTestCaseMainPhase(TestSuiteExecutor.java:129)
	at com.kms.katalon.core.main.TestSuiteExecutor.accessTestSuiteMainPhase(TestSuiteExecutor.java:112)
	at com.kms.katalon.core.main.TestSuiteExecutor.execute(TestSuiteExecutor.java:81)
	at com.kms.katalon.core.main.TestCaseMain.startTestSuite(TestCaseMain.java:142)
	at com.kms.katalon.core.main.TestCaseMain$startTestSuite$0.call(Unknown Source)
	at org.codehaus.groovy.runtime.callsite.CallSiteArray.defaultCall(CallSiteArray.java:48)
	at org.codehaus.groovy.runtime.callsite.AbstractCallSite.call(AbstractCallSite.java:113)
	at org.codehaus.groovy.runtime.callsite.AbstractCallSite.call(AbstractCallSite.java:141)
	at TempTestSuite1542874456666.run(TempTestSuite1542874456666.groovy:36)
	at groovy.lang.GroovyShell.runScriptOrMainOrTestOrRunnable(GroovyShell.java:263)
	at groovy.lang.GroovyShell.run(GroovyShell.java:518)
	at groovy.lang.GroovyShell.run(GroovyShell.java:507)
	at groovy.ui.GroovyMain.processOnce(GroovyMain.java:653)
	at groovy.ui.GroovyMain.run(GroovyMain.java:384)
	at groovy.ui.GroovyMain.process(GroovyMain.java:370)
	at groovy.ui.GroovyMain.processArgs(GroovyMain.java:129)
	at groovy.ui.GroovyMain.main(GroovyMain.java:109)
	at sun.reflect.NativeMethodAccessorImpl.invoke0(Native Method)
	at sun.reflect.NativeMethodAccessorImpl.invoke(NativeMethodAccessorImpl.java:62)
	at sun.reflect.DelegatingMethodAccessorImpl.invoke(DelegatingMethodAccessorImpl.java:43)
	at java.lang.reflect.Method.invoke(Method.java:498)
	at org.codehaus.groovy.tools.GroovyStarter.rootLoader(GroovyStarter.java:109)
	at org.codehaus.groovy.tools.GroovyStarter.main(GroovyStarter.java:131)
)"/>
         <system-out><![CDATA[2018-11-22 22:13:52 - [TEST_CASE][FAILED] - Test Cases/Final Aug 2018 - PKS Automation/Registration Module/Workflow/Update Add New Employee/Special Case (OTC - PKR BO -  RO Under Enforcement): Test Cases/Final Aug 2018 - PKS Automation/Registration Module/Workflow/Update Add New Employee/Special Case (OTC - PKR BO -  RO Under Enforcement) FAILED because (of) (Stack trace: com.kms.katalon.core.exception.StepFailedException: Unable to click on object 'Object Repository/Final Object Repo/Landing Page/Select to English' (Root cause: com.kms.katalon.core.webui.exception.WebElementNotFoundException: Web element with id: 'Object Repository/Final Object Repo/Landing Page/Select to English' located by 'By.xpath: //a[@class = 'taglib-language-list-text' and @lang = 'en-US' and (contains(text(), 'EN') or contains(., 'EN'))]' not found)
	at com.kms.katalon.core.keyword.internal.KeywordMain.stepFailed(KeywordMain.groovy:32)
	at com.kms.katalon.core.webui.keyword.internal.WebUIKeywordMain.stepFailed(WebUIKeywordMain.groovy:65)
	at com.kms.katalon.core.webui.keyword.internal.WebUIKeywordMain.runKeyword(WebUIKeywordMain.groovy:27)
	at com.kms.katalon.core.webui.keyword.builtin.ClickKeyword.click(ClickKeyword.groovy:86)
	at com.kms.katalon.core.webui.keyword.builtin.ClickKeyword.execute(ClickKeyword.groovy:67)
	at com.kms.katalon.core.keyword.internal.KeywordExecutor.executeKeywordForPlatform(KeywordExecutor.groovy:53)
	at com.kms.katalon.core.webui.keyword.WebUiBuiltInKeywords.click(WebUiBuiltInKeywords.groovy:604)
	at com.kms.katalon.core.webui.keyword.WebUiBuiltInKeywords$click$6.call(Unknown Source)
	at Script1534407542420.run(Script1534407542420.groovy:57)
	at com.kms.katalon.core.main.ScriptEngine.run(ScriptEngine.java:183)
	at com.kms.katalon.core.main.ScriptEngine.runScriptAsRawText(ScriptEngine.java:108)
	at com.kms.katalon.core.main.TestCaseExecutor.runScript(TestCaseExecutor.java:294)
	at com.kms.katalon.core.main.TestCaseExecutor.doExecute(TestCaseExecutor.java:285)
	at com.kms.katalon.core.main.TestCaseExecutor.processExecutionPhase(TestCaseExecutor.java:264)
	at com.kms.katalon.core.main.TestCaseExecutor.accessMainPhase(TestCaseExecutor.java:256)
	at com.kms.katalon.core.main.TestCaseExecutor.execute(TestCaseExecutor.java:200)
	at com.kms.katalon.core.main.TestCaseMain.runTestCase(TestCaseMain.java:99)
	at com.kms.katalon.core.keyword.builtin.CallTestCaseKeyword$_callTestCase_closure1.doCall(CallTestCaseKeyword.groovy:60)
	at com.kms.katalon.core.keyword.builtin.CallTestCaseKeyword$_callTestCase_closure1.call(CallTestCaseKeyword.groovy)
	at com.kms.katalon.core.keyword.internal.KeywordMain.runKeyword(KeywordMain.groovy:54)
	at com.kms.katalon.core.keyword.builtin.CallTestCaseKeyword.callTestCase(CallTestCaseKeyword.groovy:81)
	at com.kms.katalon.core.keyword.builtin.CallTestCaseKeyword.execute(CallTestCaseKeyword.groovy:45)
	at com.kms.katalon.core.keyword.internal.KeywordExecutor.executeKeywordForPlatform(KeywordExecutor.groovy:53)
	at com.kms.katalon.core.keyword.BuiltinKeywords.callTestCase(BuiltinKeywords.groovy:334)
	at sun.reflect.GeneratedMethodAccessor13.invoke(Unknown Source)
	at sun.reflect.DelegatingMethodAccessorImpl.invoke(DelegatingMethodAccessorImpl.java:43)
	at java.lang.reflect.Method.invoke(Method.java:498)
	at org.codehaus.groovy.reflection.CachedMethod.invoke(CachedMethod.java:93)
	at groovy.lang.MetaMethod.doMethodInvoke(MetaMethod.java:325)
	at groovy.lang.MetaClassImpl.invokeStaticMethod(MetaClassImpl.java:1469)
	at org.codehaus.groovy.runtime.callsite.StaticMetaClassSite.call(StaticMetaClassSite.java:53)
	at org.codehaus.groovy.runtime.callsite.CallSiteArray.defaultCall(CallSiteArray.java:48)
	at org.codehaus.groovy.runtime.callsite.AbstractCallSite.call(AbstractCallSite.java:113)
	at org.codehaus.groovy.runtime.callsite.AbstractCallSite.call(AbstractCallSite.java:141)
	at Script1536307034674.run(Script1536307034674.groovy:125)
	at com.kms.katalon.core.main.ScriptEngine.run(ScriptEngine.java:183)
	at com.kms.katalon.core.main.ScriptEngine.runScriptAsRawText(ScriptEngine.java:108)
	at com.kms.katalon.core.main.TestCaseExecutor.runScript(TestCaseExecutor.java:294)
	at com.kms.katalon.core.main.TestCaseExecutor.doExecute(TestCaseExecutor.java:285)
	at com.kms.katalon.core.main.TestCaseExecutor.processExecutionPhase(TestCaseExecutor.java:264)
	at com.kms.katalon.core.main.TestCaseExecutor.accessMainPhase(TestCaseExecutor.java:256)
	at com.kms.katalon.core.main.TestCaseExecutor.execute(TestCaseExecutor.java:200)
	at com.kms.katalon.core.main.TestSuiteExecutor.accessTestCaseMainPhase(TestSuiteExecutor.java:129)
	at com.kms.katalon.core.main.TestSuiteExecutor.accessTestSuiteMainPhase(TestSuiteExecutor.java:112)
	at com.kms.katalon.core.main.TestSuiteExecutor.execute(TestSuiteExecutor.java:81)
	at com.kms.katalon.core.main.TestCaseMain.startTestSuite(TestCaseMain.java:142)
	at com.kms.katalon.core.main.TestCaseMain$startTestSuite$0.call(Unknown Source)
	at org.codehaus.groovy.runtime.callsite.CallSiteArray.defaultCall(CallSiteArray.java:48)
	at org.codehaus.groovy.runtime.callsite.AbstractCallSite.call(AbstractCallSite.java:113)
	at org.codehaus.groovy.runtime.callsite.AbstractCallSite.call(AbstractCallSite.java:141)
	at TempTestSuite1542874456666.run(TempTestSuite1542874456666.groovy:36)
	at groovy.lang.GroovyShell.runScriptOrMainOrTestOrRunnable(GroovyShell.java:263)
	at groovy.lang.GroovyShell.run(GroovyShell.java:518)
	at groovy.lang.GroovyShell.run(GroovyShell.java:507)
	at groovy.ui.GroovyMain.processOnce(GroovyMain.java:653)
	at groovy.ui.GroovyMain.run(GroovyMain.java:384)
	at groovy.ui.GroovyMain.process(GroovyMain.java:370)
	at groovy.ui.GroovyMain.processArgs(GroovyMain.java:129)
	at groovy.ui.GroovyMain.main(GroovyMain.java:109)
	at sun.reflect.NativeMethodAccessorImpl.invoke0(Native Method)
	at sun.reflect.NativeMethodAccessorImpl.invoke(NativeMethodAccessorImpl.java:62)
	at sun.reflect.DelegatingMethodAccessorImpl.invoke(DelegatingMethodAccessorImpl.java:43)
	at java.lang.reflect.Method.invoke(Method.java:498)
	at org.codehaus.groovy.tools.GroovyStarter.rootLoader(GroovyStarter.java:109)
	at org.codehaus.groovy.tools.GroovyStarter.main(GroovyStarter.java:131)
)

2018-11-22 22:13:53 - [TEST_STEP][PASSED] - callTestCase: Call Test Case 'Test Cases/Final Aug 2018 - PKS Automation/Registration Module/Workflow/Update Add New Employee/Template/New Company for Update Add New' successfully

2018-11-22 22:13:53 - [TEST_CASE][PASSED] - Test Cases/Final Aug 2018 - PKS Automation/Registration Module/Workflow/Update Add New Employee/Template/New Company for Update Add New: Test Cases/Final Aug 2018 - PKS Automation/Registration Module/Workflow/Update Add New Employee/Template/New Company for Update Add New

2018-11-22 22:13:53 - [TEST_STEP][PASSED] - callTestCase: Call Test Case 'Test Cases/Final Aug 2018 - PKS Automation/Registration Module/New Registration/Form 1/Form 1 - Corporation - BHD' successfully

2018-11-22 22:13:53 - [TEST_CASE][PASSED] - Test Cases/Final Aug 2018 - PKS Automation/Registration Module/New Registration/Form 1/Form 1 - Corporation - BHD: Test Cases/Final Aug 2018 - PKS Automation/Registration Module/New Registration/Form 1/Form 1 - Corporation - BHD

2018-11-22 22:13:53 - [TEST_STEP][PASSED] - openBrowser: Browser is opened with url: ''

2018-11-22 22:13:53 - [MESSAGE][WARNING] - A browser is already opened. Closing browser and opening a new one

2018-11-22 22:13:57 - [MESSAGE][PASSED] - Browser is opened with url: ''

2018-11-22 22:13:57 - [TEST_STEP][PASSED] - navigateToUrl: Navigate to 'https://assist2-uat.perkeso.gov.my/login' successfully

2018-11-22 22:13:58 - [MESSAGE][PASSED] - Navigate to 'https://assist2-uat.perkeso.gov.my/login' successfully

2018-11-22 22:13:58 - [TEST_STEP][PASSED] - setText: Text 'johorotc1@gmail.com' is set on object 'Object Repository/Final Object Repo/Login Page/Internal User/Email Address'

2018-11-22 22:13:58 - [MESSAGE][PASSED] - Text 'johorotc1@gmail.com' is set on object 'Object Repository/Final Object Repo/Login Page/Internal User/Email Address'

2018-11-22 22:13:58 - [TEST_STEP][PASSED] - click: Object: 'Object Repository/Final Object Repo/Login Page/Internal User/Next Button' is clicked on

2018-11-22 22:13:58 - [MESSAGE][PASSED] - Object: 'Object Repository/Final Object Repo/Login Page/Internal User/Next Button' is clicked on

2018-11-22 22:13:58 - [TEST_STEP][PASSED] - delay: Delayed 1 second(s)

2018-11-22 22:13:59 - [MESSAGE][PASSED] - Delayed 1 second(s)

2018-11-22 22:13:59 - [TEST_STEP][PASSED] - setEncryptedText: Text ****** has been set on object 'Object Repository/Final Object Repo/Login Page/Internal User/Password'

2018-11-22 22:14:00 - [MESSAGE][PASSED] - Text ****** has been set on object 'Object Repository/Final Object Repo/Login Page/Internal User/Password'

2018-11-22 22:14:00 - [TEST_STEP][PASSED] - click: Object: 'Object Repository/Final Object Repo/Login Page/Internal User/Login Button' is clicked on

2018-11-22 22:14:00 - [MESSAGE][PASSED] - Object: 'Object Repository/Final Object Repo/Login Page/Internal User/Login Button' is clicked on

2018-11-22 22:14:00 - [TEST_STEP][PASSED] - delay: Delayed 1 second(s)

2018-11-22 22:14:01 - [MESSAGE][PASSED] - Delayed 1 second(s)

2018-11-22 22:14:01 - [TEST_STEP][PASSED] - Statement - Try: Delayed 2 second(s)

2018-11-22 22:14:01 - [TEST_STEP][PASSED] - Statement - Checker = false: null

2018-11-22 22:14:01 - [TEST_STEP][PASSED] - Statement - Checker = com.kms.katalon.core.webui.keyword.WebUiBuiltInKeywords.verifyElementHasAttribute(com.kms.katalon.core.testobject.ObjectRepository.findTestObject(Final Object Repo/Landing Page/BM Detecting), "href", 20, OPTIONAL): Object 'Object Repository/Final Object Repo/Landing Page/BM Detecting' has attribute 'href'

2018-11-22 22:14:02 - [MESSAGE][PASSED] - Object 'Object Repository/Final Object Repo/Landing Page/BM Detecting' has attribute 'href'

2018-11-22 22:14:02 - [TEST_STEP][PASSED] - Statement - out.println(Checker): null

2018-11-22 22:14:02 - [TEST_STEP][PASSED] - Statement - If (Checker == false): null

2018-11-22 22:14:02 - [TEST_STEP][PASSED] - Statement - Else: null

2018-11-22 22:14:02 - [TEST_STEP][PASSED] - delay: Delayed 2 second(s)

2018-11-22 22:14:04 - [MESSAGE][PASSED] - Delayed 2 second(s)

2018-11-22 22:14:04 - [TEST_STEP][PASSED] - navigateToUrl: Navigate to 'https://assist2-uat.perkeso.gov.my/web/registration/registration' successfully

2018-11-22 22:14:05 - [MESSAGE][PASSED] - Navigate to 'https://assist2-uat.perkeso.gov.my/web/registration/registration' successfully

2018-11-22 22:14:05 - [TEST_STEP][PASSED] - click: Object: 'Object Repository/Final Object Repo/New Registration - Registration Module Pages/Form 1/AEC - No' is clicked on

2018-11-22 22:14:05 - [MESSAGE][PASSED] - Object: 'Object Repository/Final Object Repo/New Registration - Registration Module Pages/Form 1/AEC - No' is clicked on

2018-11-22 22:14:05 - [TEST_STEP][PASSED] - click: Object: 'Object Repository/Final Object Repo/New Registration - Registration Module Pages/Form 1/Business Entity' is clicked on

2018-11-22 22:14:05 - [MESSAGE][PASSED] - Object: 'Object Repository/Final Object Repo/New Registration - Registration Module Pages/Form 1/Business Entity' is clicked on

2018-11-22 22:14:05 - [TEST_STEP][PASSED] - click: Object: 'Object Repository/Final Object Repo/New Registration - Registration Module Pages/Form 1/Businees Entity - Corporation' is clicked on

2018-11-22 22:14:06 - [MESSAGE][PASSED] - Object: 'Object Repository/Final Object Repo/New Registration - Registration Module Pages/Form 1/Businees Entity - Corporation' is clicked on

2018-11-22 22:14:06 - [TEST_STEP][PASSED] - delay: Delayed 1 second(s)

2018-11-22 22:14:07 - [MESSAGE][PASSED] - Delayed 1 second(s)

2018-11-22 22:14:07 - [TEST_STEP][PASSED] - click: Object: 'Object Repository/Final Object Repo/New Registration - Registration Module Pages/Form 1/Sub Business Entity' is clicked on

2018-11-22 22:14:07 - [MESSAGE][PASSED] - Object: 'Object Repository/Final Object Repo/New Registration - Registration Module Pages/Form 1/Sub Business Entity' is clicked on

2018-11-22 22:14:07 - [TEST_STEP][PASSED] - click: Object: 'Object Repository/Final Object Repo/New Registration - Registration Module Pages/Form 1/Sub Business Entity - Berhad' is clicked on

2018-11-22 22:14:07 - [MESSAGE][PASSED] - Object: 'Object Repository/Final Object Repo/New Registration - Registration Module Pages/Form 1/Sub Business Entity - Berhad' is clicked on

2018-11-22 22:14:07 - [TEST_STEP][PASSED] - delay: Delayed 1 second(s)

2018-11-22 22:14:08 - [MESSAGE][PASSED] - Delayed 1 second(s)

2018-11-22 22:14:08 - [TEST_STEP][PASSED] - setText: Text '123' is set on object 'Object Repository/Final Object Repo/New Registration - Registration Module Pages/Form 1/Registration Number'

2018-11-22 22:14:08 - [MESSAGE][PASSED] - Text '123' is set on object 'Object Repository/Final Object Repo/New Registration - Registration Module Pages/Form 1/Registration Number'

2018-11-22 22:14:08 - [TEST_STEP][PASSED] - click: Object: 'Object Repository/Final Object Repo/New Registration - Registration Module Pages/Form 1/Registred with SSM - Before Feb' is clicked on

2018-11-22 22:14:08 - [MESSAGE][PASSED] - Object: 'Object Repository/Final Object Repo/New Registration - Registration Module Pages/Form 1/Registred with SSM - Before Feb' is clicked on

2018-11-22 22:14:08 - [TEST_STEP][PASSED] - click: Object: 'Object Repository/Final Object Repo/New Registration - Registration Module Pages/Form 1/Registered As a Branch - Yes' is clicked on

2018-11-22 22:14:09 - [MESSAGE][PASSED] - Object: 'Object Repository/Final Object Repo/New Registration - Registration Module Pages/Form 1/Registered As a Branch - Yes' is clicked on

2018-11-22 22:14:09 - [TEST_STEP][PASSED] - click: Object: 'Object Repository/Final Object Repo/New Registration - Registration Module Pages/Form 1/Acknowledgement' is clicked on

2018-11-22 22:14:09 - [MESSAGE][PASSED] - Object: 'Object Repository/Final Object Repo/New Registration - Registration Module Pages/Form 1/Acknowledgement' is clicked on

2018-11-22 22:14:09 - [TEST_STEP][PASSED] - setText: Text 'perkeso' is set on object 'Object Repository/Final Object Repo/New Registration - Registration Module Pages/Form 1/Industry name'

2018-11-22 22:14:09 - [MESSAGE][PASSED] - Text 'perkeso' is set on object 'Object Repository/Final Object Repo/New Registration - Registration Module Pages/Form 1/Industry name'

2018-11-22 22:14:09 - [TEST_STEP][PASSED] - setText: Text 'perkeso1' is set on object 'Object Repository/Final Object Repo/New Registration - Registration Module Pages/Form 1/Postal Address1'

2018-11-22 22:14:09 - [MESSAGE][PASSED] - Text 'perkeso1' is set on object 'Object Repository/Final Object Repo/New Registration - Registration Module Pages/Form 1/Postal Address1'

2018-11-22 22:14:09 - [TEST_STEP][PASSED] - setText: Text 'perkeso2' is set on object 'Object Repository/Final Object Repo/New Registration - Registration Module Pages/Form 1/Postal Address2'

2018-11-22 22:14:10 - [MESSAGE][PASSED] - Text 'perkeso2' is set on object 'Object Repository/Final Object Repo/New Registration - Registration Module Pages/Form 1/Postal Address2'

2018-11-22 22:14:10 - [TEST_STEP][PASSED] - setText: Text 'perkeso3' is set on object 'Object Repository/Final Object Repo/New Registration - Registration Module Pages/Form 1/Postal Address3'

2018-11-22 22:14:10 - [MESSAGE][PASSED] - Text 'perkeso3' is set on object 'Object Repository/Final Object Repo/New Registration - Registration Module Pages/Form 1/Postal Address3'

2018-11-22 22:14:10 - [TEST_STEP][PASSED] - click: Object: 'Object Repository/Final Object Repo/New Registration - Registration Module Pages/Form 1/State' is clicked on

2018-11-22 22:14:10 - [MESSAGE][PASSED] - Object: 'Object Repository/Final Object Repo/New Registration - Registration Module Pages/Form 1/State' is clicked on

2018-11-22 22:14:10 - [TEST_STEP][PASSED] - click: Object: 'Object Repository/Final Object Repo/New Registration - Registration Module Pages/Form 1/State - Johor' is clicked on

2018-11-22 22:14:11 - [MESSAGE][PASSED] - Object: 'Object Repository/Final Object Repo/New Registration - Registration Module Pages/Form 1/State - Johor' is clicked on

2018-11-22 22:14:11 - [TEST_STEP][PASSED] - delay: Delayed 1 second(s)

2018-11-22 22:14:12 - [MESSAGE][PASSED] - Delayed 1 second(s)

2018-11-22 22:14:12 - [TEST_STEP][PASSED] - click: Object: 'Object Repository/Final Object Repo/New Registration - Registration Module Pages/Form 1/City' is clicked on

2018-11-22 22:14:12 - [MESSAGE][PASSED] - Object: 'Object Repository/Final Object Repo/New Registration - Registration Module Pages/Form 1/City' is clicked on

2018-11-22 22:14:12 - [TEST_STEP][PASSED] - setText: Text 'joh' is set on object 'Object Repository/Final Object Repo/New Registration - Registration Module Pages/Form 1/Postcode - 810'

2018-11-22 22:14:12 - [MESSAGE][PASSED] - Text 'joh' is set on object 'Object Repository/Final Object Repo/New Registration - Registration Module Pages/Form 1/Postcode - 810'

2018-11-22 22:14:12 - [TEST_STEP][PASSED] - delay: Delayed 1 second(s)

2018-11-22 22:14:13 - [MESSAGE][PASSED] - Delayed 1 second(s)

2018-11-22 22:14:13 - [TEST_STEP][PASSED] - click: Object: 'Object Repository/Final Object Repo/New Registration - Registration Module Pages/Form 1/City - Johor Bharu' is clicked on

2018-11-22 22:14:13 - [MESSAGE][PASSED] - Object: 'Object Repository/Final Object Repo/New Registration - Registration Module Pages/Form 1/City - Johor Bharu' is clicked on

2018-11-22 22:14:13 - [TEST_STEP][PASSED] - delay: Delayed 1 second(s)

2018-11-22 22:14:14 - [MESSAGE][PASSED] - Delayed 1 second(s)

2018-11-22 22:14:14 - [TEST_STEP][PASSED] - click: Object: 'Object Repository/Final Object Repo/New Registration - Registration Module Pages/Form 1/Postcode' is clicked on

2018-11-22 22:14:14 - [MESSAGE][PASSED] - Object: 'Object Repository/Final Object Repo/New Registration - Registration Module Pages/Form 1/Postcode' is clicked on

2018-11-22 22:14:14 - [TEST_STEP][PASSED] - delay: Delayed 1 second(s)

2018-11-22 22:14:15 - [MESSAGE][PASSED] - Delayed 1 second(s)

2018-11-22 22:14:15 - [TEST_STEP][PASSED] - setText: Text '810' is set on object 'Object Repository/Final Object Repo/New Registration - Registration Module Pages/Form 1/Postcode - 810'

2018-11-22 22:14:15 - [MESSAGE][PASSED] - Text '810' is set on object 'Object Repository/Final Object Repo/New Registration - Registration Module Pages/Form 1/Postcode - 810'

2018-11-22 22:14:15 - [TEST_STEP][PASSED] - delay: Delayed 3 second(s)

2018-11-22 22:14:18 - [MESSAGE][PASSED] - Delayed 3 second(s)

2018-11-22 22:14:18 - [TEST_STEP][PASSED] - click: Object: 'Object Repository/Final Object Repo/New Registration - Registration Module Pages/Form 1/Postcode - 81000' is clicked on

2018-11-22 22:14:19 - [MESSAGE][PASSED] - Object: 'Object Repository/Final Object Repo/New Registration - Registration Module Pages/Form 1/Postcode - 81000' is clicked on

2018-11-22 22:14:19 - [TEST_STEP][PASSED] - delay: Delayed 1 second(s)

2018-11-22 22:14:20 - [MESSAGE][PASSED] - Delayed 1 second(s)

2018-11-22 22:14:20 - [TEST_STEP][PASSED] - setText: Text '100' is set on object 'Object Repository/Final Object Repo/New Registration - Registration Module Pages/Form 1/P.O.BOX'

2018-11-22 22:14:20 - [MESSAGE][PASSED] - Text '100' is set on object 'Object Repository/Final Object Repo/New Registration - Registration Module Pages/Form 1/P.O.BOX'

2018-11-22 22:14:20 - [TEST_STEP][PASSED] - setText: Text '100' is set on object 'Object Repository/Final Object Repo/New Registration - Registration Module Pages/Form 1/Locked Bag No'

2018-11-22 22:14:20 - [MESSAGE][PASSED] - Text '100' is set on object 'Object Repository/Final Object Repo/New Registration - Registration Module Pages/Form 1/Locked Bag No'

2018-11-22 22:14:20 - [TEST_STEP][PASSED] - click: Object: 'Object Repository/Final Object Repo/New Registration - Registration Module Pages/Form 1/SOCSO Office Location' is clicked on

2018-11-22 22:14:20 - [MESSAGE][PASSED] - Object: 'Object Repository/Final Object Repo/New Registration - Registration Module Pages/Form 1/SOCSO Office Location' is clicked on

2018-11-22 22:14:20 - [TEST_STEP][PASSED] - click: Object: 'Object Repository/Final Object Repo/New Registration - Registration Module Pages/Form 1/SOCSO Office Location - Pejabat PERKESO Negeri Johor' is clicked on

2018-11-22 22:14:21 - [MESSAGE][PASSED] - Object: 'Object Repository/Final Object Repo/New Registration - Registration Module Pages/Form 1/SOCSO Office Location - Pejabat PERKESO Negeri Johor' is clicked on

2018-11-22 22:14:21 - [TEST_STEP][PASSED] - delay: Delayed 1 second(s)

2018-11-22 22:14:22 - [MESSAGE][PASSED] - Delayed 1 second(s)

2018-11-22 22:14:22 - [TEST_STEP][PASSED] - check: Object 'Object Repository/Final Object Repo/New Registration - Registration Module Pages/Form 1/Indusrty Address Same As Postal Address' is checked

2018-11-22 22:14:22 - [MESSAGE][PASSED] - Object 'Object Repository/Final Object Repo/New Registration - Registration Module Pages/Form 1/Indusrty Address Same As Postal Address' is checked

2018-11-22 22:14:22 - [TEST_STEP][PASSED] - delay: Delayed 3 second(s)

2018-11-22 22:14:25 - [MESSAGE][PASSED] - Delayed 3 second(s)

2018-11-22 22:14:25 - [TEST_STEP][PASSED] - click: Object: 'Object Repository/Final Object Repo/New Registration - Registration Module Pages/Form 1/Indusry Address Same As Postal Address False' is clicked on

2018-11-22 22:14:25 - [MESSAGE][PASSED] - Object: 'Object Repository/Final Object Repo/New Registration - Registration Module Pages/Form 1/Indusry Address Same As Postal Address False' is clicked on

2018-11-22 22:14:25 - [TEST_STEP][PASSED] - delay: Delayed 1 second(s)

2018-11-22 22:14:26 - [MESSAGE][PASSED] - Delayed 1 second(s)

2018-11-22 22:14:26 - [TEST_STEP][PASSED] - setText: Text 'perkeso1' is set on object 'Object Repository/Final Object Repo/New Registration - Registration Module Pages/Form 1/Industry Address1'

2018-11-22 22:14:26 - [MESSAGE][PASSED] - Text 'perkeso1' is set on object 'Object Repository/Final Object Repo/New Registration - Registration Module Pages/Form 1/Industry Address1'

2018-11-22 22:14:26 - [TEST_STEP][PASSED] - setText: Text 'perkeso2' is set on object 'Object Repository/Final Object Repo/New Registration - Registration Module Pages/Form 1/Industry Address2'

2018-11-22 22:14:27 - [MESSAGE][PASSED] - Text 'perkeso2' is set on object 'Object Repository/Final Object Repo/New Registration - Registration Module Pages/Form 1/Industry Address2'

2018-11-22 22:14:27 - [TEST_STEP][PASSED] - setText: Text 'perkeso3' is set on object 'Object Repository/Final Object Repo/New Registration - Registration Module Pages/Form 1/Industry Address3'

2018-11-22 22:14:27 - [MESSAGE][PASSED] - Text 'perkeso3' is set on object 'Object Repository/Final Object Repo/New Registration - Registration Module Pages/Form 1/Industry Address3'

2018-11-22 22:14:27 - [TEST_STEP][PASSED] - click: Object: 'Object Repository/Final Object Repo/New Registration - Registration Module Pages/Form 1/Industry State' is clicked on

2018-11-22 22:14:27 - [MESSAGE][PASSED] - Object: 'Object Repository/Final Object Repo/New Registration - Registration Module Pages/Form 1/Industry State' is clicked on

2018-11-22 22:14:27 - [TEST_STEP][PASSED] - delay: Delayed 2 second(s)

2018-11-22 22:14:29 - [MESSAGE][PASSED] - Delayed 2 second(s)

2018-11-22 22:14:29 - [TEST_STEP][PASSED] - click: Object: 'Object Repository/Final Object Repo/New Registration - Registration Module Pages/Form 1/Industry State - Johor' is clicked on

2018-11-22 22:14:29 - [MESSAGE][PASSED] - Object: 'Object Repository/Final Object Repo/New Registration - Registration Module Pages/Form 1/Industry State - Johor' is clicked on

2018-11-22 22:14:29 - [TEST_STEP][PASSED] - delay: Delayed 2 second(s)

2018-11-22 22:14:31 - [MESSAGE][PASSED] - Delayed 2 second(s)

2018-11-22 22:14:31 - [TEST_STEP][PASSED] - click: Object: 'Object Repository/Final Object Repo/New Registration - Registration Module Pages/Form 1/Industry Ciry' is clicked on

2018-11-22 22:14:32 - [MESSAGE][PASSED] - Object: 'Object Repository/Final Object Repo/New Registration - Registration Module Pages/Form 1/Industry Ciry' is clicked on

2018-11-22 22:14:32 - [TEST_STEP][PASSED] - setText: Text 'joh' is set on object 'Object Repository/Final Object Repo/New Registration - Registration Module Pages/Form 1/Industry Ciry - joh'

2018-11-22 22:14:32 - [MESSAGE][PASSED] - Text 'joh' is set on object 'Object Repository/Final Object Repo/New Registration - Registration Module Pages/Form 1/Industry Ciry - joh'

2018-11-22 22:14:32 - [TEST_STEP][PASSED] - delay: Delayed 2 second(s)

2018-11-22 22:14:34 - [MESSAGE][PASSED] - Delayed 2 second(s)

2018-11-22 22:14:34 - [TEST_STEP][PASSED] - click: Object: 'Object Repository/Final Object Repo/New Registration - Registration Module Pages/Form 1/Industy State - Johor Bharu' is clicked on

2018-11-22 22:14:34 - [MESSAGE][PASSED] - Object: 'Object Repository/Final Object Repo/New Registration - Registration Module Pages/Form 1/Industy State - Johor Bharu' is clicked on

2018-11-22 22:14:34 - [TEST_STEP][PASSED] - delay: Delayed 1 second(s)

2018-11-22 22:14:35 - [MESSAGE][PASSED] - Delayed 1 second(s)

2018-11-22 22:14:35 - [TEST_STEP][PASSED] - click: Object: 'Object Repository/Final Object Repo/New Registration - Registration Module Pages/Form 1/Indusry PostCode' is clicked on

2018-11-22 22:14:35 - [MESSAGE][PASSED] - Object: 'Object Repository/Final Object Repo/New Registration - Registration Module Pages/Form 1/Indusry PostCode' is clicked on

2018-11-22 22:14:35 - [TEST_STEP][PASSED] - delay: Delayed 1 second(s)

2018-11-22 22:14:36 - [MESSAGE][PASSED] - Delayed 1 second(s)

2018-11-22 22:14:36 - [TEST_STEP][PASSED] - setText: Text '810' is set on object 'Object Repository/Final Object Repo/New Registration - Registration Module Pages/Form 1/Insutry Post Code - 810'

2018-11-22 22:14:36 - [MESSAGE][PASSED] - Text '810' is set on object 'Object Repository/Final Object Repo/New Registration - Registration Module Pages/Form 1/Insutry Post Code - 810'

2018-11-22 22:14:36 - [TEST_STEP][PASSED] - delay: Delayed 1 second(s)

2018-11-22 22:14:37 - [MESSAGE][PASSED] - Delayed 1 second(s)

2018-11-22 22:14:37 - [TEST_STEP][PASSED] - click: Object: 'Object Repository/Final Object Repo/New Registration - Registration Module Pages/Form 1/Insutry Post Code - 81000' is clicked on

2018-11-22 22:14:38 - [MESSAGE][PASSED] - Object: 'Object Repository/Final Object Repo/New Registration - Registration Module Pages/Form 1/Insutry Post Code - 81000' is clicked on

2018-11-22 22:14:38 - [TEST_STEP][PASSED] - delay: Delayed 1 second(s)

2018-11-22 22:14:39 - [MESSAGE][PASSED] - Delayed 1 second(s)

2018-11-22 22:14:39 - [TEST_STEP][PASSED] - setText: Text '100' is set on object 'Object Repository/Final Object Repo/New Registration - Registration Module Pages/Form 1/Industry P.O.BOX'

2018-11-22 22:14:39 - [MESSAGE][PASSED] - Text '100' is set on object 'Object Repository/Final Object Repo/New Registration - Registration Module Pages/Form 1/Industry P.O.BOX'

2018-11-22 22:14:39 - [TEST_STEP][PASSED] - setText: Text '100' is set on object 'Object Repository/Final Object Repo/New Registration - Registration Module Pages/Form 1/Industry Locked Bag No'

2018-11-22 22:14:39 - [MESSAGE][PASSED] - Text '100' is set on object 'Object Repository/Final Object Repo/New Registration - Registration Module Pages/Form 1/Industry Locked Bag No'

2018-11-22 22:14:39 - [TEST_STEP][PASSED] - setText: Text '123456789' is set on object 'Object Repository/Final Object Repo/New Registration - Registration Module Pages/Form 1/Telephone No'

2018-11-22 22:14:40 - [MESSAGE][PASSED] - Text '123456789' is set on object 'Object Repository/Final Object Repo/New Registration - Registration Module Pages/Form 1/Telephone No'

2018-11-22 22:14:40 - [TEST_STEP][PASSED] - setText: Text '123456789' is set on object 'Object Repository/Final Object Repo/New Registration - Registration Module Pages/Form 1/Mobile No'

2018-11-22 22:14:40 - [MESSAGE][PASSED] - Text '123456789' is set on object 'Object Repository/Final Object Repo/New Registration - Registration Module Pages/Form 1/Mobile No'

2018-11-22 22:14:40 - [TEST_STEP][PASSED] - setText: Text '123456789' is set on object 'Object Repository/Final Object Repo/New Registration - Registration Module Pages/Form 1/Fax No'

2018-11-22 22:14:40 - [MESSAGE][PASSED] - Text '123456789' is set on object 'Object Repository/Final Object Repo/New Registration - Registration Module Pages/Form 1/Fax No'

2018-11-22 22:14:40 - [TEST_STEP][PASSED] - click: Object: 'Object Repository/Final Object Repo/New Registration - Registration Module Pages/Form 1/Industry Code' is clicked on

2018-11-22 22:14:40 - [MESSAGE][PASSED] - Object: 'Object Repository/Final Object Repo/New Registration - Registration Module Pages/Form 1/Industry Code' is clicked on

2018-11-22 22:14:40 - [TEST_STEP][PASSED] - click: Object: 'Object Repository/Final Object Repo/New Registration - Registration Module Pages/Form 1/Indudustry Code - Crops and Animal' is clicked on

2018-11-22 22:14:41 - [MESSAGE][PASSED] - Object: 'Object Repository/Final Object Repo/New Registration - Registration Module Pages/Form 1/Indudustry Code - Crops and Animal' is clicked on

2018-11-22 22:14:41 - [TEST_STEP][PASSED] - delay: Delayed 1 second(s)

2018-11-22 22:14:42 - [MESSAGE][PASSED] - Delayed 1 second(s)

2018-11-22 22:14:42 - [TEST_STEP][PASSED] - click: Object: 'Object Repository/Final Object Repo/New Registration - Registration Module Pages/Form 1/Sub Industry Code List' is clicked on

2018-11-22 22:14:42 - [MESSAGE][PASSED] - Object: 'Object Repository/Final Object Repo/New Registration - Registration Module Pages/Form 1/Sub Industry Code List' is clicked on

2018-11-22 22:14:42 - [TEST_STEP][PASSED] - click: Object: 'Object Repository/Final Object Repo/New Registration - Registration Module Pages/Form 1/Sub Industry Code List - Growing of Maize' is clicked on

2018-11-22 22:14:42 - [MESSAGE][PASSED] - Object: 'Object Repository/Final Object Repo/New Registration - Registration Module Pages/Form 1/Sub Industry Code List - Growing of Maize' is clicked on

2018-11-22 22:14:42 - [TEST_STEP][PASSED] - setText: Text 'perkeso123@gmail.com' is set on object 'Object Repository/Final Object Repo/New Registration - Registration Module Pages/Form 1/Email'

2018-11-22 22:14:43 - [MESSAGE][PASSED] - Text 'perkeso123@gmail.com' is set on object 'Object Repository/Final Object Repo/New Registration - Registration Module Pages/Form 1/Email'

2018-11-22 22:14:43 - [TEST_STEP][PASSED] - click: Object: 'Object Repository/Final Object Repo/New Registration - Registration Module Pages/Form 1/Method of Contribution Payment' is clicked on

2018-11-22 22:14:43 - [MESSAGE][PASSED] - Object: 'Object Repository/Final Object Repo/New Registration - Registration Module Pages/Form 1/Method of Contribution Payment' is clicked on

2018-11-22 22:14:43 - [TEST_STEP][PASSED] - click: Object: 'Object Repository/Final Object Repo/New Registration - Registration Module Pages/Form 1/Method of Contribution Payment - Portal' is clicked on

2018-11-22 22:14:43 - [MESSAGE][PASSED] - Object: 'Object Repository/Final Object Repo/New Registration - Registration Module Pages/Form 1/Method of Contribution Payment - Portal' is clicked on

2018-11-22 22:14:43 - [TEST_STEP][PASSED] - click: Object: 'Object Repository/Final Object Repo/New Registration - Registration Module Pages/Form 1/Servide Type' is clicked on

2018-11-22 22:14:43 - [MESSAGE][PASSED] - Object: 'Object Repository/Final Object Repo/New Registration - Registration Module Pages/Form 1/Servide Type' is clicked on

2018-11-22 22:14:43 - [TEST_STEP][PASSED] - click: Object: 'Object Repository/Final Object Repo/New Registration - Registration Module Pages/Form 1/Servide Type - Professional Bodies' is clicked on

2018-11-22 22:14:44 - [MESSAGE][PASSED] - Object: 'Object Repository/Final Object Repo/New Registration - Registration Module Pages/Form 1/Servide Type - Professional Bodies' is clicked on

2018-11-22 22:14:44 - [TEST_STEP][PASSED] - click: Object: 'Object Repository/Final Object Repo/New Registration - Registration Module Pages/Form 1/Industry Venue' is clicked on

2018-11-22 22:14:44 - [MESSAGE][PASSED] - Object: 'Object Repository/Final Object Repo/New Registration - Registration Module Pages/Form 1/Industry Venue' is clicked on

2018-11-22 22:14:44 - [TEST_STEP][PASSED] - click: Object: 'Object Repository/Final Object Repo/New Registration - Registration Module Pages/Form 1/Industry Venue -  PPN JOHOR' is clicked on

2018-11-22 22:14:44 - [MESSAGE][PASSED] - Object: 'Object Repository/Final Object Repo/New Registration - Registration Module Pages/Form 1/Industry Venue -  PPN JOHOR' is clicked on

2018-11-22 22:14:44 - [TEST_STEP][PASSED] - click: Object: 'Object Repository/Final Object Repo/New Registration - Registration Module Pages/Form 1/Save  Continue' is clicked on

2018-11-22 22:14:44 - [MESSAGE][PASSED] - Object: 'Object Repository/Final Object Repo/New Registration - Registration Module Pages/Form 1/Save  Continue' is clicked on

2018-11-22 22:14:44 - [MESSAGE][PASSED] - Call Test Case 'Test Cases/Final Aug 2018 - PKS Automation/Registration Module/New Registration/Form 1/Form 1 - Corporation - BHD' successfully

2018-11-22 22:14:44 - [TEST_STEP][PASSED] - callTestCase: Call Test Case 'Test Cases/Final Aug 2018 - PKS Automation/Registration Module/New Registration/Form 2/Add 1 Eligible' successfully

2018-11-22 22:14:44 - [TEST_CASE][PASSED] - Test Cases/Final Aug 2018 - PKS Automation/Registration Module/New Registration/Form 2/Add 1 Eligible: Test Cases/Final Aug 2018 - PKS Automation/Registration Module/New Registration/Form 2/Add 1 Eligible

2018-11-22 22:14:44 - [TEST_STEP][PASSED] - delay: Delayed 2 second(s)

2018-11-22 22:14:46 - [MESSAGE][PASSED] - Delayed 2 second(s)

2018-11-22 22:14:46 - [TEST_STEP][PASSED] - callTestCase: Call Test Case 'Test Cases/Final Aug 2018 - PKS Automation/Registration Module/New Registration/Form 2/Date Updater' successfully

2018-11-22 22:14:46 - [TEST_CASE][PASSED] - Test Cases/Final Aug 2018 - PKS Automation/Registration Module/New Registration/Form 2/Date Updater: Test Cases/Final Aug 2018 - PKS Automation/Registration Module/New Registration/Form 2/Date Updater

2018-11-22 22:14:46 - [TEST_STEP][PASSED] - Statement - TodayDate = new java.util.Date(): null

2018-11-22 22:14:46 - [TEST_STEP][PASSED] - Statement - CurrentDateNoFilter = new java.text.SimpleDateFormat(): null

2018-11-22 22:14:46 - [TEST_STEP][PASSED] - Statement - CurrentDateNoFilter.applyPattern("dd"): null

2018-11-22 22:14:46 - [TEST_STEP][PASSED] - Statement - CurrentDate = CurrentDateNoFilter.format(TodayDate): null

2018-11-22 22:14:46 - [TEST_STEP][PASSED] - Statement - CurrentDate = java.lang.Integer.parseInt(CurrentDate): null

2018-11-22 22:14:46 - [TEST_STEP][PASSED] - Statement - CurrentDate = CurrentDate: null

2018-11-22 22:14:46 - [TEST_STEP][PASSED] - Statement - CurrentDay = java.lang.Integer.parseInt(CurrentDate): null

2018-11-22 22:14:46 - [TEST_STEP][PASSED] - Statement - aDayBefore = CurrentDay + 1: null

2018-11-22 22:14:46 - [TEST_STEP][PASSED] - Statement - DayBefore = aDayBefore.toString(): null

2018-11-22 22:14:46 - [TEST_STEP][PASSED] - Statement - OneDayBefore = DayBefore: null

2018-11-22 22:14:46 - [TEST_STEP][PASSED] - Statement - CurrentDateNoFilter.applyPattern("MM"): null

2018-11-22 22:14:46 - [TEST_STEP][PASSED] - Statement - monthContainerMatcher = java.lang.Integer.parseInt(CurrentDateNoFilter.format(TodayDate)): null

2018-11-22 22:14:46 - [TEST_STEP][PASSED] - Statement - monthContainerMatcher = monthContainerMatcher - 1: null

2018-11-22 22:14:46 - [TEST_STEP][PASSED] - Statement - CurrentMonth = monthContainerMatcher.toString(): null

2018-11-22 22:14:46 - [TEST_STEP][PASSED] - Statement - CurrentMonth = CurrentMonth: null

2018-11-22 22:14:46 - [TEST_STEP][PASSED] - Statement - CurrentDateNoFilter.applyPattern("yyyy"): null

2018-11-22 22:14:46 - [TEST_STEP][PASSED] - Statement - CurrentYear = CurrentDateNoFilter.format(TodayDate): null

2018-11-22 22:14:46 - [TEST_STEP][PASSED] - Statement - CurrentYear = CurrentYear: null

2018-11-22 22:14:46 - [TEST_STEP][PASSED] - Statement - intCurrentYear = java.lang.Integer.parseInt(CurrentDateNoFilter.format(TodayDate)): null

2018-11-22 22:14:46 - [TEST_STEP][PASSED] - Statement - eighteenYrsAgo = intCurrentYear - 18: null

2018-11-22 22:14:46 - [TEST_STEP][PASSED] - Statement - eighteenYrsBeforeThisYr = eighteenYrsAgo.toString(): null

2018-11-22 22:14:46 - [TEST_STEP][PASSED] - Statement - EighteenYrsBefore = eighteenYrsBeforeThisYr: null

2018-11-22 22:14:46 - [TEST_STEP][PASSED] - Statement - fiftysevenYrsAgo = intCurrentYear - 57: null

2018-11-22 22:14:46 - [TEST_STEP][PASSED] - Statement - fiftysevenYrsBeforeThisYr = fiftysevenYrsAgo.toString(): null

2018-11-22 22:14:46 - [TEST_STEP][PASSED] - Statement - FiftysevenYrsBefore = fiftysevenYrsBeforeThisYr: null

2018-11-22 22:14:46 - [MESSAGE][PASSED] - Call Test Case 'Test Cases/Final Aug 2018 - PKS Automation/Registration Module/New Registration/Form 2/Date Updater' successfully

2018-11-22 22:14:46 - [TEST_STEP][PASSED] - delay: Delayed 1 second(s)

2018-11-22 22:14:47 - [MESSAGE][PASSED] - Delayed 1 second(s)

2018-11-22 22:14:47 - [TEST_STEP][PASSED] - Statement - CaseReferenceNo = com.kms.katalon.core.webui.keyword.WebUiBuiltInKeywords.getText(com.kms.katalon.core.testobject.ObjectRepository.findTestObject(Final Object Repo/New Registration - Registration Module Pages/Form 2/RefNo Acquiring)): Text of object 'Object Repository/Final Object Repo/New Registration - Registration Module Pages/Form 2/RefNo Acquiring' is: 'CRN11201800122702'

2018-11-22 22:14:47 - [MESSAGE][PASSED] - Text of object 'Object Repository/Final Object Repo/New Registration - Registration Module Pages/Form 2/RefNo Acquiring' is: 'CRN11201800122702'

2018-11-22 22:14:47 - [TEST_STEP][PASSED] - delay: Delayed 1 second(s)

2018-11-22 22:14:48 - [MESSAGE][PASSED] - Delayed 1 second(s)

2018-11-22 22:14:48 - [TEST_STEP][PASSED] - click: Object: 'Object Repository/Final Object Repo/New Registration - Registration Module Pages/Form 2/Add Employee Button' is clicked on

2018-11-22 22:14:49 - [MESSAGE][PASSED] - Object: 'Object Repository/Final Object Repo/New Registration - Registration Module Pages/Form 2/Add Employee Button' is clicked on

2018-11-22 22:14:49 - [TEST_STEP][PASSED] - delay: Delayed 1 second(s)

2018-11-22 22:14:50 - [MESSAGE][PASSED] - Delayed 1 second(s)

2018-11-22 22:14:50 - [TEST_STEP][PASSED] - setText: Text '010903091963' is set on object 'Object Repository/Final Object Repo/New Registration - Registration Module Pages/Form 2/NRIC Input'

2018-11-22 22:14:50 - [MESSAGE][PASSED] - Text '010903091963' is set on object 'Object Repository/Final Object Repo/New Registration - Registration Module Pages/Form 2/NRIC Input'

2018-11-22 22:14:50 - [TEST_STEP][PASSED] - click: Object: 'Object Repository/Final Object Repo/New Registration - Registration Module Pages/Form 2/button for search for IC' is clicked on

2018-11-22 22:14:50 - [MESSAGE][PASSED] - Object: 'Object Repository/Final Object Repo/New Registration - Registration Module Pages/Form 2/button for search for IC' is clicked on

2018-11-22 22:14:50 - [TEST_STEP][PASSED] - delay: Delayed 2 second(s)

2018-11-22 22:14:52 - [MESSAGE][PASSED] - Delayed 2 second(s)

2018-11-22 22:14:52 - [TEST_STEP][PASSED] - setText: Text 'Automate001 eligible 1' is set on object 'Object Repository/Final Object Repo/New Registration - Registration Module Pages/Form 2/Employee Name Input'

2018-11-22 22:14:53 - [MESSAGE][PASSED] - Text 'Automate001 eligible 1' is set on object 'Object Repository/Final Object Repo/New Registration - Registration Module Pages/Form 2/Employee Name Input'

2018-11-22 22:14:53 - [TEST_STEP][PASSED] - delay: Delayed 2 second(s)

2018-11-22 22:14:55 - [MESSAGE][PASSED] - Delayed 2 second(s)

2018-11-22 22:14:55 - [TEST_STEP][PASSED] - click: Object: 'Object Repository/Final Object Repo/New Registration - Registration Module Pages/Form 2/DatePicker Pop Up' is clicked on

2018-11-22 22:14:55 - [MESSAGE][PASSED] - Object: 'Object Repository/Final Object Repo/New Registration - Registration Module Pages/Form 2/DatePicker Pop Up' is clicked on

2018-11-22 22:14:55 - [TEST_STEP][PASSED] - click: Object: 'Object Repository/Final Object Repo/New Registration - Registration Module Pages/Form 2/DOB Month' is clicked on

2018-11-22 22:14:55 - [MESSAGE][PASSED] - Object: 'Object Repository/Final Object Repo/New Registration - Registration Module Pages/Form 2/DOB Month' is clicked on

2018-11-22 22:14:55 - [TEST_STEP][PASSED] - Statement - CurrentMonth = CurrentMonth: null

2018-11-22 22:14:55 - [TEST_STEP][PASSED] - Statement - selectMonth = new com.kms.katalon.core.testobject.TestObject(): null

2018-11-22 22:14:55 - [TEST_STEP][PASSED] - Statement - selectMonth.addProperty("xpath", EQUALS, "//body/div/div/div/select/option[@value='" + CurrentMonth + "']", true): null

2018-11-22 22:14:55 - [TEST_STEP][PASSED] - click: Object: '' is clicked on

2018-11-22 22:14:55 - [MESSAGE][PASSED] - Object: '' is clicked on

2018-11-22 22:14:55 - [TEST_STEP][PASSED] - click: Object: 'Object Repository/Final Object Repo/New Registration - Registration Module Pages/Form 2/DOB Year' is clicked on

2018-11-22 22:14:55 - [MESSAGE][PASSED] - Object: 'Object Repository/Final Object Repo/New Registration - Registration Module Pages/Form 2/DOB Year' is clicked on

2018-11-22 22:14:55 - [TEST_STEP][PASSED] - Statement - Eyearsbf = EighteenYrsBefore: null

2018-11-22 22:14:55 - [TEST_STEP][PASSED] - Statement - selectYear = new com.kms.katalon.core.testobject.TestObject(): null

2018-11-22 22:14:55 - [TEST_STEP][PASSED] - Statement - selectYear.addProperty("xpath", EQUALS, "//div/div/div/select/option[@value='" + Eyearsbf + "']", true): null

2018-11-22 22:14:55 - [TEST_STEP][PASSED] - click: Object: '' is clicked on

2018-11-22 22:14:55 - [MESSAGE][PASSED] - Object: '' is clicked on

2018-11-22 22:14:55 - [TEST_STEP][PASSED] - Statement - UpdatedSelectDate = com.kms.katalon.core.webui.keyword.WebUiBuiltInKeywords.modifyObjectProperty(com.kms.katalon.core.testobject.ObjectRepository.findTestObject(Final Object Repo/New Registration - Registration Module Pages/Form 2/DOB Date), "xpath", "equals", "//body/div/table/tbody/tr/td/a[text()="" + CurrentDate + ""]", true): Modify property of object successfully

2018-11-22 22:14:55 - [MESSAGE][PASSED] - Modify property of object successfully

2018-11-22 22:14:55 - [TEST_STEP][PASSED] - delay: Delayed 3 second(s)

2018-11-22 22:14:58 - [MESSAGE][PASSED] - Delayed 3 second(s)

2018-11-22 22:14:58 - [TEST_STEP][PASSED] - click: Object: 'Object Repository/Final Object Repo/New Registration - Registration Module Pages/Form 2/DOB Date' is clicked on

2018-11-22 22:14:59 - [MESSAGE][PASSED] - Object: 'Object Repository/Final Object Repo/New Registration - Registration Module Pages/Form 2/DOB Date' is clicked on

2018-11-22 22:14:59 - [TEST_STEP][PASSED] - delay: Delayed 2 second(s)

2018-11-22 22:15:01 - [MESSAGE][PASSED] - Delayed 2 second(s)

2018-11-22 22:15:01 - [TEST_STEP][PASSED] - click: Object: 'Object Repository/Final Object Repo/New Registration - Registration Module Pages/Form 2/EmploymentStartDate Pop Up' is clicked on

2018-11-22 22:15:01 - [MESSAGE][PASSED] - Object: 'Object Repository/Final Object Repo/New Registration - Registration Module Pages/Form 2/EmploymentStartDate Pop Up' is clicked on

2018-11-22 22:15:01 - [TEST_STEP][PASSED] - delay: Delayed 2 second(s)

2018-11-22 22:15:03 - [MESSAGE][PASSED] - Delayed 2 second(s)

2018-11-22 22:15:03 - [TEST_STEP][PASSED] - click: Object: 'Object Repository/Final Object Repo/New Registration - Registration Module Pages/Form 2/Socso Employment StartDate Month' is clicked on

2018-11-22 22:15:03 - [MESSAGE][PASSED] - Object: 'Object Repository/Final Object Repo/New Registration - Registration Module Pages/Form 2/Socso Employment StartDate Month' is clicked on

2018-11-22 22:15:03 - [TEST_STEP][PASSED] - delay: Delayed 1 second(s)

2018-11-22 22:15:04 - [MESSAGE][PASSED] - Delayed 1 second(s)

2018-11-22 22:15:04 - [TEST_STEP][PASSED] - click: Object: 'Object Repository/Final Object Repo/New Registration - Registration Module Pages/Form 2/Select Socso Employement Startdate Month' is clicked on

2018-11-22 22:15:04 - [MESSAGE][PASSED] - Object: 'Object Repository/Final Object Repo/New Registration - Registration Module Pages/Form 2/Select Socso Employement Startdate Month' is clicked on

2018-11-22 22:15:04 - [TEST_STEP][PASSED] - delay: Delayed 2 second(s)

2018-11-22 22:15:06 - [MESSAGE][PASSED] - Delayed 2 second(s)

2018-11-22 22:15:06 - [TEST_STEP][PASSED] - click: Object: 'Object Repository/Final Object Repo/New Registration - Registration Module Pages/Form 2/Socso Employment StartDate Year' is clicked on

2018-11-22 22:15:06 - [MESSAGE][PASSED] - Object: 'Object Repository/Final Object Repo/New Registration - Registration Module Pages/Form 2/Socso Employment StartDate Year' is clicked on

2018-11-22 22:15:06 - [TEST_STEP][PASSED] - delay: Delayed 1 second(s)

2018-11-22 22:15:07 - [MESSAGE][PASSED] - Delayed 1 second(s)

2018-11-22 22:15:07 - [TEST_STEP][PASSED] - click: Object: 'Object Repository/Final Object Repo/New Registration - Registration Module Pages/Form 2/Select Socso Employment Startdate Year' is clicked on

2018-11-22 22:15:07 - [MESSAGE][PASSED] - Object: 'Object Repository/Final Object Repo/New Registration - Registration Module Pages/Form 2/Select Socso Employment Startdate Year' is clicked on

2018-11-22 22:15:07 - [TEST_STEP][PASSED] - delay: Delayed 2 second(s)

2018-11-22 22:15:09 - [MESSAGE][PASSED] - Delayed 2 second(s)

2018-11-22 22:15:09 - [TEST_STEP][PASSED] - click: Object: 'Object Repository/Final Object Repo/New Registration - Registration Module Pages/Form 2/Socso Employment Start Date Day' is clicked on

2018-11-22 22:15:10 - [MESSAGE][PASSED] - Object: 'Object Repository/Final Object Repo/New Registration - Registration Module Pages/Form 2/Socso Employment Start Date Day' is clicked on

2018-11-22 22:15:10 - [TEST_STEP][PASSED] - delay: Delayed 2 second(s)

2018-11-22 22:15:12 - [MESSAGE][PASSED] - Delayed 2 second(s)

2018-11-22 22:15:12 - [TEST_STEP][PASSED] - click: Object: 'Object Repository/Final Object Repo/New Registration - Registration Module Pages/Form 2/Save Button for Add Employee' is clicked on

2018-11-22 22:15:12 - [MESSAGE][PASSED] - Object: 'Object Repository/Final Object Repo/New Registration - Registration Module Pages/Form 2/Save Button for Add Employee' is clicked on

2018-11-22 22:15:12 - [TEST_STEP][PASSED] - delay: Delayed 6 second(s)

2018-11-22 22:15:18 - [MESSAGE][PASSED] - Delayed 6 second(s)

2018-11-22 22:15:18 - [TEST_STEP][PASSED] - click: Object: 'Object Repository/Final Object Repo/New Registration - Registration Module Pages/Form 2/Save and Continue Form 2' is clicked on

2018-11-22 22:15:18 - [MESSAGE][PASSED] - Object: 'Object Repository/Final Object Repo/New Registration - Registration Module Pages/Form 2/Save and Continue Form 2' is clicked on

2018-11-22 22:15:18 - [MESSAGE][PASSED] - Call Test Case 'Test Cases/Final Aug 2018 - PKS Automation/Registration Module/New Registration/Form 2/Add 1 Eligible' successfully

2018-11-22 22:15:18 - [TEST_STEP][PASSED] - callTestCase: Call Test Case 'Test Cases/Final Aug 2018 - PKS Automation/Registration Module/New Registration/Flow of New Registration/Third Screen - Upload Supporting Doc - Preview' successfully

2018-11-22 22:15:18 - [TEST_CASE][PASSED] - Test Cases/Final Aug 2018 - PKS Automation/Registration Module/New Registration/Flow of New Registration/Third Screen - Upload Supporting Doc - Preview: Test Cases/Final Aug 2018 - PKS Automation/Registration Module/New Registration/Flow of New Registration/Third Screen - Upload Supporting Doc - Preview

2018-11-22 22:15:18 - [TEST_STEP][PASSED] - waitForPageLoad: Wait for page load successfully

2018-11-22 22:15:19 - [MESSAGE][PASSED] - Wait for page load successfully

2018-11-22 22:15:19 - [TEST_STEP][PASSED] - Statement - CaseReferenceNo = com.kms.katalon.core.webui.keyword.WebUiBuiltInKeywords.getText(com.kms.katalon.core.testobject.ObjectRepository.findTestObject(Final Object Repo/New Registration - Registration Module Pages/Third Screen - Upload Supporting Doc- Preview/RefNo Acquiring)): Text of object 'Object Repository/Final Object Repo/New Registration - Registration Module Pages/Third Screen - Upload Supporting Doc- Preview/RefNo Acquiring' is: 'CRN11201800122702'

2018-11-22 22:15:19 - [MESSAGE][PASSED] - Text of object 'Object Repository/Final Object Repo/New Registration - Registration Module Pages/Third Screen - Upload Supporting Doc- Preview/RefNo Acquiring' is: 'CRN11201800122702'

2018-11-22 22:15:19 - [TEST_STEP][PASSED] - delay: Delayed 2 second(s)

2018-11-22 22:15:21 - [MESSAGE][PASSED] - Delayed 2 second(s)

2018-11-22 22:15:21 - [TEST_STEP][PASSED] - callTestCase: Call Test Case 'Test Cases/Final Aug 2018 - PKS Automation/Common/Reference Number Setter' successfully

2018-11-22 22:15:21 - [TEST_CASE][PASSED] - Test Cases/Final Aug 2018 - PKS Automation/Common/Reference Number Setter: Test Cases/Final Aug 2018 - PKS Automation/Common/Reference Number Setter

2018-11-22 22:15:21 - [TEST_STEP][PASSED] - Statement - RefNoOldFile = new java.io.File(C://Users//Admin//Desktop//PKS//Automation Reference Point//KatalonReference.txt): null

2018-11-22 22:15:21 - [TEST_STEP][PASSED] - Statement - RefNoOldFile.delete(): null

2018-11-22 22:15:21 - [TEST_STEP][PASSED] - delay: Delayed 5 second(s)

2018-11-22 22:15:26 - [MESSAGE][PASSED] - Delayed 5 second(s)

2018-11-22 22:15:26 - [TEST_STEP][PASSED] - Statement - RefNo = new java.io.File(C://Users//Admin//Desktop//PKS//Automation Reference Point//KatalonReference.txt): null

2018-11-22 22:15:26 - [TEST_STEP][PASSED] - Statement - f2 = new java.io.FileWriter(RefNo, false): null

2018-11-22 22:15:26 - [TEST_STEP][PASSED] - Statement - f2.write(CaseReferenceNo): null

2018-11-22 22:15:26 - [TEST_STEP][PASSED] - Statement - f2.close(): null

2018-11-22 22:15:26 - [TEST_STEP][PASSED] - Statement - out.println("


" + CaseReferenceNo + "


"): null

2018-11-22 22:15:26 - [MESSAGE][PASSED] - Call Test Case 'Test Cases/Final Aug 2018 - PKS Automation/Common/Reference Number Setter' successfully

2018-11-22 22:15:26 - [TEST_STEP][PASSED] - waitForElementClickable: Object 'Object Repository/Final Object Repo/New Registration - Registration Module Pages/Third Screen - Upload Supporting Doc- Preview/Save n Continue in SIP Employee Listing Page' is clickable

2018-11-22 22:15:26 - [MESSAGE][PASSED] - Object 'Object Repository/Final Object Repo/New Registration - Registration Module Pages/Third Screen - Upload Supporting Doc- Preview/Save n Continue in SIP Employee Listing Page' is clickable

2018-11-22 22:15:26 - [TEST_STEP][PASSED] - click: Object: 'Object Repository/Final Object Repo/New Registration - Registration Module Pages/Third Screen - Upload Supporting Doc- Preview/Save n Continue in SIP Employee Listing Page' is clicked on

2018-11-22 22:15:31 - [MESSAGE][PASSED] - Object: 'Object Repository/Final Object Repo/New Registration - Registration Module Pages/Third Screen - Upload Supporting Doc- Preview/Save n Continue in SIP Employee Listing Page' is clicked on

2018-11-22 22:15:31 - [TEST_STEP][PASSED] - delay: Delayed 7 second(s)

2018-11-22 22:15:38 - [MESSAGE][PASSED] - Delayed 7 second(s)

2018-11-22 22:15:38 - [TEST_STEP][PASSED] - click: Object: 'Object Repository/Final Object Repo/New Registration - Registration Module Pages/Third Screen - Upload Supporting Doc- Preview/Add Document Button' is clicked on

2018-11-22 22:15:39 - [MESSAGE][PASSED] - Object: 'Object Repository/Final Object Repo/New Registration - Registration Module Pages/Third Screen - Upload Supporting Doc- Preview/Add Document Button' is clicked on

2018-11-22 22:15:39 - [TEST_STEP][PASSED] - delay: Delayed 30 second(s)

2018-11-22 22:16:09 - [MESSAGE][PASSED] - Delayed 30 second(s)

2018-11-22 22:16:09 - [TEST_STEP][PASSED] - click: Object: 'Object Repository/Final Object Repo/New Registration - Registration Module Pages/Third Screen - Upload Supporting Doc- Preview/Supporting Doc Please Select Drop Down' is clicked on

2018-11-22 22:16:09 - [MESSAGE][PASSED] - Object: 'Object Repository/Final Object Repo/New Registration - Registration Module Pages/Third Screen - Upload Supporting Doc- Preview/Supporting Doc Please Select Drop Down' is clicked on

2018-11-22 22:16:09 - [TEST_STEP][PASSED] - delay: Delayed 2 second(s)

2018-11-22 22:16:11 - [MESSAGE][PASSED] - Delayed 2 second(s)

2018-11-22 22:16:11 - [TEST_STEP][PASSED] - click: Object: 'Object Repository/Final Object Repo/New Registration - Registration Module Pages/Third Screen - Upload Supporting Doc- Preview/Select to Upload Form 1' is clicked on

2018-11-22 22:16:11 - [MESSAGE][PASSED] - Object: 'Object Repository/Final Object Repo/New Registration - Registration Module Pages/Third Screen - Upload Supporting Doc- Preview/Select to Upload Form 1' is clicked on

2018-11-22 22:16:11 - [TEST_STEP][PASSED] - delay: Delayed 2 second(s)

2018-11-22 22:16:13 - [MESSAGE][PASSED] - Delayed 2 second(s)

2018-11-22 22:16:13 - [TEST_STEP][PASSED] - uploadFile: File 'C:\Users\Public\Pictures\Sample Pictures\Koala.jpg' sent to object: 'Object Repository/Final Object Repo/New Registration - Registration Module Pages/Third Screen - Upload Supporting Doc- Preview/Upload File Adding'

2018-11-22 22:16:13 - [MESSAGE][PASSED] - File 'C:\Users\Public\Pictures\Sample Pictures\Koala.jpg' sent to object: 'Object Repository/Final Object Repo/New Registration - Registration Module Pages/Third Screen - Upload Supporting Doc- Preview/Upload File Adding'

2018-11-22 22:16:13 - [TEST_STEP][PASSED] - delay: Delayed 5 second(s)

2018-11-22 22:16:18 - [MESSAGE][PASSED] - Delayed 5 second(s)

2018-11-22 22:16:18 - [TEST_STEP][PASSED] - click: Object: 'Object Repository/Final Object Repo/New Registration - Registration Module Pages/Third Screen - Upload Supporting Doc- Preview/Inner Form Add Document Button' is clicked on

2018-11-22 22:16:18 - [MESSAGE][PASSED] - Object: 'Object Repository/Final Object Repo/New Registration - Registration Module Pages/Third Screen - Upload Supporting Doc- Preview/Inner Form Add Document Button' is clicked on

2018-11-22 22:16:18 - [TEST_STEP][PASSED] - delay: Delayed 3 second(s)

2018-11-22 22:16:21 - [MESSAGE][PASSED] - Delayed 3 second(s)

2018-11-22 22:16:21 - [TEST_STEP][PASSED] - click: Object: 'Object Repository/Final Object Repo/New Registration - Registration Module Pages/Third Screen - Upload Supporting Doc- Preview/Add Document Button' is clicked on

2018-11-22 22:16:23 - [MESSAGE][PASSED] - Object: 'Object Repository/Final Object Repo/New Registration - Registration Module Pages/Third Screen - Upload Supporting Doc- Preview/Add Document Button' is clicked on

2018-11-22 22:16:23 - [TEST_STEP][PASSED] - delay: Delayed 30 second(s)

2018-11-22 22:16:53 - [MESSAGE][PASSED] - Delayed 30 second(s)

2018-11-22 22:16:53 - [TEST_STEP][PASSED] - click: Object: 'Object Repository/Final Object Repo/New Registration - Registration Module Pages/Third Screen - Upload Supporting Doc- Preview/Supporting Doc Please Select Drop Down' is clicked on

2018-11-22 22:16:53 - [MESSAGE][PASSED] - Object: 'Object Repository/Final Object Repo/New Registration - Registration Module Pages/Third Screen - Upload Supporting Doc- Preview/Supporting Doc Please Select Drop Down' is clicked on

2018-11-22 22:16:53 - [TEST_STEP][PASSED] - delay: Delayed 2 second(s)

2018-11-22 22:16:55 - [MESSAGE][PASSED] - Delayed 2 second(s)

2018-11-22 22:16:55 - [TEST_STEP][PASSED] - click: Object: 'Object Repository/Final Object Repo/New Registration - Registration Module Pages/Third Screen - Upload Supporting Doc- Preview/Select to Upload Form 2' is clicked on

2018-11-22 22:16:55 - [MESSAGE][PASSED] - Object: 'Object Repository/Final Object Repo/New Registration - Registration Module Pages/Third Screen - Upload Supporting Doc- Preview/Select to Upload Form 2' is clicked on

2018-11-22 22:16:55 - [TEST_STEP][PASSED] - delay: Delayed 2 second(s)

2018-11-22 22:16:57 - [MESSAGE][PASSED] - Delayed 2 second(s)

2018-11-22 22:16:57 - [TEST_STEP][PASSED] - uploadFile: File 'C:\Users\Public\Pictures\Sample Pictures\Koala.jpg' sent to object: 'Object Repository/Final Object Repo/New Registration - Registration Module Pages/Third Screen - Upload Supporting Doc- Preview/Upload File Adding'

2018-11-22 22:16:57 - [MESSAGE][PASSED] - File 'C:\Users\Public\Pictures\Sample Pictures\Koala.jpg' sent to object: 'Object Repository/Final Object Repo/New Registration - Registration Module Pages/Third Screen - Upload Supporting Doc- Preview/Upload File Adding'

2018-11-22 22:16:57 - [TEST_STEP][PASSED] - click: Object: 'Object Repository/Final Object Repo/New Registration - Registration Module Pages/Third Screen - Upload Supporting Doc- Preview/Inner Form Add Document Button' is clicked on

2018-11-22 22:16:57 - [MESSAGE][PASSED] - Object: 'Object Repository/Final Object Repo/New Registration - Registration Module Pages/Third Screen - Upload Supporting Doc- Preview/Inner Form Add Document Button' is clicked on

2018-11-22 22:16:57 - [TEST_STEP][PASSED] - delay: Delayed 5 second(s)

2018-11-22 22:17:02 - [MESSAGE][PASSED] - Delayed 5 second(s)

2018-11-22 22:17:02 - [TEST_STEP][PASSED] - click: Object: 'Object Repository/Final Object Repo/New Registration - Registration Module Pages/Third Screen - Upload Supporting Doc- Preview/Add Document Button' is clicked on

2018-11-22 22:17:02 - [MESSAGE][PASSED] - Object: 'Object Repository/Final Object Repo/New Registration - Registration Module Pages/Third Screen - Upload Supporting Doc- Preview/Add Document Button' is clicked on

2018-11-22 22:17:02 - [TEST_STEP][PASSED] - delay: Delayed 30 second(s)

2018-11-22 22:17:32 - [MESSAGE][PASSED] - Delayed 30 second(s)

2018-11-22 22:17:32 - [TEST_STEP][PASSED] - click: Object: 'Object Repository/Final Object Repo/New Registration - Registration Module Pages/Third Screen - Upload Supporting Doc- Preview/Supporting Doc Please Select Drop Down' is clicked on

2018-11-22 22:17:33 - [MESSAGE][PASSED] - Object: 'Object Repository/Final Object Repo/New Registration - Registration Module Pages/Third Screen - Upload Supporting Doc- Preview/Supporting Doc Please Select Drop Down' is clicked on

2018-11-22 22:17:33 - [TEST_STEP][PASSED] - click: Object: 'Object Repository/Final Object Repo/New Registration - Registration Module Pages/Third Screen - Upload Supporting Doc- Preview/Select to Upload Borang SIP 1' is clicked on

2018-11-22 22:17:33 - [MESSAGE][PASSED] - Object: 'Object Repository/Final Object Repo/New Registration - Registration Module Pages/Third Screen - Upload Supporting Doc- Preview/Select to Upload Borang SIP 1' is clicked on

2018-11-22 22:17:33 - [TEST_STEP][PASSED] - delay: Delayed 2 second(s)

2018-11-22 22:17:35 - [MESSAGE][PASSED] - Delayed 2 second(s)

2018-11-22 22:17:35 - [TEST_STEP][PASSED] - uploadFile: File 'C:\Users\Public\Pictures\Sample Pictures\Koala.jpg' sent to object: 'Object Repository/Final Object Repo/New Registration - Registration Module Pages/Third Screen - Upload Supporting Doc- Preview/Upload File Adding'

2018-11-22 22:17:35 - [MESSAGE][PASSED] - File 'C:\Users\Public\Pictures\Sample Pictures\Koala.jpg' sent to object: 'Object Repository/Final Object Repo/New Registration - Registration Module Pages/Third Screen - Upload Supporting Doc- Preview/Upload File Adding'

2018-11-22 22:17:35 - [TEST_STEP][PASSED] - click: Object: 'Object Repository/Final Object Repo/New Registration - Registration Module Pages/Third Screen - Upload Supporting Doc- Preview/Inner Form Add Document Button' is clicked on

2018-11-22 22:17:35 - [MESSAGE][PASSED] - Object: 'Object Repository/Final Object Repo/New Registration - Registration Module Pages/Third Screen - Upload Supporting Doc- Preview/Inner Form Add Document Button' is clicked on

2018-11-22 22:17:35 - [TEST_STEP][PASSED] - delay: Delayed 5 second(s)

2018-11-22 22:17:40 - [MESSAGE][PASSED] - Delayed 5 second(s)

2018-11-22 22:17:40 - [TEST_STEP][PASSED] - click: Object: 'Object Repository/Final Object Repo/New Registration - Registration Module Pages/Third Screen - Upload Supporting Doc- Preview/Add Document Button' is clicked on

2018-11-22 22:17:40 - [MESSAGE][PASSED] - Object: 'Object Repository/Final Object Repo/New Registration - Registration Module Pages/Third Screen - Upload Supporting Doc- Preview/Add Document Button' is clicked on

2018-11-22 22:17:40 - [TEST_STEP][PASSED] - delay: Delayed 30 second(s)

2018-11-22 22:18:10 - [MESSAGE][PASSED] - Delayed 30 second(s)

2018-11-22 22:18:10 - [TEST_STEP][PASSED] - click: Object: 'Object Repository/Final Object Repo/New Registration - Registration Module Pages/Third Screen - Upload Supporting Doc- Preview/Supporting Doc Please Select Drop Down' is clicked on

2018-11-22 22:18:11 - [MESSAGE][PASSED] - Object: 'Object Repository/Final Object Repo/New Registration - Registration Module Pages/Third Screen - Upload Supporting Doc- Preview/Supporting Doc Please Select Drop Down' is clicked on

2018-11-22 22:18:11 - [TEST_STEP][PASSED] - delay: Delayed 3 second(s)

2018-11-22 22:18:14 - [MESSAGE][PASSED] - Delayed 3 second(s)

2018-11-22 22:18:14 - [TEST_STEP][PASSED] - click: Object: 'Object Repository/Final Object Repo/New Registration - Registration Module Pages/Third Screen - Upload Supporting Doc- Preview/Select to Upload Borang SIP 2' is clicked on

2018-11-22 22:18:14 - [MESSAGE][PASSED] - Object: 'Object Repository/Final Object Repo/New Registration - Registration Module Pages/Third Screen - Upload Supporting Doc- Preview/Select to Upload Borang SIP 2' is clicked on

2018-11-22 22:18:14 - [TEST_STEP][PASSED] - delay: Delayed 2 second(s)

2018-11-22 22:18:16 - [MESSAGE][PASSED] - Delayed 2 second(s)

2018-11-22 22:18:16 - [TEST_STEP][PASSED] - uploadFile: File 'C:\Users\Public\Pictures\Sample Pictures\Koala.jpg' sent to object: 'Object Repository/Final Object Repo/New Registration - Registration Module Pages/Third Screen - Upload Supporting Doc- Preview/Upload File Adding'

2018-11-22 22:18:16 - [MESSAGE][PASSED] - File 'C:\Users\Public\Pictures\Sample Pictures\Koala.jpg' sent to object: 'Object Repository/Final Object Repo/New Registration - Registration Module Pages/Third Screen - Upload Supporting Doc- Preview/Upload File Adding'

2018-11-22 22:18:16 - [TEST_STEP][PASSED] - delay: Delayed 5 second(s)

2018-11-22 22:18:21 - [MESSAGE][PASSED] - Delayed 5 second(s)

2018-11-22 22:18:21 - [TEST_STEP][PASSED] - click: Object: 'Object Repository/Final Object Repo/New Registration - Registration Module Pages/Third Screen - Upload Supporting Doc- Preview/Inner Form Add Document Button' is clicked on

2018-11-22 22:18:21 - [MESSAGE][PASSED] - Object: 'Object Repository/Final Object Repo/New Registration - Registration Module Pages/Third Screen - Upload Supporting Doc- Preview/Inner Form Add Document Button' is clicked on

2018-11-22 22:18:21 - [TEST_STEP][PASSED] - delay: Delayed 3 second(s)

2018-11-22 22:18:24 - [MESSAGE][PASSED] - Delayed 3 second(s)

2018-11-22 22:18:24 - [TEST_STEP][PASSED] - waitForElementClickable: Object 'Object Repository/Final Object Repo/New Registration - Registration Module Pages/Third Screen - Upload Supporting Doc- Preview/Save n Continue in Uploading Supporting Doc Page' is clickable

2018-11-22 22:18:25 - [MESSAGE][PASSED] - Object 'Object Repository/Final Object Repo/New Registration - Registration Module Pages/Third Screen - Upload Supporting Doc- Preview/Save n Continue in Uploading Supporting Doc Page' is clickable

2018-11-22 22:18:25 - [TEST_STEP][PASSED] - click: Object: 'Object Repository/Final Object Repo/New Registration - Registration Module Pages/Third Screen - Upload Supporting Doc- Preview/Save n Continue in Uploading Supporting Doc Page' is clicked on

2018-11-22 22:18:25 - [MESSAGE][PASSED] - Object: 'Object Repository/Final Object Repo/New Registration - Registration Module Pages/Third Screen - Upload Supporting Doc- Preview/Save n Continue in Uploading Supporting Doc Page' is clicked on

2018-11-22 22:18:25 - [MESSAGE][PASSED] - Call Test Case 'Test Cases/Final Aug 2018 - PKS Automation/Registration Module/New Registration/Flow of New Registration/Third Screen - Upload Supporting Doc - Preview' successfully

2018-11-22 22:18:25 - [TEST_STEP][PASSED] - callTestCase: Call Test Case 'Test Cases/Final Aug 2018 - PKS Automation/Registration Module/New Registration/Submit and Screenshot/Submit Registration and Screenshot - Copy' successfully

2018-11-22 22:18:25 - [TEST_CASE][PASSED] - Test Cases/Final Aug 2018 - PKS Automation/Registration Module/New Registration/Submit and Screenshot/Submit Registration and Screenshot - Copy: Test Cases/Final Aug 2018 - PKS Automation/Registration Module/New Registration/Submit and Screenshot/Submit Registration and Screenshot - Copy

2018-11-22 22:18:25 - [TEST_STEP][PASSED] - delay: Delayed 6 second(s)

2018-11-22 22:18:31 - [MESSAGE][PASSED] - Delayed 6 second(s)

2018-11-22 22:18:31 - [TEST_STEP][PASSED] - click: Object: 'Object Repository/Final Object Repo/New Registration - Registration Module Pages/Third Screen - Upload Supporting Doc- Preview/Preview Submit Button' is clicked on

2018-11-22 22:18:31 - [MESSAGE][PASSED] - Object: 'Object Repository/Final Object Repo/New Registration - Registration Module Pages/Third Screen - Upload Supporting Doc- Preview/Preview Submit Button' is clicked on

2018-11-22 22:18:31 - [TEST_STEP][PASSED] - delay: Delayed 2 second(s)

2018-11-22 22:18:33 - [MESSAGE][PASSED] - Delayed 2 second(s)

2018-11-22 22:18:33 - [TEST_STEP][PASSED] - click: Object: 'Object Repository/Final Object Repo/New Registration - Registration Module Pages/Third Screen - Upload Supporting Doc- Preview/Preview Submit - Confirm' is clicked on

2018-11-22 22:18:34 - [MESSAGE][PASSED] - Object: 'Object Repository/Final Object Repo/New Registration - Registration Module Pages/Third Screen - Upload Supporting Doc- Preview/Preview Submit - Confirm' is clicked on

2018-11-22 22:18:34 - [TEST_STEP][PASSED] - delay: Delayed 15 second(s)

2018-11-22 22:18:49 - [MESSAGE][PASSED] - Delayed 15 second(s)

2018-11-22 22:18:49 - [TEST_STEP][PASSED] - Statement - driver = com.kms.katalon.core.webui.driver.DriverFactory.getWebDriver(): null

2018-11-22 22:18:49 - [TEST_STEP][PASSED] - Statement - driver.manage().timeouts().implicitlyWait(10, SECONDS): null

2018-11-22 22:18:49 - [TEST_STEP][PASSED] - Statement - PresavePath = KatalonScreenshots: null

2018-11-22 22:18:49 - [TEST_STEP][PASSED] - Statement - pathPrefix = "C:\Users\Public\Pictures\Sample Pictures\Katalon Screenshots\Automate Ending Screen": null

2018-11-22 22:18:49 - [TEST_STEP][PASSED] - Statement - finalPath = <not implemented yet for class: org.codehaus.groovy.ast.expr.EmptyExpression>: null

2018-11-22 22:18:49 - [TEST_STEP][PASSED] - Statement - scrFile = driver.getScreenshotAs(FILE): null

2018-11-22 22:18:49 - [TEST_STEP][PASSED] - Statement - PreSaveFile = new java.io.File(PresavePath): null

2018-11-22 22:18:49 - [TEST_STEP][PASSED] - Statement - counter = 0: null

2018-11-22 22:18:49 - [TEST_STEP][PASSED] - Statement - If (PreSaveFile.exists()): null

2018-11-22 22:18:49 - [TEST_STEP][PASSED] - Statement - While (PreSaveFile.exists()): null

2018-11-22 22:18:49 - [TEST_STEP][PASSED] - Statement - counter = counter + 1: null

2018-11-22 22:18:49 - [TEST_STEP][PASSED] - Statement - PreSaveFile = new java.io.File(((pathPrefix + java.lang.Integer.toString(counter)) + .png)): null

2018-11-22 22:18:49 - [TEST_STEP][PASSED] - Statement - counter = counter + 1: null

2018-11-22 22:18:49 - [TEST_STEP][PASSED] - Statement - PreSaveFile = new java.io.File(((pathPrefix + java.lang.Integer.toString(counter)) + .png)): null

2018-11-22 22:18:49 - [TEST_STEP][PASSED] - Statement - counter = counter + 1: null

2018-11-22 22:18:49 - [TEST_STEP][PASSED] - Statement - PreSaveFile = new java.io.File(((pathPrefix + java.lang.Integer.toString(counter)) + .png)): null

2018-11-22 22:18:49 - [TEST_STEP][PASSED] - Statement - counter = counter + 1: null

2018-11-22 22:18:49 - [TEST_STEP][PASSED] - Statement - PreSaveFile = new java.io.File(((pathPrefix + java.lang.Integer.toString(counter)) + .png)): null

2018-11-22 22:18:49 - [TEST_STEP][PASSED] - Statement - counter = counter + 1: null

2018-11-22 22:18:49 - [TEST_STEP][PASSED] - Statement - PreSaveFile = new java.io.File(((pathPrefix + java.lang.Integer.toString(counter)) + .png)): null

2018-11-22 22:18:49 - [TEST_STEP][PASSED] - Statement - counter = counter + 1: null

2018-11-22 22:18:49 - [TEST_STEP][PASSED] - Statement - PreSaveFile = new java.io.File(((pathPrefix + java.lang.Integer.toString(counter)) + .png)): null

2018-11-22 22:18:49 - [TEST_STEP][PASSED] - Statement - counter = counter + 1: null

2018-11-22 22:18:49 - [TEST_STEP][PASSED] - Statement - PreSaveFile = new java.io.File(((pathPrefix + java.lang.Integer.toString(counter)) + .png)): null

2018-11-22 22:18:49 - [TEST_STEP][PASSED] - Statement - counter = counter + 1: null

2018-11-22 22:18:49 - [TEST_STEP][PASSED] - Statement - PreSaveFile = new java.io.File(((pathPrefix + java.lang.Integer.toString(counter)) + .png)): null

2018-11-22 22:18:49 - [TEST_STEP][PASSED] - Statement - counter = counter + 1: null

2018-11-22 22:18:49 - [TEST_STEP][PASSED] - Statement - PreSaveFile = new java.io.File(((pathPrefix + java.lang.Integer.toString(counter)) + .png)): null

2018-11-22 22:18:49 - [TEST_STEP][PASSED] - Statement - counter = counter + 1: null

2018-11-22 22:18:49 - [TEST_STEP][PASSED] - Statement - PreSaveFile = new java.io.File(((pathPrefix + java.lang.Integer.toString(counter)) + .png)): null

2018-11-22 22:18:49 - [TEST_STEP][PASSED] - Statement - counter = counter + 1: null

2018-11-22 22:18:49 - [TEST_STEP][PASSED] - Statement - PreSaveFile = new java.io.File(((pathPrefix + java.lang.Integer.toString(counter)) + .png)): null

2018-11-22 22:18:49 - [TEST_STEP][PASSED] - Statement - counter = counter + 1: null

2018-11-22 22:18:49 - [TEST_STEP][PASSED] - Statement - PreSaveFile = new java.io.File(((pathPrefix + java.lang.Integer.toString(counter)) + .png)): null

2018-11-22 22:18:49 - [TEST_STEP][PASSED] - Statement - counter = counter + 1: null

2018-11-22 22:18:49 - [TEST_STEP][PASSED] - Statement - PreSaveFile = new java.io.File(((pathPrefix + java.lang.Integer.toString(counter)) + .png)): null

2018-11-22 22:18:49 - [TEST_STEP][PASSED] - Statement - counter = counter + 1: null

2018-11-22 22:18:49 - [TEST_STEP][PASSED] - Statement - PreSaveFile = new java.io.File(((pathPrefix + java.lang.Integer.toString(counter)) + .png)): null

2018-11-22 22:18:49 - [TEST_STEP][PASSED] - Statement - counter = counter + 1: null

2018-11-22 22:18:49 - [TEST_STEP][PASSED] - Statement - PreSaveFile = new java.io.File(((pathPrefix + java.lang.Integer.toString(counter)) + .png)): null

2018-11-22 22:18:49 - [TEST_STEP][PASSED] - Statement - counter = counter + 1: null

2018-11-22 22:18:49 - [TEST_STEP][PASSED] - Statement - PreSaveFile = new java.io.File(((pathPrefix + java.lang.Integer.toString(counter)) + .png)): null

2018-11-22 22:18:49 - [TEST_STEP][PASSED] - Statement - counter = counter + 1: null

2018-11-22 22:18:49 - [TEST_STEP][PASSED] - Statement - PreSaveFile = new java.io.File(((pathPrefix + java.lang.Integer.toString(counter)) + .png)): null

2018-11-22 22:18:49 - [TEST_STEP][PASSED] - Statement - counter = counter + 1: null

2018-11-22 22:18:49 - [TEST_STEP][PASSED] - Statement - PreSaveFile = new java.io.File(((pathPrefix + java.lang.Integer.toString(counter)) + .png)): null

2018-11-22 22:18:49 - [TEST_STEP][PASSED] - Statement - counter = counter + 1: null

2018-11-22 22:18:49 - [TEST_STEP][PASSED] - Statement - PreSaveFile = new java.io.File(((pathPrefix + java.lang.Integer.toString(counter)) + .png)): null

2018-11-22 22:18:49 - [TEST_STEP][PASSED] - Statement - counter = counter + 1: null

2018-11-22 22:18:49 - [TEST_STEP][PASSED] - Statement - PreSaveFile = new java.io.File(((pathPrefix + java.lang.Integer.toString(counter)) + .png)): null

2018-11-22 22:18:49 - [TEST_STEP][PASSED] - Statement - counter = counter + 1: null

2018-11-22 22:18:49 - [TEST_STEP][PASSED] - Statement - PreSaveFile = new java.io.File(((pathPrefix + java.lang.Integer.toString(counter)) + .png)): null

2018-11-22 22:18:49 - [TEST_STEP][PASSED] - Statement - counter = counter + 1: null

2018-11-22 22:18:49 - [TEST_STEP][PASSED] - Statement - PreSaveFile = new java.io.File(((pathPrefix + java.lang.Integer.toString(counter)) + .png)): null

2018-11-22 22:18:49 - [TEST_STEP][PASSED] - Statement - counter = counter + 1: null

2018-11-22 22:18:49 - [TEST_STEP][PASSED] - Statement - PreSaveFile = new java.io.File(((pathPrefix + java.lang.Integer.toString(counter)) + .png)): null

2018-11-22 22:18:49 - [TEST_STEP][PASSED] - Statement - counter = counter + 1: null

2018-11-22 22:18:49 - [TEST_STEP][PASSED] - Statement - PreSaveFile = new java.io.File(((pathPrefix + java.lang.Integer.toString(counter)) + .png)): null

2018-11-22 22:18:49 - [TEST_STEP][PASSED] - Statement - counter = counter + 1: null

2018-11-22 22:18:49 - [TEST_STEP][PASSED] - Statement - PreSaveFile = new java.io.File(((pathPrefix + java.lang.Integer.toString(counter)) + .png)): null

2018-11-22 22:18:49 - [TEST_STEP][PASSED] - Statement - counter = counter + 1: null

2018-11-22 22:18:49 - [TEST_STEP][PASSED] - Statement - PreSaveFile = new java.io.File(((pathPrefix + java.lang.Integer.toString(counter)) + .png)): null

2018-11-22 22:18:49 - [TEST_STEP][PASSED] - Statement - counter = counter + 1: null

2018-11-22 22:18:49 - [TEST_STEP][PASSED] - Statement - PreSaveFile = new java.io.File(((pathPrefix + java.lang.Integer.toString(counter)) + .png)): null

2018-11-22 22:18:49 - [TEST_STEP][PASSED] - Statement - counter = counter + 1: null

2018-11-22 22:18:49 - [TEST_STEP][PASSED] - Statement - PreSaveFile = new java.io.File(((pathPrefix + java.lang.Integer.toString(counter)) + .png)): null

2018-11-22 22:18:49 - [TEST_STEP][PASSED] - Statement - counter = counter + 1: null

2018-11-22 22:18:49 - [TEST_STEP][PASSED] - Statement - PreSaveFile = new java.io.File(((pathPrefix + java.lang.Integer.toString(counter)) + .png)): null

2018-11-22 22:18:49 - [TEST_STEP][PASSED] - Statement - counter = counter + 1: null

2018-11-22 22:18:49 - [TEST_STEP][PASSED] - Statement - PreSaveFile = new java.io.File(((pathPrefix + java.lang.Integer.toString(counter)) + .png)): null

2018-11-22 22:18:49 - [TEST_STEP][PASSED] - Statement - counter = counter + 1: null

2018-11-22 22:18:49 - [TEST_STEP][PASSED] - Statement - PreSaveFile = new java.io.File(((pathPrefix + java.lang.Integer.toString(counter)) + .png)): null

2018-11-22 22:18:49 - [TEST_STEP][PASSED] - Statement - counter = counter + 1: null

2018-11-22 22:18:49 - [TEST_STEP][PASSED] - Statement - PreSaveFile = new java.io.File(((pathPrefix + java.lang.Integer.toString(counter)) + .png)): null

2018-11-22 22:18:49 - [TEST_STEP][PASSED] - Statement - counter = counter + 1: null

2018-11-22 22:18:49 - [TEST_STEP][PASSED] - Statement - PreSaveFile = new java.io.File(((pathPrefix + java.lang.Integer.toString(counter)) + .png)): null

2018-11-22 22:18:49 - [TEST_STEP][PASSED] - Statement - counter = counter + 1: null

2018-11-22 22:18:49 - [TEST_STEP][PASSED] - Statement - PreSaveFile = new java.io.File(((pathPrefix + java.lang.Integer.toString(counter)) + .png)): null

2018-11-22 22:18:49 - [TEST_STEP][PASSED] - Statement - counter = counter + 1: null

2018-11-22 22:18:49 - [TEST_STEP][PASSED] - Statement - PreSaveFile = new java.io.File(((pathPrefix + java.lang.Integer.toString(counter)) + .png)): null

2018-11-22 22:18:49 - [TEST_STEP][PASSED] - Statement - counter = counter + 1: null

2018-11-22 22:18:49 - [TEST_STEP][PASSED] - Statement - PreSaveFile = new java.io.File(((pathPrefix + java.lang.Integer.toString(counter)) + .png)): null

2018-11-22 22:18:49 - [TEST_STEP][PASSED] - Statement - counter = counter + 1: null

2018-11-22 22:18:49 - [TEST_STEP][PASSED] - Statement - PreSaveFile = new java.io.File(((pathPrefix + java.lang.Integer.toString(counter)) + .png)): null

2018-11-22 22:18:49 - [TEST_STEP][PASSED] - Statement - counter = counter + 1: null

2018-11-22 22:18:49 - [TEST_STEP][PASSED] - Statement - PreSaveFile = new java.io.File(((pathPrefix + java.lang.Integer.toString(counter)) + .png)): null

2018-11-22 22:18:49 - [TEST_STEP][PASSED] - Statement - counter = counter + 1: null

2018-11-22 22:18:49 - [TEST_STEP][PASSED] - Statement - PreSaveFile = new java.io.File(((pathPrefix + java.lang.Integer.toString(counter)) + .png)): null

2018-11-22 22:18:49 - [TEST_STEP][PASSED] - Statement - counter = counter + 1: null

2018-11-22 22:18:49 - [TEST_STEP][PASSED] - Statement - PreSaveFile = new java.io.File(((pathPrefix + java.lang.Integer.toString(counter)) + .png)): null

2018-11-22 22:18:49 - [TEST_STEP][PASSED] - Statement - counter = counter + 1: null

2018-11-22 22:18:49 - [TEST_STEP][PASSED] - Statement - PreSaveFile = new java.io.File(((pathPrefix + java.lang.Integer.toString(counter)) + .png)): null

2018-11-22 22:18:49 - [TEST_STEP][PASSED] - Statement - counter = counter + 1: null

2018-11-22 22:18:49 - [TEST_STEP][PASSED] - Statement - PreSaveFile = new java.io.File(((pathPrefix + java.lang.Integer.toString(counter)) + .png)): null

2018-11-22 22:18:49 - [TEST_STEP][PASSED] - Statement - counter = counter + 1: null

2018-11-22 22:18:49 - [TEST_STEP][PASSED] - Statement - PreSaveFile = new java.io.File(((pathPrefix + java.lang.Integer.toString(counter)) + .png)): null

2018-11-22 22:18:49 - [TEST_STEP][PASSED] - Statement - counter = counter + 1: null

2018-11-22 22:18:49 - [TEST_STEP][PASSED] - Statement - PreSaveFile = new java.io.File(((pathPrefix + java.lang.Integer.toString(counter)) + .png)): null

2018-11-22 22:18:49 - [TEST_STEP][PASSED] - Statement - counter = counter + 1: null

2018-11-22 22:18:49 - [TEST_STEP][PASSED] - Statement - PreSaveFile = new java.io.File(((pathPrefix + java.lang.Integer.toString(counter)) + .png)): null

2018-11-22 22:18:49 - [TEST_STEP][PASSED] - Statement - counter = counter + 1: null

2018-11-22 22:18:49 - [TEST_STEP][PASSED] - Statement - PreSaveFile = new java.io.File(((pathPrefix + java.lang.Integer.toString(counter)) + .png)): null

2018-11-22 22:18:49 - [TEST_STEP][PASSED] - Statement - counter = counter + 1: null

2018-11-22 22:18:49 - [TEST_STEP][PASSED] - Statement - PreSaveFile = new java.io.File(((pathPrefix + java.lang.Integer.toString(counter)) + .png)): null

2018-11-22 22:18:49 - [TEST_STEP][PASSED] - Statement - counter = counter + 1: null

2018-11-22 22:18:49 - [TEST_STEP][PASSED] - Statement - PreSaveFile = new java.io.File(((pathPrefix + java.lang.Integer.toString(counter)) + .png)): null

2018-11-22 22:18:49 - [TEST_STEP][PASSED] - Statement - counter = counter + 1: null

2018-11-22 22:18:49 - [TEST_STEP][PASSED] - Statement - PreSaveFile = new java.io.File(((pathPrefix + java.lang.Integer.toString(counter)) + .png)): null

2018-11-22 22:18:49 - [TEST_STEP][PASSED] - Statement - counter = counter + 1: null

2018-11-22 22:18:49 - [TEST_STEP][PASSED] - Statement - PreSaveFile = new java.io.File(((pathPrefix + java.lang.Integer.toString(counter)) + .png)): null

2018-11-22 22:18:49 - [TEST_STEP][PASSED] - Statement - counter = counter + 1: null

2018-11-22 22:18:49 - [TEST_STEP][PASSED] - Statement - PreSaveFile = new java.io.File(((pathPrefix + java.lang.Integer.toString(counter)) + .png)): null

2018-11-22 22:18:49 - [TEST_STEP][PASSED] - Statement - counter = counter + 1: null

2018-11-22 22:18:49 - [TEST_STEP][PASSED] - Statement - PreSaveFile = new java.io.File(((pathPrefix + java.lang.Integer.toString(counter)) + .png)): null

2018-11-22 22:18:49 - [TEST_STEP][PASSED] - Statement - counter = counter + 1: null

2018-11-22 22:18:49 - [TEST_STEP][PASSED] - Statement - PreSaveFile = new java.io.File(((pathPrefix + java.lang.Integer.toString(counter)) + .png)): null

2018-11-22 22:18:49 - [TEST_STEP][PASSED] - Statement - counter = counter + 1: null

2018-11-22 22:18:49 - [TEST_STEP][PASSED] - Statement - PreSaveFile = new java.io.File(((pathPrefix + java.lang.Integer.toString(counter)) + .png)): null

2018-11-22 22:18:49 - [TEST_STEP][PASSED] - Statement - counter = counter + 1: null

2018-11-22 22:18:49 - [TEST_STEP][PASSED] - Statement - PreSaveFile = new java.io.File(((pathPrefix + java.lang.Integer.toString(counter)) + .png)): null

2018-11-22 22:18:49 - [TEST_STEP][PASSED] - Statement - counter = counter + 1: null

2018-11-22 22:18:49 - [TEST_STEP][PASSED] - Statement - PreSaveFile = new java.io.File(((pathPrefix + java.lang.Integer.toString(counter)) + .png)): null

2018-11-22 22:18:49 - [TEST_STEP][PASSED] - Statement - counter = counter + 1: null

2018-11-22 22:18:49 - [TEST_STEP][PASSED] - Statement - PreSaveFile = new java.io.File(((pathPrefix + java.lang.Integer.toString(counter)) + .png)): null

2018-11-22 22:18:49 - [TEST_STEP][PASSED] - Statement - counter = counter + 1: null

2018-11-22 22:18:49 - [TEST_STEP][PASSED] - Statement - PreSaveFile = new java.io.File(((pathPrefix + java.lang.Integer.toString(counter)) + .png)): null

2018-11-22 22:18:49 - [TEST_STEP][PASSED] - Statement - counter = counter + 1: null

2018-11-22 22:18:49 - [TEST_STEP][PASSED] - Statement - PreSaveFile = new java.io.File(((pathPrefix + java.lang.Integer.toString(counter)) + .png)): null

2018-11-22 22:18:49 - [TEST_STEP][PASSED] - Statement - counter = counter + 1: null

2018-11-22 22:18:49 - [TEST_STEP][PASSED] - Statement - PreSaveFile = new java.io.File(((pathPrefix + java.lang.Integer.toString(counter)) + .png)): null

2018-11-22 22:18:49 - [TEST_STEP][PASSED] - Statement - counter = counter + 1: null

2018-11-22 22:18:49 - [TEST_STEP][PASSED] - Statement - PreSaveFile = new java.io.File(((pathPrefix + java.lang.Integer.toString(counter)) + .png)): null

2018-11-22 22:18:49 - [TEST_STEP][PASSED] - Statement - counter = counter + 1: null

2018-11-22 22:18:49 - [TEST_STEP][PASSED] - Statement - PreSaveFile = new java.io.File(((pathPrefix + java.lang.Integer.toString(counter)) + .png)): null

2018-11-22 22:18:49 - [TEST_STEP][PASSED] - Statement - counter = counter + 1: null

2018-11-22 22:18:49 - [TEST_STEP][PASSED] - Statement - PreSaveFile = new java.io.File(((pathPrefix + java.lang.Integer.toString(counter)) + .png)): null

2018-11-22 22:18:49 - [TEST_STEP][PASSED] - Statement - counter = counter + 1: null

2018-11-22 22:18:49 - [TEST_STEP][PASSED] - Statement - PreSaveFile = new java.io.File(((pathPrefix + java.lang.Integer.toString(counter)) + .png)): null

2018-11-22 22:18:49 - [TEST_STEP][PASSED] - Statement - counter = counter + 1: null

2018-11-22 22:18:49 - [TEST_STEP][PASSED] - Statement - PreSaveFile = new java.io.File(((pathPrefix + java.lang.Integer.toString(counter)) + .png)): null

2018-11-22 22:18:49 - [TEST_STEP][PASSED] - Statement - counter = counter + 1: null

2018-11-22 22:18:49 - [TEST_STEP][PASSED] - Statement - PreSaveFile = new java.io.File(((pathPrefix + java.lang.Integer.toString(counter)) + .png)): null

2018-11-22 22:18:49 - [TEST_STEP][PASSED] - Statement - counter = counter + 1: null

2018-11-22 22:18:49 - [TEST_STEP][PASSED] - Statement - PreSaveFile = new java.io.File(((pathPrefix + java.lang.Integer.toString(counter)) + .png)): null

2018-11-22 22:18:49 - [TEST_STEP][PASSED] - Statement - counter = counter + 1: null

2018-11-22 22:18:49 - [TEST_STEP][PASSED] - Statement - PreSaveFile = new java.io.File(((pathPrefix + java.lang.Integer.toString(counter)) + .png)): null

2018-11-22 22:18:49 - [TEST_STEP][PASSED] - Statement - counter = counter + 1: null

2018-11-22 22:18:49 - [TEST_STEP][PASSED] - Statement - PreSaveFile = new java.io.File(((pathPrefix + java.lang.Integer.toString(counter)) + .png)): null

2018-11-22 22:18:49 - [TEST_STEP][PASSED] - Statement - finalPath = pathPrefix + java.lang.Integer.toString(counter) + ".png": null

2018-11-22 22:18:49 - [TEST_STEP][PASSED] - Statement - SaveFile = new java.io.File(finalPath): null

2018-11-22 22:18:49 - [TEST_STEP][PASSED] - Statement - Try: null

2018-11-22 22:18:49 - [TEST_STEP][PASSED] - Statement - org.apache.commons.io.FileUtils.copyFile(scrFile, SaveFile): null

2018-11-22 22:18:49 - [TEST_STEP][PASSED] - Statement - out.println("file kept"): null

2018-11-22 22:18:49 - [TEST_STEP][PASSED] - delay: Delayed 10 second(s)

2018-11-22 22:18:59 - [MESSAGE][PASSED] - Delayed 10 second(s)

2018-11-22 22:18:59 - [MESSAGE][PASSED] - Call Test Case 'Test Cases/Final Aug 2018 - PKS Automation/Registration Module/New Registration/Submit and Screenshot/Submit Registration and Screenshot - Copy' successfully

2018-11-22 22:18:59 - [TEST_STEP][PASSED] - Statement - UpdateAddNewECode = com.kms.katalon.core.webui.keyword.WebUiBuiltInKeywords.getText(com.kms.katalon.core.testobject.ObjectRepository.findTestObject(Object Repository/Final Object Repo/Page_Update Add New Employee - ASSIST/getEmpCode)): Text of object 'Object Repository/Final Object Repo/Page_Update Add New Employee - ASSIST/getEmpCode' is: 'E1102070354A'

2018-11-22 22:18:59 - [MESSAGE][PASSED] - Text of object 'Object Repository/Final Object Repo/Page_Update Add New Employee - ASSIST/getEmpCode' is: 'E1102070354A'

2018-11-22 22:18:59 - [TEST_STEP][PASSED] - callTestCase: Call Test Case 'Test Cases/Final Aug 2018 - PKS Automation/Common/Emp Code Setter' successfully

2018-11-22 22:18:59 - [TEST_CASE][PASSED] - Test Cases/Final Aug 2018 - PKS Automation/Common/Emp Code Setter: Test Cases/Final Aug 2018 - PKS Automation/Common/Emp Code Setter

2018-11-22 22:18:59 - [TEST_STEP][PASSED] - Statement - EmpCodeOld = new java.io.File(C://Users//Admin//Desktop//PKS//Automation Reference Point//EmpCode.txt): null

2018-11-22 22:18:59 - [TEST_STEP][PASSED] - Statement - EmpCodeOld.delete(): null

2018-11-22 22:18:59 - [TEST_STEP][PASSED] - Statement - EmpCode = new java.io.File(C://Users//Admin//Desktop//PKS//Automation Reference Point//EmpCode.txt): null

2018-11-22 22:18:59 - [TEST_STEP][PASSED] - Statement - EmpCode.append(UpdateAddNewECode): null

2018-11-22 22:18:59 - [TEST_STEP][PASSED] - Statement - out.println("


" + UpdateAddNewECode + "


"): null

2018-11-22 22:18:59 - [MESSAGE][PASSED] - Call Test Case 'Test Cases/Final Aug 2018 - PKS Automation/Common/Emp Code Setter' successfully

2018-11-22 22:18:59 - [MESSAGE][PASSED] - Call Test Case 'Test Cases/Final Aug 2018 - PKS Automation/Registration Module/Workflow/Update Add New Employee/Template/New Company for Update Add New' successfully

2018-11-22 22:18:59 - [TEST_STEP][PASSED] - callTestCase: Call Test Case 'Test Cases/Final Aug 2018 - PKS Automation/Registration Module/Log Out/log out avoiding katalon tagging' successfully

2018-11-22 22:18:59 - [TEST_CASE][PASSED] - Test Cases/Final Aug 2018 - PKS Automation/Registration Module/Log Out/log out avoiding katalon tagging: Test Cases/Final Aug 2018 - PKS Automation/Registration Module/Log Out/log out avoiding katalon tagging

2018-11-22 22:18:59 - [TEST_STEP][PASSED] - navigateToUrl: Navigate to 'https://assist2-uat.perkeso.gov.my/c/portal/logout' successfully

2018-11-22 22:19:00 - [MESSAGE][PASSED] - Navigate to 'https://assist2-uat.perkeso.gov.my/c/portal/logout' successfully

2018-11-22 22:19:00 - [MESSAGE][PASSED] - Call Test Case 'Test Cases/Final Aug 2018 - PKS Automation/Registration Module/Log Out/log out avoiding katalon tagging' successfully

2018-11-22 22:19:00 - [TEST_STEP][PASSED] - callTestCase: Call Test Case 'Test Cases/Final Aug 2018 - PKS Automation/Registration Module/New Registration/Form 2/Date Updater' successfully

2018-11-22 22:19:00 - [TEST_CASE][PASSED] - Test Cases/Final Aug 2018 - PKS Automation/Registration Module/New Registration/Form 2/Date Updater: Test Cases/Final Aug 2018 - PKS Automation/Registration Module/New Registration/Form 2/Date Updater

2018-11-22 22:19:00 - [TEST_STEP][PASSED] - Statement - TodayDate = new java.util.Date(): null

2018-11-22 22:19:00 - [TEST_STEP][PASSED] - Statement - CurrentDateNoFilter = new java.text.SimpleDateFormat(): null

2018-11-22 22:19:00 - [TEST_STEP][PASSED] - Statement - CurrentDateNoFilter.applyPattern("dd"): null

2018-11-22 22:19:00 - [TEST_STEP][PASSED] - Statement - CurrentDate = CurrentDateNoFilter.format(TodayDate): null

2018-11-22 22:19:00 - [TEST_STEP][PASSED] - Statement - CurrentDate = java.lang.Integer.parseInt(CurrentDate): null

2018-11-22 22:19:00 - [TEST_STEP][PASSED] - Statement - CurrentDate = CurrentDate: null

2018-11-22 22:19:00 - [TEST_STEP][PASSED] - Statement - CurrentDay = java.lang.Integer.parseInt(CurrentDate): null

2018-11-22 22:19:00 - [TEST_STEP][PASSED] - Statement - aDayBefore = CurrentDay + 1: null

2018-11-22 22:19:00 - [TEST_STEP][PASSED] - Statement - DayBefore = aDayBefore.toString(): null

2018-11-22 22:19:00 - [TEST_STEP][PASSED] - Statement - OneDayBefore = DayBefore: null

2018-11-22 22:19:00 - [TEST_STEP][PASSED] - Statement - CurrentDateNoFilter.applyPattern("MM"): null

2018-11-22 22:19:00 - [TEST_STEP][PASSED] - Statement - monthContainerMatcher = java.lang.Integer.parseInt(CurrentDateNoFilter.format(TodayDate)): null

2018-11-22 22:19:00 - [TEST_STEP][PASSED] - Statement - monthContainerMatcher = monthContainerMatcher - 1: null

2018-11-22 22:19:00 - [TEST_STEP][PASSED] - Statement - CurrentMonth = monthContainerMatcher.toString(): null

2018-11-22 22:19:00 - [TEST_STEP][PASSED] - Statement - CurrentMonth = CurrentMonth: null

2018-11-22 22:19:00 - [TEST_STEP][PASSED] - Statement - CurrentDateNoFilter.applyPattern("yyyy"): null

2018-11-22 22:19:00 - [TEST_STEP][PASSED] - Statement - CurrentYear = CurrentDateNoFilter.format(TodayDate): null

2018-11-22 22:19:00 - [TEST_STEP][PASSED] - Statement - CurrentYear = CurrentYear: null

2018-11-22 22:19:00 - [TEST_STEP][PASSED] - Statement - intCurrentYear = java.lang.Integer.parseInt(CurrentDateNoFilter.format(TodayDate)): null

2018-11-22 22:19:00 - [TEST_STEP][PASSED] - Statement - eighteenYrsAgo = intCurrentYear - 18: null

2018-11-22 22:19:00 - [TEST_STEP][PASSED] - Statement - eighteenYrsBeforeThisYr = eighteenYrsAgo.toString(): null

2018-11-22 22:19:00 - [TEST_STEP][PASSED] - Statement - EighteenYrsBefore = eighteenYrsBeforeThisYr: null

2018-11-22 22:19:00 - [TEST_STEP][PASSED] - Statement - fiftysevenYrsAgo = intCurrentYear - 57: null

2018-11-22 22:19:00 - [TEST_STEP][PASSED] - Statement - fiftysevenYrsBeforeThisYr = fiftysevenYrsAgo.toString(): null

2018-11-22 22:19:00 - [TEST_STEP][PASSED] - Statement - FiftysevenYrsBefore = fiftysevenYrsBeforeThisYr: null

2018-11-22 22:19:00 - [MESSAGE][PASSED] - Call Test Case 'Test Cases/Final Aug 2018 - PKS Automation/Registration Module/New Registration/Form 2/Date Updater' successfully

2018-11-22 22:19:00 - [TEST_STEP][PASSED] - delay: Delayed 2 second(s)

2018-11-22 22:19:02 - [MESSAGE][PASSED] - Delayed 2 second(s)

2018-11-22 22:19:02 - [TEST_STEP][PASSED] - setText: Text 'klotc2@gmail.com' is set on object 'Object Repository/Final Object Repo/Page_Update Add New Employee - ASSIST/Email TextBox'

2018-11-22 22:19:03 - [MESSAGE][PASSED] - Text 'klotc2@gmail.com' is set on object 'Object Repository/Final Object Repo/Page_Update Add New Employee - ASSIST/Email TextBox'

2018-11-22 22:19:03 - [TEST_STEP][PASSED] - click: Object: 'Object Repository/Final Object Repo/Page_Update Add New Employee - ASSIST/Next Button' is clicked on

2018-11-22 22:19:03 - [MESSAGE][PASSED] - Object: 'Object Repository/Final Object Repo/Page_Update Add New Employee - ASSIST/Next Button' is clicked on

2018-11-22 22:19:03 - [TEST_STEP][PASSED] - delay: Delayed 2 second(s)

2018-11-22 22:19:05 - [MESSAGE][PASSED] - Delayed 2 second(s)

2018-11-22 22:19:05 - [TEST_STEP][PASSED] - setText: Text 'Test1@3456789' is set on object 'Object Repository/Final Object Repo/Page_Update Add New Employee - ASSIST/Password TextBox'

2018-11-22 22:19:05 - [MESSAGE][PASSED] - Text 'Test1@3456789' is set on object 'Object Repository/Final Object Repo/Page_Update Add New Employee - ASSIST/Password TextBox'

2018-11-22 22:19:05 - [TEST_STEP][PASSED] - delay: Delayed 2 second(s)

2018-11-22 22:19:07 - [MESSAGE][PASSED] - Delayed 2 second(s)

2018-11-22 22:19:07 - [TEST_STEP][PASSED] - click: Object: 'Object Repository/Final Object Repo/Page_Update Add New Employee - ASSIST/Login Button' is clicked on

2018-11-22 22:19:07 - [MESSAGE][PASSED] - Object: 'Object Repository/Final Object Repo/Page_Update Add New Employee - ASSIST/Login Button' is clicked on

2018-11-22 22:19:07 - [TEST_STEP][PASSED] - delay: Delayed 4 second(s)

2018-11-22 22:19:11 - [MESSAGE][PASSED] - Delayed 4 second(s)

2018-11-22 22:19:11 - [TEST_STEP][PASSED] - Statement - Try: Delayed 2 second(s)

2018-11-22 22:19:11 - [TEST_STEP][PASSED] - Statement - Checker = false: null

2018-11-22 22:19:11 - [TEST_STEP][PASSED] - Statement - Checker = com.kms.katalon.core.webui.keyword.WebUiBuiltInKeywords.verifyElementHasAttribute(com.kms.katalon.core.testobject.ObjectRepository.findTestObject(Final Object Repo/Landing Page/BM Detecting), "href", 20, OPTIONAL): Object 'Object Repository/Final Object Repo/Landing Page/BM Detecting' has attribute 'href'

2018-11-22 22:19:11 - [MESSAGE][PASSED] - Object 'Object Repository/Final Object Repo/Landing Page/BM Detecting' has attribute 'href'

2018-11-22 22:19:11 - [TEST_STEP][PASSED] - Statement - out.println(Checker): null

2018-11-22 22:19:11 - [TEST_STEP][PASSED] - Statement - If (Checker == false): null

2018-11-22 22:19:11 - [TEST_STEP][PASSED] - Statement - Else: null

2018-11-22 22:19:11 - [TEST_STEP][PASSED] - delay: Delayed 2 second(s)

2018-11-22 22:19:13 - [MESSAGE][PASSED] - Delayed 2 second(s)

2018-11-22 22:19:13 - [TEST_STEP][PASSED] - delay: Delayed 4 second(s)

2018-11-22 22:19:17 - [MESSAGE][PASSED] - Delayed 4 second(s)

2018-11-22 22:19:17 - [TEST_STEP][PASSED] - click: Object: 'Object Repository/Final Object Repo/Page_Update Add New Employee - ASSIST/My Sites Drop Down' is clicked on

2018-11-22 22:19:18 - [MESSAGE][PASSED] - Object: 'Object Repository/Final Object Repo/Page_Update Add New Employee - ASSIST/My Sites Drop Down' is clicked on

2018-11-22 22:19:18 - [TEST_STEP][PASSED] - click: Object: 'Object Repository/Final Object Repo/Page_Update Add New Employee - ASSIST/Select to Registration Module' is clicked on

2018-11-22 22:19:18 - [MESSAGE][PASSED] - Object: 'Object Repository/Final Object Repo/Page_Update Add New Employee - ASSIST/Select to Registration Module' is clicked on

2018-11-22 22:19:18 - [TEST_STEP][PASSED] - navigateToUrl: Navigate to 'https://assist2-uat.perkeso.gov.my/web/registration/myassist' successfully

2018-11-22 22:19:19 - [MESSAGE][PASSED] - Navigate to 'https://assist2-uat.perkeso.gov.my/web/registration/myassist' successfully

2018-11-22 22:19:19 - [TEST_STEP][PASSED] - mouseOver: Object: 'Object Repository/Final Object Repo/Page_Update Add New Employee - ASSIST/Select to Update Akta 4 Tab' is hovered

2018-11-22 22:19:19 - [MESSAGE][PASSED] - Object: 'Object Repository/Final Object Repo/Page_Update Add New Employee - ASSIST/Select to Update Akta 4 Tab' is hovered

2018-11-22 22:19:19 - [TEST_STEP][PASSED] - delay: Delayed 2 second(s)

2018-11-22 22:19:21 - [MESSAGE][PASSED] - Delayed 2 second(s)

2018-11-22 22:19:21 - [TEST_STEP][PASSED] - click: Object: 'Object Repository/Final Object Repo/Page_Update Add New Employee - ASSIST/Select to Update Add New Employee' is clicked on

2018-11-22 22:19:22 - [MESSAGE][PASSED] - Object: 'Object Repository/Final Object Repo/Page_Update Add New Employee - ASSIST/Select to Update Add New Employee' is clicked on

2018-11-22 22:19:22 - [TEST_STEP][PASSED] - delay: Delayed 2 second(s)

2018-11-22 22:19:24 - [MESSAGE][PASSED] - Delayed 2 second(s)

2018-11-22 22:19:24 - [TEST_STEP][PASSED] - setText: Text 'E1102070354A' is set on object 'Object Repository/Final Object Repo/Page_Update Add New Employee - ASSIST/Employer Code input textbox'

2018-11-22 22:19:24 - [MESSAGE][PASSED] - Text 'E1102070354A' is set on object 'Object Repository/Final Object Repo/Page_Update Add New Employee - ASSIST/Employer Code input textbox'

2018-11-22 22:19:24 - [TEST_STEP][PASSED] - delay: Delayed 2 second(s)

2018-11-22 22:19:26 - [MESSAGE][PASSED] - Delayed 2 second(s)

2018-11-22 22:19:26 - [TEST_STEP][PASSED] - click: Object: 'Object Repository/Final Object Repo/Page_Update Add New Employee - ASSIST/Search Button for Employer Code' is clicked on

2018-11-22 22:19:26 - [MESSAGE][PASSED] - Object: 'Object Repository/Final Object Repo/Page_Update Add New Employee - ASSIST/Search Button for Employer Code' is clicked on

2018-11-22 22:19:26 - [TEST_STEP][PASSED] - delay: Delayed 4 second(s)

2018-11-22 22:19:30 - [MESSAGE][PASSED] - Delayed 4 second(s)

2018-11-22 22:19:30 - [TEST_STEP][PASSED] - click: Object: 'Object Repository/Final Object Repo/Page_Update Add New Employee - ASSIST/Click to Edit Case' is clicked on

2018-11-22 22:19:33 - [MESSAGE][PASSED] - Object: 'Object Repository/Final Object Repo/Page_Update Add New Employee - ASSIST/Click to Edit Case' is clicked on

2018-11-22 22:19:33 - [TEST_STEP][PASSED] - callTestCase: Call Test Case 'Test Cases/Final Aug 2018 - PKS Automation/Registration Module/Workflow/Update Add New Employee/Template/Employee Adding/Employee Set Decider' successfully

2018-11-22 22:19:33 - [TEST_CASE][PASSED] - Test Cases/Final Aug 2018 - PKS Automation/Registration Module/Workflow/Update Add New Employee/Template/Employee Adding/Employee Set Decider: Test Cases/Final Aug 2018 - PKS Automation/Registration Module/Workflow/Update Add New Employee/Template/Employee Adding/Employee Set Decider

2018-11-22 22:19:33 - [TEST_STEP][PASSED] - delay: Delayed 4 second(s)

2018-11-22 22:19:37 - [MESSAGE][PASSED] - Delayed 4 second(s)

2018-11-22 22:19:37 - [TEST_STEP][PASSED] - click: Object: 'Object Repository/Final Object Repo/Page_Update Add New Employee - ASSIST/Add Employee Button' is clicked on

2018-11-22 22:19:37 - [MESSAGE][PASSED] - Object: 'Object Repository/Final Object Repo/Page_Update Add New Employee - ASSIST/Add Employee Button' is clicked on

2018-11-22 22:19:37 - [TEST_STEP][PASSED] - delay: Delayed 3 second(s)

2018-11-22 22:19:40 - [MESSAGE][PASSED] - Delayed 3 second(s)

2018-11-22 22:19:40 - [TEST_STEP][PASSED] - setText: Text '010903091920' is set on object 'Object Repository/Final Object Repo/Page_Update Add New Employee - ASSIST/NRIC Input'

2018-11-22 22:19:40 - [MESSAGE][PASSED] - Text '010903091920' is set on object 'Object Repository/Final Object Repo/Page_Update Add New Employee - ASSIST/NRIC Input'

2018-11-22 22:19:40 - [TEST_STEP][PASSED] - click: Object: 'Object Repository/Final Object Repo/Page_Update Add New Employee - ASSIST/button for search for IC' is clicked on

2018-11-22 22:19:40 - [MESSAGE][PASSED] - Object: 'Object Repository/Final Object Repo/Page_Update Add New Employee - ASSIST/button for search for IC' is clicked on

2018-11-22 22:19:40 - [TEST_STEP][PASSED] - delay: Delayed 2 second(s)

2018-11-22 22:19:42 - [MESSAGE][PASSED] - Delayed 2 second(s)

2018-11-22 22:19:42 - [TEST_STEP][PASSED] - sendKeys: Keys 'CONTROL + a' sent to object: 'Object Repository/Final Object Repo/Page_Update Add New Employee - ASSIST/Employee Name Input'

2018-11-22 22:19:43 - [MESSAGE][PASSED] - Keys 'CONTROL + a' sent to object: 'Object Repository/Final Object Repo/Page_Update Add New Employee - ASSIST/Employee Name Input'

2018-11-22 22:19:43 - [TEST_STEP][PASSED] - sendKeys: Keys 'CONTROL + c' sent to object: 'Object Repository/Final Object Repo/Page_Update Add New Employee - ASSIST/Employee Name Input'

2018-11-22 22:19:43 - [MESSAGE][PASSED] - Keys 'CONTROL + c' sent to object: 'Object Repository/Final Object Repo/Page_Update Add New Employee - ASSIST/Employee Name Input'

2018-11-22 22:19:43 - [TEST_STEP][PASSED] - Statement - toolkit = java.awt.Toolkit.getDefaultToolkit(): null

2018-11-22 22:19:43 - [TEST_STEP][PASSED] - Statement - clipboard = toolkit.getSystemClipboard(): null

2018-11-22 22:19:43 - [TEST_STEP][PASSED] - Statement - CurrentName = clipboard.getData(stringFlavor): null

2018-11-22 22:19:43 - [TEST_STEP][PASSED] - Statement - out.println("String from Clipboard:" + CurrentName): null

2018-11-22 22:19:43 - [TEST_STEP][PASSED] - Statement - If (CurrentName == "AUTOMATE002 ELIGIBLE 1"): null

2018-11-22 22:19:43 - [TEST_STEP][PASSED] - Statement - Else If (CurrentName == "AUTOMATE003 ELIGIBLE 1"): Call Test Case 'Test Cases/Final Aug 2018 - PKS Automation/Registration Module/Workflow/Update Add New Employee/Template/Employee Adding/Employee Adding Action Repeat IC - set 2' successfully

2018-11-22 22:19:43 - [TEST_STEP][PASSED] - callTestCase: Call Test Case 'Test Cases/Final Aug 2018 - PKS Automation/Registration Module/Workflow/Update Add New Employee/Template/Employee Adding/Employee Adding Action Repeat IC - set 2' successfully

2018-11-22 22:19:43 - [TEST_CASE][PASSED] - Test Cases/Final Aug 2018 - PKS Automation/Registration Module/Workflow/Update Add New Employee/Template/Employee Adding/Employee Adding Action Repeat IC - set 2: Test Cases/Final Aug 2018 - PKS Automation/Registration Module/Workflow/Update Add New Employee/Template/Employee Adding/Employee Adding Action Repeat IC - set 2

2018-11-22 22:19:43 - [TEST_STEP][PASSED] - setText: Text 'Automate002 eligible 1' is set on object 'Object Repository/Final Object Repo/Page_Update Add New Employee - ASSIST/Employee Name Input'

2018-11-22 22:19:43 - [MESSAGE][PASSED] - Text 'Automate002 eligible 1' is set on object 'Object Repository/Final Object Repo/Page_Update Add New Employee - ASSIST/Employee Name Input'

2018-11-22 22:19:43 - [TEST_STEP][PASSED] - delay: Delayed 2 second(s)

2018-11-22 22:19:45 - [MESSAGE][PASSED] - Delayed 2 second(s)

2018-11-22 22:19:45 - [TEST_STEP][PASSED] - click: Object: 'Object Repository/Final Object Repo/Page_Update Add New Employee - ASSIST/DatePicker Pop Up' is clicked on

2018-11-22 22:19:45 - [MESSAGE][PASSED] - Object: 'Object Repository/Final Object Repo/Page_Update Add New Employee - ASSIST/DatePicker Pop Up' is clicked on

2018-11-22 22:19:45 - [TEST_STEP][PASSED] - click: Object: 'Object Repository/Final Object Repo/Page_Update Add New Employee - ASSIST/DOB Month' is clicked on

2018-11-22 22:19:46 - [MESSAGE][PASSED] - Object: 'Object Repository/Final Object Repo/Page_Update Add New Employee - ASSIST/DOB Month' is clicked on

2018-11-22 22:19:46 - [TEST_STEP][PASSED] - Statement - CurrentMonth = CurrentMonth: null

2018-11-22 22:19:46 - [TEST_STEP][PASSED] - Statement - selectMonth = new com.kms.katalon.core.testobject.TestObject(): null

2018-11-22 22:19:46 - [TEST_STEP][PASSED] - Statement - selectMonth.addProperty("xpath", EQUALS, "//body/div/div/div/select/option[@value='" + CurrentMonth + "']", true): null

2018-11-22 22:19:46 - [TEST_STEP][PASSED] - click: Object: '' is clicked on

2018-11-22 22:19:46 - [MESSAGE][PASSED] - Object: '' is clicked on

2018-11-22 22:19:46 - [TEST_STEP][PASSED] - click: Object: 'Object Repository/Final Object Repo/Page_Update Add New Employee - ASSIST/DOB Year' is clicked on

2018-11-22 22:19:46 - [MESSAGE][PASSED] - Object: 'Object Repository/Final Object Repo/Page_Update Add New Employee - ASSIST/DOB Year' is clicked on

2018-11-22 22:19:46 - [TEST_STEP][PASSED] - Statement - Eyearsbf = EighteenYrsBefore: null

2018-11-22 22:19:46 - [TEST_STEP][PASSED] - Statement - selectYear = new com.kms.katalon.core.testobject.TestObject(): null

2018-11-22 22:19:46 - [TEST_STEP][PASSED] - Statement - selectYear.addProperty("xpath", EQUALS, "//div/div/div/select/option[@value='" + Eyearsbf + "']", true): null

2018-11-22 22:19:46 - [TEST_STEP][PASSED] - click: Object: '' is clicked on

2018-11-22 22:19:46 - [MESSAGE][PASSED] - Object: '' is clicked on

2018-11-22 22:19:46 - [TEST_STEP][PASSED] - Statement - UpdatedSelectDate = com.kms.katalon.core.webui.keyword.WebUiBuiltInKeywords.modifyObjectProperty(com.kms.katalon.core.testobject.ObjectRepository.findTestObject(Final Object Repo/Page_Update Add New Employee - ASSIST/DOB Date), "xpath", "equals", "//body/div/table/tbody/tr/td/a[text()="" + CurrentDate + ""]", true): Modify property of object successfully

2018-11-22 22:19:46 - [MESSAGE][PASSED] - Modify property of object successfully

2018-11-22 22:19:46 - [TEST_STEP][PASSED] - delay: Delayed 3 second(s)

2018-11-22 22:19:49 - [MESSAGE][PASSED] - Delayed 3 second(s)

2018-11-22 22:19:49 - [TEST_STEP][PASSED] - click: Object: 'Object Repository/Final Object Repo/Page_Update Add New Employee - ASSIST/DOB Date' is clicked on

2018-11-22 22:19:49 - [MESSAGE][PASSED] - Object: 'Object Repository/Final Object Repo/Page_Update Add New Employee - ASSIST/DOB Date' is clicked on

2018-11-22 22:19:49 - [TEST_STEP][PASSED] - delay: Delayed 2 second(s)

2018-11-22 22:19:51 - [MESSAGE][PASSED] - Delayed 2 second(s)

2018-11-22 22:19:51 - [TEST_STEP][PASSED] - click: Object: 'Object Repository/Final Object Repo/Page_Update Add New Employee - ASSIST/EmploymentStartDate Pop Up' is clicked on

2018-11-22 22:19:51 - [MESSAGE][PASSED] - Object: 'Object Repository/Final Object Repo/Page_Update Add New Employee - ASSIST/EmploymentStartDate Pop Up' is clicked on

2018-11-22 22:19:51 - [TEST_STEP][PASSED] - delay: Delayed 2 second(s)

2018-11-22 22:19:53 - [MESSAGE][PASSED] - Delayed 2 second(s)

2018-11-22 22:19:53 - [TEST_STEP][PASSED] - click: Object: 'Object Repository/Final Object Repo/Page_Update Add New Employee - ASSIST/Socso Employment StartDate Month' is clicked on

2018-11-22 22:19:54 - [MESSAGE][PASSED] - Object: 'Object Repository/Final Object Repo/Page_Update Add New Employee - ASSIST/Socso Employment StartDate Month' is clicked on

2018-11-22 22:19:54 - [TEST_STEP][PASSED] - delay: Delayed 1 second(s)

2018-11-22 22:19:55 - [MESSAGE][PASSED] - Delayed 1 second(s)

2018-11-22 22:19:55 - [TEST_STEP][PASSED] - click: Object: 'Object Repository/Final Object Repo/Page_Update Add New Employee - ASSIST/Select Socso Employement Startdate Month' is clicked on

2018-11-22 22:19:55 - [MESSAGE][PASSED] - Object: 'Object Repository/Final Object Repo/Page_Update Add New Employee - ASSIST/Select Socso Employement Startdate Month' is clicked on

2018-11-22 22:19:55 - [TEST_STEP][PASSED] - delay: Delayed 2 second(s)

2018-11-22 22:19:57 - [MESSAGE][PASSED] - Delayed 2 second(s)

2018-11-22 22:19:57 - [TEST_STEP][PASSED] - click: Object: 'Object Repository/Final Object Repo/Page_Update Add New Employee - ASSIST/Socso Employment StartDate Year' is clicked on

2018-11-22 22:19:57 - [MESSAGE][PASSED] - Object: 'Object Repository/Final Object Repo/Page_Update Add New Employee - ASSIST/Socso Employment StartDate Year' is clicked on

2018-11-22 22:19:57 - [TEST_STEP][PASSED] - delay: Delayed 1 second(s)

2018-11-22 22:19:58 - [MESSAGE][PASSED] - Delayed 1 second(s)

2018-11-22 22:19:58 - [TEST_STEP][PASSED] - click: Object: 'Object Repository/Final Object Repo/Page_Update Add New Employee - ASSIST/Select Socso Employment Startdate Year' is clicked on

2018-11-22 22:19:58 - [MESSAGE][PASSED] - Object: 'Object Repository/Final Object Repo/Page_Update Add New Employee - ASSIST/Select Socso Employment Startdate Year' is clicked on

2018-11-22 22:19:58 - [TEST_STEP][PASSED] - delay: Delayed 2 second(s)

2018-11-22 22:20:00 - [MESSAGE][PASSED] - Delayed 2 second(s)

2018-11-22 22:20:00 - [TEST_STEP][PASSED] - click: Object: 'Object Repository/Final Object Repo/Page_Update Add New Employee - ASSIST/Socso Employment Start Date Day' is clicked on

2018-11-22 22:20:00 - [MESSAGE][PASSED] - Object: 'Object Repository/Final Object Repo/Page_Update Add New Employee - ASSIST/Socso Employment Start Date Day' is clicked on

2018-11-22 22:20:00 - [TEST_STEP][PASSED] - delay: Delayed 2 second(s)

2018-11-22 22:20:02 - [MESSAGE][PASSED] - Delayed 2 second(s)

2018-11-22 22:20:02 - [TEST_STEP][PASSED] - click: Object: 'Object Repository/Final Object Repo/Page_Update Add New Employee - ASSIST/Save Button for Add Employee' is clicked on

2018-11-22 22:20:02 - [MESSAGE][PASSED] - Object: 'Object Repository/Final Object Repo/Page_Update Add New Employee - ASSIST/Save Button for Add Employee' is clicked on

2018-11-22 22:20:02 - [TEST_STEP][PASSED] - delay: Delayed 10 second(s)

2018-11-22 22:20:12 - [MESSAGE][PASSED] - Delayed 10 second(s)

2018-11-22 22:20:12 - [TEST_STEP][PASSED] - click: Object: 'Object Repository/Final Object Repo/Page_Update Add New Employee - ASSIST/Add Employee Button' is clicked on

2018-11-22 22:20:13 - [MESSAGE][PASSED] - Object: 'Object Repository/Final Object Repo/Page_Update Add New Employee - ASSIST/Add Employee Button' is clicked on

2018-11-22 22:20:13 - [TEST_STEP][PASSED] - delay: Delayed 6 second(s)

2018-11-22 22:20:19 - [MESSAGE][PASSED] - Delayed 6 second(s)

2018-11-22 22:20:19 - [TEST_STEP][PASSED] - setText: Text '620904059600' is set on object 'Object Repository/Final Object Repo/Page_Update Add New Employee - ASSIST/NRIC Input'

2018-11-22 22:20:19 - [MESSAGE][PASSED] - Text '620904059600' is set on object 'Object Repository/Final Object Repo/Page_Update Add New Employee - ASSIST/NRIC Input'

2018-11-22 22:20:19 - [TEST_STEP][PASSED] - click: Object: 'Object Repository/Final Object Repo/Page_Update Add New Employee - ASSIST/button for search for IC' is clicked on

2018-11-22 22:20:19 - [MESSAGE][PASSED] - Object: 'Object Repository/Final Object Repo/Page_Update Add New Employee - ASSIST/button for search for IC' is clicked on

2018-11-22 22:20:19 - [TEST_STEP][PASSED] - delay: Delayed 2 second(s)

2018-11-22 22:20:21 - [MESSAGE][PASSED] - Delayed 2 second(s)

2018-11-22 22:20:21 - [TEST_STEP][PASSED] - setText: Text 'Automate002 eligible 2' is set on object 'Object Repository/Final Object Repo/Page_Update Add New Employee - ASSIST/Employee Name Input'

2018-11-22 22:20:22 - [MESSAGE][PASSED] - Text 'Automate002 eligible 2' is set on object 'Object Repository/Final Object Repo/Page_Update Add New Employee - ASSIST/Employee Name Input'

2018-11-22 22:20:22 - [TEST_STEP][PASSED] - delay: Delayed 2 second(s)

2018-11-22 22:20:24 - [MESSAGE][PASSED] - Delayed 2 second(s)

2018-11-22 22:20:24 - [TEST_STEP][PASSED] - click: Object: 'Object Repository/Final Object Repo/Page_Update Add New Employee - ASSIST/DatePicker Pop Up' is clicked on

2018-11-22 22:20:24 - [MESSAGE][PASSED] - Object: 'Object Repository/Final Object Repo/Page_Update Add New Employee - ASSIST/DatePicker Pop Up' is clicked on

2018-11-22 22:20:24 - [TEST_STEP][PASSED] - delay: Delayed 2 second(s)

2018-11-22 22:20:26 - [MESSAGE][PASSED] - Delayed 2 second(s)

2018-11-22 22:20:26 - [TEST_STEP][PASSED] - click: Object: 'Object Repository/Final Object Repo/Page_Update Add New Employee - ASSIST/DOB Month' is clicked on

2018-11-22 22:20:26 - [MESSAGE][PASSED] - Object: 'Object Repository/Final Object Repo/Page_Update Add New Employee - ASSIST/DOB Month' is clicked on

2018-11-22 22:20:26 - [TEST_STEP][PASSED] - Statement - selectMonth = com.kms.katalon.core.webui.keyword.WebUiBuiltInKeywords.modifyObjectProperty(selectMonth, "xpath", "equals", "//body/div/div/div/select/option[@value="" + CurrentMonth + ""]", true): Modify property of object successfully

2018-11-22 22:20:26 - [MESSAGE][PASSED] - Modify property of object successfully

2018-11-22 22:20:26 - [TEST_STEP][PASSED] - click: Object: '' is clicked on

2018-11-22 22:20:26 - [MESSAGE][PASSED] - Object: '' is clicked on

2018-11-22 22:20:26 - [TEST_STEP][PASSED] - click: Object: 'Object Repository/Final Object Repo/Page_Update Add New Employee - ASSIST/DOB Year' is clicked on

2018-11-22 22:20:27 - [MESSAGE][PASSED] - Object: 'Object Repository/Final Object Repo/Page_Update Add New Employee - ASSIST/DOB Year' is clicked on

2018-11-22 22:20:27 - [TEST_STEP][PASSED] - Statement - selectYear = com.kms.katalon.core.webui.keyword.WebUiBuiltInKeywords.modifyObjectProperty(selectYear, "xpath", "equals", "//div/div/div/select/option[@value="" + FiftysevenYrsBefore + ""]", true): Modify property of object successfully

2018-11-22 22:20:27 - [MESSAGE][PASSED] - Modify property of object successfully

2018-11-22 22:20:27 - [TEST_STEP][PASSED] - click: Object: '' is clicked on

2018-11-22 22:20:27 - [MESSAGE][PASSED] - Object: '' is clicked on

2018-11-22 22:20:27 - [TEST_STEP][PASSED] - Statement - UpdatedSelectDate = com.kms.katalon.core.webui.keyword.WebUiBuiltInKeywords.modifyObjectProperty(com.kms.katalon.core.testobject.ObjectRepository.findTestObject(Final Object Repo/Page_Update Add New Employee - ASSIST/DOB Date), "xpath", "equals", "//body/div/table/tbody/tr/td/a[text()="" + OneDayBefore + ""]", true): Modify property of object successfully

2018-11-22 22:20:27 - [MESSAGE][PASSED] - Modify property of object successfully

2018-11-22 22:20:27 - [TEST_STEP][PASSED] - click: Object: 'Object Repository/Final Object Repo/Page_Update Add New Employee - ASSIST/DOB Date' is clicked on

2018-11-22 22:20:27 - [MESSAGE][PASSED] - Object: 'Object Repository/Final Object Repo/Page_Update Add New Employee - ASSIST/DOB Date' is clicked on

2018-11-22 22:20:27 - [TEST_STEP][PASSED] - delay: Delayed 2 second(s)

2018-11-22 22:20:29 - [MESSAGE][PASSED] - Delayed 2 second(s)

2018-11-22 22:20:29 - [TEST_STEP][PASSED] - click: Object: 'Object Repository/Final Object Repo/Page_Update Add New Employee - ASSIST/EmploymentStartDate Pop Up' is clicked on

2018-11-22 22:20:29 - [MESSAGE][PASSED] - Object: 'Object Repository/Final Object Repo/Page_Update Add New Employee - ASSIST/EmploymentStartDate Pop Up' is clicked on

2018-11-22 22:20:29 - [TEST_STEP][PASSED] - delay: Delayed 2 second(s)

2018-11-22 22:20:31 - [MESSAGE][PASSED] - Delayed 2 second(s)

2018-11-22 22:20:31 - [TEST_STEP][PASSED] - click: Object: 'Object Repository/Final Object Repo/Page_Update Add New Employee - ASSIST/Socso Employment StartDate Month' is clicked on

2018-11-22 22:20:31 - [MESSAGE][PASSED] - Object: 'Object Repository/Final Object Repo/Page_Update Add New Employee - ASSIST/Socso Employment StartDate Month' is clicked on

2018-11-22 22:20:31 - [TEST_STEP][PASSED] - delay: Delayed 1 second(s)

2018-11-22 22:20:32 - [MESSAGE][PASSED] - Delayed 1 second(s)

2018-11-22 22:20:32 - [TEST_STEP][PASSED] - click: Object: 'Object Repository/Final Object Repo/Page_Update Add New Employee - ASSIST/Select Socso Employement Startdate Month' is clicked on

2018-11-22 22:20:32 - [MESSAGE][PASSED] - Object: 'Object Repository/Final Object Repo/Page_Update Add New Employee - ASSIST/Select Socso Employement Startdate Month' is clicked on

2018-11-22 22:20:32 - [TEST_STEP][PASSED] - delay: Delayed 2 second(s)

2018-11-22 22:20:34 - [MESSAGE][PASSED] - Delayed 2 second(s)

2018-11-22 22:20:34 - [TEST_STEP][PASSED] - click: Object: 'Object Repository/Final Object Repo/Page_Update Add New Employee - ASSIST/Socso Employment StartDate Year' is clicked on

2018-11-22 22:20:34 - [MESSAGE][PASSED] - Object: 'Object Repository/Final Object Repo/Page_Update Add New Employee - ASSIST/Socso Employment StartDate Year' is clicked on

2018-11-22 22:20:34 - [TEST_STEP][PASSED] - delay: Delayed 1 second(s)

2018-11-22 22:20:35 - [MESSAGE][PASSED] - Delayed 1 second(s)

2018-11-22 22:20:35 - [TEST_STEP][PASSED] - click: Object: 'Object Repository/Final Object Repo/Page_Update Add New Employee - ASSIST/Select Socso Employment Startdate Year' is clicked on

2018-11-22 22:20:36 - [MESSAGE][PASSED] - Object: 'Object Repository/Final Object Repo/Page_Update Add New Employee - ASSIST/Select Socso Employment Startdate Year' is clicked on

2018-11-22 22:20:36 - [TEST_STEP][PASSED] - delay: Delayed 2 second(s)

2018-11-22 22:20:38 - [MESSAGE][PASSED] - Delayed 2 second(s)

2018-11-22 22:20:38 - [TEST_STEP][PASSED] - click: Object: 'Object Repository/Final Object Repo/Page_Update Add New Employee - ASSIST/Socso Employment Start Date Day' is clicked on

2018-11-22 22:20:38 - [MESSAGE][PASSED] - Object: 'Object Repository/Final Object Repo/Page_Update Add New Employee - ASSIST/Socso Employment Start Date Day' is clicked on

2018-11-22 22:20:38 - [TEST_STEP][PASSED] - delay: Delayed 2 second(s)

2018-11-22 22:20:40 - [MESSAGE][PASSED] - Delayed 2 second(s)

2018-11-22 22:20:40 - [TEST_STEP][PASSED] - click: Object: 'Object Repository/Final Object Repo/Page_Update Add New Employee - ASSIST/Save Button for Add Employee' is clicked on

2018-11-22 22:20:40 - [MESSAGE][PASSED] - Object: 'Object Repository/Final Object Repo/Page_Update Add New Employee - ASSIST/Save Button for Add Employee' is clicked on

2018-11-22 22:20:40 - [TEST_STEP][PASSED] - delay: Delayed 5 second(s)

2018-11-22 22:20:45 - [MESSAGE][PASSED] - Delayed 5 second(s)

2018-11-22 22:20:45 - [TEST_STEP][PASSED] - waitForElementClickable: Object 'Object Repository/Final Object Repo/Page_Update Add New Employee - ASSIST/Add Employee Button' is clickable

2018-11-22 22:20:45 - [MESSAGE][PASSED] - Object 'Object Repository/Final Object Repo/Page_Update Add New Employee - ASSIST/Add Employee Button' is clickable

2018-11-22 22:20:45 - [TEST_STEP][PASSED] - click: Object: 'Object Repository/Final Object Repo/Page_Update Add New Employee - ASSIST/Add Employee Button' is clicked on

2018-11-22 22:20:45 - [MESSAGE][PASSED] - Object: 'Object Repository/Final Object Repo/Page_Update Add New Employee - ASSIST/Add Employee Button' is clicked on

2018-11-22 22:20:45 - [TEST_STEP][PASSED] - delay: Delayed 4 second(s)

2018-11-22 22:20:49 - [MESSAGE][PASSED] - Delayed 4 second(s)

2018-11-22 22:20:49 - [TEST_STEP][PASSED] - setText: Text '000209039100' is set on object 'Object Repository/Final Object Repo/Page_Update Add New Employee - ASSIST/NRIC Input'

2018-11-22 22:20:50 - [MESSAGE][PASSED] - Text '000209039100' is set on object 'Object Repository/Final Object Repo/Page_Update Add New Employee - ASSIST/NRIC Input'

2018-11-22 22:20:50 - [TEST_STEP][PASSED] - click: Object: 'Object Repository/Final Object Repo/Page_Update Add New Employee - ASSIST/button for search for IC' is clicked on

2018-11-22 22:20:50 - [MESSAGE][PASSED] - Object: 'Object Repository/Final Object Repo/Page_Update Add New Employee - ASSIST/button for search for IC' is clicked on

2018-11-22 22:20:50 - [TEST_STEP][PASSED] - delay: Delayed 2 second(s)

2018-11-22 22:20:52 - [MESSAGE][PASSED] - Delayed 2 second(s)

2018-11-22 22:20:52 - [TEST_STEP][PASSED] - setText: Text 'Automate002 not eligible 1' is set on object 'Object Repository/Final Object Repo/Page_Update Add New Employee - ASSIST/Employee Name Input'

2018-11-22 22:20:52 - [MESSAGE][PASSED] - Text 'Automate002 not eligible 1' is set on object 'Object Repository/Final Object Repo/Page_Update Add New Employee - ASSIST/Employee Name Input'

2018-11-22 22:20:52 - [TEST_STEP][PASSED] - delay: Delayed 2 second(s)

2018-11-22 22:20:54 - [MESSAGE][PASSED] - Delayed 2 second(s)

2018-11-22 22:20:54 - [TEST_STEP][PASSED] - click: Object: 'Object Repository/Final Object Repo/Page_Update Add New Employee - ASSIST/DatePicker Pop Up' is clicked on

2018-11-22 22:20:55 - [MESSAGE][PASSED] - Object: 'Object Repository/Final Object Repo/Page_Update Add New Employee - ASSIST/DatePicker Pop Up' is clicked on

2018-11-22 22:20:55 - [TEST_STEP][PASSED] - delay: Delayed 2 second(s)

2018-11-22 22:20:57 - [MESSAGE][PASSED] - Delayed 2 second(s)

2018-11-22 22:20:57 - [TEST_STEP][PASSED] - click: Object: 'Object Repository/Final Object Repo/Page_Update Add New Employee - ASSIST/DOB Month' is clicked on

2018-11-22 22:20:57 - [MESSAGE][PASSED] - Object: 'Object Repository/Final Object Repo/Page_Update Add New Employee - ASSIST/DOB Month' is clicked on

2018-11-22 22:20:57 - [TEST_STEP][PASSED] - Statement - selectMonth = com.kms.katalon.core.webui.keyword.WebUiBuiltInKeywords.modifyObjectProperty(selectMonth, "xpath", "equals", "//body/div/div/div/select/option[@value="" + CurrentMonth + ""]", true): Modify property of object successfully

2018-11-22 22:20:57 - [MESSAGE][PASSED] - Modify property of object successfully

2018-11-22 22:20:57 - [TEST_STEP][PASSED] - click: Object: '' is clicked on

2018-11-22 22:20:57 - [MESSAGE][PASSED] - Object: '' is clicked on

2018-11-22 22:20:57 - [TEST_STEP][PASSED] - click: Object: 'Object Repository/Final Object Repo/Page_Update Add New Employee - ASSIST/DOB Year' is clicked on

2018-11-22 22:20:57 - [MESSAGE][PASSED] - Object: 'Object Repository/Final Object Repo/Page_Update Add New Employee - ASSIST/DOB Year' is clicked on

2018-11-22 22:20:57 - [TEST_STEP][PASSED] - Statement - selectYear = com.kms.katalon.core.webui.keyword.WebUiBuiltInKeywords.modifyObjectProperty(selectYear, "xpath", "equals", "//div/div/div/select/option[@value="" + EighteenYrsBefore + ""]", true): Modify property of object successfully

2018-11-22 22:20:57 - [MESSAGE][PASSED] - Modify property of object successfully

2018-11-22 22:20:57 - [TEST_STEP][PASSED] - click: Object: '' is clicked on

2018-11-22 22:20:57 - [MESSAGE][PASSED] - Object: '' is clicked on

2018-11-22 22:20:57 - [TEST_STEP][PASSED] - Statement - UpdatedSelectDate = com.kms.katalon.core.webui.keyword.WebUiBuiltInKeywords.modifyObjectProperty(com.kms.katalon.core.testobject.ObjectRepository.findTestObject(Final Object Repo/Page_Update Add New Employee - ASSIST/DOB Date), "xpath", "equals", "//body/div/table/tbody/tr/td/a[text()="" + OneDayBefore + ""]", true): Modify property of object successfully

2018-11-22 22:20:57 - [MESSAGE][PASSED] - Modify property of object successfully

2018-11-22 22:20:57 - [TEST_STEP][PASSED] - click: Object: 'Object Repository/Final Object Repo/Page_Update Add New Employee - ASSIST/DOB Date' is clicked on

2018-11-22 22:20:57 - [MESSAGE][PASSED] - Object: 'Object Repository/Final Object Repo/Page_Update Add New Employee - ASSIST/DOB Date' is clicked on

2018-11-22 22:20:57 - [TEST_STEP][PASSED] - delay: Delayed 2 second(s)

2018-11-22 22:20:59 - [MESSAGE][PASSED] - Delayed 2 second(s)

2018-11-22 22:20:59 - [TEST_STEP][PASSED] - click: Object: 'Object Repository/Final Object Repo/Page_Update Add New Employee - ASSIST/EmploymentStartDate Pop Up' is clicked on

2018-11-22 22:21:00 - [MESSAGE][PASSED] - Object: 'Object Repository/Final Object Repo/Page_Update Add New Employee - ASSIST/EmploymentStartDate Pop Up' is clicked on

2018-11-22 22:21:00 - [TEST_STEP][PASSED] - delay: Delayed 2 second(s)

2018-11-22 22:21:02 - [MESSAGE][PASSED] - Delayed 2 second(s)

2018-11-22 22:21:02 - [TEST_STEP][PASSED] - click: Object: 'Object Repository/Final Object Repo/Page_Update Add New Employee - ASSIST/Socso Employment StartDate Month' is clicked on

2018-11-22 22:21:02 - [MESSAGE][PASSED] - Object: 'Object Repository/Final Object Repo/Page_Update Add New Employee - ASSIST/Socso Employment StartDate Month' is clicked on

2018-11-22 22:21:02 - [TEST_STEP][PASSED] - delay: Delayed 1 second(s)

2018-11-22 22:21:03 - [MESSAGE][PASSED] - Delayed 1 second(s)

2018-11-22 22:21:03 - [TEST_STEP][PASSED] - click: Object: 'Object Repository/Final Object Repo/Page_Update Add New Employee - ASSIST/Select Socso Employement Startdate Month' is clicked on

2018-11-22 22:21:03 - [MESSAGE][PASSED] - Object: 'Object Repository/Final Object Repo/Page_Update Add New Employee - ASSIST/Select Socso Employement Startdate Month' is clicked on

2018-11-22 22:21:03 - [TEST_STEP][PASSED] - delay: Delayed 2 second(s)

2018-11-22 22:21:05 - [MESSAGE][PASSED] - Delayed 2 second(s)

2018-11-22 22:21:05 - [TEST_STEP][PASSED] - click: Object: 'Object Repository/Final Object Repo/Page_Update Add New Employee - ASSIST/Socso Employment StartDate Year' is clicked on

2018-11-22 22:21:05 - [MESSAGE][PASSED] - Object: 'Object Repository/Final Object Repo/Page_Update Add New Employee - ASSIST/Socso Employment StartDate Year' is clicked on

2018-11-22 22:21:05 - [TEST_STEP][PASSED] - delay: Delayed 1 second(s)

2018-11-22 22:21:06 - [MESSAGE][PASSED] - Delayed 1 second(s)

2018-11-22 22:21:06 - [TEST_STEP][PASSED] - click: Object: 'Object Repository/Final Object Repo/Page_Update Add New Employee - ASSIST/Select Socso Employment Startdate Year' is clicked on

2018-11-22 22:21:06 - [MESSAGE][PASSED] - Object: 'Object Repository/Final Object Repo/Page_Update Add New Employee - ASSIST/Select Socso Employment Startdate Year' is clicked on

2018-11-22 22:21:06 - [TEST_STEP][PASSED] - delay: Delayed 2 second(s)

2018-11-22 22:21:08 - [MESSAGE][PASSED] - Delayed 2 second(s)

2018-11-22 22:21:08 - [TEST_STEP][PASSED] - click: Object: 'Object Repository/Final Object Repo/Page_Update Add New Employee - ASSIST/Socso Employment Start Date Day' is clicked on

2018-11-22 22:21:08 - [MESSAGE][PASSED] - Object: 'Object Repository/Final Object Repo/Page_Update Add New Employee - ASSIST/Socso Employment Start Date Day' is clicked on

2018-11-22 22:21:08 - [TEST_STEP][PASSED] - delay: Delayed 2 second(s)

2018-11-22 22:21:10 - [MESSAGE][PASSED] - Delayed 2 second(s)

2018-11-22 22:21:10 - [TEST_STEP][PASSED] - click: Object: 'Object Repository/Final Object Repo/Page_Update Add New Employee - ASSIST/Save Button for Add Employee' is clicked on

2018-11-22 22:21:11 - [MESSAGE][PASSED] - Object: 'Object Repository/Final Object Repo/Page_Update Add New Employee - ASSIST/Save Button for Add Employee' is clicked on

2018-11-22 22:21:11 - [TEST_STEP][PASSED] - delay: Delayed 20 second(s)

2018-11-22 22:21:31 - [MESSAGE][PASSED] - Delayed 20 second(s)

2018-11-22 22:21:31 - [TEST_STEP][PASSED] - click: Object: 'Object Repository/Final Object Repo/Page_Update Add New Employee - ASSIST/Add Employee Button' is clicked on

2018-11-22 22:21:31 - [MESSAGE][PASSED] - Object: 'Object Repository/Final Object Repo/Page_Update Add New Employee - ASSIST/Add Employee Button' is clicked on

2018-11-22 22:21:31 - [TEST_STEP][PASSED] - delay: Delayed 4 second(s)

2018-11-22 22:21:35 - [MESSAGE][PASSED] - Delayed 4 second(s)

2018-11-22 22:21:35 - [TEST_STEP][PASSED] - setText: Text '600203039104' is set on object 'Object Repository/Final Object Repo/Page_Update Add New Employee - ASSIST/NRIC Input'

2018-11-22 22:21:35 - [MESSAGE][PASSED] - Text '600203039104' is set on object 'Object Repository/Final Object Repo/Page_Update Add New Employee - ASSIST/NRIC Input'

2018-11-22 22:21:35 - [TEST_STEP][PASSED] - click: Object: 'Object Repository/Final Object Repo/Page_Update Add New Employee - ASSIST/button for search for IC' is clicked on

2018-11-22 22:21:35 - [MESSAGE][PASSED] - Object: 'Object Repository/Final Object Repo/Page_Update Add New Employee - ASSIST/button for search for IC' is clicked on

2018-11-22 22:21:35 - [TEST_STEP][PASSED] - delay: Delayed 2 second(s)

2018-11-22 22:21:37 - [MESSAGE][PASSED] - Delayed 2 second(s)

2018-11-22 22:21:37 - [TEST_STEP][PASSED] - setText: Text 'Automate002 not eligible 2' is set on object 'Object Repository/Final Object Repo/Page_Update Add New Employee - ASSIST/Employee Name Input'

2018-11-22 22:21:38 - [MESSAGE][PASSED] - Text 'Automate002 not eligible 2' is set on object 'Object Repository/Final Object Repo/Page_Update Add New Employee - ASSIST/Employee Name Input'

2018-11-22 22:21:38 - [TEST_STEP][PASSED] - delay: Delayed 2 second(s)

2018-11-22 22:21:40 - [MESSAGE][PASSED] - Delayed 2 second(s)

2018-11-22 22:21:40 - [TEST_STEP][PASSED] - click: Object: 'Object Repository/Final Object Repo/Page_Update Add New Employee - ASSIST/DatePicker Pop Up' is clicked on

2018-11-22 22:21:40 - [MESSAGE][PASSED] - Object: 'Object Repository/Final Object Repo/Page_Update Add New Employee - ASSIST/DatePicker Pop Up' is clicked on

2018-11-22 22:21:40 - [TEST_STEP][PASSED] - delay: Delayed 2 second(s)

2018-11-22 22:21:42 - [MESSAGE][PASSED] - Delayed 2 second(s)

2018-11-22 22:21:42 - [TEST_STEP][PASSED] - click: Object: 'Object Repository/Final Object Repo/Page_Update Add New Employee - ASSIST/DOB Month' is clicked on

2018-11-22 22:21:42 - [MESSAGE][PASSED] - Object: 'Object Repository/Final Object Repo/Page_Update Add New Employee - ASSIST/DOB Month' is clicked on

2018-11-22 22:21:42 - [TEST_STEP][PASSED] - Statement - selectMonth = com.kms.katalon.core.webui.keyword.WebUiBuiltInKeywords.modifyObjectProperty(selectMonth, "xpath", "equals", "//body/div/div/div/select/option[@value="" + CurrentMonth + ""]", true): Modify property of object successfully

2018-11-22 22:21:42 - [MESSAGE][PASSED] - Modify property of object successfully

2018-11-22 22:21:42 - [TEST_STEP][PASSED] - click: Object: '' is clicked on

2018-11-22 22:21:43 - [MESSAGE][PASSED] - Object: '' is clicked on

2018-11-22 22:21:43 - [TEST_STEP][PASSED] - click: Object: 'Object Repository/Final Object Repo/Page_Update Add New Employee - ASSIST/DOB Year' is clicked on

2018-11-22 22:21:43 - [MESSAGE][PASSED] - Object: 'Object Repository/Final Object Repo/Page_Update Add New Employee - ASSIST/DOB Year' is clicked on

2018-11-22 22:21:43 - [TEST_STEP][PASSED] - Statement - selectYear = com.kms.katalon.core.webui.keyword.WebUiBuiltInKeywords.modifyObjectProperty(selectYear, "xpath", "equals", "//div/div/div/select/option[@value="" + FiftysevenYrsBefore + ""]", true): Modify property of object successfully

2018-11-22 22:21:43 - [MESSAGE][PASSED] - Modify property of object successfully

2018-11-22 22:21:43 - [TEST_STEP][PASSED] - click: Object: '' is clicked on

2018-11-22 22:21:43 - [MESSAGE][PASSED] - Object: '' is clicked on

2018-11-22 22:21:43 - [TEST_STEP][PASSED] - Statement - UpdatedSelectDate = com.kms.katalon.core.webui.keyword.WebUiBuiltInKeywords.modifyObjectProperty(com.kms.katalon.core.testobject.ObjectRepository.findTestObject(Final Object Repo/Page_Update Add New Employee - ASSIST/DOB Date), "xpath", "equals", "//body/div/table/tbody/tr/td/a[text()="" + CurrentDate + ""]", true): Modify property of object successfully

2018-11-22 22:21:43 - [MESSAGE][PASSED] - Modify property of object successfully

2018-11-22 22:21:43 - [TEST_STEP][PASSED] - click: Object: 'Object Repository/Final Object Repo/Page_Update Add New Employee - ASSIST/DOB Date' is clicked on

2018-11-22 22:21:43 - [MESSAGE][PASSED] - Object: 'Object Repository/Final Object Repo/Page_Update Add New Employee - ASSIST/DOB Date' is clicked on

2018-11-22 22:21:43 - [TEST_STEP][PASSED] - click: Object: 'Object Repository/Final Object Repo/Page_Update Add New Employee - ASSIST/EmploymentStartDate Pop Up' is clicked on

2018-11-22 22:21:43 - [MESSAGE][PASSED] - Object: 'Object Repository/Final Object Repo/Page_Update Add New Employee - ASSIST/EmploymentStartDate Pop Up' is clicked on

2018-11-22 22:21:43 - [TEST_STEP][PASSED] - delay: Delayed 2 second(s)

2018-11-22 22:21:45 - [MESSAGE][PASSED] - Delayed 2 second(s)

2018-11-22 22:21:45 - [TEST_STEP][PASSED] - click: Object: 'Object Repository/Final Object Repo/Page_Update Add New Employee - ASSIST/Socso Employment StartDate Month' is clicked on

2018-11-22 22:21:45 - [MESSAGE][PASSED] - Object: 'Object Repository/Final Object Repo/Page_Update Add New Employee - ASSIST/Socso Employment StartDate Month' is clicked on

2018-11-22 22:21:45 - [TEST_STEP][PASSED] - delay: Delayed 1 second(s)

2018-11-22 22:21:46 - [MESSAGE][PASSED] - Delayed 1 second(s)

2018-11-22 22:21:46 - [TEST_STEP][PASSED] - click: Object: 'Object Repository/Final Object Repo/Page_Update Add New Employee - ASSIST/Select Socso Employement Startdate Month' is clicked on

2018-11-22 22:21:47 - [MESSAGE][PASSED] - Object: 'Object Repository/Final Object Repo/Page_Update Add New Employee - ASSIST/Select Socso Employement Startdate Month' is clicked on

2018-11-22 22:21:47 - [TEST_STEP][PASSED] - delay: Delayed 2 second(s)

2018-11-22 22:21:49 - [MESSAGE][PASSED] - Delayed 2 second(s)

2018-11-22 22:21:49 - [TEST_STEP][PASSED] - click: Object: 'Object Repository/Final Object Repo/Page_Update Add New Employee - ASSIST/Socso Employment StartDate Year' is clicked on

2018-11-22 22:21:49 - [MESSAGE][PASSED] - Object: 'Object Repository/Final Object Repo/Page_Update Add New Employee - ASSIST/Socso Employment StartDate Year' is clicked on

2018-11-22 22:21:49 - [TEST_STEP][PASSED] - delay: Delayed 1 second(s)

2018-11-22 22:21:50 - [MESSAGE][PASSED] - Delayed 1 second(s)

2018-11-22 22:21:50 - [TEST_STEP][PASSED] - click: Object: 'Object Repository/Final Object Repo/Page_Update Add New Employee - ASSIST/Select Socso Employment Startdate Year' is clicked on

2018-11-22 22:21:50 - [MESSAGE][PASSED] - Object: 'Object Repository/Final Object Repo/Page_Update Add New Employee - ASSIST/Select Socso Employment Startdate Year' is clicked on

2018-11-22 22:21:50 - [TEST_STEP][PASSED] - delay: Delayed 2 second(s)

2018-11-22 22:21:52 - [MESSAGE][PASSED] - Delayed 2 second(s)

2018-11-22 22:21:52 - [TEST_STEP][PASSED] - click: Object: 'Object Repository/Final Object Repo/Page_Update Add New Employee - ASSIST/Socso Employment Start Date Day' is clicked on

2018-11-22 22:21:52 - [MESSAGE][PASSED] - Object: 'Object Repository/Final Object Repo/Page_Update Add New Employee - ASSIST/Socso Employment Start Date Day' is clicked on

2018-11-22 22:21:52 - [TEST_STEP][PASSED] - delay: Delayed 2 second(s)

2018-11-22 22:21:54 - [MESSAGE][PASSED] - Delayed 2 second(s)

2018-11-22 22:21:54 - [TEST_STEP][PASSED] - click: Object: 'Object Repository/Final Object Repo/Page_Update Add New Employee - ASSIST/Save Button for Add Employee' is clicked on

2018-11-22 22:21:54 - [MESSAGE][PASSED] - Object: 'Object Repository/Final Object Repo/Page_Update Add New Employee - ASSIST/Save Button for Add Employee' is clicked on

2018-11-22 22:21:54 - [MESSAGE][PASSED] - Call Test Case 'Test Cases/Final Aug 2018 - PKS Automation/Registration Module/Workflow/Update Add New Employee/Template/Employee Adding/Employee Adding Action Repeat IC - set 2' successfully

2018-11-22 22:21:54 - [MESSAGE][PASSED] - Call Test Case 'Test Cases/Final Aug 2018 - PKS Automation/Registration Module/Workflow/Update Add New Employee/Template/Employee Adding/Employee Set Decider' successfully

2018-11-22 22:21:54 - [TEST_STEP][PASSED] - delay: Delayed 4 second(s)

2018-11-22 22:21:58 - [MESSAGE][PASSED] - Delayed 4 second(s)

2018-11-22 22:21:58 - [TEST_STEP][PASSED] - Statement - CaseReferenceNo = com.kms.katalon.core.webui.keyword.WebUiBuiltInKeywords.getText(com.kms.katalon.core.testobject.ObjectRepository.findTestObject(Final Object Repo/Page_Update Add New Employee - ASSIST/RefNo)): Text of object 'Object Repository/Final Object Repo/Page_Update Add New Employee - ASSIST/RefNo' is: 'CAN11201800002163'

2018-11-22 22:21:58 - [MESSAGE][PASSED] - Text of object 'Object Repository/Final Object Repo/Page_Update Add New Employee - ASSIST/RefNo' is: 'CAN11201800002163'

2018-11-22 22:21:58 - [TEST_STEP][PASSED] - callTestCase: Call Test Case 'Test Cases/Final Aug 2018 - PKS Automation/Common/Reference Number Setter' successfully

2018-11-22 22:21:58 - [TEST_CASE][PASSED] - Test Cases/Final Aug 2018 - PKS Automation/Common/Reference Number Setter: Test Cases/Final Aug 2018 - PKS Automation/Common/Reference Number Setter

2018-11-22 22:21:58 - [TEST_STEP][PASSED] - Statement - RefNoOldFile = new java.io.File(C://Users//Admin//Desktop//PKS//Automation Reference Point//KatalonReference.txt): null

2018-11-22 22:21:58 - [TEST_STEP][PASSED] - Statement - RefNoOldFile.delete(): null

2018-11-22 22:21:58 - [TEST_STEP][PASSED] - delay: Delayed 5 second(s)

2018-11-22 22:22:03 - [MESSAGE][PASSED] - Delayed 5 second(s)

2018-11-22 22:22:03 - [TEST_STEP][PASSED] - Statement - RefNo = new java.io.File(C://Users//Admin//Desktop//PKS//Automation Reference Point//KatalonReference.txt): null

2018-11-22 22:22:03 - [TEST_STEP][PASSED] - Statement - f2 = new java.io.FileWriter(RefNo, false): null

2018-11-22 22:22:03 - [TEST_STEP][PASSED] - Statement - f2.write(CaseReferenceNo): null

2018-11-22 22:22:03 - [TEST_STEP][PASSED] - Statement - f2.close(): null

2018-11-22 22:22:03 - [TEST_STEP][PASSED] - Statement - out.println("


" + CaseReferenceNo + "


"): null

2018-11-22 22:22:03 - [MESSAGE][PASSED] - Call Test Case 'Test Cases/Final Aug 2018 - PKS Automation/Common/Reference Number Setter' successfully

2018-11-22 22:22:03 - [TEST_STEP][PASSED] - delay: Delayed 5 second(s)

2018-11-22 22:22:08 - [MESSAGE][PASSED] - Delayed 5 second(s)

2018-11-22 22:22:08 - [TEST_STEP][PASSED] - click: Object: 'Object Repository/Final Object Repo/Page_Update Add New Employee - ASSIST/Incomplete Checkbox' is clicked on

2018-11-22 22:22:09 - [MESSAGE][PASSED] - Object: 'Object Repository/Final Object Repo/Page_Update Add New Employee - ASSIST/Incomplete Checkbox' is clicked on

2018-11-22 22:22:09 - [TEST_STEP][PASSED] - delay: Delayed 5 second(s)

2018-11-22 22:22:14 - [MESSAGE][PASSED] - Delayed 5 second(s)

2018-11-22 22:22:14 - [TEST_STEP][PASSED] - click: Object: 'Object Repository/Final Object Repo/Page_Update Add New Employee - ASSIST/Save  Continue Button' is clicked on

2018-11-22 22:22:14 - [MESSAGE][PASSED] - Object: 'Object Repository/Final Object Repo/Page_Update Add New Employee - ASSIST/Save  Continue Button' is clicked on

2018-11-22 22:22:14 - [TEST_STEP][PASSED] - delay: Delayed 6 second(s)

2018-11-22 22:22:20 - [MESSAGE][PASSED] - Delayed 6 second(s)

2018-11-22 22:22:20 - [TEST_STEP][PASSED] - click: Object: 'Object Repository/Final Object Repo/Page_Update Add New Employee - ASSIST/Save  Continue Third Screen' is clicked on

2018-11-22 22:22:23 - [MESSAGE][PASSED] - Object: 'Object Repository/Final Object Repo/Page_Update Add New Employee - ASSIST/Save  Continue Third Screen' is clicked on

2018-11-22 22:22:23 - [TEST_STEP][PASSED] - delay: Delayed 4 second(s)

2018-11-22 22:22:27 - [MESSAGE][PASSED] - Delayed 4 second(s)

2018-11-22 22:22:27 - [TEST_STEP][PASSED] - click: Object: 'Object Repository/Final Object Repo/Page_Update Add New Employee - ASSIST/Save   Continue Supporting Doc Page' is clicked on

2018-11-22 22:22:27 - [MESSAGE][PASSED] - Object: 'Object Repository/Final Object Repo/Page_Update Add New Employee - ASSIST/Save   Continue Supporting Doc Page' is clicked on

2018-11-22 22:22:27 - [TEST_STEP][PASSED] - delay: Delayed 4 second(s)

2018-11-22 22:22:31 - [MESSAGE][PASSED] - Delayed 4 second(s)

2018-11-22 22:22:31 - [TEST_STEP][PASSED] - click: Object: 'Object Repository/Final Object Repo/Page_Update Add New Employee - ASSIST/Submit Button' is clicked on

2018-11-22 22:22:31 - [MESSAGE][PASSED] - Object: 'Object Repository/Final Object Repo/Page_Update Add New Employee - ASSIST/Submit Button' is clicked on

2018-11-22 22:22:31 - [TEST_STEP][PASSED] - delay: Delayed 4 second(s)

2018-11-22 22:22:35 - [MESSAGE][PASSED] - Delayed 4 second(s)

2018-11-22 22:22:35 - [TEST_STEP][PASSED] - click: Object: 'Object Repository/Final Object Repo/Page_Update Add New Employee - ASSIST/Confirm Submit Button' is clicked on

2018-11-22 22:22:35 - [MESSAGE][PASSED] - Object: 'Object Repository/Final Object Repo/Page_Update Add New Employee - ASSIST/Confirm Submit Button' is clicked on

2018-11-22 22:22:35 - [TEST_STEP][PASSED] - delay: Delayed 30 second(s)

2018-11-22 22:23:05 - [MESSAGE][PASSED] - Delayed 30 second(s)

2018-11-22 22:23:05 - [TEST_STEP][PASSED] - callTestCase: Call Test Case 'Test Cases/Final Aug 2018 - PKS Automation/Common/Screenshoting tool' successfully

2018-11-22 22:23:05 - [TEST_CASE][PASSED] - Test Cases/Final Aug 2018 - PKS Automation/Common/Screenshoting tool: Test Cases/Final Aug 2018 - PKS Automation/Common/Screenshoting tool

2018-11-22 22:23:05 - [TEST_STEP][PASSED] - delay: Delayed 15 second(s)

2018-11-22 22:23:20 - [MESSAGE][PASSED] - Delayed 15 second(s)

2018-11-22 22:23:20 - [TEST_STEP][PASSED] - Statement - driver = com.kms.katalon.core.webui.driver.DriverFactory.getWebDriver(): null

2018-11-22 22:23:20 - [TEST_STEP][PASSED] - Statement - driver.manage().timeouts().implicitlyWait(10, SECONDS): null

2018-11-22 22:23:20 - [TEST_STEP][PASSED] - Statement - PresavePath = KatalonScreenshots: null

2018-11-22 22:23:20 - [TEST_STEP][PASSED] - Statement - pathPrefix = "C:\Users\Public\Pictures\Sample Pictures\Katalon Screenshots\Automate Ending Screen": null

2018-11-22 22:23:20 - [TEST_STEP][PASSED] - Statement - finalPath = <not implemented yet for class: org.codehaus.groovy.ast.expr.EmptyExpression>: null

2018-11-22 22:23:20 - [TEST_STEP][PASSED] - Statement - scrFile = driver.getScreenshotAs(FILE): null

2018-11-22 22:23:21 - [TEST_STEP][PASSED] - Statement - PreSaveFile = new java.io.File(PresavePath): null

2018-11-22 22:23:21 - [TEST_STEP][PASSED] - Statement - counter = 0: null

2018-11-22 22:23:21 - [TEST_STEP][PASSED] - Statement - If (PreSaveFile.exists()): null

2018-11-22 22:23:21 - [TEST_STEP][PASSED] - Statement - While (PreSaveFile.exists()): null

2018-11-22 22:23:21 - [TEST_STEP][PASSED] - Statement - counter = counter + 1: null

2018-11-22 22:23:21 - [TEST_STEP][PASSED] - Statement - PreSaveFile = new java.io.File(((pathPrefix + java.lang.Integer.toString(counter)) + .png)): null

2018-11-22 22:23:21 - [TEST_STEP][PASSED] - Statement - counter = counter + 1: null

2018-11-22 22:23:21 - [TEST_STEP][PASSED] - Statement - PreSaveFile = new java.io.File(((pathPrefix + java.lang.Integer.toString(counter)) + .png)): null

2018-11-22 22:23:21 - [TEST_STEP][PASSED] - Statement - counter = counter + 1: null

2018-11-22 22:23:21 - [TEST_STEP][PASSED] - Statement - PreSaveFile = new java.io.File(((pathPrefix + java.lang.Integer.toString(counter)) + .png)): null

2018-11-22 22:23:21 - [TEST_STEP][PASSED] - Statement - counter = counter + 1: null

2018-11-22 22:23:21 - [TEST_STEP][PASSED] - Statement - PreSaveFile = new java.io.File(((pathPrefix + java.lang.Integer.toString(counter)) + .png)): null

2018-11-22 22:23:21 - [TEST_STEP][PASSED] - Statement - counter = counter + 1: null

2018-11-22 22:23:21 - [TEST_STEP][PASSED] - Statement - PreSaveFile = new java.io.File(((pathPrefix + java.lang.Integer.toString(counter)) + .png)): null

2018-11-22 22:23:21 - [TEST_STEP][PASSED] - Statement - counter = counter + 1: null

2018-11-22 22:23:21 - [TEST_STEP][PASSED] - Statement - PreSaveFile = new java.io.File(((pathPrefix + java.lang.Integer.toString(counter)) + .png)): null

2018-11-22 22:23:21 - [TEST_STEP][PASSED] - Statement - counter = counter + 1: null

2018-11-22 22:23:21 - [TEST_STEP][PASSED] - Statement - PreSaveFile = new java.io.File(((pathPrefix + java.lang.Integer.toString(counter)) + .png)): null

2018-11-22 22:23:21 - [TEST_STEP][PASSED] - Statement - counter = counter + 1: null

2018-11-22 22:23:21 - [TEST_STEP][PASSED] - Statement - PreSaveFile = new java.io.File(((pathPrefix + java.lang.Integer.toString(counter)) + .png)): null

2018-11-22 22:23:21 - [TEST_STEP][PASSED] - Statement - counter = counter + 1: null

2018-11-22 22:23:21 - [TEST_STEP][PASSED] - Statement - PreSaveFile = new java.io.File(((pathPrefix + java.lang.Integer.toString(counter)) + .png)): null

2018-11-22 22:23:21 - [TEST_STEP][PASSED] - Statement - counter = counter + 1: null

2018-11-22 22:23:21 - [TEST_STEP][PASSED] - Statement - PreSaveFile = new java.io.File(((pathPrefix + java.lang.Integer.toString(counter)) + .png)): null

2018-11-22 22:23:21 - [TEST_STEP][PASSED] - Statement - counter = counter + 1: null

2018-11-22 22:23:21 - [TEST_STEP][PASSED] - Statement - PreSaveFile = new java.io.File(((pathPrefix + java.lang.Integer.toString(counter)) + .png)): null

2018-11-22 22:23:21 - [TEST_STEP][PASSED] - Statement - counter = counter + 1: null

2018-11-22 22:23:21 - [TEST_STEP][PASSED] - Statement - PreSaveFile = new java.io.File(((pathPrefix + java.lang.Integer.toString(counter)) + .png)): null

2018-11-22 22:23:21 - [TEST_STEP][PASSED] - Statement - counter = counter + 1: null

2018-11-22 22:23:21 - [TEST_STEP][PASSED] - Statement - PreSaveFile = new java.io.File(((pathPrefix + java.lang.Integer.toString(counter)) + .png)): null

2018-11-22 22:23:21 - [TEST_STEP][PASSED] - Statement - counter = counter + 1: null

2018-11-22 22:23:21 - [TEST_STEP][PASSED] - Statement - PreSaveFile = new java.io.File(((pathPrefix + java.lang.Integer.toString(counter)) + .png)): null

2018-11-22 22:23:21 - [TEST_STEP][PASSED] - Statement - counter = counter + 1: null

2018-11-22 22:23:21 - [TEST_STEP][PASSED] - Statement - PreSaveFile = new java.io.File(((pathPrefix + java.lang.Integer.toString(counter)) + .png)): null

2018-11-22 22:23:21 - [TEST_STEP][PASSED] - Statement - counter = counter + 1: null

2018-11-22 22:23:21 - [TEST_STEP][PASSED] - Statement - PreSaveFile = new java.io.File(((pathPrefix + java.lang.Integer.toString(counter)) + .png)): null

2018-11-22 22:23:21 - [TEST_STEP][PASSED] - Statement - counter = counter + 1: null

2018-11-22 22:23:21 - [TEST_STEP][PASSED] - Statement - PreSaveFile = new java.io.File(((pathPrefix + java.lang.Integer.toString(counter)) + .png)): null

2018-11-22 22:23:21 - [TEST_STEP][PASSED] - Statement - counter = counter + 1: null

2018-11-22 22:23:21 - [TEST_STEP][PASSED] - Statement - PreSaveFile = new java.io.File(((pathPrefix + java.lang.Integer.toString(counter)) + .png)): null

2018-11-22 22:23:21 - [TEST_STEP][PASSED] - Statement - counter = counter + 1: null

2018-11-22 22:23:21 - [TEST_STEP][PASSED] - Statement - PreSaveFile = new java.io.File(((pathPrefix + java.lang.Integer.toString(counter)) + .png)): null

2018-11-22 22:23:21 - [TEST_STEP][PASSED] - Statement - counter = counter + 1: null

2018-11-22 22:23:21 - [TEST_STEP][PASSED] - Statement - PreSaveFile = new java.io.File(((pathPrefix + java.lang.Integer.toString(counter)) + .png)): null

2018-11-22 22:23:21 - [TEST_STEP][PASSED] - Statement - counter = counter + 1: null

2018-11-22 22:23:21 - [TEST_STEP][PASSED] - Statement - PreSaveFile = new java.io.File(((pathPrefix + java.lang.Integer.toString(counter)) + .png)): null

2018-11-22 22:23:21 - [TEST_STEP][PASSED] - Statement - counter = counter + 1: null

2018-11-22 22:23:21 - [TEST_STEP][PASSED] - Statement - PreSaveFile = new java.io.File(((pathPrefix + java.lang.Integer.toString(counter)) + .png)): null

2018-11-22 22:23:21 - [TEST_STEP][PASSED] - Statement - counter = counter + 1: null

2018-11-22 22:23:21 - [TEST_STEP][PASSED] - Statement - PreSaveFile = new java.io.File(((pathPrefix + java.lang.Integer.toString(counter)) + .png)): null

2018-11-22 22:23:21 - [TEST_STEP][PASSED] - Statement - counter = counter + 1: null

2018-11-22 22:23:21 - [TEST_STEP][PASSED] - Statement - PreSaveFile = new java.io.File(((pathPrefix + java.lang.Integer.toString(counter)) + .png)): null

2018-11-22 22:23:21 - [TEST_STEP][PASSED] - Statement - counter = counter + 1: null

2018-11-22 22:23:21 - [TEST_STEP][PASSED] - Statement - PreSaveFile = new java.io.File(((pathPrefix + java.lang.Integer.toString(counter)) + .png)): null

2018-11-22 22:23:21 - [TEST_STEP][PASSED] - Statement - counter = counter + 1: null

2018-11-22 22:23:21 - [TEST_STEP][PASSED] - Statement - PreSaveFile = new java.io.File(((pathPrefix + java.lang.Integer.toString(counter)) + .png)): null

2018-11-22 22:23:21 - [TEST_STEP][PASSED] - Statement - counter = counter + 1: null

2018-11-22 22:23:21 - [TEST_STEP][PASSED] - Statement - PreSaveFile = new java.io.File(((pathPrefix + java.lang.Integer.toString(counter)) + .png)): null

2018-11-22 22:23:21 - [TEST_STEP][PASSED] - Statement - counter = counter + 1: null

2018-11-22 22:23:21 - [TEST_STEP][PASSED] - Statement - PreSaveFile = new java.io.File(((pathPrefix + java.lang.Integer.toString(counter)) + .png)): null

2018-11-22 22:23:21 - [TEST_STEP][PASSED] - Statement - counter = counter + 1: null

2018-11-22 22:23:21 - [TEST_STEP][PASSED] - Statement - PreSaveFile = new java.io.File(((pathPrefix + java.lang.Integer.toString(counter)) + .png)): null

2018-11-22 22:23:21 - [TEST_STEP][PASSED] - Statement - counter = counter + 1: null

2018-11-22 22:23:21 - [TEST_STEP][PASSED] - Statement - PreSaveFile = new java.io.File(((pathPrefix + java.lang.Integer.toString(counter)) + .png)): null

2018-11-22 22:23:21 - [TEST_STEP][PASSED] - Statement - counter = counter + 1: null

2018-11-22 22:23:21 - [TEST_STEP][PASSED] - Statement - PreSaveFile = new java.io.File(((pathPrefix + java.lang.Integer.toString(counter)) + .png)): null

2018-11-22 22:23:21 - [TEST_STEP][PASSED] - Statement - counter = counter + 1: null

2018-11-22 22:23:21 - [TEST_STEP][PASSED] - Statement - PreSaveFile = new java.io.File(((pathPrefix + java.lang.Integer.toString(counter)) + .png)): null

2018-11-22 22:23:21 - [TEST_STEP][PASSED] - Statement - counter = counter + 1: null

2018-11-22 22:23:21 - [TEST_STEP][PASSED] - Statement - PreSaveFile = new java.io.File(((pathPrefix + java.lang.Integer.toString(counter)) + .png)): null

2018-11-22 22:23:21 - [TEST_STEP][PASSED] - Statement - counter = counter + 1: null

2018-11-22 22:23:21 - [TEST_STEP][PASSED] - Statement - PreSaveFile = new java.io.File(((pathPrefix + java.lang.Integer.toString(counter)) + .png)): null

2018-11-22 22:23:21 - [TEST_STEP][PASSED] - Statement - counter = counter + 1: null

2018-11-22 22:23:21 - [TEST_STEP][PASSED] - Statement - PreSaveFile = new java.io.File(((pathPrefix + java.lang.Integer.toString(counter)) + .png)): null

2018-11-22 22:23:21 - [TEST_STEP][PASSED] - Statement - counter = counter + 1: null

2018-11-22 22:23:21 - [TEST_STEP][PASSED] - Statement - PreSaveFile = new java.io.File(((pathPrefix + java.lang.Integer.toString(counter)) + .png)): null

2018-11-22 22:23:21 - [TEST_STEP][PASSED] - Statement - counter = counter + 1: null

2018-11-22 22:23:21 - [TEST_STEP][PASSED] - Statement - PreSaveFile = new java.io.File(((pathPrefix + java.lang.Integer.toString(counter)) + .png)): null

2018-11-22 22:23:21 - [TEST_STEP][PASSED] - Statement - counter = counter + 1: null

2018-11-22 22:23:21 - [TEST_STEP][PASSED] - Statement - PreSaveFile = new java.io.File(((pathPrefix + java.lang.Integer.toString(counter)) + .png)): null

2018-11-22 22:23:21 - [TEST_STEP][PASSED] - Statement - counter = counter + 1: null

2018-11-22 22:23:21 - [TEST_STEP][PASSED] - Statement - PreSaveFile = new java.io.File(((pathPrefix + java.lang.Integer.toString(counter)) + .png)): null

2018-11-22 22:23:21 - [TEST_STEP][PASSED] - Statement - counter = counter + 1: null

2018-11-22 22:23:21 - [TEST_STEP][PASSED] - Statement - PreSaveFile = new java.io.File(((pathPrefix + java.lang.Integer.toString(counter)) + .png)): null

2018-11-22 22:23:21 - [TEST_STEP][PASSED] - Statement - counter = counter + 1: null

2018-11-22 22:23:21 - [TEST_STEP][PASSED] - Statement - PreSaveFile = new java.io.File(((pathPrefix + java.lang.Integer.toString(counter)) + .png)): null

2018-11-22 22:23:21 - [TEST_STEP][PASSED] - Statement - counter = counter + 1: null

2018-11-22 22:23:21 - [TEST_STEP][PASSED] - Statement - PreSaveFile = new java.io.File(((pathPrefix + java.lang.Integer.toString(counter)) + .png)): null

2018-11-22 22:23:21 - [TEST_STEP][PASSED] - Statement - counter = counter + 1: null

2018-11-22 22:23:21 - [TEST_STEP][PASSED] - Statement - PreSaveFile = new java.io.File(((pathPrefix + java.lang.Integer.toString(counter)) + .png)): null

2018-11-22 22:23:21 - [TEST_STEP][PASSED] - Statement - counter = counter + 1: null

2018-11-22 22:23:21 - [TEST_STEP][PASSED] - Statement - PreSaveFile = new java.io.File(((pathPrefix + java.lang.Integer.toString(counter)) + .png)): null

2018-11-22 22:23:21 - [TEST_STEP][PASSED] - Statement - counter = counter + 1: null

2018-11-22 22:23:21 - [TEST_STEP][PASSED] - Statement - PreSaveFile = new java.io.File(((pathPrefix + java.lang.Integer.toString(counter)) + .png)): null

2018-11-22 22:23:21 - [TEST_STEP][PASSED] - Statement - counter = counter + 1: null

2018-11-22 22:23:21 - [TEST_STEP][PASSED] - Statement - PreSaveFile = new java.io.File(((pathPrefix + java.lang.Integer.toString(counter)) + .png)): null

2018-11-22 22:23:21 - [TEST_STEP][PASSED] - Statement - counter = counter + 1: null

2018-11-22 22:23:21 - [TEST_STEP][PASSED] - Statement - PreSaveFile = new java.io.File(((pathPrefix + java.lang.Integer.toString(counter)) + .png)): null

2018-11-22 22:23:21 - [TEST_STEP][PASSED] - Statement - counter = counter + 1: null

2018-11-22 22:23:21 - [TEST_STEP][PASSED] - Statement - PreSaveFile = new java.io.File(((pathPrefix + java.lang.Integer.toString(counter)) + .png)): null

2018-11-22 22:23:21 - [TEST_STEP][PASSED] - Statement - counter = counter + 1: null

2018-11-22 22:23:21 - [TEST_STEP][PASSED] - Statement - PreSaveFile = new java.io.File(((pathPrefix + java.lang.Integer.toString(counter)) + .png)): null

2018-11-22 22:23:21 - [TEST_STEP][PASSED] - Statement - counter = counter + 1: null

2018-11-22 22:23:21 - [TEST_STEP][PASSED] - Statement - PreSaveFile = new java.io.File(((pathPrefix + java.lang.Integer.toString(counter)) + .png)): null

2018-11-22 22:23:21 - [TEST_STEP][PASSED] - Statement - counter = counter + 1: null

2018-11-22 22:23:21 - [TEST_STEP][PASSED] - Statement - PreSaveFile = new java.io.File(((pathPrefix + java.lang.Integer.toString(counter)) + .png)): null

2018-11-22 22:23:21 - [TEST_STEP][PASSED] - Statement - counter = counter + 1: null

2018-11-22 22:23:21 - [TEST_STEP][PASSED] - Statement - PreSaveFile = new java.io.File(((pathPrefix + java.lang.Integer.toString(counter)) + .png)): null

2018-11-22 22:23:21 - [TEST_STEP][PASSED] - Statement - counter = counter + 1: null

2018-11-22 22:23:21 - [TEST_STEP][PASSED] - Statement - PreSaveFile = new java.io.File(((pathPrefix + java.lang.Integer.toString(counter)) + .png)): null

2018-11-22 22:23:21 - [TEST_STEP][PASSED] - Statement - counter = counter + 1: null

2018-11-22 22:23:21 - [TEST_STEP][PASSED] - Statement - PreSaveFile = new java.io.File(((pathPrefix + java.lang.Integer.toString(counter)) + .png)): null

2018-11-22 22:23:21 - [TEST_STEP][PASSED] - Statement - counter = counter + 1: null

2018-11-22 22:23:21 - [TEST_STEP][PASSED] - Statement - PreSaveFile = new java.io.File(((pathPrefix + java.lang.Integer.toString(counter)) + .png)): null

2018-11-22 22:23:21 - [TEST_STEP][PASSED] - Statement - counter = counter + 1: null

2018-11-22 22:23:21 - [TEST_STEP][PASSED] - Statement - PreSaveFile = new java.io.File(((pathPrefix + java.lang.Integer.toString(counter)) + .png)): null

2018-11-22 22:23:21 - [TEST_STEP][PASSED] - Statement - counter = counter + 1: null

2018-11-22 22:23:21 - [TEST_STEP][PASSED] - Statement - PreSaveFile = new java.io.File(((pathPrefix + java.lang.Integer.toString(counter)) + .png)): null

2018-11-22 22:23:21 - [TEST_STEP][PASSED] - Statement - counter = counter + 1: null

2018-11-22 22:23:21 - [TEST_STEP][PASSED] - Statement - PreSaveFile = new java.io.File(((pathPrefix + java.lang.Integer.toString(counter)) + .png)): null

2018-11-22 22:23:21 - [TEST_STEP][PASSED] - Statement - counter = counter + 1: null

2018-11-22 22:23:21 - [TEST_STEP][PASSED] - Statement - PreSaveFile = new java.io.File(((pathPrefix + java.lang.Integer.toString(counter)) + .png)): null

2018-11-22 22:23:21 - [TEST_STEP][PASSED] - Statement - counter = counter + 1: null

2018-11-22 22:23:21 - [TEST_STEP][PASSED] - Statement - PreSaveFile = new java.io.File(((pathPrefix + java.lang.Integer.toString(counter)) + .png)): null

2018-11-22 22:23:21 - [TEST_STEP][PASSED] - Statement - counter = counter + 1: null

2018-11-22 22:23:21 - [TEST_STEP][PASSED] - Statement - PreSaveFile = new java.io.File(((pathPrefix + java.lang.Integer.toString(counter)) + .png)): null

2018-11-22 22:23:21 - [TEST_STEP][PASSED] - Statement - counter = counter + 1: null

2018-11-22 22:23:21 - [TEST_STEP][PASSED] - Statement - PreSaveFile = new java.io.File(((pathPrefix + java.lang.Integer.toString(counter)) + .png)): null

2018-11-22 22:23:21 - [TEST_STEP][PASSED] - Statement - counter = counter + 1: null

2018-11-22 22:23:21 - [TEST_STEP][PASSED] - Statement - PreSaveFile = new java.io.File(((pathPrefix + java.lang.Integer.toString(counter)) + .png)): null

2018-11-22 22:23:21 - [TEST_STEP][PASSED] - Statement - counter = counter + 1: null

2018-11-22 22:23:21 - [TEST_STEP][PASSED] - Statement - PreSaveFile = new java.io.File(((pathPrefix + java.lang.Integer.toString(counter)) + .png)): null

2018-11-22 22:23:21 - [TEST_STEP][PASSED] - Statement - counter = counter + 1: null

2018-11-22 22:23:21 - [TEST_STEP][PASSED] - Statement - PreSaveFile = new java.io.File(((pathPrefix + java.lang.Integer.toString(counter)) + .png)): null

2018-11-22 22:23:21 - [TEST_STEP][PASSED] - Statement - counter = counter + 1: null

2018-11-22 22:23:21 - [TEST_STEP][PASSED] - Statement - PreSaveFile = new java.io.File(((pathPrefix + java.lang.Integer.toString(counter)) + .png)): null

2018-11-22 22:23:21 - [TEST_STEP][PASSED] - Statement - counter = counter + 1: null

2018-11-22 22:23:21 - [TEST_STEP][PASSED] - Statement - PreSaveFile = new java.io.File(((pathPrefix + java.lang.Integer.toString(counter)) + .png)): null

2018-11-22 22:23:21 - [TEST_STEP][PASSED] - Statement - counter = counter + 1: null

2018-11-22 22:23:21 - [TEST_STEP][PASSED] - Statement - PreSaveFile = new java.io.File(((pathPrefix + java.lang.Integer.toString(counter)) + .png)): null

2018-11-22 22:23:21 - [TEST_STEP][PASSED] - Statement - counter = counter + 1: null

2018-11-22 22:23:21 - [TEST_STEP][PASSED] - Statement - PreSaveFile = new java.io.File(((pathPrefix + java.lang.Integer.toString(counter)) + .png)): null

2018-11-22 22:23:21 - [TEST_STEP][PASSED] - Statement - counter = counter + 1: null

2018-11-22 22:23:21 - [TEST_STEP][PASSED] - Statement - PreSaveFile = new java.io.File(((pathPrefix + java.lang.Integer.toString(counter)) + .png)): null

2018-11-22 22:23:21 - [TEST_STEP][PASSED] - Statement - finalPath = pathPrefix + java.lang.Integer.toString(counter) + ".png": null

2018-11-22 22:23:21 - [TEST_STEP][PASSED] - Statement - SaveFile = new java.io.File(finalPath): null

2018-11-22 22:23:21 - [TEST_STEP][PASSED] - Statement - Try: null

2018-11-22 22:23:21 - [TEST_STEP][PASSED] - Statement - org.apache.commons.io.FileUtils.copyFile(scrFile, SaveFile): null

2018-11-22 22:23:21 - [TEST_STEP][PASSED] - Statement - out.println("file kept"): null

2018-11-22 22:23:21 - [TEST_STEP][PASSED] - delay: Delayed 10 second(s)

2018-11-22 22:23:31 - [MESSAGE][PASSED] - Delayed 10 second(s)

2018-11-22 22:23:31 - [MESSAGE][PASSED] - Call Test Case 'Test Cases/Final Aug 2018 - PKS Automation/Common/Screenshoting tool' successfully

2018-11-22 22:23:31 - [TEST_STEP][PASSED] - callTestCase: Call Test Case 'Test Cases/Final Aug 2018 - PKS Automation/Registration Module/Log Out/log out avoiding katalon tagging' successfully

2018-11-22 22:23:31 - [TEST_CASE][PASSED] - Test Cases/Final Aug 2018 - PKS Automation/Registration Module/Log Out/log out avoiding katalon tagging: Test Cases/Final Aug 2018 - PKS Automation/Registration Module/Log Out/log out avoiding katalon tagging

2018-11-22 22:23:31 - [TEST_STEP][PASSED] - navigateToUrl: Navigate to 'https://assist2-uat.perkeso.gov.my/c/portal/logout' successfully

2018-11-22 22:23:32 - [MESSAGE][PASSED] - Navigate to 'https://assist2-uat.perkeso.gov.my/c/portal/logout' successfully

2018-11-22 22:23:32 - [MESSAGE][PASSED] - Call Test Case 'Test Cases/Final Aug 2018 - PKS Automation/Registration Module/Log Out/log out avoiding katalon tagging' successfully

2018-11-22 22:23:32 - [TEST_STEP][FAILED] - callTestCase: Unable to call Test Case with id 'Test Cases/Final Aug 2018 - PKS Automation/Common/Workflow Owner Finder' (Root cause: Call Test Case 'Test Cases/Final Aug 2018 - PKS Automation/Common/Workflow Owner Finder' failed)

2018-11-22 22:23:32 - [TEST_CASE][FAILED] - Test Cases/Final Aug 2018 - PKS Automation/Common/Workflow Owner Finder: Test Cases/Final Aug 2018 - PKS Automation/Common/Workflow Owner Finder FAILED because (of) (Stack trace: com.kms.katalon.core.exception.StepFailedException: Unable to click on object 'Object Repository/Final Object Repo/Landing Page/Select to English' (Root cause: com.kms.katalon.core.webui.exception.WebElementNotFoundException: Web element with id: 'Object Repository/Final Object Repo/Landing Page/Select to English' located by 'By.xpath: //a[@class = 'taglib-language-list-text' and @lang = 'en-US' and (contains(text(), 'EN') or contains(., 'EN'))]' not found)
	at com.kms.katalon.core.keyword.internal.KeywordMain.stepFailed(KeywordMain.groovy:32)
	at com.kms.katalon.core.webui.keyword.internal.WebUIKeywordMain.stepFailed(WebUIKeywordMain.groovy:65)
	at com.kms.katalon.core.webui.keyword.internal.WebUIKeywordMain.runKeyword(WebUIKeywordMain.groovy:27)
	at com.kms.katalon.core.webui.keyword.builtin.ClickKeyword.click(ClickKeyword.groovy:86)
	at com.kms.katalon.core.webui.keyword.builtin.ClickKeyword.execute(ClickKeyword.groovy:67)
	at com.kms.katalon.core.keyword.internal.KeywordExecutor.executeKeywordForPlatform(KeywordExecutor.groovy:53)
	at com.kms.katalon.core.webui.keyword.WebUiBuiltInKeywords.click(WebUiBuiltInKeywords.groovy:604)
	at com.kms.katalon.core.webui.keyword.WebUiBuiltInKeywords$click$6.call(Unknown Source)
	at Script1534407542420.run(Script1534407542420.groovy:57)
	at com.kms.katalon.core.main.ScriptEngine.run(ScriptEngine.java:183)
	at com.kms.katalon.core.main.ScriptEngine.runScriptAsRawText(ScriptEngine.java:108)
	at com.kms.katalon.core.main.TestCaseExecutor.runScript(TestCaseExecutor.java:294)
	at com.kms.katalon.core.main.TestCaseExecutor.doExecute(TestCaseExecutor.java:285)
	at com.kms.katalon.core.main.TestCaseExecutor.processExecutionPhase(TestCaseExecutor.java:264)
	at com.kms.katalon.core.main.TestCaseExecutor.accessMainPhase(TestCaseExecutor.java:256)
	at com.kms.katalon.core.main.TestCaseExecutor.execute(TestCaseExecutor.java:200)
	at com.kms.katalon.core.main.TestCaseMain.runTestCase(TestCaseMain.java:99)
	at com.kms.katalon.core.keyword.builtin.CallTestCaseKeyword$_callTestCase_closure1.doCall(CallTestCaseKeyword.groovy:60)
	at com.kms.katalon.core.keyword.builtin.CallTestCaseKeyword$_callTestCase_closure1.call(CallTestCaseKeyword.groovy)
	at com.kms.katalon.core.keyword.internal.KeywordMain.runKeyword(KeywordMain.groovy:54)
	at com.kms.katalon.core.keyword.builtin.CallTestCaseKeyword.callTestCase(CallTestCaseKeyword.groovy:81)
	at com.kms.katalon.core.keyword.builtin.CallTestCaseKeyword.execute(CallTestCaseKeyword.groovy:45)
	at com.kms.katalon.core.keyword.internal.KeywordExecutor.executeKeywordForPlatform(KeywordExecutor.groovy:53)
	at com.kms.katalon.core.keyword.BuiltinKeywords.callTestCase(BuiltinKeywords.groovy:334)
	at sun.reflect.GeneratedMethodAccessor13.invoke(Unknown Source)
	at sun.reflect.DelegatingMethodAccessorImpl.invoke(DelegatingMethodAccessorImpl.java:43)
	at java.lang.reflect.Method.invoke(Method.java:498)
	at org.codehaus.groovy.reflection.CachedMethod.invoke(CachedMethod.java:93)
	at groovy.lang.MetaMethod.doMethodInvoke(MetaMethod.java:325)
	at groovy.lang.MetaClassImpl.invokeStaticMethod(MetaClassImpl.java:1469)
	at org.codehaus.groovy.runtime.callsite.StaticMetaClassSite.call(StaticMetaClassSite.java:53)
	at org.codehaus.groovy.runtime.callsite.CallSiteArray.defaultCall(CallSiteArray.java:48)
	at org.codehaus.groovy.runtime.callsite.AbstractCallSite.call(AbstractCallSite.java:113)
	at org.codehaus.groovy.runtime.callsite.AbstractCallSite.call(AbstractCallSite.java:141)
	at Script1536307034674.run(Script1536307034674.groovy:125)
	at com.kms.katalon.core.main.ScriptEngine.run(ScriptEngine.java:183)
	at com.kms.katalon.core.main.ScriptEngine.runScriptAsRawText(ScriptEngine.java:108)
	at com.kms.katalon.core.main.TestCaseExecutor.runScript(TestCaseExecutor.java:294)
	at com.kms.katalon.core.main.TestCaseExecutor.doExecute(TestCaseExecutor.java:285)
	at com.kms.katalon.core.main.TestCaseExecutor.processExecutionPhase(TestCaseExecutor.java:264)
	at com.kms.katalon.core.main.TestCaseExecutor.accessMainPhase(TestCaseExecutor.java:256)
	at com.kms.katalon.core.main.TestCaseExecutor.execute(TestCaseExecutor.java:200)
	at com.kms.katalon.core.main.TestSuiteExecutor.accessTestCaseMainPhase(TestSuiteExecutor.java:129)
	at com.kms.katalon.core.main.TestSuiteExecutor.accessTestSuiteMainPhase(TestSuiteExecutor.java:112)
	at com.kms.katalon.core.main.TestSuiteExecutor.execute(TestSuiteExecutor.java:81)
	at com.kms.katalon.core.main.TestCaseMain.startTestSuite(TestCaseMain.java:142)
	at com.kms.katalon.core.main.TestCaseMain$startTestSuite$0.call(Unknown Source)
	at org.codehaus.groovy.runtime.callsite.CallSiteArray.defaultCall(CallSiteArray.java:48)
	at org.codehaus.groovy.runtime.callsite.AbstractCallSite.call(AbstractCallSite.java:113)
	at org.codehaus.groovy.runtime.callsite.AbstractCallSite.call(AbstractCallSite.java:141)
	at TempTestSuite1542874456666.run(TempTestSuite1542874456666.groovy:36)
	at groovy.lang.GroovyShell.runScriptOrMainOrTestOrRunnable(GroovyShell.java:263)
	at groovy.lang.GroovyShell.run(GroovyShell.java:518)
	at groovy.lang.GroovyShell.run(GroovyShell.java:507)
	at groovy.ui.GroovyMain.processOnce(GroovyMain.java:653)
	at groovy.ui.GroovyMain.run(GroovyMain.java:384)
	at groovy.ui.GroovyMain.process(GroovyMain.java:370)
	at groovy.ui.GroovyMain.processArgs(GroovyMain.java:129)
	at groovy.ui.GroovyMain.main(GroovyMain.java:109)
	at sun.reflect.NativeMethodAccessorImpl.invoke0(Native Method)
	at sun.reflect.NativeMethodAccessorImpl.invoke(NativeMethodAccessorImpl.java:62)
	at sun.reflect.DelegatingMethodAccessorImpl.invoke(DelegatingMethodAccessorImpl.java:43)
	at java.lang.reflect.Method.invoke(Method.java:498)
	at org.codehaus.groovy.tools.GroovyStarter.rootLoader(GroovyStarter.java:109)
	at org.codehaus.groovy.tools.GroovyStarter.main(GroovyStarter.java:131)
)

2018-11-22 22:23:32 - [TEST_STEP][PASSED] - openBrowser: Browser is opened with url: ''

2018-11-22 22:23:32 - [MESSAGE][WARNING] - A browser is already opened. Closing browser and opening a new one

2018-11-22 22:23:36 - [MESSAGE][PASSED] - Browser is opened with url: ''

2018-11-22 22:23:36 - [TEST_STEP][PASSED] - navigateToUrl: Navigate to 'https://assist2-uat.perkeso.gov.my/login' successfully

2018-11-22 22:23:37 - [MESSAGE][PASSED] - Navigate to 'https://assist2-uat.perkeso.gov.my/login' successfully

2018-11-22 22:23:37 - [TEST_STEP][PASSED] - delay: Delayed 5 second(s)

2018-11-22 22:23:42 - [MESSAGE][PASSED] - Delayed 5 second(s)

2018-11-22 22:23:42 - [TEST_STEP][PASSED] - setText: Text 'test@liferay.com' is set on object 'Object Repository/Final Object Repo/Login Page/Internal User/Email Address'

2018-11-22 22:23:42 - [MESSAGE][PASSED] - Text 'test@liferay.com' is set on object 'Object Repository/Final Object Repo/Login Page/Internal User/Email Address'

2018-11-22 22:23:42 - [TEST_STEP][PASSED] - click: Object: 'Object Repository/Final Object Repo/Login Page/Internal User/Next Button' is clicked on

2018-11-22 22:23:42 - [MESSAGE][PASSED] - Object: 'Object Repository/Final Object Repo/Login Page/Internal User/Next Button' is clicked on

2018-11-22 22:23:42 - [TEST_STEP][PASSED] - delay: Delayed 2 second(s)

2018-11-22 22:23:44 - [MESSAGE][PASSED] - Delayed 2 second(s)

2018-11-22 22:23:44 - [TEST_STEP][PASSED] - setText: Text 'test' is set on object 'Object Repository/Final Object Repo/Login Page/Internal User/Password'

2018-11-22 22:23:44 - [MESSAGE][PASSED] - Text 'test' is set on object 'Object Repository/Final Object Repo/Login Page/Internal User/Password'

2018-11-22 22:23:44 - [TEST_STEP][PASSED] - delay: Delayed 2 second(s)

2018-11-22 22:23:46 - [MESSAGE][PASSED] - Delayed 2 second(s)

2018-11-22 22:23:46 - [TEST_STEP][PASSED] - click: Object: 'Object Repository/Final Object Repo/Login Page/Internal User/Login Button' is clicked on

2018-11-22 22:23:47 - [MESSAGE][PASSED] - Object: 'Object Repository/Final Object Repo/Login Page/Internal User/Login Button' is clicked on

2018-11-22 22:23:47 - [TEST_STEP][FAILED] - Statement - Try: Delayed 2 second(s)

2018-11-22 22:23:47 - [TEST_STEP][PASSED] - Statement - Checker = false: null

2018-11-22 22:23:47 - [TEST_STEP][PASSED] - Statement - Checker = com.kms.katalon.core.webui.keyword.WebUiBuiltInKeywords.verifyElementHasAttribute(com.kms.katalon.core.testobject.ObjectRepository.findTestObject(Final Object Repo/Landing Page/BM Detecting), "href", 20, OPTIONAL): Unable to verify if object 'Object Repository/Final Object Repo/Landing Page/BM Detecting' has attribute 'href' (Root cause: org.openqa.selenium.StaleElementReferenceException: stale element reference: element is not attached to the page document
  (Session info: chrome=70.0.3538.102)
  (Driver info: chromedriver=2.43.600210 (68dcf5eebde37173d4027fa8635e332711d2874a),platform=Windows NT 6.1.7601 SP1 x86_64) (WARNING: The server did not provide any stacktrace information)
Command duration or timeout: 0 milliseconds
For documentation on this error, please visit: http://seleniumhq.org/exceptions/stale_element_reference.html
Build info: version: '3.7.1', revision: '8a0099a', time: '2017-11-06T21:07:36.161Z'
System info: host: 'WIN7TEST02', ip: '10.20.3.72', os.name: 'Windows 7', os.arch: 'amd64', os.version: '6.1', java.version: '1.8.0_181'
Driver info: com.kms.katalon.selenium.driver.CChromeDriver
Capabilities {acceptInsecureCerts: false, acceptSslCerts: false, applicationCacheEnabled: false, browserConnectionEnabled: false, browserName: chrome, chrome: {chromedriverVersion: 2.43.600210 (68dcf5eebde371..., userDataDir: C:\Users\Admin\AppData\Loca...}, cssSelectorsEnabled: true, databaseEnabled: false, goog:chromeOptions: {debuggerAddress: localhost:64120}, handlesAlerts: true, hasTouchScreen: false, javascriptEnabled: true, locationContextEnabled: true, mobileEmulationEnabled: false, nativeEvents: true, networkConnectionEnabled: false, pageLoadStrategy: normal, platform: XP, platformName: XP, rotatable: false, setWindowRect: true, takesHeapSnapshot: true, takesScreenshot: true, unexpectedAlertBehaviour: , unhandledPromptBehavior: , version: 70.0.3538.102, webStorageEnabled: true}
Session ID: c8921f13efe47e1b805b22cfdee38267)

2018-11-22 22:23:49 - [MESSAGE][WARNING] - Unable to verify if object 'Object Repository/Final Object Repo/Landing Page/BM Detecting' has attribute 'href' (Root cause: org.openqa.selenium.StaleElementReferenceException: stale element reference: element is not attached to the page document
  (Session info: chrome=70.0.3538.102)
  (Driver info: chromedriver=2.43.600210 (68dcf5eebde37173d4027fa8635e332711d2874a),platform=Windows NT 6.1.7601 SP1 x86_64) (WARNING: The server did not provide any stacktrace information)
Command duration or timeout: 0 milliseconds
For documentation on this error, please visit: http://seleniumhq.org/exceptions/stale_element_reference.html
Build info: version: '3.7.1', revision: '8a0099a', time: '2017-11-06T21:07:36.161Z'
System info: host: 'WIN7TEST02', ip: '10.20.3.72', os.name: 'Windows 7', os.arch: 'amd64', os.version: '6.1', java.version: '1.8.0_181'
Driver info: com.kms.katalon.selenium.driver.CChromeDriver
Capabilities {acceptInsecureCerts: false, acceptSslCerts: false, applicationCacheEnabled: false, browserConnectionEnabled: false, browserName: chrome, chrome: {chromedriverVersion: 2.43.600210 (68dcf5eebde371..., userDataDir: C:\Users\Admin\AppData\Loca...}, cssSelectorsEnabled: true, databaseEnabled: false, goog:chromeOptions: {debuggerAddress: localhost:64120}, handlesAlerts: true, hasTouchScreen: false, javascriptEnabled: true, locationContextEnabled: true, mobileEmulationEnabled: false, nativeEvents: true, networkConnectionEnabled: false, pageLoadStrategy: normal, platform: XP, platformName: XP, rotatable: false, setWindowRect: true, takesHeapSnapshot: true, takesScreenshot: true, unexpectedAlertBehaviour: , unhandledPromptBehavior: , version: 70.0.3538.102, webStorageEnabled: true}
Session ID: c8921f13efe47e1b805b22cfdee38267)
[[ATTACHMENT|C:\\Users\\Admin\\Desktop\\PKS\\Perkeso Phase A\\Reports\\Workflow\\Update Add New Employee\\20181122_161416\\1542896629083.png]]

2018-11-22 22:23:49 - [TEST_STEP][PASSED] - Statement - out.println(Checker): null

2018-11-22 22:23:49 - [TEST_STEP][FAILED] - Statement - If (Checker == false): Unable to click on object 'Object Repository/Final Object Repo/Landing Page/Select to English' (Root cause: com.kms.katalon.core.webui.exception.WebElementNotFoundException: Web element with id: 'Object Repository/Final Object Repo/Landing Page/Select to English' located by 'By.xpath: //a[@class = 'taglib-language-list-text' and @lang = 'en-US' and (contains(text(), 'EN') or contains(., 'EN'))]' not found)

2018-11-22 22:23:49 - [TEST_STEP][FAILED] - click: Unable to click on object 'Object Repository/Final Object Repo/Landing Page/Select to English' (Root cause: com.kms.katalon.core.webui.exception.WebElementNotFoundException: Web element with id: 'Object Repository/Final Object Repo/Landing Page/Select to English' located by 'By.xpath: //a[@class = 'taglib-language-list-text' and @lang = 'en-US' and (contains(text(), 'EN') or contains(., 'EN'))]' not found)

2018-11-22 22:24:26 - [MESSAGE][FAILED] - Unable to click on object 'Object Repository/Final Object Repo/Landing Page/Select to English' (Root cause: com.kms.katalon.core.webui.exception.WebElementNotFoundException: Web element with id: 'Object Repository/Final Object Repo/Landing Page/Select to English' located by 'By.xpath: //a[@class = 'taglib-language-list-text' and @lang = 'en-US' and (contains(text(), 'EN') or contains(., 'EN'))]' not found)
[[ATTACHMENT|C:\\Users\\Admin\\Desktop\\PKS\\Perkeso Phase A\\Reports\\Workflow\\Update Add New Employee\\20181122_161416\\1542896666633.png]]

2018-11-22 22:24:26 - [TEST_STEP][PASSED] - delay: Delayed 2 second(s)

2018-11-22 22:24:28 - [MESSAGE][PASSED] - Delayed 2 second(s)

2018-11-22 22:24:28 - [TEST_STEP][PASSED] - delay: Delayed 3 second(s)

2018-11-22 22:24:31 - [MESSAGE][PASSED] - Delayed 3 second(s)

2018-11-22 22:24:31 - [TEST_STEP][PASSED] - mouseOver: Object: 'Object Repository/Final Object Repo/Landing Page/WorkFlow Menu' is hovered

2018-11-22 22:24:32 - [MESSAGE][PASSED] - Object: 'Object Repository/Final Object Repo/Landing Page/WorkFlow Menu' is hovered

2018-11-22 22:24:32 - [TEST_STEP][PASSED] - delay: Delayed 2 second(s)

2018-11-22 22:24:34 - [MESSAGE][PASSED] - Delayed 2 second(s)

2018-11-22 22:24:34 - [TEST_STEP][PASSED] - click: Object: 'Object Repository/Final Object Repo/Landing Page/Select to Workflow Listing' is clicked on

2018-11-22 22:24:35 - [MESSAGE][PASSED] - Object: 'Object Repository/Final Object Repo/Landing Page/Select to Workflow Listing' is clicked on

2018-11-22 22:24:35 - [TEST_STEP][PASSED] - delay: Delayed 2 second(s)

2018-11-22 22:24:37 - [MESSAGE][PASSED] - Delayed 2 second(s)

2018-11-22 22:24:37 - [TEST_STEP][PASSED] - click: Object: 'Object Repository/Final Object Repo/WorkFlow Listing Page/Search Information - To Put Ref No' is clicked on

2018-11-22 22:24:37 - [MESSAGE][PASSED] - Object: 'Object Repository/Final Object Repo/WorkFlow Listing Page/Search Information - To Put Ref No' is clicked on

2018-11-22 22:24:37 - [TEST_STEP][PASSED] - delay: Delayed 2 second(s)

2018-11-22 22:24:39 - [MESSAGE][PASSED] - Delayed 2 second(s)

2018-11-22 22:24:39 - [TEST_STEP][PASSED] - callTestCase: Call Test Case 'Test Cases/Final Aug 2018 - PKS Automation/Common/Reference Number Getter' successfully

2018-11-22 22:24:39 - [TEST_CASE][PASSED] - Test Cases/Final Aug 2018 - PKS Automation/Common/Reference Number Getter: Test Cases/Final Aug 2018 - PKS Automation/Common/Reference Number Getter

2018-11-22 22:24:39 - [TEST_STEP][PASSED] - Statement - Try: null

2018-11-22 22:24:39 - [TEST_STEP][PASSED] - Statement - RefNo = new java.io.File(C://Users//Admin//Desktop//PKS//Automation Reference Point//KatalonReference.txt): null

2018-11-22 22:24:39 - [TEST_STEP][PASSED] - Statement - bufferread = new java.io.BufferedReader(new java.io.FileReader(RefNo)): null

2018-11-22 22:24:39 - [TEST_STEP][PASSED] - Statement - readedVal = bufferread.readLine(): null

2018-11-22 22:24:39 - [TEST_STEP][PASSED] - Statement - out.println(CaseReferenceNo): null

2018-11-22 22:24:39 - [TEST_STEP][PASSED] - Statement - out.println(readedVal): null

2018-11-22 22:24:39 - [TEST_STEP][PASSED] - Statement - CaseReferenceNo = "": null

2018-11-22 22:24:39 - [TEST_STEP][PASSED] - Statement - CaseReferenceNo = readedVal: null

2018-11-22 22:24:39 - [MESSAGE][PASSED] - Call Test Case 'Test Cases/Final Aug 2018 - PKS Automation/Common/Reference Number Getter' successfully

2018-11-22 22:24:39 - [TEST_STEP][PASSED] - setText: Text 'CAN11201800002163' is set on object 'Object Repository/Final Object Repo/WorkFlow Listing Page/Ref No Set Text'

2018-11-22 22:24:39 - [MESSAGE][PASSED] - Text 'CAN11201800002163' is set on object 'Object Repository/Final Object Repo/WorkFlow Listing Page/Ref No Set Text'

2018-11-22 22:24:39 - [TEST_STEP][PASSED] - delay: Delayed 2 second(s)

2018-11-22 22:24:41 - [MESSAGE][PASSED] - Delayed 2 second(s)

2018-11-22 22:24:41 - [TEST_STEP][PASSED] - click: Object: 'Object Repository/Final Object Repo/WorkFlow Listing Page/Search Ref No Search Button' is clicked on

2018-11-22 22:24:41 - [MESSAGE][PASSED] - Object: 'Object Repository/Final Object Repo/WorkFlow Listing Page/Search Ref No Search Button' is clicked on

2018-11-22 22:24:41 - [TEST_STEP][PASSED] - delay: Delayed 4 second(s)

2018-11-22 22:24:45 - [MESSAGE][PASSED] - Delayed 4 second(s)

2018-11-22 22:24:45 - [TEST_STEP][PASSED] - click: Object: 'Object Repository/Final Object Repo/WorkFlow Listing Page/Click Continue Tooltip' is clicked on

2018-11-22 22:24:46 - [MESSAGE][PASSED] - Object: 'Object Repository/Final Object Repo/WorkFlow Listing Page/Click Continue Tooltip' is clicked on

2018-11-22 22:24:46 - [TEST_STEP][PASSED] - delay: Delayed 5 second(s)

2018-11-22 22:24:51 - [MESSAGE][PASSED] - Delayed 5 second(s)

2018-11-22 22:24:51 - [TEST_STEP][PASSED] - doubleClick: Object: 'Object Repository/Final Object Repo/WorkFlow Listing Page/Workflow Found - Listing 1' is double clicked on

2018-11-22 22:24:51 - [MESSAGE][PASSED] - Object: 'Object Repository/Final Object Repo/WorkFlow Listing Page/Workflow Found - Listing 1' is double clicked on

2018-11-22 22:24:51 - [TEST_STEP][PASSED] - Statement - println(OwnerID): null

2018-11-22 22:24:51 - [TEST_STEP][PASSED] - Statement - OwnerID = com.kms.katalon.core.webui.keyword.WebUiBuiltInKeywords.getText(com.kms.katalon.core.testobject.ObjectRepository.findTestObject(Final Object Repo/WorkFlow Listing Page/Workflow Found - Listing 1), STOP_ON_FAILURE): Text of object 'Object Repository/Final Object Repo/WorkFlow Listing Page/Workflow Found - Listing 1' is: 'KLpkrbo1'

2018-11-22 22:24:51 - [MESSAGE][PASSED] - Text of object 'Object Repository/Final Object Repo/WorkFlow Listing Page/Workflow Found - Listing 1' is: 'KLpkrbo1'

2018-11-22 22:24:51 - [TEST_STEP][PASSED] - Statement - OwnerID = OwnerID.toLowerCase() + "@gmail.com": null

2018-11-22 22:24:51 - [TEST_STEP][PASSED] - Statement - println(OwnerID): null

2018-11-22 22:24:51 - [TEST_STEP][PASSED] - delay: Delayed 2 second(s)

2018-11-22 22:24:53 - [MESSAGE][PASSED] - Delayed 2 second(s)

2018-11-22 22:24:53 - [MESSAGE][FAILED] - Unable to call Test Case with id 'Test Cases/Final Aug 2018 - PKS Automation/Common/Workflow Owner Finder' (Root cause: Call Test Case 'Test Cases/Final Aug 2018 - PKS Automation/Common/Workflow Owner Finder' failed)]]></system-out>
         <system-err><![CDATA[2018-11-22 22:13:52 - [TEST_CASE][FAILED] - Test Cases/Final Aug 2018 - PKS Automation/Registration Module/Workflow/Update Add New Employee/Special Case (OTC - PKR BO -  RO Under Enforcement): Test Cases/Final Aug 2018 - PKS Automation/Registration Module/Workflow/Update Add New Employee/Special Case (OTC - PKR BO -  RO Under Enforcement) FAILED because (of) (Stack trace: com.kms.katalon.core.exception.StepFailedException: Unable to click on object 'Object Repository/Final Object Repo/Landing Page/Select to English' (Root cause: com.kms.katalon.core.webui.exception.WebElementNotFoundException: Web element with id: 'Object Repository/Final Object Repo/Landing Page/Select to English' located by 'By.xpath: //a[@class = 'taglib-language-list-text' and @lang = 'en-US' and (contains(text(), 'EN') or contains(., 'EN'))]' not found)
	at com.kms.katalon.core.keyword.internal.KeywordMain.stepFailed(KeywordMain.groovy:32)
	at com.kms.katalon.core.webui.keyword.internal.WebUIKeywordMain.stepFailed(WebUIKeywordMain.groovy:65)
	at com.kms.katalon.core.webui.keyword.internal.WebUIKeywordMain.runKeyword(WebUIKeywordMain.groovy:27)
	at com.kms.katalon.core.webui.keyword.builtin.ClickKeyword.click(ClickKeyword.groovy:86)
	at com.kms.katalon.core.webui.keyword.builtin.ClickKeyword.execute(ClickKeyword.groovy:67)
	at com.kms.katalon.core.keyword.internal.KeywordExecutor.executeKeywordForPlatform(KeywordExecutor.groovy:53)
	at com.kms.katalon.core.webui.keyword.WebUiBuiltInKeywords.click(WebUiBuiltInKeywords.groovy:604)
	at com.kms.katalon.core.webui.keyword.WebUiBuiltInKeywords$click$6.call(Unknown Source)
	at Script1534407542420.run(Script1534407542420.groovy:57)
	at com.kms.katalon.core.main.ScriptEngine.run(ScriptEngine.java:183)
	at com.kms.katalon.core.main.ScriptEngine.runScriptAsRawText(ScriptEngine.java:108)
	at com.kms.katalon.core.main.TestCaseExecutor.runScript(TestCaseExecutor.java:294)
	at com.kms.katalon.core.main.TestCaseExecutor.doExecute(TestCaseExecutor.java:285)
	at com.kms.katalon.core.main.TestCaseExecutor.processExecutionPhase(TestCaseExecutor.java:264)
	at com.kms.katalon.core.main.TestCaseExecutor.accessMainPhase(TestCaseExecutor.java:256)
	at com.kms.katalon.core.main.TestCaseExecutor.execute(TestCaseExecutor.java:200)
	at com.kms.katalon.core.main.TestCaseMain.runTestCase(TestCaseMain.java:99)
	at com.kms.katalon.core.keyword.builtin.CallTestCaseKeyword$_callTestCase_closure1.doCall(CallTestCaseKeyword.groovy:60)
	at com.kms.katalon.core.keyword.builtin.CallTestCaseKeyword$_callTestCase_closure1.call(CallTestCaseKeyword.groovy)
	at com.kms.katalon.core.keyword.internal.KeywordMain.runKeyword(KeywordMain.groovy:54)
	at com.kms.katalon.core.keyword.builtin.CallTestCaseKeyword.callTestCase(CallTestCaseKeyword.groovy:81)
	at com.kms.katalon.core.keyword.builtin.CallTestCaseKeyword.execute(CallTestCaseKeyword.groovy:45)
	at com.kms.katalon.core.keyword.internal.KeywordExecutor.executeKeywordForPlatform(KeywordExecutor.groovy:53)
	at com.kms.katalon.core.keyword.BuiltinKeywords.callTestCase(BuiltinKeywords.groovy:334)
	at sun.reflect.GeneratedMethodAccessor13.invoke(Unknown Source)
	at sun.reflect.DelegatingMethodAccessorImpl.invoke(DelegatingMethodAccessorImpl.java:43)
	at java.lang.reflect.Method.invoke(Method.java:498)
	at org.codehaus.groovy.reflection.CachedMethod.invoke(CachedMethod.java:93)
	at groovy.lang.MetaMethod.doMethodInvoke(MetaMethod.java:325)
	at groovy.lang.MetaClassImpl.invokeStaticMethod(MetaClassImpl.java:1469)
	at org.codehaus.groovy.runtime.callsite.StaticMetaClassSite.call(StaticMetaClassSite.java:53)
	at org.codehaus.groovy.runtime.callsite.CallSiteArray.defaultCall(CallSiteArray.java:48)
	at org.codehaus.groovy.runtime.callsite.AbstractCallSite.call(AbstractCallSite.java:113)
	at org.codehaus.groovy.runtime.callsite.AbstractCallSite.call(AbstractCallSite.java:141)
	at Script1536307034674.run(Script1536307034674.groovy:125)
	at com.kms.katalon.core.main.ScriptEngine.run(ScriptEngine.java:183)
	at com.kms.katalon.core.main.ScriptEngine.runScriptAsRawText(ScriptEngine.java:108)
	at com.kms.katalon.core.main.TestCaseExecutor.runScript(TestCaseExecutor.java:294)
	at com.kms.katalon.core.main.TestCaseExecutor.doExecute(TestCaseExecutor.java:285)
	at com.kms.katalon.core.main.TestCaseExecutor.processExecutionPhase(TestCaseExecutor.java:264)
	at com.kms.katalon.core.main.TestCaseExecutor.accessMainPhase(TestCaseExecutor.java:256)
	at com.kms.katalon.core.main.TestCaseExecutor.execute(TestCaseExecutor.java:200)
	at com.kms.katalon.core.main.TestSuiteExecutor.accessTestCaseMainPhase(TestSuiteExecutor.java:129)
	at com.kms.katalon.core.main.TestSuiteExecutor.accessTestSuiteMainPhase(TestSuiteExecutor.java:112)
	at com.kms.katalon.core.main.TestSuiteExecutor.execute(TestSuiteExecutor.java:81)
	at com.kms.katalon.core.main.TestCaseMain.startTestSuite(TestCaseMain.java:142)
	at com.kms.katalon.core.main.TestCaseMain$startTestSuite$0.call(Unknown Source)
	at org.codehaus.groovy.runtime.callsite.CallSiteArray.defaultCall(CallSiteArray.java:48)
	at org.codehaus.groovy.runtime.callsite.AbstractCallSite.call(AbstractCallSite.java:113)
	at org.codehaus.groovy.runtime.callsite.AbstractCallSite.call(AbstractCallSite.java:141)
	at TempTestSuite1542874456666.run(TempTestSuite1542874456666.groovy:36)
	at groovy.lang.GroovyShell.runScriptOrMainOrTestOrRunnable(GroovyShell.java:263)
	at groovy.lang.GroovyShell.run(GroovyShell.java:518)
	at groovy.lang.GroovyShell.run(GroovyShell.java:507)
	at groovy.ui.GroovyMain.processOnce(GroovyMain.java:653)
	at groovy.ui.GroovyMain.run(GroovyMain.java:384)
	at groovy.ui.GroovyMain.process(GroovyMain.java:370)
	at groovy.ui.GroovyMain.processArgs(GroovyMain.java:129)
	at groovy.ui.GroovyMain.main(GroovyMain.java:109)
	at sun.reflect.NativeMethodAccessorImpl.invoke0(Native Method)
	at sun.reflect.NativeMethodAccessorImpl.invoke(NativeMethodAccessorImpl.java:62)
	at sun.reflect.DelegatingMethodAccessorImpl.invoke(DelegatingMethodAccessorImpl.java:43)
	at java.lang.reflect.Method.invoke(Method.java:498)
	at org.codehaus.groovy.tools.GroovyStarter.rootLoader(GroovyStarter.java:109)
	at org.codehaus.groovy.tools.GroovyStarter.main(GroovyStarter.java:131)
)]]></system-err>
      </testcase>
      <testcase name="Test Cases/Final Aug 2018 - PKS Automation/Registration Module/Workflow/Update Add New Employee/Special Case (OTC - PKR BO - RO Query - PKR BO Upload Pending Case - RO Approve)" classname="Test Cases/Final Aug 2018 - PKS Automation/Registration Module/Workflow/Update Add New Employee/Special Case (OTC - PKR BO - RO Query - PKR BO Upload Pending Case - RO Approve)" status="FAILED">
         <failure type="FAILED" message="(Stack trace: com.kms.katalon.core.exception.StepFailedException: Unable to click on object 'Object Repository/Final Object Repo/Landing Page/Select to English' (Root cause: com.kms.katalon.core.webui.exception.WebElementNotFoundException: Web element with id: 'Object Repository/Final Object Repo/Landing Page/Select to English' located by 'By.xpath: //a[@class = 'taglib-language-list-text' and @lang = 'en-US' and (contains(text(), 'EN') or contains(., 'EN'))]' not found)
	at com.kms.katalon.core.keyword.internal.KeywordMain.stepFailed(KeywordMain.groovy:32)
	at com.kms.katalon.core.webui.keyword.internal.WebUIKeywordMain.stepFailed(WebUIKeywordMain.groovy:65)
	at com.kms.katalon.core.webui.keyword.internal.WebUIKeywordMain.runKeyword(WebUIKeywordMain.groovy:27)
	at com.kms.katalon.core.webui.keyword.builtin.ClickKeyword.click(ClickKeyword.groovy:86)
	at com.kms.katalon.core.webui.keyword.builtin.ClickKeyword.execute(ClickKeyword.groovy:67)
	at com.kms.katalon.core.keyword.internal.KeywordExecutor.executeKeywordForPlatform(KeywordExecutor.groovy:53)
	at com.kms.katalon.core.webui.keyword.WebUiBuiltInKeywords.click(WebUiBuiltInKeywords.groovy:604)
	at com.kms.katalon.core.webui.keyword.WebUiBuiltInKeywords$click$6.call(Unknown Source)
	at Script1534407542420.run(Script1534407542420.groovy:57)
	at com.kms.katalon.core.main.ScriptEngine.run(ScriptEngine.java:183)
	at com.kms.katalon.core.main.ScriptEngine.runScriptAsRawText(ScriptEngine.java:108)
	at com.kms.katalon.core.main.TestCaseExecutor.runScript(TestCaseExecutor.java:294)
	at com.kms.katalon.core.main.TestCaseExecutor.doExecute(TestCaseExecutor.java:285)
	at com.kms.katalon.core.main.TestCaseExecutor.processExecutionPhase(TestCaseExecutor.java:264)
	at com.kms.katalon.core.main.TestCaseExecutor.accessMainPhase(TestCaseExecutor.java:256)
	at com.kms.katalon.core.main.TestCaseExecutor.execute(TestCaseExecutor.java:200)
	at com.kms.katalon.core.main.TestCaseMain.runTestCase(TestCaseMain.java:99)
	at com.kms.katalon.core.keyword.builtin.CallTestCaseKeyword$_callTestCase_closure1.doCall(CallTestCaseKeyword.groovy:60)
	at com.kms.katalon.core.keyword.builtin.CallTestCaseKeyword$_callTestCase_closure1.call(CallTestCaseKeyword.groovy)
	at com.kms.katalon.core.keyword.internal.KeywordMain.runKeyword(KeywordMain.groovy:54)
	at com.kms.katalon.core.keyword.builtin.CallTestCaseKeyword.callTestCase(CallTestCaseKeyword.groovy:81)
	at com.kms.katalon.core.keyword.builtin.CallTestCaseKeyword.execute(CallTestCaseKeyword.groovy:45)
	at com.kms.katalon.core.keyword.internal.KeywordExecutor.executeKeywordForPlatform(KeywordExecutor.groovy:53)
	at com.kms.katalon.core.keyword.BuiltinKeywords.callTestCase(BuiltinKeywords.groovy:334)
	at sun.reflect.GeneratedMethodAccessor13.invoke(Unknown Source)
	at sun.reflect.DelegatingMethodAccessorImpl.invoke(DelegatingMethodAccessorImpl.java:43)
	at java.lang.reflect.Method.invoke(Method.java:498)
	at org.codehaus.groovy.reflection.CachedMethod.invoke(CachedMethod.java:93)
	at groovy.lang.MetaMethod.doMethodInvoke(MetaMethod.java:325)
	at groovy.lang.MetaClassImpl.invokeStaticMethod(MetaClassImpl.java:1469)
	at org.codehaus.groovy.runtime.callsite.StaticMetaClassSite.call(StaticMetaClassSite.java:53)
	at org.codehaus.groovy.runtime.callsite.CallSiteArray.defaultCall(CallSiteArray.java:48)
	at org.codehaus.groovy.runtime.callsite.AbstractCallSite.call(AbstractCallSite.java:113)
	at org.codehaus.groovy.runtime.callsite.AbstractCallSite.call(AbstractCallSite.java:141)
	at Script1536223156094.run(Script1536223156094.groovy:125)
	at com.kms.katalon.core.main.ScriptEngine.run(ScriptEngine.java:183)
	at com.kms.katalon.core.main.ScriptEngine.runScriptAsRawText(ScriptEngine.java:108)
	at com.kms.katalon.core.main.TestCaseExecutor.runScript(TestCaseExecutor.java:294)
	at com.kms.katalon.core.main.TestCaseExecutor.doExecute(TestCaseExecutor.java:285)
	at com.kms.katalon.core.main.TestCaseExecutor.processExecutionPhase(TestCaseExecutor.java:264)
	at com.kms.katalon.core.main.TestCaseExecutor.accessMainPhase(TestCaseExecutor.java:256)
	at com.kms.katalon.core.main.TestCaseExecutor.execute(TestCaseExecutor.java:200)
	at com.kms.katalon.core.main.TestSuiteExecutor.accessTestCaseMainPhase(TestSuiteExecutor.java:129)
	at com.kms.katalon.core.main.TestSuiteExecutor.accessTestSuiteMainPhase(TestSuiteExecutor.java:112)
	at com.kms.katalon.core.main.TestSuiteExecutor.execute(TestSuiteExecutor.java:81)
	at com.kms.katalon.core.main.TestCaseMain.startTestSuite(TestCaseMain.java:142)
	at com.kms.katalon.core.main.TestCaseMain$startTestSuite$0.call(Unknown Source)
	at org.codehaus.groovy.runtime.callsite.CallSiteArray.defaultCall(CallSiteArray.java:48)
	at org.codehaus.groovy.runtime.callsite.AbstractCallSite.call(AbstractCallSite.java:113)
	at org.codehaus.groovy.runtime.callsite.AbstractCallSite.call(AbstractCallSite.java:141)
	at TempTestSuite1542874456666.run(TempTestSuite1542874456666.groovy:36)
	at groovy.lang.GroovyShell.runScriptOrMainOrTestOrRunnable(GroovyShell.java:263)
	at groovy.lang.GroovyShell.run(GroovyShell.java:518)
	at groovy.lang.GroovyShell.run(GroovyShell.java:507)
	at groovy.ui.GroovyMain.processOnce(GroovyMain.java:653)
	at groovy.ui.GroovyMain.run(GroovyMain.java:384)
	at groovy.ui.GroovyMain.process(GroovyMain.java:370)
	at groovy.ui.GroovyMain.processArgs(GroovyMain.java:129)
	at groovy.ui.GroovyMain.main(GroovyMain.java:109)
	at sun.reflect.NativeMethodAccessorImpl.invoke0(Native Method)
	at sun.reflect.NativeMethodAccessorImpl.invoke(NativeMethodAccessorImpl.java:62)
	at sun.reflect.DelegatingMethodAccessorImpl.invoke(DelegatingMethodAccessorImpl.java:43)
	at java.lang.reflect.Method.invoke(Method.java:498)
	at org.codehaus.groovy.tools.GroovyStarter.rootLoader(GroovyStarter.java:109)
	at org.codehaus.groovy.tools.GroovyStarter.main(GroovyStarter.java:131)
)"/>
         <system-out><![CDATA[2018-11-22 22:24:54 - [TEST_CASE][FAILED] - Test Cases/Final Aug 2018 - PKS Automation/Registration Module/Workflow/Update Add New Employee/Special Case (OTC - PKR BO - RO Query - PKR BO Upload Pending Case - RO Approve): Test Cases/Final Aug 2018 - PKS Automation/Registration Module/Workflow/Update Add New Employee/Special Case (OTC - PKR BO - RO Query - PKR BO Upload Pending Case - RO Approve) FAILED because (of) (Stack trace: com.kms.katalon.core.exception.StepFailedException: Unable to click on object 'Object Repository/Final Object Repo/Landing Page/Select to English' (Root cause: com.kms.katalon.core.webui.exception.WebElementNotFoundException: Web element with id: 'Object Repository/Final Object Repo/Landing Page/Select to English' located by 'By.xpath: //a[@class = 'taglib-language-list-text' and @lang = 'en-US' and (contains(text(), 'EN') or contains(., 'EN'))]' not found)
	at com.kms.katalon.core.keyword.internal.KeywordMain.stepFailed(KeywordMain.groovy:32)
	at com.kms.katalon.core.webui.keyword.internal.WebUIKeywordMain.stepFailed(WebUIKeywordMain.groovy:65)
	at com.kms.katalon.core.webui.keyword.internal.WebUIKeywordMain.runKeyword(WebUIKeywordMain.groovy:27)
	at com.kms.katalon.core.webui.keyword.builtin.ClickKeyword.click(ClickKeyword.groovy:86)
	at com.kms.katalon.core.webui.keyword.builtin.ClickKeyword.execute(ClickKeyword.groovy:67)
	at com.kms.katalon.core.keyword.internal.KeywordExecutor.executeKeywordForPlatform(KeywordExecutor.groovy:53)
	at com.kms.katalon.core.webui.keyword.WebUiBuiltInKeywords.click(WebUiBuiltInKeywords.groovy:604)
	at com.kms.katalon.core.webui.keyword.WebUiBuiltInKeywords$click$6.call(Unknown Source)
	at Script1534407542420.run(Script1534407542420.groovy:57)
	at com.kms.katalon.core.main.ScriptEngine.run(ScriptEngine.java:183)
	at com.kms.katalon.core.main.ScriptEngine.runScriptAsRawText(ScriptEngine.java:108)
	at com.kms.katalon.core.main.TestCaseExecutor.runScript(TestCaseExecutor.java:294)
	at com.kms.katalon.core.main.TestCaseExecutor.doExecute(TestCaseExecutor.java:285)
	at com.kms.katalon.core.main.TestCaseExecutor.processExecutionPhase(TestCaseExecutor.java:264)
	at com.kms.katalon.core.main.TestCaseExecutor.accessMainPhase(TestCaseExecutor.java:256)
	at com.kms.katalon.core.main.TestCaseExecutor.execute(TestCaseExecutor.java:200)
	at com.kms.katalon.core.main.TestCaseMain.runTestCase(TestCaseMain.java:99)
	at com.kms.katalon.core.keyword.builtin.CallTestCaseKeyword$_callTestCase_closure1.doCall(CallTestCaseKeyword.groovy:60)
	at com.kms.katalon.core.keyword.builtin.CallTestCaseKeyword$_callTestCase_closure1.call(CallTestCaseKeyword.groovy)
	at com.kms.katalon.core.keyword.internal.KeywordMain.runKeyword(KeywordMain.groovy:54)
	at com.kms.katalon.core.keyword.builtin.CallTestCaseKeyword.callTestCase(CallTestCaseKeyword.groovy:81)
	at com.kms.katalon.core.keyword.builtin.CallTestCaseKeyword.execute(CallTestCaseKeyword.groovy:45)
	at com.kms.katalon.core.keyword.internal.KeywordExecutor.executeKeywordForPlatform(KeywordExecutor.groovy:53)
	at com.kms.katalon.core.keyword.BuiltinKeywords.callTestCase(BuiltinKeywords.groovy:334)
	at sun.reflect.GeneratedMethodAccessor13.invoke(Unknown Source)
	at sun.reflect.DelegatingMethodAccessorImpl.invoke(DelegatingMethodAccessorImpl.java:43)
	at java.lang.reflect.Method.invoke(Method.java:498)
	at org.codehaus.groovy.reflection.CachedMethod.invoke(CachedMethod.java:93)
	at groovy.lang.MetaMethod.doMethodInvoke(MetaMethod.java:325)
	at groovy.lang.MetaClassImpl.invokeStaticMethod(MetaClassImpl.java:1469)
	at org.codehaus.groovy.runtime.callsite.StaticMetaClassSite.call(StaticMetaClassSite.java:53)
	at org.codehaus.groovy.runtime.callsite.CallSiteArray.defaultCall(CallSiteArray.java:48)
	at org.codehaus.groovy.runtime.callsite.AbstractCallSite.call(AbstractCallSite.java:113)
	at org.codehaus.groovy.runtime.callsite.AbstractCallSite.call(AbstractCallSite.java:141)
	at Script1536223156094.run(Script1536223156094.groovy:125)
	at com.kms.katalon.core.main.ScriptEngine.run(ScriptEngine.java:183)
	at com.kms.katalon.core.main.ScriptEngine.runScriptAsRawText(ScriptEngine.java:108)
	at com.kms.katalon.core.main.TestCaseExecutor.runScript(TestCaseExecutor.java:294)
	at com.kms.katalon.core.main.TestCaseExecutor.doExecute(TestCaseExecutor.java:285)
	at com.kms.katalon.core.main.TestCaseExecutor.processExecutionPhase(TestCaseExecutor.java:264)
	at com.kms.katalon.core.main.TestCaseExecutor.accessMainPhase(TestCaseExecutor.java:256)
	at com.kms.katalon.core.main.TestCaseExecutor.execute(TestCaseExecutor.java:200)
	at com.kms.katalon.core.main.TestSuiteExecutor.accessTestCaseMainPhase(TestSuiteExecutor.java:129)
	at com.kms.katalon.core.main.TestSuiteExecutor.accessTestSuiteMainPhase(TestSuiteExecutor.java:112)
	at com.kms.katalon.core.main.TestSuiteExecutor.execute(TestSuiteExecutor.java:81)
	at com.kms.katalon.core.main.TestCaseMain.startTestSuite(TestCaseMain.java:142)
	at com.kms.katalon.core.main.TestCaseMain$startTestSuite$0.call(Unknown Source)
	at org.codehaus.groovy.runtime.callsite.CallSiteArray.defaultCall(CallSiteArray.java:48)
	at org.codehaus.groovy.runtime.callsite.AbstractCallSite.call(AbstractCallSite.java:113)
	at org.codehaus.groovy.runtime.callsite.AbstractCallSite.call(AbstractCallSite.java:141)
	at TempTestSuite1542874456666.run(TempTestSuite1542874456666.groovy:36)
	at groovy.lang.GroovyShell.runScriptOrMainOrTestOrRunnable(GroovyShell.java:263)
	at groovy.lang.GroovyShell.run(GroovyShell.java:518)
	at groovy.lang.GroovyShell.run(GroovyShell.java:507)
	at groovy.ui.GroovyMain.processOnce(GroovyMain.java:653)
	at groovy.ui.GroovyMain.run(GroovyMain.java:384)
	at groovy.ui.GroovyMain.process(GroovyMain.java:370)
	at groovy.ui.GroovyMain.processArgs(GroovyMain.java:129)
	at groovy.ui.GroovyMain.main(GroovyMain.java:109)
	at sun.reflect.NativeMethodAccessorImpl.invoke0(Native Method)
	at sun.reflect.NativeMethodAccessorImpl.invoke(NativeMethodAccessorImpl.java:62)
	at sun.reflect.DelegatingMethodAccessorImpl.invoke(DelegatingMethodAccessorImpl.java:43)
	at java.lang.reflect.Method.invoke(Method.java:498)
	at org.codehaus.groovy.tools.GroovyStarter.rootLoader(GroovyStarter.java:109)
	at org.codehaus.groovy.tools.GroovyStarter.main(GroovyStarter.java:131)
)

2018-11-22 22:24:54 - [TEST_STEP][PASSED] - callTestCase: Call Test Case 'Test Cases/Final Aug 2018 - PKS Automation/Registration Module/Workflow/Update Add New Employee/Template/New Company for Update Add New' successfully

2018-11-22 22:24:54 - [TEST_CASE][PASSED] - Test Cases/Final Aug 2018 - PKS Automation/Registration Module/Workflow/Update Add New Employee/Template/New Company for Update Add New: Test Cases/Final Aug 2018 - PKS Automation/Registration Module/Workflow/Update Add New Employee/Template/New Company for Update Add New

2018-11-22 22:24:54 - [TEST_STEP][PASSED] - callTestCase: Call Test Case 'Test Cases/Final Aug 2018 - PKS Automation/Registration Module/New Registration/Form 1/Form 1 - Corporation - BHD' successfully

2018-11-22 22:24:54 - [TEST_CASE][PASSED] - Test Cases/Final Aug 2018 - PKS Automation/Registration Module/New Registration/Form 1/Form 1 - Corporation - BHD: Test Cases/Final Aug 2018 - PKS Automation/Registration Module/New Registration/Form 1/Form 1 - Corporation - BHD

2018-11-22 22:24:54 - [TEST_STEP][PASSED] - openBrowser: Browser is opened with url: ''

2018-11-22 22:24:54 - [MESSAGE][WARNING] - A browser is already opened. Closing browser and opening a new one

2018-11-22 22:24:58 - [MESSAGE][PASSED] - Browser is opened with url: ''

2018-11-22 22:24:58 - [TEST_STEP][PASSED] - navigateToUrl: Navigate to 'https://assist2-uat.perkeso.gov.my/login' successfully

2018-11-22 22:24:59 - [MESSAGE][PASSED] - Navigate to 'https://assist2-uat.perkeso.gov.my/login' successfully

2018-11-22 22:24:59 - [TEST_STEP][PASSED] - setText: Text 'johorotc1@gmail.com' is set on object 'Object Repository/Final Object Repo/Login Page/Internal User/Email Address'

2018-11-22 22:24:59 - [MESSAGE][PASSED] - Text 'johorotc1@gmail.com' is set on object 'Object Repository/Final Object Repo/Login Page/Internal User/Email Address'

2018-11-22 22:24:59 - [TEST_STEP][PASSED] - click: Object: 'Object Repository/Final Object Repo/Login Page/Internal User/Next Button' is clicked on

2018-11-22 22:24:59 - [MESSAGE][PASSED] - Object: 'Object Repository/Final Object Repo/Login Page/Internal User/Next Button' is clicked on

2018-11-22 22:24:59 - [TEST_STEP][PASSED] - delay: Delayed 1 second(s)

2018-11-22 22:25:00 - [MESSAGE][PASSED] - Delayed 1 second(s)

2018-11-22 22:25:00 - [TEST_STEP][PASSED] - setEncryptedText: Text ****** has been set on object 'Object Repository/Final Object Repo/Login Page/Internal User/Password'

2018-11-22 22:25:01 - [MESSAGE][PASSED] - Text ****** has been set on object 'Object Repository/Final Object Repo/Login Page/Internal User/Password'

2018-11-22 22:25:01 - [TEST_STEP][PASSED] - click: Object: 'Object Repository/Final Object Repo/Login Page/Internal User/Login Button' is clicked on

2018-11-22 22:25:01 - [MESSAGE][PASSED] - Object: 'Object Repository/Final Object Repo/Login Page/Internal User/Login Button' is clicked on

2018-11-22 22:25:01 - [TEST_STEP][PASSED] - delay: Delayed 1 second(s)

2018-11-22 22:25:02 - [MESSAGE][PASSED] - Delayed 1 second(s)

2018-11-22 22:25:02 - [TEST_STEP][PASSED] - Statement - Try: Delayed 2 second(s)

2018-11-22 22:25:02 - [TEST_STEP][PASSED] - Statement - Checker = false: null

2018-11-22 22:25:02 - [TEST_STEP][PASSED] - Statement - Checker = com.kms.katalon.core.webui.keyword.WebUiBuiltInKeywords.verifyElementHasAttribute(com.kms.katalon.core.testobject.ObjectRepository.findTestObject(Final Object Repo/Landing Page/BM Detecting), "href", 20, OPTIONAL): Object 'Object Repository/Final Object Repo/Landing Page/BM Detecting' has attribute 'href'

2018-11-22 22:25:02 - [MESSAGE][PASSED] - Object 'Object Repository/Final Object Repo/Landing Page/BM Detecting' has attribute 'href'

2018-11-22 22:25:02 - [TEST_STEP][PASSED] - Statement - out.println(Checker): null

2018-11-22 22:25:02 - [TEST_STEP][PASSED] - Statement - If (Checker == false): null

2018-11-22 22:25:02 - [TEST_STEP][PASSED] - Statement - Else: null

2018-11-22 22:25:02 - [TEST_STEP][PASSED] - delay: Delayed 2 second(s)

2018-11-22 22:25:04 - [MESSAGE][PASSED] - Delayed 2 second(s)

2018-11-22 22:25:04 - [TEST_STEP][PASSED] - navigateToUrl: Navigate to 'https://assist2-uat.perkeso.gov.my/web/registration/registration' successfully

2018-11-22 22:25:06 - [MESSAGE][PASSED] - Navigate to 'https://assist2-uat.perkeso.gov.my/web/registration/registration' successfully

2018-11-22 22:25:06 - [TEST_STEP][PASSED] - click: Object: 'Object Repository/Final Object Repo/New Registration - Registration Module Pages/Form 1/AEC - No' is clicked on

2018-11-22 22:25:06 - [MESSAGE][PASSED] - Object: 'Object Repository/Final Object Repo/New Registration - Registration Module Pages/Form 1/AEC - No' is clicked on

2018-11-22 22:25:06 - [TEST_STEP][PASSED] - click: Object: 'Object Repository/Final Object Repo/New Registration - Registration Module Pages/Form 1/Business Entity' is clicked on

2018-11-22 22:25:06 - [MESSAGE][PASSED] - Object: 'Object Repository/Final Object Repo/New Registration - Registration Module Pages/Form 1/Business Entity' is clicked on

2018-11-22 22:25:06 - [TEST_STEP][PASSED] - click: Object: 'Object Repository/Final Object Repo/New Registration - Registration Module Pages/Form 1/Businees Entity - Corporation' is clicked on

2018-11-22 22:25:06 - [MESSAGE][PASSED] - Object: 'Object Repository/Final Object Repo/New Registration - Registration Module Pages/Form 1/Businees Entity - Corporation' is clicked on

2018-11-22 22:25:06 - [TEST_STEP][PASSED] - delay: Delayed 1 second(s)

2018-11-22 22:25:07 - [MESSAGE][PASSED] - Delayed 1 second(s)

2018-11-22 22:25:07 - [TEST_STEP][PASSED] - click: Object: 'Object Repository/Final Object Repo/New Registration - Registration Module Pages/Form 1/Sub Business Entity' is clicked on

2018-11-22 22:25:08 - [MESSAGE][PASSED] - Object: 'Object Repository/Final Object Repo/New Registration - Registration Module Pages/Form 1/Sub Business Entity' is clicked on

2018-11-22 22:25:08 - [TEST_STEP][PASSED] - click: Object: 'Object Repository/Final Object Repo/New Registration - Registration Module Pages/Form 1/Sub Business Entity - Berhad' is clicked on

2018-11-22 22:25:08 - [MESSAGE][PASSED] - Object: 'Object Repository/Final Object Repo/New Registration - Registration Module Pages/Form 1/Sub Business Entity - Berhad' is clicked on

2018-11-22 22:25:08 - [TEST_STEP][PASSED] - delay: Delayed 1 second(s)

2018-11-22 22:25:09 - [MESSAGE][PASSED] - Delayed 1 second(s)

2018-11-22 22:25:09 - [TEST_STEP][PASSED] - setText: Text '123' is set on object 'Object Repository/Final Object Repo/New Registration - Registration Module Pages/Form 1/Registration Number'

2018-11-22 22:25:09 - [MESSAGE][PASSED] - Text '123' is set on object 'Object Repository/Final Object Repo/New Registration - Registration Module Pages/Form 1/Registration Number'

2018-11-22 22:25:09 - [TEST_STEP][PASSED] - click: Object: 'Object Repository/Final Object Repo/New Registration - Registration Module Pages/Form 1/Registred with SSM - Before Feb' is clicked on

2018-11-22 22:25:09 - [MESSAGE][PASSED] - Object: 'Object Repository/Final Object Repo/New Registration - Registration Module Pages/Form 1/Registred with SSM - Before Feb' is clicked on

2018-11-22 22:25:09 - [TEST_STEP][PASSED] - click: Object: 'Object Repository/Final Object Repo/New Registration - Registration Module Pages/Form 1/Registered As a Branch - Yes' is clicked on

2018-11-22 22:25:09 - [MESSAGE][PASSED] - Object: 'Object Repository/Final Object Repo/New Registration - Registration Module Pages/Form 1/Registered As a Branch - Yes' is clicked on

2018-11-22 22:25:09 - [TEST_STEP][PASSED] - click: Object: 'Object Repository/Final Object Repo/New Registration - Registration Module Pages/Form 1/Acknowledgement' is clicked on

2018-11-22 22:25:10 - [MESSAGE][PASSED] - Object: 'Object Repository/Final Object Repo/New Registration - Registration Module Pages/Form 1/Acknowledgement' is clicked on

2018-11-22 22:25:10 - [TEST_STEP][PASSED] - setText: Text 'perkeso' is set on object 'Object Repository/Final Object Repo/New Registration - Registration Module Pages/Form 1/Industry name'

2018-11-22 22:25:10 - [MESSAGE][PASSED] - Text 'perkeso' is set on object 'Object Repository/Final Object Repo/New Registration - Registration Module Pages/Form 1/Industry name'

2018-11-22 22:25:10 - [TEST_STEP][PASSED] - setText: Text 'perkeso1' is set on object 'Object Repository/Final Object Repo/New Registration - Registration Module Pages/Form 1/Postal Address1'

2018-11-22 22:25:10 - [MESSAGE][PASSED] - Text 'perkeso1' is set on object 'Object Repository/Final Object Repo/New Registration - Registration Module Pages/Form 1/Postal Address1'

2018-11-22 22:25:10 - [TEST_STEP][PASSED] - setText: Text 'perkeso2' is set on object 'Object Repository/Final Object Repo/New Registration - Registration Module Pages/Form 1/Postal Address2'

2018-11-22 22:25:11 - [MESSAGE][PASSED] - Text 'perkeso2' is set on object 'Object Repository/Final Object Repo/New Registration - Registration Module Pages/Form 1/Postal Address2'

2018-11-22 22:25:11 - [TEST_STEP][PASSED] - setText: Text 'perkeso3' is set on object 'Object Repository/Final Object Repo/New Registration - Registration Module Pages/Form 1/Postal Address3'

2018-11-22 22:25:11 - [MESSAGE][PASSED] - Text 'perkeso3' is set on object 'Object Repository/Final Object Repo/New Registration - Registration Module Pages/Form 1/Postal Address3'

2018-11-22 22:25:11 - [TEST_STEP][PASSED] - click: Object: 'Object Repository/Final Object Repo/New Registration - Registration Module Pages/Form 1/State' is clicked on

2018-11-22 22:25:11 - [MESSAGE][PASSED] - Object: 'Object Repository/Final Object Repo/New Registration - Registration Module Pages/Form 1/State' is clicked on

2018-11-22 22:25:11 - [TEST_STEP][PASSED] - click: Object: 'Object Repository/Final Object Repo/New Registration - Registration Module Pages/Form 1/State - Johor' is clicked on

2018-11-22 22:25:11 - [MESSAGE][PASSED] - Object: 'Object Repository/Final Object Repo/New Registration - Registration Module Pages/Form 1/State - Johor' is clicked on

2018-11-22 22:25:11 - [TEST_STEP][PASSED] - delay: Delayed 1 second(s)

2018-11-22 22:25:12 - [MESSAGE][PASSED] - Delayed 1 second(s)

2018-11-22 22:25:12 - [TEST_STEP][PASSED] - click: Object: 'Object Repository/Final Object Repo/New Registration - Registration Module Pages/Form 1/City' is clicked on

2018-11-22 22:25:13 - [MESSAGE][PASSED] - Object: 'Object Repository/Final Object Repo/New Registration - Registration Module Pages/Form 1/City' is clicked on

2018-11-22 22:25:13 - [TEST_STEP][PASSED] - setText: Text 'joh' is set on object 'Object Repository/Final Object Repo/New Registration - Registration Module Pages/Form 1/Postcode - 810'

2018-11-22 22:25:13 - [MESSAGE][PASSED] - Text 'joh' is set on object 'Object Repository/Final Object Repo/New Registration - Registration Module Pages/Form 1/Postcode - 810'

2018-11-22 22:25:13 - [TEST_STEP][PASSED] - delay: Delayed 1 second(s)

2018-11-22 22:25:14 - [MESSAGE][PASSED] - Delayed 1 second(s)

2018-11-22 22:25:14 - [TEST_STEP][PASSED] - click: Object: 'Object Repository/Final Object Repo/New Registration - Registration Module Pages/Form 1/City - Johor Bharu' is clicked on

2018-11-22 22:25:14 - [MESSAGE][PASSED] - Object: 'Object Repository/Final Object Repo/New Registration - Registration Module Pages/Form 1/City - Johor Bharu' is clicked on

2018-11-22 22:25:14 - [TEST_STEP][PASSED] - delay: Delayed 1 second(s)

2018-11-22 22:25:15 - [MESSAGE][PASSED] - Delayed 1 second(s)

2018-11-22 22:25:15 - [TEST_STEP][PASSED] - click: Object: 'Object Repository/Final Object Repo/New Registration - Registration Module Pages/Form 1/Postcode' is clicked on

2018-11-22 22:25:15 - [MESSAGE][PASSED] - Object: 'Object Repository/Final Object Repo/New Registration - Registration Module Pages/Form 1/Postcode' is clicked on

2018-11-22 22:25:15 - [TEST_STEP][PASSED] - delay: Delayed 1 second(s)

2018-11-22 22:25:16 - [MESSAGE][PASSED] - Delayed 1 second(s)

2018-11-22 22:25:16 - [TEST_STEP][PASSED] - setText: Text '810' is set on object 'Object Repository/Final Object Repo/New Registration - Registration Module Pages/Form 1/Postcode - 810'

2018-11-22 22:25:16 - [MESSAGE][PASSED] - Text '810' is set on object 'Object Repository/Final Object Repo/New Registration - Registration Module Pages/Form 1/Postcode - 810'

2018-11-22 22:25:16 - [TEST_STEP][PASSED] - delay: Delayed 3 second(s)

2018-11-22 22:25:19 - [MESSAGE][PASSED] - Delayed 3 second(s)

2018-11-22 22:25:19 - [TEST_STEP][PASSED] - click: Object: 'Object Repository/Final Object Repo/New Registration - Registration Module Pages/Form 1/Postcode - 81000' is clicked on

2018-11-22 22:25:20 - [MESSAGE][PASSED] - Object: 'Object Repository/Final Object Repo/New Registration - Registration Module Pages/Form 1/Postcode - 81000' is clicked on

2018-11-22 22:25:20 - [TEST_STEP][PASSED] - delay: Delayed 1 second(s)

2018-11-22 22:25:21 - [MESSAGE][PASSED] - Delayed 1 second(s)

2018-11-22 22:25:21 - [TEST_STEP][PASSED] - setText: Text '100' is set on object 'Object Repository/Final Object Repo/New Registration - Registration Module Pages/Form 1/P.O.BOX'

2018-11-22 22:25:21 - [MESSAGE][PASSED] - Text '100' is set on object 'Object Repository/Final Object Repo/New Registration - Registration Module Pages/Form 1/P.O.BOX'

2018-11-22 22:25:21 - [TEST_STEP][PASSED] - setText: Text '100' is set on object 'Object Repository/Final Object Repo/New Registration - Registration Module Pages/Form 1/Locked Bag No'

2018-11-22 22:25:21 - [MESSAGE][PASSED] - Text '100' is set on object 'Object Repository/Final Object Repo/New Registration - Registration Module Pages/Form 1/Locked Bag No'

2018-11-22 22:25:21 - [TEST_STEP][PASSED] - click: Object: 'Object Repository/Final Object Repo/New Registration - Registration Module Pages/Form 1/SOCSO Office Location' is clicked on

2018-11-22 22:25:21 - [MESSAGE][PASSED] - Object: 'Object Repository/Final Object Repo/New Registration - Registration Module Pages/Form 1/SOCSO Office Location' is clicked on

2018-11-22 22:25:21 - [TEST_STEP][PASSED] - click: Object: 'Object Repository/Final Object Repo/New Registration - Registration Module Pages/Form 1/SOCSO Office Location - Pejabat PERKESO Negeri Johor' is clicked on

2018-11-22 22:25:22 - [MESSAGE][PASSED] - Object: 'Object Repository/Final Object Repo/New Registration - Registration Module Pages/Form 1/SOCSO Office Location - Pejabat PERKESO Negeri Johor' is clicked on

2018-11-22 22:25:22 - [TEST_STEP][PASSED] - delay: Delayed 1 second(s)

2018-11-22 22:25:23 - [MESSAGE][PASSED] - Delayed 1 second(s)

2018-11-22 22:25:23 - [TEST_STEP][PASSED] - check: Object 'Object Repository/Final Object Repo/New Registration - Registration Module Pages/Form 1/Indusrty Address Same As Postal Address' is checked

2018-11-22 22:25:23 - [MESSAGE][PASSED] - Object 'Object Repository/Final Object Repo/New Registration - Registration Module Pages/Form 1/Indusrty Address Same As Postal Address' is checked

2018-11-22 22:25:23 - [TEST_STEP][PASSED] - delay: Delayed 3 second(s)

2018-11-22 22:25:26 - [MESSAGE][PASSED] - Delayed 3 second(s)

2018-11-22 22:25:26 - [TEST_STEP][PASSED] - click: Object: 'Object Repository/Final Object Repo/New Registration - Registration Module Pages/Form 1/Indusry Address Same As Postal Address False' is clicked on

2018-11-22 22:25:26 - [MESSAGE][PASSED] - Object: 'Object Repository/Final Object Repo/New Registration - Registration Module Pages/Form 1/Indusry Address Same As Postal Address False' is clicked on

2018-11-22 22:25:26 - [TEST_STEP][PASSED] - delay: Delayed 1 second(s)

2018-11-22 22:25:27 - [MESSAGE][PASSED] - Delayed 1 second(s)

2018-11-22 22:25:27 - [TEST_STEP][PASSED] - setText: Text 'perkeso1' is set on object 'Object Repository/Final Object Repo/New Registration - Registration Module Pages/Form 1/Industry Address1'

2018-11-22 22:25:27 - [MESSAGE][PASSED] - Text 'perkeso1' is set on object 'Object Repository/Final Object Repo/New Registration - Registration Module Pages/Form 1/Industry Address1'

2018-11-22 22:25:27 - [TEST_STEP][PASSED] - setText: Text 'perkeso2' is set on object 'Object Repository/Final Object Repo/New Registration - Registration Module Pages/Form 1/Industry Address2'

2018-11-22 22:25:28 - [MESSAGE][PASSED] - Text 'perkeso2' is set on object 'Object Repository/Final Object Repo/New Registration - Registration Module Pages/Form 1/Industry Address2'

2018-11-22 22:25:28 - [TEST_STEP][PASSED] - setText: Text 'perkeso3' is set on object 'Object Repository/Final Object Repo/New Registration - Registration Module Pages/Form 1/Industry Address3'

2018-11-22 22:25:28 - [MESSAGE][PASSED] - Text 'perkeso3' is set on object 'Object Repository/Final Object Repo/New Registration - Registration Module Pages/Form 1/Industry Address3'

2018-11-22 22:25:28 - [TEST_STEP][PASSED] - click: Object: 'Object Repository/Final Object Repo/New Registration - Registration Module Pages/Form 1/Industry State' is clicked on

2018-11-22 22:25:28 - [MESSAGE][PASSED] - Object: 'Object Repository/Final Object Repo/New Registration - Registration Module Pages/Form 1/Industry State' is clicked on

2018-11-22 22:25:28 - [TEST_STEP][PASSED] - delay: Delayed 2 second(s)

2018-11-22 22:25:30 - [MESSAGE][PASSED] - Delayed 2 second(s)

2018-11-22 22:25:30 - [TEST_STEP][PASSED] - click: Object: 'Object Repository/Final Object Repo/New Registration - Registration Module Pages/Form 1/Industry State - Johor' is clicked on

2018-11-22 22:25:30 - [MESSAGE][PASSED] - Object: 'Object Repository/Final Object Repo/New Registration - Registration Module Pages/Form 1/Industry State - Johor' is clicked on

2018-11-22 22:25:30 - [TEST_STEP][PASSED] - delay: Delayed 2 second(s)

2018-11-22 22:25:32 - [MESSAGE][PASSED] - Delayed 2 second(s)

2018-11-22 22:25:32 - [TEST_STEP][PASSED] - click: Object: 'Object Repository/Final Object Repo/New Registration - Registration Module Pages/Form 1/Industry Ciry' is clicked on

2018-11-22 22:25:32 - [MESSAGE][PASSED] - Object: 'Object Repository/Final Object Repo/New Registration - Registration Module Pages/Form 1/Industry Ciry' is clicked on

2018-11-22 22:25:32 - [TEST_STEP][PASSED] - setText: Text 'joh' is set on object 'Object Repository/Final Object Repo/New Registration - Registration Module Pages/Form 1/Industry Ciry - joh'

2018-11-22 22:25:33 - [MESSAGE][PASSED] - Text 'joh' is set on object 'Object Repository/Final Object Repo/New Registration - Registration Module Pages/Form 1/Industry Ciry - joh'

2018-11-22 22:25:33 - [TEST_STEP][PASSED] - delay: Delayed 2 second(s)

2018-11-22 22:25:35 - [MESSAGE][PASSED] - Delayed 2 second(s)

2018-11-22 22:25:35 - [TEST_STEP][PASSED] - click: Object: 'Object Repository/Final Object Repo/New Registration - Registration Module Pages/Form 1/Industy State - Johor Bharu' is clicked on

2018-11-22 22:25:35 - [MESSAGE][PASSED] - Object: 'Object Repository/Final Object Repo/New Registration - Registration Module Pages/Form 1/Industy State - Johor Bharu' is clicked on

2018-11-22 22:25:35 - [TEST_STEP][PASSED] - delay: Delayed 1 second(s)

2018-11-22 22:25:36 - [MESSAGE][PASSED] - Delayed 1 second(s)

2018-11-22 22:25:36 - [TEST_STEP][PASSED] - click: Object: 'Object Repository/Final Object Repo/New Registration - Registration Module Pages/Form 1/Indusry PostCode' is clicked on

2018-11-22 22:25:36 - [MESSAGE][PASSED] - Object: 'Object Repository/Final Object Repo/New Registration - Registration Module Pages/Form 1/Indusry PostCode' is clicked on

2018-11-22 22:25:36 - [TEST_STEP][PASSED] - delay: Delayed 1 second(s)

2018-11-22 22:25:37 - [MESSAGE][PASSED] - Delayed 1 second(s)

2018-11-22 22:25:37 - [TEST_STEP][PASSED] - setText: Text '810' is set on object 'Object Repository/Final Object Repo/New Registration - Registration Module Pages/Form 1/Insutry Post Code - 810'

2018-11-22 22:25:37 - [MESSAGE][PASSED] - Text '810' is set on object 'Object Repository/Final Object Repo/New Registration - Registration Module Pages/Form 1/Insutry Post Code - 810'

2018-11-22 22:25:37 - [TEST_STEP][PASSED] - delay: Delayed 1 second(s)

2018-11-22 22:25:38 - [MESSAGE][PASSED] - Delayed 1 second(s)

2018-11-22 22:25:38 - [TEST_STEP][PASSED] - click: Object: 'Object Repository/Final Object Repo/New Registration - Registration Module Pages/Form 1/Insutry Post Code - 81000' is clicked on

2018-11-22 22:25:38 - [MESSAGE][PASSED] - Object: 'Object Repository/Final Object Repo/New Registration - Registration Module Pages/Form 1/Insutry Post Code - 81000' is clicked on

2018-11-22 22:25:38 - [TEST_STEP][PASSED] - delay: Delayed 1 second(s)

2018-11-22 22:25:39 - [MESSAGE][PASSED] - Delayed 1 second(s)

2018-11-22 22:25:39 - [TEST_STEP][PASSED] - setText: Text '100' is set on object 'Object Repository/Final Object Repo/New Registration - Registration Module Pages/Form 1/Industry P.O.BOX'

2018-11-22 22:25:40 - [MESSAGE][PASSED] - Text '100' is set on object 'Object Repository/Final Object Repo/New Registration - Registration Module Pages/Form 1/Industry P.O.BOX'

2018-11-22 22:25:40 - [TEST_STEP][PASSED] - setText: Text '100' is set on object 'Object Repository/Final Object Repo/New Registration - Registration Module Pages/Form 1/Industry Locked Bag No'

2018-11-22 22:25:40 - [MESSAGE][PASSED] - Text '100' is set on object 'Object Repository/Final Object Repo/New Registration - Registration Module Pages/Form 1/Industry Locked Bag No'

2018-11-22 22:25:40 - [TEST_STEP][PASSED] - setText: Text '123456789' is set on object 'Object Repository/Final Object Repo/New Registration - Registration Module Pages/Form 1/Telephone No'

2018-11-22 22:25:40 - [MESSAGE][PASSED] - Text '123456789' is set on object 'Object Repository/Final Object Repo/New Registration - Registration Module Pages/Form 1/Telephone No'

2018-11-22 22:25:40 - [TEST_STEP][PASSED] - setText: Text '123456789' is set on object 'Object Repository/Final Object Repo/New Registration - Registration Module Pages/Form 1/Mobile No'

2018-11-22 22:25:41 - [MESSAGE][PASSED] - Text '123456789' is set on object 'Object Repository/Final Object Repo/New Registration - Registration Module Pages/Form 1/Mobile No'

2018-11-22 22:25:41 - [TEST_STEP][PASSED] - setText: Text '123456789' is set on object 'Object Repository/Final Object Repo/New Registration - Registration Module Pages/Form 1/Fax No'

2018-11-22 22:25:41 - [MESSAGE][PASSED] - Text '123456789' is set on object 'Object Repository/Final Object Repo/New Registration - Registration Module Pages/Form 1/Fax No'

2018-11-22 22:25:41 - [TEST_STEP][PASSED] - click: Object: 'Object Repository/Final Object Repo/New Registration - Registration Module Pages/Form 1/Industry Code' is clicked on

2018-11-22 22:25:41 - [MESSAGE][PASSED] - Object: 'Object Repository/Final Object Repo/New Registration - Registration Module Pages/Form 1/Industry Code' is clicked on

2018-11-22 22:25:41 - [TEST_STEP][PASSED] - click: Object: 'Object Repository/Final Object Repo/New Registration - Registration Module Pages/Form 1/Indudustry Code - Crops and Animal' is clicked on

2018-11-22 22:25:42 - [MESSAGE][PASSED] - Object: 'Object Repository/Final Object Repo/New Registration - Registration Module Pages/Form 1/Indudustry Code - Crops and Animal' is clicked on

2018-11-22 22:25:42 - [TEST_STEP][PASSED] - delay: Delayed 1 second(s)

2018-11-22 22:25:43 - [MESSAGE][PASSED] - Delayed 1 second(s)

2018-11-22 22:25:43 - [TEST_STEP][PASSED] - click: Object: 'Object Repository/Final Object Repo/New Registration - Registration Module Pages/Form 1/Sub Industry Code List' is clicked on

2018-11-22 22:25:43 - [MESSAGE][PASSED] - Object: 'Object Repository/Final Object Repo/New Registration - Registration Module Pages/Form 1/Sub Industry Code List' is clicked on

2018-11-22 22:25:43 - [TEST_STEP][PASSED] - click: Object: 'Object Repository/Final Object Repo/New Registration - Registration Module Pages/Form 1/Sub Industry Code List - Growing of Maize' is clicked on

2018-11-22 22:25:43 - [MESSAGE][PASSED] - Object: 'Object Repository/Final Object Repo/New Registration - Registration Module Pages/Form 1/Sub Industry Code List - Growing of Maize' is clicked on

2018-11-22 22:25:43 - [TEST_STEP][PASSED] - setText: Text 'perkeso123@gmail.com' is set on object 'Object Repository/Final Object Repo/New Registration - Registration Module Pages/Form 1/Email'

2018-11-22 22:25:44 - [MESSAGE][PASSED] - Text 'perkeso123@gmail.com' is set on object 'Object Repository/Final Object Repo/New Registration - Registration Module Pages/Form 1/Email'

2018-11-22 22:25:44 - [TEST_STEP][PASSED] - click: Object: 'Object Repository/Final Object Repo/New Registration - Registration Module Pages/Form 1/Method of Contribution Payment' is clicked on

2018-11-22 22:25:44 - [MESSAGE][PASSED] - Object: 'Object Repository/Final Object Repo/New Registration - Registration Module Pages/Form 1/Method of Contribution Payment' is clicked on

2018-11-22 22:25:44 - [TEST_STEP][PASSED] - click: Object: 'Object Repository/Final Object Repo/New Registration - Registration Module Pages/Form 1/Method of Contribution Payment - Portal' is clicked on

2018-11-22 22:25:44 - [MESSAGE][PASSED] - Object: 'Object Repository/Final Object Repo/New Registration - Registration Module Pages/Form 1/Method of Contribution Payment - Portal' is clicked on

2018-11-22 22:25:44 - [TEST_STEP][PASSED] - click: Object: 'Object Repository/Final Object Repo/New Registration - Registration Module Pages/Form 1/Servide Type' is clicked on

2018-11-22 22:25:44 - [MESSAGE][PASSED] - Object: 'Object Repository/Final Object Repo/New Registration - Registration Module Pages/Form 1/Servide Type' is clicked on

2018-11-22 22:25:44 - [TEST_STEP][PASSED] - click: Object: 'Object Repository/Final Object Repo/New Registration - Registration Module Pages/Form 1/Servide Type - Professional Bodies' is clicked on

2018-11-22 22:25:44 - [MESSAGE][PASSED] - Object: 'Object Repository/Final Object Repo/New Registration - Registration Module Pages/Form 1/Servide Type - Professional Bodies' is clicked on

2018-11-22 22:25:44 - [TEST_STEP][PASSED] - click: Object: 'Object Repository/Final Object Repo/New Registration - Registration Module Pages/Form 1/Industry Venue' is clicked on

2018-11-22 22:25:45 - [MESSAGE][PASSED] - Object: 'Object Repository/Final Object Repo/New Registration - Registration Module Pages/Form 1/Industry Venue' is clicked on

2018-11-22 22:25:45 - [TEST_STEP][PASSED] - click: Object: 'Object Repository/Final Object Repo/New Registration - Registration Module Pages/Form 1/Industry Venue -  PPN JOHOR' is clicked on

2018-11-22 22:25:45 - [MESSAGE][PASSED] - Object: 'Object Repository/Final Object Repo/New Registration - Registration Module Pages/Form 1/Industry Venue -  PPN JOHOR' is clicked on

2018-11-22 22:25:45 - [TEST_STEP][PASSED] - click: Object: 'Object Repository/Final Object Repo/New Registration - Registration Module Pages/Form 1/Save  Continue' is clicked on

2018-11-22 22:25:45 - [MESSAGE][PASSED] - Object: 'Object Repository/Final Object Repo/New Registration - Registration Module Pages/Form 1/Save  Continue' is clicked on

2018-11-22 22:25:45 - [MESSAGE][PASSED] - Call Test Case 'Test Cases/Final Aug 2018 - PKS Automation/Registration Module/New Registration/Form 1/Form 1 - Corporation - BHD' successfully

2018-11-22 22:25:45 - [TEST_STEP][PASSED] - callTestCase: Call Test Case 'Test Cases/Final Aug 2018 - PKS Automation/Registration Module/New Registration/Form 2/Add 1 Eligible' successfully

2018-11-22 22:25:45 - [TEST_CASE][PASSED] - Test Cases/Final Aug 2018 - PKS Automation/Registration Module/New Registration/Form 2/Add 1 Eligible: Test Cases/Final Aug 2018 - PKS Automation/Registration Module/New Registration/Form 2/Add 1 Eligible

2018-11-22 22:25:45 - [TEST_STEP][PASSED] - delay: Delayed 2 second(s)

2018-11-22 22:25:47 - [MESSAGE][PASSED] - Delayed 2 second(s)

2018-11-22 22:25:47 - [TEST_STEP][PASSED] - callTestCase: Call Test Case 'Test Cases/Final Aug 2018 - PKS Automation/Registration Module/New Registration/Form 2/Date Updater' successfully

2018-11-22 22:25:47 - [TEST_CASE][PASSED] - Test Cases/Final Aug 2018 - PKS Automation/Registration Module/New Registration/Form 2/Date Updater: Test Cases/Final Aug 2018 - PKS Automation/Registration Module/New Registration/Form 2/Date Updater

2018-11-22 22:25:47 - [TEST_STEP][PASSED] - Statement - TodayDate = new java.util.Date(): null

2018-11-22 22:25:47 - [TEST_STEP][PASSED] - Statement - CurrentDateNoFilter = new java.text.SimpleDateFormat(): null

2018-11-22 22:25:47 - [TEST_STEP][PASSED] - Statement - CurrentDateNoFilter.applyPattern("dd"): null

2018-11-22 22:25:47 - [TEST_STEP][PASSED] - Statement - CurrentDate = CurrentDateNoFilter.format(TodayDate): null

2018-11-22 22:25:47 - [TEST_STEP][PASSED] - Statement - CurrentDate = java.lang.Integer.parseInt(CurrentDate): null

2018-11-22 22:25:47 - [TEST_STEP][PASSED] - Statement - CurrentDate = CurrentDate: null

2018-11-22 22:25:47 - [TEST_STEP][PASSED] - Statement - CurrentDay = java.lang.Integer.parseInt(CurrentDate): null

2018-11-22 22:25:47 - [TEST_STEP][PASSED] - Statement - aDayBefore = CurrentDay + 1: null

2018-11-22 22:25:47 - [TEST_STEP][PASSED] - Statement - DayBefore = aDayBefore.toString(): null

2018-11-22 22:25:47 - [TEST_STEP][PASSED] - Statement - OneDayBefore = DayBefore: null

2018-11-22 22:25:47 - [TEST_STEP][PASSED] - Statement - CurrentDateNoFilter.applyPattern("MM"): null

2018-11-22 22:25:47 - [TEST_STEP][PASSED] - Statement - monthContainerMatcher = java.lang.Integer.parseInt(CurrentDateNoFilter.format(TodayDate)): null

2018-11-22 22:25:47 - [TEST_STEP][PASSED] - Statement - monthContainerMatcher = monthContainerMatcher - 1: null

2018-11-22 22:25:47 - [TEST_STEP][PASSED] - Statement - CurrentMonth = monthContainerMatcher.toString(): null

2018-11-22 22:25:47 - [TEST_STEP][PASSED] - Statement - CurrentMonth = CurrentMonth: null

2018-11-22 22:25:47 - [TEST_STEP][PASSED] - Statement - CurrentDateNoFilter.applyPattern("yyyy"): null

2018-11-22 22:25:47 - [TEST_STEP][PASSED] - Statement - CurrentYear = CurrentDateNoFilter.format(TodayDate): null

2018-11-22 22:25:47 - [TEST_STEP][PASSED] - Statement - CurrentYear = CurrentYear: null

2018-11-22 22:25:47 - [TEST_STEP][PASSED] - Statement - intCurrentYear = java.lang.Integer.parseInt(CurrentDateNoFilter.format(TodayDate)): null

2018-11-22 22:25:47 - [TEST_STEP][PASSED] - Statement - eighteenYrsAgo = intCurrentYear - 18: null

2018-11-22 22:25:47 - [TEST_STEP][PASSED] - Statement - eighteenYrsBeforeThisYr = eighteenYrsAgo.toString(): null

2018-11-22 22:25:47 - [TEST_STEP][PASSED] - Statement - EighteenYrsBefore = eighteenYrsBeforeThisYr: null

2018-11-22 22:25:47 - [TEST_STEP][PASSED] - Statement - fiftysevenYrsAgo = intCurrentYear - 57: null

2018-11-22 22:25:47 - [TEST_STEP][PASSED] - Statement - fiftysevenYrsBeforeThisYr = fiftysevenYrsAgo.toString(): null

2018-11-22 22:25:47 - [TEST_STEP][PASSED] - Statement - FiftysevenYrsBefore = fiftysevenYrsBeforeThisYr: null

2018-11-22 22:25:47 - [MESSAGE][PASSED] - Call Test Case 'Test Cases/Final Aug 2018 - PKS Automation/Registration Module/New Registration/Form 2/Date Updater' successfully

2018-11-22 22:25:47 - [TEST_STEP][PASSED] - delay: Delayed 1 second(s)

2018-11-22 22:25:48 - [MESSAGE][PASSED] - Delayed 1 second(s)

2018-11-22 22:25:48 - [TEST_STEP][PASSED] - Statement - CaseReferenceNo = com.kms.katalon.core.webui.keyword.WebUiBuiltInKeywords.getText(com.kms.katalon.core.testobject.ObjectRepository.findTestObject(Final Object Repo/New Registration - Registration Module Pages/Form 2/RefNo Acquiring)): Text of object 'Object Repository/Final Object Repo/New Registration - Registration Module Pages/Form 2/RefNo Acquiring' is: 'CRN11201800122703'

2018-11-22 22:25:48 - [MESSAGE][PASSED] - Text of object 'Object Repository/Final Object Repo/New Registration - Registration Module Pages/Form 2/RefNo Acquiring' is: 'CRN11201800122703'

2018-11-22 22:25:48 - [TEST_STEP][PASSED] - delay: Delayed 1 second(s)

2018-11-22 22:25:49 - [MESSAGE][PASSED] - Delayed 1 second(s)

2018-11-22 22:25:49 - [TEST_STEP][PASSED] - click: Object: 'Object Repository/Final Object Repo/New Registration - Registration Module Pages/Form 2/Add Employee Button' is clicked on

2018-11-22 22:25:49 - [MESSAGE][PASSED] - Object: 'Object Repository/Final Object Repo/New Registration - Registration Module Pages/Form 2/Add Employee Button' is clicked on

2018-11-22 22:25:49 - [TEST_STEP][PASSED] - delay: Delayed 1 second(s)

2018-11-22 22:25:50 - [MESSAGE][PASSED] - Delayed 1 second(s)

2018-11-22 22:25:50 - [TEST_STEP][PASSED] - setText: Text '010903091963' is set on object 'Object Repository/Final Object Repo/New Registration - Registration Module Pages/Form 2/NRIC Input'

2018-11-22 22:25:51 - [MESSAGE][PASSED] - Text '010903091963' is set on object 'Object Repository/Final Object Repo/New Registration - Registration Module Pages/Form 2/NRIC Input'

2018-11-22 22:25:51 - [TEST_STEP][PASSED] - click: Object: 'Object Repository/Final Object Repo/New Registration - Registration Module Pages/Form 2/button for search for IC' is clicked on

2018-11-22 22:25:51 - [MESSAGE][PASSED] - Object: 'Object Repository/Final Object Repo/New Registration - Registration Module Pages/Form 2/button for search for IC' is clicked on

2018-11-22 22:25:51 - [TEST_STEP][PASSED] - delay: Delayed 2 second(s)

2018-11-22 22:25:53 - [MESSAGE][PASSED] - Delayed 2 second(s)

2018-11-22 22:25:53 - [TEST_STEP][PASSED] - setText: Text 'Automate001 eligible 1' is set on object 'Object Repository/Final Object Repo/New Registration - Registration Module Pages/Form 2/Employee Name Input'

2018-11-22 22:25:53 - [MESSAGE][PASSED] - Text 'Automate001 eligible 1' is set on object 'Object Repository/Final Object Repo/New Registration - Registration Module Pages/Form 2/Employee Name Input'

2018-11-22 22:25:53 - [TEST_STEP][PASSED] - delay: Delayed 2 second(s)

2018-11-22 22:25:55 - [MESSAGE][PASSED] - Delayed 2 second(s)

2018-11-22 22:25:55 - [TEST_STEP][PASSED] - click: Object: 'Object Repository/Final Object Repo/New Registration - Registration Module Pages/Form 2/DatePicker Pop Up' is clicked on

2018-11-22 22:25:56 - [MESSAGE][PASSED] - Object: 'Object Repository/Final Object Repo/New Registration - Registration Module Pages/Form 2/DatePicker Pop Up' is clicked on

2018-11-22 22:25:56 - [TEST_STEP][PASSED] - click: Object: 'Object Repository/Final Object Repo/New Registration - Registration Module Pages/Form 2/DOB Month' is clicked on

2018-11-22 22:25:56 - [MESSAGE][PASSED] - Object: 'Object Repository/Final Object Repo/New Registration - Registration Module Pages/Form 2/DOB Month' is clicked on

2018-11-22 22:25:56 - [TEST_STEP][PASSED] - Statement - CurrentMonth = CurrentMonth: null

2018-11-22 22:25:56 - [TEST_STEP][PASSED] - Statement - selectMonth = new com.kms.katalon.core.testobject.TestObject(): null

2018-11-22 22:25:56 - [TEST_STEP][PASSED] - Statement - selectMonth.addProperty("xpath", EQUALS, "//body/div/div/div/select/option[@value='" + CurrentMonth + "']", true): null

2018-11-22 22:25:56 - [TEST_STEP][PASSED] - click: Object: '' is clicked on

2018-11-22 22:25:56 - [MESSAGE][PASSED] - Object: '' is clicked on

2018-11-22 22:25:56 - [TEST_STEP][PASSED] - click: Object: 'Object Repository/Final Object Repo/New Registration - Registration Module Pages/Form 2/DOB Year' is clicked on

2018-11-22 22:25:56 - [MESSAGE][PASSED] - Object: 'Object Repository/Final Object Repo/New Registration - Registration Module Pages/Form 2/DOB Year' is clicked on

2018-11-22 22:25:56 - [TEST_STEP][PASSED] - Statement - Eyearsbf = EighteenYrsBefore: null

2018-11-22 22:25:56 - [TEST_STEP][PASSED] - Statement - selectYear = new com.kms.katalon.core.testobject.TestObject(): null

2018-11-22 22:25:56 - [TEST_STEP][PASSED] - Statement - selectYear.addProperty("xpath", EQUALS, "//div/div/div/select/option[@value='" + Eyearsbf + "']", true): null

2018-11-22 22:25:56 - [TEST_STEP][PASSED] - click: Object: '' is clicked on

2018-11-22 22:25:56 - [MESSAGE][PASSED] - Object: '' is clicked on

2018-11-22 22:25:56 - [TEST_STEP][PASSED] - Statement - UpdatedSelectDate = com.kms.katalon.core.webui.keyword.WebUiBuiltInKeywords.modifyObjectProperty(com.kms.katalon.core.testobject.ObjectRepository.findTestObject(Final Object Repo/New Registration - Registration Module Pages/Form 2/DOB Date), "xpath", "equals", "//body/div/table/tbody/tr/td/a[text()="" + CurrentDate + ""]", true): Modify property of object successfully

2018-11-22 22:25:56 - [MESSAGE][PASSED] - Modify property of object successfully

2018-11-22 22:25:56 - [TEST_STEP][PASSED] - delay: Delayed 3 second(s)

2018-11-22 22:25:59 - [MESSAGE][PASSED] - Delayed 3 second(s)

2018-11-22 22:25:59 - [TEST_STEP][PASSED] - click: Object: 'Object Repository/Final Object Repo/New Registration - Registration Module Pages/Form 2/DOB Date' is clicked on

2018-11-22 22:25:59 - [MESSAGE][PASSED] - Object: 'Object Repository/Final Object Repo/New Registration - Registration Module Pages/Form 2/DOB Date' is clicked on

2018-11-22 22:25:59 - [TEST_STEP][PASSED] - delay: Delayed 2 second(s)

2018-11-22 22:26:01 - [MESSAGE][PASSED] - Delayed 2 second(s)

2018-11-22 22:26:01 - [TEST_STEP][PASSED] - click: Object: 'Object Repository/Final Object Repo/New Registration - Registration Module Pages/Form 2/EmploymentStartDate Pop Up' is clicked on

2018-11-22 22:26:02 - [MESSAGE][PASSED] - Object: 'Object Repository/Final Object Repo/New Registration - Registration Module Pages/Form 2/EmploymentStartDate Pop Up' is clicked on

2018-11-22 22:26:02 - [TEST_STEP][PASSED] - delay: Delayed 2 second(s)

2018-11-22 22:26:04 - [MESSAGE][PASSED] - Delayed 2 second(s)

2018-11-22 22:26:04 - [TEST_STEP][PASSED] - click: Object: 'Object Repository/Final Object Repo/New Registration - Registration Module Pages/Form 2/Socso Employment StartDate Month' is clicked on

2018-11-22 22:26:04 - [MESSAGE][PASSED] - Object: 'Object Repository/Final Object Repo/New Registration - Registration Module Pages/Form 2/Socso Employment StartDate Month' is clicked on

2018-11-22 22:26:04 - [TEST_STEP][PASSED] - delay: Delayed 1 second(s)

2018-11-22 22:26:05 - [MESSAGE][PASSED] - Delayed 1 second(s)

2018-11-22 22:26:05 - [TEST_STEP][PASSED] - click: Object: 'Object Repository/Final Object Repo/New Registration - Registration Module Pages/Form 2/Select Socso Employement Startdate Month' is clicked on

2018-11-22 22:26:05 - [MESSAGE][PASSED] - Object: 'Object Repository/Final Object Repo/New Registration - Registration Module Pages/Form 2/Select Socso Employement Startdate Month' is clicked on

2018-11-22 22:26:05 - [TEST_STEP][PASSED] - delay: Delayed 2 second(s)

2018-11-22 22:26:07 - [MESSAGE][PASSED] - Delayed 2 second(s)

2018-11-22 22:26:07 - [TEST_STEP][PASSED] - click: Object: 'Object Repository/Final Object Repo/New Registration - Registration Module Pages/Form 2/Socso Employment StartDate Year' is clicked on

2018-11-22 22:26:07 - [MESSAGE][PASSED] - Object: 'Object Repository/Final Object Repo/New Registration - Registration Module Pages/Form 2/Socso Employment StartDate Year' is clicked on

2018-11-22 22:26:07 - [TEST_STEP][PASSED] - delay: Delayed 1 second(s)

2018-11-22 22:26:08 - [MESSAGE][PASSED] - Delayed 1 second(s)

2018-11-22 22:26:08 - [TEST_STEP][PASSED] - click: Object: 'Object Repository/Final Object Repo/New Registration - Registration Module Pages/Form 2/Select Socso Employment Startdate Year' is clicked on

2018-11-22 22:26:08 - [MESSAGE][PASSED] - Object: 'Object Repository/Final Object Repo/New Registration - Registration Module Pages/Form 2/Select Socso Employment Startdate Year' is clicked on

2018-11-22 22:26:08 - [TEST_STEP][PASSED] - delay: Delayed 2 second(s)

2018-11-22 22:26:10 - [MESSAGE][PASSED] - Delayed 2 second(s)

2018-11-22 22:26:10 - [TEST_STEP][PASSED] - click: Object: 'Object Repository/Final Object Repo/New Registration - Registration Module Pages/Form 2/Socso Employment Start Date Day' is clicked on

2018-11-22 22:26:10 - [MESSAGE][PASSED] - Object: 'Object Repository/Final Object Repo/New Registration - Registration Module Pages/Form 2/Socso Employment Start Date Day' is clicked on

2018-11-22 22:26:10 - [TEST_STEP][PASSED] - delay: Delayed 2 second(s)

2018-11-22 22:26:12 - [MESSAGE][PASSED] - Delayed 2 second(s)

2018-11-22 22:26:12 - [TEST_STEP][PASSED] - click: Object: 'Object Repository/Final Object Repo/New Registration - Registration Module Pages/Form 2/Save Button for Add Employee' is clicked on

2018-11-22 22:26:13 - [MESSAGE][PASSED] - Object: 'Object Repository/Final Object Repo/New Registration - Registration Module Pages/Form 2/Save Button for Add Employee' is clicked on

2018-11-22 22:26:13 - [TEST_STEP][PASSED] - delay: Delayed 6 second(s)

2018-11-22 22:26:19 - [MESSAGE][PASSED] - Delayed 6 second(s)

2018-11-22 22:26:19 - [TEST_STEP][PASSED] - click: Object: 'Object Repository/Final Object Repo/New Registration - Registration Module Pages/Form 2/Save and Continue Form 2' is clicked on

2018-11-22 22:26:19 - [MESSAGE][PASSED] - Object: 'Object Repository/Final Object Repo/New Registration - Registration Module Pages/Form 2/Save and Continue Form 2' is clicked on

2018-11-22 22:26:19 - [MESSAGE][PASSED] - Call Test Case 'Test Cases/Final Aug 2018 - PKS Automation/Registration Module/New Registration/Form 2/Add 1 Eligible' successfully

2018-11-22 22:26:19 - [TEST_STEP][PASSED] - callTestCase: Call Test Case 'Test Cases/Final Aug 2018 - PKS Automation/Registration Module/New Registration/Flow of New Registration/Third Screen - Upload Supporting Doc - Preview' successfully

2018-11-22 22:26:19 - [TEST_CASE][PASSED] - Test Cases/Final Aug 2018 - PKS Automation/Registration Module/New Registration/Flow of New Registration/Third Screen - Upload Supporting Doc - Preview: Test Cases/Final Aug 2018 - PKS Automation/Registration Module/New Registration/Flow of New Registration/Third Screen - Upload Supporting Doc - Preview

2018-11-22 22:26:19 - [TEST_STEP][PASSED] - waitForPageLoad: Wait for page load successfully

2018-11-22 22:26:20 - [MESSAGE][PASSED] - Wait for page load successfully

2018-11-22 22:26:20 - [TEST_STEP][PASSED] - Statement - CaseReferenceNo = com.kms.katalon.core.webui.keyword.WebUiBuiltInKeywords.getText(com.kms.katalon.core.testobject.ObjectRepository.findTestObject(Final Object Repo/New Registration - Registration Module Pages/Third Screen - Upload Supporting Doc- Preview/RefNo Acquiring)): Text of object 'Object Repository/Final Object Repo/New Registration - Registration Module Pages/Third Screen - Upload Supporting Doc- Preview/RefNo Acquiring' is: 'CRN11201800122703'

2018-11-22 22:26:20 - [MESSAGE][PASSED] - Text of object 'Object Repository/Final Object Repo/New Registration - Registration Module Pages/Third Screen - Upload Supporting Doc- Preview/RefNo Acquiring' is: 'CRN11201800122703'

2018-11-22 22:26:20 - [TEST_STEP][PASSED] - delay: Delayed 2 second(s)

2018-11-22 22:26:22 - [MESSAGE][PASSED] - Delayed 2 second(s)

2018-11-22 22:26:22 - [TEST_STEP][PASSED] - callTestCase: Call Test Case 'Test Cases/Final Aug 2018 - PKS Automation/Common/Reference Number Setter' successfully

2018-11-22 22:26:22 - [TEST_CASE][PASSED] - Test Cases/Final Aug 2018 - PKS Automation/Common/Reference Number Setter: Test Cases/Final Aug 2018 - PKS Automation/Common/Reference Number Setter

2018-11-22 22:26:22 - [TEST_STEP][PASSED] - Statement - RefNoOldFile = new java.io.File(C://Users//Admin//Desktop//PKS//Automation Reference Point//KatalonReference.txt): null

2018-11-22 22:26:22 - [TEST_STEP][PASSED] - Statement - RefNoOldFile.delete(): null

2018-11-22 22:26:22 - [TEST_STEP][PASSED] - delay: Delayed 5 second(s)

2018-11-22 22:26:27 - [MESSAGE][PASSED] - Delayed 5 second(s)

2018-11-22 22:26:27 - [TEST_STEP][PASSED] - Statement - RefNo = new java.io.File(C://Users//Admin//Desktop//PKS//Automation Reference Point//KatalonReference.txt): null

2018-11-22 22:26:27 - [TEST_STEP][PASSED] - Statement - f2 = new java.io.FileWriter(RefNo, false): null

2018-11-22 22:26:27 - [TEST_STEP][PASSED] - Statement - f2.write(CaseReferenceNo): null

2018-11-22 22:26:27 - [TEST_STEP][PASSED] - Statement - f2.close(): null

2018-11-22 22:26:27 - [TEST_STEP][PASSED] - Statement - out.println("


" + CaseReferenceNo + "


"): null

2018-11-22 22:26:27 - [MESSAGE][PASSED] - Call Test Case 'Test Cases/Final Aug 2018 - PKS Automation/Common/Reference Number Setter' successfully

2018-11-22 22:26:27 - [TEST_STEP][PASSED] - waitForElementClickable: Object 'Object Repository/Final Object Repo/New Registration - Registration Module Pages/Third Screen - Upload Supporting Doc- Preview/Save n Continue in SIP Employee Listing Page' is clickable

2018-11-22 22:26:27 - [MESSAGE][PASSED] - Object 'Object Repository/Final Object Repo/New Registration - Registration Module Pages/Third Screen - Upload Supporting Doc- Preview/Save n Continue in SIP Employee Listing Page' is clickable

2018-11-22 22:26:27 - [TEST_STEP][PASSED] - click: Object: 'Object Repository/Final Object Repo/New Registration - Registration Module Pages/Third Screen - Upload Supporting Doc- Preview/Save n Continue in SIP Employee Listing Page' is clicked on

2018-11-22 22:26:32 - [MESSAGE][PASSED] - Object: 'Object Repository/Final Object Repo/New Registration - Registration Module Pages/Third Screen - Upload Supporting Doc- Preview/Save n Continue in SIP Employee Listing Page' is clicked on

2018-11-22 22:26:32 - [TEST_STEP][PASSED] - delay: Delayed 7 second(s)

2018-11-22 22:26:39 - [MESSAGE][PASSED] - Delayed 7 second(s)

2018-11-22 22:26:39 - [TEST_STEP][PASSED] - click: Object: 'Object Repository/Final Object Repo/New Registration - Registration Module Pages/Third Screen - Upload Supporting Doc- Preview/Add Document Button' is clicked on

2018-11-22 22:26:39 - [MESSAGE][PASSED] - Object: 'Object Repository/Final Object Repo/New Registration - Registration Module Pages/Third Screen - Upload Supporting Doc- Preview/Add Document Button' is clicked on

2018-11-22 22:26:39 - [TEST_STEP][PASSED] - delay: Delayed 30 second(s)

2018-11-22 22:27:09 - [MESSAGE][PASSED] - Delayed 30 second(s)

2018-11-22 22:27:09 - [TEST_STEP][PASSED] - click: Object: 'Object Repository/Final Object Repo/New Registration - Registration Module Pages/Third Screen - Upload Supporting Doc- Preview/Supporting Doc Please Select Drop Down' is clicked on

2018-11-22 22:27:10 - [MESSAGE][PASSED] - Object: 'Object Repository/Final Object Repo/New Registration - Registration Module Pages/Third Screen - Upload Supporting Doc- Preview/Supporting Doc Please Select Drop Down' is clicked on

2018-11-22 22:27:10 - [TEST_STEP][PASSED] - delay: Delayed 2 second(s)

2018-11-22 22:27:12 - [MESSAGE][PASSED] - Delayed 2 second(s)

2018-11-22 22:27:12 - [TEST_STEP][PASSED] - click: Object: 'Object Repository/Final Object Repo/New Registration - Registration Module Pages/Third Screen - Upload Supporting Doc- Preview/Select to Upload Form 1' is clicked on

2018-11-22 22:27:12 - [MESSAGE][PASSED] - Object: 'Object Repository/Final Object Repo/New Registration - Registration Module Pages/Third Screen - Upload Supporting Doc- Preview/Select to Upload Form 1' is clicked on

2018-11-22 22:27:12 - [TEST_STEP][PASSED] - delay: Delayed 2 second(s)

2018-11-22 22:27:14 - [MESSAGE][PASSED] - Delayed 2 second(s)

2018-11-22 22:27:14 - [TEST_STEP][PASSED] - uploadFile: File 'C:\Users\Public\Pictures\Sample Pictures\Koala.jpg' sent to object: 'Object Repository/Final Object Repo/New Registration - Registration Module Pages/Third Screen - Upload Supporting Doc- Preview/Upload File Adding'

2018-11-22 22:27:14 - [MESSAGE][PASSED] - File 'C:\Users\Public\Pictures\Sample Pictures\Koala.jpg' sent to object: 'Object Repository/Final Object Repo/New Registration - Registration Module Pages/Third Screen - Upload Supporting Doc- Preview/Upload File Adding'

2018-11-22 22:27:14 - [TEST_STEP][PASSED] - delay: Delayed 5 second(s)

2018-11-22 22:27:19 - [MESSAGE][PASSED] - Delayed 5 second(s)

2018-11-22 22:27:19 - [TEST_STEP][PASSED] - click: Object: 'Object Repository/Final Object Repo/New Registration - Registration Module Pages/Third Screen - Upload Supporting Doc- Preview/Inner Form Add Document Button' is clicked on

2018-11-22 22:27:19 - [MESSAGE][PASSED] - Object: 'Object Repository/Final Object Repo/New Registration - Registration Module Pages/Third Screen - Upload Supporting Doc- Preview/Inner Form Add Document Button' is clicked on

2018-11-22 22:27:19 - [TEST_STEP][PASSED] - delay: Delayed 3 second(s)

2018-11-22 22:27:22 - [MESSAGE][PASSED] - Delayed 3 second(s)

2018-11-22 22:27:22 - [TEST_STEP][PASSED] - click: Object: 'Object Repository/Final Object Repo/New Registration - Registration Module Pages/Third Screen - Upload Supporting Doc- Preview/Add Document Button' is clicked on

2018-11-22 22:27:24 - [MESSAGE][PASSED] - Object: 'Object Repository/Final Object Repo/New Registration - Registration Module Pages/Third Screen - Upload Supporting Doc- Preview/Add Document Button' is clicked on

2018-11-22 22:27:24 - [TEST_STEP][PASSED] - delay: Delayed 30 second(s)

2018-11-22 22:27:54 - [MESSAGE][PASSED] - Delayed 30 second(s)

2018-11-22 22:27:54 - [TEST_STEP][PASSED] - click: Object: 'Object Repository/Final Object Repo/New Registration - Registration Module Pages/Third Screen - Upload Supporting Doc- Preview/Supporting Doc Please Select Drop Down' is clicked on

2018-11-22 22:27:54 - [MESSAGE][PASSED] - Object: 'Object Repository/Final Object Repo/New Registration - Registration Module Pages/Third Screen - Upload Supporting Doc- Preview/Supporting Doc Please Select Drop Down' is clicked on

2018-11-22 22:27:54 - [TEST_STEP][PASSED] - delay: Delayed 2 second(s)

2018-11-22 22:27:56 - [MESSAGE][PASSED] - Delayed 2 second(s)

2018-11-22 22:27:56 - [TEST_STEP][PASSED] - click: Object: 'Object Repository/Final Object Repo/New Registration - Registration Module Pages/Third Screen - Upload Supporting Doc- Preview/Select to Upload Form 2' is clicked on

2018-11-22 22:27:56 - [MESSAGE][PASSED] - Object: 'Object Repository/Final Object Repo/New Registration - Registration Module Pages/Third Screen - Upload Supporting Doc- Preview/Select to Upload Form 2' is clicked on

2018-11-22 22:27:56 - [TEST_STEP][PASSED] - delay: Delayed 2 second(s)

2018-11-22 22:27:58 - [MESSAGE][PASSED] - Delayed 2 second(s)

2018-11-22 22:27:58 - [TEST_STEP][PASSED] - uploadFile: File 'C:\Users\Public\Pictures\Sample Pictures\Koala.jpg' sent to object: 'Object Repository/Final Object Repo/New Registration - Registration Module Pages/Third Screen - Upload Supporting Doc- Preview/Upload File Adding'

2018-11-22 22:27:58 - [MESSAGE][PASSED] - File 'C:\Users\Public\Pictures\Sample Pictures\Koala.jpg' sent to object: 'Object Repository/Final Object Repo/New Registration - Registration Module Pages/Third Screen - Upload Supporting Doc- Preview/Upload File Adding'

2018-11-22 22:27:58 - [TEST_STEP][PASSED] - click: Object: 'Object Repository/Final Object Repo/New Registration - Registration Module Pages/Third Screen - Upload Supporting Doc- Preview/Inner Form Add Document Button' is clicked on

2018-11-22 22:27:58 - [MESSAGE][PASSED] - Object: 'Object Repository/Final Object Repo/New Registration - Registration Module Pages/Third Screen - Upload Supporting Doc- Preview/Inner Form Add Document Button' is clicked on

2018-11-22 22:27:58 - [TEST_STEP][PASSED] - delay: Delayed 5 second(s)

2018-11-22 22:28:03 - [MESSAGE][PASSED] - Delayed 5 second(s)

2018-11-22 22:28:03 - [TEST_STEP][PASSED] - click: Object: 'Object Repository/Final Object Repo/New Registration - Registration Module Pages/Third Screen - Upload Supporting Doc- Preview/Add Document Button' is clicked on

2018-11-22 22:28:03 - [MESSAGE][PASSED] - Object: 'Object Repository/Final Object Repo/New Registration - Registration Module Pages/Third Screen - Upload Supporting Doc- Preview/Add Document Button' is clicked on

2018-11-22 22:28:03 - [TEST_STEP][PASSED] - delay: Delayed 30 second(s)

2018-11-22 22:28:33 - [MESSAGE][PASSED] - Delayed 30 second(s)

2018-11-22 22:28:33 - [TEST_STEP][PASSED] - click: Object: 'Object Repository/Final Object Repo/New Registration - Registration Module Pages/Third Screen - Upload Supporting Doc- Preview/Supporting Doc Please Select Drop Down' is clicked on

2018-11-22 22:28:34 - [MESSAGE][PASSED] - Object: 'Object Repository/Final Object Repo/New Registration - Registration Module Pages/Third Screen - Upload Supporting Doc- Preview/Supporting Doc Please Select Drop Down' is clicked on

2018-11-22 22:28:34 - [TEST_STEP][PASSED] - click: Object: 'Object Repository/Final Object Repo/New Registration - Registration Module Pages/Third Screen - Upload Supporting Doc- Preview/Select to Upload Borang SIP 1' is clicked on

2018-11-22 22:28:34 - [MESSAGE][PASSED] - Object: 'Object Repository/Final Object Repo/New Registration - Registration Module Pages/Third Screen - Upload Supporting Doc- Preview/Select to Upload Borang SIP 1' is clicked on

2018-11-22 22:28:34 - [TEST_STEP][PASSED] - delay: Delayed 2 second(s)

2018-11-22 22:28:36 - [MESSAGE][PASSED] - Delayed 2 second(s)

2018-11-22 22:28:36 - [TEST_STEP][PASSED] - uploadFile: File 'C:\Users\Public\Pictures\Sample Pictures\Koala.jpg' sent to object: 'Object Repository/Final Object Repo/New Registration - Registration Module Pages/Third Screen - Upload Supporting Doc- Preview/Upload File Adding'

2018-11-22 22:28:36 - [MESSAGE][PASSED] - File 'C:\Users\Public\Pictures\Sample Pictures\Koala.jpg' sent to object: 'Object Repository/Final Object Repo/New Registration - Registration Module Pages/Third Screen - Upload Supporting Doc- Preview/Upload File Adding'

2018-11-22 22:28:36 - [TEST_STEP][PASSED] - click: Object: 'Object Repository/Final Object Repo/New Registration - Registration Module Pages/Third Screen - Upload Supporting Doc- Preview/Inner Form Add Document Button' is clicked on

2018-11-22 22:28:36 - [MESSAGE][PASSED] - Object: 'Object Repository/Final Object Repo/New Registration - Registration Module Pages/Third Screen - Upload Supporting Doc- Preview/Inner Form Add Document Button' is clicked on

2018-11-22 22:28:36 - [TEST_STEP][PASSED] - delay: Delayed 5 second(s)

2018-11-22 22:28:41 - [MESSAGE][PASSED] - Delayed 5 second(s)

2018-11-22 22:28:41 - [TEST_STEP][PASSED] - click: Object: 'Object Repository/Final Object Repo/New Registration - Registration Module Pages/Third Screen - Upload Supporting Doc- Preview/Add Document Button' is clicked on

2018-11-22 22:28:41 - [MESSAGE][PASSED] - Object: 'Object Repository/Final Object Repo/New Registration - Registration Module Pages/Third Screen - Upload Supporting Doc- Preview/Add Document Button' is clicked on

2018-11-22 22:28:41 - [TEST_STEP][PASSED] - delay: Delayed 30 second(s)

2018-11-22 22:29:11 - [MESSAGE][PASSED] - Delayed 30 second(s)

2018-11-22 22:29:11 - [TEST_STEP][PASSED] - click: Object: 'Object Repository/Final Object Repo/New Registration - Registration Module Pages/Third Screen - Upload Supporting Doc- Preview/Supporting Doc Please Select Drop Down' is clicked on

2018-11-22 22:29:11 - [MESSAGE][PASSED] - Object: 'Object Repository/Final Object Repo/New Registration - Registration Module Pages/Third Screen - Upload Supporting Doc- Preview/Supporting Doc Please Select Drop Down' is clicked on

2018-11-22 22:29:11 - [TEST_STEP][PASSED] - delay: Delayed 3 second(s)

2018-11-22 22:29:14 - [MESSAGE][PASSED] - Delayed 3 second(s)

2018-11-22 22:29:14 - [TEST_STEP][PASSED] - click: Object: 'Object Repository/Final Object Repo/New Registration - Registration Module Pages/Third Screen - Upload Supporting Doc- Preview/Select to Upload Borang SIP 2' is clicked on

2018-11-22 22:29:15 - [MESSAGE][PASSED] - Object: 'Object Repository/Final Object Repo/New Registration - Registration Module Pages/Third Screen - Upload Supporting Doc- Preview/Select to Upload Borang SIP 2' is clicked on

2018-11-22 22:29:15 - [TEST_STEP][PASSED] - delay: Delayed 2 second(s)

2018-11-22 22:29:17 - [MESSAGE][PASSED] - Delayed 2 second(s)

2018-11-22 22:29:17 - [TEST_STEP][PASSED] - uploadFile: File 'C:\Users\Public\Pictures\Sample Pictures\Koala.jpg' sent to object: 'Object Repository/Final Object Repo/New Registration - Registration Module Pages/Third Screen - Upload Supporting Doc- Preview/Upload File Adding'

2018-11-22 22:29:17 - [MESSAGE][PASSED] - File 'C:\Users\Public\Pictures\Sample Pictures\Koala.jpg' sent to object: 'Object Repository/Final Object Repo/New Registration - Registration Module Pages/Third Screen - Upload Supporting Doc- Preview/Upload File Adding'

2018-11-22 22:29:17 - [TEST_STEP][PASSED] - delay: Delayed 5 second(s)

2018-11-22 22:29:22 - [MESSAGE][PASSED] - Delayed 5 second(s)

2018-11-22 22:29:22 - [TEST_STEP][PASSED] - click: Object: 'Object Repository/Final Object Repo/New Registration - Registration Module Pages/Third Screen - Upload Supporting Doc- Preview/Inner Form Add Document Button' is clicked on

2018-11-22 22:29:22 - [MESSAGE][PASSED] - Object: 'Object Repository/Final Object Repo/New Registration - Registration Module Pages/Third Screen - Upload Supporting Doc- Preview/Inner Form Add Document Button' is clicked on

2018-11-22 22:29:22 - [TEST_STEP][PASSED] - delay: Delayed 3 second(s)

2018-11-22 22:29:25 - [MESSAGE][PASSED] - Delayed 3 second(s)

2018-11-22 22:29:25 - [TEST_STEP][PASSED] - waitForElementClickable: Object 'Object Repository/Final Object Repo/New Registration - Registration Module Pages/Third Screen - Upload Supporting Doc- Preview/Save n Continue in Uploading Supporting Doc Page' is clickable

2018-11-22 22:29:26 - [MESSAGE][PASSED] - Object 'Object Repository/Final Object Repo/New Registration - Registration Module Pages/Third Screen - Upload Supporting Doc- Preview/Save n Continue in Uploading Supporting Doc Page' is clickable

2018-11-22 22:29:26 - [TEST_STEP][PASSED] - click: Object: 'Object Repository/Final Object Repo/New Registration - Registration Module Pages/Third Screen - Upload Supporting Doc- Preview/Save n Continue in Uploading Supporting Doc Page' is clicked on

2018-11-22 22:29:26 - [MESSAGE][PASSED] - Object: 'Object Repository/Final Object Repo/New Registration - Registration Module Pages/Third Screen - Upload Supporting Doc- Preview/Save n Continue in Uploading Supporting Doc Page' is clicked on

2018-11-22 22:29:26 - [MESSAGE][PASSED] - Call Test Case 'Test Cases/Final Aug 2018 - PKS Automation/Registration Module/New Registration/Flow of New Registration/Third Screen - Upload Supporting Doc - Preview' successfully

2018-11-22 22:29:26 - [TEST_STEP][PASSED] - callTestCase: Call Test Case 'Test Cases/Final Aug 2018 - PKS Automation/Registration Module/New Registration/Submit and Screenshot/Submit Registration and Screenshot - Copy' successfully

2018-11-22 22:29:26 - [TEST_CASE][PASSED] - Test Cases/Final Aug 2018 - PKS Automation/Registration Module/New Registration/Submit and Screenshot/Submit Registration and Screenshot - Copy: Test Cases/Final Aug 2018 - PKS Automation/Registration Module/New Registration/Submit and Screenshot/Submit Registration and Screenshot - Copy

2018-11-22 22:29:26 - [TEST_STEP][PASSED] - delay: Delayed 6 second(s)

2018-11-22 22:29:32 - [MESSAGE][PASSED] - Delayed 6 second(s)

2018-11-22 22:29:32 - [TEST_STEP][PASSED] - click: Object: 'Object Repository/Final Object Repo/New Registration - Registration Module Pages/Third Screen - Upload Supporting Doc- Preview/Preview Submit Button' is clicked on

2018-11-22 22:29:33 - [MESSAGE][PASSED] - Object: 'Object Repository/Final Object Repo/New Registration - Registration Module Pages/Third Screen - Upload Supporting Doc- Preview/Preview Submit Button' is clicked on

2018-11-22 22:29:33 - [TEST_STEP][PASSED] - delay: Delayed 2 second(s)

2018-11-22 22:29:35 - [MESSAGE][PASSED] - Delayed 2 second(s)

2018-11-22 22:29:35 - [TEST_STEP][PASSED] - click: Object: 'Object Repository/Final Object Repo/New Registration - Registration Module Pages/Third Screen - Upload Supporting Doc- Preview/Preview Submit - Confirm' is clicked on

2018-11-22 22:29:35 - [MESSAGE][PASSED] - Object: 'Object Repository/Final Object Repo/New Registration - Registration Module Pages/Third Screen - Upload Supporting Doc- Preview/Preview Submit - Confirm' is clicked on

2018-11-22 22:29:35 - [TEST_STEP][PASSED] - delay: Delayed 15 second(s)

2018-11-22 22:29:50 - [MESSAGE][PASSED] - Delayed 15 second(s)

2018-11-22 22:29:50 - [TEST_STEP][PASSED] - Statement - driver = com.kms.katalon.core.webui.driver.DriverFactory.getWebDriver(): null

2018-11-22 22:29:50 - [TEST_STEP][PASSED] - Statement - driver.manage().timeouts().implicitlyWait(10, SECONDS): null

2018-11-22 22:29:50 - [TEST_STEP][PASSED] - Statement - PresavePath = KatalonScreenshots: null

2018-11-22 22:29:50 - [TEST_STEP][PASSED] - Statement - pathPrefix = "C:\Users\Public\Pictures\Sample Pictures\Katalon Screenshots\Automate Ending Screen": null

2018-11-22 22:29:50 - [TEST_STEP][PASSED] - Statement - finalPath = <not implemented yet for class: org.codehaus.groovy.ast.expr.EmptyExpression>: null

2018-11-22 22:29:50 - [TEST_STEP][PASSED] - Statement - scrFile = driver.getScreenshotAs(FILE): null

2018-11-22 22:29:50 - [TEST_STEP][PASSED] - Statement - PreSaveFile = new java.io.File(PresavePath): null

2018-11-22 22:29:50 - [TEST_STEP][PASSED] - Statement - counter = 0: null

2018-11-22 22:29:50 - [TEST_STEP][PASSED] - Statement - If (PreSaveFile.exists()): null

2018-11-22 22:29:50 - [TEST_STEP][PASSED] - Statement - While (PreSaveFile.exists()): null

2018-11-22 22:29:50 - [TEST_STEP][PASSED] - Statement - counter = counter + 1: null

2018-11-22 22:29:50 - [TEST_STEP][PASSED] - Statement - PreSaveFile = new java.io.File(((pathPrefix + java.lang.Integer.toString(counter)) + .png)): null

2018-11-22 22:29:50 - [TEST_STEP][PASSED] - Statement - counter = counter + 1: null

2018-11-22 22:29:50 - [TEST_STEP][PASSED] - Statement - PreSaveFile = new java.io.File(((pathPrefix + java.lang.Integer.toString(counter)) + .png)): null

2018-11-22 22:29:50 - [TEST_STEP][PASSED] - Statement - counter = counter + 1: null

2018-11-22 22:29:50 - [TEST_STEP][PASSED] - Statement - PreSaveFile = new java.io.File(((pathPrefix + java.lang.Integer.toString(counter)) + .png)): null

2018-11-22 22:29:50 - [TEST_STEP][PASSED] - Statement - counter = counter + 1: null

2018-11-22 22:29:50 - [TEST_STEP][PASSED] - Statement - PreSaveFile = new java.io.File(((pathPrefix + java.lang.Integer.toString(counter)) + .png)): null

2018-11-22 22:29:50 - [TEST_STEP][PASSED] - Statement - counter = counter + 1: null

2018-11-22 22:29:50 - [TEST_STEP][PASSED] - Statement - PreSaveFile = new java.io.File(((pathPrefix + java.lang.Integer.toString(counter)) + .png)): null

2018-11-22 22:29:50 - [TEST_STEP][PASSED] - Statement - counter = counter + 1: null

2018-11-22 22:29:50 - [TEST_STEP][PASSED] - Statement - PreSaveFile = new java.io.File(((pathPrefix + java.lang.Integer.toString(counter)) + .png)): null

2018-11-22 22:29:50 - [TEST_STEP][PASSED] - Statement - counter = counter + 1: null

2018-11-22 22:29:50 - [TEST_STEP][PASSED] - Statement - PreSaveFile = new java.io.File(((pathPrefix + java.lang.Integer.toString(counter)) + .png)): null

2018-11-22 22:29:50 - [TEST_STEP][PASSED] - Statement - counter = counter + 1: null

2018-11-22 22:29:50 - [TEST_STEP][PASSED] - Statement - PreSaveFile = new java.io.File(((pathPrefix + java.lang.Integer.toString(counter)) + .png)): null

2018-11-22 22:29:50 - [TEST_STEP][PASSED] - Statement - counter = counter + 1: null

2018-11-22 22:29:50 - [TEST_STEP][PASSED] - Statement - PreSaveFile = new java.io.File(((pathPrefix + java.lang.Integer.toString(counter)) + .png)): null

2018-11-22 22:29:50 - [TEST_STEP][PASSED] - Statement - counter = counter + 1: null

2018-11-22 22:29:50 - [TEST_STEP][PASSED] - Statement - PreSaveFile = new java.io.File(((pathPrefix + java.lang.Integer.toString(counter)) + .png)): null

2018-11-22 22:29:50 - [TEST_STEP][PASSED] - Statement - counter = counter + 1: null

2018-11-22 22:29:50 - [TEST_STEP][PASSED] - Statement - PreSaveFile = new java.io.File(((pathPrefix + java.lang.Integer.toString(counter)) + .png)): null

2018-11-22 22:29:50 - [TEST_STEP][PASSED] - Statement - counter = counter + 1: null

2018-11-22 22:29:50 - [TEST_STEP][PASSED] - Statement - PreSaveFile = new java.io.File(((pathPrefix + java.lang.Integer.toString(counter)) + .png)): null

2018-11-22 22:29:50 - [TEST_STEP][PASSED] - Statement - counter = counter + 1: null

2018-11-22 22:29:50 - [TEST_STEP][PASSED] - Statement - PreSaveFile = new java.io.File(((pathPrefix + java.lang.Integer.toString(counter)) + .png)): null

2018-11-22 22:29:50 - [TEST_STEP][PASSED] - Statement - counter = counter + 1: null

2018-11-22 22:29:50 - [TEST_STEP][PASSED] - Statement - PreSaveFile = new java.io.File(((pathPrefix + java.lang.Integer.toString(counter)) + .png)): null

2018-11-22 22:29:50 - [TEST_STEP][PASSED] - Statement - counter = counter + 1: null

2018-11-22 22:29:50 - [TEST_STEP][PASSED] - Statement - PreSaveFile = new java.io.File(((pathPrefix + java.lang.Integer.toString(counter)) + .png)): null

2018-11-22 22:29:50 - [TEST_STEP][PASSED] - Statement - counter = counter + 1: null

2018-11-22 22:29:50 - [TEST_STEP][PASSED] - Statement - PreSaveFile = new java.io.File(((pathPrefix + java.lang.Integer.toString(counter)) + .png)): null

2018-11-22 22:29:50 - [TEST_STEP][PASSED] - Statement - counter = counter + 1: null

2018-11-22 22:29:50 - [TEST_STEP][PASSED] - Statement - PreSaveFile = new java.io.File(((pathPrefix + java.lang.Integer.toString(counter)) + .png)): null

2018-11-22 22:29:50 - [TEST_STEP][PASSED] - Statement - counter = counter + 1: null

2018-11-22 22:29:50 - [TEST_STEP][PASSED] - Statement - PreSaveFile = new java.io.File(((pathPrefix + java.lang.Integer.toString(counter)) + .png)): null

2018-11-22 22:29:50 - [TEST_STEP][PASSED] - Statement - counter = counter + 1: null

2018-11-22 22:29:50 - [TEST_STEP][PASSED] - Statement - PreSaveFile = new java.io.File(((pathPrefix + java.lang.Integer.toString(counter)) + .png)): null

2018-11-22 22:29:50 - [TEST_STEP][PASSED] - Statement - counter = counter + 1: null

2018-11-22 22:29:50 - [TEST_STEP][PASSED] - Statement - PreSaveFile = new java.io.File(((pathPrefix + java.lang.Integer.toString(counter)) + .png)): null

2018-11-22 22:29:50 - [TEST_STEP][PASSED] - Statement - counter = counter + 1: null

2018-11-22 22:29:50 - [TEST_STEP][PASSED] - Statement - PreSaveFile = new java.io.File(((pathPrefix + java.lang.Integer.toString(counter)) + .png)): null

2018-11-22 22:29:50 - [TEST_STEP][PASSED] - Statement - counter = counter + 1: null

2018-11-22 22:29:50 - [TEST_STEP][PASSED] - Statement - PreSaveFile = new java.io.File(((pathPrefix + java.lang.Integer.toString(counter)) + .png)): null

2018-11-22 22:29:50 - [TEST_STEP][PASSED] - Statement - counter = counter + 1: null

2018-11-22 22:29:50 - [TEST_STEP][PASSED] - Statement - PreSaveFile = new java.io.File(((pathPrefix + java.lang.Integer.toString(counter)) + .png)): null

2018-11-22 22:29:50 - [TEST_STEP][PASSED] - Statement - counter = counter + 1: null

2018-11-22 22:29:50 - [TEST_STEP][PASSED] - Statement - PreSaveFile = new java.io.File(((pathPrefix + java.lang.Integer.toString(counter)) + .png)): null

2018-11-22 22:29:50 - [TEST_STEP][PASSED] - Statement - counter = counter + 1: null

2018-11-22 22:29:50 - [TEST_STEP][PASSED] - Statement - PreSaveFile = new java.io.File(((pathPrefix + java.lang.Integer.toString(counter)) + .png)): null

2018-11-22 22:29:50 - [TEST_STEP][PASSED] - Statement - counter = counter + 1: null

2018-11-22 22:29:50 - [TEST_STEP][PASSED] - Statement - PreSaveFile = new java.io.File(((pathPrefix + java.lang.Integer.toString(counter)) + .png)): null

2018-11-22 22:29:50 - [TEST_STEP][PASSED] - Statement - counter = counter + 1: null

2018-11-22 22:29:50 - [TEST_STEP][PASSED] - Statement - PreSaveFile = new java.io.File(((pathPrefix + java.lang.Integer.toString(counter)) + .png)): null

2018-11-22 22:29:50 - [TEST_STEP][PASSED] - Statement - counter = counter + 1: null

2018-11-22 22:29:50 - [TEST_STEP][PASSED] - Statement - PreSaveFile = new java.io.File(((pathPrefix + java.lang.Integer.toString(counter)) + .png)): null

2018-11-22 22:29:50 - [TEST_STEP][PASSED] - Statement - counter = counter + 1: null

2018-11-22 22:29:50 - [TEST_STEP][PASSED] - Statement - PreSaveFile = new java.io.File(((pathPrefix + java.lang.Integer.toString(counter)) + .png)): null

2018-11-22 22:29:50 - [TEST_STEP][PASSED] - Statement - counter = counter + 1: null

2018-11-22 22:29:50 - [TEST_STEP][PASSED] - Statement - PreSaveFile = new java.io.File(((pathPrefix + java.lang.Integer.toString(counter)) + .png)): null

2018-11-22 22:29:50 - [TEST_STEP][PASSED] - Statement - counter = counter + 1: null

2018-11-22 22:29:50 - [TEST_STEP][PASSED] - Statement - PreSaveFile = new java.io.File(((pathPrefix + java.lang.Integer.toString(counter)) + .png)): null

2018-11-22 22:29:50 - [TEST_STEP][PASSED] - Statement - counter = counter + 1: null

2018-11-22 22:29:50 - [TEST_STEP][PASSED] - Statement - PreSaveFile = new java.io.File(((pathPrefix + java.lang.Integer.toString(counter)) + .png)): null

2018-11-22 22:29:50 - [TEST_STEP][PASSED] - Statement - counter = counter + 1: null

2018-11-22 22:29:50 - [TEST_STEP][PASSED] - Statement - PreSaveFile = new java.io.File(((pathPrefix + java.lang.Integer.toString(counter)) + .png)): null

2018-11-22 22:29:50 - [TEST_STEP][PASSED] - Statement - counter = counter + 1: null

2018-11-22 22:29:50 - [TEST_STEP][PASSED] - Statement - PreSaveFile = new java.io.File(((pathPrefix + java.lang.Integer.toString(counter)) + .png)): null

2018-11-22 22:29:50 - [TEST_STEP][PASSED] - Statement - counter = counter + 1: null

2018-11-22 22:29:50 - [TEST_STEP][PASSED] - Statement - PreSaveFile = new java.io.File(((pathPrefix + java.lang.Integer.toString(counter)) + .png)): null

2018-11-22 22:29:50 - [TEST_STEP][PASSED] - Statement - counter = counter + 1: null

2018-11-22 22:29:50 - [TEST_STEP][PASSED] - Statement - PreSaveFile = new java.io.File(((pathPrefix + java.lang.Integer.toString(counter)) + .png)): null

2018-11-22 22:29:50 - [TEST_STEP][PASSED] - Statement - counter = counter + 1: null

2018-11-22 22:29:50 - [TEST_STEP][PASSED] - Statement - PreSaveFile = new java.io.File(((pathPrefix + java.lang.Integer.toString(counter)) + .png)): null

2018-11-22 22:29:50 - [TEST_STEP][PASSED] - Statement - counter = counter + 1: null

2018-11-22 22:29:50 - [TEST_STEP][PASSED] - Statement - PreSaveFile = new java.io.File(((pathPrefix + java.lang.Integer.toString(counter)) + .png)): null

2018-11-22 22:29:50 - [TEST_STEP][PASSED] - Statement - counter = counter + 1: null

2018-11-22 22:29:50 - [TEST_STEP][PASSED] - Statement - PreSaveFile = new java.io.File(((pathPrefix + java.lang.Integer.toString(counter)) + .png)): null

2018-11-22 22:29:50 - [TEST_STEP][PASSED] - Statement - counter = counter + 1: null

2018-11-22 22:29:50 - [TEST_STEP][PASSED] - Statement - PreSaveFile = new java.io.File(((pathPrefix + java.lang.Integer.toString(counter)) + .png)): null

2018-11-22 22:29:50 - [TEST_STEP][PASSED] - Statement - counter = counter + 1: null

2018-11-22 22:29:50 - [TEST_STEP][PASSED] - Statement - PreSaveFile = new java.io.File(((pathPrefix + java.lang.Integer.toString(counter)) + .png)): null

2018-11-22 22:29:50 - [TEST_STEP][PASSED] - Statement - counter = counter + 1: null

2018-11-22 22:29:50 - [TEST_STEP][PASSED] - Statement - PreSaveFile = new java.io.File(((pathPrefix + java.lang.Integer.toString(counter)) + .png)): null

2018-11-22 22:29:50 - [TEST_STEP][PASSED] - Statement - counter = counter + 1: null

2018-11-22 22:29:50 - [TEST_STEP][PASSED] - Statement - PreSaveFile = new java.io.File(((pathPrefix + java.lang.Integer.toString(counter)) + .png)): null

2018-11-22 22:29:50 - [TEST_STEP][PASSED] - Statement - counter = counter + 1: null

2018-11-22 22:29:50 - [TEST_STEP][PASSED] - Statement - PreSaveFile = new java.io.File(((pathPrefix + java.lang.Integer.toString(counter)) + .png)): null

2018-11-22 22:29:50 - [TEST_STEP][PASSED] - Statement - counter = counter + 1: null

2018-11-22 22:29:50 - [TEST_STEP][PASSED] - Statement - PreSaveFile = new java.io.File(((pathPrefix + java.lang.Integer.toString(counter)) + .png)): null

2018-11-22 22:29:50 - [TEST_STEP][PASSED] - Statement - counter = counter + 1: null

2018-11-22 22:29:50 - [TEST_STEP][PASSED] - Statement - PreSaveFile = new java.io.File(((pathPrefix + java.lang.Integer.toString(counter)) + .png)): null

2018-11-22 22:29:50 - [TEST_STEP][PASSED] - Statement - counter = counter + 1: null

2018-11-22 22:29:50 - [TEST_STEP][PASSED] - Statement - PreSaveFile = new java.io.File(((pathPrefix + java.lang.Integer.toString(counter)) + .png)): null

2018-11-22 22:29:50 - [TEST_STEP][PASSED] - Statement - counter = counter + 1: null

2018-11-22 22:29:50 - [TEST_STEP][PASSED] - Statement - PreSaveFile = new java.io.File(((pathPrefix + java.lang.Integer.toString(counter)) + .png)): null

2018-11-22 22:29:50 - [TEST_STEP][PASSED] - Statement - counter = counter + 1: null

2018-11-22 22:29:50 - [TEST_STEP][PASSED] - Statement - PreSaveFile = new java.io.File(((pathPrefix + java.lang.Integer.toString(counter)) + .png)): null

2018-11-22 22:29:50 - [TEST_STEP][PASSED] - Statement - counter = counter + 1: null

2018-11-22 22:29:50 - [TEST_STEP][PASSED] - Statement - PreSaveFile = new java.io.File(((pathPrefix + java.lang.Integer.toString(counter)) + .png)): null

2018-11-22 22:29:50 - [TEST_STEP][PASSED] - Statement - counter = counter + 1: null

2018-11-22 22:29:50 - [TEST_STEP][PASSED] - Statement - PreSaveFile = new java.io.File(((pathPrefix + java.lang.Integer.toString(counter)) + .png)): null

2018-11-22 22:29:50 - [TEST_STEP][PASSED] - Statement - counter = counter + 1: null

2018-11-22 22:29:50 - [TEST_STEP][PASSED] - Statement - PreSaveFile = new java.io.File(((pathPrefix + java.lang.Integer.toString(counter)) + .png)): null

2018-11-22 22:29:50 - [TEST_STEP][PASSED] - Statement - counter = counter + 1: null

2018-11-22 22:29:50 - [TEST_STEP][PASSED] - Statement - PreSaveFile = new java.io.File(((pathPrefix + java.lang.Integer.toString(counter)) + .png)): null

2018-11-22 22:29:50 - [TEST_STEP][PASSED] - Statement - counter = counter + 1: null

2018-11-22 22:29:50 - [TEST_STEP][PASSED] - Statement - PreSaveFile = new java.io.File(((pathPrefix + java.lang.Integer.toString(counter)) + .png)): null

2018-11-22 22:29:50 - [TEST_STEP][PASSED] - Statement - counter = counter + 1: null

2018-11-22 22:29:50 - [TEST_STEP][PASSED] - Statement - PreSaveFile = new java.io.File(((pathPrefix + java.lang.Integer.toString(counter)) + .png)): null

2018-11-22 22:29:50 - [TEST_STEP][PASSED] - Statement - counter = counter + 1: null

2018-11-22 22:29:50 - [TEST_STEP][PASSED] - Statement - PreSaveFile = new java.io.File(((pathPrefix + java.lang.Integer.toString(counter)) + .png)): null

2018-11-22 22:29:50 - [TEST_STEP][PASSED] - Statement - counter = counter + 1: null

2018-11-22 22:29:50 - [TEST_STEP][PASSED] - Statement - PreSaveFile = new java.io.File(((pathPrefix + java.lang.Integer.toString(counter)) + .png)): null

2018-11-22 22:29:50 - [TEST_STEP][PASSED] - Statement - counter = counter + 1: null

2018-11-22 22:29:50 - [TEST_STEP][PASSED] - Statement - PreSaveFile = new java.io.File(((pathPrefix + java.lang.Integer.toString(counter)) + .png)): null

2018-11-22 22:29:50 - [TEST_STEP][PASSED] - Statement - counter = counter + 1: null

2018-11-22 22:29:50 - [TEST_STEP][PASSED] - Statement - PreSaveFile = new java.io.File(((pathPrefix + java.lang.Integer.toString(counter)) + .png)): null

2018-11-22 22:29:50 - [TEST_STEP][PASSED] - Statement - counter = counter + 1: null

2018-11-22 22:29:50 - [TEST_STEP][PASSED] - Statement - PreSaveFile = new java.io.File(((pathPrefix + java.lang.Integer.toString(counter)) + .png)): null

2018-11-22 22:29:50 - [TEST_STEP][PASSED] - Statement - counter = counter + 1: null

2018-11-22 22:29:50 - [TEST_STEP][PASSED] - Statement - PreSaveFile = new java.io.File(((pathPrefix + java.lang.Integer.toString(counter)) + .png)): null

2018-11-22 22:29:50 - [TEST_STEP][PASSED] - Statement - counter = counter + 1: null

2018-11-22 22:29:50 - [TEST_STEP][PASSED] - Statement - PreSaveFile = new java.io.File(((pathPrefix + java.lang.Integer.toString(counter)) + .png)): null

2018-11-22 22:29:50 - [TEST_STEP][PASSED] - Statement - counter = counter + 1: null

2018-11-22 22:29:50 - [TEST_STEP][PASSED] - Statement - PreSaveFile = new java.io.File(((pathPrefix + java.lang.Integer.toString(counter)) + .png)): null

2018-11-22 22:29:50 - [TEST_STEP][PASSED] - Statement - counter = counter + 1: null

2018-11-22 22:29:50 - [TEST_STEP][PASSED] - Statement - PreSaveFile = new java.io.File(((pathPrefix + java.lang.Integer.toString(counter)) + .png)): null

2018-11-22 22:29:50 - [TEST_STEP][PASSED] - Statement - counter = counter + 1: null

2018-11-22 22:29:50 - [TEST_STEP][PASSED] - Statement - PreSaveFile = new java.io.File(((pathPrefix + java.lang.Integer.toString(counter)) + .png)): null

2018-11-22 22:29:50 - [TEST_STEP][PASSED] - Statement - counter = counter + 1: null

2018-11-22 22:29:50 - [TEST_STEP][PASSED] - Statement - PreSaveFile = new java.io.File(((pathPrefix + java.lang.Integer.toString(counter)) + .png)): null

2018-11-22 22:29:50 - [TEST_STEP][PASSED] - Statement - counter = counter + 1: null

2018-11-22 22:29:50 - [TEST_STEP][PASSED] - Statement - PreSaveFile = new java.io.File(((pathPrefix + java.lang.Integer.toString(counter)) + .png)): null

2018-11-22 22:29:50 - [TEST_STEP][PASSED] - Statement - counter = counter + 1: null

2018-11-22 22:29:50 - [TEST_STEP][PASSED] - Statement - PreSaveFile = new java.io.File(((pathPrefix + java.lang.Integer.toString(counter)) + .png)): null

2018-11-22 22:29:50 - [TEST_STEP][PASSED] - Statement - counter = counter + 1: null

2018-11-22 22:29:50 - [TEST_STEP][PASSED] - Statement - PreSaveFile = new java.io.File(((pathPrefix + java.lang.Integer.toString(counter)) + .png)): null

2018-11-22 22:29:50 - [TEST_STEP][PASSED] - Statement - counter = counter + 1: null

2018-11-22 22:29:50 - [TEST_STEP][PASSED] - Statement - PreSaveFile = new java.io.File(((pathPrefix + java.lang.Integer.toString(counter)) + .png)): null

2018-11-22 22:29:50 - [TEST_STEP][PASSED] - Statement - counter = counter + 1: null

2018-11-22 22:29:50 - [TEST_STEP][PASSED] - Statement - PreSaveFile = new java.io.File(((pathPrefix + java.lang.Integer.toString(counter)) + .png)): null

2018-11-22 22:29:50 - [TEST_STEP][PASSED] - Statement - finalPath = pathPrefix + java.lang.Integer.toString(counter) + ".png": null

2018-11-22 22:29:50 - [TEST_STEP][PASSED] - Statement - SaveFile = new java.io.File(finalPath): null

2018-11-22 22:29:50 - [TEST_STEP][PASSED] - Statement - Try: null

2018-11-22 22:29:50 - [TEST_STEP][PASSED] - Statement - org.apache.commons.io.FileUtils.copyFile(scrFile, SaveFile): null

2018-11-22 22:29:50 - [TEST_STEP][PASSED] - Statement - out.println("file kept"): null

2018-11-22 22:29:50 - [TEST_STEP][PASSED] - delay: Delayed 10 second(s)

2018-11-22 22:30:00 - [MESSAGE][PASSED] - Delayed 10 second(s)

2018-11-22 22:30:00 - [MESSAGE][PASSED] - Call Test Case 'Test Cases/Final Aug 2018 - PKS Automation/Registration Module/New Registration/Submit and Screenshot/Submit Registration and Screenshot - Copy' successfully

2018-11-22 22:30:00 - [TEST_STEP][PASSED] - Statement - UpdateAddNewECode = com.kms.katalon.core.webui.keyword.WebUiBuiltInKeywords.getText(com.kms.katalon.core.testobject.ObjectRepository.findTestObject(Object Repository/Final Object Repo/Page_Update Add New Employee - ASSIST/getEmpCode)): Text of object 'Object Repository/Final Object Repo/Page_Update Add New Employee - ASSIST/getEmpCode' is: 'E1102070355Y'

2018-11-22 22:30:00 - [MESSAGE][PASSED] - Text of object 'Object Repository/Final Object Repo/Page_Update Add New Employee - ASSIST/getEmpCode' is: 'E1102070355Y'

2018-11-22 22:30:00 - [TEST_STEP][PASSED] - callTestCase: Call Test Case 'Test Cases/Final Aug 2018 - PKS Automation/Common/Emp Code Setter' successfully

2018-11-22 22:30:00 - [TEST_CASE][PASSED] - Test Cases/Final Aug 2018 - PKS Automation/Common/Emp Code Setter: Test Cases/Final Aug 2018 - PKS Automation/Common/Emp Code Setter

2018-11-22 22:30:00 - [TEST_STEP][PASSED] - Statement - EmpCodeOld = new java.io.File(C://Users//Admin//Desktop//PKS//Automation Reference Point//EmpCode.txt): null

2018-11-22 22:30:00 - [TEST_STEP][PASSED] - Statement - EmpCodeOld.delete(): null

2018-11-22 22:30:00 - [TEST_STEP][PASSED] - Statement - EmpCode = new java.io.File(C://Users//Admin//Desktop//PKS//Automation Reference Point//EmpCode.txt): null

2018-11-22 22:30:00 - [TEST_STEP][PASSED] - Statement - EmpCode.append(UpdateAddNewECode): null

2018-11-22 22:30:00 - [TEST_STEP][PASSED] - Statement - out.println("


" + UpdateAddNewECode + "


"): null

2018-11-22 22:30:00 - [MESSAGE][PASSED] - Call Test Case 'Test Cases/Final Aug 2018 - PKS Automation/Common/Emp Code Setter' successfully

2018-11-22 22:30:00 - [MESSAGE][PASSED] - Call Test Case 'Test Cases/Final Aug 2018 - PKS Automation/Registration Module/Workflow/Update Add New Employee/Template/New Company for Update Add New' successfully

2018-11-22 22:30:00 - [TEST_STEP][PASSED] - callTestCase: Call Test Case 'Test Cases/Final Aug 2018 - PKS Automation/Registration Module/Log Out/log out avoiding katalon tagging' successfully

2018-11-22 22:30:00 - [TEST_CASE][PASSED] - Test Cases/Final Aug 2018 - PKS Automation/Registration Module/Log Out/log out avoiding katalon tagging: Test Cases/Final Aug 2018 - PKS Automation/Registration Module/Log Out/log out avoiding katalon tagging

2018-11-22 22:30:00 - [TEST_STEP][PASSED] - navigateToUrl: Navigate to 'https://assist2-uat.perkeso.gov.my/c/portal/logout' successfully

2018-11-22 22:30:01 - [MESSAGE][PASSED] - Navigate to 'https://assist2-uat.perkeso.gov.my/c/portal/logout' successfully

2018-11-22 22:30:01 - [MESSAGE][PASSED] - Call Test Case 'Test Cases/Final Aug 2018 - PKS Automation/Registration Module/Log Out/log out avoiding katalon tagging' successfully

2018-11-22 22:30:01 - [TEST_STEP][PASSED] - callTestCase: Call Test Case 'Test Cases/Final Aug 2018 - PKS Automation/Registration Module/New Registration/Form 2/Date Updater' successfully

2018-11-22 22:30:01 - [TEST_CASE][PASSED] - Test Cases/Final Aug 2018 - PKS Automation/Registration Module/New Registration/Form 2/Date Updater: Test Cases/Final Aug 2018 - PKS Automation/Registration Module/New Registration/Form 2/Date Updater

2018-11-22 22:30:01 - [TEST_STEP][PASSED] - Statement - TodayDate = new java.util.Date(): null

2018-11-22 22:30:01 - [TEST_STEP][PASSED] - Statement - CurrentDateNoFilter = new java.text.SimpleDateFormat(): null

2018-11-22 22:30:01 - [TEST_STEP][PASSED] - Statement - CurrentDateNoFilter.applyPattern("dd"): null

2018-11-22 22:30:01 - [TEST_STEP][PASSED] - Statement - CurrentDate = CurrentDateNoFilter.format(TodayDate): null

2018-11-22 22:30:01 - [TEST_STEP][PASSED] - Statement - CurrentDate = java.lang.Integer.parseInt(CurrentDate): null

2018-11-22 22:30:01 - [TEST_STEP][PASSED] - Statement - CurrentDate = CurrentDate: null

2018-11-22 22:30:01 - [TEST_STEP][PASSED] - Statement - CurrentDay = java.lang.Integer.parseInt(CurrentDate): null

2018-11-22 22:30:01 - [TEST_STEP][PASSED] - Statement - aDayBefore = CurrentDay + 1: null

2018-11-22 22:30:01 - [TEST_STEP][PASSED] - Statement - DayBefore = aDayBefore.toString(): null

2018-11-22 22:30:01 - [TEST_STEP][PASSED] - Statement - OneDayBefore = DayBefore: null

2018-11-22 22:30:01 - [TEST_STEP][PASSED] - Statement - CurrentDateNoFilter.applyPattern("MM"): null

2018-11-22 22:30:01 - [TEST_STEP][PASSED] - Statement - monthContainerMatcher = java.lang.Integer.parseInt(CurrentDateNoFilter.format(TodayDate)): null

2018-11-22 22:30:01 - [TEST_STEP][PASSED] - Statement - monthContainerMatcher = monthContainerMatcher - 1: null

2018-11-22 22:30:01 - [TEST_STEP][PASSED] - Statement - CurrentMonth = monthContainerMatcher.toString(): null

2018-11-22 22:30:01 - [TEST_STEP][PASSED] - Statement - CurrentMonth = CurrentMonth: null

2018-11-22 22:30:01 - [TEST_STEP][PASSED] - Statement - CurrentDateNoFilter.applyPattern("yyyy"): null

2018-11-22 22:30:01 - [TEST_STEP][PASSED] - Statement - CurrentYear = CurrentDateNoFilter.format(TodayDate): null

2018-11-22 22:30:01 - [TEST_STEP][PASSED] - Statement - CurrentYear = CurrentYear: null

2018-11-22 22:30:01 - [TEST_STEP][PASSED] - Statement - intCurrentYear = java.lang.Integer.parseInt(CurrentDateNoFilter.format(TodayDate)): null

2018-11-22 22:30:01 - [TEST_STEP][PASSED] - Statement - eighteenYrsAgo = intCurrentYear - 18: null

2018-11-22 22:30:01 - [TEST_STEP][PASSED] - Statement - eighteenYrsBeforeThisYr = eighteenYrsAgo.toString(): null

2018-11-22 22:30:01 - [TEST_STEP][PASSED] - Statement - EighteenYrsBefore = eighteenYrsBeforeThisYr: null

2018-11-22 22:30:01 - [TEST_STEP][PASSED] - Statement - fiftysevenYrsAgo = intCurrentYear - 57: null

2018-11-22 22:30:01 - [TEST_STEP][PASSED] - Statement - fiftysevenYrsBeforeThisYr = fiftysevenYrsAgo.toString(): null

2018-11-22 22:30:01 - [TEST_STEP][PASSED] - Statement - FiftysevenYrsBefore = fiftysevenYrsBeforeThisYr: null

2018-11-22 22:30:01 - [MESSAGE][PASSED] - Call Test Case 'Test Cases/Final Aug 2018 - PKS Automation/Registration Module/New Registration/Form 2/Date Updater' successfully

2018-11-22 22:30:01 - [TEST_STEP][PASSED] - delay: Delayed 2 second(s)

2018-11-22 22:30:03 - [MESSAGE][PASSED] - Delayed 2 second(s)

2018-11-22 22:30:03 - [TEST_STEP][PASSED] - setText: Text 'klotc2@gmail.com' is set on object 'Object Repository/Final Object Repo/Page_Update Add New Employee - ASSIST/Email TextBox'

2018-11-22 22:30:04 - [MESSAGE][PASSED] - Text 'klotc2@gmail.com' is set on object 'Object Repository/Final Object Repo/Page_Update Add New Employee - ASSIST/Email TextBox'

2018-11-22 22:30:04 - [TEST_STEP][PASSED] - click: Object: 'Object Repository/Final Object Repo/Page_Update Add New Employee - ASSIST/Next Button' is clicked on

2018-11-22 22:30:04 - [MESSAGE][PASSED] - Object: 'Object Repository/Final Object Repo/Page_Update Add New Employee - ASSIST/Next Button' is clicked on

2018-11-22 22:30:04 - [TEST_STEP][PASSED] - delay: Delayed 2 second(s)

2018-11-22 22:30:06 - [MESSAGE][PASSED] - Delayed 2 second(s)

2018-11-22 22:30:06 - [TEST_STEP][PASSED] - setText: Text 'Test1@3456789' is set on object 'Object Repository/Final Object Repo/Page_Update Add New Employee - ASSIST/Password TextBox'

2018-11-22 22:30:06 - [MESSAGE][PASSED] - Text 'Test1@3456789' is set on object 'Object Repository/Final Object Repo/Page_Update Add New Employee - ASSIST/Password TextBox'

2018-11-22 22:30:06 - [TEST_STEP][PASSED] - delay: Delayed 2 second(s)

2018-11-22 22:30:08 - [MESSAGE][PASSED] - Delayed 2 second(s)

2018-11-22 22:30:08 - [TEST_STEP][PASSED] - click: Object: 'Object Repository/Final Object Repo/Page_Update Add New Employee - ASSIST/Login Button' is clicked on

2018-11-22 22:30:08 - [MESSAGE][PASSED] - Object: 'Object Repository/Final Object Repo/Page_Update Add New Employee - ASSIST/Login Button' is clicked on

2018-11-22 22:30:08 - [TEST_STEP][PASSED] - delay: Delayed 4 second(s)

2018-11-22 22:30:12 - [MESSAGE][PASSED] - Delayed 4 second(s)

2018-11-22 22:30:12 - [TEST_STEP][PASSED] - Statement - Try: Delayed 2 second(s)

2018-11-22 22:30:12 - [TEST_STEP][PASSED] - Statement - Checker = false: null

2018-11-22 22:30:12 - [TEST_STEP][PASSED] - Statement - Checker = com.kms.katalon.core.webui.keyword.WebUiBuiltInKeywords.verifyElementHasAttribute(com.kms.katalon.core.testobject.ObjectRepository.findTestObject(Final Object Repo/Landing Page/BM Detecting), "href", 20, OPTIONAL): Object 'Object Repository/Final Object Repo/Landing Page/BM Detecting' has attribute 'href'

2018-11-22 22:30:12 - [MESSAGE][PASSED] - Object 'Object Repository/Final Object Repo/Landing Page/BM Detecting' has attribute 'href'

2018-11-22 22:30:12 - [TEST_STEP][PASSED] - Statement - out.println(Checker): null

2018-11-22 22:30:12 - [TEST_STEP][PASSED] - Statement - If (Checker == false): null

2018-11-22 22:30:12 - [TEST_STEP][PASSED] - Statement - Else: null

2018-11-22 22:30:12 - [TEST_STEP][PASSED] - delay: Delayed 2 second(s)

2018-11-22 22:30:14 - [MESSAGE][PASSED] - Delayed 2 second(s)

2018-11-22 22:30:14 - [TEST_STEP][PASSED] - delay: Delayed 4 second(s)

2018-11-22 22:30:18 - [MESSAGE][PASSED] - Delayed 4 second(s)

2018-11-22 22:30:18 - [TEST_STEP][PASSED] - click: Object: 'Object Repository/Final Object Repo/Page_Update Add New Employee - ASSIST/My Sites Drop Down' is clicked on

2018-11-22 22:30:18 - [MESSAGE][PASSED] - Object: 'Object Repository/Final Object Repo/Page_Update Add New Employee - ASSIST/My Sites Drop Down' is clicked on

2018-11-22 22:30:18 - [TEST_STEP][PASSED] - click: Object: 'Object Repository/Final Object Repo/Page_Update Add New Employee - ASSIST/Select to Registration Module' is clicked on

2018-11-22 22:30:19 - [MESSAGE][PASSED] - Object: 'Object Repository/Final Object Repo/Page_Update Add New Employee - ASSIST/Select to Registration Module' is clicked on

2018-11-22 22:30:19 - [TEST_STEP][PASSED] - navigateToUrl: Navigate to 'https://assist2-uat.perkeso.gov.my/web/registration/myassist' successfully

2018-11-22 22:30:20 - [MESSAGE][PASSED] - Navigate to 'https://assist2-uat.perkeso.gov.my/web/registration/myassist' successfully

2018-11-22 22:30:20 - [TEST_STEP][PASSED] - mouseOver: Object: 'Object Repository/Final Object Repo/Page_Update Add New Employee - ASSIST/Select to Update Akta 4 Tab' is hovered

2018-11-22 22:30:20 - [MESSAGE][PASSED] - Object: 'Object Repository/Final Object Repo/Page_Update Add New Employee - ASSIST/Select to Update Akta 4 Tab' is hovered

2018-11-22 22:30:20 - [TEST_STEP][PASSED] - delay: Delayed 2 second(s)

2018-11-22 22:30:22 - [MESSAGE][PASSED] - Delayed 2 second(s)

2018-11-22 22:30:22 - [TEST_STEP][PASSED] - click: Object: 'Object Repository/Final Object Repo/Page_Update Add New Employee - ASSIST/Select to Update Add New Employee' is clicked on

2018-11-22 22:30:23 - [MESSAGE][PASSED] - Object: 'Object Repository/Final Object Repo/Page_Update Add New Employee - ASSIST/Select to Update Add New Employee' is clicked on

2018-11-22 22:30:23 - [TEST_STEP][PASSED] - delay: Delayed 2 second(s)

2018-11-22 22:30:25 - [MESSAGE][PASSED] - Delayed 2 second(s)

2018-11-22 22:30:25 - [TEST_STEP][PASSED] - setText: Text 'E1102070355Y' is set on object 'Object Repository/Final Object Repo/Page_Update Add New Employee - ASSIST/Employer Code input textbox'

2018-11-22 22:30:25 - [MESSAGE][PASSED] - Text 'E1102070355Y' is set on object 'Object Repository/Final Object Repo/Page_Update Add New Employee - ASSIST/Employer Code input textbox'

2018-11-22 22:30:25 - [TEST_STEP][PASSED] - delay: Delayed 2 second(s)

2018-11-22 22:30:27 - [MESSAGE][PASSED] - Delayed 2 second(s)

2018-11-22 22:30:27 - [TEST_STEP][PASSED] - click: Object: 'Object Repository/Final Object Repo/Page_Update Add New Employee - ASSIST/Search Button for Employer Code' is clicked on

2018-11-22 22:30:27 - [MESSAGE][PASSED] - Object: 'Object Repository/Final Object Repo/Page_Update Add New Employee - ASSIST/Search Button for Employer Code' is clicked on

2018-11-22 22:30:27 - [TEST_STEP][PASSED] - delay: Delayed 4 second(s)

2018-11-22 22:30:31 - [MESSAGE][PASSED] - Delayed 4 second(s)

2018-11-22 22:30:31 - [TEST_STEP][PASSED] - click: Object: 'Object Repository/Final Object Repo/Page_Update Add New Employee - ASSIST/Click to Edit Case' is clicked on

2018-11-22 22:30:34 - [MESSAGE][PASSED] - Object: 'Object Repository/Final Object Repo/Page_Update Add New Employee - ASSIST/Click to Edit Case' is clicked on

2018-11-22 22:30:34 - [TEST_STEP][PASSED] - callTestCase: Call Test Case 'Test Cases/Final Aug 2018 - PKS Automation/Registration Module/Workflow/Update Add New Employee/Template/Employee Adding/Employee Set Decider' successfully

2018-11-22 22:30:34 - [TEST_CASE][PASSED] - Test Cases/Final Aug 2018 - PKS Automation/Registration Module/Workflow/Update Add New Employee/Template/Employee Adding/Employee Set Decider: Test Cases/Final Aug 2018 - PKS Automation/Registration Module/Workflow/Update Add New Employee/Template/Employee Adding/Employee Set Decider

2018-11-22 22:30:34 - [TEST_STEP][PASSED] - delay: Delayed 4 second(s)

2018-11-22 22:30:38 - [MESSAGE][PASSED] - Delayed 4 second(s)

2018-11-22 22:30:38 - [TEST_STEP][PASSED] - click: Object: 'Object Repository/Final Object Repo/Page_Update Add New Employee - ASSIST/Add Employee Button' is clicked on

2018-11-22 22:30:38 - [MESSAGE][PASSED] - Object: 'Object Repository/Final Object Repo/Page_Update Add New Employee - ASSIST/Add Employee Button' is clicked on

2018-11-22 22:30:38 - [TEST_STEP][PASSED] - delay: Delayed 3 second(s)

2018-11-22 22:30:41 - [MESSAGE][PASSED] - Delayed 3 second(s)

2018-11-22 22:30:41 - [TEST_STEP][PASSED] - setText: Text '010903091920' is set on object 'Object Repository/Final Object Repo/Page_Update Add New Employee - ASSIST/NRIC Input'

2018-11-22 22:30:42 - [MESSAGE][PASSED] - Text '010903091920' is set on object 'Object Repository/Final Object Repo/Page_Update Add New Employee - ASSIST/NRIC Input'

2018-11-22 22:30:42 - [TEST_STEP][PASSED] - click: Object: 'Object Repository/Final Object Repo/Page_Update Add New Employee - ASSIST/button for search for IC' is clicked on

2018-11-22 22:30:42 - [MESSAGE][PASSED] - Object: 'Object Repository/Final Object Repo/Page_Update Add New Employee - ASSIST/button for search for IC' is clicked on

2018-11-22 22:30:42 - [TEST_STEP][PASSED] - delay: Delayed 2 second(s)

2018-11-22 22:30:44 - [MESSAGE][PASSED] - Delayed 2 second(s)

2018-11-22 22:30:44 - [TEST_STEP][PASSED] - sendKeys: Keys 'CONTROL + a' sent to object: 'Object Repository/Final Object Repo/Page_Update Add New Employee - ASSIST/Employee Name Input'

2018-11-22 22:30:44 - [MESSAGE][PASSED] - Keys 'CONTROL + a' sent to object: 'Object Repository/Final Object Repo/Page_Update Add New Employee - ASSIST/Employee Name Input'

2018-11-22 22:30:44 - [TEST_STEP][PASSED] - sendKeys: Keys 'CONTROL + c' sent to object: 'Object Repository/Final Object Repo/Page_Update Add New Employee - ASSIST/Employee Name Input'

2018-11-22 22:30:44 - [MESSAGE][PASSED] - Keys 'CONTROL + c' sent to object: 'Object Repository/Final Object Repo/Page_Update Add New Employee - ASSIST/Employee Name Input'

2018-11-22 22:30:44 - [TEST_STEP][PASSED] - Statement - toolkit = java.awt.Toolkit.getDefaultToolkit(): null

2018-11-22 22:30:44 - [TEST_STEP][PASSED] - Statement - clipboard = toolkit.getSystemClipboard(): null

2018-11-22 22:30:44 - [TEST_STEP][PASSED] - Statement - CurrentName = clipboard.getData(stringFlavor): null

2018-11-22 22:30:44 - [TEST_STEP][PASSED] - Statement - out.println("String from Clipboard:" + CurrentName): null

2018-11-22 22:30:44 - [TEST_STEP][PASSED] - Statement - If (CurrentName == "AUTOMATE002 ELIGIBLE 1"): null

2018-11-22 22:30:44 - [TEST_STEP][PASSED] - Statement - Else If (CurrentName == "AUTOMATE003 ELIGIBLE 1"): Call Test Case 'Test Cases/Final Aug 2018 - PKS Automation/Registration Module/Workflow/Update Add New Employee/Template/Employee Adding/Employee Adding Action Repeat IC - set 2' successfully

2018-11-22 22:30:44 - [TEST_STEP][PASSED] - callTestCase: Call Test Case 'Test Cases/Final Aug 2018 - PKS Automation/Registration Module/Workflow/Update Add New Employee/Template/Employee Adding/Employee Adding Action Repeat IC - set 2' successfully

2018-11-22 22:30:44 - [TEST_CASE][PASSED] - Test Cases/Final Aug 2018 - PKS Automation/Registration Module/Workflow/Update Add New Employee/Template/Employee Adding/Employee Adding Action Repeat IC - set 2: Test Cases/Final Aug 2018 - PKS Automation/Registration Module/Workflow/Update Add New Employee/Template/Employee Adding/Employee Adding Action Repeat IC - set 2

2018-11-22 22:30:44 - [TEST_STEP][PASSED] - setText: Text 'Automate002 eligible 1' is set on object 'Object Repository/Final Object Repo/Page_Update Add New Employee - ASSIST/Employee Name Input'

2018-11-22 22:30:45 - [MESSAGE][PASSED] - Text 'Automate002 eligible 1' is set on object 'Object Repository/Final Object Repo/Page_Update Add New Employee - ASSIST/Employee Name Input'

2018-11-22 22:30:45 - [TEST_STEP][PASSED] - delay: Delayed 2 second(s)

2018-11-22 22:30:47 - [MESSAGE][PASSED] - Delayed 2 second(s)

2018-11-22 22:30:47 - [TEST_STEP][PASSED] - click: Object: 'Object Repository/Final Object Repo/Page_Update Add New Employee - ASSIST/DatePicker Pop Up' is clicked on

2018-11-22 22:30:47 - [MESSAGE][PASSED] - Object: 'Object Repository/Final Object Repo/Page_Update Add New Employee - ASSIST/DatePicker Pop Up' is clicked on

2018-11-22 22:30:47 - [TEST_STEP][PASSED] - click: Object: 'Object Repository/Final Object Repo/Page_Update Add New Employee - ASSIST/DOB Month' is clicked on

2018-11-22 22:30:47 - [MESSAGE][PASSED] - Object: 'Object Repository/Final Object Repo/Page_Update Add New Employee - ASSIST/DOB Month' is clicked on

2018-11-22 22:30:47 - [TEST_STEP][PASSED] - Statement - CurrentMonth = CurrentMonth: null

2018-11-22 22:30:47 - [TEST_STEP][PASSED] - Statement - selectMonth = new com.kms.katalon.core.testobject.TestObject(): null

2018-11-22 22:30:47 - [TEST_STEP][PASSED] - Statement - selectMonth.addProperty("xpath", EQUALS, "//body/div/div/div/select/option[@value='" + CurrentMonth + "']", true): null

2018-11-22 22:30:47 - [TEST_STEP][PASSED] - click: Object: '' is clicked on

2018-11-22 22:30:47 - [MESSAGE][PASSED] - Object: '' is clicked on

2018-11-22 22:30:47 - [TEST_STEP][PASSED] - click: Object: 'Object Repository/Final Object Repo/Page_Update Add New Employee - ASSIST/DOB Year' is clicked on

2018-11-22 22:30:47 - [MESSAGE][PASSED] - Object: 'Object Repository/Final Object Repo/Page_Update Add New Employee - ASSIST/DOB Year' is clicked on

2018-11-22 22:30:47 - [TEST_STEP][PASSED] - Statement - Eyearsbf = EighteenYrsBefore: null

2018-11-22 22:30:47 - [TEST_STEP][PASSED] - Statement - selectYear = new com.kms.katalon.core.testobject.TestObject(): null

2018-11-22 22:30:47 - [TEST_STEP][PASSED] - Statement - selectYear.addProperty("xpath", EQUALS, "//div/div/div/select/option[@value='" + Eyearsbf + "']", true): null

2018-11-22 22:30:47 - [TEST_STEP][PASSED] - click: Object: '' is clicked on

2018-11-22 22:30:47 - [MESSAGE][PASSED] - Object: '' is clicked on

2018-11-22 22:30:47 - [TEST_STEP][PASSED] - Statement - UpdatedSelectDate = com.kms.katalon.core.webui.keyword.WebUiBuiltInKeywords.modifyObjectProperty(com.kms.katalon.core.testobject.ObjectRepository.findTestObject(Final Object Repo/Page_Update Add New Employee - ASSIST/DOB Date), "xpath", "equals", "//body/div/table/tbody/tr/td/a[text()="" + CurrentDate + ""]", true): Modify property of object successfully

2018-11-22 22:30:47 - [MESSAGE][PASSED] - Modify property of object successfully

2018-11-22 22:30:47 - [TEST_STEP][PASSED] - delay: Delayed 3 second(s)

2018-11-22 22:30:50 - [MESSAGE][PASSED] - Delayed 3 second(s)

2018-11-22 22:30:50 - [TEST_STEP][PASSED] - click: Object: 'Object Repository/Final Object Repo/Page_Update Add New Employee - ASSIST/DOB Date' is clicked on

2018-11-22 22:30:51 - [MESSAGE][PASSED] - Object: 'Object Repository/Final Object Repo/Page_Update Add New Employee - ASSIST/DOB Date' is clicked on

2018-11-22 22:30:51 - [TEST_STEP][PASSED] - delay: Delayed 2 second(s)

2018-11-22 22:30:53 - [MESSAGE][PASSED] - Delayed 2 second(s)

2018-11-22 22:30:53 - [TEST_STEP][PASSED] - click: Object: 'Object Repository/Final Object Repo/Page_Update Add New Employee - ASSIST/EmploymentStartDate Pop Up' is clicked on

2018-11-22 22:30:53 - [MESSAGE][PASSED] - Object: 'Object Repository/Final Object Repo/Page_Update Add New Employee - ASSIST/EmploymentStartDate Pop Up' is clicked on

2018-11-22 22:30:53 - [TEST_STEP][PASSED] - delay: Delayed 2 second(s)

2018-11-22 22:30:55 - [MESSAGE][PASSED] - Delayed 2 second(s)

2018-11-22 22:30:55 - [TEST_STEP][PASSED] - click: Object: 'Object Repository/Final Object Repo/Page_Update Add New Employee - ASSIST/Socso Employment StartDate Month' is clicked on

2018-11-22 22:30:55 - [MESSAGE][PASSED] - Object: 'Object Repository/Final Object Repo/Page_Update Add New Employee - ASSIST/Socso Employment StartDate Month' is clicked on

2018-11-22 22:30:55 - [TEST_STEP][PASSED] - delay: Delayed 1 second(s)

2018-11-22 22:30:56 - [MESSAGE][PASSED] - Delayed 1 second(s)

2018-11-22 22:30:56 - [TEST_STEP][PASSED] - click: Object: 'Object Repository/Final Object Repo/Page_Update Add New Employee - ASSIST/Select Socso Employement Startdate Month' is clicked on

2018-11-22 22:30:56 - [MESSAGE][PASSED] - Object: 'Object Repository/Final Object Repo/Page_Update Add New Employee - ASSIST/Select Socso Employement Startdate Month' is clicked on

2018-11-22 22:30:56 - [TEST_STEP][PASSED] - delay: Delayed 2 second(s)

2018-11-22 22:30:58 - [MESSAGE][PASSED] - Delayed 2 second(s)

2018-11-22 22:30:58 - [TEST_STEP][PASSED] - click: Object: 'Object Repository/Final Object Repo/Page_Update Add New Employee - ASSIST/Socso Employment StartDate Year' is clicked on

2018-11-22 22:30:58 - [MESSAGE][PASSED] - Object: 'Object Repository/Final Object Repo/Page_Update Add New Employee - ASSIST/Socso Employment StartDate Year' is clicked on

2018-11-22 22:30:58 - [TEST_STEP][PASSED] - delay: Delayed 1 second(s)

2018-11-22 22:30:59 - [MESSAGE][PASSED] - Delayed 1 second(s)

2018-11-22 22:30:59 - [TEST_STEP][PASSED] - click: Object: 'Object Repository/Final Object Repo/Page_Update Add New Employee - ASSIST/Select Socso Employment Startdate Year' is clicked on

2018-11-22 22:30:59 - [MESSAGE][PASSED] - Object: 'Object Repository/Final Object Repo/Page_Update Add New Employee - ASSIST/Select Socso Employment Startdate Year' is clicked on

2018-11-22 22:30:59 - [TEST_STEP][PASSED] - delay: Delayed 2 second(s)

2018-11-22 22:31:01 - [MESSAGE][PASSED] - Delayed 2 second(s)

2018-11-22 22:31:01 - [TEST_STEP][PASSED] - click: Object: 'Object Repository/Final Object Repo/Page_Update Add New Employee - ASSIST/Socso Employment Start Date Day' is clicked on

2018-11-22 22:31:02 - [MESSAGE][PASSED] - Object: 'Object Repository/Final Object Repo/Page_Update Add New Employee - ASSIST/Socso Employment Start Date Day' is clicked on

2018-11-22 22:31:02 - [TEST_STEP][PASSED] - delay: Delayed 2 second(s)

2018-11-22 22:31:04 - [MESSAGE][PASSED] - Delayed 2 second(s)

2018-11-22 22:31:04 - [TEST_STEP][PASSED] - click: Object: 'Object Repository/Final Object Repo/Page_Update Add New Employee - ASSIST/Save Button for Add Employee' is clicked on

2018-11-22 22:31:04 - [MESSAGE][PASSED] - Object: 'Object Repository/Final Object Repo/Page_Update Add New Employee - ASSIST/Save Button for Add Employee' is clicked on

2018-11-22 22:31:04 - [TEST_STEP][PASSED] - delay: Delayed 10 second(s)

2018-11-22 22:31:14 - [MESSAGE][PASSED] - Delayed 10 second(s)

2018-11-22 22:31:14 - [TEST_STEP][PASSED] - click: Object: 'Object Repository/Final Object Repo/Page_Update Add New Employee - ASSIST/Add Employee Button' is clicked on

2018-11-22 22:31:14 - [MESSAGE][PASSED] - Object: 'Object Repository/Final Object Repo/Page_Update Add New Employee - ASSIST/Add Employee Button' is clicked on

2018-11-22 22:31:14 - [TEST_STEP][PASSED] - delay: Delayed 6 second(s)

2018-11-22 22:31:20 - [MESSAGE][PASSED] - Delayed 6 second(s)

2018-11-22 22:31:20 - [TEST_STEP][PASSED] - setText: Text '620904059600' is set on object 'Object Repository/Final Object Repo/Page_Update Add New Employee - ASSIST/NRIC Input'

2018-11-22 22:31:20 - [MESSAGE][PASSED] - Text '620904059600' is set on object 'Object Repository/Final Object Repo/Page_Update Add New Employee - ASSIST/NRIC Input'

2018-11-22 22:31:20 - [TEST_STEP][PASSED] - click: Object: 'Object Repository/Final Object Repo/Page_Update Add New Employee - ASSIST/button for search for IC' is clicked on

2018-11-22 22:31:21 - [MESSAGE][PASSED] - Object: 'Object Repository/Final Object Repo/Page_Update Add New Employee - ASSIST/button for search for IC' is clicked on

2018-11-22 22:31:21 - [TEST_STEP][PASSED] - delay: Delayed 2 second(s)

2018-11-22 22:31:23 - [MESSAGE][PASSED] - Delayed 2 second(s)

2018-11-22 22:31:23 - [TEST_STEP][PASSED] - setText: Text 'Automate002 eligible 2' is set on object 'Object Repository/Final Object Repo/Page_Update Add New Employee - ASSIST/Employee Name Input'

2018-11-22 22:31:23 - [MESSAGE][PASSED] - Text 'Automate002 eligible 2' is set on object 'Object Repository/Final Object Repo/Page_Update Add New Employee - ASSIST/Employee Name Input'

2018-11-22 22:31:23 - [TEST_STEP][PASSED] - delay: Delayed 2 second(s)

2018-11-22 22:31:25 - [MESSAGE][PASSED] - Delayed 2 second(s)

2018-11-22 22:31:25 - [TEST_STEP][PASSED] - click: Object: 'Object Repository/Final Object Repo/Page_Update Add New Employee - ASSIST/DatePicker Pop Up' is clicked on

2018-11-22 22:31:25 - [MESSAGE][PASSED] - Object: 'Object Repository/Final Object Repo/Page_Update Add New Employee - ASSIST/DatePicker Pop Up' is clicked on

2018-11-22 22:31:25 - [TEST_STEP][PASSED] - delay: Delayed 2 second(s)

2018-11-22 22:31:27 - [MESSAGE][PASSED] - Delayed 2 second(s)

2018-11-22 22:31:27 - [TEST_STEP][PASSED] - click: Object: 'Object Repository/Final Object Repo/Page_Update Add New Employee - ASSIST/DOB Month' is clicked on

2018-11-22 22:31:27 - [MESSAGE][PASSED] - Object: 'Object Repository/Final Object Repo/Page_Update Add New Employee - ASSIST/DOB Month' is clicked on

2018-11-22 22:31:27 - [TEST_STEP][PASSED] - Statement - selectMonth = com.kms.katalon.core.webui.keyword.WebUiBuiltInKeywords.modifyObjectProperty(selectMonth, "xpath", "equals", "//body/div/div/div/select/option[@value="" + CurrentMonth + ""]", true): Modify property of object successfully

2018-11-22 22:31:27 - [MESSAGE][PASSED] - Modify property of object successfully

2018-11-22 22:31:27 - [TEST_STEP][PASSED] - click: Object: '' is clicked on

2018-11-22 22:31:28 - [MESSAGE][PASSED] - Object: '' is clicked on

2018-11-22 22:31:28 - [TEST_STEP][PASSED] - click: Object: 'Object Repository/Final Object Repo/Page_Update Add New Employee - ASSIST/DOB Year' is clicked on

2018-11-22 22:31:28 - [MESSAGE][PASSED] - Object: 'Object Repository/Final Object Repo/Page_Update Add New Employee - ASSIST/DOB Year' is clicked on

2018-11-22 22:31:28 - [TEST_STEP][PASSED] - Statement - selectYear = com.kms.katalon.core.webui.keyword.WebUiBuiltInKeywords.modifyObjectProperty(selectYear, "xpath", "equals", "//div/div/div/select/option[@value="" + FiftysevenYrsBefore + ""]", true): Modify property of object successfully

2018-11-22 22:31:28 - [MESSAGE][PASSED] - Modify property of object successfully

2018-11-22 22:31:28 - [TEST_STEP][PASSED] - click: Object: '' is clicked on

2018-11-22 22:31:28 - [MESSAGE][PASSED] - Object: '' is clicked on

2018-11-22 22:31:28 - [TEST_STEP][PASSED] - Statement - UpdatedSelectDate = com.kms.katalon.core.webui.keyword.WebUiBuiltInKeywords.modifyObjectProperty(com.kms.katalon.core.testobject.ObjectRepository.findTestObject(Final Object Repo/Page_Update Add New Employee - ASSIST/DOB Date), "xpath", "equals", "//body/div/table/tbody/tr/td/a[text()="" + OneDayBefore + ""]", true): Modify property of object successfully

2018-11-22 22:31:28 - [MESSAGE][PASSED] - Modify property of object successfully

2018-11-22 22:31:28 - [TEST_STEP][PASSED] - click: Object: 'Object Repository/Final Object Repo/Page_Update Add New Employee - ASSIST/DOB Date' is clicked on

2018-11-22 22:31:28 - [MESSAGE][PASSED] - Object: 'Object Repository/Final Object Repo/Page_Update Add New Employee - ASSIST/DOB Date' is clicked on

2018-11-22 22:31:28 - [TEST_STEP][PASSED] - delay: Delayed 2 second(s)

2018-11-22 22:31:30 - [MESSAGE][PASSED] - Delayed 2 second(s)

2018-11-22 22:31:30 - [TEST_STEP][PASSED] - click: Object: 'Object Repository/Final Object Repo/Page_Update Add New Employee - ASSIST/EmploymentStartDate Pop Up' is clicked on

2018-11-22 22:31:30 - [MESSAGE][PASSED] - Object: 'Object Repository/Final Object Repo/Page_Update Add New Employee - ASSIST/EmploymentStartDate Pop Up' is clicked on

2018-11-22 22:31:30 - [TEST_STEP][PASSED] - delay: Delayed 2 second(s)

2018-11-22 22:31:32 - [MESSAGE][PASSED] - Delayed 2 second(s)

2018-11-22 22:31:32 - [TEST_STEP][PASSED] - click: Object: 'Object Repository/Final Object Repo/Page_Update Add New Employee - ASSIST/Socso Employment StartDate Month' is clicked on

2018-11-22 22:31:32 - [MESSAGE][PASSED] - Object: 'Object Repository/Final Object Repo/Page_Update Add New Employee - ASSIST/Socso Employment StartDate Month' is clicked on

2018-11-22 22:31:32 - [TEST_STEP][PASSED] - delay: Delayed 1 second(s)

2018-11-22 22:31:33 - [MESSAGE][PASSED] - Delayed 1 second(s)

2018-11-22 22:31:33 - [TEST_STEP][PASSED] - click: Object: 'Object Repository/Final Object Repo/Page_Update Add New Employee - ASSIST/Select Socso Employement Startdate Month' is clicked on

2018-11-22 22:31:34 - [MESSAGE][PASSED] - Object: 'Object Repository/Final Object Repo/Page_Update Add New Employee - ASSIST/Select Socso Employement Startdate Month' is clicked on

2018-11-22 22:31:34 - [TEST_STEP][PASSED] - delay: Delayed 2 second(s)

2018-11-22 22:31:36 - [MESSAGE][PASSED] - Delayed 2 second(s)

2018-11-22 22:31:36 - [TEST_STEP][PASSED] - click: Object: 'Object Repository/Final Object Repo/Page_Update Add New Employee - ASSIST/Socso Employment StartDate Year' is clicked on

2018-11-22 22:31:36 - [MESSAGE][PASSED] - Object: 'Object Repository/Final Object Repo/Page_Update Add New Employee - ASSIST/Socso Employment StartDate Year' is clicked on

2018-11-22 22:31:36 - [TEST_STEP][PASSED] - delay: Delayed 1 second(s)

2018-11-22 22:31:37 - [MESSAGE][PASSED] - Delayed 1 second(s)

2018-11-22 22:31:37 - [TEST_STEP][PASSED] - click: Object: 'Object Repository/Final Object Repo/Page_Update Add New Employee - ASSIST/Select Socso Employment Startdate Year' is clicked on

2018-11-22 22:31:37 - [MESSAGE][PASSED] - Object: 'Object Repository/Final Object Repo/Page_Update Add New Employee - ASSIST/Select Socso Employment Startdate Year' is clicked on

2018-11-22 22:31:37 - [TEST_STEP][PASSED] - delay: Delayed 2 second(s)

2018-11-22 22:31:39 - [MESSAGE][PASSED] - Delayed 2 second(s)

2018-11-22 22:31:39 - [TEST_STEP][PASSED] - click: Object: 'Object Repository/Final Object Repo/Page_Update Add New Employee - ASSIST/Socso Employment Start Date Day' is clicked on

2018-11-22 22:31:39 - [MESSAGE][PASSED] - Object: 'Object Repository/Final Object Repo/Page_Update Add New Employee - ASSIST/Socso Employment Start Date Day' is clicked on

2018-11-22 22:31:39 - [TEST_STEP][PASSED] - delay: Delayed 2 second(s)

2018-11-22 22:31:41 - [MESSAGE][PASSED] - Delayed 2 second(s)

2018-11-22 22:31:41 - [TEST_STEP][PASSED] - click: Object: 'Object Repository/Final Object Repo/Page_Update Add New Employee - ASSIST/Save Button for Add Employee' is clicked on

2018-11-22 22:31:41 - [MESSAGE][PASSED] - Object: 'Object Repository/Final Object Repo/Page_Update Add New Employee - ASSIST/Save Button for Add Employee' is clicked on

2018-11-22 22:31:41 - [TEST_STEP][PASSED] - delay: Delayed 5 second(s)

2018-11-22 22:31:46 - [MESSAGE][PASSED] - Delayed 5 second(s)

2018-11-22 22:31:46 - [TEST_STEP][PASSED] - waitForElementClickable: Object 'Object Repository/Final Object Repo/Page_Update Add New Employee - ASSIST/Add Employee Button' is clickable

2018-11-22 22:31:46 - [MESSAGE][PASSED] - Object 'Object Repository/Final Object Repo/Page_Update Add New Employee - ASSIST/Add Employee Button' is clickable

2018-11-22 22:31:46 - [TEST_STEP][PASSED] - click: Object: 'Object Repository/Final Object Repo/Page_Update Add New Employee - ASSIST/Add Employee Button' is clicked on

2018-11-22 22:31:47 - [MESSAGE][PASSED] - Object: 'Object Repository/Final Object Repo/Page_Update Add New Employee - ASSIST/Add Employee Button' is clicked on

2018-11-22 22:31:47 - [TEST_STEP][PASSED] - delay: Delayed 4 second(s)

2018-11-22 22:31:51 - [MESSAGE][PASSED] - Delayed 4 second(s)

2018-11-22 22:31:51 - [TEST_STEP][PASSED] - setText: Text '000209039100' is set on object 'Object Repository/Final Object Repo/Page_Update Add New Employee - ASSIST/NRIC Input'

2018-11-22 22:31:51 - [MESSAGE][PASSED] - Text '000209039100' is set on object 'Object Repository/Final Object Repo/Page_Update Add New Employee - ASSIST/NRIC Input'

2018-11-22 22:31:51 - [TEST_STEP][PASSED] - click: Object: 'Object Repository/Final Object Repo/Page_Update Add New Employee - ASSIST/button for search for IC' is clicked on

2018-11-22 22:31:51 - [MESSAGE][PASSED] - Object: 'Object Repository/Final Object Repo/Page_Update Add New Employee - ASSIST/button for search for IC' is clicked on

2018-11-22 22:31:51 - [TEST_STEP][PASSED] - delay: Delayed 2 second(s)

2018-11-22 22:31:53 - [MESSAGE][PASSED] - Delayed 2 second(s)

2018-11-22 22:31:53 - [TEST_STEP][PASSED] - setText: Text 'Automate002 not eligible 1' is set on object 'Object Repository/Final Object Repo/Page_Update Add New Employee - ASSIST/Employee Name Input'

2018-11-22 22:31:54 - [MESSAGE][PASSED] - Text 'Automate002 not eligible 1' is set on object 'Object Repository/Final Object Repo/Page_Update Add New Employee - ASSIST/Employee Name Input'

2018-11-22 22:31:54 - [TEST_STEP][PASSED] - delay: Delayed 2 second(s)

2018-11-22 22:31:56 - [MESSAGE][PASSED] - Delayed 2 second(s)

2018-11-22 22:31:56 - [TEST_STEP][PASSED] - click: Object: 'Object Repository/Final Object Repo/Page_Update Add New Employee - ASSIST/DatePicker Pop Up' is clicked on

2018-11-22 22:31:56 - [MESSAGE][PASSED] - Object: 'Object Repository/Final Object Repo/Page_Update Add New Employee - ASSIST/DatePicker Pop Up' is clicked on

2018-11-22 22:31:56 - [TEST_STEP][PASSED] - delay: Delayed 2 second(s)

2018-11-22 22:31:58 - [MESSAGE][PASSED] - Delayed 2 second(s)

2018-11-22 22:31:58 - [TEST_STEP][PASSED] - click: Object: 'Object Repository/Final Object Repo/Page_Update Add New Employee - ASSIST/DOB Month' is clicked on

2018-11-22 22:31:58 - [MESSAGE][PASSED] - Object: 'Object Repository/Final Object Repo/Page_Update Add New Employee - ASSIST/DOB Month' is clicked on

2018-11-22 22:31:58 - [TEST_STEP][PASSED] - Statement - selectMonth = com.kms.katalon.core.webui.keyword.WebUiBuiltInKeywords.modifyObjectProperty(selectMonth, "xpath", "equals", "//body/div/div/div/select/option[@value="" + CurrentMonth + ""]", true): Modify property of object successfully

2018-11-22 22:31:58 - [MESSAGE][PASSED] - Modify property of object successfully

2018-11-22 22:31:58 - [TEST_STEP][PASSED] - click: Object: '' is clicked on

2018-11-22 22:31:58 - [MESSAGE][PASSED] - Object: '' is clicked on

2018-11-22 22:31:58 - [TEST_STEP][PASSED] - click: Object: 'Object Repository/Final Object Repo/Page_Update Add New Employee - ASSIST/DOB Year' is clicked on

2018-11-22 22:31:58 - [MESSAGE][PASSED] - Object: 'Object Repository/Final Object Repo/Page_Update Add New Employee - ASSIST/DOB Year' is clicked on

2018-11-22 22:31:58 - [TEST_STEP][PASSED] - Statement - selectYear = com.kms.katalon.core.webui.keyword.WebUiBuiltInKeywords.modifyObjectProperty(selectYear, "xpath", "equals", "//div/div/div/select/option[@value="" + EighteenYrsBefore + ""]", true): Modify property of object successfully

2018-11-22 22:31:58 - [MESSAGE][PASSED] - Modify property of object successfully

2018-11-22 22:31:58 - [TEST_STEP][PASSED] - click: Object: '' is clicked on

2018-11-22 22:31:59 - [MESSAGE][PASSED] - Object: '' is clicked on

2018-11-22 22:31:59 - [TEST_STEP][PASSED] - Statement - UpdatedSelectDate = com.kms.katalon.core.webui.keyword.WebUiBuiltInKeywords.modifyObjectProperty(com.kms.katalon.core.testobject.ObjectRepository.findTestObject(Final Object Repo/Page_Update Add New Employee - ASSIST/DOB Date), "xpath", "equals", "//body/div/table/tbody/tr/td/a[text()="" + OneDayBefore + ""]", true): Modify property of object successfully

2018-11-22 22:31:59 - [MESSAGE][PASSED] - Modify property of object successfully

2018-11-22 22:31:59 - [TEST_STEP][PASSED] - click: Object: 'Object Repository/Final Object Repo/Page_Update Add New Employee - ASSIST/DOB Date' is clicked on

2018-11-22 22:31:59 - [MESSAGE][PASSED] - Object: 'Object Repository/Final Object Repo/Page_Update Add New Employee - ASSIST/DOB Date' is clicked on

2018-11-22 22:31:59 - [TEST_STEP][PASSED] - delay: Delayed 2 second(s)

2018-11-22 22:32:01 - [MESSAGE][PASSED] - Delayed 2 second(s)

2018-11-22 22:32:01 - [TEST_STEP][PASSED] - click: Object: 'Object Repository/Final Object Repo/Page_Update Add New Employee - ASSIST/EmploymentStartDate Pop Up' is clicked on

2018-11-22 22:32:01 - [MESSAGE][PASSED] - Object: 'Object Repository/Final Object Repo/Page_Update Add New Employee - ASSIST/EmploymentStartDate Pop Up' is clicked on

2018-11-22 22:32:01 - [TEST_STEP][PASSED] - delay: Delayed 2 second(s)

2018-11-22 22:32:03 - [MESSAGE][PASSED] - Delayed 2 second(s)

2018-11-22 22:32:03 - [TEST_STEP][PASSED] - click: Object: 'Object Repository/Final Object Repo/Page_Update Add New Employee - ASSIST/Socso Employment StartDate Month' is clicked on

2018-11-22 22:32:03 - [MESSAGE][PASSED] - Object: 'Object Repository/Final Object Repo/Page_Update Add New Employee - ASSIST/Socso Employment StartDate Month' is clicked on

2018-11-22 22:32:03 - [TEST_STEP][PASSED] - delay: Delayed 1 second(s)

2018-11-22 22:32:04 - [MESSAGE][PASSED] - Delayed 1 second(s)

2018-11-22 22:32:04 - [TEST_STEP][PASSED] - click: Object: 'Object Repository/Final Object Repo/Page_Update Add New Employee - ASSIST/Select Socso Employement Startdate Month' is clicked on

2018-11-22 22:32:04 - [MESSAGE][PASSED] - Object: 'Object Repository/Final Object Repo/Page_Update Add New Employee - ASSIST/Select Socso Employement Startdate Month' is clicked on

2018-11-22 22:32:04 - [TEST_STEP][PASSED] - delay: Delayed 2 second(s)

2018-11-22 22:32:06 - [MESSAGE][PASSED] - Delayed 2 second(s)

2018-11-22 22:32:06 - [TEST_STEP][PASSED] - click: Object: 'Object Repository/Final Object Repo/Page_Update Add New Employee - ASSIST/Socso Employment StartDate Year' is clicked on

2018-11-22 22:32:06 - [MESSAGE][PASSED] - Object: 'Object Repository/Final Object Repo/Page_Update Add New Employee - ASSIST/Socso Employment StartDate Year' is clicked on

2018-11-22 22:32:06 - [TEST_STEP][PASSED] - delay: Delayed 1 second(s)

2018-11-22 22:32:07 - [MESSAGE][PASSED] - Delayed 1 second(s)

2018-11-22 22:32:07 - [TEST_STEP][PASSED] - click: Object: 'Object Repository/Final Object Repo/Page_Update Add New Employee - ASSIST/Select Socso Employment Startdate Year' is clicked on

2018-11-22 22:32:08 - [MESSAGE][PASSED] - Object: 'Object Repository/Final Object Repo/Page_Update Add New Employee - ASSIST/Select Socso Employment Startdate Year' is clicked on

2018-11-22 22:32:08 - [TEST_STEP][PASSED] - delay: Delayed 2 second(s)

2018-11-22 22:32:10 - [MESSAGE][PASSED] - Delayed 2 second(s)

2018-11-22 22:32:10 - [TEST_STEP][PASSED] - click: Object: 'Object Repository/Final Object Repo/Page_Update Add New Employee - ASSIST/Socso Employment Start Date Day' is clicked on

2018-11-22 22:32:10 - [MESSAGE][PASSED] - Object: 'Object Repository/Final Object Repo/Page_Update Add New Employee - ASSIST/Socso Employment Start Date Day' is clicked on

2018-11-22 22:32:10 - [TEST_STEP][PASSED] - delay: Delayed 2 second(s)

2018-11-22 22:32:12 - [MESSAGE][PASSED] - Delayed 2 second(s)

2018-11-22 22:32:12 - [TEST_STEP][PASSED] - click: Object: 'Object Repository/Final Object Repo/Page_Update Add New Employee - ASSIST/Save Button for Add Employee' is clicked on

2018-11-22 22:32:12 - [MESSAGE][PASSED] - Object: 'Object Repository/Final Object Repo/Page_Update Add New Employee - ASSIST/Save Button for Add Employee' is clicked on

2018-11-22 22:32:12 - [TEST_STEP][PASSED] - delay: Delayed 20 second(s)

2018-11-22 22:32:32 - [MESSAGE][PASSED] - Delayed 20 second(s)

2018-11-22 22:32:32 - [TEST_STEP][PASSED] - click: Object: 'Object Repository/Final Object Repo/Page_Update Add New Employee - ASSIST/Add Employee Button' is clicked on

2018-11-22 22:32:32 - [MESSAGE][PASSED] - Object: 'Object Repository/Final Object Repo/Page_Update Add New Employee - ASSIST/Add Employee Button' is clicked on

2018-11-22 22:32:32 - [TEST_STEP][PASSED] - delay: Delayed 4 second(s)

2018-11-22 22:32:36 - [MESSAGE][PASSED] - Delayed 4 second(s)

2018-11-22 22:32:36 - [TEST_STEP][PASSED] - setText: Text '600203039104' is set on object 'Object Repository/Final Object Repo/Page_Update Add New Employee - ASSIST/NRIC Input'

2018-11-22 22:32:36 - [MESSAGE][PASSED] - Text '600203039104' is set on object 'Object Repository/Final Object Repo/Page_Update Add New Employee - ASSIST/NRIC Input'

2018-11-22 22:32:36 - [TEST_STEP][PASSED] - click: Object: 'Object Repository/Final Object Repo/Page_Update Add New Employee - ASSIST/button for search for IC' is clicked on

2018-11-22 22:32:37 - [MESSAGE][PASSED] - Object: 'Object Repository/Final Object Repo/Page_Update Add New Employee - ASSIST/button for search for IC' is clicked on

2018-11-22 22:32:37 - [TEST_STEP][PASSED] - delay: Delayed 2 second(s)

2018-11-22 22:32:39 - [MESSAGE][PASSED] - Delayed 2 second(s)

2018-11-22 22:32:39 - [TEST_STEP][PASSED] - setText: Text 'Automate002 not eligible 2' is set on object 'Object Repository/Final Object Repo/Page_Update Add New Employee - ASSIST/Employee Name Input'

2018-11-22 22:32:39 - [MESSAGE][PASSED] - Text 'Automate002 not eligible 2' is set on object 'Object Repository/Final Object Repo/Page_Update Add New Employee - ASSIST/Employee Name Input'

2018-11-22 22:32:39 - [TEST_STEP][PASSED] - delay: Delayed 2 second(s)

2018-11-22 22:32:41 - [MESSAGE][PASSED] - Delayed 2 second(s)

2018-11-22 22:32:41 - [TEST_STEP][PASSED] - click: Object: 'Object Repository/Final Object Repo/Page_Update Add New Employee - ASSIST/DatePicker Pop Up' is clicked on

2018-11-22 22:32:41 - [MESSAGE][PASSED] - Object: 'Object Repository/Final Object Repo/Page_Update Add New Employee - ASSIST/DatePicker Pop Up' is clicked on

2018-11-22 22:32:41 - [TEST_STEP][PASSED] - delay: Delayed 2 second(s)

2018-11-22 22:32:43 - [MESSAGE][PASSED] - Delayed 2 second(s)

2018-11-22 22:32:43 - [TEST_STEP][PASSED] - click: Object: 'Object Repository/Final Object Repo/Page_Update Add New Employee - ASSIST/DOB Month' is clicked on

2018-11-22 22:32:44 - [MESSAGE][PASSED] - Object: 'Object Repository/Final Object Repo/Page_Update Add New Employee - ASSIST/DOB Month' is clicked on

2018-11-22 22:32:44 - [TEST_STEP][PASSED] - Statement - selectMonth = com.kms.katalon.core.webui.keyword.WebUiBuiltInKeywords.modifyObjectProperty(selectMonth, "xpath", "equals", "//body/div/div/div/select/option[@value="" + CurrentMonth + ""]", true): Modify property of object successfully

2018-11-22 22:32:44 - [MESSAGE][PASSED] - Modify property of object successfully

2018-11-22 22:32:44 - [TEST_STEP][PASSED] - click: Object: '' is clicked on

2018-11-22 22:32:44 - [MESSAGE][PASSED] - Object: '' is clicked on

2018-11-22 22:32:44 - [TEST_STEP][PASSED] - click: Object: 'Object Repository/Final Object Repo/Page_Update Add New Employee - ASSIST/DOB Year' is clicked on

2018-11-22 22:32:44 - [MESSAGE][PASSED] - Object: 'Object Repository/Final Object Repo/Page_Update Add New Employee - ASSIST/DOB Year' is clicked on

2018-11-22 22:32:44 - [TEST_STEP][PASSED] - Statement - selectYear = com.kms.katalon.core.webui.keyword.WebUiBuiltInKeywords.modifyObjectProperty(selectYear, "xpath", "equals", "//div/div/div/select/option[@value="" + FiftysevenYrsBefore + ""]", true): Modify property of object successfully

2018-11-22 22:32:44 - [MESSAGE][PASSED] - Modify property of object successfully

2018-11-22 22:32:44 - [TEST_STEP][PASSED] - click: Object: '' is clicked on

2018-11-22 22:32:44 - [MESSAGE][PASSED] - Object: '' is clicked on

2018-11-22 22:32:44 - [TEST_STEP][PASSED] - Statement - UpdatedSelectDate = com.kms.katalon.core.webui.keyword.WebUiBuiltInKeywords.modifyObjectProperty(com.kms.katalon.core.testobject.ObjectRepository.findTestObject(Final Object Repo/Page_Update Add New Employee - ASSIST/DOB Date), "xpath", "equals", "//body/div/table/tbody/tr/td/a[text()="" + CurrentDate + ""]", true): Modify property of object successfully

2018-11-22 22:32:44 - [MESSAGE][PASSED] - Modify property of object successfully

2018-11-22 22:32:44 - [TEST_STEP][PASSED] - click: Object: 'Object Repository/Final Object Repo/Page_Update Add New Employee - ASSIST/DOB Date' is clicked on

2018-11-22 22:32:44 - [MESSAGE][PASSED] - Object: 'Object Repository/Final Object Repo/Page_Update Add New Employee - ASSIST/DOB Date' is clicked on

2018-11-22 22:32:44 - [TEST_STEP][PASSED] - click: Object: 'Object Repository/Final Object Repo/Page_Update Add New Employee - ASSIST/EmploymentStartDate Pop Up' is clicked on

2018-11-22 22:32:44 - [MESSAGE][PASSED] - Object: 'Object Repository/Final Object Repo/Page_Update Add New Employee - ASSIST/EmploymentStartDate Pop Up' is clicked on

2018-11-22 22:32:44 - [TEST_STEP][PASSED] - delay: Delayed 2 second(s)

2018-11-22 22:32:46 - [MESSAGE][PASSED] - Delayed 2 second(s)

2018-11-22 22:32:46 - [TEST_STEP][PASSED] - click: Object: 'Object Repository/Final Object Repo/Page_Update Add New Employee - ASSIST/Socso Employment StartDate Month' is clicked on

2018-11-22 22:32:47 - [MESSAGE][PASSED] - Object: 'Object Repository/Final Object Repo/Page_Update Add New Employee - ASSIST/Socso Employment StartDate Month' is clicked on

2018-11-22 22:32:47 - [TEST_STEP][PASSED] - delay: Delayed 1 second(s)

2018-11-22 22:32:48 - [MESSAGE][PASSED] - Delayed 1 second(s)

2018-11-22 22:32:48 - [TEST_STEP][PASSED] - click: Object: 'Object Repository/Final Object Repo/Page_Update Add New Employee - ASSIST/Select Socso Employement Startdate Month' is clicked on

2018-11-22 22:32:48 - [MESSAGE][PASSED] - Object: 'Object Repository/Final Object Repo/Page_Update Add New Employee - ASSIST/Select Socso Employement Startdate Month' is clicked on

2018-11-22 22:32:48 - [TEST_STEP][PASSED] - delay: Delayed 2 second(s)

2018-11-22 22:32:50 - [MESSAGE][PASSED] - Delayed 2 second(s)

2018-11-22 22:32:50 - [TEST_STEP][PASSED] - click: Object: 'Object Repository/Final Object Repo/Page_Update Add New Employee - ASSIST/Socso Employment StartDate Year' is clicked on

2018-11-22 22:32:50 - [MESSAGE][PASSED] - Object: 'Object Repository/Final Object Repo/Page_Update Add New Employee - ASSIST/Socso Employment StartDate Year' is clicked on

2018-11-22 22:32:50 - [TEST_STEP][PASSED] - delay: Delayed 1 second(s)

2018-11-22 22:32:51 - [MESSAGE][PASSED] - Delayed 1 second(s)

2018-11-22 22:32:51 - [TEST_STEP][PASSED] - click: Object: 'Object Repository/Final Object Repo/Page_Update Add New Employee - ASSIST/Select Socso Employment Startdate Year' is clicked on

2018-11-22 22:32:51 - [MESSAGE][PASSED] - Object: 'Object Repository/Final Object Repo/Page_Update Add New Employee - ASSIST/Select Socso Employment Startdate Year' is clicked on

2018-11-22 22:32:51 - [TEST_STEP][PASSED] - delay: Delayed 2 second(s)

2018-11-22 22:32:53 - [MESSAGE][PASSED] - Delayed 2 second(s)

2018-11-22 22:32:53 - [TEST_STEP][PASSED] - click: Object: 'Object Repository/Final Object Repo/Page_Update Add New Employee - ASSIST/Socso Employment Start Date Day' is clicked on

2018-11-22 22:32:53 - [MESSAGE][PASSED] - Object: 'Object Repository/Final Object Repo/Page_Update Add New Employee - ASSIST/Socso Employment Start Date Day' is clicked on

2018-11-22 22:32:53 - [TEST_STEP][PASSED] - delay: Delayed 2 second(s)

2018-11-22 22:32:55 - [MESSAGE][PASSED] - Delayed 2 second(s)

2018-11-22 22:32:55 - [TEST_STEP][PASSED] - click: Object: 'Object Repository/Final Object Repo/Page_Update Add New Employee - ASSIST/Save Button for Add Employee' is clicked on

2018-11-22 22:32:56 - [MESSAGE][PASSED] - Object: 'Object Repository/Final Object Repo/Page_Update Add New Employee - ASSIST/Save Button for Add Employee' is clicked on

2018-11-22 22:32:56 - [MESSAGE][PASSED] - Call Test Case 'Test Cases/Final Aug 2018 - PKS Automation/Registration Module/Workflow/Update Add New Employee/Template/Employee Adding/Employee Adding Action Repeat IC - set 2' successfully

2018-11-22 22:32:56 - [MESSAGE][PASSED] - Call Test Case 'Test Cases/Final Aug 2018 - PKS Automation/Registration Module/Workflow/Update Add New Employee/Template/Employee Adding/Employee Set Decider' successfully

2018-11-22 22:32:56 - [TEST_STEP][PASSED] - delay: Delayed 4 second(s)

2018-11-22 22:33:00 - [MESSAGE][PASSED] - Delayed 4 second(s)

2018-11-22 22:33:00 - [TEST_STEP][PASSED] - Statement - CaseReferenceNo = com.kms.katalon.core.webui.keyword.WebUiBuiltInKeywords.getText(com.kms.katalon.core.testobject.ObjectRepository.findTestObject(Final Object Repo/Page_Update Add New Employee - ASSIST/RefNo)): Text of object 'Object Repository/Final Object Repo/Page_Update Add New Employee - ASSIST/RefNo' is: 'CAN11201800002164'

2018-11-22 22:33:00 - [MESSAGE][PASSED] - Text of object 'Object Repository/Final Object Repo/Page_Update Add New Employee - ASSIST/RefNo' is: 'CAN11201800002164'

2018-11-22 22:33:00 - [TEST_STEP][PASSED] - callTestCase: Call Test Case 'Test Cases/Final Aug 2018 - PKS Automation/Common/Reference Number Setter' successfully

2018-11-22 22:33:00 - [TEST_CASE][PASSED] - Test Cases/Final Aug 2018 - PKS Automation/Common/Reference Number Setter: Test Cases/Final Aug 2018 - PKS Automation/Common/Reference Number Setter

2018-11-22 22:33:00 - [TEST_STEP][PASSED] - Statement - RefNoOldFile = new java.io.File(C://Users//Admin//Desktop//PKS//Automation Reference Point//KatalonReference.txt): null

2018-11-22 22:33:00 - [TEST_STEP][PASSED] - Statement - RefNoOldFile.delete(): null

2018-11-22 22:33:00 - [TEST_STEP][PASSED] - delay: Delayed 5 second(s)

2018-11-22 22:33:05 - [MESSAGE][PASSED] - Delayed 5 second(s)

2018-11-22 22:33:05 - [TEST_STEP][PASSED] - Statement - RefNo = new java.io.File(C://Users//Admin//Desktop//PKS//Automation Reference Point//KatalonReference.txt): null

2018-11-22 22:33:05 - [TEST_STEP][PASSED] - Statement - f2 = new java.io.FileWriter(RefNo, false): null

2018-11-22 22:33:05 - [TEST_STEP][PASSED] - Statement - f2.write(CaseReferenceNo): null

2018-11-22 22:33:05 - [TEST_STEP][PASSED] - Statement - f2.close(): null

2018-11-22 22:33:05 - [TEST_STEP][PASSED] - Statement - out.println("


" + CaseReferenceNo + "


"): null

2018-11-22 22:33:05 - [MESSAGE][PASSED] - Call Test Case 'Test Cases/Final Aug 2018 - PKS Automation/Common/Reference Number Setter' successfully

2018-11-22 22:33:05 - [TEST_STEP][PASSED] - delay: Delayed 5 second(s)

2018-11-22 22:33:10 - [MESSAGE][PASSED] - Delayed 5 second(s)

2018-11-22 22:33:10 - [TEST_STEP][PASSED] - click: Object: 'Object Repository/Final Object Repo/Page_Update Add New Employee - ASSIST/Incomplete Checkbox' is clicked on

2018-11-22 22:33:10 - [MESSAGE][PASSED] - Object: 'Object Repository/Final Object Repo/Page_Update Add New Employee - ASSIST/Incomplete Checkbox' is clicked on

2018-11-22 22:33:10 - [TEST_STEP][PASSED] - delay: Delayed 2 second(s)

2018-11-22 22:33:12 - [MESSAGE][PASSED] - Delayed 2 second(s)

2018-11-22 22:33:12 - [TEST_STEP][PASSED] - click: Object: 'Object Repository/Final Object Repo/Page_Update Add New Employee - ASSIST/Save  Continue Button' is clicked on

2018-11-22 22:33:12 - [MESSAGE][PASSED] - Object: 'Object Repository/Final Object Repo/Page_Update Add New Employee - ASSIST/Save  Continue Button' is clicked on

2018-11-22 22:33:12 - [TEST_STEP][PASSED] - delay: Delayed 4 second(s)

2018-11-22 22:33:16 - [MESSAGE][PASSED] - Delayed 4 second(s)

2018-11-22 22:33:16 - [TEST_STEP][PASSED] - click: Object: 'Object Repository/Final Object Repo/Page_Update Add New Employee - ASSIST/Save  Continue Third Screen' is clicked on

2018-11-22 22:33:19 - [MESSAGE][PASSED] - Object: 'Object Repository/Final Object Repo/Page_Update Add New Employee - ASSIST/Save  Continue Third Screen' is clicked on

2018-11-22 22:33:19 - [TEST_STEP][PASSED] - delay: Delayed 4 second(s)

2018-11-22 22:33:23 - [MESSAGE][PASSED] - Delayed 4 second(s)

2018-11-22 22:33:23 - [TEST_STEP][PASSED] - click: Object: 'Object Repository/Final Object Repo/Page_Update Add New Employee - ASSIST/Save   Continue Supporting Doc Page' is clicked on

2018-11-22 22:33:23 - [MESSAGE][PASSED] - Object: 'Object Repository/Final Object Repo/Page_Update Add New Employee - ASSIST/Save   Continue Supporting Doc Page' is clicked on

2018-11-22 22:33:23 - [TEST_STEP][PASSED] - delay: Delayed 4 second(s)

2018-11-22 22:33:27 - [MESSAGE][PASSED] - Delayed 4 second(s)

2018-11-22 22:33:27 - [TEST_STEP][PASSED] - click: Object: 'Object Repository/Final Object Repo/Page_Update Add New Employee - ASSIST/Submit Button' is clicked on

2018-11-22 22:33:28 - [MESSAGE][PASSED] - Object: 'Object Repository/Final Object Repo/Page_Update Add New Employee - ASSIST/Submit Button' is clicked on

2018-11-22 22:33:28 - [TEST_STEP][PASSED] - delay: Delayed 4 second(s)

2018-11-22 22:33:32 - [MESSAGE][PASSED] - Delayed 4 second(s)

2018-11-22 22:33:32 - [TEST_STEP][PASSED] - click: Object: 'Object Repository/Final Object Repo/Page_Update Add New Employee - ASSIST/Confirm Submit Button' is clicked on

2018-11-22 22:33:32 - [MESSAGE][PASSED] - Object: 'Object Repository/Final Object Repo/Page_Update Add New Employee - ASSIST/Confirm Submit Button' is clicked on

2018-11-22 22:33:32 - [TEST_STEP][PASSED] - delay: Delayed 20 second(s)

2018-11-22 22:33:52 - [MESSAGE][PASSED] - Delayed 20 second(s)

2018-11-22 22:33:52 - [TEST_STEP][PASSED] - callTestCase: Call Test Case 'Test Cases/Final Aug 2018 - PKS Automation/Common/Screenshoting tool' successfully

2018-11-22 22:33:52 - [TEST_CASE][PASSED] - Test Cases/Final Aug 2018 - PKS Automation/Common/Screenshoting tool: Test Cases/Final Aug 2018 - PKS Automation/Common/Screenshoting tool

2018-11-22 22:33:52 - [TEST_STEP][PASSED] - delay: Delayed 15 second(s)

2018-11-22 22:34:07 - [MESSAGE][PASSED] - Delayed 15 second(s)

2018-11-22 22:34:07 - [TEST_STEP][PASSED] - Statement - driver = com.kms.katalon.core.webui.driver.DriverFactory.getWebDriver(): null

2018-11-22 22:34:07 - [TEST_STEP][PASSED] - Statement - driver.manage().timeouts().implicitlyWait(10, SECONDS): null

2018-11-22 22:34:07 - [TEST_STEP][PASSED] - Statement - PresavePath = KatalonScreenshots: null

2018-11-22 22:34:07 - [TEST_STEP][PASSED] - Statement - pathPrefix = "C:\Users\Public\Pictures\Sample Pictures\Katalon Screenshots\Automate Ending Screen": null

2018-11-22 22:34:07 - [TEST_STEP][PASSED] - Statement - finalPath = <not implemented yet for class: org.codehaus.groovy.ast.expr.EmptyExpression>: null

2018-11-22 22:34:07 - [TEST_STEP][PASSED] - Statement - scrFile = driver.getScreenshotAs(FILE): null

2018-11-22 22:34:07 - [TEST_STEP][PASSED] - Statement - PreSaveFile = new java.io.File(PresavePath): null

2018-11-22 22:34:07 - [TEST_STEP][PASSED] - Statement - counter = 0: null

2018-11-22 22:34:07 - [TEST_STEP][PASSED] - Statement - If (PreSaveFile.exists()): null

2018-11-22 22:34:07 - [TEST_STEP][PASSED] - Statement - While (PreSaveFile.exists()): null

2018-11-22 22:34:07 - [TEST_STEP][PASSED] - Statement - counter = counter + 1: null

2018-11-22 22:34:07 - [TEST_STEP][PASSED] - Statement - PreSaveFile = new java.io.File(((pathPrefix + java.lang.Integer.toString(counter)) + .png)): null

2018-11-22 22:34:07 - [TEST_STEP][PASSED] - Statement - counter = counter + 1: null

2018-11-22 22:34:07 - [TEST_STEP][PASSED] - Statement - PreSaveFile = new java.io.File(((pathPrefix + java.lang.Integer.toString(counter)) + .png)): null

2018-11-22 22:34:07 - [TEST_STEP][PASSED] - Statement - counter = counter + 1: null

2018-11-22 22:34:07 - [TEST_STEP][PASSED] - Statement - PreSaveFile = new java.io.File(((pathPrefix + java.lang.Integer.toString(counter)) + .png)): null

2018-11-22 22:34:07 - [TEST_STEP][PASSED] - Statement - counter = counter + 1: null

2018-11-22 22:34:07 - [TEST_STEP][PASSED] - Statement - PreSaveFile = new java.io.File(((pathPrefix + java.lang.Integer.toString(counter)) + .png)): null

2018-11-22 22:34:07 - [TEST_STEP][PASSED] - Statement - counter = counter + 1: null

2018-11-22 22:34:07 - [TEST_STEP][PASSED] - Statement - PreSaveFile = new java.io.File(((pathPrefix + java.lang.Integer.toString(counter)) + .png)): null

2018-11-22 22:34:07 - [TEST_STEP][PASSED] - Statement - counter = counter + 1: null

2018-11-22 22:34:07 - [TEST_STEP][PASSED] - Statement - PreSaveFile = new java.io.File(((pathPrefix + java.lang.Integer.toString(counter)) + .png)): null

2018-11-22 22:34:07 - [TEST_STEP][PASSED] - Statement - counter = counter + 1: null

2018-11-22 22:34:07 - [TEST_STEP][PASSED] - Statement - PreSaveFile = new java.io.File(((pathPrefix + java.lang.Integer.toString(counter)) + .png)): null

2018-11-22 22:34:07 - [TEST_STEP][PASSED] - Statement - counter = counter + 1: null

2018-11-22 22:34:07 - [TEST_STEP][PASSED] - Statement - PreSaveFile = new java.io.File(((pathPrefix + java.lang.Integer.toString(counter)) + .png)): null

2018-11-22 22:34:07 - [TEST_STEP][PASSED] - Statement - counter = counter + 1: null

2018-11-22 22:34:07 - [TEST_STEP][PASSED] - Statement - PreSaveFile = new java.io.File(((pathPrefix + java.lang.Integer.toString(counter)) + .png)): null

2018-11-22 22:34:07 - [TEST_STEP][PASSED] - Statement - counter = counter + 1: null

2018-11-22 22:34:07 - [TEST_STEP][PASSED] - Statement - PreSaveFile = new java.io.File(((pathPrefix + java.lang.Integer.toString(counter)) + .png)): null

2018-11-22 22:34:07 - [TEST_STEP][PASSED] - Statement - counter = counter + 1: null

2018-11-22 22:34:07 - [TEST_STEP][PASSED] - Statement - PreSaveFile = new java.io.File(((pathPrefix + java.lang.Integer.toString(counter)) + .png)): null

2018-11-22 22:34:07 - [TEST_STEP][PASSED] - Statement - counter = counter + 1: null

2018-11-22 22:34:07 - [TEST_STEP][PASSED] - Statement - PreSaveFile = new java.io.File(((pathPrefix + java.lang.Integer.toString(counter)) + .png)): null

2018-11-22 22:34:07 - [TEST_STEP][PASSED] - Statement - counter = counter + 1: null

2018-11-22 22:34:07 - [TEST_STEP][PASSED] - Statement - PreSaveFile = new java.io.File(((pathPrefix + java.lang.Integer.toString(counter)) + .png)): null

2018-11-22 22:34:07 - [TEST_STEP][PASSED] - Statement - counter = counter + 1: null

2018-11-22 22:34:07 - [TEST_STEP][PASSED] - Statement - PreSaveFile = new java.io.File(((pathPrefix + java.lang.Integer.toString(counter)) + .png)): null

2018-11-22 22:34:07 - [TEST_STEP][PASSED] - Statement - counter = counter + 1: null

2018-11-22 22:34:07 - [TEST_STEP][PASSED] - Statement - PreSaveFile = new java.io.File(((pathPrefix + java.lang.Integer.toString(counter)) + .png)): null

2018-11-22 22:34:07 - [TEST_STEP][PASSED] - Statement - counter = counter + 1: null

2018-11-22 22:34:07 - [TEST_STEP][PASSED] - Statement - PreSaveFile = new java.io.File(((pathPrefix + java.lang.Integer.toString(counter)) + .png)): null

2018-11-22 22:34:07 - [TEST_STEP][PASSED] - Statement - counter = counter + 1: null

2018-11-22 22:34:07 - [TEST_STEP][PASSED] - Statement - PreSaveFile = new java.io.File(((pathPrefix + java.lang.Integer.toString(counter)) + .png)): null

2018-11-22 22:34:07 - [TEST_STEP][PASSED] - Statement - counter = counter + 1: null

2018-11-22 22:34:07 - [TEST_STEP][PASSED] - Statement - PreSaveFile = new java.io.File(((pathPrefix + java.lang.Integer.toString(counter)) + .png)): null

2018-11-22 22:34:07 - [TEST_STEP][PASSED] - Statement - counter = counter + 1: null

2018-11-22 22:34:07 - [TEST_STEP][PASSED] - Statement - PreSaveFile = new java.io.File(((pathPrefix + java.lang.Integer.toString(counter)) + .png)): null

2018-11-22 22:34:07 - [TEST_STEP][PASSED] - Statement - counter = counter + 1: null

2018-11-22 22:34:07 - [TEST_STEP][PASSED] - Statement - PreSaveFile = new java.io.File(((pathPrefix + java.lang.Integer.toString(counter)) + .png)): null

2018-11-22 22:34:07 - [TEST_STEP][PASSED] - Statement - counter = counter + 1: null

2018-11-22 22:34:07 - [TEST_STEP][PASSED] - Statement - PreSaveFile = new java.io.File(((pathPrefix + java.lang.Integer.toString(counter)) + .png)): null

2018-11-22 22:34:07 - [TEST_STEP][PASSED] - Statement - counter = counter + 1: null

2018-11-22 22:34:07 - [TEST_STEP][PASSED] - Statement - PreSaveFile = new java.io.File(((pathPrefix + java.lang.Integer.toString(counter)) + .png)): null

2018-11-22 22:34:07 - [TEST_STEP][PASSED] - Statement - counter = counter + 1: null

2018-11-22 22:34:07 - [TEST_STEP][PASSED] - Statement - PreSaveFile = new java.io.File(((pathPrefix + java.lang.Integer.toString(counter)) + .png)): null

2018-11-22 22:34:07 - [TEST_STEP][PASSED] - Statement - counter = counter + 1: null

2018-11-22 22:34:07 - [TEST_STEP][PASSED] - Statement - PreSaveFile = new java.io.File(((pathPrefix + java.lang.Integer.toString(counter)) + .png)): null

2018-11-22 22:34:07 - [TEST_STEP][PASSED] - Statement - counter = counter + 1: null

2018-11-22 22:34:07 - [TEST_STEP][PASSED] - Statement - PreSaveFile = new java.io.File(((pathPrefix + java.lang.Integer.toString(counter)) + .png)): null

2018-11-22 22:34:07 - [TEST_STEP][PASSED] - Statement - counter = counter + 1: null

2018-11-22 22:34:07 - [TEST_STEP][PASSED] - Statement - PreSaveFile = new java.io.File(((pathPrefix + java.lang.Integer.toString(counter)) + .png)): null

2018-11-22 22:34:07 - [TEST_STEP][PASSED] - Statement - counter = counter + 1: null

2018-11-22 22:34:07 - [TEST_STEP][PASSED] - Statement - PreSaveFile = new java.io.File(((pathPrefix + java.lang.Integer.toString(counter)) + .png)): null

2018-11-22 22:34:07 - [TEST_STEP][PASSED] - Statement - counter = counter + 1: null

2018-11-22 22:34:07 - [TEST_STEP][PASSED] - Statement - PreSaveFile = new java.io.File(((pathPrefix + java.lang.Integer.toString(counter)) + .png)): null

2018-11-22 22:34:07 - [TEST_STEP][PASSED] - Statement - counter = counter + 1: null

2018-11-22 22:34:07 - [TEST_STEP][PASSED] - Statement - PreSaveFile = new java.io.File(((pathPrefix + java.lang.Integer.toString(counter)) + .png)): null

2018-11-22 22:34:07 - [TEST_STEP][PASSED] - Statement - counter = counter + 1: null

2018-11-22 22:34:07 - [TEST_STEP][PASSED] - Statement - PreSaveFile = new java.io.File(((pathPrefix + java.lang.Integer.toString(counter)) + .png)): null

2018-11-22 22:34:07 - [TEST_STEP][PASSED] - Statement - counter = counter + 1: null

2018-11-22 22:34:07 - [TEST_STEP][PASSED] - Statement - PreSaveFile = new java.io.File(((pathPrefix + java.lang.Integer.toString(counter)) + .png)): null

2018-11-22 22:34:07 - [TEST_STEP][PASSED] - Statement - counter = counter + 1: null

2018-11-22 22:34:07 - [TEST_STEP][PASSED] - Statement - PreSaveFile = new java.io.File(((pathPrefix + java.lang.Integer.toString(counter)) + .png)): null

2018-11-22 22:34:07 - [TEST_STEP][PASSED] - Statement - counter = counter + 1: null

2018-11-22 22:34:07 - [TEST_STEP][PASSED] - Statement - PreSaveFile = new java.io.File(((pathPrefix + java.lang.Integer.toString(counter)) + .png)): null

2018-11-22 22:34:07 - [TEST_STEP][PASSED] - Statement - counter = counter + 1: null

2018-11-22 22:34:07 - [TEST_STEP][PASSED] - Statement - PreSaveFile = new java.io.File(((pathPrefix + java.lang.Integer.toString(counter)) + .png)): null

2018-11-22 22:34:07 - [TEST_STEP][PASSED] - Statement - counter = counter + 1: null

2018-11-22 22:34:07 - [TEST_STEP][PASSED] - Statement - PreSaveFile = new java.io.File(((pathPrefix + java.lang.Integer.toString(counter)) + .png)): null

2018-11-22 22:34:07 - [TEST_STEP][PASSED] - Statement - counter = counter + 1: null

2018-11-22 22:34:07 - [TEST_STEP][PASSED] - Statement - PreSaveFile = new java.io.File(((pathPrefix + java.lang.Integer.toString(counter)) + .png)): null

2018-11-22 22:34:07 - [TEST_STEP][PASSED] - Statement - counter = counter + 1: null

2018-11-22 22:34:07 - [TEST_STEP][PASSED] - Statement - PreSaveFile = new java.io.File(((pathPrefix + java.lang.Integer.toString(counter)) + .png)): null

2018-11-22 22:34:07 - [TEST_STEP][PASSED] - Statement - counter = counter + 1: null

2018-11-22 22:34:07 - [TEST_STEP][PASSED] - Statement - PreSaveFile = new java.io.File(((pathPrefix + java.lang.Integer.toString(counter)) + .png)): null

2018-11-22 22:34:07 - [TEST_STEP][PASSED] - Statement - counter = counter + 1: null

2018-11-22 22:34:07 - [TEST_STEP][PASSED] - Statement - PreSaveFile = new java.io.File(((pathPrefix + java.lang.Integer.toString(counter)) + .png)): null

2018-11-22 22:34:07 - [TEST_STEP][PASSED] - Statement - counter = counter + 1: null

2018-11-22 22:34:07 - [TEST_STEP][PASSED] - Statement - PreSaveFile = new java.io.File(((pathPrefix + java.lang.Integer.toString(counter)) + .png)): null

2018-11-22 22:34:07 - [TEST_STEP][PASSED] - Statement - counter = counter + 1: null

2018-11-22 22:34:07 - [TEST_STEP][PASSED] - Statement - PreSaveFile = new java.io.File(((pathPrefix + java.lang.Integer.toString(counter)) + .png)): null

2018-11-22 22:34:07 - [TEST_STEP][PASSED] - Statement - counter = counter + 1: null

2018-11-22 22:34:07 - [TEST_STEP][PASSED] - Statement - PreSaveFile = new java.io.File(((pathPrefix + java.lang.Integer.toString(counter)) + .png)): null

2018-11-22 22:34:07 - [TEST_STEP][PASSED] - Statement - counter = counter + 1: null

2018-11-22 22:34:07 - [TEST_STEP][PASSED] - Statement - PreSaveFile = new java.io.File(((pathPrefix + java.lang.Integer.toString(counter)) + .png)): null

2018-11-22 22:34:07 - [TEST_STEP][PASSED] - Statement - counter = counter + 1: null

2018-11-22 22:34:07 - [TEST_STEP][PASSED] - Statement - PreSaveFile = new java.io.File(((pathPrefix + java.lang.Integer.toString(counter)) + .png)): null

2018-11-22 22:34:07 - [TEST_STEP][PASSED] - Statement - counter = counter + 1: null

2018-11-22 22:34:07 - [TEST_STEP][PASSED] - Statement - PreSaveFile = new java.io.File(((pathPrefix + java.lang.Integer.toString(counter)) + .png)): null

2018-11-22 22:34:07 - [TEST_STEP][PASSED] - Statement - counter = counter + 1: null

2018-11-22 22:34:07 - [TEST_STEP][PASSED] - Statement - PreSaveFile = new java.io.File(((pathPrefix + java.lang.Integer.toString(counter)) + .png)): null

2018-11-22 22:34:07 - [TEST_STEP][PASSED] - Statement - counter = counter + 1: null

2018-11-22 22:34:07 - [TEST_STEP][PASSED] - Statement - PreSaveFile = new java.io.File(((pathPrefix + java.lang.Integer.toString(counter)) + .png)): null

2018-11-22 22:34:07 - [TEST_STEP][PASSED] - Statement - counter = counter + 1: null

2018-11-22 22:34:07 - [TEST_STEP][PASSED] - Statement - PreSaveFile = new java.io.File(((pathPrefix + java.lang.Integer.toString(counter)) + .png)): null

2018-11-22 22:34:07 - [TEST_STEP][PASSED] - Statement - counter = counter + 1: null

2018-11-22 22:34:07 - [TEST_STEP][PASSED] - Statement - PreSaveFile = new java.io.File(((pathPrefix + java.lang.Integer.toString(counter)) + .png)): null

2018-11-22 22:34:07 - [TEST_STEP][PASSED] - Statement - counter = counter + 1: null

2018-11-22 22:34:07 - [TEST_STEP][PASSED] - Statement - PreSaveFile = new java.io.File(((pathPrefix + java.lang.Integer.toString(counter)) + .png)): null

2018-11-22 22:34:07 - [TEST_STEP][PASSED] - Statement - counter = counter + 1: null

2018-11-22 22:34:07 - [TEST_STEP][PASSED] - Statement - PreSaveFile = new java.io.File(((pathPrefix + java.lang.Integer.toString(counter)) + .png)): null

2018-11-22 22:34:07 - [TEST_STEP][PASSED] - Statement - counter = counter + 1: null

2018-11-22 22:34:07 - [TEST_STEP][PASSED] - Statement - PreSaveFile = new java.io.File(((pathPrefix + java.lang.Integer.toString(counter)) + .png)): null

2018-11-22 22:34:07 - [TEST_STEP][PASSED] - Statement - counter = counter + 1: null

2018-11-22 22:34:07 - [TEST_STEP][PASSED] - Statement - PreSaveFile = new java.io.File(((pathPrefix + java.lang.Integer.toString(counter)) + .png)): null

2018-11-22 22:34:07 - [TEST_STEP][PASSED] - Statement - counter = counter + 1: null

2018-11-22 22:34:07 - [TEST_STEP][PASSED] - Statement - PreSaveFile = new java.io.File(((pathPrefix + java.lang.Integer.toString(counter)) + .png)): null

2018-11-22 22:34:07 - [TEST_STEP][PASSED] - Statement - counter = counter + 1: null

2018-11-22 22:34:07 - [TEST_STEP][PASSED] - Statement - PreSaveFile = new java.io.File(((pathPrefix + java.lang.Integer.toString(counter)) + .png)): null

2018-11-22 22:34:07 - [TEST_STEP][PASSED] - Statement - counter = counter + 1: null

2018-11-22 22:34:07 - [TEST_STEP][PASSED] - Statement - PreSaveFile = new java.io.File(((pathPrefix + java.lang.Integer.toString(counter)) + .png)): null

2018-11-22 22:34:07 - [TEST_STEP][PASSED] - Statement - counter = counter + 1: null

2018-11-22 22:34:07 - [TEST_STEP][PASSED] - Statement - PreSaveFile = new java.io.File(((pathPrefix + java.lang.Integer.toString(counter)) + .png)): null

2018-11-22 22:34:07 - [TEST_STEP][PASSED] - Statement - counter = counter + 1: null

2018-11-22 22:34:07 - [TEST_STEP][PASSED] - Statement - PreSaveFile = new java.io.File(((pathPrefix + java.lang.Integer.toString(counter)) + .png)): null

2018-11-22 22:34:07 - [TEST_STEP][PASSED] - Statement - counter = counter + 1: null

2018-11-22 22:34:07 - [TEST_STEP][PASSED] - Statement - PreSaveFile = new java.io.File(((pathPrefix + java.lang.Integer.toString(counter)) + .png)): null

2018-11-22 22:34:07 - [TEST_STEP][PASSED] - Statement - counter = counter + 1: null

2018-11-22 22:34:07 - [TEST_STEP][PASSED] - Statement - PreSaveFile = new java.io.File(((pathPrefix + java.lang.Integer.toString(counter)) + .png)): null

2018-11-22 22:34:07 - [TEST_STEP][PASSED] - Statement - counter = counter + 1: null

2018-11-22 22:34:07 - [TEST_STEP][PASSED] - Statement - PreSaveFile = new java.io.File(((pathPrefix + java.lang.Integer.toString(counter)) + .png)): null

2018-11-22 22:34:07 - [TEST_STEP][PASSED] - Statement - counter = counter + 1: null

2018-11-22 22:34:07 - [TEST_STEP][PASSED] - Statement - PreSaveFile = new java.io.File(((pathPrefix + java.lang.Integer.toString(counter)) + .png)): null

2018-11-22 22:34:07 - [TEST_STEP][PASSED] - Statement - counter = counter + 1: null

2018-11-22 22:34:07 - [TEST_STEP][PASSED] - Statement - PreSaveFile = new java.io.File(((pathPrefix + java.lang.Integer.toString(counter)) + .png)): null

2018-11-22 22:34:07 - [TEST_STEP][PASSED] - Statement - counter = counter + 1: null

2018-11-22 22:34:07 - [TEST_STEP][PASSED] - Statement - PreSaveFile = new java.io.File(((pathPrefix + java.lang.Integer.toString(counter)) + .png)): null

2018-11-22 22:34:07 - [TEST_STEP][PASSED] - Statement - counter = counter + 1: null

2018-11-22 22:34:07 - [TEST_STEP][PASSED] - Statement - PreSaveFile = new java.io.File(((pathPrefix + java.lang.Integer.toString(counter)) + .png)): null

2018-11-22 22:34:07 - [TEST_STEP][PASSED] - Statement - counter = counter + 1: null

2018-11-22 22:34:07 - [TEST_STEP][PASSED] - Statement - PreSaveFile = new java.io.File(((pathPrefix + java.lang.Integer.toString(counter)) + .png)): null

2018-11-22 22:34:07 - [TEST_STEP][PASSED] - Statement - counter = counter + 1: null

2018-11-22 22:34:07 - [TEST_STEP][PASSED] - Statement - PreSaveFile = new java.io.File(((pathPrefix + java.lang.Integer.toString(counter)) + .png)): null

2018-11-22 22:34:07 - [TEST_STEP][PASSED] - Statement - counter = counter + 1: null

2018-11-22 22:34:07 - [TEST_STEP][PASSED] - Statement - PreSaveFile = new java.io.File(((pathPrefix + java.lang.Integer.toString(counter)) + .png)): null

2018-11-22 22:34:07 - [TEST_STEP][PASSED] - Statement - counter = counter + 1: null

2018-11-22 22:34:07 - [TEST_STEP][PASSED] - Statement - PreSaveFile = new java.io.File(((pathPrefix + java.lang.Integer.toString(counter)) + .png)): null

2018-11-22 22:34:07 - [TEST_STEP][PASSED] - Statement - counter = counter + 1: null

2018-11-22 22:34:07 - [TEST_STEP][PASSED] - Statement - PreSaveFile = new java.io.File(((pathPrefix + java.lang.Integer.toString(counter)) + .png)): null

2018-11-22 22:34:07 - [TEST_STEP][PASSED] - Statement - counter = counter + 1: null

2018-11-22 22:34:07 - [TEST_STEP][PASSED] - Statement - PreSaveFile = new java.io.File(((pathPrefix + java.lang.Integer.toString(counter)) + .png)): null

2018-11-22 22:34:07 - [TEST_STEP][PASSED] - Statement - counter = counter + 1: null

2018-11-22 22:34:07 - [TEST_STEP][PASSED] - Statement - PreSaveFile = new java.io.File(((pathPrefix + java.lang.Integer.toString(counter)) + .png)): null

2018-11-22 22:34:07 - [TEST_STEP][PASSED] - Statement - finalPath = pathPrefix + java.lang.Integer.toString(counter) + ".png": null

2018-11-22 22:34:07 - [TEST_STEP][PASSED] - Statement - SaveFile = new java.io.File(finalPath): null

2018-11-22 22:34:07 - [TEST_STEP][PASSED] - Statement - Try: null

2018-11-22 22:34:07 - [TEST_STEP][PASSED] - Statement - org.apache.commons.io.FileUtils.copyFile(scrFile, SaveFile): null

2018-11-22 22:34:07 - [TEST_STEP][PASSED] - Statement - out.println("file kept"): null

2018-11-22 22:34:07 - [TEST_STEP][PASSED] - delay: Delayed 10 second(s)

2018-11-22 22:34:17 - [MESSAGE][PASSED] - Delayed 10 second(s)

2018-11-22 22:34:17 - [MESSAGE][PASSED] - Call Test Case 'Test Cases/Final Aug 2018 - PKS Automation/Common/Screenshoting tool' successfully

2018-11-22 22:34:17 - [TEST_STEP][PASSED] - callTestCase: Call Test Case 'Test Cases/Final Aug 2018 - PKS Automation/Registration Module/Log Out/log out avoiding katalon tagging' successfully

2018-11-22 22:34:17 - [TEST_CASE][PASSED] - Test Cases/Final Aug 2018 - PKS Automation/Registration Module/Log Out/log out avoiding katalon tagging: Test Cases/Final Aug 2018 - PKS Automation/Registration Module/Log Out/log out avoiding katalon tagging

2018-11-22 22:34:17 - [TEST_STEP][PASSED] - navigateToUrl: Navigate to 'https://assist2-uat.perkeso.gov.my/c/portal/logout' successfully

2018-11-22 22:34:18 - [MESSAGE][PASSED] - Navigate to 'https://assist2-uat.perkeso.gov.my/c/portal/logout' successfully

2018-11-22 22:34:18 - [MESSAGE][PASSED] - Call Test Case 'Test Cases/Final Aug 2018 - PKS Automation/Registration Module/Log Out/log out avoiding katalon tagging' successfully

2018-11-22 22:34:18 - [TEST_STEP][FAILED] - callTestCase: Unable to call Test Case with id 'Test Cases/Final Aug 2018 - PKS Automation/Common/Workflow Owner Finder' (Root cause: Call Test Case 'Test Cases/Final Aug 2018 - PKS Automation/Common/Workflow Owner Finder' failed)

2018-11-22 22:34:18 - [TEST_CASE][FAILED] - Test Cases/Final Aug 2018 - PKS Automation/Common/Workflow Owner Finder: Test Cases/Final Aug 2018 - PKS Automation/Common/Workflow Owner Finder FAILED because (of) (Stack trace: com.kms.katalon.core.exception.StepFailedException: Unable to click on object 'Object Repository/Final Object Repo/Landing Page/Select to English' (Root cause: com.kms.katalon.core.webui.exception.WebElementNotFoundException: Web element with id: 'Object Repository/Final Object Repo/Landing Page/Select to English' located by 'By.xpath: //a[@class = 'taglib-language-list-text' and @lang = 'en-US' and (contains(text(), 'EN') or contains(., 'EN'))]' not found)
	at com.kms.katalon.core.keyword.internal.KeywordMain.stepFailed(KeywordMain.groovy:32)
	at com.kms.katalon.core.webui.keyword.internal.WebUIKeywordMain.stepFailed(WebUIKeywordMain.groovy:65)
	at com.kms.katalon.core.webui.keyword.internal.WebUIKeywordMain.runKeyword(WebUIKeywordMain.groovy:27)
	at com.kms.katalon.core.webui.keyword.builtin.ClickKeyword.click(ClickKeyword.groovy:86)
	at com.kms.katalon.core.webui.keyword.builtin.ClickKeyword.execute(ClickKeyword.groovy:67)
	at com.kms.katalon.core.keyword.internal.KeywordExecutor.executeKeywordForPlatform(KeywordExecutor.groovy:53)
	at com.kms.katalon.core.webui.keyword.WebUiBuiltInKeywords.click(WebUiBuiltInKeywords.groovy:604)
	at com.kms.katalon.core.webui.keyword.WebUiBuiltInKeywords$click$6.call(Unknown Source)
	at Script1534407542420.run(Script1534407542420.groovy:57)
	at com.kms.katalon.core.main.ScriptEngine.run(ScriptEngine.java:183)
	at com.kms.katalon.core.main.ScriptEngine.runScriptAsRawText(ScriptEngine.java:108)
	at com.kms.katalon.core.main.TestCaseExecutor.runScript(TestCaseExecutor.java:294)
	at com.kms.katalon.core.main.TestCaseExecutor.doExecute(TestCaseExecutor.java:285)
	at com.kms.katalon.core.main.TestCaseExecutor.processExecutionPhase(TestCaseExecutor.java:264)
	at com.kms.katalon.core.main.TestCaseExecutor.accessMainPhase(TestCaseExecutor.java:256)
	at com.kms.katalon.core.main.TestCaseExecutor.execute(TestCaseExecutor.java:200)
	at com.kms.katalon.core.main.TestCaseMain.runTestCase(TestCaseMain.java:99)
	at com.kms.katalon.core.keyword.builtin.CallTestCaseKeyword$_callTestCase_closure1.doCall(CallTestCaseKeyword.groovy:60)
	at com.kms.katalon.core.keyword.builtin.CallTestCaseKeyword$_callTestCase_closure1.call(CallTestCaseKeyword.groovy)
	at com.kms.katalon.core.keyword.internal.KeywordMain.runKeyword(KeywordMain.groovy:54)
	at com.kms.katalon.core.keyword.builtin.CallTestCaseKeyword.callTestCase(CallTestCaseKeyword.groovy:81)
	at com.kms.katalon.core.keyword.builtin.CallTestCaseKeyword.execute(CallTestCaseKeyword.groovy:45)
	at com.kms.katalon.core.keyword.internal.KeywordExecutor.executeKeywordForPlatform(KeywordExecutor.groovy:53)
	at com.kms.katalon.core.keyword.BuiltinKeywords.callTestCase(BuiltinKeywords.groovy:334)
	at sun.reflect.GeneratedMethodAccessor13.invoke(Unknown Source)
	at sun.reflect.DelegatingMethodAccessorImpl.invoke(DelegatingMethodAccessorImpl.java:43)
	at java.lang.reflect.Method.invoke(Method.java:498)
	at org.codehaus.groovy.reflection.CachedMethod.invoke(CachedMethod.java:93)
	at groovy.lang.MetaMethod.doMethodInvoke(MetaMethod.java:325)
	at groovy.lang.MetaClassImpl.invokeStaticMethod(MetaClassImpl.java:1469)
	at org.codehaus.groovy.runtime.callsite.StaticMetaClassSite.call(StaticMetaClassSite.java:53)
	at org.codehaus.groovy.runtime.callsite.CallSiteArray.defaultCall(CallSiteArray.java:48)
	at org.codehaus.groovy.runtime.callsite.AbstractCallSite.call(AbstractCallSite.java:113)
	at org.codehaus.groovy.runtime.callsite.AbstractCallSite.call(AbstractCallSite.java:141)
	at Script1536223156094.run(Script1536223156094.groovy:125)
	at com.kms.katalon.core.main.ScriptEngine.run(ScriptEngine.java:183)
	at com.kms.katalon.core.main.ScriptEngine.runScriptAsRawText(ScriptEngine.java:108)
	at com.kms.katalon.core.main.TestCaseExecutor.runScript(TestCaseExecutor.java:294)
	at com.kms.katalon.core.main.TestCaseExecutor.doExecute(TestCaseExecutor.java:285)
	at com.kms.katalon.core.main.TestCaseExecutor.processExecutionPhase(TestCaseExecutor.java:264)
	at com.kms.katalon.core.main.TestCaseExecutor.accessMainPhase(TestCaseExecutor.java:256)
	at com.kms.katalon.core.main.TestCaseExecutor.execute(TestCaseExecutor.java:200)
	at com.kms.katalon.core.main.TestSuiteExecutor.accessTestCaseMainPhase(TestSuiteExecutor.java:129)
	at com.kms.katalon.core.main.TestSuiteExecutor.accessTestSuiteMainPhase(TestSuiteExecutor.java:112)
	at com.kms.katalon.core.main.TestSuiteExecutor.execute(TestSuiteExecutor.java:81)
	at com.kms.katalon.core.main.TestCaseMain.startTestSuite(TestCaseMain.java:142)
	at com.kms.katalon.core.main.TestCaseMain$startTestSuite$0.call(Unknown Source)
	at org.codehaus.groovy.runtime.callsite.CallSiteArray.defaultCall(CallSiteArray.java:48)
	at org.codehaus.groovy.runtime.callsite.AbstractCallSite.call(AbstractCallSite.java:113)
	at org.codehaus.groovy.runtime.callsite.AbstractCallSite.call(AbstractCallSite.java:141)
	at TempTestSuite1542874456666.run(TempTestSuite1542874456666.groovy:36)
	at groovy.lang.GroovyShell.runScriptOrMainOrTestOrRunnable(GroovyShell.java:263)
	at groovy.lang.GroovyShell.run(GroovyShell.java:518)
	at groovy.lang.GroovyShell.run(GroovyShell.java:507)
	at groovy.ui.GroovyMain.processOnce(GroovyMain.java:653)
	at groovy.ui.GroovyMain.run(GroovyMain.java:384)
	at groovy.ui.GroovyMain.process(GroovyMain.java:370)
	at groovy.ui.GroovyMain.processArgs(GroovyMain.java:129)
	at groovy.ui.GroovyMain.main(GroovyMain.java:109)
	at sun.reflect.NativeMethodAccessorImpl.invoke0(Native Method)
	at sun.reflect.NativeMethodAccessorImpl.invoke(NativeMethodAccessorImpl.java:62)
	at sun.reflect.DelegatingMethodAccessorImpl.invoke(DelegatingMethodAccessorImpl.java:43)
	at java.lang.reflect.Method.invoke(Method.java:498)
	at org.codehaus.groovy.tools.GroovyStarter.rootLoader(GroovyStarter.java:109)
	at org.codehaus.groovy.tools.GroovyStarter.main(GroovyStarter.java:131)
)

2018-11-22 22:34:18 - [TEST_STEP][PASSED] - openBrowser: Browser is opened with url: ''

2018-11-22 22:34:18 - [MESSAGE][WARNING] - A browser is already opened. Closing browser and opening a new one

2018-11-22 22:34:22 - [MESSAGE][PASSED] - Browser is opened with url: ''

2018-11-22 22:34:22 - [TEST_STEP][PASSED] - navigateToUrl: Navigate to 'https://assist2-uat.perkeso.gov.my/login' successfully

2018-11-22 22:34:23 - [MESSAGE][PASSED] - Navigate to 'https://assist2-uat.perkeso.gov.my/login' successfully

2018-11-22 22:34:23 - [TEST_STEP][PASSED] - delay: Delayed 5 second(s)

2018-11-22 22:34:28 - [MESSAGE][PASSED] - Delayed 5 second(s)

2018-11-22 22:34:28 - [TEST_STEP][PASSED] - setText: Text 'test@liferay.com' is set on object 'Object Repository/Final Object Repo/Login Page/Internal User/Email Address'

2018-11-22 22:34:28 - [MESSAGE][PASSED] - Text 'test@liferay.com' is set on object 'Object Repository/Final Object Repo/Login Page/Internal User/Email Address'

2018-11-22 22:34:28 - [TEST_STEP][PASSED] - click: Object: 'Object Repository/Final Object Repo/Login Page/Internal User/Next Button' is clicked on

2018-11-22 22:34:29 - [MESSAGE][PASSED] - Object: 'Object Repository/Final Object Repo/Login Page/Internal User/Next Button' is clicked on

2018-11-22 22:34:29 - [TEST_STEP][PASSED] - delay: Delayed 2 second(s)

2018-11-22 22:34:31 - [MESSAGE][PASSED] - Delayed 2 second(s)

2018-11-22 22:34:31 - [TEST_STEP][PASSED] - setText: Text 'test' is set on object 'Object Repository/Final Object Repo/Login Page/Internal User/Password'

2018-11-22 22:34:31 - [MESSAGE][PASSED] - Text 'test' is set on object 'Object Repository/Final Object Repo/Login Page/Internal User/Password'

2018-11-22 22:34:31 - [TEST_STEP][PASSED] - delay: Delayed 2 second(s)

2018-11-22 22:34:33 - [MESSAGE][PASSED] - Delayed 2 second(s)

2018-11-22 22:34:33 - [TEST_STEP][PASSED] - click: Object: 'Object Repository/Final Object Repo/Login Page/Internal User/Login Button' is clicked on

2018-11-22 22:34:33 - [MESSAGE][PASSED] - Object: 'Object Repository/Final Object Repo/Login Page/Internal User/Login Button' is clicked on

2018-11-22 22:34:33 - [TEST_STEP][FAILED] - Statement - Try: Delayed 2 second(s)

2018-11-22 22:34:33 - [TEST_STEP][PASSED] - Statement - Checker = false: null

2018-11-22 22:34:33 - [TEST_STEP][PASSED] - Statement - Checker = com.kms.katalon.core.webui.keyword.WebUiBuiltInKeywords.verifyElementHasAttribute(com.kms.katalon.core.testobject.ObjectRepository.findTestObject(Final Object Repo/Landing Page/BM Detecting), "href", 20, OPTIONAL): Unable to verify if object 'Object Repository/Final Object Repo/Landing Page/BM Detecting' has attribute 'href' (Root cause: org.openqa.selenium.StaleElementReferenceException: stale element reference: element is not attached to the page document
  (Session info: chrome=70.0.3538.102)
  (Driver info: chromedriver=2.43.600210 (68dcf5eebde37173d4027fa8635e332711d2874a),platform=Windows NT 6.1.7601 SP1 x86_64) (WARNING: The server did not provide any stacktrace information)
Command duration or timeout: 0 milliseconds
For documentation on this error, please visit: http://seleniumhq.org/exceptions/stale_element_reference.html
Build info: version: '3.7.1', revision: '8a0099a', time: '2017-11-06T21:07:36.161Z'
System info: host: 'WIN7TEST02', ip: '10.20.3.72', os.name: 'Windows 7', os.arch: 'amd64', os.version: '6.1', java.version: '1.8.0_181'
Driver info: com.kms.katalon.selenium.driver.CChromeDriver
Capabilities {acceptInsecureCerts: false, acceptSslCerts: false, applicationCacheEnabled: false, browserConnectionEnabled: false, browserName: chrome, chrome: {chromedriverVersion: 2.43.600210 (68dcf5eebde371..., userDataDir: C:\Users\Admin\AppData\Loca...}, cssSelectorsEnabled: true, databaseEnabled: false, goog:chromeOptions: {debuggerAddress: localhost:64231}, handlesAlerts: true, hasTouchScreen: false, javascriptEnabled: true, locationContextEnabled: true, mobileEmulationEnabled: false, nativeEvents: true, networkConnectionEnabled: false, pageLoadStrategy: normal, platform: XP, platformName: XP, rotatable: false, setWindowRect: true, takesHeapSnapshot: true, takesScreenshot: true, unexpectedAlertBehaviour: , unhandledPromptBehavior: , version: 70.0.3538.102, webStorageEnabled: true}
Session ID: 24fda2e40965029e51d11cba55bc001d)

2018-11-22 22:34:35 - [MESSAGE][WARNING] - Unable to verify if object 'Object Repository/Final Object Repo/Landing Page/BM Detecting' has attribute 'href' (Root cause: org.openqa.selenium.StaleElementReferenceException: stale element reference: element is not attached to the page document
  (Session info: chrome=70.0.3538.102)
  (Driver info: chromedriver=2.43.600210 (68dcf5eebde37173d4027fa8635e332711d2874a),platform=Windows NT 6.1.7601 SP1 x86_64) (WARNING: The server did not provide any stacktrace information)
Command duration or timeout: 0 milliseconds
For documentation on this error, please visit: http://seleniumhq.org/exceptions/stale_element_reference.html
Build info: version: '3.7.1', revision: '8a0099a', time: '2017-11-06T21:07:36.161Z'
System info: host: 'WIN7TEST02', ip: '10.20.3.72', os.name: 'Windows 7', os.arch: 'amd64', os.version: '6.1', java.version: '1.8.0_181'
Driver info: com.kms.katalon.selenium.driver.CChromeDriver
Capabilities {acceptInsecureCerts: false, acceptSslCerts: false, applicationCacheEnabled: false, browserConnectionEnabled: false, browserName: chrome, chrome: {chromedriverVersion: 2.43.600210 (68dcf5eebde371..., userDataDir: C:\Users\Admin\AppData\Loca...}, cssSelectorsEnabled: true, databaseEnabled: false, goog:chromeOptions: {debuggerAddress: localhost:64231}, handlesAlerts: true, hasTouchScreen: false, javascriptEnabled: true, locationContextEnabled: true, mobileEmulationEnabled: false, nativeEvents: true, networkConnectionEnabled: false, pageLoadStrategy: normal, platform: XP, platformName: XP, rotatable: false, setWindowRect: true, takesHeapSnapshot: true, takesScreenshot: true, unexpectedAlertBehaviour: , unhandledPromptBehavior: , version: 70.0.3538.102, webStorageEnabled: true}
Session ID: 24fda2e40965029e51d11cba55bc001d)
[[ATTACHMENT|C:\\Users\\Admin\\Desktop\\PKS\\Perkeso Phase A\\Reports\\Workflow\\Update Add New Employee\\20181122_161416\\1542897275518.png]]

2018-11-22 22:34:35 - [TEST_STEP][PASSED] - Statement - out.println(Checker): null

2018-11-22 22:34:35 - [TEST_STEP][FAILED] - Statement - If (Checker == false): Unable to click on object 'Object Repository/Final Object Repo/Landing Page/Select to English' (Root cause: com.kms.katalon.core.webui.exception.WebElementNotFoundException: Web element with id: 'Object Repository/Final Object Repo/Landing Page/Select to English' located by 'By.xpath: //a[@class = 'taglib-language-list-text' and @lang = 'en-US' and (contains(text(), 'EN') or contains(., 'EN'))]' not found)

2018-11-22 22:34:35 - [TEST_STEP][FAILED] - click: Unable to click on object 'Object Repository/Final Object Repo/Landing Page/Select to English' (Root cause: com.kms.katalon.core.webui.exception.WebElementNotFoundException: Web element with id: 'Object Repository/Final Object Repo/Landing Page/Select to English' located by 'By.xpath: //a[@class = 'taglib-language-list-text' and @lang = 'en-US' and (contains(text(), 'EN') or contains(., 'EN'))]' not found)

2018-11-22 22:35:13 - [MESSAGE][FAILED] - Unable to click on object 'Object Repository/Final Object Repo/Landing Page/Select to English' (Root cause: com.kms.katalon.core.webui.exception.WebElementNotFoundException: Web element with id: 'Object Repository/Final Object Repo/Landing Page/Select to English' located by 'By.xpath: //a[@class = 'taglib-language-list-text' and @lang = 'en-US' and (contains(text(), 'EN') or contains(., 'EN'))]' not found)
[[ATTACHMENT|C:\\Users\\Admin\\Desktop\\PKS\\Perkeso Phase A\\Reports\\Workflow\\Update Add New Employee\\20181122_161416\\1542897313074.png]]

2018-11-22 22:35:13 - [TEST_STEP][PASSED] - delay: Delayed 2 second(s)

2018-11-22 22:35:15 - [MESSAGE][PASSED] - Delayed 2 second(s)

2018-11-22 22:35:15 - [TEST_STEP][PASSED] - delay: Delayed 3 second(s)

2018-11-22 22:35:18 - [MESSAGE][PASSED] - Delayed 3 second(s)

2018-11-22 22:35:18 - [TEST_STEP][PASSED] - mouseOver: Object: 'Object Repository/Final Object Repo/Landing Page/WorkFlow Menu' is hovered

2018-11-22 22:35:18 - [MESSAGE][PASSED] - Object: 'Object Repository/Final Object Repo/Landing Page/WorkFlow Menu' is hovered

2018-11-22 22:35:18 - [TEST_STEP][PASSED] - delay: Delayed 2 second(s)

2018-11-22 22:35:20 - [MESSAGE][PASSED] - Delayed 2 second(s)

2018-11-22 22:35:20 - [TEST_STEP][PASSED] - click: Object: 'Object Repository/Final Object Repo/Landing Page/Select to Workflow Listing' is clicked on

2018-11-22 22:35:21 - [MESSAGE][PASSED] - Object: 'Object Repository/Final Object Repo/Landing Page/Select to Workflow Listing' is clicked on

2018-11-22 22:35:21 - [TEST_STEP][PASSED] - delay: Delayed 2 second(s)

2018-11-22 22:35:23 - [MESSAGE][PASSED] - Delayed 2 second(s)

2018-11-22 22:35:23 - [TEST_STEP][PASSED] - click: Object: 'Object Repository/Final Object Repo/WorkFlow Listing Page/Search Information - To Put Ref No' is clicked on

2018-11-22 22:35:23 - [MESSAGE][PASSED] - Object: 'Object Repository/Final Object Repo/WorkFlow Listing Page/Search Information - To Put Ref No' is clicked on

2018-11-22 22:35:23 - [TEST_STEP][PASSED] - delay: Delayed 2 second(s)

2018-11-22 22:35:25 - [MESSAGE][PASSED] - Delayed 2 second(s)

2018-11-22 22:35:25 - [TEST_STEP][PASSED] - callTestCase: Call Test Case 'Test Cases/Final Aug 2018 - PKS Automation/Common/Reference Number Getter' successfully

2018-11-22 22:35:25 - [TEST_CASE][PASSED] - Test Cases/Final Aug 2018 - PKS Automation/Common/Reference Number Getter: Test Cases/Final Aug 2018 - PKS Automation/Common/Reference Number Getter

2018-11-22 22:35:25 - [TEST_STEP][PASSED] - Statement - Try: null

2018-11-22 22:35:25 - [TEST_STEP][PASSED] - Statement - RefNo = new java.io.File(C://Users//Admin//Desktop//PKS//Automation Reference Point//KatalonReference.txt): null

2018-11-22 22:35:25 - [TEST_STEP][PASSED] - Statement - bufferread = new java.io.BufferedReader(new java.io.FileReader(RefNo)): null

2018-11-22 22:35:25 - [TEST_STEP][PASSED] - Statement - readedVal = bufferread.readLine(): null

2018-11-22 22:35:25 - [TEST_STEP][PASSED] - Statement - out.println(CaseReferenceNo): null

2018-11-22 22:35:25 - [TEST_STEP][PASSED] - Statement - out.println(readedVal): null

2018-11-22 22:35:25 - [TEST_STEP][PASSED] - Statement - CaseReferenceNo = "": null

2018-11-22 22:35:25 - [TEST_STEP][PASSED] - Statement - CaseReferenceNo = readedVal: null

2018-11-22 22:35:25 - [MESSAGE][PASSED] - Call Test Case 'Test Cases/Final Aug 2018 - PKS Automation/Common/Reference Number Getter' successfully

2018-11-22 22:35:25 - [TEST_STEP][PASSED] - setText: Text 'CAN11201800002164' is set on object 'Object Repository/Final Object Repo/WorkFlow Listing Page/Ref No Set Text'

2018-11-22 22:35:26 - [MESSAGE][PASSED] - Text 'CAN11201800002164' is set on object 'Object Repository/Final Object Repo/WorkFlow Listing Page/Ref No Set Text'

2018-11-22 22:35:26 - [TEST_STEP][PASSED] - delay: Delayed 2 second(s)

2018-11-22 22:35:28 - [MESSAGE][PASSED] - Delayed 2 second(s)

2018-11-22 22:35:28 - [TEST_STEP][PASSED] - click: Object: 'Object Repository/Final Object Repo/WorkFlow Listing Page/Search Ref No Search Button' is clicked on

2018-11-22 22:35:28 - [MESSAGE][PASSED] - Object: 'Object Repository/Final Object Repo/WorkFlow Listing Page/Search Ref No Search Button' is clicked on

2018-11-22 22:35:28 - [TEST_STEP][PASSED] - delay: Delayed 4 second(s)

2018-11-22 22:35:32 - [MESSAGE][PASSED] - Delayed 4 second(s)

2018-11-22 22:35:32 - [TEST_STEP][PASSED] - click: Object: 'Object Repository/Final Object Repo/WorkFlow Listing Page/Click Continue Tooltip' is clicked on

2018-11-22 22:35:33 - [MESSAGE][PASSED] - Object: 'Object Repository/Final Object Repo/WorkFlow Listing Page/Click Continue Tooltip' is clicked on

2018-11-22 22:35:33 - [TEST_STEP][PASSED] - delay: Delayed 5 second(s)

2018-11-22 22:35:38 - [MESSAGE][PASSED] - Delayed 5 second(s)

2018-11-22 22:35:38 - [TEST_STEP][PASSED] - doubleClick: Object: 'Object Repository/Final Object Repo/WorkFlow Listing Page/Workflow Found - Listing 1' is double clicked on

2018-11-22 22:35:38 - [MESSAGE][PASSED] - Object: 'Object Repository/Final Object Repo/WorkFlow Listing Page/Workflow Found - Listing 1' is double clicked on

2018-11-22 22:35:38 - [TEST_STEP][PASSED] - Statement - println(OwnerID): null

2018-11-22 22:35:38 - [TEST_STEP][PASSED] - Statement - OwnerID = com.kms.katalon.core.webui.keyword.WebUiBuiltInKeywords.getText(com.kms.katalon.core.testobject.ObjectRepository.findTestObject(Final Object Repo/WorkFlow Listing Page/Workflow Found - Listing 1), STOP_ON_FAILURE): Text of object 'Object Repository/Final Object Repo/WorkFlow Listing Page/Workflow Found - Listing 1' is: 'KLpkrbo2'

2018-11-22 22:35:38 - [MESSAGE][PASSED] - Text of object 'Object Repository/Final Object Repo/WorkFlow Listing Page/Workflow Found - Listing 1' is: 'KLpkrbo2'

2018-11-22 22:35:38 - [TEST_STEP][PASSED] - Statement - OwnerID = OwnerID.toLowerCase() + "@gmail.com": null

2018-11-22 22:35:38 - [TEST_STEP][PASSED] - Statement - println(OwnerID): null

2018-11-22 22:35:38 - [TEST_STEP][PASSED] - delay: Delayed 2 second(s)

2018-11-22 22:35:40 - [MESSAGE][PASSED] - Delayed 2 second(s)

2018-11-22 22:35:40 - [MESSAGE][FAILED] - Unable to call Test Case with id 'Test Cases/Final Aug 2018 - PKS Automation/Common/Workflow Owner Finder' (Root cause: Call Test Case 'Test Cases/Final Aug 2018 - PKS Automation/Common/Workflow Owner Finder' failed)]]></system-out>
         <system-err><![CDATA[2018-11-22 22:24:54 - [TEST_CASE][FAILED] - Test Cases/Final Aug 2018 - PKS Automation/Registration Module/Workflow/Update Add New Employee/Special Case (OTC - PKR BO - RO Query - PKR BO Upload Pending Case - RO Approve): Test Cases/Final Aug 2018 - PKS Automation/Registration Module/Workflow/Update Add New Employee/Special Case (OTC - PKR BO - RO Query - PKR BO Upload Pending Case - RO Approve) FAILED because (of) (Stack trace: com.kms.katalon.core.exception.StepFailedException: Unable to click on object 'Object Repository/Final Object Repo/Landing Page/Select to English' (Root cause: com.kms.katalon.core.webui.exception.WebElementNotFoundException: Web element with id: 'Object Repository/Final Object Repo/Landing Page/Select to English' located by 'By.xpath: //a[@class = 'taglib-language-list-text' and @lang = 'en-US' and (contains(text(), 'EN') or contains(., 'EN'))]' not found)
	at com.kms.katalon.core.keyword.internal.KeywordMain.stepFailed(KeywordMain.groovy:32)
	at com.kms.katalon.core.webui.keyword.internal.WebUIKeywordMain.stepFailed(WebUIKeywordMain.groovy:65)
	at com.kms.katalon.core.webui.keyword.internal.WebUIKeywordMain.runKeyword(WebUIKeywordMain.groovy:27)
	at com.kms.katalon.core.webui.keyword.builtin.ClickKeyword.click(ClickKeyword.groovy:86)
	at com.kms.katalon.core.webui.keyword.builtin.ClickKeyword.execute(ClickKeyword.groovy:67)
	at com.kms.katalon.core.keyword.internal.KeywordExecutor.executeKeywordForPlatform(KeywordExecutor.groovy:53)
	at com.kms.katalon.core.webui.keyword.WebUiBuiltInKeywords.click(WebUiBuiltInKeywords.groovy:604)
	at com.kms.katalon.core.webui.keyword.WebUiBuiltInKeywords$click$6.call(Unknown Source)
	at Script1534407542420.run(Script1534407542420.groovy:57)
	at com.kms.katalon.core.main.ScriptEngine.run(ScriptEngine.java:183)
	at com.kms.katalon.core.main.ScriptEngine.runScriptAsRawText(ScriptEngine.java:108)
	at com.kms.katalon.core.main.TestCaseExecutor.runScript(TestCaseExecutor.java:294)
	at com.kms.katalon.core.main.TestCaseExecutor.doExecute(TestCaseExecutor.java:285)
	at com.kms.katalon.core.main.TestCaseExecutor.processExecutionPhase(TestCaseExecutor.java:264)
	at com.kms.katalon.core.main.TestCaseExecutor.accessMainPhase(TestCaseExecutor.java:256)
	at com.kms.katalon.core.main.TestCaseExecutor.execute(TestCaseExecutor.java:200)
	at com.kms.katalon.core.main.TestCaseMain.runTestCase(TestCaseMain.java:99)
	at com.kms.katalon.core.keyword.builtin.CallTestCaseKeyword$_callTestCase_closure1.doCall(CallTestCaseKeyword.groovy:60)
	at com.kms.katalon.core.keyword.builtin.CallTestCaseKeyword$_callTestCase_closure1.call(CallTestCaseKeyword.groovy)
	at com.kms.katalon.core.keyword.internal.KeywordMain.runKeyword(KeywordMain.groovy:54)
	at com.kms.katalon.core.keyword.builtin.CallTestCaseKeyword.callTestCase(CallTestCaseKeyword.groovy:81)
	at com.kms.katalon.core.keyword.builtin.CallTestCaseKeyword.execute(CallTestCaseKeyword.groovy:45)
	at com.kms.katalon.core.keyword.internal.KeywordExecutor.executeKeywordForPlatform(KeywordExecutor.groovy:53)
	at com.kms.katalon.core.keyword.BuiltinKeywords.callTestCase(BuiltinKeywords.groovy:334)
	at sun.reflect.GeneratedMethodAccessor13.invoke(Unknown Source)
	at sun.reflect.DelegatingMethodAccessorImpl.invoke(DelegatingMethodAccessorImpl.java:43)
	at java.lang.reflect.Method.invoke(Method.java:498)
	at org.codehaus.groovy.reflection.CachedMethod.invoke(CachedMethod.java:93)
	at groovy.lang.MetaMethod.doMethodInvoke(MetaMethod.java:325)
	at groovy.lang.MetaClassImpl.invokeStaticMethod(MetaClassImpl.java:1469)
	at org.codehaus.groovy.runtime.callsite.StaticMetaClassSite.call(StaticMetaClassSite.java:53)
	at org.codehaus.groovy.runtime.callsite.CallSiteArray.defaultCall(CallSiteArray.java:48)
	at org.codehaus.groovy.runtime.callsite.AbstractCallSite.call(AbstractCallSite.java:113)
	at org.codehaus.groovy.runtime.callsite.AbstractCallSite.call(AbstractCallSite.java:141)
	at Script1536223156094.run(Script1536223156094.groovy:125)
	at com.kms.katalon.core.main.ScriptEngine.run(ScriptEngine.java:183)
	at com.kms.katalon.core.main.ScriptEngine.runScriptAsRawText(ScriptEngine.java:108)
	at com.kms.katalon.core.main.TestCaseExecutor.runScript(TestCaseExecutor.java:294)
	at com.kms.katalon.core.main.TestCaseExecutor.doExecute(TestCaseExecutor.java:285)
	at com.kms.katalon.core.main.TestCaseExecutor.processExecutionPhase(TestCaseExecutor.java:264)
	at com.kms.katalon.core.main.TestCaseExecutor.accessMainPhase(TestCaseExecutor.java:256)
	at com.kms.katalon.core.main.TestCaseExecutor.execute(TestCaseExecutor.java:200)
	at com.kms.katalon.core.main.TestSuiteExecutor.accessTestCaseMainPhase(TestSuiteExecutor.java:129)
	at com.kms.katalon.core.main.TestSuiteExecutor.accessTestSuiteMainPhase(TestSuiteExecutor.java:112)
	at com.kms.katalon.core.main.TestSuiteExecutor.execute(TestSuiteExecutor.java:81)
	at com.kms.katalon.core.main.TestCaseMain.startTestSuite(TestCaseMain.java:142)
	at com.kms.katalon.core.main.TestCaseMain$startTestSuite$0.call(Unknown Source)
	at org.codehaus.groovy.runtime.callsite.CallSiteArray.defaultCall(CallSiteArray.java:48)
	at org.codehaus.groovy.runtime.callsite.AbstractCallSite.call(AbstractCallSite.java:113)
	at org.codehaus.groovy.runtime.callsite.AbstractCallSite.call(AbstractCallSite.java:141)
	at TempTestSuite1542874456666.run(TempTestSuite1542874456666.groovy:36)
	at groovy.lang.GroovyShell.runScriptOrMainOrTestOrRunnable(GroovyShell.java:263)
	at groovy.lang.GroovyShell.run(GroovyShell.java:518)
	at groovy.lang.GroovyShell.run(GroovyShell.java:507)
	at groovy.ui.GroovyMain.processOnce(GroovyMain.java:653)
	at groovy.ui.GroovyMain.run(GroovyMain.java:384)
	at groovy.ui.GroovyMain.process(GroovyMain.java:370)
	at groovy.ui.GroovyMain.processArgs(GroovyMain.java:129)
	at groovy.ui.GroovyMain.main(GroovyMain.java:109)
	at sun.reflect.NativeMethodAccessorImpl.invoke0(Native Method)
	at sun.reflect.NativeMethodAccessorImpl.invoke(NativeMethodAccessorImpl.java:62)
	at sun.reflect.DelegatingMethodAccessorImpl.invoke(DelegatingMethodAccessorImpl.java:43)
	at java.lang.reflect.Method.invoke(Method.java:498)
	at org.codehaus.groovy.tools.GroovyStarter.rootLoader(GroovyStarter.java:109)
	at org.codehaus.groovy.tools.GroovyStarter.main(GroovyStarter.java:131)
)]]></system-err>
      </testcase>
      <testcase name="Test Cases/Final Aug 2018 - PKS Automation/Registration Module/Workflow/Update Add New Employee/Special Case (OTC - RO Approve)" classname="Test Cases/Final Aug 2018 - PKS Automation/Registration Module/Workflow/Update Add New Employee/Special Case (OTC - RO Approve)" status="FAILED">
         <failure type="FAILED" message="(Stack trace: com.kms.katalon.core.exception.StepFailedException: Unable to click on object 'Object Repository/Final Object Repo/Landing Page/Select to English' (Root cause: com.kms.katalon.core.webui.exception.WebElementNotFoundException: Web element with id: 'Object Repository/Final Object Repo/Landing Page/Select to English' located by 'By.xpath: //a[@class = 'taglib-language-list-text' and @lang = 'en-US' and (contains(text(), 'EN') or contains(., 'EN'))]' not found)
	at com.kms.katalon.core.keyword.internal.KeywordMain.stepFailed(KeywordMain.groovy:32)
	at com.kms.katalon.core.webui.keyword.internal.WebUIKeywordMain.stepFailed(WebUIKeywordMain.groovy:65)
	at com.kms.katalon.core.webui.keyword.internal.WebUIKeywordMain.runKeyword(WebUIKeywordMain.groovy:27)
	at com.kms.katalon.core.webui.keyword.builtin.ClickKeyword.click(ClickKeyword.groovy:86)
	at com.kms.katalon.core.webui.keyword.builtin.ClickKeyword.execute(ClickKeyword.groovy:67)
	at com.kms.katalon.core.keyword.internal.KeywordExecutor.executeKeywordForPlatform(KeywordExecutor.groovy:53)
	at com.kms.katalon.core.webui.keyword.WebUiBuiltInKeywords.click(WebUiBuiltInKeywords.groovy:604)
	at com.kms.katalon.core.webui.keyword.WebUiBuiltInKeywords$click$6.call(Unknown Source)
	at Script1534407542420.run(Script1534407542420.groovy:57)
	at com.kms.katalon.core.main.ScriptEngine.run(ScriptEngine.java:183)
	at com.kms.katalon.core.main.ScriptEngine.runScriptAsRawText(ScriptEngine.java:108)
	at com.kms.katalon.core.main.TestCaseExecutor.runScript(TestCaseExecutor.java:294)
	at com.kms.katalon.core.main.TestCaseExecutor.doExecute(TestCaseExecutor.java:285)
	at com.kms.katalon.core.main.TestCaseExecutor.processExecutionPhase(TestCaseExecutor.java:264)
	at com.kms.katalon.core.main.TestCaseExecutor.accessMainPhase(TestCaseExecutor.java:256)
	at com.kms.katalon.core.main.TestCaseExecutor.execute(TestCaseExecutor.java:200)
	at com.kms.katalon.core.main.TestCaseMain.runTestCase(TestCaseMain.java:99)
	at com.kms.katalon.core.keyword.builtin.CallTestCaseKeyword$_callTestCase_closure1.doCall(CallTestCaseKeyword.groovy:60)
	at com.kms.katalon.core.keyword.builtin.CallTestCaseKeyword$_callTestCase_closure1.call(CallTestCaseKeyword.groovy)
	at com.kms.katalon.core.keyword.internal.KeywordMain.runKeyword(KeywordMain.groovy:54)
	at com.kms.katalon.core.keyword.builtin.CallTestCaseKeyword.callTestCase(CallTestCaseKeyword.groovy:81)
	at com.kms.katalon.core.keyword.builtin.CallTestCaseKeyword.execute(CallTestCaseKeyword.groovy:45)
	at com.kms.katalon.core.keyword.internal.KeywordExecutor.executeKeywordForPlatform(KeywordExecutor.groovy:53)
	at com.kms.katalon.core.keyword.BuiltinKeywords.callTestCase(BuiltinKeywords.groovy:334)
	at sun.reflect.GeneratedMethodAccessor13.invoke(Unknown Source)
	at sun.reflect.DelegatingMethodAccessorImpl.invoke(DelegatingMethodAccessorImpl.java:43)
	at java.lang.reflect.Method.invoke(Method.java:498)
	at org.codehaus.groovy.reflection.CachedMethod.invoke(CachedMethod.java:93)
	at groovy.lang.MetaMethod.doMethodInvoke(MetaMethod.java:325)
	at groovy.lang.MetaClassImpl.invokeStaticMethod(MetaClassImpl.java:1469)
	at org.codehaus.groovy.runtime.callsite.StaticMetaClassSite.call(StaticMetaClassSite.java:53)
	at org.codehaus.groovy.runtime.callsite.CallSiteArray.defaultCall(CallSiteArray.java:48)
	at org.codehaus.groovy.runtime.callsite.AbstractCallSite.call(AbstractCallSite.java:113)
	at org.codehaus.groovy.runtime.callsite.AbstractCallSite.call(AbstractCallSite.java:141)
	at Script1536116100519.run(Script1536116100519.groovy:121)
	at com.kms.katalon.core.main.ScriptEngine.run(ScriptEngine.java:183)
	at com.kms.katalon.core.main.ScriptEngine.runScriptAsRawText(ScriptEngine.java:108)
	at com.kms.katalon.core.main.TestCaseExecutor.runScript(TestCaseExecutor.java:294)
	at com.kms.katalon.core.main.TestCaseExecutor.doExecute(TestCaseExecutor.java:285)
	at com.kms.katalon.core.main.TestCaseExecutor.processExecutionPhase(TestCaseExecutor.java:264)
	at com.kms.katalon.core.main.TestCaseExecutor.accessMainPhase(TestCaseExecutor.java:256)
	at com.kms.katalon.core.main.TestCaseExecutor.execute(TestCaseExecutor.java:200)
	at com.kms.katalon.core.main.TestSuiteExecutor.accessTestCaseMainPhase(TestSuiteExecutor.java:129)
	at com.kms.katalon.core.main.TestSuiteExecutor.accessTestSuiteMainPhase(TestSuiteExecutor.java:112)
	at com.kms.katalon.core.main.TestSuiteExecutor.execute(TestSuiteExecutor.java:81)
	at com.kms.katalon.core.main.TestCaseMain.startTestSuite(TestCaseMain.java:142)
	at com.kms.katalon.core.main.TestCaseMain$startTestSuite$0.call(Unknown Source)
	at org.codehaus.groovy.runtime.callsite.CallSiteArray.defaultCall(CallSiteArray.java:48)
	at org.codehaus.groovy.runtime.callsite.AbstractCallSite.call(AbstractCallSite.java:113)
	at org.codehaus.groovy.runtime.callsite.AbstractCallSite.call(AbstractCallSite.java:141)
	at TempTestSuite1542874456666.run(TempTestSuite1542874456666.groovy:36)
	at groovy.lang.GroovyShell.runScriptOrMainOrTestOrRunnable(GroovyShell.java:263)
	at groovy.lang.GroovyShell.run(GroovyShell.java:518)
	at groovy.lang.GroovyShell.run(GroovyShell.java:507)
	at groovy.ui.GroovyMain.processOnce(GroovyMain.java:653)
	at groovy.ui.GroovyMain.run(GroovyMain.java:384)
	at groovy.ui.GroovyMain.process(GroovyMain.java:370)
	at groovy.ui.GroovyMain.processArgs(GroovyMain.java:129)
	at groovy.ui.GroovyMain.main(GroovyMain.java:109)
	at sun.reflect.NativeMethodAccessorImpl.invoke0(Native Method)
	at sun.reflect.NativeMethodAccessorImpl.invoke(NativeMethodAccessorImpl.java:62)
	at sun.reflect.DelegatingMethodAccessorImpl.invoke(DelegatingMethodAccessorImpl.java:43)
	at java.lang.reflect.Method.invoke(Method.java:498)
	at org.codehaus.groovy.tools.GroovyStarter.rootLoader(GroovyStarter.java:109)
	at org.codehaus.groovy.tools.GroovyStarter.main(GroovyStarter.java:131)
)"/>
         <system-out><![CDATA[2018-11-22 22:35:40 - [TEST_CASE][FAILED] - Test Cases/Final Aug 2018 - PKS Automation/Registration Module/Workflow/Update Add New Employee/Special Case (OTC - RO Approve): Test Cases/Final Aug 2018 - PKS Automation/Registration Module/Workflow/Update Add New Employee/Special Case (OTC - RO Approve) FAILED because (of) (Stack trace: com.kms.katalon.core.exception.StepFailedException: Unable to click on object 'Object Repository/Final Object Repo/Landing Page/Select to English' (Root cause: com.kms.katalon.core.webui.exception.WebElementNotFoundException: Web element with id: 'Object Repository/Final Object Repo/Landing Page/Select to English' located by 'By.xpath: //a[@class = 'taglib-language-list-text' and @lang = 'en-US' and (contains(text(), 'EN') or contains(., 'EN'))]' not found)
	at com.kms.katalon.core.keyword.internal.KeywordMain.stepFailed(KeywordMain.groovy:32)
	at com.kms.katalon.core.webui.keyword.internal.WebUIKeywordMain.stepFailed(WebUIKeywordMain.groovy:65)
	at com.kms.katalon.core.webui.keyword.internal.WebUIKeywordMain.runKeyword(WebUIKeywordMain.groovy:27)
	at com.kms.katalon.core.webui.keyword.builtin.ClickKeyword.click(ClickKeyword.groovy:86)
	at com.kms.katalon.core.webui.keyword.builtin.ClickKeyword.execute(ClickKeyword.groovy:67)
	at com.kms.katalon.core.keyword.internal.KeywordExecutor.executeKeywordForPlatform(KeywordExecutor.groovy:53)
	at com.kms.katalon.core.webui.keyword.WebUiBuiltInKeywords.click(WebUiBuiltInKeywords.groovy:604)
	at com.kms.katalon.core.webui.keyword.WebUiBuiltInKeywords$click$6.call(Unknown Source)
	at Script1534407542420.run(Script1534407542420.groovy:57)
	at com.kms.katalon.core.main.ScriptEngine.run(ScriptEngine.java:183)
	at com.kms.katalon.core.main.ScriptEngine.runScriptAsRawText(ScriptEngine.java:108)
	at com.kms.katalon.core.main.TestCaseExecutor.runScript(TestCaseExecutor.java:294)
	at com.kms.katalon.core.main.TestCaseExecutor.doExecute(TestCaseExecutor.java:285)
	at com.kms.katalon.core.main.TestCaseExecutor.processExecutionPhase(TestCaseExecutor.java:264)
	at com.kms.katalon.core.main.TestCaseExecutor.accessMainPhase(TestCaseExecutor.java:256)
	at com.kms.katalon.core.main.TestCaseExecutor.execute(TestCaseExecutor.java:200)
	at com.kms.katalon.core.main.TestCaseMain.runTestCase(TestCaseMain.java:99)
	at com.kms.katalon.core.keyword.builtin.CallTestCaseKeyword$_callTestCase_closure1.doCall(CallTestCaseKeyword.groovy:60)
	at com.kms.katalon.core.keyword.builtin.CallTestCaseKeyword$_callTestCase_closure1.call(CallTestCaseKeyword.groovy)
	at com.kms.katalon.core.keyword.internal.KeywordMain.runKeyword(KeywordMain.groovy:54)
	at com.kms.katalon.core.keyword.builtin.CallTestCaseKeyword.callTestCase(CallTestCaseKeyword.groovy:81)
	at com.kms.katalon.core.keyword.builtin.CallTestCaseKeyword.execute(CallTestCaseKeyword.groovy:45)
	at com.kms.katalon.core.keyword.internal.KeywordExecutor.executeKeywordForPlatform(KeywordExecutor.groovy:53)
	at com.kms.katalon.core.keyword.BuiltinKeywords.callTestCase(BuiltinKeywords.groovy:334)
	at sun.reflect.GeneratedMethodAccessor13.invoke(Unknown Source)
	at sun.reflect.DelegatingMethodAccessorImpl.invoke(DelegatingMethodAccessorImpl.java:43)
	at java.lang.reflect.Method.invoke(Method.java:498)
	at org.codehaus.groovy.reflection.CachedMethod.invoke(CachedMethod.java:93)
	at groovy.lang.MetaMethod.doMethodInvoke(MetaMethod.java:325)
	at groovy.lang.MetaClassImpl.invokeStaticMethod(MetaClassImpl.java:1469)
	at org.codehaus.groovy.runtime.callsite.StaticMetaClassSite.call(StaticMetaClassSite.java:53)
	at org.codehaus.groovy.runtime.callsite.CallSiteArray.defaultCall(CallSiteArray.java:48)
	at org.codehaus.groovy.runtime.callsite.AbstractCallSite.call(AbstractCallSite.java:113)
	at org.codehaus.groovy.runtime.callsite.AbstractCallSite.call(AbstractCallSite.java:141)
	at Script1536116100519.run(Script1536116100519.groovy:121)
	at com.kms.katalon.core.main.ScriptEngine.run(ScriptEngine.java:183)
	at com.kms.katalon.core.main.ScriptEngine.runScriptAsRawText(ScriptEngine.java:108)
	at com.kms.katalon.core.main.TestCaseExecutor.runScript(TestCaseExecutor.java:294)
	at com.kms.katalon.core.main.TestCaseExecutor.doExecute(TestCaseExecutor.java:285)
	at com.kms.katalon.core.main.TestCaseExecutor.processExecutionPhase(TestCaseExecutor.java:264)
	at com.kms.katalon.core.main.TestCaseExecutor.accessMainPhase(TestCaseExecutor.java:256)
	at com.kms.katalon.core.main.TestCaseExecutor.execute(TestCaseExecutor.java:200)
	at com.kms.katalon.core.main.TestSuiteExecutor.accessTestCaseMainPhase(TestSuiteExecutor.java:129)
	at com.kms.katalon.core.main.TestSuiteExecutor.accessTestSuiteMainPhase(TestSuiteExecutor.java:112)
	at com.kms.katalon.core.main.TestSuiteExecutor.execute(TestSuiteExecutor.java:81)
	at com.kms.katalon.core.main.TestCaseMain.startTestSuite(TestCaseMain.java:142)
	at com.kms.katalon.core.main.TestCaseMain$startTestSuite$0.call(Unknown Source)
	at org.codehaus.groovy.runtime.callsite.CallSiteArray.defaultCall(CallSiteArray.java:48)
	at org.codehaus.groovy.runtime.callsite.AbstractCallSite.call(AbstractCallSite.java:113)
	at org.codehaus.groovy.runtime.callsite.AbstractCallSite.call(AbstractCallSite.java:141)
	at TempTestSuite1542874456666.run(TempTestSuite1542874456666.groovy:36)
	at groovy.lang.GroovyShell.runScriptOrMainOrTestOrRunnable(GroovyShell.java:263)
	at groovy.lang.GroovyShell.run(GroovyShell.java:518)
	at groovy.lang.GroovyShell.run(GroovyShell.java:507)
	at groovy.ui.GroovyMain.processOnce(GroovyMain.java:653)
	at groovy.ui.GroovyMain.run(GroovyMain.java:384)
	at groovy.ui.GroovyMain.process(GroovyMain.java:370)
	at groovy.ui.GroovyMain.processArgs(GroovyMain.java:129)
	at groovy.ui.GroovyMain.main(GroovyMain.java:109)
	at sun.reflect.NativeMethodAccessorImpl.invoke0(Native Method)
	at sun.reflect.NativeMethodAccessorImpl.invoke(NativeMethodAccessorImpl.java:62)
	at sun.reflect.DelegatingMethodAccessorImpl.invoke(DelegatingMethodAccessorImpl.java:43)
	at java.lang.reflect.Method.invoke(Method.java:498)
	at org.codehaus.groovy.tools.GroovyStarter.rootLoader(GroovyStarter.java:109)
	at org.codehaus.groovy.tools.GroovyStarter.main(GroovyStarter.java:131)
)

2018-11-22 22:35:40 - [TEST_STEP][PASSED] - callTestCase: Call Test Case 'Test Cases/Final Aug 2018 - PKS Automation/Registration Module/Workflow/Update Add New Employee/Template/New Company for Update Add New' successfully

2018-11-22 22:35:40 - [TEST_CASE][PASSED] - Test Cases/Final Aug 2018 - PKS Automation/Registration Module/Workflow/Update Add New Employee/Template/New Company for Update Add New: Test Cases/Final Aug 2018 - PKS Automation/Registration Module/Workflow/Update Add New Employee/Template/New Company for Update Add New

2018-11-22 22:35:40 - [TEST_STEP][PASSED] - callTestCase: Call Test Case 'Test Cases/Final Aug 2018 - PKS Automation/Registration Module/New Registration/Form 1/Form 1 - Corporation - BHD' successfully

2018-11-22 22:35:40 - [TEST_CASE][PASSED] - Test Cases/Final Aug 2018 - PKS Automation/Registration Module/New Registration/Form 1/Form 1 - Corporation - BHD: Test Cases/Final Aug 2018 - PKS Automation/Registration Module/New Registration/Form 1/Form 1 - Corporation - BHD

2018-11-22 22:35:40 - [TEST_STEP][PASSED] - openBrowser: Browser is opened with url: ''

2018-11-22 22:35:40 - [MESSAGE][WARNING] - A browser is already opened. Closing browser and opening a new one

2018-11-22 22:35:44 - [MESSAGE][PASSED] - Browser is opened with url: ''

2018-11-22 22:35:44 - [TEST_STEP][PASSED] - navigateToUrl: Navigate to 'https://assist2-uat.perkeso.gov.my/login' successfully

2018-11-22 22:35:45 - [MESSAGE][PASSED] - Navigate to 'https://assist2-uat.perkeso.gov.my/login' successfully

2018-11-22 22:35:45 - [TEST_STEP][PASSED] - setText: Text 'johorotc1@gmail.com' is set on object 'Object Repository/Final Object Repo/Login Page/Internal User/Email Address'

2018-11-22 22:35:46 - [MESSAGE][PASSED] - Text 'johorotc1@gmail.com' is set on object 'Object Repository/Final Object Repo/Login Page/Internal User/Email Address'

2018-11-22 22:35:46 - [TEST_STEP][PASSED] - click: Object: 'Object Repository/Final Object Repo/Login Page/Internal User/Next Button' is clicked on

2018-11-22 22:35:46 - [MESSAGE][PASSED] - Object: 'Object Repository/Final Object Repo/Login Page/Internal User/Next Button' is clicked on

2018-11-22 22:35:46 - [TEST_STEP][PASSED] - delay: Delayed 1 second(s)

2018-11-22 22:35:47 - [MESSAGE][PASSED] - Delayed 1 second(s)

2018-11-22 22:35:47 - [TEST_STEP][PASSED] - setEncryptedText: Text ****** has been set on object 'Object Repository/Final Object Repo/Login Page/Internal User/Password'

2018-11-22 22:35:47 - [MESSAGE][PASSED] - Text ****** has been set on object 'Object Repository/Final Object Repo/Login Page/Internal User/Password'

2018-11-22 22:35:47 - [TEST_STEP][PASSED] - click: Object: 'Object Repository/Final Object Repo/Login Page/Internal User/Login Button' is clicked on

2018-11-22 22:35:47 - [MESSAGE][PASSED] - Object: 'Object Repository/Final Object Repo/Login Page/Internal User/Login Button' is clicked on

2018-11-22 22:35:47 - [TEST_STEP][PASSED] - delay: Delayed 1 second(s)

2018-11-22 22:35:48 - [MESSAGE][PASSED] - Delayed 1 second(s)

2018-11-22 22:35:48 - [TEST_STEP][PASSED] - Statement - Try: Delayed 2 second(s)

2018-11-22 22:35:48 - [TEST_STEP][PASSED] - Statement - Checker = false: null

2018-11-22 22:35:48 - [TEST_STEP][PASSED] - Statement - Checker = com.kms.katalon.core.webui.keyword.WebUiBuiltInKeywords.verifyElementHasAttribute(com.kms.katalon.core.testobject.ObjectRepository.findTestObject(Final Object Repo/Landing Page/BM Detecting), "href", 20, OPTIONAL): Object 'Object Repository/Final Object Repo/Landing Page/BM Detecting' has attribute 'href'

2018-11-22 22:35:49 - [MESSAGE][PASSED] - Object 'Object Repository/Final Object Repo/Landing Page/BM Detecting' has attribute 'href'

2018-11-22 22:35:49 - [TEST_STEP][PASSED] - Statement - out.println(Checker): null

2018-11-22 22:35:49 - [TEST_STEP][PASSED] - Statement - If (Checker == false): null

2018-11-22 22:35:49 - [TEST_STEP][PASSED] - Statement - Else: null

2018-11-22 22:35:49 - [TEST_STEP][PASSED] - delay: Delayed 2 second(s)

2018-11-22 22:35:51 - [MESSAGE][PASSED] - Delayed 2 second(s)

2018-11-22 22:35:51 - [TEST_STEP][PASSED] - navigateToUrl: Navigate to 'https://assist2-uat.perkeso.gov.my/web/registration/registration' successfully

2018-11-22 22:35:52 - [MESSAGE][PASSED] - Navigate to 'https://assist2-uat.perkeso.gov.my/web/registration/registration' successfully

2018-11-22 22:35:52 - [TEST_STEP][PASSED] - click: Object: 'Object Repository/Final Object Repo/New Registration - Registration Module Pages/Form 1/AEC - No' is clicked on

2018-11-22 22:35:53 - [MESSAGE][PASSED] - Object: 'Object Repository/Final Object Repo/New Registration - Registration Module Pages/Form 1/AEC - No' is clicked on

2018-11-22 22:35:53 - [TEST_STEP][PASSED] - click: Object: 'Object Repository/Final Object Repo/New Registration - Registration Module Pages/Form 1/Business Entity' is clicked on

2018-11-22 22:35:53 - [MESSAGE][PASSED] - Object: 'Object Repository/Final Object Repo/New Registration - Registration Module Pages/Form 1/Business Entity' is clicked on

2018-11-22 22:35:53 - [TEST_STEP][PASSED] - click: Object: 'Object Repository/Final Object Repo/New Registration - Registration Module Pages/Form 1/Businees Entity - Corporation' is clicked on

2018-11-22 22:35:53 - [MESSAGE][PASSED] - Object: 'Object Repository/Final Object Repo/New Registration - Registration Module Pages/Form 1/Businees Entity - Corporation' is clicked on

2018-11-22 22:35:53 - [TEST_STEP][PASSED] - delay: Delayed 1 second(s)

2018-11-22 22:35:54 - [MESSAGE][PASSED] - Delayed 1 second(s)

2018-11-22 22:35:54 - [TEST_STEP][PASSED] - click: Object: 'Object Repository/Final Object Repo/New Registration - Registration Module Pages/Form 1/Sub Business Entity' is clicked on

2018-11-22 22:35:54 - [MESSAGE][PASSED] - Object: 'Object Repository/Final Object Repo/New Registration - Registration Module Pages/Form 1/Sub Business Entity' is clicked on

2018-11-22 22:35:54 - [TEST_STEP][PASSED] - click: Object: 'Object Repository/Final Object Repo/New Registration - Registration Module Pages/Form 1/Sub Business Entity - Berhad' is clicked on

2018-11-22 22:35:54 - [MESSAGE][PASSED] - Object: 'Object Repository/Final Object Repo/New Registration - Registration Module Pages/Form 1/Sub Business Entity - Berhad' is clicked on

2018-11-22 22:35:54 - [TEST_STEP][PASSED] - delay: Delayed 1 second(s)

2018-11-22 22:35:55 - [MESSAGE][PASSED] - Delayed 1 second(s)

2018-11-22 22:35:55 - [TEST_STEP][PASSED] - setText: Text '123' is set on object 'Object Repository/Final Object Repo/New Registration - Registration Module Pages/Form 1/Registration Number'

2018-11-22 22:35:56 - [MESSAGE][PASSED] - Text '123' is set on object 'Object Repository/Final Object Repo/New Registration - Registration Module Pages/Form 1/Registration Number'

2018-11-22 22:35:56 - [TEST_STEP][PASSED] - click: Object: 'Object Repository/Final Object Repo/New Registration - Registration Module Pages/Form 1/Registred with SSM - Before Feb' is clicked on

2018-11-22 22:35:56 - [MESSAGE][PASSED] - Object: 'Object Repository/Final Object Repo/New Registration - Registration Module Pages/Form 1/Registred with SSM - Before Feb' is clicked on

2018-11-22 22:35:56 - [TEST_STEP][PASSED] - click: Object: 'Object Repository/Final Object Repo/New Registration - Registration Module Pages/Form 1/Registered As a Branch - Yes' is clicked on

2018-11-22 22:35:56 - [MESSAGE][PASSED] - Object: 'Object Repository/Final Object Repo/New Registration - Registration Module Pages/Form 1/Registered As a Branch - Yes' is clicked on

2018-11-22 22:35:56 - [TEST_STEP][PASSED] - click: Object: 'Object Repository/Final Object Repo/New Registration - Registration Module Pages/Form 1/Acknowledgement' is clicked on

2018-11-22 22:35:56 - [MESSAGE][PASSED] - Object: 'Object Repository/Final Object Repo/New Registration - Registration Module Pages/Form 1/Acknowledgement' is clicked on

2018-11-22 22:35:56 - [TEST_STEP][PASSED] - setText: Text 'perkeso' is set on object 'Object Repository/Final Object Repo/New Registration - Registration Module Pages/Form 1/Industry name'

2018-11-22 22:35:56 - [MESSAGE][PASSED] - Text 'perkeso' is set on object 'Object Repository/Final Object Repo/New Registration - Registration Module Pages/Form 1/Industry name'

2018-11-22 22:35:56 - [TEST_STEP][PASSED] - setText: Text 'perkeso1' is set on object 'Object Repository/Final Object Repo/New Registration - Registration Module Pages/Form 1/Postal Address1'

2018-11-22 22:35:57 - [MESSAGE][PASSED] - Text 'perkeso1' is set on object 'Object Repository/Final Object Repo/New Registration - Registration Module Pages/Form 1/Postal Address1'

2018-11-22 22:35:57 - [TEST_STEP][PASSED] - setText: Text 'perkeso2' is set on object 'Object Repository/Final Object Repo/New Registration - Registration Module Pages/Form 1/Postal Address2'

2018-11-22 22:35:57 - [MESSAGE][PASSED] - Text 'perkeso2' is set on object 'Object Repository/Final Object Repo/New Registration - Registration Module Pages/Form 1/Postal Address2'

2018-11-22 22:35:57 - [TEST_STEP][PASSED] - setText: Text 'perkeso3' is set on object 'Object Repository/Final Object Repo/New Registration - Registration Module Pages/Form 1/Postal Address3'

2018-11-22 22:35:57 - [MESSAGE][PASSED] - Text 'perkeso3' is set on object 'Object Repository/Final Object Repo/New Registration - Registration Module Pages/Form 1/Postal Address3'

2018-11-22 22:35:57 - [TEST_STEP][PASSED] - click: Object: 'Object Repository/Final Object Repo/New Registration - Registration Module Pages/Form 1/State' is clicked on

2018-11-22 22:35:58 - [MESSAGE][PASSED] - Object: 'Object Repository/Final Object Repo/New Registration - Registration Module Pages/Form 1/State' is clicked on

2018-11-22 22:35:58 - [TEST_STEP][PASSED] - click: Object: 'Object Repository/Final Object Repo/New Registration - Registration Module Pages/Form 1/State - Johor' is clicked on

2018-11-22 22:35:58 - [MESSAGE][PASSED] - Object: 'Object Repository/Final Object Repo/New Registration - Registration Module Pages/Form 1/State - Johor' is clicked on

2018-11-22 22:35:58 - [TEST_STEP][PASSED] - delay: Delayed 1 second(s)

2018-11-22 22:35:59 - [MESSAGE][PASSED] - Delayed 1 second(s)

2018-11-22 22:35:59 - [TEST_STEP][PASSED] - click: Object: 'Object Repository/Final Object Repo/New Registration - Registration Module Pages/Form 1/City' is clicked on

2018-11-22 22:35:59 - [MESSAGE][PASSED] - Object: 'Object Repository/Final Object Repo/New Registration - Registration Module Pages/Form 1/City' is clicked on

2018-11-22 22:35:59 - [TEST_STEP][PASSED] - setText: Text 'joh' is set on object 'Object Repository/Final Object Repo/New Registration - Registration Module Pages/Form 1/Postcode - 810'

2018-11-22 22:35:59 - [MESSAGE][PASSED] - Text 'joh' is set on object 'Object Repository/Final Object Repo/New Registration - Registration Module Pages/Form 1/Postcode - 810'

2018-11-22 22:35:59 - [TEST_STEP][PASSED] - delay: Delayed 1 second(s)

2018-11-22 22:36:00 - [MESSAGE][PASSED] - Delayed 1 second(s)

2018-11-22 22:36:00 - [TEST_STEP][PASSED] - click: Object: 'Object Repository/Final Object Repo/New Registration - Registration Module Pages/Form 1/City - Johor Bharu' is clicked on

2018-11-22 22:36:00 - [MESSAGE][PASSED] - Object: 'Object Repository/Final Object Repo/New Registration - Registration Module Pages/Form 1/City - Johor Bharu' is clicked on

2018-11-22 22:36:00 - [TEST_STEP][PASSED] - delay: Delayed 1 second(s)

2018-11-22 22:36:01 - [MESSAGE][PASSED] - Delayed 1 second(s)

2018-11-22 22:36:01 - [TEST_STEP][PASSED] - click: Object: 'Object Repository/Final Object Repo/New Registration - Registration Module Pages/Form 1/Postcode' is clicked on

2018-11-22 22:36:02 - [MESSAGE][PASSED] - Object: 'Object Repository/Final Object Repo/New Registration - Registration Module Pages/Form 1/Postcode' is clicked on

2018-11-22 22:36:02 - [TEST_STEP][PASSED] - delay: Delayed 1 second(s)

2018-11-22 22:36:03 - [MESSAGE][PASSED] - Delayed 1 second(s)

2018-11-22 22:36:03 - [TEST_STEP][PASSED] - setText: Text '810' is set on object 'Object Repository/Final Object Repo/New Registration - Registration Module Pages/Form 1/Postcode - 810'

2018-11-22 22:36:03 - [MESSAGE][PASSED] - Text '810' is set on object 'Object Repository/Final Object Repo/New Registration - Registration Module Pages/Form 1/Postcode - 810'

2018-11-22 22:36:03 - [TEST_STEP][PASSED] - delay: Delayed 3 second(s)

2018-11-22 22:36:06 - [MESSAGE][PASSED] - Delayed 3 second(s)

2018-11-22 22:36:06 - [TEST_STEP][PASSED] - click: Object: 'Object Repository/Final Object Repo/New Registration - Registration Module Pages/Form 1/Postcode - 81000' is clicked on

2018-11-22 22:36:06 - [MESSAGE][PASSED] - Object: 'Object Repository/Final Object Repo/New Registration - Registration Module Pages/Form 1/Postcode - 81000' is clicked on

2018-11-22 22:36:06 - [TEST_STEP][PASSED] - delay: Delayed 1 second(s)

2018-11-22 22:36:07 - [MESSAGE][PASSED] - Delayed 1 second(s)

2018-11-22 22:36:07 - [TEST_STEP][PASSED] - setText: Text '100' is set on object 'Object Repository/Final Object Repo/New Registration - Registration Module Pages/Form 1/P.O.BOX'

2018-11-22 22:36:07 - [MESSAGE][PASSED] - Text '100' is set on object 'Object Repository/Final Object Repo/New Registration - Registration Module Pages/Form 1/P.O.BOX'

2018-11-22 22:36:07 - [TEST_STEP][PASSED] - setText: Text '100' is set on object 'Object Repository/Final Object Repo/New Registration - Registration Module Pages/Form 1/Locked Bag No'

2018-11-22 22:36:08 - [MESSAGE][PASSED] - Text '100' is set on object 'Object Repository/Final Object Repo/New Registration - Registration Module Pages/Form 1/Locked Bag No'

2018-11-22 22:36:08 - [TEST_STEP][PASSED] - click: Object: 'Object Repository/Final Object Repo/New Registration - Registration Module Pages/Form 1/SOCSO Office Location' is clicked on

2018-11-22 22:36:08 - [MESSAGE][PASSED] - Object: 'Object Repository/Final Object Repo/New Registration - Registration Module Pages/Form 1/SOCSO Office Location' is clicked on

2018-11-22 22:36:08 - [TEST_STEP][PASSED] - click: Object: 'Object Repository/Final Object Repo/New Registration - Registration Module Pages/Form 1/SOCSO Office Location - Pejabat PERKESO Negeri Johor' is clicked on

2018-11-22 22:36:08 - [MESSAGE][PASSED] - Object: 'Object Repository/Final Object Repo/New Registration - Registration Module Pages/Form 1/SOCSO Office Location - Pejabat PERKESO Negeri Johor' is clicked on

2018-11-22 22:36:08 - [TEST_STEP][PASSED] - delay: Delayed 1 second(s)

2018-11-22 22:36:09 - [MESSAGE][PASSED] - Delayed 1 second(s)

2018-11-22 22:36:09 - [TEST_STEP][PASSED] - check: Object 'Object Repository/Final Object Repo/New Registration - Registration Module Pages/Form 1/Indusrty Address Same As Postal Address' is checked

2018-11-22 22:36:09 - [MESSAGE][PASSED] - Object 'Object Repository/Final Object Repo/New Registration - Registration Module Pages/Form 1/Indusrty Address Same As Postal Address' is checked

2018-11-22 22:36:09 - [TEST_STEP][PASSED] - delay: Delayed 3 second(s)

2018-11-22 22:36:12 - [MESSAGE][PASSED] - Delayed 3 second(s)

2018-11-22 22:36:12 - [TEST_STEP][PASSED] - click: Object: 'Object Repository/Final Object Repo/New Registration - Registration Module Pages/Form 1/Indusry Address Same As Postal Address False' is clicked on

2018-11-22 22:36:12 - [MESSAGE][PASSED] - Object: 'Object Repository/Final Object Repo/New Registration - Registration Module Pages/Form 1/Indusry Address Same As Postal Address False' is clicked on

2018-11-22 22:36:12 - [TEST_STEP][PASSED] - delay: Delayed 1 second(s)

2018-11-22 22:36:13 - [MESSAGE][PASSED] - Delayed 1 second(s)

2018-11-22 22:36:13 - [TEST_STEP][PASSED] - setText: Text 'perkeso1' is set on object 'Object Repository/Final Object Repo/New Registration - Registration Module Pages/Form 1/Industry Address1'

2018-11-22 22:36:14 - [MESSAGE][PASSED] - Text 'perkeso1' is set on object 'Object Repository/Final Object Repo/New Registration - Registration Module Pages/Form 1/Industry Address1'

2018-11-22 22:36:14 - [TEST_STEP][PASSED] - setText: Text 'perkeso2' is set on object 'Object Repository/Final Object Repo/New Registration - Registration Module Pages/Form 1/Industry Address2'

2018-11-22 22:36:14 - [MESSAGE][PASSED] - Text 'perkeso2' is set on object 'Object Repository/Final Object Repo/New Registration - Registration Module Pages/Form 1/Industry Address2'

2018-11-22 22:36:14 - [TEST_STEP][PASSED] - setText: Text 'perkeso3' is set on object 'Object Repository/Final Object Repo/New Registration - Registration Module Pages/Form 1/Industry Address3'

2018-11-22 22:36:14 - [MESSAGE][PASSED] - Text 'perkeso3' is set on object 'Object Repository/Final Object Repo/New Registration - Registration Module Pages/Form 1/Industry Address3'

2018-11-22 22:36:14 - [TEST_STEP][PASSED] - click: Object: 'Object Repository/Final Object Repo/New Registration - Registration Module Pages/Form 1/Industry State' is clicked on

2018-11-22 22:36:15 - [MESSAGE][PASSED] - Object: 'Object Repository/Final Object Repo/New Registration - Registration Module Pages/Form 1/Industry State' is clicked on

2018-11-22 22:36:15 - [TEST_STEP][PASSED] - delay: Delayed 2 second(s)

2018-11-22 22:36:17 - [MESSAGE][PASSED] - Delayed 2 second(s)

2018-11-22 22:36:17 - [TEST_STEP][PASSED] - click: Object: 'Object Repository/Final Object Repo/New Registration - Registration Module Pages/Form 1/Industry State - Johor' is clicked on

2018-11-22 22:36:17 - [MESSAGE][PASSED] - Object: 'Object Repository/Final Object Repo/New Registration - Registration Module Pages/Form 1/Industry State - Johor' is clicked on

2018-11-22 22:36:17 - [TEST_STEP][PASSED] - delay: Delayed 2 second(s)

2018-11-22 22:36:19 - [MESSAGE][PASSED] - Delayed 2 second(s)

2018-11-22 22:36:19 - [TEST_STEP][PASSED] - click: Object: 'Object Repository/Final Object Repo/New Registration - Registration Module Pages/Form 1/Industry Ciry' is clicked on

2018-11-22 22:36:19 - [MESSAGE][PASSED] - Object: 'Object Repository/Final Object Repo/New Registration - Registration Module Pages/Form 1/Industry Ciry' is clicked on

2018-11-22 22:36:19 - [TEST_STEP][PASSED] - setText: Text 'joh' is set on object 'Object Repository/Final Object Repo/New Registration - Registration Module Pages/Form 1/Industry Ciry - joh'

2018-11-22 22:36:19 - [MESSAGE][PASSED] - Text 'joh' is set on object 'Object Repository/Final Object Repo/New Registration - Registration Module Pages/Form 1/Industry Ciry - joh'

2018-11-22 22:36:19 - [TEST_STEP][PASSED] - delay: Delayed 2 second(s)

2018-11-22 22:36:21 - [MESSAGE][PASSED] - Delayed 2 second(s)

2018-11-22 22:36:21 - [TEST_STEP][PASSED] - click: Object: 'Object Repository/Final Object Repo/New Registration - Registration Module Pages/Form 1/Industy State - Johor Bharu' is clicked on

2018-11-22 22:36:21 - [MESSAGE][PASSED] - Object: 'Object Repository/Final Object Repo/New Registration - Registration Module Pages/Form 1/Industy State - Johor Bharu' is clicked on

2018-11-22 22:36:21 - [TEST_STEP][PASSED] - delay: Delayed 1 second(s)

2018-11-22 22:36:22 - [MESSAGE][PASSED] - Delayed 1 second(s)

2018-11-22 22:36:22 - [TEST_STEP][PASSED] - click: Object: 'Object Repository/Final Object Repo/New Registration - Registration Module Pages/Form 1/Indusry PostCode' is clicked on

2018-11-22 22:36:23 - [MESSAGE][PASSED] - Object: 'Object Repository/Final Object Repo/New Registration - Registration Module Pages/Form 1/Indusry PostCode' is clicked on

2018-11-22 22:36:23 - [TEST_STEP][PASSED] - delay: Delayed 1 second(s)

2018-11-22 22:36:24 - [MESSAGE][PASSED] - Delayed 1 second(s)

2018-11-22 22:36:24 - [TEST_STEP][PASSED] - setText: Text '810' is set on object 'Object Repository/Final Object Repo/New Registration - Registration Module Pages/Form 1/Insutry Post Code - 810'

2018-11-22 22:36:24 - [MESSAGE][PASSED] - Text '810' is set on object 'Object Repository/Final Object Repo/New Registration - Registration Module Pages/Form 1/Insutry Post Code - 810'

2018-11-22 22:36:24 - [TEST_STEP][PASSED] - delay: Delayed 1 second(s)

2018-11-22 22:36:25 - [MESSAGE][PASSED] - Delayed 1 second(s)

2018-11-22 22:36:25 - [TEST_STEP][PASSED] - click: Object: 'Object Repository/Final Object Repo/New Registration - Registration Module Pages/Form 1/Insutry Post Code - 81000' is clicked on

2018-11-22 22:36:25 - [MESSAGE][PASSED] - Object: 'Object Repository/Final Object Repo/New Registration - Registration Module Pages/Form 1/Insutry Post Code - 81000' is clicked on

2018-11-22 22:36:25 - [TEST_STEP][PASSED] - delay: Delayed 1 second(s)

2018-11-22 22:36:26 - [MESSAGE][PASSED] - Delayed 1 second(s)

2018-11-22 22:36:26 - [TEST_STEP][PASSED] - setText: Text '100' is set on object 'Object Repository/Final Object Repo/New Registration - Registration Module Pages/Form 1/Industry P.O.BOX'

2018-11-22 22:36:26 - [MESSAGE][PASSED] - Text '100' is set on object 'Object Repository/Final Object Repo/New Registration - Registration Module Pages/Form 1/Industry P.O.BOX'

2018-11-22 22:36:26 - [TEST_STEP][PASSED] - setText: Text '100' is set on object 'Object Repository/Final Object Repo/New Registration - Registration Module Pages/Form 1/Industry Locked Bag No'

2018-11-22 22:36:27 - [MESSAGE][PASSED] - Text '100' is set on object 'Object Repository/Final Object Repo/New Registration - Registration Module Pages/Form 1/Industry Locked Bag No'

2018-11-22 22:36:27 - [TEST_STEP][PASSED] - setText: Text '123456789' is set on object 'Object Repository/Final Object Repo/New Registration - Registration Module Pages/Form 1/Telephone No'

2018-11-22 22:36:27 - [MESSAGE][PASSED] - Text '123456789' is set on object 'Object Repository/Final Object Repo/New Registration - Registration Module Pages/Form 1/Telephone No'

2018-11-22 22:36:27 - [TEST_STEP][PASSED] - setText: Text '123456789' is set on object 'Object Repository/Final Object Repo/New Registration - Registration Module Pages/Form 1/Mobile No'

2018-11-22 22:36:27 - [MESSAGE][PASSED] - Text '123456789' is set on object 'Object Repository/Final Object Repo/New Registration - Registration Module Pages/Form 1/Mobile No'

2018-11-22 22:36:27 - [TEST_STEP][PASSED] - setText: Text '123456789' is set on object 'Object Repository/Final Object Repo/New Registration - Registration Module Pages/Form 1/Fax No'

2018-11-22 22:36:28 - [MESSAGE][PASSED] - Text '123456789' is set on object 'Object Repository/Final Object Repo/New Registration - Registration Module Pages/Form 1/Fax No'

2018-11-22 22:36:28 - [TEST_STEP][PASSED] - click: Object: 'Object Repository/Final Object Repo/New Registration - Registration Module Pages/Form 1/Industry Code' is clicked on

2018-11-22 22:36:28 - [MESSAGE][PASSED] - Object: 'Object Repository/Final Object Repo/New Registration - Registration Module Pages/Form 1/Industry Code' is clicked on

2018-11-22 22:36:28 - [TEST_STEP][PASSED] - click: Object: 'Object Repository/Final Object Repo/New Registration - Registration Module Pages/Form 1/Indudustry Code - Crops and Animal' is clicked on

2018-11-22 22:36:28 - [MESSAGE][PASSED] - Object: 'Object Repository/Final Object Repo/New Registration - Registration Module Pages/Form 1/Indudustry Code - Crops and Animal' is clicked on

2018-11-22 22:36:28 - [TEST_STEP][PASSED] - delay: Delayed 1 second(s)

2018-11-22 22:36:29 - [MESSAGE][PASSED] - Delayed 1 second(s)

2018-11-22 22:36:29 - [TEST_STEP][PASSED] - click: Object: 'Object Repository/Final Object Repo/New Registration - Registration Module Pages/Form 1/Sub Industry Code List' is clicked on

2018-11-22 22:36:29 - [MESSAGE][PASSED] - Object: 'Object Repository/Final Object Repo/New Registration - Registration Module Pages/Form 1/Sub Industry Code List' is clicked on

2018-11-22 22:36:29 - [TEST_STEP][PASSED] - click: Object: 'Object Repository/Final Object Repo/New Registration - Registration Module Pages/Form 1/Sub Industry Code List - Growing of Maize' is clicked on

2018-11-22 22:36:30 - [MESSAGE][PASSED] - Object: 'Object Repository/Final Object Repo/New Registration - Registration Module Pages/Form 1/Sub Industry Code List - Growing of Maize' is clicked on

2018-11-22 22:36:30 - [TEST_STEP][PASSED] - setText: Text 'perkeso123@gmail.com' is set on object 'Object Repository/Final Object Repo/New Registration - Registration Module Pages/Form 1/Email'

2018-11-22 22:36:30 - [MESSAGE][PASSED] - Text 'perkeso123@gmail.com' is set on object 'Object Repository/Final Object Repo/New Registration - Registration Module Pages/Form 1/Email'

2018-11-22 22:36:30 - [TEST_STEP][PASSED] - click: Object: 'Object Repository/Final Object Repo/New Registration - Registration Module Pages/Form 1/Method of Contribution Payment' is clicked on

2018-11-22 22:36:30 - [MESSAGE][PASSED] - Object: 'Object Repository/Final Object Repo/New Registration - Registration Module Pages/Form 1/Method of Contribution Payment' is clicked on

2018-11-22 22:36:30 - [TEST_STEP][PASSED] - click: Object: 'Object Repository/Final Object Repo/New Registration - Registration Module Pages/Form 1/Method of Contribution Payment - Portal' is clicked on

2018-11-22 22:36:31 - [MESSAGE][PASSED] - Object: 'Object Repository/Final Object Repo/New Registration - Registration Module Pages/Form 1/Method of Contribution Payment - Portal' is clicked on

2018-11-22 22:36:31 - [TEST_STEP][PASSED] - click: Object: 'Object Repository/Final Object Repo/New Registration - Registration Module Pages/Form 1/Servide Type' is clicked on

2018-11-22 22:36:31 - [MESSAGE][PASSED] - Object: 'Object Repository/Final Object Repo/New Registration - Registration Module Pages/Form 1/Servide Type' is clicked on

2018-11-22 22:36:31 - [TEST_STEP][PASSED] - click: Object: 'Object Repository/Final Object Repo/New Registration - Registration Module Pages/Form 1/Servide Type - Professional Bodies' is clicked on

2018-11-22 22:36:31 - [MESSAGE][PASSED] - Object: 'Object Repository/Final Object Repo/New Registration - Registration Module Pages/Form 1/Servide Type - Professional Bodies' is clicked on

2018-11-22 22:36:31 - [TEST_STEP][PASSED] - click: Object: 'Object Repository/Final Object Repo/New Registration - Registration Module Pages/Form 1/Industry Venue' is clicked on

2018-11-22 22:36:31 - [MESSAGE][PASSED] - Object: 'Object Repository/Final Object Repo/New Registration - Registration Module Pages/Form 1/Industry Venue' is clicked on

2018-11-22 22:36:31 - [TEST_STEP][PASSED] - click: Object: 'Object Repository/Final Object Repo/New Registration - Registration Module Pages/Form 1/Industry Venue -  PPN JOHOR' is clicked on

2018-11-22 22:36:31 - [MESSAGE][PASSED] - Object: 'Object Repository/Final Object Repo/New Registration - Registration Module Pages/Form 1/Industry Venue -  PPN JOHOR' is clicked on

2018-11-22 22:36:31 - [TEST_STEP][PASSED] - click: Object: 'Object Repository/Final Object Repo/New Registration - Registration Module Pages/Form 1/Save  Continue' is clicked on

2018-11-22 22:36:32 - [MESSAGE][PASSED] - Object: 'Object Repository/Final Object Repo/New Registration - Registration Module Pages/Form 1/Save  Continue' is clicked on

2018-11-22 22:36:32 - [MESSAGE][PASSED] - Call Test Case 'Test Cases/Final Aug 2018 - PKS Automation/Registration Module/New Registration/Form 1/Form 1 - Corporation - BHD' successfully

2018-11-22 22:36:32 - [TEST_STEP][PASSED] - callTestCase: Call Test Case 'Test Cases/Final Aug 2018 - PKS Automation/Registration Module/New Registration/Form 2/Add 1 Eligible' successfully

2018-11-22 22:36:32 - [TEST_CASE][PASSED] - Test Cases/Final Aug 2018 - PKS Automation/Registration Module/New Registration/Form 2/Add 1 Eligible: Test Cases/Final Aug 2018 - PKS Automation/Registration Module/New Registration/Form 2/Add 1 Eligible

2018-11-22 22:36:32 - [TEST_STEP][PASSED] - delay: Delayed 2 second(s)

2018-11-22 22:36:34 - [MESSAGE][PASSED] - Delayed 2 second(s)

2018-11-22 22:36:34 - [TEST_STEP][PASSED] - callTestCase: Call Test Case 'Test Cases/Final Aug 2018 - PKS Automation/Registration Module/New Registration/Form 2/Date Updater' successfully

2018-11-22 22:36:34 - [TEST_CASE][PASSED] - Test Cases/Final Aug 2018 - PKS Automation/Registration Module/New Registration/Form 2/Date Updater: Test Cases/Final Aug 2018 - PKS Automation/Registration Module/New Registration/Form 2/Date Updater

2018-11-22 22:36:34 - [TEST_STEP][PASSED] - Statement - TodayDate = new java.util.Date(): null

2018-11-22 22:36:34 - [TEST_STEP][PASSED] - Statement - CurrentDateNoFilter = new java.text.SimpleDateFormat(): null

2018-11-22 22:36:34 - [TEST_STEP][PASSED] - Statement - CurrentDateNoFilter.applyPattern("dd"): null

2018-11-22 22:36:34 - [TEST_STEP][PASSED] - Statement - CurrentDate = CurrentDateNoFilter.format(TodayDate): null

2018-11-22 22:36:34 - [TEST_STEP][PASSED] - Statement - CurrentDate = java.lang.Integer.parseInt(CurrentDate): null

2018-11-22 22:36:34 - [TEST_STEP][PASSED] - Statement - CurrentDate = CurrentDate: null

2018-11-22 22:36:34 - [TEST_STEP][PASSED] - Statement - CurrentDay = java.lang.Integer.parseInt(CurrentDate): null

2018-11-22 22:36:34 - [TEST_STEP][PASSED] - Statement - aDayBefore = CurrentDay + 1: null

2018-11-22 22:36:34 - [TEST_STEP][PASSED] - Statement - DayBefore = aDayBefore.toString(): null

2018-11-22 22:36:34 - [TEST_STEP][PASSED] - Statement - OneDayBefore = DayBefore: null

2018-11-22 22:36:34 - [TEST_STEP][PASSED] - Statement - CurrentDateNoFilter.applyPattern("MM"): null

2018-11-22 22:36:34 - [TEST_STEP][PASSED] - Statement - monthContainerMatcher = java.lang.Integer.parseInt(CurrentDateNoFilter.format(TodayDate)): null

2018-11-22 22:36:34 - [TEST_STEP][PASSED] - Statement - monthContainerMatcher = monthContainerMatcher - 1: null

2018-11-22 22:36:34 - [TEST_STEP][PASSED] - Statement - CurrentMonth = monthContainerMatcher.toString(): null

2018-11-22 22:36:34 - [TEST_STEP][PASSED] - Statement - CurrentMonth = CurrentMonth: null

2018-11-22 22:36:34 - [TEST_STEP][PASSED] - Statement - CurrentDateNoFilter.applyPattern("yyyy"): null

2018-11-22 22:36:34 - [TEST_STEP][PASSED] - Statement - CurrentYear = CurrentDateNoFilter.format(TodayDate): null

2018-11-22 22:36:34 - [TEST_STEP][PASSED] - Statement - CurrentYear = CurrentYear: null

2018-11-22 22:36:34 - [TEST_STEP][PASSED] - Statement - intCurrentYear = java.lang.Integer.parseInt(CurrentDateNoFilter.format(TodayDate)): null

2018-11-22 22:36:34 - [TEST_STEP][PASSED] - Statement - eighteenYrsAgo = intCurrentYear - 18: null

2018-11-22 22:36:34 - [TEST_STEP][PASSED] - Statement - eighteenYrsBeforeThisYr = eighteenYrsAgo.toString(): null

2018-11-22 22:36:34 - [TEST_STEP][PASSED] - Statement - EighteenYrsBefore = eighteenYrsBeforeThisYr: null

2018-11-22 22:36:34 - [TEST_STEP][PASSED] - Statement - fiftysevenYrsAgo = intCurrentYear - 57: null

2018-11-22 22:36:34 - [TEST_STEP][PASSED] - Statement - fiftysevenYrsBeforeThisYr = fiftysevenYrsAgo.toString(): null

2018-11-22 22:36:34 - [TEST_STEP][PASSED] - Statement - FiftysevenYrsBefore = fiftysevenYrsBeforeThisYr: null

2018-11-22 22:36:34 - [MESSAGE][PASSED] - Call Test Case 'Test Cases/Final Aug 2018 - PKS Automation/Registration Module/New Registration/Form 2/Date Updater' successfully

2018-11-22 22:36:34 - [TEST_STEP][PASSED] - delay: Delayed 1 second(s)

2018-11-22 22:36:35 - [MESSAGE][PASSED] - Delayed 1 second(s)

2018-11-22 22:36:35 - [TEST_STEP][PASSED] - Statement - CaseReferenceNo = com.kms.katalon.core.webui.keyword.WebUiBuiltInKeywords.getText(com.kms.katalon.core.testobject.ObjectRepository.findTestObject(Final Object Repo/New Registration - Registration Module Pages/Form 2/RefNo Acquiring)): Text of object 'Object Repository/Final Object Repo/New Registration - Registration Module Pages/Form 2/RefNo Acquiring' is: 'CRN11201800122704'

2018-11-22 22:36:35 - [MESSAGE][PASSED] - Text of object 'Object Repository/Final Object Repo/New Registration - Registration Module Pages/Form 2/RefNo Acquiring' is: 'CRN11201800122704'

2018-11-22 22:36:35 - [TEST_STEP][PASSED] - delay: Delayed 1 second(s)

2018-11-22 22:36:36 - [MESSAGE][PASSED] - Delayed 1 second(s)

2018-11-22 22:36:36 - [TEST_STEP][PASSED] - click: Object: 'Object Repository/Final Object Repo/New Registration - Registration Module Pages/Form 2/Add Employee Button' is clicked on

2018-11-22 22:36:36 - [MESSAGE][PASSED] - Object: 'Object Repository/Final Object Repo/New Registration - Registration Module Pages/Form 2/Add Employee Button' is clicked on

2018-11-22 22:36:36 - [TEST_STEP][PASSED] - delay: Delayed 1 second(s)

2018-11-22 22:36:37 - [MESSAGE][PASSED] - Delayed 1 second(s)

2018-11-22 22:36:37 - [TEST_STEP][PASSED] - setText: Text '010903091963' is set on object 'Object Repository/Final Object Repo/New Registration - Registration Module Pages/Form 2/NRIC Input'

2018-11-22 22:36:37 - [MESSAGE][PASSED] - Text '010903091963' is set on object 'Object Repository/Final Object Repo/New Registration - Registration Module Pages/Form 2/NRIC Input'

2018-11-22 22:36:37 - [TEST_STEP][PASSED] - click: Object: 'Object Repository/Final Object Repo/New Registration - Registration Module Pages/Form 2/button for search for IC' is clicked on

2018-11-22 22:36:37 - [MESSAGE][PASSED] - Object: 'Object Repository/Final Object Repo/New Registration - Registration Module Pages/Form 2/button for search for IC' is clicked on

2018-11-22 22:36:37 - [TEST_STEP][PASSED] - delay: Delayed 2 second(s)

2018-11-22 22:36:39 - [MESSAGE][PASSED] - Delayed 2 second(s)

2018-11-22 22:36:39 - [TEST_STEP][PASSED] - setText: Text 'Automate001 eligible 1' is set on object 'Object Repository/Final Object Repo/New Registration - Registration Module Pages/Form 2/Employee Name Input'

2018-11-22 22:36:40 - [MESSAGE][PASSED] - Text 'Automate001 eligible 1' is set on object 'Object Repository/Final Object Repo/New Registration - Registration Module Pages/Form 2/Employee Name Input'

2018-11-22 22:36:40 - [TEST_STEP][PASSED] - delay: Delayed 2 second(s)

2018-11-22 22:36:42 - [MESSAGE][PASSED] - Delayed 2 second(s)

2018-11-22 22:36:42 - [TEST_STEP][PASSED] - click: Object: 'Object Repository/Final Object Repo/New Registration - Registration Module Pages/Form 2/DatePicker Pop Up' is clicked on

2018-11-22 22:36:42 - [MESSAGE][PASSED] - Object: 'Object Repository/Final Object Repo/New Registration - Registration Module Pages/Form 2/DatePicker Pop Up' is clicked on

2018-11-22 22:36:42 - [TEST_STEP][PASSED] - click: Object: 'Object Repository/Final Object Repo/New Registration - Registration Module Pages/Form 2/DOB Month' is clicked on

2018-11-22 22:36:42 - [MESSAGE][PASSED] - Object: 'Object Repository/Final Object Repo/New Registration - Registration Module Pages/Form 2/DOB Month' is clicked on

2018-11-22 22:36:42 - [TEST_STEP][PASSED] - Statement - CurrentMonth = CurrentMonth: null

2018-11-22 22:36:42 - [TEST_STEP][PASSED] - Statement - selectMonth = new com.kms.katalon.core.testobject.TestObject(): null

2018-11-22 22:36:42 - [TEST_STEP][PASSED] - Statement - selectMonth.addProperty("xpath", EQUALS, "//body/div/div/div/select/option[@value='" + CurrentMonth + "']", true): null

2018-11-22 22:36:42 - [TEST_STEP][PASSED] - click: Object: '' is clicked on

2018-11-22 22:36:42 - [MESSAGE][PASSED] - Object: '' is clicked on

2018-11-22 22:36:42 - [TEST_STEP][PASSED] - click: Object: 'Object Repository/Final Object Repo/New Registration - Registration Module Pages/Form 2/DOB Year' is clicked on

2018-11-22 22:36:43 - [MESSAGE][PASSED] - Object: 'Object Repository/Final Object Repo/New Registration - Registration Module Pages/Form 2/DOB Year' is clicked on

2018-11-22 22:36:43 - [TEST_STEP][PASSED] - Statement - Eyearsbf = EighteenYrsBefore: null

2018-11-22 22:36:43 - [TEST_STEP][PASSED] - Statement - selectYear = new com.kms.katalon.core.testobject.TestObject(): null

2018-11-22 22:36:43 - [TEST_STEP][PASSED] - Statement - selectYear.addProperty("xpath", EQUALS, "//div/div/div/select/option[@value='" + Eyearsbf + "']", true): null

2018-11-22 22:36:43 - [TEST_STEP][PASSED] - click: Object: '' is clicked on

2018-11-22 22:36:43 - [MESSAGE][PASSED] - Object: '' is clicked on

2018-11-22 22:36:43 - [TEST_STEP][PASSED] - Statement - UpdatedSelectDate = com.kms.katalon.core.webui.keyword.WebUiBuiltInKeywords.modifyObjectProperty(com.kms.katalon.core.testobject.ObjectRepository.findTestObject(Final Object Repo/New Registration - Registration Module Pages/Form 2/DOB Date), "xpath", "equals", "//body/div/table/tbody/tr/td/a[text()="" + CurrentDate + ""]", true): Modify property of object successfully

2018-11-22 22:36:43 - [MESSAGE][PASSED] - Modify property of object successfully

2018-11-22 22:36:43 - [TEST_STEP][PASSED] - delay: Delayed 3 second(s)

2018-11-22 22:36:46 - [MESSAGE][PASSED] - Delayed 3 second(s)

2018-11-22 22:36:46 - [TEST_STEP][PASSED] - click: Object: 'Object Repository/Final Object Repo/New Registration - Registration Module Pages/Form 2/DOB Date' is clicked on

2018-11-22 22:36:46 - [MESSAGE][PASSED] - Object: 'Object Repository/Final Object Repo/New Registration - Registration Module Pages/Form 2/DOB Date' is clicked on

2018-11-22 22:36:46 - [TEST_STEP][PASSED] - delay: Delayed 2 second(s)

2018-11-22 22:36:48 - [MESSAGE][PASSED] - Delayed 2 second(s)

2018-11-22 22:36:48 - [TEST_STEP][PASSED] - click: Object: 'Object Repository/Final Object Repo/New Registration - Registration Module Pages/Form 2/EmploymentStartDate Pop Up' is clicked on

2018-11-22 22:36:48 - [MESSAGE][PASSED] - Object: 'Object Repository/Final Object Repo/New Registration - Registration Module Pages/Form 2/EmploymentStartDate Pop Up' is clicked on

2018-11-22 22:36:48 - [TEST_STEP][PASSED] - delay: Delayed 2 second(s)

2018-11-22 22:36:50 - [MESSAGE][PASSED] - Delayed 2 second(s)

2018-11-22 22:36:50 - [TEST_STEP][PASSED] - click: Object: 'Object Repository/Final Object Repo/New Registration - Registration Module Pages/Form 2/Socso Employment StartDate Month' is clicked on

2018-11-22 22:36:50 - [MESSAGE][PASSED] - Object: 'Object Repository/Final Object Repo/New Registration - Registration Module Pages/Form 2/Socso Employment StartDate Month' is clicked on

2018-11-22 22:36:50 - [TEST_STEP][PASSED] - delay: Delayed 1 second(s)

2018-11-22 22:36:51 - [MESSAGE][PASSED] - Delayed 1 second(s)

2018-11-22 22:36:51 - [TEST_STEP][PASSED] - click: Object: 'Object Repository/Final Object Repo/New Registration - Registration Module Pages/Form 2/Select Socso Employement Startdate Month' is clicked on

2018-11-22 22:36:51 - [MESSAGE][PASSED] - Object: 'Object Repository/Final Object Repo/New Registration - Registration Module Pages/Form 2/Select Socso Employement Startdate Month' is clicked on

2018-11-22 22:36:51 - [TEST_STEP][PASSED] - delay: Delayed 2 second(s)

2018-11-22 22:36:53 - [MESSAGE][PASSED] - Delayed 2 second(s)

2018-11-22 22:36:53 - [TEST_STEP][PASSED] - click: Object: 'Object Repository/Final Object Repo/New Registration - Registration Module Pages/Form 2/Socso Employment StartDate Year' is clicked on

2018-11-22 22:36:54 - [MESSAGE][PASSED] - Object: 'Object Repository/Final Object Repo/New Registration - Registration Module Pages/Form 2/Socso Employment StartDate Year' is clicked on

2018-11-22 22:36:54 - [TEST_STEP][PASSED] - delay: Delayed 1 second(s)

2018-11-22 22:36:55 - [MESSAGE][PASSED] - Delayed 1 second(s)

2018-11-22 22:36:55 - [TEST_STEP][PASSED] - click: Object: 'Object Repository/Final Object Repo/New Registration - Registration Module Pages/Form 2/Select Socso Employment Startdate Year' is clicked on

2018-11-22 22:36:55 - [MESSAGE][PASSED] - Object: 'Object Repository/Final Object Repo/New Registration - Registration Module Pages/Form 2/Select Socso Employment Startdate Year' is clicked on

2018-11-22 22:36:55 - [TEST_STEP][PASSED] - delay: Delayed 2 second(s)

2018-11-22 22:36:57 - [MESSAGE][PASSED] - Delayed 2 second(s)

2018-11-22 22:36:57 - [TEST_STEP][PASSED] - click: Object: 'Object Repository/Final Object Repo/New Registration - Registration Module Pages/Form 2/Socso Employment Start Date Day' is clicked on

2018-11-22 22:36:57 - [MESSAGE][PASSED] - Object: 'Object Repository/Final Object Repo/New Registration - Registration Module Pages/Form 2/Socso Employment Start Date Day' is clicked on

2018-11-22 22:36:57 - [TEST_STEP][PASSED] - delay: Delayed 2 second(s)

2018-11-22 22:36:59 - [MESSAGE][PASSED] - Delayed 2 second(s)

2018-11-22 22:36:59 - [TEST_STEP][PASSED] - click: Object: 'Object Repository/Final Object Repo/New Registration - Registration Module Pages/Form 2/Save Button for Add Employee' is clicked on

2018-11-22 22:36:59 - [MESSAGE][PASSED] - Object: 'Object Repository/Final Object Repo/New Registration - Registration Module Pages/Form 2/Save Button for Add Employee' is clicked on

2018-11-22 22:36:59 - [TEST_STEP][PASSED] - delay: Delayed 6 second(s)

2018-11-22 22:37:05 - [MESSAGE][PASSED] - Delayed 6 second(s)

2018-11-22 22:37:05 - [TEST_STEP][PASSED] - click: Object: 'Object Repository/Final Object Repo/New Registration - Registration Module Pages/Form 2/Save and Continue Form 2' is clicked on

2018-11-22 22:37:05 - [MESSAGE][PASSED] - Object: 'Object Repository/Final Object Repo/New Registration - Registration Module Pages/Form 2/Save and Continue Form 2' is clicked on

2018-11-22 22:37:05 - [MESSAGE][PASSED] - Call Test Case 'Test Cases/Final Aug 2018 - PKS Automation/Registration Module/New Registration/Form 2/Add 1 Eligible' successfully

2018-11-22 22:37:05 - [TEST_STEP][PASSED] - callTestCase: Call Test Case 'Test Cases/Final Aug 2018 - PKS Automation/Registration Module/New Registration/Flow of New Registration/Third Screen - Upload Supporting Doc - Preview' successfully

2018-11-22 22:37:05 - [TEST_CASE][PASSED] - Test Cases/Final Aug 2018 - PKS Automation/Registration Module/New Registration/Flow of New Registration/Third Screen - Upload Supporting Doc - Preview: Test Cases/Final Aug 2018 - PKS Automation/Registration Module/New Registration/Flow of New Registration/Third Screen - Upload Supporting Doc - Preview

2018-11-22 22:37:05 - [TEST_STEP][PASSED] - waitForPageLoad: Wait for page load successfully

2018-11-22 22:37:06 - [MESSAGE][PASSED] - Wait for page load successfully

2018-11-22 22:37:06 - [TEST_STEP][PASSED] - Statement - CaseReferenceNo = com.kms.katalon.core.webui.keyword.WebUiBuiltInKeywords.getText(com.kms.katalon.core.testobject.ObjectRepository.findTestObject(Final Object Repo/New Registration - Registration Module Pages/Third Screen - Upload Supporting Doc- Preview/RefNo Acquiring)): Text of object 'Object Repository/Final Object Repo/New Registration - Registration Module Pages/Third Screen - Upload Supporting Doc- Preview/RefNo Acquiring' is: 'CRN11201800122704'

2018-11-22 22:37:06 - [MESSAGE][PASSED] - Text of object 'Object Repository/Final Object Repo/New Registration - Registration Module Pages/Third Screen - Upload Supporting Doc- Preview/RefNo Acquiring' is: 'CRN11201800122704'

2018-11-22 22:37:06 - [TEST_STEP][PASSED] - delay: Delayed 2 second(s)

2018-11-22 22:37:08 - [MESSAGE][PASSED] - Delayed 2 second(s)

2018-11-22 22:37:08 - [TEST_STEP][PASSED] - callTestCase: Call Test Case 'Test Cases/Final Aug 2018 - PKS Automation/Common/Reference Number Setter' successfully

2018-11-22 22:37:08 - [TEST_CASE][PASSED] - Test Cases/Final Aug 2018 - PKS Automation/Common/Reference Number Setter: Test Cases/Final Aug 2018 - PKS Automation/Common/Reference Number Setter

2018-11-22 22:37:08 - [TEST_STEP][PASSED] - Statement - RefNoOldFile = new java.io.File(C://Users//Admin//Desktop//PKS//Automation Reference Point//KatalonReference.txt): null

2018-11-22 22:37:08 - [TEST_STEP][PASSED] - Statement - RefNoOldFile.delete(): null

2018-11-22 22:37:08 - [TEST_STEP][PASSED] - delay: Delayed 5 second(s)

2018-11-22 22:37:13 - [MESSAGE][PASSED] - Delayed 5 second(s)

2018-11-22 22:37:13 - [TEST_STEP][PASSED] - Statement - RefNo = new java.io.File(C://Users//Admin//Desktop//PKS//Automation Reference Point//KatalonReference.txt): null

2018-11-22 22:37:13 - [TEST_STEP][PASSED] - Statement - f2 = new java.io.FileWriter(RefNo, false): null

2018-11-22 22:37:13 - [TEST_STEP][PASSED] - Statement - f2.write(CaseReferenceNo): null

2018-11-22 22:37:13 - [TEST_STEP][PASSED] - Statement - f2.close(): null

2018-11-22 22:37:13 - [TEST_STEP][PASSED] - Statement - out.println("


" + CaseReferenceNo + "


"): null

2018-11-22 22:37:13 - [MESSAGE][PASSED] - Call Test Case 'Test Cases/Final Aug 2018 - PKS Automation/Common/Reference Number Setter' successfully

2018-11-22 22:37:13 - [TEST_STEP][PASSED] - waitForElementClickable: Object 'Object Repository/Final Object Repo/New Registration - Registration Module Pages/Third Screen - Upload Supporting Doc- Preview/Save n Continue in SIP Employee Listing Page' is clickable

2018-11-22 22:37:13 - [MESSAGE][PASSED] - Object 'Object Repository/Final Object Repo/New Registration - Registration Module Pages/Third Screen - Upload Supporting Doc- Preview/Save n Continue in SIP Employee Listing Page' is clickable

2018-11-22 22:37:13 - [TEST_STEP][PASSED] - click: Object: 'Object Repository/Final Object Repo/New Registration - Registration Module Pages/Third Screen - Upload Supporting Doc- Preview/Save n Continue in SIP Employee Listing Page' is clicked on

2018-11-22 22:37:18 - [MESSAGE][PASSED] - Object: 'Object Repository/Final Object Repo/New Registration - Registration Module Pages/Third Screen - Upload Supporting Doc- Preview/Save n Continue in SIP Employee Listing Page' is clicked on

2018-11-22 22:37:18 - [TEST_STEP][PASSED] - delay: Delayed 7 second(s)

2018-11-22 22:37:25 - [MESSAGE][PASSED] - Delayed 7 second(s)

2018-11-22 22:37:25 - [TEST_STEP][PASSED] - click: Object: 'Object Repository/Final Object Repo/New Registration - Registration Module Pages/Third Screen - Upload Supporting Doc- Preview/Add Document Button' is clicked on

2018-11-22 22:37:26 - [MESSAGE][PASSED] - Object: 'Object Repository/Final Object Repo/New Registration - Registration Module Pages/Third Screen - Upload Supporting Doc- Preview/Add Document Button' is clicked on

2018-11-22 22:37:26 - [TEST_STEP][PASSED] - delay: Delayed 30 second(s)

2018-11-22 22:37:56 - [MESSAGE][PASSED] - Delayed 30 second(s)

2018-11-22 22:37:56 - [TEST_STEP][PASSED] - click: Object: 'Object Repository/Final Object Repo/New Registration - Registration Module Pages/Third Screen - Upload Supporting Doc- Preview/Supporting Doc Please Select Drop Down' is clicked on

2018-11-22 22:37:56 - [MESSAGE][PASSED] - Object: 'Object Repository/Final Object Repo/New Registration - Registration Module Pages/Third Screen - Upload Supporting Doc- Preview/Supporting Doc Please Select Drop Down' is clicked on

2018-11-22 22:37:56 - [TEST_STEP][PASSED] - delay: Delayed 2 second(s)

2018-11-22 22:37:58 - [MESSAGE][PASSED] - Delayed 2 second(s)

2018-11-22 22:37:58 - [TEST_STEP][PASSED] - click: Object: 'Object Repository/Final Object Repo/New Registration - Registration Module Pages/Third Screen - Upload Supporting Doc- Preview/Select to Upload Form 1' is clicked on

2018-11-22 22:37:58 - [MESSAGE][PASSED] - Object: 'Object Repository/Final Object Repo/New Registration - Registration Module Pages/Third Screen - Upload Supporting Doc- Preview/Select to Upload Form 1' is clicked on

2018-11-22 22:37:58 - [TEST_STEP][PASSED] - delay: Delayed 2 second(s)

2018-11-22 22:38:00 - [MESSAGE][PASSED] - Delayed 2 second(s)

2018-11-22 22:38:00 - [TEST_STEP][PASSED] - uploadFile: File 'C:\Users\Public\Pictures\Sample Pictures\Koala.jpg' sent to object: 'Object Repository/Final Object Repo/New Registration - Registration Module Pages/Third Screen - Upload Supporting Doc- Preview/Upload File Adding'

2018-11-22 22:38:00 - [MESSAGE][PASSED] - File 'C:\Users\Public\Pictures\Sample Pictures\Koala.jpg' sent to object: 'Object Repository/Final Object Repo/New Registration - Registration Module Pages/Third Screen - Upload Supporting Doc- Preview/Upload File Adding'

2018-11-22 22:38:00 - [TEST_STEP][PASSED] - delay: Delayed 5 second(s)

2018-11-22 22:38:05 - [MESSAGE][PASSED] - Delayed 5 second(s)

2018-11-22 22:38:05 - [TEST_STEP][PASSED] - click: Object: 'Object Repository/Final Object Repo/New Registration - Registration Module Pages/Third Screen - Upload Supporting Doc- Preview/Inner Form Add Document Button' is clicked on

2018-11-22 22:38:05 - [MESSAGE][PASSED] - Object: 'Object Repository/Final Object Repo/New Registration - Registration Module Pages/Third Screen - Upload Supporting Doc- Preview/Inner Form Add Document Button' is clicked on

2018-11-22 22:38:05 - [TEST_STEP][PASSED] - delay: Delayed 3 second(s)

2018-11-22 22:38:08 - [MESSAGE][PASSED] - Delayed 3 second(s)

2018-11-22 22:38:08 - [TEST_STEP][PASSED] - click: Object: 'Object Repository/Final Object Repo/New Registration - Registration Module Pages/Third Screen - Upload Supporting Doc- Preview/Add Document Button' is clicked on

2018-11-22 22:38:09 - [MESSAGE][PASSED] - Object: 'Object Repository/Final Object Repo/New Registration - Registration Module Pages/Third Screen - Upload Supporting Doc- Preview/Add Document Button' is clicked on

2018-11-22 22:38:09 - [TEST_STEP][PASSED] - delay: Delayed 30 second(s)

2018-11-22 22:38:39 - [MESSAGE][PASSED] - Delayed 30 second(s)

2018-11-22 22:38:39 - [TEST_STEP][PASSED] - click: Object: 'Object Repository/Final Object Repo/New Registration - Registration Module Pages/Third Screen - Upload Supporting Doc- Preview/Supporting Doc Please Select Drop Down' is clicked on

2018-11-22 22:38:40 - [MESSAGE][PASSED] - Object: 'Object Repository/Final Object Repo/New Registration - Registration Module Pages/Third Screen - Upload Supporting Doc- Preview/Supporting Doc Please Select Drop Down' is clicked on

2018-11-22 22:38:40 - [TEST_STEP][PASSED] - delay: Delayed 2 second(s)

2018-11-22 22:38:42 - [MESSAGE][PASSED] - Delayed 2 second(s)

2018-11-22 22:38:42 - [TEST_STEP][PASSED] - click: Object: 'Object Repository/Final Object Repo/New Registration - Registration Module Pages/Third Screen - Upload Supporting Doc- Preview/Select to Upload Form 2' is clicked on

2018-11-22 22:38:42 - [MESSAGE][PASSED] - Object: 'Object Repository/Final Object Repo/New Registration - Registration Module Pages/Third Screen - Upload Supporting Doc- Preview/Select to Upload Form 2' is clicked on

2018-11-22 22:38:42 - [TEST_STEP][PASSED] - delay: Delayed 2 second(s)

2018-11-22 22:38:44 - [MESSAGE][PASSED] - Delayed 2 second(s)

2018-11-22 22:38:44 - [TEST_STEP][PASSED] - uploadFile: File 'C:\Users\Public\Pictures\Sample Pictures\Koala.jpg' sent to object: 'Object Repository/Final Object Repo/New Registration - Registration Module Pages/Third Screen - Upload Supporting Doc- Preview/Upload File Adding'

2018-11-22 22:38:44 - [MESSAGE][PASSED] - File 'C:\Users\Public\Pictures\Sample Pictures\Koala.jpg' sent to object: 'Object Repository/Final Object Repo/New Registration - Registration Module Pages/Third Screen - Upload Supporting Doc- Preview/Upload File Adding'

2018-11-22 22:38:44 - [TEST_STEP][PASSED] - click: Object: 'Object Repository/Final Object Repo/New Registration - Registration Module Pages/Third Screen - Upload Supporting Doc- Preview/Inner Form Add Document Button' is clicked on

2018-11-22 22:38:44 - [MESSAGE][PASSED] - Object: 'Object Repository/Final Object Repo/New Registration - Registration Module Pages/Third Screen - Upload Supporting Doc- Preview/Inner Form Add Document Button' is clicked on

2018-11-22 22:38:44 - [TEST_STEP][PASSED] - delay: Delayed 5 second(s)

2018-11-22 22:38:49 - [MESSAGE][PASSED] - Delayed 5 second(s)

2018-11-22 22:38:49 - [TEST_STEP][PASSED] - click: Object: 'Object Repository/Final Object Repo/New Registration - Registration Module Pages/Third Screen - Upload Supporting Doc- Preview/Add Document Button' is clicked on

2018-11-22 22:38:49 - [MESSAGE][PASSED] - Object: 'Object Repository/Final Object Repo/New Registration - Registration Module Pages/Third Screen - Upload Supporting Doc- Preview/Add Document Button' is clicked on

2018-11-22 22:38:49 - [TEST_STEP][PASSED] - delay: Delayed 30 second(s)

2018-11-22 22:39:19 - [MESSAGE][PASSED] - Delayed 30 second(s)

2018-11-22 22:39:19 - [TEST_STEP][PASSED] - click: Object: 'Object Repository/Final Object Repo/New Registration - Registration Module Pages/Third Screen - Upload Supporting Doc- Preview/Supporting Doc Please Select Drop Down' is clicked on

2018-11-22 22:39:19 - [MESSAGE][PASSED] - Object: 'Object Repository/Final Object Repo/New Registration - Registration Module Pages/Third Screen - Upload Supporting Doc- Preview/Supporting Doc Please Select Drop Down' is clicked on

2018-11-22 22:39:19 - [TEST_STEP][PASSED] - click: Object: 'Object Repository/Final Object Repo/New Registration - Registration Module Pages/Third Screen - Upload Supporting Doc- Preview/Select to Upload Borang SIP 1' is clicked on

2018-11-22 22:39:20 - [MESSAGE][PASSED] - Object: 'Object Repository/Final Object Repo/New Registration - Registration Module Pages/Third Screen - Upload Supporting Doc- Preview/Select to Upload Borang SIP 1' is clicked on

2018-11-22 22:39:20 - [TEST_STEP][PASSED] - delay: Delayed 2 second(s)

2018-11-22 22:39:22 - [MESSAGE][PASSED] - Delayed 2 second(s)

2018-11-22 22:39:22 - [TEST_STEP][PASSED] - uploadFile: File 'C:\Users\Public\Pictures\Sample Pictures\Koala.jpg' sent to object: 'Object Repository/Final Object Repo/New Registration - Registration Module Pages/Third Screen - Upload Supporting Doc- Preview/Upload File Adding'

2018-11-22 22:39:22 - [MESSAGE][PASSED] - File 'C:\Users\Public\Pictures\Sample Pictures\Koala.jpg' sent to object: 'Object Repository/Final Object Repo/New Registration - Registration Module Pages/Third Screen - Upload Supporting Doc- Preview/Upload File Adding'

2018-11-22 22:39:22 - [TEST_STEP][PASSED] - click: Object: 'Object Repository/Final Object Repo/New Registration - Registration Module Pages/Third Screen - Upload Supporting Doc- Preview/Inner Form Add Document Button' is clicked on

2018-11-22 22:39:22 - [MESSAGE][PASSED] - Object: 'Object Repository/Final Object Repo/New Registration - Registration Module Pages/Third Screen - Upload Supporting Doc- Preview/Inner Form Add Document Button' is clicked on

2018-11-22 22:39:22 - [TEST_STEP][PASSED] - delay: Delayed 5 second(s)

2018-11-22 22:39:27 - [MESSAGE][PASSED] - Delayed 5 second(s)

2018-11-22 22:39:27 - [TEST_STEP][PASSED] - click: Object: 'Object Repository/Final Object Repo/New Registration - Registration Module Pages/Third Screen - Upload Supporting Doc- Preview/Add Document Button' is clicked on

2018-11-22 22:39:27 - [MESSAGE][PASSED] - Object: 'Object Repository/Final Object Repo/New Registration - Registration Module Pages/Third Screen - Upload Supporting Doc- Preview/Add Document Button' is clicked on

2018-11-22 22:39:27 - [TEST_STEP][PASSED] - delay: Delayed 30 second(s)

2018-11-22 22:39:57 - [MESSAGE][PASSED] - Delayed 30 second(s)

2018-11-22 22:39:57 - [TEST_STEP][PASSED] - click: Object: 'Object Repository/Final Object Repo/New Registration - Registration Module Pages/Third Screen - Upload Supporting Doc- Preview/Supporting Doc Please Select Drop Down' is clicked on

2018-11-22 22:39:57 - [MESSAGE][PASSED] - Object: 'Object Repository/Final Object Repo/New Registration - Registration Module Pages/Third Screen - Upload Supporting Doc- Preview/Supporting Doc Please Select Drop Down' is clicked on

2018-11-22 22:39:57 - [TEST_STEP][PASSED] - delay: Delayed 3 second(s)

2018-11-22 22:40:00 - [MESSAGE][PASSED] - Delayed 3 second(s)

2018-11-22 22:40:00 - [TEST_STEP][PASSED] - click: Object: 'Object Repository/Final Object Repo/New Registration - Registration Module Pages/Third Screen - Upload Supporting Doc- Preview/Select to Upload Borang SIP 2' is clicked on

2018-11-22 22:40:01 - [MESSAGE][PASSED] - Object: 'Object Repository/Final Object Repo/New Registration - Registration Module Pages/Third Screen - Upload Supporting Doc- Preview/Select to Upload Borang SIP 2' is clicked on

2018-11-22 22:40:01 - [TEST_STEP][PASSED] - delay: Delayed 2 second(s)

2018-11-22 22:40:03 - [MESSAGE][PASSED] - Delayed 2 second(s)

2018-11-22 22:40:03 - [TEST_STEP][PASSED] - uploadFile: File 'C:\Users\Public\Pictures\Sample Pictures\Koala.jpg' sent to object: 'Object Repository/Final Object Repo/New Registration - Registration Module Pages/Third Screen - Upload Supporting Doc- Preview/Upload File Adding'

2018-11-22 22:40:03 - [MESSAGE][PASSED] - File 'C:\Users\Public\Pictures\Sample Pictures\Koala.jpg' sent to object: 'Object Repository/Final Object Repo/New Registration - Registration Module Pages/Third Screen - Upload Supporting Doc- Preview/Upload File Adding'

2018-11-22 22:40:03 - [TEST_STEP][PASSED] - delay: Delayed 5 second(s)

2018-11-22 22:40:08 - [MESSAGE][PASSED] - Delayed 5 second(s)

2018-11-22 22:40:08 - [TEST_STEP][PASSED] - click: Object: 'Object Repository/Final Object Repo/New Registration - Registration Module Pages/Third Screen - Upload Supporting Doc- Preview/Inner Form Add Document Button' is clicked on

2018-11-22 22:40:08 - [MESSAGE][PASSED] - Object: 'Object Repository/Final Object Repo/New Registration - Registration Module Pages/Third Screen - Upload Supporting Doc- Preview/Inner Form Add Document Button' is clicked on

2018-11-22 22:40:08 - [TEST_STEP][PASSED] - delay: Delayed 3 second(s)

2018-11-22 22:40:11 - [MESSAGE][PASSED] - Delayed 3 second(s)

2018-11-22 22:40:11 - [TEST_STEP][PASSED] - waitForElementClickable: Object 'Object Repository/Final Object Repo/New Registration - Registration Module Pages/Third Screen - Upload Supporting Doc- Preview/Save n Continue in Uploading Supporting Doc Page' is clickable

2018-11-22 22:40:12 - [MESSAGE][PASSED] - Object 'Object Repository/Final Object Repo/New Registration - Registration Module Pages/Third Screen - Upload Supporting Doc- Preview/Save n Continue in Uploading Supporting Doc Page' is clickable

2018-11-22 22:40:12 - [TEST_STEP][PASSED] - click: Object: 'Object Repository/Final Object Repo/New Registration - Registration Module Pages/Third Screen - Upload Supporting Doc- Preview/Save n Continue in Uploading Supporting Doc Page' is clicked on

2018-11-22 22:40:12 - [MESSAGE][PASSED] - Object: 'Object Repository/Final Object Repo/New Registration - Registration Module Pages/Third Screen - Upload Supporting Doc- Preview/Save n Continue in Uploading Supporting Doc Page' is clicked on

2018-11-22 22:40:12 - [MESSAGE][PASSED] - Call Test Case 'Test Cases/Final Aug 2018 - PKS Automation/Registration Module/New Registration/Flow of New Registration/Third Screen - Upload Supporting Doc - Preview' successfully

2018-11-22 22:40:12 - [TEST_STEP][PASSED] - callTestCase: Call Test Case 'Test Cases/Final Aug 2018 - PKS Automation/Registration Module/New Registration/Submit and Screenshot/Submit Registration and Screenshot - Copy' successfully

2018-11-22 22:40:12 - [TEST_CASE][PASSED] - Test Cases/Final Aug 2018 - PKS Automation/Registration Module/New Registration/Submit and Screenshot/Submit Registration and Screenshot - Copy: Test Cases/Final Aug 2018 - PKS Automation/Registration Module/New Registration/Submit and Screenshot/Submit Registration and Screenshot - Copy

2018-11-22 22:40:12 - [TEST_STEP][PASSED] - delay: Delayed 6 second(s)

2018-11-22 22:40:18 - [MESSAGE][PASSED] - Delayed 6 second(s)

2018-11-22 22:40:18 - [TEST_STEP][PASSED] - click: Object: 'Object Repository/Final Object Repo/New Registration - Registration Module Pages/Third Screen - Upload Supporting Doc- Preview/Preview Submit Button' is clicked on

2018-11-22 22:40:18 - [MESSAGE][PASSED] - Object: 'Object Repository/Final Object Repo/New Registration - Registration Module Pages/Third Screen - Upload Supporting Doc- Preview/Preview Submit Button' is clicked on

2018-11-22 22:40:18 - [TEST_STEP][PASSED] - delay: Delayed 2 second(s)

2018-11-22 22:40:20 - [MESSAGE][PASSED] - Delayed 2 second(s)

2018-11-22 22:40:20 - [TEST_STEP][PASSED] - click: Object: 'Object Repository/Final Object Repo/New Registration - Registration Module Pages/Third Screen - Upload Supporting Doc- Preview/Preview Submit - Confirm' is clicked on

2018-11-22 22:40:20 - [MESSAGE][PASSED] - Object: 'Object Repository/Final Object Repo/New Registration - Registration Module Pages/Third Screen - Upload Supporting Doc- Preview/Preview Submit - Confirm' is clicked on

2018-11-22 22:40:20 - [TEST_STEP][PASSED] - delay: Delayed 15 second(s)

2018-11-22 22:40:35 - [MESSAGE][PASSED] - Delayed 15 second(s)

2018-11-22 22:40:35 - [TEST_STEP][PASSED] - Statement - driver = com.kms.katalon.core.webui.driver.DriverFactory.getWebDriver(): null

2018-11-22 22:40:35 - [TEST_STEP][PASSED] - Statement - driver.manage().timeouts().implicitlyWait(10, SECONDS): null

2018-11-22 22:40:35 - [TEST_STEP][PASSED] - Statement - PresavePath = KatalonScreenshots: null

2018-11-22 22:40:35 - [TEST_STEP][PASSED] - Statement - pathPrefix = "C:\Users\Public\Pictures\Sample Pictures\Katalon Screenshots\Automate Ending Screen": null

2018-11-22 22:40:35 - [TEST_STEP][PASSED] - Statement - finalPath = <not implemented yet for class: org.codehaus.groovy.ast.expr.EmptyExpression>: null

2018-11-22 22:40:35 - [TEST_STEP][PASSED] - Statement - scrFile = driver.getScreenshotAs(FILE): null

2018-11-22 22:40:36 - [TEST_STEP][PASSED] - Statement - PreSaveFile = new java.io.File(PresavePath): null

2018-11-22 22:40:36 - [TEST_STEP][PASSED] - Statement - counter = 0: null

2018-11-22 22:40:36 - [TEST_STEP][PASSED] - Statement - If (PreSaveFile.exists()): null

2018-11-22 22:40:36 - [TEST_STEP][PASSED] - Statement - While (PreSaveFile.exists()): null

2018-11-22 22:40:36 - [TEST_STEP][PASSED] - Statement - counter = counter + 1: null

2018-11-22 22:40:36 - [TEST_STEP][PASSED] - Statement - PreSaveFile = new java.io.File(((pathPrefix + java.lang.Integer.toString(counter)) + .png)): null

2018-11-22 22:40:36 - [TEST_STEP][PASSED] - Statement - counter = counter + 1: null

2018-11-22 22:40:36 - [TEST_STEP][PASSED] - Statement - PreSaveFile = new java.io.File(((pathPrefix + java.lang.Integer.toString(counter)) + .png)): null

2018-11-22 22:40:36 - [TEST_STEP][PASSED] - Statement - counter = counter + 1: null

2018-11-22 22:40:36 - [TEST_STEP][PASSED] - Statement - PreSaveFile = new java.io.File(((pathPrefix + java.lang.Integer.toString(counter)) + .png)): null

2018-11-22 22:40:36 - [TEST_STEP][PASSED] - Statement - counter = counter + 1: null

2018-11-22 22:40:36 - [TEST_STEP][PASSED] - Statement - PreSaveFile = new java.io.File(((pathPrefix + java.lang.Integer.toString(counter)) + .png)): null

2018-11-22 22:40:36 - [TEST_STEP][PASSED] - Statement - counter = counter + 1: null

2018-11-22 22:40:36 - [TEST_STEP][PASSED] - Statement - PreSaveFile = new java.io.File(((pathPrefix + java.lang.Integer.toString(counter)) + .png)): null

2018-11-22 22:40:36 - [TEST_STEP][PASSED] - Statement - counter = counter + 1: null

2018-11-22 22:40:36 - [TEST_STEP][PASSED] - Statement - PreSaveFile = new java.io.File(((pathPrefix + java.lang.Integer.toString(counter)) + .png)): null

2018-11-22 22:40:36 - [TEST_STEP][PASSED] - Statement - counter = counter + 1: null

2018-11-22 22:40:36 - [TEST_STEP][PASSED] - Statement - PreSaveFile = new java.io.File(((pathPrefix + java.lang.Integer.toString(counter)) + .png)): null

2018-11-22 22:40:36 - [TEST_STEP][PASSED] - Statement - counter = counter + 1: null

2018-11-22 22:40:36 - [TEST_STEP][PASSED] - Statement - PreSaveFile = new java.io.File(((pathPrefix + java.lang.Integer.toString(counter)) + .png)): null

2018-11-22 22:40:36 - [TEST_STEP][PASSED] - Statement - counter = counter + 1: null

2018-11-22 22:40:36 - [TEST_STEP][PASSED] - Statement - PreSaveFile = new java.io.File(((pathPrefix + java.lang.Integer.toString(counter)) + .png)): null

2018-11-22 22:40:36 - [TEST_STEP][PASSED] - Statement - counter = counter + 1: null

2018-11-22 22:40:36 - [TEST_STEP][PASSED] - Statement - PreSaveFile = new java.io.File(((pathPrefix + java.lang.Integer.toString(counter)) + .png)): null

2018-11-22 22:40:36 - [TEST_STEP][PASSED] - Statement - counter = counter + 1: null

2018-11-22 22:40:36 - [TEST_STEP][PASSED] - Statement - PreSaveFile = new java.io.File(((pathPrefix + java.lang.Integer.toString(counter)) + .png)): null

2018-11-22 22:40:36 - [TEST_STEP][PASSED] - Statement - counter = counter + 1: null

2018-11-22 22:40:36 - [TEST_STEP][PASSED] - Statement - PreSaveFile = new java.io.File(((pathPrefix + java.lang.Integer.toString(counter)) + .png)): null

2018-11-22 22:40:36 - [TEST_STEP][PASSED] - Statement - counter = counter + 1: null

2018-11-22 22:40:36 - [TEST_STEP][PASSED] - Statement - PreSaveFile = new java.io.File(((pathPrefix + java.lang.Integer.toString(counter)) + .png)): null

2018-11-22 22:40:36 - [TEST_STEP][PASSED] - Statement - counter = counter + 1: null

2018-11-22 22:40:36 - [TEST_STEP][PASSED] - Statement - PreSaveFile = new java.io.File(((pathPrefix + java.lang.Integer.toString(counter)) + .png)): null

2018-11-22 22:40:36 - [TEST_STEP][PASSED] - Statement - counter = counter + 1: null

2018-11-22 22:40:36 - [TEST_STEP][PASSED] - Statement - PreSaveFile = new java.io.File(((pathPrefix + java.lang.Integer.toString(counter)) + .png)): null

2018-11-22 22:40:36 - [TEST_STEP][PASSED] - Statement - counter = counter + 1: null

2018-11-22 22:40:36 - [TEST_STEP][PASSED] - Statement - PreSaveFile = new java.io.File(((pathPrefix + java.lang.Integer.toString(counter)) + .png)): null

2018-11-22 22:40:36 - [TEST_STEP][PASSED] - Statement - counter = counter + 1: null

2018-11-22 22:40:36 - [TEST_STEP][PASSED] - Statement - PreSaveFile = new java.io.File(((pathPrefix + java.lang.Integer.toString(counter)) + .png)): null

2018-11-22 22:40:36 - [TEST_STEP][PASSED] - Statement - counter = counter + 1: null

2018-11-22 22:40:36 - [TEST_STEP][PASSED] - Statement - PreSaveFile = new java.io.File(((pathPrefix + java.lang.Integer.toString(counter)) + .png)): null

2018-11-22 22:40:36 - [TEST_STEP][PASSED] - Statement - counter = counter + 1: null

2018-11-22 22:40:36 - [TEST_STEP][PASSED] - Statement - PreSaveFile = new java.io.File(((pathPrefix + java.lang.Integer.toString(counter)) + .png)): null

2018-11-22 22:40:36 - [TEST_STEP][PASSED] - Statement - counter = counter + 1: null

2018-11-22 22:40:36 - [TEST_STEP][PASSED] - Statement - PreSaveFile = new java.io.File(((pathPrefix + java.lang.Integer.toString(counter)) + .png)): null

2018-11-22 22:40:36 - [TEST_STEP][PASSED] - Statement - counter = counter + 1: null

2018-11-22 22:40:36 - [TEST_STEP][PASSED] - Statement - PreSaveFile = new java.io.File(((pathPrefix + java.lang.Integer.toString(counter)) + .png)): null

2018-11-22 22:40:36 - [TEST_STEP][PASSED] - Statement - counter = counter + 1: null

2018-11-22 22:40:36 - [TEST_STEP][PASSED] - Statement - PreSaveFile = new java.io.File(((pathPrefix + java.lang.Integer.toString(counter)) + .png)): null

2018-11-22 22:40:36 - [TEST_STEP][PASSED] - Statement - counter = counter + 1: null

2018-11-22 22:40:36 - [TEST_STEP][PASSED] - Statement - PreSaveFile = new java.io.File(((pathPrefix + java.lang.Integer.toString(counter)) + .png)): null

2018-11-22 22:40:36 - [TEST_STEP][PASSED] - Statement - counter = counter + 1: null

2018-11-22 22:40:36 - [TEST_STEP][PASSED] - Statement - PreSaveFile = new java.io.File(((pathPrefix + java.lang.Integer.toString(counter)) + .png)): null

2018-11-22 22:40:36 - [TEST_STEP][PASSED] - Statement - counter = counter + 1: null

2018-11-22 22:40:36 - [TEST_STEP][PASSED] - Statement - PreSaveFile = new java.io.File(((pathPrefix + java.lang.Integer.toString(counter)) + .png)): null

2018-11-22 22:40:36 - [TEST_STEP][PASSED] - Statement - counter = counter + 1: null

2018-11-22 22:40:36 - [TEST_STEP][PASSED] - Statement - PreSaveFile = new java.io.File(((pathPrefix + java.lang.Integer.toString(counter)) + .png)): null

2018-11-22 22:40:36 - [TEST_STEP][PASSED] - Statement - counter = counter + 1: null

2018-11-22 22:40:36 - [TEST_STEP][PASSED] - Statement - PreSaveFile = new java.io.File(((pathPrefix + java.lang.Integer.toString(counter)) + .png)): null

2018-11-22 22:40:36 - [TEST_STEP][PASSED] - Statement - counter = counter + 1: null

2018-11-22 22:40:36 - [TEST_STEP][PASSED] - Statement - PreSaveFile = new java.io.File(((pathPrefix + java.lang.Integer.toString(counter)) + .png)): null

2018-11-22 22:40:36 - [TEST_STEP][PASSED] - Statement - counter = counter + 1: null

2018-11-22 22:40:36 - [TEST_STEP][PASSED] - Statement - PreSaveFile = new java.io.File(((pathPrefix + java.lang.Integer.toString(counter)) + .png)): null

2018-11-22 22:40:36 - [TEST_STEP][PASSED] - Statement - counter = counter + 1: null

2018-11-22 22:40:36 - [TEST_STEP][PASSED] - Statement - PreSaveFile = new java.io.File(((pathPrefix + java.lang.Integer.toString(counter)) + .png)): null

2018-11-22 22:40:36 - [TEST_STEP][PASSED] - Statement - counter = counter + 1: null

2018-11-22 22:40:36 - [TEST_STEP][PASSED] - Statement - PreSaveFile = new java.io.File(((pathPrefix + java.lang.Integer.toString(counter)) + .png)): null

2018-11-22 22:40:36 - [TEST_STEP][PASSED] - Statement - counter = counter + 1: null

2018-11-22 22:40:36 - [TEST_STEP][PASSED] - Statement - PreSaveFile = new java.io.File(((pathPrefix + java.lang.Integer.toString(counter)) + .png)): null

2018-11-22 22:40:36 - [TEST_STEP][PASSED] - Statement - counter = counter + 1: null

2018-11-22 22:40:36 - [TEST_STEP][PASSED] - Statement - PreSaveFile = new java.io.File(((pathPrefix + java.lang.Integer.toString(counter)) + .png)): null

2018-11-22 22:40:36 - [TEST_STEP][PASSED] - Statement - counter = counter + 1: null

2018-11-22 22:40:36 - [TEST_STEP][PASSED] - Statement - PreSaveFile = new java.io.File(((pathPrefix + java.lang.Integer.toString(counter)) + .png)): null

2018-11-22 22:40:36 - [TEST_STEP][PASSED] - Statement - counter = counter + 1: null

2018-11-22 22:40:36 - [TEST_STEP][PASSED] - Statement - PreSaveFile = new java.io.File(((pathPrefix + java.lang.Integer.toString(counter)) + .png)): null

2018-11-22 22:40:36 - [TEST_STEP][PASSED] - Statement - counter = counter + 1: null

2018-11-22 22:40:36 - [TEST_STEP][PASSED] - Statement - PreSaveFile = new java.io.File(((pathPrefix + java.lang.Integer.toString(counter)) + .png)): null

2018-11-22 22:40:36 - [TEST_STEP][PASSED] - Statement - counter = counter + 1: null

2018-11-22 22:40:36 - [TEST_STEP][PASSED] - Statement - PreSaveFile = new java.io.File(((pathPrefix + java.lang.Integer.toString(counter)) + .png)): null

2018-11-22 22:40:36 - [TEST_STEP][PASSED] - Statement - counter = counter + 1: null

2018-11-22 22:40:36 - [TEST_STEP][PASSED] - Statement - PreSaveFile = new java.io.File(((pathPrefix + java.lang.Integer.toString(counter)) + .png)): null

2018-11-22 22:40:36 - [TEST_STEP][PASSED] - Statement - counter = counter + 1: null

2018-11-22 22:40:36 - [TEST_STEP][PASSED] - Statement - PreSaveFile = new java.io.File(((pathPrefix + java.lang.Integer.toString(counter)) + .png)): null

2018-11-22 22:40:36 - [TEST_STEP][PASSED] - Statement - counter = counter + 1: null

2018-11-22 22:40:36 - [TEST_STEP][PASSED] - Statement - PreSaveFile = new java.io.File(((pathPrefix + java.lang.Integer.toString(counter)) + .png)): null

2018-11-22 22:40:36 - [TEST_STEP][PASSED] - Statement - counter = counter + 1: null

2018-11-22 22:40:36 - [TEST_STEP][PASSED] - Statement - PreSaveFile = new java.io.File(((pathPrefix + java.lang.Integer.toString(counter)) + .png)): null

2018-11-22 22:40:36 - [TEST_STEP][PASSED] - Statement - counter = counter + 1: null

2018-11-22 22:40:36 - [TEST_STEP][PASSED] - Statement - PreSaveFile = new java.io.File(((pathPrefix + java.lang.Integer.toString(counter)) + .png)): null

2018-11-22 22:40:36 - [TEST_STEP][PASSED] - Statement - counter = counter + 1: null

2018-11-22 22:40:36 - [TEST_STEP][PASSED] - Statement - PreSaveFile = new java.io.File(((pathPrefix + java.lang.Integer.toString(counter)) + .png)): null

2018-11-22 22:40:36 - [TEST_STEP][PASSED] - Statement - counter = counter + 1: null

2018-11-22 22:40:36 - [TEST_STEP][PASSED] - Statement - PreSaveFile = new java.io.File(((pathPrefix + java.lang.Integer.toString(counter)) + .png)): null

2018-11-22 22:40:36 - [TEST_STEP][PASSED] - Statement - counter = counter + 1: null

2018-11-22 22:40:36 - [TEST_STEP][PASSED] - Statement - PreSaveFile = new java.io.File(((pathPrefix + java.lang.Integer.toString(counter)) + .png)): null

2018-11-22 22:40:36 - [TEST_STEP][PASSED] - Statement - counter = counter + 1: null

2018-11-22 22:40:36 - [TEST_STEP][PASSED] - Statement - PreSaveFile = new java.io.File(((pathPrefix + java.lang.Integer.toString(counter)) + .png)): null

2018-11-22 22:40:36 - [TEST_STEP][PASSED] - Statement - counter = counter + 1: null

2018-11-22 22:40:36 - [TEST_STEP][PASSED] - Statement - PreSaveFile = new java.io.File(((pathPrefix + java.lang.Integer.toString(counter)) + .png)): null

2018-11-22 22:40:36 - [TEST_STEP][PASSED] - Statement - counter = counter + 1: null

2018-11-22 22:40:36 - [TEST_STEP][PASSED] - Statement - PreSaveFile = new java.io.File(((pathPrefix + java.lang.Integer.toString(counter)) + .png)): null

2018-11-22 22:40:36 - [TEST_STEP][PASSED] - Statement - counter = counter + 1: null

2018-11-22 22:40:36 - [TEST_STEP][PASSED] - Statement - PreSaveFile = new java.io.File(((pathPrefix + java.lang.Integer.toString(counter)) + .png)): null

2018-11-22 22:40:36 - [TEST_STEP][PASSED] - Statement - counter = counter + 1: null

2018-11-22 22:40:36 - [TEST_STEP][PASSED] - Statement - PreSaveFile = new java.io.File(((pathPrefix + java.lang.Integer.toString(counter)) + .png)): null

2018-11-22 22:40:36 - [TEST_STEP][PASSED] - Statement - counter = counter + 1: null

2018-11-22 22:40:36 - [TEST_STEP][PASSED] - Statement - PreSaveFile = new java.io.File(((pathPrefix + java.lang.Integer.toString(counter)) + .png)): null

2018-11-22 22:40:36 - [TEST_STEP][PASSED] - Statement - counter = counter + 1: null

2018-11-22 22:40:36 - [TEST_STEP][PASSED] - Statement - PreSaveFile = new java.io.File(((pathPrefix + java.lang.Integer.toString(counter)) + .png)): null

2018-11-22 22:40:36 - [TEST_STEP][PASSED] - Statement - counter = counter + 1: null

2018-11-22 22:40:36 - [TEST_STEP][PASSED] - Statement - PreSaveFile = new java.io.File(((pathPrefix + java.lang.Integer.toString(counter)) + .png)): null

2018-11-22 22:40:36 - [TEST_STEP][PASSED] - Statement - counter = counter + 1: null

2018-11-22 22:40:36 - [TEST_STEP][PASSED] - Statement - PreSaveFile = new java.io.File(((pathPrefix + java.lang.Integer.toString(counter)) + .png)): null

2018-11-22 22:40:36 - [TEST_STEP][PASSED] - Statement - counter = counter + 1: null

2018-11-22 22:40:36 - [TEST_STEP][PASSED] - Statement - PreSaveFile = new java.io.File(((pathPrefix + java.lang.Integer.toString(counter)) + .png)): null

2018-11-22 22:40:36 - [TEST_STEP][PASSED] - Statement - counter = counter + 1: null

2018-11-22 22:40:36 - [TEST_STEP][PASSED] - Statement - PreSaveFile = new java.io.File(((pathPrefix + java.lang.Integer.toString(counter)) + .png)): null

2018-11-22 22:40:36 - [TEST_STEP][PASSED] - Statement - counter = counter + 1: null

2018-11-22 22:40:36 - [TEST_STEP][PASSED] - Statement - PreSaveFile = new java.io.File(((pathPrefix + java.lang.Integer.toString(counter)) + .png)): null

2018-11-22 22:40:36 - [TEST_STEP][PASSED] - Statement - counter = counter + 1: null

2018-11-22 22:40:36 - [TEST_STEP][PASSED] - Statement - PreSaveFile = new java.io.File(((pathPrefix + java.lang.Integer.toString(counter)) + .png)): null

2018-11-22 22:40:36 - [TEST_STEP][PASSED] - Statement - counter = counter + 1: null

2018-11-22 22:40:36 - [TEST_STEP][PASSED] - Statement - PreSaveFile = new java.io.File(((pathPrefix + java.lang.Integer.toString(counter)) + .png)): null

2018-11-22 22:40:36 - [TEST_STEP][PASSED] - Statement - counter = counter + 1: null

2018-11-22 22:40:36 - [TEST_STEP][PASSED] - Statement - PreSaveFile = new java.io.File(((pathPrefix + java.lang.Integer.toString(counter)) + .png)): null

2018-11-22 22:40:36 - [TEST_STEP][PASSED] - Statement - counter = counter + 1: null

2018-11-22 22:40:36 - [TEST_STEP][PASSED] - Statement - PreSaveFile = new java.io.File(((pathPrefix + java.lang.Integer.toString(counter)) + .png)): null

2018-11-22 22:40:36 - [TEST_STEP][PASSED] - Statement - counter = counter + 1: null

2018-11-22 22:40:36 - [TEST_STEP][PASSED] - Statement - PreSaveFile = new java.io.File(((pathPrefix + java.lang.Integer.toString(counter)) + .png)): null

2018-11-22 22:40:36 - [TEST_STEP][PASSED] - Statement - counter = counter + 1: null

2018-11-22 22:40:36 - [TEST_STEP][PASSED] - Statement - PreSaveFile = new java.io.File(((pathPrefix + java.lang.Integer.toString(counter)) + .png)): null

2018-11-22 22:40:36 - [TEST_STEP][PASSED] - Statement - counter = counter + 1: null

2018-11-22 22:40:36 - [TEST_STEP][PASSED] - Statement - PreSaveFile = new java.io.File(((pathPrefix + java.lang.Integer.toString(counter)) + .png)): null

2018-11-22 22:40:36 - [TEST_STEP][PASSED] - Statement - counter = counter + 1: null

2018-11-22 22:40:36 - [TEST_STEP][PASSED] - Statement - PreSaveFile = new java.io.File(((pathPrefix + java.lang.Integer.toString(counter)) + .png)): null

2018-11-22 22:40:36 - [TEST_STEP][PASSED] - Statement - counter = counter + 1: null

2018-11-22 22:40:36 - [TEST_STEP][PASSED] - Statement - PreSaveFile = new java.io.File(((pathPrefix + java.lang.Integer.toString(counter)) + .png)): null

2018-11-22 22:40:36 - [TEST_STEP][PASSED] - Statement - counter = counter + 1: null

2018-11-22 22:40:36 - [TEST_STEP][PASSED] - Statement - PreSaveFile = new java.io.File(((pathPrefix + java.lang.Integer.toString(counter)) + .png)): null

2018-11-22 22:40:36 - [TEST_STEP][PASSED] - Statement - counter = counter + 1: null

2018-11-22 22:40:36 - [TEST_STEP][PASSED] - Statement - PreSaveFile = new java.io.File(((pathPrefix + java.lang.Integer.toString(counter)) + .png)): null

2018-11-22 22:40:36 - [TEST_STEP][PASSED] - Statement - counter = counter + 1: null

2018-11-22 22:40:36 - [TEST_STEP][PASSED] - Statement - PreSaveFile = new java.io.File(((pathPrefix + java.lang.Integer.toString(counter)) + .png)): null

2018-11-22 22:40:36 - [TEST_STEP][PASSED] - Statement - counter = counter + 1: null

2018-11-22 22:40:36 - [TEST_STEP][PASSED] - Statement - PreSaveFile = new java.io.File(((pathPrefix + java.lang.Integer.toString(counter)) + .png)): null

2018-11-22 22:40:36 - [TEST_STEP][PASSED] - Statement - counter = counter + 1: null

2018-11-22 22:40:36 - [TEST_STEP][PASSED] - Statement - PreSaveFile = new java.io.File(((pathPrefix + java.lang.Integer.toString(counter)) + .png)): null

2018-11-22 22:40:36 - [TEST_STEP][PASSED] - Statement - counter = counter + 1: null

2018-11-22 22:40:36 - [TEST_STEP][PASSED] - Statement - PreSaveFile = new java.io.File(((pathPrefix + java.lang.Integer.toString(counter)) + .png)): null

2018-11-22 22:40:36 - [TEST_STEP][PASSED] - Statement - counter = counter + 1: null

2018-11-22 22:40:36 - [TEST_STEP][PASSED] - Statement - PreSaveFile = new java.io.File(((pathPrefix + java.lang.Integer.toString(counter)) + .png)): null

2018-11-22 22:40:36 - [TEST_STEP][PASSED] - Statement - finalPath = pathPrefix + java.lang.Integer.toString(counter) + ".png": null

2018-11-22 22:40:36 - [TEST_STEP][PASSED] - Statement - SaveFile = new java.io.File(finalPath): null

2018-11-22 22:40:36 - [TEST_STEP][PASSED] - Statement - Try: null

2018-11-22 22:40:36 - [TEST_STEP][PASSED] - Statement - org.apache.commons.io.FileUtils.copyFile(scrFile, SaveFile): null

2018-11-22 22:40:36 - [TEST_STEP][PASSED] - Statement - out.println("file kept"): null

2018-11-22 22:40:36 - [TEST_STEP][PASSED] - delay: Delayed 10 second(s)

2018-11-22 22:40:46 - [MESSAGE][PASSED] - Delayed 10 second(s)

2018-11-22 22:40:46 - [MESSAGE][PASSED] - Call Test Case 'Test Cases/Final Aug 2018 - PKS Automation/Registration Module/New Registration/Submit and Screenshot/Submit Registration and Screenshot - Copy' successfully

2018-11-22 22:40:46 - [TEST_STEP][PASSED] - Statement - UpdateAddNewECode = com.kms.katalon.core.webui.keyword.WebUiBuiltInKeywords.getText(com.kms.katalon.core.testobject.ObjectRepository.findTestObject(Object Repository/Final Object Repo/Page_Update Add New Employee - ASSIST/getEmpCode)): Text of object 'Object Repository/Final Object Repo/Page_Update Add New Employee - ASSIST/getEmpCode' is: 'E1102070356W'

2018-11-22 22:40:46 - [MESSAGE][PASSED] - Text of object 'Object Repository/Final Object Repo/Page_Update Add New Employee - ASSIST/getEmpCode' is: 'E1102070356W'

2018-11-22 22:40:46 - [TEST_STEP][PASSED] - callTestCase: Call Test Case 'Test Cases/Final Aug 2018 - PKS Automation/Common/Emp Code Setter' successfully

2018-11-22 22:40:46 - [TEST_CASE][PASSED] - Test Cases/Final Aug 2018 - PKS Automation/Common/Emp Code Setter: Test Cases/Final Aug 2018 - PKS Automation/Common/Emp Code Setter

2018-11-22 22:40:46 - [TEST_STEP][PASSED] - Statement - EmpCodeOld = new java.io.File(C://Users//Admin//Desktop//PKS//Automation Reference Point//EmpCode.txt): null

2018-11-22 22:40:46 - [TEST_STEP][PASSED] - Statement - EmpCodeOld.delete(): null

2018-11-22 22:40:46 - [TEST_STEP][PASSED] - Statement - EmpCode = new java.io.File(C://Users//Admin//Desktop//PKS//Automation Reference Point//EmpCode.txt): null

2018-11-22 22:40:46 - [TEST_STEP][PASSED] - Statement - EmpCode.append(UpdateAddNewECode): null

2018-11-22 22:40:46 - [TEST_STEP][PASSED] - Statement - out.println("


" + UpdateAddNewECode + "


"): null

2018-11-22 22:40:46 - [MESSAGE][PASSED] - Call Test Case 'Test Cases/Final Aug 2018 - PKS Automation/Common/Emp Code Setter' successfully

2018-11-22 22:40:46 - [MESSAGE][PASSED] - Call Test Case 'Test Cases/Final Aug 2018 - PKS Automation/Registration Module/Workflow/Update Add New Employee/Template/New Company for Update Add New' successfully

2018-11-22 22:40:46 - [TEST_STEP][PASSED] - callTestCase: Call Test Case 'Test Cases/Final Aug 2018 - PKS Automation/Registration Module/Log Out/log out avoiding katalon tagging' successfully

2018-11-22 22:40:46 - [TEST_CASE][PASSED] - Test Cases/Final Aug 2018 - PKS Automation/Registration Module/Log Out/log out avoiding katalon tagging: Test Cases/Final Aug 2018 - PKS Automation/Registration Module/Log Out/log out avoiding katalon tagging

2018-11-22 22:40:46 - [TEST_STEP][PASSED] - navigateToUrl: Navigate to 'https://assist2-uat.perkeso.gov.my/c/portal/logout' successfully

2018-11-22 22:40:47 - [MESSAGE][PASSED] - Navigate to 'https://assist2-uat.perkeso.gov.my/c/portal/logout' successfully

2018-11-22 22:40:47 - [MESSAGE][PASSED] - Call Test Case 'Test Cases/Final Aug 2018 - PKS Automation/Registration Module/Log Out/log out avoiding katalon tagging' successfully

2018-11-22 22:40:47 - [TEST_STEP][PASSED] - callTestCase: Call Test Case 'Test Cases/Final Aug 2018 - PKS Automation/Registration Module/New Registration/Form 2/Date Updater' successfully

2018-11-22 22:40:47 - [TEST_CASE][PASSED] - Test Cases/Final Aug 2018 - PKS Automation/Registration Module/New Registration/Form 2/Date Updater: Test Cases/Final Aug 2018 - PKS Automation/Registration Module/New Registration/Form 2/Date Updater

2018-11-22 22:40:47 - [TEST_STEP][PASSED] - Statement - TodayDate = new java.util.Date(): null

2018-11-22 22:40:47 - [TEST_STEP][PASSED] - Statement - CurrentDateNoFilter = new java.text.SimpleDateFormat(): null

2018-11-22 22:40:47 - [TEST_STEP][PASSED] - Statement - CurrentDateNoFilter.applyPattern("dd"): null

2018-11-22 22:40:47 - [TEST_STEP][PASSED] - Statement - CurrentDate = CurrentDateNoFilter.format(TodayDate): null

2018-11-22 22:40:47 - [TEST_STEP][PASSED] - Statement - CurrentDate = java.lang.Integer.parseInt(CurrentDate): null

2018-11-22 22:40:47 - [TEST_STEP][PASSED] - Statement - CurrentDate = CurrentDate: null

2018-11-22 22:40:47 - [TEST_STEP][PASSED] - Statement - CurrentDay = java.lang.Integer.parseInt(CurrentDate): null

2018-11-22 22:40:47 - [TEST_STEP][PASSED] - Statement - aDayBefore = CurrentDay + 1: null

2018-11-22 22:40:47 - [TEST_STEP][PASSED] - Statement - DayBefore = aDayBefore.toString(): null

2018-11-22 22:40:47 - [TEST_STEP][PASSED] - Statement - OneDayBefore = DayBefore: null

2018-11-22 22:40:47 - [TEST_STEP][PASSED] - Statement - CurrentDateNoFilter.applyPattern("MM"): null

2018-11-22 22:40:47 - [TEST_STEP][PASSED] - Statement - monthContainerMatcher = java.lang.Integer.parseInt(CurrentDateNoFilter.format(TodayDate)): null

2018-11-22 22:40:47 - [TEST_STEP][PASSED] - Statement - monthContainerMatcher = monthContainerMatcher - 1: null

2018-11-22 22:40:47 - [TEST_STEP][PASSED] - Statement - CurrentMonth = monthContainerMatcher.toString(): null

2018-11-22 22:40:47 - [TEST_STEP][PASSED] - Statement - CurrentMonth = CurrentMonth: null

2018-11-22 22:40:47 - [TEST_STEP][PASSED] - Statement - CurrentDateNoFilter.applyPattern("yyyy"): null

2018-11-22 22:40:47 - [TEST_STEP][PASSED] - Statement - CurrentYear = CurrentDateNoFilter.format(TodayDate): null

2018-11-22 22:40:47 - [TEST_STEP][PASSED] - Statement - CurrentYear = CurrentYear: null

2018-11-22 22:40:47 - [TEST_STEP][PASSED] - Statement - intCurrentYear = java.lang.Integer.parseInt(CurrentDateNoFilter.format(TodayDate)): null

2018-11-22 22:40:47 - [TEST_STEP][PASSED] - Statement - eighteenYrsAgo = intCurrentYear - 18: null

2018-11-22 22:40:47 - [TEST_STEP][PASSED] - Statement - eighteenYrsBeforeThisYr = eighteenYrsAgo.toString(): null

2018-11-22 22:40:47 - [TEST_STEP][PASSED] - Statement - EighteenYrsBefore = eighteenYrsBeforeThisYr: null

2018-11-22 22:40:47 - [TEST_STEP][PASSED] - Statement - fiftysevenYrsAgo = intCurrentYear - 57: null

2018-11-22 22:40:47 - [TEST_STEP][PASSED] - Statement - fiftysevenYrsBeforeThisYr = fiftysevenYrsAgo.toString(): null

2018-11-22 22:40:47 - [TEST_STEP][PASSED] - Statement - FiftysevenYrsBefore = fiftysevenYrsBeforeThisYr: null

2018-11-22 22:40:47 - [MESSAGE][PASSED] - Call Test Case 'Test Cases/Final Aug 2018 - PKS Automation/Registration Module/New Registration/Form 2/Date Updater' successfully

2018-11-22 22:40:47 - [TEST_STEP][PASSED] - delay: Delayed 2 second(s)

2018-11-22 22:40:49 - [MESSAGE][PASSED] - Delayed 2 second(s)

2018-11-22 22:40:49 - [TEST_STEP][PASSED] - setText: Text 'klotc2@gmail.com' is set on object 'Object Repository/Final Object Repo/Page_Update Add New Employee - ASSIST/Email TextBox'

2018-11-22 22:40:49 - [MESSAGE][PASSED] - Text 'klotc2@gmail.com' is set on object 'Object Repository/Final Object Repo/Page_Update Add New Employee - ASSIST/Email TextBox'

2018-11-22 22:40:49 - [TEST_STEP][PASSED] - click: Object: 'Object Repository/Final Object Repo/Page_Update Add New Employee - ASSIST/Next Button' is clicked on

2018-11-22 22:40:49 - [MESSAGE][PASSED] - Object: 'Object Repository/Final Object Repo/Page_Update Add New Employee - ASSIST/Next Button' is clicked on

2018-11-22 22:40:49 - [TEST_STEP][PASSED] - delay: Delayed 2 second(s)

2018-11-22 22:40:51 - [MESSAGE][PASSED] - Delayed 2 second(s)

2018-11-22 22:40:51 - [TEST_STEP][PASSED] - setText: Text 'Test1@3456789' is set on object 'Object Repository/Final Object Repo/Page_Update Add New Employee - ASSIST/Password TextBox'

2018-11-22 22:40:52 - [MESSAGE][PASSED] - Text 'Test1@3456789' is set on object 'Object Repository/Final Object Repo/Page_Update Add New Employee - ASSIST/Password TextBox'

2018-11-22 22:40:52 - [TEST_STEP][PASSED] - delay: Delayed 2 second(s)

2018-11-22 22:40:54 - [MESSAGE][PASSED] - Delayed 2 second(s)

2018-11-22 22:40:54 - [TEST_STEP][PASSED] - click: Object: 'Object Repository/Final Object Repo/Page_Update Add New Employee - ASSIST/Login Button' is clicked on

2018-11-22 22:40:54 - [MESSAGE][PASSED] - Object: 'Object Repository/Final Object Repo/Page_Update Add New Employee - ASSIST/Login Button' is clicked on

2018-11-22 22:40:54 - [TEST_STEP][PASSED] - delay: Delayed 4 second(s)

2018-11-22 22:40:58 - [MESSAGE][PASSED] - Delayed 4 second(s)

2018-11-22 22:40:58 - [TEST_STEP][PASSED] - Statement - Try: Delayed 2 second(s)

2018-11-22 22:40:58 - [TEST_STEP][PASSED] - Statement - Checker = false: null

2018-11-22 22:40:58 - [TEST_STEP][PASSED] - Statement - Checker = com.kms.katalon.core.webui.keyword.WebUiBuiltInKeywords.verifyElementHasAttribute(com.kms.katalon.core.testobject.ObjectRepository.findTestObject(Final Object Repo/Landing Page/BM Detecting), "href", 20, OPTIONAL): Object 'Object Repository/Final Object Repo/Landing Page/BM Detecting' has attribute 'href'

2018-11-22 22:40:58 - [MESSAGE][PASSED] - Object 'Object Repository/Final Object Repo/Landing Page/BM Detecting' has attribute 'href'

2018-11-22 22:40:58 - [TEST_STEP][PASSED] - Statement - out.println(Checker): null

2018-11-22 22:40:58 - [TEST_STEP][PASSED] - Statement - If (Checker == false): null

2018-11-22 22:40:58 - [TEST_STEP][PASSED] - Statement - Else: null

2018-11-22 22:40:58 - [TEST_STEP][PASSED] - delay: Delayed 2 second(s)

2018-11-22 22:41:00 - [MESSAGE][PASSED] - Delayed 2 second(s)

2018-11-22 22:41:00 - [TEST_STEP][PASSED] - delay: Delayed 4 second(s)

2018-11-22 22:41:04 - [MESSAGE][PASSED] - Delayed 4 second(s)

2018-11-22 22:41:04 - [TEST_STEP][PASSED] - click: Object: 'Object Repository/Final Object Repo/Page_Update Add New Employee - ASSIST/My Sites Drop Down' is clicked on

2018-11-22 22:41:04 - [MESSAGE][PASSED] - Object: 'Object Repository/Final Object Repo/Page_Update Add New Employee - ASSIST/My Sites Drop Down' is clicked on

2018-11-22 22:41:04 - [TEST_STEP][PASSED] - click: Object: 'Object Repository/Final Object Repo/Page_Update Add New Employee - ASSIST/Select to Registration Module' is clicked on

2018-11-22 22:41:05 - [MESSAGE][PASSED] - Object: 'Object Repository/Final Object Repo/Page_Update Add New Employee - ASSIST/Select to Registration Module' is clicked on

2018-11-22 22:41:05 - [TEST_STEP][PASSED] - navigateToUrl: Navigate to 'https://assist2-uat.perkeso.gov.my/web/registration/myassist' successfully

2018-11-22 22:41:06 - [MESSAGE][PASSED] - Navigate to 'https://assist2-uat.perkeso.gov.my/web/registration/myassist' successfully

2018-11-22 22:41:06 - [TEST_STEP][PASSED] - mouseOver: Object: 'Object Repository/Final Object Repo/Page_Update Add New Employee - ASSIST/Select to Update Akta 4 Tab' is hovered

2018-11-22 22:41:06 - [MESSAGE][PASSED] - Object: 'Object Repository/Final Object Repo/Page_Update Add New Employee - ASSIST/Select to Update Akta 4 Tab' is hovered

2018-11-22 22:41:06 - [TEST_STEP][PASSED] - delay: Delayed 2 second(s)

2018-11-22 22:41:08 - [MESSAGE][PASSED] - Delayed 2 second(s)

2018-11-22 22:41:08 - [TEST_STEP][PASSED] - click: Object: 'Object Repository/Final Object Repo/Page_Update Add New Employee - ASSIST/Select to Update Add New Employee' is clicked on

2018-11-22 22:41:09 - [MESSAGE][PASSED] - Object: 'Object Repository/Final Object Repo/Page_Update Add New Employee - ASSIST/Select to Update Add New Employee' is clicked on

2018-11-22 22:41:09 - [TEST_STEP][PASSED] - delay: Delayed 2 second(s)

2018-11-22 22:41:11 - [MESSAGE][PASSED] - Delayed 2 second(s)

2018-11-22 22:41:11 - [TEST_STEP][PASSED] - setText: Text 'E1102070356W' is set on object 'Object Repository/Final Object Repo/Page_Update Add New Employee - ASSIST/Employer Code input textbox'

2018-11-22 22:41:11 - [MESSAGE][PASSED] - Text 'E1102070356W' is set on object 'Object Repository/Final Object Repo/Page_Update Add New Employee - ASSIST/Employer Code input textbox'

2018-11-22 22:41:11 - [TEST_STEP][PASSED] - delay: Delayed 2 second(s)

2018-11-22 22:41:13 - [MESSAGE][PASSED] - Delayed 2 second(s)

2018-11-22 22:41:13 - [TEST_STEP][PASSED] - click: Object: 'Object Repository/Final Object Repo/Page_Update Add New Employee - ASSIST/Search Button for Employer Code' is clicked on

2018-11-22 22:41:13 - [MESSAGE][PASSED] - Object: 'Object Repository/Final Object Repo/Page_Update Add New Employee - ASSIST/Search Button for Employer Code' is clicked on

2018-11-22 22:41:13 - [TEST_STEP][PASSED] - delay: Delayed 4 second(s)

2018-11-22 22:41:17 - [MESSAGE][PASSED] - Delayed 4 second(s)

2018-11-22 22:41:17 - [TEST_STEP][PASSED] - click: Object: 'Object Repository/Final Object Repo/Page_Update Add New Employee - ASSIST/Click to Edit Case' is clicked on

2018-11-22 22:41:19 - [MESSAGE][PASSED] - Object: 'Object Repository/Final Object Repo/Page_Update Add New Employee - ASSIST/Click to Edit Case' is clicked on

2018-11-22 22:41:19 - [TEST_STEP][PASSED] - callTestCase: Call Test Case 'Test Cases/Final Aug 2018 - PKS Automation/Registration Module/Workflow/Update Add New Employee/Template/Employee Adding/Employee Set Decider' successfully

2018-11-22 22:41:19 - [TEST_CASE][PASSED] - Test Cases/Final Aug 2018 - PKS Automation/Registration Module/Workflow/Update Add New Employee/Template/Employee Adding/Employee Set Decider: Test Cases/Final Aug 2018 - PKS Automation/Registration Module/Workflow/Update Add New Employee/Template/Employee Adding/Employee Set Decider

2018-11-22 22:41:19 - [TEST_STEP][PASSED] - delay: Delayed 4 second(s)

2018-11-22 22:41:23 - [MESSAGE][PASSED] - Delayed 4 second(s)

2018-11-22 22:41:23 - [TEST_STEP][PASSED] - click: Object: 'Object Repository/Final Object Repo/Page_Update Add New Employee - ASSIST/Add Employee Button' is clicked on

2018-11-22 22:41:24 - [MESSAGE][PASSED] - Object: 'Object Repository/Final Object Repo/Page_Update Add New Employee - ASSIST/Add Employee Button' is clicked on

2018-11-22 22:41:24 - [TEST_STEP][PASSED] - delay: Delayed 3 second(s)

2018-11-22 22:41:27 - [MESSAGE][PASSED] - Delayed 3 second(s)

2018-11-22 22:41:27 - [TEST_STEP][PASSED] - setText: Text '010903091920' is set on object 'Object Repository/Final Object Repo/Page_Update Add New Employee - ASSIST/NRIC Input'

2018-11-22 22:41:27 - [MESSAGE][PASSED] - Text '010903091920' is set on object 'Object Repository/Final Object Repo/Page_Update Add New Employee - ASSIST/NRIC Input'

2018-11-22 22:41:27 - [TEST_STEP][PASSED] - click: Object: 'Object Repository/Final Object Repo/Page_Update Add New Employee - ASSIST/button for search for IC' is clicked on

2018-11-22 22:41:27 - [MESSAGE][PASSED] - Object: 'Object Repository/Final Object Repo/Page_Update Add New Employee - ASSIST/button for search for IC' is clicked on

2018-11-22 22:41:27 - [TEST_STEP][PASSED] - delay: Delayed 2 second(s)

2018-11-22 22:41:29 - [MESSAGE][PASSED] - Delayed 2 second(s)

2018-11-22 22:41:29 - [TEST_STEP][PASSED] - sendKeys: Keys 'CONTROL + a' sent to object: 'Object Repository/Final Object Repo/Page_Update Add New Employee - ASSIST/Employee Name Input'

2018-11-22 22:41:29 - [MESSAGE][PASSED] - Keys 'CONTROL + a' sent to object: 'Object Repository/Final Object Repo/Page_Update Add New Employee - ASSIST/Employee Name Input'

2018-11-22 22:41:29 - [TEST_STEP][PASSED] - sendKeys: Keys 'CONTROL + c' sent to object: 'Object Repository/Final Object Repo/Page_Update Add New Employee - ASSIST/Employee Name Input'

2018-11-22 22:41:29 - [MESSAGE][PASSED] - Keys 'CONTROL + c' sent to object: 'Object Repository/Final Object Repo/Page_Update Add New Employee - ASSIST/Employee Name Input'

2018-11-22 22:41:29 - [TEST_STEP][PASSED] - Statement - toolkit = java.awt.Toolkit.getDefaultToolkit(): null

2018-11-22 22:41:29 - [TEST_STEP][PASSED] - Statement - clipboard = toolkit.getSystemClipboard(): null

2018-11-22 22:41:29 - [TEST_STEP][PASSED] - Statement - CurrentName = clipboard.getData(stringFlavor): null

2018-11-22 22:41:29 - [TEST_STEP][PASSED] - Statement - out.println("String from Clipboard:" + CurrentName): null

2018-11-22 22:41:29 - [TEST_STEP][PASSED] - Statement - If (CurrentName == "AUTOMATE002 ELIGIBLE 1"): null

2018-11-22 22:41:29 - [TEST_STEP][PASSED] - Statement - Else If (CurrentName == "AUTOMATE003 ELIGIBLE 1"): Call Test Case 'Test Cases/Final Aug 2018 - PKS Automation/Registration Module/Workflow/Update Add New Employee/Template/Employee Adding/Employee Adding Action Repeat IC - set 2' successfully

2018-11-22 22:41:29 - [TEST_STEP][PASSED] - callTestCase: Call Test Case 'Test Cases/Final Aug 2018 - PKS Automation/Registration Module/Workflow/Update Add New Employee/Template/Employee Adding/Employee Adding Action Repeat IC - set 2' successfully

2018-11-22 22:41:29 - [TEST_CASE][PASSED] - Test Cases/Final Aug 2018 - PKS Automation/Registration Module/Workflow/Update Add New Employee/Template/Employee Adding/Employee Adding Action Repeat IC - set 2: Test Cases/Final Aug 2018 - PKS Automation/Registration Module/Workflow/Update Add New Employee/Template/Employee Adding/Employee Adding Action Repeat IC - set 2

2018-11-22 22:41:29 - [TEST_STEP][PASSED] - setText: Text 'Automate002 eligible 1' is set on object 'Object Repository/Final Object Repo/Page_Update Add New Employee - ASSIST/Employee Name Input'

2018-11-22 22:41:30 - [MESSAGE][PASSED] - Text 'Automate002 eligible 1' is set on object 'Object Repository/Final Object Repo/Page_Update Add New Employee - ASSIST/Employee Name Input'

2018-11-22 22:41:30 - [TEST_STEP][PASSED] - delay: Delayed 2 second(s)

2018-11-22 22:41:32 - [MESSAGE][PASSED] - Delayed 2 second(s)

2018-11-22 22:41:32 - [TEST_STEP][PASSED] - click: Object: 'Object Repository/Final Object Repo/Page_Update Add New Employee - ASSIST/DatePicker Pop Up' is clicked on

2018-11-22 22:41:32 - [MESSAGE][PASSED] - Object: 'Object Repository/Final Object Repo/Page_Update Add New Employee - ASSIST/DatePicker Pop Up' is clicked on

2018-11-22 22:41:32 - [TEST_STEP][PASSED] - click: Object: 'Object Repository/Final Object Repo/Page_Update Add New Employee - ASSIST/DOB Month' is clicked on

2018-11-22 22:41:32 - [MESSAGE][PASSED] - Object: 'Object Repository/Final Object Repo/Page_Update Add New Employee - ASSIST/DOB Month' is clicked on

2018-11-22 22:41:32 - [TEST_STEP][PASSED] - Statement - CurrentMonth = CurrentMonth: null

2018-11-22 22:41:32 - [TEST_STEP][PASSED] - Statement - selectMonth = new com.kms.katalon.core.testobject.TestObject(): null

2018-11-22 22:41:32 - [TEST_STEP][PASSED] - Statement - selectMonth.addProperty("xpath", EQUALS, "//body/div/div/div/select/option[@value='" + CurrentMonth + "']", true): null

2018-11-22 22:41:32 - [TEST_STEP][PASSED] - click: Object: '' is clicked on

2018-11-22 22:41:32 - [MESSAGE][PASSED] - Object: '' is clicked on

2018-11-22 22:41:32 - [TEST_STEP][PASSED] - click: Object: 'Object Repository/Final Object Repo/Page_Update Add New Employee - ASSIST/DOB Year' is clicked on

2018-11-22 22:41:33 - [MESSAGE][PASSED] - Object: 'Object Repository/Final Object Repo/Page_Update Add New Employee - ASSIST/DOB Year' is clicked on

2018-11-22 22:41:33 - [TEST_STEP][PASSED] - Statement - Eyearsbf = EighteenYrsBefore: null

2018-11-22 22:41:33 - [TEST_STEP][PASSED] - Statement - selectYear = new com.kms.katalon.core.testobject.TestObject(): null

2018-11-22 22:41:33 - [TEST_STEP][PASSED] - Statement - selectYear.addProperty("xpath", EQUALS, "//div/div/div/select/option[@value='" + Eyearsbf + "']", true): null

2018-11-22 22:41:33 - [TEST_STEP][PASSED] - click: Object: '' is clicked on

2018-11-22 22:41:33 - [MESSAGE][PASSED] - Object: '' is clicked on

2018-11-22 22:41:33 - [TEST_STEP][PASSED] - Statement - UpdatedSelectDate = com.kms.katalon.core.webui.keyword.WebUiBuiltInKeywords.modifyObjectProperty(com.kms.katalon.core.testobject.ObjectRepository.findTestObject(Final Object Repo/Page_Update Add New Employee - ASSIST/DOB Date), "xpath", "equals", "//body/div/table/tbody/tr/td/a[text()="" + CurrentDate + ""]", true): Modify property of object successfully

2018-11-22 22:41:33 - [MESSAGE][PASSED] - Modify property of object successfully

2018-11-22 22:41:33 - [TEST_STEP][PASSED] - delay: Delayed 3 second(s)

2018-11-22 22:41:36 - [MESSAGE][PASSED] - Delayed 3 second(s)

2018-11-22 22:41:36 - [TEST_STEP][PASSED] - click: Object: 'Object Repository/Final Object Repo/Page_Update Add New Employee - ASSIST/DOB Date' is clicked on

2018-11-22 22:41:36 - [MESSAGE][PASSED] - Object: 'Object Repository/Final Object Repo/Page_Update Add New Employee - ASSIST/DOB Date' is clicked on

2018-11-22 22:41:36 - [TEST_STEP][PASSED] - delay: Delayed 2 second(s)

2018-11-22 22:41:38 - [MESSAGE][PASSED] - Delayed 2 second(s)

2018-11-22 22:41:38 - [TEST_STEP][PASSED] - click: Object: 'Object Repository/Final Object Repo/Page_Update Add New Employee - ASSIST/EmploymentStartDate Pop Up' is clicked on

2018-11-22 22:41:38 - [MESSAGE][PASSED] - Object: 'Object Repository/Final Object Repo/Page_Update Add New Employee - ASSIST/EmploymentStartDate Pop Up' is clicked on

2018-11-22 22:41:38 - [TEST_STEP][PASSED] - delay: Delayed 2 second(s)

2018-11-22 22:41:40 - [MESSAGE][PASSED] - Delayed 2 second(s)

2018-11-22 22:41:40 - [TEST_STEP][PASSED] - click: Object: 'Object Repository/Final Object Repo/Page_Update Add New Employee - ASSIST/Socso Employment StartDate Month' is clicked on

2018-11-22 22:41:40 - [MESSAGE][PASSED] - Object: 'Object Repository/Final Object Repo/Page_Update Add New Employee - ASSIST/Socso Employment StartDate Month' is clicked on

2018-11-22 22:41:40 - [TEST_STEP][PASSED] - delay: Delayed 1 second(s)

2018-11-22 22:41:41 - [MESSAGE][PASSED] - Delayed 1 second(s)

2018-11-22 22:41:41 - [TEST_STEP][PASSED] - click: Object: 'Object Repository/Final Object Repo/Page_Update Add New Employee - ASSIST/Select Socso Employement Startdate Month' is clicked on

2018-11-22 22:41:41 - [MESSAGE][PASSED] - Object: 'Object Repository/Final Object Repo/Page_Update Add New Employee - ASSIST/Select Socso Employement Startdate Month' is clicked on

2018-11-22 22:41:41 - [TEST_STEP][PASSED] - delay: Delayed 2 second(s)

2018-11-22 22:41:43 - [MESSAGE][PASSED] - Delayed 2 second(s)

2018-11-22 22:41:43 - [TEST_STEP][PASSED] - click: Object: 'Object Repository/Final Object Repo/Page_Update Add New Employee - ASSIST/Socso Employment StartDate Year' is clicked on

2018-11-22 22:41:44 - [MESSAGE][PASSED] - Object: 'Object Repository/Final Object Repo/Page_Update Add New Employee - ASSIST/Socso Employment StartDate Year' is clicked on

2018-11-22 22:41:44 - [TEST_STEP][PASSED] - delay: Delayed 1 second(s)

2018-11-22 22:41:45 - [MESSAGE][PASSED] - Delayed 1 second(s)

2018-11-22 22:41:45 - [TEST_STEP][PASSED] - click: Object: 'Object Repository/Final Object Repo/Page_Update Add New Employee - ASSIST/Select Socso Employment Startdate Year' is clicked on

2018-11-22 22:41:45 - [MESSAGE][PASSED] - Object: 'Object Repository/Final Object Repo/Page_Update Add New Employee - ASSIST/Select Socso Employment Startdate Year' is clicked on

2018-11-22 22:41:45 - [TEST_STEP][PASSED] - delay: Delayed 2 second(s)

2018-11-22 22:41:47 - [MESSAGE][PASSED] - Delayed 2 second(s)

2018-11-22 22:41:47 - [TEST_STEP][PASSED] - click: Object: 'Object Repository/Final Object Repo/Page_Update Add New Employee - ASSIST/Socso Employment Start Date Day' is clicked on

2018-11-22 22:41:47 - [MESSAGE][PASSED] - Object: 'Object Repository/Final Object Repo/Page_Update Add New Employee - ASSIST/Socso Employment Start Date Day' is clicked on

2018-11-22 22:41:47 - [TEST_STEP][PASSED] - delay: Delayed 2 second(s)

2018-11-22 22:41:49 - [MESSAGE][PASSED] - Delayed 2 second(s)

2018-11-22 22:41:49 - [TEST_STEP][PASSED] - click: Object: 'Object Repository/Final Object Repo/Page_Update Add New Employee - ASSIST/Save Button for Add Employee' is clicked on

2018-11-22 22:41:49 - [MESSAGE][PASSED] - Object: 'Object Repository/Final Object Repo/Page_Update Add New Employee - ASSIST/Save Button for Add Employee' is clicked on

2018-11-22 22:41:49 - [TEST_STEP][PASSED] - delay: Delayed 10 second(s)

2018-11-22 22:41:59 - [MESSAGE][PASSED] - Delayed 10 second(s)

2018-11-22 22:41:59 - [TEST_STEP][PASSED] - click: Object: 'Object Repository/Final Object Repo/Page_Update Add New Employee - ASSIST/Add Employee Button' is clicked on

2018-11-22 22:41:59 - [MESSAGE][PASSED] - Object: 'Object Repository/Final Object Repo/Page_Update Add New Employee - ASSIST/Add Employee Button' is clicked on

2018-11-22 22:41:59 - [TEST_STEP][PASSED] - delay: Delayed 6 second(s)

2018-11-22 22:42:05 - [MESSAGE][PASSED] - Delayed 6 second(s)

2018-11-22 22:42:05 - [TEST_STEP][PASSED] - setText: Text '620904059600' is set on object 'Object Repository/Final Object Repo/Page_Update Add New Employee - ASSIST/NRIC Input'

2018-11-22 22:42:06 - [MESSAGE][PASSED] - Text '620904059600' is set on object 'Object Repository/Final Object Repo/Page_Update Add New Employee - ASSIST/NRIC Input'

2018-11-22 22:42:06 - [TEST_STEP][PASSED] - click: Object: 'Object Repository/Final Object Repo/Page_Update Add New Employee - ASSIST/button for search for IC' is clicked on

2018-11-22 22:42:06 - [MESSAGE][PASSED] - Object: 'Object Repository/Final Object Repo/Page_Update Add New Employee - ASSIST/button for search for IC' is clicked on

2018-11-22 22:42:06 - [TEST_STEP][PASSED] - delay: Delayed 2 second(s)

2018-11-22 22:42:08 - [MESSAGE][PASSED] - Delayed 2 second(s)

2018-11-22 22:42:08 - [TEST_STEP][PASSED] - setText: Text 'Automate002 eligible 2' is set on object 'Object Repository/Final Object Repo/Page_Update Add New Employee - ASSIST/Employee Name Input'

2018-11-22 22:42:08 - [MESSAGE][PASSED] - Text 'Automate002 eligible 2' is set on object 'Object Repository/Final Object Repo/Page_Update Add New Employee - ASSIST/Employee Name Input'

2018-11-22 22:42:08 - [TEST_STEP][PASSED] - delay: Delayed 2 second(s)

2018-11-22 22:42:10 - [MESSAGE][PASSED] - Delayed 2 second(s)

2018-11-22 22:42:10 - [TEST_STEP][PASSED] - click: Object: 'Object Repository/Final Object Repo/Page_Update Add New Employee - ASSIST/DatePicker Pop Up' is clicked on

2018-11-22 22:42:11 - [MESSAGE][PASSED] - Object: 'Object Repository/Final Object Repo/Page_Update Add New Employee - ASSIST/DatePicker Pop Up' is clicked on

2018-11-22 22:42:11 - [TEST_STEP][PASSED] - delay: Delayed 2 second(s)

2018-11-22 22:42:13 - [MESSAGE][PASSED] - Delayed 2 second(s)

2018-11-22 22:42:13 - [TEST_STEP][PASSED] - click: Object: 'Object Repository/Final Object Repo/Page_Update Add New Employee - ASSIST/DOB Month' is clicked on

2018-11-22 22:42:13 - [MESSAGE][PASSED] - Object: 'Object Repository/Final Object Repo/Page_Update Add New Employee - ASSIST/DOB Month' is clicked on

2018-11-22 22:42:13 - [TEST_STEP][PASSED] - Statement - selectMonth = com.kms.katalon.core.webui.keyword.WebUiBuiltInKeywords.modifyObjectProperty(selectMonth, "xpath", "equals", "//body/div/div/div/select/option[@value="" + CurrentMonth + ""]", true): Modify property of object successfully

2018-11-22 22:42:13 - [MESSAGE][PASSED] - Modify property of object successfully

2018-11-22 22:42:13 - [TEST_STEP][PASSED] - click: Object: '' is clicked on

2018-11-22 22:42:13 - [MESSAGE][PASSED] - Object: '' is clicked on

2018-11-22 22:42:13 - [TEST_STEP][PASSED] - click: Object: 'Object Repository/Final Object Repo/Page_Update Add New Employee - ASSIST/DOB Year' is clicked on

2018-11-22 22:42:13 - [MESSAGE][PASSED] - Object: 'Object Repository/Final Object Repo/Page_Update Add New Employee - ASSIST/DOB Year' is clicked on

2018-11-22 22:42:13 - [TEST_STEP][PASSED] - Statement - selectYear = com.kms.katalon.core.webui.keyword.WebUiBuiltInKeywords.modifyObjectProperty(selectYear, "xpath", "equals", "//div/div/div/select/option[@value="" + FiftysevenYrsBefore + ""]", true): Modify property of object successfully

2018-11-22 22:42:13 - [MESSAGE][PASSED] - Modify property of object successfully

2018-11-22 22:42:13 - [TEST_STEP][PASSED] - click: Object: '' is clicked on

2018-11-22 22:42:13 - [MESSAGE][PASSED] - Object: '' is clicked on

2018-11-22 22:42:13 - [TEST_STEP][PASSED] - Statement - UpdatedSelectDate = com.kms.katalon.core.webui.keyword.WebUiBuiltInKeywords.modifyObjectProperty(com.kms.katalon.core.testobject.ObjectRepository.findTestObject(Final Object Repo/Page_Update Add New Employee - ASSIST/DOB Date), "xpath", "equals", "//body/div/table/tbody/tr/td/a[text()="" + OneDayBefore + ""]", true): Modify property of object successfully

2018-11-22 22:42:13 - [MESSAGE][PASSED] - Modify property of object successfully

2018-11-22 22:42:13 - [TEST_STEP][PASSED] - click: Object: 'Object Repository/Final Object Repo/Page_Update Add New Employee - ASSIST/DOB Date' is clicked on

2018-11-22 22:42:13 - [MESSAGE][PASSED] - Object: 'Object Repository/Final Object Repo/Page_Update Add New Employee - ASSIST/DOB Date' is clicked on

2018-11-22 22:42:13 - [TEST_STEP][PASSED] - delay: Delayed 2 second(s)

2018-11-22 22:42:15 - [MESSAGE][PASSED] - Delayed 2 second(s)

2018-11-22 22:42:15 - [TEST_STEP][PASSED] - click: Object: 'Object Repository/Final Object Repo/Page_Update Add New Employee - ASSIST/EmploymentStartDate Pop Up' is clicked on

2018-11-22 22:42:16 - [MESSAGE][PASSED] - Object: 'Object Repository/Final Object Repo/Page_Update Add New Employee - ASSIST/EmploymentStartDate Pop Up' is clicked on

2018-11-22 22:42:16 - [TEST_STEP][PASSED] - delay: Delayed 2 second(s)

2018-11-22 22:42:18 - [MESSAGE][PASSED] - Delayed 2 second(s)

2018-11-22 22:42:18 - [TEST_STEP][PASSED] - click: Object: 'Object Repository/Final Object Repo/Page_Update Add New Employee - ASSIST/Socso Employment StartDate Month' is clicked on

2018-11-22 22:42:18 - [MESSAGE][PASSED] - Object: 'Object Repository/Final Object Repo/Page_Update Add New Employee - ASSIST/Socso Employment StartDate Month' is clicked on

2018-11-22 22:42:18 - [TEST_STEP][PASSED] - delay: Delayed 1 second(s)

2018-11-22 22:42:19 - [MESSAGE][PASSED] - Delayed 1 second(s)

2018-11-22 22:42:19 - [TEST_STEP][PASSED] - click: Object: 'Object Repository/Final Object Repo/Page_Update Add New Employee - ASSIST/Select Socso Employement Startdate Month' is clicked on

2018-11-22 22:42:19 - [MESSAGE][PASSED] - Object: 'Object Repository/Final Object Repo/Page_Update Add New Employee - ASSIST/Select Socso Employement Startdate Month' is clicked on

2018-11-22 22:42:19 - [TEST_STEP][PASSED] - delay: Delayed 2 second(s)

2018-11-22 22:42:21 - [MESSAGE][PASSED] - Delayed 2 second(s)

2018-11-22 22:42:21 - [TEST_STEP][PASSED] - click: Object: 'Object Repository/Final Object Repo/Page_Update Add New Employee - ASSIST/Socso Employment StartDate Year' is clicked on

2018-11-22 22:42:21 - [MESSAGE][PASSED] - Object: 'Object Repository/Final Object Repo/Page_Update Add New Employee - ASSIST/Socso Employment StartDate Year' is clicked on

2018-11-22 22:42:21 - [TEST_STEP][PASSED] - delay: Delayed 1 second(s)

2018-11-22 22:42:22 - [MESSAGE][PASSED] - Delayed 1 second(s)

2018-11-22 22:42:22 - [TEST_STEP][PASSED] - click: Object: 'Object Repository/Final Object Repo/Page_Update Add New Employee - ASSIST/Select Socso Employment Startdate Year' is clicked on

2018-11-22 22:42:22 - [MESSAGE][PASSED] - Object: 'Object Repository/Final Object Repo/Page_Update Add New Employee - ASSIST/Select Socso Employment Startdate Year' is clicked on

2018-11-22 22:42:22 - [TEST_STEP][PASSED] - delay: Delayed 2 second(s)

2018-11-22 22:42:24 - [MESSAGE][PASSED] - Delayed 2 second(s)

2018-11-22 22:42:24 - [TEST_STEP][PASSED] - click: Object: 'Object Repository/Final Object Repo/Page_Update Add New Employee - ASSIST/Socso Employment Start Date Day' is clicked on

2018-11-22 22:42:24 - [MESSAGE][PASSED] - Object: 'Object Repository/Final Object Repo/Page_Update Add New Employee - ASSIST/Socso Employment Start Date Day' is clicked on

2018-11-22 22:42:24 - [TEST_STEP][PASSED] - delay: Delayed 2 second(s)

2018-11-22 22:42:26 - [MESSAGE][PASSED] - Delayed 2 second(s)

2018-11-22 22:42:26 - [TEST_STEP][PASSED] - click: Object: 'Object Repository/Final Object Repo/Page_Update Add New Employee - ASSIST/Save Button for Add Employee' is clicked on

2018-11-22 22:42:27 - [MESSAGE][PASSED] - Object: 'Object Repository/Final Object Repo/Page_Update Add New Employee - ASSIST/Save Button for Add Employee' is clicked on

2018-11-22 22:42:27 - [TEST_STEP][PASSED] - delay: Delayed 5 second(s)

2018-11-22 22:42:32 - [MESSAGE][PASSED] - Delayed 5 second(s)

2018-11-22 22:42:32 - [TEST_STEP][PASSED] - waitForElementClickable: Object 'Object Repository/Final Object Repo/Page_Update Add New Employee - ASSIST/Add Employee Button' is clickable

2018-11-22 22:42:32 - [MESSAGE][PASSED] - Object 'Object Repository/Final Object Repo/Page_Update Add New Employee - ASSIST/Add Employee Button' is clickable

2018-11-22 22:42:32 - [TEST_STEP][PASSED] - click: Object: 'Object Repository/Final Object Repo/Page_Update Add New Employee - ASSIST/Add Employee Button' is clicked on

2018-11-22 22:42:32 - [MESSAGE][PASSED] - Object: 'Object Repository/Final Object Repo/Page_Update Add New Employee - ASSIST/Add Employee Button' is clicked on

2018-11-22 22:42:32 - [TEST_STEP][PASSED] - delay: Delayed 4 second(s)

2018-11-22 22:42:36 - [MESSAGE][PASSED] - Delayed 4 second(s)

2018-11-22 22:42:36 - [TEST_STEP][PASSED] - setText: Text '000209039100' is set on object 'Object Repository/Final Object Repo/Page_Update Add New Employee - ASSIST/NRIC Input'

2018-11-22 22:42:36 - [MESSAGE][PASSED] - Text '000209039100' is set on object 'Object Repository/Final Object Repo/Page_Update Add New Employee - ASSIST/NRIC Input'

2018-11-22 22:42:36 - [TEST_STEP][PASSED] - click: Object: 'Object Repository/Final Object Repo/Page_Update Add New Employee - ASSIST/button for search for IC' is clicked on

2018-11-22 22:42:36 - [MESSAGE][PASSED] - Object: 'Object Repository/Final Object Repo/Page_Update Add New Employee - ASSIST/button for search for IC' is clicked on

2018-11-22 22:42:36 - [TEST_STEP][PASSED] - delay: Delayed 2 second(s)

2018-11-22 22:42:38 - [MESSAGE][PASSED] - Delayed 2 second(s)

2018-11-22 22:42:38 - [TEST_STEP][PASSED] - setText: Text 'Automate002 not eligible 1' is set on object 'Object Repository/Final Object Repo/Page_Update Add New Employee - ASSIST/Employee Name Input'

2018-11-22 22:42:39 - [MESSAGE][PASSED] - Text 'Automate002 not eligible 1' is set on object 'Object Repository/Final Object Repo/Page_Update Add New Employee - ASSIST/Employee Name Input'

2018-11-22 22:42:39 - [TEST_STEP][PASSED] - delay: Delayed 2 second(s)

2018-11-22 22:42:41 - [MESSAGE][PASSED] - Delayed 2 second(s)

2018-11-22 22:42:41 - [TEST_STEP][PASSED] - click: Object: 'Object Repository/Final Object Repo/Page_Update Add New Employee - ASSIST/DatePicker Pop Up' is clicked on

2018-11-22 22:42:41 - [MESSAGE][PASSED] - Object: 'Object Repository/Final Object Repo/Page_Update Add New Employee - ASSIST/DatePicker Pop Up' is clicked on

2018-11-22 22:42:41 - [TEST_STEP][PASSED] - delay: Delayed 2 second(s)

2018-11-22 22:42:43 - [MESSAGE][PASSED] - Delayed 2 second(s)

2018-11-22 22:42:43 - [TEST_STEP][PASSED] - click: Object: 'Object Repository/Final Object Repo/Page_Update Add New Employee - ASSIST/DOB Month' is clicked on

2018-11-22 22:42:43 - [MESSAGE][PASSED] - Object: 'Object Repository/Final Object Repo/Page_Update Add New Employee - ASSIST/DOB Month' is clicked on

2018-11-22 22:42:43 - [TEST_STEP][PASSED] - Statement - selectMonth = com.kms.katalon.core.webui.keyword.WebUiBuiltInKeywords.modifyObjectProperty(selectMonth, "xpath", "equals", "//body/div/div/div/select/option[@value="" + CurrentMonth + ""]", true): Modify property of object successfully

2018-11-22 22:42:43 - [MESSAGE][PASSED] - Modify property of object successfully

2018-11-22 22:42:43 - [TEST_STEP][PASSED] - click: Object: '' is clicked on

2018-11-22 22:42:44 - [MESSAGE][PASSED] - Object: '' is clicked on

2018-11-22 22:42:44 - [TEST_STEP][PASSED] - click: Object: 'Object Repository/Final Object Repo/Page_Update Add New Employee - ASSIST/DOB Year' is clicked on

2018-11-22 22:42:44 - [MESSAGE][PASSED] - Object: 'Object Repository/Final Object Repo/Page_Update Add New Employee - ASSIST/DOB Year' is clicked on

2018-11-22 22:42:44 - [TEST_STEP][PASSED] - Statement - selectYear = com.kms.katalon.core.webui.keyword.WebUiBuiltInKeywords.modifyObjectProperty(selectYear, "xpath", "equals", "//div/div/div/select/option[@value="" + EighteenYrsBefore + ""]", true): Modify property of object successfully

2018-11-22 22:42:44 - [MESSAGE][PASSED] - Modify property of object successfully

2018-11-22 22:42:44 - [TEST_STEP][PASSED] - click: Object: '' is clicked on

2018-11-22 22:42:44 - [MESSAGE][PASSED] - Object: '' is clicked on

2018-11-22 22:42:44 - [TEST_STEP][PASSED] - Statement - UpdatedSelectDate = com.kms.katalon.core.webui.keyword.WebUiBuiltInKeywords.modifyObjectProperty(com.kms.katalon.core.testobject.ObjectRepository.findTestObject(Final Object Repo/Page_Update Add New Employee - ASSIST/DOB Date), "xpath", "equals", "//body/div/table/tbody/tr/td/a[text()="" + OneDayBefore + ""]", true): Modify property of object successfully

2018-11-22 22:42:44 - [MESSAGE][PASSED] - Modify property of object successfully

2018-11-22 22:42:44 - [TEST_STEP][PASSED] - click: Object: 'Object Repository/Final Object Repo/Page_Update Add New Employee - ASSIST/DOB Date' is clicked on

2018-11-22 22:42:44 - [MESSAGE][PASSED] - Object: 'Object Repository/Final Object Repo/Page_Update Add New Employee - ASSIST/DOB Date' is clicked on

2018-11-22 22:42:44 - [TEST_STEP][PASSED] - delay: Delayed 2 second(s)

2018-11-22 22:42:46 - [MESSAGE][PASSED] - Delayed 2 second(s)

2018-11-22 22:42:46 - [TEST_STEP][PASSED] - click: Object: 'Object Repository/Final Object Repo/Page_Update Add New Employee - ASSIST/EmploymentStartDate Pop Up' is clicked on

2018-11-22 22:42:46 - [MESSAGE][PASSED] - Object: 'Object Repository/Final Object Repo/Page_Update Add New Employee - ASSIST/EmploymentStartDate Pop Up' is clicked on

2018-11-22 22:42:46 - [TEST_STEP][PASSED] - delay: Delayed 2 second(s)

2018-11-22 22:42:48 - [MESSAGE][PASSED] - Delayed 2 second(s)

2018-11-22 22:42:48 - [TEST_STEP][PASSED] - click: Object: 'Object Repository/Final Object Repo/Page_Update Add New Employee - ASSIST/Socso Employment StartDate Month' is clicked on

2018-11-22 22:42:48 - [MESSAGE][PASSED] - Object: 'Object Repository/Final Object Repo/Page_Update Add New Employee - ASSIST/Socso Employment StartDate Month' is clicked on

2018-11-22 22:42:48 - [TEST_STEP][PASSED] - delay: Delayed 1 second(s)

2018-11-22 22:42:49 - [MESSAGE][PASSED] - Delayed 1 second(s)

2018-11-22 22:42:49 - [TEST_STEP][PASSED] - click: Object: 'Object Repository/Final Object Repo/Page_Update Add New Employee - ASSIST/Select Socso Employement Startdate Month' is clicked on

2018-11-22 22:42:50 - [MESSAGE][PASSED] - Object: 'Object Repository/Final Object Repo/Page_Update Add New Employee - ASSIST/Select Socso Employement Startdate Month' is clicked on

2018-11-22 22:42:50 - [TEST_STEP][PASSED] - delay: Delayed 2 second(s)

2018-11-22 22:42:52 - [MESSAGE][PASSED] - Delayed 2 second(s)

2018-11-22 22:42:52 - [TEST_STEP][PASSED] - click: Object: 'Object Repository/Final Object Repo/Page_Update Add New Employee - ASSIST/Socso Employment StartDate Year' is clicked on

2018-11-22 22:42:52 - [MESSAGE][PASSED] - Object: 'Object Repository/Final Object Repo/Page_Update Add New Employee - ASSIST/Socso Employment StartDate Year' is clicked on

2018-11-22 22:42:52 - [TEST_STEP][PASSED] - delay: Delayed 1 second(s)

2018-11-22 22:42:53 - [MESSAGE][PASSED] - Delayed 1 second(s)

2018-11-22 22:42:53 - [TEST_STEP][PASSED] - click: Object: 'Object Repository/Final Object Repo/Page_Update Add New Employee - ASSIST/Select Socso Employment Startdate Year' is clicked on

2018-11-22 22:42:53 - [MESSAGE][PASSED] - Object: 'Object Repository/Final Object Repo/Page_Update Add New Employee - ASSIST/Select Socso Employment Startdate Year' is clicked on

2018-11-22 22:42:53 - [TEST_STEP][PASSED] - delay: Delayed 2 second(s)

2018-11-22 22:42:55 - [MESSAGE][PASSED] - Delayed 2 second(s)

2018-11-22 22:42:55 - [TEST_STEP][PASSED] - click: Object: 'Object Repository/Final Object Repo/Page_Update Add New Employee - ASSIST/Socso Employment Start Date Day' is clicked on

2018-11-22 22:42:55 - [MESSAGE][PASSED] - Object: 'Object Repository/Final Object Repo/Page_Update Add New Employee - ASSIST/Socso Employment Start Date Day' is clicked on

2018-11-22 22:42:55 - [TEST_STEP][PASSED] - delay: Delayed 2 second(s)

2018-11-22 22:42:57 - [MESSAGE][PASSED] - Delayed 2 second(s)

2018-11-22 22:42:57 - [TEST_STEP][PASSED] - click: Object: 'Object Repository/Final Object Repo/Page_Update Add New Employee - ASSIST/Save Button for Add Employee' is clicked on

2018-11-22 22:42:57 - [MESSAGE][PASSED] - Object: 'Object Repository/Final Object Repo/Page_Update Add New Employee - ASSIST/Save Button for Add Employee' is clicked on

2018-11-22 22:42:57 - [TEST_STEP][PASSED] - delay: Delayed 20 second(s)

2018-11-22 22:43:17 - [MESSAGE][PASSED] - Delayed 20 second(s)

2018-11-22 22:43:17 - [TEST_STEP][PASSED] - click: Object: 'Object Repository/Final Object Repo/Page_Update Add New Employee - ASSIST/Add Employee Button' is clicked on

2018-11-22 22:43:17 - [MESSAGE][PASSED] - Object: 'Object Repository/Final Object Repo/Page_Update Add New Employee - ASSIST/Add Employee Button' is clicked on

2018-11-22 22:43:17 - [TEST_STEP][PASSED] - delay: Delayed 4 second(s)

2018-11-22 22:43:21 - [MESSAGE][PASSED] - Delayed 4 second(s)

2018-11-22 22:43:21 - [TEST_STEP][PASSED] - setText: Text '600203039104' is set on object 'Object Repository/Final Object Repo/Page_Update Add New Employee - ASSIST/NRIC Input'

2018-11-22 22:43:22 - [MESSAGE][PASSED] - Text '600203039104' is set on object 'Object Repository/Final Object Repo/Page_Update Add New Employee - ASSIST/NRIC Input'

2018-11-22 22:43:22 - [TEST_STEP][PASSED] - click: Object: 'Object Repository/Final Object Repo/Page_Update Add New Employee - ASSIST/button for search for IC' is clicked on

2018-11-22 22:43:22 - [MESSAGE][PASSED] - Object: 'Object Repository/Final Object Repo/Page_Update Add New Employee - ASSIST/button for search for IC' is clicked on

2018-11-22 22:43:22 - [TEST_STEP][PASSED] - delay: Delayed 2 second(s)

2018-11-22 22:43:24 - [MESSAGE][PASSED] - Delayed 2 second(s)

2018-11-22 22:43:24 - [TEST_STEP][PASSED] - setText: Text 'Automate002 not eligible 2' is set on object 'Object Repository/Final Object Repo/Page_Update Add New Employee - ASSIST/Employee Name Input'

2018-11-22 22:43:25 - [MESSAGE][PASSED] - Text 'Automate002 not eligible 2' is set on object 'Object Repository/Final Object Repo/Page_Update Add New Employee - ASSIST/Employee Name Input'

2018-11-22 22:43:25 - [TEST_STEP][PASSED] - delay: Delayed 2 second(s)

2018-11-22 22:43:27 - [MESSAGE][PASSED] - Delayed 2 second(s)

2018-11-22 22:43:27 - [TEST_STEP][PASSED] - click: Object: 'Object Repository/Final Object Repo/Page_Update Add New Employee - ASSIST/DatePicker Pop Up' is clicked on

2018-11-22 22:43:27 - [MESSAGE][PASSED] - Object: 'Object Repository/Final Object Repo/Page_Update Add New Employee - ASSIST/DatePicker Pop Up' is clicked on

2018-11-22 22:43:27 - [TEST_STEP][PASSED] - delay: Delayed 2 second(s)

2018-11-22 22:43:29 - [MESSAGE][PASSED] - Delayed 2 second(s)

2018-11-22 22:43:29 - [TEST_STEP][PASSED] - click: Object: 'Object Repository/Final Object Repo/Page_Update Add New Employee - ASSIST/DOB Month' is clicked on

2018-11-22 22:43:29 - [MESSAGE][PASSED] - Object: 'Object Repository/Final Object Repo/Page_Update Add New Employee - ASSIST/DOB Month' is clicked on

2018-11-22 22:43:29 - [TEST_STEP][PASSED] - Statement - selectMonth = com.kms.katalon.core.webui.keyword.WebUiBuiltInKeywords.modifyObjectProperty(selectMonth, "xpath", "equals", "//body/div/div/div/select/option[@value="" + CurrentMonth + ""]", true): Modify property of object successfully

2018-11-22 22:43:29 - [MESSAGE][PASSED] - Modify property of object successfully

2018-11-22 22:43:29 - [TEST_STEP][PASSED] - click: Object: '' is clicked on

2018-11-22 22:43:29 - [MESSAGE][PASSED] - Object: '' is clicked on

2018-11-22 22:43:29 - [TEST_STEP][PASSED] - click: Object: 'Object Repository/Final Object Repo/Page_Update Add New Employee - ASSIST/DOB Year' is clicked on

2018-11-22 22:43:29 - [MESSAGE][PASSED] - Object: 'Object Repository/Final Object Repo/Page_Update Add New Employee - ASSIST/DOB Year' is clicked on

2018-11-22 22:43:29 - [TEST_STEP][PASSED] - Statement - selectYear = com.kms.katalon.core.webui.keyword.WebUiBuiltInKeywords.modifyObjectProperty(selectYear, "xpath", "equals", "//div/div/div/select/option[@value="" + FiftysevenYrsBefore + ""]", true): Modify property of object successfully

2018-11-22 22:43:29 - [MESSAGE][PASSED] - Modify property of object successfully

2018-11-22 22:43:29 - [TEST_STEP][PASSED] - click: Object: '' is clicked on

2018-11-22 22:43:29 - [MESSAGE][PASSED] - Object: '' is clicked on

2018-11-22 22:43:29 - [TEST_STEP][PASSED] - Statement - UpdatedSelectDate = com.kms.katalon.core.webui.keyword.WebUiBuiltInKeywords.modifyObjectProperty(com.kms.katalon.core.testobject.ObjectRepository.findTestObject(Final Object Repo/Page_Update Add New Employee - ASSIST/DOB Date), "xpath", "equals", "//body/div/table/tbody/tr/td/a[text()="" + CurrentDate + ""]", true): Modify property of object successfully

2018-11-22 22:43:29 - [MESSAGE][PASSED] - Modify property of object successfully

2018-11-22 22:43:29 - [TEST_STEP][PASSED] - click: Object: 'Object Repository/Final Object Repo/Page_Update Add New Employee - ASSIST/DOB Date' is clicked on

2018-11-22 22:43:30 - [MESSAGE][PASSED] - Object: 'Object Repository/Final Object Repo/Page_Update Add New Employee - ASSIST/DOB Date' is clicked on

2018-11-22 22:43:30 - [TEST_STEP][PASSED] - click: Object: 'Object Repository/Final Object Repo/Page_Update Add New Employee - ASSIST/EmploymentStartDate Pop Up' is clicked on

2018-11-22 22:43:30 - [MESSAGE][PASSED] - Object: 'Object Repository/Final Object Repo/Page_Update Add New Employee - ASSIST/EmploymentStartDate Pop Up' is clicked on

2018-11-22 22:43:30 - [TEST_STEP][PASSED] - delay: Delayed 2 second(s)

2018-11-22 22:43:32 - [MESSAGE][PASSED] - Delayed 2 second(s)

2018-11-22 22:43:32 - [TEST_STEP][PASSED] - click: Object: 'Object Repository/Final Object Repo/Page_Update Add New Employee - ASSIST/Socso Employment StartDate Month' is clicked on

2018-11-22 22:43:32 - [MESSAGE][PASSED] - Object: 'Object Repository/Final Object Repo/Page_Update Add New Employee - ASSIST/Socso Employment StartDate Month' is clicked on

2018-11-22 22:43:32 - [TEST_STEP][PASSED] - delay: Delayed 1 second(s)

2018-11-22 22:43:33 - [MESSAGE][PASSED] - Delayed 1 second(s)

2018-11-22 22:43:33 - [TEST_STEP][PASSED] - click: Object: 'Object Repository/Final Object Repo/Page_Update Add New Employee - ASSIST/Select Socso Employement Startdate Month' is clicked on

2018-11-22 22:43:33 - [MESSAGE][PASSED] - Object: 'Object Repository/Final Object Repo/Page_Update Add New Employee - ASSIST/Select Socso Employement Startdate Month' is clicked on

2018-11-22 22:43:33 - [TEST_STEP][PASSED] - delay: Delayed 2 second(s)

2018-11-22 22:43:35 - [MESSAGE][PASSED] - Delayed 2 second(s)

2018-11-22 22:43:35 - [TEST_STEP][PASSED] - click: Object: 'Object Repository/Final Object Repo/Page_Update Add New Employee - ASSIST/Socso Employment StartDate Year' is clicked on

2018-11-22 22:43:35 - [MESSAGE][PASSED] - Object: 'Object Repository/Final Object Repo/Page_Update Add New Employee - ASSIST/Socso Employment StartDate Year' is clicked on

2018-11-22 22:43:35 - [TEST_STEP][PASSED] - delay: Delayed 1 second(s)

2018-11-22 22:43:36 - [MESSAGE][PASSED] - Delayed 1 second(s)

2018-11-22 22:43:36 - [TEST_STEP][PASSED] - click: Object: 'Object Repository/Final Object Repo/Page_Update Add New Employee - ASSIST/Select Socso Employment Startdate Year' is clicked on

2018-11-22 22:43:36 - [MESSAGE][PASSED] - Object: 'Object Repository/Final Object Repo/Page_Update Add New Employee - ASSIST/Select Socso Employment Startdate Year' is clicked on

2018-11-22 22:43:36 - [TEST_STEP][PASSED] - delay: Delayed 2 second(s)

2018-11-22 22:43:38 - [MESSAGE][PASSED] - Delayed 2 second(s)

2018-11-22 22:43:38 - [TEST_STEP][PASSED] - click: Object: 'Object Repository/Final Object Repo/Page_Update Add New Employee - ASSIST/Socso Employment Start Date Day' is clicked on

2018-11-22 22:43:39 - [MESSAGE][PASSED] - Object: 'Object Repository/Final Object Repo/Page_Update Add New Employee - ASSIST/Socso Employment Start Date Day' is clicked on

2018-11-22 22:43:39 - [TEST_STEP][PASSED] - delay: Delayed 2 second(s)

2018-11-22 22:43:41 - [MESSAGE][PASSED] - Delayed 2 second(s)

2018-11-22 22:43:41 - [TEST_STEP][PASSED] - click: Object: 'Object Repository/Final Object Repo/Page_Update Add New Employee - ASSIST/Save Button for Add Employee' is clicked on

2018-11-22 22:43:41 - [MESSAGE][PASSED] - Object: 'Object Repository/Final Object Repo/Page_Update Add New Employee - ASSIST/Save Button for Add Employee' is clicked on

2018-11-22 22:43:41 - [MESSAGE][PASSED] - Call Test Case 'Test Cases/Final Aug 2018 - PKS Automation/Registration Module/Workflow/Update Add New Employee/Template/Employee Adding/Employee Adding Action Repeat IC - set 2' successfully

2018-11-22 22:43:41 - [MESSAGE][PASSED] - Call Test Case 'Test Cases/Final Aug 2018 - PKS Automation/Registration Module/Workflow/Update Add New Employee/Template/Employee Adding/Employee Set Decider' successfully

2018-11-22 22:43:41 - [TEST_STEP][PASSED] - delay: Delayed 4 second(s)

2018-11-22 22:43:45 - [MESSAGE][PASSED] - Delayed 4 second(s)

2018-11-22 22:43:45 - [TEST_STEP][PASSED] - Statement - CaseReferenceNo = com.kms.katalon.core.webui.keyword.WebUiBuiltInKeywords.getText(com.kms.katalon.core.testobject.ObjectRepository.findTestObject(Final Object Repo/Page_Update Add New Employee - ASSIST/RefNo)): Text of object 'Object Repository/Final Object Repo/Page_Update Add New Employee - ASSIST/RefNo' is: 'CAN11201800002166'

2018-11-22 22:43:45 - [MESSAGE][PASSED] - Text of object 'Object Repository/Final Object Repo/Page_Update Add New Employee - ASSIST/RefNo' is: 'CAN11201800002166'

2018-11-22 22:43:45 - [TEST_STEP][PASSED] - callTestCase: Call Test Case 'Test Cases/Final Aug 2018 - PKS Automation/Common/Reference Number Setter' successfully

2018-11-22 22:43:45 - [TEST_CASE][PASSED] - Test Cases/Final Aug 2018 - PKS Automation/Common/Reference Number Setter: Test Cases/Final Aug 2018 - PKS Automation/Common/Reference Number Setter

2018-11-22 22:43:45 - [TEST_STEP][PASSED] - Statement - RefNoOldFile = new java.io.File(C://Users//Admin//Desktop//PKS//Automation Reference Point//KatalonReference.txt): null

2018-11-22 22:43:45 - [TEST_STEP][PASSED] - Statement - RefNoOldFile.delete(): null

2018-11-22 22:43:45 - [TEST_STEP][PASSED] - delay: Delayed 5 second(s)

2018-11-22 22:43:50 - [MESSAGE][PASSED] - Delayed 5 second(s)

2018-11-22 22:43:50 - [TEST_STEP][PASSED] - Statement - RefNo = new java.io.File(C://Users//Admin//Desktop//PKS//Automation Reference Point//KatalonReference.txt): null

2018-11-22 22:43:50 - [TEST_STEP][PASSED] - Statement - f2 = new java.io.FileWriter(RefNo, false): null

2018-11-22 22:43:50 - [TEST_STEP][PASSED] - Statement - f2.write(CaseReferenceNo): null

2018-11-22 22:43:50 - [TEST_STEP][PASSED] - Statement - f2.close(): null

2018-11-22 22:43:50 - [TEST_STEP][PASSED] - Statement - out.println("


" + CaseReferenceNo + "


"): null

2018-11-22 22:43:50 - [MESSAGE][PASSED] - Call Test Case 'Test Cases/Final Aug 2018 - PKS Automation/Common/Reference Number Setter' successfully

2018-11-22 22:43:50 - [TEST_STEP][PASSED] - delay: Delayed 5 second(s)

2018-11-22 22:43:55 - [MESSAGE][PASSED] - Delayed 5 second(s)

2018-11-22 22:43:55 - [TEST_STEP][PASSED] - click: Object: 'Object Repository/Final Object Repo/Page_Update Add New Employee - ASSIST/Save  Continue Button' is clicked on

2018-11-22 22:43:55 - [MESSAGE][PASSED] - Object: 'Object Repository/Final Object Repo/Page_Update Add New Employee - ASSIST/Save  Continue Button' is clicked on

2018-11-22 22:43:55 - [TEST_STEP][PASSED] - delay: Delayed 4 second(s)

2018-11-22 22:43:59 - [MESSAGE][PASSED] - Delayed 4 second(s)

2018-11-22 22:43:59 - [TEST_STEP][PASSED] - click: Object: 'Object Repository/Final Object Repo/Page_Update Add New Employee - ASSIST/Save  Continue Third Screen' is clicked on

2018-11-22 22:44:02 - [MESSAGE][PASSED] - Object: 'Object Repository/Final Object Repo/Page_Update Add New Employee - ASSIST/Save  Continue Third Screen' is clicked on

2018-11-22 22:44:02 - [TEST_STEP][PASSED] - delay: Delayed 4 second(s)

2018-11-22 22:44:06 - [MESSAGE][PASSED] - Delayed 4 second(s)

2018-11-22 22:44:06 - [TEST_STEP][PASSED] - click: Object: 'Object Repository/Final Object Repo/Page_Update Add New Employee - ASSIST/Save   Continue Supporting Doc Page' is clicked on

2018-11-22 22:44:06 - [MESSAGE][PASSED] - Object: 'Object Repository/Final Object Repo/Page_Update Add New Employee - ASSIST/Save   Continue Supporting Doc Page' is clicked on

2018-11-22 22:44:06 - [TEST_STEP][PASSED] - delay: Delayed 4 second(s)

2018-11-22 22:44:10 - [MESSAGE][PASSED] - Delayed 4 second(s)

2018-11-22 22:44:10 - [TEST_STEP][PASSED] - click: Object: 'Object Repository/Final Object Repo/Page_Update Add New Employee - ASSIST/Submit Button' is clicked on

2018-11-22 22:44:10 - [MESSAGE][PASSED] - Object: 'Object Repository/Final Object Repo/Page_Update Add New Employee - ASSIST/Submit Button' is clicked on

2018-11-22 22:44:10 - [TEST_STEP][PASSED] - delay: Delayed 4 second(s)

2018-11-22 22:44:14 - [MESSAGE][PASSED] - Delayed 4 second(s)

2018-11-22 22:44:14 - [TEST_STEP][PASSED] - click: Object: 'Object Repository/Final Object Repo/Page_Update Add New Employee - ASSIST/Confirm Submit Button' is clicked on

2018-11-22 22:44:14 - [MESSAGE][PASSED] - Object: 'Object Repository/Final Object Repo/Page_Update Add New Employee - ASSIST/Confirm Submit Button' is clicked on

2018-11-22 22:44:14 - [TEST_STEP][PASSED] - delay: Delayed 30 second(s)

2018-11-22 22:44:44 - [MESSAGE][PASSED] - Delayed 30 second(s)

2018-11-22 22:44:44 - [TEST_STEP][PASSED] - callTestCase: Call Test Case 'Test Cases/Final Aug 2018 - PKS Automation/Common/Screenshoting tool' successfully

2018-11-22 22:44:45 - [TEST_CASE][PASSED] - Test Cases/Final Aug 2018 - PKS Automation/Common/Screenshoting tool: Test Cases/Final Aug 2018 - PKS Automation/Common/Screenshoting tool

2018-11-22 22:44:45 - [TEST_STEP][PASSED] - delay: Delayed 15 second(s)

2018-11-22 22:45:00 - [MESSAGE][PASSED] - Delayed 15 second(s)

2018-11-22 22:45:00 - [TEST_STEP][PASSED] - Statement - driver = com.kms.katalon.core.webui.driver.DriverFactory.getWebDriver(): null

2018-11-22 22:45:00 - [TEST_STEP][PASSED] - Statement - driver.manage().timeouts().implicitlyWait(10, SECONDS): null

2018-11-22 22:45:00 - [TEST_STEP][PASSED] - Statement - PresavePath = KatalonScreenshots: null

2018-11-22 22:45:00 - [TEST_STEP][PASSED] - Statement - pathPrefix = "C:\Users\Public\Pictures\Sample Pictures\Katalon Screenshots\Automate Ending Screen": null

2018-11-22 22:45:00 - [TEST_STEP][PASSED] - Statement - finalPath = <not implemented yet for class: org.codehaus.groovy.ast.expr.EmptyExpression>: null

2018-11-22 22:45:00 - [TEST_STEP][PASSED] - Statement - scrFile = driver.getScreenshotAs(FILE): null

2018-11-22 22:45:00 - [TEST_STEP][PASSED] - Statement - PreSaveFile = new java.io.File(PresavePath): null

2018-11-22 22:45:00 - [TEST_STEP][PASSED] - Statement - counter = 0: null

2018-11-22 22:45:00 - [TEST_STEP][PASSED] - Statement - If (PreSaveFile.exists()): null

2018-11-22 22:45:00 - [TEST_STEP][PASSED] - Statement - While (PreSaveFile.exists()): null

2018-11-22 22:45:00 - [TEST_STEP][PASSED] - Statement - counter = counter + 1: null

2018-11-22 22:45:00 - [TEST_STEP][PASSED] - Statement - PreSaveFile = new java.io.File(((pathPrefix + java.lang.Integer.toString(counter)) + .png)): null

2018-11-22 22:45:00 - [TEST_STEP][PASSED] - Statement - counter = counter + 1: null

2018-11-22 22:45:00 - [TEST_STEP][PASSED] - Statement - PreSaveFile = new java.io.File(((pathPrefix + java.lang.Integer.toString(counter)) + .png)): null

2018-11-22 22:45:00 - [TEST_STEP][PASSED] - Statement - counter = counter + 1: null

2018-11-22 22:45:00 - [TEST_STEP][PASSED] - Statement - PreSaveFile = new java.io.File(((pathPrefix + java.lang.Integer.toString(counter)) + .png)): null

2018-11-22 22:45:00 - [TEST_STEP][PASSED] - Statement - counter = counter + 1: null

2018-11-22 22:45:00 - [TEST_STEP][PASSED] - Statement - PreSaveFile = new java.io.File(((pathPrefix + java.lang.Integer.toString(counter)) + .png)): null

2018-11-22 22:45:00 - [TEST_STEP][PASSED] - Statement - counter = counter + 1: null

2018-11-22 22:45:00 - [TEST_STEP][PASSED] - Statement - PreSaveFile = new java.io.File(((pathPrefix + java.lang.Integer.toString(counter)) + .png)): null

2018-11-22 22:45:00 - [TEST_STEP][PASSED] - Statement - counter = counter + 1: null

2018-11-22 22:45:00 - [TEST_STEP][PASSED] - Statement - PreSaveFile = new java.io.File(((pathPrefix + java.lang.Integer.toString(counter)) + .png)): null

2018-11-22 22:45:00 - [TEST_STEP][PASSED] - Statement - counter = counter + 1: null

2018-11-22 22:45:00 - [TEST_STEP][PASSED] - Statement - PreSaveFile = new java.io.File(((pathPrefix + java.lang.Integer.toString(counter)) + .png)): null

2018-11-22 22:45:00 - [TEST_STEP][PASSED] - Statement - counter = counter + 1: null

2018-11-22 22:45:00 - [TEST_STEP][PASSED] - Statement - PreSaveFile = new java.io.File(((pathPrefix + java.lang.Integer.toString(counter)) + .png)): null

2018-11-22 22:45:00 - [TEST_STEP][PASSED] - Statement - counter = counter + 1: null

2018-11-22 22:45:00 - [TEST_STEP][PASSED] - Statement - PreSaveFile = new java.io.File(((pathPrefix + java.lang.Integer.toString(counter)) + .png)): null

2018-11-22 22:45:00 - [TEST_STEP][PASSED] - Statement - counter = counter + 1: null

2018-11-22 22:45:00 - [TEST_STEP][PASSED] - Statement - PreSaveFile = new java.io.File(((pathPrefix + java.lang.Integer.toString(counter)) + .png)): null

2018-11-22 22:45:00 - [TEST_STEP][PASSED] - Statement - counter = counter + 1: null

2018-11-22 22:45:00 - [TEST_STEP][PASSED] - Statement - PreSaveFile = new java.io.File(((pathPrefix + java.lang.Integer.toString(counter)) + .png)): null

2018-11-22 22:45:00 - [TEST_STEP][PASSED] - Statement - counter = counter + 1: null

2018-11-22 22:45:00 - [TEST_STEP][PASSED] - Statement - PreSaveFile = new java.io.File(((pathPrefix + java.lang.Integer.toString(counter)) + .png)): null

2018-11-22 22:45:00 - [TEST_STEP][PASSED] - Statement - counter = counter + 1: null

2018-11-22 22:45:00 - [TEST_STEP][PASSED] - Statement - PreSaveFile = new java.io.File(((pathPrefix + java.lang.Integer.toString(counter)) + .png)): null

2018-11-22 22:45:00 - [TEST_STEP][PASSED] - Statement - counter = counter + 1: null

2018-11-22 22:45:00 - [TEST_STEP][PASSED] - Statement - PreSaveFile = new java.io.File(((pathPrefix + java.lang.Integer.toString(counter)) + .png)): null

2018-11-22 22:45:00 - [TEST_STEP][PASSED] - Statement - counter = counter + 1: null

2018-11-22 22:45:00 - [TEST_STEP][PASSED] - Statement - PreSaveFile = new java.io.File(((pathPrefix + java.lang.Integer.toString(counter)) + .png)): null

2018-11-22 22:45:00 - [TEST_STEP][PASSED] - Statement - counter = counter + 1: null

2018-11-22 22:45:00 - [TEST_STEP][PASSED] - Statement - PreSaveFile = new java.io.File(((pathPrefix + java.lang.Integer.toString(counter)) + .png)): null

2018-11-22 22:45:00 - [TEST_STEP][PASSED] - Statement - counter = counter + 1: null

2018-11-22 22:45:00 - [TEST_STEP][PASSED] - Statement - PreSaveFile = new java.io.File(((pathPrefix + java.lang.Integer.toString(counter)) + .png)): null

2018-11-22 22:45:00 - [TEST_STEP][PASSED] - Statement - counter = counter + 1: null

2018-11-22 22:45:00 - [TEST_STEP][PASSED] - Statement - PreSaveFile = new java.io.File(((pathPrefix + java.lang.Integer.toString(counter)) + .png)): null

2018-11-22 22:45:00 - [TEST_STEP][PASSED] - Statement - counter = counter + 1: null

2018-11-22 22:45:00 - [TEST_STEP][PASSED] - Statement - PreSaveFile = new java.io.File(((pathPrefix + java.lang.Integer.toString(counter)) + .png)): null

2018-11-22 22:45:00 - [TEST_STEP][PASSED] - Statement - counter = counter + 1: null

2018-11-22 22:45:00 - [TEST_STEP][PASSED] - Statement - PreSaveFile = new java.io.File(((pathPrefix + java.lang.Integer.toString(counter)) + .png)): null

2018-11-22 22:45:00 - [TEST_STEP][PASSED] - Statement - counter = counter + 1: null

2018-11-22 22:45:00 - [TEST_STEP][PASSED] - Statement - PreSaveFile = new java.io.File(((pathPrefix + java.lang.Integer.toString(counter)) + .png)): null

2018-11-22 22:45:00 - [TEST_STEP][PASSED] - Statement - counter = counter + 1: null

2018-11-22 22:45:00 - [TEST_STEP][PASSED] - Statement - PreSaveFile = new java.io.File(((pathPrefix + java.lang.Integer.toString(counter)) + .png)): null

2018-11-22 22:45:00 - [TEST_STEP][PASSED] - Statement - counter = counter + 1: null

2018-11-22 22:45:00 - [TEST_STEP][PASSED] - Statement - PreSaveFile = new java.io.File(((pathPrefix + java.lang.Integer.toString(counter)) + .png)): null

2018-11-22 22:45:00 - [TEST_STEP][PASSED] - Statement - counter = counter + 1: null

2018-11-22 22:45:00 - [TEST_STEP][PASSED] - Statement - PreSaveFile = new java.io.File(((pathPrefix + java.lang.Integer.toString(counter)) + .png)): null

2018-11-22 22:45:00 - [TEST_STEP][PASSED] - Statement - counter = counter + 1: null

2018-11-22 22:45:00 - [TEST_STEP][PASSED] - Statement - PreSaveFile = new java.io.File(((pathPrefix + java.lang.Integer.toString(counter)) + .png)): null

2018-11-22 22:45:00 - [TEST_STEP][PASSED] - Statement - counter = counter + 1: null

2018-11-22 22:45:00 - [TEST_STEP][PASSED] - Statement - PreSaveFile = new java.io.File(((pathPrefix + java.lang.Integer.toString(counter)) + .png)): null

2018-11-22 22:45:00 - [TEST_STEP][PASSED] - Statement - counter = counter + 1: null

2018-11-22 22:45:00 - [TEST_STEP][PASSED] - Statement - PreSaveFile = new java.io.File(((pathPrefix + java.lang.Integer.toString(counter)) + .png)): null

2018-11-22 22:45:00 - [TEST_STEP][PASSED] - Statement - counter = counter + 1: null

2018-11-22 22:45:00 - [TEST_STEP][PASSED] - Statement - PreSaveFile = new java.io.File(((pathPrefix + java.lang.Integer.toString(counter)) + .png)): null

2018-11-22 22:45:00 - [TEST_STEP][PASSED] - Statement - counter = counter + 1: null

2018-11-22 22:45:00 - [TEST_STEP][PASSED] - Statement - PreSaveFile = new java.io.File(((pathPrefix + java.lang.Integer.toString(counter)) + .png)): null

2018-11-22 22:45:00 - [TEST_STEP][PASSED] - Statement - counter = counter + 1: null

2018-11-22 22:45:00 - [TEST_STEP][PASSED] - Statement - PreSaveFile = new java.io.File(((pathPrefix + java.lang.Integer.toString(counter)) + .png)): null

2018-11-22 22:45:00 - [TEST_STEP][PASSED] - Statement - counter = counter + 1: null

2018-11-22 22:45:00 - [TEST_STEP][PASSED] - Statement - PreSaveFile = new java.io.File(((pathPrefix + java.lang.Integer.toString(counter)) + .png)): null

2018-11-22 22:45:00 - [TEST_STEP][PASSED] - Statement - counter = counter + 1: null

2018-11-22 22:45:00 - [TEST_STEP][PASSED] - Statement - PreSaveFile = new java.io.File(((pathPrefix + java.lang.Integer.toString(counter)) + .png)): null

2018-11-22 22:45:00 - [TEST_STEP][PASSED] - Statement - counter = counter + 1: null

2018-11-22 22:45:00 - [TEST_STEP][PASSED] - Statement - PreSaveFile = new java.io.File(((pathPrefix + java.lang.Integer.toString(counter)) + .png)): null

2018-11-22 22:45:00 - [TEST_STEP][PASSED] - Statement - counter = counter + 1: null

2018-11-22 22:45:00 - [TEST_STEP][PASSED] - Statement - PreSaveFile = new java.io.File(((pathPrefix + java.lang.Integer.toString(counter)) + .png)): null

2018-11-22 22:45:00 - [TEST_STEP][PASSED] - Statement - counter = counter + 1: null

2018-11-22 22:45:00 - [TEST_STEP][PASSED] - Statement - PreSaveFile = new java.io.File(((pathPrefix + java.lang.Integer.toString(counter)) + .png)): null

2018-11-22 22:45:00 - [TEST_STEP][PASSED] - Statement - counter = counter + 1: null

2018-11-22 22:45:00 - [TEST_STEP][PASSED] - Statement - PreSaveFile = new java.io.File(((pathPrefix + java.lang.Integer.toString(counter)) + .png)): null

2018-11-22 22:45:00 - [TEST_STEP][PASSED] - Statement - counter = counter + 1: null

2018-11-22 22:45:00 - [TEST_STEP][PASSED] - Statement - PreSaveFile = new java.io.File(((pathPrefix + java.lang.Integer.toString(counter)) + .png)): null

2018-11-22 22:45:00 - [TEST_STEP][PASSED] - Statement - counter = counter + 1: null

2018-11-22 22:45:00 - [TEST_STEP][PASSED] - Statement - PreSaveFile = new java.io.File(((pathPrefix + java.lang.Integer.toString(counter)) + .png)): null

2018-11-22 22:45:00 - [TEST_STEP][PASSED] - Statement - counter = counter + 1: null

2018-11-22 22:45:00 - [TEST_STEP][PASSED] - Statement - PreSaveFile = new java.io.File(((pathPrefix + java.lang.Integer.toString(counter)) + .png)): null

2018-11-22 22:45:00 - [TEST_STEP][PASSED] - Statement - counter = counter + 1: null

2018-11-22 22:45:00 - [TEST_STEP][PASSED] - Statement - PreSaveFile = new java.io.File(((pathPrefix + java.lang.Integer.toString(counter)) + .png)): null

2018-11-22 22:45:00 - [TEST_STEP][PASSED] - Statement - counter = counter + 1: null

2018-11-22 22:45:00 - [TEST_STEP][PASSED] - Statement - PreSaveFile = new java.io.File(((pathPrefix + java.lang.Integer.toString(counter)) + .png)): null

2018-11-22 22:45:00 - [TEST_STEP][PASSED] - Statement - counter = counter + 1: null

2018-11-22 22:45:00 - [TEST_STEP][PASSED] - Statement - PreSaveFile = new java.io.File(((pathPrefix + java.lang.Integer.toString(counter)) + .png)): null

2018-11-22 22:45:00 - [TEST_STEP][PASSED] - Statement - counter = counter + 1: null

2018-11-22 22:45:00 - [TEST_STEP][PASSED] - Statement - PreSaveFile = new java.io.File(((pathPrefix + java.lang.Integer.toString(counter)) + .png)): null

2018-11-22 22:45:00 - [TEST_STEP][PASSED] - Statement - counter = counter + 1: null

2018-11-22 22:45:00 - [TEST_STEP][PASSED] - Statement - PreSaveFile = new java.io.File(((pathPrefix + java.lang.Integer.toString(counter)) + .png)): null

2018-11-22 22:45:00 - [TEST_STEP][PASSED] - Statement - counter = counter + 1: null

2018-11-22 22:45:00 - [TEST_STEP][PASSED] - Statement - PreSaveFile = new java.io.File(((pathPrefix + java.lang.Integer.toString(counter)) + .png)): null

2018-11-22 22:45:00 - [TEST_STEP][PASSED] - Statement - counter = counter + 1: null

2018-11-22 22:45:00 - [TEST_STEP][PASSED] - Statement - PreSaveFile = new java.io.File(((pathPrefix + java.lang.Integer.toString(counter)) + .png)): null

2018-11-22 22:45:00 - [TEST_STEP][PASSED] - Statement - counter = counter + 1: null

2018-11-22 22:45:00 - [TEST_STEP][PASSED] - Statement - PreSaveFile = new java.io.File(((pathPrefix + java.lang.Integer.toString(counter)) + .png)): null

2018-11-22 22:45:00 - [TEST_STEP][PASSED] - Statement - counter = counter + 1: null

2018-11-22 22:45:00 - [TEST_STEP][PASSED] - Statement - PreSaveFile = new java.io.File(((pathPrefix + java.lang.Integer.toString(counter)) + .png)): null

2018-11-22 22:45:00 - [TEST_STEP][PASSED] - Statement - counter = counter + 1: null

2018-11-22 22:45:00 - [TEST_STEP][PASSED] - Statement - PreSaveFile = new java.io.File(((pathPrefix + java.lang.Integer.toString(counter)) + .png)): null

2018-11-22 22:45:00 - [TEST_STEP][PASSED] - Statement - counter = counter + 1: null

2018-11-22 22:45:00 - [TEST_STEP][PASSED] - Statement - PreSaveFile = new java.io.File(((pathPrefix + java.lang.Integer.toString(counter)) + .png)): null

2018-11-22 22:45:00 - [TEST_STEP][PASSED] - Statement - counter = counter + 1: null

2018-11-22 22:45:00 - [TEST_STEP][PASSED] - Statement - PreSaveFile = new java.io.File(((pathPrefix + java.lang.Integer.toString(counter)) + .png)): null

2018-11-22 22:45:00 - [TEST_STEP][PASSED] - Statement - counter = counter + 1: null

2018-11-22 22:45:00 - [TEST_STEP][PASSED] - Statement - PreSaveFile = new java.io.File(((pathPrefix + java.lang.Integer.toString(counter)) + .png)): null

2018-11-22 22:45:00 - [TEST_STEP][PASSED] - Statement - counter = counter + 1: null

2018-11-22 22:45:00 - [TEST_STEP][PASSED] - Statement - PreSaveFile = new java.io.File(((pathPrefix + java.lang.Integer.toString(counter)) + .png)): null

2018-11-22 22:45:00 - [TEST_STEP][PASSED] - Statement - counter = counter + 1: null

2018-11-22 22:45:00 - [TEST_STEP][PASSED] - Statement - PreSaveFile = new java.io.File(((pathPrefix + java.lang.Integer.toString(counter)) + .png)): null

2018-11-22 22:45:00 - [TEST_STEP][PASSED] - Statement - counter = counter + 1: null

2018-11-22 22:45:00 - [TEST_STEP][PASSED] - Statement - PreSaveFile = new java.io.File(((pathPrefix + java.lang.Integer.toString(counter)) + .png)): null

2018-11-22 22:45:00 - [TEST_STEP][PASSED] - Statement - counter = counter + 1: null

2018-11-22 22:45:00 - [TEST_STEP][PASSED] - Statement - PreSaveFile = new java.io.File(((pathPrefix + java.lang.Integer.toString(counter)) + .png)): null

2018-11-22 22:45:00 - [TEST_STEP][PASSED] - Statement - counter = counter + 1: null

2018-11-22 22:45:00 - [TEST_STEP][PASSED] - Statement - PreSaveFile = new java.io.File(((pathPrefix + java.lang.Integer.toString(counter)) + .png)): null

2018-11-22 22:45:00 - [TEST_STEP][PASSED] - Statement - counter = counter + 1: null

2018-11-22 22:45:00 - [TEST_STEP][PASSED] - Statement - PreSaveFile = new java.io.File(((pathPrefix + java.lang.Integer.toString(counter)) + .png)): null

2018-11-22 22:45:00 - [TEST_STEP][PASSED] - Statement - counter = counter + 1: null

2018-11-22 22:45:00 - [TEST_STEP][PASSED] - Statement - PreSaveFile = new java.io.File(((pathPrefix + java.lang.Integer.toString(counter)) + .png)): null

2018-11-22 22:45:00 - [TEST_STEP][PASSED] - Statement - counter = counter + 1: null

2018-11-22 22:45:00 - [TEST_STEP][PASSED] - Statement - PreSaveFile = new java.io.File(((pathPrefix + java.lang.Integer.toString(counter)) + .png)): null

2018-11-22 22:45:00 - [TEST_STEP][PASSED] - Statement - counter = counter + 1: null

2018-11-22 22:45:00 - [TEST_STEP][PASSED] - Statement - PreSaveFile = new java.io.File(((pathPrefix + java.lang.Integer.toString(counter)) + .png)): null

2018-11-22 22:45:00 - [TEST_STEP][PASSED] - Statement - counter = counter + 1: null

2018-11-22 22:45:00 - [TEST_STEP][PASSED] - Statement - PreSaveFile = new java.io.File(((pathPrefix + java.lang.Integer.toString(counter)) + .png)): null

2018-11-22 22:45:00 - [TEST_STEP][PASSED] - Statement - counter = counter + 1: null

2018-11-22 22:45:00 - [TEST_STEP][PASSED] - Statement - PreSaveFile = new java.io.File(((pathPrefix + java.lang.Integer.toString(counter)) + .png)): null

2018-11-22 22:45:00 - [TEST_STEP][PASSED] - Statement - counter = counter + 1: null

2018-11-22 22:45:00 - [TEST_STEP][PASSED] - Statement - PreSaveFile = new java.io.File(((pathPrefix + java.lang.Integer.toString(counter)) + .png)): null

2018-11-22 22:45:00 - [TEST_STEP][PASSED] - Statement - counter = counter + 1: null

2018-11-22 22:45:00 - [TEST_STEP][PASSED] - Statement - PreSaveFile = new java.io.File(((pathPrefix + java.lang.Integer.toString(counter)) + .png)): null

2018-11-22 22:45:00 - [TEST_STEP][PASSED] - Statement - counter = counter + 1: null

2018-11-22 22:45:00 - [TEST_STEP][PASSED] - Statement - PreSaveFile = new java.io.File(((pathPrefix + java.lang.Integer.toString(counter)) + .png)): null

2018-11-22 22:45:00 - [TEST_STEP][PASSED] - Statement - counter = counter + 1: null

2018-11-22 22:45:00 - [TEST_STEP][PASSED] - Statement - PreSaveFile = new java.io.File(((pathPrefix + java.lang.Integer.toString(counter)) + .png)): null

2018-11-22 22:45:00 - [TEST_STEP][PASSED] - Statement - counter = counter + 1: null

2018-11-22 22:45:00 - [TEST_STEP][PASSED] - Statement - PreSaveFile = new java.io.File(((pathPrefix + java.lang.Integer.toString(counter)) + .png)): null

2018-11-22 22:45:00 - [TEST_STEP][PASSED] - Statement - counter = counter + 1: null

2018-11-22 22:45:00 - [TEST_STEP][PASSED] - Statement - PreSaveFile = new java.io.File(((pathPrefix + java.lang.Integer.toString(counter)) + .png)): null

2018-11-22 22:45:00 - [TEST_STEP][PASSED] - Statement - counter = counter + 1: null

2018-11-22 22:45:00 - [TEST_STEP][PASSED] - Statement - PreSaveFile = new java.io.File(((pathPrefix + java.lang.Integer.toString(counter)) + .png)): null

2018-11-22 22:45:00 - [TEST_STEP][PASSED] - Statement - counter = counter + 1: null

2018-11-22 22:45:00 - [TEST_STEP][PASSED] - Statement - PreSaveFile = new java.io.File(((pathPrefix + java.lang.Integer.toString(counter)) + .png)): null

2018-11-22 22:45:00 - [TEST_STEP][PASSED] - Statement - counter = counter + 1: null

2018-11-22 22:45:00 - [TEST_STEP][PASSED] - Statement - PreSaveFile = new java.io.File(((pathPrefix + java.lang.Integer.toString(counter)) + .png)): null

2018-11-22 22:45:00 - [TEST_STEP][PASSED] - Statement - counter = counter + 1: null

2018-11-22 22:45:00 - [TEST_STEP][PASSED] - Statement - PreSaveFile = new java.io.File(((pathPrefix + java.lang.Integer.toString(counter)) + .png)): null

2018-11-22 22:45:00 - [TEST_STEP][PASSED] - Statement - counter = counter + 1: null

2018-11-22 22:45:00 - [TEST_STEP][PASSED] - Statement - PreSaveFile = new java.io.File(((pathPrefix + java.lang.Integer.toString(counter)) + .png)): null

2018-11-22 22:45:00 - [TEST_STEP][PASSED] - Statement - finalPath = pathPrefix + java.lang.Integer.toString(counter) + ".png": null

2018-11-22 22:45:00 - [TEST_STEP][PASSED] - Statement - SaveFile = new java.io.File(finalPath): null

2018-11-22 22:45:00 - [TEST_STEP][PASSED] - Statement - Try: null

2018-11-22 22:45:00 - [TEST_STEP][PASSED] - Statement - org.apache.commons.io.FileUtils.copyFile(scrFile, SaveFile): null

2018-11-22 22:45:00 - [TEST_STEP][PASSED] - Statement - out.println("file kept"): null

2018-11-22 22:45:00 - [TEST_STEP][PASSED] - delay: Delayed 10 second(s)

2018-11-22 22:45:10 - [MESSAGE][PASSED] - Delayed 10 second(s)

2018-11-22 22:45:10 - [MESSAGE][PASSED] - Call Test Case 'Test Cases/Final Aug 2018 - PKS Automation/Common/Screenshoting tool' successfully

2018-11-22 22:45:10 - [TEST_STEP][PASSED] - callTestCase: Call Test Case 'Test Cases/Final Aug 2018 - PKS Automation/Registration Module/Log Out/log out avoiding katalon tagging' successfully

2018-11-22 22:45:10 - [TEST_CASE][PASSED] - Test Cases/Final Aug 2018 - PKS Automation/Registration Module/Log Out/log out avoiding katalon tagging: Test Cases/Final Aug 2018 - PKS Automation/Registration Module/Log Out/log out avoiding katalon tagging

2018-11-22 22:45:10 - [TEST_STEP][PASSED] - navigateToUrl: Navigate to 'https://assist2-uat.perkeso.gov.my/c/portal/logout' successfully

2018-11-22 22:45:11 - [MESSAGE][PASSED] - Navigate to 'https://assist2-uat.perkeso.gov.my/c/portal/logout' successfully

2018-11-22 22:45:11 - [MESSAGE][PASSED] - Call Test Case 'Test Cases/Final Aug 2018 - PKS Automation/Registration Module/Log Out/log out avoiding katalon tagging' successfully

2018-11-22 22:45:11 - [TEST_STEP][FAILED] - callTestCase: Unable to call Test Case with id 'Test Cases/Final Aug 2018 - PKS Automation/Common/Workflow Owner Finder' (Root cause: Call Test Case 'Test Cases/Final Aug 2018 - PKS Automation/Common/Workflow Owner Finder' failed)

2018-11-22 22:45:11 - [TEST_CASE][FAILED] - Test Cases/Final Aug 2018 - PKS Automation/Common/Workflow Owner Finder: Test Cases/Final Aug 2018 - PKS Automation/Common/Workflow Owner Finder FAILED because (of) (Stack trace: com.kms.katalon.core.exception.StepFailedException: Unable to click on object 'Object Repository/Final Object Repo/Landing Page/Select to English' (Root cause: com.kms.katalon.core.webui.exception.WebElementNotFoundException: Web element with id: 'Object Repository/Final Object Repo/Landing Page/Select to English' located by 'By.xpath: //a[@class = 'taglib-language-list-text' and @lang = 'en-US' and (contains(text(), 'EN') or contains(., 'EN'))]' not found)
	at com.kms.katalon.core.keyword.internal.KeywordMain.stepFailed(KeywordMain.groovy:32)
	at com.kms.katalon.core.webui.keyword.internal.WebUIKeywordMain.stepFailed(WebUIKeywordMain.groovy:65)
	at com.kms.katalon.core.webui.keyword.internal.WebUIKeywordMain.runKeyword(WebUIKeywordMain.groovy:27)
	at com.kms.katalon.core.webui.keyword.builtin.ClickKeyword.click(ClickKeyword.groovy:86)
	at com.kms.katalon.core.webui.keyword.builtin.ClickKeyword.execute(ClickKeyword.groovy:67)
	at com.kms.katalon.core.keyword.internal.KeywordExecutor.executeKeywordForPlatform(KeywordExecutor.groovy:53)
	at com.kms.katalon.core.webui.keyword.WebUiBuiltInKeywords.click(WebUiBuiltInKeywords.groovy:604)
	at com.kms.katalon.core.webui.keyword.WebUiBuiltInKeywords$click$6.call(Unknown Source)
	at Script1534407542420.run(Script1534407542420.groovy:57)
	at com.kms.katalon.core.main.ScriptEngine.run(ScriptEngine.java:183)
	at com.kms.katalon.core.main.ScriptEngine.runScriptAsRawText(ScriptEngine.java:108)
	at com.kms.katalon.core.main.TestCaseExecutor.runScript(TestCaseExecutor.java:294)
	at com.kms.katalon.core.main.TestCaseExecutor.doExecute(TestCaseExecutor.java:285)
	at com.kms.katalon.core.main.TestCaseExecutor.processExecutionPhase(TestCaseExecutor.java:264)
	at com.kms.katalon.core.main.TestCaseExecutor.accessMainPhase(TestCaseExecutor.java:256)
	at com.kms.katalon.core.main.TestCaseExecutor.execute(TestCaseExecutor.java:200)
	at com.kms.katalon.core.main.TestCaseMain.runTestCase(TestCaseMain.java:99)
	at com.kms.katalon.core.keyword.builtin.CallTestCaseKeyword$_callTestCase_closure1.doCall(CallTestCaseKeyword.groovy:60)
	at com.kms.katalon.core.keyword.builtin.CallTestCaseKeyword$_callTestCase_closure1.call(CallTestCaseKeyword.groovy)
	at com.kms.katalon.core.keyword.internal.KeywordMain.runKeyword(KeywordMain.groovy:54)
	at com.kms.katalon.core.keyword.builtin.CallTestCaseKeyword.callTestCase(CallTestCaseKeyword.groovy:81)
	at com.kms.katalon.core.keyword.builtin.CallTestCaseKeyword.execute(CallTestCaseKeyword.groovy:45)
	at com.kms.katalon.core.keyword.internal.KeywordExecutor.executeKeywordForPlatform(KeywordExecutor.groovy:53)
	at com.kms.katalon.core.keyword.BuiltinKeywords.callTestCase(BuiltinKeywords.groovy:334)
	at sun.reflect.GeneratedMethodAccessor13.invoke(Unknown Source)
	at sun.reflect.DelegatingMethodAccessorImpl.invoke(DelegatingMethodAccessorImpl.java:43)
	at java.lang.reflect.Method.invoke(Method.java:498)
	at org.codehaus.groovy.reflection.CachedMethod.invoke(CachedMethod.java:93)
	at groovy.lang.MetaMethod.doMethodInvoke(MetaMethod.java:325)
	at groovy.lang.MetaClassImpl.invokeStaticMethod(MetaClassImpl.java:1469)
	at org.codehaus.groovy.runtime.callsite.StaticMetaClassSite.call(StaticMetaClassSite.java:53)
	at org.codehaus.groovy.runtime.callsite.CallSiteArray.defaultCall(CallSiteArray.java:48)
	at org.codehaus.groovy.runtime.callsite.AbstractCallSite.call(AbstractCallSite.java:113)
	at org.codehaus.groovy.runtime.callsite.AbstractCallSite.call(AbstractCallSite.java:141)
	at Script1536116100519.run(Script1536116100519.groovy:121)
	at com.kms.katalon.core.main.ScriptEngine.run(ScriptEngine.java:183)
	at com.kms.katalon.core.main.ScriptEngine.runScriptAsRawText(ScriptEngine.java:108)
	at com.kms.katalon.core.main.TestCaseExecutor.runScript(TestCaseExecutor.java:294)
	at com.kms.katalon.core.main.TestCaseExecutor.doExecute(TestCaseExecutor.java:285)
	at com.kms.katalon.core.main.TestCaseExecutor.processExecutionPhase(TestCaseExecutor.java:264)
	at com.kms.katalon.core.main.TestCaseExecutor.accessMainPhase(TestCaseExecutor.java:256)
	at com.kms.katalon.core.main.TestCaseExecutor.execute(TestCaseExecutor.java:200)
	at com.kms.katalon.core.main.TestSuiteExecutor.accessTestCaseMainPhase(TestSuiteExecutor.java:129)
	at com.kms.katalon.core.main.TestSuiteExecutor.accessTestSuiteMainPhase(TestSuiteExecutor.java:112)
	at com.kms.katalon.core.main.TestSuiteExecutor.execute(TestSuiteExecutor.java:81)
	at com.kms.katalon.core.main.TestCaseMain.startTestSuite(TestCaseMain.java:142)
	at com.kms.katalon.core.main.TestCaseMain$startTestSuite$0.call(Unknown Source)
	at org.codehaus.groovy.runtime.callsite.CallSiteArray.defaultCall(CallSiteArray.java:48)
	at org.codehaus.groovy.runtime.callsite.AbstractCallSite.call(AbstractCallSite.java:113)
	at org.codehaus.groovy.runtime.callsite.AbstractCallSite.call(AbstractCallSite.java:141)
	at TempTestSuite1542874456666.run(TempTestSuite1542874456666.groovy:36)
	at groovy.lang.GroovyShell.runScriptOrMainOrTestOrRunnable(GroovyShell.java:263)
	at groovy.lang.GroovyShell.run(GroovyShell.java:518)
	at groovy.lang.GroovyShell.run(GroovyShell.java:507)
	at groovy.ui.GroovyMain.processOnce(GroovyMain.java:653)
	at groovy.ui.GroovyMain.run(GroovyMain.java:384)
	at groovy.ui.GroovyMain.process(GroovyMain.java:370)
	at groovy.ui.GroovyMain.processArgs(GroovyMain.java:129)
	at groovy.ui.GroovyMain.main(GroovyMain.java:109)
	at sun.reflect.NativeMethodAccessorImpl.invoke0(Native Method)
	at sun.reflect.NativeMethodAccessorImpl.invoke(NativeMethodAccessorImpl.java:62)
	at sun.reflect.DelegatingMethodAccessorImpl.invoke(DelegatingMethodAccessorImpl.java:43)
	at java.lang.reflect.Method.invoke(Method.java:498)
	at org.codehaus.groovy.tools.GroovyStarter.rootLoader(GroovyStarter.java:109)
	at org.codehaus.groovy.tools.GroovyStarter.main(GroovyStarter.java:131)
)

2018-11-22 22:45:11 - [TEST_STEP][PASSED] - openBrowser: Browser is opened with url: ''

2018-11-22 22:45:11 - [MESSAGE][WARNING] - A browser is already opened. Closing browser and opening a new one

2018-11-22 22:45:15 - [MESSAGE][PASSED] - Browser is opened with url: ''

2018-11-22 22:45:15 - [TEST_STEP][PASSED] - navigateToUrl: Navigate to 'https://assist2-uat.perkeso.gov.my/login' successfully

2018-11-22 22:45:16 - [MESSAGE][PASSED] - Navigate to 'https://assist2-uat.perkeso.gov.my/login' successfully

2018-11-22 22:45:16 - [TEST_STEP][PASSED] - delay: Delayed 5 second(s)

2018-11-22 22:45:21 - [MESSAGE][PASSED] - Delayed 5 second(s)

2018-11-22 22:45:21 - [TEST_STEP][PASSED] - setText: Text 'test@liferay.com' is set on object 'Object Repository/Final Object Repo/Login Page/Internal User/Email Address'

2018-11-22 22:45:21 - [MESSAGE][PASSED] - Text 'test@liferay.com' is set on object 'Object Repository/Final Object Repo/Login Page/Internal User/Email Address'

2018-11-22 22:45:21 - [TEST_STEP][PASSED] - click: Object: 'Object Repository/Final Object Repo/Login Page/Internal User/Next Button' is clicked on

2018-11-22 22:45:22 - [MESSAGE][PASSED] - Object: 'Object Repository/Final Object Repo/Login Page/Internal User/Next Button' is clicked on

2018-11-22 22:45:22 - [TEST_STEP][PASSED] - delay: Delayed 2 second(s)

2018-11-22 22:45:24 - [MESSAGE][PASSED] - Delayed 2 second(s)

2018-11-22 22:45:24 - [TEST_STEP][PASSED] - setText: Text 'test' is set on object 'Object Repository/Final Object Repo/Login Page/Internal User/Password'

2018-11-22 22:45:24 - [MESSAGE][PASSED] - Text 'test' is set on object 'Object Repository/Final Object Repo/Login Page/Internal User/Password'

2018-11-22 22:45:24 - [TEST_STEP][PASSED] - delay: Delayed 2 second(s)

2018-11-22 22:45:26 - [MESSAGE][PASSED] - Delayed 2 second(s)

2018-11-22 22:45:26 - [TEST_STEP][PASSED] - click: Object: 'Object Repository/Final Object Repo/Login Page/Internal User/Login Button' is clicked on

2018-11-22 22:45:26 - [MESSAGE][PASSED] - Object: 'Object Repository/Final Object Repo/Login Page/Internal User/Login Button' is clicked on

2018-11-22 22:45:26 - [TEST_STEP][FAILED] - Statement - Try: Delayed 2 second(s)

2018-11-22 22:45:26 - [TEST_STEP][PASSED] - Statement - Checker = false: null

2018-11-22 22:45:26 - [TEST_STEP][PASSED] - Statement - Checker = com.kms.katalon.core.webui.keyword.WebUiBuiltInKeywords.verifyElementHasAttribute(com.kms.katalon.core.testobject.ObjectRepository.findTestObject(Final Object Repo/Landing Page/BM Detecting), "href", 20, OPTIONAL): Unable to verify if object 'Object Repository/Final Object Repo/Landing Page/BM Detecting' has attribute 'href' (Root cause: org.openqa.selenium.StaleElementReferenceException: stale element reference: element is not attached to the page document
  (Session info: chrome=70.0.3538.102)
  (Driver info: chromedriver=2.43.600210 (68dcf5eebde37173d4027fa8635e332711d2874a),platform=Windows NT 6.1.7601 SP1 x86_64) (WARNING: The server did not provide any stacktrace information)
Command duration or timeout: 0 milliseconds
For documentation on this error, please visit: http://seleniumhq.org/exceptions/stale_element_reference.html
Build info: version: '3.7.1', revision: '8a0099a', time: '2017-11-06T21:07:36.161Z'
System info: host: 'WIN7TEST02', ip: '10.20.3.72', os.name: 'Windows 7', os.arch: 'amd64', os.version: '6.1', java.version: '1.8.0_181'
Driver info: com.kms.katalon.selenium.driver.CChromeDriver
Capabilities {acceptInsecureCerts: false, acceptSslCerts: false, applicationCacheEnabled: false, browserConnectionEnabled: false, browserName: chrome, chrome: {chromedriverVersion: 2.43.600210 (68dcf5eebde371..., userDataDir: C:\Users\Admin\AppData\Loca...}, cssSelectorsEnabled: true, databaseEnabled: false, goog:chromeOptions: {debuggerAddress: localhost:64346}, handlesAlerts: true, hasTouchScreen: false, javascriptEnabled: true, locationContextEnabled: true, mobileEmulationEnabled: false, nativeEvents: true, networkConnectionEnabled: false, pageLoadStrategy: normal, platform: XP, platformName: XP, rotatable: false, setWindowRect: true, takesHeapSnapshot: true, takesScreenshot: true, unexpectedAlertBehaviour: , unhandledPromptBehavior: , version: 70.0.3538.102, webStorageEnabled: true}
Session ID: f6e672544c04868d2392898cd2b967b7)

2018-11-22 22:45:28 - [MESSAGE][WARNING] - Unable to verify if object 'Object Repository/Final Object Repo/Landing Page/BM Detecting' has attribute 'href' (Root cause: org.openqa.selenium.StaleElementReferenceException: stale element reference: element is not attached to the page document
  (Session info: chrome=70.0.3538.102)
  (Driver info: chromedriver=2.43.600210 (68dcf5eebde37173d4027fa8635e332711d2874a),platform=Windows NT 6.1.7601 SP1 x86_64) (WARNING: The server did not provide any stacktrace information)
Command duration or timeout: 0 milliseconds
For documentation on this error, please visit: http://seleniumhq.org/exceptions/stale_element_reference.html
Build info: version: '3.7.1', revision: '8a0099a', time: '2017-11-06T21:07:36.161Z'
System info: host: 'WIN7TEST02', ip: '10.20.3.72', os.name: 'Windows 7', os.arch: 'amd64', os.version: '6.1', java.version: '1.8.0_181'
Driver info: com.kms.katalon.selenium.driver.CChromeDriver
Capabilities {acceptInsecureCerts: false, acceptSslCerts: false, applicationCacheEnabled: false, browserConnectionEnabled: false, browserName: chrome, chrome: {chromedriverVersion: 2.43.600210 (68dcf5eebde371..., userDataDir: C:\Users\Admin\AppData\Loca...}, cssSelectorsEnabled: true, databaseEnabled: false, goog:chromeOptions: {debuggerAddress: localhost:64346}, handlesAlerts: true, hasTouchScreen: false, javascriptEnabled: true, locationContextEnabled: true, mobileEmulationEnabled: false, nativeEvents: true, networkConnectionEnabled: false, pageLoadStrategy: normal, platform: XP, platformName: XP, rotatable: false, setWindowRect: true, takesHeapSnapshot: true, takesScreenshot: true, unexpectedAlertBehaviour: , unhandledPromptBehavior: , version: 70.0.3538.102, webStorageEnabled: true}
Session ID: f6e672544c04868d2392898cd2b967b7)
[[ATTACHMENT|C:\\Users\\Admin\\Desktop\\PKS\\Perkeso Phase A\\Reports\\Workflow\\Update Add New Employee\\20181122_161416\\1542897928110.png]]

2018-11-22 22:45:28 - [TEST_STEP][PASSED] - Statement - out.println(Checker): null

2018-11-22 22:45:28 - [TEST_STEP][FAILED] - Statement - If (Checker == false): Unable to click on object 'Object Repository/Final Object Repo/Landing Page/Select to English' (Root cause: com.kms.katalon.core.webui.exception.WebElementNotFoundException: Web element with id: 'Object Repository/Final Object Repo/Landing Page/Select to English' located by 'By.xpath: //a[@class = 'taglib-language-list-text' and @lang = 'en-US' and (contains(text(), 'EN') or contains(., 'EN'))]' not found)

2018-11-22 22:45:28 - [TEST_STEP][FAILED] - click: Unable to click on object 'Object Repository/Final Object Repo/Landing Page/Select to English' (Root cause: com.kms.katalon.core.webui.exception.WebElementNotFoundException: Web element with id: 'Object Repository/Final Object Repo/Landing Page/Select to English' located by 'By.xpath: //a[@class = 'taglib-language-list-text' and @lang = 'en-US' and (contains(text(), 'EN') or contains(., 'EN'))]' not found)

2018-11-22 22:46:05 - [MESSAGE][FAILED] - Unable to click on object 'Object Repository/Final Object Repo/Landing Page/Select to English' (Root cause: com.kms.katalon.core.webui.exception.WebElementNotFoundException: Web element with id: 'Object Repository/Final Object Repo/Landing Page/Select to English' located by 'By.xpath: //a[@class = 'taglib-language-list-text' and @lang = 'en-US' and (contains(text(), 'EN') or contains(., 'EN'))]' not found)
[[ATTACHMENT|C:\\Users\\Admin\\Desktop\\PKS\\Perkeso Phase A\\Reports\\Workflow\\Update Add New Employee\\20181122_161416\\1542897965367.png]]

2018-11-22 22:46:05 - [TEST_STEP][PASSED] - delay: Delayed 2 second(s)

2018-11-22 22:46:07 - [MESSAGE][PASSED] - Delayed 2 second(s)

2018-11-22 22:46:07 - [TEST_STEP][PASSED] - delay: Delayed 3 second(s)

2018-11-22 22:46:10 - [MESSAGE][PASSED] - Delayed 3 second(s)

2018-11-22 22:46:10 - [TEST_STEP][PASSED] - mouseOver: Object: 'Object Repository/Final Object Repo/Landing Page/WorkFlow Menu' is hovered

2018-11-22 22:46:10 - [MESSAGE][PASSED] - Object: 'Object Repository/Final Object Repo/Landing Page/WorkFlow Menu' is hovered

2018-11-22 22:46:10 - [TEST_STEP][PASSED] - delay: Delayed 2 second(s)

2018-11-22 22:46:12 - [MESSAGE][PASSED] - Delayed 2 second(s)

2018-11-22 22:46:12 - [TEST_STEP][PASSED] - click: Object: 'Object Repository/Final Object Repo/Landing Page/Select to Workflow Listing' is clicked on

2018-11-22 22:46:14 - [MESSAGE][PASSED] - Object: 'Object Repository/Final Object Repo/Landing Page/Select to Workflow Listing' is clicked on

2018-11-22 22:46:14 - [TEST_STEP][PASSED] - delay: Delayed 2 second(s)

2018-11-22 22:46:16 - [MESSAGE][PASSED] - Delayed 2 second(s)

2018-11-22 22:46:16 - [TEST_STEP][PASSED] - click: Object: 'Object Repository/Final Object Repo/WorkFlow Listing Page/Search Information - To Put Ref No' is clicked on

2018-11-22 22:46:16 - [MESSAGE][PASSED] - Object: 'Object Repository/Final Object Repo/WorkFlow Listing Page/Search Information - To Put Ref No' is clicked on

2018-11-22 22:46:16 - [TEST_STEP][PASSED] - delay: Delayed 2 second(s)

2018-11-22 22:46:18 - [MESSAGE][PASSED] - Delayed 2 second(s)

2018-11-22 22:46:18 - [TEST_STEP][PASSED] - callTestCase: Call Test Case 'Test Cases/Final Aug 2018 - PKS Automation/Common/Reference Number Getter' successfully

2018-11-22 22:46:18 - [TEST_CASE][PASSED] - Test Cases/Final Aug 2018 - PKS Automation/Common/Reference Number Getter: Test Cases/Final Aug 2018 - PKS Automation/Common/Reference Number Getter

2018-11-22 22:46:18 - [TEST_STEP][PASSED] - Statement - Try: null

2018-11-22 22:46:18 - [TEST_STEP][PASSED] - Statement - RefNo = new java.io.File(C://Users//Admin//Desktop//PKS//Automation Reference Point//KatalonReference.txt): null

2018-11-22 22:46:18 - [TEST_STEP][PASSED] - Statement - bufferread = new java.io.BufferedReader(new java.io.FileReader(RefNo)): null

2018-11-22 22:46:18 - [TEST_STEP][PASSED] - Statement - readedVal = bufferread.readLine(): null

2018-11-22 22:46:18 - [TEST_STEP][PASSED] - Statement - out.println(CaseReferenceNo): null

2018-11-22 22:46:18 - [TEST_STEP][PASSED] - Statement - out.println(readedVal): null

2018-11-22 22:46:18 - [TEST_STEP][PASSED] - Statement - CaseReferenceNo = "": null

2018-11-22 22:46:18 - [TEST_STEP][PASSED] - Statement - CaseReferenceNo = readedVal: null

2018-11-22 22:46:18 - [MESSAGE][PASSED] - Call Test Case 'Test Cases/Final Aug 2018 - PKS Automation/Common/Reference Number Getter' successfully

2018-11-22 22:46:18 - [TEST_STEP][PASSED] - setText: Text 'CAN11201800002166' is set on object 'Object Repository/Final Object Repo/WorkFlow Listing Page/Ref No Set Text'

2018-11-22 22:46:18 - [MESSAGE][PASSED] - Text 'CAN11201800002166' is set on object 'Object Repository/Final Object Repo/WorkFlow Listing Page/Ref No Set Text'

2018-11-22 22:46:18 - [TEST_STEP][PASSED] - delay: Delayed 2 second(s)

2018-11-22 22:46:20 - [MESSAGE][PASSED] - Delayed 2 second(s)

2018-11-22 22:46:20 - [TEST_STEP][PASSED] - click: Object: 'Object Repository/Final Object Repo/WorkFlow Listing Page/Search Ref No Search Button' is clicked on

2018-11-22 22:46:20 - [MESSAGE][PASSED] - Object: 'Object Repository/Final Object Repo/WorkFlow Listing Page/Search Ref No Search Button' is clicked on

2018-11-22 22:46:20 - [TEST_STEP][PASSED] - delay: Delayed 4 second(s)

2018-11-22 22:46:24 - [MESSAGE][PASSED] - Delayed 4 second(s)

2018-11-22 22:46:24 - [TEST_STEP][PASSED] - click: Object: 'Object Repository/Final Object Repo/WorkFlow Listing Page/Click Continue Tooltip' is clicked on

2018-11-22 22:46:25 - [MESSAGE][PASSED] - Object: 'Object Repository/Final Object Repo/WorkFlow Listing Page/Click Continue Tooltip' is clicked on

2018-11-22 22:46:25 - [TEST_STEP][PASSED] - delay: Delayed 5 second(s)

2018-11-22 22:46:30 - [MESSAGE][PASSED] - Delayed 5 second(s)

2018-11-22 22:46:30 - [TEST_STEP][PASSED] - doubleClick: Object: 'Object Repository/Final Object Repo/WorkFlow Listing Page/Workflow Found - Listing 1' is double clicked on

2018-11-22 22:46:31 - [MESSAGE][PASSED] - Object: 'Object Repository/Final Object Repo/WorkFlow Listing Page/Workflow Found - Listing 1' is double clicked on

2018-11-22 22:46:31 - [TEST_STEP][PASSED] - Statement - println(OwnerID): null

2018-11-22 22:46:31 - [TEST_STEP][PASSED] - Statement - OwnerID = com.kms.katalon.core.webui.keyword.WebUiBuiltInKeywords.getText(com.kms.katalon.core.testobject.ObjectRepository.findTestObject(Final Object Repo/WorkFlow Listing Page/Workflow Found - Listing 1), STOP_ON_FAILURE): Text of object 'Object Repository/Final Object Repo/WorkFlow Listing Page/Workflow Found - Listing 1' is: 'JOHORro1'

2018-11-22 22:46:31 - [MESSAGE][PASSED] - Text of object 'Object Repository/Final Object Repo/WorkFlow Listing Page/Workflow Found - Listing 1' is: 'JOHORro1'

2018-11-22 22:46:31 - [TEST_STEP][PASSED] - Statement - OwnerID = OwnerID.toLowerCase() + "@gmail.com": null

2018-11-22 22:46:31 - [TEST_STEP][PASSED] - Statement - println(OwnerID): null

2018-11-22 22:46:31 - [TEST_STEP][PASSED] - delay: Delayed 2 second(s)

2018-11-22 22:46:33 - [MESSAGE][PASSED] - Delayed 2 second(s)

2018-11-22 22:46:33 - [MESSAGE][FAILED] - Unable to call Test Case with id 'Test Cases/Final Aug 2018 - PKS Automation/Common/Workflow Owner Finder' (Root cause: Call Test Case 'Test Cases/Final Aug 2018 - PKS Automation/Common/Workflow Owner Finder' failed)]]></system-out>
         <system-err><![CDATA[2018-11-22 22:35:40 - [TEST_CASE][FAILED] - Test Cases/Final Aug 2018 - PKS Automation/Registration Module/Workflow/Update Add New Employee/Special Case (OTC - RO Approve): Test Cases/Final Aug 2018 - PKS Automation/Registration Module/Workflow/Update Add New Employee/Special Case (OTC - RO Approve) FAILED because (of) (Stack trace: com.kms.katalon.core.exception.StepFailedException: Unable to click on object 'Object Repository/Final Object Repo/Landing Page/Select to English' (Root cause: com.kms.katalon.core.webui.exception.WebElementNotFoundException: Web element with id: 'Object Repository/Final Object Repo/Landing Page/Select to English' located by 'By.xpath: //a[@class = 'taglib-language-list-text' and @lang = 'en-US' and (contains(text(), 'EN') or contains(., 'EN'))]' not found)
	at com.kms.katalon.core.keyword.internal.KeywordMain.stepFailed(KeywordMain.groovy:32)
	at com.kms.katalon.core.webui.keyword.internal.WebUIKeywordMain.stepFailed(WebUIKeywordMain.groovy:65)
	at com.kms.katalon.core.webui.keyword.internal.WebUIKeywordMain.runKeyword(WebUIKeywordMain.groovy:27)
	at com.kms.katalon.core.webui.keyword.builtin.ClickKeyword.click(ClickKeyword.groovy:86)
	at com.kms.katalon.core.webui.keyword.builtin.ClickKeyword.execute(ClickKeyword.groovy:67)
	at com.kms.katalon.core.keyword.internal.KeywordExecutor.executeKeywordForPlatform(KeywordExecutor.groovy:53)
	at com.kms.katalon.core.webui.keyword.WebUiBuiltInKeywords.click(WebUiBuiltInKeywords.groovy:604)
	at com.kms.katalon.core.webui.keyword.WebUiBuiltInKeywords$click$6.call(Unknown Source)
	at Script1534407542420.run(Script1534407542420.groovy:57)
	at com.kms.katalon.core.main.ScriptEngine.run(ScriptEngine.java:183)
	at com.kms.katalon.core.main.ScriptEngine.runScriptAsRawText(ScriptEngine.java:108)
	at com.kms.katalon.core.main.TestCaseExecutor.runScript(TestCaseExecutor.java:294)
	at com.kms.katalon.core.main.TestCaseExecutor.doExecute(TestCaseExecutor.java:285)
	at com.kms.katalon.core.main.TestCaseExecutor.processExecutionPhase(TestCaseExecutor.java:264)
	at com.kms.katalon.core.main.TestCaseExecutor.accessMainPhase(TestCaseExecutor.java:256)
	at com.kms.katalon.core.main.TestCaseExecutor.execute(TestCaseExecutor.java:200)
	at com.kms.katalon.core.main.TestCaseMain.runTestCase(TestCaseMain.java:99)
	at com.kms.katalon.core.keyword.builtin.CallTestCaseKeyword$_callTestCase_closure1.doCall(CallTestCaseKeyword.groovy:60)
	at com.kms.katalon.core.keyword.builtin.CallTestCaseKeyword$_callTestCase_closure1.call(CallTestCaseKeyword.groovy)
	at com.kms.katalon.core.keyword.internal.KeywordMain.runKeyword(KeywordMain.groovy:54)
	at com.kms.katalon.core.keyword.builtin.CallTestCaseKeyword.callTestCase(CallTestCaseKeyword.groovy:81)
	at com.kms.katalon.core.keyword.builtin.CallTestCaseKeyword.execute(CallTestCaseKeyword.groovy:45)
	at com.kms.katalon.core.keyword.internal.KeywordExecutor.executeKeywordForPlatform(KeywordExecutor.groovy:53)
	at com.kms.katalon.core.keyword.BuiltinKeywords.callTestCase(BuiltinKeywords.groovy:334)
	at sun.reflect.GeneratedMethodAccessor13.invoke(Unknown Source)
	at sun.reflect.DelegatingMethodAccessorImpl.invoke(DelegatingMethodAccessorImpl.java:43)
	at java.lang.reflect.Method.invoke(Method.java:498)
	at org.codehaus.groovy.reflection.CachedMethod.invoke(CachedMethod.java:93)
	at groovy.lang.MetaMethod.doMethodInvoke(MetaMethod.java:325)
	at groovy.lang.MetaClassImpl.invokeStaticMethod(MetaClassImpl.java:1469)
	at org.codehaus.groovy.runtime.callsite.StaticMetaClassSite.call(StaticMetaClassSite.java:53)
	at org.codehaus.groovy.runtime.callsite.CallSiteArray.defaultCall(CallSiteArray.java:48)
	at org.codehaus.groovy.runtime.callsite.AbstractCallSite.call(AbstractCallSite.java:113)
	at org.codehaus.groovy.runtime.callsite.AbstractCallSite.call(AbstractCallSite.java:141)
	at Script1536116100519.run(Script1536116100519.groovy:121)
	at com.kms.katalon.core.main.ScriptEngine.run(ScriptEngine.java:183)
	at com.kms.katalon.core.main.ScriptEngine.runScriptAsRawText(ScriptEngine.java:108)
	at com.kms.katalon.core.main.TestCaseExecutor.runScript(TestCaseExecutor.java:294)
	at com.kms.katalon.core.main.TestCaseExecutor.doExecute(TestCaseExecutor.java:285)
	at com.kms.katalon.core.main.TestCaseExecutor.processExecutionPhase(TestCaseExecutor.java:264)
	at com.kms.katalon.core.main.TestCaseExecutor.accessMainPhase(TestCaseExecutor.java:256)
	at com.kms.katalon.core.main.TestCaseExecutor.execute(TestCaseExecutor.java:200)
	at com.kms.katalon.core.main.TestSuiteExecutor.accessTestCaseMainPhase(TestSuiteExecutor.java:129)
	at com.kms.katalon.core.main.TestSuiteExecutor.accessTestSuiteMainPhase(TestSuiteExecutor.java:112)
	at com.kms.katalon.core.main.TestSuiteExecutor.execute(TestSuiteExecutor.java:81)
	at com.kms.katalon.core.main.TestCaseMain.startTestSuite(TestCaseMain.java:142)
	at com.kms.katalon.core.main.TestCaseMain$startTestSuite$0.call(Unknown Source)
	at org.codehaus.groovy.runtime.callsite.CallSiteArray.defaultCall(CallSiteArray.java:48)
	at org.codehaus.groovy.runtime.callsite.AbstractCallSite.call(AbstractCallSite.java:113)
	at org.codehaus.groovy.runtime.callsite.AbstractCallSite.call(AbstractCallSite.java:141)
	at TempTestSuite1542874456666.run(TempTestSuite1542874456666.groovy:36)
	at groovy.lang.GroovyShell.runScriptOrMainOrTestOrRunnable(GroovyShell.java:263)
	at groovy.lang.GroovyShell.run(GroovyShell.java:518)
	at groovy.lang.GroovyShell.run(GroovyShell.java:507)
	at groovy.ui.GroovyMain.processOnce(GroovyMain.java:653)
	at groovy.ui.GroovyMain.run(GroovyMain.java:384)
	at groovy.ui.GroovyMain.process(GroovyMain.java:370)
	at groovy.ui.GroovyMain.processArgs(GroovyMain.java:129)
	at groovy.ui.GroovyMain.main(GroovyMain.java:109)
	at sun.reflect.NativeMethodAccessorImpl.invoke0(Native Method)
	at sun.reflect.NativeMethodAccessorImpl.invoke(NativeMethodAccessorImpl.java:62)
	at sun.reflect.DelegatingMethodAccessorImpl.invoke(DelegatingMethodAccessorImpl.java:43)
	at java.lang.reflect.Method.invoke(Method.java:498)
	at org.codehaus.groovy.tools.GroovyStarter.rootLoader(GroovyStarter.java:109)
	at org.codehaus.groovy.tools.GroovyStarter.main(GroovyStarter.java:131)
)]]></system-err>
      </testcase>
      <testcase name="Test Cases/Final Aug 2018 - PKS Automation/Registration Module/Workflow/Update Add New Employee/Special Case (OTC - RO Query - OTC Upload Pending Case - RO Approve)" classname="Test Cases/Final Aug 2018 - PKS Automation/Registration Module/Workflow/Update Add New Employee/Special Case (OTC - RO Query - OTC Upload Pending Case - RO Approve)" status="FAILED">
         <failure type="FAILED" message="(Stack trace: com.kms.katalon.core.exception.StepFailedException: Unable to click on object 'Object Repository/Final Object Repo/Landing Page/Select to English' (Root cause: com.kms.katalon.core.webui.exception.WebElementNotFoundException: Web element with id: 'Object Repository/Final Object Repo/Landing Page/Select to English' located by 'By.xpath: //a[@class = 'taglib-language-list-text' and @lang = 'en-US' and (contains(text(), 'EN') or contains(., 'EN'))]' not found)
	at com.kms.katalon.core.keyword.internal.KeywordMain.stepFailed(KeywordMain.groovy:32)
	at com.kms.katalon.core.webui.keyword.internal.WebUIKeywordMain.stepFailed(WebUIKeywordMain.groovy:65)
	at com.kms.katalon.core.webui.keyword.internal.WebUIKeywordMain.runKeyword(WebUIKeywordMain.groovy:27)
	at com.kms.katalon.core.webui.keyword.builtin.ClickKeyword.click(ClickKeyword.groovy:86)
	at com.kms.katalon.core.webui.keyword.builtin.ClickKeyword.execute(ClickKeyword.groovy:67)
	at com.kms.katalon.core.keyword.internal.KeywordExecutor.executeKeywordForPlatform(KeywordExecutor.groovy:53)
	at com.kms.katalon.core.webui.keyword.WebUiBuiltInKeywords.click(WebUiBuiltInKeywords.groovy:604)
	at com.kms.katalon.core.webui.keyword.WebUiBuiltInKeywords$click$6.call(Unknown Source)
	at Script1534407542420.run(Script1534407542420.groovy:57)
	at com.kms.katalon.core.main.ScriptEngine.run(ScriptEngine.java:183)
	at com.kms.katalon.core.main.ScriptEngine.runScriptAsRawText(ScriptEngine.java:108)
	at com.kms.katalon.core.main.TestCaseExecutor.runScript(TestCaseExecutor.java:294)
	at com.kms.katalon.core.main.TestCaseExecutor.doExecute(TestCaseExecutor.java:285)
	at com.kms.katalon.core.main.TestCaseExecutor.processExecutionPhase(TestCaseExecutor.java:264)
	at com.kms.katalon.core.main.TestCaseExecutor.accessMainPhase(TestCaseExecutor.java:256)
	at com.kms.katalon.core.main.TestCaseExecutor.execute(TestCaseExecutor.java:200)
	at com.kms.katalon.core.main.TestCaseMain.runTestCase(TestCaseMain.java:99)
	at com.kms.katalon.core.keyword.builtin.CallTestCaseKeyword$_callTestCase_closure1.doCall(CallTestCaseKeyword.groovy:60)
	at com.kms.katalon.core.keyword.builtin.CallTestCaseKeyword$_callTestCase_closure1.call(CallTestCaseKeyword.groovy)
	at com.kms.katalon.core.keyword.internal.KeywordMain.runKeyword(KeywordMain.groovy:54)
	at com.kms.katalon.core.keyword.builtin.CallTestCaseKeyword.callTestCase(CallTestCaseKeyword.groovy:81)
	at com.kms.katalon.core.keyword.builtin.CallTestCaseKeyword.execute(CallTestCaseKeyword.groovy:45)
	at com.kms.katalon.core.keyword.internal.KeywordExecutor.executeKeywordForPlatform(KeywordExecutor.groovy:53)
	at com.kms.katalon.core.keyword.BuiltinKeywords.callTestCase(BuiltinKeywords.groovy:334)
	at sun.reflect.GeneratedMethodAccessor13.invoke(Unknown Source)
	at sun.reflect.DelegatingMethodAccessorImpl.invoke(DelegatingMethodAccessorImpl.java:43)
	at java.lang.reflect.Method.invoke(Method.java:498)
	at org.codehaus.groovy.reflection.CachedMethod.invoke(CachedMethod.java:93)
	at groovy.lang.MetaMethod.doMethodInvoke(MetaMethod.java:325)
	at groovy.lang.MetaClassImpl.invokeStaticMethod(MetaClassImpl.java:1469)
	at org.codehaus.groovy.runtime.callsite.StaticMetaClassSite.call(StaticMetaClassSite.java:53)
	at org.codehaus.groovy.runtime.callsite.CallSiteArray.defaultCall(CallSiteArray.java:48)
	at org.codehaus.groovy.runtime.callsite.AbstractCallSite.call(AbstractCallSite.java:113)
	at org.codehaus.groovy.runtime.callsite.AbstractCallSite.call(AbstractCallSite.java:141)
	at Script1536201277272.run(Script1536201277272.groovy:123)
	at com.kms.katalon.core.main.ScriptEngine.run(ScriptEngine.java:183)
	at com.kms.katalon.core.main.ScriptEngine.runScriptAsRawText(ScriptEngine.java:108)
	at com.kms.katalon.core.main.TestCaseExecutor.runScript(TestCaseExecutor.java:294)
	at com.kms.katalon.core.main.TestCaseExecutor.doExecute(TestCaseExecutor.java:285)
	at com.kms.katalon.core.main.TestCaseExecutor.processExecutionPhase(TestCaseExecutor.java:264)
	at com.kms.katalon.core.main.TestCaseExecutor.accessMainPhase(TestCaseExecutor.java:256)
	at com.kms.katalon.core.main.TestCaseExecutor.execute(TestCaseExecutor.java:200)
	at com.kms.katalon.core.main.TestSuiteExecutor.accessTestCaseMainPhase(TestSuiteExecutor.java:129)
	at com.kms.katalon.core.main.TestSuiteExecutor.accessTestSuiteMainPhase(TestSuiteExecutor.java:112)
	at com.kms.katalon.core.main.TestSuiteExecutor.execute(TestSuiteExecutor.java:81)
	at com.kms.katalon.core.main.TestCaseMain.startTestSuite(TestCaseMain.java:142)
	at com.kms.katalon.core.main.TestCaseMain$startTestSuite$0.call(Unknown Source)
	at org.codehaus.groovy.runtime.callsite.CallSiteArray.defaultCall(CallSiteArray.java:48)
	at org.codehaus.groovy.runtime.callsite.AbstractCallSite.call(AbstractCallSite.java:113)
	at org.codehaus.groovy.runtime.callsite.AbstractCallSite.call(AbstractCallSite.java:141)
	at TempTestSuite1542874456666.run(TempTestSuite1542874456666.groovy:36)
	at groovy.lang.GroovyShell.runScriptOrMainOrTestOrRunnable(GroovyShell.java:263)
	at groovy.lang.GroovyShell.run(GroovyShell.java:518)
	at groovy.lang.GroovyShell.run(GroovyShell.java:507)
	at groovy.ui.GroovyMain.processOnce(GroovyMain.java:653)
	at groovy.ui.GroovyMain.run(GroovyMain.java:384)
	at groovy.ui.GroovyMain.process(GroovyMain.java:370)
	at groovy.ui.GroovyMain.processArgs(GroovyMain.java:129)
	at groovy.ui.GroovyMain.main(GroovyMain.java:109)
	at sun.reflect.NativeMethodAccessorImpl.invoke0(Native Method)
	at sun.reflect.NativeMethodAccessorImpl.invoke(NativeMethodAccessorImpl.java:62)
	at sun.reflect.DelegatingMethodAccessorImpl.invoke(DelegatingMethodAccessorImpl.java:43)
	at java.lang.reflect.Method.invoke(Method.java:498)
	at org.codehaus.groovy.tools.GroovyStarter.rootLoader(GroovyStarter.java:109)
	at org.codehaus.groovy.tools.GroovyStarter.main(GroovyStarter.java:131)
)"/>
         <system-out><![CDATA[2018-11-22 22:46:33 - [TEST_CASE][FAILED] - Test Cases/Final Aug 2018 - PKS Automation/Registration Module/Workflow/Update Add New Employee/Special Case (OTC - RO Query - OTC Upload Pending Case - RO Approve): Test Cases/Final Aug 2018 - PKS Automation/Registration Module/Workflow/Update Add New Employee/Special Case (OTC - RO Query - OTC Upload Pending Case - RO Approve) FAILED because (of) (Stack trace: com.kms.katalon.core.exception.StepFailedException: Unable to click on object 'Object Repository/Final Object Repo/Landing Page/Select to English' (Root cause: com.kms.katalon.core.webui.exception.WebElementNotFoundException: Web element with id: 'Object Repository/Final Object Repo/Landing Page/Select to English' located by 'By.xpath: //a[@class = 'taglib-language-list-text' and @lang = 'en-US' and (contains(text(), 'EN') or contains(., 'EN'))]' not found)
	at com.kms.katalon.core.keyword.internal.KeywordMain.stepFailed(KeywordMain.groovy:32)
	at com.kms.katalon.core.webui.keyword.internal.WebUIKeywordMain.stepFailed(WebUIKeywordMain.groovy:65)
	at com.kms.katalon.core.webui.keyword.internal.WebUIKeywordMain.runKeyword(WebUIKeywordMain.groovy:27)
	at com.kms.katalon.core.webui.keyword.builtin.ClickKeyword.click(ClickKeyword.groovy:86)
	at com.kms.katalon.core.webui.keyword.builtin.ClickKeyword.execute(ClickKeyword.groovy:67)
	at com.kms.katalon.core.keyword.internal.KeywordExecutor.executeKeywordForPlatform(KeywordExecutor.groovy:53)
	at com.kms.katalon.core.webui.keyword.WebUiBuiltInKeywords.click(WebUiBuiltInKeywords.groovy:604)
	at com.kms.katalon.core.webui.keyword.WebUiBuiltInKeywords$click$6.call(Unknown Source)
	at Script1534407542420.run(Script1534407542420.groovy:57)
	at com.kms.katalon.core.main.ScriptEngine.run(ScriptEngine.java:183)
	at com.kms.katalon.core.main.ScriptEngine.runScriptAsRawText(ScriptEngine.java:108)
	at com.kms.katalon.core.main.TestCaseExecutor.runScript(TestCaseExecutor.java:294)
	at com.kms.katalon.core.main.TestCaseExecutor.doExecute(TestCaseExecutor.java:285)
	at com.kms.katalon.core.main.TestCaseExecutor.processExecutionPhase(TestCaseExecutor.java:264)
	at com.kms.katalon.core.main.TestCaseExecutor.accessMainPhase(TestCaseExecutor.java:256)
	at com.kms.katalon.core.main.TestCaseExecutor.execute(TestCaseExecutor.java:200)
	at com.kms.katalon.core.main.TestCaseMain.runTestCase(TestCaseMain.java:99)
	at com.kms.katalon.core.keyword.builtin.CallTestCaseKeyword$_callTestCase_closure1.doCall(CallTestCaseKeyword.groovy:60)
	at com.kms.katalon.core.keyword.builtin.CallTestCaseKeyword$_callTestCase_closure1.call(CallTestCaseKeyword.groovy)
	at com.kms.katalon.core.keyword.internal.KeywordMain.runKeyword(KeywordMain.groovy:54)
	at com.kms.katalon.core.keyword.builtin.CallTestCaseKeyword.callTestCase(CallTestCaseKeyword.groovy:81)
	at com.kms.katalon.core.keyword.builtin.CallTestCaseKeyword.execute(CallTestCaseKeyword.groovy:45)
	at com.kms.katalon.core.keyword.internal.KeywordExecutor.executeKeywordForPlatform(KeywordExecutor.groovy:53)
	at com.kms.katalon.core.keyword.BuiltinKeywords.callTestCase(BuiltinKeywords.groovy:334)
	at sun.reflect.GeneratedMethodAccessor13.invoke(Unknown Source)
	at sun.reflect.DelegatingMethodAccessorImpl.invoke(DelegatingMethodAccessorImpl.java:43)
	at java.lang.reflect.Method.invoke(Method.java:498)
	at org.codehaus.groovy.reflection.CachedMethod.invoke(CachedMethod.java:93)
	at groovy.lang.MetaMethod.doMethodInvoke(MetaMethod.java:325)
	at groovy.lang.MetaClassImpl.invokeStaticMethod(MetaClassImpl.java:1469)
	at org.codehaus.groovy.runtime.callsite.StaticMetaClassSite.call(StaticMetaClassSite.java:53)
	at org.codehaus.groovy.runtime.callsite.CallSiteArray.defaultCall(CallSiteArray.java:48)
	at org.codehaus.groovy.runtime.callsite.AbstractCallSite.call(AbstractCallSite.java:113)
	at org.codehaus.groovy.runtime.callsite.AbstractCallSite.call(AbstractCallSite.java:141)
	at Script1536201277272.run(Script1536201277272.groovy:123)
	at com.kms.katalon.core.main.ScriptEngine.run(ScriptEngine.java:183)
	at com.kms.katalon.core.main.ScriptEngine.runScriptAsRawText(ScriptEngine.java:108)
	at com.kms.katalon.core.main.TestCaseExecutor.runScript(TestCaseExecutor.java:294)
	at com.kms.katalon.core.main.TestCaseExecutor.doExecute(TestCaseExecutor.java:285)
	at com.kms.katalon.core.main.TestCaseExecutor.processExecutionPhase(TestCaseExecutor.java:264)
	at com.kms.katalon.core.main.TestCaseExecutor.accessMainPhase(TestCaseExecutor.java:256)
	at com.kms.katalon.core.main.TestCaseExecutor.execute(TestCaseExecutor.java:200)
	at com.kms.katalon.core.main.TestSuiteExecutor.accessTestCaseMainPhase(TestSuiteExecutor.java:129)
	at com.kms.katalon.core.main.TestSuiteExecutor.accessTestSuiteMainPhase(TestSuiteExecutor.java:112)
	at com.kms.katalon.core.main.TestSuiteExecutor.execute(TestSuiteExecutor.java:81)
	at com.kms.katalon.core.main.TestCaseMain.startTestSuite(TestCaseMain.java:142)
	at com.kms.katalon.core.main.TestCaseMain$startTestSuite$0.call(Unknown Source)
	at org.codehaus.groovy.runtime.callsite.CallSiteArray.defaultCall(CallSiteArray.java:48)
	at org.codehaus.groovy.runtime.callsite.AbstractCallSite.call(AbstractCallSite.java:113)
	at org.codehaus.groovy.runtime.callsite.AbstractCallSite.call(AbstractCallSite.java:141)
	at TempTestSuite1542874456666.run(TempTestSuite1542874456666.groovy:36)
	at groovy.lang.GroovyShell.runScriptOrMainOrTestOrRunnable(GroovyShell.java:263)
	at groovy.lang.GroovyShell.run(GroovyShell.java:518)
	at groovy.lang.GroovyShell.run(GroovyShell.java:507)
	at groovy.ui.GroovyMain.processOnce(GroovyMain.java:653)
	at groovy.ui.GroovyMain.run(GroovyMain.java:384)
	at groovy.ui.GroovyMain.process(GroovyMain.java:370)
	at groovy.ui.GroovyMain.processArgs(GroovyMain.java:129)
	at groovy.ui.GroovyMain.main(GroovyMain.java:109)
	at sun.reflect.NativeMethodAccessorImpl.invoke0(Native Method)
	at sun.reflect.NativeMethodAccessorImpl.invoke(NativeMethodAccessorImpl.java:62)
	at sun.reflect.DelegatingMethodAccessorImpl.invoke(DelegatingMethodAccessorImpl.java:43)
	at java.lang.reflect.Method.invoke(Method.java:498)
	at org.codehaus.groovy.tools.GroovyStarter.rootLoader(GroovyStarter.java:109)
	at org.codehaus.groovy.tools.GroovyStarter.main(GroovyStarter.java:131)
)

2018-11-22 22:46:33 - [TEST_STEP][PASSED] - callTestCase: Call Test Case 'Test Cases/Final Aug 2018 - PKS Automation/Registration Module/Workflow/Update Add New Employee/Template/New Company for Update Add New' successfully

2018-11-22 22:46:33 - [TEST_CASE][PASSED] - Test Cases/Final Aug 2018 - PKS Automation/Registration Module/Workflow/Update Add New Employee/Template/New Company for Update Add New: Test Cases/Final Aug 2018 - PKS Automation/Registration Module/Workflow/Update Add New Employee/Template/New Company for Update Add New

2018-11-22 22:46:33 - [TEST_STEP][PASSED] - callTestCase: Call Test Case 'Test Cases/Final Aug 2018 - PKS Automation/Registration Module/New Registration/Form 1/Form 1 - Corporation - BHD' successfully

2018-11-22 22:46:33 - [TEST_CASE][PASSED] - Test Cases/Final Aug 2018 - PKS Automation/Registration Module/New Registration/Form 1/Form 1 - Corporation - BHD: Test Cases/Final Aug 2018 - PKS Automation/Registration Module/New Registration/Form 1/Form 1 - Corporation - BHD

2018-11-22 22:46:33 - [TEST_STEP][PASSED] - openBrowser: Browser is opened with url: ''

2018-11-22 22:46:33 - [MESSAGE][WARNING] - A browser is already opened. Closing browser and opening a new one

2018-11-22 22:46:37 - [MESSAGE][PASSED] - Browser is opened with url: ''

2018-11-22 22:46:37 - [TEST_STEP][PASSED] - navigateToUrl: Navigate to 'https://assist2-uat.perkeso.gov.my/login' successfully

2018-11-22 22:46:38 - [MESSAGE][PASSED] - Navigate to 'https://assist2-uat.perkeso.gov.my/login' successfully

2018-11-22 22:46:38 - [TEST_STEP][PASSED] - setText: Text 'johorotc1@gmail.com' is set on object 'Object Repository/Final Object Repo/Login Page/Internal User/Email Address'

2018-11-22 22:46:38 - [MESSAGE][PASSED] - Text 'johorotc1@gmail.com' is set on object 'Object Repository/Final Object Repo/Login Page/Internal User/Email Address'

2018-11-22 22:46:38 - [TEST_STEP][PASSED] - click: Object: 'Object Repository/Final Object Repo/Login Page/Internal User/Next Button' is clicked on

2018-11-22 22:46:39 - [MESSAGE][PASSED] - Object: 'Object Repository/Final Object Repo/Login Page/Internal User/Next Button' is clicked on

2018-11-22 22:46:39 - [TEST_STEP][PASSED] - delay: Delayed 1 second(s)

2018-11-22 22:46:40 - [MESSAGE][PASSED] - Delayed 1 second(s)

2018-11-22 22:46:40 - [TEST_STEP][PASSED] - setEncryptedText: Text ****** has been set on object 'Object Repository/Final Object Repo/Login Page/Internal User/Password'

2018-11-22 22:46:40 - [MESSAGE][PASSED] - Text ****** has been set on object 'Object Repository/Final Object Repo/Login Page/Internal User/Password'

2018-11-22 22:46:40 - [TEST_STEP][PASSED] - click: Object: 'Object Repository/Final Object Repo/Login Page/Internal User/Login Button' is clicked on

2018-11-22 22:46:40 - [MESSAGE][PASSED] - Object: 'Object Repository/Final Object Repo/Login Page/Internal User/Login Button' is clicked on

2018-11-22 22:46:40 - [TEST_STEP][PASSED] - delay: Delayed 1 second(s)

2018-11-22 22:46:41 - [MESSAGE][PASSED] - Delayed 1 second(s)

2018-11-22 22:46:41 - [TEST_STEP][PASSED] - Statement - Try: Delayed 2 second(s)

2018-11-22 22:46:41 - [TEST_STEP][PASSED] - Statement - Checker = false: null

2018-11-22 22:46:41 - [TEST_STEP][PASSED] - Statement - Checker = com.kms.katalon.core.webui.keyword.WebUiBuiltInKeywords.verifyElementHasAttribute(com.kms.katalon.core.testobject.ObjectRepository.findTestObject(Final Object Repo/Landing Page/BM Detecting), "href", 20, OPTIONAL): Object 'Object Repository/Final Object Repo/Landing Page/BM Detecting' has attribute 'href'

2018-11-22 22:46:42 - [MESSAGE][PASSED] - Object 'Object Repository/Final Object Repo/Landing Page/BM Detecting' has attribute 'href'

2018-11-22 22:46:42 - [TEST_STEP][PASSED] - Statement - out.println(Checker): null

2018-11-22 22:46:42 - [TEST_STEP][PASSED] - Statement - If (Checker == false): null

2018-11-22 22:46:42 - [TEST_STEP][PASSED] - Statement - Else: null

2018-11-22 22:46:42 - [TEST_STEP][PASSED] - delay: Delayed 2 second(s)

2018-11-22 22:46:44 - [MESSAGE][PASSED] - Delayed 2 second(s)

2018-11-22 22:46:44 - [TEST_STEP][PASSED] - navigateToUrl: Navigate to 'https://assist2-uat.perkeso.gov.my/web/registration/registration' successfully

2018-11-22 22:46:45 - [MESSAGE][PASSED] - Navigate to 'https://assist2-uat.perkeso.gov.my/web/registration/registration' successfully

2018-11-22 22:46:45 - [TEST_STEP][PASSED] - click: Object: 'Object Repository/Final Object Repo/New Registration - Registration Module Pages/Form 1/AEC - No' is clicked on

2018-11-22 22:46:46 - [MESSAGE][PASSED] - Object: 'Object Repository/Final Object Repo/New Registration - Registration Module Pages/Form 1/AEC - No' is clicked on

2018-11-22 22:46:46 - [TEST_STEP][PASSED] - click: Object: 'Object Repository/Final Object Repo/New Registration - Registration Module Pages/Form 1/Business Entity' is clicked on

2018-11-22 22:46:46 - [MESSAGE][PASSED] - Object: 'Object Repository/Final Object Repo/New Registration - Registration Module Pages/Form 1/Business Entity' is clicked on

2018-11-22 22:46:46 - [TEST_STEP][PASSED] - click: Object: 'Object Repository/Final Object Repo/New Registration - Registration Module Pages/Form 1/Businees Entity - Corporation' is clicked on

2018-11-22 22:46:46 - [MESSAGE][PASSED] - Object: 'Object Repository/Final Object Repo/New Registration - Registration Module Pages/Form 1/Businees Entity - Corporation' is clicked on

2018-11-22 22:46:46 - [TEST_STEP][PASSED] - delay: Delayed 1 second(s)

2018-11-22 22:46:47 - [MESSAGE][PASSED] - Delayed 1 second(s)

2018-11-22 22:46:47 - [TEST_STEP][PASSED] - click: Object: 'Object Repository/Final Object Repo/New Registration - Registration Module Pages/Form 1/Sub Business Entity' is clicked on

2018-11-22 22:46:47 - [MESSAGE][PASSED] - Object: 'Object Repository/Final Object Repo/New Registration - Registration Module Pages/Form 1/Sub Business Entity' is clicked on

2018-11-22 22:46:47 - [TEST_STEP][PASSED] - click: Object: 'Object Repository/Final Object Repo/New Registration - Registration Module Pages/Form 1/Sub Business Entity - Berhad' is clicked on

2018-11-22 22:46:47 - [MESSAGE][PASSED] - Object: 'Object Repository/Final Object Repo/New Registration - Registration Module Pages/Form 1/Sub Business Entity - Berhad' is clicked on

2018-11-22 22:46:47 - [TEST_STEP][PASSED] - delay: Delayed 1 second(s)

2018-11-22 22:46:48 - [MESSAGE][PASSED] - Delayed 1 second(s)

2018-11-22 22:46:48 - [TEST_STEP][PASSED] - setText: Text '123' is set on object 'Object Repository/Final Object Repo/New Registration - Registration Module Pages/Form 1/Registration Number'

2018-11-22 22:46:49 - [MESSAGE][PASSED] - Text '123' is set on object 'Object Repository/Final Object Repo/New Registration - Registration Module Pages/Form 1/Registration Number'

2018-11-22 22:46:49 - [TEST_STEP][PASSED] - click: Object: 'Object Repository/Final Object Repo/New Registration - Registration Module Pages/Form 1/Registred with SSM - Before Feb' is clicked on

2018-11-22 22:46:49 - [MESSAGE][PASSED] - Object: 'Object Repository/Final Object Repo/New Registration - Registration Module Pages/Form 1/Registred with SSM - Before Feb' is clicked on

2018-11-22 22:46:49 - [TEST_STEP][PASSED] - click: Object: 'Object Repository/Final Object Repo/New Registration - Registration Module Pages/Form 1/Registered As a Branch - Yes' is clicked on

2018-11-22 22:46:49 - [MESSAGE][PASSED] - Object: 'Object Repository/Final Object Repo/New Registration - Registration Module Pages/Form 1/Registered As a Branch - Yes' is clicked on

2018-11-22 22:46:49 - [TEST_STEP][PASSED] - click: Object: 'Object Repository/Final Object Repo/New Registration - Registration Module Pages/Form 1/Acknowledgement' is clicked on

2018-11-22 22:46:49 - [MESSAGE][PASSED] - Object: 'Object Repository/Final Object Repo/New Registration - Registration Module Pages/Form 1/Acknowledgement' is clicked on

2018-11-22 22:46:49 - [TEST_STEP][PASSED] - setText: Text 'perkeso' is set on object 'Object Repository/Final Object Repo/New Registration - Registration Module Pages/Form 1/Industry name'

2018-11-22 22:46:49 - [MESSAGE][PASSED] - Text 'perkeso' is set on object 'Object Repository/Final Object Repo/New Registration - Registration Module Pages/Form 1/Industry name'

2018-11-22 22:46:49 - [TEST_STEP][PASSED] - setText: Text 'perkeso1' is set on object 'Object Repository/Final Object Repo/New Registration - Registration Module Pages/Form 1/Postal Address1'

2018-11-22 22:46:50 - [MESSAGE][PASSED] - Text 'perkeso1' is set on object 'Object Repository/Final Object Repo/New Registration - Registration Module Pages/Form 1/Postal Address1'

2018-11-22 22:46:50 - [TEST_STEP][PASSED] - setText: Text 'perkeso2' is set on object 'Object Repository/Final Object Repo/New Registration - Registration Module Pages/Form 1/Postal Address2'

2018-11-22 22:46:50 - [MESSAGE][PASSED] - Text 'perkeso2' is set on object 'Object Repository/Final Object Repo/New Registration - Registration Module Pages/Form 1/Postal Address2'

2018-11-22 22:46:50 - [TEST_STEP][PASSED] - setText: Text 'perkeso3' is set on object 'Object Repository/Final Object Repo/New Registration - Registration Module Pages/Form 1/Postal Address3'

2018-11-22 22:46:50 - [MESSAGE][PASSED] - Text 'perkeso3' is set on object 'Object Repository/Final Object Repo/New Registration - Registration Module Pages/Form 1/Postal Address3'

2018-11-22 22:46:50 - [TEST_STEP][PASSED] - click: Object: 'Object Repository/Final Object Repo/New Registration - Registration Module Pages/Form 1/State' is clicked on

2018-11-22 22:46:51 - [MESSAGE][PASSED] - Object: 'Object Repository/Final Object Repo/New Registration - Registration Module Pages/Form 1/State' is clicked on

2018-11-22 22:46:51 - [TEST_STEP][PASSED] - click: Object: 'Object Repository/Final Object Repo/New Registration - Registration Module Pages/Form 1/State - Johor' is clicked on

2018-11-22 22:46:51 - [MESSAGE][PASSED] - Object: 'Object Repository/Final Object Repo/New Registration - Registration Module Pages/Form 1/State - Johor' is clicked on

2018-11-22 22:46:51 - [TEST_STEP][PASSED] - delay: Delayed 1 second(s)

2018-11-22 22:46:52 - [MESSAGE][PASSED] - Delayed 1 second(s)

2018-11-22 22:46:52 - [TEST_STEP][PASSED] - click: Object: 'Object Repository/Final Object Repo/New Registration - Registration Module Pages/Form 1/City' is clicked on

2018-11-22 22:46:52 - [MESSAGE][PASSED] - Object: 'Object Repository/Final Object Repo/New Registration - Registration Module Pages/Form 1/City' is clicked on

2018-11-22 22:46:52 - [TEST_STEP][PASSED] - setText: Text 'joh' is set on object 'Object Repository/Final Object Repo/New Registration - Registration Module Pages/Form 1/Postcode - 810'

2018-11-22 22:46:52 - [MESSAGE][PASSED] - Text 'joh' is set on object 'Object Repository/Final Object Repo/New Registration - Registration Module Pages/Form 1/Postcode - 810'

2018-11-22 22:46:52 - [TEST_STEP][PASSED] - delay: Delayed 1 second(s)

2018-11-22 22:46:53 - [MESSAGE][PASSED] - Delayed 1 second(s)

2018-11-22 22:46:53 - [TEST_STEP][PASSED] - click: Object: 'Object Repository/Final Object Repo/New Registration - Registration Module Pages/Form 1/City - Johor Bharu' is clicked on

2018-11-22 22:46:54 - [MESSAGE][PASSED] - Object: 'Object Repository/Final Object Repo/New Registration - Registration Module Pages/Form 1/City - Johor Bharu' is clicked on

2018-11-22 22:46:54 - [TEST_STEP][PASSED] - delay: Delayed 1 second(s)

2018-11-22 22:46:55 - [MESSAGE][PASSED] - Delayed 1 second(s)

2018-11-22 22:46:55 - [TEST_STEP][PASSED] - click: Object: 'Object Repository/Final Object Repo/New Registration - Registration Module Pages/Form 1/Postcode' is clicked on

2018-11-22 22:46:55 - [MESSAGE][PASSED] - Object: 'Object Repository/Final Object Repo/New Registration - Registration Module Pages/Form 1/Postcode' is clicked on

2018-11-22 22:46:55 - [TEST_STEP][PASSED] - delay: Delayed 1 second(s)

2018-11-22 22:46:56 - [MESSAGE][PASSED] - Delayed 1 second(s)

2018-11-22 22:46:56 - [TEST_STEP][PASSED] - setText: Text '810' is set on object 'Object Repository/Final Object Repo/New Registration - Registration Module Pages/Form 1/Postcode - 810'

2018-11-22 22:46:56 - [MESSAGE][PASSED] - Text '810' is set on object 'Object Repository/Final Object Repo/New Registration - Registration Module Pages/Form 1/Postcode - 810'

2018-11-22 22:46:56 - [TEST_STEP][PASSED] - delay: Delayed 3 second(s)

2018-11-22 22:46:59 - [MESSAGE][PASSED] - Delayed 3 second(s)

2018-11-22 22:46:59 - [TEST_STEP][PASSED] - click: Object: 'Object Repository/Final Object Repo/New Registration - Registration Module Pages/Form 1/Postcode - 81000' is clicked on

2018-11-22 22:46:59 - [MESSAGE][PASSED] - Object: 'Object Repository/Final Object Repo/New Registration - Registration Module Pages/Form 1/Postcode - 81000' is clicked on

2018-11-22 22:46:59 - [TEST_STEP][PASSED] - delay: Delayed 1 second(s)

2018-11-22 22:47:00 - [MESSAGE][PASSED] - Delayed 1 second(s)

2018-11-22 22:47:00 - [TEST_STEP][PASSED] - setText: Text '100' is set on object 'Object Repository/Final Object Repo/New Registration - Registration Module Pages/Form 1/P.O.BOX'

2018-11-22 22:47:00 - [MESSAGE][PASSED] - Text '100' is set on object 'Object Repository/Final Object Repo/New Registration - Registration Module Pages/Form 1/P.O.BOX'

2018-11-22 22:47:00 - [TEST_STEP][PASSED] - setText: Text '100' is set on object 'Object Repository/Final Object Repo/New Registration - Registration Module Pages/Form 1/Locked Bag No'

2018-11-22 22:47:01 - [MESSAGE][PASSED] - Text '100' is set on object 'Object Repository/Final Object Repo/New Registration - Registration Module Pages/Form 1/Locked Bag No'

2018-11-22 22:47:01 - [TEST_STEP][PASSED] - click: Object: 'Object Repository/Final Object Repo/New Registration - Registration Module Pages/Form 1/SOCSO Office Location' is clicked on

2018-11-22 22:47:01 - [MESSAGE][PASSED] - Object: 'Object Repository/Final Object Repo/New Registration - Registration Module Pages/Form 1/SOCSO Office Location' is clicked on

2018-11-22 22:47:01 - [TEST_STEP][PASSED] - click: Object: 'Object Repository/Final Object Repo/New Registration - Registration Module Pages/Form 1/SOCSO Office Location - Pejabat PERKESO Negeri Johor' is clicked on

2018-11-22 22:47:01 - [MESSAGE][PASSED] - Object: 'Object Repository/Final Object Repo/New Registration - Registration Module Pages/Form 1/SOCSO Office Location - Pejabat PERKESO Negeri Johor' is clicked on

2018-11-22 22:47:01 - [TEST_STEP][PASSED] - delay: Delayed 1 second(s)

2018-11-22 22:47:02 - [MESSAGE][PASSED] - Delayed 1 second(s)

2018-11-22 22:47:02 - [TEST_STEP][PASSED] - check: Object 'Object Repository/Final Object Repo/New Registration - Registration Module Pages/Form 1/Indusrty Address Same As Postal Address' is checked

2018-11-22 22:47:02 - [MESSAGE][PASSED] - Object 'Object Repository/Final Object Repo/New Registration - Registration Module Pages/Form 1/Indusrty Address Same As Postal Address' is checked

2018-11-22 22:47:02 - [TEST_STEP][PASSED] - delay: Delayed 3 second(s)

2018-11-22 22:47:05 - [MESSAGE][PASSED] - Delayed 3 second(s)

2018-11-22 22:47:05 - [TEST_STEP][PASSED] - click: Object: 'Object Repository/Final Object Repo/New Registration - Registration Module Pages/Form 1/Indusry Address Same As Postal Address False' is clicked on

2018-11-22 22:47:05 - [MESSAGE][PASSED] - Object: 'Object Repository/Final Object Repo/New Registration - Registration Module Pages/Form 1/Indusry Address Same As Postal Address False' is clicked on

2018-11-22 22:47:05 - [TEST_STEP][PASSED] - delay: Delayed 1 second(s)

2018-11-22 22:47:06 - [MESSAGE][PASSED] - Delayed 1 second(s)

2018-11-22 22:47:06 - [TEST_STEP][PASSED] - setText: Text 'perkeso1' is set on object 'Object Repository/Final Object Repo/New Registration - Registration Module Pages/Form 1/Industry Address1'

2018-11-22 22:47:07 - [MESSAGE][PASSED] - Text 'perkeso1' is set on object 'Object Repository/Final Object Repo/New Registration - Registration Module Pages/Form 1/Industry Address1'

2018-11-22 22:47:07 - [TEST_STEP][PASSED] - setText: Text 'perkeso2' is set on object 'Object Repository/Final Object Repo/New Registration - Registration Module Pages/Form 1/Industry Address2'

2018-11-22 22:47:07 - [MESSAGE][PASSED] - Text 'perkeso2' is set on object 'Object Repository/Final Object Repo/New Registration - Registration Module Pages/Form 1/Industry Address2'

2018-11-22 22:47:07 - [TEST_STEP][PASSED] - setText: Text 'perkeso3' is set on object 'Object Repository/Final Object Repo/New Registration - Registration Module Pages/Form 1/Industry Address3'

2018-11-22 22:47:08 - [MESSAGE][PASSED] - Text 'perkeso3' is set on object 'Object Repository/Final Object Repo/New Registration - Registration Module Pages/Form 1/Industry Address3'

2018-11-22 22:47:08 - [TEST_STEP][PASSED] - click: Object: 'Object Repository/Final Object Repo/New Registration - Registration Module Pages/Form 1/Industry State' is clicked on

2018-11-22 22:47:08 - [MESSAGE][PASSED] - Object: 'Object Repository/Final Object Repo/New Registration - Registration Module Pages/Form 1/Industry State' is clicked on

2018-11-22 22:47:08 - [TEST_STEP][PASSED] - delay: Delayed 2 second(s)

2018-11-22 22:47:10 - [MESSAGE][PASSED] - Delayed 2 second(s)

2018-11-22 22:47:10 - [TEST_STEP][PASSED] - click: Object: 'Object Repository/Final Object Repo/New Registration - Registration Module Pages/Form 1/Industry State - Johor' is clicked on

2018-11-22 22:47:10 - [MESSAGE][PASSED] - Object: 'Object Repository/Final Object Repo/New Registration - Registration Module Pages/Form 1/Industry State - Johor' is clicked on

2018-11-22 22:47:10 - [TEST_STEP][PASSED] - delay: Delayed 2 second(s)

2018-11-22 22:47:12 - [MESSAGE][PASSED] - Delayed 2 second(s)

2018-11-22 22:47:12 - [TEST_STEP][PASSED] - click: Object: 'Object Repository/Final Object Repo/New Registration - Registration Module Pages/Form 1/Industry Ciry' is clicked on

2018-11-22 22:47:12 - [MESSAGE][PASSED] - Object: 'Object Repository/Final Object Repo/New Registration - Registration Module Pages/Form 1/Industry Ciry' is clicked on

2018-11-22 22:47:12 - [TEST_STEP][PASSED] - setText: Text 'joh' is set on object 'Object Repository/Final Object Repo/New Registration - Registration Module Pages/Form 1/Industry Ciry - joh'

2018-11-22 22:47:12 - [MESSAGE][PASSED] - Text 'joh' is set on object 'Object Repository/Final Object Repo/New Registration - Registration Module Pages/Form 1/Industry Ciry - joh'

2018-11-22 22:47:12 - [TEST_STEP][PASSED] - delay: Delayed 2 second(s)

2018-11-22 22:47:14 - [MESSAGE][PASSED] - Delayed 2 second(s)

2018-11-22 22:47:14 - [TEST_STEP][PASSED] - click: Object: 'Object Repository/Final Object Repo/New Registration - Registration Module Pages/Form 1/Industy State - Johor Bharu' is clicked on

2018-11-22 22:47:15 - [MESSAGE][PASSED] - Object: 'Object Repository/Final Object Repo/New Registration - Registration Module Pages/Form 1/Industy State - Johor Bharu' is clicked on

2018-11-22 22:47:15 - [TEST_STEP][PASSED] - delay: Delayed 1 second(s)

2018-11-22 22:47:16 - [MESSAGE][PASSED] - Delayed 1 second(s)

2018-11-22 22:47:16 - [TEST_STEP][PASSED] - click: Object: 'Object Repository/Final Object Repo/New Registration - Registration Module Pages/Form 1/Indusry PostCode' is clicked on

2018-11-22 22:47:16 - [MESSAGE][PASSED] - Object: 'Object Repository/Final Object Repo/New Registration - Registration Module Pages/Form 1/Indusry PostCode' is clicked on

2018-11-22 22:47:16 - [TEST_STEP][PASSED] - delay: Delayed 1 second(s)

2018-11-22 22:47:17 - [MESSAGE][PASSED] - Delayed 1 second(s)

2018-11-22 22:47:17 - [TEST_STEP][PASSED] - setText: Text '810' is set on object 'Object Repository/Final Object Repo/New Registration - Registration Module Pages/Form 1/Insutry Post Code - 810'

2018-11-22 22:47:17 - [MESSAGE][PASSED] - Text '810' is set on object 'Object Repository/Final Object Repo/New Registration - Registration Module Pages/Form 1/Insutry Post Code - 810'

2018-11-22 22:47:17 - [TEST_STEP][PASSED] - delay: Delayed 1 second(s)

2018-11-22 22:47:18 - [MESSAGE][PASSED] - Delayed 1 second(s)

2018-11-22 22:47:18 - [TEST_STEP][PASSED] - click: Object: 'Object Repository/Final Object Repo/New Registration - Registration Module Pages/Form 1/Insutry Post Code - 81000' is clicked on

2018-11-22 22:47:18 - [MESSAGE][PASSED] - Object: 'Object Repository/Final Object Repo/New Registration - Registration Module Pages/Form 1/Insutry Post Code - 81000' is clicked on

2018-11-22 22:47:18 - [TEST_STEP][PASSED] - delay: Delayed 1 second(s)

2018-11-22 22:47:19 - [MESSAGE][PASSED] - Delayed 1 second(s)

2018-11-22 22:47:19 - [TEST_STEP][PASSED] - setText: Text '100' is set on object 'Object Repository/Final Object Repo/New Registration - Registration Module Pages/Form 1/Industry P.O.BOX'

2018-11-22 22:47:19 - [MESSAGE][PASSED] - Text '100' is set on object 'Object Repository/Final Object Repo/New Registration - Registration Module Pages/Form 1/Industry P.O.BOX'

2018-11-22 22:47:19 - [TEST_STEP][PASSED] - setText: Text '100' is set on object 'Object Repository/Final Object Repo/New Registration - Registration Module Pages/Form 1/Industry Locked Bag No'

2018-11-22 22:47:20 - [MESSAGE][PASSED] - Text '100' is set on object 'Object Repository/Final Object Repo/New Registration - Registration Module Pages/Form 1/Industry Locked Bag No'

2018-11-22 22:47:20 - [TEST_STEP][PASSED] - setText: Text '123456789' is set on object 'Object Repository/Final Object Repo/New Registration - Registration Module Pages/Form 1/Telephone No'

2018-11-22 22:47:20 - [MESSAGE][PASSED] - Text '123456789' is set on object 'Object Repository/Final Object Repo/New Registration - Registration Module Pages/Form 1/Telephone No'

2018-11-22 22:47:20 - [TEST_STEP][PASSED] - setText: Text '123456789' is set on object 'Object Repository/Final Object Repo/New Registration - Registration Module Pages/Form 1/Mobile No'

2018-11-22 22:47:20 - [MESSAGE][PASSED] - Text '123456789' is set on object 'Object Repository/Final Object Repo/New Registration - Registration Module Pages/Form 1/Mobile No'

2018-11-22 22:47:20 - [TEST_STEP][PASSED] - setText: Text '123456789' is set on object 'Object Repository/Final Object Repo/New Registration - Registration Module Pages/Form 1/Fax No'

2018-11-22 22:47:21 - [MESSAGE][PASSED] - Text '123456789' is set on object 'Object Repository/Final Object Repo/New Registration - Registration Module Pages/Form 1/Fax No'

2018-11-22 22:47:21 - [TEST_STEP][PASSED] - click: Object: 'Object Repository/Final Object Repo/New Registration - Registration Module Pages/Form 1/Industry Code' is clicked on

2018-11-22 22:47:21 - [MESSAGE][PASSED] - Object: 'Object Repository/Final Object Repo/New Registration - Registration Module Pages/Form 1/Industry Code' is clicked on

2018-11-22 22:47:21 - [TEST_STEP][PASSED] - click: Object: 'Object Repository/Final Object Repo/New Registration - Registration Module Pages/Form 1/Indudustry Code - Crops and Animal' is clicked on

2018-11-22 22:47:21 - [MESSAGE][PASSED] - Object: 'Object Repository/Final Object Repo/New Registration - Registration Module Pages/Form 1/Indudustry Code - Crops and Animal' is clicked on

2018-11-22 22:47:21 - [TEST_STEP][PASSED] - delay: Delayed 1 second(s)

2018-11-22 22:47:22 - [MESSAGE][PASSED] - Delayed 1 second(s)

2018-11-22 22:47:22 - [TEST_STEP][PASSED] - click: Object: 'Object Repository/Final Object Repo/New Registration - Registration Module Pages/Form 1/Sub Industry Code List' is clicked on

2018-11-22 22:47:22 - [MESSAGE][PASSED] - Object: 'Object Repository/Final Object Repo/New Registration - Registration Module Pages/Form 1/Sub Industry Code List' is clicked on

2018-11-22 22:47:22 - [TEST_STEP][PASSED] - click: Object: 'Object Repository/Final Object Repo/New Registration - Registration Module Pages/Form 1/Sub Industry Code List - Growing of Maize' is clicked on

2018-11-22 22:47:23 - [MESSAGE][PASSED] - Object: 'Object Repository/Final Object Repo/New Registration - Registration Module Pages/Form 1/Sub Industry Code List - Growing of Maize' is clicked on

2018-11-22 22:47:23 - [TEST_STEP][PASSED] - setText: Text 'perkeso123@gmail.com' is set on object 'Object Repository/Final Object Repo/New Registration - Registration Module Pages/Form 1/Email'

2018-11-22 22:47:23 - [MESSAGE][PASSED] - Text 'perkeso123@gmail.com' is set on object 'Object Repository/Final Object Repo/New Registration - Registration Module Pages/Form 1/Email'

2018-11-22 22:47:23 - [TEST_STEP][PASSED] - click: Object: 'Object Repository/Final Object Repo/New Registration - Registration Module Pages/Form 1/Method of Contribution Payment' is clicked on

2018-11-22 22:47:24 - [MESSAGE][PASSED] - Object: 'Object Repository/Final Object Repo/New Registration - Registration Module Pages/Form 1/Method of Contribution Payment' is clicked on

2018-11-22 22:47:24 - [TEST_STEP][PASSED] - click: Object: 'Object Repository/Final Object Repo/New Registration - Registration Module Pages/Form 1/Method of Contribution Payment - Portal' is clicked on

2018-11-22 22:47:24 - [MESSAGE][PASSED] - Object: 'Object Repository/Final Object Repo/New Registration - Registration Module Pages/Form 1/Method of Contribution Payment - Portal' is clicked on

2018-11-22 22:47:24 - [TEST_STEP][PASSED] - click: Object: 'Object Repository/Final Object Repo/New Registration - Registration Module Pages/Form 1/Servide Type' is clicked on

2018-11-22 22:47:24 - [MESSAGE][PASSED] - Object: 'Object Repository/Final Object Repo/New Registration - Registration Module Pages/Form 1/Servide Type' is clicked on

2018-11-22 22:47:24 - [TEST_STEP][PASSED] - click: Object: 'Object Repository/Final Object Repo/New Registration - Registration Module Pages/Form 1/Servide Type - Professional Bodies' is clicked on

2018-11-22 22:47:24 - [MESSAGE][PASSED] - Object: 'Object Repository/Final Object Repo/New Registration - Registration Module Pages/Form 1/Servide Type - Professional Bodies' is clicked on

2018-11-22 22:47:24 - [TEST_STEP][PASSED] - click: Object: 'Object Repository/Final Object Repo/New Registration - Registration Module Pages/Form 1/Industry Venue' is clicked on

2018-11-22 22:47:24 - [MESSAGE][PASSED] - Object: 'Object Repository/Final Object Repo/New Registration - Registration Module Pages/Form 1/Industry Venue' is clicked on

2018-11-22 22:47:24 - [TEST_STEP][PASSED] - click: Object: 'Object Repository/Final Object Repo/New Registration - Registration Module Pages/Form 1/Industry Venue -  PPN JOHOR' is clicked on

2018-11-22 22:47:24 - [MESSAGE][PASSED] - Object: 'Object Repository/Final Object Repo/New Registration - Registration Module Pages/Form 1/Industry Venue -  PPN JOHOR' is clicked on

2018-11-22 22:47:24 - [TEST_STEP][PASSED] - click: Object: 'Object Repository/Final Object Repo/New Registration - Registration Module Pages/Form 1/Save  Continue' is clicked on

2018-11-22 22:47:25 - [MESSAGE][PASSED] - Object: 'Object Repository/Final Object Repo/New Registration - Registration Module Pages/Form 1/Save  Continue' is clicked on

2018-11-22 22:47:25 - [MESSAGE][PASSED] - Call Test Case 'Test Cases/Final Aug 2018 - PKS Automation/Registration Module/New Registration/Form 1/Form 1 - Corporation - BHD' successfully

2018-11-22 22:47:25 - [TEST_STEP][PASSED] - callTestCase: Call Test Case 'Test Cases/Final Aug 2018 - PKS Automation/Registration Module/New Registration/Form 2/Add 1 Eligible' successfully

2018-11-22 22:47:25 - [TEST_CASE][PASSED] - Test Cases/Final Aug 2018 - PKS Automation/Registration Module/New Registration/Form 2/Add 1 Eligible: Test Cases/Final Aug 2018 - PKS Automation/Registration Module/New Registration/Form 2/Add 1 Eligible

2018-11-22 22:47:25 - [TEST_STEP][PASSED] - delay: Delayed 2 second(s)

2018-11-22 22:47:27 - [MESSAGE][PASSED] - Delayed 2 second(s)

2018-11-22 22:47:27 - [TEST_STEP][PASSED] - callTestCase: Call Test Case 'Test Cases/Final Aug 2018 - PKS Automation/Registration Module/New Registration/Form 2/Date Updater' successfully

2018-11-22 22:47:27 - [TEST_CASE][PASSED] - Test Cases/Final Aug 2018 - PKS Automation/Registration Module/New Registration/Form 2/Date Updater: Test Cases/Final Aug 2018 - PKS Automation/Registration Module/New Registration/Form 2/Date Updater

2018-11-22 22:47:27 - [TEST_STEP][PASSED] - Statement - TodayDate = new java.util.Date(): null

2018-11-22 22:47:27 - [TEST_STEP][PASSED] - Statement - CurrentDateNoFilter = new java.text.SimpleDateFormat(): null

2018-11-22 22:47:27 - [TEST_STEP][PASSED] - Statement - CurrentDateNoFilter.applyPattern("dd"): null

2018-11-22 22:47:27 - [TEST_STEP][PASSED] - Statement - CurrentDate = CurrentDateNoFilter.format(TodayDate): null

2018-11-22 22:47:27 - [TEST_STEP][PASSED] - Statement - CurrentDate = java.lang.Integer.parseInt(CurrentDate): null

2018-11-22 22:47:27 - [TEST_STEP][PASSED] - Statement - CurrentDate = CurrentDate: null

2018-11-22 22:47:27 - [TEST_STEP][PASSED] - Statement - CurrentDay = java.lang.Integer.parseInt(CurrentDate): null

2018-11-22 22:47:27 - [TEST_STEP][PASSED] - Statement - aDayBefore = CurrentDay + 1: null

2018-11-22 22:47:27 - [TEST_STEP][PASSED] - Statement - DayBefore = aDayBefore.toString(): null

2018-11-22 22:47:27 - [TEST_STEP][PASSED] - Statement - OneDayBefore = DayBefore: null

2018-11-22 22:47:27 - [TEST_STEP][PASSED] - Statement - CurrentDateNoFilter.applyPattern("MM"): null

2018-11-22 22:47:27 - [TEST_STEP][PASSED] - Statement - monthContainerMatcher = java.lang.Integer.parseInt(CurrentDateNoFilter.format(TodayDate)): null

2018-11-22 22:47:27 - [TEST_STEP][PASSED] - Statement - monthContainerMatcher = monthContainerMatcher - 1: null

2018-11-22 22:47:27 - [TEST_STEP][PASSED] - Statement - CurrentMonth = monthContainerMatcher.toString(): null

2018-11-22 22:47:27 - [TEST_STEP][PASSED] - Statement - CurrentMonth = CurrentMonth: null

2018-11-22 22:47:27 - [TEST_STEP][PASSED] - Statement - CurrentDateNoFilter.applyPattern("yyyy"): null

2018-11-22 22:47:27 - [TEST_STEP][PASSED] - Statement - CurrentYear = CurrentDateNoFilter.format(TodayDate): null

2018-11-22 22:47:27 - [TEST_STEP][PASSED] - Statement - CurrentYear = CurrentYear: null

2018-11-22 22:47:27 - [TEST_STEP][PASSED] - Statement - intCurrentYear = java.lang.Integer.parseInt(CurrentDateNoFilter.format(TodayDate)): null

2018-11-22 22:47:27 - [TEST_STEP][PASSED] - Statement - eighteenYrsAgo = intCurrentYear - 18: null

2018-11-22 22:47:27 - [TEST_STEP][PASSED] - Statement - eighteenYrsBeforeThisYr = eighteenYrsAgo.toString(): null

2018-11-22 22:47:27 - [TEST_STEP][PASSED] - Statement - EighteenYrsBefore = eighteenYrsBeforeThisYr: null

2018-11-22 22:47:27 - [TEST_STEP][PASSED] - Statement - fiftysevenYrsAgo = intCurrentYear - 57: null

2018-11-22 22:47:27 - [TEST_STEP][PASSED] - Statement - fiftysevenYrsBeforeThisYr = fiftysevenYrsAgo.toString(): null

2018-11-22 22:47:27 - [TEST_STEP][PASSED] - Statement - FiftysevenYrsBefore = fiftysevenYrsBeforeThisYr: null

2018-11-22 22:47:27 - [MESSAGE][PASSED] - Call Test Case 'Test Cases/Final Aug 2018 - PKS Automation/Registration Module/New Registration/Form 2/Date Updater' successfully

2018-11-22 22:47:27 - [TEST_STEP][PASSED] - delay: Delayed 1 second(s)

2018-11-22 22:47:28 - [MESSAGE][PASSED] - Delayed 1 second(s)

2018-11-22 22:47:28 - [TEST_STEP][PASSED] - Statement - CaseReferenceNo = com.kms.katalon.core.webui.keyword.WebUiBuiltInKeywords.getText(com.kms.katalon.core.testobject.ObjectRepository.findTestObject(Final Object Repo/New Registration - Registration Module Pages/Form 2/RefNo Acquiring)): Text of object 'Object Repository/Final Object Repo/New Registration - Registration Module Pages/Form 2/RefNo Acquiring' is: 'CRN11201800122705'

2018-11-22 22:47:28 - [MESSAGE][PASSED] - Text of object 'Object Repository/Final Object Repo/New Registration - Registration Module Pages/Form 2/RefNo Acquiring' is: 'CRN11201800122705'

2018-11-22 22:47:28 - [TEST_STEP][PASSED] - delay: Delayed 1 second(s)

2018-11-22 22:47:29 - [MESSAGE][PASSED] - Delayed 1 second(s)

2018-11-22 22:47:29 - [TEST_STEP][PASSED] - click: Object: 'Object Repository/Final Object Repo/New Registration - Registration Module Pages/Form 2/Add Employee Button' is clicked on

2018-11-22 22:47:29 - [MESSAGE][PASSED] - Object: 'Object Repository/Final Object Repo/New Registration - Registration Module Pages/Form 2/Add Employee Button' is clicked on

2018-11-22 22:47:29 - [TEST_STEP][PASSED] - delay: Delayed 1 second(s)

2018-11-22 22:47:30 - [MESSAGE][PASSED] - Delayed 1 second(s)

2018-11-22 22:47:30 - [TEST_STEP][PASSED] - setText: Text '010903091963' is set on object 'Object Repository/Final Object Repo/New Registration - Registration Module Pages/Form 2/NRIC Input'

2018-11-22 22:47:30 - [MESSAGE][PASSED] - Text '010903091963' is set on object 'Object Repository/Final Object Repo/New Registration - Registration Module Pages/Form 2/NRIC Input'

2018-11-22 22:47:30 - [TEST_STEP][PASSED] - click: Object: 'Object Repository/Final Object Repo/New Registration - Registration Module Pages/Form 2/button for search for IC' is clicked on

2018-11-22 22:47:31 - [MESSAGE][PASSED] - Object: 'Object Repository/Final Object Repo/New Registration - Registration Module Pages/Form 2/button for search for IC' is clicked on

2018-11-22 22:47:31 - [TEST_STEP][PASSED] - delay: Delayed 2 second(s)

2018-11-22 22:47:33 - [MESSAGE][PASSED] - Delayed 2 second(s)

2018-11-22 22:47:33 - [TEST_STEP][PASSED] - setText: Text 'Automate001 eligible 1' is set on object 'Object Repository/Final Object Repo/New Registration - Registration Module Pages/Form 2/Employee Name Input'

2018-11-22 22:47:33 - [MESSAGE][PASSED] - Text 'Automate001 eligible 1' is set on object 'Object Repository/Final Object Repo/New Registration - Registration Module Pages/Form 2/Employee Name Input'

2018-11-22 22:47:33 - [TEST_STEP][PASSED] - delay: Delayed 2 second(s)

2018-11-22 22:47:35 - [MESSAGE][PASSED] - Delayed 2 second(s)

2018-11-22 22:47:35 - [TEST_STEP][PASSED] - click: Object: 'Object Repository/Final Object Repo/New Registration - Registration Module Pages/Form 2/DatePicker Pop Up' is clicked on

2018-11-22 22:47:35 - [MESSAGE][PASSED] - Object: 'Object Repository/Final Object Repo/New Registration - Registration Module Pages/Form 2/DatePicker Pop Up' is clicked on

2018-11-22 22:47:35 - [TEST_STEP][PASSED] - click: Object: 'Object Repository/Final Object Repo/New Registration - Registration Module Pages/Form 2/DOB Month' is clicked on

2018-11-22 22:47:35 - [MESSAGE][PASSED] - Object: 'Object Repository/Final Object Repo/New Registration - Registration Module Pages/Form 2/DOB Month' is clicked on

2018-11-22 22:47:35 - [TEST_STEP][PASSED] - Statement - CurrentMonth = CurrentMonth: null

2018-11-22 22:47:35 - [TEST_STEP][PASSED] - Statement - selectMonth = new com.kms.katalon.core.testobject.TestObject(): null

2018-11-22 22:47:35 - [TEST_STEP][PASSED] - Statement - selectMonth.addProperty("xpath", EQUALS, "//body/div/div/div/select/option[@value='" + CurrentMonth + "']", true): null

2018-11-22 22:47:35 - [TEST_STEP][PASSED] - click: Object: '' is clicked on

2018-11-22 22:47:36 - [MESSAGE][PASSED] - Object: '' is clicked on

2018-11-22 22:47:36 - [TEST_STEP][PASSED] - click: Object: 'Object Repository/Final Object Repo/New Registration - Registration Module Pages/Form 2/DOB Year' is clicked on

2018-11-22 22:47:36 - [MESSAGE][PASSED] - Object: 'Object Repository/Final Object Repo/New Registration - Registration Module Pages/Form 2/DOB Year' is clicked on

2018-11-22 22:47:36 - [TEST_STEP][PASSED] - Statement - Eyearsbf = EighteenYrsBefore: null

2018-11-22 22:47:36 - [TEST_STEP][PASSED] - Statement - selectYear = new com.kms.katalon.core.testobject.TestObject(): null

2018-11-22 22:47:36 - [TEST_STEP][PASSED] - Statement - selectYear.addProperty("xpath", EQUALS, "//div/div/div/select/option[@value='" + Eyearsbf + "']", true): null

2018-11-22 22:47:36 - [TEST_STEP][PASSED] - click: Object: '' is clicked on

2018-11-22 22:47:36 - [MESSAGE][PASSED] - Object: '' is clicked on

2018-11-22 22:47:36 - [TEST_STEP][PASSED] - Statement - UpdatedSelectDate = com.kms.katalon.core.webui.keyword.WebUiBuiltInKeywords.modifyObjectProperty(com.kms.katalon.core.testobject.ObjectRepository.findTestObject(Final Object Repo/New Registration - Registration Module Pages/Form 2/DOB Date), "xpath", "equals", "//body/div/table/tbody/tr/td/a[text()="" + CurrentDate + ""]", true): Modify property of object successfully

2018-11-22 22:47:36 - [MESSAGE][PASSED] - Modify property of object successfully

2018-11-22 22:47:36 - [TEST_STEP][PASSED] - delay: Delayed 3 second(s)

2018-11-22 22:47:39 - [MESSAGE][PASSED] - Delayed 3 second(s)

2018-11-22 22:47:39 - [TEST_STEP][PASSED] - click: Object: 'Object Repository/Final Object Repo/New Registration - Registration Module Pages/Form 2/DOB Date' is clicked on

2018-11-22 22:47:39 - [MESSAGE][PASSED] - Object: 'Object Repository/Final Object Repo/New Registration - Registration Module Pages/Form 2/DOB Date' is clicked on

2018-11-22 22:47:39 - [TEST_STEP][PASSED] - delay: Delayed 2 second(s)

2018-11-22 22:47:41 - [MESSAGE][PASSED] - Delayed 2 second(s)

2018-11-22 22:47:41 - [TEST_STEP][PASSED] - click: Object: 'Object Repository/Final Object Repo/New Registration - Registration Module Pages/Form 2/EmploymentStartDate Pop Up' is clicked on

2018-11-22 22:47:41 - [MESSAGE][PASSED] - Object: 'Object Repository/Final Object Repo/New Registration - Registration Module Pages/Form 2/EmploymentStartDate Pop Up' is clicked on

2018-11-22 22:47:41 - [TEST_STEP][PASSED] - delay: Delayed 2 second(s)

2018-11-22 22:47:43 - [MESSAGE][PASSED] - Delayed 2 second(s)

2018-11-22 22:47:43 - [TEST_STEP][PASSED] - click: Object: 'Object Repository/Final Object Repo/New Registration - Registration Module Pages/Form 2/Socso Employment StartDate Month' is clicked on

2018-11-22 22:47:43 - [MESSAGE][PASSED] - Object: 'Object Repository/Final Object Repo/New Registration - Registration Module Pages/Form 2/Socso Employment StartDate Month' is clicked on

2018-11-22 22:47:43 - [TEST_STEP][PASSED] - delay: Delayed 1 second(s)

2018-11-22 22:47:44 - [MESSAGE][PASSED] - Delayed 1 second(s)

2018-11-22 22:47:44 - [TEST_STEP][PASSED] - click: Object: 'Object Repository/Final Object Repo/New Registration - Registration Module Pages/Form 2/Select Socso Employement Startdate Month' is clicked on

2018-11-22 22:47:45 - [MESSAGE][PASSED] - Object: 'Object Repository/Final Object Repo/New Registration - Registration Module Pages/Form 2/Select Socso Employement Startdate Month' is clicked on

2018-11-22 22:47:45 - [TEST_STEP][PASSED] - delay: Delayed 2 second(s)

2018-11-22 22:47:47 - [MESSAGE][PASSED] - Delayed 2 second(s)

2018-11-22 22:47:47 - [TEST_STEP][PASSED] - click: Object: 'Object Repository/Final Object Repo/New Registration - Registration Module Pages/Form 2/Socso Employment StartDate Year' is clicked on

2018-11-22 22:47:47 - [MESSAGE][PASSED] - Object: 'Object Repository/Final Object Repo/New Registration - Registration Module Pages/Form 2/Socso Employment StartDate Year' is clicked on

2018-11-22 22:47:47 - [TEST_STEP][PASSED] - delay: Delayed 1 second(s)

2018-11-22 22:47:48 - [MESSAGE][PASSED] - Delayed 1 second(s)

2018-11-22 22:47:48 - [TEST_STEP][PASSED] - click: Object: 'Object Repository/Final Object Repo/New Registration - Registration Module Pages/Form 2/Select Socso Employment Startdate Year' is clicked on

2018-11-22 22:47:48 - [MESSAGE][PASSED] - Object: 'Object Repository/Final Object Repo/New Registration - Registration Module Pages/Form 2/Select Socso Employment Startdate Year' is clicked on

2018-11-22 22:47:48 - [TEST_STEP][PASSED] - delay: Delayed 2 second(s)

2018-11-22 22:47:50 - [MESSAGE][PASSED] - Delayed 2 second(s)

2018-11-22 22:47:50 - [TEST_STEP][PASSED] - click: Object: 'Object Repository/Final Object Repo/New Registration - Registration Module Pages/Form 2/Socso Employment Start Date Day' is clicked on

2018-11-22 22:47:50 - [MESSAGE][PASSED] - Object: 'Object Repository/Final Object Repo/New Registration - Registration Module Pages/Form 2/Socso Employment Start Date Day' is clicked on

2018-11-22 22:47:50 - [TEST_STEP][PASSED] - delay: Delayed 2 second(s)

2018-11-22 22:47:52 - [MESSAGE][PASSED] - Delayed 2 second(s)

2018-11-22 22:47:52 - [TEST_STEP][PASSED] - click: Object: 'Object Repository/Final Object Repo/New Registration - Registration Module Pages/Form 2/Save Button for Add Employee' is clicked on

2018-11-22 22:47:52 - [MESSAGE][PASSED] - Object: 'Object Repository/Final Object Repo/New Registration - Registration Module Pages/Form 2/Save Button for Add Employee' is clicked on

2018-11-22 22:47:52 - [TEST_STEP][PASSED] - delay: Delayed 6 second(s)

2018-11-22 22:47:58 - [MESSAGE][PASSED] - Delayed 6 second(s)

2018-11-22 22:47:58 - [TEST_STEP][PASSED] - click: Object: 'Object Repository/Final Object Repo/New Registration - Registration Module Pages/Form 2/Save and Continue Form 2' is clicked on

2018-11-22 22:47:58 - [MESSAGE][PASSED] - Object: 'Object Repository/Final Object Repo/New Registration - Registration Module Pages/Form 2/Save and Continue Form 2' is clicked on

2018-11-22 22:47:58 - [MESSAGE][PASSED] - Call Test Case 'Test Cases/Final Aug 2018 - PKS Automation/Registration Module/New Registration/Form 2/Add 1 Eligible' successfully

2018-11-22 22:47:58 - [TEST_STEP][PASSED] - callTestCase: Call Test Case 'Test Cases/Final Aug 2018 - PKS Automation/Registration Module/New Registration/Flow of New Registration/Third Screen - Upload Supporting Doc - Preview' successfully

2018-11-22 22:47:58 - [TEST_CASE][PASSED] - Test Cases/Final Aug 2018 - PKS Automation/Registration Module/New Registration/Flow of New Registration/Third Screen - Upload Supporting Doc - Preview: Test Cases/Final Aug 2018 - PKS Automation/Registration Module/New Registration/Flow of New Registration/Third Screen - Upload Supporting Doc - Preview

2018-11-22 22:47:59 - [TEST_STEP][PASSED] - waitForPageLoad: Wait for page load successfully

2018-11-22 22:47:59 - [MESSAGE][PASSED] - Wait for page load successfully

2018-11-22 22:47:59 - [TEST_STEP][PASSED] - Statement - CaseReferenceNo = com.kms.katalon.core.webui.keyword.WebUiBuiltInKeywords.getText(com.kms.katalon.core.testobject.ObjectRepository.findTestObject(Final Object Repo/New Registration - Registration Module Pages/Third Screen - Upload Supporting Doc- Preview/RefNo Acquiring)): Text of object 'Object Repository/Final Object Repo/New Registration - Registration Module Pages/Third Screen - Upload Supporting Doc- Preview/RefNo Acquiring' is: 'CRN11201800122705'

2018-11-22 22:47:59 - [MESSAGE][PASSED] - Text of object 'Object Repository/Final Object Repo/New Registration - Registration Module Pages/Third Screen - Upload Supporting Doc- Preview/RefNo Acquiring' is: 'CRN11201800122705'

2018-11-22 22:47:59 - [TEST_STEP][PASSED] - delay: Delayed 2 second(s)

2018-11-22 22:48:01 - [MESSAGE][PASSED] - Delayed 2 second(s)

2018-11-22 22:48:01 - [TEST_STEP][PASSED] - callTestCase: Call Test Case 'Test Cases/Final Aug 2018 - PKS Automation/Common/Reference Number Setter' successfully

2018-11-22 22:48:01 - [TEST_CASE][PASSED] - Test Cases/Final Aug 2018 - PKS Automation/Common/Reference Number Setter: Test Cases/Final Aug 2018 - PKS Automation/Common/Reference Number Setter

2018-11-22 22:48:01 - [TEST_STEP][PASSED] - Statement - RefNoOldFile = new java.io.File(C://Users//Admin//Desktop//PKS//Automation Reference Point//KatalonReference.txt): null

2018-11-22 22:48:01 - [TEST_STEP][PASSED] - Statement - RefNoOldFile.delete(): null

2018-11-22 22:48:01 - [TEST_STEP][PASSED] - delay: Delayed 5 second(s)

2018-11-22 22:48:06 - [MESSAGE][PASSED] - Delayed 5 second(s)

2018-11-22 22:48:06 - [TEST_STEP][PASSED] - Statement - RefNo = new java.io.File(C://Users//Admin//Desktop//PKS//Automation Reference Point//KatalonReference.txt): null

2018-11-22 22:48:06 - [TEST_STEP][PASSED] - Statement - f2 = new java.io.FileWriter(RefNo, false): null

2018-11-22 22:48:06 - [TEST_STEP][PASSED] - Statement - f2.write(CaseReferenceNo): null

2018-11-22 22:48:06 - [TEST_STEP][PASSED] - Statement - f2.close(): null

2018-11-22 22:48:06 - [TEST_STEP][PASSED] - Statement - out.println("


" + CaseReferenceNo + "


"): null

2018-11-22 22:48:06 - [MESSAGE][PASSED] - Call Test Case 'Test Cases/Final Aug 2018 - PKS Automation/Common/Reference Number Setter' successfully

2018-11-22 22:48:06 - [TEST_STEP][PASSED] - waitForElementClickable: Object 'Object Repository/Final Object Repo/New Registration - Registration Module Pages/Third Screen - Upload Supporting Doc- Preview/Save n Continue in SIP Employee Listing Page' is clickable

2018-11-22 22:48:06 - [MESSAGE][PASSED] - Object 'Object Repository/Final Object Repo/New Registration - Registration Module Pages/Third Screen - Upload Supporting Doc- Preview/Save n Continue in SIP Employee Listing Page' is clickable

2018-11-22 22:48:06 - [TEST_STEP][PASSED] - click: Object: 'Object Repository/Final Object Repo/New Registration - Registration Module Pages/Third Screen - Upload Supporting Doc- Preview/Save n Continue in SIP Employee Listing Page' is clicked on

2018-11-22 22:48:12 - [MESSAGE][PASSED] - Object: 'Object Repository/Final Object Repo/New Registration - Registration Module Pages/Third Screen - Upload Supporting Doc- Preview/Save n Continue in SIP Employee Listing Page' is clicked on

2018-11-22 22:48:12 - [TEST_STEP][PASSED] - delay: Delayed 7 second(s)

2018-11-22 22:48:19 - [MESSAGE][PASSED] - Delayed 7 second(s)

2018-11-22 22:48:19 - [TEST_STEP][PASSED] - click: Object: 'Object Repository/Final Object Repo/New Registration - Registration Module Pages/Third Screen - Upload Supporting Doc- Preview/Add Document Button' is clicked on

2018-11-22 22:48:19 - [MESSAGE][PASSED] - Object: 'Object Repository/Final Object Repo/New Registration - Registration Module Pages/Third Screen - Upload Supporting Doc- Preview/Add Document Button' is clicked on

2018-11-22 22:48:19 - [TEST_STEP][PASSED] - delay: Delayed 30 second(s)

2018-11-22 22:48:49 - [MESSAGE][PASSED] - Delayed 30 second(s)

2018-11-22 22:48:49 - [TEST_STEP][PASSED] - click: Object: 'Object Repository/Final Object Repo/New Registration - Registration Module Pages/Third Screen - Upload Supporting Doc- Preview/Supporting Doc Please Select Drop Down' is clicked on

2018-11-22 22:48:49 - [MESSAGE][PASSED] - Object: 'Object Repository/Final Object Repo/New Registration - Registration Module Pages/Third Screen - Upload Supporting Doc- Preview/Supporting Doc Please Select Drop Down' is clicked on

2018-11-22 22:48:49 - [TEST_STEP][PASSED] - delay: Delayed 2 second(s)

2018-11-22 22:48:51 - [MESSAGE][PASSED] - Delayed 2 second(s)

2018-11-22 22:48:51 - [TEST_STEP][PASSED] - click: Object: 'Object Repository/Final Object Repo/New Registration - Registration Module Pages/Third Screen - Upload Supporting Doc- Preview/Select to Upload Form 1' is clicked on

2018-11-22 22:48:51 - [MESSAGE][PASSED] - Object: 'Object Repository/Final Object Repo/New Registration - Registration Module Pages/Third Screen - Upload Supporting Doc- Preview/Select to Upload Form 1' is clicked on

2018-11-22 22:48:51 - [TEST_STEP][PASSED] - delay: Delayed 2 second(s)

2018-11-22 22:48:53 - [MESSAGE][PASSED] - Delayed 2 second(s)

2018-11-22 22:48:53 - [TEST_STEP][PASSED] - uploadFile: File 'C:\Users\Public\Pictures\Sample Pictures\Koala.jpg' sent to object: 'Object Repository/Final Object Repo/New Registration - Registration Module Pages/Third Screen - Upload Supporting Doc- Preview/Upload File Adding'

2018-11-22 22:48:53 - [MESSAGE][PASSED] - File 'C:\Users\Public\Pictures\Sample Pictures\Koala.jpg' sent to object: 'Object Repository/Final Object Repo/New Registration - Registration Module Pages/Third Screen - Upload Supporting Doc- Preview/Upload File Adding'

2018-11-22 22:48:53 - [TEST_STEP][PASSED] - delay: Delayed 5 second(s)

2018-11-22 22:48:58 - [MESSAGE][PASSED] - Delayed 5 second(s)

2018-11-22 22:48:58 - [TEST_STEP][PASSED] - click: Object: 'Object Repository/Final Object Repo/New Registration - Registration Module Pages/Third Screen - Upload Supporting Doc- Preview/Inner Form Add Document Button' is clicked on

2018-11-22 22:48:59 - [MESSAGE][PASSED] - Object: 'Object Repository/Final Object Repo/New Registration - Registration Module Pages/Third Screen - Upload Supporting Doc- Preview/Inner Form Add Document Button' is clicked on

2018-11-22 22:48:59 - [TEST_STEP][PASSED] - delay: Delayed 3 second(s)

2018-11-22 22:49:02 - [MESSAGE][PASSED] - Delayed 3 second(s)

2018-11-22 22:49:02 - [TEST_STEP][PASSED] - click: Object: 'Object Repository/Final Object Repo/New Registration - Registration Module Pages/Third Screen - Upload Supporting Doc- Preview/Add Document Button' is clicked on

2018-11-22 22:49:03 - [MESSAGE][PASSED] - Object: 'Object Repository/Final Object Repo/New Registration - Registration Module Pages/Third Screen - Upload Supporting Doc- Preview/Add Document Button' is clicked on

2018-11-22 22:49:03 - [TEST_STEP][PASSED] - delay: Delayed 30 second(s)

2018-11-22 22:49:33 - [MESSAGE][PASSED] - Delayed 30 second(s)

2018-11-22 22:49:33 - [TEST_STEP][PASSED] - click: Object: 'Object Repository/Final Object Repo/New Registration - Registration Module Pages/Third Screen - Upload Supporting Doc- Preview/Supporting Doc Please Select Drop Down' is clicked on

2018-11-22 22:49:33 - [MESSAGE][PASSED] - Object: 'Object Repository/Final Object Repo/New Registration - Registration Module Pages/Third Screen - Upload Supporting Doc- Preview/Supporting Doc Please Select Drop Down' is clicked on

2018-11-22 22:49:33 - [TEST_STEP][PASSED] - delay: Delayed 2 second(s)

2018-11-22 22:49:35 - [MESSAGE][PASSED] - Delayed 2 second(s)

2018-11-22 22:49:35 - [TEST_STEP][PASSED] - click: Object: 'Object Repository/Final Object Repo/New Registration - Registration Module Pages/Third Screen - Upload Supporting Doc- Preview/Select to Upload Form 2' is clicked on

2018-11-22 22:49:35 - [MESSAGE][PASSED] - Object: 'Object Repository/Final Object Repo/New Registration - Registration Module Pages/Third Screen - Upload Supporting Doc- Preview/Select to Upload Form 2' is clicked on

2018-11-22 22:49:35 - [TEST_STEP][PASSED] - delay: Delayed 2 second(s)

2018-11-22 22:49:37 - [MESSAGE][PASSED] - Delayed 2 second(s)

2018-11-22 22:49:37 - [TEST_STEP][PASSED] - uploadFile: File 'C:\Users\Public\Pictures\Sample Pictures\Koala.jpg' sent to object: 'Object Repository/Final Object Repo/New Registration - Registration Module Pages/Third Screen - Upload Supporting Doc- Preview/Upload File Adding'

2018-11-22 22:49:37 - [MESSAGE][PASSED] - File 'C:\Users\Public\Pictures\Sample Pictures\Koala.jpg' sent to object: 'Object Repository/Final Object Repo/New Registration - Registration Module Pages/Third Screen - Upload Supporting Doc- Preview/Upload File Adding'

2018-11-22 22:49:37 - [TEST_STEP][PASSED] - click: Object: 'Object Repository/Final Object Repo/New Registration - Registration Module Pages/Third Screen - Upload Supporting Doc- Preview/Inner Form Add Document Button' is clicked on

2018-11-22 22:49:38 - [MESSAGE][PASSED] - Object: 'Object Repository/Final Object Repo/New Registration - Registration Module Pages/Third Screen - Upload Supporting Doc- Preview/Inner Form Add Document Button' is clicked on

2018-11-22 22:49:38 - [TEST_STEP][PASSED] - delay: Delayed 5 second(s)

2018-11-22 22:49:43 - [MESSAGE][PASSED] - Delayed 5 second(s)

2018-11-22 22:49:43 - [TEST_STEP][PASSED] - click: Object: 'Object Repository/Final Object Repo/New Registration - Registration Module Pages/Third Screen - Upload Supporting Doc- Preview/Add Document Button' is clicked on

2018-11-22 22:49:43 - [MESSAGE][PASSED] - Object: 'Object Repository/Final Object Repo/New Registration - Registration Module Pages/Third Screen - Upload Supporting Doc- Preview/Add Document Button' is clicked on

2018-11-22 22:49:43 - [TEST_STEP][PASSED] - delay: Delayed 30 second(s)

2018-11-22 22:50:13 - [MESSAGE][PASSED] - Delayed 30 second(s)

2018-11-22 22:50:13 - [TEST_STEP][PASSED] - click: Object: 'Object Repository/Final Object Repo/New Registration - Registration Module Pages/Third Screen - Upload Supporting Doc- Preview/Supporting Doc Please Select Drop Down' is clicked on

2018-11-22 22:50:13 - [MESSAGE][PASSED] - Object: 'Object Repository/Final Object Repo/New Registration - Registration Module Pages/Third Screen - Upload Supporting Doc- Preview/Supporting Doc Please Select Drop Down' is clicked on

2018-11-22 22:50:13 - [TEST_STEP][PASSED] - click: Object: 'Object Repository/Final Object Repo/New Registration - Registration Module Pages/Third Screen - Upload Supporting Doc- Preview/Select to Upload Borang SIP 1' is clicked on

2018-11-22 22:50:13 - [MESSAGE][PASSED] - Object: 'Object Repository/Final Object Repo/New Registration - Registration Module Pages/Third Screen - Upload Supporting Doc- Preview/Select to Upload Borang SIP 1' is clicked on

2018-11-22 22:50:13 - [TEST_STEP][PASSED] - delay: Delayed 2 second(s)

2018-11-22 22:50:15 - [MESSAGE][PASSED] - Delayed 2 second(s)

2018-11-22 22:50:15 - [TEST_STEP][PASSED] - uploadFile: File 'C:\Users\Public\Pictures\Sample Pictures\Koala.jpg' sent to object: 'Object Repository/Final Object Repo/New Registration - Registration Module Pages/Third Screen - Upload Supporting Doc- Preview/Upload File Adding'

2018-11-22 22:50:15 - [MESSAGE][PASSED] - File 'C:\Users\Public\Pictures\Sample Pictures\Koala.jpg' sent to object: 'Object Repository/Final Object Repo/New Registration - Registration Module Pages/Third Screen - Upload Supporting Doc- Preview/Upload File Adding'

2018-11-22 22:50:15 - [TEST_STEP][PASSED] - click: Object: 'Object Repository/Final Object Repo/New Registration - Registration Module Pages/Third Screen - Upload Supporting Doc- Preview/Inner Form Add Document Button' is clicked on

2018-11-22 22:50:15 - [MESSAGE][PASSED] - Object: 'Object Repository/Final Object Repo/New Registration - Registration Module Pages/Third Screen - Upload Supporting Doc- Preview/Inner Form Add Document Button' is clicked on

2018-11-22 22:50:15 - [TEST_STEP][PASSED] - delay: Delayed 5 second(s)

2018-11-22 22:50:20 - [MESSAGE][PASSED] - Delayed 5 second(s)

2018-11-22 22:50:20 - [TEST_STEP][PASSED] - click: Object: 'Object Repository/Final Object Repo/New Registration - Registration Module Pages/Third Screen - Upload Supporting Doc- Preview/Add Document Button' is clicked on

2018-11-22 22:50:21 - [MESSAGE][PASSED] - Object: 'Object Repository/Final Object Repo/New Registration - Registration Module Pages/Third Screen - Upload Supporting Doc- Preview/Add Document Button' is clicked on

2018-11-22 22:50:21 - [TEST_STEP][PASSED] - delay: Delayed 30 second(s)

2018-11-22 22:50:51 - [MESSAGE][PASSED] - Delayed 30 second(s)

2018-11-22 22:50:51 - [TEST_STEP][PASSED] - click: Object: 'Object Repository/Final Object Repo/New Registration - Registration Module Pages/Third Screen - Upload Supporting Doc- Preview/Supporting Doc Please Select Drop Down' is clicked on

2018-11-22 22:50:51 - [MESSAGE][PASSED] - Object: 'Object Repository/Final Object Repo/New Registration - Registration Module Pages/Third Screen - Upload Supporting Doc- Preview/Supporting Doc Please Select Drop Down' is clicked on

2018-11-22 22:50:51 - [TEST_STEP][PASSED] - delay: Delayed 3 second(s)

2018-11-22 22:50:54 - [MESSAGE][PASSED] - Delayed 3 second(s)

2018-11-22 22:50:54 - [TEST_STEP][PASSED] - click: Object: 'Object Repository/Final Object Repo/New Registration - Registration Module Pages/Third Screen - Upload Supporting Doc- Preview/Select to Upload Borang SIP 2' is clicked on

2018-11-22 22:50:54 - [MESSAGE][PASSED] - Object: 'Object Repository/Final Object Repo/New Registration - Registration Module Pages/Third Screen - Upload Supporting Doc- Preview/Select to Upload Borang SIP 2' is clicked on

2018-11-22 22:50:54 - [TEST_STEP][PASSED] - delay: Delayed 2 second(s)

2018-11-22 22:50:56 - [MESSAGE][PASSED] - Delayed 2 second(s)

2018-11-22 22:50:56 - [TEST_STEP][PASSED] - uploadFile: File 'C:\Users\Public\Pictures\Sample Pictures\Koala.jpg' sent to object: 'Object Repository/Final Object Repo/New Registration - Registration Module Pages/Third Screen - Upload Supporting Doc- Preview/Upload File Adding'

2018-11-22 22:50:56 - [MESSAGE][PASSED] - File 'C:\Users\Public\Pictures\Sample Pictures\Koala.jpg' sent to object: 'Object Repository/Final Object Repo/New Registration - Registration Module Pages/Third Screen - Upload Supporting Doc- Preview/Upload File Adding'

2018-11-22 22:50:56 - [TEST_STEP][PASSED] - delay: Delayed 5 second(s)

2018-11-22 22:51:01 - [MESSAGE][PASSED] - Delayed 5 second(s)

2018-11-22 22:51:01 - [TEST_STEP][PASSED] - click: Object: 'Object Repository/Final Object Repo/New Registration - Registration Module Pages/Third Screen - Upload Supporting Doc- Preview/Inner Form Add Document Button' is clicked on

2018-11-22 22:51:01 - [MESSAGE][PASSED] - Object: 'Object Repository/Final Object Repo/New Registration - Registration Module Pages/Third Screen - Upload Supporting Doc- Preview/Inner Form Add Document Button' is clicked on

2018-11-22 22:51:01 - [TEST_STEP][PASSED] - delay: Delayed 3 second(s)

2018-11-22 22:51:04 - [MESSAGE][PASSED] - Delayed 3 second(s)

2018-11-22 22:51:04 - [TEST_STEP][PASSED] - waitForElementClickable: Object 'Object Repository/Final Object Repo/New Registration - Registration Module Pages/Third Screen - Upload Supporting Doc- Preview/Save n Continue in Uploading Supporting Doc Page' is clickable

2018-11-22 22:51:05 - [MESSAGE][PASSED] - Object 'Object Repository/Final Object Repo/New Registration - Registration Module Pages/Third Screen - Upload Supporting Doc- Preview/Save n Continue in Uploading Supporting Doc Page' is clickable

2018-11-22 22:51:05 - [TEST_STEP][PASSED] - click: Object: 'Object Repository/Final Object Repo/New Registration - Registration Module Pages/Third Screen - Upload Supporting Doc- Preview/Save n Continue in Uploading Supporting Doc Page' is clicked on

2018-11-22 22:51:06 - [MESSAGE][PASSED] - Object: 'Object Repository/Final Object Repo/New Registration - Registration Module Pages/Third Screen - Upload Supporting Doc- Preview/Save n Continue in Uploading Supporting Doc Page' is clicked on

2018-11-22 22:51:06 - [MESSAGE][PASSED] - Call Test Case 'Test Cases/Final Aug 2018 - PKS Automation/Registration Module/New Registration/Flow of New Registration/Third Screen - Upload Supporting Doc - Preview' successfully

2018-11-22 22:51:06 - [TEST_STEP][PASSED] - callTestCase: Call Test Case 'Test Cases/Final Aug 2018 - PKS Automation/Registration Module/New Registration/Submit and Screenshot/Submit Registration and Screenshot - Copy' successfully

2018-11-22 22:51:06 - [TEST_CASE][PASSED] - Test Cases/Final Aug 2018 - PKS Automation/Registration Module/New Registration/Submit and Screenshot/Submit Registration and Screenshot - Copy: Test Cases/Final Aug 2018 - PKS Automation/Registration Module/New Registration/Submit and Screenshot/Submit Registration and Screenshot - Copy

2018-11-22 22:51:06 - [TEST_STEP][PASSED] - delay: Delayed 6 second(s)

2018-11-22 22:51:12 - [MESSAGE][PASSED] - Delayed 6 second(s)

2018-11-22 22:51:12 - [TEST_STEP][PASSED] - click: Object: 'Object Repository/Final Object Repo/New Registration - Registration Module Pages/Third Screen - Upload Supporting Doc- Preview/Preview Submit Button' is clicked on

2018-11-22 22:51:12 - [MESSAGE][PASSED] - Object: 'Object Repository/Final Object Repo/New Registration - Registration Module Pages/Third Screen - Upload Supporting Doc- Preview/Preview Submit Button' is clicked on

2018-11-22 22:51:12 - [TEST_STEP][PASSED] - delay: Delayed 2 second(s)

2018-11-22 22:51:14 - [MESSAGE][PASSED] - Delayed 2 second(s)

2018-11-22 22:51:14 - [TEST_STEP][PASSED] - click: Object: 'Object Repository/Final Object Repo/New Registration - Registration Module Pages/Third Screen - Upload Supporting Doc- Preview/Preview Submit - Confirm' is clicked on

2018-11-22 22:51:14 - [MESSAGE][PASSED] - Object: 'Object Repository/Final Object Repo/New Registration - Registration Module Pages/Third Screen - Upload Supporting Doc- Preview/Preview Submit - Confirm' is clicked on

2018-11-22 22:51:14 - [TEST_STEP][PASSED] - delay: Delayed 15 second(s)

2018-11-22 22:51:29 - [MESSAGE][PASSED] - Delayed 15 second(s)

2018-11-22 22:51:29 - [TEST_STEP][PASSED] - Statement - driver = com.kms.katalon.core.webui.driver.DriverFactory.getWebDriver(): null

2018-11-22 22:51:29 - [TEST_STEP][PASSED] - Statement - driver.manage().timeouts().implicitlyWait(10, SECONDS): null

2018-11-22 22:51:29 - [TEST_STEP][PASSED] - Statement - PresavePath = KatalonScreenshots: null

2018-11-22 22:51:29 - [TEST_STEP][PASSED] - Statement - pathPrefix = "C:\Users\Public\Pictures\Sample Pictures\Katalon Screenshots\Automate Ending Screen": null

2018-11-22 22:51:29 - [TEST_STEP][PASSED] - Statement - finalPath = <not implemented yet for class: org.codehaus.groovy.ast.expr.EmptyExpression>: null

2018-11-22 22:51:29 - [TEST_STEP][PASSED] - Statement - scrFile = driver.getScreenshotAs(FILE): null

2018-11-22 22:51:29 - [TEST_STEP][PASSED] - Statement - PreSaveFile = new java.io.File(PresavePath): null

2018-11-22 22:51:29 - [TEST_STEP][PASSED] - Statement - counter = 0: null

2018-11-22 22:51:29 - [TEST_STEP][PASSED] - Statement - If (PreSaveFile.exists()): null

2018-11-22 22:51:29 - [TEST_STEP][PASSED] - Statement - While (PreSaveFile.exists()): null

2018-11-22 22:51:29 - [TEST_STEP][PASSED] - Statement - counter = counter + 1: null

2018-11-22 22:51:29 - [TEST_STEP][PASSED] - Statement - PreSaveFile = new java.io.File(((pathPrefix + java.lang.Integer.toString(counter)) + .png)): null

2018-11-22 22:51:29 - [TEST_STEP][PASSED] - Statement - counter = counter + 1: null

2018-11-22 22:51:29 - [TEST_STEP][PASSED] - Statement - PreSaveFile = new java.io.File(((pathPrefix + java.lang.Integer.toString(counter)) + .png)): null

2018-11-22 22:51:29 - [TEST_STEP][PASSED] - Statement - counter = counter + 1: null

2018-11-22 22:51:29 - [TEST_STEP][PASSED] - Statement - PreSaveFile = new java.io.File(((pathPrefix + java.lang.Integer.toString(counter)) + .png)): null

2018-11-22 22:51:29 - [TEST_STEP][PASSED] - Statement - counter = counter + 1: null

2018-11-22 22:51:29 - [TEST_STEP][PASSED] - Statement - PreSaveFile = new java.io.File(((pathPrefix + java.lang.Integer.toString(counter)) + .png)): null

2018-11-22 22:51:29 - [TEST_STEP][PASSED] - Statement - counter = counter + 1: null

2018-11-22 22:51:29 - [TEST_STEP][PASSED] - Statement - PreSaveFile = new java.io.File(((pathPrefix + java.lang.Integer.toString(counter)) + .png)): null

2018-11-22 22:51:29 - [TEST_STEP][PASSED] - Statement - counter = counter + 1: null

2018-11-22 22:51:29 - [TEST_STEP][PASSED] - Statement - PreSaveFile = new java.io.File(((pathPrefix + java.lang.Integer.toString(counter)) + .png)): null

2018-11-22 22:51:29 - [TEST_STEP][PASSED] - Statement - counter = counter + 1: null

2018-11-22 22:51:29 - [TEST_STEP][PASSED] - Statement - PreSaveFile = new java.io.File(((pathPrefix + java.lang.Integer.toString(counter)) + .png)): null

2018-11-22 22:51:29 - [TEST_STEP][PASSED] - Statement - counter = counter + 1: null

2018-11-22 22:51:29 - [TEST_STEP][PASSED] - Statement - PreSaveFile = new java.io.File(((pathPrefix + java.lang.Integer.toString(counter)) + .png)): null

2018-11-22 22:51:29 - [TEST_STEP][PASSED] - Statement - counter = counter + 1: null

2018-11-22 22:51:29 - [TEST_STEP][PASSED] - Statement - PreSaveFile = new java.io.File(((pathPrefix + java.lang.Integer.toString(counter)) + .png)): null

2018-11-22 22:51:29 - [TEST_STEP][PASSED] - Statement - counter = counter + 1: null

2018-11-22 22:51:29 - [TEST_STEP][PASSED] - Statement - PreSaveFile = new java.io.File(((pathPrefix + java.lang.Integer.toString(counter)) + .png)): null

2018-11-22 22:51:29 - [TEST_STEP][PASSED] - Statement - counter = counter + 1: null

2018-11-22 22:51:29 - [TEST_STEP][PASSED] - Statement - PreSaveFile = new java.io.File(((pathPrefix + java.lang.Integer.toString(counter)) + .png)): null

2018-11-22 22:51:29 - [TEST_STEP][PASSED] - Statement - counter = counter + 1: null

2018-11-22 22:51:29 - [TEST_STEP][PASSED] - Statement - PreSaveFile = new java.io.File(((pathPrefix + java.lang.Integer.toString(counter)) + .png)): null

2018-11-22 22:51:29 - [TEST_STEP][PASSED] - Statement - counter = counter + 1: null

2018-11-22 22:51:29 - [TEST_STEP][PASSED] - Statement - PreSaveFile = new java.io.File(((pathPrefix + java.lang.Integer.toString(counter)) + .png)): null

2018-11-22 22:51:29 - [TEST_STEP][PASSED] - Statement - counter = counter + 1: null

2018-11-22 22:51:29 - [TEST_STEP][PASSED] - Statement - PreSaveFile = new java.io.File(((pathPrefix + java.lang.Integer.toString(counter)) + .png)): null

2018-11-22 22:51:29 - [TEST_STEP][PASSED] - Statement - counter = counter + 1: null

2018-11-22 22:51:29 - [TEST_STEP][PASSED] - Statement - PreSaveFile = new java.io.File(((pathPrefix + java.lang.Integer.toString(counter)) + .png)): null

2018-11-22 22:51:29 - [TEST_STEP][PASSED] - Statement - counter = counter + 1: null

2018-11-22 22:51:29 - [TEST_STEP][PASSED] - Statement - PreSaveFile = new java.io.File(((pathPrefix + java.lang.Integer.toString(counter)) + .png)): null

2018-11-22 22:51:29 - [TEST_STEP][PASSED] - Statement - counter = counter + 1: null

2018-11-22 22:51:29 - [TEST_STEP][PASSED] - Statement - PreSaveFile = new java.io.File(((pathPrefix + java.lang.Integer.toString(counter)) + .png)): null

2018-11-22 22:51:29 - [TEST_STEP][PASSED] - Statement - counter = counter + 1: null

2018-11-22 22:51:29 - [TEST_STEP][PASSED] - Statement - PreSaveFile = new java.io.File(((pathPrefix + java.lang.Integer.toString(counter)) + .png)): null

2018-11-22 22:51:29 - [TEST_STEP][PASSED] - Statement - counter = counter + 1: null

2018-11-22 22:51:29 - [TEST_STEP][PASSED] - Statement - PreSaveFile = new java.io.File(((pathPrefix + java.lang.Integer.toString(counter)) + .png)): null

2018-11-22 22:51:29 - [TEST_STEP][PASSED] - Statement - counter = counter + 1: null

2018-11-22 22:51:29 - [TEST_STEP][PASSED] - Statement - PreSaveFile = new java.io.File(((pathPrefix + java.lang.Integer.toString(counter)) + .png)): null

2018-11-22 22:51:29 - [TEST_STEP][PASSED] - Statement - counter = counter + 1: null

2018-11-22 22:51:29 - [TEST_STEP][PASSED] - Statement - PreSaveFile = new java.io.File(((pathPrefix + java.lang.Integer.toString(counter)) + .png)): null

2018-11-22 22:51:29 - [TEST_STEP][PASSED] - Statement - counter = counter + 1: null

2018-11-22 22:51:29 - [TEST_STEP][PASSED] - Statement - PreSaveFile = new java.io.File(((pathPrefix + java.lang.Integer.toString(counter)) + .png)): null

2018-11-22 22:51:29 - [TEST_STEP][PASSED] - Statement - counter = counter + 1: null

2018-11-22 22:51:29 - [TEST_STEP][PASSED] - Statement - PreSaveFile = new java.io.File(((pathPrefix + java.lang.Integer.toString(counter)) + .png)): null

2018-11-22 22:51:29 - [TEST_STEP][PASSED] - Statement - counter = counter + 1: null

2018-11-22 22:51:29 - [TEST_STEP][PASSED] - Statement - PreSaveFile = new java.io.File(((pathPrefix + java.lang.Integer.toString(counter)) + .png)): null

2018-11-22 22:51:29 - [TEST_STEP][PASSED] - Statement - counter = counter + 1: null

2018-11-22 22:51:29 - [TEST_STEP][PASSED] - Statement - PreSaveFile = new java.io.File(((pathPrefix + java.lang.Integer.toString(counter)) + .png)): null

2018-11-22 22:51:29 - [TEST_STEP][PASSED] - Statement - counter = counter + 1: null

2018-11-22 22:51:29 - [TEST_STEP][PASSED] - Statement - PreSaveFile = new java.io.File(((pathPrefix + java.lang.Integer.toString(counter)) + .png)): null

2018-11-22 22:51:29 - [TEST_STEP][PASSED] - Statement - counter = counter + 1: null

2018-11-22 22:51:29 - [TEST_STEP][PASSED] - Statement - PreSaveFile = new java.io.File(((pathPrefix + java.lang.Integer.toString(counter)) + .png)): null

2018-11-22 22:51:29 - [TEST_STEP][PASSED] - Statement - counter = counter + 1: null

2018-11-22 22:51:29 - [TEST_STEP][PASSED] - Statement - PreSaveFile = new java.io.File(((pathPrefix + java.lang.Integer.toString(counter)) + .png)): null

2018-11-22 22:51:29 - [TEST_STEP][PASSED] - Statement - counter = counter + 1: null

2018-11-22 22:51:29 - [TEST_STEP][PASSED] - Statement - PreSaveFile = new java.io.File(((pathPrefix + java.lang.Integer.toString(counter)) + .png)): null

2018-11-22 22:51:29 - [TEST_STEP][PASSED] - Statement - counter = counter + 1: null

2018-11-22 22:51:29 - [TEST_STEP][PASSED] - Statement - PreSaveFile = new java.io.File(((pathPrefix + java.lang.Integer.toString(counter)) + .png)): null

2018-11-22 22:51:29 - [TEST_STEP][PASSED] - Statement - counter = counter + 1: null

2018-11-22 22:51:29 - [TEST_STEP][PASSED] - Statement - PreSaveFile = new java.io.File(((pathPrefix + java.lang.Integer.toString(counter)) + .png)): null

2018-11-22 22:51:29 - [TEST_STEP][PASSED] - Statement - counter = counter + 1: null

2018-11-22 22:51:29 - [TEST_STEP][PASSED] - Statement - PreSaveFile = new java.io.File(((pathPrefix + java.lang.Integer.toString(counter)) + .png)): null

2018-11-22 22:51:29 - [TEST_STEP][PASSED] - Statement - counter = counter + 1: null

2018-11-22 22:51:29 - [TEST_STEP][PASSED] - Statement - PreSaveFile = new java.io.File(((pathPrefix + java.lang.Integer.toString(counter)) + .png)): null

2018-11-22 22:51:29 - [TEST_STEP][PASSED] - Statement - counter = counter + 1: null

2018-11-22 22:51:29 - [TEST_STEP][PASSED] - Statement - PreSaveFile = new java.io.File(((pathPrefix + java.lang.Integer.toString(counter)) + .png)): null

2018-11-22 22:51:29 - [TEST_STEP][PASSED] - Statement - counter = counter + 1: null

2018-11-22 22:51:29 - [TEST_STEP][PASSED] - Statement - PreSaveFile = new java.io.File(((pathPrefix + java.lang.Integer.toString(counter)) + .png)): null

2018-11-22 22:51:29 - [TEST_STEP][PASSED] - Statement - counter = counter + 1: null

2018-11-22 22:51:29 - [TEST_STEP][PASSED] - Statement - PreSaveFile = new java.io.File(((pathPrefix + java.lang.Integer.toString(counter)) + .png)): null

2018-11-22 22:51:29 - [TEST_STEP][PASSED] - Statement - counter = counter + 1: null

2018-11-22 22:51:29 - [TEST_STEP][PASSED] - Statement - PreSaveFile = new java.io.File(((pathPrefix + java.lang.Integer.toString(counter)) + .png)): null

2018-11-22 22:51:29 - [TEST_STEP][PASSED] - Statement - counter = counter + 1: null

2018-11-22 22:51:29 - [TEST_STEP][PASSED] - Statement - PreSaveFile = new java.io.File(((pathPrefix + java.lang.Integer.toString(counter)) + .png)): null

2018-11-22 22:51:29 - [TEST_STEP][PASSED] - Statement - counter = counter + 1: null

2018-11-22 22:51:29 - [TEST_STEP][PASSED] - Statement - PreSaveFile = new java.io.File(((pathPrefix + java.lang.Integer.toString(counter)) + .png)): null

2018-11-22 22:51:29 - [TEST_STEP][PASSED] - Statement - counter = counter + 1: null

2018-11-22 22:51:29 - [TEST_STEP][PASSED] - Statement - PreSaveFile = new java.io.File(((pathPrefix + java.lang.Integer.toString(counter)) + .png)): null

2018-11-22 22:51:29 - [TEST_STEP][PASSED] - Statement - counter = counter + 1: null

2018-11-22 22:51:29 - [TEST_STEP][PASSED] - Statement - PreSaveFile = new java.io.File(((pathPrefix + java.lang.Integer.toString(counter)) + .png)): null

2018-11-22 22:51:29 - [TEST_STEP][PASSED] - Statement - counter = counter + 1: null

2018-11-22 22:51:29 - [TEST_STEP][PASSED] - Statement - PreSaveFile = new java.io.File(((pathPrefix + java.lang.Integer.toString(counter)) + .png)): null

2018-11-22 22:51:29 - [TEST_STEP][PASSED] - Statement - counter = counter + 1: null

2018-11-22 22:51:29 - [TEST_STEP][PASSED] - Statement - PreSaveFile = new java.io.File(((pathPrefix + java.lang.Integer.toString(counter)) + .png)): null

2018-11-22 22:51:29 - [TEST_STEP][PASSED] - Statement - counter = counter + 1: null

2018-11-22 22:51:29 - [TEST_STEP][PASSED] - Statement - PreSaveFile = new java.io.File(((pathPrefix + java.lang.Integer.toString(counter)) + .png)): null

2018-11-22 22:51:29 - [TEST_STEP][PASSED] - Statement - counter = counter + 1: null

2018-11-22 22:51:29 - [TEST_STEP][PASSED] - Statement - PreSaveFile = new java.io.File(((pathPrefix + java.lang.Integer.toString(counter)) + .png)): null

2018-11-22 22:51:29 - [TEST_STEP][PASSED] - Statement - counter = counter + 1: null

2018-11-22 22:51:29 - [TEST_STEP][PASSED] - Statement - PreSaveFile = new java.io.File(((pathPrefix + java.lang.Integer.toString(counter)) + .png)): null

2018-11-22 22:51:29 - [TEST_STEP][PASSED] - Statement - counter = counter + 1: null

2018-11-22 22:51:29 - [TEST_STEP][PASSED] - Statement - PreSaveFile = new java.io.File(((pathPrefix + java.lang.Integer.toString(counter)) + .png)): null

2018-11-22 22:51:29 - [TEST_STEP][PASSED] - Statement - counter = counter + 1: null

2018-11-22 22:51:29 - [TEST_STEP][PASSED] - Statement - PreSaveFile = new java.io.File(((pathPrefix + java.lang.Integer.toString(counter)) + .png)): null

2018-11-22 22:51:29 - [TEST_STEP][PASSED] - Statement - counter = counter + 1: null

2018-11-22 22:51:29 - [TEST_STEP][PASSED] - Statement - PreSaveFile = new java.io.File(((pathPrefix + java.lang.Integer.toString(counter)) + .png)): null

2018-11-22 22:51:29 - [TEST_STEP][PASSED] - Statement - counter = counter + 1: null

2018-11-22 22:51:29 - [TEST_STEP][PASSED] - Statement - PreSaveFile = new java.io.File(((pathPrefix + java.lang.Integer.toString(counter)) + .png)): null

2018-11-22 22:51:29 - [TEST_STEP][PASSED] - Statement - counter = counter + 1: null

2018-11-22 22:51:29 - [TEST_STEP][PASSED] - Statement - PreSaveFile = new java.io.File(((pathPrefix + java.lang.Integer.toString(counter)) + .png)): null

2018-11-22 22:51:29 - [TEST_STEP][PASSED] - Statement - counter = counter + 1: null

2018-11-22 22:51:29 - [TEST_STEP][PASSED] - Statement - PreSaveFile = new java.io.File(((pathPrefix + java.lang.Integer.toString(counter)) + .png)): null

2018-11-22 22:51:29 - [TEST_STEP][PASSED] - Statement - counter = counter + 1: null

2018-11-22 22:51:29 - [TEST_STEP][PASSED] - Statement - PreSaveFile = new java.io.File(((pathPrefix + java.lang.Integer.toString(counter)) + .png)): null

2018-11-22 22:51:29 - [TEST_STEP][PASSED] - Statement - counter = counter + 1: null

2018-11-22 22:51:29 - [TEST_STEP][PASSED] - Statement - PreSaveFile = new java.io.File(((pathPrefix + java.lang.Integer.toString(counter)) + .png)): null

2018-11-22 22:51:29 - [TEST_STEP][PASSED] - Statement - counter = counter + 1: null

2018-11-22 22:51:29 - [TEST_STEP][PASSED] - Statement - PreSaveFile = new java.io.File(((pathPrefix + java.lang.Integer.toString(counter)) + .png)): null

2018-11-22 22:51:29 - [TEST_STEP][PASSED] - Statement - counter = counter + 1: null

2018-11-22 22:51:29 - [TEST_STEP][PASSED] - Statement - PreSaveFile = new java.io.File(((pathPrefix + java.lang.Integer.toString(counter)) + .png)): null

2018-11-22 22:51:29 - [TEST_STEP][PASSED] - Statement - counter = counter + 1: null

2018-11-22 22:51:29 - [TEST_STEP][PASSED] - Statement - PreSaveFile = new java.io.File(((pathPrefix + java.lang.Integer.toString(counter)) + .png)): null

2018-11-22 22:51:29 - [TEST_STEP][PASSED] - Statement - counter = counter + 1: null

2018-11-22 22:51:29 - [TEST_STEP][PASSED] - Statement - PreSaveFile = new java.io.File(((pathPrefix + java.lang.Integer.toString(counter)) + .png)): null

2018-11-22 22:51:29 - [TEST_STEP][PASSED] - Statement - counter = counter + 1: null

2018-11-22 22:51:29 - [TEST_STEP][PASSED] - Statement - PreSaveFile = new java.io.File(((pathPrefix + java.lang.Integer.toString(counter)) + .png)): null

2018-11-22 22:51:29 - [TEST_STEP][PASSED] - Statement - counter = counter + 1: null

2018-11-22 22:51:29 - [TEST_STEP][PASSED] - Statement - PreSaveFile = new java.io.File(((pathPrefix + java.lang.Integer.toString(counter)) + .png)): null

2018-11-22 22:51:29 - [TEST_STEP][PASSED] - Statement - counter = counter + 1: null

2018-11-22 22:51:29 - [TEST_STEP][PASSED] - Statement - PreSaveFile = new java.io.File(((pathPrefix + java.lang.Integer.toString(counter)) + .png)): null

2018-11-22 22:51:29 - [TEST_STEP][PASSED] - Statement - counter = counter + 1: null

2018-11-22 22:51:29 - [TEST_STEP][PASSED] - Statement - PreSaveFile = new java.io.File(((pathPrefix + java.lang.Integer.toString(counter)) + .png)): null

2018-11-22 22:51:29 - [TEST_STEP][PASSED] - Statement - counter = counter + 1: null

2018-11-22 22:51:29 - [TEST_STEP][PASSED] - Statement - PreSaveFile = new java.io.File(((pathPrefix + java.lang.Integer.toString(counter)) + .png)): null

2018-11-22 22:51:29 - [TEST_STEP][PASSED] - Statement - counter = counter + 1: null

2018-11-22 22:51:29 - [TEST_STEP][PASSED] - Statement - PreSaveFile = new java.io.File(((pathPrefix + java.lang.Integer.toString(counter)) + .png)): null

2018-11-22 22:51:29 - [TEST_STEP][PASSED] - Statement - counter = counter + 1: null

2018-11-22 22:51:29 - [TEST_STEP][PASSED] - Statement - PreSaveFile = new java.io.File(((pathPrefix + java.lang.Integer.toString(counter)) + .png)): null

2018-11-22 22:51:29 - [TEST_STEP][PASSED] - Statement - counter = counter + 1: null

2018-11-22 22:51:29 - [TEST_STEP][PASSED] - Statement - PreSaveFile = new java.io.File(((pathPrefix + java.lang.Integer.toString(counter)) + .png)): null

2018-11-22 22:51:29 - [TEST_STEP][PASSED] - Statement - counter = counter + 1: null

2018-11-22 22:51:29 - [TEST_STEP][PASSED] - Statement - PreSaveFile = new java.io.File(((pathPrefix + java.lang.Integer.toString(counter)) + .png)): null

2018-11-22 22:51:29 - [TEST_STEP][PASSED] - Statement - counter = counter + 1: null

2018-11-22 22:51:29 - [TEST_STEP][PASSED] - Statement - PreSaveFile = new java.io.File(((pathPrefix + java.lang.Integer.toString(counter)) + .png)): null

2018-11-22 22:51:29 - [TEST_STEP][PASSED] - Statement - counter = counter + 1: null

2018-11-22 22:51:29 - [TEST_STEP][PASSED] - Statement - PreSaveFile = new java.io.File(((pathPrefix + java.lang.Integer.toString(counter)) + .png)): null

2018-11-22 22:51:29 - [TEST_STEP][PASSED] - Statement - counter = counter + 1: null

2018-11-22 22:51:29 - [TEST_STEP][PASSED] - Statement - PreSaveFile = new java.io.File(((pathPrefix + java.lang.Integer.toString(counter)) + .png)): null

2018-11-22 22:51:29 - [TEST_STEP][PASSED] - Statement - counter = counter + 1: null

2018-11-22 22:51:29 - [TEST_STEP][PASSED] - Statement - PreSaveFile = new java.io.File(((pathPrefix + java.lang.Integer.toString(counter)) + .png)): null

2018-11-22 22:51:29 - [TEST_STEP][PASSED] - Statement - counter = counter + 1: null

2018-11-22 22:51:29 - [TEST_STEP][PASSED] - Statement - PreSaveFile = new java.io.File(((pathPrefix + java.lang.Integer.toString(counter)) + .png)): null

2018-11-22 22:51:29 - [TEST_STEP][PASSED] - Statement - counter = counter + 1: null

2018-11-22 22:51:29 - [TEST_STEP][PASSED] - Statement - PreSaveFile = new java.io.File(((pathPrefix + java.lang.Integer.toString(counter)) + .png)): null

2018-11-22 22:51:29 - [TEST_STEP][PASSED] - Statement - counter = counter + 1: null

2018-11-22 22:51:29 - [TEST_STEP][PASSED] - Statement - PreSaveFile = new java.io.File(((pathPrefix + java.lang.Integer.toString(counter)) + .png)): null

2018-11-22 22:51:29 - [TEST_STEP][PASSED] - Statement - counter = counter + 1: null

2018-11-22 22:51:29 - [TEST_STEP][PASSED] - Statement - PreSaveFile = new java.io.File(((pathPrefix + java.lang.Integer.toString(counter)) + .png)): null

2018-11-22 22:51:29 - [TEST_STEP][PASSED] - Statement - finalPath = pathPrefix + java.lang.Integer.toString(counter) + ".png": null

2018-11-22 22:51:29 - [TEST_STEP][PASSED] - Statement - SaveFile = new java.io.File(finalPath): null

2018-11-22 22:51:29 - [TEST_STEP][PASSED] - Statement - Try: null

2018-11-22 22:51:29 - [TEST_STEP][PASSED] - Statement - org.apache.commons.io.FileUtils.copyFile(scrFile, SaveFile): null

2018-11-22 22:51:30 - [TEST_STEP][PASSED] - Statement - out.println("file kept"): null

2018-11-22 22:51:30 - [TEST_STEP][PASSED] - delay: Delayed 10 second(s)

2018-11-22 22:51:40 - [MESSAGE][PASSED] - Delayed 10 second(s)

2018-11-22 22:51:40 - [MESSAGE][PASSED] - Call Test Case 'Test Cases/Final Aug 2018 - PKS Automation/Registration Module/New Registration/Submit and Screenshot/Submit Registration and Screenshot - Copy' successfully

2018-11-22 22:51:40 - [TEST_STEP][PASSED] - Statement - UpdateAddNewECode = com.kms.katalon.core.webui.keyword.WebUiBuiltInKeywords.getText(com.kms.katalon.core.testobject.ObjectRepository.findTestObject(Object Repository/Final Object Repo/Page_Update Add New Employee - ASSIST/getEmpCode)): Text of object 'Object Repository/Final Object Repo/Page_Update Add New Employee - ASSIST/getEmpCode' is: 'E1102070357P'

2018-11-22 22:51:40 - [MESSAGE][PASSED] - Text of object 'Object Repository/Final Object Repo/Page_Update Add New Employee - ASSIST/getEmpCode' is: 'E1102070357P'

2018-11-22 22:51:40 - [TEST_STEP][PASSED] - callTestCase: Call Test Case 'Test Cases/Final Aug 2018 - PKS Automation/Common/Emp Code Setter' successfully

2018-11-22 22:51:40 - [TEST_CASE][PASSED] - Test Cases/Final Aug 2018 - PKS Automation/Common/Emp Code Setter: Test Cases/Final Aug 2018 - PKS Automation/Common/Emp Code Setter

2018-11-22 22:51:40 - [TEST_STEP][PASSED] - Statement - EmpCodeOld = new java.io.File(C://Users//Admin//Desktop//PKS//Automation Reference Point//EmpCode.txt): null

2018-11-22 22:51:40 - [TEST_STEP][PASSED] - Statement - EmpCodeOld.delete(): null

2018-11-22 22:51:40 - [TEST_STEP][PASSED] - Statement - EmpCode = new java.io.File(C://Users//Admin//Desktop//PKS//Automation Reference Point//EmpCode.txt): null

2018-11-22 22:51:40 - [TEST_STEP][PASSED] - Statement - EmpCode.append(UpdateAddNewECode): null

2018-11-22 22:51:40 - [TEST_STEP][PASSED] - Statement - out.println("


" + UpdateAddNewECode + "


"): null

2018-11-22 22:51:40 - [MESSAGE][PASSED] - Call Test Case 'Test Cases/Final Aug 2018 - PKS Automation/Common/Emp Code Setter' successfully

2018-11-22 22:51:40 - [MESSAGE][PASSED] - Call Test Case 'Test Cases/Final Aug 2018 - PKS Automation/Registration Module/Workflow/Update Add New Employee/Template/New Company for Update Add New' successfully

2018-11-22 22:51:40 - [TEST_STEP][PASSED] - callTestCase: Call Test Case 'Test Cases/Final Aug 2018 - PKS Automation/Registration Module/Log Out/log out avoiding katalon tagging' successfully

2018-11-22 22:51:40 - [TEST_CASE][PASSED] - Test Cases/Final Aug 2018 - PKS Automation/Registration Module/Log Out/log out avoiding katalon tagging: Test Cases/Final Aug 2018 - PKS Automation/Registration Module/Log Out/log out avoiding katalon tagging

2018-11-22 22:51:40 - [TEST_STEP][PASSED] - navigateToUrl: Navigate to 'https://assist2-uat.perkeso.gov.my/c/portal/logout' successfully

2018-11-22 22:51:41 - [MESSAGE][PASSED] - Navigate to 'https://assist2-uat.perkeso.gov.my/c/portal/logout' successfully

2018-11-22 22:51:41 - [MESSAGE][PASSED] - Call Test Case 'Test Cases/Final Aug 2018 - PKS Automation/Registration Module/Log Out/log out avoiding katalon tagging' successfully

2018-11-22 22:51:41 - [TEST_STEP][PASSED] - callTestCase: Call Test Case 'Test Cases/Final Aug 2018 - PKS Automation/Registration Module/New Registration/Form 2/Date Updater' successfully

2018-11-22 22:51:41 - [TEST_CASE][PASSED] - Test Cases/Final Aug 2018 - PKS Automation/Registration Module/New Registration/Form 2/Date Updater: Test Cases/Final Aug 2018 - PKS Automation/Registration Module/New Registration/Form 2/Date Updater

2018-11-22 22:51:41 - [TEST_STEP][PASSED] - Statement - TodayDate = new java.util.Date(): null

2018-11-22 22:51:41 - [TEST_STEP][PASSED] - Statement - CurrentDateNoFilter = new java.text.SimpleDateFormat(): null

2018-11-22 22:51:41 - [TEST_STEP][PASSED] - Statement - CurrentDateNoFilter.applyPattern("dd"): null

2018-11-22 22:51:41 - [TEST_STEP][PASSED] - Statement - CurrentDate = CurrentDateNoFilter.format(TodayDate): null

2018-11-22 22:51:41 - [TEST_STEP][PASSED] - Statement - CurrentDate = java.lang.Integer.parseInt(CurrentDate): null

2018-11-22 22:51:41 - [TEST_STEP][PASSED] - Statement - CurrentDate = CurrentDate: null

2018-11-22 22:51:41 - [TEST_STEP][PASSED] - Statement - CurrentDay = java.lang.Integer.parseInt(CurrentDate): null

2018-11-22 22:51:41 - [TEST_STEP][PASSED] - Statement - aDayBefore = CurrentDay + 1: null

2018-11-22 22:51:41 - [TEST_STEP][PASSED] - Statement - DayBefore = aDayBefore.toString(): null

2018-11-22 22:51:41 - [TEST_STEP][PASSED] - Statement - OneDayBefore = DayBefore: null

2018-11-22 22:51:41 - [TEST_STEP][PASSED] - Statement - CurrentDateNoFilter.applyPattern("MM"): null

2018-11-22 22:51:41 - [TEST_STEP][PASSED] - Statement - monthContainerMatcher = java.lang.Integer.parseInt(CurrentDateNoFilter.format(TodayDate)): null

2018-11-22 22:51:41 - [TEST_STEP][PASSED] - Statement - monthContainerMatcher = monthContainerMatcher - 1: null

2018-11-22 22:51:41 - [TEST_STEP][PASSED] - Statement - CurrentMonth = monthContainerMatcher.toString(): null

2018-11-22 22:51:41 - [TEST_STEP][PASSED] - Statement - CurrentMonth = CurrentMonth: null

2018-11-22 22:51:41 - [TEST_STEP][PASSED] - Statement - CurrentDateNoFilter.applyPattern("yyyy"): null

2018-11-22 22:51:41 - [TEST_STEP][PASSED] - Statement - CurrentYear = CurrentDateNoFilter.format(TodayDate): null

2018-11-22 22:51:41 - [TEST_STEP][PASSED] - Statement - CurrentYear = CurrentYear: null

2018-11-22 22:51:41 - [TEST_STEP][PASSED] - Statement - intCurrentYear = java.lang.Integer.parseInt(CurrentDateNoFilter.format(TodayDate)): null

2018-11-22 22:51:41 - [TEST_STEP][PASSED] - Statement - eighteenYrsAgo = intCurrentYear - 18: null

2018-11-22 22:51:41 - [TEST_STEP][PASSED] - Statement - eighteenYrsBeforeThisYr = eighteenYrsAgo.toString(): null

2018-11-22 22:51:41 - [TEST_STEP][PASSED] - Statement - EighteenYrsBefore = eighteenYrsBeforeThisYr: null

2018-11-22 22:51:41 - [TEST_STEP][PASSED] - Statement - fiftysevenYrsAgo = intCurrentYear - 57: null

2018-11-22 22:51:41 - [TEST_STEP][PASSED] - Statement - fiftysevenYrsBeforeThisYr = fiftysevenYrsAgo.toString(): null

2018-11-22 22:51:41 - [TEST_STEP][PASSED] - Statement - FiftysevenYrsBefore = fiftysevenYrsBeforeThisYr: null

2018-11-22 22:51:41 - [MESSAGE][PASSED] - Call Test Case 'Test Cases/Final Aug 2018 - PKS Automation/Registration Module/New Registration/Form 2/Date Updater' successfully

2018-11-22 22:51:41 - [TEST_STEP][PASSED] - delay: Delayed 2 second(s)

2018-11-22 22:51:43 - [MESSAGE][PASSED] - Delayed 2 second(s)

2018-11-22 22:51:43 - [TEST_STEP][PASSED] - setText: Text 'klpkrbo2@gmail.com' is set on object 'Object Repository/Final Object Repo/Page_Update Add New Employee - ASSIST/Email TextBox'

2018-11-22 22:51:43 - [MESSAGE][PASSED] - Text 'klpkrbo2@gmail.com' is set on object 'Object Repository/Final Object Repo/Page_Update Add New Employee - ASSIST/Email TextBox'

2018-11-22 22:51:43 - [TEST_STEP][PASSED] - click: Object: 'Object Repository/Final Object Repo/Page_Update Add New Employee - ASSIST/Next Button' is clicked on

2018-11-22 22:51:43 - [MESSAGE][PASSED] - Object: 'Object Repository/Final Object Repo/Page_Update Add New Employee - ASSIST/Next Button' is clicked on

2018-11-22 22:51:43 - [TEST_STEP][PASSED] - delay: Delayed 2 second(s)

2018-11-22 22:51:45 - [MESSAGE][PASSED] - Delayed 2 second(s)

2018-11-22 22:51:45 - [TEST_STEP][PASSED] - setText: Text 'Test1@3456789' is set on object 'Object Repository/Final Object Repo/Page_Update Add New Employee - ASSIST/Password TextBox'

2018-11-22 22:51:45 - [MESSAGE][PASSED] - Text 'Test1@3456789' is set on object 'Object Repository/Final Object Repo/Page_Update Add New Employee - ASSIST/Password TextBox'

2018-11-22 22:51:45 - [TEST_STEP][PASSED] - delay: Delayed 2 second(s)

2018-11-22 22:51:47 - [MESSAGE][PASSED] - Delayed 2 second(s)

2018-11-22 22:51:47 - [TEST_STEP][PASSED] - click: Object: 'Object Repository/Final Object Repo/Page_Update Add New Employee - ASSIST/Login Button' is clicked on

2018-11-22 22:51:48 - [MESSAGE][PASSED] - Object: 'Object Repository/Final Object Repo/Page_Update Add New Employee - ASSIST/Login Button' is clicked on

2018-11-22 22:51:48 - [TEST_STEP][PASSED] - delay: Delayed 4 second(s)

2018-11-22 22:51:52 - [MESSAGE][PASSED] - Delayed 4 second(s)

2018-11-22 22:51:52 - [TEST_STEP][PASSED] - Statement - Try: Delayed 2 second(s)

2018-11-22 22:51:52 - [TEST_STEP][PASSED] - Statement - Checker = false: null

2018-11-22 22:51:52 - [TEST_STEP][PASSED] - Statement - Checker = com.kms.katalon.core.webui.keyword.WebUiBuiltInKeywords.verifyElementHasAttribute(com.kms.katalon.core.testobject.ObjectRepository.findTestObject(Final Object Repo/Landing Page/BM Detecting), "href", 20, OPTIONAL): Object 'Object Repository/Final Object Repo/Landing Page/BM Detecting' has attribute 'href'

2018-11-22 22:51:52 - [MESSAGE][PASSED] - Object 'Object Repository/Final Object Repo/Landing Page/BM Detecting' has attribute 'href'

2018-11-22 22:51:52 - [TEST_STEP][PASSED] - Statement - out.println(Checker): null

2018-11-22 22:51:52 - [TEST_STEP][PASSED] - Statement - If (Checker == false): null

2018-11-22 22:51:52 - [TEST_STEP][PASSED] - Statement - Else: null

2018-11-22 22:51:52 - [TEST_STEP][PASSED] - delay: Delayed 2 second(s)

2018-11-22 22:51:54 - [MESSAGE][PASSED] - Delayed 2 second(s)

2018-11-22 22:51:54 - [TEST_STEP][PASSED] - delay: Delayed 4 second(s)

2018-11-22 22:51:58 - [MESSAGE][PASSED] - Delayed 4 second(s)

2018-11-22 22:51:58 - [TEST_STEP][PASSED] - click: Object: 'Object Repository/Final Object Repo/Page_Update Add New Employee - ASSIST/My Sites Drop Down' is clicked on

2018-11-22 22:51:58 - [MESSAGE][PASSED] - Object: 'Object Repository/Final Object Repo/Page_Update Add New Employee - ASSIST/My Sites Drop Down' is clicked on

2018-11-22 22:51:58 - [TEST_STEP][PASSED] - click: Object: 'Object Repository/Final Object Repo/Page_Update Add New Employee - ASSIST/Select to Registration Module' is clicked on

2018-11-22 22:51:59 - [MESSAGE][PASSED] - Object: 'Object Repository/Final Object Repo/Page_Update Add New Employee - ASSIST/Select to Registration Module' is clicked on

2018-11-22 22:51:59 - [TEST_STEP][PASSED] - navigateToUrl: Navigate to 'https://assist2-uat.perkeso.gov.my/web/registration/myassist' successfully

2018-11-22 22:52:00 - [MESSAGE][PASSED] - Navigate to 'https://assist2-uat.perkeso.gov.my/web/registration/myassist' successfully

2018-11-22 22:52:00 - [TEST_STEP][PASSED] - mouseOver: Object: 'Object Repository/Final Object Repo/Page_Update Add New Employee - ASSIST/Select to Update Akta 4 Tab' is hovered

2018-11-22 22:52:00 - [MESSAGE][PASSED] - Object: 'Object Repository/Final Object Repo/Page_Update Add New Employee - ASSIST/Select to Update Akta 4 Tab' is hovered

2018-11-22 22:52:00 - [TEST_STEP][PASSED] - delay: Delayed 2 second(s)

2018-11-22 22:52:02 - [MESSAGE][PASSED] - Delayed 2 second(s)

2018-11-22 22:52:02 - [TEST_STEP][PASSED] - click: Object: 'Object Repository/Final Object Repo/Page_Update Add New Employee - ASSIST/Select to Update Add New Employee' is clicked on

2018-11-22 22:52:02 - [MESSAGE][PASSED] - Object: 'Object Repository/Final Object Repo/Page_Update Add New Employee - ASSIST/Select to Update Add New Employee' is clicked on

2018-11-22 22:52:02 - [TEST_STEP][PASSED] - delay: Delayed 2 second(s)

2018-11-22 22:52:04 - [MESSAGE][PASSED] - Delayed 2 second(s)

2018-11-22 22:52:04 - [TEST_STEP][PASSED] - setText: Text 'E1102070357P' is set on object 'Object Repository/Final Object Repo/Page_Update Add New Employee - ASSIST/Employer Code input textbox'

2018-11-22 22:52:05 - [MESSAGE][PASSED] - Text 'E1102070357P' is set on object 'Object Repository/Final Object Repo/Page_Update Add New Employee - ASSIST/Employer Code input textbox'

2018-11-22 22:52:05 - [TEST_STEP][PASSED] - delay: Delayed 2 second(s)

2018-11-22 22:52:07 - [MESSAGE][PASSED] - Delayed 2 second(s)

2018-11-22 22:52:07 - [TEST_STEP][PASSED] - click: Object: 'Object Repository/Final Object Repo/Page_Update Add New Employee - ASSIST/Search Button for Employer Code' is clicked on

2018-11-22 22:52:07 - [MESSAGE][PASSED] - Object: 'Object Repository/Final Object Repo/Page_Update Add New Employee - ASSIST/Search Button for Employer Code' is clicked on

2018-11-22 22:52:07 - [TEST_STEP][PASSED] - delay: Delayed 4 second(s)

2018-11-22 22:52:11 - [MESSAGE][PASSED] - Delayed 4 second(s)

2018-11-22 22:52:11 - [TEST_STEP][PASSED] - click: Object: 'Object Repository/Final Object Repo/Page_Update Add New Employee - ASSIST/Click to Edit Case' is clicked on

2018-11-22 22:52:13 - [MESSAGE][PASSED] - Object: 'Object Repository/Final Object Repo/Page_Update Add New Employee - ASSIST/Click to Edit Case' is clicked on

2018-11-22 22:52:13 - [TEST_STEP][PASSED] - callTestCase: Call Test Case 'Test Cases/Final Aug 2018 - PKS Automation/Registration Module/Workflow/Update Add New Employee/Template/Employee Adding/Employee Set Decider' successfully

2018-11-22 22:52:13 - [TEST_CASE][PASSED] - Test Cases/Final Aug 2018 - PKS Automation/Registration Module/Workflow/Update Add New Employee/Template/Employee Adding/Employee Set Decider: Test Cases/Final Aug 2018 - PKS Automation/Registration Module/Workflow/Update Add New Employee/Template/Employee Adding/Employee Set Decider

2018-11-22 22:52:13 - [TEST_STEP][PASSED] - delay: Delayed 4 second(s)

2018-11-22 22:52:17 - [MESSAGE][PASSED] - Delayed 4 second(s)

2018-11-22 22:52:17 - [TEST_STEP][PASSED] - click: Object: 'Object Repository/Final Object Repo/Page_Update Add New Employee - ASSIST/Add Employee Button' is clicked on

2018-11-22 22:52:18 - [MESSAGE][PASSED] - Object: 'Object Repository/Final Object Repo/Page_Update Add New Employee - ASSIST/Add Employee Button' is clicked on

2018-11-22 22:52:18 - [TEST_STEP][PASSED] - delay: Delayed 3 second(s)

2018-11-22 22:52:21 - [MESSAGE][PASSED] - Delayed 3 second(s)

2018-11-22 22:52:21 - [TEST_STEP][PASSED] - setText: Text '010903091920' is set on object 'Object Repository/Final Object Repo/Page_Update Add New Employee - ASSIST/NRIC Input'

2018-11-22 22:52:21 - [MESSAGE][PASSED] - Text '010903091920' is set on object 'Object Repository/Final Object Repo/Page_Update Add New Employee - ASSIST/NRIC Input'

2018-11-22 22:52:21 - [TEST_STEP][PASSED] - click: Object: 'Object Repository/Final Object Repo/Page_Update Add New Employee - ASSIST/button for search for IC' is clicked on

2018-11-22 22:52:21 - [MESSAGE][PASSED] - Object: 'Object Repository/Final Object Repo/Page_Update Add New Employee - ASSIST/button for search for IC' is clicked on

2018-11-22 22:52:21 - [TEST_STEP][PASSED] - delay: Delayed 2 second(s)

2018-11-22 22:52:23 - [MESSAGE][PASSED] - Delayed 2 second(s)

2018-11-22 22:52:23 - [TEST_STEP][PASSED] - sendKeys: Keys 'CONTROL + a' sent to object: 'Object Repository/Final Object Repo/Page_Update Add New Employee - ASSIST/Employee Name Input'

2018-11-22 22:52:23 - [MESSAGE][PASSED] - Keys 'CONTROL + a' sent to object: 'Object Repository/Final Object Repo/Page_Update Add New Employee - ASSIST/Employee Name Input'

2018-11-22 22:52:23 - [TEST_STEP][PASSED] - sendKeys: Keys 'CONTROL + c' sent to object: 'Object Repository/Final Object Repo/Page_Update Add New Employee - ASSIST/Employee Name Input'

2018-11-22 22:52:23 - [MESSAGE][PASSED] - Keys 'CONTROL + c' sent to object: 'Object Repository/Final Object Repo/Page_Update Add New Employee - ASSIST/Employee Name Input'

2018-11-22 22:52:23 - [TEST_STEP][PASSED] - Statement - toolkit = java.awt.Toolkit.getDefaultToolkit(): null

2018-11-22 22:52:23 - [TEST_STEP][PASSED] - Statement - clipboard = toolkit.getSystemClipboard(): null

2018-11-22 22:52:23 - [TEST_STEP][PASSED] - Statement - CurrentName = clipboard.getData(stringFlavor): null

2018-11-22 22:52:23 - [TEST_STEP][PASSED] - Statement - out.println("String from Clipboard:" + CurrentName): null

2018-11-22 22:52:23 - [TEST_STEP][PASSED] - Statement - If (CurrentName == "AUTOMATE002 ELIGIBLE 1"): null

2018-11-22 22:52:23 - [TEST_STEP][PASSED] - Statement - Else If (CurrentName == "AUTOMATE003 ELIGIBLE 1"): Call Test Case 'Test Cases/Final Aug 2018 - PKS Automation/Registration Module/Workflow/Update Add New Employee/Template/Employee Adding/Employee Adding Action Repeat IC - set 2' successfully

2018-11-22 22:52:23 - [TEST_STEP][PASSED] - callTestCase: Call Test Case 'Test Cases/Final Aug 2018 - PKS Automation/Registration Module/Workflow/Update Add New Employee/Template/Employee Adding/Employee Adding Action Repeat IC - set 2' successfully

2018-11-22 22:52:23 - [TEST_CASE][PASSED] - Test Cases/Final Aug 2018 - PKS Automation/Registration Module/Workflow/Update Add New Employee/Template/Employee Adding/Employee Adding Action Repeat IC - set 2: Test Cases/Final Aug 2018 - PKS Automation/Registration Module/Workflow/Update Add New Employee/Template/Employee Adding/Employee Adding Action Repeat IC - set 2

2018-11-22 22:52:23 - [TEST_STEP][PASSED] - setText: Text 'Automate002 eligible 1' is set on object 'Object Repository/Final Object Repo/Page_Update Add New Employee - ASSIST/Employee Name Input'

2018-11-22 22:52:24 - [MESSAGE][PASSED] - Text 'Automate002 eligible 1' is set on object 'Object Repository/Final Object Repo/Page_Update Add New Employee - ASSIST/Employee Name Input'

2018-11-22 22:52:24 - [TEST_STEP][PASSED] - delay: Delayed 2 second(s)

2018-11-22 22:52:26 - [MESSAGE][PASSED] - Delayed 2 second(s)

2018-11-22 22:52:26 - [TEST_STEP][PASSED] - click: Object: 'Object Repository/Final Object Repo/Page_Update Add New Employee - ASSIST/DatePicker Pop Up' is clicked on

2018-11-22 22:52:26 - [MESSAGE][PASSED] - Object: 'Object Repository/Final Object Repo/Page_Update Add New Employee - ASSIST/DatePicker Pop Up' is clicked on

2018-11-22 22:52:26 - [TEST_STEP][PASSED] - click: Object: 'Object Repository/Final Object Repo/Page_Update Add New Employee - ASSIST/DOB Month' is clicked on

2018-11-22 22:52:26 - [MESSAGE][PASSED] - Object: 'Object Repository/Final Object Repo/Page_Update Add New Employee - ASSIST/DOB Month' is clicked on

2018-11-22 22:52:26 - [TEST_STEP][PASSED] - Statement - CurrentMonth = CurrentMonth: null

2018-11-22 22:52:26 - [TEST_STEP][PASSED] - Statement - selectMonth = new com.kms.katalon.core.testobject.TestObject(): null

2018-11-22 22:52:26 - [TEST_STEP][PASSED] - Statement - selectMonth.addProperty("xpath", EQUALS, "//body/div/div/div/select/option[@value='" + CurrentMonth + "']", true): null

2018-11-22 22:52:26 - [TEST_STEP][PASSED] - click: Object: '' is clicked on

2018-11-22 22:52:26 - [MESSAGE][PASSED] - Object: '' is clicked on

2018-11-22 22:52:26 - [TEST_STEP][PASSED] - click: Object: 'Object Repository/Final Object Repo/Page_Update Add New Employee - ASSIST/DOB Year' is clicked on

2018-11-22 22:52:27 - [MESSAGE][PASSED] - Object: 'Object Repository/Final Object Repo/Page_Update Add New Employee - ASSIST/DOB Year' is clicked on

2018-11-22 22:52:27 - [TEST_STEP][PASSED] - Statement - Eyearsbf = EighteenYrsBefore: null

2018-11-22 22:52:27 - [TEST_STEP][PASSED] - Statement - selectYear = new com.kms.katalon.core.testobject.TestObject(): null

2018-11-22 22:52:27 - [TEST_STEP][PASSED] - Statement - selectYear.addProperty("xpath", EQUALS, "//div/div/div/select/option[@value='" + Eyearsbf + "']", true): null

2018-11-22 22:52:27 - [TEST_STEP][PASSED] - click: Object: '' is clicked on

2018-11-22 22:52:27 - [MESSAGE][PASSED] - Object: '' is clicked on

2018-11-22 22:52:27 - [TEST_STEP][PASSED] - Statement - UpdatedSelectDate = com.kms.katalon.core.webui.keyword.WebUiBuiltInKeywords.modifyObjectProperty(com.kms.katalon.core.testobject.ObjectRepository.findTestObject(Final Object Repo/Page_Update Add New Employee - ASSIST/DOB Date), "xpath", "equals", "//body/div/table/tbody/tr/td/a[text()="" + CurrentDate + ""]", true): Modify property of object successfully

2018-11-22 22:52:27 - [MESSAGE][PASSED] - Modify property of object successfully

2018-11-22 22:52:27 - [TEST_STEP][PASSED] - delay: Delayed 3 second(s)

2018-11-22 22:52:30 - [MESSAGE][PASSED] - Delayed 3 second(s)

2018-11-22 22:52:30 - [TEST_STEP][PASSED] - click: Object: 'Object Repository/Final Object Repo/Page_Update Add New Employee - ASSIST/DOB Date' is clicked on

2018-11-22 22:52:30 - [MESSAGE][PASSED] - Object: 'Object Repository/Final Object Repo/Page_Update Add New Employee - ASSIST/DOB Date' is clicked on

2018-11-22 22:52:30 - [TEST_STEP][PASSED] - delay: Delayed 2 second(s)

2018-11-22 22:52:32 - [MESSAGE][PASSED] - Delayed 2 second(s)

2018-11-22 22:52:32 - [TEST_STEP][PASSED] - click: Object: 'Object Repository/Final Object Repo/Page_Update Add New Employee - ASSIST/EmploymentStartDate Pop Up' is clicked on

2018-11-22 22:52:32 - [MESSAGE][PASSED] - Object: 'Object Repository/Final Object Repo/Page_Update Add New Employee - ASSIST/EmploymentStartDate Pop Up' is clicked on

2018-11-22 22:52:32 - [TEST_STEP][PASSED] - delay: Delayed 2 second(s)

2018-11-22 22:52:34 - [MESSAGE][PASSED] - Delayed 2 second(s)

2018-11-22 22:52:34 - [TEST_STEP][PASSED] - click: Object: 'Object Repository/Final Object Repo/Page_Update Add New Employee - ASSIST/Socso Employment StartDate Month' is clicked on

2018-11-22 22:52:34 - [MESSAGE][PASSED] - Object: 'Object Repository/Final Object Repo/Page_Update Add New Employee - ASSIST/Socso Employment StartDate Month' is clicked on

2018-11-22 22:52:34 - [TEST_STEP][PASSED] - delay: Delayed 1 second(s)

2018-11-22 22:52:35 - [MESSAGE][PASSED] - Delayed 1 second(s)

2018-11-22 22:52:35 - [TEST_STEP][PASSED] - click: Object: 'Object Repository/Final Object Repo/Page_Update Add New Employee - ASSIST/Select Socso Employement Startdate Month' is clicked on

2018-11-22 22:52:35 - [MESSAGE][PASSED] - Object: 'Object Repository/Final Object Repo/Page_Update Add New Employee - ASSIST/Select Socso Employement Startdate Month' is clicked on

2018-11-22 22:52:35 - [TEST_STEP][PASSED] - delay: Delayed 2 second(s)

2018-11-22 22:52:37 - [MESSAGE][PASSED] - Delayed 2 second(s)

2018-11-22 22:52:37 - [TEST_STEP][PASSED] - click: Object: 'Object Repository/Final Object Repo/Page_Update Add New Employee - ASSIST/Socso Employment StartDate Year' is clicked on

2018-11-22 22:52:38 - [MESSAGE][PASSED] - Object: 'Object Repository/Final Object Repo/Page_Update Add New Employee - ASSIST/Socso Employment StartDate Year' is clicked on

2018-11-22 22:52:38 - [TEST_STEP][PASSED] - delay: Delayed 1 second(s)

2018-11-22 22:52:39 - [MESSAGE][PASSED] - Delayed 1 second(s)

2018-11-22 22:52:39 - [TEST_STEP][PASSED] - click: Object: 'Object Repository/Final Object Repo/Page_Update Add New Employee - ASSIST/Select Socso Employment Startdate Year' is clicked on

2018-11-22 22:52:39 - [MESSAGE][PASSED] - Object: 'Object Repository/Final Object Repo/Page_Update Add New Employee - ASSIST/Select Socso Employment Startdate Year' is clicked on

2018-11-22 22:52:39 - [TEST_STEP][PASSED] - delay: Delayed 2 second(s)

2018-11-22 22:52:41 - [MESSAGE][PASSED] - Delayed 2 second(s)

2018-11-22 22:52:41 - [TEST_STEP][PASSED] - click: Object: 'Object Repository/Final Object Repo/Page_Update Add New Employee - ASSIST/Socso Employment Start Date Day' is clicked on

2018-11-22 22:52:41 - [MESSAGE][PASSED] - Object: 'Object Repository/Final Object Repo/Page_Update Add New Employee - ASSIST/Socso Employment Start Date Day' is clicked on

2018-11-22 22:52:41 - [TEST_STEP][PASSED] - delay: Delayed 2 second(s)

2018-11-22 22:52:43 - [MESSAGE][PASSED] - Delayed 2 second(s)

2018-11-22 22:52:43 - [TEST_STEP][PASSED] - click: Object: 'Object Repository/Final Object Repo/Page_Update Add New Employee - ASSIST/Save Button for Add Employee' is clicked on

2018-11-22 22:52:43 - [MESSAGE][PASSED] - Object: 'Object Repository/Final Object Repo/Page_Update Add New Employee - ASSIST/Save Button for Add Employee' is clicked on

2018-11-22 22:52:43 - [TEST_STEP][PASSED] - delay: Delayed 10 second(s)

2018-11-22 22:52:53 - [MESSAGE][PASSED] - Delayed 10 second(s)

2018-11-22 22:52:53 - [TEST_STEP][PASSED] - click: Object: 'Object Repository/Final Object Repo/Page_Update Add New Employee - ASSIST/Add Employee Button' is clicked on

2018-11-22 22:52:53 - [MESSAGE][PASSED] - Object: 'Object Repository/Final Object Repo/Page_Update Add New Employee - ASSIST/Add Employee Button' is clicked on

2018-11-22 22:52:53 - [TEST_STEP][PASSED] - delay: Delayed 6 second(s)

2018-11-22 22:52:59 - [MESSAGE][PASSED] - Delayed 6 second(s)

2018-11-22 22:52:59 - [TEST_STEP][PASSED] - setText: Text '620904059600' is set on object 'Object Repository/Final Object Repo/Page_Update Add New Employee - ASSIST/NRIC Input'

2018-11-22 22:53:00 - [MESSAGE][PASSED] - Text '620904059600' is set on object 'Object Repository/Final Object Repo/Page_Update Add New Employee - ASSIST/NRIC Input'

2018-11-22 22:53:00 - [TEST_STEP][PASSED] - click: Object: 'Object Repository/Final Object Repo/Page_Update Add New Employee - ASSIST/button for search for IC' is clicked on

2018-11-22 22:53:00 - [MESSAGE][PASSED] - Object: 'Object Repository/Final Object Repo/Page_Update Add New Employee - ASSIST/button for search for IC' is clicked on

2018-11-22 22:53:00 - [TEST_STEP][PASSED] - delay: Delayed 2 second(s)

2018-11-22 22:53:02 - [MESSAGE][PASSED] - Delayed 2 second(s)

2018-11-22 22:53:02 - [TEST_STEP][PASSED] - setText: Text 'Automate002 eligible 2' is set on object 'Object Repository/Final Object Repo/Page_Update Add New Employee - ASSIST/Employee Name Input'

2018-11-22 22:53:02 - [MESSAGE][PASSED] - Text 'Automate002 eligible 2' is set on object 'Object Repository/Final Object Repo/Page_Update Add New Employee - ASSIST/Employee Name Input'

2018-11-22 22:53:02 - [TEST_STEP][PASSED] - delay: Delayed 2 second(s)

2018-11-22 22:53:04 - [MESSAGE][PASSED] - Delayed 2 second(s)

2018-11-22 22:53:04 - [TEST_STEP][PASSED] - click: Object: 'Object Repository/Final Object Repo/Page_Update Add New Employee - ASSIST/DatePicker Pop Up' is clicked on

2018-11-22 22:53:05 - [MESSAGE][PASSED] - Object: 'Object Repository/Final Object Repo/Page_Update Add New Employee - ASSIST/DatePicker Pop Up' is clicked on

2018-11-22 22:53:05 - [TEST_STEP][PASSED] - delay: Delayed 2 second(s)

2018-11-22 22:53:07 - [MESSAGE][PASSED] - Delayed 2 second(s)

2018-11-22 22:53:07 - [TEST_STEP][PASSED] - click: Object: 'Object Repository/Final Object Repo/Page_Update Add New Employee - ASSIST/DOB Month' is clicked on

2018-11-22 22:53:07 - [MESSAGE][PASSED] - Object: 'Object Repository/Final Object Repo/Page_Update Add New Employee - ASSIST/DOB Month' is clicked on

2018-11-22 22:53:07 - [TEST_STEP][PASSED] - Statement - selectMonth = com.kms.katalon.core.webui.keyword.WebUiBuiltInKeywords.modifyObjectProperty(selectMonth, "xpath", "equals", "//body/div/div/div/select/option[@value="" + CurrentMonth + ""]", true): Modify property of object successfully

2018-11-22 22:53:07 - [MESSAGE][PASSED] - Modify property of object successfully

2018-11-22 22:53:07 - [TEST_STEP][PASSED] - click: Object: '' is clicked on

2018-11-22 22:53:07 - [MESSAGE][PASSED] - Object: '' is clicked on

2018-11-22 22:53:07 - [TEST_STEP][PASSED] - click: Object: 'Object Repository/Final Object Repo/Page_Update Add New Employee - ASSIST/DOB Year' is clicked on

2018-11-22 22:53:07 - [MESSAGE][PASSED] - Object: 'Object Repository/Final Object Repo/Page_Update Add New Employee - ASSIST/DOB Year' is clicked on

2018-11-22 22:53:07 - [TEST_STEP][PASSED] - Statement - selectYear = com.kms.katalon.core.webui.keyword.WebUiBuiltInKeywords.modifyObjectProperty(selectYear, "xpath", "equals", "//div/div/div/select/option[@value="" + FiftysevenYrsBefore + ""]", true): Modify property of object successfully

2018-11-22 22:53:07 - [MESSAGE][PASSED] - Modify property of object successfully

2018-11-22 22:53:07 - [TEST_STEP][PASSED] - click: Object: '' is clicked on

2018-11-22 22:53:07 - [MESSAGE][PASSED] - Object: '' is clicked on

2018-11-22 22:53:07 - [TEST_STEP][PASSED] - Statement - UpdatedSelectDate = com.kms.katalon.core.webui.keyword.WebUiBuiltInKeywords.modifyObjectProperty(com.kms.katalon.core.testobject.ObjectRepository.findTestObject(Final Object Repo/Page_Update Add New Employee - ASSIST/DOB Date), "xpath", "equals", "//body/div/table/tbody/tr/td/a[text()="" + OneDayBefore + ""]", true): Modify property of object successfully

2018-11-22 22:53:07 - [MESSAGE][PASSED] - Modify property of object successfully

2018-11-22 22:53:07 - [TEST_STEP][PASSED] - click: Object: 'Object Repository/Final Object Repo/Page_Update Add New Employee - ASSIST/DOB Date' is clicked on

2018-11-22 22:53:07 - [MESSAGE][PASSED] - Object: 'Object Repository/Final Object Repo/Page_Update Add New Employee - ASSIST/DOB Date' is clicked on

2018-11-22 22:53:07 - [TEST_STEP][PASSED] - delay: Delayed 2 second(s)

2018-11-22 22:53:09 - [MESSAGE][PASSED] - Delayed 2 second(s)

2018-11-22 22:53:09 - [TEST_STEP][PASSED] - click: Object: 'Object Repository/Final Object Repo/Page_Update Add New Employee - ASSIST/EmploymentStartDate Pop Up' is clicked on

2018-11-22 22:53:10 - [MESSAGE][PASSED] - Object: 'Object Repository/Final Object Repo/Page_Update Add New Employee - ASSIST/EmploymentStartDate Pop Up' is clicked on

2018-11-22 22:53:10 - [TEST_STEP][PASSED] - delay: Delayed 2 second(s)

2018-11-22 22:53:12 - [MESSAGE][PASSED] - Delayed 2 second(s)

2018-11-22 22:53:12 - [TEST_STEP][PASSED] - click: Object: 'Object Repository/Final Object Repo/Page_Update Add New Employee - ASSIST/Socso Employment StartDate Month' is clicked on

2018-11-22 22:53:12 - [MESSAGE][PASSED] - Object: 'Object Repository/Final Object Repo/Page_Update Add New Employee - ASSIST/Socso Employment StartDate Month' is clicked on

2018-11-22 22:53:12 - [TEST_STEP][PASSED] - delay: Delayed 1 second(s)

2018-11-22 22:53:13 - [MESSAGE][PASSED] - Delayed 1 second(s)

2018-11-22 22:53:13 - [TEST_STEP][PASSED] - click: Object: 'Object Repository/Final Object Repo/Page_Update Add New Employee - ASSIST/Select Socso Employement Startdate Month' is clicked on

2018-11-22 22:53:13 - [MESSAGE][PASSED] - Object: 'Object Repository/Final Object Repo/Page_Update Add New Employee - ASSIST/Select Socso Employement Startdate Month' is clicked on

2018-11-22 22:53:13 - [TEST_STEP][PASSED] - delay: Delayed 2 second(s)

2018-11-22 22:53:15 - [MESSAGE][PASSED] - Delayed 2 second(s)

2018-11-22 22:53:15 - [TEST_STEP][PASSED] - click: Object: 'Object Repository/Final Object Repo/Page_Update Add New Employee - ASSIST/Socso Employment StartDate Year' is clicked on

2018-11-22 22:53:15 - [MESSAGE][PASSED] - Object: 'Object Repository/Final Object Repo/Page_Update Add New Employee - ASSIST/Socso Employment StartDate Year' is clicked on

2018-11-22 22:53:15 - [TEST_STEP][PASSED] - delay: Delayed 1 second(s)

2018-11-22 22:53:16 - [MESSAGE][PASSED] - Delayed 1 second(s)

2018-11-22 22:53:16 - [TEST_STEP][PASSED] - click: Object: 'Object Repository/Final Object Repo/Page_Update Add New Employee - ASSIST/Select Socso Employment Startdate Year' is clicked on

2018-11-22 22:53:16 - [MESSAGE][PASSED] - Object: 'Object Repository/Final Object Repo/Page_Update Add New Employee - ASSIST/Select Socso Employment Startdate Year' is clicked on

2018-11-22 22:53:16 - [TEST_STEP][PASSED] - delay: Delayed 2 second(s)

2018-11-22 22:53:18 - [MESSAGE][PASSED] - Delayed 2 second(s)

2018-11-22 22:53:18 - [TEST_STEP][PASSED] - click: Object: 'Object Repository/Final Object Repo/Page_Update Add New Employee - ASSIST/Socso Employment Start Date Day' is clicked on

2018-11-22 22:53:18 - [MESSAGE][PASSED] - Object: 'Object Repository/Final Object Repo/Page_Update Add New Employee - ASSIST/Socso Employment Start Date Day' is clicked on

2018-11-22 22:53:18 - [TEST_STEP][PASSED] - delay: Delayed 2 second(s)

2018-11-22 22:53:20 - [MESSAGE][PASSED] - Delayed 2 second(s)

2018-11-22 22:53:20 - [TEST_STEP][PASSED] - click: Object: 'Object Repository/Final Object Repo/Page_Update Add New Employee - ASSIST/Save Button for Add Employee' is clicked on

2018-11-22 22:53:21 - [MESSAGE][PASSED] - Object: 'Object Repository/Final Object Repo/Page_Update Add New Employee - ASSIST/Save Button for Add Employee' is clicked on

2018-11-22 22:53:21 - [TEST_STEP][PASSED] - delay: Delayed 5 second(s)

2018-11-22 22:53:26 - [MESSAGE][PASSED] - Delayed 5 second(s)

2018-11-22 22:53:26 - [TEST_STEP][PASSED] - waitForElementClickable: Object 'Object Repository/Final Object Repo/Page_Update Add New Employee - ASSIST/Add Employee Button' is clickable

2018-11-22 22:53:26 - [MESSAGE][PASSED] - Object 'Object Repository/Final Object Repo/Page_Update Add New Employee - ASSIST/Add Employee Button' is clickable

2018-11-22 22:53:26 - [TEST_STEP][PASSED] - click: Object: 'Object Repository/Final Object Repo/Page_Update Add New Employee - ASSIST/Add Employee Button' is clicked on

2018-11-22 22:53:26 - [MESSAGE][PASSED] - Object: 'Object Repository/Final Object Repo/Page_Update Add New Employee - ASSIST/Add Employee Button' is clicked on

2018-11-22 22:53:26 - [TEST_STEP][PASSED] - delay: Delayed 4 second(s)

2018-11-22 22:53:30 - [MESSAGE][PASSED] - Delayed 4 second(s)

2018-11-22 22:53:30 - [TEST_STEP][PASSED] - setText: Text '000209039100' is set on object 'Object Repository/Final Object Repo/Page_Update Add New Employee - ASSIST/NRIC Input'

2018-11-22 22:53:30 - [MESSAGE][PASSED] - Text '000209039100' is set on object 'Object Repository/Final Object Repo/Page_Update Add New Employee - ASSIST/NRIC Input'

2018-11-22 22:53:30 - [TEST_STEP][PASSED] - click: Object: 'Object Repository/Final Object Repo/Page_Update Add New Employee - ASSIST/button for search for IC' is clicked on

2018-11-22 22:53:30 - [MESSAGE][PASSED] - Object: 'Object Repository/Final Object Repo/Page_Update Add New Employee - ASSIST/button for search for IC' is clicked on

2018-11-22 22:53:30 - [TEST_STEP][PASSED] - delay: Delayed 2 second(s)

2018-11-22 22:53:32 - [MESSAGE][PASSED] - Delayed 2 second(s)

2018-11-22 22:53:32 - [TEST_STEP][PASSED] - setText: Text 'Automate002 not eligible 1' is set on object 'Object Repository/Final Object Repo/Page_Update Add New Employee - ASSIST/Employee Name Input'

2018-11-22 22:53:33 - [MESSAGE][PASSED] - Text 'Automate002 not eligible 1' is set on object 'Object Repository/Final Object Repo/Page_Update Add New Employee - ASSIST/Employee Name Input'

2018-11-22 22:53:33 - [TEST_STEP][PASSED] - delay: Delayed 2 second(s)

2018-11-22 22:53:35 - [MESSAGE][PASSED] - Delayed 2 second(s)

2018-11-22 22:53:35 - [TEST_STEP][PASSED] - click: Object: 'Object Repository/Final Object Repo/Page_Update Add New Employee - ASSIST/DatePicker Pop Up' is clicked on

2018-11-22 22:53:35 - [MESSAGE][PASSED] - Object: 'Object Repository/Final Object Repo/Page_Update Add New Employee - ASSIST/DatePicker Pop Up' is clicked on

2018-11-22 22:53:35 - [TEST_STEP][PASSED] - delay: Delayed 2 second(s)

2018-11-22 22:53:37 - [MESSAGE][PASSED] - Delayed 2 second(s)

2018-11-22 22:53:37 - [TEST_STEP][PASSED] - click: Object: 'Object Repository/Final Object Repo/Page_Update Add New Employee - ASSIST/DOB Month' is clicked on

2018-11-22 22:53:37 - [MESSAGE][PASSED] - Object: 'Object Repository/Final Object Repo/Page_Update Add New Employee - ASSIST/DOB Month' is clicked on

2018-11-22 22:53:37 - [TEST_STEP][PASSED] - Statement - selectMonth = com.kms.katalon.core.webui.keyword.WebUiBuiltInKeywords.modifyObjectProperty(selectMonth, "xpath", "equals", "//body/div/div/div/select/option[@value="" + CurrentMonth + ""]", true): Modify property of object successfully

2018-11-22 22:53:37 - [MESSAGE][PASSED] - Modify property of object successfully

2018-11-22 22:53:37 - [TEST_STEP][PASSED] - click: Object: '' is clicked on

2018-11-22 22:53:38 - [MESSAGE][PASSED] - Object: '' is clicked on

2018-11-22 22:53:38 - [TEST_STEP][PASSED] - click: Object: 'Object Repository/Final Object Repo/Page_Update Add New Employee - ASSIST/DOB Year' is clicked on

2018-11-22 22:53:38 - [MESSAGE][PASSED] - Object: 'Object Repository/Final Object Repo/Page_Update Add New Employee - ASSIST/DOB Year' is clicked on

2018-11-22 22:53:38 - [TEST_STEP][PASSED] - Statement - selectYear = com.kms.katalon.core.webui.keyword.WebUiBuiltInKeywords.modifyObjectProperty(selectYear, "xpath", "equals", "//div/div/div/select/option[@value="" + EighteenYrsBefore + ""]", true): Modify property of object successfully

2018-11-22 22:53:38 - [MESSAGE][PASSED] - Modify property of object successfully

2018-11-22 22:53:38 - [TEST_STEP][PASSED] - click: Object: '' is clicked on

2018-11-22 22:53:38 - [MESSAGE][PASSED] - Object: '' is clicked on

2018-11-22 22:53:38 - [TEST_STEP][PASSED] - Statement - UpdatedSelectDate = com.kms.katalon.core.webui.keyword.WebUiBuiltInKeywords.modifyObjectProperty(com.kms.katalon.core.testobject.ObjectRepository.findTestObject(Final Object Repo/Page_Update Add New Employee - ASSIST/DOB Date), "xpath", "equals", "//body/div/table/tbody/tr/td/a[text()="" + OneDayBefore + ""]", true): Modify property of object successfully

2018-11-22 22:53:38 - [MESSAGE][PASSED] - Modify property of object successfully

2018-11-22 22:53:38 - [TEST_STEP][PASSED] - click: Object: 'Object Repository/Final Object Repo/Page_Update Add New Employee - ASSIST/DOB Date' is clicked on

2018-11-22 22:53:38 - [MESSAGE][PASSED] - Object: 'Object Repository/Final Object Repo/Page_Update Add New Employee - ASSIST/DOB Date' is clicked on

2018-11-22 22:53:38 - [TEST_STEP][PASSED] - delay: Delayed 2 second(s)

2018-11-22 22:53:40 - [MESSAGE][PASSED] - Delayed 2 second(s)

2018-11-22 22:53:40 - [TEST_STEP][PASSED] - click: Object: 'Object Repository/Final Object Repo/Page_Update Add New Employee - ASSIST/EmploymentStartDate Pop Up' is clicked on

2018-11-22 22:53:40 - [MESSAGE][PASSED] - Object: 'Object Repository/Final Object Repo/Page_Update Add New Employee - ASSIST/EmploymentStartDate Pop Up' is clicked on

2018-11-22 22:53:40 - [TEST_STEP][PASSED] - delay: Delayed 2 second(s)

2018-11-22 22:53:42 - [MESSAGE][PASSED] - Delayed 2 second(s)

2018-11-22 22:53:42 - [TEST_STEP][PASSED] - click: Object: 'Object Repository/Final Object Repo/Page_Update Add New Employee - ASSIST/Socso Employment StartDate Month' is clicked on

2018-11-22 22:53:42 - [MESSAGE][PASSED] - Object: 'Object Repository/Final Object Repo/Page_Update Add New Employee - ASSIST/Socso Employment StartDate Month' is clicked on

2018-11-22 22:53:42 - [TEST_STEP][PASSED] - delay: Delayed 1 second(s)

2018-11-22 22:53:43 - [MESSAGE][PASSED] - Delayed 1 second(s)

2018-11-22 22:53:43 - [TEST_STEP][PASSED] - click: Object: 'Object Repository/Final Object Repo/Page_Update Add New Employee - ASSIST/Select Socso Employement Startdate Month' is clicked on

2018-11-22 22:53:44 - [MESSAGE][PASSED] - Object: 'Object Repository/Final Object Repo/Page_Update Add New Employee - ASSIST/Select Socso Employement Startdate Month' is clicked on

2018-11-22 22:53:44 - [TEST_STEP][PASSED] - delay: Delayed 2 second(s)

2018-11-22 22:53:46 - [MESSAGE][PASSED] - Delayed 2 second(s)

2018-11-22 22:53:46 - [TEST_STEP][PASSED] - click: Object: 'Object Repository/Final Object Repo/Page_Update Add New Employee - ASSIST/Socso Employment StartDate Year' is clicked on

2018-11-22 22:53:46 - [MESSAGE][PASSED] - Object: 'Object Repository/Final Object Repo/Page_Update Add New Employee - ASSIST/Socso Employment StartDate Year' is clicked on

2018-11-22 22:53:46 - [TEST_STEP][PASSED] - delay: Delayed 1 second(s)

2018-11-22 22:53:47 - [MESSAGE][PASSED] - Delayed 1 second(s)

2018-11-22 22:53:47 - [TEST_STEP][PASSED] - click: Object: 'Object Repository/Final Object Repo/Page_Update Add New Employee - ASSIST/Select Socso Employment Startdate Year' is clicked on

2018-11-22 22:53:47 - [MESSAGE][PASSED] - Object: 'Object Repository/Final Object Repo/Page_Update Add New Employee - ASSIST/Select Socso Employment Startdate Year' is clicked on

2018-11-22 22:53:47 - [TEST_STEP][PASSED] - delay: Delayed 2 second(s)

2018-11-22 22:53:49 - [MESSAGE][PASSED] - Delayed 2 second(s)

2018-11-22 22:53:49 - [TEST_STEP][PASSED] - click: Object: 'Object Repository/Final Object Repo/Page_Update Add New Employee - ASSIST/Socso Employment Start Date Day' is clicked on

2018-11-22 22:53:49 - [MESSAGE][PASSED] - Object: 'Object Repository/Final Object Repo/Page_Update Add New Employee - ASSIST/Socso Employment Start Date Day' is clicked on

2018-11-22 22:53:49 - [TEST_STEP][PASSED] - delay: Delayed 2 second(s)

2018-11-22 22:53:51 - [MESSAGE][PASSED] - Delayed 2 second(s)

2018-11-22 22:53:51 - [TEST_STEP][PASSED] - click: Object: 'Object Repository/Final Object Repo/Page_Update Add New Employee - ASSIST/Save Button for Add Employee' is clicked on

2018-11-22 22:53:51 - [MESSAGE][PASSED] - Object: 'Object Repository/Final Object Repo/Page_Update Add New Employee - ASSIST/Save Button for Add Employee' is clicked on

2018-11-22 22:53:51 - [TEST_STEP][PASSED] - delay: Delayed 20 second(s)

2018-11-22 22:54:11 - [MESSAGE][PASSED] - Delayed 20 second(s)

2018-11-22 22:54:11 - [TEST_STEP][PASSED] - click: Object: 'Object Repository/Final Object Repo/Page_Update Add New Employee - ASSIST/Add Employee Button' is clicked on

2018-11-22 22:54:11 - [MESSAGE][PASSED] - Object: 'Object Repository/Final Object Repo/Page_Update Add New Employee - ASSIST/Add Employee Button' is clicked on

2018-11-22 22:54:11 - [TEST_STEP][PASSED] - delay: Delayed 4 second(s)

2018-11-22 22:54:15 - [MESSAGE][PASSED] - Delayed 4 second(s)

2018-11-22 22:54:15 - [TEST_STEP][PASSED] - setText: Text '600203039104' is set on object 'Object Repository/Final Object Repo/Page_Update Add New Employee - ASSIST/NRIC Input'

2018-11-22 22:54:16 - [MESSAGE][PASSED] - Text '600203039104' is set on object 'Object Repository/Final Object Repo/Page_Update Add New Employee - ASSIST/NRIC Input'

2018-11-22 22:54:16 - [TEST_STEP][PASSED] - click: Object: 'Object Repository/Final Object Repo/Page_Update Add New Employee - ASSIST/button for search for IC' is clicked on

2018-11-22 22:54:16 - [MESSAGE][PASSED] - Object: 'Object Repository/Final Object Repo/Page_Update Add New Employee - ASSIST/button for search for IC' is clicked on

2018-11-22 22:54:16 - [TEST_STEP][PASSED] - delay: Delayed 2 second(s)

2018-11-22 22:54:18 - [MESSAGE][PASSED] - Delayed 2 second(s)

2018-11-22 22:54:18 - [TEST_STEP][PASSED] - setText: Text 'Automate002 not eligible 2' is set on object 'Object Repository/Final Object Repo/Page_Update Add New Employee - ASSIST/Employee Name Input'

2018-11-22 22:54:19 - [MESSAGE][PASSED] - Text 'Automate002 not eligible 2' is set on object 'Object Repository/Final Object Repo/Page_Update Add New Employee - ASSIST/Employee Name Input'

2018-11-22 22:54:19 - [TEST_STEP][PASSED] - delay: Delayed 2 second(s)

2018-11-22 22:54:21 - [MESSAGE][PASSED] - Delayed 2 second(s)

2018-11-22 22:54:21 - [TEST_STEP][PASSED] - click: Object: 'Object Repository/Final Object Repo/Page_Update Add New Employee - ASSIST/DatePicker Pop Up' is clicked on

2018-11-22 22:54:21 - [MESSAGE][PASSED] - Object: 'Object Repository/Final Object Repo/Page_Update Add New Employee - ASSIST/DatePicker Pop Up' is clicked on

2018-11-22 22:54:21 - [TEST_STEP][PASSED] - delay: Delayed 2 second(s)

2018-11-22 22:54:23 - [MESSAGE][PASSED] - Delayed 2 second(s)

2018-11-22 22:54:23 - [TEST_STEP][PASSED] - click: Object: 'Object Repository/Final Object Repo/Page_Update Add New Employee - ASSIST/DOB Month' is clicked on

2018-11-22 22:54:23 - [MESSAGE][PASSED] - Object: 'Object Repository/Final Object Repo/Page_Update Add New Employee - ASSIST/DOB Month' is clicked on

2018-11-22 22:54:23 - [TEST_STEP][PASSED] - Statement - selectMonth = com.kms.katalon.core.webui.keyword.WebUiBuiltInKeywords.modifyObjectProperty(selectMonth, "xpath", "equals", "//body/div/div/div/select/option[@value="" + CurrentMonth + ""]", true): Modify property of object successfully

2018-11-22 22:54:23 - [MESSAGE][PASSED] - Modify property of object successfully

2018-11-22 22:54:23 - [TEST_STEP][PASSED] - click: Object: '' is clicked on

2018-11-22 22:54:23 - [MESSAGE][PASSED] - Object: '' is clicked on

2018-11-22 22:54:23 - [TEST_STEP][PASSED] - click: Object: 'Object Repository/Final Object Repo/Page_Update Add New Employee - ASSIST/DOB Year' is clicked on

2018-11-22 22:54:23 - [MESSAGE][PASSED] - Object: 'Object Repository/Final Object Repo/Page_Update Add New Employee - ASSIST/DOB Year' is clicked on

2018-11-22 22:54:23 - [TEST_STEP][PASSED] - Statement - selectYear = com.kms.katalon.core.webui.keyword.WebUiBuiltInKeywords.modifyObjectProperty(selectYear, "xpath", "equals", "//div/div/div/select/option[@value="" + FiftysevenYrsBefore + ""]", true): Modify property of object successfully

2018-11-22 22:54:23 - [MESSAGE][PASSED] - Modify property of object successfully

2018-11-22 22:54:23 - [TEST_STEP][PASSED] - click: Object: '' is clicked on

2018-11-22 22:54:23 - [MESSAGE][PASSED] - Object: '' is clicked on

2018-11-22 22:54:23 - [TEST_STEP][PASSED] - Statement - UpdatedSelectDate = com.kms.katalon.core.webui.keyword.WebUiBuiltInKeywords.modifyObjectProperty(com.kms.katalon.core.testobject.ObjectRepository.findTestObject(Final Object Repo/Page_Update Add New Employee - ASSIST/DOB Date), "xpath", "equals", "//body/div/table/tbody/tr/td/a[text()="" + CurrentDate + ""]", true): Modify property of object successfully

2018-11-22 22:54:23 - [MESSAGE][PASSED] - Modify property of object successfully

2018-11-22 22:54:23 - [TEST_STEP][PASSED] - click: Object: 'Object Repository/Final Object Repo/Page_Update Add New Employee - ASSIST/DOB Date' is clicked on

2018-11-22 22:54:24 - [MESSAGE][PASSED] - Object: 'Object Repository/Final Object Repo/Page_Update Add New Employee - ASSIST/DOB Date' is clicked on

2018-11-22 22:54:24 - [TEST_STEP][PASSED] - click: Object: 'Object Repository/Final Object Repo/Page_Update Add New Employee - ASSIST/EmploymentStartDate Pop Up' is clicked on

2018-11-22 22:54:24 - [MESSAGE][PASSED] - Object: 'Object Repository/Final Object Repo/Page_Update Add New Employee - ASSIST/EmploymentStartDate Pop Up' is clicked on

2018-11-22 22:54:24 - [TEST_STEP][PASSED] - delay: Delayed 2 second(s)

2018-11-22 22:54:26 - [MESSAGE][PASSED] - Delayed 2 second(s)

2018-11-22 22:54:26 - [TEST_STEP][PASSED] - click: Object: 'Object Repository/Final Object Repo/Page_Update Add New Employee - ASSIST/Socso Employment StartDate Month' is clicked on

2018-11-22 22:54:26 - [MESSAGE][PASSED] - Object: 'Object Repository/Final Object Repo/Page_Update Add New Employee - ASSIST/Socso Employment StartDate Month' is clicked on

2018-11-22 22:54:26 - [TEST_STEP][PASSED] - delay: Delayed 1 second(s)

2018-11-22 22:54:27 - [MESSAGE][PASSED] - Delayed 1 second(s)

2018-11-22 22:54:27 - [TEST_STEP][PASSED] - click: Object: 'Object Repository/Final Object Repo/Page_Update Add New Employee - ASSIST/Select Socso Employement Startdate Month' is clicked on

2018-11-22 22:54:27 - [MESSAGE][PASSED] - Object: 'Object Repository/Final Object Repo/Page_Update Add New Employee - ASSIST/Select Socso Employement Startdate Month' is clicked on

2018-11-22 22:54:27 - [TEST_STEP][PASSED] - delay: Delayed 2 second(s)

2018-11-22 22:54:29 - [MESSAGE][PASSED] - Delayed 2 second(s)

2018-11-22 22:54:29 - [TEST_STEP][PASSED] - click: Object: 'Object Repository/Final Object Repo/Page_Update Add New Employee - ASSIST/Socso Employment StartDate Year' is clicked on

2018-11-22 22:54:29 - [MESSAGE][PASSED] - Object: 'Object Repository/Final Object Repo/Page_Update Add New Employee - ASSIST/Socso Employment StartDate Year' is clicked on

2018-11-22 22:54:29 - [TEST_STEP][PASSED] - delay: Delayed 1 second(s)

2018-11-22 22:54:30 - [MESSAGE][PASSED] - Delayed 1 second(s)

2018-11-22 22:54:30 - [TEST_STEP][PASSED] - click: Object: 'Object Repository/Final Object Repo/Page_Update Add New Employee - ASSIST/Select Socso Employment Startdate Year' is clicked on

2018-11-22 22:54:30 - [MESSAGE][PASSED] - Object: 'Object Repository/Final Object Repo/Page_Update Add New Employee - ASSIST/Select Socso Employment Startdate Year' is clicked on

2018-11-22 22:54:30 - [TEST_STEP][PASSED] - delay: Delayed 2 second(s)

2018-11-22 22:54:32 - [MESSAGE][PASSED] - Delayed 2 second(s)

2018-11-22 22:54:32 - [TEST_STEP][PASSED] - click: Object: 'Object Repository/Final Object Repo/Page_Update Add New Employee - ASSIST/Socso Employment Start Date Day' is clicked on

2018-11-22 22:54:33 - [MESSAGE][PASSED] - Object: 'Object Repository/Final Object Repo/Page_Update Add New Employee - ASSIST/Socso Employment Start Date Day' is clicked on

2018-11-22 22:54:33 - [TEST_STEP][PASSED] - delay: Delayed 2 second(s)

2018-11-22 22:54:35 - [MESSAGE][PASSED] - Delayed 2 second(s)

2018-11-22 22:54:35 - [TEST_STEP][PASSED] - click: Object: 'Object Repository/Final Object Repo/Page_Update Add New Employee - ASSIST/Save Button for Add Employee' is clicked on

2018-11-22 22:54:35 - [MESSAGE][PASSED] - Object: 'Object Repository/Final Object Repo/Page_Update Add New Employee - ASSIST/Save Button for Add Employee' is clicked on

2018-11-22 22:54:35 - [MESSAGE][PASSED] - Call Test Case 'Test Cases/Final Aug 2018 - PKS Automation/Registration Module/Workflow/Update Add New Employee/Template/Employee Adding/Employee Adding Action Repeat IC - set 2' successfully

2018-11-22 22:54:35 - [MESSAGE][PASSED] - Call Test Case 'Test Cases/Final Aug 2018 - PKS Automation/Registration Module/Workflow/Update Add New Employee/Template/Employee Adding/Employee Set Decider' successfully

2018-11-22 22:54:35 - [TEST_STEP][PASSED] - delay: Delayed 4 second(s)

2018-11-22 22:54:39 - [MESSAGE][PASSED] - Delayed 4 second(s)

2018-11-22 22:54:39 - [TEST_STEP][PASSED] - Statement - CaseReferenceNo = com.kms.katalon.core.webui.keyword.WebUiBuiltInKeywords.getText(com.kms.katalon.core.testobject.ObjectRepository.findTestObject(Final Object Repo/Page_Update Add New Employee - ASSIST/RefNo)): Text of object 'Object Repository/Final Object Repo/Page_Update Add New Employee - ASSIST/RefNo' is: 'CAN11201800002167'

2018-11-22 22:54:39 - [MESSAGE][PASSED] - Text of object 'Object Repository/Final Object Repo/Page_Update Add New Employee - ASSIST/RefNo' is: 'CAN11201800002167'

2018-11-22 22:54:39 - [TEST_STEP][PASSED] - callTestCase: Call Test Case 'Test Cases/Final Aug 2018 - PKS Automation/Common/Reference Number Setter' successfully

2018-11-22 22:54:39 - [TEST_CASE][PASSED] - Test Cases/Final Aug 2018 - PKS Automation/Common/Reference Number Setter: Test Cases/Final Aug 2018 - PKS Automation/Common/Reference Number Setter

2018-11-22 22:54:39 - [TEST_STEP][PASSED] - Statement - RefNoOldFile = new java.io.File(C://Users//Admin//Desktop//PKS//Automation Reference Point//KatalonReference.txt): null

2018-11-22 22:54:39 - [TEST_STEP][PASSED] - Statement - RefNoOldFile.delete(): null

2018-11-22 22:54:39 - [TEST_STEP][PASSED] - delay: Delayed 5 second(s)

2018-11-22 22:54:44 - [MESSAGE][PASSED] - Delayed 5 second(s)

2018-11-22 22:54:44 - [TEST_STEP][PASSED] - Statement - RefNo = new java.io.File(C://Users//Admin//Desktop//PKS//Automation Reference Point//KatalonReference.txt): null

2018-11-22 22:54:44 - [TEST_STEP][PASSED] - Statement - f2 = new java.io.FileWriter(RefNo, false): null

2018-11-22 22:54:44 - [TEST_STEP][PASSED] - Statement - f2.write(CaseReferenceNo): null

2018-11-22 22:54:44 - [TEST_STEP][PASSED] - Statement - f2.close(): null

2018-11-22 22:54:44 - [TEST_STEP][PASSED] - Statement - out.println("


" + CaseReferenceNo + "


"): null

2018-11-22 22:54:44 - [MESSAGE][PASSED] - Call Test Case 'Test Cases/Final Aug 2018 - PKS Automation/Common/Reference Number Setter' successfully

2018-11-22 22:54:44 - [TEST_STEP][PASSED] - delay: Delayed 5 second(s)

2018-11-22 22:54:49 - [MESSAGE][PASSED] - Delayed 5 second(s)

2018-11-22 22:54:49 - [TEST_STEP][PASSED] - click: Object: 'Object Repository/Final Object Repo/Page_Update Add New Employee - ASSIST/Save  Continue Button' is clicked on

2018-11-22 22:54:49 - [MESSAGE][PASSED] - Object: 'Object Repository/Final Object Repo/Page_Update Add New Employee - ASSIST/Save  Continue Button' is clicked on

2018-11-22 22:54:49 - [TEST_STEP][PASSED] - delay: Delayed 4 second(s)

2018-11-22 22:54:53 - [MESSAGE][PASSED] - Delayed 4 second(s)

2018-11-22 22:54:53 - [TEST_STEP][PASSED] - callTestCase: Call Test Case 'Test Cases/Final Aug 2018 - PKS Automation/Common/Reference Number Getter' successfully

2018-11-22 22:54:53 - [TEST_CASE][PASSED] - Test Cases/Final Aug 2018 - PKS Automation/Common/Reference Number Getter: Test Cases/Final Aug 2018 - PKS Automation/Common/Reference Number Getter

2018-11-22 22:54:53 - [TEST_STEP][PASSED] - Statement - Try: null

2018-11-22 22:54:53 - [TEST_STEP][PASSED] - Statement - RefNo = new java.io.File(C://Users//Admin//Desktop//PKS//Automation Reference Point//KatalonReference.txt): null

2018-11-22 22:54:53 - [TEST_STEP][PASSED] - Statement - bufferread = new java.io.BufferedReader(new java.io.FileReader(RefNo)): null

2018-11-22 22:54:53 - [TEST_STEP][PASSED] - Statement - readedVal = bufferread.readLine(): null

2018-11-22 22:54:53 - [TEST_STEP][PASSED] - Statement - out.println(CaseReferenceNo): null

2018-11-22 22:54:53 - [TEST_STEP][PASSED] - Statement - out.println(readedVal): null

2018-11-22 22:54:53 - [TEST_STEP][PASSED] - Statement - CaseReferenceNo = "": null

2018-11-22 22:54:53 - [TEST_STEP][PASSED] - Statement - CaseReferenceNo = readedVal: null

2018-11-22 22:54:53 - [MESSAGE][PASSED] - Call Test Case 'Test Cases/Final Aug 2018 - PKS Automation/Common/Reference Number Getter' successfully

2018-11-22 22:54:53 - [TEST_STEP][PASSED] - click: Object: 'Object Repository/Final Object Repo/Page_Update Add New Employee - ASSIST/Save  Continue Third Screen' is clicked on

2018-11-22 22:54:56 - [MESSAGE][PASSED] - Object: 'Object Repository/Final Object Repo/Page_Update Add New Employee - ASSIST/Save  Continue Third Screen' is clicked on

2018-11-22 22:54:56 - [TEST_STEP][PASSED] - delay: Delayed 4 second(s)

2018-11-22 22:55:00 - [MESSAGE][PASSED] - Delayed 4 second(s)

2018-11-22 22:55:00 - [TEST_STEP][PASSED] - click: Object: 'Object Repository/Final Object Repo/Page_Update Add New Employee - ASSIST/Save   Continue Supporting Doc Page' is clicked on

2018-11-22 22:55:00 - [MESSAGE][PASSED] - Object: 'Object Repository/Final Object Repo/Page_Update Add New Employee - ASSIST/Save   Continue Supporting Doc Page' is clicked on

2018-11-22 22:55:00 - [TEST_STEP][PASSED] - delay: Delayed 4 second(s)

2018-11-22 22:55:04 - [MESSAGE][PASSED] - Delayed 4 second(s)

2018-11-22 22:55:04 - [TEST_STEP][PASSED] - click: Object: 'Object Repository/Final Object Repo/Page_Update Add New Employee - ASSIST/Submit Button' is clicked on

2018-11-22 22:55:05 - [MESSAGE][PASSED] - Object: 'Object Repository/Final Object Repo/Page_Update Add New Employee - ASSIST/Submit Button' is clicked on

2018-11-22 22:55:05 - [TEST_STEP][PASSED] - delay: Delayed 4 second(s)

2018-11-22 22:55:09 - [MESSAGE][PASSED] - Delayed 4 second(s)

2018-11-22 22:55:09 - [TEST_STEP][PASSED] - click: Object: 'Object Repository/Final Object Repo/Page_Update Add New Employee - ASSIST/Confirm Submit Button' is clicked on

2018-11-22 22:55:09 - [MESSAGE][PASSED] - Object: 'Object Repository/Final Object Repo/Page_Update Add New Employee - ASSIST/Confirm Submit Button' is clicked on

2018-11-22 22:55:09 - [TEST_STEP][PASSED] - delay: Delayed 20 second(s)

2018-11-22 22:55:29 - [MESSAGE][PASSED] - Delayed 20 second(s)

2018-11-22 22:55:29 - [TEST_STEP][PASSED] - callTestCase: Call Test Case 'Test Cases/Final Aug 2018 - PKS Automation/Common/Screenshoting tool' successfully

2018-11-22 22:55:29 - [TEST_CASE][PASSED] - Test Cases/Final Aug 2018 - PKS Automation/Common/Screenshoting tool: Test Cases/Final Aug 2018 - PKS Automation/Common/Screenshoting tool

2018-11-22 22:55:29 - [TEST_STEP][PASSED] - delay: Delayed 15 second(s)

2018-11-22 22:55:44 - [MESSAGE][PASSED] - Delayed 15 second(s)

2018-11-22 22:55:44 - [TEST_STEP][PASSED] - Statement - driver = com.kms.katalon.core.webui.driver.DriverFactory.getWebDriver(): null

2018-11-22 22:55:44 - [TEST_STEP][PASSED] - Statement - driver.manage().timeouts().implicitlyWait(10, SECONDS): null

2018-11-22 22:55:44 - [TEST_STEP][PASSED] - Statement - PresavePath = KatalonScreenshots: null

2018-11-22 22:55:44 - [TEST_STEP][PASSED] - Statement - pathPrefix = "C:\Users\Public\Pictures\Sample Pictures\Katalon Screenshots\Automate Ending Screen": null

2018-11-22 22:55:44 - [TEST_STEP][PASSED] - Statement - finalPath = <not implemented yet for class: org.codehaus.groovy.ast.expr.EmptyExpression>: null

2018-11-22 22:55:44 - [TEST_STEP][PASSED] - Statement - scrFile = driver.getScreenshotAs(FILE): null

2018-11-22 22:55:44 - [TEST_STEP][PASSED] - Statement - PreSaveFile = new java.io.File(PresavePath): null

2018-11-22 22:55:44 - [TEST_STEP][PASSED] - Statement - counter = 0: null

2018-11-22 22:55:44 - [TEST_STEP][PASSED] - Statement - If (PreSaveFile.exists()): null

2018-11-22 22:55:44 - [TEST_STEP][PASSED] - Statement - While (PreSaveFile.exists()): null

2018-11-22 22:55:44 - [TEST_STEP][PASSED] - Statement - counter = counter + 1: null

2018-11-22 22:55:44 - [TEST_STEP][PASSED] - Statement - PreSaveFile = new java.io.File(((pathPrefix + java.lang.Integer.toString(counter)) + .png)): null

2018-11-22 22:55:44 - [TEST_STEP][PASSED] - Statement - counter = counter + 1: null

2018-11-22 22:55:44 - [TEST_STEP][PASSED] - Statement - PreSaveFile = new java.io.File(((pathPrefix + java.lang.Integer.toString(counter)) + .png)): null

2018-11-22 22:55:44 - [TEST_STEP][PASSED] - Statement - counter = counter + 1: null

2018-11-22 22:55:44 - [TEST_STEP][PASSED] - Statement - PreSaveFile = new java.io.File(((pathPrefix + java.lang.Integer.toString(counter)) + .png)): null

2018-11-22 22:55:44 - [TEST_STEP][PASSED] - Statement - counter = counter + 1: null

2018-11-22 22:55:44 - [TEST_STEP][PASSED] - Statement - PreSaveFile = new java.io.File(((pathPrefix + java.lang.Integer.toString(counter)) + .png)): null

2018-11-22 22:55:44 - [TEST_STEP][PASSED] - Statement - counter = counter + 1: null

2018-11-22 22:55:44 - [TEST_STEP][PASSED] - Statement - PreSaveFile = new java.io.File(((pathPrefix + java.lang.Integer.toString(counter)) + .png)): null

2018-11-22 22:55:44 - [TEST_STEP][PASSED] - Statement - counter = counter + 1: null

2018-11-22 22:55:44 - [TEST_STEP][PASSED] - Statement - PreSaveFile = new java.io.File(((pathPrefix + java.lang.Integer.toString(counter)) + .png)): null

2018-11-22 22:55:44 - [TEST_STEP][PASSED] - Statement - counter = counter + 1: null

2018-11-22 22:55:44 - [TEST_STEP][PASSED] - Statement - PreSaveFile = new java.io.File(((pathPrefix + java.lang.Integer.toString(counter)) + .png)): null

2018-11-22 22:55:44 - [TEST_STEP][PASSED] - Statement - counter = counter + 1: null

2018-11-22 22:55:44 - [TEST_STEP][PASSED] - Statement - PreSaveFile = new java.io.File(((pathPrefix + java.lang.Integer.toString(counter)) + .png)): null

2018-11-22 22:55:44 - [TEST_STEP][PASSED] - Statement - counter = counter + 1: null

2018-11-22 22:55:44 - [TEST_STEP][PASSED] - Statement - PreSaveFile = new java.io.File(((pathPrefix + java.lang.Integer.toString(counter)) + .png)): null

2018-11-22 22:55:44 - [TEST_STEP][PASSED] - Statement - counter = counter + 1: null

2018-11-22 22:55:44 - [TEST_STEP][PASSED] - Statement - PreSaveFile = new java.io.File(((pathPrefix + java.lang.Integer.toString(counter)) + .png)): null

2018-11-22 22:55:44 - [TEST_STEP][PASSED] - Statement - counter = counter + 1: null

2018-11-22 22:55:44 - [TEST_STEP][PASSED] - Statement - PreSaveFile = new java.io.File(((pathPrefix + java.lang.Integer.toString(counter)) + .png)): null

2018-11-22 22:55:44 - [TEST_STEP][PASSED] - Statement - counter = counter + 1: null

2018-11-22 22:55:44 - [TEST_STEP][PASSED] - Statement - PreSaveFile = new java.io.File(((pathPrefix + java.lang.Integer.toString(counter)) + .png)): null

2018-11-22 22:55:44 - [TEST_STEP][PASSED] - Statement - counter = counter + 1: null

2018-11-22 22:55:44 - [TEST_STEP][PASSED] - Statement - PreSaveFile = new java.io.File(((pathPrefix + java.lang.Integer.toString(counter)) + .png)): null

2018-11-22 22:55:44 - [TEST_STEP][PASSED] - Statement - counter = counter + 1: null

2018-11-22 22:55:44 - [TEST_STEP][PASSED] - Statement - PreSaveFile = new java.io.File(((pathPrefix + java.lang.Integer.toString(counter)) + .png)): null

2018-11-22 22:55:44 - [TEST_STEP][PASSED] - Statement - counter = counter + 1: null

2018-11-22 22:55:44 - [TEST_STEP][PASSED] - Statement - PreSaveFile = new java.io.File(((pathPrefix + java.lang.Integer.toString(counter)) + .png)): null

2018-11-22 22:55:44 - [TEST_STEP][PASSED] - Statement - counter = counter + 1: null

2018-11-22 22:55:44 - [TEST_STEP][PASSED] - Statement - PreSaveFile = new java.io.File(((pathPrefix + java.lang.Integer.toString(counter)) + .png)): null

2018-11-22 22:55:44 - [TEST_STEP][PASSED] - Statement - counter = counter + 1: null

2018-11-22 22:55:44 - [TEST_STEP][PASSED] - Statement - PreSaveFile = new java.io.File(((pathPrefix + java.lang.Integer.toString(counter)) + .png)): null

2018-11-22 22:55:44 - [TEST_STEP][PASSED] - Statement - counter = counter + 1: null

2018-11-22 22:55:44 - [TEST_STEP][PASSED] - Statement - PreSaveFile = new java.io.File(((pathPrefix + java.lang.Integer.toString(counter)) + .png)): null

2018-11-22 22:55:44 - [TEST_STEP][PASSED] - Statement - counter = counter + 1: null

2018-11-22 22:55:44 - [TEST_STEP][PASSED] - Statement - PreSaveFile = new java.io.File(((pathPrefix + java.lang.Integer.toString(counter)) + .png)): null

2018-11-22 22:55:44 - [TEST_STEP][PASSED] - Statement - counter = counter + 1: null

2018-11-22 22:55:44 - [TEST_STEP][PASSED] - Statement - PreSaveFile = new java.io.File(((pathPrefix + java.lang.Integer.toString(counter)) + .png)): null

2018-11-22 22:55:44 - [TEST_STEP][PASSED] - Statement - counter = counter + 1: null

2018-11-22 22:55:44 - [TEST_STEP][PASSED] - Statement - PreSaveFile = new java.io.File(((pathPrefix + java.lang.Integer.toString(counter)) + .png)): null

2018-11-22 22:55:44 - [TEST_STEP][PASSED] - Statement - counter = counter + 1: null

2018-11-22 22:55:44 - [TEST_STEP][PASSED] - Statement - PreSaveFile = new java.io.File(((pathPrefix + java.lang.Integer.toString(counter)) + .png)): null

2018-11-22 22:55:44 - [TEST_STEP][PASSED] - Statement - counter = counter + 1: null

2018-11-22 22:55:44 - [TEST_STEP][PASSED] - Statement - PreSaveFile = new java.io.File(((pathPrefix + java.lang.Integer.toString(counter)) + .png)): null

2018-11-22 22:55:44 - [TEST_STEP][PASSED] - Statement - counter = counter + 1: null

2018-11-22 22:55:44 - [TEST_STEP][PASSED] - Statement - PreSaveFile = new java.io.File(((pathPrefix + java.lang.Integer.toString(counter)) + .png)): null

2018-11-22 22:55:44 - [TEST_STEP][PASSED] - Statement - counter = counter + 1: null

2018-11-22 22:55:44 - [TEST_STEP][PASSED] - Statement - PreSaveFile = new java.io.File(((pathPrefix + java.lang.Integer.toString(counter)) + .png)): null

2018-11-22 22:55:44 - [TEST_STEP][PASSED] - Statement - counter = counter + 1: null

2018-11-22 22:55:44 - [TEST_STEP][PASSED] - Statement - PreSaveFile = new java.io.File(((pathPrefix + java.lang.Integer.toString(counter)) + .png)): null

2018-11-22 22:55:44 - [TEST_STEP][PASSED] - Statement - counter = counter + 1: null

2018-11-22 22:55:44 - [TEST_STEP][PASSED] - Statement - PreSaveFile = new java.io.File(((pathPrefix + java.lang.Integer.toString(counter)) + .png)): null

2018-11-22 22:55:44 - [TEST_STEP][PASSED] - Statement - counter = counter + 1: null

2018-11-22 22:55:44 - [TEST_STEP][PASSED] - Statement - PreSaveFile = new java.io.File(((pathPrefix + java.lang.Integer.toString(counter)) + .png)): null

2018-11-22 22:55:44 - [TEST_STEP][PASSED] - Statement - counter = counter + 1: null

2018-11-22 22:55:44 - [TEST_STEP][PASSED] - Statement - PreSaveFile = new java.io.File(((pathPrefix + java.lang.Integer.toString(counter)) + .png)): null

2018-11-22 22:55:44 - [TEST_STEP][PASSED] - Statement - counter = counter + 1: null

2018-11-22 22:55:44 - [TEST_STEP][PASSED] - Statement - PreSaveFile = new java.io.File(((pathPrefix + java.lang.Integer.toString(counter)) + .png)): null

2018-11-22 22:55:44 - [TEST_STEP][PASSED] - Statement - counter = counter + 1: null

2018-11-22 22:55:44 - [TEST_STEP][PASSED] - Statement - PreSaveFile = new java.io.File(((pathPrefix + java.lang.Integer.toString(counter)) + .png)): null

2018-11-22 22:55:44 - [TEST_STEP][PASSED] - Statement - counter = counter + 1: null

2018-11-22 22:55:44 - [TEST_STEP][PASSED] - Statement - PreSaveFile = new java.io.File(((pathPrefix + java.lang.Integer.toString(counter)) + .png)): null

2018-11-22 22:55:44 - [TEST_STEP][PASSED] - Statement - counter = counter + 1: null

2018-11-22 22:55:44 - [TEST_STEP][PASSED] - Statement - PreSaveFile = new java.io.File(((pathPrefix + java.lang.Integer.toString(counter)) + .png)): null

2018-11-22 22:55:44 - [TEST_STEP][PASSED] - Statement - counter = counter + 1: null

2018-11-22 22:55:44 - [TEST_STEP][PASSED] - Statement - PreSaveFile = new java.io.File(((pathPrefix + java.lang.Integer.toString(counter)) + .png)): null

2018-11-22 22:55:44 - [TEST_STEP][PASSED] - Statement - counter = counter + 1: null

2018-11-22 22:55:44 - [TEST_STEP][PASSED] - Statement - PreSaveFile = new java.io.File(((pathPrefix + java.lang.Integer.toString(counter)) + .png)): null

2018-11-22 22:55:44 - [TEST_STEP][PASSED] - Statement - counter = counter + 1: null

2018-11-22 22:55:44 - [TEST_STEP][PASSED] - Statement - PreSaveFile = new java.io.File(((pathPrefix + java.lang.Integer.toString(counter)) + .png)): null

2018-11-22 22:55:44 - [TEST_STEP][PASSED] - Statement - counter = counter + 1: null

2018-11-22 22:55:44 - [TEST_STEP][PASSED] - Statement - PreSaveFile = new java.io.File(((pathPrefix + java.lang.Integer.toString(counter)) + .png)): null

2018-11-22 22:55:44 - [TEST_STEP][PASSED] - Statement - counter = counter + 1: null

2018-11-22 22:55:44 - [TEST_STEP][PASSED] - Statement - PreSaveFile = new java.io.File(((pathPrefix + java.lang.Integer.toString(counter)) + .png)): null

2018-11-22 22:55:44 - [TEST_STEP][PASSED] - Statement - counter = counter + 1: null

2018-11-22 22:55:44 - [TEST_STEP][PASSED] - Statement - PreSaveFile = new java.io.File(((pathPrefix + java.lang.Integer.toString(counter)) + .png)): null

2018-11-22 22:55:44 - [TEST_STEP][PASSED] - Statement - counter = counter + 1: null

2018-11-22 22:55:44 - [TEST_STEP][PASSED] - Statement - PreSaveFile = new java.io.File(((pathPrefix + java.lang.Integer.toString(counter)) + .png)): null

2018-11-22 22:55:44 - [TEST_STEP][PASSED] - Statement - counter = counter + 1: null

2018-11-22 22:55:44 - [TEST_STEP][PASSED] - Statement - PreSaveFile = new java.io.File(((pathPrefix + java.lang.Integer.toString(counter)) + .png)): null

2018-11-22 22:55:44 - [TEST_STEP][PASSED] - Statement - counter = counter + 1: null

2018-11-22 22:55:44 - [TEST_STEP][PASSED] - Statement - PreSaveFile = new java.io.File(((pathPrefix + java.lang.Integer.toString(counter)) + .png)): null

2018-11-22 22:55:44 - [TEST_STEP][PASSED] - Statement - counter = counter + 1: null

2018-11-22 22:55:44 - [TEST_STEP][PASSED] - Statement - PreSaveFile = new java.io.File(((pathPrefix + java.lang.Integer.toString(counter)) + .png)): null

2018-11-22 22:55:44 - [TEST_STEP][PASSED] - Statement - counter = counter + 1: null

2018-11-22 22:55:44 - [TEST_STEP][PASSED] - Statement - PreSaveFile = new java.io.File(((pathPrefix + java.lang.Integer.toString(counter)) + .png)): null

2018-11-22 22:55:44 - [TEST_STEP][PASSED] - Statement - counter = counter + 1: null

2018-11-22 22:55:44 - [TEST_STEP][PASSED] - Statement - PreSaveFile = new java.io.File(((pathPrefix + java.lang.Integer.toString(counter)) + .png)): null

2018-11-22 22:55:44 - [TEST_STEP][PASSED] - Statement - counter = counter + 1: null

2018-11-22 22:55:44 - [TEST_STEP][PASSED] - Statement - PreSaveFile = new java.io.File(((pathPrefix + java.lang.Integer.toString(counter)) + .png)): null

2018-11-22 22:55:44 - [TEST_STEP][PASSED] - Statement - counter = counter + 1: null

2018-11-22 22:55:44 - [TEST_STEP][PASSED] - Statement - PreSaveFile = new java.io.File(((pathPrefix + java.lang.Integer.toString(counter)) + .png)): null

2018-11-22 22:55:44 - [TEST_STEP][PASSED] - Statement - counter = counter + 1: null

2018-11-22 22:55:44 - [TEST_STEP][PASSED] - Statement - PreSaveFile = new java.io.File(((pathPrefix + java.lang.Integer.toString(counter)) + .png)): null

2018-11-22 22:55:44 - [TEST_STEP][PASSED] - Statement - counter = counter + 1: null

2018-11-22 22:55:44 - [TEST_STEP][PASSED] - Statement - PreSaveFile = new java.io.File(((pathPrefix + java.lang.Integer.toString(counter)) + .png)): null

2018-11-22 22:55:44 - [TEST_STEP][PASSED] - Statement - counter = counter + 1: null

2018-11-22 22:55:44 - [TEST_STEP][PASSED] - Statement - PreSaveFile = new java.io.File(((pathPrefix + java.lang.Integer.toString(counter)) + .png)): null

2018-11-22 22:55:44 - [TEST_STEP][PASSED] - Statement - counter = counter + 1: null

2018-11-22 22:55:44 - [TEST_STEP][PASSED] - Statement - PreSaveFile = new java.io.File(((pathPrefix + java.lang.Integer.toString(counter)) + .png)): null

2018-11-22 22:55:44 - [TEST_STEP][PASSED] - Statement - counter = counter + 1: null

2018-11-22 22:55:44 - [TEST_STEP][PASSED] - Statement - PreSaveFile = new java.io.File(((pathPrefix + java.lang.Integer.toString(counter)) + .png)): null

2018-11-22 22:55:44 - [TEST_STEP][PASSED] - Statement - counter = counter + 1: null

2018-11-22 22:55:44 - [TEST_STEP][PASSED] - Statement - PreSaveFile = new java.io.File(((pathPrefix + java.lang.Integer.toString(counter)) + .png)): null

2018-11-22 22:55:44 - [TEST_STEP][PASSED] - Statement - counter = counter + 1: null

2018-11-22 22:55:44 - [TEST_STEP][PASSED] - Statement - PreSaveFile = new java.io.File(((pathPrefix + java.lang.Integer.toString(counter)) + .png)): null

2018-11-22 22:55:44 - [TEST_STEP][PASSED] - Statement - counter = counter + 1: null

2018-11-22 22:55:44 - [TEST_STEP][PASSED] - Statement - PreSaveFile = new java.io.File(((pathPrefix + java.lang.Integer.toString(counter)) + .png)): null

2018-11-22 22:55:44 - [TEST_STEP][PASSED] - Statement - counter = counter + 1: null

2018-11-22 22:55:44 - [TEST_STEP][PASSED] - Statement - PreSaveFile = new java.io.File(((pathPrefix + java.lang.Integer.toString(counter)) + .png)): null

2018-11-22 22:55:44 - [TEST_STEP][PASSED] - Statement - counter = counter + 1: null

2018-11-22 22:55:44 - [TEST_STEP][PASSED] - Statement - PreSaveFile = new java.io.File(((pathPrefix + java.lang.Integer.toString(counter)) + .png)): null

2018-11-22 22:55:44 - [TEST_STEP][PASSED] - Statement - counter = counter + 1: null

2018-11-22 22:55:44 - [TEST_STEP][PASSED] - Statement - PreSaveFile = new java.io.File(((pathPrefix + java.lang.Integer.toString(counter)) + .png)): null

2018-11-22 22:55:44 - [TEST_STEP][PASSED] - Statement - counter = counter + 1: null

2018-11-22 22:55:44 - [TEST_STEP][PASSED] - Statement - PreSaveFile = new java.io.File(((pathPrefix + java.lang.Integer.toString(counter)) + .png)): null

2018-11-22 22:55:44 - [TEST_STEP][PASSED] - Statement - counter = counter + 1: null

2018-11-22 22:55:44 - [TEST_STEP][PASSED] - Statement - PreSaveFile = new java.io.File(((pathPrefix + java.lang.Integer.toString(counter)) + .png)): null

2018-11-22 22:55:44 - [TEST_STEP][PASSED] - Statement - counter = counter + 1: null

2018-11-22 22:55:44 - [TEST_STEP][PASSED] - Statement - PreSaveFile = new java.io.File(((pathPrefix + java.lang.Integer.toString(counter)) + .png)): null

2018-11-22 22:55:44 - [TEST_STEP][PASSED] - Statement - counter = counter + 1: null

2018-11-22 22:55:44 - [TEST_STEP][PASSED] - Statement - PreSaveFile = new java.io.File(((pathPrefix + java.lang.Integer.toString(counter)) + .png)): null

2018-11-22 22:55:44 - [TEST_STEP][PASSED] - Statement - counter = counter + 1: null

2018-11-22 22:55:44 - [TEST_STEP][PASSED] - Statement - PreSaveFile = new java.io.File(((pathPrefix + java.lang.Integer.toString(counter)) + .png)): null

2018-11-22 22:55:44 - [TEST_STEP][PASSED] - Statement - counter = counter + 1: null

2018-11-22 22:55:44 - [TEST_STEP][PASSED] - Statement - PreSaveFile = new java.io.File(((pathPrefix + java.lang.Integer.toString(counter)) + .png)): null

2018-11-22 22:55:44 - [TEST_STEP][PASSED] - Statement - counter = counter + 1: null

2018-11-22 22:55:44 - [TEST_STEP][PASSED] - Statement - PreSaveFile = new java.io.File(((pathPrefix + java.lang.Integer.toString(counter)) + .png)): null

2018-11-22 22:55:44 - [TEST_STEP][PASSED] - Statement - counter = counter + 1: null

2018-11-22 22:55:44 - [TEST_STEP][PASSED] - Statement - PreSaveFile = new java.io.File(((pathPrefix + java.lang.Integer.toString(counter)) + .png)): null

2018-11-22 22:55:44 - [TEST_STEP][PASSED] - Statement - counter = counter + 1: null

2018-11-22 22:55:44 - [TEST_STEP][PASSED] - Statement - PreSaveFile = new java.io.File(((pathPrefix + java.lang.Integer.toString(counter)) + .png)): null

2018-11-22 22:55:44 - [TEST_STEP][PASSED] - Statement - counter = counter + 1: null

2018-11-22 22:55:44 - [TEST_STEP][PASSED] - Statement - PreSaveFile = new java.io.File(((pathPrefix + java.lang.Integer.toString(counter)) + .png)): null

2018-11-22 22:55:44 - [TEST_STEP][PASSED] - Statement - counter = counter + 1: null

2018-11-22 22:55:44 - [TEST_STEP][PASSED] - Statement - PreSaveFile = new java.io.File(((pathPrefix + java.lang.Integer.toString(counter)) + .png)): null

2018-11-22 22:55:44 - [TEST_STEP][PASSED] - Statement - counter = counter + 1: null

2018-11-22 22:55:44 - [TEST_STEP][PASSED] - Statement - PreSaveFile = new java.io.File(((pathPrefix + java.lang.Integer.toString(counter)) + .png)): null

2018-11-22 22:55:44 - [TEST_STEP][PASSED] - Statement - counter = counter + 1: null

2018-11-22 22:55:44 - [TEST_STEP][PASSED] - Statement - PreSaveFile = new java.io.File(((pathPrefix + java.lang.Integer.toString(counter)) + .png)): null

2018-11-22 22:55:44 - [TEST_STEP][PASSED] - Statement - counter = counter + 1: null

2018-11-22 22:55:44 - [TEST_STEP][PASSED] - Statement - PreSaveFile = new java.io.File(((pathPrefix + java.lang.Integer.toString(counter)) + .png)): null

2018-11-22 22:55:44 - [TEST_STEP][PASSED] - Statement - counter = counter + 1: null

2018-11-22 22:55:44 - [TEST_STEP][PASSED] - Statement - PreSaveFile = new java.io.File(((pathPrefix + java.lang.Integer.toString(counter)) + .png)): null

2018-11-22 22:55:44 - [TEST_STEP][PASSED] - Statement - counter = counter + 1: null

2018-11-22 22:55:44 - [TEST_STEP][PASSED] - Statement - PreSaveFile = new java.io.File(((pathPrefix + java.lang.Integer.toString(counter)) + .png)): null

2018-11-22 22:55:44 - [TEST_STEP][PASSED] - Statement - counter = counter + 1: null

2018-11-22 22:55:44 - [TEST_STEP][PASSED] - Statement - PreSaveFile = new java.io.File(((pathPrefix + java.lang.Integer.toString(counter)) + .png)): null

2018-11-22 22:55:44 - [TEST_STEP][PASSED] - Statement - counter = counter + 1: null

2018-11-22 22:55:44 - [TEST_STEP][PASSED] - Statement - PreSaveFile = new java.io.File(((pathPrefix + java.lang.Integer.toString(counter)) + .png)): null

2018-11-22 22:55:44 - [TEST_STEP][PASSED] - Statement - finalPath = pathPrefix + java.lang.Integer.toString(counter) + ".png": null

2018-11-22 22:55:44 - [TEST_STEP][PASSED] - Statement - SaveFile = new java.io.File(finalPath): null

2018-11-22 22:55:44 - [TEST_STEP][PASSED] - Statement - Try: null

2018-11-22 22:55:44 - [TEST_STEP][PASSED] - Statement - org.apache.commons.io.FileUtils.copyFile(scrFile, SaveFile): null

2018-11-22 22:55:44 - [TEST_STEP][PASSED] - Statement - out.println("file kept"): null

2018-11-22 22:55:44 - [TEST_STEP][PASSED] - delay: Delayed 10 second(s)

2018-11-22 22:55:54 - [MESSAGE][PASSED] - Delayed 10 second(s)

2018-11-22 22:55:54 - [MESSAGE][PASSED] - Call Test Case 'Test Cases/Final Aug 2018 - PKS Automation/Common/Screenshoting tool' successfully

2018-11-22 22:55:54 - [TEST_STEP][PASSED] - callTestCase: Call Test Case 'Test Cases/Final Aug 2018 - PKS Automation/Registration Module/Log Out/log out avoiding katalon tagging' successfully

2018-11-22 22:55:54 - [TEST_CASE][PASSED] - Test Cases/Final Aug 2018 - PKS Automation/Registration Module/Log Out/log out avoiding katalon tagging: Test Cases/Final Aug 2018 - PKS Automation/Registration Module/Log Out/log out avoiding katalon tagging

2018-11-22 22:55:54 - [TEST_STEP][PASSED] - navigateToUrl: Navigate to 'https://assist2-uat.perkeso.gov.my/c/portal/logout' successfully

2018-11-22 22:55:55 - [MESSAGE][PASSED] - Navigate to 'https://assist2-uat.perkeso.gov.my/c/portal/logout' successfully

2018-11-22 22:55:55 - [MESSAGE][PASSED] - Call Test Case 'Test Cases/Final Aug 2018 - PKS Automation/Registration Module/Log Out/log out avoiding katalon tagging' successfully

2018-11-22 22:55:55 - [TEST_STEP][FAILED] - callTestCase: Unable to call Test Case with id 'Test Cases/Final Aug 2018 - PKS Automation/Common/Workflow Owner Finder' (Root cause: Call Test Case 'Test Cases/Final Aug 2018 - PKS Automation/Common/Workflow Owner Finder' failed)

2018-11-22 22:55:55 - [TEST_CASE][FAILED] - Test Cases/Final Aug 2018 - PKS Automation/Common/Workflow Owner Finder: Test Cases/Final Aug 2018 - PKS Automation/Common/Workflow Owner Finder FAILED because (of) (Stack trace: com.kms.katalon.core.exception.StepFailedException: Unable to click on object 'Object Repository/Final Object Repo/Landing Page/Select to English' (Root cause: com.kms.katalon.core.webui.exception.WebElementNotFoundException: Web element with id: 'Object Repository/Final Object Repo/Landing Page/Select to English' located by 'By.xpath: //a[@class = 'taglib-language-list-text' and @lang = 'en-US' and (contains(text(), 'EN') or contains(., 'EN'))]' not found)
	at com.kms.katalon.core.keyword.internal.KeywordMain.stepFailed(KeywordMain.groovy:32)
	at com.kms.katalon.core.webui.keyword.internal.WebUIKeywordMain.stepFailed(WebUIKeywordMain.groovy:65)
	at com.kms.katalon.core.webui.keyword.internal.WebUIKeywordMain.runKeyword(WebUIKeywordMain.groovy:27)
	at com.kms.katalon.core.webui.keyword.builtin.ClickKeyword.click(ClickKeyword.groovy:86)
	at com.kms.katalon.core.webui.keyword.builtin.ClickKeyword.execute(ClickKeyword.groovy:67)
	at com.kms.katalon.core.keyword.internal.KeywordExecutor.executeKeywordForPlatform(KeywordExecutor.groovy:53)
	at com.kms.katalon.core.webui.keyword.WebUiBuiltInKeywords.click(WebUiBuiltInKeywords.groovy:604)
	at com.kms.katalon.core.webui.keyword.WebUiBuiltInKeywords$click$6.call(Unknown Source)
	at Script1534407542420.run(Script1534407542420.groovy:57)
	at com.kms.katalon.core.main.ScriptEngine.run(ScriptEngine.java:183)
	at com.kms.katalon.core.main.ScriptEngine.runScriptAsRawText(ScriptEngine.java:108)
	at com.kms.katalon.core.main.TestCaseExecutor.runScript(TestCaseExecutor.java:294)
	at com.kms.katalon.core.main.TestCaseExecutor.doExecute(TestCaseExecutor.java:285)
	at com.kms.katalon.core.main.TestCaseExecutor.processExecutionPhase(TestCaseExecutor.java:264)
	at com.kms.katalon.core.main.TestCaseExecutor.accessMainPhase(TestCaseExecutor.java:256)
	at com.kms.katalon.core.main.TestCaseExecutor.execute(TestCaseExecutor.java:200)
	at com.kms.katalon.core.main.TestCaseMain.runTestCase(TestCaseMain.java:99)
	at com.kms.katalon.core.keyword.builtin.CallTestCaseKeyword$_callTestCase_closure1.doCall(CallTestCaseKeyword.groovy:60)
	at com.kms.katalon.core.keyword.builtin.CallTestCaseKeyword$_callTestCase_closure1.call(CallTestCaseKeyword.groovy)
	at com.kms.katalon.core.keyword.internal.KeywordMain.runKeyword(KeywordMain.groovy:54)
	at com.kms.katalon.core.keyword.builtin.CallTestCaseKeyword.callTestCase(CallTestCaseKeyword.groovy:81)
	at com.kms.katalon.core.keyword.builtin.CallTestCaseKeyword.execute(CallTestCaseKeyword.groovy:45)
	at com.kms.katalon.core.keyword.internal.KeywordExecutor.executeKeywordForPlatform(KeywordExecutor.groovy:53)
	at com.kms.katalon.core.keyword.BuiltinKeywords.callTestCase(BuiltinKeywords.groovy:334)
	at sun.reflect.GeneratedMethodAccessor13.invoke(Unknown Source)
	at sun.reflect.DelegatingMethodAccessorImpl.invoke(DelegatingMethodAccessorImpl.java:43)
	at java.lang.reflect.Method.invoke(Method.java:498)
	at org.codehaus.groovy.reflection.CachedMethod.invoke(CachedMethod.java:93)
	at groovy.lang.MetaMethod.doMethodInvoke(MetaMethod.java:325)
	at groovy.lang.MetaClassImpl.invokeStaticMethod(MetaClassImpl.java:1469)
	at org.codehaus.groovy.runtime.callsite.StaticMetaClassSite.call(StaticMetaClassSite.java:53)
	at org.codehaus.groovy.runtime.callsite.CallSiteArray.defaultCall(CallSiteArray.java:48)
	at org.codehaus.groovy.runtime.callsite.AbstractCallSite.call(AbstractCallSite.java:113)
	at org.codehaus.groovy.runtime.callsite.AbstractCallSite.call(AbstractCallSite.java:141)
	at Script1536201277272.run(Script1536201277272.groovy:123)
	at com.kms.katalon.core.main.ScriptEngine.run(ScriptEngine.java:183)
	at com.kms.katalon.core.main.ScriptEngine.runScriptAsRawText(ScriptEngine.java:108)
	at com.kms.katalon.core.main.TestCaseExecutor.runScript(TestCaseExecutor.java:294)
	at com.kms.katalon.core.main.TestCaseExecutor.doExecute(TestCaseExecutor.java:285)
	at com.kms.katalon.core.main.TestCaseExecutor.processExecutionPhase(TestCaseExecutor.java:264)
	at com.kms.katalon.core.main.TestCaseExecutor.accessMainPhase(TestCaseExecutor.java:256)
	at com.kms.katalon.core.main.TestCaseExecutor.execute(TestCaseExecutor.java:200)
	at com.kms.katalon.core.main.TestSuiteExecutor.accessTestCaseMainPhase(TestSuiteExecutor.java:129)
	at com.kms.katalon.core.main.TestSuiteExecutor.accessTestSuiteMainPhase(TestSuiteExecutor.java:112)
	at com.kms.katalon.core.main.TestSuiteExecutor.execute(TestSuiteExecutor.java:81)
	at com.kms.katalon.core.main.TestCaseMain.startTestSuite(TestCaseMain.java:142)
	at com.kms.katalon.core.main.TestCaseMain$startTestSuite$0.call(Unknown Source)
	at org.codehaus.groovy.runtime.callsite.CallSiteArray.defaultCall(CallSiteArray.java:48)
	at org.codehaus.groovy.runtime.callsite.AbstractCallSite.call(AbstractCallSite.java:113)
	at org.codehaus.groovy.runtime.callsite.AbstractCallSite.call(AbstractCallSite.java:141)
	at TempTestSuite1542874456666.run(TempTestSuite1542874456666.groovy:36)
	at groovy.lang.GroovyShell.runScriptOrMainOrTestOrRunnable(GroovyShell.java:263)
	at groovy.lang.GroovyShell.run(GroovyShell.java:518)
	at groovy.lang.GroovyShell.run(GroovyShell.java:507)
	at groovy.ui.GroovyMain.processOnce(GroovyMain.java:653)
	at groovy.ui.GroovyMain.run(GroovyMain.java:384)
	at groovy.ui.GroovyMain.process(GroovyMain.java:370)
	at groovy.ui.GroovyMain.processArgs(GroovyMain.java:129)
	at groovy.ui.GroovyMain.main(GroovyMain.java:109)
	at sun.reflect.NativeMethodAccessorImpl.invoke0(Native Method)
	at sun.reflect.NativeMethodAccessorImpl.invoke(NativeMethodAccessorImpl.java:62)
	at sun.reflect.DelegatingMethodAccessorImpl.invoke(DelegatingMethodAccessorImpl.java:43)
	at java.lang.reflect.Method.invoke(Method.java:498)
	at org.codehaus.groovy.tools.GroovyStarter.rootLoader(GroovyStarter.java:109)
	at org.codehaus.groovy.tools.GroovyStarter.main(GroovyStarter.java:131)
)

2018-11-22 22:55:55 - [TEST_STEP][PASSED] - openBrowser: Browser is opened with url: ''

2018-11-22 22:55:55 - [MESSAGE][WARNING] - A browser is already opened. Closing browser and opening a new one

2018-11-22 22:55:59 - [MESSAGE][PASSED] - Browser is opened with url: ''

2018-11-22 22:55:59 - [TEST_STEP][PASSED] - navigateToUrl: Navigate to 'https://assist2-uat.perkeso.gov.my/login' successfully

2018-11-22 22:56:00 - [MESSAGE][PASSED] - Navigate to 'https://assist2-uat.perkeso.gov.my/login' successfully

2018-11-22 22:56:00 - [TEST_STEP][PASSED] - delay: Delayed 5 second(s)

2018-11-22 22:56:05 - [MESSAGE][PASSED] - Delayed 5 second(s)

2018-11-22 22:56:05 - [TEST_STEP][PASSED] - setText: Text 'test@liferay.com' is set on object 'Object Repository/Final Object Repo/Login Page/Internal User/Email Address'

2018-11-22 22:56:05 - [MESSAGE][PASSED] - Text 'test@liferay.com' is set on object 'Object Repository/Final Object Repo/Login Page/Internal User/Email Address'

2018-11-22 22:56:05 - [TEST_STEP][PASSED] - click: Object: 'Object Repository/Final Object Repo/Login Page/Internal User/Next Button' is clicked on

2018-11-22 22:56:06 - [MESSAGE][PASSED] - Object: 'Object Repository/Final Object Repo/Login Page/Internal User/Next Button' is clicked on

2018-11-22 22:56:06 - [TEST_STEP][PASSED] - delay: Delayed 2 second(s)

2018-11-22 22:56:08 - [MESSAGE][PASSED] - Delayed 2 second(s)

2018-11-22 22:56:08 - [TEST_STEP][PASSED] - setText: Text 'test' is set on object 'Object Repository/Final Object Repo/Login Page/Internal User/Password'

2018-11-22 22:56:08 - [MESSAGE][PASSED] - Text 'test' is set on object 'Object Repository/Final Object Repo/Login Page/Internal User/Password'

2018-11-22 22:56:08 - [TEST_STEP][PASSED] - delay: Delayed 2 second(s)

2018-11-22 22:56:10 - [MESSAGE][PASSED] - Delayed 2 second(s)

2018-11-22 22:56:10 - [TEST_STEP][PASSED] - click: Object: 'Object Repository/Final Object Repo/Login Page/Internal User/Login Button' is clicked on

2018-11-22 22:56:10 - [MESSAGE][PASSED] - Object: 'Object Repository/Final Object Repo/Login Page/Internal User/Login Button' is clicked on

2018-11-22 22:56:10 - [TEST_STEP][FAILED] - Statement - Try: Delayed 2 second(s)

2018-11-22 22:56:10 - [TEST_STEP][PASSED] - Statement - Checker = false: null

2018-11-22 22:56:10 - [TEST_STEP][PASSED] - Statement - Checker = com.kms.katalon.core.webui.keyword.WebUiBuiltInKeywords.verifyElementHasAttribute(com.kms.katalon.core.testobject.ObjectRepository.findTestObject(Final Object Repo/Landing Page/BM Detecting), "href", 20, OPTIONAL): Unable to verify if object 'Object Repository/Final Object Repo/Landing Page/BM Detecting' has attribute 'href' (Root cause: org.openqa.selenium.StaleElementReferenceException: stale element reference: element is not attached to the page document
  (Session info: chrome=70.0.3538.102)
  (Driver info: chromedriver=2.43.600210 (68dcf5eebde37173d4027fa8635e332711d2874a),platform=Windows NT 6.1.7601 SP1 x86_64) (WARNING: The server did not provide any stacktrace information)
Command duration or timeout: 0 milliseconds
For documentation on this error, please visit: http://seleniumhq.org/exceptions/stale_element_reference.html
Build info: version: '3.7.1', revision: '8a0099a', time: '2017-11-06T21:07:36.161Z'
System info: host: 'WIN7TEST02', ip: '10.20.3.72', os.name: 'Windows 7', os.arch: 'amd64', os.version: '6.1', java.version: '1.8.0_181'
Driver info: com.kms.katalon.selenium.driver.CChromeDriver
Capabilities {acceptInsecureCerts: false, acceptSslCerts: false, applicationCacheEnabled: false, browserConnectionEnabled: false, browserName: chrome, chrome: {chromedriverVersion: 2.43.600210 (68dcf5eebde371..., userDataDir: C:\Users\Admin\AppData\Loca...}, cssSelectorsEnabled: true, databaseEnabled: false, goog:chromeOptions: {debuggerAddress: localhost:64459}, handlesAlerts: true, hasTouchScreen: false, javascriptEnabled: true, locationContextEnabled: true, mobileEmulationEnabled: false, nativeEvents: true, networkConnectionEnabled: false, pageLoadStrategy: normal, platform: XP, platformName: XP, rotatable: false, setWindowRect: true, takesHeapSnapshot: true, takesScreenshot: true, unexpectedAlertBehaviour: , unhandledPromptBehavior: , version: 70.0.3538.102, webStorageEnabled: true}
Session ID: d142841675248ba60190d90ea52c30dd)

2018-11-22 22:56:12 - [MESSAGE][WARNING] - Unable to verify if object 'Object Repository/Final Object Repo/Landing Page/BM Detecting' has attribute 'href' (Root cause: org.openqa.selenium.StaleElementReferenceException: stale element reference: element is not attached to the page document
  (Session info: chrome=70.0.3538.102)
  (Driver info: chromedriver=2.43.600210 (68dcf5eebde37173d4027fa8635e332711d2874a),platform=Windows NT 6.1.7601 SP1 x86_64) (WARNING: The server did not provide any stacktrace information)
Command duration or timeout: 0 milliseconds
For documentation on this error, please visit: http://seleniumhq.org/exceptions/stale_element_reference.html
Build info: version: '3.7.1', revision: '8a0099a', time: '2017-11-06T21:07:36.161Z'
System info: host: 'WIN7TEST02', ip: '10.20.3.72', os.name: 'Windows 7', os.arch: 'amd64', os.version: '6.1', java.version: '1.8.0_181'
Driver info: com.kms.katalon.selenium.driver.CChromeDriver
Capabilities {acceptInsecureCerts: false, acceptSslCerts: false, applicationCacheEnabled: false, browserConnectionEnabled: false, browserName: chrome, chrome: {chromedriverVersion: 2.43.600210 (68dcf5eebde371..., userDataDir: C:\Users\Admin\AppData\Loca...}, cssSelectorsEnabled: true, databaseEnabled: false, goog:chromeOptions: {debuggerAddress: localhost:64459}, handlesAlerts: true, hasTouchScreen: false, javascriptEnabled: true, locationContextEnabled: true, mobileEmulationEnabled: false, nativeEvents: true, networkConnectionEnabled: false, pageLoadStrategy: normal, platform: XP, platformName: XP, rotatable: false, setWindowRect: true, takesHeapSnapshot: true, takesScreenshot: true, unexpectedAlertBehaviour: , unhandledPromptBehavior: , version: 70.0.3538.102, webStorageEnabled: true}
Session ID: d142841675248ba60190d90ea52c30dd)
[[ATTACHMENT|C:\\Users\\Admin\\Desktop\\PKS\\Perkeso Phase A\\Reports\\Workflow\\Update Add New Employee\\20181122_161416\\1542898572342.png]]

2018-11-22 22:56:12 - [TEST_STEP][PASSED] - Statement - out.println(Checker): null

2018-11-22 22:56:12 - [TEST_STEP][FAILED] - Statement - If (Checker == false): Unable to click on object 'Object Repository/Final Object Repo/Landing Page/Select to English' (Root cause: com.kms.katalon.core.webui.exception.WebElementNotFoundException: Web element with id: 'Object Repository/Final Object Repo/Landing Page/Select to English' located by 'By.xpath: //a[@class = 'taglib-language-list-text' and @lang = 'en-US' and (contains(text(), 'EN') or contains(., 'EN'))]' not found)

2018-11-22 22:56:12 - [TEST_STEP][FAILED] - click: Unable to click on object 'Object Repository/Final Object Repo/Landing Page/Select to English' (Root cause: com.kms.katalon.core.webui.exception.WebElementNotFoundException: Web element with id: 'Object Repository/Final Object Repo/Landing Page/Select to English' located by 'By.xpath: //a[@class = 'taglib-language-list-text' and @lang = 'en-US' and (contains(text(), 'EN') or contains(., 'EN'))]' not found)

2018-11-22 22:56:50 - [MESSAGE][FAILED] - Unable to click on object 'Object Repository/Final Object Repo/Landing Page/Select to English' (Root cause: com.kms.katalon.core.webui.exception.WebElementNotFoundException: Web element with id: 'Object Repository/Final Object Repo/Landing Page/Select to English' located by 'By.xpath: //a[@class = 'taglib-language-list-text' and @lang = 'en-US' and (contains(text(), 'EN') or contains(., 'EN'))]' not found)
[[ATTACHMENT|C:\\Users\\Admin\\Desktop\\PKS\\Perkeso Phase A\\Reports\\Workflow\\Update Add New Employee\\20181122_161416\\1542898609700.png]]

2018-11-22 22:56:50 - [TEST_STEP][PASSED] - delay: Delayed 2 second(s)

2018-11-22 22:56:52 - [MESSAGE][PASSED] - Delayed 2 second(s)

2018-11-22 22:56:52 - [TEST_STEP][PASSED] - delay: Delayed 3 second(s)

2018-11-22 22:56:55 - [MESSAGE][PASSED] - Delayed 3 second(s)

2018-11-22 22:56:55 - [TEST_STEP][PASSED] - mouseOver: Object: 'Object Repository/Final Object Repo/Landing Page/WorkFlow Menu' is hovered

2018-11-22 22:56:55 - [MESSAGE][PASSED] - Object: 'Object Repository/Final Object Repo/Landing Page/WorkFlow Menu' is hovered

2018-11-22 22:56:55 - [TEST_STEP][PASSED] - delay: Delayed 2 second(s)

2018-11-22 22:56:57 - [MESSAGE][PASSED] - Delayed 2 second(s)

2018-11-22 22:56:57 - [TEST_STEP][PASSED] - click: Object: 'Object Repository/Final Object Repo/Landing Page/Select to Workflow Listing' is clicked on

2018-11-22 22:56:58 - [MESSAGE][PASSED] - Object: 'Object Repository/Final Object Repo/Landing Page/Select to Workflow Listing' is clicked on

2018-11-22 22:56:58 - [TEST_STEP][PASSED] - delay: Delayed 2 second(s)

2018-11-22 22:57:00 - [MESSAGE][PASSED] - Delayed 2 second(s)

2018-11-22 22:57:00 - [TEST_STEP][PASSED] - click: Object: 'Object Repository/Final Object Repo/WorkFlow Listing Page/Search Information - To Put Ref No' is clicked on

2018-11-22 22:57:00 - [MESSAGE][PASSED] - Object: 'Object Repository/Final Object Repo/WorkFlow Listing Page/Search Information - To Put Ref No' is clicked on

2018-11-22 22:57:00 - [TEST_STEP][PASSED] - delay: Delayed 2 second(s)

2018-11-22 22:57:02 - [MESSAGE][PASSED] - Delayed 2 second(s)

2018-11-22 22:57:02 - [TEST_STEP][PASSED] - callTestCase: Call Test Case 'Test Cases/Final Aug 2018 - PKS Automation/Common/Reference Number Getter' successfully

2018-11-22 22:57:02 - [TEST_CASE][PASSED] - Test Cases/Final Aug 2018 - PKS Automation/Common/Reference Number Getter: Test Cases/Final Aug 2018 - PKS Automation/Common/Reference Number Getter

2018-11-22 22:57:02 - [TEST_STEP][PASSED] - Statement - Try: null

2018-11-22 22:57:02 - [TEST_STEP][PASSED] - Statement - RefNo = new java.io.File(C://Users//Admin//Desktop//PKS//Automation Reference Point//KatalonReference.txt): null

2018-11-22 22:57:02 - [TEST_STEP][PASSED] - Statement - bufferread = new java.io.BufferedReader(new java.io.FileReader(RefNo)): null

2018-11-22 22:57:02 - [TEST_STEP][PASSED] - Statement - readedVal = bufferread.readLine(): null

2018-11-22 22:57:02 - [TEST_STEP][PASSED] - Statement - out.println(CaseReferenceNo): null

2018-11-22 22:57:02 - [TEST_STEP][PASSED] - Statement - out.println(readedVal): null

2018-11-22 22:57:02 - [TEST_STEP][PASSED] - Statement - CaseReferenceNo = "": null

2018-11-22 22:57:02 - [TEST_STEP][PASSED] - Statement - CaseReferenceNo = readedVal: null

2018-11-22 22:57:02 - [MESSAGE][PASSED] - Call Test Case 'Test Cases/Final Aug 2018 - PKS Automation/Common/Reference Number Getter' successfully

2018-11-22 22:57:02 - [TEST_STEP][PASSED] - setText: Text 'CAN11201800002167' is set on object 'Object Repository/Final Object Repo/WorkFlow Listing Page/Ref No Set Text'

2018-11-22 22:57:02 - [MESSAGE][PASSED] - Text 'CAN11201800002167' is set on object 'Object Repository/Final Object Repo/WorkFlow Listing Page/Ref No Set Text'

2018-11-22 22:57:02 - [TEST_STEP][PASSED] - delay: Delayed 2 second(s)

2018-11-22 22:57:04 - [MESSAGE][PASSED] - Delayed 2 second(s)

2018-11-22 22:57:04 - [TEST_STEP][PASSED] - click: Object: 'Object Repository/Final Object Repo/WorkFlow Listing Page/Search Ref No Search Button' is clicked on

2018-11-22 22:57:05 - [MESSAGE][PASSED] - Object: 'Object Repository/Final Object Repo/WorkFlow Listing Page/Search Ref No Search Button' is clicked on

2018-11-22 22:57:05 - [TEST_STEP][PASSED] - delay: Delayed 4 second(s)

2018-11-22 22:57:09 - [MESSAGE][PASSED] - Delayed 4 second(s)

2018-11-22 22:57:09 - [TEST_STEP][PASSED] - click: Object: 'Object Repository/Final Object Repo/WorkFlow Listing Page/Click Continue Tooltip' is clicked on

2018-11-22 22:57:10 - [MESSAGE][PASSED] - Object: 'Object Repository/Final Object Repo/WorkFlow Listing Page/Click Continue Tooltip' is clicked on

2018-11-22 22:57:10 - [TEST_STEP][PASSED] - delay: Delayed 5 second(s)

2018-11-22 22:57:15 - [MESSAGE][PASSED] - Delayed 5 second(s)

2018-11-22 22:57:15 - [TEST_STEP][PASSED] - doubleClick: Object: 'Object Repository/Final Object Repo/WorkFlow Listing Page/Workflow Found - Listing 1' is double clicked on

2018-11-22 22:57:15 - [MESSAGE][PASSED] - Object: 'Object Repository/Final Object Repo/WorkFlow Listing Page/Workflow Found - Listing 1' is double clicked on

2018-11-22 22:57:15 - [TEST_STEP][PASSED] - Statement - println(OwnerID): null

2018-11-22 22:57:15 - [TEST_STEP][PASSED] - Statement - OwnerID = com.kms.katalon.core.webui.keyword.WebUiBuiltInKeywords.getText(com.kms.katalon.core.testobject.ObjectRepository.findTestObject(Final Object Repo/WorkFlow Listing Page/Workflow Found - Listing 1), STOP_ON_FAILURE): Text of object 'Object Repository/Final Object Repo/WorkFlow Listing Page/Workflow Found - Listing 1' is: 'JOHORro2'

2018-11-22 22:57:15 - [MESSAGE][PASSED] - Text of object 'Object Repository/Final Object Repo/WorkFlow Listing Page/Workflow Found - Listing 1' is: 'JOHORro2'

2018-11-22 22:57:15 - [TEST_STEP][PASSED] - Statement - OwnerID = OwnerID.toLowerCase() + "@gmail.com": null

2018-11-22 22:57:15 - [TEST_STEP][PASSED] - Statement - println(OwnerID): null

2018-11-22 22:57:15 - [TEST_STEP][PASSED] - delay: Delayed 2 second(s)

2018-11-22 22:57:17 - [MESSAGE][PASSED] - Delayed 2 second(s)

2018-11-22 22:57:17 - [MESSAGE][FAILED] - Unable to call Test Case with id 'Test Cases/Final Aug 2018 - PKS Automation/Common/Workflow Owner Finder' (Root cause: Call Test Case 'Test Cases/Final Aug 2018 - PKS Automation/Common/Workflow Owner Finder' failed)]]></system-out>
         <system-err><![CDATA[2018-11-22 22:46:33 - [TEST_CASE][FAILED] - Test Cases/Final Aug 2018 - PKS Automation/Registration Module/Workflow/Update Add New Employee/Special Case (OTC - RO Query - OTC Upload Pending Case - RO Approve): Test Cases/Final Aug 2018 - PKS Automation/Registration Module/Workflow/Update Add New Employee/Special Case (OTC - RO Query - OTC Upload Pending Case - RO Approve) FAILED because (of) (Stack trace: com.kms.katalon.core.exception.StepFailedException: Unable to click on object 'Object Repository/Final Object Repo/Landing Page/Select to English' (Root cause: com.kms.katalon.core.webui.exception.WebElementNotFoundException: Web element with id: 'Object Repository/Final Object Repo/Landing Page/Select to English' located by 'By.xpath: //a[@class = 'taglib-language-list-text' and @lang = 'en-US' and (contains(text(), 'EN') or contains(., 'EN'))]' not found)
	at com.kms.katalon.core.keyword.internal.KeywordMain.stepFailed(KeywordMain.groovy:32)
	at com.kms.katalon.core.webui.keyword.internal.WebUIKeywordMain.stepFailed(WebUIKeywordMain.groovy:65)
	at com.kms.katalon.core.webui.keyword.internal.WebUIKeywordMain.runKeyword(WebUIKeywordMain.groovy:27)
	at com.kms.katalon.core.webui.keyword.builtin.ClickKeyword.click(ClickKeyword.groovy:86)
	at com.kms.katalon.core.webui.keyword.builtin.ClickKeyword.execute(ClickKeyword.groovy:67)
	at com.kms.katalon.core.keyword.internal.KeywordExecutor.executeKeywordForPlatform(KeywordExecutor.groovy:53)
	at com.kms.katalon.core.webui.keyword.WebUiBuiltInKeywords.click(WebUiBuiltInKeywords.groovy:604)
	at com.kms.katalon.core.webui.keyword.WebUiBuiltInKeywords$click$6.call(Unknown Source)
	at Script1534407542420.run(Script1534407542420.groovy:57)
	at com.kms.katalon.core.main.ScriptEngine.run(ScriptEngine.java:183)
	at com.kms.katalon.core.main.ScriptEngine.runScriptAsRawText(ScriptEngine.java:108)
	at com.kms.katalon.core.main.TestCaseExecutor.runScript(TestCaseExecutor.java:294)
	at com.kms.katalon.core.main.TestCaseExecutor.doExecute(TestCaseExecutor.java:285)
	at com.kms.katalon.core.main.TestCaseExecutor.processExecutionPhase(TestCaseExecutor.java:264)
	at com.kms.katalon.core.main.TestCaseExecutor.accessMainPhase(TestCaseExecutor.java:256)
	at com.kms.katalon.core.main.TestCaseExecutor.execute(TestCaseExecutor.java:200)
	at com.kms.katalon.core.main.TestCaseMain.runTestCase(TestCaseMain.java:99)
	at com.kms.katalon.core.keyword.builtin.CallTestCaseKeyword$_callTestCase_closure1.doCall(CallTestCaseKeyword.groovy:60)
	at com.kms.katalon.core.keyword.builtin.CallTestCaseKeyword$_callTestCase_closure1.call(CallTestCaseKeyword.groovy)
	at com.kms.katalon.core.keyword.internal.KeywordMain.runKeyword(KeywordMain.groovy:54)
	at com.kms.katalon.core.keyword.builtin.CallTestCaseKeyword.callTestCase(CallTestCaseKeyword.groovy:81)
	at com.kms.katalon.core.keyword.builtin.CallTestCaseKeyword.execute(CallTestCaseKeyword.groovy:45)
	at com.kms.katalon.core.keyword.internal.KeywordExecutor.executeKeywordForPlatform(KeywordExecutor.groovy:53)
	at com.kms.katalon.core.keyword.BuiltinKeywords.callTestCase(BuiltinKeywords.groovy:334)
	at sun.reflect.GeneratedMethodAccessor13.invoke(Unknown Source)
	at sun.reflect.DelegatingMethodAccessorImpl.invoke(DelegatingMethodAccessorImpl.java:43)
	at java.lang.reflect.Method.invoke(Method.java:498)
	at org.codehaus.groovy.reflection.CachedMethod.invoke(CachedMethod.java:93)
	at groovy.lang.MetaMethod.doMethodInvoke(MetaMethod.java:325)
	at groovy.lang.MetaClassImpl.invokeStaticMethod(MetaClassImpl.java:1469)
	at org.codehaus.groovy.runtime.callsite.StaticMetaClassSite.call(StaticMetaClassSite.java:53)
	at org.codehaus.groovy.runtime.callsite.CallSiteArray.defaultCall(CallSiteArray.java:48)
	at org.codehaus.groovy.runtime.callsite.AbstractCallSite.call(AbstractCallSite.java:113)
	at org.codehaus.groovy.runtime.callsite.AbstractCallSite.call(AbstractCallSite.java:141)
	at Script1536201277272.run(Script1536201277272.groovy:123)
	at com.kms.katalon.core.main.ScriptEngine.run(ScriptEngine.java:183)
	at com.kms.katalon.core.main.ScriptEngine.runScriptAsRawText(ScriptEngine.java:108)
	at com.kms.katalon.core.main.TestCaseExecutor.runScript(TestCaseExecutor.java:294)
	at com.kms.katalon.core.main.TestCaseExecutor.doExecute(TestCaseExecutor.java:285)
	at com.kms.katalon.core.main.TestCaseExecutor.processExecutionPhase(TestCaseExecutor.java:264)
	at com.kms.katalon.core.main.TestCaseExecutor.accessMainPhase(TestCaseExecutor.java:256)
	at com.kms.katalon.core.main.TestCaseExecutor.execute(TestCaseExecutor.java:200)
	at com.kms.katalon.core.main.TestSuiteExecutor.accessTestCaseMainPhase(TestSuiteExecutor.java:129)
	at com.kms.katalon.core.main.TestSuiteExecutor.accessTestSuiteMainPhase(TestSuiteExecutor.java:112)
	at com.kms.katalon.core.main.TestSuiteExecutor.execute(TestSuiteExecutor.java:81)
	at com.kms.katalon.core.main.TestCaseMain.startTestSuite(TestCaseMain.java:142)
	at com.kms.katalon.core.main.TestCaseMain$startTestSuite$0.call(Unknown Source)
	at org.codehaus.groovy.runtime.callsite.CallSiteArray.defaultCall(CallSiteArray.java:48)
	at org.codehaus.groovy.runtime.callsite.AbstractCallSite.call(AbstractCallSite.java:113)
	at org.codehaus.groovy.runtime.callsite.AbstractCallSite.call(AbstractCallSite.java:141)
	at TempTestSuite1542874456666.run(TempTestSuite1542874456666.groovy:36)
	at groovy.lang.GroovyShell.runScriptOrMainOrTestOrRunnable(GroovyShell.java:263)
	at groovy.lang.GroovyShell.run(GroovyShell.java:518)
	at groovy.lang.GroovyShell.run(GroovyShell.java:507)
	at groovy.ui.GroovyMain.processOnce(GroovyMain.java:653)
	at groovy.ui.GroovyMain.run(GroovyMain.java:384)
	at groovy.ui.GroovyMain.process(GroovyMain.java:370)
	at groovy.ui.GroovyMain.processArgs(GroovyMain.java:129)
	at groovy.ui.GroovyMain.main(GroovyMain.java:109)
	at sun.reflect.NativeMethodAccessorImpl.invoke0(Native Method)
	at sun.reflect.NativeMethodAccessorImpl.invoke(NativeMethodAccessorImpl.java:62)
	at sun.reflect.DelegatingMethodAccessorImpl.invoke(DelegatingMethodAccessorImpl.java:43)
	at java.lang.reflect.Method.invoke(Method.java:498)
	at org.codehaus.groovy.tools.GroovyStarter.rootLoader(GroovyStarter.java:109)
	at org.codehaus.groovy.tools.GroovyStarter.main(GroovyStarter.java:131)
)]]></system-err>
      </testcase>
      <testcase name="Test Cases/Final Aug 2018 - PKS Automation/Registration Module/Workflow/Update Add New Employee/Special Case (OTC - RO Under Enforcement)" classname="Test Cases/Final Aug 2018 - PKS Automation/Registration Module/Workflow/Update Add New Employee/Special Case (OTC - RO Under Enforcement)" status="FAILED">
         <failure type="FAILED" message="(Stack trace: com.kms.katalon.core.exception.StepFailedException: Unable to click on object 'Object Repository/Final Object Repo/Landing Page/Select to English' (Root cause: com.kms.katalon.core.webui.exception.WebElementNotFoundException: Web element with id: 'Object Repository/Final Object Repo/Landing Page/Select to English' located by 'By.xpath: //a[@class = 'taglib-language-list-text' and @lang = 'en-US' and (contains(text(), 'EN') or contains(., 'EN'))]' not found)
	at com.kms.katalon.core.keyword.internal.KeywordMain.stepFailed(KeywordMain.groovy:32)
	at com.kms.katalon.core.webui.keyword.internal.WebUIKeywordMain.stepFailed(WebUIKeywordMain.groovy:65)
	at com.kms.katalon.core.webui.keyword.internal.WebUIKeywordMain.runKeyword(WebUIKeywordMain.groovy:27)
	at com.kms.katalon.core.webui.keyword.builtin.ClickKeyword.click(ClickKeyword.groovy:86)
	at com.kms.katalon.core.webui.keyword.builtin.ClickKeyword.execute(ClickKeyword.groovy:67)
	at com.kms.katalon.core.keyword.internal.KeywordExecutor.executeKeywordForPlatform(KeywordExecutor.groovy:53)
	at com.kms.katalon.core.webui.keyword.WebUiBuiltInKeywords.click(WebUiBuiltInKeywords.groovy:604)
	at com.kms.katalon.core.webui.keyword.WebUiBuiltInKeywords$click$6.call(Unknown Source)
	at Script1534407542420.run(Script1534407542420.groovy:57)
	at com.kms.katalon.core.main.ScriptEngine.run(ScriptEngine.java:183)
	at com.kms.katalon.core.main.ScriptEngine.runScriptAsRawText(ScriptEngine.java:108)
	at com.kms.katalon.core.main.TestCaseExecutor.runScript(TestCaseExecutor.java:294)
	at com.kms.katalon.core.main.TestCaseExecutor.doExecute(TestCaseExecutor.java:285)
	at com.kms.katalon.core.main.TestCaseExecutor.processExecutionPhase(TestCaseExecutor.java:264)
	at com.kms.katalon.core.main.TestCaseExecutor.accessMainPhase(TestCaseExecutor.java:256)
	at com.kms.katalon.core.main.TestCaseExecutor.execute(TestCaseExecutor.java:200)
	at com.kms.katalon.core.main.TestCaseMain.runTestCase(TestCaseMain.java:99)
	at com.kms.katalon.core.keyword.builtin.CallTestCaseKeyword$_callTestCase_closure1.doCall(CallTestCaseKeyword.groovy:60)
	at com.kms.katalon.core.keyword.builtin.CallTestCaseKeyword$_callTestCase_closure1.call(CallTestCaseKeyword.groovy)
	at com.kms.katalon.core.keyword.internal.KeywordMain.runKeyword(KeywordMain.groovy:54)
	at com.kms.katalon.core.keyword.builtin.CallTestCaseKeyword.callTestCase(CallTestCaseKeyword.groovy:81)
	at com.kms.katalon.core.keyword.builtin.CallTestCaseKeyword.execute(CallTestCaseKeyword.groovy:45)
	at com.kms.katalon.core.keyword.internal.KeywordExecutor.executeKeywordForPlatform(KeywordExecutor.groovy:53)
	at com.kms.katalon.core.keyword.BuiltinKeywords.callTestCase(BuiltinKeywords.groovy:334)
	at sun.reflect.GeneratedMethodAccessor13.invoke(Unknown Source)
	at sun.reflect.DelegatingMethodAccessorImpl.invoke(DelegatingMethodAccessorImpl.java:43)
	at java.lang.reflect.Method.invoke(Method.java:498)
	at org.codehaus.groovy.reflection.CachedMethod.invoke(CachedMethod.java:93)
	at groovy.lang.MetaMethod.doMethodInvoke(MetaMethod.java:325)
	at groovy.lang.MetaClassImpl.invokeStaticMethod(MetaClassImpl.java:1469)
	at org.codehaus.groovy.runtime.callsite.StaticMetaClassSite.call(StaticMetaClassSite.java:53)
	at org.codehaus.groovy.runtime.callsite.CallSiteArray.defaultCall(CallSiteArray.java:48)
	at org.codehaus.groovy.runtime.callsite.AbstractCallSite.call(AbstractCallSite.java:113)
	at org.codehaus.groovy.runtime.callsite.AbstractCallSite.call(AbstractCallSite.java:141)
	at Script1536200585960.run(Script1536200585960.groovy:121)
	at com.kms.katalon.core.main.ScriptEngine.run(ScriptEngine.java:183)
	at com.kms.katalon.core.main.ScriptEngine.runScriptAsRawText(ScriptEngine.java:108)
	at com.kms.katalon.core.main.TestCaseExecutor.runScript(TestCaseExecutor.java:294)
	at com.kms.katalon.core.main.TestCaseExecutor.doExecute(TestCaseExecutor.java:285)
	at com.kms.katalon.core.main.TestCaseExecutor.processExecutionPhase(TestCaseExecutor.java:264)
	at com.kms.katalon.core.main.TestCaseExecutor.accessMainPhase(TestCaseExecutor.java:256)
	at com.kms.katalon.core.main.TestCaseExecutor.execute(TestCaseExecutor.java:200)
	at com.kms.katalon.core.main.TestSuiteExecutor.accessTestCaseMainPhase(TestSuiteExecutor.java:129)
	at com.kms.katalon.core.main.TestSuiteExecutor.accessTestSuiteMainPhase(TestSuiteExecutor.java:112)
	at com.kms.katalon.core.main.TestSuiteExecutor.execute(TestSuiteExecutor.java:81)
	at com.kms.katalon.core.main.TestCaseMain.startTestSuite(TestCaseMain.java:142)
	at com.kms.katalon.core.main.TestCaseMain$startTestSuite$0.call(Unknown Source)
	at org.codehaus.groovy.runtime.callsite.CallSiteArray.defaultCall(CallSiteArray.java:48)
	at org.codehaus.groovy.runtime.callsite.AbstractCallSite.call(AbstractCallSite.java:113)
	at org.codehaus.groovy.runtime.callsite.AbstractCallSite.call(AbstractCallSite.java:141)
	at TempTestSuite1542874456666.run(TempTestSuite1542874456666.groovy:36)
	at groovy.lang.GroovyShell.runScriptOrMainOrTestOrRunnable(GroovyShell.java:263)
	at groovy.lang.GroovyShell.run(GroovyShell.java:518)
	at groovy.lang.GroovyShell.run(GroovyShell.java:507)
	at groovy.ui.GroovyMain.processOnce(GroovyMain.java:653)
	at groovy.ui.GroovyMain.run(GroovyMain.java:384)
	at groovy.ui.GroovyMain.process(GroovyMain.java:370)
	at groovy.ui.GroovyMain.processArgs(GroovyMain.java:129)
	at groovy.ui.GroovyMain.main(GroovyMain.java:109)
	at sun.reflect.NativeMethodAccessorImpl.invoke0(Native Method)
	at sun.reflect.NativeMethodAccessorImpl.invoke(NativeMethodAccessorImpl.java:62)
	at sun.reflect.DelegatingMethodAccessorImpl.invoke(DelegatingMethodAccessorImpl.java:43)
	at java.lang.reflect.Method.invoke(Method.java:498)
	at org.codehaus.groovy.tools.GroovyStarter.rootLoader(GroovyStarter.java:109)
	at org.codehaus.groovy.tools.GroovyStarter.main(GroovyStarter.java:131)
)"/>
         <system-out><![CDATA[2018-11-22 22:57:17 - [TEST_CASE][FAILED] - Test Cases/Final Aug 2018 - PKS Automation/Registration Module/Workflow/Update Add New Employee/Special Case (OTC - RO Under Enforcement): Test Cases/Final Aug 2018 - PKS Automation/Registration Module/Workflow/Update Add New Employee/Special Case (OTC - RO Under Enforcement) FAILED because (of) (Stack trace: com.kms.katalon.core.exception.StepFailedException: Unable to click on object 'Object Repository/Final Object Repo/Landing Page/Select to English' (Root cause: com.kms.katalon.core.webui.exception.WebElementNotFoundException: Web element with id: 'Object Repository/Final Object Repo/Landing Page/Select to English' located by 'By.xpath: //a[@class = 'taglib-language-list-text' and @lang = 'en-US' and (contains(text(), 'EN') or contains(., 'EN'))]' not found)
	at com.kms.katalon.core.keyword.internal.KeywordMain.stepFailed(KeywordMain.groovy:32)
	at com.kms.katalon.core.webui.keyword.internal.WebUIKeywordMain.stepFailed(WebUIKeywordMain.groovy:65)
	at com.kms.katalon.core.webui.keyword.internal.WebUIKeywordMain.runKeyword(WebUIKeywordMain.groovy:27)
	at com.kms.katalon.core.webui.keyword.builtin.ClickKeyword.click(ClickKeyword.groovy:86)
	at com.kms.katalon.core.webui.keyword.builtin.ClickKeyword.execute(ClickKeyword.groovy:67)
	at com.kms.katalon.core.keyword.internal.KeywordExecutor.executeKeywordForPlatform(KeywordExecutor.groovy:53)
	at com.kms.katalon.core.webui.keyword.WebUiBuiltInKeywords.click(WebUiBuiltInKeywords.groovy:604)
	at com.kms.katalon.core.webui.keyword.WebUiBuiltInKeywords$click$6.call(Unknown Source)
	at Script1534407542420.run(Script1534407542420.groovy:57)
	at com.kms.katalon.core.main.ScriptEngine.run(ScriptEngine.java:183)
	at com.kms.katalon.core.main.ScriptEngine.runScriptAsRawText(ScriptEngine.java:108)
	at com.kms.katalon.core.main.TestCaseExecutor.runScript(TestCaseExecutor.java:294)
	at com.kms.katalon.core.main.TestCaseExecutor.doExecute(TestCaseExecutor.java:285)
	at com.kms.katalon.core.main.TestCaseExecutor.processExecutionPhase(TestCaseExecutor.java:264)
	at com.kms.katalon.core.main.TestCaseExecutor.accessMainPhase(TestCaseExecutor.java:256)
	at com.kms.katalon.core.main.TestCaseExecutor.execute(TestCaseExecutor.java:200)
	at com.kms.katalon.core.main.TestCaseMain.runTestCase(TestCaseMain.java:99)
	at com.kms.katalon.core.keyword.builtin.CallTestCaseKeyword$_callTestCase_closure1.doCall(CallTestCaseKeyword.groovy:60)
	at com.kms.katalon.core.keyword.builtin.CallTestCaseKeyword$_callTestCase_closure1.call(CallTestCaseKeyword.groovy)
	at com.kms.katalon.core.keyword.internal.KeywordMain.runKeyword(KeywordMain.groovy:54)
	at com.kms.katalon.core.keyword.builtin.CallTestCaseKeyword.callTestCase(CallTestCaseKeyword.groovy:81)
	at com.kms.katalon.core.keyword.builtin.CallTestCaseKeyword.execute(CallTestCaseKeyword.groovy:45)
	at com.kms.katalon.core.keyword.internal.KeywordExecutor.executeKeywordForPlatform(KeywordExecutor.groovy:53)
	at com.kms.katalon.core.keyword.BuiltinKeywords.callTestCase(BuiltinKeywords.groovy:334)
	at sun.reflect.GeneratedMethodAccessor13.invoke(Unknown Source)
	at sun.reflect.DelegatingMethodAccessorImpl.invoke(DelegatingMethodAccessorImpl.java:43)
	at java.lang.reflect.Method.invoke(Method.java:498)
	at org.codehaus.groovy.reflection.CachedMethod.invoke(CachedMethod.java:93)
	at groovy.lang.MetaMethod.doMethodInvoke(MetaMethod.java:325)
	at groovy.lang.MetaClassImpl.invokeStaticMethod(MetaClassImpl.java:1469)
	at org.codehaus.groovy.runtime.callsite.StaticMetaClassSite.call(StaticMetaClassSite.java:53)
	at org.codehaus.groovy.runtime.callsite.CallSiteArray.defaultCall(CallSiteArray.java:48)
	at org.codehaus.groovy.runtime.callsite.AbstractCallSite.call(AbstractCallSite.java:113)
	at org.codehaus.groovy.runtime.callsite.AbstractCallSite.call(AbstractCallSite.java:141)
	at Script1536200585960.run(Script1536200585960.groovy:121)
	at com.kms.katalon.core.main.ScriptEngine.run(ScriptEngine.java:183)
	at com.kms.katalon.core.main.ScriptEngine.runScriptAsRawText(ScriptEngine.java:108)
	at com.kms.katalon.core.main.TestCaseExecutor.runScript(TestCaseExecutor.java:294)
	at com.kms.katalon.core.main.TestCaseExecutor.doExecute(TestCaseExecutor.java:285)
	at com.kms.katalon.core.main.TestCaseExecutor.processExecutionPhase(TestCaseExecutor.java:264)
	at com.kms.katalon.core.main.TestCaseExecutor.accessMainPhase(TestCaseExecutor.java:256)
	at com.kms.katalon.core.main.TestCaseExecutor.execute(TestCaseExecutor.java:200)
	at com.kms.katalon.core.main.TestSuiteExecutor.accessTestCaseMainPhase(TestSuiteExecutor.java:129)
	at com.kms.katalon.core.main.TestSuiteExecutor.accessTestSuiteMainPhase(TestSuiteExecutor.java:112)
	at com.kms.katalon.core.main.TestSuiteExecutor.execute(TestSuiteExecutor.java:81)
	at com.kms.katalon.core.main.TestCaseMain.startTestSuite(TestCaseMain.java:142)
	at com.kms.katalon.core.main.TestCaseMain$startTestSuite$0.call(Unknown Source)
	at org.codehaus.groovy.runtime.callsite.CallSiteArray.defaultCall(CallSiteArray.java:48)
	at org.codehaus.groovy.runtime.callsite.AbstractCallSite.call(AbstractCallSite.java:113)
	at org.codehaus.groovy.runtime.callsite.AbstractCallSite.call(AbstractCallSite.java:141)
	at TempTestSuite1542874456666.run(TempTestSuite1542874456666.groovy:36)
	at groovy.lang.GroovyShell.runScriptOrMainOrTestOrRunnable(GroovyShell.java:263)
	at groovy.lang.GroovyShell.run(GroovyShell.java:518)
	at groovy.lang.GroovyShell.run(GroovyShell.java:507)
	at groovy.ui.GroovyMain.processOnce(GroovyMain.java:653)
	at groovy.ui.GroovyMain.run(GroovyMain.java:384)
	at groovy.ui.GroovyMain.process(GroovyMain.java:370)
	at groovy.ui.GroovyMain.processArgs(GroovyMain.java:129)
	at groovy.ui.GroovyMain.main(GroovyMain.java:109)
	at sun.reflect.NativeMethodAccessorImpl.invoke0(Native Method)
	at sun.reflect.NativeMethodAccessorImpl.invoke(NativeMethodAccessorImpl.java:62)
	at sun.reflect.DelegatingMethodAccessorImpl.invoke(DelegatingMethodAccessorImpl.java:43)
	at java.lang.reflect.Method.invoke(Method.java:498)
	at org.codehaus.groovy.tools.GroovyStarter.rootLoader(GroovyStarter.java:109)
	at org.codehaus.groovy.tools.GroovyStarter.main(GroovyStarter.java:131)
)

2018-11-22 22:57:17 - [TEST_STEP][PASSED] - callTestCase: Call Test Case 'Test Cases/Final Aug 2018 - PKS Automation/Registration Module/Workflow/Update Add New Employee/Template/New Company for Update Add New' successfully

2018-11-22 22:57:17 - [TEST_CASE][PASSED] - Test Cases/Final Aug 2018 - PKS Automation/Registration Module/Workflow/Update Add New Employee/Template/New Company for Update Add New: Test Cases/Final Aug 2018 - PKS Automation/Registration Module/Workflow/Update Add New Employee/Template/New Company for Update Add New

2018-11-22 22:57:17 - [TEST_STEP][PASSED] - callTestCase: Call Test Case 'Test Cases/Final Aug 2018 - PKS Automation/Registration Module/New Registration/Form 1/Form 1 - Corporation - BHD' successfully

2018-11-22 22:57:17 - [TEST_CASE][PASSED] - Test Cases/Final Aug 2018 - PKS Automation/Registration Module/New Registration/Form 1/Form 1 - Corporation - BHD: Test Cases/Final Aug 2018 - PKS Automation/Registration Module/New Registration/Form 1/Form 1 - Corporation - BHD

2018-11-22 22:57:17 - [TEST_STEP][PASSED] - openBrowser: Browser is opened with url: ''

2018-11-22 22:57:17 - [MESSAGE][WARNING] - A browser is already opened. Closing browser and opening a new one

2018-11-22 22:57:21 - [MESSAGE][PASSED] - Browser is opened with url: ''

2018-11-22 22:57:21 - [TEST_STEP][PASSED] - navigateToUrl: Navigate to 'https://assist2-uat.perkeso.gov.my/login' successfully

2018-11-22 22:57:22 - [MESSAGE][PASSED] - Navigate to 'https://assist2-uat.perkeso.gov.my/login' successfully

2018-11-22 22:57:22 - [TEST_STEP][PASSED] - setText: Text 'johorotc1@gmail.com' is set on object 'Object Repository/Final Object Repo/Login Page/Internal User/Email Address'

2018-11-22 22:57:23 - [MESSAGE][PASSED] - Text 'johorotc1@gmail.com' is set on object 'Object Repository/Final Object Repo/Login Page/Internal User/Email Address'

2018-11-22 22:57:23 - [TEST_STEP][PASSED] - click: Object: 'Object Repository/Final Object Repo/Login Page/Internal User/Next Button' is clicked on

2018-11-22 22:57:23 - [MESSAGE][PASSED] - Object: 'Object Repository/Final Object Repo/Login Page/Internal User/Next Button' is clicked on

2018-11-22 22:57:23 - [TEST_STEP][PASSED] - delay: Delayed 1 second(s)

2018-11-22 22:57:24 - [MESSAGE][PASSED] - Delayed 1 second(s)

2018-11-22 22:57:24 - [TEST_STEP][PASSED] - setEncryptedText: Text ****** has been set on object 'Object Repository/Final Object Repo/Login Page/Internal User/Password'

2018-11-22 22:57:24 - [MESSAGE][PASSED] - Text ****** has been set on object 'Object Repository/Final Object Repo/Login Page/Internal User/Password'

2018-11-22 22:57:24 - [TEST_STEP][PASSED] - click: Object: 'Object Repository/Final Object Repo/Login Page/Internal User/Login Button' is clicked on

2018-11-22 22:57:24 - [MESSAGE][PASSED] - Object: 'Object Repository/Final Object Repo/Login Page/Internal User/Login Button' is clicked on

2018-11-22 22:57:24 - [TEST_STEP][PASSED] - delay: Delayed 1 second(s)

2018-11-22 22:57:25 - [MESSAGE][PASSED] - Delayed 1 second(s)

2018-11-22 22:57:25 - [TEST_STEP][PASSED] - Statement - Try: Delayed 2 second(s)

2018-11-22 22:57:25 - [TEST_STEP][PASSED] - Statement - Checker = false: null

2018-11-22 22:57:25 - [TEST_STEP][PASSED] - Statement - Checker = com.kms.katalon.core.webui.keyword.WebUiBuiltInKeywords.verifyElementHasAttribute(com.kms.katalon.core.testobject.ObjectRepository.findTestObject(Final Object Repo/Landing Page/BM Detecting), "href", 20, OPTIONAL): Object 'Object Repository/Final Object Repo/Landing Page/BM Detecting' has attribute 'href'

2018-11-22 22:57:26 - [MESSAGE][PASSED] - Object 'Object Repository/Final Object Repo/Landing Page/BM Detecting' has attribute 'href'

2018-11-22 22:57:26 - [TEST_STEP][PASSED] - Statement - out.println(Checker): null

2018-11-22 22:57:26 - [TEST_STEP][PASSED] - Statement - If (Checker == false): null

2018-11-22 22:57:26 - [TEST_STEP][PASSED] - Statement - Else: null

2018-11-22 22:57:26 - [TEST_STEP][PASSED] - delay: Delayed 2 second(s)

2018-11-22 22:57:28 - [MESSAGE][PASSED] - Delayed 2 second(s)

2018-11-22 22:57:28 - [TEST_STEP][PASSED] - navigateToUrl: Navigate to 'https://assist2-uat.perkeso.gov.my/web/registration/registration' successfully

2018-11-22 22:57:29 - [MESSAGE][PASSED] - Navigate to 'https://assist2-uat.perkeso.gov.my/web/registration/registration' successfully

2018-11-22 22:57:29 - [TEST_STEP][PASSED] - click: Object: 'Object Repository/Final Object Repo/New Registration - Registration Module Pages/Form 1/AEC - No' is clicked on

2018-11-22 22:57:29 - [MESSAGE][PASSED] - Object: 'Object Repository/Final Object Repo/New Registration - Registration Module Pages/Form 1/AEC - No' is clicked on

2018-11-22 22:57:29 - [TEST_STEP][PASSED] - click: Object: 'Object Repository/Final Object Repo/New Registration - Registration Module Pages/Form 1/Business Entity' is clicked on

2018-11-22 22:57:30 - [MESSAGE][PASSED] - Object: 'Object Repository/Final Object Repo/New Registration - Registration Module Pages/Form 1/Business Entity' is clicked on

2018-11-22 22:57:30 - [TEST_STEP][PASSED] - click: Object: 'Object Repository/Final Object Repo/New Registration - Registration Module Pages/Form 1/Businees Entity - Corporation' is clicked on

2018-11-22 22:57:30 - [MESSAGE][PASSED] - Object: 'Object Repository/Final Object Repo/New Registration - Registration Module Pages/Form 1/Businees Entity - Corporation' is clicked on

2018-11-22 22:57:30 - [TEST_STEP][PASSED] - delay: Delayed 1 second(s)

2018-11-22 22:57:31 - [MESSAGE][PASSED] - Delayed 1 second(s)

2018-11-22 22:57:31 - [TEST_STEP][PASSED] - click: Object: 'Object Repository/Final Object Repo/New Registration - Registration Module Pages/Form 1/Sub Business Entity' is clicked on

2018-11-22 22:57:31 - [MESSAGE][PASSED] - Object: 'Object Repository/Final Object Repo/New Registration - Registration Module Pages/Form 1/Sub Business Entity' is clicked on

2018-11-22 22:57:31 - [TEST_STEP][PASSED] - click: Object: 'Object Repository/Final Object Repo/New Registration - Registration Module Pages/Form 1/Sub Business Entity - Berhad' is clicked on

2018-11-22 22:57:31 - [MESSAGE][PASSED] - Object: 'Object Repository/Final Object Repo/New Registration - Registration Module Pages/Form 1/Sub Business Entity - Berhad' is clicked on

2018-11-22 22:57:31 - [TEST_STEP][PASSED] - delay: Delayed 1 second(s)

2018-11-22 22:57:32 - [MESSAGE][PASSED] - Delayed 1 second(s)

2018-11-22 22:57:32 - [TEST_STEP][PASSED] - setText: Text '123' is set on object 'Object Repository/Final Object Repo/New Registration - Registration Module Pages/Form 1/Registration Number'

2018-11-22 22:57:33 - [MESSAGE][PASSED] - Text '123' is set on object 'Object Repository/Final Object Repo/New Registration - Registration Module Pages/Form 1/Registration Number'

2018-11-22 22:57:33 - [TEST_STEP][PASSED] - click: Object: 'Object Repository/Final Object Repo/New Registration - Registration Module Pages/Form 1/Registred with SSM - Before Feb' is clicked on

2018-11-22 22:57:33 - [MESSAGE][PASSED] - Object: 'Object Repository/Final Object Repo/New Registration - Registration Module Pages/Form 1/Registred with SSM - Before Feb' is clicked on

2018-11-22 22:57:33 - [TEST_STEP][PASSED] - click: Object: 'Object Repository/Final Object Repo/New Registration - Registration Module Pages/Form 1/Registered As a Branch - Yes' is clicked on

2018-11-22 22:57:33 - [MESSAGE][PASSED] - Object: 'Object Repository/Final Object Repo/New Registration - Registration Module Pages/Form 1/Registered As a Branch - Yes' is clicked on

2018-11-22 22:57:33 - [TEST_STEP][PASSED] - click: Object: 'Object Repository/Final Object Repo/New Registration - Registration Module Pages/Form 1/Acknowledgement' is clicked on

2018-11-22 22:57:33 - [MESSAGE][PASSED] - Object: 'Object Repository/Final Object Repo/New Registration - Registration Module Pages/Form 1/Acknowledgement' is clicked on

2018-11-22 22:57:33 - [TEST_STEP][PASSED] - setText: Text 'perkeso' is set on object 'Object Repository/Final Object Repo/New Registration - Registration Module Pages/Form 1/Industry name'

2018-11-22 22:57:33 - [MESSAGE][PASSED] - Text 'perkeso' is set on object 'Object Repository/Final Object Repo/New Registration - Registration Module Pages/Form 1/Industry name'

2018-11-22 22:57:33 - [TEST_STEP][PASSED] - setText: Text 'perkeso1' is set on object 'Object Repository/Final Object Repo/New Registration - Registration Module Pages/Form 1/Postal Address1'

2018-11-22 22:57:34 - [MESSAGE][PASSED] - Text 'perkeso1' is set on object 'Object Repository/Final Object Repo/New Registration - Registration Module Pages/Form 1/Postal Address1'

2018-11-22 22:57:34 - [TEST_STEP][PASSED] - setText: Text 'perkeso2' is set on object 'Object Repository/Final Object Repo/New Registration - Registration Module Pages/Form 1/Postal Address2'

2018-11-22 22:57:34 - [MESSAGE][PASSED] - Text 'perkeso2' is set on object 'Object Repository/Final Object Repo/New Registration - Registration Module Pages/Form 1/Postal Address2'

2018-11-22 22:57:34 - [TEST_STEP][PASSED] - setText: Text 'perkeso3' is set on object 'Object Repository/Final Object Repo/New Registration - Registration Module Pages/Form 1/Postal Address3'

2018-11-22 22:57:34 - [MESSAGE][PASSED] - Text 'perkeso3' is set on object 'Object Repository/Final Object Repo/New Registration - Registration Module Pages/Form 1/Postal Address3'

2018-11-22 22:57:34 - [TEST_STEP][PASSED] - click: Object: 'Object Repository/Final Object Repo/New Registration - Registration Module Pages/Form 1/State' is clicked on

2018-11-22 22:57:35 - [MESSAGE][PASSED] - Object: 'Object Repository/Final Object Repo/New Registration - Registration Module Pages/Form 1/State' is clicked on

2018-11-22 22:57:35 - [TEST_STEP][PASSED] - click: Object: 'Object Repository/Final Object Repo/New Registration - Registration Module Pages/Form 1/State - Johor' is clicked on

2018-11-22 22:57:35 - [MESSAGE][PASSED] - Object: 'Object Repository/Final Object Repo/New Registration - Registration Module Pages/Form 1/State - Johor' is clicked on

2018-11-22 22:57:35 - [TEST_STEP][PASSED] - delay: Delayed 1 second(s)

2018-11-22 22:57:36 - [MESSAGE][PASSED] - Delayed 1 second(s)

2018-11-22 22:57:36 - [TEST_STEP][PASSED] - click: Object: 'Object Repository/Final Object Repo/New Registration - Registration Module Pages/Form 1/City' is clicked on

2018-11-22 22:57:36 - [MESSAGE][PASSED] - Object: 'Object Repository/Final Object Repo/New Registration - Registration Module Pages/Form 1/City' is clicked on

2018-11-22 22:57:36 - [TEST_STEP][PASSED] - setText: Text 'joh' is set on object 'Object Repository/Final Object Repo/New Registration - Registration Module Pages/Form 1/Postcode - 810'

2018-11-22 22:57:36 - [MESSAGE][PASSED] - Text 'joh' is set on object 'Object Repository/Final Object Repo/New Registration - Registration Module Pages/Form 1/Postcode - 810'

2018-11-22 22:57:36 - [TEST_STEP][PASSED] - delay: Delayed 1 second(s)

2018-11-22 22:57:37 - [MESSAGE][PASSED] - Delayed 1 second(s)

2018-11-22 22:57:37 - [TEST_STEP][PASSED] - click: Object: 'Object Repository/Final Object Repo/New Registration - Registration Module Pages/Form 1/City - Johor Bharu' is clicked on

2018-11-22 22:57:37 - [MESSAGE][PASSED] - Object: 'Object Repository/Final Object Repo/New Registration - Registration Module Pages/Form 1/City - Johor Bharu' is clicked on

2018-11-22 22:57:37 - [TEST_STEP][PASSED] - delay: Delayed 1 second(s)

2018-11-22 22:57:38 - [MESSAGE][PASSED] - Delayed 1 second(s)

2018-11-22 22:57:38 - [TEST_STEP][PASSED] - click: Object: 'Object Repository/Final Object Repo/New Registration - Registration Module Pages/Form 1/Postcode' is clicked on

2018-11-22 22:57:39 - [MESSAGE][PASSED] - Object: 'Object Repository/Final Object Repo/New Registration - Registration Module Pages/Form 1/Postcode' is clicked on

2018-11-22 22:57:39 - [TEST_STEP][PASSED] - delay: Delayed 1 second(s)

2018-11-22 22:57:40 - [MESSAGE][PASSED] - Delayed 1 second(s)

2018-11-22 22:57:40 - [TEST_STEP][PASSED] - setText: Text '810' is set on object 'Object Repository/Final Object Repo/New Registration - Registration Module Pages/Form 1/Postcode - 810'

2018-11-22 22:57:40 - [MESSAGE][PASSED] - Text '810' is set on object 'Object Repository/Final Object Repo/New Registration - Registration Module Pages/Form 1/Postcode - 810'

2018-11-22 22:57:40 - [TEST_STEP][PASSED] - delay: Delayed 3 second(s)

2018-11-22 22:57:43 - [MESSAGE][PASSED] - Delayed 3 second(s)

2018-11-22 22:57:43 - [TEST_STEP][PASSED] - click: Object: 'Object Repository/Final Object Repo/New Registration - Registration Module Pages/Form 1/Postcode - 81000' is clicked on

2018-11-22 22:57:43 - [MESSAGE][PASSED] - Object: 'Object Repository/Final Object Repo/New Registration - Registration Module Pages/Form 1/Postcode - 81000' is clicked on

2018-11-22 22:57:43 - [TEST_STEP][PASSED] - delay: Delayed 1 second(s)

2018-11-22 22:57:44 - [MESSAGE][PASSED] - Delayed 1 second(s)

2018-11-22 22:57:44 - [TEST_STEP][PASSED] - setText: Text '100' is set on object 'Object Repository/Final Object Repo/New Registration - Registration Module Pages/Form 1/P.O.BOX'

2018-11-22 22:57:44 - [MESSAGE][PASSED] - Text '100' is set on object 'Object Repository/Final Object Repo/New Registration - Registration Module Pages/Form 1/P.O.BOX'

2018-11-22 22:57:44 - [TEST_STEP][PASSED] - setText: Text '100' is set on object 'Object Repository/Final Object Repo/New Registration - Registration Module Pages/Form 1/Locked Bag No'

2018-11-22 22:57:44 - [MESSAGE][PASSED] - Text '100' is set on object 'Object Repository/Final Object Repo/New Registration - Registration Module Pages/Form 1/Locked Bag No'

2018-11-22 22:57:44 - [TEST_STEP][PASSED] - click: Object: 'Object Repository/Final Object Repo/New Registration - Registration Module Pages/Form 1/SOCSO Office Location' is clicked on

2018-11-22 22:57:45 - [MESSAGE][PASSED] - Object: 'Object Repository/Final Object Repo/New Registration - Registration Module Pages/Form 1/SOCSO Office Location' is clicked on

2018-11-22 22:57:45 - [TEST_STEP][PASSED] - click: Object: 'Object Repository/Final Object Repo/New Registration - Registration Module Pages/Form 1/SOCSO Office Location - Pejabat PERKESO Negeri Johor' is clicked on

2018-11-22 22:57:45 - [MESSAGE][PASSED] - Object: 'Object Repository/Final Object Repo/New Registration - Registration Module Pages/Form 1/SOCSO Office Location - Pejabat PERKESO Negeri Johor' is clicked on

2018-11-22 22:57:45 - [TEST_STEP][PASSED] - delay: Delayed 1 second(s)

2018-11-22 22:57:46 - [MESSAGE][PASSED] - Delayed 1 second(s)

2018-11-22 22:57:46 - [TEST_STEP][PASSED] - check: Object 'Object Repository/Final Object Repo/New Registration - Registration Module Pages/Form 1/Indusrty Address Same As Postal Address' is checked

2018-11-22 22:57:46 - [MESSAGE][PASSED] - Object 'Object Repository/Final Object Repo/New Registration - Registration Module Pages/Form 1/Indusrty Address Same As Postal Address' is checked

2018-11-22 22:57:46 - [TEST_STEP][PASSED] - delay: Delayed 3 second(s)

2018-11-22 22:57:49 - [MESSAGE][PASSED] - Delayed 3 second(s)

2018-11-22 22:57:49 - [TEST_STEP][PASSED] - click: Object: 'Object Repository/Final Object Repo/New Registration - Registration Module Pages/Form 1/Indusry Address Same As Postal Address False' is clicked on

2018-11-22 22:57:49 - [MESSAGE][PASSED] - Object: 'Object Repository/Final Object Repo/New Registration - Registration Module Pages/Form 1/Indusry Address Same As Postal Address False' is clicked on

2018-11-22 22:57:49 - [TEST_STEP][PASSED] - delay: Delayed 1 second(s)

2018-11-22 22:57:50 - [MESSAGE][PASSED] - Delayed 1 second(s)

2018-11-22 22:57:50 - [TEST_STEP][PASSED] - setText: Text 'perkeso1' is set on object 'Object Repository/Final Object Repo/New Registration - Registration Module Pages/Form 1/Industry Address1'

2018-11-22 22:57:51 - [MESSAGE][PASSED] - Text 'perkeso1' is set on object 'Object Repository/Final Object Repo/New Registration - Registration Module Pages/Form 1/Industry Address1'

2018-11-22 22:57:51 - [TEST_STEP][PASSED] - setText: Text 'perkeso2' is set on object 'Object Repository/Final Object Repo/New Registration - Registration Module Pages/Form 1/Industry Address2'

2018-11-22 22:57:51 - [MESSAGE][PASSED] - Text 'perkeso2' is set on object 'Object Repository/Final Object Repo/New Registration - Registration Module Pages/Form 1/Industry Address2'

2018-11-22 22:57:51 - [TEST_STEP][PASSED] - setText: Text 'perkeso3' is set on object 'Object Repository/Final Object Repo/New Registration - Registration Module Pages/Form 1/Industry Address3'

2018-11-22 22:57:51 - [MESSAGE][PASSED] - Text 'perkeso3' is set on object 'Object Repository/Final Object Repo/New Registration - Registration Module Pages/Form 1/Industry Address3'

2018-11-22 22:57:51 - [TEST_STEP][PASSED] - click: Object: 'Object Repository/Final Object Repo/New Registration - Registration Module Pages/Form 1/Industry State' is clicked on

2018-11-22 22:57:52 - [MESSAGE][PASSED] - Object: 'Object Repository/Final Object Repo/New Registration - Registration Module Pages/Form 1/Industry State' is clicked on

2018-11-22 22:57:52 - [TEST_STEP][PASSED] - delay: Delayed 2 second(s)

2018-11-22 22:57:54 - [MESSAGE][PASSED] - Delayed 2 second(s)

2018-11-22 22:57:54 - [TEST_STEP][PASSED] - click: Object: 'Object Repository/Final Object Repo/New Registration - Registration Module Pages/Form 1/Industry State - Johor' is clicked on

2018-11-22 22:57:54 - [MESSAGE][PASSED] - Object: 'Object Repository/Final Object Repo/New Registration - Registration Module Pages/Form 1/Industry State - Johor' is clicked on

2018-11-22 22:57:54 - [TEST_STEP][PASSED] - delay: Delayed 2 second(s)

2018-11-22 22:57:56 - [MESSAGE][PASSED] - Delayed 2 second(s)

2018-11-22 22:57:56 - [TEST_STEP][PASSED] - click: Object: 'Object Repository/Final Object Repo/New Registration - Registration Module Pages/Form 1/Industry Ciry' is clicked on

2018-11-22 22:57:56 - [MESSAGE][PASSED] - Object: 'Object Repository/Final Object Repo/New Registration - Registration Module Pages/Form 1/Industry Ciry' is clicked on

2018-11-22 22:57:56 - [TEST_STEP][PASSED] - setText: Text 'joh' is set on object 'Object Repository/Final Object Repo/New Registration - Registration Module Pages/Form 1/Industry Ciry - joh'

2018-11-22 22:57:56 - [MESSAGE][PASSED] - Text 'joh' is set on object 'Object Repository/Final Object Repo/New Registration - Registration Module Pages/Form 1/Industry Ciry - joh'

2018-11-22 22:57:56 - [TEST_STEP][PASSED] - delay: Delayed 2 second(s)

2018-11-22 22:57:58 - [MESSAGE][PASSED] - Delayed 2 second(s)

2018-11-22 22:57:58 - [TEST_STEP][PASSED] - click: Object: 'Object Repository/Final Object Repo/New Registration - Registration Module Pages/Form 1/Industy State - Johor Bharu' is clicked on

2018-11-22 22:57:58 - [MESSAGE][PASSED] - Object: 'Object Repository/Final Object Repo/New Registration - Registration Module Pages/Form 1/Industy State - Johor Bharu' is clicked on

2018-11-22 22:57:58 - [TEST_STEP][PASSED] - delay: Delayed 1 second(s)

2018-11-22 22:57:59 - [MESSAGE][PASSED] - Delayed 1 second(s)

2018-11-22 22:57:59 - [TEST_STEP][PASSED] - click: Object: 'Object Repository/Final Object Repo/New Registration - Registration Module Pages/Form 1/Indusry PostCode' is clicked on

2018-11-22 22:57:59 - [MESSAGE][PASSED] - Object: 'Object Repository/Final Object Repo/New Registration - Registration Module Pages/Form 1/Indusry PostCode' is clicked on

2018-11-22 22:57:59 - [TEST_STEP][PASSED] - delay: Delayed 1 second(s)

2018-11-22 22:58:00 - [MESSAGE][PASSED] - Delayed 1 second(s)

2018-11-22 22:58:00 - [TEST_STEP][PASSED] - setText: Text '810' is set on object 'Object Repository/Final Object Repo/New Registration - Registration Module Pages/Form 1/Insutry Post Code - 810'

2018-11-22 22:58:01 - [MESSAGE][PASSED] - Text '810' is set on object 'Object Repository/Final Object Repo/New Registration - Registration Module Pages/Form 1/Insutry Post Code - 810'

2018-11-22 22:58:01 - [TEST_STEP][PASSED] - delay: Delayed 1 second(s)

2018-11-22 22:58:02 - [MESSAGE][PASSED] - Delayed 1 second(s)

2018-11-22 22:58:02 - [TEST_STEP][PASSED] - click: Object: 'Object Repository/Final Object Repo/New Registration - Registration Module Pages/Form 1/Insutry Post Code - 81000' is clicked on

2018-11-22 22:58:02 - [MESSAGE][PASSED] - Object: 'Object Repository/Final Object Repo/New Registration - Registration Module Pages/Form 1/Insutry Post Code - 81000' is clicked on

2018-11-22 22:58:02 - [TEST_STEP][PASSED] - delay: Delayed 1 second(s)

2018-11-22 22:58:03 - [MESSAGE][PASSED] - Delayed 1 second(s)

2018-11-22 22:58:03 - [TEST_STEP][PASSED] - setText: Text '100' is set on object 'Object Repository/Final Object Repo/New Registration - Registration Module Pages/Form 1/Industry P.O.BOX'

2018-11-22 22:58:03 - [MESSAGE][PASSED] - Text '100' is set on object 'Object Repository/Final Object Repo/New Registration - Registration Module Pages/Form 1/Industry P.O.BOX'

2018-11-22 22:58:03 - [TEST_STEP][PASSED] - setText: Text '100' is set on object 'Object Repository/Final Object Repo/New Registration - Registration Module Pages/Form 1/Industry Locked Bag No'

2018-11-22 22:58:03 - [MESSAGE][PASSED] - Text '100' is set on object 'Object Repository/Final Object Repo/New Registration - Registration Module Pages/Form 1/Industry Locked Bag No'

2018-11-22 22:58:03 - [TEST_STEP][PASSED] - setText: Text '123456789' is set on object 'Object Repository/Final Object Repo/New Registration - Registration Module Pages/Form 1/Telephone No'

2018-11-22 22:58:04 - [MESSAGE][PASSED] - Text '123456789' is set on object 'Object Repository/Final Object Repo/New Registration - Registration Module Pages/Form 1/Telephone No'

2018-11-22 22:58:04 - [TEST_STEP][PASSED] - setText: Text '123456789' is set on object 'Object Repository/Final Object Repo/New Registration - Registration Module Pages/Form 1/Mobile No'

2018-11-22 22:58:04 - [MESSAGE][PASSED] - Text '123456789' is set on object 'Object Repository/Final Object Repo/New Registration - Registration Module Pages/Form 1/Mobile No'

2018-11-22 22:58:04 - [TEST_STEP][PASSED] - setText: Text '123456789' is set on object 'Object Repository/Final Object Repo/New Registration - Registration Module Pages/Form 1/Fax No'

2018-11-22 22:58:05 - [MESSAGE][PASSED] - Text '123456789' is set on object 'Object Repository/Final Object Repo/New Registration - Registration Module Pages/Form 1/Fax No'

2018-11-22 22:58:05 - [TEST_STEP][PASSED] - click: Object: 'Object Repository/Final Object Repo/New Registration - Registration Module Pages/Form 1/Industry Code' is clicked on

2018-11-22 22:58:05 - [MESSAGE][PASSED] - Object: 'Object Repository/Final Object Repo/New Registration - Registration Module Pages/Form 1/Industry Code' is clicked on

2018-11-22 22:58:05 - [TEST_STEP][PASSED] - click: Object: 'Object Repository/Final Object Repo/New Registration - Registration Module Pages/Form 1/Indudustry Code - Crops and Animal' is clicked on

2018-11-22 22:58:05 - [MESSAGE][PASSED] - Object: 'Object Repository/Final Object Repo/New Registration - Registration Module Pages/Form 1/Indudustry Code - Crops and Animal' is clicked on

2018-11-22 22:58:05 - [TEST_STEP][PASSED] - delay: Delayed 1 second(s)

2018-11-22 22:58:06 - [MESSAGE][PASSED] - Delayed 1 second(s)

2018-11-22 22:58:06 - [TEST_STEP][PASSED] - click: Object: 'Object Repository/Final Object Repo/New Registration - Registration Module Pages/Form 1/Sub Industry Code List' is clicked on

2018-11-22 22:58:06 - [MESSAGE][PASSED] - Object: 'Object Repository/Final Object Repo/New Registration - Registration Module Pages/Form 1/Sub Industry Code List' is clicked on

2018-11-22 22:58:06 - [TEST_STEP][PASSED] - click: Object: 'Object Repository/Final Object Repo/New Registration - Registration Module Pages/Form 1/Sub Industry Code List - Growing of Maize' is clicked on

2018-11-22 22:58:06 - [MESSAGE][PASSED] - Object: 'Object Repository/Final Object Repo/New Registration - Registration Module Pages/Form 1/Sub Industry Code List - Growing of Maize' is clicked on

2018-11-22 22:58:06 - [TEST_STEP][PASSED] - setText: Text 'perkeso123@gmail.com' is set on object 'Object Repository/Final Object Repo/New Registration - Registration Module Pages/Form 1/Email'

2018-11-22 22:58:07 - [MESSAGE][PASSED] - Text 'perkeso123@gmail.com' is set on object 'Object Repository/Final Object Repo/New Registration - Registration Module Pages/Form 1/Email'

2018-11-22 22:58:07 - [TEST_STEP][PASSED] - click: Object: 'Object Repository/Final Object Repo/New Registration - Registration Module Pages/Form 1/Method of Contribution Payment' is clicked on

2018-11-22 22:58:07 - [MESSAGE][PASSED] - Object: 'Object Repository/Final Object Repo/New Registration - Registration Module Pages/Form 1/Method of Contribution Payment' is clicked on

2018-11-22 22:58:07 - [TEST_STEP][PASSED] - click: Object: 'Object Repository/Final Object Repo/New Registration - Registration Module Pages/Form 1/Method of Contribution Payment - Portal' is clicked on

2018-11-22 22:58:07 - [MESSAGE][PASSED] - Object: 'Object Repository/Final Object Repo/New Registration - Registration Module Pages/Form 1/Method of Contribution Payment - Portal' is clicked on

2018-11-22 22:58:07 - [TEST_STEP][PASSED] - click: Object: 'Object Repository/Final Object Repo/New Registration - Registration Module Pages/Form 1/Servide Type' is clicked on

2018-11-22 22:58:08 - [MESSAGE][PASSED] - Object: 'Object Repository/Final Object Repo/New Registration - Registration Module Pages/Form 1/Servide Type' is clicked on

2018-11-22 22:58:08 - [TEST_STEP][PASSED] - click: Object: 'Object Repository/Final Object Repo/New Registration - Registration Module Pages/Form 1/Servide Type - Professional Bodies' is clicked on

2018-11-22 22:58:08 - [MESSAGE][PASSED] - Object: 'Object Repository/Final Object Repo/New Registration - Registration Module Pages/Form 1/Servide Type - Professional Bodies' is clicked on

2018-11-22 22:58:08 - [TEST_STEP][PASSED] - click: Object: 'Object Repository/Final Object Repo/New Registration - Registration Module Pages/Form 1/Industry Venue' is clicked on

2018-11-22 22:58:08 - [MESSAGE][PASSED] - Object: 'Object Repository/Final Object Repo/New Registration - Registration Module Pages/Form 1/Industry Venue' is clicked on

2018-11-22 22:58:08 - [TEST_STEP][PASSED] - click: Object: 'Object Repository/Final Object Repo/New Registration - Registration Module Pages/Form 1/Industry Venue -  PPN JOHOR' is clicked on

2018-11-22 22:58:08 - [MESSAGE][PASSED] - Object: 'Object Repository/Final Object Repo/New Registration - Registration Module Pages/Form 1/Industry Venue -  PPN JOHOR' is clicked on

2018-11-22 22:58:08 - [TEST_STEP][PASSED] - click: Object: 'Object Repository/Final Object Repo/New Registration - Registration Module Pages/Form 1/Save  Continue' is clicked on

2018-11-22 22:58:08 - [MESSAGE][PASSED] - Object: 'Object Repository/Final Object Repo/New Registration - Registration Module Pages/Form 1/Save  Continue' is clicked on

2018-11-22 22:58:08 - [MESSAGE][PASSED] - Call Test Case 'Test Cases/Final Aug 2018 - PKS Automation/Registration Module/New Registration/Form 1/Form 1 - Corporation - BHD' successfully

2018-11-22 22:58:08 - [TEST_STEP][PASSED] - callTestCase: Call Test Case 'Test Cases/Final Aug 2018 - PKS Automation/Registration Module/New Registration/Form 2/Add 1 Eligible' successfully

2018-11-22 22:58:09 - [TEST_CASE][PASSED] - Test Cases/Final Aug 2018 - PKS Automation/Registration Module/New Registration/Form 2/Add 1 Eligible: Test Cases/Final Aug 2018 - PKS Automation/Registration Module/New Registration/Form 2/Add 1 Eligible

2018-11-22 22:58:09 - [TEST_STEP][PASSED] - delay: Delayed 2 second(s)

2018-11-22 22:58:11 - [MESSAGE][PASSED] - Delayed 2 second(s)

2018-11-22 22:58:11 - [TEST_STEP][PASSED] - callTestCase: Call Test Case 'Test Cases/Final Aug 2018 - PKS Automation/Registration Module/New Registration/Form 2/Date Updater' successfully

2018-11-22 22:58:11 - [TEST_CASE][PASSED] - Test Cases/Final Aug 2018 - PKS Automation/Registration Module/New Registration/Form 2/Date Updater: Test Cases/Final Aug 2018 - PKS Automation/Registration Module/New Registration/Form 2/Date Updater

2018-11-22 22:58:11 - [TEST_STEP][PASSED] - Statement - TodayDate = new java.util.Date(): null

2018-11-22 22:58:11 - [TEST_STEP][PASSED] - Statement - CurrentDateNoFilter = new java.text.SimpleDateFormat(): null

2018-11-22 22:58:11 - [TEST_STEP][PASSED] - Statement - CurrentDateNoFilter.applyPattern("dd"): null

2018-11-22 22:58:11 - [TEST_STEP][PASSED] - Statement - CurrentDate = CurrentDateNoFilter.format(TodayDate): null

2018-11-22 22:58:11 - [TEST_STEP][PASSED] - Statement - CurrentDate = java.lang.Integer.parseInt(CurrentDate): null

2018-11-22 22:58:11 - [TEST_STEP][PASSED] - Statement - CurrentDate = CurrentDate: null

2018-11-22 22:58:11 - [TEST_STEP][PASSED] - Statement - CurrentDay = java.lang.Integer.parseInt(CurrentDate): null

2018-11-22 22:58:11 - [TEST_STEP][PASSED] - Statement - aDayBefore = CurrentDay + 1: null

2018-11-22 22:58:11 - [TEST_STEP][PASSED] - Statement - DayBefore = aDayBefore.toString(): null

2018-11-22 22:58:11 - [TEST_STEP][PASSED] - Statement - OneDayBefore = DayBefore: null

2018-11-22 22:58:11 - [TEST_STEP][PASSED] - Statement - CurrentDateNoFilter.applyPattern("MM"): null

2018-11-22 22:58:11 - [TEST_STEP][PASSED] - Statement - monthContainerMatcher = java.lang.Integer.parseInt(CurrentDateNoFilter.format(TodayDate)): null

2018-11-22 22:58:11 - [TEST_STEP][PASSED] - Statement - monthContainerMatcher = monthContainerMatcher - 1: null

2018-11-22 22:58:11 - [TEST_STEP][PASSED] - Statement - CurrentMonth = monthContainerMatcher.toString(): null

2018-11-22 22:58:11 - [TEST_STEP][PASSED] - Statement - CurrentMonth = CurrentMonth: null

2018-11-22 22:58:11 - [TEST_STEP][PASSED] - Statement - CurrentDateNoFilter.applyPattern("yyyy"): null

2018-11-22 22:58:11 - [TEST_STEP][PASSED] - Statement - CurrentYear = CurrentDateNoFilter.format(TodayDate): null

2018-11-22 22:58:11 - [TEST_STEP][PASSED] - Statement - CurrentYear = CurrentYear: null

2018-11-22 22:58:11 - [TEST_STEP][PASSED] - Statement - intCurrentYear = java.lang.Integer.parseInt(CurrentDateNoFilter.format(TodayDate)): null

2018-11-22 22:58:11 - [TEST_STEP][PASSED] - Statement - eighteenYrsAgo = intCurrentYear - 18: null

2018-11-22 22:58:11 - [TEST_STEP][PASSED] - Statement - eighteenYrsBeforeThisYr = eighteenYrsAgo.toString(): null

2018-11-22 22:58:11 - [TEST_STEP][PASSED] - Statement - EighteenYrsBefore = eighteenYrsBeforeThisYr: null

2018-11-22 22:58:11 - [TEST_STEP][PASSED] - Statement - fiftysevenYrsAgo = intCurrentYear - 57: null

2018-11-22 22:58:11 - [TEST_STEP][PASSED] - Statement - fiftysevenYrsBeforeThisYr = fiftysevenYrsAgo.toString(): null

2018-11-22 22:58:11 - [TEST_STEP][PASSED] - Statement - FiftysevenYrsBefore = fiftysevenYrsBeforeThisYr: null

2018-11-22 22:58:11 - [MESSAGE][PASSED] - Call Test Case 'Test Cases/Final Aug 2018 - PKS Automation/Registration Module/New Registration/Form 2/Date Updater' successfully

2018-11-22 22:58:11 - [TEST_STEP][PASSED] - delay: Delayed 1 second(s)

2018-11-22 22:58:12 - [MESSAGE][PASSED] - Delayed 1 second(s)

2018-11-22 22:58:12 - [TEST_STEP][PASSED] - Statement - CaseReferenceNo = com.kms.katalon.core.webui.keyword.WebUiBuiltInKeywords.getText(com.kms.katalon.core.testobject.ObjectRepository.findTestObject(Final Object Repo/New Registration - Registration Module Pages/Form 2/RefNo Acquiring)): Text of object 'Object Repository/Final Object Repo/New Registration - Registration Module Pages/Form 2/RefNo Acquiring' is: 'CRN11201800122706'

2018-11-22 22:58:12 - [MESSAGE][PASSED] - Text of object 'Object Repository/Final Object Repo/New Registration - Registration Module Pages/Form 2/RefNo Acquiring' is: 'CRN11201800122706'

2018-11-22 22:58:12 - [TEST_STEP][PASSED] - delay: Delayed 1 second(s)

2018-11-22 22:58:13 - [MESSAGE][PASSED] - Delayed 1 second(s)

2018-11-22 22:58:13 - [TEST_STEP][PASSED] - click: Object: 'Object Repository/Final Object Repo/New Registration - Registration Module Pages/Form 2/Add Employee Button' is clicked on

2018-11-22 22:58:13 - [MESSAGE][PASSED] - Object: 'Object Repository/Final Object Repo/New Registration - Registration Module Pages/Form 2/Add Employee Button' is clicked on

2018-11-22 22:58:13 - [TEST_STEP][PASSED] - delay: Delayed 1 second(s)

2018-11-22 22:58:14 - [MESSAGE][PASSED] - Delayed 1 second(s)

2018-11-22 22:58:14 - [TEST_STEP][PASSED] - setText: Text '010903091963' is set on object 'Object Repository/Final Object Repo/New Registration - Registration Module Pages/Form 2/NRIC Input'

2018-11-22 22:58:14 - [MESSAGE][PASSED] - Text '010903091963' is set on object 'Object Repository/Final Object Repo/New Registration - Registration Module Pages/Form 2/NRIC Input'

2018-11-22 22:58:14 - [TEST_STEP][PASSED] - click: Object: 'Object Repository/Final Object Repo/New Registration - Registration Module Pages/Form 2/button for search for IC' is clicked on

2018-11-22 22:58:14 - [MESSAGE][PASSED] - Object: 'Object Repository/Final Object Repo/New Registration - Registration Module Pages/Form 2/button for search for IC' is clicked on

2018-11-22 22:58:14 - [TEST_STEP][PASSED] - delay: Delayed 2 second(s)

2018-11-22 22:58:16 - [MESSAGE][PASSED] - Delayed 2 second(s)

2018-11-22 22:58:16 - [TEST_STEP][PASSED] - setText: Text 'Automate001 eligible 1' is set on object 'Object Repository/Final Object Repo/New Registration - Registration Module Pages/Form 2/Employee Name Input'

2018-11-22 22:58:17 - [MESSAGE][PASSED] - Text 'Automate001 eligible 1' is set on object 'Object Repository/Final Object Repo/New Registration - Registration Module Pages/Form 2/Employee Name Input'

2018-11-22 22:58:17 - [TEST_STEP][PASSED] - delay: Delayed 2 second(s)

2018-11-22 22:58:19 - [MESSAGE][PASSED] - Delayed 2 second(s)

2018-11-22 22:58:19 - [TEST_STEP][PASSED] - click: Object: 'Object Repository/Final Object Repo/New Registration - Registration Module Pages/Form 2/DatePicker Pop Up' is clicked on

2018-11-22 22:58:19 - [MESSAGE][PASSED] - Object: 'Object Repository/Final Object Repo/New Registration - Registration Module Pages/Form 2/DatePicker Pop Up' is clicked on

2018-11-22 22:58:19 - [TEST_STEP][PASSED] - click: Object: 'Object Repository/Final Object Repo/New Registration - Registration Module Pages/Form 2/DOB Month' is clicked on

2018-11-22 22:58:19 - [MESSAGE][PASSED] - Object: 'Object Repository/Final Object Repo/New Registration - Registration Module Pages/Form 2/DOB Month' is clicked on

2018-11-22 22:58:19 - [TEST_STEP][PASSED] - Statement - CurrentMonth = CurrentMonth: null

2018-11-22 22:58:19 - [TEST_STEP][PASSED] - Statement - selectMonth = new com.kms.katalon.core.testobject.TestObject(): null

2018-11-22 22:58:19 - [TEST_STEP][PASSED] - Statement - selectMonth.addProperty("xpath", EQUALS, "//body/div/div/div/select/option[@value='" + CurrentMonth + "']", true): null

2018-11-22 22:58:19 - [TEST_STEP][PASSED] - click: Object: '' is clicked on

2018-11-22 22:58:19 - [MESSAGE][PASSED] - Object: '' is clicked on

2018-11-22 22:58:19 - [TEST_STEP][PASSED] - click: Object: 'Object Repository/Final Object Repo/New Registration - Registration Module Pages/Form 2/DOB Year' is clicked on

2018-11-22 22:58:20 - [MESSAGE][PASSED] - Object: 'Object Repository/Final Object Repo/New Registration - Registration Module Pages/Form 2/DOB Year' is clicked on

2018-11-22 22:58:20 - [TEST_STEP][PASSED] - Statement - Eyearsbf = EighteenYrsBefore: null

2018-11-22 22:58:20 - [TEST_STEP][PASSED] - Statement - selectYear = new com.kms.katalon.core.testobject.TestObject(): null

2018-11-22 22:58:20 - [TEST_STEP][PASSED] - Statement - selectYear.addProperty("xpath", EQUALS, "//div/div/div/select/option[@value='" + Eyearsbf + "']", true): null

2018-11-22 22:58:20 - [TEST_STEP][PASSED] - click: Object: '' is clicked on

2018-11-22 22:58:20 - [MESSAGE][PASSED] - Object: '' is clicked on

2018-11-22 22:58:20 - [TEST_STEP][PASSED] - Statement - UpdatedSelectDate = com.kms.katalon.core.webui.keyword.WebUiBuiltInKeywords.modifyObjectProperty(com.kms.katalon.core.testobject.ObjectRepository.findTestObject(Final Object Repo/New Registration - Registration Module Pages/Form 2/DOB Date), "xpath", "equals", "//body/div/table/tbody/tr/td/a[text()="" + CurrentDate + ""]", true): Modify property of object successfully

2018-11-22 22:58:20 - [MESSAGE][PASSED] - Modify property of object successfully

2018-11-22 22:58:20 - [TEST_STEP][PASSED] - delay: Delayed 3 second(s)

2018-11-22 22:58:23 - [MESSAGE][PASSED] - Delayed 3 second(s)

2018-11-22 22:58:23 - [TEST_STEP][PASSED] - click: Object: 'Object Repository/Final Object Repo/New Registration - Registration Module Pages/Form 2/DOB Date' is clicked on

2018-11-22 22:58:23 - [MESSAGE][PASSED] - Object: 'Object Repository/Final Object Repo/New Registration - Registration Module Pages/Form 2/DOB Date' is clicked on

2018-11-22 22:58:23 - [TEST_STEP][PASSED] - delay: Delayed 2 second(s)

2018-11-22 22:58:25 - [MESSAGE][PASSED] - Delayed 2 second(s)

2018-11-22 22:58:25 - [TEST_STEP][PASSED] - click: Object: 'Object Repository/Final Object Repo/New Registration - Registration Module Pages/Form 2/EmploymentStartDate Pop Up' is clicked on

2018-11-22 22:58:25 - [MESSAGE][PASSED] - Object: 'Object Repository/Final Object Repo/New Registration - Registration Module Pages/Form 2/EmploymentStartDate Pop Up' is clicked on

2018-11-22 22:58:25 - [TEST_STEP][PASSED] - delay: Delayed 2 second(s)

2018-11-22 22:58:27 - [MESSAGE][PASSED] - Delayed 2 second(s)

2018-11-22 22:58:27 - [TEST_STEP][PASSED] - click: Object: 'Object Repository/Final Object Repo/New Registration - Registration Module Pages/Form 2/Socso Employment StartDate Month' is clicked on

2018-11-22 22:58:27 - [MESSAGE][PASSED] - Object: 'Object Repository/Final Object Repo/New Registration - Registration Module Pages/Form 2/Socso Employment StartDate Month' is clicked on

2018-11-22 22:58:27 - [TEST_STEP][PASSED] - delay: Delayed 1 second(s)

2018-11-22 22:58:28 - [MESSAGE][PASSED] - Delayed 1 second(s)

2018-11-22 22:58:28 - [TEST_STEP][PASSED] - click: Object: 'Object Repository/Final Object Repo/New Registration - Registration Module Pages/Form 2/Select Socso Employement Startdate Month' is clicked on

2018-11-22 22:58:28 - [MESSAGE][PASSED] - Object: 'Object Repository/Final Object Repo/New Registration - Registration Module Pages/Form 2/Select Socso Employement Startdate Month' is clicked on

2018-11-22 22:58:28 - [TEST_STEP][PASSED] - delay: Delayed 2 second(s)

2018-11-22 22:58:30 - [MESSAGE][PASSED] - Delayed 2 second(s)

2018-11-22 22:58:30 - [TEST_STEP][PASSED] - click: Object: 'Object Repository/Final Object Repo/New Registration - Registration Module Pages/Form 2/Socso Employment StartDate Year' is clicked on

2018-11-22 22:58:31 - [MESSAGE][PASSED] - Object: 'Object Repository/Final Object Repo/New Registration - Registration Module Pages/Form 2/Socso Employment StartDate Year' is clicked on

2018-11-22 22:58:31 - [TEST_STEP][PASSED] - delay: Delayed 1 second(s)

2018-11-22 22:58:32 - [MESSAGE][PASSED] - Delayed 1 second(s)

2018-11-22 22:58:32 - [TEST_STEP][PASSED] - click: Object: 'Object Repository/Final Object Repo/New Registration - Registration Module Pages/Form 2/Select Socso Employment Startdate Year' is clicked on

2018-11-22 22:58:32 - [MESSAGE][PASSED] - Object: 'Object Repository/Final Object Repo/New Registration - Registration Module Pages/Form 2/Select Socso Employment Startdate Year' is clicked on

2018-11-22 22:58:32 - [TEST_STEP][PASSED] - delay: Delayed 2 second(s)

2018-11-22 22:58:34 - [MESSAGE][PASSED] - Delayed 2 second(s)

2018-11-22 22:58:34 - [TEST_STEP][PASSED] - click: Object: 'Object Repository/Final Object Repo/New Registration - Registration Module Pages/Form 2/Socso Employment Start Date Day' is clicked on

2018-11-22 22:58:34 - [MESSAGE][PASSED] - Object: 'Object Repository/Final Object Repo/New Registration - Registration Module Pages/Form 2/Socso Employment Start Date Day' is clicked on

2018-11-22 22:58:34 - [TEST_STEP][PASSED] - delay: Delayed 2 second(s)

2018-11-22 22:58:36 - [MESSAGE][PASSED] - Delayed 2 second(s)

2018-11-22 22:58:36 - [TEST_STEP][PASSED] - click: Object: 'Object Repository/Final Object Repo/New Registration - Registration Module Pages/Form 2/Save Button for Add Employee' is clicked on

2018-11-22 22:58:36 - [MESSAGE][PASSED] - Object: 'Object Repository/Final Object Repo/New Registration - Registration Module Pages/Form 2/Save Button for Add Employee' is clicked on

2018-11-22 22:58:36 - [TEST_STEP][PASSED] - delay: Delayed 6 second(s)

2018-11-22 22:58:42 - [MESSAGE][PASSED] - Delayed 6 second(s)

2018-11-22 22:58:42 - [TEST_STEP][PASSED] - click: Object: 'Object Repository/Final Object Repo/New Registration - Registration Module Pages/Form 2/Save and Continue Form 2' is clicked on

2018-11-22 22:58:42 - [MESSAGE][PASSED] - Object: 'Object Repository/Final Object Repo/New Registration - Registration Module Pages/Form 2/Save and Continue Form 2' is clicked on

2018-11-22 22:58:42 - [MESSAGE][PASSED] - Call Test Case 'Test Cases/Final Aug 2018 - PKS Automation/Registration Module/New Registration/Form 2/Add 1 Eligible' successfully

2018-11-22 22:58:42 - [TEST_STEP][PASSED] - callTestCase: Call Test Case 'Test Cases/Final Aug 2018 - PKS Automation/Registration Module/New Registration/Flow of New Registration/Third Screen - Upload Supporting Doc - Preview' successfully

2018-11-22 22:58:42 - [TEST_CASE][PASSED] - Test Cases/Final Aug 2018 - PKS Automation/Registration Module/New Registration/Flow of New Registration/Third Screen - Upload Supporting Doc - Preview: Test Cases/Final Aug 2018 - PKS Automation/Registration Module/New Registration/Flow of New Registration/Third Screen - Upload Supporting Doc - Preview

2018-11-22 22:58:42 - [TEST_STEP][PASSED] - waitForPageLoad: Wait for page load successfully

2018-11-22 22:58:43 - [MESSAGE][PASSED] - Wait for page load successfully

2018-11-22 22:58:43 - [TEST_STEP][PASSED] - Statement - CaseReferenceNo = com.kms.katalon.core.webui.keyword.WebUiBuiltInKeywords.getText(com.kms.katalon.core.testobject.ObjectRepository.findTestObject(Final Object Repo/New Registration - Registration Module Pages/Third Screen - Upload Supporting Doc- Preview/RefNo Acquiring)): Text of object 'Object Repository/Final Object Repo/New Registration - Registration Module Pages/Third Screen - Upload Supporting Doc- Preview/RefNo Acquiring' is: 'CRN11201800122706'

2018-11-22 22:58:43 - [MESSAGE][PASSED] - Text of object 'Object Repository/Final Object Repo/New Registration - Registration Module Pages/Third Screen - Upload Supporting Doc- Preview/RefNo Acquiring' is: 'CRN11201800122706'

2018-11-22 22:58:43 - [TEST_STEP][PASSED] - delay: Delayed 2 second(s)

2018-11-22 22:58:45 - [MESSAGE][PASSED] - Delayed 2 second(s)

2018-11-22 22:58:45 - [TEST_STEP][PASSED] - callTestCase: Call Test Case 'Test Cases/Final Aug 2018 - PKS Automation/Common/Reference Number Setter' successfully

2018-11-22 22:58:45 - [TEST_CASE][PASSED] - Test Cases/Final Aug 2018 - PKS Automation/Common/Reference Number Setter: Test Cases/Final Aug 2018 - PKS Automation/Common/Reference Number Setter

2018-11-22 22:58:45 - [TEST_STEP][PASSED] - Statement - RefNoOldFile = new java.io.File(C://Users//Admin//Desktop//PKS//Automation Reference Point//KatalonReference.txt): null

2018-11-22 22:58:45 - [TEST_STEP][PASSED] - Statement - RefNoOldFile.delete(): null

2018-11-22 22:58:45 - [TEST_STEP][PASSED] - delay: Delayed 5 second(s)

2018-11-22 22:58:50 - [MESSAGE][PASSED] - Delayed 5 second(s)

2018-11-22 22:58:50 - [TEST_STEP][PASSED] - Statement - RefNo = new java.io.File(C://Users//Admin//Desktop//PKS//Automation Reference Point//KatalonReference.txt): null

2018-11-22 22:58:50 - [TEST_STEP][PASSED] - Statement - f2 = new java.io.FileWriter(RefNo, false): null

2018-11-22 22:58:50 - [TEST_STEP][PASSED] - Statement - f2.write(CaseReferenceNo): null

2018-11-22 22:58:50 - [TEST_STEP][PASSED] - Statement - f2.close(): null

2018-11-22 22:58:50 - [TEST_STEP][PASSED] - Statement - out.println("


" + CaseReferenceNo + "


"): null

2018-11-22 22:58:50 - [MESSAGE][PASSED] - Call Test Case 'Test Cases/Final Aug 2018 - PKS Automation/Common/Reference Number Setter' successfully

2018-11-22 22:58:50 - [TEST_STEP][PASSED] - waitForElementClickable: Object 'Object Repository/Final Object Repo/New Registration - Registration Module Pages/Third Screen - Upload Supporting Doc- Preview/Save n Continue in SIP Employee Listing Page' is clickable

2018-11-22 22:58:50 - [MESSAGE][PASSED] - Object 'Object Repository/Final Object Repo/New Registration - Registration Module Pages/Third Screen - Upload Supporting Doc- Preview/Save n Continue in SIP Employee Listing Page' is clickable

2018-11-22 22:58:50 - [TEST_STEP][PASSED] - click: Object: 'Object Repository/Final Object Repo/New Registration - Registration Module Pages/Third Screen - Upload Supporting Doc- Preview/Save n Continue in SIP Employee Listing Page' is clicked on

2018-11-22 22:58:56 - [MESSAGE][PASSED] - Object: 'Object Repository/Final Object Repo/New Registration - Registration Module Pages/Third Screen - Upload Supporting Doc- Preview/Save n Continue in SIP Employee Listing Page' is clicked on

2018-11-22 22:58:56 - [TEST_STEP][PASSED] - delay: Delayed 7 second(s)

2018-11-22 22:59:03 - [MESSAGE][PASSED] - Delayed 7 second(s)

2018-11-22 22:59:03 - [TEST_STEP][PASSED] - click: Object: 'Object Repository/Final Object Repo/New Registration - Registration Module Pages/Third Screen - Upload Supporting Doc- Preview/Add Document Button' is clicked on

2018-11-22 22:59:03 - [MESSAGE][PASSED] - Object: 'Object Repository/Final Object Repo/New Registration - Registration Module Pages/Third Screen - Upload Supporting Doc- Preview/Add Document Button' is clicked on

2018-11-22 22:59:03 - [TEST_STEP][PASSED] - delay: Delayed 30 second(s)

2018-11-22 22:59:33 - [MESSAGE][PASSED] - Delayed 30 second(s)

2018-11-22 22:59:33 - [TEST_STEP][PASSED] - click: Object: 'Object Repository/Final Object Repo/New Registration - Registration Module Pages/Third Screen - Upload Supporting Doc- Preview/Supporting Doc Please Select Drop Down' is clicked on

2018-11-22 22:59:33 - [MESSAGE][PASSED] - Object: 'Object Repository/Final Object Repo/New Registration - Registration Module Pages/Third Screen - Upload Supporting Doc- Preview/Supporting Doc Please Select Drop Down' is clicked on

2018-11-22 22:59:33 - [TEST_STEP][PASSED] - delay: Delayed 2 second(s)

2018-11-22 22:59:35 - [MESSAGE][PASSED] - Delayed 2 second(s)

2018-11-22 22:59:35 - [TEST_STEP][PASSED] - click: Object: 'Object Repository/Final Object Repo/New Registration - Registration Module Pages/Third Screen - Upload Supporting Doc- Preview/Select to Upload Form 1' is clicked on

2018-11-22 22:59:35 - [MESSAGE][PASSED] - Object: 'Object Repository/Final Object Repo/New Registration - Registration Module Pages/Third Screen - Upload Supporting Doc- Preview/Select to Upload Form 1' is clicked on

2018-11-22 22:59:35 - [TEST_STEP][PASSED] - delay: Delayed 2 second(s)

2018-11-22 22:59:37 - [MESSAGE][PASSED] - Delayed 2 second(s)

2018-11-22 22:59:37 - [TEST_STEP][PASSED] - uploadFile: File 'C:\Users\Public\Pictures\Sample Pictures\Koala.jpg' sent to object: 'Object Repository/Final Object Repo/New Registration - Registration Module Pages/Third Screen - Upload Supporting Doc- Preview/Upload File Adding'

2018-11-22 22:59:37 - [MESSAGE][PASSED] - File 'C:\Users\Public\Pictures\Sample Pictures\Koala.jpg' sent to object: 'Object Repository/Final Object Repo/New Registration - Registration Module Pages/Third Screen - Upload Supporting Doc- Preview/Upload File Adding'

2018-11-22 22:59:37 - [TEST_STEP][PASSED] - delay: Delayed 5 second(s)

2018-11-22 22:59:42 - [MESSAGE][PASSED] - Delayed 5 second(s)

2018-11-22 22:59:42 - [TEST_STEP][PASSED] - click: Object: 'Object Repository/Final Object Repo/New Registration - Registration Module Pages/Third Screen - Upload Supporting Doc- Preview/Inner Form Add Document Button' is clicked on

2018-11-22 22:59:42 - [MESSAGE][PASSED] - Object: 'Object Repository/Final Object Repo/New Registration - Registration Module Pages/Third Screen - Upload Supporting Doc- Preview/Inner Form Add Document Button' is clicked on

2018-11-22 22:59:42 - [TEST_STEP][PASSED] - delay: Delayed 3 second(s)

2018-11-22 22:59:45 - [MESSAGE][PASSED] - Delayed 3 second(s)

2018-11-22 22:59:45 - [TEST_STEP][PASSED] - click: Object: 'Object Repository/Final Object Repo/New Registration - Registration Module Pages/Third Screen - Upload Supporting Doc- Preview/Add Document Button' is clicked on

2018-11-22 22:59:47 - [MESSAGE][PASSED] - Object: 'Object Repository/Final Object Repo/New Registration - Registration Module Pages/Third Screen - Upload Supporting Doc- Preview/Add Document Button' is clicked on

2018-11-22 22:59:47 - [TEST_STEP][PASSED] - delay: Delayed 30 second(s)

2018-11-22 23:00:17 - [MESSAGE][PASSED] - Delayed 30 second(s)

2018-11-22 23:00:17 - [TEST_STEP][PASSED] - click: Object: 'Object Repository/Final Object Repo/New Registration - Registration Module Pages/Third Screen - Upload Supporting Doc- Preview/Supporting Doc Please Select Drop Down' is clicked on

2018-11-22 23:00:17 - [MESSAGE][PASSED] - Object: 'Object Repository/Final Object Repo/New Registration - Registration Module Pages/Third Screen - Upload Supporting Doc- Preview/Supporting Doc Please Select Drop Down' is clicked on

2018-11-22 23:00:17 - [TEST_STEP][PASSED] - delay: Delayed 2 second(s)

2018-11-22 23:00:19 - [MESSAGE][PASSED] - Delayed 2 second(s)

2018-11-22 23:00:19 - [TEST_STEP][PASSED] - click: Object: 'Object Repository/Final Object Repo/New Registration - Registration Module Pages/Third Screen - Upload Supporting Doc- Preview/Select to Upload Form 2' is clicked on

2018-11-22 23:00:19 - [MESSAGE][PASSED] - Object: 'Object Repository/Final Object Repo/New Registration - Registration Module Pages/Third Screen - Upload Supporting Doc- Preview/Select to Upload Form 2' is clicked on

2018-11-22 23:00:19 - [TEST_STEP][PASSED] - delay: Delayed 2 second(s)

2018-11-22 23:00:21 - [MESSAGE][PASSED] - Delayed 2 second(s)

2018-11-22 23:00:21 - [TEST_STEP][PASSED] - uploadFile: File 'C:\Users\Public\Pictures\Sample Pictures\Koala.jpg' sent to object: 'Object Repository/Final Object Repo/New Registration - Registration Module Pages/Third Screen - Upload Supporting Doc- Preview/Upload File Adding'

2018-11-22 23:00:21 - [MESSAGE][PASSED] - File 'C:\Users\Public\Pictures\Sample Pictures\Koala.jpg' sent to object: 'Object Repository/Final Object Repo/New Registration - Registration Module Pages/Third Screen - Upload Supporting Doc- Preview/Upload File Adding'

2018-11-22 23:00:21 - [TEST_STEP][PASSED] - click: Object: 'Object Repository/Final Object Repo/New Registration - Registration Module Pages/Third Screen - Upload Supporting Doc- Preview/Inner Form Add Document Button' is clicked on

2018-11-22 23:00:22 - [MESSAGE][PASSED] - Object: 'Object Repository/Final Object Repo/New Registration - Registration Module Pages/Third Screen - Upload Supporting Doc- Preview/Inner Form Add Document Button' is clicked on

2018-11-22 23:00:22 - [TEST_STEP][PASSED] - delay: Delayed 5 second(s)

2018-11-22 23:00:27 - [MESSAGE][PASSED] - Delayed 5 second(s)

2018-11-22 23:00:27 - [TEST_STEP][PASSED] - click: Object: 'Object Repository/Final Object Repo/New Registration - Registration Module Pages/Third Screen - Upload Supporting Doc- Preview/Add Document Button' is clicked on

2018-11-22 23:00:27 - [MESSAGE][PASSED] - Object: 'Object Repository/Final Object Repo/New Registration - Registration Module Pages/Third Screen - Upload Supporting Doc- Preview/Add Document Button' is clicked on

2018-11-22 23:00:27 - [TEST_STEP][PASSED] - delay: Delayed 30 second(s)

2018-11-22 23:00:57 - [MESSAGE][PASSED] - Delayed 30 second(s)

2018-11-22 23:00:57 - [TEST_STEP][PASSED] - click: Object: 'Object Repository/Final Object Repo/New Registration - Registration Module Pages/Third Screen - Upload Supporting Doc- Preview/Supporting Doc Please Select Drop Down' is clicked on

2018-11-22 23:00:57 - [MESSAGE][PASSED] - Object: 'Object Repository/Final Object Repo/New Registration - Registration Module Pages/Third Screen - Upload Supporting Doc- Preview/Supporting Doc Please Select Drop Down' is clicked on

2018-11-22 23:00:57 - [TEST_STEP][PASSED] - click: Object: 'Object Repository/Final Object Repo/New Registration - Registration Module Pages/Third Screen - Upload Supporting Doc- Preview/Select to Upload Borang SIP 1' is clicked on

2018-11-22 23:00:57 - [MESSAGE][PASSED] - Object: 'Object Repository/Final Object Repo/New Registration - Registration Module Pages/Third Screen - Upload Supporting Doc- Preview/Select to Upload Borang SIP 1' is clicked on

2018-11-22 23:00:57 - [TEST_STEP][PASSED] - delay: Delayed 2 second(s)

2018-11-22 23:00:59 - [MESSAGE][PASSED] - Delayed 2 second(s)

2018-11-22 23:00:59 - [TEST_STEP][PASSED] - uploadFile: File 'C:\Users\Public\Pictures\Sample Pictures\Koala.jpg' sent to object: 'Object Repository/Final Object Repo/New Registration - Registration Module Pages/Third Screen - Upload Supporting Doc- Preview/Upload File Adding'

2018-11-22 23:00:59 - [MESSAGE][PASSED] - File 'C:\Users\Public\Pictures\Sample Pictures\Koala.jpg' sent to object: 'Object Repository/Final Object Repo/New Registration - Registration Module Pages/Third Screen - Upload Supporting Doc- Preview/Upload File Adding'

2018-11-22 23:00:59 - [TEST_STEP][PASSED] - click: Object: 'Object Repository/Final Object Repo/New Registration - Registration Module Pages/Third Screen - Upload Supporting Doc- Preview/Inner Form Add Document Button' is clicked on

2018-11-22 23:00:59 - [MESSAGE][PASSED] - Object: 'Object Repository/Final Object Repo/New Registration - Registration Module Pages/Third Screen - Upload Supporting Doc- Preview/Inner Form Add Document Button' is clicked on

2018-11-22 23:00:59 - [TEST_STEP][PASSED] - delay: Delayed 5 second(s)

2018-11-22 23:01:04 - [MESSAGE][PASSED] - Delayed 5 second(s)

2018-11-22 23:01:04 - [TEST_STEP][PASSED] - click: Object: 'Object Repository/Final Object Repo/New Registration - Registration Module Pages/Third Screen - Upload Supporting Doc- Preview/Add Document Button' is clicked on

2018-11-22 23:01:05 - [MESSAGE][PASSED] - Object: 'Object Repository/Final Object Repo/New Registration - Registration Module Pages/Third Screen - Upload Supporting Doc- Preview/Add Document Button' is clicked on

2018-11-22 23:01:05 - [TEST_STEP][PASSED] - delay: Delayed 30 second(s)

2018-11-22 23:01:35 - [MESSAGE][PASSED] - Delayed 30 second(s)

2018-11-22 23:01:35 - [TEST_STEP][PASSED] - click: Object: 'Object Repository/Final Object Repo/New Registration - Registration Module Pages/Third Screen - Upload Supporting Doc- Preview/Supporting Doc Please Select Drop Down' is clicked on

2018-11-22 23:01:35 - [MESSAGE][PASSED] - Object: 'Object Repository/Final Object Repo/New Registration - Registration Module Pages/Third Screen - Upload Supporting Doc- Preview/Supporting Doc Please Select Drop Down' is clicked on

2018-11-22 23:01:35 - [TEST_STEP][PASSED] - delay: Delayed 3 second(s)

2018-11-22 23:01:38 - [MESSAGE][PASSED] - Delayed 3 second(s)

2018-11-22 23:01:38 - [TEST_STEP][PASSED] - click: Object: 'Object Repository/Final Object Repo/New Registration - Registration Module Pages/Third Screen - Upload Supporting Doc- Preview/Select to Upload Borang SIP 2' is clicked on

2018-11-22 23:01:38 - [MESSAGE][PASSED] - Object: 'Object Repository/Final Object Repo/New Registration - Registration Module Pages/Third Screen - Upload Supporting Doc- Preview/Select to Upload Borang SIP 2' is clicked on

2018-11-22 23:01:38 - [TEST_STEP][PASSED] - delay: Delayed 2 second(s)

2018-11-22 23:01:40 - [MESSAGE][PASSED] - Delayed 2 second(s)

2018-11-22 23:01:40 - [TEST_STEP][PASSED] - uploadFile: File 'C:\Users\Public\Pictures\Sample Pictures\Koala.jpg' sent to object: 'Object Repository/Final Object Repo/New Registration - Registration Module Pages/Third Screen - Upload Supporting Doc- Preview/Upload File Adding'

2018-11-22 23:01:40 - [MESSAGE][PASSED] - File 'C:\Users\Public\Pictures\Sample Pictures\Koala.jpg' sent to object: 'Object Repository/Final Object Repo/New Registration - Registration Module Pages/Third Screen - Upload Supporting Doc- Preview/Upload File Adding'

2018-11-22 23:01:40 - [TEST_STEP][PASSED] - delay: Delayed 5 second(s)

2018-11-22 23:01:45 - [MESSAGE][PASSED] - Delayed 5 second(s)

2018-11-22 23:01:45 - [TEST_STEP][PASSED] - click: Object: 'Object Repository/Final Object Repo/New Registration - Registration Module Pages/Third Screen - Upload Supporting Doc- Preview/Inner Form Add Document Button' is clicked on

2018-11-22 23:01:45 - [MESSAGE][PASSED] - Object: 'Object Repository/Final Object Repo/New Registration - Registration Module Pages/Third Screen - Upload Supporting Doc- Preview/Inner Form Add Document Button' is clicked on

2018-11-22 23:01:45 - [TEST_STEP][PASSED] - delay: Delayed 3 second(s)

2018-11-22 23:01:48 - [MESSAGE][PASSED] - Delayed 3 second(s)

2018-11-22 23:01:48 - [TEST_STEP][PASSED] - waitForElementClickable: Object 'Object Repository/Final Object Repo/New Registration - Registration Module Pages/Third Screen - Upload Supporting Doc- Preview/Save n Continue in Uploading Supporting Doc Page' is clickable

2018-11-22 23:01:49 - [MESSAGE][PASSED] - Object 'Object Repository/Final Object Repo/New Registration - Registration Module Pages/Third Screen - Upload Supporting Doc- Preview/Save n Continue in Uploading Supporting Doc Page' is clickable

2018-11-22 23:01:49 - [TEST_STEP][PASSED] - click: Object: 'Object Repository/Final Object Repo/New Registration - Registration Module Pages/Third Screen - Upload Supporting Doc- Preview/Save n Continue in Uploading Supporting Doc Page' is clicked on

2018-11-22 23:01:50 - [MESSAGE][PASSED] - Object: 'Object Repository/Final Object Repo/New Registration - Registration Module Pages/Third Screen - Upload Supporting Doc- Preview/Save n Continue in Uploading Supporting Doc Page' is clicked on

2018-11-22 23:01:50 - [MESSAGE][PASSED] - Call Test Case 'Test Cases/Final Aug 2018 - PKS Automation/Registration Module/New Registration/Flow of New Registration/Third Screen - Upload Supporting Doc - Preview' successfully

2018-11-22 23:01:50 - [TEST_STEP][PASSED] - callTestCase: Call Test Case 'Test Cases/Final Aug 2018 - PKS Automation/Registration Module/New Registration/Submit and Screenshot/Submit Registration and Screenshot - Copy' successfully

2018-11-22 23:01:50 - [TEST_CASE][PASSED] - Test Cases/Final Aug 2018 - PKS Automation/Registration Module/New Registration/Submit and Screenshot/Submit Registration and Screenshot - Copy: Test Cases/Final Aug 2018 - PKS Automation/Registration Module/New Registration/Submit and Screenshot/Submit Registration and Screenshot - Copy

2018-11-22 23:01:50 - [TEST_STEP][PASSED] - delay: Delayed 6 second(s)

2018-11-22 23:01:56 - [MESSAGE][PASSED] - Delayed 6 second(s)

2018-11-22 23:01:56 - [TEST_STEP][PASSED] - click: Object: 'Object Repository/Final Object Repo/New Registration - Registration Module Pages/Third Screen - Upload Supporting Doc- Preview/Preview Submit Button' is clicked on

2018-11-22 23:01:56 - [MESSAGE][PASSED] - Object: 'Object Repository/Final Object Repo/New Registration - Registration Module Pages/Third Screen - Upload Supporting Doc- Preview/Preview Submit Button' is clicked on

2018-11-22 23:01:56 - [TEST_STEP][PASSED] - delay: Delayed 2 second(s)

2018-11-22 23:01:58 - [MESSAGE][PASSED] - Delayed 2 second(s)

2018-11-22 23:01:58 - [TEST_STEP][PASSED] - click: Object: 'Object Repository/Final Object Repo/New Registration - Registration Module Pages/Third Screen - Upload Supporting Doc- Preview/Preview Submit - Confirm' is clicked on

2018-11-22 23:01:58 - [MESSAGE][PASSED] - Object: 'Object Repository/Final Object Repo/New Registration - Registration Module Pages/Third Screen - Upload Supporting Doc- Preview/Preview Submit - Confirm' is clicked on

2018-11-22 23:01:58 - [TEST_STEP][PASSED] - delay: Delayed 15 second(s)

2018-11-22 23:02:13 - [MESSAGE][PASSED] - Delayed 15 second(s)

2018-11-22 23:02:13 - [TEST_STEP][PASSED] - Statement - driver = com.kms.katalon.core.webui.driver.DriverFactory.getWebDriver(): null

2018-11-22 23:02:13 - [TEST_STEP][PASSED] - Statement - driver.manage().timeouts().implicitlyWait(10, SECONDS): null

2018-11-22 23:02:13 - [TEST_STEP][PASSED] - Statement - PresavePath = KatalonScreenshots: null

2018-11-22 23:02:13 - [TEST_STEP][PASSED] - Statement - pathPrefix = "C:\Users\Public\Pictures\Sample Pictures\Katalon Screenshots\Automate Ending Screen": null

2018-11-22 23:02:13 - [TEST_STEP][PASSED] - Statement - finalPath = <not implemented yet for class: org.codehaus.groovy.ast.expr.EmptyExpression>: null

2018-11-22 23:02:13 - [TEST_STEP][PASSED] - Statement - scrFile = driver.getScreenshotAs(FILE): null

2018-11-22 23:02:13 - [TEST_STEP][PASSED] - Statement - PreSaveFile = new java.io.File(PresavePath): null

2018-11-22 23:02:13 - [TEST_STEP][PASSED] - Statement - counter = 0: null

2018-11-22 23:02:13 - [TEST_STEP][PASSED] - Statement - If (PreSaveFile.exists()): null

2018-11-22 23:02:13 - [TEST_STEP][PASSED] - Statement - While (PreSaveFile.exists()): null

2018-11-22 23:02:13 - [TEST_STEP][PASSED] - Statement - counter = counter + 1: null

2018-11-22 23:02:13 - [TEST_STEP][PASSED] - Statement - PreSaveFile = new java.io.File(((pathPrefix + java.lang.Integer.toString(counter)) + .png)): null

2018-11-22 23:02:13 - [TEST_STEP][PASSED] - Statement - counter = counter + 1: null

2018-11-22 23:02:13 - [TEST_STEP][PASSED] - Statement - PreSaveFile = new java.io.File(((pathPrefix + java.lang.Integer.toString(counter)) + .png)): null

2018-11-22 23:02:13 - [TEST_STEP][PASSED] - Statement - counter = counter + 1: null

2018-11-22 23:02:13 - [TEST_STEP][PASSED] - Statement - PreSaveFile = new java.io.File(((pathPrefix + java.lang.Integer.toString(counter)) + .png)): null

2018-11-22 23:02:13 - [TEST_STEP][PASSED] - Statement - counter = counter + 1: null

2018-11-22 23:02:13 - [TEST_STEP][PASSED] - Statement - PreSaveFile = new java.io.File(((pathPrefix + java.lang.Integer.toString(counter)) + .png)): null

2018-11-22 23:02:13 - [TEST_STEP][PASSED] - Statement - counter = counter + 1: null

2018-11-22 23:02:13 - [TEST_STEP][PASSED] - Statement - PreSaveFile = new java.io.File(((pathPrefix + java.lang.Integer.toString(counter)) + .png)): null

2018-11-22 23:02:13 - [TEST_STEP][PASSED] - Statement - counter = counter + 1: null

2018-11-22 23:02:13 - [TEST_STEP][PASSED] - Statement - PreSaveFile = new java.io.File(((pathPrefix + java.lang.Integer.toString(counter)) + .png)): null

2018-11-22 23:02:13 - [TEST_STEP][PASSED] - Statement - counter = counter + 1: null

2018-11-22 23:02:13 - [TEST_STEP][PASSED] - Statement - PreSaveFile = new java.io.File(((pathPrefix + java.lang.Integer.toString(counter)) + .png)): null

2018-11-22 23:02:13 - [TEST_STEP][PASSED] - Statement - counter = counter + 1: null

2018-11-22 23:02:13 - [TEST_STEP][PASSED] - Statement - PreSaveFile = new java.io.File(((pathPrefix + java.lang.Integer.toString(counter)) + .png)): null

2018-11-22 23:02:13 - [TEST_STEP][PASSED] - Statement - counter = counter + 1: null

2018-11-22 23:02:13 - [TEST_STEP][PASSED] - Statement - PreSaveFile = new java.io.File(((pathPrefix + java.lang.Integer.toString(counter)) + .png)): null

2018-11-22 23:02:13 - [TEST_STEP][PASSED] - Statement - counter = counter + 1: null

2018-11-22 23:02:13 - [TEST_STEP][PASSED] - Statement - PreSaveFile = new java.io.File(((pathPrefix + java.lang.Integer.toString(counter)) + .png)): null

2018-11-22 23:02:13 - [TEST_STEP][PASSED] - Statement - counter = counter + 1: null

2018-11-22 23:02:13 - [TEST_STEP][PASSED] - Statement - PreSaveFile = new java.io.File(((pathPrefix + java.lang.Integer.toString(counter)) + .png)): null

2018-11-22 23:02:13 - [TEST_STEP][PASSED] - Statement - counter = counter + 1: null

2018-11-22 23:02:13 - [TEST_STEP][PASSED] - Statement - PreSaveFile = new java.io.File(((pathPrefix + java.lang.Integer.toString(counter)) + .png)): null

2018-11-22 23:02:13 - [TEST_STEP][PASSED] - Statement - counter = counter + 1: null

2018-11-22 23:02:13 - [TEST_STEP][PASSED] - Statement - PreSaveFile = new java.io.File(((pathPrefix + java.lang.Integer.toString(counter)) + .png)): null

2018-11-22 23:02:13 - [TEST_STEP][PASSED] - Statement - counter = counter + 1: null

2018-11-22 23:02:13 - [TEST_STEP][PASSED] - Statement - PreSaveFile = new java.io.File(((pathPrefix + java.lang.Integer.toString(counter)) + .png)): null

2018-11-22 23:02:13 - [TEST_STEP][PASSED] - Statement - counter = counter + 1: null

2018-11-22 23:02:13 - [TEST_STEP][PASSED] - Statement - PreSaveFile = new java.io.File(((pathPrefix + java.lang.Integer.toString(counter)) + .png)): null

2018-11-22 23:02:13 - [TEST_STEP][PASSED] - Statement - counter = counter + 1: null

2018-11-22 23:02:13 - [TEST_STEP][PASSED] - Statement - PreSaveFile = new java.io.File(((pathPrefix + java.lang.Integer.toString(counter)) + .png)): null

2018-11-22 23:02:13 - [TEST_STEP][PASSED] - Statement - counter = counter + 1: null

2018-11-22 23:02:13 - [TEST_STEP][PASSED] - Statement - PreSaveFile = new java.io.File(((pathPrefix + java.lang.Integer.toString(counter)) + .png)): null

2018-11-22 23:02:13 - [TEST_STEP][PASSED] - Statement - counter = counter + 1: null

2018-11-22 23:02:13 - [TEST_STEP][PASSED] - Statement - PreSaveFile = new java.io.File(((pathPrefix + java.lang.Integer.toString(counter)) + .png)): null

2018-11-22 23:02:13 - [TEST_STEP][PASSED] - Statement - counter = counter + 1: null

2018-11-22 23:02:13 - [TEST_STEP][PASSED] - Statement - PreSaveFile = new java.io.File(((pathPrefix + java.lang.Integer.toString(counter)) + .png)): null

2018-11-22 23:02:13 - [TEST_STEP][PASSED] - Statement - counter = counter + 1: null

2018-11-22 23:02:13 - [TEST_STEP][PASSED] - Statement - PreSaveFile = new java.io.File(((pathPrefix + java.lang.Integer.toString(counter)) + .png)): null

2018-11-22 23:02:13 - [TEST_STEP][PASSED] - Statement - counter = counter + 1: null

2018-11-22 23:02:13 - [TEST_STEP][PASSED] - Statement - PreSaveFile = new java.io.File(((pathPrefix + java.lang.Integer.toString(counter)) + .png)): null

2018-11-22 23:02:13 - [TEST_STEP][PASSED] - Statement - counter = counter + 1: null

2018-11-22 23:02:13 - [TEST_STEP][PASSED] - Statement - PreSaveFile = new java.io.File(((pathPrefix + java.lang.Integer.toString(counter)) + .png)): null

2018-11-22 23:02:13 - [TEST_STEP][PASSED] - Statement - counter = counter + 1: null

2018-11-22 23:02:13 - [TEST_STEP][PASSED] - Statement - PreSaveFile = new java.io.File(((pathPrefix + java.lang.Integer.toString(counter)) + .png)): null

2018-11-22 23:02:13 - [TEST_STEP][PASSED] - Statement - counter = counter + 1: null

2018-11-22 23:02:13 - [TEST_STEP][PASSED] - Statement - PreSaveFile = new java.io.File(((pathPrefix + java.lang.Integer.toString(counter)) + .png)): null

2018-11-22 23:02:13 - [TEST_STEP][PASSED] - Statement - counter = counter + 1: null

2018-11-22 23:02:13 - [TEST_STEP][PASSED] - Statement - PreSaveFile = new java.io.File(((pathPrefix + java.lang.Integer.toString(counter)) + .png)): null

2018-11-22 23:02:13 - [TEST_STEP][PASSED] - Statement - counter = counter + 1: null

2018-11-22 23:02:13 - [TEST_STEP][PASSED] - Statement - PreSaveFile = new java.io.File(((pathPrefix + java.lang.Integer.toString(counter)) + .png)): null

2018-11-22 23:02:13 - [TEST_STEP][PASSED] - Statement - counter = counter + 1: null

2018-11-22 23:02:13 - [TEST_STEP][PASSED] - Statement - PreSaveFile = new java.io.File(((pathPrefix + java.lang.Integer.toString(counter)) + .png)): null

2018-11-22 23:02:13 - [TEST_STEP][PASSED] - Statement - counter = counter + 1: null

2018-11-22 23:02:13 - [TEST_STEP][PASSED] - Statement - PreSaveFile = new java.io.File(((pathPrefix + java.lang.Integer.toString(counter)) + .png)): null

2018-11-22 23:02:13 - [TEST_STEP][PASSED] - Statement - counter = counter + 1: null

2018-11-22 23:02:13 - [TEST_STEP][PASSED] - Statement - PreSaveFile = new java.io.File(((pathPrefix + java.lang.Integer.toString(counter)) + .png)): null

2018-11-22 23:02:13 - [TEST_STEP][PASSED] - Statement - counter = counter + 1: null

2018-11-22 23:02:13 - [TEST_STEP][PASSED] - Statement - PreSaveFile = new java.io.File(((pathPrefix + java.lang.Integer.toString(counter)) + .png)): null

2018-11-22 23:02:13 - [TEST_STEP][PASSED] - Statement - counter = counter + 1: null

2018-11-22 23:02:13 - [TEST_STEP][PASSED] - Statement - PreSaveFile = new java.io.File(((pathPrefix + java.lang.Integer.toString(counter)) + .png)): null

2018-11-22 23:02:13 - [TEST_STEP][PASSED] - Statement - counter = counter + 1: null

2018-11-22 23:02:13 - [TEST_STEP][PASSED] - Statement - PreSaveFile = new java.io.File(((pathPrefix + java.lang.Integer.toString(counter)) + .png)): null

2018-11-22 23:02:13 - [TEST_STEP][PASSED] - Statement - counter = counter + 1: null

2018-11-22 23:02:13 - [TEST_STEP][PASSED] - Statement - PreSaveFile = new java.io.File(((pathPrefix + java.lang.Integer.toString(counter)) + .png)): null

2018-11-22 23:02:13 - [TEST_STEP][PASSED] - Statement - counter = counter + 1: null

2018-11-22 23:02:13 - [TEST_STEP][PASSED] - Statement - PreSaveFile = new java.io.File(((pathPrefix + java.lang.Integer.toString(counter)) + .png)): null

2018-11-22 23:02:13 - [TEST_STEP][PASSED] - Statement - counter = counter + 1: null

2018-11-22 23:02:13 - [TEST_STEP][PASSED] - Statement - PreSaveFile = new java.io.File(((pathPrefix + java.lang.Integer.toString(counter)) + .png)): null

2018-11-22 23:02:13 - [TEST_STEP][PASSED] - Statement - counter = counter + 1: null

2018-11-22 23:02:13 - [TEST_STEP][PASSED] - Statement - PreSaveFile = new java.io.File(((pathPrefix + java.lang.Integer.toString(counter)) + .png)): null

2018-11-22 23:02:13 - [TEST_STEP][PASSED] - Statement - counter = counter + 1: null

2018-11-22 23:02:13 - [TEST_STEP][PASSED] - Statement - PreSaveFile = new java.io.File(((pathPrefix + java.lang.Integer.toString(counter)) + .png)): null

2018-11-22 23:02:13 - [TEST_STEP][PASSED] - Statement - counter = counter + 1: null

2018-11-22 23:02:13 - [TEST_STEP][PASSED] - Statement - PreSaveFile = new java.io.File(((pathPrefix + java.lang.Integer.toString(counter)) + .png)): null

2018-11-22 23:02:13 - [TEST_STEP][PASSED] - Statement - counter = counter + 1: null

2018-11-22 23:02:13 - [TEST_STEP][PASSED] - Statement - PreSaveFile = new java.io.File(((pathPrefix + java.lang.Integer.toString(counter)) + .png)): null

2018-11-22 23:02:13 - [TEST_STEP][PASSED] - Statement - counter = counter + 1: null

2018-11-22 23:02:13 - [TEST_STEP][PASSED] - Statement - PreSaveFile = new java.io.File(((pathPrefix + java.lang.Integer.toString(counter)) + .png)): null

2018-11-22 23:02:13 - [TEST_STEP][PASSED] - Statement - counter = counter + 1: null

2018-11-22 23:02:13 - [TEST_STEP][PASSED] - Statement - PreSaveFile = new java.io.File(((pathPrefix + java.lang.Integer.toString(counter)) + .png)): null

2018-11-22 23:02:13 - [TEST_STEP][PASSED] - Statement - counter = counter + 1: null

2018-11-22 23:02:13 - [TEST_STEP][PASSED] - Statement - PreSaveFile = new java.io.File(((pathPrefix + java.lang.Integer.toString(counter)) + .png)): null

2018-11-22 23:02:13 - [TEST_STEP][PASSED] - Statement - counter = counter + 1: null

2018-11-22 23:02:13 - [TEST_STEP][PASSED] - Statement - PreSaveFile = new java.io.File(((pathPrefix + java.lang.Integer.toString(counter)) + .png)): null

2018-11-22 23:02:13 - [TEST_STEP][PASSED] - Statement - counter = counter + 1: null

2018-11-22 23:02:13 - [TEST_STEP][PASSED] - Statement - PreSaveFile = new java.io.File(((pathPrefix + java.lang.Integer.toString(counter)) + .png)): null

2018-11-22 23:02:13 - [TEST_STEP][PASSED] - Statement - counter = counter + 1: null

2018-11-22 23:02:13 - [TEST_STEP][PASSED] - Statement - PreSaveFile = new java.io.File(((pathPrefix + java.lang.Integer.toString(counter)) + .png)): null

2018-11-22 23:02:13 - [TEST_STEP][PASSED] - Statement - counter = counter + 1: null

2018-11-22 23:02:13 - [TEST_STEP][PASSED] - Statement - PreSaveFile = new java.io.File(((pathPrefix + java.lang.Integer.toString(counter)) + .png)): null

2018-11-22 23:02:13 - [TEST_STEP][PASSED] - Statement - counter = counter + 1: null

2018-11-22 23:02:13 - [TEST_STEP][PASSED] - Statement - PreSaveFile = new java.io.File(((pathPrefix + java.lang.Integer.toString(counter)) + .png)): null

2018-11-22 23:02:13 - [TEST_STEP][PASSED] - Statement - counter = counter + 1: null

2018-11-22 23:02:13 - [TEST_STEP][PASSED] - Statement - PreSaveFile = new java.io.File(((pathPrefix + java.lang.Integer.toString(counter)) + .png)): null

2018-11-22 23:02:13 - [TEST_STEP][PASSED] - Statement - counter = counter + 1: null

2018-11-22 23:02:13 - [TEST_STEP][PASSED] - Statement - PreSaveFile = new java.io.File(((pathPrefix + java.lang.Integer.toString(counter)) + .png)): null

2018-11-22 23:02:13 - [TEST_STEP][PASSED] - Statement - counter = counter + 1: null

2018-11-22 23:02:13 - [TEST_STEP][PASSED] - Statement - PreSaveFile = new java.io.File(((pathPrefix + java.lang.Integer.toString(counter)) + .png)): null

2018-11-22 23:02:13 - [TEST_STEP][PASSED] - Statement - counter = counter + 1: null

2018-11-22 23:02:13 - [TEST_STEP][PASSED] - Statement - PreSaveFile = new java.io.File(((pathPrefix + java.lang.Integer.toString(counter)) + .png)): null

2018-11-22 23:02:13 - [TEST_STEP][PASSED] - Statement - counter = counter + 1: null

2018-11-22 23:02:13 - [TEST_STEP][PASSED] - Statement - PreSaveFile = new java.io.File(((pathPrefix + java.lang.Integer.toString(counter)) + .png)): null

2018-11-22 23:02:13 - [TEST_STEP][PASSED] - Statement - counter = counter + 1: null

2018-11-22 23:02:13 - [TEST_STEP][PASSED] - Statement - PreSaveFile = new java.io.File(((pathPrefix + java.lang.Integer.toString(counter)) + .png)): null

2018-11-22 23:02:13 - [TEST_STEP][PASSED] - Statement - counter = counter + 1: null

2018-11-22 23:02:13 - [TEST_STEP][PASSED] - Statement - PreSaveFile = new java.io.File(((pathPrefix + java.lang.Integer.toString(counter)) + .png)): null

2018-11-22 23:02:13 - [TEST_STEP][PASSED] - Statement - counter = counter + 1: null

2018-11-22 23:02:13 - [TEST_STEP][PASSED] - Statement - PreSaveFile = new java.io.File(((pathPrefix + java.lang.Integer.toString(counter)) + .png)): null

2018-11-22 23:02:13 - [TEST_STEP][PASSED] - Statement - counter = counter + 1: null

2018-11-22 23:02:13 - [TEST_STEP][PASSED] - Statement - PreSaveFile = new java.io.File(((pathPrefix + java.lang.Integer.toString(counter)) + .png)): null

2018-11-22 23:02:13 - [TEST_STEP][PASSED] - Statement - counter = counter + 1: null

2018-11-22 23:02:13 - [TEST_STEP][PASSED] - Statement - PreSaveFile = new java.io.File(((pathPrefix + java.lang.Integer.toString(counter)) + .png)): null

2018-11-22 23:02:13 - [TEST_STEP][PASSED] - Statement - counter = counter + 1: null

2018-11-22 23:02:13 - [TEST_STEP][PASSED] - Statement - PreSaveFile = new java.io.File(((pathPrefix + java.lang.Integer.toString(counter)) + .png)): null

2018-11-22 23:02:13 - [TEST_STEP][PASSED] - Statement - counter = counter + 1: null

2018-11-22 23:02:13 - [TEST_STEP][PASSED] - Statement - PreSaveFile = new java.io.File(((pathPrefix + java.lang.Integer.toString(counter)) + .png)): null

2018-11-22 23:02:13 - [TEST_STEP][PASSED] - Statement - counter = counter + 1: null

2018-11-22 23:02:13 - [TEST_STEP][PASSED] - Statement - PreSaveFile = new java.io.File(((pathPrefix + java.lang.Integer.toString(counter)) + .png)): null

2018-11-22 23:02:13 - [TEST_STEP][PASSED] - Statement - counter = counter + 1: null

2018-11-22 23:02:13 - [TEST_STEP][PASSED] - Statement - PreSaveFile = new java.io.File(((pathPrefix + java.lang.Integer.toString(counter)) + .png)): null

2018-11-22 23:02:13 - [TEST_STEP][PASSED] - Statement - counter = counter + 1: null

2018-11-22 23:02:13 - [TEST_STEP][PASSED] - Statement - PreSaveFile = new java.io.File(((pathPrefix + java.lang.Integer.toString(counter)) + .png)): null

2018-11-22 23:02:13 - [TEST_STEP][PASSED] - Statement - counter = counter + 1: null

2018-11-22 23:02:13 - [TEST_STEP][PASSED] - Statement - PreSaveFile = new java.io.File(((pathPrefix + java.lang.Integer.toString(counter)) + .png)): null

2018-11-22 23:02:13 - [TEST_STEP][PASSED] - Statement - counter = counter + 1: null

2018-11-22 23:02:13 - [TEST_STEP][PASSED] - Statement - PreSaveFile = new java.io.File(((pathPrefix + java.lang.Integer.toString(counter)) + .png)): null

2018-11-22 23:02:13 - [TEST_STEP][PASSED] - Statement - counter = counter + 1: null

2018-11-22 23:02:13 - [TEST_STEP][PASSED] - Statement - PreSaveFile = new java.io.File(((pathPrefix + java.lang.Integer.toString(counter)) + .png)): null

2018-11-22 23:02:13 - [TEST_STEP][PASSED] - Statement - counter = counter + 1: null

2018-11-22 23:02:13 - [TEST_STEP][PASSED] - Statement - PreSaveFile = new java.io.File(((pathPrefix + java.lang.Integer.toString(counter)) + .png)): null

2018-11-22 23:02:13 - [TEST_STEP][PASSED] - Statement - counter = counter + 1: null

2018-11-22 23:02:13 - [TEST_STEP][PASSED] - Statement - PreSaveFile = new java.io.File(((pathPrefix + java.lang.Integer.toString(counter)) + .png)): null

2018-11-22 23:02:14 - [TEST_STEP][PASSED] - Statement - counter = counter + 1: null

2018-11-22 23:02:14 - [TEST_STEP][PASSED] - Statement - PreSaveFile = new java.io.File(((pathPrefix + java.lang.Integer.toString(counter)) + .png)): null

2018-11-22 23:02:14 - [TEST_STEP][PASSED] - Statement - counter = counter + 1: null

2018-11-22 23:02:14 - [TEST_STEP][PASSED] - Statement - PreSaveFile = new java.io.File(((pathPrefix + java.lang.Integer.toString(counter)) + .png)): null

2018-11-22 23:02:14 - [TEST_STEP][PASSED] - Statement - counter = counter + 1: null

2018-11-22 23:02:14 - [TEST_STEP][PASSED] - Statement - PreSaveFile = new java.io.File(((pathPrefix + java.lang.Integer.toString(counter)) + .png)): null

2018-11-22 23:02:14 - [TEST_STEP][PASSED] - Statement - counter = counter + 1: null

2018-11-22 23:02:14 - [TEST_STEP][PASSED] - Statement - PreSaveFile = new java.io.File(((pathPrefix + java.lang.Integer.toString(counter)) + .png)): null

2018-11-22 23:02:14 - [TEST_STEP][PASSED] - Statement - counter = counter + 1: null

2018-11-22 23:02:14 - [TEST_STEP][PASSED] - Statement - PreSaveFile = new java.io.File(((pathPrefix + java.lang.Integer.toString(counter)) + .png)): null

2018-11-22 23:02:14 - [TEST_STEP][PASSED] - Statement - counter = counter + 1: null

2018-11-22 23:02:14 - [TEST_STEP][PASSED] - Statement - PreSaveFile = new java.io.File(((pathPrefix + java.lang.Integer.toString(counter)) + .png)): null

2018-11-22 23:02:14 - [TEST_STEP][PASSED] - Statement - counter = counter + 1: null

2018-11-22 23:02:14 - [TEST_STEP][PASSED] - Statement - PreSaveFile = new java.io.File(((pathPrefix + java.lang.Integer.toString(counter)) + .png)): null

2018-11-22 23:02:14 - [TEST_STEP][PASSED] - Statement - counter = counter + 1: null

2018-11-22 23:02:14 - [TEST_STEP][PASSED] - Statement - PreSaveFile = new java.io.File(((pathPrefix + java.lang.Integer.toString(counter)) + .png)): null

2018-11-22 23:02:14 - [TEST_STEP][PASSED] - Statement - counter = counter + 1: null

2018-11-22 23:02:14 - [TEST_STEP][PASSED] - Statement - PreSaveFile = new java.io.File(((pathPrefix + java.lang.Integer.toString(counter)) + .png)): null

2018-11-22 23:02:14 - [TEST_STEP][PASSED] - Statement - counter = counter + 1: null

2018-11-22 23:02:14 - [TEST_STEP][PASSED] - Statement - PreSaveFile = new java.io.File(((pathPrefix + java.lang.Integer.toString(counter)) + .png)): null

2018-11-22 23:02:14 - [TEST_STEP][PASSED] - Statement - finalPath = pathPrefix + java.lang.Integer.toString(counter) + ".png": null

2018-11-22 23:02:14 - [TEST_STEP][PASSED] - Statement - SaveFile = new java.io.File(finalPath): null

2018-11-22 23:02:14 - [TEST_STEP][PASSED] - Statement - Try: null

2018-11-22 23:02:14 - [TEST_STEP][PASSED] - Statement - org.apache.commons.io.FileUtils.copyFile(scrFile, SaveFile): null

2018-11-22 23:02:14 - [TEST_STEP][PASSED] - Statement - out.println("file kept"): null

2018-11-22 23:02:14 - [TEST_STEP][PASSED] - delay: Delayed 10 second(s)

2018-11-22 23:02:24 - [MESSAGE][PASSED] - Delayed 10 second(s)

2018-11-22 23:02:24 - [MESSAGE][PASSED] - Call Test Case 'Test Cases/Final Aug 2018 - PKS Automation/Registration Module/New Registration/Submit and Screenshot/Submit Registration and Screenshot - Copy' successfully

2018-11-22 23:02:24 - [TEST_STEP][PASSED] - Statement - UpdateAddNewECode = com.kms.katalon.core.webui.keyword.WebUiBuiltInKeywords.getText(com.kms.katalon.core.testobject.ObjectRepository.findTestObject(Object Repository/Final Object Repo/Page_Update Add New Employee - ASSIST/getEmpCode)): Text of object 'Object Repository/Final Object Repo/Page_Update Add New Employee - ASSIST/getEmpCode' is: 'E1102070358K'

2018-11-22 23:02:24 - [MESSAGE][PASSED] - Text of object 'Object Repository/Final Object Repo/Page_Update Add New Employee - ASSIST/getEmpCode' is: 'E1102070358K'

2018-11-22 23:02:24 - [TEST_STEP][PASSED] - callTestCase: Call Test Case 'Test Cases/Final Aug 2018 - PKS Automation/Common/Emp Code Setter' successfully

2018-11-22 23:02:24 - [TEST_CASE][PASSED] - Test Cases/Final Aug 2018 - PKS Automation/Common/Emp Code Setter: Test Cases/Final Aug 2018 - PKS Automation/Common/Emp Code Setter

2018-11-22 23:02:24 - [TEST_STEP][PASSED] - Statement - EmpCodeOld = new java.io.File(C://Users//Admin//Desktop//PKS//Automation Reference Point//EmpCode.txt): null

2018-11-22 23:02:24 - [TEST_STEP][PASSED] - Statement - EmpCodeOld.delete(): null

2018-11-22 23:02:24 - [TEST_STEP][PASSED] - Statement - EmpCode = new java.io.File(C://Users//Admin//Desktop//PKS//Automation Reference Point//EmpCode.txt): null

2018-11-22 23:02:24 - [TEST_STEP][PASSED] - Statement - EmpCode.append(UpdateAddNewECode): null

2018-11-22 23:02:24 - [TEST_STEP][PASSED] - Statement - out.println("


" + UpdateAddNewECode + "


"): null

2018-11-22 23:02:24 - [MESSAGE][PASSED] - Call Test Case 'Test Cases/Final Aug 2018 - PKS Automation/Common/Emp Code Setter' successfully

2018-11-22 23:02:24 - [MESSAGE][PASSED] - Call Test Case 'Test Cases/Final Aug 2018 - PKS Automation/Registration Module/Workflow/Update Add New Employee/Template/New Company for Update Add New' successfully

2018-11-22 23:02:24 - [TEST_STEP][PASSED] - callTestCase: Call Test Case 'Test Cases/Final Aug 2018 - PKS Automation/Registration Module/Log Out/log out avoiding katalon tagging' successfully

2018-11-22 23:02:24 - [TEST_CASE][PASSED] - Test Cases/Final Aug 2018 - PKS Automation/Registration Module/Log Out/log out avoiding katalon tagging: Test Cases/Final Aug 2018 - PKS Automation/Registration Module/Log Out/log out avoiding katalon tagging

2018-11-22 23:02:24 - [TEST_STEP][PASSED] - navigateToUrl: Navigate to 'https://assist2-uat.perkeso.gov.my/c/portal/logout' successfully

2018-11-22 23:02:25 - [MESSAGE][PASSED] - Navigate to 'https://assist2-uat.perkeso.gov.my/c/portal/logout' successfully

2018-11-22 23:02:25 - [MESSAGE][PASSED] - Call Test Case 'Test Cases/Final Aug 2018 - PKS Automation/Registration Module/Log Out/log out avoiding katalon tagging' successfully

2018-11-22 23:02:25 - [TEST_STEP][PASSED] - callTestCase: Call Test Case 'Test Cases/Final Aug 2018 - PKS Automation/Registration Module/New Registration/Form 2/Date Updater' successfully

2018-11-22 23:02:25 - [TEST_CASE][PASSED] - Test Cases/Final Aug 2018 - PKS Automation/Registration Module/New Registration/Form 2/Date Updater: Test Cases/Final Aug 2018 - PKS Automation/Registration Module/New Registration/Form 2/Date Updater

2018-11-22 23:02:25 - [TEST_STEP][PASSED] - Statement - TodayDate = new java.util.Date(): null

2018-11-22 23:02:25 - [TEST_STEP][PASSED] - Statement - CurrentDateNoFilter = new java.text.SimpleDateFormat(): null

2018-11-22 23:02:25 - [TEST_STEP][PASSED] - Statement - CurrentDateNoFilter.applyPattern("dd"): null

2018-11-22 23:02:25 - [TEST_STEP][PASSED] - Statement - CurrentDate = CurrentDateNoFilter.format(TodayDate): null

2018-11-22 23:02:25 - [TEST_STEP][PASSED] - Statement - CurrentDate = java.lang.Integer.parseInt(CurrentDate): null

2018-11-22 23:02:25 - [TEST_STEP][PASSED] - Statement - CurrentDate = CurrentDate: null

2018-11-22 23:02:25 - [TEST_STEP][PASSED] - Statement - CurrentDay = java.lang.Integer.parseInt(CurrentDate): null

2018-11-22 23:02:25 - [TEST_STEP][PASSED] - Statement - aDayBefore = CurrentDay + 1: null

2018-11-22 23:02:25 - [TEST_STEP][PASSED] - Statement - DayBefore = aDayBefore.toString(): null

2018-11-22 23:02:25 - [TEST_STEP][PASSED] - Statement - OneDayBefore = DayBefore: null

2018-11-22 23:02:25 - [TEST_STEP][PASSED] - Statement - CurrentDateNoFilter.applyPattern("MM"): null

2018-11-22 23:02:25 - [TEST_STEP][PASSED] - Statement - monthContainerMatcher = java.lang.Integer.parseInt(CurrentDateNoFilter.format(TodayDate)): null

2018-11-22 23:02:25 - [TEST_STEP][PASSED] - Statement - monthContainerMatcher = monthContainerMatcher - 1: null

2018-11-22 23:02:25 - [TEST_STEP][PASSED] - Statement - CurrentMonth = monthContainerMatcher.toString(): null

2018-11-22 23:02:25 - [TEST_STEP][PASSED] - Statement - CurrentMonth = CurrentMonth: null

2018-11-22 23:02:25 - [TEST_STEP][PASSED] - Statement - CurrentDateNoFilter.applyPattern("yyyy"): null

2018-11-22 23:02:25 - [TEST_STEP][PASSED] - Statement - CurrentYear = CurrentDateNoFilter.format(TodayDate): null

2018-11-22 23:02:25 - [TEST_STEP][PASSED] - Statement - CurrentYear = CurrentYear: null

2018-11-22 23:02:25 - [TEST_STEP][PASSED] - Statement - intCurrentYear = java.lang.Integer.parseInt(CurrentDateNoFilter.format(TodayDate)): null

2018-11-22 23:02:25 - [TEST_STEP][PASSED] - Statement - eighteenYrsAgo = intCurrentYear - 18: null

2018-11-22 23:02:25 - [TEST_STEP][PASSED] - Statement - eighteenYrsBeforeThisYr = eighteenYrsAgo.toString(): null

2018-11-22 23:02:25 - [TEST_STEP][PASSED] - Statement - EighteenYrsBefore = eighteenYrsBeforeThisYr: null

2018-11-22 23:02:25 - [TEST_STEP][PASSED] - Statement - fiftysevenYrsAgo = intCurrentYear - 57: null

2018-11-22 23:02:25 - [TEST_STEP][PASSED] - Statement - fiftysevenYrsBeforeThisYr = fiftysevenYrsAgo.toString(): null

2018-11-22 23:02:25 - [TEST_STEP][PASSED] - Statement - FiftysevenYrsBefore = fiftysevenYrsBeforeThisYr: null

2018-11-22 23:02:25 - [MESSAGE][PASSED] - Call Test Case 'Test Cases/Final Aug 2018 - PKS Automation/Registration Module/New Registration/Form 2/Date Updater' successfully

2018-11-22 23:02:25 - [TEST_STEP][PASSED] - delay: Delayed 2 second(s)

2018-11-22 23:02:27 - [MESSAGE][PASSED] - Delayed 2 second(s)

2018-11-22 23:02:27 - [TEST_STEP][PASSED] - setText: Text 'klotc2@gmail.com' is set on object 'Object Repository/Final Object Repo/Page_Update Add New Employee - ASSIST/Email TextBox'

2018-11-22 23:02:27 - [MESSAGE][PASSED] - Text 'klotc2@gmail.com' is set on object 'Object Repository/Final Object Repo/Page_Update Add New Employee - ASSIST/Email TextBox'

2018-11-22 23:02:27 - [TEST_STEP][PASSED] - click: Object: 'Object Repository/Final Object Repo/Page_Update Add New Employee - ASSIST/Next Button' is clicked on

2018-11-22 23:02:27 - [MESSAGE][PASSED] - Object: 'Object Repository/Final Object Repo/Page_Update Add New Employee - ASSIST/Next Button' is clicked on

2018-11-22 23:02:27 - [TEST_STEP][PASSED] - delay: Delayed 2 second(s)

2018-11-22 23:02:29 - [MESSAGE][PASSED] - Delayed 2 second(s)

2018-11-22 23:02:29 - [TEST_STEP][PASSED] - setText: Text 'Test1@3456789' is set on object 'Object Repository/Final Object Repo/Page_Update Add New Employee - ASSIST/Password TextBox'

2018-11-22 23:02:29 - [MESSAGE][PASSED] - Text 'Test1@3456789' is set on object 'Object Repository/Final Object Repo/Page_Update Add New Employee - ASSIST/Password TextBox'

2018-11-22 23:02:29 - [TEST_STEP][PASSED] - delay: Delayed 2 second(s)

2018-11-22 23:02:31 - [MESSAGE][PASSED] - Delayed 2 second(s)

2018-11-22 23:02:31 - [TEST_STEP][PASSED] - click: Object: 'Object Repository/Final Object Repo/Page_Update Add New Employee - ASSIST/Login Button' is clicked on

2018-11-22 23:02:32 - [MESSAGE][PASSED] - Object: 'Object Repository/Final Object Repo/Page_Update Add New Employee - ASSIST/Login Button' is clicked on

2018-11-22 23:02:32 - [TEST_STEP][PASSED] - delay: Delayed 4 second(s)

2018-11-22 23:02:36 - [MESSAGE][PASSED] - Delayed 4 second(s)

2018-11-22 23:02:36 - [TEST_STEP][PASSED] - Statement - Try: Delayed 2 second(s)

2018-11-22 23:02:36 - [TEST_STEP][PASSED] - Statement - Checker = false: null

2018-11-22 23:02:36 - [TEST_STEP][PASSED] - Statement - Checker = com.kms.katalon.core.webui.keyword.WebUiBuiltInKeywords.verifyElementHasAttribute(com.kms.katalon.core.testobject.ObjectRepository.findTestObject(Final Object Repo/Landing Page/BM Detecting), "href", 20, OPTIONAL): Object 'Object Repository/Final Object Repo/Landing Page/BM Detecting' has attribute 'href'

2018-11-22 23:02:36 - [MESSAGE][PASSED] - Object 'Object Repository/Final Object Repo/Landing Page/BM Detecting' has attribute 'href'

2018-11-22 23:02:36 - [TEST_STEP][PASSED] - Statement - out.println(Checker): null

2018-11-22 23:02:36 - [TEST_STEP][PASSED] - Statement - If (Checker == false): null

2018-11-22 23:02:36 - [TEST_STEP][PASSED] - Statement - Else: null

2018-11-22 23:02:36 - [TEST_STEP][PASSED] - delay: Delayed 2 second(s)

2018-11-22 23:02:38 - [MESSAGE][PASSED] - Delayed 2 second(s)

2018-11-22 23:02:38 - [TEST_STEP][PASSED] - delay: Delayed 4 second(s)

2018-11-22 23:02:42 - [MESSAGE][PASSED] - Delayed 4 second(s)

2018-11-22 23:02:42 - [TEST_STEP][PASSED] - click: Object: 'Object Repository/Final Object Repo/Page_Update Add New Employee - ASSIST/My Sites Drop Down' is clicked on

2018-11-22 23:02:42 - [MESSAGE][PASSED] - Object: 'Object Repository/Final Object Repo/Page_Update Add New Employee - ASSIST/My Sites Drop Down' is clicked on

2018-11-22 23:02:42 - [TEST_STEP][PASSED] - click: Object: 'Object Repository/Final Object Repo/Page_Update Add New Employee - ASSIST/Select to Registration Module' is clicked on

2018-11-22 23:02:43 - [MESSAGE][PASSED] - Object: 'Object Repository/Final Object Repo/Page_Update Add New Employee - ASSIST/Select to Registration Module' is clicked on

2018-11-22 23:02:43 - [TEST_STEP][PASSED] - navigateToUrl: Navigate to 'https://assist2-uat.perkeso.gov.my/web/registration/myassist' successfully

2018-11-22 23:02:43 - [MESSAGE][PASSED] - Navigate to 'https://assist2-uat.perkeso.gov.my/web/registration/myassist' successfully

2018-11-22 23:02:43 - [TEST_STEP][PASSED] - mouseOver: Object: 'Object Repository/Final Object Repo/Page_Update Add New Employee - ASSIST/Select to Update Akta 4 Tab' is hovered

2018-11-22 23:02:43 - [MESSAGE][PASSED] - Object: 'Object Repository/Final Object Repo/Page_Update Add New Employee - ASSIST/Select to Update Akta 4 Tab' is hovered

2018-11-22 23:02:43 - [TEST_STEP][PASSED] - delay: Delayed 2 second(s)

2018-11-22 23:02:45 - [MESSAGE][PASSED] - Delayed 2 second(s)

2018-11-22 23:02:45 - [TEST_STEP][PASSED] - click: Object: 'Object Repository/Final Object Repo/Page_Update Add New Employee - ASSIST/Select to Update Add New Employee' is clicked on

2018-11-22 23:02:46 - [MESSAGE][PASSED] - Object: 'Object Repository/Final Object Repo/Page_Update Add New Employee - ASSIST/Select to Update Add New Employee' is clicked on

2018-11-22 23:02:46 - [TEST_STEP][PASSED] - delay: Delayed 2 second(s)

2018-11-22 23:02:48 - [MESSAGE][PASSED] - Delayed 2 second(s)

2018-11-22 23:02:48 - [TEST_STEP][PASSED] - setText: Text 'E1102070358K' is set on object 'Object Repository/Final Object Repo/Page_Update Add New Employee - ASSIST/Employer Code input textbox'

2018-11-22 23:02:48 - [MESSAGE][PASSED] - Text 'E1102070358K' is set on object 'Object Repository/Final Object Repo/Page_Update Add New Employee - ASSIST/Employer Code input textbox'

2018-11-22 23:02:48 - [TEST_STEP][PASSED] - delay: Delayed 2 second(s)

2018-11-22 23:02:50 - [MESSAGE][PASSED] - Delayed 2 second(s)

2018-11-22 23:02:50 - [TEST_STEP][PASSED] - click: Object: 'Object Repository/Final Object Repo/Page_Update Add New Employee - ASSIST/Search Button for Employer Code' is clicked on

2018-11-22 23:02:51 - [MESSAGE][PASSED] - Object: 'Object Repository/Final Object Repo/Page_Update Add New Employee - ASSIST/Search Button for Employer Code' is clicked on

2018-11-22 23:02:51 - [TEST_STEP][PASSED] - delay: Delayed 4 second(s)

2018-11-22 23:02:55 - [MESSAGE][PASSED] - Delayed 4 second(s)

2018-11-22 23:02:55 - [TEST_STEP][PASSED] - click: Object: 'Object Repository/Final Object Repo/Page_Update Add New Employee - ASSIST/Click to Edit Case' is clicked on

2018-11-22 23:02:57 - [MESSAGE][PASSED] - Object: 'Object Repository/Final Object Repo/Page_Update Add New Employee - ASSIST/Click to Edit Case' is clicked on

2018-11-22 23:02:57 - [TEST_STEP][PASSED] - callTestCase: Call Test Case 'Test Cases/Final Aug 2018 - PKS Automation/Registration Module/Workflow/Update Add New Employee/Template/Employee Adding/Employee Set Decider' successfully

2018-11-22 23:02:57 - [TEST_CASE][PASSED] - Test Cases/Final Aug 2018 - PKS Automation/Registration Module/Workflow/Update Add New Employee/Template/Employee Adding/Employee Set Decider: Test Cases/Final Aug 2018 - PKS Automation/Registration Module/Workflow/Update Add New Employee/Template/Employee Adding/Employee Set Decider

2018-11-22 23:02:57 - [TEST_STEP][PASSED] - delay: Delayed 4 second(s)

2018-11-22 23:03:01 - [MESSAGE][PASSED] - Delayed 4 second(s)

2018-11-22 23:03:01 - [TEST_STEP][PASSED] - click: Object: 'Object Repository/Final Object Repo/Page_Update Add New Employee - ASSIST/Add Employee Button' is clicked on

2018-11-22 23:03:01 - [MESSAGE][PASSED] - Object: 'Object Repository/Final Object Repo/Page_Update Add New Employee - ASSIST/Add Employee Button' is clicked on

2018-11-22 23:03:01 - [TEST_STEP][PASSED] - delay: Delayed 3 second(s)

2018-11-22 23:03:04 - [MESSAGE][PASSED] - Delayed 3 second(s)

2018-11-22 23:03:04 - [TEST_STEP][PASSED] - setText: Text '010903091920' is set on object 'Object Repository/Final Object Repo/Page_Update Add New Employee - ASSIST/NRIC Input'

2018-11-22 23:03:05 - [MESSAGE][PASSED] - Text '010903091920' is set on object 'Object Repository/Final Object Repo/Page_Update Add New Employee - ASSIST/NRIC Input'

2018-11-22 23:03:05 - [TEST_STEP][PASSED] - click: Object: 'Object Repository/Final Object Repo/Page_Update Add New Employee - ASSIST/button for search for IC' is clicked on

2018-11-22 23:03:05 - [MESSAGE][PASSED] - Object: 'Object Repository/Final Object Repo/Page_Update Add New Employee - ASSIST/button for search for IC' is clicked on

2018-11-22 23:03:05 - [TEST_STEP][PASSED] - delay: Delayed 2 second(s)

2018-11-22 23:03:07 - [MESSAGE][PASSED] - Delayed 2 second(s)

2018-11-22 23:03:07 - [TEST_STEP][PASSED] - sendKeys: Keys 'CONTROL + a' sent to object: 'Object Repository/Final Object Repo/Page_Update Add New Employee - ASSIST/Employee Name Input'

2018-11-22 23:03:07 - [MESSAGE][PASSED] - Keys 'CONTROL + a' sent to object: 'Object Repository/Final Object Repo/Page_Update Add New Employee - ASSIST/Employee Name Input'

2018-11-22 23:03:07 - [TEST_STEP][PASSED] - sendKeys: Keys 'CONTROL + c' sent to object: 'Object Repository/Final Object Repo/Page_Update Add New Employee - ASSIST/Employee Name Input'

2018-11-22 23:03:07 - [MESSAGE][PASSED] - Keys 'CONTROL + c' sent to object: 'Object Repository/Final Object Repo/Page_Update Add New Employee - ASSIST/Employee Name Input'

2018-11-22 23:03:07 - [TEST_STEP][PASSED] - Statement - toolkit = java.awt.Toolkit.getDefaultToolkit(): null

2018-11-22 23:03:07 - [TEST_STEP][PASSED] - Statement - clipboard = toolkit.getSystemClipboard(): null

2018-11-22 23:03:07 - [TEST_STEP][PASSED] - Statement - CurrentName = clipboard.getData(stringFlavor): null

2018-11-22 23:03:07 - [TEST_STEP][PASSED] - Statement - out.println("String from Clipboard:" + CurrentName): null

2018-11-22 23:03:07 - [TEST_STEP][PASSED] - Statement - If (CurrentName == "AUTOMATE002 ELIGIBLE 1"): null

2018-11-22 23:03:07 - [TEST_STEP][PASSED] - Statement - Else If (CurrentName == "AUTOMATE003 ELIGIBLE 1"): Call Test Case 'Test Cases/Final Aug 2018 - PKS Automation/Registration Module/Workflow/Update Add New Employee/Template/Employee Adding/Employee Adding Action Repeat IC - set 2' successfully

2018-11-22 23:03:07 - [TEST_STEP][PASSED] - callTestCase: Call Test Case 'Test Cases/Final Aug 2018 - PKS Automation/Registration Module/Workflow/Update Add New Employee/Template/Employee Adding/Employee Adding Action Repeat IC - set 2' successfully

2018-11-22 23:03:07 - [TEST_CASE][PASSED] - Test Cases/Final Aug 2018 - PKS Automation/Registration Module/Workflow/Update Add New Employee/Template/Employee Adding/Employee Adding Action Repeat IC - set 2: Test Cases/Final Aug 2018 - PKS Automation/Registration Module/Workflow/Update Add New Employee/Template/Employee Adding/Employee Adding Action Repeat IC - set 2

2018-11-22 23:03:07 - [TEST_STEP][PASSED] - setText: Text 'Automate002 eligible 1' is set on object 'Object Repository/Final Object Repo/Page_Update Add New Employee - ASSIST/Employee Name Input'

2018-11-22 23:03:08 - [MESSAGE][PASSED] - Text 'Automate002 eligible 1' is set on object 'Object Repository/Final Object Repo/Page_Update Add New Employee - ASSIST/Employee Name Input'

2018-11-22 23:03:08 - [TEST_STEP][PASSED] - delay: Delayed 2 second(s)

2018-11-22 23:03:10 - [MESSAGE][PASSED] - Delayed 2 second(s)

2018-11-22 23:03:10 - [TEST_STEP][PASSED] - click: Object: 'Object Repository/Final Object Repo/Page_Update Add New Employee - ASSIST/DatePicker Pop Up' is clicked on

2018-11-22 23:03:10 - [MESSAGE][PASSED] - Object: 'Object Repository/Final Object Repo/Page_Update Add New Employee - ASSIST/DatePicker Pop Up' is clicked on

2018-11-22 23:03:10 - [TEST_STEP][PASSED] - click: Object: 'Object Repository/Final Object Repo/Page_Update Add New Employee - ASSIST/DOB Month' is clicked on

2018-11-22 23:03:10 - [MESSAGE][PASSED] - Object: 'Object Repository/Final Object Repo/Page_Update Add New Employee - ASSIST/DOB Month' is clicked on

2018-11-22 23:03:10 - [TEST_STEP][PASSED] - Statement - CurrentMonth = CurrentMonth: null

2018-11-22 23:03:10 - [TEST_STEP][PASSED] - Statement - selectMonth = new com.kms.katalon.core.testobject.TestObject(): null

2018-11-22 23:03:10 - [TEST_STEP][PASSED] - Statement - selectMonth.addProperty("xpath", EQUALS, "//body/div/div/div/select/option[@value='" + CurrentMonth + "']", true): null

2018-11-22 23:03:10 - [TEST_STEP][PASSED] - click: Object: '' is clicked on

2018-11-22 23:03:10 - [MESSAGE][PASSED] - Object: '' is clicked on

2018-11-22 23:03:10 - [TEST_STEP][PASSED] - click: Object: 'Object Repository/Final Object Repo/Page_Update Add New Employee - ASSIST/DOB Year' is clicked on

2018-11-22 23:03:11 - [MESSAGE][PASSED] - Object: 'Object Repository/Final Object Repo/Page_Update Add New Employee - ASSIST/DOB Year' is clicked on

2018-11-22 23:03:11 - [TEST_STEP][PASSED] - Statement - Eyearsbf = EighteenYrsBefore: null

2018-11-22 23:03:11 - [TEST_STEP][PASSED] - Statement - selectYear = new com.kms.katalon.core.testobject.TestObject(): null

2018-11-22 23:03:11 - [TEST_STEP][PASSED] - Statement - selectYear.addProperty("xpath", EQUALS, "//div/div/div/select/option[@value='" + Eyearsbf + "']", true): null

2018-11-22 23:03:11 - [TEST_STEP][PASSED] - click: Object: '' is clicked on

2018-11-22 23:03:11 - [MESSAGE][PASSED] - Object: '' is clicked on

2018-11-22 23:03:11 - [TEST_STEP][PASSED] - Statement - UpdatedSelectDate = com.kms.katalon.core.webui.keyword.WebUiBuiltInKeywords.modifyObjectProperty(com.kms.katalon.core.testobject.ObjectRepository.findTestObject(Final Object Repo/Page_Update Add New Employee - ASSIST/DOB Date), "xpath", "equals", "//body/div/table/tbody/tr/td/a[text()="" + CurrentDate + ""]", true): Modify property of object successfully

2018-11-22 23:03:11 - [MESSAGE][PASSED] - Modify property of object successfully

2018-11-22 23:03:11 - [TEST_STEP][PASSED] - delay: Delayed 3 second(s)

2018-11-22 23:03:14 - [MESSAGE][PASSED] - Delayed 3 second(s)

2018-11-22 23:03:14 - [TEST_STEP][PASSED] - click: Object: 'Object Repository/Final Object Repo/Page_Update Add New Employee - ASSIST/DOB Date' is clicked on

2018-11-22 23:03:14 - [MESSAGE][PASSED] - Object: 'Object Repository/Final Object Repo/Page_Update Add New Employee - ASSIST/DOB Date' is clicked on

2018-11-22 23:03:14 - [TEST_STEP][PASSED] - delay: Delayed 2 second(s)

2018-11-22 23:03:16 - [MESSAGE][PASSED] - Delayed 2 second(s)

2018-11-22 23:03:16 - [TEST_STEP][PASSED] - click: Object: 'Object Repository/Final Object Repo/Page_Update Add New Employee - ASSIST/EmploymentStartDate Pop Up' is clicked on

2018-11-22 23:03:16 - [MESSAGE][PASSED] - Object: 'Object Repository/Final Object Repo/Page_Update Add New Employee - ASSIST/EmploymentStartDate Pop Up' is clicked on

2018-11-22 23:03:16 - [TEST_STEP][PASSED] - delay: Delayed 2 second(s)

2018-11-22 23:03:18 - [MESSAGE][PASSED] - Delayed 2 second(s)

2018-11-22 23:03:18 - [TEST_STEP][PASSED] - click: Object: 'Object Repository/Final Object Repo/Page_Update Add New Employee - ASSIST/Socso Employment StartDate Month' is clicked on

2018-11-22 23:03:18 - [MESSAGE][PASSED] - Object: 'Object Repository/Final Object Repo/Page_Update Add New Employee - ASSIST/Socso Employment StartDate Month' is clicked on

2018-11-22 23:03:18 - [TEST_STEP][PASSED] - delay: Delayed 1 second(s)

2018-11-22 23:03:19 - [MESSAGE][PASSED] - Delayed 1 second(s)

2018-11-22 23:03:19 - [TEST_STEP][PASSED] - click: Object: 'Object Repository/Final Object Repo/Page_Update Add New Employee - ASSIST/Select Socso Employement Startdate Month' is clicked on

2018-11-22 23:03:19 - [MESSAGE][PASSED] - Object: 'Object Repository/Final Object Repo/Page_Update Add New Employee - ASSIST/Select Socso Employement Startdate Month' is clicked on

2018-11-22 23:03:19 - [TEST_STEP][PASSED] - delay: Delayed 2 second(s)

2018-11-22 23:03:21 - [MESSAGE][PASSED] - Delayed 2 second(s)

2018-11-22 23:03:21 - [TEST_STEP][PASSED] - click: Object: 'Object Repository/Final Object Repo/Page_Update Add New Employee - ASSIST/Socso Employment StartDate Year' is clicked on

2018-11-22 23:03:21 - [MESSAGE][PASSED] - Object: 'Object Repository/Final Object Repo/Page_Update Add New Employee - ASSIST/Socso Employment StartDate Year' is clicked on

2018-11-22 23:03:21 - [TEST_STEP][PASSED] - delay: Delayed 1 second(s)

2018-11-22 23:03:22 - [MESSAGE][PASSED] - Delayed 1 second(s)

2018-11-22 23:03:22 - [TEST_STEP][PASSED] - click: Object: 'Object Repository/Final Object Repo/Page_Update Add New Employee - ASSIST/Select Socso Employment Startdate Year' is clicked on

2018-11-22 23:03:23 - [MESSAGE][PASSED] - Object: 'Object Repository/Final Object Repo/Page_Update Add New Employee - ASSIST/Select Socso Employment Startdate Year' is clicked on

2018-11-22 23:03:23 - [TEST_STEP][PASSED] - delay: Delayed 2 second(s)

2018-11-22 23:03:25 - [MESSAGE][PASSED] - Delayed 2 second(s)

2018-11-22 23:03:25 - [TEST_STEP][PASSED] - click: Object: 'Object Repository/Final Object Repo/Page_Update Add New Employee - ASSIST/Socso Employment Start Date Day' is clicked on

2018-11-22 23:03:25 - [MESSAGE][PASSED] - Object: 'Object Repository/Final Object Repo/Page_Update Add New Employee - ASSIST/Socso Employment Start Date Day' is clicked on

2018-11-22 23:03:25 - [TEST_STEP][PASSED] - delay: Delayed 2 second(s)

2018-11-22 23:03:27 - [MESSAGE][PASSED] - Delayed 2 second(s)

2018-11-22 23:03:27 - [TEST_STEP][PASSED] - click: Object: 'Object Repository/Final Object Repo/Page_Update Add New Employee - ASSIST/Save Button for Add Employee' is clicked on

2018-11-22 23:03:27 - [MESSAGE][PASSED] - Object: 'Object Repository/Final Object Repo/Page_Update Add New Employee - ASSIST/Save Button for Add Employee' is clicked on

2018-11-22 23:03:27 - [TEST_STEP][PASSED] - delay: Delayed 10 second(s)

2018-11-22 23:03:37 - [MESSAGE][PASSED] - Delayed 10 second(s)

2018-11-22 23:03:37 - [TEST_STEP][PASSED] - click: Object: 'Object Repository/Final Object Repo/Page_Update Add New Employee - ASSIST/Add Employee Button' is clicked on

2018-11-22 23:03:37 - [MESSAGE][PASSED] - Object: 'Object Repository/Final Object Repo/Page_Update Add New Employee - ASSIST/Add Employee Button' is clicked on

2018-11-22 23:03:37 - [TEST_STEP][PASSED] - delay: Delayed 6 second(s)

2018-11-22 23:03:43 - [MESSAGE][PASSED] - Delayed 6 second(s)

2018-11-22 23:03:43 - [TEST_STEP][PASSED] - setText: Text '620904059600' is set on object 'Object Repository/Final Object Repo/Page_Update Add New Employee - ASSIST/NRIC Input'

2018-11-22 23:03:44 - [MESSAGE][PASSED] - Text '620904059600' is set on object 'Object Repository/Final Object Repo/Page_Update Add New Employee - ASSIST/NRIC Input'

2018-11-22 23:03:44 - [TEST_STEP][PASSED] - click: Object: 'Object Repository/Final Object Repo/Page_Update Add New Employee - ASSIST/button for search for IC' is clicked on

2018-11-22 23:03:44 - [MESSAGE][PASSED] - Object: 'Object Repository/Final Object Repo/Page_Update Add New Employee - ASSIST/button for search for IC' is clicked on

2018-11-22 23:03:44 - [TEST_STEP][PASSED] - delay: Delayed 2 second(s)

2018-11-22 23:03:46 - [MESSAGE][PASSED] - Delayed 2 second(s)

2018-11-22 23:03:46 - [TEST_STEP][PASSED] - setText: Text 'Automate002 eligible 2' is set on object 'Object Repository/Final Object Repo/Page_Update Add New Employee - ASSIST/Employee Name Input'

2018-11-22 23:03:46 - [MESSAGE][PASSED] - Text 'Automate002 eligible 2' is set on object 'Object Repository/Final Object Repo/Page_Update Add New Employee - ASSIST/Employee Name Input'

2018-11-22 23:03:46 - [TEST_STEP][PASSED] - delay: Delayed 2 second(s)

2018-11-22 23:03:48 - [MESSAGE][PASSED] - Delayed 2 second(s)

2018-11-22 23:03:48 - [TEST_STEP][PASSED] - click: Object: 'Object Repository/Final Object Repo/Page_Update Add New Employee - ASSIST/DatePicker Pop Up' is clicked on

2018-11-22 23:03:48 - [MESSAGE][PASSED] - Object: 'Object Repository/Final Object Repo/Page_Update Add New Employee - ASSIST/DatePicker Pop Up' is clicked on

2018-11-22 23:03:48 - [TEST_STEP][PASSED] - delay: Delayed 2 second(s)

2018-11-22 23:03:50 - [MESSAGE][PASSED] - Delayed 2 second(s)

2018-11-22 23:03:50 - [TEST_STEP][PASSED] - click: Object: 'Object Repository/Final Object Repo/Page_Update Add New Employee - ASSIST/DOB Month' is clicked on

2018-11-22 23:03:51 - [MESSAGE][PASSED] - Object: 'Object Repository/Final Object Repo/Page_Update Add New Employee - ASSIST/DOB Month' is clicked on

2018-11-22 23:03:51 - [TEST_STEP][PASSED] - Statement - selectMonth = com.kms.katalon.core.webui.keyword.WebUiBuiltInKeywords.modifyObjectProperty(selectMonth, "xpath", "equals", "//body/div/div/div/select/option[@value="" + CurrentMonth + ""]", true): Modify property of object successfully

2018-11-22 23:03:51 - [MESSAGE][PASSED] - Modify property of object successfully

2018-11-22 23:03:51 - [TEST_STEP][PASSED] - click: Object: '' is clicked on

2018-11-22 23:03:51 - [MESSAGE][PASSED] - Object: '' is clicked on

2018-11-22 23:03:51 - [TEST_STEP][PASSED] - click: Object: 'Object Repository/Final Object Repo/Page_Update Add New Employee - ASSIST/DOB Year' is clicked on

2018-11-22 23:03:51 - [MESSAGE][PASSED] - Object: 'Object Repository/Final Object Repo/Page_Update Add New Employee - ASSIST/DOB Year' is clicked on

2018-11-22 23:03:51 - [TEST_STEP][PASSED] - Statement - selectYear = com.kms.katalon.core.webui.keyword.WebUiBuiltInKeywords.modifyObjectProperty(selectYear, "xpath", "equals", "//div/div/div/select/option[@value="" + FiftysevenYrsBefore + ""]", true): Modify property of object successfully

2018-11-22 23:03:51 - [MESSAGE][PASSED] - Modify property of object successfully

2018-11-22 23:03:51 - [TEST_STEP][PASSED] - click: Object: '' is clicked on

2018-11-22 23:03:51 - [MESSAGE][PASSED] - Object: '' is clicked on

2018-11-22 23:03:51 - [TEST_STEP][PASSED] - Statement - UpdatedSelectDate = com.kms.katalon.core.webui.keyword.WebUiBuiltInKeywords.modifyObjectProperty(com.kms.katalon.core.testobject.ObjectRepository.findTestObject(Final Object Repo/Page_Update Add New Employee - ASSIST/DOB Date), "xpath", "equals", "//body/div/table/tbody/tr/td/a[text()="" + OneDayBefore + ""]", true): Modify property of object successfully

2018-11-22 23:03:51 - [MESSAGE][PASSED] - Modify property of object successfully

2018-11-22 23:03:51 - [TEST_STEP][PASSED] - click: Object: 'Object Repository/Final Object Repo/Page_Update Add New Employee - ASSIST/DOB Date' is clicked on

2018-11-22 23:03:51 - [MESSAGE][PASSED] - Object: 'Object Repository/Final Object Repo/Page_Update Add New Employee - ASSIST/DOB Date' is clicked on

2018-11-22 23:03:51 - [TEST_STEP][PASSED] - delay: Delayed 2 second(s)

2018-11-22 23:03:53 - [MESSAGE][PASSED] - Delayed 2 second(s)

2018-11-22 23:03:53 - [TEST_STEP][PASSED] - click: Object: 'Object Repository/Final Object Repo/Page_Update Add New Employee - ASSIST/EmploymentStartDate Pop Up' is clicked on

2018-11-22 23:03:53 - [MESSAGE][PASSED] - Object: 'Object Repository/Final Object Repo/Page_Update Add New Employee - ASSIST/EmploymentStartDate Pop Up' is clicked on

2018-11-22 23:03:53 - [TEST_STEP][PASSED] - delay: Delayed 2 second(s)

2018-11-22 23:03:55 - [MESSAGE][PASSED] - Delayed 2 second(s)

2018-11-22 23:03:55 - [TEST_STEP][PASSED] - click: Object: 'Object Repository/Final Object Repo/Page_Update Add New Employee - ASSIST/Socso Employment StartDate Month' is clicked on

2018-11-22 23:03:56 - [MESSAGE][PASSED] - Object: 'Object Repository/Final Object Repo/Page_Update Add New Employee - ASSIST/Socso Employment StartDate Month' is clicked on

2018-11-22 23:03:56 - [TEST_STEP][PASSED] - delay: Delayed 1 second(s)

2018-11-22 23:03:57 - [MESSAGE][PASSED] - Delayed 1 second(s)

2018-11-22 23:03:57 - [TEST_STEP][PASSED] - click: Object: 'Object Repository/Final Object Repo/Page_Update Add New Employee - ASSIST/Select Socso Employement Startdate Month' is clicked on

2018-11-22 23:03:57 - [MESSAGE][PASSED] - Object: 'Object Repository/Final Object Repo/Page_Update Add New Employee - ASSIST/Select Socso Employement Startdate Month' is clicked on

2018-11-22 23:03:57 - [TEST_STEP][PASSED] - delay: Delayed 2 second(s)

2018-11-22 23:03:59 - [MESSAGE][PASSED] - Delayed 2 second(s)

2018-11-22 23:03:59 - [TEST_STEP][PASSED] - click: Object: 'Object Repository/Final Object Repo/Page_Update Add New Employee - ASSIST/Socso Employment StartDate Year' is clicked on

2018-11-22 23:03:59 - [MESSAGE][PASSED] - Object: 'Object Repository/Final Object Repo/Page_Update Add New Employee - ASSIST/Socso Employment StartDate Year' is clicked on

2018-11-22 23:03:59 - [TEST_STEP][PASSED] - delay: Delayed 1 second(s)

2018-11-22 23:04:00 - [MESSAGE][PASSED] - Delayed 1 second(s)

2018-11-22 23:04:00 - [TEST_STEP][PASSED] - click: Object: 'Object Repository/Final Object Repo/Page_Update Add New Employee - ASSIST/Select Socso Employment Startdate Year' is clicked on

2018-11-22 23:04:00 - [MESSAGE][PASSED] - Object: 'Object Repository/Final Object Repo/Page_Update Add New Employee - ASSIST/Select Socso Employment Startdate Year' is clicked on

2018-11-22 23:04:00 - [TEST_STEP][PASSED] - delay: Delayed 2 second(s)

2018-11-22 23:04:02 - [MESSAGE][PASSED] - Delayed 2 second(s)

2018-11-22 23:04:02 - [TEST_STEP][PASSED] - click: Object: 'Object Repository/Final Object Repo/Page_Update Add New Employee - ASSIST/Socso Employment Start Date Day' is clicked on

2018-11-22 23:04:02 - [MESSAGE][PASSED] - Object: 'Object Repository/Final Object Repo/Page_Update Add New Employee - ASSIST/Socso Employment Start Date Day' is clicked on

2018-11-22 23:04:02 - [TEST_STEP][PASSED] - delay: Delayed 2 second(s)

2018-11-22 23:04:04 - [MESSAGE][PASSED] - Delayed 2 second(s)

2018-11-22 23:04:04 - [TEST_STEP][PASSED] - click: Object: 'Object Repository/Final Object Repo/Page_Update Add New Employee - ASSIST/Save Button for Add Employee' is clicked on

2018-11-22 23:04:04 - [MESSAGE][PASSED] - Object: 'Object Repository/Final Object Repo/Page_Update Add New Employee - ASSIST/Save Button for Add Employee' is clicked on

2018-11-22 23:04:04 - [TEST_STEP][PASSED] - delay: Delayed 5 second(s)

2018-11-22 23:04:09 - [MESSAGE][PASSED] - Delayed 5 second(s)

2018-11-22 23:04:09 - [TEST_STEP][PASSED] - waitForElementClickable: Object 'Object Repository/Final Object Repo/Page_Update Add New Employee - ASSIST/Add Employee Button' is clickable

2018-11-22 23:04:10 - [MESSAGE][PASSED] - Object 'Object Repository/Final Object Repo/Page_Update Add New Employee - ASSIST/Add Employee Button' is clickable

2018-11-22 23:04:10 - [TEST_STEP][PASSED] - click: Object: 'Object Repository/Final Object Repo/Page_Update Add New Employee - ASSIST/Add Employee Button' is clicked on

2018-11-22 23:04:10 - [MESSAGE][PASSED] - Object: 'Object Repository/Final Object Repo/Page_Update Add New Employee - ASSIST/Add Employee Button' is clicked on

2018-11-22 23:04:10 - [TEST_STEP][PASSED] - delay: Delayed 4 second(s)

2018-11-22 23:04:14 - [MESSAGE][PASSED] - Delayed 4 second(s)

2018-11-22 23:04:14 - [TEST_STEP][PASSED] - setText: Text '000209039100' is set on object 'Object Repository/Final Object Repo/Page_Update Add New Employee - ASSIST/NRIC Input'

2018-11-22 23:04:14 - [MESSAGE][PASSED] - Text '000209039100' is set on object 'Object Repository/Final Object Repo/Page_Update Add New Employee - ASSIST/NRIC Input'

2018-11-22 23:04:14 - [TEST_STEP][PASSED] - click: Object: 'Object Repository/Final Object Repo/Page_Update Add New Employee - ASSIST/button for search for IC' is clicked on

2018-11-22 23:04:14 - [MESSAGE][PASSED] - Object: 'Object Repository/Final Object Repo/Page_Update Add New Employee - ASSIST/button for search for IC' is clicked on

2018-11-22 23:04:14 - [TEST_STEP][PASSED] - delay: Delayed 2 second(s)

2018-11-22 23:04:16 - [MESSAGE][PASSED] - Delayed 2 second(s)

2018-11-22 23:04:16 - [TEST_STEP][PASSED] - setText: Text 'Automate002 not eligible 1' is set on object 'Object Repository/Final Object Repo/Page_Update Add New Employee - ASSIST/Employee Name Input'

2018-11-22 23:04:17 - [MESSAGE][PASSED] - Text 'Automate002 not eligible 1' is set on object 'Object Repository/Final Object Repo/Page_Update Add New Employee - ASSIST/Employee Name Input'

2018-11-22 23:04:17 - [TEST_STEP][PASSED] - delay: Delayed 2 second(s)

2018-11-22 23:04:19 - [MESSAGE][PASSED] - Delayed 2 second(s)

2018-11-22 23:04:19 - [TEST_STEP][PASSED] - click: Object: 'Object Repository/Final Object Repo/Page_Update Add New Employee - ASSIST/DatePicker Pop Up' is clicked on

2018-11-22 23:04:19 - [MESSAGE][PASSED] - Object: 'Object Repository/Final Object Repo/Page_Update Add New Employee - ASSIST/DatePicker Pop Up' is clicked on

2018-11-22 23:04:19 - [TEST_STEP][PASSED] - delay: Delayed 2 second(s)

2018-11-22 23:04:21 - [MESSAGE][PASSED] - Delayed 2 second(s)

2018-11-22 23:04:21 - [TEST_STEP][PASSED] - click: Object: 'Object Repository/Final Object Repo/Page_Update Add New Employee - ASSIST/DOB Month' is clicked on

2018-11-22 23:04:21 - [MESSAGE][PASSED] - Object: 'Object Repository/Final Object Repo/Page_Update Add New Employee - ASSIST/DOB Month' is clicked on

2018-11-22 23:04:21 - [TEST_STEP][PASSED] - Statement - selectMonth = com.kms.katalon.core.webui.keyword.WebUiBuiltInKeywords.modifyObjectProperty(selectMonth, "xpath", "equals", "//body/div/div/div/select/option[@value="" + CurrentMonth + ""]", true): Modify property of object successfully

2018-11-22 23:04:21 - [MESSAGE][PASSED] - Modify property of object successfully

2018-11-22 23:04:21 - [TEST_STEP][PASSED] - click: Object: '' is clicked on

2018-11-22 23:04:21 - [MESSAGE][PASSED] - Object: '' is clicked on

2018-11-22 23:04:21 - [TEST_STEP][PASSED] - click: Object: 'Object Repository/Final Object Repo/Page_Update Add New Employee - ASSIST/DOB Year' is clicked on

2018-11-22 23:04:22 - [MESSAGE][PASSED] - Object: 'Object Repository/Final Object Repo/Page_Update Add New Employee - ASSIST/DOB Year' is clicked on

2018-11-22 23:04:22 - [TEST_STEP][PASSED] - Statement - selectYear = com.kms.katalon.core.webui.keyword.WebUiBuiltInKeywords.modifyObjectProperty(selectYear, "xpath", "equals", "//div/div/div/select/option[@value="" + EighteenYrsBefore + ""]", true): Modify property of object successfully

2018-11-22 23:04:22 - [MESSAGE][PASSED] - Modify property of object successfully

2018-11-22 23:04:22 - [TEST_STEP][PASSED] - click: Object: '' is clicked on

2018-11-22 23:04:22 - [MESSAGE][PASSED] - Object: '' is clicked on

2018-11-22 23:04:22 - [TEST_STEP][PASSED] - Statement - UpdatedSelectDate = com.kms.katalon.core.webui.keyword.WebUiBuiltInKeywords.modifyObjectProperty(com.kms.katalon.core.testobject.ObjectRepository.findTestObject(Final Object Repo/Page_Update Add New Employee - ASSIST/DOB Date), "xpath", "equals", "//body/div/table/tbody/tr/td/a[text()="" + OneDayBefore + ""]", true): Modify property of object successfully

2018-11-22 23:04:22 - [MESSAGE][PASSED] - Modify property of object successfully

2018-11-22 23:04:22 - [TEST_STEP][PASSED] - click: Object: 'Object Repository/Final Object Repo/Page_Update Add New Employee - ASSIST/DOB Date' is clicked on

2018-11-22 23:04:22 - [MESSAGE][PASSED] - Object: 'Object Repository/Final Object Repo/Page_Update Add New Employee - ASSIST/DOB Date' is clicked on

2018-11-22 23:04:22 - [TEST_STEP][PASSED] - delay: Delayed 2 second(s)

2018-11-22 23:04:24 - [MESSAGE][PASSED] - Delayed 2 second(s)

2018-11-22 23:04:24 - [TEST_STEP][PASSED] - click: Object: 'Object Repository/Final Object Repo/Page_Update Add New Employee - ASSIST/EmploymentStartDate Pop Up' is clicked on

2018-11-22 23:04:24 - [MESSAGE][PASSED] - Object: 'Object Repository/Final Object Repo/Page_Update Add New Employee - ASSIST/EmploymentStartDate Pop Up' is clicked on

2018-11-22 23:04:24 - [TEST_STEP][PASSED] - delay: Delayed 2 second(s)

2018-11-22 23:04:26 - [MESSAGE][PASSED] - Delayed 2 second(s)

2018-11-22 23:04:26 - [TEST_STEP][PASSED] - click: Object: 'Object Repository/Final Object Repo/Page_Update Add New Employee - ASSIST/Socso Employment StartDate Month' is clicked on

2018-11-22 23:04:26 - [MESSAGE][PASSED] - Object: 'Object Repository/Final Object Repo/Page_Update Add New Employee - ASSIST/Socso Employment StartDate Month' is clicked on

2018-11-22 23:04:26 - [TEST_STEP][PASSED] - delay: Delayed 1 second(s)

2018-11-22 23:04:27 - [MESSAGE][PASSED] - Delayed 1 second(s)

2018-11-22 23:04:27 - [TEST_STEP][PASSED] - click: Object: 'Object Repository/Final Object Repo/Page_Update Add New Employee - ASSIST/Select Socso Employement Startdate Month' is clicked on

2018-11-22 23:04:27 - [MESSAGE][PASSED] - Object: 'Object Repository/Final Object Repo/Page_Update Add New Employee - ASSIST/Select Socso Employement Startdate Month' is clicked on

2018-11-22 23:04:27 - [TEST_STEP][PASSED] - delay: Delayed 2 second(s)

2018-11-22 23:04:29 - [MESSAGE][PASSED] - Delayed 2 second(s)

2018-11-22 23:04:29 - [TEST_STEP][PASSED] - click: Object: 'Object Repository/Final Object Repo/Page_Update Add New Employee - ASSIST/Socso Employment StartDate Year' is clicked on

2018-11-22 23:04:30 - [MESSAGE][PASSED] - Object: 'Object Repository/Final Object Repo/Page_Update Add New Employee - ASSIST/Socso Employment StartDate Year' is clicked on

2018-11-22 23:04:30 - [TEST_STEP][PASSED] - delay: Delayed 1 second(s)

2018-11-22 23:04:31 - [MESSAGE][PASSED] - Delayed 1 second(s)

2018-11-22 23:04:31 - [TEST_STEP][PASSED] - click: Object: 'Object Repository/Final Object Repo/Page_Update Add New Employee - ASSIST/Select Socso Employment Startdate Year' is clicked on

2018-11-22 23:04:31 - [MESSAGE][PASSED] - Object: 'Object Repository/Final Object Repo/Page_Update Add New Employee - ASSIST/Select Socso Employment Startdate Year' is clicked on

2018-11-22 23:04:31 - [TEST_STEP][PASSED] - delay: Delayed 2 second(s)

2018-11-22 23:04:33 - [MESSAGE][PASSED] - Delayed 2 second(s)

2018-11-22 23:04:33 - [TEST_STEP][PASSED] - click: Object: 'Object Repository/Final Object Repo/Page_Update Add New Employee - ASSIST/Socso Employment Start Date Day' is clicked on

2018-11-22 23:04:33 - [MESSAGE][PASSED] - Object: 'Object Repository/Final Object Repo/Page_Update Add New Employee - ASSIST/Socso Employment Start Date Day' is clicked on

2018-11-22 23:04:33 - [TEST_STEP][PASSED] - delay: Delayed 2 second(s)

2018-11-22 23:04:35 - [MESSAGE][PASSED] - Delayed 2 second(s)

2018-11-22 23:04:35 - [TEST_STEP][PASSED] - click: Object: 'Object Repository/Final Object Repo/Page_Update Add New Employee - ASSIST/Save Button for Add Employee' is clicked on

2018-11-22 23:04:35 - [MESSAGE][PASSED] - Object: 'Object Repository/Final Object Repo/Page_Update Add New Employee - ASSIST/Save Button for Add Employee' is clicked on

2018-11-22 23:04:35 - [TEST_STEP][PASSED] - delay: Delayed 20 second(s)

2018-11-22 23:04:55 - [MESSAGE][PASSED] - Delayed 20 second(s)

2018-11-22 23:04:55 - [TEST_STEP][PASSED] - click: Object: 'Object Repository/Final Object Repo/Page_Update Add New Employee - ASSIST/Add Employee Button' is clicked on

2018-11-22 23:04:55 - [MESSAGE][PASSED] - Object: 'Object Repository/Final Object Repo/Page_Update Add New Employee - ASSIST/Add Employee Button' is clicked on

2018-11-22 23:04:55 - [TEST_STEP][PASSED] - delay: Delayed 4 second(s)

2018-11-22 23:04:59 - [MESSAGE][PASSED] - Delayed 4 second(s)

2018-11-22 23:04:59 - [TEST_STEP][PASSED] - setText: Text '600203039104' is set on object 'Object Repository/Final Object Repo/Page_Update Add New Employee - ASSIST/NRIC Input'

2018-11-22 23:05:00 - [MESSAGE][PASSED] - Text '600203039104' is set on object 'Object Repository/Final Object Repo/Page_Update Add New Employee - ASSIST/NRIC Input'

2018-11-22 23:05:00 - [TEST_STEP][PASSED] - click: Object: 'Object Repository/Final Object Repo/Page_Update Add New Employee - ASSIST/button for search for IC' is clicked on

2018-11-22 23:05:00 - [MESSAGE][PASSED] - Object: 'Object Repository/Final Object Repo/Page_Update Add New Employee - ASSIST/button for search for IC' is clicked on

2018-11-22 23:05:00 - [TEST_STEP][PASSED] - delay: Delayed 2 second(s)

2018-11-22 23:05:02 - [MESSAGE][PASSED] - Delayed 2 second(s)

2018-11-22 23:05:02 - [TEST_STEP][PASSED] - setText: Text 'Automate002 not eligible 2' is set on object 'Object Repository/Final Object Repo/Page_Update Add New Employee - ASSIST/Employee Name Input'

2018-11-22 23:05:02 - [MESSAGE][PASSED] - Text 'Automate002 not eligible 2' is set on object 'Object Repository/Final Object Repo/Page_Update Add New Employee - ASSIST/Employee Name Input'

2018-11-22 23:05:02 - [TEST_STEP][PASSED] - delay: Delayed 2 second(s)

2018-11-22 23:05:04 - [MESSAGE][PASSED] - Delayed 2 second(s)

2018-11-22 23:05:04 - [TEST_STEP][PASSED] - click: Object: 'Object Repository/Final Object Repo/Page_Update Add New Employee - ASSIST/DatePicker Pop Up' is clicked on

2018-11-22 23:05:05 - [MESSAGE][PASSED] - Object: 'Object Repository/Final Object Repo/Page_Update Add New Employee - ASSIST/DatePicker Pop Up' is clicked on

2018-11-22 23:05:05 - [TEST_STEP][PASSED] - delay: Delayed 2 second(s)

2018-11-22 23:05:07 - [MESSAGE][PASSED] - Delayed 2 second(s)

2018-11-22 23:05:07 - [TEST_STEP][PASSED] - click: Object: 'Object Repository/Final Object Repo/Page_Update Add New Employee - ASSIST/DOB Month' is clicked on

2018-11-22 23:05:07 - [MESSAGE][PASSED] - Object: 'Object Repository/Final Object Repo/Page_Update Add New Employee - ASSIST/DOB Month' is clicked on

2018-11-22 23:05:07 - [TEST_STEP][PASSED] - Statement - selectMonth = com.kms.katalon.core.webui.keyword.WebUiBuiltInKeywords.modifyObjectProperty(selectMonth, "xpath", "equals", "//body/div/div/div/select/option[@value="" + CurrentMonth + ""]", true): Modify property of object successfully

2018-11-22 23:05:07 - [MESSAGE][PASSED] - Modify property of object successfully

2018-11-22 23:05:07 - [TEST_STEP][PASSED] - click: Object: '' is clicked on

2018-11-22 23:05:07 - [MESSAGE][PASSED] - Object: '' is clicked on

2018-11-22 23:05:07 - [TEST_STEP][PASSED] - click: Object: 'Object Repository/Final Object Repo/Page_Update Add New Employee - ASSIST/DOB Year' is clicked on

2018-11-22 23:05:07 - [MESSAGE][PASSED] - Object: 'Object Repository/Final Object Repo/Page_Update Add New Employee - ASSIST/DOB Year' is clicked on

2018-11-22 23:05:07 - [TEST_STEP][PASSED] - Statement - selectYear = com.kms.katalon.core.webui.keyword.WebUiBuiltInKeywords.modifyObjectProperty(selectYear, "xpath", "equals", "//div/div/div/select/option[@value="" + FiftysevenYrsBefore + ""]", true): Modify property of object successfully

2018-11-22 23:05:07 - [MESSAGE][PASSED] - Modify property of object successfully

2018-11-22 23:05:07 - [TEST_STEP][PASSED] - click: Object: '' is clicked on

2018-11-22 23:05:07 - [MESSAGE][PASSED] - Object: '' is clicked on

2018-11-22 23:05:07 - [TEST_STEP][PASSED] - Statement - UpdatedSelectDate = com.kms.katalon.core.webui.keyword.WebUiBuiltInKeywords.modifyObjectProperty(com.kms.katalon.core.testobject.ObjectRepository.findTestObject(Final Object Repo/Page_Update Add New Employee - ASSIST/DOB Date), "xpath", "equals", "//body/div/table/tbody/tr/td/a[text()="" + CurrentDate + ""]", true): Modify property of object successfully

2018-11-22 23:05:07 - [MESSAGE][PASSED] - Modify property of object successfully

2018-11-22 23:05:07 - [TEST_STEP][PASSED] - click: Object: 'Object Repository/Final Object Repo/Page_Update Add New Employee - ASSIST/DOB Date' is clicked on

2018-11-22 23:05:07 - [MESSAGE][PASSED] - Object: 'Object Repository/Final Object Repo/Page_Update Add New Employee - ASSIST/DOB Date' is clicked on

2018-11-22 23:05:07 - [TEST_STEP][PASSED] - click: Object: 'Object Repository/Final Object Repo/Page_Update Add New Employee - ASSIST/EmploymentStartDate Pop Up' is clicked on

2018-11-22 23:05:08 - [MESSAGE][PASSED] - Object: 'Object Repository/Final Object Repo/Page_Update Add New Employee - ASSIST/EmploymentStartDate Pop Up' is clicked on

2018-11-22 23:05:08 - [TEST_STEP][PASSED] - delay: Delayed 2 second(s)

2018-11-22 23:05:10 - [MESSAGE][PASSED] - Delayed 2 second(s)

2018-11-22 23:05:10 - [TEST_STEP][PASSED] - click: Object: 'Object Repository/Final Object Repo/Page_Update Add New Employee - ASSIST/Socso Employment StartDate Month' is clicked on

2018-11-22 23:05:10 - [MESSAGE][PASSED] - Object: 'Object Repository/Final Object Repo/Page_Update Add New Employee - ASSIST/Socso Employment StartDate Month' is clicked on

2018-11-22 23:05:10 - [TEST_STEP][PASSED] - delay: Delayed 1 second(s)

2018-11-22 23:05:11 - [MESSAGE][PASSED] - Delayed 1 second(s)

2018-11-22 23:05:11 - [TEST_STEP][PASSED] - click: Object: 'Object Repository/Final Object Repo/Page_Update Add New Employee - ASSIST/Select Socso Employement Startdate Month' is clicked on

2018-11-22 23:05:11 - [MESSAGE][PASSED] - Object: 'Object Repository/Final Object Repo/Page_Update Add New Employee - ASSIST/Select Socso Employement Startdate Month' is clicked on

2018-11-22 23:05:11 - [TEST_STEP][PASSED] - delay: Delayed 2 second(s)

2018-11-22 23:05:13 - [MESSAGE][PASSED] - Delayed 2 second(s)

2018-11-22 23:05:13 - [TEST_STEP][PASSED] - click: Object: 'Object Repository/Final Object Repo/Page_Update Add New Employee - ASSIST/Socso Employment StartDate Year' is clicked on

2018-11-22 23:05:13 - [MESSAGE][PASSED] - Object: 'Object Repository/Final Object Repo/Page_Update Add New Employee - ASSIST/Socso Employment StartDate Year' is clicked on

2018-11-22 23:05:13 - [TEST_STEP][PASSED] - delay: Delayed 1 second(s)

2018-11-22 23:05:14 - [MESSAGE][PASSED] - Delayed 1 second(s)

2018-11-22 23:05:14 - [TEST_STEP][PASSED] - click: Object: 'Object Repository/Final Object Repo/Page_Update Add New Employee - ASSIST/Select Socso Employment Startdate Year' is clicked on

2018-11-22 23:05:14 - [MESSAGE][PASSED] - Object: 'Object Repository/Final Object Repo/Page_Update Add New Employee - ASSIST/Select Socso Employment Startdate Year' is clicked on

2018-11-22 23:05:14 - [TEST_STEP][PASSED] - delay: Delayed 2 second(s)

2018-11-22 23:05:16 - [MESSAGE][PASSED] - Delayed 2 second(s)

2018-11-22 23:05:16 - [TEST_STEP][PASSED] - click: Object: 'Object Repository/Final Object Repo/Page_Update Add New Employee - ASSIST/Socso Employment Start Date Day' is clicked on

2018-11-22 23:05:16 - [MESSAGE][PASSED] - Object: 'Object Repository/Final Object Repo/Page_Update Add New Employee - ASSIST/Socso Employment Start Date Day' is clicked on

2018-11-22 23:05:16 - [TEST_STEP][PASSED] - delay: Delayed 2 second(s)

2018-11-22 23:05:18 - [MESSAGE][PASSED] - Delayed 2 second(s)

2018-11-22 23:05:18 - [TEST_STEP][PASSED] - click: Object: 'Object Repository/Final Object Repo/Page_Update Add New Employee - ASSIST/Save Button for Add Employee' is clicked on

2018-11-22 23:05:19 - [MESSAGE][PASSED] - Object: 'Object Repository/Final Object Repo/Page_Update Add New Employee - ASSIST/Save Button for Add Employee' is clicked on

2018-11-22 23:05:19 - [MESSAGE][PASSED] - Call Test Case 'Test Cases/Final Aug 2018 - PKS Automation/Registration Module/Workflow/Update Add New Employee/Template/Employee Adding/Employee Adding Action Repeat IC - set 2' successfully

2018-11-22 23:05:19 - [MESSAGE][PASSED] - Call Test Case 'Test Cases/Final Aug 2018 - PKS Automation/Registration Module/Workflow/Update Add New Employee/Template/Employee Adding/Employee Set Decider' successfully

2018-11-22 23:05:19 - [TEST_STEP][PASSED] - delay: Delayed 4 second(s)

2018-11-22 23:05:23 - [MESSAGE][PASSED] - Delayed 4 second(s)

2018-11-22 23:05:23 - [TEST_STEP][PASSED] - Statement - CaseReferenceNo = com.kms.katalon.core.webui.keyword.WebUiBuiltInKeywords.getText(com.kms.katalon.core.testobject.ObjectRepository.findTestObject(Final Object Repo/Page_Update Add New Employee - ASSIST/RefNo)): Text of object 'Object Repository/Final Object Repo/Page_Update Add New Employee - ASSIST/RefNo' is: 'CAN11201800002168'

2018-11-22 23:05:23 - [MESSAGE][PASSED] - Text of object 'Object Repository/Final Object Repo/Page_Update Add New Employee - ASSIST/RefNo' is: 'CAN11201800002168'

2018-11-22 23:05:23 - [TEST_STEP][PASSED] - callTestCase: Call Test Case 'Test Cases/Final Aug 2018 - PKS Automation/Common/Reference Number Setter' successfully

2018-11-22 23:05:23 - [TEST_CASE][PASSED] - Test Cases/Final Aug 2018 - PKS Automation/Common/Reference Number Setter: Test Cases/Final Aug 2018 - PKS Automation/Common/Reference Number Setter

2018-11-22 23:05:23 - [TEST_STEP][PASSED] - Statement - RefNoOldFile = new java.io.File(C://Users//Admin//Desktop//PKS//Automation Reference Point//KatalonReference.txt): null

2018-11-22 23:05:23 - [TEST_STEP][PASSED] - Statement - RefNoOldFile.delete(): null

2018-11-22 23:05:23 - [TEST_STEP][PASSED] - delay: Delayed 5 second(s)

2018-11-22 23:05:28 - [MESSAGE][PASSED] - Delayed 5 second(s)

2018-11-22 23:05:28 - [TEST_STEP][PASSED] - Statement - RefNo = new java.io.File(C://Users//Admin//Desktop//PKS//Automation Reference Point//KatalonReference.txt): null

2018-11-22 23:05:28 - [TEST_STEP][PASSED] - Statement - f2 = new java.io.FileWriter(RefNo, false): null

2018-11-22 23:05:28 - [TEST_STEP][PASSED] - Statement - f2.write(CaseReferenceNo): null

2018-11-22 23:05:28 - [TEST_STEP][PASSED] - Statement - f2.close(): null

2018-11-22 23:05:28 - [TEST_STEP][PASSED] - Statement - out.println("


" + CaseReferenceNo + "


"): null

2018-11-22 23:05:28 - [MESSAGE][PASSED] - Call Test Case 'Test Cases/Final Aug 2018 - PKS Automation/Common/Reference Number Setter' successfully

2018-11-22 23:05:28 - [TEST_STEP][PASSED] - delay: Delayed 5 second(s)

2018-11-22 23:05:33 - [MESSAGE][PASSED] - Delayed 5 second(s)

2018-11-22 23:05:33 - [TEST_STEP][PASSED] - click: Object: 'Object Repository/Final Object Repo/Page_Update Add New Employee - ASSIST/Save  Continue Button' is clicked on

2018-11-22 23:05:33 - [MESSAGE][PASSED] - Object: 'Object Repository/Final Object Repo/Page_Update Add New Employee - ASSIST/Save  Continue Button' is clicked on

2018-11-22 23:05:33 - [TEST_STEP][PASSED] - delay: Delayed 5 second(s)

2018-11-22 23:05:38 - [MESSAGE][PASSED] - Delayed 5 second(s)

2018-11-22 23:05:38 - [TEST_STEP][PASSED] - click: Object: 'Object Repository/Final Object Repo/Page_Update Add New Employee - ASSIST/Save  Continue Third Screen' is clicked on

2018-11-22 23:05:41 - [MESSAGE][PASSED] - Object: 'Object Repository/Final Object Repo/Page_Update Add New Employee - ASSIST/Save  Continue Third Screen' is clicked on

2018-11-22 23:05:41 - [TEST_STEP][PASSED] - delay: Delayed 4 second(s)

2018-11-22 23:05:45 - [MESSAGE][PASSED] - Delayed 4 second(s)

2018-11-22 23:05:45 - [TEST_STEP][PASSED] - click: Object: 'Object Repository/Final Object Repo/Page_Update Add New Employee - ASSIST/Save   Continue Supporting Doc Page' is clicked on

2018-11-22 23:05:45 - [MESSAGE][PASSED] - Object: 'Object Repository/Final Object Repo/Page_Update Add New Employee - ASSIST/Save   Continue Supporting Doc Page' is clicked on

2018-11-22 23:05:45 - [TEST_STEP][PASSED] - delay: Delayed 4 second(s)

2018-11-22 23:05:49 - [MESSAGE][PASSED] - Delayed 4 second(s)

2018-11-22 23:05:49 - [TEST_STEP][PASSED] - click: Object: 'Object Repository/Final Object Repo/Page_Update Add New Employee - ASSIST/Submit Button' is clicked on

2018-11-22 23:05:49 - [MESSAGE][PASSED] - Object: 'Object Repository/Final Object Repo/Page_Update Add New Employee - ASSIST/Submit Button' is clicked on

2018-11-22 23:05:49 - [TEST_STEP][PASSED] - delay: Delayed 4 second(s)

2018-11-22 23:05:53 - [MESSAGE][PASSED] - Delayed 4 second(s)

2018-11-22 23:05:53 - [TEST_STEP][PASSED] - click: Object: 'Object Repository/Final Object Repo/Page_Update Add New Employee - ASSIST/Confirm Submit Button' is clicked on

2018-11-22 23:05:54 - [MESSAGE][PASSED] - Object: 'Object Repository/Final Object Repo/Page_Update Add New Employee - ASSIST/Confirm Submit Button' is clicked on

2018-11-22 23:05:54 - [TEST_STEP][PASSED] - delay: Delayed 30 second(s)

2018-11-22 23:06:24 - [MESSAGE][PASSED] - Delayed 30 second(s)

2018-11-22 23:06:24 - [TEST_STEP][PASSED] - callTestCase: Call Test Case 'Test Cases/Final Aug 2018 - PKS Automation/Common/Screenshoting tool' successfully

2018-11-22 23:06:24 - [TEST_CASE][PASSED] - Test Cases/Final Aug 2018 - PKS Automation/Common/Screenshoting tool: Test Cases/Final Aug 2018 - PKS Automation/Common/Screenshoting tool

2018-11-22 23:06:24 - [TEST_STEP][PASSED] - delay: Delayed 15 second(s)

2018-11-22 23:06:39 - [MESSAGE][PASSED] - Delayed 15 second(s)

2018-11-22 23:06:39 - [TEST_STEP][PASSED] - Statement - driver = com.kms.katalon.core.webui.driver.DriverFactory.getWebDriver(): null

2018-11-22 23:06:39 - [TEST_STEP][PASSED] - Statement - driver.manage().timeouts().implicitlyWait(10, SECONDS): null

2018-11-22 23:06:39 - [TEST_STEP][PASSED] - Statement - PresavePath = KatalonScreenshots: null

2018-11-22 23:06:39 - [TEST_STEP][PASSED] - Statement - pathPrefix = "C:\Users\Public\Pictures\Sample Pictures\Katalon Screenshots\Automate Ending Screen": null

2018-11-22 23:06:39 - [TEST_STEP][PASSED] - Statement - finalPath = <not implemented yet for class: org.codehaus.groovy.ast.expr.EmptyExpression>: null

2018-11-22 23:06:39 - [TEST_STEP][PASSED] - Statement - scrFile = driver.getScreenshotAs(FILE): null

2018-11-22 23:06:39 - [TEST_STEP][PASSED] - Statement - PreSaveFile = new java.io.File(PresavePath): null

2018-11-22 23:06:39 - [TEST_STEP][PASSED] - Statement - counter = 0: null

2018-11-22 23:06:39 - [TEST_STEP][PASSED] - Statement - If (PreSaveFile.exists()): null

2018-11-22 23:06:39 - [TEST_STEP][PASSED] - Statement - While (PreSaveFile.exists()): null

2018-11-22 23:06:39 - [TEST_STEP][PASSED] - Statement - counter = counter + 1: null

2018-11-22 23:06:39 - [TEST_STEP][PASSED] - Statement - PreSaveFile = new java.io.File(((pathPrefix + java.lang.Integer.toString(counter)) + .png)): null

2018-11-22 23:06:39 - [TEST_STEP][PASSED] - Statement - counter = counter + 1: null

2018-11-22 23:06:39 - [TEST_STEP][PASSED] - Statement - PreSaveFile = new java.io.File(((pathPrefix + java.lang.Integer.toString(counter)) + .png)): null

2018-11-22 23:06:39 - [TEST_STEP][PASSED] - Statement - counter = counter + 1: null

2018-11-22 23:06:39 - [TEST_STEP][PASSED] - Statement - PreSaveFile = new java.io.File(((pathPrefix + java.lang.Integer.toString(counter)) + .png)): null

2018-11-22 23:06:39 - [TEST_STEP][PASSED] - Statement - counter = counter + 1: null

2018-11-22 23:06:39 - [TEST_STEP][PASSED] - Statement - PreSaveFile = new java.io.File(((pathPrefix + java.lang.Integer.toString(counter)) + .png)): null

2018-11-22 23:06:39 - [TEST_STEP][PASSED] - Statement - counter = counter + 1: null

2018-11-22 23:06:39 - [TEST_STEP][PASSED] - Statement - PreSaveFile = new java.io.File(((pathPrefix + java.lang.Integer.toString(counter)) + .png)): null

2018-11-22 23:06:39 - [TEST_STEP][PASSED] - Statement - counter = counter + 1: null

2018-11-22 23:06:39 - [TEST_STEP][PASSED] - Statement - PreSaveFile = new java.io.File(((pathPrefix + java.lang.Integer.toString(counter)) + .png)): null

2018-11-22 23:06:39 - [TEST_STEP][PASSED] - Statement - counter = counter + 1: null

2018-11-22 23:06:39 - [TEST_STEP][PASSED] - Statement - PreSaveFile = new java.io.File(((pathPrefix + java.lang.Integer.toString(counter)) + .png)): null

2018-11-22 23:06:39 - [TEST_STEP][PASSED] - Statement - counter = counter + 1: null

2018-11-22 23:06:39 - [TEST_STEP][PASSED] - Statement - PreSaveFile = new java.io.File(((pathPrefix + java.lang.Integer.toString(counter)) + .png)): null

2018-11-22 23:06:39 - [TEST_STEP][PASSED] - Statement - counter = counter + 1: null

2018-11-22 23:06:39 - [TEST_STEP][PASSED] - Statement - PreSaveFile = new java.io.File(((pathPrefix + java.lang.Integer.toString(counter)) + .png)): null

2018-11-22 23:06:39 - [TEST_STEP][PASSED] - Statement - counter = counter + 1: null

2018-11-22 23:06:39 - [TEST_STEP][PASSED] - Statement - PreSaveFile = new java.io.File(((pathPrefix + java.lang.Integer.toString(counter)) + .png)): null

2018-11-22 23:06:39 - [TEST_STEP][PASSED] - Statement - counter = counter + 1: null

2018-11-22 23:06:39 - [TEST_STEP][PASSED] - Statement - PreSaveFile = new java.io.File(((pathPrefix + java.lang.Integer.toString(counter)) + .png)): null

2018-11-22 23:06:39 - [TEST_STEP][PASSED] - Statement - counter = counter + 1: null

2018-11-22 23:06:39 - [TEST_STEP][PASSED] - Statement - PreSaveFile = new java.io.File(((pathPrefix + java.lang.Integer.toString(counter)) + .png)): null

2018-11-22 23:06:39 - [TEST_STEP][PASSED] - Statement - counter = counter + 1: null

2018-11-22 23:06:39 - [TEST_STEP][PASSED] - Statement - PreSaveFile = new java.io.File(((pathPrefix + java.lang.Integer.toString(counter)) + .png)): null

2018-11-22 23:06:39 - [TEST_STEP][PASSED] - Statement - counter = counter + 1: null

2018-11-22 23:06:39 - [TEST_STEP][PASSED] - Statement - PreSaveFile = new java.io.File(((pathPrefix + java.lang.Integer.toString(counter)) + .png)): null

2018-11-22 23:06:39 - [TEST_STEP][PASSED] - Statement - counter = counter + 1: null

2018-11-22 23:06:39 - [TEST_STEP][PASSED] - Statement - PreSaveFile = new java.io.File(((pathPrefix + java.lang.Integer.toString(counter)) + .png)): null

2018-11-22 23:06:39 - [TEST_STEP][PASSED] - Statement - counter = counter + 1: null

2018-11-22 23:06:39 - [TEST_STEP][PASSED] - Statement - PreSaveFile = new java.io.File(((pathPrefix + java.lang.Integer.toString(counter)) + .png)): null

2018-11-22 23:06:39 - [TEST_STEP][PASSED] - Statement - counter = counter + 1: null

2018-11-22 23:06:39 - [TEST_STEP][PASSED] - Statement - PreSaveFile = new java.io.File(((pathPrefix + java.lang.Integer.toString(counter)) + .png)): null

2018-11-22 23:06:39 - [TEST_STEP][PASSED] - Statement - counter = counter + 1: null

2018-11-22 23:06:39 - [TEST_STEP][PASSED] - Statement - PreSaveFile = new java.io.File(((pathPrefix + java.lang.Integer.toString(counter)) + .png)): null

2018-11-22 23:06:39 - [TEST_STEP][PASSED] - Statement - counter = counter + 1: null

2018-11-22 23:06:39 - [TEST_STEP][PASSED] - Statement - PreSaveFile = new java.io.File(((pathPrefix + java.lang.Integer.toString(counter)) + .png)): null

2018-11-22 23:06:39 - [TEST_STEP][PASSED] - Statement - counter = counter + 1: null

2018-11-22 23:06:39 - [TEST_STEP][PASSED] - Statement - PreSaveFile = new java.io.File(((pathPrefix + java.lang.Integer.toString(counter)) + .png)): null

2018-11-22 23:06:39 - [TEST_STEP][PASSED] - Statement - counter = counter + 1: null

2018-11-22 23:06:39 - [TEST_STEP][PASSED] - Statement - PreSaveFile = new java.io.File(((pathPrefix + java.lang.Integer.toString(counter)) + .png)): null

2018-11-22 23:06:39 - [TEST_STEP][PASSED] - Statement - counter = counter + 1: null

2018-11-22 23:06:39 - [TEST_STEP][PASSED] - Statement - PreSaveFile = new java.io.File(((pathPrefix + java.lang.Integer.toString(counter)) + .png)): null

2018-11-22 23:06:39 - [TEST_STEP][PASSED] - Statement - counter = counter + 1: null

2018-11-22 23:06:39 - [TEST_STEP][PASSED] - Statement - PreSaveFile = new java.io.File(((pathPrefix + java.lang.Integer.toString(counter)) + .png)): null

2018-11-22 23:06:39 - [TEST_STEP][PASSED] - Statement - counter = counter + 1: null

2018-11-22 23:06:39 - [TEST_STEP][PASSED] - Statement - PreSaveFile = new java.io.File(((pathPrefix + java.lang.Integer.toString(counter)) + .png)): null

2018-11-22 23:06:39 - [TEST_STEP][PASSED] - Statement - counter = counter + 1: null

2018-11-22 23:06:39 - [TEST_STEP][PASSED] - Statement - PreSaveFile = new java.io.File(((pathPrefix + java.lang.Integer.toString(counter)) + .png)): null

2018-11-22 23:06:39 - [TEST_STEP][PASSED] - Statement - counter = counter + 1: null

2018-11-22 23:06:39 - [TEST_STEP][PASSED] - Statement - PreSaveFile = new java.io.File(((pathPrefix + java.lang.Integer.toString(counter)) + .png)): null

2018-11-22 23:06:39 - [TEST_STEP][PASSED] - Statement - counter = counter + 1: null

2018-11-22 23:06:39 - [TEST_STEP][PASSED] - Statement - PreSaveFile = new java.io.File(((pathPrefix + java.lang.Integer.toString(counter)) + .png)): null

2018-11-22 23:06:39 - [TEST_STEP][PASSED] - Statement - counter = counter + 1: null

2018-11-22 23:06:39 - [TEST_STEP][PASSED] - Statement - PreSaveFile = new java.io.File(((pathPrefix + java.lang.Integer.toString(counter)) + .png)): null

2018-11-22 23:06:39 - [TEST_STEP][PASSED] - Statement - counter = counter + 1: null

2018-11-22 23:06:39 - [TEST_STEP][PASSED] - Statement - PreSaveFile = new java.io.File(((pathPrefix + java.lang.Integer.toString(counter)) + .png)): null

2018-11-22 23:06:39 - [TEST_STEP][PASSED] - Statement - counter = counter + 1: null

2018-11-22 23:06:39 - [TEST_STEP][PASSED] - Statement - PreSaveFile = new java.io.File(((pathPrefix + java.lang.Integer.toString(counter)) + .png)): null

2018-11-22 23:06:39 - [TEST_STEP][PASSED] - Statement - counter = counter + 1: null

2018-11-22 23:06:39 - [TEST_STEP][PASSED] - Statement - PreSaveFile = new java.io.File(((pathPrefix + java.lang.Integer.toString(counter)) + .png)): null

2018-11-22 23:06:39 - [TEST_STEP][PASSED] - Statement - counter = counter + 1: null

2018-11-22 23:06:39 - [TEST_STEP][PASSED] - Statement - PreSaveFile = new java.io.File(((pathPrefix + java.lang.Integer.toString(counter)) + .png)): null

2018-11-22 23:06:39 - [TEST_STEP][PASSED] - Statement - counter = counter + 1: null

2018-11-22 23:06:39 - [TEST_STEP][PASSED] - Statement - PreSaveFile = new java.io.File(((pathPrefix + java.lang.Integer.toString(counter)) + .png)): null

2018-11-22 23:06:39 - [TEST_STEP][PASSED] - Statement - counter = counter + 1: null

2018-11-22 23:06:39 - [TEST_STEP][PASSED] - Statement - PreSaveFile = new java.io.File(((pathPrefix + java.lang.Integer.toString(counter)) + .png)): null

2018-11-22 23:06:39 - [TEST_STEP][PASSED] - Statement - counter = counter + 1: null

2018-11-22 23:06:39 - [TEST_STEP][PASSED] - Statement - PreSaveFile = new java.io.File(((pathPrefix + java.lang.Integer.toString(counter)) + .png)): null

2018-11-22 23:06:39 - [TEST_STEP][PASSED] - Statement - counter = counter + 1: null

2018-11-22 23:06:39 - [TEST_STEP][PASSED] - Statement - PreSaveFile = new java.io.File(((pathPrefix + java.lang.Integer.toString(counter)) + .png)): null

2018-11-22 23:06:39 - [TEST_STEP][PASSED] - Statement - counter = counter + 1: null

2018-11-22 23:06:39 - [TEST_STEP][PASSED] - Statement - PreSaveFile = new java.io.File(((pathPrefix + java.lang.Integer.toString(counter)) + .png)): null

2018-11-22 23:06:39 - [TEST_STEP][PASSED] - Statement - counter = counter + 1: null

2018-11-22 23:06:39 - [TEST_STEP][PASSED] - Statement - PreSaveFile = new java.io.File(((pathPrefix + java.lang.Integer.toString(counter)) + .png)): null

2018-11-22 23:06:39 - [TEST_STEP][PASSED] - Statement - counter = counter + 1: null

2018-11-22 23:06:39 - [TEST_STEP][PASSED] - Statement - PreSaveFile = new java.io.File(((pathPrefix + java.lang.Integer.toString(counter)) + .png)): null

2018-11-22 23:06:39 - [TEST_STEP][PASSED] - Statement - counter = counter + 1: null

2018-11-22 23:06:39 - [TEST_STEP][PASSED] - Statement - PreSaveFile = new java.io.File(((pathPrefix + java.lang.Integer.toString(counter)) + .png)): null

2018-11-22 23:06:39 - [TEST_STEP][PASSED] - Statement - counter = counter + 1: null

2018-11-22 23:06:39 - [TEST_STEP][PASSED] - Statement - PreSaveFile = new java.io.File(((pathPrefix + java.lang.Integer.toString(counter)) + .png)): null

2018-11-22 23:06:39 - [TEST_STEP][PASSED] - Statement - counter = counter + 1: null

2018-11-22 23:06:39 - [TEST_STEP][PASSED] - Statement - PreSaveFile = new java.io.File(((pathPrefix + java.lang.Integer.toString(counter)) + .png)): null

2018-11-22 23:06:39 - [TEST_STEP][PASSED] - Statement - counter = counter + 1: null

2018-11-22 23:06:39 - [TEST_STEP][PASSED] - Statement - PreSaveFile = new java.io.File(((pathPrefix + java.lang.Integer.toString(counter)) + .png)): null

2018-11-22 23:06:39 - [TEST_STEP][PASSED] - Statement - counter = counter + 1: null

2018-11-22 23:06:39 - [TEST_STEP][PASSED] - Statement - PreSaveFile = new java.io.File(((pathPrefix + java.lang.Integer.toString(counter)) + .png)): null

2018-11-22 23:06:39 - [TEST_STEP][PASSED] - Statement - counter = counter + 1: null

2018-11-22 23:06:39 - [TEST_STEP][PASSED] - Statement - PreSaveFile = new java.io.File(((pathPrefix + java.lang.Integer.toString(counter)) + .png)): null

2018-11-22 23:06:39 - [TEST_STEP][PASSED] - Statement - counter = counter + 1: null

2018-11-22 23:06:39 - [TEST_STEP][PASSED] - Statement - PreSaveFile = new java.io.File(((pathPrefix + java.lang.Integer.toString(counter)) + .png)): null

2018-11-22 23:06:39 - [TEST_STEP][PASSED] - Statement - counter = counter + 1: null

2018-11-22 23:06:39 - [TEST_STEP][PASSED] - Statement - PreSaveFile = new java.io.File(((pathPrefix + java.lang.Integer.toString(counter)) + .png)): null

2018-11-22 23:06:39 - [TEST_STEP][PASSED] - Statement - counter = counter + 1: null

2018-11-22 23:06:39 - [TEST_STEP][PASSED] - Statement - PreSaveFile = new java.io.File(((pathPrefix + java.lang.Integer.toString(counter)) + .png)): null

2018-11-22 23:06:39 - [TEST_STEP][PASSED] - Statement - counter = counter + 1: null

2018-11-22 23:06:39 - [TEST_STEP][PASSED] - Statement - PreSaveFile = new java.io.File(((pathPrefix + java.lang.Integer.toString(counter)) + .png)): null

2018-11-22 23:06:39 - [TEST_STEP][PASSED] - Statement - counter = counter + 1: null

2018-11-22 23:06:39 - [TEST_STEP][PASSED] - Statement - PreSaveFile = new java.io.File(((pathPrefix + java.lang.Integer.toString(counter)) + .png)): null

2018-11-22 23:06:39 - [TEST_STEP][PASSED] - Statement - counter = counter + 1: null

2018-11-22 23:06:39 - [TEST_STEP][PASSED] - Statement - PreSaveFile = new java.io.File(((pathPrefix + java.lang.Integer.toString(counter)) + .png)): null

2018-11-22 23:06:39 - [TEST_STEP][PASSED] - Statement - counter = counter + 1: null

2018-11-22 23:06:39 - [TEST_STEP][PASSED] - Statement - PreSaveFile = new java.io.File(((pathPrefix + java.lang.Integer.toString(counter)) + .png)): null

2018-11-22 23:06:39 - [TEST_STEP][PASSED] - Statement - counter = counter + 1: null

2018-11-22 23:06:39 - [TEST_STEP][PASSED] - Statement - PreSaveFile = new java.io.File(((pathPrefix + java.lang.Integer.toString(counter)) + .png)): null

2018-11-22 23:06:39 - [TEST_STEP][PASSED] - Statement - counter = counter + 1: null

2018-11-22 23:06:39 - [TEST_STEP][PASSED] - Statement - PreSaveFile = new java.io.File(((pathPrefix + java.lang.Integer.toString(counter)) + .png)): null

2018-11-22 23:06:39 - [TEST_STEP][PASSED] - Statement - counter = counter + 1: null

2018-11-22 23:06:39 - [TEST_STEP][PASSED] - Statement - PreSaveFile = new java.io.File(((pathPrefix + java.lang.Integer.toString(counter)) + .png)): null

2018-11-22 23:06:39 - [TEST_STEP][PASSED] - Statement - counter = counter + 1: null

2018-11-22 23:06:39 - [TEST_STEP][PASSED] - Statement - PreSaveFile = new java.io.File(((pathPrefix + java.lang.Integer.toString(counter)) + .png)): null

2018-11-22 23:06:39 - [TEST_STEP][PASSED] - Statement - counter = counter + 1: null

2018-11-22 23:06:39 - [TEST_STEP][PASSED] - Statement - PreSaveFile = new java.io.File(((pathPrefix + java.lang.Integer.toString(counter)) + .png)): null

2018-11-22 23:06:39 - [TEST_STEP][PASSED] - Statement - counter = counter + 1: null

2018-11-22 23:06:39 - [TEST_STEP][PASSED] - Statement - PreSaveFile = new java.io.File(((pathPrefix + java.lang.Integer.toString(counter)) + .png)): null

2018-11-22 23:06:39 - [TEST_STEP][PASSED] - Statement - counter = counter + 1: null

2018-11-22 23:06:39 - [TEST_STEP][PASSED] - Statement - PreSaveFile = new java.io.File(((pathPrefix + java.lang.Integer.toString(counter)) + .png)): null

2018-11-22 23:06:39 - [TEST_STEP][PASSED] - Statement - counter = counter + 1: null

2018-11-22 23:06:39 - [TEST_STEP][PASSED] - Statement - PreSaveFile = new java.io.File(((pathPrefix + java.lang.Integer.toString(counter)) + .png)): null

2018-11-22 23:06:39 - [TEST_STEP][PASSED] - Statement - counter = counter + 1: null

2018-11-22 23:06:39 - [TEST_STEP][PASSED] - Statement - PreSaveFile = new java.io.File(((pathPrefix + java.lang.Integer.toString(counter)) + .png)): null

2018-11-22 23:06:39 - [TEST_STEP][PASSED] - Statement - counter = counter + 1: null

2018-11-22 23:06:39 - [TEST_STEP][PASSED] - Statement - PreSaveFile = new java.io.File(((pathPrefix + java.lang.Integer.toString(counter)) + .png)): null

2018-11-22 23:06:39 - [TEST_STEP][PASSED] - Statement - counter = counter + 1: null

2018-11-22 23:06:39 - [TEST_STEP][PASSED] - Statement - PreSaveFile = new java.io.File(((pathPrefix + java.lang.Integer.toString(counter)) + .png)): null

2018-11-22 23:06:39 - [TEST_STEP][PASSED] - Statement - counter = counter + 1: null

2018-11-22 23:06:39 - [TEST_STEP][PASSED] - Statement - PreSaveFile = new java.io.File(((pathPrefix + java.lang.Integer.toString(counter)) + .png)): null

2018-11-22 23:06:39 - [TEST_STEP][PASSED] - Statement - counter = counter + 1: null

2018-11-22 23:06:39 - [TEST_STEP][PASSED] - Statement - PreSaveFile = new java.io.File(((pathPrefix + java.lang.Integer.toString(counter)) + .png)): null

2018-11-22 23:06:39 - [TEST_STEP][PASSED] - Statement - counter = counter + 1: null

2018-11-22 23:06:39 - [TEST_STEP][PASSED] - Statement - PreSaveFile = new java.io.File(((pathPrefix + java.lang.Integer.toString(counter)) + .png)): null

2018-11-22 23:06:39 - [TEST_STEP][PASSED] - Statement - counter = counter + 1: null

2018-11-22 23:06:39 - [TEST_STEP][PASSED] - Statement - PreSaveFile = new java.io.File(((pathPrefix + java.lang.Integer.toString(counter)) + .png)): null

2018-11-22 23:06:39 - [TEST_STEP][PASSED] - Statement - counter = counter + 1: null

2018-11-22 23:06:39 - [TEST_STEP][PASSED] - Statement - PreSaveFile = new java.io.File(((pathPrefix + java.lang.Integer.toString(counter)) + .png)): null

2018-11-22 23:06:39 - [TEST_STEP][PASSED] - Statement - counter = counter + 1: null

2018-11-22 23:06:39 - [TEST_STEP][PASSED] - Statement - PreSaveFile = new java.io.File(((pathPrefix + java.lang.Integer.toString(counter)) + .png)): null

2018-11-22 23:06:39 - [TEST_STEP][PASSED] - Statement - counter = counter + 1: null

2018-11-22 23:06:39 - [TEST_STEP][PASSED] - Statement - PreSaveFile = new java.io.File(((pathPrefix + java.lang.Integer.toString(counter)) + .png)): null

2018-11-22 23:06:39 - [TEST_STEP][PASSED] - Statement - counter = counter + 1: null

2018-11-22 23:06:39 - [TEST_STEP][PASSED] - Statement - PreSaveFile = new java.io.File(((pathPrefix + java.lang.Integer.toString(counter)) + .png)): null

2018-11-22 23:06:39 - [TEST_STEP][PASSED] - Statement - counter = counter + 1: null

2018-11-22 23:06:39 - [TEST_STEP][PASSED] - Statement - PreSaveFile = new java.io.File(((pathPrefix + java.lang.Integer.toString(counter)) + .png)): null

2018-11-22 23:06:39 - [TEST_STEP][PASSED] - Statement - counter = counter + 1: null

2018-11-22 23:06:39 - [TEST_STEP][PASSED] - Statement - PreSaveFile = new java.io.File(((pathPrefix + java.lang.Integer.toString(counter)) + .png)): null

2018-11-22 23:06:39 - [TEST_STEP][PASSED] - Statement - counter = counter + 1: null

2018-11-22 23:06:39 - [TEST_STEP][PASSED] - Statement - PreSaveFile = new java.io.File(((pathPrefix + java.lang.Integer.toString(counter)) + .png)): null

2018-11-22 23:06:39 - [TEST_STEP][PASSED] - Statement - counter = counter + 1: null

2018-11-22 23:06:39 - [TEST_STEP][PASSED] - Statement - PreSaveFile = new java.io.File(((pathPrefix + java.lang.Integer.toString(counter)) + .png)): null

2018-11-22 23:06:39 - [TEST_STEP][PASSED] - Statement - counter = counter + 1: null

2018-11-22 23:06:39 - [TEST_STEP][PASSED] - Statement - PreSaveFile = new java.io.File(((pathPrefix + java.lang.Integer.toString(counter)) + .png)): null

2018-11-22 23:06:39 - [TEST_STEP][PASSED] - Statement - counter = counter + 1: null

2018-11-22 23:06:39 - [TEST_STEP][PASSED] - Statement - PreSaveFile = new java.io.File(((pathPrefix + java.lang.Integer.toString(counter)) + .png)): null

2018-11-22 23:06:39 - [TEST_STEP][PASSED] - Statement - counter = counter + 1: null

2018-11-22 23:06:39 - [TEST_STEP][PASSED] - Statement - PreSaveFile = new java.io.File(((pathPrefix + java.lang.Integer.toString(counter)) + .png)): null

2018-11-22 23:06:39 - [TEST_STEP][PASSED] - Statement - finalPath = pathPrefix + java.lang.Integer.toString(counter) + ".png": null

2018-11-22 23:06:39 - [TEST_STEP][PASSED] - Statement - SaveFile = new java.io.File(finalPath): null

2018-11-22 23:06:39 - [TEST_STEP][PASSED] - Statement - Try: null

2018-11-22 23:06:39 - [TEST_STEP][PASSED] - Statement - org.apache.commons.io.FileUtils.copyFile(scrFile, SaveFile): null

2018-11-22 23:06:39 - [TEST_STEP][PASSED] - Statement - out.println("file kept"): null

2018-11-22 23:06:39 - [TEST_STEP][PASSED] - delay: Delayed 10 second(s)

2018-11-22 23:06:49 - [MESSAGE][PASSED] - Delayed 10 second(s)

2018-11-22 23:06:49 - [MESSAGE][PASSED] - Call Test Case 'Test Cases/Final Aug 2018 - PKS Automation/Common/Screenshoting tool' successfully

2018-11-22 23:06:49 - [TEST_STEP][PASSED] - callTestCase: Call Test Case 'Test Cases/Final Aug 2018 - PKS Automation/Registration Module/Log Out/log out avoiding katalon tagging' successfully

2018-11-22 23:06:49 - [TEST_CASE][PASSED] - Test Cases/Final Aug 2018 - PKS Automation/Registration Module/Log Out/log out avoiding katalon tagging: Test Cases/Final Aug 2018 - PKS Automation/Registration Module/Log Out/log out avoiding katalon tagging

2018-11-22 23:06:49 - [TEST_STEP][PASSED] - navigateToUrl: Navigate to 'https://assist2-uat.perkeso.gov.my/c/portal/logout' successfully

2018-11-22 23:06:50 - [MESSAGE][PASSED] - Navigate to 'https://assist2-uat.perkeso.gov.my/c/portal/logout' successfully

2018-11-22 23:06:50 - [MESSAGE][PASSED] - Call Test Case 'Test Cases/Final Aug 2018 - PKS Automation/Registration Module/Log Out/log out avoiding katalon tagging' successfully

2018-11-22 23:06:50 - [TEST_STEP][FAILED] - callTestCase: Unable to call Test Case with id 'Test Cases/Final Aug 2018 - PKS Automation/Common/Workflow Owner Finder' (Root cause: Call Test Case 'Test Cases/Final Aug 2018 - PKS Automation/Common/Workflow Owner Finder' failed)

2018-11-22 23:06:50 - [TEST_CASE][FAILED] - Test Cases/Final Aug 2018 - PKS Automation/Common/Workflow Owner Finder: Test Cases/Final Aug 2018 - PKS Automation/Common/Workflow Owner Finder FAILED because (of) (Stack trace: com.kms.katalon.core.exception.StepFailedException: Unable to click on object 'Object Repository/Final Object Repo/Landing Page/Select to English' (Root cause: com.kms.katalon.core.webui.exception.WebElementNotFoundException: Web element with id: 'Object Repository/Final Object Repo/Landing Page/Select to English' located by 'By.xpath: //a[@class = 'taglib-language-list-text' and @lang = 'en-US' and (contains(text(), 'EN') or contains(., 'EN'))]' not found)
	at com.kms.katalon.core.keyword.internal.KeywordMain.stepFailed(KeywordMain.groovy:32)
	at com.kms.katalon.core.webui.keyword.internal.WebUIKeywordMain.stepFailed(WebUIKeywordMain.groovy:65)
	at com.kms.katalon.core.webui.keyword.internal.WebUIKeywordMain.runKeyword(WebUIKeywordMain.groovy:27)
	at com.kms.katalon.core.webui.keyword.builtin.ClickKeyword.click(ClickKeyword.groovy:86)
	at com.kms.katalon.core.webui.keyword.builtin.ClickKeyword.execute(ClickKeyword.groovy:67)
	at com.kms.katalon.core.keyword.internal.KeywordExecutor.executeKeywordForPlatform(KeywordExecutor.groovy:53)
	at com.kms.katalon.core.webui.keyword.WebUiBuiltInKeywords.click(WebUiBuiltInKeywords.groovy:604)
	at com.kms.katalon.core.webui.keyword.WebUiBuiltInKeywords$click$6.call(Unknown Source)
	at Script1534407542420.run(Script1534407542420.groovy:57)
	at com.kms.katalon.core.main.ScriptEngine.run(ScriptEngine.java:183)
	at com.kms.katalon.core.main.ScriptEngine.runScriptAsRawText(ScriptEngine.java:108)
	at com.kms.katalon.core.main.TestCaseExecutor.runScript(TestCaseExecutor.java:294)
	at com.kms.katalon.core.main.TestCaseExecutor.doExecute(TestCaseExecutor.java:285)
	at com.kms.katalon.core.main.TestCaseExecutor.processExecutionPhase(TestCaseExecutor.java:264)
	at com.kms.katalon.core.main.TestCaseExecutor.accessMainPhase(TestCaseExecutor.java:256)
	at com.kms.katalon.core.main.TestCaseExecutor.execute(TestCaseExecutor.java:200)
	at com.kms.katalon.core.main.TestCaseMain.runTestCase(TestCaseMain.java:99)
	at com.kms.katalon.core.keyword.builtin.CallTestCaseKeyword$_callTestCase_closure1.doCall(CallTestCaseKeyword.groovy:60)
	at com.kms.katalon.core.keyword.builtin.CallTestCaseKeyword$_callTestCase_closure1.call(CallTestCaseKeyword.groovy)
	at com.kms.katalon.core.keyword.internal.KeywordMain.runKeyword(KeywordMain.groovy:54)
	at com.kms.katalon.core.keyword.builtin.CallTestCaseKeyword.callTestCase(CallTestCaseKeyword.groovy:81)
	at com.kms.katalon.core.keyword.builtin.CallTestCaseKeyword.execute(CallTestCaseKeyword.groovy:45)
	at com.kms.katalon.core.keyword.internal.KeywordExecutor.executeKeywordForPlatform(KeywordExecutor.groovy:53)
	at com.kms.katalon.core.keyword.BuiltinKeywords.callTestCase(BuiltinKeywords.groovy:334)
	at sun.reflect.GeneratedMethodAccessor13.invoke(Unknown Source)
	at sun.reflect.DelegatingMethodAccessorImpl.invoke(DelegatingMethodAccessorImpl.java:43)
	at java.lang.reflect.Method.invoke(Method.java:498)
	at org.codehaus.groovy.reflection.CachedMethod.invoke(CachedMethod.java:93)
	at groovy.lang.MetaMethod.doMethodInvoke(MetaMethod.java:325)
	at groovy.lang.MetaClassImpl.invokeStaticMethod(MetaClassImpl.java:1469)
	at org.codehaus.groovy.runtime.callsite.StaticMetaClassSite.call(StaticMetaClassSite.java:53)
	at org.codehaus.groovy.runtime.callsite.CallSiteArray.defaultCall(CallSiteArray.java:48)
	at org.codehaus.groovy.runtime.callsite.AbstractCallSite.call(AbstractCallSite.java:113)
	at org.codehaus.groovy.runtime.callsite.AbstractCallSite.call(AbstractCallSite.java:141)
	at Script1536200585960.run(Script1536200585960.groovy:121)
	at com.kms.katalon.core.main.ScriptEngine.run(ScriptEngine.java:183)
	at com.kms.katalon.core.main.ScriptEngine.runScriptAsRawText(ScriptEngine.java:108)
	at com.kms.katalon.core.main.TestCaseExecutor.runScript(TestCaseExecutor.java:294)
	at com.kms.katalon.core.main.TestCaseExecutor.doExecute(TestCaseExecutor.java:285)
	at com.kms.katalon.core.main.TestCaseExecutor.processExecutionPhase(TestCaseExecutor.java:264)
	at com.kms.katalon.core.main.TestCaseExecutor.accessMainPhase(TestCaseExecutor.java:256)
	at com.kms.katalon.core.main.TestCaseExecutor.execute(TestCaseExecutor.java:200)
	at com.kms.katalon.core.main.TestSuiteExecutor.accessTestCaseMainPhase(TestSuiteExecutor.java:129)
	at com.kms.katalon.core.main.TestSuiteExecutor.accessTestSuiteMainPhase(TestSuiteExecutor.java:112)
	at com.kms.katalon.core.main.TestSuiteExecutor.execute(TestSuiteExecutor.java:81)
	at com.kms.katalon.core.main.TestCaseMain.startTestSuite(TestCaseMain.java:142)
	at com.kms.katalon.core.main.TestCaseMain$startTestSuite$0.call(Unknown Source)
	at org.codehaus.groovy.runtime.callsite.CallSiteArray.defaultCall(CallSiteArray.java:48)
	at org.codehaus.groovy.runtime.callsite.AbstractCallSite.call(AbstractCallSite.java:113)
	at org.codehaus.groovy.runtime.callsite.AbstractCallSite.call(AbstractCallSite.java:141)
	at TempTestSuite1542874456666.run(TempTestSuite1542874456666.groovy:36)
	at groovy.lang.GroovyShell.runScriptOrMainOrTestOrRunnable(GroovyShell.java:263)
	at groovy.lang.GroovyShell.run(GroovyShell.java:518)
	at groovy.lang.GroovyShell.run(GroovyShell.java:507)
	at groovy.ui.GroovyMain.processOnce(GroovyMain.java:653)
	at groovy.ui.GroovyMain.run(GroovyMain.java:384)
	at groovy.ui.GroovyMain.process(GroovyMain.java:370)
	at groovy.ui.GroovyMain.processArgs(GroovyMain.java:129)
	at groovy.ui.GroovyMain.main(GroovyMain.java:109)
	at sun.reflect.NativeMethodAccessorImpl.invoke0(Native Method)
	at sun.reflect.NativeMethodAccessorImpl.invoke(NativeMethodAccessorImpl.java:62)
	at sun.reflect.DelegatingMethodAccessorImpl.invoke(DelegatingMethodAccessorImpl.java:43)
	at java.lang.reflect.Method.invoke(Method.java:498)
	at org.codehaus.groovy.tools.GroovyStarter.rootLoader(GroovyStarter.java:109)
	at org.codehaus.groovy.tools.GroovyStarter.main(GroovyStarter.java:131)
)

2018-11-22 23:06:50 - [TEST_STEP][PASSED] - openBrowser: Browser is opened with url: ''

2018-11-22 23:06:50 - [MESSAGE][WARNING] - A browser is already opened. Closing browser and opening a new one

2018-11-22 23:06:54 - [MESSAGE][PASSED] - Browser is opened with url: ''

2018-11-22 23:06:54 - [TEST_STEP][PASSED] - navigateToUrl: Navigate to 'https://assist2-uat.perkeso.gov.my/login' successfully

2018-11-22 23:06:55 - [MESSAGE][PASSED] - Navigate to 'https://assist2-uat.perkeso.gov.my/login' successfully

2018-11-22 23:06:55 - [TEST_STEP][PASSED] - delay: Delayed 5 second(s)

2018-11-22 23:07:00 - [MESSAGE][PASSED] - Delayed 5 second(s)

2018-11-22 23:07:00 - [TEST_STEP][PASSED] - setText: Text 'test@liferay.com' is set on object 'Object Repository/Final Object Repo/Login Page/Internal User/Email Address'

2018-11-22 23:07:00 - [MESSAGE][PASSED] - Text 'test@liferay.com' is set on object 'Object Repository/Final Object Repo/Login Page/Internal User/Email Address'

2018-11-22 23:07:00 - [TEST_STEP][PASSED] - click: Object: 'Object Repository/Final Object Repo/Login Page/Internal User/Next Button' is clicked on

2018-11-22 23:07:00 - [MESSAGE][PASSED] - Object: 'Object Repository/Final Object Repo/Login Page/Internal User/Next Button' is clicked on

2018-11-22 23:07:00 - [TEST_STEP][PASSED] - delay: Delayed 2 second(s)

2018-11-22 23:07:02 - [MESSAGE][PASSED] - Delayed 2 second(s)

2018-11-22 23:07:02 - [TEST_STEP][PASSED] - setText: Text 'test' is set on object 'Object Repository/Final Object Repo/Login Page/Internal User/Password'

2018-11-22 23:07:03 - [MESSAGE][PASSED] - Text 'test' is set on object 'Object Repository/Final Object Repo/Login Page/Internal User/Password'

2018-11-22 23:07:03 - [TEST_STEP][PASSED] - delay: Delayed 2 second(s)

2018-11-22 23:07:05 - [MESSAGE][PASSED] - Delayed 2 second(s)

2018-11-22 23:07:05 - [TEST_STEP][PASSED] - click: Object: 'Object Repository/Final Object Repo/Login Page/Internal User/Login Button' is clicked on

2018-11-22 23:07:05 - [MESSAGE][PASSED] - Object: 'Object Repository/Final Object Repo/Login Page/Internal User/Login Button' is clicked on

2018-11-22 23:07:05 - [TEST_STEP][FAILED] - Statement - Try: Delayed 2 second(s)

2018-11-22 23:07:05 - [TEST_STEP][PASSED] - Statement - Checker = false: null

2018-11-22 23:07:05 - [TEST_STEP][PASSED] - Statement - Checker = com.kms.katalon.core.webui.keyword.WebUiBuiltInKeywords.verifyElementHasAttribute(com.kms.katalon.core.testobject.ObjectRepository.findTestObject(Final Object Repo/Landing Page/BM Detecting), "href", 20, OPTIONAL): Unable to verify if object 'Object Repository/Final Object Repo/Landing Page/BM Detecting' has attribute 'href' (Root cause: org.openqa.selenium.StaleElementReferenceException: stale element reference: element is not attached to the page document
  (Session info: chrome=70.0.3538.102)
  (Driver info: chromedriver=2.43.600210 (68dcf5eebde37173d4027fa8635e332711d2874a),platform=Windows NT 6.1.7601 SP1 x86_64) (WARNING: The server did not provide any stacktrace information)
Command duration or timeout: 0 milliseconds
For documentation on this error, please visit: http://seleniumhq.org/exceptions/stale_element_reference.html
Build info: version: '3.7.1', revision: '8a0099a', time: '2017-11-06T21:07:36.161Z'
System info: host: 'WIN7TEST02', ip: '10.20.3.72', os.name: 'Windows 7', os.arch: 'amd64', os.version: '6.1', java.version: '1.8.0_181'
Driver info: com.kms.katalon.selenium.driver.CChromeDriver
Capabilities {acceptInsecureCerts: false, acceptSslCerts: false, applicationCacheEnabled: false, browserConnectionEnabled: false, browserName: chrome, chrome: {chromedriverVersion: 2.43.600210 (68dcf5eebde371..., userDataDir: C:\Users\Admin\AppData\Loca...}, cssSelectorsEnabled: true, databaseEnabled: false, goog:chromeOptions: {debuggerAddress: localhost:64568}, handlesAlerts: true, hasTouchScreen: false, javascriptEnabled: true, locationContextEnabled: true, mobileEmulationEnabled: false, nativeEvents: true, networkConnectionEnabled: false, pageLoadStrategy: normal, platform: XP, platformName: XP, rotatable: false, setWindowRect: true, takesHeapSnapshot: true, takesScreenshot: true, unexpectedAlertBehaviour: , unhandledPromptBehavior: , version: 70.0.3538.102, webStorageEnabled: true}
Session ID: 626698dd093419e9cf48c4bab9e5b399)

2018-11-22 23:07:07 - [MESSAGE][WARNING] - Unable to verify if object 'Object Repository/Final Object Repo/Landing Page/BM Detecting' has attribute 'href' (Root cause: org.openqa.selenium.StaleElementReferenceException: stale element reference: element is not attached to the page document
  (Session info: chrome=70.0.3538.102)
  (Driver info: chromedriver=2.43.600210 (68dcf5eebde37173d4027fa8635e332711d2874a),platform=Windows NT 6.1.7601 SP1 x86_64) (WARNING: The server did not provide any stacktrace information)
Command duration or timeout: 0 milliseconds
For documentation on this error, please visit: http://seleniumhq.org/exceptions/stale_element_reference.html
Build info: version: '3.7.1', revision: '8a0099a', time: '2017-11-06T21:07:36.161Z'
System info: host: 'WIN7TEST02', ip: '10.20.3.72', os.name: 'Windows 7', os.arch: 'amd64', os.version: '6.1', java.version: '1.8.0_181'
Driver info: com.kms.katalon.selenium.driver.CChromeDriver
Capabilities {acceptInsecureCerts: false, acceptSslCerts: false, applicationCacheEnabled: false, browserConnectionEnabled: false, browserName: chrome, chrome: {chromedriverVersion: 2.43.600210 (68dcf5eebde371..., userDataDir: C:\Users\Admin\AppData\Loca...}, cssSelectorsEnabled: true, databaseEnabled: false, goog:chromeOptions: {debuggerAddress: localhost:64568}, handlesAlerts: true, hasTouchScreen: false, javascriptEnabled: true, locationContextEnabled: true, mobileEmulationEnabled: false, nativeEvents: true, networkConnectionEnabled: false, pageLoadStrategy: normal, platform: XP, platformName: XP, rotatable: false, setWindowRect: true, takesHeapSnapshot: true, takesScreenshot: true, unexpectedAlertBehaviour: , unhandledPromptBehavior: , version: 70.0.3538.102, webStorageEnabled: true}
Session ID: 626698dd093419e9cf48c4bab9e5b399)
[[ATTACHMENT|C:\\Users\\Admin\\Desktop\\PKS\\Perkeso Phase A\\Reports\\Workflow\\Update Add New Employee\\20181122_161416\\1542899227237.png]]

2018-11-22 23:07:07 - [TEST_STEP][PASSED] - Statement - out.println(Checker): null

2018-11-22 23:07:07 - [TEST_STEP][FAILED] - Statement - If (Checker == false): Unable to click on object 'Object Repository/Final Object Repo/Landing Page/Select to English' (Root cause: com.kms.katalon.core.webui.exception.WebElementNotFoundException: Web element with id: 'Object Repository/Final Object Repo/Landing Page/Select to English' located by 'By.xpath: //a[@class = 'taglib-language-list-text' and @lang = 'en-US' and (contains(text(), 'EN') or contains(., 'EN'))]' not found)

2018-11-22 23:07:07 - [TEST_STEP][FAILED] - click: Unable to click on object 'Object Repository/Final Object Repo/Landing Page/Select to English' (Root cause: com.kms.katalon.core.webui.exception.WebElementNotFoundException: Web element with id: 'Object Repository/Final Object Repo/Landing Page/Select to English' located by 'By.xpath: //a[@class = 'taglib-language-list-text' and @lang = 'en-US' and (contains(text(), 'EN') or contains(., 'EN'))]' not found)

2018-11-22 23:07:44 - [MESSAGE][FAILED] - Unable to click on object 'Object Repository/Final Object Repo/Landing Page/Select to English' (Root cause: com.kms.katalon.core.webui.exception.WebElementNotFoundException: Web element with id: 'Object Repository/Final Object Repo/Landing Page/Select to English' located by 'By.xpath: //a[@class = 'taglib-language-list-text' and @lang = 'en-US' and (contains(text(), 'EN') or contains(., 'EN'))]' not found)
[[ATTACHMENT|C:\\Users\\Admin\\Desktop\\PKS\\Perkeso Phase A\\Reports\\Workflow\\Update Add New Employee\\20181122_161416\\1542899264535.png]]

2018-11-22 23:07:44 - [TEST_STEP][PASSED] - delay: Delayed 2 second(s)

2018-11-22 23:07:46 - [MESSAGE][PASSED] - Delayed 2 second(s)

2018-11-22 23:07:46 - [TEST_STEP][PASSED] - delay: Delayed 3 second(s)

2018-11-22 23:07:49 - [MESSAGE][PASSED] - Delayed 3 second(s)

2018-11-22 23:07:49 - [TEST_STEP][PASSED] - mouseOver: Object: 'Object Repository/Final Object Repo/Landing Page/WorkFlow Menu' is hovered

2018-11-22 23:07:49 - [MESSAGE][PASSED] - Object: 'Object Repository/Final Object Repo/Landing Page/WorkFlow Menu' is hovered

2018-11-22 23:07:49 - [TEST_STEP][PASSED] - delay: Delayed 2 second(s)

2018-11-22 23:07:51 - [MESSAGE][PASSED] - Delayed 2 second(s)

2018-11-22 23:07:51 - [TEST_STEP][PASSED] - click: Object: 'Object Repository/Final Object Repo/Landing Page/Select to Workflow Listing' is clicked on

2018-11-22 23:07:53 - [MESSAGE][PASSED] - Object: 'Object Repository/Final Object Repo/Landing Page/Select to Workflow Listing' is clicked on

2018-11-22 23:07:53 - [TEST_STEP][PASSED] - delay: Delayed 2 second(s)

2018-11-22 23:07:55 - [MESSAGE][PASSED] - Delayed 2 second(s)

2018-11-22 23:07:55 - [TEST_STEP][PASSED] - click: Object: 'Object Repository/Final Object Repo/WorkFlow Listing Page/Search Information - To Put Ref No' is clicked on

2018-11-22 23:07:55 - [MESSAGE][PASSED] - Object: 'Object Repository/Final Object Repo/WorkFlow Listing Page/Search Information - To Put Ref No' is clicked on

2018-11-22 23:07:55 - [TEST_STEP][PASSED] - delay: Delayed 2 second(s)

2018-11-22 23:07:57 - [MESSAGE][PASSED] - Delayed 2 second(s)

2018-11-22 23:07:57 - [TEST_STEP][PASSED] - callTestCase: Call Test Case 'Test Cases/Final Aug 2018 - PKS Automation/Common/Reference Number Getter' successfully

2018-11-22 23:07:57 - [TEST_CASE][PASSED] - Test Cases/Final Aug 2018 - PKS Automation/Common/Reference Number Getter: Test Cases/Final Aug 2018 - PKS Automation/Common/Reference Number Getter

2018-11-22 23:07:57 - [TEST_STEP][PASSED] - Statement - Try: null

2018-11-22 23:07:57 - [TEST_STEP][PASSED] - Statement - RefNo = new java.io.File(C://Users//Admin//Desktop//PKS//Automation Reference Point//KatalonReference.txt): null

2018-11-22 23:07:57 - [TEST_STEP][PASSED] - Statement - bufferread = new java.io.BufferedReader(new java.io.FileReader(RefNo)): null

2018-11-22 23:07:57 - [TEST_STEP][PASSED] - Statement - readedVal = bufferread.readLine(): null

2018-11-22 23:07:57 - [TEST_STEP][PASSED] - Statement - out.println(CaseReferenceNo): null

2018-11-22 23:07:57 - [TEST_STEP][PASSED] - Statement - out.println(readedVal): null

2018-11-22 23:07:57 - [TEST_STEP][PASSED] - Statement - CaseReferenceNo = "": null

2018-11-22 23:07:57 - [TEST_STEP][PASSED] - Statement - CaseReferenceNo = readedVal: null

2018-11-22 23:07:57 - [MESSAGE][PASSED] - Call Test Case 'Test Cases/Final Aug 2018 - PKS Automation/Common/Reference Number Getter' successfully

2018-11-22 23:07:57 - [TEST_STEP][PASSED] - setText: Text 'CAN11201800002168' is set on object 'Object Repository/Final Object Repo/WorkFlow Listing Page/Ref No Set Text'

2018-11-22 23:07:57 - [MESSAGE][PASSED] - Text 'CAN11201800002168' is set on object 'Object Repository/Final Object Repo/WorkFlow Listing Page/Ref No Set Text'

2018-11-22 23:07:57 - [TEST_STEP][PASSED] - delay: Delayed 2 second(s)

2018-11-22 23:07:59 - [MESSAGE][PASSED] - Delayed 2 second(s)

2018-11-22 23:07:59 - [TEST_STEP][PASSED] - click: Object: 'Object Repository/Final Object Repo/WorkFlow Listing Page/Search Ref No Search Button' is clicked on

2018-11-22 23:07:59 - [MESSAGE][PASSED] - Object: 'Object Repository/Final Object Repo/WorkFlow Listing Page/Search Ref No Search Button' is clicked on

2018-11-22 23:07:59 - [TEST_STEP][PASSED] - delay: Delayed 4 second(s)

2018-11-22 23:08:03 - [MESSAGE][PASSED] - Delayed 4 second(s)

2018-11-22 23:08:03 - [TEST_STEP][PASSED] - click: Object: 'Object Repository/Final Object Repo/WorkFlow Listing Page/Click Continue Tooltip' is clicked on

2018-11-22 23:08:04 - [MESSAGE][PASSED] - Object: 'Object Repository/Final Object Repo/WorkFlow Listing Page/Click Continue Tooltip' is clicked on

2018-11-22 23:08:04 - [TEST_STEP][PASSED] - delay: Delayed 5 second(s)

2018-11-22 23:08:09 - [MESSAGE][PASSED] - Delayed 5 second(s)

2018-11-22 23:08:09 - [TEST_STEP][PASSED] - doubleClick: Object: 'Object Repository/Final Object Repo/WorkFlow Listing Page/Workflow Found - Listing 1' is double clicked on

2018-11-22 23:08:10 - [MESSAGE][PASSED] - Object: 'Object Repository/Final Object Repo/WorkFlow Listing Page/Workflow Found - Listing 1' is double clicked on

2018-11-22 23:08:10 - [TEST_STEP][PASSED] - Statement - println(OwnerID): null

2018-11-22 23:08:10 - [TEST_STEP][PASSED] - Statement - OwnerID = com.kms.katalon.core.webui.keyword.WebUiBuiltInKeywords.getText(com.kms.katalon.core.testobject.ObjectRepository.findTestObject(Final Object Repo/WorkFlow Listing Page/Workflow Found - Listing 1), STOP_ON_FAILURE): Text of object 'Object Repository/Final Object Repo/WorkFlow Listing Page/Workflow Found - Listing 1' is: 'JOHORro3'

2018-11-22 23:08:10 - [MESSAGE][PASSED] - Text of object 'Object Repository/Final Object Repo/WorkFlow Listing Page/Workflow Found - Listing 1' is: 'JOHORro3'

2018-11-22 23:08:10 - [TEST_STEP][PASSED] - Statement - OwnerID = OwnerID.toLowerCase() + "@gmail.com": null

2018-11-22 23:08:10 - [TEST_STEP][PASSED] - Statement - println(OwnerID): null

2018-11-22 23:08:10 - [TEST_STEP][PASSED] - delay: Delayed 2 second(s)

2018-11-22 23:08:12 - [MESSAGE][PASSED] - Delayed 2 second(s)

2018-11-22 23:08:12 - [MESSAGE][FAILED] - Unable to call Test Case with id 'Test Cases/Final Aug 2018 - PKS Automation/Common/Workflow Owner Finder' (Root cause: Call Test Case 'Test Cases/Final Aug 2018 - PKS Automation/Common/Workflow Owner Finder' failed)]]></system-out>
         <system-err><![CDATA[2018-11-22 22:57:17 - [TEST_CASE][FAILED] - Test Cases/Final Aug 2018 - PKS Automation/Registration Module/Workflow/Update Add New Employee/Special Case (OTC - RO Under Enforcement): Test Cases/Final Aug 2018 - PKS Automation/Registration Module/Workflow/Update Add New Employee/Special Case (OTC - RO Under Enforcement) FAILED because (of) (Stack trace: com.kms.katalon.core.exception.StepFailedException: Unable to click on object 'Object Repository/Final Object Repo/Landing Page/Select to English' (Root cause: com.kms.katalon.core.webui.exception.WebElementNotFoundException: Web element with id: 'Object Repository/Final Object Repo/Landing Page/Select to English' located by 'By.xpath: //a[@class = 'taglib-language-list-text' and @lang = 'en-US' and (contains(text(), 'EN') or contains(., 'EN'))]' not found)
	at com.kms.katalon.core.keyword.internal.KeywordMain.stepFailed(KeywordMain.groovy:32)
	at com.kms.katalon.core.webui.keyword.internal.WebUIKeywordMain.stepFailed(WebUIKeywordMain.groovy:65)
	at com.kms.katalon.core.webui.keyword.internal.WebUIKeywordMain.runKeyword(WebUIKeywordMain.groovy:27)
	at com.kms.katalon.core.webui.keyword.builtin.ClickKeyword.click(ClickKeyword.groovy:86)
	at com.kms.katalon.core.webui.keyword.builtin.ClickKeyword.execute(ClickKeyword.groovy:67)
	at com.kms.katalon.core.keyword.internal.KeywordExecutor.executeKeywordForPlatform(KeywordExecutor.groovy:53)
	at com.kms.katalon.core.webui.keyword.WebUiBuiltInKeywords.click(WebUiBuiltInKeywords.groovy:604)
	at com.kms.katalon.core.webui.keyword.WebUiBuiltInKeywords$click$6.call(Unknown Source)
	at Script1534407542420.run(Script1534407542420.groovy:57)
	at com.kms.katalon.core.main.ScriptEngine.run(ScriptEngine.java:183)
	at com.kms.katalon.core.main.ScriptEngine.runScriptAsRawText(ScriptEngine.java:108)
	at com.kms.katalon.core.main.TestCaseExecutor.runScript(TestCaseExecutor.java:294)
	at com.kms.katalon.core.main.TestCaseExecutor.doExecute(TestCaseExecutor.java:285)
	at com.kms.katalon.core.main.TestCaseExecutor.processExecutionPhase(TestCaseExecutor.java:264)
	at com.kms.katalon.core.main.TestCaseExecutor.accessMainPhase(TestCaseExecutor.java:256)
	at com.kms.katalon.core.main.TestCaseExecutor.execute(TestCaseExecutor.java:200)
	at com.kms.katalon.core.main.TestCaseMain.runTestCase(TestCaseMain.java:99)
	at com.kms.katalon.core.keyword.builtin.CallTestCaseKeyword$_callTestCase_closure1.doCall(CallTestCaseKeyword.groovy:60)
	at com.kms.katalon.core.keyword.builtin.CallTestCaseKeyword$_callTestCase_closure1.call(CallTestCaseKeyword.groovy)
	at com.kms.katalon.core.keyword.internal.KeywordMain.runKeyword(KeywordMain.groovy:54)
	at com.kms.katalon.core.keyword.builtin.CallTestCaseKeyword.callTestCase(CallTestCaseKeyword.groovy:81)
	at com.kms.katalon.core.keyword.builtin.CallTestCaseKeyword.execute(CallTestCaseKeyword.groovy:45)
	at com.kms.katalon.core.keyword.internal.KeywordExecutor.executeKeywordForPlatform(KeywordExecutor.groovy:53)
	at com.kms.katalon.core.keyword.BuiltinKeywords.callTestCase(BuiltinKeywords.groovy:334)
	at sun.reflect.GeneratedMethodAccessor13.invoke(Unknown Source)
	at sun.reflect.DelegatingMethodAccessorImpl.invoke(DelegatingMethodAccessorImpl.java:43)
	at java.lang.reflect.Method.invoke(Method.java:498)
	at org.codehaus.groovy.reflection.CachedMethod.invoke(CachedMethod.java:93)
	at groovy.lang.MetaMethod.doMethodInvoke(MetaMethod.java:325)
	at groovy.lang.MetaClassImpl.invokeStaticMethod(MetaClassImpl.java:1469)
	at org.codehaus.groovy.runtime.callsite.StaticMetaClassSite.call(StaticMetaClassSite.java:53)
	at org.codehaus.groovy.runtime.callsite.CallSiteArray.defaultCall(CallSiteArray.java:48)
	at org.codehaus.groovy.runtime.callsite.AbstractCallSite.call(AbstractCallSite.java:113)
	at org.codehaus.groovy.runtime.callsite.AbstractCallSite.call(AbstractCallSite.java:141)
	at Script1536200585960.run(Script1536200585960.groovy:121)
	at com.kms.katalon.core.main.ScriptEngine.run(ScriptEngine.java:183)
	at com.kms.katalon.core.main.ScriptEngine.runScriptAsRawText(ScriptEngine.java:108)
	at com.kms.katalon.core.main.TestCaseExecutor.runScript(TestCaseExecutor.java:294)
	at com.kms.katalon.core.main.TestCaseExecutor.doExecute(TestCaseExecutor.java:285)
	at com.kms.katalon.core.main.TestCaseExecutor.processExecutionPhase(TestCaseExecutor.java:264)
	at com.kms.katalon.core.main.TestCaseExecutor.accessMainPhase(TestCaseExecutor.java:256)
	at com.kms.katalon.core.main.TestCaseExecutor.execute(TestCaseExecutor.java:200)
	at com.kms.katalon.core.main.TestSuiteExecutor.accessTestCaseMainPhase(TestSuiteExecutor.java:129)
	at com.kms.katalon.core.main.TestSuiteExecutor.accessTestSuiteMainPhase(TestSuiteExecutor.java:112)
	at com.kms.katalon.core.main.TestSuiteExecutor.execute(TestSuiteExecutor.java:81)
	at com.kms.katalon.core.main.TestCaseMain.startTestSuite(TestCaseMain.java:142)
	at com.kms.katalon.core.main.TestCaseMain$startTestSuite$0.call(Unknown Source)
	at org.codehaus.groovy.runtime.callsite.CallSiteArray.defaultCall(CallSiteArray.java:48)
	at org.codehaus.groovy.runtime.callsite.AbstractCallSite.call(AbstractCallSite.java:113)
	at org.codehaus.groovy.runtime.callsite.AbstractCallSite.call(AbstractCallSite.java:141)
	at TempTestSuite1542874456666.run(TempTestSuite1542874456666.groovy:36)
	at groovy.lang.GroovyShell.runScriptOrMainOrTestOrRunnable(GroovyShell.java:263)
	at groovy.lang.GroovyShell.run(GroovyShell.java:518)
	at groovy.lang.GroovyShell.run(GroovyShell.java:507)
	at groovy.ui.GroovyMain.processOnce(GroovyMain.java:653)
	at groovy.ui.GroovyMain.run(GroovyMain.java:384)
	at groovy.ui.GroovyMain.process(GroovyMain.java:370)
	at groovy.ui.GroovyMain.processArgs(GroovyMain.java:129)
	at groovy.ui.GroovyMain.main(GroovyMain.java:109)
	at sun.reflect.NativeMethodAccessorImpl.invoke0(Native Method)
	at sun.reflect.NativeMethodAccessorImpl.invoke(NativeMethodAccessorImpl.java:62)
	at sun.reflect.DelegatingMethodAccessorImpl.invoke(DelegatingMethodAccessorImpl.java:43)
	at java.lang.reflect.Method.invoke(Method.java:498)
	at org.codehaus.groovy.tools.GroovyStarter.rootLoader(GroovyStarter.java:109)
	at org.codehaus.groovy.tools.GroovyStarter.main(GroovyStarter.java:131)
)]]></system-err>
      </testcase>
      <testcase name="Test Cases/Final Aug 2018 - PKS Automation/Registration Module/Workflow/Update Add New Employee/Special Case (PKR BO - RO Approve)" classname="Test Cases/Final Aug 2018 - PKS Automation/Registration Module/Workflow/Update Add New Employee/Special Case (PKR BO - RO Approve)" status="FAILED">
         <failure type="FAILED" message="(Stack trace: com.kms.katalon.core.exception.StepFailedException: Unable to click on object 'Object Repository/Final Object Repo/Landing Page/Select to English' (Root cause: com.kms.katalon.core.webui.exception.WebElementNotFoundException: Web element with id: 'Object Repository/Final Object Repo/Landing Page/Select to English' located by 'By.xpath: //a[@class = 'taglib-language-list-text' and @lang = 'en-US' and (contains(text(), 'EN') or contains(., 'EN'))]' not found)
	at com.kms.katalon.core.keyword.internal.KeywordMain.stepFailed(KeywordMain.groovy:32)
	at com.kms.katalon.core.webui.keyword.internal.WebUIKeywordMain.stepFailed(WebUIKeywordMain.groovy:65)
	at com.kms.katalon.core.webui.keyword.internal.WebUIKeywordMain.runKeyword(WebUIKeywordMain.groovy:27)
	at com.kms.katalon.core.webui.keyword.builtin.ClickKeyword.click(ClickKeyword.groovy:86)
	at com.kms.katalon.core.webui.keyword.builtin.ClickKeyword.execute(ClickKeyword.groovy:67)
	at com.kms.katalon.core.keyword.internal.KeywordExecutor.executeKeywordForPlatform(KeywordExecutor.groovy:53)
	at com.kms.katalon.core.webui.keyword.WebUiBuiltInKeywords.click(WebUiBuiltInKeywords.groovy:604)
	at com.kms.katalon.core.webui.keyword.WebUiBuiltInKeywords$click$6.call(Unknown Source)
	at Script1534407542420.run(Script1534407542420.groovy:57)
	at com.kms.katalon.core.main.ScriptEngine.run(ScriptEngine.java:183)
	at com.kms.katalon.core.main.ScriptEngine.runScriptAsRawText(ScriptEngine.java:108)
	at com.kms.katalon.core.main.TestCaseExecutor.runScript(TestCaseExecutor.java:294)
	at com.kms.katalon.core.main.TestCaseExecutor.doExecute(TestCaseExecutor.java:285)
	at com.kms.katalon.core.main.TestCaseExecutor.processExecutionPhase(TestCaseExecutor.java:264)
	at com.kms.katalon.core.main.TestCaseExecutor.accessMainPhase(TestCaseExecutor.java:256)
	at com.kms.katalon.core.main.TestCaseExecutor.execute(TestCaseExecutor.java:200)
	at com.kms.katalon.core.main.TestCaseMain.runTestCase(TestCaseMain.java:99)
	at com.kms.katalon.core.keyword.builtin.CallTestCaseKeyword$_callTestCase_closure1.doCall(CallTestCaseKeyword.groovy:60)
	at com.kms.katalon.core.keyword.builtin.CallTestCaseKeyword$_callTestCase_closure1.call(CallTestCaseKeyword.groovy)
	at com.kms.katalon.core.keyword.internal.KeywordMain.runKeyword(KeywordMain.groovy:54)
	at com.kms.katalon.core.keyword.builtin.CallTestCaseKeyword.callTestCase(CallTestCaseKeyword.groovy:81)
	at com.kms.katalon.core.keyword.builtin.CallTestCaseKeyword.execute(CallTestCaseKeyword.groovy:45)
	at com.kms.katalon.core.keyword.internal.KeywordExecutor.executeKeywordForPlatform(KeywordExecutor.groovy:53)
	at com.kms.katalon.core.keyword.BuiltinKeywords.callTestCase(BuiltinKeywords.groovy:334)
	at sun.reflect.GeneratedMethodAccessor13.invoke(Unknown Source)
	at sun.reflect.DelegatingMethodAccessorImpl.invoke(DelegatingMethodAccessorImpl.java:43)
	at java.lang.reflect.Method.invoke(Method.java:498)
	at org.codehaus.groovy.reflection.CachedMethod.invoke(CachedMethod.java:93)
	at groovy.lang.MetaMethod.doMethodInvoke(MetaMethod.java:325)
	at groovy.lang.MetaClassImpl.invokeStaticMethod(MetaClassImpl.java:1469)
	at org.codehaus.groovy.runtime.callsite.StaticMetaClassSite.call(StaticMetaClassSite.java:53)
	at org.codehaus.groovy.runtime.callsite.CallSiteArray.defaultCall(CallSiteArray.java:48)
	at org.codehaus.groovy.runtime.callsite.AbstractCallSite.call(AbstractCallSite.java:113)
	at org.codehaus.groovy.runtime.callsite.AbstractCallSite.call(AbstractCallSite.java:141)
	at Script1536116130372.run(Script1536116130372.groovy:121)
	at com.kms.katalon.core.main.ScriptEngine.run(ScriptEngine.java:183)
	at com.kms.katalon.core.main.ScriptEngine.runScriptAsRawText(ScriptEngine.java:108)
	at com.kms.katalon.core.main.TestCaseExecutor.runScript(TestCaseExecutor.java:294)
	at com.kms.katalon.core.main.TestCaseExecutor.doExecute(TestCaseExecutor.java:285)
	at com.kms.katalon.core.main.TestCaseExecutor.processExecutionPhase(TestCaseExecutor.java:264)
	at com.kms.katalon.core.main.TestCaseExecutor.accessMainPhase(TestCaseExecutor.java:256)
	at com.kms.katalon.core.main.TestCaseExecutor.execute(TestCaseExecutor.java:200)
	at com.kms.katalon.core.main.TestSuiteExecutor.accessTestCaseMainPhase(TestSuiteExecutor.java:129)
	at com.kms.katalon.core.main.TestSuiteExecutor.accessTestSuiteMainPhase(TestSuiteExecutor.java:112)
	at com.kms.katalon.core.main.TestSuiteExecutor.execute(TestSuiteExecutor.java:81)
	at com.kms.katalon.core.main.TestCaseMain.startTestSuite(TestCaseMain.java:142)
	at com.kms.katalon.core.main.TestCaseMain$startTestSuite$0.call(Unknown Source)
	at org.codehaus.groovy.runtime.callsite.CallSiteArray.defaultCall(CallSiteArray.java:48)
	at org.codehaus.groovy.runtime.callsite.AbstractCallSite.call(AbstractCallSite.java:113)
	at org.codehaus.groovy.runtime.callsite.AbstractCallSite.call(AbstractCallSite.java:141)
	at TempTestSuite1542874456666.run(TempTestSuite1542874456666.groovy:36)
	at groovy.lang.GroovyShell.runScriptOrMainOrTestOrRunnable(GroovyShell.java:263)
	at groovy.lang.GroovyShell.run(GroovyShell.java:518)
	at groovy.lang.GroovyShell.run(GroovyShell.java:507)
	at groovy.ui.GroovyMain.processOnce(GroovyMain.java:653)
	at groovy.ui.GroovyMain.run(GroovyMain.java:384)
	at groovy.ui.GroovyMain.process(GroovyMain.java:370)
	at groovy.ui.GroovyMain.processArgs(GroovyMain.java:129)
	at groovy.ui.GroovyMain.main(GroovyMain.java:109)
	at sun.reflect.NativeMethodAccessorImpl.invoke0(Native Method)
	at sun.reflect.NativeMethodAccessorImpl.invoke(NativeMethodAccessorImpl.java:62)
	at sun.reflect.DelegatingMethodAccessorImpl.invoke(DelegatingMethodAccessorImpl.java:43)
	at java.lang.reflect.Method.invoke(Method.java:498)
	at org.codehaus.groovy.tools.GroovyStarter.rootLoader(GroovyStarter.java:109)
	at org.codehaus.groovy.tools.GroovyStarter.main(GroovyStarter.java:131)
)"/>
         <system-out><![CDATA[2018-11-22 23:08:12 - [TEST_CASE][FAILED] - Test Cases/Final Aug 2018 - PKS Automation/Registration Module/Workflow/Update Add New Employee/Special Case (PKR BO - RO Approve): Test Cases/Final Aug 2018 - PKS Automation/Registration Module/Workflow/Update Add New Employee/Special Case (PKR BO - RO Approve) FAILED because (of) (Stack trace: com.kms.katalon.core.exception.StepFailedException: Unable to click on object 'Object Repository/Final Object Repo/Landing Page/Select to English' (Root cause: com.kms.katalon.core.webui.exception.WebElementNotFoundException: Web element with id: 'Object Repository/Final Object Repo/Landing Page/Select to English' located by 'By.xpath: //a[@class = 'taglib-language-list-text' and @lang = 'en-US' and (contains(text(), 'EN') or contains(., 'EN'))]' not found)
	at com.kms.katalon.core.keyword.internal.KeywordMain.stepFailed(KeywordMain.groovy:32)
	at com.kms.katalon.core.webui.keyword.internal.WebUIKeywordMain.stepFailed(WebUIKeywordMain.groovy:65)
	at com.kms.katalon.core.webui.keyword.internal.WebUIKeywordMain.runKeyword(WebUIKeywordMain.groovy:27)
	at com.kms.katalon.core.webui.keyword.builtin.ClickKeyword.click(ClickKeyword.groovy:86)
	at com.kms.katalon.core.webui.keyword.builtin.ClickKeyword.execute(ClickKeyword.groovy:67)
	at com.kms.katalon.core.keyword.internal.KeywordExecutor.executeKeywordForPlatform(KeywordExecutor.groovy:53)
	at com.kms.katalon.core.webui.keyword.WebUiBuiltInKeywords.click(WebUiBuiltInKeywords.groovy:604)
	at com.kms.katalon.core.webui.keyword.WebUiBuiltInKeywords$click$6.call(Unknown Source)
	at Script1534407542420.run(Script1534407542420.groovy:57)
	at com.kms.katalon.core.main.ScriptEngine.run(ScriptEngine.java:183)
	at com.kms.katalon.core.main.ScriptEngine.runScriptAsRawText(ScriptEngine.java:108)
	at com.kms.katalon.core.main.TestCaseExecutor.runScript(TestCaseExecutor.java:294)
	at com.kms.katalon.core.main.TestCaseExecutor.doExecute(TestCaseExecutor.java:285)
	at com.kms.katalon.core.main.TestCaseExecutor.processExecutionPhase(TestCaseExecutor.java:264)
	at com.kms.katalon.core.main.TestCaseExecutor.accessMainPhase(TestCaseExecutor.java:256)
	at com.kms.katalon.core.main.TestCaseExecutor.execute(TestCaseExecutor.java:200)
	at com.kms.katalon.core.main.TestCaseMain.runTestCase(TestCaseMain.java:99)
	at com.kms.katalon.core.keyword.builtin.CallTestCaseKeyword$_callTestCase_closure1.doCall(CallTestCaseKeyword.groovy:60)
	at com.kms.katalon.core.keyword.builtin.CallTestCaseKeyword$_callTestCase_closure1.call(CallTestCaseKeyword.groovy)
	at com.kms.katalon.core.keyword.internal.KeywordMain.runKeyword(KeywordMain.groovy:54)
	at com.kms.katalon.core.keyword.builtin.CallTestCaseKeyword.callTestCase(CallTestCaseKeyword.groovy:81)
	at com.kms.katalon.core.keyword.builtin.CallTestCaseKeyword.execute(CallTestCaseKeyword.groovy:45)
	at com.kms.katalon.core.keyword.internal.KeywordExecutor.executeKeywordForPlatform(KeywordExecutor.groovy:53)
	at com.kms.katalon.core.keyword.BuiltinKeywords.callTestCase(BuiltinKeywords.groovy:334)
	at sun.reflect.GeneratedMethodAccessor13.invoke(Unknown Source)
	at sun.reflect.DelegatingMethodAccessorImpl.invoke(DelegatingMethodAccessorImpl.java:43)
	at java.lang.reflect.Method.invoke(Method.java:498)
	at org.codehaus.groovy.reflection.CachedMethod.invoke(CachedMethod.java:93)
	at groovy.lang.MetaMethod.doMethodInvoke(MetaMethod.java:325)
	at groovy.lang.MetaClassImpl.invokeStaticMethod(MetaClassImpl.java:1469)
	at org.codehaus.groovy.runtime.callsite.StaticMetaClassSite.call(StaticMetaClassSite.java:53)
	at org.codehaus.groovy.runtime.callsite.CallSiteArray.defaultCall(CallSiteArray.java:48)
	at org.codehaus.groovy.runtime.callsite.AbstractCallSite.call(AbstractCallSite.java:113)
	at org.codehaus.groovy.runtime.callsite.AbstractCallSite.call(AbstractCallSite.java:141)
	at Script1536116130372.run(Script1536116130372.groovy:121)
	at com.kms.katalon.core.main.ScriptEngine.run(ScriptEngine.java:183)
	at com.kms.katalon.core.main.ScriptEngine.runScriptAsRawText(ScriptEngine.java:108)
	at com.kms.katalon.core.main.TestCaseExecutor.runScript(TestCaseExecutor.java:294)
	at com.kms.katalon.core.main.TestCaseExecutor.doExecute(TestCaseExecutor.java:285)
	at com.kms.katalon.core.main.TestCaseExecutor.processExecutionPhase(TestCaseExecutor.java:264)
	at com.kms.katalon.core.main.TestCaseExecutor.accessMainPhase(TestCaseExecutor.java:256)
	at com.kms.katalon.core.main.TestCaseExecutor.execute(TestCaseExecutor.java:200)
	at com.kms.katalon.core.main.TestSuiteExecutor.accessTestCaseMainPhase(TestSuiteExecutor.java:129)
	at com.kms.katalon.core.main.TestSuiteExecutor.accessTestSuiteMainPhase(TestSuiteExecutor.java:112)
	at com.kms.katalon.core.main.TestSuiteExecutor.execute(TestSuiteExecutor.java:81)
	at com.kms.katalon.core.main.TestCaseMain.startTestSuite(TestCaseMain.java:142)
	at com.kms.katalon.core.main.TestCaseMain$startTestSuite$0.call(Unknown Source)
	at org.codehaus.groovy.runtime.callsite.CallSiteArray.defaultCall(CallSiteArray.java:48)
	at org.codehaus.groovy.runtime.callsite.AbstractCallSite.call(AbstractCallSite.java:113)
	at org.codehaus.groovy.runtime.callsite.AbstractCallSite.call(AbstractCallSite.java:141)
	at TempTestSuite1542874456666.run(TempTestSuite1542874456666.groovy:36)
	at groovy.lang.GroovyShell.runScriptOrMainOrTestOrRunnable(GroovyShell.java:263)
	at groovy.lang.GroovyShell.run(GroovyShell.java:518)
	at groovy.lang.GroovyShell.run(GroovyShell.java:507)
	at groovy.ui.GroovyMain.processOnce(GroovyMain.java:653)
	at groovy.ui.GroovyMain.run(GroovyMain.java:384)
	at groovy.ui.GroovyMain.process(GroovyMain.java:370)
	at groovy.ui.GroovyMain.processArgs(GroovyMain.java:129)
	at groovy.ui.GroovyMain.main(GroovyMain.java:109)
	at sun.reflect.NativeMethodAccessorImpl.invoke0(Native Method)
	at sun.reflect.NativeMethodAccessorImpl.invoke(NativeMethodAccessorImpl.java:62)
	at sun.reflect.DelegatingMethodAccessorImpl.invoke(DelegatingMethodAccessorImpl.java:43)
	at java.lang.reflect.Method.invoke(Method.java:498)
	at org.codehaus.groovy.tools.GroovyStarter.rootLoader(GroovyStarter.java:109)
	at org.codehaus.groovy.tools.GroovyStarter.main(GroovyStarter.java:131)
)

2018-11-22 23:08:12 - [TEST_STEP][PASSED] - callTestCase: Call Test Case 'Test Cases/Final Aug 2018 - PKS Automation/Registration Module/Workflow/Update Add New Employee/Template/New Company for Update Add New' successfully

2018-11-22 23:08:12 - [TEST_CASE][PASSED] - Test Cases/Final Aug 2018 - PKS Automation/Registration Module/Workflow/Update Add New Employee/Template/New Company for Update Add New: Test Cases/Final Aug 2018 - PKS Automation/Registration Module/Workflow/Update Add New Employee/Template/New Company for Update Add New

2018-11-22 23:08:12 - [TEST_STEP][PASSED] - callTestCase: Call Test Case 'Test Cases/Final Aug 2018 - PKS Automation/Registration Module/New Registration/Form 1/Form 1 - Corporation - BHD' successfully

2018-11-22 23:08:12 - [TEST_CASE][PASSED] - Test Cases/Final Aug 2018 - PKS Automation/Registration Module/New Registration/Form 1/Form 1 - Corporation - BHD: Test Cases/Final Aug 2018 - PKS Automation/Registration Module/New Registration/Form 1/Form 1 - Corporation - BHD

2018-11-22 23:08:12 - [TEST_STEP][PASSED] - openBrowser: Browser is opened with url: ''

2018-11-22 23:08:12 - [MESSAGE][WARNING] - A browser is already opened. Closing browser and opening a new one

2018-11-22 23:08:16 - [MESSAGE][PASSED] - Browser is opened with url: ''

2018-11-22 23:08:16 - [TEST_STEP][PASSED] - navigateToUrl: Navigate to 'https://assist2-uat.perkeso.gov.my/login' successfully

2018-11-22 23:08:17 - [MESSAGE][PASSED] - Navigate to 'https://assist2-uat.perkeso.gov.my/login' successfully

2018-11-22 23:08:17 - [TEST_STEP][PASSED] - setText: Text 'johorotc1@gmail.com' is set on object 'Object Repository/Final Object Repo/Login Page/Internal User/Email Address'

2018-11-22 23:08:17 - [MESSAGE][PASSED] - Text 'johorotc1@gmail.com' is set on object 'Object Repository/Final Object Repo/Login Page/Internal User/Email Address'

2018-11-22 23:08:17 - [TEST_STEP][PASSED] - click: Object: 'Object Repository/Final Object Repo/Login Page/Internal User/Next Button' is clicked on

2018-11-22 23:08:17 - [MESSAGE][PASSED] - Object: 'Object Repository/Final Object Repo/Login Page/Internal User/Next Button' is clicked on

2018-11-22 23:08:17 - [TEST_STEP][PASSED] - delay: Delayed 1 second(s)

2018-11-22 23:08:18 - [MESSAGE][PASSED] - Delayed 1 second(s)

2018-11-22 23:08:18 - [TEST_STEP][PASSED] - setEncryptedText: Text ****** has been set on object 'Object Repository/Final Object Repo/Login Page/Internal User/Password'

2018-11-22 23:08:19 - [MESSAGE][PASSED] - Text ****** has been set on object 'Object Repository/Final Object Repo/Login Page/Internal User/Password'

2018-11-22 23:08:19 - [TEST_STEP][PASSED] - click: Object: 'Object Repository/Final Object Repo/Login Page/Internal User/Login Button' is clicked on

2018-11-22 23:08:19 - [MESSAGE][PASSED] - Object: 'Object Repository/Final Object Repo/Login Page/Internal User/Login Button' is clicked on

2018-11-22 23:08:19 - [TEST_STEP][PASSED] - delay: Delayed 1 second(s)

2018-11-22 23:08:20 - [MESSAGE][PASSED] - Delayed 1 second(s)

2018-11-22 23:08:20 - [TEST_STEP][PASSED] - Statement - Try: Delayed 2 second(s)

2018-11-22 23:08:20 - [TEST_STEP][PASSED] - Statement - Checker = false: null

2018-11-22 23:08:20 - [TEST_STEP][PASSED] - Statement - Checker = com.kms.katalon.core.webui.keyword.WebUiBuiltInKeywords.verifyElementHasAttribute(com.kms.katalon.core.testobject.ObjectRepository.findTestObject(Final Object Repo/Landing Page/BM Detecting), "href", 20, OPTIONAL): Object 'Object Repository/Final Object Repo/Landing Page/BM Detecting' has attribute 'href'

2018-11-22 23:08:21 - [MESSAGE][PASSED] - Object 'Object Repository/Final Object Repo/Landing Page/BM Detecting' has attribute 'href'

2018-11-22 23:08:21 - [TEST_STEP][PASSED] - Statement - out.println(Checker): null

2018-11-22 23:08:21 - [TEST_STEP][PASSED] - Statement - If (Checker == false): null

2018-11-22 23:08:21 - [TEST_STEP][PASSED] - Statement - Else: null

2018-11-22 23:08:21 - [TEST_STEP][PASSED] - delay: Delayed 2 second(s)

2018-11-22 23:08:23 - [MESSAGE][PASSED] - Delayed 2 second(s)

2018-11-22 23:08:23 - [TEST_STEP][PASSED] - navigateToUrl: Navigate to 'https://assist2-uat.perkeso.gov.my/web/registration/registration' successfully

2018-11-22 23:08:24 - [MESSAGE][PASSED] - Navigate to 'https://assist2-uat.perkeso.gov.my/web/registration/registration' successfully

2018-11-22 23:08:24 - [TEST_STEP][PASSED] - click: Object: 'Object Repository/Final Object Repo/New Registration - Registration Module Pages/Form 1/AEC - No' is clicked on

2018-11-22 23:08:24 - [MESSAGE][PASSED] - Object: 'Object Repository/Final Object Repo/New Registration - Registration Module Pages/Form 1/AEC - No' is clicked on

2018-11-22 23:08:24 - [TEST_STEP][PASSED] - click: Object: 'Object Repository/Final Object Repo/New Registration - Registration Module Pages/Form 1/Business Entity' is clicked on

2018-11-22 23:08:25 - [MESSAGE][PASSED] - Object: 'Object Repository/Final Object Repo/New Registration - Registration Module Pages/Form 1/Business Entity' is clicked on

2018-11-22 23:08:25 - [TEST_STEP][PASSED] - click: Object: 'Object Repository/Final Object Repo/New Registration - Registration Module Pages/Form 1/Businees Entity - Corporation' is clicked on

2018-11-22 23:08:25 - [MESSAGE][PASSED] - Object: 'Object Repository/Final Object Repo/New Registration - Registration Module Pages/Form 1/Businees Entity - Corporation' is clicked on

2018-11-22 23:08:25 - [TEST_STEP][PASSED] - delay: Delayed 1 second(s)

2018-11-22 23:08:26 - [MESSAGE][PASSED] - Delayed 1 second(s)

2018-11-22 23:08:26 - [TEST_STEP][PASSED] - click: Object: 'Object Repository/Final Object Repo/New Registration - Registration Module Pages/Form 1/Sub Business Entity' is clicked on

2018-11-22 23:08:26 - [MESSAGE][PASSED] - Object: 'Object Repository/Final Object Repo/New Registration - Registration Module Pages/Form 1/Sub Business Entity' is clicked on

2018-11-22 23:08:26 - [TEST_STEP][PASSED] - click: Object: 'Object Repository/Final Object Repo/New Registration - Registration Module Pages/Form 1/Sub Business Entity - Berhad' is clicked on

2018-11-22 23:08:26 - [MESSAGE][PASSED] - Object: 'Object Repository/Final Object Repo/New Registration - Registration Module Pages/Form 1/Sub Business Entity - Berhad' is clicked on

2018-11-22 23:08:26 - [TEST_STEP][PASSED] - delay: Delayed 1 second(s)

2018-11-22 23:08:27 - [MESSAGE][PASSED] - Delayed 1 second(s)

2018-11-22 23:08:27 - [TEST_STEP][PASSED] - setText: Text '123' is set on object 'Object Repository/Final Object Repo/New Registration - Registration Module Pages/Form 1/Registration Number'

2018-11-22 23:08:28 - [MESSAGE][PASSED] - Text '123' is set on object 'Object Repository/Final Object Repo/New Registration - Registration Module Pages/Form 1/Registration Number'

2018-11-22 23:08:28 - [TEST_STEP][PASSED] - click: Object: 'Object Repository/Final Object Repo/New Registration - Registration Module Pages/Form 1/Registred with SSM - Before Feb' is clicked on

2018-11-22 23:08:28 - [MESSAGE][PASSED] - Object: 'Object Repository/Final Object Repo/New Registration - Registration Module Pages/Form 1/Registred with SSM - Before Feb' is clicked on

2018-11-22 23:08:28 - [TEST_STEP][PASSED] - click: Object: 'Object Repository/Final Object Repo/New Registration - Registration Module Pages/Form 1/Registered As a Branch - Yes' is clicked on

2018-11-22 23:08:28 - [MESSAGE][PASSED] - Object: 'Object Repository/Final Object Repo/New Registration - Registration Module Pages/Form 1/Registered As a Branch - Yes' is clicked on

2018-11-22 23:08:28 - [TEST_STEP][PASSED] - click: Object: 'Object Repository/Final Object Repo/New Registration - Registration Module Pages/Form 1/Acknowledgement' is clicked on

2018-11-22 23:08:28 - [MESSAGE][PASSED] - Object: 'Object Repository/Final Object Repo/New Registration - Registration Module Pages/Form 1/Acknowledgement' is clicked on

2018-11-22 23:08:28 - [TEST_STEP][PASSED] - setText: Text 'perkeso' is set on object 'Object Repository/Final Object Repo/New Registration - Registration Module Pages/Form 1/Industry name'

2018-11-22 23:08:28 - [MESSAGE][PASSED] - Text 'perkeso' is set on object 'Object Repository/Final Object Repo/New Registration - Registration Module Pages/Form 1/Industry name'

2018-11-22 23:08:28 - [TEST_STEP][PASSED] - setText: Text 'perkeso1' is set on object 'Object Repository/Final Object Repo/New Registration - Registration Module Pages/Form 1/Postal Address1'

2018-11-22 23:08:29 - [MESSAGE][PASSED] - Text 'perkeso1' is set on object 'Object Repository/Final Object Repo/New Registration - Registration Module Pages/Form 1/Postal Address1'

2018-11-22 23:08:29 - [TEST_STEP][PASSED] - setText: Text 'perkeso2' is set on object 'Object Repository/Final Object Repo/New Registration - Registration Module Pages/Form 1/Postal Address2'

2018-11-22 23:08:29 - [MESSAGE][PASSED] - Text 'perkeso2' is set on object 'Object Repository/Final Object Repo/New Registration - Registration Module Pages/Form 1/Postal Address2'

2018-11-22 23:08:29 - [TEST_STEP][PASSED] - setText: Text 'perkeso3' is set on object 'Object Repository/Final Object Repo/New Registration - Registration Module Pages/Form 1/Postal Address3'

2018-11-22 23:08:29 - [MESSAGE][PASSED] - Text 'perkeso3' is set on object 'Object Repository/Final Object Repo/New Registration - Registration Module Pages/Form 1/Postal Address3'

2018-11-22 23:08:29 - [TEST_STEP][PASSED] - click: Object: 'Object Repository/Final Object Repo/New Registration - Registration Module Pages/Form 1/State' is clicked on

2018-11-22 23:08:30 - [MESSAGE][PASSED] - Object: 'Object Repository/Final Object Repo/New Registration - Registration Module Pages/Form 1/State' is clicked on

2018-11-22 23:08:30 - [TEST_STEP][PASSED] - click: Object: 'Object Repository/Final Object Repo/New Registration - Registration Module Pages/Form 1/State - Johor' is clicked on

2018-11-22 23:08:30 - [MESSAGE][PASSED] - Object: 'Object Repository/Final Object Repo/New Registration - Registration Module Pages/Form 1/State - Johor' is clicked on

2018-11-22 23:08:30 - [TEST_STEP][PASSED] - delay: Delayed 1 second(s)

2018-11-22 23:08:31 - [MESSAGE][PASSED] - Delayed 1 second(s)

2018-11-22 23:08:31 - [TEST_STEP][PASSED] - click: Object: 'Object Repository/Final Object Repo/New Registration - Registration Module Pages/Form 1/City' is clicked on

2018-11-22 23:08:31 - [MESSAGE][PASSED] - Object: 'Object Repository/Final Object Repo/New Registration - Registration Module Pages/Form 1/City' is clicked on

2018-11-22 23:08:31 - [TEST_STEP][PASSED] - setText: Text 'joh' is set on object 'Object Repository/Final Object Repo/New Registration - Registration Module Pages/Form 1/Postcode - 810'

2018-11-22 23:08:31 - [MESSAGE][PASSED] - Text 'joh' is set on object 'Object Repository/Final Object Repo/New Registration - Registration Module Pages/Form 1/Postcode - 810'

2018-11-22 23:08:31 - [TEST_STEP][PASSED] - delay: Delayed 1 second(s)

2018-11-22 23:08:32 - [MESSAGE][PASSED] - Delayed 1 second(s)

2018-11-22 23:08:32 - [TEST_STEP][PASSED] - click: Object: 'Object Repository/Final Object Repo/New Registration - Registration Module Pages/Form 1/City - Johor Bharu' is clicked on

2018-11-22 23:08:32 - [MESSAGE][PASSED] - Object: 'Object Repository/Final Object Repo/New Registration - Registration Module Pages/Form 1/City - Johor Bharu' is clicked on

2018-11-22 23:08:32 - [TEST_STEP][PASSED] - delay: Delayed 1 second(s)

2018-11-22 23:08:33 - [MESSAGE][PASSED] - Delayed 1 second(s)

2018-11-22 23:08:33 - [TEST_STEP][PASSED] - click: Object: 'Object Repository/Final Object Repo/New Registration - Registration Module Pages/Form 1/Postcode' is clicked on

2018-11-22 23:08:34 - [MESSAGE][PASSED] - Object: 'Object Repository/Final Object Repo/New Registration - Registration Module Pages/Form 1/Postcode' is clicked on

2018-11-22 23:08:34 - [TEST_STEP][PASSED] - delay: Delayed 1 second(s)

2018-11-22 23:08:35 - [MESSAGE][PASSED] - Delayed 1 second(s)

2018-11-22 23:08:35 - [TEST_STEP][PASSED] - setText: Text '810' is set on object 'Object Repository/Final Object Repo/New Registration - Registration Module Pages/Form 1/Postcode - 810'

2018-11-22 23:08:35 - [MESSAGE][PASSED] - Text '810' is set on object 'Object Repository/Final Object Repo/New Registration - Registration Module Pages/Form 1/Postcode - 810'

2018-11-22 23:08:35 - [TEST_STEP][PASSED] - delay: Delayed 3 second(s)

2018-11-22 23:08:38 - [MESSAGE][PASSED] - Delayed 3 second(s)

2018-11-22 23:08:38 - [TEST_STEP][PASSED] - click: Object: 'Object Repository/Final Object Repo/New Registration - Registration Module Pages/Form 1/Postcode - 81000' is clicked on

2018-11-22 23:08:38 - [MESSAGE][PASSED] - Object: 'Object Repository/Final Object Repo/New Registration - Registration Module Pages/Form 1/Postcode - 81000' is clicked on

2018-11-22 23:08:38 - [TEST_STEP][PASSED] - delay: Delayed 1 second(s)

2018-11-22 23:08:39 - [MESSAGE][PASSED] - Delayed 1 second(s)

2018-11-22 23:08:39 - [TEST_STEP][PASSED] - setText: Text '100' is set on object 'Object Repository/Final Object Repo/New Registration - Registration Module Pages/Form 1/P.O.BOX'

2018-11-22 23:08:39 - [MESSAGE][PASSED] - Text '100' is set on object 'Object Repository/Final Object Repo/New Registration - Registration Module Pages/Form 1/P.O.BOX'

2018-11-22 23:08:39 - [TEST_STEP][PASSED] - setText: Text '100' is set on object 'Object Repository/Final Object Repo/New Registration - Registration Module Pages/Form 1/Locked Bag No'

2018-11-22 23:08:39 - [MESSAGE][PASSED] - Text '100' is set on object 'Object Repository/Final Object Repo/New Registration - Registration Module Pages/Form 1/Locked Bag No'

2018-11-22 23:08:39 - [TEST_STEP][PASSED] - click: Object: 'Object Repository/Final Object Repo/New Registration - Registration Module Pages/Form 1/SOCSO Office Location' is clicked on

2018-11-22 23:08:40 - [MESSAGE][PASSED] - Object: 'Object Repository/Final Object Repo/New Registration - Registration Module Pages/Form 1/SOCSO Office Location' is clicked on

2018-11-22 23:08:40 - [TEST_STEP][PASSED] - click: Object: 'Object Repository/Final Object Repo/New Registration - Registration Module Pages/Form 1/SOCSO Office Location - Pejabat PERKESO Negeri Johor' is clicked on

2018-11-22 23:08:40 - [MESSAGE][PASSED] - Object: 'Object Repository/Final Object Repo/New Registration - Registration Module Pages/Form 1/SOCSO Office Location - Pejabat PERKESO Negeri Johor' is clicked on

2018-11-22 23:08:40 - [TEST_STEP][PASSED] - delay: Delayed 1 second(s)

2018-11-22 23:08:41 - [MESSAGE][PASSED] - Delayed 1 second(s)

2018-11-22 23:08:41 - [TEST_STEP][PASSED] - check: Object 'Object Repository/Final Object Repo/New Registration - Registration Module Pages/Form 1/Indusrty Address Same As Postal Address' is checked

2018-11-22 23:08:41 - [MESSAGE][PASSED] - Object 'Object Repository/Final Object Repo/New Registration - Registration Module Pages/Form 1/Indusrty Address Same As Postal Address' is checked

2018-11-22 23:08:41 - [TEST_STEP][PASSED] - delay: Delayed 3 second(s)

2018-11-22 23:08:44 - [MESSAGE][PASSED] - Delayed 3 second(s)

2018-11-22 23:08:44 - [TEST_STEP][PASSED] - click: Object: 'Object Repository/Final Object Repo/New Registration - Registration Module Pages/Form 1/Indusry Address Same As Postal Address False' is clicked on

2018-11-22 23:08:44 - [MESSAGE][PASSED] - Object: 'Object Repository/Final Object Repo/New Registration - Registration Module Pages/Form 1/Indusry Address Same As Postal Address False' is clicked on

2018-11-22 23:08:44 - [TEST_STEP][PASSED] - delay: Delayed 1 second(s)

2018-11-22 23:08:45 - [MESSAGE][PASSED] - Delayed 1 second(s)

2018-11-22 23:08:45 - [TEST_STEP][PASSED] - setText: Text 'perkeso1' is set on object 'Object Repository/Final Object Repo/New Registration - Registration Module Pages/Form 1/Industry Address1'

2018-11-22 23:08:46 - [MESSAGE][PASSED] - Text 'perkeso1' is set on object 'Object Repository/Final Object Repo/New Registration - Registration Module Pages/Form 1/Industry Address1'

2018-11-22 23:08:46 - [TEST_STEP][PASSED] - setText: Text 'perkeso2' is set on object 'Object Repository/Final Object Repo/New Registration - Registration Module Pages/Form 1/Industry Address2'

2018-11-22 23:08:46 - [MESSAGE][PASSED] - Text 'perkeso2' is set on object 'Object Repository/Final Object Repo/New Registration - Registration Module Pages/Form 1/Industry Address2'

2018-11-22 23:08:46 - [TEST_STEP][PASSED] - setText: Text 'perkeso3' is set on object 'Object Repository/Final Object Repo/New Registration - Registration Module Pages/Form 1/Industry Address3'

2018-11-22 23:08:46 - [MESSAGE][PASSED] - Text 'perkeso3' is set on object 'Object Repository/Final Object Repo/New Registration - Registration Module Pages/Form 1/Industry Address3'

2018-11-22 23:08:46 - [TEST_STEP][PASSED] - click: Object: 'Object Repository/Final Object Repo/New Registration - Registration Module Pages/Form 1/Industry State' is clicked on

2018-11-22 23:08:47 - [MESSAGE][PASSED] - Object: 'Object Repository/Final Object Repo/New Registration - Registration Module Pages/Form 1/Industry State' is clicked on

2018-11-22 23:08:47 - [TEST_STEP][PASSED] - delay: Delayed 2 second(s)

2018-11-22 23:08:49 - [MESSAGE][PASSED] - Delayed 2 second(s)

2018-11-22 23:08:49 - [TEST_STEP][PASSED] - click: Object: 'Object Repository/Final Object Repo/New Registration - Registration Module Pages/Form 1/Industry State - Johor' is clicked on

2018-11-22 23:08:49 - [MESSAGE][PASSED] - Object: 'Object Repository/Final Object Repo/New Registration - Registration Module Pages/Form 1/Industry State - Johor' is clicked on

2018-11-22 23:08:49 - [TEST_STEP][PASSED] - delay: Delayed 2 second(s)

2018-11-22 23:08:51 - [MESSAGE][PASSED] - Delayed 2 second(s)

2018-11-22 23:08:51 - [TEST_STEP][PASSED] - click: Object: 'Object Repository/Final Object Repo/New Registration - Registration Module Pages/Form 1/Industry Ciry' is clicked on

2018-11-22 23:08:51 - [MESSAGE][PASSED] - Object: 'Object Repository/Final Object Repo/New Registration - Registration Module Pages/Form 1/Industry Ciry' is clicked on

2018-11-22 23:08:51 - [TEST_STEP][PASSED] - setText: Text 'joh' is set on object 'Object Repository/Final Object Repo/New Registration - Registration Module Pages/Form 1/Industry Ciry - joh'

2018-11-22 23:08:51 - [MESSAGE][PASSED] - Text 'joh' is set on object 'Object Repository/Final Object Repo/New Registration - Registration Module Pages/Form 1/Industry Ciry - joh'

2018-11-22 23:08:51 - [TEST_STEP][PASSED] - delay: Delayed 2 second(s)

2018-11-22 23:08:53 - [MESSAGE][PASSED] - Delayed 2 second(s)

2018-11-22 23:08:53 - [TEST_STEP][PASSED] - click: Object: 'Object Repository/Final Object Repo/New Registration - Registration Module Pages/Form 1/Industy State - Johor Bharu' is clicked on

2018-11-22 23:08:53 - [MESSAGE][PASSED] - Object: 'Object Repository/Final Object Repo/New Registration - Registration Module Pages/Form 1/Industy State - Johor Bharu' is clicked on

2018-11-22 23:08:53 - [TEST_STEP][PASSED] - delay: Delayed 1 second(s)

2018-11-22 23:08:54 - [MESSAGE][PASSED] - Delayed 1 second(s)

2018-11-22 23:08:54 - [TEST_STEP][PASSED] - click: Object: 'Object Repository/Final Object Repo/New Registration - Registration Module Pages/Form 1/Indusry PostCode' is clicked on

2018-11-22 23:08:55 - [MESSAGE][PASSED] - Object: 'Object Repository/Final Object Repo/New Registration - Registration Module Pages/Form 1/Indusry PostCode' is clicked on

2018-11-22 23:08:55 - [TEST_STEP][PASSED] - delay: Delayed 1 second(s)

2018-11-22 23:08:56 - [MESSAGE][PASSED] - Delayed 1 second(s)

2018-11-22 23:08:56 - [TEST_STEP][PASSED] - setText: Text '810' is set on object 'Object Repository/Final Object Repo/New Registration - Registration Module Pages/Form 1/Insutry Post Code - 810'

2018-11-22 23:08:56 - [MESSAGE][PASSED] - Text '810' is set on object 'Object Repository/Final Object Repo/New Registration - Registration Module Pages/Form 1/Insutry Post Code - 810'

2018-11-22 23:08:56 - [TEST_STEP][PASSED] - delay: Delayed 1 second(s)

2018-11-22 23:08:57 - [MESSAGE][PASSED] - Delayed 1 second(s)

2018-11-22 23:08:57 - [TEST_STEP][PASSED] - click: Object: 'Object Repository/Final Object Repo/New Registration - Registration Module Pages/Form 1/Insutry Post Code - 81000' is clicked on

2018-11-22 23:08:57 - [MESSAGE][PASSED] - Object: 'Object Repository/Final Object Repo/New Registration - Registration Module Pages/Form 1/Insutry Post Code - 81000' is clicked on

2018-11-22 23:08:57 - [TEST_STEP][PASSED] - delay: Delayed 1 second(s)

2018-11-22 23:08:58 - [MESSAGE][PASSED] - Delayed 1 second(s)

2018-11-22 23:08:58 - [TEST_STEP][PASSED] - setText: Text '100' is set on object 'Object Repository/Final Object Repo/New Registration - Registration Module Pages/Form 1/Industry P.O.BOX'

2018-11-22 23:08:58 - [MESSAGE][PASSED] - Text '100' is set on object 'Object Repository/Final Object Repo/New Registration - Registration Module Pages/Form 1/Industry P.O.BOX'

2018-11-22 23:08:58 - [TEST_STEP][PASSED] - setText: Text '100' is set on object 'Object Repository/Final Object Repo/New Registration - Registration Module Pages/Form 1/Industry Locked Bag No'

2018-11-22 23:08:58 - [MESSAGE][PASSED] - Text '100' is set on object 'Object Repository/Final Object Repo/New Registration - Registration Module Pages/Form 1/Industry Locked Bag No'

2018-11-22 23:08:58 - [TEST_STEP][PASSED] - setText: Text '123456789' is set on object 'Object Repository/Final Object Repo/New Registration - Registration Module Pages/Form 1/Telephone No'

2018-11-22 23:08:59 - [MESSAGE][PASSED] - Text '123456789' is set on object 'Object Repository/Final Object Repo/New Registration - Registration Module Pages/Form 1/Telephone No'

2018-11-22 23:08:59 - [TEST_STEP][PASSED] - setText: Text '123456789' is set on object 'Object Repository/Final Object Repo/New Registration - Registration Module Pages/Form 1/Mobile No'

2018-11-22 23:08:59 - [MESSAGE][PASSED] - Text '123456789' is set on object 'Object Repository/Final Object Repo/New Registration - Registration Module Pages/Form 1/Mobile No'

2018-11-22 23:08:59 - [TEST_STEP][PASSED] - setText: Text '123456789' is set on object 'Object Repository/Final Object Repo/New Registration - Registration Module Pages/Form 1/Fax No'

2018-11-22 23:09:00 - [MESSAGE][PASSED] - Text '123456789' is set on object 'Object Repository/Final Object Repo/New Registration - Registration Module Pages/Form 1/Fax No'

2018-11-22 23:09:00 - [TEST_STEP][PASSED] - click: Object: 'Object Repository/Final Object Repo/New Registration - Registration Module Pages/Form 1/Industry Code' is clicked on

2018-11-22 23:09:00 - [MESSAGE][PASSED] - Object: 'Object Repository/Final Object Repo/New Registration - Registration Module Pages/Form 1/Industry Code' is clicked on

2018-11-22 23:09:00 - [TEST_STEP][PASSED] - click: Object: 'Object Repository/Final Object Repo/New Registration - Registration Module Pages/Form 1/Indudustry Code - Crops and Animal' is clicked on

2018-11-22 23:09:00 - [MESSAGE][PASSED] - Object: 'Object Repository/Final Object Repo/New Registration - Registration Module Pages/Form 1/Indudustry Code - Crops and Animal' is clicked on

2018-11-22 23:09:00 - [TEST_STEP][PASSED] - delay: Delayed 1 second(s)

2018-11-22 23:09:01 - [MESSAGE][PASSED] - Delayed 1 second(s)

2018-11-22 23:09:01 - [TEST_STEP][PASSED] - click: Object: 'Object Repository/Final Object Repo/New Registration - Registration Module Pages/Form 1/Sub Industry Code List' is clicked on

2018-11-22 23:09:01 - [MESSAGE][PASSED] - Object: 'Object Repository/Final Object Repo/New Registration - Registration Module Pages/Form 1/Sub Industry Code List' is clicked on

2018-11-22 23:09:01 - [TEST_STEP][PASSED] - click: Object: 'Object Repository/Final Object Repo/New Registration - Registration Module Pages/Form 1/Sub Industry Code List - Growing of Maize' is clicked on

2018-11-22 23:09:02 - [MESSAGE][PASSED] - Object: 'Object Repository/Final Object Repo/New Registration - Registration Module Pages/Form 1/Sub Industry Code List - Growing of Maize' is clicked on

2018-11-22 23:09:02 - [TEST_STEP][PASSED] - setText: Text 'perkeso123@gmail.com' is set on object 'Object Repository/Final Object Repo/New Registration - Registration Module Pages/Form 1/Email'

2018-11-22 23:09:02 - [MESSAGE][PASSED] - Text 'perkeso123@gmail.com' is set on object 'Object Repository/Final Object Repo/New Registration - Registration Module Pages/Form 1/Email'

2018-11-22 23:09:02 - [TEST_STEP][PASSED] - click: Object: 'Object Repository/Final Object Repo/New Registration - Registration Module Pages/Form 1/Method of Contribution Payment' is clicked on

2018-11-22 23:09:02 - [MESSAGE][PASSED] - Object: 'Object Repository/Final Object Repo/New Registration - Registration Module Pages/Form 1/Method of Contribution Payment' is clicked on

2018-11-22 23:09:02 - [TEST_STEP][PASSED] - click: Object: 'Object Repository/Final Object Repo/New Registration - Registration Module Pages/Form 1/Method of Contribution Payment - Portal' is clicked on

2018-11-22 23:09:03 - [MESSAGE][PASSED] - Object: 'Object Repository/Final Object Repo/New Registration - Registration Module Pages/Form 1/Method of Contribution Payment - Portal' is clicked on

2018-11-22 23:09:03 - [TEST_STEP][PASSED] - click: Object: 'Object Repository/Final Object Repo/New Registration - Registration Module Pages/Form 1/Servide Type' is clicked on

2018-11-22 23:09:03 - [MESSAGE][PASSED] - Object: 'Object Repository/Final Object Repo/New Registration - Registration Module Pages/Form 1/Servide Type' is clicked on

2018-11-22 23:09:03 - [TEST_STEP][PASSED] - click: Object: 'Object Repository/Final Object Repo/New Registration - Registration Module Pages/Form 1/Servide Type - Professional Bodies' is clicked on

2018-11-22 23:09:03 - [MESSAGE][PASSED] - Object: 'Object Repository/Final Object Repo/New Registration - Registration Module Pages/Form 1/Servide Type - Professional Bodies' is clicked on

2018-11-22 23:09:03 - [TEST_STEP][PASSED] - click: Object: 'Object Repository/Final Object Repo/New Registration - Registration Module Pages/Form 1/Industry Venue' is clicked on

2018-11-22 23:09:03 - [MESSAGE][PASSED] - Object: 'Object Repository/Final Object Repo/New Registration - Registration Module Pages/Form 1/Industry Venue' is clicked on

2018-11-22 23:09:03 - [TEST_STEP][PASSED] - click: Object: 'Object Repository/Final Object Repo/New Registration - Registration Module Pages/Form 1/Industry Venue -  PPN JOHOR' is clicked on

2018-11-22 23:09:03 - [MESSAGE][PASSED] - Object: 'Object Repository/Final Object Repo/New Registration - Registration Module Pages/Form 1/Industry Venue -  PPN JOHOR' is clicked on

2018-11-22 23:09:03 - [TEST_STEP][PASSED] - click: Object: 'Object Repository/Final Object Repo/New Registration - Registration Module Pages/Form 1/Save  Continue' is clicked on

2018-11-22 23:09:04 - [MESSAGE][PASSED] - Object: 'Object Repository/Final Object Repo/New Registration - Registration Module Pages/Form 1/Save  Continue' is clicked on

2018-11-22 23:09:04 - [MESSAGE][PASSED] - Call Test Case 'Test Cases/Final Aug 2018 - PKS Automation/Registration Module/New Registration/Form 1/Form 1 - Corporation - BHD' successfully

2018-11-22 23:09:04 - [TEST_STEP][PASSED] - callTestCase: Call Test Case 'Test Cases/Final Aug 2018 - PKS Automation/Registration Module/New Registration/Form 2/Add 1 Eligible' successfully

2018-11-22 23:09:04 - [TEST_CASE][PASSED] - Test Cases/Final Aug 2018 - PKS Automation/Registration Module/New Registration/Form 2/Add 1 Eligible: Test Cases/Final Aug 2018 - PKS Automation/Registration Module/New Registration/Form 2/Add 1 Eligible

2018-11-22 23:09:04 - [TEST_STEP][PASSED] - delay: Delayed 2 second(s)

2018-11-22 23:09:06 - [MESSAGE][PASSED] - Delayed 2 second(s)

2018-11-22 23:09:06 - [TEST_STEP][PASSED] - callTestCase: Call Test Case 'Test Cases/Final Aug 2018 - PKS Automation/Registration Module/New Registration/Form 2/Date Updater' successfully

2018-11-22 23:09:06 - [TEST_CASE][PASSED] - Test Cases/Final Aug 2018 - PKS Automation/Registration Module/New Registration/Form 2/Date Updater: Test Cases/Final Aug 2018 - PKS Automation/Registration Module/New Registration/Form 2/Date Updater

2018-11-22 23:09:06 - [TEST_STEP][PASSED] - Statement - TodayDate = new java.util.Date(): null

2018-11-22 23:09:06 - [TEST_STEP][PASSED] - Statement - CurrentDateNoFilter = new java.text.SimpleDateFormat(): null

2018-11-22 23:09:06 - [TEST_STEP][PASSED] - Statement - CurrentDateNoFilter.applyPattern("dd"): null

2018-11-22 23:09:06 - [TEST_STEP][PASSED] - Statement - CurrentDate = CurrentDateNoFilter.format(TodayDate): null

2018-11-22 23:09:06 - [TEST_STEP][PASSED] - Statement - CurrentDate = java.lang.Integer.parseInt(CurrentDate): null

2018-11-22 23:09:06 - [TEST_STEP][PASSED] - Statement - CurrentDate = CurrentDate: null

2018-11-22 23:09:06 - [TEST_STEP][PASSED] - Statement - CurrentDay = java.lang.Integer.parseInt(CurrentDate): null

2018-11-22 23:09:06 - [TEST_STEP][PASSED] - Statement - aDayBefore = CurrentDay + 1: null

2018-11-22 23:09:06 - [TEST_STEP][PASSED] - Statement - DayBefore = aDayBefore.toString(): null

2018-11-22 23:09:06 - [TEST_STEP][PASSED] - Statement - OneDayBefore = DayBefore: null

2018-11-22 23:09:06 - [TEST_STEP][PASSED] - Statement - CurrentDateNoFilter.applyPattern("MM"): null

2018-11-22 23:09:06 - [TEST_STEP][PASSED] - Statement - monthContainerMatcher = java.lang.Integer.parseInt(CurrentDateNoFilter.format(TodayDate)): null

2018-11-22 23:09:06 - [TEST_STEP][PASSED] - Statement - monthContainerMatcher = monthContainerMatcher - 1: null

2018-11-22 23:09:06 - [TEST_STEP][PASSED] - Statement - CurrentMonth = monthContainerMatcher.toString(): null

2018-11-22 23:09:06 - [TEST_STEP][PASSED] - Statement - CurrentMonth = CurrentMonth: null

2018-11-22 23:09:06 - [TEST_STEP][PASSED] - Statement - CurrentDateNoFilter.applyPattern("yyyy"): null

2018-11-22 23:09:06 - [TEST_STEP][PASSED] - Statement - CurrentYear = CurrentDateNoFilter.format(TodayDate): null

2018-11-22 23:09:06 - [TEST_STEP][PASSED] - Statement - CurrentYear = CurrentYear: null

2018-11-22 23:09:06 - [TEST_STEP][PASSED] - Statement - intCurrentYear = java.lang.Integer.parseInt(CurrentDateNoFilter.format(TodayDate)): null

2018-11-22 23:09:06 - [TEST_STEP][PASSED] - Statement - eighteenYrsAgo = intCurrentYear - 18: null

2018-11-22 23:09:06 - [TEST_STEP][PASSED] - Statement - eighteenYrsBeforeThisYr = eighteenYrsAgo.toString(): null

2018-11-22 23:09:06 - [TEST_STEP][PASSED] - Statement - EighteenYrsBefore = eighteenYrsBeforeThisYr: null

2018-11-22 23:09:06 - [TEST_STEP][PASSED] - Statement - fiftysevenYrsAgo = intCurrentYear - 57: null

2018-11-22 23:09:06 - [TEST_STEP][PASSED] - Statement - fiftysevenYrsBeforeThisYr = fiftysevenYrsAgo.toString(): null

2018-11-22 23:09:06 - [TEST_STEP][PASSED] - Statement - FiftysevenYrsBefore = fiftysevenYrsBeforeThisYr: null

2018-11-22 23:09:06 - [MESSAGE][PASSED] - Call Test Case 'Test Cases/Final Aug 2018 - PKS Automation/Registration Module/New Registration/Form 2/Date Updater' successfully

2018-11-22 23:09:06 - [TEST_STEP][PASSED] - delay: Delayed 1 second(s)

2018-11-22 23:09:07 - [MESSAGE][PASSED] - Delayed 1 second(s)

2018-11-22 23:09:07 - [TEST_STEP][PASSED] - Statement - CaseReferenceNo = com.kms.katalon.core.webui.keyword.WebUiBuiltInKeywords.getText(com.kms.katalon.core.testobject.ObjectRepository.findTestObject(Final Object Repo/New Registration - Registration Module Pages/Form 2/RefNo Acquiring)): Text of object 'Object Repository/Final Object Repo/New Registration - Registration Module Pages/Form 2/RefNo Acquiring' is: 'CRN11201800122708'

2018-11-22 23:09:07 - [MESSAGE][PASSED] - Text of object 'Object Repository/Final Object Repo/New Registration - Registration Module Pages/Form 2/RefNo Acquiring' is: 'CRN11201800122708'

2018-11-22 23:09:07 - [TEST_STEP][PASSED] - delay: Delayed 1 second(s)

2018-11-22 23:09:08 - [MESSAGE][PASSED] - Delayed 1 second(s)

2018-11-22 23:09:08 - [TEST_STEP][PASSED] - click: Object: 'Object Repository/Final Object Repo/New Registration - Registration Module Pages/Form 2/Add Employee Button' is clicked on

2018-11-22 23:09:08 - [MESSAGE][PASSED] - Object: 'Object Repository/Final Object Repo/New Registration - Registration Module Pages/Form 2/Add Employee Button' is clicked on

2018-11-22 23:09:08 - [TEST_STEP][PASSED] - delay: Delayed 1 second(s)

2018-11-22 23:09:09 - [MESSAGE][PASSED] - Delayed 1 second(s)

2018-11-22 23:09:09 - [TEST_STEP][PASSED] - setText: Text '010903091963' is set on object 'Object Repository/Final Object Repo/New Registration - Registration Module Pages/Form 2/NRIC Input'

2018-11-22 23:09:09 - [MESSAGE][PASSED] - Text '010903091963' is set on object 'Object Repository/Final Object Repo/New Registration - Registration Module Pages/Form 2/NRIC Input'

2018-11-22 23:09:09 - [TEST_STEP][PASSED] - click: Object: 'Object Repository/Final Object Repo/New Registration - Registration Module Pages/Form 2/button for search for IC' is clicked on

2018-11-22 23:09:10 - [MESSAGE][PASSED] - Object: 'Object Repository/Final Object Repo/New Registration - Registration Module Pages/Form 2/button for search for IC' is clicked on

2018-11-22 23:09:10 - [TEST_STEP][PASSED] - delay: Delayed 2 second(s)

2018-11-22 23:09:12 - [MESSAGE][PASSED] - Delayed 2 second(s)

2018-11-22 23:09:12 - [TEST_STEP][PASSED] - setText: Text 'Automate001 eligible 1' is set on object 'Object Repository/Final Object Repo/New Registration - Registration Module Pages/Form 2/Employee Name Input'

2018-11-22 23:09:12 - [MESSAGE][PASSED] - Text 'Automate001 eligible 1' is set on object 'Object Repository/Final Object Repo/New Registration - Registration Module Pages/Form 2/Employee Name Input'

2018-11-22 23:09:12 - [TEST_STEP][PASSED] - delay: Delayed 2 second(s)

2018-11-22 23:09:14 - [MESSAGE][PASSED] - Delayed 2 second(s)

2018-11-22 23:09:14 - [TEST_STEP][PASSED] - click: Object: 'Object Repository/Final Object Repo/New Registration - Registration Module Pages/Form 2/DatePicker Pop Up' is clicked on

2018-11-22 23:09:14 - [MESSAGE][PASSED] - Object: 'Object Repository/Final Object Repo/New Registration - Registration Module Pages/Form 2/DatePicker Pop Up' is clicked on

2018-11-22 23:09:14 - [TEST_STEP][PASSED] - click: Object: 'Object Repository/Final Object Repo/New Registration - Registration Module Pages/Form 2/DOB Month' is clicked on

2018-11-22 23:09:14 - [MESSAGE][PASSED] - Object: 'Object Repository/Final Object Repo/New Registration - Registration Module Pages/Form 2/DOB Month' is clicked on

2018-11-22 23:09:14 - [TEST_STEP][PASSED] - Statement - CurrentMonth = CurrentMonth: null

2018-11-22 23:09:14 - [TEST_STEP][PASSED] - Statement - selectMonth = new com.kms.katalon.core.testobject.TestObject(): null

2018-11-22 23:09:14 - [TEST_STEP][PASSED] - Statement - selectMonth.addProperty("xpath", EQUALS, "//body/div/div/div/select/option[@value='" + CurrentMonth + "']", true): null

2018-11-22 23:09:14 - [TEST_STEP][PASSED] - click: Object: '' is clicked on

2018-11-22 23:09:15 - [MESSAGE][PASSED] - Object: '' is clicked on

2018-11-22 23:09:15 - [TEST_STEP][PASSED] - click: Object: 'Object Repository/Final Object Repo/New Registration - Registration Module Pages/Form 2/DOB Year' is clicked on

2018-11-22 23:09:15 - [MESSAGE][PASSED] - Object: 'Object Repository/Final Object Repo/New Registration - Registration Module Pages/Form 2/DOB Year' is clicked on

2018-11-22 23:09:15 - [TEST_STEP][PASSED] - Statement - Eyearsbf = EighteenYrsBefore: null

2018-11-22 23:09:15 - [TEST_STEP][PASSED] - Statement - selectYear = new com.kms.katalon.core.testobject.TestObject(): null

2018-11-22 23:09:15 - [TEST_STEP][PASSED] - Statement - selectYear.addProperty("xpath", EQUALS, "//div/div/div/select/option[@value='" + Eyearsbf + "']", true): null

2018-11-22 23:09:15 - [TEST_STEP][PASSED] - click: Object: '' is clicked on

2018-11-22 23:09:15 - [MESSAGE][PASSED] - Object: '' is clicked on

2018-11-22 23:09:15 - [TEST_STEP][PASSED] - Statement - UpdatedSelectDate = com.kms.katalon.core.webui.keyword.WebUiBuiltInKeywords.modifyObjectProperty(com.kms.katalon.core.testobject.ObjectRepository.findTestObject(Final Object Repo/New Registration - Registration Module Pages/Form 2/DOB Date), "xpath", "equals", "//body/div/table/tbody/tr/td/a[text()="" + CurrentDate + ""]", true): Modify property of object successfully

2018-11-22 23:09:15 - [MESSAGE][PASSED] - Modify property of object successfully

2018-11-22 23:09:15 - [TEST_STEP][PASSED] - delay: Delayed 3 second(s)

2018-11-22 23:09:18 - [MESSAGE][PASSED] - Delayed 3 second(s)

2018-11-22 23:09:18 - [TEST_STEP][PASSED] - click: Object: 'Object Repository/Final Object Repo/New Registration - Registration Module Pages/Form 2/DOB Date' is clicked on

2018-11-22 23:09:18 - [MESSAGE][PASSED] - Object: 'Object Repository/Final Object Repo/New Registration - Registration Module Pages/Form 2/DOB Date' is clicked on

2018-11-22 23:09:18 - [TEST_STEP][PASSED] - delay: Delayed 2 second(s)

2018-11-22 23:09:20 - [MESSAGE][PASSED] - Delayed 2 second(s)

2018-11-22 23:09:20 - [TEST_STEP][PASSED] - click: Object: 'Object Repository/Final Object Repo/New Registration - Registration Module Pages/Form 2/EmploymentStartDate Pop Up' is clicked on

2018-11-22 23:09:20 - [MESSAGE][PASSED] - Object: 'Object Repository/Final Object Repo/New Registration - Registration Module Pages/Form 2/EmploymentStartDate Pop Up' is clicked on

2018-11-22 23:09:20 - [TEST_STEP][PASSED] - delay: Delayed 2 second(s)

2018-11-22 23:09:22 - [MESSAGE][PASSED] - Delayed 2 second(s)

2018-11-22 23:09:22 - [TEST_STEP][PASSED] - click: Object: 'Object Repository/Final Object Repo/New Registration - Registration Module Pages/Form 2/Socso Employment StartDate Month' is clicked on

2018-11-22 23:09:22 - [MESSAGE][PASSED] - Object: 'Object Repository/Final Object Repo/New Registration - Registration Module Pages/Form 2/Socso Employment StartDate Month' is clicked on

2018-11-22 23:09:22 - [TEST_STEP][PASSED] - delay: Delayed 1 second(s)

2018-11-22 23:09:23 - [MESSAGE][PASSED] - Delayed 1 second(s)

2018-11-22 23:09:23 - [TEST_STEP][PASSED] - click: Object: 'Object Repository/Final Object Repo/New Registration - Registration Module Pages/Form 2/Select Socso Employement Startdate Month' is clicked on

2018-11-22 23:09:23 - [MESSAGE][PASSED] - Object: 'Object Repository/Final Object Repo/New Registration - Registration Module Pages/Form 2/Select Socso Employement Startdate Month' is clicked on

2018-11-22 23:09:23 - [TEST_STEP][PASSED] - delay: Delayed 2 second(s)

2018-11-22 23:09:25 - [MESSAGE][PASSED] - Delayed 2 second(s)

2018-11-22 23:09:25 - [TEST_STEP][PASSED] - click: Object: 'Object Repository/Final Object Repo/New Registration - Registration Module Pages/Form 2/Socso Employment StartDate Year' is clicked on

2018-11-22 23:09:26 - [MESSAGE][PASSED] - Object: 'Object Repository/Final Object Repo/New Registration - Registration Module Pages/Form 2/Socso Employment StartDate Year' is clicked on

2018-11-22 23:09:26 - [TEST_STEP][PASSED] - delay: Delayed 1 second(s)

2018-11-22 23:09:27 - [MESSAGE][PASSED] - Delayed 1 second(s)

2018-11-22 23:09:27 - [TEST_STEP][PASSED] - click: Object: 'Object Repository/Final Object Repo/New Registration - Registration Module Pages/Form 2/Select Socso Employment Startdate Year' is clicked on

2018-11-22 23:09:27 - [MESSAGE][PASSED] - Object: 'Object Repository/Final Object Repo/New Registration - Registration Module Pages/Form 2/Select Socso Employment Startdate Year' is clicked on

2018-11-22 23:09:27 - [TEST_STEP][PASSED] - delay: Delayed 2 second(s)

2018-11-22 23:09:29 - [MESSAGE][PASSED] - Delayed 2 second(s)

2018-11-22 23:09:29 - [TEST_STEP][PASSED] - click: Object: 'Object Repository/Final Object Repo/New Registration - Registration Module Pages/Form 2/Socso Employment Start Date Day' is clicked on

2018-11-22 23:09:29 - [MESSAGE][PASSED] - Object: 'Object Repository/Final Object Repo/New Registration - Registration Module Pages/Form 2/Socso Employment Start Date Day' is clicked on

2018-11-22 23:09:29 - [TEST_STEP][PASSED] - delay: Delayed 2 second(s)

2018-11-22 23:09:31 - [MESSAGE][PASSED] - Delayed 2 second(s)

2018-11-22 23:09:31 - [TEST_STEP][PASSED] - click: Object: 'Object Repository/Final Object Repo/New Registration - Registration Module Pages/Form 2/Save Button for Add Employee' is clicked on

2018-11-22 23:09:31 - [MESSAGE][PASSED] - Object: 'Object Repository/Final Object Repo/New Registration - Registration Module Pages/Form 2/Save Button for Add Employee' is clicked on

2018-11-22 23:09:31 - [TEST_STEP][PASSED] - delay: Delayed 6 second(s)

2018-11-22 23:09:37 - [MESSAGE][PASSED] - Delayed 6 second(s)

2018-11-22 23:09:37 - [TEST_STEP][PASSED] - click: Object: 'Object Repository/Final Object Repo/New Registration - Registration Module Pages/Form 2/Save and Continue Form 2' is clicked on

2018-11-22 23:09:37 - [MESSAGE][PASSED] - Object: 'Object Repository/Final Object Repo/New Registration - Registration Module Pages/Form 2/Save and Continue Form 2' is clicked on

2018-11-22 23:09:37 - [MESSAGE][PASSED] - Call Test Case 'Test Cases/Final Aug 2018 - PKS Automation/Registration Module/New Registration/Form 2/Add 1 Eligible' successfully

2018-11-22 23:09:37 - [TEST_STEP][PASSED] - callTestCase: Call Test Case 'Test Cases/Final Aug 2018 - PKS Automation/Registration Module/New Registration/Flow of New Registration/Third Screen - Upload Supporting Doc - Preview' successfully

2018-11-22 23:09:37 - [TEST_CASE][PASSED] - Test Cases/Final Aug 2018 - PKS Automation/Registration Module/New Registration/Flow of New Registration/Third Screen - Upload Supporting Doc - Preview: Test Cases/Final Aug 2018 - PKS Automation/Registration Module/New Registration/Flow of New Registration/Third Screen - Upload Supporting Doc - Preview

2018-11-22 23:09:37 - [TEST_STEP][PASSED] - waitForPageLoad: Wait for page load successfully

2018-11-22 23:09:38 - [MESSAGE][PASSED] - Wait for page load successfully

2018-11-22 23:09:38 - [TEST_STEP][PASSED] - Statement - CaseReferenceNo = com.kms.katalon.core.webui.keyword.WebUiBuiltInKeywords.getText(com.kms.katalon.core.testobject.ObjectRepository.findTestObject(Final Object Repo/New Registration - Registration Module Pages/Third Screen - Upload Supporting Doc- Preview/RefNo Acquiring)): Text of object 'Object Repository/Final Object Repo/New Registration - Registration Module Pages/Third Screen - Upload Supporting Doc- Preview/RefNo Acquiring' is: 'CRN11201800122708'

2018-11-22 23:09:38 - [MESSAGE][PASSED] - Text of object 'Object Repository/Final Object Repo/New Registration - Registration Module Pages/Third Screen - Upload Supporting Doc- Preview/RefNo Acquiring' is: 'CRN11201800122708'

2018-11-22 23:09:38 - [TEST_STEP][PASSED] - delay: Delayed 2 second(s)

2018-11-22 23:09:40 - [MESSAGE][PASSED] - Delayed 2 second(s)

2018-11-22 23:09:40 - [TEST_STEP][PASSED] - callTestCase: Call Test Case 'Test Cases/Final Aug 2018 - PKS Automation/Common/Reference Number Setter' successfully

2018-11-22 23:09:40 - [TEST_CASE][PASSED] - Test Cases/Final Aug 2018 - PKS Automation/Common/Reference Number Setter: Test Cases/Final Aug 2018 - PKS Automation/Common/Reference Number Setter

2018-11-22 23:09:40 - [TEST_STEP][PASSED] - Statement - RefNoOldFile = new java.io.File(C://Users//Admin//Desktop//PKS//Automation Reference Point//KatalonReference.txt): null

2018-11-22 23:09:40 - [TEST_STEP][PASSED] - Statement - RefNoOldFile.delete(): null

2018-11-22 23:09:40 - [TEST_STEP][PASSED] - delay: Delayed 5 second(s)

2018-11-22 23:09:45 - [MESSAGE][PASSED] - Delayed 5 second(s)

2018-11-22 23:09:45 - [TEST_STEP][PASSED] - Statement - RefNo = new java.io.File(C://Users//Admin//Desktop//PKS//Automation Reference Point//KatalonReference.txt): null

2018-11-22 23:09:45 - [TEST_STEP][PASSED] - Statement - f2 = new java.io.FileWriter(RefNo, false): null

2018-11-22 23:09:45 - [TEST_STEP][PASSED] - Statement - f2.write(CaseReferenceNo): null

2018-11-22 23:09:45 - [TEST_STEP][PASSED] - Statement - f2.close(): null

2018-11-22 23:09:45 - [TEST_STEP][PASSED] - Statement - out.println("


" + CaseReferenceNo + "


"): null

2018-11-22 23:09:45 - [MESSAGE][PASSED] - Call Test Case 'Test Cases/Final Aug 2018 - PKS Automation/Common/Reference Number Setter' successfully

2018-11-22 23:09:45 - [TEST_STEP][PASSED] - waitForElementClickable: Object 'Object Repository/Final Object Repo/New Registration - Registration Module Pages/Third Screen - Upload Supporting Doc- Preview/Save n Continue in SIP Employee Listing Page' is clickable

2018-11-22 23:09:45 - [MESSAGE][PASSED] - Object 'Object Repository/Final Object Repo/New Registration - Registration Module Pages/Third Screen - Upload Supporting Doc- Preview/Save n Continue in SIP Employee Listing Page' is clickable

2018-11-22 23:09:45 - [TEST_STEP][PASSED] - click: Object: 'Object Repository/Final Object Repo/New Registration - Registration Module Pages/Third Screen - Upload Supporting Doc- Preview/Save n Continue in SIP Employee Listing Page' is clicked on

2018-11-22 23:09:51 - [MESSAGE][PASSED] - Object: 'Object Repository/Final Object Repo/New Registration - Registration Module Pages/Third Screen - Upload Supporting Doc- Preview/Save n Continue in SIP Employee Listing Page' is clicked on

2018-11-22 23:09:51 - [TEST_STEP][PASSED] - delay: Delayed 7 second(s)

2018-11-22 23:09:58 - [MESSAGE][PASSED] - Delayed 7 second(s)

2018-11-22 23:09:58 - [TEST_STEP][PASSED] - click: Object: 'Object Repository/Final Object Repo/New Registration - Registration Module Pages/Third Screen - Upload Supporting Doc- Preview/Add Document Button' is clicked on

2018-11-22 23:09:58 - [MESSAGE][PASSED] - Object: 'Object Repository/Final Object Repo/New Registration - Registration Module Pages/Third Screen - Upload Supporting Doc- Preview/Add Document Button' is clicked on

2018-11-22 23:09:58 - [TEST_STEP][PASSED] - delay: Delayed 30 second(s)

2018-11-22 23:10:28 - [MESSAGE][PASSED] - Delayed 30 second(s)

2018-11-22 23:10:28 - [TEST_STEP][PASSED] - click: Object: 'Object Repository/Final Object Repo/New Registration - Registration Module Pages/Third Screen - Upload Supporting Doc- Preview/Supporting Doc Please Select Drop Down' is clicked on

2018-11-22 23:10:28 - [MESSAGE][PASSED] - Object: 'Object Repository/Final Object Repo/New Registration - Registration Module Pages/Third Screen - Upload Supporting Doc- Preview/Supporting Doc Please Select Drop Down' is clicked on

2018-11-22 23:10:28 - [TEST_STEP][PASSED] - delay: Delayed 2 second(s)

2018-11-22 23:10:30 - [MESSAGE][PASSED] - Delayed 2 second(s)

2018-11-22 23:10:30 - [TEST_STEP][PASSED] - click: Object: 'Object Repository/Final Object Repo/New Registration - Registration Module Pages/Third Screen - Upload Supporting Doc- Preview/Select to Upload Form 1' is clicked on

2018-11-22 23:10:30 - [MESSAGE][PASSED] - Object: 'Object Repository/Final Object Repo/New Registration - Registration Module Pages/Third Screen - Upload Supporting Doc- Preview/Select to Upload Form 1' is clicked on

2018-11-22 23:10:30 - [TEST_STEP][PASSED] - delay: Delayed 2 second(s)

2018-11-22 23:10:32 - [MESSAGE][PASSED] - Delayed 2 second(s)

2018-11-22 23:10:32 - [TEST_STEP][PASSED] - uploadFile: File 'C:\Users\Public\Pictures\Sample Pictures\Koala.jpg' sent to object: 'Object Repository/Final Object Repo/New Registration - Registration Module Pages/Third Screen - Upload Supporting Doc- Preview/Upload File Adding'

2018-11-22 23:10:32 - [MESSAGE][PASSED] - File 'C:\Users\Public\Pictures\Sample Pictures\Koala.jpg' sent to object: 'Object Repository/Final Object Repo/New Registration - Registration Module Pages/Third Screen - Upload Supporting Doc- Preview/Upload File Adding'

2018-11-22 23:10:32 - [TEST_STEP][PASSED] - delay: Delayed 5 second(s)

2018-11-22 23:10:37 - [MESSAGE][PASSED] - Delayed 5 second(s)

2018-11-22 23:10:37 - [TEST_STEP][PASSED] - click: Object: 'Object Repository/Final Object Repo/New Registration - Registration Module Pages/Third Screen - Upload Supporting Doc- Preview/Inner Form Add Document Button' is clicked on

2018-11-22 23:10:37 - [MESSAGE][PASSED] - Object: 'Object Repository/Final Object Repo/New Registration - Registration Module Pages/Third Screen - Upload Supporting Doc- Preview/Inner Form Add Document Button' is clicked on

2018-11-22 23:10:37 - [TEST_STEP][PASSED] - delay: Delayed 3 second(s)

2018-11-22 23:10:40 - [MESSAGE][PASSED] - Delayed 3 second(s)

2018-11-22 23:10:40 - [TEST_STEP][PASSED] - click: Object: 'Object Repository/Final Object Repo/New Registration - Registration Module Pages/Third Screen - Upload Supporting Doc- Preview/Add Document Button' is clicked on

2018-11-22 23:10:42 - [MESSAGE][PASSED] - Object: 'Object Repository/Final Object Repo/New Registration - Registration Module Pages/Third Screen - Upload Supporting Doc- Preview/Add Document Button' is clicked on

2018-11-22 23:10:42 - [TEST_STEP][PASSED] - delay: Delayed 30 second(s)

2018-11-22 23:11:12 - [MESSAGE][PASSED] - Delayed 30 second(s)

2018-11-22 23:11:12 - [TEST_STEP][PASSED] - click: Object: 'Object Repository/Final Object Repo/New Registration - Registration Module Pages/Third Screen - Upload Supporting Doc- Preview/Supporting Doc Please Select Drop Down' is clicked on

2018-11-22 23:11:12 - [MESSAGE][PASSED] - Object: 'Object Repository/Final Object Repo/New Registration - Registration Module Pages/Third Screen - Upload Supporting Doc- Preview/Supporting Doc Please Select Drop Down' is clicked on

2018-11-22 23:11:12 - [TEST_STEP][PASSED] - delay: Delayed 2 second(s)

2018-11-22 23:11:14 - [MESSAGE][PASSED] - Delayed 2 second(s)

2018-11-22 23:11:14 - [TEST_STEP][PASSED] - click: Object: 'Object Repository/Final Object Repo/New Registration - Registration Module Pages/Third Screen - Upload Supporting Doc- Preview/Select to Upload Form 2' is clicked on

2018-11-22 23:11:14 - [MESSAGE][PASSED] - Object: 'Object Repository/Final Object Repo/New Registration - Registration Module Pages/Third Screen - Upload Supporting Doc- Preview/Select to Upload Form 2' is clicked on

2018-11-22 23:11:14 - [TEST_STEP][PASSED] - delay: Delayed 2 second(s)

2018-11-22 23:11:16 - [MESSAGE][PASSED] - Delayed 2 second(s)

2018-11-22 23:11:16 - [TEST_STEP][PASSED] - uploadFile: File 'C:\Users\Public\Pictures\Sample Pictures\Koala.jpg' sent to object: 'Object Repository/Final Object Repo/New Registration - Registration Module Pages/Third Screen - Upload Supporting Doc- Preview/Upload File Adding'

2018-11-22 23:11:16 - [MESSAGE][PASSED] - File 'C:\Users\Public\Pictures\Sample Pictures\Koala.jpg' sent to object: 'Object Repository/Final Object Repo/New Registration - Registration Module Pages/Third Screen - Upload Supporting Doc- Preview/Upload File Adding'

2018-11-22 23:11:16 - [TEST_STEP][PASSED] - click: Object: 'Object Repository/Final Object Repo/New Registration - Registration Module Pages/Third Screen - Upload Supporting Doc- Preview/Inner Form Add Document Button' is clicked on

2018-11-22 23:11:16 - [MESSAGE][PASSED] - Object: 'Object Repository/Final Object Repo/New Registration - Registration Module Pages/Third Screen - Upload Supporting Doc- Preview/Inner Form Add Document Button' is clicked on

2018-11-22 23:11:16 - [TEST_STEP][PASSED] - delay: Delayed 5 second(s)

2018-11-22 23:11:21 - [MESSAGE][PASSED] - Delayed 5 second(s)

2018-11-22 23:11:21 - [TEST_STEP][PASSED] - click: Object: 'Object Repository/Final Object Repo/New Registration - Registration Module Pages/Third Screen - Upload Supporting Doc- Preview/Add Document Button' is clicked on

2018-11-22 23:11:22 - [MESSAGE][PASSED] - Object: 'Object Repository/Final Object Repo/New Registration - Registration Module Pages/Third Screen - Upload Supporting Doc- Preview/Add Document Button' is clicked on

2018-11-22 23:11:22 - [TEST_STEP][PASSED] - delay: Delayed 30 second(s)

2018-11-22 23:11:52 - [MESSAGE][PASSED] - Delayed 30 second(s)

2018-11-22 23:11:52 - [TEST_STEP][PASSED] - click: Object: 'Object Repository/Final Object Repo/New Registration - Registration Module Pages/Third Screen - Upload Supporting Doc- Preview/Supporting Doc Please Select Drop Down' is clicked on

2018-11-22 23:11:52 - [MESSAGE][PASSED] - Object: 'Object Repository/Final Object Repo/New Registration - Registration Module Pages/Third Screen - Upload Supporting Doc- Preview/Supporting Doc Please Select Drop Down' is clicked on

2018-11-22 23:11:52 - [TEST_STEP][PASSED] - click: Object: 'Object Repository/Final Object Repo/New Registration - Registration Module Pages/Third Screen - Upload Supporting Doc- Preview/Select to Upload Borang SIP 1' is clicked on

2018-11-22 23:11:52 - [MESSAGE][PASSED] - Object: 'Object Repository/Final Object Repo/New Registration - Registration Module Pages/Third Screen - Upload Supporting Doc- Preview/Select to Upload Borang SIP 1' is clicked on

2018-11-22 23:11:52 - [TEST_STEP][PASSED] - delay: Delayed 2 second(s)

2018-11-22 23:11:54 - [MESSAGE][PASSED] - Delayed 2 second(s)

2018-11-22 23:11:54 - [TEST_STEP][PASSED] - uploadFile: File 'C:\Users\Public\Pictures\Sample Pictures\Koala.jpg' sent to object: 'Object Repository/Final Object Repo/New Registration - Registration Module Pages/Third Screen - Upload Supporting Doc- Preview/Upload File Adding'

2018-11-22 23:11:54 - [MESSAGE][PASSED] - File 'C:\Users\Public\Pictures\Sample Pictures\Koala.jpg' sent to object: 'Object Repository/Final Object Repo/New Registration - Registration Module Pages/Third Screen - Upload Supporting Doc- Preview/Upload File Adding'

2018-11-22 23:11:54 - [TEST_STEP][PASSED] - click: Object: 'Object Repository/Final Object Repo/New Registration - Registration Module Pages/Third Screen - Upload Supporting Doc- Preview/Inner Form Add Document Button' is clicked on

2018-11-22 23:11:54 - [MESSAGE][PASSED] - Object: 'Object Repository/Final Object Repo/New Registration - Registration Module Pages/Third Screen - Upload Supporting Doc- Preview/Inner Form Add Document Button' is clicked on

2018-11-22 23:11:54 - [TEST_STEP][PASSED] - delay: Delayed 5 second(s)

2018-11-22 23:11:59 - [MESSAGE][PASSED] - Delayed 5 second(s)

2018-11-22 23:11:59 - [TEST_STEP][PASSED] - click: Object: 'Object Repository/Final Object Repo/New Registration - Registration Module Pages/Third Screen - Upload Supporting Doc- Preview/Add Document Button' is clicked on

2018-11-22 23:11:59 - [MESSAGE][PASSED] - Object: 'Object Repository/Final Object Repo/New Registration - Registration Module Pages/Third Screen - Upload Supporting Doc- Preview/Add Document Button' is clicked on

2018-11-22 23:11:59 - [TEST_STEP][PASSED] - delay: Delayed 30 second(s)

2018-11-22 23:12:29 - [MESSAGE][PASSED] - Delayed 30 second(s)

2018-11-22 23:12:29 - [TEST_STEP][PASSED] - click: Object: 'Object Repository/Final Object Repo/New Registration - Registration Module Pages/Third Screen - Upload Supporting Doc- Preview/Supporting Doc Please Select Drop Down' is clicked on

2018-11-22 23:12:30 - [MESSAGE][PASSED] - Object: 'Object Repository/Final Object Repo/New Registration - Registration Module Pages/Third Screen - Upload Supporting Doc- Preview/Supporting Doc Please Select Drop Down' is clicked on

2018-11-22 23:12:30 - [TEST_STEP][PASSED] - delay: Delayed 3 second(s)

2018-11-22 23:12:33 - [MESSAGE][PASSED] - Delayed 3 second(s)

2018-11-22 23:12:33 - [TEST_STEP][PASSED] - click: Object: 'Object Repository/Final Object Repo/New Registration - Registration Module Pages/Third Screen - Upload Supporting Doc- Preview/Select to Upload Borang SIP 2' is clicked on

2018-11-22 23:12:33 - [MESSAGE][PASSED] - Object: 'Object Repository/Final Object Repo/New Registration - Registration Module Pages/Third Screen - Upload Supporting Doc- Preview/Select to Upload Borang SIP 2' is clicked on

2018-11-22 23:12:33 - [TEST_STEP][PASSED] - delay: Delayed 2 second(s)

2018-11-22 23:12:35 - [MESSAGE][PASSED] - Delayed 2 second(s)

2018-11-22 23:12:35 - [TEST_STEP][PASSED] - uploadFile: File 'C:\Users\Public\Pictures\Sample Pictures\Koala.jpg' sent to object: 'Object Repository/Final Object Repo/New Registration - Registration Module Pages/Third Screen - Upload Supporting Doc- Preview/Upload File Adding'

2018-11-22 23:12:35 - [MESSAGE][PASSED] - File 'C:\Users\Public\Pictures\Sample Pictures\Koala.jpg' sent to object: 'Object Repository/Final Object Repo/New Registration - Registration Module Pages/Third Screen - Upload Supporting Doc- Preview/Upload File Adding'

2018-11-22 23:12:35 - [TEST_STEP][PASSED] - delay: Delayed 5 second(s)

2018-11-22 23:12:40 - [MESSAGE][PASSED] - Delayed 5 second(s)

2018-11-22 23:12:40 - [TEST_STEP][PASSED] - click: Object: 'Object Repository/Final Object Repo/New Registration - Registration Module Pages/Third Screen - Upload Supporting Doc- Preview/Inner Form Add Document Button' is clicked on

2018-11-22 23:12:40 - [MESSAGE][PASSED] - Object: 'Object Repository/Final Object Repo/New Registration - Registration Module Pages/Third Screen - Upload Supporting Doc- Preview/Inner Form Add Document Button' is clicked on

2018-11-22 23:12:40 - [TEST_STEP][PASSED] - delay: Delayed 3 second(s)

2018-11-22 23:12:43 - [MESSAGE][PASSED] - Delayed 3 second(s)

2018-11-22 23:12:43 - [TEST_STEP][PASSED] - waitForElementClickable: Object 'Object Repository/Final Object Repo/New Registration - Registration Module Pages/Third Screen - Upload Supporting Doc- Preview/Save n Continue in Uploading Supporting Doc Page' is clickable

2018-11-22 23:12:45 - [MESSAGE][PASSED] - Object 'Object Repository/Final Object Repo/New Registration - Registration Module Pages/Third Screen - Upload Supporting Doc- Preview/Save n Continue in Uploading Supporting Doc Page' is clickable

2018-11-22 23:12:45 - [TEST_STEP][PASSED] - click: Object: 'Object Repository/Final Object Repo/New Registration - Registration Module Pages/Third Screen - Upload Supporting Doc- Preview/Save n Continue in Uploading Supporting Doc Page' is clicked on

2018-11-22 23:12:45 - [MESSAGE][PASSED] - Object: 'Object Repository/Final Object Repo/New Registration - Registration Module Pages/Third Screen - Upload Supporting Doc- Preview/Save n Continue in Uploading Supporting Doc Page' is clicked on

2018-11-22 23:12:45 - [MESSAGE][PASSED] - Call Test Case 'Test Cases/Final Aug 2018 - PKS Automation/Registration Module/New Registration/Flow of New Registration/Third Screen - Upload Supporting Doc - Preview' successfully

2018-11-22 23:12:45 - [TEST_STEP][PASSED] - callTestCase: Call Test Case 'Test Cases/Final Aug 2018 - PKS Automation/Registration Module/New Registration/Submit and Screenshot/Submit Registration and Screenshot - Copy' successfully

2018-11-22 23:12:45 - [TEST_CASE][PASSED] - Test Cases/Final Aug 2018 - PKS Automation/Registration Module/New Registration/Submit and Screenshot/Submit Registration and Screenshot - Copy: Test Cases/Final Aug 2018 - PKS Automation/Registration Module/New Registration/Submit and Screenshot/Submit Registration and Screenshot - Copy

2018-11-22 23:12:45 - [TEST_STEP][PASSED] - delay: Delayed 6 second(s)

2018-11-22 23:12:51 - [MESSAGE][PASSED] - Delayed 6 second(s)

2018-11-22 23:12:51 - [TEST_STEP][PASSED] - click: Object: 'Object Repository/Final Object Repo/New Registration - Registration Module Pages/Third Screen - Upload Supporting Doc- Preview/Preview Submit Button' is clicked on

2018-11-22 23:12:51 - [MESSAGE][PASSED] - Object: 'Object Repository/Final Object Repo/New Registration - Registration Module Pages/Third Screen - Upload Supporting Doc- Preview/Preview Submit Button' is clicked on

2018-11-22 23:12:51 - [TEST_STEP][PASSED] - delay: Delayed 2 second(s)

2018-11-22 23:12:53 - [MESSAGE][PASSED] - Delayed 2 second(s)

2018-11-22 23:12:53 - [TEST_STEP][PASSED] - click: Object: 'Object Repository/Final Object Repo/New Registration - Registration Module Pages/Third Screen - Upload Supporting Doc- Preview/Preview Submit - Confirm' is clicked on

2018-11-22 23:12:53 - [MESSAGE][PASSED] - Object: 'Object Repository/Final Object Repo/New Registration - Registration Module Pages/Third Screen - Upload Supporting Doc- Preview/Preview Submit - Confirm' is clicked on

2018-11-22 23:12:53 - [TEST_STEP][PASSED] - delay: Delayed 15 second(s)

2018-11-22 23:13:08 - [MESSAGE][PASSED] - Delayed 15 second(s)

2018-11-22 23:13:08 - [TEST_STEP][PASSED] - Statement - driver = com.kms.katalon.core.webui.driver.DriverFactory.getWebDriver(): null

2018-11-22 23:13:08 - [TEST_STEP][PASSED] - Statement - driver.manage().timeouts().implicitlyWait(10, SECONDS): null

2018-11-22 23:13:08 - [TEST_STEP][PASSED] - Statement - PresavePath = KatalonScreenshots: null

2018-11-22 23:13:08 - [TEST_STEP][PASSED] - Statement - pathPrefix = "C:\Users\Public\Pictures\Sample Pictures\Katalon Screenshots\Automate Ending Screen": null

2018-11-22 23:13:08 - [TEST_STEP][PASSED] - Statement - finalPath = <not implemented yet for class: org.codehaus.groovy.ast.expr.EmptyExpression>: null

2018-11-22 23:13:08 - [TEST_STEP][PASSED] - Statement - scrFile = driver.getScreenshotAs(FILE): null

2018-11-22 23:13:09 - [TEST_STEP][PASSED] - Statement - PreSaveFile = new java.io.File(PresavePath): null

2018-11-22 23:13:09 - [TEST_STEP][PASSED] - Statement - counter = 0: null

2018-11-22 23:13:09 - [TEST_STEP][PASSED] - Statement - If (PreSaveFile.exists()): null

2018-11-22 23:13:09 - [TEST_STEP][PASSED] - Statement - While (PreSaveFile.exists()): null

2018-11-22 23:13:09 - [TEST_STEP][PASSED] - Statement - counter = counter + 1: null

2018-11-22 23:13:09 - [TEST_STEP][PASSED] - Statement - PreSaveFile = new java.io.File(((pathPrefix + java.lang.Integer.toString(counter)) + .png)): null

2018-11-22 23:13:09 - [TEST_STEP][PASSED] - Statement - counter = counter + 1: null

2018-11-22 23:13:09 - [TEST_STEP][PASSED] - Statement - PreSaveFile = new java.io.File(((pathPrefix + java.lang.Integer.toString(counter)) + .png)): null

2018-11-22 23:13:09 - [TEST_STEP][PASSED] - Statement - counter = counter + 1: null

2018-11-22 23:13:09 - [TEST_STEP][PASSED] - Statement - PreSaveFile = new java.io.File(((pathPrefix + java.lang.Integer.toString(counter)) + .png)): null

2018-11-22 23:13:09 - [TEST_STEP][PASSED] - Statement - counter = counter + 1: null

2018-11-22 23:13:09 - [TEST_STEP][PASSED] - Statement - PreSaveFile = new java.io.File(((pathPrefix + java.lang.Integer.toString(counter)) + .png)): null

2018-11-22 23:13:09 - [TEST_STEP][PASSED] - Statement - counter = counter + 1: null

2018-11-22 23:13:09 - [TEST_STEP][PASSED] - Statement - PreSaveFile = new java.io.File(((pathPrefix + java.lang.Integer.toString(counter)) + .png)): null

2018-11-22 23:13:09 - [TEST_STEP][PASSED] - Statement - counter = counter + 1: null

2018-11-22 23:13:09 - [TEST_STEP][PASSED] - Statement - PreSaveFile = new java.io.File(((pathPrefix + java.lang.Integer.toString(counter)) + .png)): null

2018-11-22 23:13:09 - [TEST_STEP][PASSED] - Statement - counter = counter + 1: null

2018-11-22 23:13:09 - [TEST_STEP][PASSED] - Statement - PreSaveFile = new java.io.File(((pathPrefix + java.lang.Integer.toString(counter)) + .png)): null

2018-11-22 23:13:09 - [TEST_STEP][PASSED] - Statement - counter = counter + 1: null

2018-11-22 23:13:09 - [TEST_STEP][PASSED] - Statement - PreSaveFile = new java.io.File(((pathPrefix + java.lang.Integer.toString(counter)) + .png)): null

2018-11-22 23:13:09 - [TEST_STEP][PASSED] - Statement - counter = counter + 1: null

2018-11-22 23:13:09 - [TEST_STEP][PASSED] - Statement - PreSaveFile = new java.io.File(((pathPrefix + java.lang.Integer.toString(counter)) + .png)): null

2018-11-22 23:13:09 - [TEST_STEP][PASSED] - Statement - counter = counter + 1: null

2018-11-22 23:13:09 - [TEST_STEP][PASSED] - Statement - PreSaveFile = new java.io.File(((pathPrefix + java.lang.Integer.toString(counter)) + .png)): null

2018-11-22 23:13:09 - [TEST_STEP][PASSED] - Statement - counter = counter + 1: null

2018-11-22 23:13:09 - [TEST_STEP][PASSED] - Statement - PreSaveFile = new java.io.File(((pathPrefix + java.lang.Integer.toString(counter)) + .png)): null

2018-11-22 23:13:09 - [TEST_STEP][PASSED] - Statement - counter = counter + 1: null

2018-11-22 23:13:09 - [TEST_STEP][PASSED] - Statement - PreSaveFile = new java.io.File(((pathPrefix + java.lang.Integer.toString(counter)) + .png)): null

2018-11-22 23:13:09 - [TEST_STEP][PASSED] - Statement - counter = counter + 1: null

2018-11-22 23:13:09 - [TEST_STEP][PASSED] - Statement - PreSaveFile = new java.io.File(((pathPrefix + java.lang.Integer.toString(counter)) + .png)): null

2018-11-22 23:13:09 - [TEST_STEP][PASSED] - Statement - counter = counter + 1: null

2018-11-22 23:13:09 - [TEST_STEP][PASSED] - Statement - PreSaveFile = new java.io.File(((pathPrefix + java.lang.Integer.toString(counter)) + .png)): null

2018-11-22 23:13:09 - [TEST_STEP][PASSED] - Statement - counter = counter + 1: null

2018-11-22 23:13:09 - [TEST_STEP][PASSED] - Statement - PreSaveFile = new java.io.File(((pathPrefix + java.lang.Integer.toString(counter)) + .png)): null

2018-11-22 23:13:09 - [TEST_STEP][PASSED] - Statement - counter = counter + 1: null

2018-11-22 23:13:09 - [TEST_STEP][PASSED] - Statement - PreSaveFile = new java.io.File(((pathPrefix + java.lang.Integer.toString(counter)) + .png)): null

2018-11-22 23:13:09 - [TEST_STEP][PASSED] - Statement - counter = counter + 1: null

2018-11-22 23:13:09 - [TEST_STEP][PASSED] - Statement - PreSaveFile = new java.io.File(((pathPrefix + java.lang.Integer.toString(counter)) + .png)): null

2018-11-22 23:13:09 - [TEST_STEP][PASSED] - Statement - counter = counter + 1: null

2018-11-22 23:13:09 - [TEST_STEP][PASSED] - Statement - PreSaveFile = new java.io.File(((pathPrefix + java.lang.Integer.toString(counter)) + .png)): null

2018-11-22 23:13:09 - [TEST_STEP][PASSED] - Statement - counter = counter + 1: null

2018-11-22 23:13:09 - [TEST_STEP][PASSED] - Statement - PreSaveFile = new java.io.File(((pathPrefix + java.lang.Integer.toString(counter)) + .png)): null

2018-11-22 23:13:09 - [TEST_STEP][PASSED] - Statement - counter = counter + 1: null

2018-11-22 23:13:09 - [TEST_STEP][PASSED] - Statement - PreSaveFile = new java.io.File(((pathPrefix + java.lang.Integer.toString(counter)) + .png)): null

2018-11-22 23:13:09 - [TEST_STEP][PASSED] - Statement - counter = counter + 1: null

2018-11-22 23:13:09 - [TEST_STEP][PASSED] - Statement - PreSaveFile = new java.io.File(((pathPrefix + java.lang.Integer.toString(counter)) + .png)): null

2018-11-22 23:13:09 - [TEST_STEP][PASSED] - Statement - counter = counter + 1: null

2018-11-22 23:13:09 - [TEST_STEP][PASSED] - Statement - PreSaveFile = new java.io.File(((pathPrefix + java.lang.Integer.toString(counter)) + .png)): null

2018-11-22 23:13:09 - [TEST_STEP][PASSED] - Statement - counter = counter + 1: null

2018-11-22 23:13:09 - [TEST_STEP][PASSED] - Statement - PreSaveFile = new java.io.File(((pathPrefix + java.lang.Integer.toString(counter)) + .png)): null

2018-11-22 23:13:09 - [TEST_STEP][PASSED] - Statement - counter = counter + 1: null

2018-11-22 23:13:09 - [TEST_STEP][PASSED] - Statement - PreSaveFile = new java.io.File(((pathPrefix + java.lang.Integer.toString(counter)) + .png)): null

2018-11-22 23:13:09 - [TEST_STEP][PASSED] - Statement - counter = counter + 1: null

2018-11-22 23:13:09 - [TEST_STEP][PASSED] - Statement - PreSaveFile = new java.io.File(((pathPrefix + java.lang.Integer.toString(counter)) + .png)): null

2018-11-22 23:13:09 - [TEST_STEP][PASSED] - Statement - counter = counter + 1: null

2018-11-22 23:13:09 - [TEST_STEP][PASSED] - Statement - PreSaveFile = new java.io.File(((pathPrefix + java.lang.Integer.toString(counter)) + .png)): null

2018-11-22 23:13:09 - [TEST_STEP][PASSED] - Statement - counter = counter + 1: null

2018-11-22 23:13:09 - [TEST_STEP][PASSED] - Statement - PreSaveFile = new java.io.File(((pathPrefix + java.lang.Integer.toString(counter)) + .png)): null

2018-11-22 23:13:09 - [TEST_STEP][PASSED] - Statement - counter = counter + 1: null

2018-11-22 23:13:09 - [TEST_STEP][PASSED] - Statement - PreSaveFile = new java.io.File(((pathPrefix + java.lang.Integer.toString(counter)) + .png)): null

2018-11-22 23:13:09 - [TEST_STEP][PASSED] - Statement - counter = counter + 1: null

2018-11-22 23:13:09 - [TEST_STEP][PASSED] - Statement - PreSaveFile = new java.io.File(((pathPrefix + java.lang.Integer.toString(counter)) + .png)): null

2018-11-22 23:13:09 - [TEST_STEP][PASSED] - Statement - counter = counter + 1: null

2018-11-22 23:13:09 - [TEST_STEP][PASSED] - Statement - PreSaveFile = new java.io.File(((pathPrefix + java.lang.Integer.toString(counter)) + .png)): null

2018-11-22 23:13:09 - [TEST_STEP][PASSED] - Statement - counter = counter + 1: null

2018-11-22 23:13:09 - [TEST_STEP][PASSED] - Statement - PreSaveFile = new java.io.File(((pathPrefix + java.lang.Integer.toString(counter)) + .png)): null

2018-11-22 23:13:09 - [TEST_STEP][PASSED] - Statement - counter = counter + 1: null

2018-11-22 23:13:09 - [TEST_STEP][PASSED] - Statement - PreSaveFile = new java.io.File(((pathPrefix + java.lang.Integer.toString(counter)) + .png)): null

2018-11-22 23:13:09 - [TEST_STEP][PASSED] - Statement - counter = counter + 1: null

2018-11-22 23:13:09 - [TEST_STEP][PASSED] - Statement - PreSaveFile = new java.io.File(((pathPrefix + java.lang.Integer.toString(counter)) + .png)): null

2018-11-22 23:13:09 - [TEST_STEP][PASSED] - Statement - counter = counter + 1: null

2018-11-22 23:13:09 - [TEST_STEP][PASSED] - Statement - PreSaveFile = new java.io.File(((pathPrefix + java.lang.Integer.toString(counter)) + .png)): null

2018-11-22 23:13:09 - [TEST_STEP][PASSED] - Statement - counter = counter + 1: null

2018-11-22 23:13:09 - [TEST_STEP][PASSED] - Statement - PreSaveFile = new java.io.File(((pathPrefix + java.lang.Integer.toString(counter)) + .png)): null

2018-11-22 23:13:09 - [TEST_STEP][PASSED] - Statement - counter = counter + 1: null

2018-11-22 23:13:09 - [TEST_STEP][PASSED] - Statement - PreSaveFile = new java.io.File(((pathPrefix + java.lang.Integer.toString(counter)) + .png)): null

2018-11-22 23:13:09 - [TEST_STEP][PASSED] - Statement - counter = counter + 1: null

2018-11-22 23:13:09 - [TEST_STEP][PASSED] - Statement - PreSaveFile = new java.io.File(((pathPrefix + java.lang.Integer.toString(counter)) + .png)): null

2018-11-22 23:13:09 - [TEST_STEP][PASSED] - Statement - counter = counter + 1: null

2018-11-22 23:13:09 - [TEST_STEP][PASSED] - Statement - PreSaveFile = new java.io.File(((pathPrefix + java.lang.Integer.toString(counter)) + .png)): null

2018-11-22 23:13:09 - [TEST_STEP][PASSED] - Statement - counter = counter + 1: null

2018-11-22 23:13:09 - [TEST_STEP][PASSED] - Statement - PreSaveFile = new java.io.File(((pathPrefix + java.lang.Integer.toString(counter)) + .png)): null

2018-11-22 23:13:09 - [TEST_STEP][PASSED] - Statement - counter = counter + 1: null

2018-11-22 23:13:09 - [TEST_STEP][PASSED] - Statement - PreSaveFile = new java.io.File(((pathPrefix + java.lang.Integer.toString(counter)) + .png)): null

2018-11-22 23:13:09 - [TEST_STEP][PASSED] - Statement - counter = counter + 1: null

2018-11-22 23:13:09 - [TEST_STEP][PASSED] - Statement - PreSaveFile = new java.io.File(((pathPrefix + java.lang.Integer.toString(counter)) + .png)): null

2018-11-22 23:13:09 - [TEST_STEP][PASSED] - Statement - counter = counter + 1: null

2018-11-22 23:13:09 - [TEST_STEP][PASSED] - Statement - PreSaveFile = new java.io.File(((pathPrefix + java.lang.Integer.toString(counter)) + .png)): null

2018-11-22 23:13:09 - [TEST_STEP][PASSED] - Statement - counter = counter + 1: null

2018-11-22 23:13:09 - [TEST_STEP][PASSED] - Statement - PreSaveFile = new java.io.File(((pathPrefix + java.lang.Integer.toString(counter)) + .png)): null

2018-11-22 23:13:09 - [TEST_STEP][PASSED] - Statement - counter = counter + 1: null

2018-11-22 23:13:09 - [TEST_STEP][PASSED] - Statement - PreSaveFile = new java.io.File(((pathPrefix + java.lang.Integer.toString(counter)) + .png)): null

2018-11-22 23:13:09 - [TEST_STEP][PASSED] - Statement - counter = counter + 1: null

2018-11-22 23:13:09 - [TEST_STEP][PASSED] - Statement - PreSaveFile = new java.io.File(((pathPrefix + java.lang.Integer.toString(counter)) + .png)): null

2018-11-22 23:13:09 - [TEST_STEP][PASSED] - Statement - counter = counter + 1: null

2018-11-22 23:13:09 - [TEST_STEP][PASSED] - Statement - PreSaveFile = new java.io.File(((pathPrefix + java.lang.Integer.toString(counter)) + .png)): null

2018-11-22 23:13:09 - [TEST_STEP][PASSED] - Statement - counter = counter + 1: null

2018-11-22 23:13:09 - [TEST_STEP][PASSED] - Statement - PreSaveFile = new java.io.File(((pathPrefix + java.lang.Integer.toString(counter)) + .png)): null

2018-11-22 23:13:09 - [TEST_STEP][PASSED] - Statement - counter = counter + 1: null

2018-11-22 23:13:09 - [TEST_STEP][PASSED] - Statement - PreSaveFile = new java.io.File(((pathPrefix + java.lang.Integer.toString(counter)) + .png)): null

2018-11-22 23:13:09 - [TEST_STEP][PASSED] - Statement - counter = counter + 1: null

2018-11-22 23:13:09 - [TEST_STEP][PASSED] - Statement - PreSaveFile = new java.io.File(((pathPrefix + java.lang.Integer.toString(counter)) + .png)): null

2018-11-22 23:13:09 - [TEST_STEP][PASSED] - Statement - counter = counter + 1: null

2018-11-22 23:13:09 - [TEST_STEP][PASSED] - Statement - PreSaveFile = new java.io.File(((pathPrefix + java.lang.Integer.toString(counter)) + .png)): null

2018-11-22 23:13:09 - [TEST_STEP][PASSED] - Statement - counter = counter + 1: null

2018-11-22 23:13:09 - [TEST_STEP][PASSED] - Statement - PreSaveFile = new java.io.File(((pathPrefix + java.lang.Integer.toString(counter)) + .png)): null

2018-11-22 23:13:09 - [TEST_STEP][PASSED] - Statement - counter = counter + 1: null

2018-11-22 23:13:09 - [TEST_STEP][PASSED] - Statement - PreSaveFile = new java.io.File(((pathPrefix + java.lang.Integer.toString(counter)) + .png)): null

2018-11-22 23:13:09 - [TEST_STEP][PASSED] - Statement - counter = counter + 1: null

2018-11-22 23:13:09 - [TEST_STEP][PASSED] - Statement - PreSaveFile = new java.io.File(((pathPrefix + java.lang.Integer.toString(counter)) + .png)): null

2018-11-22 23:13:09 - [TEST_STEP][PASSED] - Statement - counter = counter + 1: null

2018-11-22 23:13:09 - [TEST_STEP][PASSED] - Statement - PreSaveFile = new java.io.File(((pathPrefix + java.lang.Integer.toString(counter)) + .png)): null

2018-11-22 23:13:09 - [TEST_STEP][PASSED] - Statement - counter = counter + 1: null

2018-11-22 23:13:09 - [TEST_STEP][PASSED] - Statement - PreSaveFile = new java.io.File(((pathPrefix + java.lang.Integer.toString(counter)) + .png)): null

2018-11-22 23:13:09 - [TEST_STEP][PASSED] - Statement - counter = counter + 1: null

2018-11-22 23:13:09 - [TEST_STEP][PASSED] - Statement - PreSaveFile = new java.io.File(((pathPrefix + java.lang.Integer.toString(counter)) + .png)): null

2018-11-22 23:13:09 - [TEST_STEP][PASSED] - Statement - counter = counter + 1: null

2018-11-22 23:13:09 - [TEST_STEP][PASSED] - Statement - PreSaveFile = new java.io.File(((pathPrefix + java.lang.Integer.toString(counter)) + .png)): null

2018-11-22 23:13:09 - [TEST_STEP][PASSED] - Statement - counter = counter + 1: null

2018-11-22 23:13:09 - [TEST_STEP][PASSED] - Statement - PreSaveFile = new java.io.File(((pathPrefix + java.lang.Integer.toString(counter)) + .png)): null

2018-11-22 23:13:09 - [TEST_STEP][PASSED] - Statement - counter = counter + 1: null

2018-11-22 23:13:09 - [TEST_STEP][PASSED] - Statement - PreSaveFile = new java.io.File(((pathPrefix + java.lang.Integer.toString(counter)) + .png)): null

2018-11-22 23:13:09 - [TEST_STEP][PASSED] - Statement - counter = counter + 1: null

2018-11-22 23:13:09 - [TEST_STEP][PASSED] - Statement - PreSaveFile = new java.io.File(((pathPrefix + java.lang.Integer.toString(counter)) + .png)): null

2018-11-22 23:13:09 - [TEST_STEP][PASSED] - Statement - counter = counter + 1: null

2018-11-22 23:13:09 - [TEST_STEP][PASSED] - Statement - PreSaveFile = new java.io.File(((pathPrefix + java.lang.Integer.toString(counter)) + .png)): null

2018-11-22 23:13:09 - [TEST_STEP][PASSED] - Statement - counter = counter + 1: null

2018-11-22 23:13:09 - [TEST_STEP][PASSED] - Statement - PreSaveFile = new java.io.File(((pathPrefix + java.lang.Integer.toString(counter)) + .png)): null

2018-11-22 23:13:09 - [TEST_STEP][PASSED] - Statement - counter = counter + 1: null

2018-11-22 23:13:09 - [TEST_STEP][PASSED] - Statement - PreSaveFile = new java.io.File(((pathPrefix + java.lang.Integer.toString(counter)) + .png)): null

2018-11-22 23:13:09 - [TEST_STEP][PASSED] - Statement - counter = counter + 1: null

2018-11-22 23:13:09 - [TEST_STEP][PASSED] - Statement - PreSaveFile = new java.io.File(((pathPrefix + java.lang.Integer.toString(counter)) + .png)): null

2018-11-22 23:13:09 - [TEST_STEP][PASSED] - Statement - counter = counter + 1: null

2018-11-22 23:13:09 - [TEST_STEP][PASSED] - Statement - PreSaveFile = new java.io.File(((pathPrefix + java.lang.Integer.toString(counter)) + .png)): null

2018-11-22 23:13:09 - [TEST_STEP][PASSED] - Statement - counter = counter + 1: null

2018-11-22 23:13:09 - [TEST_STEP][PASSED] - Statement - PreSaveFile = new java.io.File(((pathPrefix + java.lang.Integer.toString(counter)) + .png)): null

2018-11-22 23:13:09 - [TEST_STEP][PASSED] - Statement - counter = counter + 1: null

2018-11-22 23:13:09 - [TEST_STEP][PASSED] - Statement - PreSaveFile = new java.io.File(((pathPrefix + java.lang.Integer.toString(counter)) + .png)): null

2018-11-22 23:13:09 - [TEST_STEP][PASSED] - Statement - counter = counter + 1: null

2018-11-22 23:13:09 - [TEST_STEP][PASSED] - Statement - PreSaveFile = new java.io.File(((pathPrefix + java.lang.Integer.toString(counter)) + .png)): null

2018-11-22 23:13:09 - [TEST_STEP][PASSED] - Statement - counter = counter + 1: null

2018-11-22 23:13:09 - [TEST_STEP][PASSED] - Statement - PreSaveFile = new java.io.File(((pathPrefix + java.lang.Integer.toString(counter)) + .png)): null

2018-11-22 23:13:09 - [TEST_STEP][PASSED] - Statement - counter = counter + 1: null

2018-11-22 23:13:09 - [TEST_STEP][PASSED] - Statement - PreSaveFile = new java.io.File(((pathPrefix + java.lang.Integer.toString(counter)) + .png)): null

2018-11-22 23:13:09 - [TEST_STEP][PASSED] - Statement - counter = counter + 1: null

2018-11-22 23:13:09 - [TEST_STEP][PASSED] - Statement - PreSaveFile = new java.io.File(((pathPrefix + java.lang.Integer.toString(counter)) + .png)): null

2018-11-22 23:13:09 - [TEST_STEP][PASSED] - Statement - counter = counter + 1: null

2018-11-22 23:13:09 - [TEST_STEP][PASSED] - Statement - PreSaveFile = new java.io.File(((pathPrefix + java.lang.Integer.toString(counter)) + .png)): null

2018-11-22 23:13:09 - [TEST_STEP][PASSED] - Statement - counter = counter + 1: null

2018-11-22 23:13:09 - [TEST_STEP][PASSED] - Statement - PreSaveFile = new java.io.File(((pathPrefix + java.lang.Integer.toString(counter)) + .png)): null

2018-11-22 23:13:09 - [TEST_STEP][PASSED] - Statement - counter = counter + 1: null

2018-11-22 23:13:09 - [TEST_STEP][PASSED] - Statement - PreSaveFile = new java.io.File(((pathPrefix + java.lang.Integer.toString(counter)) + .png)): null

2018-11-22 23:13:09 - [TEST_STEP][PASSED] - Statement - counter = counter + 1: null

2018-11-22 23:13:09 - [TEST_STEP][PASSED] - Statement - PreSaveFile = new java.io.File(((pathPrefix + java.lang.Integer.toString(counter)) + .png)): null

2018-11-22 23:13:09 - [TEST_STEP][PASSED] - Statement - counter = counter + 1: null

2018-11-22 23:13:09 - [TEST_STEP][PASSED] - Statement - PreSaveFile = new java.io.File(((pathPrefix + java.lang.Integer.toString(counter)) + .png)): null

2018-11-22 23:13:09 - [TEST_STEP][PASSED] - Statement - counter = counter + 1: null

2018-11-22 23:13:09 - [TEST_STEP][PASSED] - Statement - PreSaveFile = new java.io.File(((pathPrefix + java.lang.Integer.toString(counter)) + .png)): null

2018-11-22 23:13:09 - [TEST_STEP][PASSED] - Statement - counter = counter + 1: null

2018-11-22 23:13:09 - [TEST_STEP][PASSED] - Statement - PreSaveFile = new java.io.File(((pathPrefix + java.lang.Integer.toString(counter)) + .png)): null

2018-11-22 23:13:09 - [TEST_STEP][PASSED] - Statement - counter = counter + 1: null

2018-11-22 23:13:09 - [TEST_STEP][PASSED] - Statement - PreSaveFile = new java.io.File(((pathPrefix + java.lang.Integer.toString(counter)) + .png)): null

2018-11-22 23:13:09 - [TEST_STEP][PASSED] - Statement - finalPath = pathPrefix + java.lang.Integer.toString(counter) + ".png": null

2018-11-22 23:13:09 - [TEST_STEP][PASSED] - Statement - SaveFile = new java.io.File(finalPath): null

2018-11-22 23:13:09 - [TEST_STEP][PASSED] - Statement - Try: null

2018-11-22 23:13:09 - [TEST_STEP][PASSED] - Statement - org.apache.commons.io.FileUtils.copyFile(scrFile, SaveFile): null

2018-11-22 23:13:09 - [TEST_STEP][PASSED] - Statement - out.println("file kept"): null

2018-11-22 23:13:09 - [TEST_STEP][PASSED] - delay: Delayed 10 second(s)

2018-11-22 23:13:19 - [MESSAGE][PASSED] - Delayed 10 second(s)

2018-11-22 23:13:19 - [MESSAGE][PASSED] - Call Test Case 'Test Cases/Final Aug 2018 - PKS Automation/Registration Module/New Registration/Submit and Screenshot/Submit Registration and Screenshot - Copy' successfully

2018-11-22 23:13:19 - [TEST_STEP][PASSED] - Statement - UpdateAddNewECode = com.kms.katalon.core.webui.keyword.WebUiBuiltInKeywords.getText(com.kms.katalon.core.testobject.ObjectRepository.findTestObject(Object Repository/Final Object Repo/Page_Update Add New Employee - ASSIST/getEmpCode)): Text of object 'Object Repository/Final Object Repo/Page_Update Add New Employee - ASSIST/getEmpCode' is: 'E1102070360M'

2018-11-22 23:13:19 - [MESSAGE][PASSED] - Text of object 'Object Repository/Final Object Repo/Page_Update Add New Employee - ASSIST/getEmpCode' is: 'E1102070360M'

2018-11-22 23:13:19 - [TEST_STEP][PASSED] - callTestCase: Call Test Case 'Test Cases/Final Aug 2018 - PKS Automation/Common/Emp Code Setter' successfully

2018-11-22 23:13:19 - [TEST_CASE][PASSED] - Test Cases/Final Aug 2018 - PKS Automation/Common/Emp Code Setter: Test Cases/Final Aug 2018 - PKS Automation/Common/Emp Code Setter

2018-11-22 23:13:19 - [TEST_STEP][PASSED] - Statement - EmpCodeOld = new java.io.File(C://Users//Admin//Desktop//PKS//Automation Reference Point//EmpCode.txt): null

2018-11-22 23:13:19 - [TEST_STEP][PASSED] - Statement - EmpCodeOld.delete(): null

2018-11-22 23:13:19 - [TEST_STEP][PASSED] - Statement - EmpCode = new java.io.File(C://Users//Admin//Desktop//PKS//Automation Reference Point//EmpCode.txt): null

2018-11-22 23:13:19 - [TEST_STEP][PASSED] - Statement - EmpCode.append(UpdateAddNewECode): null

2018-11-22 23:13:19 - [TEST_STEP][PASSED] - Statement - out.println("


" + UpdateAddNewECode + "


"): null

2018-11-22 23:13:19 - [MESSAGE][PASSED] - Call Test Case 'Test Cases/Final Aug 2018 - PKS Automation/Common/Emp Code Setter' successfully

2018-11-22 23:13:19 - [MESSAGE][PASSED] - Call Test Case 'Test Cases/Final Aug 2018 - PKS Automation/Registration Module/Workflow/Update Add New Employee/Template/New Company for Update Add New' successfully

2018-11-22 23:13:19 - [TEST_STEP][PASSED] - callTestCase: Call Test Case 'Test Cases/Final Aug 2018 - PKS Automation/Registration Module/Log Out/log out avoiding katalon tagging' successfully

2018-11-22 23:13:19 - [TEST_CASE][PASSED] - Test Cases/Final Aug 2018 - PKS Automation/Registration Module/Log Out/log out avoiding katalon tagging: Test Cases/Final Aug 2018 - PKS Automation/Registration Module/Log Out/log out avoiding katalon tagging

2018-11-22 23:13:19 - [TEST_STEP][PASSED] - navigateToUrl: Navigate to 'https://assist2-uat.perkeso.gov.my/c/portal/logout' successfully

2018-11-22 23:13:20 - [MESSAGE][PASSED] - Navigate to 'https://assist2-uat.perkeso.gov.my/c/portal/logout' successfully

2018-11-22 23:13:20 - [MESSAGE][PASSED] - Call Test Case 'Test Cases/Final Aug 2018 - PKS Automation/Registration Module/Log Out/log out avoiding katalon tagging' successfully

2018-11-22 23:13:20 - [TEST_STEP][PASSED] - callTestCase: Call Test Case 'Test Cases/Final Aug 2018 - PKS Automation/Registration Module/New Registration/Form 2/Date Updater' successfully

2018-11-22 23:13:20 - [TEST_CASE][PASSED] - Test Cases/Final Aug 2018 - PKS Automation/Registration Module/New Registration/Form 2/Date Updater: Test Cases/Final Aug 2018 - PKS Automation/Registration Module/New Registration/Form 2/Date Updater

2018-11-22 23:13:20 - [TEST_STEP][PASSED] - Statement - TodayDate = new java.util.Date(): null

2018-11-22 23:13:20 - [TEST_STEP][PASSED] - Statement - CurrentDateNoFilter = new java.text.SimpleDateFormat(): null

2018-11-22 23:13:20 - [TEST_STEP][PASSED] - Statement - CurrentDateNoFilter.applyPattern("dd"): null

2018-11-22 23:13:20 - [TEST_STEP][PASSED] - Statement - CurrentDate = CurrentDateNoFilter.format(TodayDate): null

2018-11-22 23:13:20 - [TEST_STEP][PASSED] - Statement - CurrentDate = java.lang.Integer.parseInt(CurrentDate): null

2018-11-22 23:13:20 - [TEST_STEP][PASSED] - Statement - CurrentDate = CurrentDate: null

2018-11-22 23:13:20 - [TEST_STEP][PASSED] - Statement - CurrentDay = java.lang.Integer.parseInt(CurrentDate): null

2018-11-22 23:13:20 - [TEST_STEP][PASSED] - Statement - aDayBefore = CurrentDay + 1: null

2018-11-22 23:13:20 - [TEST_STEP][PASSED] - Statement - DayBefore = aDayBefore.toString(): null

2018-11-22 23:13:20 - [TEST_STEP][PASSED] - Statement - OneDayBefore = DayBefore: null

2018-11-22 23:13:20 - [TEST_STEP][PASSED] - Statement - CurrentDateNoFilter.applyPattern("MM"): null

2018-11-22 23:13:20 - [TEST_STEP][PASSED] - Statement - monthContainerMatcher = java.lang.Integer.parseInt(CurrentDateNoFilter.format(TodayDate)): null

2018-11-22 23:13:20 - [TEST_STEP][PASSED] - Statement - monthContainerMatcher = monthContainerMatcher - 1: null

2018-11-22 23:13:20 - [TEST_STEP][PASSED] - Statement - CurrentMonth = monthContainerMatcher.toString(): null

2018-11-22 23:13:20 - [TEST_STEP][PASSED] - Statement - CurrentMonth = CurrentMonth: null

2018-11-22 23:13:20 - [TEST_STEP][PASSED] - Statement - CurrentDateNoFilter.applyPattern("yyyy"): null

2018-11-22 23:13:20 - [TEST_STEP][PASSED] - Statement - CurrentYear = CurrentDateNoFilter.format(TodayDate): null

2018-11-22 23:13:20 - [TEST_STEP][PASSED] - Statement - CurrentYear = CurrentYear: null

2018-11-22 23:13:20 - [TEST_STEP][PASSED] - Statement - intCurrentYear = java.lang.Integer.parseInt(CurrentDateNoFilter.format(TodayDate)): null

2018-11-22 23:13:20 - [TEST_STEP][PASSED] - Statement - eighteenYrsAgo = intCurrentYear - 18: null

2018-11-22 23:13:20 - [TEST_STEP][PASSED] - Statement - eighteenYrsBeforeThisYr = eighteenYrsAgo.toString(): null

2018-11-22 23:13:20 - [TEST_STEP][PASSED] - Statement - EighteenYrsBefore = eighteenYrsBeforeThisYr: null

2018-11-22 23:13:20 - [TEST_STEP][PASSED] - Statement - fiftysevenYrsAgo = intCurrentYear - 57: null

2018-11-22 23:13:20 - [TEST_STEP][PASSED] - Statement - fiftysevenYrsBeforeThisYr = fiftysevenYrsAgo.toString(): null

2018-11-22 23:13:20 - [TEST_STEP][PASSED] - Statement - FiftysevenYrsBefore = fiftysevenYrsBeforeThisYr: null

2018-11-22 23:13:20 - [MESSAGE][PASSED] - Call Test Case 'Test Cases/Final Aug 2018 - PKS Automation/Registration Module/New Registration/Form 2/Date Updater' successfully

2018-11-22 23:13:20 - [TEST_STEP][PASSED] - delay: Delayed 2 second(s)

2018-11-22 23:13:22 - [MESSAGE][PASSED] - Delayed 2 second(s)

2018-11-22 23:13:22 - [TEST_STEP][PASSED] - setText: Text 'klpkrbo2@gmail.com' is set on object 'Object Repository/Final Object Repo/Page_Update Add New Employee - ASSIST/Email TextBox'

2018-11-22 23:13:22 - [MESSAGE][PASSED] - Text 'klpkrbo2@gmail.com' is set on object 'Object Repository/Final Object Repo/Page_Update Add New Employee - ASSIST/Email TextBox'

2018-11-22 23:13:22 - [TEST_STEP][PASSED] - click: Object: 'Object Repository/Final Object Repo/Page_Update Add New Employee - ASSIST/Next Button' is clicked on

2018-11-22 23:13:22 - [MESSAGE][PASSED] - Object: 'Object Repository/Final Object Repo/Page_Update Add New Employee - ASSIST/Next Button' is clicked on

2018-11-22 23:13:22 - [TEST_STEP][PASSED] - delay: Delayed 2 second(s)

2018-11-22 23:13:24 - [MESSAGE][PASSED] - Delayed 2 second(s)

2018-11-22 23:13:24 - [TEST_STEP][PASSED] - setText: Text 'Test1@3456789' is set on object 'Object Repository/Final Object Repo/Page_Update Add New Employee - ASSIST/Password TextBox'

2018-11-22 23:13:25 - [MESSAGE][PASSED] - Text 'Test1@3456789' is set on object 'Object Repository/Final Object Repo/Page_Update Add New Employee - ASSIST/Password TextBox'

2018-11-22 23:13:25 - [TEST_STEP][PASSED] - delay: Delayed 2 second(s)

2018-11-22 23:13:27 - [MESSAGE][PASSED] - Delayed 2 second(s)

2018-11-22 23:13:27 - [TEST_STEP][PASSED] - click: Object: 'Object Repository/Final Object Repo/Page_Update Add New Employee - ASSIST/Login Button' is clicked on

2018-11-22 23:13:27 - [MESSAGE][PASSED] - Object: 'Object Repository/Final Object Repo/Page_Update Add New Employee - ASSIST/Login Button' is clicked on

2018-11-22 23:13:27 - [TEST_STEP][PASSED] - delay: Delayed 4 second(s)

2018-11-22 23:13:31 - [MESSAGE][PASSED] - Delayed 4 second(s)

2018-11-22 23:13:31 - [TEST_STEP][PASSED] - Statement - Try: Delayed 2 second(s)

2018-11-22 23:13:31 - [TEST_STEP][PASSED] - Statement - Checker = false: null

2018-11-22 23:13:31 - [TEST_STEP][PASSED] - Statement - Checker = com.kms.katalon.core.webui.keyword.WebUiBuiltInKeywords.verifyElementHasAttribute(com.kms.katalon.core.testobject.ObjectRepository.findTestObject(Final Object Repo/Landing Page/BM Detecting), "href", 20, OPTIONAL): Object 'Object Repository/Final Object Repo/Landing Page/BM Detecting' has attribute 'href'

2018-11-22 23:13:31 - [MESSAGE][PASSED] - Object 'Object Repository/Final Object Repo/Landing Page/BM Detecting' has attribute 'href'

2018-11-22 23:13:31 - [TEST_STEP][PASSED] - Statement - out.println(Checker): null

2018-11-22 23:13:31 - [TEST_STEP][PASSED] - Statement - If (Checker == false): null

2018-11-22 23:13:31 - [TEST_STEP][PASSED] - Statement - Else: null

2018-11-22 23:13:31 - [TEST_STEP][PASSED] - delay: Delayed 2 second(s)

2018-11-22 23:13:33 - [MESSAGE][PASSED] - Delayed 2 second(s)

2018-11-22 23:13:33 - [TEST_STEP][PASSED] - delay: Delayed 4 second(s)

2018-11-22 23:13:37 - [MESSAGE][PASSED] - Delayed 4 second(s)

2018-11-22 23:13:37 - [TEST_STEP][PASSED] - click: Object: 'Object Repository/Final Object Repo/Page_Update Add New Employee - ASSIST/My Sites Drop Down' is clicked on

2018-11-22 23:13:37 - [MESSAGE][PASSED] - Object: 'Object Repository/Final Object Repo/Page_Update Add New Employee - ASSIST/My Sites Drop Down' is clicked on

2018-11-22 23:13:37 - [TEST_STEP][PASSED] - click: Object: 'Object Repository/Final Object Repo/Page_Update Add New Employee - ASSIST/Select to Registration Module' is clicked on

2018-11-22 23:13:38 - [MESSAGE][PASSED] - Object: 'Object Repository/Final Object Repo/Page_Update Add New Employee - ASSIST/Select to Registration Module' is clicked on

2018-11-22 23:13:38 - [TEST_STEP][PASSED] - navigateToUrl: Navigate to 'https://assist2-uat.perkeso.gov.my/web/registration/myassist' successfully

2018-11-22 23:13:39 - [MESSAGE][PASSED] - Navigate to 'https://assist2-uat.perkeso.gov.my/web/registration/myassist' successfully

2018-11-22 23:13:39 - [TEST_STEP][PASSED] - mouseOver: Object: 'Object Repository/Final Object Repo/Page_Update Add New Employee - ASSIST/Select to Update Akta 4 Tab' is hovered

2018-11-22 23:13:39 - [MESSAGE][PASSED] - Object: 'Object Repository/Final Object Repo/Page_Update Add New Employee - ASSIST/Select to Update Akta 4 Tab' is hovered

2018-11-22 23:13:39 - [TEST_STEP][PASSED] - delay: Delayed 2 second(s)

2018-11-22 23:13:41 - [MESSAGE][PASSED] - Delayed 2 second(s)

2018-11-22 23:13:41 - [TEST_STEP][PASSED] - click: Object: 'Object Repository/Final Object Repo/Page_Update Add New Employee - ASSIST/Select to Update Add New Employee' is clicked on

2018-11-22 23:13:42 - [MESSAGE][PASSED] - Object: 'Object Repository/Final Object Repo/Page_Update Add New Employee - ASSIST/Select to Update Add New Employee' is clicked on

2018-11-22 23:13:42 - [TEST_STEP][PASSED] - delay: Delayed 2 second(s)

2018-11-22 23:13:44 - [MESSAGE][PASSED] - Delayed 2 second(s)

2018-11-22 23:13:44 - [TEST_STEP][PASSED] - setText: Text 'E1102070360M' is set on object 'Object Repository/Final Object Repo/Page_Update Add New Employee - ASSIST/Employer Code input textbox'

2018-11-22 23:13:44 - [MESSAGE][PASSED] - Text 'E1102070360M' is set on object 'Object Repository/Final Object Repo/Page_Update Add New Employee - ASSIST/Employer Code input textbox'

2018-11-22 23:13:44 - [TEST_STEP][PASSED] - delay: Delayed 2 second(s)

2018-11-22 23:13:46 - [MESSAGE][PASSED] - Delayed 2 second(s)

2018-11-22 23:13:46 - [TEST_STEP][PASSED] - click: Object: 'Object Repository/Final Object Repo/Page_Update Add New Employee - ASSIST/Search Button for Employer Code' is clicked on

2018-11-22 23:13:46 - [MESSAGE][PASSED] - Object: 'Object Repository/Final Object Repo/Page_Update Add New Employee - ASSIST/Search Button for Employer Code' is clicked on

2018-11-22 23:13:46 - [TEST_STEP][PASSED] - delay: Delayed 4 second(s)

2018-11-22 23:13:50 - [MESSAGE][PASSED] - Delayed 4 second(s)

2018-11-22 23:13:50 - [TEST_STEP][PASSED] - click: Object: 'Object Repository/Final Object Repo/Page_Update Add New Employee - ASSIST/Click to Edit Case' is clicked on

2018-11-22 23:13:53 - [MESSAGE][PASSED] - Object: 'Object Repository/Final Object Repo/Page_Update Add New Employee - ASSIST/Click to Edit Case' is clicked on

2018-11-22 23:13:53 - [TEST_STEP][PASSED] - callTestCase: Call Test Case 'Test Cases/Final Aug 2018 - PKS Automation/Registration Module/Workflow/Update Add New Employee/Template/Employee Adding/Employee Set Decider' successfully

2018-11-22 23:13:53 - [TEST_CASE][PASSED] - Test Cases/Final Aug 2018 - PKS Automation/Registration Module/Workflow/Update Add New Employee/Template/Employee Adding/Employee Set Decider: Test Cases/Final Aug 2018 - PKS Automation/Registration Module/Workflow/Update Add New Employee/Template/Employee Adding/Employee Set Decider

2018-11-22 23:13:53 - [TEST_STEP][PASSED] - delay: Delayed 4 second(s)

2018-11-22 23:13:57 - [MESSAGE][PASSED] - Delayed 4 second(s)

2018-11-22 23:13:57 - [TEST_STEP][PASSED] - click: Object: 'Object Repository/Final Object Repo/Page_Update Add New Employee - ASSIST/Add Employee Button' is clicked on

2018-11-22 23:13:57 - [MESSAGE][PASSED] - Object: 'Object Repository/Final Object Repo/Page_Update Add New Employee - ASSIST/Add Employee Button' is clicked on

2018-11-22 23:13:57 - [TEST_STEP][PASSED] - delay: Delayed 3 second(s)

2018-11-22 23:14:00 - [MESSAGE][PASSED] - Delayed 3 second(s)

2018-11-22 23:14:00 - [TEST_STEP][PASSED] - setText: Text '010903091920' is set on object 'Object Repository/Final Object Repo/Page_Update Add New Employee - ASSIST/NRIC Input'

2018-11-22 23:14:00 - [MESSAGE][PASSED] - Text '010903091920' is set on object 'Object Repository/Final Object Repo/Page_Update Add New Employee - ASSIST/NRIC Input'

2018-11-22 23:14:00 - [TEST_STEP][PASSED] - click: Object: 'Object Repository/Final Object Repo/Page_Update Add New Employee - ASSIST/button for search for IC' is clicked on

2018-11-22 23:14:00 - [MESSAGE][PASSED] - Object: 'Object Repository/Final Object Repo/Page_Update Add New Employee - ASSIST/button for search for IC' is clicked on

2018-11-22 23:14:00 - [TEST_STEP][PASSED] - delay: Delayed 2 second(s)

2018-11-22 23:14:02 - [MESSAGE][PASSED] - Delayed 2 second(s)

2018-11-22 23:14:02 - [TEST_STEP][PASSED] - sendKeys: Keys 'CONTROL + a' sent to object: 'Object Repository/Final Object Repo/Page_Update Add New Employee - ASSIST/Employee Name Input'

2018-11-22 23:14:02 - [MESSAGE][PASSED] - Keys 'CONTROL + a' sent to object: 'Object Repository/Final Object Repo/Page_Update Add New Employee - ASSIST/Employee Name Input'

2018-11-22 23:14:02 - [TEST_STEP][PASSED] - sendKeys: Keys 'CONTROL + c' sent to object: 'Object Repository/Final Object Repo/Page_Update Add New Employee - ASSIST/Employee Name Input'

2018-11-22 23:14:03 - [MESSAGE][PASSED] - Keys 'CONTROL + c' sent to object: 'Object Repository/Final Object Repo/Page_Update Add New Employee - ASSIST/Employee Name Input'

2018-11-22 23:14:03 - [TEST_STEP][PASSED] - Statement - toolkit = java.awt.Toolkit.getDefaultToolkit(): null

2018-11-22 23:14:03 - [TEST_STEP][PASSED] - Statement - clipboard = toolkit.getSystemClipboard(): null

2018-11-22 23:14:03 - [TEST_STEP][PASSED] - Statement - CurrentName = clipboard.getData(stringFlavor): null

2018-11-22 23:14:03 - [TEST_STEP][PASSED] - Statement - out.println("String from Clipboard:" + CurrentName): null

2018-11-22 23:14:03 - [TEST_STEP][PASSED] - Statement - If (CurrentName == "AUTOMATE002 ELIGIBLE 1"): null

2018-11-22 23:14:03 - [TEST_STEP][PASSED] - Statement - Else If (CurrentName == "AUTOMATE003 ELIGIBLE 1"): Call Test Case 'Test Cases/Final Aug 2018 - PKS Automation/Registration Module/Workflow/Update Add New Employee/Template/Employee Adding/Employee Adding Action Repeat IC - set 2' successfully

2018-11-22 23:14:03 - [TEST_STEP][PASSED] - callTestCase: Call Test Case 'Test Cases/Final Aug 2018 - PKS Automation/Registration Module/Workflow/Update Add New Employee/Template/Employee Adding/Employee Adding Action Repeat IC - set 2' successfully

2018-11-22 23:14:03 - [TEST_CASE][PASSED] - Test Cases/Final Aug 2018 - PKS Automation/Registration Module/Workflow/Update Add New Employee/Template/Employee Adding/Employee Adding Action Repeat IC - set 2: Test Cases/Final Aug 2018 - PKS Automation/Registration Module/Workflow/Update Add New Employee/Template/Employee Adding/Employee Adding Action Repeat IC - set 2

2018-11-22 23:14:03 - [TEST_STEP][PASSED] - setText: Text 'Automate002 eligible 1' is set on object 'Object Repository/Final Object Repo/Page_Update Add New Employee - ASSIST/Employee Name Input'

2018-11-22 23:14:03 - [MESSAGE][PASSED] - Text 'Automate002 eligible 1' is set on object 'Object Repository/Final Object Repo/Page_Update Add New Employee - ASSIST/Employee Name Input'

2018-11-22 23:14:03 - [TEST_STEP][PASSED] - delay: Delayed 2 second(s)

2018-11-22 23:14:05 - [MESSAGE][PASSED] - Delayed 2 second(s)

2018-11-22 23:14:05 - [TEST_STEP][PASSED] - click: Object: 'Object Repository/Final Object Repo/Page_Update Add New Employee - ASSIST/DatePicker Pop Up' is clicked on

2018-11-22 23:14:05 - [MESSAGE][PASSED] - Object: 'Object Repository/Final Object Repo/Page_Update Add New Employee - ASSIST/DatePicker Pop Up' is clicked on

2018-11-22 23:14:05 - [TEST_STEP][PASSED] - click: Object: 'Object Repository/Final Object Repo/Page_Update Add New Employee - ASSIST/DOB Month' is clicked on

2018-11-22 23:14:06 - [MESSAGE][PASSED] - Object: 'Object Repository/Final Object Repo/Page_Update Add New Employee - ASSIST/DOB Month' is clicked on

2018-11-22 23:14:06 - [TEST_STEP][PASSED] - Statement - CurrentMonth = CurrentMonth: null

2018-11-22 23:14:06 - [TEST_STEP][PASSED] - Statement - selectMonth = new com.kms.katalon.core.testobject.TestObject(): null

2018-11-22 23:14:06 - [TEST_STEP][PASSED] - Statement - selectMonth.addProperty("xpath", EQUALS, "//body/div/div/div/select/option[@value='" + CurrentMonth + "']", true): null

2018-11-22 23:14:06 - [TEST_STEP][PASSED] - click: Object: '' is clicked on

2018-11-22 23:14:06 - [MESSAGE][PASSED] - Object: '' is clicked on

2018-11-22 23:14:06 - [TEST_STEP][PASSED] - click: Object: 'Object Repository/Final Object Repo/Page_Update Add New Employee - ASSIST/DOB Year' is clicked on

2018-11-22 23:14:06 - [MESSAGE][PASSED] - Object: 'Object Repository/Final Object Repo/Page_Update Add New Employee - ASSIST/DOB Year' is clicked on

2018-11-22 23:14:06 - [TEST_STEP][PASSED] - Statement - Eyearsbf = EighteenYrsBefore: null

2018-11-22 23:14:06 - [TEST_STEP][PASSED] - Statement - selectYear = new com.kms.katalon.core.testobject.TestObject(): null

2018-11-22 23:14:06 - [TEST_STEP][PASSED] - Statement - selectYear.addProperty("xpath", EQUALS, "//div/div/div/select/option[@value='" + Eyearsbf + "']", true): null

2018-11-22 23:14:06 - [TEST_STEP][PASSED] - click: Object: '' is clicked on

2018-11-22 23:14:06 - [MESSAGE][PASSED] - Object: '' is clicked on

2018-11-22 23:14:06 - [TEST_STEP][PASSED] - Statement - UpdatedSelectDate = com.kms.katalon.core.webui.keyword.WebUiBuiltInKeywords.modifyObjectProperty(com.kms.katalon.core.testobject.ObjectRepository.findTestObject(Final Object Repo/Page_Update Add New Employee - ASSIST/DOB Date), "xpath", "equals", "//body/div/table/tbody/tr/td/a[text()="" + CurrentDate + ""]", true): Modify property of object successfully

2018-11-22 23:14:06 - [MESSAGE][PASSED] - Modify property of object successfully

2018-11-22 23:14:06 - [TEST_STEP][PASSED] - delay: Delayed 3 second(s)

2018-11-22 23:14:09 - [MESSAGE][PASSED] - Delayed 3 second(s)

2018-11-22 23:14:09 - [TEST_STEP][PASSED] - click: Object: 'Object Repository/Final Object Repo/Page_Update Add New Employee - ASSIST/DOB Date' is clicked on

2018-11-22 23:14:09 - [MESSAGE][PASSED] - Object: 'Object Repository/Final Object Repo/Page_Update Add New Employee - ASSIST/DOB Date' is clicked on

2018-11-22 23:14:09 - [TEST_STEP][PASSED] - delay: Delayed 2 second(s)

2018-11-22 23:14:11 - [MESSAGE][PASSED] - Delayed 2 second(s)

2018-11-22 23:14:11 - [TEST_STEP][PASSED] - click: Object: 'Object Repository/Final Object Repo/Page_Update Add New Employee - ASSIST/EmploymentStartDate Pop Up' is clicked on

2018-11-22 23:14:11 - [MESSAGE][PASSED] - Object: 'Object Repository/Final Object Repo/Page_Update Add New Employee - ASSIST/EmploymentStartDate Pop Up' is clicked on

2018-11-22 23:14:11 - [TEST_STEP][PASSED] - delay: Delayed 2 second(s)

2018-11-22 23:14:13 - [MESSAGE][PASSED] - Delayed 2 second(s)

2018-11-22 23:14:13 - [TEST_STEP][PASSED] - click: Object: 'Object Repository/Final Object Repo/Page_Update Add New Employee - ASSIST/Socso Employment StartDate Month' is clicked on

2018-11-22 23:14:14 - [MESSAGE][PASSED] - Object: 'Object Repository/Final Object Repo/Page_Update Add New Employee - ASSIST/Socso Employment StartDate Month' is clicked on

2018-11-22 23:14:14 - [TEST_STEP][PASSED] - delay: Delayed 1 second(s)

2018-11-22 23:14:15 - [MESSAGE][PASSED] - Delayed 1 second(s)

2018-11-22 23:14:15 - [TEST_STEP][PASSED] - click: Object: 'Object Repository/Final Object Repo/Page_Update Add New Employee - ASSIST/Select Socso Employement Startdate Month' is clicked on

2018-11-22 23:14:15 - [MESSAGE][PASSED] - Object: 'Object Repository/Final Object Repo/Page_Update Add New Employee - ASSIST/Select Socso Employement Startdate Month' is clicked on

2018-11-22 23:14:15 - [TEST_STEP][PASSED] - delay: Delayed 2 second(s)

2018-11-22 23:14:17 - [MESSAGE][PASSED] - Delayed 2 second(s)

2018-11-22 23:14:17 - [TEST_STEP][PASSED] - click: Object: 'Object Repository/Final Object Repo/Page_Update Add New Employee - ASSIST/Socso Employment StartDate Year' is clicked on

2018-11-22 23:14:17 - [MESSAGE][PASSED] - Object: 'Object Repository/Final Object Repo/Page_Update Add New Employee - ASSIST/Socso Employment StartDate Year' is clicked on

2018-11-22 23:14:17 - [TEST_STEP][PASSED] - delay: Delayed 1 second(s)

2018-11-22 23:14:18 - [MESSAGE][PASSED] - Delayed 1 second(s)

2018-11-22 23:14:18 - [TEST_STEP][PASSED] - click: Object: 'Object Repository/Final Object Repo/Page_Update Add New Employee - ASSIST/Select Socso Employment Startdate Year' is clicked on

2018-11-22 23:14:18 - [MESSAGE][PASSED] - Object: 'Object Repository/Final Object Repo/Page_Update Add New Employee - ASSIST/Select Socso Employment Startdate Year' is clicked on

2018-11-22 23:14:18 - [TEST_STEP][PASSED] - delay: Delayed 2 second(s)

2018-11-22 23:14:20 - [MESSAGE][PASSED] - Delayed 2 second(s)

2018-11-22 23:14:20 - [TEST_STEP][PASSED] - click: Object: 'Object Repository/Final Object Repo/Page_Update Add New Employee - ASSIST/Socso Employment Start Date Day' is clicked on

2018-11-22 23:14:20 - [MESSAGE][PASSED] - Object: 'Object Repository/Final Object Repo/Page_Update Add New Employee - ASSIST/Socso Employment Start Date Day' is clicked on

2018-11-22 23:14:20 - [TEST_STEP][PASSED] - delay: Delayed 2 second(s)

2018-11-22 23:14:22 - [MESSAGE][PASSED] - Delayed 2 second(s)

2018-11-22 23:14:22 - [TEST_STEP][PASSED] - click: Object: 'Object Repository/Final Object Repo/Page_Update Add New Employee - ASSIST/Save Button for Add Employee' is clicked on

2018-11-22 23:14:22 - [MESSAGE][PASSED] - Object: 'Object Repository/Final Object Repo/Page_Update Add New Employee - ASSIST/Save Button for Add Employee' is clicked on

2018-11-22 23:14:22 - [TEST_STEP][PASSED] - delay: Delayed 10 second(s)

2018-11-22 23:14:32 - [MESSAGE][PASSED] - Delayed 10 second(s)

2018-11-22 23:14:32 - [TEST_STEP][PASSED] - click: Object: 'Object Repository/Final Object Repo/Page_Update Add New Employee - ASSIST/Add Employee Button' is clicked on

2018-11-22 23:14:33 - [MESSAGE][PASSED] - Object: 'Object Repository/Final Object Repo/Page_Update Add New Employee - ASSIST/Add Employee Button' is clicked on

2018-11-22 23:14:33 - [TEST_STEP][PASSED] - delay: Delayed 6 second(s)

2018-11-22 23:14:39 - [MESSAGE][PASSED] - Delayed 6 second(s)

2018-11-22 23:14:39 - [TEST_STEP][PASSED] - setText: Text '620904059600' is set on object 'Object Repository/Final Object Repo/Page_Update Add New Employee - ASSIST/NRIC Input'

2018-11-22 23:14:39 - [MESSAGE][PASSED] - Text '620904059600' is set on object 'Object Repository/Final Object Repo/Page_Update Add New Employee - ASSIST/NRIC Input'

2018-11-22 23:14:39 - [TEST_STEP][PASSED] - click: Object: 'Object Repository/Final Object Repo/Page_Update Add New Employee - ASSIST/button for search for IC' is clicked on

2018-11-22 23:14:39 - [MESSAGE][PASSED] - Object: 'Object Repository/Final Object Repo/Page_Update Add New Employee - ASSIST/button for search for IC' is clicked on

2018-11-22 23:14:39 - [TEST_STEP][PASSED] - delay: Delayed 2 second(s)

2018-11-22 23:14:41 - [MESSAGE][PASSED] - Delayed 2 second(s)

2018-11-22 23:14:41 - [TEST_STEP][PASSED] - setText: Text 'Automate002 eligible 2' is set on object 'Object Repository/Final Object Repo/Page_Update Add New Employee - ASSIST/Employee Name Input'

2018-11-22 23:14:42 - [MESSAGE][PASSED] - Text 'Automate002 eligible 2' is set on object 'Object Repository/Final Object Repo/Page_Update Add New Employee - ASSIST/Employee Name Input'

2018-11-22 23:14:42 - [TEST_STEP][PASSED] - delay: Delayed 2 second(s)

2018-11-22 23:14:44 - [MESSAGE][PASSED] - Delayed 2 second(s)

2018-11-22 23:14:44 - [TEST_STEP][PASSED] - click: Object: 'Object Repository/Final Object Repo/Page_Update Add New Employee - ASSIST/DatePicker Pop Up' is clicked on

2018-11-22 23:14:44 - [MESSAGE][PASSED] - Object: 'Object Repository/Final Object Repo/Page_Update Add New Employee - ASSIST/DatePicker Pop Up' is clicked on

2018-11-22 23:14:44 - [TEST_STEP][PASSED] - delay: Delayed 2 second(s)

2018-11-22 23:14:46 - [MESSAGE][PASSED] - Delayed 2 second(s)

2018-11-22 23:14:46 - [TEST_STEP][PASSED] - click: Object: 'Object Repository/Final Object Repo/Page_Update Add New Employee - ASSIST/DOB Month' is clicked on

2018-11-22 23:14:46 - [MESSAGE][PASSED] - Object: 'Object Repository/Final Object Repo/Page_Update Add New Employee - ASSIST/DOB Month' is clicked on

2018-11-22 23:14:46 - [TEST_STEP][PASSED] - Statement - selectMonth = com.kms.katalon.core.webui.keyword.WebUiBuiltInKeywords.modifyObjectProperty(selectMonth, "xpath", "equals", "//body/div/div/div/select/option[@value="" + CurrentMonth + ""]", true): Modify property of object successfully

2018-11-22 23:14:46 - [MESSAGE][PASSED] - Modify property of object successfully

2018-11-22 23:14:46 - [TEST_STEP][PASSED] - click: Object: '' is clicked on

2018-11-22 23:14:46 - [MESSAGE][PASSED] - Object: '' is clicked on

2018-11-22 23:14:46 - [TEST_STEP][PASSED] - click: Object: 'Object Repository/Final Object Repo/Page_Update Add New Employee - ASSIST/DOB Year' is clicked on

2018-11-22 23:14:47 - [MESSAGE][PASSED] - Object: 'Object Repository/Final Object Repo/Page_Update Add New Employee - ASSIST/DOB Year' is clicked on

2018-11-22 23:14:47 - [TEST_STEP][PASSED] - Statement - selectYear = com.kms.katalon.core.webui.keyword.WebUiBuiltInKeywords.modifyObjectProperty(selectYear, "xpath", "equals", "//div/div/div/select/option[@value="" + FiftysevenYrsBefore + ""]", true): Modify property of object successfully

2018-11-22 23:14:47 - [MESSAGE][PASSED] - Modify property of object successfully

2018-11-22 23:14:47 - [TEST_STEP][PASSED] - click: Object: '' is clicked on

2018-11-22 23:14:47 - [MESSAGE][PASSED] - Object: '' is clicked on

2018-11-22 23:14:47 - [TEST_STEP][PASSED] - Statement - UpdatedSelectDate = com.kms.katalon.core.webui.keyword.WebUiBuiltInKeywords.modifyObjectProperty(com.kms.katalon.core.testobject.ObjectRepository.findTestObject(Final Object Repo/Page_Update Add New Employee - ASSIST/DOB Date), "xpath", "equals", "//body/div/table/tbody/tr/td/a[text()="" + OneDayBefore + ""]", true): Modify property of object successfully

2018-11-22 23:14:47 - [MESSAGE][PASSED] - Modify property of object successfully

2018-11-22 23:14:47 - [TEST_STEP][PASSED] - click: Object: 'Object Repository/Final Object Repo/Page_Update Add New Employee - ASSIST/DOB Date' is clicked on

2018-11-22 23:14:47 - [MESSAGE][PASSED] - Object: 'Object Repository/Final Object Repo/Page_Update Add New Employee - ASSIST/DOB Date' is clicked on

2018-11-22 23:14:47 - [TEST_STEP][PASSED] - delay: Delayed 2 second(s)

2018-11-22 23:14:49 - [MESSAGE][PASSED] - Delayed 2 second(s)

2018-11-22 23:14:49 - [TEST_STEP][PASSED] - click: Object: 'Object Repository/Final Object Repo/Page_Update Add New Employee - ASSIST/EmploymentStartDate Pop Up' is clicked on

2018-11-22 23:14:49 - [MESSAGE][PASSED] - Object: 'Object Repository/Final Object Repo/Page_Update Add New Employee - ASSIST/EmploymentStartDate Pop Up' is clicked on

2018-11-22 23:14:49 - [TEST_STEP][PASSED] - delay: Delayed 2 second(s)

2018-11-22 23:14:51 - [MESSAGE][PASSED] - Delayed 2 second(s)

2018-11-22 23:14:51 - [TEST_STEP][PASSED] - click: Object: 'Object Repository/Final Object Repo/Page_Update Add New Employee - ASSIST/Socso Employment StartDate Month' is clicked on

2018-11-22 23:14:51 - [MESSAGE][PASSED] - Object: 'Object Repository/Final Object Repo/Page_Update Add New Employee - ASSIST/Socso Employment StartDate Month' is clicked on

2018-11-22 23:14:51 - [TEST_STEP][PASSED] - delay: Delayed 1 second(s)

2018-11-22 23:14:52 - [MESSAGE][PASSED] - Delayed 1 second(s)

2018-11-22 23:14:52 - [TEST_STEP][PASSED] - click: Object: 'Object Repository/Final Object Repo/Page_Update Add New Employee - ASSIST/Select Socso Employement Startdate Month' is clicked on

2018-11-22 23:14:52 - [MESSAGE][PASSED] - Object: 'Object Repository/Final Object Repo/Page_Update Add New Employee - ASSIST/Select Socso Employement Startdate Month' is clicked on

2018-11-22 23:14:52 - [TEST_STEP][PASSED] - delay: Delayed 2 second(s)

2018-11-22 23:14:54 - [MESSAGE][PASSED] - Delayed 2 second(s)

2018-11-22 23:14:54 - [TEST_STEP][PASSED] - click: Object: 'Object Repository/Final Object Repo/Page_Update Add New Employee - ASSIST/Socso Employment StartDate Year' is clicked on

2018-11-22 23:14:55 - [MESSAGE][PASSED] - Object: 'Object Repository/Final Object Repo/Page_Update Add New Employee - ASSIST/Socso Employment StartDate Year' is clicked on

2018-11-22 23:14:55 - [TEST_STEP][PASSED] - delay: Delayed 1 second(s)

2018-11-22 23:14:56 - [MESSAGE][PASSED] - Delayed 1 second(s)

2018-11-22 23:14:56 - [TEST_STEP][PASSED] - click: Object: 'Object Repository/Final Object Repo/Page_Update Add New Employee - ASSIST/Select Socso Employment Startdate Year' is clicked on

2018-11-22 23:14:56 - [MESSAGE][PASSED] - Object: 'Object Repository/Final Object Repo/Page_Update Add New Employee - ASSIST/Select Socso Employment Startdate Year' is clicked on

2018-11-22 23:14:56 - [TEST_STEP][PASSED] - delay: Delayed 2 second(s)

2018-11-22 23:14:58 - [MESSAGE][PASSED] - Delayed 2 second(s)

2018-11-22 23:14:58 - [TEST_STEP][PASSED] - click: Object: 'Object Repository/Final Object Repo/Page_Update Add New Employee - ASSIST/Socso Employment Start Date Day' is clicked on

2018-11-22 23:14:58 - [MESSAGE][PASSED] - Object: 'Object Repository/Final Object Repo/Page_Update Add New Employee - ASSIST/Socso Employment Start Date Day' is clicked on

2018-11-22 23:14:58 - [TEST_STEP][PASSED] - delay: Delayed 2 second(s)

2018-11-22 23:15:00 - [MESSAGE][PASSED] - Delayed 2 second(s)

2018-11-22 23:15:00 - [TEST_STEP][PASSED] - click: Object: 'Object Repository/Final Object Repo/Page_Update Add New Employee - ASSIST/Save Button for Add Employee' is clicked on

2018-11-22 23:15:00 - [MESSAGE][PASSED] - Object: 'Object Repository/Final Object Repo/Page_Update Add New Employee - ASSIST/Save Button for Add Employee' is clicked on

2018-11-22 23:15:00 - [TEST_STEP][PASSED] - delay: Delayed 5 second(s)

2018-11-22 23:15:05 - [MESSAGE][PASSED] - Delayed 5 second(s)

2018-11-22 23:15:05 - [TEST_STEP][PASSED] - waitForElementClickable: Object 'Object Repository/Final Object Repo/Page_Update Add New Employee - ASSIST/Add Employee Button' is clickable

2018-11-22 23:15:05 - [MESSAGE][PASSED] - Object 'Object Repository/Final Object Repo/Page_Update Add New Employee - ASSIST/Add Employee Button' is clickable

2018-11-22 23:15:05 - [TEST_STEP][PASSED] - click: Object: 'Object Repository/Final Object Repo/Page_Update Add New Employee - ASSIST/Add Employee Button' is clicked on

2018-11-22 23:15:05 - [MESSAGE][PASSED] - Object: 'Object Repository/Final Object Repo/Page_Update Add New Employee - ASSIST/Add Employee Button' is clicked on

2018-11-22 23:15:05 - [TEST_STEP][PASSED] - delay: Delayed 4 second(s)

2018-11-22 23:15:09 - [MESSAGE][PASSED] - Delayed 4 second(s)

2018-11-22 23:15:09 - [TEST_STEP][PASSED] - setText: Text '000209039100' is set on object 'Object Repository/Final Object Repo/Page_Update Add New Employee - ASSIST/NRIC Input'

2018-11-22 23:15:10 - [MESSAGE][PASSED] - Text '000209039100' is set on object 'Object Repository/Final Object Repo/Page_Update Add New Employee - ASSIST/NRIC Input'

2018-11-22 23:15:10 - [TEST_STEP][PASSED] - click: Object: 'Object Repository/Final Object Repo/Page_Update Add New Employee - ASSIST/button for search for IC' is clicked on

2018-11-22 23:15:10 - [MESSAGE][PASSED] - Object: 'Object Repository/Final Object Repo/Page_Update Add New Employee - ASSIST/button for search for IC' is clicked on

2018-11-22 23:15:10 - [TEST_STEP][PASSED] - delay: Delayed 2 second(s)

2018-11-22 23:15:12 - [MESSAGE][PASSED] - Delayed 2 second(s)

2018-11-22 23:15:12 - [TEST_STEP][PASSED] - setText: Text 'Automate002 not eligible 1' is set on object 'Object Repository/Final Object Repo/Page_Update Add New Employee - ASSIST/Employee Name Input'

2018-11-22 23:15:12 - [MESSAGE][PASSED] - Text 'Automate002 not eligible 1' is set on object 'Object Repository/Final Object Repo/Page_Update Add New Employee - ASSIST/Employee Name Input'

2018-11-22 23:15:12 - [TEST_STEP][PASSED] - delay: Delayed 2 second(s)

2018-11-22 23:15:14 - [MESSAGE][PASSED] - Delayed 2 second(s)

2018-11-22 23:15:14 - [TEST_STEP][PASSED] - click: Object: 'Object Repository/Final Object Repo/Page_Update Add New Employee - ASSIST/DatePicker Pop Up' is clicked on

2018-11-22 23:15:15 - [MESSAGE][PASSED] - Object: 'Object Repository/Final Object Repo/Page_Update Add New Employee - ASSIST/DatePicker Pop Up' is clicked on

2018-11-22 23:15:15 - [TEST_STEP][PASSED] - delay: Delayed 2 second(s)

2018-11-22 23:15:17 - [MESSAGE][PASSED] - Delayed 2 second(s)

2018-11-22 23:15:17 - [TEST_STEP][PASSED] - click: Object: 'Object Repository/Final Object Repo/Page_Update Add New Employee - ASSIST/DOB Month' is clicked on

2018-11-22 23:15:17 - [MESSAGE][PASSED] - Object: 'Object Repository/Final Object Repo/Page_Update Add New Employee - ASSIST/DOB Month' is clicked on

2018-11-22 23:15:17 - [TEST_STEP][PASSED] - Statement - selectMonth = com.kms.katalon.core.webui.keyword.WebUiBuiltInKeywords.modifyObjectProperty(selectMonth, "xpath", "equals", "//body/div/div/div/select/option[@value="" + CurrentMonth + ""]", true): Modify property of object successfully

2018-11-22 23:15:17 - [MESSAGE][PASSED] - Modify property of object successfully

2018-11-22 23:15:17 - [TEST_STEP][PASSED] - click: Object: '' is clicked on

2018-11-22 23:15:17 - [MESSAGE][PASSED] - Object: '' is clicked on

2018-11-22 23:15:17 - [TEST_STEP][PASSED] - click: Object: 'Object Repository/Final Object Repo/Page_Update Add New Employee - ASSIST/DOB Year' is clicked on

2018-11-22 23:15:17 - [MESSAGE][PASSED] - Object: 'Object Repository/Final Object Repo/Page_Update Add New Employee - ASSIST/DOB Year' is clicked on

2018-11-22 23:15:17 - [TEST_STEP][PASSED] - Statement - selectYear = com.kms.katalon.core.webui.keyword.WebUiBuiltInKeywords.modifyObjectProperty(selectYear, "xpath", "equals", "//div/div/div/select/option[@value="" + EighteenYrsBefore + ""]", true): Modify property of object successfully

2018-11-22 23:15:17 - [MESSAGE][PASSED] - Modify property of object successfully

2018-11-22 23:15:17 - [TEST_STEP][PASSED] - click: Object: '' is clicked on

2018-11-22 23:15:17 - [MESSAGE][PASSED] - Object: '' is clicked on

2018-11-22 23:15:17 - [TEST_STEP][PASSED] - Statement - UpdatedSelectDate = com.kms.katalon.core.webui.keyword.WebUiBuiltInKeywords.modifyObjectProperty(com.kms.katalon.core.testobject.ObjectRepository.findTestObject(Final Object Repo/Page_Update Add New Employee - ASSIST/DOB Date), "xpath", "equals", "//body/div/table/tbody/tr/td/a[text()="" + OneDayBefore + ""]", true): Modify property of object successfully

2018-11-22 23:15:17 - [MESSAGE][PASSED] - Modify property of object successfully

2018-11-22 23:15:17 - [TEST_STEP][PASSED] - click: Object: 'Object Repository/Final Object Repo/Page_Update Add New Employee - ASSIST/DOB Date' is clicked on

2018-11-22 23:15:17 - [MESSAGE][PASSED] - Object: 'Object Repository/Final Object Repo/Page_Update Add New Employee - ASSIST/DOB Date' is clicked on

2018-11-22 23:15:17 - [TEST_STEP][PASSED] - delay: Delayed 2 second(s)

2018-11-22 23:15:19 - [MESSAGE][PASSED] - Delayed 2 second(s)

2018-11-22 23:15:19 - [TEST_STEP][PASSED] - click: Object: 'Object Repository/Final Object Repo/Page_Update Add New Employee - ASSIST/EmploymentStartDate Pop Up' is clicked on

2018-11-22 23:15:20 - [MESSAGE][PASSED] - Object: 'Object Repository/Final Object Repo/Page_Update Add New Employee - ASSIST/EmploymentStartDate Pop Up' is clicked on

2018-11-22 23:15:20 - [TEST_STEP][PASSED] - delay: Delayed 2 second(s)

2018-11-22 23:15:22 - [MESSAGE][PASSED] - Delayed 2 second(s)

2018-11-22 23:15:22 - [TEST_STEP][PASSED] - click: Object: 'Object Repository/Final Object Repo/Page_Update Add New Employee - ASSIST/Socso Employment StartDate Month' is clicked on

2018-11-22 23:15:22 - [MESSAGE][PASSED] - Object: 'Object Repository/Final Object Repo/Page_Update Add New Employee - ASSIST/Socso Employment StartDate Month' is clicked on

2018-11-22 23:15:22 - [TEST_STEP][PASSED] - delay: Delayed 1 second(s)

2018-11-22 23:15:23 - [MESSAGE][PASSED] - Delayed 1 second(s)

2018-11-22 23:15:23 - [TEST_STEP][PASSED] - click: Object: 'Object Repository/Final Object Repo/Page_Update Add New Employee - ASSIST/Select Socso Employement Startdate Month' is clicked on

2018-11-22 23:15:23 - [MESSAGE][PASSED] - Object: 'Object Repository/Final Object Repo/Page_Update Add New Employee - ASSIST/Select Socso Employement Startdate Month' is clicked on

2018-11-22 23:15:23 - [TEST_STEP][PASSED] - delay: Delayed 2 second(s)

2018-11-22 23:15:25 - [MESSAGE][PASSED] - Delayed 2 second(s)

2018-11-22 23:15:25 - [TEST_STEP][PASSED] - click: Object: 'Object Repository/Final Object Repo/Page_Update Add New Employee - ASSIST/Socso Employment StartDate Year' is clicked on

2018-11-22 23:15:25 - [MESSAGE][PASSED] - Object: 'Object Repository/Final Object Repo/Page_Update Add New Employee - ASSIST/Socso Employment StartDate Year' is clicked on

2018-11-22 23:15:25 - [TEST_STEP][PASSED] - delay: Delayed 1 second(s)

2018-11-22 23:15:26 - [MESSAGE][PASSED] - Delayed 1 second(s)

2018-11-22 23:15:26 - [TEST_STEP][PASSED] - click: Object: 'Object Repository/Final Object Repo/Page_Update Add New Employee - ASSIST/Select Socso Employment Startdate Year' is clicked on

2018-11-22 23:15:26 - [MESSAGE][PASSED] - Object: 'Object Repository/Final Object Repo/Page_Update Add New Employee - ASSIST/Select Socso Employment Startdate Year' is clicked on

2018-11-22 23:15:26 - [TEST_STEP][PASSED] - delay: Delayed 2 second(s)

2018-11-22 23:15:28 - [MESSAGE][PASSED] - Delayed 2 second(s)

2018-11-22 23:15:28 - [TEST_STEP][PASSED] - click: Object: 'Object Repository/Final Object Repo/Page_Update Add New Employee - ASSIST/Socso Employment Start Date Day' is clicked on

2018-11-22 23:15:28 - [MESSAGE][PASSED] - Object: 'Object Repository/Final Object Repo/Page_Update Add New Employee - ASSIST/Socso Employment Start Date Day' is clicked on

2018-11-22 23:15:28 - [TEST_STEP][PASSED] - delay: Delayed 2 second(s)

2018-11-22 23:15:30 - [MESSAGE][PASSED] - Delayed 2 second(s)

2018-11-22 23:15:30 - [TEST_STEP][PASSED] - click: Object: 'Object Repository/Final Object Repo/Page_Update Add New Employee - ASSIST/Save Button for Add Employee' is clicked on

2018-11-22 23:15:31 - [MESSAGE][PASSED] - Object: 'Object Repository/Final Object Repo/Page_Update Add New Employee - ASSIST/Save Button for Add Employee' is clicked on

2018-11-22 23:15:31 - [TEST_STEP][PASSED] - delay: Delayed 20 second(s)

2018-11-22 23:15:51 - [MESSAGE][PASSED] - Delayed 20 second(s)

2018-11-22 23:15:51 - [TEST_STEP][PASSED] - click: Object: 'Object Repository/Final Object Repo/Page_Update Add New Employee - ASSIST/Add Employee Button' is clicked on

2018-11-22 23:15:51 - [MESSAGE][PASSED] - Object: 'Object Repository/Final Object Repo/Page_Update Add New Employee - ASSIST/Add Employee Button' is clicked on

2018-11-22 23:15:51 - [TEST_STEP][PASSED] - delay: Delayed 4 second(s)

2018-11-22 23:15:55 - [MESSAGE][PASSED] - Delayed 4 second(s)

2018-11-22 23:15:55 - [TEST_STEP][PASSED] - setText: Text '600203039104' is set on object 'Object Repository/Final Object Repo/Page_Update Add New Employee - ASSIST/NRIC Input'

2018-11-22 23:15:55 - [MESSAGE][PASSED] - Text '600203039104' is set on object 'Object Repository/Final Object Repo/Page_Update Add New Employee - ASSIST/NRIC Input'

2018-11-22 23:15:55 - [TEST_STEP][PASSED] - click: Object: 'Object Repository/Final Object Repo/Page_Update Add New Employee - ASSIST/button for search for IC' is clicked on

2018-11-22 23:15:55 - [MESSAGE][PASSED] - Object: 'Object Repository/Final Object Repo/Page_Update Add New Employee - ASSIST/button for search for IC' is clicked on

2018-11-22 23:15:55 - [TEST_STEP][PASSED] - delay: Delayed 2 second(s)

2018-11-22 23:15:57 - [MESSAGE][PASSED] - Delayed 2 second(s)

2018-11-22 23:15:57 - [TEST_STEP][PASSED] - setText: Text 'Automate002 not eligible 2' is set on object 'Object Repository/Final Object Repo/Page_Update Add New Employee - ASSIST/Employee Name Input'

2018-11-22 23:15:58 - [MESSAGE][PASSED] - Text 'Automate002 not eligible 2' is set on object 'Object Repository/Final Object Repo/Page_Update Add New Employee - ASSIST/Employee Name Input'

2018-11-22 23:15:58 - [TEST_STEP][PASSED] - delay: Delayed 2 second(s)

2018-11-22 23:16:00 - [MESSAGE][PASSED] - Delayed 2 second(s)

2018-11-22 23:16:00 - [TEST_STEP][PASSED] - click: Object: 'Object Repository/Final Object Repo/Page_Update Add New Employee - ASSIST/DatePicker Pop Up' is clicked on

2018-11-22 23:16:00 - [MESSAGE][PASSED] - Object: 'Object Repository/Final Object Repo/Page_Update Add New Employee - ASSIST/DatePicker Pop Up' is clicked on

2018-11-22 23:16:00 - [TEST_STEP][PASSED] - delay: Delayed 2 second(s)

2018-11-22 23:16:02 - [MESSAGE][PASSED] - Delayed 2 second(s)

2018-11-22 23:16:02 - [TEST_STEP][PASSED] - click: Object: 'Object Repository/Final Object Repo/Page_Update Add New Employee - ASSIST/DOB Month' is clicked on

2018-11-22 23:16:02 - [MESSAGE][PASSED] - Object: 'Object Repository/Final Object Repo/Page_Update Add New Employee - ASSIST/DOB Month' is clicked on

2018-11-22 23:16:02 - [TEST_STEP][PASSED] - Statement - selectMonth = com.kms.katalon.core.webui.keyword.WebUiBuiltInKeywords.modifyObjectProperty(selectMonth, "xpath", "equals", "//body/div/div/div/select/option[@value="" + CurrentMonth + ""]", true): Modify property of object successfully

2018-11-22 23:16:02 - [MESSAGE][PASSED] - Modify property of object successfully

2018-11-22 23:16:02 - [TEST_STEP][PASSED] - click: Object: '' is clicked on

2018-11-22 23:16:03 - [MESSAGE][PASSED] - Object: '' is clicked on

2018-11-22 23:16:03 - [TEST_STEP][PASSED] - click: Object: 'Object Repository/Final Object Repo/Page_Update Add New Employee - ASSIST/DOB Year' is clicked on

2018-11-22 23:16:03 - [MESSAGE][PASSED] - Object: 'Object Repository/Final Object Repo/Page_Update Add New Employee - ASSIST/DOB Year' is clicked on

2018-11-22 23:16:03 - [TEST_STEP][PASSED] - Statement - selectYear = com.kms.katalon.core.webui.keyword.WebUiBuiltInKeywords.modifyObjectProperty(selectYear, "xpath", "equals", "//div/div/div/select/option[@value="" + FiftysevenYrsBefore + ""]", true): Modify property of object successfully

2018-11-22 23:16:03 - [MESSAGE][PASSED] - Modify property of object successfully

2018-11-22 23:16:03 - [TEST_STEP][PASSED] - click: Object: '' is clicked on

2018-11-22 23:16:03 - [MESSAGE][PASSED] - Object: '' is clicked on

2018-11-22 23:16:03 - [TEST_STEP][PASSED] - Statement - UpdatedSelectDate = com.kms.katalon.core.webui.keyword.WebUiBuiltInKeywords.modifyObjectProperty(com.kms.katalon.core.testobject.ObjectRepository.findTestObject(Final Object Repo/Page_Update Add New Employee - ASSIST/DOB Date), "xpath", "equals", "//body/div/table/tbody/tr/td/a[text()="" + CurrentDate + ""]", true): Modify property of object successfully

2018-11-22 23:16:03 - [MESSAGE][PASSED] - Modify property of object successfully

2018-11-22 23:16:03 - [TEST_STEP][PASSED] - click: Object: 'Object Repository/Final Object Repo/Page_Update Add New Employee - ASSIST/DOB Date' is clicked on

2018-11-22 23:16:03 - [MESSAGE][PASSED] - Object: 'Object Repository/Final Object Repo/Page_Update Add New Employee - ASSIST/DOB Date' is clicked on

2018-11-22 23:16:03 - [TEST_STEP][PASSED] - click: Object: 'Object Repository/Final Object Repo/Page_Update Add New Employee - ASSIST/EmploymentStartDate Pop Up' is clicked on

2018-11-22 23:16:03 - [MESSAGE][PASSED] - Object: 'Object Repository/Final Object Repo/Page_Update Add New Employee - ASSIST/EmploymentStartDate Pop Up' is clicked on

2018-11-22 23:16:03 - [TEST_STEP][PASSED] - delay: Delayed 2 second(s)

2018-11-22 23:16:05 - [MESSAGE][PASSED] - Delayed 2 second(s)

2018-11-22 23:16:05 - [TEST_STEP][PASSED] - click: Object: 'Object Repository/Final Object Repo/Page_Update Add New Employee - ASSIST/Socso Employment StartDate Month' is clicked on

2018-11-22 23:16:05 - [MESSAGE][PASSED] - Object: 'Object Repository/Final Object Repo/Page_Update Add New Employee - ASSIST/Socso Employment StartDate Month' is clicked on

2018-11-22 23:16:05 - [TEST_STEP][PASSED] - delay: Delayed 1 second(s)

2018-11-22 23:16:06 - [MESSAGE][PASSED] - Delayed 1 second(s)

2018-11-22 23:16:06 - [TEST_STEP][PASSED] - click: Object: 'Object Repository/Final Object Repo/Page_Update Add New Employee - ASSIST/Select Socso Employement Startdate Month' is clicked on

2018-11-22 23:16:07 - [MESSAGE][PASSED] - Object: 'Object Repository/Final Object Repo/Page_Update Add New Employee - ASSIST/Select Socso Employement Startdate Month' is clicked on

2018-11-22 23:16:07 - [TEST_STEP][PASSED] - delay: Delayed 2 second(s)

2018-11-22 23:16:09 - [MESSAGE][PASSED] - Delayed 2 second(s)

2018-11-22 23:16:09 - [TEST_STEP][PASSED] - click: Object: 'Object Repository/Final Object Repo/Page_Update Add New Employee - ASSIST/Socso Employment StartDate Year' is clicked on

2018-11-22 23:16:09 - [MESSAGE][PASSED] - Object: 'Object Repository/Final Object Repo/Page_Update Add New Employee - ASSIST/Socso Employment StartDate Year' is clicked on

2018-11-22 23:16:09 - [TEST_STEP][PASSED] - delay: Delayed 1 second(s)

2018-11-22 23:16:10 - [MESSAGE][PASSED] - Delayed 1 second(s)

2018-11-22 23:16:10 - [TEST_STEP][PASSED] - click: Object: 'Object Repository/Final Object Repo/Page_Update Add New Employee - ASSIST/Select Socso Employment Startdate Year' is clicked on

2018-11-22 23:16:10 - [MESSAGE][PASSED] - Object: 'Object Repository/Final Object Repo/Page_Update Add New Employee - ASSIST/Select Socso Employment Startdate Year' is clicked on

2018-11-22 23:16:10 - [TEST_STEP][PASSED] - delay: Delayed 2 second(s)

2018-11-22 23:16:12 - [MESSAGE][PASSED] - Delayed 2 second(s)

2018-11-22 23:16:12 - [TEST_STEP][PASSED] - click: Object: 'Object Repository/Final Object Repo/Page_Update Add New Employee - ASSIST/Socso Employment Start Date Day' is clicked on

2018-11-22 23:16:12 - [MESSAGE][PASSED] - Object: 'Object Repository/Final Object Repo/Page_Update Add New Employee - ASSIST/Socso Employment Start Date Day' is clicked on

2018-11-22 23:16:12 - [TEST_STEP][PASSED] - delay: Delayed 2 second(s)

2018-11-22 23:16:14 - [MESSAGE][PASSED] - Delayed 2 second(s)

2018-11-22 23:16:14 - [TEST_STEP][PASSED] - click: Object: 'Object Repository/Final Object Repo/Page_Update Add New Employee - ASSIST/Save Button for Add Employee' is clicked on

2018-11-22 23:16:14 - [MESSAGE][PASSED] - Object: 'Object Repository/Final Object Repo/Page_Update Add New Employee - ASSIST/Save Button for Add Employee' is clicked on

2018-11-22 23:16:14 - [MESSAGE][PASSED] - Call Test Case 'Test Cases/Final Aug 2018 - PKS Automation/Registration Module/Workflow/Update Add New Employee/Template/Employee Adding/Employee Adding Action Repeat IC - set 2' successfully

2018-11-22 23:16:14 - [MESSAGE][PASSED] - Call Test Case 'Test Cases/Final Aug 2018 - PKS Automation/Registration Module/Workflow/Update Add New Employee/Template/Employee Adding/Employee Set Decider' successfully

2018-11-22 23:16:14 - [TEST_STEP][PASSED] - delay: Delayed 4 second(s)

2018-11-22 23:16:18 - [MESSAGE][PASSED] - Delayed 4 second(s)

2018-11-22 23:16:18 - [TEST_STEP][PASSED] - Statement - CaseReferenceNo = com.kms.katalon.core.webui.keyword.WebUiBuiltInKeywords.getText(com.kms.katalon.core.testobject.ObjectRepository.findTestObject(Final Object Repo/Page_Update Add New Employee - ASSIST/RefNo)): Text of object 'Object Repository/Final Object Repo/Page_Update Add New Employee - ASSIST/RefNo' is: 'CAN11201800002170'

2018-11-22 23:16:18 - [MESSAGE][PASSED] - Text of object 'Object Repository/Final Object Repo/Page_Update Add New Employee - ASSIST/RefNo' is: 'CAN11201800002170'

2018-11-22 23:16:18 - [TEST_STEP][PASSED] - callTestCase: Call Test Case 'Test Cases/Final Aug 2018 - PKS Automation/Common/Reference Number Setter' successfully

2018-11-22 23:16:18 - [TEST_CASE][PASSED] - Test Cases/Final Aug 2018 - PKS Automation/Common/Reference Number Setter: Test Cases/Final Aug 2018 - PKS Automation/Common/Reference Number Setter

2018-11-22 23:16:18 - [TEST_STEP][PASSED] - Statement - RefNoOldFile = new java.io.File(C://Users//Admin//Desktop//PKS//Automation Reference Point//KatalonReference.txt): null

2018-11-22 23:16:18 - [TEST_STEP][PASSED] - Statement - RefNoOldFile.delete(): null

2018-11-22 23:16:18 - [TEST_STEP][PASSED] - delay: Delayed 5 second(s)

2018-11-22 23:16:23 - [MESSAGE][PASSED] - Delayed 5 second(s)

2018-11-22 23:16:23 - [TEST_STEP][PASSED] - Statement - RefNo = new java.io.File(C://Users//Admin//Desktop//PKS//Automation Reference Point//KatalonReference.txt): null

2018-11-22 23:16:23 - [TEST_STEP][PASSED] - Statement - f2 = new java.io.FileWriter(RefNo, false): null

2018-11-22 23:16:23 - [TEST_STEP][PASSED] - Statement - f2.write(CaseReferenceNo): null

2018-11-22 23:16:23 - [TEST_STEP][PASSED] - Statement - f2.close(): null

2018-11-22 23:16:23 - [TEST_STEP][PASSED] - Statement - out.println("


" + CaseReferenceNo + "


"): null

2018-11-22 23:16:23 - [MESSAGE][PASSED] - Call Test Case 'Test Cases/Final Aug 2018 - PKS Automation/Common/Reference Number Setter' successfully

2018-11-22 23:16:23 - [TEST_STEP][PASSED] - delay: Delayed 5 second(s)

2018-11-22 23:16:28 - [MESSAGE][PASSED] - Delayed 5 second(s)

2018-11-22 23:16:28 - [TEST_STEP][PASSED] - click: Object: 'Object Repository/Final Object Repo/Page_Update Add New Employee - ASSIST/Save  Continue Button' is clicked on

2018-11-22 23:16:29 - [MESSAGE][PASSED] - Object: 'Object Repository/Final Object Repo/Page_Update Add New Employee - ASSIST/Save  Continue Button' is clicked on

2018-11-22 23:16:29 - [TEST_STEP][PASSED] - delay: Delayed 4 second(s)

2018-11-22 23:16:33 - [MESSAGE][PASSED] - Delayed 4 second(s)

2018-11-22 23:16:33 - [TEST_STEP][PASSED] - click: Object: 'Object Repository/Final Object Repo/Page_Update Add New Employee - ASSIST/Save  Continue Third Screen' is clicked on

2018-11-22 23:16:36 - [MESSAGE][PASSED] - Object: 'Object Repository/Final Object Repo/Page_Update Add New Employee - ASSIST/Save  Continue Third Screen' is clicked on

2018-11-22 23:16:36 - [TEST_STEP][PASSED] - delay: Delayed 4 second(s)

2018-11-22 23:16:40 - [MESSAGE][PASSED] - Delayed 4 second(s)

2018-11-22 23:16:40 - [TEST_STEP][PASSED] - click: Object: 'Object Repository/Final Object Repo/Page_Update Add New Employee - ASSIST/Save   Continue Supporting Doc Page' is clicked on

2018-11-22 23:16:40 - [MESSAGE][PASSED] - Object: 'Object Repository/Final Object Repo/Page_Update Add New Employee - ASSIST/Save   Continue Supporting Doc Page' is clicked on

2018-11-22 23:16:40 - [TEST_STEP][PASSED] - delay: Delayed 4 second(s)

2018-11-22 23:16:44 - [MESSAGE][PASSED] - Delayed 4 second(s)

2018-11-22 23:16:44 - [TEST_STEP][PASSED] - click: Object: 'Object Repository/Final Object Repo/Page_Update Add New Employee - ASSIST/Submit Button' is clicked on

2018-11-22 23:16:44 - [MESSAGE][PASSED] - Object: 'Object Repository/Final Object Repo/Page_Update Add New Employee - ASSIST/Submit Button' is clicked on

2018-11-22 23:16:44 - [TEST_STEP][PASSED] - delay: Delayed 4 second(s)

2018-11-22 23:16:48 - [MESSAGE][PASSED] - Delayed 4 second(s)

2018-11-22 23:16:48 - [TEST_STEP][PASSED] - click: Object: 'Object Repository/Final Object Repo/Page_Update Add New Employee - ASSIST/Confirm Submit Button' is clicked on

2018-11-22 23:16:48 - [MESSAGE][PASSED] - Object: 'Object Repository/Final Object Repo/Page_Update Add New Employee - ASSIST/Confirm Submit Button' is clicked on

2018-11-22 23:16:48 - [TEST_STEP][PASSED] - delay: Delayed 30 second(s)

2018-11-22 23:17:18 - [MESSAGE][PASSED] - Delayed 30 second(s)

2018-11-22 23:17:18 - [TEST_STEP][PASSED] - callTestCase: Call Test Case 'Test Cases/Final Aug 2018 - PKS Automation/Common/Screenshoting tool' successfully

2018-11-22 23:17:18 - [TEST_CASE][PASSED] - Test Cases/Final Aug 2018 - PKS Automation/Common/Screenshoting tool: Test Cases/Final Aug 2018 - PKS Automation/Common/Screenshoting tool

2018-11-22 23:17:18 - [TEST_STEP][PASSED] - delay: Delayed 15 second(s)

2018-11-22 23:17:33 - [MESSAGE][PASSED] - Delayed 15 second(s)

2018-11-22 23:17:33 - [TEST_STEP][PASSED] - Statement - driver = com.kms.katalon.core.webui.driver.DriverFactory.getWebDriver(): null

2018-11-22 23:17:33 - [TEST_STEP][PASSED] - Statement - driver.manage().timeouts().implicitlyWait(10, SECONDS): null

2018-11-22 23:17:33 - [TEST_STEP][PASSED] - Statement - PresavePath = KatalonScreenshots: null

2018-11-22 23:17:33 - [TEST_STEP][PASSED] - Statement - pathPrefix = "C:\Users\Public\Pictures\Sample Pictures\Katalon Screenshots\Automate Ending Screen": null

2018-11-22 23:17:33 - [TEST_STEP][PASSED] - Statement - finalPath = <not implemented yet for class: org.codehaus.groovy.ast.expr.EmptyExpression>: null

2018-11-22 23:17:33 - [TEST_STEP][PASSED] - Statement - scrFile = driver.getScreenshotAs(FILE): null

2018-11-22 23:17:34 - [TEST_STEP][PASSED] - Statement - PreSaveFile = new java.io.File(PresavePath): null

2018-11-22 23:17:34 - [TEST_STEP][PASSED] - Statement - counter = 0: null

2018-11-22 23:17:34 - [TEST_STEP][PASSED] - Statement - If (PreSaveFile.exists()): null

2018-11-22 23:17:34 - [TEST_STEP][PASSED] - Statement - While (PreSaveFile.exists()): null

2018-11-22 23:17:34 - [TEST_STEP][PASSED] - Statement - counter = counter + 1: null

2018-11-22 23:17:34 - [TEST_STEP][PASSED] - Statement - PreSaveFile = new java.io.File(((pathPrefix + java.lang.Integer.toString(counter)) + .png)): null

2018-11-22 23:17:34 - [TEST_STEP][PASSED] - Statement - counter = counter + 1: null

2018-11-22 23:17:34 - [TEST_STEP][PASSED] - Statement - PreSaveFile = new java.io.File(((pathPrefix + java.lang.Integer.toString(counter)) + .png)): null

2018-11-22 23:17:34 - [TEST_STEP][PASSED] - Statement - counter = counter + 1: null

2018-11-22 23:17:34 - [TEST_STEP][PASSED] - Statement - PreSaveFile = new java.io.File(((pathPrefix + java.lang.Integer.toString(counter)) + .png)): null

2018-11-22 23:17:34 - [TEST_STEP][PASSED] - Statement - counter = counter + 1: null

2018-11-22 23:17:34 - [TEST_STEP][PASSED] - Statement - PreSaveFile = new java.io.File(((pathPrefix + java.lang.Integer.toString(counter)) + .png)): null

2018-11-22 23:17:34 - [TEST_STEP][PASSED] - Statement - counter = counter + 1: null

2018-11-22 23:17:34 - [TEST_STEP][PASSED] - Statement - PreSaveFile = new java.io.File(((pathPrefix + java.lang.Integer.toString(counter)) + .png)): null

2018-11-22 23:17:34 - [TEST_STEP][PASSED] - Statement - counter = counter + 1: null

2018-11-22 23:17:34 - [TEST_STEP][PASSED] - Statement - PreSaveFile = new java.io.File(((pathPrefix + java.lang.Integer.toString(counter)) + .png)): null

2018-11-22 23:17:34 - [TEST_STEP][PASSED] - Statement - counter = counter + 1: null

2018-11-22 23:17:34 - [TEST_STEP][PASSED] - Statement - PreSaveFile = new java.io.File(((pathPrefix + java.lang.Integer.toString(counter)) + .png)): null

2018-11-22 23:17:34 - [TEST_STEP][PASSED] - Statement - counter = counter + 1: null

2018-11-22 23:17:34 - [TEST_STEP][PASSED] - Statement - PreSaveFile = new java.io.File(((pathPrefix + java.lang.Integer.toString(counter)) + .png)): null

2018-11-22 23:17:34 - [TEST_STEP][PASSED] - Statement - counter = counter + 1: null

2018-11-22 23:17:34 - [TEST_STEP][PASSED] - Statement - PreSaveFile = new java.io.File(((pathPrefix + java.lang.Integer.toString(counter)) + .png)): null

2018-11-22 23:17:34 - [TEST_STEP][PASSED] - Statement - counter = counter + 1: null

2018-11-22 23:17:34 - [TEST_STEP][PASSED] - Statement - PreSaveFile = new java.io.File(((pathPrefix + java.lang.Integer.toString(counter)) + .png)): null

2018-11-22 23:17:34 - [TEST_STEP][PASSED] - Statement - counter = counter + 1: null

2018-11-22 23:17:34 - [TEST_STEP][PASSED] - Statement - PreSaveFile = new java.io.File(((pathPrefix + java.lang.Integer.toString(counter)) + .png)): null

2018-11-22 23:17:34 - [TEST_STEP][PASSED] - Statement - counter = counter + 1: null

2018-11-22 23:17:34 - [TEST_STEP][PASSED] - Statement - PreSaveFile = new java.io.File(((pathPrefix + java.lang.Integer.toString(counter)) + .png)): null

2018-11-22 23:17:34 - [TEST_STEP][PASSED] - Statement - counter = counter + 1: null

2018-11-22 23:17:34 - [TEST_STEP][PASSED] - Statement - PreSaveFile = new java.io.File(((pathPrefix + java.lang.Integer.toString(counter)) + .png)): null

2018-11-22 23:17:34 - [TEST_STEP][PASSED] - Statement - counter = counter + 1: null

2018-11-22 23:17:34 - [TEST_STEP][PASSED] - Statement - PreSaveFile = new java.io.File(((pathPrefix + java.lang.Integer.toString(counter)) + .png)): null

2018-11-22 23:17:34 - [TEST_STEP][PASSED] - Statement - counter = counter + 1: null

2018-11-22 23:17:34 - [TEST_STEP][PASSED] - Statement - PreSaveFile = new java.io.File(((pathPrefix + java.lang.Integer.toString(counter)) + .png)): null

2018-11-22 23:17:34 - [TEST_STEP][PASSED] - Statement - counter = counter + 1: null

2018-11-22 23:17:34 - [TEST_STEP][PASSED] - Statement - PreSaveFile = new java.io.File(((pathPrefix + java.lang.Integer.toString(counter)) + .png)): null

2018-11-22 23:17:34 - [TEST_STEP][PASSED] - Statement - counter = counter + 1: null

2018-11-22 23:17:34 - [TEST_STEP][PASSED] - Statement - PreSaveFile = new java.io.File(((pathPrefix + java.lang.Integer.toString(counter)) + .png)): null

2018-11-22 23:17:34 - [TEST_STEP][PASSED] - Statement - counter = counter + 1: null

2018-11-22 23:17:34 - [TEST_STEP][PASSED] - Statement - PreSaveFile = new java.io.File(((pathPrefix + java.lang.Integer.toString(counter)) + .png)): null

2018-11-22 23:17:34 - [TEST_STEP][PASSED] - Statement - counter = counter + 1: null

2018-11-22 23:17:34 - [TEST_STEP][PASSED] - Statement - PreSaveFile = new java.io.File(((pathPrefix + java.lang.Integer.toString(counter)) + .png)): null

2018-11-22 23:17:34 - [TEST_STEP][PASSED] - Statement - counter = counter + 1: null

2018-11-22 23:17:34 - [TEST_STEP][PASSED] - Statement - PreSaveFile = new java.io.File(((pathPrefix + java.lang.Integer.toString(counter)) + .png)): null

2018-11-22 23:17:34 - [TEST_STEP][PASSED] - Statement - counter = counter + 1: null

2018-11-22 23:17:34 - [TEST_STEP][PASSED] - Statement - PreSaveFile = new java.io.File(((pathPrefix + java.lang.Integer.toString(counter)) + .png)): null

2018-11-22 23:17:34 - [TEST_STEP][PASSED] - Statement - counter = counter + 1: null

2018-11-22 23:17:34 - [TEST_STEP][PASSED] - Statement - PreSaveFile = new java.io.File(((pathPrefix + java.lang.Integer.toString(counter)) + .png)): null

2018-11-22 23:17:34 - [TEST_STEP][PASSED] - Statement - counter = counter + 1: null

2018-11-22 23:17:34 - [TEST_STEP][PASSED] - Statement - PreSaveFile = new java.io.File(((pathPrefix + java.lang.Integer.toString(counter)) + .png)): null

2018-11-22 23:17:34 - [TEST_STEP][PASSED] - Statement - counter = counter + 1: null

2018-11-22 23:17:34 - [TEST_STEP][PASSED] - Statement - PreSaveFile = new java.io.File(((pathPrefix + java.lang.Integer.toString(counter)) + .png)): null

2018-11-22 23:17:34 - [TEST_STEP][PASSED] - Statement - counter = counter + 1: null

2018-11-22 23:17:34 - [TEST_STEP][PASSED] - Statement - PreSaveFile = new java.io.File(((pathPrefix + java.lang.Integer.toString(counter)) + .png)): null

2018-11-22 23:17:34 - [TEST_STEP][PASSED] - Statement - counter = counter + 1: null

2018-11-22 23:17:34 - [TEST_STEP][PASSED] - Statement - PreSaveFile = new java.io.File(((pathPrefix + java.lang.Integer.toString(counter)) + .png)): null

2018-11-22 23:17:34 - [TEST_STEP][PASSED] - Statement - counter = counter + 1: null

2018-11-22 23:17:34 - [TEST_STEP][PASSED] - Statement - PreSaveFile = new java.io.File(((pathPrefix + java.lang.Integer.toString(counter)) + .png)): null

2018-11-22 23:17:34 - [TEST_STEP][PASSED] - Statement - counter = counter + 1: null

2018-11-22 23:17:34 - [TEST_STEP][PASSED] - Statement - PreSaveFile = new java.io.File(((pathPrefix + java.lang.Integer.toString(counter)) + .png)): null

2018-11-22 23:17:34 - [TEST_STEP][PASSED] - Statement - counter = counter + 1: null

2018-11-22 23:17:34 - [TEST_STEP][PASSED] - Statement - PreSaveFile = new java.io.File(((pathPrefix + java.lang.Integer.toString(counter)) + .png)): null

2018-11-22 23:17:34 - [TEST_STEP][PASSED] - Statement - counter = counter + 1: null

2018-11-22 23:17:34 - [TEST_STEP][PASSED] - Statement - PreSaveFile = new java.io.File(((pathPrefix + java.lang.Integer.toString(counter)) + .png)): null

2018-11-22 23:17:34 - [TEST_STEP][PASSED] - Statement - counter = counter + 1: null

2018-11-22 23:17:34 - [TEST_STEP][PASSED] - Statement - PreSaveFile = new java.io.File(((pathPrefix + java.lang.Integer.toString(counter)) + .png)): null

2018-11-22 23:17:34 - [TEST_STEP][PASSED] - Statement - counter = counter + 1: null

2018-11-22 23:17:34 - [TEST_STEP][PASSED] - Statement - PreSaveFile = new java.io.File(((pathPrefix + java.lang.Integer.toString(counter)) + .png)): null

2018-11-22 23:17:34 - [TEST_STEP][PASSED] - Statement - counter = counter + 1: null

2018-11-22 23:17:34 - [TEST_STEP][PASSED] - Statement - PreSaveFile = new java.io.File(((pathPrefix + java.lang.Integer.toString(counter)) + .png)): null

2018-11-22 23:17:34 - [TEST_STEP][PASSED] - Statement - counter = counter + 1: null

2018-11-22 23:17:34 - [TEST_STEP][PASSED] - Statement - PreSaveFile = new java.io.File(((pathPrefix + java.lang.Integer.toString(counter)) + .png)): null

2018-11-22 23:17:34 - [TEST_STEP][PASSED] - Statement - counter = counter + 1: null

2018-11-22 23:17:34 - [TEST_STEP][PASSED] - Statement - PreSaveFile = new java.io.File(((pathPrefix + java.lang.Integer.toString(counter)) + .png)): null

2018-11-22 23:17:34 - [TEST_STEP][PASSED] - Statement - counter = counter + 1: null

2018-11-22 23:17:34 - [TEST_STEP][PASSED] - Statement - PreSaveFile = new java.io.File(((pathPrefix + java.lang.Integer.toString(counter)) + .png)): null

2018-11-22 23:17:34 - [TEST_STEP][PASSED] - Statement - counter = counter + 1: null

2018-11-22 23:17:34 - [TEST_STEP][PASSED] - Statement - PreSaveFile = new java.io.File(((pathPrefix + java.lang.Integer.toString(counter)) + .png)): null

2018-11-22 23:17:34 - [TEST_STEP][PASSED] - Statement - counter = counter + 1: null

2018-11-22 23:17:34 - [TEST_STEP][PASSED] - Statement - PreSaveFile = new java.io.File(((pathPrefix + java.lang.Integer.toString(counter)) + .png)): null

2018-11-22 23:17:34 - [TEST_STEP][PASSED] - Statement - counter = counter + 1: null

2018-11-22 23:17:34 - [TEST_STEP][PASSED] - Statement - PreSaveFile = new java.io.File(((pathPrefix + java.lang.Integer.toString(counter)) + .png)): null

2018-11-22 23:17:34 - [TEST_STEP][PASSED] - Statement - counter = counter + 1: null

2018-11-22 23:17:34 - [TEST_STEP][PASSED] - Statement - PreSaveFile = new java.io.File(((pathPrefix + java.lang.Integer.toString(counter)) + .png)): null

2018-11-22 23:17:34 - [TEST_STEP][PASSED] - Statement - counter = counter + 1: null

2018-11-22 23:17:34 - [TEST_STEP][PASSED] - Statement - PreSaveFile = new java.io.File(((pathPrefix + java.lang.Integer.toString(counter)) + .png)): null

2018-11-22 23:17:34 - [TEST_STEP][PASSED] - Statement - counter = counter + 1: null

2018-11-22 23:17:34 - [TEST_STEP][PASSED] - Statement - PreSaveFile = new java.io.File(((pathPrefix + java.lang.Integer.toString(counter)) + .png)): null

2018-11-22 23:17:34 - [TEST_STEP][PASSED] - Statement - counter = counter + 1: null

2018-11-22 23:17:34 - [TEST_STEP][PASSED] - Statement - PreSaveFile = new java.io.File(((pathPrefix + java.lang.Integer.toString(counter)) + .png)): null

2018-11-22 23:17:34 - [TEST_STEP][PASSED] - Statement - counter = counter + 1: null

2018-11-22 23:17:34 - [TEST_STEP][PASSED] - Statement - PreSaveFile = new java.io.File(((pathPrefix + java.lang.Integer.toString(counter)) + .png)): null

2018-11-22 23:17:34 - [TEST_STEP][PASSED] - Statement - counter = counter + 1: null

2018-11-22 23:17:34 - [TEST_STEP][PASSED] - Statement - PreSaveFile = new java.io.File(((pathPrefix + java.lang.Integer.toString(counter)) + .png)): null

2018-11-22 23:17:34 - [TEST_STEP][PASSED] - Statement - counter = counter + 1: null

2018-11-22 23:17:34 - [TEST_STEP][PASSED] - Statement - PreSaveFile = new java.io.File(((pathPrefix + java.lang.Integer.toString(counter)) + .png)): null

2018-11-22 23:17:34 - [TEST_STEP][PASSED] - Statement - counter = counter + 1: null

2018-11-22 23:17:34 - [TEST_STEP][PASSED] - Statement - PreSaveFile = new java.io.File(((pathPrefix + java.lang.Integer.toString(counter)) + .png)): null

2018-11-22 23:17:34 - [TEST_STEP][PASSED] - Statement - counter = counter + 1: null

2018-11-22 23:17:34 - [TEST_STEP][PASSED] - Statement - PreSaveFile = new java.io.File(((pathPrefix + java.lang.Integer.toString(counter)) + .png)): null

2018-11-22 23:17:34 - [TEST_STEP][PASSED] - Statement - counter = counter + 1: null

2018-11-22 23:17:34 - [TEST_STEP][PASSED] - Statement - PreSaveFile = new java.io.File(((pathPrefix + java.lang.Integer.toString(counter)) + .png)): null

2018-11-22 23:17:34 - [TEST_STEP][PASSED] - Statement - counter = counter + 1: null

2018-11-22 23:17:34 - [TEST_STEP][PASSED] - Statement - PreSaveFile = new java.io.File(((pathPrefix + java.lang.Integer.toString(counter)) + .png)): null

2018-11-22 23:17:34 - [TEST_STEP][PASSED] - Statement - counter = counter + 1: null

2018-11-22 23:17:34 - [TEST_STEP][PASSED] - Statement - PreSaveFile = new java.io.File(((pathPrefix + java.lang.Integer.toString(counter)) + .png)): null

2018-11-22 23:17:34 - [TEST_STEP][PASSED] - Statement - counter = counter + 1: null

2018-11-22 23:17:34 - [TEST_STEP][PASSED] - Statement - PreSaveFile = new java.io.File(((pathPrefix + java.lang.Integer.toString(counter)) + .png)): null

2018-11-22 23:17:34 - [TEST_STEP][PASSED] - Statement - counter = counter + 1: null

2018-11-22 23:17:34 - [TEST_STEP][PASSED] - Statement - PreSaveFile = new java.io.File(((pathPrefix + java.lang.Integer.toString(counter)) + .png)): null

2018-11-22 23:17:34 - [TEST_STEP][PASSED] - Statement - counter = counter + 1: null

2018-11-22 23:17:34 - [TEST_STEP][PASSED] - Statement - PreSaveFile = new java.io.File(((pathPrefix + java.lang.Integer.toString(counter)) + .png)): null

2018-11-22 23:17:34 - [TEST_STEP][PASSED] - Statement - counter = counter + 1: null

2018-11-22 23:17:34 - [TEST_STEP][PASSED] - Statement - PreSaveFile = new java.io.File(((pathPrefix + java.lang.Integer.toString(counter)) + .png)): null

2018-11-22 23:17:34 - [TEST_STEP][PASSED] - Statement - counter = counter + 1: null

2018-11-22 23:17:34 - [TEST_STEP][PASSED] - Statement - PreSaveFile = new java.io.File(((pathPrefix + java.lang.Integer.toString(counter)) + .png)): null

2018-11-22 23:17:34 - [TEST_STEP][PASSED] - Statement - counter = counter + 1: null

2018-11-22 23:17:34 - [TEST_STEP][PASSED] - Statement - PreSaveFile = new java.io.File(((pathPrefix + java.lang.Integer.toString(counter)) + .png)): null

2018-11-22 23:17:34 - [TEST_STEP][PASSED] - Statement - counter = counter + 1: null

2018-11-22 23:17:34 - [TEST_STEP][PASSED] - Statement - PreSaveFile = new java.io.File(((pathPrefix + java.lang.Integer.toString(counter)) + .png)): null

2018-11-22 23:17:34 - [TEST_STEP][PASSED] - Statement - counter = counter + 1: null

2018-11-22 23:17:34 - [TEST_STEP][PASSED] - Statement - PreSaveFile = new java.io.File(((pathPrefix + java.lang.Integer.toString(counter)) + .png)): null

2018-11-22 23:17:34 - [TEST_STEP][PASSED] - Statement - counter = counter + 1: null

2018-11-22 23:17:34 - [TEST_STEP][PASSED] - Statement - PreSaveFile = new java.io.File(((pathPrefix + java.lang.Integer.toString(counter)) + .png)): null

2018-11-22 23:17:34 - [TEST_STEP][PASSED] - Statement - counter = counter + 1: null

2018-11-22 23:17:34 - [TEST_STEP][PASSED] - Statement - PreSaveFile = new java.io.File(((pathPrefix + java.lang.Integer.toString(counter)) + .png)): null

2018-11-22 23:17:34 - [TEST_STEP][PASSED] - Statement - counter = counter + 1: null

2018-11-22 23:17:34 - [TEST_STEP][PASSED] - Statement - PreSaveFile = new java.io.File(((pathPrefix + java.lang.Integer.toString(counter)) + .png)): null

2018-11-22 23:17:34 - [TEST_STEP][PASSED] - Statement - counter = counter + 1: null

2018-11-22 23:17:34 - [TEST_STEP][PASSED] - Statement - PreSaveFile = new java.io.File(((pathPrefix + java.lang.Integer.toString(counter)) + .png)): null

2018-11-22 23:17:34 - [TEST_STEP][PASSED] - Statement - counter = counter + 1: null

2018-11-22 23:17:34 - [TEST_STEP][PASSED] - Statement - PreSaveFile = new java.io.File(((pathPrefix + java.lang.Integer.toString(counter)) + .png)): null

2018-11-22 23:17:34 - [TEST_STEP][PASSED] - Statement - counter = counter + 1: null

2018-11-22 23:17:34 - [TEST_STEP][PASSED] - Statement - PreSaveFile = new java.io.File(((pathPrefix + java.lang.Integer.toString(counter)) + .png)): null

2018-11-22 23:17:34 - [TEST_STEP][PASSED] - Statement - counter = counter + 1: null

2018-11-22 23:17:34 - [TEST_STEP][PASSED] - Statement - PreSaveFile = new java.io.File(((pathPrefix + java.lang.Integer.toString(counter)) + .png)): null

2018-11-22 23:17:34 - [TEST_STEP][PASSED] - Statement - counter = counter + 1: null

2018-11-22 23:17:34 - [TEST_STEP][PASSED] - Statement - PreSaveFile = new java.io.File(((pathPrefix + java.lang.Integer.toString(counter)) + .png)): null

2018-11-22 23:17:34 - [TEST_STEP][PASSED] - Statement - counter = counter + 1: null

2018-11-22 23:17:34 - [TEST_STEP][PASSED] - Statement - PreSaveFile = new java.io.File(((pathPrefix + java.lang.Integer.toString(counter)) + .png)): null

2018-11-22 23:17:34 - [TEST_STEP][PASSED] - Statement - counter = counter + 1: null

2018-11-22 23:17:34 - [TEST_STEP][PASSED] - Statement - PreSaveFile = new java.io.File(((pathPrefix + java.lang.Integer.toString(counter)) + .png)): null

2018-11-22 23:17:34 - [TEST_STEP][PASSED] - Statement - counter = counter + 1: null

2018-11-22 23:17:34 - [TEST_STEP][PASSED] - Statement - PreSaveFile = new java.io.File(((pathPrefix + java.lang.Integer.toString(counter)) + .png)): null

2018-11-22 23:17:34 - [TEST_STEP][PASSED] - Statement - counter = counter + 1: null

2018-11-22 23:17:34 - [TEST_STEP][PASSED] - Statement - PreSaveFile = new java.io.File(((pathPrefix + java.lang.Integer.toString(counter)) + .png)): null

2018-11-22 23:17:34 - [TEST_STEP][PASSED] - Statement - counter = counter + 1: null

2018-11-22 23:17:34 - [TEST_STEP][PASSED] - Statement - PreSaveFile = new java.io.File(((pathPrefix + java.lang.Integer.toString(counter)) + .png)): null

2018-11-22 23:17:34 - [TEST_STEP][PASSED] - Statement - counter = counter + 1: null

2018-11-22 23:17:34 - [TEST_STEP][PASSED] - Statement - PreSaveFile = new java.io.File(((pathPrefix + java.lang.Integer.toString(counter)) + .png)): null

2018-11-22 23:17:34 - [TEST_STEP][PASSED] - Statement - counter = counter + 1: null

2018-11-22 23:17:34 - [TEST_STEP][PASSED] - Statement - PreSaveFile = new java.io.File(((pathPrefix + java.lang.Integer.toString(counter)) + .png)): null

2018-11-22 23:17:34 - [TEST_STEP][PASSED] - Statement - counter = counter + 1: null

2018-11-22 23:17:34 - [TEST_STEP][PASSED] - Statement - PreSaveFile = new java.io.File(((pathPrefix + java.lang.Integer.toString(counter)) + .png)): null

2018-11-22 23:17:34 - [TEST_STEP][PASSED] - Statement - counter = counter + 1: null

2018-11-22 23:17:34 - [TEST_STEP][PASSED] - Statement - PreSaveFile = new java.io.File(((pathPrefix + java.lang.Integer.toString(counter)) + .png)): null

2018-11-22 23:17:34 - [TEST_STEP][PASSED] - Statement - counter = counter + 1: null

2018-11-22 23:17:34 - [TEST_STEP][PASSED] - Statement - PreSaveFile = new java.io.File(((pathPrefix + java.lang.Integer.toString(counter)) + .png)): null

2018-11-22 23:17:34 - [TEST_STEP][PASSED] - Statement - counter = counter + 1: null

2018-11-22 23:17:34 - [TEST_STEP][PASSED] - Statement - PreSaveFile = new java.io.File(((pathPrefix + java.lang.Integer.toString(counter)) + .png)): null

2018-11-22 23:17:34 - [TEST_STEP][PASSED] - Statement - counter = counter + 1: null

2018-11-22 23:17:34 - [TEST_STEP][PASSED] - Statement - PreSaveFile = new java.io.File(((pathPrefix + java.lang.Integer.toString(counter)) + .png)): null

2018-11-22 23:17:34 - [TEST_STEP][PASSED] - Statement - counter = counter + 1: null

2018-11-22 23:17:34 - [TEST_STEP][PASSED] - Statement - PreSaveFile = new java.io.File(((pathPrefix + java.lang.Integer.toString(counter)) + .png)): null

2018-11-22 23:17:34 - [TEST_STEP][PASSED] - Statement - finalPath = pathPrefix + java.lang.Integer.toString(counter) + ".png": null

2018-11-22 23:17:34 - [TEST_STEP][PASSED] - Statement - SaveFile = new java.io.File(finalPath): null

2018-11-22 23:17:34 - [TEST_STEP][PASSED] - Statement - Try: null

2018-11-22 23:17:34 - [TEST_STEP][PASSED] - Statement - org.apache.commons.io.FileUtils.copyFile(scrFile, SaveFile): null

2018-11-22 23:17:34 - [TEST_STEP][PASSED] - Statement - out.println("file kept"): null

2018-11-22 23:17:34 - [TEST_STEP][PASSED] - delay: Delayed 10 second(s)

2018-11-22 23:17:44 - [MESSAGE][PASSED] - Delayed 10 second(s)

2018-11-22 23:17:44 - [MESSAGE][PASSED] - Call Test Case 'Test Cases/Final Aug 2018 - PKS Automation/Common/Screenshoting tool' successfully

2018-11-22 23:17:44 - [TEST_STEP][PASSED] - callTestCase: Call Test Case 'Test Cases/Final Aug 2018 - PKS Automation/Registration Module/Log Out/log out avoiding katalon tagging' successfully

2018-11-22 23:17:44 - [TEST_CASE][PASSED] - Test Cases/Final Aug 2018 - PKS Automation/Registration Module/Log Out/log out avoiding katalon tagging: Test Cases/Final Aug 2018 - PKS Automation/Registration Module/Log Out/log out avoiding katalon tagging

2018-11-22 23:17:44 - [TEST_STEP][PASSED] - navigateToUrl: Navigate to 'https://assist2-uat.perkeso.gov.my/c/portal/logout' successfully

2018-11-22 23:17:45 - [MESSAGE][PASSED] - Navigate to 'https://assist2-uat.perkeso.gov.my/c/portal/logout' successfully

2018-11-22 23:17:45 - [MESSAGE][PASSED] - Call Test Case 'Test Cases/Final Aug 2018 - PKS Automation/Registration Module/Log Out/log out avoiding katalon tagging' successfully

2018-11-22 23:17:45 - [TEST_STEP][FAILED] - callTestCase: Unable to call Test Case with id 'Test Cases/Final Aug 2018 - PKS Automation/Common/Workflow Owner Finder' (Root cause: Call Test Case 'Test Cases/Final Aug 2018 - PKS Automation/Common/Workflow Owner Finder' failed)

2018-11-22 23:17:45 - [TEST_CASE][FAILED] - Test Cases/Final Aug 2018 - PKS Automation/Common/Workflow Owner Finder: Test Cases/Final Aug 2018 - PKS Automation/Common/Workflow Owner Finder FAILED because (of) (Stack trace: com.kms.katalon.core.exception.StepFailedException: Unable to click on object 'Object Repository/Final Object Repo/Landing Page/Select to English' (Root cause: com.kms.katalon.core.webui.exception.WebElementNotFoundException: Web element with id: 'Object Repository/Final Object Repo/Landing Page/Select to English' located by 'By.xpath: //a[@class = 'taglib-language-list-text' and @lang = 'en-US' and (contains(text(), 'EN') or contains(., 'EN'))]' not found)
	at com.kms.katalon.core.keyword.internal.KeywordMain.stepFailed(KeywordMain.groovy:32)
	at com.kms.katalon.core.webui.keyword.internal.WebUIKeywordMain.stepFailed(WebUIKeywordMain.groovy:65)
	at com.kms.katalon.core.webui.keyword.internal.WebUIKeywordMain.runKeyword(WebUIKeywordMain.groovy:27)
	at com.kms.katalon.core.webui.keyword.builtin.ClickKeyword.click(ClickKeyword.groovy:86)
	at com.kms.katalon.core.webui.keyword.builtin.ClickKeyword.execute(ClickKeyword.groovy:67)
	at com.kms.katalon.core.keyword.internal.KeywordExecutor.executeKeywordForPlatform(KeywordExecutor.groovy:53)
	at com.kms.katalon.core.webui.keyword.WebUiBuiltInKeywords.click(WebUiBuiltInKeywords.groovy:604)
	at com.kms.katalon.core.webui.keyword.WebUiBuiltInKeywords$click$6.call(Unknown Source)
	at Script1534407542420.run(Script1534407542420.groovy:57)
	at com.kms.katalon.core.main.ScriptEngine.run(ScriptEngine.java:183)
	at com.kms.katalon.core.main.ScriptEngine.runScriptAsRawText(ScriptEngine.java:108)
	at com.kms.katalon.core.main.TestCaseExecutor.runScript(TestCaseExecutor.java:294)
	at com.kms.katalon.core.main.TestCaseExecutor.doExecute(TestCaseExecutor.java:285)
	at com.kms.katalon.core.main.TestCaseExecutor.processExecutionPhase(TestCaseExecutor.java:264)
	at com.kms.katalon.core.main.TestCaseExecutor.accessMainPhase(TestCaseExecutor.java:256)
	at com.kms.katalon.core.main.TestCaseExecutor.execute(TestCaseExecutor.java:200)
	at com.kms.katalon.core.main.TestCaseMain.runTestCase(TestCaseMain.java:99)
	at com.kms.katalon.core.keyword.builtin.CallTestCaseKeyword$_callTestCase_closure1.doCall(CallTestCaseKeyword.groovy:60)
	at com.kms.katalon.core.keyword.builtin.CallTestCaseKeyword$_callTestCase_closure1.call(CallTestCaseKeyword.groovy)
	at com.kms.katalon.core.keyword.internal.KeywordMain.runKeyword(KeywordMain.groovy:54)
	at com.kms.katalon.core.keyword.builtin.CallTestCaseKeyword.callTestCase(CallTestCaseKeyword.groovy:81)
	at com.kms.katalon.core.keyword.builtin.CallTestCaseKeyword.execute(CallTestCaseKeyword.groovy:45)
	at com.kms.katalon.core.keyword.internal.KeywordExecutor.executeKeywordForPlatform(KeywordExecutor.groovy:53)
	at com.kms.katalon.core.keyword.BuiltinKeywords.callTestCase(BuiltinKeywords.groovy:334)
	at sun.reflect.GeneratedMethodAccessor13.invoke(Unknown Source)
	at sun.reflect.DelegatingMethodAccessorImpl.invoke(DelegatingMethodAccessorImpl.java:43)
	at java.lang.reflect.Method.invoke(Method.java:498)
	at org.codehaus.groovy.reflection.CachedMethod.invoke(CachedMethod.java:93)
	at groovy.lang.MetaMethod.doMethodInvoke(MetaMethod.java:325)
	at groovy.lang.MetaClassImpl.invokeStaticMethod(MetaClassImpl.java:1469)
	at org.codehaus.groovy.runtime.callsite.StaticMetaClassSite.call(StaticMetaClassSite.java:53)
	at org.codehaus.groovy.runtime.callsite.CallSiteArray.defaultCall(CallSiteArray.java:48)
	at org.codehaus.groovy.runtime.callsite.AbstractCallSite.call(AbstractCallSite.java:113)
	at org.codehaus.groovy.runtime.callsite.AbstractCallSite.call(AbstractCallSite.java:141)
	at Script1536116130372.run(Script1536116130372.groovy:121)
	at com.kms.katalon.core.main.ScriptEngine.run(ScriptEngine.java:183)
	at com.kms.katalon.core.main.ScriptEngine.runScriptAsRawText(ScriptEngine.java:108)
	at com.kms.katalon.core.main.TestCaseExecutor.runScript(TestCaseExecutor.java:294)
	at com.kms.katalon.core.main.TestCaseExecutor.doExecute(TestCaseExecutor.java:285)
	at com.kms.katalon.core.main.TestCaseExecutor.processExecutionPhase(TestCaseExecutor.java:264)
	at com.kms.katalon.core.main.TestCaseExecutor.accessMainPhase(TestCaseExecutor.java:256)
	at com.kms.katalon.core.main.TestCaseExecutor.execute(TestCaseExecutor.java:200)
	at com.kms.katalon.core.main.TestSuiteExecutor.accessTestCaseMainPhase(TestSuiteExecutor.java:129)
	at com.kms.katalon.core.main.TestSuiteExecutor.accessTestSuiteMainPhase(TestSuiteExecutor.java:112)
	at com.kms.katalon.core.main.TestSuiteExecutor.execute(TestSuiteExecutor.java:81)
	at com.kms.katalon.core.main.TestCaseMain.startTestSuite(TestCaseMain.java:142)
	at com.kms.katalon.core.main.TestCaseMain$startTestSuite$0.call(Unknown Source)
	at org.codehaus.groovy.runtime.callsite.CallSiteArray.defaultCall(CallSiteArray.java:48)
	at org.codehaus.groovy.runtime.callsite.AbstractCallSite.call(AbstractCallSite.java:113)
	at org.codehaus.groovy.runtime.callsite.AbstractCallSite.call(AbstractCallSite.java:141)
	at TempTestSuite1542874456666.run(TempTestSuite1542874456666.groovy:36)
	at groovy.lang.GroovyShell.runScriptOrMainOrTestOrRunnable(GroovyShell.java:263)
	at groovy.lang.GroovyShell.run(GroovyShell.java:518)
	at groovy.lang.GroovyShell.run(GroovyShell.java:507)
	at groovy.ui.GroovyMain.processOnce(GroovyMain.java:653)
	at groovy.ui.GroovyMain.run(GroovyMain.java:384)
	at groovy.ui.GroovyMain.process(GroovyMain.java:370)
	at groovy.ui.GroovyMain.processArgs(GroovyMain.java:129)
	at groovy.ui.GroovyMain.main(GroovyMain.java:109)
	at sun.reflect.NativeMethodAccessorImpl.invoke0(Native Method)
	at sun.reflect.NativeMethodAccessorImpl.invoke(NativeMethodAccessorImpl.java:62)
	at sun.reflect.DelegatingMethodAccessorImpl.invoke(DelegatingMethodAccessorImpl.java:43)
	at java.lang.reflect.Method.invoke(Method.java:498)
	at org.codehaus.groovy.tools.GroovyStarter.rootLoader(GroovyStarter.java:109)
	at org.codehaus.groovy.tools.GroovyStarter.main(GroovyStarter.java:131)
)

2018-11-22 23:17:45 - [TEST_STEP][PASSED] - openBrowser: Browser is opened with url: ''

2018-11-22 23:17:45 - [MESSAGE][WARNING] - A browser is already opened. Closing browser and opening a new one

2018-11-22 23:17:49 - [MESSAGE][PASSED] - Browser is opened with url: ''

2018-11-22 23:17:49 - [TEST_STEP][PASSED] - navigateToUrl: Navigate to 'https://assist2-uat.perkeso.gov.my/login' successfully

2018-11-22 23:17:50 - [MESSAGE][PASSED] - Navigate to 'https://assist2-uat.perkeso.gov.my/login' successfully

2018-11-22 23:17:50 - [TEST_STEP][PASSED] - delay: Delayed 5 second(s)

2018-11-22 23:17:55 - [MESSAGE][PASSED] - Delayed 5 second(s)

2018-11-22 23:17:55 - [TEST_STEP][PASSED] - setText: Text 'test@liferay.com' is set on object 'Object Repository/Final Object Repo/Login Page/Internal User/Email Address'

2018-11-22 23:17:55 - [MESSAGE][PASSED] - Text 'test@liferay.com' is set on object 'Object Repository/Final Object Repo/Login Page/Internal User/Email Address'

2018-11-22 23:17:55 - [TEST_STEP][PASSED] - click: Object: 'Object Repository/Final Object Repo/Login Page/Internal User/Next Button' is clicked on

2018-11-22 23:17:55 - [MESSAGE][PASSED] - Object: 'Object Repository/Final Object Repo/Login Page/Internal User/Next Button' is clicked on

2018-11-22 23:17:55 - [TEST_STEP][PASSED] - delay: Delayed 2 second(s)

2018-11-22 23:17:57 - [MESSAGE][PASSED] - Delayed 2 second(s)

2018-11-22 23:17:57 - [TEST_STEP][PASSED] - setText: Text 'test' is set on object 'Object Repository/Final Object Repo/Login Page/Internal User/Password'

2018-11-22 23:17:58 - [MESSAGE][PASSED] - Text 'test' is set on object 'Object Repository/Final Object Repo/Login Page/Internal User/Password'

2018-11-22 23:17:58 - [TEST_STEP][PASSED] - delay: Delayed 2 second(s)

2018-11-22 23:18:00 - [MESSAGE][PASSED] - Delayed 2 second(s)

2018-11-22 23:18:00 - [TEST_STEP][PASSED] - click: Object: 'Object Repository/Final Object Repo/Login Page/Internal User/Login Button' is clicked on

2018-11-22 23:18:00 - [MESSAGE][PASSED] - Object: 'Object Repository/Final Object Repo/Login Page/Internal User/Login Button' is clicked on

2018-11-22 23:18:00 - [TEST_STEP][FAILED] - Statement - Try: Delayed 2 second(s)

2018-11-22 23:18:00 - [TEST_STEP][PASSED] - Statement - Checker = false: null

2018-11-22 23:18:00 - [TEST_STEP][PASSED] - Statement - Checker = com.kms.katalon.core.webui.keyword.WebUiBuiltInKeywords.verifyElementHasAttribute(com.kms.katalon.core.testobject.ObjectRepository.findTestObject(Final Object Repo/Landing Page/BM Detecting), "href", 20, OPTIONAL): Unable to verify if object 'Object Repository/Final Object Repo/Landing Page/BM Detecting' has attribute 'href' (Root cause: org.openqa.selenium.StaleElementReferenceException: stale element reference: element is not attached to the page document
  (Session info: chrome=70.0.3538.102)
  (Driver info: chromedriver=2.43.600210 (68dcf5eebde37173d4027fa8635e332711d2874a),platform=Windows NT 6.1.7601 SP1 x86_64) (WARNING: The server did not provide any stacktrace information)
Command duration or timeout: 0 milliseconds
For documentation on this error, please visit: http://seleniumhq.org/exceptions/stale_element_reference.html
Build info: version: '3.7.1', revision: '8a0099a', time: '2017-11-06T21:07:36.161Z'
System info: host: 'WIN7TEST02', ip: '10.20.3.72', os.name: 'Windows 7', os.arch: 'amd64', os.version: '6.1', java.version: '1.8.0_181'
Driver info: com.kms.katalon.selenium.driver.CChromeDriver
Capabilities {acceptInsecureCerts: false, acceptSslCerts: false, applicationCacheEnabled: false, browserConnectionEnabled: false, browserName: chrome, chrome: {chromedriverVersion: 2.43.600210 (68dcf5eebde371..., userDataDir: C:\Users\Admin\AppData\Loca...}, cssSelectorsEnabled: true, databaseEnabled: false, goog:chromeOptions: {debuggerAddress: localhost:64683}, handlesAlerts: true, hasTouchScreen: false, javascriptEnabled: true, locationContextEnabled: true, mobileEmulationEnabled: false, nativeEvents: true, networkConnectionEnabled: false, pageLoadStrategy: normal, platform: XP, platformName: XP, rotatable: false, setWindowRect: true, takesHeapSnapshot: true, takesScreenshot: true, unexpectedAlertBehaviour: , unhandledPromptBehavior: , version: 70.0.3538.102, webStorageEnabled: true}
Session ID: b09c383618e0e9f0a13d83c6ae89b627)

2018-11-22 23:18:02 - [MESSAGE][WARNING] - Unable to verify if object 'Object Repository/Final Object Repo/Landing Page/BM Detecting' has attribute 'href' (Root cause: org.openqa.selenium.StaleElementReferenceException: stale element reference: element is not attached to the page document
  (Session info: chrome=70.0.3538.102)
  (Driver info: chromedriver=2.43.600210 (68dcf5eebde37173d4027fa8635e332711d2874a),platform=Windows NT 6.1.7601 SP1 x86_64) (WARNING: The server did not provide any stacktrace information)
Command duration or timeout: 0 milliseconds
For documentation on this error, please visit: http://seleniumhq.org/exceptions/stale_element_reference.html
Build info: version: '3.7.1', revision: '8a0099a', time: '2017-11-06T21:07:36.161Z'
System info: host: 'WIN7TEST02', ip: '10.20.3.72', os.name: 'Windows 7', os.arch: 'amd64', os.version: '6.1', java.version: '1.8.0_181'
Driver info: com.kms.katalon.selenium.driver.CChromeDriver
Capabilities {acceptInsecureCerts: false, acceptSslCerts: false, applicationCacheEnabled: false, browserConnectionEnabled: false, browserName: chrome, chrome: {chromedriverVersion: 2.43.600210 (68dcf5eebde371..., userDataDir: C:\Users\Admin\AppData\Loca...}, cssSelectorsEnabled: true, databaseEnabled: false, goog:chromeOptions: {debuggerAddress: localhost:64683}, handlesAlerts: true, hasTouchScreen: false, javascriptEnabled: true, locationContextEnabled: true, mobileEmulationEnabled: false, nativeEvents: true, networkConnectionEnabled: false, pageLoadStrategy: normal, platform: XP, platformName: XP, rotatable: false, setWindowRect: true, takesHeapSnapshot: true, takesScreenshot: true, unexpectedAlertBehaviour: , unhandledPromptBehavior: , version: 70.0.3538.102, webStorageEnabled: true}
Session ID: b09c383618e0e9f0a13d83c6ae89b627)
[[ATTACHMENT|C:\\Users\\Admin\\Desktop\\PKS\\Perkeso Phase A\\Reports\\Workflow\\Update Add New Employee\\20181122_161416\\1542899882163.png]]

2018-11-22 23:18:02 - [TEST_STEP][PASSED] - Statement - out.println(Checker): null

2018-11-22 23:18:02 - [TEST_STEP][FAILED] - Statement - If (Checker == false): Unable to click on object 'Object Repository/Final Object Repo/Landing Page/Select to English' (Root cause: com.kms.katalon.core.webui.exception.WebElementNotFoundException: Web element with id: 'Object Repository/Final Object Repo/Landing Page/Select to English' located by 'By.xpath: //a[@class = 'taglib-language-list-text' and @lang = 'en-US' and (contains(text(), 'EN') or contains(., 'EN'))]' not found)

2018-11-22 23:18:02 - [TEST_STEP][FAILED] - click: Unable to click on object 'Object Repository/Final Object Repo/Landing Page/Select to English' (Root cause: com.kms.katalon.core.webui.exception.WebElementNotFoundException: Web element with id: 'Object Repository/Final Object Repo/Landing Page/Select to English' located by 'By.xpath: //a[@class = 'taglib-language-list-text' and @lang = 'en-US' and (contains(text(), 'EN') or contains(., 'EN'))]' not found)

2018-11-22 23:18:39 - [MESSAGE][FAILED] - Unable to click on object 'Object Repository/Final Object Repo/Landing Page/Select to English' (Root cause: com.kms.katalon.core.webui.exception.WebElementNotFoundException: Web element with id: 'Object Repository/Final Object Repo/Landing Page/Select to English' located by 'By.xpath: //a[@class = 'taglib-language-list-text' and @lang = 'en-US' and (contains(text(), 'EN') or contains(., 'EN'))]' not found)
[[ATTACHMENT|C:\\Users\\Admin\\Desktop\\PKS\\Perkeso Phase A\\Reports\\Workflow\\Update Add New Employee\\20181122_161416\\1542899919679.png]]

2018-11-22 23:18:39 - [TEST_STEP][PASSED] - delay: Delayed 2 second(s)

2018-11-22 23:18:41 - [MESSAGE][PASSED] - Delayed 2 second(s)

2018-11-22 23:18:41 - [TEST_STEP][PASSED] - delay: Delayed 3 second(s)

2018-11-22 23:18:44 - [MESSAGE][PASSED] - Delayed 3 second(s)

2018-11-22 23:18:44 - [TEST_STEP][PASSED] - mouseOver: Object: 'Object Repository/Final Object Repo/Landing Page/WorkFlow Menu' is hovered

2018-11-22 23:18:45 - [MESSAGE][PASSED] - Object: 'Object Repository/Final Object Repo/Landing Page/WorkFlow Menu' is hovered

2018-11-22 23:18:45 - [TEST_STEP][PASSED] - delay: Delayed 2 second(s)

2018-11-22 23:18:47 - [MESSAGE][PASSED] - Delayed 2 second(s)

2018-11-22 23:18:47 - [TEST_STEP][PASSED] - click: Object: 'Object Repository/Final Object Repo/Landing Page/Select to Workflow Listing' is clicked on

2018-11-22 23:18:48 - [MESSAGE][PASSED] - Object: 'Object Repository/Final Object Repo/Landing Page/Select to Workflow Listing' is clicked on

2018-11-22 23:18:48 - [TEST_STEP][PASSED] - delay: Delayed 2 second(s)

2018-11-22 23:18:50 - [MESSAGE][PASSED] - Delayed 2 second(s)

2018-11-22 23:18:50 - [TEST_STEP][PASSED] - click: Object: 'Object Repository/Final Object Repo/WorkFlow Listing Page/Search Information - To Put Ref No' is clicked on

2018-11-22 23:18:50 - [MESSAGE][PASSED] - Object: 'Object Repository/Final Object Repo/WorkFlow Listing Page/Search Information - To Put Ref No' is clicked on

2018-11-22 23:18:50 - [TEST_STEP][PASSED] - delay: Delayed 2 second(s)

2018-11-22 23:18:52 - [MESSAGE][PASSED] - Delayed 2 second(s)

2018-11-22 23:18:52 - [TEST_STEP][PASSED] - callTestCase: Call Test Case 'Test Cases/Final Aug 2018 - PKS Automation/Common/Reference Number Getter' successfully

2018-11-22 23:18:52 - [TEST_CASE][PASSED] - Test Cases/Final Aug 2018 - PKS Automation/Common/Reference Number Getter: Test Cases/Final Aug 2018 - PKS Automation/Common/Reference Number Getter

2018-11-22 23:18:52 - [TEST_STEP][PASSED] - Statement - Try: null

2018-11-22 23:18:52 - [TEST_STEP][PASSED] - Statement - RefNo = new java.io.File(C://Users//Admin//Desktop//PKS//Automation Reference Point//KatalonReference.txt): null

2018-11-22 23:18:52 - [TEST_STEP][PASSED] - Statement - bufferread = new java.io.BufferedReader(new java.io.FileReader(RefNo)): null

2018-11-22 23:18:52 - [TEST_STEP][PASSED] - Statement - readedVal = bufferread.readLine(): null

2018-11-22 23:18:52 - [TEST_STEP][PASSED] - Statement - out.println(CaseReferenceNo): null

2018-11-22 23:18:52 - [TEST_STEP][PASSED] - Statement - out.println(readedVal): null

2018-11-22 23:18:52 - [TEST_STEP][PASSED] - Statement - CaseReferenceNo = "": null

2018-11-22 23:18:52 - [TEST_STEP][PASSED] - Statement - CaseReferenceNo = readedVal: null

2018-11-22 23:18:52 - [MESSAGE][PASSED] - Call Test Case 'Test Cases/Final Aug 2018 - PKS Automation/Common/Reference Number Getter' successfully

2018-11-22 23:18:52 - [TEST_STEP][PASSED] - setText: Text 'CAN11201800002170' is set on object 'Object Repository/Final Object Repo/WorkFlow Listing Page/Ref No Set Text'

2018-11-22 23:18:52 - [MESSAGE][PASSED] - Text 'CAN11201800002170' is set on object 'Object Repository/Final Object Repo/WorkFlow Listing Page/Ref No Set Text'

2018-11-22 23:18:52 - [TEST_STEP][PASSED] - delay: Delayed 2 second(s)

2018-11-22 23:18:54 - [MESSAGE][PASSED] - Delayed 2 second(s)

2018-11-22 23:18:54 - [TEST_STEP][PASSED] - click: Object: 'Object Repository/Final Object Repo/WorkFlow Listing Page/Search Ref No Search Button' is clicked on

2018-11-22 23:18:55 - [MESSAGE][PASSED] - Object: 'Object Repository/Final Object Repo/WorkFlow Listing Page/Search Ref No Search Button' is clicked on

2018-11-22 23:18:55 - [TEST_STEP][PASSED] - delay: Delayed 4 second(s)

2018-11-22 23:18:59 - [MESSAGE][PASSED] - Delayed 4 second(s)

2018-11-22 23:18:59 - [TEST_STEP][PASSED] - click: Object: 'Object Repository/Final Object Repo/WorkFlow Listing Page/Click Continue Tooltip' is clicked on

2018-11-22 23:18:59 - [MESSAGE][PASSED] - Object: 'Object Repository/Final Object Repo/WorkFlow Listing Page/Click Continue Tooltip' is clicked on

2018-11-22 23:18:59 - [TEST_STEP][PASSED] - delay: Delayed 5 second(s)

2018-11-22 23:19:04 - [MESSAGE][PASSED] - Delayed 5 second(s)

2018-11-22 23:19:04 - [TEST_STEP][PASSED] - doubleClick: Object: 'Object Repository/Final Object Repo/WorkFlow Listing Page/Workflow Found - Listing 1' is double clicked on

2018-11-22 23:19:05 - [MESSAGE][PASSED] - Object: 'Object Repository/Final Object Repo/WorkFlow Listing Page/Workflow Found - Listing 1' is double clicked on

2018-11-22 23:19:05 - [TEST_STEP][PASSED] - Statement - println(OwnerID): null

2018-11-22 23:19:05 - [TEST_STEP][PASSED] - Statement - OwnerID = com.kms.katalon.core.webui.keyword.WebUiBuiltInKeywords.getText(com.kms.katalon.core.testobject.ObjectRepository.findTestObject(Final Object Repo/WorkFlow Listing Page/Workflow Found - Listing 1), STOP_ON_FAILURE): Text of object 'Object Repository/Final Object Repo/WorkFlow Listing Page/Workflow Found - Listing 1' is: 'JOHORro1'

2018-11-22 23:19:05 - [MESSAGE][PASSED] - Text of object 'Object Repository/Final Object Repo/WorkFlow Listing Page/Workflow Found - Listing 1' is: 'JOHORro1'

2018-11-22 23:19:05 - [TEST_STEP][PASSED] - Statement - OwnerID = OwnerID.toLowerCase() + "@gmail.com": null

2018-11-22 23:19:05 - [TEST_STEP][PASSED] - Statement - println(OwnerID): null

2018-11-22 23:19:05 - [TEST_STEP][PASSED] - delay: Delayed 2 second(s)

2018-11-22 23:19:07 - [MESSAGE][PASSED] - Delayed 2 second(s)

2018-11-22 23:19:07 - [MESSAGE][FAILED] - Unable to call Test Case with id 'Test Cases/Final Aug 2018 - PKS Automation/Common/Workflow Owner Finder' (Root cause: Call Test Case 'Test Cases/Final Aug 2018 - PKS Automation/Common/Workflow Owner Finder' failed)]]></system-out>
         <system-err><![CDATA[2018-11-22 23:08:12 - [TEST_CASE][FAILED] - Test Cases/Final Aug 2018 - PKS Automation/Registration Module/Workflow/Update Add New Employee/Special Case (PKR BO - RO Approve): Test Cases/Final Aug 2018 - PKS Automation/Registration Module/Workflow/Update Add New Employee/Special Case (PKR BO - RO Approve) FAILED because (of) (Stack trace: com.kms.katalon.core.exception.StepFailedException: Unable to click on object 'Object Repository/Final Object Repo/Landing Page/Select to English' (Root cause: com.kms.katalon.core.webui.exception.WebElementNotFoundException: Web element with id: 'Object Repository/Final Object Repo/Landing Page/Select to English' located by 'By.xpath: //a[@class = 'taglib-language-list-text' and @lang = 'en-US' and (contains(text(), 'EN') or contains(., 'EN'))]' not found)
	at com.kms.katalon.core.keyword.internal.KeywordMain.stepFailed(KeywordMain.groovy:32)
	at com.kms.katalon.core.webui.keyword.internal.WebUIKeywordMain.stepFailed(WebUIKeywordMain.groovy:65)
	at com.kms.katalon.core.webui.keyword.internal.WebUIKeywordMain.runKeyword(WebUIKeywordMain.groovy:27)
	at com.kms.katalon.core.webui.keyword.builtin.ClickKeyword.click(ClickKeyword.groovy:86)
	at com.kms.katalon.core.webui.keyword.builtin.ClickKeyword.execute(ClickKeyword.groovy:67)
	at com.kms.katalon.core.keyword.internal.KeywordExecutor.executeKeywordForPlatform(KeywordExecutor.groovy:53)
	at com.kms.katalon.core.webui.keyword.WebUiBuiltInKeywords.click(WebUiBuiltInKeywords.groovy:604)
	at com.kms.katalon.core.webui.keyword.WebUiBuiltInKeywords$click$6.call(Unknown Source)
	at Script1534407542420.run(Script1534407542420.groovy:57)
	at com.kms.katalon.core.main.ScriptEngine.run(ScriptEngine.java:183)
	at com.kms.katalon.core.main.ScriptEngine.runScriptAsRawText(ScriptEngine.java:108)
	at com.kms.katalon.core.main.TestCaseExecutor.runScript(TestCaseExecutor.java:294)
	at com.kms.katalon.core.main.TestCaseExecutor.doExecute(TestCaseExecutor.java:285)
	at com.kms.katalon.core.main.TestCaseExecutor.processExecutionPhase(TestCaseExecutor.java:264)
	at com.kms.katalon.core.main.TestCaseExecutor.accessMainPhase(TestCaseExecutor.java:256)
	at com.kms.katalon.core.main.TestCaseExecutor.execute(TestCaseExecutor.java:200)
	at com.kms.katalon.core.main.TestCaseMain.runTestCase(TestCaseMain.java:99)
	at com.kms.katalon.core.keyword.builtin.CallTestCaseKeyword$_callTestCase_closure1.doCall(CallTestCaseKeyword.groovy:60)
	at com.kms.katalon.core.keyword.builtin.CallTestCaseKeyword$_callTestCase_closure1.call(CallTestCaseKeyword.groovy)
	at com.kms.katalon.core.keyword.internal.KeywordMain.runKeyword(KeywordMain.groovy:54)
	at com.kms.katalon.core.keyword.builtin.CallTestCaseKeyword.callTestCase(CallTestCaseKeyword.groovy:81)
	at com.kms.katalon.core.keyword.builtin.CallTestCaseKeyword.execute(CallTestCaseKeyword.groovy:45)
	at com.kms.katalon.core.keyword.internal.KeywordExecutor.executeKeywordForPlatform(KeywordExecutor.groovy:53)
	at com.kms.katalon.core.keyword.BuiltinKeywords.callTestCase(BuiltinKeywords.groovy:334)
	at sun.reflect.GeneratedMethodAccessor13.invoke(Unknown Source)
	at sun.reflect.DelegatingMethodAccessorImpl.invoke(DelegatingMethodAccessorImpl.java:43)
	at java.lang.reflect.Method.invoke(Method.java:498)
	at org.codehaus.groovy.reflection.CachedMethod.invoke(CachedMethod.java:93)
	at groovy.lang.MetaMethod.doMethodInvoke(MetaMethod.java:325)
	at groovy.lang.MetaClassImpl.invokeStaticMethod(MetaClassImpl.java:1469)
	at org.codehaus.groovy.runtime.callsite.StaticMetaClassSite.call(StaticMetaClassSite.java:53)
	at org.codehaus.groovy.runtime.callsite.CallSiteArray.defaultCall(CallSiteArray.java:48)
	at org.codehaus.groovy.runtime.callsite.AbstractCallSite.call(AbstractCallSite.java:113)
	at org.codehaus.groovy.runtime.callsite.AbstractCallSite.call(AbstractCallSite.java:141)
	at Script1536116130372.run(Script1536116130372.groovy:121)
	at com.kms.katalon.core.main.ScriptEngine.run(ScriptEngine.java:183)
	at com.kms.katalon.core.main.ScriptEngine.runScriptAsRawText(ScriptEngine.java:108)
	at com.kms.katalon.core.main.TestCaseExecutor.runScript(TestCaseExecutor.java:294)
	at com.kms.katalon.core.main.TestCaseExecutor.doExecute(TestCaseExecutor.java:285)
	at com.kms.katalon.core.main.TestCaseExecutor.processExecutionPhase(TestCaseExecutor.java:264)
	at com.kms.katalon.core.main.TestCaseExecutor.accessMainPhase(TestCaseExecutor.java:256)
	at com.kms.katalon.core.main.TestCaseExecutor.execute(TestCaseExecutor.java:200)
	at com.kms.katalon.core.main.TestSuiteExecutor.accessTestCaseMainPhase(TestSuiteExecutor.java:129)
	at com.kms.katalon.core.main.TestSuiteExecutor.accessTestSuiteMainPhase(TestSuiteExecutor.java:112)
	at com.kms.katalon.core.main.TestSuiteExecutor.execute(TestSuiteExecutor.java:81)
	at com.kms.katalon.core.main.TestCaseMain.startTestSuite(TestCaseMain.java:142)
	at com.kms.katalon.core.main.TestCaseMain$startTestSuite$0.call(Unknown Source)
	at org.codehaus.groovy.runtime.callsite.CallSiteArray.defaultCall(CallSiteArray.java:48)
	at org.codehaus.groovy.runtime.callsite.AbstractCallSite.call(AbstractCallSite.java:113)
	at org.codehaus.groovy.runtime.callsite.AbstractCallSite.call(AbstractCallSite.java:141)
	at TempTestSuite1542874456666.run(TempTestSuite1542874456666.groovy:36)
	at groovy.lang.GroovyShell.runScriptOrMainOrTestOrRunnable(GroovyShell.java:263)
	at groovy.lang.GroovyShell.run(GroovyShell.java:518)
	at groovy.lang.GroovyShell.run(GroovyShell.java:507)
	at groovy.ui.GroovyMain.processOnce(GroovyMain.java:653)
	at groovy.ui.GroovyMain.run(GroovyMain.java:384)
	at groovy.ui.GroovyMain.process(GroovyMain.java:370)
	at groovy.ui.GroovyMain.processArgs(GroovyMain.java:129)
	at groovy.ui.GroovyMain.main(GroovyMain.java:109)
	at sun.reflect.NativeMethodAccessorImpl.invoke0(Native Method)
	at sun.reflect.NativeMethodAccessorImpl.invoke(NativeMethodAccessorImpl.java:62)
	at sun.reflect.DelegatingMethodAccessorImpl.invoke(DelegatingMethodAccessorImpl.java:43)
	at java.lang.reflect.Method.invoke(Method.java:498)
	at org.codehaus.groovy.tools.GroovyStarter.rootLoader(GroovyStarter.java:109)
	at org.codehaus.groovy.tools.GroovyStarter.main(GroovyStarter.java:131)
)]]></system-err>
      </testcase>
      <testcase name="Test Cases/Final Aug 2018 - PKS Automation/Registration Module/Workflow/Update Add New Employee/Special Case (PKR BO - RO Query - OTC Upload Pending Case - RO Approve)" classname="Test Cases/Final Aug 2018 - PKS Automation/Registration Module/Workflow/Update Add New Employee/Special Case (PKR BO - RO Query - OTC Upload Pending Case - RO Approve)" status="FAILED">
         <failure type="FAILED" message="(Stack trace: com.kms.katalon.core.exception.StepFailedException: Unable to click on object 'Object Repository/Final Object Repo/Landing Page/Select to English' (Root cause: com.kms.katalon.core.webui.exception.WebElementNotFoundException: Web element with id: 'Object Repository/Final Object Repo/Landing Page/Select to English' located by 'By.xpath: //a[@class = 'taglib-language-list-text' and @lang = 'en-US' and (contains(text(), 'EN') or contains(., 'EN'))]' not found)
	at com.kms.katalon.core.keyword.internal.KeywordMain.stepFailed(KeywordMain.groovy:32)
	at com.kms.katalon.core.webui.keyword.internal.WebUIKeywordMain.stepFailed(WebUIKeywordMain.groovy:65)
	at com.kms.katalon.core.webui.keyword.internal.WebUIKeywordMain.runKeyword(WebUIKeywordMain.groovy:27)
	at com.kms.katalon.core.webui.keyword.builtin.ClickKeyword.click(ClickKeyword.groovy:86)
	at com.kms.katalon.core.webui.keyword.builtin.ClickKeyword.execute(ClickKeyword.groovy:67)
	at com.kms.katalon.core.keyword.internal.KeywordExecutor.executeKeywordForPlatform(KeywordExecutor.groovy:53)
	at com.kms.katalon.core.webui.keyword.WebUiBuiltInKeywords.click(WebUiBuiltInKeywords.groovy:604)
	at com.kms.katalon.core.webui.keyword.WebUiBuiltInKeywords$click$6.call(Unknown Source)
	at Script1534407542420.run(Script1534407542420.groovy:57)
	at com.kms.katalon.core.main.ScriptEngine.run(ScriptEngine.java:183)
	at com.kms.katalon.core.main.ScriptEngine.runScriptAsRawText(ScriptEngine.java:108)
	at com.kms.katalon.core.main.TestCaseExecutor.runScript(TestCaseExecutor.java:294)
	at com.kms.katalon.core.main.TestCaseExecutor.doExecute(TestCaseExecutor.java:285)
	at com.kms.katalon.core.main.TestCaseExecutor.processExecutionPhase(TestCaseExecutor.java:264)
	at com.kms.katalon.core.main.TestCaseExecutor.accessMainPhase(TestCaseExecutor.java:256)
	at com.kms.katalon.core.main.TestCaseExecutor.execute(TestCaseExecutor.java:200)
	at com.kms.katalon.core.main.TestCaseMain.runTestCase(TestCaseMain.java:99)
	at com.kms.katalon.core.keyword.builtin.CallTestCaseKeyword$_callTestCase_closure1.doCall(CallTestCaseKeyword.groovy:60)
	at com.kms.katalon.core.keyword.builtin.CallTestCaseKeyword$_callTestCase_closure1.call(CallTestCaseKeyword.groovy)
	at com.kms.katalon.core.keyword.internal.KeywordMain.runKeyword(KeywordMain.groovy:54)
	at com.kms.katalon.core.keyword.builtin.CallTestCaseKeyword.callTestCase(CallTestCaseKeyword.groovy:81)
	at com.kms.katalon.core.keyword.builtin.CallTestCaseKeyword.execute(CallTestCaseKeyword.groovy:45)
	at com.kms.katalon.core.keyword.internal.KeywordExecutor.executeKeywordForPlatform(KeywordExecutor.groovy:53)
	at com.kms.katalon.core.keyword.BuiltinKeywords.callTestCase(BuiltinKeywords.groovy:334)
	at sun.reflect.GeneratedMethodAccessor13.invoke(Unknown Source)
	at sun.reflect.DelegatingMethodAccessorImpl.invoke(DelegatingMethodAccessorImpl.java:43)
	at java.lang.reflect.Method.invoke(Method.java:498)
	at org.codehaus.groovy.reflection.CachedMethod.invoke(CachedMethod.java:93)
	at groovy.lang.MetaMethod.doMethodInvoke(MetaMethod.java:325)
	at groovy.lang.MetaClassImpl.invokeStaticMethod(MetaClassImpl.java:1469)
	at org.codehaus.groovy.runtime.callsite.StaticMetaClassSite.call(StaticMetaClassSite.java:53)
	at org.codehaus.groovy.runtime.callsite.CallSiteArray.defaultCall(CallSiteArray.java:48)
	at org.codehaus.groovy.runtime.callsite.AbstractCallSite.call(AbstractCallSite.java:113)
	at org.codehaus.groovy.runtime.callsite.AbstractCallSite.call(AbstractCallSite.java:141)
	at Script1536220866356.run(Script1536220866356.groovy:125)
	at com.kms.katalon.core.main.ScriptEngine.run(ScriptEngine.java:183)
	at com.kms.katalon.core.main.ScriptEngine.runScriptAsRawText(ScriptEngine.java:108)
	at com.kms.katalon.core.main.TestCaseExecutor.runScript(TestCaseExecutor.java:294)
	at com.kms.katalon.core.main.TestCaseExecutor.doExecute(TestCaseExecutor.java:285)
	at com.kms.katalon.core.main.TestCaseExecutor.processExecutionPhase(TestCaseExecutor.java:264)
	at com.kms.katalon.core.main.TestCaseExecutor.accessMainPhase(TestCaseExecutor.java:256)
	at com.kms.katalon.core.main.TestCaseExecutor.execute(TestCaseExecutor.java:200)
	at com.kms.katalon.core.main.TestSuiteExecutor.accessTestCaseMainPhase(TestSuiteExecutor.java:129)
	at com.kms.katalon.core.main.TestSuiteExecutor.accessTestSuiteMainPhase(TestSuiteExecutor.java:112)
	at com.kms.katalon.core.main.TestSuiteExecutor.execute(TestSuiteExecutor.java:81)
	at com.kms.katalon.core.main.TestCaseMain.startTestSuite(TestCaseMain.java:142)
	at com.kms.katalon.core.main.TestCaseMain$startTestSuite$0.call(Unknown Source)
	at org.codehaus.groovy.runtime.callsite.CallSiteArray.defaultCall(CallSiteArray.java:48)
	at org.codehaus.groovy.runtime.callsite.AbstractCallSite.call(AbstractCallSite.java:113)
	at org.codehaus.groovy.runtime.callsite.AbstractCallSite.call(AbstractCallSite.java:141)
	at TempTestSuite1542874456666.run(TempTestSuite1542874456666.groovy:36)
	at groovy.lang.GroovyShell.runScriptOrMainOrTestOrRunnable(GroovyShell.java:263)
	at groovy.lang.GroovyShell.run(GroovyShell.java:518)
	at groovy.lang.GroovyShell.run(GroovyShell.java:507)
	at groovy.ui.GroovyMain.processOnce(GroovyMain.java:653)
	at groovy.ui.GroovyMain.run(GroovyMain.java:384)
	at groovy.ui.GroovyMain.process(GroovyMain.java:370)
	at groovy.ui.GroovyMain.processArgs(GroovyMain.java:129)
	at groovy.ui.GroovyMain.main(GroovyMain.java:109)
	at sun.reflect.NativeMethodAccessorImpl.invoke0(Native Method)
	at sun.reflect.NativeMethodAccessorImpl.invoke(NativeMethodAccessorImpl.java:62)
	at sun.reflect.DelegatingMethodAccessorImpl.invoke(DelegatingMethodAccessorImpl.java:43)
	at java.lang.reflect.Method.invoke(Method.java:498)
	at org.codehaus.groovy.tools.GroovyStarter.rootLoader(GroovyStarter.java:109)
	at org.codehaus.groovy.tools.GroovyStarter.main(GroovyStarter.java:131)
)"/>
         <system-out><![CDATA[2018-11-22 23:19:07 - [TEST_CASE][FAILED] - Test Cases/Final Aug 2018 - PKS Automation/Registration Module/Workflow/Update Add New Employee/Special Case (PKR BO - RO Query - OTC Upload Pending Case - RO Approve): Test Cases/Final Aug 2018 - PKS Automation/Registration Module/Workflow/Update Add New Employee/Special Case (PKR BO - RO Query - OTC Upload Pending Case - RO Approve) FAILED because (of) (Stack trace: com.kms.katalon.core.exception.StepFailedException: Unable to click on object 'Object Repository/Final Object Repo/Landing Page/Select to English' (Root cause: com.kms.katalon.core.webui.exception.WebElementNotFoundException: Web element with id: 'Object Repository/Final Object Repo/Landing Page/Select to English' located by 'By.xpath: //a[@class = 'taglib-language-list-text' and @lang = 'en-US' and (contains(text(), 'EN') or contains(., 'EN'))]' not found)
	at com.kms.katalon.core.keyword.internal.KeywordMain.stepFailed(KeywordMain.groovy:32)
	at com.kms.katalon.core.webui.keyword.internal.WebUIKeywordMain.stepFailed(WebUIKeywordMain.groovy:65)
	at com.kms.katalon.core.webui.keyword.internal.WebUIKeywordMain.runKeyword(WebUIKeywordMain.groovy:27)
	at com.kms.katalon.core.webui.keyword.builtin.ClickKeyword.click(ClickKeyword.groovy:86)
	at com.kms.katalon.core.webui.keyword.builtin.ClickKeyword.execute(ClickKeyword.groovy:67)
	at com.kms.katalon.core.keyword.internal.KeywordExecutor.executeKeywordForPlatform(KeywordExecutor.groovy:53)
	at com.kms.katalon.core.webui.keyword.WebUiBuiltInKeywords.click(WebUiBuiltInKeywords.groovy:604)
	at com.kms.katalon.core.webui.keyword.WebUiBuiltInKeywords$click$6.call(Unknown Source)
	at Script1534407542420.run(Script1534407542420.groovy:57)
	at com.kms.katalon.core.main.ScriptEngine.run(ScriptEngine.java:183)
	at com.kms.katalon.core.main.ScriptEngine.runScriptAsRawText(ScriptEngine.java:108)
	at com.kms.katalon.core.main.TestCaseExecutor.runScript(TestCaseExecutor.java:294)
	at com.kms.katalon.core.main.TestCaseExecutor.doExecute(TestCaseExecutor.java:285)
	at com.kms.katalon.core.main.TestCaseExecutor.processExecutionPhase(TestCaseExecutor.java:264)
	at com.kms.katalon.core.main.TestCaseExecutor.accessMainPhase(TestCaseExecutor.java:256)
	at com.kms.katalon.core.main.TestCaseExecutor.execute(TestCaseExecutor.java:200)
	at com.kms.katalon.core.main.TestCaseMain.runTestCase(TestCaseMain.java:99)
	at com.kms.katalon.core.keyword.builtin.CallTestCaseKeyword$_callTestCase_closure1.doCall(CallTestCaseKeyword.groovy:60)
	at com.kms.katalon.core.keyword.builtin.CallTestCaseKeyword$_callTestCase_closure1.call(CallTestCaseKeyword.groovy)
	at com.kms.katalon.core.keyword.internal.KeywordMain.runKeyword(KeywordMain.groovy:54)
	at com.kms.katalon.core.keyword.builtin.CallTestCaseKeyword.callTestCase(CallTestCaseKeyword.groovy:81)
	at com.kms.katalon.core.keyword.builtin.CallTestCaseKeyword.execute(CallTestCaseKeyword.groovy:45)
	at com.kms.katalon.core.keyword.internal.KeywordExecutor.executeKeywordForPlatform(KeywordExecutor.groovy:53)
	at com.kms.katalon.core.keyword.BuiltinKeywords.callTestCase(BuiltinKeywords.groovy:334)
	at sun.reflect.GeneratedMethodAccessor13.invoke(Unknown Source)
	at sun.reflect.DelegatingMethodAccessorImpl.invoke(DelegatingMethodAccessorImpl.java:43)
	at java.lang.reflect.Method.invoke(Method.java:498)
	at org.codehaus.groovy.reflection.CachedMethod.invoke(CachedMethod.java:93)
	at groovy.lang.MetaMethod.doMethodInvoke(MetaMethod.java:325)
	at groovy.lang.MetaClassImpl.invokeStaticMethod(MetaClassImpl.java:1469)
	at org.codehaus.groovy.runtime.callsite.StaticMetaClassSite.call(StaticMetaClassSite.java:53)
	at org.codehaus.groovy.runtime.callsite.CallSiteArray.defaultCall(CallSiteArray.java:48)
	at org.codehaus.groovy.runtime.callsite.AbstractCallSite.call(AbstractCallSite.java:113)
	at org.codehaus.groovy.runtime.callsite.AbstractCallSite.call(AbstractCallSite.java:141)
	at Script1536220866356.run(Script1536220866356.groovy:125)
	at com.kms.katalon.core.main.ScriptEngine.run(ScriptEngine.java:183)
	at com.kms.katalon.core.main.ScriptEngine.runScriptAsRawText(ScriptEngine.java:108)
	at com.kms.katalon.core.main.TestCaseExecutor.runScript(TestCaseExecutor.java:294)
	at com.kms.katalon.core.main.TestCaseExecutor.doExecute(TestCaseExecutor.java:285)
	at com.kms.katalon.core.main.TestCaseExecutor.processExecutionPhase(TestCaseExecutor.java:264)
	at com.kms.katalon.core.main.TestCaseExecutor.accessMainPhase(TestCaseExecutor.java:256)
	at com.kms.katalon.core.main.TestCaseExecutor.execute(TestCaseExecutor.java:200)
	at com.kms.katalon.core.main.TestSuiteExecutor.accessTestCaseMainPhase(TestSuiteExecutor.java:129)
	at com.kms.katalon.core.main.TestSuiteExecutor.accessTestSuiteMainPhase(TestSuiteExecutor.java:112)
	at com.kms.katalon.core.main.TestSuiteExecutor.execute(TestSuiteExecutor.java:81)
	at com.kms.katalon.core.main.TestCaseMain.startTestSuite(TestCaseMain.java:142)
	at com.kms.katalon.core.main.TestCaseMain$startTestSuite$0.call(Unknown Source)
	at org.codehaus.groovy.runtime.callsite.CallSiteArray.defaultCall(CallSiteArray.java:48)
	at org.codehaus.groovy.runtime.callsite.AbstractCallSite.call(AbstractCallSite.java:113)
	at org.codehaus.groovy.runtime.callsite.AbstractCallSite.call(AbstractCallSite.java:141)
	at TempTestSuite1542874456666.run(TempTestSuite1542874456666.groovy:36)
	at groovy.lang.GroovyShell.runScriptOrMainOrTestOrRunnable(GroovyShell.java:263)
	at groovy.lang.GroovyShell.run(GroovyShell.java:518)
	at groovy.lang.GroovyShell.run(GroovyShell.java:507)
	at groovy.ui.GroovyMain.processOnce(GroovyMain.java:653)
	at groovy.ui.GroovyMain.run(GroovyMain.java:384)
	at groovy.ui.GroovyMain.process(GroovyMain.java:370)
	at groovy.ui.GroovyMain.processArgs(GroovyMain.java:129)
	at groovy.ui.GroovyMain.main(GroovyMain.java:109)
	at sun.reflect.NativeMethodAccessorImpl.invoke0(Native Method)
	at sun.reflect.NativeMethodAccessorImpl.invoke(NativeMethodAccessorImpl.java:62)
	at sun.reflect.DelegatingMethodAccessorImpl.invoke(DelegatingMethodAccessorImpl.java:43)
	at java.lang.reflect.Method.invoke(Method.java:498)
	at org.codehaus.groovy.tools.GroovyStarter.rootLoader(GroovyStarter.java:109)
	at org.codehaus.groovy.tools.GroovyStarter.main(GroovyStarter.java:131)
)

2018-11-22 23:19:07 - [TEST_STEP][PASSED] - callTestCase: Call Test Case 'Test Cases/Final Aug 2018 - PKS Automation/Registration Module/Workflow/Update Add New Employee/Template/New Company for Update Add New' successfully

2018-11-22 23:19:07 - [TEST_CASE][PASSED] - Test Cases/Final Aug 2018 - PKS Automation/Registration Module/Workflow/Update Add New Employee/Template/New Company for Update Add New: Test Cases/Final Aug 2018 - PKS Automation/Registration Module/Workflow/Update Add New Employee/Template/New Company for Update Add New

2018-11-22 23:19:07 - [TEST_STEP][PASSED] - callTestCase: Call Test Case 'Test Cases/Final Aug 2018 - PKS Automation/Registration Module/New Registration/Form 1/Form 1 - Corporation - BHD' successfully

2018-11-22 23:19:07 - [TEST_CASE][PASSED] - Test Cases/Final Aug 2018 - PKS Automation/Registration Module/New Registration/Form 1/Form 1 - Corporation - BHD: Test Cases/Final Aug 2018 - PKS Automation/Registration Module/New Registration/Form 1/Form 1 - Corporation - BHD

2018-11-22 23:19:07 - [TEST_STEP][PASSED] - openBrowser: Browser is opened with url: ''

2018-11-22 23:19:07 - [MESSAGE][WARNING] - A browser is already opened. Closing browser and opening a new one

2018-11-22 23:19:11 - [MESSAGE][PASSED] - Browser is opened with url: ''

2018-11-22 23:19:11 - [TEST_STEP][PASSED] - navigateToUrl: Navigate to 'https://assist2-uat.perkeso.gov.my/login' successfully

2018-11-22 23:19:12 - [MESSAGE][PASSED] - Navigate to 'https://assist2-uat.perkeso.gov.my/login' successfully

2018-11-22 23:19:12 - [TEST_STEP][PASSED] - setText: Text 'johorotc1@gmail.com' is set on object 'Object Repository/Final Object Repo/Login Page/Internal User/Email Address'

2018-11-22 23:19:12 - [MESSAGE][PASSED] - Text 'johorotc1@gmail.com' is set on object 'Object Repository/Final Object Repo/Login Page/Internal User/Email Address'

2018-11-22 23:19:12 - [TEST_STEP][PASSED] - click: Object: 'Object Repository/Final Object Repo/Login Page/Internal User/Next Button' is clicked on

2018-11-22 23:19:13 - [MESSAGE][PASSED] - Object: 'Object Repository/Final Object Repo/Login Page/Internal User/Next Button' is clicked on

2018-11-22 23:19:13 - [TEST_STEP][PASSED] - delay: Delayed 1 second(s)

2018-11-22 23:19:14 - [MESSAGE][PASSED] - Delayed 1 second(s)

2018-11-22 23:19:14 - [TEST_STEP][PASSED] - setEncryptedText: Text ****** has been set on object 'Object Repository/Final Object Repo/Login Page/Internal User/Password'

2018-11-22 23:19:14 - [MESSAGE][PASSED] - Text ****** has been set on object 'Object Repository/Final Object Repo/Login Page/Internal User/Password'

2018-11-22 23:19:14 - [TEST_STEP][PASSED] - click: Object: 'Object Repository/Final Object Repo/Login Page/Internal User/Login Button' is clicked on

2018-11-22 23:19:14 - [MESSAGE][PASSED] - Object: 'Object Repository/Final Object Repo/Login Page/Internal User/Login Button' is clicked on

2018-11-22 23:19:14 - [TEST_STEP][PASSED] - delay: Delayed 1 second(s)

2018-11-22 23:19:15 - [MESSAGE][PASSED] - Delayed 1 second(s)

2018-11-22 23:19:15 - [TEST_STEP][PASSED] - Statement - Try: Delayed 2 second(s)

2018-11-22 23:19:15 - [TEST_STEP][PASSED] - Statement - Checker = false: null

2018-11-22 23:19:15 - [TEST_STEP][PASSED] - Statement - Checker = com.kms.katalon.core.webui.keyword.WebUiBuiltInKeywords.verifyElementHasAttribute(com.kms.katalon.core.testobject.ObjectRepository.findTestObject(Final Object Repo/Landing Page/BM Detecting), "href", 20, OPTIONAL): Object 'Object Repository/Final Object Repo/Landing Page/BM Detecting' has attribute 'href'

2018-11-22 23:19:16 - [MESSAGE][PASSED] - Object 'Object Repository/Final Object Repo/Landing Page/BM Detecting' has attribute 'href'

2018-11-22 23:19:16 - [TEST_STEP][PASSED] - Statement - out.println(Checker): null

2018-11-22 23:19:16 - [TEST_STEP][PASSED] - Statement - If (Checker == false): null

2018-11-22 23:19:16 - [TEST_STEP][PASSED] - Statement - Else: null

2018-11-22 23:19:16 - [TEST_STEP][PASSED] - delay: Delayed 2 second(s)

2018-11-22 23:19:18 - [MESSAGE][PASSED] - Delayed 2 second(s)

2018-11-22 23:19:18 - [TEST_STEP][PASSED] - navigateToUrl: Navigate to 'https://assist2-uat.perkeso.gov.my/web/registration/registration' successfully

2018-11-22 23:19:19 - [MESSAGE][PASSED] - Navigate to 'https://assist2-uat.perkeso.gov.my/web/registration/registration' successfully

2018-11-22 23:19:19 - [TEST_STEP][PASSED] - click: Object: 'Object Repository/Final Object Repo/New Registration - Registration Module Pages/Form 1/AEC - No' is clicked on

2018-11-22 23:19:20 - [MESSAGE][PASSED] - Object: 'Object Repository/Final Object Repo/New Registration - Registration Module Pages/Form 1/AEC - No' is clicked on

2018-11-22 23:19:20 - [TEST_STEP][PASSED] - click: Object: 'Object Repository/Final Object Repo/New Registration - Registration Module Pages/Form 1/Business Entity' is clicked on

2018-11-22 23:19:20 - [MESSAGE][PASSED] - Object: 'Object Repository/Final Object Repo/New Registration - Registration Module Pages/Form 1/Business Entity' is clicked on

2018-11-22 23:19:20 - [TEST_STEP][PASSED] - click: Object: 'Object Repository/Final Object Repo/New Registration - Registration Module Pages/Form 1/Businees Entity - Corporation' is clicked on

2018-11-22 23:19:20 - [MESSAGE][PASSED] - Object: 'Object Repository/Final Object Repo/New Registration - Registration Module Pages/Form 1/Businees Entity - Corporation' is clicked on

2018-11-22 23:19:20 - [TEST_STEP][PASSED] - delay: Delayed 1 second(s)

2018-11-22 23:19:21 - [MESSAGE][PASSED] - Delayed 1 second(s)

2018-11-22 23:19:21 - [TEST_STEP][PASSED] - click: Object: 'Object Repository/Final Object Repo/New Registration - Registration Module Pages/Form 1/Sub Business Entity' is clicked on

2018-11-22 23:19:21 - [MESSAGE][PASSED] - Object: 'Object Repository/Final Object Repo/New Registration - Registration Module Pages/Form 1/Sub Business Entity' is clicked on

2018-11-22 23:19:21 - [TEST_STEP][PASSED] - click: Object: 'Object Repository/Final Object Repo/New Registration - Registration Module Pages/Form 1/Sub Business Entity - Berhad' is clicked on

2018-11-22 23:19:21 - [MESSAGE][PASSED] - Object: 'Object Repository/Final Object Repo/New Registration - Registration Module Pages/Form 1/Sub Business Entity - Berhad' is clicked on

2018-11-22 23:19:21 - [TEST_STEP][PASSED] - delay: Delayed 1 second(s)

2018-11-22 23:19:22 - [MESSAGE][PASSED] - Delayed 1 second(s)

2018-11-22 23:19:22 - [TEST_STEP][PASSED] - setText: Text '123' is set on object 'Object Repository/Final Object Repo/New Registration - Registration Module Pages/Form 1/Registration Number'

2018-11-22 23:19:23 - [MESSAGE][PASSED] - Text '123' is set on object 'Object Repository/Final Object Repo/New Registration - Registration Module Pages/Form 1/Registration Number'

2018-11-22 23:19:23 - [TEST_STEP][PASSED] - click: Object: 'Object Repository/Final Object Repo/New Registration - Registration Module Pages/Form 1/Registred with SSM - Before Feb' is clicked on

2018-11-22 23:19:23 - [MESSAGE][PASSED] - Object: 'Object Repository/Final Object Repo/New Registration - Registration Module Pages/Form 1/Registred with SSM - Before Feb' is clicked on

2018-11-22 23:19:23 - [TEST_STEP][PASSED] - click: Object: 'Object Repository/Final Object Repo/New Registration - Registration Module Pages/Form 1/Registered As a Branch - Yes' is clicked on

2018-11-22 23:19:23 - [MESSAGE][PASSED] - Object: 'Object Repository/Final Object Repo/New Registration - Registration Module Pages/Form 1/Registered As a Branch - Yes' is clicked on

2018-11-22 23:19:23 - [TEST_STEP][PASSED] - click: Object: 'Object Repository/Final Object Repo/New Registration - Registration Module Pages/Form 1/Acknowledgement' is clicked on

2018-11-22 23:19:23 - [MESSAGE][PASSED] - Object: 'Object Repository/Final Object Repo/New Registration - Registration Module Pages/Form 1/Acknowledgement' is clicked on

2018-11-22 23:19:23 - [TEST_STEP][PASSED] - setText: Text 'perkeso' is set on object 'Object Repository/Final Object Repo/New Registration - Registration Module Pages/Form 1/Industry name'

2018-11-22 23:19:24 - [MESSAGE][PASSED] - Text 'perkeso' is set on object 'Object Repository/Final Object Repo/New Registration - Registration Module Pages/Form 1/Industry name'

2018-11-22 23:19:24 - [TEST_STEP][PASSED] - setText: Text 'perkeso1' is set on object 'Object Repository/Final Object Repo/New Registration - Registration Module Pages/Form 1/Postal Address1'

2018-11-22 23:19:24 - [MESSAGE][PASSED] - Text 'perkeso1' is set on object 'Object Repository/Final Object Repo/New Registration - Registration Module Pages/Form 1/Postal Address1'

2018-11-22 23:19:24 - [TEST_STEP][PASSED] - setText: Text 'perkeso2' is set on object 'Object Repository/Final Object Repo/New Registration - Registration Module Pages/Form 1/Postal Address2'

2018-11-22 23:19:24 - [MESSAGE][PASSED] - Text 'perkeso2' is set on object 'Object Repository/Final Object Repo/New Registration - Registration Module Pages/Form 1/Postal Address2'

2018-11-22 23:19:24 - [TEST_STEP][PASSED] - setText: Text 'perkeso3' is set on object 'Object Repository/Final Object Repo/New Registration - Registration Module Pages/Form 1/Postal Address3'

2018-11-22 23:19:25 - [MESSAGE][PASSED] - Text 'perkeso3' is set on object 'Object Repository/Final Object Repo/New Registration - Registration Module Pages/Form 1/Postal Address3'

2018-11-22 23:19:25 - [TEST_STEP][PASSED] - click: Object: 'Object Repository/Final Object Repo/New Registration - Registration Module Pages/Form 1/State' is clicked on

2018-11-22 23:19:25 - [MESSAGE][PASSED] - Object: 'Object Repository/Final Object Repo/New Registration - Registration Module Pages/Form 1/State' is clicked on

2018-11-22 23:19:25 - [TEST_STEP][PASSED] - click: Object: 'Object Repository/Final Object Repo/New Registration - Registration Module Pages/Form 1/State - Johor' is clicked on

2018-11-22 23:19:25 - [MESSAGE][PASSED] - Object: 'Object Repository/Final Object Repo/New Registration - Registration Module Pages/Form 1/State - Johor' is clicked on

2018-11-22 23:19:25 - [TEST_STEP][PASSED] - delay: Delayed 1 second(s)

2018-11-22 23:19:26 - [MESSAGE][PASSED] - Delayed 1 second(s)

2018-11-22 23:19:26 - [TEST_STEP][PASSED] - click: Object: 'Object Repository/Final Object Repo/New Registration - Registration Module Pages/Form 1/City' is clicked on

2018-11-22 23:19:26 - [MESSAGE][PASSED] - Object: 'Object Repository/Final Object Repo/New Registration - Registration Module Pages/Form 1/City' is clicked on

2018-11-22 23:19:26 - [TEST_STEP][PASSED] - setText: Text 'joh' is set on object 'Object Repository/Final Object Repo/New Registration - Registration Module Pages/Form 1/Postcode - 810'

2018-11-22 23:19:26 - [MESSAGE][PASSED] - Text 'joh' is set on object 'Object Repository/Final Object Repo/New Registration - Registration Module Pages/Form 1/Postcode - 810'

2018-11-22 23:19:26 - [TEST_STEP][PASSED] - delay: Delayed 1 second(s)

2018-11-22 23:19:27 - [MESSAGE][PASSED] - Delayed 1 second(s)

2018-11-22 23:19:27 - [TEST_STEP][PASSED] - click: Object: 'Object Repository/Final Object Repo/New Registration - Registration Module Pages/Form 1/City - Johor Bharu' is clicked on

2018-11-22 23:19:28 - [MESSAGE][PASSED] - Object: 'Object Repository/Final Object Repo/New Registration - Registration Module Pages/Form 1/City - Johor Bharu' is clicked on

2018-11-22 23:19:28 - [TEST_STEP][PASSED] - delay: Delayed 1 second(s)

2018-11-22 23:19:29 - [MESSAGE][PASSED] - Delayed 1 second(s)

2018-11-22 23:19:29 - [TEST_STEP][PASSED] - click: Object: 'Object Repository/Final Object Repo/New Registration - Registration Module Pages/Form 1/Postcode' is clicked on

2018-11-22 23:19:29 - [MESSAGE][PASSED] - Object: 'Object Repository/Final Object Repo/New Registration - Registration Module Pages/Form 1/Postcode' is clicked on

2018-11-22 23:19:29 - [TEST_STEP][PASSED] - delay: Delayed 1 second(s)

2018-11-22 23:19:30 - [MESSAGE][PASSED] - Delayed 1 second(s)

2018-11-22 23:19:30 - [TEST_STEP][PASSED] - setText: Text '810' is set on object 'Object Repository/Final Object Repo/New Registration - Registration Module Pages/Form 1/Postcode - 810'

2018-11-22 23:19:30 - [MESSAGE][PASSED] - Text '810' is set on object 'Object Repository/Final Object Repo/New Registration - Registration Module Pages/Form 1/Postcode - 810'

2018-11-22 23:19:30 - [TEST_STEP][PASSED] - delay: Delayed 3 second(s)

2018-11-22 23:19:33 - [MESSAGE][PASSED] - Delayed 3 second(s)

2018-11-22 23:19:33 - [TEST_STEP][PASSED] - click: Object: 'Object Repository/Final Object Repo/New Registration - Registration Module Pages/Form 1/Postcode - 81000' is clicked on

2018-11-22 23:19:33 - [MESSAGE][PASSED] - Object: 'Object Repository/Final Object Repo/New Registration - Registration Module Pages/Form 1/Postcode - 81000' is clicked on

2018-11-22 23:19:33 - [TEST_STEP][PASSED] - delay: Delayed 1 second(s)

2018-11-22 23:19:34 - [MESSAGE][PASSED] - Delayed 1 second(s)

2018-11-22 23:19:34 - [TEST_STEP][PASSED] - setText: Text '100' is set on object 'Object Repository/Final Object Repo/New Registration - Registration Module Pages/Form 1/P.O.BOX'

2018-11-22 23:19:34 - [MESSAGE][PASSED] - Text '100' is set on object 'Object Repository/Final Object Repo/New Registration - Registration Module Pages/Form 1/P.O.BOX'

2018-11-22 23:19:34 - [TEST_STEP][PASSED] - setText: Text '100' is set on object 'Object Repository/Final Object Repo/New Registration - Registration Module Pages/Form 1/Locked Bag No'

2018-11-22 23:19:35 - [MESSAGE][PASSED] - Text '100' is set on object 'Object Repository/Final Object Repo/New Registration - Registration Module Pages/Form 1/Locked Bag No'

2018-11-22 23:19:35 - [TEST_STEP][PASSED] - click: Object: 'Object Repository/Final Object Repo/New Registration - Registration Module Pages/Form 1/SOCSO Office Location' is clicked on

2018-11-22 23:19:35 - [MESSAGE][PASSED] - Object: 'Object Repository/Final Object Repo/New Registration - Registration Module Pages/Form 1/SOCSO Office Location' is clicked on

2018-11-22 23:19:35 - [TEST_STEP][PASSED] - click: Object: 'Object Repository/Final Object Repo/New Registration - Registration Module Pages/Form 1/SOCSO Office Location - Pejabat PERKESO Negeri Johor' is clicked on

2018-11-22 23:19:35 - [MESSAGE][PASSED] - Object: 'Object Repository/Final Object Repo/New Registration - Registration Module Pages/Form 1/SOCSO Office Location - Pejabat PERKESO Negeri Johor' is clicked on

2018-11-22 23:19:35 - [TEST_STEP][PASSED] - delay: Delayed 1 second(s)

2018-11-22 23:19:36 - [MESSAGE][PASSED] - Delayed 1 second(s)

2018-11-22 23:19:36 - [TEST_STEP][PASSED] - check: Object 'Object Repository/Final Object Repo/New Registration - Registration Module Pages/Form 1/Indusrty Address Same As Postal Address' is checked

2018-11-22 23:19:36 - [MESSAGE][PASSED] - Object 'Object Repository/Final Object Repo/New Registration - Registration Module Pages/Form 1/Indusrty Address Same As Postal Address' is checked

2018-11-22 23:19:36 - [TEST_STEP][PASSED] - delay: Delayed 3 second(s)

2018-11-22 23:19:39 - [MESSAGE][PASSED] - Delayed 3 second(s)

2018-11-22 23:19:39 - [TEST_STEP][PASSED] - click: Object: 'Object Repository/Final Object Repo/New Registration - Registration Module Pages/Form 1/Indusry Address Same As Postal Address False' is clicked on

2018-11-22 23:19:40 - [MESSAGE][PASSED] - Object: 'Object Repository/Final Object Repo/New Registration - Registration Module Pages/Form 1/Indusry Address Same As Postal Address False' is clicked on

2018-11-22 23:19:40 - [TEST_STEP][PASSED] - delay: Delayed 1 second(s)

2018-11-22 23:19:41 - [MESSAGE][PASSED] - Delayed 1 second(s)

2018-11-22 23:19:41 - [TEST_STEP][PASSED] - setText: Text 'perkeso1' is set on object 'Object Repository/Final Object Repo/New Registration - Registration Module Pages/Form 1/Industry Address1'

2018-11-22 23:19:41 - [MESSAGE][PASSED] - Text 'perkeso1' is set on object 'Object Repository/Final Object Repo/New Registration - Registration Module Pages/Form 1/Industry Address1'

2018-11-22 23:19:41 - [TEST_STEP][PASSED] - setText: Text 'perkeso2' is set on object 'Object Repository/Final Object Repo/New Registration - Registration Module Pages/Form 1/Industry Address2'

2018-11-22 23:19:41 - [MESSAGE][PASSED] - Text 'perkeso2' is set on object 'Object Repository/Final Object Repo/New Registration - Registration Module Pages/Form 1/Industry Address2'

2018-11-22 23:19:41 - [TEST_STEP][PASSED] - setText: Text 'perkeso3' is set on object 'Object Repository/Final Object Repo/New Registration - Registration Module Pages/Form 1/Industry Address3'

2018-11-22 23:19:42 - [MESSAGE][PASSED] - Text 'perkeso3' is set on object 'Object Repository/Final Object Repo/New Registration - Registration Module Pages/Form 1/Industry Address3'

2018-11-22 23:19:42 - [TEST_STEP][PASSED] - click: Object: 'Object Repository/Final Object Repo/New Registration - Registration Module Pages/Form 1/Industry State' is clicked on

2018-11-22 23:19:42 - [MESSAGE][PASSED] - Object: 'Object Repository/Final Object Repo/New Registration - Registration Module Pages/Form 1/Industry State' is clicked on

2018-11-22 23:19:42 - [TEST_STEP][PASSED] - delay: Delayed 2 second(s)

2018-11-22 23:19:44 - [MESSAGE][PASSED] - Delayed 2 second(s)

2018-11-22 23:19:44 - [TEST_STEP][PASSED] - click: Object: 'Object Repository/Final Object Repo/New Registration - Registration Module Pages/Form 1/Industry State - Johor' is clicked on

2018-11-22 23:19:44 - [MESSAGE][PASSED] - Object: 'Object Repository/Final Object Repo/New Registration - Registration Module Pages/Form 1/Industry State - Johor' is clicked on

2018-11-22 23:19:44 - [TEST_STEP][PASSED] - delay: Delayed 2 second(s)

2018-11-22 23:19:46 - [MESSAGE][PASSED] - Delayed 2 second(s)

2018-11-22 23:19:46 - [TEST_STEP][PASSED] - click: Object: 'Object Repository/Final Object Repo/New Registration - Registration Module Pages/Form 1/Industry Ciry' is clicked on

2018-11-22 23:19:46 - [MESSAGE][PASSED] - Object: 'Object Repository/Final Object Repo/New Registration - Registration Module Pages/Form 1/Industry Ciry' is clicked on

2018-11-22 23:19:46 - [TEST_STEP][PASSED] - setText: Text 'joh' is set on object 'Object Repository/Final Object Repo/New Registration - Registration Module Pages/Form 1/Industry Ciry - joh'

2018-11-22 23:19:46 - [MESSAGE][PASSED] - Text 'joh' is set on object 'Object Repository/Final Object Repo/New Registration - Registration Module Pages/Form 1/Industry Ciry - joh'

2018-11-22 23:19:46 - [TEST_STEP][PASSED] - delay: Delayed 2 second(s)

2018-11-22 23:19:48 - [MESSAGE][PASSED] - Delayed 2 second(s)

2018-11-22 23:19:48 - [TEST_STEP][PASSED] - click: Object: 'Object Repository/Final Object Repo/New Registration - Registration Module Pages/Form 1/Industy State - Johor Bharu' is clicked on

2018-11-22 23:19:49 - [MESSAGE][PASSED] - Object: 'Object Repository/Final Object Repo/New Registration - Registration Module Pages/Form 1/Industy State - Johor Bharu' is clicked on

2018-11-22 23:19:49 - [TEST_STEP][PASSED] - delay: Delayed 1 second(s)

2018-11-22 23:19:50 - [MESSAGE][PASSED] - Delayed 1 second(s)

2018-11-22 23:19:50 - [TEST_STEP][PASSED] - click: Object: 'Object Repository/Final Object Repo/New Registration - Registration Module Pages/Form 1/Indusry PostCode' is clicked on

2018-11-22 23:19:50 - [MESSAGE][PASSED] - Object: 'Object Repository/Final Object Repo/New Registration - Registration Module Pages/Form 1/Indusry PostCode' is clicked on

2018-11-22 23:19:50 - [TEST_STEP][PASSED] - delay: Delayed 1 second(s)

2018-11-22 23:19:51 - [MESSAGE][PASSED] - Delayed 1 second(s)

2018-11-22 23:19:51 - [TEST_STEP][PASSED] - setText: Text '810' is set on object 'Object Repository/Final Object Repo/New Registration - Registration Module Pages/Form 1/Insutry Post Code - 810'

2018-11-22 23:19:51 - [MESSAGE][PASSED] - Text '810' is set on object 'Object Repository/Final Object Repo/New Registration - Registration Module Pages/Form 1/Insutry Post Code - 810'

2018-11-22 23:19:51 - [TEST_STEP][PASSED] - delay: Delayed 1 second(s)

2018-11-22 23:19:52 - [MESSAGE][PASSED] - Delayed 1 second(s)

2018-11-22 23:19:52 - [TEST_STEP][PASSED] - click: Object: 'Object Repository/Final Object Repo/New Registration - Registration Module Pages/Form 1/Insutry Post Code - 81000' is clicked on

2018-11-22 23:19:52 - [MESSAGE][PASSED] - Object: 'Object Repository/Final Object Repo/New Registration - Registration Module Pages/Form 1/Insutry Post Code - 81000' is clicked on

2018-11-22 23:19:52 - [TEST_STEP][PASSED] - delay: Delayed 1 second(s)

2018-11-22 23:19:53 - [MESSAGE][PASSED] - Delayed 1 second(s)

2018-11-22 23:19:53 - [TEST_STEP][PASSED] - setText: Text '100' is set on object 'Object Repository/Final Object Repo/New Registration - Registration Module Pages/Form 1/Industry P.O.BOX'

2018-11-22 23:19:53 - [MESSAGE][PASSED] - Text '100' is set on object 'Object Repository/Final Object Repo/New Registration - Registration Module Pages/Form 1/Industry P.O.BOX'

2018-11-22 23:19:53 - [TEST_STEP][PASSED] - setText: Text '100' is set on object 'Object Repository/Final Object Repo/New Registration - Registration Module Pages/Form 1/Industry Locked Bag No'

2018-11-22 23:19:54 - [MESSAGE][PASSED] - Text '100' is set on object 'Object Repository/Final Object Repo/New Registration - Registration Module Pages/Form 1/Industry Locked Bag No'

2018-11-22 23:19:54 - [TEST_STEP][PASSED] - setText: Text '123456789' is set on object 'Object Repository/Final Object Repo/New Registration - Registration Module Pages/Form 1/Telephone No'

2018-11-22 23:19:54 - [MESSAGE][PASSED] - Text '123456789' is set on object 'Object Repository/Final Object Repo/New Registration - Registration Module Pages/Form 1/Telephone No'

2018-11-22 23:19:54 - [TEST_STEP][PASSED] - setText: Text '123456789' is set on object 'Object Repository/Final Object Repo/New Registration - Registration Module Pages/Form 1/Mobile No'

2018-11-22 23:19:54 - [MESSAGE][PASSED] - Text '123456789' is set on object 'Object Repository/Final Object Repo/New Registration - Registration Module Pages/Form 1/Mobile No'

2018-11-22 23:19:54 - [TEST_STEP][PASSED] - setText: Text '123456789' is set on object 'Object Repository/Final Object Repo/New Registration - Registration Module Pages/Form 1/Fax No'

2018-11-22 23:19:55 - [MESSAGE][PASSED] - Text '123456789' is set on object 'Object Repository/Final Object Repo/New Registration - Registration Module Pages/Form 1/Fax No'

2018-11-22 23:19:55 - [TEST_STEP][PASSED] - click: Object: 'Object Repository/Final Object Repo/New Registration - Registration Module Pages/Form 1/Industry Code' is clicked on

2018-11-22 23:19:55 - [MESSAGE][PASSED] - Object: 'Object Repository/Final Object Repo/New Registration - Registration Module Pages/Form 1/Industry Code' is clicked on

2018-11-22 23:19:55 - [TEST_STEP][PASSED] - click: Object: 'Object Repository/Final Object Repo/New Registration - Registration Module Pages/Form 1/Indudustry Code - Crops and Animal' is clicked on

2018-11-22 23:19:55 - [MESSAGE][PASSED] - Object: 'Object Repository/Final Object Repo/New Registration - Registration Module Pages/Form 1/Indudustry Code - Crops and Animal' is clicked on

2018-11-22 23:19:55 - [TEST_STEP][PASSED] - delay: Delayed 1 second(s)

2018-11-22 23:19:56 - [MESSAGE][PASSED] - Delayed 1 second(s)

2018-11-22 23:19:56 - [TEST_STEP][PASSED] - click: Object: 'Object Repository/Final Object Repo/New Registration - Registration Module Pages/Form 1/Sub Industry Code List' is clicked on

2018-11-22 23:19:57 - [MESSAGE][PASSED] - Object: 'Object Repository/Final Object Repo/New Registration - Registration Module Pages/Form 1/Sub Industry Code List' is clicked on

2018-11-22 23:19:57 - [TEST_STEP][PASSED] - click: Object: 'Object Repository/Final Object Repo/New Registration - Registration Module Pages/Form 1/Sub Industry Code List - Growing of Maize' is clicked on

2018-11-22 23:19:57 - [MESSAGE][PASSED] - Object: 'Object Repository/Final Object Repo/New Registration - Registration Module Pages/Form 1/Sub Industry Code List - Growing of Maize' is clicked on

2018-11-22 23:19:57 - [TEST_STEP][PASSED] - setText: Text 'perkeso123@gmail.com' is set on object 'Object Repository/Final Object Repo/New Registration - Registration Module Pages/Form 1/Email'

2018-11-22 23:19:57 - [MESSAGE][PASSED] - Text 'perkeso123@gmail.com' is set on object 'Object Repository/Final Object Repo/New Registration - Registration Module Pages/Form 1/Email'

2018-11-22 23:19:57 - [TEST_STEP][PASSED] - click: Object: 'Object Repository/Final Object Repo/New Registration - Registration Module Pages/Form 1/Method of Contribution Payment' is clicked on

2018-11-22 23:19:57 - [MESSAGE][PASSED] - Object: 'Object Repository/Final Object Repo/New Registration - Registration Module Pages/Form 1/Method of Contribution Payment' is clicked on

2018-11-22 23:19:57 - [TEST_STEP][PASSED] - click: Object: 'Object Repository/Final Object Repo/New Registration - Registration Module Pages/Form 1/Method of Contribution Payment - Portal' is clicked on

2018-11-22 23:19:58 - [MESSAGE][PASSED] - Object: 'Object Repository/Final Object Repo/New Registration - Registration Module Pages/Form 1/Method of Contribution Payment - Portal' is clicked on

2018-11-22 23:19:58 - [TEST_STEP][PASSED] - click: Object: 'Object Repository/Final Object Repo/New Registration - Registration Module Pages/Form 1/Servide Type' is clicked on

2018-11-22 23:19:58 - [MESSAGE][PASSED] - Object: 'Object Repository/Final Object Repo/New Registration - Registration Module Pages/Form 1/Servide Type' is clicked on

2018-11-22 23:19:58 - [TEST_STEP][PASSED] - click: Object: 'Object Repository/Final Object Repo/New Registration - Registration Module Pages/Form 1/Servide Type - Professional Bodies' is clicked on

2018-11-22 23:19:58 - [MESSAGE][PASSED] - Object: 'Object Repository/Final Object Repo/New Registration - Registration Module Pages/Form 1/Servide Type - Professional Bodies' is clicked on

2018-11-22 23:19:58 - [TEST_STEP][PASSED] - click: Object: 'Object Repository/Final Object Repo/New Registration - Registration Module Pages/Form 1/Industry Venue' is clicked on

2018-11-22 23:19:58 - [MESSAGE][PASSED] - Object: 'Object Repository/Final Object Repo/New Registration - Registration Module Pages/Form 1/Industry Venue' is clicked on

2018-11-22 23:19:58 - [TEST_STEP][PASSED] - click: Object: 'Object Repository/Final Object Repo/New Registration - Registration Module Pages/Form 1/Industry Venue -  PPN JOHOR' is clicked on

2018-11-22 23:19:58 - [MESSAGE][PASSED] - Object: 'Object Repository/Final Object Repo/New Registration - Registration Module Pages/Form 1/Industry Venue -  PPN JOHOR' is clicked on

2018-11-22 23:19:58 - [TEST_STEP][PASSED] - click: Object: 'Object Repository/Final Object Repo/New Registration - Registration Module Pages/Form 1/Save  Continue' is clicked on

2018-11-22 23:19:59 - [MESSAGE][PASSED] - Object: 'Object Repository/Final Object Repo/New Registration - Registration Module Pages/Form 1/Save  Continue' is clicked on

2018-11-22 23:19:59 - [MESSAGE][PASSED] - Call Test Case 'Test Cases/Final Aug 2018 - PKS Automation/Registration Module/New Registration/Form 1/Form 1 - Corporation - BHD' successfully

2018-11-22 23:19:59 - [TEST_STEP][PASSED] - callTestCase: Call Test Case 'Test Cases/Final Aug 2018 - PKS Automation/Registration Module/New Registration/Form 2/Add 1 Eligible' successfully

2018-11-22 23:19:59 - [TEST_CASE][PASSED] - Test Cases/Final Aug 2018 - PKS Automation/Registration Module/New Registration/Form 2/Add 1 Eligible: Test Cases/Final Aug 2018 - PKS Automation/Registration Module/New Registration/Form 2/Add 1 Eligible

2018-11-22 23:19:59 - [TEST_STEP][PASSED] - delay: Delayed 2 second(s)

2018-11-22 23:20:01 - [MESSAGE][PASSED] - Delayed 2 second(s)

2018-11-22 23:20:01 - [TEST_STEP][PASSED] - callTestCase: Call Test Case 'Test Cases/Final Aug 2018 - PKS Automation/Registration Module/New Registration/Form 2/Date Updater' successfully

2018-11-22 23:20:01 - [TEST_CASE][PASSED] - Test Cases/Final Aug 2018 - PKS Automation/Registration Module/New Registration/Form 2/Date Updater: Test Cases/Final Aug 2018 - PKS Automation/Registration Module/New Registration/Form 2/Date Updater

2018-11-22 23:20:01 - [TEST_STEP][PASSED] - Statement - TodayDate = new java.util.Date(): null

2018-11-22 23:20:01 - [TEST_STEP][PASSED] - Statement - CurrentDateNoFilter = new java.text.SimpleDateFormat(): null

2018-11-22 23:20:01 - [TEST_STEP][PASSED] - Statement - CurrentDateNoFilter.applyPattern("dd"): null

2018-11-22 23:20:01 - [TEST_STEP][PASSED] - Statement - CurrentDate = CurrentDateNoFilter.format(TodayDate): null

2018-11-22 23:20:01 - [TEST_STEP][PASSED] - Statement - CurrentDate = java.lang.Integer.parseInt(CurrentDate): null

2018-11-22 23:20:01 - [TEST_STEP][PASSED] - Statement - CurrentDate = CurrentDate: null

2018-11-22 23:20:01 - [TEST_STEP][PASSED] - Statement - CurrentDay = java.lang.Integer.parseInt(CurrentDate): null

2018-11-22 23:20:01 - [TEST_STEP][PASSED] - Statement - aDayBefore = CurrentDay + 1: null

2018-11-22 23:20:01 - [TEST_STEP][PASSED] - Statement - DayBefore = aDayBefore.toString(): null

2018-11-22 23:20:01 - [TEST_STEP][PASSED] - Statement - OneDayBefore = DayBefore: null

2018-11-22 23:20:01 - [TEST_STEP][PASSED] - Statement - CurrentDateNoFilter.applyPattern("MM"): null

2018-11-22 23:20:01 - [TEST_STEP][PASSED] - Statement - monthContainerMatcher = java.lang.Integer.parseInt(CurrentDateNoFilter.format(TodayDate)): null

2018-11-22 23:20:01 - [TEST_STEP][PASSED] - Statement - monthContainerMatcher = monthContainerMatcher - 1: null

2018-11-22 23:20:01 - [TEST_STEP][PASSED] - Statement - CurrentMonth = monthContainerMatcher.toString(): null

2018-11-22 23:20:01 - [TEST_STEP][PASSED] - Statement - CurrentMonth = CurrentMonth: null

2018-11-22 23:20:01 - [TEST_STEP][PASSED] - Statement - CurrentDateNoFilter.applyPattern("yyyy"): null

2018-11-22 23:20:01 - [TEST_STEP][PASSED] - Statement - CurrentYear = CurrentDateNoFilter.format(TodayDate): null

2018-11-22 23:20:01 - [TEST_STEP][PASSED] - Statement - CurrentYear = CurrentYear: null

2018-11-22 23:20:01 - [TEST_STEP][PASSED] - Statement - intCurrentYear = java.lang.Integer.parseInt(CurrentDateNoFilter.format(TodayDate)): null

2018-11-22 23:20:01 - [TEST_STEP][PASSED] - Statement - eighteenYrsAgo = intCurrentYear - 18: null

2018-11-22 23:20:01 - [TEST_STEP][PASSED] - Statement - eighteenYrsBeforeThisYr = eighteenYrsAgo.toString(): null

2018-11-22 23:20:01 - [TEST_STEP][PASSED] - Statement - EighteenYrsBefore = eighteenYrsBeforeThisYr: null

2018-11-22 23:20:01 - [TEST_STEP][PASSED] - Statement - fiftysevenYrsAgo = intCurrentYear - 57: null

2018-11-22 23:20:01 - [TEST_STEP][PASSED] - Statement - fiftysevenYrsBeforeThisYr = fiftysevenYrsAgo.toString(): null

2018-11-22 23:20:01 - [TEST_STEP][PASSED] - Statement - FiftysevenYrsBefore = fiftysevenYrsBeforeThisYr: null

2018-11-22 23:20:01 - [MESSAGE][PASSED] - Call Test Case 'Test Cases/Final Aug 2018 - PKS Automation/Registration Module/New Registration/Form 2/Date Updater' successfully

2018-11-22 23:20:01 - [TEST_STEP][PASSED] - delay: Delayed 1 second(s)

2018-11-22 23:20:02 - [MESSAGE][PASSED] - Delayed 1 second(s)

2018-11-22 23:20:02 - [TEST_STEP][PASSED] - Statement - CaseReferenceNo = com.kms.katalon.core.webui.keyword.WebUiBuiltInKeywords.getText(com.kms.katalon.core.testobject.ObjectRepository.findTestObject(Final Object Repo/New Registration - Registration Module Pages/Form 2/RefNo Acquiring)): Text of object 'Object Repository/Final Object Repo/New Registration - Registration Module Pages/Form 2/RefNo Acquiring' is: 'CRN11201800122709'

2018-11-22 23:20:02 - [MESSAGE][PASSED] - Text of object 'Object Repository/Final Object Repo/New Registration - Registration Module Pages/Form 2/RefNo Acquiring' is: 'CRN11201800122709'

2018-11-22 23:20:02 - [TEST_STEP][PASSED] - delay: Delayed 1 second(s)

2018-11-22 23:20:03 - [MESSAGE][PASSED] - Delayed 1 second(s)

2018-11-22 23:20:03 - [TEST_STEP][PASSED] - click: Object: 'Object Repository/Final Object Repo/New Registration - Registration Module Pages/Form 2/Add Employee Button' is clicked on

2018-11-22 23:20:03 - [MESSAGE][PASSED] - Object: 'Object Repository/Final Object Repo/New Registration - Registration Module Pages/Form 2/Add Employee Button' is clicked on

2018-11-22 23:20:03 - [TEST_STEP][PASSED] - delay: Delayed 1 second(s)

2018-11-22 23:20:04 - [MESSAGE][PASSED] - Delayed 1 second(s)

2018-11-22 23:20:04 - [TEST_STEP][PASSED] - setText: Text '010903091963' is set on object 'Object Repository/Final Object Repo/New Registration - Registration Module Pages/Form 2/NRIC Input'

2018-11-22 23:20:04 - [MESSAGE][PASSED] - Text '010903091963' is set on object 'Object Repository/Final Object Repo/New Registration - Registration Module Pages/Form 2/NRIC Input'

2018-11-22 23:20:04 - [TEST_STEP][PASSED] - click: Object: 'Object Repository/Final Object Repo/New Registration - Registration Module Pages/Form 2/button for search for IC' is clicked on

2018-11-22 23:20:05 - [MESSAGE][PASSED] - Object: 'Object Repository/Final Object Repo/New Registration - Registration Module Pages/Form 2/button for search for IC' is clicked on

2018-11-22 23:20:05 - [TEST_STEP][PASSED] - delay: Delayed 2 second(s)

2018-11-22 23:20:07 - [MESSAGE][PASSED] - Delayed 2 second(s)

2018-11-22 23:20:07 - [TEST_STEP][PASSED] - setText: Text 'Automate001 eligible 1' is set on object 'Object Repository/Final Object Repo/New Registration - Registration Module Pages/Form 2/Employee Name Input'

2018-11-22 23:20:07 - [MESSAGE][PASSED] - Text 'Automate001 eligible 1' is set on object 'Object Repository/Final Object Repo/New Registration - Registration Module Pages/Form 2/Employee Name Input'

2018-11-22 23:20:07 - [TEST_STEP][PASSED] - delay: Delayed 2 second(s)

2018-11-22 23:20:09 - [MESSAGE][PASSED] - Delayed 2 second(s)

2018-11-22 23:20:09 - [TEST_STEP][PASSED] - click: Object: 'Object Repository/Final Object Repo/New Registration - Registration Module Pages/Form 2/DatePicker Pop Up' is clicked on

2018-11-22 23:20:09 - [MESSAGE][PASSED] - Object: 'Object Repository/Final Object Repo/New Registration - Registration Module Pages/Form 2/DatePicker Pop Up' is clicked on

2018-11-22 23:20:09 - [TEST_STEP][PASSED] - click: Object: 'Object Repository/Final Object Repo/New Registration - Registration Module Pages/Form 2/DOB Month' is clicked on

2018-11-22 23:20:10 - [MESSAGE][PASSED] - Object: 'Object Repository/Final Object Repo/New Registration - Registration Module Pages/Form 2/DOB Month' is clicked on

2018-11-22 23:20:10 - [TEST_STEP][PASSED] - Statement - CurrentMonth = CurrentMonth: null

2018-11-22 23:20:10 - [TEST_STEP][PASSED] - Statement - selectMonth = new com.kms.katalon.core.testobject.TestObject(): null

2018-11-22 23:20:10 - [TEST_STEP][PASSED] - Statement - selectMonth.addProperty("xpath", EQUALS, "//body/div/div/div/select/option[@value='" + CurrentMonth + "']", true): null

2018-11-22 23:20:10 - [TEST_STEP][PASSED] - click: Object: '' is clicked on

2018-11-22 23:20:10 - [MESSAGE][PASSED] - Object: '' is clicked on

2018-11-22 23:20:10 - [TEST_STEP][PASSED] - click: Object: 'Object Repository/Final Object Repo/New Registration - Registration Module Pages/Form 2/DOB Year' is clicked on

2018-11-22 23:20:10 - [MESSAGE][PASSED] - Object: 'Object Repository/Final Object Repo/New Registration - Registration Module Pages/Form 2/DOB Year' is clicked on

2018-11-22 23:20:10 - [TEST_STEP][PASSED] - Statement - Eyearsbf = EighteenYrsBefore: null

2018-11-22 23:20:10 - [TEST_STEP][PASSED] - Statement - selectYear = new com.kms.katalon.core.testobject.TestObject(): null

2018-11-22 23:20:10 - [TEST_STEP][PASSED] - Statement - selectYear.addProperty("xpath", EQUALS, "//div/div/div/select/option[@value='" + Eyearsbf + "']", true): null

2018-11-22 23:20:10 - [TEST_STEP][PASSED] - click: Object: '' is clicked on

2018-11-22 23:20:10 - [MESSAGE][PASSED] - Object: '' is clicked on

2018-11-22 23:20:10 - [TEST_STEP][PASSED] - Statement - UpdatedSelectDate = com.kms.katalon.core.webui.keyword.WebUiBuiltInKeywords.modifyObjectProperty(com.kms.katalon.core.testobject.ObjectRepository.findTestObject(Final Object Repo/New Registration - Registration Module Pages/Form 2/DOB Date), "xpath", "equals", "//body/div/table/tbody/tr/td/a[text()="" + CurrentDate + ""]", true): Modify property of object successfully

2018-11-22 23:20:10 - [MESSAGE][PASSED] - Modify property of object successfully

2018-11-22 23:20:10 - [TEST_STEP][PASSED] - delay: Delayed 3 second(s)

2018-11-22 23:20:13 - [MESSAGE][PASSED] - Delayed 3 second(s)

2018-11-22 23:20:13 - [TEST_STEP][PASSED] - click: Object: 'Object Repository/Final Object Repo/New Registration - Registration Module Pages/Form 2/DOB Date' is clicked on

2018-11-22 23:20:13 - [MESSAGE][PASSED] - Object: 'Object Repository/Final Object Repo/New Registration - Registration Module Pages/Form 2/DOB Date' is clicked on

2018-11-22 23:20:13 - [TEST_STEP][PASSED] - delay: Delayed 2 second(s)

2018-11-22 23:20:15 - [MESSAGE][PASSED] - Delayed 2 second(s)

2018-11-22 23:20:15 - [TEST_STEP][PASSED] - click: Object: 'Object Repository/Final Object Repo/New Registration - Registration Module Pages/Form 2/EmploymentStartDate Pop Up' is clicked on

2018-11-22 23:20:15 - [MESSAGE][PASSED] - Object: 'Object Repository/Final Object Repo/New Registration - Registration Module Pages/Form 2/EmploymentStartDate Pop Up' is clicked on

2018-11-22 23:20:15 - [TEST_STEP][PASSED] - delay: Delayed 2 second(s)

2018-11-22 23:20:17 - [MESSAGE][PASSED] - Delayed 2 second(s)

2018-11-22 23:20:17 - [TEST_STEP][PASSED] - click: Object: 'Object Repository/Final Object Repo/New Registration - Registration Module Pages/Form 2/Socso Employment StartDate Month' is clicked on

2018-11-22 23:20:17 - [MESSAGE][PASSED] - Object: 'Object Repository/Final Object Repo/New Registration - Registration Module Pages/Form 2/Socso Employment StartDate Month' is clicked on

2018-11-22 23:20:17 - [TEST_STEP][PASSED] - delay: Delayed 1 second(s)

2018-11-22 23:20:18 - [MESSAGE][PASSED] - Delayed 1 second(s)

2018-11-22 23:20:18 - [TEST_STEP][PASSED] - click: Object: 'Object Repository/Final Object Repo/New Registration - Registration Module Pages/Form 2/Select Socso Employement Startdate Month' is clicked on

2018-11-22 23:20:19 - [MESSAGE][PASSED] - Object: 'Object Repository/Final Object Repo/New Registration - Registration Module Pages/Form 2/Select Socso Employement Startdate Month' is clicked on

2018-11-22 23:20:19 - [TEST_STEP][PASSED] - delay: Delayed 2 second(s)

2018-11-22 23:20:21 - [MESSAGE][PASSED] - Delayed 2 second(s)

2018-11-22 23:20:21 - [TEST_STEP][PASSED] - click: Object: 'Object Repository/Final Object Repo/New Registration - Registration Module Pages/Form 2/Socso Employment StartDate Year' is clicked on

2018-11-22 23:20:21 - [MESSAGE][PASSED] - Object: 'Object Repository/Final Object Repo/New Registration - Registration Module Pages/Form 2/Socso Employment StartDate Year' is clicked on

2018-11-22 23:20:21 - [TEST_STEP][PASSED] - delay: Delayed 1 second(s)

2018-11-22 23:20:22 - [MESSAGE][PASSED] - Delayed 1 second(s)

2018-11-22 23:20:22 - [TEST_STEP][PASSED] - click: Object: 'Object Repository/Final Object Repo/New Registration - Registration Module Pages/Form 2/Select Socso Employment Startdate Year' is clicked on

2018-11-22 23:20:22 - [MESSAGE][PASSED] - Object: 'Object Repository/Final Object Repo/New Registration - Registration Module Pages/Form 2/Select Socso Employment Startdate Year' is clicked on

2018-11-22 23:20:22 - [TEST_STEP][PASSED] - delay: Delayed 2 second(s)

2018-11-22 23:20:24 - [MESSAGE][PASSED] - Delayed 2 second(s)

2018-11-22 23:20:24 - [TEST_STEP][PASSED] - click: Object: 'Object Repository/Final Object Repo/New Registration - Registration Module Pages/Form 2/Socso Employment Start Date Day' is clicked on

2018-11-22 23:20:24 - [MESSAGE][PASSED] - Object: 'Object Repository/Final Object Repo/New Registration - Registration Module Pages/Form 2/Socso Employment Start Date Day' is clicked on

2018-11-22 23:20:24 - [TEST_STEP][PASSED] - delay: Delayed 2 second(s)

2018-11-22 23:20:26 - [MESSAGE][PASSED] - Delayed 2 second(s)

2018-11-22 23:20:26 - [TEST_STEP][PASSED] - click: Object: 'Object Repository/Final Object Repo/New Registration - Registration Module Pages/Form 2/Save Button for Add Employee' is clicked on

2018-11-22 23:20:26 - [MESSAGE][PASSED] - Object: 'Object Repository/Final Object Repo/New Registration - Registration Module Pages/Form 2/Save Button for Add Employee' is clicked on

2018-11-22 23:20:26 - [TEST_STEP][PASSED] - delay: Delayed 6 second(s)

2018-11-22 23:20:32 - [MESSAGE][PASSED] - Delayed 6 second(s)

2018-11-22 23:20:32 - [TEST_STEP][PASSED] - click: Object: 'Object Repository/Final Object Repo/New Registration - Registration Module Pages/Form 2/Save and Continue Form 2' is clicked on

2018-11-22 23:20:33 - [MESSAGE][PASSED] - Object: 'Object Repository/Final Object Repo/New Registration - Registration Module Pages/Form 2/Save and Continue Form 2' is clicked on

2018-11-22 23:20:33 - [MESSAGE][PASSED] - Call Test Case 'Test Cases/Final Aug 2018 - PKS Automation/Registration Module/New Registration/Form 2/Add 1 Eligible' successfully

2018-11-22 23:20:33 - [TEST_STEP][PASSED] - callTestCase: Call Test Case 'Test Cases/Final Aug 2018 - PKS Automation/Registration Module/New Registration/Flow of New Registration/Third Screen - Upload Supporting Doc - Preview' successfully

2018-11-22 23:20:33 - [TEST_CASE][PASSED] - Test Cases/Final Aug 2018 - PKS Automation/Registration Module/New Registration/Flow of New Registration/Third Screen - Upload Supporting Doc - Preview: Test Cases/Final Aug 2018 - PKS Automation/Registration Module/New Registration/Flow of New Registration/Third Screen - Upload Supporting Doc - Preview

2018-11-22 23:20:33 - [TEST_STEP][PASSED] - waitForPageLoad: Wait for page load successfully

2018-11-22 23:20:33 - [MESSAGE][PASSED] - Wait for page load successfully

2018-11-22 23:20:33 - [TEST_STEP][PASSED] - Statement - CaseReferenceNo = com.kms.katalon.core.webui.keyword.WebUiBuiltInKeywords.getText(com.kms.katalon.core.testobject.ObjectRepository.findTestObject(Final Object Repo/New Registration - Registration Module Pages/Third Screen - Upload Supporting Doc- Preview/RefNo Acquiring)): Text of object 'Object Repository/Final Object Repo/New Registration - Registration Module Pages/Third Screen - Upload Supporting Doc- Preview/RefNo Acquiring' is: 'CRN11201800122709'

2018-11-22 23:20:33 - [MESSAGE][PASSED] - Text of object 'Object Repository/Final Object Repo/New Registration - Registration Module Pages/Third Screen - Upload Supporting Doc- Preview/RefNo Acquiring' is: 'CRN11201800122709'

2018-11-22 23:20:33 - [TEST_STEP][PASSED] - delay: Delayed 2 second(s)

2018-11-22 23:20:35 - [MESSAGE][PASSED] - Delayed 2 second(s)

2018-11-22 23:20:35 - [TEST_STEP][PASSED] - callTestCase: Call Test Case 'Test Cases/Final Aug 2018 - PKS Automation/Common/Reference Number Setter' successfully

2018-11-22 23:20:35 - [TEST_CASE][PASSED] - Test Cases/Final Aug 2018 - PKS Automation/Common/Reference Number Setter: Test Cases/Final Aug 2018 - PKS Automation/Common/Reference Number Setter

2018-11-22 23:20:35 - [TEST_STEP][PASSED] - Statement - RefNoOldFile = new java.io.File(C://Users//Admin//Desktop//PKS//Automation Reference Point//KatalonReference.txt): null

2018-11-22 23:20:35 - [TEST_STEP][PASSED] - Statement - RefNoOldFile.delete(): null

2018-11-22 23:20:35 - [TEST_STEP][PASSED] - delay: Delayed 5 second(s)

2018-11-22 23:20:40 - [MESSAGE][PASSED] - Delayed 5 second(s)

2018-11-22 23:20:40 - [TEST_STEP][PASSED] - Statement - RefNo = new java.io.File(C://Users//Admin//Desktop//PKS//Automation Reference Point//KatalonReference.txt): null

2018-11-22 23:20:40 - [TEST_STEP][PASSED] - Statement - f2 = new java.io.FileWriter(RefNo, false): null

2018-11-22 23:20:40 - [TEST_STEP][PASSED] - Statement - f2.write(CaseReferenceNo): null

2018-11-22 23:20:40 - [TEST_STEP][PASSED] - Statement - f2.close(): null

2018-11-22 23:20:40 - [TEST_STEP][PASSED] - Statement - out.println("


" + CaseReferenceNo + "


"): null

2018-11-22 23:20:40 - [MESSAGE][PASSED] - Call Test Case 'Test Cases/Final Aug 2018 - PKS Automation/Common/Reference Number Setter' successfully

2018-11-22 23:20:40 - [TEST_STEP][PASSED] - waitForElementClickable: Object 'Object Repository/Final Object Repo/New Registration - Registration Module Pages/Third Screen - Upload Supporting Doc- Preview/Save n Continue in SIP Employee Listing Page' is clickable

2018-11-22 23:20:41 - [MESSAGE][PASSED] - Object 'Object Repository/Final Object Repo/New Registration - Registration Module Pages/Third Screen - Upload Supporting Doc- Preview/Save n Continue in SIP Employee Listing Page' is clickable

2018-11-22 23:20:41 - [TEST_STEP][PASSED] - click: Object: 'Object Repository/Final Object Repo/New Registration - Registration Module Pages/Third Screen - Upload Supporting Doc- Preview/Save n Continue in SIP Employee Listing Page' is clicked on

2018-11-22 23:20:46 - [MESSAGE][PASSED] - Object: 'Object Repository/Final Object Repo/New Registration - Registration Module Pages/Third Screen - Upload Supporting Doc- Preview/Save n Continue in SIP Employee Listing Page' is clicked on

2018-11-22 23:20:46 - [TEST_STEP][PASSED] - delay: Delayed 7 second(s)

2018-11-22 23:20:53 - [MESSAGE][PASSED] - Delayed 7 second(s)

2018-11-22 23:20:53 - [TEST_STEP][PASSED] - click: Object: 'Object Repository/Final Object Repo/New Registration - Registration Module Pages/Third Screen - Upload Supporting Doc- Preview/Add Document Button' is clicked on

2018-11-22 23:20:53 - [MESSAGE][PASSED] - Object: 'Object Repository/Final Object Repo/New Registration - Registration Module Pages/Third Screen - Upload Supporting Doc- Preview/Add Document Button' is clicked on

2018-11-22 23:20:53 - [TEST_STEP][PASSED] - delay: Delayed 30 second(s)

2018-11-22 23:21:23 - [MESSAGE][PASSED] - Delayed 30 second(s)

2018-11-22 23:21:23 - [TEST_STEP][PASSED] - click: Object: 'Object Repository/Final Object Repo/New Registration - Registration Module Pages/Third Screen - Upload Supporting Doc- Preview/Supporting Doc Please Select Drop Down' is clicked on

2018-11-22 23:21:23 - [MESSAGE][PASSED] - Object: 'Object Repository/Final Object Repo/New Registration - Registration Module Pages/Third Screen - Upload Supporting Doc- Preview/Supporting Doc Please Select Drop Down' is clicked on

2018-11-22 23:21:23 - [TEST_STEP][PASSED] - delay: Delayed 2 second(s)

2018-11-22 23:21:25 - [MESSAGE][PASSED] - Delayed 2 second(s)

2018-11-22 23:21:25 - [TEST_STEP][PASSED] - click: Object: 'Object Repository/Final Object Repo/New Registration - Registration Module Pages/Third Screen - Upload Supporting Doc- Preview/Select to Upload Form 1' is clicked on

2018-11-22 23:21:25 - [MESSAGE][PASSED] - Object: 'Object Repository/Final Object Repo/New Registration - Registration Module Pages/Third Screen - Upload Supporting Doc- Preview/Select to Upload Form 1' is clicked on

2018-11-22 23:21:25 - [TEST_STEP][PASSED] - delay: Delayed 2 second(s)

2018-11-22 23:21:27 - [MESSAGE][PASSED] - Delayed 2 second(s)

2018-11-22 23:21:27 - [TEST_STEP][PASSED] - uploadFile: File 'C:\Users\Public\Pictures\Sample Pictures\Koala.jpg' sent to object: 'Object Repository/Final Object Repo/New Registration - Registration Module Pages/Third Screen - Upload Supporting Doc- Preview/Upload File Adding'

2018-11-22 23:21:27 - [MESSAGE][PASSED] - File 'C:\Users\Public\Pictures\Sample Pictures\Koala.jpg' sent to object: 'Object Repository/Final Object Repo/New Registration - Registration Module Pages/Third Screen - Upload Supporting Doc- Preview/Upload File Adding'

2018-11-22 23:21:27 - [TEST_STEP][PASSED] - delay: Delayed 5 second(s)

2018-11-22 23:21:32 - [MESSAGE][PASSED] - Delayed 5 second(s)

2018-11-22 23:21:32 - [TEST_STEP][PASSED] - click: Object: 'Object Repository/Final Object Repo/New Registration - Registration Module Pages/Third Screen - Upload Supporting Doc- Preview/Inner Form Add Document Button' is clicked on

2018-11-22 23:21:33 - [MESSAGE][PASSED] - Object: 'Object Repository/Final Object Repo/New Registration - Registration Module Pages/Third Screen - Upload Supporting Doc- Preview/Inner Form Add Document Button' is clicked on

2018-11-22 23:21:33 - [TEST_STEP][PASSED] - delay: Delayed 3 second(s)

2018-11-22 23:21:36 - [MESSAGE][PASSED] - Delayed 3 second(s)

2018-11-22 23:21:36 - [TEST_STEP][PASSED] - click: Object: 'Object Repository/Final Object Repo/New Registration - Registration Module Pages/Third Screen - Upload Supporting Doc- Preview/Add Document Button' is clicked on

2018-11-22 23:21:37 - [MESSAGE][PASSED] - Object: 'Object Repository/Final Object Repo/New Registration - Registration Module Pages/Third Screen - Upload Supporting Doc- Preview/Add Document Button' is clicked on

2018-11-22 23:21:37 - [TEST_STEP][PASSED] - delay: Delayed 30 second(s)

2018-11-22 23:22:07 - [MESSAGE][PASSED] - Delayed 30 second(s)

2018-11-22 23:22:07 - [TEST_STEP][PASSED] - click: Object: 'Object Repository/Final Object Repo/New Registration - Registration Module Pages/Third Screen - Upload Supporting Doc- Preview/Supporting Doc Please Select Drop Down' is clicked on

2018-11-22 23:22:07 - [MESSAGE][PASSED] - Object: 'Object Repository/Final Object Repo/New Registration - Registration Module Pages/Third Screen - Upload Supporting Doc- Preview/Supporting Doc Please Select Drop Down' is clicked on

2018-11-22 23:22:07 - [TEST_STEP][PASSED] - delay: Delayed 2 second(s)

2018-11-22 23:22:09 - [MESSAGE][PASSED] - Delayed 2 second(s)

2018-11-22 23:22:09 - [TEST_STEP][PASSED] - click: Object: 'Object Repository/Final Object Repo/New Registration - Registration Module Pages/Third Screen - Upload Supporting Doc- Preview/Select to Upload Form 2' is clicked on

2018-11-22 23:22:10 - [MESSAGE][PASSED] - Object: 'Object Repository/Final Object Repo/New Registration - Registration Module Pages/Third Screen - Upload Supporting Doc- Preview/Select to Upload Form 2' is clicked on

2018-11-22 23:22:10 - [TEST_STEP][PASSED] - delay: Delayed 2 second(s)

2018-11-22 23:22:12 - [MESSAGE][PASSED] - Delayed 2 second(s)

2018-11-22 23:22:12 - [TEST_STEP][PASSED] - uploadFile: File 'C:\Users\Public\Pictures\Sample Pictures\Koala.jpg' sent to object: 'Object Repository/Final Object Repo/New Registration - Registration Module Pages/Third Screen - Upload Supporting Doc- Preview/Upload File Adding'

2018-11-22 23:22:12 - [MESSAGE][PASSED] - File 'C:\Users\Public\Pictures\Sample Pictures\Koala.jpg' sent to object: 'Object Repository/Final Object Repo/New Registration - Registration Module Pages/Third Screen - Upload Supporting Doc- Preview/Upload File Adding'

2018-11-22 23:22:12 - [TEST_STEP][PASSED] - click: Object: 'Object Repository/Final Object Repo/New Registration - Registration Module Pages/Third Screen - Upload Supporting Doc- Preview/Inner Form Add Document Button' is clicked on

2018-11-22 23:22:12 - [MESSAGE][PASSED] - Object: 'Object Repository/Final Object Repo/New Registration - Registration Module Pages/Third Screen - Upload Supporting Doc- Preview/Inner Form Add Document Button' is clicked on

2018-11-22 23:22:12 - [TEST_STEP][PASSED] - delay: Delayed 5 second(s)

2018-11-22 23:22:17 - [MESSAGE][PASSED] - Delayed 5 second(s)

2018-11-22 23:22:17 - [TEST_STEP][PASSED] - click: Object: 'Object Repository/Final Object Repo/New Registration - Registration Module Pages/Third Screen - Upload Supporting Doc- Preview/Add Document Button' is clicked on

2018-11-22 23:22:17 - [MESSAGE][PASSED] - Object: 'Object Repository/Final Object Repo/New Registration - Registration Module Pages/Third Screen - Upload Supporting Doc- Preview/Add Document Button' is clicked on

2018-11-22 23:22:17 - [TEST_STEP][PASSED] - delay: Delayed 30 second(s)

2018-11-22 23:22:47 - [MESSAGE][PASSED] - Delayed 30 second(s)

2018-11-22 23:22:47 - [TEST_STEP][PASSED] - click: Object: 'Object Repository/Final Object Repo/New Registration - Registration Module Pages/Third Screen - Upload Supporting Doc- Preview/Supporting Doc Please Select Drop Down' is clicked on

2018-11-22 23:22:47 - [MESSAGE][PASSED] - Object: 'Object Repository/Final Object Repo/New Registration - Registration Module Pages/Third Screen - Upload Supporting Doc- Preview/Supporting Doc Please Select Drop Down' is clicked on

2018-11-22 23:22:47 - [TEST_STEP][PASSED] - click: Object: 'Object Repository/Final Object Repo/New Registration - Registration Module Pages/Third Screen - Upload Supporting Doc- Preview/Select to Upload Borang SIP 1' is clicked on

2018-11-22 23:22:47 - [MESSAGE][PASSED] - Object: 'Object Repository/Final Object Repo/New Registration - Registration Module Pages/Third Screen - Upload Supporting Doc- Preview/Select to Upload Borang SIP 1' is clicked on

2018-11-22 23:22:47 - [TEST_STEP][PASSED] - delay: Delayed 2 second(s)

2018-11-22 23:22:49 - [MESSAGE][PASSED] - Delayed 2 second(s)

2018-11-22 23:22:49 - [TEST_STEP][PASSED] - uploadFile: File 'C:\Users\Public\Pictures\Sample Pictures\Koala.jpg' sent to object: 'Object Repository/Final Object Repo/New Registration - Registration Module Pages/Third Screen - Upload Supporting Doc- Preview/Upload File Adding'

2018-11-22 23:22:49 - [MESSAGE][PASSED] - File 'C:\Users\Public\Pictures\Sample Pictures\Koala.jpg' sent to object: 'Object Repository/Final Object Repo/New Registration - Registration Module Pages/Third Screen - Upload Supporting Doc- Preview/Upload File Adding'

2018-11-22 23:22:49 - [TEST_STEP][PASSED] - click: Object: 'Object Repository/Final Object Repo/New Registration - Registration Module Pages/Third Screen - Upload Supporting Doc- Preview/Inner Form Add Document Button' is clicked on

2018-11-22 23:22:50 - [MESSAGE][PASSED] - Object: 'Object Repository/Final Object Repo/New Registration - Registration Module Pages/Third Screen - Upload Supporting Doc- Preview/Inner Form Add Document Button' is clicked on

2018-11-22 23:22:50 - [TEST_STEP][PASSED] - delay: Delayed 5 second(s)

2018-11-22 23:22:55 - [MESSAGE][PASSED] - Delayed 5 second(s)

2018-11-22 23:22:55 - [TEST_STEP][PASSED] - click: Object: 'Object Repository/Final Object Repo/New Registration - Registration Module Pages/Third Screen - Upload Supporting Doc- Preview/Add Document Button' is clicked on

2018-11-22 23:22:55 - [MESSAGE][PASSED] - Object: 'Object Repository/Final Object Repo/New Registration - Registration Module Pages/Third Screen - Upload Supporting Doc- Preview/Add Document Button' is clicked on

2018-11-22 23:22:55 - [TEST_STEP][PASSED] - delay: Delayed 30 second(s)

2018-11-22 23:23:25 - [MESSAGE][PASSED] - Delayed 30 second(s)

2018-11-22 23:23:25 - [TEST_STEP][PASSED] - click: Object: 'Object Repository/Final Object Repo/New Registration - Registration Module Pages/Third Screen - Upload Supporting Doc- Preview/Supporting Doc Please Select Drop Down' is clicked on

2018-11-22 23:23:25 - [MESSAGE][PASSED] - Object: 'Object Repository/Final Object Repo/New Registration - Registration Module Pages/Third Screen - Upload Supporting Doc- Preview/Supporting Doc Please Select Drop Down' is clicked on

2018-11-22 23:23:25 - [TEST_STEP][PASSED] - delay: Delayed 3 second(s)

2018-11-22 23:23:28 - [MESSAGE][PASSED] - Delayed 3 second(s)

2018-11-22 23:23:28 - [TEST_STEP][PASSED] - click: Object: 'Object Repository/Final Object Repo/New Registration - Registration Module Pages/Third Screen - Upload Supporting Doc- Preview/Select to Upload Borang SIP 2' is clicked on

2018-11-22 23:23:28 - [MESSAGE][PASSED] - Object: 'Object Repository/Final Object Repo/New Registration - Registration Module Pages/Third Screen - Upload Supporting Doc- Preview/Select to Upload Borang SIP 2' is clicked on

2018-11-22 23:23:28 - [TEST_STEP][PASSED] - delay: Delayed 2 second(s)

2018-11-22 23:23:30 - [MESSAGE][PASSED] - Delayed 2 second(s)

2018-11-22 23:23:30 - [TEST_STEP][PASSED] - uploadFile: File 'C:\Users\Public\Pictures\Sample Pictures\Koala.jpg' sent to object: 'Object Repository/Final Object Repo/New Registration - Registration Module Pages/Third Screen - Upload Supporting Doc- Preview/Upload File Adding'

2018-11-22 23:23:30 - [MESSAGE][PASSED] - File 'C:\Users\Public\Pictures\Sample Pictures\Koala.jpg' sent to object: 'Object Repository/Final Object Repo/New Registration - Registration Module Pages/Third Screen - Upload Supporting Doc- Preview/Upload File Adding'

2018-11-22 23:23:30 - [TEST_STEP][PASSED] - delay: Delayed 5 second(s)

2018-11-22 23:23:35 - [MESSAGE][PASSED] - Delayed 5 second(s)

2018-11-22 23:23:35 - [TEST_STEP][PASSED] - click: Object: 'Object Repository/Final Object Repo/New Registration - Registration Module Pages/Third Screen - Upload Supporting Doc- Preview/Inner Form Add Document Button' is clicked on

2018-11-22 23:23:35 - [MESSAGE][PASSED] - Object: 'Object Repository/Final Object Repo/New Registration - Registration Module Pages/Third Screen - Upload Supporting Doc- Preview/Inner Form Add Document Button' is clicked on

2018-11-22 23:23:35 - [TEST_STEP][PASSED] - delay: Delayed 3 second(s)

2018-11-22 23:23:38 - [MESSAGE][PASSED] - Delayed 3 second(s)

2018-11-22 23:23:38 - [TEST_STEP][PASSED] - waitForElementClickable: Object 'Object Repository/Final Object Repo/New Registration - Registration Module Pages/Third Screen - Upload Supporting Doc- Preview/Save n Continue in Uploading Supporting Doc Page' is clickable

2018-11-22 23:23:40 - [MESSAGE][PASSED] - Object 'Object Repository/Final Object Repo/New Registration - Registration Module Pages/Third Screen - Upload Supporting Doc- Preview/Save n Continue in Uploading Supporting Doc Page' is clickable

2018-11-22 23:23:40 - [TEST_STEP][PASSED] - click: Object: 'Object Repository/Final Object Repo/New Registration - Registration Module Pages/Third Screen - Upload Supporting Doc- Preview/Save n Continue in Uploading Supporting Doc Page' is clicked on

2018-11-22 23:23:40 - [MESSAGE][PASSED] - Object: 'Object Repository/Final Object Repo/New Registration - Registration Module Pages/Third Screen - Upload Supporting Doc- Preview/Save n Continue in Uploading Supporting Doc Page' is clicked on

2018-11-22 23:23:40 - [MESSAGE][PASSED] - Call Test Case 'Test Cases/Final Aug 2018 - PKS Automation/Registration Module/New Registration/Flow of New Registration/Third Screen - Upload Supporting Doc - Preview' successfully

2018-11-22 23:23:40 - [TEST_STEP][PASSED] - callTestCase: Call Test Case 'Test Cases/Final Aug 2018 - PKS Automation/Registration Module/New Registration/Submit and Screenshot/Submit Registration and Screenshot - Copy' successfully

2018-11-22 23:23:40 - [TEST_CASE][PASSED] - Test Cases/Final Aug 2018 - PKS Automation/Registration Module/New Registration/Submit and Screenshot/Submit Registration and Screenshot - Copy: Test Cases/Final Aug 2018 - PKS Automation/Registration Module/New Registration/Submit and Screenshot/Submit Registration and Screenshot - Copy

2018-11-22 23:23:40 - [TEST_STEP][PASSED] - delay: Delayed 6 second(s)

2018-11-22 23:23:46 - [MESSAGE][PASSED] - Delayed 6 second(s)

2018-11-22 23:23:46 - [TEST_STEP][PASSED] - click: Object: 'Object Repository/Final Object Repo/New Registration - Registration Module Pages/Third Screen - Upload Supporting Doc- Preview/Preview Submit Button' is clicked on

2018-11-22 23:23:46 - [MESSAGE][PASSED] - Object: 'Object Repository/Final Object Repo/New Registration - Registration Module Pages/Third Screen - Upload Supporting Doc- Preview/Preview Submit Button' is clicked on

2018-11-22 23:23:46 - [TEST_STEP][PASSED] - delay: Delayed 2 second(s)

2018-11-22 23:23:48 - [MESSAGE][PASSED] - Delayed 2 second(s)

2018-11-22 23:23:48 - [TEST_STEP][PASSED] - click: Object: 'Object Repository/Final Object Repo/New Registration - Registration Module Pages/Third Screen - Upload Supporting Doc- Preview/Preview Submit - Confirm' is clicked on

2018-11-22 23:23:48 - [MESSAGE][PASSED] - Object: 'Object Repository/Final Object Repo/New Registration - Registration Module Pages/Third Screen - Upload Supporting Doc- Preview/Preview Submit - Confirm' is clicked on

2018-11-22 23:23:48 - [TEST_STEP][PASSED] - delay: Delayed 15 second(s)

2018-11-22 23:24:03 - [MESSAGE][PASSED] - Delayed 15 second(s)

2018-11-22 23:24:03 - [TEST_STEP][PASSED] - Statement - driver = com.kms.katalon.core.webui.driver.DriverFactory.getWebDriver(): null

2018-11-22 23:24:03 - [TEST_STEP][PASSED] - Statement - driver.manage().timeouts().implicitlyWait(10, SECONDS): null

2018-11-22 23:24:03 - [TEST_STEP][PASSED] - Statement - PresavePath = KatalonScreenshots: null

2018-11-22 23:24:03 - [TEST_STEP][PASSED] - Statement - pathPrefix = "C:\Users\Public\Pictures\Sample Pictures\Katalon Screenshots\Automate Ending Screen": null

2018-11-22 23:24:03 - [TEST_STEP][PASSED] - Statement - finalPath = <not implemented yet for class: org.codehaus.groovy.ast.expr.EmptyExpression>: null

2018-11-22 23:24:03 - [TEST_STEP][PASSED] - Statement - scrFile = driver.getScreenshotAs(FILE): null

2018-11-22 23:24:04 - [TEST_STEP][PASSED] - Statement - PreSaveFile = new java.io.File(PresavePath): null

2018-11-22 23:24:04 - [TEST_STEP][PASSED] - Statement - counter = 0: null

2018-11-22 23:24:04 - [TEST_STEP][PASSED] - Statement - If (PreSaveFile.exists()): null

2018-11-22 23:24:04 - [TEST_STEP][PASSED] - Statement - While (PreSaveFile.exists()): null

2018-11-22 23:24:04 - [TEST_STEP][PASSED] - Statement - counter = counter + 1: null

2018-11-22 23:24:04 - [TEST_STEP][PASSED] - Statement - PreSaveFile = new java.io.File(((pathPrefix + java.lang.Integer.toString(counter)) + .png)): null

2018-11-22 23:24:04 - [TEST_STEP][PASSED] - Statement - counter = counter + 1: null

2018-11-22 23:24:04 - [TEST_STEP][PASSED] - Statement - PreSaveFile = new java.io.File(((pathPrefix + java.lang.Integer.toString(counter)) + .png)): null

2018-11-22 23:24:04 - [TEST_STEP][PASSED] - Statement - counter = counter + 1: null

2018-11-22 23:24:04 - [TEST_STEP][PASSED] - Statement - PreSaveFile = new java.io.File(((pathPrefix + java.lang.Integer.toString(counter)) + .png)): null

2018-11-22 23:24:04 - [TEST_STEP][PASSED] - Statement - counter = counter + 1: null

2018-11-22 23:24:04 - [TEST_STEP][PASSED] - Statement - PreSaveFile = new java.io.File(((pathPrefix + java.lang.Integer.toString(counter)) + .png)): null

2018-11-22 23:24:04 - [TEST_STEP][PASSED] - Statement - counter = counter + 1: null

2018-11-22 23:24:04 - [TEST_STEP][PASSED] - Statement - PreSaveFile = new java.io.File(((pathPrefix + java.lang.Integer.toString(counter)) + .png)): null

2018-11-22 23:24:04 - [TEST_STEP][PASSED] - Statement - counter = counter + 1: null

2018-11-22 23:24:04 - [TEST_STEP][PASSED] - Statement - PreSaveFile = new java.io.File(((pathPrefix + java.lang.Integer.toString(counter)) + .png)): null

2018-11-22 23:24:04 - [TEST_STEP][PASSED] - Statement - counter = counter + 1: null

2018-11-22 23:24:04 - [TEST_STEP][PASSED] - Statement - PreSaveFile = new java.io.File(((pathPrefix + java.lang.Integer.toString(counter)) + .png)): null

2018-11-22 23:24:04 - [TEST_STEP][PASSED] - Statement - counter = counter + 1: null

2018-11-22 23:24:04 - [TEST_STEP][PASSED] - Statement - PreSaveFile = new java.io.File(((pathPrefix + java.lang.Integer.toString(counter)) + .png)): null

2018-11-22 23:24:04 - [TEST_STEP][PASSED] - Statement - counter = counter + 1: null

2018-11-22 23:24:04 - [TEST_STEP][PASSED] - Statement - PreSaveFile = new java.io.File(((pathPrefix + java.lang.Integer.toString(counter)) + .png)): null

2018-11-22 23:24:04 - [TEST_STEP][PASSED] - Statement - counter = counter + 1: null

2018-11-22 23:24:04 - [TEST_STEP][PASSED] - Statement - PreSaveFile = new java.io.File(((pathPrefix + java.lang.Integer.toString(counter)) + .png)): null

2018-11-22 23:24:04 - [TEST_STEP][PASSED] - Statement - counter = counter + 1: null

2018-11-22 23:24:04 - [TEST_STEP][PASSED] - Statement - PreSaveFile = new java.io.File(((pathPrefix + java.lang.Integer.toString(counter)) + .png)): null

2018-11-22 23:24:04 - [TEST_STEP][PASSED] - Statement - counter = counter + 1: null

2018-11-22 23:24:04 - [TEST_STEP][PASSED] - Statement - PreSaveFile = new java.io.File(((pathPrefix + java.lang.Integer.toString(counter)) + .png)): null

2018-11-22 23:24:04 - [TEST_STEP][PASSED] - Statement - counter = counter + 1: null

2018-11-22 23:24:04 - [TEST_STEP][PASSED] - Statement - PreSaveFile = new java.io.File(((pathPrefix + java.lang.Integer.toString(counter)) + .png)): null

2018-11-22 23:24:04 - [TEST_STEP][PASSED] - Statement - counter = counter + 1: null

2018-11-22 23:24:04 - [TEST_STEP][PASSED] - Statement - PreSaveFile = new java.io.File(((pathPrefix + java.lang.Integer.toString(counter)) + .png)): null

2018-11-22 23:24:04 - [TEST_STEP][PASSED] - Statement - counter = counter + 1: null

2018-11-22 23:24:04 - [TEST_STEP][PASSED] - Statement - PreSaveFile = new java.io.File(((pathPrefix + java.lang.Integer.toString(counter)) + .png)): null

2018-11-22 23:24:04 - [TEST_STEP][PASSED] - Statement - counter = counter + 1: null

2018-11-22 23:24:04 - [TEST_STEP][PASSED] - Statement - PreSaveFile = new java.io.File(((pathPrefix + java.lang.Integer.toString(counter)) + .png)): null

2018-11-22 23:24:04 - [TEST_STEP][PASSED] - Statement - counter = counter + 1: null

2018-11-22 23:24:04 - [TEST_STEP][PASSED] - Statement - PreSaveFile = new java.io.File(((pathPrefix + java.lang.Integer.toString(counter)) + .png)): null

2018-11-22 23:24:04 - [TEST_STEP][PASSED] - Statement - counter = counter + 1: null

2018-11-22 23:24:04 - [TEST_STEP][PASSED] - Statement - PreSaveFile = new java.io.File(((pathPrefix + java.lang.Integer.toString(counter)) + .png)): null

2018-11-22 23:24:04 - [TEST_STEP][PASSED] - Statement - counter = counter + 1: null

2018-11-22 23:24:04 - [TEST_STEP][PASSED] - Statement - PreSaveFile = new java.io.File(((pathPrefix + java.lang.Integer.toString(counter)) + .png)): null

2018-11-22 23:24:04 - [TEST_STEP][PASSED] - Statement - counter = counter + 1: null

2018-11-22 23:24:04 - [TEST_STEP][PASSED] - Statement - PreSaveFile = new java.io.File(((pathPrefix + java.lang.Integer.toString(counter)) + .png)): null

2018-11-22 23:24:04 - [TEST_STEP][PASSED] - Statement - counter = counter + 1: null

2018-11-22 23:24:04 - [TEST_STEP][PASSED] - Statement - PreSaveFile = new java.io.File(((pathPrefix + java.lang.Integer.toString(counter)) + .png)): null

2018-11-22 23:24:04 - [TEST_STEP][PASSED] - Statement - counter = counter + 1: null

2018-11-22 23:24:04 - [TEST_STEP][PASSED] - Statement - PreSaveFile = new java.io.File(((pathPrefix + java.lang.Integer.toString(counter)) + .png)): null

2018-11-22 23:24:04 - [TEST_STEP][PASSED] - Statement - counter = counter + 1: null

2018-11-22 23:24:04 - [TEST_STEP][PASSED] - Statement - PreSaveFile = new java.io.File(((pathPrefix + java.lang.Integer.toString(counter)) + .png)): null

2018-11-22 23:24:04 - [TEST_STEP][PASSED] - Statement - counter = counter + 1: null

2018-11-22 23:24:04 - [TEST_STEP][PASSED] - Statement - PreSaveFile = new java.io.File(((pathPrefix + java.lang.Integer.toString(counter)) + .png)): null

2018-11-22 23:24:04 - [TEST_STEP][PASSED] - Statement - counter = counter + 1: null

2018-11-22 23:24:04 - [TEST_STEP][PASSED] - Statement - PreSaveFile = new java.io.File(((pathPrefix + java.lang.Integer.toString(counter)) + .png)): null

2018-11-22 23:24:04 - [TEST_STEP][PASSED] - Statement - counter = counter + 1: null

2018-11-22 23:24:04 - [TEST_STEP][PASSED] - Statement - PreSaveFile = new java.io.File(((pathPrefix + java.lang.Integer.toString(counter)) + .png)): null

2018-11-22 23:24:04 - [TEST_STEP][PASSED] - Statement - counter = counter + 1: null

2018-11-22 23:24:04 - [TEST_STEP][PASSED] - Statement - PreSaveFile = new java.io.File(((pathPrefix + java.lang.Integer.toString(counter)) + .png)): null

2018-11-22 23:24:04 - [TEST_STEP][PASSED] - Statement - counter = counter + 1: null

2018-11-22 23:24:04 - [TEST_STEP][PASSED] - Statement - PreSaveFile = new java.io.File(((pathPrefix + java.lang.Integer.toString(counter)) + .png)): null

2018-11-22 23:24:04 - [TEST_STEP][PASSED] - Statement - counter = counter + 1: null

2018-11-22 23:24:04 - [TEST_STEP][PASSED] - Statement - PreSaveFile = new java.io.File(((pathPrefix + java.lang.Integer.toString(counter)) + .png)): null

2018-11-22 23:24:04 - [TEST_STEP][PASSED] - Statement - counter = counter + 1: null

2018-11-22 23:24:04 - [TEST_STEP][PASSED] - Statement - PreSaveFile = new java.io.File(((pathPrefix + java.lang.Integer.toString(counter)) + .png)): null

2018-11-22 23:24:04 - [TEST_STEP][PASSED] - Statement - counter = counter + 1: null

2018-11-22 23:24:04 - [TEST_STEP][PASSED] - Statement - PreSaveFile = new java.io.File(((pathPrefix + java.lang.Integer.toString(counter)) + .png)): null

2018-11-22 23:24:04 - [TEST_STEP][PASSED] - Statement - counter = counter + 1: null

2018-11-22 23:24:04 - [TEST_STEP][PASSED] - Statement - PreSaveFile = new java.io.File(((pathPrefix + java.lang.Integer.toString(counter)) + .png)): null

2018-11-22 23:24:04 - [TEST_STEP][PASSED] - Statement - counter = counter + 1: null

2018-11-22 23:24:04 - [TEST_STEP][PASSED] - Statement - PreSaveFile = new java.io.File(((pathPrefix + java.lang.Integer.toString(counter)) + .png)): null

2018-11-22 23:24:04 - [TEST_STEP][PASSED] - Statement - counter = counter + 1: null

2018-11-22 23:24:04 - [TEST_STEP][PASSED] - Statement - PreSaveFile = new java.io.File(((pathPrefix + java.lang.Integer.toString(counter)) + .png)): null

2018-11-22 23:24:04 - [TEST_STEP][PASSED] - Statement - counter = counter + 1: null

2018-11-22 23:24:04 - [TEST_STEP][PASSED] - Statement - PreSaveFile = new java.io.File(((pathPrefix + java.lang.Integer.toString(counter)) + .png)): null

2018-11-22 23:24:04 - [TEST_STEP][PASSED] - Statement - counter = counter + 1: null

2018-11-22 23:24:04 - [TEST_STEP][PASSED] - Statement - PreSaveFile = new java.io.File(((pathPrefix + java.lang.Integer.toString(counter)) + .png)): null

2018-11-22 23:24:04 - [TEST_STEP][PASSED] - Statement - counter = counter + 1: null

2018-11-22 23:24:04 - [TEST_STEP][PASSED] - Statement - PreSaveFile = new java.io.File(((pathPrefix + java.lang.Integer.toString(counter)) + .png)): null

2018-11-22 23:24:04 - [TEST_STEP][PASSED] - Statement - counter = counter + 1: null

2018-11-22 23:24:04 - [TEST_STEP][PASSED] - Statement - PreSaveFile = new java.io.File(((pathPrefix + java.lang.Integer.toString(counter)) + .png)): null

2018-11-22 23:24:04 - [TEST_STEP][PASSED] - Statement - counter = counter + 1: null

2018-11-22 23:24:04 - [TEST_STEP][PASSED] - Statement - PreSaveFile = new java.io.File(((pathPrefix + java.lang.Integer.toString(counter)) + .png)): null

2018-11-22 23:24:04 - [TEST_STEP][PASSED] - Statement - counter = counter + 1: null

2018-11-22 23:24:04 - [TEST_STEP][PASSED] - Statement - PreSaveFile = new java.io.File(((pathPrefix + java.lang.Integer.toString(counter)) + .png)): null

2018-11-22 23:24:04 - [TEST_STEP][PASSED] - Statement - counter = counter + 1: null

2018-11-22 23:24:04 - [TEST_STEP][PASSED] - Statement - PreSaveFile = new java.io.File(((pathPrefix + java.lang.Integer.toString(counter)) + .png)): null

2018-11-22 23:24:04 - [TEST_STEP][PASSED] - Statement - counter = counter + 1: null

2018-11-22 23:24:04 - [TEST_STEP][PASSED] - Statement - PreSaveFile = new java.io.File(((pathPrefix + java.lang.Integer.toString(counter)) + .png)): null

2018-11-22 23:24:04 - [TEST_STEP][PASSED] - Statement - counter = counter + 1: null

2018-11-22 23:24:04 - [TEST_STEP][PASSED] - Statement - PreSaveFile = new java.io.File(((pathPrefix + java.lang.Integer.toString(counter)) + .png)): null

2018-11-22 23:24:04 - [TEST_STEP][PASSED] - Statement - counter = counter + 1: null

2018-11-22 23:24:04 - [TEST_STEP][PASSED] - Statement - PreSaveFile = new java.io.File(((pathPrefix + java.lang.Integer.toString(counter)) + .png)): null

2018-11-22 23:24:04 - [TEST_STEP][PASSED] - Statement - counter = counter + 1: null

2018-11-22 23:24:04 - [TEST_STEP][PASSED] - Statement - PreSaveFile = new java.io.File(((pathPrefix + java.lang.Integer.toString(counter)) + .png)): null

2018-11-22 23:24:04 - [TEST_STEP][PASSED] - Statement - counter = counter + 1: null

2018-11-22 23:24:04 - [TEST_STEP][PASSED] - Statement - PreSaveFile = new java.io.File(((pathPrefix + java.lang.Integer.toString(counter)) + .png)): null

2018-11-22 23:24:04 - [TEST_STEP][PASSED] - Statement - counter = counter + 1: null

2018-11-22 23:24:04 - [TEST_STEP][PASSED] - Statement - PreSaveFile = new java.io.File(((pathPrefix + java.lang.Integer.toString(counter)) + .png)): null

2018-11-22 23:24:04 - [TEST_STEP][PASSED] - Statement - counter = counter + 1: null

2018-11-22 23:24:04 - [TEST_STEP][PASSED] - Statement - PreSaveFile = new java.io.File(((pathPrefix + java.lang.Integer.toString(counter)) + .png)): null

2018-11-22 23:24:04 - [TEST_STEP][PASSED] - Statement - counter = counter + 1: null

2018-11-22 23:24:04 - [TEST_STEP][PASSED] - Statement - PreSaveFile = new java.io.File(((pathPrefix + java.lang.Integer.toString(counter)) + .png)): null

2018-11-22 23:24:04 - [TEST_STEP][PASSED] - Statement - counter = counter + 1: null

2018-11-22 23:24:04 - [TEST_STEP][PASSED] - Statement - PreSaveFile = new java.io.File(((pathPrefix + java.lang.Integer.toString(counter)) + .png)): null

2018-11-22 23:24:04 - [TEST_STEP][PASSED] - Statement - counter = counter + 1: null

2018-11-22 23:24:04 - [TEST_STEP][PASSED] - Statement - PreSaveFile = new java.io.File(((pathPrefix + java.lang.Integer.toString(counter)) + .png)): null

2018-11-22 23:24:04 - [TEST_STEP][PASSED] - Statement - counter = counter + 1: null

2018-11-22 23:24:04 - [TEST_STEP][PASSED] - Statement - PreSaveFile = new java.io.File(((pathPrefix + java.lang.Integer.toString(counter)) + .png)): null

2018-11-22 23:24:04 - [TEST_STEP][PASSED] - Statement - counter = counter + 1: null

2018-11-22 23:24:04 - [TEST_STEP][PASSED] - Statement - PreSaveFile = new java.io.File(((pathPrefix + java.lang.Integer.toString(counter)) + .png)): null

2018-11-22 23:24:04 - [TEST_STEP][PASSED] - Statement - counter = counter + 1: null

2018-11-22 23:24:04 - [TEST_STEP][PASSED] - Statement - PreSaveFile = new java.io.File(((pathPrefix + java.lang.Integer.toString(counter)) + .png)): null

2018-11-22 23:24:04 - [TEST_STEP][PASSED] - Statement - counter = counter + 1: null

2018-11-22 23:24:04 - [TEST_STEP][PASSED] - Statement - PreSaveFile = new java.io.File(((pathPrefix + java.lang.Integer.toString(counter)) + .png)): null

2018-11-22 23:24:04 - [TEST_STEP][PASSED] - Statement - counter = counter + 1: null

2018-11-22 23:24:04 - [TEST_STEP][PASSED] - Statement - PreSaveFile = new java.io.File(((pathPrefix + java.lang.Integer.toString(counter)) + .png)): null

2018-11-22 23:24:04 - [TEST_STEP][PASSED] - Statement - counter = counter + 1: null

2018-11-22 23:24:04 - [TEST_STEP][PASSED] - Statement - PreSaveFile = new java.io.File(((pathPrefix + java.lang.Integer.toString(counter)) + .png)): null

2018-11-22 23:24:04 - [TEST_STEP][PASSED] - Statement - counter = counter + 1: null

2018-11-22 23:24:04 - [TEST_STEP][PASSED] - Statement - PreSaveFile = new java.io.File(((pathPrefix + java.lang.Integer.toString(counter)) + .png)): null

2018-11-22 23:24:04 - [TEST_STEP][PASSED] - Statement - counter = counter + 1: null

2018-11-22 23:24:04 - [TEST_STEP][PASSED] - Statement - PreSaveFile = new java.io.File(((pathPrefix + java.lang.Integer.toString(counter)) + .png)): null

2018-11-22 23:24:04 - [TEST_STEP][PASSED] - Statement - counter = counter + 1: null

2018-11-22 23:24:04 - [TEST_STEP][PASSED] - Statement - PreSaveFile = new java.io.File(((pathPrefix + java.lang.Integer.toString(counter)) + .png)): null

2018-11-22 23:24:04 - [TEST_STEP][PASSED] - Statement - counter = counter + 1: null

2018-11-22 23:24:04 - [TEST_STEP][PASSED] - Statement - PreSaveFile = new java.io.File(((pathPrefix + java.lang.Integer.toString(counter)) + .png)): null

2018-11-22 23:24:04 - [TEST_STEP][PASSED] - Statement - counter = counter + 1: null

2018-11-22 23:24:04 - [TEST_STEP][PASSED] - Statement - PreSaveFile = new java.io.File(((pathPrefix + java.lang.Integer.toString(counter)) + .png)): null

2018-11-22 23:24:04 - [TEST_STEP][PASSED] - Statement - counter = counter + 1: null

2018-11-22 23:24:04 - [TEST_STEP][PASSED] - Statement - PreSaveFile = new java.io.File(((pathPrefix + java.lang.Integer.toString(counter)) + .png)): null

2018-11-22 23:24:04 - [TEST_STEP][PASSED] - Statement - counter = counter + 1: null

2018-11-22 23:24:04 - [TEST_STEP][PASSED] - Statement - PreSaveFile = new java.io.File(((pathPrefix + java.lang.Integer.toString(counter)) + .png)): null

2018-11-22 23:24:04 - [TEST_STEP][PASSED] - Statement - counter = counter + 1: null

2018-11-22 23:24:04 - [TEST_STEP][PASSED] - Statement - PreSaveFile = new java.io.File(((pathPrefix + java.lang.Integer.toString(counter)) + .png)): null

2018-11-22 23:24:04 - [TEST_STEP][PASSED] - Statement - counter = counter + 1: null

2018-11-22 23:24:04 - [TEST_STEP][PASSED] - Statement - PreSaveFile = new java.io.File(((pathPrefix + java.lang.Integer.toString(counter)) + .png)): null

2018-11-22 23:24:04 - [TEST_STEP][PASSED] - Statement - counter = counter + 1: null

2018-11-22 23:24:04 - [TEST_STEP][PASSED] - Statement - PreSaveFile = new java.io.File(((pathPrefix + java.lang.Integer.toString(counter)) + .png)): null

2018-11-22 23:24:04 - [TEST_STEP][PASSED] - Statement - counter = counter + 1: null

2018-11-22 23:24:04 - [TEST_STEP][PASSED] - Statement - PreSaveFile = new java.io.File(((pathPrefix + java.lang.Integer.toString(counter)) + .png)): null

2018-11-22 23:24:04 - [TEST_STEP][PASSED] - Statement - counter = counter + 1: null

2018-11-22 23:24:04 - [TEST_STEP][PASSED] - Statement - PreSaveFile = new java.io.File(((pathPrefix + java.lang.Integer.toString(counter)) + .png)): null

2018-11-22 23:24:04 - [TEST_STEP][PASSED] - Statement - counter = counter + 1: null

2018-11-22 23:24:04 - [TEST_STEP][PASSED] - Statement - PreSaveFile = new java.io.File(((pathPrefix + java.lang.Integer.toString(counter)) + .png)): null

2018-11-22 23:24:04 - [TEST_STEP][PASSED] - Statement - counter = counter + 1: null

2018-11-22 23:24:04 - [TEST_STEP][PASSED] - Statement - PreSaveFile = new java.io.File(((pathPrefix + java.lang.Integer.toString(counter)) + .png)): null

2018-11-22 23:24:04 - [TEST_STEP][PASSED] - Statement - counter = counter + 1: null

2018-11-22 23:24:04 - [TEST_STEP][PASSED] - Statement - PreSaveFile = new java.io.File(((pathPrefix + java.lang.Integer.toString(counter)) + .png)): null

2018-11-22 23:24:04 - [TEST_STEP][PASSED] - Statement - counter = counter + 1: null

2018-11-22 23:24:04 - [TEST_STEP][PASSED] - Statement - PreSaveFile = new java.io.File(((pathPrefix + java.lang.Integer.toString(counter)) + .png)): null

2018-11-22 23:24:04 - [TEST_STEP][PASSED] - Statement - counter = counter + 1: null

2018-11-22 23:24:04 - [TEST_STEP][PASSED] - Statement - PreSaveFile = new java.io.File(((pathPrefix + java.lang.Integer.toString(counter)) + .png)): null

2018-11-22 23:24:04 - [TEST_STEP][PASSED] - Statement - counter = counter + 1: null

2018-11-22 23:24:04 - [TEST_STEP][PASSED] - Statement - PreSaveFile = new java.io.File(((pathPrefix + java.lang.Integer.toString(counter)) + .png)): null

2018-11-22 23:24:04 - [TEST_STEP][PASSED] - Statement - counter = counter + 1: null

2018-11-22 23:24:04 - [TEST_STEP][PASSED] - Statement - PreSaveFile = new java.io.File(((pathPrefix + java.lang.Integer.toString(counter)) + .png)): null

2018-11-22 23:24:04 - [TEST_STEP][PASSED] - Statement - counter = counter + 1: null

2018-11-22 23:24:04 - [TEST_STEP][PASSED] - Statement - PreSaveFile = new java.io.File(((pathPrefix + java.lang.Integer.toString(counter)) + .png)): null

2018-11-22 23:24:04 - [TEST_STEP][PASSED] - Statement - counter = counter + 1: null

2018-11-22 23:24:04 - [TEST_STEP][PASSED] - Statement - PreSaveFile = new java.io.File(((pathPrefix + java.lang.Integer.toString(counter)) + .png)): null

2018-11-22 23:24:04 - [TEST_STEP][PASSED] - Statement - counter = counter + 1: null

2018-11-22 23:24:04 - [TEST_STEP][PASSED] - Statement - PreSaveFile = new java.io.File(((pathPrefix + java.lang.Integer.toString(counter)) + .png)): null

2018-11-22 23:24:04 - [TEST_STEP][PASSED] - Statement - counter = counter + 1: null

2018-11-22 23:24:04 - [TEST_STEP][PASSED] - Statement - PreSaveFile = new java.io.File(((pathPrefix + java.lang.Integer.toString(counter)) + .png)): null

2018-11-22 23:24:04 - [TEST_STEP][PASSED] - Statement - counter = counter + 1: null

2018-11-22 23:24:04 - [TEST_STEP][PASSED] - Statement - PreSaveFile = new java.io.File(((pathPrefix + java.lang.Integer.toString(counter)) + .png)): null

2018-11-22 23:24:04 - [TEST_STEP][PASSED] - Statement - finalPath = pathPrefix + java.lang.Integer.toString(counter) + ".png": null

2018-11-22 23:24:04 - [TEST_STEP][PASSED] - Statement - SaveFile = new java.io.File(finalPath): null

2018-11-22 23:24:04 - [TEST_STEP][PASSED] - Statement - Try: null

2018-11-22 23:24:04 - [TEST_STEP][PASSED] - Statement - org.apache.commons.io.FileUtils.copyFile(scrFile, SaveFile): null

2018-11-22 23:24:04 - [TEST_STEP][PASSED] - Statement - out.println("file kept"): null

2018-11-22 23:24:04 - [TEST_STEP][PASSED] - delay: Delayed 10 second(s)

2018-11-22 23:24:14 - [MESSAGE][PASSED] - Delayed 10 second(s)

2018-11-22 23:24:14 - [MESSAGE][PASSED] - Call Test Case 'Test Cases/Final Aug 2018 - PKS Automation/Registration Module/New Registration/Submit and Screenshot/Submit Registration and Screenshot - Copy' successfully

2018-11-22 23:24:14 - [TEST_STEP][PASSED] - Statement - UpdateAddNewECode = com.kms.katalon.core.webui.keyword.WebUiBuiltInKeywords.getText(com.kms.katalon.core.testobject.ObjectRepository.findTestObject(Object Repository/Final Object Repo/Page_Update Add New Employee - ASSIST/getEmpCode)): Text of object 'Object Repository/Final Object Repo/Page_Update Add New Employee - ASSIST/getEmpCode' is: 'E1102070361F'

2018-11-22 23:24:14 - [MESSAGE][PASSED] - Text of object 'Object Repository/Final Object Repo/Page_Update Add New Employee - ASSIST/getEmpCode' is: 'E1102070361F'

2018-11-22 23:24:14 - [TEST_STEP][PASSED] - callTestCase: Call Test Case 'Test Cases/Final Aug 2018 - PKS Automation/Common/Emp Code Setter' successfully

2018-11-22 23:24:14 - [TEST_CASE][PASSED] - Test Cases/Final Aug 2018 - PKS Automation/Common/Emp Code Setter: Test Cases/Final Aug 2018 - PKS Automation/Common/Emp Code Setter

2018-11-22 23:24:14 - [TEST_STEP][PASSED] - Statement - EmpCodeOld = new java.io.File(C://Users//Admin//Desktop//PKS//Automation Reference Point//EmpCode.txt): null

2018-11-22 23:24:14 - [TEST_STEP][PASSED] - Statement - EmpCodeOld.delete(): null

2018-11-22 23:24:14 - [TEST_STEP][PASSED] - Statement - EmpCode = new java.io.File(C://Users//Admin//Desktop//PKS//Automation Reference Point//EmpCode.txt): null

2018-11-22 23:24:14 - [TEST_STEP][PASSED] - Statement - EmpCode.append(UpdateAddNewECode): null

2018-11-22 23:24:14 - [TEST_STEP][PASSED] - Statement - out.println("


" + UpdateAddNewECode + "


"): null

2018-11-22 23:24:14 - [MESSAGE][PASSED] - Call Test Case 'Test Cases/Final Aug 2018 - PKS Automation/Common/Emp Code Setter' successfully

2018-11-22 23:24:14 - [MESSAGE][PASSED] - Call Test Case 'Test Cases/Final Aug 2018 - PKS Automation/Registration Module/Workflow/Update Add New Employee/Template/New Company for Update Add New' successfully

2018-11-22 23:24:14 - [TEST_STEP][PASSED] - callTestCase: Call Test Case 'Test Cases/Final Aug 2018 - PKS Automation/Registration Module/Log Out/log out avoiding katalon tagging' successfully

2018-11-22 23:24:14 - [TEST_CASE][PASSED] - Test Cases/Final Aug 2018 - PKS Automation/Registration Module/Log Out/log out avoiding katalon tagging: Test Cases/Final Aug 2018 - PKS Automation/Registration Module/Log Out/log out avoiding katalon tagging

2018-11-22 23:24:14 - [TEST_STEP][PASSED] - navigateToUrl: Navigate to 'https://assist2-uat.perkeso.gov.my/c/portal/logout' successfully

2018-11-22 23:24:15 - [MESSAGE][PASSED] - Navigate to 'https://assist2-uat.perkeso.gov.my/c/portal/logout' successfully

2018-11-22 23:24:15 - [MESSAGE][PASSED] - Call Test Case 'Test Cases/Final Aug 2018 - PKS Automation/Registration Module/Log Out/log out avoiding katalon tagging' successfully

2018-11-22 23:24:15 - [TEST_STEP][PASSED] - callTestCase: Call Test Case 'Test Cases/Final Aug 2018 - PKS Automation/Registration Module/New Registration/Form 2/Date Updater' successfully

2018-11-22 23:24:15 - [TEST_CASE][PASSED] - Test Cases/Final Aug 2018 - PKS Automation/Registration Module/New Registration/Form 2/Date Updater: Test Cases/Final Aug 2018 - PKS Automation/Registration Module/New Registration/Form 2/Date Updater

2018-11-22 23:24:15 - [TEST_STEP][PASSED] - Statement - TodayDate = new java.util.Date(): null

2018-11-22 23:24:15 - [TEST_STEP][PASSED] - Statement - CurrentDateNoFilter = new java.text.SimpleDateFormat(): null

2018-11-22 23:24:15 - [TEST_STEP][PASSED] - Statement - CurrentDateNoFilter.applyPattern("dd"): null

2018-11-22 23:24:15 - [TEST_STEP][PASSED] - Statement - CurrentDate = CurrentDateNoFilter.format(TodayDate): null

2018-11-22 23:24:15 - [TEST_STEP][PASSED] - Statement - CurrentDate = java.lang.Integer.parseInt(CurrentDate): null

2018-11-22 23:24:15 - [TEST_STEP][PASSED] - Statement - CurrentDate = CurrentDate: null

2018-11-22 23:24:15 - [TEST_STEP][PASSED] - Statement - CurrentDay = java.lang.Integer.parseInt(CurrentDate): null

2018-11-22 23:24:15 - [TEST_STEP][PASSED] - Statement - aDayBefore = CurrentDay + 1: null

2018-11-22 23:24:15 - [TEST_STEP][PASSED] - Statement - DayBefore = aDayBefore.toString(): null

2018-11-22 23:24:15 - [TEST_STEP][PASSED] - Statement - OneDayBefore = DayBefore: null

2018-11-22 23:24:15 - [TEST_STEP][PASSED] - Statement - CurrentDateNoFilter.applyPattern("MM"): null

2018-11-22 23:24:15 - [TEST_STEP][PASSED] - Statement - monthContainerMatcher = java.lang.Integer.parseInt(CurrentDateNoFilter.format(TodayDate)): null

2018-11-22 23:24:15 - [TEST_STEP][PASSED] - Statement - monthContainerMatcher = monthContainerMatcher - 1: null

2018-11-22 23:24:15 - [TEST_STEP][PASSED] - Statement - CurrentMonth = monthContainerMatcher.toString(): null

2018-11-22 23:24:15 - [TEST_STEP][PASSED] - Statement - CurrentMonth = CurrentMonth: null

2018-11-22 23:24:15 - [TEST_STEP][PASSED] - Statement - CurrentDateNoFilter.applyPattern("yyyy"): null

2018-11-22 23:24:15 - [TEST_STEP][PASSED] - Statement - CurrentYear = CurrentDateNoFilter.format(TodayDate): null

2018-11-22 23:24:15 - [TEST_STEP][PASSED] - Statement - CurrentYear = CurrentYear: null

2018-11-22 23:24:15 - [TEST_STEP][PASSED] - Statement - intCurrentYear = java.lang.Integer.parseInt(CurrentDateNoFilter.format(TodayDate)): null

2018-11-22 23:24:15 - [TEST_STEP][PASSED] - Statement - eighteenYrsAgo = intCurrentYear - 18: null

2018-11-22 23:24:15 - [TEST_STEP][PASSED] - Statement - eighteenYrsBeforeThisYr = eighteenYrsAgo.toString(): null

2018-11-22 23:24:15 - [TEST_STEP][PASSED] - Statement - EighteenYrsBefore = eighteenYrsBeforeThisYr: null

2018-11-22 23:24:15 - [TEST_STEP][PASSED] - Statement - fiftysevenYrsAgo = intCurrentYear - 57: null

2018-11-22 23:24:15 - [TEST_STEP][PASSED] - Statement - fiftysevenYrsBeforeThisYr = fiftysevenYrsAgo.toString(): null

2018-11-22 23:24:15 - [TEST_STEP][PASSED] - Statement - FiftysevenYrsBefore = fiftysevenYrsBeforeThisYr: null

2018-11-22 23:24:15 - [MESSAGE][PASSED] - Call Test Case 'Test Cases/Final Aug 2018 - PKS Automation/Registration Module/New Registration/Form 2/Date Updater' successfully

2018-11-22 23:24:15 - [TEST_STEP][PASSED] - delay: Delayed 2 second(s)

2018-11-22 23:24:17 - [MESSAGE][PASSED] - Delayed 2 second(s)

2018-11-22 23:24:17 - [TEST_STEP][PASSED] - setText: Text 'klotc2@gmail.com' is set on object 'Object Repository/Final Object Repo/Page_Update Add New Employee - ASSIST/Email TextBox'

2018-11-22 23:24:17 - [MESSAGE][PASSED] - Text 'klotc2@gmail.com' is set on object 'Object Repository/Final Object Repo/Page_Update Add New Employee - ASSIST/Email TextBox'

2018-11-22 23:24:17 - [TEST_STEP][PASSED] - click: Object: 'Object Repository/Final Object Repo/Page_Update Add New Employee - ASSIST/Next Button' is clicked on

2018-11-22 23:24:18 - [MESSAGE][PASSED] - Object: 'Object Repository/Final Object Repo/Page_Update Add New Employee - ASSIST/Next Button' is clicked on

2018-11-22 23:24:18 - [TEST_STEP][PASSED] - delay: Delayed 2 second(s)

2018-11-22 23:24:20 - [MESSAGE][PASSED] - Delayed 2 second(s)

2018-11-22 23:24:20 - [TEST_STEP][PASSED] - setText: Text 'Test1@3456789' is set on object 'Object Repository/Final Object Repo/Page_Update Add New Employee - ASSIST/Password TextBox'

2018-11-22 23:24:20 - [MESSAGE][PASSED] - Text 'Test1@3456789' is set on object 'Object Repository/Final Object Repo/Page_Update Add New Employee - ASSIST/Password TextBox'

2018-11-22 23:24:20 - [TEST_STEP][PASSED] - delay: Delayed 2 second(s)

2018-11-22 23:24:22 - [MESSAGE][PASSED] - Delayed 2 second(s)

2018-11-22 23:24:22 - [TEST_STEP][PASSED] - click: Object: 'Object Repository/Final Object Repo/Page_Update Add New Employee - ASSIST/Login Button' is clicked on

2018-11-22 23:24:22 - [MESSAGE][PASSED] - Object: 'Object Repository/Final Object Repo/Page_Update Add New Employee - ASSIST/Login Button' is clicked on

2018-11-22 23:24:22 - [TEST_STEP][PASSED] - delay: Delayed 4 second(s)

2018-11-22 23:24:26 - [MESSAGE][PASSED] - Delayed 4 second(s)

2018-11-22 23:24:26 - [TEST_STEP][PASSED] - Statement - Try: Delayed 2 second(s)

2018-11-22 23:24:26 - [TEST_STEP][PASSED] - Statement - Checker = false: null

2018-11-22 23:24:26 - [TEST_STEP][PASSED] - Statement - Checker = com.kms.katalon.core.webui.keyword.WebUiBuiltInKeywords.verifyElementHasAttribute(com.kms.katalon.core.testobject.ObjectRepository.findTestObject(Final Object Repo/Landing Page/BM Detecting), "href", 20, OPTIONAL): Object 'Object Repository/Final Object Repo/Landing Page/BM Detecting' has attribute 'href'

2018-11-22 23:24:26 - [MESSAGE][PASSED] - Object 'Object Repository/Final Object Repo/Landing Page/BM Detecting' has attribute 'href'

2018-11-22 23:24:26 - [TEST_STEP][PASSED] - Statement - out.println(Checker): null

2018-11-22 23:24:26 - [TEST_STEP][PASSED] - Statement - If (Checker == false): null

2018-11-22 23:24:26 - [TEST_STEP][PASSED] - Statement - Else: null

2018-11-22 23:24:26 - [TEST_STEP][PASSED] - delay: Delayed 2 second(s)

2018-11-22 23:24:28 - [MESSAGE][PASSED] - Delayed 2 second(s)

2018-11-22 23:24:28 - [TEST_STEP][PASSED] - delay: Delayed 4 second(s)

2018-11-22 23:24:32 - [MESSAGE][PASSED] - Delayed 4 second(s)

2018-11-22 23:24:32 - [TEST_STEP][PASSED] - click: Object: 'Object Repository/Final Object Repo/Page_Update Add New Employee - ASSIST/My Sites Drop Down' is clicked on

2018-11-22 23:24:32 - [MESSAGE][PASSED] - Object: 'Object Repository/Final Object Repo/Page_Update Add New Employee - ASSIST/My Sites Drop Down' is clicked on

2018-11-22 23:24:32 - [TEST_STEP][PASSED] - click: Object: 'Object Repository/Final Object Repo/Page_Update Add New Employee - ASSIST/Select to Registration Module' is clicked on

2018-11-22 23:24:33 - [MESSAGE][PASSED] - Object: 'Object Repository/Final Object Repo/Page_Update Add New Employee - ASSIST/Select to Registration Module' is clicked on

2018-11-22 23:24:33 - [TEST_STEP][PASSED] - navigateToUrl: Navigate to 'https://assist2-uat.perkeso.gov.my/web/registration/myassist' successfully

2018-11-22 23:24:34 - [MESSAGE][PASSED] - Navigate to 'https://assist2-uat.perkeso.gov.my/web/registration/myassist' successfully

2018-11-22 23:24:34 - [TEST_STEP][PASSED] - mouseOver: Object: 'Object Repository/Final Object Repo/Page_Update Add New Employee - ASSIST/Select to Update Akta 4 Tab' is hovered

2018-11-22 23:24:34 - [MESSAGE][PASSED] - Object: 'Object Repository/Final Object Repo/Page_Update Add New Employee - ASSIST/Select to Update Akta 4 Tab' is hovered

2018-11-22 23:24:34 - [TEST_STEP][PASSED] - delay: Delayed 2 second(s)

2018-11-22 23:24:36 - [MESSAGE][PASSED] - Delayed 2 second(s)

2018-11-22 23:24:36 - [TEST_STEP][PASSED] - click: Object: 'Object Repository/Final Object Repo/Page_Update Add New Employee - ASSIST/Select to Update Add New Employee' is clicked on

2018-11-22 23:24:37 - [MESSAGE][PASSED] - Object: 'Object Repository/Final Object Repo/Page_Update Add New Employee - ASSIST/Select to Update Add New Employee' is clicked on

2018-11-22 23:24:37 - [TEST_STEP][PASSED] - delay: Delayed 2 second(s)

2018-11-22 23:24:39 - [MESSAGE][PASSED] - Delayed 2 second(s)

2018-11-22 23:24:39 - [TEST_STEP][PASSED] - setText: Text 'E1102070361F' is set on object 'Object Repository/Final Object Repo/Page_Update Add New Employee - ASSIST/Employer Code input textbox'

2018-11-22 23:24:39 - [MESSAGE][PASSED] - Text 'E1102070361F' is set on object 'Object Repository/Final Object Repo/Page_Update Add New Employee - ASSIST/Employer Code input textbox'

2018-11-22 23:24:39 - [TEST_STEP][PASSED] - delay: Delayed 2 second(s)

2018-11-22 23:24:41 - [MESSAGE][PASSED] - Delayed 2 second(s)

2018-11-22 23:24:41 - [TEST_STEP][PASSED] - click: Object: 'Object Repository/Final Object Repo/Page_Update Add New Employee - ASSIST/Search Button for Employer Code' is clicked on

2018-11-22 23:24:41 - [MESSAGE][PASSED] - Object: 'Object Repository/Final Object Repo/Page_Update Add New Employee - ASSIST/Search Button for Employer Code' is clicked on

2018-11-22 23:24:41 - [TEST_STEP][PASSED] - delay: Delayed 4 second(s)

2018-11-22 23:24:45 - [MESSAGE][PASSED] - Delayed 4 second(s)

2018-11-22 23:24:45 - [TEST_STEP][PASSED] - click: Object: 'Object Repository/Final Object Repo/Page_Update Add New Employee - ASSIST/Click to Edit Case' is clicked on

2018-11-22 23:24:47 - [MESSAGE][PASSED] - Object: 'Object Repository/Final Object Repo/Page_Update Add New Employee - ASSIST/Click to Edit Case' is clicked on

2018-11-22 23:24:47 - [TEST_STEP][PASSED] - delay: Delayed 2 second(s)

2018-11-22 23:24:49 - [MESSAGE][PASSED] - Delayed 2 second(s)

2018-11-22 23:24:49 - [TEST_STEP][PASSED] - callTestCase: Call Test Case 'Test Cases/Final Aug 2018 - PKS Automation/Registration Module/Workflow/Update Add New Employee/Template/Employee Adding/Employee Set Decider' successfully

2018-11-22 23:24:49 - [TEST_CASE][PASSED] - Test Cases/Final Aug 2018 - PKS Automation/Registration Module/Workflow/Update Add New Employee/Template/Employee Adding/Employee Set Decider: Test Cases/Final Aug 2018 - PKS Automation/Registration Module/Workflow/Update Add New Employee/Template/Employee Adding/Employee Set Decider

2018-11-22 23:24:49 - [TEST_STEP][PASSED] - delay: Delayed 4 second(s)

2018-11-22 23:24:53 - [MESSAGE][PASSED] - Delayed 4 second(s)

2018-11-22 23:24:53 - [TEST_STEP][PASSED] - click: Object: 'Object Repository/Final Object Repo/Page_Update Add New Employee - ASSIST/Add Employee Button' is clicked on

2018-11-22 23:24:54 - [MESSAGE][PASSED] - Object: 'Object Repository/Final Object Repo/Page_Update Add New Employee - ASSIST/Add Employee Button' is clicked on

2018-11-22 23:24:54 - [TEST_STEP][PASSED] - delay: Delayed 3 second(s)

2018-11-22 23:24:57 - [MESSAGE][PASSED] - Delayed 3 second(s)

2018-11-22 23:24:57 - [TEST_STEP][PASSED] - setText: Text '010903091920' is set on object 'Object Repository/Final Object Repo/Page_Update Add New Employee - ASSIST/NRIC Input'

2018-11-22 23:24:57 - [MESSAGE][PASSED] - Text '010903091920' is set on object 'Object Repository/Final Object Repo/Page_Update Add New Employee - ASSIST/NRIC Input'

2018-11-22 23:24:57 - [TEST_STEP][PASSED] - click: Object: 'Object Repository/Final Object Repo/Page_Update Add New Employee - ASSIST/button for search for IC' is clicked on

2018-11-22 23:24:57 - [MESSAGE][PASSED] - Object: 'Object Repository/Final Object Repo/Page_Update Add New Employee - ASSIST/button for search for IC' is clicked on

2018-11-22 23:24:57 - [TEST_STEP][PASSED] - delay: Delayed 2 second(s)

2018-11-22 23:24:59 - [MESSAGE][PASSED] - Delayed 2 second(s)

2018-11-22 23:24:59 - [TEST_STEP][PASSED] - sendKeys: Keys 'CONTROL + a' sent to object: 'Object Repository/Final Object Repo/Page_Update Add New Employee - ASSIST/Employee Name Input'

2018-11-22 23:24:59 - [MESSAGE][PASSED] - Keys 'CONTROL + a' sent to object: 'Object Repository/Final Object Repo/Page_Update Add New Employee - ASSIST/Employee Name Input'

2018-11-22 23:24:59 - [TEST_STEP][PASSED] - sendKeys: Keys 'CONTROL + c' sent to object: 'Object Repository/Final Object Repo/Page_Update Add New Employee - ASSIST/Employee Name Input'

2018-11-22 23:24:59 - [MESSAGE][PASSED] - Keys 'CONTROL + c' sent to object: 'Object Repository/Final Object Repo/Page_Update Add New Employee - ASSIST/Employee Name Input'

2018-11-22 23:24:59 - [TEST_STEP][PASSED] - Statement - toolkit = java.awt.Toolkit.getDefaultToolkit(): null

2018-11-22 23:24:59 - [TEST_STEP][PASSED] - Statement - clipboard = toolkit.getSystemClipboard(): null

2018-11-22 23:24:59 - [TEST_STEP][PASSED] - Statement - CurrentName = clipboard.getData(stringFlavor): null

2018-11-22 23:24:59 - [TEST_STEP][PASSED] - Statement - out.println("String from Clipboard:" + CurrentName): null

2018-11-22 23:24:59 - [TEST_STEP][PASSED] - Statement - If (CurrentName == "AUTOMATE002 ELIGIBLE 1"): null

2018-11-22 23:24:59 - [TEST_STEP][PASSED] - Statement - Else If (CurrentName == "AUTOMATE003 ELIGIBLE 1"): Call Test Case 'Test Cases/Final Aug 2018 - PKS Automation/Registration Module/Workflow/Update Add New Employee/Template/Employee Adding/Employee Adding Action Repeat IC - set 2' successfully

2018-11-22 23:24:59 - [TEST_STEP][PASSED] - callTestCase: Call Test Case 'Test Cases/Final Aug 2018 - PKS Automation/Registration Module/Workflow/Update Add New Employee/Template/Employee Adding/Employee Adding Action Repeat IC - set 2' successfully

2018-11-22 23:24:59 - [TEST_CASE][PASSED] - Test Cases/Final Aug 2018 - PKS Automation/Registration Module/Workflow/Update Add New Employee/Template/Employee Adding/Employee Adding Action Repeat IC - set 2: Test Cases/Final Aug 2018 - PKS Automation/Registration Module/Workflow/Update Add New Employee/Template/Employee Adding/Employee Adding Action Repeat IC - set 2

2018-11-22 23:25:00 - [TEST_STEP][PASSED] - setText: Text 'Automate002 eligible 1' is set on object 'Object Repository/Final Object Repo/Page_Update Add New Employee - ASSIST/Employee Name Input'

2018-11-22 23:25:00 - [MESSAGE][PASSED] - Text 'Automate002 eligible 1' is set on object 'Object Repository/Final Object Repo/Page_Update Add New Employee - ASSIST/Employee Name Input'

2018-11-22 23:25:00 - [TEST_STEP][PASSED] - delay: Delayed 2 second(s)

2018-11-22 23:25:02 - [MESSAGE][PASSED] - Delayed 2 second(s)

2018-11-22 23:25:02 - [TEST_STEP][PASSED] - click: Object: 'Object Repository/Final Object Repo/Page_Update Add New Employee - ASSIST/DatePicker Pop Up' is clicked on

2018-11-22 23:25:02 - [MESSAGE][PASSED] - Object: 'Object Repository/Final Object Repo/Page_Update Add New Employee - ASSIST/DatePicker Pop Up' is clicked on

2018-11-22 23:25:02 - [TEST_STEP][PASSED] - click: Object: 'Object Repository/Final Object Repo/Page_Update Add New Employee - ASSIST/DOB Month' is clicked on

2018-11-22 23:25:02 - [MESSAGE][PASSED] - Object: 'Object Repository/Final Object Repo/Page_Update Add New Employee - ASSIST/DOB Month' is clicked on

2018-11-22 23:25:02 - [TEST_STEP][PASSED] - Statement - CurrentMonth = CurrentMonth: null

2018-11-22 23:25:02 - [TEST_STEP][PASSED] - Statement - selectMonth = new com.kms.katalon.core.testobject.TestObject(): null

2018-11-22 23:25:02 - [TEST_STEP][PASSED] - Statement - selectMonth.addProperty("xpath", EQUALS, "//body/div/div/div/select/option[@value='" + CurrentMonth + "']", true): null

2018-11-22 23:25:02 - [TEST_STEP][PASSED] - click: Object: '' is clicked on

2018-11-22 23:25:03 - [MESSAGE][PASSED] - Object: '' is clicked on

2018-11-22 23:25:03 - [TEST_STEP][PASSED] - click: Object: 'Object Repository/Final Object Repo/Page_Update Add New Employee - ASSIST/DOB Year' is clicked on

2018-11-22 23:25:03 - [MESSAGE][PASSED] - Object: 'Object Repository/Final Object Repo/Page_Update Add New Employee - ASSIST/DOB Year' is clicked on

2018-11-22 23:25:03 - [TEST_STEP][PASSED] - Statement - Eyearsbf = EighteenYrsBefore: null

2018-11-22 23:25:03 - [TEST_STEP][PASSED] - Statement - selectYear = new com.kms.katalon.core.testobject.TestObject(): null

2018-11-22 23:25:03 - [TEST_STEP][PASSED] - Statement - selectYear.addProperty("xpath", EQUALS, "//div/div/div/select/option[@value='" + Eyearsbf + "']", true): null

2018-11-22 23:25:03 - [TEST_STEP][PASSED] - click: Object: '' is clicked on

2018-11-22 23:25:03 - [MESSAGE][PASSED] - Object: '' is clicked on

2018-11-22 23:25:03 - [TEST_STEP][PASSED] - Statement - UpdatedSelectDate = com.kms.katalon.core.webui.keyword.WebUiBuiltInKeywords.modifyObjectProperty(com.kms.katalon.core.testobject.ObjectRepository.findTestObject(Final Object Repo/Page_Update Add New Employee - ASSIST/DOB Date), "xpath", "equals", "//body/div/table/tbody/tr/td/a[text()="" + CurrentDate + ""]", true): Modify property of object successfully

2018-11-22 23:25:03 - [MESSAGE][PASSED] - Modify property of object successfully

2018-11-22 23:25:03 - [TEST_STEP][PASSED] - delay: Delayed 3 second(s)

2018-11-22 23:25:06 - [MESSAGE][PASSED] - Delayed 3 second(s)

2018-11-22 23:25:06 - [TEST_STEP][PASSED] - click: Object: 'Object Repository/Final Object Repo/Page_Update Add New Employee - ASSIST/DOB Date' is clicked on

2018-11-22 23:25:06 - [MESSAGE][PASSED] - Object: 'Object Repository/Final Object Repo/Page_Update Add New Employee - ASSIST/DOB Date' is clicked on

2018-11-22 23:25:06 - [TEST_STEP][PASSED] - delay: Delayed 2 second(s)

2018-11-22 23:25:08 - [MESSAGE][PASSED] - Delayed 2 second(s)

2018-11-22 23:25:08 - [TEST_STEP][PASSED] - click: Object: 'Object Repository/Final Object Repo/Page_Update Add New Employee - ASSIST/EmploymentStartDate Pop Up' is clicked on

2018-11-22 23:25:08 - [MESSAGE][PASSED] - Object: 'Object Repository/Final Object Repo/Page_Update Add New Employee - ASSIST/EmploymentStartDate Pop Up' is clicked on

2018-11-22 23:25:08 - [TEST_STEP][PASSED] - delay: Delayed 2 second(s)

2018-11-22 23:25:10 - [MESSAGE][PASSED] - Delayed 2 second(s)

2018-11-22 23:25:10 - [TEST_STEP][PASSED] - click: Object: 'Object Repository/Final Object Repo/Page_Update Add New Employee - ASSIST/Socso Employment StartDate Month' is clicked on

2018-11-22 23:25:10 - [MESSAGE][PASSED] - Object: 'Object Repository/Final Object Repo/Page_Update Add New Employee - ASSIST/Socso Employment StartDate Month' is clicked on

2018-11-22 23:25:10 - [TEST_STEP][PASSED] - delay: Delayed 1 second(s)

2018-11-22 23:25:11 - [MESSAGE][PASSED] - Delayed 1 second(s)

2018-11-22 23:25:11 - [TEST_STEP][PASSED] - click: Object: 'Object Repository/Final Object Repo/Page_Update Add New Employee - ASSIST/Select Socso Employement Startdate Month' is clicked on

2018-11-22 23:25:12 - [MESSAGE][PASSED] - Object: 'Object Repository/Final Object Repo/Page_Update Add New Employee - ASSIST/Select Socso Employement Startdate Month' is clicked on

2018-11-22 23:25:12 - [TEST_STEP][PASSED] - delay: Delayed 2 second(s)

2018-11-22 23:25:14 - [MESSAGE][PASSED] - Delayed 2 second(s)

2018-11-22 23:25:14 - [TEST_STEP][PASSED] - click: Object: 'Object Repository/Final Object Repo/Page_Update Add New Employee - ASSIST/Socso Employment StartDate Year' is clicked on

2018-11-22 23:25:14 - [MESSAGE][PASSED] - Object: 'Object Repository/Final Object Repo/Page_Update Add New Employee - ASSIST/Socso Employment StartDate Year' is clicked on

2018-11-22 23:25:14 - [TEST_STEP][PASSED] - delay: Delayed 1 second(s)

2018-11-22 23:25:15 - [MESSAGE][PASSED] - Delayed 1 second(s)

2018-11-22 23:25:15 - [TEST_STEP][PASSED] - click: Object: 'Object Repository/Final Object Repo/Page_Update Add New Employee - ASSIST/Select Socso Employment Startdate Year' is clicked on

2018-11-22 23:25:15 - [MESSAGE][PASSED] - Object: 'Object Repository/Final Object Repo/Page_Update Add New Employee - ASSIST/Select Socso Employment Startdate Year' is clicked on

2018-11-22 23:25:15 - [TEST_STEP][PASSED] - delay: Delayed 2 second(s)

2018-11-22 23:25:17 - [MESSAGE][PASSED] - Delayed 2 second(s)

2018-11-22 23:25:17 - [TEST_STEP][PASSED] - click: Object: 'Object Repository/Final Object Repo/Page_Update Add New Employee - ASSIST/Socso Employment Start Date Day' is clicked on

2018-11-22 23:25:17 - [MESSAGE][PASSED] - Object: 'Object Repository/Final Object Repo/Page_Update Add New Employee - ASSIST/Socso Employment Start Date Day' is clicked on

2018-11-22 23:25:17 - [TEST_STEP][PASSED] - delay: Delayed 2 second(s)

2018-11-22 23:25:19 - [MESSAGE][PASSED] - Delayed 2 second(s)

2018-11-22 23:25:19 - [TEST_STEP][PASSED] - click: Object: 'Object Repository/Final Object Repo/Page_Update Add New Employee - ASSIST/Save Button for Add Employee' is clicked on

2018-11-22 23:25:19 - [MESSAGE][PASSED] - Object: 'Object Repository/Final Object Repo/Page_Update Add New Employee - ASSIST/Save Button for Add Employee' is clicked on

2018-11-22 23:25:19 - [TEST_STEP][PASSED] - delay: Delayed 10 second(s)

2018-11-22 23:25:29 - [MESSAGE][PASSED] - Delayed 10 second(s)

2018-11-22 23:25:29 - [TEST_STEP][PASSED] - click: Object: 'Object Repository/Final Object Repo/Page_Update Add New Employee - ASSIST/Add Employee Button' is clicked on

2018-11-22 23:25:29 - [MESSAGE][PASSED] - Object: 'Object Repository/Final Object Repo/Page_Update Add New Employee - ASSIST/Add Employee Button' is clicked on

2018-11-22 23:25:29 - [TEST_STEP][PASSED] - delay: Delayed 6 second(s)

2018-11-22 23:25:35 - [MESSAGE][PASSED] - Delayed 6 second(s)

2018-11-22 23:25:35 - [TEST_STEP][PASSED] - setText: Text '620904059600' is set on object 'Object Repository/Final Object Repo/Page_Update Add New Employee - ASSIST/NRIC Input'

2018-11-22 23:25:36 - [MESSAGE][PASSED] - Text '620904059600' is set on object 'Object Repository/Final Object Repo/Page_Update Add New Employee - ASSIST/NRIC Input'

2018-11-22 23:25:36 - [TEST_STEP][PASSED] - click: Object: 'Object Repository/Final Object Repo/Page_Update Add New Employee - ASSIST/button for search for IC' is clicked on

2018-11-22 23:25:36 - [MESSAGE][PASSED] - Object: 'Object Repository/Final Object Repo/Page_Update Add New Employee - ASSIST/button for search for IC' is clicked on

2018-11-22 23:25:36 - [TEST_STEP][PASSED] - delay: Delayed 2 second(s)

2018-11-22 23:25:38 - [MESSAGE][PASSED] - Delayed 2 second(s)

2018-11-22 23:25:38 - [TEST_STEP][PASSED] - setText: Text 'Automate002 eligible 2' is set on object 'Object Repository/Final Object Repo/Page_Update Add New Employee - ASSIST/Employee Name Input'

2018-11-22 23:25:39 - [MESSAGE][PASSED] - Text 'Automate002 eligible 2' is set on object 'Object Repository/Final Object Repo/Page_Update Add New Employee - ASSIST/Employee Name Input'

2018-11-22 23:25:39 - [TEST_STEP][PASSED] - delay: Delayed 2 second(s)

2018-11-22 23:25:41 - [MESSAGE][PASSED] - Delayed 2 second(s)

2018-11-22 23:25:41 - [TEST_STEP][PASSED] - click: Object: 'Object Repository/Final Object Repo/Page_Update Add New Employee - ASSIST/DatePicker Pop Up' is clicked on

2018-11-22 23:25:41 - [MESSAGE][PASSED] - Object: 'Object Repository/Final Object Repo/Page_Update Add New Employee - ASSIST/DatePicker Pop Up' is clicked on

2018-11-22 23:25:41 - [TEST_STEP][PASSED] - delay: Delayed 2 second(s)

2018-11-22 23:25:43 - [MESSAGE][PASSED] - Delayed 2 second(s)

2018-11-22 23:25:43 - [TEST_STEP][PASSED] - click: Object: 'Object Repository/Final Object Repo/Page_Update Add New Employee - ASSIST/DOB Month' is clicked on

2018-11-22 23:25:43 - [MESSAGE][PASSED] - Object: 'Object Repository/Final Object Repo/Page_Update Add New Employee - ASSIST/DOB Month' is clicked on

2018-11-22 23:25:43 - [TEST_STEP][PASSED] - Statement - selectMonth = com.kms.katalon.core.webui.keyword.WebUiBuiltInKeywords.modifyObjectProperty(selectMonth, "xpath", "equals", "//body/div/div/div/select/option[@value="" + CurrentMonth + ""]", true): Modify property of object successfully

2018-11-22 23:25:43 - [MESSAGE][PASSED] - Modify property of object successfully

2018-11-22 23:25:43 - [TEST_STEP][PASSED] - click: Object: '' is clicked on

2018-11-22 23:25:43 - [MESSAGE][PASSED] - Object: '' is clicked on

2018-11-22 23:25:43 - [TEST_STEP][PASSED] - click: Object: 'Object Repository/Final Object Repo/Page_Update Add New Employee - ASSIST/DOB Year' is clicked on

2018-11-22 23:25:43 - [MESSAGE][PASSED] - Object: 'Object Repository/Final Object Repo/Page_Update Add New Employee - ASSIST/DOB Year' is clicked on

2018-11-22 23:25:43 - [TEST_STEP][PASSED] - Statement - selectYear = com.kms.katalon.core.webui.keyword.WebUiBuiltInKeywords.modifyObjectProperty(selectYear, "xpath", "equals", "//div/div/div/select/option[@value="" + FiftysevenYrsBefore + ""]", true): Modify property of object successfully

2018-11-22 23:25:43 - [MESSAGE][PASSED] - Modify property of object successfully

2018-11-22 23:25:43 - [TEST_STEP][PASSED] - click: Object: '' is clicked on

2018-11-22 23:25:43 - [MESSAGE][PASSED] - Object: '' is clicked on

2018-11-22 23:25:43 - [TEST_STEP][PASSED] - Statement - UpdatedSelectDate = com.kms.katalon.core.webui.keyword.WebUiBuiltInKeywords.modifyObjectProperty(com.kms.katalon.core.testobject.ObjectRepository.findTestObject(Final Object Repo/Page_Update Add New Employee - ASSIST/DOB Date), "xpath", "equals", "//body/div/table/tbody/tr/td/a[text()="" + OneDayBefore + ""]", true): Modify property of object successfully

2018-11-22 23:25:43 - [MESSAGE][PASSED] - Modify property of object successfully

2018-11-22 23:25:43 - [TEST_STEP][PASSED] - click: Object: 'Object Repository/Final Object Repo/Page_Update Add New Employee - ASSIST/DOB Date' is clicked on

2018-11-22 23:25:44 - [MESSAGE][PASSED] - Object: 'Object Repository/Final Object Repo/Page_Update Add New Employee - ASSIST/DOB Date' is clicked on

2018-11-22 23:25:44 - [TEST_STEP][PASSED] - delay: Delayed 2 second(s)

2018-11-22 23:25:46 - [MESSAGE][PASSED] - Delayed 2 second(s)

2018-11-22 23:25:46 - [TEST_STEP][PASSED] - click: Object: 'Object Repository/Final Object Repo/Page_Update Add New Employee - ASSIST/EmploymentStartDate Pop Up' is clicked on

2018-11-22 23:25:46 - [MESSAGE][PASSED] - Object: 'Object Repository/Final Object Repo/Page_Update Add New Employee - ASSIST/EmploymentStartDate Pop Up' is clicked on

2018-11-22 23:25:46 - [TEST_STEP][PASSED] - delay: Delayed 2 second(s)

2018-11-22 23:25:48 - [MESSAGE][PASSED] - Delayed 2 second(s)

2018-11-22 23:25:48 - [TEST_STEP][PASSED] - click: Object: 'Object Repository/Final Object Repo/Page_Update Add New Employee - ASSIST/Socso Employment StartDate Month' is clicked on

2018-11-22 23:25:48 - [MESSAGE][PASSED] - Object: 'Object Repository/Final Object Repo/Page_Update Add New Employee - ASSIST/Socso Employment StartDate Month' is clicked on

2018-11-22 23:25:48 - [TEST_STEP][PASSED] - delay: Delayed 1 second(s)

2018-11-22 23:25:49 - [MESSAGE][PASSED] - Delayed 1 second(s)

2018-11-22 23:25:49 - [TEST_STEP][PASSED] - click: Object: 'Object Repository/Final Object Repo/Page_Update Add New Employee - ASSIST/Select Socso Employement Startdate Month' is clicked on

2018-11-22 23:25:49 - [MESSAGE][PASSED] - Object: 'Object Repository/Final Object Repo/Page_Update Add New Employee - ASSIST/Select Socso Employement Startdate Month' is clicked on

2018-11-22 23:25:49 - [TEST_STEP][PASSED] - delay: Delayed 2 second(s)

2018-11-22 23:25:51 - [MESSAGE][PASSED] - Delayed 2 second(s)

2018-11-22 23:25:51 - [TEST_STEP][PASSED] - click: Object: 'Object Repository/Final Object Repo/Page_Update Add New Employee - ASSIST/Socso Employment StartDate Year' is clicked on

2018-11-22 23:25:51 - [MESSAGE][PASSED] - Object: 'Object Repository/Final Object Repo/Page_Update Add New Employee - ASSIST/Socso Employment StartDate Year' is clicked on

2018-11-22 23:25:51 - [TEST_STEP][PASSED] - delay: Delayed 1 second(s)

2018-11-22 23:25:52 - [MESSAGE][PASSED] - Delayed 1 second(s)

2018-11-22 23:25:52 - [TEST_STEP][PASSED] - click: Object: 'Object Repository/Final Object Repo/Page_Update Add New Employee - ASSIST/Select Socso Employment Startdate Year' is clicked on

2018-11-22 23:25:52 - [MESSAGE][PASSED] - Object: 'Object Repository/Final Object Repo/Page_Update Add New Employee - ASSIST/Select Socso Employment Startdate Year' is clicked on

2018-11-22 23:25:52 - [TEST_STEP][PASSED] - delay: Delayed 2 second(s)

2018-11-22 23:25:54 - [MESSAGE][PASSED] - Delayed 2 second(s)

2018-11-22 23:25:54 - [TEST_STEP][PASSED] - click: Object: 'Object Repository/Final Object Repo/Page_Update Add New Employee - ASSIST/Socso Employment Start Date Day' is clicked on

2018-11-22 23:25:55 - [MESSAGE][PASSED] - Object: 'Object Repository/Final Object Repo/Page_Update Add New Employee - ASSIST/Socso Employment Start Date Day' is clicked on

2018-11-22 23:25:55 - [TEST_STEP][PASSED] - delay: Delayed 2 second(s)

2018-11-22 23:25:57 - [MESSAGE][PASSED] - Delayed 2 second(s)

2018-11-22 23:25:57 - [TEST_STEP][PASSED] - click: Object: 'Object Repository/Final Object Repo/Page_Update Add New Employee - ASSIST/Save Button for Add Employee' is clicked on

2018-11-22 23:25:57 - [MESSAGE][PASSED] - Object: 'Object Repository/Final Object Repo/Page_Update Add New Employee - ASSIST/Save Button for Add Employee' is clicked on

2018-11-22 23:25:57 - [TEST_STEP][PASSED] - delay: Delayed 5 second(s)

2018-11-22 23:26:02 - [MESSAGE][PASSED] - Delayed 5 second(s)

2018-11-22 23:26:02 - [TEST_STEP][PASSED] - waitForElementClickable: Object 'Object Repository/Final Object Repo/Page_Update Add New Employee - ASSIST/Add Employee Button' is clickable

2018-11-22 23:26:02 - [MESSAGE][PASSED] - Object 'Object Repository/Final Object Repo/Page_Update Add New Employee - ASSIST/Add Employee Button' is clickable

2018-11-22 23:26:02 - [TEST_STEP][PASSED] - click: Object: 'Object Repository/Final Object Repo/Page_Update Add New Employee - ASSIST/Add Employee Button' is clicked on

2018-11-22 23:26:02 - [MESSAGE][PASSED] - Object: 'Object Repository/Final Object Repo/Page_Update Add New Employee - ASSIST/Add Employee Button' is clicked on

2018-11-22 23:26:02 - [TEST_STEP][PASSED] - delay: Delayed 4 second(s)

2018-11-22 23:26:06 - [MESSAGE][PASSED] - Delayed 4 second(s)

2018-11-22 23:26:06 - [TEST_STEP][PASSED] - setText: Text '000209039100' is set on object 'Object Repository/Final Object Repo/Page_Update Add New Employee - ASSIST/NRIC Input'

2018-11-22 23:26:06 - [MESSAGE][PASSED] - Text '000209039100' is set on object 'Object Repository/Final Object Repo/Page_Update Add New Employee - ASSIST/NRIC Input'

2018-11-22 23:26:06 - [TEST_STEP][PASSED] - click: Object: 'Object Repository/Final Object Repo/Page_Update Add New Employee - ASSIST/button for search for IC' is clicked on

2018-11-22 23:26:07 - [MESSAGE][PASSED] - Object: 'Object Repository/Final Object Repo/Page_Update Add New Employee - ASSIST/button for search for IC' is clicked on

2018-11-22 23:26:07 - [TEST_STEP][PASSED] - delay: Delayed 2 second(s)

2018-11-22 23:26:09 - [MESSAGE][PASSED] - Delayed 2 second(s)

2018-11-22 23:26:09 - [TEST_STEP][PASSED] - setText: Text 'Automate002 not eligible 1' is set on object 'Object Repository/Final Object Repo/Page_Update Add New Employee - ASSIST/Employee Name Input'

2018-11-22 23:26:09 - [MESSAGE][PASSED] - Text 'Automate002 not eligible 1' is set on object 'Object Repository/Final Object Repo/Page_Update Add New Employee - ASSIST/Employee Name Input'

2018-11-22 23:26:09 - [TEST_STEP][PASSED] - delay: Delayed 2 second(s)

2018-11-22 23:26:11 - [MESSAGE][PASSED] - Delayed 2 second(s)

2018-11-22 23:26:11 - [TEST_STEP][PASSED] - click: Object: 'Object Repository/Final Object Repo/Page_Update Add New Employee - ASSIST/DatePicker Pop Up' is clicked on

2018-11-22 23:26:11 - [MESSAGE][PASSED] - Object: 'Object Repository/Final Object Repo/Page_Update Add New Employee - ASSIST/DatePicker Pop Up' is clicked on

2018-11-22 23:26:11 - [TEST_STEP][PASSED] - delay: Delayed 2 second(s)

2018-11-22 23:26:13 - [MESSAGE][PASSED] - Delayed 2 second(s)

2018-11-22 23:26:13 - [TEST_STEP][PASSED] - click: Object: 'Object Repository/Final Object Repo/Page_Update Add New Employee - ASSIST/DOB Month' is clicked on

2018-11-22 23:26:14 - [MESSAGE][PASSED] - Object: 'Object Repository/Final Object Repo/Page_Update Add New Employee - ASSIST/DOB Month' is clicked on

2018-11-22 23:26:14 - [TEST_STEP][PASSED] - Statement - selectMonth = com.kms.katalon.core.webui.keyword.WebUiBuiltInKeywords.modifyObjectProperty(selectMonth, "xpath", "equals", "//body/div/div/div/select/option[@value="" + CurrentMonth + ""]", true): Modify property of object successfully

2018-11-22 23:26:14 - [MESSAGE][PASSED] - Modify property of object successfully

2018-11-22 23:26:14 - [TEST_STEP][PASSED] - click: Object: '' is clicked on

2018-11-22 23:26:14 - [MESSAGE][PASSED] - Object: '' is clicked on

2018-11-22 23:26:14 - [TEST_STEP][PASSED] - click: Object: 'Object Repository/Final Object Repo/Page_Update Add New Employee - ASSIST/DOB Year' is clicked on

2018-11-22 23:26:14 - [MESSAGE][PASSED] - Object: 'Object Repository/Final Object Repo/Page_Update Add New Employee - ASSIST/DOB Year' is clicked on

2018-11-22 23:26:14 - [TEST_STEP][PASSED] - Statement - selectYear = com.kms.katalon.core.webui.keyword.WebUiBuiltInKeywords.modifyObjectProperty(selectYear, "xpath", "equals", "//div/div/div/select/option[@value="" + EighteenYrsBefore + ""]", true): Modify property of object successfully

2018-11-22 23:26:14 - [MESSAGE][PASSED] - Modify property of object successfully

2018-11-22 23:26:14 - [TEST_STEP][PASSED] - click: Object: '' is clicked on

2018-11-22 23:26:14 - [MESSAGE][PASSED] - Object: '' is clicked on

2018-11-22 23:26:14 - [TEST_STEP][PASSED] - Statement - UpdatedSelectDate = com.kms.katalon.core.webui.keyword.WebUiBuiltInKeywords.modifyObjectProperty(com.kms.katalon.core.testobject.ObjectRepository.findTestObject(Final Object Repo/Page_Update Add New Employee - ASSIST/DOB Date), "xpath", "equals", "//body/div/table/tbody/tr/td/a[text()="" + OneDayBefore + ""]", true): Modify property of object successfully

2018-11-22 23:26:14 - [MESSAGE][PASSED] - Modify property of object successfully

2018-11-22 23:26:14 - [TEST_STEP][PASSED] - click: Object: 'Object Repository/Final Object Repo/Page_Update Add New Employee - ASSIST/DOB Date' is clicked on

2018-11-22 23:26:14 - [MESSAGE][PASSED] - Object: 'Object Repository/Final Object Repo/Page_Update Add New Employee - ASSIST/DOB Date' is clicked on

2018-11-22 23:26:14 - [TEST_STEP][PASSED] - delay: Delayed 2 second(s)

2018-11-22 23:26:16 - [MESSAGE][PASSED] - Delayed 2 second(s)

2018-11-22 23:26:16 - [TEST_STEP][PASSED] - click: Object: 'Object Repository/Final Object Repo/Page_Update Add New Employee - ASSIST/EmploymentStartDate Pop Up' is clicked on

2018-11-22 23:26:16 - [MESSAGE][PASSED] - Object: 'Object Repository/Final Object Repo/Page_Update Add New Employee - ASSIST/EmploymentStartDate Pop Up' is clicked on

2018-11-22 23:26:16 - [TEST_STEP][PASSED] - delay: Delayed 2 second(s)

2018-11-22 23:26:18 - [MESSAGE][PASSED] - Delayed 2 second(s)

2018-11-22 23:26:18 - [TEST_STEP][PASSED] - click: Object: 'Object Repository/Final Object Repo/Page_Update Add New Employee - ASSIST/Socso Employment StartDate Month' is clicked on

2018-11-22 23:26:19 - [MESSAGE][PASSED] - Object: 'Object Repository/Final Object Repo/Page_Update Add New Employee - ASSIST/Socso Employment StartDate Month' is clicked on

2018-11-22 23:26:19 - [TEST_STEP][PASSED] - delay: Delayed 1 second(s)

2018-11-22 23:26:20 - [MESSAGE][PASSED] - Delayed 1 second(s)

2018-11-22 23:26:20 - [TEST_STEP][PASSED] - click: Object: 'Object Repository/Final Object Repo/Page_Update Add New Employee - ASSIST/Select Socso Employement Startdate Month' is clicked on

2018-11-22 23:26:20 - [MESSAGE][PASSED] - Object: 'Object Repository/Final Object Repo/Page_Update Add New Employee - ASSIST/Select Socso Employement Startdate Month' is clicked on

2018-11-22 23:26:20 - [TEST_STEP][PASSED] - delay: Delayed 2 second(s)

2018-11-22 23:26:22 - [MESSAGE][PASSED] - Delayed 2 second(s)

2018-11-22 23:26:22 - [TEST_STEP][PASSED] - click: Object: 'Object Repository/Final Object Repo/Page_Update Add New Employee - ASSIST/Socso Employment StartDate Year' is clicked on

2018-11-22 23:26:22 - [MESSAGE][PASSED] - Object: 'Object Repository/Final Object Repo/Page_Update Add New Employee - ASSIST/Socso Employment StartDate Year' is clicked on

2018-11-22 23:26:22 - [TEST_STEP][PASSED] - delay: Delayed 1 second(s)

2018-11-22 23:26:23 - [MESSAGE][PASSED] - Delayed 1 second(s)

2018-11-22 23:26:23 - [TEST_STEP][PASSED] - click: Object: 'Object Repository/Final Object Repo/Page_Update Add New Employee - ASSIST/Select Socso Employment Startdate Year' is clicked on

2018-11-22 23:26:23 - [MESSAGE][PASSED] - Object: 'Object Repository/Final Object Repo/Page_Update Add New Employee - ASSIST/Select Socso Employment Startdate Year' is clicked on

2018-11-22 23:26:23 - [TEST_STEP][PASSED] - delay: Delayed 2 second(s)

2018-11-22 23:26:25 - [MESSAGE][PASSED] - Delayed 2 second(s)

2018-11-22 23:26:25 - [TEST_STEP][PASSED] - click: Object: 'Object Repository/Final Object Repo/Page_Update Add New Employee - ASSIST/Socso Employment Start Date Day' is clicked on

2018-11-22 23:26:25 - [MESSAGE][PASSED] - Object: 'Object Repository/Final Object Repo/Page_Update Add New Employee - ASSIST/Socso Employment Start Date Day' is clicked on

2018-11-22 23:26:25 - [TEST_STEP][PASSED] - delay: Delayed 2 second(s)

2018-11-22 23:26:27 - [MESSAGE][PASSED] - Delayed 2 second(s)

2018-11-22 23:26:27 - [TEST_STEP][PASSED] - click: Object: 'Object Repository/Final Object Repo/Page_Update Add New Employee - ASSIST/Save Button for Add Employee' is clicked on

2018-11-22 23:26:27 - [MESSAGE][PASSED] - Object: 'Object Repository/Final Object Repo/Page_Update Add New Employee - ASSIST/Save Button for Add Employee' is clicked on

2018-11-22 23:26:27 - [TEST_STEP][PASSED] - delay: Delayed 20 second(s)

2018-11-22 23:26:47 - [MESSAGE][PASSED] - Delayed 20 second(s)

2018-11-22 23:26:47 - [TEST_STEP][PASSED] - click: Object: 'Object Repository/Final Object Repo/Page_Update Add New Employee - ASSIST/Add Employee Button' is clicked on

2018-11-22 23:26:48 - [MESSAGE][PASSED] - Object: 'Object Repository/Final Object Repo/Page_Update Add New Employee - ASSIST/Add Employee Button' is clicked on

2018-11-22 23:26:48 - [TEST_STEP][PASSED] - delay: Delayed 4 second(s)

2018-11-22 23:26:52 - [MESSAGE][PASSED] - Delayed 4 second(s)

2018-11-22 23:26:52 - [TEST_STEP][PASSED] - setText: Text '600203039104' is set on object 'Object Repository/Final Object Repo/Page_Update Add New Employee - ASSIST/NRIC Input'

2018-11-22 23:26:52 - [MESSAGE][PASSED] - Text '600203039104' is set on object 'Object Repository/Final Object Repo/Page_Update Add New Employee - ASSIST/NRIC Input'

2018-11-22 23:26:52 - [TEST_STEP][PASSED] - click: Object: 'Object Repository/Final Object Repo/Page_Update Add New Employee - ASSIST/button for search for IC' is clicked on

2018-11-22 23:26:52 - [MESSAGE][PASSED] - Object: 'Object Repository/Final Object Repo/Page_Update Add New Employee - ASSIST/button for search for IC' is clicked on

2018-11-22 23:26:52 - [TEST_STEP][PASSED] - delay: Delayed 2 second(s)

2018-11-22 23:26:54 - [MESSAGE][PASSED] - Delayed 2 second(s)

2018-11-22 23:26:54 - [TEST_STEP][PASSED] - setText: Text 'Automate002 not eligible 2' is set on object 'Object Repository/Final Object Repo/Page_Update Add New Employee - ASSIST/Employee Name Input'

2018-11-22 23:26:55 - [MESSAGE][PASSED] - Text 'Automate002 not eligible 2' is set on object 'Object Repository/Final Object Repo/Page_Update Add New Employee - ASSIST/Employee Name Input'

2018-11-22 23:26:55 - [TEST_STEP][PASSED] - delay: Delayed 2 second(s)

2018-11-22 23:26:57 - [MESSAGE][PASSED] - Delayed 2 second(s)

2018-11-22 23:26:57 - [TEST_STEP][PASSED] - click: Object: 'Object Repository/Final Object Repo/Page_Update Add New Employee - ASSIST/DatePicker Pop Up' is clicked on

2018-11-22 23:26:57 - [MESSAGE][PASSED] - Object: 'Object Repository/Final Object Repo/Page_Update Add New Employee - ASSIST/DatePicker Pop Up' is clicked on

2018-11-22 23:26:57 - [TEST_STEP][PASSED] - delay: Delayed 2 second(s)

2018-11-22 23:26:59 - [MESSAGE][PASSED] - Delayed 2 second(s)

2018-11-22 23:26:59 - [TEST_STEP][PASSED] - click: Object: 'Object Repository/Final Object Repo/Page_Update Add New Employee - ASSIST/DOB Month' is clicked on

2018-11-22 23:26:59 - [MESSAGE][PASSED] - Object: 'Object Repository/Final Object Repo/Page_Update Add New Employee - ASSIST/DOB Month' is clicked on

2018-11-22 23:26:59 - [TEST_STEP][PASSED] - Statement - selectMonth = com.kms.katalon.core.webui.keyword.WebUiBuiltInKeywords.modifyObjectProperty(selectMonth, "xpath", "equals", "//body/div/div/div/select/option[@value="" + CurrentMonth + ""]", true): Modify property of object successfully

2018-11-22 23:26:59 - [MESSAGE][PASSED] - Modify property of object successfully

2018-11-22 23:26:59 - [TEST_STEP][PASSED] - click: Object: '' is clicked on

2018-11-22 23:26:59 - [MESSAGE][PASSED] - Object: '' is clicked on

2018-11-22 23:26:59 - [TEST_STEP][PASSED] - click: Object: 'Object Repository/Final Object Repo/Page_Update Add New Employee - ASSIST/DOB Year' is clicked on

2018-11-22 23:27:00 - [MESSAGE][PASSED] - Object: 'Object Repository/Final Object Repo/Page_Update Add New Employee - ASSIST/DOB Year' is clicked on

2018-11-22 23:27:00 - [TEST_STEP][PASSED] - Statement - selectYear = com.kms.katalon.core.webui.keyword.WebUiBuiltInKeywords.modifyObjectProperty(selectYear, "xpath", "equals", "//div/div/div/select/option[@value="" + FiftysevenYrsBefore + ""]", true): Modify property of object successfully

2018-11-22 23:27:00 - [MESSAGE][PASSED] - Modify property of object successfully

2018-11-22 23:27:00 - [TEST_STEP][PASSED] - click: Object: '' is clicked on

2018-11-22 23:27:00 - [MESSAGE][PASSED] - Object: '' is clicked on

2018-11-22 23:27:00 - [TEST_STEP][PASSED] - Statement - UpdatedSelectDate = com.kms.katalon.core.webui.keyword.WebUiBuiltInKeywords.modifyObjectProperty(com.kms.katalon.core.testobject.ObjectRepository.findTestObject(Final Object Repo/Page_Update Add New Employee - ASSIST/DOB Date), "xpath", "equals", "//body/div/table/tbody/tr/td/a[text()="" + CurrentDate + ""]", true): Modify property of object successfully

2018-11-22 23:27:00 - [MESSAGE][PASSED] - Modify property of object successfully

2018-11-22 23:27:00 - [TEST_STEP][PASSED] - click: Object: 'Object Repository/Final Object Repo/Page_Update Add New Employee - ASSIST/DOB Date' is clicked on

2018-11-22 23:27:00 - [MESSAGE][PASSED] - Object: 'Object Repository/Final Object Repo/Page_Update Add New Employee - ASSIST/DOB Date' is clicked on

2018-11-22 23:27:00 - [TEST_STEP][PASSED] - click: Object: 'Object Repository/Final Object Repo/Page_Update Add New Employee - ASSIST/EmploymentStartDate Pop Up' is clicked on

2018-11-22 23:27:00 - [MESSAGE][PASSED] - Object: 'Object Repository/Final Object Repo/Page_Update Add New Employee - ASSIST/EmploymentStartDate Pop Up' is clicked on

2018-11-22 23:27:00 - [TEST_STEP][PASSED] - delay: Delayed 2 second(s)

2018-11-22 23:27:02 - [MESSAGE][PASSED] - Delayed 2 second(s)

2018-11-22 23:27:02 - [TEST_STEP][PASSED] - click: Object: 'Object Repository/Final Object Repo/Page_Update Add New Employee - ASSIST/Socso Employment StartDate Month' is clicked on

2018-11-22 23:27:02 - [MESSAGE][PASSED] - Object: 'Object Repository/Final Object Repo/Page_Update Add New Employee - ASSIST/Socso Employment StartDate Month' is clicked on

2018-11-22 23:27:02 - [TEST_STEP][PASSED] - delay: Delayed 1 second(s)

2018-11-22 23:27:03 - [MESSAGE][PASSED] - Delayed 1 second(s)

2018-11-22 23:27:03 - [TEST_STEP][PASSED] - click: Object: 'Object Repository/Final Object Repo/Page_Update Add New Employee - ASSIST/Select Socso Employement Startdate Month' is clicked on

2018-11-22 23:27:03 - [MESSAGE][PASSED] - Object: 'Object Repository/Final Object Repo/Page_Update Add New Employee - ASSIST/Select Socso Employement Startdate Month' is clicked on

2018-11-22 23:27:03 - [TEST_STEP][PASSED] - delay: Delayed 2 second(s)

2018-11-22 23:27:05 - [MESSAGE][PASSED] - Delayed 2 second(s)

2018-11-22 23:27:05 - [TEST_STEP][PASSED] - click: Object: 'Object Repository/Final Object Repo/Page_Update Add New Employee - ASSIST/Socso Employment StartDate Year' is clicked on

2018-11-22 23:27:06 - [MESSAGE][PASSED] - Object: 'Object Repository/Final Object Repo/Page_Update Add New Employee - ASSIST/Socso Employment StartDate Year' is clicked on

2018-11-22 23:27:06 - [TEST_STEP][PASSED] - delay: Delayed 1 second(s)

2018-11-22 23:27:07 - [MESSAGE][PASSED] - Delayed 1 second(s)

2018-11-22 23:27:07 - [TEST_STEP][PASSED] - click: Object: 'Object Repository/Final Object Repo/Page_Update Add New Employee - ASSIST/Select Socso Employment Startdate Year' is clicked on

2018-11-22 23:27:07 - [MESSAGE][PASSED] - Object: 'Object Repository/Final Object Repo/Page_Update Add New Employee - ASSIST/Select Socso Employment Startdate Year' is clicked on

2018-11-22 23:27:07 - [TEST_STEP][PASSED] - delay: Delayed 2 second(s)

2018-11-22 23:27:09 - [MESSAGE][PASSED] - Delayed 2 second(s)

2018-11-22 23:27:09 - [TEST_STEP][PASSED] - click: Object: 'Object Repository/Final Object Repo/Page_Update Add New Employee - ASSIST/Socso Employment Start Date Day' is clicked on

2018-11-22 23:27:09 - [MESSAGE][PASSED] - Object: 'Object Repository/Final Object Repo/Page_Update Add New Employee - ASSIST/Socso Employment Start Date Day' is clicked on

2018-11-22 23:27:09 - [TEST_STEP][PASSED] - delay: Delayed 2 second(s)

2018-11-22 23:27:11 - [MESSAGE][PASSED] - Delayed 2 second(s)

2018-11-22 23:27:11 - [TEST_STEP][PASSED] - click: Object: 'Object Repository/Final Object Repo/Page_Update Add New Employee - ASSIST/Save Button for Add Employee' is clicked on

2018-11-22 23:27:11 - [MESSAGE][PASSED] - Object: 'Object Repository/Final Object Repo/Page_Update Add New Employee - ASSIST/Save Button for Add Employee' is clicked on

2018-11-22 23:27:11 - [MESSAGE][PASSED] - Call Test Case 'Test Cases/Final Aug 2018 - PKS Automation/Registration Module/Workflow/Update Add New Employee/Template/Employee Adding/Employee Adding Action Repeat IC - set 2' successfully

2018-11-22 23:27:11 - [MESSAGE][PASSED] - Call Test Case 'Test Cases/Final Aug 2018 - PKS Automation/Registration Module/Workflow/Update Add New Employee/Template/Employee Adding/Employee Set Decider' successfully

2018-11-22 23:27:11 - [TEST_STEP][PASSED] - delay: Delayed 4 second(s)

2018-11-22 23:27:15 - [MESSAGE][PASSED] - Delayed 4 second(s)

2018-11-22 23:27:15 - [TEST_STEP][PASSED] - Statement - CaseReferenceNo = com.kms.katalon.core.webui.keyword.WebUiBuiltInKeywords.getText(com.kms.katalon.core.testobject.ObjectRepository.findTestObject(Final Object Repo/Page_Update Add New Employee - ASSIST/RefNo)): Text of object 'Object Repository/Final Object Repo/Page_Update Add New Employee - ASSIST/RefNo' is: 'CAN11201800002171'

2018-11-22 23:27:15 - [MESSAGE][PASSED] - Text of object 'Object Repository/Final Object Repo/Page_Update Add New Employee - ASSIST/RefNo' is: 'CAN11201800002171'

2018-11-22 23:27:15 - [TEST_STEP][PASSED] - callTestCase: Call Test Case 'Test Cases/Final Aug 2018 - PKS Automation/Common/Reference Number Setter' successfully

2018-11-22 23:27:15 - [TEST_CASE][PASSED] - Test Cases/Final Aug 2018 - PKS Automation/Common/Reference Number Setter: Test Cases/Final Aug 2018 - PKS Automation/Common/Reference Number Setter

2018-11-22 23:27:15 - [TEST_STEP][PASSED] - Statement - RefNoOldFile = new java.io.File(C://Users//Admin//Desktop//PKS//Automation Reference Point//KatalonReference.txt): null

2018-11-22 23:27:15 - [TEST_STEP][PASSED] - Statement - RefNoOldFile.delete(): null

2018-11-22 23:27:15 - [TEST_STEP][PASSED] - delay: Delayed 5 second(s)

2018-11-22 23:27:20 - [MESSAGE][PASSED] - Delayed 5 second(s)

2018-11-22 23:27:20 - [TEST_STEP][PASSED] - Statement - RefNo = new java.io.File(C://Users//Admin//Desktop//PKS//Automation Reference Point//KatalonReference.txt): null

2018-11-22 23:27:20 - [TEST_STEP][PASSED] - Statement - f2 = new java.io.FileWriter(RefNo, false): null

2018-11-22 23:27:20 - [TEST_STEP][PASSED] - Statement - f2.write(CaseReferenceNo): null

2018-11-22 23:27:20 - [TEST_STEP][PASSED] - Statement - f2.close(): null

2018-11-22 23:27:20 - [TEST_STEP][PASSED] - Statement - out.println("


" + CaseReferenceNo + "


"): null

2018-11-22 23:27:20 - [MESSAGE][PASSED] - Call Test Case 'Test Cases/Final Aug 2018 - PKS Automation/Common/Reference Number Setter' successfully

2018-11-22 23:27:20 - [TEST_STEP][PASSED] - delay: Delayed 5 second(s)

2018-11-22 23:27:25 - [MESSAGE][PASSED] - Delayed 5 second(s)

2018-11-22 23:27:25 - [TEST_STEP][PASSED] - click: Object: 'Object Repository/Final Object Repo/Page_Update Add New Employee - ASSIST/Save  Continue Button' is clicked on

2018-11-22 23:27:25 - [MESSAGE][PASSED] - Object: 'Object Repository/Final Object Repo/Page_Update Add New Employee - ASSIST/Save  Continue Button' is clicked on

2018-11-22 23:27:25 - [TEST_STEP][PASSED] - delay: Delayed 4 second(s)

2018-11-22 23:27:29 - [MESSAGE][PASSED] - Delayed 4 second(s)

2018-11-22 23:27:29 - [TEST_STEP][PASSED] - callTestCase: Call Test Case 'Test Cases/Final Aug 2018 - PKS Automation/Common/Reference Number Getter' successfully

2018-11-22 23:27:29 - [TEST_CASE][PASSED] - Test Cases/Final Aug 2018 - PKS Automation/Common/Reference Number Getter: Test Cases/Final Aug 2018 - PKS Automation/Common/Reference Number Getter

2018-11-22 23:27:29 - [TEST_STEP][PASSED] - Statement - Try: null

2018-11-22 23:27:29 - [TEST_STEP][PASSED] - Statement - RefNo = new java.io.File(C://Users//Admin//Desktop//PKS//Automation Reference Point//KatalonReference.txt): null

2018-11-22 23:27:29 - [TEST_STEP][PASSED] - Statement - bufferread = new java.io.BufferedReader(new java.io.FileReader(RefNo)): null

2018-11-22 23:27:29 - [TEST_STEP][PASSED] - Statement - readedVal = bufferread.readLine(): null

2018-11-22 23:27:29 - [TEST_STEP][PASSED] - Statement - out.println(CaseReferenceNo): null

2018-11-22 23:27:29 - [TEST_STEP][PASSED] - Statement - out.println(readedVal): null

2018-11-22 23:27:29 - [TEST_STEP][PASSED] - Statement - CaseReferenceNo = "": null

2018-11-22 23:27:29 - [TEST_STEP][PASSED] - Statement - CaseReferenceNo = readedVal: null

2018-11-22 23:27:29 - [MESSAGE][PASSED] - Call Test Case 'Test Cases/Final Aug 2018 - PKS Automation/Common/Reference Number Getter' successfully

2018-11-22 23:27:29 - [TEST_STEP][PASSED] - click: Object: 'Object Repository/Final Object Repo/Page_Update Add New Employee - ASSIST/Save  Continue Third Screen' is clicked on

2018-11-22 23:27:32 - [MESSAGE][PASSED] - Object: 'Object Repository/Final Object Repo/Page_Update Add New Employee - ASSIST/Save  Continue Third Screen' is clicked on

2018-11-22 23:27:32 - [TEST_STEP][PASSED] - delay: Delayed 4 second(s)

2018-11-22 23:27:36 - [MESSAGE][PASSED] - Delayed 4 second(s)

2018-11-22 23:27:36 - [TEST_STEP][PASSED] - click: Object: 'Object Repository/Final Object Repo/Page_Update Add New Employee - ASSIST/Save   Continue Supporting Doc Page' is clicked on

2018-11-22 23:27:37 - [MESSAGE][PASSED] - Object: 'Object Repository/Final Object Repo/Page_Update Add New Employee - ASSIST/Save   Continue Supporting Doc Page' is clicked on

2018-11-22 23:27:37 - [TEST_STEP][PASSED] - delay: Delayed 4 second(s)

2018-11-22 23:27:41 - [MESSAGE][PASSED] - Delayed 4 second(s)

2018-11-22 23:27:41 - [TEST_STEP][PASSED] - click: Object: 'Object Repository/Final Object Repo/Page_Update Add New Employee - ASSIST/Submit Button' is clicked on

2018-11-22 23:27:41 - [MESSAGE][PASSED] - Object: 'Object Repository/Final Object Repo/Page_Update Add New Employee - ASSIST/Submit Button' is clicked on

2018-11-22 23:27:41 - [TEST_STEP][PASSED] - delay: Delayed 4 second(s)

2018-11-22 23:27:45 - [MESSAGE][PASSED] - Delayed 4 second(s)

2018-11-22 23:27:45 - [TEST_STEP][PASSED] - click: Object: 'Object Repository/Final Object Repo/Page_Update Add New Employee - ASSIST/Confirm Submit Button' is clicked on

2018-11-22 23:27:45 - [MESSAGE][PASSED] - Object: 'Object Repository/Final Object Repo/Page_Update Add New Employee - ASSIST/Confirm Submit Button' is clicked on

2018-11-22 23:27:45 - [TEST_STEP][PASSED] - delay: Delayed 20 second(s)

2018-11-22 23:28:05 - [MESSAGE][PASSED] - Delayed 20 second(s)

2018-11-22 23:28:05 - [TEST_STEP][PASSED] - callTestCase: Call Test Case 'Test Cases/Final Aug 2018 - PKS Automation/Common/Screenshoting tool' successfully

2018-11-22 23:28:05 - [TEST_CASE][PASSED] - Test Cases/Final Aug 2018 - PKS Automation/Common/Screenshoting tool: Test Cases/Final Aug 2018 - PKS Automation/Common/Screenshoting tool

2018-11-22 23:28:05 - [TEST_STEP][PASSED] - delay: Delayed 15 second(s)

2018-11-22 23:28:20 - [MESSAGE][PASSED] - Delayed 15 second(s)

2018-11-22 23:28:20 - [TEST_STEP][PASSED] - Statement - driver = com.kms.katalon.core.webui.driver.DriverFactory.getWebDriver(): null

2018-11-22 23:28:20 - [TEST_STEP][PASSED] - Statement - driver.manage().timeouts().implicitlyWait(10, SECONDS): null

2018-11-22 23:28:20 - [TEST_STEP][PASSED] - Statement - PresavePath = KatalonScreenshots: null

2018-11-22 23:28:20 - [TEST_STEP][PASSED] - Statement - pathPrefix = "C:\Users\Public\Pictures\Sample Pictures\Katalon Screenshots\Automate Ending Screen": null

2018-11-22 23:28:20 - [TEST_STEP][PASSED] - Statement - finalPath = <not implemented yet for class: org.codehaus.groovy.ast.expr.EmptyExpression>: null

2018-11-22 23:28:20 - [TEST_STEP][PASSED] - Statement - scrFile = driver.getScreenshotAs(FILE): null

2018-11-22 23:28:20 - [TEST_STEP][PASSED] - Statement - PreSaveFile = new java.io.File(PresavePath): null

2018-11-22 23:28:20 - [TEST_STEP][PASSED] - Statement - counter = 0: null

2018-11-22 23:28:20 - [TEST_STEP][PASSED] - Statement - If (PreSaveFile.exists()): null

2018-11-22 23:28:20 - [TEST_STEP][PASSED] - Statement - While (PreSaveFile.exists()): null

2018-11-22 23:28:20 - [TEST_STEP][PASSED] - Statement - counter = counter + 1: null

2018-11-22 23:28:20 - [TEST_STEP][PASSED] - Statement - PreSaveFile = new java.io.File(((pathPrefix + java.lang.Integer.toString(counter)) + .png)): null

2018-11-22 23:28:20 - [TEST_STEP][PASSED] - Statement - counter = counter + 1: null

2018-11-22 23:28:20 - [TEST_STEP][PASSED] - Statement - PreSaveFile = new java.io.File(((pathPrefix + java.lang.Integer.toString(counter)) + .png)): null

2018-11-22 23:28:20 - [TEST_STEP][PASSED] - Statement - counter = counter + 1: null

2018-11-22 23:28:20 - [TEST_STEP][PASSED] - Statement - PreSaveFile = new java.io.File(((pathPrefix + java.lang.Integer.toString(counter)) + .png)): null

2018-11-22 23:28:20 - [TEST_STEP][PASSED] - Statement - counter = counter + 1: null

2018-11-22 23:28:20 - [TEST_STEP][PASSED] - Statement - PreSaveFile = new java.io.File(((pathPrefix + java.lang.Integer.toString(counter)) + .png)): null

2018-11-22 23:28:20 - [TEST_STEP][PASSED] - Statement - counter = counter + 1: null

2018-11-22 23:28:20 - [TEST_STEP][PASSED] - Statement - PreSaveFile = new java.io.File(((pathPrefix + java.lang.Integer.toString(counter)) + .png)): null

2018-11-22 23:28:20 - [TEST_STEP][PASSED] - Statement - counter = counter + 1: null

2018-11-22 23:28:20 - [TEST_STEP][PASSED] - Statement - PreSaveFile = new java.io.File(((pathPrefix + java.lang.Integer.toString(counter)) + .png)): null

2018-11-22 23:28:20 - [TEST_STEP][PASSED] - Statement - counter = counter + 1: null

2018-11-22 23:28:20 - [TEST_STEP][PASSED] - Statement - PreSaveFile = new java.io.File(((pathPrefix + java.lang.Integer.toString(counter)) + .png)): null

2018-11-22 23:28:20 - [TEST_STEP][PASSED] - Statement - counter = counter + 1: null

2018-11-22 23:28:20 - [TEST_STEP][PASSED] - Statement - PreSaveFile = new java.io.File(((pathPrefix + java.lang.Integer.toString(counter)) + .png)): null

2018-11-22 23:28:20 - [TEST_STEP][PASSED] - Statement - counter = counter + 1: null

2018-11-22 23:28:20 - [TEST_STEP][PASSED] - Statement - PreSaveFile = new java.io.File(((pathPrefix + java.lang.Integer.toString(counter)) + .png)): null

2018-11-22 23:28:20 - [TEST_STEP][PASSED] - Statement - counter = counter + 1: null

2018-11-22 23:28:20 - [TEST_STEP][PASSED] - Statement - PreSaveFile = new java.io.File(((pathPrefix + java.lang.Integer.toString(counter)) + .png)): null

2018-11-22 23:28:20 - [TEST_STEP][PASSED] - Statement - counter = counter + 1: null

2018-11-22 23:28:20 - [TEST_STEP][PASSED] - Statement - PreSaveFile = new java.io.File(((pathPrefix + java.lang.Integer.toString(counter)) + .png)): null

2018-11-22 23:28:20 - [TEST_STEP][PASSED] - Statement - counter = counter + 1: null

2018-11-22 23:28:20 - [TEST_STEP][PASSED] - Statement - PreSaveFile = new java.io.File(((pathPrefix + java.lang.Integer.toString(counter)) + .png)): null

2018-11-22 23:28:20 - [TEST_STEP][PASSED] - Statement - counter = counter + 1: null

2018-11-22 23:28:20 - [TEST_STEP][PASSED] - Statement - PreSaveFile = new java.io.File(((pathPrefix + java.lang.Integer.toString(counter)) + .png)): null

2018-11-22 23:28:20 - [TEST_STEP][PASSED] - Statement - counter = counter + 1: null

2018-11-22 23:28:20 - [TEST_STEP][PASSED] - Statement - PreSaveFile = new java.io.File(((pathPrefix + java.lang.Integer.toString(counter)) + .png)): null

2018-11-22 23:28:20 - [TEST_STEP][PASSED] - Statement - counter = counter + 1: null

2018-11-22 23:28:20 - [TEST_STEP][PASSED] - Statement - PreSaveFile = new java.io.File(((pathPrefix + java.lang.Integer.toString(counter)) + .png)): null

2018-11-22 23:28:20 - [TEST_STEP][PASSED] - Statement - counter = counter + 1: null

2018-11-22 23:28:20 - [TEST_STEP][PASSED] - Statement - PreSaveFile = new java.io.File(((pathPrefix + java.lang.Integer.toString(counter)) + .png)): null

2018-11-22 23:28:20 - [TEST_STEP][PASSED] - Statement - counter = counter + 1: null

2018-11-22 23:28:20 - [TEST_STEP][PASSED] - Statement - PreSaveFile = new java.io.File(((pathPrefix + java.lang.Integer.toString(counter)) + .png)): null

2018-11-22 23:28:20 - [TEST_STEP][PASSED] - Statement - counter = counter + 1: null

2018-11-22 23:28:20 - [TEST_STEP][PASSED] - Statement - PreSaveFile = new java.io.File(((pathPrefix + java.lang.Integer.toString(counter)) + .png)): null

2018-11-22 23:28:20 - [TEST_STEP][PASSED] - Statement - counter = counter + 1: null

2018-11-22 23:28:20 - [TEST_STEP][PASSED] - Statement - PreSaveFile = new java.io.File(((pathPrefix + java.lang.Integer.toString(counter)) + .png)): null

2018-11-22 23:28:20 - [TEST_STEP][PASSED] - Statement - counter = counter + 1: null

2018-11-22 23:28:20 - [TEST_STEP][PASSED] - Statement - PreSaveFile = new java.io.File(((pathPrefix + java.lang.Integer.toString(counter)) + .png)): null

2018-11-22 23:28:20 - [TEST_STEP][PASSED] - Statement - counter = counter + 1: null

2018-11-22 23:28:20 - [TEST_STEP][PASSED] - Statement - PreSaveFile = new java.io.File(((pathPrefix + java.lang.Integer.toString(counter)) + .png)): null

2018-11-22 23:28:20 - [TEST_STEP][PASSED] - Statement - counter = counter + 1: null

2018-11-22 23:28:20 - [TEST_STEP][PASSED] - Statement - PreSaveFile = new java.io.File(((pathPrefix + java.lang.Integer.toString(counter)) + .png)): null

2018-11-22 23:28:20 - [TEST_STEP][PASSED] - Statement - counter = counter + 1: null

2018-11-22 23:28:20 - [TEST_STEP][PASSED] - Statement - PreSaveFile = new java.io.File(((pathPrefix + java.lang.Integer.toString(counter)) + .png)): null

2018-11-22 23:28:20 - [TEST_STEP][PASSED] - Statement - counter = counter + 1: null

2018-11-22 23:28:20 - [TEST_STEP][PASSED] - Statement - PreSaveFile = new java.io.File(((pathPrefix + java.lang.Integer.toString(counter)) + .png)): null

2018-11-22 23:28:20 - [TEST_STEP][PASSED] - Statement - counter = counter + 1: null

2018-11-22 23:28:20 - [TEST_STEP][PASSED] - Statement - PreSaveFile = new java.io.File(((pathPrefix + java.lang.Integer.toString(counter)) + .png)): null

2018-11-22 23:28:20 - [TEST_STEP][PASSED] - Statement - counter = counter + 1: null

2018-11-22 23:28:20 - [TEST_STEP][PASSED] - Statement - PreSaveFile = new java.io.File(((pathPrefix + java.lang.Integer.toString(counter)) + .png)): null

2018-11-22 23:28:20 - [TEST_STEP][PASSED] - Statement - counter = counter + 1: null

2018-11-22 23:28:20 - [TEST_STEP][PASSED] - Statement - PreSaveFile = new java.io.File(((pathPrefix + java.lang.Integer.toString(counter)) + .png)): null

2018-11-22 23:28:20 - [TEST_STEP][PASSED] - Statement - counter = counter + 1: null

2018-11-22 23:28:20 - [TEST_STEP][PASSED] - Statement - PreSaveFile = new java.io.File(((pathPrefix + java.lang.Integer.toString(counter)) + .png)): null

2018-11-22 23:28:20 - [TEST_STEP][PASSED] - Statement - counter = counter + 1: null

2018-11-22 23:28:20 - [TEST_STEP][PASSED] - Statement - PreSaveFile = new java.io.File(((pathPrefix + java.lang.Integer.toString(counter)) + .png)): null

2018-11-22 23:28:20 - [TEST_STEP][PASSED] - Statement - counter = counter + 1: null

2018-11-22 23:28:20 - [TEST_STEP][PASSED] - Statement - PreSaveFile = new java.io.File(((pathPrefix + java.lang.Integer.toString(counter)) + .png)): null

2018-11-22 23:28:20 - [TEST_STEP][PASSED] - Statement - counter = counter + 1: null

2018-11-22 23:28:20 - [TEST_STEP][PASSED] - Statement - PreSaveFile = new java.io.File(((pathPrefix + java.lang.Integer.toString(counter)) + .png)): null

2018-11-22 23:28:20 - [TEST_STEP][PASSED] - Statement - counter = counter + 1: null

2018-11-22 23:28:20 - [TEST_STEP][PASSED] - Statement - PreSaveFile = new java.io.File(((pathPrefix + java.lang.Integer.toString(counter)) + .png)): null

2018-11-22 23:28:20 - [TEST_STEP][PASSED] - Statement - counter = counter + 1: null

2018-11-22 23:28:20 - [TEST_STEP][PASSED] - Statement - PreSaveFile = new java.io.File(((pathPrefix + java.lang.Integer.toString(counter)) + .png)): null

2018-11-22 23:28:20 - [TEST_STEP][PASSED] - Statement - counter = counter + 1: null

2018-11-22 23:28:20 - [TEST_STEP][PASSED] - Statement - PreSaveFile = new java.io.File(((pathPrefix + java.lang.Integer.toString(counter)) + .png)): null

2018-11-22 23:28:20 - [TEST_STEP][PASSED] - Statement - counter = counter + 1: null

2018-11-22 23:28:20 - [TEST_STEP][PASSED] - Statement - PreSaveFile = new java.io.File(((pathPrefix + java.lang.Integer.toString(counter)) + .png)): null

2018-11-22 23:28:20 - [TEST_STEP][PASSED] - Statement - counter = counter + 1: null

2018-11-22 23:28:20 - [TEST_STEP][PASSED] - Statement - PreSaveFile = new java.io.File(((pathPrefix + java.lang.Integer.toString(counter)) + .png)): null

2018-11-22 23:28:20 - [TEST_STEP][PASSED] - Statement - counter = counter + 1: null

2018-11-22 23:28:20 - [TEST_STEP][PASSED] - Statement - PreSaveFile = new java.io.File(((pathPrefix + java.lang.Integer.toString(counter)) + .png)): null

2018-11-22 23:28:20 - [TEST_STEP][PASSED] - Statement - counter = counter + 1: null

2018-11-22 23:28:20 - [TEST_STEP][PASSED] - Statement - PreSaveFile = new java.io.File(((pathPrefix + java.lang.Integer.toString(counter)) + .png)): null

2018-11-22 23:28:20 - [TEST_STEP][PASSED] - Statement - counter = counter + 1: null

2018-11-22 23:28:20 - [TEST_STEP][PASSED] - Statement - PreSaveFile = new java.io.File(((pathPrefix + java.lang.Integer.toString(counter)) + .png)): null

2018-11-22 23:28:20 - [TEST_STEP][PASSED] - Statement - counter = counter + 1: null

2018-11-22 23:28:20 - [TEST_STEP][PASSED] - Statement - PreSaveFile = new java.io.File(((pathPrefix + java.lang.Integer.toString(counter)) + .png)): null

2018-11-22 23:28:20 - [TEST_STEP][PASSED] - Statement - counter = counter + 1: null

2018-11-22 23:28:20 - [TEST_STEP][PASSED] - Statement - PreSaveFile = new java.io.File(((pathPrefix + java.lang.Integer.toString(counter)) + .png)): null

2018-11-22 23:28:20 - [TEST_STEP][PASSED] - Statement - counter = counter + 1: null

2018-11-22 23:28:20 - [TEST_STEP][PASSED] - Statement - PreSaveFile = new java.io.File(((pathPrefix + java.lang.Integer.toString(counter)) + .png)): null

2018-11-22 23:28:20 - [TEST_STEP][PASSED] - Statement - counter = counter + 1: null

2018-11-22 23:28:20 - [TEST_STEP][PASSED] - Statement - PreSaveFile = new java.io.File(((pathPrefix + java.lang.Integer.toString(counter)) + .png)): null

2018-11-22 23:28:20 - [TEST_STEP][PASSED] - Statement - counter = counter + 1: null

2018-11-22 23:28:20 - [TEST_STEP][PASSED] - Statement - PreSaveFile = new java.io.File(((pathPrefix + java.lang.Integer.toString(counter)) + .png)): null

2018-11-22 23:28:20 - [TEST_STEP][PASSED] - Statement - counter = counter + 1: null

2018-11-22 23:28:20 - [TEST_STEP][PASSED] - Statement - PreSaveFile = new java.io.File(((pathPrefix + java.lang.Integer.toString(counter)) + .png)): null

2018-11-22 23:28:20 - [TEST_STEP][PASSED] - Statement - counter = counter + 1: null

2018-11-22 23:28:20 - [TEST_STEP][PASSED] - Statement - PreSaveFile = new java.io.File(((pathPrefix + java.lang.Integer.toString(counter)) + .png)): null

2018-11-22 23:28:20 - [TEST_STEP][PASSED] - Statement - counter = counter + 1: null

2018-11-22 23:28:20 - [TEST_STEP][PASSED] - Statement - PreSaveFile = new java.io.File(((pathPrefix + java.lang.Integer.toString(counter)) + .png)): null

2018-11-22 23:28:20 - [TEST_STEP][PASSED] - Statement - counter = counter + 1: null

2018-11-22 23:28:20 - [TEST_STEP][PASSED] - Statement - PreSaveFile = new java.io.File(((pathPrefix + java.lang.Integer.toString(counter)) + .png)): null

2018-11-22 23:28:20 - [TEST_STEP][PASSED] - Statement - counter = counter + 1: null

2018-11-22 23:28:20 - [TEST_STEP][PASSED] - Statement - PreSaveFile = new java.io.File(((pathPrefix + java.lang.Integer.toString(counter)) + .png)): null

2018-11-22 23:28:20 - [TEST_STEP][PASSED] - Statement - counter = counter + 1: null

2018-11-22 23:28:20 - [TEST_STEP][PASSED] - Statement - PreSaveFile = new java.io.File(((pathPrefix + java.lang.Integer.toString(counter)) + .png)): null

2018-11-22 23:28:20 - [TEST_STEP][PASSED] - Statement - counter = counter + 1: null

2018-11-22 23:28:20 - [TEST_STEP][PASSED] - Statement - PreSaveFile = new java.io.File(((pathPrefix + java.lang.Integer.toString(counter)) + .png)): null

2018-11-22 23:28:20 - [TEST_STEP][PASSED] - Statement - counter = counter + 1: null

2018-11-22 23:28:20 - [TEST_STEP][PASSED] - Statement - PreSaveFile = new java.io.File(((pathPrefix + java.lang.Integer.toString(counter)) + .png)): null

2018-11-22 23:28:20 - [TEST_STEP][PASSED] - Statement - counter = counter + 1: null

2018-11-22 23:28:20 - [TEST_STEP][PASSED] - Statement - PreSaveFile = new java.io.File(((pathPrefix + java.lang.Integer.toString(counter)) + .png)): null

2018-11-22 23:28:20 - [TEST_STEP][PASSED] - Statement - counter = counter + 1: null

2018-11-22 23:28:20 - [TEST_STEP][PASSED] - Statement - PreSaveFile = new java.io.File(((pathPrefix + java.lang.Integer.toString(counter)) + .png)): null

2018-11-22 23:28:20 - [TEST_STEP][PASSED] - Statement - counter = counter + 1: null

2018-11-22 23:28:20 - [TEST_STEP][PASSED] - Statement - PreSaveFile = new java.io.File(((pathPrefix + java.lang.Integer.toString(counter)) + .png)): null

2018-11-22 23:28:20 - [TEST_STEP][PASSED] - Statement - counter = counter + 1: null

2018-11-22 23:28:20 - [TEST_STEP][PASSED] - Statement - PreSaveFile = new java.io.File(((pathPrefix + java.lang.Integer.toString(counter)) + .png)): null

2018-11-22 23:28:20 - [TEST_STEP][PASSED] - Statement - counter = counter + 1: null

2018-11-22 23:28:20 - [TEST_STEP][PASSED] - Statement - PreSaveFile = new java.io.File(((pathPrefix + java.lang.Integer.toString(counter)) + .png)): null

2018-11-22 23:28:20 - [TEST_STEP][PASSED] - Statement - counter = counter + 1: null

2018-11-22 23:28:20 - [TEST_STEP][PASSED] - Statement - PreSaveFile = new java.io.File(((pathPrefix + java.lang.Integer.toString(counter)) + .png)): null

2018-11-22 23:28:20 - [TEST_STEP][PASSED] - Statement - counter = counter + 1: null

2018-11-22 23:28:20 - [TEST_STEP][PASSED] - Statement - PreSaveFile = new java.io.File(((pathPrefix + java.lang.Integer.toString(counter)) + .png)): null

2018-11-22 23:28:20 - [TEST_STEP][PASSED] - Statement - counter = counter + 1: null

2018-11-22 23:28:20 - [TEST_STEP][PASSED] - Statement - PreSaveFile = new java.io.File(((pathPrefix + java.lang.Integer.toString(counter)) + .png)): null

2018-11-22 23:28:20 - [TEST_STEP][PASSED] - Statement - counter = counter + 1: null

2018-11-22 23:28:20 - [TEST_STEP][PASSED] - Statement - PreSaveFile = new java.io.File(((pathPrefix + java.lang.Integer.toString(counter)) + .png)): null

2018-11-22 23:28:20 - [TEST_STEP][PASSED] - Statement - counter = counter + 1: null

2018-11-22 23:28:20 - [TEST_STEP][PASSED] - Statement - PreSaveFile = new java.io.File(((pathPrefix + java.lang.Integer.toString(counter)) + .png)): null

2018-11-22 23:28:20 - [TEST_STEP][PASSED] - Statement - counter = counter + 1: null

2018-11-22 23:28:20 - [TEST_STEP][PASSED] - Statement - PreSaveFile = new java.io.File(((pathPrefix + java.lang.Integer.toString(counter)) + .png)): null

2018-11-22 23:28:20 - [TEST_STEP][PASSED] - Statement - counter = counter + 1: null

2018-11-22 23:28:20 - [TEST_STEP][PASSED] - Statement - PreSaveFile = new java.io.File(((pathPrefix + java.lang.Integer.toString(counter)) + .png)): null

2018-11-22 23:28:20 - [TEST_STEP][PASSED] - Statement - counter = counter + 1: null

2018-11-22 23:28:20 - [TEST_STEP][PASSED] - Statement - PreSaveFile = new java.io.File(((pathPrefix + java.lang.Integer.toString(counter)) + .png)): null

2018-11-22 23:28:20 - [TEST_STEP][PASSED] - Statement - counter = counter + 1: null

2018-11-22 23:28:20 - [TEST_STEP][PASSED] - Statement - PreSaveFile = new java.io.File(((pathPrefix + java.lang.Integer.toString(counter)) + .png)): null

2018-11-22 23:28:20 - [TEST_STEP][PASSED] - Statement - counter = counter + 1: null

2018-11-22 23:28:20 - [TEST_STEP][PASSED] - Statement - PreSaveFile = new java.io.File(((pathPrefix + java.lang.Integer.toString(counter)) + .png)): null

2018-11-22 23:28:20 - [TEST_STEP][PASSED] - Statement - counter = counter + 1: null

2018-11-22 23:28:20 - [TEST_STEP][PASSED] - Statement - PreSaveFile = new java.io.File(((pathPrefix + java.lang.Integer.toString(counter)) + .png)): null

2018-11-22 23:28:20 - [TEST_STEP][PASSED] - Statement - counter = counter + 1: null

2018-11-22 23:28:20 - [TEST_STEP][PASSED] - Statement - PreSaveFile = new java.io.File(((pathPrefix + java.lang.Integer.toString(counter)) + .png)): null

2018-11-22 23:28:20 - [TEST_STEP][PASSED] - Statement - counter = counter + 1: null

2018-11-22 23:28:20 - [TEST_STEP][PASSED] - Statement - PreSaveFile = new java.io.File(((pathPrefix + java.lang.Integer.toString(counter)) + .png)): null

2018-11-22 23:28:20 - [TEST_STEP][PASSED] - Statement - counter = counter + 1: null

2018-11-22 23:28:20 - [TEST_STEP][PASSED] - Statement - PreSaveFile = new java.io.File(((pathPrefix + java.lang.Integer.toString(counter)) + .png)): null

2018-11-22 23:28:20 - [TEST_STEP][PASSED] - Statement - counter = counter + 1: null

2018-11-22 23:28:20 - [TEST_STEP][PASSED] - Statement - PreSaveFile = new java.io.File(((pathPrefix + java.lang.Integer.toString(counter)) + .png)): null

2018-11-22 23:28:20 - [TEST_STEP][PASSED] - Statement - counter = counter + 1: null

2018-11-22 23:28:20 - [TEST_STEP][PASSED] - Statement - PreSaveFile = new java.io.File(((pathPrefix + java.lang.Integer.toString(counter)) + .png)): null

2018-11-22 23:28:20 - [TEST_STEP][PASSED] - Statement - counter = counter + 1: null

2018-11-22 23:28:20 - [TEST_STEP][PASSED] - Statement - PreSaveFile = new java.io.File(((pathPrefix + java.lang.Integer.toString(counter)) + .png)): null

2018-11-22 23:28:20 - [TEST_STEP][PASSED] - Statement - counter = counter + 1: null

2018-11-22 23:28:20 - [TEST_STEP][PASSED] - Statement - PreSaveFile = new java.io.File(((pathPrefix + java.lang.Integer.toString(counter)) + .png)): null

2018-11-22 23:28:20 - [TEST_STEP][PASSED] - Statement - counter = counter + 1: null

2018-11-22 23:28:20 - [TEST_STEP][PASSED] - Statement - PreSaveFile = new java.io.File(((pathPrefix + java.lang.Integer.toString(counter)) + .png)): null

2018-11-22 23:28:20 - [TEST_STEP][PASSED] - Statement - counter = counter + 1: null

2018-11-22 23:28:20 - [TEST_STEP][PASSED] - Statement - PreSaveFile = new java.io.File(((pathPrefix + java.lang.Integer.toString(counter)) + .png)): null

2018-11-22 23:28:20 - [TEST_STEP][PASSED] - Statement - counter = counter + 1: null

2018-11-22 23:28:20 - [TEST_STEP][PASSED] - Statement - PreSaveFile = new java.io.File(((pathPrefix + java.lang.Integer.toString(counter)) + .png)): null

2018-11-22 23:28:20 - [TEST_STEP][PASSED] - Statement - counter = counter + 1: null

2018-11-22 23:28:20 - [TEST_STEP][PASSED] - Statement - PreSaveFile = new java.io.File(((pathPrefix + java.lang.Integer.toString(counter)) + .png)): null

2018-11-22 23:28:20 - [TEST_STEP][PASSED] - Statement - counter = counter + 1: null

2018-11-22 23:28:20 - [TEST_STEP][PASSED] - Statement - PreSaveFile = new java.io.File(((pathPrefix + java.lang.Integer.toString(counter)) + .png)): null

2018-11-22 23:28:20 - [TEST_STEP][PASSED] - Statement - counter = counter + 1: null

2018-11-22 23:28:20 - [TEST_STEP][PASSED] - Statement - PreSaveFile = new java.io.File(((pathPrefix + java.lang.Integer.toString(counter)) + .png)): null

2018-11-22 23:28:20 - [TEST_STEP][PASSED] - Statement - counter = counter + 1: null

2018-11-22 23:28:20 - [TEST_STEP][PASSED] - Statement - PreSaveFile = new java.io.File(((pathPrefix + java.lang.Integer.toString(counter)) + .png)): null

2018-11-22 23:28:20 - [TEST_STEP][PASSED] - Statement - finalPath = pathPrefix + java.lang.Integer.toString(counter) + ".png": null

2018-11-22 23:28:20 - [TEST_STEP][PASSED] - Statement - SaveFile = new java.io.File(finalPath): null

2018-11-22 23:28:20 - [TEST_STEP][PASSED] - Statement - Try: null

2018-11-22 23:28:20 - [TEST_STEP][PASSED] - Statement - org.apache.commons.io.FileUtils.copyFile(scrFile, SaveFile): null

2018-11-22 23:28:20 - [TEST_STEP][PASSED] - Statement - out.println("file kept"): null

2018-11-22 23:28:20 - [TEST_STEP][PASSED] - delay: Delayed 10 second(s)

2018-11-22 23:28:30 - [MESSAGE][PASSED] - Delayed 10 second(s)

2018-11-22 23:28:30 - [MESSAGE][PASSED] - Call Test Case 'Test Cases/Final Aug 2018 - PKS Automation/Common/Screenshoting tool' successfully

2018-11-22 23:28:30 - [TEST_STEP][PASSED] - callTestCase: Call Test Case 'Test Cases/Final Aug 2018 - PKS Automation/Registration Module/Log Out/log out avoiding katalon tagging' successfully

2018-11-22 23:28:31 - [TEST_CASE][PASSED] - Test Cases/Final Aug 2018 - PKS Automation/Registration Module/Log Out/log out avoiding katalon tagging: Test Cases/Final Aug 2018 - PKS Automation/Registration Module/Log Out/log out avoiding katalon tagging

2018-11-22 23:28:31 - [TEST_STEP][PASSED] - navigateToUrl: Navigate to 'https://assist2-uat.perkeso.gov.my/c/portal/logout' successfully

2018-11-22 23:28:31 - [MESSAGE][PASSED] - Navigate to 'https://assist2-uat.perkeso.gov.my/c/portal/logout' successfully

2018-11-22 23:28:31 - [MESSAGE][PASSED] - Call Test Case 'Test Cases/Final Aug 2018 - PKS Automation/Registration Module/Log Out/log out avoiding katalon tagging' successfully

2018-11-22 23:28:31 - [TEST_STEP][FAILED] - callTestCase: Unable to call Test Case with id 'Test Cases/Final Aug 2018 - PKS Automation/Common/Workflow Owner Finder' (Root cause: Call Test Case 'Test Cases/Final Aug 2018 - PKS Automation/Common/Workflow Owner Finder' failed)

2018-11-22 23:28:31 - [TEST_CASE][FAILED] - Test Cases/Final Aug 2018 - PKS Automation/Common/Workflow Owner Finder: Test Cases/Final Aug 2018 - PKS Automation/Common/Workflow Owner Finder FAILED because (of) (Stack trace: com.kms.katalon.core.exception.StepFailedException: Unable to click on object 'Object Repository/Final Object Repo/Landing Page/Select to English' (Root cause: com.kms.katalon.core.webui.exception.WebElementNotFoundException: Web element with id: 'Object Repository/Final Object Repo/Landing Page/Select to English' located by 'By.xpath: //a[@class = 'taglib-language-list-text' and @lang = 'en-US' and (contains(text(), 'EN') or contains(., 'EN'))]' not found)
	at com.kms.katalon.core.keyword.internal.KeywordMain.stepFailed(KeywordMain.groovy:32)
	at com.kms.katalon.core.webui.keyword.internal.WebUIKeywordMain.stepFailed(WebUIKeywordMain.groovy:65)
	at com.kms.katalon.core.webui.keyword.internal.WebUIKeywordMain.runKeyword(WebUIKeywordMain.groovy:27)
	at com.kms.katalon.core.webui.keyword.builtin.ClickKeyword.click(ClickKeyword.groovy:86)
	at com.kms.katalon.core.webui.keyword.builtin.ClickKeyword.execute(ClickKeyword.groovy:67)
	at com.kms.katalon.core.keyword.internal.KeywordExecutor.executeKeywordForPlatform(KeywordExecutor.groovy:53)
	at com.kms.katalon.core.webui.keyword.WebUiBuiltInKeywords.click(WebUiBuiltInKeywords.groovy:604)
	at com.kms.katalon.core.webui.keyword.WebUiBuiltInKeywords$click$6.call(Unknown Source)
	at Script1534407542420.run(Script1534407542420.groovy:57)
	at com.kms.katalon.core.main.ScriptEngine.run(ScriptEngine.java:183)
	at com.kms.katalon.core.main.ScriptEngine.runScriptAsRawText(ScriptEngine.java:108)
	at com.kms.katalon.core.main.TestCaseExecutor.runScript(TestCaseExecutor.java:294)
	at com.kms.katalon.core.main.TestCaseExecutor.doExecute(TestCaseExecutor.java:285)
	at com.kms.katalon.core.main.TestCaseExecutor.processExecutionPhase(TestCaseExecutor.java:264)
	at com.kms.katalon.core.main.TestCaseExecutor.accessMainPhase(TestCaseExecutor.java:256)
	at com.kms.katalon.core.main.TestCaseExecutor.execute(TestCaseExecutor.java:200)
	at com.kms.katalon.core.main.TestCaseMain.runTestCase(TestCaseMain.java:99)
	at com.kms.katalon.core.keyword.builtin.CallTestCaseKeyword$_callTestCase_closure1.doCall(CallTestCaseKeyword.groovy:60)
	at com.kms.katalon.core.keyword.builtin.CallTestCaseKeyword$_callTestCase_closure1.call(CallTestCaseKeyword.groovy)
	at com.kms.katalon.core.keyword.internal.KeywordMain.runKeyword(KeywordMain.groovy:54)
	at com.kms.katalon.core.keyword.builtin.CallTestCaseKeyword.callTestCase(CallTestCaseKeyword.groovy:81)
	at com.kms.katalon.core.keyword.builtin.CallTestCaseKeyword.execute(CallTestCaseKeyword.groovy:45)
	at com.kms.katalon.core.keyword.internal.KeywordExecutor.executeKeywordForPlatform(KeywordExecutor.groovy:53)
	at com.kms.katalon.core.keyword.BuiltinKeywords.callTestCase(BuiltinKeywords.groovy:334)
	at sun.reflect.GeneratedMethodAccessor13.invoke(Unknown Source)
	at sun.reflect.DelegatingMethodAccessorImpl.invoke(DelegatingMethodAccessorImpl.java:43)
	at java.lang.reflect.Method.invoke(Method.java:498)
	at org.codehaus.groovy.reflection.CachedMethod.invoke(CachedMethod.java:93)
	at groovy.lang.MetaMethod.doMethodInvoke(MetaMethod.java:325)
	at groovy.lang.MetaClassImpl.invokeStaticMethod(MetaClassImpl.java:1469)
	at org.codehaus.groovy.runtime.callsite.StaticMetaClassSite.call(StaticMetaClassSite.java:53)
	at org.codehaus.groovy.runtime.callsite.CallSiteArray.defaultCall(CallSiteArray.java:48)
	at org.codehaus.groovy.runtime.callsite.AbstractCallSite.call(AbstractCallSite.java:113)
	at org.codehaus.groovy.runtime.callsite.AbstractCallSite.call(AbstractCallSite.java:141)
	at Script1536220866356.run(Script1536220866356.groovy:125)
	at com.kms.katalon.core.main.ScriptEngine.run(ScriptEngine.java:183)
	at com.kms.katalon.core.main.ScriptEngine.runScriptAsRawText(ScriptEngine.java:108)
	at com.kms.katalon.core.main.TestCaseExecutor.runScript(TestCaseExecutor.java:294)
	at com.kms.katalon.core.main.TestCaseExecutor.doExecute(TestCaseExecutor.java:285)
	at com.kms.katalon.core.main.TestCaseExecutor.processExecutionPhase(TestCaseExecutor.java:264)
	at com.kms.katalon.core.main.TestCaseExecutor.accessMainPhase(TestCaseExecutor.java:256)
	at com.kms.katalon.core.main.TestCaseExecutor.execute(TestCaseExecutor.java:200)
	at com.kms.katalon.core.main.TestSuiteExecutor.accessTestCaseMainPhase(TestSuiteExecutor.java:129)
	at com.kms.katalon.core.main.TestSuiteExecutor.accessTestSuiteMainPhase(TestSuiteExecutor.java:112)
	at com.kms.katalon.core.main.TestSuiteExecutor.execute(TestSuiteExecutor.java:81)
	at com.kms.katalon.core.main.TestCaseMain.startTestSuite(TestCaseMain.java:142)
	at com.kms.katalon.core.main.TestCaseMain$startTestSuite$0.call(Unknown Source)
	at org.codehaus.groovy.runtime.callsite.CallSiteArray.defaultCall(CallSiteArray.java:48)
	at org.codehaus.groovy.runtime.callsite.AbstractCallSite.call(AbstractCallSite.java:113)
	at org.codehaus.groovy.runtime.callsite.AbstractCallSite.call(AbstractCallSite.java:141)
	at TempTestSuite1542874456666.run(TempTestSuite1542874456666.groovy:36)
	at groovy.lang.GroovyShell.runScriptOrMainOrTestOrRunnable(GroovyShell.java:263)
	at groovy.lang.GroovyShell.run(GroovyShell.java:518)
	at groovy.lang.GroovyShell.run(GroovyShell.java:507)
	at groovy.ui.GroovyMain.processOnce(GroovyMain.java:653)
	at groovy.ui.GroovyMain.run(GroovyMain.java:384)
	at groovy.ui.GroovyMain.process(GroovyMain.java:370)
	at groovy.ui.GroovyMain.processArgs(GroovyMain.java:129)
	at groovy.ui.GroovyMain.main(GroovyMain.java:109)
	at sun.reflect.NativeMethodAccessorImpl.invoke0(Native Method)
	at sun.reflect.NativeMethodAccessorImpl.invoke(NativeMethodAccessorImpl.java:62)
	at sun.reflect.DelegatingMethodAccessorImpl.invoke(DelegatingMethodAccessorImpl.java:43)
	at java.lang.reflect.Method.invoke(Method.java:498)
	at org.codehaus.groovy.tools.GroovyStarter.rootLoader(GroovyStarter.java:109)
	at org.codehaus.groovy.tools.GroovyStarter.main(GroovyStarter.java:131)
)

2018-11-22 23:28:31 - [TEST_STEP][PASSED] - openBrowser: Browser is opened with url: ''

2018-11-22 23:28:31 - [MESSAGE][WARNING] - A browser is already opened. Closing browser and opening a new one

2018-11-22 23:28:35 - [MESSAGE][PASSED] - Browser is opened with url: ''

2018-11-22 23:28:35 - [TEST_STEP][PASSED] - navigateToUrl: Navigate to 'https://assist2-uat.perkeso.gov.my/login' successfully

2018-11-22 23:28:36 - [MESSAGE][PASSED] - Navigate to 'https://assist2-uat.perkeso.gov.my/login' successfully

2018-11-22 23:28:36 - [TEST_STEP][PASSED] - delay: Delayed 5 second(s)

2018-11-22 23:28:41 - [MESSAGE][PASSED] - Delayed 5 second(s)

2018-11-22 23:28:41 - [TEST_STEP][PASSED] - setText: Text 'test@liferay.com' is set on object 'Object Repository/Final Object Repo/Login Page/Internal User/Email Address'

2018-11-22 23:28:42 - [MESSAGE][PASSED] - Text 'test@liferay.com' is set on object 'Object Repository/Final Object Repo/Login Page/Internal User/Email Address'

2018-11-22 23:28:42 - [TEST_STEP][PASSED] - click: Object: 'Object Repository/Final Object Repo/Login Page/Internal User/Next Button' is clicked on

2018-11-22 23:28:42 - [MESSAGE][PASSED] - Object: 'Object Repository/Final Object Repo/Login Page/Internal User/Next Button' is clicked on

2018-11-22 23:28:42 - [TEST_STEP][PASSED] - delay: Delayed 2 second(s)

2018-11-22 23:28:44 - [MESSAGE][PASSED] - Delayed 2 second(s)

2018-11-22 23:28:44 - [TEST_STEP][PASSED] - setText: Text 'test' is set on object 'Object Repository/Final Object Repo/Login Page/Internal User/Password'

2018-11-22 23:28:44 - [MESSAGE][PASSED] - Text 'test' is set on object 'Object Repository/Final Object Repo/Login Page/Internal User/Password'

2018-11-22 23:28:44 - [TEST_STEP][PASSED] - delay: Delayed 2 second(s)

2018-11-22 23:28:46 - [MESSAGE][PASSED] - Delayed 2 second(s)

2018-11-22 23:28:46 - [TEST_STEP][PASSED] - click: Object: 'Object Repository/Final Object Repo/Login Page/Internal User/Login Button' is clicked on

2018-11-22 23:28:46 - [MESSAGE][PASSED] - Object: 'Object Repository/Final Object Repo/Login Page/Internal User/Login Button' is clicked on

2018-11-22 23:28:46 - [TEST_STEP][FAILED] - Statement - Try: Delayed 2 second(s)

2018-11-22 23:28:46 - [TEST_STEP][PASSED] - Statement - Checker = false: null

2018-11-22 23:28:46 - [TEST_STEP][PASSED] - Statement - Checker = com.kms.katalon.core.webui.keyword.WebUiBuiltInKeywords.verifyElementHasAttribute(com.kms.katalon.core.testobject.ObjectRepository.findTestObject(Final Object Repo/Landing Page/BM Detecting), "href", 20, OPTIONAL): Unable to verify if object 'Object Repository/Final Object Repo/Landing Page/BM Detecting' has attribute 'href' (Root cause: org.openqa.selenium.StaleElementReferenceException: stale element reference: element is not attached to the page document
  (Session info: chrome=70.0.3538.102)
  (Driver info: chromedriver=2.43.600210 (68dcf5eebde37173d4027fa8635e332711d2874a),platform=Windows NT 6.1.7601 SP1 x86_64) (WARNING: The server did not provide any stacktrace information)
Command duration or timeout: 0 milliseconds
For documentation on this error, please visit: http://seleniumhq.org/exceptions/stale_element_reference.html
Build info: version: '3.7.1', revision: '8a0099a', time: '2017-11-06T21:07:36.161Z'
System info: host: 'WIN7TEST02', ip: '10.20.3.72', os.name: 'Windows 7', os.arch: 'amd64', os.version: '6.1', java.version: '1.8.0_181'
Driver info: com.kms.katalon.selenium.driver.CChromeDriver
Capabilities {acceptInsecureCerts: false, acceptSslCerts: false, applicationCacheEnabled: false, browserConnectionEnabled: false, browserName: chrome, chrome: {chromedriverVersion: 2.43.600210 (68dcf5eebde371..., userDataDir: C:\Users\Admin\AppData\Loca...}, cssSelectorsEnabled: true, databaseEnabled: false, goog:chromeOptions: {debuggerAddress: localhost:64797}, handlesAlerts: true, hasTouchScreen: false, javascriptEnabled: true, locationContextEnabled: true, mobileEmulationEnabled: false, nativeEvents: true, networkConnectionEnabled: false, pageLoadStrategy: normal, platform: XP, platformName: XP, rotatable: false, setWindowRect: true, takesHeapSnapshot: true, takesScreenshot: true, unexpectedAlertBehaviour: , unhandledPromptBehavior: , version: 70.0.3538.102, webStorageEnabled: true}
Session ID: cf06543c685aeb22aea51d18ea983e56)

2018-11-22 23:28:48 - [MESSAGE][WARNING] - Unable to verify if object 'Object Repository/Final Object Repo/Landing Page/BM Detecting' has attribute 'href' (Root cause: org.openqa.selenium.StaleElementReferenceException: stale element reference: element is not attached to the page document
  (Session info: chrome=70.0.3538.102)
  (Driver info: chromedriver=2.43.600210 (68dcf5eebde37173d4027fa8635e332711d2874a),platform=Windows NT 6.1.7601 SP1 x86_64) (WARNING: The server did not provide any stacktrace information)
Command duration or timeout: 0 milliseconds
For documentation on this error, please visit: http://seleniumhq.org/exceptions/stale_element_reference.html
Build info: version: '3.7.1', revision: '8a0099a', time: '2017-11-06T21:07:36.161Z'
System info: host: 'WIN7TEST02', ip: '10.20.3.72', os.name: 'Windows 7', os.arch: 'amd64', os.version: '6.1', java.version: '1.8.0_181'
Driver info: com.kms.katalon.selenium.driver.CChromeDriver
Capabilities {acceptInsecureCerts: false, acceptSslCerts: false, applicationCacheEnabled: false, browserConnectionEnabled: false, browserName: chrome, chrome: {chromedriverVersion: 2.43.600210 (68dcf5eebde371..., userDataDir: C:\Users\Admin\AppData\Loca...}, cssSelectorsEnabled: true, databaseEnabled: false, goog:chromeOptions: {debuggerAddress: localhost:64797}, handlesAlerts: true, hasTouchScreen: false, javascriptEnabled: true, locationContextEnabled: true, mobileEmulationEnabled: false, nativeEvents: true, networkConnectionEnabled: false, pageLoadStrategy: normal, platform: XP, platformName: XP, rotatable: false, setWindowRect: true, takesHeapSnapshot: true, takesScreenshot: true, unexpectedAlertBehaviour: , unhandledPromptBehavior: , version: 70.0.3538.102, webStorageEnabled: true}
Session ID: cf06543c685aeb22aea51d18ea983e56)
[[ATTACHMENT|C:\\Users\\Admin\\Desktop\\PKS\\Perkeso Phase A\\Reports\\Workflow\\Update Add New Employee\\20181122_161416\\1542900528449.png]]

2018-11-22 23:28:48 - [TEST_STEP][PASSED] - Statement - out.println(Checker): null

2018-11-22 23:28:48 - [TEST_STEP][FAILED] - Statement - If (Checker == false): Unable to click on object 'Object Repository/Final Object Repo/Landing Page/Select to English' (Root cause: com.kms.katalon.core.webui.exception.WebElementNotFoundException: Web element with id: 'Object Repository/Final Object Repo/Landing Page/Select to English' located by 'By.xpath: //a[@class = 'taglib-language-list-text' and @lang = 'en-US' and (contains(text(), 'EN') or contains(., 'EN'))]' not found)

2018-11-22 23:28:48 - [TEST_STEP][FAILED] - click: Unable to click on object 'Object Repository/Final Object Repo/Landing Page/Select to English' (Root cause: com.kms.katalon.core.webui.exception.WebElementNotFoundException: Web element with id: 'Object Repository/Final Object Repo/Landing Page/Select to English' located by 'By.xpath: //a[@class = 'taglib-language-list-text' and @lang = 'en-US' and (contains(text(), 'EN') or contains(., 'EN'))]' not found)

2018-11-22 23:29:26 - [MESSAGE][FAILED] - Unable to click on object 'Object Repository/Final Object Repo/Landing Page/Select to English' (Root cause: com.kms.katalon.core.webui.exception.WebElementNotFoundException: Web element with id: 'Object Repository/Final Object Repo/Landing Page/Select to English' located by 'By.xpath: //a[@class = 'taglib-language-list-text' and @lang = 'en-US' and (contains(text(), 'EN') or contains(., 'EN'))]' not found)
[[ATTACHMENT|C:\\Users\\Admin\\Desktop\\PKS\\Perkeso Phase A\\Reports\\Workflow\\Update Add New Employee\\20181122_161416\\1542900565834.png]]

2018-11-22 23:29:26 - [TEST_STEP][PASSED] - delay: Delayed 2 second(s)

2018-11-22 23:29:28 - [MESSAGE][PASSED] - Delayed 2 second(s)

2018-11-22 23:29:28 - [TEST_STEP][PASSED] - delay: Delayed 3 second(s)

2018-11-22 23:29:31 - [MESSAGE][PASSED] - Delayed 3 second(s)

2018-11-22 23:29:31 - [TEST_STEP][PASSED] - mouseOver: Object: 'Object Repository/Final Object Repo/Landing Page/WorkFlow Menu' is hovered

2018-11-22 23:29:31 - [MESSAGE][PASSED] - Object: 'Object Repository/Final Object Repo/Landing Page/WorkFlow Menu' is hovered

2018-11-22 23:29:31 - [TEST_STEP][PASSED] - delay: Delayed 2 second(s)

2018-11-22 23:29:33 - [MESSAGE][PASSED] - Delayed 2 second(s)

2018-11-22 23:29:33 - [TEST_STEP][PASSED] - click: Object: 'Object Repository/Final Object Repo/Landing Page/Select to Workflow Listing' is clicked on

2018-11-22 23:29:34 - [MESSAGE][PASSED] - Object: 'Object Repository/Final Object Repo/Landing Page/Select to Workflow Listing' is clicked on

2018-11-22 23:29:34 - [TEST_STEP][PASSED] - delay: Delayed 2 second(s)

2018-11-22 23:29:36 - [MESSAGE][PASSED] - Delayed 2 second(s)

2018-11-22 23:29:36 - [TEST_STEP][PASSED] - click: Object: 'Object Repository/Final Object Repo/WorkFlow Listing Page/Search Information - To Put Ref No' is clicked on

2018-11-22 23:29:36 - [MESSAGE][PASSED] - Object: 'Object Repository/Final Object Repo/WorkFlow Listing Page/Search Information - To Put Ref No' is clicked on

2018-11-22 23:29:36 - [TEST_STEP][PASSED] - delay: Delayed 2 second(s)

2018-11-22 23:29:38 - [MESSAGE][PASSED] - Delayed 2 second(s)

2018-11-22 23:29:38 - [TEST_STEP][PASSED] - callTestCase: Call Test Case 'Test Cases/Final Aug 2018 - PKS Automation/Common/Reference Number Getter' successfully

2018-11-22 23:29:38 - [TEST_CASE][PASSED] - Test Cases/Final Aug 2018 - PKS Automation/Common/Reference Number Getter: Test Cases/Final Aug 2018 - PKS Automation/Common/Reference Number Getter

2018-11-22 23:29:38 - [TEST_STEP][PASSED] - Statement - Try: null

2018-11-22 23:29:38 - [TEST_STEP][PASSED] - Statement - RefNo = new java.io.File(C://Users//Admin//Desktop//PKS//Automation Reference Point//KatalonReference.txt): null

2018-11-22 23:29:38 - [TEST_STEP][PASSED] - Statement - bufferread = new java.io.BufferedReader(new java.io.FileReader(RefNo)): null

2018-11-22 23:29:38 - [TEST_STEP][PASSED] - Statement - readedVal = bufferread.readLine(): null

2018-11-22 23:29:38 - [TEST_STEP][PASSED] - Statement - out.println(CaseReferenceNo): null

2018-11-22 23:29:38 - [TEST_STEP][PASSED] - Statement - out.println(readedVal): null

2018-11-22 23:29:38 - [TEST_STEP][PASSED] - Statement - CaseReferenceNo = "": null

2018-11-22 23:29:38 - [TEST_STEP][PASSED] - Statement - CaseReferenceNo = readedVal: null

2018-11-22 23:29:38 - [MESSAGE][PASSED] - Call Test Case 'Test Cases/Final Aug 2018 - PKS Automation/Common/Reference Number Getter' successfully

2018-11-22 23:29:38 - [TEST_STEP][PASSED] - setText: Text 'CAN11201800002171' is set on object 'Object Repository/Final Object Repo/WorkFlow Listing Page/Ref No Set Text'

2018-11-22 23:29:39 - [MESSAGE][PASSED] - Text 'CAN11201800002171' is set on object 'Object Repository/Final Object Repo/WorkFlow Listing Page/Ref No Set Text'

2018-11-22 23:29:39 - [TEST_STEP][PASSED] - delay: Delayed 2 second(s)

2018-11-22 23:29:41 - [MESSAGE][PASSED] - Delayed 2 second(s)

2018-11-22 23:29:41 - [TEST_STEP][PASSED] - click: Object: 'Object Repository/Final Object Repo/WorkFlow Listing Page/Search Ref No Search Button' is clicked on

2018-11-22 23:29:41 - [MESSAGE][PASSED] - Object: 'Object Repository/Final Object Repo/WorkFlow Listing Page/Search Ref No Search Button' is clicked on

2018-11-22 23:29:41 - [TEST_STEP][PASSED] - delay: Delayed 4 second(s)

2018-11-22 23:29:45 - [MESSAGE][PASSED] - Delayed 4 second(s)

2018-11-22 23:29:45 - [TEST_STEP][PASSED] - click: Object: 'Object Repository/Final Object Repo/WorkFlow Listing Page/Click Continue Tooltip' is clicked on

2018-11-22 23:29:46 - [MESSAGE][PASSED] - Object: 'Object Repository/Final Object Repo/WorkFlow Listing Page/Click Continue Tooltip' is clicked on

2018-11-22 23:29:46 - [TEST_STEP][PASSED] - delay: Delayed 5 second(s)

2018-11-22 23:29:51 - [MESSAGE][PASSED] - Delayed 5 second(s)

2018-11-22 23:29:51 - [TEST_STEP][PASSED] - doubleClick: Object: 'Object Repository/Final Object Repo/WorkFlow Listing Page/Workflow Found - Listing 1' is double clicked on

2018-11-22 23:29:51 - [MESSAGE][PASSED] - Object: 'Object Repository/Final Object Repo/WorkFlow Listing Page/Workflow Found - Listing 1' is double clicked on

2018-11-22 23:29:51 - [TEST_STEP][PASSED] - Statement - println(OwnerID): null

2018-11-22 23:29:51 - [TEST_STEP][PASSED] - Statement - OwnerID = com.kms.katalon.core.webui.keyword.WebUiBuiltInKeywords.getText(com.kms.katalon.core.testobject.ObjectRepository.findTestObject(Final Object Repo/WorkFlow Listing Page/Workflow Found - Listing 1), STOP_ON_FAILURE): Text of object 'Object Repository/Final Object Repo/WorkFlow Listing Page/Workflow Found - Listing 1' is: 'JOHORro2'

2018-11-22 23:29:51 - [MESSAGE][PASSED] - Text of object 'Object Repository/Final Object Repo/WorkFlow Listing Page/Workflow Found - Listing 1' is: 'JOHORro2'

2018-11-22 23:29:51 - [TEST_STEP][PASSED] - Statement - OwnerID = OwnerID.toLowerCase() + "@gmail.com": null

2018-11-22 23:29:51 - [TEST_STEP][PASSED] - Statement - println(OwnerID): null

2018-11-22 23:29:51 - [TEST_STEP][PASSED] - delay: Delayed 2 second(s)

2018-11-22 23:29:53 - [MESSAGE][PASSED] - Delayed 2 second(s)

2018-11-22 23:29:53 - [MESSAGE][FAILED] - Unable to call Test Case with id 'Test Cases/Final Aug 2018 - PKS Automation/Common/Workflow Owner Finder' (Root cause: Call Test Case 'Test Cases/Final Aug 2018 - PKS Automation/Common/Workflow Owner Finder' failed)]]></system-out>
         <system-err><![CDATA[2018-11-22 23:19:07 - [TEST_CASE][FAILED] - Test Cases/Final Aug 2018 - PKS Automation/Registration Module/Workflow/Update Add New Employee/Special Case (PKR BO - RO Query - OTC Upload Pending Case - RO Approve): Test Cases/Final Aug 2018 - PKS Automation/Registration Module/Workflow/Update Add New Employee/Special Case (PKR BO - RO Query - OTC Upload Pending Case - RO Approve) FAILED because (of) (Stack trace: com.kms.katalon.core.exception.StepFailedException: Unable to click on object 'Object Repository/Final Object Repo/Landing Page/Select to English' (Root cause: com.kms.katalon.core.webui.exception.WebElementNotFoundException: Web element with id: 'Object Repository/Final Object Repo/Landing Page/Select to English' located by 'By.xpath: //a[@class = 'taglib-language-list-text' and @lang = 'en-US' and (contains(text(), 'EN') or contains(., 'EN'))]' not found)
	at com.kms.katalon.core.keyword.internal.KeywordMain.stepFailed(KeywordMain.groovy:32)
	at com.kms.katalon.core.webui.keyword.internal.WebUIKeywordMain.stepFailed(WebUIKeywordMain.groovy:65)
	at com.kms.katalon.core.webui.keyword.internal.WebUIKeywordMain.runKeyword(WebUIKeywordMain.groovy:27)
	at com.kms.katalon.core.webui.keyword.builtin.ClickKeyword.click(ClickKeyword.groovy:86)
	at com.kms.katalon.core.webui.keyword.builtin.ClickKeyword.execute(ClickKeyword.groovy:67)
	at com.kms.katalon.core.keyword.internal.KeywordExecutor.executeKeywordForPlatform(KeywordExecutor.groovy:53)
	at com.kms.katalon.core.webui.keyword.WebUiBuiltInKeywords.click(WebUiBuiltInKeywords.groovy:604)
	at com.kms.katalon.core.webui.keyword.WebUiBuiltInKeywords$click$6.call(Unknown Source)
	at Script1534407542420.run(Script1534407542420.groovy:57)
	at com.kms.katalon.core.main.ScriptEngine.run(ScriptEngine.java:183)
	at com.kms.katalon.core.main.ScriptEngine.runScriptAsRawText(ScriptEngine.java:108)
	at com.kms.katalon.core.main.TestCaseExecutor.runScript(TestCaseExecutor.java:294)
	at com.kms.katalon.core.main.TestCaseExecutor.doExecute(TestCaseExecutor.java:285)
	at com.kms.katalon.core.main.TestCaseExecutor.processExecutionPhase(TestCaseExecutor.java:264)
	at com.kms.katalon.core.main.TestCaseExecutor.accessMainPhase(TestCaseExecutor.java:256)
	at com.kms.katalon.core.main.TestCaseExecutor.execute(TestCaseExecutor.java:200)
	at com.kms.katalon.core.main.TestCaseMain.runTestCase(TestCaseMain.java:99)
	at com.kms.katalon.core.keyword.builtin.CallTestCaseKeyword$_callTestCase_closure1.doCall(CallTestCaseKeyword.groovy:60)
	at com.kms.katalon.core.keyword.builtin.CallTestCaseKeyword$_callTestCase_closure1.call(CallTestCaseKeyword.groovy)
	at com.kms.katalon.core.keyword.internal.KeywordMain.runKeyword(KeywordMain.groovy:54)
	at com.kms.katalon.core.keyword.builtin.CallTestCaseKeyword.callTestCase(CallTestCaseKeyword.groovy:81)
	at com.kms.katalon.core.keyword.builtin.CallTestCaseKeyword.execute(CallTestCaseKeyword.groovy:45)
	at com.kms.katalon.core.keyword.internal.KeywordExecutor.executeKeywordForPlatform(KeywordExecutor.groovy:53)
	at com.kms.katalon.core.keyword.BuiltinKeywords.callTestCase(BuiltinKeywords.groovy:334)
	at sun.reflect.GeneratedMethodAccessor13.invoke(Unknown Source)
	at sun.reflect.DelegatingMethodAccessorImpl.invoke(DelegatingMethodAccessorImpl.java:43)
	at java.lang.reflect.Method.invoke(Method.java:498)
	at org.codehaus.groovy.reflection.CachedMethod.invoke(CachedMethod.java:93)
	at groovy.lang.MetaMethod.doMethodInvoke(MetaMethod.java:325)
	at groovy.lang.MetaClassImpl.invokeStaticMethod(MetaClassImpl.java:1469)
	at org.codehaus.groovy.runtime.callsite.StaticMetaClassSite.call(StaticMetaClassSite.java:53)
	at org.codehaus.groovy.runtime.callsite.CallSiteArray.defaultCall(CallSiteArray.java:48)
	at org.codehaus.groovy.runtime.callsite.AbstractCallSite.call(AbstractCallSite.java:113)
	at org.codehaus.groovy.runtime.callsite.AbstractCallSite.call(AbstractCallSite.java:141)
	at Script1536220866356.run(Script1536220866356.groovy:125)
	at com.kms.katalon.core.main.ScriptEngine.run(ScriptEngine.java:183)
	at com.kms.katalon.core.main.ScriptEngine.runScriptAsRawText(ScriptEngine.java:108)
	at com.kms.katalon.core.main.TestCaseExecutor.runScript(TestCaseExecutor.java:294)
	at com.kms.katalon.core.main.TestCaseExecutor.doExecute(TestCaseExecutor.java:285)
	at com.kms.katalon.core.main.TestCaseExecutor.processExecutionPhase(TestCaseExecutor.java:264)
	at com.kms.katalon.core.main.TestCaseExecutor.accessMainPhase(TestCaseExecutor.java:256)
	at com.kms.katalon.core.main.TestCaseExecutor.execute(TestCaseExecutor.java:200)
	at com.kms.katalon.core.main.TestSuiteExecutor.accessTestCaseMainPhase(TestSuiteExecutor.java:129)
	at com.kms.katalon.core.main.TestSuiteExecutor.accessTestSuiteMainPhase(TestSuiteExecutor.java:112)
	at com.kms.katalon.core.main.TestSuiteExecutor.execute(TestSuiteExecutor.java:81)
	at com.kms.katalon.core.main.TestCaseMain.startTestSuite(TestCaseMain.java:142)
	at com.kms.katalon.core.main.TestCaseMain$startTestSuite$0.call(Unknown Source)
	at org.codehaus.groovy.runtime.callsite.CallSiteArray.defaultCall(CallSiteArray.java:48)
	at org.codehaus.groovy.runtime.callsite.AbstractCallSite.call(AbstractCallSite.java:113)
	at org.codehaus.groovy.runtime.callsite.AbstractCallSite.call(AbstractCallSite.java:141)
	at TempTestSuite1542874456666.run(TempTestSuite1542874456666.groovy:36)
	at groovy.lang.GroovyShell.runScriptOrMainOrTestOrRunnable(GroovyShell.java:263)
	at groovy.lang.GroovyShell.run(GroovyShell.java:518)
	at groovy.lang.GroovyShell.run(GroovyShell.java:507)
	at groovy.ui.GroovyMain.processOnce(GroovyMain.java:653)
	at groovy.ui.GroovyMain.run(GroovyMain.java:384)
	at groovy.ui.GroovyMain.process(GroovyMain.java:370)
	at groovy.ui.GroovyMain.processArgs(GroovyMain.java:129)
	at groovy.ui.GroovyMain.main(GroovyMain.java:109)
	at sun.reflect.NativeMethodAccessorImpl.invoke0(Native Method)
	at sun.reflect.NativeMethodAccessorImpl.invoke(NativeMethodAccessorImpl.java:62)
	at sun.reflect.DelegatingMethodAccessorImpl.invoke(DelegatingMethodAccessorImpl.java:43)
	at java.lang.reflect.Method.invoke(Method.java:498)
	at org.codehaus.groovy.tools.GroovyStarter.rootLoader(GroovyStarter.java:109)
	at org.codehaus.groovy.tools.GroovyStarter.main(GroovyStarter.java:131)
)]]></system-err>
      </testcase>
      <testcase name="Test Cases/Final Aug 2018 - PKS Automation/Registration Module/Workflow/Update Add New Employee/Special Case (PKR BO - RO Under Enforcement)" classname="Test Cases/Final Aug 2018 - PKS Automation/Registration Module/Workflow/Update Add New Employee/Special Case (PKR BO - RO Under Enforcement)" status="FAILED">
         <failure type="FAILED" message="(Stack trace: com.kms.katalon.core.exception.StepFailedException: Unable to click on object 'Object Repository/Final Object Repo/Landing Page/Select to English' (Root cause: com.kms.katalon.core.webui.exception.WebElementNotFoundException: Web element with id: 'Object Repository/Final Object Repo/Landing Page/Select to English' located by 'By.xpath: //a[@class = 'taglib-language-list-text' and @lang = 'en-US' and (contains(text(), 'EN') or contains(., 'EN'))]' not found)
	at com.kms.katalon.core.keyword.internal.KeywordMain.stepFailed(KeywordMain.groovy:32)
	at com.kms.katalon.core.webui.keyword.internal.WebUIKeywordMain.stepFailed(WebUIKeywordMain.groovy:65)
	at com.kms.katalon.core.webui.keyword.internal.WebUIKeywordMain.runKeyword(WebUIKeywordMain.groovy:27)
	at com.kms.katalon.core.webui.keyword.builtin.ClickKeyword.click(ClickKeyword.groovy:86)
	at com.kms.katalon.core.webui.keyword.builtin.ClickKeyword.execute(ClickKeyword.groovy:67)
	at com.kms.katalon.core.keyword.internal.KeywordExecutor.executeKeywordForPlatform(KeywordExecutor.groovy:53)
	at com.kms.katalon.core.webui.keyword.WebUiBuiltInKeywords.click(WebUiBuiltInKeywords.groovy:604)
	at com.kms.katalon.core.webui.keyword.WebUiBuiltInKeywords$click$6.call(Unknown Source)
	at Script1534407542420.run(Script1534407542420.groovy:57)
	at com.kms.katalon.core.main.ScriptEngine.run(ScriptEngine.java:183)
	at com.kms.katalon.core.main.ScriptEngine.runScriptAsRawText(ScriptEngine.java:108)
	at com.kms.katalon.core.main.TestCaseExecutor.runScript(TestCaseExecutor.java:294)
	at com.kms.katalon.core.main.TestCaseExecutor.doExecute(TestCaseExecutor.java:285)
	at com.kms.katalon.core.main.TestCaseExecutor.processExecutionPhase(TestCaseExecutor.java:264)
	at com.kms.katalon.core.main.TestCaseExecutor.accessMainPhase(TestCaseExecutor.java:256)
	at com.kms.katalon.core.main.TestCaseExecutor.execute(TestCaseExecutor.java:200)
	at com.kms.katalon.core.main.TestCaseMain.runTestCase(TestCaseMain.java:99)
	at com.kms.katalon.core.keyword.builtin.CallTestCaseKeyword$_callTestCase_closure1.doCall(CallTestCaseKeyword.groovy:60)
	at com.kms.katalon.core.keyword.builtin.CallTestCaseKeyword$_callTestCase_closure1.call(CallTestCaseKeyword.groovy)
	at com.kms.katalon.core.keyword.internal.KeywordMain.runKeyword(KeywordMain.groovy:54)
	at com.kms.katalon.core.keyword.builtin.CallTestCaseKeyword.callTestCase(CallTestCaseKeyword.groovy:81)
	at com.kms.katalon.core.keyword.builtin.CallTestCaseKeyword.execute(CallTestCaseKeyword.groovy:45)
	at com.kms.katalon.core.keyword.internal.KeywordExecutor.executeKeywordForPlatform(KeywordExecutor.groovy:53)
	at com.kms.katalon.core.keyword.BuiltinKeywords.callTestCase(BuiltinKeywords.groovy:334)
	at sun.reflect.GeneratedMethodAccessor13.invoke(Unknown Source)
	at sun.reflect.DelegatingMethodAccessorImpl.invoke(DelegatingMethodAccessorImpl.java:43)
	at java.lang.reflect.Method.invoke(Method.java:498)
	at org.codehaus.groovy.reflection.CachedMethod.invoke(CachedMethod.java:93)
	at groovy.lang.MetaMethod.doMethodInvoke(MetaMethod.java:325)
	at groovy.lang.MetaClassImpl.invokeStaticMethod(MetaClassImpl.java:1469)
	at org.codehaus.groovy.runtime.callsite.StaticMetaClassSite.call(StaticMetaClassSite.java:53)
	at org.codehaus.groovy.runtime.callsite.CallSiteArray.defaultCall(CallSiteArray.java:48)
	at org.codehaus.groovy.runtime.callsite.AbstractCallSite.call(AbstractCallSite.java:113)
	at org.codehaus.groovy.runtime.callsite.AbstractCallSite.call(AbstractCallSite.java:141)
	at Script1536116240292.run(Script1536116240292.groovy:121)
	at com.kms.katalon.core.main.ScriptEngine.run(ScriptEngine.java:183)
	at com.kms.katalon.core.main.ScriptEngine.runScriptAsRawText(ScriptEngine.java:108)
	at com.kms.katalon.core.main.TestCaseExecutor.runScript(TestCaseExecutor.java:294)
	at com.kms.katalon.core.main.TestCaseExecutor.doExecute(TestCaseExecutor.java:285)
	at com.kms.katalon.core.main.TestCaseExecutor.processExecutionPhase(TestCaseExecutor.java:264)
	at com.kms.katalon.core.main.TestCaseExecutor.accessMainPhase(TestCaseExecutor.java:256)
	at com.kms.katalon.core.main.TestCaseExecutor.execute(TestCaseExecutor.java:200)
	at com.kms.katalon.core.main.TestSuiteExecutor.accessTestCaseMainPhase(TestSuiteExecutor.java:129)
	at com.kms.katalon.core.main.TestSuiteExecutor.accessTestSuiteMainPhase(TestSuiteExecutor.java:112)
	at com.kms.katalon.core.main.TestSuiteExecutor.execute(TestSuiteExecutor.java:81)
	at com.kms.katalon.core.main.TestCaseMain.startTestSuite(TestCaseMain.java:142)
	at com.kms.katalon.core.main.TestCaseMain$startTestSuite$0.call(Unknown Source)
	at org.codehaus.groovy.runtime.callsite.CallSiteArray.defaultCall(CallSiteArray.java:48)
	at org.codehaus.groovy.runtime.callsite.AbstractCallSite.call(AbstractCallSite.java:113)
	at org.codehaus.groovy.runtime.callsite.AbstractCallSite.call(AbstractCallSite.java:141)
	at TempTestSuite1542874456666.run(TempTestSuite1542874456666.groovy:36)
	at groovy.lang.GroovyShell.runScriptOrMainOrTestOrRunnable(GroovyShell.java:263)
	at groovy.lang.GroovyShell.run(GroovyShell.java:518)
	at groovy.lang.GroovyShell.run(GroovyShell.java:507)
	at groovy.ui.GroovyMain.processOnce(GroovyMain.java:653)
	at groovy.ui.GroovyMain.run(GroovyMain.java:384)
	at groovy.ui.GroovyMain.process(GroovyMain.java:370)
	at groovy.ui.GroovyMain.processArgs(GroovyMain.java:129)
	at groovy.ui.GroovyMain.main(GroovyMain.java:109)
	at sun.reflect.NativeMethodAccessorImpl.invoke0(Native Method)
	at sun.reflect.NativeMethodAccessorImpl.invoke(NativeMethodAccessorImpl.java:62)
	at sun.reflect.DelegatingMethodAccessorImpl.invoke(DelegatingMethodAccessorImpl.java:43)
	at java.lang.reflect.Method.invoke(Method.java:498)
	at org.codehaus.groovy.tools.GroovyStarter.rootLoader(GroovyStarter.java:109)
	at org.codehaus.groovy.tools.GroovyStarter.main(GroovyStarter.java:131)
)"/>
         <system-out><![CDATA[2018-11-22 23:29:53 - [TEST_CASE][FAILED] - Test Cases/Final Aug 2018 - PKS Automation/Registration Module/Workflow/Update Add New Employee/Special Case (PKR BO - RO Under Enforcement): Test Cases/Final Aug 2018 - PKS Automation/Registration Module/Workflow/Update Add New Employee/Special Case (PKR BO - RO Under Enforcement) FAILED because (of) (Stack trace: com.kms.katalon.core.exception.StepFailedException: Unable to click on object 'Object Repository/Final Object Repo/Landing Page/Select to English' (Root cause: com.kms.katalon.core.webui.exception.WebElementNotFoundException: Web element with id: 'Object Repository/Final Object Repo/Landing Page/Select to English' located by 'By.xpath: //a[@class = 'taglib-language-list-text' and @lang = 'en-US' and (contains(text(), 'EN') or contains(., 'EN'))]' not found)
	at com.kms.katalon.core.keyword.internal.KeywordMain.stepFailed(KeywordMain.groovy:32)
	at com.kms.katalon.core.webui.keyword.internal.WebUIKeywordMain.stepFailed(WebUIKeywordMain.groovy:65)
	at com.kms.katalon.core.webui.keyword.internal.WebUIKeywordMain.runKeyword(WebUIKeywordMain.groovy:27)
	at com.kms.katalon.core.webui.keyword.builtin.ClickKeyword.click(ClickKeyword.groovy:86)
	at com.kms.katalon.core.webui.keyword.builtin.ClickKeyword.execute(ClickKeyword.groovy:67)
	at com.kms.katalon.core.keyword.internal.KeywordExecutor.executeKeywordForPlatform(KeywordExecutor.groovy:53)
	at com.kms.katalon.core.webui.keyword.WebUiBuiltInKeywords.click(WebUiBuiltInKeywords.groovy:604)
	at com.kms.katalon.core.webui.keyword.WebUiBuiltInKeywords$click$6.call(Unknown Source)
	at Script1534407542420.run(Script1534407542420.groovy:57)
	at com.kms.katalon.core.main.ScriptEngine.run(ScriptEngine.java:183)
	at com.kms.katalon.core.main.ScriptEngine.runScriptAsRawText(ScriptEngine.java:108)
	at com.kms.katalon.core.main.TestCaseExecutor.runScript(TestCaseExecutor.java:294)
	at com.kms.katalon.core.main.TestCaseExecutor.doExecute(TestCaseExecutor.java:285)
	at com.kms.katalon.core.main.TestCaseExecutor.processExecutionPhase(TestCaseExecutor.java:264)
	at com.kms.katalon.core.main.TestCaseExecutor.accessMainPhase(TestCaseExecutor.java:256)
	at com.kms.katalon.core.main.TestCaseExecutor.execute(TestCaseExecutor.java:200)
	at com.kms.katalon.core.main.TestCaseMain.runTestCase(TestCaseMain.java:99)
	at com.kms.katalon.core.keyword.builtin.CallTestCaseKeyword$_callTestCase_closure1.doCall(CallTestCaseKeyword.groovy:60)
	at com.kms.katalon.core.keyword.builtin.CallTestCaseKeyword$_callTestCase_closure1.call(CallTestCaseKeyword.groovy)
	at com.kms.katalon.core.keyword.internal.KeywordMain.runKeyword(KeywordMain.groovy:54)
	at com.kms.katalon.core.keyword.builtin.CallTestCaseKeyword.callTestCase(CallTestCaseKeyword.groovy:81)
	at com.kms.katalon.core.keyword.builtin.CallTestCaseKeyword.execute(CallTestCaseKeyword.groovy:45)
	at com.kms.katalon.core.keyword.internal.KeywordExecutor.executeKeywordForPlatform(KeywordExecutor.groovy:53)
	at com.kms.katalon.core.keyword.BuiltinKeywords.callTestCase(BuiltinKeywords.groovy:334)
	at sun.reflect.GeneratedMethodAccessor13.invoke(Unknown Source)
	at sun.reflect.DelegatingMethodAccessorImpl.invoke(DelegatingMethodAccessorImpl.java:43)
	at java.lang.reflect.Method.invoke(Method.java:498)
	at org.codehaus.groovy.reflection.CachedMethod.invoke(CachedMethod.java:93)
	at groovy.lang.MetaMethod.doMethodInvoke(MetaMethod.java:325)
	at groovy.lang.MetaClassImpl.invokeStaticMethod(MetaClassImpl.java:1469)
	at org.codehaus.groovy.runtime.callsite.StaticMetaClassSite.call(StaticMetaClassSite.java:53)
	at org.codehaus.groovy.runtime.callsite.CallSiteArray.defaultCall(CallSiteArray.java:48)
	at org.codehaus.groovy.runtime.callsite.AbstractCallSite.call(AbstractCallSite.java:113)
	at org.codehaus.groovy.runtime.callsite.AbstractCallSite.call(AbstractCallSite.java:141)
	at Script1536116240292.run(Script1536116240292.groovy:121)
	at com.kms.katalon.core.main.ScriptEngine.run(ScriptEngine.java:183)
	at com.kms.katalon.core.main.ScriptEngine.runScriptAsRawText(ScriptEngine.java:108)
	at com.kms.katalon.core.main.TestCaseExecutor.runScript(TestCaseExecutor.java:294)
	at com.kms.katalon.core.main.TestCaseExecutor.doExecute(TestCaseExecutor.java:285)
	at com.kms.katalon.core.main.TestCaseExecutor.processExecutionPhase(TestCaseExecutor.java:264)
	at com.kms.katalon.core.main.TestCaseExecutor.accessMainPhase(TestCaseExecutor.java:256)
	at com.kms.katalon.core.main.TestCaseExecutor.execute(TestCaseExecutor.java:200)
	at com.kms.katalon.core.main.TestSuiteExecutor.accessTestCaseMainPhase(TestSuiteExecutor.java:129)
	at com.kms.katalon.core.main.TestSuiteExecutor.accessTestSuiteMainPhase(TestSuiteExecutor.java:112)
	at com.kms.katalon.core.main.TestSuiteExecutor.execute(TestSuiteExecutor.java:81)
	at com.kms.katalon.core.main.TestCaseMain.startTestSuite(TestCaseMain.java:142)
	at com.kms.katalon.core.main.TestCaseMain$startTestSuite$0.call(Unknown Source)
	at org.codehaus.groovy.runtime.callsite.CallSiteArray.defaultCall(CallSiteArray.java:48)
	at org.codehaus.groovy.runtime.callsite.AbstractCallSite.call(AbstractCallSite.java:113)
	at org.codehaus.groovy.runtime.callsite.AbstractCallSite.call(AbstractCallSite.java:141)
	at TempTestSuite1542874456666.run(TempTestSuite1542874456666.groovy:36)
	at groovy.lang.GroovyShell.runScriptOrMainOrTestOrRunnable(GroovyShell.java:263)
	at groovy.lang.GroovyShell.run(GroovyShell.java:518)
	at groovy.lang.GroovyShell.run(GroovyShell.java:507)
	at groovy.ui.GroovyMain.processOnce(GroovyMain.java:653)
	at groovy.ui.GroovyMain.run(GroovyMain.java:384)
	at groovy.ui.GroovyMain.process(GroovyMain.java:370)
	at groovy.ui.GroovyMain.processArgs(GroovyMain.java:129)
	at groovy.ui.GroovyMain.main(GroovyMain.java:109)
	at sun.reflect.NativeMethodAccessorImpl.invoke0(Native Method)
	at sun.reflect.NativeMethodAccessorImpl.invoke(NativeMethodAccessorImpl.java:62)
	at sun.reflect.DelegatingMethodAccessorImpl.invoke(DelegatingMethodAccessorImpl.java:43)
	at java.lang.reflect.Method.invoke(Method.java:498)
	at org.codehaus.groovy.tools.GroovyStarter.rootLoader(GroovyStarter.java:109)
	at org.codehaus.groovy.tools.GroovyStarter.main(GroovyStarter.java:131)
)

2018-11-22 23:29:53 - [TEST_STEP][PASSED] - callTestCase: Call Test Case 'Test Cases/Final Aug 2018 - PKS Automation/Registration Module/Workflow/Update Add New Employee/Template/New Company for Update Add New' successfully

2018-11-22 23:29:53 - [TEST_CASE][PASSED] - Test Cases/Final Aug 2018 - PKS Automation/Registration Module/Workflow/Update Add New Employee/Template/New Company for Update Add New: Test Cases/Final Aug 2018 - PKS Automation/Registration Module/Workflow/Update Add New Employee/Template/New Company for Update Add New

2018-11-22 23:29:53 - [TEST_STEP][PASSED] - callTestCase: Call Test Case 'Test Cases/Final Aug 2018 - PKS Automation/Registration Module/New Registration/Form 1/Form 1 - Corporation - BHD' successfully

2018-11-22 23:29:54 - [TEST_CASE][PASSED] - Test Cases/Final Aug 2018 - PKS Automation/Registration Module/New Registration/Form 1/Form 1 - Corporation - BHD: Test Cases/Final Aug 2018 - PKS Automation/Registration Module/New Registration/Form 1/Form 1 - Corporation - BHD

2018-11-22 23:29:54 - [TEST_STEP][PASSED] - openBrowser: Browser is opened with url: ''

2018-11-22 23:29:54 - [MESSAGE][WARNING] - A browser is already opened. Closing browser and opening a new one

2018-11-22 23:29:57 - [MESSAGE][PASSED] - Browser is opened with url: ''

2018-11-22 23:29:57 - [TEST_STEP][PASSED] - navigateToUrl: Navigate to 'https://assist2-uat.perkeso.gov.my/login' successfully

2018-11-22 23:29:58 - [MESSAGE][PASSED] - Navigate to 'https://assist2-uat.perkeso.gov.my/login' successfully

2018-11-22 23:29:58 - [TEST_STEP][PASSED] - setText: Text 'johorotc1@gmail.com' is set on object 'Object Repository/Final Object Repo/Login Page/Internal User/Email Address'

2018-11-22 23:29:59 - [MESSAGE][PASSED] - Text 'johorotc1@gmail.com' is set on object 'Object Repository/Final Object Repo/Login Page/Internal User/Email Address'

2018-11-22 23:29:59 - [TEST_STEP][PASSED] - click: Object: 'Object Repository/Final Object Repo/Login Page/Internal User/Next Button' is clicked on

2018-11-22 23:29:59 - [MESSAGE][PASSED] - Object: 'Object Repository/Final Object Repo/Login Page/Internal User/Next Button' is clicked on

2018-11-22 23:29:59 - [TEST_STEP][PASSED] - delay: Delayed 1 second(s)

2018-11-22 23:30:00 - [MESSAGE][PASSED] - Delayed 1 second(s)

2018-11-22 23:30:00 - [TEST_STEP][PASSED] - setEncryptedText: Text ****** has been set on object 'Object Repository/Final Object Repo/Login Page/Internal User/Password'

2018-11-22 23:30:00 - [MESSAGE][PASSED] - Text ****** has been set on object 'Object Repository/Final Object Repo/Login Page/Internal User/Password'

2018-11-22 23:30:00 - [TEST_STEP][PASSED] - click: Object: 'Object Repository/Final Object Repo/Login Page/Internal User/Login Button' is clicked on

2018-11-22 23:30:00 - [MESSAGE][PASSED] - Object: 'Object Repository/Final Object Repo/Login Page/Internal User/Login Button' is clicked on

2018-11-22 23:30:00 - [TEST_STEP][PASSED] - delay: Delayed 1 second(s)

2018-11-22 23:30:01 - [MESSAGE][PASSED] - Delayed 1 second(s)

2018-11-22 23:30:01 - [TEST_STEP][PASSED] - Statement - Try: Delayed 2 second(s)

2018-11-22 23:30:01 - [TEST_STEP][PASSED] - Statement - Checker = false: null

2018-11-22 23:30:01 - [TEST_STEP][PASSED] - Statement - Checker = com.kms.katalon.core.webui.keyword.WebUiBuiltInKeywords.verifyElementHasAttribute(com.kms.katalon.core.testobject.ObjectRepository.findTestObject(Final Object Repo/Landing Page/BM Detecting), "href", 20, OPTIONAL): Object 'Object Repository/Final Object Repo/Landing Page/BM Detecting' has attribute 'href'

2018-11-22 23:30:02 - [MESSAGE][PASSED] - Object 'Object Repository/Final Object Repo/Landing Page/BM Detecting' has attribute 'href'

2018-11-22 23:30:02 - [TEST_STEP][PASSED] - Statement - out.println(Checker): null

2018-11-22 23:30:02 - [TEST_STEP][PASSED] - Statement - If (Checker == false): null

2018-11-22 23:30:02 - [TEST_STEP][PASSED] - Statement - Else: null

2018-11-22 23:30:02 - [TEST_STEP][PASSED] - delay: Delayed 2 second(s)

2018-11-22 23:30:04 - [MESSAGE][PASSED] - Delayed 2 second(s)

2018-11-22 23:30:04 - [TEST_STEP][PASSED] - navigateToUrl: Navigate to 'https://assist2-uat.perkeso.gov.my/web/registration/registration' successfully

2018-11-22 23:30:05 - [MESSAGE][PASSED] - Navigate to 'https://assist2-uat.perkeso.gov.my/web/registration/registration' successfully

2018-11-22 23:30:05 - [TEST_STEP][PASSED] - click: Object: 'Object Repository/Final Object Repo/New Registration - Registration Module Pages/Form 1/AEC - No' is clicked on

2018-11-22 23:30:06 - [MESSAGE][PASSED] - Object: 'Object Repository/Final Object Repo/New Registration - Registration Module Pages/Form 1/AEC - No' is clicked on

2018-11-22 23:30:06 - [TEST_STEP][PASSED] - click: Object: 'Object Repository/Final Object Repo/New Registration - Registration Module Pages/Form 1/Business Entity' is clicked on

2018-11-22 23:30:06 - [MESSAGE][PASSED] - Object: 'Object Repository/Final Object Repo/New Registration - Registration Module Pages/Form 1/Business Entity' is clicked on

2018-11-22 23:30:06 - [TEST_STEP][PASSED] - click: Object: 'Object Repository/Final Object Repo/New Registration - Registration Module Pages/Form 1/Businees Entity - Corporation' is clicked on

2018-11-22 23:30:06 - [MESSAGE][PASSED] - Object: 'Object Repository/Final Object Repo/New Registration - Registration Module Pages/Form 1/Businees Entity - Corporation' is clicked on

2018-11-22 23:30:06 - [TEST_STEP][PASSED] - delay: Delayed 1 second(s)

2018-11-22 23:30:07 - [MESSAGE][PASSED] - Delayed 1 second(s)

2018-11-22 23:30:07 - [TEST_STEP][PASSED] - click: Object: 'Object Repository/Final Object Repo/New Registration - Registration Module Pages/Form 1/Sub Business Entity' is clicked on

2018-11-22 23:30:07 - [MESSAGE][PASSED] - Object: 'Object Repository/Final Object Repo/New Registration - Registration Module Pages/Form 1/Sub Business Entity' is clicked on

2018-11-22 23:30:07 - [TEST_STEP][PASSED] - click: Object: 'Object Repository/Final Object Repo/New Registration - Registration Module Pages/Form 1/Sub Business Entity - Berhad' is clicked on

2018-11-22 23:30:07 - [MESSAGE][PASSED] - Object: 'Object Repository/Final Object Repo/New Registration - Registration Module Pages/Form 1/Sub Business Entity - Berhad' is clicked on

2018-11-22 23:30:07 - [TEST_STEP][PASSED] - delay: Delayed 1 second(s)

2018-11-22 23:30:08 - [MESSAGE][PASSED] - Delayed 1 second(s)

2018-11-22 23:30:08 - [TEST_STEP][PASSED] - setText: Text '123' is set on object 'Object Repository/Final Object Repo/New Registration - Registration Module Pages/Form 1/Registration Number'

2018-11-22 23:30:09 - [MESSAGE][PASSED] - Text '123' is set on object 'Object Repository/Final Object Repo/New Registration - Registration Module Pages/Form 1/Registration Number'

2018-11-22 23:30:09 - [TEST_STEP][PASSED] - click: Object: 'Object Repository/Final Object Repo/New Registration - Registration Module Pages/Form 1/Registred with SSM - Before Feb' is clicked on

2018-11-22 23:30:09 - [MESSAGE][PASSED] - Object: 'Object Repository/Final Object Repo/New Registration - Registration Module Pages/Form 1/Registred with SSM - Before Feb' is clicked on

2018-11-22 23:30:09 - [TEST_STEP][PASSED] - click: Object: 'Object Repository/Final Object Repo/New Registration - Registration Module Pages/Form 1/Registered As a Branch - Yes' is clicked on

2018-11-22 23:30:09 - [MESSAGE][PASSED] - Object: 'Object Repository/Final Object Repo/New Registration - Registration Module Pages/Form 1/Registered As a Branch - Yes' is clicked on

2018-11-22 23:30:09 - [TEST_STEP][PASSED] - click: Object: 'Object Repository/Final Object Repo/New Registration - Registration Module Pages/Form 1/Acknowledgement' is clicked on

2018-11-22 23:30:09 - [MESSAGE][PASSED] - Object: 'Object Repository/Final Object Repo/New Registration - Registration Module Pages/Form 1/Acknowledgement' is clicked on

2018-11-22 23:30:09 - [TEST_STEP][PASSED] - setText: Text 'perkeso' is set on object 'Object Repository/Final Object Repo/New Registration - Registration Module Pages/Form 1/Industry name'

2018-11-22 23:30:09 - [MESSAGE][PASSED] - Text 'perkeso' is set on object 'Object Repository/Final Object Repo/New Registration - Registration Module Pages/Form 1/Industry name'

2018-11-22 23:30:09 - [TEST_STEP][PASSED] - setText: Text 'perkeso1' is set on object 'Object Repository/Final Object Repo/New Registration - Registration Module Pages/Form 1/Postal Address1'

2018-11-22 23:30:10 - [MESSAGE][PASSED] - Text 'perkeso1' is set on object 'Object Repository/Final Object Repo/New Registration - Registration Module Pages/Form 1/Postal Address1'

2018-11-22 23:30:10 - [TEST_STEP][PASSED] - setText: Text 'perkeso2' is set on object 'Object Repository/Final Object Repo/New Registration - Registration Module Pages/Form 1/Postal Address2'

2018-11-22 23:30:10 - [MESSAGE][PASSED] - Text 'perkeso2' is set on object 'Object Repository/Final Object Repo/New Registration - Registration Module Pages/Form 1/Postal Address2'

2018-11-22 23:30:10 - [TEST_STEP][PASSED] - setText: Text 'perkeso3' is set on object 'Object Repository/Final Object Repo/New Registration - Registration Module Pages/Form 1/Postal Address3'

2018-11-22 23:30:11 - [MESSAGE][PASSED] - Text 'perkeso3' is set on object 'Object Repository/Final Object Repo/New Registration - Registration Module Pages/Form 1/Postal Address3'

2018-11-22 23:30:11 - [TEST_STEP][PASSED] - click: Object: 'Object Repository/Final Object Repo/New Registration - Registration Module Pages/Form 1/State' is clicked on

2018-11-22 23:30:11 - [MESSAGE][PASSED] - Object: 'Object Repository/Final Object Repo/New Registration - Registration Module Pages/Form 1/State' is clicked on

2018-11-22 23:30:11 - [TEST_STEP][PASSED] - click: Object: 'Object Repository/Final Object Repo/New Registration - Registration Module Pages/Form 1/State - Johor' is clicked on

2018-11-22 23:30:11 - [MESSAGE][PASSED] - Object: 'Object Repository/Final Object Repo/New Registration - Registration Module Pages/Form 1/State - Johor' is clicked on

2018-11-22 23:30:11 - [TEST_STEP][PASSED] - delay: Delayed 1 second(s)

2018-11-22 23:30:12 - [MESSAGE][PASSED] - Delayed 1 second(s)

2018-11-22 23:30:12 - [TEST_STEP][PASSED] - click: Object: 'Object Repository/Final Object Repo/New Registration - Registration Module Pages/Form 1/City' is clicked on

2018-11-22 23:30:12 - [MESSAGE][PASSED] - Object: 'Object Repository/Final Object Repo/New Registration - Registration Module Pages/Form 1/City' is clicked on

2018-11-22 23:30:12 - [TEST_STEP][PASSED] - setText: Text 'joh' is set on object 'Object Repository/Final Object Repo/New Registration - Registration Module Pages/Form 1/Postcode - 810'

2018-11-22 23:30:12 - [MESSAGE][PASSED] - Text 'joh' is set on object 'Object Repository/Final Object Repo/New Registration - Registration Module Pages/Form 1/Postcode - 810'

2018-11-22 23:30:12 - [TEST_STEP][PASSED] - delay: Delayed 1 second(s)

2018-11-22 23:30:13 - [MESSAGE][PASSED] - Delayed 1 second(s)

2018-11-22 23:30:13 - [TEST_STEP][PASSED] - click: Object: 'Object Repository/Final Object Repo/New Registration - Registration Module Pages/Form 1/City - Johor Bharu' is clicked on

2018-11-22 23:30:14 - [MESSAGE][PASSED] - Object: 'Object Repository/Final Object Repo/New Registration - Registration Module Pages/Form 1/City - Johor Bharu' is clicked on

2018-11-22 23:30:14 - [TEST_STEP][PASSED] - delay: Delayed 1 second(s)

2018-11-22 23:30:15 - [MESSAGE][PASSED] - Delayed 1 second(s)

2018-11-22 23:30:15 - [TEST_STEP][PASSED] - click: Object: 'Object Repository/Final Object Repo/New Registration - Registration Module Pages/Form 1/Postcode' is clicked on

2018-11-22 23:30:15 - [MESSAGE][PASSED] - Object: 'Object Repository/Final Object Repo/New Registration - Registration Module Pages/Form 1/Postcode' is clicked on

2018-11-22 23:30:15 - [TEST_STEP][PASSED] - delay: Delayed 1 second(s)

2018-11-22 23:30:16 - [MESSAGE][PASSED] - Delayed 1 second(s)

2018-11-22 23:30:16 - [TEST_STEP][PASSED] - setText: Text '810' is set on object 'Object Repository/Final Object Repo/New Registration - Registration Module Pages/Form 1/Postcode - 810'

2018-11-22 23:30:16 - [MESSAGE][PASSED] - Text '810' is set on object 'Object Repository/Final Object Repo/New Registration - Registration Module Pages/Form 1/Postcode - 810'

2018-11-22 23:30:16 - [TEST_STEP][PASSED] - delay: Delayed 3 second(s)

2018-11-22 23:30:19 - [MESSAGE][PASSED] - Delayed 3 second(s)

2018-11-22 23:30:19 - [TEST_STEP][PASSED] - click: Object: 'Object Repository/Final Object Repo/New Registration - Registration Module Pages/Form 1/Postcode - 81000' is clicked on

2018-11-22 23:30:19 - [MESSAGE][PASSED] - Object: 'Object Repository/Final Object Repo/New Registration - Registration Module Pages/Form 1/Postcode - 81000' is clicked on

2018-11-22 23:30:19 - [TEST_STEP][PASSED] - delay: Delayed 1 second(s)

2018-11-22 23:30:20 - [MESSAGE][PASSED] - Delayed 1 second(s)

2018-11-22 23:30:20 - [TEST_STEP][PASSED] - setText: Text '100' is set on object 'Object Repository/Final Object Repo/New Registration - Registration Module Pages/Form 1/P.O.BOX'

2018-11-22 23:30:20 - [MESSAGE][PASSED] - Text '100' is set on object 'Object Repository/Final Object Repo/New Registration - Registration Module Pages/Form 1/P.O.BOX'

2018-11-22 23:30:20 - [TEST_STEP][PASSED] - setText: Text '100' is set on object 'Object Repository/Final Object Repo/New Registration - Registration Module Pages/Form 1/Locked Bag No'

2018-11-22 23:30:21 - [MESSAGE][PASSED] - Text '100' is set on object 'Object Repository/Final Object Repo/New Registration - Registration Module Pages/Form 1/Locked Bag No'

2018-11-22 23:30:21 - [TEST_STEP][PASSED] - click: Object: 'Object Repository/Final Object Repo/New Registration - Registration Module Pages/Form 1/SOCSO Office Location' is clicked on

2018-11-22 23:30:21 - [MESSAGE][PASSED] - Object: 'Object Repository/Final Object Repo/New Registration - Registration Module Pages/Form 1/SOCSO Office Location' is clicked on

2018-11-22 23:30:21 - [TEST_STEP][PASSED] - click: Object: 'Object Repository/Final Object Repo/New Registration - Registration Module Pages/Form 1/SOCSO Office Location - Pejabat PERKESO Negeri Johor' is clicked on

2018-11-22 23:30:21 - [MESSAGE][PASSED] - Object: 'Object Repository/Final Object Repo/New Registration - Registration Module Pages/Form 1/SOCSO Office Location - Pejabat PERKESO Negeri Johor' is clicked on

2018-11-22 23:30:21 - [TEST_STEP][PASSED] - delay: Delayed 1 second(s)

2018-11-22 23:30:22 - [MESSAGE][PASSED] - Delayed 1 second(s)

2018-11-22 23:30:22 - [TEST_STEP][PASSED] - check: Object 'Object Repository/Final Object Repo/New Registration - Registration Module Pages/Form 1/Indusrty Address Same As Postal Address' is checked

2018-11-22 23:30:22 - [MESSAGE][PASSED] - Object 'Object Repository/Final Object Repo/New Registration - Registration Module Pages/Form 1/Indusrty Address Same As Postal Address' is checked

2018-11-22 23:30:22 - [TEST_STEP][PASSED] - delay: Delayed 3 second(s)

2018-11-22 23:30:25 - [MESSAGE][PASSED] - Delayed 3 second(s)

2018-11-22 23:30:25 - [TEST_STEP][PASSED] - click: Object: 'Object Repository/Final Object Repo/New Registration - Registration Module Pages/Form 1/Indusry Address Same As Postal Address False' is clicked on

2018-11-22 23:30:25 - [MESSAGE][PASSED] - Object: 'Object Repository/Final Object Repo/New Registration - Registration Module Pages/Form 1/Indusry Address Same As Postal Address False' is clicked on

2018-11-22 23:30:25 - [TEST_STEP][PASSED] - delay: Delayed 1 second(s)

2018-11-22 23:30:26 - [MESSAGE][PASSED] - Delayed 1 second(s)

2018-11-22 23:30:26 - [TEST_STEP][PASSED] - setText: Text 'perkeso1' is set on object 'Object Repository/Final Object Repo/New Registration - Registration Module Pages/Form 1/Industry Address1'

2018-11-22 23:30:27 - [MESSAGE][PASSED] - Text 'perkeso1' is set on object 'Object Repository/Final Object Repo/New Registration - Registration Module Pages/Form 1/Industry Address1'

2018-11-22 23:30:27 - [TEST_STEP][PASSED] - setText: Text 'perkeso2' is set on object 'Object Repository/Final Object Repo/New Registration - Registration Module Pages/Form 1/Industry Address2'

2018-11-22 23:30:27 - [MESSAGE][PASSED] - Text 'perkeso2' is set on object 'Object Repository/Final Object Repo/New Registration - Registration Module Pages/Form 1/Industry Address2'

2018-11-22 23:30:27 - [TEST_STEP][PASSED] - setText: Text 'perkeso3' is set on object 'Object Repository/Final Object Repo/New Registration - Registration Module Pages/Form 1/Industry Address3'

2018-11-22 23:30:27 - [MESSAGE][PASSED] - Text 'perkeso3' is set on object 'Object Repository/Final Object Repo/New Registration - Registration Module Pages/Form 1/Industry Address3'

2018-11-22 23:30:27 - [TEST_STEP][PASSED] - click: Object: 'Object Repository/Final Object Repo/New Registration - Registration Module Pages/Form 1/Industry State' is clicked on

2018-11-22 23:30:28 - [MESSAGE][PASSED] - Object: 'Object Repository/Final Object Repo/New Registration - Registration Module Pages/Form 1/Industry State' is clicked on

2018-11-22 23:30:28 - [TEST_STEP][PASSED] - delay: Delayed 2 second(s)

2018-11-22 23:30:30 - [MESSAGE][PASSED] - Delayed 2 second(s)

2018-11-22 23:30:30 - [TEST_STEP][PASSED] - click: Object: 'Object Repository/Final Object Repo/New Registration - Registration Module Pages/Form 1/Industry State - Johor' is clicked on

2018-11-22 23:30:30 - [MESSAGE][PASSED] - Object: 'Object Repository/Final Object Repo/New Registration - Registration Module Pages/Form 1/Industry State - Johor' is clicked on

2018-11-22 23:30:30 - [TEST_STEP][PASSED] - delay: Delayed 2 second(s)

2018-11-22 23:30:32 - [MESSAGE][PASSED] - Delayed 2 second(s)

2018-11-22 23:30:32 - [TEST_STEP][PASSED] - click: Object: 'Object Repository/Final Object Repo/New Registration - Registration Module Pages/Form 1/Industry Ciry' is clicked on

2018-11-22 23:30:32 - [MESSAGE][PASSED] - Object: 'Object Repository/Final Object Repo/New Registration - Registration Module Pages/Form 1/Industry Ciry' is clicked on

2018-11-22 23:30:32 - [TEST_STEP][PASSED] - setText: Text 'joh' is set on object 'Object Repository/Final Object Repo/New Registration - Registration Module Pages/Form 1/Industry Ciry - joh'

2018-11-22 23:30:32 - [MESSAGE][PASSED] - Text 'joh' is set on object 'Object Repository/Final Object Repo/New Registration - Registration Module Pages/Form 1/Industry Ciry - joh'

2018-11-22 23:30:32 - [TEST_STEP][PASSED] - delay: Delayed 2 second(s)

2018-11-22 23:30:34 - [MESSAGE][PASSED] - Delayed 2 second(s)

2018-11-22 23:30:34 - [TEST_STEP][PASSED] - click: Object: 'Object Repository/Final Object Repo/New Registration - Registration Module Pages/Form 1/Industy State - Johor Bharu' is clicked on

2018-11-22 23:30:34 - [MESSAGE][PASSED] - Object: 'Object Repository/Final Object Repo/New Registration - Registration Module Pages/Form 1/Industy State - Johor Bharu' is clicked on

2018-11-22 23:30:34 - [TEST_STEP][PASSED] - delay: Delayed 1 second(s)

2018-11-22 23:30:35 - [MESSAGE][PASSED] - Delayed 1 second(s)

2018-11-22 23:30:35 - [TEST_STEP][PASSED] - click: Object: 'Object Repository/Final Object Repo/New Registration - Registration Module Pages/Form 1/Indusry PostCode' is clicked on

2018-11-22 23:30:36 - [MESSAGE][PASSED] - Object: 'Object Repository/Final Object Repo/New Registration - Registration Module Pages/Form 1/Indusry PostCode' is clicked on

2018-11-22 23:30:36 - [TEST_STEP][PASSED] - delay: Delayed 1 second(s)

2018-11-22 23:30:37 - [MESSAGE][PASSED] - Delayed 1 second(s)

2018-11-22 23:30:37 - [TEST_STEP][PASSED] - setText: Text '810' is set on object 'Object Repository/Final Object Repo/New Registration - Registration Module Pages/Form 1/Insutry Post Code - 810'

2018-11-22 23:30:37 - [MESSAGE][PASSED] - Text '810' is set on object 'Object Repository/Final Object Repo/New Registration - Registration Module Pages/Form 1/Insutry Post Code - 810'

2018-11-22 23:30:37 - [TEST_STEP][PASSED] - delay: Delayed 1 second(s)

2018-11-22 23:30:38 - [MESSAGE][PASSED] - Delayed 1 second(s)

2018-11-22 23:30:38 - [TEST_STEP][PASSED] - click: Object: 'Object Repository/Final Object Repo/New Registration - Registration Module Pages/Form 1/Insutry Post Code - 81000' is clicked on

2018-11-22 23:30:38 - [MESSAGE][PASSED] - Object: 'Object Repository/Final Object Repo/New Registration - Registration Module Pages/Form 1/Insutry Post Code - 81000' is clicked on

2018-11-22 23:30:38 - [TEST_STEP][PASSED] - delay: Delayed 1 second(s)

2018-11-22 23:30:39 - [MESSAGE][PASSED] - Delayed 1 second(s)

2018-11-22 23:30:39 - [TEST_STEP][PASSED] - setText: Text '100' is set on object 'Object Repository/Final Object Repo/New Registration - Registration Module Pages/Form 1/Industry P.O.BOX'

2018-11-22 23:30:39 - [MESSAGE][PASSED] - Text '100' is set on object 'Object Repository/Final Object Repo/New Registration - Registration Module Pages/Form 1/Industry P.O.BOX'

2018-11-22 23:30:39 - [TEST_STEP][PASSED] - setText: Text '100' is set on object 'Object Repository/Final Object Repo/New Registration - Registration Module Pages/Form 1/Industry Locked Bag No'

2018-11-22 23:30:40 - [MESSAGE][PASSED] - Text '100' is set on object 'Object Repository/Final Object Repo/New Registration - Registration Module Pages/Form 1/Industry Locked Bag No'

2018-11-22 23:30:40 - [TEST_STEP][PASSED] - setText: Text '123456789' is set on object 'Object Repository/Final Object Repo/New Registration - Registration Module Pages/Form 1/Telephone No'

2018-11-22 23:30:40 - [MESSAGE][PASSED] - Text '123456789' is set on object 'Object Repository/Final Object Repo/New Registration - Registration Module Pages/Form 1/Telephone No'

2018-11-22 23:30:40 - [TEST_STEP][PASSED] - setText: Text '123456789' is set on object 'Object Repository/Final Object Repo/New Registration - Registration Module Pages/Form 1/Mobile No'

2018-11-22 23:30:40 - [MESSAGE][PASSED] - Text '123456789' is set on object 'Object Repository/Final Object Repo/New Registration - Registration Module Pages/Form 1/Mobile No'

2018-11-22 23:30:40 - [TEST_STEP][PASSED] - setText: Text '123456789' is set on object 'Object Repository/Final Object Repo/New Registration - Registration Module Pages/Form 1/Fax No'

2018-11-22 23:30:41 - [MESSAGE][PASSED] - Text '123456789' is set on object 'Object Repository/Final Object Repo/New Registration - Registration Module Pages/Form 1/Fax No'

2018-11-22 23:30:41 - [TEST_STEP][PASSED] - click: Object: 'Object Repository/Final Object Repo/New Registration - Registration Module Pages/Form 1/Industry Code' is clicked on

2018-11-22 23:30:41 - [MESSAGE][PASSED] - Object: 'Object Repository/Final Object Repo/New Registration - Registration Module Pages/Form 1/Industry Code' is clicked on

2018-11-22 23:30:41 - [TEST_STEP][PASSED] - click: Object: 'Object Repository/Final Object Repo/New Registration - Registration Module Pages/Form 1/Indudustry Code - Crops and Animal' is clicked on

2018-11-22 23:30:41 - [MESSAGE][PASSED] - Object: 'Object Repository/Final Object Repo/New Registration - Registration Module Pages/Form 1/Indudustry Code - Crops and Animal' is clicked on

2018-11-22 23:30:41 - [TEST_STEP][PASSED] - delay: Delayed 1 second(s)

2018-11-22 23:30:42 - [MESSAGE][PASSED] - Delayed 1 second(s)

2018-11-22 23:30:42 - [TEST_STEP][PASSED] - click: Object: 'Object Repository/Final Object Repo/New Registration - Registration Module Pages/Form 1/Sub Industry Code List' is clicked on

2018-11-22 23:30:42 - [MESSAGE][PASSED] - Object: 'Object Repository/Final Object Repo/New Registration - Registration Module Pages/Form 1/Sub Industry Code List' is clicked on

2018-11-22 23:30:42 - [TEST_STEP][PASSED] - click: Object: 'Object Repository/Final Object Repo/New Registration - Registration Module Pages/Form 1/Sub Industry Code List - Growing of Maize' is clicked on

2018-11-22 23:30:43 - [MESSAGE][PASSED] - Object: 'Object Repository/Final Object Repo/New Registration - Registration Module Pages/Form 1/Sub Industry Code List - Growing of Maize' is clicked on

2018-11-22 23:30:43 - [TEST_STEP][PASSED] - setText: Text 'perkeso123@gmail.com' is set on object 'Object Repository/Final Object Repo/New Registration - Registration Module Pages/Form 1/Email'

2018-11-22 23:30:43 - [MESSAGE][PASSED] - Text 'perkeso123@gmail.com' is set on object 'Object Repository/Final Object Repo/New Registration - Registration Module Pages/Form 1/Email'

2018-11-22 23:30:43 - [TEST_STEP][PASSED] - click: Object: 'Object Repository/Final Object Repo/New Registration - Registration Module Pages/Form 1/Method of Contribution Payment' is clicked on

2018-11-22 23:30:43 - [MESSAGE][PASSED] - Object: 'Object Repository/Final Object Repo/New Registration - Registration Module Pages/Form 1/Method of Contribution Payment' is clicked on

2018-11-22 23:30:43 - [TEST_STEP][PASSED] - click: Object: 'Object Repository/Final Object Repo/New Registration - Registration Module Pages/Form 1/Method of Contribution Payment - Portal' is clicked on

2018-11-22 23:30:44 - [MESSAGE][PASSED] - Object: 'Object Repository/Final Object Repo/New Registration - Registration Module Pages/Form 1/Method of Contribution Payment - Portal' is clicked on

2018-11-22 23:30:44 - [TEST_STEP][PASSED] - click: Object: 'Object Repository/Final Object Repo/New Registration - Registration Module Pages/Form 1/Servide Type' is clicked on

2018-11-22 23:30:44 - [MESSAGE][PASSED] - Object: 'Object Repository/Final Object Repo/New Registration - Registration Module Pages/Form 1/Servide Type' is clicked on

2018-11-22 23:30:44 - [TEST_STEP][PASSED] - click: Object: 'Object Repository/Final Object Repo/New Registration - Registration Module Pages/Form 1/Servide Type - Professional Bodies' is clicked on

2018-11-22 23:30:44 - [MESSAGE][PASSED] - Object: 'Object Repository/Final Object Repo/New Registration - Registration Module Pages/Form 1/Servide Type - Professional Bodies' is clicked on

2018-11-22 23:30:44 - [TEST_STEP][PASSED] - click: Object: 'Object Repository/Final Object Repo/New Registration - Registration Module Pages/Form 1/Industry Venue' is clicked on

2018-11-22 23:30:44 - [MESSAGE][PASSED] - Object: 'Object Repository/Final Object Repo/New Registration - Registration Module Pages/Form 1/Industry Venue' is clicked on

2018-11-22 23:30:44 - [TEST_STEP][PASSED] - click: Object: 'Object Repository/Final Object Repo/New Registration - Registration Module Pages/Form 1/Industry Venue -  PPN JOHOR' is clicked on

2018-11-22 23:30:44 - [MESSAGE][PASSED] - Object: 'Object Repository/Final Object Repo/New Registration - Registration Module Pages/Form 1/Industry Venue -  PPN JOHOR' is clicked on

2018-11-22 23:30:44 - [TEST_STEP][PASSED] - click: Object: 'Object Repository/Final Object Repo/New Registration - Registration Module Pages/Form 1/Save  Continue' is clicked on

2018-11-22 23:30:45 - [MESSAGE][PASSED] - Object: 'Object Repository/Final Object Repo/New Registration - Registration Module Pages/Form 1/Save  Continue' is clicked on

2018-11-22 23:30:45 - [MESSAGE][PASSED] - Call Test Case 'Test Cases/Final Aug 2018 - PKS Automation/Registration Module/New Registration/Form 1/Form 1 - Corporation - BHD' successfully

2018-11-22 23:30:45 - [TEST_STEP][PASSED] - callTestCase: Call Test Case 'Test Cases/Final Aug 2018 - PKS Automation/Registration Module/New Registration/Form 2/Add 1 Eligible' successfully

2018-11-22 23:30:45 - [TEST_CASE][PASSED] - Test Cases/Final Aug 2018 - PKS Automation/Registration Module/New Registration/Form 2/Add 1 Eligible: Test Cases/Final Aug 2018 - PKS Automation/Registration Module/New Registration/Form 2/Add 1 Eligible

2018-11-22 23:30:45 - [TEST_STEP][PASSED] - delay: Delayed 2 second(s)

2018-11-22 23:30:47 - [MESSAGE][PASSED] - Delayed 2 second(s)

2018-11-22 23:30:47 - [TEST_STEP][PASSED] - callTestCase: Call Test Case 'Test Cases/Final Aug 2018 - PKS Automation/Registration Module/New Registration/Form 2/Date Updater' successfully

2018-11-22 23:30:47 - [TEST_CASE][PASSED] - Test Cases/Final Aug 2018 - PKS Automation/Registration Module/New Registration/Form 2/Date Updater: Test Cases/Final Aug 2018 - PKS Automation/Registration Module/New Registration/Form 2/Date Updater

2018-11-22 23:30:47 - [TEST_STEP][PASSED] - Statement - TodayDate = new java.util.Date(): null

2018-11-22 23:30:47 - [TEST_STEP][PASSED] - Statement - CurrentDateNoFilter = new java.text.SimpleDateFormat(): null

2018-11-22 23:30:47 - [TEST_STEP][PASSED] - Statement - CurrentDateNoFilter.applyPattern("dd"): null

2018-11-22 23:30:47 - [TEST_STEP][PASSED] - Statement - CurrentDate = CurrentDateNoFilter.format(TodayDate): null

2018-11-22 23:30:47 - [TEST_STEP][PASSED] - Statement - CurrentDate = java.lang.Integer.parseInt(CurrentDate): null

2018-11-22 23:30:47 - [TEST_STEP][PASSED] - Statement - CurrentDate = CurrentDate: null

2018-11-22 23:30:47 - [TEST_STEP][PASSED] - Statement - CurrentDay = java.lang.Integer.parseInt(CurrentDate): null

2018-11-22 23:30:47 - [TEST_STEP][PASSED] - Statement - aDayBefore = CurrentDay + 1: null

2018-11-22 23:30:47 - [TEST_STEP][PASSED] - Statement - DayBefore = aDayBefore.toString(): null

2018-11-22 23:30:47 - [TEST_STEP][PASSED] - Statement - OneDayBefore = DayBefore: null

2018-11-22 23:30:47 - [TEST_STEP][PASSED] - Statement - CurrentDateNoFilter.applyPattern("MM"): null

2018-11-22 23:30:47 - [TEST_STEP][PASSED] - Statement - monthContainerMatcher = java.lang.Integer.parseInt(CurrentDateNoFilter.format(TodayDate)): null

2018-11-22 23:30:47 - [TEST_STEP][PASSED] - Statement - monthContainerMatcher = monthContainerMatcher - 1: null

2018-11-22 23:30:47 - [TEST_STEP][PASSED] - Statement - CurrentMonth = monthContainerMatcher.toString(): null

2018-11-22 23:30:47 - [TEST_STEP][PASSED] - Statement - CurrentMonth = CurrentMonth: null

2018-11-22 23:30:47 - [TEST_STEP][PASSED] - Statement - CurrentDateNoFilter.applyPattern("yyyy"): null

2018-11-22 23:30:47 - [TEST_STEP][PASSED] - Statement - CurrentYear = CurrentDateNoFilter.format(TodayDate): null

2018-11-22 23:30:47 - [TEST_STEP][PASSED] - Statement - CurrentYear = CurrentYear: null

2018-11-22 23:30:47 - [TEST_STEP][PASSED] - Statement - intCurrentYear = java.lang.Integer.parseInt(CurrentDateNoFilter.format(TodayDate)): null

2018-11-22 23:30:47 - [TEST_STEP][PASSED] - Statement - eighteenYrsAgo = intCurrentYear - 18: null

2018-11-22 23:30:47 - [TEST_STEP][PASSED] - Statement - eighteenYrsBeforeThisYr = eighteenYrsAgo.toString(): null

2018-11-22 23:30:47 - [TEST_STEP][PASSED] - Statement - EighteenYrsBefore = eighteenYrsBeforeThisYr: null

2018-11-22 23:30:47 - [TEST_STEP][PASSED] - Statement - fiftysevenYrsAgo = intCurrentYear - 57: null

2018-11-22 23:30:47 - [TEST_STEP][PASSED] - Statement - fiftysevenYrsBeforeThisYr = fiftysevenYrsAgo.toString(): null

2018-11-22 23:30:47 - [TEST_STEP][PASSED] - Statement - FiftysevenYrsBefore = fiftysevenYrsBeforeThisYr: null

2018-11-22 23:30:47 - [MESSAGE][PASSED] - Call Test Case 'Test Cases/Final Aug 2018 - PKS Automation/Registration Module/New Registration/Form 2/Date Updater' successfully

2018-11-22 23:30:47 - [TEST_STEP][PASSED] - delay: Delayed 1 second(s)

2018-11-22 23:30:48 - [MESSAGE][PASSED] - Delayed 1 second(s)

2018-11-22 23:30:48 - [TEST_STEP][PASSED] - Statement - CaseReferenceNo = com.kms.katalon.core.webui.keyword.WebUiBuiltInKeywords.getText(com.kms.katalon.core.testobject.ObjectRepository.findTestObject(Final Object Repo/New Registration - Registration Module Pages/Form 2/RefNo Acquiring)): Text of object 'Object Repository/Final Object Repo/New Registration - Registration Module Pages/Form 2/RefNo Acquiring' is: 'CRN11201800122710'

2018-11-22 23:30:48 - [MESSAGE][PASSED] - Text of object 'Object Repository/Final Object Repo/New Registration - Registration Module Pages/Form 2/RefNo Acquiring' is: 'CRN11201800122710'

2018-11-22 23:30:48 - [TEST_STEP][PASSED] - delay: Delayed 1 second(s)

2018-11-22 23:30:49 - [MESSAGE][PASSED] - Delayed 1 second(s)

2018-11-22 23:30:49 - [TEST_STEP][PASSED] - click: Object: 'Object Repository/Final Object Repo/New Registration - Registration Module Pages/Form 2/Add Employee Button' is clicked on

2018-11-22 23:30:49 - [MESSAGE][PASSED] - Object: 'Object Repository/Final Object Repo/New Registration - Registration Module Pages/Form 2/Add Employee Button' is clicked on

2018-11-22 23:30:49 - [TEST_STEP][PASSED] - delay: Delayed 1 second(s)

2018-11-22 23:30:50 - [MESSAGE][PASSED] - Delayed 1 second(s)

2018-11-22 23:30:50 - [TEST_STEP][PASSED] - setText: Text '010903091963' is set on object 'Object Repository/Final Object Repo/New Registration - Registration Module Pages/Form 2/NRIC Input'

2018-11-22 23:30:50 - [MESSAGE][PASSED] - Text '010903091963' is set on object 'Object Repository/Final Object Repo/New Registration - Registration Module Pages/Form 2/NRIC Input'

2018-11-22 23:30:50 - [TEST_STEP][PASSED] - click: Object: 'Object Repository/Final Object Repo/New Registration - Registration Module Pages/Form 2/button for search for IC' is clicked on

2018-11-22 23:30:50 - [MESSAGE][PASSED] - Object: 'Object Repository/Final Object Repo/New Registration - Registration Module Pages/Form 2/button for search for IC' is clicked on

2018-11-22 23:30:50 - [TEST_STEP][PASSED] - delay: Delayed 2 second(s)

2018-11-22 23:30:52 - [MESSAGE][PASSED] - Delayed 2 second(s)

2018-11-22 23:30:52 - [TEST_STEP][PASSED] - setText: Text 'Automate001 eligible 1' is set on object 'Object Repository/Final Object Repo/New Registration - Registration Module Pages/Form 2/Employee Name Input'

2018-11-22 23:30:53 - [MESSAGE][PASSED] - Text 'Automate001 eligible 1' is set on object 'Object Repository/Final Object Repo/New Registration - Registration Module Pages/Form 2/Employee Name Input'

2018-11-22 23:30:53 - [TEST_STEP][PASSED] - delay: Delayed 2 second(s)

2018-11-22 23:30:55 - [MESSAGE][PASSED] - Delayed 2 second(s)

2018-11-22 23:30:55 - [TEST_STEP][PASSED] - click: Object: 'Object Repository/Final Object Repo/New Registration - Registration Module Pages/Form 2/DatePicker Pop Up' is clicked on

2018-11-22 23:30:55 - [MESSAGE][PASSED] - Object: 'Object Repository/Final Object Repo/New Registration - Registration Module Pages/Form 2/DatePicker Pop Up' is clicked on

2018-11-22 23:30:55 - [TEST_STEP][PASSED] - click: Object: 'Object Repository/Final Object Repo/New Registration - Registration Module Pages/Form 2/DOB Month' is clicked on

2018-11-22 23:30:55 - [MESSAGE][PASSED] - Object: 'Object Repository/Final Object Repo/New Registration - Registration Module Pages/Form 2/DOB Month' is clicked on

2018-11-22 23:30:55 - [TEST_STEP][PASSED] - Statement - CurrentMonth = CurrentMonth: null

2018-11-22 23:30:55 - [TEST_STEP][PASSED] - Statement - selectMonth = new com.kms.katalon.core.testobject.TestObject(): null

2018-11-22 23:30:55 - [TEST_STEP][PASSED] - Statement - selectMonth.addProperty("xpath", EQUALS, "//body/div/div/div/select/option[@value='" + CurrentMonth + "']", true): null

2018-11-22 23:30:55 - [TEST_STEP][PASSED] - click: Object: '' is clicked on

2018-11-22 23:30:56 - [MESSAGE][PASSED] - Object: '' is clicked on

2018-11-22 23:30:56 - [TEST_STEP][PASSED] - click: Object: 'Object Repository/Final Object Repo/New Registration - Registration Module Pages/Form 2/DOB Year' is clicked on

2018-11-22 23:30:56 - [MESSAGE][PASSED] - Object: 'Object Repository/Final Object Repo/New Registration - Registration Module Pages/Form 2/DOB Year' is clicked on

2018-11-22 23:30:56 - [TEST_STEP][PASSED] - Statement - Eyearsbf = EighteenYrsBefore: null

2018-11-22 23:30:56 - [TEST_STEP][PASSED] - Statement - selectYear = new com.kms.katalon.core.testobject.TestObject(): null

2018-11-22 23:30:56 - [TEST_STEP][PASSED] - Statement - selectYear.addProperty("xpath", EQUALS, "//div/div/div/select/option[@value='" + Eyearsbf + "']", true): null

2018-11-22 23:30:56 - [TEST_STEP][PASSED] - click: Object: '' is clicked on

2018-11-22 23:30:56 - [MESSAGE][PASSED] - Object: '' is clicked on

2018-11-22 23:30:56 - [TEST_STEP][PASSED] - Statement - UpdatedSelectDate = com.kms.katalon.core.webui.keyword.WebUiBuiltInKeywords.modifyObjectProperty(com.kms.katalon.core.testobject.ObjectRepository.findTestObject(Final Object Repo/New Registration - Registration Module Pages/Form 2/DOB Date), "xpath", "equals", "//body/div/table/tbody/tr/td/a[text()="" + CurrentDate + ""]", true): Modify property of object successfully

2018-11-22 23:30:56 - [MESSAGE][PASSED] - Modify property of object successfully

2018-11-22 23:30:56 - [TEST_STEP][PASSED] - delay: Delayed 3 second(s)

2018-11-22 23:30:59 - [MESSAGE][PASSED] - Delayed 3 second(s)

2018-11-22 23:30:59 - [TEST_STEP][PASSED] - click: Object: 'Object Repository/Final Object Repo/New Registration - Registration Module Pages/Form 2/DOB Date' is clicked on

2018-11-22 23:30:59 - [MESSAGE][PASSED] - Object: 'Object Repository/Final Object Repo/New Registration - Registration Module Pages/Form 2/DOB Date' is clicked on

2018-11-22 23:30:59 - [TEST_STEP][PASSED] - delay: Delayed 2 second(s)

2018-11-22 23:31:01 - [MESSAGE][PASSED] - Delayed 2 second(s)

2018-11-22 23:31:01 - [TEST_STEP][PASSED] - click: Object: 'Object Repository/Final Object Repo/New Registration - Registration Module Pages/Form 2/EmploymentStartDate Pop Up' is clicked on

2018-11-22 23:31:01 - [MESSAGE][PASSED] - Object: 'Object Repository/Final Object Repo/New Registration - Registration Module Pages/Form 2/EmploymentStartDate Pop Up' is clicked on

2018-11-22 23:31:01 - [TEST_STEP][PASSED] - delay: Delayed 2 second(s)

2018-11-22 23:31:03 - [MESSAGE][PASSED] - Delayed 2 second(s)

2018-11-22 23:31:03 - [TEST_STEP][PASSED] - click: Object: 'Object Repository/Final Object Repo/New Registration - Registration Module Pages/Form 2/Socso Employment StartDate Month' is clicked on

2018-11-22 23:31:03 - [MESSAGE][PASSED] - Object: 'Object Repository/Final Object Repo/New Registration - Registration Module Pages/Form 2/Socso Employment StartDate Month' is clicked on

2018-11-22 23:31:03 - [TEST_STEP][PASSED] - delay: Delayed 1 second(s)

2018-11-22 23:31:04 - [MESSAGE][PASSED] - Delayed 1 second(s)

2018-11-22 23:31:04 - [TEST_STEP][PASSED] - click: Object: 'Object Repository/Final Object Repo/New Registration - Registration Module Pages/Form 2/Select Socso Employement Startdate Month' is clicked on

2018-11-22 23:31:04 - [MESSAGE][PASSED] - Object: 'Object Repository/Final Object Repo/New Registration - Registration Module Pages/Form 2/Select Socso Employement Startdate Month' is clicked on

2018-11-22 23:31:04 - [TEST_STEP][PASSED] - delay: Delayed 2 second(s)

2018-11-22 23:31:06 - [MESSAGE][PASSED] - Delayed 2 second(s)

2018-11-22 23:31:06 - [TEST_STEP][PASSED] - click: Object: 'Object Repository/Final Object Repo/New Registration - Registration Module Pages/Form 2/Socso Employment StartDate Year' is clicked on

2018-11-22 23:31:07 - [MESSAGE][PASSED] - Object: 'Object Repository/Final Object Repo/New Registration - Registration Module Pages/Form 2/Socso Employment StartDate Year' is clicked on

2018-11-22 23:31:07 - [TEST_STEP][PASSED] - delay: Delayed 1 second(s)

2018-11-22 23:31:08 - [MESSAGE][PASSED] - Delayed 1 second(s)

2018-11-22 23:31:08 - [TEST_STEP][PASSED] - click: Object: 'Object Repository/Final Object Repo/New Registration - Registration Module Pages/Form 2/Select Socso Employment Startdate Year' is clicked on

2018-11-22 23:31:08 - [MESSAGE][PASSED] - Object: 'Object Repository/Final Object Repo/New Registration - Registration Module Pages/Form 2/Select Socso Employment Startdate Year' is clicked on

2018-11-22 23:31:08 - [TEST_STEP][PASSED] - delay: Delayed 2 second(s)

2018-11-22 23:31:10 - [MESSAGE][PASSED] - Delayed 2 second(s)

2018-11-22 23:31:10 - [TEST_STEP][PASSED] - click: Object: 'Object Repository/Final Object Repo/New Registration - Registration Module Pages/Form 2/Socso Employment Start Date Day' is clicked on

2018-11-22 23:31:10 - [MESSAGE][PASSED] - Object: 'Object Repository/Final Object Repo/New Registration - Registration Module Pages/Form 2/Socso Employment Start Date Day' is clicked on

2018-11-22 23:31:10 - [TEST_STEP][PASSED] - delay: Delayed 2 second(s)

2018-11-22 23:31:12 - [MESSAGE][PASSED] - Delayed 2 second(s)

2018-11-22 23:31:12 - [TEST_STEP][PASSED] - click: Object: 'Object Repository/Final Object Repo/New Registration - Registration Module Pages/Form 2/Save Button for Add Employee' is clicked on

2018-11-22 23:31:12 - [MESSAGE][PASSED] - Object: 'Object Repository/Final Object Repo/New Registration - Registration Module Pages/Form 2/Save Button for Add Employee' is clicked on

2018-11-22 23:31:12 - [TEST_STEP][PASSED] - delay: Delayed 6 second(s)

2018-11-22 23:31:18 - [MESSAGE][PASSED] - Delayed 6 second(s)

2018-11-22 23:31:18 - [TEST_STEP][PASSED] - click: Object: 'Object Repository/Final Object Repo/New Registration - Registration Module Pages/Form 2/Save and Continue Form 2' is clicked on

2018-11-22 23:31:18 - [MESSAGE][PASSED] - Object: 'Object Repository/Final Object Repo/New Registration - Registration Module Pages/Form 2/Save and Continue Form 2' is clicked on

2018-11-22 23:31:18 - [MESSAGE][PASSED] - Call Test Case 'Test Cases/Final Aug 2018 - PKS Automation/Registration Module/New Registration/Form 2/Add 1 Eligible' successfully

2018-11-22 23:31:18 - [TEST_STEP][PASSED] - callTestCase: Call Test Case 'Test Cases/Final Aug 2018 - PKS Automation/Registration Module/New Registration/Flow of New Registration/Third Screen - Upload Supporting Doc - Preview' successfully

2018-11-22 23:31:18 - [TEST_CASE][PASSED] - Test Cases/Final Aug 2018 - PKS Automation/Registration Module/New Registration/Flow of New Registration/Third Screen - Upload Supporting Doc - Preview: Test Cases/Final Aug 2018 - PKS Automation/Registration Module/New Registration/Flow of New Registration/Third Screen - Upload Supporting Doc - Preview

2018-11-22 23:31:18 - [TEST_STEP][PASSED] - waitForPageLoad: Wait for page load successfully

2018-11-22 23:31:19 - [MESSAGE][PASSED] - Wait for page load successfully

2018-11-22 23:31:19 - [TEST_STEP][PASSED] - Statement - CaseReferenceNo = com.kms.katalon.core.webui.keyword.WebUiBuiltInKeywords.getText(com.kms.katalon.core.testobject.ObjectRepository.findTestObject(Final Object Repo/New Registration - Registration Module Pages/Third Screen - Upload Supporting Doc- Preview/RefNo Acquiring)): Text of object 'Object Repository/Final Object Repo/New Registration - Registration Module Pages/Third Screen - Upload Supporting Doc- Preview/RefNo Acquiring' is: 'CRN11201800122710'

2018-11-22 23:31:19 - [MESSAGE][PASSED] - Text of object 'Object Repository/Final Object Repo/New Registration - Registration Module Pages/Third Screen - Upload Supporting Doc- Preview/RefNo Acquiring' is: 'CRN11201800122710'

2018-11-22 23:31:19 - [TEST_STEP][PASSED] - delay: Delayed 2 second(s)

2018-11-22 23:31:21 - [MESSAGE][PASSED] - Delayed 2 second(s)

2018-11-22 23:31:21 - [TEST_STEP][PASSED] - callTestCase: Call Test Case 'Test Cases/Final Aug 2018 - PKS Automation/Common/Reference Number Setter' successfully

2018-11-22 23:31:21 - [TEST_CASE][PASSED] - Test Cases/Final Aug 2018 - PKS Automation/Common/Reference Number Setter: Test Cases/Final Aug 2018 - PKS Automation/Common/Reference Number Setter

2018-11-22 23:31:21 - [TEST_STEP][PASSED] - Statement - RefNoOldFile = new java.io.File(C://Users//Admin//Desktop//PKS//Automation Reference Point//KatalonReference.txt): null

2018-11-22 23:31:21 - [TEST_STEP][PASSED] - Statement - RefNoOldFile.delete(): null

2018-11-22 23:31:21 - [TEST_STEP][PASSED] - delay: Delayed 5 second(s)

2018-11-22 23:31:26 - [MESSAGE][PASSED] - Delayed 5 second(s)

2018-11-22 23:31:26 - [TEST_STEP][PASSED] - Statement - RefNo = new java.io.File(C://Users//Admin//Desktop//PKS//Automation Reference Point//KatalonReference.txt): null

2018-11-22 23:31:26 - [TEST_STEP][PASSED] - Statement - f2 = new java.io.FileWriter(RefNo, false): null

2018-11-22 23:31:26 - [TEST_STEP][PASSED] - Statement - f2.write(CaseReferenceNo): null

2018-11-22 23:31:26 - [TEST_STEP][PASSED] - Statement - f2.close(): null

2018-11-22 23:31:26 - [TEST_STEP][PASSED] - Statement - out.println("


" + CaseReferenceNo + "


"): null

2018-11-22 23:31:26 - [MESSAGE][PASSED] - Call Test Case 'Test Cases/Final Aug 2018 - PKS Automation/Common/Reference Number Setter' successfully

2018-11-22 23:31:26 - [TEST_STEP][PASSED] - waitForElementClickable: Object 'Object Repository/Final Object Repo/New Registration - Registration Module Pages/Third Screen - Upload Supporting Doc- Preview/Save n Continue in SIP Employee Listing Page' is clickable

2018-11-22 23:31:26 - [MESSAGE][PASSED] - Object 'Object Repository/Final Object Repo/New Registration - Registration Module Pages/Third Screen - Upload Supporting Doc- Preview/Save n Continue in SIP Employee Listing Page' is clickable

2018-11-22 23:31:26 - [TEST_STEP][PASSED] - click: Object: 'Object Repository/Final Object Repo/New Registration - Registration Module Pages/Third Screen - Upload Supporting Doc- Preview/Save n Continue in SIP Employee Listing Page' is clicked on

2018-11-22 23:31:32 - [MESSAGE][PASSED] - Object: 'Object Repository/Final Object Repo/New Registration - Registration Module Pages/Third Screen - Upload Supporting Doc- Preview/Save n Continue in SIP Employee Listing Page' is clicked on

2018-11-22 23:31:32 - [TEST_STEP][PASSED] - delay: Delayed 7 second(s)

2018-11-22 23:31:39 - [MESSAGE][PASSED] - Delayed 7 second(s)

2018-11-22 23:31:39 - [TEST_STEP][PASSED] - click: Object: 'Object Repository/Final Object Repo/New Registration - Registration Module Pages/Third Screen - Upload Supporting Doc- Preview/Add Document Button' is clicked on

2018-11-22 23:31:39 - [MESSAGE][PASSED] - Object: 'Object Repository/Final Object Repo/New Registration - Registration Module Pages/Third Screen - Upload Supporting Doc- Preview/Add Document Button' is clicked on

2018-11-22 23:31:39 - [TEST_STEP][PASSED] - delay: Delayed 30 second(s)

2018-11-22 23:32:09 - [MESSAGE][PASSED] - Delayed 30 second(s)

2018-11-22 23:32:09 - [TEST_STEP][PASSED] - click: Object: 'Object Repository/Final Object Repo/New Registration - Registration Module Pages/Third Screen - Upload Supporting Doc- Preview/Supporting Doc Please Select Drop Down' is clicked on

2018-11-22 23:32:09 - [MESSAGE][PASSED] - Object: 'Object Repository/Final Object Repo/New Registration - Registration Module Pages/Third Screen - Upload Supporting Doc- Preview/Supporting Doc Please Select Drop Down' is clicked on

2018-11-22 23:32:09 - [TEST_STEP][PASSED] - delay: Delayed 2 second(s)

2018-11-22 23:32:11 - [MESSAGE][PASSED] - Delayed 2 second(s)

2018-11-22 23:32:11 - [TEST_STEP][PASSED] - click: Object: 'Object Repository/Final Object Repo/New Registration - Registration Module Pages/Third Screen - Upload Supporting Doc- Preview/Select to Upload Form 1' is clicked on

2018-11-22 23:32:11 - [MESSAGE][PASSED] - Object: 'Object Repository/Final Object Repo/New Registration - Registration Module Pages/Third Screen - Upload Supporting Doc- Preview/Select to Upload Form 1' is clicked on

2018-11-22 23:32:11 - [TEST_STEP][PASSED] - delay: Delayed 2 second(s)

2018-11-22 23:32:13 - [MESSAGE][PASSED] - Delayed 2 second(s)

2018-11-22 23:32:13 - [TEST_STEP][PASSED] - uploadFile: File 'C:\Users\Public\Pictures\Sample Pictures\Koala.jpg' sent to object: 'Object Repository/Final Object Repo/New Registration - Registration Module Pages/Third Screen - Upload Supporting Doc- Preview/Upload File Adding'

2018-11-22 23:32:13 - [MESSAGE][PASSED] - File 'C:\Users\Public\Pictures\Sample Pictures\Koala.jpg' sent to object: 'Object Repository/Final Object Repo/New Registration - Registration Module Pages/Third Screen - Upload Supporting Doc- Preview/Upload File Adding'

2018-11-22 23:32:13 - [TEST_STEP][PASSED] - delay: Delayed 5 second(s)

2018-11-22 23:32:18 - [MESSAGE][PASSED] - Delayed 5 second(s)

2018-11-22 23:32:18 - [TEST_STEP][PASSED] - click: Object: 'Object Repository/Final Object Repo/New Registration - Registration Module Pages/Third Screen - Upload Supporting Doc- Preview/Inner Form Add Document Button' is clicked on

2018-11-22 23:32:19 - [MESSAGE][PASSED] - Object: 'Object Repository/Final Object Repo/New Registration - Registration Module Pages/Third Screen - Upload Supporting Doc- Preview/Inner Form Add Document Button' is clicked on

2018-11-22 23:32:19 - [TEST_STEP][PASSED] - delay: Delayed 3 second(s)

2018-11-22 23:32:22 - [MESSAGE][PASSED] - Delayed 3 second(s)

2018-11-22 23:32:22 - [TEST_STEP][PASSED] - click: Object: 'Object Repository/Final Object Repo/New Registration - Registration Module Pages/Third Screen - Upload Supporting Doc- Preview/Add Document Button' is clicked on

2018-11-22 23:32:23 - [MESSAGE][PASSED] - Object: 'Object Repository/Final Object Repo/New Registration - Registration Module Pages/Third Screen - Upload Supporting Doc- Preview/Add Document Button' is clicked on

2018-11-22 23:32:23 - [TEST_STEP][PASSED] - delay: Delayed 30 second(s)

2018-11-22 23:32:53 - [MESSAGE][PASSED] - Delayed 30 second(s)

2018-11-22 23:32:53 - [TEST_STEP][PASSED] - click: Object: 'Object Repository/Final Object Repo/New Registration - Registration Module Pages/Third Screen - Upload Supporting Doc- Preview/Supporting Doc Please Select Drop Down' is clicked on

2018-11-22 23:32:53 - [MESSAGE][PASSED] - Object: 'Object Repository/Final Object Repo/New Registration - Registration Module Pages/Third Screen - Upload Supporting Doc- Preview/Supporting Doc Please Select Drop Down' is clicked on

2018-11-22 23:32:53 - [TEST_STEP][PASSED] - delay: Delayed 2 second(s)

2018-11-22 23:32:55 - [MESSAGE][PASSED] - Delayed 2 second(s)

2018-11-22 23:32:55 - [TEST_STEP][PASSED] - click: Object: 'Object Repository/Final Object Repo/New Registration - Registration Module Pages/Third Screen - Upload Supporting Doc- Preview/Select to Upload Form 2' is clicked on

2018-11-22 23:32:55 - [MESSAGE][PASSED] - Object: 'Object Repository/Final Object Repo/New Registration - Registration Module Pages/Third Screen - Upload Supporting Doc- Preview/Select to Upload Form 2' is clicked on

2018-11-22 23:32:55 - [TEST_STEP][PASSED] - delay: Delayed 2 second(s)

2018-11-22 23:32:57 - [MESSAGE][PASSED] - Delayed 2 second(s)

2018-11-22 23:32:57 - [TEST_STEP][PASSED] - uploadFile: File 'C:\Users\Public\Pictures\Sample Pictures\Koala.jpg' sent to object: 'Object Repository/Final Object Repo/New Registration - Registration Module Pages/Third Screen - Upload Supporting Doc- Preview/Upload File Adding'

2018-11-22 23:32:57 - [MESSAGE][PASSED] - File 'C:\Users\Public\Pictures\Sample Pictures\Koala.jpg' sent to object: 'Object Repository/Final Object Repo/New Registration - Registration Module Pages/Third Screen - Upload Supporting Doc- Preview/Upload File Adding'

2018-11-22 23:32:57 - [TEST_STEP][PASSED] - click: Object: 'Object Repository/Final Object Repo/New Registration - Registration Module Pages/Third Screen - Upload Supporting Doc- Preview/Inner Form Add Document Button' is clicked on

2018-11-22 23:32:57 - [MESSAGE][PASSED] - Object: 'Object Repository/Final Object Repo/New Registration - Registration Module Pages/Third Screen - Upload Supporting Doc- Preview/Inner Form Add Document Button' is clicked on

2018-11-22 23:32:57 - [TEST_STEP][PASSED] - delay: Delayed 5 second(s)

2018-11-22 23:33:02 - [MESSAGE][PASSED] - Delayed 5 second(s)

2018-11-22 23:33:02 - [TEST_STEP][PASSED] - click: Object: 'Object Repository/Final Object Repo/New Registration - Registration Module Pages/Third Screen - Upload Supporting Doc- Preview/Add Document Button' is clicked on

2018-11-22 23:33:03 - [MESSAGE][PASSED] - Object: 'Object Repository/Final Object Repo/New Registration - Registration Module Pages/Third Screen - Upload Supporting Doc- Preview/Add Document Button' is clicked on

2018-11-22 23:33:03 - [TEST_STEP][PASSED] - delay: Delayed 30 second(s)

2018-11-22 23:33:33 - [MESSAGE][PASSED] - Delayed 30 second(s)

2018-11-22 23:33:33 - [TEST_STEP][PASSED] - click: Object: 'Object Repository/Final Object Repo/New Registration - Registration Module Pages/Third Screen - Upload Supporting Doc- Preview/Supporting Doc Please Select Drop Down' is clicked on

2018-11-22 23:33:33 - [MESSAGE][PASSED] - Object: 'Object Repository/Final Object Repo/New Registration - Registration Module Pages/Third Screen - Upload Supporting Doc- Preview/Supporting Doc Please Select Drop Down' is clicked on

2018-11-22 23:33:33 - [TEST_STEP][PASSED] - click: Object: 'Object Repository/Final Object Repo/New Registration - Registration Module Pages/Third Screen - Upload Supporting Doc- Preview/Select to Upload Borang SIP 1' is clicked on

2018-11-22 23:33:33 - [MESSAGE][PASSED] - Object: 'Object Repository/Final Object Repo/New Registration - Registration Module Pages/Third Screen - Upload Supporting Doc- Preview/Select to Upload Borang SIP 1' is clicked on

2018-11-22 23:33:33 - [TEST_STEP][PASSED] - delay: Delayed 2 second(s)

2018-11-22 23:33:35 - [MESSAGE][PASSED] - Delayed 2 second(s)

2018-11-22 23:33:35 - [TEST_STEP][PASSED] - uploadFile: File 'C:\Users\Public\Pictures\Sample Pictures\Koala.jpg' sent to object: 'Object Repository/Final Object Repo/New Registration - Registration Module Pages/Third Screen - Upload Supporting Doc- Preview/Upload File Adding'

2018-11-22 23:33:35 - [MESSAGE][PASSED] - File 'C:\Users\Public\Pictures\Sample Pictures\Koala.jpg' sent to object: 'Object Repository/Final Object Repo/New Registration - Registration Module Pages/Third Screen - Upload Supporting Doc- Preview/Upload File Adding'

2018-11-22 23:33:35 - [TEST_STEP][PASSED] - click: Object: 'Object Repository/Final Object Repo/New Registration - Registration Module Pages/Third Screen - Upload Supporting Doc- Preview/Inner Form Add Document Button' is clicked on

2018-11-22 23:33:35 - [MESSAGE][PASSED] - Object: 'Object Repository/Final Object Repo/New Registration - Registration Module Pages/Third Screen - Upload Supporting Doc- Preview/Inner Form Add Document Button' is clicked on

2018-11-22 23:33:35 - [TEST_STEP][PASSED] - delay: Delayed 5 second(s)

2018-11-22 23:33:40 - [MESSAGE][PASSED] - Delayed 5 second(s)

2018-11-22 23:33:40 - [TEST_STEP][PASSED] - click: Object: 'Object Repository/Final Object Repo/New Registration - Registration Module Pages/Third Screen - Upload Supporting Doc- Preview/Add Document Button' is clicked on

2018-11-22 23:33:40 - [MESSAGE][PASSED] - Object: 'Object Repository/Final Object Repo/New Registration - Registration Module Pages/Third Screen - Upload Supporting Doc- Preview/Add Document Button' is clicked on

2018-11-22 23:33:40 - [TEST_STEP][PASSED] - delay: Delayed 30 second(s)

2018-11-22 23:34:10 - [MESSAGE][PASSED] - Delayed 30 second(s)

2018-11-22 23:34:10 - [TEST_STEP][PASSED] - click: Object: 'Object Repository/Final Object Repo/New Registration - Registration Module Pages/Third Screen - Upload Supporting Doc- Preview/Supporting Doc Please Select Drop Down' is clicked on

2018-11-22 23:34:11 - [MESSAGE][PASSED] - Object: 'Object Repository/Final Object Repo/New Registration - Registration Module Pages/Third Screen - Upload Supporting Doc- Preview/Supporting Doc Please Select Drop Down' is clicked on

2018-11-22 23:34:11 - [TEST_STEP][PASSED] - delay: Delayed 3 second(s)

2018-11-22 23:34:14 - [MESSAGE][PASSED] - Delayed 3 second(s)

2018-11-22 23:34:14 - [TEST_STEP][PASSED] - click: Object: 'Object Repository/Final Object Repo/New Registration - Registration Module Pages/Third Screen - Upload Supporting Doc- Preview/Select to Upload Borang SIP 2' is clicked on

2018-11-22 23:34:14 - [MESSAGE][PASSED] - Object: 'Object Repository/Final Object Repo/New Registration - Registration Module Pages/Third Screen - Upload Supporting Doc- Preview/Select to Upload Borang SIP 2' is clicked on

2018-11-22 23:34:14 - [TEST_STEP][PASSED] - delay: Delayed 2 second(s)

2018-11-22 23:34:16 - [MESSAGE][PASSED] - Delayed 2 second(s)

2018-11-22 23:34:16 - [TEST_STEP][PASSED] - uploadFile: File 'C:\Users\Public\Pictures\Sample Pictures\Koala.jpg' sent to object: 'Object Repository/Final Object Repo/New Registration - Registration Module Pages/Third Screen - Upload Supporting Doc- Preview/Upload File Adding'

2018-11-22 23:34:16 - [MESSAGE][PASSED] - File 'C:\Users\Public\Pictures\Sample Pictures\Koala.jpg' sent to object: 'Object Repository/Final Object Repo/New Registration - Registration Module Pages/Third Screen - Upload Supporting Doc- Preview/Upload File Adding'

2018-11-22 23:34:16 - [TEST_STEP][PASSED] - delay: Delayed 5 second(s)

2018-11-22 23:34:21 - [MESSAGE][PASSED] - Delayed 5 second(s)

2018-11-22 23:34:21 - [TEST_STEP][PASSED] - click: Object: 'Object Repository/Final Object Repo/New Registration - Registration Module Pages/Third Screen - Upload Supporting Doc- Preview/Inner Form Add Document Button' is clicked on

2018-11-22 23:34:21 - [MESSAGE][PASSED] - Object: 'Object Repository/Final Object Repo/New Registration - Registration Module Pages/Third Screen - Upload Supporting Doc- Preview/Inner Form Add Document Button' is clicked on

2018-11-22 23:34:21 - [TEST_STEP][PASSED] - delay: Delayed 3 second(s)

2018-11-22 23:34:24 - [MESSAGE][PASSED] - Delayed 3 second(s)

2018-11-22 23:34:24 - [TEST_STEP][PASSED] - waitForElementClickable: Object 'Object Repository/Final Object Repo/New Registration - Registration Module Pages/Third Screen - Upload Supporting Doc- Preview/Save n Continue in Uploading Supporting Doc Page' is clickable

2018-11-22 23:34:26 - [MESSAGE][PASSED] - Object 'Object Repository/Final Object Repo/New Registration - Registration Module Pages/Third Screen - Upload Supporting Doc- Preview/Save n Continue in Uploading Supporting Doc Page' is clickable

2018-11-22 23:34:26 - [TEST_STEP][PASSED] - click: Object: 'Object Repository/Final Object Repo/New Registration - Registration Module Pages/Third Screen - Upload Supporting Doc- Preview/Save n Continue in Uploading Supporting Doc Page' is clicked on

2018-11-22 23:34:26 - [MESSAGE][PASSED] - Object: 'Object Repository/Final Object Repo/New Registration - Registration Module Pages/Third Screen - Upload Supporting Doc- Preview/Save n Continue in Uploading Supporting Doc Page' is clicked on

2018-11-22 23:34:26 - [MESSAGE][PASSED] - Call Test Case 'Test Cases/Final Aug 2018 - PKS Automation/Registration Module/New Registration/Flow of New Registration/Third Screen - Upload Supporting Doc - Preview' successfully

2018-11-22 23:34:26 - [TEST_STEP][PASSED] - callTestCase: Call Test Case 'Test Cases/Final Aug 2018 - PKS Automation/Registration Module/New Registration/Submit and Screenshot/Submit Registration and Screenshot - Copy' successfully

2018-11-22 23:34:26 - [TEST_CASE][PASSED] - Test Cases/Final Aug 2018 - PKS Automation/Registration Module/New Registration/Submit and Screenshot/Submit Registration and Screenshot - Copy: Test Cases/Final Aug 2018 - PKS Automation/Registration Module/New Registration/Submit and Screenshot/Submit Registration and Screenshot - Copy

2018-11-22 23:34:26 - [TEST_STEP][PASSED] - delay: Delayed 6 second(s)

2018-11-22 23:34:32 - [MESSAGE][PASSED] - Delayed 6 second(s)

2018-11-22 23:34:32 - [TEST_STEP][PASSED] - click: Object: 'Object Repository/Final Object Repo/New Registration - Registration Module Pages/Third Screen - Upload Supporting Doc- Preview/Preview Submit Button' is clicked on

2018-11-22 23:34:32 - [MESSAGE][PASSED] - Object: 'Object Repository/Final Object Repo/New Registration - Registration Module Pages/Third Screen - Upload Supporting Doc- Preview/Preview Submit Button' is clicked on

2018-11-22 23:34:32 - [TEST_STEP][PASSED] - delay: Delayed 2 second(s)

2018-11-22 23:34:34 - [MESSAGE][PASSED] - Delayed 2 second(s)

2018-11-22 23:34:34 - [TEST_STEP][PASSED] - click: Object: 'Object Repository/Final Object Repo/New Registration - Registration Module Pages/Third Screen - Upload Supporting Doc- Preview/Preview Submit - Confirm' is clicked on

2018-11-22 23:34:34 - [MESSAGE][PASSED] - Object: 'Object Repository/Final Object Repo/New Registration - Registration Module Pages/Third Screen - Upload Supporting Doc- Preview/Preview Submit - Confirm' is clicked on

2018-11-22 23:34:34 - [TEST_STEP][PASSED] - delay: Delayed 15 second(s)

2018-11-22 23:34:49 - [MESSAGE][PASSED] - Delayed 15 second(s)

2018-11-22 23:34:49 - [TEST_STEP][PASSED] - Statement - driver = com.kms.katalon.core.webui.driver.DriverFactory.getWebDriver(): null

2018-11-22 23:34:49 - [TEST_STEP][PASSED] - Statement - driver.manage().timeouts().implicitlyWait(10, SECONDS): null

2018-11-22 23:34:49 - [TEST_STEP][PASSED] - Statement - PresavePath = KatalonScreenshots: null

2018-11-22 23:34:49 - [TEST_STEP][PASSED] - Statement - pathPrefix = "C:\Users\Public\Pictures\Sample Pictures\Katalon Screenshots\Automate Ending Screen": null

2018-11-22 23:34:49 - [TEST_STEP][PASSED] - Statement - finalPath = <not implemented yet for class: org.codehaus.groovy.ast.expr.EmptyExpression>: null

2018-11-22 23:34:49 - [TEST_STEP][PASSED] - Statement - scrFile = driver.getScreenshotAs(FILE): null

2018-11-22 23:34:49 - [TEST_STEP][PASSED] - Statement - PreSaveFile = new java.io.File(PresavePath): null

2018-11-22 23:34:49 - [TEST_STEP][PASSED] - Statement - counter = 0: null

2018-11-22 23:34:49 - [TEST_STEP][PASSED] - Statement - If (PreSaveFile.exists()): null

2018-11-22 23:34:49 - [TEST_STEP][PASSED] - Statement - While (PreSaveFile.exists()): null

2018-11-22 23:34:49 - [TEST_STEP][PASSED] - Statement - counter = counter + 1: null

2018-11-22 23:34:49 - [TEST_STEP][PASSED] - Statement - PreSaveFile = new java.io.File(((pathPrefix + java.lang.Integer.toString(counter)) + .png)): null

2018-11-22 23:34:49 - [TEST_STEP][PASSED] - Statement - counter = counter + 1: null

2018-11-22 23:34:49 - [TEST_STEP][PASSED] - Statement - PreSaveFile = new java.io.File(((pathPrefix + java.lang.Integer.toString(counter)) + .png)): null

2018-11-22 23:34:49 - [TEST_STEP][PASSED] - Statement - counter = counter + 1: null

2018-11-22 23:34:49 - [TEST_STEP][PASSED] - Statement - PreSaveFile = new java.io.File(((pathPrefix + java.lang.Integer.toString(counter)) + .png)): null

2018-11-22 23:34:49 - [TEST_STEP][PASSED] - Statement - counter = counter + 1: null

2018-11-22 23:34:49 - [TEST_STEP][PASSED] - Statement - PreSaveFile = new java.io.File(((pathPrefix + java.lang.Integer.toString(counter)) + .png)): null

2018-11-22 23:34:49 - [TEST_STEP][PASSED] - Statement - counter = counter + 1: null

2018-11-22 23:34:49 - [TEST_STEP][PASSED] - Statement - PreSaveFile = new java.io.File(((pathPrefix + java.lang.Integer.toString(counter)) + .png)): null

2018-11-22 23:34:49 - [TEST_STEP][PASSED] - Statement - counter = counter + 1: null

2018-11-22 23:34:49 - [TEST_STEP][PASSED] - Statement - PreSaveFile = new java.io.File(((pathPrefix + java.lang.Integer.toString(counter)) + .png)): null

2018-11-22 23:34:49 - [TEST_STEP][PASSED] - Statement - counter = counter + 1: null

2018-11-22 23:34:49 - [TEST_STEP][PASSED] - Statement - PreSaveFile = new java.io.File(((pathPrefix + java.lang.Integer.toString(counter)) + .png)): null

2018-11-22 23:34:49 - [TEST_STEP][PASSED] - Statement - counter = counter + 1: null

2018-11-22 23:34:49 - [TEST_STEP][PASSED] - Statement - PreSaveFile = new java.io.File(((pathPrefix + java.lang.Integer.toString(counter)) + .png)): null

2018-11-22 23:34:49 - [TEST_STEP][PASSED] - Statement - counter = counter + 1: null

2018-11-22 23:34:49 - [TEST_STEP][PASSED] - Statement - PreSaveFile = new java.io.File(((pathPrefix + java.lang.Integer.toString(counter)) + .png)): null

2018-11-22 23:34:49 - [TEST_STEP][PASSED] - Statement - counter = counter + 1: null

2018-11-22 23:34:49 - [TEST_STEP][PASSED] - Statement - PreSaveFile = new java.io.File(((pathPrefix + java.lang.Integer.toString(counter)) + .png)): null

2018-11-22 23:34:49 - [TEST_STEP][PASSED] - Statement - counter = counter + 1: null

2018-11-22 23:34:49 - [TEST_STEP][PASSED] - Statement - PreSaveFile = new java.io.File(((pathPrefix + java.lang.Integer.toString(counter)) + .png)): null

2018-11-22 23:34:49 - [TEST_STEP][PASSED] - Statement - counter = counter + 1: null

2018-11-22 23:34:49 - [TEST_STEP][PASSED] - Statement - PreSaveFile = new java.io.File(((pathPrefix + java.lang.Integer.toString(counter)) + .png)): null

2018-11-22 23:34:49 - [TEST_STEP][PASSED] - Statement - counter = counter + 1: null

2018-11-22 23:34:49 - [TEST_STEP][PASSED] - Statement - PreSaveFile = new java.io.File(((pathPrefix + java.lang.Integer.toString(counter)) + .png)): null

2018-11-22 23:34:49 - [TEST_STEP][PASSED] - Statement - counter = counter + 1: null

2018-11-22 23:34:50 - [TEST_STEP][PASSED] - Statement - PreSaveFile = new java.io.File(((pathPrefix + java.lang.Integer.toString(counter)) + .png)): null

2018-11-22 23:34:50 - [TEST_STEP][PASSED] - Statement - counter = counter + 1: null

2018-11-22 23:34:50 - [TEST_STEP][PASSED] - Statement - PreSaveFile = new java.io.File(((pathPrefix + java.lang.Integer.toString(counter)) + .png)): null

2018-11-22 23:34:50 - [TEST_STEP][PASSED] - Statement - counter = counter + 1: null

2018-11-22 23:34:50 - [TEST_STEP][PASSED] - Statement - PreSaveFile = new java.io.File(((pathPrefix + java.lang.Integer.toString(counter)) + .png)): null

2018-11-22 23:34:50 - [TEST_STEP][PASSED] - Statement - counter = counter + 1: null

2018-11-22 23:34:50 - [TEST_STEP][PASSED] - Statement - PreSaveFile = new java.io.File(((pathPrefix + java.lang.Integer.toString(counter)) + .png)): null

2018-11-22 23:34:50 - [TEST_STEP][PASSED] - Statement - counter = counter + 1: null

2018-11-22 23:34:50 - [TEST_STEP][PASSED] - Statement - PreSaveFile = new java.io.File(((pathPrefix + java.lang.Integer.toString(counter)) + .png)): null

2018-11-22 23:34:50 - [TEST_STEP][PASSED] - Statement - counter = counter + 1: null

2018-11-22 23:34:50 - [TEST_STEP][PASSED] - Statement - PreSaveFile = new java.io.File(((pathPrefix + java.lang.Integer.toString(counter)) + .png)): null

2018-11-22 23:34:50 - [TEST_STEP][PASSED] - Statement - counter = counter + 1: null

2018-11-22 23:34:50 - [TEST_STEP][PASSED] - Statement - PreSaveFile = new java.io.File(((pathPrefix + java.lang.Integer.toString(counter)) + .png)): null

2018-11-22 23:34:50 - [TEST_STEP][PASSED] - Statement - counter = counter + 1: null

2018-11-22 23:34:50 - [TEST_STEP][PASSED] - Statement - PreSaveFile = new java.io.File(((pathPrefix + java.lang.Integer.toString(counter)) + .png)): null

2018-11-22 23:34:50 - [TEST_STEP][PASSED] - Statement - counter = counter + 1: null

2018-11-22 23:34:50 - [TEST_STEP][PASSED] - Statement - PreSaveFile = new java.io.File(((pathPrefix + java.lang.Integer.toString(counter)) + .png)): null

2018-11-22 23:34:50 - [TEST_STEP][PASSED] - Statement - counter = counter + 1: null

2018-11-22 23:34:50 - [TEST_STEP][PASSED] - Statement - PreSaveFile = new java.io.File(((pathPrefix + java.lang.Integer.toString(counter)) + .png)): null

2018-11-22 23:34:50 - [TEST_STEP][PASSED] - Statement - counter = counter + 1: null

2018-11-22 23:34:50 - [TEST_STEP][PASSED] - Statement - PreSaveFile = new java.io.File(((pathPrefix + java.lang.Integer.toString(counter)) + .png)): null

2018-11-22 23:34:50 - [TEST_STEP][PASSED] - Statement - counter = counter + 1: null

2018-11-22 23:34:50 - [TEST_STEP][PASSED] - Statement - PreSaveFile = new java.io.File(((pathPrefix + java.lang.Integer.toString(counter)) + .png)): null

2018-11-22 23:34:50 - [TEST_STEP][PASSED] - Statement - counter = counter + 1: null

2018-11-22 23:34:50 - [TEST_STEP][PASSED] - Statement - PreSaveFile = new java.io.File(((pathPrefix + java.lang.Integer.toString(counter)) + .png)): null

2018-11-22 23:34:50 - [TEST_STEP][PASSED] - Statement - counter = counter + 1: null

2018-11-22 23:34:50 - [TEST_STEP][PASSED] - Statement - PreSaveFile = new java.io.File(((pathPrefix + java.lang.Integer.toString(counter)) + .png)): null

2018-11-22 23:34:50 - [TEST_STEP][PASSED] - Statement - counter = counter + 1: null

2018-11-22 23:34:50 - [TEST_STEP][PASSED] - Statement - PreSaveFile = new java.io.File(((pathPrefix + java.lang.Integer.toString(counter)) + .png)): null

2018-11-22 23:34:50 - [TEST_STEP][PASSED] - Statement - counter = counter + 1: null

2018-11-22 23:34:50 - [TEST_STEP][PASSED] - Statement - PreSaveFile = new java.io.File(((pathPrefix + java.lang.Integer.toString(counter)) + .png)): null

2018-11-22 23:34:50 - [TEST_STEP][PASSED] - Statement - counter = counter + 1: null

2018-11-22 23:34:50 - [TEST_STEP][PASSED] - Statement - PreSaveFile = new java.io.File(((pathPrefix + java.lang.Integer.toString(counter)) + .png)): null

2018-11-22 23:34:50 - [TEST_STEP][PASSED] - Statement - counter = counter + 1: null

2018-11-22 23:34:50 - [TEST_STEP][PASSED] - Statement - PreSaveFile = new java.io.File(((pathPrefix + java.lang.Integer.toString(counter)) + .png)): null

2018-11-22 23:34:50 - [TEST_STEP][PASSED] - Statement - counter = counter + 1: null

2018-11-22 23:34:50 - [TEST_STEP][PASSED] - Statement - PreSaveFile = new java.io.File(((pathPrefix + java.lang.Integer.toString(counter)) + .png)): null

2018-11-22 23:34:50 - [TEST_STEP][PASSED] - Statement - counter = counter + 1: null

2018-11-22 23:34:50 - [TEST_STEP][PASSED] - Statement - PreSaveFile = new java.io.File(((pathPrefix + java.lang.Integer.toString(counter)) + .png)): null

2018-11-22 23:34:50 - [TEST_STEP][PASSED] - Statement - counter = counter + 1: null

2018-11-22 23:34:50 - [TEST_STEP][PASSED] - Statement - PreSaveFile = new java.io.File(((pathPrefix + java.lang.Integer.toString(counter)) + .png)): null

2018-11-22 23:34:50 - [TEST_STEP][PASSED] - Statement - counter = counter + 1: null

2018-11-22 23:34:50 - [TEST_STEP][PASSED] - Statement - PreSaveFile = new java.io.File(((pathPrefix + java.lang.Integer.toString(counter)) + .png)): null

2018-11-22 23:34:50 - [TEST_STEP][PASSED] - Statement - counter = counter + 1: null

2018-11-22 23:34:50 - [TEST_STEP][PASSED] - Statement - PreSaveFile = new java.io.File(((pathPrefix + java.lang.Integer.toString(counter)) + .png)): null

2018-11-22 23:34:50 - [TEST_STEP][PASSED] - Statement - counter = counter + 1: null

2018-11-22 23:34:50 - [TEST_STEP][PASSED] - Statement - PreSaveFile = new java.io.File(((pathPrefix + java.lang.Integer.toString(counter)) + .png)): null

2018-11-22 23:34:50 - [TEST_STEP][PASSED] - Statement - counter = counter + 1: null

2018-11-22 23:34:50 - [TEST_STEP][PASSED] - Statement - PreSaveFile = new java.io.File(((pathPrefix + java.lang.Integer.toString(counter)) + .png)): null

2018-11-22 23:34:50 - [TEST_STEP][PASSED] - Statement - counter = counter + 1: null

2018-11-22 23:34:50 - [TEST_STEP][PASSED] - Statement - PreSaveFile = new java.io.File(((pathPrefix + java.lang.Integer.toString(counter)) + .png)): null

2018-11-22 23:34:50 - [TEST_STEP][PASSED] - Statement - counter = counter + 1: null

2018-11-22 23:34:50 - [TEST_STEP][PASSED] - Statement - PreSaveFile = new java.io.File(((pathPrefix + java.lang.Integer.toString(counter)) + .png)): null

2018-11-22 23:34:50 - [TEST_STEP][PASSED] - Statement - counter = counter + 1: null

2018-11-22 23:34:50 - [TEST_STEP][PASSED] - Statement - PreSaveFile = new java.io.File(((pathPrefix + java.lang.Integer.toString(counter)) + .png)): null

2018-11-22 23:34:50 - [TEST_STEP][PASSED] - Statement - counter = counter + 1: null

2018-11-22 23:34:50 - [TEST_STEP][PASSED] - Statement - PreSaveFile = new java.io.File(((pathPrefix + java.lang.Integer.toString(counter)) + .png)): null

2018-11-22 23:34:50 - [TEST_STEP][PASSED] - Statement - counter = counter + 1: null

2018-11-22 23:34:50 - [TEST_STEP][PASSED] - Statement - PreSaveFile = new java.io.File(((pathPrefix + java.lang.Integer.toString(counter)) + .png)): null

2018-11-22 23:34:50 - [TEST_STEP][PASSED] - Statement - counter = counter + 1: null

2018-11-22 23:34:50 - [TEST_STEP][PASSED] - Statement - PreSaveFile = new java.io.File(((pathPrefix + java.lang.Integer.toString(counter)) + .png)): null

2018-11-22 23:34:50 - [TEST_STEP][PASSED] - Statement - counter = counter + 1: null

2018-11-22 23:34:50 - [TEST_STEP][PASSED] - Statement - PreSaveFile = new java.io.File(((pathPrefix + java.lang.Integer.toString(counter)) + .png)): null

2018-11-22 23:34:50 - [TEST_STEP][PASSED] - Statement - counter = counter + 1: null

2018-11-22 23:34:50 - [TEST_STEP][PASSED] - Statement - PreSaveFile = new java.io.File(((pathPrefix + java.lang.Integer.toString(counter)) + .png)): null

2018-11-22 23:34:50 - [TEST_STEP][PASSED] - Statement - counter = counter + 1: null

2018-11-22 23:34:50 - [TEST_STEP][PASSED] - Statement - PreSaveFile = new java.io.File(((pathPrefix + java.lang.Integer.toString(counter)) + .png)): null

2018-11-22 23:34:50 - [TEST_STEP][PASSED] - Statement - counter = counter + 1: null

2018-11-22 23:34:50 - [TEST_STEP][PASSED] - Statement - PreSaveFile = new java.io.File(((pathPrefix + java.lang.Integer.toString(counter)) + .png)): null

2018-11-22 23:34:50 - [TEST_STEP][PASSED] - Statement - counter = counter + 1: null

2018-11-22 23:34:50 - [TEST_STEP][PASSED] - Statement - PreSaveFile = new java.io.File(((pathPrefix + java.lang.Integer.toString(counter)) + .png)): null

2018-11-22 23:34:50 - [TEST_STEP][PASSED] - Statement - counter = counter + 1: null

2018-11-22 23:34:50 - [TEST_STEP][PASSED] - Statement - PreSaveFile = new java.io.File(((pathPrefix + java.lang.Integer.toString(counter)) + .png)): null

2018-11-22 23:34:50 - [TEST_STEP][PASSED] - Statement - counter = counter + 1: null

2018-11-22 23:34:50 - [TEST_STEP][PASSED] - Statement - PreSaveFile = new java.io.File(((pathPrefix + java.lang.Integer.toString(counter)) + .png)): null

2018-11-22 23:34:50 - [TEST_STEP][PASSED] - Statement - counter = counter + 1: null

2018-11-22 23:34:50 - [TEST_STEP][PASSED] - Statement - PreSaveFile = new java.io.File(((pathPrefix + java.lang.Integer.toString(counter)) + .png)): null

2018-11-22 23:34:50 - [TEST_STEP][PASSED] - Statement - counter = counter + 1: null

2018-11-22 23:34:50 - [TEST_STEP][PASSED] - Statement - PreSaveFile = new java.io.File(((pathPrefix + java.lang.Integer.toString(counter)) + .png)): null

2018-11-22 23:34:50 - [TEST_STEP][PASSED] - Statement - counter = counter + 1: null

2018-11-22 23:34:50 - [TEST_STEP][PASSED] - Statement - PreSaveFile = new java.io.File(((pathPrefix + java.lang.Integer.toString(counter)) + .png)): null

2018-11-22 23:34:50 - [TEST_STEP][PASSED] - Statement - counter = counter + 1: null

2018-11-22 23:34:50 - [TEST_STEP][PASSED] - Statement - PreSaveFile = new java.io.File(((pathPrefix + java.lang.Integer.toString(counter)) + .png)): null

2018-11-22 23:34:50 - [TEST_STEP][PASSED] - Statement - counter = counter + 1: null

2018-11-22 23:34:50 - [TEST_STEP][PASSED] - Statement - PreSaveFile = new java.io.File(((pathPrefix + java.lang.Integer.toString(counter)) + .png)): null

2018-11-22 23:34:50 - [TEST_STEP][PASSED] - Statement - counter = counter + 1: null

2018-11-22 23:34:50 - [TEST_STEP][PASSED] - Statement - PreSaveFile = new java.io.File(((pathPrefix + java.lang.Integer.toString(counter)) + .png)): null

2018-11-22 23:34:50 - [TEST_STEP][PASSED] - Statement - counter = counter + 1: null

2018-11-22 23:34:50 - [TEST_STEP][PASSED] - Statement - PreSaveFile = new java.io.File(((pathPrefix + java.lang.Integer.toString(counter)) + .png)): null

2018-11-22 23:34:50 - [TEST_STEP][PASSED] - Statement - counter = counter + 1: null

2018-11-22 23:34:50 - [TEST_STEP][PASSED] - Statement - PreSaveFile = new java.io.File(((pathPrefix + java.lang.Integer.toString(counter)) + .png)): null

2018-11-22 23:34:50 - [TEST_STEP][PASSED] - Statement - counter = counter + 1: null

2018-11-22 23:34:50 - [TEST_STEP][PASSED] - Statement - PreSaveFile = new java.io.File(((pathPrefix + java.lang.Integer.toString(counter)) + .png)): null

2018-11-22 23:34:50 - [TEST_STEP][PASSED] - Statement - counter = counter + 1: null

2018-11-22 23:34:50 - [TEST_STEP][PASSED] - Statement - PreSaveFile = new java.io.File(((pathPrefix + java.lang.Integer.toString(counter)) + .png)): null

2018-11-22 23:34:50 - [TEST_STEP][PASSED] - Statement - counter = counter + 1: null

2018-11-22 23:34:50 - [TEST_STEP][PASSED] - Statement - PreSaveFile = new java.io.File(((pathPrefix + java.lang.Integer.toString(counter)) + .png)): null

2018-11-22 23:34:50 - [TEST_STEP][PASSED] - Statement - counter = counter + 1: null

2018-11-22 23:34:50 - [TEST_STEP][PASSED] - Statement - PreSaveFile = new java.io.File(((pathPrefix + java.lang.Integer.toString(counter)) + .png)): null

2018-11-22 23:34:50 - [TEST_STEP][PASSED] - Statement - counter = counter + 1: null

2018-11-22 23:34:50 - [TEST_STEP][PASSED] - Statement - PreSaveFile = new java.io.File(((pathPrefix + java.lang.Integer.toString(counter)) + .png)): null

2018-11-22 23:34:50 - [TEST_STEP][PASSED] - Statement - counter = counter + 1: null

2018-11-22 23:34:50 - [TEST_STEP][PASSED] - Statement - PreSaveFile = new java.io.File(((pathPrefix + java.lang.Integer.toString(counter)) + .png)): null

2018-11-22 23:34:50 - [TEST_STEP][PASSED] - Statement - counter = counter + 1: null

2018-11-22 23:34:50 - [TEST_STEP][PASSED] - Statement - PreSaveFile = new java.io.File(((pathPrefix + java.lang.Integer.toString(counter)) + .png)): null

2018-11-22 23:34:50 - [TEST_STEP][PASSED] - Statement - counter = counter + 1: null

2018-11-22 23:34:50 - [TEST_STEP][PASSED] - Statement - PreSaveFile = new java.io.File(((pathPrefix + java.lang.Integer.toString(counter)) + .png)): null

2018-11-22 23:34:50 - [TEST_STEP][PASSED] - Statement - counter = counter + 1: null

2018-11-22 23:34:50 - [TEST_STEP][PASSED] - Statement - PreSaveFile = new java.io.File(((pathPrefix + java.lang.Integer.toString(counter)) + .png)): null

2018-11-22 23:34:50 - [TEST_STEP][PASSED] - Statement - counter = counter + 1: null

2018-11-22 23:34:50 - [TEST_STEP][PASSED] - Statement - PreSaveFile = new java.io.File(((pathPrefix + java.lang.Integer.toString(counter)) + .png)): null

2018-11-22 23:34:50 - [TEST_STEP][PASSED] - Statement - counter = counter + 1: null

2018-11-22 23:34:50 - [TEST_STEP][PASSED] - Statement - PreSaveFile = new java.io.File(((pathPrefix + java.lang.Integer.toString(counter)) + .png)): null

2018-11-22 23:34:50 - [TEST_STEP][PASSED] - Statement - counter = counter + 1: null

2018-11-22 23:34:50 - [TEST_STEP][PASSED] - Statement - PreSaveFile = new java.io.File(((pathPrefix + java.lang.Integer.toString(counter)) + .png)): null

2018-11-22 23:34:50 - [TEST_STEP][PASSED] - Statement - counter = counter + 1: null

2018-11-22 23:34:50 - [TEST_STEP][PASSED] - Statement - PreSaveFile = new java.io.File(((pathPrefix + java.lang.Integer.toString(counter)) + .png)): null

2018-11-22 23:34:50 - [TEST_STEP][PASSED] - Statement - counter = counter + 1: null

2018-11-22 23:34:50 - [TEST_STEP][PASSED] - Statement - PreSaveFile = new java.io.File(((pathPrefix + java.lang.Integer.toString(counter)) + .png)): null

2018-11-22 23:34:50 - [TEST_STEP][PASSED] - Statement - counter = counter + 1: null

2018-11-22 23:34:50 - [TEST_STEP][PASSED] - Statement - PreSaveFile = new java.io.File(((pathPrefix + java.lang.Integer.toString(counter)) + .png)): null

2018-11-22 23:34:50 - [TEST_STEP][PASSED] - Statement - counter = counter + 1: null

2018-11-22 23:34:50 - [TEST_STEP][PASSED] - Statement - PreSaveFile = new java.io.File(((pathPrefix + java.lang.Integer.toString(counter)) + .png)): null

2018-11-22 23:34:50 - [TEST_STEP][PASSED] - Statement - counter = counter + 1: null

2018-11-22 23:34:50 - [TEST_STEP][PASSED] - Statement - PreSaveFile = new java.io.File(((pathPrefix + java.lang.Integer.toString(counter)) + .png)): null

2018-11-22 23:34:50 - [TEST_STEP][PASSED] - Statement - counter = counter + 1: null

2018-11-22 23:34:50 - [TEST_STEP][PASSED] - Statement - PreSaveFile = new java.io.File(((pathPrefix + java.lang.Integer.toString(counter)) + .png)): null

2018-11-22 23:34:50 - [TEST_STEP][PASSED] - Statement - counter = counter + 1: null

2018-11-22 23:34:50 - [TEST_STEP][PASSED] - Statement - PreSaveFile = new java.io.File(((pathPrefix + java.lang.Integer.toString(counter)) + .png)): null

2018-11-22 23:34:50 - [TEST_STEP][PASSED] - Statement - counter = counter + 1: null

2018-11-22 23:34:50 - [TEST_STEP][PASSED] - Statement - PreSaveFile = new java.io.File(((pathPrefix + java.lang.Integer.toString(counter)) + .png)): null

2018-11-22 23:34:50 - [TEST_STEP][PASSED] - Statement - counter = counter + 1: null

2018-11-22 23:34:50 - [TEST_STEP][PASSED] - Statement - PreSaveFile = new java.io.File(((pathPrefix + java.lang.Integer.toString(counter)) + .png)): null

2018-11-22 23:34:50 - [TEST_STEP][PASSED] - Statement - counter = counter + 1: null

2018-11-22 23:34:50 - [TEST_STEP][PASSED] - Statement - PreSaveFile = new java.io.File(((pathPrefix + java.lang.Integer.toString(counter)) + .png)): null

2018-11-22 23:34:50 - [TEST_STEP][PASSED] - Statement - counter = counter + 1: null

2018-11-22 23:34:50 - [TEST_STEP][PASSED] - Statement - PreSaveFile = new java.io.File(((pathPrefix + java.lang.Integer.toString(counter)) + .png)): null

2018-11-22 23:34:50 - [TEST_STEP][PASSED] - Statement - counter = counter + 1: null

2018-11-22 23:34:50 - [TEST_STEP][PASSED] - Statement - PreSaveFile = new java.io.File(((pathPrefix + java.lang.Integer.toString(counter)) + .png)): null

2018-11-22 23:34:50 - [TEST_STEP][PASSED] - Statement - finalPath = pathPrefix + java.lang.Integer.toString(counter) + ".png": null

2018-11-22 23:34:50 - [TEST_STEP][PASSED] - Statement - SaveFile = new java.io.File(finalPath): null

2018-11-22 23:34:50 - [TEST_STEP][PASSED] - Statement - Try: null

2018-11-22 23:34:50 - [TEST_STEP][PASSED] - Statement - org.apache.commons.io.FileUtils.copyFile(scrFile, SaveFile): null

2018-11-22 23:34:50 - [TEST_STEP][PASSED] - Statement - out.println("file kept"): null

2018-11-22 23:34:50 - [TEST_STEP][PASSED] - delay: Delayed 10 second(s)

2018-11-22 23:35:00 - [MESSAGE][PASSED] - Delayed 10 second(s)

2018-11-22 23:35:00 - [MESSAGE][PASSED] - Call Test Case 'Test Cases/Final Aug 2018 - PKS Automation/Registration Module/New Registration/Submit and Screenshot/Submit Registration and Screenshot - Copy' successfully

2018-11-22 23:35:00 - [TEST_STEP][PASSED] - Statement - UpdateAddNewECode = com.kms.katalon.core.webui.keyword.WebUiBuiltInKeywords.getText(com.kms.katalon.core.testobject.ObjectRepository.findTestObject(Object Repository/Final Object Repo/Page_Update Add New Employee - ASSIST/getEmpCode)): Text of object 'Object Repository/Final Object Repo/Page_Update Add New Employee - ASSIST/getEmpCode' is: 'E1102070362A'

2018-11-22 23:35:00 - [MESSAGE][PASSED] - Text of object 'Object Repository/Final Object Repo/Page_Update Add New Employee - ASSIST/getEmpCode' is: 'E1102070362A'

2018-11-22 23:35:00 - [TEST_STEP][PASSED] - callTestCase: Call Test Case 'Test Cases/Final Aug 2018 - PKS Automation/Common/Emp Code Setter' successfully

2018-11-22 23:35:00 - [TEST_CASE][PASSED] - Test Cases/Final Aug 2018 - PKS Automation/Common/Emp Code Setter: Test Cases/Final Aug 2018 - PKS Automation/Common/Emp Code Setter

2018-11-22 23:35:00 - [TEST_STEP][PASSED] - Statement - EmpCodeOld = new java.io.File(C://Users//Admin//Desktop//PKS//Automation Reference Point//EmpCode.txt): null

2018-11-22 23:35:00 - [TEST_STEP][PASSED] - Statement - EmpCodeOld.delete(): null

2018-11-22 23:35:00 - [TEST_STEP][PASSED] - Statement - EmpCode = new java.io.File(C://Users//Admin//Desktop//PKS//Automation Reference Point//EmpCode.txt): null

2018-11-22 23:35:00 - [TEST_STEP][PASSED] - Statement - EmpCode.append(UpdateAddNewECode): null

2018-11-22 23:35:00 - [TEST_STEP][PASSED] - Statement - out.println("


" + UpdateAddNewECode + "


"): null

2018-11-22 23:35:00 - [MESSAGE][PASSED] - Call Test Case 'Test Cases/Final Aug 2018 - PKS Automation/Common/Emp Code Setter' successfully

2018-11-22 23:35:00 - [MESSAGE][PASSED] - Call Test Case 'Test Cases/Final Aug 2018 - PKS Automation/Registration Module/Workflow/Update Add New Employee/Template/New Company for Update Add New' successfully

2018-11-22 23:35:00 - [TEST_STEP][PASSED] - callTestCase: Call Test Case 'Test Cases/Final Aug 2018 - PKS Automation/Registration Module/Log Out/log out avoiding katalon tagging' successfully

2018-11-22 23:35:00 - [TEST_CASE][PASSED] - Test Cases/Final Aug 2018 - PKS Automation/Registration Module/Log Out/log out avoiding katalon tagging: Test Cases/Final Aug 2018 - PKS Automation/Registration Module/Log Out/log out avoiding katalon tagging

2018-11-22 23:35:00 - [TEST_STEP][PASSED] - navigateToUrl: Navigate to 'https://assist2-uat.perkeso.gov.my/c/portal/logout' successfully

2018-11-22 23:35:01 - [MESSAGE][PASSED] - Navigate to 'https://assist2-uat.perkeso.gov.my/c/portal/logout' successfully

2018-11-22 23:35:01 - [MESSAGE][PASSED] - Call Test Case 'Test Cases/Final Aug 2018 - PKS Automation/Registration Module/Log Out/log out avoiding katalon tagging' successfully

2018-11-22 23:35:01 - [TEST_STEP][PASSED] - callTestCase: Call Test Case 'Test Cases/Final Aug 2018 - PKS Automation/Registration Module/New Registration/Form 2/Date Updater' successfully

2018-11-22 23:35:01 - [TEST_CASE][PASSED] - Test Cases/Final Aug 2018 - PKS Automation/Registration Module/New Registration/Form 2/Date Updater: Test Cases/Final Aug 2018 - PKS Automation/Registration Module/New Registration/Form 2/Date Updater

2018-11-22 23:35:01 - [TEST_STEP][PASSED] - Statement - TodayDate = new java.util.Date(): null

2018-11-22 23:35:01 - [TEST_STEP][PASSED] - Statement - CurrentDateNoFilter = new java.text.SimpleDateFormat(): null

2018-11-22 23:35:01 - [TEST_STEP][PASSED] - Statement - CurrentDateNoFilter.applyPattern("dd"): null

2018-11-22 23:35:01 - [TEST_STEP][PASSED] - Statement - CurrentDate = CurrentDateNoFilter.format(TodayDate): null

2018-11-22 23:35:01 - [TEST_STEP][PASSED] - Statement - CurrentDate = java.lang.Integer.parseInt(CurrentDate): null

2018-11-22 23:35:01 - [TEST_STEP][PASSED] - Statement - CurrentDate = CurrentDate: null

2018-11-22 23:35:01 - [TEST_STEP][PASSED] - Statement - CurrentDay = java.lang.Integer.parseInt(CurrentDate): null

2018-11-22 23:35:01 - [TEST_STEP][PASSED] - Statement - aDayBefore = CurrentDay + 1: null

2018-11-22 23:35:01 - [TEST_STEP][PASSED] - Statement - DayBefore = aDayBefore.toString(): null

2018-11-22 23:35:01 - [TEST_STEP][PASSED] - Statement - OneDayBefore = DayBefore: null

2018-11-22 23:35:01 - [TEST_STEP][PASSED] - Statement - CurrentDateNoFilter.applyPattern("MM"): null

2018-11-22 23:35:01 - [TEST_STEP][PASSED] - Statement - monthContainerMatcher = java.lang.Integer.parseInt(CurrentDateNoFilter.format(TodayDate)): null

2018-11-22 23:35:01 - [TEST_STEP][PASSED] - Statement - monthContainerMatcher = monthContainerMatcher - 1: null

2018-11-22 23:35:01 - [TEST_STEP][PASSED] - Statement - CurrentMonth = monthContainerMatcher.toString(): null

2018-11-22 23:35:01 - [TEST_STEP][PASSED] - Statement - CurrentMonth = CurrentMonth: null

2018-11-22 23:35:01 - [TEST_STEP][PASSED] - Statement - CurrentDateNoFilter.applyPattern("yyyy"): null

2018-11-22 23:35:01 - [TEST_STEP][PASSED] - Statement - CurrentYear = CurrentDateNoFilter.format(TodayDate): null

2018-11-22 23:35:01 - [TEST_STEP][PASSED] - Statement - CurrentYear = CurrentYear: null

2018-11-22 23:35:01 - [TEST_STEP][PASSED] - Statement - intCurrentYear = java.lang.Integer.parseInt(CurrentDateNoFilter.format(TodayDate)): null

2018-11-22 23:35:01 - [TEST_STEP][PASSED] - Statement - eighteenYrsAgo = intCurrentYear - 18: null

2018-11-22 23:35:01 - [TEST_STEP][PASSED] - Statement - eighteenYrsBeforeThisYr = eighteenYrsAgo.toString(): null

2018-11-22 23:35:01 - [TEST_STEP][PASSED] - Statement - EighteenYrsBefore = eighteenYrsBeforeThisYr: null

2018-11-22 23:35:01 - [TEST_STEP][PASSED] - Statement - fiftysevenYrsAgo = intCurrentYear - 57: null

2018-11-22 23:35:01 - [TEST_STEP][PASSED] - Statement - fiftysevenYrsBeforeThisYr = fiftysevenYrsAgo.toString(): null

2018-11-22 23:35:01 - [TEST_STEP][PASSED] - Statement - FiftysevenYrsBefore = fiftysevenYrsBeforeThisYr: null

2018-11-22 23:35:01 - [MESSAGE][PASSED] - Call Test Case 'Test Cases/Final Aug 2018 - PKS Automation/Registration Module/New Registration/Form 2/Date Updater' successfully

2018-11-22 23:35:01 - [TEST_STEP][PASSED] - delay: Delayed 2 second(s)

2018-11-22 23:35:03 - [MESSAGE][PASSED] - Delayed 2 second(s)

2018-11-22 23:35:03 - [TEST_STEP][PASSED] - setText: Text 'klpkrbo2@gmail.com' is set on object 'Object Repository/Final Object Repo/Page_Update Add New Employee - ASSIST/Email TextBox'

2018-11-22 23:35:03 - [MESSAGE][PASSED] - Text 'klpkrbo2@gmail.com' is set on object 'Object Repository/Final Object Repo/Page_Update Add New Employee - ASSIST/Email TextBox'

2018-11-22 23:35:03 - [TEST_STEP][PASSED] - click: Object: 'Object Repository/Final Object Repo/Page_Update Add New Employee - ASSIST/Next Button' is clicked on

2018-11-22 23:35:03 - [MESSAGE][PASSED] - Object: 'Object Repository/Final Object Repo/Page_Update Add New Employee - ASSIST/Next Button' is clicked on

2018-11-22 23:35:03 - [TEST_STEP][PASSED] - delay: Delayed 2 second(s)

2018-11-22 23:35:05 - [MESSAGE][PASSED] - Delayed 2 second(s)

2018-11-22 23:35:05 - [TEST_STEP][PASSED] - setText: Text 'Test1@3456789' is set on object 'Object Repository/Final Object Repo/Page_Update Add New Employee - ASSIST/Password TextBox'

2018-11-22 23:35:06 - [MESSAGE][PASSED] - Text 'Test1@3456789' is set on object 'Object Repository/Final Object Repo/Page_Update Add New Employee - ASSIST/Password TextBox'

2018-11-22 23:35:06 - [TEST_STEP][PASSED] - delay: Delayed 2 second(s)

2018-11-22 23:35:08 - [MESSAGE][PASSED] - Delayed 2 second(s)

2018-11-22 23:35:08 - [TEST_STEP][PASSED] - click: Object: 'Object Repository/Final Object Repo/Page_Update Add New Employee - ASSIST/Login Button' is clicked on

2018-11-22 23:35:08 - [MESSAGE][PASSED] - Object: 'Object Repository/Final Object Repo/Page_Update Add New Employee - ASSIST/Login Button' is clicked on

2018-11-22 23:35:08 - [TEST_STEP][PASSED] - delay: Delayed 4 second(s)

2018-11-22 23:35:12 - [MESSAGE][PASSED] - Delayed 4 second(s)

2018-11-22 23:35:12 - [TEST_STEP][PASSED] - Statement - Try: Delayed 2 second(s)

2018-11-22 23:35:12 - [TEST_STEP][PASSED] - Statement - Checker = false: null

2018-11-22 23:35:12 - [TEST_STEP][PASSED] - Statement - Checker = com.kms.katalon.core.webui.keyword.WebUiBuiltInKeywords.verifyElementHasAttribute(com.kms.katalon.core.testobject.ObjectRepository.findTestObject(Final Object Repo/Landing Page/BM Detecting), "href", 20, OPTIONAL): Object 'Object Repository/Final Object Repo/Landing Page/BM Detecting' has attribute 'href'

2018-11-22 23:35:12 - [MESSAGE][PASSED] - Object 'Object Repository/Final Object Repo/Landing Page/BM Detecting' has attribute 'href'

2018-11-22 23:35:12 - [TEST_STEP][PASSED] - Statement - out.println(Checker): null

2018-11-22 23:35:12 - [TEST_STEP][PASSED] - Statement - If (Checker == false): null

2018-11-22 23:35:12 - [TEST_STEP][PASSED] - Statement - Else: null

2018-11-22 23:35:12 - [TEST_STEP][PASSED] - delay: Delayed 2 second(s)

2018-11-22 23:35:14 - [MESSAGE][PASSED] - Delayed 2 second(s)

2018-11-22 23:35:14 - [TEST_STEP][PASSED] - delay: Delayed 4 second(s)

2018-11-22 23:35:18 - [MESSAGE][PASSED] - Delayed 4 second(s)

2018-11-22 23:35:18 - [TEST_STEP][PASSED] - click: Object: 'Object Repository/Final Object Repo/Page_Update Add New Employee - ASSIST/My Sites Drop Down' is clicked on

2018-11-22 23:35:18 - [MESSAGE][PASSED] - Object: 'Object Repository/Final Object Repo/Page_Update Add New Employee - ASSIST/My Sites Drop Down' is clicked on

2018-11-22 23:35:18 - [TEST_STEP][PASSED] - click: Object: 'Object Repository/Final Object Repo/Page_Update Add New Employee - ASSIST/Select to Registration Module' is clicked on

2018-11-22 23:35:19 - [MESSAGE][PASSED] - Object: 'Object Repository/Final Object Repo/Page_Update Add New Employee - ASSIST/Select to Registration Module' is clicked on

2018-11-22 23:35:19 - [TEST_STEP][PASSED] - navigateToUrl: Navigate to 'https://assist2-uat.perkeso.gov.my/web/registration/myassist' successfully

2018-11-22 23:35:20 - [MESSAGE][PASSED] - Navigate to 'https://assist2-uat.perkeso.gov.my/web/registration/myassist' successfully

2018-11-22 23:35:20 - [TEST_STEP][PASSED] - mouseOver: Object: 'Object Repository/Final Object Repo/Page_Update Add New Employee - ASSIST/Select to Update Akta 4 Tab' is hovered

2018-11-22 23:35:20 - [MESSAGE][PASSED] - Object: 'Object Repository/Final Object Repo/Page_Update Add New Employee - ASSIST/Select to Update Akta 4 Tab' is hovered

2018-11-22 23:35:20 - [TEST_STEP][PASSED] - delay: Delayed 2 second(s)

2018-11-22 23:35:22 - [MESSAGE][PASSED] - Delayed 2 second(s)

2018-11-22 23:35:22 - [TEST_STEP][PASSED] - click: Object: 'Object Repository/Final Object Repo/Page_Update Add New Employee - ASSIST/Select to Update Add New Employee' is clicked on

2018-11-22 23:35:23 - [MESSAGE][PASSED] - Object: 'Object Repository/Final Object Repo/Page_Update Add New Employee - ASSIST/Select to Update Add New Employee' is clicked on

2018-11-22 23:35:23 - [TEST_STEP][PASSED] - delay: Delayed 2 second(s)

2018-11-22 23:35:25 - [MESSAGE][PASSED] - Delayed 2 second(s)

2018-11-22 23:35:25 - [TEST_STEP][PASSED] - setText: Text 'E1102070362A' is set on object 'Object Repository/Final Object Repo/Page_Update Add New Employee - ASSIST/Employer Code input textbox'

2018-11-22 23:35:25 - [MESSAGE][PASSED] - Text 'E1102070362A' is set on object 'Object Repository/Final Object Repo/Page_Update Add New Employee - ASSIST/Employer Code input textbox'

2018-11-22 23:35:25 - [TEST_STEP][PASSED] - delay: Delayed 2 second(s)

2018-11-22 23:35:27 - [MESSAGE][PASSED] - Delayed 2 second(s)

2018-11-22 23:35:27 - [TEST_STEP][PASSED] - click: Object: 'Object Repository/Final Object Repo/Page_Update Add New Employee - ASSIST/Search Button for Employer Code' is clicked on

2018-11-22 23:35:27 - [MESSAGE][PASSED] - Object: 'Object Repository/Final Object Repo/Page_Update Add New Employee - ASSIST/Search Button for Employer Code' is clicked on

2018-11-22 23:35:27 - [TEST_STEP][PASSED] - delay: Delayed 4 second(s)

2018-11-22 23:35:31 - [MESSAGE][PASSED] - Delayed 4 second(s)

2018-11-22 23:35:31 - [TEST_STEP][PASSED] - click: Object: 'Object Repository/Final Object Repo/Page_Update Add New Employee - ASSIST/Click to Edit Case' is clicked on

2018-11-22 23:35:33 - [MESSAGE][PASSED] - Object: 'Object Repository/Final Object Repo/Page_Update Add New Employee - ASSIST/Click to Edit Case' is clicked on

2018-11-22 23:35:33 - [TEST_STEP][PASSED] - callTestCase: Call Test Case 'Test Cases/Final Aug 2018 - PKS Automation/Registration Module/Workflow/Update Add New Employee/Template/Employee Adding/Employee Set Decider' successfully

2018-11-22 23:35:33 - [TEST_CASE][PASSED] - Test Cases/Final Aug 2018 - PKS Automation/Registration Module/Workflow/Update Add New Employee/Template/Employee Adding/Employee Set Decider: Test Cases/Final Aug 2018 - PKS Automation/Registration Module/Workflow/Update Add New Employee/Template/Employee Adding/Employee Set Decider

2018-11-22 23:35:33 - [TEST_STEP][PASSED] - delay: Delayed 4 second(s)

2018-11-22 23:35:37 - [MESSAGE][PASSED] - Delayed 4 second(s)

2018-11-22 23:35:37 - [TEST_STEP][PASSED] - click: Object: 'Object Repository/Final Object Repo/Page_Update Add New Employee - ASSIST/Add Employee Button' is clicked on

2018-11-22 23:35:38 - [MESSAGE][PASSED] - Object: 'Object Repository/Final Object Repo/Page_Update Add New Employee - ASSIST/Add Employee Button' is clicked on

2018-11-22 23:35:38 - [TEST_STEP][PASSED] - delay: Delayed 3 second(s)

2018-11-22 23:35:41 - [MESSAGE][PASSED] - Delayed 3 second(s)

2018-11-22 23:35:41 - [TEST_STEP][PASSED] - setText: Text '010903091920' is set on object 'Object Repository/Final Object Repo/Page_Update Add New Employee - ASSIST/NRIC Input'

2018-11-22 23:35:41 - [MESSAGE][PASSED] - Text '010903091920' is set on object 'Object Repository/Final Object Repo/Page_Update Add New Employee - ASSIST/NRIC Input'

2018-11-22 23:35:41 - [TEST_STEP][PASSED] - click: Object: 'Object Repository/Final Object Repo/Page_Update Add New Employee - ASSIST/button for search for IC' is clicked on

2018-11-22 23:35:41 - [MESSAGE][PASSED] - Object: 'Object Repository/Final Object Repo/Page_Update Add New Employee - ASSIST/button for search for IC' is clicked on

2018-11-22 23:35:41 - [TEST_STEP][PASSED] - delay: Delayed 2 second(s)

2018-11-22 23:35:43 - [MESSAGE][PASSED] - Delayed 2 second(s)

2018-11-22 23:35:43 - [TEST_STEP][PASSED] - sendKeys: Keys 'CONTROL + a' sent to object: 'Object Repository/Final Object Repo/Page_Update Add New Employee - ASSIST/Employee Name Input'

2018-11-22 23:35:43 - [MESSAGE][PASSED] - Keys 'CONTROL + a' sent to object: 'Object Repository/Final Object Repo/Page_Update Add New Employee - ASSIST/Employee Name Input'

2018-11-22 23:35:43 - [TEST_STEP][PASSED] - sendKeys: Keys 'CONTROL + c' sent to object: 'Object Repository/Final Object Repo/Page_Update Add New Employee - ASSIST/Employee Name Input'

2018-11-22 23:35:43 - [MESSAGE][PASSED] - Keys 'CONTROL + c' sent to object: 'Object Repository/Final Object Repo/Page_Update Add New Employee - ASSIST/Employee Name Input'

2018-11-22 23:35:43 - [TEST_STEP][PASSED] - Statement - toolkit = java.awt.Toolkit.getDefaultToolkit(): null

2018-11-22 23:35:43 - [TEST_STEP][PASSED] - Statement - clipboard = toolkit.getSystemClipboard(): null

2018-11-22 23:35:43 - [TEST_STEP][PASSED] - Statement - CurrentName = clipboard.getData(stringFlavor): null

2018-11-22 23:35:43 - [TEST_STEP][PASSED] - Statement - out.println("String from Clipboard:" + CurrentName): null

2018-11-22 23:35:43 - [TEST_STEP][PASSED] - Statement - If (CurrentName == "AUTOMATE002 ELIGIBLE 1"): null

2018-11-22 23:35:43 - [TEST_STEP][PASSED] - Statement - Else If (CurrentName == "AUTOMATE003 ELIGIBLE 1"): Call Test Case 'Test Cases/Final Aug 2018 - PKS Automation/Registration Module/Workflow/Update Add New Employee/Template/Employee Adding/Employee Adding Action Repeat IC - set 2' successfully

2018-11-22 23:35:43 - [TEST_STEP][PASSED] - callTestCase: Call Test Case 'Test Cases/Final Aug 2018 - PKS Automation/Registration Module/Workflow/Update Add New Employee/Template/Employee Adding/Employee Adding Action Repeat IC - set 2' successfully

2018-11-22 23:35:43 - [TEST_CASE][PASSED] - Test Cases/Final Aug 2018 - PKS Automation/Registration Module/Workflow/Update Add New Employee/Template/Employee Adding/Employee Adding Action Repeat IC - set 2: Test Cases/Final Aug 2018 - PKS Automation/Registration Module/Workflow/Update Add New Employee/Template/Employee Adding/Employee Adding Action Repeat IC - set 2

2018-11-22 23:35:43 - [TEST_STEP][PASSED] - setText: Text 'Automate002 eligible 1' is set on object 'Object Repository/Final Object Repo/Page_Update Add New Employee - ASSIST/Employee Name Input'

2018-11-22 23:35:44 - [MESSAGE][PASSED] - Text 'Automate002 eligible 1' is set on object 'Object Repository/Final Object Repo/Page_Update Add New Employee - ASSIST/Employee Name Input'

2018-11-22 23:35:44 - [TEST_STEP][PASSED] - delay: Delayed 2 second(s)

2018-11-22 23:35:46 - [MESSAGE][PASSED] - Delayed 2 second(s)

2018-11-22 23:35:46 - [TEST_STEP][PASSED] - click: Object: 'Object Repository/Final Object Repo/Page_Update Add New Employee - ASSIST/DatePicker Pop Up' is clicked on

2018-11-22 23:35:46 - [MESSAGE][PASSED] - Object: 'Object Repository/Final Object Repo/Page_Update Add New Employee - ASSIST/DatePicker Pop Up' is clicked on

2018-11-22 23:35:46 - [TEST_STEP][PASSED] - click: Object: 'Object Repository/Final Object Repo/Page_Update Add New Employee - ASSIST/DOB Month' is clicked on

2018-11-22 23:35:46 - [MESSAGE][PASSED] - Object: 'Object Repository/Final Object Repo/Page_Update Add New Employee - ASSIST/DOB Month' is clicked on

2018-11-22 23:35:46 - [TEST_STEP][PASSED] - Statement - CurrentMonth = CurrentMonth: null

2018-11-22 23:35:46 - [TEST_STEP][PASSED] - Statement - selectMonth = new com.kms.katalon.core.testobject.TestObject(): null

2018-11-22 23:35:46 - [TEST_STEP][PASSED] - Statement - selectMonth.addProperty("xpath", EQUALS, "//body/div/div/div/select/option[@value='" + CurrentMonth + "']", true): null

2018-11-22 23:35:46 - [TEST_STEP][PASSED] - click: Object: '' is clicked on

2018-11-22 23:35:46 - [MESSAGE][PASSED] - Object: '' is clicked on

2018-11-22 23:35:46 - [TEST_STEP][PASSED] - click: Object: 'Object Repository/Final Object Repo/Page_Update Add New Employee - ASSIST/DOB Year' is clicked on

2018-11-22 23:35:47 - [MESSAGE][PASSED] - Object: 'Object Repository/Final Object Repo/Page_Update Add New Employee - ASSIST/DOB Year' is clicked on

2018-11-22 23:35:47 - [TEST_STEP][PASSED] - Statement - Eyearsbf = EighteenYrsBefore: null

2018-11-22 23:35:47 - [TEST_STEP][PASSED] - Statement - selectYear = new com.kms.katalon.core.testobject.TestObject(): null

2018-11-22 23:35:47 - [TEST_STEP][PASSED] - Statement - selectYear.addProperty("xpath", EQUALS, "//div/div/div/select/option[@value='" + Eyearsbf + "']", true): null

2018-11-22 23:35:47 - [TEST_STEP][PASSED] - click: Object: '' is clicked on

2018-11-22 23:35:47 - [MESSAGE][PASSED] - Object: '' is clicked on

2018-11-22 23:35:47 - [TEST_STEP][PASSED] - Statement - UpdatedSelectDate = com.kms.katalon.core.webui.keyword.WebUiBuiltInKeywords.modifyObjectProperty(com.kms.katalon.core.testobject.ObjectRepository.findTestObject(Final Object Repo/Page_Update Add New Employee - ASSIST/DOB Date), "xpath", "equals", "//body/div/table/tbody/tr/td/a[text()="" + CurrentDate + ""]", true): Modify property of object successfully

2018-11-22 23:35:47 - [MESSAGE][PASSED] - Modify property of object successfully

2018-11-22 23:35:47 - [TEST_STEP][PASSED] - delay: Delayed 3 second(s)

2018-11-22 23:35:50 - [MESSAGE][PASSED] - Delayed 3 second(s)

2018-11-22 23:35:50 - [TEST_STEP][PASSED] - click: Object: 'Object Repository/Final Object Repo/Page_Update Add New Employee - ASSIST/DOB Date' is clicked on

2018-11-22 23:35:50 - [MESSAGE][PASSED] - Object: 'Object Repository/Final Object Repo/Page_Update Add New Employee - ASSIST/DOB Date' is clicked on

2018-11-22 23:35:50 - [TEST_STEP][PASSED] - delay: Delayed 2 second(s)

2018-11-22 23:35:52 - [MESSAGE][PASSED] - Delayed 2 second(s)

2018-11-22 23:35:52 - [TEST_STEP][PASSED] - click: Object: 'Object Repository/Final Object Repo/Page_Update Add New Employee - ASSIST/EmploymentStartDate Pop Up' is clicked on

2018-11-22 23:35:52 - [MESSAGE][PASSED] - Object: 'Object Repository/Final Object Repo/Page_Update Add New Employee - ASSIST/EmploymentStartDate Pop Up' is clicked on

2018-11-22 23:35:52 - [TEST_STEP][PASSED] - delay: Delayed 2 second(s)

2018-11-22 23:35:54 - [MESSAGE][PASSED] - Delayed 2 second(s)

2018-11-22 23:35:54 - [TEST_STEP][PASSED] - click: Object: 'Object Repository/Final Object Repo/Page_Update Add New Employee - ASSIST/Socso Employment StartDate Month' is clicked on

2018-11-22 23:35:54 - [MESSAGE][PASSED] - Object: 'Object Repository/Final Object Repo/Page_Update Add New Employee - ASSIST/Socso Employment StartDate Month' is clicked on

2018-11-22 23:35:54 - [TEST_STEP][PASSED] - delay: Delayed 1 second(s)

2018-11-22 23:35:55 - [MESSAGE][PASSED] - Delayed 1 second(s)

2018-11-22 23:35:55 - [TEST_STEP][PASSED] - click: Object: 'Object Repository/Final Object Repo/Page_Update Add New Employee - ASSIST/Select Socso Employement Startdate Month' is clicked on

2018-11-22 23:35:55 - [MESSAGE][PASSED] - Object: 'Object Repository/Final Object Repo/Page_Update Add New Employee - ASSIST/Select Socso Employement Startdate Month' is clicked on

2018-11-22 23:35:55 - [TEST_STEP][PASSED] - delay: Delayed 2 second(s)

2018-11-22 23:35:57 - [MESSAGE][PASSED] - Delayed 2 second(s)

2018-11-22 23:35:57 - [TEST_STEP][PASSED] - click: Object: 'Object Repository/Final Object Repo/Page_Update Add New Employee - ASSIST/Socso Employment StartDate Year' is clicked on

2018-11-22 23:35:58 - [MESSAGE][PASSED] - Object: 'Object Repository/Final Object Repo/Page_Update Add New Employee - ASSIST/Socso Employment StartDate Year' is clicked on

2018-11-22 23:35:58 - [TEST_STEP][PASSED] - delay: Delayed 1 second(s)

2018-11-22 23:35:59 - [MESSAGE][PASSED] - Delayed 1 second(s)

2018-11-22 23:35:59 - [TEST_STEP][PASSED] - click: Object: 'Object Repository/Final Object Repo/Page_Update Add New Employee - ASSIST/Select Socso Employment Startdate Year' is clicked on

2018-11-22 23:35:59 - [MESSAGE][PASSED] - Object: 'Object Repository/Final Object Repo/Page_Update Add New Employee - ASSIST/Select Socso Employment Startdate Year' is clicked on

2018-11-22 23:35:59 - [TEST_STEP][PASSED] - delay: Delayed 2 second(s)

2018-11-22 23:36:01 - [MESSAGE][PASSED] - Delayed 2 second(s)

2018-11-22 23:36:01 - [TEST_STEP][PASSED] - click: Object: 'Object Repository/Final Object Repo/Page_Update Add New Employee - ASSIST/Socso Employment Start Date Day' is clicked on

2018-11-22 23:36:01 - [MESSAGE][PASSED] - Object: 'Object Repository/Final Object Repo/Page_Update Add New Employee - ASSIST/Socso Employment Start Date Day' is clicked on

2018-11-22 23:36:01 - [TEST_STEP][PASSED] - delay: Delayed 2 second(s)

2018-11-22 23:36:03 - [MESSAGE][PASSED] - Delayed 2 second(s)

2018-11-22 23:36:03 - [TEST_STEP][PASSED] - click: Object: 'Object Repository/Final Object Repo/Page_Update Add New Employee - ASSIST/Save Button for Add Employee' is clicked on

2018-11-22 23:36:03 - [MESSAGE][PASSED] - Object: 'Object Repository/Final Object Repo/Page_Update Add New Employee - ASSIST/Save Button for Add Employee' is clicked on

2018-11-22 23:36:03 - [TEST_STEP][PASSED] - delay: Delayed 10 second(s)

2018-11-22 23:36:13 - [MESSAGE][PASSED] - Delayed 10 second(s)

2018-11-22 23:36:13 - [TEST_STEP][PASSED] - click: Object: 'Object Repository/Final Object Repo/Page_Update Add New Employee - ASSIST/Add Employee Button' is clicked on

2018-11-22 23:36:13 - [MESSAGE][PASSED] - Object: 'Object Repository/Final Object Repo/Page_Update Add New Employee - ASSIST/Add Employee Button' is clicked on

2018-11-22 23:36:13 - [TEST_STEP][PASSED] - delay: Delayed 6 second(s)

2018-11-22 23:36:19 - [MESSAGE][PASSED] - Delayed 6 second(s)

2018-11-22 23:36:19 - [TEST_STEP][PASSED] - setText: Text '620904059600' is set on object 'Object Repository/Final Object Repo/Page_Update Add New Employee - ASSIST/NRIC Input'

2018-11-22 23:36:20 - [MESSAGE][PASSED] - Text '620904059600' is set on object 'Object Repository/Final Object Repo/Page_Update Add New Employee - ASSIST/NRIC Input'

2018-11-22 23:36:20 - [TEST_STEP][PASSED] - click: Object: 'Object Repository/Final Object Repo/Page_Update Add New Employee - ASSIST/button for search for IC' is clicked on

2018-11-22 23:36:20 - [MESSAGE][PASSED] - Object: 'Object Repository/Final Object Repo/Page_Update Add New Employee - ASSIST/button for search for IC' is clicked on

2018-11-22 23:36:20 - [TEST_STEP][PASSED] - delay: Delayed 2 second(s)

2018-11-22 23:36:22 - [MESSAGE][PASSED] - Delayed 2 second(s)

2018-11-22 23:36:22 - [TEST_STEP][PASSED] - setText: Text 'Automate002 eligible 2' is set on object 'Object Repository/Final Object Repo/Page_Update Add New Employee - ASSIST/Employee Name Input'

2018-11-22 23:36:22 - [MESSAGE][PASSED] - Text 'Automate002 eligible 2' is set on object 'Object Repository/Final Object Repo/Page_Update Add New Employee - ASSIST/Employee Name Input'

2018-11-22 23:36:22 - [TEST_STEP][PASSED] - delay: Delayed 2 second(s)

2018-11-22 23:36:24 - [MESSAGE][PASSED] - Delayed 2 second(s)

2018-11-22 23:36:24 - [TEST_STEP][PASSED] - click: Object: 'Object Repository/Final Object Repo/Page_Update Add New Employee - ASSIST/DatePicker Pop Up' is clicked on

2018-11-22 23:36:25 - [MESSAGE][PASSED] - Object: 'Object Repository/Final Object Repo/Page_Update Add New Employee - ASSIST/DatePicker Pop Up' is clicked on

2018-11-22 23:36:25 - [TEST_STEP][PASSED] - delay: Delayed 2 second(s)

2018-11-22 23:36:27 - [MESSAGE][PASSED] - Delayed 2 second(s)

2018-11-22 23:36:27 - [TEST_STEP][PASSED] - click: Object: 'Object Repository/Final Object Repo/Page_Update Add New Employee - ASSIST/DOB Month' is clicked on

2018-11-22 23:36:27 - [MESSAGE][PASSED] - Object: 'Object Repository/Final Object Repo/Page_Update Add New Employee - ASSIST/DOB Month' is clicked on

2018-11-22 23:36:27 - [TEST_STEP][PASSED] - Statement - selectMonth = com.kms.katalon.core.webui.keyword.WebUiBuiltInKeywords.modifyObjectProperty(selectMonth, "xpath", "equals", "//body/div/div/div/select/option[@value="" + CurrentMonth + ""]", true): Modify property of object successfully

2018-11-22 23:36:27 - [MESSAGE][PASSED] - Modify property of object successfully

2018-11-22 23:36:27 - [TEST_STEP][PASSED] - click: Object: '' is clicked on

2018-11-22 23:36:27 - [MESSAGE][PASSED] - Object: '' is clicked on

2018-11-22 23:36:27 - [TEST_STEP][PASSED] - click: Object: 'Object Repository/Final Object Repo/Page_Update Add New Employee - ASSIST/DOB Year' is clicked on

2018-11-22 23:36:27 - [MESSAGE][PASSED] - Object: 'Object Repository/Final Object Repo/Page_Update Add New Employee - ASSIST/DOB Year' is clicked on

2018-11-22 23:36:27 - [TEST_STEP][PASSED] - Statement - selectYear = com.kms.katalon.core.webui.keyword.WebUiBuiltInKeywords.modifyObjectProperty(selectYear, "xpath", "equals", "//div/div/div/select/option[@value="" + FiftysevenYrsBefore + ""]", true): Modify property of object successfully

2018-11-22 23:36:27 - [MESSAGE][PASSED] - Modify property of object successfully

2018-11-22 23:36:27 - [TEST_STEP][PASSED] - click: Object: '' is clicked on

2018-11-22 23:36:27 - [MESSAGE][PASSED] - Object: '' is clicked on

2018-11-22 23:36:27 - [TEST_STEP][PASSED] - Statement - UpdatedSelectDate = com.kms.katalon.core.webui.keyword.WebUiBuiltInKeywords.modifyObjectProperty(com.kms.katalon.core.testobject.ObjectRepository.findTestObject(Final Object Repo/Page_Update Add New Employee - ASSIST/DOB Date), "xpath", "equals", "//body/div/table/tbody/tr/td/a[text()="" + OneDayBefore + ""]", true): Modify property of object successfully

2018-11-22 23:36:27 - [MESSAGE][PASSED] - Modify property of object successfully

2018-11-22 23:36:27 - [TEST_STEP][PASSED] - click: Object: 'Object Repository/Final Object Repo/Page_Update Add New Employee - ASSIST/DOB Date' is clicked on

2018-11-22 23:36:27 - [MESSAGE][PASSED] - Object: 'Object Repository/Final Object Repo/Page_Update Add New Employee - ASSIST/DOB Date' is clicked on

2018-11-22 23:36:27 - [TEST_STEP][PASSED] - delay: Delayed 2 second(s)

2018-11-22 23:36:29 - [MESSAGE][PASSED] - Delayed 2 second(s)

2018-11-22 23:36:29 - [TEST_STEP][PASSED] - click: Object: 'Object Repository/Final Object Repo/Page_Update Add New Employee - ASSIST/EmploymentStartDate Pop Up' is clicked on

2018-11-22 23:36:30 - [MESSAGE][PASSED] - Object: 'Object Repository/Final Object Repo/Page_Update Add New Employee - ASSIST/EmploymentStartDate Pop Up' is clicked on

2018-11-22 23:36:30 - [TEST_STEP][PASSED] - delay: Delayed 2 second(s)

2018-11-22 23:36:32 - [MESSAGE][PASSED] - Delayed 2 second(s)

2018-11-22 23:36:32 - [TEST_STEP][PASSED] - click: Object: 'Object Repository/Final Object Repo/Page_Update Add New Employee - ASSIST/Socso Employment StartDate Month' is clicked on

2018-11-22 23:36:32 - [MESSAGE][PASSED] - Object: 'Object Repository/Final Object Repo/Page_Update Add New Employee - ASSIST/Socso Employment StartDate Month' is clicked on

2018-11-22 23:36:32 - [TEST_STEP][PASSED] - delay: Delayed 1 second(s)

2018-11-22 23:36:33 - [MESSAGE][PASSED] - Delayed 1 second(s)

2018-11-22 23:36:33 - [TEST_STEP][PASSED] - click: Object: 'Object Repository/Final Object Repo/Page_Update Add New Employee - ASSIST/Select Socso Employement Startdate Month' is clicked on

2018-11-22 23:36:33 - [MESSAGE][PASSED] - Object: 'Object Repository/Final Object Repo/Page_Update Add New Employee - ASSIST/Select Socso Employement Startdate Month' is clicked on

2018-11-22 23:36:33 - [TEST_STEP][PASSED] - delay: Delayed 2 second(s)

2018-11-22 23:36:35 - [MESSAGE][PASSED] - Delayed 2 second(s)

2018-11-22 23:36:35 - [TEST_STEP][PASSED] - click: Object: 'Object Repository/Final Object Repo/Page_Update Add New Employee - ASSIST/Socso Employment StartDate Year' is clicked on

2018-11-22 23:36:35 - [MESSAGE][PASSED] - Object: 'Object Repository/Final Object Repo/Page_Update Add New Employee - ASSIST/Socso Employment StartDate Year' is clicked on

2018-11-22 23:36:35 - [TEST_STEP][PASSED] - delay: Delayed 1 second(s)

2018-11-22 23:36:36 - [MESSAGE][PASSED] - Delayed 1 second(s)

2018-11-22 23:36:36 - [TEST_STEP][PASSED] - click: Object: 'Object Repository/Final Object Repo/Page_Update Add New Employee - ASSIST/Select Socso Employment Startdate Year' is clicked on

2018-11-22 23:36:36 - [MESSAGE][PASSED] - Object: 'Object Repository/Final Object Repo/Page_Update Add New Employee - ASSIST/Select Socso Employment Startdate Year' is clicked on

2018-11-22 23:36:36 - [TEST_STEP][PASSED] - delay: Delayed 2 second(s)

2018-11-22 23:36:38 - [MESSAGE][PASSED] - Delayed 2 second(s)

2018-11-22 23:36:38 - [TEST_STEP][PASSED] - click: Object: 'Object Repository/Final Object Repo/Page_Update Add New Employee - ASSIST/Socso Employment Start Date Day' is clicked on

2018-11-22 23:36:38 - [MESSAGE][PASSED] - Object: 'Object Repository/Final Object Repo/Page_Update Add New Employee - ASSIST/Socso Employment Start Date Day' is clicked on

2018-11-22 23:36:38 - [TEST_STEP][PASSED] - delay: Delayed 2 second(s)

2018-11-22 23:36:40 - [MESSAGE][PASSED] - Delayed 2 second(s)

2018-11-22 23:36:40 - [TEST_STEP][PASSED] - click: Object: 'Object Repository/Final Object Repo/Page_Update Add New Employee - ASSIST/Save Button for Add Employee' is clicked on

2018-11-22 23:36:41 - [MESSAGE][PASSED] - Object: 'Object Repository/Final Object Repo/Page_Update Add New Employee - ASSIST/Save Button for Add Employee' is clicked on

2018-11-22 23:36:41 - [TEST_STEP][PASSED] - delay: Delayed 5 second(s)

2018-11-22 23:36:46 - [MESSAGE][PASSED] - Delayed 5 second(s)

2018-11-22 23:36:46 - [TEST_STEP][PASSED] - waitForElementClickable: Object 'Object Repository/Final Object Repo/Page_Update Add New Employee - ASSIST/Add Employee Button' is clickable

2018-11-22 23:36:46 - [MESSAGE][PASSED] - Object 'Object Repository/Final Object Repo/Page_Update Add New Employee - ASSIST/Add Employee Button' is clickable

2018-11-22 23:36:46 - [TEST_STEP][PASSED] - click: Object: 'Object Repository/Final Object Repo/Page_Update Add New Employee - ASSIST/Add Employee Button' is clicked on

2018-11-22 23:36:46 - [MESSAGE][PASSED] - Object: 'Object Repository/Final Object Repo/Page_Update Add New Employee - ASSIST/Add Employee Button' is clicked on

2018-11-22 23:36:46 - [TEST_STEP][PASSED] - delay: Delayed 4 second(s)

2018-11-22 23:36:50 - [MESSAGE][PASSED] - Delayed 4 second(s)

2018-11-22 23:36:50 - [TEST_STEP][PASSED] - setText: Text '000209039100' is set on object 'Object Repository/Final Object Repo/Page_Update Add New Employee - ASSIST/NRIC Input'

2018-11-22 23:36:50 - [MESSAGE][PASSED] - Text '000209039100' is set on object 'Object Repository/Final Object Repo/Page_Update Add New Employee - ASSIST/NRIC Input'

2018-11-22 23:36:50 - [TEST_STEP][PASSED] - click: Object: 'Object Repository/Final Object Repo/Page_Update Add New Employee - ASSIST/button for search for IC' is clicked on

2018-11-22 23:36:50 - [MESSAGE][PASSED] - Object: 'Object Repository/Final Object Repo/Page_Update Add New Employee - ASSIST/button for search for IC' is clicked on

2018-11-22 23:36:50 - [TEST_STEP][PASSED] - delay: Delayed 2 second(s)

2018-11-22 23:36:52 - [MESSAGE][PASSED] - Delayed 2 second(s)

2018-11-22 23:36:52 - [TEST_STEP][PASSED] - setText: Text 'Automate002 not eligible 1' is set on object 'Object Repository/Final Object Repo/Page_Update Add New Employee - ASSIST/Employee Name Input'

2018-11-22 23:36:53 - [MESSAGE][PASSED] - Text 'Automate002 not eligible 1' is set on object 'Object Repository/Final Object Repo/Page_Update Add New Employee - ASSIST/Employee Name Input'

2018-11-22 23:36:53 - [TEST_STEP][PASSED] - delay: Delayed 2 second(s)

2018-11-22 23:36:55 - [MESSAGE][PASSED] - Delayed 2 second(s)

2018-11-22 23:36:55 - [TEST_STEP][PASSED] - click: Object: 'Object Repository/Final Object Repo/Page_Update Add New Employee - ASSIST/DatePicker Pop Up' is clicked on

2018-11-22 23:36:55 - [MESSAGE][PASSED] - Object: 'Object Repository/Final Object Repo/Page_Update Add New Employee - ASSIST/DatePicker Pop Up' is clicked on

2018-11-22 23:36:55 - [TEST_STEP][PASSED] - delay: Delayed 2 second(s)

2018-11-22 23:36:57 - [MESSAGE][PASSED] - Delayed 2 second(s)

2018-11-22 23:36:57 - [TEST_STEP][PASSED] - click: Object: 'Object Repository/Final Object Repo/Page_Update Add New Employee - ASSIST/DOB Month' is clicked on

2018-11-22 23:36:57 - [MESSAGE][PASSED] - Object: 'Object Repository/Final Object Repo/Page_Update Add New Employee - ASSIST/DOB Month' is clicked on

2018-11-22 23:36:57 - [TEST_STEP][PASSED] - Statement - selectMonth = com.kms.katalon.core.webui.keyword.WebUiBuiltInKeywords.modifyObjectProperty(selectMonth, "xpath", "equals", "//body/div/div/div/select/option[@value="" + CurrentMonth + ""]", true): Modify property of object successfully

2018-11-22 23:36:57 - [MESSAGE][PASSED] - Modify property of object successfully

2018-11-22 23:36:57 - [TEST_STEP][PASSED] - click: Object: '' is clicked on

2018-11-22 23:36:57 - [MESSAGE][PASSED] - Object: '' is clicked on

2018-11-22 23:36:57 - [TEST_STEP][PASSED] - click: Object: 'Object Repository/Final Object Repo/Page_Update Add New Employee - ASSIST/DOB Year' is clicked on

2018-11-22 23:36:58 - [MESSAGE][PASSED] - Object: 'Object Repository/Final Object Repo/Page_Update Add New Employee - ASSIST/DOB Year' is clicked on

2018-11-22 23:36:58 - [TEST_STEP][PASSED] - Statement - selectYear = com.kms.katalon.core.webui.keyword.WebUiBuiltInKeywords.modifyObjectProperty(selectYear, "xpath", "equals", "//div/div/div/select/option[@value="" + EighteenYrsBefore + ""]", true): Modify property of object successfully

2018-11-22 23:36:58 - [MESSAGE][PASSED] - Modify property of object successfully

2018-11-22 23:36:58 - [TEST_STEP][PASSED] - click: Object: '' is clicked on

2018-11-22 23:36:58 - [MESSAGE][PASSED] - Object: '' is clicked on

2018-11-22 23:36:58 - [TEST_STEP][PASSED] - Statement - UpdatedSelectDate = com.kms.katalon.core.webui.keyword.WebUiBuiltInKeywords.modifyObjectProperty(com.kms.katalon.core.testobject.ObjectRepository.findTestObject(Final Object Repo/Page_Update Add New Employee - ASSIST/DOB Date), "xpath", "equals", "//body/div/table/tbody/tr/td/a[text()="" + OneDayBefore + ""]", true): Modify property of object successfully

2018-11-22 23:36:58 - [MESSAGE][PASSED] - Modify property of object successfully

2018-11-22 23:36:58 - [TEST_STEP][PASSED] - click: Object: 'Object Repository/Final Object Repo/Page_Update Add New Employee - ASSIST/DOB Date' is clicked on

2018-11-22 23:36:58 - [MESSAGE][PASSED] - Object: 'Object Repository/Final Object Repo/Page_Update Add New Employee - ASSIST/DOB Date' is clicked on

2018-11-22 23:36:58 - [TEST_STEP][PASSED] - delay: Delayed 2 second(s)

2018-11-22 23:37:00 - [MESSAGE][PASSED] - Delayed 2 second(s)

2018-11-22 23:37:00 - [TEST_STEP][PASSED] - click: Object: 'Object Repository/Final Object Repo/Page_Update Add New Employee - ASSIST/EmploymentStartDate Pop Up' is clicked on

2018-11-22 23:37:00 - [MESSAGE][PASSED] - Object: 'Object Repository/Final Object Repo/Page_Update Add New Employee - ASSIST/EmploymentStartDate Pop Up' is clicked on

2018-11-22 23:37:00 - [TEST_STEP][PASSED] - delay: Delayed 2 second(s)

2018-11-22 23:37:02 - [MESSAGE][PASSED] - Delayed 2 second(s)

2018-11-22 23:37:02 - [TEST_STEP][PASSED] - click: Object: 'Object Repository/Final Object Repo/Page_Update Add New Employee - ASSIST/Socso Employment StartDate Month' is clicked on

2018-11-22 23:37:02 - [MESSAGE][PASSED] - Object: 'Object Repository/Final Object Repo/Page_Update Add New Employee - ASSIST/Socso Employment StartDate Month' is clicked on

2018-11-22 23:37:02 - [TEST_STEP][PASSED] - delay: Delayed 1 second(s)

2018-11-22 23:37:03 - [MESSAGE][PASSED] - Delayed 1 second(s)

2018-11-22 23:37:03 - [TEST_STEP][PASSED] - click: Object: 'Object Repository/Final Object Repo/Page_Update Add New Employee - ASSIST/Select Socso Employement Startdate Month' is clicked on

2018-11-22 23:37:03 - [MESSAGE][PASSED] - Object: 'Object Repository/Final Object Repo/Page_Update Add New Employee - ASSIST/Select Socso Employement Startdate Month' is clicked on

2018-11-22 23:37:03 - [TEST_STEP][PASSED] - delay: Delayed 2 second(s)

2018-11-22 23:37:05 - [MESSAGE][PASSED] - Delayed 2 second(s)

2018-11-22 23:37:05 - [TEST_STEP][PASSED] - click: Object: 'Object Repository/Final Object Repo/Page_Update Add New Employee - ASSIST/Socso Employment StartDate Year' is clicked on

2018-11-22 23:37:06 - [MESSAGE][PASSED] - Object: 'Object Repository/Final Object Repo/Page_Update Add New Employee - ASSIST/Socso Employment StartDate Year' is clicked on

2018-11-22 23:37:06 - [TEST_STEP][PASSED] - delay: Delayed 1 second(s)

2018-11-22 23:37:07 - [MESSAGE][PASSED] - Delayed 1 second(s)

2018-11-22 23:37:07 - [TEST_STEP][PASSED] - click: Object: 'Object Repository/Final Object Repo/Page_Update Add New Employee - ASSIST/Select Socso Employment Startdate Year' is clicked on

2018-11-22 23:37:07 - [MESSAGE][PASSED] - Object: 'Object Repository/Final Object Repo/Page_Update Add New Employee - ASSIST/Select Socso Employment Startdate Year' is clicked on

2018-11-22 23:37:07 - [TEST_STEP][PASSED] - delay: Delayed 2 second(s)

2018-11-22 23:37:09 - [MESSAGE][PASSED] - Delayed 2 second(s)

2018-11-22 23:37:09 - [TEST_STEP][PASSED] - click: Object: 'Object Repository/Final Object Repo/Page_Update Add New Employee - ASSIST/Socso Employment Start Date Day' is clicked on

2018-11-22 23:37:09 - [MESSAGE][PASSED] - Object: 'Object Repository/Final Object Repo/Page_Update Add New Employee - ASSIST/Socso Employment Start Date Day' is clicked on

2018-11-22 23:37:09 - [TEST_STEP][PASSED] - delay: Delayed 2 second(s)

2018-11-22 23:37:11 - [MESSAGE][PASSED] - Delayed 2 second(s)

2018-11-22 23:37:11 - [TEST_STEP][PASSED] - click: Object: 'Object Repository/Final Object Repo/Page_Update Add New Employee - ASSIST/Save Button for Add Employee' is clicked on

2018-11-22 23:37:11 - [MESSAGE][PASSED] - Object: 'Object Repository/Final Object Repo/Page_Update Add New Employee - ASSIST/Save Button for Add Employee' is clicked on

2018-11-22 23:37:11 - [TEST_STEP][PASSED] - delay: Delayed 20 second(s)

2018-11-22 23:37:31 - [MESSAGE][PASSED] - Delayed 20 second(s)

2018-11-22 23:37:31 - [TEST_STEP][PASSED] - click: Object: 'Object Repository/Final Object Repo/Page_Update Add New Employee - ASSIST/Add Employee Button' is clicked on

2018-11-22 23:37:31 - [MESSAGE][PASSED] - Object: 'Object Repository/Final Object Repo/Page_Update Add New Employee - ASSIST/Add Employee Button' is clicked on

2018-11-22 23:37:31 - [TEST_STEP][PASSED] - delay: Delayed 4 second(s)

2018-11-22 23:37:35 - [MESSAGE][PASSED] - Delayed 4 second(s)

2018-11-22 23:37:35 - [TEST_STEP][PASSED] - setText: Text '600203039104' is set on object 'Object Repository/Final Object Repo/Page_Update Add New Employee - ASSIST/NRIC Input'

2018-11-22 23:37:36 - [MESSAGE][PASSED] - Text '600203039104' is set on object 'Object Repository/Final Object Repo/Page_Update Add New Employee - ASSIST/NRIC Input'

2018-11-22 23:37:36 - [TEST_STEP][PASSED] - click: Object: 'Object Repository/Final Object Repo/Page_Update Add New Employee - ASSIST/button for search for IC' is clicked on

2018-11-22 23:37:36 - [MESSAGE][PASSED] - Object: 'Object Repository/Final Object Repo/Page_Update Add New Employee - ASSIST/button for search for IC' is clicked on

2018-11-22 23:37:36 - [TEST_STEP][PASSED] - delay: Delayed 2 second(s)

2018-11-22 23:37:38 - [MESSAGE][PASSED] - Delayed 2 second(s)

2018-11-22 23:37:38 - [TEST_STEP][PASSED] - setText: Text 'Automate002 not eligible 2' is set on object 'Object Repository/Final Object Repo/Page_Update Add New Employee - ASSIST/Employee Name Input'

2018-11-22 23:37:38 - [MESSAGE][PASSED] - Text 'Automate002 not eligible 2' is set on object 'Object Repository/Final Object Repo/Page_Update Add New Employee - ASSIST/Employee Name Input'

2018-11-22 23:37:38 - [TEST_STEP][PASSED] - delay: Delayed 2 second(s)

2018-11-22 23:37:40 - [MESSAGE][PASSED] - Delayed 2 second(s)

2018-11-22 23:37:40 - [TEST_STEP][PASSED] - click: Object: 'Object Repository/Final Object Repo/Page_Update Add New Employee - ASSIST/DatePicker Pop Up' is clicked on

2018-11-22 23:37:41 - [MESSAGE][PASSED] - Object: 'Object Repository/Final Object Repo/Page_Update Add New Employee - ASSIST/DatePicker Pop Up' is clicked on

2018-11-22 23:37:41 - [TEST_STEP][PASSED] - delay: Delayed 2 second(s)

2018-11-22 23:37:43 - [MESSAGE][PASSED] - Delayed 2 second(s)

2018-11-22 23:37:43 - [TEST_STEP][PASSED] - click: Object: 'Object Repository/Final Object Repo/Page_Update Add New Employee - ASSIST/DOB Month' is clicked on

2018-11-22 23:37:43 - [MESSAGE][PASSED] - Object: 'Object Repository/Final Object Repo/Page_Update Add New Employee - ASSIST/DOB Month' is clicked on

2018-11-22 23:37:43 - [TEST_STEP][PASSED] - Statement - selectMonth = com.kms.katalon.core.webui.keyword.WebUiBuiltInKeywords.modifyObjectProperty(selectMonth, "xpath", "equals", "//body/div/div/div/select/option[@value="" + CurrentMonth + ""]", true): Modify property of object successfully

2018-11-22 23:37:43 - [MESSAGE][PASSED] - Modify property of object successfully

2018-11-22 23:37:43 - [TEST_STEP][PASSED] - click: Object: '' is clicked on

2018-11-22 23:37:43 - [MESSAGE][PASSED] - Object: '' is clicked on

2018-11-22 23:37:43 - [TEST_STEP][PASSED] - click: Object: 'Object Repository/Final Object Repo/Page_Update Add New Employee - ASSIST/DOB Year' is clicked on

2018-11-22 23:37:43 - [MESSAGE][PASSED] - Object: 'Object Repository/Final Object Repo/Page_Update Add New Employee - ASSIST/DOB Year' is clicked on

2018-11-22 23:37:43 - [TEST_STEP][PASSED] - Statement - selectYear = com.kms.katalon.core.webui.keyword.WebUiBuiltInKeywords.modifyObjectProperty(selectYear, "xpath", "equals", "//div/div/div/select/option[@value="" + FiftysevenYrsBefore + ""]", true): Modify property of object successfully

2018-11-22 23:37:43 - [MESSAGE][PASSED] - Modify property of object successfully

2018-11-22 23:37:43 - [TEST_STEP][PASSED] - click: Object: '' is clicked on

2018-11-22 23:37:43 - [MESSAGE][PASSED] - Object: '' is clicked on

2018-11-22 23:37:43 - [TEST_STEP][PASSED] - Statement - UpdatedSelectDate = com.kms.katalon.core.webui.keyword.WebUiBuiltInKeywords.modifyObjectProperty(com.kms.katalon.core.testobject.ObjectRepository.findTestObject(Final Object Repo/Page_Update Add New Employee - ASSIST/DOB Date), "xpath", "equals", "//body/div/table/tbody/tr/td/a[text()="" + CurrentDate + ""]", true): Modify property of object successfully

2018-11-22 23:37:43 - [MESSAGE][PASSED] - Modify property of object successfully

2018-11-22 23:37:43 - [TEST_STEP][PASSED] - click: Object: 'Object Repository/Final Object Repo/Page_Update Add New Employee - ASSIST/DOB Date' is clicked on

2018-11-22 23:37:44 - [MESSAGE][PASSED] - Object: 'Object Repository/Final Object Repo/Page_Update Add New Employee - ASSIST/DOB Date' is clicked on

2018-11-22 23:37:44 - [TEST_STEP][PASSED] - click: Object: 'Object Repository/Final Object Repo/Page_Update Add New Employee - ASSIST/EmploymentStartDate Pop Up' is clicked on

2018-11-22 23:37:44 - [MESSAGE][PASSED] - Object: 'Object Repository/Final Object Repo/Page_Update Add New Employee - ASSIST/EmploymentStartDate Pop Up' is clicked on

2018-11-22 23:37:44 - [TEST_STEP][PASSED] - delay: Delayed 2 second(s)

2018-11-22 23:37:46 - [MESSAGE][PASSED] - Delayed 2 second(s)

2018-11-22 23:37:46 - [TEST_STEP][PASSED] - click: Object: 'Object Repository/Final Object Repo/Page_Update Add New Employee - ASSIST/Socso Employment StartDate Month' is clicked on

2018-11-22 23:37:46 - [MESSAGE][PASSED] - Object: 'Object Repository/Final Object Repo/Page_Update Add New Employee - ASSIST/Socso Employment StartDate Month' is clicked on

2018-11-22 23:37:46 - [TEST_STEP][PASSED] - delay: Delayed 1 second(s)

2018-11-22 23:37:47 - [MESSAGE][PASSED] - Delayed 1 second(s)

2018-11-22 23:37:47 - [TEST_STEP][PASSED] - click: Object: 'Object Repository/Final Object Repo/Page_Update Add New Employee - ASSIST/Select Socso Employement Startdate Month' is clicked on

2018-11-22 23:37:47 - [MESSAGE][PASSED] - Object: 'Object Repository/Final Object Repo/Page_Update Add New Employee - ASSIST/Select Socso Employement Startdate Month' is clicked on

2018-11-22 23:37:47 - [TEST_STEP][PASSED] - delay: Delayed 2 second(s)

2018-11-22 23:37:49 - [MESSAGE][PASSED] - Delayed 2 second(s)

2018-11-22 23:37:49 - [TEST_STEP][PASSED] - click: Object: 'Object Repository/Final Object Repo/Page_Update Add New Employee - ASSIST/Socso Employment StartDate Year' is clicked on

2018-11-22 23:37:49 - [MESSAGE][PASSED] - Object: 'Object Repository/Final Object Repo/Page_Update Add New Employee - ASSIST/Socso Employment StartDate Year' is clicked on

2018-11-22 23:37:49 - [TEST_STEP][PASSED] - delay: Delayed 1 second(s)

2018-11-22 23:37:50 - [MESSAGE][PASSED] - Delayed 1 second(s)

2018-11-22 23:37:50 - [TEST_STEP][PASSED] - click: Object: 'Object Repository/Final Object Repo/Page_Update Add New Employee - ASSIST/Select Socso Employment Startdate Year' is clicked on

2018-11-22 23:37:50 - [MESSAGE][PASSED] - Object: 'Object Repository/Final Object Repo/Page_Update Add New Employee - ASSIST/Select Socso Employment Startdate Year' is clicked on

2018-11-22 23:37:50 - [TEST_STEP][PASSED] - delay: Delayed 2 second(s)

2018-11-22 23:37:52 - [MESSAGE][PASSED] - Delayed 2 second(s)

2018-11-22 23:37:52 - [TEST_STEP][PASSED] - click: Object: 'Object Repository/Final Object Repo/Page_Update Add New Employee - ASSIST/Socso Employment Start Date Day' is clicked on

2018-11-22 23:37:53 - [MESSAGE][PASSED] - Object: 'Object Repository/Final Object Repo/Page_Update Add New Employee - ASSIST/Socso Employment Start Date Day' is clicked on

2018-11-22 23:37:53 - [TEST_STEP][PASSED] - delay: Delayed 2 second(s)

2018-11-22 23:37:55 - [MESSAGE][PASSED] - Delayed 2 second(s)

2018-11-22 23:37:55 - [TEST_STEP][PASSED] - click: Object: 'Object Repository/Final Object Repo/Page_Update Add New Employee - ASSIST/Save Button for Add Employee' is clicked on

2018-11-22 23:37:55 - [MESSAGE][PASSED] - Object: 'Object Repository/Final Object Repo/Page_Update Add New Employee - ASSIST/Save Button for Add Employee' is clicked on

2018-11-22 23:37:55 - [MESSAGE][PASSED] - Call Test Case 'Test Cases/Final Aug 2018 - PKS Automation/Registration Module/Workflow/Update Add New Employee/Template/Employee Adding/Employee Adding Action Repeat IC - set 2' successfully

2018-11-22 23:37:55 - [MESSAGE][PASSED] - Call Test Case 'Test Cases/Final Aug 2018 - PKS Automation/Registration Module/Workflow/Update Add New Employee/Template/Employee Adding/Employee Set Decider' successfully

2018-11-22 23:37:55 - [TEST_STEP][PASSED] - delay: Delayed 4 second(s)

2018-11-22 23:37:59 - [MESSAGE][PASSED] - Delayed 4 second(s)

2018-11-22 23:37:59 - [TEST_STEP][PASSED] - Statement - CaseReferenceNo = com.kms.katalon.core.webui.keyword.WebUiBuiltInKeywords.getText(com.kms.katalon.core.testobject.ObjectRepository.findTestObject(Final Object Repo/Page_Update Add New Employee - ASSIST/RefNo)): Text of object 'Object Repository/Final Object Repo/Page_Update Add New Employee - ASSIST/RefNo' is: 'CAN11201800002172'

2018-11-22 23:37:59 - [MESSAGE][PASSED] - Text of object 'Object Repository/Final Object Repo/Page_Update Add New Employee - ASSIST/RefNo' is: 'CAN11201800002172'

2018-11-22 23:37:59 - [TEST_STEP][PASSED] - callTestCase: Call Test Case 'Test Cases/Final Aug 2018 - PKS Automation/Common/Reference Number Setter' successfully

2018-11-22 23:37:59 - [TEST_CASE][PASSED] - Test Cases/Final Aug 2018 - PKS Automation/Common/Reference Number Setter: Test Cases/Final Aug 2018 - PKS Automation/Common/Reference Number Setter

2018-11-22 23:37:59 - [TEST_STEP][PASSED] - Statement - RefNoOldFile = new java.io.File(C://Users//Admin//Desktop//PKS//Automation Reference Point//KatalonReference.txt): null

2018-11-22 23:37:59 - [TEST_STEP][PASSED] - Statement - RefNoOldFile.delete(): null

2018-11-22 23:37:59 - [TEST_STEP][PASSED] - delay: Delayed 5 second(s)

2018-11-22 23:38:04 - [MESSAGE][PASSED] - Delayed 5 second(s)

2018-11-22 23:38:04 - [TEST_STEP][PASSED] - Statement - RefNo = new java.io.File(C://Users//Admin//Desktop//PKS//Automation Reference Point//KatalonReference.txt): null

2018-11-22 23:38:04 - [TEST_STEP][PASSED] - Statement - f2 = new java.io.FileWriter(RefNo, false): null

2018-11-22 23:38:04 - [TEST_STEP][PASSED] - Statement - f2.write(CaseReferenceNo): null

2018-11-22 23:38:04 - [TEST_STEP][PASSED] - Statement - f2.close(): null

2018-11-22 23:38:04 - [TEST_STEP][PASSED] - Statement - out.println("


" + CaseReferenceNo + "


"): null

2018-11-22 23:38:04 - [MESSAGE][PASSED] - Call Test Case 'Test Cases/Final Aug 2018 - PKS Automation/Common/Reference Number Setter' successfully

2018-11-22 23:38:04 - [TEST_STEP][PASSED] - delay: Delayed 5 second(s)

2018-11-22 23:38:09 - [MESSAGE][PASSED] - Delayed 5 second(s)

2018-11-22 23:38:09 - [TEST_STEP][PASSED] - click: Object: 'Object Repository/Final Object Repo/Page_Update Add New Employee - ASSIST/Save  Continue Button' is clicked on

2018-11-22 23:38:09 - [MESSAGE][PASSED] - Object: 'Object Repository/Final Object Repo/Page_Update Add New Employee - ASSIST/Save  Continue Button' is clicked on

2018-11-22 23:38:09 - [TEST_STEP][PASSED] - delay: Delayed 5 second(s)

2018-11-22 23:38:14 - [MESSAGE][PASSED] - Delayed 5 second(s)

2018-11-22 23:38:14 - [TEST_STEP][PASSED] - click: Object: 'Object Repository/Final Object Repo/Page_Update Add New Employee - ASSIST/Save  Continue Third Screen' is clicked on

2018-11-22 23:38:17 - [MESSAGE][PASSED] - Object: 'Object Repository/Final Object Repo/Page_Update Add New Employee - ASSIST/Save  Continue Third Screen' is clicked on

2018-11-22 23:38:17 - [TEST_STEP][PASSED] - delay: Delayed 4 second(s)

2018-11-22 23:38:21 - [MESSAGE][PASSED] - Delayed 4 second(s)

2018-11-22 23:38:21 - [TEST_STEP][PASSED] - click: Object: 'Object Repository/Final Object Repo/Page_Update Add New Employee - ASSIST/Save   Continue Supporting Doc Page' is clicked on

2018-11-22 23:38:21 - [MESSAGE][PASSED] - Object: 'Object Repository/Final Object Repo/Page_Update Add New Employee - ASSIST/Save   Continue Supporting Doc Page' is clicked on

2018-11-22 23:38:21 - [TEST_STEP][PASSED] - delay: Delayed 4 second(s)

2018-11-22 23:38:25 - [MESSAGE][PASSED] - Delayed 4 second(s)

2018-11-22 23:38:25 - [TEST_STEP][PASSED] - click: Object: 'Object Repository/Final Object Repo/Page_Update Add New Employee - ASSIST/Submit Button' is clicked on

2018-11-22 23:38:25 - [MESSAGE][PASSED] - Object: 'Object Repository/Final Object Repo/Page_Update Add New Employee - ASSIST/Submit Button' is clicked on

2018-11-22 23:38:25 - [TEST_STEP][PASSED] - delay: Delayed 4 second(s)

2018-11-22 23:38:29 - [MESSAGE][PASSED] - Delayed 4 second(s)

2018-11-22 23:38:29 - [TEST_STEP][PASSED] - click: Object: 'Object Repository/Final Object Repo/Page_Update Add New Employee - ASSIST/Confirm Submit Button' is clicked on

2018-11-22 23:38:29 - [MESSAGE][PASSED] - Object: 'Object Repository/Final Object Repo/Page_Update Add New Employee - ASSIST/Confirm Submit Button' is clicked on

2018-11-22 23:38:29 - [TEST_STEP][PASSED] - delay: Delayed 30 second(s)

2018-11-22 23:38:59 - [MESSAGE][PASSED] - Delayed 30 second(s)

2018-11-22 23:38:59 - [TEST_STEP][PASSED] - callTestCase: Call Test Case 'Test Cases/Final Aug 2018 - PKS Automation/Common/Screenshoting tool' successfully

2018-11-22 23:38:59 - [TEST_CASE][PASSED] - Test Cases/Final Aug 2018 - PKS Automation/Common/Screenshoting tool: Test Cases/Final Aug 2018 - PKS Automation/Common/Screenshoting tool

2018-11-22 23:38:59 - [TEST_STEP][PASSED] - delay: Delayed 15 second(s)

2018-11-22 23:39:14 - [MESSAGE][PASSED] - Delayed 15 second(s)

2018-11-22 23:39:14 - [TEST_STEP][PASSED] - Statement - driver = com.kms.katalon.core.webui.driver.DriverFactory.getWebDriver(): null

2018-11-22 23:39:14 - [TEST_STEP][PASSED] - Statement - driver.manage().timeouts().implicitlyWait(10, SECONDS): null

2018-11-22 23:39:14 - [TEST_STEP][PASSED] - Statement - PresavePath = KatalonScreenshots: null

2018-11-22 23:39:14 - [TEST_STEP][PASSED] - Statement - pathPrefix = "C:\Users\Public\Pictures\Sample Pictures\Katalon Screenshots\Automate Ending Screen": null

2018-11-22 23:39:14 - [TEST_STEP][PASSED] - Statement - finalPath = <not implemented yet for class: org.codehaus.groovy.ast.expr.EmptyExpression>: null

2018-11-22 23:39:14 - [TEST_STEP][PASSED] - Statement - scrFile = driver.getScreenshotAs(FILE): null

2018-11-22 23:39:15 - [TEST_STEP][PASSED] - Statement - PreSaveFile = new java.io.File(PresavePath): null

2018-11-22 23:39:15 - [TEST_STEP][PASSED] - Statement - counter = 0: null

2018-11-22 23:39:15 - [TEST_STEP][PASSED] - Statement - If (PreSaveFile.exists()): null

2018-11-22 23:39:15 - [TEST_STEP][PASSED] - Statement - While (PreSaveFile.exists()): null

2018-11-22 23:39:15 - [TEST_STEP][PASSED] - Statement - counter = counter + 1: null

2018-11-22 23:39:15 - [TEST_STEP][PASSED] - Statement - PreSaveFile = new java.io.File(((pathPrefix + java.lang.Integer.toString(counter)) + .png)): null

2018-11-22 23:39:15 - [TEST_STEP][PASSED] - Statement - counter = counter + 1: null

2018-11-22 23:39:15 - [TEST_STEP][PASSED] - Statement - PreSaveFile = new java.io.File(((pathPrefix + java.lang.Integer.toString(counter)) + .png)): null

2018-11-22 23:39:15 - [TEST_STEP][PASSED] - Statement - counter = counter + 1: null

2018-11-22 23:39:15 - [TEST_STEP][PASSED] - Statement - PreSaveFile = new java.io.File(((pathPrefix + java.lang.Integer.toString(counter)) + .png)): null

2018-11-22 23:39:15 - [TEST_STEP][PASSED] - Statement - counter = counter + 1: null

2018-11-22 23:39:15 - [TEST_STEP][PASSED] - Statement - PreSaveFile = new java.io.File(((pathPrefix + java.lang.Integer.toString(counter)) + .png)): null

2018-11-22 23:39:15 - [TEST_STEP][PASSED] - Statement - counter = counter + 1: null

2018-11-22 23:39:15 - [TEST_STEP][PASSED] - Statement - PreSaveFile = new java.io.File(((pathPrefix + java.lang.Integer.toString(counter)) + .png)): null

2018-11-22 23:39:15 - [TEST_STEP][PASSED] - Statement - counter = counter + 1: null

2018-11-22 23:39:15 - [TEST_STEP][PASSED] - Statement - PreSaveFile = new java.io.File(((pathPrefix + java.lang.Integer.toString(counter)) + .png)): null

2018-11-22 23:39:15 - [TEST_STEP][PASSED] - Statement - counter = counter + 1: null

2018-11-22 23:39:15 - [TEST_STEP][PASSED] - Statement - PreSaveFile = new java.io.File(((pathPrefix + java.lang.Integer.toString(counter)) + .png)): null

2018-11-22 23:39:15 - [TEST_STEP][PASSED] - Statement - counter = counter + 1: null

2018-11-22 23:39:15 - [TEST_STEP][PASSED] - Statement - PreSaveFile = new java.io.File(((pathPrefix + java.lang.Integer.toString(counter)) + .png)): null

2018-11-22 23:39:15 - [TEST_STEP][PASSED] - Statement - counter = counter + 1: null

2018-11-22 23:39:15 - [TEST_STEP][PASSED] - Statement - PreSaveFile = new java.io.File(((pathPrefix + java.lang.Integer.toString(counter)) + .png)): null

2018-11-22 23:39:15 - [TEST_STEP][PASSED] - Statement - counter = counter + 1: null

2018-11-22 23:39:15 - [TEST_STEP][PASSED] - Statement - PreSaveFile = new java.io.File(((pathPrefix + java.lang.Integer.toString(counter)) + .png)): null

2018-11-22 23:39:15 - [TEST_STEP][PASSED] - Statement - counter = counter + 1: null

2018-11-22 23:39:15 - [TEST_STEP][PASSED] - Statement - PreSaveFile = new java.io.File(((pathPrefix + java.lang.Integer.toString(counter)) + .png)): null

2018-11-22 23:39:15 - [TEST_STEP][PASSED] - Statement - counter = counter + 1: null

2018-11-22 23:39:15 - [TEST_STEP][PASSED] - Statement - PreSaveFile = new java.io.File(((pathPrefix + java.lang.Integer.toString(counter)) + .png)): null

2018-11-22 23:39:15 - [TEST_STEP][PASSED] - Statement - counter = counter + 1: null

2018-11-22 23:39:15 - [TEST_STEP][PASSED] - Statement - PreSaveFile = new java.io.File(((pathPrefix + java.lang.Integer.toString(counter)) + .png)): null

2018-11-22 23:39:15 - [TEST_STEP][PASSED] - Statement - counter = counter + 1: null

2018-11-22 23:39:15 - [TEST_STEP][PASSED] - Statement - PreSaveFile = new java.io.File(((pathPrefix + java.lang.Integer.toString(counter)) + .png)): null

2018-11-22 23:39:15 - [TEST_STEP][PASSED] - Statement - counter = counter + 1: null

2018-11-22 23:39:15 - [TEST_STEP][PASSED] - Statement - PreSaveFile = new java.io.File(((pathPrefix + java.lang.Integer.toString(counter)) + .png)): null

2018-11-22 23:39:15 - [TEST_STEP][PASSED] - Statement - counter = counter + 1: null

2018-11-22 23:39:15 - [TEST_STEP][PASSED] - Statement - PreSaveFile = new java.io.File(((pathPrefix + java.lang.Integer.toString(counter)) + .png)): null

2018-11-22 23:39:15 - [TEST_STEP][PASSED] - Statement - counter = counter + 1: null

2018-11-22 23:39:15 - [TEST_STEP][PASSED] - Statement - PreSaveFile = new java.io.File(((pathPrefix + java.lang.Integer.toString(counter)) + .png)): null

2018-11-22 23:39:15 - [TEST_STEP][PASSED] - Statement - counter = counter + 1: null

2018-11-22 23:39:15 - [TEST_STEP][PASSED] - Statement - PreSaveFile = new java.io.File(((pathPrefix + java.lang.Integer.toString(counter)) + .png)): null

2018-11-22 23:39:15 - [TEST_STEP][PASSED] - Statement - counter = counter + 1: null

2018-11-22 23:39:15 - [TEST_STEP][PASSED] - Statement - PreSaveFile = new java.io.File(((pathPrefix + java.lang.Integer.toString(counter)) + .png)): null

2018-11-22 23:39:15 - [TEST_STEP][PASSED] - Statement - counter = counter + 1: null

2018-11-22 23:39:15 - [TEST_STEP][PASSED] - Statement - PreSaveFile = new java.io.File(((pathPrefix + java.lang.Integer.toString(counter)) + .png)): null

2018-11-22 23:39:15 - [TEST_STEP][PASSED] - Statement - counter = counter + 1: null

2018-11-22 23:39:15 - [TEST_STEP][PASSED] - Statement - PreSaveFile = new java.io.File(((pathPrefix + java.lang.Integer.toString(counter)) + .png)): null

2018-11-22 23:39:15 - [TEST_STEP][PASSED] - Statement - counter = counter + 1: null

2018-11-22 23:39:15 - [TEST_STEP][PASSED] - Statement - PreSaveFile = new java.io.File(((pathPrefix + java.lang.Integer.toString(counter)) + .png)): null

2018-11-22 23:39:15 - [TEST_STEP][PASSED] - Statement - counter = counter + 1: null

2018-11-22 23:39:15 - [TEST_STEP][PASSED] - Statement - PreSaveFile = new java.io.File(((pathPrefix + java.lang.Integer.toString(counter)) + .png)): null

2018-11-22 23:39:15 - [TEST_STEP][PASSED] - Statement - counter = counter + 1: null

2018-11-22 23:39:15 - [TEST_STEP][PASSED] - Statement - PreSaveFile = new java.io.File(((pathPrefix + java.lang.Integer.toString(counter)) + .png)): null

2018-11-22 23:39:15 - [TEST_STEP][PASSED] - Statement - counter = counter + 1: null

2018-11-22 23:39:15 - [TEST_STEP][PASSED] - Statement - PreSaveFile = new java.io.File(((pathPrefix + java.lang.Integer.toString(counter)) + .png)): null

2018-11-22 23:39:15 - [TEST_STEP][PASSED] - Statement - counter = counter + 1: null

2018-11-22 23:39:15 - [TEST_STEP][PASSED] - Statement - PreSaveFile = new java.io.File(((pathPrefix + java.lang.Integer.toString(counter)) + .png)): null

2018-11-22 23:39:15 - [TEST_STEP][PASSED] - Statement - counter = counter + 1: null

2018-11-22 23:39:15 - [TEST_STEP][PASSED] - Statement - PreSaveFile = new java.io.File(((pathPrefix + java.lang.Integer.toString(counter)) + .png)): null

2018-11-22 23:39:15 - [TEST_STEP][PASSED] - Statement - counter = counter + 1: null

2018-11-22 23:39:15 - [TEST_STEP][PASSED] - Statement - PreSaveFile = new java.io.File(((pathPrefix + java.lang.Integer.toString(counter)) + .png)): null

2018-11-22 23:39:15 - [TEST_STEP][PASSED] - Statement - counter = counter + 1: null

2018-11-22 23:39:15 - [TEST_STEP][PASSED] - Statement - PreSaveFile = new java.io.File(((pathPrefix + java.lang.Integer.toString(counter)) + .png)): null

2018-11-22 23:39:15 - [TEST_STEP][PASSED] - Statement - counter = counter + 1: null

2018-11-22 23:39:15 - [TEST_STEP][PASSED] - Statement - PreSaveFile = new java.io.File(((pathPrefix + java.lang.Integer.toString(counter)) + .png)): null

2018-11-22 23:39:15 - [TEST_STEP][PASSED] - Statement - counter = counter + 1: null

2018-11-22 23:39:15 - [TEST_STEP][PASSED] - Statement - PreSaveFile = new java.io.File(((pathPrefix + java.lang.Integer.toString(counter)) + .png)): null

2018-11-22 23:39:15 - [TEST_STEP][PASSED] - Statement - counter = counter + 1: null

2018-11-22 23:39:15 - [TEST_STEP][PASSED] - Statement - PreSaveFile = new java.io.File(((pathPrefix + java.lang.Integer.toString(counter)) + .png)): null

2018-11-22 23:39:15 - [TEST_STEP][PASSED] - Statement - counter = counter + 1: null

2018-11-22 23:39:15 - [TEST_STEP][PASSED] - Statement - PreSaveFile = new java.io.File(((pathPrefix + java.lang.Integer.toString(counter)) + .png)): null

2018-11-22 23:39:15 - [TEST_STEP][PASSED] - Statement - counter = counter + 1: null

2018-11-22 23:39:15 - [TEST_STEP][PASSED] - Statement - PreSaveFile = new java.io.File(((pathPrefix + java.lang.Integer.toString(counter)) + .png)): null

2018-11-22 23:39:15 - [TEST_STEP][PASSED] - Statement - counter = counter + 1: null

2018-11-22 23:39:15 - [TEST_STEP][PASSED] - Statement - PreSaveFile = new java.io.File(((pathPrefix + java.lang.Integer.toString(counter)) + .png)): null

2018-11-22 23:39:15 - [TEST_STEP][PASSED] - Statement - counter = counter + 1: null

2018-11-22 23:39:15 - [TEST_STEP][PASSED] - Statement - PreSaveFile = new java.io.File(((pathPrefix + java.lang.Integer.toString(counter)) + .png)): null

2018-11-22 23:39:15 - [TEST_STEP][PASSED] - Statement - counter = counter + 1: null

2018-11-22 23:39:15 - [TEST_STEP][PASSED] - Statement - PreSaveFile = new java.io.File(((pathPrefix + java.lang.Integer.toString(counter)) + .png)): null

2018-11-22 23:39:15 - [TEST_STEP][PASSED] - Statement - counter = counter + 1: null

2018-11-22 23:39:15 - [TEST_STEP][PASSED] - Statement - PreSaveFile = new java.io.File(((pathPrefix + java.lang.Integer.toString(counter)) + .png)): null

2018-11-22 23:39:15 - [TEST_STEP][PASSED] - Statement - counter = counter + 1: null

2018-11-22 23:39:15 - [TEST_STEP][PASSED] - Statement - PreSaveFile = new java.io.File(((pathPrefix + java.lang.Integer.toString(counter)) + .png)): null

2018-11-22 23:39:15 - [TEST_STEP][PASSED] - Statement - counter = counter + 1: null

2018-11-22 23:39:15 - [TEST_STEP][PASSED] - Statement - PreSaveFile = new java.io.File(((pathPrefix + java.lang.Integer.toString(counter)) + .png)): null

2018-11-22 23:39:15 - [TEST_STEP][PASSED] - Statement - counter = counter + 1: null

2018-11-22 23:39:15 - [TEST_STEP][PASSED] - Statement - PreSaveFile = new java.io.File(((pathPrefix + java.lang.Integer.toString(counter)) + .png)): null

2018-11-22 23:39:15 - [TEST_STEP][PASSED] - Statement - counter = counter + 1: null

2018-11-22 23:39:15 - [TEST_STEP][PASSED] - Statement - PreSaveFile = new java.io.File(((pathPrefix + java.lang.Integer.toString(counter)) + .png)): null

2018-11-22 23:39:15 - [TEST_STEP][PASSED] - Statement - counter = counter + 1: null

2018-11-22 23:39:15 - [TEST_STEP][PASSED] - Statement - PreSaveFile = new java.io.File(((pathPrefix + java.lang.Integer.toString(counter)) + .png)): null

2018-11-22 23:39:15 - [TEST_STEP][PASSED] - Statement - counter = counter + 1: null

2018-11-22 23:39:15 - [TEST_STEP][PASSED] - Statement - PreSaveFile = new java.io.File(((pathPrefix + java.lang.Integer.toString(counter)) + .png)): null

2018-11-22 23:39:15 - [TEST_STEP][PASSED] - Statement - counter = counter + 1: null

2018-11-22 23:39:15 - [TEST_STEP][PASSED] - Statement - PreSaveFile = new java.io.File(((pathPrefix + java.lang.Integer.toString(counter)) + .png)): null

2018-11-22 23:39:15 - [TEST_STEP][PASSED] - Statement - counter = counter + 1: null

2018-11-22 23:39:15 - [TEST_STEP][PASSED] - Statement - PreSaveFile = new java.io.File(((pathPrefix + java.lang.Integer.toString(counter)) + .png)): null

2018-11-22 23:39:15 - [TEST_STEP][PASSED] - Statement - counter = counter + 1: null

2018-11-22 23:39:15 - [TEST_STEP][PASSED] - Statement - PreSaveFile = new java.io.File(((pathPrefix + java.lang.Integer.toString(counter)) + .png)): null

2018-11-22 23:39:15 - [TEST_STEP][PASSED] - Statement - counter = counter + 1: null

2018-11-22 23:39:15 - [TEST_STEP][PASSED] - Statement - PreSaveFile = new java.io.File(((pathPrefix + java.lang.Integer.toString(counter)) + .png)): null

2018-11-22 23:39:15 - [TEST_STEP][PASSED] - Statement - counter = counter + 1: null

2018-11-22 23:39:15 - [TEST_STEP][PASSED] - Statement - PreSaveFile = new java.io.File(((pathPrefix + java.lang.Integer.toString(counter)) + .png)): null

2018-11-22 23:39:15 - [TEST_STEP][PASSED] - Statement - counter = counter + 1: null

2018-11-22 23:39:15 - [TEST_STEP][PASSED] - Statement - PreSaveFile = new java.io.File(((pathPrefix + java.lang.Integer.toString(counter)) + .png)): null

2018-11-22 23:39:15 - [TEST_STEP][PASSED] - Statement - counter = counter + 1: null

2018-11-22 23:39:15 - [TEST_STEP][PASSED] - Statement - PreSaveFile = new java.io.File(((pathPrefix + java.lang.Integer.toString(counter)) + .png)): null

2018-11-22 23:39:15 - [TEST_STEP][PASSED] - Statement - counter = counter + 1: null

2018-11-22 23:39:15 - [TEST_STEP][PASSED] - Statement - PreSaveFile = new java.io.File(((pathPrefix + java.lang.Integer.toString(counter)) + .png)): null

2018-11-22 23:39:15 - [TEST_STEP][PASSED] - Statement - counter = counter + 1: null

2018-11-22 23:39:15 - [TEST_STEP][PASSED] - Statement - PreSaveFile = new java.io.File(((pathPrefix + java.lang.Integer.toString(counter)) + .png)): null

2018-11-22 23:39:15 - [TEST_STEP][PASSED] - Statement - counter = counter + 1: null

2018-11-22 23:39:15 - [TEST_STEP][PASSED] - Statement - PreSaveFile = new java.io.File(((pathPrefix + java.lang.Integer.toString(counter)) + .png)): null

2018-11-22 23:39:15 - [TEST_STEP][PASSED] - Statement - counter = counter + 1: null

2018-11-22 23:39:15 - [TEST_STEP][PASSED] - Statement - PreSaveFile = new java.io.File(((pathPrefix + java.lang.Integer.toString(counter)) + .png)): null

2018-11-22 23:39:15 - [TEST_STEP][PASSED] - Statement - counter = counter + 1: null

2018-11-22 23:39:15 - [TEST_STEP][PASSED] - Statement - PreSaveFile = new java.io.File(((pathPrefix + java.lang.Integer.toString(counter)) + .png)): null

2018-11-22 23:39:15 - [TEST_STEP][PASSED] - Statement - counter = counter + 1: null

2018-11-22 23:39:15 - [TEST_STEP][PASSED] - Statement - PreSaveFile = new java.io.File(((pathPrefix + java.lang.Integer.toString(counter)) + .png)): null

2018-11-22 23:39:15 - [TEST_STEP][PASSED] - Statement - counter = counter + 1: null

2018-11-22 23:39:15 - [TEST_STEP][PASSED] - Statement - PreSaveFile = new java.io.File(((pathPrefix + java.lang.Integer.toString(counter)) + .png)): null

2018-11-22 23:39:15 - [TEST_STEP][PASSED] - Statement - counter = counter + 1: null

2018-11-22 23:39:15 - [TEST_STEP][PASSED] - Statement - PreSaveFile = new java.io.File(((pathPrefix + java.lang.Integer.toString(counter)) + .png)): null

2018-11-22 23:39:15 - [TEST_STEP][PASSED] - Statement - counter = counter + 1: null

2018-11-22 23:39:15 - [TEST_STEP][PASSED] - Statement - PreSaveFile = new java.io.File(((pathPrefix + java.lang.Integer.toString(counter)) + .png)): null

2018-11-22 23:39:15 - [TEST_STEP][PASSED] - Statement - counter = counter + 1: null

2018-11-22 23:39:15 - [TEST_STEP][PASSED] - Statement - PreSaveFile = new java.io.File(((pathPrefix + java.lang.Integer.toString(counter)) + .png)): null

2018-11-22 23:39:15 - [TEST_STEP][PASSED] - Statement - counter = counter + 1: null

2018-11-22 23:39:15 - [TEST_STEP][PASSED] - Statement - PreSaveFile = new java.io.File(((pathPrefix + java.lang.Integer.toString(counter)) + .png)): null

2018-11-22 23:39:15 - [TEST_STEP][PASSED] - Statement - counter = counter + 1: null

2018-11-22 23:39:15 - [TEST_STEP][PASSED] - Statement - PreSaveFile = new java.io.File(((pathPrefix + java.lang.Integer.toString(counter)) + .png)): null

2018-11-22 23:39:15 - [TEST_STEP][PASSED] - Statement - counter = counter + 1: null

2018-11-22 23:39:15 - [TEST_STEP][PASSED] - Statement - PreSaveFile = new java.io.File(((pathPrefix + java.lang.Integer.toString(counter)) + .png)): null

2018-11-22 23:39:15 - [TEST_STEP][PASSED] - Statement - counter = counter + 1: null

2018-11-22 23:39:15 - [TEST_STEP][PASSED] - Statement - PreSaveFile = new java.io.File(((pathPrefix + java.lang.Integer.toString(counter)) + .png)): null

2018-11-22 23:39:15 - [TEST_STEP][PASSED] - Statement - counter = counter + 1: null

2018-11-22 23:39:15 - [TEST_STEP][PASSED] - Statement - PreSaveFile = new java.io.File(((pathPrefix + java.lang.Integer.toString(counter)) + .png)): null

2018-11-22 23:39:15 - [TEST_STEP][PASSED] - Statement - counter = counter + 1: null

2018-11-22 23:39:15 - [TEST_STEP][PASSED] - Statement - PreSaveFile = new java.io.File(((pathPrefix + java.lang.Integer.toString(counter)) + .png)): null

2018-11-22 23:39:15 - [TEST_STEP][PASSED] - Statement - counter = counter + 1: null

2018-11-22 23:39:15 - [TEST_STEP][PASSED] - Statement - PreSaveFile = new java.io.File(((pathPrefix + java.lang.Integer.toString(counter)) + .png)): null

2018-11-22 23:39:15 - [TEST_STEP][PASSED] - Statement - counter = counter + 1: null

2018-11-22 23:39:15 - [TEST_STEP][PASSED] - Statement - PreSaveFile = new java.io.File(((pathPrefix + java.lang.Integer.toString(counter)) + .png)): null

2018-11-22 23:39:15 - [TEST_STEP][PASSED] - Statement - counter = counter + 1: null

2018-11-22 23:39:15 - [TEST_STEP][PASSED] - Statement - PreSaveFile = new java.io.File(((pathPrefix + java.lang.Integer.toString(counter)) + .png)): null

2018-11-22 23:39:15 - [TEST_STEP][PASSED] - Statement - counter = counter + 1: null

2018-11-22 23:39:15 - [TEST_STEP][PASSED] - Statement - PreSaveFile = new java.io.File(((pathPrefix + java.lang.Integer.toString(counter)) + .png)): null

2018-11-22 23:39:15 - [TEST_STEP][PASSED] - Statement - counter = counter + 1: null

2018-11-22 23:39:15 - [TEST_STEP][PASSED] - Statement - PreSaveFile = new java.io.File(((pathPrefix + java.lang.Integer.toString(counter)) + .png)): null

2018-11-22 23:39:15 - [TEST_STEP][PASSED] - Statement - counter = counter + 1: null

2018-11-22 23:39:15 - [TEST_STEP][PASSED] - Statement - PreSaveFile = new java.io.File(((pathPrefix + java.lang.Integer.toString(counter)) + .png)): null

2018-11-22 23:39:15 - [TEST_STEP][PASSED] - Statement - counter = counter + 1: null

2018-11-22 23:39:15 - [TEST_STEP][PASSED] - Statement - PreSaveFile = new java.io.File(((pathPrefix + java.lang.Integer.toString(counter)) + .png)): null

2018-11-22 23:39:15 - [TEST_STEP][PASSED] - Statement - counter = counter + 1: null

2018-11-22 23:39:15 - [TEST_STEP][PASSED] - Statement - PreSaveFile = new java.io.File(((pathPrefix + java.lang.Integer.toString(counter)) + .png)): null

2018-11-22 23:39:15 - [TEST_STEP][PASSED] - Statement - counter = counter + 1: null

2018-11-22 23:39:15 - [TEST_STEP][PASSED] - Statement - PreSaveFile = new java.io.File(((pathPrefix + java.lang.Integer.toString(counter)) + .png)): null

2018-11-22 23:39:15 - [TEST_STEP][PASSED] - Statement - counter = counter + 1: null

2018-11-22 23:39:15 - [TEST_STEP][PASSED] - Statement - PreSaveFile = new java.io.File(((pathPrefix + java.lang.Integer.toString(counter)) + .png)): null

2018-11-22 23:39:15 - [TEST_STEP][PASSED] - Statement - counter = counter + 1: null

2018-11-22 23:39:15 - [TEST_STEP][PASSED] - Statement - PreSaveFile = new java.io.File(((pathPrefix + java.lang.Integer.toString(counter)) + .png)): null

2018-11-22 23:39:15 - [TEST_STEP][PASSED] - Statement - counter = counter + 1: null

2018-11-22 23:39:15 - [TEST_STEP][PASSED] - Statement - PreSaveFile = new java.io.File(((pathPrefix + java.lang.Integer.toString(counter)) + .png)): null

2018-11-22 23:39:15 - [TEST_STEP][PASSED] - Statement - counter = counter + 1: null

2018-11-22 23:39:15 - [TEST_STEP][PASSED] - Statement - PreSaveFile = new java.io.File(((pathPrefix + java.lang.Integer.toString(counter)) + .png)): null

2018-11-22 23:39:15 - [TEST_STEP][PASSED] - Statement - counter = counter + 1: null

2018-11-22 23:39:15 - [TEST_STEP][PASSED] - Statement - PreSaveFile = new java.io.File(((pathPrefix + java.lang.Integer.toString(counter)) + .png)): null

2018-11-22 23:39:15 - [TEST_STEP][PASSED] - Statement - counter = counter + 1: null

2018-11-22 23:39:15 - [TEST_STEP][PASSED] - Statement - PreSaveFile = new java.io.File(((pathPrefix + java.lang.Integer.toString(counter)) + .png)): null

2018-11-22 23:39:15 - [TEST_STEP][PASSED] - Statement - counter = counter + 1: null

2018-11-22 23:39:15 - [TEST_STEP][PASSED] - Statement - PreSaveFile = new java.io.File(((pathPrefix + java.lang.Integer.toString(counter)) + .png)): null

2018-11-22 23:39:15 - [TEST_STEP][PASSED] - Statement - counter = counter + 1: null

2018-11-22 23:39:15 - [TEST_STEP][PASSED] - Statement - PreSaveFile = new java.io.File(((pathPrefix + java.lang.Integer.toString(counter)) + .png)): null

2018-11-22 23:39:15 - [TEST_STEP][PASSED] - Statement - finalPath = pathPrefix + java.lang.Integer.toString(counter) + ".png": null

2018-11-22 23:39:15 - [TEST_STEP][PASSED] - Statement - SaveFile = new java.io.File(finalPath): null

2018-11-22 23:39:15 - [TEST_STEP][PASSED] - Statement - Try: null

2018-11-22 23:39:15 - [TEST_STEP][PASSED] - Statement - org.apache.commons.io.FileUtils.copyFile(scrFile, SaveFile): null

2018-11-22 23:39:15 - [TEST_STEP][PASSED] - Statement - out.println("file kept"): null

2018-11-22 23:39:15 - [TEST_STEP][PASSED] - delay: Delayed 10 second(s)

2018-11-22 23:39:25 - [MESSAGE][PASSED] - Delayed 10 second(s)

2018-11-22 23:39:25 - [MESSAGE][PASSED] - Call Test Case 'Test Cases/Final Aug 2018 - PKS Automation/Common/Screenshoting tool' successfully

2018-11-22 23:39:25 - [TEST_STEP][PASSED] - callTestCase: Call Test Case 'Test Cases/Final Aug 2018 - PKS Automation/Registration Module/Log Out/log out avoiding katalon tagging' successfully

2018-11-22 23:39:25 - [TEST_CASE][PASSED] - Test Cases/Final Aug 2018 - PKS Automation/Registration Module/Log Out/log out avoiding katalon tagging: Test Cases/Final Aug 2018 - PKS Automation/Registration Module/Log Out/log out avoiding katalon tagging

2018-11-22 23:39:25 - [TEST_STEP][PASSED] - navigateToUrl: Navigate to 'https://assist2-uat.perkeso.gov.my/c/portal/logout' successfully

2018-11-22 23:39:26 - [MESSAGE][PASSED] - Navigate to 'https://assist2-uat.perkeso.gov.my/c/portal/logout' successfully

2018-11-22 23:39:26 - [MESSAGE][PASSED] - Call Test Case 'Test Cases/Final Aug 2018 - PKS Automation/Registration Module/Log Out/log out avoiding katalon tagging' successfully

2018-11-22 23:39:26 - [TEST_STEP][FAILED] - callTestCase: Unable to call Test Case with id 'Test Cases/Final Aug 2018 - PKS Automation/Common/Workflow Owner Finder' (Root cause: Call Test Case 'Test Cases/Final Aug 2018 - PKS Automation/Common/Workflow Owner Finder' failed)

2018-11-22 23:39:26 - [TEST_CASE][FAILED] - Test Cases/Final Aug 2018 - PKS Automation/Common/Workflow Owner Finder: Test Cases/Final Aug 2018 - PKS Automation/Common/Workflow Owner Finder FAILED because (of) (Stack trace: com.kms.katalon.core.exception.StepFailedException: Unable to click on object 'Object Repository/Final Object Repo/Landing Page/Select to English' (Root cause: com.kms.katalon.core.webui.exception.WebElementNotFoundException: Web element with id: 'Object Repository/Final Object Repo/Landing Page/Select to English' located by 'By.xpath: //a[@class = 'taglib-language-list-text' and @lang = 'en-US' and (contains(text(), 'EN') or contains(., 'EN'))]' not found)
	at com.kms.katalon.core.keyword.internal.KeywordMain.stepFailed(KeywordMain.groovy:32)
	at com.kms.katalon.core.webui.keyword.internal.WebUIKeywordMain.stepFailed(WebUIKeywordMain.groovy:65)
	at com.kms.katalon.core.webui.keyword.internal.WebUIKeywordMain.runKeyword(WebUIKeywordMain.groovy:27)
	at com.kms.katalon.core.webui.keyword.builtin.ClickKeyword.click(ClickKeyword.groovy:86)
	at com.kms.katalon.core.webui.keyword.builtin.ClickKeyword.execute(ClickKeyword.groovy:67)
	at com.kms.katalon.core.keyword.internal.KeywordExecutor.executeKeywordForPlatform(KeywordExecutor.groovy:53)
	at com.kms.katalon.core.webui.keyword.WebUiBuiltInKeywords.click(WebUiBuiltInKeywords.groovy:604)
	at com.kms.katalon.core.webui.keyword.WebUiBuiltInKeywords$click$6.call(Unknown Source)
	at Script1534407542420.run(Script1534407542420.groovy:57)
	at com.kms.katalon.core.main.ScriptEngine.run(ScriptEngine.java:183)
	at com.kms.katalon.core.main.ScriptEngine.runScriptAsRawText(ScriptEngine.java:108)
	at com.kms.katalon.core.main.TestCaseExecutor.runScript(TestCaseExecutor.java:294)
	at com.kms.katalon.core.main.TestCaseExecutor.doExecute(TestCaseExecutor.java:285)
	at com.kms.katalon.core.main.TestCaseExecutor.processExecutionPhase(TestCaseExecutor.java:264)
	at com.kms.katalon.core.main.TestCaseExecutor.accessMainPhase(TestCaseExecutor.java:256)
	at com.kms.katalon.core.main.TestCaseExecutor.execute(TestCaseExecutor.java:200)
	at com.kms.katalon.core.main.TestCaseMain.runTestCase(TestCaseMain.java:99)
	at com.kms.katalon.core.keyword.builtin.CallTestCaseKeyword$_callTestCase_closure1.doCall(CallTestCaseKeyword.groovy:60)
	at com.kms.katalon.core.keyword.builtin.CallTestCaseKeyword$_callTestCase_closure1.call(CallTestCaseKeyword.groovy)
	at com.kms.katalon.core.keyword.internal.KeywordMain.runKeyword(KeywordMain.groovy:54)
	at com.kms.katalon.core.keyword.builtin.CallTestCaseKeyword.callTestCase(CallTestCaseKeyword.groovy:81)
	at com.kms.katalon.core.keyword.builtin.CallTestCaseKeyword.execute(CallTestCaseKeyword.groovy:45)
	at com.kms.katalon.core.keyword.internal.KeywordExecutor.executeKeywordForPlatform(KeywordExecutor.groovy:53)
	at com.kms.katalon.core.keyword.BuiltinKeywords.callTestCase(BuiltinKeywords.groovy:334)
	at sun.reflect.GeneratedMethodAccessor13.invoke(Unknown Source)
	at sun.reflect.DelegatingMethodAccessorImpl.invoke(DelegatingMethodAccessorImpl.java:43)
	at java.lang.reflect.Method.invoke(Method.java:498)
	at org.codehaus.groovy.reflection.CachedMethod.invoke(CachedMethod.java:93)
	at groovy.lang.MetaMethod.doMethodInvoke(MetaMethod.java:325)
	at groovy.lang.MetaClassImpl.invokeStaticMethod(MetaClassImpl.java:1469)
	at org.codehaus.groovy.runtime.callsite.StaticMetaClassSite.call(StaticMetaClassSite.java:53)
	at org.codehaus.groovy.runtime.callsite.CallSiteArray.defaultCall(CallSiteArray.java:48)
	at org.codehaus.groovy.runtime.callsite.AbstractCallSite.call(AbstractCallSite.java:113)
	at org.codehaus.groovy.runtime.callsite.AbstractCallSite.call(AbstractCallSite.java:141)
	at Script1536116240292.run(Script1536116240292.groovy:121)
	at com.kms.katalon.core.main.ScriptEngine.run(ScriptEngine.java:183)
	at com.kms.katalon.core.main.ScriptEngine.runScriptAsRawText(ScriptEngine.java:108)
	at com.kms.katalon.core.main.TestCaseExecutor.runScript(TestCaseExecutor.java:294)
	at com.kms.katalon.core.main.TestCaseExecutor.doExecute(TestCaseExecutor.java:285)
	at com.kms.katalon.core.main.TestCaseExecutor.processExecutionPhase(TestCaseExecutor.java:264)
	at com.kms.katalon.core.main.TestCaseExecutor.accessMainPhase(TestCaseExecutor.java:256)
	at com.kms.katalon.core.main.TestCaseExecutor.execute(TestCaseExecutor.java:200)
	at com.kms.katalon.core.main.TestSuiteExecutor.accessTestCaseMainPhase(TestSuiteExecutor.java:129)
	at com.kms.katalon.core.main.TestSuiteExecutor.accessTestSuiteMainPhase(TestSuiteExecutor.java:112)
	at com.kms.katalon.core.main.TestSuiteExecutor.execute(TestSuiteExecutor.java:81)
	at com.kms.katalon.core.main.TestCaseMain.startTestSuite(TestCaseMain.java:142)
	at com.kms.katalon.core.main.TestCaseMain$startTestSuite$0.call(Unknown Source)
	at org.codehaus.groovy.runtime.callsite.CallSiteArray.defaultCall(CallSiteArray.java:48)
	at org.codehaus.groovy.runtime.callsite.AbstractCallSite.call(AbstractCallSite.java:113)
	at org.codehaus.groovy.runtime.callsite.AbstractCallSite.call(AbstractCallSite.java:141)
	at TempTestSuite1542874456666.run(TempTestSuite1542874456666.groovy:36)
	at groovy.lang.GroovyShell.runScriptOrMainOrTestOrRunnable(GroovyShell.java:263)
	at groovy.lang.GroovyShell.run(GroovyShell.java:518)
	at groovy.lang.GroovyShell.run(GroovyShell.java:507)
	at groovy.ui.GroovyMain.processOnce(GroovyMain.java:653)
	at groovy.ui.GroovyMain.run(GroovyMain.java:384)
	at groovy.ui.GroovyMain.process(GroovyMain.java:370)
	at groovy.ui.GroovyMain.processArgs(GroovyMain.java:129)
	at groovy.ui.GroovyMain.main(GroovyMain.java:109)
	at sun.reflect.NativeMethodAccessorImpl.invoke0(Native Method)
	at sun.reflect.NativeMethodAccessorImpl.invoke(NativeMethodAccessorImpl.java:62)
	at sun.reflect.DelegatingMethodAccessorImpl.invoke(DelegatingMethodAccessorImpl.java:43)
	at java.lang.reflect.Method.invoke(Method.java:498)
	at org.codehaus.groovy.tools.GroovyStarter.rootLoader(GroovyStarter.java:109)
	at org.codehaus.groovy.tools.GroovyStarter.main(GroovyStarter.java:131)
)

2018-11-22 23:39:26 - [TEST_STEP][PASSED] - openBrowser: Browser is opened with url: ''

2018-11-22 23:39:26 - [MESSAGE][WARNING] - A browser is already opened. Closing browser and opening a new one

2018-11-22 23:39:30 - [MESSAGE][PASSED] - Browser is opened with url: ''

2018-11-22 23:39:30 - [TEST_STEP][PASSED] - navigateToUrl: Navigate to 'https://assist2-uat.perkeso.gov.my/login' successfully

2018-11-22 23:39:31 - [MESSAGE][PASSED] - Navigate to 'https://assist2-uat.perkeso.gov.my/login' successfully

2018-11-22 23:39:31 - [TEST_STEP][PASSED] - delay: Delayed 5 second(s)

2018-11-22 23:39:36 - [MESSAGE][PASSED] - Delayed 5 second(s)

2018-11-22 23:39:36 - [TEST_STEP][PASSED] - setText: Text 'test@liferay.com' is set on object 'Object Repository/Final Object Repo/Login Page/Internal User/Email Address'

2018-11-22 23:39:36 - [MESSAGE][PASSED] - Text 'test@liferay.com' is set on object 'Object Repository/Final Object Repo/Login Page/Internal User/Email Address'

2018-11-22 23:39:36 - [TEST_STEP][PASSED] - click: Object: 'Object Repository/Final Object Repo/Login Page/Internal User/Next Button' is clicked on

2018-11-22 23:39:36 - [MESSAGE][PASSED] - Object: 'Object Repository/Final Object Repo/Login Page/Internal User/Next Button' is clicked on

2018-11-22 23:39:36 - [TEST_STEP][PASSED] - delay: Delayed 2 second(s)

2018-11-22 23:39:38 - [MESSAGE][PASSED] - Delayed 2 second(s)

2018-11-22 23:39:38 - [TEST_STEP][PASSED] - setText: Text 'test' is set on object 'Object Repository/Final Object Repo/Login Page/Internal User/Password'

2018-11-22 23:39:39 - [MESSAGE][PASSED] - Text 'test' is set on object 'Object Repository/Final Object Repo/Login Page/Internal User/Password'

2018-11-22 23:39:39 - [TEST_STEP][PASSED] - delay: Delayed 2 second(s)

2018-11-22 23:39:41 - [MESSAGE][PASSED] - Delayed 2 second(s)

2018-11-22 23:39:41 - [TEST_STEP][PASSED] - click: Object: 'Object Repository/Final Object Repo/Login Page/Internal User/Login Button' is clicked on

2018-11-22 23:39:41 - [MESSAGE][PASSED] - Object: 'Object Repository/Final Object Repo/Login Page/Internal User/Login Button' is clicked on

2018-11-22 23:39:41 - [TEST_STEP][FAILED] - Statement - Try: Delayed 2 second(s)

2018-11-22 23:39:41 - [TEST_STEP][PASSED] - Statement - Checker = false: null

2018-11-22 23:39:41 - [TEST_STEP][PASSED] - Statement - Checker = com.kms.katalon.core.webui.keyword.WebUiBuiltInKeywords.verifyElementHasAttribute(com.kms.katalon.core.testobject.ObjectRepository.findTestObject(Final Object Repo/Landing Page/BM Detecting), "href", 20, OPTIONAL): Unable to verify if object 'Object Repository/Final Object Repo/Landing Page/BM Detecting' has attribute 'href' (Root cause: org.openqa.selenium.StaleElementReferenceException: stale element reference: element is not attached to the page document
  (Session info: chrome=70.0.3538.102)
  (Driver info: chromedriver=2.43.600210 (68dcf5eebde37173d4027fa8635e332711d2874a),platform=Windows NT 6.1.7601 SP1 x86_64) (WARNING: The server did not provide any stacktrace information)
Command duration or timeout: 0 milliseconds
For documentation on this error, please visit: http://seleniumhq.org/exceptions/stale_element_reference.html
Build info: version: '3.7.1', revision: '8a0099a', time: '2017-11-06T21:07:36.161Z'
System info: host: 'WIN7TEST02', ip: '10.20.3.72', os.name: 'Windows 7', os.arch: 'amd64', os.version: '6.1', java.version: '1.8.0_181'
Driver info: com.kms.katalon.selenium.driver.CChromeDriver
Capabilities {acceptInsecureCerts: false, acceptSslCerts: false, applicationCacheEnabled: false, browserConnectionEnabled: false, browserName: chrome, chrome: {chromedriverVersion: 2.43.600210 (68dcf5eebde371..., userDataDir: C:\Users\Admin\AppData\Loca...}, cssSelectorsEnabled: true, databaseEnabled: false, goog:chromeOptions: {debuggerAddress: localhost:64912}, handlesAlerts: true, hasTouchScreen: false, javascriptEnabled: true, locationContextEnabled: true, mobileEmulationEnabled: false, nativeEvents: true, networkConnectionEnabled: false, pageLoadStrategy: normal, platform: XP, platformName: XP, rotatable: false, setWindowRect: true, takesHeapSnapshot: true, takesScreenshot: true, unexpectedAlertBehaviour: , unhandledPromptBehavior: , version: 70.0.3538.102, webStorageEnabled: true}
Session ID: ff460e4d56ce55e284a3c9f77015def1)

2018-11-22 23:39:43 - [MESSAGE][WARNING] - Unable to verify if object 'Object Repository/Final Object Repo/Landing Page/BM Detecting' has attribute 'href' (Root cause: org.openqa.selenium.StaleElementReferenceException: stale element reference: element is not attached to the page document
  (Session info: chrome=70.0.3538.102)
  (Driver info: chromedriver=2.43.600210 (68dcf5eebde37173d4027fa8635e332711d2874a),platform=Windows NT 6.1.7601 SP1 x86_64) (WARNING: The server did not provide any stacktrace information)
Command duration or timeout: 0 milliseconds
For documentation on this error, please visit: http://seleniumhq.org/exceptions/stale_element_reference.html
Build info: version: '3.7.1', revision: '8a0099a', time: '2017-11-06T21:07:36.161Z'
System info: host: 'WIN7TEST02', ip: '10.20.3.72', os.name: 'Windows 7', os.arch: 'amd64', os.version: '6.1', java.version: '1.8.0_181'
Driver info: com.kms.katalon.selenium.driver.CChromeDriver
Capabilities {acceptInsecureCerts: false, acceptSslCerts: false, applicationCacheEnabled: false, browserConnectionEnabled: false, browserName: chrome, chrome: {chromedriverVersion: 2.43.600210 (68dcf5eebde371..., userDataDir: C:\Users\Admin\AppData\Loca...}, cssSelectorsEnabled: true, databaseEnabled: false, goog:chromeOptions: {debuggerAddress: localhost:64912}, handlesAlerts: true, hasTouchScreen: false, javascriptEnabled: true, locationContextEnabled: true, mobileEmulationEnabled: false, nativeEvents: true, networkConnectionEnabled: false, pageLoadStrategy: normal, platform: XP, platformName: XP, rotatable: false, setWindowRect: true, takesHeapSnapshot: true, takesScreenshot: true, unexpectedAlertBehaviour: , unhandledPromptBehavior: , version: 70.0.3538.102, webStorageEnabled: true}
Session ID: ff460e4d56ce55e284a3c9f77015def1)
[[ATTACHMENT|C:\\Users\\Admin\\Desktop\\PKS\\Perkeso Phase A\\Reports\\Workflow\\Update Add New Employee\\20181122_161416\\1542901183074.png]]

2018-11-22 23:39:43 - [TEST_STEP][PASSED] - Statement - out.println(Checker): null

2018-11-22 23:39:43 - [TEST_STEP][FAILED] - Statement - If (Checker == false): Unable to click on object 'Object Repository/Final Object Repo/Landing Page/Select to English' (Root cause: com.kms.katalon.core.webui.exception.WebElementNotFoundException: Web element with id: 'Object Repository/Final Object Repo/Landing Page/Select to English' located by 'By.xpath: //a[@class = 'taglib-language-list-text' and @lang = 'en-US' and (contains(text(), 'EN') or contains(., 'EN'))]' not found)

2018-11-22 23:39:43 - [TEST_STEP][FAILED] - click: Unable to click on object 'Object Repository/Final Object Repo/Landing Page/Select to English' (Root cause: com.kms.katalon.core.webui.exception.WebElementNotFoundException: Web element with id: 'Object Repository/Final Object Repo/Landing Page/Select to English' located by 'By.xpath: //a[@class = 'taglib-language-list-text' and @lang = 'en-US' and (contains(text(), 'EN') or contains(., 'EN'))]' not found)

2018-11-22 23:40:20 - [MESSAGE][FAILED] - Unable to click on object 'Object Repository/Final Object Repo/Landing Page/Select to English' (Root cause: com.kms.katalon.core.webui.exception.WebElementNotFoundException: Web element with id: 'Object Repository/Final Object Repo/Landing Page/Select to English' located by 'By.xpath: //a[@class = 'taglib-language-list-text' and @lang = 'en-US' and (contains(text(), 'EN') or contains(., 'EN'))]' not found)
[[ATTACHMENT|C:\\Users\\Admin\\Desktop\\PKS\\Perkeso Phase A\\Reports\\Workflow\\Update Add New Employee\\20181122_161416\\1542901220309.png]]

2018-11-22 23:40:20 - [TEST_STEP][PASSED] - delay: Delayed 2 second(s)

2018-11-22 23:40:22 - [MESSAGE][PASSED] - Delayed 2 second(s)

2018-11-22 23:40:22 - [TEST_STEP][PASSED] - delay: Delayed 3 second(s)

2018-11-22 23:40:25 - [MESSAGE][PASSED] - Delayed 3 second(s)

2018-11-22 23:40:25 - [TEST_STEP][PASSED] - mouseOver: Object: 'Object Repository/Final Object Repo/Landing Page/WorkFlow Menu' is hovered

2018-11-22 23:40:25 - [MESSAGE][PASSED] - Object: 'Object Repository/Final Object Repo/Landing Page/WorkFlow Menu' is hovered

2018-11-22 23:40:25 - [TEST_STEP][PASSED] - delay: Delayed 2 second(s)

2018-11-22 23:40:27 - [MESSAGE][PASSED] - Delayed 2 second(s)

2018-11-22 23:40:27 - [TEST_STEP][PASSED] - click: Object: 'Object Repository/Final Object Repo/Landing Page/Select to Workflow Listing' is clicked on

2018-11-22 23:40:28 - [MESSAGE][PASSED] - Object: 'Object Repository/Final Object Repo/Landing Page/Select to Workflow Listing' is clicked on

2018-11-22 23:40:28 - [TEST_STEP][PASSED] - delay: Delayed 2 second(s)

2018-11-22 23:40:30 - [MESSAGE][PASSED] - Delayed 2 second(s)

2018-11-22 23:40:30 - [TEST_STEP][PASSED] - click: Object: 'Object Repository/Final Object Repo/WorkFlow Listing Page/Search Information - To Put Ref No' is clicked on

2018-11-22 23:40:30 - [MESSAGE][PASSED] - Object: 'Object Repository/Final Object Repo/WorkFlow Listing Page/Search Information - To Put Ref No' is clicked on

2018-11-22 23:40:30 - [TEST_STEP][PASSED] - delay: Delayed 2 second(s)

2018-11-22 23:40:32 - [MESSAGE][PASSED] - Delayed 2 second(s)

2018-11-22 23:40:32 - [TEST_STEP][PASSED] - callTestCase: Call Test Case 'Test Cases/Final Aug 2018 - PKS Automation/Common/Reference Number Getter' successfully

2018-11-22 23:40:33 - [TEST_CASE][PASSED] - Test Cases/Final Aug 2018 - PKS Automation/Common/Reference Number Getter: Test Cases/Final Aug 2018 - PKS Automation/Common/Reference Number Getter

2018-11-22 23:40:33 - [TEST_STEP][PASSED] - Statement - Try: null

2018-11-22 23:40:33 - [TEST_STEP][PASSED] - Statement - RefNo = new java.io.File(C://Users//Admin//Desktop//PKS//Automation Reference Point//KatalonReference.txt): null

2018-11-22 23:40:33 - [TEST_STEP][PASSED] - Statement - bufferread = new java.io.BufferedReader(new java.io.FileReader(RefNo)): null

2018-11-22 23:40:33 - [TEST_STEP][PASSED] - Statement - readedVal = bufferread.readLine(): null

2018-11-22 23:40:33 - [TEST_STEP][PASSED] - Statement - out.println(CaseReferenceNo): null

2018-11-22 23:40:33 - [TEST_STEP][PASSED] - Statement - out.println(readedVal): null

2018-11-22 23:40:33 - [TEST_STEP][PASSED] - Statement - CaseReferenceNo = "": null

2018-11-22 23:40:33 - [TEST_STEP][PASSED] - Statement - CaseReferenceNo = readedVal: null

2018-11-22 23:40:33 - [MESSAGE][PASSED] - Call Test Case 'Test Cases/Final Aug 2018 - PKS Automation/Common/Reference Number Getter' successfully

2018-11-22 23:40:33 - [TEST_STEP][PASSED] - setText: Text 'CAN11201800002172' is set on object 'Object Repository/Final Object Repo/WorkFlow Listing Page/Ref No Set Text'

2018-11-22 23:40:33 - [MESSAGE][PASSED] - Text 'CAN11201800002172' is set on object 'Object Repository/Final Object Repo/WorkFlow Listing Page/Ref No Set Text'

2018-11-22 23:40:33 - [TEST_STEP][PASSED] - delay: Delayed 2 second(s)

2018-11-22 23:40:35 - [MESSAGE][PASSED] - Delayed 2 second(s)

2018-11-22 23:40:35 - [TEST_STEP][PASSED] - click: Object: 'Object Repository/Final Object Repo/WorkFlow Listing Page/Search Ref No Search Button' is clicked on

2018-11-22 23:40:35 - [MESSAGE][PASSED] - Object: 'Object Repository/Final Object Repo/WorkFlow Listing Page/Search Ref No Search Button' is clicked on

2018-11-22 23:40:35 - [TEST_STEP][PASSED] - delay: Delayed 4 second(s)

2018-11-22 23:40:39 - [MESSAGE][PASSED] - Delayed 4 second(s)

2018-11-22 23:40:39 - [TEST_STEP][PASSED] - click: Object: 'Object Repository/Final Object Repo/WorkFlow Listing Page/Click Continue Tooltip' is clicked on

2018-11-22 23:40:40 - [MESSAGE][PASSED] - Object: 'Object Repository/Final Object Repo/WorkFlow Listing Page/Click Continue Tooltip' is clicked on

2018-11-22 23:40:40 - [TEST_STEP][PASSED] - delay: Delayed 5 second(s)

2018-11-22 23:40:45 - [MESSAGE][PASSED] - Delayed 5 second(s)

2018-11-22 23:40:45 - [TEST_STEP][PASSED] - doubleClick: Object: 'Object Repository/Final Object Repo/WorkFlow Listing Page/Workflow Found - Listing 1' is double clicked on

2018-11-22 23:40:45 - [MESSAGE][PASSED] - Object: 'Object Repository/Final Object Repo/WorkFlow Listing Page/Workflow Found - Listing 1' is double clicked on

2018-11-22 23:40:45 - [TEST_STEP][PASSED] - Statement - println(OwnerID): null

2018-11-22 23:40:45 - [TEST_STEP][PASSED] - Statement - OwnerID = com.kms.katalon.core.webui.keyword.WebUiBuiltInKeywords.getText(com.kms.katalon.core.testobject.ObjectRepository.findTestObject(Final Object Repo/WorkFlow Listing Page/Workflow Found - Listing 1), STOP_ON_FAILURE): Text of object 'Object Repository/Final Object Repo/WorkFlow Listing Page/Workflow Found - Listing 1' is: 'JOHORro3'

2018-11-22 23:40:45 - [MESSAGE][PASSED] - Text of object 'Object Repository/Final Object Repo/WorkFlow Listing Page/Workflow Found - Listing 1' is: 'JOHORro3'

2018-11-22 23:40:45 - [TEST_STEP][PASSED] - Statement - OwnerID = OwnerID.toLowerCase() + "@gmail.com": null

2018-11-22 23:40:45 - [TEST_STEP][PASSED] - Statement - println(OwnerID): null

2018-11-22 23:40:45 - [TEST_STEP][PASSED] - delay: Delayed 2 second(s)

2018-11-22 23:40:47 - [MESSAGE][PASSED] - Delayed 2 second(s)

2018-11-22 23:40:47 - [MESSAGE][FAILED] - Unable to call Test Case with id 'Test Cases/Final Aug 2018 - PKS Automation/Common/Workflow Owner Finder' (Root cause: Call Test Case 'Test Cases/Final Aug 2018 - PKS Automation/Common/Workflow Owner Finder' failed)]]></system-out>
         <system-err><![CDATA[2018-11-22 23:29:53 - [TEST_CASE][FAILED] - Test Cases/Final Aug 2018 - PKS Automation/Registration Module/Workflow/Update Add New Employee/Special Case (PKR BO - RO Under Enforcement): Test Cases/Final Aug 2018 - PKS Automation/Registration Module/Workflow/Update Add New Employee/Special Case (PKR BO - RO Under Enforcement) FAILED because (of) (Stack trace: com.kms.katalon.core.exception.StepFailedException: Unable to click on object 'Object Repository/Final Object Repo/Landing Page/Select to English' (Root cause: com.kms.katalon.core.webui.exception.WebElementNotFoundException: Web element with id: 'Object Repository/Final Object Repo/Landing Page/Select to English' located by 'By.xpath: //a[@class = 'taglib-language-list-text' and @lang = 'en-US' and (contains(text(), 'EN') or contains(., 'EN'))]' not found)
	at com.kms.katalon.core.keyword.internal.KeywordMain.stepFailed(KeywordMain.groovy:32)
	at com.kms.katalon.core.webui.keyword.internal.WebUIKeywordMain.stepFailed(WebUIKeywordMain.groovy:65)
	at com.kms.katalon.core.webui.keyword.internal.WebUIKeywordMain.runKeyword(WebUIKeywordMain.groovy:27)
	at com.kms.katalon.core.webui.keyword.builtin.ClickKeyword.click(ClickKeyword.groovy:86)
	at com.kms.katalon.core.webui.keyword.builtin.ClickKeyword.execute(ClickKeyword.groovy:67)
	at com.kms.katalon.core.keyword.internal.KeywordExecutor.executeKeywordForPlatform(KeywordExecutor.groovy:53)
	at com.kms.katalon.core.webui.keyword.WebUiBuiltInKeywords.click(WebUiBuiltInKeywords.groovy:604)
	at com.kms.katalon.core.webui.keyword.WebUiBuiltInKeywords$click$6.call(Unknown Source)
	at Script1534407542420.run(Script1534407542420.groovy:57)
	at com.kms.katalon.core.main.ScriptEngine.run(ScriptEngine.java:183)
	at com.kms.katalon.core.main.ScriptEngine.runScriptAsRawText(ScriptEngine.java:108)
	at com.kms.katalon.core.main.TestCaseExecutor.runScript(TestCaseExecutor.java:294)
	at com.kms.katalon.core.main.TestCaseExecutor.doExecute(TestCaseExecutor.java:285)
	at com.kms.katalon.core.main.TestCaseExecutor.processExecutionPhase(TestCaseExecutor.java:264)
	at com.kms.katalon.core.main.TestCaseExecutor.accessMainPhase(TestCaseExecutor.java:256)
	at com.kms.katalon.core.main.TestCaseExecutor.execute(TestCaseExecutor.java:200)
	at com.kms.katalon.core.main.TestCaseMain.runTestCase(TestCaseMain.java:99)
	at com.kms.katalon.core.keyword.builtin.CallTestCaseKeyword$_callTestCase_closure1.doCall(CallTestCaseKeyword.groovy:60)
	at com.kms.katalon.core.keyword.builtin.CallTestCaseKeyword$_callTestCase_closure1.call(CallTestCaseKeyword.groovy)
	at com.kms.katalon.core.keyword.internal.KeywordMain.runKeyword(KeywordMain.groovy:54)
	at com.kms.katalon.core.keyword.builtin.CallTestCaseKeyword.callTestCase(CallTestCaseKeyword.groovy:81)
	at com.kms.katalon.core.keyword.builtin.CallTestCaseKeyword.execute(CallTestCaseKeyword.groovy:45)
	at com.kms.katalon.core.keyword.internal.KeywordExecutor.executeKeywordForPlatform(KeywordExecutor.groovy:53)
	at com.kms.katalon.core.keyword.BuiltinKeywords.callTestCase(BuiltinKeywords.groovy:334)
	at sun.reflect.GeneratedMethodAccessor13.invoke(Unknown Source)
	at sun.reflect.DelegatingMethodAccessorImpl.invoke(DelegatingMethodAccessorImpl.java:43)
	at java.lang.reflect.Method.invoke(Method.java:498)
	at org.codehaus.groovy.reflection.CachedMethod.invoke(CachedMethod.java:93)
	at groovy.lang.MetaMethod.doMethodInvoke(MetaMethod.java:325)
	at groovy.lang.MetaClassImpl.invokeStaticMethod(MetaClassImpl.java:1469)
	at org.codehaus.groovy.runtime.callsite.StaticMetaClassSite.call(StaticMetaClassSite.java:53)
	at org.codehaus.groovy.runtime.callsite.CallSiteArray.defaultCall(CallSiteArray.java:48)
	at org.codehaus.groovy.runtime.callsite.AbstractCallSite.call(AbstractCallSite.java:113)
	at org.codehaus.groovy.runtime.callsite.AbstractCallSite.call(AbstractCallSite.java:141)
	at Script1536116240292.run(Script1536116240292.groovy:121)
	at com.kms.katalon.core.main.ScriptEngine.run(ScriptEngine.java:183)
	at com.kms.katalon.core.main.ScriptEngine.runScriptAsRawText(ScriptEngine.java:108)
	at com.kms.katalon.core.main.TestCaseExecutor.runScript(TestCaseExecutor.java:294)
	at com.kms.katalon.core.main.TestCaseExecutor.doExecute(TestCaseExecutor.java:285)
	at com.kms.katalon.core.main.TestCaseExecutor.processExecutionPhase(TestCaseExecutor.java:264)
	at com.kms.katalon.core.main.TestCaseExecutor.accessMainPhase(TestCaseExecutor.java:256)
	at com.kms.katalon.core.main.TestCaseExecutor.execute(TestCaseExecutor.java:200)
	at com.kms.katalon.core.main.TestSuiteExecutor.accessTestCaseMainPhase(TestSuiteExecutor.java:129)
	at com.kms.katalon.core.main.TestSuiteExecutor.accessTestSuiteMainPhase(TestSuiteExecutor.java:112)
	at com.kms.katalon.core.main.TestSuiteExecutor.execute(TestSuiteExecutor.java:81)
	at com.kms.katalon.core.main.TestCaseMain.startTestSuite(TestCaseMain.java:142)
	at com.kms.katalon.core.main.TestCaseMain$startTestSuite$0.call(Unknown Source)
	at org.codehaus.groovy.runtime.callsite.CallSiteArray.defaultCall(CallSiteArray.java:48)
	at org.codehaus.groovy.runtime.callsite.AbstractCallSite.call(AbstractCallSite.java:113)
	at org.codehaus.groovy.runtime.callsite.AbstractCallSite.call(AbstractCallSite.java:141)
	at TempTestSuite1542874456666.run(TempTestSuite1542874456666.groovy:36)
	at groovy.lang.GroovyShell.runScriptOrMainOrTestOrRunnable(GroovyShell.java:263)
	at groovy.lang.GroovyShell.run(GroovyShell.java:518)
	at groovy.lang.GroovyShell.run(GroovyShell.java:507)
	at groovy.ui.GroovyMain.processOnce(GroovyMain.java:653)
	at groovy.ui.GroovyMain.run(GroovyMain.java:384)
	at groovy.ui.GroovyMain.process(GroovyMain.java:370)
	at groovy.ui.GroovyMain.processArgs(GroovyMain.java:129)
	at groovy.ui.GroovyMain.main(GroovyMain.java:109)
	at sun.reflect.NativeMethodAccessorImpl.invoke0(Native Method)
	at sun.reflect.NativeMethodAccessorImpl.invoke(NativeMethodAccessorImpl.java:62)
	at sun.reflect.DelegatingMethodAccessorImpl.invoke(DelegatingMethodAccessorImpl.java:43)
	at java.lang.reflect.Method.invoke(Method.java:498)
	at org.codehaus.groovy.tools.GroovyStarter.rootLoader(GroovyStarter.java:109)
	at org.codehaus.groovy.tools.GroovyStarter.main(GroovyStarter.java:131)
)]]></system-err>
      </testcase>
      <system-out><![CDATA[2018-11-22 21:20:55 - [TEST_SUITE][FAILED] - Update Add New Employee: Test Cases/Final Aug 2018 - PKS Automation/Registration Module/Workflow/Update Add New Employee/Add Employee and Set Incomplete ( OTC - PKRBO) FAILED because (of) (Stack trace: com.kms.katalon.core.exception.StepFailedException: Unable to click on object 'Object Repository/Final Object Repo/Landing Page/Select to English' (Root cause: com.kms.katalon.core.webui.exception.WebElementNotFoundException: Web element with id: 'Object Repository/Final Object Repo/Landing Page/Select to English' located by 'By.xpath: //a[@class = 'taglib-language-list-text' and @lang = 'en-US' and (contains(text(), 'EN') or contains(., 'EN'))]' not found)
	at com.kms.katalon.core.keyword.internal.KeywordMain.stepFailed(KeywordMain.groovy:32)
	at com.kms.katalon.core.webui.keyword.internal.WebUIKeywordMain.stepFailed(WebUIKeywordMain.groovy:65)
	at com.kms.katalon.core.webui.keyword.internal.WebUIKeywordMain.runKeyword(WebUIKeywordMain.groovy:27)
	at com.kms.katalon.core.webui.keyword.builtin.ClickKeyword.click(ClickKeyword.groovy:86)
	at com.kms.katalon.core.webui.keyword.builtin.ClickKeyword.execute(ClickKeyword.groovy:67)
	at com.kms.katalon.core.keyword.internal.KeywordExecutor.executeKeywordForPlatform(KeywordExecutor.groovy:53)
	at com.kms.katalon.core.webui.keyword.WebUiBuiltInKeywords.click(WebUiBuiltInKeywords.groovy:604)
	at com.kms.katalon.core.webui.keyword.WebUiBuiltInKeywords$click$6.call(Unknown Source)
	at org.codehaus.groovy.runtime.callsite.CallSiteArray.defaultCall(CallSiteArray.java:48)
	at org.codehaus.groovy.runtime.callsite.AbstractCallSite.call(AbstractCallSite.java:113)
	at org.codehaus.groovy.runtime.callsite.AbstractCallSite.call(AbstractCallSite.java:133)
	at Script1534407542420.run(Script1534407542420.groovy:57)
	at com.kms.katalon.core.main.ScriptEngine.run(ScriptEngine.java:183)
	at com.kms.katalon.core.main.ScriptEngine.runScriptAsRawText(ScriptEngine.java:108)
	at com.kms.katalon.core.main.TestCaseExecutor.runScript(TestCaseExecutor.java:294)
	at com.kms.katalon.core.main.TestCaseExecutor.doExecute(TestCaseExecutor.java:285)
	at com.kms.katalon.core.main.TestCaseExecutor.processExecutionPhase(TestCaseExecutor.java:264)
	at com.kms.katalon.core.main.TestCaseExecutor.accessMainPhase(TestCaseExecutor.java:256)
	at com.kms.katalon.core.main.TestCaseExecutor.execute(TestCaseExecutor.java:200)
	at com.kms.katalon.core.main.TestCaseMain.runTestCase(TestCaseMain.java:99)
	at com.kms.katalon.core.keyword.builtin.CallTestCaseKeyword$_callTestCase_closure1.doCall(CallTestCaseKeyword.groovy:60)
	at com.kms.katalon.core.keyword.builtin.CallTestCaseKeyword$_callTestCase_closure1.call(CallTestCaseKeyword.groovy)
	at com.kms.katalon.core.keyword.internal.KeywordMain.runKeyword(KeywordMain.groovy:54)
	at com.kms.katalon.core.keyword.builtin.CallTestCaseKeyword.callTestCase(CallTestCaseKeyword.groovy:81)
	at com.kms.katalon.core.keyword.builtin.CallTestCaseKeyword.execute(CallTestCaseKeyword.groovy:45)
	at com.kms.katalon.core.keyword.internal.KeywordExecutor.executeKeywordForPlatform(KeywordExecutor.groovy:53)
	at com.kms.katalon.core.keyword.BuiltinKeywords.callTestCase(BuiltinKeywords.groovy:334)
	at sun.reflect.NativeMethodAccessorImpl.invoke0(Native Method)
	at sun.reflect.NativeMethodAccessorImpl.invoke(NativeMethodAccessorImpl.java:62)
	at sun.reflect.DelegatingMethodAccessorImpl.invoke(DelegatingMethodAccessorImpl.java:43)
	at java.lang.reflect.Method.invoke(Method.java:498)
	at org.codehaus.groovy.reflection.CachedMethod.invoke(CachedMethod.java:93)
	at groovy.lang.MetaMethod.doMethodInvoke(MetaMethod.java:325)
	at groovy.lang.MetaClassImpl.invokeStaticMethod(MetaClassImpl.java:1469)
	at org.codehaus.groovy.runtime.callsite.StaticMetaClassSite.call(StaticMetaClassSite.java:53)
	at org.codehaus.groovy.runtime.callsite.CallSiteArray.defaultCall(CallSiteArray.java:48)
	at org.codehaus.groovy.runtime.callsite.AbstractCallSite.call(AbstractCallSite.java:113)
	at org.codehaus.groovy.runtime.callsite.AbstractCallSite.call(AbstractCallSite.java:141)
	at Script1535947244917.run(Script1535947244917.groovy:131)
	at com.kms.katalon.core.main.ScriptEngine.run(ScriptEngine.java:183)
	at com.kms.katalon.core.main.ScriptEngine.runScriptAsRawText(ScriptEngine.java:108)
	at com.kms.katalon.core.main.TestCaseExecutor.runScript(TestCaseExecutor.java:294)
	at com.kms.katalon.core.main.TestCaseExecutor.doExecute(TestCaseExecutor.java:285)
	at com.kms.katalon.core.main.TestCaseExecutor.processExecutionPhase(TestCaseExecutor.java:264)
	at com.kms.katalon.core.main.TestCaseExecutor.accessMainPhase(TestCaseExecutor.java:256)
	at com.kms.katalon.core.main.TestCaseExecutor.execute(TestCaseExecutor.java:200)
	at com.kms.katalon.core.main.TestSuiteExecutor.accessTestCaseMainPhase(TestSuiteExecutor.java:129)
	at com.kms.katalon.core.main.TestSuiteExecutor.accessTestSuiteMainPhase(TestSuiteExecutor.java:112)
	at com.kms.katalon.core.main.TestSuiteExecutor.execute(TestSuiteExecutor.java:81)
	at com.kms.katalon.core.main.TestCaseMain.startTestSuite(TestCaseMain.java:142)
	at com.kms.katalon.core.main.TestCaseMain$startTestSuite$0.call(Unknown Source)
	at org.codehaus.groovy.runtime.callsite.CallSiteArray.defaultCall(CallSiteArray.java:48)
	at org.codehaus.groovy.runtime.callsite.AbstractCallSite.call(AbstractCallSite.java:113)
	at org.codehaus.groovy.runtime.callsite.AbstractCallSite.call(AbstractCallSite.java:141)
	at TempTestSuite1542874456666.run(TempTestSuite1542874456666.groovy:36)
	at groovy.lang.GroovyShell.runScriptOrMainOrTestOrRunnable(GroovyShell.java:263)
	at groovy.lang.GroovyShell.run(GroovyShell.java:518)
	at groovy.lang.GroovyShell.run(GroovyShell.java:507)
	at groovy.ui.GroovyMain.processOnce(GroovyMain.java:653)
	at groovy.ui.GroovyMain.run(GroovyMain.java:384)
	at groovy.ui.GroovyMain.process(GroovyMain.java:370)
	at groovy.ui.GroovyMain.processArgs(GroovyMain.java:129)
	at groovy.ui.GroovyMain.main(GroovyMain.java:109)
	at sun.reflect.NativeMethodAccessorImpl.invoke0(Native Method)
	at sun.reflect.NativeMethodAccessorImpl.invoke(NativeMethodAccessorImpl.java:62)
	at sun.reflect.DelegatingMethodAccessorImpl.invoke(DelegatingMethodAccessorImpl.java:43)
	at java.lang.reflect.Method.invoke(Method.java:498)
	at org.codehaus.groovy.tools.GroovyStarter.rootLoader(GroovyStarter.java:109)
	at org.codehaus.groovy.tools.GroovyStarter.main(GroovyStarter.java:131)
)]]></system-out>
      <system-err><![CDATA[2018-11-22 21:20:55 - [TEST_SUITE][FAILED] - Update Add New Employee: Test Cases/Final Aug 2018 - PKS Automation/Registration Module/Workflow/Update Add New Employee/Add Employee and Set Incomplete ( OTC - PKRBO) FAILED because (of) (Stack trace: com.kms.katalon.core.exception.StepFailedException: Unable to click on object 'Object Repository/Final Object Repo/Landing Page/Select to English' (Root cause: com.kms.katalon.core.webui.exception.WebElementNotFoundException: Web element with id: 'Object Repository/Final Object Repo/Landing Page/Select to English' located by 'By.xpath: //a[@class = 'taglib-language-list-text' and @lang = 'en-US' and (contains(text(), 'EN') or contains(., 'EN'))]' not found)
	at com.kms.katalon.core.keyword.internal.KeywordMain.stepFailed(KeywordMain.groovy:32)
	at com.kms.katalon.core.webui.keyword.internal.WebUIKeywordMain.stepFailed(WebUIKeywordMain.groovy:65)
	at com.kms.katalon.core.webui.keyword.internal.WebUIKeywordMain.runKeyword(WebUIKeywordMain.groovy:27)
	at com.kms.katalon.core.webui.keyword.builtin.ClickKeyword.click(ClickKeyword.groovy:86)
	at com.kms.katalon.core.webui.keyword.builtin.ClickKeyword.execute(ClickKeyword.groovy:67)
	at com.kms.katalon.core.keyword.internal.KeywordExecutor.executeKeywordForPlatform(KeywordExecutor.groovy:53)
	at com.kms.katalon.core.webui.keyword.WebUiBuiltInKeywords.click(WebUiBuiltInKeywords.groovy:604)
	at com.kms.katalon.core.webui.keyword.WebUiBuiltInKeywords$click$6.call(Unknown Source)
	at org.codehaus.groovy.runtime.callsite.CallSiteArray.defaultCall(CallSiteArray.java:48)
	at org.codehaus.groovy.runtime.callsite.AbstractCallSite.call(AbstractCallSite.java:113)
	at org.codehaus.groovy.runtime.callsite.AbstractCallSite.call(AbstractCallSite.java:133)
	at Script1534407542420.run(Script1534407542420.groovy:57)
	at com.kms.katalon.core.main.ScriptEngine.run(ScriptEngine.java:183)
	at com.kms.katalon.core.main.ScriptEngine.runScriptAsRawText(ScriptEngine.java:108)
	at com.kms.katalon.core.main.TestCaseExecutor.runScript(TestCaseExecutor.java:294)
	at com.kms.katalon.core.main.TestCaseExecutor.doExecute(TestCaseExecutor.java:285)
	at com.kms.katalon.core.main.TestCaseExecutor.processExecutionPhase(TestCaseExecutor.java:264)
	at com.kms.katalon.core.main.TestCaseExecutor.accessMainPhase(TestCaseExecutor.java:256)
	at com.kms.katalon.core.main.TestCaseExecutor.execute(TestCaseExecutor.java:200)
	at com.kms.katalon.core.main.TestCaseMain.runTestCase(TestCaseMain.java:99)
	at com.kms.katalon.core.keyword.builtin.CallTestCaseKeyword$_callTestCase_closure1.doCall(CallTestCaseKeyword.groovy:60)
	at com.kms.katalon.core.keyword.builtin.CallTestCaseKeyword$_callTestCase_closure1.call(CallTestCaseKeyword.groovy)
	at com.kms.katalon.core.keyword.internal.KeywordMain.runKeyword(KeywordMain.groovy:54)
	at com.kms.katalon.core.keyword.builtin.CallTestCaseKeyword.callTestCase(CallTestCaseKeyword.groovy:81)
	at com.kms.katalon.core.keyword.builtin.CallTestCaseKeyword.execute(CallTestCaseKeyword.groovy:45)
	at com.kms.katalon.core.keyword.internal.KeywordExecutor.executeKeywordForPlatform(KeywordExecutor.groovy:53)
	at com.kms.katalon.core.keyword.BuiltinKeywords.callTestCase(BuiltinKeywords.groovy:334)
	at sun.reflect.NativeMethodAccessorImpl.invoke0(Native Method)
	at sun.reflect.NativeMethodAccessorImpl.invoke(NativeMethodAccessorImpl.java:62)
	at sun.reflect.DelegatingMethodAccessorImpl.invoke(DelegatingMethodAccessorImpl.java:43)
	at java.lang.reflect.Method.invoke(Method.java:498)
	at org.codehaus.groovy.reflection.CachedMethod.invoke(CachedMethod.java:93)
	at groovy.lang.MetaMethod.doMethodInvoke(MetaMethod.java:325)
	at groovy.lang.MetaClassImpl.invokeStaticMethod(MetaClassImpl.java:1469)
	at org.codehaus.groovy.runtime.callsite.StaticMetaClassSite.call(StaticMetaClassSite.java:53)
	at org.codehaus.groovy.runtime.callsite.CallSiteArray.defaultCall(CallSiteArray.java:48)
	at org.codehaus.groovy.runtime.callsite.AbstractCallSite.call(AbstractCallSite.java:113)
	at org.codehaus.groovy.runtime.callsite.AbstractCallSite.call(AbstractCallSite.java:141)
	at Script1535947244917.run(Script1535947244917.groovy:131)
	at com.kms.katalon.core.main.ScriptEngine.run(ScriptEngine.java:183)
	at com.kms.katalon.core.main.ScriptEngine.runScriptAsRawText(ScriptEngine.java:108)
	at com.kms.katalon.core.main.TestCaseExecutor.runScript(TestCaseExecutor.java:294)
	at com.kms.katalon.core.main.TestCaseExecutor.doExecute(TestCaseExecutor.java:285)
	at com.kms.katalon.core.main.TestCaseExecutor.processExecutionPhase(TestCaseExecutor.java:264)
	at com.kms.katalon.core.main.TestCaseExecutor.accessMainPhase(TestCaseExecutor.java:256)
	at com.kms.katalon.core.main.TestCaseExecutor.execute(TestCaseExecutor.java:200)
	at com.kms.katalon.core.main.TestSuiteExecutor.accessTestCaseMainPhase(TestSuiteExecutor.java:129)
	at com.kms.katalon.core.main.TestSuiteExecutor.accessTestSuiteMainPhase(TestSuiteExecutor.java:112)
	at com.kms.katalon.core.main.TestSuiteExecutor.execute(TestSuiteExecutor.java:81)
	at com.kms.katalon.core.main.TestCaseMain.startTestSuite(TestCaseMain.java:142)
	at com.kms.katalon.core.main.TestCaseMain$startTestSuite$0.call(Unknown Source)
	at org.codehaus.groovy.runtime.callsite.CallSiteArray.defaultCall(CallSiteArray.java:48)
	at org.codehaus.groovy.runtime.callsite.AbstractCallSite.call(AbstractCallSite.java:113)
	at org.codehaus.groovy.runtime.callsite.AbstractCallSite.call(AbstractCallSite.java:141)
	at TempTestSuite1542874456666.run(TempTestSuite1542874456666.groovy:36)
	at groovy.lang.GroovyShell.runScriptOrMainOrTestOrRunnable(GroovyShell.java:263)
	at groovy.lang.GroovyShell.run(GroovyShell.java:518)
	at groovy.lang.GroovyShell.run(GroovyShell.java:507)
	at groovy.ui.GroovyMain.processOnce(GroovyMain.java:653)
	at groovy.ui.GroovyMain.run(GroovyMain.java:384)
	at groovy.ui.GroovyMain.process(GroovyMain.java:370)
	at groovy.ui.GroovyMain.processArgs(GroovyMain.java:129)
	at groovy.ui.GroovyMain.main(GroovyMain.java:109)
	at sun.reflect.NativeMethodAccessorImpl.invoke0(Native Method)
	at sun.reflect.NativeMethodAccessorImpl.invoke(NativeMethodAccessorImpl.java:62)
	at sun.reflect.DelegatingMethodAccessorImpl.invoke(DelegatingMethodAccessorImpl.java:43)
	at java.lang.reflect.Method.invoke(Method.java:498)
	at org.codehaus.groovy.tools.GroovyStarter.rootLoader(GroovyStarter.java:109)
	at org.codehaus.groovy.tools.GroovyStarter.main(GroovyStarter.java:131)
)]]></system-err>
   </testsuite>
</testsuites>
